[{"Plan": {"Node Type": "Aggregate", "Strategy": "Plain", "Partial Mode": "Finalize", "Parallel Aware": false, "Async Capable": false, "Startup Cost": 413396.41, "Total Cost": 413396.42, "Plan Rows": 1, "Plan Width": 8, "Actual Rows": 1, "Actual Loops": 1, "Plans": [{"Node Type": "Gather", "Parent Relationship": "Outer", "Parallel Aware": false, "Async Capable": false, "Startup Cost": 413395.79, "Total Cost": 413396.4, "Plan Rows": 6, "Plan Width": 8, "Actual Rows": 7, "Actual Loops": 1, "Workers Planned": 6, "Workers Launched": 6, "Single Copy": false, "Plans": [{"Node Type": "Aggregate", "Strategy": "Plain", "Partial Mode": "Partial", "Parent Relationship": "Outer", "Parallel Aware": false, "Async Capable": false, "Startup Cost": 412395.79, "Total Cost": 412395.8, "Plan Rows": 1, "Plan Width": 8, "Actual Rows": 1, "Actual Loops": 7, "Workers": [], "Plans": [{"Node Type": "Nested Loop", "Parent Relationship": "Outer", "Parallel Aware": false, "Async Capable": false, "Join Type": "Inner", "Startup Cost": 1965.8, "Total Cost": 412395.57, "Plan Rows": 86, "Plan Width": 0, "Actual Rows": 2813, "Actual Loops": 7, "Inner Unique": true, "Workers": [], "Plans": [{"Node Type": "Nested Loop", "Parent Relationship": "Outer", "Parallel Aware": false, "Async Capable": false, "Join Type": "Inner", "Startup Cost": 1965.51, "Total Cost": 412368.9, "Plan Rows": 86, "Plan Width": 4, "Actual Rows": 2813, "Actual Loops": 7, "Inner Unique": true, "Workers": [], "Plans": [{"Node Type": "Nested Loop", "Parent Relationship": "Outer", "Parallel Aware": false, "Async Capable": false, "Join Type": "Inner", "Startup Cost": 1965.08, "Total Cost": 412323.06, "Plan Rows": 86, "Plan Width": 8, "Actual Rows": 2874, "Actual Loops": 7, "Inner Unique": true, "Workers": [], "Plans": [{"Node Type": "Nested Loop", "Parent Relationship": "Outer", "Parallel Aware": false, "Async Capable": false, "Join Type": "Inner", "Startup Cost": 1964.66, "Total Cost": 412099.11, "Plan Rows": 408, "Plan Width": 12, "Actual Rows": 13812, "Actual Loops": 7, "Inner Unique": true, "Workers": [], "Plans": [{"Node Type": "Nested Loop", "Parent Relationship": "Outer", "Parallel Aware": false, "Async Capable": false, "Join Type": "Inner", "Startup Cost": 1964.24, "Total Cost": 411714.08, "Plan Rows": 852, "Plan Width": 8, "Actual Rows": 28961, "Actual Loops": 7, "Inner Unique": true, "Workers": [], "Plans": [{"Node Type": "Hash Join", "Parent Relationship": "Outer", "Parallel Aware": true, "Async Capable": false, "Join Type": "Inner", "Startup Cost": 1963.81, "Total Cost": 406226.88, "Plan Rows": 11993, "Plan Width": 12, "Actual Rows": 407290, "Actual Loops": 7, "Inner Unique": true, "Hash Cond": "(catalog_sales.cs_sold_date_sk = date_dim.d_date_sk)", "Workers": [], "Plans": [{"Node Type": "Seq Scan", "Parent Relationship": "Outer", "Parallel Aware": true, "Async Capable": false, "Relation Name": "catalog_sales", "Alias": "catalog_sales", "Startup Cost": 0.0, "Total Cost": 397962.14, "Plan Rows": 2400214, "Plan Width": 16, "Actual Rows": 2057323, "Actual Loops": 7, "Workers": []}, {"Node Type": "Hash", "Parent Relationship": "Inner", "Parallel Aware": true, "Async Capable": false, "Startup Cost": 1961.12, "Total Cost": 1961.12, "Plan Rows": 215, "Plan Width": 4, "Actual Rows": 52, "Actual Loops": 7, "Hash Buckets": 1024, "Original Hash Buckets": 1024, "Hash Batches": 1, "Original Hash Batches": 1, "Peak Memory Usage": 40, "Workers": [], "Plans": [{"Node Type": "Seq Scan", "Parent Relationship": "Outer", "Parallel Aware": true, "Async Capable": false, "Relation Name": "date_dim", "Alias": "date_dim", "Startup Cost": 0.0, "Total Cost": 1961.12, "Plan Rows": 215, "Plan Width": 4, "Actual Rows": 52, "Actual Loops": 7, "Filter": "(d_year = 1999)", "Rows Removed by Filter": 10383, "Workers": []}]}]}, {"Node Type": "Index Scan", "Parent Relationship": "Inner", "Parallel Aware": false, "Async Capable": false, "Scan Direction": "Forward", "Index Name": "customer_demographics_pkey", "Relation Name": "customer_demographics", "Alias": "cd1", "Startup Cost": 0.43, "Total Cost": 0.46, "Plan Rows": 1, "Plan Width": 4, "Actual Rows": 0, "Actual Loops": 2851027, "Index Cond": "(cd_demo_sk = catalog_sales.cs_bill_cdemo_sk)", "Rows Removed by Index Recheck": 0, "Filter": "((cd_gender = 'M'::bpchar) AND (cd_education_status = 'Secondary'::bpchar))", "Rows Removed by Filter": 1, "Workers": []}]}, {"Node Type": "Index Scan", "Parent Relationship": "Inner", "Parallel Aware": false, "Async Capable": false, "Scan Direction": "Forward", "Index Name": "customer_pkey", "Relation Name": "customer", "Alias": "customer", "Startup Cost": 0.42, "Total Cost": 0.45, "Plan Rows": 1, "Plan Width": 12, "Actual Rows": 0, "Actual Loops": 202724, "Index Cond": "(c_customer_sk = catalog_sales.cs_bill_customer_sk)", "Rows Removed by Index Recheck": 0, "Filter": "(c_birth_month = ANY ('{5,7,9,11,10,2}'::integer[]))", "Rows Removed by Filter": 1, "Workers": []}]}, {"Node Type": "Index Scan", "Parent Relationship": "Inner", "Parallel Aware": false, "Async Capable": false, "Scan Direction": "Forward", "Index Name": "customer_address_pkey", "Relation Name": "customer_address", "Alias": "customer_address", "Startup Cost": 0.42, "Total Cost": 0.55, "Plan Rows": 1, "Plan Width": 4, "Actual Rows": 0, "Actual Loops": 96682, "Index Cond": "(ca_address_sk = customer.c_current_addr_sk)", "Rows Removed by Index Recheck": 0, "Filter": "(ca_state = ANY ('{AL,TN,OR,TX,OH,OK,CA}'::bpchar[]))", "Rows Removed by Filter": 1, "Workers": []}]}, {"Node Type": "Index Only Scan", "Parent Relationship": "Inner", "Parallel Aware": false, "Async Capable": false, "Scan Direction": "Forward", "Index Name": "customer_demographics_pkey", "Relation Name": "customer_demographics", "Alias": "cd2", "Startup Cost": 0.43, "Total Cost": 0.53, "Plan Rows": 1, "Plan Width": 4, "Actual Rows": 1, "Actual Loops": 20115, "Index Cond": "(cd_demo_sk = customer.c_current_cdemo_sk)", "Rows Removed by Index Recheck": 0, "Heap Fetches": 0, "Workers": []}]}, {"Node Type": "Index Only Scan", "Parent Relationship": "Inner", "Parallel Aware": false, "Async Capable": false, "Scan Direction": "Forward", "Index Name": "item_pkey", "Relation Name": "item", "Alias": "item", "Startup Cost": 0.29, "Total Cost": 0.31, "Plan Rows": 1, "Plan Width": 4, "Actual Rows": 1, "Actual Loops": 19694, "Index Cond": "(i_item_sk = catalog_sales.cs_item_sk)", "Rows Removed by Index Recheck": 0, "Heap Fetches": 0, "Workers": []}]}]}]}]}, "Planning Time": 4.656, "Triggers": [], "Execution Time": 2303.355}, {"Plan": {"Node Type": "Aggregate", "Strategy": "Plain", "Partial Mode": "Finalize", "Parallel Aware": false, "Async Capable": false, "Startup Cost": 415629.87, "Total Cost": 415629.88, "Plan Rows": 1, "Plan Width": 8, "Actual Rows": 1, "Actual Loops": 1, "Plans": [{"Node Type": "Gather", "Parent Relationship": "Outer", "Parallel Aware": false, "Async Capable": false, "Startup Cost": 415629.66, "Total Cost": 415629.87, "Plan Rows": 2, "Plan Width": 8, "Actual Rows": 3, "Actual Loops": 1, "Workers Planned": 2, "Workers Launched": 2, "Single Copy": false, "Plans": [{"Node Type": "Aggregate", "Strategy": "Plain", "Partial Mode": "Partial", "Parent Relationship": "Outer", "Parallel Aware": false, "Async Capable": false, "Startup Cost": 414629.66, "Total Cost": 414629.67, "Plan Rows": 1, "Plan Width": 8, "Actual Rows": 1, "Actual Loops": 3, "Workers": [], "Plans": [{"Node Type": "Hash Join", "Parent Relationship": "Outer", "Parallel Aware": true, "Async Capable": false, "Join Type": "Inner", "Startup Cost": 412370.27, "Total Cost": 414629.12, "Plan Rows": 216, "Plan Width": 0, "Actual Rows": 6565, "Actual Loops": 3, "Inner Unique": false, "Hash Cond": "(item.i_item_sk = catalog_sales.cs_item_sk)", "Workers": [], "Plans": [{"Node Type": "Index Only Scan", "Parent Relationship": "Outer", "Parallel Aware": true, "Async Capable": false, "Scan Direction": "Forward", "Index Name": "item_pkey", "Relation Name": "item", "Alias": "item", "Startup Cost": 0.29, "Total Cost": 2099.4, "Plan Rows": 42500, "Plan Width": 4, "Actual Rows": 34000, "Actual Loops": 3, "Heap Fetches": 0, "Workers": []}, {"Node Type": "Hash", "Parent Relationship": "Inner", "Parallel Aware": true, "Async Capable": false, "Startup Cost": 412368.9, "Total Cost": 412368.9, "Plan Rows": 86, "Plan Width": 4, "Actual Rows": 6565, "Actual Loops": 3, "Hash Buckets": 32768, "Original Hash Buckets": 1024, "Hash Batches": 1, "Original Hash Batches": 1, "Peak Memory Usage": 1336, "Workers": [], "Plans": [{"Node Type": "Nested Loop", "Parent Relationship": "Outer", "Parallel Aware": false, "Async Capable": false, "Join Type": "Inner", "Startup Cost": 1965.51, "Total Cost": 412368.9, "Plan Rows": 86, "Plan Width": 4, "Actual Rows": 6565, "Actual Loops": 3, "Inner Unique": true, "Workers": [], "Plans": [{"Node Type": "Nested Loop", "Parent Relationship": "Outer", "Parallel Aware": false, "Async Capable": false, "Join Type": "Inner", "Startup Cost": 1965.08, "Total Cost": 412323.06, "Plan Rows": 86, "Plan Width": 8, "Actual Rows": 6705, "Actual Loops": 3, "Inner Unique": true, "Workers": [], "Plans": [{"Node Type": "Nested Loop", "Parent Relationship": "Outer", "Parallel Aware": false, "Async Capable": false, "Join Type": "Inner", "Startup Cost": 1964.66, "Total Cost": 412099.11, "Plan Rows": 408, "Plan Width": 12, "Actual Rows": 32227, "Actual Loops": 3, "Inner Unique": true, "Workers": [], "Plans": [{"Node Type": "Nested Loop", "Parent Relationship": "Outer", "Parallel Aware": false, "Async Capable": false, "Join Type": "Inner", "Startup Cost": 1964.24, "Total Cost": 411714.08, "Plan Rows": 852, "Plan Width": 8, "Actual Rows": 67575, "Actual Loops": 3, "Inner Unique": true, "Workers": [], "Plans": [{"Node Type": "Hash Join", "Parent Relationship": "Outer", "Parallel Aware": true, "Async Capable": false, "Join Type": "Inner", "Startup Cost": 1963.81, "Total Cost": 406226.88, "Plan Rows": 11993, "Plan Width": 12, "Actual Rows": 950342, "Actual Loops": 3, "Inner Unique": true, "Hash Cond": "(catalog_sales.cs_sold_date_sk = date_dim.d_date_sk)", "Workers": [], "Plans": [{"Node Type": "Seq Scan", "Parent Relationship": "Outer", "Parallel Aware": true, "Async Capable": false, "Relation Name": "catalog_sales", "Alias": "catalog_sales", "Startup Cost": 0.0, "Total Cost": 397962.14, "Plan Rows": 2400214, "Plan Width": 16, "Actual Rows": 4800420, "Actual Loops": 3, "Workers": []}, {"Node Type": "Hash", "Parent Relationship": "Inner", "Parallel Aware": true, "Async Capable": false, "Startup Cost": 1961.12, "Total Cost": 1961.12, "Plan Rows": 215, "Plan Width": 4, "Actual Rows": 122, "Actual Loops": 3, "Hash Buckets": 1024, "Original Hash Buckets": 1024, "Hash Batches": 1, "Original Hash Batches": 1, "Peak Memory Usage": 72, "Workers": [], "Plans": [{"Node Type": "Seq Scan", "Parent Relationship": "Outer", "Parallel Aware": true, "Async Capable": false, "Relation Name": "date_dim", "Alias": "date_dim", "Startup Cost": 0.0, "Total Cost": 1961.12, "Plan Rows": 215, "Plan Width": 4, "Actual Rows": 122, "Actual Loops": 3, "Filter": "(d_year = 1999)", "Rows Removed by Filter": 24228, "Workers": []}]}]}, {"Node Type": "Index Scan", "Parent Relationship": "Inner", "Parallel Aware": false, "Async Capable": false, "Scan Direction": "Forward", "Index Name": "customer_demographics_pkey", "Relation Name": "customer_demographics", "Alias": "cd1", "Startup Cost": 0.43, "Total Cost": 0.46, "Plan Rows": 1, "Plan Width": 4, "Actual Rows": 0, "Actual Loops": 2851027, "Index Cond": "(cd_demo_sk = catalog_sales.cs_bill_cdemo_sk)", "Rows Removed by Index Recheck": 0, "Filter": "((cd_gender = 'M'::bpchar) AND (cd_education_status = 'Secondary'::bpchar))", "Rows Removed by Filter": 1, "Workers": []}]}, {"Node Type": "Index Scan", "Parent Relationship": "Inner", "Parallel Aware": false, "Async Capable": false, "Scan Direction": "Forward", "Index Name": "customer_pkey", "Relation Name": "customer", "Alias": "customer", "Startup Cost": 0.42, "Total Cost": 0.45, "Plan Rows": 1, "Plan Width": 12, "Actual Rows": 0, "Actual Loops": 202724, "Index Cond": "(c_customer_sk = catalog_sales.cs_bill_customer_sk)", "Rows Removed by Index Recheck": 0, "Filter": "(c_birth_month = ANY ('{5,7,9,11,10,2}'::integer[]))", "Rows Removed by Filter": 1, "Workers": []}]}, {"Node Type": "Index Scan", "Parent Relationship": "Inner", "Parallel Aware": false, "Async Capable": false, "Scan Direction": "Forward", "Index Name": "customer_address_pkey", "Relation Name": "customer_address", "Alias": "customer_address", "Startup Cost": 0.42, "Total Cost": 0.55, "Plan Rows": 1, "Plan Width": 4, "Actual Rows": 0, "Actual Loops": 96682, "Index Cond": "(ca_address_sk = customer.c_current_addr_sk)", "Rows Removed by Index Recheck": 0, "Filter": "(ca_state = ANY ('{AL,TN,OR,TX,OH,OK,CA}'::bpchar[]))", "Rows Removed by Filter": 1, "Workers": []}]}, {"Node Type": "Index Only Scan", "Parent Relationship": "Inner", "Parallel Aware": false, "Async Capable": false, "Scan Direction": "Forward", "Index Name": "customer_demographics_pkey", "Relation Name": "customer_demographics", "Alias": "cd2", "Startup Cost": 0.43, "Total Cost": 0.53, "Plan Rows": 1, "Plan Width": 4, "Actual Rows": 1, "Actual Loops": 20115, "Index Cond": "(cd_demo_sk = customer.c_current_cdemo_sk)", "Rows Removed by Index Recheck": 0, "Heap Fetches": 0, "Workers": []}]}]}]}]}]}]}, "Planning Time": 4.463, "Triggers": [], "Execution Time": 7212.792}, {"Plan": {"Node Type": "Aggregate", "Strategy": "Plain", "Partial Mode": "Finalize", "Parallel Aware": false, "Async Capable": false, "Startup Cost": 413396.41, "Total Cost": 413396.42, "Plan Rows": 1, "Plan Width": 8, "Actual Rows": 1, "Actual Loops": 1, "Plans": [{"Node Type": "Gather", "Parent Relationship": "Outer", "Parallel Aware": false, "Async Capable": false, "Startup Cost": 413395.79, "Total Cost": 413396.4, "Plan Rows": 6, "Plan Width": 8, "Actual Rows": 7, "Actual Loops": 1, "Workers Planned": 6, "Workers Launched": 6, "Single Copy": false, "Plans": [{"Node Type": "Aggregate", "Strategy": "Plain", "Partial Mode": "Partial", "Parent Relationship": "Outer", "Parallel Aware": false, "Async Capable": false, "Startup Cost": 412395.79, "Total Cost": 412395.8, "Plan Rows": 1, "Plan Width": 8, "Actual Rows": 1, "Actual Loops": 7, "Workers": [], "Plans": [{"Node Type": "Nested Loop", "Parent Relationship": "Outer", "Parallel Aware": false, "Async Capable": false, "Join Type": "Inner", "Startup Cost": 1965.8, "Total Cost": 412395.57, "Plan Rows": 86, "Plan Width": 0, "Actual Rows": 2813, "Actual Loops": 7, "Inner Unique": true, "Workers": [], "Plans": [{"Node Type": "Nested Loop", "Parent Relationship": "Outer", "Parallel Aware": false, "Async Capable": false, "Join Type": "Inner", "Startup Cost": 1965.38, "Total Cost": 412349.73, "Plan Rows": 86, "Plan Width": 4, "Actual Rows": 2874, "Actual Loops": 7, "Inner Unique": true, "Workers": [], "Plans": [{"Node Type": "Nested Loop", "Parent Relationship": "Outer", "Parallel Aware": false, "Async Capable": false, "Join Type": "Inner", "Startup Cost": 1965.08, "Total Cost": 412323.06, "Plan Rows": 86, "Plan Width": 8, "Actual Rows": 2874, "Actual Loops": 7, "Inner Unique": true, "Workers": [], "Plans": [{"Node Type": "Nested Loop", "Parent Relationship": "Outer", "Parallel Aware": false, "Async Capable": false, "Join Type": "Inner", "Startup Cost": 1964.66, "Total Cost": 412099.11, "Plan Rows": 408, "Plan Width": 12, "Actual Rows": 13812, "Actual Loops": 7, "Inner Unique": true, "Workers": [], "Plans": [{"Node Type": "Nested Loop", "Parent Relationship": "Outer", "Parallel Aware": false, "Async Capable": false, "Join Type": "Inner", "Startup Cost": 1964.24, "Total Cost": 411714.08, "Plan Rows": 852, "Plan Width": 8, "Actual Rows": 28961, "Actual Loops": 7, "Inner Unique": true, "Workers": [], "Plans": [{"Node Type": "Hash Join", "Parent Relationship": "Outer", "Parallel Aware": true, "Async Capable": false, "Join Type": "Inner", "Startup Cost": 1963.81, "Total Cost": 406226.88, "Plan Rows": 11993, "Plan Width": 12, "Actual Rows": 407290, "Actual Loops": 7, "Inner Unique": true, "Hash Cond": "(catalog_sales.cs_sold_date_sk = date_dim.d_date_sk)", "Workers": [], "Plans": [{"Node Type": "Seq Scan", "Parent Relationship": "Outer", "Parallel Aware": true, "Async Capable": false, "Relation Name": "catalog_sales", "Alias": "catalog_sales", "Startup Cost": 0.0, "Total Cost": 397962.14, "Plan Rows": 2400214, "Plan Width": 16, "Actual Rows": 2057323, "Actual Loops": 7, "Workers": []}, {"Node Type": "Hash", "Parent Relationship": "Inner", "Parallel Aware": true, "Async Capable": false, "Startup Cost": 1961.12, "Total Cost": 1961.12, "Plan Rows": 215, "Plan Width": 4, "Actual Rows": 52, "Actual Loops": 7, "Hash Buckets": 1024, "Original Hash Buckets": 1024, "Hash Batches": 1, "Original Hash Batches": 1, "Peak Memory Usage": 200, "Workers": [], "Plans": [{"Node Type": "Seq Scan", "Parent Relationship": "Outer", "Parallel Aware": true, "Async Capable": false, "Relation Name": "date_dim", "Alias": "date_dim", "Startup Cost": 0.0, "Total Cost": 1961.12, "Plan Rows": 215, "Plan Width": 4, "Actual Rows": 52, "Actual Loops": 7, "Filter": "(d_year = 1999)", "Rows Removed by Filter": 10383, "Workers": []}]}]}, {"Node Type": "Index Scan", "Parent Relationship": "Inner", "Parallel Aware": false, "Async Capable": false, "Scan Direction": "Forward", "Index Name": "customer_demographics_pkey", "Relation Name": "customer_demographics", "Alias": "cd1", "Startup Cost": 0.43, "Total Cost": 0.46, "Plan Rows": 1, "Plan Width": 4, "Actual Rows": 0, "Actual Loops": 2851027, "Index Cond": "(cd_demo_sk = catalog_sales.cs_bill_cdemo_sk)", "Rows Removed by Index Recheck": 0, "Filter": "((cd_gender = 'M'::bpchar) AND (cd_education_status = 'Secondary'::bpchar))", "Rows Removed by Filter": 1, "Workers": []}]}, {"Node Type": "Index Scan", "Parent Relationship": "Inner", "Parallel Aware": false, "Async Capable": false, "Scan Direction": "Forward", "Index Name": "customer_pkey", "Relation Name": "customer", "Alias": "customer", "Startup Cost": 0.42, "Total Cost": 0.45, "Plan Rows": 1, "Plan Width": 12, "Actual Rows": 0, "Actual Loops": 202724, "Index Cond": "(c_customer_sk = catalog_sales.cs_bill_customer_sk)", "Rows Removed by Index Recheck": 0, "Filter": "(c_birth_month = ANY ('{5,7,9,11,10,2}'::integer[]))", "Rows Removed by Filter": 1, "Workers": []}]}, {"Node Type": "Index Scan", "Parent Relationship": "Inner", "Parallel Aware": false, "Async Capable": false, "Scan Direction": "Forward", "Index Name": "customer_address_pkey", "Relation Name": "customer_address", "Alias": "customer_address", "Startup Cost": 0.42, "Total Cost": 0.55, "Plan Rows": 1, "Plan Width": 4, "Actual Rows": 0, "Actual Loops": 96682, "Index Cond": "(ca_address_sk = customer.c_current_addr_sk)", "Rows Removed by Index Recheck": 0, "Filter": "(ca_state = ANY ('{AL,TN,OR,TX,OH,OK,CA}'::bpchar[]))", "Rows Removed by Filter": 1, "Workers": []}]}, {"Node Type": "Index Only Scan", "Parent Relationship": "Inner", "Parallel Aware": false, "Async Capable": false, "Scan Direction": "Forward", "Index Name": "item_pkey", "Relation Name": "item", "Alias": "item", "Startup Cost": 0.29, "Total Cost": 0.31, "Plan Rows": 1, "Plan Width": 4, "Actual Rows": 1, "Actual Loops": 20115, "Index Cond": "(i_item_sk = catalog_sales.cs_item_sk)", "Rows Removed by Index Recheck": 0, "Heap Fetches": 0, "Workers": []}]}, {"Node Type": "Index Only Scan", "Parent Relationship": "Inner", "Parallel Aware": false, "Async Capable": false, "Scan Direction": "Forward", "Index Name": "customer_demographics_pkey", "Relation Name": "customer_demographics", "Alias": "cd2", "Startup Cost": 0.43, "Total Cost": 0.53, "Plan Rows": 1, "Plan Width": 4, "Actual Rows": 1, "Actual Loops": 20115, "Index Cond": "(cd_demo_sk = customer.c_current_cdemo_sk)", "Rows Removed by Index Recheck": 0, "Heap Fetches": 0, "Workers": []}]}]}]}]}, "Planning Time": 4.363, "Triggers": [], "Execution Time": 2235.743}, {"Plan": {"Node Type": "Aggregate", "Strategy": "Plain", "Partial Mode": "Finalize", "Parallel Aware": false, "Async Capable": false, "Startup Cost": 446945.84, "Total Cost": 446945.85, "Plan Rows": 1, "Plan Width": 8, "Actual Rows": 1, "Actual Loops": 1, "Plans": [{"Node Type": "Gather", "Parent Relationship": "Outer", "Parallel Aware": false, "Async Capable": false, "Startup Cost": 446945.21, "Total Cost": 446945.82, "Plan Rows": 6, "Plan Width": 8, "Actual Rows": 7, "Actual Loops": 1, "Workers Planned": 6, "Workers Launched": 6, "Single Copy": false, "Plans": [{"Node Type": "Aggregate", "Strategy": "Plain", "Partial Mode": "Partial", "Parent Relationship": "Outer", "Parallel Aware": false, "Async Capable": false, "Startup Cost": 445945.21, "Total Cost": 445945.22, "Plan Rows": 1, "Plan Width": 8, "Actual Rows": 1, "Actual Loops": 7, "Workers": [], "Plans": [{"Node Type": "Hash Join", "Parent Relationship": "Outer", "Parallel Aware": true, "Async Capable": false, "Join Type": "Inner", "Startup Cost": 35927.78, "Total Cost": 445945.0, "Plan Rows": 86, "Plan Width": 0, "Actual Rows": 2813, "Actual Loops": 7, "Inner Unique": false, "Hash Cond": "(catalog_sales.cs_bill_customer_sk = customer.c_customer_sk)", "Workers": [], "Plans": [{"Node Type": "Nested Loop", "Parent Relationship": "Outer", "Parallel Aware": false, "Async Capable": false, "Join Type": "Inner", "Startup Cost": 1964.53, "Total Cost": 411978.28, "Plan Rows": 852, "Plan Width": 4, "Actual Rows": 28961, "Actual Loops": 7, "Inner Unique": true, "Workers": [], "Plans": [{"Node Type": "Nested Loop", "Parent Relationship": "Outer", "Parallel Aware": false, "Async Capable": false, "Join Type": "Inner", "Startup Cost": 1964.24, "Total Cost": 411714.08, "Plan Rows": 852, "Plan Width": 8, "Actual Rows": 28961, "Actual Loops": 7, "Inner Unique": true, "Workers": [], "Plans": [{"Node Type": "Hash Join", "Parent Relationship": "Outer", "Parallel Aware": true, "Async Capable": false, "Join Type": "Inner", "Startup Cost": 1963.81, "Total Cost": 406226.88, "Plan Rows": 11993, "Plan Width": 12, "Actual Rows": 407290, "Actual Loops": 7, "Inner Unique": true, "Hash Cond": "(catalog_sales.cs_sold_date_sk = date_dim.d_date_sk)", "Workers": [], "Plans": [{"Node Type": "Seq Scan", "Parent Relationship": "Outer", "Parallel Aware": true, "Async Capable": false, "Relation Name": "catalog_sales", "Alias": "catalog_sales", "Startup Cost": 0.0, "Total Cost": 397962.14, "Plan Rows": 2400214, "Plan Width": 16, "Actual Rows": 2057323, "Actual Loops": 7, "Workers": []}, {"Node Type": "Hash", "Parent Relationship": "Inner", "Parallel Aware": true, "Async Capable": false, "Startup Cost": 1961.12, "Total Cost": 1961.12, "Plan Rows": 215, "Plan Width": 4, "Actual Rows": 52, "Actual Loops": 7, "Hash Buckets": 1024, "Original Hash Buckets": 1024, "Hash Batches": 1, "Original Hash Batches": 1, "Peak Memory Usage": 232, "Workers": [], "Plans": [{"Node Type": "Seq Scan", "Parent Relationship": "Outer", "Parallel Aware": true, "Async Capable": false, "Relation Name": "date_dim", "Alias": "date_dim", "Startup Cost": 0.0, "Total Cost": 1961.12, "Plan Rows": 215, "Plan Width": 4, "Actual Rows": 52, "Actual Loops": 7, "Filter": "(d_year = 1999)", "Rows Removed by Filter": 10383, "Workers": []}]}]}, {"Node Type": "Index Scan", "Parent Relationship": "Inner", "Parallel Aware": false, "Async Capable": false, "Scan Direction": "Forward", "Index Name": "customer_demographics_pkey", "Relation Name": "customer_demographics", "Alias": "cd1", "Startup Cost": 0.43, "Total Cost": 0.46, "Plan Rows": 1, "Plan Width": 4, "Actual Rows": 0, "Actual Loops": 2851027, "Index Cond": "(cd_demo_sk = catalog_sales.cs_bill_cdemo_sk)", "Rows Removed by Index Recheck": 0, "Filter": "((cd_gender = 'M'::bpchar) AND (cd_education_status = 'Secondary'::bpchar))", "Rows Removed by Filter": 1, "Workers": []}]}, {"Node Type": "Index Only Scan", "Parent Relationship": "Inner", "Parallel Aware": false, "Async Capable": false, "Scan Direction": "Forward", "Index Name": "item_pkey", "Relation Name": "item", "Alias": "item", "Startup Cost": 0.29, "Total Cost": 0.31, "Plan Rows": 1, "Plan Width": 4, "Actual Rows": 1, "Actual Loops": 202724, "Index Cond": "(i_item_sk = catalog_sales.cs_item_sk)", "Rows Removed by Index Recheck": 0, "Heap Fetches": 0, "Workers": []}]}, {"Node Type": "Hash", "Parent Relationship": "Inner", "Parallel Aware": true, "Async Capable": false, "Startup Cost": 33758.03, "Total Cost": 33758.03, "Plan Rows": 16417, "Plan Width": 4, "Actual Rows": 7082, "Actual Loops": 7, "Hash Buckets": 65536, "Original Hash Buckets": 65536, "Hash Batches": 1, "Original Hash Batches": 1, "Peak Memory Usage": 2560, "Workers": [], "Plans": [{"Node Type": "Nested Loop", "Parent Relationship": "Outer", "Parallel Aware": false, "Async Capable": false, "Join Type": "Inner", "Startup Cost": 7716.95, "Total Cost": 33758.03, "Plan Rows": 16417, "Plan Width": 4, "Actual Rows": 7082, "Actual Loops": 7, "Inner Unique": true, "Workers": [], "Plans": [{"Node Type": "Hash Join", "Parent Relationship": "Outer", "Parallel Aware": true, "Async Capable": false, "Join Type": "Inner", "Startup Cost": 7716.52, "Total Cost": 25006.86, "Plan Rows": 16417, "Plan Width": 8, "Actual Rows": 7215, "Actual Loops": 7, "Inner Unique": true, "Hash Cond": "(customer.c_current_addr_sk = customer_address.ca_address_sk)", "Workers": [], "Plans": [{"Node Type": "Seq Scan", "Parent Relationship": "Outer", "Parallel Aware": true, "Async Capable": false, "Relation Name": "customer", "Alias": "customer", "Startup Cost": 0.0, "Total Cost": 17086.58, "Plan Rows": 77619, "Plan Width": 12, "Actual Rows": 34224, "Actual Loops": 7, "Filter": "(c_birth_month = ANY ('{5,7,9,11,10,2}'::integer[]))", "Rows Removed by Filter": 37204, "Workers": []}, {"Node Type": "Hash", "Parent Relationship": "Inner", "Parallel Aware": true, "Async Capable": false, "Startup Cost": 7441.12, "Total Cost": 7441.12, "Plan Rows": 22032, "Plan Width": 4, "Actual Rows": 7561, "Actual Loops": 7, "Hash Buckets": 65536, "Original Hash Buckets": 65536, "Hash Batches": 1, "Original Hash Batches": 1, "Peak Memory Usage": 2720, "Workers": [], "Plans": [{"Node Type": "Seq Scan", "Parent Relationship": "Outer", "Parallel Aware": true, "Async Capable": false, "Relation Name": "customer_address", "Alias": "customer_address", "Startup Cost": 0.0, "Total Cost": 7441.12, "Plan Rows": 22032, "Plan Width": 4, "Actual Rows": 7561, "Actual Loops": 7, "Filter": "(ca_state = ANY ('{AL,TN,OR,TX,OH,OK,CA}'::bpchar[]))", "Rows Removed by Filter": 28153, "Workers": []}]}]}, {"Node Type": "Index Only Scan", "Parent Relationship": "Inner", "Parallel Aware": false, "Async Capable": false, "Scan Direction": "Forward", "Index Name": "customer_demographics_pkey", "Relation Name": "customer_demographics", "Alias": "cd2", "Startup Cost": 0.43, "Total Cost": 0.53, "Plan Rows": 1, "Plan Width": 4, "Actual Rows": 1, "Actual Loops": 50507, "Index Cond": "(cd_demo_sk = customer.c_current_cdemo_sk)", "Rows Removed by Index Recheck": 0, "Heap Fetches": 0, "Workers": []}]}]}]}]}]}]}, "Planning Time": 4.361, "Triggers": [], "Execution Time": 2322.632}, {"Plan": {"Node Type": "Aggregate", "Strategy": "Plain", "Partial Mode": "Finalize", "Parallel Aware": false, "Async Capable": false, "Startup Cost": 420973.07, "Total Cost": 420973.08, "Plan Rows": 1, "Plan Width": 8, "Actual Rows": 1, "Actual Loops": 1, "Plans": [{"Node Type": "Gather", "Parent Relationship": "Outer", "Parallel Aware": false, "Async Capable": false, "Startup Cost": 420972.86, "Total Cost": 420973.07, "Plan Rows": 2, "Plan Width": 8, "Actual Rows": 3, "Actual Loops": 1, "Workers Planned": 2, "Workers Launched": 2, "Single Copy": false, "Plans": [{"Node Type": "Aggregate", "Strategy": "Plain", "Partial Mode": "Partial", "Parent Relationship": "Outer", "Parallel Aware": false, "Async Capable": false, "Startup Cost": 419972.86, "Total Cost": 419972.87, "Plan Rows": 1, "Plan Width": 8, "Actual Rows": 1, "Actual Loops": 3, "Workers": [], "Plans": [{"Node Type": "Hash Join", "Parent Relationship": "Outer", "Parallel Aware": true, "Async Capable": false, "Join Type": "Inner", "Startup Cost": 412448.21, "Total Cost": 419972.32, "Plan Rows": 216, "Plan Width": 0, "Actual Rows": 6565, "Actual Loops": 3, "Inner Unique": false, "Hash Cond": "(customer_address.ca_address_sk = customer.c_current_addr_sk)", "Workers": [], "Plans": [{"Node Type": "Seq Scan", "Parent Relationship": "Outer", "Parallel Aware": true, "Async Capable": false, "Relation Name": "customer_address", "Alias": "customer_address", "Startup Cost": 0.0, "Total Cost": 7441.12, "Plan Rows": 22032, "Plan Width": 4, "Actual Rows": 17643, "Actual Loops": 3, "Filter": "(ca_state = ANY ('{AL,TN,OR,TX,OH,OK,CA}'::bpchar[]))", "Rows Removed by Filter": 65690, "Workers": []}, {"Node Type": "Hash", "Parent Relationship": "Inner", "Parallel Aware": true, "Async Capable": false, "Startup Cost": 412443.11, "Total Cost": 412443.11, "Plan Rows": 408, "Plan Width": 4, "Actual Rows": 31628, "Actual Loops": 3, "Hash Buckets": 131072, "Original Hash Buckets": 4096, "Hash Batches": 1, "Original Hash Batches": 1, "Peak Memory Usage": 5792, "Workers": [], "Plans": [{"Node Type": "Nested Loop", "Parent Relationship": "Outer", "Parallel Aware": false, "Async Capable": false, "Join Type": "Inner", "Startup Cost": 1965.38, "Total Cost": 412443.11, "Plan Rows": 408, "Plan Width": 4, "Actual Rows": 31628, "Actual Loops": 3, "Inner Unique": true, "Workers": [], "Plans": [{"Node Type": "Nested Loop", "Parent Relationship": "Outer", "Parallel Aware": false, "Async Capable": false, "Join Type": "Inner", "Startup Cost": 1965.09, "Total Cost": 412316.6, "Plan Rows": 408, "Plan Width": 8, "Actual Rows": 31628, "Actual Loops": 3, "Inner Unique": true, "Workers": [], "Plans": [{"Node Type": "Nested Loop", "Parent Relationship": "Outer", "Parallel Aware": false, "Async Capable": false, "Join Type": "Inner", "Startup Cost": 1964.66, "Total Cost": 412099.11, "Plan Rows": 408, "Plan Width": 12, "Actual Rows": 32227, "Actual Loops": 3, "Inner Unique": true, "Workers": [], "Plans": [{"Node Type": "Nested Loop", "Parent Relationship": "Outer", "Parallel Aware": false, "Async Capable": false, "Join Type": "Inner", "Startup Cost": 1964.24, "Total Cost": 411714.08, "Plan Rows": 852, "Plan Width": 8, "Actual Rows": 67575, "Actual Loops": 3, "Inner Unique": true, "Workers": [], "Plans": [{"Node Type": "Hash Join", "Parent Relationship": "Outer", "Parallel Aware": true, "Async Capable": false, "Join Type": "Inner", "Startup Cost": 1963.81, "Total Cost": 406226.88, "Plan Rows": 11993, "Plan Width": 12, "Actual Rows": 950342, "Actual Loops": 3, "Inner Unique": true, "Hash Cond": "(catalog_sales.cs_sold_date_sk = date_dim.d_date_sk)", "Workers": [], "Plans": [{"Node Type": "Seq Scan", "Parent Relationship": "Outer", "Parallel Aware": true, "Async Capable": false, "Relation Name": "catalog_sales", "Alias": "catalog_sales", "Startup Cost": 0.0, "Total Cost": 397962.14, "Plan Rows": 2400214, "Plan Width": 16, "Actual Rows": 4800420, "Actual Loops": 3, "Workers": []}, {"Node Type": "Hash", "Parent Relationship": "Inner", "Parallel Aware": true, "Async Capable": false, "Startup Cost": 1961.12, "Total Cost": 1961.12, "Plan Rows": 215, "Plan Width": 4, "Actual Rows": 122, "Actual Loops": 3, "Hash Buckets": 1024, "Original Hash Buckets": 1024, "Hash Batches": 1, "Original Hash Batches": 1, "Peak Memory Usage": 40, "Workers": [], "Plans": [{"Node Type": "Seq Scan", "Parent Relationship": "Outer", "Parallel Aware": true, "Async Capable": false, "Relation Name": "date_dim", "Alias": "date_dim", "Startup Cost": 0.0, "Total Cost": 1961.12, "Plan Rows": 215, "Plan Width": 4, "Actual Rows": 122, "Actual Loops": 3, "Filter": "(d_year = 1999)", "Rows Removed by Filter": 24228, "Workers": []}]}]}, {"Node Type": "Index Scan", "Parent Relationship": "Inner", "Parallel Aware": false, "Async Capable": false, "Scan Direction": "Forward", "Index Name": "customer_demographics_pkey", "Relation Name": "customer_demographics", "Alias": "cd1", "Startup Cost": 0.43, "Total Cost": 0.46, "Plan Rows": 1, "Plan Width": 4, "Actual Rows": 0, "Actual Loops": 2851027, "Index Cond": "(cd_demo_sk = catalog_sales.cs_bill_cdemo_sk)", "Rows Removed by Index Recheck": 0, "Filter": "((cd_gender = 'M'::bpchar) AND (cd_education_status = 'Secondary'::bpchar))", "Rows Removed by Filter": 1, "Workers": []}]}, {"Node Type": "Index Scan", "Parent Relationship": "Inner", "Parallel Aware": false, "Async Capable": false, "Scan Direction": "Forward", "Index Name": "customer_pkey", "Relation Name": "customer", "Alias": "customer", "Startup Cost": 0.42, "Total Cost": 0.45, "Plan Rows": 1, "Plan Width": 12, "Actual Rows": 0, "Actual Loops": 202724, "Index Cond": "(c_customer_sk = catalog_sales.cs_bill_customer_sk)", "Rows Removed by Index Recheck": 0, "Filter": "(c_birth_month = ANY ('{5,7,9,11,10,2}'::integer[]))", "Rows Removed by Filter": 1, "Workers": []}]}, {"Node Type": "Index Only Scan", "Parent Relationship": "Inner", "Parallel Aware": false, "Async Capable": false, "Scan Direction": "Forward", "Index Name": "customer_demographics_pkey", "Relation Name": "customer_demographics", "Alias": "cd2", "Startup Cost": 0.43, "Total Cost": 0.53, "Plan Rows": 1, "Plan Width": 4, "Actual Rows": 1, "Actual Loops": 96682, "Index Cond": "(cd_demo_sk = customer.c_current_cdemo_sk)", "Rows Removed by Index Recheck": 0, "Heap Fetches": 0, "Workers": []}]}, {"Node Type": "Index Only Scan", "Parent Relationship": "Inner", "Parallel Aware": false, "Async Capable": false, "Scan Direction": "Forward", "Index Name": "item_pkey", "Relation Name": "item", "Alias": "item", "Startup Cost": 0.29, "Total Cost": 0.31, "Plan Rows": 1, "Plan Width": 4, "Actual Rows": 1, "Actual Loops": 94883, "Index Cond": "(i_item_sk = catalog_sales.cs_item_sk)", "Rows Removed by Index Recheck": 0, "Heap Fetches": 0, "Workers": []}]}]}]}]}]}]}, "Planning Time": 4.777, "Triggers": [], "Execution Time": 6507.354}, {"Plan": {"Node Type": "Aggregate", "Strategy": "Plain", "Partial Mode": "Finalize", "Parallel Aware": false, "Async Capable": false, "Startup Cost": 476482.73, "Total Cost": 476482.74, "Plan Rows": 1, "Plan Width": 8, "Actual Rows": 1, "Actual Loops": 1, "Plans": [{"Node Type": "Gather", "Parent Relationship": "Outer", "Parallel Aware": false, "Async Capable": false, "Startup Cost": 476482.62, "Total Cost": 476482.73, "Plan Rows": 1, "Plan Width": 8, "Actual Rows": 2, "Actual Loops": 1, "Workers Planned": 1, "Workers Launched": 1, "Single Copy": false, "Plans": [{"Node Type": "Aggregate", "Strategy": "Plain", "Partial Mode": "Partial", "Parent Relationship": "Outer", "Parallel Aware": false, "Async Capable": false, "Startup Cost": 475482.62, "Total Cost": 475482.63, "Plan Rows": 1, "Plan Width": 8, "Actual Rows": 1, "Actual Loops": 2, "Workers": [], "Plans": [{"Node Type": "Hash Join", "Parent Relationship": "Outer", "Parallel Aware": true, "Async Capable": false, "Join Type": "Inner", "Startup Cost": 473512.97, "Total Cost": 475481.86, "Plan Rows": 305, "Plan Width": 0, "Actual Rows": 9847, "Actual Loops": 2, "Inner Unique": false, "Hash Cond": "(date_dim.d_date_sk = catalog_sales.cs_sold_date_sk)", "Workers": [], "Plans": [{"Node Type": "Seq Scan", "Parent Relationship": "Outer", "Parallel Aware": true, "Async Capable": false, "Relation Name": "date_dim", "Alias": "date_dim", "Startup Cost": 0.0, "Total Cost": 1961.12, "Plan Rows": 215, "Plan Width": 4, "Actual Rows": 182, "Actual Loops": 2, "Filter": "(d_year = 1999)", "Rows Removed by Filter": 36342, "Workers": []}, {"Node Type": "Hash", "Parent Relationship": "Inner", "Parallel Aware": true, "Async Capable": false, "Startup Cost": 473297.13, "Total Cost": 473297.13, "Plan Rows": 17267, "Plan Width": 4, "Actual Rows": 49948, "Actual Loops": 2, "Hash Buckets": 131072, "Original Hash Buckets": 131072, "Hash Batches": 1, "Original Hash Batches": 1, "Peak Memory Usage": 4960, "Workers": [], "Plans": [{"Node Type": "Hash Join", "Parent Relationship": "Outer", "Parallel Aware": true, "Async Capable": false, "Join Type": "Inner", "Startup Cost": 68294.15, "Total Cost": 473297.13, "Plan Rows": 17267, "Plan Width": 4, "Actual Rows": 49948, "Actual Loops": 2, "Inner Unique": true, "Hash Cond": "(catalog_sales.cs_item_sk = item.i_item_sk)", "Workers": [], "Plans": [{"Node Type": "Hash Join", "Parent Relationship": "Outer", "Parallel Aware": true, "Async Capable": false, "Join Type": "Inner", "Startup Cost": 65663.5, "Total Cost": 470621.15, "Plan Rows": 17267, "Plan Width": 8, "Actual Rows": 49948, "Actual Loops": 2, "Inner Unique": false, "Hash Cond": "(catalog_sales.cs_bill_customer_sk = customer.c_customer_sk)", "Workers": [], "Plans": [{"Node Type": "Hash Join", "Parent Relationship": "Outer", "Parallel Aware": true, "Async Capable": false, "Join Type": "Inner", "Startup Cost": 31700.26, "Total Cost": 435962.97, "Plan Rows": 170464, "Plan Width": 12, "Actual Rows": 510812, "Actual Loops": 2, "Inner Unique": true, "Hash Cond": "(catalog_sales.cs_bill_cdemo_sk = cd1.cd_demo_sk)", "Workers": [], "Plans": [{"Node Type": "Seq Scan", "Parent Relationship": "Outer", "Parallel Aware": true, "Async Capable": false, "Relation Name": "catalog_sales", "Alias": "catalog_sales", "Startup Cost": 0.0, "Total Cost": 397962.14, "Plan Rows": 2400214, "Plan Width": 16, "Actual Rows": 7200630, "Actual Loops": 2, "Workers": []}, {"Node Type": "Hash", "Parent Relationship": "Inner", "Parallel Aware": true, "Async Capable": false, "Startup Cost": 31150.19, "Total Cost": 31150.19, "Plan Rows": 44005, "Plan Width": 4, "Actual Rows": 68600, "Actual Loops": 2, "Hash Buckets": 262144, "Original Hash Buckets": 262144, "Hash Batches": 1, "Original Hash Batches": 1, "Peak Memory Usage": 7424, "Workers": [], "Plans": [{"Node Type": "Seq Scan", "Parent Relationship": "Outer", "Parallel Aware": true, "Async Capable": false, "Relation Name": "customer_demographics", "Alias": "cd1", "Startup Cost": 0.0, "Total Cost": 31150.19, "Plan Rows": 44005, "Plan Width": 4, "Actual Rows": 68600, "Actual Loops": 2, "Filter": "((cd_gender = 'M'::bpchar) AND (cd_education_status = 'Secondary'::bpchar))", "Rows Removed by Filter": 891800, "Workers": []}]}]}, {"Node Type": "Hash", "Parent Relationship": "Inner", "Parallel Aware": true, "Async Capable": false, "Startup Cost": 33758.03, "Total Cost": 33758.03, "Plan Rows": 16417, "Plan Width": 4, "Actual Rows": 24788, "Actual Loops": 2, "Hash Buckets": 65536, "Original Hash Buckets": 65536, "Hash Batches": 1, "Original Hash Batches": 1, "Peak Memory Usage": 2496, "Workers": [], "Plans": [{"Node Type": "Nested Loop", "Parent Relationship": "Outer", "Parallel Aware": false, "Async Capable": false, "Join Type": "Inner", "Startup Cost": 7716.95, "Total Cost": 33758.03, "Plan Rows": 16417, "Plan Width": 4, "Actual Rows": 24788, "Actual Loops": 2, "Inner Unique": true, "Workers": [], "Plans": [{"Node Type": "Hash Join", "Parent Relationship": "Outer", "Parallel Aware": true, "Async Capable": false, "Join Type": "Inner", "Startup Cost": 7716.52, "Total Cost": 25006.86, "Plan Rows": 16417, "Plan Width": 8, "Actual Rows": 25254, "Actual Loops": 2, "Inner Unique": true, "Hash Cond": "(customer.c_current_addr_sk = customer_address.ca_address_sk)", "Workers": [], "Plans": [{"Node Type": "Seq Scan", "Parent Relationship": "Outer", "Parallel Aware": true, "Async Capable": false, "Relation Name": "customer", "Alias": "customer", "Startup Cost": 0.0, "Total Cost": 17086.58, "Plan Rows": 77619, "Plan Width": 12, "Actual Rows": 119784, "Actual Loops": 2, "Filter": "(c_birth_month = ANY ('{5,7,9,11,10,2}'::integer[]))", "Rows Removed by Filter": 130216, "Workers": []}, {"Node Type": "Hash", "Parent Relationship": "Inner", "Parallel Aware": true, "Async Capable": false, "Startup Cost": 7441.12, "Total Cost": 7441.12, "Plan Rows": 22032, "Plan Width": 4, "Actual Rows": 26465, "Actual Loops": 2, "Hash Buckets": 65536, "Original Hash Buckets": 65536, "Hash Batches": 1, "Original Hash Batches": 1, "Peak Memory Usage": 2592, "Workers": [], "Plans": [{"Node Type": "Seq Scan", "Parent Relationship": "Outer", "Parallel Aware": true, "Async Capable": false, "Relation Name": "customer_address", "Alias": "customer_address", "Startup Cost": 0.0, "Total Cost": 7441.12, "Plan Rows": 22032, "Plan Width": 4, "Actual Rows": 26465, "Actual Loops": 2, "Filter": "(ca_state = ANY ('{AL,TN,OR,TX,OH,OK,CA}'::bpchar[]))", "Rows Removed by Filter": 98535, "Workers": []}]}]}, {"Node Type": "Index Only Scan", "Parent Relationship": "Inner", "Parallel Aware": false, "Async Capable": false, "Scan Direction": "Forward", "Index Name": "customer_demographics_pkey", "Relation Name": "customer_demographics", "Alias": "cd2", "Startup Cost": 0.43, "Total Cost": 0.53, "Plan Rows": 1, "Plan Width": 4, "Actual Rows": 1, "Actual Loops": 50507, "Index Cond": "(cd_demo_sk = customer.c_current_cdemo_sk)", "Rows Removed by Index Recheck": 0, "Heap Fetches": 0, "Workers": []}]}]}]}, {"Node Type": "Hash", "Parent Relationship": "Inner", "Parallel Aware": true, "Async Capable": false, "Startup Cost": 2099.4, "Total Cost": 2099.4, "Plan Rows": 42500, "Plan Width": 4, "Actual Rows": 51000, "Actual Loops": 2, "Hash Buckets": 131072, "Original Hash Buckets": 131072, "Hash Batches": 1, "Original Hash Batches": 1, "Peak Memory Usage": 5056, "Workers": [], "Plans": [{"Node Type": "Index Only Scan", "Parent Relationship": "Outer", "Parallel Aware": true, "Async Capable": false, "Scan Direction": "Forward", "Index Name": "item_pkey", "Relation Name": "item", "Alias": "item", "Startup Cost": 0.29, "Total Cost": 2099.4, "Plan Rows": 42500, "Plan Width": 4, "Actual Rows": 51000, "Actual Loops": 2, "Heap Fetches": 0, "Workers": []}]}]}]}]}]}]}]}, "Planning Time": 5.183, "Triggers": [], "Execution Time": 8458.776}, {"Plan": {"Node Type": "Aggregate", "Strategy": "Plain", "Partial Mode": "Finalize", "Parallel Aware": false, "Async Capable": false, "Startup Cost": 475304.19, "Total Cost": 475304.2, "Plan Rows": 1, "Plan Width": 8, "Actual Rows": 1, "Actual Loops": 1, "Plans": [{"Node Type": "Gather", "Parent Relationship": "Outer", "Parallel Aware": false, "Async Capable": false, "Startup Cost": 475303.56, "Total Cost": 475304.17, "Plan Rows": 6, "Plan Width": 8, "Actual Rows": 7, "Actual Loops": 1, "Workers Planned": 6, "Workers Launched": 6, "Single Copy": false, "Plans": [{"Node Type": "Aggregate", "Strategy": "Plain", "Partial Mode": "Partial", "Parent Relationship": "Outer", "Parallel Aware": false, "Async Capable": false, "Startup Cost": 474303.56, "Total Cost": 474303.57, "Plan Rows": 1, "Plan Width": 8, "Actual Rows": 1, "Actual Loops": 7, "Workers": [], "Plans": [{"Node Type": "Nested Loop", "Parent Relationship": "Outer", "Parallel Aware": false, "Async Capable": false, "Join Type": "Inner", "Startup Cost": 68294.46, "Total Cost": 474303.35, "Plan Rows": 86, "Plan Width": 0, "Actual Rows": 2813, "Actual Loops": 7, "Inner Unique": true, "Workers": [], "Plans": [{"Node Type": "Hash Join", "Parent Relationship": "Outer", "Parallel Aware": true, "Async Capable": false, "Join Type": "Inner", "Startup Cost": 68294.15, "Total Cost": 473297.13, "Plan Rows": 17267, "Plan Width": 4, "Actual Rows": 14271, "Actual Loops": 7, "Inner Unique": true, "Hash Cond": "(catalog_sales.cs_item_sk = item.i_item_sk)", "Workers": [], "Plans": [{"Node Type": "Hash Join", "Parent Relationship": "Outer", "Parallel Aware": true, "Async Capable": false, "Join Type": "Inner", "Startup Cost": 65663.5, "Total Cost": 470621.15, "Plan Rows": 17267, "Plan Width": 8, "Actual Rows": 14271, "Actual Loops": 7, "Inner Unique": false, "Hash Cond": "(catalog_sales.cs_bill_customer_sk = customer.c_customer_sk)", "Workers": [], "Plans": [{"Node Type": "Hash Join", "Parent Relationship": "Outer", "Parallel Aware": true, "Async Capable": false, "Join Type": "Inner", "Startup Cost": 31700.26, "Total Cost": 435962.97, "Plan Rows": 170464, "Plan Width": 12, "Actual Rows": 145946, "Actual Loops": 7, "Inner Unique": true, "Hash Cond": "(catalog_sales.cs_bill_cdemo_sk = cd1.cd_demo_sk)", "Workers": [], "Plans": [{"Node Type": "Seq Scan", "Parent Relationship": "Outer", "Parallel Aware": true, "Async Capable": false, "Relation Name": "catalog_sales", "Alias": "catalog_sales", "Startup Cost": 0.0, "Total Cost": 397962.14, "Plan Rows": 2400214, "Plan Width": 16, "Actual Rows": 2057323, "Actual Loops": 7, "Workers": []}, {"Node Type": "Hash", "Parent Relationship": "Inner", "Parallel Aware": true, "Async Capable": false, "Startup Cost": 31150.19, "Total Cost": 31150.19, "Plan Rows": 44005, "Plan Width": 4, "Actual Rows": 19600, "Actual Loops": 7, "Hash Buckets": 262144, "Original Hash Buckets": 262144, "Hash Batches": 1, "Original Hash Batches": 1, "Peak Memory Usage": 7552, "Workers": [], "Plans": [{"Node Type": "Seq Scan", "Parent Relationship": "Outer", "Parallel Aware": true, "Async Capable": false, "Relation Name": "customer_demographics", "Alias": "cd1", "Startup Cost": 0.0, "Total Cost": 31150.19, "Plan Rows": 44005, "Plan Width": 4, "Actual Rows": 19600, "Actual Loops": 7, "Filter": "((cd_gender = 'M'::bpchar) AND (cd_education_status = 'Secondary'::bpchar))", "Rows Removed by Filter": 254800, "Workers": []}]}]}, {"Node Type": "Hash", "Parent Relationship": "Inner", "Parallel Aware": true, "Async Capable": false, "Startup Cost": 33758.03, "Total Cost": 33758.03, "Plan Rows": 16417, "Plan Width": 4, "Actual Rows": 7082, "Actual Loops": 7, "Hash Buckets": 65536, "Original Hash Buckets": 65536, "Hash Batches": 1, "Original Hash Batches": 1, "Peak Memory Usage": 2528, "Workers": [], "Plans": [{"Node Type": "Nested Loop", "Parent Relationship": "Outer", "Parallel Aware": false, "Async Capable": false, "Join Type": "Inner", "Startup Cost": 7716.95, "Total Cost": 33758.03, "Plan Rows": 16417, "Plan Width": 4, "Actual Rows": 7082, "Actual Loops": 7, "Inner Unique": true, "Workers": [], "Plans": [{"Node Type": "Hash Join", "Parent Relationship": "Outer", "Parallel Aware": true, "Async Capable": false, "Join Type": "Inner", "Startup Cost": 7716.52, "Total Cost": 25006.86, "Plan Rows": 16417, "Plan Width": 8, "Actual Rows": 7215, "Actual Loops": 7, "Inner Unique": true, "Hash Cond": "(customer.c_current_addr_sk = customer_address.ca_address_sk)", "Workers": [], "Plans": [{"Node Type": "Seq Scan", "Parent Relationship": "Outer", "Parallel Aware": true, "Async Capable": false, "Relation Name": "customer", "Alias": "customer", "Startup Cost": 0.0, "Total Cost": 17086.58, "Plan Rows": 77619, "Plan Width": 12, "Actual Rows": 34224, "Actual Loops": 7, "Filter": "(c_birth_month = ANY ('{5,7,9,11,10,2}'::integer[]))", "Rows Removed by Filter": 37204, "Workers": []}, {"Node Type": "Hash", "Parent Relationship": "Inner", "Parallel Aware": true, "Async Capable": false, "Startup Cost": 7441.12, "Total Cost": 7441.12, "Plan Rows": 22032, "Plan Width": 4, "Actual Rows": 7561, "Actual Loops": 7, "Hash Buckets": 65536, "Original Hash Buckets": 65536, "Hash Batches": 1, "Original Hash Batches": 1, "Peak Memory Usage": 2688, "Workers": [], "Plans": [{"Node Type": "Seq Scan", "Parent Relationship": "Outer", "Parallel Aware": true, "Async Capable": false, "Relation Name": "customer_address", "Alias": "customer_address", "Startup Cost": 0.0, "Total Cost": 7441.12, "Plan Rows": 22032, "Plan Width": 4, "Actual Rows": 7561, "Actual Loops": 7, "Filter": "(ca_state = ANY ('{AL,TN,OR,TX,OH,OK,CA}'::bpchar[]))", "Rows Removed by Filter": 28153, "Workers": []}]}]}, {"Node Type": "Index Only Scan", "Parent Relationship": "Inner", "Parallel Aware": false, "Async Capable": false, "Scan Direction": "Forward", "Index Name": "customer_demographics_pkey", "Relation Name": "customer_demographics", "Alias": "cd2", "Startup Cost": 0.43, "Total Cost": 0.53, "Plan Rows": 1, "Plan Width": 4, "Actual Rows": 1, "Actual Loops": 50507, "Index Cond": "(cd_demo_sk = customer.c_current_cdemo_sk)", "Rows Removed by Index Recheck": 0, "Heap Fetches": 0, "Workers": []}]}]}]}, {"Node Type": "Hash", "Parent Relationship": "Inner", "Parallel Aware": true, "Async Capable": false, "Startup Cost": 2099.4, "Total Cost": 2099.4, "Plan Rows": 42500, "Plan Width": 4, "Actual Rows": 14571, "Actual Loops": 7, "Hash Buckets": 131072, "Original Hash Buckets": 131072, "Hash Batches": 1, "Original Hash Batches": 1, "Peak Memory Usage": 5184, "Workers": [], "Plans": [{"Node Type": "Index Only Scan", "Parent Relationship": "Outer", "Parallel Aware": true, "Async Capable": false, "Scan Direction": "Forward", "Index Name": "item_pkey", "Relation Name": "item", "Alias": "item", "Startup Cost": 0.29, "Total Cost": 2099.4, "Plan Rows": 42500, "Plan Width": 4, "Actual Rows": 14571, "Actual Loops": 7, "Heap Fetches": 0, "Workers": []}]}]}, {"Node Type": "Memoize", "Parent Relationship": "Inner", "Parallel Aware": false, "Async Capable": false, "Startup Cost": 0.3, "Total Cost": 0.32, "Plan Rows": 1, "Plan Width": 4, "Actual Rows": 0, "Actual Loops": 99897, "Cache Key": "catalog_sales.cs_sold_date_sk", "Cache Mode": "logical", "Cache Hits": 13792, "Cache Misses": 403, "Cache Evictions": 0, "Cache Overflows": 0, "Peak Memory Usage": 30, "Workers": [{"Worker Number": 0, "Cache Hits": 14825, "Cache Misses": 452, "Cache Evictions": 0, "Cache Overflows": 0, "Peak Memory Usage": 33}, {"Worker Number": 1, "Cache Hits": 14893, "Cache Misses": 441, "Cache Evictions": 0, "Cache Overflows": 0, "Peak Memory Usage": 33}, {"Worker Number": 2, "Cache Hits": 12049, "Cache Misses": 369, "Cache Evictions": 0, "Cache Overflows": 0, "Peak Memory Usage": 28}, {"Worker Number": 3, "Cache Hits": 14477, "Cache Misses": 432, "Cache Evictions": 0, "Cache Overflows": 0, "Peak Memory Usage": 32}, {"Worker Number": 4, "Cache Hits": 12422, "Cache Misses": 365, "Cache Evictions": 0, "Cache Overflows": 0, "Peak Memory Usage": 27}, {"Worker Number": 5, "Cache Hits": 14545, "Cache Misses": 432, "Cache Evictions": 0, "Cache Overflows": 0, "Peak Memory Usage": 32}], "Plans": [{"Node Type": "Index Scan", "Parent Relationship": "Outer", "Parallel Aware": false, "Async Capable": false, "Scan Direction": "Forward", "Index Name": "date_dim_pkey", "Relation Name": "date_dim", "Alias": "date_dim", "Startup Cost": 0.29, "Total Cost": 0.31, "Plan Rows": 1, "Plan Width": 4, "Actual Rows": 0, "Actual Loops": 2894, "Index Cond": "(d_date_sk = catalog_sales.cs_sold_date_sk)", "Rows Removed by Index Recheck": 0, "Filter": "(d_year = 1999)", "Rows Removed by Filter": 1, "Workers": []}]}]}]}]}]}, "Planning Time": 3.922, "Triggers": [], "Execution Time": 1054.784}, {"Plan": {"Node Type": "Aggregate", "Strategy": "Plain", "Partial Mode": "Finalize", "Parallel Aware": false, "Async Capable": false, "Startup Cost": 446809.54, "Total Cost": 446809.55, "Plan Rows": 1, "Plan Width": 8, "Actual Rows": 1, "Actual Loops": 1, "Plans": [{"Node Type": "Gather", "Parent Relationship": "Outer", "Parallel Aware": false, "Async Capable": false, "Startup Cost": 446809.22, "Total Cost": 446809.53, "Plan Rows": 3, "Plan Width": 8, "Actual Rows": 4, "Actual Loops": 1, "Workers Planned": 3, "Workers Launched": 3, "Single Copy": false, "Plans": [{"Node Type": "Aggregate", "Strategy": "Plain", "Partial Mode": "Partial", "Parent Relationship": "Outer", "Parallel Aware": false, "Async Capable": false, "Startup Cost": 445809.22, "Total Cost": 445809.23, "Plan Rows": 1, "Plan Width": 8, "Actual Rows": 1, "Actual Loops": 4, "Workers": [], "Plans": [{"Node Type": "Hash Join", "Parent Relationship": "Outer", "Parallel Aware": true, "Async Capable": false, "Join Type": "Inner", "Startup Cost": 419705.88, "Total Cost": 445808.8, "Plan Rows": 167, "Plan Width": 0, "Actual Rows": 4924, "Actual Loops": 4, "Inner Unique": false, "Hash Cond": "(customer.c_customer_sk = catalog_sales.cs_bill_customer_sk)", "Workers": [], "Plans": [{"Node Type": "Nested Loop", "Parent Relationship": "Outer", "Parallel Aware": false, "Async Capable": false, "Join Type": "Inner", "Startup Cost": 7716.95, "Total Cost": 33758.03, "Plan Rows": 16417, "Plan Width": 4, "Actual Rows": 12394, "Actual Loops": 4, "Inner Unique": true, "Workers": [], "Plans": [{"Node Type": "Hash Join", "Parent Relationship": "Outer", "Parallel Aware": true, "Async Capable": false, "Join Type": "Inner", "Startup Cost": 7716.52, "Total Cost": 25006.86, "Plan Rows": 16417, "Plan Width": 8, "Actual Rows": 12627, "Actual Loops": 4, "Inner Unique": true, "Hash Cond": "(customer.c_current_addr_sk = customer_address.ca_address_sk)", "Workers": [], "Plans": [{"Node Type": "Seq Scan", "Parent Relationship": "Outer", "Parallel Aware": true, "Async Capable": false, "Relation Name": "customer", "Alias": "customer", "Startup Cost": 0.0, "Total Cost": 17086.58, "Plan Rows": 77619, "Plan Width": 12, "Actual Rows": 59892, "Actual Loops": 4, "Filter": "(c_birth_month = ANY ('{5,7,9,11,10,2}'::integer[]))", "Rows Removed by Filter": 65108, "Workers": []}, {"Node Type": "Hash", "Parent Relationship": "Inner", "Parallel Aware": true, "Async Capable": false, "Startup Cost": 7441.12, "Total Cost": 7441.12, "Plan Rows": 22032, "Plan Width": 4, "Actual Rows": 13232, "Actual Loops": 4, "Hash Buckets": 65536, "Original Hash Buckets": 65536, "Hash Batches": 1, "Original Hash Batches": 1, "Peak Memory Usage": 2688, "Workers": [], "Plans": [{"Node Type": "Seq Scan", "Parent Relationship": "Outer", "Parallel Aware": true, "Async Capable": false, "Relation Name": "customer_address", "Alias": "customer_address", "Startup Cost": 0.0, "Total Cost": 7441.12, "Plan Rows": 22032, "Plan Width": 4, "Actual Rows": 13232, "Actual Loops": 4, "Filter": "(ca_state = ANY ('{AL,TN,OR,TX,OH,OK,CA}'::bpchar[]))", "Rows Removed by Filter": 49268, "Workers": []}]}]}, {"Node Type": "Index Only Scan", "Parent Relationship": "Inner", "Parallel Aware": false, "Async Capable": false, "Scan Direction": "Forward", "Index Name": "customer_demographics_pkey", "Relation Name": "customer_demographics", "Alias": "cd2", "Startup Cost": 0.43, "Total Cost": 0.53, "Plan Rows": 1, "Plan Width": 4, "Actual Rows": 1, "Actual Loops": 50507, "Index Cond": "(cd_demo_sk = customer.c_current_cdemo_sk)", "Rows Removed by Index Recheck": 0, "Heap Fetches": 0, "Workers": []}]}, {"Node Type": "Hash", "Parent Relationship": "Inner", "Parallel Aware": true, "Async Capable": false, "Startup Cost": 411978.28, "Total Cost": 411978.28, "Plan Rows": 852, "Plan Width": 4, "Actual Rows": 50681, "Actual Loops": 4, "Hash Buckets": 262144, "Original Hash Buckets": 8192, "Hash Batches": 1, "Original Hash Batches": 1, "Peak Memory Usage": 12000, "Workers": [], "Plans": [{"Node Type": "Nested Loop", "Parent Relationship": "Outer", "Parallel Aware": false, "Async Capable": false, "Join Type": "Inner", "Startup Cost": 1964.53, "Total Cost": 411978.28, "Plan Rows": 852, "Plan Width": 4, "Actual Rows": 50681, "Actual Loops": 4, "Inner Unique": true, "Workers": [], "Plans": [{"Node Type": "Nested Loop", "Parent Relationship": "Outer", "Parallel Aware": false, "Async Capable": false, "Join Type": "Inner", "Startup Cost": 1964.24, "Total Cost": 411714.08, "Plan Rows": 852, "Plan Width": 8, "Actual Rows": 50681, "Actual Loops": 4, "Inner Unique": true, "Workers": [], "Plans": [{"Node Type": "Hash Join", "Parent Relationship": "Outer", "Parallel Aware": true, "Async Capable": false, "Join Type": "Inner", "Startup Cost": 1963.81, "Total Cost": 406226.88, "Plan Rows": 11993, "Plan Width": 12, "Actual Rows": 712757, "Actual Loops": 4, "Inner Unique": true, "Hash Cond": "(catalog_sales.cs_sold_date_sk = date_dim.d_date_sk)", "Workers": [], "Plans": [{"Node Type": "Seq Scan", "Parent Relationship": "Outer", "Parallel Aware": true, "Async Capable": false, "Relation Name": "catalog_sales", "Alias": "catalog_sales", "Startup Cost": 0.0, "Total Cost": 397962.14, "Plan Rows": 2400214, "Plan Width": 16, "Actual Rows": 3600315, "Actual Loops": 4, "Workers": []}, {"Node Type": "Hash", "Parent Relationship": "Inner", "Parallel Aware": true, "Async Capable": false, "Startup Cost": 1961.12, "Total Cost": 1961.12, "Plan Rows": 215, "Plan Width": 4, "Actual Rows": 91, "Actual Loops": 4, "Hash Buckets": 1024, "Original Hash Buckets": 1024, "Hash Batches": 1, "Original Hash Batches": 1, "Peak Memory Usage": 40, "Workers": [], "Plans": [{"Node Type": "Seq Scan", "Parent Relationship": "Outer", "Parallel Aware": true, "Async Capable": false, "Relation Name": "date_dim", "Alias": "date_dim", "Startup Cost": 0.0, "Total Cost": 1961.12, "Plan Rows": 215, "Plan Width": 4, "Actual Rows": 91, "Actual Loops": 4, "Filter": "(d_year = 1999)", "Rows Removed by Filter": 18171, "Workers": []}]}]}, {"Node Type": "Index Scan", "Parent Relationship": "Inner", "Parallel Aware": false, "Async Capable": false, "Scan Direction": "Forward", "Index Name": "customer_demographics_pkey", "Relation Name": "customer_demographics", "Alias": "cd1", "Startup Cost": 0.43, "Total Cost": 0.46, "Plan Rows": 1, "Plan Width": 4, "Actual Rows": 0, "Actual Loops": 2851027, "Index Cond": "(cd_demo_sk = catalog_sales.cs_bill_cdemo_sk)", "Rows Removed by Index Recheck": 0, "Filter": "((cd_gender = 'M'::bpchar) AND (cd_education_status = 'Secondary'::bpchar))", "Rows Removed by Filter": 1, "Workers": []}]}, {"Node Type": "Index Only Scan", "Parent Relationship": "Inner", "Parallel Aware": false, "Async Capable": false, "Scan Direction": "Forward", "Index Name": "item_pkey", "Relation Name": "item", "Alias": "item", "Startup Cost": 0.29, "Total Cost": 0.31, "Plan Rows": 1, "Plan Width": 4, "Actual Rows": 1, "Actual Loops": 202724, "Index Cond": "(i_item_sk = catalog_sales.cs_item_sk)", "Rows Removed by Index Recheck": 0, "Heap Fetches": 0, "Workers": []}]}]}]}]}]}]}, "Planning Time": 3.174, "Triggers": [], "Execution Time": 4520.237}, {"Plan": {"Node Type": "Aggregate", "Strategy": "Plain", "Partial Mode": "Finalize", "Parallel Aware": false, "Async Capable": false, "Startup Cost": 413396.41, "Total Cost": 413396.42, "Plan Rows": 1, "Plan Width": 8, "Actual Rows": 1, "Actual Loops": 1, "Plans": [{"Node Type": "Gather", "Parent Relationship": "Outer", "Parallel Aware": false, "Async Capable": false, "Startup Cost": 413395.79, "Total Cost": 413396.4, "Plan Rows": 6, "Plan Width": 8, "Actual Rows": 7, "Actual Loops": 1, "Workers Planned": 6, "Workers Launched": 6, "Single Copy": false, "Plans": [{"Node Type": "Aggregate", "Strategy": "Plain", "Partial Mode": "Partial", "Parent Relationship": "Outer", "Parallel Aware": false, "Async Capable": false, "Startup Cost": 412395.79, "Total Cost": 412395.8, "Plan Rows": 1, "Plan Width": 8, "Actual Rows": 1, "Actual Loops": 7, "Workers": [], "Plans": [{"Node Type": "Nested Loop", "Parent Relationship": "Outer", "Parallel Aware": false, "Async Capable": false, "Join Type": "Inner", "Startup Cost": 1965.8, "Total Cost": 412395.57, "Plan Rows": 86, "Plan Width": 0, "Actual Rows": 2813, "Actual Loops": 7, "Inner Unique": true, "Workers": [], "Plans": [{"Node Type": "Nested Loop", "Parent Relationship": "Outer", "Parallel Aware": false, "Async Capable": false, "Join Type": "Inner", "Startup Cost": 1965.51, "Total Cost": 412368.9, "Plan Rows": 86, "Plan Width": 4, "Actual Rows": 2813, "Actual Loops": 7, "Inner Unique": true, "Workers": [], "Plans": [{"Node Type": "Nested Loop", "Parent Relationship": "Outer", "Parallel Aware": false, "Async Capable": false, "Join Type": "Inner", "Startup Cost": 1965.08, "Total Cost": 412323.06, "Plan Rows": 86, "Plan Width": 8, "Actual Rows": 2874, "Actual Loops": 7, "Inner Unique": true, "Workers": [], "Plans": [{"Node Type": "Nested Loop", "Parent Relationship": "Outer", "Parallel Aware": false, "Async Capable": false, "Join Type": "Inner", "Startup Cost": 1964.66, "Total Cost": 412099.11, "Plan Rows": 408, "Plan Width": 12, "Actual Rows": 13812, "Actual Loops": 7, "Inner Unique": true, "Workers": [], "Plans": [{"Node Type": "Nested Loop", "Parent Relationship": "Outer", "Parallel Aware": false, "Async Capable": false, "Join Type": "Inner", "Startup Cost": 1964.24, "Total Cost": 411714.08, "Plan Rows": 852, "Plan Width": 8, "Actual Rows": 28961, "Actual Loops": 7, "Inner Unique": true, "Workers": [], "Plans": [{"Node Type": "Hash Join", "Parent Relationship": "Outer", "Parallel Aware": true, "Async Capable": false, "Join Type": "Inner", "Startup Cost": 1963.81, "Total Cost": 406226.88, "Plan Rows": 11993, "Plan Width": 12, "Actual Rows": 407290, "Actual Loops": 7, "Inner Unique": true, "Hash Cond": "(catalog_sales.cs_sold_date_sk = date_dim.d_date_sk)", "Workers": [], "Plans": [{"Node Type": "Seq Scan", "Parent Relationship": "Outer", "Parallel Aware": true, "Async Capable": false, "Relation Name": "catalog_sales", "Alias": "catalog_sales", "Startup Cost": 0.0, "Total Cost": 397962.14, "Plan Rows": 2400214, "Plan Width": 16, "Actual Rows": 2057323, "Actual Loops": 7, "Workers": []}, {"Node Type": "Hash", "Parent Relationship": "Inner", "Parallel Aware": true, "Async Capable": false, "Startup Cost": 1961.12, "Total Cost": 1961.12, "Plan Rows": 215, "Plan Width": 4, "Actual Rows": 52, "Actual Loops": 7, "Hash Buckets": 1024, "Original Hash Buckets": 1024, "Hash Batches": 1, "Original Hash Batches": 1, "Peak Memory Usage": 232, "Workers": [], "Plans": [{"Node Type": "Seq Scan", "Parent Relationship": "Outer", "Parallel Aware": true, "Async Capable": false, "Relation Name": "date_dim", "Alias": "date_dim", "Startup Cost": 0.0, "Total Cost": 1961.12, "Plan Rows": 215, "Plan Width": 4, "Actual Rows": 52, "Actual Loops": 7, "Filter": "(d_year = 1999)", "Rows Removed by Filter": 10383, "Workers": []}]}]}, {"Node Type": "Index Scan", "Parent Relationship": "Inner", "Parallel Aware": false, "Async Capable": false, "Scan Direction": "Forward", "Index Name": "customer_demographics_pkey", "Relation Name": "customer_demographics", "Alias": "cd1", "Startup Cost": 0.43, "Total Cost": 0.46, "Plan Rows": 1, "Plan Width": 4, "Actual Rows": 0, "Actual Loops": 2851027, "Index Cond": "(cd_demo_sk = catalog_sales.cs_bill_cdemo_sk)", "Rows Removed by Index Recheck": 0, "Filter": "((cd_gender = 'M'::bpchar) AND (cd_education_status = 'Secondary'::bpchar))", "Rows Removed by Filter": 1, "Workers": []}]}, {"Node Type": "Index Scan", "Parent Relationship": "Inner", "Parallel Aware": false, "Async Capable": false, "Scan Direction": "Forward", "Index Name": "customer_pkey", "Relation Name": "customer", "Alias": "customer", "Startup Cost": 0.42, "Total Cost": 0.45, "Plan Rows": 1, "Plan Width": 12, "Actual Rows": 0, "Actual Loops": 202724, "Index Cond": "(c_customer_sk = catalog_sales.cs_bill_customer_sk)", "Rows Removed by Index Recheck": 0, "Filter": "(c_birth_month = ANY ('{5,7,9,11,10,2}'::integer[]))", "Rows Removed by Filter": 1, "Workers": []}]}, {"Node Type": "Index Scan", "Parent Relationship": "Inner", "Parallel Aware": false, "Async Capable": false, "Scan Direction": "Forward", "Index Name": "customer_address_pkey", "Relation Name": "customer_address", "Alias": "customer_address", "Startup Cost": 0.42, "Total Cost": 0.55, "Plan Rows": 1, "Plan Width": 4, "Actual Rows": 0, "Actual Loops": 96682, "Index Cond": "(ca_address_sk = customer.c_current_addr_sk)", "Rows Removed by Index Recheck": 0, "Filter": "(ca_state = ANY ('{AL,TN,OR,TX,OH,OK,CA}'::bpchar[]))", "Rows Removed by Filter": 1, "Workers": []}]}, {"Node Type": "Index Only Scan", "Parent Relationship": "Inner", "Parallel Aware": false, "Async Capable": false, "Scan Direction": "Forward", "Index Name": "customer_demographics_pkey", "Relation Name": "customer_demographics", "Alias": "cd2", "Startup Cost": 0.43, "Total Cost": 0.53, "Plan Rows": 1, "Plan Width": 4, "Actual Rows": 1, "Actual Loops": 20115, "Index Cond": "(cd_demo_sk = customer.c_current_cdemo_sk)", "Rows Removed by Index Recheck": 0, "Heap Fetches": 0, "Workers": []}]}, {"Node Type": "Index Only Scan", "Parent Relationship": "Inner", "Parallel Aware": false, "Async Capable": false, "Scan Direction": "Forward", "Index Name": "item_pkey", "Relation Name": "item", "Alias": "item", "Startup Cost": 0.29, "Total Cost": 0.31, "Plan Rows": 1, "Plan Width": 4, "Actual Rows": 1, "Actual Loops": 19694, "Index Cond": "(i_item_sk = catalog_sales.cs_item_sk)", "Rows Removed by Index Recheck": 0, "Heap Fetches": 0, "Workers": []}]}]}]}]}, "Planning Time": 4.133, "Triggers": [], "Execution Time": 2217.297}, {"Plan": {"Node Type": "Aggregate", "Strategy": "Plain", "Partial Mode": "Finalize", "Parallel Aware": false, "Async Capable": false, "Startup Cost": 417380.71, "Total Cost": 417380.72, "Plan Rows": 1, "Plan Width": 8, "Actual Rows": 1, "Actual Loops": 1, "Plans": [{"Node Type": "Gather", "Parent Relationship": "Outer", "Parallel Aware": false, "Async Capable": false, "Startup Cost": 417380.08, "Total Cost": 417380.69, "Plan Rows": 6, "Plan Width": 8, "Actual Rows": 7, "Actual Loops": 1, "Workers Planned": 6, "Workers Launched": 6, "Single Copy": false, "Plans": [{"Node Type": "Aggregate", "Strategy": "Plain", "Partial Mode": "Partial", "Parent Relationship": "Outer", "Parallel Aware": false, "Async Capable": false, "Startup Cost": 416380.08, "Total Cost": 416380.09, "Plan Rows": 1, "Plan Width": 8, "Actual Rows": 1, "Actual Loops": 7, "Workers": [], "Plans": [{"Node Type": "Nested Loop", "Parent Relationship": "Outer", "Parallel Aware": false, "Async Capable": false, "Join Type": "Inner", "Startup Cost": 1965.8, "Total Cost": 416379.87, "Plan Rows": 86, "Plan Width": 0, "Actual Rows": 2813, "Actual Loops": 7, "Inner Unique": true, "Workers": [], "Plans": [{"Node Type": "Nested Loop", "Parent Relationship": "Outer", "Parallel Aware": false, "Async Capable": false, "Join Type": "Inner", "Startup Cost": 1965.38, "Total Cost": 415823.96, "Plan Rows": 1215, "Plan Width": 4, "Actual Rows": 40213, "Actual Loops": 7, "Inner Unique": true, "Workers": [], "Plans": [{"Node Type": "Nested Loop", "Parent Relationship": "Outer", "Parallel Aware": false, "Async Capable": false, "Join Type": "Inner", "Startup Cost": 1965.08, "Total Cost": 415447.21, "Plan Rows": 1215, "Plan Width": 8, "Actual Rows": 40213, "Actual Loops": 7, "Inner Unique": true, "Workers": [], "Plans": [{"Node Type": "Nested Loop", "Parent Relationship": "Outer", "Parallel Aware": false, "Async Capable": false, "Join Type": "Inner", "Startup Cost": 1964.65, "Total Cost": 414799.54, "Plan Rows": 1215, "Plan Width": 12, "Actual Rows": 40937, "Actual Loops": 7, "Inner Unique": true, "Workers": [], "Plans": [{"Node Type": "Nested Loop", "Parent Relationship": "Outer", "Parallel Aware": false, "Async Capable": false, "Join Type": "Inner", "Startup Cost": 1964.23, "Total Cost": 411646.65, "Plan Rows": 5744, "Plan Width": 16, "Actual Rows": 194736, "Actual Loops": 7, "Inner Unique": true, "Workers": [], "Plans": [{"Node Type": "Hash Join", "Parent Relationship": "Outer", "Parallel Aware": true, "Async Capable": false, "Join Type": "Inner", "Startup Cost": 1963.81, "Total Cost": 406226.88, "Plan Rows": 11993, "Plan Width": 12, "Actual Rows": 407290, "Actual Loops": 7, "Inner Unique": true, "Hash Cond": "(catalog_sales.cs_sold_date_sk = date_dim.d_date_sk)", "Workers": [], "Plans": [{"Node Type": "Seq Scan", "Parent Relationship": "Outer", "Parallel Aware": true, "Async Capable": false, "Relation Name": "catalog_sales", "Alias": "catalog_sales", "Startup Cost": 0.0, "Total Cost": 397962.14, "Plan Rows": 2400214, "Plan Width": 16, "Actual Rows": 2057323, "Actual Loops": 7, "Workers": []}, {"Node Type": "Hash", "Parent Relationship": "Inner", "Parallel Aware": true, "Async Capable": false, "Startup Cost": 1961.12, "Total Cost": 1961.12, "Plan Rows": 215, "Plan Width": 4, "Actual Rows": 52, "Actual Loops": 7, "Hash Buckets": 1024, "Original Hash Buckets": 1024, "Hash Batches": 1, "Original Hash Batches": 1, "Peak Memory Usage": 200, "Workers": [], "Plans": [{"Node Type": "Seq Scan", "Parent Relationship": "Outer", "Parallel Aware": true, "Async Capable": false, "Relation Name": "date_dim", "Alias": "date_dim", "Startup Cost": 0.0, "Total Cost": 1961.12, "Plan Rows": 215, "Plan Width": 4, "Actual Rows": 61, "Actual Loops": 6, "Filter": "(d_year = 1999)", "Rows Removed by Filter": 12114, "Workers": []}]}]}, {"Node Type": "Index Scan", "Parent Relationship": "Inner", "Parallel Aware": false, "Async Capable": false, "Scan Direction": "Forward", "Index Name": "customer_pkey", "Relation Name": "customer", "Alias": "customer", "Startup Cost": 0.42, "Total Cost": 0.45, "Plan Rows": 1, "Plan Width": 12, "Actual Rows": 0, "Actual Loops": 2851027, "Index Cond": "(c_customer_sk = catalog_sales.cs_bill_customer_sk)", "Rows Removed by Index Recheck": 0, "Filter": "(c_birth_month = ANY ('{5,7,9,11,10,2}'::integer[]))", "Rows Removed by Filter": 1, "Workers": []}]}, {"Node Type": "Index Scan", "Parent Relationship": "Inner", "Parallel Aware": false, "Async Capable": false, "Scan Direction": "Forward", "Index Name": "customer_address_pkey", "Relation Name": "customer_address", "Alias": "customer_address", "Startup Cost": 0.42, "Total Cost": 0.55, "Plan Rows": 1, "Plan Width": 4, "Actual Rows": 0, "Actual Loops": 1363150, "Index Cond": "(ca_address_sk = customer.c_current_addr_sk)", "Rows Removed by Index Recheck": 0, "Filter": "(ca_state = ANY ('{AL,TN,OR,TX,OH,OK,CA}'::bpchar[]))", "Rows Removed by Filter": 1, "Workers": []}]}, {"Node Type": "Index Only Scan", "Parent Relationship": "Inner", "Parallel Aware": false, "Async Capable": false, "Scan Direction": "Forward", "Index Name": "customer_demographics_pkey", "Relation Name": "customer_demographics", "Alias": "cd2", "Startup Cost": 0.43, "Total Cost": 0.53, "Plan Rows": 1, "Plan Width": 4, "Actual Rows": 1, "Actual Loops": 286561, "Index Cond": "(cd_demo_sk = customer.c_current_cdemo_sk)", "Rows Removed by Index Recheck": 0, "Heap Fetches": 0, "Workers": []}]}, {"Node Type": "Index Only Scan", "Parent Relationship": "Inner", "Parallel Aware": false, "Async Capable": false, "Scan Direction": "Forward", "Index Name": "item_pkey", "Relation Name": "item", "Alias": "item", "Startup Cost": 0.29, "Total Cost": 0.31, "Plan Rows": 1, "Plan Width": 4, "Actual Rows": 1, "Actual Loops": 281488, "Index Cond": "(i_item_sk = catalog_sales.cs_item_sk)", "Rows Removed by Index Recheck": 0, "Heap Fetches": 0, "Workers": []}]}, {"Node Type": "Index Scan", "Parent Relationship": "Inner", "Parallel Aware": false, "Async Capable": false, "Scan Direction": "Forward", "Index Name": "customer_demographics_pkey", "Relation Name": "customer_demographics", "Alias": "cd1", "Startup Cost": 0.43, "Total Cost": 0.46, "Plan Rows": 1, "Plan Width": 4, "Actual Rows": 0, "Actual Loops": 281488, "Index Cond": "(cd_demo_sk = catalog_sales.cs_bill_cdemo_sk)", "Rows Removed by Index Recheck": 0, "Filter": "((cd_gender = 'M'::bpchar) AND (cd_education_status = 'Secondary'::bpchar))", "Rows Removed by Filter": 1, "Workers": []}]}]}]}]}, "Planning Time": 4.389, "Triggers": [], "Execution Time": 2722.43}, {"Plan": {"Node Type": "Aggregate", "Strategy": "Plain", "Partial Mode": "Finalize", "Parallel Aware": false, "Async Capable": false, "Startup Cost": 443727.49, "Total Cost": 443727.5, "Plan Rows": 1, "Plan Width": 8, "Plans": [{"Node Type": "Gather", "Parent Relationship": "Outer", "Parallel Aware": false, "Async Capable": false, "Startup Cost": 443727.17, "Total Cost": 443727.48, "Plan Rows": 3, "Plan Width": 8, "Workers Planned": 3, "Single Copy": false, "Plans": [{"Node Type": "Aggregate", "Strategy": "Plain", "Partial Mode": "Partial", "Parent Relationship": "Outer", "Parallel Aware": false, "Async Capable": false, "Startup Cost": 442727.17, "Total Cost": 442727.18, "Plan Rows": 1, "Plan Width": 8, "Plans": [{"Node Type": "Hash Join", "Parent Relationship": "Outer", "Parallel Aware": true, "Async Capable": false, "Join Type": "Inner", "Startup Cost": 412350.8, "Total Cost": 442726.75, "Plan Rows": 167, "Plan Width": 0, "Inner Unique": false, "Hash Cond": "(cd2.cd_demo_sk = customer.c_current_cdemo_sk)", "Plans": [{"Node Type": "Seq Scan", "Parent Relationship": "Outer", "Parallel Aware": true, "Async Capable": false, "Relation Name": "customer_demographics", "Alias": "cd2", "Startup Cost": 0.0, "Total Cost": 28052.13, "Plan Rows": 619613, "Plan Width": 4}, {"Node Type": "Hash", "Parent Relationship": "Inner", "Parallel Aware": true, "Async Capable": false, "Startup Cost": 412349.73, "Total Cost": 412349.73, "Plan Rows": 86, "Plan Width": 4, "Plans": [{"Node Type": "Nested Loop", "Parent Relationship": "Outer", "Parallel Aware": false, "Async Capable": false, "Join Type": "Inner", "Startup Cost": 1965.38, "Total Cost": 412349.73, "Plan Rows": 86, "Plan Width": 4, "Inner Unique": true, "Plans": [{"Node Type": "Nested Loop", "Parent Relationship": "Outer", "Parallel Aware": false, "Async Capable": false, "Join Type": "Inner", "Startup Cost": 1965.08, "Total Cost": 412323.06, "Plan Rows": 86, "Plan Width": 8, "Inner Unique": true, "Plans": [{"Node Type": "Nested Loop", "Parent Relationship": "Outer", "Parallel Aware": false, "Async Capable": false, "Join Type": "Inner", "Startup Cost": 1964.66, "Total Cost": 412099.11, "Plan Rows": 408, "Plan Width": 12, "Inner Unique": true, "Plans": [{"Node Type": "Nested Loop", "Parent Relationship": "Outer", "Parallel Aware": false, "Async Capable": false, "Join Type": "Inner", "Startup Cost": 1964.24, "Total Cost": 411714.08, "Plan Rows": 852, "Plan Width": 8, "Inner Unique": true, "Plans": [{"Node Type": "Hash Join", "Parent Relationship": "Outer", "Parallel Aware": true, "Async Capable": false, "Join Type": "Inner", "Startup Cost": 1963.81, "Total Cost": 406226.88, "Plan Rows": 11993, "Plan Width": 12, "Inner Unique": true, "Hash Cond": "(catalog_sales.cs_sold_date_sk = date_dim.d_date_sk)", "Plans": [{"Node Type": "Seq Scan", "Parent Relationship": "Outer", "Parallel Aware": true, "Async Capable": false, "Relation Name": "catalog_sales", "Alias": "catalog_sales", "Startup Cost": 0.0, "Total Cost": 397962.14, "Plan Rows": 2400214, "Plan Width": 16}, {"Node Type": "Hash", "Parent Relationship": "Inner", "Parallel Aware": true, "Async Capable": false, "Startup Cost": 1961.12, "Total Cost": 1961.12, "Plan Rows": 215, "Plan Width": 4, "Plans": [{"Node Type": "Seq Scan", "Parent Relationship": "Outer", "Parallel Aware": true, "Async Capable": false, "Relation Name": "date_dim", "Alias": "date_dim", "Startup Cost": 0.0, "Total Cost": 1961.12, "Plan Rows": 215, "Plan Width": 4, "Filter": "(d_year = 1999)"}]}]}, {"Node Type": "Index Scan", "Parent Relationship": "Inner", "Parallel Aware": false, "Async Capable": false, "Scan Direction": "Forward", "Index Name": "customer_demographics_pkey", "Relation Name": "customer_demographics", "Alias": "cd1", "Startup Cost": 0.43, "Total Cost": 0.46, "Plan Rows": 1, "Plan Width": 4, "Index Cond": "(cd_demo_sk = catalog_sales.cs_bill_cdemo_sk)", "Filter": "((cd_gender = 'M'::bpchar) AND (cd_education_status = 'Secondary'::bpchar))"}]}, {"Node Type": "Index Scan", "Parent Relationship": "Inner", "Parallel Aware": false, "Async Capable": false, "Scan Direction": "Forward", "Index Name": "customer_pkey", "Relation Name": "customer", "Alias": "customer", "Startup Cost": 0.42, "Total Cost": 0.45, "Plan Rows": 1, "Plan Width": 12, "Index Cond": "(c_customer_sk = catalog_sales.cs_bill_customer_sk)", "Filter": "(c_birth_month = ANY ('{5,7,9,11,10,2}'::integer[]))"}]}, {"Node Type": "Index Scan", "Parent Relationship": "Inner", "Parallel Aware": false, "Async Capable": false, "Scan Direction": "Forward", "Index Name": "customer_address_pkey", "Relation Name": "customer_address", "Alias": "customer_address", "Startup Cost": 0.42, "Total Cost": 0.55, "Plan Rows": 1, "Plan Width": 4, "Index Cond": "(ca_address_sk = customer.c_current_addr_sk)", "Filter": "(ca_state = ANY ('{AL,TN,OR,TX,OH,OK,CA}'::bpchar[]))"}]}, {"Node Type": "Index Only Scan", "Parent Relationship": "Inner", "Parallel Aware": false, "Async Capable": false, "Scan Direction": "Forward", "Index Name": "item_pkey", "Relation Name": "item", "Alias": "item", "Startup Cost": 0.29, "Total Cost": 0.31, "Plan Rows": 1, "Plan Width": 4, "Index Cond": "(i_item_sk = catalog_sales.cs_item_sk)"}]}]}]}]}]}]}}, {"Plan": {"Node Type": "Aggregate", "Strategy": "Plain", "Partial Mode": "Finalize", "Parallel Aware": false, "Async Capable": false, "Startup Cost": 448265.39, "Total Cost": 448265.4, "Plan Rows": 1, "Plan Width": 8, "Actual Rows": 1, "Actual Loops": 1, "Plans": [{"Node Type": "Gather", "Parent Relationship": "Outer", "Parallel Aware": false, "Async Capable": false, "Startup Cost": 448265.07, "Total Cost": 448265.38, "Plan Rows": 3, "Plan Width": 8, "Actual Rows": 4, "Actual Loops": 1, "Workers Planned": 3, "Workers Launched": 3, "Single Copy": false, "Plans": [{"Node Type": "Aggregate", "Strategy": "Plain", "Partial Mode": "Partial", "Parent Relationship": "Outer", "Parallel Aware": false, "Async Capable": false, "Startup Cost": 447265.07, "Total Cost": 447265.08, "Plan Rows": 1, "Plan Width": 8, "Actual Rows": 1, "Actual Loops": 4, "Workers": [], "Plans": [{"Node Type": "Hash Join", "Parent Relationship": "Outer", "Parallel Aware": true, "Async Capable": false, "Join Type": "Inner", "Startup Cost": 415839.15, "Total Cost": 447264.66, "Plan Rows": 167, "Plan Width": 0, "Actual Rows": 4924, "Actual Loops": 4, "Inner Unique": false, "Hash Cond": "(cd1.cd_demo_sk = catalog_sales.cs_bill_cdemo_sk)", "Workers": [], "Plans": [{"Node Type": "Seq Scan", "Parent Relationship": "Outer", "Parallel Aware": true, "Async Capable": false, "Relation Name": "customer_demographics", "Alias": "cd1", "Startup Cost": 0.0, "Total Cost": 31150.19, "Plan Rows": 44005, "Plan Width": 4, "Actual Rows": 34300, "Actual Loops": 4, "Filter": "((cd_gender = 'M'::bpchar) AND (cd_education_status = 'Secondary'::bpchar))", "Rows Removed by Filter": 445900, "Workers": []}, {"Node Type": "Hash", "Parent Relationship": "Inner", "Parallel Aware": true, "Async Capable": false, "Startup Cost": 415823.96, "Total Cost": 415823.96, "Plan Rows": 1215, "Plan Width": 4, "Actual Rows": 70372, "Actual Loops": 4, "Hash Buckets": 524288, "Original Hash Buckets": 8192, "Hash Batches": 1, "Original Hash Batches": 1, "Peak Memory Usage": 19200, "Workers": [], "Plans": [{"Node Type": "Nested Loop", "Parent Relationship": "Outer", "Parallel Aware": false, "Async Capable": false, "Join Type": "Inner", "Startup Cost": 1965.38, "Total Cost": 415823.96, "Plan Rows": 1215, "Plan Width": 4, "Actual Rows": 70372, "Actual Loops": 4, "Inner Unique": true, "Workers": [], "Plans": [{"Node Type": "Nested Loop", "Parent Relationship": "Outer", "Parallel Aware": false, "Async Capable": false, "Join Type": "Inner", "Startup Cost": 1965.08, "Total Cost": 415447.21, "Plan Rows": 1215, "Plan Width": 8, "Actual Rows": 70372, "Actual Loops": 4, "Inner Unique": true, "Workers": [], "Plans": [{"Node Type": "Nested Loop", "Parent Relationship": "Outer", "Parallel Aware": false, "Async Capable": false, "Join Type": "Inner", "Startup Cost": 1964.65, "Total Cost": 414799.54, "Plan Rows": 1215, "Plan Width": 12, "Actual Rows": 71640, "Actual Loops": 4, "Inner Unique": true, "Workers": [], "Plans": [{"Node Type": "Nested Loop", "Parent Relationship": "Outer", "Parallel Aware": false, "Async Capable": false, "Join Type": "Inner", "Startup Cost": 1964.23, "Total Cost": 411646.65, "Plan Rows": 5744, "Plan Width": 16, "Actual Rows": 340788, "Actual Loops": 4, "Inner Unique": true, "Workers": [], "Plans": [{"Node Type": "Hash Join", "Parent Relationship": "Outer", "Parallel Aware": true, "Async Capable": false, "Join Type": "Inner", "Startup Cost": 1963.81, "Total Cost": 406226.88, "Plan Rows": 11993, "Plan Width": 12, "Actual Rows": 712757, "Actual Loops": 4, "Inner Unique": true, "Hash Cond": "(catalog_sales.cs_sold_date_sk = date_dim.d_date_sk)", "Workers": [], "Plans": [{"Node Type": "Seq Scan", "Parent Relationship": "Outer", "Parallel Aware": true, "Async Capable": false, "Relation Name": "catalog_sales", "Alias": "catalog_sales", "Startup Cost": 0.0, "Total Cost": 397962.14, "Plan Rows": 2400214, "Plan Width": 16, "Actual Rows": 3600315, "Actual Loops": 4, "Workers": []}, {"Node Type": "Hash", "Parent Relationship": "Inner", "Parallel Aware": true, "Async Capable": false, "Startup Cost": 1961.12, "Total Cost": 1961.12, "Plan Rows": 215, "Plan Width": 4, "Actual Rows": 91, "Actual Loops": 4, "Hash Buckets": 1024, "Original Hash Buckets": 1024, "Hash Batches": 1, "Original Hash Batches": 1, "Peak Memory Usage": 40, "Workers": [], "Plans": [{"Node Type": "Seq Scan", "Parent Relationship": "Outer", "Parallel Aware": true, "Async Capable": false, "Relation Name": "date_dim", "Alias": "date_dim", "Startup Cost": 0.0, "Total Cost": 1961.12, "Plan Rows": 215, "Plan Width": 4, "Actual Rows": 91, "Actual Loops": 4, "Filter": "(d_year = 1999)", "Rows Removed by Filter": 18171, "Workers": []}]}]}, {"Node Type": "Index Scan", "Parent Relationship": "Inner", "Parallel Aware": false, "Async Capable": false, "Scan Direction": "Forward", "Index Name": "customer_pkey", "Relation Name": "customer", "Alias": "customer", "Startup Cost": 0.42, "Total Cost": 0.45, "Plan Rows": 1, "Plan Width": 12, "Actual Rows": 0, "Actual Loops": 2851027, "Index Cond": "(c_customer_sk = catalog_sales.cs_bill_customer_sk)", "Rows Removed by Index Recheck": 0, "Filter": "(c_birth_month = ANY ('{5,7,9,11,10,2}'::integer[]))", "Rows Removed by Filter": 1, "Workers": []}]}, {"Node Type": "Index Scan", "Parent Relationship": "Inner", "Parallel Aware": false, "Async Capable": false, "Scan Direction": "Forward", "Index Name": "customer_address_pkey", "Relation Name": "customer_address", "Alias": "customer_address", "Startup Cost": 0.42, "Total Cost": 0.55, "Plan Rows": 1, "Plan Width": 4, "Actual Rows": 0, "Actual Loops": 1363150, "Index Cond": "(ca_address_sk = customer.c_current_addr_sk)", "Rows Removed by Index Recheck": 0, "Filter": "(ca_state = ANY ('{AL,TN,OR,TX,OH,OK,CA}'::bpchar[]))", "Rows Removed by Filter": 1, "Workers": []}]}, {"Node Type": "Index Only Scan", "Parent Relationship": "Inner", "Parallel Aware": false, "Async Capable": false, "Scan Direction": "Forward", "Index Name": "customer_demographics_pkey", "Relation Name": "customer_demographics", "Alias": "cd2", "Startup Cost": 0.43, "Total Cost": 0.53, "Plan Rows": 1, "Plan Width": 4, "Actual Rows": 1, "Actual Loops": 286561, "Index Cond": "(cd_demo_sk = customer.c_current_cdemo_sk)", "Rows Removed by Index Recheck": 0, "Heap Fetches": 0, "Workers": []}]}, {"Node Type": "Index Only Scan", "Parent Relationship": "Inner", "Parallel Aware": false, "Async Capable": false, "Scan Direction": "Forward", "Index Name": "item_pkey", "Relation Name": "item", "Alias": "item", "Startup Cost": 0.29, "Total Cost": 0.31, "Plan Rows": 1, "Plan Width": 4, "Actual Rows": 1, "Actual Loops": 281488, "Index Cond": "(i_item_sk = catalog_sales.cs_item_sk)", "Rows Removed by Index Recheck": 0, "Heap Fetches": 0, "Workers": []}]}]}]}]}]}]}, "Planning Time": 4.762, "Triggers": [], "Execution Time": 5267.74}, {"Plan": {"Node Type": "Aggregate", "Strategy": "Plain", "Partial Mode": "Finalize", "Parallel Aware": false, "Async Capable": false, "Startup Cost": 413667.9, "Total Cost": 413667.91, "Plan Rows": 1, "Plan Width": 8, "Actual Rows": 1, "Actual Loops": 1, "Plans": [{"Node Type": "Gather", "Parent Relationship": "Outer", "Parallel Aware": false, "Async Capable": false, "Startup Cost": 413667.28, "Total Cost": 413667.89, "Plan Rows": 6, "Plan Width": 8, "Actual Rows": 7, "Actual Loops": 1, "Workers Planned": 6, "Workers Launched": 6, "Single Copy": false, "Plans": [{"Node Type": "Aggregate", "Strategy": "Plain", "Partial Mode": "Partial", "Parent Relationship": "Outer", "Parallel Aware": false, "Async Capable": false, "Startup Cost": 412667.28, "Total Cost": 412667.29, "Plan Rows": 1, "Plan Width": 8, "Actual Rows": 1, "Actual Loops": 7, "Workers": [], "Plans": [{"Node Type": "Nested Loop", "Parent Relationship": "Outer", "Parallel Aware": false, "Async Capable": false, "Join Type": "Inner", "Startup Cost": 1965.8, "Total Cost": 412667.06, "Plan Rows": 86, "Plan Width": 0, "Actual Rows": 2813, "Actual Loops": 7, "Inner Unique": true, "Workers": [], "Plans": [{"Node Type": "Nested Loop", "Parent Relationship": "Outer", "Parallel Aware": false, "Async Capable": false, "Join Type": "Inner", "Startup Cost": 1965.38, "Total Cost": 412443.11, "Plan Rows": 408, "Plan Width": 4, "Actual Rows": 13555, "Actual Loops": 7, "Inner Unique": true, "Workers": [], "Plans": [{"Node Type": "Nested Loop", "Parent Relationship": "Outer", "Parallel Aware": false, "Async Capable": false, "Join Type": "Inner", "Startup Cost": 1965.09, "Total Cost": 412316.6, "Plan Rows": 408, "Plan Width": 8, "Actual Rows": 13555, "Actual Loops": 7, "Inner Unique": true, "Workers": [], "Plans": [{"Node Type": "Nested Loop", "Parent Relationship": "Outer", "Parallel Aware": false, "Async Capable": false, "Join Type": "Inner", "Startup Cost": 1964.66, "Total Cost": 412099.11, "Plan Rows": 408, "Plan Width": 12, "Actual Rows": 13812, "Actual Loops": 7, "Inner Unique": true, "Workers": [], "Plans": [{"Node Type": "Nested Loop", "Parent Relationship": "Outer", "Parallel Aware": false, "Async Capable": false, "Join Type": "Inner", "Startup Cost": 1964.24, "Total Cost": 411714.08, "Plan Rows": 852, "Plan Width": 8, "Actual Rows": 28961, "Actual Loops": 7, "Inner Unique": true, "Workers": [], "Plans": [{"Node Type": "Hash Join", "Parent Relationship": "Outer", "Parallel Aware": true, "Async Capable": false, "Join Type": "Inner", "Startup Cost": 1963.81, "Total Cost": 406226.88, "Plan Rows": 11993, "Plan Width": 12, "Actual Rows": 407290, "Actual Loops": 7, "Inner Unique": true, "Hash Cond": "(catalog_sales.cs_sold_date_sk = date_dim.d_date_sk)", "Workers": [], "Plans": [{"Node Type": "Seq Scan", "Parent Relationship": "Outer", "Parallel Aware": true, "Async Capable": false, "Relation Name": "catalog_sales", "Alias": "catalog_sales", "Startup Cost": 0.0, "Total Cost": 397962.14, "Plan Rows": 2400214, "Plan Width": 16, "Actual Rows": 2057323, "Actual Loops": 7, "Workers": []}, {"Node Type": "Hash", "Parent Relationship": "Inner", "Parallel Aware": true, "Async Capable": false, "Startup Cost": 1961.12, "Total Cost": 1961.12, "Plan Rows": 215, "Plan Width": 4, "Actual Rows": 52, "Actual Loops": 7, "Hash Buckets": 1024, "Original Hash Buckets": 1024, "Hash Batches": 1, "Original Hash Batches": 1, "Peak Memory Usage": 72, "Workers": [], "Plans": [{"Node Type": "Seq Scan", "Parent Relationship": "Outer", "Parallel Aware": true, "Async Capable": false, "Relation Name": "date_dim", "Alias": "date_dim", "Startup Cost": 0.0, "Total Cost": 1961.12, "Plan Rows": 215, "Plan Width": 4, "Actual Rows": 52, "Actual Loops": 7, "Filter": "(d_year = 1999)", "Rows Removed by Filter": 10383, "Workers": []}]}]}, {"Node Type": "Index Scan", "Parent Relationship": "Inner", "Parallel Aware": false, "Async Capable": false, "Scan Direction": "Forward", "Index Name": "customer_demographics_pkey", "Relation Name": "customer_demographics", "Alias": "cd1", "Startup Cost": 0.43, "Total Cost": 0.46, "Plan Rows": 1, "Plan Width": 4, "Actual Rows": 0, "Actual Loops": 2851027, "Index Cond": "(cd_demo_sk = catalog_sales.cs_bill_cdemo_sk)", "Rows Removed by Index Recheck": 0, "Filter": "((cd_gender = 'M'::bpchar) AND (cd_education_status = 'Secondary'::bpchar))", "Rows Removed by Filter": 1, "Workers": []}]}, {"Node Type": "Index Scan", "Parent Relationship": "Inner", "Parallel Aware": false, "Async Capable": false, "Scan Direction": "Forward", "Index Name": "customer_pkey", "Relation Name": "customer", "Alias": "customer", "Startup Cost": 0.42, "Total Cost": 0.45, "Plan Rows": 1, "Plan Width": 12, "Actual Rows": 0, "Actual Loops": 202724, "Index Cond": "(c_customer_sk = catalog_sales.cs_bill_customer_sk)", "Rows Removed by Index Recheck": 0, "Filter": "(c_birth_month = ANY ('{5,7,9,11,10,2}'::integer[]))", "Rows Removed by Filter": 1, "Workers": []}]}, {"Node Type": "Index Only Scan", "Parent Relationship": "Inner", "Parallel Aware": false, "Async Capable": false, "Scan Direction": "Forward", "Index Name": "customer_demographics_pkey", "Relation Name": "customer_demographics", "Alias": "cd2", "Startup Cost": 0.43, "Total Cost": 0.53, "Plan Rows": 1, "Plan Width": 4, "Actual Rows": 1, "Actual Loops": 96682, "Index Cond": "(cd_demo_sk = customer.c_current_cdemo_sk)", "Rows Removed by Index Recheck": 0, "Heap Fetches": 0, "Workers": []}]}, {"Node Type": "Index Only Scan", "Parent Relationship": "Inner", "Parallel Aware": false, "Async Capable": false, "Scan Direction": "Forward", "Index Name": "item_pkey", "Relation Name": "item", "Alias": "item", "Startup Cost": 0.29, "Total Cost": 0.31, "Plan Rows": 1, "Plan Width": 4, "Actual Rows": 1, "Actual Loops": 94883, "Index Cond": "(i_item_sk = catalog_sales.cs_item_sk)", "Rows Removed by Index Recheck": 0, "Heap Fetches": 0, "Workers": []}]}, {"Node Type": "Index Scan", "Parent Relationship": "Inner", "Parallel Aware": false, "Async Capable": false, "Scan Direction": "Forward", "Index Name": "customer_address_pkey", "Relation Name": "customer_address", "Alias": "customer_address", "Startup Cost": 0.42, "Total Cost": 0.55, "Plan Rows": 1, "Plan Width": 4, "Actual Rows": 0, "Actual Loops": 94883, "Index Cond": "(ca_address_sk = customer.c_current_addr_sk)", "Rows Removed by Index Recheck": 0, "Filter": "(ca_state = ANY ('{AL,TN,OR,TX,OH,OK,CA}'::bpchar[]))", "Rows Removed by Filter": 1, "Workers": []}]}]}]}]}, "Planning Time": 3.837, "Triggers": [], "Execution Time": 2294.081}]