[{"Plan": {"Node Type": "Aggregate", "Strategy": "Plain", "Partial Mode": "Finalize", "Parallel Aware": false, "Async Capable": false, "Startup Cost": 16074.6, "Total Cost": 16074.61, "Plan Rows": 1, "Plan Width": 8, "Actual Rows": 1, "Actual Loops": 1, "Plans": [{"Node Type": "Gather", "Parent Relationship": "Outer", "Parallel Aware": false, "Async Capable": false, "Startup Cost": 16074.38, "Total Cost": 16074.59, "Plan Rows": 2, "Plan Width": 8, "Actual Rows": 3, "Actual Loops": 1, "Workers Planned": 2, "Workers Launched": 2, "Single Copy": false, "Plans": [{"Node Type": "Aggregate", "Strategy": "Plain", "Partial Mode": "Partial", "Parent Relationship": "Outer", "Parallel Aware": false, "Async Capable": false, "Startup Cost": 15074.38, "Total Cost": 15074.39, "Plan Rows": 1, "Plan Width": 8, "Actual Rows": 1, "Actual Loops": 3, "Workers": [], "Plans": [{"Node Type": "Nested Loop", "Parent Relationship": "Outer", "Parallel Aware": false, "Async Capable": false, "Join Type": "Inner", "Startup Cost": 1.0, "Total Cost": 15074.09, "Plan Rows": 118, "Plan Width": 0, "Actual Rows": 0, "Actual Loops": 3, "Inner Unique": false, "Workers": [], "Plans": [{"Node Type": "Nested Loop", "Parent Relationship": "Outer", "Parallel Aware": false, "Async Capable": false, "Join Type": "Inner", "Startup Cost": 0.57, "Total Cost": 15069.38, "Plan Rows": 1, "Plan Width": 8, "Actual Rows": 0, "Actual Loops": 3, "Inner Unique": false, "Workers": [], "Plans": [{"Node Type": "Seq Scan", "Parent Relationship": "Outer", "Parallel Aware": true, "Async Capable": false, "Relation Name": "item", "Alias": "item", "Startup Cost": 0.0, "Total Cost": 7894.0, "Plan Rows": 2, "Plan Width": 4, "Actual Rows": 1, "Actual Loops": 3, "Filter": "((i_current_price >= '49'::numeric) AND (i_current_price <= '79'::numeric) AND (i_manufact_id = ANY ('{890,852,919,844}'::integer[])))", "Rows Removed by Filter": 33999, "Workers": []}, {"Node Type": "Nested Loop", "Parent Relationship": "Inner", "Parallel Aware": false, "Async Capable": false, "Join Type": "Inner", "Startup Cost": 0.57, "Total Cost": 3586.47, "Plan Rows": 122, "Plan Width": 4, "Actual Rows": 0, "Actual Loops": 3, "Inner Unique": false, "Workers": [], "Plans": [{"Node Type": "Seq Scan", "Parent Relationship": "Outer", "Parallel Aware": false, "Async Capable": false, "Relation Name": "date_dim", "Alias": "date_dim", "Startup Cost": 0.0, "Total Cost": 2519.73, "Plan Rows": 61, "Plan Width": 4, "Actual Rows": 61, "Actual Loops": 3, "Filter": "((d_date >= '2002-02-08'::date) AND (d_date <= '2002-04-09 00:00:00'::timestamp without time zone))", "Rows Removed by Filter": 72988, "Workers": []}, {"Node Type": "Index Scan", "Parent Relationship": "Inner", "Parallel Aware": false, "Async Capable": false, "Scan Direction": "Forward", "Index Name": "inventory_pkey", "Relation Name": "inventory", "Alias": "inventory", "Startup Cost": 0.57, "Total Cost": 17.47, "Plan Rows": 2, "Plan Width": 8, "Actual Rows": 0, "Actual Loops": 183, "Index Cond": "((inv_date_sk = date_dim.d_date_sk) AND (inv_item_sk = item.i_item_sk))", "Rows Removed by Index Recheck": 0, "Filter": "((inv_quantity_on_hand >= 100) AND (inv_quantity_on_hand <= 500))", "Rows Removed by Filter": 0, "Workers": []}]}]}, {"Node Type": "Index Only Scan", "Parent Relationship": "Inner", "Parallel Aware": false, "Async Capable": false, "Scan Direction": "Forward", "Index Name": "catalog_sales_pkey", "Relation Name": "catalog_sales", "Alias": "catalog_sales", "Startup Cost": 0.43, "Total Cost": 3.15, "Plan Rows": 155, "Plan Width": 4, "Actual Rows": 0, "Actual Loops": 0, "Index Cond": "(cs_item_sk = inventory.inv_item_sk)", "Rows Removed by Index Recheck": 0, "Heap Fetches": 0, "Workers": []}]}]}]}]}, "Planning Time": 2.354, "Triggers": [], "Execution Time": 101.372}, {"Plan": {"Node Type": "Aggregate", "Strategy": "Plain", "Partial Mode": "Finalize", "Parallel Aware": false, "Async Capable": false, "Startup Cost": 1087523.64, "Total Cost": 1087523.65, "Plan Rows": 1, "Plan Width": 8, "Plans": [{"Node Type": "Gather", "Parent Relationship": "Outer", "Parallel Aware": false, "Async Capable": false, "Startup Cost": 1087523.52, "Total Cost": 1087523.63, "Plan Rows": 1, "Plan Width": 8, "Workers Planned": 1, "Single Copy": false, "Plans": [{"Node Type": "Aggregate", "Strategy": "Plain", "Partial Mode": "Partial", "Parent Relationship": "Outer", "Parallel Aware": false, "Async Capable": false, "Startup Cost": 1086523.52, "Total Cost": 1086523.53, "Plan Rows": 1, "Plan Width": 8, "Plans": [{"Node Type": "Hash Join", "Parent Relationship": "Outer", "Parallel Aware": true, "Async Capable": false, "Join Type": "Inner", "Startup Cost": 1084416.27, "Total Cost": 1086523.11, "Plan Rows": 166, "Plan Width": 0, "Inner Unique": false, "Hash Cond": "(date_dim.d_date_sk = inventory.inv_date_sk)", "Plans": [{"Node Type": "Seq Scan", "Parent Relationship": "Outer", "Parallel Aware": true, "Async Capable": false, "Relation Name": "date_dim", "Alias": "date_dim", "Startup Cost": 0.0, "Total Cost": 2068.55, "Plan Rows": 36, "Plan Width": 4, "Filter": "((d_date >= '2002-02-08'::date) AND (d_date <= '2002-04-09 00:00:00'::timestamp without time zone))"}, {"Node Type": "Hash", "Parent Relationship": "Inner", "Parallel Aware": true, "Async Capable": false, "Startup Cost": 1083540.61, "Total Cost": 1083540.61, "Plan Rows": 70053, "Plan Width": 4, "Plans": [{"Node Type": "Nested Loop", "Parent Relationship": "Outer", "Parallel Aware": false, "Async Capable": false, "Join Type": "Inner", "Startup Cost": 7894.47, "Total Cost": 1083540.61, "Plan Rows": 70053, "Plan Width": 4, "Inner Unique": false, "Join Filter": "(inventory.inv_item_sk = catalog_sales.cs_item_sk)", "Plans": [{"Node Type": "Hash Join", "Parent Relationship": "Outer", "Parallel Aware": true, "Async Capable": false, "Join Type": "Inner", "Startup Cost": 7894.02, "Total Cost": 1082327.0, "Plan Rows": 496, "Plan Width": 12, "Inner Unique": true, "Hash Cond": "(inventory.inv_item_sk = item.i_item_sk)", "Plans": [{"Node Type": "Seq Scan", "Parent Relationship": "Outer", "Parallel Aware": true, "Async Capable": false, "Relation Name": "inventory", "Alias": "inventory", "Startup Cost": 0.0, "Total Cost": 1052290.26, "Plan Rows": 8434967, "Plan Width": 8, "Filter": "((inv_quantity_on_hand >= 100) AND (inv_quantity_on_hand <= 500))"}, {"Node Type": "Hash", "Parent Relationship": "Inner", "Parallel Aware": true, "Async Capable": false, "Startup Cost": 7894.0, "Total Cost": 7894.0, "Plan Rows": 2, "Plan Width": 4, "Plans": [{"Node Type": "Seq Scan", "Parent Relationship": "Outer", "Parallel Aware": true, "Async Capable": false, "Relation Name": "item", "Alias": "item", "Startup Cost": 0.0, "Total Cost": 7894.0, "Plan Rows": 2, "Plan Width": 4, "Filter": "((i_current_price >= '49'::numeric) AND (i_current_price <= '79'::numeric) AND (i_manufact_id = ANY ('{890,852,919,844}'::integer[])))"}]}]}, {"Node Type": "Memoize", "Parent Relationship": "Inner", "Parallel Aware": false, "Async Capable": false, "Startup Cost": 0.45, "Total Cost": 7.82, "Plan Rows": 155, "Plan Width": 4, "Cache Key": "item.i_item_sk", "Cache Mode": "logical", "Plans": [{"Node Type": "Index Only Scan", "Parent Relationship": "Outer", "Parallel Aware": false, "Async Capable": false, "Scan Direction": "Forward", "Index Name": "catalog_sales_pkey", "Relation Name": "catalog_sales", "Alias": "catalog_sales", "Startup Cost": 0.43, "Total Cost": 7.81, "Plan Rows": 155, "Plan Width": 4, "Index Cond": "(cs_item_sk = item.i_item_sk)"}]}]}]}]}]}]}]}}, {"Plan": {"Node Type": "Aggregate", "Strategy": "Plain", "Partial Mode": "Finalize", "Parallel Aware": false, "Async Capable": false, "Startup Cost": 336253.52, "Total Cost": 336253.53, "Plan Rows": 1, "Plan Width": 8, "Actual Rows": 1, "Actual Loops": 1, "Plans": [{"Node Type": "Gather", "Parent Relationship": "Outer", "Parallel Aware": false, "Async Capable": false, "Startup Cost": 336252.79, "Total Cost": 336253.5, "Plan Rows": 7, "Plan Width": 8, "Actual Rows": 8, "Actual Loops": 1, "Workers Planned": 7, "Workers Launched": 7, "Single Copy": false, "Plans": [{"Node Type": "Aggregate", "Strategy": "Plain", "Partial Mode": "Partial", "Parent Relationship": "Outer", "Parallel Aware": false, "Async Capable": false, "Startup Cost": 335252.79, "Total Cost": 335252.8, "Plan Rows": 1, "Plan Width": 8, "Actual Rows": 1, "Actual Loops": 8, "Workers": [], "Plans": [{"Node Type": "Hash Join", "Parent Relationship": "Outer", "Parallel Aware": true, "Async Capable": false, "Join Type": "Inner", "Startup Cost": 15069.83, "Total Cost": 335252.69, "Plan Rows": 40, "Plan Width": 0, "Actual Rows": 0, "Actual Loops": 8, "Inner Unique": false, "Hash Cond": "(catalog_sales.cs_item_sk = inventory.inv_item_sk)", "Workers": [], "Plans": [{"Node Type": "Index Only Scan", "Parent Relationship": "Outer", "Parallel Aware": true, "Async Capable": false, "Scan Direction": "Forward", "Index Name": "catalog_sales_pkey", "Relation Name": "catalog_sales", "Alias": "catalog_sales", "Startup Cost": 0.43, "Total Cost": 312468.1, "Plan Rows": 2057326, "Plan Width": 4, "Actual Rows": 0, "Actual Loops": 0, "Heap Fetches": 0, "Workers": []}, {"Node Type": "Hash", "Parent Relationship": "Inner", "Parallel Aware": true, "Async Capable": false, "Startup Cost": 15069.38, "Total Cost": 15069.38, "Plan Rows": 1, "Plan Width": 8, "Actual Rows": 0, "Actual Loops": 8, "Hash Buckets": 1024, "Original Hash Buckets": 1024, "Hash Batches": 1, "Original Hash Batches": 1, "Peak Memory Usage": 0, "Workers": [], "Plans": [{"Node Type": "Nested Loop", "Parent Relationship": "Outer", "Parallel Aware": false, "Async Capable": false, "Join Type": "Inner", "Startup Cost": 0.57, "Total Cost": 15069.38, "Plan Rows": 1, "Plan Width": 8, "Actual Rows": 0, "Actual Loops": 8, "Inner Unique": false, "Workers": [], "Plans": [{"Node Type": "Seq Scan", "Parent Relationship": "Outer", "Parallel Aware": true, "Async Capable": false, "Relation Name": "item", "Alias": "item", "Startup Cost": 0.0, "Total Cost": 7894.0, "Plan Rows": 2, "Plan Width": 4, "Actual Rows": 0, "Actual Loops": 8, "Filter": "((i_current_price >= '49'::numeric) AND (i_current_price <= '79'::numeric) AND (i_manufact_id = ANY ('{890,852,919,844}'::integer[])))", "Rows Removed by Filter": 12750, "Workers": []}, {"Node Type": "Nested Loop", "Parent Relationship": "Inner", "Parallel Aware": false, "Async Capable": false, "Join Type": "Inner", "Startup Cost": 0.57, "Total Cost": 3586.47, "Plan Rows": 122, "Plan Width": 4, "Actual Rows": 0, "Actual Loops": 3, "Inner Unique": false, "Workers": [], "Plans": [{"Node Type": "Seq Scan", "Parent Relationship": "Outer", "Parallel Aware": false, "Async Capable": false, "Relation Name": "date_dim", "Alias": "date_dim", "Startup Cost": 0.0, "Total Cost": 2519.73, "Plan Rows": 61, "Plan Width": 4, "Actual Rows": 61, "Actual Loops": 3, "Filter": "((d_date >= '2002-02-08'::date) AND (d_date <= '2002-04-09 00:00:00'::timestamp without time zone))", "Rows Removed by Filter": 72988, "Workers": []}, {"Node Type": "Index Scan", "Parent Relationship": "Inner", "Parallel Aware": false, "Async Capable": false, "Scan Direction": "Forward", "Index Name": "inventory_pkey", "Relation Name": "inventory", "Alias": "inventory", "Startup Cost": 0.57, "Total Cost": 17.47, "Plan Rows": 2, "Plan Width": 8, "Actual Rows": 0, "Actual Loops": 183, "Index Cond": "((inv_date_sk = date_dim.d_date_sk) AND (inv_item_sk = item.i_item_sk))", "Rows Removed by Index Recheck": 0, "Filter": "((inv_quantity_on_hand >= 100) AND (inv_quantity_on_hand <= 500))", "Rows Removed by Filter": 0, "Workers": []}]}]}]}]}]}]}]}, "Planning Time": 2.47, "Triggers": [], "Execution Time": 61.031}, {"Plan": {"Node Type": "Aggregate", "Strategy": "Plain", "Partial Mode": "Finalize", "Parallel Aware": false, "Async Capable": false, "Startup Cost": 16074.6, "Total Cost": 16074.61, "Plan Rows": 1, "Plan Width": 8, "Actual Rows": 1, "Actual Loops": 1, "Plans": [{"Node Type": "Gather", "Parent Relationship": "Outer", "Parallel Aware": false, "Async Capable": false, "Startup Cost": 16074.38, "Total Cost": 16074.59, "Plan Rows": 2, "Plan Width": 8, "Actual Rows": 3, "Actual Loops": 1, "Workers Planned": 2, "Workers Launched": 2, "Single Copy": false, "Plans": [{"Node Type": "Aggregate", "Strategy": "Plain", "Partial Mode": "Partial", "Parent Relationship": "Outer", "Parallel Aware": false, "Async Capable": false, "Startup Cost": 15074.38, "Total Cost": 15074.39, "Plan Rows": 1, "Plan Width": 8, "Actual Rows": 1, "Actual Loops": 3, "Workers": [], "Plans": [{"Node Type": "Nested Loop", "Parent Relationship": "Outer", "Parallel Aware": false, "Async Capable": false, "Join Type": "Inner", "Startup Cost": 1.0, "Total Cost": 15074.09, "Plan Rows": 118, "Plan Width": 0, "Actual Rows": 0, "Actual Loops": 3, "Inner Unique": false, "Workers": [], "Plans": [{"Node Type": "Nested Loop", "Parent Relationship": "Outer", "Parallel Aware": false, "Async Capable": false, "Join Type": "Inner", "Startup Cost": 0.57, "Total Cost": 15069.38, "Plan Rows": 1, "Plan Width": 8, "Actual Rows": 0, "Actual Loops": 3, "Inner Unique": false, "Workers": [], "Plans": [{"Node Type": "Seq Scan", "Parent Relationship": "Outer", "Parallel Aware": true, "Async Capable": false, "Relation Name": "item", "Alias": "item", "Startup Cost": 0.0, "Total Cost": 7894.0, "Plan Rows": 2, "Plan Width": 4, "Actual Rows": 1, "Actual Loops": 3, "Filter": "((i_current_price >= '49'::numeric) AND (i_current_price <= '79'::numeric) AND (i_manufact_id = ANY ('{890,852,919,844}'::integer[])))", "Rows Removed by Filter": 33999, "Workers": []}, {"Node Type": "Nested Loop", "Parent Relationship": "Inner", "Parallel Aware": false, "Async Capable": false, "Join Type": "Inner", "Startup Cost": 0.57, "Total Cost": 3586.47, "Plan Rows": 122, "Plan Width": 4, "Actual Rows": 0, "Actual Loops": 3, "Inner Unique": false, "Workers": [], "Plans": [{"Node Type": "Seq Scan", "Parent Relationship": "Outer", "Parallel Aware": false, "Async Capable": false, "Relation Name": "date_dim", "Alias": "date_dim", "Startup Cost": 0.0, "Total Cost": 2519.73, "Plan Rows": 61, "Plan Width": 4, "Actual Rows": 61, "Actual Loops": 3, "Filter": "((d_date >= '2002-02-08'::date) AND (d_date <= '2002-04-09 00:00:00'::timestamp without time zone))", "Rows Removed by Filter": 72988, "Workers": []}, {"Node Type": "Index Scan", "Parent Relationship": "Inner", "Parallel Aware": false, "Async Capable": false, "Scan Direction": "Forward", "Index Name": "inventory_pkey", "Relation Name": "inventory", "Alias": "inventory", "Startup Cost": 0.57, "Total Cost": 17.47, "Plan Rows": 2, "Plan Width": 8, "Actual Rows": 0, "Actual Loops": 183, "Index Cond": "((inv_date_sk = date_dim.d_date_sk) AND (inv_item_sk = item.i_item_sk))", "Rows Removed by Index Recheck": 0, "Filter": "((inv_quantity_on_hand >= 100) AND (inv_quantity_on_hand <= 500))", "Rows Removed by Filter": 0, "Workers": []}]}]}, {"Node Type": "Index Only Scan", "Parent Relationship": "Inner", "Parallel Aware": false, "Async Capable": false, "Scan Direction": "Forward", "Index Name": "catalog_sales_pkey", "Relation Name": "catalog_sales", "Alias": "catalog_sales", "Startup Cost": 0.43, "Total Cost": 3.15, "Plan Rows": 155, "Plan Width": 4, "Actual Rows": 0, "Actual Loops": 0, "Index Cond": "(cs_item_sk = inventory.inv_item_sk)", "Rows Removed by Index Recheck": 0, "Heap Fetches": 0, "Workers": []}]}]}]}]}, "Planning Time": 2.472, "Triggers": [], "Execution Time": 101.35}, {"Plan": {"Node Type": "Aggregate", "Strategy": "Plain", "Partial Mode": "Finalize", "Parallel Aware": false, "Async Capable": false, "Startup Cost": 1085957.56, "Total Cost": 1085957.57, "Plan Rows": 1, "Plan Width": 8, "Actual Rows": 1, "Actual Loops": 1, "Plans": [{"Node Type": "Gather", "Parent Relationship": "Outer", "Parallel Aware": false, "Async Capable": false, "Startup Cost": 1085956.93, "Total Cost": 1085957.54, "Plan Rows": 6, "Plan Width": 8, "Actual Rows": 7, "Actual Loops": 1, "Workers Planned": 6, "Workers Launched": 6, "Single Copy": false, "Plans": [{"Node Type": "Aggregate", "Strategy": "Plain", "Partial Mode": "Partial", "Parent Relationship": "Outer", "Parallel Aware": false, "Async Capable": false, "Startup Cost": 1084956.93, "Total Cost": 1084956.94, "Plan Rows": 1, "Plan Width": 8, "Actual Rows": 1, "Actual Loops": 7, "Workers": [], "Plans": [{"Node Type": "Hash Join", "Parent Relationship": "Outer", "Parallel Aware": true, "Async Capable": false, "Join Type": "Inner", "Startup Cost": 9986.14, "Total Cost": 1084956.81, "Plan Rows": 47, "Plan Width": 0, "Actual Rows": 0, "Actual Loops": 7, "Inner Unique": false, "Hash Cond": "(inventory.inv_item_sk = item.i_item_sk)", "Workers": [], "Plans": [{"Node Type": "Hash Join", "Parent Relationship": "Outer", "Parallel Aware": true, "Async Capable": false, "Join Type": "Inner", "Startup Cost": 2069.0, "Total Cost": 1076502.33, "Plan Rows": 7044, "Plan Width": 4, "Actual Rows": 221788, "Actual Loops": 7, "Inner Unique": true, "Hash Cond": "(inventory.inv_date_sk = date_dim.d_date_sk)", "Workers": [], "Plans": [{"Node Type": "Seq Scan", "Parent Relationship": "Outer", "Parallel Aware": true, "Async Capable": false, "Relation Name": "inventory", "Alias": "inventory", "Startup Cost": 0.0, "Total Cost": 1052290.26, "Plan Rows": 8434967, "Plan Width": 8, "Actual Rows": 7237367, "Actual Loops": 7, "Filter": "((inv_quantity_on_hand >= 100) AND (inv_quantity_on_hand <= 500))", "Rows Removed by Filter": 11778347, "Workers": []}, {"Node Type": "Hash", "Parent Relationship": "Inner", "Parallel Aware": true, "Async Capable": false, "Startup Cost": 2068.55, "Total Cost": 2068.55, "Plan Rows": 36, "Plan Width": 4, "Actual Rows": 9, "Actual Loops": 7, "Hash Buckets": 1024, "Original Hash Buckets": 1024, "Hash Batches": 1, "Original Hash Batches": 1, "Peak Memory Usage": 72, "Workers": [], "Plans": [{"Node Type": "Seq Scan", "Parent Relationship": "Outer", "Parallel Aware": true, "Async Capable": false, "Relation Name": "date_dim", "Alias": "date_dim", "Startup Cost": 0.0, "Total Cost": 2068.55, "Plan Rows": 36, "Plan Width": 4, "Actual Rows": 9, "Actual Loops": 7, "Filter": "((d_date >= '2002-02-08'::date) AND (d_date <= '2002-04-09 00:00:00'::timestamp without time zone))", "Rows Removed by Filter": 10427, "Workers": []}]}]}, {"Node Type": "Hash", "Parent Relationship": "Inner", "Parallel Aware": true, "Async Capable": false, "Startup Cost": 7912.73, "Total Cost": 7912.73, "Plan Rows": 353, "Plan Width": 8, "Actual Rows": 58, "Actual Loops": 7, "Hash Buckets": 1024, "Original Hash Buckets": 1024, "Hash Batches": 1, "Original Hash Batches": 1, "Peak Memory Usage": 72, "Workers": [], "Plans": [{"Node Type": "Nested Loop", "Parent Relationship": "Outer", "Parallel Aware": false, "Async Capable": false, "Join Type": "Inner", "Startup Cost": 0.43, "Total Cost": 7912.73, "Plan Rows": 353, "Plan Width": 8, "Actual Rows": 58, "Actual Loops": 7, "Inner Unique": false, "Workers": [], "Plans": [{"Node Type": "Seq Scan", "Parent Relationship": "Outer", "Parallel Aware": true, "Async Capable": false, "Relation Name": "item", "Alias": "item", "Startup Cost": 0.0, "Total Cost": 7894.0, "Plan Rows": 2, "Plan Width": 4, "Actual Rows": 0, "Actual Loops": 7, "Filter": "((i_current_price >= '49'::numeric) AND (i_current_price <= '79'::numeric) AND (i_manufact_id = ANY ('{890,852,919,844}'::integer[])))", "Rows Removed by Filter": 14571, "Workers": []}, {"Node Type": "Index Only Scan", "Parent Relationship": "Inner", "Parallel Aware": false, "Async Capable": false, "Scan Direction": "Forward", "Index Name": "catalog_sales_pkey", "Relation Name": "catalog_sales", "Alias": "catalog_sales", "Startup Cost": 0.43, "Total Cost": 7.81, "Plan Rows": 155, "Plan Width": 4, "Actual Rows": 136, "Actual Loops": 3, "Index Cond": "(cs_item_sk = item.i_item_sk)", "Rows Removed by Index Recheck": 0, "Heap Fetches": 0, "Workers": []}]}]}]}]}]}]}, "Planning Time": 3.175, "Triggers": [], "Execution Time": 2076.872}, {"Plan": {"Node Type": "Aggregate", "Strategy": "Plain", "Partial Mode": "Finalize", "Parallel Aware": false, "Async Capable": false, "Startup Cost": 1085505.18, "Total Cost": 1085505.19, "Plan Rows": 1, "Plan Width": 8, "Plans": [{"Node Type": "Gather", "Parent Relationship": "Outer", "Parallel Aware": false, "Async Capable": false, "Startup Cost": 1085504.96, "Total Cost": 1085505.17, "Plan Rows": 2, "Plan Width": 8, "Workers Planned": 2, "Single Copy": false, "Plans": [{"Node Type": "Aggregate", "Strategy": "Plain", "Partial Mode": "Partial", "Parent Relationship": "Outer", "Parallel Aware": false, "Async Capable": false, "Startup Cost": 1084504.96, "Total Cost": 1084504.97, "Plan Rows": 1, "Plan Width": 8, "Plans": [{"Node Type": "Hash Join", "Parent Relationship": "Outer", "Parallel Aware": true, "Async Capable": false, "Join Type": "Inner", "Startup Cost": 1076590.81, "Total Cost": 1084504.67, "Plan Rows": 118, "Plan Width": 0, "Inner Unique": false, "Hash Cond": "(item.i_item_sk = inventory.inv_item_sk)", "Plans": [{"Node Type": "Nested Loop", "Parent Relationship": "Outer", "Parallel Aware": false, "Async Capable": false, "Join Type": "Inner", "Startup Cost": 0.43, "Total Cost": 7912.73, "Plan Rows": 353, "Plan Width": 8, "Inner Unique": false, "Plans": [{"Node Type": "Seq Scan", "Parent Relationship": "Outer", "Parallel Aware": true, "Async Capable": false, "Relation Name": "item", "Alias": "item", "Startup Cost": 0.0, "Total Cost": 7894.0, "Plan Rows": 2, "Plan Width": 4, "Filter": "((i_current_price >= '49'::numeric) AND (i_current_price <= '79'::numeric) AND (i_manufact_id = ANY ('{890,852,919,844}'::integer[])))"}, {"Node Type": "Index Only Scan", "Parent Relationship": "Inner", "Parallel Aware": false, "Async Capable": false, "Scan Direction": "Forward", "Index Name": "catalog_sales_pkey", "Relation Name": "catalog_sales", "Alias": "catalog_sales", "Startup Cost": 0.43, "Total Cost": 7.81, "Plan Rows": 155, "Plan Width": 4, "Index Cond": "(cs_item_sk = item.i_item_sk)"}]}, {"Node Type": "Hash", "Parent Relationship": "Inner", "Parallel Aware": true, "Async Capable": false, "Startup Cost": 1076502.33, "Total Cost": 1076502.33, "Plan Rows": 7044, "Plan Width": 4, "Plans": [{"Node Type": "Hash Join", "Parent Relationship": "Outer", "Parallel Aware": true, "Async Capable": false, "Join Type": "Inner", "Startup Cost": 2069.0, "Total Cost": 1076502.33, "Plan Rows": 7044, "Plan Width": 4, "Inner Unique": true, "Hash Cond": "(inventory.inv_date_sk = date_dim.d_date_sk)", "Plans": [{"Node Type": "Seq Scan", "Parent Relationship": "Outer", "Parallel Aware": true, "Async Capable": false, "Relation Name": "inventory", "Alias": "inventory", "Startup Cost": 0.0, "Total Cost": 1052290.26, "Plan Rows": 8434967, "Plan Width": 8, "Filter": "((inv_quantity_on_hand >= 100) AND (inv_quantity_on_hand <= 500))"}, {"Node Type": "Hash", "Parent Relationship": "Inner", "Parallel Aware": true, "Async Capable": false, "Startup Cost": 2068.55, "Total Cost": 2068.55, "Plan Rows": 36, "Plan Width": 4, "Plans": [{"Node Type": "Seq Scan", "Parent Relationship": "Outer", "Parallel Aware": true, "Async Capable": false, "Relation Name": "date_dim", "Alias": "date_dim", "Startup Cost": 0.0, "Total Cost": 2068.55, "Plan Rows": 36, "Plan Width": 4, "Filter": "((d_date >= '2002-02-08'::date) AND (d_date <= '2002-04-09 00:00:00'::timestamp without time zone))"}]}]}]}]}]}]}]}}, {"Plan": {"Node Type": "Aggregate", "Strategy": "Plain", "Partial Mode": "Finalize", "Parallel Aware": false, "Async Capable": false, "Startup Cost": 1121387.96, "Total Cost": 1121387.97, "Plan Rows": 1, "Plan Width": 8, "Plans": [{"Node Type": "Gather", "Parent Relationship": "Outer", "Parallel Aware": false, "Async Capable": false, "Startup Cost": 1121387.34, "Total Cost": 1121387.95, "Plan Rows": 6, "Plan Width": 8, "Workers Planned": 6, "Single Copy": false, "Plans": [{"Node Type": "Aggregate", "Strategy": "Plain", "Partial Mode": "Partial", "Parent Relationship": "Outer", "Parallel Aware": false, "Async Capable": false, "Startup Cost": 1120387.34, "Total Cost": 1120387.35, "Plan Rows": 1, "Plan Width": 8, "Plans": [{"Node Type": "Hash Join", "Parent Relationship": "Outer", "Parallel Aware": true, "Async Capable": false, "Join Type": "Inner", "Startup Cost": 9963.46, "Total Cost": 1120387.22, "Plan Rows": 47, "Plan Width": 0, "Inner Unique": true, "Hash Cond": "(inventory.inv_item_sk = item.i_item_sk)", "Plans": [{"Node Type": "Nested Loop", "Parent Relationship": "Outer", "Parallel Aware": false, "Async Capable": false, "Join Type": "Inner", "Startup Cost": 2069.43, "Total Cost": 1109622.12, "Plan Rows": 1093696, "Plan Width": 8, "Inner Unique": false, "Plans": [{"Node Type": "Hash Join", "Parent Relationship": "Outer", "Parallel Aware": true, "Async Capable": false, "Join Type": "Inner", "Startup Cost": 2069.0, "Total Cost": 1076502.33, "Plan Rows": 7044, "Plan Width": 4, "Inner Unique": true, "Hash Cond": "(inventory.inv_date_sk = date_dim.d_date_sk)", "Plans": [{"Node Type": "Seq Scan", "Parent Relationship": "Outer", "Parallel Aware": true, "Async Capable": false, "Relation Name": "inventory", "Alias": "inventory", "Startup Cost": 0.0, "Total Cost": 1052290.26, "Plan Rows": 8434967, "Plan Width": 8, "Filter": "((inv_quantity_on_hand >= 100) AND (inv_quantity_on_hand <= 500))"}, {"Node Type": "Hash", "Parent Relationship": "Inner", "Parallel Aware": true, "Async Capable": false, "Startup Cost": 2068.55, "Total Cost": 2068.55, "Plan Rows": 36, "Plan Width": 4, "Plans": [{"Node Type": "Seq Scan", "Parent Relationship": "Outer", "Parallel Aware": true, "Async Capable": false, "Relation Name": "date_dim", "Alias": "date_dim", "Startup Cost": 0.0, "Total Cost": 2068.55, "Plan Rows": 36, "Plan Width": 4, "Filter": "((d_date >= '2002-02-08'::date) AND (d_date <= '2002-04-09 00:00:00'::timestamp without time zone))"}]}]}, {"Node Type": "Index Only Scan", "Parent Relationship": "Inner", "Parallel Aware": false, "Async Capable": false, "Scan Direction": "Forward", "Index Name": "catalog_sales_pkey", "Relation Name": "catalog_sales", "Alias": "catalog_sales", "Startup Cost": 0.43, "Total Cost": 3.15, "Plan Rows": 155, "Plan Width": 4, "Index Cond": "(cs_item_sk = inventory.inv_item_sk)"}]}, {"Node Type": "Hash", "Parent Relationship": "Inner", "Parallel Aware": true, "Async Capable": false, "Startup Cost": 7894.0, "Total Cost": 7894.0, "Plan Rows": 2, "Plan Width": 4, "Plans": [{"Node Type": "Seq Scan", "Parent Relationship": "Outer", "Parallel Aware": true, "Async Capable": false, "Relation Name": "item", "Alias": "item", "Startup Cost": 0.0, "Total Cost": 7894.0, "Plan Rows": 2, "Plan Width": 4, "Filter": "((i_current_price >= '49'::numeric) AND (i_current_price <= '79'::numeric) AND (i_manufact_id = ANY ('{890,852,919,844}'::integer[])))"}]}]}]}]}]}}, {"Plan": {"Node Type": "Aggregate", "Strategy": "Plain", "Partial Mode": "Finalize", "Parallel Aware": false, "Async Capable": false, "Startup Cost": 345672.92, "Total Cost": 345672.93, "Plan Rows": 1, "Plan Width": 8, "Actual Rows": 1, "Actual Loops": 1, "Plans": [{"Node Type": "Gather", "Parent Relationship": "Outer", "Parallel Aware": false, "Async Capable": false, "Startup Cost": 345672.71, "Total Cost": 345672.92, "Plan Rows": 2, "Plan Width": 8, "Actual Rows": 3, "Actual Loops": 1, "Workers Planned": 2, "Workers Launched": 2, "Single Copy": false, "Plans": [{"Node Type": "Aggregate", "Strategy": "Plain", "Partial Mode": "Partial", "Parent Relationship": "Outer", "Parallel Aware": false, "Async Capable": false, "Startup Cost": 344672.71, "Total Cost": 344672.72, "Plan Rows": 1, "Plan Width": 8, "Actual Rows": 1, "Actual Loops": 3, "Workers": [], "Plans": [{"Node Type": "Nested Loop", "Parent Relationship": "Outer", "Parallel Aware": false, "Async Capable": false, "Join Type": "Inner", "Startup Cost": 1.0, "Total Cost": 344672.41, "Plan Rows": 118, "Plan Width": 0, "Actual Rows": 0, "Actual Loops": 3, "Inner Unique": false, "Workers": [], "Plans": [{"Node Type": "Seq Scan", "Parent Relationship": "Outer", "Parallel Aware": true, "Async Capable": false, "Relation Name": "item", "Alias": "item", "Startup Cost": 0.0, "Total Cost": 7894.0, "Plan Rows": 2, "Plan Width": 4, "Actual Rows": 1, "Actual Loops": 3, "Filter": "((i_current_price >= '49'::numeric) AND (i_current_price <= '79'::numeric) AND (i_manufact_id = ANY ('{890,852,919,844}'::integer[])))", "Rows Removed by Filter": 33999, "Workers": []}, {"Node Type": "Nested Loop", "Parent Relationship": "Inner", "Parallel Aware": false, "Async Capable": false, "Join Type": "Inner", "Startup Cost": 1.0, "Total Cost": 168388.6, "Plan Rows": 61, "Plan Width": 8, "Actual Rows": 0, "Actual Loops": 3, "Inner Unique": false, "Workers": [], "Plans": [{"Node Type": "Seq Scan", "Parent Relationship": "Outer", "Parallel Aware": false, "Async Capable": false, "Relation Name": "date_dim", "Alias": "date_dim", "Startup Cost": 0.0, "Total Cost": 2519.73, "Plan Rows": 61, "Plan Width": 4, "Actual Rows": 61, "Actual Loops": 3, "Filter": "((d_date >= '2002-02-08'::date) AND (d_date <= '2002-04-09 00:00:00'::timestamp without time zone))", "Rows Removed by Filter": 72988, "Workers": []}, {"Node Type": "Nested Loop", "Parent Relationship": "Inner", "Parallel Aware": false, "Async Capable": false, "Join Type": "Inner", "Startup Cost": 1.0, "Total Cost": 2719.15, "Plan Rows": 1, "Plan Width": 12, "Actual Rows": 0, "Actual Loops": 183, "Inner Unique": false, "Join Filter": "(item.i_item_sk = inventory.inv_item_sk)", "Rows Removed by Join Filter": 0, "Workers": [], "Plans": [{"Node Type": "Index Only Scan", "Parent Relationship": "Outer", "Parallel Aware": false, "Async Capable": false, "Scan Direction": "Forward", "Index Name": "catalog_sales_pkey", "Relation Name": "catalog_sales", "Alias": "catalog_sales", "Startup Cost": 0.43, "Total Cost": 7.81, "Plan Rows": 155, "Plan Width": 4, "Actual Rows": 136, "Actual Loops": 183, "Index Cond": "(cs_item_sk = item.i_item_sk)", "Rows Removed by Index Recheck": 0, "Heap Fetches": 0, "Workers": []}, {"Node Type": "Index Scan", "Parent Relationship": "Inner", "Parallel Aware": false, "Async Capable": false, "Scan Direction": "Forward", "Index Name": "inventory_pkey", "Relation Name": "inventory", "Alias": "inventory", "Startup Cost": 0.57, "Total Cost": 17.47, "Plan Rows": 2, "Plan Width": 8, "Actual Rows": 0, "Actual Loops": 24949, "Index Cond": "((inv_date_sk = date_dim.d_date_sk) AND (inv_item_sk = catalog_sales.cs_item_sk))", "Rows Removed by Index Recheck": 0, "Filter": "((inv_quantity_on_hand >= 100) AND (inv_quantity_on_hand <= 500))", "Rows Removed by Filter": 0, "Workers": []}]}]}]}]}]}]}, "Planning Time": 2.265, "Triggers": [], "Execution Time": 112.654}, {"Plan": {"Node Type": "Aggregate", "Strategy": "Plain", "Partial Mode": "Finalize", "Parallel Aware": false, "Async Capable": false, "Startup Cost": 1086375.22, "Total Cost": 1086375.23, "Plan Rows": 1, "Plan Width": 8, "Actual Rows": 1, "Actual Loops": 1, "Plans": [{"Node Type": "Gather", "Parent Relationship": "Outer", "Parallel Aware": false, "Async Capable": false, "Startup Cost": 1086374.6, "Total Cost": 1086375.21, "Plan Rows": 6, "Plan Width": 8, "Actual Rows": 7, "Actual Loops": 1, "Workers Planned": 6, "Workers Launched": 6, "Single Copy": false, "Plans": [{"Node Type": "Aggregate", "Strategy": "Plain", "Partial Mode": "Partial", "Parent Relationship": "Outer", "Parallel Aware": false, "Async Capable": false, "Startup Cost": 1085374.6, "Total Cost": 1085374.61, "Plan Rows": 1, "Plan Width": 8, "Actual Rows": 1, "Actual Loops": 7, "Workers": [], "Plans": [{"Node Type": "Nested Loop", "Parent Relationship": "Outer", "Parallel Aware": false, "Async Capable": false, "Join Type": "Inner", "Startup Cost": 7894.77, "Total Cost": 1085374.48, "Plan Rows": 47, "Plan Width": 0, "Actual Rows": 0, "Actual Loops": 7, "Inner Unique": true, "Workers": [], "Plans": [{"Node Type": "Nested Loop", "Parent Relationship": "Outer", "Parallel Aware": false, "Async Capable": false, "Join Type": "Inner", "Startup Cost": 7894.47, "Total Cost": 1083540.61, "Plan Rows": 70053, "Plan Width": 4, "Actual Rows": 28817, "Actual Loops": 7, "Inner Unique": false, "Join Filter": "(inventory.inv_item_sk = catalog_sales.cs_item_sk)", "Rows Removed by Join Filter": 0, "Workers": [], "Plans": [{"Node Type": "Hash Join", "Parent Relationship": "Outer", "Parallel Aware": true, "Async Capable": false, "Join Type": "Inner", "Startup Cost": 7894.02, "Total Cost": 1082327.0, "Plan Rows": 496, "Plan Width": 12, "Actual Rows": 205, "Actual Loops": 7, "Inner Unique": true, "Hash Cond": "(inventory.inv_item_sk = item.i_item_sk)", "Workers": [], "Plans": [{"Node Type": "Seq Scan", "Parent Relationship": "Outer", "Parallel Aware": true, "Async Capable": false, "Relation Name": "inventory", "Alias": "inventory", "Startup Cost": 0.0, "Total Cost": 1052290.26, "Plan Rows": 8434967, "Plan Width": 8, "Actual Rows": 7237367, "Actual Loops": 7, "Filter": "((inv_quantity_on_hand >= 100) AND (inv_quantity_on_hand <= 500))", "Rows Removed by Filter": 11778347, "Workers": []}, {"Node Type": "Hash", "Parent Relationship": "Inner", "Parallel Aware": true, "Async Capable": false, "Startup Cost": 7894.0, "Total Cost": 7894.0, "Plan Rows": 2, "Plan Width": 4, "Actual Rows": 0, "Actual Loops": 7, "Hash Buckets": 1024, "Original Hash Buckets": 1024, "Hash Batches": 1, "Original Hash Batches": 1, "Peak Memory Usage": 72, "Workers": [], "Plans": [{"Node Type": "Seq Scan", "Parent Relationship": "Outer", "Parallel Aware": true, "Async Capable": false, "Relation Name": "item", "Alias": "item", "Startup Cost": 0.0, "Total Cost": 7894.0, "Plan Rows": 2, "Plan Width": 4, "Actual Rows": 0, "Actual Loops": 7, "Filter": "((i_current_price >= '49'::numeric) AND (i_current_price <= '79'::numeric) AND (i_manufact_id = ANY ('{890,852,919,844}'::integer[])))", "Rows Removed by Filter": 14571, "Workers": []}]}]}, {"Node Type": "Memoize", "Parent Relationship": "Inner", "Parallel Aware": false, "Async Capable": false, "Startup Cost": 0.45, "Total Cost": 7.82, "Plan Rows": 155, "Plan Width": 4, "Actual Rows": 141, "Actual Loops": 1433, "Cache Key": "item.i_item_sk", "Cache Mode": "logical", "Cache Hits": 217, "Cache Misses": 3, "Cache Evictions": 0, "Cache Overflows": 0, "Peak Memory Usage": 15, "Workers": [{"Worker Number": 0, "Cache Hits": 207, "Cache Misses": 3, "Cache Evictions": 0, "Cache Overflows": 0, "Peak Memory Usage": 15}, {"Worker Number": 1, "Cache Hits": 210, "Cache Misses": 3, "Cache Evictions": 0, "Cache Overflows": 0, "Peak Memory Usage": 15}, {"Worker Number": 2, "Cache Hits": 197, "Cache Misses": 3, "Cache Evictions": 0, "Cache Overflows": 0, "Peak Memory Usage": 15}, {"Worker Number": 3, "Cache Hits": 182, "Cache Misses": 3, "Cache Evictions": 0, "Cache Overflows": 0, "Peak Memory Usage": 15}, {"Worker Number": 4, "Cache Hits": 219, "Cache Misses": 3, "Cache Evictions": 0, "Cache Overflows": 0, "Peak Memory Usage": 15}, {"Worker Number": 5, "Cache Hits": 180, "Cache Misses": 3, "Cache Evictions": 0, "Cache Overflows": 0, "Peak Memory Usage": 15}], "Plans": [{"Node Type": "Index Only Scan", "Parent Relationship": "Outer", "Parallel Aware": false, "Async Capable": false, "Scan Direction": "Forward", "Index Name": "catalog_sales_pkey", "Relation Name": "catalog_sales", "Alias": "catalog_sales", "Startup Cost": 0.43, "Total Cost": 7.81, "Plan Rows": 155, "Plan Width": 4, "Actual Rows": 136, "Actual Loops": 21, "Index Cond": "(cs_item_sk = item.i_item_sk)", "Rows Removed by Index Recheck": 0, "Heap Fetches": 0, "Workers": []}]}]}, {"Node Type": "Memoize", "Parent Relationship": "Inner", "Parallel Aware": false, "Async Capable": false, "Startup Cost": 0.3, "Total Cost": 0.33, "Plan Rows": 1, "Plan Width": 4, "Actual Rows": 0, "Actual Loops": 201716, "Cache Key": "inventory.inv_date_sk", "Cache Mode": "logical", "Cache Hits": 30756, "Cache Misses": 143, "Cache Evictions": 0, "Cache Overflows": 0, "Peak Memory Usage": 10, "Workers": [{"Worker Number": 0, "Cache Hits": 29618, "Cache Misses": 130, "Cache Evictions": 0, "Cache Overflows": 0, "Peak Memory Usage": 9}, {"Worker Number": 1, "Cache Hits": 29678, "Cache Misses": 132, "Cache Evictions": 0, "Cache Overflows": 0, "Peak Memory Usage": 9}, {"Worker Number": 2, "Cache Hits": 28038, "Cache Misses": 127, "Cache Evictions": 0, "Cache Overflows": 0, "Peak Memory Usage": 9}, {"Worker Number": 3, "Cache Hits": 26056, "Cache Misses": 119, "Cache Evictions": 0, "Cache Overflows": 0, "Peak Memory Usage": 8}, {"Worker Number": 4, "Cache Hits": 31099, "Cache Misses": 143, "Cache Evictions": 0, "Cache Overflows": 0, "Peak Memory Usage": 10}, {"Worker Number": 5, "Cache Hits": 25550, "Cache Misses": 127, "Cache Evictions": 0, "Cache Overflows": 0, "Peak Memory Usage": 9}], "Plans": [{"Node Type": "Index Scan", "Parent Relationship": "Outer", "Parallel Aware": false, "Async Capable": false, "Scan Direction": "Forward", "Index Name": "date_dim_pkey", "Relation Name": "date_dim", "Alias": "date_dim", "Startup Cost": 0.29, "Total Cost": 0.32, "Plan Rows": 1, "Plan Width": 4, "Actual Rows": 0, "Actual Loops": 921, "Index Cond": "(d_date_sk = inventory.inv_date_sk)", "Rows Removed by Index Recheck": 0, "Filter": "((d_date >= '2002-02-08'::date) AND (d_date <= '2002-04-09 00:00:00'::timestamp without time zone))", "Rows Removed by Filter": 1, "Workers": []}]}]}]}]}]}, "Planning Time": 3.22, "Triggers": [], "Execution Time": 2008.393}]