{"Plan": {"Node Type": "Aggregate", "Strategy": "Plain", "Partial Mode": "Simple", "Parallel Aware": false, "Async Capable": false, "Startup Cost": 3172.44, "Total Cost": 3172.45, "Plan Rows": 1, "Plan Width": 8, "Actual Rows": 1, "Actual Loops": 1, "Plans": [{"Node Type": "Nested Loop", "Parent Relationship": "Outer", "Parallel Aware": false, "Async Capable": false, "Join Type": "Inner", "Startup Cost": 1.01, "Total Cost": 3074.45, "Plan Rows": 39197, "Plan Width": 0, "Actual Rows": 200, "Actual Loops": 1, "Inner Unique": false, "Plans": [{"Node Type": "Merge Join", "Parent Relationship": "Outer", "Parallel Aware": false, "Async Capable": false, "Join Type": "Inner", "Startup Cost": 0.71, "Total Cost": 2950.41, "Plan Rows": 136, "Plan Width": 8, "Actual Rows": 40, "Actual Loops": 1, "Inner Unique": true, "Merge Cond": "(v.userid = u.id)", "Plans": [{"Node Type": "Index Scan", "Parent Relationship": "Outer", "Parallel Aware": false, "Async Capable": false, "Scan Direction": "Forward", "Index Name": "idx_votes_userid", "Relation Name": "votes", "Alias": "v", "Startup Cost": 0.42, "Total Cost": 12422.47, "Plan Rows": 1649, "Plan Width": 4, "Actual Rows": 1038, "Actual Loops": 1, "Filter": "(bountyamount <= 100)", "Rows Removed by Filter": 36591}, {"Node Type": "Index Scan", "Parent Relationship": "Inner", "Parallel Aware": false, "Async Capable": false, "Scan Direction": "Forward", "Index Name": "users_pkey", "Relation Name": "users", "Alias": "u", "Startup Cost": 0.29, "Total Cost": 1558.79, "Plan Rows": 31457, "Plan Width": 4, "Actual Rows": 31439, "Actual Loops": 1, "Filter": "((creationdate <= '2014-09-12 03:25:34'::timestamp without time zone) AND (upvotes = 0))", "Rows Removed by Filter": 8790}]}, {"Node Type": "Index Scan", "Parent Relationship": "Inner", "Parallel Aware": false, "Async Capable": false, "Scan Direction": "Forward", "Index Name": "idx_comments_userid", "Relation Name": "comments", "Alias": "c", "Startup Cost": 0.29, "Total Cost": 0.78, "Plan Rows": 13, "Plan Width": 4, "Actual Rows": 5, "Actual Loops": 40, "Index Cond": "(userid = u.id)", "Rows Removed by Index Recheck": 0, "Filter": "((creationdate >= '2010-10-01 20:45:26'::timestamp without time zone) AND (creationdate <= '2014-09-05 12:51:17'::timestamp without time zone))", "Rows Removed by Filter": 0}]}]}, "Planning Time": 1.212, "Triggers": [], "Execution Time": 48.71}