{"Plan": {"Node Type": "Aggregate", "Strategy": "Plain", "Partial Mode": "Simple", "Parallel Aware": false, "Async Capable": false, "Startup Cost": 6659.96, "Total Cost": 6659.97, "Plan Rows": 1, "Plan Width": 8, "Actual Rows": 1, "Actual Loops": 1, "Plans": [{"Node Type": "Merge Join", "Parent Relationship": "Outer", "Parallel Aware": false, "Async Capable": false, "Join Type": "Inner", "Startup Cost": 1.01, "Total Cost": 6579.31, "Plan Rows": 32259, "Plan Width": 0, "Actual Rows": 26836, "Actual Loops": 1, "Inner Unique": true, "Merge Cond": "(v.userid = u.id)", "Plans": [{"Node Type": "Nested Loop", "Parent Relationship": "Outer", "Parallel Aware": false, "Async Capable": false, "Join Type": "Inner", "Startup Cost": 0.72, "Total Cost": 41752.42, "Plan Rows": 312285, "Plan Width": 4, "Actual Rows": 28566, "Actual Loops": 1, "Inner Unique": true, "Plans": [{"Node Type": "Index Scan", "Parent Relationship": "Outer", "Parallel Aware": false, "Async Capable": false, "Scan Direction": "Forward", "Index Name": "idx_votes_userid", "Relation Name": "votes", "Alias": "v", "Startup Cost": 0.42, "Total Cost": 12422.47, "Plan Rows": 327982, "Plan Width": 8, "Actual Rows": 34731, "Actual Loops": 1, "Filter": "(creationdate <= '2014-09-12 00:00:00'::timestamp without time zone)", "Rows Removed by Filter": 16}, {"Node Type": "Memoize", "Parent Relationship": "Inner", "Parallel Aware": false, "Async Capable": false, "Startup Cost": 0.3, "Total Cost": 0.34, "Plan Rows": 1, "Plan Width": 4, "Actual Rows": 1, "Actual Loops": 34731, "Cache Key": "v.postid", "Cache Mode": "logical", "Cache Hits": 21974, "Cache Misses": 12757, "Cache Evictions": 0, "Cache Overflows": 0, "Peak Memory Usage": 1270, "Plans": [{"Node Type": "Index Scan", "Parent Relationship": "Outer", "Parallel Aware": false, "Async Capable": false, "Scan Direction": "Forward", "Index Name": "posts_pkey", "Relation Name": "posts", "Alias": "p", "Startup Cost": 0.29, "Total Cost": 0.33, "Plan Rows": 1, "Plan Width": 4, "Actual Rows": 1, "Actual Loops": 12757, "Index Cond": "(id = v.postid)", "Rows Removed by Index Recheck": 0, "Filter": "((score >= '-1'::integer) AND (creationdate >= '2010-10-21 13:21:24'::timestamp without time zone) AND (creationdate <= '2014-09-09 15:12:22'::timestamp without time zone))", "Rows Removed by Filter": 0}]}]}, {"Node Type": "Index Scan", "Parent Relationship": "Inner", "Parallel Aware": false, "Async Capable": false, "Scan Direction": "Forward", "Index Name": "users_pkey", "Relation Name": "users", "Alias": "u", "Startup Cost": 0.29, "Total Cost": 1659.6, "Plan Rows": 39390, "Plan Width": 4, "Actual Rows": 39363, "Actual Loops": 1, "Filter": "((upvotes >= 0) AND (creationdate >= '2010-07-27 17:15:57'::timestamp without time zone) AND (creationdate <= '2014-09-03 12:47:42'::timestamp without time zone))", "Rows Removed by Filter": 962}]}]}, "Planning Time": 1.157, "Triggers": [], "Execution Time": 141.174}