{"Plan": {"Node Type": "Aggregate", "Strategy": "Plain", "Partial Mode": "Finalize", "Parallel Aware": false, "Async Capable": false, "Startup Cost": 13710.82, "Total Cost": 13710.83, "Plan Rows": 1, "Plan Width": 8, "Actual Rows": 1, "Actual Loops": 1, "Plans": [{"Node Type": "Gather", "Parent Relationship": "Outer", "Parallel Aware": false, "Async Capable": false, "Startup Cost": 13710.71, "Total Cost": 13710.82, "Plan Rows": 1, "Plan Width": 8, "Actual Rows": 2, "Actual Loops": 1, "Workers Planned": 1, "Workers Launched": 1, "Single Copy": false, "Plans": [{"Node Type": "Aggregate", "Strategy": "Plain", "Partial Mode": "Partial", "Parent Relationship": "Outer", "Parallel Aware": false, "Async Capable": false, "Startup Cost": 12710.71, "Total Cost": 12710.72, "Plan Rows": 1, "Plan Width": 8, "Actual Rows": 1, "Actual Loops": 2, "Workers": [], "Plans": [{"Node Type": "Hash Join", "Parent Relationship": "Outer", "Parallel Aware": true, "Async Capable": false, "Join Type": "Inner", "Startup Cost": 6784.1, "Total Cost": 12623.09, "Plan Rows": 35046, "Plan Width": 0, "Actual Rows": 88096, "Actual Loops": 2, "Inner Unique": false, "Hash Cond": "(v.postid = p.id)", "Workers": [], "Plans": [{"Node Type": "Seq Scan", "Parent Relationship": "Outer", "Parallel Aware": true, "Async Capable": false, "Relation Name": "votes", "Alias": "v", "Startup Cost": 0.0, "Total Cost": 5054.68, "Plan Rows": 154176, "Plan Width": 4, "Actual Rows": 130990, "Actual Loops": 2, "Filter": "((creationdate <= '2014-09-12 00:00:00'::timestamp without time zone) AND (votetypeid = 2))", "Rows Removed by Filter": 33042, "Workers": []}, {"Node Type": "Hash", "Parent Relationship": "Inner", "Parallel Aware": true, "Async Capable": false, "Startup Cost": 6630.38, "Total Cost": 6630.38, "Plan Rows": 12298, "Plan Width": 12, "Actual Rows": 17517, "Actual Loops": 2, "Hash Buckets": 65536, "Original Hash Buckets": 32768, "Hash Batches": 1, "Original Hash Batches": 1, "Peak Memory Usage": 2432, "Workers": [], "Plans": [{"Node Type": "Hash Join", "Parent Relationship": "Outer", "Parallel Aware": false, "Async Capable": false, "Join Type": "Inner", "Startup Cost": 3499.36, "Total Cost": 6630.38, "Plan Rows": 12298, "Plan Width": 12, "Actual Rows": 17517, "Actual Loops": 2, "Inner Unique": false, "Hash Cond": "(c.postid = p.id)", "Workers": [], "Plans": [{"Node Type": "Seq Scan", "Parent Relationship": "Outer", "Parallel Aware": true, "Async Capable": false, "Relation Name": "comments", "Alias": "c", "Startup Cost": 0.0, "Total Cost": 2625.65, "Plan Rows": 101965, "Plan Width": 4, "Actual Rows": 86676, "Actual Loops": 2, "Filter": "(creationdate >= '2010-08-02 23:52:10'::timestamp without time zone)", "Rows Removed by Filter": 477, "Workers": []}, {"Node Type": "Hash", "Parent Relationship": "Inner", "Parallel Aware": false, "Async Capable": false, "Startup Cost": 3360.69, "Total Cost": 3360.69, "Plan Rows": 11094, "Plan Width": 8, "Actual Rows": 11077, "Actual Loops": 2, "Hash Buckets": 16384, "Original Hash Buckets": 16384, "Hash Batches": 1, "Original Hash Batches": 1, "Peak Memory Usage": 561, "Workers": [], "Plans": [{"Node Type": "Hash Join", "Parent Relationship": "Outer", "Parallel Aware": false, "Async Capable": false, "Join Type": "Inner", "Startup Cost": 3138.53, "Total Cost": 3360.69, "Plan Rows": 11094, "Plan Width": 8, "Actual Rows": 11077, "Actual Loops": 2, "Inner Unique": true, "Hash Cond": "(pl.postid = p.id)", "Workers": [], "Plans": [{"Node Type": "Seq Scan", "Parent Relationship": "Outer", "Parallel Aware": false, "Async Capable": false, "Relation Name": "postlinks", "Alias": "pl", "Startup Cost": 0.0, "Total Cost": 193.02, "Plan Rows": 11102, "Plan Width": 4, "Actual Rows": 11102, "Actual Loops": 2, "Workers": []}, {"Node Type": "Hash", "Parent Relationship": "Inner", "Parallel Aware": false, "Async Capable": false, "Startup Cost": 1989.7, "Total Cost": 1989.7, "Plan Rows": 91906, "Plan Width": 4, "Actual Rows": 91904, "Actual Loops": 2, "Hash Buckets": 131072, "Original Hash Buckets": 131072, "Hash Batches": 1, "Original Hash Batches": 1, "Peak Memory Usage": 4255, "Workers": [], "Plans": [{"Node Type": "Seq Scan", "Parent Relationship": "Outer", "Parallel Aware": false, "Async Capable": false, "Relation Name": "posts", "Alias": "p", "Startup Cost": 0.0, "Total Cost": 1989.7, "Plan Rows": 91906, "Plan Width": 4, "Actual Rows": 91904, "Actual Loops": 2, "Filter": "(score >= '-3'::integer)", "Rows Removed by Filter": 72, "Workers": []}]}]}]}]}]}]}]}]}]}, "Planning Time": 6.902, "Triggers": [], "Execution Time": 168.402}