{"Plan": {"Node Type": "Aggregate", "Strategy": "Plain", "Partial Mode": "Finalize", "Parallel Aware": false, "Async Capable": false, "Startup Cost": 14534.24, "Total Cost": 14534.25, "Plan Rows": 1, "Plan Width": 8, "Actual Rows": 1, "Actual Loops": 1, "Plans": [{"Node Type": "Gather", "Parent Relationship": "Outer", "Parallel Aware": false, "Async Capable": false, "Startup Cost": 14534.13, "Total Cost": 14534.24, "Plan Rows": 1, "Plan Width": 8, "Actual Rows": 2, "Actual Loops": 1, "Workers Planned": 1, "Workers Launched": 1, "Single Copy": false, "Plans": [{"Node Type": "Aggregate", "Strategy": "Plain", "Partial Mode": "Partial", "Parent Relationship": "Outer", "Parallel Aware": false, "Async Capable": false, "Startup Cost": 13534.13, "Total Cost": 13534.14, "Plan Rows": 1, "Plan Width": 8, "Actual Rows": 1, "Actual Loops": 2, "Workers": [], "Plans": [{"Node Type": "Hash Join", "Parent Relationship": "Outer", "Parallel Aware": false, "Async Capable": false, "Join Type": "Inner", "Startup Cost": 7016.48, "Total Cost": 12393.65, "Plan Rows": 456191, "Plan Width": 0, "Actual Rows": 297910, "Actual Loops": 2, "Inner Unique": false, "Hash Cond": "(p.owneruserid = u.id)", "Workers": [], "Plans": [{"Node Type": "Hash Join", "Parent Relationship": "Outer", "Parallel Aware": false, "Async Capable": false, "Join Type": "Inner", "Startup Cost": 2755.66, "Total Cost": 7834.36, "Plan Rows": 12776, "Plan Width": 4, "Actual Rows": 46500, "Actual Loops": 2, "Inner Unique": true, "Hash Cond": "(v.postid = p.id)", "Workers": [], "Plans": [{"Node Type": "Seq Scan", "Parent Relationship": "Outer", "Parallel Aware": true, "Async Capable": false, "Relation Name": "votes", "Alias": "v", "Startup Cost": 0.0, "Total Cost": 4572.24, "Plan Rows": 192931, "Plan Width": 4, "Actual Rows": 163944, "Actual Loops": 2, "Filter": "(creationdate <= '2014-09-12 00:00:00'::timestamp without time zone)", "Rows Removed by Filter": 88, "Workers": []}, {"Node Type": "Hash", "Parent Relationship": "Inner", "Parallel Aware": false, "Async Capable": false, "Startup Cost": 2679.52, "Total Cost": 2679.52, "Plan Rows": 6091, "Plan Width": 8, "Actual Rows": 13079, "Actual Loops": 2, "Hash Buckets": 16384, "Original Hash Buckets": 8192, "Hash Batches": 1, "Original Hash Batches": 1, "Peak Memory Usage": 638, "Workers": [], "Plans": [{"Node Type": "Seq Scan", "Parent Relationship": "Outer", "Parallel Aware": false, "Async Capable": false, "Relation Name": "posts", "Alias": "p", "Startup Cost": 0.0, "Total Cost": 2679.52, "Plan Rows": 6091, "Plan Width": 8, "Actual Rows": 13079, "Actual Loops": 2, "Filter": "((score >= '-1'::integer) AND (favoritecount >= 0) AND (favoritecount <= 20) AND (posttypeid = 1))", "Rows Removed by Filter": 78897, "Workers": []}]}]}, {"Node Type": "Hash", "Parent Relationship": "Inner", "Parallel Aware": false, "Async Capable": false, "Startup Cost": 3321.03, "Total Cost": 3321.03, "Plan Rows": 75183, "Plan Width": 8, "Actual Rows": 60506, "Actual Loops": 2, "Hash Buckets": 131072, "Original Hash Buckets": 131072, "Hash Batches": 1, "Original Hash Batches": 1, "Peak Memory Usage": 3388, "Workers": [], "Plans": [{"Node Type": "Hash Join", "Parent Relationship": "Outer", "Parallel Aware": false, "Async Capable": false, "Join Type": "Inner", "Startup Cost": 1484.99, "Total Cost": 3321.03, "Plan Rows": 75183, "Plan Width": 8, "Actual Rows": 60506, "Actual Loops": 2, "Inner Unique": true, "Hash Cond": "(b.userid = u.id)", "Workers": [], "Plans": [{"Node Type": "Seq Scan", "Parent Relationship": "Outer", "Parallel Aware": false, "Async Capable": false, "Relation Name": "badges", "Alias": "b", "Startup Cost": 0.0, "Total Cost": 1629.76, "Plan Rows": 78575, "Plan Width": 4, "Actual Rows": 78564, "Actual Loops": 2, "Filter": "((date >= '2010-07-20 19:02:22'::timestamp without time zone) AND (date <= '2014-09-03 23:36:09'::timestamp without time zone))", "Rows Removed by Filter": 1287, "Workers": []}, {"Node Type": "Hash", "Parent Relationship": "Inner", "Parallel Aware": false, "Async Capable": false, "Startup Cost": 1002.69, "Total Cost": 1002.69, "Plan Rows": 38584, "Plan Width": 4, "Actual Rows": 38651, "Actual Loops": 2, "Hash Buckets": 65536, "Original Hash Buckets": 65536, "Hash Batches": 1, "Original Hash Batches": 1, "Peak Memory Usage": 1871, "Workers": [], "Plans": [{"Node Type": "Seq Scan", "Parent Relationship": "Outer", "Parallel Aware": false, "Async Capable": false, "Relation Name": "users", "Alias": "u", "Startup Cost": 0.0, "Total Cost": 1002.69, "Plan Rows": 38584, "Plan Width": 4, "Actual Rows": 38651, "Actual Loops": 2, "Filter": "((downvotes <= 2) AND (upvotes >= 0) AND (creationdate >= '2010-11-26 03:34:11'::timestamp without time zone))", "Rows Removed by Filter": 1674, "Workers": []}]}]}]}]}]}]}]}, "Planning Time": 3.778, "Triggers": [], "Execution Time": 167.206}