{"Plan": {"Node Type": "Aggregate", "Strategy": "Plain", "Partial Mode": "Finalize", "Parallel Aware": false, "Async Capable": false, "Startup Cost": 1616214.15, "Total Cost": 1616214.16, "Plan Rows": 1, "Plan Width": 8, "Actual Rows": 1, "Actual Loops": 1, "Plans": [{"Node Type": "Gather", "Parent Relationship": "Outer", "Parallel Aware": false, "Async Capable": false, "Startup Cost": 1616214.04, "Total Cost": 1616214.15, "Plan Rows": 1, "Plan Width": 8, "Actual Rows": 2, "Actual Loops": 1, "Workers Planned": 1, "Workers Launched": 1, "Single Copy": false, "Plans": [{"Node Type": "Aggregate", "Strategy": "Plain", "Partial Mode": "Partial", "Parent Relationship": "Outer", "Parallel Aware": false, "Async Capable": false, "Startup Cost": 1615214.04, "Total Cost": 1615214.05, "Plan Rows": 1, "Plan Width": 8, "Actual Rows": 1, "Actual Loops": 2, "Workers": [], "Plans": [{"Node Type": "Hash Join", "Parent Relationship": "Outer", "Parallel Aware": true, "Async Capable": false, "Join Type": "Inner", "Startup Cost": 19036.58, "Total Cost": 42602.15, "Plan Rows": 629044756, "Plan Width": 0, "Actual Rows": 9701284, "Actual Loops": 2, "Inner Unique": false, "Hash Cond": "(c.userid = u.id)", "Workers": [], "Plans": [{"Node Type": "Seq Scan", "Parent Relationship": "Outer", "Parallel Aware": true, "Async Capable": false, "Relation Name": "comments", "Alias": "c", "Startup Cost": 0.0, "Total Cost": 2881.99, "Plan Rows": 101638, "Plan Width": 4, "Actual Rows": 86370, "Actual Loops": 2, "Filter": "((creationdate >= '2010-08-12 20:33:46'::timestamp without time zone) AND (creationdate <= '2014-09-13 19:26:55'::timestamp without time zone))", "Rows Removed by Filter": 782, "Workers": []}, {"Node Type": "Hash", "Parent Relationship": "Inner", "Parallel Aware": true, "Async Capable": false, "Startup Cost": 9887.62, "Total Cost": 9887.62, "Plan Rows": 731917, "Plan Width": 12, "Actual Rows": 212799, "Actual Loops": 2, "Hash Buckets": 2097152, "Original Hash Buckets": 2097152, "Hash Batches": 1, "Original Hash Batches": 1, "Peak Memory Usage": 36384, "Workers": [], "Plans": [{"Node Type": "Hash Join", "Parent Relationship": "Outer", "Parallel Aware": true, "Async Capable": false, "Join Type": "Inner", "Startup Cost": 3645.31, "Total Cost": 9887.62, "Plan Rows": 731917, "Plan Width": 12, "Actual Rows": 212799, "Actual Loops": 2, "Inner Unique": false, "Hash Cond": "(ph.userid = u.id)", "Workers": [], "Plans": [{"Node Type": "Seq Scan", "Parent Relationship": "Outer", "Parallel Aware": true, "Async Capable": false, "Relation Name": "posthistory", "Alias": "ph", "Startup Cost": 0.0, "Total Cost": 4915.18, "Plan Rows": 159078, "Plan Width": 4, "Actual Rows": 135190, "Actual Loops": 2, "Filter": "((creationdate >= '2011-04-11 14:46:09'::timestamp without time zone) AND (creationdate <= '2014-08-17 16:37:23'::timestamp without time zone))", "Rows Removed by Filter": 16404, "Workers": []}, {"Node Type": "Hash", "Parent Relationship": "Inner", "Parallel Aware": true, "Async Capable": false, "Startup Cost": 3396.48, "Total Cost": 3396.48, "Plan Rows": 19906, "Plan Width": 8, "Actual Rows": 10004, "Actual Loops": 2, "Hash Buckets": 65536, "Original Hash Buckets": 65536, "Hash Batches": 1, "Original Hash Batches": 1, "Peak Memory Usage": 1344, "Workers": [], "Plans": [{"Node Type": "Merge Join", "Parent Relationship": "Outer", "Parallel Aware": false, "Async Capable": false, "Join Type": "Inner", "Startup Cost": 0.71, "Total Cost": 3396.48, "Plan Rows": 19906, "Plan Width": 8, "Actual Rows": 10004, "Actual Loops": 2, "Inner Unique": true, "Merge Cond": "(v.userid = u.id)", "Workers": [], "Plans": [{"Node Type": "Index Scan", "Parent Relationship": "Outer", "Parallel Aware": true, "Async Capable": false, "Scan Direction": "Forward", "Index Name": "idx_votes_userid", "Relation Name": "votes", "Alias": "v", "Startup Cost": 0.42, "Total Cost": 11216.36, "Plan Rows": 191849, "Plan Width": 4, "Actual Rows": 17318, "Actual Loops": 2, "Filter": "((creationdate >= '2010-07-26 00:00:00'::timestamp without time zone) AND (creationdate <= '2014-09-12 00:00:00'::timestamp without time zone))", "Rows Removed by Filter": 830, "Workers": []}, {"Node Type": "Index Scan", "Parent Relationship": "Inner", "Parallel Aware": false, "Async Capable": false, "Scan Direction": "Forward", "Index Name": "users_pkey", "Relation Name": "users", "Alias": "u", "Startup Cost": 0.29, "Total Cost": 1861.23, "Plan Rows": 39564, "Plan Width": 4, "Actual Rows": 38436, "Actual Loops": 2, "Filter": "((views >= 0) AND (views <= 783) AND (downvotes >= 0) AND (downvotes <= 1) AND (upvotes <= 123))", "Rows Removed by Filter": 518, "Workers": []}]}]}]}]}]}]}]}]}, "Planning Time": 3.684, "Triggers": [], "Execution Time": 985.53}