{"Plan": {"Node Type": "Aggregate", "Strategy": "Plain", "Partial Mode": "Finalize", "Parallel Aware": false, "Async Capable": false, "Startup Cost": 5429584.74, "Total Cost": 5429584.75, "Plan Rows": 1, "Plan Width": 8, "Actual Rows": 1, "Actual Loops": 1, "Plans": [{"Node Type": "Gather", "Parent Relationship": "Outer", "Parallel Aware": false, "Async Capable": false, "Startup Cost": 5429584.63, "Total Cost": 5429584.74, "Plan Rows": 1, "Plan Width": 8, "Actual Rows": 2, "Actual Loops": 1, "Workers Planned": 1, "Workers Launched": 1, "Single Copy": false, "Plans": [{"Node Type": "Aggregate", "Strategy": "Plain", "Partial Mode": "Partial", "Parent Relationship": "Outer", "Parallel Aware": false, "Async Capable": false, "Startup Cost": 5428584.63, "Total Cost": 5428584.64, "Plan Rows": 1, "Plan Width": 8, "Actual Rows": 1, "Actual Loops": 2, "Workers": [], "Plans": [{"Node Type": "Hash Join", "Parent Relationship": "Outer", "Parallel Aware": true, "Async Capable": false, "Join Type": "Inner", "Startup Cost": 5687.87, "Total Cost": 63910.5, "Plan Rows": 2145869650, "Plan Width": 0, "Actual Rows": 1017305, "Actual Loops": 2, "Inner Unique": false, "Hash Cond": "(ph.userid = u.id)", "Workers": [], "Plans": [{"Node Type": "Nested Loop", "Parent Relationship": "Outer", "Parallel Aware": false, "Async Capable": false, "Join Type": "Inner", "Startup Cost": 0.3, "Total Cost": 13739.69, "Plan Rows": 2027107, "Plan Width": 8, "Actual Rows": 3005648, "Actual Loops": 2, "Inner Unique": false, "Workers": [], "Plans": [{"Node Type": "Seq Scan", "Parent Relationship": "Outer", "Parallel Aware": true, "Async Capable": false, "Relation Name": "posthistory", "Alias": "ph", "Startup Cost": 0.0, "Total Cost": 4915.18, "Plan Rows": 38711, "Plan Width": 4, "Actual Rows": 33002, "Actual Loops": 2, "Filter": "((creationdate >= '2011-01-31 15:35:37'::timestamp without time zone) AND (posthistorytypeid = 5))", "Rows Removed by Filter": 118591, "Workers": []}, {"Node Type": "Memoize", "Parent Relationship": "Inner", "Parallel Aware": false, "Async Capable": false, "Startup Cost": 0.3, "Total Cost": 0.36, "Plan Rows": 3, "Plan Width": 4, "Actual Rows": 91, "Actual Loops": 66005, "Cache Key": "ph.userid", "Cache Mode": "logical", "Cache Hits": 27967, "Cache Misses": 4965, "Cache Evictions": 0, "Cache Overflows": 0, "Peak Memory Usage": 1689, "Workers": [{"Worker Number": 0, "Cache Hits": 28180, "Cache Misses": 4893, "Cache Evictions": 0, "Cache Overflows": 0, "Peak Memory Usage": 1670}], "Plans": [{"Node Type": "Index Only Scan", "Parent Relationship": "Outer", "Parallel Aware": false, "Async Capable": false, "Scan Direction": "Forward", "Index Name": "idx_badges_userid", "Relation Name": "badges", "Alias": "b", "Startup Cost": 0.29, "Total Cost": 0.35, "Plan Rows": 3, "Plan Width": 4, "Actual Rows": 8, "Actual Loops": 9858, "Index Cond": "(userid = ph.userid)", "Rows Removed by Index Recheck": 0, "Heap Fetches": 0, "Workers": []}]}]}, {"Node Type": "Hash", "Parent Relationship": "Inner", "Parallel Aware": true, "Async Capable": false, "Startup Cost": 4769.54, "Total Cost": 4769.54, "Plan Rows": 73442, "Plan Width": 8, "Actual Rows": 24379, "Actual Loops": 2, "Hash Buckets": 131072, "Original Hash Buckets": 131072, "Hash Batches": 1, "Original Hash Batches": 1, "Peak Memory Usage": 2944, "Workers": [], "Plans": [{"Node Type": "Hash Join", "Parent Relationship": "Outer", "Parallel Aware": false, "Async Capable": false, "Join Type": "Inner", "Startup Cost": 1679.66, "Total Cost": 4769.54, "Plan Rows": 73442, "Plan Width": 8, "Actual Rows": 24379, "Actual Loops": 2, "Inner Unique": true, "Hash Cond": "(c.userid = u.id)", "Workers": [], "Plans": [{"Node Type": "Seq Scan", "Parent Relationship": "Outer", "Parallel Aware": true, "Async Capable": false, "Relation Name": "comments", "Alias": "c", "Startup Cost": 0.0, "Total Cost": 2881.99, "Plan Rows": 79188, "Plan Width": 4, "Actual Rows": 67395, "Actual Loops": 2, "Filter": "((creationdate >= '2010-07-20 10:52:57'::timestamp without time zone) AND (score = 0))", "Rows Removed by Filter": 19758, "Workers": []}, {"Node Type": "Hash", "Parent Relationship": "Inner", "Parallel Aware": false, "Async Capable": false, "Startup Cost": 1204.31, "Total Cost": 1204.31, "Plan Rows": 38028, "Plan Width": 4, "Actual Rows": 38069, "Actual Loops": 2, "Hash Buckets": 65536, "Original Hash Buckets": 65536, "Hash Batches": 1, "Original Hash Batches": 1, "Peak Memory Usage": 1851, "Workers": [], "Plans": [{"Node Type": "Seq Scan", "Parent Relationship": "Outer", "Parallel Aware": false, "Async Capable": false, "Relation Name": "users", "Alias": "u", "Startup Cost": 0.0, "Total Cost": 1204.31, "Plan Rows": 38028, "Plan Width": 4, "Actual Rows": 38069, "Actual Loops": 2, "Filter": "((reputation >= 1) AND (reputation <= 356) AND (downvotes <= 34) AND (creationdate >= '2010-07-19 21:29:29'::timestamp without time zone) AND (creationdate <= '2014-08-20 14:31:46'::timestamp without time zone))", "Rows Removed by Filter": 2256, "Workers": []}]}]}]}]}]}]}]}, "Planning Time": 6.569, "Triggers": [], "Execution Time": 432.847}