{"Plan": {"Node Type": "Aggregate", "Strategy": "Plain", "Partial Mode": "Simple", "Parallel Aware": false, "Async Capable": false, "Startup Cost": 3653.47, "Total Cost": 3653.48, "Plan Rows": 1, "Plan Width": 8, "Actual Rows": 1, "Actual Loops": 1, "Plans": [{"Node Type": "Nested Loop", "Parent Relationship": "Outer", "Parallel Aware": false, "Async Capable": false, "Join Type": "Inner", "Startup Cost": 3149.49, "Total Cost": 3653.08, "Plan Rows": 156, "Plan Width": 0, "Actual Rows": 1717, "Actual Loops": 1, "Inner Unique": false, "Plans": [{"Node Type": "Nested Loop", "Parent Relationship": "Outer", "Parallel Aware": false, "Async Capable": false, "Join Type": "Inner", "Startup Cost": 3149.2, "Total Cost": 3617.95, "Plan Rows": 79, "Plan Width": 8, "Actual Rows": 332, "Actual Loops": 1, "Inner Unique": true, "Plans": [{"Node Type": "Hash Join", "Parent Relationship": "Outer", "Parallel Aware": false, "Async Capable": false, "Join Type": "Inner", "Startup Cost": 3148.91, "Total Cost": 3397.89, "Plan Rows": 89, "Plan Width": 4, "Actual Rows": 560, "Actual Loops": 1, "Inner Unique": true, "Hash Cond": "(pl.relatedpostid = p.id)", "Plans": [{"Node Type": "Seq Scan", "Parent Relationship": "Outer", "Parallel Aware": false, "Async Capable": false, "Relation Name": "postlinks", "Alias": "pl", "Startup Cost": 0.0, "Total Cost": 220.78, "Plan Rows": 10744, "Plan Width": 4, "Actual Rows": 10739, "Actual Loops": 1, "Filter": "(creationdate <= '2014-08-17 01:23:50'::timestamp without time zone)", "Rows Removed by Filter": 363}, {"Node Type": "Hash", "Parent Relationship": "Inner", "Parallel Aware": false, "Async Capable": false, "Startup Cost": 3139.4, "Total Cost": 3139.4, "Plan Rows": 761, "Plan Width": 8, "Actual Rows": 1654, "Actual Loops": 1, "Hash Buckets": 2048, "Original Hash Buckets": 1024, "Hash Batches": 1, "Original Hash Batches": 1, "Peak Memory Usage": 81, "Plans": [{"Node Type": "Seq Scan", "Parent Relationship": "Outer", "Parallel Aware": false, "Async Capable": false, "Relation Name": "posts", "Alias": "p", "Startup Cost": 0.0, "Total Cost": 3139.4, "Plan Rows": 761, "Plan Width": 8, "Actual Rows": 1654, "Actual Loops": 1, "Filter": "((score >= '-1'::integer) AND (score <= 10) AND (answercount <= 5) AND (favoritecount >= 0) AND (favoritecount <= 6) AND (commentcount = 2))", "Rows Removed by Filter": 90322}]}]}, {"Node Type": "Index Scan", "Parent Relationship": "Inner", "Parallel Aware": false, "Async Capable": false, "Scan Direction": "Forward", "Index Name": "users_pkey", "Relation Name": "users", "Alias": "u", "Startup Cost": 0.29, "Total Cost": 2.47, "Plan Rows": 1, "Plan Width": 4, "Actual Rows": 1, "Actual Loops": 560, "Index Cond": "(id = p.owneruserid)", "Rows Removed by Index Recheck": 0, "Filter": "((views <= 33) AND (downvotes >= 0) AND (creationdate >= '2010-08-19 17:31:36'::timestamp without time zone) AND (creationdate <= '2014-08-06 07:23:12'::timestamp without time zone))", "Rows Removed by Filter": 0}]}, {"Node Type": "Index Scan", "Parent Relationship": "Inner", "Parallel Aware": false, "Async Capable": false, "Scan Direction": "Forward", "Index Name": "idx_badges_userid", "Relation Name": "badges", "Alias": "b", "Startup Cost": 0.29, "Total Cost": 0.41, "Plan Rows": 3, "Plan Width": 4, "Actual Rows": 5, "Actual Loops": 332, "Index Cond": "(userid = u.id)", "Rows Removed by Index Recheck": 0, "Filter": "(date <= '2014-09-10 22:50:06'::timestamp without time zone)", "Rows Removed by Filter": 0}]}]}, "Planning Time": 1.56, "Triggers": [], "Execution Time": 17.124}