{"Plan": {"Node Type": "Aggregate", "Strategy": "Plain", "Partial Mode": "Finalize", "Parallel Aware": false, "Async Capable": false, "Startup Cost": 36919.07, "Total Cost": 36919.08, "Plan Rows": 1, "Plan Width": 8, "Actual Rows": 1, "Actual Loops": 1, "Plans": [{"Node Type": "Gather", "Parent Relationship": "Outer", "Parallel Aware": false, "Async Capable": false, "Startup Cost": 36918.96, "Total Cost": 36919.07, "Plan Rows": 1, "Plan Width": 8, "Actual Rows": 2, "Actual Loops": 1, "Workers Planned": 1, "Workers Launched": 1, "Single Copy": false, "Plans": [{"Node Type": "Aggregate", "Strategy": "Plain", "Partial Mode": "Partial", "Parent Relationship": "Outer", "Parallel Aware": false, "Async Capable": false, "Startup Cost": 35918.96, "Total Cost": 35918.97, "Plan Rows": 1, "Plan Width": 8, "Actual Rows": 1, "Actual Loops": 2, "Workers": [], "Plans": [{"Node Type": "Hash Join", "Parent Relationship": "Outer", "Parallel Aware": true, "Async Capable": false, "Join Type": "Inner", "Startup Cost": 8856.37, "Total Cost": 14090.04, "Plan Rows": 8731567, "Plan Width": 0, "Actual Rows": 3830906, "Actual Loops": 2, "Inner Unique": false, "Hash Cond": "(ph.userid = u.id)", "Workers": [], "Plans": [{"Node Type": "Seq Scan", "Parent Relationship": "Outer", "Parallel Aware": true, "Async Capable": false, "Relation Name": "posthistory", "Alias": "ph", "Startup Cost": 0.0, "Total Cost": 4469.32, "Plan Rows": 25124, "Plan Width": 4, "Actual Rows": 21460, "Actual Loops": 2, "Filter": "(posthistorytypeid = 3)", "Rows Removed by Filter": 130133, "Workers": []}, {"Node Type": "Hash", "Parent Relationship": "Inner", "Parallel Aware": true, "Async Capable": false, "Startup Cost": 7546.67, "Total Cost": 7546.67, "Plan Rows": 104776, "Plan Width": 12, "Actual Rows": 275144, "Actual Loops": 2, "Hash Buckets": 1048576, "Original Hash Buckets": 262144, "Hash Batches": 1, "Original Hash Batches": 1, "Peak Memory Usage": 40160, "Workers": [], "Plans": [{"Node Type": "Hash Join", "Parent Relationship": "Outer", "Parallel Aware": false, "Async Capable": false, "Join Type": "Inner", "Startup Cost": 4859.09, "Total Cost": 7546.67, "Plan Rows": 104776, "Plan Width": 12, "Actual Rows": 275144, "Actual Loops": 2, "Inner Unique": false, "Hash Cond": "(b.userid = u.id)", "Workers": [], "Plans": [{"Node Type": "Index Only Scan", "Parent Relationship": "Outer", "Parallel Aware": true, "Async Capable": false, "Scan Direction": "Forward", "Index Name": "idx_badges_userid", "Relation Name": "badges", "Alias": "b", "Startup Cost": 0.29, "Total Cost": 1405.26, "Plan Rows": 46971, "Plan Width": 4, "Actual Rows": 39926, "Actual Loops": 2, "Heap Fetches": 0, "Workers": []}, {"Node Type": "Hash", "Parent Relationship": "Inner", "Parallel Aware": false, "Async Capable": false, "Startup Cost": 3734.41, "Total Cost": 3734.41, "Plan Rows": 89951, "Plan Width": 8, "Actual Rows": 60142, "Actual Loops": 2, "Hash Buckets": 131072, "Original Hash Buckets": 131072, "Hash Batches": 1, "Original Hash Batches": 1, "Peak Memory Usage": 3374, "Workers": [], "Plans": [{"Node Type": "Hash Join", "Parent Relationship": "Outer", "Parallel Aware": false, "Async Capable": false, "Join Type": "Inner", "Startup Cost": 1503.26, "Total Cost": 3734.41, "Plan Rows": 89951, "Plan Width": 8, "Actual Rows": 60142, "Actual Loops": 2, "Inner Unique": true, "Hash Cond": "(p.owneruserid = u.id)", "Workers": [], "Plans": [{"Node Type": "Seq Scan", "Parent Relationship": "Outer", "Parallel Aware": false, "Async Capable": false, "Relation Name": "posts", "Alias": "p", "Startup Cost": 0.0, "Total Cost": 1989.7, "Plan Rows": 91970, "Plan Width": 4, "Actual Rows": 91968, "Actual Loops": 2, "Filter": "(score >= '-7'::integer)", "Rows Removed by Filter": 8, "Workers": []}, {"Node Type": "Hash", "Parent Relationship": "Inner", "Parallel Aware": false, "Async Capable": false, "Startup Cost": 1002.69, "Total Cost": 1002.69, "Plan Rows": 40046, "Plan Width": 4, "Actual Rows": 40047, "Actual Loops": 2, "Hash Buckets": 65536, "Original Hash Buckets": 65536, "Hash Batches": 1, "Original Hash Batches": 1, "Peak Memory Usage": 1920, "Workers": [], "Plans": [{"Node Type": "Seq Scan", "Parent Relationship": "Outer", "Parallel Aware": false, "Async Capable": false, "Relation Name": "users", "Alias": "u", "Startup Cost": 0.0, "Total Cost": 1002.69, "Plan Rows": 40046, "Plan Width": 4, "Actual Rows": 40047, "Actual Loops": 2, "Filter": "((reputation >= 1) AND (upvotes >= 0) AND (upvotes <= 117))", "Rows Removed by Filter": 278, "Workers": []}]}]}]}]}]}]}]}]}]}, "Planning Time": 3.112, "Triggers": [], "Execution Time": 569.857}