{"Plan": {"Node Type": "Aggregate", "Strategy": "Plain", "Partial Mode": "Finalize", "Parallel Aware": false, "Async Capable": false, "Startup Cost": 16455.73, "Total Cost": 16455.74, "Plan Rows": 1, "Plan Width": 8, "Actual Rows": 1, "Actual Loops": 1, "Plans": [{"Node Type": "Gather", "Parent Relationship": "Outer", "Parallel Aware": false, "Async Capable": false, "Startup Cost": 16455.62, "Total Cost": 16455.73, "Plan Rows": 1, "Plan Width": 8, "Actual Rows": 2, "Actual Loops": 1, "Workers Planned": 1, "Workers Launched": 1, "Single Copy": false, "Plans": [{"Node Type": "Aggregate", "Strategy": "Plain", "Partial Mode": "Partial", "Parent Relationship": "Outer", "Parallel Aware": false, "Async Capable": false, "Startup Cost": 15455.62, "Total Cost": 15455.63, "Plan Rows": 1, "Plan Width": 8, "Actual Rows": 1, "Actual Loops": 2, "Workers": [], "Plans": [{"Node Type": "Nested Loop", "Parent Relationship": "Outer", "Parallel Aware": false, "Async Capable": false, "Join Type": "Inner", "Startup Cost": 3983.95, "Total Cost": 11177.62, "Plan Rows": 1711199, "Plan Width": 0, "Actual Rows": 1050552, "Actual Loops": 2, "Inner Unique": false, "Join Filter": "(ph.userid = u.id)", "Rows Removed by Join Filter": 0, "Workers": [], "Plans": [{"Node Type": "Merge Join", "Parent Relationship": "Outer", "Parallel Aware": false, "Async Capable": false, "Join Type": "Inner", "Startup Cost": 3983.53, "Total Cost": 8074.29, "Plan Rows": 2981, "Plan Width": 12, "Actual Rows": 25578, "Actual Loops": 2, "Inner Unique": false, "Merge Cond": "(u.id = p.owneruserid)", "Workers": [], "Plans": [{"Node Type": "Merge Join", "Parent Relationship": "Outer", "Parallel Aware": false, "Async Capable": false, "Join Type": "Inner", "Startup Cost": 0.68, "Total Cost": 3933.75, "Plan Rows": 45272, "Plan Width": 8, "Actual Rows": 29190, "Actual Loops": 2, "Inner Unique": true, "Merge Cond": "(b.userid = u.id)", "Workers": [], "Plans": [{"Node Type": "Index Only Scan", "Parent Relationship": "Outer", "Parallel Aware": true, "Async Capable": false, "Scan Direction": "Forward", "Index Name": "idx_badges_userid", "Relation Name": "badges", "Alias": "b", "Startup Cost": 0.29, "Total Cost": 1405.26, "Plan Rows": 46971, "Plan Width": 4, "Actual Rows": 39854, "Actual Loops": 2, "Heap Fetches": 0, "Workers": []}, {"Node Type": "Index Scan", "Parent Relationship": "Inner", "Parallel Aware": false, "Async Capable": false, "Scan Direction": "Forward", "Index Name": "users_pkey", "Relation Name": "users", "Alias": "u", "Startup Cost": 0.29, "Total Cost": 1861.23, "Plan Rows": 38866, "Plan Width": 4, "Actual Rows": 39060, "Actual Loops": 2, "Filter": "((views >= 0) AND (downvotes >= 0) AND (downvotes <= 0) AND (upvotes >= 0) AND (upvotes <= 37))", "Rows Removed by Filter": 1059, "Workers": []}]}, {"Node Type": "Sort", "Parent Relationship": "Inner", "Parallel Aware": false, "Async Capable": false, "Startup Cost": 3982.85, "Total Cost": 3989.59, "Plan Rows": 2696, "Plan Width": 4, "Actual Rows": 33526, "Actual Loops": 2, "Sort Key": ["p.owneruserid"], "Sort Method": "quicksort", "Sort Space Used": 385, "Sort Space Type": "Memory", "Workers": [{"Worker Number": 0, "Sort Method": "quicksort", "Sort Space Used": 385, "Sort Space Type": "Memory"}], "Plans": [{"Node Type": "Seq Scan", "Parent Relationship": "Outer", "Parallel Aware": false, "Async Capable": false, "Relation Name": "posts", "Alias": "p", "Startup Cost": 0.0, "Total Cost": 3829.22, "Plan Rows": 2696, "Plan Width": 4, "Actual Rows": 12391, "Actual Loops": 2, "Filter": "((score >= '-1'::integer) AND (viewcount >= 0) AND (viewcount <= 39097) AND (answercount >= 0) AND (commentcount >= 0) AND (commentcount <= 11) AND (favoritecount <= 10) AND (creationdate >= '2010-08-13 02:18:09'::timestamp without time zone) AND (creationdate <= '2014-09-09 10:20:27'::timestamp without time zone))", "Rows Removed by Filter": 79585, "Workers": []}]}]}, {"Node Type": "Index Scan", "Parent Relationship": "Inner", "Parallel Aware": false, "Async Capable": false, "Scan Direction": "Forward", "Index Name": "idx_posthistory_userid", "Relation Name": "posthistory", "Alias": "ph", "Startup Cost": 0.42, "Total Cost": 0.87, "Plan Rows": 14, "Plan Width": 4, "Actual Rows": 41, "Actual Loops": 51156, "Index Cond": "(userid = b.userid)", "Rows Removed by Index Recheck": 0, "Filter": "((creationdate >= '2010-09-06 11:41:43'::timestamp without time zone) AND (creationdate <= '2014-09-03 16:41:18'::timestamp without time zone))", "Rows Removed by Filter": 1, "Workers": []}]}]}]}]}, "Planning Time": 6.288, "Triggers": [], "Execution Time": 351.314}