{"Plan": {"Node Type": "Aggregate", "Strategy": "Plain", "Partial Mode": "Finalize", "Parallel Aware": false, "Async Capable": false, "Startup Cost": 307045.55, "Total Cost": 307045.56, "Plan Rows": 1, "Plan Width": 8, "Actual Rows": 1, "Actual Loops": 1, "Plans": [{"Node Type": "Gather", "Parent Relationship": "Outer", "Parallel Aware": false, "Async Capable": false, "Startup Cost": 307045.44, "Total Cost": 307045.55, "Plan Rows": 1, "Plan Width": 8, "Actual Rows": 2, "Actual Loops": 1, "Workers Planned": 1, "Workers Launched": 1, "Single Copy": false, "Plans": [{"Node Type": "Aggregate", "Strategy": "Plain", "Partial Mode": "Partial", "Parent Relationship": "Outer", "Parallel Aware": false, "Async Capable": false, "Startup Cost": 306045.44, "Total Cost": 306045.45, "Plan Rows": 1, "Plan Width": 8, "Actual Rows": 1, "Actual Loops": 2, "Workers": [], "Plans": [{"Node Type": "Hash Join", "Parent Relationship": "Outer", "Parallel Aware": true, "Async Capable": false, "Join Type": "Inner", "Startup Cost": 7645.39, "Total Cost": 13302.82, "Plan Rows": 117097046, "Plan Width": 0, "Actual Rows": 112, "Actual Loops": 2, "Inner Unique": false, "Hash Cond": "(c.userid = u.id)", "Workers": [], "Plans": [{"Node Type": "Seq Scan", "Parent Relationship": "Outer", "Parallel Aware": true, "Async Capable": false, "Relation Name": "comments", "Alias": "c", "Startup Cost": 0.0, "Total Cost": 2625.65, "Plan Rows": 102329, "Plan Width": 4, "Actual Rows": 87042, "Actual Loops": 2, "Filter": "(creationdate >= '2010-07-20 21:37:31'::timestamp without time zone)", "Rows Removed by Filter": 111, "Workers": []}, {"Node Type": "Hash", "Parent Relationship": "Inner", "Parallel Aware": true, "Async Capable": false, "Startup Cost": 6447.19, "Total Cost": 6447.19, "Plan Rows": 95856, "Plan Width": 16, "Actual Rows": 28, "Actual Loops": 2, "Hash Buckets": 262144, "Original Hash Buckets": 262144, "Hash Batches": 1, "Original Hash Batches": 1, "Peak Memory Usage": 2080, "Workers": [], "Plans": [{"Node Type": "Nested Loop", "Parent Relationship": "Outer", "Parallel Aware": false, "Async Capable": false, "Join Type": "Inner", "Startup Cost": 1.45, "Total Cost": 6447.19, "Plan Rows": 95856, "Plan Width": 16, "Actual Rows": 28, "Actual Loops": 2, "Inner Unique": false, "Join Filter": "(b.userid = u.id)", "Rows Removed by Join Filter": 0, "Workers": [], "Plans": [{"Node Type": "Nested Loop", "Parent Relationship": "Outer", "Parallel Aware": false, "Async Capable": false, "Join Type": "Inner", "Startup Cost": 1.15, "Total Cost": 5388.59, "Plan Rows": 6368, "Plan Width": 12, "Actual Rows": 8, "Actual Loops": 2, "Inner Unique": false, "Join Filter": "(ph.userid = u.id)", "Rows Removed by Join Filter": 0, "Workers": [], "Plans": [{"Node Type": "Merge Join", "Parent Relationship": "Outer", "Parallel Aware": false, "Async Capable": false, "Join Type": "Inner", "Startup Cost": 0.71, "Total Cost": 2137.03, "Plan Rows": 11302, "Plan Width": 8, "Actual Rows": 2660, "Actual Loops": 2, "Inner Unique": true, "Merge Cond": "(v.userid = u.id)", "Workers": [], "Plans": [{"Node Type": "Index Only Scan", "Parent Relationship": "Outer", "Parallel Aware": true, "Async Capable": false, "Scan Direction": "Forward", "Index Name": "idx_votes_userid", "Relation Name": "votes", "Alias": "v", "Startup Cost": 0.42, "Total Cost": 4261.57, "Plan Rows": 136693, "Plan Width": 4, "Actual Rows": 17396, "Actual Loops": 2, "Heap Fetches": 0, "Workers": []}, {"Node Type": "Index Scan", "Parent Relationship": "Inner", "Parallel Aware": false, "Async Capable": false, "Scan Direction": "Forward", "Index Name": "users_pkey", "Relation Name": "users", "Alias": "u", "Startup Cost": 0.29, "Total Cost": 1457.98, "Plan Rows": 31529, "Plan Width": 4, "Actual Rows": 30264, "Actual Loops": 2, "Filter": "(upvotes = 0)", "Rows Removed by Filter": 8690, "Workers": []}]}, {"Node Type": "Memoize", "Parent Relationship": "Inner", "Parallel Aware": false, "Async Capable": false, "Startup Cost": 0.43, "Total Cost": 0.74, "Plan Rows": 1, "Plan Width": 4, "Actual Rows": 0, "Actual Loops": 5321, "Cache Key": "v.userid", "Cache Mode": "logical", "Cache Hits": 2621, "Cache Misses": 1589, "Cache Evictions": 0, "Cache Overflows": 0, "Peak Memory Usage": 106, "Workers": [{"Worker Number": 0, "Cache Hits": 577, "Cache Misses": 534, "Cache Evictions": 0, "Cache Overflows": 0, "Peak Memory Usage": 36}], "Plans": [{"Node Type": "Index Scan", "Parent Relationship": "Outer", "Parallel Aware": false, "Async Capable": false, "Scan Direction": "Forward", "Index Name": "idx_posthistory_userid", "Relation Name": "posthistory", "Alias": "ph", "Startup Cost": 0.42, "Total Cost": 0.73, "Plan Rows": 1, "Plan Width": 4, "Actual Rows": 0, "Actual Loops": 2123, "Index Cond": "(userid = v.userid)", "Rows Removed by Index Recheck": 0, "Filter": "(posthistorytypeid = 12)", "Rows Removed by Filter": 2, "Workers": []}]}]}, {"Node Type": "Memoize", "Parent Relationship": "Inner", "Parallel Aware": false, "Async Capable": false, "Startup Cost": 0.3, "Total Cost": 1.49, "Plan Rows": 3, "Plan Width": 4, "Actual Rows": 4, "Actual Loops": 16, "Cache Key": "ph.userid", "Cache Mode": "logical", "Cache Hits": 11, "Cache Misses": 5, "Cache Evictions": 0, "Cache Overflows": 0, "Peak Memory Usage": 1, "Workers": [], "Plans": [{"Node Type": "Index Only Scan", "Parent Relationship": "Outer", "Parallel Aware": false, "Async Capable": false, "Scan Direction": "Forward", "Index Name": "idx_badges_userid", "Relation Name": "badges", "Alias": "b", "Startup Cost": 0.29, "Total Cost": 1.48, "Plan Rows": 3, "Plan Width": 4, "Actual Rows": 3, "Actual Loops": 5, "Index Cond": "(userid = ph.userid)", "Rows Removed by Index Recheck": 0, "Heap Fetches": 0, "Workers": []}]}]}]}]}]}]}]}, "Planning Time": 11.138, "Triggers": [], "Execution Time": 73.448}