{"Plan": {"Node Type": "Aggregate", "Strategy": "Plain", "Partial Mode": "Finalize", "Parallel Aware": false, "Async Capable": false, "Startup Cost": 92635757.47, "Total Cost": 92635757.48, "Plan Rows": 1, "Plan Width": 8, "Actual Rows": 1, "Actual Loops": 1, "Plans": [{"Node Type": "Gather", "Parent Relationship": "Outer", "Parallel Aware": false, "Async Capable": false, "Startup Cost": 92635757.25, "Total Cost": 92635757.46, "Plan Rows": 2, "Plan Width": 8, "Actual Rows": 3, "Actual Loops": 1, "Workers Planned": 2, "Workers Launched": 2, "Single Copy": false, "Plans": [{"Node Type": "Aggregate", "Strategy": "Plain", "Partial Mode": "Partial", "Parent Relationship": "Outer", "Parallel Aware": false, "Async Capable": false, "Startup Cost": 92634757.25, "Total Cost": 92634757.26, "Plan Rows": 1, "Plan Width": 8, "Actual Rows": 1, "Actual Loops": 3, "Workers": [], "Plans": [{"Node Type": "Hash Join", "Parent Relationship": "Outer", "Parallel Aware": true, "Async Capable": false, "Join Type": "Inner", "Startup Cost": 8366.56, "Total Cost": 360870.61, "Plan Rows": 36909554656, "Plan Width": 0, "Actual Rows": 76249436, "Actual Loops": 3, "Inner Unique": false, "Hash Cond": "(p.owneruserid = u.id)", "Workers": [], "Plans": [{"Node Type": "Nested Loop", "Parent Relationship": "Outer", "Parallel Aware": false, "Async Capable": false, "Join Type": "Inner", "Startup Cost": 2971.27, "Total Cost": 28920.05, "Plan Rows": 11135714, "Plan Width": 12, "Actual Rows": 13068432, "Actual Loops": 3, "Inner Unique": false, "Workers": [], "Plans": [{"Node Type": "Merge Join", "Parent Relationship": "Outer", "Parallel Aware": false, "Async Capable": false, "Join Type": "Inner", "Startup Cost": 2970.96, "Total Cost": 11550.37, "Plan Rows": 294547, "Plan Width": 8, "Actual Rows": 164708, "Actual Loops": 3, "Inner Unique": false, "Merge Cond": "(ph.userid = p.owneruserid)", "Workers": [], "Plans": [{"Node Type": "Index Only Scan", "Parent Relationship": "Outer", "Parallel Aware": true, "Async Capable": false, "Scan Direction": "Forward", "Index Name": "idx_posthistory_userid", "Relation Name": "posthistory", "Alias": "ph", "Startup Cost": 0.42, "Total Cost": 4157.26, "Plan Rows": 126328, "Plan Width": 4, "Actual Rows": 93952, "Actual Loops": 3, "Heap Fetches": 0, "Workers": []}, {"Node Type": "Sort", "Parent Relationship": "Inner", "Parallel Aware": false, "Async Capable": false, "Startup Cost": 2970.54, "Total Cost": 2973.53, "Plan Rows": 1195, "Plan Width": 4, "Actual Rows": 167614, "Actual Loops": 3, "Sort Key": ["p.owneruserid"], "Sort Method": "quicksort", "Sort Space Used": 193, "Sort Space Type": "Memory", "Workers": [{"Worker Number": 0, "Sort Method": "quicksort", "Sort Space Used": 193, "Sort Space Type": "Memory"}, {"Worker Number": 1, "Sort Method": "quicksort", "Sort Space Used": 193, "Sort Space Type": "Memory"}], "Plans": [{"Node Type": "Seq Scan", "Parent Relationship": "Outer", "Parallel Aware": false, "Async Capable": false, "Relation Name": "posts", "Alias": "p", "Startup Cost": 0.0, "Total Cost": 2909.46, "Plan Rows": 1195, "Plan Width": 4, "Actual Rows": 5209, "Actual Loops": 3, "Filter": "((score <= 35) AND (commentcount <= 17) AND (favoritecount >= 0) AND (posttypeid = 1) AND (answercount = 1))", "Rows Removed by Filter": 86767, "Workers": []}]}]}, {"Node Type": "Memoize", "Parent Relationship": "Inner", "Parallel Aware": false, "Async Capable": false, "Startup Cost": 0.3, "Total Cost": 2.26, "Plan Rows": 3, "Plan Width": 4, "Actual Rows": 79, "Actual Loops": 494123, "Cache Key": "p.owneruserid", "Cache Mode": "logical", "Cache Hits": 235244, "Cache Misses": 1721, "Cache Evictions": 0, "Cache Overflows": 0, "Peak Memory Usage": 600, "Workers": [{"Worker Number": 0, "Cache Hits": 172220, "Cache Misses": 1470, "Cache Evictions": 0, "Cache Overflows": 0, "Peak Memory Usage": 499}, {"Worker Number": 1, "Cache Hits": 83191, "Cache Misses": 277, "Cache Evictions": 0, "Cache Overflows": 0, "Peak Memory Usage": 148}], "Plans": [{"Node Type": "Index Scan", "Parent Relationship": "Outer", "Parallel Aware": false, "Async Capable": false, "Scan Direction": "Forward", "Index Name": "idx_badges_userid", "Relation Name": "badges", "Alias": "b", "Startup Cost": 0.29, "Total Cost": 2.25, "Plan Rows": 3, "Plan Width": 4, "Actual Rows": 8, "Actual Loops": 3468, "Index Cond": "(userid = p.owneruserid)", "Rows Removed by Index Recheck": 0, "Filter": "((date >= '2010-07-27 17:58:45'::timestamp without time zone) AND (date <= '2014-09-06 17:33:22'::timestamp without time zone))", "Rows Removed by Filter": 0, "Workers": []}]}]}, {"Node Type": "Hash", "Parent Relationship": "Inner", "Parallel Aware": true, "Async Capable": false, "Startup Cost": 4214.29, "Total Cost": 4214.29, "Plan Rows": 94480, "Plan Width": 8, "Actual Rows": 22160, "Actual Loops": 3, "Hash Buckets": 262144, "Original Hash Buckets": 262144, "Hash Batches": 1, "Original Hash Batches": 1, "Peak Memory Usage": 4672, "Workers": [], "Plans": [{"Node Type": "Hash Join", "Parent Relationship": "Outer", "Parallel Aware": false, "Async Capable": false, "Join Type": "Inner", "Startup Cost": 1575.79, "Total Cost": 4214.29, "Plan Rows": 94480, "Plan Width": 8, "Actual Rows": 22160, "Actual Loops": 3, "Inner Unique": true, "Hash Cond": "(c.userid = u.id)", "Workers": [], "Plans": [{"Node Type": "Seq Scan", "Parent Relationship": "Outer", "Parallel Aware": true, "Async Capable": false, "Relation Name": "comments", "Alias": "c", "Startup Cost": 0.0, "Total Cost": 2369.32, "Plan Rows": 102532, "Plan Width": 4, "Actual Rows": 58102, "Actual Loops": 3, "Workers": []}, {"Node Type": "Hash", "Parent Relationship": "Inner", "Parallel Aware": false, "Async Capable": false, "Startup Cost": 1103.5, "Total Cost": 1103.5, "Plan Rows": 37783, "Plan Width": 4, "Actual Rows": 37972, "Actual Loops": 3, "Hash Buckets": 65536, "Original Hash Buckets": 65536, "Hash Batches": 1, "Original Hash Batches": 1, "Peak Memory Usage": 1847, "Workers": [], "Plans": [{"Node Type": "Seq Scan", "Parent Relationship": "Outer", "Parallel Aware": false, "Async Capable": false, "Relation Name": "users", "Alias": "u", "Startup Cost": 0.0, "Total Cost": 1103.5, "Plan Rows": 37783, "Plan Width": 4, "Actual Rows": 37972, "Actual Loops": 3, "Filter": "((views <= 233) AND (downvotes <= 2) AND (creationdate >= '2010-09-16 16:00:55'::timestamp without time zone) AND (creationdate <= '2014-08-24 21:12:02'::timestamp without time zone))", "Rows Removed by Filter": 2353, "Workers": []}]}]}]}]}]}]}]}, "Planning Time": 5.432, "Triggers": [], "Execution Time": 5970.361}