{"Plan": {"Node Type": "Aggregate", "Strategy": "Plain", "Partial Mode": "Finalize", "Parallel Aware": false, "Async Capable": false, "Startup Cost": 2131397.1, "Total Cost": 2131397.11, "Plan Rows": 1, "Plan Width": 8, "Actual Rows": 1, "Actual Loops": 1, "Plans": [{"Node Type": "Gather", "Parent Relationship": "Outer", "Parallel Aware": false, "Async Capable": false, "Startup Cost": 2131396.99, "Total Cost": 2131397.1, "Plan Rows": 1, "Plan Width": 8, "Actual Rows": 2, "Actual Loops": 1, "Workers Planned": 1, "Workers Launched": 1, "Single Copy": false, "Plans": [{"Node Type": "Aggregate", "Strategy": "Plain", "Partial Mode": "Partial", "Parent Relationship": "Outer", "Parallel Aware": false, "Async Capable": false, "Startup Cost": 2130396.99, "Total Cost": 2130397.0, "Plan Rows": 1, "Plan Width": 8, "Actual Rows": 1, "Actual Loops": 2, "Workers": [], "Plans": [{"Node Type": "Hash Join", "Parent Relationship": "Outer", "Parallel Aware": true, "Async Capable": false, "Join Type": "Inner", "Startup Cost": 11323.45, "Total Cost": 109247.89, "Plan Rows": 808459638, "Plan Width": 0, "Actual Rows": 8924616985, "Actual Loops": 2, "Inner Unique": false, "Hash Cond": "(p.owneruserid = u.id)", "Workers": [], "Plans": [{"Node Type": "Nested Loop", "Parent Relationship": "Outer", "Parallel Aware": false, "Async Capable": false, "Join Type": "Inner", "Startup Cost": 4327.72, "Total Cost": 20060.55, "Plan Rows": 6922046, "Plan Width": 12, "Actual Rows": 11663199, "Actual Loops": 2, "Inner Unique": false, "Join Filter": "(p.owneruserid = b.userid)", "Rows Removed by Join Filter": 0, "Workers": [], "Plans": [{"Node Type": "Merge Join", "Parent Relationship": "Outer", "Parallel Aware": false, "Async Capable": false, "Join Type": "Inner", "Startup Cost": 4327.42, "Total Cost": 8225.23, "Plan Rows": 180780, "Plan Width": 8, "Actual Rows": 114949, "Actual Loops": 2, "Inner Unique": false, "Merge Cond": "(v.userid = p.owneruserid)", "Workers": [], "Plans": [{"Node Type": "Index Scan", "Parent Relationship": "Outer", "Parallel Aware": true, "Async Capable": false, "Scan Direction": "Forward", "Index Name": "idx_votes_userid", "Relation Name": "votes", "Alias": "v", "Startup Cost": 0.42, "Total Cost": 10733.91, "Plan Rows": 192879, "Plan Width": 4, "Actual Rows": 17392, "Actual Loops": 2, "Filter": "(creationdate >= '2010-07-19 00:00:00'::timestamp without time zone)", "Rows Removed by Filter": 0, "Workers": []}, {"Node Type": "Sort", "Parent Relationship": "Inner", "Parallel Aware": false, "Async Capable": false, "Startup Cost": 4327.0, "Total Cost": 4354.61, "Plan Rows": 11043, "Plan Width": 4, "Actual Rows": 120361, "Actual Loops": 2, "Sort Key": ["p.owneruserid"], "Sort Method": "quicksort", "Sort Space Used": 385, "Sort Space Type": "Memory", "Workers": [{"Worker Number": 0, "Sort Method": "quicksort", "Sort Space Used": 385, "Sort Space Type": "Memory"}], "Plans": [{"Node Type": "Hash Join", "Parent Relationship": "Outer", "Parallel Aware": false, "Async Capable": false, "Join Type": "Inner", "Startup Cost": 3363.25, "Total Cost": 3585.42, "Plan Rows": 11043, "Plan Width": 4, "Actual Rows": 10959, "Actual Loops": 2, "Inner Unique": true, "Hash Cond": "(pl.relatedpostid = p.id)", "Workers": [], "Plans": [{"Node Type": "Seq Scan", "Parent Relationship": "Outer", "Parallel Aware": false, "Async Capable": false, "Relation Name": "postlinks", "Alias": "pl", "Startup Cost": 0.0, "Total Cost": 193.02, "Plan Rows": 11102, "Plan Width": 4, "Actual Rows": 11102, "Actual Loops": 2, "Workers": []}, {"Node Type": "Hash", "Parent Relationship": "Inner", "Parallel Aware": false, "Async Capable": false, "Startup Cost": 2219.64, "Total Cost": 2219.64, "Plan Rows": 91489, "Plan Width": 8, "Actual Rows": 91489, "Actual Loops": 2, "Hash Buckets": 131072, "Original Hash Buckets": 131072, "Hash Batches": 1, "Original Hash Batches": 1, "Peak Memory Usage": 4593, "Workers": [], "Plans": [{"Node Type": "Seq Scan", "Parent Relationship": "Outer", "Parallel Aware": false, "Async Capable": false, "Relation Name": "posts", "Alias": "p", "Startup Cost": 0.0, "Total Cost": 2219.64, "Plan Rows": 91489, "Plan Width": 8, "Actual Rows": 91489, "Actual Loops": 2, "Filter": "((commentcount >= 0) AND (commentcount <= 13))", "Rows Removed by Filter": 487, "Workers": []}]}]}]}]}, {"Node Type": "Memoize", "Parent Relationship": "Inner", "Parallel Aware": false, "Async Capable": false, "Startup Cost": 0.3, "Total Cost": 0.37, "Plan Rows": 3, "Plan Width": 4, "Actual Rows": 101, "Actual Loops": 229898, "Cache Key": "v.userid", "Cache Mode": "logical", "Cache Hits": 87478, "Cache Misses": 692, "Cache Evictions": 0, "Cache Overflows": 0, "Peak Memory Usage": 408, "Workers": [{"Worker Number": 0, "Cache Hits": 141347, "Cache Misses": 381, "Cache Evictions": 0, "Cache Overflows": 0, "Peak Memory Usage": 317}], "Plans": [{"Node Type": "Index Scan", "Parent Relationship": "Outer", "Parallel Aware": false, "Async Capable": false, "Scan Direction": "Forward", "Index Name": "idx_badges_userid", "Relation Name": "badges", "Alias": "b", "Startup Cost": 0.29, "Total Cost": 0.36, "Plan Rows": 3, "Plan Width": 4, "Actual Rows": 17, "Actual Loops": 1073, "Index Cond": "(userid = v.userid)", "Rows Removed by Index Recheck": 0, "Filter": "(date <= '2014-09-09 10:24:35'::timestamp without time zone)", "Rows Removed by Filter": 0, "Workers": []}]}]}, {"Node Type": "Hash", "Parent Relationship": "Inner", "Parallel Aware": true, "Async Capable": false, "Startup Cost": 6579.94, "Total Cost": 6579.94, "Plan Rows": 33263, "Plan Width": 8, "Actual Rows": 29208, "Actual Loops": 2, "Hash Buckets": 65536, "Original Hash Buckets": 65536, "Hash Batches": 1, "Original Hash Batches": 1, "Peak Memory Usage": 2816, "Workers": [], "Plans": [{"Node Type": "Hash Join", "Parent Relationship": "Outer", "Parallel Aware": false, "Async Capable": false, "Join Type": "Inner", "Startup Cost": 1561.45, "Total Cost": 6579.94, "Plan Rows": 33263, "Plan Width": 8, "Actual Rows": 29208, "Actual Loops": 2, "Inner Unique": true, "Hash Cond": "(ph.userid = u.id)", "Workers": [], "Plans": [{"Node Type": "Seq Scan", "Parent Relationship": "Outer", "Parallel Aware": true, "Async Capable": false, "Relation Name": "posthistory", "Alias": "ph", "Startup Cost": 0.0, "Total Cost": 4915.18, "Plan Rows": 39353, "Plan Width": 4, "Actual Rows": 33486, "Actual Loops": 2, "Filter": "((creationdate <= '2014-08-13 09:20:10'::timestamp without time zone) AND (posthistorytypeid = 5))", "Rows Removed by Filter": 118107, "Workers": []}, {"Node Type": "Hash", "Parent Relationship": "Inner", "Parallel Aware": false, "Async Capable": false, "Startup Cost": 1103.5, "Total Cost": 1103.5, "Plan Rows": 36636, "Plan Width": 4, "Actual Rows": 36624, "Actual Loops": 2, "Hash Buckets": 65536, "Original Hash Buckets": 65536, "Hash Batches": 1, "Original Hash Batches": 1, "Peak Memory Usage": 1800, "Workers": [], "Plans": [{"Node Type": "Seq Scan", "Parent Relationship": "Outer", "Parallel Aware": false, "Async Capable": false, "Relation Name": "users", "Alias": "u", "Startup Cost": 0.0, "Total Cost": 1103.5, "Plan Rows": 36636, "Plan Width": 4, "Actual Rows": 36624, "Actual Loops": 2, "Filter": "((views >= 0) AND (downvotes >= 0) AND (creationdate >= '2010-08-04 16:59:53'::timestamp without time zone) AND (creationdate <= '2014-07-22 15:15:22'::timestamp without time zone))", "Rows Removed by Filter": 3701, "Workers": []}]}]}]}]}]}]}]}, "Planning Time": 8.244, "Triggers": [], "Execution Time": 557978.487}