{"Plan": {"Node Type": "Aggregate", "Strategy": "Plain", "Partial Mode": "Finalize", "Parallel Aware": false, "Async Capable": false, "Startup Cost": 46131.23, "Total Cost": 46131.24, "Plan Rows": 1, "Plan Width": 8, "Actual Rows": 1, "Actual Loops": 1, "Plans": [{"Node Type": "Gather", "Parent Relationship": "Outer", "Parallel Aware": false, "Async Capable": false, "Startup Cost": 46131.12, "Total Cost": 46131.23, "Plan Rows": 1, "Plan Width": 8, "Actual Rows": 2, "Actual Loops": 1, "Workers Planned": 1, "Workers Launched": 1, "Single Copy": false, "Plans": [{"Node Type": "Aggregate", "Strategy": "Plain", "Partial Mode": "Partial", "Parent Relationship": "Outer", "Parallel Aware": false, "Async Capable": false, "Startup Cost": 45131.12, "Total Cost": 45131.13, "Plan Rows": 1, "Plan Width": 8, "Actual Rows": 1, "Actual Loops": 2, "Workers": [], "Plans": [{"Node Type": "Hash Join", "Parent Relationship": "Outer", "Parallel Aware": false, "Async Capable": false, "Join Type": "Inner", "Startup Cost": 5250.09, "Total Cost": 9260.94, "Plan Rows": 14348070, "Plan Width": 0, "Actual Rows": 729672, "Actual Loops": 2, "Inner Unique": false, "Hash Cond": "(c.userid = u.id)", "Workers": [], "Plans": [{"Node Type": "Seq Scan", "Parent Relationship": "Outer", "Parallel Aware": true, "Async Capable": false, "Relation Name": "comments", "Alias": "c", "Startup Cost": 0.0, "Total Cost": 2625.65, "Plan Rows": 102161, "Plan Width": 4, "Actual Rows": 86838, "Actual Loops": 2, "Filter": "(creationdate >= '2010-07-27 17:46:38'::timestamp without time zone)", "Rows Removed by Filter": 314, "Workers": []}, {"Node Type": "Hash", "Parent Relationship": "Inner", "Parallel Aware": false, "Async Capable": false, "Startup Cost": 4747.34, "Total Cost": 4747.34, "Plan Rows": 40220, "Plan Width": 8, "Actual Rows": 39797, "Actual Loops": 2, "Hash Buckets": 65536, "Original Hash Buckets": 65536, "Hash Batches": 1, "Original Hash Batches": 1, "Peak Memory Usage": 2067, "Workers": [], "Plans": [{"Node Type": "Hash Join", "Parent Relationship": "Outer", "Parallel Aware": false, "Async Capable": false, "Join Type": "Inner", "Startup Cost": 1499.06, "Total Cost": 4747.34, "Plan Rows": 40220, "Plan Width": 8, "Actual Rows": 39797, "Actual Loops": 2, "Inner Unique": true, "Hash Cond": "(p.owneruserid = u.id)", "Workers": [], "Plans": [{"Node Type": "Seq Scan", "Parent Relationship": "Outer", "Parallel Aware": false, "Async Capable": false, "Relation Name": "posts", "Alias": "p", "Startup Cost": 0.0, "Total Cost": 3139.4, "Plan Rows": 41471, "Plan Width": 4, "Actual Rows": 41703, "Actual Loops": 2, "Filter": "((answercount >= 0) AND (answercount <= 4) AND (commentcount >= 0) AND (commentcount <= 11) AND (creationdate >= '2010-07-26 09:46:48'::timestamp without time zone) AND (creationdate <= '2014-09-13 10:09:50'::timestamp without time zone))", "Rows Removed by Filter": 50273, "Workers": []}, {"Node Type": "Hash", "Parent Relationship": "Inner", "Parallel Aware": false, "Async Capable": false, "Startup Cost": 1002.69, "Total Cost": 1002.69, "Plan Rows": 39710, "Plan Width": 4, "Actual Rows": 39730, "Actual Loops": 2, "Hash Buckets": 65536, "Original Hash Buckets": 65536, "Hash Batches": 1, "Original Hash Batches": 1, "Peak Memory Usage": 1909, "Workers": [], "Plans": [{"Node Type": "Seq Scan", "Parent Relationship": "Outer", "Parallel Aware": false, "Async Capable": false, "Relation Name": "users", "Alias": "u", "Startup Cost": 0.0, "Total Cost": 1002.69, "Plan Rows": 39710, "Plan Width": 4, "Actual Rows": 39730, "Actual Loops": 2, "Filter": "((reputation >= 1) AND (creationdate >= '2010-08-03 19:42:40'::timestamp without time zone) AND (creationdate <= '2014-09-12 02:20:03'::timestamp without time zone))", "Rows Removed by Filter": 595, "Workers": []}]}]}]}]}]}]}]}, "Planning Time": 3.009, "Triggers": [], "Execution Time": 150.122}