{"Plan": {"Node Type": "Aggregate", "Strategy": "Plain", "Partial Mode": "Finalize", "Parallel Aware": false, "Async Capable": false, "Startup Cost": 1377375.13, "Total Cost": 1377375.14, "Plan Rows": 1, "Plan Width": 8, "Actual Rows": 1, "Actual Loops": 1, "Plans": [{"Node Type": "Gather", "Parent Relationship": "Outer", "Parallel Aware": false, "Async Capable": false, "Startup Cost": 1377374.92, "Total Cost": 1377375.13, "Plan Rows": 2, "Plan Width": 8, "Actual Rows": 3, "Actual Loops": 1, "Workers Planned": 2, "Workers Launched": 2, "Single Copy": false, "Plans": [{"Node Type": "Aggregate", "Strategy": "Plain", "Partial Mode": "Partial", "Parent Relationship": "Outer", "Parallel Aware": false, "Async Capable": false, "Startup Cost": 1376374.92, "Total Cost": 1376374.93, "Plan Rows": 1, "Plan Width": 8, "Actual Rows": 1, "Actual Loops": 3, "Workers": [], "Plans": [{"Node Type": "Merge Join", "Parent Relationship": "Outer", "Parallel Aware": false, "Async Capable": false, "Join Type": "Inner", "Startup Cost": 1.44, "Total Cost": 40002.61, "Plan Rows": 534548923, "Plan Width": 0, "Actual Rows": 61179054, "Actual Loops": 3, "Inner Unique": false, "Merge Cond": "(u.id = v.userid)", "Workers": [], "Plans": [{"Node Type": "Merge Join", "Parent Relationship": "Outer", "Parallel Aware": false, "Async Capable": false, "Join Type": "Inner", "Startup Cost": 0.71, "Total Cost": 7092.56, "Plan Rows": 117090, "Plan Width": 8, "Actual Rows": 64827, "Actual Loops": 3, "Inner Unique": true, "Merge Cond": "(ph.userid = u.id)", "Workers": [], "Plans": [{"Node Type": "Index Only Scan", "Parent Relationship": "Outer", "Parallel Aware": true, "Async Capable": false, "Scan Direction": "Forward", "Index Name": "idx_posthistory_userid", "Relation Name": "posthistory", "Alias": "ph", "Startup Cost": 0.42, "Total Cost": 4157.26, "Plan Rows": 126328, "Plan Width": 4, "Actual Rows": 93825, "Actual Loops": 3, "Heap Fetches": 0, "Workers": []}, {"Node Type": "Index Scan", "Parent Relationship": "Inner", "Parallel Aware": false, "Async Capable": false, "Scan Direction": "Forward", "Index Name": "users_pkey", "Relation Name": "users", "Alias": "u", "Startup Cost": 0.29, "Total Cost": 1659.6, "Plan Rows": 40174, "Plan Width": 4, "Actual Rows": 37380, "Actual Loops": 3, "Filter": "((views <= 433) AND (downvotes >= 0) AND (creationdate <= '2014-09-12 21:37:39'::timestamp without time zone))", "Rows Removed by Filter": 98, "Workers": []}]}, {"Node Type": "Materialize", "Parent Relationship": "Inner", "Parallel Aware": false, "Async Capable": false, "Startup Cost": 0.73, "Total Cost": 53783.39, "Plan Rows": 8074390, "Plan Width": 8, "Actual Rows": 68295235, "Actual Loops": 3, "Workers": [], "Plans": [{"Node Type": "Nested Loop", "Parent Relationship": "Outer", "Parallel Aware": false, "Async Capable": false, "Join Type": "Inner", "Startup Cost": 0.73, "Total Cost": 33597.41, "Plan Rows": 8074390, "Plan Width": 8, "Actual Rows": 7469952, "Actual Loops": 3, "Inner Unique": false, "Workers": [], "Plans": [{"Node Type": "Index Scan", "Parent Relationship": "Outer", "Parallel Aware": false, "Async Capable": false, "Scan Direction": "Forward", "Index Name": "idx_comments_userid", "Relation Name": "comments", "Alias": "c", "Startup Cost": 0.29, "Total Cost": 9130.49, "Plan Rows": 134304, "Plan Width": 4, "Actual Rows": 131867, "Actual Loops": 3, "Filter": "((creationdate >= '2010-07-19 19:56:21'::timestamp without time zone) AND (creationdate <= '2014-09-11 13:36:12'::timestamp without time zone) AND (score = 0))", "Rows Removed by Filter": 39370, "Workers": []}, {"Node Type": "Memoize", "Parent Relationship": "Inner", "Parallel Aware": false, "Async Capable": false, "Startup Cost": 0.43, "Total Cost": 0.6, "Plan Rows": 9, "Plan Width": 4, "Actual Rows": 57, "Actual Loops": 395600, "Cache Key": "c.userid", "Cache Mode": "logical", "Cache Hits": 115315, "Cache Misses": 11305, "Cache Evictions": 0, "Cache Overflows": 0, "Peak Memory Usage": 1708, "Workers": [{"Worker Number": 0, "Cache Hits": 121375, "Cache Misses": 13115, "Cache Evictions": 0, "Cache Overflows": 0, "Peak Memory Usage": 1849}, {"Worker Number": 1, "Cache Hits": 121375, "Cache Misses": 13115, "Cache Evictions": 0, "Cache Overflows": 0, "Peak Memory Usage": 1849}], "Plans": [{"Node Type": "Index Only Scan", "Parent Relationship": "Outer", "Parallel Aware": false, "Async Capable": false, "Scan Direction": "Forward", "Index Name": "idx_votes_userid", "Relation Name": "votes", "Alias": "v", "Startup Cost": 0.42, "Total Cost": 0.59, "Plan Rows": 9, "Plan Width": 4, "Actual Rows": 2, "Actual Loops": 37535, "Index Cond": "(userid = c.userid)", "Rows Removed by Index Recheck": 0, "Heap Fetches": 0, "Workers": []}]}]}]}]}]}]}]}, "Planning Time": 7.309, "Triggers": [], "Execution Time": 6408.214}