{"Plan": {"Node Type": "Aggregate", "Strategy": "Plain", "Partial Mode": "Finalize", "Parallel Aware": false, "Async Capable": false, "Startup Cost": 498194.94, "Total Cost": 498194.95, "Plan Rows": 1, "Plan Width": 8, "Actual Rows": 1, "Actual Loops": 1, "Plans": [{"Node Type": "Gather", "Parent Relationship": "Outer", "Parallel Aware": false, "Async Capable": false, "Startup Cost": 498194.73, "Total Cost": 498194.94, "Plan Rows": 2, "Plan Width": 8, "Actual Rows": 3, "Actual Loops": 1, "Workers Planned": 2, "Workers Launched": 2, "Single Copy": false, "Plans": [{"Node Type": "Aggregate", "Strategy": "Plain", "Partial Mode": "Partial", "Parent Relationship": "Outer", "Parallel Aware": false, "Async Capable": false, "Startup Cost": 497194.73, "Total Cost": 497194.74, "Plan Rows": 1, "Plan Width": 8, "Actual Rows": 1, "Actual Loops": 3, "Workers": [], "Plans": [{"Node Type": "Merge Join", "Parent Relationship": "Outer", "Parallel Aware": false, "Async Capable": false, "Join Type": "Inner", "Startup Cost": 1.62, "Total Cost": 24662.33, "Plan Rows": 189012959, "Plan Width": 0, "Actual Rows": 189825, "Actual Loops": 3, "Inner Unique": false, "Merge Cond": "(v.userid = u.id)", "Workers": [], "Plans": [{"Node Type": "Nested Loop", "Parent Relationship": "Outer", "Parallel Aware": false, "Async Capable": false, "Join Type": "Inner", "Startup Cost": 0.85, "Total Cost": 15745.86, "Plan Rows": 1710632, "Plan Width": 8, "Actual Rows": 879733, "Actual Loops": 3, "Inner Unique": false, "Workers": [], "Plans": [{"Node Type": "Index Only Scan", "Parent Relationship": "Outer", "Parallel Aware": true, "Async Capable": false, "Scan Direction": "Forward", "Index Name": "idx_votes_userid", "Relation Name": "votes", "Alias": "v", "Startup Cost": 0.42, "Total Cost": 4261.57, "Plan Rows": 136693, "Plan Width": 4, "Actual Rows": 109135, "Actual Loops": 3, "Heap Fetches": 0, "Workers": []}, {"Node Type": "Memoize", "Parent Relationship": "Inner", "Parallel Aware": false, "Async Capable": false, "Startup Cost": 0.43, "Total Cost": 0.74, "Plan Rows": 4, "Plan Width": 4, "Actual Rows": 8, "Actual Loops": 327406, "Cache Key": "v.userid", "Cache Mode": "logical", "Cache Hits": 150194, "Cache Misses": 2028, "Cache Evictions": 0, "Cache Overflows": 0, "Peak Memory Usage": 830, "Workers": [{"Worker Number": 0, "Cache Hits": 9742, "Cache Misses": 2153, "Cache Evictions": 0, "Cache Overflows": 0, "Peak Memory Usage": 767}, {"Worker Number": 1, "Cache Hits": 162011, "Cache Misses": 1278, "Cache Evictions": 0, "Cache Overflows": 0, "Peak Memory Usage": 546}], "Plans": [{"Node Type": "Index Scan", "Parent Relationship": "Outer", "Parallel Aware": false, "Async Capable": false, "Scan Direction": "Forward", "Index Name": "idx_posthistory_userid", "Relation Name": "posthistory", "Alias": "ph", "Startup Cost": 0.42, "Total Cost": 0.73, "Plan Rows": 4, "Plan Width": 4, "Actual Rows": 9, "Actual Loops": 5459, "Index Cond": "(userid = v.userid)", "Rows Removed by Index Recheck": 0, "Filter": "(posthistorytypeid = 2)", "Rows Removed by Filter": 22, "Workers": []}]}]}, {"Node Type": "Materialize", "Parent Relationship": "Inner", "Parallel Aware": false, "Async Capable": false, "Startup Cost": 0.76, "Total Cost": 12613.62, "Plan Rows": 153266, "Plan Width": 8, "Actual Rows": 229732, "Actual Loops": 3, "Workers": [], "Plans": [{"Node Type": "Merge Join", "Parent Relationship": "Outer", "Parallel Aware": false, "Async Capable": false, "Join Type": "Inner", "Startup Cost": 0.76, "Total Cost": 12230.46, "Plan Rows": 153266, "Plan Width": 8, "Actual Rows": 44040, "Actual Loops": 3, "Inner Unique": true, "Merge Cond": "(c.userid = u.id)", "Workers": [], "Plans": [{"Node Type": "Index Scan", "Parent Relationship": "Outer", "Parallel Aware": false, "Async Capable": false, "Scan Direction": "Forward", "Index Name": "idx_comments_userid", "Relation Name": "comments", "Alias": "c", "Startup Cost": 0.29, "Total Cost": 8258.96, "Plan Rows": 171148, "Plan Width": 4, "Actual Rows": 165070, "Actual Loops": 3, "Filter": "(creationdate <= '2014-08-28 07:25:55'::timestamp without time zone)", "Rows Removed by Filter": 2492, "Workers": []}, {"Node Type": "Index Scan", "Parent Relationship": "Inner", "Parallel Aware": false, "Async Capable": false, "Scan Direction": "Forward", "Index Name": "users_pkey", "Relation Name": "users", "Alias": "u", "Startup Cost": 0.29, "Total Cost": 2062.85, "Plan Rows": 36719, "Plan Width": 4, "Actual Rows": 33149, "Actual Loops": 3, "Filter": "((reputation >= 1) AND (views >= 0) AND (downvotes >= 0) AND (upvotes >= 0) AND (upvotes <= 15) AND (creationdate >= '2010-09-03 11:45:16'::timestamp without time zone) AND (creationdate <= '2014-08-18 17:19:53'::timestamp without time zone))", "Rows Removed by Filter": 2527, "Workers": []}]}]}]}]}]}]}, "Planning Time": 7.466, "Triggers": [], "Execution Time": 329.032}