{"Plan": {"Node Type": "Aggregate", "Strategy": "Plain", "Partial Mode": "Finalize", "Parallel Aware": false, "Async Capable": false, "Startup Cost": 14018627.34, "Total Cost": 14018627.35, "Plan Rows": 1, "Plan Width": 8, "Actual Rows": 1, "Actual Loops": 1, "Plans": [{"Node Type": "Gather", "Parent Relationship": "Outer", "Parallel Aware": false, "Async Capable": false, "Startup Cost": 14018627.13, "Total Cost": 14018627.34, "Plan Rows": 2, "Plan Width": 8, "Actual Rows": 3, "Actual Loops": 1, "Workers Planned": 2, "Workers Launched": 2, "Single Copy": false, "Plans": [{"Node Type": "Aggregate", "Strategy": "Plain", "Partial Mode": "Partial", "Parent Relationship": "Outer", "Parallel Aware": false, "Async Capable": false, "Startup Cost": 14017627.13, "Total Cost": 14017627.14, "Plan Rows": 1, "Plan Width": 8, "Actual Rows": 1, "Actual Loops": 3, "Workers": [], "Plans": [{"Node Type": "Hash Join", "Parent Relationship": "Outer", "Parallel Aware": true, "Async Capable": false, "Join Type": "Inner", "Startup Cost": 5496.89, "Total Cost": 215214.18, "Plan Rows": 5520965179, "Plan Width": 0, "Actual Rows": 6127624, "Actual Loops": 3, "Inner Unique": false, "Hash Cond": "(b.userid = u.id)", "Workers": [], "Plans": [{"Node Type": "Nested Loop", "Parent Relationship": "Outer", "Parallel Aware": false, "Async Capable": false, "Join Type": "Inner", "Startup Cost": 0.72, "Total Cost": 17408.26, "Plan Rows": 6615249, "Plan Width": 8, "Actual Rows": 5440882, "Actual Loops": 3, "Inner Unique": false, "Workers": [], "Plans": [{"Node Type": "Index Only Scan", "Parent Relationship": "Outer", "Parallel Aware": true, "Async Capable": false, "Scan Direction": "Forward", "Index Name": "idx_posthistory_userid", "Relation Name": "posthistory", "Alias": "ph", "Startup Cost": 0.42, "Total Cost": 4157.26, "Plan Rows": 126328, "Plan Width": 4, "Actual Rows": 101062, "Actual Loops": 3, "Heap Fetches": 0, "Workers": []}, {"Node Type": "Memoize", "Parent Relationship": "Inner", "Parallel Aware": false, "Async Capable": false, "Startup Cost": 0.3, "Total Cost": 0.36, "Plan Rows": 3, "Plan Width": 4, "Actual Rows": 54, "Actual Loops": 303187, "Cache Key": "ph.userid", "Cache Mode": "logical", "Cache Hits": 84371, "Cache Misses": 5464, "Cache Evictions": 0, "Cache Overflows": 0, "Peak Memory Usage": 1149, "Workers": [{"Worker Number": 0, "Cache Hits": 93665, "Cache Misses": 7857, "Cache Evictions": 0, "Cache Overflows": 0, "Peak Memory Usage": 1453}, {"Worker Number": 1, "Cache Hits": 102997, "Cache Misses": 8833, "Cache Evictions": 0, "Cache Overflows": 0, "Peak Memory Usage": 1621}], "Plans": [{"Node Type": "Index Only Scan", "Parent Relationship": "Outer", "Parallel Aware": false, "Async Capable": false, "Scan Direction": "Forward", "Index Name": "idx_badges_userid", "Relation Name": "badges", "Alias": "b", "Startup Cost": 0.29, "Total Cost": 0.35, "Plan Rows": 3, "Plan Width": 4, "Actual Rows": 4, "Actual Loops": 22154, "Index Cond": "(userid = ph.userid)", "Rows Removed by Index Recheck": 0, "Heap Fetches": 0, "Workers": []}]}]}, {"Node Type": "Hash", "Parent Relationship": "Inner", "Parallel Aware": true, "Async Capable": false, "Startup Cost": 4282.85, "Total Cost": 4282.85, "Plan Rows": 97065, "Plan Width": 8, "Actual Rows": 18134, "Actual Loops": 3, "Hash Buckets": 262144, "Original Hash Buckets": 262144, "Hash Batches": 1, "Original Hash Batches": 1, "Peak Memory Usage": 4224, "Workers": [], "Plans": [{"Node Type": "Hash Join", "Parent Relationship": "Outer", "Parallel Aware": false, "Async Capable": false, "Join Type": "Inner", "Startup Cost": 1389.19, "Total Cost": 4282.85, "Plan Rows": 97065, "Plan Width": 8, "Actual Rows": 18134, "Actual Loops": 3, "Inner Unique": true, "Hash Cond": "(c.userid = u.id)", "Workers": [], "Plans": [{"Node Type": "Seq Scan", "Parent Relationship": "Outer", "Parallel Aware": true, "Async Capable": false, "Relation Name": "comments", "Alias": "c", "Startup Cost": 0.0, "Total Cost": 2625.65, "Plan Rows": 102090, "Plan Width": 4, "Actual Rows": 57847, "Actual Loops": 3, "Filter": "(creationdate <= '2014-09-10 00:33:30'::timestamp without time zone)", "Rows Removed by Filter": 255, "Workers": []}, {"Node Type": "Hash", "Parent Relationship": "Inner", "Parallel Aware": false, "Async Capable": false, "Startup Cost": 901.88, "Total Cost": 901.88, "Plan Rows": 38985, "Plan Width": 4, "Actual Rows": 39348, "Actual Loops": 3, "Hash Buckets": 65536, "Original Hash Buckets": 65536, "Hash Batches": 1, "Original Hash Batches": 1, "Peak Memory Usage": 1896, "Workers": [], "Plans": [{"Node Type": "Seq Scan", "Parent Relationship": "Outer", "Parallel Aware": false, "Async Capable": false, "Relation Name": "users", "Alias": "u", "Startup Cost": 0.0, "Total Cost": 901.88, "Plan Rows": 38985, "Plan Width": 4, "Actual Rows": 39348, "Actual Loops": 3, "Filter": "((downvotes <= 0) AND (upvotes <= 47))", "Rows Removed by Filter": 977, "Workers": []}]}]}]}]}]}]}]}, "Planning Time": 5.255, "Triggers": [], "Execution Time": 834.499}