{"Plan": {"Node Type": "Aggregate", "Strategy": "Plain", "Partial Mode": "Finalize", "Parallel Aware": false, "Async Capable": false, "Startup Cost": 5394028.17, "Total Cost": 5394028.18, "Plan Rows": 1, "Plan Width": 8, "Actual Rows": 1, "Actual Loops": 1, "Plans": [{"Node Type": "Gather", "Parent Relationship": "Outer", "Parallel Aware": false, "Async Capable": false, "Startup Cost": 5394028.06, "Total Cost": 5394028.17, "Plan Rows": 1, "Plan Width": 8, "Actual Rows": 2, "Actual Loops": 1, "Workers Planned": 1, "Workers Launched": 1, "Single Copy": false, "Plans": [{"Node Type": "Aggregate", "Strategy": "Plain", "Partial Mode": "Partial", "Parent Relationship": "Outer", "Parallel Aware": false, "Async Capable": false, "Startup Cost": 5393028.06, "Total Cost": 5393028.07, "Plan Rows": 1, "Plan Width": 8, "Actual Rows": 1, "Actual Loops": 2, "Workers": [], "Plans": [{"Node Type": "Hash Join", "Parent Relationship": "Outer", "Parallel Aware": true, "Async Capable": false, "Join Type": "Inner", "Startup Cost": 5563.18, "Total Cost": 98296.03, "Plan Rows": 2117892812, "Plan Width": 0, "Actual Rows": 9712390, "Actual Loops": 2, "Inner Unique": false, "Hash Cond": "(b.userid = u.id)", "Workers": [], "Plans": [{"Node Type": "Nested Loop", "Parent Relationship": "Outer", "Parallel Aware": false, "Async Capable": false, "Join Type": "Inner", "Startup Cost": 0.3, "Total Cost": 15012.32, "Plan Rows": 2661918, "Plan Width": 8, "Actual Rows": 1727624, "Actual Loops": 2, "Inner Unique": false, "Workers": [], "Plans": [{"Node Type": "Seq Scan", "Parent Relationship": "Outer", "Parallel Aware": true, "Async Capable": false, "Relation Name": "posthistory", "Alias": "ph", "Startup Cost": 0.0, "Total Cost": 4915.18, "Plan Rows": 51475, "Plan Width": 4, "Actual Rows": 43712, "Actual Loops": 2, "Filter": "((creationdate <= '2014-08-01 13:56:22'::timestamp without time zone) AND (posthistorytypeid = 2))", "Rows Removed by Filter": 107882, "Workers": []}, {"Node Type": "Memoize", "Parent Relationship": "Inner", "Parallel Aware": false, "Async Capable": false, "Startup Cost": 0.3, "Total Cost": 0.39, "Plan Rows": 3, "Plan Width": 4, "Actual Rows": 40, "Actual Loops": 87423, "Cache Key": "ph.userid", "Cache Mode": "logical", "Cache Hits": 30496, "Cache Misses": 12800, "Cache Evictions": 0, "Cache Overflows": 0, "Peak Memory Usage": 2831, "Workers": [{"Worker Number": 0, "Cache Hits": 30966, "Cache Misses": 13161, "Cache Evictions": 0, "Cache Overflows": 0, "Peak Memory Usage": 2863}], "Plans": [{"Node Type": "Index Scan", "Parent Relationship": "Outer", "Parallel Aware": false, "Async Capable": false, "Scan Direction": "Forward", "Index Name": "idx_badges_userid", "Relation Name": "badges", "Alias": "b", "Startup Cost": 0.29, "Total Cost": 0.38, "Plan Rows": 3, "Plan Width": 4, "Actual Rows": 4, "Actual Loops": 25961, "Index Cond": "(userid = ph.userid)", "Rows Removed by Index Recheck": 0, "Filter": "(date <= '2014-09-02 23:33:16'::timestamp without time zone)", "Rows Removed by Filter": 0, "Workers": []}]}]}, {"Node Type": "Hash", "Parent Relationship": "Inner", "Parallel Aware": true, "Async Capable": false, "Startup Cost": 4406.19, "Total Cost": 4406.19, "Plan Rows": 92535, "Plan Width": 8, "Actual Rows": 32972, "Actual Loops": 2, "Hash Buckets": 262144, "Original Hash Buckets": 262144, "Hash Batches": 1, "Original Hash Batches": 1, "Peak Memory Usage": 4672, "Workers": [], "Plans": [{"Node Type": "Hash Join", "Parent Relationship": "Outer", "Parallel Aware": false, "Async Capable": false, "Join Type": "Inner", "Startup Cost": 1767.69, "Total Cost": 4406.19, "Plan Rows": 92535, "Plan Width": 8, "Actual Rows": 32972, "Actual Loops": 2, "Inner Unique": true, "Hash Cond": "(c.userid = u.id)", "Workers": [], "Plans": [{"Node Type": "Seq Scan", "Parent Relationship": "Outer", "Parallel Aware": true, "Async Capable": false, "Relation Name": "comments", "Alias": "c", "Startup Cost": 0.0, "Total Cost": 2369.32, "Plan Rows": 102532, "Plan Width": 4, "Actual Rows": 87152, "Actual Loops": 2, "Workers": []}, {"Node Type": "Hash", "Parent Relationship": "Inner", "Parallel Aware": false, "Async Capable": false, "Startup Cost": 1305.12, "Total Cost": 1305.12, "Plan Rows": 37005, "Plan Width": 4, "Actual Rows": 36998, "Actual Loops": 2, "Hash Buckets": 65536, "Original Hash Buckets": 65536, "Hash Batches": 1, "Original Hash Batches": 1, "Peak Memory Usage": 1813, "Workers": [], "Plans": [{"Node Type": "Seq Scan", "Parent Relationship": "Outer", "Parallel Aware": false, "Async Capable": false, "Relation Name": "users", "Alias": "u", "Startup Cost": 0.0, "Total Cost": 1305.12, "Plan Rows": 37005, "Plan Width": 4, "Actual Rows": 36998, "Actual Loops": 2, "Filter": "((views >= 0) AND (downvotes >= 0) AND (upvotes >= 0) AND (upvotes <= 62) AND (creationdate >= '2010-07-27 17:10:30'::timestamp without time zone) AND (creationdate <= '2014-07-31 18:48:36'::timestamp without time zone))", "Rows Removed by Filter": 3327, "Workers": []}]}]}]}]}]}]}]}, "Planning Time": 6.828, "Triggers": [], "Execution Time": 1030.772}