{"Plan": {"Node Type": "Aggregate", "Strategy": "Plain", "Partial Mode": "Finalize", "Parallel Aware": false, "Async Capable": false, "Startup Cost": 43995.58, "Total Cost": 43995.59, "Plan Rows": 1, "Plan Width": 8, "Actual Rows": 1, "Actual Loops": 1, "Plans": [{"Node Type": "Gather", "Parent Relationship": "Outer", "Parallel Aware": false, "Async Capable": false, "Startup Cost": 43995.47, "Total Cost": 43995.58, "Plan Rows": 1, "Plan Width": 8, "Actual Rows": 2, "Actual Loops": 1, "Workers Planned": 1, "Workers Launched": 1, "Single Copy": false, "Plans": [{"Node Type": "Aggregate", "Strategy": "Plain", "Partial Mode": "Partial", "Parent Relationship": "Outer", "Parallel Aware": false, "Async Capable": false, "Startup Cost": 42995.47, "Total Cost": 42995.48, "Plan Rows": 1, "Plan Width": 8, "Actual Rows": 1, "Actual Loops": 2, "Workers": [], "Plans": [{"Node Type": "Nested Loop", "Parent Relationship": "Outer", "Parallel Aware": false, "Async Capable": false, "Join Type": "Inner", "Startup Cost": 1401.51, "Total Cost": 27441.17, "Plan Rows": 6221718, "Plan Width": 0, "Actual Rows": 968476, "Actual Loops": 2, "Inner Unique": false, "Join Filter": "(p.owneruserid = b.userid)", "Rows Removed by Join Filter": 0, "Workers": [], "Plans": [{"Node Type": "Nested Loop", "Parent Relationship": "Outer", "Parallel Aware": false, "Async Capable": false, "Join Type": "Inner", "Startup Cost": 1401.2, "Total Cost": 15692.09, "Plan Rows": 74175, "Plan Width": 12, "Actual Rows": 90912, "Actual Loops": 2, "Inner Unique": false, "Join Filter": "(u.id = b.userid)", "Rows Removed by Join Filter": 0, "Workers": [], "Plans": [{"Node Type": "Hash Join", "Parent Relationship": "Outer", "Parallel Aware": false, "Async Capable": false, "Join Type": "Inner", "Startup Cost": 1400.9, "Total Cost": 5977.43, "Plan Rows": 37615, "Plan Width": 8, "Actual Rows": 11309, "Actual Loops": 2, "Inner Unique": true, "Hash Cond": "(ph.userid = u.id)", "Workers": [], "Plans": [{"Node Type": "Seq Scan", "Parent Relationship": "Outer", "Parallel Aware": true, "Async Capable": false, "Relation Name": "posthistory", "Alias": "ph", "Startup Cost": 0.0, "Total Cost": 4469.32, "Plan Rows": 40839, "Plan Width": 4, "Actual Rows": 34714, "Actual Loops": 2, "Filter": "(posthistorytypeid = 5)", "Rows Removed by Filter": 116880, "Workers": []}, {"Node Type": "Hash", "Parent Relationship": "Inner", "Parallel Aware": false, "Async Capable": false, "Startup Cost": 901.88, "Total Cost": 901.88, "Plan Rows": 39922, "Plan Width": 4, "Actual Rows": 39923, "Actual Loops": 2, "Hash Buckets": 65536, "Original Hash Buckets": 65536, "Hash Batches": 1, "Original Hash Batches": 1, "Peak Memory Usage": 1916, "Workers": [], "Plans": [{"Node Type": "Seq Scan", "Parent Relationship": "Outer", "Parallel Aware": false, "Async Capable": false, "Relation Name": "users", "Alias": "u", "Startup Cost": 0.0, "Total Cost": 901.88, "Plan Rows": 39922, "Plan Width": 4, "Actual Rows": 39923, "Actual Loops": 2, "Filter": "((reputation >= 1) AND (reputation <= 750))", "Rows Removed by Filter": 402, "Workers": []}]}]}, {"Node Type": "Memoize", "Parent Relationship": "Inner", "Parallel Aware": false, "Async Capable": false, "Startup Cost": 0.3, "Total Cost": 0.4, "Plan Rows": 3, "Plan Width": 4, "Actual Rows": 8, "Actual Loops": 22618, "Cache Key": "ph.userid", "Cache Mode": "logical", "Cache Hits": 7317, "Cache Misses": 4932, "Cache Evictions": 0, "Cache Overflows": 0, "Peak Memory Usage": 1284, "Workers": [{"Worker Number": 0, "Cache Hits": 6018, "Cache Misses": 4351, "Cache Evictions": 0, "Cache Overflows": 0, "Peak Memory Usage": 1139}], "Plans": [{"Node Type": "Index Scan", "Parent Relationship": "Outer", "Parallel Aware": false, "Async Capable": false, "Scan Direction": "Forward", "Index Name": "idx_badges_userid", "Relation Name": "badges", "Alias": "b", "Startup Cost": 0.29, "Total Cost": 0.39, "Plan Rows": 3, "Plan Width": 4, "Actual Rows": 6, "Actual Loops": 9283, "Index Cond": "(userid = ph.userid)", "Rows Removed by Index Recheck": 0, "Filter": "(date >= '2010-07-20 10:34:10'::timestamp without time zone)", "Rows Removed by Filter": 0, "Workers": []}]}]}, {"Node Type": "Memoize", "Parent Relationship": "Inner", "Parallel Aware": false, "Async Capable": false, "Startup Cost": 0.3, "Total Cost": 0.45, "Plan Rows": 2, "Plan Width": 4, "Actual Rows": 11, "Actual Loops": 181824, "Cache Key": "ph.userid", "Cache Mode": "logical", "Cache Hits": 94931, "Cache Misses": 4931, "Cache Evictions": 0, "Cache Overflows": 0, "Peak Memory Usage": 901, "Workers": [{"Worker Number": 0, "Cache Hits": 77612, "Cache Misses": 4350, "Cache Evictions": 0, "Cache Overflows": 0, "Peak Memory Usage": 818}], "Plans": [{"Node Type": "Index Scan", "Parent Relationship": "Outer", "Parallel Aware": false, "Async Capable": false, "Scan Direction": "Forward", "Index Name": "idx_posts_owneruserid", "Relation Name": "posts", "Alias": "p", "Startup Cost": 0.29, "Total Cost": 0.44, "Plan Rows": 2, "Plan Width": 4, "Actual Rows": 3, "Actual Loops": 9281, "Index Cond": "(owneruserid = ph.userid)", "Rows Removed by Index Recheck": 0, "Filter": "((viewcount >= 0) AND (viewcount <= 2024))", "Rows Removed by Filter": 2, "Workers": []}]}]}]}]}]}, "Planning Time": 5.968, "Triggers": [], "Execution Time": 285.229}