{"Plan": {"Node Type": "Aggregate", "Strategy": "Plain", "Partial Mode": "Simple", "Parallel Aware": false, "Async Capable": false, "Startup Cost": 21814.9, "Total Cost": 21814.91, "Plan Rows": 1, "Plan Width": 8, "Actual Rows": 1, "Actual Loops": 1, "Plans": [{"Node Type": "Nested Loop", "Parent Relationship": "Outer", "Parallel Aware": false, "Async Capable": false, "Join Type": "Inner", "Startup Cost": 4714.26, "Total Cost": 17185.65, "Plan Rows": 1851701, "Plan Width": 0, "Actual Rows": 1116000, "Actual Loops": 1, "Inner Unique": false, "Plans": [{"Node Type": "Hash Join", "Parent Relationship": "Outer", "Parallel Aware": false, "Async Capable": false, "Join Type": "Inner", "Startup Cost": 4713.83, "Total Cost": 6750.68, "Plan Rows": 11073, "Plan Width": 12, "Actual Rows": 70835, "Actual Loops": 1, "Inner Unique": false, "Hash Cond": "(b.userid = u.id)", "Plans": [{"Node Type": "Seq Scan", "Parent Relationship": "Outer", "Parallel Aware": false, "Async Capable": false, "Relation Name": "badges", "Alias": "b", "Startup Cost": 0.0, "Total Cost": 1629.76, "Plan Rows": 79027, "Plan Width": 4, "Actual Rows": 79007, "Actual Loops": 1, "Filter": "((date >= '2010-07-20 20:47:27'::timestamp without time zone) AND (date <= '2014-09-09 13:24:28'::timestamp without time zone))", "Rows Removed by Filter": 844}, {"Node Type": "Hash", "Parent Relationship": "Inner", "Parallel Aware": false, "Async Capable": false, "Startup Cost": 4643.21, "Total Cost": 4643.21, "Plan Rows": 5650, "Plan Width": 8, "Actual Rows": 9739, "Actual Loops": 1, "Hash Buckets": 16384, "Original Hash Buckets": 8192, "Hash Batches": 1, "Original Hash Batches": 1, "Peak Memory Usage": 509, "Plans": [{"Node Type": "Hash Join", "Parent Relationship": "Outer", "Parallel Aware": false, "Async Capable": false, "Join Type": "Inner", "Startup Cost": 1488.18, "Total Cost": 4643.21, "Plan Rows": 5650, "Plan Width": 8, "Actual Rows": 9739, "Actual Loops": 1, "Inner Unique": true, "Hash Cond": "(p.owneruserid = u.id)", "Plans": [{"Node Type": "Seq Scan", "Parent Relationship": "Outer", "Parallel Aware": false, "Async Capable": false, "Relation Name": "posts", "Alias": "p", "Startup Cost": 0.0, "Total Cost": 3139.4, "Plan Rows": 5956, "Plan Width": 4, "Actual Rows": 12416, "Actual Loops": 1, "Filter": "((answercount <= 4) AND (commentcount >= 0) AND (commentcount <= 12) AND (favoritecount >= 0) AND (favoritecount <= 89) AND (creationdate <= '2014-09-02 10:21:04'::timestamp without time zone))", "Rows Removed by Filter": 79560}, {"Node Type": "Hash", "Parent Relationship": "Inner", "Parallel Aware": false, "Async Capable": false, "Startup Cost": 1002.69, "Total Cost": 1002.69, "Plan Rows": 38839, "Plan Width": 4, "Actual Rows": 38877, "Actual Loops": 1, "Hash Buckets": 65536, "Original Hash Buckets": 65536, "Hash Batches": 1, "Original Hash Batches": 1, "Peak Memory Usage": 1879, "Plans": [{"Node Type": "Seq Scan", "Parent Relationship": "Outer", "Parallel Aware": false, "Async Capable": false, "Relation Name": "users", "Alias": "u", "Startup Cost": 0.0, "Total Cost": 1002.69, "Plan Rows": 38839, "Plan Width": 4, "Actual Rows": 38877, "Actual Loops": 1, "Filter": "((reputation <= 705) AND (creationdate >= '2010-07-28 23:56:00'::timestamp without time zone) AND (creationdate <= '2014-09-02 10:04:41'::timestamp without time zone))", "Rows Removed by Filter": 1448}]}]}]}]}, {"Node Type": "Index Scan", "Parent Relationship": "Inner", "Parallel Aware": false, "Async Capable": false, "Scan Direction": "Forward", "Index Name": "idx_posthistory_userid", "Relation Name": "posthistory", "Alias": "ph", "Startup Cost": 0.42, "Total Cost": 0.9, "Plan Rows": 4, "Plan Width": 4, "Actual Rows": 16, "Actual Loops": 70835, "Index Cond": "(userid = b.userid)", "Rows Removed by Index Recheck": 0, "Filter": "((creationdate >= '2011-01-08 03:03:48'::timestamp without time zone) AND (creationdate <= '2014-08-25 14:04:43'::timestamp without time zone) AND (posthistorytypeid = 2))", "Rows Removed by Filter": 40}]}]}, "Planning Time": 3.302, "Triggers": [], "Execution Time": 896.354}