{"Plan": {"Node Type": "Aggregate", "Strategy": "Plain", "Partial Mode": "Finalize", "Parallel Aware": false, "Async Capable": false, "Startup Cost": 71118948.19, "Total Cost": 71118948.2, "Plan Rows": 1, "Plan Width": 8, "Actual Rows": 1, "Actual Loops": 1, "Plans": [{"Node Type": "Gather", "Parent Relationship": "Outer", "Parallel Aware": false, "Async Capable": false, "Startup Cost": 71118948.08, "Total Cost": 71118948.19, "Plan Rows": 1, "Plan Width": 8, "Actual Rows": 2, "Actual Loops": 1, "Workers Planned": 1, "Workers Launched": 1, "Single Copy": false, "Plans": [{"Node Type": "Aggregate", "Strategy": "Plain", "Partial Mode": "Partial", "Parent Relationship": "Outer", "Parallel Aware": false, "Async Capable": false, "Startup Cost": 71117948.08, "Total Cost": 71117948.09, "Plan Rows": 1, "Plan Width": 8, "Actual Rows": 1, "Actual Loops": 2, "Workers": [], "Plans": [{"Node Type": "Hash Join", "Parent Relationship": "Outer", "Parallel Aware": true, "Async Capable": false, "Join Type": "Inner", "Startup Cost": 9136.15, "Total Cost": 1434046.17, "Plan Rows": 27873560763, "Plan Width": 0, "Actual Rows": 127677904, "Actual Loops": 2, "Inner Unique": false, "Hash Cond": "(ph.userid = u.id)", "Workers": [], "Plans": [{"Node Type": "Nested Loop", "Parent Relationship": "Outer", "Parallel Aware": false, "Async Capable": false, "Join Type": "Inner", "Startup Cost": 3304.15, "Total Cost": 23304.49, "Plan Rows": 51950928, "Plan Width": 12, "Actual Rows": 75444486, "Actual Loops": 2, "Inner Unique": false, "Join Filter": "(ph.userid = b.userid)", "Rows Removed by Join Filter": 0, "Workers": [], "Plans": [{"Node Type": "Merge Join", "Parent Relationship": "Outer", "Parallel Aware": false, "Async Capable": false, "Join Type": "Inner", "Startup Cost": 3303.72, "Total Cost": 5793.74, "Plan Rows": 64576, "Plan Width": 8, "Actual Rows": 105922, "Actual Loops": 2, "Inner Unique": false, "Merge Cond": "(b.userid = p.owneruserid)", "Workers": [], "Plans": [{"Node Type": "Index Only Scan", "Parent Relationship": "Outer", "Parallel Aware": true, "Async Capable": false, "Scan Direction": "Forward", "Index Name": "idx_badges_userid", "Relation Name": "badges", "Alias": "b", "Startup Cost": 0.29, "Total Cost": 1405.26, "Plan Rows": 46971, "Plan Width": 4, "Actual Rows": 39925, "Actual Loops": 2, "Heap Fetches": 0, "Workers": []}, {"Node Type": "Sort", "Parent Relationship": "Inner", "Parallel Aware": false, "Async Capable": false, "Startup Cost": 3303.01, "Total Cost": 3310.14, "Plan Rows": 2851, "Plan Width": 4, "Actual Rows": 112355, "Actual Loops": 2, "Sort Key": ["p.owneruserid"], "Sort Method": "quicksort", "Sort Space Used": 385, "Sort Space Type": "Memory", "Workers": [{"Worker Number": 0, "Sort Method": "quicksort", "Sort Space Used": 385, "Sort Space Type": "Memory"}], "Plans": [{"Node Type": "Seq Scan", "Parent Relationship": "Outer", "Parallel Aware": false, "Async Capable": false, "Relation Name": "posts", "Alias": "p", "Startup Cost": 0.0, "Total Cost": 3139.4, "Plan Rows": 2851, "Plan Width": 4, "Actual Rows": 13007, "Actual Loops": 2, "Filter": "((viewcount >= 0) AND (viewcount <= 25597) AND (commentcount >= 0) AND (commentcount <= 11) AND (favoritecount >= 0) AND (posttypeid = 1))", "Rows Removed by Filter": 78969, "Workers": []}]}]}, {"Node Type": "Memoize", "Parent Relationship": "Inner", "Parallel Aware": false, "Async Capable": false, "Startup Cost": 0.43, "Total Cost": 1.17, "Plan Rows": 14, "Plan Width": 4, "Actual Rows": 712, "Actual Loops": 211843, "Cache Key": "p.owneruserid", "Cache Mode": "logical", "Cache Hits": 89798, "Cache Misses": 3224, "Cache Evictions": 0, "Cache Overflows": 0, "Peak Memory Usage": 3505, "Workers": [{"Worker Number": 0, "Cache Hits": 115449, "Cache Misses": 3372, "Cache Evictions": 0, "Cache Overflows": 0, "Peak Memory Usage": 3640}], "Plans": [{"Node Type": "Index Only Scan", "Parent Relationship": "Outer", "Parallel Aware": false, "Async Capable": false, "Scan Direction": "Forward", "Index Name": "idx_posthistory_userid", "Relation Name": "posthistory", "Alias": "ph", "Startup Cost": 0.42, "Total Cost": 1.16, "Plan Rows": 14, "Plan Width": 4, "Actual Rows": 29, "Actual Loops": 6596, "Index Cond": "(userid = p.owneruserid)", "Rows Removed by Index Recheck": 0, "Heap Fetches": 0, "Workers": []}]}]}, {"Node Type": "Hash", "Parent Relationship": "Inner", "Parallel Aware": true, "Async Capable": false, "Startup Cost": 4637.72, "Total Cost": 4637.72, "Plan Rows": 95542, "Plan Width": 8, "Actual Rows": 28814, "Actual Loops": 2, "Hash Buckets": 262144, "Original Hash Buckets": 262144, "Hash Batches": 1, "Original Hash Batches": 1, "Peak Memory Usage": 4352, "Workers": [], "Plans": [{"Node Type": "Hash Join", "Parent Relationship": "Outer", "Parallel Aware": false, "Async Capable": false, "Join Type": "Inner", "Startup Cost": 1494.18, "Total Cost": 4637.72, "Plan Rows": 95542, "Plan Width": 8, "Actual Rows": 28814, "Actual Loops": 2, "Inner Unique": true, "Hash Cond": "(c.userid = u.id)", "Workers": [], "Plans": [{"Node Type": "Seq Scan", "Parent Relationship": "Outer", "Parallel Aware": true, "Async Capable": false, "Relation Name": "comments", "Alias": "c", "Startup Cost": 0.0, "Total Cost": 2881.99, "Plan Rows": 99635, "Plan Width": 4, "Actual Rows": 84656, "Actual Loops": 2, "Filter": "((creationdate >= '2010-08-19 09:33:49'::timestamp without time zone) AND (creationdate <= '2014-08-28 06:54:21'::timestamp without time zone))", "Rows Removed by Filter": 2497, "Workers": []}, {"Node Type": "Hash", "Parent Relationship": "Inner", "Parallel Aware": false, "Async Capable": false, "Startup Cost": 1002.69, "Total Cost": 1002.69, "Plan Rows": 39319, "Plan Width": 4, "Actual Rows": 39532, "Actual Loops": 2, "Hash Buckets": 65536, "Original Hash Buckets": 65536, "Hash Batches": 1, "Original Hash Batches": 1, "Peak Memory Usage": 1902, "Workers": [], "Plans": [{"Node Type": "Seq Scan", "Parent Relationship": "Outer", "Parallel Aware": false, "Async Capable": false, "Relation Name": "users", "Alias": "u", "Startup Cost": 0.0, "Total Cost": 1002.69, "Plan Rows": 39319, "Plan Width": 4, "Actual Rows": 39532, "Actual Loops": 2, "Filter": "((downvotes <= 0) AND (upvotes >= 0) AND (upvotes <= 123))", "Rows Removed by Filter": 793, "Workers": []}]}]}]}]}]}]}]}, "Planning Time": 9.519, "Triggers": [], "Execution Time": 13595.395}