[{"Plan": {"Node Type": "Aggregate", "Strategy": "Plain", "Partial Mode": "Finalize", "Parallel Aware": false, "Async Capable": false, "Startup Cost": 831477.11, "Total Cost": 831477.12, "Plan Rows": 1, "Plan Width": 8, "Plans": [{"Node Type": "Gather", "Parent Relationship": "Outer", "Parallel Aware": false, "Async Capable": false, "Startup Cost": 831476.48, "Total Cost": 831477.09, "Plan Rows": 6, "Plan Width": 8, "Workers Planned": 6, "Single Copy": false, "Plans": [{"Node Type": "Aggregate", "Strategy": "Plain", "Partial Mode": "Partial", "Parent Relationship": "Outer", "Parallel Aware": false, "Async Capable": false, "Startup Cost": 830476.48, "Total Cost": 830476.49, "Plan Rows": 1, "Plan Width": 8, "Plans": [{"Node Type": "Nested Loop", "Parent Relationship": "Outer", "Parallel Aware": false, "Async Capable": false, "Join Type": "Inner", "Startup Cost": 41616.42, "Total Cost": 829154.19, "Plan Rows": 528916, "Plan Width": 0, "Inner Unique": false, "Plans": [{"Node Type": "Hash Join", "Parent Relationship": "Outer", "Parallel Aware": true, "Async Capable": false, "Join Type": "Inner", "Startup Cost": 41615.85, "Total Cost": 337362.32, "Plan Rows": 247483, "Plan Width": 4, "Inner Unique": true, "Hash Cond": "(orders.o_custkey = customer.c_custkey)", "Plans": [{"Node Type": "Seq Scan", "Parent Relationship": "Outer", "Parallel Aware": true, "Async Capable": false, "Relation Name": "orders", "Alias": "orders", "Startup Cost": 0.0, "Total Cost": 292521.79, "Plan Rows": 1228446, "Plan Width": 8, "Filter": "(o_orderdate < '1995-03-24'::date)"}, {"Node Type": "Hash", "Parent Relationship": "Inner", "Parallel Aware": true, "Async Capable": false, "Startup Cost": 40671.5, "Total Cost": 40671.5, "Plan Rows": 75548, "Plan Width": 4, "Plans": [{"Node Type": "Seq Scan", "Parent Relationship": "Outer", "Parallel Aware": true, "Async Capable": false, "Relation Name": "customer", "Alias": "customer", "Startup Cost": 0.0, "Total Cost": 40671.5, "Plan Rows": 75548, "Plan Width": 4, "Filter": "(c_mktsegment = 'AUTOMOBILE'::bpchar)"}]}]}, {"Node Type": "Index Scan", "Parent Relationship": "Inner", "Parallel Aware": false, "Async Capable": false, "Scan Direction": "Forward", "Index Name": "idx_lineitem_orderkey", "Relation Name": "lineitem", "Alias": "lineitem", "Startup Cost": 0.56, "Total Cost": 1.83, "Plan Rows": 16, "Plan Width": 4, "Index Cond": "(l_orderkey = orders.o_orderkey)", "Filter": "(l_shipdate > '1995-03-24'::date)"}]}]}]}]}}, {"Plan": {"Node Type": "Aggregate", "Strategy": "Plain", "Partial Mode": "Finalize", "Parallel Aware": false, "Async Capable": false, "Startup Cost": 830287.05, "Total Cost": 830287.06, "Plan Rows": 1, "Plan Width": 8, "Plans": [{"Node Type": "Gather", "Parent Relationship": "Outer", "Parallel Aware": false, "Async Capable": false, "Startup Cost": 830286.42, "Total Cost": 830287.03, "Plan Rows": 60.0, "Plan Width": 8, "Workers Planned": 6, "Single Copy": false, "Plans": [{"Node Type": "Aggregate", "Strategy": "Plain", "Partial Mode": "Partial", "Parent Relationship": "Outer", "Parallel Aware": false, "Async Capable": false, "Startup Cost": 829286.42, "Total Cost": 829286.43, "Plan Rows": 1, "Plan Width": 8, "Plans": [{"Node Type": "Nested Loop", "Parent Relationship": "Outer", "Parallel Aware": false, "Async Capable": false, "Join Type": "Inner", "Startup Cost": 41616.42, "Total Cost": 829154.19, "Plan Rows": 528920.0, "Plan Width": 0, "Inner Unique": false, "Plans": [{"Node Type": "Hash Join", "Parent Relationship": "Outer", "Parallel Aware": true, "Async Capable": false, "Join Type": "Inner", "Startup Cost": 41615.85, "Total Cost": 337362.32, "Plan Rows": 247483, "Plan Width": 4, "Inner Unique": true, "Hash Cond": "(orders.o_custkey = customer.c_custkey)", "Plans": [{"Node Type": "Seq Scan", "Parent Relationship": "Outer", "Parallel Aware": true, "Async Capable": false, "Relation Name": "orders", "Alias": "orders", "Startup Cost": 0.0, "Total Cost": 292521.79, "Plan Rows": 1228446, "Plan Width": 8, "Filter": "(o_orderdate < '1995-03-24'::date)"}, {"Node Type": "Hash", "Parent Relationship": "Inner", "Parallel Aware": true, "Async Capable": false, "Startup Cost": 40671.5, "Total Cost": 40671.5, "Plan Rows": 75548, "Plan Width": 4, "Plans": [{"Node Type": "Seq Scan", "Parent Relationship": "Outer", "Parallel Aware": true, "Async Capable": false, "Relation Name": "customer", "Alias": "customer", "Startup Cost": 0.0, "Total Cost": 40671.5, "Plan Rows": 75548, "Plan Width": 4, "Filter": "(c_mktsegment = 'AUTOMOBILE'::bpchar)"}]}]}, {"Node Type": "Index Scan", "Parent Relationship": "Inner", "Parallel Aware": false, "Async Capable": false, "Scan Direction": "Forward", "Index Name": "idx_lineitem_orderkey", "Relation Name": "lineitem", "Alias": "lineitem", "Startup Cost": 0.56, "Total Cost": 1.83, "Plan Rows": 16, "Plan Width": 4, "Index Cond": "(l_orderkey = orders.o_orderkey)", "Filter": "(l_shipdate > '1995-03-24'::date)"}]}]}]}]}}, {"Plan": {"Node Type": "Aggregate", "Strategy": "Plain", "Partial Mode": "Finalize", "Parallel Aware": false, "Async Capable": false, "Startup Cost": 1921303.86, "Total Cost": 1921303.87, "Plan Rows": 1, "Plan Width": 8, "Plans": [{"Node Type": "Gather", "Parent Relationship": "Outer", "Parallel Aware": false, "Async Capable": false, "Startup Cost": 1921303.23, "Total Cost": 1921303.84, "Plan Rows": 6, "Plan Width": 8, "Workers Planned": 6, "Single Copy": false, "Plans": [{"Node Type": "Aggregate", "Strategy": "Plain", "Partial Mode": "Partial", "Parent Relationship": "Outer", "Parallel Aware": false, "Async Capable": false, "Startup Cost": 1920303.23, "Total Cost": 1920303.24, "Plan Rows": 1, "Plan Width": 8, "Plans": [{"Node Type": "Hash Join", "Parent Relationship": "Outer", "Parallel Aware": true, "Async Capable": false, "Join Type": "Inner", "Startup Cost": 1331127.67, "Total Cost": 1918980.94, "Plan Rows": 528916, "Plan Width": 0, "Inner Unique": false, "Hash Cond": "(orders.o_orderkey = lineitem.l_orderkey)", "Plans": [{"Node Type": "Hash Join", "Parent Relationship": "Outer", "Parallel Aware": true, "Async Capable": false, "Join Type": "Inner", "Startup Cost": 41615.85, "Total Cost": 337362.32, "Plan Rows": 247482.67, "Plan Width": 4, "Inner Unique": true, "Hash Cond": "(orders.o_custkey = customer.c_custkey)", "Plans": [{"Node Type": "Seq Scan", "Parent Relationship": "Outer", "Parallel Aware": true, "Async Capable": false, "Relation Name": "orders", "Alias": "orders", "Startup Cost": 0.0, "Total Cost": 292521.79, "Plan Rows": 1228446, "Plan Width": 8, "Filter": "(o_orderdate < '1995-03-24'::date)"}, {"Node Type": "Hash", "Parent Relationship": "Inner", "Parallel Aware": true, "Async Capable": false, "Startup Cost": 40671.5, "Total Cost": 40671.5, "Plan Rows": 75548, "Plan Width": 4, "Plans": [{"Node Type": "Seq Scan", "Parent Relationship": "Outer", "Parallel Aware": true, "Async Capable": false, "Relation Name": "customer", "Alias": "customer", "Startup Cost": 0.0, "Total Cost": 40671.5, "Plan Rows": 75548, "Plan Width": 4, "Filter": "(c_mktsegment = 'AUTOMOBILE'::bpchar)"}]}]}, {"Node Type": "Hash", "Parent Relationship": "Inner", "Parallel Aware": true, "Async Capable": false, "Startup Cost": 1232266.19, "Total Cost": 1232266.19, "Plan Rows": 4579651, "Plan Width": 4, "Plans": [{"Node Type": "Seq Scan", "Parent Relationship": "Outer", "Parallel Aware": true, "Async Capable": false, "Relation Name": "lineitem", "Alias": "lineitem", "Startup Cost": 0.0, "Total Cost": 1232266.19, "Plan Rows": 4579651, "Plan Width": 4, "Filter": "(l_shipdate > '1995-03-24'::date)"}]}]}]}]}]}}]