[{"Plan": {"Node Type": "Aggregate", "Strategy": "Plain", "Partial Mode": "Finalize", "Parallel Aware": false, "Async Capable": false, "Startup Cost": 497905.07, "Total Cost": 497905.08, "Plan Rows": 1, "Plan Width": 8, "Plans": [{"Node Type": "Gather", "Parent Relationship": "Outer", "Parallel Aware": false, "Async Capable": false, "Startup Cost": 497904.65, "Total Cost": 497905.06, "Plan Rows": 4, "Plan Width": 8, "Workers Planned": 4, "Single Copy": false, "Plans": [{"Node Type": "Aggregate", "Strategy": "Plain", "Partial Mode": "Partial", "Parent Relationship": "Outer", "Parallel Aware": false, "Async Capable": false, "Startup Cost": 496904.65, "Total Cost": 496904.66, "Plan Rows": 1, "Plan Width": 8, "Plans": [{"Node Type": "Hash Join", "Parent Relationship": "Outer", "Parallel Aware": false, "Async Capable": false, "Join Type": "Inner", "Startup Cost": 5.67, "Total Cost": 496888.33, "Plan Rows": 6530, "Plan Width": 0, "Inner Unique": true, "Hash Cond": "(supplier.s_nationkey = n2.n_nationkey)", "Plans": [{"Node Type": "Nested Loop", "Parent Relationship": "Outer", "Parallel Aware": false, "Async Capable": false, "Join Type": "Inner", "Startup Cost": 4.1, "Total Cost": 496866.72, "Plan Rows": 6530, "Plan Width": 4, "Inner Unique": true, "Plans": [{"Node Type": "Hash Join", "Parent Relationship": "Outer", "Parallel Aware": false, "Async Capable": false, "Join Type": "Inner", "Startup Cost": 3.81, "Total Cost": 494836.35, "Plan Rows": 6546, "Plan Width": 4, "Inner Unique": false, "Hash Cond": "(customer.c_nationkey = n1.n_nationkey)", "Plans": [{"Node Type": "Nested Loop", "Parent Relationship": "Outer", "Parallel Aware": false, "Async Capable": false, "Join Type": "Inner", "Startup Cost": 1.3, "Total Cost": 494645.64, "Plan Rows": 32731, "Plan Width": 8, "Inner Unique": true, "Plans": [{"Node Type": "Nested Loop", "Parent Relationship": "Outer", "Parallel Aware": false, "Async Capable": false, "Join Type": "Inner", "Startup Cost": 0.88, "Total Cost": 478925.69, "Plan Rows": 32731, "Plan Width": 8, "Inner Unique": true, "Plans": [{"Node Type": "Nested Loop", "Parent Relationship": "Outer", "Parallel Aware": false, "Async Capable": false, "Join Type": "Inner", "Startup Cost": 0.44, "Total Cost": 427348.0, "Plan Rows": 107979, "Plan Width": 8, "Inner Unique": false, "Plans": [{"Node Type": "Seq Scan", "Parent Relationship": "Outer", "Parallel Aware": true, "Async Capable": false, "Relation Name": "part", "Alias": "part", "Startup Cost": 0.0, "Total Cost": 47242.0, "Plan Rows": 3600, "Plan Width": 4, "Filter": "((p_type)::text = 'LARGE PLATED BRASS'::text)"}, {"Node Type": "Index Scan", "Parent Relationship": "Inner", "Parallel Aware": false, "Async Capable": false, "Scan Direction": "Forward", "Index Name": "idx_lineitem_part_supp", "Relation Name": "lineitem", "Alias": "lineitem", "Startup Cost": 0.44, "Total Cost": 105.28, "Plan Rows": 30, "Plan Width": 12, "Index Cond": "(l_partkey = part.p_partkey)"}]}, {"Node Type": "Index Scan", "Parent Relationship": "Inner", "Parallel Aware": false, "Async Capable": false, "Scan Direction": "Forward", "Index Name": "orders_pkey", "Relation Name": "orders", "Alias": "orders", "Startup Cost": 0.43, "Total Cost": 0.48, "Plan Rows": 1, "Plan Width": 8, "Index Cond": "(o_orderkey = lineitem.l_orderkey)", "Filter": "((o_orderdate >= '1995-01-01'::date) AND (o_orderdate <= '1996-12-31'::date))"}]}, {"Node Type": "Index Scan", "Parent Relationship": "Inner", "Parallel Aware": false, "Async Capable": false, "Scan Direction": "Forward", "Index Name": "customer_pkey", "Relation Name": "customer", "Alias": "customer", "Startup Cost": 0.43, "Total Cost": 0.48, "Plan Rows": 1, "Plan Width": 8, "Index Cond": "(c_custkey = orders.o_custkey)"}]}, {"Node Type": "Hash", "Parent Relationship": "Inner", "Parallel Aware": false, "Async Capable": false, "Startup Cost": 2.45, "Total Cost": 2.45, "Plan Rows": 5, "Plan Width": 4, "Plans": [{"Node Type": "Hash Join", "Parent Relationship": "Outer", "Parallel Aware": false, "Async Capable": false, "Join Type": "Inner", "Startup Cost": 1.07, "Total Cost": 2.45, "Plan Rows": 5, "Plan Width": 4, "Inner Unique": true, "Hash Cond": "(n1.n_regionkey = region.r_regionkey)", "Plans": [{"Node Type": "Seq Scan", "Parent Relationship": "Outer", "Parallel Aware": false, "Async Capable": false, "Relation Name": "nation", "Alias": "n1", "Startup Cost": 0.0, "Total Cost": 1.25, "Plan Rows": 25, "Plan Width": 8}, {"Node Type": "Hash", "Parent Relationship": "Inner", "Parallel Aware": false, "Async Capable": false, "Startup Cost": 1.06, "Total Cost": 1.06, "Plan Rows": 1, "Plan Width": 4, "Plans": [{"Node Type": "Seq Scan", "Parent Relationship": "Outer", "Parallel Aware": false, "Async Capable": false, "Relation Name": "region", "Alias": "region", "Startup Cost": 0.0, "Total Cost": 1.06, "Plan Rows": 1, "Plan Width": 4, "Filter": "(r_name = 'ASIA'::bpchar)"}]}]}]}]}, {"Node Type": "Index Scan", "Parent Relationship": "Inner", "Parallel Aware": false, "Async Capable": false, "Scan Direction": "Forward", "Index Name": "supplier_pkey", "Relation Name": "supplier", "Alias": "supplier", "Startup Cost": 0.29, "Total Cost": 0.31, "Plan Rows": 1, "Plan Width": 8, "Index Cond": "(s_suppkey = lineitem.l_suppkey)"}]}, {"Node Type": "Hash", "Parent Relationship": "Inner", "Parallel Aware": false, "Async Capable": false, "Startup Cost": 1.25, "Total Cost": 1.25, "Plan Rows": 25, "Plan Width": 4, "Plans": [{"Node Type": "Seq Scan", "Parent Relationship": "Outer", "Parallel Aware": false, "Async Capable": false, "Relation Name": "nation", "Alias": "n2", "Startup Cost": 0.0, "Total Cost": 1.25, "Plan Rows": 25, "Plan Width": 4}]}]}]}]}]}}, {"Plan": {"Node Type": "Aggregate", "Strategy": "Plain", "Partial Mode": "Finalize", "Parallel Aware": false, "Async Capable": false, "Startup Cost": 497890.38, "Total Cost": 497890.39, "Plan Rows": 1, "Plan Width": 8, "Plans": [{"Node Type": "Gather", "Parent Relationship": "Outer", "Parallel Aware": false, "Async Capable": false, "Startup Cost": 497889.96, "Total Cost": 497890.37, "Plan Rows": 40.0, "Plan Width": 8, "Workers Planned": 4, "Single Copy": false, "Plans": [{"Node Type": "Aggregate", "Strategy": "Plain", "Partial Mode": "Partial", "Parent Relationship": "Outer", "Parallel Aware": false, "Async Capable": false, "Startup Cost": 496889.96, "Total Cost": 496889.97, "Plan Rows": 1, "Plan Width": 8, "Plans": [{"Node Type": "Hash Join", "Parent Relationship": "Outer", "Parallel Aware": false, "Async Capable": false, "Join Type": "Inner", "Startup Cost": 5.67, "Total Cost": 496888.33, "Plan Rows": 6530.0, "Plan Width": 0, "Inner Unique": true, "Hash Cond": "(supplier.s_nationkey = n2.n_nationkey)", "Plans": [{"Node Type": "Nested Loop", "Parent Relationship": "Outer", "Parallel Aware": false, "Async Capable": false, "Join Type": "Inner", "Startup Cost": 4.1, "Total Cost": 496866.72, "Plan Rows": 6530, "Plan Width": 4, "Inner Unique": true, "Plans": [{"Node Type": "Hash Join", "Parent Relationship": "Outer", "Parallel Aware": false, "Async Capable": false, "Join Type": "Inner", "Startup Cost": 3.81, "Total Cost": 494836.35, "Plan Rows": 6546, "Plan Width": 4, "Inner Unique": false, "Hash Cond": "(customer.c_nationkey = n1.n_nationkey)", "Plans": [{"Node Type": "Nested Loop", "Parent Relationship": "Outer", "Parallel Aware": false, "Async Capable": false, "Join Type": "Inner", "Startup Cost": 1.3, "Total Cost": 494645.64, "Plan Rows": 32731, "Plan Width": 8, "Inner Unique": true, "Plans": [{"Node Type": "Nested Loop", "Parent Relationship": "Outer", "Parallel Aware": false, "Async Capable": false, "Join Type": "Inner", "Startup Cost": 0.88, "Total Cost": 478925.69, "Plan Rows": 32731, "Plan Width": 8, "Inner Unique": true, "Plans": [{"Node Type": "Nested Loop", "Parent Relationship": "Outer", "Parallel Aware": false, "Async Capable": false, "Join Type": "Inner", "Startup Cost": 0.44, "Total Cost": 427348.0, "Plan Rows": 107979, "Plan Width": 8, "Inner Unique": false, "Plans": [{"Node Type": "Seq Scan", "Parent Relationship": "Outer", "Parallel Aware": true, "Async Capable": false, "Relation Name": "part", "Alias": "part", "Startup Cost": 0.0, "Total Cost": 47242.0, "Plan Rows": 3600, "Plan Width": 4, "Filter": "((p_type)::text = 'LARGE PLATED BRASS'::text)"}, {"Node Type": "Index Scan", "Parent Relationship": "Inner", "Parallel Aware": false, "Async Capable": false, "Scan Direction": "Forward", "Index Name": "idx_lineitem_part_supp", "Relation Name": "lineitem", "Alias": "lineitem", "Startup Cost": 0.44, "Total Cost": 105.28, "Plan Rows": 30, "Plan Width": 12, "Index Cond": "(l_partkey = part.p_partkey)"}]}, {"Node Type": "Index Scan", "Parent Relationship": "Inner", "Parallel Aware": false, "Async Capable": false, "Scan Direction": "Forward", "Index Name": "orders_pkey", "Relation Name": "orders", "Alias": "orders", "Startup Cost": 0.43, "Total Cost": 0.48, "Plan Rows": 1, "Plan Width": 8, "Index Cond": "(o_orderkey = lineitem.l_orderkey)", "Filter": "((o_orderdate >= '1995-01-01'::date) AND (o_orderdate <= '1996-12-31'::date))"}]}, {"Node Type": "Index Scan", "Parent Relationship": "Inner", "Parallel Aware": false, "Async Capable": false, "Scan Direction": "Forward", "Index Name": "customer_pkey", "Relation Name": "customer", "Alias": "customer", "Startup Cost": 0.43, "Total Cost": 0.48, "Plan Rows": 1, "Plan Width": 8, "Index Cond": "(c_custkey = orders.o_custkey)"}]}, {"Node Type": "Hash", "Parent Relationship": "Inner", "Parallel Aware": false, "Async Capable": false, "Startup Cost": 2.45, "Total Cost": 2.45, "Plan Rows": 5, "Plan Width": 4, "Plans": [{"Node Type": "Hash Join", "Parent Relationship": "Outer", "Parallel Aware": false, "Async Capable": false, "Join Type": "Inner", "Startup Cost": 1.07, "Total Cost": 2.45, "Plan Rows": 5, "Plan Width": 4, "Inner Unique": true, "Hash Cond": "(n1.n_regionkey = region.r_regionkey)", "Plans": [{"Node Type": "Seq Scan", "Parent Relationship": "Outer", "Parallel Aware": false, "Async Capable": false, "Relation Name": "nation", "Alias": "n1", "Startup Cost": 0.0, "Total Cost": 1.25, "Plan Rows": 25, "Plan Width": 8}, {"Node Type": "Hash", "Parent Relationship": "Inner", "Parallel Aware": false, "Async Capable": false, "Startup Cost": 1.06, "Total Cost": 1.06, "Plan Rows": 1, "Plan Width": 4, "Plans": [{"Node Type": "Seq Scan", "Parent Relationship": "Outer", "Parallel Aware": false, "Async Capable": false, "Relation Name": "region", "Alias": "region", "Startup Cost": 0.0, "Total Cost": 1.06, "Plan Rows": 1, "Plan Width": 4, "Filter": "(r_name = 'ASIA'::bpchar)"}]}]}]}]}, {"Node Type": "Index Scan", "Parent Relationship": "Inner", "Parallel Aware": false, "Async Capable": false, "Scan Direction": "Forward", "Index Name": "supplier_pkey", "Relation Name": "supplier", "Alias": "supplier", "Startup Cost": 0.29, "Total Cost": 0.31, "Plan Rows": 1, "Plan Width": 8, "Index Cond": "(s_suppkey = lineitem.l_suppkey)"}]}, {"Node Type": "Hash", "Parent Relationship": "Inner", "Parallel Aware": false, "Async Capable": false, "Startup Cost": 1.25, "Total Cost": 1.25, "Plan Rows": 25, "Plan Width": 4, "Plans": [{"Node Type": "Seq Scan", "Parent Relationship": "Outer", "Parallel Aware": false, "Async Capable": false, "Relation Name": "nation", "Alias": "n2", "Startup Cost": 0.0, "Total Cost": 1.25, "Plan Rows": 25, "Plan Width": 4}]}]}]}]}]}}, {"Plan": {"Node Type": "Aggregate", "Strategy": "Plain", "Partial Mode": "Finalize", "Parallel Aware": false, "Async Capable": false, "Startup Cost": 499250.08, "Total Cost": 499250.09, "Plan Rows": 1, "Plan Width": 8, "Plans": [{"Node Type": "Gather", "Parent Relationship": "Outer", "Parallel Aware": false, "Async Capable": false, "Startup Cost": 499249.97, "Total Cost": 499250.08, "Plan Rows": 1, "Plan Width": 8, "Workers Planned": 1, "Single Copy": false, "Plans": [{"Node Type": "Aggregate", "Strategy": "Plain", "Partial Mode": "Partial", "Parent Relationship": "Outer", "Parallel Aware": false, "Async Capable": false, "Startup Cost": 498249.97, "Total Cost": 498249.98, "Plan Rows": 1, "Plan Width": 8, "Plans": [{"Node Type": "Hash Join", "Parent Relationship": "Outer", "Parallel Aware": true, "Async Capable": false, "Join Type": "Inner", "Startup Cost": 494919.74, "Total Cost": 498211.56, "Plan Rows": 15364, "Plan Width": 0, "Inner Unique": false, "Hash Cond": "(supplier.s_suppkey = lineitem.l_suppkey)", "Plans": [{"Node Type": "Hash Join", "Parent Relationship": "Outer", "Parallel Aware": false, "Async Capable": false, "Join Type": "Inner", "Startup Cost": 1.56, "Total Cost": 3034.39, "Plan Rows": 58824, "Plan Width": 4, "Inner Unique": true, "Hash Cond": "(supplier.s_nationkey = n2.n_nationkey)", "Plans": [{"Node Type": "Seq Scan", "Parent Relationship": "Outer", "Parallel Aware": true, "Async Capable": false, "Relation Name": "supplier", "Alias": "supplier", "Startup Cost": 0.0, "Total Cost": 2852.24, "Plan Rows": 58824, "Plan Width": 8}, {"Node Type": "Hash", "Parent Relationship": "Inner", "Parallel Aware": false, "Async Capable": false, "Startup Cost": 1.25, "Total Cost": 1.25, "Plan Rows": 25, "Plan Width": 4, "Plans": [{"Node Type": "Seq Scan", "Parent Relationship": "Outer", "Parallel Aware": false, "Async Capable": false, "Relation Name": "nation", "Alias": "n2", "Startup Cost": 0.0, "Total Cost": 1.25, "Plan Rows": 25, "Plan Width": 4}]}]}, {"Node Type": "Hash", "Parent Relationship": "Inner", "Parallel Aware": true, "Async Capable": false, "Startup Cost": 494836.35, "Total Cost": 494836.35, "Plan Rows": 6546, "Plan Width": 4, "Plans": [{"Node Type": "Hash Join", "Parent Relationship": "Outer", "Parallel Aware": false, "Async Capable": false, "Join Type": "Inner", "Startup Cost": 3.81, "Total Cost": 494836.35, "Plan Rows": 6546, "Plan Width": 4, "Inner Unique": false, "Hash Cond": "(customer.c_nationkey = n1.n_nationkey)", "Plans": [{"Node Type": "Nested Loop", "Parent Relationship": "Outer", "Parallel Aware": false, "Async Capable": false, "Join Type": "Inner", "Startup Cost": 1.3, "Total Cost": 494645.64, "Plan Rows": 32731, "Plan Width": 8, "Inner Unique": true, "Plans": [{"Node Type": "Nested Loop", "Parent Relationship": "Outer", "Parallel Aware": false, "Async Capable": false, "Join Type": "Inner", "Startup Cost": 0.88, "Total Cost": 478925.69, "Plan Rows": 32731, "Plan Width": 8, "Inner Unique": true, "Plans": [{"Node Type": "Nested Loop", "Parent Relationship": "Outer", "Parallel Aware": false, "Async Capable": false, "Join Type": "Inner", "Startup Cost": 0.44, "Total Cost": 427348.0, "Plan Rows": 107979, "Plan Width": 8, "Inner Unique": false, "Plans": [{"Node Type": "Seq Scan", "Parent Relationship": "Outer", "Parallel Aware": true, "Async Capable": false, "Relation Name": "part", "Alias": "part", "Startup Cost": 0.0, "Total Cost": 47242.0, "Plan Rows": 3600, "Plan Width": 4, "Filter": "((p_type)::text = 'LARGE PLATED BRASS'::text)"}, {"Node Type": "Index Scan", "Parent Relationship": "Inner", "Parallel Aware": false, "Async Capable": false, "Scan Direction": "Forward", "Index Name": "idx_lineitem_part_supp", "Relation Name": "lineitem", "Alias": "lineitem", "Startup Cost": 0.44, "Total Cost": 105.28, "Plan Rows": 30, "Plan Width": 12, "Index Cond": "(l_partkey = part.p_partkey)"}]}, {"Node Type": "Index Scan", "Parent Relationship": "Inner", "Parallel Aware": false, "Async Capable": false, "Scan Direction": "Forward", "Index Name": "orders_pkey", "Relation Name": "orders", "Alias": "orders", "Startup Cost": 0.43, "Total Cost": 0.48, "Plan Rows": 1, "Plan Width": 8, "Index Cond": "(o_orderkey = lineitem.l_orderkey)", "Filter": "((o_orderdate >= '1995-01-01'::date) AND (o_orderdate <= '1996-12-31'::date))"}]}, {"Node Type": "Index Scan", "Parent Relationship": "Inner", "Parallel Aware": false, "Async Capable": false, "Scan Direction": "Forward", "Index Name": "customer_pkey", "Relation Name": "customer", "Alias": "customer", "Startup Cost": 0.43, "Total Cost": 0.48, "Plan Rows": 1, "Plan Width": 8, "Index Cond": "(c_custkey = orders.o_custkey)"}]}, {"Node Type": "Hash", "Parent Relationship": "Inner", "Parallel Aware": false, "Async Capable": false, "Startup Cost": 2.45, "Total Cost": 2.45, "Plan Rows": 5, "Plan Width": 4, "Plans": [{"Node Type": "Hash Join", "Parent Relationship": "Outer", "Parallel Aware": false, "Async Capable": false, "Join Type": "Inner", "Startup Cost": 1.07, "Total Cost": 2.45, "Plan Rows": 5, "Plan Width": 4, "Inner Unique": true, "Hash Cond": "(n1.n_regionkey = region.r_regionkey)", "Plans": [{"Node Type": "Seq Scan", "Parent Relationship": "Outer", "Parallel Aware": false, "Async Capable": false, "Relation Name": "nation", "Alias": "n1", "Startup Cost": 0.0, "Total Cost": 1.25, "Plan Rows": 25, "Plan Width": 8}, {"Node Type": "Hash", "Parent Relationship": "Inner", "Parallel Aware": false, "Async Capable": false, "Startup Cost": 1.06, "Total Cost": 1.06, "Plan Rows": 1, "Plan Width": 4, "Plans": [{"Node Type": "Seq Scan", "Parent Relationship": "Outer", "Parallel Aware": false, "Async Capable": false, "Relation Name": "region", "Alias": "region", "Startup Cost": 0.0, "Total Cost": 1.06, "Plan Rows": 1, "Plan Width": 4, "Filter": "(r_name = 'ASIA'::bpchar)"}]}]}]}]}]}]}]}]}]}}, {"Plan": {"Node Type": "Aggregate", "Strategy": "Plain", "Partial Mode": "Finalize", "Parallel Aware": false, "Async Capable": false, "Startup Cost": 499507.33, "Total Cost": 499507.34, "Plan Rows": 1, "Plan Width": 8, "Plans": [{"Node Type": "Gather", "Parent Relationship": "Outer", "Parallel Aware": false, "Async Capable": false, "Startup Cost": 499506.91, "Total Cost": 499507.32, "Plan Rows": 4, "Plan Width": 8, "Workers Planned": 4, "Single Copy": false, "Plans": [{"Node Type": "Aggregate", "Strategy": "Plain", "Partial Mode": "Partial", "Parent Relationship": "Outer", "Parallel Aware": false, "Async Capable": false, "Startup Cost": 498506.91, "Total Cost": 498506.92, "Plan Rows": 1, "Plan Width": 8, "Plans": [{"Node Type": "Hash Join", "Parent Relationship": "Outer", "Parallel Aware": false, "Async Capable": false, "Join Type": "Inner", "Startup Cost": 3592.91, "Total Cost": 498490.58, "Plan Rows": 6530, "Plan Width": 0, "Inner Unique": true, "Hash Cond": "(supplier.s_nationkey = n2.n_nationkey)", "Plans": [{"Node Type": "Hash Join", "Parent Relationship": "Outer", "Parallel Aware": false, "Async Capable": false, "Join Type": "Inner", "Startup Cost": 3591.35, "Total Cost": 498468.97, "Plan Rows": 6530, "Plan Width": 4, "Inner Unique": false, "Hash Cond": "(customer.c_nationkey = n1.n_nationkey)", "Plans": [{"Node Type": "Nested Loop", "Parent Relationship": "Outer", "Parallel Aware": false, "Async Capable": false, "Join Type": "Inner", "Startup Cost": 3588.84, "Total Cost": 498278.75, "Plan Rows": 32647, "Plan Width": 8, "Inner Unique": true, "Plans": [{"Node Type": "Hash Join", "Parent Relationship": "Outer", "Parallel Aware": true, "Async Capable": false, "Join Type": "Inner", "Startup Cost": 3588.41, "Total Cost": 482599.14, "Plan Rows": 32647, "Plan Width": 8, "Inner Unique": true, "Hash Cond": "(lineitem.l_suppkey = supplier.s_suppkey)", "Plans": [{"Node Type": "Nested Loop", "Parent Relationship": "Outer", "Parallel Aware": false, "Async Capable": false, "Join Type": "Inner", "Startup Cost": 0.88, "Total Cost": 478925.69, "Plan Rows": 32731, "Plan Width": 8, "Inner Unique": true, "Plans": [{"Node Type": "Nested Loop", "Parent Relationship": "Outer", "Parallel Aware": false, "Async Capable": false, "Join Type": "Inner", "Startup Cost": 0.44, "Total Cost": 427348.0, "Plan Rows": 107979, "Plan Width": 8, "Inner Unique": false, "Plans": [{"Node Type": "Seq Scan", "Parent Relationship": "Outer", "Parallel Aware": true, "Async Capable": false, "Relation Name": "part", "Alias": "part", "Startup Cost": 0.0, "Total Cost": 47242.0, "Plan Rows": 3600, "Plan Width": 4, "Filter": "((p_type)::text = 'LARGE PLATED BRASS'::text)"}, {"Node Type": "Index Scan", "Parent Relationship": "Inner", "Parallel Aware": false, "Async Capable": false, "Scan Direction": "Forward", "Index Name": "idx_lineitem_part_supp", "Relation Name": "lineitem", "Alias": "lineitem", "Startup Cost": 0.44, "Total Cost": 105.28, "Plan Rows": 30, "Plan Width": 12, "Index Cond": "(l_partkey = part.p_partkey)"}]}, {"Node Type": "Index Scan", "Parent Relationship": "Inner", "Parallel Aware": false, "Async Capable": false, "Scan Direction": "Forward", "Index Name": "orders_pkey", "Relation Name": "orders", "Alias": "orders", "Startup Cost": 0.43, "Total Cost": 0.48, "Plan Rows": 1, "Plan Width": 8, "Index Cond": "(o_orderkey = lineitem.l_orderkey)", "Filter": "((o_orderdate >= '1995-01-01'::date) AND (o_orderdate <= '1996-12-31'::date))"}]}, {"Node Type": "Hash", "Parent Relationship": "Inner", "Parallel Aware": true, "Async Capable": false, "Startup Cost": 2852.24, "Total Cost": 2852.24, "Plan Rows": 58824, "Plan Width": 8, "Plans": [{"Node Type": "Seq Scan", "Parent Relationship": "Outer", "Parallel Aware": true, "Async Capable": false, "Relation Name": "supplier", "Alias": "supplier", "Startup Cost": 0.0, "Total Cost": 2852.24, "Plan Rows": 58824, "Plan Width": 8}]}]}, {"Node Type": "Index Scan", "Parent Relationship": "Inner", "Parallel Aware": false, "Async Capable": false, "Scan Direction": "Forward", "Index Name": "customer_pkey", "Relation Name": "customer", "Alias": "customer", "Startup Cost": 0.43, "Total Cost": 0.48, "Plan Rows": 1, "Plan Width": 8, "Index Cond": "(c_custkey = orders.o_custkey)"}]}, {"Node Type": "Hash", "Parent Relationship": "Inner", "Parallel Aware": false, "Async Capable": false, "Startup Cost": 2.45, "Total Cost": 2.45, "Plan Rows": 5, "Plan Width": 4, "Plans": [{"Node Type": "Hash Join", "Parent Relationship": "Outer", "Parallel Aware": false, "Async Capable": false, "Join Type": "Inner", "Startup Cost": 1.07, "Total Cost": 2.45, "Plan Rows": 5, "Plan Width": 4, "Inner Unique": true, "Hash Cond": "(n1.n_regionkey = region.r_regionkey)", "Plans": [{"Node Type": "Seq Scan", "Parent Relationship": "Outer", "Parallel Aware": false, "Async Capable": false, "Relation Name": "nation", "Alias": "n1", "Startup Cost": 0.0, "Total Cost": 1.25, "Plan Rows": 25, "Plan Width": 8}, {"Node Type": "Hash", "Parent Relationship": "Inner", "Parallel Aware": false, "Async Capable": false, "Startup Cost": 1.06, "Total Cost": 1.06, "Plan Rows": 1, "Plan Width": 4, "Plans": [{"Node Type": "Seq Scan", "Parent Relationship": "Outer", "Parallel Aware": false, "Async Capable": false, "Relation Name": "region", "Alias": "region", "Startup Cost": 0.0, "Total Cost": 1.06, "Plan Rows": 1, "Plan Width": 4, "Filter": "(r_name = 'ASIA'::bpchar)"}]}]}]}]}, {"Node Type": "Hash", "Parent Relationship": "Inner", "Parallel Aware": false, "Async Capable": false, "Startup Cost": 1.25, "Total Cost": 1.25, "Plan Rows": 25, "Plan Width": 4, "Plans": [{"Node Type": "Seq Scan", "Parent Relationship": "Outer", "Parallel Aware": false, "Async Capable": false, "Relation Name": "nation", "Alias": "n2", "Startup Cost": 0.0, "Total Cost": 1.25, "Plan Rows": 25, "Plan Width": 4}]}]}]}]}]}}, {"Plan": {"Node Type": "Aggregate", "Strategy": "Plain", "Partial Mode": "Finalize", "Parallel Aware": false, "Async Capable": false, "Startup Cost": 485476.01, "Total Cost": 485476.02, "Plan Rows": 1, "Plan Width": 8, "Plans": [{"Node Type": "Gather", "Parent Relationship": "Outer", "Parallel Aware": false, "Async Capable": false, "Startup Cost": 485475.59, "Total Cost": 485476.0, "Plan Rows": 4, "Plan Width": 8, "Workers Planned": 4, "Single Copy": false, "Plans": [{"Node Type": "Aggregate", "Strategy": "Plain", "Partial Mode": "Partial", "Parent Relationship": "Outer", "Parallel Aware": false, "Async Capable": false, "Startup Cost": 484475.59, "Total Cost": 484475.6, "Plan Rows": 1, "Plan Width": 8, "Plans": [{"Node Type": "Hash Join", "Parent Relationship": "Outer", "Parallel Aware": false, "Async Capable": false, "Join Type": "Inner", "Startup Cost": 3592.91, "Total Cost": 484459.26, "Plan Rows": 6530, "Plan Width": 0, "Inner Unique": false, "Hash Cond": "(customer.c_nationkey = n1.n_nationkey)", "Plans": [{"Node Type": "Nested Loop", "Parent Relationship": "Outer", "Parallel Aware": false, "Async Capable": false, "Join Type": "Inner", "Startup Cost": 3590.4, "Total Cost": 484269.04, "Plan Rows": 32647, "Plan Width": 4, "Inner Unique": true, "Plans": [{"Node Type": "Hash Join", "Parent Relationship": "Outer", "Parallel Aware": false, "Async Capable": false, "Join Type": "Inner", "Startup Cost": 3589.97, "Total Cost": 482700.94, "Plan Rows": 32650.0, "Plan Width": 4, "Inner Unique": true, "Hash Cond": "(supplier.s_nationkey = n2.n_nationkey)", "Plans": [{"Node Type": "Hash Join", "Parent Relationship": "Outer", "Parallel Aware": true, "Async Capable": false, "Join Type": "Inner", "Startup Cost": 3588.41, "Total Cost": 482599.14, "Plan Rows": 32647, "Plan Width": 8, "Inner Unique": true, "Hash Cond": "(lineitem.l_suppkey = supplier.s_suppkey)", "Plans": [{"Node Type": "Nested Loop", "Parent Relationship": "Outer", "Parallel Aware": false, "Async Capable": false, "Join Type": "Inner", "Startup Cost": 0.88, "Total Cost": 478925.69, "Plan Rows": 32731, "Plan Width": 8, "Inner Unique": true, "Plans": [{"Node Type": "Nested Loop", "Parent Relationship": "Outer", "Parallel Aware": false, "Async Capable": false, "Join Type": "Inner", "Startup Cost": 0.44, "Total Cost": 427348.0, "Plan Rows": 107979, "Plan Width": 8, "Inner Unique": false, "Plans": [{"Node Type": "Seq Scan", "Parent Relationship": "Outer", "Parallel Aware": true, "Async Capable": false, "Relation Name": "part", "Alias": "part", "Startup Cost": 0.0, "Total Cost": 47242.0, "Plan Rows": 3600, "Plan Width": 4, "Filter": "((p_type)::text = 'LARGE PLATED BRASS'::text)"}, {"Node Type": "Index Scan", "Parent Relationship": "Inner", "Parallel Aware": false, "Async Capable": false, "Scan Direction": "Forward", "Index Name": "idx_lineitem_part_supp", "Relation Name": "lineitem", "Alias": "lineitem", "Startup Cost": 0.44, "Total Cost": 105.28, "Plan Rows": 30, "Plan Width": 12, "Index Cond": "(l_partkey = part.p_partkey)"}]}, {"Node Type": "Index Scan", "Parent Relationship": "Inner", "Parallel Aware": false, "Async Capable": false, "Scan Direction": "Forward", "Index Name": "orders_pkey", "Relation Name": "orders", "Alias": "orders", "Startup Cost": 0.43, "Total Cost": 0.48, "Plan Rows": 1, "Plan Width": 8, "Index Cond": "(o_orderkey = lineitem.l_orderkey)", "Filter": "((o_orderdate >= '1995-01-01'::date) AND (o_orderdate <= '1996-12-31'::date))"}]}, {"Node Type": "Hash", "Parent Relationship": "Inner", "Parallel Aware": true, "Async Capable": false, "Startup Cost": 2852.24, "Total Cost": 2852.24, "Plan Rows": 58824, "Plan Width": 8, "Plans": [{"Node Type": "Seq Scan", "Parent Relationship": "Outer", "Parallel Aware": true, "Async Capable": false, "Relation Name": "supplier", "Alias": "supplier", "Startup Cost": 0.0, "Total Cost": 2852.24, "Plan Rows": 58824, "Plan Width": 8}]}]}, {"Node Type": "Hash", "Parent Relationship": "Inner", "Parallel Aware": false, "Async Capable": false, "Startup Cost": 1.25, "Total Cost": 1.25, "Plan Rows": 25, "Plan Width": 4, "Plans": [{"Node Type": "Seq Scan", "Parent Relationship": "Outer", "Parallel Aware": false, "Async Capable": false, "Relation Name": "nation", "Alias": "n2", "Startup Cost": 0.0, "Total Cost": 1.25, "Plan Rows": 25, "Plan Width": 4}]}]}, {"Node Type": "Index Scan", "Parent Relationship": "Inner", "Parallel Aware": false, "Async Capable": false, "Scan Direction": "Forward", "Index Name": "customer_pkey", "Relation Name": "customer", "Alias": "customer", "Startup Cost": 0.43, "Total Cost": 0.48, "Plan Rows": 1, "Plan Width": 8, "Index Cond": "(c_custkey = orders.o_custkey)"}]}, {"Node Type": "Hash", "Parent Relationship": "Inner", "Parallel Aware": false, "Async Capable": false, "Startup Cost": 2.45, "Total Cost": 2.45, "Plan Rows": 5, "Plan Width": 4, "Plans": [{"Node Type": "Hash Join", "Parent Relationship": "Outer", "Parallel Aware": false, "Async Capable": false, "Join Type": "Inner", "Startup Cost": 1.07, "Total Cost": 2.45, "Plan Rows": 5, "Plan Width": 4, "Inner Unique": true, "Hash Cond": "(n1.n_regionkey = region.r_regionkey)", "Plans": [{"Node Type": "Seq Scan", "Parent Relationship": "Outer", "Parallel Aware": false, "Async Capable": false, "Relation Name": "nation", "Alias": "n1", "Startup Cost": 0.0, "Total Cost": 1.25, "Plan Rows": 25, "Plan Width": 8}, {"Node Type": "Hash", "Parent Relationship": "Inner", "Parallel Aware": false, "Async Capable": false, "Startup Cost": 1.06, "Total Cost": 1.06, "Plan Rows": 1, "Plan Width": 4, "Plans": [{"Node Type": "Seq Scan", "Parent Relationship": "Outer", "Parallel Aware": false, "Async Capable": false, "Relation Name": "region", "Alias": "region", "Startup Cost": 0.0, "Total Cost": 1.06, "Plan Rows": 1, "Plan Width": 4, "Filter": "(r_name = 'ASIA'::bpchar)"}]}]}]}]}]}]}]}}, {"Plan": {"Node Type": "Aggregate", "Strategy": "Plain", "Partial Mode": "Finalize", "Parallel Aware": false, "Async Capable": false, "Startup Cost": 271033.51, "Total Cost": 271033.52, "Plan Rows": 1, "Plan Width": 8, "Plans": [{"Node Type": "Gather", "Parent Relationship": "Outer", "Parallel Aware": false, "Async Capable": false, "Startup Cost": 271033.09, "Total Cost": 271033.5, "Plan Rows": 4, "Plan Width": 8, "Workers Planned": 4, "Single Copy": false, "Plans": [{"Node Type": "Aggregate", "Strategy": "Plain", "Partial Mode": "Partial", "Parent Relationship": "Outer", "Parallel Aware": false, "Async Capable": false, "Startup Cost": 270033.09, "Total Cost": 270033.1, "Plan Rows": 1, "Plan Width": 8, "Plans": [{"Node Type": "Hash Join", "Parent Relationship": "Outer", "Parallel Aware": false, "Async Capable": false, "Join Type": "Inner", "Startup Cost": 47292.36, "Total Cost": 270016.77, "Plan Rows": 6530, "Plan Width": 0, "Inner Unique": true, "Hash Cond": "(supplier.s_nationkey = n2.n_nationkey)", "Plans": [{"Node Type": "Nested Loop", "Parent Relationship": "Outer", "Parallel Aware": false, "Async Capable": false, "Join Type": "Inner", "Startup Cost": 47290.8, "Total Cost": 269995.16, "Plan Rows": 6530, "Plan Width": 4, "Inner Unique": true, "Plans": [{"Node Type": "Hash Join", "Parent Relationship": "Outer", "Parallel Aware": true, "Async Capable": false, "Join Type": "Inner", "Startup Cost": 47290.51, "Total Cost": 267964.79, "Plan Rows": 6546, "Plan Width": 4, "Inner Unique": true, "Hash Cond": "(lineitem.l_partkey = part.p_partkey)", "Plans": [{"Node Type": "Nested Loop", "Parent Relationship": "Outer", "Parallel Aware": false, "Async Capable": false, "Join Type": "Inner", "Startup Cost": 3.51, "Total Cost": 218291.13, "Plan Rows": 909204, "Plan Width": 8, "Inner Unique": false, "Plans": [{"Node Type": "Nested Loop", "Parent Relationship": "Outer", "Parallel Aware": false, "Async Capable": false, "Join Type": "Inner", "Startup Cost": 2.94, "Total Cost": 162287.86, "Plan Rows": 227340.0, "Plan Width": 4, "Inner Unique": false, "Plans": [{"Node Type": "Hash Join", "Parent Relationship": "Outer", "Parallel Aware": false, "Async Capable": false, "Join Type": "Inner", "Startup Cost": 2.51, "Total Cost": 41892.76, "Plan Rows": 75000, "Plan Width": 4, "Inner Unique": false, "Hash Cond": "(customer.c_nationkey = n1.n_nationkey)", "Plans": [{"Node Type": "Seq Scan", "Parent Relationship": "Outer", "Parallel Aware": true, "Async Capable": false, "Relation Name": "customer", "Alias": "customer", "Startup Cost": 0.0, "Total Cost": 39734.0, "Plan Rows": 375000, "Plan Width": 8}, {"Node Type": "Hash", "Parent Relationship": "Inner", "Parallel Aware": false, "Async Capable": false, "Startup Cost": 2.45, "Total Cost": 2.45, "Plan Rows": 5, "Plan Width": 4, "Plans": [{"Node Type": "Hash Join", "Parent Relationship": "Outer", "Parallel Aware": false, "Async Capable": false, "Join Type": "Inner", "Startup Cost": 1.07, "Total Cost": 2.45, "Plan Rows": 5, "Plan Width": 4, "Inner Unique": true, "Hash Cond": "(n1.n_regionkey = region.r_regionkey)", "Plans": [{"Node Type": "Seq Scan", "Parent Relationship": "Outer", "Parallel Aware": false, "Async Capable": false, "Relation Name": "nation", "Alias": "n1", "Startup Cost": 0.0, "Total Cost": 1.25, "Plan Rows": 25, "Plan Width": 8}, {"Node Type": "Hash", "Parent Relationship": "Inner", "Parallel Aware": false, "Async Capable": false, "Startup Cost": 1.06, "Total Cost": 1.06, "Plan Rows": 1, "Plan Width": 4, "Plans": [{"Node Type": "Seq Scan", "Parent Relationship": "Outer", "Parallel Aware": false, "Async Capable": false, "Relation Name": "region", "Alias": "region", "Startup Cost": 0.0, "Total Cost": 1.06, "Plan Rows": 1, "Plan Width": 4, "Filter": "(r_name = 'ASIA'::bpchar)"}]}]}]}]}, {"Node Type": "Index Scan", "Parent Relationship": "Inner", "Parallel Aware": false, "Async Capable": false, "Scan Direction": "Forward", "Index Name": "idx_orders_custkey", "Relation Name": "orders", "Alias": "orders", "Startup Cost": 0.43, "Total Cost": 1.56, "Plan Rows": 5, "Plan Width": 8, "Index Cond": "(o_custkey = customer.c_custkey)", "Filter": "((o_orderdate >= '1995-01-01'::date) AND (o_orderdate <= '1996-12-31'::date))"}]}, {"Node Type": "Index Scan", "Parent Relationship": "Inner", "Parallel Aware": false, "Async Capable": false, "Scan Direction": "Forward", "Index Name": "idx_lineitem_orderkey", "Relation Name": "lineitem", "Alias": "lineitem", "Startup Cost": 0.56, "Total Cost": 2.16, "Plan Rows": 30, "Plan Width": 12, "Index Cond": "(l_orderkey = orders.o_orderkey)"}]}, {"Node Type": "Hash", "Parent Relationship": "Inner", "Parallel Aware": true, "Async Capable": false, "Startup Cost": 47242.0, "Total Cost": 47242.0, "Plan Rows": 3600, "Plan Width": 4, "Plans": [{"Node Type": "Seq Scan", "Parent Relationship": "Outer", "Parallel Aware": true, "Async Capable": false, "Relation Name": "part", "Alias": "part", "Startup Cost": 0.0, "Total Cost": 47242.0, "Plan Rows": 3600, "Plan Width": 4, "Filter": "((p_type)::text = 'LARGE PLATED BRASS'::text)"}]}]}, {"Node Type": "Index Scan", "Parent Relationship": "Inner", "Parallel Aware": false, "Async Capable": false, "Scan Direction": "Forward", "Index Name": "supplier_pkey", "Relation Name": "supplier", "Alias": "supplier", "Startup Cost": 0.29, "Total Cost": 0.31, "Plan Rows": 1, "Plan Width": 8, "Index Cond": "(s_suppkey = lineitem.l_suppkey)"}]}, {"Node Type": "Hash", "Parent Relationship": "Inner", "Parallel Aware": false, "Async Capable": false, "Startup Cost": 1.25, "Total Cost": 1.25, "Plan Rows": 25, "Plan Width": 4, "Plans": [{"Node Type": "Seq Scan", "Parent Relationship": "Outer", "Parallel Aware": false, "Async Capable": false, "Relation Name": "nation", "Alias": "n2", "Startup Cost": 0.0, "Total Cost": 1.25, "Plan Rows": 25, "Plan Width": 4}]}]}]}]}]}}, {"Plan": {"Node Type": "Aggregate", "Strategy": "Plain", "Partial Mode": "Finalize", "Parallel Aware": false, "Async Capable": false, "Startup Cost": 507924.23, "Total Cost": 507924.24, "Plan Rows": 1, "Plan Width": 8, "Plans": [{"Node Type": "Gather", "Parent Relationship": "Outer", "Parallel Aware": false, "Async Capable": false, "Startup Cost": 507923.81, "Total Cost": 507924.22, "Plan Rows": 4, "Plan Width": 8, "Workers Planned": 4, "Single Copy": false, "Plans": [{"Node Type": "Aggregate", "Strategy": "Plain", "Partial Mode": "Partial", "Parent Relationship": "Outer", "Parallel Aware": false, "Async Capable": false, "Startup Cost": 506923.81, "Total Cost": 506923.82, "Plan Rows": 1, "Plan Width": 8, "Plans": [{"Node Type": "Hash Join", "Parent Relationship": "Outer", "Parallel Aware": false, "Async Capable": false, "Join Type": "Inner", "Startup Cost": 5.79, "Total Cost": 506907.49, "Plan Rows": 6530, "Plan Width": 0, "Inner Unique": true, "Hash Cond": "(supplier.s_nationkey = n2.n_nationkey)", "Plans": [{"Node Type": "Nested Loop", "Parent Relationship": "Outer", "Parallel Aware": false, "Async Capable": false, "Join Type": "Inner", "Startup Cost": 4.23, "Total Cost": 506885.88, "Plan Rows": 6530, "Plan Width": 4, "Inner Unique": true, "Plans": [{"Node Type": "Hash Join", "Parent Relationship": "Outer", "Parallel Aware": false, "Async Capable": false, "Join Type": "Inner", "Startup Cost": 3.94, "Total Cost": 504855.51, "Plan Rows": 6546, "Plan Width": 4, "Inner Unique": true, "Hash Cond": "(n1.n_regionkey = region.r_regionkey)", "Plans": [{"Node Type": "Hash Join", "Parent Relationship": "Outer", "Parallel Aware": false, "Async Capable": false, "Join Type": "Inner", "Startup Cost": 2.87, "Total Cost": 504695.7, "Plan Rows": 32731, "Plan Width": 8, "Inner Unique": true, "Hash Cond": "(customer.c_nationkey = n1.n_nationkey)", "Plans": [{"Node Type": "Nested Loop", "Parent Relationship": "Outer", "Parallel Aware": false, "Async Capable": false, "Join Type": "Inner", "Startup Cost": 1.3, "Total Cost": 494645.64, "Plan Rows": 32731.25, "Plan Width": 8, "Inner Unique": true, "Plans": [{"Node Type": "Nested Loop", "Parent Relationship": "Outer", "Parallel Aware": false, "Async Capable": false, "Join Type": "Inner", "Startup Cost": 0.88, "Total Cost": 478925.69, "Plan Rows": 32731, "Plan Width": 8, "Inner Unique": true, "Plans": [{"Node Type": "Nested Loop", "Parent Relationship": "Outer", "Parallel Aware": false, "Async Capable": false, "Join Type": "Inner", "Startup Cost": 0.44, "Total Cost": 427348.0, "Plan Rows": 107979, "Plan Width": 8, "Inner Unique": false, "Plans": [{"Node Type": "Seq Scan", "Parent Relationship": "Outer", "Parallel Aware": true, "Async Capable": false, "Relation Name": "part", "Alias": "part", "Startup Cost": 0.0, "Total Cost": 47242.0, "Plan Rows": 3600, "Plan Width": 4, "Filter": "((p_type)::text = 'LARGE PLATED BRASS'::text)"}, {"Node Type": "Index Scan", "Parent Relationship": "Inner", "Parallel Aware": false, "Async Capable": false, "Scan Direction": "Forward", "Index Name": "idx_lineitem_part_supp", "Relation Name": "lineitem", "Alias": "lineitem", "Startup Cost": 0.44, "Total Cost": 105.28, "Plan Rows": 30, "Plan Width": 12, "Index Cond": "(l_partkey = part.p_partkey)"}]}, {"Node Type": "Index Scan", "Parent Relationship": "Inner", "Parallel Aware": false, "Async Capable": false, "Scan Direction": "Forward", "Index Name": "orders_pkey", "Relation Name": "orders", "Alias": "orders", "Startup Cost": 0.43, "Total Cost": 0.48, "Plan Rows": 1, "Plan Width": 8, "Index Cond": "(o_orderkey = lineitem.l_orderkey)", "Filter": "((o_orderdate >= '1995-01-01'::date) AND (o_orderdate <= '1996-12-31'::date))"}]}, {"Node Type": "Index Scan", "Parent Relationship": "Inner", "Parallel Aware": false, "Async Capable": false, "Scan Direction": "Forward", "Index Name": "customer_pkey", "Relation Name": "customer", "Alias": "customer", "Startup Cost": 0.43, "Total Cost": 0.48, "Plan Rows": 1, "Plan Width": 8, "Index Cond": "(c_custkey = orders.o_custkey)"}]}, {"Node Type": "Hash", "Parent Relationship": "Inner", "Parallel Aware": false, "Async Capable": false, "Startup Cost": 1.25, "Total Cost": 1.25, "Plan Rows": 25, "Plan Width": 8, "Plans": [{"Node Type": "Seq Scan", "Parent Relationship": "Outer", "Parallel Aware": false, "Async Capable": false, "Relation Name": "nation", "Alias": "n1", "Startup Cost": 0.0, "Total Cost": 1.25, "Plan Rows": 25, "Plan Width": 8}]}]}, {"Node Type": "Hash", "Parent Relationship": "Inner", "Parallel Aware": false, "Async Capable": false, "Startup Cost": 1.06, "Total Cost": 1.06, "Plan Rows": 1, "Plan Width": 4, "Plans": [{"Node Type": "Seq Scan", "Parent Relationship": "Outer", "Parallel Aware": false, "Async Capable": false, "Relation Name": "region", "Alias": "region", "Startup Cost": 0.0, "Total Cost": 1.06, "Plan Rows": 1, "Plan Width": 4, "Filter": "(r_name = 'ASIA'::bpchar)"}]}]}, {"Node Type": "Index Scan", "Parent Relationship": "Inner", "Parallel Aware": false, "Async Capable": false, "Scan Direction": "Forward", "Index Name": "supplier_pkey", "Relation Name": "supplier", "Alias": "supplier", "Startup Cost": 0.29, "Total Cost": 0.31, "Plan Rows": 1, "Plan Width": 8, "Index Cond": "(s_suppkey = lineitem.l_suppkey)"}]}, {"Node Type": "Hash", "Parent Relationship": "Inner", "Parallel Aware": false, "Async Capable": false, "Startup Cost": 1.25, "Total Cost": 1.25, "Plan Rows": 25, "Plan Width": 4, "Plans": [{"Node Type": "Seq Scan", "Parent Relationship": "Outer", "Parallel Aware": false, "Async Capable": false, "Relation Name": "nation", "Alias": "n2", "Startup Cost": 0.0, "Total Cost": 1.25, "Plan Rows": 25, "Plan Width": 4}]}]}]}]}]}}, {"Plan": {"Node Type": "Aggregate", "Strategy": "Plain", "Partial Mode": "Finalize", "Parallel Aware": false, "Async Capable": false, "Startup Cost": 453271.62, "Total Cost": 453271.63, "Plan Rows": 1, "Plan Width": 8, "Plans": [{"Node Type": "Gather", "Parent Relationship": "Outer", "Parallel Aware": false, "Async Capable": false, "Startup Cost": 453271.2, "Total Cost": 453271.61, "Plan Rows": 4, "Plan Width": 8, "Workers Planned": 4, "Single Copy": false, "Plans": [{"Node Type": "Aggregate", "Strategy": "Plain", "Partial Mode": "Partial", "Parent Relationship": "Outer", "Parallel Aware": false, "Async Capable": false, "Startup Cost": 452271.2, "Total Cost": 452271.21, "Plan Rows": 1, "Plan Width": 8, "Plans": [{"Node Type": "Hash Join", "Parent Relationship": "Outer", "Parallel Aware": false, "Async Capable": false, "Join Type": "Inner", "Startup Cost": 3592.91, "Total Cost": 452254.87, "Plan Rows": 6530, "Plan Width": 0, "Inner Unique": true, "Hash Cond": "(supplier.s_nationkey = n2.n_nationkey)", "Plans": [{"Node Type": "Hash Join", "Parent Relationship": "Outer", "Parallel Aware": false, "Async Capable": false, "Join Type": "Inner", "Startup Cost": 3591.35, "Total Cost": 452233.26, "Plan Rows": 6530, "Plan Width": 4, "Inner Unique": false, "Hash Cond": "(customer.c_nationkey = n1.n_nationkey)", "Plans": [{"Node Type": "Nested Loop", "Parent Relationship": "Outer", "Parallel Aware": false, "Async Capable": false, "Join Type": "Inner", "Startup Cost": 3588.84, "Total Cost": 452043.04, "Plan Rows": 32647, "Plan Width": 8, "Inner Unique": true, "Plans": [{"Node Type": "Nested Loop", "Parent Relationship": "Outer", "Parallel Aware": false, "Async Capable": false, "Join Type": "Inner", "Startup Cost": 3588.41, "Total Cost": 436363.43, "Plan Rows": 32647, "Plan Width": 8, "Inner Unique": true, "Plans": [{"Node Type": "Hash Join", "Parent Relationship": "Outer", "Parallel Aware": true, "Async Capable": false, "Join Type": "Inner", "Startup Cost": 3587.98, "Total Cost": 431218.99, "Plan Rows": 107700.0, "Plan Width": 8, "Inner Unique": true, "Hash Cond": "(lineitem.l_suppkey = supplier.s_suppkey)", "Plans": [{"Node Type": "Nested Loop", "Parent Relationship": "Outer", "Parallel Aware": false, "Async Capable": false, "Join Type": "Inner", "Startup Cost": 0.44, "Total Cost": 427348.0, "Plan Rows": 107979, "Plan Width": 8, "Inner Unique": false, "Plans": [{"Node Type": "Seq Scan", "Parent Relationship": "Outer", "Parallel Aware": true, "Async Capable": false, "Relation Name": "part", "Alias": "part", "Startup Cost": 0.0, "Total Cost": 47242.0, "Plan Rows": 3600, "Plan Width": 4, "Filter": "((p_type)::text = 'LARGE PLATED BRASS'::text)"}, {"Node Type": "Index Scan", "Parent Relationship": "Inner", "Parallel Aware": false, "Async Capable": false, "Scan Direction": "Forward", "Index Name": "idx_lineitem_part_supp", "Relation Name": "lineitem", "Alias": "lineitem", "Startup Cost": 0.44, "Total Cost": 105.28, "Plan Rows": 30, "Plan Width": 12, "Index Cond": "(l_partkey = part.p_partkey)"}]}, {"Node Type": "Hash", "Parent Relationship": "Inner", "Parallel Aware": true, "Async Capable": false, "Startup Cost": 2852.24, "Total Cost": 2852.24, "Plan Rows": 58824, "Plan Width": 8, "Plans": [{"Node Type": "Seq Scan", "Parent Relationship": "Outer", "Parallel Aware": true, "Async Capable": false, "Relation Name": "supplier", "Alias": "supplier", "Startup Cost": 0.0, "Total Cost": 2852.24, "Plan Rows": 58824, "Plan Width": 8}]}]}, {"Node Type": "Index Scan", "Parent Relationship": "Inner", "Parallel Aware": false, "Async Capable": false, "Scan Direction": "Forward", "Index Name": "orders_pkey", "Relation Name": "orders", "Alias": "orders", "Startup Cost": 0.43, "Total Cost": 0.48, "Plan Rows": 1, "Plan Width": 8, "Index Cond": "(o_orderkey = lineitem.l_orderkey)", "Filter": "((o_orderdate >= '1995-01-01'::date) AND (o_orderdate <= '1996-12-31'::date))"}]}, {"Node Type": "Index Scan", "Parent Relationship": "Inner", "Parallel Aware": false, "Async Capable": false, "Scan Direction": "Forward", "Index Name": "customer_pkey", "Relation Name": "customer", "Alias": "customer", "Startup Cost": 0.43, "Total Cost": 0.48, "Plan Rows": 1, "Plan Width": 8, "Index Cond": "(c_custkey = orders.o_custkey)"}]}, {"Node Type": "Hash", "Parent Relationship": "Inner", "Parallel Aware": false, "Async Capable": false, "Startup Cost": 2.45, "Total Cost": 2.45, "Plan Rows": 5, "Plan Width": 4, "Plans": [{"Node Type": "Hash Join", "Parent Relationship": "Outer", "Parallel Aware": false, "Async Capable": false, "Join Type": "Inner", "Startup Cost": 1.07, "Total Cost": 2.45, "Plan Rows": 5, "Plan Width": 4, "Inner Unique": true, "Hash Cond": "(n1.n_regionkey = region.r_regionkey)", "Plans": [{"Node Type": "Seq Scan", "Parent Relationship": "Outer", "Parallel Aware": false, "Async Capable": false, "Relation Name": "nation", "Alias": "n1", "Startup Cost": 0.0, "Total Cost": 1.25, "Plan Rows": 25, "Plan Width": 8}, {"Node Type": "Hash", "Parent Relationship": "Inner", "Parallel Aware": false, "Async Capable": false, "Startup Cost": 1.06, "Total Cost": 1.06, "Plan Rows": 1, "Plan Width": 4, "Plans": [{"Node Type": "Seq Scan", "Parent Relationship": "Outer", "Parallel Aware": false, "Async Capable": false, "Relation Name": "region", "Alias": "region", "Startup Cost": 0.0, "Total Cost": 1.06, "Plan Rows": 1, "Plan Width": 4, "Filter": "(r_name = 'ASIA'::bpchar)"}]}]}]}]}, {"Node Type": "Hash", "Parent Relationship": "Inner", "Parallel Aware": false, "Async Capable": false, "Startup Cost": 1.25, "Total Cost": 1.25, "Plan Rows": 25, "Plan Width": 4, "Plans": [{"Node Type": "Seq Scan", "Parent Relationship": "Outer", "Parallel Aware": false, "Async Capable": false, "Relation Name": "nation", "Alias": "n2", "Startup Cost": 0.0, "Total Cost": 1.25, "Plan Rows": 25, "Plan Width": 4}]}]}]}]}]}}, {"Plan": {"Node Type": "Aggregate", "Strategy": "Plain", "Partial Mode": "Finalize", "Parallel Aware": false, "Async Capable": false, "Startup Cost": 500488.1, "Total Cost": 500488.11, "Plan Rows": 1, "Plan Width": 8, "Plans": [{"Node Type": "Gather", "Parent Relationship": "Outer", "Parallel Aware": false, "Async Capable": false, "Startup Cost": 500487.68, "Total Cost": 500488.09, "Plan Rows": 4, "Plan Width": 8, "Workers Planned": 4, "Single Copy": false, "Plans": [{"Node Type": "Aggregate", "Strategy": "Plain", "Partial Mode": "Partial", "Parent Relationship": "Outer", "Parallel Aware": false, "Async Capable": false, "Startup Cost": 499487.68, "Total Cost": 499487.69, "Plan Rows": 1, "Plan Width": 8, "Plans": [{"Node Type": "Hash Join", "Parent Relationship": "Outer", "Parallel Aware": false, "Async Capable": false, "Join Type": "Inner", "Startup Cost": 3773.5, "Total Cost": 499471.36, "Plan Rows": 6530, "Plan Width": 0, "Inner Unique": false, "Hash Cond": "(customer.c_nationkey = n1.n_nationkey)", "Plans": [{"Node Type": "Nested Loop", "Parent Relationship": "Outer", "Parallel Aware": false, "Async Capable": false, "Join Type": "Inner", "Startup Cost": 3770.99, "Total Cost": 499281.13, "Plan Rows": 32647, "Plan Width": 4, "Inner Unique": true, "Plans": [{"Node Type": "Nested Loop", "Parent Relationship": "Outer", "Parallel Aware": false, "Async Capable": false, "Join Type": "Inner", "Startup Cost": 3770.56, "Total Cost": 483601.53, "Plan Rows": 32647, "Plan Width": 4, "Inner Unique": true, "Plans": [{"Node Type": "Hash Join", "Parent Relationship": "Outer", "Parallel Aware": true, "Async Capable": false, "Join Type": "Inner", "Startup Cost": 3770.13, "Total Cost": 432156.15, "Plan Rows": 107702, "Plan Width": 4, "Inner Unique": false, "Hash Cond": "(lineitem.l_suppkey = supplier.s_suppkey)", "Plans": [{"Node Type": "Nested Loop", "Parent Relationship": "Outer", "Parallel Aware": false, "Async Capable": false, "Join Type": "Inner", "Startup Cost": 0.44, "Total Cost": 427348.0, "Plan Rows": 107979, "Plan Width": 8, "Inner Unique": false, "Plans": [{"Node Type": "Seq Scan", "Parent Relationship": "Outer", "Parallel Aware": true, "Async Capable": false, "Relation Name": "part", "Alias": "part", "Startup Cost": 0.0, "Total Cost": 47242.0, "Plan Rows": 3600, "Plan Width": 4, "Filter": "((p_type)::text = 'LARGE PLATED BRASS'::text)"}, {"Node Type": "Index Scan", "Parent Relationship": "Inner", "Parallel Aware": false, "Async Capable": false, "Scan Direction": "Forward", "Index Name": "idx_lineitem_part_supp", "Relation Name": "lineitem", "Alias": "lineitem", "Startup Cost": 0.44, "Total Cost": 105.28, "Plan Rows": 30, "Plan Width": 12, "Index Cond": "(l_partkey = part.p_partkey)"}]}, {"Node Type": "Hash", "Parent Relationship": "Inner", "Parallel Aware": true, "Async Capable": false, "Startup Cost": 3034.39, "Total Cost": 3034.39, "Plan Rows": 58824, "Plan Width": 4, "Plans": [{"Node Type": "Hash Join", "Parent Relationship": "Outer", "Parallel Aware": false, "Async Capable": false, "Join Type": "Inner", "Startup Cost": 1.56, "Total Cost": 3034.39, "Plan Rows": 58824, "Plan Width": 4, "Inner Unique": true, "Hash Cond": "(supplier.s_nationkey = n2.n_nationkey)", "Plans": [{"Node Type": "Seq Scan", "Parent Relationship": "Outer", "Parallel Aware": true, "Async Capable": false, "Relation Name": "supplier", "Alias": "supplier", "Startup Cost": 0.0, "Total Cost": 2852.24, "Plan Rows": 58824, "Plan Width": 8}, {"Node Type": "Hash", "Parent Relationship": "Inner", "Parallel Aware": false, "Async Capable": false, "Startup Cost": 1.25, "Total Cost": 1.25, "Plan Rows": 25, "Plan Width": 4, "Plans": [{"Node Type": "Seq Scan", "Parent Relationship": "Outer", "Parallel Aware": false, "Async Capable": false, "Relation Name": "nation", "Alias": "n2", "Startup Cost": 0.0, "Total Cost": 1.25, "Plan Rows": 25, "Plan Width": 4}]}]}]}]}, {"Node Type": "Index Scan", "Parent Relationship": "Inner", "Parallel Aware": false, "Async Capable": false, "Scan Direction": "Forward", "Index Name": "orders_pkey", "Relation Name": "orders", "Alias": "orders", "Startup Cost": 0.43, "Total Cost": 0.48, "Plan Rows": 1, "Plan Width": 8, "Index Cond": "(o_orderkey = lineitem.l_orderkey)", "Filter": "((o_orderdate >= '1995-01-01'::date) AND (o_orderdate <= '1996-12-31'::date))"}]}, {"Node Type": "Index Scan", "Parent Relationship": "Inner", "Parallel Aware": false, "Async Capable": false, "Scan Direction": "Forward", "Index Name": "customer_pkey", "Relation Name": "customer", "Alias": "customer", "Startup Cost": 0.43, "Total Cost": 0.48, "Plan Rows": 1, "Plan Width": 8, "Index Cond": "(c_custkey = orders.o_custkey)"}]}, {"Node Type": "Hash", "Parent Relationship": "Inner", "Parallel Aware": false, "Async Capable": false, "Startup Cost": 2.45, "Total Cost": 2.45, "Plan Rows": 5, "Plan Width": 4, "Plans": [{"Node Type": "Hash Join", "Parent Relationship": "Outer", "Parallel Aware": false, "Async Capable": false, "Join Type": "Inner", "Startup Cost": 1.07, "Total Cost": 2.45, "Plan Rows": 5, "Plan Width": 4, "Inner Unique": true, "Hash Cond": "(n1.n_regionkey = region.r_regionkey)", "Plans": [{"Node Type": "Seq Scan", "Parent Relationship": "Outer", "Parallel Aware": false, "Async Capable": false, "Relation Name": "nation", "Alias": "n1", "Startup Cost": 0.0, "Total Cost": 1.25, "Plan Rows": 25, "Plan Width": 8}, {"Node Type": "Hash", "Parent Relationship": "Inner", "Parallel Aware": false, "Async Capable": false, "Startup Cost": 1.06, "Total Cost": 1.06, "Plan Rows": 1, "Plan Width": 4, "Plans": [{"Node Type": "Seq Scan", "Parent Relationship": "Outer", "Parallel Aware": false, "Async Capable": false, "Relation Name": "region", "Alias": "region", "Startup Cost": 0.0, "Total Cost": 1.06, "Plan Rows": 1, "Plan Width": 4, "Filter": "(r_name = 'ASIA'::bpchar)"}]}]}]}]}]}]}]}}, {"Plan": {"Node Type": "Aggregate", "Strategy": "Plain", "Partial Mode": "Finalize", "Parallel Aware": false, "Async Capable": false, "Startup Cost": 423907.78, "Total Cost": 423907.79, "Plan Rows": 1, "Plan Width": 8, "Plans": [{"Node Type": "Gather", "Parent Relationship": "Outer", "Parallel Aware": false, "Async Capable": false, "Startup Cost": 423907.15, "Total Cost": 423907.76, "Plan Rows": 6, "Plan Width": 8, "Workers Planned": 6, "Single Copy": false, "Plans": [{"Node Type": "Aggregate", "Strategy": "Plain", "Partial Mode": "Partial", "Parent Relationship": "Outer", "Parallel Aware": false, "Async Capable": false, "Startup Cost": 422907.15, "Total Cost": 422907.16, "Plan Rows": 1, "Plan Width": 8, "Plans": [{"Node Type": "Hash Join", "Parent Relationship": "Outer", "Parallel Aware": false, "Async Capable": false, "Join Type": "Inner", "Startup Cost": 91713.56, "Total Cost": 422896.27, "Plan Rows": 4353, "Plan Width": 0, "Inner Unique": true, "Hash Cond": "(supplier.s_nationkey = n2.n_nationkey)", "Plans": [{"Node Type": "Nested Loop", "Parent Relationship": "Outer", "Parallel Aware": false, "Async Capable": false, "Join Type": "Inner", "Startup Cost": 91711.99, "Total Cost": 422881.35, "Plan Rows": 4353, "Plan Width": 4, "Inner Unique": true, "Plans": [{"Node Type": "Hash Join", "Parent Relationship": "Outer", "Parallel Aware": false, "Async Capable": false, "Join Type": "Inner", "Startup Cost": 91711.7, "Total Cost": 421527.77, "Plan Rows": 4364, "Plan Width": 4, "Inner Unique": true, "Hash Cond": "(n1.n_regionkey = region.r_regionkey)", "Plans": [{"Node Type": "Hash Join", "Parent Relationship": "Outer", "Parallel Aware": true, "Async Capable": false, "Join Type": "Inner", "Startup Cost": 91710.63, "Total Cost": 421420.86, "Plan Rows": 21821, "Plan Width": 8, "Inner Unique": true, "Hash Cond": "(lineitem.l_partkey = part.p_partkey)", "Plans": [{"Node Type": "Nested Loop", "Parent Relationship": "Outer", "Parallel Aware": false, "Async Capable": false, "Join Type": "Inner", "Startup Cost": 44423.63, "Total Cost": 366178.31, "Plan Rows": 3030679, "Plan Width": 12, "Inner Unique": false, "Plans": [{"Node Type": "Hash Join", "Parent Relationship": "Outer", "Parallel Aware": false, "Async Capable": false, "Join Type": "Inner", "Startup Cost": 44423.06, "Total Cost": 347510.55, "Plan Rows": 757800.0, "Plan Width": 8, "Inner Unique": true, "Hash Cond": "(customer.c_nationkey = n1.n_nationkey)", "Plans": [{"Node Type": "Hash Join", "Parent Relationship": "Outer", "Parallel Aware": true, "Async Capable": false, "Join Type": "Inner", "Startup Cost": 44421.5, "Total Cost": 345182.51, "Plan Rows": 757811, "Plan Width": 8, "Inner Unique": true, "Hash Cond": "(orders.o_custkey = customer.c_custkey)", "Plans": [{"Node Type": "Seq Scan", "Parent Relationship": "Outer", "Parallel Aware": true, "Async Capable": false, "Relation Name": "orders", "Alias": "orders", "Startup Cost": 0.0, "Total Cost": 298771.75, "Plan Rows": 757811, "Plan Width": 8, "Filter": "((o_orderdate >= '1995-01-01'::date) AND (o_orderdate <= '1996-12-31'::date))"}, {"Node Type": "Hash", "Parent Relationship": "Inner", "Parallel Aware": true, "Async Capable": false, "Startup Cost": 39734.0, "Total Cost": 39734.0, "Plan Rows": 375000, "Plan Width": 8, "Plans": [{"Node Type": "Seq Scan", "Parent Relationship": "Outer", "Parallel Aware": true, "Async Capable": false, "Relation Name": "customer", "Alias": "customer", "Startup Cost": 0.0, "Total Cost": 39734.0, "Plan Rows": 375000, "Plan Width": 8}]}]}, {"Node Type": "Hash", "Parent Relationship": "Inner", "Parallel Aware": false, "Async Capable": false, "Startup Cost": 1.25, "Total Cost": 1.25, "Plan Rows": 25, "Plan Width": 8, "Plans": [{"Node Type": "Seq Scan", "Parent Relationship": "Outer", "Parallel Aware": false, "Async Capable": false, "Relation Name": "nation", "Alias": "n1", "Startup Cost": 0.0, "Total Cost": 1.25, "Plan Rows": 25, "Plan Width": 8}]}]}, {"Node Type": "Index Scan", "Parent Relationship": "Inner", "Parallel Aware": false, "Async Capable": false, "Scan Direction": "Forward", "Index Name": "idx_lineitem_orderkey", "Relation Name": "lineitem", "Alias": "lineitem", "Startup Cost": 0.56, "Total Cost": 2.16, "Plan Rows": 30, "Plan Width": 12, "Index Cond": "(l_orderkey = orders.o_orderkey)"}]}, {"Node Type": "Hash", "Parent Relationship": "Inner", "Parallel Aware": true, "Async Capable": false, "Startup Cost": 47242.0, "Total Cost": 47242.0, "Plan Rows": 3600, "Plan Width": 4, "Plans": [{"Node Type": "Seq Scan", "Parent Relationship": "Outer", "Parallel Aware": true, "Async Capable": false, "Relation Name": "part", "Alias": "part", "Startup Cost": 0.0, "Total Cost": 47242.0, "Plan Rows": 3600, "Plan Width": 4, "Filter": "((p_type)::text = 'LARGE PLATED BRASS'::text)"}]}]}, {"Node Type": "Hash", "Parent Relationship": "Inner", "Parallel Aware": false, "Async Capable": false, "Startup Cost": 1.06, "Total Cost": 1.06, "Plan Rows": 1, "Plan Width": 4, "Plans": [{"Node Type": "Seq Scan", "Parent Relationship": "Outer", "Parallel Aware": false, "Async Capable": false, "Relation Name": "region", "Alias": "region", "Startup Cost": 0.0, "Total Cost": 1.06, "Plan Rows": 1, "Plan Width": 4, "Filter": "(r_name = 'ASIA'::bpchar)"}]}]}, {"Node Type": "Index Scan", "Parent Relationship": "Inner", "Parallel Aware": false, "Async Capable": false, "Scan Direction": "Forward", "Index Name": "supplier_pkey", "Relation Name": "supplier", "Alias": "supplier", "Startup Cost": 0.29, "Total Cost": 0.31, "Plan Rows": 1, "Plan Width": 8, "Index Cond": "(s_suppkey = lineitem.l_suppkey)"}]}, {"Node Type": "Hash", "Parent Relationship": "Inner", "Parallel Aware": false, "Async Capable": false, "Startup Cost": 1.25, "Total Cost": 1.25, "Plan Rows": 25, "Plan Width": 4, "Plans": [{"Node Type": "Seq Scan", "Parent Relationship": "Outer", "Parallel Aware": false, "Async Capable": false, "Relation Name": "nation", "Alias": "n2", "Startup Cost": 0.0, "Total Cost": 1.25, "Plan Rows": 25, "Plan Width": 4}]}]}]}]}]}}, {"Plan": {"Node Type": "Aggregate", "Strategy": "Plain", "Partial Mode": "Finalize", "Parallel Aware": false, "Async Capable": false, "Startup Cost": 446062.42, "Total Cost": 446062.43, "Plan Rows": 1, "Plan Width": 8, "Plans": [{"Node Type": "Gather", "Parent Relationship": "Outer", "Parallel Aware": false, "Async Capable": false, "Startup Cost": 446062.0, "Total Cost": 446062.41, "Plan Rows": 4, "Plan Width": 8, "Workers Planned": 4, "Single Copy": false, "Plans": [{"Node Type": "Aggregate", "Strategy": "Plain", "Partial Mode": "Partial", "Parent Relationship": "Outer", "Parallel Aware": false, "Async Capable": false, "Startup Cost": 445062.0, "Total Cost": 445062.01, "Plan Rows": 1, "Plan Width": 8, "Plans": [{"Node Type": "Hash Join", "Parent Relationship": "Outer", "Parallel Aware": false, "Async Capable": false, "Join Type": "Inner", "Startup Cost": 10302.41, "Total Cost": 445045.68, "Plan Rows": 6530, "Plan Width": 0, "Inner Unique": true, "Hash Cond": "(supplier.s_nationkey = n2.n_nationkey)", "Plans": [{"Node Type": "Nested Loop", "Parent Relationship": "Outer", "Parallel Aware": false, "Async Capable": false, "Join Type": "Inner", "Startup Cost": 10300.85, "Total Cost": 445024.07, "Plan Rows": 6530, "Plan Width": 4, "Inner Unique": true, "Plans": [{"Node Type": "Hash Join", "Parent Relationship": "Outer", "Parallel Aware": false, "Async Capable": false, "Join Type": "Inner", "Startup Cost": 10300.56, "Total Cost": 442993.7, "Plan Rows": 6546, "Plan Width": 4, "Inner Unique": false, "Hash Cond": "(orders.o_custkey = customer.c_custkey)", "Plans": [{"Node Type": "Nested Loop", "Parent Relationship": "Outer", "Parallel Aware": false, "Async Capable": false, "Join Type": "Inner", "Startup Cost": 0.88, "Total Cost": 432505.82, "Plan Rows": 32731, "Plan Width": 8, "Inner Unique": true, "Plans": [{"Node Type": "Nested Loop", "Parent Relationship": "Outer", "Parallel Aware": false, "Async Capable": false, "Join Type": "Inner", "Startup Cost": 0.44, "Total Cost": 427348.0, "Plan Rows": 107980.0, "Plan Width": 8, "Inner Unique": false, "Plans": [{"Node Type": "Seq Scan", "Parent Relationship": "Outer", "Parallel Aware": true, "Async Capable": false, "Relation Name": "part", "Alias": "part", "Startup Cost": 0.0, "Total Cost": 47242.0, "Plan Rows": 3600, "Plan Width": 4, "Filter": "((p_type)::text = 'LARGE PLATED BRASS'::text)"}, {"Node Type": "Index Scan", "Parent Relationship": "Inner", "Parallel Aware": false, "Async Capable": false, "Scan Direction": "Forward", "Index Name": "idx_lineitem_part_supp", "Relation Name": "lineitem", "Alias": "lineitem", "Startup Cost": 0.44, "Total Cost": 105.28, "Plan Rows": 30, "Plan Width": 12, "Index Cond": "(l_partkey = part.p_partkey)"}]}, {"Node Type": "Index Scan", "Parent Relationship": "Inner", "Parallel Aware": false, "Async Capable": false, "Scan Direction": "Forward", "Index Name": "orders_pkey", "Relation Name": "orders", "Alias": "orders", "Startup Cost": 0.43, "Total Cost": 0.48, "Plan Rows": 1, "Plan Width": 8, "Index Cond": "(o_orderkey = lineitem.l_orderkey)", "Filter": "((o_orderdate >= '1995-01-01'::date) AND (o_orderdate <= '1996-12-31'::date))"}]}, {"Node Type": "Hash", "Parent Relationship": "Inner", "Parallel Aware": false, "Async Capable": false, "Startup Cost": 6549.68, "Total Cost": 6549.68, "Plan Rows": 300000, "Plan Width": 4, "Plans": [{"Node Type": "Nested Loop", "Parent Relationship": "Outer", "Parallel Aware": false, "Async Capable": false, "Join Type": "Inner", "Startup Cost": 602.5, "Total Cost": 6549.68, "Plan Rows": 300000, "Plan Width": 4, "Inner Unique": false, "Plans": [{"Node Type": "Hash Join", "Parent Relationship": "Outer", "Parallel Aware": false, "Async Capable": false, "Join Type": "Inner", "Startup Cost": 1.07, "Total Cost": 2.45, "Plan Rows": 0.0, "Plan Width": 4, "Inner Unique": true, "Hash Cond": "(n1.n_regionkey = region.r_regionkey)", "Plans": [{"Node Type": "Seq Scan", "Parent Relationship": "Outer", "Parallel Aware": false, "Async Capable": false, "Relation Name": "nation", "Alias": "n1", "Startup Cost": 0.0, "Total Cost": 1.25, "Plan Rows": 25, "Plan Width": 8}, {"Node Type": "Hash", "Parent Relationship": "Inner", "Parallel Aware": false, "Async Capable": false, "Startup Cost": 1.06, "Total Cost": 1.06, "Plan Rows": 1, "Plan Width": 4, "Plans": [{"Node Type": "Seq Scan", "Parent Relationship": "Outer", "Parallel Aware": false, "Async Capable": false, "Relation Name": "region", "Alias": "region", "Startup Cost": 0.0, "Total Cost": 1.06, "Plan Rows": 1, "Plan Width": 4, "Filter": "(r_name = 'ASIA'::bpchar)"}]}]}, {"Node Type": "Bitmap Heap Scan", "Parent Relationship": "Inner", "Parallel Aware": false, "Async Capable": false, "Relation Name": "customer", "Alias": "customer", "Startup Cost": 601.43, "Total Cost": 6247.24, "Plan Rows": 60000, "Plan Width": 8, "Recheck Cond": "(c_nationkey = n1.n_nationkey)", "Plans": [{"Node Type": "Bitmap Index Scan", "Parent Relationship": "Outer", "Parallel Aware": false, "Async Capable": false, "Index Name": "idx_customer_nationkey", "Startup Cost": 0.0, "Total Cost": 586.43, "Plan Rows": 60000, "Plan Width": 0, "Index Cond": "(c_nationkey = n1.n_nationkey)"}]}]}]}]}, {"Node Type": "Index Scan", "Parent Relationship": "Inner", "Parallel Aware": false, "Async Capable": false, "Scan Direction": "Forward", "Index Name": "supplier_pkey", "Relation Name": "supplier", "Alias": "supplier", "Startup Cost": 0.29, "Total Cost": 0.31, "Plan Rows": 1, "Plan Width": 8, "Index Cond": "(s_suppkey = lineitem.l_suppkey)"}]}, {"Node Type": "Hash", "Parent Relationship": "Inner", "Parallel Aware": false, "Async Capable": false, "Startup Cost": 1.25, "Total Cost": 1.25, "Plan Rows": 25, "Plan Width": 4, "Plans": [{"Node Type": "Seq Scan", "Parent Relationship": "Outer", "Parallel Aware": false, "Async Capable": false, "Relation Name": "nation", "Alias": "n2", "Startup Cost": 0.0, "Total Cost": 1.25, "Plan Rows": 25, "Plan Width": 4}]}]}]}]}]}}, {"Plan": {"Node Type": "Aggregate", "Strategy": "Plain", "Partial Mode": "Finalize", "Parallel Aware": false, "Async Capable": false, "Startup Cost": 527705.82, "Total Cost": 527705.83, "Plan Rows": 1, "Plan Width": 8, "Plans": [{"Node Type": "Gather", "Parent Relationship": "Outer", "Parallel Aware": false, "Async Capable": false, "Startup Cost": 527705.4, "Total Cost": 527705.81, "Plan Rows": 4, "Plan Width": 8, "Workers Planned": 4, "Single Copy": false, "Plans": [{"Node Type": "Aggregate", "Strategy": "Plain", "Partial Mode": "Partial", "Parent Relationship": "Outer", "Parallel Aware": false, "Async Capable": false, "Startup Cost": 526705.4, "Total Cost": 526705.41, "Plan Rows": 1, "Plan Width": 8, "Plans": [{"Node Type": "Hash Join", "Parent Relationship": "Outer", "Parallel Aware": false, "Async Capable": false, "Join Type": "Inner", "Startup Cost": 3593.04, "Total Cost": 526689.08, "Plan Rows": 6530, "Plan Width": 0, "Inner Unique": true, "Hash Cond": "(supplier.s_nationkey = n2.n_nationkey)", "Plans": [{"Node Type": "Hash Join", "Parent Relationship": "Outer", "Parallel Aware": false, "Async Capable": false, "Join Type": "Inner", "Startup Cost": 3591.48, "Total Cost": 526667.47, "Plan Rows": 6530, "Plan Width": 4, "Inner Unique": true, "Hash Cond": "(n1.n_regionkey = region.r_regionkey)", "Plans": [{"Node Type": "Hash Join", "Parent Relationship": "Outer", "Parallel Aware": false, "Async Capable": false, "Join Type": "Inner", "Startup Cost": 3590.4, "Total Cost": 526508.06, "Plan Rows": 32647, "Plan Width": 8, "Inner Unique": true, "Hash Cond": "(customer.c_nationkey = n1.n_nationkey)", "Plans": [{"Node Type": "Nested Loop", "Parent Relationship": "Outer", "Parallel Aware": false, "Async Capable": false, "Join Type": "Inner", "Startup Cost": 3588.84, "Total Cost": 526406.27, "Plan Rows": 32647, "Plan Width": 8, "Inner Unique": true, "Plans": [{"Node Type": "Nested Loop", "Parent Relationship": "Outer", "Parallel Aware": false, "Async Capable": false, "Join Type": "Inner", "Startup Cost": 3588.41, "Total Cost": 510726.67, "Plan Rows": 32647, "Plan Width": 8, "Inner Unique": true, "Plans": [{"Node Type": "Hash Join", "Parent Relationship": "Outer", "Parallel Aware": true, "Async Capable": false, "Join Type": "Inner", "Startup Cost": 3587.98, "Total Cost": 459281.29, "Plan Rows": 107702, "Plan Width": 8, "Inner Unique": true, "Hash Cond": "(lineitem.l_suppkey = supplier.s_suppkey)", "Plans": [{"Node Type": "Nested Loop", "Parent Relationship": "Outer", "Parallel Aware": false, "Async Capable": false, "Join Type": "Inner", "Startup Cost": 0.44, "Total Cost": 427348.0, "Plan Rows": 107979.25, "Plan Width": 8, "Inner Unique": false, "Plans": [{"Node Type": "Seq Scan", "Parent Relationship": "Outer", "Parallel Aware": true, "Async Capable": false, "Relation Name": "part", "Alias": "part", "Startup Cost": 0.0, "Total Cost": 47242.0, "Plan Rows": 3600, "Plan Width": 4, "Filter": "((p_type)::text = 'LARGE PLATED BRASS'::text)"}, {"Node Type": "Index Scan", "Parent Relationship": "Inner", "Parallel Aware": false, "Async Capable": false, "Scan Direction": "Forward", "Index Name": "idx_lineitem_part_supp", "Relation Name": "lineitem", "Alias": "lineitem", "Startup Cost": 0.44, "Total Cost": 105.28, "Plan Rows": 30, "Plan Width": 12, "Index Cond": "(l_partkey = part.p_partkey)"}]}, {"Node Type": "Hash", "Parent Relationship": "Inner", "Parallel Aware": true, "Async Capable": false, "Startup Cost": 2852.24, "Total Cost": 2852.24, "Plan Rows": 58824, "Plan Width": 8, "Plans": [{"Node Type": "Seq Scan", "Parent Relationship": "Outer", "Parallel Aware": true, "Async Capable": false, "Relation Name": "supplier", "Alias": "supplier", "Startup Cost": 0.0, "Total Cost": 2852.24, "Plan Rows": 58824, "Plan Width": 8}]}]}, {"Node Type": "Index Scan", "Parent Relationship": "Inner", "Parallel Aware": false, "Async Capable": false, "Scan Direction": "Forward", "Index Name": "orders_pkey", "Relation Name": "orders", "Alias": "orders", "Startup Cost": 0.43, "Total Cost": 0.48, "Plan Rows": 1, "Plan Width": 8, "Index Cond": "(o_orderkey = lineitem.l_orderkey)", "Filter": "((o_orderdate >= '1995-01-01'::date) AND (o_orderdate <= '1996-12-31'::date))"}]}, {"Node Type": "Index Scan", "Parent Relationship": "Inner", "Parallel Aware": false, "Async Capable": false, "Scan Direction": "Forward", "Index Name": "customer_pkey", "Relation Name": "customer", "Alias": "customer", "Startup Cost": 0.43, "Total Cost": 0.48, "Plan Rows": 1, "Plan Width": 8, "Index Cond": "(c_custkey = orders.o_custkey)"}]}, {"Node Type": "Hash", "Parent Relationship": "Inner", "Parallel Aware": false, "Async Capable": false, "Startup Cost": 1.25, "Total Cost": 1.25, "Plan Rows": 25, "Plan Width": 8, "Plans": [{"Node Type": "Seq Scan", "Parent Relationship": "Outer", "Parallel Aware": false, "Async Capable": false, "Relation Name": "nation", "Alias": "n1", "Startup Cost": 0.0, "Total Cost": 1.25, "Plan Rows": 25, "Plan Width": 8}]}]}, {"Node Type": "Hash", "Parent Relationship": "Inner", "Parallel Aware": false, "Async Capable": false, "Startup Cost": 1.06, "Total Cost": 1.06, "Plan Rows": 1, "Plan Width": 4, "Plans": [{"Node Type": "Seq Scan", "Parent Relationship": "Outer", "Parallel Aware": false, "Async Capable": false, "Relation Name": "region", "Alias": "region", "Startup Cost": 0.0, "Total Cost": 1.06, "Plan Rows": 1, "Plan Width": 4, "Filter": "(r_name = 'ASIA'::bpchar)"}]}]}, {"Node Type": "Hash", "Parent Relationship": "Inner", "Parallel Aware": false, "Async Capable": false, "Startup Cost": 1.25, "Total Cost": 1.25, "Plan Rows": 25, "Plan Width": 4, "Plans": [{"Node Type": "Seq Scan", "Parent Relationship": "Outer", "Parallel Aware": false, "Async Capable": false, "Relation Name": "nation", "Alias": "n2", "Startup Cost": 0.0, "Total Cost": 1.25, "Plan Rows": 25, "Plan Width": 4}]}]}]}]}]}}]