[{"Plan": {"Node Type": "Aggregate", "Strategy": "Plain", "Partial Mode": "Finalize", "Parallel Aware": false, "Async Capable": false, "Startup Cost": 821054.28, "Total Cost": 821054.29, "Plan Rows": 1, "Plan Width": 8, "Plans": [{"Node Type": "Gather", "Parent Relationship": "Outer", "Parallel Aware": false, "Async Capable": false, "Startup Cost": 821053.65, "Total Cost": 821054.26, "Plan Rows": 6, "Plan Width": 8, "Workers Planned": 6, "Single Copy": false, "Plans": [{"Node Type": "Aggregate", "Strategy": "Plain", "Partial Mode": "Partial", "Parent Relationship": "Outer", "Parallel Aware": false, "Async Capable": false, "Startup Cost": 820053.65, "Total Cost": 820053.66, "Plan Rows": 1, "Plan Width": 8, "Plans": [{"Node Type": "Nested Loop", "Parent Relationship": "Outer", "Parallel Aware": false, "Async Capable": false, "Join Type": "Inner", "Startup Cost": 41606.5, "Total Cost": 818747.86, "Plan Rows": 522315, "Plan Width": 0, "Inner Unique": false, "Plans": [{"Node Type": "Hash Join", "Parent Relationship": "Outer", "Parallel Aware": true, "Async Capable": false, "Join Type": "Inner", "Startup Cost": 41605.94, "Total Cost": 337300.87, "Plan Rows": 240973, "Plan Width": 4, "Inner Unique": true, "Hash Cond": "(orders.o_custkey = customer.c_custkey)", "Plans": [{"Node Type": "Seq Scan", "Parent Relationship": "Outer", "Parallel Aware": true, "Async Capable": false, "Relation Name": "orders", "Alias": "orders", "Startup Cost": 0.0, "Total Cost": 292521.79, "Plan Rows": 1208813, "Plan Width": 8, "Filter": "(o_orderdate < '1995-03-05'::date)"}, {"Node Type": "Hash", "Parent Relationship": "Inner", "Parallel Aware": true, "Async Capable": false, "Startup Cost": 40671.5, "Total Cost": 40671.5, "Plan Rows": 74755, "Plan Width": 4, "Plans": [{"Node Type": "Seq Scan", "Parent Relationship": "Outer", "Parallel Aware": true, "Async Capable": false, "Relation Name": "customer", "Alias": "customer", "Startup Cost": 0.0, "Total Cost": 40671.5, "Plan Rows": 74755, "Plan Width": 4, "Filter": "(c_mktsegment = 'HOUSEHOLD'::bpchar)"}]}]}, {"Node Type": "Index Scan", "Parent Relationship": "Inner", "Parallel Aware": false, "Async Capable": false, "Scan Direction": "Forward", "Index Name": "idx_lineitem_orderkey", "Relation Name": "lineitem", "Alias": "lineitem", "Startup Cost": 0.56, "Total Cost": 1.84, "Plan Rows": 16, "Plan Width": 4, "Index Cond": "(l_orderkey = orders.o_orderkey)", "Filter": "(l_shipdate > '1995-03-05'::date)"}]}]}]}]}}, {"Plan": {"Node Type": "Aggregate", "Strategy": "Plain", "Partial Mode": "Finalize", "Parallel Aware": false, "Async Capable": false, "Startup Cost": 819879.07, "Total Cost": 819879.08, "Plan Rows": 1, "Plan Width": 8, "Plans": [{"Node Type": "Gather", "Parent Relationship": "Outer", "Parallel Aware": false, "Async Capable": false, "Startup Cost": 819878.44, "Total Cost": 819879.05, "Plan Rows": 60.0, "Plan Width": 8, "Workers Planned": 6, "Single Copy": false, "Plans": [{"Node Type": "Aggregate", "Strategy": "Plain", "Partial Mode": "Partial", "Parent Relationship": "Outer", "Parallel Aware": false, "Async Capable": false, "Startup Cost": 818878.44, "Total Cost": 818878.45, "Plan Rows": 1, "Plan Width": 8, "Plans": [{"Node Type": "Nested Loop", "Parent Relationship": "Outer", "Parallel Aware": false, "Async Capable": false, "Join Type": "Inner", "Startup Cost": 41606.5, "Total Cost": 818747.86, "Plan Rows": 522320.0, "Plan Width": 0, "Inner Unique": false, "Plans": [{"Node Type": "Hash Join", "Parent Relationship": "Outer", "Parallel Aware": true, "Async Capable": false, "Join Type": "Inner", "Startup Cost": 41605.94, "Total Cost": 337300.87, "Plan Rows": 240973, "Plan Width": 4, "Inner Unique": true, "Hash Cond": "(orders.o_custkey = customer.c_custkey)", "Plans": [{"Node Type": "Seq Scan", "Parent Relationship": "Outer", "Parallel Aware": true, "Async Capable": false, "Relation Name": "orders", "Alias": "orders", "Startup Cost": 0.0, "Total Cost": 292521.79, "Plan Rows": 1208813, "Plan Width": 8, "Filter": "(o_orderdate < '1995-03-05'::date)"}, {"Node Type": "Hash", "Parent Relationship": "Inner", "Parallel Aware": true, "Async Capable": false, "Startup Cost": 40671.5, "Total Cost": 40671.5, "Plan Rows": 74755, "Plan Width": 4, "Plans": [{"Node Type": "Seq Scan", "Parent Relationship": "Outer", "Parallel Aware": true, "Async Capable": false, "Relation Name": "customer", "Alias": "customer", "Startup Cost": 0.0, "Total Cost": 40671.5, "Plan Rows": 74755, "Plan Width": 4, "Filter": "(c_mktsegment = 'HOUSEHOLD'::bpchar)"}]}]}, {"Node Type": "Index Scan", "Parent Relationship": "Inner", "Parallel Aware": false, "Async Capable": false, "Scan Direction": "Forward", "Index Name": "idx_lineitem_orderkey", "Relation Name": "lineitem", "Alias": "lineitem", "Startup Cost": 0.56, "Total Cost": 1.84, "Plan Rows": 16, "Plan Width": 4, "Index Cond": "(l_orderkey = orders.o_orderkey)", "Filter": "(l_shipdate > '1995-03-05'::date)"}]}]}]}]}}, {"Plan": {"Node Type": "Aggregate", "Strategy": "Plain", "Partial Mode": "Finalize", "Parallel Aware": false, "Async Capable": false, "Startup Cost": 1632493.64, "Total Cost": 1632493.65, "Plan Rows": 1, "Plan Width": 8, "Plans": [{"Node Type": "Gather", "Parent Relationship": "Outer", "Parallel Aware": false, "Async Capable": false, "Startup Cost": 1632492.92, "Total Cost": 1632493.63, "Plan Rows": 7, "Plan Width": 8, "Workers Planned": 7, "Single Copy": false, "Plans": [{"Node Type": "Aggregate", "Strategy": "Plain", "Partial Mode": "Partial", "Parent Relationship": "Outer", "Parallel Aware": false, "Async Capable": false, "Startup Cost": 1631492.92, "Total Cost": 1631492.93, "Plan Rows": 1, "Plan Width": 8, "Plans": [{"Node Type": "Hash Join", "Parent Relationship": "Outer", "Parallel Aware": true, "Async Capable": false, "Join Type": "Inner", "Startup Cost": 367422.47, "Total Cost": 1630373.67, "Plan Rows": 447699, "Plan Width": 0, "Inner Unique": false, "Hash Cond": "(lineitem.l_orderkey = orders.o_orderkey)", "Plans": [{"Node Type": "Seq Scan", "Parent Relationship": "Outer", "Parallel Aware": true, "Async Capable": false, "Relation Name": "lineitem", "Alias": "lineitem", "Startup Cost": 0.0, "Total Cost": 1232266.19, "Plan Rows": 4644672, "Plan Width": 4, "Filter": "(l_shipdate > '1995-03-05'::date)"}, {"Node Type": "Hash", "Parent Relationship": "Inner", "Parallel Aware": true, "Async Capable": false, "Startup Cost": 337300.87, "Total Cost": 337300.87, "Plan Rows": 240972.8, "Plan Width": 4, "Plans": [{"Node Type": "Hash Join", "Parent Relationship": "Outer", "Parallel Aware": true, "Async Capable": false, "Join Type": "Inner", "Startup Cost": 41605.94, "Total Cost": 337300.87, "Plan Rows": 240972.8, "Plan Width": 4, "Inner Unique": true, "Hash Cond": "(orders.o_custkey = customer.c_custkey)", "Plans": [{"Node Type": "Seq Scan", "Parent Relationship": "Outer", "Parallel Aware": true, "Async Capable": false, "Relation Name": "orders", "Alias": "orders", "Startup Cost": 0.0, "Total Cost": 292521.79, "Plan Rows": 1208813, "Plan Width": 8, "Filter": "(o_orderdate < '1995-03-05'::date)"}, {"Node Type": "Hash", "Parent Relationship": "Inner", "Parallel Aware": true, "Async Capable": false, "Startup Cost": 40671.5, "Total Cost": 40671.5, "Plan Rows": 74755, "Plan Width": 4, "Plans": [{"Node Type": "Seq Scan", "Parent Relationship": "Outer", "Parallel Aware": true, "Async Capable": false, "Relation Name": "customer", "Alias": "customer", "Startup Cost": 0.0, "Total Cost": 40671.5, "Plan Rows": 74755, "Plan Width": 4, "Filter": "(c_mktsegment = 'HOUSEHOLD'::bpchar)"}]}]}]}]}]}]}]}}]