[{"Plan": {"Node Type": "Aggregate", "Strategy": "Plain", "Partial Mode": "Simple", "Parallel Aware": false, "Async Capable": false, "Startup Cost": 4341.88, "Total Cost": 4341.89, "Plan Rows": 1, "Plan Width": 8, "Plans": [{"Node Type": "Nested Loop", "Parent Relationship": "Outer", "Parallel Aware": false, "Async Capable": false, "Join Type": "Inner", "Startup Cost": 2963.53, "Total Cost": 4333.28, "Plan Rows": 3442, "Plan Width": 0, "Inner Unique": false, "Join Filter": "(p.id = v.postid)", "Plans": [{"Node Type": "Nested Loop", "Parent Relationship": "Outer", "Parallel Aware": false, "Async Capable": false, "Join Type": "Inner", "Startup Cost": 2963.1, "Total Cost": 3726.92, "Plan Rows": 978, "Plan Width": 16, "Inner Unique": false, "Join Filter": "(p.id = ph.postid)", "Plans": [{"Node Type": "Nested Loop", "Parent Relationship": "Outer", "Parallel Aware": false, "Async Capable": false, "Join Type": "Inner", "Startup Cost": 2962.68, "Total Cost": 3544.08, "Plan Rows": 297, "Plan Width": 12, "Inner Unique": false, "Plans": [{"Node Type": "Hash Join", "Parent Relationship": "Outer", "Parallel Aware": false, "Async Capable": false, "Join Type": "Inner", "Startup Cost": 2962.26, "Total Cost": 3219.74, "Plan Rows": 157, "Plan Width": 8, "Inner Unique": true, "Hash Cond": "(pl.postid = p.id)", "Plans": [{"Node Type": "Seq Scan", "Parent Relationship": "Outer", "Parallel Aware": false, "Async Capable": false, "Relation Name": "postlinks", "Alias": "pl", "Startup Cost": 0.0, "Total Cost": 248.53, "Plan Rows": 3409, "Plan Width": 4, "Filter": "((creationdate <= '2013-01-25 07:45:44'::timestamp without time zone) AND (linktypeid = 1))"}, {"Node Type": "Hash", "Parent Relationship": "Inner", "Parallel Aware": false, "Async Capable": false, "Startup Cost": 2909.46, "Total Cost": 2909.46, "Plan Rows": 4224, "Plan Width": 4, "Plans": [{"Node Type": "Seq Scan", "Parent Relationship": "Outer", "Parallel Aware": false, "Async Capable": false, "Relation Name": "posts", "Alias": "p", "Startup Cost": 0.0, "Total Cost": 2909.46, "Plan Rows": 4224, "Plan Width": 4, "Filter": "((score <= 133) AND (favoritecount >= 2) AND (favoritecount <= 89) AND (creationdate >= '2011-12-26 21:35:06'::timestamp without time zone) AND (creationdate <= '2014-08-24 07:29:22'::timestamp without time zone))"}]}]}, {"Node Type": "Index Scan", "Parent Relationship": "Inner", "Parallel Aware": false, "Async Capable": false, "Scan Direction": "Forward", "Index Name": "idx_comments_postid", "Relation Name": "comments", "Alias": "c", "Startup Cost": 0.42, "Total Cost": 2.04, "Plan Rows": 3, "Plan Width": 4, "Index Cond": "(postid = p.id)", "Filter": "(creationdate >= '2009-05-26 23:45:17'::timestamp without time zone)"}]}, {"Node Type": "Index Scan", "Parent Relationship": "Inner", "Parallel Aware": false, "Async Capable": false, "Scan Direction": "Forward", "Index Name": "idx_posthistory_postid", "Relation Name": "posthistory", "Alias": "ph", "Startup Cost": 0.42, "Total Cost": 0.57, "Plan Rows": 4, "Plan Width": 4, "Index Cond": "(postid = c.postid)", "Filter": "(creationdate >= '2009-09-01 13:58:12'::timestamp without time zone)"}]}, {"Node Type": "Index Scan", "Parent Relationship": "Inner", "Parallel Aware": false, "Async Capable": false, "Scan Direction": "Forward", "Index Name": "idx_votes_postid", "Relation Name": "votes", "Alias": "v", "Startup Cost": 0.42, "Total Cost": 0.56, "Plan Rows": 5, "Plan Width": 4, "Index Cond": "(postid = ph.postid)", "Filter": "(creationdate <= '2014-08-29 18:33:37'::timestamp without time zone)"}]}]}}, {"Plan": {"Node Type": "Aggregate", "Strategy": "Plain", "Partial Mode": "Finalize", "Parallel Aware": false, "Async Capable": false, "Startup Cost": 13714.2, "Total Cost": 13714.21, "Plan Rows": 1, "Plan Width": 8, "Plans": [{"Node Type": "Gather", "Parent Relationship": "Outer", "Parallel Aware": false, "Async Capable": false, "Startup Cost": 13714.08, "Total Cost": 13714.19, "Plan Rows": 1, "Plan Width": 8, "Workers Planned": 1, "Single Copy": false, "Plans": [{"Node Type": "Aggregate", "Strategy": "Plain", "Partial Mode": "Partial", "Parent Relationship": "Outer", "Parallel Aware": false, "Async Capable": false, "Startup Cost": 12714.08, "Total Cost": 12714.09, "Plan Rows": 1, "Plan Width": 8, "Plans": [{"Node Type": "Merge Join", "Parent Relationship": "Outer", "Parallel Aware": false, "Async Capable": false, "Join Type": "Inner", "Startup Cost": 3165.39, "Total Cost": 12709.02, "Plan Rows": 2025, "Plan Width": 0, "Inner Unique": false, "Merge Cond": "(c.postid = p.id)", "Plans": [{"Node Type": "Index Scan", "Parent Relationship": "Outer", "Parallel Aware": true, "Async Capable": false, "Scan Direction": "Forward", "Index Name": "idx_comments_postid", "Relation Name": "comments", "Alias": "c", "Startup Cost": 0.42, "Total Cost": 4959.84, "Plan Rows": 102489, "Plan Width": 4, "Filter": "(creationdate >= '2009-05-26 23:45:17'::timestamp without time zone)"}, {"Node Type": "Materialize", "Parent Relationship": "Inner", "Parallel Aware": false, "Async Capable": false, "Startup Cost": 3164.97, "Total Cost": 4905.96, "Plan Rows": 1820.0, "Plan Width": 16, "Plans": [{"Node Type": "Nested Loop", "Parent Relationship": "Outer", "Parallel Aware": false, "Async Capable": false, "Join Type": "Inner", "Startup Cost": 3164.97, "Total Cost": 4450.96, "Plan Rows": 1820.0, "Plan Width": 16, "Inner Unique": false, "Join Filter": "(p.id = v.postid)", "Plans": [{"Node Type": "Nested Loop", "Parent Relationship": "Outer", "Parallel Aware": false, "Async Capable": false, "Join Type": "Inner", "Startup Cost": 3164.55, "Total Cost": 4130.42, "Plan Rows": 517, "Plan Width": 12, "Inner Unique": false, "Plans": [{"Node Type": "Merge Join", "Parent Relationship": "Outer", "Parallel Aware": false, "Async Capable": false, "Join Type": "Inner", "Startup Cost": 3164.12, "Total Cost": 3645.85, "Plan Rows": 157, "Plan Width": 8, "Inner Unique": true, "Merge Cond": "(pl.postid = p.id)", "Plans": [{"Node Type": "Index Scan", "Parent Relationship": "Outer", "Parallel Aware": false, "Async Capable": false, "Scan Direction": "Forward", "Index Name": "idx_postlinks_postid", "Relation Name": "postlinks", "Alias": "pl", "Startup Cost": 0.29, "Total Cost": 450.8, "Plan Rows": 3409, "Plan Width": 4, "Filter": "((creationdate <= '2013-01-25 07:45:44'::timestamp without time zone) AND (linktypeid = 1))"}, {"Node Type": "Sort", "Parent Relationship": "Inner", "Parallel Aware": false, "Async Capable": false, "Startup Cost": 3163.84, "Total Cost": 3174.4, "Plan Rows": 4224, "Plan Width": 4, "Sort Key": ["p.id"], "Plans": [{"Node Type": "Seq Scan", "Parent Relationship": "Outer", "Parallel Aware": false, "Async Capable": false, "Relation Name": "posts", "Alias": "p", "Startup Cost": 0.0, "Total Cost": 2909.46, "Plan Rows": 4224, "Plan Width": 4, "Filter": "((score <= 133) AND (favoritecount >= 2) AND (favoritecount <= 89) AND (creationdate >= '2011-12-26 21:35:06'::timestamp without time zone) AND (creationdate <= '2014-08-24 07:29:22'::timestamp without time zone))"}]}]}, {"Node Type": "Index Scan", "Parent Relationship": "Inner", "Parallel Aware": false, "Async Capable": false, "Scan Direction": "Forward", "Index Name": "idx_posthistory_postid", "Relation Name": "posthistory", "Alias": "ph", "Startup Cost": 0.42, "Total Cost": 3.05, "Plan Rows": 4, "Plan Width": 4, "Index Cond": "(postid = p.id)", "Filter": "(creationdate >= '2009-09-01 13:58:12'::timestamp without time zone)"}]}, {"Node Type": "Index Scan", "Parent Relationship": "Inner", "Parallel Aware": false, "Async Capable": false, "Scan Direction": "Forward", "Index Name": "idx_votes_postid", "Relation Name": "votes", "Alias": "v", "Startup Cost": 0.42, "Total Cost": 0.56, "Plan Rows": 5, "Plan Width": 4, "Index Cond": "(postid = ph.postid)", "Filter": "(creationdate <= '2014-08-29 18:33:37'::timestamp without time zone)"}]}]}]}]}]}]}}, {"Plan": {"Node Type": "Aggregate", "Strategy": "Plain", "Partial Mode": "Finalize", "Parallel Aware": false, "Async Capable": false, "Startup Cost": 8854.65, "Total Cost": 8854.66, "Plan Rows": 1, "Plan Width": 8, "Plans": [{"Node Type": "Gather", "Parent Relationship": "Outer", "Parallel Aware": false, "Async Capable": false, "Startup Cost": 8854.53, "Total Cost": 8854.64, "Plan Rows": 1, "Plan Width": 8, "Workers Planned": 1, "Single Copy": false, "Plans": [{"Node Type": "Aggregate", "Strategy": "Plain", "Partial Mode": "Partial", "Parent Relationship": "Outer", "Parallel Aware": false, "Async Capable": false, "Startup Cost": 7854.53, "Total Cost": 7854.54, "Plan Rows": 1, "Plan Width": 8, "Plans": [{"Node Type": "Hash Join", "Parent Relationship": "Outer", "Parallel Aware": false, "Async Capable": false, "Join Type": "Inner", "Startup Cost": 4252.35, "Total Cost": 7849.47, "Plan Rows": 2025, "Plan Width": 0, "Inner Unique": false, "Hash Cond": "(c.postid = p.id)", "Plans": [{"Node Type": "Seq Scan", "Parent Relationship": "Outer", "Parallel Aware": true, "Async Capable": false, "Relation Name": "comments", "Alias": "c", "Startup Cost": 0.0, "Total Cost": 2625.65, "Plan Rows": 102489, "Plan Width": 4, "Filter": "(creationdate >= '2009-05-26 23:45:17'::timestamp without time zone)"}, {"Node Type": "Hash", "Parent Relationship": "Inner", "Parallel Aware": false, "Async Capable": false, "Startup Cost": 4024.85, "Total Cost": 4024.85, "Plan Rows": 1820.0, "Plan Width": 16, "Plans": [{"Node Type": "Nested Loop", "Parent Relationship": "Outer", "Parallel Aware": false, "Async Capable": false, "Join Type": "Inner", "Startup Cost": 2963.11, "Total Cost": 4024.85, "Plan Rows": 1820.0, "Plan Width": 16, "Inner Unique": false, "Join Filter": "(p.id = v.postid)", "Plans": [{"Node Type": "Nested Loop", "Parent Relationship": "Outer", "Parallel Aware": false, "Async Capable": false, "Join Type": "Inner", "Startup Cost": 2962.68, "Total Cost": 3704.31, "Plan Rows": 517, "Plan Width": 12, "Inner Unique": false, "Plans": [{"Node Type": "Hash Join", "Parent Relationship": "Outer", "Parallel Aware": false, "Async Capable": false, "Join Type": "Inner", "Startup Cost": 2962.26, "Total Cost": 3219.74, "Plan Rows": 157, "Plan Width": 8, "Inner Unique": true, "Hash Cond": "(pl.postid = p.id)", "Plans": [{"Node Type": "Seq Scan", "Parent Relationship": "Outer", "Parallel Aware": false, "Async Capable": false, "Relation Name": "postlinks", "Alias": "pl", "Startup Cost": 0.0, "Total Cost": 248.53, "Plan Rows": 3409, "Plan Width": 4, "Filter": "((creationdate <= '2013-01-25 07:45:44'::timestamp without time zone) AND (linktypeid = 1))"}, {"Node Type": "Hash", "Parent Relationship": "Inner", "Parallel Aware": false, "Async Capable": false, "Startup Cost": 2909.46, "Total Cost": 2909.46, "Plan Rows": 4224, "Plan Width": 4, "Plans": [{"Node Type": "Seq Scan", "Parent Relationship": "Outer", "Parallel Aware": false, "Async Capable": false, "Relation Name": "posts", "Alias": "p", "Startup Cost": 0.0, "Total Cost": 2909.46, "Plan Rows": 4224, "Plan Width": 4, "Filter": "((score <= 133) AND (favoritecount >= 2) AND (favoritecount <= 89) AND (creationdate >= '2011-12-26 21:35:06'::timestamp without time zone) AND (creationdate <= '2014-08-24 07:29:22'::timestamp without time zone))"}]}]}, {"Node Type": "Index Scan", "Parent Relationship": "Inner", "Parallel Aware": false, "Async Capable": false, "Scan Direction": "Forward", "Index Name": "idx_posthistory_postid", "Relation Name": "posthistory", "Alias": "ph", "Startup Cost": 0.42, "Total Cost": 3.05, "Plan Rows": 4, "Plan Width": 4, "Index Cond": "(postid = p.id)", "Filter": "(creationdate >= '2009-09-01 13:58:12'::timestamp without time zone)"}]}, {"Node Type": "Index Scan", "Parent Relationship": "Inner", "Parallel Aware": false, "Async Capable": false, "Scan Direction": "Forward", "Index Name": "idx_votes_postid", "Relation Name": "votes", "Alias": "v", "Startup Cost": 0.42, "Total Cost": 0.56, "Plan Rows": 5, "Plan Width": 4, "Index Cond": "(postid = ph.postid)", "Filter": "(creationdate <= '2014-08-29 18:33:37'::timestamp without time zone)"}]}]}]}]}]}]}}, {"Plan": {"Node Type": "Aggregate", "Strategy": "Plain", "Partial Mode": "Finalize", "Parallel Aware": false, "Async Capable": false, "Startup Cost": 10707.54, "Total Cost": 10707.55, "Plan Rows": 1, "Plan Width": 8, "Plans": [{"Node Type": "Gather", "Parent Relationship": "Outer", "Parallel Aware": false, "Async Capable": false, "Startup Cost": 10707.42, "Total Cost": 10707.53, "Plan Rows": 1, "Plan Width": 8, "Workers Planned": 1, "Single Copy": false, "Plans": [{"Node Type": "Aggregate", "Strategy": "Plain", "Partial Mode": "Partial", "Parent Relationship": "Outer", "Parallel Aware": false, "Async Capable": false, "Startup Cost": 9707.42, "Total Cost": 9707.43, "Plan Rows": 1, "Plan Width": 8, "Plans": [{"Node Type": "Nested Loop", "Parent Relationship": "Outer", "Parallel Aware": false, "Async Capable": false, "Join Type": "Inner", "Startup Cost": 4350.98, "Total Cost": 9702.36, "Plan Rows": 2025, "Plan Width": 0, "Inner Unique": false, "Join Filter": "(p.id = v.postid)", "Plans": [{"Node Type": "Hash Join", "Parent Relationship": "Outer", "Parallel Aware": false, "Async Capable": false, "Join Type": "Inner", "Startup Cost": 4350.56, "Total Cost": 9345.86, "Plan Rows": 575, "Plan Width": 16, "Inner Unique": false, "Hash Cond": "(c.postid = p.id)", "Plans": [{"Node Type": "Seq Scan", "Parent Relationship": "Outer", "Parallel Aware": true, "Async Capable": false, "Relation Name": "comments", "Alias": "c", "Startup Cost": 0.0, "Total Cost": 2625.65, "Plan Rows": 102489, "Plan Width": 4, "Filter": "(creationdate >= '2009-05-26 23:45:17'::timestamp without time zone)"}, {"Node Type": "Hash", "Parent Relationship": "Inner", "Parallel Aware": false, "Async Capable": false, "Startup Cost": 3704.31, "Total Cost": 3704.31, "Plan Rows": 517.0, "Plan Width": 12, "Plans": [{"Node Type": "Nested Loop", "Parent Relationship": "Outer", "Parallel Aware": false, "Async Capable": false, "Join Type": "Inner", "Startup Cost": 2962.68, "Total Cost": 3704.31, "Plan Rows": 517.0, "Plan Width": 12, "Inner Unique": false, "Plans": [{"Node Type": "Hash Join", "Parent Relationship": "Outer", "Parallel Aware": false, "Async Capable": false, "Join Type": "Inner", "Startup Cost": 2962.26, "Total Cost": 3219.74, "Plan Rows": 157, "Plan Width": 8, "Inner Unique": true, "Hash Cond": "(pl.postid = p.id)", "Plans": [{"Node Type": "Seq Scan", "Parent Relationship": "Outer", "Parallel Aware": false, "Async Capable": false, "Relation Name": "postlinks", "Alias": "pl", "Startup Cost": 0.0, "Total Cost": 248.53, "Plan Rows": 3409, "Plan Width": 4, "Filter": "((creationdate <= '2013-01-25 07:45:44'::timestamp without time zone) AND (linktypeid = 1))"}, {"Node Type": "Hash", "Parent Relationship": "Inner", "Parallel Aware": false, "Async Capable": false, "Startup Cost": 2909.46, "Total Cost": 2909.46, "Plan Rows": 4224, "Plan Width": 4, "Plans": [{"Node Type": "Seq Scan", "Parent Relationship": "Outer", "Parallel Aware": false, "Async Capable": false, "Relation Name": "posts", "Alias": "p", "Startup Cost": 0.0, "Total Cost": 2909.46, "Plan Rows": 4224, "Plan Width": 4, "Filter": "((score <= 133) AND (favoritecount >= 2) AND (favoritecount <= 89) AND (creationdate >= '2011-12-26 21:35:06'::timestamp without time zone) AND (creationdate <= '2014-08-24 07:29:22'::timestamp without time zone))"}]}]}, {"Node Type": "Index Scan", "Parent Relationship": "Inner", "Parallel Aware": false, "Async Capable": false, "Scan Direction": "Forward", "Index Name": "idx_posthistory_postid", "Relation Name": "posthistory", "Alias": "ph", "Startup Cost": 0.42, "Total Cost": 3.05, "Plan Rows": 4, "Plan Width": 4, "Index Cond": "(postid = p.id)", "Filter": "(creationdate >= '2009-09-01 13:58:12'::timestamp without time zone)"}]}]}]}, {"Node Type": "Index Scan", "Parent Relationship": "Inner", "Parallel Aware": false, "Async Capable": false, "Scan Direction": "Forward", "Index Name": "idx_votes_postid", "Relation Name": "votes", "Alias": "v", "Startup Cost": 0.42, "Total Cost": 0.56, "Plan Rows": 5, "Plan Width": 4, "Index Cond": "(postid = ph.postid)", "Filter": "(creationdate <= '2014-08-29 18:33:37'::timestamp without time zone)"}]}]}]}]}}, {"Plan": {"Node Type": "Aggregate", "Strategy": "Plain", "Partial Mode": "Finalize", "Parallel Aware": false, "Async Capable": false, "Startup Cost": 8454.67, "Total Cost": 8454.68, "Plan Rows": 1, "Plan Width": 8, "Plans": [{"Node Type": "Gather", "Parent Relationship": "Outer", "Parallel Aware": false, "Async Capable": false, "Startup Cost": 8454.56, "Total Cost": 8454.67, "Plan Rows": 1, "Plan Width": 8, "Workers Planned": 1, "Single Copy": false, "Plans": [{"Node Type": "Aggregate", "Strategy": "Plain", "Partial Mode": "Partial", "Parent Relationship": "Outer", "Parallel Aware": false, "Async Capable": false, "Startup Cost": 7454.56, "Total Cost": 7454.57, "Plan Rows": 1, "Plan Width": 8, "Plans": [{"Node Type": "Nested Loop", "Parent Relationship": "Outer", "Parallel Aware": false, "Async Capable": false, "Join Type": "Inner", "Startup Cost": 3416.83, "Total Cost": 7449.49, "Plan Rows": 2025, "Plan Width": 0, "Inner Unique": false, "Join Filter": "(p.id = v.postid)", "Plans": [{"Node Type": "Nested Loop", "Parent Relationship": "Outer", "Parallel Aware": false, "Async Capable": false, "Join Type": "Inner", "Startup Cost": 3416.41, "Total Cost": 7092.99, "Plan Rows": 575, "Plan Width": 16, "Inner Unique": false, "Join Filter": "(p.id = ph.postid)", "Plans": [{"Node Type": "Hash Join", "Parent Relationship": "Outer", "Parallel Aware": false, "Async Capable": false, "Join Type": "Inner", "Startup Cost": 3415.99, "Total Cost": 6985.26, "Plan Rows": 175, "Plan Width": 12, "Inner Unique": false, "Hash Cond": "(c.postid = p.id)", "Plans": [{"Node Type": "Seq Scan", "Parent Relationship": "Outer", "Parallel Aware": true, "Async Capable": false, "Relation Name": "comments", "Alias": "c", "Startup Cost": 0.0, "Total Cost": 2625.65, "Plan Rows": 102489, "Plan Width": 4, "Filter": "(creationdate >= '2009-05-26 23:45:17'::timestamp without time zone)"}, {"Node Type": "Hash", "Parent Relationship": "Inner", "Parallel Aware": false, "Async Capable": false, "Startup Cost": 3219.74, "Total Cost": 3219.74, "Plan Rows": 157.0, "Plan Width": 8, "Plans": [{"Node Type": "Hash Join", "Parent Relationship": "Outer", "Parallel Aware": false, "Async Capable": false, "Join Type": "Inner", "Startup Cost": 2962.26, "Total Cost": 3219.74, "Plan Rows": 157.0, "Plan Width": 8, "Inner Unique": true, "Hash Cond": "(pl.postid = p.id)", "Plans": [{"Node Type": "Seq Scan", "Parent Relationship": "Outer", "Parallel Aware": false, "Async Capable": false, "Relation Name": "postlinks", "Alias": "pl", "Startup Cost": 0.0, "Total Cost": 248.53, "Plan Rows": 3409, "Plan Width": 4, "Filter": "((creationdate <= '2013-01-25 07:45:44'::timestamp without time zone) AND (linktypeid = 1))"}, {"Node Type": "Hash", "Parent Relationship": "Inner", "Parallel Aware": false, "Async Capable": false, "Startup Cost": 2909.46, "Total Cost": 2909.46, "Plan Rows": 4224, "Plan Width": 4, "Plans": [{"Node Type": "Seq Scan", "Parent Relationship": "Outer", "Parallel Aware": false, "Async Capable": false, "Relation Name": "posts", "Alias": "p", "Startup Cost": 0.0, "Total Cost": 2909.46, "Plan Rows": 4224, "Plan Width": 4, "Filter": "((score <= 133) AND (favoritecount >= 2) AND (favoritecount <= 89) AND (creationdate >= '2011-12-26 21:35:06'::timestamp without time zone) AND (creationdate <= '2014-08-24 07:29:22'::timestamp without time zone))"}]}]}]}]}, {"Node Type": "Index Scan", "Parent Relationship": "Inner", "Parallel Aware": false, "Async Capable": false, "Scan Direction": "Forward", "Index Name": "idx_posthistory_postid", "Relation Name": "posthistory", "Alias": "ph", "Startup Cost": 0.42, "Total Cost": 0.57, "Plan Rows": 4, "Plan Width": 4, "Index Cond": "(postid = c.postid)", "Filter": "(creationdate >= '2009-09-01 13:58:12'::timestamp without time zone)"}]}, {"Node Type": "Index Scan", "Parent Relationship": "Inner", "Parallel Aware": false, "Async Capable": false, "Scan Direction": "Forward", "Index Name": "idx_votes_postid", "Relation Name": "votes", "Alias": "v", "Startup Cost": 0.42, "Total Cost": 0.56, "Plan Rows": 5, "Plan Width": 4, "Index Cond": "(postid = ph.postid)", "Filter": "(creationdate <= '2014-08-29 18:33:37'::timestamp without time zone)"}]}]}]}]}}]