[{"Plan": {"Node Type": "Aggregate", "Strategy": "Plain", "Partial Mode": "Finalize", "Parallel Aware": false, "Async Capable": false, "Startup Cost": 73474.61, "Total Cost": 73474.62, "Plan Rows": 1, "Plan Width": 8, "Plans": [{"Node Type": "Gather", "Parent Relationship": "Outer", "Parallel Aware": false, "Async Capable": false, "Startup Cost": 73474.5, "Total Cost": 73474.61, "Plan Rows": 1, "Plan Width": 8, "Workers Planned": 1, "Single Copy": false, "Plans": [{"Node Type": "Aggregate", "Strategy": "Plain", "Partial Mode": "Partial", "Parent Relationship": "Outer", "Parallel Aware": false, "Async Capable": false, "Startup Cost": 72474.5, "Total Cost": 72474.51, "Plan Rows": 1, "Plan Width": 8, "Plans": [{"Node Type": "Hash Join", "Parent Relationship": "Outer", "Parallel Aware": true, "Async Capable": false, "Join Type": "Inner", "Startup Cost": 4956.85, "Total Cost": 8707.91, "Plan Rows": 25506633, "Plan Width": 0, "Inner Unique": false, "Hash Cond": "(c.userid = u.id)", "Plans": [{"Node Type": "Seq Scan", "Parent Relationship": "Outer", "Parallel Aware": true, "Async Capable": false, "Relation Name": "comments", "Alias": "c", "Startup Cost": 0.0, "Total Cost": 2625.65, "Plan Rows": 102170, "Plan Width": 4, "Filter": "(creationdate >= '2010-07-27 12:03:40'::timestamp without time zone)"}, {"Node Type": "Hash", "Parent Relationship": "Inner", "Parallel Aware": true, "Async Capable": false, "Startup Cost": 4584.49, "Total Cost": 4584.49, "Plan Rows": 29789, "Plan Width": 12, "Plans": [{"Node Type": "Nested Loop", "Parent Relationship": "Outer", "Parallel Aware": false, "Async Capable": false, "Join Type": "Inner", "Startup Cost": 1.01, "Total Cost": 4584.49, "Plan Rows": 29789, "Plan Width": 12, "Inner Unique": false, "Join Filter": "(p.owneruserid = u.id)", "Plans": [{"Node Type": "Merge Join", "Parent Relationship": "Outer", "Parallel Aware": false, "Async Capable": false, "Join Type": "Inner", "Startup Cost": 0.71, "Total Cost": 2289.31, "Plan Rows": 14335, "Plan Width": 8, "Inner Unique": true, "Merge Cond": "(v.userid = u.id)", "Plans": [{"Node Type": "Index Only Scan", "Parent Relationship": "Outer", "Parallel Aware": true, "Async Capable": false, "Scan Direction": "Forward", "Index Name": "idx_votes_userid", "Relation Name": "votes", "Alias": "v", "Startup Cost": 0.42, "Total Cost": 4261.57, "Plan Rows": 136693, "Plan Width": 4}, {"Node Type": "Index Scan", "Parent Relationship": "Inner", "Parallel Aware": false, "Async Capable": false, "Scan Direction": "Forward", "Index Name": "users_pkey", "Relation Name": "users", "Alias": "u", "Startup Cost": 0.29, "Total Cost": 1558.79, "Plan Rows": 39989, "Plan Width": 4, "Filter": "((views >= 0) AND (creationdate >= '2010-07-27 09:38:05'::timestamp without time zone))"}]}, {"Node Type": "Memoize", "Parent Relationship": "Inner", "Parallel Aware": false, "Async Capable": false, "Startup Cost": 0.3, "Total Cost": 0.48, "Plan Rows": 1, "Plan Width": 4, "Cache Key": "v.userid", "Cache Mode": "logical", "Plans": [{"Node Type": "Index Scan", "Parent Relationship": "Outer", "Parallel Aware": false, "Async Capable": false, "Scan Direction": "Forward", "Index Name": "idx_posts_owneruserid", "Relation Name": "posts", "Alias": "p", "Startup Cost": 0.29, "Total Cost": 0.47, "Plan Rows": 1, "Plan Width": 4, "Index Cond": "(owneruserid = v.userid)", "Filter": "((score >= 0) AND (score <= 14) AND (viewcount >= 0) AND (viewcount <= 10000) AND (answercount >= 0) AND (answercount <= 3) AND (favoritecount >= 0) AND (favoritecount <= 20) AND (creationdate >= '2010-07-27 11:29:20'::timestamp without time zone) AND (creationdate <= '2014-09-13 02:50:15'::timestamp without time zone))"}]}]}]}]}]}]}]}}, {"Plan": {"Node Type": "Aggregate", "Strategy": "Plain", "Partial Mode": "Finalize", "Parallel Aware": false, "Async Capable": false, "Startup Cost": 16084.68, "Total Cost": 16084.69, "Plan Rows": 1, "Plan Width": 8, "Plans": [{"Node Type": "Gather", "Parent Relationship": "Outer", "Parallel Aware": false, "Async Capable": false, "Startup Cost": 16084.57, "Total Cost": 16084.68, "Plan Rows": 10.0, "Plan Width": 8, "Workers Planned": 1, "Single Copy": false, "Plans": [{"Node Type": "Aggregate", "Strategy": "Plain", "Partial Mode": "Partial", "Parent Relationship": "Outer", "Parallel Aware": false, "Async Capable": false, "Startup Cost": 15084.57, "Total Cost": 15084.58, "Plan Rows": 1, "Plan Width": 8, "Plans": [{"Node Type": "Hash Join", "Parent Relationship": "Outer", "Parallel Aware": true, "Async Capable": false, "Join Type": "Inner", "Startup Cost": 4956.85, "Total Cost": 8707.91, "Plan Rows": 25506630.0, "Plan Width": 0, "Inner Unique": false, "Hash Cond": "(c.userid = u.id)", "Plans": [{"Node Type": "Seq Scan", "Parent Relationship": "Outer", "Parallel Aware": true, "Async Capable": false, "Relation Name": "comments", "Alias": "c", "Startup Cost": 0.0, "Total Cost": 2625.65, "Plan Rows": 102170, "Plan Width": 4, "Filter": "(creationdate >= '2010-07-27 12:03:40'::timestamp without time zone)"}, {"Node Type": "Hash", "Parent Relationship": "Inner", "Parallel Aware": true, "Async Capable": false, "Startup Cost": 4584.49, "Total Cost": 4584.49, "Plan Rows": 29789, "Plan Width": 12, "Plans": [{"Node Type": "Nested Loop", "Parent Relationship": "Outer", "Parallel Aware": false, "Async Capable": false, "Join Type": "Inner", "Startup Cost": 1.01, "Total Cost": 4584.49, "Plan Rows": 29789, "Plan Width": 12, "Inner Unique": false, "Join Filter": "(p.owneruserid = u.id)", "Plans": [{"Node Type": "Merge Join", "Parent Relationship": "Outer", "Parallel Aware": false, "Async Capable": false, "Join Type": "Inner", "Startup Cost": 0.71, "Total Cost": 2289.31, "Plan Rows": 14335, "Plan Width": 8, "Inner Unique": true, "Merge Cond": "(v.userid = u.id)", "Plans": [{"Node Type": "Index Only Scan", "Parent Relationship": "Outer", "Parallel Aware": true, "Async Capable": false, "Scan Direction": "Forward", "Index Name": "idx_votes_userid", "Relation Name": "votes", "Alias": "v", "Startup Cost": 0.42, "Total Cost": 4261.57, "Plan Rows": 136693, "Plan Width": 4}, {"Node Type": "Index Scan", "Parent Relationship": "Inner", "Parallel Aware": false, "Async Capable": false, "Scan Direction": "Forward", "Index Name": "users_pkey", "Relation Name": "users", "Alias": "u", "Startup Cost": 0.29, "Total Cost": 1558.79, "Plan Rows": 39989, "Plan Width": 4, "Filter": "((views >= 0) AND (creationdate >= '2010-07-27 09:38:05'::timestamp without time zone))"}]}, {"Node Type": "Memoize", "Parent Relationship": "Inner", "Parallel Aware": false, "Async Capable": false, "Startup Cost": 0.3, "Total Cost": 0.48, "Plan Rows": 1, "Plan Width": 4, "Cache Key": "v.userid", "Cache Mode": "logical", "Plans": [{"Node Type": "Index Scan", "Parent Relationship": "Outer", "Parallel Aware": false, "Async Capable": false, "Scan Direction": "Forward", "Index Name": "idx_posts_owneruserid", "Relation Name": "posts", "Alias": "p", "Startup Cost": 0.29, "Total Cost": 0.47, "Plan Rows": 1, "Plan Width": 4, "Index Cond": "(owneruserid = v.userid)", "Filter": "((score >= 0) AND (score <= 14) AND (viewcount >= 0) AND (viewcount <= 10000) AND (answercount >= 0) AND (answercount <= 3) AND (favoritecount >= 0) AND (favoritecount <= 20) AND (creationdate >= '2010-07-27 11:29:20'::timestamp without time zone) AND (creationdate <= '2014-09-13 02:50:15'::timestamp without time zone))"}]}]}]}]}]}]}]}}, {"Plan": {"Node Type": "Aggregate", "Strategy": "Plain", "Partial Mode": "Finalize", "Parallel Aware": false, "Async Capable": false, "Startup Cost": 52945.71, "Total Cost": 52945.72, "Plan Rows": 1, "Plan Width": 8, "Plans": [{"Node Type": "Gather", "Parent Relationship": "Outer", "Parallel Aware": false, "Async Capable": false, "Startup Cost": 52945.49, "Total Cost": 52945.7, "Plan Rows": 2, "Plan Width": 8, "Workers Planned": 2, "Single Copy": false, "Plans": [{"Node Type": "Aggregate", "Strategy": "Plain", "Partial Mode": "Partial", "Parent Relationship": "Outer", "Parallel Aware": false, "Async Capable": false, "Startup Cost": 51945.49, "Total Cost": 51945.5, "Plan Rows": 1, "Plan Width": 8, "Plans": [{"Node Type": "Nested Loop", "Parent Relationship": "Outer", "Parallel Aware": false, "Async Capable": false, "Join Type": "Inner", "Startup Cost": 1.31, "Total Cost": 6777.5, "Plan Rows": 18067198, "Plan Width": 0, "Inner Unique": false, "Join Filter": "(c.userid = u.id)", "Plans": [{"Node Type": "Nested Loop", "Parent Relationship": "Outer", "Parallel Aware": false, "Async Capable": false, "Join Type": "Inner", "Startup Cost": 1.01, "Total Cost": 4584.49, "Plan Rows": 29790.0, "Plan Width": 12, "Inner Unique": false, "Join Filter": "(p.owneruserid = u.id)", "Plans": [{"Node Type": "Merge Join", "Parent Relationship": "Outer", "Parallel Aware": false, "Async Capable": false, "Join Type": "Inner", "Startup Cost": 0.71, "Total Cost": 2289.31, "Plan Rows": 14335, "Plan Width": 8, "Inner Unique": true, "Merge Cond": "(v.userid = u.id)", "Plans": [{"Node Type": "Index Only Scan", "Parent Relationship": "Outer", "Parallel Aware": true, "Async Capable": false, "Scan Direction": "Forward", "Index Name": "idx_votes_userid", "Relation Name": "votes", "Alias": "v", "Startup Cost": 0.42, "Total Cost": 4261.57, "Plan Rows": 136693, "Plan Width": 4}, {"Node Type": "Index Scan", "Parent Relationship": "Inner", "Parallel Aware": false, "Async Capable": false, "Scan Direction": "Forward", "Index Name": "users_pkey", "Relation Name": "users", "Alias": "u", "Startup Cost": 0.29, "Total Cost": 1558.79, "Plan Rows": 39989, "Plan Width": 4, "Filter": "((views >= 0) AND (creationdate >= '2010-07-27 09:38:05'::timestamp without time zone))"}]}, {"Node Type": "Memoize", "Parent Relationship": "Inner", "Parallel Aware": false, "Async Capable": false, "Startup Cost": 0.3, "Total Cost": 0.48, "Plan Rows": 1, "Plan Width": 4, "Cache Key": "v.userid", "Cache Mode": "logical", "Plans": [{"Node Type": "Index Scan", "Parent Relationship": "Outer", "Parallel Aware": false, "Async Capable": false, "Scan Direction": "Forward", "Index Name": "idx_posts_owneruserid", "Relation Name": "posts", "Alias": "p", "Startup Cost": 0.29, "Total Cost": 0.47, "Plan Rows": 1, "Plan Width": 4, "Index Cond": "(owneruserid = v.userid)", "Filter": "((score >= 0) AND (score <= 14) AND (viewcount >= 0) AND (viewcount <= 10000) AND (answercount >= 0) AND (answercount <= 3) AND (favoritecount >= 0) AND (favoritecount <= 20) AND (creationdate >= '2010-07-27 11:29:20'::timestamp without time zone) AND (creationdate <= '2014-09-13 02:50:15'::timestamp without time zone))"}]}]}, {"Node Type": "Index Scan", "Parent Relationship": "Inner", "Parallel Aware": false, "Async Capable": false, "Scan Direction": "Forward", "Index Name": "idx_comments_userid", "Relation Name": "comments", "Alias": "c", "Startup Cost": 0.29, "Total Cost": 0.57, "Plan Rows": 13, "Plan Width": 4, "Index Cond": "(userid = v.userid)", "Filter": "(creationdate >= '2010-07-27 12:03:40'::timestamp without time zone)"}]}]}]}]}}, {"Plan": {"Node Type": "Aggregate", "Strategy": "Plain", "Partial Mode": "Finalize", "Parallel Aware": false, "Async Capable": false, "Startup Cost": 57757.34, "Total Cost": 57757.35, "Plan Rows": 1, "Plan Width": 8, "Plans": [{"Node Type": "Gather", "Parent Relationship": "Outer", "Parallel Aware": false, "Async Capable": false, "Startup Cost": 57757.12, "Total Cost": 57757.33, "Plan Rows": 2, "Plan Width": 8, "Workers Planned": 2, "Single Copy": false, "Plans": [{"Node Type": "Aggregate", "Strategy": "Plain", "Partial Mode": "Partial", "Parent Relationship": "Outer", "Parallel Aware": false, "Async Capable": false, "Startup Cost": 56757.12, "Total Cost": 56757.13, "Plan Rows": 1, "Plan Width": 8, "Plans": [{"Node Type": "Hash Join", "Parent Relationship": "Outer", "Parallel Aware": true, "Async Capable": false, "Join Type": "Inner", "Startup Cost": 9750.06, "Total Cost": 11589.13, "Plan Rows": 18067198, "Plan Width": 0, "Inner Unique": false, "Hash Cond": "(p.owneruserid = u.id)", "Plans": [{"Node Type": "Merge Join", "Parent Relationship": "Outer", "Parallel Aware": false, "Async Capable": false, "Join Type": "Inner", "Startup Cost": 4208.91, "Total Cost": 5153.21, "Plan Rows": 30501, "Plan Width": 8, "Inner Unique": false, "Merge Cond": "(v.userid = p.owneruserid)", "Plans": [{"Node Type": "Index Only Scan", "Parent Relationship": "Outer", "Parallel Aware": true, "Async Capable": false, "Scan Direction": "Forward", "Index Name": "idx_votes_userid", "Relation Name": "votes", "Alias": "v", "Startup Cost": 0.42, "Total Cost": 4261.57, "Plan Rows": 136693, "Plan Width": 4}, {"Node Type": "Sort", "Parent Relationship": "Inner", "Parallel Aware": false, "Async Capable": false, "Startup Cost": 4208.49, "Total Cost": 4215.06, "Plan Rows": 2629, "Plan Width": 4, "Sort Key": ["p.owneruserid"], "Plans": [{"Node Type": "Seq Scan", "Parent Relationship": "Outer", "Parallel Aware": false, "Async Capable": false, "Relation Name": "posts", "Alias": "p", "Startup Cost": 0.0, "Total Cost": 4059.16, "Plan Rows": 2629, "Plan Width": 4, "Filter": "((score >= 0) AND (score <= 14) AND (viewcount >= 0) AND (viewcount <= 10000) AND (answercount >= 0) AND (answercount <= 3) AND (favoritecount >= 0) AND (favoritecount <= 20) AND (creationdate >= '2010-07-27 11:29:20'::timestamp without time zone) AND (creationdate <= '2014-09-13 02:50:15'::timestamp without time zone))"}]}]}, {"Node Type": "Hash", "Parent Relationship": "Inner", "Parallel Aware": true, "Async Capable": false, "Startup Cost": 4295.61, "Total Cost": 4295.61, "Plan Rows": 99643, "Plan Width": 8, "Plans": [{"Node Type": "Hash Join", "Parent Relationship": "Outer", "Parallel Aware": false, "Async Capable": false, "Join Type": "Inner", "Startup Cost": 1401.74, "Total Cost": 4295.61, "Plan Rows": 99643, "Plan Width": 8, "Inner Unique": true, "Hash Cond": "(c.userid = u.id)", "Plans": [{"Node Type": "Seq Scan", "Parent Relationship": "Outer", "Parallel Aware": true, "Async Capable": false, "Relation Name": "comments", "Alias": "c", "Startup Cost": 0.0, "Total Cost": 2625.65, "Plan Rows": 102170, "Plan Width": 4, "Filter": "(creationdate >= '2010-07-27 12:03:40'::timestamp without time zone)"}, {"Node Type": "Hash", "Parent Relationship": "Inner", "Parallel Aware": false, "Async Capable": false, "Startup Cost": 901.88, "Total Cost": 901.88, "Plan Rows": 39989, "Plan Width": 4, "Plans": [{"Node Type": "Seq Scan", "Parent Relationship": "Outer", "Parallel Aware": false, "Async Capable": false, "Relation Name": "users", "Alias": "u", "Startup Cost": 0.0, "Total Cost": 901.88, "Plan Rows": 39989, "Plan Width": 4, "Filter": "((views >= 0) AND (creationdate >= '2010-07-27 09:38:05'::timestamp without time zone))"}]}]}]}]}]}]}]}}, {"Plan": {"Node Type": "Aggregate", "Strategy": "Plain", "Partial Mode": "Finalize", "Parallel Aware": false, "Async Capable": false, "Startup Cost": 77487.78, "Total Cost": 77487.79, "Plan Rows": 1, "Plan Width": 8, "Plans": [{"Node Type": "Gather", "Parent Relationship": "Outer", "Parallel Aware": false, "Async Capable": false, "Startup Cost": 77487.67, "Total Cost": 77487.78, "Plan Rows": 1, "Plan Width": 8, "Workers Planned": 1, "Single Copy": false, "Plans": [{"Node Type": "Aggregate", "Strategy": "Plain", "Partial Mode": "Partial", "Parent Relationship": "Outer", "Parallel Aware": false, "Async Capable": false, "Startup Cost": 76487.67, "Total Cost": 76487.68, "Plan Rows": 1, "Plan Width": 8, "Plans": [{"Node Type": "Hash Join", "Parent Relationship": "Outer", "Parallel Aware": true, "Async Capable": false, "Join Type": "Inner", "Startup Cost": 8970.02, "Total Cost": 12721.08, "Plan Rows": 25506633, "Plan Width": 0, "Inner Unique": false, "Hash Cond": "(c.userid = u.id)", "Plans": [{"Node Type": "Seq Scan", "Parent Relationship": "Outer", "Parallel Aware": true, "Async Capable": false, "Relation Name": "comments", "Alias": "c", "Startup Cost": 0.0, "Total Cost": 2625.65, "Plan Rows": 102170, "Plan Width": 4, "Filter": "(creationdate >= '2010-07-27 12:03:40'::timestamp without time zone)"}, {"Node Type": "Hash", "Parent Relationship": "Inner", "Parallel Aware": true, "Async Capable": false, "Startup Cost": 8597.66, "Total Cost": 8597.66, "Plan Rows": 29789, "Plan Width": 12, "Plans": [{"Node Type": "Merge Join", "Parent Relationship": "Outer", "Parallel Aware": false, "Async Capable": false, "Join Type": "Inner", "Startup Cost": 4209.2, "Total Cost": 8597.66, "Plan Rows": 29789, "Plan Width": 12, "Inner Unique": false, "Merge Cond": "(v.userid = u.id)", "Plans": [{"Node Type": "Index Only Scan", "Parent Relationship": "Outer", "Parallel Aware": true, "Async Capable": false, "Scan Direction": "Forward", "Index Name": "idx_votes_userid", "Relation Name": "votes", "Alias": "v", "Startup Cost": 0.42, "Total Cost": 4261.57, "Plan Rows": 136693, "Plan Width": 4}, {"Node Type": "Materialize", "Parent Relationship": "Inner", "Parallel Aware": false, "Async Capable": false, "Startup Cost": 4208.78, "Total Cost": 6547.88, "Plan Rows": 2568.0, "Plan Width": 8, "Plans": [{"Node Type": "Merge Join", "Parent Relationship": "Outer", "Parallel Aware": false, "Async Capable": false, "Join Type": "Inner", "Startup Cost": 4208.78, "Total Cost": 5905.88, "Plan Rows": 2568.0, "Plan Width": 8, "Inner Unique": false, "Merge Cond": "(u.id = p.owneruserid)", "Plans": [{"Node Type": "Index Scan", "Parent Relationship": "Outer", "Parallel Aware": false, "Async Capable": false, "Scan Direction": "Forward", "Index Name": "users_pkey", "Relation Name": "users", "Alias": "u", "Startup Cost": 0.29, "Total Cost": 1558.79, "Plan Rows": 39989, "Plan Width": 4, "Filter": "((views >= 0) AND (creationdate >= '2010-07-27 09:38:05'::timestamp without time zone))"}, {"Node Type": "Sort", "Parent Relationship": "Inner", "Parallel Aware": false, "Async Capable": false, "Startup Cost": 4208.49, "Total Cost": 4215.06, "Plan Rows": 2629, "Plan Width": 4, "Sort Key": ["p.owneruserid"], "Plans": [{"Node Type": "Seq Scan", "Parent Relationship": "Outer", "Parallel Aware": false, "Async Capable": false, "Relation Name": "posts", "Alias": "p", "Startup Cost": 0.0, "Total Cost": 4059.16, "Plan Rows": 2629, "Plan Width": 4, "Filter": "((score >= 0) AND (score <= 14) AND (viewcount >= 0) AND (viewcount <= 10000) AND (answercount >= 0) AND (answercount <= 3) AND (favoritecount >= 0) AND (favoritecount <= 20) AND (creationdate >= '2010-07-27 11:29:20'::timestamp without time zone) AND (creationdate <= '2014-09-13 02:50:15'::timestamp without time zone))"}]}]}]}]}]}]}]}]}]}}]