[{"Plan": {"Node Type": "Aggregate", "Strategy": "Plain", "Partial Mode": "Simple", "Parallel Aware": false, "Async Capable": false, "Startup Cost": 1251.65, "Total Cost": 1251.66, "Plan Rows": 1, "Plan Width": 8, "Plans": [{"Node Type": "Nested Loop", "Parent Relationship": "Outer", "Parallel Aware": false, "Async Capable": false, "Join Type": "Inner", "Startup Cost": 0.72, "Total Cost": 1251.62, "Plan Rows": 10, "Plan Width": 0, "Inner Unique": false, "Join Filter": "(c.userid = u.id)", "Plans": [{"Node Type": "Nested Loop", "Parent Relationship": "Outer", "Parallel Aware": false, "Async Capable": false, "Join Type": "Inner", "Startup Cost": 0.42, "Total Cost": 1247.41, "Plan Rows": 1, "Plan Width": 8, "Inner Unique": false, "Plans": [{"Node Type": "Seq Scan", "Parent Relationship": "Outer", "Parallel Aware": false, "Async Capable": false, "Relation Name": "users", "Alias": "u", "Startup Cost": 0.0, "Total Cost": 901.88, "Plan Rows": 14, "Plan Width": 4, "Filter": "((creationdate <= '2012-04-19 22:25:26'::timestamp without time zone) AND (upvotes = 17))"}, {"Node Type": "Index Scan", "Parent Relationship": "Inner", "Parallel Aware": false, "Async Capable": false, "Scan Direction": "Forward", "Index Name": "idx_votes_userid", "Relation Name": "votes", "Alias": "v", "Startup Cost": 0.42, "Total Cost": 24.67, "Plan Rows": 1, "Plan Width": 4, "Index Cond": "(userid = u.id)", "Filter": "(bountyamount <= 130)"}]}, {"Node Type": "Index Scan", "Parent Relationship": "Inner", "Parallel Aware": false, "Async Capable": false, "Scan Direction": "Forward", "Index Name": "idx_comments_userid", "Relation Name": "comments", "Alias": "c", "Startup Cost": 0.29, "Total Cost": 4.12, "Plan Rows": 7, "Plan Width": 4, "Index Cond": "(userid = v.userid)", "Filter": "((creationdate >= '2011-03-22 14:18:33'::timestamp without time zone) AND (creationdate <= '2013-08-31 13:07:31'::timestamp without time zone))"}]}]}}]