[{"Plan": {"Node Type": "Aggregate", "Strategy": "Plain", "Partial Mode": "Simple", "Parallel Aware": false, "Async Capable": false, "Startup Cost": 1120.42, "Total Cost": 1120.43, "Plan Rows": 1, "Plan Width": 8, "Plans": [{"Node Type": "Nested Loop", "Parent Relationship": "Outer", "Parallel Aware": false, "Async Capable": false, "Join Type": "Inner", "Startup Cost": 0.71, "Total Cost": 1119.94, "Plan Rows": 191, "Plan Width": 0, "Inner Unique": false, "Plans": [{"Node Type": "Nested Loop", "Parent Relationship": "Outer", "Parallel Aware": false, "Async Capable": false, "Join Type": "Inner", "Startup Cost": 0.29, "Total Cost": 1118.32, "Plan Rows": 1, "Plan Width": 8, "Inner Unique": false, "Plans": [{"Node Type": "Seq Scan", "Parent Relationship": "Outer", "Parallel Aware": false, "Async Capable": false, "Relation Name": "users", "Alias": "u", "Startup Cost": 0.0, "Total Cost": 1103.5, "Plan Rows": 1, "Plan Width": 4, "Filter": "((views >= 99) AND (upvotes >= 783) AND (creationdate >= '2013-01-12 05:41:14'::timestamp without time zone) AND (creationdate <= '2013-08-31 03:28:40'::timestamp without time zone))"}, {"Node Type": "Index Scan", "Parent Relationship": "Inner", "Parallel Aware": false, "Async Capable": false, "Scan Direction": "Forward", "Index Name": "idx_posts_owneruserid", "Relation Name": "posts", "Alias": "p", "Startup Cost": 0.29, "Total Cost": 14.81, "Plan Rows": 1, "Plan Width": 4, "Index Cond": "(owneruserid = u.id)", "Filter": "(favoritecount <= 177)"}]}, {"Node Type": "Index Scan", "Parent Relationship": "Inner", "Parallel Aware": false, "Async Capable": false, "Scan Direction": "Forward", "Index Name": "idx_posthistory_userid", "Relation Name": "posthistory", "Alias": "ph", "Startup Cost": 0.42, "Total Cost": 1.48, "Plan Rows": 14, "Plan Width": 4, "Index Cond": "(userid = p.owneruserid)", "Filter": "(creationdate >= '2009-07-16 00:54:42'::timestamp without time zone)"}]}]}}, {"Plan": {"Node Type": "Aggregate", "Strategy": "Plain", "Partial Mode": "Simple", "Parallel Aware": false, "Async Capable": false, "Startup Cost": 1119.99, "Total Cost": 1120.0, "Plan Rows": 1, "Plan Width": 8, "Plans": [{"Node Type": "Nested Loop", "Parent Relationship": "Outer", "Parallel Aware": false, "Async Capable": false, "Join Type": "Inner", "Startup Cost": 0.71, "Total Cost": 1119.94, "Plan Rows": 190.0, "Plan Width": 0, "Inner Unique": false, "Plans": [{"Node Type": "Nested Loop", "Parent Relationship": "Outer", "Parallel Aware": false, "Async Capable": false, "Join Type": "Inner", "Startup Cost": 0.29, "Total Cost": 1118.32, "Plan Rows": 1, "Plan Width": 8, "Inner Unique": false, "Plans": [{"Node Type": "Seq Scan", "Parent Relationship": "Outer", "Parallel Aware": false, "Async Capable": false, "Relation Name": "users", "Alias": "u", "Startup Cost": 0.0, "Total Cost": 1103.5, "Plan Rows": 1, "Plan Width": 4, "Filter": "((views >= 99) AND (upvotes >= 783) AND (creationdate >= '2013-01-12 05:41:14'::timestamp without time zone) AND (creationdate <= '2013-08-31 03:28:40'::timestamp without time zone))"}, {"Node Type": "Index Scan", "Parent Relationship": "Inner", "Parallel Aware": false, "Async Capable": false, "Scan Direction": "Forward", "Index Name": "idx_posts_owneruserid", "Relation Name": "posts", "Alias": "p", "Startup Cost": 0.29, "Total Cost": 14.81, "Plan Rows": 1, "Plan Width": 4, "Index Cond": "(owneruserid = u.id)", "Filter": "(favoritecount <= 177)"}]}, {"Node Type": "Index Scan", "Parent Relationship": "Inner", "Parallel Aware": false, "Async Capable": false, "Scan Direction": "Forward", "Index Name": "idx_posthistory_userid", "Relation Name": "posthistory", "Alias": "ph", "Startup Cost": 0.42, "Total Cost": 1.48, "Plan Rows": 14, "Plan Width": 4, "Index Cond": "(userid = p.owneruserid)", "Filter": "(creationdate >= '2009-07-16 00:54:42'::timestamp without time zone)"}]}]}}]