[{"Plan": {"Node Type": "Aggregate", "Strategy": "Plain", "Partial Mode": "Simple", "Parallel Aware": false, "Async Capable": false, "Startup Cost": 2286.62, "Total Cost": 2286.63, "Plan Rows": 1, "Plan Width": 8, "Plans": [{"Node Type": "Nested Loop", "Parent Relationship": "Outer", "Parallel Aware": false, "Async Capable": false, "Join Type": "Inner", "Startup Cost": 1383.24, "Total Cost": 2065.7, "Plan Rows": 88370, "Plan Width": 0, "Inner Unique": false, "Join Filter": "(ph.userid = u.id)", "Plans": [{"Node Type": "Merge Join", "Parent Relationship": "Outer", "Parallel Aware": false, "Async Capable": false, "Join Type": "Inner", "Startup Cost": 1382.82, "Total Cost": 1998.5, "Plan Rows": 79, "Plan Width": 12, "Inner Unique": true, "Merge Cond": "(v.userid = u.id)", "Plans": [{"Node Type": "Merge Join", "Parent Relationship": "Outer", "Parallel Aware": false, "Async Capable": false, "Join Type": "Inner", "Startup Cost": 0.72, "Total Cost": 5695.69, "Plan Rows": 20571, "Plan Width": 8, "Inner Unique": false, "Merge Cond": "(v.userid = c.userid)", "Plans": [{"Node Type": "Index Scan", "Parent Relationship": "Outer", "Parallel Aware": false, "Async Capable": false, "Scan Direction": "Forward", "Index Name": "idx_votes_userid", "Relation Name": "votes", "Alias": "v", "Startup Cost": 0.42, "Total Cost": 14062.79, "Plan Rows": 644, "Plan Width": 4, "Filter": "((bountyamount >= 0) AND (creationdate >= '2013-07-26 00:00:00'::timestamp without time zone) AND (creationdate <= '2014-09-08 00:00:00'::timestamp without time zone))"}, {"Node Type": "Index Only Scan", "Parent Relationship": "Inner", "Parallel Aware": false, "Async Capable": false, "Scan Direction": "Forward", "Index Name": "idx_comments_userid", "Relation Name": "comments", "Alias": "c", "Startup Cost": 0.29, "Total Cost": 3568.78, "Plan Rows": 174305, "Plan Width": 4}]}, {"Node Type": "Sort", "Parent Relationship": "Inner", "Parallel Aware": false, "Async Capable": false, "Startup Cost": 1382.1, "Total Cost": 1385.76, "Plan Rows": 1464, "Plan Width": 4, "Sort Key": ["u.id"], "Plans": [{"Node Type": "Seq Scan", "Parent Relationship": "Outer", "Parallel Aware": false, "Async Capable": false, "Relation Name": "users", "Alias": "u", "Startup Cost": 0.0, "Total Cost": 1305.12, "Plan Rows": 1464, "Plan Width": 4, "Filter": "((reputation >= 3) AND (views >= 0) AND (views <= 10000) AND (creationdate >= '2010-09-28 19:29:11'::timestamp without time zone) AND (creationdate <= '2011-08-14 05:29:30'::timestamp without time zone) AND (upvotes = 0))"}]}]}, {"Node Type": "Index Only Scan", "Parent Relationship": "Inner", "Parallel Aware": false, "Async Capable": false, "Scan Direction": "Forward", "Index Name": "idx_posthistory_userid", "Relation Name": "posthistory", "Alias": "ph", "Startup Cost": 0.42, "Total Cost": 0.68, "Plan Rows": 14, "Plan Width": 4, "Index Cond": "(userid = c.userid)"}]}]}}, {"Plan": {"Node Type": "Aggregate", "Strategy": "Plain", "Partial Mode": "Finalize", "Parallel Aware": false, "Async Capable": false, "Startup Cost": 15933.24, "Total Cost": 15933.25, "Plan Rows": 1, "Plan Width": 8, "Plans": [{"Node Type": "Gather", "Parent Relationship": "Outer", "Parallel Aware": false, "Async Capable": false, "Startup Cost": 15933.13, "Total Cost": 15933.24, "Plan Rows": 0.01, "Plan Width": 8, "Workers Planned": 1, "Single Copy": false, "Plans": [{"Node Type": "Aggregate", "Strategy": "Plain", "Partial Mode": "Partial", "Parent Relationship": "Outer", "Parallel Aware": false, "Async Capable": false, "Startup Cost": 14933.13, "Total Cost": 14933.14, "Plan Rows": 1, "Plan Width": 8, "Plans": [{"Node Type": "Nested Loop", "Parent Relationship": "Outer", "Parallel Aware": false, "Async Capable": false, "Join Type": "Inner", "Startup Cost": 1383.24, "Total Cost": 1937.54, "Plan Rows": 51982.35, "Plan Width": 0, "Inner Unique": false, "Join Filter": "(ph.userid = u.id)", "Plans": [{"Node Type": "Merge Join", "Parent Relationship": "Outer", "Parallel Aware": false, "Async Capable": false, "Join Type": "Inner", "Startup Cost": 1382.82, "Total Cost": 1898.41, "Plan Rows": 46, "Plan Width": 12, "Inner Unique": true, "Merge Cond": "(v.userid = u.id)", "Plans": [{"Node Type": "Merge Join", "Parent Relationship": "Outer", "Parallel Aware": false, "Async Capable": false, "Join Type": "Inner", "Startup Cost": 0.72, "Total Cost": 4771.29, "Plan Rows": 12101, "Plan Width": 8, "Inner Unique": false, "Merge Cond": "(c.userid = v.userid)", "Plans": [{"Node Type": "Index Only Scan", "Parent Relationship": "Outer", "Parallel Aware": true, "Async Capable": false, "Scan Direction": "Forward", "Index Name": "idx_comments_userid", "Relation Name": "comments", "Alias": "c", "Startup Cost": 0.29, "Total Cost": 2851.06, "Plan Rows": 102532, "Plan Width": 4}, {"Node Type": "Materialize", "Parent Relationship": "Inner", "Parallel Aware": false, "Async Capable": false, "Startup Cost": 0.42, "Total Cost": 14064.4, "Plan Rows": 644, "Plan Width": 4, "Plans": [{"Node Type": "Index Scan", "Parent Relationship": "Outer", "Parallel Aware": false, "Async Capable": false, "Scan Direction": "Forward", "Index Name": "idx_votes_userid", "Relation Name": "votes", "Alias": "v", "Startup Cost": 0.42, "Total Cost": 14062.79, "Plan Rows": 644, "Plan Width": 4, "Filter": "((bountyamount >= 0) AND (creationdate >= '2013-07-26 00:00:00'::timestamp without time zone) AND (creationdate <= '2014-09-08 00:00:00'::timestamp without time zone))"}]}]}, {"Node Type": "Sort", "Parent Relationship": "Inner", "Parallel Aware": false, "Async Capable": false, "Startup Cost": 1382.1, "Total Cost": 1385.76, "Plan Rows": 1464, "Plan Width": 4, "Sort Key": ["u.id"], "Plans": [{"Node Type": "Seq Scan", "Parent Relationship": "Outer", "Parallel Aware": false, "Async Capable": false, "Relation Name": "users", "Alias": "u", "Startup Cost": 0.0, "Total Cost": 1305.12, "Plan Rows": 1464, "Plan Width": 4, "Filter": "((reputation >= 3) AND (views >= 0) AND (views <= 10000) AND (creationdate >= '2010-09-28 19:29:11'::timestamp without time zone) AND (creationdate <= '2011-08-14 05:29:30'::timestamp without time zone) AND (upvotes = 0))"}]}]}, {"Node Type": "Index Only Scan", "Parent Relationship": "Inner", "Parallel Aware": false, "Async Capable": false, "Scan Direction": "Forward", "Index Name": "idx_posthistory_userid", "Relation Name": "posthistory", "Alias": "ph", "Startup Cost": 0.42, "Total Cost": 0.68, "Plan Rows": 14, "Plan Width": 4, "Index Cond": "(userid = c.userid)"}]}]}]}]}}, {"Plan": {"Node Type": "Aggregate", "Strategy": "Plain", "Partial Mode": "Simple", "Parallel Aware": false, "Async Capable": false, "Startup Cost": 4788.25, "Total Cost": 4788.26, "Plan Rows": 1, "Plan Width": 8, "Plans": [{"Node Type": "Merge Join", "Parent Relationship": "Outer", "Parallel Aware": false, "Async Capable": false, "Join Type": "Inner", "Startup Cost": 3633.09, "Total Cost": 4567.33, "Plan Rows": 88370, "Plan Width": 0, "Inner Unique": false, "Merge Cond": "(v.userid = u.id)", "Plans": [{"Node Type": "Merge Join", "Parent Relationship": "Outer", "Parallel Aware": false, "Async Capable": false, "Join Type": "Inner", "Startup Cost": 0.84, "Total Cost": 8434.73, "Plan Rows": 26547, "Plan Width": 8, "Inner Unique": false, "Merge Cond": "(v.userid = ph.userid)", "Plans": [{"Node Type": "Index Scan", "Parent Relationship": "Outer", "Parallel Aware": false, "Async Capable": false, "Scan Direction": "Forward", "Index Name": "idx_votes_userid", "Relation Name": "votes", "Alias": "v", "Startup Cost": 0.42, "Total Cost": 14062.79, "Plan Rows": 644, "Plan Width": 4, "Filter": "((bountyamount >= 0) AND (creationdate >= '2013-07-26 00:00:00'::timestamp without time zone) AND (creationdate <= '2014-09-08 00:00:00'::timestamp without time zone))"}, {"Node Type": "Index Only Scan", "Parent Relationship": "Inner", "Parallel Aware": false, "Async Capable": false, "Scan Direction": "Forward", "Index Name": "idx_posthistory_userid", "Relation Name": "posthistory", "Alias": "ph", "Startup Cost": 0.42, "Total Cost": 5925.85, "Plan Rows": 303187, "Plan Width": 4}]}, {"Node Type": "Sort", "Parent Relationship": "Inner", "Parallel Aware": false, "Async Capable": false, "Startup Cost": 3632.25, "Total Cost": 3647.81, "Plan Rows": 6223, "Plan Width": 8, "Sort Key": ["c.userid"], "Plans": [{"Node Type": "Nested Loop", "Parent Relationship": "Outer", "Parallel Aware": false, "Async Capable": false, "Join Type": "Inner", "Startup Cost": 0.29, "Total Cost": 3240.09, "Plan Rows": 6223, "Plan Width": 8, "Inner Unique": false, "Plans": [{"Node Type": "Seq Scan", "Parent Relationship": "Outer", "Parallel Aware": false, "Async Capable": false, "Relation Name": "users", "Alias": "u", "Startup Cost": 0.0, "Total Cost": 1305.12, "Plan Rows": 1464, "Plan Width": 4, "Filter": "((reputation >= 3) AND (views >= 0) AND (views <= 10000) AND (creationdate >= '2010-09-28 19:29:11'::timestamp without time zone) AND (creationdate <= '2011-08-14 05:29:30'::timestamp without time zone) AND (upvotes = 0))"}, {"Node Type": "Index Only Scan", "Parent Relationship": "Inner", "Parallel Aware": false, "Async Capable": false, "Scan Direction": "Forward", "Index Name": "idx_comments_userid", "Relation Name": "comments", "Alias": "c", "Startup Cost": 0.29, "Total Cost": 1.19, "Plan Rows": 13, "Plan Width": 4, "Index Cond": "(userid = u.id)"}]}]}]}]}}]