[{"Plan": {"Node Type": "Aggregate", "Strategy": "Plain", "Partial Mode": "Simple", "Parallel Aware": false, "Async Capable": false, "Startup Cost": 4144.19, "Total Cost": 4144.2, "Plan Rows": 1, "Plan Width": 8, "Plans": [{"Node Type": "Nested Loop", "Parent Relationship": "Outer", "Parallel Aware": false, "Async Capable": false, "Join Type": "Inner", "Startup Cost": 1001.0, "Total Cost": 4144.18, "Plan Rows": 5, "Plan Width": 0, "Inner Unique": false, "Plans": [{"Node Type": "Gather", "Parent Relationship": "Outer", "Parallel Aware": false, "Async Capable": false, "Startup Cost": 1000.71, "Total Cost": 4143.76, "Plan Rows": 1, "Plan Width": 12, "Workers Planned": 1, "Single Copy": false, "Plans": [{"Node Type": "Nested Loop", "Parent Relationship": "Outer", "Parallel Aware": false, "Async Capable": false, "Join Type": "Inner", "Startup Cost": 0.71, "Total Cost": 3143.66, "Plan Rows": 1, "Plan Width": 12, "Inner Unique": false, "Plans": [{"Node Type": "Nested Loop", "Parent Relationship": "Outer", "Parallel Aware": false, "Async Capable": false, "Join Type": "Inner", "Startup Cost": 0.29, "Total Cost": 3142.62, "Plan Rows": 1, "Plan Width": 8, "Inner Unique": true, "Plans": [{"Node Type": "Seq Scan", "Parent Relationship": "Outer", "Parallel Aware": true, "Async Capable": false, "Relation Name": "comments", "Alias": "c", "Startup Cost": 0.0, "Total Cost": 3138.32, "Plan Rows": 1, "Plan Width": 4, "Filter": "((creationdate >= '2010-08-27 15:58:41'::timestamp without time zone) AND (creationdate <= '2013-05-31 02:29:49'::timestamp without time zone) AND (score = 16))"}, {"Node Type": "Index Only Scan", "Parent Relationship": "Inner", "Parallel Aware": false, "Async Capable": false, "Scan Direction": "Forward", "Index Name": "users_pkey", "Relation Name": "users", "Alias": "u", "Startup Cost": 0.29, "Total Cost": 4.31, "Plan Rows": 1, "Plan Width": 4, "Index Cond": "(id = c.userid)"}]}, {"Node Type": "Index Scan", "Parent Relationship": "Inner", "Parallel Aware": false, "Async Capable": false, "Scan Direction": "Forward", "Index Name": "idx_posthistory_userid", "Relation Name": "posthistory", "Alias": "ph", "Startup Cost": 0.42, "Total Cost": 1.03, "Plan Rows": 1, "Plan Width": 4, "Index Cond": "(userid = u.id)", "Filter": "((creationdate >= '2011-07-20 18:21:54'::timestamp without time zone) AND (creationdate <= '2013-08-11 02:16:59'::timestamp without time zone) AND (posthistorytypeid = 8))"}]}]}, {"Node Type": "Index Scan", "Parent Relationship": "Inner", "Parallel Aware": false, "Async Capable": false, "Scan Direction": "Forward", "Index Name": "idx_badges_userid", "Relation Name": "badges", "Alias": "b", "Startup Cost": 0.29, "Total Cost": 0.41, "Plan Rows": 1, "Plan Width": 4, "Index Cond": "(userid = u.id)", "Filter": "(date <= '2011-01-16 00:14:05'::timestamp without time zone)"}]}]}}, {"Plan": {"Node Type": "Aggregate", "Strategy": "Plain", "Partial Mode": "Simple", "Parallel Aware": false, "Async Capable": false, "Startup Cost": 4144.13, "Total Cost": 4144.14, "Plan Rows": 1, "Plan Width": 8, "Plans": [{"Node Type": "Gather", "Parent Relationship": "Outer", "Parallel Aware": false, "Async Capable": false, "Startup Cost": 1001.0, "Total Cost": 4144.13, "Plan Rows": 0.0, "Plan Width": 0, "Workers Planned": 1, "Single Copy": false, "Plans": [{"Node Type": "Nested Loop", "Parent Relationship": "Outer", "Parallel Aware": false, "Async Capable": false, "Join Type": "Inner", "Startup Cost": 1.0, "Total Cost": 3144.08, "Plan Rows": 10.0, "Plan Width": 0, "Inner Unique": false, "Plans": [{"Node Type": "Nested Loop", "Parent Relationship": "Outer", "Parallel Aware": false, "Async Capable": false, "Join Type": "Inner", "Startup Cost": 0.71, "Total Cost": 3143.66, "Plan Rows": 1, "Plan Width": 12, "Inner Unique": false, "Plans": [{"Node Type": "Nested Loop", "Parent Relationship": "Outer", "Parallel Aware": false, "Async Capable": false, "Join Type": "Inner", "Startup Cost": 0.29, "Total Cost": 3142.62, "Plan Rows": 1, "Plan Width": 8, "Inner Unique": true, "Plans": [{"Node Type": "Seq Scan", "Parent Relationship": "Outer", "Parallel Aware": true, "Async Capable": false, "Relation Name": "comments", "Alias": "c", "Startup Cost": 0.0, "Total Cost": 3138.32, "Plan Rows": 1, "Plan Width": 4, "Filter": "((creationdate >= '2010-08-27 15:58:41'::timestamp without time zone) AND (creationdate <= '2013-05-31 02:29:49'::timestamp without time zone) AND (score = 16))"}, {"Node Type": "Index Only Scan", "Parent Relationship": "Inner", "Parallel Aware": false, "Async Capable": false, "Scan Direction": "Forward", "Index Name": "users_pkey", "Relation Name": "users", "Alias": "u", "Startup Cost": 0.29, "Total Cost": 4.31, "Plan Rows": 1, "Plan Width": 4, "Index Cond": "(id = c.userid)"}]}, {"Node Type": "Index Scan", "Parent Relationship": "Inner", "Parallel Aware": false, "Async Capable": false, "Scan Direction": "Forward", "Index Name": "idx_posthistory_userid", "Relation Name": "posthistory", "Alias": "ph", "Startup Cost": 0.42, "Total Cost": 1.03, "Plan Rows": 1, "Plan Width": 4, "Index Cond": "(userid = u.id)", "Filter": "((creationdate >= '2011-07-20 18:21:54'::timestamp without time zone) AND (creationdate <= '2013-08-11 02:16:59'::timestamp without time zone) AND (posthistorytypeid = 8))"}]}, {"Node Type": "Index Scan", "Parent Relationship": "Inner", "Parallel Aware": false, "Async Capable": false, "Scan Direction": "Forward", "Index Name": "idx_badges_userid", "Relation Name": "badges", "Alias": "b", "Startup Cost": 0.29, "Total Cost": 0.41, "Plan Rows": 1, "Plan Width": 4, "Index Cond": "(userid = u.id)", "Filter": "(date <= '2011-01-16 00:14:05'::timestamp without time zone)"}]}]}]}}, {"Plan": {"Node Type": "Aggregate", "Strategy": "Plain", "Partial Mode": "Finalize", "Parallel Aware": false, "Async Capable": false, "Startup Cost": 4144.93, "Total Cost": 4144.94, "Plan Rows": 1, "Plan Width": 8, "Plans": [{"Node Type": "Gather", "Parent Relationship": "Outer", "Parallel Aware": false, "Async Capable": false, "Startup Cost": 4144.81, "Total Cost": 4144.92, "Plan Rows": 0.01, "Plan Width": 8, "Workers Planned": 1, "Single Copy": false, "Plans": [{"Node Type": "Aggregate", "Strategy": "Plain", "Partial Mode": "Partial", "Parent Relationship": "Outer", "Parallel Aware": false, "Async Capable": false, "Startup Cost": 3144.81, "Total Cost": 3144.82, "Plan Rows": 1, "Plan Width": 8, "Plans": [{"Node Type": "Nested Loop", "Parent Relationship": "Outer", "Parallel Aware": false, "Async Capable": false, "Join Type": "Inner", "Startup Cost": 1.0, "Total Cost": 3144.08, "Plan Rows": 2.94, "Plan Width": 0, "Inner Unique": false, "Plans": [{"Node Type": "Nested Loop", "Parent Relationship": "Outer", "Parallel Aware": false, "Async Capable": false, "Join Type": "Inner", "Startup Cost": 0.71, "Total Cost": 3143.66, "Plan Rows": 1, "Plan Width": 12, "Inner Unique": false, "Plans": [{"Node Type": "Nested Loop", "Parent Relationship": "Outer", "Parallel Aware": false, "Async Capable": false, "Join Type": "Inner", "Startup Cost": 0.29, "Total Cost": 3142.62, "Plan Rows": 1, "Plan Width": 8, "Inner Unique": true, "Plans": [{"Node Type": "Seq Scan", "Parent Relationship": "Outer", "Parallel Aware": true, "Async Capable": false, "Relation Name": "comments", "Alias": "c", "Startup Cost": 0.0, "Total Cost": 3138.32, "Plan Rows": 1, "Plan Width": 4, "Filter": "((creationdate >= '2010-08-27 15:58:41'::timestamp without time zone) AND (creationdate <= '2013-05-31 02:29:49'::timestamp without time zone) AND (score = 16))"}, {"Node Type": "Index Only Scan", "Parent Relationship": "Inner", "Parallel Aware": false, "Async Capable": false, "Scan Direction": "Forward", "Index Name": "users_pkey", "Relation Name": "users", "Alias": "u", "Startup Cost": 0.29, "Total Cost": 4.31, "Plan Rows": 1, "Plan Width": 4, "Index Cond": "(id = c.userid)"}]}, {"Node Type": "Index Scan", "Parent Relationship": "Inner", "Parallel Aware": false, "Async Capable": false, "Scan Direction": "Forward", "Index Name": "idx_posthistory_userid", "Relation Name": "posthistory", "Alias": "ph", "Startup Cost": 0.42, "Total Cost": 1.03, "Plan Rows": 1, "Plan Width": 4, "Index Cond": "(userid = u.id)", "Filter": "((creationdate >= '2011-07-20 18:21:54'::timestamp without time zone) AND (creationdate <= '2013-08-11 02:16:59'::timestamp without time zone) AND (posthistorytypeid = 8))"}]}, {"Node Type": "Index Scan", "Parent Relationship": "Inner", "Parallel Aware": false, "Async Capable": false, "Scan Direction": "Forward", "Index Name": "idx_badges_userid", "Relation Name": "badges", "Alias": "b", "Startup Cost": 0.29, "Total Cost": 0.41, "Plan Rows": 1, "Plan Width": 4, "Index Cond": "(userid = u.id)", "Filter": "(date <= '2011-01-16 00:14:05'::timestamp without time zone)"}]}]}]}]}}, {"Plan": {"Node Type": "Aggregate", "Strategy": "Plain", "Partial Mode": "Simple", "Parallel Aware": false, "Async Capable": false, "Startup Cost": 4144.09, "Total Cost": 4144.1, "Plan Rows": 1, "Plan Width": 8, "Plans": [{"Node Type": "Nested Loop", "Parent Relationship": "Outer", "Parallel Aware": false, "Async Capable": false, "Join Type": "Inner", "Startup Cost": 1001.0, "Total Cost": 4144.08, "Plan Rows": 5, "Plan Width": 0, "Inner Unique": false, "Plans": [{"Node Type": "Gather", "Parent Relationship": "Outer", "Parallel Aware": false, "Async Capable": false, "Startup Cost": 1000.71, "Total Cost": 4143.67, "Plan Rows": 0.0, "Plan Width": 12, "Workers Planned": 1, "Single Copy": false, "Plans": [{"Node Type": "Nested Loop", "Parent Relationship": "Outer", "Parallel Aware": false, "Async Capable": false, "Join Type": "Inner", "Startup Cost": 0.71, "Total Cost": 3143.66, "Plan Rows": 10.0, "Plan Width": 12, "Inner Unique": false, "Plans": [{"Node Type": "Nested Loop", "Parent Relationship": "Outer", "Parallel Aware": false, "Async Capable": false, "Join Type": "Inner", "Startup Cost": 0.29, "Total Cost": 3142.62, "Plan Rows": 1, "Plan Width": 8, "Inner Unique": true, "Plans": [{"Node Type": "Seq Scan", "Parent Relationship": "Outer", "Parallel Aware": true, "Async Capable": false, "Relation Name": "comments", "Alias": "c", "Startup Cost": 0.0, "Total Cost": 3138.32, "Plan Rows": 1, "Plan Width": 4, "Filter": "((creationdate >= '2010-08-27 15:58:41'::timestamp without time zone) AND (creationdate <= '2013-05-31 02:29:49'::timestamp without time zone) AND (score = 16))"}, {"Node Type": "Index Only Scan", "Parent Relationship": "Inner", "Parallel Aware": false, "Async Capable": false, "Scan Direction": "Forward", "Index Name": "users_pkey", "Relation Name": "users", "Alias": "u", "Startup Cost": 0.29, "Total Cost": 4.31, "Plan Rows": 1, "Plan Width": 4, "Index Cond": "(id = c.userid)"}]}, {"Node Type": "Index Scan", "Parent Relationship": "Inner", "Parallel Aware": false, "Async Capable": false, "Scan Direction": "Forward", "Index Name": "idx_posthistory_userid", "Relation Name": "posthistory", "Alias": "ph", "Startup Cost": 0.42, "Total Cost": 1.03, "Plan Rows": 1, "Plan Width": 4, "Index Cond": "(userid = u.id)", "Filter": "((creationdate >= '2011-07-20 18:21:54'::timestamp without time zone) AND (creationdate <= '2013-08-11 02:16:59'::timestamp without time zone) AND (posthistorytypeid = 8))"}]}]}, {"Node Type": "Index Scan", "Parent Relationship": "Inner", "Parallel Aware": false, "Async Capable": false, "Scan Direction": "Forward", "Index Name": "idx_badges_userid", "Relation Name": "badges", "Alias": "b", "Startup Cost": 0.29, "Total Cost": 0.41, "Plan Rows": 1, "Plan Width": 4, "Index Cond": "(userid = u.id)", "Filter": "(date <= '2011-01-16 00:14:05'::timestamp without time zone)"}]}]}}, {"Plan": {"Node Type": "Aggregate", "Strategy": "Plain", "Partial Mode": "Simple", "Parallel Aware": false, "Async Capable": false, "Startup Cost": 2984.7, "Total Cost": 2984.71, "Plan Rows": 1, "Plan Width": 8, "Plans": [{"Node Type": "Nested Loop", "Parent Relationship": "Outer", "Parallel Aware": false, "Async Capable": false, "Join Type": "Inner", "Startup Cost": 1205.03, "Total Cost": 2984.69, "Plan Rows": 5, "Plan Width": 0, "Inner Unique": false, "Plans": [{"Node Type": "Nested Loop", "Parent Relationship": "Outer", "Parallel Aware": false, "Async Capable": false, "Join Type": "Inner", "Startup Cost": 1204.61, "Total Cost": 2975.35, "Plan Rows": 9, "Plan Width": 12, "Inner Unique": false, "Plans": [{"Node Type": "Hash Join", "Parent Relationship": "Outer", "Parallel Aware": false, "Async Capable": false, "Join Type": "Inner", "Startup Cost": 1204.31, "Total Cost": 2645.52, "Plan Rows": 4220.0, "Plan Width": 8, "Inner Unique": true, "Hash Cond": "(b.userid = u.id)", "Plans": [{"Node Type": "Seq Scan", "Parent Relationship": "Outer", "Parallel Aware": false, "Async Capable": false, "Relation Name": "badges", "Alias": "b", "Startup Cost": 0.0, "Total Cost": 1430.14, "Plan Rows": 4219, "Plan Width": 4, "Filter": "(date <= '2011-01-16 00:14:05'::timestamp without time zone)"}, {"Node Type": "Hash", "Parent Relationship": "Inner", "Parallel Aware": false, "Async Capable": false, "Startup Cost": 700.25, "Total Cost": 700.25, "Plan Rows": 40325, "Plan Width": 4, "Plans": [{"Node Type": "Seq Scan", "Parent Relationship": "Outer", "Parallel Aware": false, "Async Capable": false, "Relation Name": "users", "Alias": "u", "Startup Cost": 0.0, "Total Cost": 700.25, "Plan Rows": 40325, "Plan Width": 4}]}]}, {"Node Type": "Index Scan", "Parent Relationship": "Inner", "Parallel Aware": false, "Async Capable": false, "Scan Direction": "Forward", "Index Name": "idx_comments_userid", "Relation Name": "comments", "Alias": "c", "Startup Cost": 0.29, "Total Cost": 0.77, "Plan Rows": 1, "Plan Width": 4, "Index Cond": "(userid = u.id)", "Filter": "((creationdate >= '2010-08-27 15:58:41'::timestamp without time zone) AND (creationdate <= '2013-05-31 02:29:49'::timestamp without time zone) AND (score = 16))"}]}, {"Node Type": "Index Scan", "Parent Relationship": "Inner", "Parallel Aware": false, "Async Capable": false, "Scan Direction": "Forward", "Index Name": "idx_posthistory_userid", "Relation Name": "posthistory", "Alias": "ph", "Startup Cost": 0.42, "Total Cost": 1.03, "Plan Rows": 1, "Plan Width": 4, "Index Cond": "(userid = u.id)", "Filter": "((creationdate >= '2011-07-20 18:21:54'::timestamp without time zone) AND (creationdate <= '2013-08-11 02:16:59'::timestamp without time zone) AND (posthistorytypeid = 8))"}]}]}}, {"Plan": {"Node Type": "Aggregate", "Strategy": "Plain", "Partial Mode": "Finalize", "Parallel Aware": false, "Async Capable": false, "Startup Cost": 4152.95, "Total Cost": 4152.96, "Plan Rows": 1, "Plan Width": 8, "Plans": [{"Node Type": "Gather", "Parent Relationship": "Outer", "Parallel Aware": false, "Async Capable": false, "Startup Cost": 4152.84, "Total Cost": 4152.95, "Plan Rows": 1, "Plan Width": 8, "Workers Planned": 1, "Single Copy": false, "Plans": [{"Node Type": "Aggregate", "Strategy": "Plain", "Partial Mode": "Partial", "Parent Relationship": "Outer", "Parallel Aware": false, "Async Capable": false, "Startup Cost": 3152.84, "Total Cost": 3152.85, "Plan Rows": 1, "Plan Width": 8, "Plans": [{"Node Type": "Nested Loop", "Parent Relationship": "Outer", "Parallel Aware": false, "Async Capable": false, "Join Type": "Inner", "Startup Cost": 1.0, "Total Cost": 3152.83, "Plan Rows": 3, "Plan Width": 0, "Inner Unique": false, "Plans": [{"Node Type": "Nested Loop", "Parent Relationship": "Outer", "Parallel Aware": false, "Async Capable": false, "Join Type": "Inner", "Startup Cost": 0.58, "Total Cost": 3147.65, "Plan Rows": 5, "Plan Width": 12, "Inner Unique": false, "Plans": [{"Node Type": "Nested Loop", "Parent Relationship": "Outer", "Parallel Aware": false, "Async Capable": false, "Join Type": "Inner", "Startup Cost": 0.29, "Total Cost": 3142.62, "Plan Rows": 1.2, "Plan Width": 8, "Inner Unique": true, "Plans": [{"Node Type": "Seq Scan", "Parent Relationship": "Outer", "Parallel Aware": true, "Async Capable": false, "Relation Name": "comments", "Alias": "c", "Startup Cost": 0.0, "Total Cost": 3138.32, "Plan Rows": 1, "Plan Width": 4, "Filter": "((creationdate >= '2010-08-27 15:58:41'::timestamp without time zone) AND (creationdate <= '2013-05-31 02:29:49'::timestamp without time zone) AND (score = 16))"}, {"Node Type": "Index Only Scan", "Parent Relationship": "Inner", "Parallel Aware": false, "Async Capable": false, "Scan Direction": "Forward", "Index Name": "users_pkey", "Relation Name": "users", "Alias": "u", "Startup Cost": 0.29, "Total Cost": 4.31, "Plan Rows": 1, "Plan Width": 4, "Index Cond": "(id = c.userid)"}]}, {"Node Type": "Index Scan", "Parent Relationship": "Inner", "Parallel Aware": false, "Async Capable": false, "Scan Direction": "Forward", "Index Name": "idx_badges_userid", "Relation Name": "badges", "Alias": "b", "Startup Cost": 0.29, "Total Cost": 0.41, "Plan Rows": 1, "Plan Width": 4, "Index Cond": "(userid = u.id)", "Filter": "(date <= '2011-01-16 00:14:05'::timestamp without time zone)"}]}, {"Node Type": "Index Scan", "Parent Relationship": "Inner", "Parallel Aware": false, "Async Capable": false, "Scan Direction": "Forward", "Index Name": "idx_posthistory_userid", "Relation Name": "posthistory", "Alias": "ph", "Startup Cost": 0.42, "Total Cost": 1.03, "Plan Rows": 1, "Plan Width": 4, "Index Cond": "(userid = u.id)", "Filter": "((creationdate >= '2011-07-20 18:21:54'::timestamp without time zone) AND (creationdate <= '2013-08-11 02:16:59'::timestamp without time zone) AND (posthistorytypeid = 8))"}]}]}]}]}}]