[{"Plan": {"Node Type": "Aggregate", "Strategy": "Plain", "Partial Mode": "Simple", "Parallel Aware": false, "Async Capable": false, "Startup Cost": 2594.74, "Total Cost": 2594.75, "Plan Rows": 1, "Plan Width": 8, "Plans": [{"Node Type": "Nested Loop", "Parent Relationship": "Outer", "Parallel Aware": false, "Async Capable": false, "Join Type": "Inner", "Startup Cost": 1.01, "Total Cost": 2594.12, "Plan Rows": 250, "Plan Width": 0, "Inner Unique": false, "Join Filter": "(ph.userid = u.id)", "Plans": [{"Node Type": "Nested Loop", "Parent Relationship": "Outer", "Parallel Aware": false, "Async Capable": false, "Join Type": "Inner", "Startup Cost": 0.58, "Total Cost": 2592.28, "Plan Rows": 2, "Plan Width": 12, "Inner Unique": false, "Join Filter": "(p.owneruserid = u.id)", "Plans": [{"Node Type": "Nested Loop", "Parent Relationship": "Outer", "Parallel Aware": false, "Async Capable": false, "Join Type": "Inner", "Startup Cost": 0.29, "Total Cost": 1969.81, "Plan Rows": 1212, "Plan Width": 8, "Inner Unique": false, "Plans": [{"Node Type": "Seq Scan", "Parent Relationship": "Outer", "Parallel Aware": false, "Async Capable": false, "Relation Name": "users", "Alias": "u", "Startup Cost": 0.0, "Total Cost": 1204.31, "Plan Rows": 612, "Plan Width": 4, "Filter": "((views >= 0) AND (downvotes >= 1) AND (downvotes <= 10) AND (upvotes >= 0) AND (upvotes <= 40))"}, {"Node Type": "Index Only Scan", "Parent Relationship": "Inner", "Parallel Aware": false, "Async Capable": false, "Scan Direction": "Forward", "Index Name": "idx_badges_userid", "Relation Name": "badges", "Alias": "b", "Startup Cost": 0.29, "Total Cost": 1.22, "Plan Rows": 3, "Plan Width": 4, "Index Cond": "(userid = u.id)"}]}, {"Node Type": "Index Scan", "Parent Relationship": "Inner", "Parallel Aware": false, "Async Capable": false, "Scan Direction": "Forward", "Index Name": "idx_posts_owneruserid", "Relation Name": "posts", "Alias": "p", "Startup Cost": 0.29, "Total Cost": 0.5, "Plan Rows": 1, "Plan Width": 4, "Index Cond": "(owneruserid = b.userid)", "Filter": "((score >= 1) AND (viewcount >= 0) AND (viewcount <= 39097) AND (answercount >= 3) AND (commentcount >= 2) AND (commentcount <= 11) AND (favoritecount <= 10) AND (creationdate >= '2012-08-13 02:18:09'::timestamp without time zone) AND (creationdate <= '2014-09-09 10:20:27'::timestamp without time zone))"}]}, {"Node Type": "Index Scan", "Parent Relationship": "Inner", "Parallel Aware": false, "Async Capable": false, "Scan Direction": "Forward", "Index Name": "idx_posthistory_userid", "Relation Name": "posthistory", "Alias": "ph", "Startup Cost": 0.42, "Total Cost": 0.87, "Plan Rows": 4, "Plan Width": 4, "Index Cond": "(userid = b.userid)", "Filter": "((creationdate >= '2012-09-06 11:41:43'::timestamp without time zone) AND (creationdate <= '2013-09-03 16:41:18'::timestamp without time zone))"}]}]}}, {"Plan": {"Node Type": "Aggregate", "Strategy": "Plain", "Partial Mode": "Simple", "Parallel Aware": false, "Async Capable": false, "Startup Cost": 4337.42, "Total Cost": 4337.43, "Plan Rows": 1, "Plan Width": 8, "Plans": [{"Node Type": "Nested Loop", "Parent Relationship": "Outer", "Parallel Aware": false, "Async Capable": false, "Join Type": "Inner", "Startup Cost": 1.0, "Total Cost": 4336.8, "Plan Rows": 250, "Plan Width": 0, "Inner Unique": false, "Join Filter": "(ph.userid = u.id)", "Plans": [{"Node Type": "Nested Loop", "Parent Relationship": "Outer", "Parallel Aware": false, "Async Capable": false, "Join Type": "Inner", "Startup Cost": 0.58, "Total Cost": 4334.96, "Plan Rows": 2, "Plan Width": 12, "Inner Unique": false, "Plans": [{"Node Type": "Nested Loop", "Parent Relationship": "Outer", "Parallel Aware": false, "Async Capable": false, "Join Type": "Inner", "Startup Cost": 0.29, "Total Cost": 4209.88, "Plan Rows": 1.0, "Plan Width": 8, "Inner Unique": true, "Plans": [{"Node Type": "Seq Scan", "Parent Relationship": "Outer", "Parallel Aware": false, "Async Capable": false, "Relation Name": "posts", "Alias": "p", "Startup Cost": 0.0, "Total Cost": 3829.22, "Plan Rows": 52, "Plan Width": 4, "Filter": "((score >= 1) AND (viewcount >= 0) AND (viewcount <= 39097) AND (answercount >= 3) AND (commentcount >= 2) AND (commentcount <= 11) AND (favoritecount <= 10) AND (creationdate >= '2012-08-13 02:18:09'::timestamp without time zone) AND (creationdate <= '2014-09-09 10:20:27'::timestamp without time zone))"}, {"Node Type": "Index Scan", "Parent Relationship": "Inner", "Parallel Aware": false, "Async Capable": false, "Scan Direction": "Forward", "Index Name": "users_pkey", "Relation Name": "users", "Alias": "u", "Startup Cost": 0.29, "Total Cost": 7.32, "Plan Rows": 1, "Plan Width": 4, "Index Cond": "(id = p.owneruserid)", "Filter": "((views >= 0) AND (downvotes >= 1) AND (downvotes <= 10) AND (upvotes >= 0) AND (upvotes <= 40))"}]}, {"Node Type": "Index Only Scan", "Parent Relationship": "Inner", "Parallel Aware": false, "Async Capable": false, "Scan Direction": "Forward", "Index Name": "idx_badges_userid", "Relation Name": "badges", "Alias": "b", "Startup Cost": 0.29, "Total Cost": 1.22, "Plan Rows": 3, "Plan Width": 4, "Index Cond": "(userid = u.id)"}]}, {"Node Type": "Index Scan", "Parent Relationship": "Inner", "Parallel Aware": false, "Async Capable": false, "Scan Direction": "Forward", "Index Name": "idx_posthistory_userid", "Relation Name": "posthistory", "Alias": "ph", "Startup Cost": 0.42, "Total Cost": 0.87, "Plan Rows": 4, "Plan Width": 4, "Index Cond": "(userid = b.userid)", "Filter": "((creationdate >= '2012-09-06 11:41:43'::timestamp without time zone) AND (creationdate <= '2013-09-03 16:41:18'::timestamp without time zone))"}]}]}}]