[{"Plan": {"Node Type": "Aggregate", "Strategy": "Plain", "Partial Mode": "Finalize", "Parallel Aware": false, "Async Capable": false, "Startup Cost": 826767.76, "Total Cost": 826767.77, "Plan Rows": 1, "Plan Width": 8, "Plans": [{"Node Type": "Gather", "Parent Relationship": "Outer", "Parallel Aware": false, "Async Capable": false, "Startup Cost": 826767.14, "Total Cost": 826767.75, "Plan Rows": 6, "Plan Width": 8, "Workers Planned": 6, "Single Copy": false, "Plans": [{"Node Type": "Aggregate", "Strategy": "Plain", "Partial Mode": "Partial", "Parent Relationship": "Outer", "Parallel Aware": false, "Async Capable": false, "Startup Cost": 825767.14, "Total Cost": 825767.15, "Plan Rows": 1, "Plan Width": 8, "Plans": [{"Node Type": "Nested Loop", "Parent Relationship": "Outer", "Parallel Aware": false, "Async Capable": false, "Join Type": "Inner", "Startup Cost": 41607.42, "Total Cost": 824457.45, "Plan Rows": 523875, "Plan Width": 0, "Inner Unique": false, "Plans": [{"Node Type": "Hash Join", "Parent Relationship": "Outer", "Parallel Aware": true, "Async Capable": false, "Join Type": "Inner", "Startup Cost": 41606.85, "Total Cost": 337353.32, "Plan Rows": 245124, "Plan Width": 4, "Inner Unique": true, "Hash Cond": "(orders.o_custkey = customer.c_custkey)", "Plans": [{"Node Type": "Seq Scan", "Parent Relationship": "Outer", "Parallel Aware": true, "Async Capable": false, "Relation Name": "orders", "Alias": "orders", "Startup Cost": 0.0, "Total Cost": 292521.79, "Plan Rows": 1228446, "Plan Width": 8, "Filter": "(o_orderdate < '1995-03-24'::date)"}, {"Node Type": "Hash", "Parent Relationship": "Inner", "Parallel Aware": true, "Async Capable": false, "Startup Cost": 40671.5, "Total Cost": 40671.5, "Plan Rows": 74828, "Plan Width": 4, "Plans": [{"Node Type": "Seq Scan", "Parent Relationship": "Outer", "Parallel Aware": true, "Async Capable": false, "Relation Name": "customer", "Alias": "customer", "Startup Cost": 0.0, "Total Cost": 40671.5, "Plan Rows": 74828, "Plan Width": 4, "Filter": "(c_mktsegment = 'FURNITURE'::bpchar)"}]}]}, {"Node Type": "Index Scan", "Parent Relationship": "Inner", "Parallel Aware": false, "Async Capable": false, "Scan Direction": "Forward", "Index Name": "idx_lineitem_orderkey", "Relation Name": "lineitem", "Alias": "lineitem", "Startup Cost": 0.56, "Total Cost": 1.83, "Plan Rows": 16, "Plan Width": 4, "Index Cond": "(l_orderkey = orders.o_orderkey)", "Filter": "(l_shipdate > '1995-03-24'::date)"}]}]}]}]}}, {"Plan": {"Node Type": "Aggregate", "Strategy": "Plain", "Partial Mode": "Simple", "Parallel Aware": false, "Async Capable": false, "Startup Cost": 10002984129.68, "Total Cost": 10002984129.69, "Plan Rows": 1, "Plan Width": 8, "Plans": [{"Node Type": "Hash Join", "Parent Relationship": "Outer", "Parallel Aware": false, "Async Capable": false, "Join Type": "Inner", "Startup Cost": 10001298759.71, "Total Cost": 10002976271.55, "Plan Rows": 3143252, "Plan Width": 0, "Inner Unique": false, "Hash Cond": "(lineitem.l_orderkey = orders.o_orderkey)", "Plans": [{"Node Type": "Bitmap Heap Scan", "Parent Relationship": "Outer", "Parallel Aware": false, "Async Capable": false, "Relation Name": "lineitem", "Alias": "lineitem", "Startup Cost": 742850.64, "Total Cost": 2268714.11, "Plan Rows": 32057558, "Plan Width": 4, "Recheck Cond": "(l_shipdate > '1995-03-24'::date)", "Plans": [{"Node Type": "Bitmap Index Scan", "Parent Relationship": "Outer", "Parallel Aware": false, "Async Capable": false, "Index Name": "idx_lineitem_shipdate", "Startup Cost": 0.0, "Total Cost": 734836.25, "Plan Rows": 32057558, "Plan Width": 0, "Index Cond": "(l_shipdate > '1995-03-24'::date)"}]}, {"Node Type": "Hash", "Parent Relationship": "Inner", "Parallel Aware": false, "Async Capable": false, "Startup Cost": 10000537524.77, "Total Cost": 10000537524.77, "Plan Rows": 1470744, "Plan Width": 4, "Plans": [{"Node Type": "Hash Join", "Parent Relationship": "Outer", "Parallel Aware": false, "Async Capable": false, "Join Type": "Inner", "Startup Cost": 10000164771.26, "Total Cost": 10000537524.77, "Plan Rows": 1470744, "Plan Width": 4, "Inner Unique": true, "Hash Cond": "(orders.o_custkey = customer.c_custkey)", "Plans": [{"Node Type": "Bitmap Heap Scan", "Parent Relationship": "Outer", "Parallel Aware": false, "Async Capable": false, "Relation Name": "orders", "Alias": "orders", "Startup Cost": 82327.17, "Total Cost": 435732.6, "Plan Rows": 7370675, "Plan Width": 8, "Recheck Cond": "(o_orderdate < '1995-03-24'::date)", "Plans": [{"Node Type": "Bitmap Index Scan", "Parent Relationship": "Outer", "Parallel Aware": false, "Async Capable": false, "Index Name": "idx_orders_orderdate", "Startup Cost": 0.0, "Total Cost": 80484.5, "Plan Rows": 7370675, "Plan Width": 0, "Index Cond": "(o_orderdate < '1995-03-24'::date)"}]}, {"Node Type": "Hash", "Parent Relationship": "Inner", "Parallel Aware": false, "Async Capable": false, "Startup Cost": 10000078702.71, "Total Cost": 10000078702.71, "Plan Rows": 299310, "Plan Width": 4, "Plans": [{"Node Type": "Index Scan", "Parent Relationship": "Outer", "Parallel Aware": false, "Async Capable": false, "Scan Direction": "Forward", "Index Name": "customer_pkey", "Relation Name": "customer", "Alias": "customer", "Startup Cost": 10000000000.43, "Total Cost": 10000078702.71, "Plan Rows": 299310, "Plan Width": 4, "Filter": "(c_mktsegment = 'FURNITURE'::bpchar)"}]}]}]}]}]}}, {"Plan": {"Node Type": "Aggregate", "Strategy": "Plain", "Partial Mode": "Finalize", "Parallel Aware": false, "Async Capable": false, "Startup Cost": 2363172.3, "Total Cost": 2363172.31, "Plan Rows": 1, "Plan Width": 8, "Plans": [{"Node Type": "Gather", "Parent Relationship": "Outer", "Parallel Aware": false, "Async Capable": false, "Startup Cost": 2363171.58, "Total Cost": 2363172.29, "Plan Rows": 7, "Plan Width": 8, "Workers Planned": 7, "Single Copy": false, "Plans": [{"Node Type": "Aggregate", "Strategy": "Plain", "Partial Mode": "Partial", "Parent Relationship": "Outer", "Parallel Aware": false, "Async Capable": false, "Startup Cost": 2362171.58, "Total Cost": 2362171.59, "Plan Rows": 1, "Plan Width": 8, "Plans": [{"Node Type": "Hash Join", "Parent Relationship": "Outer", "Parallel Aware": true, "Async Capable": false, "Join Type": "Inner", "Startup Cost": 430819.6, "Total Cost": 2361048.99, "Plan Rows": 449036, "Plan Width": 0, "Inner Unique": false, "Hash Cond": "(lineitem.l_orderkey = orders.o_orderkey)", "Plans": [{"Node Type": "Index Scan", "Parent Relationship": "Outer", "Parallel Aware": true, "Async Capable": false, "Scan Direction": "Forward", "Index Name": "idx_lineitem_orderkey", "Relation Name": "lineitem", "Alias": "lineitem", "Startup Cost": 0.56, "Total Cost": 1912307.87, "Plan Rows": 4579651, "Plan Width": 4, "Filter": "(l_shipdate > '1995-03-24'::date)"}, {"Node Type": "Hash", "Parent Relationship": "Inner", "Parallel Aware": true, "Async Capable": false, "Startup Cost": 427754.99, "Total Cost": 427754.99, "Plan Rows": 245124, "Plan Width": 4, "Plans": [{"Node Type": "Hash Join", "Parent Relationship": "Outer", "Parallel Aware": true, "Async Capable": false, "Join Type": "Inner", "Startup Cost": 147902.73, "Total Cost": 427754.99, "Plan Rows": 245124, "Plan Width": 4, "Inner Unique": true, "Hash Cond": "(orders.o_custkey = customer.c_custkey)", "Plans": [{"Node Type": "Bitmap Heap Scan", "Parent Relationship": "Outer", "Parallel Aware": true, "Async Capable": false, "Relation Name": "orders", "Alias": "orders", "Startup Cost": 82327.17, "Total Cost": 358954.74, "Plan Rows": 1228446, "Plan Width": 8, "Recheck Cond": "(o_orderdate < '1995-03-24'::date)", "Plans": [{"Node Type": "Bitmap Index Scan", "Parent Relationship": "Outer", "Parallel Aware": false, "Async Capable": false, "Index Name": "idx_orders_orderdate", "Startup Cost": 0.0, "Total Cost": 80484.5, "Plan Rows": 7370675, "Plan Width": 0, "Index Cond": "(o_orderdate < '1995-03-24'::date)"}]}, {"Node Type": "Hash", "Parent Relationship": "Inner", "Parallel Aware": true, "Async Capable": false, "Startup Cost": 64640.21, "Total Cost": 64640.21, "Plan Rows": 74828, "Plan Width": 4, "Plans": [{"Node Type": "Index Scan", "Parent Relationship": "Outer", "Parallel Aware": true, "Async Capable": false, "Scan Direction": "Forward", "Index Name": "customer_pkey", "Relation Name": "customer", "Alias": "customer", "Startup Cost": 0.43, "Total Cost": 64640.21, "Plan Rows": 74828, "Plan Width": 4, "Filter": "(c_mktsegment = 'FURNITURE'::bpchar)"}]}]}]}]}]}]}]}}, {"Plan": {"Node Type": "Aggregate", "Strategy": "Plain", "Partial Mode": "Finalize", "Parallel Aware": false, "Async Capable": false, "Startup Cost": 1139652.0, "Total Cost": 1139652.01, "Plan Rows": 1, "Plan Width": 8, "Plans": [{"Node Type": "Gather", "Parent Relationship": "Outer", "Parallel Aware": false, "Async Capable": false, "Startup Cost": 1139651.58, "Total Cost": 1139651.99, "Plan Rows": 4, "Plan Width": 8, "Workers Planned": 4, "Single Copy": false, "Plans": [{"Node Type": "Aggregate", "Strategy": "Plain", "Partial Mode": "Partial", "Parent Relationship": "Outer", "Parallel Aware": false, "Async Capable": false, "Startup Cost": 1138651.58, "Total Cost": 1138651.59, "Plan Rows": 1, "Plan Width": 8, "Plans": [{"Node Type": "Nested Loop", "Parent Relationship": "Outer", "Parallel Aware": false, "Async Capable": false, "Join Type": "Inner", "Startup Cost": 1.43, "Total Cost": 1136687.05, "Plan Rows": 785813, "Plan Width": 0, "Inner Unique": false, "Plans": [{"Node Type": "Nested Loop", "Parent Relationship": "Outer", "Parallel Aware": false, "Async Capable": false, "Join Type": "Inner", "Startup Cost": 0.86, "Total Cost": 406030.86, "Plan Rows": 367686, "Plan Width": 4, "Inner Unique": false, "Plans": [{"Node Type": "Index Scan", "Parent Relationship": "Outer", "Parallel Aware": true, "Async Capable": false, "Scan Direction": "Forward", "Index Name": "customer_pkey", "Relation Name": "customer", "Alias": "customer", "Startup Cost": 0.43, "Total Cost": 64640.21, "Plan Rows": 74828, "Plan Width": 4, "Filter": "(c_mktsegment = 'FURNITURE'::bpchar)"}, {"Node Type": "Index Scan", "Parent Relationship": "Inner", "Parallel Aware": false, "Async Capable": false, "Scan Direction": "Forward", "Index Name": "idx_orders_custkey", "Relation Name": "orders", "Alias": "orders", "Startup Cost": 0.43, "Total Cost": 4.47, "Plan Rows": 9, "Plan Width": 8, "Index Cond": "(o_custkey = customer.c_custkey)", "Filter": "(o_orderdate < '1995-03-24'::date)"}]}, {"Node Type": "Index Scan", "Parent Relationship": "Inner", "Parallel Aware": false, "Async Capable": false, "Scan Direction": "Forward", "Index Name": "idx_lineitem_orderkey", "Relation Name": "lineitem", "Alias": "lineitem", "Startup Cost": 0.56, "Total Cost": 1.83, "Plan Rows": 16, "Plan Width": 4, "Index Cond": "(l_orderkey = orders.o_orderkey)", "Filter": "(l_shipdate > '1995-03-24'::date)"}]}]}]}]}}, {"Plan": {"Node Type": "Aggregate", "Strategy": "Plain", "Partial Mode": "Finalize", "Parallel Aware": false, "Async Capable": false, "Startup Cost": 1592728.96, "Total Cost": 1592728.97, "Plan Rows": 1, "Plan Width": 8, "Plans": [{"Node Type": "Gather", "Parent Relationship": "Outer", "Parallel Aware": false, "Async Capable": false, "Startup Cost": 1592728.23, "Total Cost": 1592728.94, "Plan Rows": 7, "Plan Width": 8, "Workers Planned": 7, "Single Copy": false, "Plans": [{"Node Type": "Aggregate", "Strategy": "Plain", "Partial Mode": "Partial", "Parent Relationship": "Outer", "Parallel Aware": false, "Async Capable": false, "Startup Cost": 1591728.23, "Total Cost": 1591728.24, "Plan Rows": 1, "Plan Width": 8, "Plans": [{"Node Type": "Hash Join", "Parent Relationship": "Outer", "Parallel Aware": true, "Async Capable": false, "Join Type": "Inner", "Startup Cost": 340417.37, "Total Cost": 1590605.64, "Plan Rows": 449036, "Plan Width": 0, "Inner Unique": false, "Hash Cond": "(lineitem.l_orderkey = orders.o_orderkey)", "Plans": [{"Node Type": "Seq Scan", "Parent Relationship": "Outer", "Parallel Aware": true, "Async Capable": false, "Relation Name": "lineitem", "Alias": "lineitem", "Startup Cost": 0.0, "Total Cost": 1232266.19, "Plan Rows": 4579651, "Plan Width": 4, "Filter": "(l_shipdate > '1995-03-24'::date)"}, {"Node Type": "Hash", "Parent Relationship": "Inner", "Parallel Aware": true, "Async Capable": false, "Startup Cost": 337353.32, "Total Cost": 337353.32, "Plan Rows": 245124, "Plan Width": 4, "Plans": [{"Node Type": "Hash Join", "Parent Relationship": "Outer", "Parallel Aware": true, "Async Capable": false, "Join Type": "Inner", "Startup Cost": 41606.85, "Total Cost": 337353.32, "Plan Rows": 245124, "Plan Width": 4, "Inner Unique": true, "Hash Cond": "(orders.o_custkey = customer.c_custkey)", "Plans": [{"Node Type": "Seq Scan", "Parent Relationship": "Outer", "Parallel Aware": true, "Async Capable": false, "Relation Name": "orders", "Alias": "orders", "Startup Cost": 0.0, "Total Cost": 292521.79, "Plan Rows": 1228446, "Plan Width": 8, "Filter": "(o_orderdate < '1995-03-24'::date)"}, {"Node Type": "Hash", "Parent Relationship": "Inner", "Parallel Aware": true, "Async Capable": false, "Startup Cost": 40671.5, "Total Cost": 40671.5, "Plan Rows": 74828, "Plan Width": 4, "Plans": [{"Node Type": "Seq Scan", "Parent Relationship": "Outer", "Parallel Aware": true, "Async Capable": false, "Relation Name": "customer", "Alias": "customer", "Startup Cost": 0.0, "Total Cost": 40671.5, "Plan Rows": 74828, "Plan Width": 4, "Filter": "(c_mktsegment = 'FURNITURE'::bpchar)"}]}]}]}]}]}]}]}}, {"Plan": {"Node Type": "Aggregate", "Strategy": "Plain", "Partial Mode": "Finalize", "Parallel Aware": false, "Async Capable": false, "Startup Cost": 5566571.82, "Total Cost": 5566571.83, "Plan Rows": 1, "Plan Width": 8, "Plans": [{"Node Type": "Gather", "Parent Relationship": "Outer", "Parallel Aware": false, "Async Capable": false, "Startup Cost": 5566571.19, "Total Cost": 5566571.8, "Plan Rows": 6, "Plan Width": 8, "Workers Planned": 6, "Single Copy": false, "Plans": [{"Node Type": "Aggregate", "Strategy": "Plain", "Partial Mode": "Partial", "Parent Relationship": "Outer", "Parallel Aware": false, "Async Capable": false, "Startup Cost": 5565571.19, "Total Cost": 5565571.2, "Plan Rows": 1, "Plan Width": 8, "Plans": [{"Node Type": "Nested Loop", "Parent Relationship": "Outer", "Parallel Aware": false, "Async Capable": false, "Join Type": "Inner", "Startup Cost": 82328.46, "Total Cost": 5564261.5, "Plan Rows": 523875, "Plan Width": 0, "Inner Unique": false, "Plans": [{"Node Type": "Nested Loop", "Parent Relationship": "Outer", "Parallel Aware": false, "Async Capable": false, "Join Type": "Inner", "Startup Cost": 82327.61, "Total Cost": 4226970.69, "Plan Rows": 245124, "Plan Width": 4, "Inner Unique": true, "Plans": [{"Node Type": "Bitmap Heap Scan", "Parent Relationship": "Outer", "Parallel Aware": true, "Async Capable": false, "Relation Name": "orders", "Alias": "orders", "Startup Cost": 82327.17, "Total Cost": 358954.74, "Plan Rows": 1228446, "Plan Width": 8, "Recheck Cond": "(o_orderdate < '1995-03-24'::date)", "Plans": [{"Node Type": "Bitmap Index Scan", "Parent Relationship": "Outer", "Parallel Aware": false, "Async Capable": false, "Index Name": "idx_orders_orderdate", "Startup Cost": 0.0, "Total Cost": 80484.5, "Plan Rows": 7370675, "Plan Width": 0, "Index Cond": "(o_orderdate < '1995-03-24'::date)"}]}, {"Node Type": "Memoize", "Parent Relationship": "Inner", "Parallel Aware": false, "Async Capable": false, "Startup Cost": 0.45, "Total Cost": 4.46, "Plan Rows": 1, "Plan Width": 4, "Cache Key": "orders.o_custkey", "Cache Mode": "logical", "Plans": [{"Node Type": "Bitmap Heap Scan", "Parent Relationship": "Outer", "Parallel Aware": false, "Async Capable": false, "Relation Name": "customer", "Alias": "customer", "Startup Cost": 0.44, "Total Cost": 4.45, "Plan Rows": 1, "Plan Width": 4, "Recheck Cond": "(c_custkey = orders.o_custkey)", "Filter": "(c_mktsegment = 'FURNITURE'::bpchar)", "Plans": [{"Node Type": "Bitmap Index Scan", "Parent Relationship": "Outer", "Parallel Aware": false, "Async Capable": false, "Index Name": "customer_pkey", "Startup Cost": 0.0, "Total Cost": 0.44, "Plan Rows": 1, "Plan Width": 0, "Index Cond": "(c_custkey = orders.o_custkey)"}]}]}]}, {"Node Type": "Bitmap Heap Scan", "Parent Relationship": "Inner", "Parallel Aware": false, "Async Capable": false, "Relation Name": "lineitem", "Alias": "lineitem", "Startup Cost": 0.85, "Total Cost": 5.3, "Plan Rows": 16, "Plan Width": 4, "Recheck Cond": "(orders.o_orderkey = l_orderkey)", "Filter": "(l_shipdate > '1995-03-24'::date)", "Plans": [{"Node Type": "Bitmap Index Scan", "Parent Relationship": "Outer", "Parallel Aware": false, "Async Capable": false, "Index Name": "idx_lineitem_orderkey", "Startup Cost": 0.0, "Total Cost": 0.84, "Plan Rows": 30, "Plan Width": 0, "Index Cond": "(l_orderkey = orders.o_orderkey)"}]}]}]}]}]}}, {"Plan": {"Node Type": "Aggregate", "Strategy": "Plain", "Partial Mode": "Finalize", "Parallel Aware": false, "Async Capable": false, "Startup Cost": 2987665.28, "Total Cost": 2987665.29, "Plan Rows": 1, "Plan Width": 8, "Plans": [{"Node Type": "Gather", "Parent Relationship": "Outer", "Parallel Aware": false, "Async Capable": false, "Startup Cost": 2987664.56, "Total Cost": 2987665.27, "Plan Rows": 7, "Plan Width": 8, "Workers Planned": 7, "Single Copy": false, "Plans": [{"Node Type": "Aggregate", "Strategy": "Plain", "Partial Mode": "Partial", "Parent Relationship": "Outer", "Parallel Aware": false, "Async Capable": false, "Startup Cost": 2986664.56, "Total Cost": 2986664.57, "Plan Rows": 1, "Plan Width": 8, "Plans": [{"Node Type": "Merge Join", "Parent Relationship": "Outer", "Parallel Aware": false, "Async Capable": false, "Join Type": "Inner", "Startup Cost": 2890351.97, "Total Cost": 2985541.97, "Plan Rows": 449036, "Plan Width": 0, "Inner Unique": true, "Merge Cond": "(orders.o_custkey = customer.c_custkey)", "Plans": [{"Node Type": "Sort", "Parent Relationship": "Outer", "Parallel Aware": false, "Async Capable": false, "Startup Cost": 2890348.89, "Total Cost": 2895974.78, "Plan Rows": 2250356, "Plan Width": 4, "Sort Key": ["orders.o_custkey"], "Plans": [{"Node Type": "Merge Join", "Parent Relationship": "Outer", "Parallel Aware": false, "Async Capable": false, "Join Type": "Inner", "Startup Cost": 6.66, "Total Cost": 2652916.96, "Plan Rows": 2250356, "Plan Width": 4, "Inner Unique": true, "Merge Cond": "(lineitem.l_orderkey = orders.o_orderkey)", "Plans": [{"Node Type": "Index Scan", "Parent Relationship": "Outer", "Parallel Aware": true, "Async Capable": false, "Scan Direction": "Forward", "Index Name": "idx_lineitem_orderkey", "Relation Name": "lineitem", "Alias": "lineitem", "Startup Cost": 0.56, "Total Cost": 1912307.87, "Plan Rows": 4579651, "Plan Width": 4, "Filter": "(l_shipdate > '1995-03-24'::date)"}, {"Node Type": "Index Scan", "Parent Relationship": "Inner", "Parallel Aware": false, "Async Capable": false, "Scan Direction": "Forward", "Index Name": "orders_pkey", "Relation Name": "orders", "Alias": "orders", "Startup Cost": 0.43, "Total Cost": 688297.76, "Plan Rows": 7370675, "Plan Width": 8, "Filter": "(o_orderdate < '1995-03-24'::date)"}]}]}, {"Node Type": "Index Scan", "Parent Relationship": "Inner", "Parallel Aware": false, "Async Capable": false, "Scan Direction": "Forward", "Index Name": "customer_pkey", "Relation Name": "customer", "Alias": "customer", "Startup Cost": 0.43, "Total Cost": 78702.71, "Plan Rows": 299310, "Plan Width": 4, "Filter": "(c_mktsegment = 'FURNITURE'::bpchar)"}]}]}]}]}}, {"Plan": {"Node Type": "Aggregate", "Strategy": "Plain", "Partial Mode": "Finalize", "Parallel Aware": false, "Async Capable": false, "Startup Cost": 1115683.29, "Total Cost": 1115683.3, "Plan Rows": 1, "Plan Width": 8, "Plans": [{"Node Type": "Gather", "Parent Relationship": "Outer", "Parallel Aware": false, "Async Capable": false, "Startup Cost": 1115682.87, "Total Cost": 1115683.28, "Plan Rows": 4, "Plan Width": 8, "Workers Planned": 4, "Single Copy": false, "Plans": [{"Node Type": "Aggregate", "Strategy": "Plain", "Partial Mode": "Partial", "Parent Relationship": "Outer", "Parallel Aware": false, "Async Capable": false, "Startup Cost": 1114682.87, "Total Cost": 1114682.88, "Plan Rows": 1, "Plan Width": 8, "Plans": [{"Node Type": "Nested Loop", "Parent Relationship": "Outer", "Parallel Aware": false, "Async Capable": false, "Join Type": "Inner", "Startup Cost": 1.0, "Total Cost": 1112718.34, "Plan Rows": 785813, "Plan Width": 0, "Inner Unique": false, "Plans": [{"Node Type": "Nested Loop", "Parent Relationship": "Outer", "Parallel Aware": false, "Async Capable": false, "Join Type": "Inner", "Startup Cost": 0.43, "Total Cost": 382062.14, "Plan Rows": 367686, "Plan Width": 4, "Inner Unique": false, "Plans": [{"Node Type": "Seq Scan", "Parent Relationship": "Outer", "Parallel Aware": true, "Async Capable": false, "Relation Name": "customer", "Alias": "customer", "Startup Cost": 0.0, "Total Cost": 40671.5, "Plan Rows": 74828, "Plan Width": 4, "Filter": "(c_mktsegment = 'FURNITURE'::bpchar)"}, {"Node Type": "Index Scan", "Parent Relationship": "Inner", "Parallel Aware": false, "Async Capable": false, "Scan Direction": "Forward", "Index Name": "idx_orders_custkey", "Relation Name": "orders", "Alias": "orders", "Startup Cost": 0.43, "Total Cost": 4.47, "Plan Rows": 9, "Plan Width": 8, "Index Cond": "(o_custkey = customer.c_custkey)", "Filter": "(o_orderdate < '1995-03-24'::date)"}]}, {"Node Type": "Index Scan", "Parent Relationship": "Inner", "Parallel Aware": false, "Async Capable": false, "Scan Direction": "Forward", "Index Name": "idx_lineitem_orderkey", "Relation Name": "lineitem", "Alias": "lineitem", "Startup Cost": 0.56, "Total Cost": 1.83, "Plan Rows": 16, "Plan Width": 4, "Index Cond": "(l_orderkey = orders.o_orderkey)", "Filter": "(l_shipdate > '1995-03-24'::date)"}]}]}]}]}}, {"Plan": {"Node Type": "Aggregate", "Strategy": "Plain", "Partial Mode": "Finalize", "Parallel Aware": false, "Async Capable": false, "Startup Cost": 2991669.01, "Total Cost": 2991669.02, "Plan Rows": 1, "Plan Width": 8, "Plans": [{"Node Type": "Gather", "Parent Relationship": "Outer", "Parallel Aware": false, "Async Capable": false, "Startup Cost": 2991668.28, "Total Cost": 2991668.99, "Plan Rows": 7, "Plan Width": 8, "Workers Planned": 7, "Single Copy": false, "Plans": [{"Node Type": "Aggregate", "Strategy": "Plain", "Partial Mode": "Partial", "Parent Relationship": "Outer", "Parallel Aware": false, "Async Capable": false, "Startup Cost": 2990668.28, "Total Cost": 2990668.29, "Plan Rows": 1, "Plan Width": 8, "Plans": [{"Node Type": "Merge Join", "Parent Relationship": "Outer", "Parallel Aware": false, "Async Capable": false, "Join Type": "Inner", "Startup Cost": 2972307.1, "Total Cost": 2989545.69, "Plan Rows": 449036, "Plan Width": 0, "Inner Unique": true, "Merge Cond": "(orders.o_custkey = customer.c_custkey)", "Plans": [{"Node Type": "Sort", "Parent Relationship": "Outer", "Parallel Aware": false, "Async Capable": false, "Startup Cost": 2890348.89, "Total Cost": 2895974.78, "Plan Rows": 2250356, "Plan Width": 4, "Sort Key": ["orders.o_custkey"], "Plans": [{"Node Type": "Merge Join", "Parent Relationship": "Outer", "Parallel Aware": false, "Async Capable": false, "Join Type": "Inner", "Startup Cost": 6.66, "Total Cost": 2652916.96, "Plan Rows": 2250356, "Plan Width": 4, "Inner Unique": true, "Merge Cond": "(lineitem.l_orderkey = orders.o_orderkey)", "Plans": [{"Node Type": "Index Scan", "Parent Relationship": "Outer", "Parallel Aware": true, "Async Capable": false, "Scan Direction": "Forward", "Index Name": "idx_lineitem_orderkey", "Relation Name": "lineitem", "Alias": "lineitem", "Startup Cost": 0.56, "Total Cost": 1912307.87, "Plan Rows": 4579651, "Plan Width": 4, "Filter": "(l_shipdate > '1995-03-24'::date)"}, {"Node Type": "Index Scan", "Parent Relationship": "Inner", "Parallel Aware": false, "Async Capable": false, "Scan Direction": "Forward", "Index Name": "orders_pkey", "Relation Name": "orders", "Alias": "orders", "Startup Cost": 0.43, "Total Cost": 688297.76, "Plan Rows": 7370675, "Plan Width": 8, "Filter": "(o_orderdate < '1995-03-24'::date)"}]}]}, {"Node Type": "Sort", "Parent Relationship": "Inner", "Parallel Aware": false, "Async Capable": false, "Startup Cost": 81958.16, "Total Cost": 82706.44, "Plan Rows": 299310, "Plan Width": 4, "Sort Key": ["customer.c_custkey"], "Plans": [{"Node Type": "Seq Scan", "Parent Relationship": "Outer", "Parallel Aware": false, "Async Capable": false, "Relation Name": "customer", "Alias": "customer", "Startup Cost": 0.0, "Total Cost": 54734.0, "Plan Rows": 299310, "Plan Width": 4, "Filter": "(c_mktsegment = 'FURNITURE'::bpchar)"}]}]}]}]}]}}, {"Plan": {"Node Type": "Aggregate", "Strategy": "Plain", "Partial Mode": "Simple", "Parallel Aware": false, "Async Capable": false, "Startup Cost": 10008577861.81, "Total Cost": 10008577861.82, "Plan Rows": 1, "Plan Width": 8, "Plans": [{"Node Type": "Merge Join", "Parent Relationship": "Outer", "Parallel Aware": false, "Async Capable": false, "Join Type": "Inner", "Startup Cost": 10008362572.91, "Total Cost": 10008570003.68, "Plan Rows": 3143252, "Plan Width": 0, "Inner Unique": false, "Merge Cond": "(lineitem.l_orderkey = orders.o_orderkey)", "Plans": [{"Node Type": "Sort", "Parent Relationship": "Outer", "Parallel Aware": false, "Async Capable": false, "Startup Cost": 6703643.21, "Total Cost": 6783787.1, "Plan Rows": 32057558, "Plan Width": 4, "Sort Key": ["lineitem.l_orderkey"], "Plans": [{"Node Type": "Bitmap Heap Scan", "Parent Relationship": "Outer", "Parallel Aware": false, "Async Capable": false, "Relation Name": "lineitem", "Alias": "lineitem", "Startup Cost": 742850.64, "Total Cost": 2268714.11, "Plan Rows": 32057558, "Plan Width": 4, "Recheck Cond": "(l_shipdate > '1995-03-24'::date)", "Plans": [{"Node Type": "Bitmap Index Scan", "Parent Relationship": "Outer", "Parallel Aware": false, "Async Capable": false, "Index Name": "idx_lineitem_shipdate", "Startup Cost": 0.0, "Total Cost": 734836.25, "Plan Rows": 32057558, "Plan Width": 0, "Index Cond": "(l_shipdate > '1995-03-24'::date)"}]}]}, {"Node Type": "Sort", "Parent Relationship": "Inner", "Parallel Aware": false, "Async Capable": false, "Startup Cost": 10001658929.6, "Total Cost": 10001662606.46, "Plan Rows": 1470744, "Plan Width": 4, "Sort Key": ["orders.o_orderkey"], "Plans": [{"Node Type": "Merge Join", "Parent Relationship": "Outer", "Parallel Aware": false, "Async Capable": false, "Join Type": "Inner", "Startup Cost": 10001377257.19, "Total Cost": 10001508265.75, "Plan Rows": 1470744, "Plan Width": 4, "Inner Unique": true, "Merge Cond": "(orders.o_custkey = customer.c_custkey)", "Plans": [{"Node Type": "Sort", "Parent Relationship": "Outer", "Parallel Aware": false, "Async Capable": false, "Startup Cost": 1377254.11, "Total Cost": 1395680.8, "Plan Rows": 7370675, "Plan Width": 8, "Sort Key": ["orders.o_custkey"], "Plans": [{"Node Type": "Bitmap Heap Scan", "Parent Relationship": "Outer", "Parallel Aware": false, "Async Capable": false, "Relation Name": "orders", "Alias": "orders", "Startup Cost": 82327.17, "Total Cost": 435732.6, "Plan Rows": 7370675, "Plan Width": 8, "Recheck Cond": "(o_orderdate < '1995-03-24'::date)", "Plans": [{"Node Type": "Bitmap Index Scan", "Parent Relationship": "Outer", "Parallel Aware": false, "Async Capable": false, "Index Name": "idx_orders_orderdate", "Startup Cost": 0.0, "Total Cost": 80484.5, "Plan Rows": 7370675, "Plan Width": 0, "Index Cond": "(o_orderdate < '1995-03-24'::date)"}]}]}, {"Node Type": "Index Scan", "Parent Relationship": "Inner", "Parallel Aware": false, "Async Capable": false, "Scan Direction": "Forward", "Index Name": "customer_pkey", "Relation Name": "customer", "Alias": "customer", "Startup Cost": 10000000000.43, "Total Cost": 10000078702.71, "Plan Rows": 299310, "Plan Width": 4, "Filter": "(c_mktsegment = 'FURNITURE'::bpchar)"}]}]}]}]}}, {"Plan": {"Node Type": "Aggregate", "Strategy": "Plain", "Partial Mode": "Finalize", "Parallel Aware": false, "Async Capable": false, "Startup Cost": 2432350.55, "Total Cost": 2432350.56, "Plan Rows": 1, "Plan Width": 8, "Plans": [{"Node Type": "Gather", "Parent Relationship": "Outer", "Parallel Aware": false, "Async Capable": false, "Startup Cost": 2432350.13, "Total Cost": 2432350.54, "Plan Rows": 4, "Plan Width": 8, "Workers Planned": 4, "Single Copy": false, "Plans": [{"Node Type": "Aggregate", "Strategy": "Plain", "Partial Mode": "Partial", "Parent Relationship": "Outer", "Parallel Aware": false, "Async Capable": false, "Startup Cost": 2431350.13, "Total Cost": 2431350.14, "Plan Rows": 1, "Plan Width": 8, "Plans": [{"Node Type": "Nested Loop", "Parent Relationship": "Outer", "Parallel Aware": false, "Async Capable": false, "Join Type": "Inner", "Startup Cost": 1.62, "Total Cost": 2429385.6, "Plan Rows": 785813, "Plan Width": 0, "Inner Unique": false, "Plans": [{"Node Type": "Nested Loop", "Parent Relationship": "Outer", "Parallel Aware": false, "Async Capable": false, "Join Type": "Inner", "Startup Cost": 0.77, "Total Cost": 423449.38, "Plan Rows": 367686, "Plan Width": 4, "Inner Unique": false, "Plans": [{"Node Type": "Seq Scan", "Parent Relationship": "Outer", "Parallel Aware": true, "Async Capable": false, "Relation Name": "customer", "Alias": "customer", "Startup Cost": 0.0, "Total Cost": 40671.5, "Plan Rows": 74828, "Plan Width": 4, "Filter": "(c_mktsegment = 'FURNITURE'::bpchar)"}, {"Node Type": "Bitmap Heap Scan", "Parent Relationship": "Inner", "Parallel Aware": false, "Async Capable": false, "Relation Name": "orders", "Alias": "orders", "Startup Cost": 0.77, "Total Cost": 5.03, "Plan Rows": 9, "Plan Width": 8, "Recheck Cond": "(customer.c_custkey = o_custkey)", "Filter": "(o_orderdate < '1995-03-24'::date)", "Plans": [{"Node Type": "Bitmap Index Scan", "Parent Relationship": "Outer", "Parallel Aware": false, "Async Capable": false, "Index Name": "idx_orders_custkey", "Startup Cost": 0.0, "Total Cost": 0.77, "Plan Rows": 17, "Plan Width": 0, "Index Cond": "(o_custkey = customer.c_custkey)"}]}]}, {"Node Type": "Bitmap Heap Scan", "Parent Relationship": "Inner", "Parallel Aware": false, "Async Capable": false, "Relation Name": "lineitem", "Alias": "lineitem", "Startup Cost": 0.85, "Total Cost": 5.3, "Plan Rows": 16, "Plan Width": 4, "Recheck Cond": "(orders.o_orderkey = l_orderkey)", "Filter": "(l_shipdate > '1995-03-24'::date)", "Plans": [{"Node Type": "Bitmap Index Scan", "Parent Relationship": "Outer", "Parallel Aware": false, "Async Capable": false, "Index Name": "idx_lineitem_orderkey", "Startup Cost": 0.0, "Total Cost": 0.84, "Plan Rows": 30, "Plan Width": 0, "Index Cond": "(l_orderkey = orders.o_orderkey)"}]}]}]}]}]}}, {"Plan": {"Node Type": "Aggregate", "Strategy": "Plain", "Partial Mode": "Finalize", "Parallel Aware": false, "Async Capable": false, "Startup Cost": 3438729.61, "Total Cost": 3438729.62, "Plan Rows": 1, "Plan Width": 8, "Plans": [{"Node Type": "Gather", "Parent Relationship": "Outer", "Parallel Aware": false, "Async Capable": false, "Startup Cost": 3438728.88, "Total Cost": 3438729.59, "Plan Rows": 7, "Plan Width": 8, "Workers Planned": 7, "Single Copy": false, "Plans": [{"Node Type": "Aggregate", "Strategy": "Plain", "Partial Mode": "Partial", "Parent Relationship": "Outer", "Parallel Aware": false, "Async Capable": false, "Startup Cost": 3437728.88, "Total Cost": 3437728.89, "Plan Rows": 1, "Plan Width": 8, "Plans": [{"Node Type": "Merge Join", "Parent Relationship": "Outer", "Parallel Aware": false, "Async Capable": false, "Join Type": "Inner", "Startup Cost": 3401864.82, "Total Cost": 3436606.29, "Plan Rows": 449036, "Plan Width": 0, "Inner Unique": false, "Merge Cond": "(lineitem.l_orderkey = orders.o_orderkey)", "Plans": [{"Node Type": "Sort", "Parent Relationship": "Outer", "Parallel Aware": false, "Async Capable": false, "Startup Cost": 1738931.44, "Total Cost": 1750380.56, "Plan Rows": 4579651, "Plan Width": 4, "Sort Key": ["lineitem.l_orderkey"], "Plans": [{"Node Type": "Seq Scan", "Parent Relationship": "Outer", "Parallel Aware": true, "Async Capable": false, "Relation Name": "lineitem", "Alias": "lineitem", "Startup Cost": 0.0, "Total Cost": 1232266.19, "Plan Rows": 4579651, "Plan Width": 4, "Filter": "(l_shipdate > '1995-03-24'::date)"}]}, {"Node Type": "Sort", "Parent Relationship": "Inner", "Parallel Aware": false, "Async Capable": false, "Startup Cost": 1662933.33, "Total Cost": 1666610.19, "Plan Rows": 1470744, "Plan Width": 4, "Sort Key": ["orders.o_orderkey"], "Plans": [{"Node Type": "Merge Join", "Parent Relationship": "Outer", "Parallel Aware": false, "Async Capable": false, "Join Type": "Inner", "Startup Cost": 1459212.32, "Total Cost": 1512269.47, "Plan Rows": 1470744, "Plan Width": 4, "Inner Unique": true, "Merge Cond": "(orders.o_custkey = customer.c_custkey)", "Plans": [{"Node Type": "Sort", "Parent Relationship": "Outer", "Parallel Aware": false, "Async Capable": false, "Startup Cost": 1377254.11, "Total Cost": 1395680.8, "Plan Rows": 7370675, "Plan Width": 8, "Sort Key": ["orders.o_custkey"], "Plans": [{"Node Type": "Bitmap Heap Scan", "Parent Relationship": "Outer", "Parallel Aware": false, "Async Capable": false, "Relation Name": "orders", "Alias": "orders", "Startup Cost": 82327.17, "Total Cost": 435732.6, "Plan Rows": 7370675, "Plan Width": 8, "Recheck Cond": "(o_orderdate < '1995-03-24'::date)", "Plans": [{"Node Type": "Bitmap Index Scan", "Parent Relationship": "Outer", "Parallel Aware": false, "Async Capable": false, "Index Name": "idx_orders_orderdate", "Startup Cost": 0.0, "Total Cost": 80484.5, "Plan Rows": 7370675, "Plan Width": 0, "Index Cond": "(o_orderdate < '1995-03-24'::date)"}]}]}, {"Node Type": "Sort", "Parent Relationship": "Inner", "Parallel Aware": false, "Async Capable": false, "Startup Cost": 81958.16, "Total Cost": 82706.44, "Plan Rows": 299310, "Plan Width": 4, "Sort Key": ["customer.c_custkey"], "Plans": [{"Node Type": "Seq Scan", "Parent Relationship": "Outer", "Parallel Aware": false, "Async Capable": false, "Relation Name": "customer", "Alias": "customer", "Startup Cost": 0.0, "Total Cost": 54734.0, "Plan Rows": 299310, "Plan Width": 4, "Filter": "(c_mktsegment = 'FURNITURE'::bpchar)"}]}]}]}]}]}]}]}}]