[{"Plan": {"Node Type": "Aggregate", "Strategy": "Plain", "Partial Mode": "Finalize", "Parallel Aware": false, "Async Capable": false, "Startup Cost": 463602.06, "Total Cost": 463602.07, "Plan Rows": 1, "Plan Width": 8, "Plans": [{"Node Type": "Gather", "Parent Relationship": "Outer", "Parallel Aware": false, "Async Capable": false, "Startup Cost": 463601.64, "Total Cost": 463602.05, "Plan Rows": 4, "Plan Width": 8, "Workers Planned": 4, "Single Copy": false, "Plans": [{"Node Type": "Aggregate", "Strategy": "Plain", "Partial Mode": "Partial", "Parent Relationship": "Outer", "Parallel Aware": false, "Async Capable": false, "Startup Cost": 462601.64, "Total Cost": 462601.65, "Plan Rows": 1, "Plan Width": 8, "Plans": [{"Node Type": "Hash Join", "Parent Relationship": "Outer", "Parallel Aware": false, "Async Capable": false, "Join Type": "Inner", "Startup Cost": 5.67, "Total Cost": 462586.74, "Plan Rows": 5961, "Plan Width": 0, "Inner Unique": true, "Hash Cond": "(supplier.s_nationkey = n2.n_nationkey)", "Plans": [{"Node Type": "Nested Loop", "Parent Relationship": "Outer", "Parallel Aware": false, "Async Capable": false, "Join Type": "Inner", "Startup Cost": 4.1, "Total Cost": 462566.88, "Plan Rows": 5961, "Plan Width": 4, "Inner Unique": true, "Plans": [{"Node Type": "Hash Join", "Parent Relationship": "Outer", "Parallel Aware": false, "Async Capable": false, "Join Type": "Inner", "Startup Cost": 3.81, "Total Cost": 460713.0, "Plan Rows": 5977, "Plan Width": 4, "Inner Unique": false, "Hash Cond": "(customer.c_nationkey = n1.n_nationkey)", "Plans": [{"Node Type": "Nested Loop", "Parent Relationship": "Outer", "Parallel Aware": false, "Async Capable": false, "Join Type": "Inner", "Startup Cost": 1.3, "Total Cost": 460538.66, "Plan Rows": 29883, "Plan Width": 8, "Inner Unique": true, "Plans": [{"Node Type": "Nested Loop", "Parent Relationship": "Outer", "Parallel Aware": false, "Async Capable": false, "Join Type": "Inner", "Startup Cost": 0.88, "Total Cost": 446186.54, "Plan Rows": 29883, "Plan Width": 8, "Inner Unique": true, "Plans": [{"Node Type": "Nested Loop", "Parent Relationship": "Outer", "Parallel Aware": false, "Async Capable": false, "Join Type": "Inner", "Startup Cost": 0.44, "Total Cost": 399096.5, "Plan Rows": 98584, "Plan Width": 8, "Inner Unique": false, "Plans": [{"Node Type": "Seq Scan", "Parent Relationship": "Outer", "Parallel Aware": true, "Async Capable": false, "Relation Name": "part", "Alias": "part", "Startup Cost": 0.0, "Total Cost": 47242.0, "Plan Rows": 3287, "Plan Width": 4, "Filter": "((p_type)::text = 'PROMO ANODIZED COPPER'::text)"}, {"Node Type": "Index Scan", "Parent Relationship": "Inner", "Parallel Aware": false, "Async Capable": false, "Scan Direction": "Forward", "Index Name": "idx_lineitem_part_supp", "Relation Name": "lineitem", "Alias": "lineitem", "Startup Cost": 0.44, "Total Cost": 106.74, "Plan Rows": 30, "Plan Width": 12, "Index Cond": "(l_partkey = part.p_partkey)"}]}, {"Node Type": "Index Scan", "Parent Relationship": "Inner", "Parallel Aware": false, "Async Capable": false, "Scan Direction": "Forward", "Index Name": "orders_pkey", "Relation Name": "orders", "Alias": "orders", "Startup Cost": 0.43, "Total Cost": 0.48, "Plan Rows": 1, "Plan Width": 8, "Index Cond": "(o_orderkey = lineitem.l_orderkey)", "Filter": "((o_orderdate >= '1995-01-01'::date) AND (o_orderdate <= '1996-12-31'::date))"}]}, {"Node Type": "Index Scan", "Parent Relationship": "Inner", "Parallel Aware": false, "Async Capable": false, "Scan Direction": "Forward", "Index Name": "customer_pkey", "Relation Name": "customer", "Alias": "customer", "Startup Cost": 0.43, "Total Cost": 0.48, "Plan Rows": 1, "Plan Width": 8, "Index Cond": "(c_custkey = orders.o_custkey)"}]}, {"Node Type": "Hash", "Parent Relationship": "Inner", "Parallel Aware": false, "Async Capable": false, "Startup Cost": 2.45, "Total Cost": 2.45, "Plan Rows": 5, "Plan Width": 4, "Plans": [{"Node Type": "Hash Join", "Parent Relationship": "Outer", "Parallel Aware": false, "Async Capable": false, "Join Type": "Inner", "Startup Cost": 1.07, "Total Cost": 2.45, "Plan Rows": 5, "Plan Width": 4, "Inner Unique": true, "Hash Cond": "(n1.n_regionkey = region.r_regionkey)", "Plans": [{"Node Type": "Seq Scan", "Parent Relationship": "Outer", "Parallel Aware": false, "Async Capable": false, "Relation Name": "nation", "Alias": "n1", "Startup Cost": 0.0, "Total Cost": 1.25, "Plan Rows": 25, "Plan Width": 8}, {"Node Type": "Hash", "Parent Relationship": "Inner", "Parallel Aware": false, "Async Capable": false, "Startup Cost": 1.06, "Total Cost": 1.06, "Plan Rows": 1, "Plan Width": 4, "Plans": [{"Node Type": "Seq Scan", "Parent Relationship": "Outer", "Parallel Aware": false, "Async Capable": false, "Relation Name": "region", "Alias": "region", "Startup Cost": 0.0, "Total Cost": 1.06, "Plan Rows": 1, "Plan Width": 4, "Filter": "(r_name = 'MIDDLE EAST'::bpchar)"}]}]}]}]}, {"Node Type": "Index Scan", "Parent Relationship": "Inner", "Parallel Aware": false, "Async Capable": false, "Scan Direction": "Forward", "Index Name": "supplier_pkey", "Relation Name": "supplier", "Alias": "supplier", "Startup Cost": 0.29, "Total Cost": 0.31, "Plan Rows": 1, "Plan Width": 8, "Index Cond": "(s_suppkey = lineitem.l_suppkey)"}]}, {"Node Type": "Hash", "Parent Relationship": "Inner", "Parallel Aware": false, "Async Capable": false, "Startup Cost": 1.25, "Total Cost": 1.25, "Plan Rows": 25, "Plan Width": 4, "Plans": [{"Node Type": "Seq Scan", "Parent Relationship": "Outer", "Parallel Aware": false, "Async Capable": false, "Relation Name": "nation", "Alias": "n2", "Startup Cost": 0.0, "Total Cost": 1.25, "Plan Rows": 25, "Plan Width": 4}]}]}]}]}]}}, {"Plan": {"Node Type": "Aggregate", "Strategy": "Plain", "Partial Mode": "Simple", "Parallel Aware": false, "Async Capable": false, "Startup Cost": 70003246770.4, "Total Cost": 70003246770.41, "Plan Rows": 1, "Plan Width": 8, "Plans": [{"Node Type": "Hash Join", "Parent Relationship": "Outer", "Parallel Aware": false, "Async Capable": false, "Join Type": "Inner", "Startup Cost": 70003241151.05, "Total Cost": 70003246710.79, "Plan Rows": 23845, "Plan Width": 0, "Inner Unique": true, "Hash Cond": "(supplier.s_nationkey = n2.n_nationkey)", "Plans": [{"Node Type": "Hash Join", "Parent Relationship": "Outer", "Parallel Aware": false, "Async Capable": false, "Join Type": "Inner", "Startup Cost": 60003241138.23, "Total Cost": 60003246624.76, "Plan Rows": 23845, "Plan Width": 4, "Inner Unique": false, "Hash Cond": "(supplier.s_suppkey = lineitem.l_suppkey)", "Plans": [{"Node Type": "Index Scan", "Parent Relationship": "Outer", "Parallel Aware": false, "Async Capable": false, "Scan Direction": "Forward", "Index Name": "supplier_pkey", "Relation Name": "supplier", "Alias": "supplier", "Startup Cost": 10000000000.29, "Total Cost": 10000004873.38, "Plan Rows": 100000, "Plan Width": 8}, {"Node Type": "Hash", "Parent Relationship": "Inner", "Parallel Aware": false, "Async Capable": false, "Startup Cost": 50003240839.1, "Total Cost": 50003240839.1, "Plan Rows": 23907, "Plan Width": 4, "Plans": [{"Node Type": "Hash Join", "Parent Relationship": "Outer", "Parallel Aware": false, "Async Capable": false, "Join Type": "Inner", "Startup Cost": 50003158379.16, "Total Cost": 50003240839.1, "Plan Rows": 23907, "Plan Width": 4, "Inner Unique": false, "Hash Cond": "(customer.c_nationkey = n1.n_nationkey)", "Plans": [{"Node Type": "Hash Join", "Parent Relationship": "Outer", "Parallel Aware": false, "Async Capable": false, "Join Type": "Inner", "Startup Cost": 30003158340.01, "Total Cost": 30003240112.63, "Plan Rows": 119533, "Plan Width": 8, "Inner Unique": false, "Hash Cond": "(customer.c_custkey = orders.o_custkey)", "Plans": [{"Node Type": "Index Scan", "Parent Relationship": "Outer", "Parallel Aware": false, "Async Capable": false, "Scan Direction": "Forward", "Index Name": "customer_pkey", "Relation Name": "customer", "Alias": "customer", "Startup Cost": 10000000000.43, "Total Cost": 10000074952.71, "Plan Rows": 1500000, "Plan Width": 8}, {"Node Type": "Hash", "Parent Relationship": "Inner", "Parallel Aware": false, "Async Capable": false, "Startup Cost": 20003156845.42, "Total Cost": 20003156845.42, "Plan Rows": 119533, "Plan Width": 8, "Plans": [{"Node Type": "Hash Join", "Parent Relationship": "Outer", "Parallel Aware": false, "Async Capable": false, "Join Type": "Inner", "Startup Cost": 20000546573.11, "Total Cost": 20003156845.42, "Plan Rows": 119533, "Plan Width": 8, "Inner Unique": true, "Hash Cond": "(lineitem.l_partkey = part.p_partkey)", "Plans": [{"Node Type": "Hash Join", "Parent Relationship": "Outer", "Parallel Aware": false, "Async Capable": false, "Join Type": "Inner", "Startup Cost": 10000448465.15, "Total Cost": 10003011004.17, "Plan Rows": 18184073, "Plan Width": 12, "Inner Unique": true, "Hash Cond": "(lineitem.l_orderkey = orders.o_orderkey)", "Plans": [{"Node Type": "Index Scan", "Parent Relationship": "Outer", "Parallel Aware": false, "Async Capable": false, "Scan Direction": "Forward", "Index Name": "idx_lineitem_orderkey", "Relation Name": "lineitem", "Alias": "lineitem", "Startup Cost": 10000000000.57, "Total Cost": 10002405069.93, "Plan Rows": 59988424, "Plan Width": 12}, {"Node Type": "Hash", "Parent Relationship": "Inner", "Parallel Aware": false, "Async Capable": false, "Startup Cost": 391628.78, "Total Cost": 391628.78, "Plan Rows": 4546865, "Plan Width": 8, "Plans": [{"Node Type": "Bitmap Heap Scan", "Parent Relationship": "Outer", "Parallel Aware": false, "Async Capable": false, "Relation Name": "orders", "Alias": "orders", "Startup Cost": 62153.8, "Total Cost": 391628.78, "Plan Rows": 4546865, "Plan Width": 8, "Recheck Cond": "((o_orderdate >= '1995-01-01'::date) AND (o_orderdate <= '1996-12-31'::date))", "Plans": [{"Node Type": "Bitmap Index Scan", "Parent Relationship": "Outer", "Parallel Aware": false, "Async Capable": false, "Index Name": "idx_orders_orderdate", "Startup Cost": 0.0, "Total Cost": 61017.08, "Plan Rows": 4546865, "Plan Width": 0, "Index Cond": "((o_orderdate >= '1995-01-01'::date) AND (o_orderdate <= '1996-12-31'::date))"}]}]}]}, {"Node Type": "Hash", "Parent Relationship": "Inner", "Parallel Aware": false, "Async Capable": false, "Startup Cost": 10000097943.62, "Total Cost": 10000097943.62, "Plan Rows": 13147, "Plan Width": 4, "Plans": [{"Node Type": "Index Scan", "Parent Relationship": "Outer", "Parallel Aware": false, "Async Capable": false, "Scan Direction": "Forward", "Index Name": "part_pkey", "Relation Name": "part", "Alias": "part", "Startup Cost": 10000000000.43, "Total Cost": 10000097943.62, "Plan Rows": 13147, "Plan Width": 4, "Filter": "((p_type)::text = 'PROMO ANODIZED COPPER'::text)"}]}]}]}]}, {"Node Type": "Hash", "Parent Relationship": "Inner", "Parallel Aware": false, "Async Capable": false, "Startup Cost": 20000000039.09, "Total Cost": 20000000039.09, "Plan Rows": 5, "Plan Width": 4, "Plans": [{"Node Type": "Nested Loop", "Parent Relationship": "Outer", "Parallel Aware": false, "Async Capable": false, "Join Type": "Inner", "Startup Cost": 20000000000.61, "Total Cost": 20000000039.09, "Plan Rows": 5, "Plan Width": 4, "Inner Unique": true, "Plans": [{"Node Type": "Index Scan", "Parent Relationship": "Outer", "Parallel Aware": false, "Async Capable": false, "Scan Direction": "Forward", "Index Name": "nation_pkey", "Relation Name": "nation", "Alias": "n1", "Startup Cost": 10000000000.14, "Total Cost": 10000000012.51, "Plan Rows": 25, "Plan Width": 8}, {"Node Type": "Memoize", "Parent Relationship": "Inner", "Parallel Aware": false, "Async Capable": false, "Startup Cost": 0.47, "Total Cost": 4.49, "Plan Rows": 1, "Plan Width": 4, "Cache Key": "n1.n_regionkey", "Cache Mode": "logical", "Plans": [{"Node Type": "Bitmap Heap Scan", "Parent Relationship": "Outer", "Parallel Aware": false, "Async Capable": false, "Relation Name": "region", "Alias": "region", "Startup Cost": 0.46, "Total Cost": 4.48, "Plan Rows": 1, "Plan Width": 4, "Recheck Cond": "(n1.n_regionkey = r_regionkey)", "Filter": "(r_name = 'MIDDLE EAST'::bpchar)", "Plans": [{"Node Type": "Bitmap Index Scan", "Parent Relationship": "Outer", "Parallel Aware": false, "Async Capable": false, "Index Name": "region_pkey", "Startup Cost": 0.0, "Total Cost": 0.46, "Plan Rows": 1, "Plan Width": 0, "Index Cond": "(r_regionkey = n1.n_regionkey)"}]}]}]}]}]}]}]}, {"Node Type": "Hash", "Parent Relationship": "Inner", "Parallel Aware": false, "Async Capable": false, "Startup Cost": 10000000012.51, "Total Cost": 10000000012.51, "Plan Rows": 25, "Plan Width": 4, "Plans": [{"Node Type": "Index Only Scan", "Parent Relationship": "Outer", "Parallel Aware": false, "Async Capable": false, "Scan Direction": "Forward", "Index Name": "nation_pkey", "Relation Name": "nation", "Alias": "n2", "Startup Cost": 10000000000.14, "Total Cost": 10000000012.51, "Plan Rows": 25, "Plan Width": 4}]}]}]}}, {"Plan": {"Node Type": "Aggregate", "Strategy": "Plain", "Partial Mode": "Finalize", "Parallel Aware": false, "Async Capable": false, "Startup Cost": 2402468.82, "Total Cost": 2402468.83, "Plan Rows": 1, "Plan Width": 8, "Plans": [{"Node Type": "Gather", "Parent Relationship": "Outer", "Parallel Aware": false, "Async Capable": false, "Startup Cost": 2402468.7, "Total Cost": 2402468.81, "Plan Rows": 1, "Plan Width": 8, "Workers Planned": 1, "Single Copy": false, "Plans": [{"Node Type": "Aggregate", "Strategy": "Plain", "Partial Mode": "Partial", "Parent Relationship": "Outer", "Parallel Aware": false, "Async Capable": false, "Startup Cost": 2401468.7, "Total Cost": 2401468.71, "Plan Rows": 1, "Plan Width": 8, "Plans": [{"Node Type": "Hash Join", "Parent Relationship": "Outer", "Parallel Aware": false, "Async Capable": false, "Join Type": "Inner", "Startup Cost": 2396673.6, "Total Cost": 2401433.64, "Plan Rows": 14026, "Plan Width": 0, "Inner Unique": true, "Hash Cond": "(supplier.s_nationkey = n2.n_nationkey)", "Plans": [{"Node Type": "Hash Join", "Parent Relationship": "Outer", "Parallel Aware": true, "Async Capable": false, "Join Type": "Inner", "Startup Cost": 2396660.77, "Total Cost": 2401377.75, "Plan Rows": 14026, "Plan Width": 4, "Inner Unique": false, "Hash Cond": "(supplier.s_suppkey = lineitem.l_suppkey)", "Plans": [{"Node Type": "Index Scan", "Parent Relationship": "Outer", "Parallel Aware": true, "Async Capable": false, "Scan Direction": "Forward", "Index Name": "supplier_pkey", "Relation Name": "supplier", "Alias": "supplier", "Startup Cost": 0.29, "Total Cost": 4461.61, "Plan Rows": 58824, "Plan Width": 8}, {"Node Type": "Hash", "Parent Relationship": "Inner", "Parallel Aware": true, "Async Capable": false, "Startup Cost": 2396585.77, "Total Cost": 2396585.77, "Plan Rows": 5977, "Plan Width": 4, "Plans": [{"Node Type": "Hash Join", "Parent Relationship": "Outer", "Parallel Aware": false, "Async Capable": false, "Join Type": "Inner", "Startup Cost": 2331255.6, "Total Cost": 2396585.77, "Plan Rows": 5977, "Plan Width": 4, "Inner Unique": false, "Hash Cond": "(customer.c_nationkey = n1.n_nationkey)", "Plans": [{"Node Type": "Hash Join", "Parent Relationship": "Outer", "Parallel Aware": true, "Async Capable": false, "Join Type": "Inner", "Startup Cost": 2331230.67, "Total Cost": 2396389.01, "Plan Rows": 29883, "Plan Width": 8, "Inner Unique": false, "Hash Cond": "(customer.c_custkey = orders.o_custkey)", "Plans": [{"Node Type": "Index Scan", "Parent Relationship": "Outer", "Parallel Aware": true, "Async Capable": false, "Scan Direction": "Forward", "Index Name": "customer_pkey", "Relation Name": "customer", "Alias": "customer", "Startup Cost": 0.43, "Total Cost": 63702.71, "Plan Rows": 375000, "Plan Width": 8}, {"Node Type": "Hash", "Parent Relationship": "Inner", "Parallel Aware": true, "Async Capable": false, "Startup Cost": 2330981.22, "Total Cost": 2330981.22, "Plan Rows": 19922, "Plan Width": 8, "Plans": [{"Node Type": "Hash Join", "Parent Relationship": "Outer", "Parallel Aware": true, "Async Capable": false, "Join Type": "Inner", "Startup Cost": 2055471.81, "Total Cost": 2330981.22, "Plan Rows": 19922, "Plan Width": 8, "Inner Unique": false, "Hash Cond": "(orders.o_orderkey = lineitem.l_orderkey)", "Plans": [{"Node Type": "Bitmap Heap Scan", "Parent Relationship": "Outer", "Parallel Aware": true, "Async Capable": false, "Relation Name": "orders", "Alias": "orders", "Startup Cost": 62153.8, "Total Cost": 334792.96, "Plan Rows": 757811, "Plan Width": 8, "Recheck Cond": "((o_orderdate >= '1995-01-01'::date) AND (o_orderdate <= '1996-12-31'::date))", "Plans": [{"Node Type": "Bitmap Index Scan", "Parent Relationship": "Outer", "Parallel Aware": false, "Async Capable": false, "Index Name": "idx_orders_orderdate", "Startup Cost": 0.0, "Total Cost": 61017.08, "Plan Rows": 4546865, "Plan Width": 0, "Index Cond": "((o_orderdate >= '1995-01-01'::date) AND (o_orderdate <= '1996-12-31'::date))"}]}, {"Node Type": "Hash", "Parent Relationship": "Inner", "Parallel Aware": true, "Async Capable": false, "Startup Cost": 1992613.84, "Total Cost": 1992613.84, "Plan Rows": 56333, "Plan Width": 8, "Plans": [{"Node Type": "Hash Join", "Parent Relationship": "Outer", "Parallel Aware": true, "Async Capable": false, "Join Type": "Inner", "Startup Cost": 79235.27, "Total Cost": 1992613.84, "Plan Rows": 56333, "Plan Width": 8, "Inner Unique": true, "Hash Cond": "(lineitem.l_partkey = part.p_partkey)", "Plans": [{"Node Type": "Index Scan", "Parent Relationship": "Outer", "Parallel Aware": true, "Async Capable": false, "Scan Direction": "Forward", "Index Name": "idx_lineitem_orderkey", "Relation Name": "lineitem", "Alias": "lineitem", "Startup Cost": 0.56, "Total Cost": 1890883.43, "Plan Rows": 8569775, "Plan Width": 12}, {"Node Type": "Hash", "Parent Relationship": "Inner", "Parallel Aware": true, "Async Capable": false, "Startup Cost": 79193.62, "Total Cost": 79193.62, "Plan Rows": 3287, "Plan Width": 4, "Plans": [{"Node Type": "Index Scan", "Parent Relationship": "Outer", "Parallel Aware": true, "Async Capable": false, "Scan Direction": "Forward", "Index Name": "part_pkey", "Relation Name": "part", "Alias": "part", "Startup Cost": 0.43, "Total Cost": 79193.62, "Plan Rows": 3287, "Plan Width": 4, "Filter": "((p_type)::text = 'PROMO ANODIZED COPPER'::text)"}]}]}]}]}]}]}, {"Node Type": "Hash", "Parent Relationship": "Inner", "Parallel Aware": false, "Async Capable": false, "Startup Cost": 24.87, "Total Cost": 24.87, "Plan Rows": 5, "Plan Width": 4, "Plans": [{"Node Type": "Hash Join", "Parent Relationship": "Outer", "Parallel Aware": false, "Async Capable": false, "Join Type": "Inner", "Startup Cost": 12.37, "Total Cost": 24.87, "Plan Rows": 5, "Plan Width": 4, "Inner Unique": true, "Hash Cond": "(n1.n_regionkey = region.r_regionkey)", "Plans": [{"Node Type": "Index Scan", "Parent Relationship": "Outer", "Parallel Aware": false, "Async Capable": false, "Scan Direction": "Forward", "Index Name": "idx_nation_regionkey", "Relation Name": "nation", "Alias": "n1", "Startup Cost": 0.14, "Total Cost": 12.51, "Plan Rows": 25, "Plan Width": 8}, {"Node Type": "Hash", "Parent Relationship": "Inner", "Parallel Aware": false, "Async Capable": false, "Startup Cost": 12.22, "Total Cost": 12.22, "Plan Rows": 1, "Plan Width": 4, "Plans": [{"Node Type": "Index Scan", "Parent Relationship": "Outer", "Parallel Aware": false, "Async Capable": false, "Scan Direction": "Forward", "Index Name": "region_pkey", "Relation Name": "region", "Alias": "region", "Startup Cost": 0.13, "Total Cost": 12.22, "Plan Rows": 1, "Plan Width": 4, "Filter": "(r_name = 'MIDDLE EAST'::bpchar)"}]}]}]}]}]}]}, {"Node Type": "Hash", "Parent Relationship": "Inner", "Parallel Aware": false, "Async Capable": false, "Startup Cost": 12.51, "Total Cost": 12.51, "Plan Rows": 25, "Plan Width": 4, "Plans": [{"Node Type": "Index Only Scan", "Parent Relationship": "Outer", "Parallel Aware": false, "Async Capable": false, "Scan Direction": "Forward", "Index Name": "nation_pkey", "Relation Name": "nation", "Alias": "n2", "Startup Cost": 0.14, "Total Cost": 12.51, "Plan Rows": 25, "Plan Width": 4}]}]}]}]}]}}, {"Plan": {"Node Type": "Aggregate", "Strategy": "Plain", "Partial Mode": "Finalize", "Parallel Aware": false, "Async Capable": false, "Startup Cost": 2402468.8, "Total Cost": 2402468.81, "Plan Rows": 1, "Plan Width": 8, "Plans": [{"Node Type": "Gather", "Parent Relationship": "Outer", "Parallel Aware": false, "Async Capable": false, "Startup Cost": 2402468.68, "Total Cost": 2402468.79, "Plan Rows": 1, "Plan Width": 8, "Workers Planned": 1, "Single Copy": false, "Plans": [{"Node Type": "Aggregate", "Strategy": "Plain", "Partial Mode": "Partial", "Parent Relationship": "Outer", "Parallel Aware": false, "Async Capable": false, "Startup Cost": 2401468.68, "Total Cost": 2401468.69, "Plan Rows": 1, "Plan Width": 8, "Plans": [{"Node Type": "Hash Join", "Parent Relationship": "Outer", "Parallel Aware": false, "Async Capable": false, "Join Type": "Inner", "Startup Cost": 2396673.58, "Total Cost": 2401433.62, "Plan Rows": 14026, "Plan Width": 0, "Inner Unique": true, "Hash Cond": "(supplier.s_nationkey = n2.n_nationkey)", "Plans": [{"Node Type": "Hash Join", "Parent Relationship": "Outer", "Parallel Aware": true, "Async Capable": false, "Join Type": "Inner", "Startup Cost": 2396660.76, "Total Cost": 2401377.73, "Plan Rows": 14026, "Plan Width": 4, "Inner Unique": false, "Hash Cond": "(supplier.s_suppkey = lineitem.l_suppkey)", "Plans": [{"Node Type": "Index Scan", "Parent Relationship": "Outer", "Parallel Aware": true, "Async Capable": false, "Scan Direction": "Forward", "Index Name": "supplier_pkey", "Relation Name": "supplier", "Alias": "supplier", "Startup Cost": 0.29, "Total Cost": 4461.61, "Plan Rows": 58824, "Plan Width": 8}, {"Node Type": "Hash", "Parent Relationship": "Inner", "Parallel Aware": true, "Async Capable": false, "Startup Cost": 2396585.75, "Total Cost": 2396585.75, "Plan Rows": 5977, "Plan Width": 4, "Plans": [{"Node Type": "Hash Join", "Parent Relationship": "Outer", "Parallel Aware": false, "Async Capable": false, "Join Type": "Inner", "Startup Cost": 2331255.58, "Total Cost": 2396585.75, "Plan Rows": 5977, "Plan Width": 4, "Inner Unique": false, "Hash Cond": "(customer.c_nationkey = n1.n_nationkey)", "Plans": [{"Node Type": "Hash Join", "Parent Relationship": "Outer", "Parallel Aware": true, "Async Capable": false, "Join Type": "Inner", "Startup Cost": 2331230.67, "Total Cost": 2396389.01, "Plan Rows": 29883, "Plan Width": 8, "Inner Unique": false, "Hash Cond": "(customer.c_custkey = orders.o_custkey)", "Plans": [{"Node Type": "Index Scan", "Parent Relationship": "Outer", "Parallel Aware": true, "Async Capable": false, "Scan Direction": "Forward", "Index Name": "customer_pkey", "Relation Name": "customer", "Alias": "customer", "Startup Cost": 0.43, "Total Cost": 63702.71, "Plan Rows": 375000, "Plan Width": 8}, {"Node Type": "Hash", "Parent Relationship": "Inner", "Parallel Aware": true, "Async Capable": false, "Startup Cost": 2330981.22, "Total Cost": 2330981.22, "Plan Rows": 19922, "Plan Width": 8, "Plans": [{"Node Type": "Hash Join", "Parent Relationship": "Outer", "Parallel Aware": true, "Async Capable": false, "Join Type": "Inner", "Startup Cost": 2055471.81, "Total Cost": 2330981.22, "Plan Rows": 19922, "Plan Width": 8, "Inner Unique": false, "Hash Cond": "(orders.o_orderkey = lineitem.l_orderkey)", "Plans": [{"Node Type": "Bitmap Heap Scan", "Parent Relationship": "Outer", "Parallel Aware": true, "Async Capable": false, "Relation Name": "orders", "Alias": "orders", "Startup Cost": 62153.8, "Total Cost": 334792.96, "Plan Rows": 757811, "Plan Width": 8, "Recheck Cond": "((o_orderdate >= '1995-01-01'::date) AND (o_orderdate <= '1996-12-31'::date))", "Plans": [{"Node Type": "Bitmap Index Scan", "Parent Relationship": "Outer", "Parallel Aware": false, "Async Capable": false, "Index Name": "idx_orders_orderdate", "Startup Cost": 0.0, "Total Cost": 61017.08, "Plan Rows": 4546865, "Plan Width": 0, "Index Cond": "((o_orderdate >= '1995-01-01'::date) AND (o_orderdate <= '1996-12-31'::date))"}]}, {"Node Type": "Hash", "Parent Relationship": "Inner", "Parallel Aware": true, "Async Capable": false, "Startup Cost": 1992613.84, "Total Cost": 1992613.84, "Plan Rows": 56333, "Plan Width": 8, "Plans": [{"Node Type": "Hash Join", "Parent Relationship": "Outer", "Parallel Aware": true, "Async Capable": false, "Join Type": "Inner", "Startup Cost": 79235.27, "Total Cost": 1992613.84, "Plan Rows": 56333, "Plan Width": 8, "Inner Unique": true, "Hash Cond": "(lineitem.l_partkey = part.p_partkey)", "Plans": [{"Node Type": "Index Scan", "Parent Relationship": "Outer", "Parallel Aware": true, "Async Capable": false, "Scan Direction": "Forward", "Index Name": "idx_lineitem_orderkey", "Relation Name": "lineitem", "Alias": "lineitem", "Startup Cost": 0.56, "Total Cost": 1890883.43, "Plan Rows": 8569775, "Plan Width": 12}, {"Node Type": "Hash", "Parent Relationship": "Inner", "Parallel Aware": true, "Async Capable": false, "Startup Cost": 79193.62, "Total Cost": 79193.62, "Plan Rows": 3287, "Plan Width": 4, "Plans": [{"Node Type": "Index Scan", "Parent Relationship": "Outer", "Parallel Aware": true, "Async Capable": false, "Scan Direction": "Forward", "Index Name": "part_pkey", "Relation Name": "part", "Alias": "part", "Startup Cost": 0.43, "Total Cost": 79193.62, "Plan Rows": 3287, "Plan Width": 4, "Filter": "((p_type)::text = 'PROMO ANODIZED COPPER'::text)"}]}]}]}]}]}]}, {"Node Type": "Hash", "Parent Relationship": "Inner", "Parallel Aware": false, "Async Capable": false, "Startup Cost": 24.85, "Total Cost": 24.85, "Plan Rows": 5, "Plan Width": 4, "Plans": [{"Node Type": "Merge Join", "Parent Relationship": "Outer", "Parallel Aware": false, "Async Capable": false, "Join Type": "Inner", "Startup Cost": 0.27, "Total Cost": 24.85, "Plan Rows": 5, "Plan Width": 4, "Inner Unique": true, "Merge Cond": "(n1.n_regionkey = region.r_regionkey)", "Plans": [{"Node Type": "Index Scan", "Parent Relationship": "Outer", "Parallel Aware": false, "Async Capable": false, "Scan Direction": "Forward", "Index Name": "idx_nation_regionkey", "Relation Name": "nation", "Alias": "n1", "Startup Cost": 0.14, "Total Cost": 12.51, "Plan Rows": 25, "Plan Width": 8}, {"Node Type": "Index Scan", "Parent Relationship": "Inner", "Parallel Aware": false, "Async Capable": false, "Scan Direction": "Forward", "Index Name": "region_pkey", "Relation Name": "region", "Alias": "region", "Startup Cost": 0.13, "Total Cost": 12.22, "Plan Rows": 1, "Plan Width": 4, "Filter": "(r_name = 'MIDDLE EAST'::bpchar)"}]}]}]}]}]}, {"Node Type": "Hash", "Parent Relationship": "Inner", "Parallel Aware": false, "Async Capable": false, "Startup Cost": 12.51, "Total Cost": 12.51, "Plan Rows": 25, "Plan Width": 4, "Plans": [{"Node Type": "Index Only Scan", "Parent Relationship": "Outer", "Parallel Aware": false, "Async Capable": false, "Scan Direction": "Forward", "Index Name": "nation_pkey", "Relation Name": "nation", "Alias": "n2", "Startup Cost": 0.14, "Total Cost": 12.51, "Plan Rows": 25, "Plan Width": 4}]}]}]}]}]}}, {"Plan": {"Node Type": "Aggregate", "Strategy": "Plain", "Partial Mode": "Finalize", "Parallel Aware": false, "Async Capable": false, "Startup Cost": 495579.29, "Total Cost": 495579.3, "Plan Rows": 1, "Plan Width": 8, "Plans": [{"Node Type": "Gather", "Parent Relationship": "Outer", "Parallel Aware": false, "Async Capable": false, "Startup Cost": 495578.87, "Total Cost": 495579.28, "Plan Rows": 4, "Plan Width": 8, "Workers Planned": 4, "Single Copy": false, "Plans": [{"Node Type": "Aggregate", "Strategy": "Plain", "Partial Mode": "Partial", "Parent Relationship": "Outer", "Parallel Aware": false, "Async Capable": false, "Startup Cost": 494578.87, "Total Cost": 494578.88, "Plan Rows": 1, "Plan Width": 8, "Plans": [{"Node Type": "Hash Join", "Parent Relationship": "Outer", "Parallel Aware": false, "Async Capable": false, "Join Type": "Inner", "Startup Cost": 31.71, "Total Cost": 494563.97, "Plan Rows": 5961, "Plan Width": 0, "Inner Unique": true, "Hash Cond": "(supplier.s_nationkey = n2.n_nationkey)", "Plans": [{"Node Type": "Nested Loop", "Parent Relationship": "Outer", "Parallel Aware": false, "Async Capable": false, "Join Type": "Inner", "Startup Cost": 18.89, "Total Cost": 494532.85, "Plan Rows": 5961, "Plan Width": 4, "Inner Unique": true, "Plans": [{"Node Type": "Hash Join", "Parent Relationship": "Outer", "Parallel Aware": false, "Async Capable": false, "Join Type": "Inner", "Startup Cost": 18.59, "Total Cost": 492678.97, "Plan Rows": 5977, "Plan Width": 4, "Inner Unique": false, "Hash Cond": "(customer.c_nationkey = n1.n_nationkey)", "Plans": [{"Node Type": "Nested Loop", "Parent Relationship": "Outer", "Parallel Aware": false, "Async Capable": false, "Join Type": "Inner", "Startup Cost": 1.73, "Total Cost": 492490.27, "Plan Rows": 29883, "Plan Width": 8, "Inner Unique": true, "Plans": [{"Node Type": "Nested Loop", "Parent Relationship": "Outer", "Parallel Aware": false, "Async Capable": false, "Join Type": "Inner", "Startup Cost": 1.3, "Total Cost": 478138.15, "Plan Rows": 29883, "Plan Width": 8, "Inner Unique": true, "Plans": [{"Node Type": "Nested Loop", "Parent Relationship": "Outer", "Parallel Aware": false, "Async Capable": false, "Join Type": "Inner", "Startup Cost": 0.87, "Total Cost": 431048.12, "Plan Rows": 98584, "Plan Width": 8, "Inner Unique": false, "Plans": [{"Node Type": "Index Scan", "Parent Relationship": "Outer", "Parallel Aware": true, "Async Capable": false, "Scan Direction": "Forward", "Index Name": "part_pkey", "Relation Name": "part", "Alias": "part", "Startup Cost": 0.43, "Total Cost": 79193.62, "Plan Rows": 3287, "Plan Width": 4, "Filter": "((p_type)::text = 'PROMO ANODIZED COPPER'::text)"}, {"Node Type": "Index Scan", "Parent Relationship": "Inner", "Parallel Aware": false, "Async Capable": false, "Scan Direction": "Forward", "Index Name": "idx_lineitem_part_supp", "Relation Name": "lineitem", "Alias": "lineitem", "Startup Cost": 0.44, "Total Cost": 106.74, "Plan Rows": 30, "Plan Width": 12, "Index Cond": "(l_partkey = part.p_partkey)"}]}, {"Node Type": "Index Scan", "Parent Relationship": "Inner", "Parallel Aware": false, "Async Capable": false, "Scan Direction": "Forward", "Index Name": "orders_pkey", "Relation Name": "orders", "Alias": "orders", "Startup Cost": 0.43, "Total Cost": 0.48, "Plan Rows": 1, "Plan Width": 8, "Index Cond": "(o_orderkey = lineitem.l_orderkey)", "Filter": "((o_orderdate >= '1995-01-01'::date) AND (o_orderdate <= '1996-12-31'::date))"}]}, {"Node Type": "Index Scan", "Parent Relationship": "Inner", "Parallel Aware": false, "Async Capable": false, "Scan Direction": "Forward", "Index Name": "customer_pkey", "Relation Name": "customer", "Alias": "customer", "Startup Cost": 0.43, "Total Cost": 0.48, "Plan Rows": 1, "Plan Width": 8, "Index Cond": "(c_custkey = orders.o_custkey)"}]}, {"Node Type": "Hash", "Parent Relationship": "Inner", "Parallel Aware": false, "Async Capable": false, "Startup Cost": 16.8, "Total Cost": 16.8, "Plan Rows": 5, "Plan Width": 4, "Plans": [{"Node Type": "Nested Loop", "Parent Relationship": "Outer", "Parallel Aware": false, "Async Capable": false, "Join Type": "Inner", "Startup Cost": 0.28, "Total Cost": 16.8, "Plan Rows": 5, "Plan Width": 4, "Inner Unique": true, "Plans": [{"Node Type": "Index Scan", "Parent Relationship": "Outer", "Parallel Aware": false, "Async Capable": false, "Scan Direction": "Forward", "Index Name": "nation_pkey", "Relation Name": "nation", "Alias": "n1", "Startup Cost": 0.14, "Total Cost": 12.51, "Plan Rows": 25, "Plan Width": 8}, {"Node Type": "Memoize", "Parent Relationship": "Inner", "Parallel Aware": false, "Async Capable": false, "Startup Cost": 0.14, "Total Cost": 0.64, "Plan Rows": 1, "Plan Width": 4, "Cache Key": "n1.n_regionkey", "Cache Mode": "logical", "Plans": [{"Node Type": "Index Scan", "Parent Relationship": "Outer", "Parallel Aware": false, "Async Capable": false, "Scan Direction": "Forward", "Index Name": "region_pkey", "Relation Name": "region", "Alias": "region", "Startup Cost": 0.13, "Total Cost": 0.63, "Plan Rows": 1, "Plan Width": 4, "Index Cond": "(r_regionkey = n1.n_regionkey)", "Filter": "(r_name = 'MIDDLE EAST'::bpchar)"}]}]}]}]}, {"Node Type": "Index Scan", "Parent Relationship": "Inner", "Parallel Aware": false, "Async Capable": false, "Scan Direction": "Forward", "Index Name": "supplier_pkey", "Relation Name": "supplier", "Alias": "supplier", "Startup Cost": 0.29, "Total Cost": 0.31, "Plan Rows": 1, "Plan Width": 8, "Index Cond": "(s_suppkey = lineitem.l_suppkey)"}]}, {"Node Type": "Hash", "Parent Relationship": "Inner", "Parallel Aware": false, "Async Capable": false, "Startup Cost": 12.51, "Total Cost": 12.51, "Plan Rows": 25, "Plan Width": 4, "Plans": [{"Node Type": "Index Only Scan", "Parent Relationship": "Outer", "Parallel Aware": false, "Async Capable": false, "Scan Direction": "Forward", "Index Name": "nation_pkey", "Relation Name": "nation", "Alias": "n2", "Startup Cost": 0.14, "Total Cost": 12.51, "Plan Rows": 25, "Plan Width": 4}]}]}]}]}]}}, {"Plan": {"Node Type": "Aggregate", "Strategy": "Plain", "Partial Mode": "Finalize", "Parallel Aware": false, "Async Capable": false, "Startup Cost": 1628842.52, "Total Cost": 1628842.53, "Plan Rows": 1, "Plan Width": 8, "Plans": [{"Node Type": "Gather", "Parent Relationship": "Outer", "Parallel Aware": false, "Async Capable": false, "Startup Cost": 1628842.41, "Total Cost": 1628842.52, "Plan Rows": 1, "Plan Width": 8, "Workers Planned": 1, "Single Copy": false, "Plans": [{"Node Type": "Aggregate", "Strategy": "Plain", "Partial Mode": "Partial", "Parent Relationship": "Outer", "Parallel Aware": false, "Async Capable": false, "Startup Cost": 1627842.41, "Total Cost": 1627842.42, "Plan Rows": 1, "Plan Width": 8, "Plans": [{"Node Type": "Hash Join", "Parent Relationship": "Outer", "Parallel Aware": false, "Async Capable": false, "Join Type": "Inner", "Startup Cost": 1624656.39, "Total Cost": 1627807.35, "Plan Rows": 14026, "Plan Width": 0, "Inner Unique": true, "Hash Cond": "(supplier.s_nationkey = n2.n_nationkey)", "Plans": [{"Node Type": "Hash Join", "Parent Relationship": "Outer", "Parallel Aware": true, "Async Capable": false, "Join Type": "Inner", "Startup Cost": 1624654.83, "Total Cost": 1627762.72, "Plan Rows": 14026, "Plan Width": 4, "Inner Unique": false, "Hash Cond": "(supplier.s_suppkey = lineitem.l_suppkey)", "Plans": [{"Node Type": "Seq Scan", "Parent Relationship": "Outer", "Parallel Aware": true, "Async Capable": false, "Relation Name": "supplier", "Alias": "supplier", "Startup Cost": 0.0, "Total Cost": 2852.24, "Plan Rows": 58824, "Plan Width": 8}, {"Node Type": "Hash", "Parent Relationship": "Inner", "Parallel Aware": true, "Async Capable": false, "Startup Cost": 1624580.12, "Total Cost": 1624580.12, "Plan Rows": 5977, "Plan Width": 4, "Plans": [{"Node Type": "Hash Join", "Parent Relationship": "Outer", "Parallel Aware": false, "Async Capable": false, "Join Type": "Inner", "Startup Cost": 1583218.23, "Total Cost": 1624580.12, "Plan Rows": 5977, "Plan Width": 4, "Inner Unique": false, "Hash Cond": "(customer.c_nationkey = n1.n_nationkey)", "Plans": [{"Node Type": "Hash Join", "Parent Relationship": "Outer", "Parallel Aware": true, "Async Capable": false, "Join Type": "Inner", "Startup Cost": 1583215.73, "Total Cost": 1624405.78, "Plan Rows": 29883, "Plan Width": 8, "Inner Unique": false, "Hash Cond": "(customer.c_custkey = orders.o_custkey)", "Plans": [{"Node Type": "Seq Scan", "Parent Relationship": "Outer", "Parallel Aware": true, "Async Capable": false, "Relation Name": "customer", "Alias": "customer", "Startup Cost": 0.0, "Total Cost": 39734.0, "Plan Rows": 375000, "Plan Width": 8}, {"Node Type": "Hash", "Parent Relationship": "Inner", "Parallel Aware": true, "Async Capable": false, "Startup Cost": 1582966.7, "Total Cost": 1582966.7, "Plan Rows": 19922, "Plan Width": 8, "Plans": [{"Node Type": "Hash Join", "Parent Relationship": "Outer", "Parallel Aware": true, "Async Capable": false, "Join Type": "Inner", "Startup Cost": 1281324.7, "Total Cost": 1582966.7, "Plan Rows": 19922, "Plan Width": 8, "Inner Unique": false, "Hash Cond": "(orders.o_orderkey = lineitem.l_orderkey)", "Plans": [{"Node Type": "Seq Scan", "Parent Relationship": "Outer", "Parallel Aware": true, "Async Capable": false, "Relation Name": "orders", "Alias": "orders", "Startup Cost": 0.0, "Total Cost": 298771.75, "Plan Rows": 757811, "Plan Width": 8, "Filter": "((o_orderdate >= '1995-01-01'::date) AND (o_orderdate <= '1996-12-31'::date))"}, {"Node Type": "Hash", "Parent Relationship": "Inner", "Parallel Aware": true, "Async Capable": false, "Startup Cost": 1280620.54, "Total Cost": 1280620.54, "Plan Rows": 56333, "Plan Width": 8, "Plans": [{"Node Type": "Hash Join", "Parent Relationship": "Outer", "Parallel Aware": true, "Async Capable": false, "Join Type": "Inner", "Startup Cost": 47283.09, "Total Cost": 1280620.54, "Plan Rows": 56333, "Plan Width": 8, "Inner Unique": true, "Hash Cond": "(lineitem.l_partkey = part.p_partkey)", "Plans": [{"Node Type": "Seq Scan", "Parent Relationship": "Outer", "Parallel Aware": true, "Async Capable": false, "Relation Name": "lineitem", "Alias": "lineitem", "Startup Cost": 0.0, "Total Cost": 1210841.75, "Plan Rows": 8569775, "Plan Width": 12}, {"Node Type": "Hash", "Parent Relationship": "Inner", "Parallel Aware": true, "Async Capable": false, "Startup Cost": 47242.0, "Total Cost": 47242.0, "Plan Rows": 3287, "Plan Width": 4, "Plans": [{"Node Type": "Seq Scan", "Parent Relationship": "Outer", "Parallel Aware": true, "Async Capable": false, "Relation Name": "part", "Alias": "part", "Startup Cost": 0.0, "Total Cost": 47242.0, "Plan Rows": 3287, "Plan Width": 4, "Filter": "((p_type)::text = 'PROMO ANODIZED COPPER'::text)"}]}]}]}]}]}]}, {"Node Type": "Hash", "Parent Relationship": "Inner", "Parallel Aware": false, "Async Capable": false, "Startup Cost": 2.45, "Total Cost": 2.45, "Plan Rows": 5, "Plan Width": 4, "Plans": [{"Node Type": "Hash Join", "Parent Relationship": "Outer", "Parallel Aware": false, "Async Capable": false, "Join Type": "Inner", "Startup Cost": 1.07, "Total Cost": 2.45, "Plan Rows": 5, "Plan Width": 4, "Inner Unique": true, "Hash Cond": "(n1.n_regionkey = region.r_regionkey)", "Plans": [{"Node Type": "Seq Scan", "Parent Relationship": "Outer", "Parallel Aware": false, "Async Capable": false, "Relation Name": "nation", "Alias": "n1", "Startup Cost": 0.0, "Total Cost": 1.25, "Plan Rows": 25, "Plan Width": 8}, {"Node Type": "Hash", "Parent Relationship": "Inner", "Parallel Aware": false, "Async Capable": false, "Startup Cost": 1.06, "Total Cost": 1.06, "Plan Rows": 1, "Plan Width": 4, "Plans": [{"Node Type": "Seq Scan", "Parent Relationship": "Outer", "Parallel Aware": false, "Async Capable": false, "Relation Name": "region", "Alias": "region", "Startup Cost": 0.0, "Total Cost": 1.06, "Plan Rows": 1, "Plan Width": 4, "Filter": "(r_name = 'MIDDLE EAST'::bpchar)"}]}]}]}]}]}]}, {"Node Type": "Hash", "Parent Relationship": "Inner", "Parallel Aware": false, "Async Capable": false, "Startup Cost": 1.25, "Total Cost": 1.25, "Plan Rows": 25, "Plan Width": 4, "Plans": [{"Node Type": "Seq Scan", "Parent Relationship": "Outer", "Parallel Aware": false, "Async Capable": false, "Relation Name": "nation", "Alias": "n2", "Startup Cost": 0.0, "Total Cost": 1.25, "Plan Rows": 25, "Plan Width": 4}]}]}]}]}]}}, {"Plan": {"Node Type": "Aggregate", "Strategy": "Plain", "Partial Mode": "Finalize", "Parallel Aware": false, "Async Capable": false, "Startup Cost": 7303854.46, "Total Cost": 7303854.47, "Plan Rows": 1, "Plan Width": 8, "Plans": [{"Node Type": "Gather", "Parent Relationship": "Outer", "Parallel Aware": false, "Async Capable": false, "Startup Cost": 7303853.83, "Total Cost": 7303854.44, "Plan Rows": 6, "Plan Width": 8, "Workers Planned": 6, "Single Copy": false, "Plans": [{"Node Type": "Aggregate", "Strategy": "Plain", "Partial Mode": "Partial", "Parent Relationship": "Outer", "Parallel Aware": false, "Async Capable": false, "Startup Cost": 7302853.83, "Total Cost": 7302853.84, "Plan Rows": 1, "Plan Width": 8, "Plans": [{"Node Type": "Nested Loop", "Parent Relationship": "Outer", "Parallel Aware": false, "Async Capable": false, "Join Type": "Inner", "Startup Cost": 62156.64, "Total Cost": 7302843.9, "Plan Rows": 3974, "Plan Width": 0, "Inner Unique": true, "Plans": [{"Node Type": "Nested Loop", "Parent Relationship": "Outer", "Parallel Aware": false, "Async Capable": false, "Join Type": "Inner", "Startup Cost": 62156.48, "Total Cost": 7302642.38, "Plan Rows": 3974, "Plan Width": 4, "Inner Unique": true, "Plans": [{"Node Type": "Nested Loop", "Parent Relationship": "Outer", "Parallel Aware": false, "Async Capable": false, "Join Type": "Inner", "Startup Cost": 62156.18, "Total Cost": 7285460.31, "Plan Rows": 3984, "Plan Width": 4, "Inner Unique": true, "Plans": [{"Node Type": "Nested Loop", "Parent Relationship": "Outer", "Parallel Aware": false, "Async Capable": false, "Join Type": "Inner", "Startup Cost": 62155.75, "Total Cost": 4587781.81, "Plan Rows": 606136, "Plan Width": 8, "Inner Unique": false, "Plans": [{"Node Type": "Nested Loop", "Parent Relationship": "Outer", "Parallel Aware": false, "Async Capable": false, "Join Type": "Inner", "Startup Cost": 62154.87, "Total Cost": 3745688.91, "Plan Rows": 151562, "Plan Width": 4, "Inner Unique": true, "Plans": [{"Node Type": "Nested Loop", "Parent Relationship": "Outer", "Parallel Aware": false, "Async Capable": false, "Join Type": "Inner", "Startup Cost": 62154.4, "Total Cost": 3726716.79, "Plan Rows": 757811, "Plan Width": 8, "Inner Unique": true, "Plans": [{"Node Type": "Nested Loop", "Parent Relationship": "Outer", "Parallel Aware": false, "Async Capable": false, "Join Type": "Inner", "Startup Cost": 62154.24, "Total Cost": 3708086.83, "Plan Rows": 757811, "Plan Width": 8, "Inner Unique": true, "Plans": [{"Node Type": "Bitmap Heap Scan", "Parent Relationship": "Outer", "Parallel Aware": true, "Async Capable": false, "Relation Name": "orders", "Alias": "orders", "Startup Cost": 62153.8, "Total Cost": 334792.96, "Plan Rows": 757811, "Plan Width": 8, "Recheck Cond": "((o_orderdate >= '1995-01-01'::date) AND (o_orderdate <= '1996-12-31'::date))", "Plans": [{"Node Type": "Bitmap Index Scan", "Parent Relationship": "Outer", "Parallel Aware": false, "Async Capable": false, "Index Name": "idx_orders_orderdate", "Startup Cost": 0.0, "Total Cost": 61017.08, "Plan Rows": 4546865, "Plan Width": 0, "Index Cond": "((o_orderdate >= '1995-01-01'::date) AND (o_orderdate <= '1996-12-31'::date))"}]}, {"Node Type": "Bitmap Heap Scan", "Parent Relationship": "Inner", "Parallel Aware": false, "Async Capable": false, "Relation Name": "customer", "Alias": "customer", "Startup Cost": 0.44, "Total Cost": 4.45, "Plan Rows": 1, "Plan Width": 8, "Recheck Cond": "(orders.o_custkey = c_custkey)", "Plans": [{"Node Type": "Bitmap Index Scan", "Parent Relationship": "Outer", "Parallel Aware": false, "Async Capable": false, "Index Name": "customer_pkey", "Startup Cost": 0.0, "Total Cost": 0.44, "Plan Rows": 1, "Plan Width": 0, "Index Cond": "(c_custkey = orders.o_custkey)"}]}]}, {"Node Type": "Memoize", "Parent Relationship": "Inner", "Parallel Aware": false, "Async Capable": false, "Startup Cost": 0.16, "Total Cost": 4.17, "Plan Rows": 1, "Plan Width": 8, "Cache Key": "customer.c_nationkey", "Cache Mode": "logical", "Plans": [{"Node Type": "Bitmap Heap Scan", "Parent Relationship": "Outer", "Parallel Aware": false, "Async Capable": false, "Relation Name": "nation", "Alias": "n1", "Startup Cost": 0.15, "Total Cost": 4.16, "Plan Rows": 1, "Plan Width": 8, "Recheck Cond": "(customer.c_nationkey = n_nationkey)", "Plans": [{"Node Type": "Bitmap Index Scan", "Parent Relationship": "Outer", "Parallel Aware": false, "Async Capable": false, "Index Name": "nation_pkey", "Startup Cost": 0.0, "Total Cost": 0.15, "Plan Rows": 1, "Plan Width": 0, "Index Cond": "(n_nationkey = customer.c_nationkey)"}]}]}]}, {"Node Type": "Memoize", "Parent Relationship": "Inner", "Parallel Aware": false, "Async Capable": false, "Startup Cost": 0.47, "Total Cost": 4.49, "Plan Rows": 1, "Plan Width": 4, "Cache Key": "n1.n_regionkey", "Cache Mode": "logical", "Plans": [{"Node Type": "Bitmap Heap Scan", "Parent Relationship": "Outer", "Parallel Aware": false, "Async Capable": false, "Relation Name": "region", "Alias": "region", "Startup Cost": 0.46, "Total Cost": 4.48, "Plan Rows": 1, "Plan Width": 4, "Recheck Cond": "(n1.n_regionkey = r_regionkey)", "Filter": "(r_name = 'MIDDLE EAST'::bpchar)", "Plans": [{"Node Type": "Bitmap Index Scan", "Parent Relationship": "Outer", "Parallel Aware": false, "Async Capable": false, "Index Name": "region_pkey", "Startup Cost": 0.0, "Total Cost": 0.46, "Plan Rows": 1, "Plan Width": 0, "Index Cond": "(r_regionkey = n1.n_regionkey)"}]}]}]}, {"Node Type": "Bitmap Heap Scan", "Parent Relationship": "Inner", "Parallel Aware": false, "Async Capable": false, "Relation Name": "lineitem", "Alias": "lineitem", "Startup Cost": 0.88, "Total Cost": 5.26, "Plan Rows": 30, "Plan Width": 12, "Recheck Cond": "(l_orderkey = orders.o_orderkey)", "Plans": [{"Node Type": "Bitmap Index Scan", "Parent Relationship": "Outer", "Parallel Aware": false, "Async Capable": false, "Index Name": "idx_lineitem_orderkey", "Startup Cost": 0.0, "Total Cost": 0.87, "Plan Rows": 30, "Plan Width": 0, "Index Cond": "(l_orderkey = orders.o_orderkey)"}]}]}, {"Node Type": "Bitmap Heap Scan", "Parent Relationship": "Inner", "Parallel Aware": false, "Async Capable": false, "Relation Name": "part", "Alias": "part", "Startup Cost": 0.44, "Total Cost": 4.45, "Plan Rows": 1, "Plan Width": 4, "Recheck Cond": "(p_partkey = lineitem.l_partkey)", "Filter": "((p_type)::text = 'PROMO ANODIZED COPPER'::text)", "Plans": [{"Node Type": "Bitmap Index Scan", "Parent Relationship": "Outer", "Parallel Aware": false, "Async Capable": false, "Index Name": "part_pkey", "Startup Cost": 0.0, "Total Cost": 0.44, "Plan Rows": 1, "Plan Width": 0, "Index Cond": "(p_partkey = lineitem.l_partkey)"}]}]}, {"Node Type": "Bitmap Heap Scan", "Parent Relationship": "Inner", "Parallel Aware": false, "Async Capable": false, "Relation Name": "supplier", "Alias": "supplier", "Startup Cost": 0.3, "Total Cost": 4.31, "Plan Rows": 1, "Plan Width": 8, "Recheck Cond": "(s_suppkey = lineitem.l_suppkey)", "Plans": [{"Node Type": "Bitmap Index Scan", "Parent Relationship": "Outer", "Parallel Aware": false, "Async Capable": false, "Index Name": "supplier_pkey", "Startup Cost": 0.0, "Total Cost": 0.3, "Plan Rows": 1, "Plan Width": 0, "Index Cond": "(s_suppkey = lineitem.l_suppkey)"}]}]}, {"Node Type": "Memoize", "Parent Relationship": "Inner", "Parallel Aware": false, "Async Capable": false, "Startup Cost": 0.16, "Total Cost": 4.17, "Plan Rows": 1, "Plan Width": 4, "Cache Key": "supplier.s_nationkey", "Cache Mode": "logical", "Plans": [{"Node Type": "Bitmap Heap Scan", "Parent Relationship": "Outer", "Parallel Aware": false, "Async Capable": false, "Relation Name": "nation", "Alias": "n2", "Startup Cost": 0.15, "Total Cost": 4.16, "Plan Rows": 1, "Plan Width": 4, "Recheck Cond": "(supplier.s_nationkey = n_nationkey)", "Plans": [{"Node Type": "Bitmap Index Scan", "Parent Relationship": "Outer", "Parallel Aware": false, "Async Capable": false, "Index Name": "nation_pkey", "Startup Cost": 0.0, "Total Cost": 0.15, "Plan Rows": 1, "Plan Width": 0, "Index Cond": "(n_nationkey = supplier.s_nationkey)"}]}]}]}]}]}]}}, {"Plan": {"Node Type": "Aggregate", "Strategy": "Plain", "Partial Mode": "Finalize", "Parallel Aware": false, "Async Capable": false, "Startup Cost": 749591.3, "Total Cost": 749591.31, "Plan Rows": 1, "Plan Width": 8, "Plans": [{"Node Type": "Gather", "Parent Relationship": "Outer", "Parallel Aware": false, "Async Capable": false, "Startup Cost": 749591.19, "Total Cost": 749591.3, "Plan Rows": 1, "Plan Width": 8, "Workers Planned": 1, "Single Copy": false, "Plans": [{"Node Type": "Aggregate", "Strategy": "Plain", "Partial Mode": "Partial", "Parent Relationship": "Outer", "Parallel Aware": false, "Async Capable": false, "Startup Cost": 748591.19, "Total Cost": 748591.2, "Plan Rows": 1, "Plan Width": 8, "Plans": [{"Node Type": "Hash Join", "Parent Relationship": "Outer", "Parallel Aware": false, "Async Capable": false, "Join Type": "Inner", "Startup Cost": 745416.86, "Total Cost": 748556.13, "Plan Rows": 14026, "Plan Width": 0, "Inner Unique": true, "Hash Cond": "(supplier.s_nationkey = n2.n_nationkey)", "Plans": [{"Node Type": "Hash Join", "Parent Relationship": "Outer", "Parallel Aware": true, "Async Capable": false, "Join Type": "Inner", "Startup Cost": 745415.3, "Total Cost": 748511.5, "Plan Rows": 14026, "Plan Width": 4, "Inner Unique": false, "Hash Cond": "(supplier.s_suppkey = lineitem.l_suppkey)", "Plans": [{"Node Type": "Seq Scan", "Parent Relationship": "Outer", "Parallel Aware": true, "Async Capable": false, "Relation Name": "supplier", "Alias": "supplier", "Startup Cost": 0.0, "Total Cost": 2852.24, "Plan Rows": 58824, "Plan Width": 8}, {"Node Type": "Hash", "Parent Relationship": "Inner", "Parallel Aware": true, "Async Capable": false, "Startup Cost": 745365.5, "Total Cost": 745365.5, "Plan Rows": 3984, "Plan Width": 4, "Plans": [{"Node Type": "Hash Join", "Parent Relationship": "Outer", "Parallel Aware": false, "Async Capable": false, "Join Type": "Inner", "Startup Cost": 443587.6, "Total Cost": 745365.5, "Plan Rows": 3984, "Plan Width": 4, "Inner Unique": false, "Hash Cond": "(orders.o_custkey = customer.c_custkey)", "Plans": [{"Node Type": "Hash Join", "Parent Relationship": "Outer", "Parallel Aware": true, "Async Capable": false, "Join Type": "Inner", "Startup Cost": 405598.98, "Total Cost": 707262.33, "Plan Rows": 19922, "Plan Width": 8, "Inner Unique": false, "Hash Cond": "(orders.o_orderkey = lineitem.l_orderkey)", "Plans": [{"Node Type": "Seq Scan", "Parent Relationship": "Outer", "Parallel Aware": true, "Async Capable": false, "Relation Name": "orders", "Alias": "orders", "Startup Cost": 0.0, "Total Cost": 298771.75, "Plan Rows": 757811, "Plan Width": 8, "Filter": "((o_orderdate >= '1995-01-01'::date) AND (o_orderdate <= '1996-12-31'::date))"}, {"Node Type": "Hash", "Parent Relationship": "Inner", "Parallel Aware": true, "Async Capable": false, "Startup Cost": 404366.68, "Total Cost": 404366.68, "Plan Rows": 98584, "Plan Width": 8, "Plans": [{"Node Type": "Nested Loop", "Parent Relationship": "Outer", "Parallel Aware": false, "Async Capable": false, "Join Type": "Inner", "Startup Cost": 4.35, "Total Cost": 404366.68, "Plan Rows": 98584, "Plan Width": 8, "Inner Unique": false, "Plans": [{"Node Type": "Seq Scan", "Parent Relationship": "Outer", "Parallel Aware": true, "Async Capable": false, "Relation Name": "part", "Alias": "part", "Startup Cost": 0.0, "Total Cost": 47242.0, "Plan Rows": 3287, "Plan Width": 4, "Filter": "((p_type)::text = 'PROMO ANODIZED COPPER'::text)"}, {"Node Type": "Bitmap Heap Scan", "Parent Relationship": "Inner", "Parallel Aware": false, "Async Capable": false, "Relation Name": "lineitem", "Alias": "lineitem", "Startup Cost": 4.35, "Total Cost": 108.35, "Plan Rows": 30, "Plan Width": 12, "Recheck Cond": "(part.p_partkey = l_partkey)", "Plans": [{"Node Type": "Bitmap Index Scan", "Parent Relationship": "Outer", "Parallel Aware": false, "Async Capable": false, "Index Name": "idx_lineitem_part_supp", "Startup Cost": 0.0, "Total Cost": 4.34, "Plan Rows": 30, "Plan Width": 0, "Index Cond": "(l_partkey = part.p_partkey)"}]}]}]}]}, {"Node Type": "Hash", "Parent Relationship": "Inner", "Parallel Aware": false, "Async Capable": false, "Startup Cost": 34238.62, "Total Cost": 34238.62, "Plan Rows": 300000, "Plan Width": 4, "Plans": [{"Node Type": "Nested Loop", "Parent Relationship": "Outer", "Parallel Aware": false, "Async Capable": false, "Join Type": "Inner", "Startup Cost": 602.5, "Total Cost": 34238.62, "Plan Rows": 300000, "Plan Width": 4, "Inner Unique": false, "Plans": [{"Node Type": "Hash Join", "Parent Relationship": "Outer", "Parallel Aware": false, "Async Capable": false, "Join Type": "Inner", "Startup Cost": 1.07, "Total Cost": 2.45, "Plan Rows": 5, "Plan Width": 4, "Inner Unique": true, "Hash Cond": "(n1.n_regionkey = region.r_regionkey)", "Plans": [{"Node Type": "Seq Scan", "Parent Relationship": "Outer", "Parallel Aware": false, "Async Capable": false, "Relation Name": "nation", "Alias": "n1", "Startup Cost": 0.0, "Total Cost": 1.25, "Plan Rows": 25, "Plan Width": 8}, {"Node Type": "Hash", "Parent Relationship": "Inner", "Parallel Aware": false, "Async Capable": false, "Startup Cost": 1.06, "Total Cost": 1.06, "Plan Rows": 1, "Plan Width": 4, "Plans": [{"Node Type": "Seq Scan", "Parent Relationship": "Outer", "Parallel Aware": false, "Async Capable": false, "Relation Name": "region", "Alias": "region", "Startup Cost": 0.0, "Total Cost": 1.06, "Plan Rows": 1, "Plan Width": 4, "Filter": "(r_name = 'MIDDLE EAST'::bpchar)"}]}]}, {"Node Type": "Bitmap Heap Scan", "Parent Relationship": "Inner", "Parallel Aware": false, "Async Capable": false, "Relation Name": "customer", "Alias": "customer", "Startup Cost": 601.43, "Total Cost": 6247.24, "Plan Rows": 60000, "Plan Width": 8, "Recheck Cond": "(c_nationkey = n1.n_nationkey)", "Plans": [{"Node Type": "Bitmap Index Scan", "Parent Relationship": "Outer", "Parallel Aware": false, "Async Capable": false, "Index Name": "idx_customer_nationkey", "Startup Cost": 0.0, "Total Cost": 586.43, "Plan Rows": 60000, "Plan Width": 0, "Index Cond": "(c_nationkey = n1.n_nationkey)"}]}]}]}]}]}]}, {"Node Type": "Hash", "Parent Relationship": "Inner", "Parallel Aware": false, "Async Capable": false, "Startup Cost": 1.25, "Total Cost": 1.25, "Plan Rows": 25, "Plan Width": 4, "Plans": [{"Node Type": "Seq Scan", "Parent Relationship": "Outer", "Parallel Aware": false, "Async Capable": false, "Relation Name": "nation", "Alias": "n2", "Startup Cost": 0.0, "Total Cost": 1.25, "Plan Rows": 25, "Plan Width": 4}]}]}]}]}]}}, {"Plan": {"Node Type": "Aggregate", "Strategy": "Plain", "Partial Mode": "Finalize", "Parallel Aware": false, "Async Capable": false, "Startup Cost": 2402468.82, "Total Cost": 2402468.83, "Plan Rows": 1, "Plan Width": 8, "Plans": [{"Node Type": "Gather", "Parent Relationship": "Outer", "Parallel Aware": false, "Async Capable": false, "Startup Cost": 2402468.7, "Total Cost": 2402468.81, "Plan Rows": 1, "Plan Width": 8, "Workers Planned": 1, "Single Copy": false, "Plans": [{"Node Type": "Aggregate", "Strategy": "Plain", "Partial Mode": "Partial", "Parent Relationship": "Outer", "Parallel Aware": false, "Async Capable": false, "Startup Cost": 2401468.7, "Total Cost": 2401468.71, "Plan Rows": 1, "Plan Width": 8, "Plans": [{"Node Type": "Hash Join", "Parent Relationship": "Outer", "Parallel Aware": false, "Async Capable": false, "Join Type": "Inner", "Startup Cost": 2396673.6, "Total Cost": 2401433.64, "Plan Rows": 14026, "Plan Width": 0, "Inner Unique": true, "Hash Cond": "(supplier.s_nationkey = n2.n_nationkey)", "Plans": [{"Node Type": "Hash Join", "Parent Relationship": "Outer", "Parallel Aware": true, "Async Capable": false, "Join Type": "Inner", "Startup Cost": 2396660.77, "Total Cost": 2401377.75, "Plan Rows": 14026, "Plan Width": 4, "Inner Unique": false, "Hash Cond": "(supplier.s_suppkey = lineitem.l_suppkey)", "Plans": [{"Node Type": "Index Scan", "Parent Relationship": "Outer", "Parallel Aware": true, "Async Capable": false, "Scan Direction": "Forward", "Index Name": "supplier_pkey", "Relation Name": "supplier", "Alias": "supplier", "Startup Cost": 0.29, "Total Cost": 4461.61, "Plan Rows": 58824, "Plan Width": 8}, {"Node Type": "Hash", "Parent Relationship": "Inner", "Parallel Aware": true, "Async Capable": false, "Startup Cost": 2396585.77, "Total Cost": 2396585.77, "Plan Rows": 5977, "Plan Width": 4, "Plans": [{"Node Type": "Hash Join", "Parent Relationship": "Outer", "Parallel Aware": false, "Async Capable": false, "Join Type": "Inner", "Startup Cost": 2331255.6, "Total Cost": 2396585.77, "Plan Rows": 5977, "Plan Width": 4, "Inner Unique": false, "Hash Cond": "(customer.c_nationkey = n1.n_nationkey)", "Plans": [{"Node Type": "Hash Join", "Parent Relationship": "Outer", "Parallel Aware": true, "Async Capable": false, "Join Type": "Inner", "Startup Cost": 2331230.67, "Total Cost": 2396389.01, "Plan Rows": 29883, "Plan Width": 8, "Inner Unique": false, "Hash Cond": "(customer.c_custkey = orders.o_custkey)", "Plans": [{"Node Type": "Index Scan", "Parent Relationship": "Outer", "Parallel Aware": true, "Async Capable": false, "Scan Direction": "Forward", "Index Name": "customer_pkey", "Relation Name": "customer", "Alias": "customer", "Startup Cost": 0.43, "Total Cost": 63702.71, "Plan Rows": 375000, "Plan Width": 8}, {"Node Type": "Hash", "Parent Relationship": "Inner", "Parallel Aware": true, "Async Capable": false, "Startup Cost": 2330981.22, "Total Cost": 2330981.22, "Plan Rows": 19922, "Plan Width": 8, "Plans": [{"Node Type": "Hash Join", "Parent Relationship": "Outer", "Parallel Aware": true, "Async Capable": false, "Join Type": "Inner", "Startup Cost": 2055471.81, "Total Cost": 2330981.22, "Plan Rows": 19922, "Plan Width": 8, "Inner Unique": false, "Hash Cond": "(orders.o_orderkey = lineitem.l_orderkey)", "Plans": [{"Node Type": "Bitmap Heap Scan", "Parent Relationship": "Outer", "Parallel Aware": true, "Async Capable": false, "Relation Name": "orders", "Alias": "orders", "Startup Cost": 62153.8, "Total Cost": 334792.96, "Plan Rows": 757811, "Plan Width": 8, "Recheck Cond": "((o_orderdate >= '1995-01-01'::date) AND (o_orderdate <= '1996-12-31'::date))", "Plans": [{"Node Type": "Bitmap Index Scan", "Parent Relationship": "Outer", "Parallel Aware": false, "Async Capable": false, "Index Name": "idx_orders_orderdate", "Startup Cost": 0.0, "Total Cost": 61017.08, "Plan Rows": 4546865, "Plan Width": 0, "Index Cond": "((o_orderdate >= '1995-01-01'::date) AND (o_orderdate <= '1996-12-31'::date))"}]}, {"Node Type": "Hash", "Parent Relationship": "Inner", "Parallel Aware": true, "Async Capable": false, "Startup Cost": 1992613.84, "Total Cost": 1992613.84, "Plan Rows": 56333, "Plan Width": 8, "Plans": [{"Node Type": "Hash Join", "Parent Relationship": "Outer", "Parallel Aware": true, "Async Capable": false, "Join Type": "Inner", "Startup Cost": 79235.27, "Total Cost": 1992613.84, "Plan Rows": 56333, "Plan Width": 8, "Inner Unique": true, "Hash Cond": "(lineitem.l_partkey = part.p_partkey)", "Plans": [{"Node Type": "Index Scan", "Parent Relationship": "Outer", "Parallel Aware": true, "Async Capable": false, "Scan Direction": "Forward", "Index Name": "idx_lineitem_orderkey", "Relation Name": "lineitem", "Alias": "lineitem", "Startup Cost": 0.56, "Total Cost": 1890883.43, "Plan Rows": 8569775, "Plan Width": 12}, {"Node Type": "Hash", "Parent Relationship": "Inner", "Parallel Aware": true, "Async Capable": false, "Startup Cost": 79193.62, "Total Cost": 79193.62, "Plan Rows": 3287, "Plan Width": 4, "Plans": [{"Node Type": "Index Scan", "Parent Relationship": "Outer", "Parallel Aware": true, "Async Capable": false, "Scan Direction": "Forward", "Index Name": "part_pkey", "Relation Name": "part", "Alias": "part", "Startup Cost": 0.43, "Total Cost": 79193.62, "Plan Rows": 3287, "Plan Width": 4, "Filter": "((p_type)::text = 'PROMO ANODIZED COPPER'::text)"}]}]}]}]}]}]}, {"Node Type": "Hash", "Parent Relationship": "Inner", "Parallel Aware": false, "Async Capable": false, "Startup Cost": 24.87, "Total Cost": 24.87, "Plan Rows": 5, "Plan Width": 4, "Plans": [{"Node Type": "Hash Join", "Parent Relationship": "Outer", "Parallel Aware": false, "Async Capable": false, "Join Type": "Inner", "Startup Cost": 12.37, "Total Cost": 24.87, "Plan Rows": 5, "Plan Width": 4, "Inner Unique": true, "Hash Cond": "(n1.n_regionkey = region.r_regionkey)", "Plans": [{"Node Type": "Index Scan", "Parent Relationship": "Outer", "Parallel Aware": false, "Async Capable": false, "Scan Direction": "Forward", "Index Name": "idx_nation_regionkey", "Relation Name": "nation", "Alias": "n1", "Startup Cost": 0.14, "Total Cost": 12.51, "Plan Rows": 25, "Plan Width": 8}, {"Node Type": "Hash", "Parent Relationship": "Inner", "Parallel Aware": false, "Async Capable": false, "Startup Cost": 12.22, "Total Cost": 12.22, "Plan Rows": 1, "Plan Width": 4, "Plans": [{"Node Type": "Index Scan", "Parent Relationship": "Outer", "Parallel Aware": false, "Async Capable": false, "Scan Direction": "Forward", "Index Name": "region_pkey", "Relation Name": "region", "Alias": "region", "Startup Cost": 0.13, "Total Cost": 12.22, "Plan Rows": 1, "Plan Width": 4, "Filter": "(r_name = 'MIDDLE EAST'::bpchar)"}]}]}]}]}]}]}, {"Node Type": "Hash", "Parent Relationship": "Inner", "Parallel Aware": false, "Async Capable": false, "Startup Cost": 12.51, "Total Cost": 12.51, "Plan Rows": 25, "Plan Width": 4, "Plans": [{"Node Type": "Index Scan", "Parent Relationship": "Outer", "Parallel Aware": false, "Async Capable": false, "Scan Direction": "Forward", "Index Name": "nation_pkey", "Relation Name": "nation", "Alias": "n2", "Startup Cost": 0.14, "Total Cost": 12.51, "Plan Rows": 25, "Plan Width": 4}]}]}]}]}]}}, {"Plan": {"Node Type": "Aggregate", "Strategy": "Plain", "Partial Mode": "Finalize", "Parallel Aware": false, "Async Capable": false, "Startup Cost": 2402468.8, "Total Cost": 2402468.81, "Plan Rows": 1, "Plan Width": 8, "Plans": [{"Node Type": "Gather", "Parent Relationship": "Outer", "Parallel Aware": false, "Async Capable": false, "Startup Cost": 2402468.68, "Total Cost": 2402468.79, "Plan Rows": 1, "Plan Width": 8, "Workers Planned": 1, "Single Copy": false, "Plans": [{"Node Type": "Aggregate", "Strategy": "Plain", "Partial Mode": "Partial", "Parent Relationship": "Outer", "Parallel Aware": false, "Async Capable": false, "Startup Cost": 2401468.68, "Total Cost": 2401468.69, "Plan Rows": 1, "Plan Width": 8, "Plans": [{"Node Type": "Hash Join", "Parent Relationship": "Outer", "Parallel Aware": false, "Async Capable": false, "Join Type": "Inner", "Startup Cost": 2396673.58, "Total Cost": 2401433.62, "Plan Rows": 14026, "Plan Width": 0, "Inner Unique": true, "Hash Cond": "(supplier.s_nationkey = n2.n_nationkey)", "Plans": [{"Node Type": "Hash Join", "Parent Relationship": "Outer", "Parallel Aware": true, "Async Capable": false, "Join Type": "Inner", "Startup Cost": 2396660.76, "Total Cost": 2401377.73, "Plan Rows": 14026, "Plan Width": 4, "Inner Unique": false, "Hash Cond": "(supplier.s_suppkey = lineitem.l_suppkey)", "Plans": [{"Node Type": "Index Scan", "Parent Relationship": "Outer", "Parallel Aware": true, "Async Capable": false, "Scan Direction": "Forward", "Index Name": "supplier_pkey", "Relation Name": "supplier", "Alias": "supplier", "Startup Cost": 0.29, "Total Cost": 4461.61, "Plan Rows": 58824, "Plan Width": 8}, {"Node Type": "Hash", "Parent Relationship": "Inner", "Parallel Aware": true, "Async Capable": false, "Startup Cost": 2396585.75, "Total Cost": 2396585.75, "Plan Rows": 5977, "Plan Width": 4, "Plans": [{"Node Type": "Hash Join", "Parent Relationship": "Outer", "Parallel Aware": false, "Async Capable": false, "Join Type": "Inner", "Startup Cost": 2331255.58, "Total Cost": 2396585.75, "Plan Rows": 5977, "Plan Width": 4, "Inner Unique": false, "Hash Cond": "(customer.c_nationkey = n1.n_nationkey)", "Plans": [{"Node Type": "Hash Join", "Parent Relationship": "Outer", "Parallel Aware": true, "Async Capable": false, "Join Type": "Inner", "Startup Cost": 2331230.67, "Total Cost": 2396389.01, "Plan Rows": 29883, "Plan Width": 8, "Inner Unique": false, "Hash Cond": "(customer.c_custkey = orders.o_custkey)", "Plans": [{"Node Type": "Index Scan", "Parent Relationship": "Outer", "Parallel Aware": true, "Async Capable": false, "Scan Direction": "Forward", "Index Name": "customer_pkey", "Relation Name": "customer", "Alias": "customer", "Startup Cost": 0.43, "Total Cost": 63702.71, "Plan Rows": 375000, "Plan Width": 8}, {"Node Type": "Hash", "Parent Relationship": "Inner", "Parallel Aware": true, "Async Capable": false, "Startup Cost": 2330981.22, "Total Cost": 2330981.22, "Plan Rows": 19922, "Plan Width": 8, "Plans": [{"Node Type": "Hash Join", "Parent Relationship": "Outer", "Parallel Aware": true, "Async Capable": false, "Join Type": "Inner", "Startup Cost": 2055471.81, "Total Cost": 2330981.22, "Plan Rows": 19922, "Plan Width": 8, "Inner Unique": false, "Hash Cond": "(orders.o_orderkey = lineitem.l_orderkey)", "Plans": [{"Node Type": "Bitmap Heap Scan", "Parent Relationship": "Outer", "Parallel Aware": true, "Async Capable": false, "Relation Name": "orders", "Alias": "orders", "Startup Cost": 62153.8, "Total Cost": 334792.96, "Plan Rows": 757811, "Plan Width": 8, "Recheck Cond": "((o_orderdate >= '1995-01-01'::date) AND (o_orderdate <= '1996-12-31'::date))", "Plans": [{"Node Type": "Bitmap Index Scan", "Parent Relationship": "Outer", "Parallel Aware": false, "Async Capable": false, "Index Name": "idx_orders_orderdate", "Startup Cost": 0.0, "Total Cost": 61017.08, "Plan Rows": 4546865, "Plan Width": 0, "Index Cond": "((o_orderdate >= '1995-01-01'::date) AND (o_orderdate <= '1996-12-31'::date))"}]}, {"Node Type": "Hash", "Parent Relationship": "Inner", "Parallel Aware": true, "Async Capable": false, "Startup Cost": 1992613.84, "Total Cost": 1992613.84, "Plan Rows": 56333, "Plan Width": 8, "Plans": [{"Node Type": "Hash Join", "Parent Relationship": "Outer", "Parallel Aware": true, "Async Capable": false, "Join Type": "Inner", "Startup Cost": 79235.27, "Total Cost": 1992613.84, "Plan Rows": 56333, "Plan Width": 8, "Inner Unique": true, "Hash Cond": "(lineitem.l_partkey = part.p_partkey)", "Plans": [{"Node Type": "Index Scan", "Parent Relationship": "Outer", "Parallel Aware": true, "Async Capable": false, "Scan Direction": "Forward", "Index Name": "idx_lineitem_orderkey", "Relation Name": "lineitem", "Alias": "lineitem", "Startup Cost": 0.56, "Total Cost": 1890883.43, "Plan Rows": 8569775, "Plan Width": 12}, {"Node Type": "Hash", "Parent Relationship": "Inner", "Parallel Aware": true, "Async Capable": false, "Startup Cost": 79193.62, "Total Cost": 79193.62, "Plan Rows": 3287, "Plan Width": 4, "Plans": [{"Node Type": "Index Scan", "Parent Relationship": "Outer", "Parallel Aware": true, "Async Capable": false, "Scan Direction": "Forward", "Index Name": "part_pkey", "Relation Name": "part", "Alias": "part", "Startup Cost": 0.43, "Total Cost": 79193.62, "Plan Rows": 3287, "Plan Width": 4, "Filter": "((p_type)::text = 'PROMO ANODIZED COPPER'::text)"}]}]}]}]}]}]}, {"Node Type": "Hash", "Parent Relationship": "Inner", "Parallel Aware": false, "Async Capable": false, "Startup Cost": 24.85, "Total Cost": 24.85, "Plan Rows": 5, "Plan Width": 4, "Plans": [{"Node Type": "Merge Join", "Parent Relationship": "Outer", "Parallel Aware": false, "Async Capable": false, "Join Type": "Inner", "Startup Cost": 0.27, "Total Cost": 24.85, "Plan Rows": 5, "Plan Width": 4, "Inner Unique": true, "Merge Cond": "(n1.n_regionkey = region.r_regionkey)", "Plans": [{"Node Type": "Index Scan", "Parent Relationship": "Outer", "Parallel Aware": false, "Async Capable": false, "Scan Direction": "Forward", "Index Name": "idx_nation_regionkey", "Relation Name": "nation", "Alias": "n1", "Startup Cost": 0.14, "Total Cost": 12.51, "Plan Rows": 25, "Plan Width": 8}, {"Node Type": "Index Scan", "Parent Relationship": "Inner", "Parallel Aware": false, "Async Capable": false, "Scan Direction": "Forward", "Index Name": "region_pkey", "Relation Name": "region", "Alias": "region", "Startup Cost": 0.13, "Total Cost": 12.22, "Plan Rows": 1, "Plan Width": 4, "Filter": "(r_name = 'MIDDLE EAST'::bpchar)"}]}]}]}]}]}, {"Node Type": "Hash", "Parent Relationship": "Inner", "Parallel Aware": false, "Async Capable": false, "Startup Cost": 12.51, "Total Cost": 12.51, "Plan Rows": 25, "Plan Width": 4, "Plans": [{"Node Type": "Index Scan", "Parent Relationship": "Outer", "Parallel Aware": false, "Async Capable": false, "Scan Direction": "Forward", "Index Name": "nation_pkey", "Relation Name": "nation", "Alias": "n2", "Startup Cost": 0.14, "Total Cost": 12.51, "Plan Rows": 25, "Plan Width": 4}]}]}]}]}]}}, {"Plan": {"Node Type": "Aggregate", "Strategy": "Plain", "Partial Mode": "Finalize", "Parallel Aware": false, "Async Capable": false, "Startup Cost": 495579.29, "Total Cost": 495579.3, "Plan Rows": 1, "Plan Width": 8, "Plans": [{"Node Type": "Gather", "Parent Relationship": "Outer", "Parallel Aware": false, "Async Capable": false, "Startup Cost": 495578.87, "Total Cost": 495579.28, "Plan Rows": 4, "Plan Width": 8, "Workers Planned": 4, "Single Copy": false, "Plans": [{"Node Type": "Aggregate", "Strategy": "Plain", "Partial Mode": "Partial", "Parent Relationship": "Outer", "Parallel Aware": false, "Async Capable": false, "Startup Cost": 494578.87, "Total Cost": 494578.88, "Plan Rows": 1, "Plan Width": 8, "Plans": [{"Node Type": "Hash Join", "Parent Relationship": "Outer", "Parallel Aware": false, "Async Capable": false, "Join Type": "Inner", "Startup Cost": 31.71, "Total Cost": 494563.97, "Plan Rows": 5961, "Plan Width": 0, "Inner Unique": true, "Hash Cond": "(supplier.s_nationkey = n2.n_nationkey)", "Plans": [{"Node Type": "Nested Loop", "Parent Relationship": "Outer", "Parallel Aware": false, "Async Capable": false, "Join Type": "Inner", "Startup Cost": 18.89, "Total Cost": 494532.85, "Plan Rows": 5961, "Plan Width": 4, "Inner Unique": true, "Plans": [{"Node Type": "Hash Join", "Parent Relationship": "Outer", "Parallel Aware": false, "Async Capable": false, "Join Type": "Inner", "Startup Cost": 18.59, "Total Cost": 492678.97, "Plan Rows": 5977, "Plan Width": 4, "Inner Unique": false, "Hash Cond": "(customer.c_nationkey = n1.n_nationkey)", "Plans": [{"Node Type": "Nested Loop", "Parent Relationship": "Outer", "Parallel Aware": false, "Async Capable": false, "Join Type": "Inner", "Startup Cost": 1.73, "Total Cost": 492490.27, "Plan Rows": 29883, "Plan Width": 8, "Inner Unique": true, "Plans": [{"Node Type": "Nested Loop", "Parent Relationship": "Outer", "Parallel Aware": false, "Async Capable": false, "Join Type": "Inner", "Startup Cost": 1.3, "Total Cost": 478138.15, "Plan Rows": 29883, "Plan Width": 8, "Inner Unique": true, "Plans": [{"Node Type": "Nested Loop", "Parent Relationship": "Outer", "Parallel Aware": false, "Async Capable": false, "Join Type": "Inner", "Startup Cost": 0.87, "Total Cost": 431048.12, "Plan Rows": 98584, "Plan Width": 8, "Inner Unique": false, "Plans": [{"Node Type": "Index Scan", "Parent Relationship": "Outer", "Parallel Aware": true, "Async Capable": false, "Scan Direction": "Forward", "Index Name": "part_pkey", "Relation Name": "part", "Alias": "part", "Startup Cost": 0.43, "Total Cost": 79193.62, "Plan Rows": 3287, "Plan Width": 4, "Filter": "((p_type)::text = 'PROMO ANODIZED COPPER'::text)"}, {"Node Type": "Index Scan", "Parent Relationship": "Inner", "Parallel Aware": false, "Async Capable": false, "Scan Direction": "Forward", "Index Name": "idx_lineitem_part_supp", "Relation Name": "lineitem", "Alias": "lineitem", "Startup Cost": 0.44, "Total Cost": 106.74, "Plan Rows": 30, "Plan Width": 12, "Index Cond": "(l_partkey = part.p_partkey)"}]}, {"Node Type": "Index Scan", "Parent Relationship": "Inner", "Parallel Aware": false, "Async Capable": false, "Scan Direction": "Forward", "Index Name": "orders_pkey", "Relation Name": "orders", "Alias": "orders", "Startup Cost": 0.43, "Total Cost": 0.48, "Plan Rows": 1, "Plan Width": 8, "Index Cond": "(o_orderkey = lineitem.l_orderkey)", "Filter": "((o_orderdate >= '1995-01-01'::date) AND (o_orderdate <= '1996-12-31'::date))"}]}, {"Node Type": "Index Scan", "Parent Relationship": "Inner", "Parallel Aware": false, "Async Capable": false, "Scan Direction": "Forward", "Index Name": "customer_pkey", "Relation Name": "customer", "Alias": "customer", "Startup Cost": 0.43, "Total Cost": 0.48, "Plan Rows": 1, "Plan Width": 8, "Index Cond": "(c_custkey = orders.o_custkey)"}]}, {"Node Type": "Hash", "Parent Relationship": "Inner", "Parallel Aware": false, "Async Capable": false, "Startup Cost": 16.8, "Total Cost": 16.8, "Plan Rows": 5, "Plan Width": 4, "Plans": [{"Node Type": "Nested Loop", "Parent Relationship": "Outer", "Parallel Aware": false, "Async Capable": false, "Join Type": "Inner", "Startup Cost": 0.28, "Total Cost": 16.8, "Plan Rows": 5, "Plan Width": 4, "Inner Unique": true, "Plans": [{"Node Type": "Index Scan", "Parent Relationship": "Outer", "Parallel Aware": false, "Async Capable": false, "Scan Direction": "Forward", "Index Name": "nation_pkey", "Relation Name": "nation", "Alias": "n1", "Startup Cost": 0.14, "Total Cost": 12.51, "Plan Rows": 25, "Plan Width": 8}, {"Node Type": "Memoize", "Parent Relationship": "Inner", "Parallel Aware": false, "Async Capable": false, "Startup Cost": 0.14, "Total Cost": 0.64, "Plan Rows": 1, "Plan Width": 4, "Cache Key": "n1.n_regionkey", "Cache Mode": "logical", "Plans": [{"Node Type": "Index Scan", "Parent Relationship": "Outer", "Parallel Aware": false, "Async Capable": false, "Scan Direction": "Forward", "Index Name": "region_pkey", "Relation Name": "region", "Alias": "region", "Startup Cost": 0.13, "Total Cost": 0.63, "Plan Rows": 1, "Plan Width": 4, "Index Cond": "(r_regionkey = n1.n_regionkey)", "Filter": "(r_name = 'MIDDLE EAST'::bpchar)"}]}]}]}]}, {"Node Type": "Index Scan", "Parent Relationship": "Inner", "Parallel Aware": false, "Async Capable": false, "Scan Direction": "Forward", "Index Name": "supplier_pkey", "Relation Name": "supplier", "Alias": "supplier", "Startup Cost": 0.29, "Total Cost": 0.31, "Plan Rows": 1, "Plan Width": 8, "Index Cond": "(s_suppkey = lineitem.l_suppkey)"}]}, {"Node Type": "Hash", "Parent Relationship": "Inner", "Parallel Aware": false, "Async Capable": false, "Startup Cost": 12.51, "Total Cost": 12.51, "Plan Rows": 25, "Plan Width": 4, "Plans": [{"Node Type": "Index Scan", "Parent Relationship": "Outer", "Parallel Aware": false, "Async Capable": false, "Scan Direction": "Forward", "Index Name": "nation_pkey", "Relation Name": "nation", "Alias": "n2", "Startup Cost": 0.14, "Total Cost": 12.51, "Plan Rows": 25, "Plan Width": 4}]}]}]}]}]}}, {"Plan": {"Node Type": "Aggregate", "Strategy": "Plain", "Partial Mode": "Finalize", "Parallel Aware": false, "Async Capable": false, "Startup Cost": 3151458.83, "Total Cost": 3151458.84, "Plan Rows": 1, "Plan Width": 8, "Plans": [{"Node Type": "Gather", "Parent Relationship": "Outer", "Parallel Aware": false, "Async Capable": false, "Startup Cost": 3151458.1, "Total Cost": 3151458.81, "Plan Rows": 7, "Plan Width": 8, "Workers Planned": 7, "Single Copy": false, "Plans": [{"Node Type": "Aggregate", "Strategy": "Plain", "Partial Mode": "Partial", "Parent Relationship": "Outer", "Parallel Aware": false, "Async Capable": false, "Startup Cost": 3150458.1, "Total Cost": 3150458.11, "Plan Rows": 1, "Plan Width": 8, "Plans": [{"Node Type": "Merge Join", "Parent Relationship": "Outer", "Parallel Aware": false, "Async Capable": false, "Join Type": "Inner", "Startup Cost": 3150386.06, "Total Cost": 3150449.59, "Plan Rows": 3406, "Plan Width": 0, "Inner Unique": true, "Merge Cond": "(supplier.s_nationkey = n2.n_nationkey)", "Plans": [{"Node Type": "Sort", "Parent Relationship": "Outer", "Parallel Aware": false, "Async Capable": false, "Startup Cost": 3150385.92, "Total Cost": 3150394.44, "Plan Rows": 3406, "Plan Width": 4, "Sort Key": ["supplier.s_nationkey"], "Plans": [{"Node Type": "Merge Join", "Parent Relationship": "Outer", "Parallel Aware": false, "Async Capable": false, "Join Type": "Inner", "Startup Cost": 3145011.88, "Total Cost": 3150186.09, "Plan Rows": 3406, "Plan Width": 4, "Inner Unique": true, "Merge Cond": "(lineitem.l_suppkey = supplier.s_suppkey)", "Plans": [{"Node Type": "Sort", "Parent Relationship": "Outer", "Parallel Aware": false, "Async Capable": false, "Startup Cost": 3145011.58, "Total Cost": 3145020.12, "Plan Rows": 3415, "Plan Width": 4, "Sort Key": ["lineitem.l_suppkey"], "Plans": [{"Node Type": "Merge Join", "Parent Relationship": "Outer", "Parallel Aware": false, "Async Capable": false, "Join Type": "Inner", "Startup Cost": 3144674.56, "Total Cost": 3144811.16, "Plan Rows": 3415, "Plan Width": 4, "Inner Unique": false, "Merge Cond": "(customer.c_nationkey = n1.n_nationkey)", "Plans": [{"Node Type": "Sort", "Parent Relationship": "Outer", "Parallel Aware": false, "Async Capable": false, "Startup Cost": 3144649.65, "Total Cost": 3144692.34, "Plan Rows": 17076, "Plan Width": 8, "Sort Key": ["customer.c_nationkey"], "Plans": [{"Node Type": "Merge Join", "Parent Relationship": "Outer", "Parallel Aware": false, "Async Capable": false, "Join Type": "Inner", "Startup Cost": 3064493.43, "Total Cost": 3143449.24, "Plan Rows": 17076, "Plan Width": 8, "Inner Unique": true, "Merge Cond": "(orders.o_custkey = customer.c_custkey)", "Plans": [{"Node Type": "Sort", "Parent Relationship": "Outer", "Parallel Aware": false, "Async Capable": false, "Startup Cost": 3064490.38, "Total Cost": 3064533.07, "Plan Rows": 17076, "Plan Width": 8, "Sort Key": ["orders.o_custkey"], "Plans": [{"Node Type": "Merge Join", "Parent Relationship": "Outer", "Parallel Aware": false, "Async Capable": false, "Join Type": "Inner", "Startup Cost": 2952154.98, "Total Cost": 3063289.97, "Plan Rows": 17076, "Plan Width": 8, "Inner Unique": true, "Merge Cond": "(lineitem.l_partkey = part.p_partkey)", "Plans": [{"Node Type": "Sort", "Parent Relationship": "Outer", "Parallel Aware": false, "Async Capable": false, "Startup Cost": 2952154.42, "Total Cost": 2958648.73, "Plan Rows": 2597725, "Plan Width": 12, "Sort Key": ["lineitem.l_partkey"], "Plans": [{"Node Type": "Merge Join", "Parent Relationship": "Outer", "Parallel Aware": false, "Async Capable": false, "Join Type": "Inner", "Startup Cost": 7.0, "Total Cost": 2675382.18, "Plan Rows": 2597725, "Plan Width": 12, "Inner Unique": true, "Merge Cond": "(lineitem.l_orderkey = orders.o_orderkey)", "Plans": [{"Node Type": "Index Scan", "Parent Relationship": "Outer", "Parallel Aware": true, "Async Capable": false, "Scan Direction": "Forward", "Index Name": "idx_lineitem_orderkey", "Relation Name": "lineitem", "Alias": "lineitem", "Startup Cost": 0.56, "Total Cost": 1890883.43, "Plan Rows": 8569775, "Plan Width": 12}, {"Node Type": "Index Scan", "Parent Relationship": "Inner", "Parallel Aware": false, "Async Capable": false, "Scan Direction": "Forward", "Index Name": "orders_pkey", "Relation Name": "orders", "Alias": "orders", "Startup Cost": 0.43, "Total Cost": 725797.51, "Plan Rows": 4546865, "Plan Width": 8, "Filter": "((o_orderdate >= '1995-01-01'::date) AND (o_orderdate <= '1996-12-31'::date))"}]}]}, {"Node Type": "Index Scan", "Parent Relationship": "Inner", "Parallel Aware": false, "Async Capable": false, "Scan Direction": "Forward", "Index Name": "part_pkey", "Relation Name": "part", "Alias": "part", "Startup Cost": 0.43, "Total Cost": 97943.62, "Plan Rows": 13147, "Plan Width": 4, "Filter": "((p_type)::text = 'PROMO ANODIZED COPPER'::text)"}]}]}, {"Node Type": "Index Scan", "Parent Relationship": "Inner", "Parallel Aware": false, "Async Capable": false, "Scan Direction": "Forward", "Index Name": "customer_pkey", "Relation Name": "customer", "Alias": "customer", "Startup Cost": 0.43, "Total Cost": 74952.71, "Plan Rows": 1500000, "Plan Width": 8}]}]}, {"Node Type": "Sort", "Parent Relationship": "Inner", "Parallel Aware": false, "Async Capable": false, "Startup Cost": 24.91, "Total Cost": 24.92, "Plan Rows": 5, "Plan Width": 4, "Sort Key": ["n1.n_nationkey"], "Plans": [{"Node Type": "Merge Join", "Parent Relationship": "Outer", "Parallel Aware": false, "Async Capable": false, "Join Type": "Inner", "Startup Cost": 0.27, "Total Cost": 24.85, "Plan Rows": 5, "Plan Width": 4, "Inner Unique": true, "Merge Cond": "(n1.n_regionkey = region.r_regionkey)", "Plans": [{"Node Type": "Index Scan", "Parent Relationship": "Outer", "Parallel Aware": false, "Async Capable": false, "Scan Direction": "Forward", "Index Name": "idx_nation_regionkey", "Relation Name": "nation", "Alias": "n1", "Startup Cost": 0.14, "Total Cost": 12.51, "Plan Rows": 25, "Plan Width": 8}, {"Node Type": "Index Scan", "Parent Relationship": "Inner", "Parallel Aware": false, "Async Capable": false, "Scan Direction": "Forward", "Index Name": "region_pkey", "Relation Name": "region", "Alias": "region", "Startup Cost": 0.13, "Total Cost": 12.22, "Plan Rows": 1, "Plan Width": 4, "Filter": "(r_name = 'MIDDLE EAST'::bpchar)"}]}]}]}]}, {"Node Type": "Index Scan", "Parent Relationship": "Inner", "Parallel Aware": false, "Async Capable": false, "Scan Direction": "Forward", "Index Name": "supplier_pkey", "Relation Name": "supplier", "Alias": "supplier", "Startup Cost": 0.29, "Total Cost": 4873.38, "Plan Rows": 100000, "Plan Width": 8}]}]}, {"Node Type": "Index Only Scan", "Parent Relationship": "Inner", "Parallel Aware": false, "Async Capable": false, "Scan Direction": "Forward", "Index Name": "nation_pkey", "Relation Name": "nation", "Alias": "n2", "Startup Cost": 0.14, "Total Cost": 12.51, "Plan Rows": 25, "Plan Width": 4}]}]}]}]}}, {"Plan": {"Node Type": "Aggregate", "Strategy": "Plain", "Partial Mode": "Finalize", "Parallel Aware": false, "Async Capable": false, "Startup Cost": 496994.62, "Total Cost": 496994.63, "Plan Rows": 1, "Plan Width": 8, "Plans": [{"Node Type": "Gather", "Parent Relationship": "Outer", "Parallel Aware": false, "Async Capable": false, "Startup Cost": 496994.2, "Total Cost": 496994.61, "Plan Rows": 4, "Plan Width": 8, "Workers Planned": 4, "Single Copy": false, "Plans": [{"Node Type": "Aggregate", "Strategy": "Plain", "Partial Mode": "Partial", "Parent Relationship": "Outer", "Parallel Aware": false, "Async Capable": false, "Startup Cost": 495994.2, "Total Cost": 495994.21, "Plan Rows": 1, "Plan Width": 8, "Plans": [{"Node Type": "Nested Loop", "Parent Relationship": "Outer", "Parallel Aware": false, "Async Capable": false, "Join Type": "Inner", "Startup Cost": 2.46, "Total Cost": 495979.3, "Plan Rows": 5961, "Plan Width": 0, "Inner Unique": true, "Plans": [{"Node Type": "Nested Loop", "Parent Relationship": "Outer", "Parallel Aware": false, "Async Capable": false, "Join Type": "Inner", "Startup Cost": 2.31, "Total Cost": 495829.56, "Plan Rows": 5961, "Plan Width": 4, "Inner Unique": true, "Plans": [{"Node Type": "Nested Loop", "Parent Relationship": "Outer", "Parallel Aware": false, "Async Capable": false, "Join Type": "Inner", "Startup Cost": 2.02, "Total Cost": 493975.68, "Plan Rows": 5977, "Plan Width": 4, "Inner Unique": true, "Plans": [{"Node Type": "Nested Loop", "Parent Relationship": "Outer", "Parallel Aware": false, "Async Capable": false, "Join Type": "Inner", "Startup Cost": 1.88, "Total Cost": 493224.81, "Plan Rows": 29883, "Plan Width": 8, "Inner Unique": true, "Plans": [{"Node Type": "Nested Loop", "Parent Relationship": "Outer", "Parallel Aware": false, "Async Capable": false, "Join Type": "Inner", "Startup Cost": 1.73, "Total Cost": 492490.27, "Plan Rows": 29883, "Plan Width": 8, "Inner Unique": true, "Plans": [{"Node Type": "Nested Loop", "Parent Relationship": "Outer", "Parallel Aware": false, "Async Capable": false, "Join Type": "Inner", "Startup Cost": 1.3, "Total Cost": 478138.15, "Plan Rows": 29883, "Plan Width": 8, "Inner Unique": true, "Plans": [{"Node Type": "Nested Loop", "Parent Relationship": "Outer", "Parallel Aware": false, "Async Capable": false, "Join Type": "Inner", "Startup Cost": 0.87, "Total Cost": 431048.12, "Plan Rows": 98584, "Plan Width": 8, "Inner Unique": false, "Plans": [{"Node Type": "Index Scan", "Parent Relationship": "Outer", "Parallel Aware": true, "Async Capable": false, "Scan Direction": "Forward", "Index Name": "part_pkey", "Relation Name": "part", "Alias": "part", "Startup Cost": 0.43, "Total Cost": 79193.62, "Plan Rows": 3287, "Plan Width": 4, "Filter": "((p_type)::text = 'PROMO ANODIZED COPPER'::text)"}, {"Node Type": "Index Scan", "Parent Relationship": "Inner", "Parallel Aware": false, "Async Capable": false, "Scan Direction": "Forward", "Index Name": "idx_lineitem_part_supp", "Relation Name": "lineitem", "Alias": "lineitem", "Startup Cost": 0.44, "Total Cost": 106.74, "Plan Rows": 30, "Plan Width": 12, "Index Cond": "(l_partkey = part.p_partkey)"}]}, {"Node Type": "Index Scan", "Parent Relationship": "Inner", "Parallel Aware": false, "Async Capable": false, "Scan Direction": "Forward", "Index Name": "orders_pkey", "Relation Name": "orders", "Alias": "orders", "Startup Cost": 0.43, "Total Cost": 0.48, "Plan Rows": 1, "Plan Width": 8, "Index Cond": "(o_orderkey = lineitem.l_orderkey)", "Filter": "((o_orderdate >= '1995-01-01'::date) AND (o_orderdate <= '1996-12-31'::date))"}]}, {"Node Type": "Index Scan", "Parent Relationship": "Inner", "Parallel Aware": false, "Async Capable": false, "Scan Direction": "Forward", "Index Name": "customer_pkey", "Relation Name": "customer", "Alias": "customer", "Startup Cost": 0.43, "Total Cost": 0.48, "Plan Rows": 1, "Plan Width": 8, "Index Cond": "(c_custkey = orders.o_custkey)"}]}, {"Node Type": "Memoize", "Parent Relationship": "Inner", "Parallel Aware": false, "Async Capable": false, "Startup Cost": 0.15, "Total Cost": 0.17, "Plan Rows": 1, "Plan Width": 8, "Cache Key": "customer.c_nationkey", "Cache Mode": "logical", "Plans": [{"Node Type": "Index Scan", "Parent Relationship": "Outer", "Parallel Aware": false, "Async Capable": false, "Scan Direction": "Forward", "Index Name": "nation_pkey", "Relation Name": "nation", "Alias": "n1", "Startup Cost": 0.14, "Total Cost": 0.16, "Plan Rows": 1, "Plan Width": 8, "Index Cond": "(n_nationkey = customer.c_nationkey)"}]}]}, {"Node Type": "Memoize", "Parent Relationship": "Inner", "Parallel Aware": false, "Async Capable": false, "Startup Cost": 0.14, "Total Cost": 0.64, "Plan Rows": 1, "Plan Width": 4, "Cache Key": "n1.n_regionkey", "Cache Mode": "logical", "Plans": [{"Node Type": "Index Scan", "Parent Relationship": "Outer", "Parallel Aware": false, "Async Capable": false, "Scan Direction": "Forward", "Index Name": "region_pkey", "Relation Name": "region", "Alias": "region", "Startup Cost": 0.13, "Total Cost": 0.63, "Plan Rows": 1, "Plan Width": 4, "Index Cond": "(r_regionkey = n1.n_regionkey)", "Filter": "(r_name = 'MIDDLE EAST'::bpchar)"}]}]}, {"Node Type": "Index Scan", "Parent Relationship": "Inner", "Parallel Aware": false, "Async Capable": false, "Scan Direction": "Forward", "Index Name": "supplier_pkey", "Relation Name": "supplier", "Alias": "supplier", "Startup Cost": 0.29, "Total Cost": 0.31, "Plan Rows": 1, "Plan Width": 8, "Index Cond": "(s_suppkey = lineitem.l_suppkey)"}]}, {"Node Type": "Memoize", "Parent Relationship": "Inner", "Parallel Aware": false, "Async Capable": false, "Startup Cost": 0.15, "Total Cost": 0.17, "Plan Rows": 1, "Plan Width": 4, "Cache Key": "supplier.s_nationkey", "Cache Mode": "logical", "Plans": [{"Node Type": "Index Only Scan", "Parent Relationship": "Outer", "Parallel Aware": false, "Async Capable": false, "Scan Direction": "Forward", "Index Name": "nation_pkey", "Relation Name": "nation", "Alias": "n2", "Startup Cost": 0.14, "Total Cost": 0.16, "Plan Rows": 1, "Plan Width": 4, "Index Cond": "(n_nationkey = supplier.s_nationkey)"}]}]}]}]}]}}, {"Plan": {"Node Type": "Aggregate", "Strategy": "Plain", "Partial Mode": "Finalize", "Parallel Aware": false, "Async Capable": false, "Startup Cost": 465043.0, "Total Cost": 465043.01, "Plan Rows": 1, "Plan Width": 8, "Plans": [{"Node Type": "Gather", "Parent Relationship": "Outer", "Parallel Aware": false, "Async Capable": false, "Startup Cost": 465042.58, "Total Cost": 465042.99, "Plan Rows": 4, "Plan Width": 8, "Workers Planned": 4, "Single Copy": false, "Plans": [{"Node Type": "Aggregate", "Strategy": "Plain", "Partial Mode": "Partial", "Parent Relationship": "Outer", "Parallel Aware": false, "Async Capable": false, "Startup Cost": 464042.58, "Total Cost": 464042.59, "Plan Rows": 1, "Plan Width": 8, "Plans": [{"Node Type": "Nested Loop", "Parent Relationship": "Outer", "Parallel Aware": false, "Async Capable": false, "Join Type": "Inner", "Startup Cost": 2.03, "Total Cost": 464027.68, "Plan Rows": 5961, "Plan Width": 0, "Inner Unique": true, "Plans": [{"Node Type": "Nested Loop", "Parent Relationship": "Outer", "Parallel Aware": false, "Async Capable": false, "Join Type": "Inner", "Startup Cost": 1.89, "Total Cost": 463877.94, "Plan Rows": 5961, "Plan Width": 4, "Inner Unique": true, "Plans": [{"Node Type": "Nested Loop", "Parent Relationship": "Outer", "Parallel Aware": false, "Async Capable": false, "Join Type": "Inner", "Startup Cost": 1.59, "Total Cost": 462024.06, "Plan Rows": 5977, "Plan Width": 4, "Inner Unique": true, "Plans": [{"Node Type": "Nested Loop", "Parent Relationship": "Outer", "Parallel Aware": false, "Async Capable": false, "Join Type": "Inner", "Startup Cost": 1.45, "Total Cost": 461273.19, "Plan Rows": 29883, "Plan Width": 8, "Inner Unique": true, "Plans": [{"Node Type": "Nested Loop", "Parent Relationship": "Outer", "Parallel Aware": false, "Async Capable": false, "Join Type": "Inner", "Startup Cost": 1.3, "Total Cost": 460538.66, "Plan Rows": 29883, "Plan Width": 8, "Inner Unique": true, "Plans": [{"Node Type": "Nested Loop", "Parent Relationship": "Outer", "Parallel Aware": false, "Async Capable": false, "Join Type": "Inner", "Startup Cost": 0.88, "Total Cost": 446186.54, "Plan Rows": 29883, "Plan Width": 8, "Inner Unique": true, "Plans": [{"Node Type": "Nested Loop", "Parent Relationship": "Outer", "Parallel Aware": false, "Async Capable": false, "Join Type": "Inner", "Startup Cost": 0.44, "Total Cost": 399096.5, "Plan Rows": 98584, "Plan Width": 8, "Inner Unique": false, "Plans": [{"Node Type": "Seq Scan", "Parent Relationship": "Outer", "Parallel Aware": true, "Async Capable": false, "Relation Name": "part", "Alias": "part", "Startup Cost": 0.0, "Total Cost": 47242.0, "Plan Rows": 3287, "Plan Width": 4, "Filter": "((p_type)::text = 'PROMO ANODIZED COPPER'::text)"}, {"Node Type": "Index Scan", "Parent Relationship": "Inner", "Parallel Aware": false, "Async Capable": false, "Scan Direction": "Forward", "Index Name": "idx_lineitem_part_supp", "Relation Name": "lineitem", "Alias": "lineitem", "Startup Cost": 0.44, "Total Cost": 106.74, "Plan Rows": 30, "Plan Width": 12, "Index Cond": "(l_partkey = part.p_partkey)"}]}, {"Node Type": "Index Scan", "Parent Relationship": "Inner", "Parallel Aware": false, "Async Capable": false, "Scan Direction": "Forward", "Index Name": "orders_pkey", "Relation Name": "orders", "Alias": "orders", "Startup Cost": 0.43, "Total Cost": 0.48, "Plan Rows": 1, "Plan Width": 8, "Index Cond": "(o_orderkey = lineitem.l_orderkey)", "Filter": "((o_orderdate >= '1995-01-01'::date) AND (o_orderdate <= '1996-12-31'::date))"}]}, {"Node Type": "Index Scan", "Parent Relationship": "Inner", "Parallel Aware": false, "Async Capable": false, "Scan Direction": "Forward", "Index Name": "customer_pkey", "Relation Name": "customer", "Alias": "customer", "Startup Cost": 0.43, "Total Cost": 0.48, "Plan Rows": 1, "Plan Width": 8, "Index Cond": "(c_custkey = orders.o_custkey)"}]}, {"Node Type": "Memoize", "Parent Relationship": "Inner", "Parallel Aware": false, "Async Capable": false, "Startup Cost": 0.15, "Total Cost": 0.17, "Plan Rows": 1, "Plan Width": 8, "Cache Key": "customer.c_nationkey", "Cache Mode": "logical", "Plans": [{"Node Type": "Index Scan", "Parent Relationship": "Outer", "Parallel Aware": false, "Async Capable": false, "Scan Direction": "Forward", "Index Name": "nation_pkey", "Relation Name": "nation", "Alias": "n1", "Startup Cost": 0.14, "Total Cost": 0.16, "Plan Rows": 1, "Plan Width": 8, "Index Cond": "(n_nationkey = customer.c_nationkey)"}]}]}, {"Node Type": "Memoize", "Parent Relationship": "Inner", "Parallel Aware": false, "Async Capable": false, "Startup Cost": 0.14, "Total Cost": 0.64, "Plan Rows": 1, "Plan Width": 4, "Cache Key": "n1.n_regionkey", "Cache Mode": "logical", "Plans": [{"Node Type": "Index Scan", "Parent Relationship": "Outer", "Parallel Aware": false, "Async Capable": false, "Scan Direction": "Forward", "Index Name": "region_pkey", "Relation Name": "region", "Alias": "region", "Startup Cost": 0.13, "Total Cost": 0.63, "Plan Rows": 1, "Plan Width": 4, "Index Cond": "(r_regionkey = n1.n_regionkey)", "Filter": "(r_name = 'MIDDLE EAST'::bpchar)"}]}]}, {"Node Type": "Index Scan", "Parent Relationship": "Inner", "Parallel Aware": false, "Async Capable": false, "Scan Direction": "Forward", "Index Name": "supplier_pkey", "Relation Name": "supplier", "Alias": "supplier", "Startup Cost": 0.29, "Total Cost": 0.31, "Plan Rows": 1, "Plan Width": 8, "Index Cond": "(s_suppkey = lineitem.l_suppkey)"}]}, {"Node Type": "Memoize", "Parent Relationship": "Inner", "Parallel Aware": false, "Async Capable": false, "Startup Cost": 0.15, "Total Cost": 0.17, "Plan Rows": 1, "Plan Width": 4, "Cache Key": "supplier.s_nationkey", "Cache Mode": "logical", "Plans": [{"Node Type": "Index Only Scan", "Parent Relationship": "Outer", "Parallel Aware": false, "Async Capable": false, "Scan Direction": "Forward", "Index Name": "nation_pkey", "Relation Name": "nation", "Alias": "n2", "Startup Cost": 0.14, "Total Cost": 0.16, "Plan Rows": 1, "Plan Width": 4, "Index Cond": "(n_nationkey = supplier.s_nationkey)"}]}]}]}]}]}}, {"Plan": {"Node Type": "Aggregate", "Strategy": "Plain", "Partial Mode": "Simple", "Parallel Aware": false, "Async Capable": false, "Startup Cost": 3156094.19, "Total Cost": 3156094.2, "Plan Rows": 1, "Plan Width": 8, "Plans": [{"Node Type": "Merge Join", "Parent Relationship": "Outer", "Parallel Aware": false, "Async Capable": false, "Join Type": "Inner", "Startup Cost": 3155676.77, "Total Cost": 3156034.57, "Plan Rows": 23845, "Plan Width": 0, "Inner Unique": true, "Merge Cond": "(supplier.s_nationkey = n2.n_nationkey)", "Plans": [{"Node Type": "Sort", "Parent Relationship": "Outer", "Parallel Aware": false, "Async Capable": false, "Startup Cost": 3155674.94, "Total Cost": 3155734.55, "Plan Rows": 23845, "Plan Width": 4, "Sort Key": ["supplier.s_nationkey"], "Plans": [{"Node Type": "Merge Join", "Parent Relationship": "Outer", "Parallel Aware": false, "Async Capable": false, "Join Type": "Inner", "Startup Cost": 3148460.18, "Total Cost": 3153941.24, "Plan Rows": 23845, "Plan Width": 4, "Inner Unique": false, "Merge Cond": "(supplier.s_suppkey = lineitem.l_suppkey)", "Plans": [{"Node Type": "Index Scan", "Parent Relationship": "Outer", "Parallel Aware": false, "Async Capable": false, "Scan Direction": "Forward", "Index Name": "supplier_pkey", "Relation Name": "supplier", "Alias": "supplier", "Startup Cost": 0.29, "Total Cost": 4873.38, "Plan Rows": 100000, "Plan Width": 8}, {"Node Type": "Sort", "Parent Relationship": "Inner", "Parallel Aware": false, "Async Capable": false, "Startup Cost": 3148459.88, "Total Cost": 3148519.65, "Plan Rows": 23907, "Plan Width": 4, "Sort Key": ["lineitem.l_suppkey"], "Plans": [{"Node Type": "Merge Join", "Parent Relationship": "Outer", "Parallel Aware": false, "Async Capable": false, "Join Type": "Inner", "Startup Cost": 3145884.47, "Total Cost": 3146721.23, "Plan Rows": 23907, "Plan Width": 4, "Inner Unique": false, "Merge Cond": "(n1.n_nationkey = customer.c_nationkey)", "Plans": [{"Node Type": "Sort", "Parent Relationship": "Outer", "Parallel Aware": false, "Async Capable": false, "Startup Cost": 3.14, "Total Cost": 3.16, "Plan Rows": 5, "Plan Width": 4, "Sort Key": ["n1.n_nationkey"], "Plans": [{"Node Type": "Merge Join", "Parent Relationship": "Outer", "Parallel Aware": false, "Async Capable": false, "Join Type": "Inner", "Startup Cost": 2.9, "Total Cost": 3.09, "Plan Rows": 5, "Plan Width": 4, "Inner Unique": true, "Merge Cond": "(n1.n_regionkey = region.r_regionkey)", "Plans": [{"Node Type": "Sort", "Parent Relationship": "Outer", "Parallel Aware": false, "Async Capable": false, "Startup Cost": 1.83, "Total Cost": 1.89, "Plan Rows": 25, "Plan Width": 8, "Sort Key": ["n1.n_regionkey"], "Plans": [{"Node Type": "Seq Scan", "Parent Relationship": "Outer", "Parallel Aware": false, "Async Capable": false, "Relation Name": "nation", "Alias": "n1", "Startup Cost": 0.0, "Total Cost": 1.25, "Plan Rows": 25, "Plan Width": 8}]}, {"Node Type": "Sort", "Parent Relationship": "Inner", "Parallel Aware": false, "Async Capable": false, "Startup Cost": 1.07, "Total Cost": 1.08, "Plan Rows": 1, "Plan Width": 4, "Sort Key": ["region.r_regionkey"], "Plans": [{"Node Type": "Seq Scan", "Parent Relationship": "Outer", "Parallel Aware": false, "Async Capable": false, "Relation Name": "region", "Alias": "region", "Startup Cost": 0.0, "Total Cost": 1.06, "Plan Rows": 1, "Plan Width": 4, "Filter": "(r_name = 'MIDDLE EAST'::bpchar)"}]}]}]}, {"Node Type": "Sort", "Parent Relationship": "Inner", "Parallel Aware": false, "Async Capable": false, "Startup Cost": 3145881.33, "Total Cost": 3146180.16, "Plan Rows": 119533, "Plan Width": 8, "Sort Key": ["customer.c_nationkey"], "Plans": [{"Node Type": "Merge Join", "Parent Relationship": "Outer", "Parallel Aware": false, "Async Capable": false, "Join Type": "Inner", "Startup Cost": 3055307.83, "Total Cost": 3135800.48, "Plan Rows": 119533, "Plan Width": 8, "Inner Unique": false, "Merge Cond": "(customer.c_custkey = orders.o_custkey)", "Plans": [{"Node Type": "Index Scan", "Parent Relationship": "Outer", "Parallel Aware": false, "Async Capable": false, "Scan Direction": "Forward", "Index Name": "customer_pkey", "Relation Name": "customer", "Alias": "customer", "Startup Cost": 0.43, "Total Cost": 74952.71, "Plan Rows": 1500000, "Plan Width": 8}, {"Node Type": "Sort", "Parent Relationship": "Inner", "Parallel Aware": false, "Async Capable": false, "Startup Cost": 3055304.78, "Total Cost": 3055603.61, "Plan Rows": 119533, "Plan Width": 8, "Sort Key": ["orders.o_custkey"], "Plans": [{"Node Type": "Gather", "Parent Relationship": "Outer", "Parallel Aware": false, "Async Capable": false, "Startup Cost": 3020045.97, "Total Cost": 3045223.93, "Plan Rows": 119533, "Plan Width": 8, "Workers Planned": 7, "Single Copy": false, "Plans": [{"Node Type": "Merge Join", "Parent Relationship": "Outer", "Parallel Aware": false, "Async Capable": false, "Join Type": "Inner", "Startup Cost": 3019045.97, "Total Cost": 3032270.63, "Plan Rows": 17076, "Plan Width": 8, "Inner Unique": true, "Merge Cond": "(lineitem.l_partkey = part.p_partkey)", "Plans": [{"Node Type": "Sort", "Parent Relationship": "Outer", "Parallel Aware": false, "Async Capable": false, "Startup Cost": 2952154.42, "Total Cost": 2958648.73, "Plan Rows": 2597725, "Plan Width": 12, "Sort Key": ["lineitem.l_partkey"], "Plans": [{"Node Type": "Merge Join", "Parent Relationship": "Outer", "Parallel Aware": false, "Async Capable": false, "Join Type": "Inner", "Startup Cost": 7.0, "Total Cost": 2675382.18, "Plan Rows": 2597725, "Plan Width": 12, "Inner Unique": true, "Merge Cond": "(lineitem.l_orderkey = orders.o_orderkey)", "Plans": [{"Node Type": "Index Scan", "Parent Relationship": "Outer", "Parallel Aware": true, "Async Capable": false, "Scan Direction": "Forward", "Index Name": "idx_lineitem_orderkey", "Relation Name": "lineitem", "Alias": "lineitem", "Startup Cost": 0.56, "Total Cost": 1890883.43, "Plan Rows": 8569775, "Plan Width": 12}, {"Node Type": "Index Scan", "Parent Relationship": "Inner", "Parallel Aware": false, "Async Capable": false, "Scan Direction": "Forward", "Index Name": "orders_pkey", "Relation Name": "orders", "Alias": "orders", "Startup Cost": 0.43, "Total Cost": 725797.51, "Plan Rows": 4546865, "Plan Width": 8, "Filter": "((o_orderdate >= '1995-01-01'::date) AND (o_orderdate <= '1996-12-31'::date))"}]}]}, {"Node Type": "Sort", "Parent Relationship": "Inner", "Parallel Aware": false, "Async Capable": false, "Startup Cost": 66891.42, "Total Cost": 66924.28, "Plan Rows": 13147, "Plan Width": 4, "Sort Key": ["part.p_partkey"], "Plans": [{"Node Type": "Seq Scan", "Parent Relationship": "Outer", "Parallel Aware": false, "Async Capable": false, "Relation Name": "part", "Alias": "part", "Startup Cost": 0.0, "Total Cost": 65992.0, "Plan Rows": 13147, "Plan Width": 4, "Filter": "((p_type)::text = 'PROMO ANODIZED COPPER'::text)"}]}]}]}]}]}]}]}]}]}]}, {"Node Type": "Sort", "Parent Relationship": "Inner", "Parallel Aware": false, "Async Capable": false, "Startup Cost": 1.83, "Total Cost": 1.89, "Plan Rows": 25, "Plan Width": 4, "Sort Key": ["n2.n_nationkey"], "Plans": [{"Node Type": "Seq Scan", "Parent Relationship": "Outer", "Parallel Aware": false, "Async Capable": false, "Relation Name": "nation", "Alias": "n2", "Startup Cost": 0.0, "Total Cost": 1.25, "Plan Rows": 25, "Plan Width": 4}]}]}]}}, {"Plan": {"Node Type": "Aggregate", "Strategy": "Plain", "Partial Mode": "Simple", "Parallel Aware": false, "Async Capable": false, "Startup Cost": 70004282805.19, "Total Cost": 70004282805.2, "Plan Rows": 1, "Plan Width": 8, "Plans": [{"Node Type": "Nested Loop", "Parent Relationship": "Outer", "Parallel Aware": false, "Async Capable": false, "Join Type": "Inner", "Startup Cost": 70004276577.36, "Total Cost": 70004282745.58, "Plan Rows": 23845, "Plan Width": 0, "Inner Unique": true, "Plans": [{"Node Type": "Merge Join", "Parent Relationship": "Outer", "Parallel Aware": false, "Async Capable": false, "Join Type": "Inner", "Startup Cost": 60004276577.2, "Total Cost": 60004282058.27, "Plan Rows": 23845, "Plan Width": 4, "Inner Unique": true, "Merge Cond": "(lineitem.l_suppkey = supplier.s_suppkey)", "Plans": [{"Node Type": "Sort", "Parent Relationship": "Outer", "Parallel Aware": false, "Async Capable": false, "Startup Cost": 50004276576.91, "Total Cost": 50004276636.68, "Plan Rows": 23907, "Plan Width": 4, "Sort Key": ["lineitem.l_suppkey"], "Plans": [{"Node Type": "Merge Join", "Parent Relationship": "Outer", "Parallel Aware": false, "Async Capable": false, "Join Type": "Inner", "Startup Cost": 50004158439.7, "Total Cost": 50004274838.26, "Plan Rows": 23907, "Plan Width": 4, "Inner Unique": true, "Merge Cond": "(lineitem.l_partkey = part.p_partkey)", "Plans": [{"Node Type": "Sort", "Parent Relationship": "Outer", "Parallel Aware": false, "Async Capable": false, "Startup Cost": 40004158439.07, "Total Cost": 40004167531.11, "Plan Rows": 3636815, "Plan Width": 8, "Sort Key": ["lineitem.l_partkey"], "Plans": [{"Node Type": "Merge Join", "Parent Relationship": "Outer", "Parallel Aware": false, "Async Capable": false, "Join Type": "Inner", "Startup Cost": 40001166265.84, "Total Cost": 40003762130.9, "Plan Rows": 3636815, "Plan Width": 8, "Inner Unique": false, "Merge Cond": "(orders.o_orderkey = lineitem.l_orderkey)", "Plans": [{"Node Type": "Sort", "Parent Relationship": "Outer", "Parallel Aware": false, "Async Capable": false, "Startup Cost": 30001166265.24, "Total Cost": 30001168538.67, "Plan Rows": 909373, "Plan Width": 4, "Sort Key": ["orders.o_orderkey"], "Plans": [{"Node Type": "Merge Join", "Parent Relationship": "Outer", "Parallel Aware": false, "Async Capable": false, "Join Type": "Inner", "Startup Cost": 30000894437.18, "Total Cost": 30001076262.26, "Plan Rows": 909373, "Plan Width": 4, "Inner Unique": false, "Merge Cond": "(customer.c_custkey = orders.o_custkey)", "Plans": [{"Node Type": "Nested Loop", "Parent Relationship": "Outer", "Parallel Aware": false, "Async Capable": false, "Join Type": "Inner", "Startup Cost": 30000000001.05, "Total Cost": 30000149253.18, "Plan Rows": 300000, "Plan Width": 4, "Inner Unique": true, "Plans": [{"Node Type": "Nested Loop", "Parent Relationship": "Outer", "Parallel Aware": false, "Async Capable": false, "Join Type": "Inner", "Startup Cost": 20000000000.58, "Total Cost": 20000111726.34, "Plan Rows": 1500000, "Plan Width": 8, "Inner Unique": true, "Plans": [{"Node Type": "Index Scan", "Parent Relationship": "Outer", "Parallel Aware": false, "Async Capable": false, "Scan Direction": "Forward", "Index Name": "customer_pkey", "Relation Name": "customer", "Alias": "customer", "Startup Cost": 10000000000.43, "Total Cost": 10000074952.71, "Plan Rows": 1500000, "Plan Width": 8}, {"Node Type": "Memoize", "Parent Relationship": "Inner", "Parallel Aware": false, "Async Capable": false, "Startup Cost": 0.16, "Total Cost": 4.17, "Plan Rows": 1, "Plan Width": 8, "Cache Key": "customer.c_nationkey", "Cache Mode": "logical", "Plans": [{"Node Type": "Bitmap Heap Scan", "Parent Relationship": "Outer", "Parallel Aware": false, "Async Capable": false, "Relation Name": "nation", "Alias": "n1", "Startup Cost": 0.15, "Total Cost": 4.16, "Plan Rows": 1, "Plan Width": 8, "Recheck Cond": "(customer.c_nationkey = n_nationkey)", "Plans": [{"Node Type": "Bitmap Index Scan", "Parent Relationship": "Outer", "Parallel Aware": false, "Async Capable": false, "Index Name": "nation_pkey", "Startup Cost": 0.0, "Total Cost": 0.15, "Plan Rows": 1, "Plan Width": 0, "Index Cond": "(n_nationkey = customer.c_nationkey)"}]}]}]}, {"Node Type": "Memoize", "Parent Relationship": "Inner", "Parallel Aware": false, "Async Capable": false, "Startup Cost": 0.47, "Total Cost": 4.49, "Plan Rows": 1, "Plan Width": 4, "Cache Key": "n1.n_regionkey", "Cache Mode": "logical", "Plans": [{"Node Type": "Bitmap Heap Scan", "Parent Relationship": "Outer", "Parallel Aware": false, "Async Capable": false, "Relation Name": "region", "Alias": "region", "Startup Cost": 0.46, "Total Cost": 4.48, "Plan Rows": 1, "Plan Width": 4, "Recheck Cond": "(n1.n_regionkey = r_regionkey)", "Filter": "(r_name = 'MIDDLE EAST'::bpchar)", "Plans": [{"Node Type": "Bitmap Index Scan", "Parent Relationship": "Outer", "Parallel Aware": false, "Async Capable": false, "Index Name": "region_pkey", "Startup Cost": 0.0, "Total Cost": 0.46, "Plan Rows": 1, "Plan Width": 0, "Index Cond": "(r_regionkey = n1.n_regionkey)"}]}]}]}, {"Node Type": "Sort", "Parent Relationship": "Inner", "Parallel Aware": false, "Async Capable": false, "Startup Cost": 894431.13, "Total Cost": 905798.29, "Plan Rows": 4546865, "Plan Width": 8, "Sort Key": ["orders.o_custkey"], "Plans": [{"Node Type": "Bitmap Heap Scan", "Parent Relationship": "Outer", "Parallel Aware": false, "Async Capable": false, "Relation Name": "orders", "Alias": "orders", "Startup Cost": 62153.8, "Total Cost": 391628.78, "Plan Rows": 4546865, "Plan Width": 8, "Recheck Cond": "((o_orderdate >= '1995-01-01'::date) AND (o_orderdate <= '1996-12-31'::date))", "Plans": [{"Node Type": "Bitmap Index Scan", "Parent Relationship": "Outer", "Parallel Aware": false, "Async Capable": false, "Index Name": "idx_orders_orderdate", "Startup Cost": 0.0, "Total Cost": 61017.08, "Plan Rows": 4546865, "Plan Width": 0, "Index Cond": "((o_orderdate >= '1995-01-01'::date) AND (o_orderdate <= '1996-12-31'::date))"}]}]}]}]}, {"Node Type": "Index Scan", "Parent Relationship": "Inner", "Parallel Aware": false, "Async Capable": false, "Scan Direction": "Forward", "Index Name": "idx_lineitem_orderkey", "Relation Name": "lineitem", "Alias": "lineitem", "Startup Cost": 10000000000.57, "Total Cost": 10002405069.93, "Plan Rows": 59988424, "Plan Width": 12}]}]}, {"Node Type": "Index Scan", "Parent Relationship": "Inner", "Parallel Aware": false, "Async Capable": false, "Scan Direction": "Forward", "Index Name": "part_pkey", "Relation Name": "part", "Alias": "part", "Startup Cost": 10000000000.43, "Total Cost": 10000097943.62, "Plan Rows": 13147, "Plan Width": 4, "Filter": "((p_type)::text = 'PROMO ANODIZED COPPER'::text)"}]}]}, {"Node Type": "Index Scan", "Parent Relationship": "Inner", "Parallel Aware": false, "Async Capable": false, "Scan Direction": "Forward", "Index Name": "supplier_pkey", "Relation Name": "supplier", "Alias": "supplier", "Startup Cost": 10000000000.29, "Total Cost": 10000004873.38, "Plan Rows": 100000, "Plan Width": 8}]}, {"Node Type": "Memoize", "Parent Relationship": "Inner", "Parallel Aware": false, "Async Capable": false, "Startup Cost": 0.16, "Total Cost": 4.17, "Plan Rows": 1, "Plan Width": 4, "Cache Key": "supplier.s_nationkey", "Cache Mode": "logical", "Plans": [{"Node Type": "Bitmap Heap Scan", "Parent Relationship": "Outer", "Parallel Aware": false, "Async Capable": false, "Relation Name": "nation", "Alias": "n2", "Startup Cost": 0.15, "Total Cost": 4.16, "Plan Rows": 1, "Plan Width": 4, "Recheck Cond": "(supplier.s_nationkey = n_nationkey)", "Plans": [{"Node Type": "Bitmap Index Scan", "Parent Relationship": "Outer", "Parallel Aware": false, "Async Capable": false, "Index Name": "nation_pkey", "Startup Cost": 0.0, "Total Cost": 0.15, "Plan Rows": 1, "Plan Width": 0, "Index Cond": "(n_nationkey = supplier.s_nationkey)"}]}]}]}]}}, {"Plan": {"Node Type": "Aggregate", "Strategy": "Plain", "Partial Mode": "Finalize", "Parallel Aware": false, "Async Capable": false, "Startup Cost": 923606.27, "Total Cost": 923606.28, "Plan Rows": 1, "Plan Width": 8, "Plans": [{"Node Type": "Gather", "Parent Relationship": "Outer", "Parallel Aware": false, "Async Capable": false, "Startup Cost": 923605.85, "Total Cost": 923606.26, "Plan Rows": 4, "Plan Width": 8, "Workers Planned": 4, "Single Copy": false, "Plans": [{"Node Type": "Aggregate", "Strategy": "Plain", "Partial Mode": "Partial", "Parent Relationship": "Outer", "Parallel Aware": false, "Async Capable": false, "Startup Cost": 922605.85, "Total Cost": 922605.86, "Plan Rows": 1, "Plan Width": 8, "Plans": [{"Node Type": "Nested Loop", "Parent Relationship": "Outer", "Parallel Aware": false, "Async Capable": false, "Join Type": "Inner", "Startup Cost": 921751.48, "Total Cost": 922590.94, "Plan Rows": 5961, "Plan Width": 0, "Inner Unique": true, "Plans": [{"Node Type": "Merge Join", "Parent Relationship": "Outer", "Parallel Aware": false, "Async Capable": false, "Join Type": "Inner", "Startup Cost": 921751.33, "Total Cost": 922340.83, "Plan Rows": 5961, "Plan Width": 4, "Inner Unique": true, "Merge Cond": "(lineitem.l_suppkey = supplier.s_suppkey)", "Plans": [{"Node Type": "Sort", "Parent Relationship": "Outer", "Parallel Aware": false, "Async Capable": false, "Startup Cost": 910182.51, "Total Cost": 910197.45, "Plan Rows": 5977, "Plan Width": 4, "Sort Key": ["lineitem.l_suppkey"], "Plans": [{"Node Type": "Merge Join", "Parent Relationship": "Outer", "Parallel Aware": false, "Async Capable": false, "Join Type": "Inner", "Startup Cost": 908098.46, "Total Cost": 909807.59, "Plan Rows": 5977, "Plan Width": 4, "Inner Unique": false, "Merge Cond": "(orders.o_custkey = customer.c_custkey)", "Plans": [{"Node Type": "Sort", "Parent Relationship": "Outer", "Parallel Aware": false, "Async Capable": false, "Startup Cost": 846567.7, "Total Cost": 846642.41, "Plan Rows": 29883, "Plan Width": 8, "Sort Key": ["orders.o_custkey"], "Plans": [{"Node Type": "Nested Loop", "Parent Relationship": "Outer", "Parallel Aware": false, "Async Capable": false, "Join Type": "Inner", "Startup Cost": 4.79, "Total Cost": 844346.34, "Plan Rows": 29883, "Plan Width": 8, "Inner Unique": true, "Plans": [{"Node Type": "Nested Loop", "Parent Relationship": "Outer", "Parallel Aware": false, "Async Capable": false, "Join Type": "Inner", "Startup Cost": 4.35, "Total Cost": 404366.68, "Plan Rows": 98584, "Plan Width": 8, "Inner Unique": false, "Plans": [{"Node Type": "Seq Scan", "Parent Relationship": "Outer", "Parallel Aware": true, "Async Capable": false, "Relation Name": "part", "Alias": "part", "Startup Cost": 0.0, "Total Cost": 47242.0, "Plan Rows": 3287, "Plan Width": 4, "Filter": "((p_type)::text = 'PROMO ANODIZED COPPER'::text)"}, {"Node Type": "Bitmap Heap Scan", "Parent Relationship": "Inner", "Parallel Aware": false, "Async Capable": false, "Relation Name": "lineitem", "Alias": "lineitem", "Startup Cost": 4.35, "Total Cost": 108.35, "Plan Rows": 30, "Plan Width": 12, "Recheck Cond": "(part.p_partkey = l_partkey)", "Plans": [{"Node Type": "Bitmap Index Scan", "Parent Relationship": "Outer", "Parallel Aware": false, "Async Capable": false, "Index Name": "idx_lineitem_part_supp", "Startup Cost": 0.0, "Total Cost": 4.34, "Plan Rows": 30, "Plan Width": 0, "Index Cond": "(l_partkey = part.p_partkey)"}]}]}, {"Node Type": "Bitmap Heap Scan", "Parent Relationship": "Inner", "Parallel Aware": false, "Async Capable": false, "Relation Name": "orders", "Alias": "orders", "Startup Cost": 0.45, "Total Cost": 4.46, "Plan Rows": 1, "Plan Width": 8, "Recheck Cond": "(lineitem.l_orderkey = o_orderkey)", "Filter": "((o_orderdate >= '1995-01-01'::date) AND (o_orderdate <= '1996-12-31'::date))", "Plans": [{"Node Type": "Bitmap Index Scan", "Parent Relationship": "Outer", "Parallel Aware": false, "Async Capable": false, "Index Name": "orders_pkey", "Startup Cost": 0.0, "Total Cost": 0.45, "Plan Rows": 1, "Plan Width": 0, "Index Cond": "(o_orderkey = lineitem.l_orderkey)"}]}]}]}, {"Node Type": "Sort", "Parent Relationship": "Inner", "Parallel Aware": false, "Async Capable": false, "Startup Cost": 61530.71, "Total Cost": 62280.71, "Plan Rows": 300000, "Plan Width": 4, "Sort Key": ["customer.c_custkey"], "Plans": [{"Node Type": "Nested Loop", "Parent Relationship": "Outer", "Parallel Aware": false, "Async Capable": false, "Join Type": "Inner", "Startup Cost": 601.43, "Total Cost": 34238.8, "Plan Rows": 300000, "Plan Width": 4, "Inner Unique": false, "Plans": [{"Node Type": "Nested Loop", "Parent Relationship": "Outer", "Parallel Aware": false, "Async Capable": false, "Join Type": "Inner", "Startup Cost": 0.0, "Total Cost": 2.62, "Plan Rows": 5, "Plan Width": 4, "Inner Unique": false, "Join Filter": "(n1.n_regionkey = region.r_regionkey)", "Plans": [{"Node Type": "Seq Scan", "Parent Relationship": "Outer", "Parallel Aware": false, "Async Capable": false, "Relation Name": "region", "Alias": "region", "Startup Cost": 0.0, "Total Cost": 1.06, "Plan Rows": 1, "Plan Width": 4, "Filter": "(r_name = 'MIDDLE EAST'::bpchar)"}, {"Node Type": "Seq Scan", "Parent Relationship": "Inner", "Parallel Aware": false, "Async Capable": false, "Relation Name": "nation", "Alias": "n1", "Startup Cost": 0.0, "Total Cost": 1.25, "Plan Rows": 25, "Plan Width": 8}]}, {"Node Type": "Bitmap Heap Scan", "Parent Relationship": "Inner", "Parallel Aware": false, "Async Capable": false, "Relation Name": "customer", "Alias": "customer", "Startup Cost": 601.43, "Total Cost": 6247.24, "Plan Rows": 60000, "Plan Width": 8, "Recheck Cond": "(c_nationkey = n1.n_nationkey)", "Plans": [{"Node Type": "Bitmap Index Scan", "Parent Relationship": "Outer", "Parallel Aware": false, "Async Capable": false, "Index Name": "idx_customer_nationkey", "Startup Cost": 0.0, "Total Cost": 586.43, "Plan Rows": 60000, "Plan Width": 0, "Index Cond": "(c_nationkey = n1.n_nationkey)"}]}]}]}]}]}, {"Node Type": "Sort", "Parent Relationship": "Inner", "Parallel Aware": false, "Async Capable": false, "Startup Cost": 11568.82, "Total Cost": 11818.82, "Plan Rows": 100000, "Plan Width": 8, "Sort Key": ["supplier.s_suppkey"], "Plans": [{"Node Type": "Seq Scan", "Parent Relationship": "Outer", "Parallel Aware": false, "Async Capable": false, "Relation Name": "supplier", "Alias": "supplier", "Startup Cost": 0.0, "Total Cost": 3264.0, "Plan Rows": 100000, "Plan Width": 8}]}]}, {"Node Type": "Memoize", "Parent Relationship": "Inner", "Parallel Aware": false, "Async Capable": false, "Startup Cost": 0.16, "Total Cost": 4.17, "Plan Rows": 1, "Plan Width": 4, "Cache Key": "supplier.s_nationkey", "Cache Mode": "logical", "Plans": [{"Node Type": "Bitmap Heap Scan", "Parent Relationship": "Outer", "Parallel Aware": false, "Async Capable": false, "Relation Name": "nation", "Alias": "n2", "Startup Cost": 0.15, "Total Cost": 4.16, "Plan Rows": 1, "Plan Width": 4, "Recheck Cond": "(supplier.s_nationkey = n_nationkey)", "Plans": [{"Node Type": "Bitmap Index Scan", "Parent Relationship": "Outer", "Parallel Aware": false, "Async Capable": false, "Index Name": "nation_pkey", "Startup Cost": 0.0, "Total Cost": 0.15, "Plan Rows": 1, "Plan Width": 0, "Index Cond": "(n_nationkey = supplier.s_nationkey)"}]}]}]}]}]}]}}, {"Plan": {"Node Type": "Aggregate", "Strategy": "Plain", "Partial Mode": "Simple", "Parallel Aware": false, "Async Capable": false, "Startup Cost": 3358848.95, "Total Cost": 3358848.96, "Plan Rows": 1, "Plan Width": 8, "Plans": [{"Node Type": "Merge Join", "Parent Relationship": "Outer", "Parallel Aware": false, "Async Capable": false, "Join Type": "Inner", "Startup Cost": 3358431.53, "Total Cost": 3358789.33, "Plan Rows": 23845, "Plan Width": 0, "Inner Unique": true, "Merge Cond": "(supplier.s_nationkey = n2.n_nationkey)", "Plans": [{"Node Type": "Sort", "Parent Relationship": "Outer", "Parallel Aware": false, "Async Capable": false, "Startup Cost": 3358429.7, "Total Cost": 3358489.32, "Plan Rows": 23845, "Plan Width": 4, "Sort Key": ["supplier.s_nationkey"], "Plans": [{"Node Type": "Merge Join", "Parent Relationship": "Outer", "Parallel Aware": false, "Async Capable": false, "Join Type": "Inner", "Startup Cost": 3355838.02, "Total Cost": 3356696.0, "Plan Rows": 23845, "Plan Width": 4, "Inner Unique": true, "Merge Cond": "(lineitem.l_suppkey = supplier.s_suppkey)", "Plans": [{"Node Type": "Sort", "Parent Relationship": "Outer", "Parallel Aware": false, "Async Capable": false, "Startup Cost": 3344269.2, "Total Cost": 3344328.97, "Plan Rows": 23907, "Plan Width": 4, "Sort Key": ["lineitem.l_suppkey"], "Plans": [{"Node Type": "Merge Join", "Parent Relationship": "Outer", "Parallel Aware": false, "Async Capable": false, "Join Type": "Inner", "Startup Cost": 3335773.04, "Total Cost": 3342530.54, "Plan Rows": 23907, "Plan Width": 4, "Inner Unique": false, "Merge Cond": "(lineitem.l_orderkey = orders.o_orderkey)", "Plans": [{"Node Type": "Sort", "Parent Relationship": "Outer", "Parallel Aware": false, "Async Capable": false, "Startup Cost": 2531597.42, "Total Cost": 2532583.26, "Plan Rows": 394334, "Plan Width": 8, "Sort Key": ["lineitem.l_orderkey"], "Plans": [{"Node Type": "Gather", "Parent Relationship": "Outer", "Parallel Aware": false, "Async Capable": false, "Startup Cost": 2412036.11, "Total Cost": 2494945.93, "Plan Rows": 394334, "Plan Width": 8, "Workers Planned": 7, "Single Copy": false, "Plans": [{"Node Type": "Merge Join", "Parent Relationship": "Outer", "Parallel Aware": false, "Async Capable": false, "Join Type": "Inner", "Startup Cost": 2411036.11, "Total Cost": 2454512.53, "Plan Rows": 56333, "Plan Width": 8, "Inner Unique": true, "Merge Cond": "(lineitem.l_partkey = part.p_partkey)", "Plans": [{"Node Type": "Sort", "Parent Relationship": "Outer", "Parallel Aware": false, "Async Capable": false, "Startup Cost": 2344144.23, "Total Cost": 2365568.67, "Plan Rows": 8569775, "Plan Width": 12, "Sort Key": ["lineitem.l_partkey"], "Plans": [{"Node Type": "Seq Scan", "Parent Relationship": "Outer", "Parallel Aware": true, "Async Capable": false, "Relation Name": "lineitem", "Alias": "lineitem", "Startup Cost": 0.0, "Total Cost": 1210841.75, "Plan Rows": 8569775, "Plan Width": 12}]}, {"Node Type": "Sort", "Parent Relationship": "Inner", "Parallel Aware": false, "Async Capable": false, "Startup Cost": 66891.42, "Total Cost": 66924.28, "Plan Rows": 13147, "Plan Width": 4, "Sort Key": ["part.p_partkey"], "Plans": [{"Node Type": "Seq Scan", "Parent Relationship": "Outer", "Parallel Aware": false, "Async Capable": false, "Relation Name": "part", "Alias": "part", "Startup Cost": 0.0, "Total Cost": 65992.0, "Plan Rows": 13147, "Plan Width": 4, "Filter": "((p_type)::text = 'PROMO ANODIZED COPPER'::text)"}]}]}]}]}, {"Node Type": "Sort", "Parent Relationship": "Inner", "Parallel Aware": false, "Async Capable": false, "Startup Cost": 804175.59, "Total Cost": 806449.02, "Plan Rows": 909373, "Plan Width": 4, "Sort Key": ["orders.o_orderkey"], "Plans": [{"Node Type": "Gather", "Parent Relationship": "Outer", "Parallel Aware": false, "Async Capable": false, "Startup Cost": 616430.7, "Total Cost": 714172.61, "Plan Rows": 909373, "Plan Width": 4, "Workers Planned": 6, "Single Copy": false, "Plans": [{"Node Type": "Merge Join", "Parent Relationship": "Outer", "Parallel Aware": false, "Async Capable": false, "Join Type": "Inner", "Startup Cost": 615430.7, "Total Cost": 622235.31, "Plan Rows": 151562, "Plan Width": 4, "Inner Unique": false, "Merge Cond": "(orders.o_custkey = customer.c_custkey)", "Plans": [{"Node Type": "Sort", "Parent Relationship": "Outer", "Parallel Aware": false, "Async Capable": false, "Startup Cost": 372777.59, "Total Cost": 374672.12, "Plan Rows": 757811, "Plan Width": 8, "Sort Key": ["orders.o_custkey"], "Plans": [{"Node Type": "Seq Scan", "Parent Relationship": "Outer", "Parallel Aware": true, "Async Capable": false, "Relation Name": "orders", "Alias": "orders", "Startup Cost": 0.0, "Total Cost": 298771.75, "Plan Rows": 757811, "Plan Width": 8, "Filter": "((o_orderdate >= '1995-01-01'::date) AND (o_orderdate <= '1996-12-31'::date))"}]}, {"Node Type": "Sort", "Parent Relationship": "Inner", "Parallel Aware": false, "Async Capable": false, "Startup Cost": 242653.06, "Total Cost": 243403.06, "Plan Rows": 300000, "Plan Width": 4, "Sort Key": ["customer.c_custkey"], "Plans": [{"Node Type": "Merge Join", "Parent Relationship": "Outer", "Parallel Aware": false, "Async Capable": false, "Join Type": "Inner", "Startup Cost": 204861.13, "Total Cost": 215361.15, "Plan Rows": 300000, "Plan Width": 4, "Inner Unique": false, "Merge Cond": "(n1.n_nationkey = customer.c_nationkey)", "Plans": [{"Node Type": "Sort", "Parent Relationship": "Outer", "Parallel Aware": false, "Async Capable": false, "Startup Cost": 3.14, "Total Cost": 3.16, "Plan Rows": 5, "Plan Width": 4, "Sort Key": ["n1.n_nationkey"], "Plans": [{"Node Type": "Merge Join", "Parent Relationship": "Outer", "Parallel Aware": false, "Async Capable": false, "Join Type": "Inner", "Startup Cost": 2.9, "Total Cost": 3.09, "Plan Rows": 5, "Plan Width": 4, "Inner Unique": true, "Merge Cond": "(n1.n_regionkey = region.r_regionkey)", "Plans": [{"Node Type": "Sort", "Parent Relationship": "Outer", "Parallel Aware": false, "Async Capable": false, "Startup Cost": 1.83, "Total Cost": 1.89, "Plan Rows": 25, "Plan Width": 8, "Sort Key": ["n1.n_regionkey"], "Plans": [{"Node Type": "Seq Scan", "Parent Relationship": "Outer", "Parallel Aware": false, "Async Capable": false, "Relation Name": "nation", "Alias": "n1", "Startup Cost": 0.0, "Total Cost": 1.25, "Plan Rows": 25, "Plan Width": 8}]}, {"Node Type": "Sort", "Parent Relationship": "Inner", "Parallel Aware": false, "Async Capable": false, "Startup Cost": 1.07, "Total Cost": 1.08, "Plan Rows": 1, "Plan Width": 4, "Sort Key": ["region.r_regionkey"], "Plans": [{"Node Type": "Seq Scan", "Parent Relationship": "Outer", "Parallel Aware": false, "Async Capable": false, "Relation Name": "region", "Alias": "region", "Startup Cost": 0.0, "Total Cost": 1.06, "Plan Rows": 1, "Plan Width": 4, "Filter": "(r_name = 'MIDDLE EAST'::bpchar)"}]}]}]}, {"Node Type": "Sort", "Parent Relationship": "Inner", "Parallel Aware": false, "Async Capable": false, "Startup Cost": 204857.98, "Total Cost": 208607.98, "Plan Rows": 1500000, "Plan Width": 8, "Sort Key": ["customer.c_nationkey"], "Plans": [{"Node Type": "Seq Scan", "Parent Relationship": "Outer", "Parallel Aware": false, "Async Capable": false, "Relation Name": "customer", "Alias": "customer", "Startup Cost": 0.0, "Total Cost": 50984.0, "Plan Rows": 1500000, "Plan Width": 8}]}]}]}]}]}]}]}]}, {"Node Type": "Sort", "Parent Relationship": "Inner", "Parallel Aware": false, "Async Capable": false, "Startup Cost": 11568.82, "Total Cost": 11818.82, "Plan Rows": 100000, "Plan Width": 8, "Sort Key": ["supplier.s_suppkey"], "Plans": [{"Node Type": "Seq Scan", "Parent Relationship": "Outer", "Parallel Aware": false, "Async Capable": false, "Relation Name": "supplier", "Alias": "supplier", "Startup Cost": 0.0, "Total Cost": 3264.0, "Plan Rows": 100000, "Plan Width": 8}]}]}]}, {"Node Type": "Sort", "Parent Relationship": "Inner", "Parallel Aware": false, "Async Capable": false, "Startup Cost": 1.83, "Total Cost": 1.89, "Plan Rows": 25, "Plan Width": 4, "Sort Key": ["n2.n_nationkey"], "Plans": [{"Node Type": "Seq Scan", "Parent Relationship": "Outer", "Parallel Aware": false, "Async Capable": false, "Relation Name": "nation", "Alias": "n2", "Startup Cost": 0.0, "Total Cost": 1.25, "Plan Rows": 25, "Plan Width": 4}]}]}]}}, {"Plan": {"Node Type": "Aggregate", "Strategy": "Plain", "Partial Mode": "Finalize", "Parallel Aware": false, "Async Capable": false, "Startup Cost": 1037368.66, "Total Cost": 1037368.67, "Plan Rows": 1, "Plan Width": 8, "Plans": [{"Node Type": "Gather", "Parent Relationship": "Outer", "Parallel Aware": false, "Async Capable": false, "Startup Cost": 1037368.24, "Total Cost": 1037368.65, "Plan Rows": 4, "Plan Width": 8, "Workers Planned": 4, "Single Copy": false, "Plans": [{"Node Type": "Aggregate", "Strategy": "Plain", "Partial Mode": "Partial", "Parent Relationship": "Outer", "Parallel Aware": false, "Async Capable": false, "Startup Cost": 1036368.24, "Total Cost": 1036368.25, "Plan Rows": 1, "Plan Width": 8, "Plans": [{"Node Type": "Nested Loop", "Parent Relationship": "Outer", "Parallel Aware": false, "Async Capable": false, "Join Type": "Inner", "Startup Cost": 5.84, "Total Cost": 1036353.33, "Plan Rows": 5961, "Plan Width": 0, "Inner Unique": true, "Plans": [{"Node Type": "Nested Loop", "Parent Relationship": "Outer", "Parallel Aware": false, "Async Capable": false, "Join Type": "Inner", "Startup Cost": 5.69, "Total Cost": 1036103.22, "Plan Rows": 5961, "Plan Width": 4, "Inner Unique": true, "Plans": [{"Node Type": "Nested Loop", "Parent Relationship": "Outer", "Parallel Aware": false, "Async Capable": false, "Join Type": "Inner", "Startup Cost": 5.39, "Total Cost": 1010325.8, "Plan Rows": 5977, "Plan Width": 4, "Inner Unique": true, "Join Filter": "(n1.n_regionkey = region.r_regionkey)", "Plans": [{"Node Type": "Nested Loop", "Parent Relationship": "Outer", "Parallel Aware": false, "Async Capable": false, "Join Type": "Inner", "Startup Cost": 5.39, "Total Cost": 978201.58, "Plan Rows": 29883, "Plan Width": 8, "Inner Unique": true, "Plans": [{"Node Type": "Nested Loop", "Parent Relationship": "Outer", "Parallel Aware": false, "Async Capable": false, "Join Type": "Inner", "Startup Cost": 5.23, "Total Cost": 977366.66, "Plan Rows": 29883, "Plan Width": 8, "Inner Unique": true, "Plans": [{"Node Type": "Nested Loop", "Parent Relationship": "Outer", "Parallel Aware": false, "Async Capable": false, "Join Type": "Inner", "Startup Cost": 4.79, "Total Cost": 844346.34, "Plan Rows": 29883, "Plan Width": 8, "Inner Unique": true, "Plans": [{"Node Type": "Nested Loop", "Parent Relationship": "Outer", "Parallel Aware": false, "Async Capable": false, "Join Type": "Inner", "Startup Cost": 4.35, "Total Cost": 404366.68, "Plan Rows": 98584, "Plan Width": 8, "Inner Unique": false, "Plans": [{"Node Type": "Seq Scan", "Parent Relationship": "Outer", "Parallel Aware": true, "Async Capable": false, "Relation Name": "part", "Alias": "part", "Startup Cost": 0.0, "Total Cost": 47242.0, "Plan Rows": 3287, "Plan Width": 4, "Filter": "((p_type)::text = 'PROMO ANODIZED COPPER'::text)"}, {"Node Type": "Bitmap Heap Scan", "Parent Relationship": "Inner", "Parallel Aware": false, "Async Capable": false, "Relation Name": "lineitem", "Alias": "lineitem", "Startup Cost": 4.35, "Total Cost": 108.35, "Plan Rows": 30, "Plan Width": 12, "Recheck Cond": "(part.p_partkey = l_partkey)", "Plans": [{"Node Type": "Bitmap Index Scan", "Parent Relationship": "Outer", "Parallel Aware": false, "Async Capable": false, "Index Name": "idx_lineitem_part_supp", "Startup Cost": 0.0, "Total Cost": 4.34, "Plan Rows": 30, "Plan Width": 0, "Index Cond": "(l_partkey = part.p_partkey)"}]}]}, {"Node Type": "Bitmap Heap Scan", "Parent Relationship": "Inner", "Parallel Aware": false, "Async Capable": false, "Relation Name": "orders", "Alias": "orders", "Startup Cost": 0.45, "Total Cost": 4.46, "Plan Rows": 1, "Plan Width": 8, "Recheck Cond": "(lineitem.l_orderkey = o_orderkey)", "Filter": "((o_orderdate >= '1995-01-01'::date) AND (o_orderdate <= '1996-12-31'::date))", "Plans": [{"Node Type": "Bitmap Index Scan", "Parent Relationship": "Outer", "Parallel Aware": false, "Async Capable": false, "Index Name": "orders_pkey", "Startup Cost": 0.0, "Total Cost": 0.45, "Plan Rows": 1, "Plan Width": 0, "Index Cond": "(o_orderkey = lineitem.l_orderkey)"}]}]}, {"Node Type": "Bitmap Heap Scan", "Parent Relationship": "Inner", "Parallel Aware": false, "Async Capable": false, "Relation Name": "customer", "Alias": "customer", "Startup Cost": 0.44, "Total Cost": 4.45, "Plan Rows": 1, "Plan Width": 8, "Recheck Cond": "(orders.o_custkey = c_custkey)", "Plans": [{"Node Type": "Bitmap Index Scan", "Parent Relationship": "Outer", "Parallel Aware": false, "Async Capable": false, "Index Name": "customer_pkey", "Startup Cost": 0.0, "Total Cost": 0.44, "Plan Rows": 1, "Plan Width": 0, "Index Cond": "(c_custkey = orders.o_custkey)"}]}]}, {"Node Type": "Memoize", "Parent Relationship": "Inner", "Parallel Aware": false, "Async Capable": false, "Startup Cost": 0.16, "Total Cost": 4.17, "Plan Rows": 1, "Plan Width": 8, "Cache Key": "customer.c_nationkey", "Cache Mode": "logical", "Plans": [{"Node Type": "Bitmap Heap Scan", "Parent Relationship": "Outer", "Parallel Aware": false, "Async Capable": false, "Relation Name": "nation", "Alias": "n1", "Startup Cost": 0.15, "Total Cost": 4.16, "Plan Rows": 1, "Plan Width": 8, "Recheck Cond": "(customer.c_nationkey = n_nationkey)", "Plans": [{"Node Type": "Bitmap Index Scan", "Parent Relationship": "Outer", "Parallel Aware": false, "Async Capable": false, "Index Name": "nation_pkey", "Startup Cost": 0.0, "Total Cost": 0.15, "Plan Rows": 1, "Plan Width": 0, "Index Cond": "(n_nationkey = customer.c_nationkey)"}]}]}]}, {"Node Type": "Seq Scan", "Parent Relationship": "Inner", "Parallel Aware": false, "Async Capable": false, "Relation Name": "region", "Alias": "region", "Startup Cost": 0.0, "Total Cost": 1.06, "Plan Rows": 1, "Plan Width": 4, "Filter": "(r_name = 'MIDDLE EAST'::bpchar)"}]}, {"Node Type": "Bitmap Heap Scan", "Parent Relationship": "Inner", "Parallel Aware": false, "Async Capable": false, "Relation Name": "supplier", "Alias": "supplier", "Startup Cost": 0.3, "Total Cost": 4.31, "Plan Rows": 1, "Plan Width": 8, "Recheck Cond": "(s_suppkey = lineitem.l_suppkey)", "Plans": [{"Node Type": "Bitmap Index Scan", "Parent Relationship": "Outer", "Parallel Aware": false, "Async Capable": false, "Index Name": "supplier_pkey", "Startup Cost": 0.0, "Total Cost": 0.3, "Plan Rows": 1, "Plan Width": 0, "Index Cond": "(s_suppkey = lineitem.l_suppkey)"}]}]}, {"Node Type": "Memoize", "Parent Relationship": "Inner", "Parallel Aware": false, "Async Capable": false, "Startup Cost": 0.16, "Total Cost": 4.17, "Plan Rows": 1, "Plan Width": 4, "Cache Key": "supplier.s_nationkey", "Cache Mode": "logical", "Plans": [{"Node Type": "Bitmap Heap Scan", "Parent Relationship": "Outer", "Parallel Aware": false, "Async Capable": false, "Relation Name": "nation", "Alias": "n2", "Startup Cost": 0.15, "Total Cost": 4.16, "Plan Rows": 1, "Plan Width": 4, "Recheck Cond": "(supplier.s_nationkey = n_nationkey)", "Plans": [{"Node Type": "Bitmap Index Scan", "Parent Relationship": "Outer", "Parallel Aware": false, "Async Capable": false, "Index Name": "nation_pkey", "Startup Cost": 0.0, "Total Cost": 0.15, "Plan Rows": 1, "Plan Width": 0, "Index Cond": "(n_nationkey = supplier.s_nationkey)"}]}]}]}]}]}]}}, {"Plan": {"Node Type": "Aggregate", "Strategy": "Plain", "Partial Mode": "Finalize", "Parallel Aware": false, "Async Capable": false, "Startup Cost": 3151458.83, "Total Cost": 3151458.84, "Plan Rows": 1, "Plan Width": 8, "Plans": [{"Node Type": "Gather", "Parent Relationship": "Outer", "Parallel Aware": false, "Async Capable": false, "Startup Cost": 3151458.1, "Total Cost": 3151458.81, "Plan Rows": 7, "Plan Width": 8, "Workers Planned": 7, "Single Copy": false, "Plans": [{"Node Type": "Aggregate", "Strategy": "Plain", "Partial Mode": "Partial", "Parent Relationship": "Outer", "Parallel Aware": false, "Async Capable": false, "Startup Cost": 3150458.1, "Total Cost": 3150458.11, "Plan Rows": 1, "Plan Width": 8, "Plans": [{"Node Type": "Merge Join", "Parent Relationship": "Outer", "Parallel Aware": false, "Async Capable": false, "Join Type": "Inner", "Startup Cost": 3150386.06, "Total Cost": 3150449.59, "Plan Rows": 3406, "Plan Width": 0, "Inner Unique": true, "Merge Cond": "(supplier.s_nationkey = n2.n_nationkey)", "Plans": [{"Node Type": "Sort", "Parent Relationship": "Outer", "Parallel Aware": false, "Async Capable": false, "Startup Cost": 3150385.92, "Total Cost": 3150394.44, "Plan Rows": 3406, "Plan Width": 4, "Sort Key": ["supplier.s_nationkey"], "Plans": [{"Node Type": "Merge Join", "Parent Relationship": "Outer", "Parallel Aware": false, "Async Capable": false, "Join Type": "Inner", "Startup Cost": 3145011.88, "Total Cost": 3150186.09, "Plan Rows": 3406, "Plan Width": 4, "Inner Unique": true, "Merge Cond": "(lineitem.l_suppkey = supplier.s_suppkey)", "Plans": [{"Node Type": "Sort", "Parent Relationship": "Outer", "Parallel Aware": false, "Async Capable": false, "Startup Cost": 3145011.58, "Total Cost": 3145020.12, "Plan Rows": 3415, "Plan Width": 4, "Sort Key": ["lineitem.l_suppkey"], "Plans": [{"Node Type": "Merge Join", "Parent Relationship": "Outer", "Parallel Aware": false, "Async Capable": false, "Join Type": "Inner", "Startup Cost": 3144674.56, "Total Cost": 3144811.16, "Plan Rows": 3415, "Plan Width": 4, "Inner Unique": false, "Merge Cond": "(customer.c_nationkey = n1.n_nationkey)", "Plans": [{"Node Type": "Sort", "Parent Relationship": "Outer", "Parallel Aware": false, "Async Capable": false, "Startup Cost": 3144649.65, "Total Cost": 3144692.34, "Plan Rows": 17076, "Plan Width": 8, "Sort Key": ["customer.c_nationkey"], "Plans": [{"Node Type": "Merge Join", "Parent Relationship": "Outer", "Parallel Aware": false, "Async Capable": false, "Join Type": "Inner", "Startup Cost": 3064493.43, "Total Cost": 3143449.24, "Plan Rows": 17076, "Plan Width": 8, "Inner Unique": true, "Merge Cond": "(orders.o_custkey = customer.c_custkey)", "Plans": [{"Node Type": "Sort", "Parent Relationship": "Outer", "Parallel Aware": false, "Async Capable": false, "Startup Cost": 3064490.38, "Total Cost": 3064533.07, "Plan Rows": 17076, "Plan Width": 8, "Sort Key": ["orders.o_custkey"], "Plans": [{"Node Type": "Merge Join", "Parent Relationship": "Outer", "Parallel Aware": false, "Async Capable": false, "Join Type": "Inner", "Startup Cost": 2952154.98, "Total Cost": 3063289.97, "Plan Rows": 17076, "Plan Width": 8, "Inner Unique": true, "Merge Cond": "(lineitem.l_partkey = part.p_partkey)", "Plans": [{"Node Type": "Sort", "Parent Relationship": "Outer", "Parallel Aware": false, "Async Capable": false, "Startup Cost": 2952154.42, "Total Cost": 2958648.73, "Plan Rows": 2597725, "Plan Width": 12, "Sort Key": ["lineitem.l_partkey"], "Plans": [{"Node Type": "Merge Join", "Parent Relationship": "Outer", "Parallel Aware": false, "Async Capable": false, "Join Type": "Inner", "Startup Cost": 7.0, "Total Cost": 2675382.18, "Plan Rows": 2597725, "Plan Width": 12, "Inner Unique": true, "Merge Cond": "(lineitem.l_orderkey = orders.o_orderkey)", "Plans": [{"Node Type": "Index Scan", "Parent Relationship": "Outer", "Parallel Aware": true, "Async Capable": false, "Scan Direction": "Forward", "Index Name": "idx_lineitem_orderkey", "Relation Name": "lineitem", "Alias": "lineitem", "Startup Cost": 0.56, "Total Cost": 1890883.43, "Plan Rows": 8569775, "Plan Width": 12}, {"Node Type": "Index Scan", "Parent Relationship": "Inner", "Parallel Aware": false, "Async Capable": false, "Scan Direction": "Forward", "Index Name": "orders_pkey", "Relation Name": "orders", "Alias": "orders", "Startup Cost": 0.43, "Total Cost": 725797.51, "Plan Rows": 4546865, "Plan Width": 8, "Filter": "((o_orderdate >= '1995-01-01'::date) AND (o_orderdate <= '1996-12-31'::date))"}]}]}, {"Node Type": "Index Scan", "Parent Relationship": "Inner", "Parallel Aware": false, "Async Capable": false, "Scan Direction": "Forward", "Index Name": "part_pkey", "Relation Name": "part", "Alias": "part", "Startup Cost": 0.43, "Total Cost": 97943.62, "Plan Rows": 13147, "Plan Width": 4, "Filter": "((p_type)::text = 'PROMO ANODIZED COPPER'::text)"}]}]}, {"Node Type": "Index Scan", "Parent Relationship": "Inner", "Parallel Aware": false, "Async Capable": false, "Scan Direction": "Forward", "Index Name": "customer_pkey", "Relation Name": "customer", "Alias": "customer", "Startup Cost": 0.43, "Total Cost": 74952.71, "Plan Rows": 1500000, "Plan Width": 8}]}]}, {"Node Type": "Sort", "Parent Relationship": "Inner", "Parallel Aware": false, "Async Capable": false, "Startup Cost": 24.91, "Total Cost": 24.92, "Plan Rows": 5, "Plan Width": 4, "Sort Key": ["n1.n_nationkey"], "Plans": [{"Node Type": "Merge Join", "Parent Relationship": "Outer", "Parallel Aware": false, "Async Capable": false, "Join Type": "Inner", "Startup Cost": 0.27, "Total Cost": 24.85, "Plan Rows": 5, "Plan Width": 4, "Inner Unique": true, "Merge Cond": "(n1.n_regionkey = region.r_regionkey)", "Plans": [{"Node Type": "Index Scan", "Parent Relationship": "Outer", "Parallel Aware": false, "Async Capable": false, "Scan Direction": "Forward", "Index Name": "idx_nation_regionkey", "Relation Name": "nation", "Alias": "n1", "Startup Cost": 0.14, "Total Cost": 12.51, "Plan Rows": 25, "Plan Width": 8}, {"Node Type": "Index Scan", "Parent Relationship": "Inner", "Parallel Aware": false, "Async Capable": false, "Scan Direction": "Forward", "Index Name": "region_pkey", "Relation Name": "region", "Alias": "region", "Startup Cost": 0.13, "Total Cost": 12.22, "Plan Rows": 1, "Plan Width": 4, "Filter": "(r_name = 'MIDDLE EAST'::bpchar)"}]}]}]}]}, {"Node Type": "Index Scan", "Parent Relationship": "Inner", "Parallel Aware": false, "Async Capable": false, "Scan Direction": "Forward", "Index Name": "supplier_pkey", "Relation Name": "supplier", "Alias": "supplier", "Startup Cost": 0.29, "Total Cost": 4873.38, "Plan Rows": 100000, "Plan Width": 8}]}]}, {"Node Type": "Index Scan", "Parent Relationship": "Inner", "Parallel Aware": false, "Async Capable": false, "Scan Direction": "Forward", "Index Name": "nation_pkey", "Relation Name": "nation", "Alias": "n2", "Startup Cost": 0.14, "Total Cost": 12.51, "Plan Rows": 25, "Plan Width": 4}]}]}]}]}}, {"Plan": {"Node Type": "Aggregate", "Strategy": "Plain", "Partial Mode": "Finalize", "Parallel Aware": false, "Async Capable": false, "Startup Cost": 496994.62, "Total Cost": 496994.63, "Plan Rows": 1, "Plan Width": 8, "Plans": [{"Node Type": "Gather", "Parent Relationship": "Outer", "Parallel Aware": false, "Async Capable": false, "Startup Cost": 496994.2, "Total Cost": 496994.61, "Plan Rows": 4, "Plan Width": 8, "Workers Planned": 4, "Single Copy": false, "Plans": [{"Node Type": "Aggregate", "Strategy": "Plain", "Partial Mode": "Partial", "Parent Relationship": "Outer", "Parallel Aware": false, "Async Capable": false, "Startup Cost": 495994.2, "Total Cost": 495994.21, "Plan Rows": 1, "Plan Width": 8, "Plans": [{"Node Type": "Nested Loop", "Parent Relationship": "Outer", "Parallel Aware": false, "Async Capable": false, "Join Type": "Inner", "Startup Cost": 2.46, "Total Cost": 495979.3, "Plan Rows": 5961, "Plan Width": 0, "Inner Unique": true, "Plans": [{"Node Type": "Nested Loop", "Parent Relationship": "Outer", "Parallel Aware": false, "Async Capable": false, "Join Type": "Inner", "Startup Cost": 2.31, "Total Cost": 495829.56, "Plan Rows": 5961, "Plan Width": 4, "Inner Unique": true, "Plans": [{"Node Type": "Nested Loop", "Parent Relationship": "Outer", "Parallel Aware": false, "Async Capable": false, "Join Type": "Inner", "Startup Cost": 2.02, "Total Cost": 493975.68, "Plan Rows": 5977, "Plan Width": 4, "Inner Unique": true, "Plans": [{"Node Type": "Nested Loop", "Parent Relationship": "Outer", "Parallel Aware": false, "Async Capable": false, "Join Type": "Inner", "Startup Cost": 1.88, "Total Cost": 493224.81, "Plan Rows": 29883, "Plan Width": 8, "Inner Unique": true, "Plans": [{"Node Type": "Nested Loop", "Parent Relationship": "Outer", "Parallel Aware": false, "Async Capable": false, "Join Type": "Inner", "Startup Cost": 1.73, "Total Cost": 492490.27, "Plan Rows": 29883, "Plan Width": 8, "Inner Unique": true, "Plans": [{"Node Type": "Nested Loop", "Parent Relationship": "Outer", "Parallel Aware": false, "Async Capable": false, "Join Type": "Inner", "Startup Cost": 1.3, "Total Cost": 478138.15, "Plan Rows": 29883, "Plan Width": 8, "Inner Unique": true, "Plans": [{"Node Type": "Nested Loop", "Parent Relationship": "Outer", "Parallel Aware": false, "Async Capable": false, "Join Type": "Inner", "Startup Cost": 0.87, "Total Cost": 431048.12, "Plan Rows": 98584, "Plan Width": 8, "Inner Unique": false, "Plans": [{"Node Type": "Index Scan", "Parent Relationship": "Outer", "Parallel Aware": true, "Async Capable": false, "Scan Direction": "Forward", "Index Name": "part_pkey", "Relation Name": "part", "Alias": "part", "Startup Cost": 0.43, "Total Cost": 79193.62, "Plan Rows": 3287, "Plan Width": 4, "Filter": "((p_type)::text = 'PROMO ANODIZED COPPER'::text)"}, {"Node Type": "Index Scan", "Parent Relationship": "Inner", "Parallel Aware": false, "Async Capable": false, "Scan Direction": "Forward", "Index Name": "idx_lineitem_part_supp", "Relation Name": "lineitem", "Alias": "lineitem", "Startup Cost": 0.44, "Total Cost": 106.74, "Plan Rows": 30, "Plan Width": 12, "Index Cond": "(l_partkey = part.p_partkey)"}]}, {"Node Type": "Index Scan", "Parent Relationship": "Inner", "Parallel Aware": false, "Async Capable": false, "Scan Direction": "Forward", "Index Name": "orders_pkey", "Relation Name": "orders", "Alias": "orders", "Startup Cost": 0.43, "Total Cost": 0.48, "Plan Rows": 1, "Plan Width": 8, "Index Cond": "(o_orderkey = lineitem.l_orderkey)", "Filter": "((o_orderdate >= '1995-01-01'::date) AND (o_orderdate <= '1996-12-31'::date))"}]}, {"Node Type": "Index Scan", "Parent Relationship": "Inner", "Parallel Aware": false, "Async Capable": false, "Scan Direction": "Forward", "Index Name": "customer_pkey", "Relation Name": "customer", "Alias": "customer", "Startup Cost": 0.43, "Total Cost": 0.48, "Plan Rows": 1, "Plan Width": 8, "Index Cond": "(c_custkey = orders.o_custkey)"}]}, {"Node Type": "Memoize", "Parent Relationship": "Inner", "Parallel Aware": false, "Async Capable": false, "Startup Cost": 0.15, "Total Cost": 0.17, "Plan Rows": 1, "Plan Width": 8, "Cache Key": "customer.c_nationkey", "Cache Mode": "logical", "Plans": [{"Node Type": "Index Scan", "Parent Relationship": "Outer", "Parallel Aware": false, "Async Capable": false, "Scan Direction": "Forward", "Index Name": "nation_pkey", "Relation Name": "nation", "Alias": "n1", "Startup Cost": 0.14, "Total Cost": 0.16, "Plan Rows": 1, "Plan Width": 8, "Index Cond": "(n_nationkey = customer.c_nationkey)"}]}]}, {"Node Type": "Memoize", "Parent Relationship": "Inner", "Parallel Aware": false, "Async Capable": false, "Startup Cost": 0.14, "Total Cost": 0.64, "Plan Rows": 1, "Plan Width": 4, "Cache Key": "n1.n_regionkey", "Cache Mode": "logical", "Plans": [{"Node Type": "Index Scan", "Parent Relationship": "Outer", "Parallel Aware": false, "Async Capable": false, "Scan Direction": "Forward", "Index Name": "region_pkey", "Relation Name": "region", "Alias": "region", "Startup Cost": 0.13, "Total Cost": 0.63, "Plan Rows": 1, "Plan Width": 4, "Index Cond": "(r_regionkey = n1.n_regionkey)", "Filter": "(r_name = 'MIDDLE EAST'::bpchar)"}]}]}, {"Node Type": "Index Scan", "Parent Relationship": "Inner", "Parallel Aware": false, "Async Capable": false, "Scan Direction": "Forward", "Index Name": "supplier_pkey", "Relation Name": "supplier", "Alias": "supplier", "Startup Cost": 0.29, "Total Cost": 0.31, "Plan Rows": 1, "Plan Width": 8, "Index Cond": "(s_suppkey = lineitem.l_suppkey)"}]}, {"Node Type": "Memoize", "Parent Relationship": "Inner", "Parallel Aware": false, "Async Capable": false, "Startup Cost": 0.15, "Total Cost": 0.17, "Plan Rows": 1, "Plan Width": 4, "Cache Key": "supplier.s_nationkey", "Cache Mode": "logical", "Plans": [{"Node Type": "Index Scan", "Parent Relationship": "Outer", "Parallel Aware": false, "Async Capable": false, "Scan Direction": "Forward", "Index Name": "nation_pkey", "Relation Name": "nation", "Alias": "n2", "Startup Cost": 0.14, "Total Cost": 0.16, "Plan Rows": 1, "Plan Width": 4, "Index Cond": "(n_nationkey = supplier.s_nationkey)"}]}]}]}]}]}}, {"Plan": {"Node Type": "Aggregate", "Strategy": "Plain", "Partial Mode": "Finalize", "Parallel Aware": false, "Async Capable": false, "Startup Cost": 465043.0, "Total Cost": 465043.01, "Plan Rows": 1, "Plan Width": 8, "Plans": [{"Node Type": "Gather", "Parent Relationship": "Outer", "Parallel Aware": false, "Async Capable": false, "Startup Cost": 465042.58, "Total Cost": 465042.99, "Plan Rows": 4, "Plan Width": 8, "Workers Planned": 4, "Single Copy": false, "Plans": [{"Node Type": "Aggregate", "Strategy": "Plain", "Partial Mode": "Partial", "Parent Relationship": "Outer", "Parallel Aware": false, "Async Capable": false, "Startup Cost": 464042.58, "Total Cost": 464042.59, "Plan Rows": 1, "Plan Width": 8, "Plans": [{"Node Type": "Nested Loop", "Parent Relationship": "Outer", "Parallel Aware": false, "Async Capable": false, "Join Type": "Inner", "Startup Cost": 2.03, "Total Cost": 464027.68, "Plan Rows": 5961, "Plan Width": 0, "Inner Unique": true, "Plans": [{"Node Type": "Nested Loop", "Parent Relationship": "Outer", "Parallel Aware": false, "Async Capable": false, "Join Type": "Inner", "Startup Cost": 1.89, "Total Cost": 463877.94, "Plan Rows": 5961, "Plan Width": 4, "Inner Unique": true, "Plans": [{"Node Type": "Nested Loop", "Parent Relationship": "Outer", "Parallel Aware": false, "Async Capable": false, "Join Type": "Inner", "Startup Cost": 1.59, "Total Cost": 462024.06, "Plan Rows": 5977, "Plan Width": 4, "Inner Unique": true, "Plans": [{"Node Type": "Nested Loop", "Parent Relationship": "Outer", "Parallel Aware": false, "Async Capable": false, "Join Type": "Inner", "Startup Cost": 1.45, "Total Cost": 461273.19, "Plan Rows": 29883, "Plan Width": 8, "Inner Unique": true, "Plans": [{"Node Type": "Nested Loop", "Parent Relationship": "Outer", "Parallel Aware": false, "Async Capable": false, "Join Type": "Inner", "Startup Cost": 1.3, "Total Cost": 460538.66, "Plan Rows": 29883, "Plan Width": 8, "Inner Unique": true, "Plans": [{"Node Type": "Nested Loop", "Parent Relationship": "Outer", "Parallel Aware": false, "Async Capable": false, "Join Type": "Inner", "Startup Cost": 0.88, "Total Cost": 446186.54, "Plan Rows": 29883, "Plan Width": 8, "Inner Unique": true, "Plans": [{"Node Type": "Nested Loop", "Parent Relationship": "Outer", "Parallel Aware": false, "Async Capable": false, "Join Type": "Inner", "Startup Cost": 0.44, "Total Cost": 399096.5, "Plan Rows": 98584, "Plan Width": 8, "Inner Unique": false, "Plans": [{"Node Type": "Seq Scan", "Parent Relationship": "Outer", "Parallel Aware": true, "Async Capable": false, "Relation Name": "part", "Alias": "part", "Startup Cost": 0.0, "Total Cost": 47242.0, "Plan Rows": 3287, "Plan Width": 4, "Filter": "((p_type)::text = 'PROMO ANODIZED COPPER'::text)"}, {"Node Type": "Index Scan", "Parent Relationship": "Inner", "Parallel Aware": false, "Async Capable": false, "Scan Direction": "Forward", "Index Name": "idx_lineitem_part_supp", "Relation Name": "lineitem", "Alias": "lineitem", "Startup Cost": 0.44, "Total Cost": 106.74, "Plan Rows": 30, "Plan Width": 12, "Index Cond": "(l_partkey = part.p_partkey)"}]}, {"Node Type": "Index Scan", "Parent Relationship": "Inner", "Parallel Aware": false, "Async Capable": false, "Scan Direction": "Forward", "Index Name": "orders_pkey", "Relation Name": "orders", "Alias": "orders", "Startup Cost": 0.43, "Total Cost": 0.48, "Plan Rows": 1, "Plan Width": 8, "Index Cond": "(o_orderkey = lineitem.l_orderkey)", "Filter": "((o_orderdate >= '1995-01-01'::date) AND (o_orderdate <= '1996-12-31'::date))"}]}, {"Node Type": "Index Scan", "Parent Relationship": "Inner", "Parallel Aware": false, "Async Capable": false, "Scan Direction": "Forward", "Index Name": "customer_pkey", "Relation Name": "customer", "Alias": "customer", "Startup Cost": 0.43, "Total Cost": 0.48, "Plan Rows": 1, "Plan Width": 8, "Index Cond": "(c_custkey = orders.o_custkey)"}]}, {"Node Type": "Memoize", "Parent Relationship": "Inner", "Parallel Aware": false, "Async Capable": false, "Startup Cost": 0.15, "Total Cost": 0.17, "Plan Rows": 1, "Plan Width": 8, "Cache Key": "customer.c_nationkey", "Cache Mode": "logical", "Plans": [{"Node Type": "Index Scan", "Parent Relationship": "Outer", "Parallel Aware": false, "Async Capable": false, "Scan Direction": "Forward", "Index Name": "nation_pkey", "Relation Name": "nation", "Alias": "n1", "Startup Cost": 0.14, "Total Cost": 0.16, "Plan Rows": 1, "Plan Width": 8, "Index Cond": "(n_nationkey = customer.c_nationkey)"}]}]}, {"Node Type": "Memoize", "Parent Relationship": "Inner", "Parallel Aware": false, "Async Capable": false, "Startup Cost": 0.14, "Total Cost": 0.64, "Plan Rows": 1, "Plan Width": 4, "Cache Key": "n1.n_regionkey", "Cache Mode": "logical", "Plans": [{"Node Type": "Index Scan", "Parent Relationship": "Outer", "Parallel Aware": false, "Async Capable": false, "Scan Direction": "Forward", "Index Name": "region_pkey", "Relation Name": "region", "Alias": "region", "Startup Cost": 0.13, "Total Cost": 0.63, "Plan Rows": 1, "Plan Width": 4, "Index Cond": "(r_regionkey = n1.n_regionkey)", "Filter": "(r_name = 'MIDDLE EAST'::bpchar)"}]}]}, {"Node Type": "Index Scan", "Parent Relationship": "Inner", "Parallel Aware": false, "Async Capable": false, "Scan Direction": "Forward", "Index Name": "supplier_pkey", "Relation Name": "supplier", "Alias": "supplier", "Startup Cost": 0.29, "Total Cost": 0.31, "Plan Rows": 1, "Plan Width": 8, "Index Cond": "(s_suppkey = lineitem.l_suppkey)"}]}, {"Node Type": "Memoize", "Parent Relationship": "Inner", "Parallel Aware": false, "Async Capable": false, "Startup Cost": 0.15, "Total Cost": 0.17, "Plan Rows": 1, "Plan Width": 4, "Cache Key": "supplier.s_nationkey", "Cache Mode": "logical", "Plans": [{"Node Type": "Index Scan", "Parent Relationship": "Outer", "Parallel Aware": false, "Async Capable": false, "Scan Direction": "Forward", "Index Name": "nation_pkey", "Relation Name": "nation", "Alias": "n2", "Startup Cost": 0.14, "Total Cost": 0.16, "Plan Rows": 1, "Plan Width": 4, "Index Cond": "(n_nationkey = supplier.s_nationkey)"}]}]}]}]}]}}]