[{"Plan": {"Node Type": "Aggregate", "Strategy": "Plain", "Partial Mode": "Finalize", "Parallel Aware": false, "Async Capable": false, "Startup Cost": 514091.21, "Total Cost": 514091.22, "Plan Rows": 1, "Plan Width": 8, "Plans": [{"Node Type": "Gather", "Parent Relationship": "Outer", "Parallel Aware": false, "Async Capable": false, "Startup Cost": 514090.59, "Total Cost": 514091.2, "Plan Rows": 6, "Plan Width": 8, "Workers Planned": 6, "Single Copy": false, "Plans": [{"Node Type": "Aggregate", "Strategy": "Plain", "Partial Mode": "Partial", "Parent Relationship": "Outer", "Parallel Aware": false, "Async Capable": false, "Startup Cost": 513090.59, "Total Cost": 513090.6, "Plan Rows": 1, "Plan Width": 8, "Plans": [{"Node Type": "Hash Join", "Parent Relationship": "Outer", "Parallel Aware": true, "Async Capable": false, "Join Type": "Inner", "Startup Cost": 236029.72, "Total Cost": 511541.78, "Plan Rows": 619522, "Plan Width": 0, "Inner Unique": false, "Hash Cond": "(orders.o_orderkey = lineitem.l_orderkey)", "Plans": [{"Node Type": "Index Only Scan", "Parent Relationship": "Outer", "Parallel Aware": true, "Async Capable": false, "Scan Direction": "Forward", "Index Name": "orders_pkey", "Relation Name": "orders", "Alias": "orders", "Startup Cost": 0.43, "Total Cost": 264588.76, "Plan Rows": 2499983, "Plan Width": 4}, {"Node Type": "Hash", "Parent Relationship": "Inner", "Parallel Aware": true, "Async Capable": false, "Startup Cost": 224413.25, "Total Cost": 224413.25, "Plan Rows": 929283, "Plan Width": 4, "Plans": [{"Node Type": "Nested Loop", "Parent Relationship": "Outer", "Parallel Aware": false, "Async Capable": false, "Join Type": "Inner", "Startup Cost": 3589.97, "Total Cost": 224413.25, "Plan Rows": 929283, "Plan Width": 4, "Inner Unique": false, "Join Filter": "(supplier.s_suppkey = lineitem.l_suppkey)", "Plans": [{"Node Type": "Hash Join", "Parent Relationship": "Outer", "Parallel Aware": false, "Async Capable": false, "Join Type": "Inner", "Startup Cost": 3589.53, "Total Cost": 91189.69, "Plan Rows": 124252, "Plan Width": 16, "Inner Unique": true, "Hash Cond": "(supplier.s_nationkey = nation.n_nationkey)", "Plans": [{"Node Type": "Hash Join", "Parent Relationship": "Outer", "Parallel Aware": true, "Async Capable": false, "Join Type": "Inner", "Startup Cost": 3587.97, "Total Cost": 90806.67, "Plan Rows": 124252, "Plan Width": 20, "Inner Unique": true, "Hash Cond": "(partsupp.ps_suppkey = supplier.s_suppkey)", "Plans": [{"Node Type": "Nested Loop", "Parent Relationship": "Outer", "Parallel Aware": false, "Async Capable": false, "Join Type": "Inner", "Startup Cost": 0.43, "Total Cost": 86892.97, "Plan Rows": 124252, "Plan Width": 12, "Inner Unique": false, "Plans": [{"Node Type": "Seq Scan", "Parent Relationship": "Outer", "Parallel Aware": true, "Async Capable": false, "Relation Name": "part", "Alias": "part", "Startup Cost": 0.0, "Total Cost": 47242.0, "Plan Rows": 31062, "Plan Width": 4, "Filter": "((p_name)::text ~~ '%black%'::text)"}, {"Node Type": "Index Only Scan", "Parent Relationship": "Inner", "Parallel Aware": false, "Async Capable": false, "Scan Direction": "Forward", "Index Name": "partsupp_pkey", "Relation Name": "partsupp", "Alias": "partsupp", "Startup Cost": 0.43, "Total Cost": 1.23, "Plan Rows": 5, "Plan Width": 8, "Index Cond": "(ps_partkey = part.p_partkey)"}]}, {"Node Type": "Hash", "Parent Relationship": "Inner", "Parallel Aware": true, "Async Capable": false, "Startup Cost": 2852.24, "Total Cost": 2852.24, "Plan Rows": 58824, "Plan Width": 8, "Plans": [{"Node Type": "Seq Scan", "Parent Relationship": "Outer", "Parallel Aware": true, "Async Capable": false, "Relation Name": "supplier", "Alias": "supplier", "Startup Cost": 0.0, "Total Cost": 2852.24, "Plan Rows": 58824, "Plan Width": 8}]}]}, {"Node Type": "Hash", "Parent Relationship": "Inner", "Parallel Aware": false, "Async Capable": false, "Startup Cost": 1.25, "Total Cost": 1.25, "Plan Rows": 25, "Plan Width": 4, "Plans": [{"Node Type": "Seq Scan", "Parent Relationship": "Outer", "Parallel Aware": false, "Async Capable": false, "Relation Name": "nation", "Alias": "nation", "Startup Cost": 0.0, "Total Cost": 1.25, "Plan Rows": 25, "Plan Width": 4}]}]}, {"Node Type": "Index Scan", "Parent Relationship": "Inner", "Parallel Aware": false, "Async Capable": false, "Scan Direction": "Forward", "Index Name": "idx_lineitem_part_supp", "Relation Name": "lineitem", "Alias": "lineitem", "Startup Cost": 0.44, "Total Cost": 1.06, "Plan Rows": 1, "Plan Width": 12, "Index Cond": "((l_partkey = partsupp.ps_partkey) AND (l_suppkey = partsupp.ps_suppkey))"}]}]}]}]}]}]}}, {"Plan": {"Node Type": "Aggregate", "Strategy": "Plain", "Partial Mode": "Simple", "Parallel Aware": false, "Async Capable": false, "Startup Cost": 60019861462.5, "Total Cost": 60019861462.51, "Plan Rows": 1, "Plan Width": 8, "Plans": [{"Node Type": "Hash Join", "Parent Relationship": "Outer", "Parallel Aware": false, "Async Capable": false, "Join Type": "Inner", "Startup Cost": 60000099498.57, "Total Cost": 60019852169.67, "Plan Rows": 3717131, "Plan Width": 0, "Inner Unique": true, "Hash Cond": "(partsupp.ps_partkey = part.p_partkey)", "Plans": [{"Node Type": "Nested Loop", "Parent Relationship": "Outer", "Parallel Aware": false, "Async Capable": false, "Join Type": "Inner", "Startup Cost": 50000000001.85, "Total Cost": 50019595608.24, "Plan Rows": 59834052, "Plan Width": 8, "Inner Unique": true, "Plans": [{"Node Type": "Nested Loop", "Parent Relationship": "Outer", "Parallel Aware": false, "Async Capable": false, "Join Type": "Inner", "Startup Cost": 40000000001.4, "Total Cost": 40009248680.86, "Plan Rows": 59834052, "Plan Width": 12, "Inner Unique": false, "Join Filter": "(supplier.s_suppkey = lineitem.l_suppkey)", "Plans": [{"Node Type": "Nested Loop", "Parent Relationship": "Outer", "Parallel Aware": false, "Async Capable": false, "Join Type": "Inner", "Startup Cost": 30000000000.9, "Total Cost": 30001036109.42, "Plan Rows": 8000246, "Plan Width": 12, "Inner Unique": true, "Plans": [{"Node Type": "Nested Loop", "Parent Relationship": "Outer", "Parallel Aware": false, "Async Capable": false, "Join Type": "Inner", "Startup Cost": 20000000000.74, "Total Cost": 20000840429.79, "Plan Rows": 8000246, "Plan Width": 16, "Inner Unique": true, "Plans": [{"Node Type": "Index Only Scan", "Parent Relationship": "Outer", "Parallel Aware": false, "Async Capable": false, "Scan Direction": "Forward", "Index Name": "partsupp_pkey", "Relation Name": "partsupp", "Alias": "partsupp", "Startup Cost": 10000000000.43, "Total Cost": 10000207781.56, "Plan Rows": 8000246, "Plan Width": 8}, {"Node Type": "Memoize", "Parent Relationship": "Inner", "Parallel Aware": false, "Async Capable": false, "Startup Cost": 0.31, "Total Cost": 4.32, "Plan Rows": 1, "Plan Width": 8, "Cache Key": "partsupp.ps_suppkey", "Cache Mode": "logical", "Plans": [{"Node Type": "Bitmap Heap Scan", "Parent Relationship": "Outer", "Parallel Aware": false, "Async Capable": false, "Relation Name": "supplier", "Alias": "supplier", "Startup Cost": 0.3, "Total Cost": 4.31, "Plan Rows": 1, "Plan Width": 8, "Recheck Cond": "(s_suppkey = partsupp.ps_suppkey)", "Plans": [{"Node Type": "Bitmap Index Scan", "Parent Relationship": "Outer", "Parallel Aware": false, "Async Capable": false, "Index Name": "supplier_pkey", "Startup Cost": 0.0, "Total Cost": 0.3, "Plan Rows": 1, "Plan Width": 0, "Index Cond": "(s_suppkey = partsupp.ps_suppkey)"}]}]}]}, {"Node Type": "Memoize", "Parent Relationship": "Inner", "Parallel Aware": false, "Async Capable": false, "Startup Cost": 0.16, "Total Cost": 4.17, "Plan Rows": 1, "Plan Width": 4, "Cache Key": "supplier.s_nationkey", "Cache Mode": "logical", "Plans": [{"Node Type": "Bitmap Heap Scan", "Parent Relationship": "Outer", "Parallel Aware": false, "Async Capable": false, "Relation Name": "nation", "Alias": "nation", "Startup Cost": 0.15, "Total Cost": 4.16, "Plan Rows": 1, "Plan Width": 4, "Recheck Cond": "(supplier.s_nationkey = n_nationkey)", "Plans": [{"Node Type": "Bitmap Index Scan", "Parent Relationship": "Outer", "Parallel Aware": false, "Async Capable": false, "Index Name": "nation_pkey", "Startup Cost": 0.0, "Total Cost": 0.15, "Plan Rows": 1, "Plan Width": 0, "Index Cond": "(n_nationkey = supplier.s_nationkey)"}]}]}]}, {"Node Type": "Memoize", "Parent Relationship": "Inner", "Parallel Aware": false, "Async Capable": false, "Startup Cost": 0.5, "Total Cost": 4.51, "Plan Rows": 1, "Plan Width": 12, "Cache Key": "partsupp.ps_suppkey, partsupp.ps_partkey", "Cache Mode": "logical", "Plans": [{"Node Type": "Bitmap Heap Scan", "Parent Relationship": "Outer", "Parallel Aware": false, "Async Capable": false, "Relation Name": "lineitem", "Alias": "lineitem", "Startup Cost": 0.49, "Total Cost": 4.5, "Plan Rows": 1, "Plan Width": 12, "Recheck Cond": "((l_partkey = partsupp.ps_partkey) AND (l_suppkey = partsupp.ps_suppkey))", "Plans": [{"Node Type": "Bitmap Index Scan", "Parent Relationship": "Outer", "Parallel Aware": false, "Async Capable": false, "Index Name": "idx_lineitem_part_supp", "Startup Cost": 0.0, "Total Cost": 0.49, "Plan Rows": 1, "Plan Width": 0, "Index Cond": "((l_partkey = partsupp.ps_partkey) AND (l_suppkey = partsupp.ps_suppkey))"}]}]}]}, {"Node Type": "Memoize", "Parent Relationship": "Inner", "Parallel Aware": false, "Async Capable": false, "Startup Cost": 0.46, "Total Cost": 4.47, "Plan Rows": 1, "Plan Width": 4, "Cache Key": "lineitem.l_orderkey", "Cache Mode": "logical", "Plans": [{"Node Type": "Bitmap Heap Scan", "Parent Relationship": "Outer", "Parallel Aware": false, "Async Capable": false, "Relation Name": "orders", "Alias": "orders", "Startup Cost": 0.45, "Total Cost": 4.46, "Plan Rows": 1, "Plan Width": 4, "Recheck Cond": "(lineitem.l_orderkey = o_orderkey)", "Plans": [{"Node Type": "Bitmap Index Scan", "Parent Relationship": "Outer", "Parallel Aware": false, "Async Capable": false, "Index Name": "orders_pkey", "Startup Cost": 0.0, "Total Cost": 0.45, "Plan Rows": 1, "Plan Width": 0, "Index Cond": "(o_orderkey = lineitem.l_orderkey)"}]}]}]}, {"Node Type": "Hash", "Parent Relationship": "Inner", "Parallel Aware": false, "Async Capable": false, "Startup Cost": 10000097943.62, "Total Cost": 10000097943.62, "Plan Rows": 124248, "Plan Width": 4, "Plans": [{"Node Type": "Index Scan", "Parent Relationship": "Outer", "Parallel Aware": false, "Async Capable": false, "Scan Direction": "Forward", "Index Name": "part_pkey", "Relation Name": "part", "Alias": "part", "Startup Cost": 10000000000.43, "Total Cost": 10000097943.62, "Plan Rows": 124248, "Plan Width": 4, "Filter": "((p_name)::text ~~ '%black%'::text)"}]}]}]}}, {"Plan": {"Node Type": "Aggregate", "Strategy": "Plain", "Partial Mode": "Finalize", "Parallel Aware": false, "Async Capable": false, "Startup Cost": 2445566.74, "Total Cost": 2445566.75, "Plan Rows": 1, "Plan Width": 8, "Plans": [{"Node Type": "Gather", "Parent Relationship": "Outer", "Parallel Aware": false, "Async Capable": false, "Startup Cost": 2445566.12, "Total Cost": 2445566.73, "Plan Rows": 6, "Plan Width": 8, "Workers Planned": 6, "Single Copy": false, "Plans": [{"Node Type": "Aggregate", "Strategy": "Plain", "Partial Mode": "Partial", "Parent Relationship": "Outer", "Parallel Aware": false, "Async Capable": false, "Startup Cost": 2444566.12, "Total Cost": 2444566.13, "Plan Rows": 1, "Plan Width": 8, "Plans": [{"Node Type": "Hash Join", "Parent Relationship": "Outer", "Parallel Aware": true, "Async Capable": false, "Join Type": "Inner", "Startup Cost": 2168021.51, "Total Cost": 2443017.31, "Plan Rows": 619522, "Plan Width": 0, "Inner Unique": false, "Hash Cond": "(orders.o_orderkey = lineitem.l_orderkey)", "Plans": [{"Node Type": "Index Only Scan", "Parent Relationship": "Outer", "Parallel Aware": true, "Async Capable": false, "Scan Direction": "Forward", "Index Name": "orders_pkey", "Relation Name": "orders", "Alias": "orders", "Startup Cost": 0.43, "Total Cost": 264588.76, "Plan Rows": 2499983, "Plan Width": 4}, {"Node Type": "Hash", "Parent Relationship": "Inner", "Parallel Aware": true, "Async Capable": false, "Startup Cost": 2160277.05, "Total Cost": 2160277.05, "Plan Rows": 619522, "Plan Width": 4, "Plans": [{"Node Type": "Hash Join", "Parent Relationship": "Outer", "Parallel Aware": true, "Async Capable": false, "Join Type": "Inner", "Startup Cost": 2009164.29, "Total Cost": 2160277.05, "Plan Rows": 619522, "Plan Width": 4, "Inner Unique": false, "Hash Cond": "((partsupp.ps_suppkey = supplier.s_suppkey) AND (partsupp.ps_partkey = lineitem.l_partkey))", "Plans": [{"Node Type": "Index Only Scan", "Parent Relationship": "Outer", "Parallel Aware": true, "Async Capable": false, "Scan Direction": "Forward", "Index Name": "partsupp_pkey", "Relation Name": "partsupp", "Alias": "partsupp", "Startup Cost": 0.43, "Total Cost": 141112.84, "Plan Rows": 1333374, "Plan Width": 8}, {"Node Type": "Hash", "Parent Relationship": "Inner", "Parallel Aware": true, "Async Capable": false, "Startup Cost": 2001198.57, "Total Cost": 2001198.57, "Plan Rows": 531019, "Plan Width": 20, "Plans": [{"Node Type": "Hash Join", "Parent Relationship": "Outer", "Parallel Aware": false, "Async Capable": false, "Join Type": "Inner", "Startup Cost": 84792.19, "Total Cost": 2001198.57, "Plan Rows": 531019, "Plan Width": 20, "Inner Unique": true, "Hash Cond": "(supplier.s_nationkey = nation.n_nationkey)", "Plans": [{"Node Type": "Hash Join", "Parent Relationship": "Outer", "Parallel Aware": true, "Async Capable": false, "Join Type": "Inner", "Startup Cost": 84779.37, "Total Cost": 1999555.52, "Plan Rows": 531019, "Plan Width": 24, "Inner Unique": true, "Hash Cond": "(lineitem.l_suppkey = supplier.s_suppkey)", "Plans": [{"Node Type": "Hash Join", "Parent Relationship": "Outer", "Parallel Aware": true, "Async Capable": false, "Join Type": "Inner", "Startup Cost": 79582.46, "Total Cost": 1992961.03, "Plan Rows": 532389, "Plan Width": 16, "Inner Unique": true, "Hash Cond": "(lineitem.l_partkey = part.p_partkey)", "Plans": [{"Node Type": "Index Scan", "Parent Relationship": "Outer", "Parallel Aware": true, "Async Capable": false, "Scan Direction": "Forward", "Index Name": "idx_lineitem_orderkey", "Relation Name": "lineitem", "Alias": "lineitem", "Startup Cost": 0.56, "Total Cost": 1890883.43, "Plan Rows": 8569775, "Plan Width": 12}, {"Node Type": "Hash", "Parent Relationship": "Inner", "Parallel Aware": true, "Async Capable": false, "Startup Cost": 79193.62, "Total Cost": 79193.62, "Plan Rows": 31062, "Plan Width": 4, "Plans": [{"Node Type": "Index Scan", "Parent Relationship": "Outer", "Parallel Aware": true, "Async Capable": false, "Scan Direction": "Forward", "Index Name": "part_pkey", "Relation Name": "part", "Alias": "part", "Startup Cost": 0.43, "Total Cost": 79193.62, "Plan Rows": 31062, "Plan Width": 4, "Filter": "((p_name)::text ~~ '%black%'::text)"}]}]}, {"Node Type": "Hash", "Parent Relationship": "Inner", "Parallel Aware": true, "Async Capable": false, "Startup Cost": 4461.61, "Total Cost": 4461.61, "Plan Rows": 58824, "Plan Width": 8, "Plans": [{"Node Type": "Index Scan", "Parent Relationship": "Outer", "Parallel Aware": true, "Async Capable": false, "Scan Direction": "Forward", "Index Name": "supplier_pkey", "Relation Name": "supplier", "Alias": "supplier", "Startup Cost": 0.29, "Total Cost": 4461.61, "Plan Rows": 58824, "Plan Width": 8}]}]}, {"Node Type": "Hash", "Parent Relationship": "Inner", "Parallel Aware": false, "Async Capable": false, "Startup Cost": 12.51, "Total Cost": 12.51, "Plan Rows": 25, "Plan Width": 4, "Plans": [{"Node Type": "Index Only Scan", "Parent Relationship": "Outer", "Parallel Aware": false, "Async Capable": false, "Scan Direction": "Forward", "Index Name": "nation_pkey", "Relation Name": "nation", "Alias": "nation", "Startup Cost": 0.14, "Total Cost": 12.51, "Plan Rows": 25, "Plan Width": 4}]}]}]}]}]}]}]}]}]}}, {"Plan": {"Node Type": "Aggregate", "Strategy": "Plain", "Partial Mode": "Finalize", "Parallel Aware": false, "Async Capable": false, "Startup Cost": 547663.47, "Total Cost": 547663.48, "Plan Rows": 1, "Plan Width": 8, "Plans": [{"Node Type": "Gather", "Parent Relationship": "Outer", "Parallel Aware": false, "Async Capable": false, "Startup Cost": 547662.85, "Total Cost": 547663.46, "Plan Rows": 6, "Plan Width": 8, "Workers Planned": 6, "Single Copy": false, "Plans": [{"Node Type": "Aggregate", "Strategy": "Plain", "Partial Mode": "Partial", "Parent Relationship": "Outer", "Parallel Aware": false, "Async Capable": false, "Startup Cost": 546662.85, "Total Cost": 546662.86, "Plan Rows": 1, "Plan Width": 8, "Plans": [{"Node Type": "Hash Join", "Parent Relationship": "Outer", "Parallel Aware": true, "Async Capable": false, "Join Type": "Inner", "Startup Cost": 269601.98, "Total Cost": 545114.04, "Plan Rows": 619522, "Plan Width": 0, "Inner Unique": false, "Hash Cond": "(orders.o_orderkey = lineitem.l_orderkey)", "Plans": [{"Node Type": "Index Only Scan", "Parent Relationship": "Outer", "Parallel Aware": true, "Async Capable": false, "Scan Direction": "Forward", "Index Name": "orders_pkey", "Relation Name": "orders", "Alias": "orders", "Startup Cost": 0.43, "Total Cost": 264588.76, "Plan Rows": 2499983, "Plan Width": 4}, {"Node Type": "Hash", "Parent Relationship": "Inner", "Parallel Aware": true, "Async Capable": false, "Startup Cost": 257985.51, "Total Cost": 257985.51, "Plan Rows": 929283, "Plan Width": 4, "Plans": [{"Node Type": "Nested Loop", "Parent Relationship": "Outer", "Parallel Aware": false, "Async Capable": false, "Join Type": "Inner", "Startup Cost": 5211.04, "Total Cost": 257985.51, "Plan Rows": 929283, "Plan Width": 4, "Inner Unique": false, "Join Filter": "(supplier.s_suppkey = lineitem.l_suppkey)", "Plans": [{"Node Type": "Hash Join", "Parent Relationship": "Outer", "Parallel Aware": false, "Async Capable": false, "Join Type": "Inner", "Startup Cost": 5210.6, "Total Cost": 124761.94, "Plan Rows": 124252, "Plan Width": 16, "Inner Unique": true, "Hash Cond": "(supplier.s_nationkey = nation.n_nationkey)", "Plans": [{"Node Type": "Hash Join", "Parent Relationship": "Outer", "Parallel Aware": true, "Async Capable": false, "Join Type": "Inner", "Startup Cost": 5197.77, "Total Cost": 124367.67, "Plan Rows": 124252, "Plan Width": 20, "Inner Unique": true, "Hash Cond": "(partsupp.ps_suppkey = supplier.s_suppkey)", "Plans": [{"Node Type": "Nested Loop", "Parent Relationship": "Outer", "Parallel Aware": false, "Async Capable": false, "Join Type": "Inner", "Startup Cost": 0.86, "Total Cost": 118844.58, "Plan Rows": 124252, "Plan Width": 12, "Inner Unique": false, "Plans": [{"Node Type": "Index Scan", "Parent Relationship": "Outer", "Parallel Aware": true, "Async Capable": false, "Scan Direction": "Forward", "Index Name": "part_pkey", "Relation Name": "part", "Alias": "part", "Startup Cost": 0.43, "Total Cost": 79193.62, "Plan Rows": 31062, "Plan Width": 4, "Filter": "((p_name)::text ~~ '%black%'::text)"}, {"Node Type": "Index Only Scan", "Parent Relationship": "Inner", "Parallel Aware": false, "Async Capable": false, "Scan Direction": "Forward", "Index Name": "partsupp_pkey", "Relation Name": "partsupp", "Alias": "partsupp", "Startup Cost": 0.43, "Total Cost": 1.23, "Plan Rows": 5, "Plan Width": 8, "Index Cond": "(ps_partkey = part.p_partkey)"}]}, {"Node Type": "Hash", "Parent Relationship": "Inner", "Parallel Aware": true, "Async Capable": false, "Startup Cost": 4461.61, "Total Cost": 4461.61, "Plan Rows": 58824, "Plan Width": 8, "Plans": [{"Node Type": "Index Scan", "Parent Relationship": "Outer", "Parallel Aware": true, "Async Capable": false, "Scan Direction": "Forward", "Index Name": "supplier_pkey", "Relation Name": "supplier", "Alias": "supplier", "Startup Cost": 0.29, "Total Cost": 4461.61, "Plan Rows": 58824, "Plan Width": 8}]}]}, {"Node Type": "Hash", "Parent Relationship": "Inner", "Parallel Aware": false, "Async Capable": false, "Startup Cost": 12.51, "Total Cost": 12.51, "Plan Rows": 25, "Plan Width": 4, "Plans": [{"Node Type": "Index Only Scan", "Parent Relationship": "Outer", "Parallel Aware": false, "Async Capable": false, "Scan Direction": "Forward", "Index Name": "nation_pkey", "Relation Name": "nation", "Alias": "nation", "Startup Cost": 0.14, "Total Cost": 12.51, "Plan Rows": 25, "Plan Width": 4}]}]}, {"Node Type": "Index Scan", "Parent Relationship": "Inner", "Parallel Aware": false, "Async Capable": false, "Scan Direction": "Forward", "Index Name": "idx_lineitem_part_supp", "Relation Name": "lineitem", "Alias": "lineitem", "Startup Cost": 0.44, "Total Cost": 1.06, "Plan Rows": 1, "Plan Width": 12, "Index Cond": "((l_partkey = partsupp.ps_partkey) AND (l_suppkey = partsupp.ps_suppkey))"}]}]}]}]}]}]}}, {"Plan": {"Node Type": "Aggregate", "Strategy": "Plain", "Partial Mode": "Finalize", "Parallel Aware": false, "Async Capable": false, "Startup Cost": 1731952.8, "Total Cost": 1731952.81, "Plan Rows": 1, "Plan Width": 8, "Plans": [{"Node Type": "Gather", "Parent Relationship": "Outer", "Parallel Aware": false, "Async Capable": false, "Startup Cost": 1731952.18, "Total Cost": 1731952.79, "Plan Rows": 6, "Plan Width": 8, "Workers Planned": 6, "Single Copy": false, "Plans": [{"Node Type": "Aggregate", "Strategy": "Plain", "Partial Mode": "Partial", "Parent Relationship": "Outer", "Parallel Aware": false, "Async Capable": false, "Startup Cost": 1730952.18, "Total Cost": 1730952.19, "Plan Rows": 1, "Plan Width": 8, "Plans": [{"Node Type": "Hash Join", "Parent Relationship": "Outer", "Parallel Aware": true, "Async Capable": false, "Join Type": "Inner", "Startup Cost": 1454407.57, "Total Cost": 1729403.37, "Plan Rows": 619522, "Plan Width": 0, "Inner Unique": false, "Hash Cond": "(orders.o_orderkey = lineitem.l_orderkey)", "Plans": [{"Node Type": "Index Only Scan", "Parent Relationship": "Outer", "Parallel Aware": true, "Async Capable": false, "Scan Direction": "Forward", "Index Name": "orders_pkey", "Relation Name": "orders", "Alias": "orders", "Startup Cost": 0.43, "Total Cost": 264588.76, "Plan Rows": 2499983, "Plan Width": 4}, {"Node Type": "Hash", "Parent Relationship": "Inner", "Parallel Aware": true, "Async Capable": false, "Startup Cost": 1446663.11, "Total Cost": 1446663.11, "Plan Rows": 619522, "Plan Width": 4, "Plans": [{"Node Type": "Hash Join", "Parent Relationship": "Outer", "Parallel Aware": true, "Async Capable": false, "Join Type": "Inner", "Startup Cost": 1295550.35, "Total Cost": 1446663.11, "Plan Rows": 619522, "Plan Width": 4, "Inner Unique": false, "Hash Cond": "((partsupp.ps_suppkey = supplier.s_suppkey) AND (partsupp.ps_partkey = lineitem.l_partkey))", "Plans": [{"Node Type": "Index Only Scan", "Parent Relationship": "Outer", "Parallel Aware": true, "Async Capable": false, "Scan Direction": "Forward", "Index Name": "partsupp_pkey", "Relation Name": "partsupp", "Alias": "partsupp", "Startup Cost": 0.43, "Total Cost": 141112.84, "Plan Rows": 1333374, "Plan Width": 8}, {"Node Type": "Hash", "Parent Relationship": "Inner", "Parallel Aware": true, "Async Capable": false, "Startup Cost": 1287584.63, "Total Cost": 1287584.63, "Plan Rows": 531019, "Plan Width": 20, "Plans": [{"Node Type": "Hash Join", "Parent Relationship": "Outer", "Parallel Aware": false, "Async Capable": false, "Join Type": "Inner", "Startup Cost": 51219.37, "Total Cost": 1287584.63, "Plan Rows": 531019, "Plan Width": 20, "Inner Unique": true, "Hash Cond": "(supplier.s_nationkey = nation.n_nationkey)", "Plans": [{"Node Type": "Hash Join", "Parent Relationship": "Outer", "Parallel Aware": true, "Async Capable": false, "Join Type": "Inner", "Startup Cost": 51217.81, "Total Cost": 1285952.84, "Plan Rows": 531019, "Plan Width": 24, "Inner Unique": true, "Hash Cond": "(lineitem.l_suppkey = supplier.s_suppkey)", "Plans": [{"Node Type": "Hash Join", "Parent Relationship": "Outer", "Parallel Aware": true, "Async Capable": false, "Join Type": "Inner", "Startup Cost": 47630.28, "Total Cost": 1280967.73, "Plan Rows": 532389, "Plan Width": 16, "Inner Unique": true, "Hash Cond": "(lineitem.l_partkey = part.p_partkey)", "Plans": [{"Node Type": "Seq Scan", "Parent Relationship": "Outer", "Parallel Aware": true, "Async Capable": false, "Relation Name": "lineitem", "Alias": "lineitem", "Startup Cost": 0.0, "Total Cost": 1210841.75, "Plan Rows": 8569775, "Plan Width": 12}, {"Node Type": "Hash", "Parent Relationship": "Inner", "Parallel Aware": true, "Async Capable": false, "Startup Cost": 47242.0, "Total Cost": 47242.0, "Plan Rows": 31062, "Plan Width": 4, "Plans": [{"Node Type": "Seq Scan", "Parent Relationship": "Outer", "Parallel Aware": true, "Async Capable": false, "Relation Name": "part", "Alias": "part", "Startup Cost": 0.0, "Total Cost": 47242.0, "Plan Rows": 31062, "Plan Width": 4, "Filter": "((p_name)::text ~~ '%black%'::text)"}]}]}, {"Node Type": "Hash", "Parent Relationship": "Inner", "Parallel Aware": true, "Async Capable": false, "Startup Cost": 2852.24, "Total Cost": 2852.24, "Plan Rows": 58824, "Plan Width": 8, "Plans": [{"Node Type": "Seq Scan", "Parent Relationship": "Outer", "Parallel Aware": true, "Async Capable": false, "Relation Name": "supplier", "Alias": "supplier", "Startup Cost": 0.0, "Total Cost": 2852.24, "Plan Rows": 58824, "Plan Width": 8}]}]}, {"Node Type": "Hash", "Parent Relationship": "Inner", "Parallel Aware": false, "Async Capable": false, "Startup Cost": 1.25, "Total Cost": 1.25, "Plan Rows": 25, "Plan Width": 4, "Plans": [{"Node Type": "Seq Scan", "Parent Relationship": "Outer", "Parallel Aware": false, "Async Capable": false, "Relation Name": "nation", "Alias": "nation", "Startup Cost": 0.0, "Total Cost": 1.25, "Plan Rows": 25, "Plan Width": 4}]}]}]}]}]}]}]}]}]}}, {"Plan": {"Node Type": "Aggregate", "Strategy": "Plain", "Partial Mode": "Simple", "Parallel Aware": false, "Async Capable": false, "Startup Cost": 60015753794.69, "Total Cost": 60015753794.7, "Plan Rows": 1, "Plan Width": 8, "Plans": [{"Node Type": "Hash Join", "Parent Relationship": "Outer", "Parallel Aware": false, "Async Capable": false, "Join Type": "Inner", "Startup Cost": 60006717508.56, "Total Cost": 60015744501.86, "Plan Rows": 3717131, "Plan Width": 0, "Inner Unique": true, "Hash Cond": "((supplier.s_suppkey = partsupp.ps_suppkey) AND (lineitem.l_partkey = partsupp.ps_partkey))", "Plans": [{"Node Type": "Nested Loop", "Parent Relationship": "Outer", "Parallel Aware": false, "Async Capable": false, "Join Type": "Inner", "Startup Cost": 50006389723.3, "Total Cost": 50015397201.67, "Plan Rows": 3717131, "Plan Width": 16, "Inner Unique": true, "Plans": [{"Node Type": "Merge Join", "Parent Relationship": "Outer", "Parallel Aware": false, "Async Capable": false, "Join Type": "Inner", "Startup Cost": 40006389722.85, "Total Cost": 40006453198.96, "Plan Rows": 3717131, "Plan Width": 20, "Inner Unique": false, "Merge Cond": "(supplier.s_suppkey = lineitem.l_suppkey)", "Plans": [{"Node Type": "Nested Loop", "Parent Relationship": "Outer", "Parallel Aware": false, "Async Capable": false, "Join Type": "Inner", "Startup Cost": 20000000000.45, "Total Cost": 20000007422.38, "Plan Rows": 100000, "Plan Width": 4, "Inner Unique": true, "Plans": [{"Node Type": "Index Scan", "Parent Relationship": "Outer", "Parallel Aware": false, "Async Capable": false, "Scan Direction": "Forward", "Index Name": "supplier_pkey", "Relation Name": "supplier", "Alias": "supplier", "Startup Cost": 10000000000.29, "Total Cost": 10000004873.38, "Plan Rows": 100000, "Plan Width": 8}, {"Node Type": "Memoize", "Parent Relationship": "Inner", "Parallel Aware": false, "Async Capable": false, "Startup Cost": 0.16, "Total Cost": 4.17, "Plan Rows": 1, "Plan Width": 4, "Cache Key": "supplier.s_nationkey", "Cache Mode": "logical", "Plans": [{"Node Type": "Bitmap Heap Scan", "Parent Relationship": "Outer", "Parallel Aware": false, "Async Capable": false, "Relation Name": "nation", "Alias": "nation", "Startup Cost": 0.15, "Total Cost": 4.16, "Plan Rows": 1, "Plan Width": 4, "Recheck Cond": "(supplier.s_nationkey = n_nationkey)", "Plans": [{"Node Type": "Bitmap Index Scan", "Parent Relationship": "Outer", "Parallel Aware": false, "Async Capable": false, "Index Name": "nation_pkey", "Startup Cost": 0.0, "Total Cost": 0.15, "Plan Rows": 1, "Plan Width": 0, "Index Cond": "(n_nationkey = supplier.s_nationkey)"}]}]}]}, {"Node Type": "Sort", "Parent Relationship": "Inner", "Parallel Aware": false, "Async Capable": false, "Startup Cost": 20006389722.03, "Total Cost": 20006399038.83, "Plan Rows": 3726721, "Plan Width": 16, "Sort Key": ["lineitem.l_suppkey"], "Plans": [{"Node Type": "Merge Join", "Parent Relationship": "Outer", "Parallel Aware": false, "Async Capable": false, "Join Type": "Inner", "Startup Cost": 20000000064.52, "Total Cost": 20005982960.21, "Plan Rows": 3726721, "Plan Width": 16, "Inner Unique": true, "Merge Cond": "(lineitem.l_partkey = part.p_partkey)", "Plans": [{"Node Type": "Index Scan", "Parent Relationship": "Outer", "Parallel Aware": false, "Async Capable": false, "Scan Direction": "Forward", "Index Name": "idx_lineitem_part_supp", "Relation Name": "lineitem", "Alias": "lineitem", "Startup Cost": 10000000000.44, "Total Cost": 10005697610.8, "Plan Rows": 59988424, "Plan Width": 12}, {"Node Type": "Index Scan", "Parent Relationship": "Inner", "Parallel Aware": false, "Async Capable": false, "Scan Direction": "Forward", "Index Name": "part_pkey", "Relation Name": "part", "Alias": "part", "Startup Cost": 10000000000.43, "Total Cost": 10000097943.62, "Plan Rows": 124248, "Plan Width": 4, "Filter": "((p_name)::text ~~ '%black%'::text)"}]}]}]}, {"Node Type": "Memoize", "Parent Relationship": "Inner", "Parallel Aware": false, "Async Capable": false, "Startup Cost": 0.46, "Total Cost": 4.47, "Plan Rows": 1, "Plan Width": 4, "Cache Key": "lineitem.l_orderkey", "Cache Mode": "logical", "Plans": [{"Node Type": "Bitmap Heap Scan", "Parent Relationship": "Outer", "Parallel Aware": false, "Async Capable": false, "Relation Name": "orders", "Alias": "orders", "Startup Cost": 0.45, "Total Cost": 4.46, "Plan Rows": 1, "Plan Width": 4, "Recheck Cond": "(lineitem.l_orderkey = o_orderkey)", "Plans": [{"Node Type": "Bitmap Index Scan", "Parent Relationship": "Outer", "Parallel Aware": false, "Async Capable": false, "Index Name": "orders_pkey", "Startup Cost": 0.0, "Total Cost": 0.45, "Plan Rows": 1, "Plan Width": 0, "Index Cond": "(o_orderkey = lineitem.l_orderkey)"}]}]}]}, {"Node Type": "Hash", "Parent Relationship": "Inner", "Parallel Aware": false, "Async Capable": false, "Startup Cost": 10000207781.56, "Total Cost": 10000207781.56, "Plan Rows": 8000246, "Plan Width": 8, "Plans": [{"Node Type": "Index Only Scan", "Parent Relationship": "Outer", "Parallel Aware": false, "Async Capable": false, "Scan Direction": "Forward", "Index Name": "partsupp_pkey", "Relation Name": "partsupp", "Alias": "partsupp", "Startup Cost": 10000000000.43, "Total Cost": 10000207781.56, "Plan Rows": 8000246, "Plan Width": 8}]}]}]}}, {"Plan": {"Node Type": "Aggregate", "Strategy": "Plain", "Partial Mode": "Simple", "Parallel Aware": false, "Async Capable": false, "Startup Cost": 10020513959.03, "Total Cost": 10020513959.04, "Plan Rows": 1, "Plan Width": 8, "Plans": [{"Node Type": "Nested Loop", "Parent Relationship": "Outer", "Parallel Aware": false, "Async Capable": false, "Join Type": "Inner", "Startup Cost": 10000000003.16, "Total Cost": 10020504666.21, "Plan Rows": 3717131, "Plan Width": 0, "Inner Unique": true, "Plans": [{"Node Type": "Nested Loop", "Parent Relationship": "Outer", "Parallel Aware": false, "Async Capable": false, "Join Type": "Inner", "Startup Cost": 10000000003.0, "Total Cost": 10020413692.25, "Plan Rows": 3717131, "Plan Width": 4, "Inner Unique": true, "Plans": [{"Node Type": "Nested Loop", "Parent Relationship": "Outer", "Parallel Aware": false, "Async Capable": false, "Join Type": "Inner", "Startup Cost": 10000000002.55, "Total Cost": 10011469689.54, "Plan Rows": 3717131, "Plan Width": 8, "Inner Unique": false, "Join Filter": "(supplier.s_suppkey = lineitem.l_suppkey)", "Plans": [{"Node Type": "Nested Loop", "Parent Relationship": "Outer", "Parallel Aware": false, "Async Capable": false, "Join Type": "Inner", "Startup Cost": 10000000002.06, "Total Cost": 10009225752.71, "Plan Rows": 497007, "Plan Width": 20, "Inner Unique": true, "Plans": [{"Node Type": "Nested Loop", "Parent Relationship": "Outer", "Parallel Aware": false, "Async Capable": false, "Join Type": "Inner", "Startup Cost": 10000000001.61, "Total Cost": 10001120890.78, "Plan Rows": 8000246, "Plan Width": 16, "Inner Unique": false, "Plans": [{"Node Type": "Index Scan", "Parent Relationship": "Outer", "Parallel Aware": false, "Async Capable": false, "Scan Direction": "Forward", "Index Name": "idx_supplier_nation_key", "Relation Name": "supplier", "Alias": "supplier", "Startup Cost": 10000000000.29, "Total Cost": 10000010896.83, "Plan Rows": 100000, "Plan Width": 8}, {"Node Type": "Bitmap Heap Scan", "Parent Relationship": "Inner", "Parallel Aware": false, "Async Capable": false, "Relation Name": "partsupp", "Alias": "partsupp", "Startup Cost": 1.32, "Total Cost": 10.3, "Plan Rows": 80, "Plan Width": 8, "Recheck Cond": "(supplier.s_suppkey = ps_suppkey)", "Plans": [{"Node Type": "Bitmap Index Scan", "Parent Relationship": "Outer", "Parallel Aware": false, "Async Capable": false, "Index Name": "idx_partsupp_suppkey", "Startup Cost": 0.0, "Total Cost": 1.3, "Plan Rows": 80, "Plan Width": 0, "Index Cond": "(ps_suppkey = supplier.s_suppkey)"}]}]}, {"Node Type": "Memoize", "Parent Relationship": "Inner", "Parallel Aware": false, "Async Capable": false, "Startup Cost": 0.45, "Total Cost": 4.46, "Plan Rows": 1, "Plan Width": 4, "Cache Key": "partsupp.ps_partkey", "Cache Mode": "logical", "Plans": [{"Node Type": "Bitmap Heap Scan", "Parent Relationship": "Outer", "Parallel Aware": false, "Async Capable": false, "Relation Name": "part", "Alias": "part", "Startup Cost": 0.44, "Total Cost": 4.45, "Plan Rows": 1, "Plan Width": 4, "Recheck Cond": "(p_partkey = partsupp.ps_partkey)", "Filter": "((p_name)::text ~~ '%black%'::text)", "Plans": [{"Node Type": "Bitmap Index Scan", "Parent Relationship": "Outer", "Parallel Aware": false, "Async Capable": false, "Index Name": "part_pkey", "Startup Cost": 0.0, "Total Cost": 0.44, "Plan Rows": 1, "Plan Width": 0, "Index Cond": "(p_partkey = partsupp.ps_partkey)"}]}]}]}, {"Node Type": "Bitmap Heap Scan", "Parent Relationship": "Inner", "Parallel Aware": false, "Async Capable": false, "Relation Name": "lineitem", "Alias": "lineitem", "Startup Cost": 0.49, "Total Cost": 4.5, "Plan Rows": 1, "Plan Width": 12, "Recheck Cond": "((l_partkey = partsupp.ps_partkey) AND (l_suppkey = partsupp.ps_suppkey))", "Plans": [{"Node Type": "Bitmap Index Scan", "Parent Relationship": "Outer", "Parallel Aware": false, "Async Capable": false, "Index Name": "idx_lineitem_part_supp", "Startup Cost": 0.0, "Total Cost": 0.49, "Plan Rows": 1, "Plan Width": 0, "Index Cond": "((l_partkey = partsupp.ps_partkey) AND (l_suppkey = partsupp.ps_suppkey))"}]}]}, {"Node Type": "Memoize", "Parent Relationship": "Inner", "Parallel Aware": false, "Async Capable": false, "Startup Cost": 0.46, "Total Cost": 4.47, "Plan Rows": 1, "Plan Width": 4, "Cache Key": "lineitem.l_orderkey", "Cache Mode": "logical", "Plans": [{"Node Type": "Bitmap Heap Scan", "Parent Relationship": "Outer", "Parallel Aware": false, "Async Capable": false, "Relation Name": "orders", "Alias": "orders", "Startup Cost": 0.45, "Total Cost": 4.46, "Plan Rows": 1, "Plan Width": 4, "Recheck Cond": "(lineitem.l_orderkey = o_orderkey)", "Plans": [{"Node Type": "Bitmap Index Scan", "Parent Relationship": "Outer", "Parallel Aware": false, "Async Capable": false, "Index Name": "orders_pkey", "Startup Cost": 0.0, "Total Cost": 0.45, "Plan Rows": 1, "Plan Width": 0, "Index Cond": "(o_orderkey = lineitem.l_orderkey)"}]}]}]}, {"Node Type": "Memoize", "Parent Relationship": "Inner", "Parallel Aware": false, "Async Capable": false, "Startup Cost": 0.16, "Total Cost": 4.17, "Plan Rows": 1, "Plan Width": 4, "Cache Key": "supplier.s_nationkey", "Cache Mode": "logical", "Plans": [{"Node Type": "Bitmap Heap Scan", "Parent Relationship": "Outer", "Parallel Aware": false, "Async Capable": false, "Relation Name": "nation", "Alias": "nation", "Startup Cost": 0.15, "Total Cost": 4.16, "Plan Rows": 1, "Plan Width": 4, "Recheck Cond": "(supplier.s_nationkey = n_nationkey)", "Plans": [{"Node Type": "Bitmap Index Scan", "Parent Relationship": "Outer", "Parallel Aware": false, "Async Capable": false, "Index Name": "nation_pkey", "Startup Cost": 0.0, "Total Cost": 0.15, "Plan Rows": 1, "Plan Width": 0, "Index Cond": "(n_nationkey = supplier.s_nationkey)"}]}]}]}]}}, {"Plan": {"Node Type": "Aggregate", "Strategy": "Plain", "Partial Mode": "Finalize", "Parallel Aware": false, "Async Capable": false, "Startup Cost": 1004555.73, "Total Cost": 1004555.74, "Plan Rows": 1, "Plan Width": 8, "Plans": [{"Node Type": "Gather", "Parent Relationship": "Outer", "Parallel Aware": false, "Async Capable": false, "Startup Cost": 1004555.1, "Total Cost": 1004555.71, "Plan Rows": 6, "Plan Width": 8, "Workers Planned": 6, "Single Copy": false, "Plans": [{"Node Type": "Aggregate", "Strategy": "Plain", "Partial Mode": "Partial", "Parent Relationship": "Outer", "Parallel Aware": false, "Async Capable": false, "Startup Cost": 1003555.1, "Total Cost": 1003555.11, "Plan Rows": 1, "Plan Width": 8, "Plans": [{"Node Type": "Hash Join", "Parent Relationship": "Outer", "Parallel Aware": true, "Async Capable": false, "Join Type": "Inner", "Startup Cost": 705120.49, "Total Cost": 1002006.3, "Plan Rows": 619522, "Plan Width": 0, "Inner Unique": false, "Hash Cond": "(orders.o_orderkey = lineitem.l_orderkey)", "Plans": [{"Node Type": "Seq Scan", "Parent Relationship": "Outer", "Parallel Aware": true, "Async Capable": false, "Relation Name": "orders", "Alias": "orders", "Startup Cost": 0.0, "Total Cost": 286271.83, "Plan Rows": 2499983, "Plan Width": 4}, {"Node Type": "Hash", "Parent Relationship": "Inner", "Parallel Aware": true, "Async Capable": false, "Startup Cost": 695827.66, "Total Cost": 695827.66, "Plan Rows": 743426, "Plan Width": 4, "Plans": [{"Node Type": "Nested Loop", "Parent Relationship": "Outer", "Parallel Aware": false, "Async Capable": false, "Join Type": "Inner", "Startup Cost": 51219.86, "Total Cost": 695827.66, "Plan Rows": 743426, "Plan Width": 4, "Inner Unique": false, "Join Filter": "(supplier.s_suppkey = lineitem.l_suppkey)", "Plans": [{"Node Type": "Hash Join", "Parent Relationship": "Outer", "Parallel Aware": false, "Async Capable": false, "Join Type": "Inner", "Startup Cost": 51219.37, "Total Cost": 247042.1, "Plan Rows": 99401, "Plan Width": 16, "Inner Unique": true, "Hash Cond": "(supplier.s_nationkey = nation.n_nationkey)", "Plans": [{"Node Type": "Hash Join", "Parent Relationship": "Outer", "Parallel Aware": true, "Async Capable": false, "Join Type": "Inner", "Startup Cost": 51217.81, "Total Cost": 246735.38, "Plan Rows": 99401, "Plan Width": 20, "Inner Unique": true, "Hash Cond": "(partsupp.ps_suppkey = supplier.s_suppkey)", "Plans": [{"Node Type": "Hash Join", "Parent Relationship": "Outer", "Parallel Aware": true, "Async Capable": false, "Join Type": "Inner", "Startup Cost": 47630.28, "Total Cost": 242886.91, "Plan Rows": 99401, "Plan Width": 12, "Inner Unique": true, "Hash Cond": "(partsupp.ps_partkey = part.p_partkey)", "Plans": [{"Node Type": "Seq Scan", "Parent Relationship": "Outer", "Parallel Aware": true, "Async Capable": false, "Relation Name": "partsupp", "Alias": "partsupp", "Startup Cost": 0.0, "Total Cost": 191056.49, "Plan Rows": 1600049, "Plan Width": 8}, {"Node Type": "Hash", "Parent Relationship": "Inner", "Parallel Aware": true, "Async Capable": false, "Startup Cost": 47242.0, "Total Cost": 47242.0, "Plan Rows": 31062, "Plan Width": 4, "Plans": [{"Node Type": "Seq Scan", "Parent Relationship": "Outer", "Parallel Aware": true, "Async Capable": false, "Relation Name": "part", "Alias": "part", "Startup Cost": 0.0, "Total Cost": 47242.0, "Plan Rows": 31062, "Plan Width": 4, "Filter": "((p_name)::text ~~ '%black%'::text)"}]}]}, {"Node Type": "Hash", "Parent Relationship": "Inner", "Parallel Aware": true, "Async Capable": false, "Startup Cost": 2852.24, "Total Cost": 2852.24, "Plan Rows": 58824, "Plan Width": 8, "Plans": [{"Node Type": "Seq Scan", "Parent Relationship": "Outer", "Parallel Aware": true, "Async Capable": false, "Relation Name": "supplier", "Alias": "supplier", "Startup Cost": 0.0, "Total Cost": 2852.24, "Plan Rows": 58824, "Plan Width": 8}]}]}, {"Node Type": "Hash", "Parent Relationship": "Inner", "Parallel Aware": false, "Async Capable": false, "Startup Cost": 1.25, "Total Cost": 1.25, "Plan Rows": 25, "Plan Width": 4, "Plans": [{"Node Type": "Seq Scan", "Parent Relationship": "Outer", "Parallel Aware": false, "Async Capable": false, "Relation Name": "nation", "Alias": "nation", "Startup Cost": 0.0, "Total Cost": 1.25, "Plan Rows": 25, "Plan Width": 4}]}]}, {"Node Type": "Bitmap Heap Scan", "Parent Relationship": "Inner", "Parallel Aware": false, "Async Capable": false, "Relation Name": "lineitem", "Alias": "lineitem", "Startup Cost": 0.49, "Total Cost": 4.5, "Plan Rows": 1, "Plan Width": 12, "Recheck Cond": "((l_partkey = partsupp.ps_partkey) AND (l_suppkey = partsupp.ps_suppkey))", "Plans": [{"Node Type": "Bitmap Index Scan", "Parent Relationship": "Outer", "Parallel Aware": false, "Async Capable": false, "Index Name": "idx_lineitem_part_supp", "Startup Cost": 0.0, "Total Cost": 0.49, "Plan Rows": 1, "Plan Width": 0, "Index Cond": "((l_partkey = partsupp.ps_partkey) AND (l_suppkey = partsupp.ps_suppkey))"}]}]}]}]}]}]}]}}, {"Plan": {"Node Type": "Aggregate", "Strategy": "Plain", "Partial Mode": "Finalize", "Parallel Aware": false, "Async Capable": false, "Startup Cost": 1805963.0, "Total Cost": 1805963.01, "Plan Rows": 1, "Plan Width": 8, "Plans": [{"Node Type": "Gather", "Parent Relationship": "Outer", "Parallel Aware": false, "Async Capable": false, "Startup Cost": 1805962.47, "Total Cost": 1805962.98, "Plan Rows": 5, "Plan Width": 8, "Workers Planned": 5, "Single Copy": false, "Plans": [{"Node Type": "Aggregate", "Strategy": "Plain", "Partial Mode": "Partial", "Parent Relationship": "Outer", "Parallel Aware": false, "Async Capable": false, "Startup Cost": 1804962.47, "Total Cost": 1804962.48, "Plan Rows": 1, "Plan Width": 8, "Plans": [{"Node Type": "Hash Join", "Parent Relationship": "Outer", "Parallel Aware": true, "Async Capable": false, "Join Type": "Inner", "Startup Cost": 1600047.0, "Total Cost": 1803103.91, "Plan Rows": 743426, "Plan Width": 0, "Inner Unique": false, "Hash Cond": "((partsupp.ps_suppkey = supplier.s_suppkey) AND (partsupp.ps_partkey = lineitem.l_partkey))", "Plans": [{"Node Type": "Seq Scan", "Parent Relationship": "Outer", "Parallel Aware": true, "Async Capable": false, "Relation Name": "partsupp", "Alias": "partsupp", "Startup Cost": 0.0, "Total Cost": 191056.49, "Plan Rows": 1600049, "Plan Width": 8}, {"Node Type": "Hash", "Parent Relationship": "Inner", "Parallel Aware": true, "Async Capable": false, "Startup Cost": 1590754.17, "Total Cost": 1590754.17, "Plan Rows": 619522, "Plan Width": 16, "Plans": [{"Node Type": "Hash Join", "Parent Relationship": "Outer", "Parallel Aware": true, "Async Capable": false, "Join Type": "Inner", "Startup Cost": 1294222.37, "Total Cost": 1590754.17, "Plan Rows": 619522, "Plan Width": 16, "Inner Unique": false, "Hash Cond": "(orders.o_orderkey = lineitem.l_orderkey)", "Plans": [{"Node Type": "Seq Scan", "Parent Relationship": "Outer", "Parallel Aware": true, "Async Capable": false, "Relation Name": "orders", "Alias": "orders", "Startup Cost": 0.0, "Total Cost": 286271.83, "Plan Rows": 2499983, "Plan Width": 4}, {"Node Type": "Hash", "Parent Relationship": "Inner", "Parallel Aware": true, "Async Capable": false, "Startup Cost": 1287584.63, "Total Cost": 1287584.63, "Plan Rows": 531019, "Plan Width": 20, "Plans": [{"Node Type": "Hash Join", "Parent Relationship": "Outer", "Parallel Aware": false, "Async Capable": false, "Join Type": "Inner", "Startup Cost": 51219.37, "Total Cost": 1287584.63, "Plan Rows": 531019, "Plan Width": 20, "Inner Unique": true, "Hash Cond": "(supplier.s_nationkey = nation.n_nationkey)", "Plans": [{"Node Type": "Hash Join", "Parent Relationship": "Outer", "Parallel Aware": true, "Async Capable": false, "Join Type": "Inner", "Startup Cost": 51217.81, "Total Cost": 1285952.84, "Plan Rows": 531019, "Plan Width": 24, "Inner Unique": true, "Hash Cond": "(lineitem.l_suppkey = supplier.s_suppkey)", "Plans": [{"Node Type": "Hash Join", "Parent Relationship": "Outer", "Parallel Aware": true, "Async Capable": false, "Join Type": "Inner", "Startup Cost": 47630.28, "Total Cost": 1280967.73, "Plan Rows": 532389, "Plan Width": 16, "Inner Unique": true, "Hash Cond": "(lineitem.l_partkey = part.p_partkey)", "Plans": [{"Node Type": "Seq Scan", "Parent Relationship": "Outer", "Parallel Aware": true, "Async Capable": false, "Relation Name": "lineitem", "Alias": "lineitem", "Startup Cost": 0.0, "Total Cost": 1210841.75, "Plan Rows": 8569775, "Plan Width": 12}, {"Node Type": "Hash", "Parent Relationship": "Inner", "Parallel Aware": true, "Async Capable": false, "Startup Cost": 47242.0, "Total Cost": 47242.0, "Plan Rows": 31062, "Plan Width": 4, "Plans": [{"Node Type": "Seq Scan", "Parent Relationship": "Outer", "Parallel Aware": true, "Async Capable": false, "Relation Name": "part", "Alias": "part", "Startup Cost": 0.0, "Total Cost": 47242.0, "Plan Rows": 31062, "Plan Width": 4, "Filter": "((p_name)::text ~~ '%black%'::text)"}]}]}, {"Node Type": "Hash", "Parent Relationship": "Inner", "Parallel Aware": true, "Async Capable": false, "Startup Cost": 2852.24, "Total Cost": 2852.24, "Plan Rows": 58824, "Plan Width": 8, "Plans": [{"Node Type": "Seq Scan", "Parent Relationship": "Outer", "Parallel Aware": true, "Async Capable": false, "Relation Name": "supplier", "Alias": "supplier", "Startup Cost": 0.0, "Total Cost": 2852.24, "Plan Rows": 58824, "Plan Width": 8}]}]}, {"Node Type": "Hash", "Parent Relationship": "Inner", "Parallel Aware": false, "Async Capable": false, "Startup Cost": 1.25, "Total Cost": 1.25, "Plan Rows": 25, "Plan Width": 4, "Plans": [{"Node Type": "Seq Scan", "Parent Relationship": "Outer", "Parallel Aware": false, "Async Capable": false, "Relation Name": "nation", "Alias": "nation", "Startup Cost": 0.0, "Total Cost": 1.25, "Plan Rows": 25, "Plan Width": 4}]}]}]}]}]}]}]}]}]}}, {"Plan": {"Node Type": "Aggregate", "Strategy": "Plain", "Partial Mode": "Finalize", "Parallel Aware": false, "Async Capable": false, "Startup Cost": 2847224.54, "Total Cost": 2847224.55, "Plan Rows": 1, "Plan Width": 8, "Plans": [{"Node Type": "Gather", "Parent Relationship": "Outer", "Parallel Aware": false, "Async Capable": false, "Startup Cost": 2847224.02, "Total Cost": 2847224.53, "Plan Rows": 5, "Plan Width": 8, "Workers Planned": 5, "Single Copy": false, "Plans": [{"Node Type": "Aggregate", "Strategy": "Plain", "Partial Mode": "Partial", "Parent Relationship": "Outer", "Parallel Aware": false, "Async Capable": false, "Startup Cost": 2846224.02, "Total Cost": 2846224.03, "Plan Rows": 1, "Plan Width": 8, "Plans": [{"Node Type": "Hash Join", "Parent Relationship": "Outer", "Parallel Aware": true, "Async Capable": false, "Join Type": "Inner", "Startup Cost": 2553188.4, "Total Cost": 2844365.46, "Plan Rows": 743426, "Plan Width": 0, "Inner Unique": false, "Hash Cond": "((partsupp.ps_suppkey = supplier.s_suppkey) AND (partsupp.ps_partkey = lineitem.l_partkey))", "Plans": [{"Node Type": "Index Scan", "Parent Relationship": "Outer", "Parallel Aware": true, "Async Capable": false, "Scan Direction": "Forward", "Index Name": "idx_partsupp_partkey", "Relation Name": "partsupp", "Alias": "partsupp", "Startup Cost": 0.43, "Total Cost": 279177.08, "Plan Rows": 1600049, "Plan Width": 8}, {"Node Type": "Hash", "Parent Relationship": "Inner", "Parallel Aware": true, "Async Capable": false, "Startup Cost": 2543895.13, "Total Cost": 2543895.13, "Plan Rows": 619522, "Plan Width": 16, "Plans": [{"Node Type": "Hash Join", "Parent Relationship": "Outer", "Parallel Aware": true, "Async Capable": false, "Join Type": "Inner", "Startup Cost": 2007836.75, "Total Cost": 2543895.13, "Plan Rows": 619522, "Plan Width": 16, "Inner Unique": false, "Hash Cond": "(orders.o_orderkey = lineitem.l_orderkey)", "Plans": [{"Node Type": "Index Scan", "Parent Relationship": "Outer", "Parallel Aware": true, "Async Capable": false, "Scan Direction": "Forward", "Index Name": "orders_pkey", "Relation Name": "orders", "Alias": "orders", "Startup Cost": 0.43, "Total Cost": 525798.86, "Plan Rows": 2499983, "Plan Width": 4}, {"Node Type": "Hash", "Parent Relationship": "Inner", "Parallel Aware": true, "Async Capable": false, "Startup Cost": 2001198.57, "Total Cost": 2001198.57, "Plan Rows": 531019, "Plan Width": 20, "Plans": [{"Node Type": "Hash Join", "Parent Relationship": "Outer", "Parallel Aware": false, "Async Capable": false, "Join Type": "Inner", "Startup Cost": 84792.19, "Total Cost": 2001198.57, "Plan Rows": 531019, "Plan Width": 20, "Inner Unique": true, "Hash Cond": "(supplier.s_nationkey = nation.n_nationkey)", "Plans": [{"Node Type": "Hash Join", "Parent Relationship": "Outer", "Parallel Aware": true, "Async Capable": false, "Join Type": "Inner", "Startup Cost": 84779.37, "Total Cost": 1999555.52, "Plan Rows": 531019, "Plan Width": 24, "Inner Unique": true, "Hash Cond": "(lineitem.l_suppkey = supplier.s_suppkey)", "Plans": [{"Node Type": "Hash Join", "Parent Relationship": "Outer", "Parallel Aware": true, "Async Capable": false, "Join Type": "Inner", "Startup Cost": 79582.46, "Total Cost": 1992961.03, "Plan Rows": 532389, "Plan Width": 16, "Inner Unique": true, "Hash Cond": "(lineitem.l_partkey = part.p_partkey)", "Plans": [{"Node Type": "Index Scan", "Parent Relationship": "Outer", "Parallel Aware": true, "Async Capable": false, "Scan Direction": "Forward", "Index Name": "idx_lineitem_orderkey", "Relation Name": "lineitem", "Alias": "lineitem", "Startup Cost": 0.56, "Total Cost": 1890883.43, "Plan Rows": 8569775, "Plan Width": 12}, {"Node Type": "Hash", "Parent Relationship": "Inner", "Parallel Aware": true, "Async Capable": false, "Startup Cost": 79193.62, "Total Cost": 79193.62, "Plan Rows": 31062, "Plan Width": 4, "Plans": [{"Node Type": "Index Scan", "Parent Relationship": "Outer", "Parallel Aware": true, "Async Capable": false, "Scan Direction": "Forward", "Index Name": "part_pkey", "Relation Name": "part", "Alias": "part", "Startup Cost": 0.43, "Total Cost": 79193.62, "Plan Rows": 31062, "Plan Width": 4, "Filter": "((p_name)::text ~~ '%black%'::text)"}]}]}, {"Node Type": "Hash", "Parent Relationship": "Inner", "Parallel Aware": true, "Async Capable": false, "Startup Cost": 4461.61, "Total Cost": 4461.61, "Plan Rows": 58824, "Plan Width": 8, "Plans": [{"Node Type": "Index Scan", "Parent Relationship": "Outer", "Parallel Aware": true, "Async Capable": false, "Scan Direction": "Forward", "Index Name": "supplier_pkey", "Relation Name": "supplier", "Alias": "supplier", "Startup Cost": 0.29, "Total Cost": 4461.61, "Plan Rows": 58824, "Plan Width": 8}]}]}, {"Node Type": "Hash", "Parent Relationship": "Inner", "Parallel Aware": false, "Async Capable": false, "Startup Cost": 12.51, "Total Cost": 12.51, "Plan Rows": 25, "Plan Width": 4, "Plans": [{"Node Type": "Index Scan", "Parent Relationship": "Outer", "Parallel Aware": false, "Async Capable": false, "Scan Direction": "Forward", "Index Name": "nation_pkey", "Relation Name": "nation", "Alias": "nation", "Startup Cost": 0.14, "Total Cost": 12.51, "Plan Rows": 25, "Plan Width": 4}]}]}]}]}]}]}]}]}]}}, {"Plan": {"Node Type": "Aggregate", "Strategy": "Plain", "Partial Mode": "Finalize", "Parallel Aware": false, "Async Capable": false, "Startup Cost": 782333.64, "Total Cost": 782333.65, "Plan Rows": 1, "Plan Width": 8, "Plans": [{"Node Type": "Gather", "Parent Relationship": "Outer", "Parallel Aware": false, "Async Capable": false, "Startup Cost": 782333.22, "Total Cost": 782333.63, "Plan Rows": 4, "Plan Width": 8, "Workers Planned": 4, "Single Copy": false, "Plans": [{"Node Type": "Aggregate", "Strategy": "Plain", "Partial Mode": "Partial", "Parent Relationship": "Outer", "Parallel Aware": false, "Async Capable": false, "Startup Cost": 781333.22, "Total Cost": 781333.23, "Plan Rows": 1, "Plan Width": 8, "Plans": [{"Node Type": "Nested Loop", "Parent Relationship": "Outer", "Parallel Aware": false, "Async Capable": false, "Join Type": "Inner", "Startup Cost": 5211.47, "Total Cost": 779010.02, "Plan Rows": 929283, "Plan Width": 0, "Inner Unique": true, "Plans": [{"Node Type": "Nested Loop", "Parent Relationship": "Outer", "Parallel Aware": false, "Async Capable": false, "Join Type": "Inner", "Startup Cost": 5211.04, "Total Cost": 339771.31, "Plan Rows": 929283, "Plan Width": 4, "Inner Unique": false, "Join Filter": "(supplier.s_suppkey = lineitem.l_suppkey)", "Plans": [{"Node Type": "Hash Join", "Parent Relationship": "Outer", "Parallel Aware": false, "Async Capable": false, "Join Type": "Inner", "Startup Cost": 5210.6, "Total Cost": 206547.75, "Plan Rows": 124252, "Plan Width": 16, "Inner Unique": true, "Hash Cond": "(supplier.s_nationkey = nation.n_nationkey)", "Plans": [{"Node Type": "Hash Join", "Parent Relationship": "Outer", "Parallel Aware": true, "Async Capable": false, "Join Type": "Inner", "Startup Cost": 5197.77, "Total Cost": 206153.47, "Plan Rows": 124252, "Plan Width": 20, "Inner Unique": true, "Hash Cond": "(partsupp.ps_suppkey = supplier.s_suppkey)", "Plans": [{"Node Type": "Nested Loop", "Parent Relationship": "Outer", "Parallel Aware": false, "Async Capable": false, "Join Type": "Inner", "Startup Cost": 0.86, "Total Cost": 200630.39, "Plan Rows": 124252, "Plan Width": 12, "Inner Unique": false, "Plans": [{"Node Type": "Index Scan", "Parent Relationship": "Outer", "Parallel Aware": true, "Async Capable": false, "Scan Direction": "Forward", "Index Name": "part_pkey", "Relation Name": "part", "Alias": "part", "Startup Cost": 0.43, "Total Cost": 79193.62, "Plan Rows": 31062, "Plan Width": 4, "Filter": "((p_name)::text ~~ '%black%'::text)"}, {"Node Type": "Index Scan", "Parent Relationship": "Inner", "Parallel Aware": false, "Async Capable": false, "Scan Direction": "Forward", "Index Name": "idx_partsupp_partkey", "Relation Name": "partsupp", "Alias": "partsupp", "Startup Cost": 0.43, "Total Cost": 3.86, "Plan Rows": 5, "Plan Width": 8, "Index Cond": "(ps_partkey = part.p_partkey)"}]}, {"Node Type": "Hash", "Parent Relationship": "Inner", "Parallel Aware": true, "Async Capable": false, "Startup Cost": 4461.61, "Total Cost": 4461.61, "Plan Rows": 58824, "Plan Width": 8, "Plans": [{"Node Type": "Index Scan", "Parent Relationship": "Outer", "Parallel Aware": true, "Async Capable": false, "Scan Direction": "Forward", "Index Name": "supplier_pkey", "Relation Name": "supplier", "Alias": "supplier", "Startup Cost": 0.29, "Total Cost": 4461.61, "Plan Rows": 58824, "Plan Width": 8}]}]}, {"Node Type": "Hash", "Parent Relationship": "Inner", "Parallel Aware": false, "Async Capable": false, "Startup Cost": 12.51, "Total Cost": 12.51, "Plan Rows": 25, "Plan Width": 4, "Plans": [{"Node Type": "Index Scan", "Parent Relationship": "Outer", "Parallel Aware": false, "Async Capable": false, "Scan Direction": "Forward", "Index Name": "nation_pkey", "Relation Name": "nation", "Alias": "nation", "Startup Cost": 0.14, "Total Cost": 12.51, "Plan Rows": 25, "Plan Width": 4}]}]}, {"Node Type": "Index Scan", "Parent Relationship": "Inner", "Parallel Aware": false, "Async Capable": false, "Scan Direction": "Forward", "Index Name": "idx_lineitem_part_supp", "Relation Name": "lineitem", "Alias": "lineitem", "Startup Cost": 0.44, "Total Cost": 1.06, "Plan Rows": 1, "Plan Width": 12, "Index Cond": "((l_partkey = partsupp.ps_partkey) AND (l_suppkey = partsupp.ps_suppkey))"}]}, {"Node Type": "Index Scan", "Parent Relationship": "Inner", "Parallel Aware": false, "Async Capable": false, "Scan Direction": "Forward", "Index Name": "orders_pkey", "Relation Name": "orders", "Alias": "orders", "Startup Cost": 0.43, "Total Cost": 0.47, "Plan Rows": 1, "Plan Width": 4, "Index Cond": "(o_orderkey = lineitem.l_orderkey)"}]}]}]}]}}, {"Plan": {"Node Type": "Aggregate", "Strategy": "Plain", "Partial Mode": "Finalize", "Parallel Aware": false, "Async Capable": false, "Startup Cost": 617560.09, "Total Cost": 617560.1, "Plan Rows": 1, "Plan Width": 8, "Plans": [{"Node Type": "Gather", "Parent Relationship": "Outer", "Parallel Aware": false, "Async Capable": false, "Startup Cost": 617559.47, "Total Cost": 617560.08, "Plan Rows": 6, "Plan Width": 8, "Workers Planned": 6, "Single Copy": false, "Plans": [{"Node Type": "Aggregate", "Strategy": "Plain", "Partial Mode": "Partial", "Parent Relationship": "Outer", "Parallel Aware": false, "Async Capable": false, "Startup Cost": 616559.47, "Total Cost": 616559.48, "Plan Rows": 1, "Plan Width": 8, "Plans": [{"Node Type": "Hash Join", "Parent Relationship": "Outer", "Parallel Aware": true, "Async Capable": false, "Join Type": "Inner", "Startup Cost": 317815.09, "Total Cost": 615010.66, "Plan Rows": 619522, "Plan Width": 0, "Inner Unique": false, "Hash Cond": "(orders.o_orderkey = lineitem.l_orderkey)", "Plans": [{"Node Type": "Seq Scan", "Parent Relationship": "Outer", "Parallel Aware": true, "Async Capable": false, "Relation Name": "orders", "Alias": "orders", "Startup Cost": 0.0, "Total Cost": 286271.83, "Plan Rows": 2499983, "Plan Width": 4}, {"Node Type": "Hash", "Parent Relationship": "Inner", "Parallel Aware": true, "Async Capable": false, "Startup Cost": 306199.06, "Total Cost": 306199.06, "Plan Rows": 929283, "Plan Width": 4, "Plans": [{"Node Type": "Nested Loop", "Parent Relationship": "Outer", "Parallel Aware": false, "Async Capable": false, "Join Type": "Inner", "Startup Cost": 3589.97, "Total Cost": 306199.06, "Plan Rows": 929283, "Plan Width": 4, "Inner Unique": false, "Join Filter": "(supplier.s_suppkey = lineitem.l_suppkey)", "Plans": [{"Node Type": "Hash Join", "Parent Relationship": "Outer", "Parallel Aware": false, "Async Capable": false, "Join Type": "Inner", "Startup Cost": 3589.53, "Total Cost": 172975.49, "Plan Rows": 124252, "Plan Width": 16, "Inner Unique": true, "Hash Cond": "(supplier.s_nationkey = nation.n_nationkey)", "Plans": [{"Node Type": "Hash Join", "Parent Relationship": "Outer", "Parallel Aware": true, "Async Capable": false, "Join Type": "Inner", "Startup Cost": 3587.97, "Total Cost": 172592.48, "Plan Rows": 124252, "Plan Width": 20, "Inner Unique": true, "Hash Cond": "(partsupp.ps_suppkey = supplier.s_suppkey)", "Plans": [{"Node Type": "Nested Loop", "Parent Relationship": "Outer", "Parallel Aware": false, "Async Capable": false, "Join Type": "Inner", "Startup Cost": 0.43, "Total Cost": 168678.77, "Plan Rows": 124252, "Plan Width": 12, "Inner Unique": false, "Plans": [{"Node Type": "Seq Scan", "Parent Relationship": "Outer", "Parallel Aware": true, "Async Capable": false, "Relation Name": "part", "Alias": "part", "Startup Cost": 0.0, "Total Cost": 47242.0, "Plan Rows": 31062, "Plan Width": 4, "Filter": "((p_name)::text ~~ '%black%'::text)"}, {"Node Type": "Index Scan", "Parent Relationship": "Inner", "Parallel Aware": false, "Async Capable": false, "Scan Direction": "Forward", "Index Name": "idx_partsupp_partkey", "Relation Name": "partsupp", "Alias": "partsupp", "Startup Cost": 0.43, "Total Cost": 3.86, "Plan Rows": 5, "Plan Width": 8, "Index Cond": "(ps_partkey = part.p_partkey)"}]}, {"Node Type": "Hash", "Parent Relationship": "Inner", "Parallel Aware": true, "Async Capable": false, "Startup Cost": 2852.24, "Total Cost": 2852.24, "Plan Rows": 58824, "Plan Width": 8, "Plans": [{"Node Type": "Seq Scan", "Parent Relationship": "Outer", "Parallel Aware": true, "Async Capable": false, "Relation Name": "supplier", "Alias": "supplier", "Startup Cost": 0.0, "Total Cost": 2852.24, "Plan Rows": 58824, "Plan Width": 8}]}]}, {"Node Type": "Hash", "Parent Relationship": "Inner", "Parallel Aware": false, "Async Capable": false, "Startup Cost": 1.25, "Total Cost": 1.25, "Plan Rows": 25, "Plan Width": 4, "Plans": [{"Node Type": "Seq Scan", "Parent Relationship": "Outer", "Parallel Aware": false, "Async Capable": false, "Relation Name": "nation", "Alias": "nation", "Startup Cost": 0.0, "Total Cost": 1.25, "Plan Rows": 25, "Plan Width": 4}]}]}, {"Node Type": "Index Scan", "Parent Relationship": "Inner", "Parallel Aware": false, "Async Capable": false, "Scan Direction": "Forward", "Index Name": "idx_lineitem_part_supp", "Relation Name": "lineitem", "Alias": "lineitem", "Startup Cost": 0.44, "Total Cost": 1.06, "Plan Rows": 1, "Plan Width": 12, "Index Cond": "((l_partkey = partsupp.ps_partkey) AND (l_suppkey = partsupp.ps_suppkey))"}]}]}]}]}]}]}}, {"Plan": {"Node Type": "Aggregate", "Strategy": "Plain", "Partial Mode": "Finalize", "Parallel Aware": false, "Async Capable": false, "Startup Cost": 3987846.03, "Total Cost": 3987846.04, "Plan Rows": 1, "Plan Width": 8, "Plans": [{"Node Type": "Gather", "Parent Relationship": "Outer", "Parallel Aware": false, "Async Capable": false, "Startup Cost": 3987845.3, "Total Cost": 3987846.01, "Plan Rows": 7, "Plan Width": 8, "Workers Planned": 7, "Single Copy": false, "Plans": [{"Node Type": "Aggregate", "Strategy": "Plain", "Partial Mode": "Partial", "Parent Relationship": "Outer", "Parallel Aware": false, "Async Capable": false, "Startup Cost": 3986845.3, "Total Cost": 3986845.31, "Plan Rows": 1, "Plan Width": 8, "Plans": [{"Node Type": "Merge Join", "Parent Relationship": "Outer", "Parallel Aware": false, "Async Capable": false, "Join Type": "Inner", "Startup Cost": 3550468.78, "Total Cost": 3985517.75, "Plan Rows": 531019, "Plan Width": 0, "Inner Unique": true, "Merge Cond": "(lineitem.l_orderkey = orders.o_orderkey)", "Plans": [{"Node Type": "Sort", "Parent Relationship": "Outer", "Parallel Aware": false, "Async Capable": false, "Startup Cost": 3550464.9, "Total Cost": 3551792.44, "Plan Rows": 531019, "Plan Width": 4, "Sort Key": ["lineitem.l_orderkey"], "Plans": [{"Node Type": "Merge Join", "Parent Relationship": "Outer", "Parallel Aware": false, "Async Capable": false, "Join Type": "Inner", "Startup Cost": 3422677.33, "Total Cost": 3499969.23, "Plan Rows": 531019, "Plan Width": 4, "Inner Unique": false, "Merge Cond": "(lineitem.l_suppkey = supplier.s_suppkey)", "Plans": [{"Node Type": "Merge Join", "Parent Relationship": "Outer", "Parallel Aware": false, "Async Capable": false, "Join Type": "Inner", "Startup Cost": 3402211.67, "Total Cost": 3470210.18, "Plan Rows": 532389, "Plan Width": 12, "Inner Unique": false, "Merge Cond": "((lineitem.l_suppkey = partsupp.ps_suppkey) AND (lineitem.l_partkey = partsupp.ps_partkey))", "Plans": [{"Node Type": "Sort", "Parent Relationship": "Outer", "Parallel Aware": false, "Async Capable": false, "Startup Cost": 3024185.91, "Total Cost": 3045610.35, "Plan Rows": 8569775, "Plan Width": 12, "Sort Key": ["lineitem.l_suppkey", "lineitem.l_partkey"], "Plans": [{"Node Type": "Index Scan", "Parent Relationship": "Outer", "Parallel Aware": true, "Async Capable": false, "Scan Direction": "Forward", "Index Name": "idx_lineitem_orderkey", "Relation Name": "lineitem", "Alias": "lineitem", "Startup Cost": 0.56, "Total Cost": 1890883.43, "Plan Rows": 8569775, "Plan Width": 12}]}, {"Node Type": "Sort", "Parent Relationship": "Inner", "Parallel Aware": false, "Async Capable": false, "Startup Cost": 378024.48, "Total Cost": 379266.99, "Plan Rows": 497007, "Plan Width": 12, "Sort Key": ["partsupp.ps_suppkey", "part.p_partkey"], "Plans": [{"Node Type": "Merge Join", "Parent Relationship": "Outer", "Parallel Aware": false, "Async Capable": false, "Join Type": "Inner", "Startup Cost": 3.71, "Total Cost": 331000.39, "Plan Rows": 497007, "Plan Width": 12, "Inner Unique": true, "Merge Cond": "(partsupp.ps_partkey = part.p_partkey)", "Plans": [{"Node Type": "Index Only Scan", "Parent Relationship": "Outer", "Parallel Aware": false, "Async Capable": false, "Scan Direction": "Forward", "Index Name": "partsupp_pkey", "Relation Name": "partsupp", "Alias": "partsupp", "Startup Cost": 0.43, "Total Cost": 207781.56, "Plan Rows": 8000246, "Plan Width": 8}, {"Node Type": "Index Scan", "Parent Relationship": "Inner", "Parallel Aware": false, "Async Capable": false, "Scan Direction": "Forward", "Index Name": "part_pkey", "Relation Name": "part", "Alias": "part", "Startup Cost": 0.43, "Total Cost": 97943.62, "Plan Rows": 124248, "Plan Width": 4, "Filter": "((p_name)::text ~~ '%black%'::text)"}]}]}]}, {"Node Type": "Sort", "Parent Relationship": "Inner", "Parallel Aware": false, "Async Capable": false, "Startup Cost": 20464.22, "Total Cost": 20714.22, "Plan Rows": 100000, "Plan Width": 4, "Sort Key": ["supplier.s_suppkey"], "Plans": [{"Node Type": "Merge Join", "Parent Relationship": "Outer", "Parallel Aware": false, "Async Capable": false, "Join Type": "Inner", "Startup Cost": 0.43, "Total Cost": 12159.4, "Plan Rows": 100000, "Plan Width": 4, "Inner Unique": true, "Merge Cond": "(supplier.s_nationkey = nation.n_nationkey)", "Plans": [{"Node Type": "Index Scan", "Parent Relationship": "Outer", "Parallel Aware": false, "Async Capable": false, "Scan Direction": "Forward", "Index Name": "idx_supplier_nation_key", "Relation Name": "supplier", "Alias": "supplier", "Startup Cost": 0.29, "Total Cost": 10896.83, "Plan Rows": 100000, "Plan Width": 8}, {"Node Type": "Index Only Scan", "Parent Relationship": "Inner", "Parallel Aware": false, "Async Capable": false, "Scan Direction": "Forward", "Index Name": "nation_pkey", "Relation Name": "nation", "Alias": "nation", "Startup Cost": 0.14, "Total Cost": 12.51, "Plan Rows": 25, "Plan Width": 4}]}]}]}]}, {"Node Type": "Index Only Scan", "Parent Relationship": "Inner", "Parallel Aware": false, "Async Capable": false, "Scan Direction": "Forward", "Index Name": "orders_pkey", "Relation Name": "orders", "Alias": "orders", "Startup Cost": 0.43, "Total Cost": 389587.92, "Plan Rows": 14999899, "Plan Width": 4}]}]}]}]}}, {"Plan": {"Node Type": "Aggregate", "Strategy": "Plain", "Partial Mode": "Finalize", "Parallel Aware": false, "Async Capable": false, "Startup Cost": 698759.55, "Total Cost": 698759.56, "Plan Rows": 1, "Plan Width": 8, "Plans": [{"Node Type": "Gather", "Parent Relationship": "Outer", "Parallel Aware": false, "Async Capable": false, "Startup Cost": 698759.13, "Total Cost": 698759.54, "Plan Rows": 4, "Plan Width": 8, "Workers Planned": 4, "Single Copy": false, "Plans": [{"Node Type": "Aggregate", "Strategy": "Plain", "Partial Mode": "Partial", "Parent Relationship": "Outer", "Parallel Aware": false, "Async Capable": false, "Startup Cost": 697759.13, "Total Cost": 697759.14, "Plan Rows": 1, "Plan Width": 8, "Plans": [{"Node Type": "Nested Loop", "Parent Relationship": "Outer", "Parallel Aware": false, "Async Capable": false, "Join Type": "Inner", "Startup Cost": 129359.58, "Total Cost": 695435.93, "Plan Rows": 929283, "Plan Width": 0, "Inner Unique": true, "Plans": [{"Node Type": "Nested Loop", "Parent Relationship": "Outer", "Parallel Aware": false, "Async Capable": false, "Join Type": "Inner", "Startup Cost": 129359.14, "Total Cost": 272382.88, "Plan Rows": 929283, "Plan Width": 4, "Inner Unique": false, "Join Filter": "(supplier.s_suppkey = lineitem.l_suppkey)", "Plans": [{"Node Type": "Merge Join", "Parent Relationship": "Outer", "Parallel Aware": false, "Async Capable": false, "Join Type": "Inner", "Startup Cost": 129358.7, "Total Cost": 139159.32, "Plan Rows": 124252, "Plan Width": 16, "Inner Unique": false, "Merge Cond": "(partsupp.ps_suppkey = supplier.s_suppkey)", "Plans": [{"Node Type": "Sort", "Parent Relationship": "Outer", "Parallel Aware": false, "Async Capable": false, "Startup Cost": 129358.11, "Total Cost": 129668.74, "Plan Rows": 124252, "Plan Width": 12, "Sort Key": ["partsupp.ps_suppkey"], "Plans": [{"Node Type": "Nested Loop", "Parent Relationship": "Outer", "Parallel Aware": false, "Async Capable": false, "Join Type": "Inner", "Startup Cost": 0.86, "Total Cost": 118844.58, "Plan Rows": 124252, "Plan Width": 12, "Inner Unique": false, "Plans": [{"Node Type": "Index Scan", "Parent Relationship": "Outer", "Parallel Aware": true, "Async Capable": false, "Scan Direction": "Forward", "Index Name": "part_pkey", "Relation Name": "part", "Alias": "part", "Startup Cost": 0.43, "Total Cost": 79193.62, "Plan Rows": 31062, "Plan Width": 4, "Filter": "((p_name)::text ~~ '%black%'::text)"}, {"Node Type": "Index Only Scan", "Parent Relationship": "Inner", "Parallel Aware": false, "Async Capable": false, "Scan Direction": "Forward", "Index Name": "partsupp_pkey", "Relation Name": "partsupp", "Alias": "partsupp", "Startup Cost": 0.43, "Total Cost": 1.23, "Plan Rows": 5, "Plan Width": 8, "Index Cond": "(ps_partkey = part.p_partkey)"}]}]}, {"Node Type": "Materialize", "Parent Relationship": "Inner", "Parallel Aware": false, "Async Capable": false, "Startup Cost": 0.44, "Total Cost": 7572.0, "Plan Rows": 100000, "Plan Width": 4, "Plans": [{"Node Type": "Nested Loop", "Parent Relationship": "Outer", "Parallel Aware": false, "Async Capable": false, "Join Type": "Inner", "Startup Cost": 0.44, "Total Cost": 7322.0, "Plan Rows": 100000, "Plan Width": 4, "Inner Unique": true, "Plans": [{"Node Type": "Index Scan", "Parent Relationship": "Outer", "Parallel Aware": false, "Async Capable": false, "Scan Direction": "Forward", "Index Name": "supplier_pkey", "Relation Name": "supplier", "Alias": "supplier", "Startup Cost": 0.29, "Total Cost": 4873.38, "Plan Rows": 100000, "Plan Width": 8}, {"Node Type": "Memoize", "Parent Relationship": "Inner", "Parallel Aware": false, "Async Capable": false, "Startup Cost": 0.15, "Total Cost": 0.17, "Plan Rows": 1, "Plan Width": 4, "Cache Key": "supplier.s_nationkey", "Cache Mode": "logical", "Plans": [{"Node Type": "Index Only Scan", "Parent Relationship": "Outer", "Parallel Aware": false, "Async Capable": false, "Scan Direction": "Forward", "Index Name": "nation_pkey", "Relation Name": "nation", "Alias": "nation", "Startup Cost": 0.14, "Total Cost": 0.16, "Plan Rows": 1, "Plan Width": 4, "Index Cond": "(n_nationkey = supplier.s_nationkey)"}]}]}]}]}, {"Node Type": "Index Scan", "Parent Relationship": "Inner", "Parallel Aware": false, "Async Capable": false, "Scan Direction": "Forward", "Index Name": "idx_lineitem_part_supp", "Relation Name": "lineitem", "Alias": "lineitem", "Startup Cost": 0.44, "Total Cost": 1.06, "Plan Rows": 1, "Plan Width": 12, "Index Cond": "((l_partkey = partsupp.ps_partkey) AND (l_suppkey = partsupp.ps_suppkey))"}]}, {"Node Type": "Index Only Scan", "Parent Relationship": "Inner", "Parallel Aware": false, "Async Capable": false, "Scan Direction": "Forward", "Index Name": "orders_pkey", "Relation Name": "orders", "Alias": "orders", "Startup Cost": 0.43, "Total Cost": 0.46, "Plan Rows": 1, "Plan Width": 4, "Index Cond": "(o_orderkey = lineitem.l_orderkey)"}]}]}]}]}}, {"Plan": {"Node Type": "Aggregate", "Strategy": "Plain", "Partial Mode": "Finalize", "Parallel Aware": false, "Async Capable": false, "Startup Cost": 673503.38, "Total Cost": 673503.39, "Plan Rows": 1, "Plan Width": 8, "Plans": [{"Node Type": "Gather", "Parent Relationship": "Outer", "Parallel Aware": false, "Async Capable": false, "Startup Cost": 673502.96, "Total Cost": 673503.37, "Plan Rows": 4, "Plan Width": 8, "Workers Planned": 4, "Single Copy": false, "Plans": [{"Node Type": "Aggregate", "Strategy": "Plain", "Partial Mode": "Partial", "Parent Relationship": "Outer", "Parallel Aware": false, "Async Capable": false, "Startup Cost": 672502.96, "Total Cost": 672502.97, "Plan Rows": 1, "Plan Width": 8, "Plans": [{"Node Type": "Nested Loop", "Parent Relationship": "Outer", "Parallel Aware": false, "Async Capable": false, "Join Type": "Inner", "Startup Cost": 111424.83, "Total Cost": 670179.75, "Plan Rows": 929283, "Plan Width": 0, "Inner Unique": true, "Plans": [{"Node Type": "Nested Loop", "Parent Relationship": "Outer", "Parallel Aware": false, "Async Capable": false, "Join Type": "Inner", "Startup Cost": 111424.39, "Total Cost": 247126.7, "Plan Rows": 929283, "Plan Width": 4, "Inner Unique": false, "Join Filter": "(supplier.s_suppkey = lineitem.l_suppkey)", "Plans": [{"Node Type": "Merge Join", "Parent Relationship": "Outer", "Parallel Aware": false, "Async Capable": false, "Join Type": "Inner", "Startup Cost": 111423.95, "Total Cost": 113903.14, "Plan Rows": 124252, "Plan Width": 16, "Inner Unique": false, "Merge Cond": "(partsupp.ps_suppkey = supplier.s_suppkey)", "Plans": [{"Node Type": "Sort", "Parent Relationship": "Outer", "Parallel Aware": false, "Async Capable": false, "Startup Cost": 97406.49, "Total Cost": 97717.12, "Plan Rows": 124252, "Plan Width": 12, "Sort Key": ["partsupp.ps_suppkey"], "Plans": [{"Node Type": "Nested Loop", "Parent Relationship": "Outer", "Parallel Aware": false, "Async Capable": false, "Join Type": "Inner", "Startup Cost": 0.43, "Total Cost": 86892.97, "Plan Rows": 124252, "Plan Width": 12, "Inner Unique": false, "Plans": [{"Node Type": "Seq Scan", "Parent Relationship": "Outer", "Parallel Aware": true, "Async Capable": false, "Relation Name": "part", "Alias": "part", "Startup Cost": 0.0, "Total Cost": 47242.0, "Plan Rows": 31062, "Plan Width": 4, "Filter": "((p_name)::text ~~ '%black%'::text)"}, {"Node Type": "Index Only Scan", "Parent Relationship": "Inner", "Parallel Aware": false, "Async Capable": false, "Scan Direction": "Forward", "Index Name": "partsupp_pkey", "Relation Name": "partsupp", "Alias": "partsupp", "Startup Cost": 0.43, "Total Cost": 1.23, "Plan Rows": 5, "Plan Width": 8, "Index Cond": "(ps_partkey = part.p_partkey)"}]}]}, {"Node Type": "Sort", "Parent Relationship": "Inner", "Parallel Aware": false, "Async Capable": false, "Startup Cost": 14017.45, "Total Cost": 14267.45, "Plan Rows": 100000, "Plan Width": 4, "Sort Key": ["supplier.s_suppkey"], "Plans": [{"Node Type": "Nested Loop", "Parent Relationship": "Outer", "Parallel Aware": false, "Async Capable": false, "Join Type": "Inner", "Startup Cost": 0.15, "Total Cost": 5712.63, "Plan Rows": 100000, "Plan Width": 4, "Inner Unique": true, "Plans": [{"Node Type": "Seq Scan", "Parent Relationship": "Outer", "Parallel Aware": false, "Async Capable": false, "Relation Name": "supplier", "Alias": "supplier", "Startup Cost": 0.0, "Total Cost": 3264.0, "Plan Rows": 100000, "Plan Width": 8}, {"Node Type": "Memoize", "Parent Relationship": "Inner", "Parallel Aware": false, "Async Capable": false, "Startup Cost": 0.15, "Total Cost": 0.17, "Plan Rows": 1, "Plan Width": 4, "Cache Key": "supplier.s_nationkey", "Cache Mode": "logical", "Plans": [{"Node Type": "Index Only Scan", "Parent Relationship": "Outer", "Parallel Aware": false, "Async Capable": false, "Scan Direction": "Forward", "Index Name": "nation_pkey", "Relation Name": "nation", "Alias": "nation", "Startup Cost": 0.14, "Total Cost": 0.16, "Plan Rows": 1, "Plan Width": 4, "Index Cond": "(n_nationkey = supplier.s_nationkey)"}]}]}]}]}, {"Node Type": "Index Scan", "Parent Relationship": "Inner", "Parallel Aware": false, "Async Capable": false, "Scan Direction": "Forward", "Index Name": "idx_lineitem_part_supp", "Relation Name": "lineitem", "Alias": "lineitem", "Startup Cost": 0.44, "Total Cost": 1.06, "Plan Rows": 1, "Plan Width": 12, "Index Cond": "((l_partkey = partsupp.ps_partkey) AND (l_suppkey = partsupp.ps_suppkey))"}]}, {"Node Type": "Index Only Scan", "Parent Relationship": "Inner", "Parallel Aware": false, "Async Capable": false, "Scan Direction": "Forward", "Index Name": "orders_pkey", "Relation Name": "orders", "Alias": "orders", "Startup Cost": 0.43, "Total Cost": 0.46, "Plan Rows": 1, "Plan Width": 4, "Index Cond": "(o_orderkey = lineitem.l_orderkey)"}]}]}]}]}}, {"Plan": {"Node Type": "Aggregate", "Strategy": "Plain", "Partial Mode": "Finalize", "Parallel Aware": false, "Async Capable": false, "Startup Cost": 3295039.79, "Total Cost": 3295039.8, "Plan Rows": 1, "Plan Width": 8, "Plans": [{"Node Type": "Gather", "Parent Relationship": "Outer", "Parallel Aware": false, "Async Capable": false, "Startup Cost": 3295039.06, "Total Cost": 3295039.77, "Plan Rows": 7, "Plan Width": 8, "Workers Planned": 7, "Single Copy": false, "Plans": [{"Node Type": "Aggregate", "Strategy": "Plain", "Partial Mode": "Partial", "Parent Relationship": "Outer", "Parallel Aware": false, "Async Capable": false, "Startup Cost": 3294039.06, "Total Cost": 3294039.07, "Plan Rows": 1, "Plan Width": 8, "Plans": [{"Node Type": "Merge Join", "Parent Relationship": "Outer", "Parallel Aware": false, "Async Capable": false, "Join Type": "Inner", "Startup Cost": 2857662.53, "Total Cost": 3292711.51, "Plan Rows": 531019, "Plan Width": 0, "Inner Unique": true, "Merge Cond": "(lineitem.l_orderkey = orders.o_orderkey)", "Plans": [{"Node Type": "Sort", "Parent Relationship": "Outer", "Parallel Aware": false, "Async Capable": false, "Startup Cost": 2857658.65, "Total Cost": 2858986.2, "Plan Rows": 531019, "Plan Width": 4, "Sort Key": ["lineitem.l_orderkey"], "Plans": [{"Node Type": "Merge Join", "Parent Relationship": "Outer", "Parallel Aware": false, "Async Capable": false, "Join Type": "Inner", "Startup Cost": 2796535.86, "Total Cost": 2807162.98, "Plan Rows": 531019, "Plan Width": 4, "Inner Unique": false, "Merge Cond": "(lineitem.l_suppkey = supplier.s_suppkey)", "Plans": [{"Node Type": "Sort", "Parent Relationship": "Outer", "Parallel Aware": false, "Async Capable": false, "Startup Cost": 2776071.59, "Total Cost": 2777402.56, "Plan Rows": 532389, "Plan Width": 12, "Sort Key": ["lineitem.l_suppkey"], "Plans": [{"Node Type": "Merge Join", "Parent Relationship": "Outer", "Parallel Aware": false, "Async Capable": false, "Join Type": "Inner", "Startup Cost": 2420652.19, "Total Cost": 2725435.75, "Plan Rows": 532389, "Plan Width": 12, "Inner Unique": true, "Merge Cond": "(lineitem.l_partkey = partsupp.ps_partkey)", "Join Filter": "(lineitem.l_suppkey = partsupp.ps_suppkey)", "Plans": [{"Node Type": "Merge Join", "Parent Relationship": "Outer", "Parallel Aware": false, "Async Capable": false, "Join Type": "Inner", "Startup Cost": 2420649.85, "Total Cost": 2469442.34, "Plan Rows": 532389, "Plan Width": 16, "Inner Unique": true, "Merge Cond": "(lineitem.l_partkey = part.p_partkey)", "Plans": [{"Node Type": "Sort", "Parent Relationship": "Outer", "Parallel Aware": false, "Async Capable": false, "Startup Cost": 2344144.23, "Total Cost": 2365568.67, "Plan Rows": 8569775, "Plan Width": 12, "Sort Key": ["lineitem.l_partkey"], "Plans": [{"Node Type": "Seq Scan", "Parent Relationship": "Outer", "Parallel Aware": true, "Async Capable": false, "Relation Name": "lineitem", "Alias": "lineitem", "Startup Cost": 0.0, "Total Cost": 1210841.75, "Plan Rows": 8569775, "Plan Width": 12}]}, {"Node Type": "Sort", "Parent Relationship": "Inner", "Parallel Aware": false, "Async Capable": false, "Startup Cost": 76505.16, "Total Cost": 76815.78, "Plan Rows": 124248, "Plan Width": 4, "Sort Key": ["part.p_partkey"], "Plans": [{"Node Type": "Seq Scan", "Parent Relationship": "Outer", "Parallel Aware": false, "Async Capable": false, "Relation Name": "part", "Alias": "part", "Startup Cost": 0.0, "Total Cost": 65992.0, "Plan Rows": 124248, "Plan Width": 4, "Filter": "((p_name)::text ~~ '%black%'::text)"}]}]}, {"Node Type": "Index Only Scan", "Parent Relationship": "Inner", "Parallel Aware": false, "Async Capable": false, "Scan Direction": "Forward", "Index Name": "partsupp_pkey", "Relation Name": "partsupp", "Alias": "partsupp", "Startup Cost": 0.43, "Total Cost": 207781.56, "Plan Rows": 8000246, "Plan Width": 8}]}]}, {"Node Type": "Sort", "Parent Relationship": "Inner", "Parallel Aware": false, "Async Capable": false, "Startup Cost": 20464.22, "Total Cost": 20714.22, "Plan Rows": 100000, "Plan Width": 4, "Sort Key": ["supplier.s_suppkey"], "Plans": [{"Node Type": "Merge Join", "Parent Relationship": "Outer", "Parallel Aware": false, "Async Capable": false, "Join Type": "Inner", "Startup Cost": 0.43, "Total Cost": 12159.4, "Plan Rows": 100000, "Plan Width": 4, "Inner Unique": true, "Merge Cond": "(supplier.s_nationkey = nation.n_nationkey)", "Plans": [{"Node Type": "Index Scan", "Parent Relationship": "Outer", "Parallel Aware": false, "Async Capable": false, "Scan Direction": "Forward", "Index Name": "idx_supplier_nation_key", "Relation Name": "supplier", "Alias": "supplier", "Startup Cost": 0.29, "Total Cost": 10896.83, "Plan Rows": 100000, "Plan Width": 8}, {"Node Type": "Index Only Scan", "Parent Relationship": "Inner", "Parallel Aware": false, "Async Capable": false, "Scan Direction": "Forward", "Index Name": "nation_pkey", "Relation Name": "nation", "Alias": "nation", "Startup Cost": 0.14, "Total Cost": 12.51, "Plan Rows": 25, "Plan Width": 4}]}]}]}]}, {"Node Type": "Index Only Scan", "Parent Relationship": "Inner", "Parallel Aware": false, "Async Capable": false, "Scan Direction": "Forward", "Index Name": "orders_pkey", "Relation Name": "orders", "Alias": "orders", "Startup Cost": 0.43, "Total Cost": 389587.92, "Plan Rows": 14999899, "Plan Width": 4}]}]}]}]}}, {"Plan": {"Node Type": "Aggregate", "Strategy": "Plain", "Partial Mode": "Finalize", "Parallel Aware": false, "Async Capable": false, "Startup Cost": 715817.37, "Total Cost": 715817.38, "Plan Rows": 1, "Plan Width": 8, "Plans": [{"Node Type": "Gather", "Parent Relationship": "Outer", "Parallel Aware": false, "Async Capable": false, "Startup Cost": 715816.95, "Total Cost": 715817.36, "Plan Rows": 4, "Plan Width": 8, "Workers Planned": 4, "Single Copy": false, "Plans": [{"Node Type": "Aggregate", "Strategy": "Plain", "Partial Mode": "Partial", "Parent Relationship": "Outer", "Parallel Aware": false, "Async Capable": false, "Startup Cost": 714816.95, "Total Cost": 714816.96, "Plan Rows": 1, "Plan Width": 8, "Plans": [{"Node Type": "Nested Loop", "Parent Relationship": "Outer", "Parallel Aware": false, "Async Capable": false, "Join Type": "Inner", "Startup Cost": 2.19, "Total Cost": 712493.75, "Plan Rows": 929283, "Plan Width": 0, "Inner Unique": true, "Plans": [{"Node Type": "Nested Loop", "Parent Relationship": "Outer", "Parallel Aware": false, "Async Capable": false, "Join Type": "Inner", "Startup Cost": 1.75, "Total Cost": 289440.7, "Plan Rows": 929283, "Plan Width": 4, "Inner Unique": false, "Join Filter": "(supplier.s_suppkey = lineitem.l_suppkey)", "Plans": [{"Node Type": "Nested Loop", "Parent Relationship": "Outer", "Parallel Aware": false, "Async Capable": false, "Join Type": "Inner", "Startup Cost": 1.31, "Total Cost": 156217.14, "Plan Rows": 124252, "Plan Width": 16, "Inner Unique": true, "Plans": [{"Node Type": "Nested Loop", "Parent Relationship": "Outer", "Parallel Aware": false, "Async Capable": false, "Join Type": "Inner", "Startup Cost": 1.16, "Total Cost": 153175.64, "Plan Rows": 124252, "Plan Width": 20, "Inner Unique": true, "Plans": [{"Node Type": "Nested Loop", "Parent Relationship": "Outer", "Parallel Aware": false, "Async Capable": false, "Join Type": "Inner", "Startup Cost": 0.86, "Total Cost": 118844.58, "Plan Rows": 124252, "Plan Width": 12, "Inner Unique": false, "Plans": [{"Node Type": "Index Scan", "Parent Relationship": "Outer", "Parallel Aware": true, "Async Capable": false, "Scan Direction": "Forward", "Index Name": "part_pkey", "Relation Name": "part", "Alias": "part", "Startup Cost": 0.43, "Total Cost": 79193.62, "Plan Rows": 31062, "Plan Width": 4, "Filter": "((p_name)::text ~~ '%black%'::text)"}, {"Node Type": "Index Only Scan", "Parent Relationship": "Inner", "Parallel Aware": false, "Async Capable": false, "Scan Direction": "Forward", "Index Name": "partsupp_pkey", "Relation Name": "partsupp", "Alias": "partsupp", "Startup Cost": 0.43, "Total Cost": 1.23, "Plan Rows": 5, "Plan Width": 8, "Index Cond": "(ps_partkey = part.p_partkey)"}]}, {"Node Type": "Memoize", "Parent Relationship": "Inner", "Parallel Aware": false, "Async Capable": false, "Startup Cost": 0.3, "Total Cost": 0.32, "Plan Rows": 1, "Plan Width": 8, "Cache Key": "partsupp.ps_suppkey", "Cache Mode": "logical", "Plans": [{"Node Type": "Index Scan", "Parent Relationship": "Outer", "Parallel Aware": false, "Async Capable": false, "Scan Direction": "Forward", "Index Name": "supplier_pkey", "Relation Name": "supplier", "Alias": "supplier", "Startup Cost": 0.29, "Total Cost": 0.31, "Plan Rows": 1, "Plan Width": 8, "Index Cond": "(s_suppkey = partsupp.ps_suppkey)"}]}]}, {"Node Type": "Memoize", "Parent Relationship": "Inner", "Parallel Aware": false, "Async Capable": false, "Startup Cost": 0.15, "Total Cost": 0.17, "Plan Rows": 1, "Plan Width": 4, "Cache Key": "supplier.s_nationkey", "Cache Mode": "logical", "Plans": [{"Node Type": "Index Only Scan", "Parent Relationship": "Outer", "Parallel Aware": false, "Async Capable": false, "Scan Direction": "Forward", "Index Name": "nation_pkey", "Relation Name": "nation", "Alias": "nation", "Startup Cost": 0.14, "Total Cost": 0.16, "Plan Rows": 1, "Plan Width": 4, "Index Cond": "(n_nationkey = supplier.s_nationkey)"}]}]}, {"Node Type": "Index Scan", "Parent Relationship": "Inner", "Parallel Aware": false, "Async Capable": false, "Scan Direction": "Forward", "Index Name": "idx_lineitem_part_supp", "Relation Name": "lineitem", "Alias": "lineitem", "Startup Cost": 0.44, "Total Cost": 1.06, "Plan Rows": 1, "Plan Width": 12, "Index Cond": "((l_partkey = partsupp.ps_partkey) AND (l_suppkey = partsupp.ps_suppkey))"}]}, {"Node Type": "Index Only Scan", "Parent Relationship": "Inner", "Parallel Aware": false, "Async Capable": false, "Scan Direction": "Forward", "Index Name": "orders_pkey", "Relation Name": "orders", "Alias": "orders", "Startup Cost": 0.43, "Total Cost": 0.46, "Plan Rows": 1, "Plan Width": 4, "Index Cond": "(o_orderkey = lineitem.l_orderkey)"}]}]}]}]}}, {"Plan": {"Node Type": "Aggregate", "Strategy": "Plain", "Partial Mode": "Finalize", "Parallel Aware": false, "Async Capable": false, "Startup Cost": 683865.76, "Total Cost": 683865.77, "Plan Rows": 1, "Plan Width": 8, "Plans": [{"Node Type": "Gather", "Parent Relationship": "Outer", "Parallel Aware": false, "Async Capable": false, "Startup Cost": 683865.34, "Total Cost": 683865.75, "Plan Rows": 4, "Plan Width": 8, "Workers Planned": 4, "Single Copy": false, "Plans": [{"Node Type": "Aggregate", "Strategy": "Plain", "Partial Mode": "Partial", "Parent Relationship": "Outer", "Parallel Aware": false, "Async Capable": false, "Startup Cost": 682865.34, "Total Cost": 682865.35, "Plan Rows": 1, "Plan Width": 8, "Plans": [{"Node Type": "Nested Loop", "Parent Relationship": "Outer", "Parallel Aware": false, "Async Capable": false, "Join Type": "Inner", "Startup Cost": 1.76, "Total Cost": 680542.13, "Plan Rows": 929283, "Plan Width": 0, "Inner Unique": true, "Plans": [{"Node Type": "Nested Loop", "Parent Relationship": "Outer", "Parallel Aware": false, "Async Capable": false, "Join Type": "Inner", "Startup Cost": 1.32, "Total Cost": 257489.08, "Plan Rows": 929283, "Plan Width": 4, "Inner Unique": false, "Join Filter": "(supplier.s_suppkey = lineitem.l_suppkey)", "Plans": [{"Node Type": "Nested Loop", "Parent Relationship": "Outer", "Parallel Aware": false, "Async Capable": false, "Join Type": "Inner", "Startup Cost": 0.88, "Total Cost": 124265.52, "Plan Rows": 124252, "Plan Width": 16, "Inner Unique": true, "Plans": [{"Node Type": "Nested Loop", "Parent Relationship": "Outer", "Parallel Aware": false, "Async Capable": false, "Join Type": "Inner", "Startup Cost": 0.73, "Total Cost": 121224.02, "Plan Rows": 124252, "Plan Width": 20, "Inner Unique": true, "Plans": [{"Node Type": "Nested Loop", "Parent Relationship": "Outer", "Parallel Aware": false, "Async Capable": false, "Join Type": "Inner", "Startup Cost": 0.43, "Total Cost": 86892.97, "Plan Rows": 124252, "Plan Width": 12, "Inner Unique": false, "Plans": [{"Node Type": "Seq Scan", "Parent Relationship": "Outer", "Parallel Aware": true, "Async Capable": false, "Relation Name": "part", "Alias": "part", "Startup Cost": 0.0, "Total Cost": 47242.0, "Plan Rows": 31062, "Plan Width": 4, "Filter": "((p_name)::text ~~ '%black%'::text)"}, {"Node Type": "Index Only Scan", "Parent Relationship": "Inner", "Parallel Aware": false, "Async Capable": false, "Scan Direction": "Forward", "Index Name": "partsupp_pkey", "Relation Name": "partsupp", "Alias": "partsupp", "Startup Cost": 0.43, "Total Cost": 1.23, "Plan Rows": 5, "Plan Width": 8, "Index Cond": "(ps_partkey = part.p_partkey)"}]}, {"Node Type": "Memoize", "Parent Relationship": "Inner", "Parallel Aware": false, "Async Capable": false, "Startup Cost": 0.3, "Total Cost": 0.32, "Plan Rows": 1, "Plan Width": 8, "Cache Key": "partsupp.ps_suppkey", "Cache Mode": "logical", "Plans": [{"Node Type": "Index Scan", "Parent Relationship": "Outer", "Parallel Aware": false, "Async Capable": false, "Scan Direction": "Forward", "Index Name": "supplier_pkey", "Relation Name": "supplier", "Alias": "supplier", "Startup Cost": 0.29, "Total Cost": 0.31, "Plan Rows": 1, "Plan Width": 8, "Index Cond": "(s_suppkey = partsupp.ps_suppkey)"}]}]}, {"Node Type": "Memoize", "Parent Relationship": "Inner", "Parallel Aware": false, "Async Capable": false, "Startup Cost": 0.15, "Total Cost": 0.17, "Plan Rows": 1, "Plan Width": 4, "Cache Key": "supplier.s_nationkey", "Cache Mode": "logical", "Plans": [{"Node Type": "Index Only Scan", "Parent Relationship": "Outer", "Parallel Aware": false, "Async Capable": false, "Scan Direction": "Forward", "Index Name": "nation_pkey", "Relation Name": "nation", "Alias": "nation", "Startup Cost": 0.14, "Total Cost": 0.16, "Plan Rows": 1, "Plan Width": 4, "Index Cond": "(n_nationkey = supplier.s_nationkey)"}]}]}, {"Node Type": "Index Scan", "Parent Relationship": "Inner", "Parallel Aware": false, "Async Capable": false, "Scan Direction": "Forward", "Index Name": "idx_lineitem_part_supp", "Relation Name": "lineitem", "Alias": "lineitem", "Startup Cost": 0.44, "Total Cost": 1.06, "Plan Rows": 1, "Plan Width": 12, "Index Cond": "((l_partkey = partsupp.ps_partkey) AND (l_suppkey = partsupp.ps_suppkey))"}]}, {"Node Type": "Index Only Scan", "Parent Relationship": "Inner", "Parallel Aware": false, "Async Capable": false, "Scan Direction": "Forward", "Index Name": "orders_pkey", "Relation Name": "orders", "Alias": "orders", "Startup Cost": 0.43, "Total Cost": 0.46, "Plan Rows": 1, "Plan Width": 4, "Index Cond": "(o_orderkey = lineitem.l_orderkey)"}]}]}]}]}}, {"Plan": {"Node Type": "Aggregate", "Strategy": "Plain", "Partial Mode": "Simple", "Parallel Aware": false, "Async Capable": false, "Startup Cost": 60015819154.46, "Total Cost": 60015819154.47, "Plan Rows": 1, "Plan Width": 8, "Plans": [{"Node Type": "Merge Join", "Parent Relationship": "Outer", "Parallel Aware": false, "Async Capable": false, "Join Type": "Inner", "Startup Cost": 60000000067.95, "Total Cost": 60015809861.64, "Plan Rows": 3717131, "Plan Width": 0, "Inner Unique": true, "Merge Cond": "((lineitem.l_partkey = partsupp.ps_partkey) AND (supplier.s_suppkey = partsupp.ps_suppkey))", "Plans": [{"Node Type": "Nested Loop", "Parent Relationship": "Outer", "Parallel Aware": false, "Async Capable": false, "Join Type": "Inner", "Startup Cost": 50000000065.44, "Total Cost": 50015543494.07, "Plan Rows": 3717131, "Plan Width": 16, "Inner Unique": true, "Plans": [{"Node Type": "Nested Loop", "Parent Relationship": "Outer", "Parallel Aware": false, "Async Capable": false, "Join Type": "Inner", "Startup Cost": 40000000065.29, "Total Cost": 40015452520.12, "Plan Rows": 3717131, "Plan Width": 20, "Inner Unique": true, "Plans": [{"Node Type": "Nested Loop", "Parent Relationship": "Outer", "Parallel Aware": false, "Async Capable": false, "Join Type": "Inner", "Startup Cost": 30000000064.83, "Total Cost": 30006508517.41, "Plan Rows": 3717131, "Plan Width": 24, "Inner Unique": true, "Plans": [{"Node Type": "Merge Join", "Parent Relationship": "Outer", "Parallel Aware": false, "Async Capable": false, "Join Type": "Inner", "Startup Cost": 20000000064.52, "Total Cost": 20005982960.21, "Plan Rows": 3726721, "Plan Width": 16, "Inner Unique": true, "Merge Cond": "(lineitem.l_partkey = part.p_partkey)", "Plans": [{"Node Type": "Index Scan", "Parent Relationship": "Outer", "Parallel Aware": false, "Async Capable": false, "Scan Direction": "Forward", "Index Name": "idx_lineitem_part_supp", "Relation Name": "lineitem", "Alias": "lineitem", "Startup Cost": 10000000000.44, "Total Cost": 10005697610.8, "Plan Rows": 59988424, "Plan Width": 12}, {"Node Type": "Index Scan", "Parent Relationship": "Inner", "Parallel Aware": false, "Async Capable": false, "Scan Direction": "Forward", "Index Name": "part_pkey", "Relation Name": "part", "Alias": "part", "Startup Cost": 10000000000.43, "Total Cost": 10000097943.62, "Plan Rows": 124248, "Plan Width": 4, "Filter": "((p_name)::text ~~ '%black%'::text)"}]}, {"Node Type": "Memoize", "Parent Relationship": "Inner", "Parallel Aware": false, "Async Capable": false, "Startup Cost": 0.31, "Total Cost": 4.32, "Plan Rows": 1, "Plan Width": 8, "Cache Key": "lineitem.l_suppkey", "Cache Mode": "logical", "Plans": [{"Node Type": "Bitmap Heap Scan", "Parent Relationship": "Outer", "Parallel Aware": false, "Async Capable": false, "Relation Name": "supplier", "Alias": "supplier", "Startup Cost": 0.3, "Total Cost": 4.31, "Plan Rows": 1, "Plan Width": 8, "Recheck Cond": "(s_suppkey = lineitem.l_suppkey)", "Plans": [{"Node Type": "Bitmap Index Scan", "Parent Relationship": "Outer", "Parallel Aware": false, "Async Capable": false, "Index Name": "supplier_pkey", "Startup Cost": 0.0, "Total Cost": 0.3, "Plan Rows": 1, "Plan Width": 0, "Index Cond": "(s_suppkey = lineitem.l_suppkey)"}]}]}]}, {"Node Type": "Memoize", "Parent Relationship": "Inner", "Parallel Aware": false, "Async Capable": false, "Startup Cost": 0.46, "Total Cost": 4.47, "Plan Rows": 1, "Plan Width": 4, "Cache Key": "lineitem.l_orderkey", "Cache Mode": "logical", "Plans": [{"Node Type": "Bitmap Heap Scan", "Parent Relationship": "Outer", "Parallel Aware": false, "Async Capable": false, "Relation Name": "orders", "Alias": "orders", "Startup Cost": 0.45, "Total Cost": 4.46, "Plan Rows": 1, "Plan Width": 4, "Recheck Cond": "(lineitem.l_orderkey = o_orderkey)", "Plans": [{"Node Type": "Bitmap Index Scan", "Parent Relationship": "Outer", "Parallel Aware": false, "Async Capable": false, "Index Name": "orders_pkey", "Startup Cost": 0.0, "Total Cost": 0.45, "Plan Rows": 1, "Plan Width": 0, "Index Cond": "(o_orderkey = lineitem.l_orderkey)"}]}]}]}, {"Node Type": "Memoize", "Parent Relationship": "Inner", "Parallel Aware": false, "Async Capable": false, "Startup Cost": 0.16, "Total Cost": 4.17, "Plan Rows": 1, "Plan Width": 4, "Cache Key": "supplier.s_nationkey", "Cache Mode": "logical", "Plans": [{"Node Type": "Bitmap Heap Scan", "Parent Relationship": "Outer", "Parallel Aware": false, "Async Capable": false, "Relation Name": "nation", "Alias": "nation", "Startup Cost": 0.15, "Total Cost": 4.16, "Plan Rows": 1, "Plan Width": 4, "Recheck Cond": "(supplier.s_nationkey = n_nationkey)", "Plans": [{"Node Type": "Bitmap Index Scan", "Parent Relationship": "Outer", "Parallel Aware": false, "Async Capable": false, "Index Name": "nation_pkey", "Startup Cost": 0.0, "Total Cost": 0.15, "Plan Rows": 1, "Plan Width": 0, "Index Cond": "(n_nationkey = supplier.s_nationkey)"}]}]}]}, {"Node Type": "Index Only Scan", "Parent Relationship": "Inner", "Parallel Aware": false, "Async Capable": false, "Scan Direction": "Forward", "Index Name": "partsupp_pkey", "Relation Name": "partsupp", "Alias": "partsupp", "Startup Cost": 10000000000.43, "Total Cost": 10000207781.56, "Plan Rows": 8000246, "Plan Width": 8}]}]}}, {"Plan": {"Node Type": "Aggregate", "Strategy": "Plain", "Partial Mode": "Finalize", "Parallel Aware": false, "Async Capable": false, "Startup Cost": 3501960.95, "Total Cost": 3501960.96, "Plan Rows": 1, "Plan Width": 8, "Plans": [{"Node Type": "Gather", "Parent Relationship": "Outer", "Parallel Aware": false, "Async Capable": false, "Startup Cost": 3501960.53, "Total Cost": 3501960.94, "Plan Rows": 4, "Plan Width": 8, "Workers Planned": 4, "Single Copy": false, "Plans": [{"Node Type": "Aggregate", "Strategy": "Plain", "Partial Mode": "Partial", "Parent Relationship": "Outer", "Parallel Aware": false, "Async Capable": false, "Startup Cost": 3500960.53, "Total Cost": 3500960.54, "Plan Rows": 1, "Plan Width": 8, "Plans": [{"Node Type": "Merge Join", "Parent Relationship": "Outer", "Parallel Aware": false, "Async Capable": false, "Join Type": "Inner", "Startup Cost": 3409699.35, "Total Cost": 3498637.32, "Plan Rows": 929283, "Plan Width": 0, "Inner Unique": true, "Merge Cond": "(lineitem.l_orderkey = orders.o_orderkey)", "Plans": [{"Node Type": "Sort", "Parent Relationship": "Outer", "Parallel Aware": false, "Async Capable": false, "Startup Cost": 1005477.09, "Total Cost": 1007800.3, "Plan Rows": 929283, "Plan Width": 4, "Sort Key": ["lineitem.l_orderkey"], "Plans": [{"Node Type": "Nested Loop", "Parent Relationship": "Outer", "Parallel Aware": false, "Async Capable": false, "Join Type": "Inner", "Startup Cost": 349894.35, "Total Cost": 913358.39, "Plan Rows": 929283, "Plan Width": 4, "Inner Unique": false, "Join Filter": "(supplier.s_suppkey = lineitem.l_suppkey)", "Plans": [{"Node Type": "Merge Join", "Parent Relationship": "Outer", "Parallel Aware": false, "Async Capable": false, "Join Type": "Inner", "Startup Cost": 349893.86, "Total Cost": 352373.05, "Plan Rows": 124252, "Plan Width": 16, "Inner Unique": false, "Merge Cond": "(partsupp.ps_suppkey = supplier.s_suppkey)", "Plans": [{"Node Type": "Sort", "Parent Relationship": "Outer", "Parallel Aware": false, "Async Capable": false, "Startup Cost": 335776.02, "Total Cost": 336086.65, "Plan Rows": 124252, "Plan Width": 12, "Sort Key": ["partsupp.ps_suppkey"], "Plans": [{"Node Type": "Nested Loop", "Parent Relationship": "Outer", "Parallel Aware": false, "Async Capable": false, "Join Type": "Inner", "Startup Cost": 0.86, "Total Cost": 325262.49, "Plan Rows": 124252, "Plan Width": 12, "Inner Unique": false, "Plans": [{"Node Type": "Seq Scan", "Parent Relationship": "Outer", "Parallel Aware": true, "Async Capable": false, "Relation Name": "part", "Alias": "part", "Startup Cost": 0.0, "Total Cost": 47242.0, "Plan Rows": 31062, "Plan Width": 4, "Filter": "((p_name)::text ~~ '%black%'::text)"}, {"Node Type": "Bitmap Heap Scan", "Parent Relationship": "Inner", "Parallel Aware": false, "Async Capable": false, "Relation Name": "partsupp", "Alias": "partsupp", "Startup Cost": 0.86, "Total Cost": 8.9, "Plan Rows": 5, "Plan Width": 8, "Recheck Cond": "(part.p_partkey = ps_partkey)", "Plans": [{"Node Type": "Bitmap Index Scan", "Parent Relationship": "Outer", "Parallel Aware": false, "Async Capable": false, "Index Name": "idx_partsupp_partkey", "Startup Cost": 0.0, "Total Cost": 0.86, "Plan Rows": 5, "Plan Width": 0, "Index Cond": "(ps_partkey = part.p_partkey)"}]}]}]}, {"Node Type": "Sort", "Parent Relationship": "Inner", "Parallel Aware": false, "Async Capable": false, "Startup Cost": 14117.83, "Total Cost": 14367.83, "Plan Rows": 100000, "Plan Width": 4, "Sort Key": ["supplier.s_suppkey"], "Plans": [{"Node Type": "Nested Loop", "Parent Relationship": "Outer", "Parallel Aware": false, "Async Capable": false, "Join Type": "Inner", "Startup Cost": 0.16, "Total Cost": 5813.01, "Plan Rows": 100000, "Plan Width": 4, "Inner Unique": true, "Plans": [{"Node Type": "Seq Scan", "Parent Relationship": "Outer", "Parallel Aware": false, "Async Capable": false, "Relation Name": "supplier", "Alias": "supplier", "Startup Cost": 0.0, "Total Cost": 3264.0, "Plan Rows": 100000, "Plan Width": 8}, {"Node Type": "Memoize", "Parent Relationship": "Inner", "Parallel Aware": false, "Async Capable": false, "Startup Cost": 0.16, "Total Cost": 4.17, "Plan Rows": 1, "Plan Width": 4, "Cache Key": "supplier.s_nationkey", "Cache Mode": "logical", "Plans": [{"Node Type": "Bitmap Heap Scan", "Parent Relationship": "Outer", "Parallel Aware": false, "Async Capable": false, "Relation Name": "nation", "Alias": "nation", "Startup Cost": 0.15, "Total Cost": 4.16, "Plan Rows": 1, "Plan Width": 4, "Recheck Cond": "(supplier.s_nationkey = n_nationkey)", "Plans": [{"Node Type": "Bitmap Index Scan", "Parent Relationship": "Outer", "Parallel Aware": false, "Async Capable": false, "Index Name": "nation_pkey", "Startup Cost": 0.0, "Total Cost": 0.15, "Plan Rows": 1, "Plan Width": 0, "Index Cond": "(n_nationkey = supplier.s_nationkey)"}]}]}]}]}]}, {"Node Type": "Bitmap Heap Scan", "Parent Relationship": "Inner", "Parallel Aware": false, "Async Capable": false, "Relation Name": "lineitem", "Alias": "lineitem", "Startup Cost": 0.49, "Total Cost": 4.5, "Plan Rows": 1, "Plan Width": 12, "Recheck Cond": "((l_partkey = partsupp.ps_partkey) AND (l_suppkey = partsupp.ps_suppkey))", "Plans": [{"Node Type": "Bitmap Index Scan", "Parent Relationship": "Outer", "Parallel Aware": false, "Async Capable": false, "Index Name": "idx_lineitem_part_supp", "Startup Cost": 0.0, "Total Cost": 0.49, "Plan Rows": 1, "Plan Width": 0, "Index Cond": "((l_partkey = partsupp.ps_partkey) AND (l_suppkey = partsupp.ps_suppkey))"}]}]}]}, {"Node Type": "Sort", "Parent Relationship": "Inner", "Parallel Aware": false, "Async Capable": false, "Startup Cost": 2404221.66, "Total Cost": 2441721.41, "Plan Rows": 14999899, "Plan Width": 4, "Sort Key": ["orders.o_orderkey"], "Plans": [{"Node Type": "Seq Scan", "Parent Relationship": "Outer", "Parallel Aware": false, "Async Capable": false, "Relation Name": "orders", "Alias": "orders", "Startup Cost": 0.0, "Total Cost": 411270.99, "Plan Rows": 14999899, "Plan Width": 4}]}]}]}]}]}}, {"Plan": {"Node Type": "Aggregate", "Strategy": "Plain", "Partial Mode": "Finalize", "Parallel Aware": false, "Async Capable": false, "Startup Cost": 6436483.55, "Total Cost": 6436483.56, "Plan Rows": 1, "Plan Width": 8, "Plans": [{"Node Type": "Gather", "Parent Relationship": "Outer", "Parallel Aware": false, "Async Capable": false, "Startup Cost": 6436482.82, "Total Cost": 6436483.53, "Plan Rows": 7, "Plan Width": 8, "Workers Planned": 7, "Single Copy": false, "Plans": [{"Node Type": "Aggregate", "Strategy": "Plain", "Partial Mode": "Partial", "Parent Relationship": "Outer", "Parallel Aware": false, "Async Capable": false, "Startup Cost": 6435482.82, "Total Cost": 6435482.83, "Plan Rows": 1, "Plan Width": 8, "Plans": [{"Node Type": "Merge Join", "Parent Relationship": "Outer", "Parallel Aware": false, "Async Capable": false, "Join Type": "Inner", "Startup Cost": 6351191.2, "Total Cost": 6434155.28, "Plan Rows": 531019, "Plan Width": 0, "Inner Unique": true, "Merge Cond": "(lineitem.l_orderkey = orders.o_orderkey)", "Plans": [{"Node Type": "Sort", "Parent Relationship": "Outer", "Parallel Aware": false, "Async Capable": false, "Startup Cost": 3946968.93, "Total Cost": 3948296.48, "Plan Rows": 531019, "Plan Width": 4, "Sort Key": ["lineitem.l_orderkey"], "Plans": [{"Node Type": "Merge Join", "Parent Relationship": "Outer", "Parallel Aware": false, "Async Capable": false, "Join Type": "Inner", "Startup Cost": 3823184.89, "Total Cost": 3896473.26, "Plan Rows": 531019, "Plan Width": 4, "Inner Unique": false, "Merge Cond": "(lineitem.l_suppkey = supplier.s_suppkey)", "Plans": [{"Node Type": "Merge Join", "Parent Relationship": "Outer", "Parallel Aware": false, "Async Capable": false, "Join Type": "Inner", "Startup Cost": 3801807.95, "Total Cost": 3865802.76, "Plan Rows": 532389, "Plan Width": 12, "Inner Unique": true, "Merge Cond": "((lineitem.l_suppkey = partsupp.ps_suppkey) AND (lineitem.l_partkey = partsupp.ps_partkey))", "Plans": [{"Node Type": "Sort", "Parent Relationship": "Outer", "Parallel Aware": false, "Async Capable": false, "Startup Cost": 2520078.18, "Total Cost": 2521409.16, "Plan Rows": 532389, "Plan Width": 16, "Sort Key": ["lineitem.l_suppkey", "part.p_partkey"], "Plans": [{"Node Type": "Merge Join", "Parent Relationship": "Outer", "Parallel Aware": false, "Async Capable": false, "Join Type": "Inner", "Startup Cost": 2420649.85, "Total Cost": 2469442.34, "Plan Rows": 532389, "Plan Width": 16, "Inner Unique": true, "Merge Cond": "(lineitem.l_partkey = part.p_partkey)", "Plans": [{"Node Type": "Sort", "Parent Relationship": "Outer", "Parallel Aware": false, "Async Capable": false, "Startup Cost": 2344144.23, "Total Cost": 2365568.67, "Plan Rows": 8569775, "Plan Width": 12, "Sort Key": ["lineitem.l_partkey"], "Plans": [{"Node Type": "Seq Scan", "Parent Relationship": "Outer", "Parallel Aware": true, "Async Capable": false, "Relation Name": "lineitem", "Alias": "lineitem", "Startup Cost": 0.0, "Total Cost": 1210841.75, "Plan Rows": 8569775, "Plan Width": 12}]}, {"Node Type": "Sort", "Parent Relationship": "Inner", "Parallel Aware": false, "Async Capable": false, "Startup Cost": 76505.16, "Total Cost": 76815.78, "Plan Rows": 124248, "Plan Width": 4, "Sort Key": ["part.p_partkey"], "Plans": [{"Node Type": "Seq Scan", "Parent Relationship": "Outer", "Parallel Aware": false, "Async Capable": false, "Relation Name": "part", "Alias": "part", "Startup Cost": 0.0, "Total Cost": 65992.0, "Plan Rows": 124248, "Plan Width": 4, "Filter": "((p_name)::text ~~ '%black%'::text)"}]}]}]}, {"Node Type": "Sort", "Parent Relationship": "Inner", "Parallel Aware": false, "Async Capable": false, "Startup Cost": 1281729.68, "Total Cost": 1301730.3, "Plan Rows": 8000246, "Plan Width": 8, "Sort Key": ["partsupp.ps_suppkey", "partsupp.ps_partkey"], "Plans": [{"Node Type": "Seq Scan", "Parent Relationship": "Outer", "Parallel Aware": false, "Async Capable": false, "Relation Name": "partsupp", "Alias": "partsupp", "Startup Cost": 0.0, "Total Cost": 255058.46, "Plan Rows": 8000246, "Plan Width": 8}]}]}, {"Node Type": "Sort", "Parent Relationship": "Inner", "Parallel Aware": false, "Async Capable": false, "Startup Cost": 21375.6, "Total Cost": 21625.6, "Plan Rows": 100000, "Plan Width": 4, "Sort Key": ["supplier.s_suppkey"], "Plans": [{"Node Type": "Merge Join", "Parent Relationship": "Outer", "Parallel Aware": false, "Async Capable": false, "Join Type": "Inner", "Startup Cost": 11570.65, "Total Cost": 13070.78, "Plan Rows": 100000, "Plan Width": 4, "Inner Unique": true, "Merge Cond": "(supplier.s_nationkey = nation.n_nationkey)", "Plans": [{"Node Type": "Sort", "Parent Relationship": "Outer", "Parallel Aware": false, "Async Capable": false, "Startup Cost": 11568.82, "Total Cost": 11818.82, "Plan Rows": 100000, "Plan Width": 8, "Sort Key": ["supplier.s_nationkey"], "Plans": [{"Node Type": "Seq Scan", "Parent Relationship": "Outer", "Parallel Aware": false, "Async Capable": false, "Relation Name": "supplier", "Alias": "supplier", "Startup Cost": 0.0, "Total Cost": 3264.0, "Plan Rows": 100000, "Plan Width": 8}]}, {"Node Type": "Sort", "Parent Relationship": "Inner", "Parallel Aware": false, "Async Capable": false, "Startup Cost": 1.83, "Total Cost": 1.89, "Plan Rows": 25, "Plan Width": 4, "Sort Key": ["nation.n_nationkey"], "Plans": [{"Node Type": "Seq Scan", "Parent Relationship": "Outer", "Parallel Aware": false, "Async Capable": false, "Relation Name": "nation", "Alias": "nation", "Startup Cost": 0.0, "Total Cost": 1.25, "Plan Rows": 25, "Plan Width": 4}]}]}]}]}]}, {"Node Type": "Sort", "Parent Relationship": "Inner", "Parallel Aware": false, "Async Capable": false, "Startup Cost": 2404221.66, "Total Cost": 2441721.41, "Plan Rows": 14999899, "Plan Width": 4, "Sort Key": ["orders.o_orderkey"], "Plans": [{"Node Type": "Seq Scan", "Parent Relationship": "Outer", "Parallel Aware": false, "Async Capable": false, "Relation Name": "orders", "Alias": "orders", "Startup Cost": 0.0, "Total Cost": 411270.99, "Plan Rows": 14999899, "Plan Width": 4}]}]}]}]}]}}, {"Plan": {"Node Type": "Aggregate", "Strategy": "Plain", "Partial Mode": "Finalize", "Parallel Aware": false, "Async Capable": false, "Startup Cost": 5471196.99, "Total Cost": 5471197.0, "Plan Rows": 1, "Plan Width": 8, "Plans": [{"Node Type": "Gather", "Parent Relationship": "Outer", "Parallel Aware": false, "Async Capable": false, "Startup Cost": 5471196.57, "Total Cost": 5471196.98, "Plan Rows": 4, "Plan Width": 8, "Workers Planned": 4, "Single Copy": false, "Plans": [{"Node Type": "Aggregate", "Strategy": "Plain", "Partial Mode": "Partial", "Parent Relationship": "Outer", "Parallel Aware": false, "Async Capable": false, "Startup Cost": 5470196.57, "Total Cost": 5470196.58, "Plan Rows": 1, "Plan Width": 8, "Plans": [{"Node Type": "Nested Loop", "Parent Relationship": "Outer", "Parallel Aware": false, "Async Capable": false, "Join Type": "Inner", "Startup Cost": 2.26, "Total Cost": 5467873.36, "Plan Rows": 929283, "Plan Width": 0, "Inner Unique": true, "Plans": [{"Node Type": "Nested Loop", "Parent Relationship": "Outer", "Parallel Aware": false, "Async Capable": false, "Join Type": "Inner", "Startup Cost": 1.81, "Total Cost": 1325136.62, "Plan Rows": 929283, "Plan Width": 4, "Inner Unique": false, "Join Filter": "(supplier.s_suppkey = lineitem.l_suppkey)", "Plans": [{"Node Type": "Nested Loop", "Parent Relationship": "Outer", "Parallel Aware": false, "Async Capable": false, "Join Type": "Inner", "Startup Cost": 1.32, "Total Cost": 764151.29, "Plan Rows": 124252, "Plan Width": 16, "Inner Unique": true, "Plans": [{"Node Type": "Nested Loop", "Parent Relationship": "Outer", "Parallel Aware": false, "Async Capable": false, "Join Type": "Inner", "Startup Cost": 1.17, "Total Cost": 761009.41, "Plan Rows": 124252, "Plan Width": 20, "Inner Unique": true, "Plans": [{"Node Type": "Nested Loop", "Parent Relationship": "Outer", "Parallel Aware": false, "Async Capable": false, "Join Type": "Inner", "Startup Cost": 0.86, "Total Cost": 325262.49, "Plan Rows": 124252, "Plan Width": 12, "Inner Unique": false, "Plans": [{"Node Type": "Seq Scan", "Parent Relationship": "Outer", "Parallel Aware": true, "Async Capable": false, "Relation Name": "part", "Alias": "part", "Startup Cost": 0.0, "Total Cost": 47242.0, "Plan Rows": 31062, "Plan Width": 4, "Filter": "((p_name)::text ~~ '%black%'::text)"}, {"Node Type": "Bitmap Heap Scan", "Parent Relationship": "Inner", "Parallel Aware": false, "Async Capable": false, "Relation Name": "partsupp", "Alias": "partsupp", "Startup Cost": 0.86, "Total Cost": 8.9, "Plan Rows": 5, "Plan Width": 8, "Recheck Cond": "(part.p_partkey = ps_partkey)", "Plans": [{"Node Type": "Bitmap Index Scan", "Parent Relationship": "Outer", "Parallel Aware": false, "Async Capable": false, "Index Name": "idx_partsupp_partkey", "Startup Cost": 0.0, "Total Cost": 0.86, "Plan Rows": 5, "Plan Width": 0, "Index Cond": "(ps_partkey = part.p_partkey)"}]}]}, {"Node Type": "Memoize", "Parent Relationship": "Inner", "Parallel Aware": false, "Async Capable": false, "Startup Cost": 0.31, "Total Cost": 4.32, "Plan Rows": 1, "Plan Width": 8, "Cache Key": "partsupp.ps_suppkey", "Cache Mode": "logical", "Plans": [{"Node Type": "Bitmap Heap Scan", "Parent Relationship": "Outer", "Parallel Aware": false, "Async Capable": false, "Relation Name": "supplier", "Alias": "supplier", "Startup Cost": 0.3, "Total Cost": 4.31, "Plan Rows": 1, "Plan Width": 8, "Recheck Cond": "(s_suppkey = partsupp.ps_suppkey)", "Plans": [{"Node Type": "Bitmap Index Scan", "Parent Relationship": "Outer", "Parallel Aware": false, "Async Capable": false, "Index Name": "supplier_pkey", "Startup Cost": 0.0, "Total Cost": 0.3, "Plan Rows": 1, "Plan Width": 0, "Index Cond": "(s_suppkey = partsupp.ps_suppkey)"}]}]}]}, {"Node Type": "Memoize", "Parent Relationship": "Inner", "Parallel Aware": false, "Async Capable": false, "Startup Cost": 0.16, "Total Cost": 4.17, "Plan Rows": 1, "Plan Width": 4, "Cache Key": "supplier.s_nationkey", "Cache Mode": "logical", "Plans": [{"Node Type": "Bitmap Heap Scan", "Parent Relationship": "Outer", "Parallel Aware": false, "Async Capable": false, "Relation Name": "nation", "Alias": "nation", "Startup Cost": 0.15, "Total Cost": 4.16, "Plan Rows": 1, "Plan Width": 4, "Recheck Cond": "(supplier.s_nationkey = n_nationkey)", "Plans": [{"Node Type": "Bitmap Index Scan", "Parent Relationship": "Outer", "Parallel Aware": false, "Async Capable": false, "Index Name": "nation_pkey", "Startup Cost": 0.0, "Total Cost": 0.15, "Plan Rows": 1, "Plan Width": 0, "Index Cond": "(n_nationkey = supplier.s_nationkey)"}]}]}]}, {"Node Type": "Bitmap Heap Scan", "Parent Relationship": "Inner", "Parallel Aware": false, "Async Capable": false, "Relation Name": "lineitem", "Alias": "lineitem", "Startup Cost": 0.49, "Total Cost": 4.5, "Plan Rows": 1, "Plan Width": 12, "Recheck Cond": "((l_partkey = partsupp.ps_partkey) AND (l_suppkey = partsupp.ps_suppkey))", "Plans": [{"Node Type": "Bitmap Index Scan", "Parent Relationship": "Outer", "Parallel Aware": false, "Async Capable": false, "Index Name": "idx_lineitem_part_supp", "Startup Cost": 0.0, "Total Cost": 0.49, "Plan Rows": 1, "Plan Width": 0, "Index Cond": "((l_partkey = partsupp.ps_partkey) AND (l_suppkey = partsupp.ps_suppkey))"}]}]}, {"Node Type": "Bitmap Heap Scan", "Parent Relationship": "Inner", "Parallel Aware": false, "Async Capable": false, "Relation Name": "orders", "Alias": "orders", "Startup Cost": 0.45, "Total Cost": 4.46, "Plan Rows": 1, "Plan Width": 4, "Recheck Cond": "(lineitem.l_orderkey = o_orderkey)", "Plans": [{"Node Type": "Bitmap Index Scan", "Parent Relationship": "Outer", "Parallel Aware": false, "Async Capable": false, "Index Name": "orders_pkey", "Startup Cost": 0.0, "Total Cost": 0.45, "Plan Rows": 1, "Plan Width": 0, "Index Cond": "(o_orderkey = lineitem.l_orderkey)"}]}]}]}]}]}}, {"Plan": {"Node Type": "Aggregate", "Strategy": "Plain", "Partial Mode": "Finalize", "Parallel Aware": false, "Async Capable": false, "Startup Cost": 4384449.98, "Total Cost": 4384449.99, "Plan Rows": 1, "Plan Width": 8, "Plans": [{"Node Type": "Gather", "Parent Relationship": "Outer", "Parallel Aware": false, "Async Capable": false, "Startup Cost": 4384449.26, "Total Cost": 4384449.97, "Plan Rows": 7, "Plan Width": 8, "Workers Planned": 7, "Single Copy": false, "Plans": [{"Node Type": "Aggregate", "Strategy": "Plain", "Partial Mode": "Partial", "Parent Relationship": "Outer", "Parallel Aware": false, "Async Capable": false, "Startup Cost": 4383449.26, "Total Cost": 4383449.27, "Plan Rows": 1, "Plan Width": 8, "Plans": [{"Node Type": "Merge Join", "Parent Relationship": "Outer", "Parallel Aware": false, "Async Capable": false, "Join Type": "Inner", "Startup Cost": 3685864.75, "Total Cost": 4382121.71, "Plan Rows": 531019, "Plan Width": 0, "Inner Unique": true, "Merge Cond": "(lineitem.l_orderkey = orders.o_orderkey)", "Plans": [{"Node Type": "Sort", "Parent Relationship": "Outer", "Parallel Aware": false, "Async Capable": false, "Startup Cost": 3685858.76, "Total Cost": 3687186.31, "Plan Rows": 531019, "Plan Width": 4, "Sort Key": ["lineitem.l_orderkey"], "Plans": [{"Node Type": "Merge Join", "Parent Relationship": "Outer", "Parallel Aware": false, "Async Capable": false, "Join Type": "Inner", "Startup Cost": 3558071.19, "Total Cost": 3635363.09, "Plan Rows": 531019, "Plan Width": 4, "Inner Unique": false, "Merge Cond": "(lineitem.l_suppkey = supplier.s_suppkey)", "Plans": [{"Node Type": "Merge Join", "Parent Relationship": "Outer", "Parallel Aware": false, "Async Capable": false, "Join Type": "Inner", "Startup Cost": 3537605.53, "Total Cost": 3605604.04, "Plan Rows": 532389, "Plan Width": 12, "Inner Unique": false, "Merge Cond": "((lineitem.l_suppkey = partsupp.ps_suppkey) AND (lineitem.l_partkey = partsupp.ps_partkey))", "Plans": [{"Node Type": "Sort", "Parent Relationship": "Outer", "Parallel Aware": false, "Async Capable": false, "Startup Cost": 3024185.91, "Total Cost": 3045610.35, "Plan Rows": 8569775, "Plan Width": 12, "Sort Key": ["lineitem.l_suppkey", "lineitem.l_partkey"], "Plans": [{"Node Type": "Index Scan", "Parent Relationship": "Outer", "Parallel Aware": true, "Async Capable": false, "Scan Direction": "Forward", "Index Name": "idx_lineitem_orderkey", "Relation Name": "lineitem", "Alias": "lineitem", "Startup Cost": 0.56, "Total Cost": 1890883.43, "Plan Rows": 8569775, "Plan Width": 12}]}, {"Node Type": "Sort", "Parent Relationship": "Inner", "Parallel Aware": false, "Async Capable": false, "Startup Cost": 513418.34, "Total Cost": 514660.85, "Plan Rows": 497007, "Plan Width": 12, "Sort Key": ["partsupp.ps_suppkey", "part.p_partkey"], "Plans": [{"Node Type": "Merge Join", "Parent Relationship": "Outer", "Parallel Aware": false, "Async Capable": false, "Join Type": "Inner", "Startup Cost": 5.4, "Total Cost": 466394.25, "Plan Rows": 497007, "Plan Width": 12, "Inner Unique": false, "Merge Cond": "(part.p_partkey = partsupp.ps_partkey)", "Plans": [{"Node Type": "Index Scan", "Parent Relationship": "Outer", "Parallel Aware": false, "Async Capable": false, "Scan Direction": "Forward", "Index Name": "part_pkey", "Relation Name": "part", "Alias": "part", "Startup Cost": 0.43, "Total Cost": 97943.62, "Plan Rows": 124248, "Plan Width": 4, "Filter": "((p_name)::text ~~ '%black%'::text)"}, {"Node Type": "Index Scan", "Parent Relationship": "Inner", "Parallel Aware": false, "Async Capable": false, "Scan Direction": "Forward", "Index Name": "idx_partsupp_partkey", "Relation Name": "partsupp", "Alias": "partsupp", "Startup Cost": 0.43, "Total Cost": 343179.04, "Plan Rows": 8000246, "Plan Width": 8}]}]}]}, {"Node Type": "Sort", "Parent Relationship": "Inner", "Parallel Aware": false, "Async Capable": false, "Startup Cost": 20464.22, "Total Cost": 20714.22, "Plan Rows": 100000, "Plan Width": 4, "Sort Key": ["supplier.s_suppkey"], "Plans": [{"Node Type": "Merge Join", "Parent Relationship": "Outer", "Parallel Aware": false, "Async Capable": false, "Join Type": "Inner", "Startup Cost": 0.43, "Total Cost": 12159.4, "Plan Rows": 100000, "Plan Width": 4, "Inner Unique": true, "Merge Cond": "(supplier.s_nationkey = nation.n_nationkey)", "Plans": [{"Node Type": "Index Scan", "Parent Relationship": "Outer", "Parallel Aware": false, "Async Capable": false, "Scan Direction": "Forward", "Index Name": "idx_supplier_nation_key", "Relation Name": "supplier", "Alias": "supplier", "Startup Cost": 0.29, "Total Cost": 10896.83, "Plan Rows": 100000, "Plan Width": 8}, {"Node Type": "Index Scan", "Parent Relationship": "Inner", "Parallel Aware": false, "Async Capable": false, "Scan Direction": "Forward", "Index Name": "nation_pkey", "Relation Name": "nation", "Alias": "nation", "Startup Cost": 0.14, "Total Cost": 12.51, "Plan Rows": 25, "Plan Width": 4}]}]}]}]}, {"Node Type": "Index Scan", "Parent Relationship": "Inner", "Parallel Aware": false, "Async Capable": false, "Scan Direction": "Forward", "Index Name": "orders_pkey", "Relation Name": "orders", "Alias": "orders", "Startup Cost": 0.43, "Total Cost": 650798.01, "Plan Rows": 14999899, "Plan Width": 4}]}]}]}]}}, {"Plan": {"Node Type": "Aggregate", "Strategy": "Plain", "Partial Mode": "Finalize", "Parallel Aware": false, "Async Capable": false, "Startup Cost": 796731.02, "Total Cost": 796731.03, "Plan Rows": 1, "Plan Width": 8, "Plans": [{"Node Type": "Gather", "Parent Relationship": "Outer", "Parallel Aware": false, "Async Capable": false, "Startup Cost": 796730.6, "Total Cost": 796731.01, "Plan Rows": 4, "Plan Width": 8, "Workers Planned": 4, "Single Copy": false, "Plans": [{"Node Type": "Aggregate", "Strategy": "Plain", "Partial Mode": "Partial", "Parent Relationship": "Outer", "Parallel Aware": false, "Async Capable": false, "Startup Cost": 795730.6, "Total Cost": 795730.61, "Plan Rows": 1, "Plan Width": 8, "Plans": [{"Node Type": "Nested Loop", "Parent Relationship": "Outer", "Parallel Aware": false, "Async Capable": false, "Join Type": "Inner", "Startup Cost": 211145.38, "Total Cost": 793407.39, "Plan Rows": 929283, "Plan Width": 0, "Inner Unique": true, "Plans": [{"Node Type": "Nested Loop", "Parent Relationship": "Outer", "Parallel Aware": false, "Async Capable": false, "Join Type": "Inner", "Startup Cost": 211144.95, "Total Cost": 354168.68, "Plan Rows": 929283, "Plan Width": 4, "Inner Unique": false, "Join Filter": "(supplier.s_suppkey = lineitem.l_suppkey)", "Plans": [{"Node Type": "Merge Join", "Parent Relationship": "Outer", "Parallel Aware": false, "Async Capable": false, "Join Type": "Inner", "Startup Cost": 211144.51, "Total Cost": 220945.12, "Plan Rows": 124252, "Plan Width": 16, "Inner Unique": false, "Merge Cond": "(partsupp.ps_suppkey = supplier.s_suppkey)", "Plans": [{"Node Type": "Sort", "Parent Relationship": "Outer", "Parallel Aware": false, "Async Capable": false, "Startup Cost": 211143.92, "Total Cost": 211454.55, "Plan Rows": 124252, "Plan Width": 12, "Sort Key": ["partsupp.ps_suppkey"], "Plans": [{"Node Type": "Nested Loop", "Parent Relationship": "Outer", "Parallel Aware": false, "Async Capable": false, "Join Type": "Inner", "Startup Cost": 0.86, "Total Cost": 200630.39, "Plan Rows": 124252, "Plan Width": 12, "Inner Unique": false, "Plans": [{"Node Type": "Index Scan", "Parent Relationship": "Outer", "Parallel Aware": true, "Async Capable": false, "Scan Direction": "Forward", "Index Name": "part_pkey", "Relation Name": "part", "Alias": "part", "Startup Cost": 0.43, "Total Cost": 79193.62, "Plan Rows": 31062, "Plan Width": 4, "Filter": "((p_name)::text ~~ '%black%'::text)"}, {"Node Type": "Index Scan", "Parent Relationship": "Inner", "Parallel Aware": false, "Async Capable": false, "Scan Direction": "Forward", "Index Name": "idx_partsupp_partkey", "Relation Name": "partsupp", "Alias": "partsupp", "Startup Cost": 0.43, "Total Cost": 3.86, "Plan Rows": 5, "Plan Width": 8, "Index Cond": "(ps_partkey = part.p_partkey)"}]}]}, {"Node Type": "Materialize", "Parent Relationship": "Inner", "Parallel Aware": false, "Async Capable": false, "Startup Cost": 0.44, "Total Cost": 7572.0, "Plan Rows": 100000, "Plan Width": 4, "Plans": [{"Node Type": "Nested Loop", "Parent Relationship": "Outer", "Parallel Aware": false, "Async Capable": false, "Join Type": "Inner", "Startup Cost": 0.44, "Total Cost": 7322.0, "Plan Rows": 100000, "Plan Width": 4, "Inner Unique": true, "Plans": [{"Node Type": "Index Scan", "Parent Relationship": "Outer", "Parallel Aware": false, "Async Capable": false, "Scan Direction": "Forward", "Index Name": "supplier_pkey", "Relation Name": "supplier", "Alias": "supplier", "Startup Cost": 0.29, "Total Cost": 4873.38, "Plan Rows": 100000, "Plan Width": 8}, {"Node Type": "Memoize", "Parent Relationship": "Inner", "Parallel Aware": false, "Async Capable": false, "Startup Cost": 0.15, "Total Cost": 0.17, "Plan Rows": 1, "Plan Width": 4, "Cache Key": "supplier.s_nationkey", "Cache Mode": "logical", "Plans": [{"Node Type": "Index Scan", "Parent Relationship": "Outer", "Parallel Aware": false, "Async Capable": false, "Scan Direction": "Forward", "Index Name": "nation_pkey", "Relation Name": "nation", "Alias": "nation", "Startup Cost": 0.14, "Total Cost": 0.16, "Plan Rows": 1, "Plan Width": 4, "Index Cond": "(n_nationkey = supplier.s_nationkey)"}]}]}]}]}, {"Node Type": "Index Scan", "Parent Relationship": "Inner", "Parallel Aware": false, "Async Capable": false, "Scan Direction": "Forward", "Index Name": "idx_lineitem_part_supp", "Relation Name": "lineitem", "Alias": "lineitem", "Startup Cost": 0.44, "Total Cost": 1.06, "Plan Rows": 1, "Plan Width": 12, "Index Cond": "((l_partkey = partsupp.ps_partkey) AND (l_suppkey = partsupp.ps_suppkey))"}]}, {"Node Type": "Index Scan", "Parent Relationship": "Inner", "Parallel Aware": false, "Async Capable": false, "Scan Direction": "Forward", "Index Name": "orders_pkey", "Relation Name": "orders", "Alias": "orders", "Startup Cost": 0.43, "Total Cost": 0.47, "Plan Rows": 1, "Plan Width": 4, "Index Cond": "(o_orderkey = lineitem.l_orderkey)"}]}]}]}]}}, {"Plan": {"Node Type": "Aggregate", "Strategy": "Plain", "Partial Mode": "Finalize", "Parallel Aware": false, "Async Capable": false, "Startup Cost": 771474.84, "Total Cost": 771474.85, "Plan Rows": 1, "Plan Width": 8, "Plans": [{"Node Type": "Gather", "Parent Relationship": "Outer", "Parallel Aware": false, "Async Capable": false, "Startup Cost": 771474.42, "Total Cost": 771474.83, "Plan Rows": 4, "Plan Width": 8, "Workers Planned": 4, "Single Copy": false, "Plans": [{"Node Type": "Aggregate", "Strategy": "Plain", "Partial Mode": "Partial", "Parent Relationship": "Outer", "Parallel Aware": false, "Async Capable": false, "Startup Cost": 770474.42, "Total Cost": 770474.43, "Plan Rows": 1, "Plan Width": 8, "Plans": [{"Node Type": "Nested Loop", "Parent Relationship": "Outer", "Parallel Aware": false, "Async Capable": false, "Join Type": "Inner", "Startup Cost": 193210.63, "Total Cost": 768151.21, "Plan Rows": 929283, "Plan Width": 0, "Inner Unique": true, "Plans": [{"Node Type": "Nested Loop", "Parent Relationship": "Outer", "Parallel Aware": false, "Async Capable": false, "Join Type": "Inner", "Startup Cost": 193210.2, "Total Cost": 328912.51, "Plan Rows": 929283, "Plan Width": 4, "Inner Unique": false, "Join Filter": "(supplier.s_suppkey = lineitem.l_suppkey)", "Plans": [{"Node Type": "Merge Join", "Parent Relationship": "Outer", "Parallel Aware": false, "Async Capable": false, "Join Type": "Inner", "Startup Cost": 193209.76, "Total Cost": 195688.95, "Plan Rows": 124252, "Plan Width": 16, "Inner Unique": false, "Merge Cond": "(partsupp.ps_suppkey = supplier.s_suppkey)", "Plans": [{"Node Type": "Sort", "Parent Relationship": "Outer", "Parallel Aware": false, "Async Capable": false, "Startup Cost": 179192.3, "Total Cost": 179502.93, "Plan Rows": 124252, "Plan Width": 12, "Sort Key": ["partsupp.ps_suppkey"], "Plans": [{"Node Type": "Nested Loop", "Parent Relationship": "Outer", "Parallel Aware": false, "Async Capable": false, "Join Type": "Inner", "Startup Cost": 0.43, "Total Cost": 168678.77, "Plan Rows": 124252, "Plan Width": 12, "Inner Unique": false, "Plans": [{"Node Type": "Seq Scan", "Parent Relationship": "Outer", "Parallel Aware": true, "Async Capable": false, "Relation Name": "part", "Alias": "part", "Startup Cost": 0.0, "Total Cost": 47242.0, "Plan Rows": 31062, "Plan Width": 4, "Filter": "((p_name)::text ~~ '%black%'::text)"}, {"Node Type": "Index Scan", "Parent Relationship": "Inner", "Parallel Aware": false, "Async Capable": false, "Scan Direction": "Forward", "Index Name": "idx_partsupp_partkey", "Relation Name": "partsupp", "Alias": "partsupp", "Startup Cost": 0.43, "Total Cost": 3.86, "Plan Rows": 5, "Plan Width": 8, "Index Cond": "(ps_partkey = part.p_partkey)"}]}]}, {"Node Type": "Sort", "Parent Relationship": "Inner", "Parallel Aware": false, "Async Capable": false, "Startup Cost": 14017.45, "Total Cost": 14267.45, "Plan Rows": 100000, "Plan Width": 4, "Sort Key": ["supplier.s_suppkey"], "Plans": [{"Node Type": "Nested Loop", "Parent Relationship": "Outer", "Parallel Aware": false, "Async Capable": false, "Join Type": "Inner", "Startup Cost": 0.15, "Total Cost": 5712.63, "Plan Rows": 100000, "Plan Width": 4, "Inner Unique": true, "Plans": [{"Node Type": "Seq Scan", "Parent Relationship": "Outer", "Parallel Aware": false, "Async Capable": false, "Relation Name": "supplier", "Alias": "supplier", "Startup Cost": 0.0, "Total Cost": 3264.0, "Plan Rows": 100000, "Plan Width": 8}, {"Node Type": "Memoize", "Parent Relationship": "Inner", "Parallel Aware": false, "Async Capable": false, "Startup Cost": 0.15, "Total Cost": 0.17, "Plan Rows": 1, "Plan Width": 4, "Cache Key": "supplier.s_nationkey", "Cache Mode": "logical", "Plans": [{"Node Type": "Index Scan", "Parent Relationship": "Outer", "Parallel Aware": false, "Async Capable": false, "Scan Direction": "Forward", "Index Name": "nation_pkey", "Relation Name": "nation", "Alias": "nation", "Startup Cost": 0.14, "Total Cost": 0.16, "Plan Rows": 1, "Plan Width": 4, "Index Cond": "(n_nationkey = supplier.s_nationkey)"}]}]}]}]}, {"Node Type": "Index Scan", "Parent Relationship": "Inner", "Parallel Aware": false, "Async Capable": false, "Scan Direction": "Forward", "Index Name": "idx_lineitem_part_supp", "Relation Name": "lineitem", "Alias": "lineitem", "Startup Cost": 0.44, "Total Cost": 1.06, "Plan Rows": 1, "Plan Width": 12, "Index Cond": "((l_partkey = partsupp.ps_partkey) AND (l_suppkey = partsupp.ps_suppkey))"}]}, {"Node Type": "Index Scan", "Parent Relationship": "Inner", "Parallel Aware": false, "Async Capable": false, "Scan Direction": "Forward", "Index Name": "orders_pkey", "Relation Name": "orders", "Alias": "orders", "Startup Cost": 0.43, "Total Cost": 0.47, "Plan Rows": 1, "Plan Width": 4, "Index Cond": "(o_orderkey = lineitem.l_orderkey)"}]}]}]}]}}, {"Plan": {"Node Type": "Aggregate", "Strategy": "Plain", "Partial Mode": "Finalize", "Parallel Aware": false, "Async Capable": false, "Startup Cost": 4390989.96, "Total Cost": 4390989.97, "Plan Rows": 1, "Plan Width": 8, "Plans": [{"Node Type": "Gather", "Parent Relationship": "Outer", "Parallel Aware": false, "Async Capable": false, "Startup Cost": 4390989.23, "Total Cost": 4390989.94, "Plan Rows": 7, "Plan Width": 8, "Workers Planned": 7, "Single Copy": false, "Plans": [{"Node Type": "Aggregate", "Strategy": "Plain", "Partial Mode": "Partial", "Parent Relationship": "Outer", "Parallel Aware": false, "Async Capable": false, "Startup Cost": 4389989.23, "Total Cost": 4389989.24, "Plan Rows": 1, "Plan Width": 8, "Plans": [{"Node Type": "Merge Join", "Parent Relationship": "Outer", "Parallel Aware": false, "Async Capable": false, "Join Type": "Inner", "Startup Cost": 4378034.56, "Total Cost": 4388661.68, "Plan Rows": 531019, "Plan Width": 0, "Inner Unique": false, "Merge Cond": "(lineitem.l_suppkey = supplier.s_suppkey)", "Plans": [{"Node Type": "Sort", "Parent Relationship": "Outer", "Parallel Aware": false, "Async Capable": false, "Startup Cost": 4357570.29, "Total Cost": 4358901.26, "Plan Rows": 532389, "Plan Width": 8, "Sort Key": ["lineitem.l_suppkey"], "Plans": [{"Node Type": "Merge Join", "Parent Relationship": "Outer", "Parallel Aware": false, "Async Capable": false, "Join Type": "Inner", "Startup Cost": 3866755.85, "Total Cost": 4306934.45, "Plan Rows": 532389, "Plan Width": 8, "Inner Unique": true, "Merge Cond": "(lineitem.l_partkey = partsupp.ps_partkey)", "Join Filter": "(lineitem.l_suppkey = partsupp.ps_suppkey)", "Plans": [{"Node Type": "Merge Join", "Parent Relationship": "Outer", "Parallel Aware": false, "Async Capable": false, "Join Type": "Inner", "Startup Cost": 3866752.37, "Total Cost": 3915544.86, "Plan Rows": 532389, "Plan Width": 12, "Inner Unique": true, "Merge Cond": "(lineitem.l_partkey = part.p_partkey)", "Plans": [{"Node Type": "Sort", "Parent Relationship": "Outer", "Parallel Aware": false, "Async Capable": false, "Startup Cost": 3790246.75, "Total Cost": 3811671.19, "Plan Rows": 8569775, "Plan Width": 8, "Sort Key": ["lineitem.l_partkey"], "Plans": [{"Node Type": "Merge Join", "Parent Relationship": "Outer", "Parallel Aware": false, "Async Capable": false, "Join Type": "Inner", "Startup Cost": 6.55, "Total Cost": 2686235.77, "Plan Rows": 8569775, "Plan Width": 8, "Inner Unique": true, "Merge Cond": "(lineitem.l_orderkey = orders.o_orderkey)", "Plans": [{"Node Type": "Index Scan", "Parent Relationship": "Outer", "Parallel Aware": true, "Async Capable": false, "Scan Direction": "Forward", "Index Name": "idx_lineitem_orderkey", "Relation Name": "lineitem", "Alias": "lineitem", "Startup Cost": 0.56, "Total Cost": 1890883.43, "Plan Rows": 8569775, "Plan Width": 12}, {"Node Type": "Index Scan", "Parent Relationship": "Inner", "Parallel Aware": false, "Async Capable": false, "Scan Direction": "Forward", "Index Name": "orders_pkey", "Relation Name": "orders", "Alias": "orders", "Startup Cost": 0.43, "Total Cost": 650798.01, "Plan Rows": 14999899, "Plan Width": 4}]}]}, {"Node Type": "Sort", "Parent Relationship": "Inner", "Parallel Aware": false, "Async Capable": false, "Startup Cost": 76505.16, "Total Cost": 76815.78, "Plan Rows": 124248, "Plan Width": 4, "Sort Key": ["part.p_partkey"], "Plans": [{"Node Type": "Seq Scan", "Parent Relationship": "Outer", "Parallel Aware": false, "Async Capable": false, "Relation Name": "part", "Alias": "part", "Startup Cost": 0.0, "Total Cost": 65992.0, "Plan Rows": 124248, "Plan Width": 4, "Filter": "((p_name)::text ~~ '%black%'::text)"}]}]}, {"Node Type": "Index Scan", "Parent Relationship": "Inner", "Parallel Aware": false, "Async Capable": false, "Scan Direction": "Forward", "Index Name": "idx_partsupp_partkey", "Relation Name": "partsupp", "Alias": "partsupp", "Startup Cost": 0.43, "Total Cost": 343179.04, "Plan Rows": 8000246, "Plan Width": 8}]}]}, {"Node Type": "Sort", "Parent Relationship": "Inner", "Parallel Aware": false, "Async Capable": false, "Startup Cost": 20464.22, "Total Cost": 20714.22, "Plan Rows": 100000, "Plan Width": 4, "Sort Key": ["supplier.s_suppkey"], "Plans": [{"Node Type": "Merge Join", "Parent Relationship": "Outer", "Parallel Aware": false, "Async Capable": false, "Join Type": "Inner", "Startup Cost": 0.43, "Total Cost": 12159.4, "Plan Rows": 100000, "Plan Width": 4, "Inner Unique": true, "Merge Cond": "(supplier.s_nationkey = nation.n_nationkey)", "Plans": [{"Node Type": "Index Scan", "Parent Relationship": "Outer", "Parallel Aware": false, "Async Capable": false, "Scan Direction": "Forward", "Index Name": "idx_supplier_nation_key", "Relation Name": "supplier", "Alias": "supplier", "Startup Cost": 0.29, "Total Cost": 10896.83, "Plan Rows": 100000, "Plan Width": 8}, {"Node Type": "Index Scan", "Parent Relationship": "Inner", "Parallel Aware": false, "Async Capable": false, "Scan Direction": "Forward", "Index Name": "nation_pkey", "Relation Name": "nation", "Alias": "nation", "Startup Cost": 0.14, "Total Cost": 12.51, "Plan Rows": 25, "Plan Width": 4}]}]}]}]}]}]}}, {"Plan": {"Node Type": "Aggregate", "Strategy": "Plain", "Partial Mode": "Finalize", "Parallel Aware": false, "Async Capable": false, "Startup Cost": 813788.84, "Total Cost": 813788.85, "Plan Rows": 1, "Plan Width": 8, "Plans": [{"Node Type": "Gather", "Parent Relationship": "Outer", "Parallel Aware": false, "Async Capable": false, "Startup Cost": 813788.42, "Total Cost": 813788.83, "Plan Rows": 4, "Plan Width": 8, "Workers Planned": 4, "Single Copy": false, "Plans": [{"Node Type": "Aggregate", "Strategy": "Plain", "Partial Mode": "Partial", "Parent Relationship": "Outer", "Parallel Aware": false, "Async Capable": false, "Startup Cost": 812788.42, "Total Cost": 812788.43, "Plan Rows": 1, "Plan Width": 8, "Plans": [{"Node Type": "Nested Loop", "Parent Relationship": "Outer", "Parallel Aware": false, "Async Capable": false, "Join Type": "Inner", "Startup Cost": 2.19, "Total Cost": 810465.21, "Plan Rows": 929283, "Plan Width": 0, "Inner Unique": true, "Plans": [{"Node Type": "Nested Loop", "Parent Relationship": "Outer", "Parallel Aware": false, "Async Capable": false, "Join Type": "Inner", "Startup Cost": 1.75, "Total Cost": 371226.51, "Plan Rows": 929283, "Plan Width": 4, "Inner Unique": false, "Join Filter": "(supplier.s_suppkey = lineitem.l_suppkey)", "Plans": [{"Node Type": "Nested Loop", "Parent Relationship": "Outer", "Parallel Aware": false, "Async Capable": false, "Join Type": "Inner", "Startup Cost": 1.31, "Total Cost": 238002.95, "Plan Rows": 124252, "Plan Width": 16, "Inner Unique": true, "Plans": [{"Node Type": "Nested Loop", "Parent Relationship": "Outer", "Parallel Aware": false, "Async Capable": false, "Join Type": "Inner", "Startup Cost": 1.16, "Total Cost": 234961.45, "Plan Rows": 124252, "Plan Width": 20, "Inner Unique": true, "Plans": [{"Node Type": "Nested Loop", "Parent Relationship": "Outer", "Parallel Aware": false, "Async Capable": false, "Join Type": "Inner", "Startup Cost": 0.86, "Total Cost": 200630.39, "Plan Rows": 124252, "Plan Width": 12, "Inner Unique": false, "Plans": [{"Node Type": "Index Scan", "Parent Relationship": "Outer", "Parallel Aware": true, "Async Capable": false, "Scan Direction": "Forward", "Index Name": "part_pkey", "Relation Name": "part", "Alias": "part", "Startup Cost": 0.43, "Total Cost": 79193.62, "Plan Rows": 31062, "Plan Width": 4, "Filter": "((p_name)::text ~~ '%black%'::text)"}, {"Node Type": "Index Scan", "Parent Relationship": "Inner", "Parallel Aware": false, "Async Capable": false, "Scan Direction": "Forward", "Index Name": "idx_partsupp_partkey", "Relation Name": "partsupp", "Alias": "partsupp", "Startup Cost": 0.43, "Total Cost": 3.86, "Plan Rows": 5, "Plan Width": 8, "Index Cond": "(ps_partkey = part.p_partkey)"}]}, {"Node Type": "Memoize", "Parent Relationship": "Inner", "Parallel Aware": false, "Async Capable": false, "Startup Cost": 0.3, "Total Cost": 0.32, "Plan Rows": 1, "Plan Width": 8, "Cache Key": "partsupp.ps_suppkey", "Cache Mode": "logical", "Plans": [{"Node Type": "Index Scan", "Parent Relationship": "Outer", "Parallel Aware": false, "Async Capable": false, "Scan Direction": "Forward", "Index Name": "supplier_pkey", "Relation Name": "supplier", "Alias": "supplier", "Startup Cost": 0.29, "Total Cost": 0.31, "Plan Rows": 1, "Plan Width": 8, "Index Cond": "(s_suppkey = partsupp.ps_suppkey)"}]}]}, {"Node Type": "Memoize", "Parent Relationship": "Inner", "Parallel Aware": false, "Async Capable": false, "Startup Cost": 0.15, "Total Cost": 0.17, "Plan Rows": 1, "Plan Width": 4, "Cache Key": "supplier.s_nationkey", "Cache Mode": "logical", "Plans": [{"Node Type": "Index Scan", "Parent Relationship": "Outer", "Parallel Aware": false, "Async Capable": false, "Scan Direction": "Forward", "Index Name": "nation_pkey", "Relation Name": "nation", "Alias": "nation", "Startup Cost": 0.14, "Total Cost": 0.16, "Plan Rows": 1, "Plan Width": 4, "Index Cond": "(n_nationkey = supplier.s_nationkey)"}]}]}, {"Node Type": "Index Scan", "Parent Relationship": "Inner", "Parallel Aware": false, "Async Capable": false, "Scan Direction": "Forward", "Index Name": "idx_lineitem_part_supp", "Relation Name": "lineitem", "Alias": "lineitem", "Startup Cost": 0.44, "Total Cost": 1.06, "Plan Rows": 1, "Plan Width": 12, "Index Cond": "((l_partkey = partsupp.ps_partkey) AND (l_suppkey = partsupp.ps_suppkey))"}]}, {"Node Type": "Index Scan", "Parent Relationship": "Inner", "Parallel Aware": false, "Async Capable": false, "Scan Direction": "Forward", "Index Name": "orders_pkey", "Relation Name": "orders", "Alias": "orders", "Startup Cost": 0.43, "Total Cost": 0.47, "Plan Rows": 1, "Plan Width": 4, "Index Cond": "(o_orderkey = lineitem.l_orderkey)"}]}]}]}]}}, {"Plan": {"Node Type": "Aggregate", "Strategy": "Plain", "Partial Mode": "Finalize", "Parallel Aware": false, "Async Capable": false, "Startup Cost": 781837.22, "Total Cost": 781837.23, "Plan Rows": 1, "Plan Width": 8, "Plans": [{"Node Type": "Gather", "Parent Relationship": "Outer", "Parallel Aware": false, "Async Capable": false, "Startup Cost": 781836.8, "Total Cost": 781837.21, "Plan Rows": 4, "Plan Width": 8, "Workers Planned": 4, "Single Copy": false, "Plans": [{"Node Type": "Aggregate", "Strategy": "Plain", "Partial Mode": "Partial", "Parent Relationship": "Outer", "Parallel Aware": false, "Async Capable": false, "Startup Cost": 780836.8, "Total Cost": 780836.81, "Plan Rows": 1, "Plan Width": 8, "Plans": [{"Node Type": "Nested Loop", "Parent Relationship": "Outer", "Parallel Aware": false, "Async Capable": false, "Join Type": "Inner", "Startup Cost": 1.76, "Total Cost": 778513.59, "Plan Rows": 929283, "Plan Width": 0, "Inner Unique": true, "Plans": [{"Node Type": "Nested Loop", "Parent Relationship": "Outer", "Parallel Aware": false, "Async Capable": false, "Join Type": "Inner", "Startup Cost": 1.32, "Total Cost": 339274.89, "Plan Rows": 929283, "Plan Width": 4, "Inner Unique": false, "Join Filter": "(supplier.s_suppkey = lineitem.l_suppkey)", "Plans": [{"Node Type": "Nested Loop", "Parent Relationship": "Outer", "Parallel Aware": false, "Async Capable": false, "Join Type": "Inner", "Startup Cost": 0.88, "Total Cost": 206051.33, "Plan Rows": 124252, "Plan Width": 16, "Inner Unique": true, "Plans": [{"Node Type": "Nested Loop", "Parent Relationship": "Outer", "Parallel Aware": false, "Async Capable": false, "Join Type": "Inner", "Startup Cost": 0.73, "Total Cost": 203009.83, "Plan Rows": 124252, "Plan Width": 20, "Inner Unique": true, "Plans": [{"Node Type": "Nested Loop", "Parent Relationship": "Outer", "Parallel Aware": false, "Async Capable": false, "Join Type": "Inner", "Startup Cost": 0.43, "Total Cost": 168678.77, "Plan Rows": 124252, "Plan Width": 12, "Inner Unique": false, "Plans": [{"Node Type": "Seq Scan", "Parent Relationship": "Outer", "Parallel Aware": true, "Async Capable": false, "Relation Name": "part", "Alias": "part", "Startup Cost": 0.0, "Total Cost": 47242.0, "Plan Rows": 31062, "Plan Width": 4, "Filter": "((p_name)::text ~~ '%black%'::text)"}, {"Node Type": "Index Scan", "Parent Relationship": "Inner", "Parallel Aware": false, "Async Capable": false, "Scan Direction": "Forward", "Index Name": "idx_partsupp_partkey", "Relation Name": "partsupp", "Alias": "partsupp", "Startup Cost": 0.43, "Total Cost": 3.86, "Plan Rows": 5, "Plan Width": 8, "Index Cond": "(ps_partkey = part.p_partkey)"}]}, {"Node Type": "Memoize", "Parent Relationship": "Inner", "Parallel Aware": false, "Async Capable": false, "Startup Cost": 0.3, "Total Cost": 0.32, "Plan Rows": 1, "Plan Width": 8, "Cache Key": "partsupp.ps_suppkey", "Cache Mode": "logical", "Plans": [{"Node Type": "Index Scan", "Parent Relationship": "Outer", "Parallel Aware": false, "Async Capable": false, "Scan Direction": "Forward", "Index Name": "supplier_pkey", "Relation Name": "supplier", "Alias": "supplier", "Startup Cost": 0.29, "Total Cost": 0.31, "Plan Rows": 1, "Plan Width": 8, "Index Cond": "(s_suppkey = partsupp.ps_suppkey)"}]}]}, {"Node Type": "Memoize", "Parent Relationship": "Inner", "Parallel Aware": false, "Async Capable": false, "Startup Cost": 0.15, "Total Cost": 0.17, "Plan Rows": 1, "Plan Width": 4, "Cache Key": "supplier.s_nationkey", "Cache Mode": "logical", "Plans": [{"Node Type": "Index Scan", "Parent Relationship": "Outer", "Parallel Aware": false, "Async Capable": false, "Scan Direction": "Forward", "Index Name": "nation_pkey", "Relation Name": "nation", "Alias": "nation", "Startup Cost": 0.14, "Total Cost": 0.16, "Plan Rows": 1, "Plan Width": 4, "Index Cond": "(n_nationkey = supplier.s_nationkey)"}]}]}, {"Node Type": "Index Scan", "Parent Relationship": "Inner", "Parallel Aware": false, "Async Capable": false, "Scan Direction": "Forward", "Index Name": "idx_lineitem_part_supp", "Relation Name": "lineitem", "Alias": "lineitem", "Startup Cost": 0.44, "Total Cost": 1.06, "Plan Rows": 1, "Plan Width": 12, "Index Cond": "((l_partkey = partsupp.ps_partkey) AND (l_suppkey = partsupp.ps_suppkey))"}]}, {"Node Type": "Index Scan", "Parent Relationship": "Inner", "Parallel Aware": false, "Async Capable": false, "Scan Direction": "Forward", "Index Name": "orders_pkey", "Relation Name": "orders", "Alias": "orders", "Startup Cost": 0.43, "Total Cost": 0.47, "Plan Rows": 1, "Plan Width": 4, "Index Cond": "(o_orderkey = lineitem.l_orderkey)"}]}]}]}]}}]