[{"Plan": {"Node Type": "Aggregate", "Strategy": "Plain", "Partial Mode": "Finalize", "Parallel Aware": false, "Async Capable": false, "Startup Cost": 827307.21, "Total Cost": 827307.22, "Plan Rows": 1, "Plan Width": 8, "Plans": [{"Node Type": "Gather", "Parent Relationship": "Outer", "Parallel Aware": false, "Async Capable": false, "Startup Cost": 827306.58, "Total Cost": 827307.19, "Plan Rows": 6, "Plan Width": 8, "Workers Planned": 6, "Single Copy": false, "Plans": [{"Node Type": "Aggregate", "Strategy": "Plain", "Partial Mode": "Partial", "Parent Relationship": "Outer", "Parallel Aware": false, "Async Capable": false, "Startup Cost": 826306.58, "Total Cost": 826306.59, "Plan Rows": 1, "Plan Width": 8, "Plans": [{"Node Type": "Nested Loop", "Parent Relationship": "Outer", "Parallel Aware": false, "Async Capable": false, "Join Type": "Inner", "Startup Cost": 41616.42, "Total Cost": 824986.11, "Plan Rows": 528191, "Plan Width": 0, "Inner Unique": false, "Plans": [{"Node Type": "Hash Join", "Parent Relationship": "Outer", "Parallel Aware": true, "Async Capable": false, "Join Type": "Inner", "Startup Cost": 41615.85, "Total Cost": 337321.74, "Plan Rows": 244368, "Plan Width": 4, "Inner Unique": true, "Hash Cond": "(orders.o_custkey = customer.c_custkey)", "Plans": [{"Node Type": "Seq Scan", "Parent Relationship": "Outer", "Parallel Aware": true, "Async Capable": false, "Relation Name": "orders", "Alias": "orders", "Startup Cost": 0.0, "Total Cost": 292521.79, "Plan Rows": 1212985, "Plan Width": 8, "Filter": "(o_orderdate < '1995-03-09'::date)"}, {"Node Type": "Hash", "Parent Relationship": "Inner", "Parallel Aware": true, "Async Capable": false, "Startup Cost": 40671.5, "Total Cost": 40671.5, "Plan Rows": 75548, "Plan Width": 4, "Plans": [{"Node Type": "Seq Scan", "Parent Relationship": "Outer", "Parallel Aware": true, "Async Capable": false, "Relation Name": "customer", "Alias": "customer", "Startup Cost": 0.0, "Total Cost": 40671.5, "Plan Rows": 75548, "Plan Width": 4, "Filter": "(c_mktsegment = 'AUTOMOBILE'::bpchar)"}]}]}, {"Node Type": "Index Scan", "Parent Relationship": "Inner", "Parallel Aware": false, "Async Capable": false, "Scan Direction": "Forward", "Index Name": "idx_lineitem_orderkey", "Relation Name": "lineitem", "Alias": "lineitem", "Startup Cost": 0.56, "Total Cost": 1.84, "Plan Rows": 16, "Plan Width": 4, "Index Cond": "(l_orderkey = orders.o_orderkey)", "Filter": "(l_shipdate > '1995-03-09'::date)"}]}]}]}]}}, {"Plan": {"Node Type": "Aggregate", "Strategy": "Plain", "Partial Mode": "Simple", "Parallel Aware": false, "Async Capable": false, "Startup Cost": 10002996349.37, "Total Cost": 10002996349.38, "Plan Rows": 1, "Plan Width": 8, "Plans": [{"Node Type": "Hash Join", "Parent Relationship": "Outer", "Parallel Aware": false, "Async Capable": false, "Join Type": "Inner", "Startup Cost": 10001304738.84, "Total Cost": 10002988426.5, "Plan Rows": 3169147, "Plan Width": 0, "Inner Unique": false, "Hash Cond": "(lineitem.l_orderkey = orders.o_orderkey)", "Plans": [{"Node Type": "Bitmap Heap Scan", "Parent Relationship": "Outer", "Parallel Aware": false, "Async Capable": false, "Relation Name": "lineitem", "Alias": "lineitem", "Startup Cost": 751288.53, "Total Cost": 2281703.44, "Plan Rows": 32421673, "Plan Width": 4, "Recheck Cond": "(l_shipdate > '1995-03-09'::date)", "Plans": [{"Node Type": "Bitmap Index Scan", "Parent Relationship": "Outer", "Parallel Aware": false, "Async Capable": false, "Index Name": "idx_lineitem_shipdate", "Startup Cost": 0.0, "Total Cost": 743183.11, "Plan Rows": 32421673, "Plan Width": 0, "Index Cond": "(l_shipdate > '1995-03-09'::date)"}]}, {"Node Type": "Hash", "Parent Relationship": "Inner", "Parallel Aware": false, "Async Capable": false, "Startup Cost": 10000535122.73, "Total Cost": 10000535122.73, "Plan Rows": 1466207, "Plan Width": 4, "Plans": [{"Node Type": "Hash Join", "Parent Relationship": "Outer", "Parallel Aware": false, "Async Capable": false, "Join Type": "Inner", "Startup Cost": 10000163772.31, "Total Cost": 10000535122.73, "Plan Rows": 1466207, "Plan Width": 4, "Inner Unique": true, "Hash Cond": "(orders.o_custkey = customer.c_custkey)", "Plans": [{"Node Type": "Bitmap Heap Scan", "Parent Relationship": "Outer", "Parallel Aware": false, "Async Capable": false, "Relation Name": "orders", "Alias": "orders", "Startup Cost": 81292.22, "Total Cost": 433538.07, "Plan Rows": 7277908, "Plan Width": 8, "Recheck Cond": "(o_orderdate < '1995-03-09'::date)", "Plans": [{"Node Type": "Bitmap Index Scan", "Parent Relationship": "Outer", "Parallel Aware": false, "Async Capable": false, "Index Name": "idx_orders_orderdate", "Startup Cost": 0.0, "Total Cost": 79472.74, "Plan Rows": 7277908, "Plan Width": 0, "Index Cond": "(o_orderdate < '1995-03-09'::date)"}]}, {"Node Type": "Hash", "Parent Relationship": "Inner", "Parallel Aware": false, "Async Capable": false, "Startup Cost": 10000078702.71, "Total Cost": 10000078702.71, "Plan Rows": 302190, "Plan Width": 4, "Plans": [{"Node Type": "Index Scan", "Parent Relationship": "Outer", "Parallel Aware": false, "Async Capable": false, "Scan Direction": "Forward", "Index Name": "customer_pkey", "Relation Name": "customer", "Alias": "customer", "Startup Cost": 10000000000.43, "Total Cost": 10000078702.71, "Plan Rows": 302190, "Plan Width": 4, "Filter": "(c_mktsegment = 'AUTOMOBILE'::bpchar)"}]}]}]}]}]}}, {"Plan": {"Node Type": "Aggregate", "Strategy": "Plain", "Partial Mode": "Finalize", "Parallel Aware": false, "Async Capable": false, "Startup Cost": 2362113.54, "Total Cost": 2362113.55, "Plan Rows": 1, "Plan Width": 8, "Plans": [{"Node Type": "Gather", "Parent Relationship": "Outer", "Parallel Aware": false, "Async Capable": false, "Startup Cost": 2362112.81, "Total Cost": 2362113.52, "Plan Rows": 7, "Plan Width": 8, "Workers Planned": 7, "Single Copy": false, "Plans": [{"Node Type": "Aggregate", "Strategy": "Plain", "Partial Mode": "Partial", "Parent Relationship": "Outer", "Parallel Aware": false, "Async Capable": false, "Startup Cost": 2361112.81, "Total Cost": 2361112.82, "Plan Rows": 1, "Plan Width": 8, "Plans": [{"Node Type": "Hash Join", "Parent Relationship": "Outer", "Parallel Aware": true, "Async Capable": false, "Join Type": "Inner", "Startup Cost": 429550.36, "Total Cost": 2359980.98, "Plan Rows": 452735, "Plan Width": 0, "Inner Unique": false, "Hash Cond": "(lineitem.l_orderkey = orders.o_orderkey)", "Plans": [{"Node Type": "Index Scan", "Parent Relationship": "Outer", "Parallel Aware": true, "Async Capable": false, "Scan Direction": "Forward", "Index Name": "idx_lineitem_orderkey", "Relation Name": "lineitem", "Alias": "lineitem", "Startup Cost": 0.56, "Total Cost": 1912307.87, "Plan Rows": 4631668, "Plan Width": 4, "Filter": "(l_shipdate > '1995-03-09'::date)"}, {"Node Type": "Hash", "Parent Relationship": "Inner", "Parallel Aware": true, "Async Capable": false, "Startup Cost": 426495.19, "Total Cost": 426495.19, "Plan Rows": 244368, "Plan Width": 4, "Plans": [{"Node Type": "Hash Join", "Parent Relationship": "Outer", "Parallel Aware": true, "Async Capable": false, "Join Type": "Inner", "Startup Cost": 146876.79, "Total Cost": 426495.19, "Plan Rows": 244368, "Plan Width": 4, "Inner Unique": true, "Hash Cond": "(orders.o_custkey = customer.c_custkey)", "Plans": [{"Node Type": "Bitmap Heap Scan", "Parent Relationship": "Outer", "Parallel Aware": true, "Async Capable": false, "Relation Name": "orders", "Alias": "orders", "Startup Cost": 81292.22, "Total Cost": 357726.53, "Plan Rows": 1212985, "Plan Width": 8, "Recheck Cond": "(o_orderdate < '1995-03-09'::date)", "Plans": [{"Node Type": "Bitmap Index Scan", "Parent Relationship": "Outer", "Parallel Aware": false, "Async Capable": false, "Index Name": "idx_orders_orderdate", "Startup Cost": 0.0, "Total Cost": 79472.74, "Plan Rows": 7277908, "Plan Width": 0, "Index Cond": "(o_orderdate < '1995-03-09'::date)"}]}, {"Node Type": "Hash", "Parent Relationship": "Inner", "Parallel Aware": true, "Async Capable": false, "Startup Cost": 64640.21, "Total Cost": 64640.21, "Plan Rows": 75548, "Plan Width": 4, "Plans": [{"Node Type": "Index Scan", "Parent Relationship": "Outer", "Parallel Aware": true, "Async Capable": false, "Scan Direction": "Forward", "Index Name": "customer_pkey", "Relation Name": "customer", "Alias": "customer", "Startup Cost": 0.43, "Total Cost": 64640.21, "Plan Rows": 75548, "Plan Width": 4, "Filter": "(c_mktsegment = 'AUTOMOBILE'::bpchar)"}]}]}]}]}]}]}]}}, {"Plan": {"Node Type": "Aggregate", "Strategy": "Plain", "Partial Mode": "Finalize", "Parallel Aware": false, "Async Capable": false, "Startup Cost": 1140375.86, "Total Cost": 1140375.87, "Plan Rows": 1, "Plan Width": 8, "Plans": [{"Node Type": "Gather", "Parent Relationship": "Outer", "Parallel Aware": false, "Async Capable": false, "Startup Cost": 1140375.44, "Total Cost": 1140375.85, "Plan Rows": 4, "Plan Width": 8, "Workers Planned": 4, "Single Copy": false, "Plans": [{"Node Type": "Aggregate", "Strategy": "Plain", "Partial Mode": "Partial", "Parent Relationship": "Outer", "Parallel Aware": false, "Async Capable": false, "Startup Cost": 1139375.44, "Total Cost": 1139375.45, "Plan Rows": 1, "Plan Width": 8, "Plans": [{"Node Type": "Nested Loop", "Parent Relationship": "Outer", "Parallel Aware": false, "Async Capable": false, "Join Type": "Inner", "Startup Cost": 1.43, "Total Cost": 1137394.72, "Plan Rows": 792287, "Plan Width": 0, "Inner Unique": false, "Plans": [{"Node Type": "Nested Loop", "Parent Relationship": "Outer", "Parallel Aware": false, "Async Capable": false, "Join Type": "Inner", "Startup Cost": 0.86, "Total Cost": 405898.17, "Plan Rows": 366552, "Plan Width": 4, "Inner Unique": false, "Plans": [{"Node Type": "Index Scan", "Parent Relationship": "Outer", "Parallel Aware": true, "Async Capable": false, "Scan Direction": "Forward", "Index Name": "customer_pkey", "Relation Name": "customer", "Alias": "customer", "Startup Cost": 0.43, "Total Cost": 64640.21, "Plan Rows": 75548, "Plan Width": 4, "Filter": "(c_mktsegment = 'AUTOMOBILE'::bpchar)"}, {"Node Type": "Index Scan", "Parent Relationship": "Inner", "Parallel Aware": false, "Async Capable": false, "Scan Direction": "Forward", "Index Name": "idx_orders_custkey", "Relation Name": "orders", "Alias": "orders", "Startup Cost": 0.43, "Total Cost": 4.44, "Plan Rows": 8, "Plan Width": 8, "Index Cond": "(o_custkey = customer.c_custkey)", "Filter": "(o_orderdate < '1995-03-09'::date)"}]}, {"Node Type": "Index Scan", "Parent Relationship": "Inner", "Parallel Aware": false, "Async Capable": false, "Scan Direction": "Forward", "Index Name": "idx_lineitem_orderkey", "Relation Name": "lineitem", "Alias": "lineitem", "Startup Cost": 0.56, "Total Cost": 1.84, "Plan Rows": 16, "Plan Width": 4, "Index Cond": "(l_orderkey = orders.o_orderkey)", "Filter": "(l_shipdate > '1995-03-09'::date)"}]}]}]}]}}, {"Plan": {"Node Type": "Aggregate", "Strategy": "Plain", "Partial Mode": "Finalize", "Parallel Aware": false, "Async Capable": false, "Startup Cost": 1592898.4, "Total Cost": 1592898.41, "Plan Rows": 1, "Plan Width": 8, "Plans": [{"Node Type": "Gather", "Parent Relationship": "Outer", "Parallel Aware": false, "Async Capable": false, "Startup Cost": 1592897.67, "Total Cost": 1592898.38, "Plan Rows": 7, "Plan Width": 8, "Workers Planned": 7, "Single Copy": false, "Plans": [{"Node Type": "Aggregate", "Strategy": "Plain", "Partial Mode": "Partial", "Parent Relationship": "Outer", "Parallel Aware": false, "Async Capable": false, "Startup Cost": 1591897.67, "Total Cost": 1591897.68, "Plan Rows": 1, "Plan Width": 8, "Plans": [{"Node Type": "Hash Join", "Parent Relationship": "Outer", "Parallel Aware": true, "Async Capable": false, "Join Type": "Inner", "Startup Cost": 340376.34, "Total Cost": 1590765.84, "Plan Rows": 452735, "Plan Width": 0, "Inner Unique": false, "Hash Cond": "(lineitem.l_orderkey = orders.o_orderkey)", "Plans": [{"Node Type": "Seq Scan", "Parent Relationship": "Outer", "Parallel Aware": true, "Async Capable": false, "Relation Name": "lineitem", "Alias": "lineitem", "Startup Cost": 0.0, "Total Cost": 1232266.19, "Plan Rows": 4631668, "Plan Width": 4, "Filter": "(l_shipdate > '1995-03-09'::date)"}, {"Node Type": "Hash", "Parent Relationship": "Inner", "Parallel Aware": true, "Async Capable": false, "Startup Cost": 337321.74, "Total Cost": 337321.74, "Plan Rows": 244368, "Plan Width": 4, "Plans": [{"Node Type": "Hash Join", "Parent Relationship": "Outer", "Parallel Aware": true, "Async Capable": false, "Join Type": "Inner", "Startup Cost": 41615.85, "Total Cost": 337321.74, "Plan Rows": 244368, "Plan Width": 4, "Inner Unique": true, "Hash Cond": "(orders.o_custkey = customer.c_custkey)", "Plans": [{"Node Type": "Seq Scan", "Parent Relationship": "Outer", "Parallel Aware": true, "Async Capable": false, "Relation Name": "orders", "Alias": "orders", "Startup Cost": 0.0, "Total Cost": 292521.79, "Plan Rows": 1212985, "Plan Width": 8, "Filter": "(o_orderdate < '1995-03-09'::date)"}, {"Node Type": "Hash", "Parent Relationship": "Inner", "Parallel Aware": true, "Async Capable": false, "Startup Cost": 40671.5, "Total Cost": 40671.5, "Plan Rows": 75548, "Plan Width": 4, "Plans": [{"Node Type": "Seq Scan", "Parent Relationship": "Outer", "Parallel Aware": true, "Async Capable": false, "Relation Name": "customer", "Alias": "customer", "Startup Cost": 0.0, "Total Cost": 40671.5, "Plan Rows": 75548, "Plan Width": 4, "Filter": "(c_mktsegment = 'AUTOMOBILE'::bpchar)"}]}]}]}]}]}]}]}}, {"Plan": {"Node Type": "Aggregate", "Strategy": "Plain", "Partial Mode": "Finalize", "Parallel Aware": false, "Async Capable": false, "Startup Cost": 5561024.1, "Total Cost": 5561024.11, "Plan Rows": 1, "Plan Width": 8, "Plans": [{"Node Type": "Gather", "Parent Relationship": "Outer", "Parallel Aware": false, "Async Capable": false, "Startup Cost": 5561023.47, "Total Cost": 5561024.08, "Plan Rows": 6, "Plan Width": 8, "Workers Planned": 6, "Single Copy": false, "Plans": [{"Node Type": "Aggregate", "Strategy": "Plain", "Partial Mode": "Partial", "Parent Relationship": "Outer", "Parallel Aware": false, "Async Capable": false, "Startup Cost": 5560023.47, "Total Cost": 5560023.48, "Plan Rows": 1, "Plan Width": 8, "Plans": [{"Node Type": "Nested Loop", "Parent Relationship": "Outer", "Parallel Aware": false, "Async Capable": false, "Join Type": "Inner", "Startup Cost": 81293.52, "Total Cost": 5558703.0, "Plan Rows": 528191, "Plan Width": 0, "Inner Unique": false, "Plans": [{"Node Type": "Nested Loop", "Parent Relationship": "Outer", "Parallel Aware": false, "Async Capable": false, "Join Type": "Inner", "Startup Cost": 81292.67, "Total Cost": 4225375.96, "Plan Rows": 244368, "Plan Width": 4, "Inner Unique": true, "Plans": [{"Node Type": "Bitmap Heap Scan", "Parent Relationship": "Outer", "Parallel Aware": true, "Async Capable": false, "Relation Name": "orders", "Alias": "orders", "Startup Cost": 81292.22, "Total Cost": 357726.53, "Plan Rows": 1212985, "Plan Width": 8, "Recheck Cond": "(o_orderdate < '1995-03-09'::date)", "Plans": [{"Node Type": "Bitmap Index Scan", "Parent Relationship": "Outer", "Parallel Aware": false, "Async Capable": false, "Index Name": "idx_orders_orderdate", "Startup Cost": 0.0, "Total Cost": 79472.74, "Plan Rows": 7277908, "Plan Width": 0, "Index Cond": "(o_orderdate < '1995-03-09'::date)"}]}, {"Node Type": "Memoize", "Parent Relationship": "Inner", "Parallel Aware": false, "Async Capable": false, "Startup Cost": 0.45, "Total Cost": 4.46, "Plan Rows": 1, "Plan Width": 4, "Cache Key": "orders.o_custkey", "Cache Mode": "logical", "Plans": [{"Node Type": "Bitmap Heap Scan", "Parent Relationship": "Outer", "Parallel Aware": false, "Async Capable": false, "Relation Name": "customer", "Alias": "customer", "Startup Cost": 0.44, "Total Cost": 4.45, "Plan Rows": 1, "Plan Width": 4, "Recheck Cond": "(c_custkey = orders.o_custkey)", "Filter": "(c_mktsegment = 'AUTOMOBILE'::bpchar)", "Plans": [{"Node Type": "Bitmap Index Scan", "Parent Relationship": "Outer", "Parallel Aware": false, "Async Capable": false, "Index Name": "customer_pkey", "Startup Cost": 0.0, "Total Cost": 0.44, "Plan Rows": 1, "Plan Width": 0, "Index Cond": "(c_custkey = orders.o_custkey)"}]}]}]}, {"Node Type": "Bitmap Heap Scan", "Parent Relationship": "Inner", "Parallel Aware": false, "Async Capable": false, "Relation Name": "lineitem", "Alias": "lineitem", "Startup Cost": 0.85, "Total Cost": 5.3, "Plan Rows": 16, "Plan Width": 4, "Recheck Cond": "(orders.o_orderkey = l_orderkey)", "Filter": "(l_shipdate > '1995-03-09'::date)", "Plans": [{"Node Type": "Bitmap Index Scan", "Parent Relationship": "Outer", "Parallel Aware": false, "Async Capable": false, "Index Name": "idx_lineitem_orderkey", "Startup Cost": 0.0, "Total Cost": 0.84, "Plan Rows": 30, "Plan Width": 0, "Index Cond": "(l_orderkey = orders.o_orderkey)"}]}]}]}]}]}}, {"Plan": {"Node Type": "Aggregate", "Strategy": "Plain", "Partial Mode": "Finalize", "Parallel Aware": false, "Async Capable": false, "Startup Cost": 2987222.9, "Total Cost": 2987222.91, "Plan Rows": 1, "Plan Width": 8, "Plans": [{"Node Type": "Gather", "Parent Relationship": "Outer", "Parallel Aware": false, "Async Capable": false, "Startup Cost": 2987222.17, "Total Cost": 2987222.88, "Plan Rows": 7, "Plan Width": 8, "Workers Planned": 7, "Single Copy": false, "Plans": [{"Node Type": "Aggregate", "Strategy": "Plain", "Partial Mode": "Partial", "Parent Relationship": "Outer", "Parallel Aware": false, "Async Capable": false, "Startup Cost": 2986222.17, "Total Cost": 2986222.18, "Plan Rows": 1, "Plan Width": 8, "Plans": [{"Node Type": "Merge Join", "Parent Relationship": "Outer", "Parallel Aware": false, "Async Capable": false, "Join Type": "Inner", "Startup Cost": 2889871.54, "Total Cost": 2985090.33, "Plan Rows": 452735, "Plan Width": 0, "Inner Unique": true, "Merge Cond": "(orders.o_custkey = customer.c_custkey)", "Plans": [{"Node Type": "Sort", "Parent Relationship": "Outer", "Parallel Aware": false, "Async Capable": false, "Startup Cost": 2889868.48, "Total Cost": 2895486.66, "Plan Rows": 2247272, "Plan Width": 4, "Sort Key": ["orders.o_custkey"], "Plans": [{"Node Type": "Merge Join", "Parent Relationship": "Outer", "Parallel Aware": false, "Async Capable": false, "Join Type": "Inner", "Startup Cost": 6.73, "Total Cost": 2652784.17, "Plan Rows": 2247272, "Plan Width": 4, "Inner Unique": true, "Merge Cond": "(lineitem.l_orderkey = orders.o_orderkey)", "Plans": [{"Node Type": "Index Scan", "Parent Relationship": "Outer", "Parallel Aware": true, "Async Capable": false, "Scan Direction": "Forward", "Index Name": "idx_lineitem_orderkey", "Relation Name": "lineitem", "Alias": "lineitem", "Startup Cost": 0.56, "Total Cost": 1912307.87, "Plan Rows": 4631668, "Plan Width": 4, "Filter": "(l_shipdate > '1995-03-09'::date)"}, {"Node Type": "Index Scan", "Parent Relationship": "Inner", "Parallel Aware": false, "Async Capable": false, "Scan Direction": "Forward", "Index Name": "orders_pkey", "Relation Name": "orders", "Alias": "orders", "Startup Cost": 0.43, "Total Cost": 688297.76, "Plan Rows": 7277908, "Plan Width": 8, "Filter": "(o_orderdate < '1995-03-09'::date)"}]}]}, {"Node Type": "Index Scan", "Parent Relationship": "Inner", "Parallel Aware": false, "Async Capable": false, "Scan Direction": "Forward", "Index Name": "customer_pkey", "Relation Name": "customer", "Alias": "customer", "Startup Cost": 0.43, "Total Cost": 78702.71, "Plan Rows": 302190, "Plan Width": 4, "Filter": "(c_mktsegment = 'AUTOMOBILE'::bpchar)"}]}]}]}]}}, {"Plan": {"Node Type": "Aggregate", "Strategy": "Plain", "Partial Mode": "Finalize", "Parallel Aware": false, "Async Capable": false, "Startup Cost": 1116407.15, "Total Cost": 1116407.16, "Plan Rows": 1, "Plan Width": 8, "Plans": [{"Node Type": "Gather", "Parent Relationship": "Outer", "Parallel Aware": false, "Async Capable": false, "Startup Cost": 1116406.73, "Total Cost": 1116407.14, "Plan Rows": 4, "Plan Width": 8, "Workers Planned": 4, "Single Copy": false, "Plans": [{"Node Type": "Aggregate", "Strategy": "Plain", "Partial Mode": "Partial", "Parent Relationship": "Outer", "Parallel Aware": false, "Async Capable": false, "Startup Cost": 1115406.73, "Total Cost": 1115406.74, "Plan Rows": 1, "Plan Width": 8, "Plans": [{"Node Type": "Nested Loop", "Parent Relationship": "Outer", "Parallel Aware": false, "Async Capable": false, "Join Type": "Inner", "Startup Cost": 1.0, "Total Cost": 1113426.01, "Plan Rows": 792287, "Plan Width": 0, "Inner Unique": false, "Plans": [{"Node Type": "Nested Loop", "Parent Relationship": "Outer", "Parallel Aware": false, "Async Capable": false, "Join Type": "Inner", "Startup Cost": 0.43, "Total Cost": 381929.45, "Plan Rows": 366552, "Plan Width": 4, "Inner Unique": false, "Plans": [{"Node Type": "Seq Scan", "Parent Relationship": "Outer", "Parallel Aware": true, "Async Capable": false, "Relation Name": "customer", "Alias": "customer", "Startup Cost": 0.0, "Total Cost": 40671.5, "Plan Rows": 75548, "Plan Width": 4, "Filter": "(c_mktsegment = 'AUTOMOBILE'::bpchar)"}, {"Node Type": "Index Scan", "Parent Relationship": "Inner", "Parallel Aware": false, "Async Capable": false, "Scan Direction": "Forward", "Index Name": "idx_orders_custkey", "Relation Name": "orders", "Alias": "orders", "Startup Cost": 0.43, "Total Cost": 4.44, "Plan Rows": 8, "Plan Width": 8, "Index Cond": "(o_custkey = customer.c_custkey)", "Filter": "(o_orderdate < '1995-03-09'::date)"}]}, {"Node Type": "Index Scan", "Parent Relationship": "Inner", "Parallel Aware": false, "Async Capable": false, "Scan Direction": "Forward", "Index Name": "idx_lineitem_orderkey", "Relation Name": "lineitem", "Alias": "lineitem", "Startup Cost": 0.56, "Total Cost": 1.84, "Plan Rows": 16, "Plan Width": 4, "Index Cond": "(l_orderkey = orders.o_orderkey)", "Filter": "(l_shipdate > '1995-03-09'::date)"}]}]}]}]}}, {"Plan": {"Node Type": "Aggregate", "Strategy": "Plain", "Partial Mode": "Finalize", "Parallel Aware": false, "Async Capable": false, "Startup Cost": 2991516.65, "Total Cost": 2991516.66, "Plan Rows": 1, "Plan Width": 8, "Plans": [{"Node Type": "Gather", "Parent Relationship": "Outer", "Parallel Aware": false, "Async Capable": false, "Startup Cost": 2991515.92, "Total Cost": 2991516.63, "Plan Rows": 7, "Plan Width": 8, "Workers Planned": 7, "Single Copy": false, "Plans": [{"Node Type": "Aggregate", "Strategy": "Plain", "Partial Mode": "Partial", "Parent Relationship": "Outer", "Parallel Aware": false, "Async Capable": false, "Startup Cost": 2990515.92, "Total Cost": 2990515.93, "Plan Rows": 1, "Plan Width": 8, "Plans": [{"Node Type": "Merge Join", "Parent Relationship": "Outer", "Parallel Aware": false, "Async Capable": false, "Join Type": "Inner", "Startup Cost": 2972109.52, "Total Cost": 2989384.08, "Plan Rows": 452735, "Plan Width": 0, "Inner Unique": true, "Merge Cond": "(orders.o_custkey = customer.c_custkey)", "Plans": [{"Node Type": "Sort", "Parent Relationship": "Outer", "Parallel Aware": false, "Async Capable": false, "Startup Cost": 2889868.48, "Total Cost": 2895486.66, "Plan Rows": 2247272, "Plan Width": 4, "Sort Key": ["orders.o_custkey"], "Plans": [{"Node Type": "Merge Join", "Parent Relationship": "Outer", "Parallel Aware": false, "Async Capable": false, "Join Type": "Inner", "Startup Cost": 6.73, "Total Cost": 2652784.17, "Plan Rows": 2247272, "Plan Width": 4, "Inner Unique": true, "Merge Cond": "(lineitem.l_orderkey = orders.o_orderkey)", "Plans": [{"Node Type": "Index Scan", "Parent Relationship": "Outer", "Parallel Aware": true, "Async Capable": false, "Scan Direction": "Forward", "Index Name": "idx_lineitem_orderkey", "Relation Name": "lineitem", "Alias": "lineitem", "Startup Cost": 0.56, "Total Cost": 1912307.87, "Plan Rows": 4631668, "Plan Width": 4, "Filter": "(l_shipdate > '1995-03-09'::date)"}, {"Node Type": "Index Scan", "Parent Relationship": "Inner", "Parallel Aware": false, "Async Capable": false, "Scan Direction": "Forward", "Index Name": "orders_pkey", "Relation Name": "orders", "Alias": "orders", "Startup Cost": 0.43, "Total Cost": 688297.76, "Plan Rows": 7277908, "Plan Width": 8, "Filter": "(o_orderdate < '1995-03-09'::date)"}]}]}, {"Node Type": "Sort", "Parent Relationship": "Inner", "Parallel Aware": false, "Async Capable": false, "Startup Cost": 82240.99, "Total Cost": 82996.47, "Plan Rows": 302190, "Plan Width": 4, "Sort Key": ["customer.c_custkey"], "Plans": [{"Node Type": "Seq Scan", "Parent Relationship": "Outer", "Parallel Aware": false, "Async Capable": false, "Relation Name": "customer", "Alias": "customer", "Startup Cost": 0.0, "Total Cost": 54734.0, "Plan Rows": 302190, "Plan Width": 4, "Filter": "(c_mktsegment = 'AUTOMOBILE'::bpchar)"}]}]}]}]}]}}, {"Plan": {"Node Type": "Aggregate", "Strategy": "Plain", "Partial Mode": "Simple", "Parallel Aware": false, "Async Capable": false, "Startup Cost": 10008630433.66, "Total Cost": 10008630433.67, "Plan Rows": 1, "Plan Width": 8, "Plans": [{"Node Type": "Merge Join", "Parent Relationship": "Outer", "Parallel Aware": false, "Async Capable": false, "Join Type": "Inner", "Startup Cost": 10008412871.08, "Total Cost": 10008622510.79, "Plan Rows": 3169147, "Plan Width": 0, "Inner Unique": false, "Merge Cond": "(lineitem.l_orderkey = orders.o_orderkey)", "Plans": [{"Node Type": "Sort", "Parent Relationship": "Outer", "Parallel Aware": false, "Async Capable": false, "Startup Cost": 6769648.94, "Total Cost": 6850703.12, "Plan Rows": 32421673, "Plan Width": 4, "Sort Key": ["lineitem.l_orderkey"], "Plans": [{"Node Type": "Bitmap Heap Scan", "Parent Relationship": "Outer", "Parallel Aware": false, "Async Capable": false, "Relation Name": "lineitem", "Alias": "lineitem", "Startup Cost": 751288.53, "Total Cost": 2281703.44, "Plan Rows": 32421673, "Plan Width": 4, "Recheck Cond": "(l_shipdate > '1995-03-09'::date)", "Plans": [{"Node Type": "Bitmap Index Scan", "Parent Relationship": "Outer", "Parallel Aware": false, "Async Capable": false, "Index Name": "idx_lineitem_shipdate", "Startup Cost": 0.0, "Total Cost": 743183.11, "Plan Rows": 32421673, "Plan Width": 0, "Index Cond": "(l_shipdate > '1995-03-09'::date)"}]}]}, {"Node Type": "Sort", "Parent Relationship": "Inner", "Parallel Aware": false, "Async Capable": false, "Startup Cost": 10001643222.04, "Total Cost": 10001646887.56, "Plan Rows": 1466207, "Plan Width": 4, "Sort Key": ["orders.o_orderkey"], "Plans": [{"Node Type": "Merge Join", "Parent Relationship": "Outer", "Parallel Aware": false, "Async Capable": false, "Join Type": "Inner", "Startup Cost": 10001362549.05, "Total Cost": 10001493055.63, "Plan Rows": 1466207, "Plan Width": 4, "Inner Unique": true, "Merge Cond": "(orders.o_custkey = customer.c_custkey)", "Plans": [{"Node Type": "Sort", "Parent Relationship": "Outer", "Parallel Aware": false, "Async Capable": false, "Startup Cost": 1362546.0, "Total Cost": 1380740.77, "Plan Rows": 7277908, "Plan Width": 8, "Sort Key": ["orders.o_custkey"], "Plans": [{"Node Type": "Bitmap Heap Scan", "Parent Relationship": "Outer", "Parallel Aware": false, "Async Capable": false, "Relation Name": "orders", "Alias": "orders", "Startup Cost": 81292.22, "Total Cost": 433538.07, "Plan Rows": 7277908, "Plan Width": 8, "Recheck Cond": "(o_orderdate < '1995-03-09'::date)", "Plans": [{"Node Type": "Bitmap Index Scan", "Parent Relationship": "Outer", "Parallel Aware": false, "Async Capable": false, "Index Name": "idx_orders_orderdate", "Startup Cost": 0.0, "Total Cost": 79472.74, "Plan Rows": 7277908, "Plan Width": 0, "Index Cond": "(o_orderdate < '1995-03-09'::date)"}]}]}, {"Node Type": "Index Scan", "Parent Relationship": "Inner", "Parallel Aware": false, "Async Capable": false, "Scan Direction": "Forward", "Index Name": "customer_pkey", "Relation Name": "customer", "Alias": "customer", "Startup Cost": 10000000000.43, "Total Cost": 10000078702.71, "Plan Rows": 302190, "Plan Width": 4, "Filter": "(c_mktsegment = 'AUTOMOBILE'::bpchar)"}]}]}]}]}}, {"Plan": {"Node Type": "Aggregate", "Strategy": "Plain", "Partial Mode": "Finalize", "Parallel Aware": false, "Async Capable": false, "Startup Cost": 2429181.72, "Total Cost": 2429181.73, "Plan Rows": 1, "Plan Width": 8, "Plans": [{"Node Type": "Gather", "Parent Relationship": "Outer", "Parallel Aware": false, "Async Capable": false, "Startup Cost": 2429181.3, "Total Cost": 2429181.71, "Plan Rows": 4, "Plan Width": 8, "Workers Planned": 4, "Single Copy": false, "Plans": [{"Node Type": "Aggregate", "Strategy": "Plain", "Partial Mode": "Partial", "Parent Relationship": "Outer", "Parallel Aware": false, "Async Capable": false, "Startup Cost": 2428181.3, "Total Cost": 2428181.31, "Plan Rows": 1, "Plan Width": 8, "Plans": [{"Node Type": "Nested Loop", "Parent Relationship": "Outer", "Parallel Aware": false, "Async Capable": false, "Join Type": "Inner", "Startup Cost": 1.61, "Total Cost": 2426200.58, "Plan Rows": 792287, "Plan Width": 0, "Inner Unique": false, "Plans": [{"Node Type": "Nested Loop", "Parent Relationship": "Outer", "Parallel Aware": false, "Async Capable": false, "Join Type": "Inner", "Startup Cost": 0.77, "Total Cost": 426210.03, "Plan Rows": 366552, "Plan Width": 4, "Inner Unique": false, "Plans": [{"Node Type": "Seq Scan", "Parent Relationship": "Outer", "Parallel Aware": true, "Async Capable": false, "Relation Name": "customer", "Alias": "customer", "Startup Cost": 0.0, "Total Cost": 40671.5, "Plan Rows": 75548, "Plan Width": 4, "Filter": "(c_mktsegment = 'AUTOMOBILE'::bpchar)"}, {"Node Type": "Bitmap Heap Scan", "Parent Relationship": "Inner", "Parallel Aware": false, "Async Capable": false, "Relation Name": "orders", "Alias": "orders", "Startup Cost": 0.77, "Total Cost": 5.02, "Plan Rows": 8, "Plan Width": 8, "Recheck Cond": "(customer.c_custkey = o_custkey)", "Filter": "(o_orderdate < '1995-03-09'::date)", "Plans": [{"Node Type": "Bitmap Index Scan", "Parent Relationship": "Outer", "Parallel Aware": false, "Async Capable": false, "Index Name": "idx_orders_custkey", "Startup Cost": 0.0, "Total Cost": 0.77, "Plan Rows": 17, "Plan Width": 0, "Index Cond": "(o_custkey = customer.c_custkey)"}]}]}, {"Node Type": "Bitmap Heap Scan", "Parent Relationship": "Inner", "Parallel Aware": false, "Async Capable": false, "Relation Name": "lineitem", "Alias": "lineitem", "Startup Cost": 0.85, "Total Cost": 5.3, "Plan Rows": 16, "Plan Width": 4, "Recheck Cond": "(orders.o_orderkey = l_orderkey)", "Filter": "(l_shipdate > '1995-03-09'::date)", "Plans": [{"Node Type": "Bitmap Index Scan", "Parent Relationship": "Outer", "Parallel Aware": false, "Async Capable": false, "Index Name": "idx_lineitem_orderkey", "Startup Cost": 0.0, "Total Cost": 0.84, "Plan Rows": 30, "Plan Width": 0, "Index Cond": "(l_orderkey = orders.o_orderkey)"}]}]}]}]}]}}, {"Plan": {"Node Type": "Aggregate", "Strategy": "Plain", "Partial Mode": "Finalize", "Parallel Aware": false, "Async Capable": false, "Startup Cost": 3429727.9, "Total Cost": 3429727.91, "Plan Rows": 1, "Plan Width": 8, "Plans": [{"Node Type": "Gather", "Parent Relationship": "Outer", "Parallel Aware": false, "Async Capable": false, "Startup Cost": 3429727.17, "Total Cost": 3429727.88, "Plan Rows": 7, "Plan Width": 8, "Workers Planned": 7, "Single Copy": false, "Plans": [{"Node Type": "Aggregate", "Strategy": "Plain", "Partial Mode": "Partial", "Parent Relationship": "Outer", "Parallel Aware": false, "Async Capable": false, "Startup Cost": 3428727.17, "Total Cost": 3428727.18, "Plan Rows": 1, "Plan Width": 8, "Plans": [{"Node Type": "Merge Join", "Parent Relationship": "Outer", "Parallel Aware": false, "Async Capable": false, "Join Type": "Inner", "Startup Cost": 3392579.49, "Total Cost": 3427595.33, "Plan Rows": 452735, "Plan Width": 0, "Inner Unique": false, "Merge Cond": "(lineitem.l_orderkey = orders.o_orderkey)", "Plans": [{"Node Type": "Sort", "Parent Relationship": "Outer", "Parallel Aware": false, "Async Capable": false, "Startup Cost": 1745063.63, "Total Cost": 1756642.8, "Plan Rows": 4631668, "Plan Width": 4, "Sort Key": ["lineitem.l_orderkey"], "Plans": [{"Node Type": "Seq Scan", "Parent Relationship": "Outer", "Parallel Aware": true, "Async Capable": false, "Relation Name": "lineitem", "Alias": "lineitem", "Startup Cost": 0.0, "Total Cost": 1232266.19, "Plan Rows": 4631668, "Plan Width": 4, "Filter": "(l_shipdate > '1995-03-09'::date)"}]}, {"Node Type": "Sort", "Parent Relationship": "Inner", "Parallel Aware": false, "Async Capable": false, "Startup Cost": 1647515.79, "Total Cost": 1651181.31, "Plan Rows": 1466207, "Plan Width": 4, "Sort Key": ["orders.o_orderkey"], "Plans": [{"Node Type": "Merge Join", "Parent Relationship": "Outer", "Parallel Aware": false, "Async Capable": false, "Join Type": "Inner", "Startup Cost": 1444787.04, "Total Cost": 1497349.38, "Plan Rows": 1466207, "Plan Width": 4, "Inner Unique": true, "Merge Cond": "(orders.o_custkey = customer.c_custkey)", "Plans": [{"Node Type": "Sort", "Parent Relationship": "Outer", "Parallel Aware": false, "Async Capable": false, "Startup Cost": 1362546.0, "Total Cost": 1380740.77, "Plan Rows": 7277908, "Plan Width": 8, "Sort Key": ["orders.o_custkey"], "Plans": [{"Node Type": "Bitmap Heap Scan", "Parent Relationship": "Outer", "Parallel Aware": false, "Async Capable": false, "Relation Name": "orders", "Alias": "orders", "Startup Cost": 81292.22, "Total Cost": 433538.07, "Plan Rows": 7277908, "Plan Width": 8, "Recheck Cond": "(o_orderdate < '1995-03-09'::date)", "Plans": [{"Node Type": "Bitmap Index Scan", "Parent Relationship": "Outer", "Parallel Aware": false, "Async Capable": false, "Index Name": "idx_orders_orderdate", "Startup Cost": 0.0, "Total Cost": 79472.74, "Plan Rows": 7277908, "Plan Width": 0, "Index Cond": "(o_orderdate < '1995-03-09'::date)"}]}]}, {"Node Type": "Sort", "Parent Relationship": "Inner", "Parallel Aware": false, "Async Capable": false, "Startup Cost": 82240.99, "Total Cost": 82996.47, "Plan Rows": 302190, "Plan Width": 4, "Sort Key": ["customer.c_custkey"], "Plans": [{"Node Type": "Seq Scan", "Parent Relationship": "Outer", "Parallel Aware": false, "Async Capable": false, "Relation Name": "customer", "Alias": "customer", "Startup Cost": 0.0, "Total Cost": 54734.0, "Plan Rows": 302190, "Plan Width": 4, "Filter": "(c_mktsegment = 'AUTOMOBILE'::bpchar)"}]}]}]}]}]}]}]}}]