[{"Plan": {"Node Type": "Aggregate", "Strategy": "Plain", "Partial Mode": "Finalize", "Parallel Aware": false, "Async Capable": false, "Startup Cost": 832534.51, "Total Cost": 832534.52, "Plan Rows": 1, "Plan Width": 8, "Plans": [{"Node Type": "Gather", "Parent Relationship": "Outer", "Parallel Aware": false, "Async Capable": false, "Startup Cost": 832533.89, "Total Cost": 832534.5, "Plan Rows": 6, "Plan Width": 8, "Workers Planned": 6, "Single Copy": false, "Plans": [{"Node Type": "Aggregate", "Strategy": "Plain", "Partial Mode": "Partial", "Parent Relationship": "Outer", "Parallel Aware": false, "Async Capable": false, "Startup Cost": 831533.89, "Total Cost": 831533.9, "Plan Rows": 1, "Plan Width": 8, "Plans": [{"Node Type": "Nested Loop", "Parent Relationship": "Outer", "Parallel Aware": false, "Async Capable": false, "Join Type": "Inner", "Startup Cost": 41616.42, "Total Cost": 830212.53, "Plan Rows": 528544, "Plan Width": 0, "Inner Unique": false, "Plans": [{"Node Type": "Hash Join", "Parent Relationship": "Outer", "Parallel Aware": true, "Async Capable": false, "Join Type": "Inner", "Startup Cost": 41615.85, "Total Cost": 337372.63, "Plan Rows": 248274, "Plan Width": 4, "Inner Unique": true, "Hash Cond": "(orders.o_custkey = customer.c_custkey)", "Plans": [{"Node Type": "Seq Scan", "Parent Relationship": "Outer", "Parallel Aware": true, "Async Capable": false, "Relation Name": "orders", "Alias": "orders", "Startup Cost": 0.0, "Total Cost": 292521.79, "Plan Rows": 1232372, "Plan Width": 8, "Filter": "(o_orderdate < '1995-03-28'::date)"}, {"Node Type": "Hash", "Parent Relationship": "Inner", "Parallel Aware": true, "Async Capable": false, "Startup Cost": 40671.5, "Total Cost": 40671.5, "Plan Rows": 75548, "Plan Width": 4, "Plans": [{"Node Type": "Seq Scan", "Parent Relationship": "Outer", "Parallel Aware": true, "Async Capable": false, "Relation Name": "customer", "Alias": "customer", "Startup Cost": 0.0, "Total Cost": 40671.5, "Plan Rows": 75548, "Plan Width": 4, "Filter": "(c_mktsegment = 'AUTOMOBILE'::bpchar)"}]}]}, {"Node Type": "Index Scan", "Parent Relationship": "Inner", "Parallel Aware": false, "Async Capable": false, "Scan Direction": "Forward", "Index Name": "idx_lineitem_orderkey", "Relation Name": "lineitem", "Alias": "lineitem", "Startup Cost": 0.56, "Total Cost": 1.83, "Plan Rows": 16, "Plan Width": 4, "Index Cond": "(l_orderkey = orders.o_orderkey)", "Filter": "(l_shipdate > '1995-03-28'::date)"}]}]}]}]}}, {"Plan": {"Node Type": "Aggregate", "Strategy": "Plain", "Partial Mode": "Simple", "Parallel Aware": false, "Async Capable": false, "Startup Cost": 10002980460.07, "Total Cost": 10002980460.08, "Plan Rows": 1, "Plan Width": 8, "Plans": [{"Node Type": "Hash Join", "Parent Relationship": "Outer", "Parallel Aware": false, "Async Capable": false, "Join Type": "Inner", "Startup Cost": 10001296765.05, "Total Cost": 10002972531.91, "Plan Rows": 3171266, "Plan Width": 0, "Inner Unique": false, "Hash Cond": "(lineitem.l_orderkey = orders.o_orderkey)", "Plans": [{"Node Type": "Bitmap Heap Scan", "Parent Relationship": "Outer", "Parallel Aware": false, "Async Capable": false, "Relation Name": "lineitem", "Alias": "lineitem", "Startup Cost": 739960.81, "Total Cost": 2264266.5, "Plan Rows": 31932935, "Plan Width": 4, "Recheck Cond": "(l_shipdate > '1995-03-28'::date)", "Plans": [{"Node Type": "Bitmap Index Scan", "Parent Relationship": "Outer", "Parallel Aware": false, "Async Capable": false, "Index Name": "idx_lineitem_shipdate", "Startup Cost": 0.0, "Total Cost": 731977.58, "Plan Rows": 31932935, "Plan Width": 0, "Index Cond": "(l_shipdate > '1995-03-28'::date)"}]}, {"Node Type": "Hash", "Parent Relationship": "Inner", "Parallel Aware": false, "Async Capable": false, "Startup Cost": 10000538183.71, "Total Cost": 10000538183.71, "Plan Rows": 1489643, "Plan Width": 4, "Plans": [{"Node Type": "Hash Join", "Parent Relationship": "Outer", "Parallel Aware": false, "Async Capable": false, "Join Type": "Inner", "Startup Cost": 10000165073.85, "Total Cost": 10000538183.71, "Plan Rows": 1489643, "Plan Width": 4, "Inner Unique": true, "Hash Cond": "(orders.o_custkey = customer.c_custkey)", "Plans": [{"Node Type": "Bitmap Heap Scan", "Parent Relationship": "Outer", "Parallel Aware": false, "Async Capable": false, "Relation Name": "orders", "Alias": "orders", "Startup Cost": 82593.76, "Total Cost": 436293.69, "Plan Rows": 7394235, "Plan Width": 8, "Recheck Cond": "(o_orderdate < '1995-03-28'::date)", "Plans": [{"Node Type": "Bitmap Index Scan", "Parent Relationship": "Outer", "Parallel Aware": false, "Async Capable": false, "Index Name": "idx_orders_orderdate", "Startup Cost": 0.0, "Total Cost": 80745.2, "Plan Rows": 7394235, "Plan Width": 0, "Index Cond": "(o_orderdate < '1995-03-28'::date)"}]}, {"Node Type": "Hash", "Parent Relationship": "Inner", "Parallel Aware": false, "Async Capable": false, "Startup Cost": 10000078702.71, "Total Cost": 10000078702.71, "Plan Rows": 302190, "Plan Width": 4, "Plans": [{"Node Type": "Index Scan", "Parent Relationship": "Outer", "Parallel Aware": false, "Async Capable": false, "Scan Direction": "Forward", "Index Name": "customer_pkey", "Relation Name": "customer", "Alias": "customer", "Startup Cost": 10000000000.43, "Total Cost": 10000078702.71, "Plan Rows": 302190, "Plan Width": 4, "Filter": "(c_mktsegment = 'AUTOMOBILE'::bpchar)"}]}]}]}]}]}}, {"Plan": {"Node Type": "Aggregate", "Strategy": "Plain", "Partial Mode": "Finalize", "Parallel Aware": false, "Async Capable": false, "Startup Cost": 2363496.57, "Total Cost": 2363496.58, "Plan Rows": 1, "Plan Width": 8, "Plans": [{"Node Type": "Gather", "Parent Relationship": "Outer", "Parallel Aware": false, "Async Capable": false, "Startup Cost": 2363495.85, "Total Cost": 2363496.56, "Plan Rows": 7, "Plan Width": 8, "Workers Planned": 7, "Single Copy": false, "Plans": [{"Node Type": "Aggregate", "Strategy": "Plain", "Partial Mode": "Partial", "Parent Relationship": "Outer", "Parallel Aware": false, "Async Capable": false, "Startup Cost": 2362495.85, "Total Cost": 2362495.86, "Plan Rows": 1, "Plan Width": 8, "Plans": [{"Node Type": "Hash Join", "Parent Relationship": "Outer", "Parallel Aware": true, "Async Capable": false, "Join Type": "Inner", "Startup Cost": 431193.95, "Total Cost": 2361363.25, "Plan Rows": 453038, "Plan Width": 0, "Inner Unique": false, "Hash Cond": "(lineitem.l_orderkey = orders.o_orderkey)", "Plans": [{"Node Type": "Index Scan", "Parent Relationship": "Outer", "Parallel Aware": true, "Async Capable": false, "Scan Direction": "Forward", "Index Name": "idx_lineitem_orderkey", "Relation Name": "lineitem", "Alias": "lineitem", "Startup Cost": 0.56, "Total Cost": 1912307.87, "Plan Rows": 4561848, "Plan Width": 4, "Filter": "(l_shipdate > '1995-03-28'::date)"}, {"Node Type": "Hash", "Parent Relationship": "Inner", "Parallel Aware": true, "Async Capable": false, "Startup Cost": 428089.96, "Total Cost": 428089.96, "Plan Rows": 248274, "Plan Width": 4, "Plans": [{"Node Type": "Hash Join", "Parent Relationship": "Outer", "Parallel Aware": true, "Async Capable": false, "Join Type": "Inner", "Startup Cost": 148178.32, "Total Cost": 428089.96, "Plan Rows": 248274, "Plan Width": 4, "Inner Unique": true, "Hash Cond": "(orders.o_custkey = customer.c_custkey)", "Plans": [{"Node Type": "Bitmap Heap Scan", "Parent Relationship": "Outer", "Parallel Aware": true, "Async Capable": false, "Relation Name": "orders", "Alias": "orders", "Startup Cost": 82593.76, "Total Cost": 359270.41, "Plan Rows": 1232372, "Plan Width": 8, "Recheck Cond": "(o_orderdate < '1995-03-28'::date)", "Plans": [{"Node Type": "Bitmap Index Scan", "Parent Relationship": "Outer", "Parallel Aware": false, "Async Capable": false, "Index Name": "idx_orders_orderdate", "Startup Cost": 0.0, "Total Cost": 80745.2, "Plan Rows": 7394235, "Plan Width": 0, "Index Cond": "(o_orderdate < '1995-03-28'::date)"}]}, {"Node Type": "Hash", "Parent Relationship": "Inner", "Parallel Aware": true, "Async Capable": false, "Startup Cost": 64640.21, "Total Cost": 64640.21, "Plan Rows": 75548, "Plan Width": 4, "Plans": [{"Node Type": "Index Scan", "Parent Relationship": "Outer", "Parallel Aware": true, "Async Capable": false, "Scan Direction": "Forward", "Index Name": "customer_pkey", "Relation Name": "customer", "Alias": "customer", "Startup Cost": 0.43, "Total Cost": 64640.21, "Plan Rows": 75548, "Plan Width": 4, "Filter": "(c_mktsegment = 'AUTOMOBILE'::bpchar)"}]}]}]}]}]}]}]}}, {"Plan": {"Node Type": "Aggregate", "Strategy": "Plain", "Partial Mode": "Finalize", "Parallel Aware": false, "Async Capable": false, "Startup Cost": 1148895.96, "Total Cost": 1148895.97, "Plan Rows": 1, "Plan Width": 8, "Plans": [{"Node Type": "Gather", "Parent Relationship": "Outer", "Parallel Aware": false, "Async Capable": false, "Startup Cost": 1148895.54, "Total Cost": 1148895.95, "Plan Rows": 4, "Plan Width": 8, "Workers Planned": 4, "Single Copy": false, "Plans": [{"Node Type": "Aggregate", "Strategy": "Plain", "Partial Mode": "Partial", "Parent Relationship": "Outer", "Parallel Aware": false, "Async Capable": false, "Startup Cost": 1147895.54, "Total Cost": 1147895.55, "Plan Rows": 1, "Plan Width": 8, "Plans": [{"Node Type": "Nested Loop", "Parent Relationship": "Outer", "Parallel Aware": false, "Async Capable": false, "Join Type": "Inner", "Startup Cost": 1.43, "Total Cost": 1145913.5, "Plan Rows": 792816, "Plan Width": 0, "Inner Unique": false, "Plans": [{"Node Type": "Nested Loop", "Parent Relationship": "Outer", "Parallel Aware": false, "Async Capable": false, "Join Type": "Inner", "Startup Cost": 0.86, "Total Cost": 406653.65, "Plan Rows": 372411, "Plan Width": 4, "Inner Unique": false, "Plans": [{"Node Type": "Index Scan", "Parent Relationship": "Outer", "Parallel Aware": true, "Async Capable": false, "Scan Direction": "Forward", "Index Name": "customer_pkey", "Relation Name": "customer", "Alias": "customer", "Startup Cost": 0.43, "Total Cost": 64640.21, "Plan Rows": 75548, "Plan Width": 4, "Filter": "(c_mktsegment = 'AUTOMOBILE'::bpchar)"}, {"Node Type": "Index Scan", "Parent Relationship": "Inner", "Parallel Aware": false, "Async Capable": false, "Scan Direction": "Forward", "Index Name": "idx_orders_custkey", "Relation Name": "orders", "Alias": "orders", "Startup Cost": 0.43, "Total Cost": 4.44, "Plan Rows": 9, "Plan Width": 8, "Index Cond": "(o_custkey = customer.c_custkey)", "Filter": "(o_orderdate < '1995-03-28'::date)"}]}, {"Node Type": "Index Scan", "Parent Relationship": "Inner", "Parallel Aware": false, "Async Capable": false, "Scan Direction": "Forward", "Index Name": "idx_lineitem_orderkey", "Relation Name": "lineitem", "Alias": "lineitem", "Startup Cost": 0.56, "Total Cost": 1.83, "Plan Rows": 16, "Plan Width": 4, "Index Cond": "(l_orderkey = orders.o_orderkey)", "Filter": "(l_shipdate > '1995-03-28'::date)"}]}]}]}]}}, {"Plan": {"Node Type": "Aggregate", "Strategy": "Plain", "Partial Mode": "Finalize", "Parallel Aware": false, "Async Capable": false, "Startup Cost": 1592737.55, "Total Cost": 1592737.56, "Plan Rows": 1, "Plan Width": 8, "Plans": [{"Node Type": "Gather", "Parent Relationship": "Outer", "Parallel Aware": false, "Async Capable": false, "Startup Cost": 1592736.82, "Total Cost": 1592737.53, "Plan Rows": 7, "Plan Width": 8, "Workers Planned": 7, "Single Copy": false, "Plans": [{"Node Type": "Aggregate", "Strategy": "Plain", "Partial Mode": "Partial", "Parent Relationship": "Outer", "Parallel Aware": false, "Async Capable": false, "Startup Cost": 1591736.82, "Total Cost": 1591736.83, "Plan Rows": 1, "Plan Width": 8, "Plans": [{"Node Type": "Hash Join", "Parent Relationship": "Outer", "Parallel Aware": true, "Async Capable": false, "Join Type": "Inner", "Startup Cost": 340476.05, "Total Cost": 1590604.23, "Plan Rows": 453038, "Plan Width": 0, "Inner Unique": false, "Hash Cond": "(lineitem.l_orderkey = orders.o_orderkey)", "Plans": [{"Node Type": "Seq Scan", "Parent Relationship": "Outer", "Parallel Aware": true, "Async Capable": false, "Relation Name": "lineitem", "Alias": "lineitem", "Startup Cost": 0.0, "Total Cost": 1232266.19, "Plan Rows": 4561848, "Plan Width": 4, "Filter": "(l_shipdate > '1995-03-28'::date)"}, {"Node Type": "Hash", "Parent Relationship": "Inner", "Parallel Aware": true, "Async Capable": false, "Startup Cost": 337372.63, "Total Cost": 337372.63, "Plan Rows": 248274, "Plan Width": 4, "Plans": [{"Node Type": "Hash Join", "Parent Relationship": "Outer", "Parallel Aware": true, "Async Capable": false, "Join Type": "Inner", "Startup Cost": 41615.85, "Total Cost": 337372.63, "Plan Rows": 248274, "Plan Width": 4, "Inner Unique": true, "Hash Cond": "(orders.o_custkey = customer.c_custkey)", "Plans": [{"Node Type": "Seq Scan", "Parent Relationship": "Outer", "Parallel Aware": true, "Async Capable": false, "Relation Name": "orders", "Alias": "orders", "Startup Cost": 0.0, "Total Cost": 292521.79, "Plan Rows": 1232372, "Plan Width": 8, "Filter": "(o_orderdate < '1995-03-28'::date)"}, {"Node Type": "Hash", "Parent Relationship": "Inner", "Parallel Aware": true, "Async Capable": false, "Startup Cost": 40671.5, "Total Cost": 40671.5, "Plan Rows": 75548, "Plan Width": 4, "Plans": [{"Node Type": "Seq Scan", "Parent Relationship": "Outer", "Parallel Aware": true, "Async Capable": false, "Relation Name": "customer", "Alias": "customer", "Startup Cost": 0.0, "Total Cost": 40671.5, "Plan Rows": 75548, "Plan Width": 4, "Filter": "(c_mktsegment = 'AUTOMOBILE'::bpchar)"}]}]}]}]}]}]}]}}, {"Plan": {"Node Type": "Aggregate", "Strategy": "Plain", "Partial Mode": "Finalize", "Parallel Aware": false, "Async Capable": false, "Startup Cost": 5584139.9, "Total Cost": 5584139.91, "Plan Rows": 1, "Plan Width": 8, "Plans": [{"Node Type": "Gather", "Parent Relationship": "Outer", "Parallel Aware": false, "Async Capable": false, "Startup Cost": 5584139.27, "Total Cost": 5584139.88, "Plan Rows": 6, "Plan Width": 8, "Workers Planned": 6, "Single Copy": false, "Plans": [{"Node Type": "Aggregate", "Strategy": "Plain", "Partial Mode": "Partial", "Parent Relationship": "Outer", "Parallel Aware": false, "Async Capable": false, "Startup Cost": 5583139.27, "Total Cost": 5583139.28, "Plan Rows": 1, "Plan Width": 8, "Plans": [{"Node Type": "Nested Loop", "Parent Relationship": "Outer", "Parallel Aware": false, "Async Capable": false, "Join Type": "Inner", "Startup Cost": 82595.05, "Total Cost": 5581817.91, "Plan Rows": 528544, "Plan Width": 0, "Inner Unique": false, "Plans": [{"Node Type": "Nested Loop", "Parent Relationship": "Outer", "Parallel Aware": false, "Async Capable": false, "Join Type": "Inner", "Startup Cost": 82594.2, "Total Cost": 4227382.85, "Plan Rows": 248274, "Plan Width": 4, "Inner Unique": true, "Plans": [{"Node Type": "Bitmap Heap Scan", "Parent Relationship": "Outer", "Parallel Aware": true, "Async Capable": false, "Relation Name": "orders", "Alias": "orders", "Startup Cost": 82593.76, "Total Cost": 359270.41, "Plan Rows": 1232372, "Plan Width": 8, "Recheck Cond": "(o_orderdate < '1995-03-28'::date)", "Plans": [{"Node Type": "Bitmap Index Scan", "Parent Relationship": "Outer", "Parallel Aware": false, "Async Capable": false, "Index Name": "idx_orders_orderdate", "Startup Cost": 0.0, "Total Cost": 80745.2, "Plan Rows": 7394235, "Plan Width": 0, "Index Cond": "(o_orderdate < '1995-03-28'::date)"}]}, {"Node Type": "Memoize", "Parent Relationship": "Inner", "Parallel Aware": false, "Async Capable": false, "Startup Cost": 0.45, "Total Cost": 4.46, "Plan Rows": 1, "Plan Width": 4, "Cache Key": "orders.o_custkey", "Cache Mode": "logical", "Plans": [{"Node Type": "Bitmap Heap Scan", "Parent Relationship": "Outer", "Parallel Aware": false, "Async Capable": false, "Relation Name": "customer", "Alias": "customer", "Startup Cost": 0.44, "Total Cost": 4.45, "Plan Rows": 1, "Plan Width": 4, "Recheck Cond": "(c_custkey = orders.o_custkey)", "Filter": "(c_mktsegment = 'AUTOMOBILE'::bpchar)", "Plans": [{"Node Type": "Bitmap Index Scan", "Parent Relationship": "Outer", "Parallel Aware": false, "Async Capable": false, "Index Name": "customer_pkey", "Startup Cost": 0.0, "Total Cost": 0.44, "Plan Rows": 1, "Plan Width": 0, "Index Cond": "(c_custkey = orders.o_custkey)"}]}]}]}, {"Node Type": "Bitmap Heap Scan", "Parent Relationship": "Inner", "Parallel Aware": false, "Async Capable": false, "Relation Name": "lineitem", "Alias": "lineitem", "Startup Cost": 0.85, "Total Cost": 5.3, "Plan Rows": 16, "Plan Width": 4, "Recheck Cond": "(orders.o_orderkey = l_orderkey)", "Filter": "(l_shipdate > '1995-03-28'::date)", "Plans": [{"Node Type": "Bitmap Index Scan", "Parent Relationship": "Outer", "Parallel Aware": false, "Async Capable": false, "Index Name": "idx_lineitem_orderkey", "Startup Cost": 0.0, "Total Cost": 0.84, "Plan Rows": 30, "Plan Width": 0, "Index Cond": "(l_orderkey = orders.o_orderkey)"}]}]}]}]}]}}, {"Plan": {"Node Type": "Aggregate", "Strategy": "Plain", "Partial Mode": "Finalize", "Parallel Aware": false, "Async Capable": false, "Startup Cost": 2987534.89, "Total Cost": 2987534.9, "Plan Rows": 1, "Plan Width": 8, "Plans": [{"Node Type": "Gather", "Parent Relationship": "Outer", "Parallel Aware": false, "Async Capable": false, "Startup Cost": 2987534.16, "Total Cost": 2987534.87, "Plan Rows": 7, "Plan Width": 8, "Workers Planned": 7, "Single Copy": false, "Plans": [{"Node Type": "Aggregate", "Strategy": "Plain", "Partial Mode": "Partial", "Parent Relationship": "Outer", "Parallel Aware": false, "Async Capable": false, "Startup Cost": 2986534.16, "Total Cost": 2986534.17, "Plan Rows": 1, "Plan Width": 8, "Plans": [{"Node Type": "Merge Join", "Parent Relationship": "Outer", "Parallel Aware": false, "Async Capable": false, "Join Type": "Inner", "Startup Cost": 2890172.24, "Total Cost": 2985401.57, "Plan Rows": 453038, "Plan Width": 0, "Inner Unique": true, "Merge Cond": "(orders.o_custkey = customer.c_custkey)", "Plans": [{"Node Type": "Sort", "Parent Relationship": "Outer", "Parallel Aware": false, "Async Capable": false, "Startup Cost": 2890169.18, "Total Cost": 2895791.12, "Plan Rows": 2248773, "Plan Width": 4, "Sort Key": ["orders.o_custkey"], "Plans": [{"Node Type": "Merge Join", "Parent Relationship": "Outer", "Parallel Aware": false, "Async Capable": false, "Join Type": "Inner", "Startup Cost": 6.74, "Total Cost": 2652915.69, "Plan Rows": 2248773, "Plan Width": 4, "Inner Unique": true, "Merge Cond": "(lineitem.l_orderkey = orders.o_orderkey)", "Plans": [{"Node Type": "Index Scan", "Parent Relationship": "Outer", "Parallel Aware": true, "Async Capable": false, "Scan Direction": "Forward", "Index Name": "idx_lineitem_orderkey", "Relation Name": "lineitem", "Alias": "lineitem", "Startup Cost": 0.56, "Total Cost": 1912307.87, "Plan Rows": 4561848, "Plan Width": 4, "Filter": "(l_shipdate > '1995-03-28'::date)"}, {"Node Type": "Index Scan", "Parent Relationship": "Inner", "Parallel Aware": false, "Async Capable": false, "Scan Direction": "Forward", "Index Name": "orders_pkey", "Relation Name": "orders", "Alias": "orders", "Startup Cost": 0.43, "Total Cost": 688297.76, "Plan Rows": 7394235, "Plan Width": 8, "Filter": "(o_orderdate < '1995-03-28'::date)"}]}]}, {"Node Type": "Index Scan", "Parent Relationship": "Inner", "Parallel Aware": false, "Async Capable": false, "Scan Direction": "Forward", "Index Name": "customer_pkey", "Relation Name": "customer", "Alias": "customer", "Startup Cost": 0.43, "Total Cost": 78702.71, "Plan Rows": 302190, "Plan Width": 4, "Filter": "(c_mktsegment = 'AUTOMOBILE'::bpchar)"}]}]}]}]}}, {"Plan": {"Node Type": "Aggregate", "Strategy": "Plain", "Partial Mode": "Finalize", "Parallel Aware": false, "Async Capable": false, "Startup Cost": 1124927.25, "Total Cost": 1124927.26, "Plan Rows": 1, "Plan Width": 8, "Plans": [{"Node Type": "Gather", "Parent Relationship": "Outer", "Parallel Aware": false, "Async Capable": false, "Startup Cost": 1124926.83, "Total Cost": 1124927.24, "Plan Rows": 4, "Plan Width": 8, "Workers Planned": 4, "Single Copy": false, "Plans": [{"Node Type": "Aggregate", "Strategy": "Plain", "Partial Mode": "Partial", "Parent Relationship": "Outer", "Parallel Aware": false, "Async Capable": false, "Startup Cost": 1123926.83, "Total Cost": 1123926.84, "Plan Rows": 1, "Plan Width": 8, "Plans": [{"Node Type": "Nested Loop", "Parent Relationship": "Outer", "Parallel Aware": false, "Async Capable": false, "Join Type": "Inner", "Startup Cost": 1.0, "Total Cost": 1121944.79, "Plan Rows": 792816, "Plan Width": 0, "Inner Unique": false, "Plans": [{"Node Type": "Nested Loop", "Parent Relationship": "Outer", "Parallel Aware": false, "Async Capable": false, "Join Type": "Inner", "Startup Cost": 0.43, "Total Cost": 382684.93, "Plan Rows": 372411, "Plan Width": 4, "Inner Unique": false, "Plans": [{"Node Type": "Seq Scan", "Parent Relationship": "Outer", "Parallel Aware": true, "Async Capable": false, "Relation Name": "customer", "Alias": "customer", "Startup Cost": 0.0, "Total Cost": 40671.5, "Plan Rows": 75548, "Plan Width": 4, "Filter": "(c_mktsegment = 'AUTOMOBILE'::bpchar)"}, {"Node Type": "Index Scan", "Parent Relationship": "Inner", "Parallel Aware": false, "Async Capable": false, "Scan Direction": "Forward", "Index Name": "idx_orders_custkey", "Relation Name": "orders", "Alias": "orders", "Startup Cost": 0.43, "Total Cost": 4.44, "Plan Rows": 9, "Plan Width": 8, "Index Cond": "(o_custkey = customer.c_custkey)", "Filter": "(o_orderdate < '1995-03-28'::date)"}]}, {"Node Type": "Index Scan", "Parent Relationship": "Inner", "Parallel Aware": false, "Async Capable": false, "Scan Direction": "Forward", "Index Name": "idx_lineitem_orderkey", "Relation Name": "lineitem", "Alias": "lineitem", "Startup Cost": 0.56, "Total Cost": 1.83, "Plan Rows": 16, "Plan Width": 4, "Index Cond": "(l_orderkey = orders.o_orderkey)", "Filter": "(l_shipdate > '1995-03-28'::date)"}]}]}]}]}}, {"Plan": {"Node Type": "Aggregate", "Strategy": "Plain", "Partial Mode": "Finalize", "Parallel Aware": false, "Async Capable": false, "Startup Cost": 2991828.64, "Total Cost": 2991828.65, "Plan Rows": 1, "Plan Width": 8, "Plans": [{"Node Type": "Gather", "Parent Relationship": "Outer", "Parallel Aware": false, "Async Capable": false, "Startup Cost": 2991827.91, "Total Cost": 2991828.62, "Plan Rows": 7, "Plan Width": 8, "Workers Planned": 7, "Single Copy": false, "Plans": [{"Node Type": "Aggregate", "Strategy": "Plain", "Partial Mode": "Partial", "Parent Relationship": "Outer", "Parallel Aware": false, "Async Capable": false, "Startup Cost": 2990827.91, "Total Cost": 2990827.92, "Plan Rows": 1, "Plan Width": 8, "Plans": [{"Node Type": "Merge Join", "Parent Relationship": "Outer", "Parallel Aware": false, "Async Capable": false, "Join Type": "Inner", "Startup Cost": 2972410.22, "Total Cost": 2989695.32, "Plan Rows": 453038, "Plan Width": 0, "Inner Unique": true, "Merge Cond": "(orders.o_custkey = customer.c_custkey)", "Plans": [{"Node Type": "Sort", "Parent Relationship": "Outer", "Parallel Aware": false, "Async Capable": false, "Startup Cost": 2890169.18, "Total Cost": 2895791.12, "Plan Rows": 2248773, "Plan Width": 4, "Sort Key": ["orders.o_custkey"], "Plans": [{"Node Type": "Merge Join", "Parent Relationship": "Outer", "Parallel Aware": false, "Async Capable": false, "Join Type": "Inner", "Startup Cost": 6.74, "Total Cost": 2652915.69, "Plan Rows": 2248773, "Plan Width": 4, "Inner Unique": true, "Merge Cond": "(lineitem.l_orderkey = orders.o_orderkey)", "Plans": [{"Node Type": "Index Scan", "Parent Relationship": "Outer", "Parallel Aware": true, "Async Capable": false, "Scan Direction": "Forward", "Index Name": "idx_lineitem_orderkey", "Relation Name": "lineitem", "Alias": "lineitem", "Startup Cost": 0.56, "Total Cost": 1912307.87, "Plan Rows": 4561848, "Plan Width": 4, "Filter": "(l_shipdate > '1995-03-28'::date)"}, {"Node Type": "Index Scan", "Parent Relationship": "Inner", "Parallel Aware": false, "Async Capable": false, "Scan Direction": "Forward", "Index Name": "orders_pkey", "Relation Name": "orders", "Alias": "orders", "Startup Cost": 0.43, "Total Cost": 688297.76, "Plan Rows": 7394235, "Plan Width": 8, "Filter": "(o_orderdate < '1995-03-28'::date)"}]}]}, {"Node Type": "Sort", "Parent Relationship": "Inner", "Parallel Aware": false, "Async Capable": false, "Startup Cost": 82240.99, "Total Cost": 82996.47, "Plan Rows": 302190, "Plan Width": 4, "Sort Key": ["customer.c_custkey"], "Plans": [{"Node Type": "Seq Scan", "Parent Relationship": "Outer", "Parallel Aware": false, "Async Capable": false, "Relation Name": "customer", "Alias": "customer", "Startup Cost": 0.0, "Total Cost": 54734.0, "Plan Rows": 302190, "Plan Width": 4, "Filter": "(c_mktsegment = 'AUTOMOBILE'::bpchar)"}]}]}]}]}]}}, {"Plan": {"Node Type": "Aggregate", "Strategy": "Plain", "Partial Mode": "Simple", "Parallel Aware": false, "Async Capable": false, "Startup Cost": 10008561274.22, "Total Cost": 10008561274.23, "Plan Rows": 1, "Plan Width": 8, "Plans": [{"Node Type": "Merge Join", "Parent Relationship": "Outer", "Parallel Aware": false, "Async Capable": false, "Join Type": "Inner", "Startup Cost": 10008346118.16, "Total Cost": 10008553346.06, "Plan Rows": 3171266, "Plan Width": 0, "Inner Unique": false, "Merge Cond": "(lineitem.l_orderkey = orders.o_orderkey)", "Plans": [{"Node Type": "Sort", "Parent Relationship": "Outer", "Parallel Aware": false, "Async Capable": false, "Startup Cost": 6681060.53, "Total Cost": 6760892.86, "Plan Rows": 31932935, "Plan Width": 4, "Sort Key": ["lineitem.l_orderkey"], "Plans": [{"Node Type": "Bitmap Heap Scan", "Parent Relationship": "Outer", "Parallel Aware": false, "Async Capable": false, "Relation Name": "lineitem", "Alias": "lineitem", "Startup Cost": 739960.81, "Total Cost": 2264266.5, "Plan Rows": 31932935, "Plan Width": 4, "Recheck Cond": "(l_shipdate > '1995-03-28'::date)", "Plans": [{"Node Type": "Bitmap Index Scan", "Parent Relationship": "Outer", "Parallel Aware": false, "Async Capable": false, "Index Name": "idx_lineitem_shipdate", "Startup Cost": 0.0, "Total Cost": 731977.58, "Plan Rows": 31932935, "Plan Width": 0, "Index Cond": "(l_shipdate > '1995-03-28'::date)"}]}]}, {"Node Type": "Sort", "Parent Relationship": "Inner", "Parallel Aware": false, "Async Capable": false, "Startup Cost": 10001665057.54, "Total Cost": 10001668781.65, "Plan Rows": 1489643, "Plan Width": 4, "Sort Key": ["orders.o_orderkey"], "Plans": [{"Node Type": "Merge Join", "Parent Relationship": "Outer", "Parallel Aware": false, "Async Capable": false, "Join Type": "Inner", "Startup Cost": 10001380997.89, "Total Cost": 10001512320.46, "Plan Rows": 1489643, "Plan Width": 4, "Inner Unique": true, "Merge Cond": "(orders.o_custkey = customer.c_custkey)", "Plans": [{"Node Type": "Sort", "Parent Relationship": "Outer", "Parallel Aware": false, "Async Capable": false, "Startup Cost": 1380994.84, "Total Cost": 1399480.42, "Plan Rows": 7394235, "Plan Width": 8, "Sort Key": ["orders.o_custkey"], "Plans": [{"Node Type": "Bitmap Heap Scan", "Parent Relationship": "Outer", "Parallel Aware": false, "Async Capable": false, "Relation Name": "orders", "Alias": "orders", "Startup Cost": 82593.76, "Total Cost": 436293.69, "Plan Rows": 7394235, "Plan Width": 8, "Recheck Cond": "(o_orderdate < '1995-03-28'::date)", "Plans": [{"Node Type": "Bitmap Index Scan", "Parent Relationship": "Outer", "Parallel Aware": false, "Async Capable": false, "Index Name": "idx_orders_orderdate", "Startup Cost": 0.0, "Total Cost": 80745.2, "Plan Rows": 7394235, "Plan Width": 0, "Index Cond": "(o_orderdate < '1995-03-28'::date)"}]}]}, {"Node Type": "Index Scan", "Parent Relationship": "Inner", "Parallel Aware": false, "Async Capable": false, "Scan Direction": "Forward", "Index Name": "customer_pkey", "Relation Name": "customer", "Alias": "customer", "Startup Cost": 10000000000.43, "Total Cost": 10000078702.71, "Plan Rows": 302190, "Plan Width": 4, "Filter": "(c_mktsegment = 'AUTOMOBILE'::bpchar)"}]}]}]}]}}, {"Plan": {"Node Type": "Aggregate", "Strategy": "Plain", "Partial Mode": "Finalize", "Parallel Aware": false, "Async Capable": false, "Startup Cost": 2461619.45, "Total Cost": 2461619.46, "Plan Rows": 1, "Plan Width": 8, "Plans": [{"Node Type": "Gather", "Parent Relationship": "Outer", "Parallel Aware": false, "Async Capable": false, "Startup Cost": 2461619.03, "Total Cost": 2461619.44, "Plan Rows": 4, "Plan Width": 8, "Workers Planned": 4, "Single Copy": false, "Plans": [{"Node Type": "Aggregate", "Strategy": "Plain", "Partial Mode": "Partial", "Parent Relationship": "Outer", "Parallel Aware": false, "Async Capable": false, "Startup Cost": 2460619.03, "Total Cost": 2460619.04, "Plan Rows": 1, "Plan Width": 8, "Plans": [{"Node Type": "Nested Loop", "Parent Relationship": "Outer", "Parallel Aware": false, "Async Capable": false, "Join Type": "Inner", "Startup Cost": 1.61, "Total Cost": 2458636.99, "Plan Rows": 792816, "Plan Width": 0, "Inner Unique": false, "Plans": [{"Node Type": "Nested Loop", "Parent Relationship": "Outer", "Parallel Aware": false, "Async Capable": false, "Join Type": "Inner", "Startup Cost": 0.77, "Total Cost": 426984.39, "Plan Rows": 372411, "Plan Width": 4, "Inner Unique": false, "Plans": [{"Node Type": "Seq Scan", "Parent Relationship": "Outer", "Parallel Aware": true, "Async Capable": false, "Relation Name": "customer", "Alias": "customer", "Startup Cost": 0.0, "Total Cost": 40671.5, "Plan Rows": 75548, "Plan Width": 4, "Filter": "(c_mktsegment = 'AUTOMOBILE'::bpchar)"}, {"Node Type": "Bitmap Heap Scan", "Parent Relationship": "Inner", "Parallel Aware": false, "Async Capable": false, "Relation Name": "orders", "Alias": "orders", "Startup Cost": 0.77, "Total Cost": 5.02, "Plan Rows": 9, "Plan Width": 8, "Recheck Cond": "(customer.c_custkey = o_custkey)", "Filter": "(o_orderdate < '1995-03-28'::date)", "Plans": [{"Node Type": "Bitmap Index Scan", "Parent Relationship": "Outer", "Parallel Aware": false, "Async Capable": false, "Index Name": "idx_orders_custkey", "Startup Cost": 0.0, "Total Cost": 0.77, "Plan Rows": 17, "Plan Width": 0, "Index Cond": "(o_custkey = customer.c_custkey)"}]}]}, {"Node Type": "Bitmap Heap Scan", "Parent Relationship": "Inner", "Parallel Aware": false, "Async Capable": false, "Relation Name": "lineitem", "Alias": "lineitem", "Startup Cost": 0.85, "Total Cost": 5.3, "Plan Rows": 16, "Plan Width": 4, "Recheck Cond": "(orders.o_orderkey = l_orderkey)", "Filter": "(l_shipdate > '1995-03-28'::date)", "Plans": [{"Node Type": "Bitmap Index Scan", "Parent Relationship": "Outer", "Parallel Aware": false, "Async Capable": false, "Index Name": "idx_lineitem_orderkey", "Startup Cost": 0.0, "Total Cost": 0.84, "Plan Rows": 30, "Plan Width": 0, "Index Cond": "(l_orderkey = orders.o_orderkey)"}]}]}]}]}]}}, {"Plan": {"Node Type": "Aggregate", "Strategy": "Plain", "Partial Mode": "Finalize", "Parallel Aware": false, "Async Capable": false, "Startup Cost": 3443105.29, "Total Cost": 3443105.3, "Plan Rows": 1, "Plan Width": 8, "Plans": [{"Node Type": "Gather", "Parent Relationship": "Outer", "Parallel Aware": false, "Async Capable": false, "Startup Cost": 3443104.57, "Total Cost": 3443105.28, "Plan Rows": 7, "Plan Width": 8, "Workers Planned": 7, "Single Copy": false, "Plans": [{"Node Type": "Aggregate", "Strategy": "Plain", "Partial Mode": "Partial", "Parent Relationship": "Outer", "Parallel Aware": false, "Async Capable": false, "Startup Cost": 3442104.57, "Total Cost": 3442104.58, "Plan Rows": 1, "Plan Width": 8, "Plans": [{"Node Type": "Merge Join", "Parent Relationship": "Outer", "Parallel Aware": false, "Async Capable": false, "Join Type": "Inner", "Startup Cost": 3406185.0, "Total Cost": 3440971.97, "Plan Rows": 453038, "Plan Width": 0, "Inner Unique": false, "Merge Cond": "(lineitem.l_orderkey = orders.o_orderkey)", "Plans": [{"Node Type": "Sort", "Parent Relationship": "Outer", "Parallel Aware": false, "Async Capable": false, "Startup Cost": 1736833.65, "Total Cost": 1748238.27, "Plan Rows": 4561848, "Plan Width": 4, "Sort Key": ["lineitem.l_orderkey"], "Plans": [{"Node Type": "Seq Scan", "Parent Relationship": "Outer", "Parallel Aware": true, "Async Capable": false, "Relation Name": "lineitem", "Alias": "lineitem", "Startup Cost": 0.0, "Total Cost": 1232266.19, "Plan Rows": 4561848, "Plan Width": 4, "Filter": "(l_shipdate > '1995-03-28'::date)"}]}, {"Node Type": "Sort", "Parent Relationship": "Inner", "Parallel Aware": false, "Async Capable": false, "Startup Cost": 1669351.29, "Total Cost": 1673075.4, "Plan Rows": 1489643, "Plan Width": 4, "Sort Key": ["orders.o_orderkey"], "Plans": [{"Node Type": "Merge Join", "Parent Relationship": "Outer", "Parallel Aware": false, "Async Capable": false, "Join Type": "Inner", "Startup Cost": 1463235.88, "Total Cost": 1516614.21, "Plan Rows": 1489643, "Plan Width": 4, "Inner Unique": true, "Merge Cond": "(orders.o_custkey = customer.c_custkey)", "Plans": [{"Node Type": "Sort", "Parent Relationship": "Outer", "Parallel Aware": false, "Async Capable": false, "Startup Cost": 1380994.84, "Total Cost": 1399480.42, "Plan Rows": 7394235, "Plan Width": 8, "Sort Key": ["orders.o_custkey"], "Plans": [{"Node Type": "Bitmap Heap Scan", "Parent Relationship": "Outer", "Parallel Aware": false, "Async Capable": false, "Relation Name": "orders", "Alias": "orders", "Startup Cost": 82593.76, "Total Cost": 436293.69, "Plan Rows": 7394235, "Plan Width": 8, "Recheck Cond": "(o_orderdate < '1995-03-28'::date)", "Plans": [{"Node Type": "Bitmap Index Scan", "Parent Relationship": "Outer", "Parallel Aware": false, "Async Capable": false, "Index Name": "idx_orders_orderdate", "Startup Cost": 0.0, "Total Cost": 80745.2, "Plan Rows": 7394235, "Plan Width": 0, "Index Cond": "(o_orderdate < '1995-03-28'::date)"}]}]}, {"Node Type": "Sort", "Parent Relationship": "Inner", "Parallel Aware": false, "Async Capable": false, "Startup Cost": 82240.99, "Total Cost": 82996.47, "Plan Rows": 302190, "Plan Width": 4, "Sort Key": ["customer.c_custkey"], "Plans": [{"Node Type": "Seq Scan", "Parent Relationship": "Outer", "Parallel Aware": false, "Async Capable": false, "Relation Name": "customer", "Alias": "customer", "Startup Cost": 0.0, "Total Cost": 54734.0, "Plan Rows": 302190, "Plan Width": 4, "Filter": "(c_mktsegment = 'AUTOMOBILE'::bpchar)"}]}]}]}]}]}]}]}}]