[{"Plan": {"Node Type": "Aggregate", "Strategy": "Plain", "Partial Mode": "Finalize", "Parallel Aware": false, "Async Capable": false, "Startup Cost": 461383.53, "Total Cost": 461383.54, "Plan Rows": 1, "Plan Width": 8, "Actual Rows": 1, "Actual Loops": 1, "Plans": [{"Node Type": "Gather", "Parent Relationship": "Outer", "Parallel Aware": false, "Async Capable": false, "Startup Cost": 461383.11, "Total Cost": 461383.52, "Plan Rows": 4, "Plan Width": 8, "Actual Rows": 5, "Actual Loops": 1, "Workers Planned": 4, "Workers Launched": 4, "Single Copy": false, "Plans": [{"Node Type": "Aggregate", "Strategy": "Plain", "Partial Mode": "Partial", "Parent Relationship": "Outer", "Parallel Aware": false, "Async Capable": false, "Startup Cost": 460383.11, "Total Cost": 460383.12, "Plan Rows": 1, "Plan Width": 8, "Actual Rows": 1, "Actual Loops": 5, "Workers": [], "Plans": [{"Node Type": "Hash Join", "Parent Relationship": "Outer", "Parallel Aware": false, "Async Capable": false, "Join Type": "Inner", "Startup Cost": 5.67, "Total Cost": 460368.3, "Plan Rows": 5925, "Plan Width": 0, "Actual Rows": 4821, "Actual Loops": 5, "Inner Unique": true, "Hash Cond": "(supplier.s_nationkey = n2.n_nationkey)", "Workers": [], "Plans": [{"Node Type": "Nested Loop", "Parent Relationship": "Outer", "Parallel Aware": false, "Async Capable": false, "Join Type": "Inner", "Startup Cost": 4.1, "Total Cost": 460348.55, "Plan Rows": 5925, "Plan Width": 4, "Actual Rows": 4821, "Actual Loops": 5, "Inner Unique": true, "Workers": [], "Plans": [{"Node Type": "Hash Join", "Parent Relationship": "Outer", "Parallel Aware": false, "Async Capable": false, "Join Type": "Inner", "Startup Cost": 3.81, "Total Cost": 458506.14, "Plan Rows": 5940, "Plan Width": 4, "Actual Rows": 4821, "Actual Loops": 5, "Inner Unique": false, "Hash Cond": "(customer.c_nationkey = n1.n_nationkey)", "Workers": [], "Plans": [{"Node Type": "Nested Loop", "Parent Relationship": "Outer", "Parallel Aware": false, "Async Capable": false, "Join Type": "Inner", "Startup Cost": 1.3, "Total Cost": 458332.85, "Plan Rows": 29702, "Plan Width": 8, "Actual Rows": 24352, "Actual Loops": 5, "Inner Unique": true, "Workers": [], "Plans": [{"Node Type": "Nested Loop", "Parent Relationship": "Outer", "Parallel Aware": false, "Async Capable": false, "Join Type": "Inner", "Startup Cost": 0.88, "Total Cost": 444067.66, "Plan Rows": 29702, "Plan Width": 8, "Actual Rows": 24352, "Actual Loops": 5, "Inner Unique": true, "Workers": [], "Plans": [{"Node Type": "Nested Loop", "Parent Relationship": "Outer", "Parallel Aware": false, "Async Capable": false, "Join Type": "Inner", "Startup Cost": 0.44, "Total Cost": 397264.22, "Plan Rows": 97984, "Plan Width": 8, "Actual Rows": 80028, "Actual Loops": 5, "Inner Unique": false, "Workers": [], "Plans": [{"Node Type": "Seq Scan", "Parent Relationship": "Outer", "Parallel Aware": true, "Async Capable": false, "Relation Name": "part", "Alias": "part", "Startup Cost": 0.0, "Total Cost": 47242.0, "Plan Rows": 3267, "Plan Width": 4, "Actual Rows": 2670, "Actual Loops": 5, "Filter": "((p_type)::text = 'PROMO PLATED COPPER'::text)", "Rows Removed by Filter": 397330, "Workers": []}, {"Node Type": "Index Scan", "Parent Relationship": "Inner", "Parallel Aware": false, "Async Capable": false, "Scan Direction": "Forward", "Index Name": "idx_lineitem_part_supp", "Relation Name": "lineitem", "Alias": "lineitem", "Startup Cost": 0.44, "Total Cost": 106.84, "Plan Rows": 30, "Plan Width": 12, "Actual Rows": 30, "Actual Loops": 13349, "Index Cond": "(l_partkey = part.p_partkey)", "Rows Removed by Index Recheck": 0, "Workers": []}]}, {"Node Type": "Index Scan", "Parent Relationship": "Inner", "Parallel Aware": false, "Async Capable": false, "Scan Direction": "Forward", "Index Name": "orders_pkey", "Relation Name": "orders", "Alias": "orders", "Startup Cost": 0.43, "Total Cost": 0.48, "Plan Rows": 1, "Plan Width": 8, "Actual Rows": 0, "Actual Loops": 400138, "Index Cond": "(o_orderkey = lineitem.l_orderkey)", "Rows Removed by Index Recheck": 0, "Filter": "((o_orderdate >= '1995-01-01'::date) AND (o_orderdate <= '1996-12-31'::date))", "Rows Removed by Filter": 1, "Workers": []}]}, {"Node Type": "Index Scan", "Parent Relationship": "Inner", "Parallel Aware": false, "Async Capable": false, "Scan Direction": "Forward", "Index Name": "customer_pkey", "Relation Name": "customer", "Alias": "customer", "Startup Cost": 0.43, "Total Cost": 0.48, "Plan Rows": 1, "Plan Width": 8, "Actual Rows": 1, "Actual Loops": 121760, "Index Cond": "(c_custkey = orders.o_custkey)", "Rows Removed by Index Recheck": 0, "Workers": []}]}, {"Node Type": "Hash", "Parent Relationship": "Inner", "Parallel Aware": false, "Async Capable": false, "Startup Cost": 2.45, "Total Cost": 2.45, "Plan Rows": 5, "Plan Width": 4, "Actual Rows": 5, "Actual Loops": 5, "Hash Buckets": 1024, "Original Hash Buckets": 1024, "Hash Batches": 1, "Original Hash Batches": 1, "Peak Memory Usage": 9, "Workers": [], "Plans": [{"Node Type": "Hash Join", "Parent Relationship": "Outer", "Parallel Aware": false, "Async Capable": false, "Join Type": "Inner", "Startup Cost": 1.07, "Total Cost": 2.45, "Plan Rows": 5, "Plan Width": 4, "Actual Rows": 5, "Actual Loops": 5, "Inner Unique": true, "Hash Cond": "(n1.n_regionkey = region.r_regionkey)", "Workers": [], "Plans": [{"Node Type": "Seq Scan", "Parent Relationship": "Outer", "Parallel Aware": false, "Async Capable": false, "Relation Name": "nation", "Alias": "n1", "Startup Cost": 0.0, "Total Cost": 1.25, "Plan Rows": 25, "Plan Width": 8, "Actual Rows": 25, "Actual Loops": 5, "Workers": []}, {"Node Type": "Hash", "Parent Relationship": "Inner", "Parallel Aware": false, "Async Capable": false, "Startup Cost": 1.06, "Total Cost": 1.06, "Plan Rows": 1, "Plan Width": 4, "Actual Rows": 1, "Actual Loops": 5, "Hash Buckets": 1024, "Original Hash Buckets": 1024, "Hash Batches": 1, "Original Hash Batches": 1, "Peak Memory Usage": 9, "Workers": [], "Plans": [{"Node Type": "Seq Scan", "Parent Relationship": "Outer", "Parallel Aware": false, "Async Capable": false, "Relation Name": "region", "Alias": "region", "Startup Cost": 0.0, "Total Cost": 1.06, "Plan Rows": 1, "Plan Width": 4, "Actual Rows": 1, "Actual Loops": 5, "Filter": "(r_name = 'AMERICA'::bpchar)", "Rows Removed by Filter": 4, "Workers": []}]}]}]}]}, {"Node Type": "Index Scan", "Parent Relationship": "Inner", "Parallel Aware": false, "Async Capable": false, "Scan Direction": "Forward", "Index Name": "supplier_pkey", "Relation Name": "supplier", "Alias": "supplier", "Startup Cost": 0.29, "Total Cost": 0.31, "Plan Rows": 1, "Plan Width": 8, "Actual Rows": 1, "Actual Loops": 24103, "Index Cond": "(s_suppkey = lineitem.l_suppkey)", "Rows Removed by Index Recheck": 0, "Workers": []}]}, {"Node Type": "Hash", "Parent Relationship": "Inner", "Parallel Aware": false, "Async Capable": false, "Startup Cost": 1.25, "Total Cost": 1.25, "Plan Rows": 25, "Plan Width": 4, "Actual Rows": 25, "Actual Loops": 5, "Hash Buckets": 1024, "Original Hash Buckets": 1024, "Hash Batches": 1, "Original Hash Batches": 1, "Peak Memory Usage": 9, "Workers": [], "Plans": [{"Node Type": "Seq Scan", "Parent Relationship": "Outer", "Parallel Aware": false, "Async Capable": false, "Relation Name": "nation", "Alias": "n2", "Startup Cost": 0.0, "Total Cost": 1.25, "Plan Rows": 25, "Plan Width": 4, "Actual Rows": 25, "Actual Loops": 5, "Workers": []}]}]}]}]}]}, "Planning Time": 6.951, "Triggers": [], "Execution Time": 3197.824}, {"Plan": {"Node Type": "Aggregate", "Strategy": "Plain", "Partial Mode": "Finalize", "Parallel Aware": false, "Async Capable": false, "Startup Cost": 461383.53, "Total Cost": 461383.54, "Plan Rows": 1, "Plan Width": 8, "Actual Rows": 1, "Actual Loops": 1, "Plans": [{"Node Type": "Gather", "Parent Relationship": "Outer", "Parallel Aware": false, "Async Capable": false, "Startup Cost": 461383.11, "Total Cost": 461383.52, "Plan Rows": 4, "Plan Width": 8, "Actual Rows": 5, "Actual Loops": 1, "Workers Planned": 4, "Workers Launched": 4, "Single Copy": false, "Plans": [{"Node Type": "Aggregate", "Strategy": "Plain", "Partial Mode": "Partial", "Parent Relationship": "Outer", "Parallel Aware": false, "Async Capable": false, "Startup Cost": 460383.11, "Total Cost": 460383.12, "Plan Rows": 1, "Plan Width": 8, "Actual Rows": 1, "Actual Loops": 5, "Workers": [], "Plans": [{"Node Type": "Hash Join", "Parent Relationship": "Outer", "Parallel Aware": false, "Async Capable": false, "Join Type": "Inner", "Startup Cost": 5.67, "Total Cost": 460368.3, "Plan Rows": 5925, "Plan Width": 0, "Actual Rows": 4821, "Actual Loops": 5, "Inner Unique": true, "Hash Cond": "(supplier.s_nationkey = n2.n_nationkey)", "Workers": [], "Plans": [{"Node Type": "Nested Loop", "Parent Relationship": "Outer", "Parallel Aware": false, "Async Capable": false, "Join Type": "Inner", "Startup Cost": 4.1, "Total Cost": 460348.55, "Plan Rows": 5925, "Plan Width": 4, "Actual Rows": 4821, "Actual Loops": 5, "Inner Unique": true, "Workers": [], "Plans": [{"Node Type": "Hash Join", "Parent Relationship": "Outer", "Parallel Aware": false, "Async Capable": false, "Join Type": "Inner", "Startup Cost": 3.81, "Total Cost": 458506.14, "Plan Rows": 5940, "Plan Width": 4, "Actual Rows": 4821, "Actual Loops": 5, "Inner Unique": false, "Hash Cond": "(customer.c_nationkey = n1.n_nationkey)", "Workers": [], "Plans": [{"Node Type": "Nested Loop", "Parent Relationship": "Outer", "Parallel Aware": false, "Async Capable": false, "Join Type": "Inner", "Startup Cost": 1.3, "Total Cost": 458332.85, "Plan Rows": 29702, "Plan Width": 8, "Actual Rows": 24352, "Actual Loops": 5, "Inner Unique": true, "Workers": [], "Plans": [{"Node Type": "Nested Loop", "Parent Relationship": "Outer", "Parallel Aware": false, "Async Capable": false, "Join Type": "Inner", "Startup Cost": 0.88, "Total Cost": 444067.66, "Plan Rows": 29702, "Plan Width": 8, "Actual Rows": 24352, "Actual Loops": 5, "Inner Unique": true, "Workers": [], "Plans": [{"Node Type": "Nested Loop", "Parent Relationship": "Outer", "Parallel Aware": false, "Async Capable": false, "Join Type": "Inner", "Startup Cost": 0.44, "Total Cost": 397264.22, "Plan Rows": 97984, "Plan Width": 8, "Actual Rows": 80028, "Actual Loops": 5, "Inner Unique": false, "Workers": [], "Plans": [{"Node Type": "Seq Scan", "Parent Relationship": "Outer", "Parallel Aware": true, "Async Capable": false, "Relation Name": "part", "Alias": "part", "Startup Cost": 0.0, "Total Cost": 47242.0, "Plan Rows": 3267, "Plan Width": 4, "Actual Rows": 2670, "Actual Loops": 5, "Filter": "((p_type)::text = 'PROMO PLATED COPPER'::text)", "Rows Removed by Filter": 397330, "Workers": []}, {"Node Type": "Index Scan", "Parent Relationship": "Inner", "Parallel Aware": false, "Async Capable": false, "Scan Direction": "Forward", "Index Name": "idx_lineitem_part_supp", "Relation Name": "lineitem", "Alias": "lineitem", "Startup Cost": 0.44, "Total Cost": 106.84, "Plan Rows": 30, "Plan Width": 12, "Actual Rows": 30, "Actual Loops": 13349, "Index Cond": "(l_partkey = part.p_partkey)", "Rows Removed by Index Recheck": 0, "Workers": []}]}, {"Node Type": "Index Scan", "Parent Relationship": "Inner", "Parallel Aware": false, "Async Capable": false, "Scan Direction": "Forward", "Index Name": "orders_pkey", "Relation Name": "orders", "Alias": "orders", "Startup Cost": 0.43, "Total Cost": 0.48, "Plan Rows": 1, "Plan Width": 8, "Actual Rows": 0, "Actual Loops": 400138, "Index Cond": "(o_orderkey = lineitem.l_orderkey)", "Rows Removed by Index Recheck": 0, "Filter": "((o_orderdate >= '1995-01-01'::date) AND (o_orderdate <= '1996-12-31'::date))", "Rows Removed by Filter": 1, "Workers": []}]}, {"Node Type": "Index Scan", "Parent Relationship": "Inner", "Parallel Aware": false, "Async Capable": false, "Scan Direction": "Forward", "Index Name": "customer_pkey", "Relation Name": "customer", "Alias": "customer", "Startup Cost": 0.43, "Total Cost": 0.48, "Plan Rows": 1, "Plan Width": 8, "Actual Rows": 1, "Actual Loops": 121760, "Index Cond": "(c_custkey = orders.o_custkey)", "Rows Removed by Index Recheck": 0, "Workers": []}]}, {"Node Type": "Hash", "Parent Relationship": "Inner", "Parallel Aware": false, "Async Capable": false, "Startup Cost": 2.45, "Total Cost": 2.45, "Plan Rows": 5, "Plan Width": 4, "Actual Rows": 5, "Actual Loops": 5, "Hash Buckets": 1024, "Original Hash Buckets": 1024, "Hash Batches": 1, "Original Hash Batches": 1, "Peak Memory Usage": 9, "Workers": [], "Plans": [{"Node Type": "Hash Join", "Parent Relationship": "Outer", "Parallel Aware": false, "Async Capable": false, "Join Type": "Inner", "Startup Cost": 1.07, "Total Cost": 2.45, "Plan Rows": 5, "Plan Width": 4, "Actual Rows": 5, "Actual Loops": 5, "Inner Unique": true, "Hash Cond": "(n1.n_regionkey = region.r_regionkey)", "Workers": [], "Plans": [{"Node Type": "Seq Scan", "Parent Relationship": "Outer", "Parallel Aware": false, "Async Capable": false, "Relation Name": "nation", "Alias": "n1", "Startup Cost": 0.0, "Total Cost": 1.25, "Plan Rows": 25, "Plan Width": 8, "Actual Rows": 25, "Actual Loops": 5, "Workers": []}, {"Node Type": "Hash", "Parent Relationship": "Inner", "Parallel Aware": false, "Async Capable": false, "Startup Cost": 1.06, "Total Cost": 1.06, "Plan Rows": 1, "Plan Width": 4, "Actual Rows": 1, "Actual Loops": 5, "Hash Buckets": 1024, "Original Hash Buckets": 1024, "Hash Batches": 1, "Original Hash Batches": 1, "Peak Memory Usage": 9, "Workers": [], "Plans": [{"Node Type": "Seq Scan", "Parent Relationship": "Outer", "Parallel Aware": false, "Async Capable": false, "Relation Name": "region", "Alias": "region", "Startup Cost": 0.0, "Total Cost": 1.06, "Plan Rows": 1, "Plan Width": 4, "Actual Rows": 1, "Actual Loops": 5, "Filter": "(r_name = 'AMERICA'::bpchar)", "Rows Removed by Filter": 4, "Workers": []}]}]}]}]}, {"Node Type": "Index Scan", "Parent Relationship": "Inner", "Parallel Aware": false, "Async Capable": false, "Scan Direction": "Forward", "Index Name": "supplier_pkey", "Relation Name": "supplier", "Alias": "supplier", "Startup Cost": 0.29, "Total Cost": 0.31, "Plan Rows": 1, "Plan Width": 8, "Actual Rows": 1, "Actual Loops": 24103, "Index Cond": "(s_suppkey = lineitem.l_suppkey)", "Rows Removed by Index Recheck": 0, "Workers": []}]}, {"Node Type": "Hash", "Parent Relationship": "Inner", "Parallel Aware": false, "Async Capable": false, "Startup Cost": 1.25, "Total Cost": 1.25, "Plan Rows": 25, "Plan Width": 4, "Actual Rows": 25, "Actual Loops": 5, "Hash Buckets": 1024, "Original Hash Buckets": 1024, "Hash Batches": 1, "Original Hash Batches": 1, "Peak Memory Usage": 9, "Workers": [], "Plans": [{"Node Type": "Seq Scan", "Parent Relationship": "Outer", "Parallel Aware": false, "Async Capable": false, "Relation Name": "nation", "Alias": "n2", "Startup Cost": 0.0, "Total Cost": 1.25, "Plan Rows": 25, "Plan Width": 4, "Actual Rows": 25, "Actual Loops": 5, "Workers": []}]}]}]}]}]}, "Planning Time": 6.052, "Triggers": [], "Execution Time": 3187.108}, {"Plan": {"Node Type": "Aggregate", "Strategy": "Plain", "Partial Mode": "Simple", "Parallel Aware": false, "Async Capable": false, "Startup Cost": 464342.7, "Total Cost": 464342.71, "Plan Rows": 1, "Plan Width": 8, "Actual Rows": 1, "Actual Loops": 1, "Plans": [{"Node Type": "Hash Join", "Parent Relationship": "Outer", "Parallel Aware": false, "Async Capable": false, "Join Type": "Inner", "Startup Cost": 464014.8, "Total Cost": 464283.45, "Plan Rows": 23700, "Plan Width": 0, "Actual Rows": 24103, "Actual Loops": 1, "Inner Unique": false, "Hash Cond": "(n2.n_nationkey = supplier.s_nationkey)", "Plans": [{"Node Type": "Seq Scan", "Parent Relationship": "Outer", "Parallel Aware": false, "Async Capable": false, "Relation Name": "nation", "Alias": "n2", "Startup Cost": 0.0, "Total Cost": 1.25, "Plan Rows": 25, "Plan Width": 4, "Actual Rows": 25, "Actual Loops": 1}, {"Node Type": "Hash", "Parent Relationship": "Inner", "Parallel Aware": false, "Async Capable": false, "Startup Cost": 463718.55, "Total Cost": 463718.55, "Plan Rows": 23700, "Plan Width": 4, "Actual Rows": 24103, "Actual Loops": 1, "Hash Buckets": 32768, "Original Hash Buckets": 32768, "Hash Batches": 1, "Original Hash Batches": 1, "Peak Memory Usage": 1104, "Plans": [{"Node Type": "Gather", "Parent Relationship": "Outer", "Parallel Aware": false, "Async Capable": false, "Startup Cost": 1004.1, "Total Cost": 463718.55, "Plan Rows": 23700, "Plan Width": 4, "Actual Rows": 24103, "Actual Loops": 1, "Workers Planned": 4, "Workers Launched": 4, "Single Copy": false, "Plans": [{"Node Type": "Nested Loop", "Parent Relationship": "Outer", "Parallel Aware": false, "Async Capable": false, "Join Type": "Inner", "Startup Cost": 4.1, "Total Cost": 460348.55, "Plan Rows": 5925, "Plan Width": 4, "Actual Rows": 4821, "Actual Loops": 5, "Inner Unique": true, "Workers": [], "Plans": [{"Node Type": "Hash Join", "Parent Relationship": "Outer", "Parallel Aware": false, "Async Capable": false, "Join Type": "Inner", "Startup Cost": 3.81, "Total Cost": 458506.14, "Plan Rows": 5940, "Plan Width": 4, "Actual Rows": 4821, "Actual Loops": 5, "Inner Unique": false, "Hash Cond": "(customer.c_nationkey = n1.n_nationkey)", "Workers": [], "Plans": [{"Node Type": "Nested Loop", "Parent Relationship": "Outer", "Parallel Aware": false, "Async Capable": false, "Join Type": "Inner", "Startup Cost": 1.3, "Total Cost": 458332.85, "Plan Rows": 29702, "Plan Width": 8, "Actual Rows": 24352, "Actual Loops": 5, "Inner Unique": true, "Workers": [], "Plans": [{"Node Type": "Nested Loop", "Parent Relationship": "Outer", "Parallel Aware": false, "Async Capable": false, "Join Type": "Inner", "Startup Cost": 0.88, "Total Cost": 444067.66, "Plan Rows": 29702, "Plan Width": 8, "Actual Rows": 24352, "Actual Loops": 5, "Inner Unique": true, "Workers": [], "Plans": [{"Node Type": "Nested Loop", "Parent Relationship": "Outer", "Parallel Aware": false, "Async Capable": false, "Join Type": "Inner", "Startup Cost": 0.44, "Total Cost": 397264.22, "Plan Rows": 97984, "Plan Width": 8, "Actual Rows": 80028, "Actual Loops": 5, "Inner Unique": false, "Workers": [], "Plans": [{"Node Type": "Seq Scan", "Parent Relationship": "Outer", "Parallel Aware": true, "Async Capable": false, "Relation Name": "part", "Alias": "part", "Startup Cost": 0.0, "Total Cost": 47242.0, "Plan Rows": 3267, "Plan Width": 4, "Actual Rows": 2670, "Actual Loops": 5, "Filter": "((p_type)::text = 'PROMO PLATED COPPER'::text)", "Rows Removed by Filter": 397330, "Workers": []}, {"Node Type": "Index Scan", "Parent Relationship": "Inner", "Parallel Aware": false, "Async Capable": false, "Scan Direction": "Forward", "Index Name": "idx_lineitem_part_supp", "Relation Name": "lineitem", "Alias": "lineitem", "Startup Cost": 0.44, "Total Cost": 106.84, "Plan Rows": 30, "Plan Width": 12, "Actual Rows": 30, "Actual Loops": 13349, "Index Cond": "(l_partkey = part.p_partkey)", "Rows Removed by Index Recheck": 0, "Workers": []}]}, {"Node Type": "Index Scan", "Parent Relationship": "Inner", "Parallel Aware": false, "Async Capable": false, "Scan Direction": "Forward", "Index Name": "orders_pkey", "Relation Name": "orders", "Alias": "orders", "Startup Cost": 0.43, "Total Cost": 0.48, "Plan Rows": 1, "Plan Width": 8, "Actual Rows": 0, "Actual Loops": 400138, "Index Cond": "(o_orderkey = lineitem.l_orderkey)", "Rows Removed by Index Recheck": 0, "Filter": "((o_orderdate >= '1995-01-01'::date) AND (o_orderdate <= '1996-12-31'::date))", "Rows Removed by Filter": 1, "Workers": []}]}, {"Node Type": "Index Scan", "Parent Relationship": "Inner", "Parallel Aware": false, "Async Capable": false, "Scan Direction": "Forward", "Index Name": "customer_pkey", "Relation Name": "customer", "Alias": "customer", "Startup Cost": 0.43, "Total Cost": 0.48, "Plan Rows": 1, "Plan Width": 8, "Actual Rows": 1, "Actual Loops": 121760, "Index Cond": "(c_custkey = orders.o_custkey)", "Rows Removed by Index Recheck": 0, "Workers": []}]}, {"Node Type": "Hash", "Parent Relationship": "Inner", "Parallel Aware": false, "Async Capable": false, "Startup Cost": 2.45, "Total Cost": 2.45, "Plan Rows": 5, "Plan Width": 4, "Actual Rows": 5, "Actual Loops": 5, "Hash Buckets": 1024, "Original Hash Buckets": 1024, "Hash Batches": 1, "Original Hash Batches": 1, "Peak Memory Usage": 9, "Workers": [], "Plans": [{"Node Type": "Hash Join", "Parent Relationship": "Outer", "Parallel Aware": false, "Async Capable": false, "Join Type": "Inner", "Startup Cost": 1.07, "Total Cost": 2.45, "Plan Rows": 5, "Plan Width": 4, "Actual Rows": 5, "Actual Loops": 5, "Inner Unique": true, "Hash Cond": "(n1.n_regionkey = region.r_regionkey)", "Workers": [], "Plans": [{"Node Type": "Seq Scan", "Parent Relationship": "Outer", "Parallel Aware": false, "Async Capable": false, "Relation Name": "nation", "Alias": "n1", "Startup Cost": 0.0, "Total Cost": 1.25, "Plan Rows": 25, "Plan Width": 8, "Actual Rows": 25, "Actual Loops": 5, "Workers": []}, {"Node Type": "Hash", "Parent Relationship": "Inner", "Parallel Aware": false, "Async Capable": false, "Startup Cost": 1.06, "Total Cost": 1.06, "Plan Rows": 1, "Plan Width": 4, "Actual Rows": 1, "Actual Loops": 5, "Hash Buckets": 1024, "Original Hash Buckets": 1024, "Hash Batches": 1, "Original Hash Batches": 1, "Peak Memory Usage": 9, "Workers": [], "Plans": [{"Node Type": "Seq Scan", "Parent Relationship": "Outer", "Parallel Aware": false, "Async Capable": false, "Relation Name": "region", "Alias": "region", "Startup Cost": 0.0, "Total Cost": 1.06, "Plan Rows": 1, "Plan Width": 4, "Actual Rows": 1, "Actual Loops": 5, "Filter": "(r_name = 'AMERICA'::bpchar)", "Rows Removed by Filter": 4, "Workers": []}]}]}]}]}, {"Node Type": "Index Scan", "Parent Relationship": "Inner", "Parallel Aware": false, "Async Capable": false, "Scan Direction": "Forward", "Index Name": "supplier_pkey", "Relation Name": "supplier", "Alias": "supplier", "Startup Cost": 0.29, "Total Cost": 0.31, "Plan Rows": 1, "Plan Width": 8, "Actual Rows": 1, "Actual Loops": 24103, "Index Cond": "(s_suppkey = lineitem.l_suppkey)", "Rows Removed by Index Recheck": 0, "Workers": []}]}]}]}]}]}, "Planning Time": 6.466, "Triggers": [], "Execution Time": 3200.677}, {"Plan": {"Node Type": "Aggregate", "Strategy": "Plain", "Partial Mode": "Finalize", "Parallel Aware": false, "Async Capable": false, "Startup Cost": 781766.48, "Total Cost": 781766.49, "Plan Rows": 1, "Plan Width": 8, "Actual Rows": 1, "Actual Loops": 1, "Plans": [{"Node Type": "Gather", "Parent Relationship": "Outer", "Parallel Aware": false, "Async Capable": false, "Startup Cost": 781766.06, "Total Cost": 781766.47, "Plan Rows": 4, "Plan Width": 8, "Actual Rows": 5, "Actual Loops": 1, "Workers Planned": 4, "Workers Launched": 4, "Single Copy": false, "Plans": [{"Node Type": "Aggregate", "Strategy": "Plain", "Partial Mode": "Partial", "Parent Relationship": "Outer", "Parallel Aware": false, "Async Capable": false, "Startup Cost": 780766.06, "Total Cost": 780766.07, "Plan Rows": 1, "Plan Width": 8, "Actual Rows": 1, "Actual Loops": 5, "Workers": [], "Plans": [{"Node Type": "Hash Join", "Parent Relationship": "Outer", "Parallel Aware": true, "Async Capable": false, "Join Type": "Inner", "Startup Cost": 50875.44, "Total Cost": 780751.25, "Plan Rows": 5925, "Plan Width": 0, "Actual Rows": 4821, "Actual Loops": 5, "Inner Unique": true, "Hash Cond": "(lineitem.l_partkey = part.p_partkey)", "Workers": [], "Plans": [{"Node Type": "Hash Join", "Parent Relationship": "Outer", "Parallel Aware": false, "Async Capable": false, "Join Type": "Inner", "Startup Cost": 3592.61, "Total Cost": 731087.9, "Plan Rows": 906864, "Plan Width": 4, "Actual Rows": 727786, "Actual Loops": 5, "Inner Unique": true, "Hash Cond": "(supplier.s_nationkey = n2.n_nationkey)", "Workers": [], "Plans": [{"Node Type": "Hash Join", "Parent Relationship": "Outer", "Parallel Aware": true, "Async Capable": false, "Join Type": "Inner", "Startup Cost": 3591.04, "Total Cost": 728302.26, "Plan Rows": 906864, "Plan Width": 8, "Actual Rows": 727786, "Actual Loops": 5, "Inner Unique": true, "Hash Cond": "(lineitem.l_suppkey = supplier.s_suppkey)", "Workers": [], "Plans": [{"Node Type": "Nested Loop", "Parent Relationship": "Outer", "Parallel Aware": false, "Async Capable": false, "Join Type": "Inner", "Startup Cost": 3.51, "Total Cost": 722327.96, "Plan Rows": 909204, "Plan Width": 8, "Actual Rows": 727786, "Actual Loops": 5, "Inner Unique": false, "Workers": [], "Plans": [{"Node Type": "Nested Loop", "Parent Relationship": "Outer", "Parallel Aware": false, "Async Capable": false, "Join Type": "Inner", "Startup Cost": 2.94, "Total Cost": 162287.86, "Plan Rows": 227343, "Plan Width": 4, "Actual Rows": 182072, "Actual Loops": 5, "Inner Unique": false, "Workers": [], "Plans": [{"Node Type": "Hash Join", "Parent Relationship": "Outer", "Parallel Aware": false, "Async Capable": false, "Join Type": "Inner", "Startup Cost": 2.51, "Total Cost": 41892.76, "Plan Rows": 75000, "Plan Width": 4, "Actual Rows": 59887, "Actual Loops": 5, "Inner Unique": false, "Hash Cond": "(customer.c_nationkey = n1.n_nationkey)", "Workers": [], "Plans": [{"Node Type": "Seq Scan", "Parent Relationship": "Outer", "Parallel Aware": true, "Async Capable": false, "Relation Name": "customer", "Alias": "customer", "Startup Cost": 0.0, "Total Cost": 39734.0, "Plan Rows": 375000, "Plan Width": 8, "Actual Rows": 300000, "Actual Loops": 5, "Workers": []}, {"Node Type": "Hash", "Parent Relationship": "Inner", "Parallel Aware": false, "Async Capable": false, "Startup Cost": 2.45, "Total Cost": 2.45, "Plan Rows": 5, "Plan Width": 4, "Actual Rows": 5, "Actual Loops": 5, "Hash Buckets": 1024, "Original Hash Buckets": 1024, "Hash Batches": 1, "Original Hash Batches": 1, "Peak Memory Usage": 9, "Workers": [], "Plans": [{"Node Type": "Hash Join", "Parent Relationship": "Outer", "Parallel Aware": false, "Async Capable": false, "Join Type": "Inner", "Startup Cost": 1.07, "Total Cost": 2.45, "Plan Rows": 5, "Plan Width": 4, "Actual Rows": 5, "Actual Loops": 5, "Inner Unique": true, "Hash Cond": "(n1.n_regionkey = region.r_regionkey)", "Workers": [], "Plans": [{"Node Type": "Seq Scan", "Parent Relationship": "Outer", "Parallel Aware": false, "Async Capable": false, "Relation Name": "nation", "Alias": "n1", "Startup Cost": 0.0, "Total Cost": 1.25, "Plan Rows": 25, "Plan Width": 8, "Actual Rows": 25, "Actual Loops": 5, "Workers": []}, {"Node Type": "Hash", "Parent Relationship": "Inner", "Parallel Aware": false, "Async Capable": false, "Startup Cost": 1.06, "Total Cost": 1.06, "Plan Rows": 1, "Plan Width": 4, "Actual Rows": 1, "Actual Loops": 5, "Hash Buckets": 1024, "Original Hash Buckets": 1024, "Hash Batches": 1, "Original Hash Batches": 1, "Peak Memory Usage": 9, "Workers": [], "Plans": [{"Node Type": "Seq Scan", "Parent Relationship": "Outer", "Parallel Aware": false, "Async Capable": false, "Relation Name": "region", "Alias": "region", "Startup Cost": 0.0, "Total Cost": 1.06, "Plan Rows": 1, "Plan Width": 4, "Actual Rows": 1, "Actual Loops": 5, "Filter": "(r_name = 'AMERICA'::bpchar)", "Rows Removed by Filter": 4, "Workers": []}]}]}]}]}, {"Node Type": "Index Scan", "Parent Relationship": "Inner", "Parallel Aware": false, "Async Capable": false, "Scan Direction": "Forward", "Index Name": "idx_orders_custkey", "Relation Name": "orders", "Alias": "orders", "Startup Cost": 0.43, "Total Cost": 1.56, "Plan Rows": 5, "Plan Width": 8, "Actual Rows": 3, "Actual Loops": 299436, "Index Cond": "(o_custkey = customer.c_custkey)", "Rows Removed by Index Recheck": 0, "Filter": "((o_orderdate >= '1995-01-01'::date) AND (o_orderdate <= '1996-12-31'::date))", "Rows Removed by Filter": 7, "Workers": []}]}, {"Node Type": "Index Scan", "Parent Relationship": "Inner", "Parallel Aware": false, "Async Capable": false, "Scan Direction": "Forward", "Index Name": "idx_lineitem_orderkey", "Relation Name": "lineitem", "Alias": "lineitem", "Startup Cost": 0.56, "Total Cost": 2.16, "Plan Rows": 30, "Plan Width": 12, "Actual Rows": 4, "Actual Loops": 910360, "Index Cond": "(l_orderkey = orders.o_orderkey)", "Rows Removed by Index Recheck": 0, "Workers": []}]}, {"Node Type": "Hash", "Parent Relationship": "Inner", "Parallel Aware": true, "Async Capable": false, "Startup Cost": 2852.24, "Total Cost": 2852.24, "Plan Rows": 58824, "Plan Width": 8, "Actual Rows": 20000, "Actual Loops": 5, "Hash Buckets": 131072, "Original Hash Buckets": 131072, "Hash Batches": 1, "Original Hash Batches": 1, "Peak Memory Usage": 5024, "Workers": [], "Plans": [{"Node Type": "Seq Scan", "Parent Relationship": "Outer", "Parallel Aware": true, "Async Capable": false, "Relation Name": "supplier", "Alias": "supplier", "Startup Cost": 0.0, "Total Cost": 2852.24, "Plan Rows": 58824, "Plan Width": 8, "Actual Rows": 20000, "Actual Loops": 5, "Workers": []}]}]}, {"Node Type": "Hash", "Parent Relationship": "Inner", "Parallel Aware": false, "Async Capable": false, "Startup Cost": 1.25, "Total Cost": 1.25, "Plan Rows": 25, "Plan Width": 4, "Actual Rows": 25, "Actual Loops": 5, "Hash Buckets": 1024, "Original Hash Buckets": 1024, "Hash Batches": 1, "Original Hash Batches": 1, "Peak Memory Usage": 9, "Workers": [], "Plans": [{"Node Type": "Seq Scan", "Parent Relationship": "Outer", "Parallel Aware": false, "Async Capable": false, "Relation Name": "nation", "Alias": "n2", "Startup Cost": 0.0, "Total Cost": 1.25, "Plan Rows": 25, "Plan Width": 4, "Actual Rows": 25, "Actual Loops": 5, "Workers": []}]}]}, {"Node Type": "Hash", "Parent Relationship": "Inner", "Parallel Aware": true, "Async Capable": false, "Startup Cost": 47242.0, "Total Cost": 47242.0, "Plan Rows": 3267, "Plan Width": 4, "Actual Rows": 2670, "Actual Loops": 5, "Hash Buckets": 16384, "Original Hash Buckets": 16384, "Hash Batches": 1, "Original Hash Batches": 1, "Peak Memory Usage": 736, "Workers": [], "Plans": [{"Node Type": "Seq Scan", "Parent Relationship": "Outer", "Parallel Aware": true, "Async Capable": false, "Relation Name": "part", "Alias": "part", "Startup Cost": 0.0, "Total Cost": 47242.0, "Plan Rows": 3267, "Plan Width": 4, "Actual Rows": 2670, "Actual Loops": 5, "Filter": "((p_type)::text = 'PROMO PLATED COPPER'::text)", "Rows Removed by Filter": 397330, "Workers": []}]}]}]}]}]}, "Planning Time": 4.885, "Triggers": [], "Execution Time": 9469.502}, {"Plan": {"Node Type": "Aggregate", "Strategy": "Plain", "Partial Mode": "Finalize", "Parallel Aware": false, "Async Capable": false, "Startup Cost": 463348.19, "Total Cost": 463348.2, "Plan Rows": 1, "Plan Width": 8, "Actual Rows": 1, "Actual Loops": 1, "Plans": [{"Node Type": "Gather", "Parent Relationship": "Outer", "Parallel Aware": false, "Async Capable": false, "Startup Cost": 463347.77, "Total Cost": 463348.18, "Plan Rows": 4, "Plan Width": 8, "Actual Rows": 5, "Actual Loops": 1, "Workers Planned": 4, "Workers Launched": 4, "Single Copy": false, "Plans": [{"Node Type": "Aggregate", "Strategy": "Plain", "Partial Mode": "Partial", "Parent Relationship": "Outer", "Parallel Aware": false, "Async Capable": false, "Startup Cost": 462347.77, "Total Cost": 462347.78, "Plan Rows": 1, "Plan Width": 8, "Actual Rows": 1, "Actual Loops": 5, "Workers": [], "Plans": [{"Node Type": "Hash Join", "Parent Relationship": "Outer", "Parallel Aware": true, "Async Capable": false, "Join Type": "Inner", "Startup Cost": 3773.5, "Total Cost": 462332.95, "Plan Rows": 5925, "Plan Width": 0, "Actual Rows": 4821, "Actual Loops": 5, "Inner Unique": false, "Hash Cond": "(lineitem.l_suppkey = supplier.s_suppkey)", "Workers": [], "Plans": [{"Node Type": "Hash Join", "Parent Relationship": "Outer", "Parallel Aware": false, "Async Capable": false, "Join Type": "Inner", "Startup Cost": 3.81, "Total Cost": 458506.14, "Plan Rows": 5940, "Plan Width": 4, "Actual Rows": 4821, "Actual Loops": 5, "Inner Unique": false, "Hash Cond": "(customer.c_nationkey = n1.n_nationkey)", "Workers": [], "Plans": [{"Node Type": "Nested Loop", "Parent Relationship": "Outer", "Parallel Aware": false, "Async Capable": false, "Join Type": "Inner", "Startup Cost": 1.3, "Total Cost": 458332.85, "Plan Rows": 29702, "Plan Width": 8, "Actual Rows": 24352, "Actual Loops": 5, "Inner Unique": true, "Workers": [], "Plans": [{"Node Type": "Nested Loop", "Parent Relationship": "Outer", "Parallel Aware": false, "Async Capable": false, "Join Type": "Inner", "Startup Cost": 0.88, "Total Cost": 444067.66, "Plan Rows": 29702, "Plan Width": 8, "Actual Rows": 24352, "Actual Loops": 5, "Inner Unique": true, "Workers": [], "Plans": [{"Node Type": "Nested Loop", "Parent Relationship": "Outer", "Parallel Aware": false, "Async Capable": false, "Join Type": "Inner", "Startup Cost": 0.44, "Total Cost": 397264.22, "Plan Rows": 97984, "Plan Width": 8, "Actual Rows": 80028, "Actual Loops": 5, "Inner Unique": false, "Workers": [], "Plans": [{"Node Type": "Seq Scan", "Parent Relationship": "Outer", "Parallel Aware": true, "Async Capable": false, "Relation Name": "part", "Alias": "part", "Startup Cost": 0.0, "Total Cost": 47242.0, "Plan Rows": 3267, "Plan Width": 4, "Actual Rows": 2670, "Actual Loops": 5, "Filter": "((p_type)::text = 'PROMO PLATED COPPER'::text)", "Rows Removed by Filter": 397330, "Workers": []}, {"Node Type": "Index Scan", "Parent Relationship": "Inner", "Parallel Aware": false, "Async Capable": false, "Scan Direction": "Forward", "Index Name": "idx_lineitem_part_supp", "Relation Name": "lineitem", "Alias": "lineitem", "Startup Cost": 0.44, "Total Cost": 106.84, "Plan Rows": 30, "Plan Width": 12, "Actual Rows": 30, "Actual Loops": 13349, "Index Cond": "(l_partkey = part.p_partkey)", "Rows Removed by Index Recheck": 0, "Workers": []}]}, {"Node Type": "Index Scan", "Parent Relationship": "Inner", "Parallel Aware": false, "Async Capable": false, "Scan Direction": "Forward", "Index Name": "orders_pkey", "Relation Name": "orders", "Alias": "orders", "Startup Cost": 0.43, "Total Cost": 0.48, "Plan Rows": 1, "Plan Width": 8, "Actual Rows": 0, "Actual Loops": 400138, "Index Cond": "(o_orderkey = lineitem.l_orderkey)", "Rows Removed by Index Recheck": 0, "Filter": "((o_orderdate >= '1995-01-01'::date) AND (o_orderdate <= '1996-12-31'::date))", "Rows Removed by Filter": 1, "Workers": []}]}, {"Node Type": "Index Scan", "Parent Relationship": "Inner", "Parallel Aware": false, "Async Capable": false, "Scan Direction": "Forward", "Index Name": "customer_pkey", "Relation Name": "customer", "Alias": "customer", "Startup Cost": 0.43, "Total Cost": 0.48, "Plan Rows": 1, "Plan Width": 8, "Actual Rows": 1, "Actual Loops": 121760, "Index Cond": "(c_custkey = orders.o_custkey)", "Rows Removed by Index Recheck": 0, "Workers": []}]}, {"Node Type": "Hash", "Parent Relationship": "Inner", "Parallel Aware": false, "Async Capable": false, "Startup Cost": 2.45, "Total Cost": 2.45, "Plan Rows": 5, "Plan Width": 4, "Actual Rows": 5, "Actual Loops": 5, "Hash Buckets": 1024, "Original Hash Buckets": 1024, "Hash Batches": 1, "Original Hash Batches": 1, "Peak Memory Usage": 9, "Workers": [], "Plans": [{"Node Type": "Hash Join", "Parent Relationship": "Outer", "Parallel Aware": false, "Async Capable": false, "Join Type": "Inner", "Startup Cost": 1.07, "Total Cost": 2.45, "Plan Rows": 5, "Plan Width": 4, "Actual Rows": 5, "Actual Loops": 5, "Inner Unique": true, "Hash Cond": "(n1.n_regionkey = region.r_regionkey)", "Workers": [], "Plans": [{"Node Type": "Seq Scan", "Parent Relationship": "Outer", "Parallel Aware": false, "Async Capable": false, "Relation Name": "nation", "Alias": "n1", "Startup Cost": 0.0, "Total Cost": 1.25, "Plan Rows": 25, "Plan Width": 8, "Actual Rows": 25, "Actual Loops": 5, "Workers": []}, {"Node Type": "Hash", "Parent Relationship": "Inner", "Parallel Aware": false, "Async Capable": false, "Startup Cost": 1.06, "Total Cost": 1.06, "Plan Rows": 1, "Plan Width": 4, "Actual Rows": 1, "Actual Loops": 5, "Hash Buckets": 1024, "Original Hash Buckets": 1024, "Hash Batches": 1, "Original Hash Batches": 1, "Peak Memory Usage": 9, "Workers": [], "Plans": [{"Node Type": "Seq Scan", "Parent Relationship": "Outer", "Parallel Aware": false, "Async Capable": false, "Relation Name": "region", "Alias": "region", "Startup Cost": 0.0, "Total Cost": 1.06, "Plan Rows": 1, "Plan Width": 4, "Actual Rows": 1, "Actual Loops": 5, "Filter": "(r_name = 'AMERICA'::bpchar)", "Rows Removed by Filter": 4, "Workers": []}]}]}]}]}, {"Node Type": "Hash", "Parent Relationship": "Inner", "Parallel Aware": true, "Async Capable": false, "Startup Cost": 3034.39, "Total Cost": 3034.39, "Plan Rows": 58824, "Plan Width": 4, "Actual Rows": 20000, "Actual Loops": 5, "Hash Buckets": 131072, "Original Hash Buckets": 131072, "Hash Batches": 1, "Original Hash Batches": 1, "Peak Memory Usage": 5024, "Workers": [], "Plans": [{"Node Type": "Hash Join", "Parent Relationship": "Outer", "Parallel Aware": false, "Async Capable": false, "Join Type": "Inner", "Startup Cost": 1.56, "Total Cost": 3034.39, "Plan Rows": 58824, "Plan Width": 4, "Actual Rows": 20000, "Actual Loops": 5, "Inner Unique": true, "Hash Cond": "(supplier.s_nationkey = n2.n_nationkey)", "Workers": [], "Plans": [{"Node Type": "Seq Scan", "Parent Relationship": "Outer", "Parallel Aware": true, "Async Capable": false, "Relation Name": "supplier", "Alias": "supplier", "Startup Cost": 0.0, "Total Cost": 2852.24, "Plan Rows": 58824, "Plan Width": 8, "Actual Rows": 20000, "Actual Loops": 5, "Workers": []}, {"Node Type": "Hash", "Parent Relationship": "Inner", "Parallel Aware": false, "Async Capable": false, "Startup Cost": 1.25, "Total Cost": 1.25, "Plan Rows": 25, "Plan Width": 4, "Actual Rows": 25, "Actual Loops": 5, "Hash Buckets": 1024, "Original Hash Buckets": 1024, "Hash Batches": 1, "Original Hash Batches": 1, "Peak Memory Usage": 9, "Workers": [], "Plans": [{"Node Type": "Seq Scan", "Parent Relationship": "Outer", "Parallel Aware": false, "Async Capable": false, "Relation Name": "nation", "Alias": "n2", "Startup Cost": 0.0, "Total Cost": 1.25, "Plan Rows": 25, "Plan Width": 4, "Actual Rows": 25, "Actual Loops": 5, "Workers": []}]}]}]}]}]}]}]}, "Planning Time": 5.965, "Triggers": [], "Execution Time": 3166.662}, {"Plan": {"Node Type": "Aggregate", "Strategy": "Plain", "Partial Mode": "Finalize", "Parallel Aware": false, "Async Capable": false, "Startup Cost": 463306.38, "Total Cost": 463306.39, "Plan Rows": 1, "Plan Width": 8, "Actual Rows": 1, "Actual Loops": 1, "Plans": [{"Node Type": "Gather", "Parent Relationship": "Outer", "Parallel Aware": false, "Async Capable": false, "Startup Cost": 463305.96, "Total Cost": 463306.37, "Plan Rows": 4, "Plan Width": 8, "Actual Rows": 5, "Actual Loops": 1, "Workers Planned": 4, "Workers Launched": 4, "Single Copy": false, "Plans": [{"Node Type": "Aggregate", "Strategy": "Plain", "Partial Mode": "Partial", "Parent Relationship": "Outer", "Parallel Aware": false, "Async Capable": false, "Startup Cost": 462305.96, "Total Cost": 462305.97, "Plan Rows": 1, "Plan Width": 8, "Actual Rows": 1, "Actual Loops": 5, "Workers": [], "Plans": [{"Node Type": "Hash Join", "Parent Relationship": "Outer", "Parallel Aware": false, "Async Capable": false, "Join Type": "Inner", "Startup Cost": 3593.04, "Total Cost": 462291.15, "Plan Rows": 5925, "Plan Width": 0, "Actual Rows": 4821, "Actual Loops": 5, "Inner Unique": true, "Hash Cond": "(n1.n_regionkey = region.r_regionkey)", "Workers": [], "Plans": [{"Node Type": "Hash Join", "Parent Relationship": "Outer", "Parallel Aware": false, "Async Capable": false, "Join Type": "Inner", "Startup Cost": 3591.96, "Total Cost": 462146.39, "Plan Rows": 29625, "Plan Width": 4, "Actual Rows": 24352, "Actual Loops": 5, "Inner Unique": true, "Hash Cond": "(supplier.s_nationkey = n2.n_nationkey)", "Workers": [], "Plans": [{"Node Type": "Hash Join", "Parent Relationship": "Outer", "Parallel Aware": false, "Async Capable": false, "Join Type": "Inner", "Startup Cost": 3590.4, "Total Cost": 462053.88, "Plan Rows": 29625, "Plan Width": 8, "Actual Rows": 24352, "Actual Loops": 5, "Inner Unique": true, "Hash Cond": "(customer.c_nationkey = n1.n_nationkey)", "Workers": [], "Plans": [{"Node Type": "Nested Loop", "Parent Relationship": "Outer", "Parallel Aware": false, "Async Capable": false, "Join Type": "Inner", "Startup Cost": 3588.84, "Total Cost": 461961.37, "Plan Rows": 29625, "Plan Width": 8, "Actual Rows": 24352, "Actual Loops": 5, "Inner Unique": true, "Workers": [], "Plans": [{"Node Type": "Hash Join", "Parent Relationship": "Outer", "Parallel Aware": true, "Async Capable": false, "Join Type": "Inner", "Startup Cost": 3588.41, "Total Cost": 447733.16, "Plan Rows": 29625, "Plan Width": 8, "Actual Rows": 24352, "Actual Loops": 5, "Inner Unique": true, "Hash Cond": "(lineitem.l_suppkey = supplier.s_suppkey)", "Workers": [], "Plans": [{"Node Type": "Nested Loop", "Parent Relationship": "Outer", "Parallel Aware": false, "Async Capable": false, "Join Type": "Inner", "Startup Cost": 0.88, "Total Cost": 444067.66, "Plan Rows": 29702, "Plan Width": 8, "Actual Rows": 24352, "Actual Loops": 5, "Inner Unique": true, "Workers": [], "Plans": [{"Node Type": "Nested Loop", "Parent Relationship": "Outer", "Parallel Aware": false, "Async Capable": false, "Join Type": "Inner", "Startup Cost": 0.44, "Total Cost": 397264.22, "Plan Rows": 97984, "Plan Width": 8, "Actual Rows": 80028, "Actual Loops": 5, "Inner Unique": false, "Workers": [], "Plans": [{"Node Type": "Seq Scan", "Parent Relationship": "Outer", "Parallel Aware": true, "Async Capable": false, "Relation Name": "part", "Alias": "part", "Startup Cost": 0.0, "Total Cost": 47242.0, "Plan Rows": 3267, "Plan Width": 4, "Actual Rows": 2670, "Actual Loops": 5, "Filter": "((p_type)::text = 'PROMO PLATED COPPER'::text)", "Rows Removed by Filter": 397330, "Workers": []}, {"Node Type": "Index Scan", "Parent Relationship": "Inner", "Parallel Aware": false, "Async Capable": false, "Scan Direction": "Forward", "Index Name": "idx_lineitem_part_supp", "Relation Name": "lineitem", "Alias": "lineitem", "Startup Cost": 0.44, "Total Cost": 106.84, "Plan Rows": 30, "Plan Width": 12, "Actual Rows": 30, "Actual Loops": 13349, "Index Cond": "(l_partkey = part.p_partkey)", "Rows Removed by Index Recheck": 0, "Workers": []}]}, {"Node Type": "Index Scan", "Parent Relationship": "Inner", "Parallel Aware": false, "Async Capable": false, "Scan Direction": "Forward", "Index Name": "orders_pkey", "Relation Name": "orders", "Alias": "orders", "Startup Cost": 0.43, "Total Cost": 0.48, "Plan Rows": 1, "Plan Width": 8, "Actual Rows": 0, "Actual Loops": 400138, "Index Cond": "(o_orderkey = lineitem.l_orderkey)", "Rows Removed by Index Recheck": 0, "Filter": "((o_orderdate >= '1995-01-01'::date) AND (o_orderdate <= '1996-12-31'::date))", "Rows Removed by Filter": 1, "Workers": []}]}, {"Node Type": "Hash", "Parent Relationship": "Inner", "Parallel Aware": true, "Async Capable": false, "Startup Cost": 2852.24, "Total Cost": 2852.24, "Plan Rows": 58824, "Plan Width": 8, "Actual Rows": 20000, "Actual Loops": 5, "Hash Buckets": 131072, "Original Hash Buckets": 131072, "Hash Batches": 1, "Original Hash Batches": 1, "Peak Memory Usage": 4992, "Workers": [], "Plans": [{"Node Type": "Seq Scan", "Parent Relationship": "Outer", "Parallel Aware": true, "Async Capable": false, "Relation Name": "supplier", "Alias": "supplier", "Startup Cost": 0.0, "Total Cost": 2852.24, "Plan Rows": 58824, "Plan Width": 8, "Actual Rows": 20000, "Actual Loops": 5, "Workers": []}]}]}, {"Node Type": "Index Scan", "Parent Relationship": "Inner", "Parallel Aware": false, "Async Capable": false, "Scan Direction": "Forward", "Index Name": "customer_pkey", "Relation Name": "customer", "Alias": "customer", "Startup Cost": 0.43, "Total Cost": 0.48, "Plan Rows": 1, "Plan Width": 8, "Actual Rows": 1, "Actual Loops": 121760, "Index Cond": "(c_custkey = orders.o_custkey)", "Rows Removed by Index Recheck": 0, "Workers": []}]}, {"Node Type": "Hash", "Parent Relationship": "Inner", "Parallel Aware": false, "Async Capable": false, "Startup Cost": 1.25, "Total Cost": 1.25, "Plan Rows": 25, "Plan Width": 8, "Actual Rows": 25, "Actual Loops": 5, "Hash Buckets": 1024, "Original Hash Buckets": 1024, "Hash Batches": 1, "Original Hash Batches": 1, "Peak Memory Usage": 9, "Workers": [], "Plans": [{"Node Type": "Seq Scan", "Parent Relationship": "Outer", "Parallel Aware": false, "Async Capable": false, "Relation Name": "nation", "Alias": "n1", "Startup Cost": 0.0, "Total Cost": 1.25, "Plan Rows": 25, "Plan Width": 8, "Actual Rows": 25, "Actual Loops": 5, "Workers": []}]}]}, {"Node Type": "Hash", "Parent Relationship": "Inner", "Parallel Aware": false, "Async Capable": false, "Startup Cost": 1.25, "Total Cost": 1.25, "Plan Rows": 25, "Plan Width": 4, "Actual Rows": 25, "Actual Loops": 5, "Hash Buckets": 1024, "Original Hash Buckets": 1024, "Hash Batches": 1, "Original Hash Batches": 1, "Peak Memory Usage": 9, "Workers": [], "Plans": [{"Node Type": "Seq Scan", "Parent Relationship": "Outer", "Parallel Aware": false, "Async Capable": false, "Relation Name": "nation", "Alias": "n2", "Startup Cost": 0.0, "Total Cost": 1.25, "Plan Rows": 25, "Plan Width": 4, "Actual Rows": 25, "Actual Loops": 5, "Workers": []}]}]}, {"Node Type": "Hash", "Parent Relationship": "Inner", "Parallel Aware": false, "Async Capable": false, "Startup Cost": 1.06, "Total Cost": 1.06, "Plan Rows": 1, "Plan Width": 4, "Actual Rows": 1, "Actual Loops": 5, "Hash Buckets": 1024, "Original Hash Buckets": 1024, "Hash Batches": 1, "Original Hash Batches": 1, "Peak Memory Usage": 9, "Workers": [], "Plans": [{"Node Type": "Seq Scan", "Parent Relationship": "Outer", "Parallel Aware": false, "Async Capable": false, "Relation Name": "region", "Alias": "region", "Startup Cost": 0.0, "Total Cost": 1.06, "Plan Rows": 1, "Plan Width": 4, "Actual Rows": 1, "Actual Loops": 5, "Filter": "(r_name = 'AMERICA'::bpchar)", "Rows Removed by Filter": 4, "Workers": []}]}]}]}]}]}, "Planning Time": 6.199, "Triggers": [], "Execution Time": 3199.837}, {"Plan": {"Node Type": "Aggregate", "Strategy": "Plain", "Partial Mode": "Simple", "Parallel Aware": false, "Async Capable": false, "Startup Cost": 497816.8, "Total Cost": 497816.81, "Plan Rows": 1, "Plan Width": 8, "Actual Rows": 1, "Actual Loops": 1, "Plans": [{"Node Type": "Hash Join", "Parent Relationship": "Outer", "Parallel Aware": false, "Async Capable": false, "Join Type": "Inner", "Startup Cost": 462759.43, "Total Cost": 497757.55, "Plan Rows": 23700, "Plan Width": 0, "Actual Rows": 24103, "Actual Loops": 1, "Inner Unique": false, "Hash Cond": "(customer.c_custkey = orders.o_custkey)", "Plans": [{"Node Type": "Nested Loop", "Parent Relationship": "Outer", "Parallel Aware": false, "Async Capable": false, "Join Type": "Inner", "Startup Cost": 602.5, "Total Cost": 34238.62, "Plan Rows": 300000, "Plan Width": 4, "Actual Rows": 299436, "Actual Loops": 1, "Inner Unique": false, "Plans": [{"Node Type": "Hash Join", "Parent Relationship": "Outer", "Parallel Aware": false, "Async Capable": false, "Join Type": "Inner", "Startup Cost": 1.07, "Total Cost": 2.45, "Plan Rows": 5, "Plan Width": 4, "Actual Rows": 5, "Actual Loops": 1, "Inner Unique": true, "Hash Cond": "(n1.n_regionkey = region.r_regionkey)", "Plans": [{"Node Type": "Seq Scan", "Parent Relationship": "Outer", "Parallel Aware": false, "Async Capable": false, "Relation Name": "nation", "Alias": "n1", "Startup Cost": 0.0, "Total Cost": 1.25, "Plan Rows": 25, "Plan Width": 8, "Actual Rows": 25, "Actual Loops": 1}, {"Node Type": "Hash", "Parent Relationship": "Inner", "Parallel Aware": false, "Async Capable": false, "Startup Cost": 1.06, "Total Cost": 1.06, "Plan Rows": 1, "Plan Width": 4, "Actual Rows": 1, "Actual Loops": 1, "Hash Buckets": 1024, "Original Hash Buckets": 1024, "Hash Batches": 1, "Original Hash Batches": 1, "Peak Memory Usage": 9, "Plans": [{"Node Type": "Seq Scan", "Parent Relationship": "Outer", "Parallel Aware": false, "Async Capable": false, "Relation Name": "region", "Alias": "region", "Startup Cost": 0.0, "Total Cost": 1.06, "Plan Rows": 1, "Plan Width": 4, "Actual Rows": 1, "Actual Loops": 1, "Filter": "(r_name = 'AMERICA'::bpchar)", "Rows Removed by Filter": 4}]}]}, {"Node Type": "Bitmap Heap Scan", "Parent Relationship": "Inner", "Parallel Aware": false, "Async Capable": false, "Relation Name": "customer", "Alias": "customer", "Startup Cost": 601.43, "Total Cost": 6247.24, "Plan Rows": 60000, "Plan Width": 8, "Actual Rows": 59887, "Actual Loops": 5, "Recheck Cond": "(c_nationkey = n1.n_nationkey)", "Rows Removed by Index Recheck": 0, "Exact Heap Blocks": 146812, "Lossy Heap Blocks": 0, "Plans": [{"Node Type": "Bitmap Index Scan", "Parent Relationship": "Outer", "Parallel Aware": false, "Async Capable": false, "Index Name": "idx_customer_nationkey", "Startup Cost": 0.0, "Total Cost": 586.43, "Plan Rows": 60000, "Plan Width": 0, "Actual Rows": 59887, "Actual Loops": 5, "Index Cond": "(c_nationkey = n1.n_nationkey)"}]}]}, {"Node Type": "Hash", "Parent Relationship": "Inner", "Parallel Aware": false, "Async Capable": false, "Startup Cost": 460675.68, "Total Cost": 460675.68, "Plan Rows": 118500, "Plan Width": 4, "Actual Rows": 121760, "Actual Loops": 1, "Hash Buckets": 131072, "Original Hash Buckets": 131072, "Hash Batches": 1, "Original Hash Batches": 1, "Peak Memory Usage": 5305, "Plans": [{"Node Type": "Gather", "Parent Relationship": "Outer", "Parallel Aware": false, "Async Capable": false, "Startup Cost": 4589.97, "Total Cost": 460675.68, "Plan Rows": 118500, "Plan Width": 4, "Actual Rows": 121760, "Actual Loops": 1, "Workers Planned": 4, "Workers Launched": 4, "Single Copy": false, "Plans": [{"Node Type": "Hash Join", "Parent Relationship": "Outer", "Parallel Aware": false, "Async Capable": false, "Join Type": "Inner", "Startup Cost": 3589.97, "Total Cost": 447825.68, "Plan Rows": 29625, "Plan Width": 4, "Actual Rows": 24352, "Actual Loops": 5, "Inner Unique": true, "Hash Cond": "(supplier.s_nationkey = n2.n_nationkey)", "Workers": [], "Plans": [{"Node Type": "Hash Join", "Parent Relationship": "Outer", "Parallel Aware": true, "Async Capable": false, "Join Type": "Inner", "Startup Cost": 3588.41, "Total Cost": 447733.16, "Plan Rows": 29625, "Plan Width": 8, "Actual Rows": 24352, "Actual Loops": 5, "Inner Unique": true, "Hash Cond": "(lineitem.l_suppkey = supplier.s_suppkey)", "Workers": [], "Plans": [{"Node Type": "Nested Loop", "Parent Relationship": "Outer", "Parallel Aware": false, "Async Capable": false, "Join Type": "Inner", "Startup Cost": 0.88, "Total Cost": 444067.66, "Plan Rows": 29702, "Plan Width": 8, "Actual Rows": 24352, "Actual Loops": 5, "Inner Unique": true, "Workers": [], "Plans": [{"Node Type": "Nested Loop", "Parent Relationship": "Outer", "Parallel Aware": false, "Async Capable": false, "Join Type": "Inner", "Startup Cost": 0.44, "Total Cost": 397264.22, "Plan Rows": 97984, "Plan Width": 8, "Actual Rows": 80028, "Actual Loops": 5, "Inner Unique": false, "Workers": [], "Plans": [{"Node Type": "Seq Scan", "Parent Relationship": "Outer", "Parallel Aware": true, "Async Capable": false, "Relation Name": "part", "Alias": "part", "Startup Cost": 0.0, "Total Cost": 47242.0, "Plan Rows": 3267, "Plan Width": 4, "Actual Rows": 2670, "Actual Loops": 5, "Filter": "((p_type)::text = 'PROMO PLATED COPPER'::text)", "Rows Removed by Filter": 397330, "Workers": []}, {"Node Type": "Index Scan", "Parent Relationship": "Inner", "Parallel Aware": false, "Async Capable": false, "Scan Direction": "Forward", "Index Name": "idx_lineitem_part_supp", "Relation Name": "lineitem", "Alias": "lineitem", "Startup Cost": 0.44, "Total Cost": 106.84, "Plan Rows": 30, "Plan Width": 12, "Actual Rows": 30, "Actual Loops": 13349, "Index Cond": "(l_partkey = part.p_partkey)", "Rows Removed by Index Recheck": 0, "Workers": []}]}, {"Node Type": "Index Scan", "Parent Relationship": "Inner", "Parallel Aware": false, "Async Capable": false, "Scan Direction": "Forward", "Index Name": "orders_pkey", "Relation Name": "orders", "Alias": "orders", "Startup Cost": 0.43, "Total Cost": 0.48, "Plan Rows": 1, "Plan Width": 8, "Actual Rows": 0, "Actual Loops": 400138, "Index Cond": "(o_orderkey = lineitem.l_orderkey)", "Rows Removed by Index Recheck": 0, "Filter": "((o_orderdate >= '1995-01-01'::date) AND (o_orderdate <= '1996-12-31'::date))", "Rows Removed by Filter": 1, "Workers": []}]}, {"Node Type": "Hash", "Parent Relationship": "Inner", "Parallel Aware": true, "Async Capable": false, "Startup Cost": 2852.24, "Total Cost": 2852.24, "Plan Rows": 58824, "Plan Width": 8, "Actual Rows": 20000, "Actual Loops": 5, "Hash Buckets": 131072, "Original Hash Buckets": 131072, "Hash Batches": 1, "Original Hash Batches": 1, "Peak Memory Usage": 5024, "Workers": [], "Plans": [{"Node Type": "Seq Scan", "Parent Relationship": "Outer", "Parallel Aware": true, "Async Capable": false, "Relation Name": "supplier", "Alias": "supplier", "Startup Cost": 0.0, "Total Cost": 2852.24, "Plan Rows": 58824, "Plan Width": 8, "Actual Rows": 20000, "Actual Loops": 5, "Workers": []}]}]}, {"Node Type": "Hash", "Parent Relationship": "Inner", "Parallel Aware": false, "Async Capable": false, "Startup Cost": 1.25, "Total Cost": 1.25, "Plan Rows": 25, "Plan Width": 4, "Actual Rows": 25, "Actual Loops": 5, "Hash Buckets": 1024, "Original Hash Buckets": 1024, "Hash Batches": 1, "Original Hash Batches": 1, "Peak Memory Usage": 9, "Workers": [], "Plans": [{"Node Type": "Seq Scan", "Parent Relationship": "Outer", "Parallel Aware": false, "Async Capable": false, "Relation Name": "nation", "Alias": "n2", "Startup Cost": 0.0, "Total Cost": 1.25, "Plan Rows": 25, "Plan Width": 4, "Actual Rows": 25, "Actual Loops": 5, "Workers": []}]}]}]}]}]}]}, "Planning Time": 3.663, "Triggers": [], "Execution Time": 4151.031}, {"Plan": {"Node Type": "Aggregate", "Strategy": "Plain", "Partial Mode": "Simple", "Parallel Aware": false, "Async Capable": false, "Startup Cost": 476537.96, "Total Cost": 476537.97, "Plan Rows": 1, "Plan Width": 8, "Actual Rows": 1, "Actual Loops": 1, "Plans": [{"Node Type": "Nested Loop", "Parent Relationship": "Outer", "Parallel Aware": false, "Async Capable": false, "Join Type": "Inner", "Startup Cost": 4591.96, "Total Cost": 476478.71, "Plan Rows": 23700, "Plan Width": 0, "Actual Rows": 24103, "Actual Loops": 1, "Inner Unique": false, "Join Filter": "(n1.n_regionkey = region.r_regionkey)", "Rows Removed by Join Filter": 97657, "Plans": [{"Node Type": "Seq Scan", "Parent Relationship": "Outer", "Parallel Aware": false, "Async Capable": false, "Relation Name": "region", "Alias": "region", "Startup Cost": 0.0, "Total Cost": 1.06, "Plan Rows": 1, "Plan Width": 4, "Actual Rows": 1, "Actual Loops": 1, "Filter": "(r_name = 'AMERICA'::bpchar)", "Rows Removed by Filter": 4}, {"Node Type": "Gather", "Parent Relationship": "Inner", "Parallel Aware": false, "Async Capable": false, "Startup Cost": 4591.96, "Total Cost": 474996.39, "Plan Rows": 118500, "Plan Width": 4, "Actual Rows": 121760, "Actual Loops": 1, "Workers Planned": 4, "Workers Launched": 4, "Single Copy": false, "Plans": [{"Node Type": "Hash Join", "Parent Relationship": "Outer", "Parallel Aware": false, "Async Capable": false, "Join Type": "Inner", "Startup Cost": 3591.96, "Total Cost": 462146.39, "Plan Rows": 29625, "Plan Width": 4, "Actual Rows": 24352, "Actual Loops": 5, "Inner Unique": true, "Hash Cond": "(supplier.s_nationkey = n2.n_nationkey)", "Workers": [], "Plans": [{"Node Type": "Hash Join", "Parent Relationship": "Outer", "Parallel Aware": false, "Async Capable": false, "Join Type": "Inner", "Startup Cost": 3590.4, "Total Cost": 462053.88, "Plan Rows": 29625, "Plan Width": 8, "Actual Rows": 24352, "Actual Loops": 5, "Inner Unique": true, "Hash Cond": "(customer.c_nationkey = n1.n_nationkey)", "Workers": [], "Plans": [{"Node Type": "Nested Loop", "Parent Relationship": "Outer", "Parallel Aware": false, "Async Capable": false, "Join Type": "Inner", "Startup Cost": 3588.84, "Total Cost": 461961.37, "Plan Rows": 29625, "Plan Width": 8, "Actual Rows": 24352, "Actual Loops": 5, "Inner Unique": true, "Workers": [], "Plans": [{"Node Type": "Hash Join", "Parent Relationship": "Outer", "Parallel Aware": true, "Async Capable": false, "Join Type": "Inner", "Startup Cost": 3588.41, "Total Cost": 447733.16, "Plan Rows": 29625, "Plan Width": 8, "Actual Rows": 24352, "Actual Loops": 5, "Inner Unique": true, "Hash Cond": "(lineitem.l_suppkey = supplier.s_suppkey)", "Workers": [], "Plans": [{"Node Type": "Nested Loop", "Parent Relationship": "Outer", "Parallel Aware": false, "Async Capable": false, "Join Type": "Inner", "Startup Cost": 0.88, "Total Cost": 444067.66, "Plan Rows": 29702, "Plan Width": 8, "Actual Rows": 24352, "Actual Loops": 5, "Inner Unique": true, "Workers": [], "Plans": [{"Node Type": "Nested Loop", "Parent Relationship": "Outer", "Parallel Aware": false, "Async Capable": false, "Join Type": "Inner", "Startup Cost": 0.44, "Total Cost": 397264.22, "Plan Rows": 97984, "Plan Width": 8, "Actual Rows": 80028, "Actual Loops": 5, "Inner Unique": false, "Workers": [], "Plans": [{"Node Type": "Seq Scan", "Parent Relationship": "Outer", "Parallel Aware": true, "Async Capable": false, "Relation Name": "part", "Alias": "part", "Startup Cost": 0.0, "Total Cost": 47242.0, "Plan Rows": 3267, "Plan Width": 4, "Actual Rows": 2670, "Actual Loops": 5, "Filter": "((p_type)::text = 'PROMO PLATED COPPER'::text)", "Rows Removed by Filter": 397330, "Workers": []}, {"Node Type": "Index Scan", "Parent Relationship": "Inner", "Parallel Aware": false, "Async Capable": false, "Scan Direction": "Forward", "Index Name": "idx_lineitem_part_supp", "Relation Name": "lineitem", "Alias": "lineitem", "Startup Cost": 0.44, "Total Cost": 106.84, "Plan Rows": 30, "Plan Width": 12, "Actual Rows": 30, "Actual Loops": 13349, "Index Cond": "(l_partkey = part.p_partkey)", "Rows Removed by Index Recheck": 0, "Workers": []}]}, {"Node Type": "Index Scan", "Parent Relationship": "Inner", "Parallel Aware": false, "Async Capable": false, "Scan Direction": "Forward", "Index Name": "orders_pkey", "Relation Name": "orders", "Alias": "orders", "Startup Cost": 0.43, "Total Cost": 0.48, "Plan Rows": 1, "Plan Width": 8, "Actual Rows": 0, "Actual Loops": 400138, "Index Cond": "(o_orderkey = lineitem.l_orderkey)", "Rows Removed by Index Recheck": 0, "Filter": "((o_orderdate >= '1995-01-01'::date) AND (o_orderdate <= '1996-12-31'::date))", "Rows Removed by Filter": 1, "Workers": []}]}, {"Node Type": "Hash", "Parent Relationship": "Inner", "Parallel Aware": true, "Async Capable": false, "Startup Cost": 2852.24, "Total Cost": 2852.24, "Plan Rows": 58824, "Plan Width": 8, "Actual Rows": 20000, "Actual Loops": 5, "Hash Buckets": 131072, "Original Hash Buckets": 131072, "Hash Batches": 1, "Original Hash Batches": 1, "Peak Memory Usage": 5024, "Workers": [], "Plans": [{"Node Type": "Seq Scan", "Parent Relationship": "Outer", "Parallel Aware": true, "Async Capable": false, "Relation Name": "supplier", "Alias": "supplier", "Startup Cost": 0.0, "Total Cost": 2852.24, "Plan Rows": 58824, "Plan Width": 8, "Actual Rows": 20000, "Actual Loops": 5, "Workers": []}]}]}, {"Node Type": "Index Scan", "Parent Relationship": "Inner", "Parallel Aware": false, "Async Capable": false, "Scan Direction": "Forward", "Index Name": "customer_pkey", "Relation Name": "customer", "Alias": "customer", "Startup Cost": 0.43, "Total Cost": 0.48, "Plan Rows": 1, "Plan Width": 8, "Actual Rows": 1, "Actual Loops": 121760, "Index Cond": "(c_custkey = orders.o_custkey)", "Rows Removed by Index Recheck": 0, "Workers": []}]}, {"Node Type": "Hash", "Parent Relationship": "Inner", "Parallel Aware": false, "Async Capable": false, "Startup Cost": 1.25, "Total Cost": 1.25, "Plan Rows": 25, "Plan Width": 8, "Actual Rows": 25, "Actual Loops": 5, "Hash Buckets": 1024, "Original Hash Buckets": 1024, "Hash Batches": 1, "Original Hash Batches": 1, "Peak Memory Usage": 9, "Workers": [], "Plans": [{"Node Type": "Seq Scan", "Parent Relationship": "Outer", "Parallel Aware": false, "Async Capable": false, "Relation Name": "nation", "Alias": "n1", "Startup Cost": 0.0, "Total Cost": 1.25, "Plan Rows": 25, "Plan Width": 8, "Actual Rows": 25, "Actual Loops": 5, "Workers": []}]}]}, {"Node Type": "Hash", "Parent Relationship": "Inner", "Parallel Aware": false, "Async Capable": false, "Startup Cost": 1.25, "Total Cost": 1.25, "Plan Rows": 25, "Plan Width": 4, "Actual Rows": 25, "Actual Loops": 5, "Hash Buckets": 1024, "Original Hash Buckets": 1024, "Hash Batches": 1, "Original Hash Batches": 1, "Peak Memory Usage": 9, "Workers": [], "Plans": [{"Node Type": "Seq Scan", "Parent Relationship": "Outer", "Parallel Aware": false, "Async Capable": false, "Relation Name": "nation", "Alias": "n2", "Startup Cost": 0.0, "Total Cost": 1.25, "Plan Rows": 25, "Plan Width": 4, "Actual Rows": 25, "Actual Loops": 5, "Workers": []}]}]}]}]}]}, "Planning Time": 6.598, "Triggers": [], "Execution Time": 3173.574}, {"Plan": {"Node Type": "Aggregate", "Strategy": "Plain", "Partial Mode": "Finalize", "Parallel Aware": false, "Async Capable": false, "Startup Cost": 790707.99, "Total Cost": 790708.0, "Plan Rows": 1, "Plan Width": 8, "Actual Rows": 1, "Actual Loops": 1, "Plans": [{"Node Type": "Gather", "Parent Relationship": "Outer", "Parallel Aware": false, "Async Capable": false, "Startup Cost": 790707.57, "Total Cost": 790707.98, "Plan Rows": 4, "Plan Width": 8, "Actual Rows": 5, "Actual Loops": 1, "Workers Planned": 4, "Workers Launched": 4, "Single Copy": false, "Plans": [{"Node Type": "Aggregate", "Strategy": "Plain", "Partial Mode": "Partial", "Parent Relationship": "Outer", "Parallel Aware": false, "Async Capable": false, "Startup Cost": 789707.57, "Total Cost": 789707.58, "Plan Rows": 1, "Plan Width": 8, "Actual Rows": 1, "Actual Loops": 5, "Workers": [], "Plans": [{"Node Type": "Hash Join", "Parent Relationship": "Outer", "Parallel Aware": true, "Async Capable": false, "Join Type": "Inner", "Startup Cost": 742423.7, "Total Cost": 789692.76, "Plan Rows": 5925, "Plan Width": 0, "Actual Rows": 4821, "Actual Loops": 5, "Inner Unique": false, "Hash Cond": "(part.p_partkey = lineitem.l_partkey)", "Workers": [], "Plans": [{"Node Type": "Seq Scan", "Parent Relationship": "Outer", "Parallel Aware": true, "Async Capable": false, "Relation Name": "part", "Alias": "part", "Startup Cost": 0.0, "Total Cost": 47242.0, "Plan Rows": 3267, "Plan Width": 4, "Actual Rows": 2670, "Actual Loops": 5, "Filter": "((p_type)::text = 'PROMO PLATED COPPER'::text)", "Rows Removed by Filter": 397330, "Workers": []}, {"Node Type": "Hash", "Parent Relationship": "Inner", "Parallel Aware": true, "Async Capable": false, "Startup Cost": 731087.9, "Total Cost": 731087.9, "Plan Rows": 906864, "Plan Width": 4, "Actual Rows": 727786, "Actual Loops": 5, "Hash Buckets": 4194304, "Original Hash Buckets": 4194304, "Hash Batches": 1, "Original Hash Batches": 1, "Peak Memory Usage": 175232, "Workers": [], "Plans": [{"Node Type": "Hash Join", "Parent Relationship": "Outer", "Parallel Aware": false, "Async Capable": false, "Join Type": "Inner", "Startup Cost": 3592.61, "Total Cost": 731087.9, "Plan Rows": 906864, "Plan Width": 4, "Actual Rows": 727786, "Actual Loops": 5, "Inner Unique": true, "Hash Cond": "(supplier.s_nationkey = n2.n_nationkey)", "Workers": [], "Plans": [{"Node Type": "Hash Join", "Parent Relationship": "Outer", "Parallel Aware": true, "Async Capable": false, "Join Type": "Inner", "Startup Cost": 3591.04, "Total Cost": 728302.26, "Plan Rows": 906864, "Plan Width": 8, "Actual Rows": 727786, "Actual Loops": 5, "Inner Unique": true, "Hash Cond": "(lineitem.l_suppkey = supplier.s_suppkey)", "Workers": [], "Plans": [{"Node Type": "Nested Loop", "Parent Relationship": "Outer", "Parallel Aware": false, "Async Capable": false, "Join Type": "Inner", "Startup Cost": 3.51, "Total Cost": 722327.96, "Plan Rows": 909204, "Plan Width": 8, "Actual Rows": 727786, "Actual Loops": 5, "Inner Unique": false, "Workers": [], "Plans": [{"Node Type": "Nested Loop", "Parent Relationship": "Outer", "Parallel Aware": false, "Async Capable": false, "Join Type": "Inner", "Startup Cost": 2.94, "Total Cost": 162287.86, "Plan Rows": 227343, "Plan Width": 4, "Actual Rows": 182072, "Actual Loops": 5, "Inner Unique": false, "Workers": [], "Plans": [{"Node Type": "Hash Join", "Parent Relationship": "Outer", "Parallel Aware": false, "Async Capable": false, "Join Type": "Inner", "Startup Cost": 2.51, "Total Cost": 41892.76, "Plan Rows": 75000, "Plan Width": 4, "Actual Rows": 59887, "Actual Loops": 5, "Inner Unique": false, "Hash Cond": "(customer.c_nationkey = n1.n_nationkey)", "Workers": [], "Plans": [{"Node Type": "Seq Scan", "Parent Relationship": "Outer", "Parallel Aware": true, "Async Capable": false, "Relation Name": "customer", "Alias": "customer", "Startup Cost": 0.0, "Total Cost": 39734.0, "Plan Rows": 375000, "Plan Width": 8, "Actual Rows": 300000, "Actual Loops": 5, "Workers": []}, {"Node Type": "Hash", "Parent Relationship": "Inner", "Parallel Aware": false, "Async Capable": false, "Startup Cost": 2.45, "Total Cost": 2.45, "Plan Rows": 5, "Plan Width": 4, "Actual Rows": 5, "Actual Loops": 5, "Hash Buckets": 1024, "Original Hash Buckets": 1024, "Hash Batches": 1, "Original Hash Batches": 1, "Peak Memory Usage": 9, "Workers": [], "Plans": [{"Node Type": "Hash Join", "Parent Relationship": "Outer", "Parallel Aware": false, "Async Capable": false, "Join Type": "Inner", "Startup Cost": 1.07, "Total Cost": 2.45, "Plan Rows": 5, "Plan Width": 4, "Actual Rows": 5, "Actual Loops": 5, "Inner Unique": true, "Hash Cond": "(n1.n_regionkey = region.r_regionkey)", "Workers": [], "Plans": [{"Node Type": "Seq Scan", "Parent Relationship": "Outer", "Parallel Aware": false, "Async Capable": false, "Relation Name": "nation", "Alias": "n1", "Startup Cost": 0.0, "Total Cost": 1.25, "Plan Rows": 25, "Plan Width": 8, "Actual Rows": 25, "Actual Loops": 5, "Workers": []}, {"Node Type": "Hash", "Parent Relationship": "Inner", "Parallel Aware": false, "Async Capable": false, "Startup Cost": 1.06, "Total Cost": 1.06, "Plan Rows": 1, "Plan Width": 4, "Actual Rows": 1, "Actual Loops": 5, "Hash Buckets": 1024, "Original Hash Buckets": 1024, "Hash Batches": 1, "Original Hash Batches": 1, "Peak Memory Usage": 9, "Workers": [], "Plans": [{"Node Type": "Seq Scan", "Parent Relationship": "Outer", "Parallel Aware": false, "Async Capable": false, "Relation Name": "region", "Alias": "region", "Startup Cost": 0.0, "Total Cost": 1.06, "Plan Rows": 1, "Plan Width": 4, "Actual Rows": 1, "Actual Loops": 5, "Filter": "(r_name = 'AMERICA'::bpchar)", "Rows Removed by Filter": 4, "Workers": []}]}]}]}]}, {"Node Type": "Index Scan", "Parent Relationship": "Inner", "Parallel Aware": false, "Async Capable": false, "Scan Direction": "Forward", "Index Name": "idx_orders_custkey", "Relation Name": "orders", "Alias": "orders", "Startup Cost": 0.43, "Total Cost": 1.56, "Plan Rows": 5, "Plan Width": 8, "Actual Rows": 3, "Actual Loops": 299436, "Index Cond": "(o_custkey = customer.c_custkey)", "Rows Removed by Index Recheck": 0, "Filter": "((o_orderdate >= '1995-01-01'::date) AND (o_orderdate <= '1996-12-31'::date))", "Rows Removed by Filter": 7, "Workers": []}]}, {"Node Type": "Index Scan", "Parent Relationship": "Inner", "Parallel Aware": false, "Async Capable": false, "Scan Direction": "Forward", "Index Name": "idx_lineitem_orderkey", "Relation Name": "lineitem", "Alias": "lineitem", "Startup Cost": 0.56, "Total Cost": 2.16, "Plan Rows": 30, "Plan Width": 12, "Actual Rows": 4, "Actual Loops": 910360, "Index Cond": "(l_orderkey = orders.o_orderkey)", "Rows Removed by Index Recheck": 0, "Workers": []}]}, {"Node Type": "Hash", "Parent Relationship": "Inner", "Parallel Aware": true, "Async Capable": false, "Startup Cost": 2852.24, "Total Cost": 2852.24, "Plan Rows": 58824, "Plan Width": 8, "Actual Rows": 20000, "Actual Loops": 5, "Hash Buckets": 131072, "Original Hash Buckets": 131072, "Hash Batches": 1, "Original Hash Batches": 1, "Peak Memory Usage": 5024, "Workers": [], "Plans": [{"Node Type": "Seq Scan", "Parent Relationship": "Outer", "Parallel Aware": true, "Async Capable": false, "Relation Name": "supplier", "Alias": "supplier", "Startup Cost": 0.0, "Total Cost": 2852.24, "Plan Rows": 58824, "Plan Width": 8, "Actual Rows": 20000, "Actual Loops": 5, "Workers": []}]}]}, {"Node Type": "Hash", "Parent Relationship": "Inner", "Parallel Aware": false, "Async Capable": false, "Startup Cost": 1.25, "Total Cost": 1.25, "Plan Rows": 25, "Plan Width": 4, "Actual Rows": 25, "Actual Loops": 5, "Hash Buckets": 1024, "Original Hash Buckets": 1024, "Hash Batches": 1, "Original Hash Batches": 1, "Peak Memory Usage": 9, "Workers": [], "Plans": [{"Node Type": "Seq Scan", "Parent Relationship": "Outer", "Parallel Aware": false, "Async Capable": false, "Relation Name": "nation", "Alias": "n2", "Startup Cost": 0.0, "Total Cost": 1.25, "Plan Rows": 25, "Plan Width": 4, "Actual Rows": 25, "Actual Loops": 5, "Workers": []}]}]}]}]}]}]}]}, "Planning Time": 4.935, "Triggers": [], "Execution Time": 10139.98}, {"Plan": {"Node Type": "Aggregate", "Strategy": "Plain", "Partial Mode": "Finalize", "Parallel Aware": false, "Async Capable": false, "Startup Cost": 486999.88, "Total Cost": 486999.89, "Plan Rows": 1, "Plan Width": 8, "Actual Rows": 1, "Actual Loops": 1, "Plans": [{"Node Type": "Gather", "Parent Relationship": "Outer", "Parallel Aware": false, "Async Capable": false, "Startup Cost": 486999.46, "Total Cost": 486999.87, "Plan Rows": 4, "Plan Width": 8, "Actual Rows": 5, "Actual Loops": 1, "Workers Planned": 4, "Workers Launched": 4, "Single Copy": false, "Plans": [{"Node Type": "Aggregate", "Strategy": "Plain", "Partial Mode": "Partial", "Parent Relationship": "Outer", "Parallel Aware": false, "Async Capable": false, "Startup Cost": 485999.46, "Total Cost": 485999.47, "Plan Rows": 1, "Plan Width": 8, "Actual Rows": 1, "Actual Loops": 5, "Workers": [], "Plans": [{"Node Type": "Hash Join", "Parent Relationship": "Outer", "Parallel Aware": false, "Async Capable": false, "Join Type": "Inner", "Startup Cost": 41578.6, "Total Cost": 485984.64, "Plan Rows": 5925, "Plan Width": 0, "Actual Rows": 4821, "Actual Loops": 5, "Inner Unique": false, "Hash Cond": "(orders.o_custkey = customer.c_custkey)", "Workers": [], "Plans": [{"Node Type": "Hash Join", "Parent Relationship": "Outer", "Parallel Aware": false, "Async Capable": false, "Join Type": "Inner", "Startup Cost": 3589.97, "Total Cost": 447825.68, "Plan Rows": 29625, "Plan Width": 4, "Actual Rows": 24352, "Actual Loops": 5, "Inner Unique": true, "Hash Cond": "(supplier.s_nationkey = n2.n_nationkey)", "Workers": [], "Plans": [{"Node Type": "Hash Join", "Parent Relationship": "Outer", "Parallel Aware": true, "Async Capable": false, "Join Type": "Inner", "Startup Cost": 3588.41, "Total Cost": 447733.16, "Plan Rows": 29625, "Plan Width": 8, "Actual Rows": 24352, "Actual Loops": 5, "Inner Unique": true, "Hash Cond": "(lineitem.l_suppkey = supplier.s_suppkey)", "Workers": [], "Plans": [{"Node Type": "Nested Loop", "Parent Relationship": "Outer", "Parallel Aware": false, "Async Capable": false, "Join Type": "Inner", "Startup Cost": 0.88, "Total Cost": 444067.66, "Plan Rows": 29702, "Plan Width": 8, "Actual Rows": 24352, "Actual Loops": 5, "Inner Unique": true, "Workers": [], "Plans": [{"Node Type": "Nested Loop", "Parent Relationship": "Outer", "Parallel Aware": false, "Async Capable": false, "Join Type": "Inner", "Startup Cost": 0.44, "Total Cost": 397264.22, "Plan Rows": 97984, "Plan Width": 8, "Actual Rows": 80028, "Actual Loops": 5, "Inner Unique": false, "Workers": [], "Plans": [{"Node Type": "Seq Scan", "Parent Relationship": "Outer", "Parallel Aware": true, "Async Capable": false, "Relation Name": "part", "Alias": "part", "Startup Cost": 0.0, "Total Cost": 47242.0, "Plan Rows": 3267, "Plan Width": 4, "Actual Rows": 2670, "Actual Loops": 5, "Filter": "((p_type)::text = 'PROMO PLATED COPPER'::text)", "Rows Removed by Filter": 397330, "Workers": []}, {"Node Type": "Index Scan", "Parent Relationship": "Inner", "Parallel Aware": false, "Async Capable": false, "Scan Direction": "Forward", "Index Name": "idx_lineitem_part_supp", "Relation Name": "lineitem", "Alias": "lineitem", "Startup Cost": 0.44, "Total Cost": 106.84, "Plan Rows": 30, "Plan Width": 12, "Actual Rows": 30, "Actual Loops": 13349, "Index Cond": "(l_partkey = part.p_partkey)", "Rows Removed by Index Recheck": 0, "Workers": []}]}, {"Node Type": "Index Scan", "Parent Relationship": "Inner", "Parallel Aware": false, "Async Capable": false, "Scan Direction": "Forward", "Index Name": "orders_pkey", "Relation Name": "orders", "Alias": "orders", "Startup Cost": 0.43, "Total Cost": 0.48, "Plan Rows": 1, "Plan Width": 8, "Actual Rows": 0, "Actual Loops": 400138, "Index Cond": "(o_orderkey = lineitem.l_orderkey)", "Rows Removed by Index Recheck": 0, "Filter": "((o_orderdate >= '1995-01-01'::date) AND (o_orderdate <= '1996-12-31'::date))", "Rows Removed by Filter": 1, "Workers": []}]}, {"Node Type": "Hash", "Parent Relationship": "Inner", "Parallel Aware": true, "Async Capable": false, "Startup Cost": 2852.24, "Total Cost": 2852.24, "Plan Rows": 58824, "Plan Width": 8, "Actual Rows": 20000, "Actual Loops": 5, "Hash Buckets": 131072, "Original Hash Buckets": 131072, "Hash Batches": 1, "Original Hash Batches": 1, "Peak Memory Usage": 4992, "Workers": [], "Plans": [{"Node Type": "Seq Scan", "Parent Relationship": "Outer", "Parallel Aware": true, "Async Capable": false, "Relation Name": "supplier", "Alias": "supplier", "Startup Cost": 0.0, "Total Cost": 2852.24, "Plan Rows": 58824, "Plan Width": 8, "Actual Rows": 20000, "Actual Loops": 5, "Workers": []}]}]}, {"Node Type": "Hash", "Parent Relationship": "Inner", "Parallel Aware": false, "Async Capable": false, "Startup Cost": 1.25, "Total Cost": 1.25, "Plan Rows": 25, "Plan Width": 4, "Actual Rows": 25, "Actual Loops": 5, "Hash Buckets": 1024, "Original Hash Buckets": 1024, "Hash Batches": 1, "Original Hash Batches": 1, "Peak Memory Usage": 9, "Workers": [], "Plans": [{"Node Type": "Seq Scan", "Parent Relationship": "Outer", "Parallel Aware": false, "Async Capable": false, "Relation Name": "nation", "Alias": "n2", "Startup Cost": 0.0, "Total Cost": 1.25, "Plan Rows": 25, "Plan Width": 4, "Actual Rows": 25, "Actual Loops": 5, "Workers": []}]}]}, {"Node Type": "Hash", "Parent Relationship": "Inner", "Parallel Aware": false, "Async Capable": false, "Startup Cost": 34238.62, "Total Cost": 34238.62, "Plan Rows": 300000, "Plan Width": 4, "Actual Rows": 299436, "Actual Loops": 5, "Hash Buckets": 524288, "Original Hash Buckets": 524288, "Hash Batches": 1, "Original Hash Batches": 1, "Peak Memory Usage": 14624, "Workers": [], "Plans": [{"Node Type": "Nested Loop", "Parent Relationship": "Outer", "Parallel Aware": false, "Async Capable": false, "Join Type": "Inner", "Startup Cost": 602.5, "Total Cost": 34238.62, "Plan Rows": 300000, "Plan Width": 4, "Actual Rows": 299436, "Actual Loops": 5, "Inner Unique": false, "Workers": [], "Plans": [{"Node Type": "Hash Join", "Parent Relationship": "Outer", "Parallel Aware": false, "Async Capable": false, "Join Type": "Inner", "Startup Cost": 1.07, "Total Cost": 2.45, "Plan Rows": 5, "Plan Width": 4, "Actual Rows": 5, "Actual Loops": 5, "Inner Unique": true, "Hash Cond": "(n1.n_regionkey = region.r_regionkey)", "Workers": [], "Plans": [{"Node Type": "Seq Scan", "Parent Relationship": "Outer", "Parallel Aware": false, "Async Capable": false, "Relation Name": "nation", "Alias": "n1", "Startup Cost": 0.0, "Total Cost": 1.25, "Plan Rows": 25, "Plan Width": 8, "Actual Rows": 25, "Actual Loops": 5, "Workers": []}, {"Node Type": "Hash", "Parent Relationship": "Inner", "Parallel Aware": false, "Async Capable": false, "Startup Cost": 1.06, "Total Cost": 1.06, "Plan Rows": 1, "Plan Width": 4, "Actual Rows": 1, "Actual Loops": 5, "Hash Buckets": 1024, "Original Hash Buckets": 1024, "Hash Batches": 1, "Original Hash Batches": 1, "Peak Memory Usage": 9, "Workers": [], "Plans": [{"Node Type": "Seq Scan", "Parent Relationship": "Outer", "Parallel Aware": false, "Async Capable": false, "Relation Name": "region", "Alias": "region", "Startup Cost": 0.0, "Total Cost": 1.06, "Plan Rows": 1, "Plan Width": 4, "Actual Rows": 1, "Actual Loops": 5, "Filter": "(r_name = 'AMERICA'::bpchar)", "Rows Removed by Filter": 4, "Workers": []}]}]}, {"Node Type": "Bitmap Heap Scan", "Parent Relationship": "Inner", "Parallel Aware": false, "Async Capable": false, "Relation Name": "customer", "Alias": "customer", "Startup Cost": 601.43, "Total Cost": 6247.24, "Plan Rows": 60000, "Plan Width": 8, "Actual Rows": 59887, "Actual Loops": 25, "Recheck Cond": "(c_nationkey = n1.n_nationkey)", "Rows Removed by Index Recheck": 0, "Exact Heap Blocks": 146812, "Lossy Heap Blocks": 0, "Workers": [], "Plans": [{"Node Type": "Bitmap Index Scan", "Parent Relationship": "Outer", "Parallel Aware": false, "Async Capable": false, "Index Name": "idx_customer_nationkey", "Startup Cost": 0.0, "Total Cost": 586.43, "Plan Rows": 60000, "Plan Width": 0, "Actual Rows": 59887, "Actual Loops": 25, "Index Cond": "(c_nationkey = n1.n_nationkey)", "Workers": []}]}]}]}]}]}]}]}, "Planning Time": 5.397, "Triggers": [], "Execution Time": 3913.559}, {"Plan": {"Node Type": "Aggregate", "Strategy": "Plain", "Partial Mode": "Simple", "Parallel Aware": false, "Async Capable": false, "Startup Cost": 476714.44, "Total Cost": 476714.45, "Plan Rows": 1, "Plan Width": 8, "Actual Rows": 1, "Actual Loops": 1, "Plans": [{"Node Type": "Hash Join", "Parent Relationship": "Outer", "Parallel Aware": false, "Async Capable": false, "Join Type": "Inner", "Startup Cost": 476386.21, "Total Cost": 476655.19, "Plan Rows": 23700, "Plan Width": 0, "Actual Rows": 24103, "Actual Loops": 1, "Inner Unique": false, "Hash Cond": "(n1.n_nationkey = customer.c_nationkey)", "Plans": [{"Node Type": "Hash Join", "Parent Relationship": "Outer", "Parallel Aware": false, "Async Capable": false, "Join Type": "Inner", "Startup Cost": 1.07, "Total Cost": 2.45, "Plan Rows": 5, "Plan Width": 4, "Actual Rows": 5, "Actual Loops": 1, "Inner Unique": true, "Hash Cond": "(n1.n_regionkey = region.r_regionkey)", "Plans": [{"Node Type": "Seq Scan", "Parent Relationship": "Outer", "Parallel Aware": false, "Async Capable": false, "Relation Name": "nation", "Alias": "n1", "Startup Cost": 0.0, "Total Cost": 1.25, "Plan Rows": 25, "Plan Width": 8, "Actual Rows": 25, "Actual Loops": 1}, {"Node Type": "Hash", "Parent Relationship": "Inner", "Parallel Aware": false, "Async Capable": false, "Startup Cost": 1.06, "Total Cost": 1.06, "Plan Rows": 1, "Plan Width": 4, "Actual Rows": 1, "Actual Loops": 1, "Hash Buckets": 1024, "Original Hash Buckets": 1024, "Hash Batches": 1, "Original Hash Batches": 1, "Peak Memory Usage": 9, "Plans": [{"Node Type": "Seq Scan", "Parent Relationship": "Outer", "Parallel Aware": false, "Async Capable": false, "Relation Name": "region", "Alias": "region", "Startup Cost": 0.0, "Total Cost": 1.06, "Plan Rows": 1, "Plan Width": 4, "Actual Rows": 1, "Actual Loops": 1, "Filter": "(r_name = 'AMERICA'::bpchar)", "Rows Removed by Filter": 4}]}]}, {"Node Type": "Hash", "Parent Relationship": "Inner", "Parallel Aware": false, "Async Capable": false, "Startup Cost": 474903.88, "Total Cost": 474903.88, "Plan Rows": 118500, "Plan Width": 4, "Actual Rows": 121760, "Actual Loops": 1, "Hash Buckets": 131072, "Original Hash Buckets": 131072, "Hash Batches": 1, "Original Hash Batches": 1, "Peak Memory Usage": 5305, "Plans": [{"Node Type": "Gather", "Parent Relationship": "Outer", "Parallel Aware": false, "Async Capable": false, "Startup Cost": 4590.4, "Total Cost": 474903.88, "Plan Rows": 118500, "Plan Width": 4, "Actual Rows": 121760, "Actual Loops": 1, "Workers Planned": 4, "Workers Launched": 4, "Single Copy": false, "Plans": [{"Node Type": "Hash Join", "Parent Relationship": "Outer", "Parallel Aware": false, "Async Capable": false, "Join Type": "Inner", "Startup Cost": 3590.4, "Total Cost": 462053.88, "Plan Rows": 29625, "Plan Width": 4, "Actual Rows": 24352, "Actual Loops": 5, "Inner Unique": true, "Hash Cond": "(supplier.s_nationkey = n2.n_nationkey)", "Workers": [], "Plans": [{"Node Type": "Nested Loop", "Parent Relationship": "Outer", "Parallel Aware": false, "Async Capable": false, "Join Type": "Inner", "Startup Cost": 3588.84, "Total Cost": 461961.37, "Plan Rows": 29625, "Plan Width": 8, "Actual Rows": 24352, "Actual Loops": 5, "Inner Unique": true, "Workers": [], "Plans": [{"Node Type": "Hash Join", "Parent Relationship": "Outer", "Parallel Aware": true, "Async Capable": false, "Join Type": "Inner", "Startup Cost": 3588.41, "Total Cost": 447733.16, "Plan Rows": 29625, "Plan Width": 8, "Actual Rows": 24352, "Actual Loops": 5, "Inner Unique": true, "Hash Cond": "(lineitem.l_suppkey = supplier.s_suppkey)", "Workers": [], "Plans": [{"Node Type": "Nested Loop", "Parent Relationship": "Outer", "Parallel Aware": false, "Async Capable": false, "Join Type": "Inner", "Startup Cost": 0.88, "Total Cost": 444067.66, "Plan Rows": 29702, "Plan Width": 8, "Actual Rows": 24352, "Actual Loops": 5, "Inner Unique": true, "Workers": [], "Plans": [{"Node Type": "Nested Loop", "Parent Relationship": "Outer", "Parallel Aware": false, "Async Capable": false, "Join Type": "Inner", "Startup Cost": 0.44, "Total Cost": 397264.22, "Plan Rows": 97984, "Plan Width": 8, "Actual Rows": 80028, "Actual Loops": 5, "Inner Unique": false, "Workers": [], "Plans": [{"Node Type": "Seq Scan", "Parent Relationship": "Outer", "Parallel Aware": true, "Async Capable": false, "Relation Name": "part", "Alias": "part", "Startup Cost": 0.0, "Total Cost": 47242.0, "Plan Rows": 3267, "Plan Width": 4, "Actual Rows": 2670, "Actual Loops": 5, "Filter": "((p_type)::text = 'PROMO PLATED COPPER'::text)", "Rows Removed by Filter": 397330, "Workers": []}, {"Node Type": "Index Scan", "Parent Relationship": "Inner", "Parallel Aware": false, "Async Capable": false, "Scan Direction": "Forward", "Index Name": "idx_lineitem_part_supp", "Relation Name": "lineitem", "Alias": "lineitem", "Startup Cost": 0.44, "Total Cost": 106.84, "Plan Rows": 30, "Plan Width": 12, "Actual Rows": 30, "Actual Loops": 13349, "Index Cond": "(l_partkey = part.p_partkey)", "Rows Removed by Index Recheck": 0, "Workers": []}]}, {"Node Type": "Index Scan", "Parent Relationship": "Inner", "Parallel Aware": false, "Async Capable": false, "Scan Direction": "Forward", "Index Name": "orders_pkey", "Relation Name": "orders", "Alias": "orders", "Startup Cost": 0.43, "Total Cost": 0.48, "Plan Rows": 1, "Plan Width": 8, "Actual Rows": 0, "Actual Loops": 400138, "Index Cond": "(o_orderkey = lineitem.l_orderkey)", "Rows Removed by Index Recheck": 0, "Filter": "((o_orderdate >= '1995-01-01'::date) AND (o_orderdate <= '1996-12-31'::date))", "Rows Removed by Filter": 1, "Workers": []}]}, {"Node Type": "Hash", "Parent Relationship": "Inner", "Parallel Aware": true, "Async Capable": false, "Startup Cost": 2852.24, "Total Cost": 2852.24, "Plan Rows": 58824, "Plan Width": 8, "Actual Rows": 20000, "Actual Loops": 5, "Hash Buckets": 131072, "Original Hash Buckets": 131072, "Hash Batches": 1, "Original Hash Batches": 1, "Peak Memory Usage": 5024, "Workers": [], "Plans": [{"Node Type": "Seq Scan", "Parent Relationship": "Outer", "Parallel Aware": true, "Async Capable": false, "Relation Name": "supplier", "Alias": "supplier", "Startup Cost": 0.0, "Total Cost": 2852.24, "Plan Rows": 58824, "Plan Width": 8, "Actual Rows": 20000, "Actual Loops": 5, "Workers": []}]}]}, {"Node Type": "Index Scan", "Parent Relationship": "Inner", "Parallel Aware": false, "Async Capable": false, "Scan Direction": "Forward", "Index Name": "customer_pkey", "Relation Name": "customer", "Alias": "customer", "Startup Cost": 0.43, "Total Cost": 0.48, "Plan Rows": 1, "Plan Width": 8, "Actual Rows": 1, "Actual Loops": 121760, "Index Cond": "(c_custkey = orders.o_custkey)", "Rows Removed by Index Recheck": 0, "Workers": []}]}, {"Node Type": "Hash", "Parent Relationship": "Inner", "Parallel Aware": false, "Async Capable": false, "Startup Cost": 1.25, "Total Cost": 1.25, "Plan Rows": 25, "Plan Width": 4, "Actual Rows": 25, "Actual Loops": 5, "Hash Buckets": 1024, "Original Hash Buckets": 1024, "Hash Batches": 1, "Original Hash Batches": 1, "Peak Memory Usage": 9, "Workers": [], "Plans": [{"Node Type": "Seq Scan", "Parent Relationship": "Outer", "Parallel Aware": false, "Async Capable": false, "Relation Name": "nation", "Alias": "n2", "Startup Cost": 0.0, "Total Cost": 1.25, "Plan Rows": 25, "Plan Width": 4, "Actual Rows": 25, "Actual Loops": 5, "Workers": []}]}]}]}]}]}]}, "Planning Time": 5.364, "Triggers": [], "Execution Time": 3165.297}, {"Plan": {"Node Type": "Aggregate", "Strategy": "Plain", "Partial Mode": "Finalize", "Parallel Aware": false, "Async Capable": false, "Startup Cost": 463241.97, "Total Cost": 463241.98, "Plan Rows": 1, "Plan Width": 8, "Actual Rows": 1, "Actual Loops": 1, "Plans": [{"Node Type": "Gather", "Parent Relationship": "Outer", "Parallel Aware": false, "Async Capable": false, "Startup Cost": 463241.55, "Total Cost": 463241.96, "Plan Rows": 4, "Plan Width": 8, "Actual Rows": 5, "Actual Loops": 1, "Workers Planned": 4, "Workers Launched": 4, "Single Copy": false, "Plans": [{"Node Type": "Aggregate", "Strategy": "Plain", "Partial Mode": "Partial", "Parent Relationship": "Outer", "Parallel Aware": false, "Async Capable": false, "Startup Cost": 462241.55, "Total Cost": 462241.56, "Plan Rows": 1, "Plan Width": 8, "Actual Rows": 1, "Actual Loops": 5, "Workers": [], "Plans": [{"Node Type": "Hash Join", "Parent Relationship": "Outer", "Parallel Aware": false, "Async Capable": false, "Join Type": "Inner", "Startup Cost": 3592.91, "Total Cost": 462226.74, "Plan Rows": 5925, "Plan Width": 0, "Actual Rows": 4821, "Actual Loops": 5, "Inner Unique": false, "Hash Cond": "(customer.c_nationkey = n1.n_nationkey)", "Workers": [], "Plans": [{"Node Type": "Hash Join", "Parent Relationship": "Outer", "Parallel Aware": false, "Async Capable": false, "Join Type": "Inner", "Startup Cost": 3590.4, "Total Cost": 462053.88, "Plan Rows": 29625, "Plan Width": 4, "Actual Rows": 24352, "Actual Loops": 5, "Inner Unique": true, "Hash Cond": "(supplier.s_nationkey = n2.n_nationkey)", "Workers": [], "Plans": [{"Node Type": "Nested Loop", "Parent Relationship": "Outer", "Parallel Aware": false, "Async Capable": false, "Join Type": "Inner", "Startup Cost": 3588.84, "Total Cost": 461961.37, "Plan Rows": 29625, "Plan Width": 8, "Actual Rows": 24352, "Actual Loops": 5, "Inner Unique": true, "Workers": [], "Plans": [{"Node Type": "Hash Join", "Parent Relationship": "Outer", "Parallel Aware": true, "Async Capable": false, "Join Type": "Inner", "Startup Cost": 3588.41, "Total Cost": 447733.16, "Plan Rows": 29625, "Plan Width": 8, "Actual Rows": 24352, "Actual Loops": 5, "Inner Unique": true, "Hash Cond": "(lineitem.l_suppkey = supplier.s_suppkey)", "Workers": [], "Plans": [{"Node Type": "Nested Loop", "Parent Relationship": "Outer", "Parallel Aware": false, "Async Capable": false, "Join Type": "Inner", "Startup Cost": 0.88, "Total Cost": 444067.66, "Plan Rows": 29702, "Plan Width": 8, "Actual Rows": 24352, "Actual Loops": 5, "Inner Unique": true, "Workers": [], "Plans": [{"Node Type": "Nested Loop", "Parent Relationship": "Outer", "Parallel Aware": false, "Async Capable": false, "Join Type": "Inner", "Startup Cost": 0.44, "Total Cost": 397264.22, "Plan Rows": 97984, "Plan Width": 8, "Actual Rows": 80028, "Actual Loops": 5, "Inner Unique": false, "Workers": [], "Plans": [{"Node Type": "Seq Scan", "Parent Relationship": "Outer", "Parallel Aware": true, "Async Capable": false, "Relation Name": "part", "Alias": "part", "Startup Cost": 0.0, "Total Cost": 47242.0, "Plan Rows": 3267, "Plan Width": 4, "Actual Rows": 2670, "Actual Loops": 5, "Filter": "((p_type)::text = 'PROMO PLATED COPPER'::text)", "Rows Removed by Filter": 397330, "Workers": []}, {"Node Type": "Index Scan", "Parent Relationship": "Inner", "Parallel Aware": false, "Async Capable": false, "Scan Direction": "Forward", "Index Name": "idx_lineitem_part_supp", "Relation Name": "lineitem", "Alias": "lineitem", "Startup Cost": 0.44, "Total Cost": 106.84, "Plan Rows": 30, "Plan Width": 12, "Actual Rows": 30, "Actual Loops": 13349, "Index Cond": "(l_partkey = part.p_partkey)", "Rows Removed by Index Recheck": 0, "Workers": []}]}, {"Node Type": "Index Scan", "Parent Relationship": "Inner", "Parallel Aware": false, "Async Capable": false, "Scan Direction": "Forward", "Index Name": "orders_pkey", "Relation Name": "orders", "Alias": "orders", "Startup Cost": 0.43, "Total Cost": 0.48, "Plan Rows": 1, "Plan Width": 8, "Actual Rows": 0, "Actual Loops": 400138, "Index Cond": "(o_orderkey = lineitem.l_orderkey)", "Rows Removed by Index Recheck": 0, "Filter": "((o_orderdate >= '1995-01-01'::date) AND (o_orderdate <= '1996-12-31'::date))", "Rows Removed by Filter": 1, "Workers": []}]}, {"Node Type": "Hash", "Parent Relationship": "Inner", "Parallel Aware": true, "Async Capable": false, "Startup Cost": 2852.24, "Total Cost": 2852.24, "Plan Rows": 58824, "Plan Width": 8, "Actual Rows": 20000, "Actual Loops": 5, "Hash Buckets": 131072, "Original Hash Buckets": 131072, "Hash Batches": 1, "Original Hash Batches": 1, "Peak Memory Usage": 5024, "Workers": [], "Plans": [{"Node Type": "Seq Scan", "Parent Relationship": "Outer", "Parallel Aware": true, "Async Capable": false, "Relation Name": "supplier", "Alias": "supplier", "Startup Cost": 0.0, "Total Cost": 2852.24, "Plan Rows": 58824, "Plan Width": 8, "Actual Rows": 20000, "Actual Loops": 5, "Workers": []}]}]}, {"Node Type": "Index Scan", "Parent Relationship": "Inner", "Parallel Aware": false, "Async Capable": false, "Scan Direction": "Forward", "Index Name": "customer_pkey", "Relation Name": "customer", "Alias": "customer", "Startup Cost": 0.43, "Total Cost": 0.48, "Plan Rows": 1, "Plan Width": 8, "Actual Rows": 1, "Actual Loops": 121760, "Index Cond": "(c_custkey = orders.o_custkey)", "Rows Removed by Index Recheck": 0, "Workers": []}]}, {"Node Type": "Hash", "Parent Relationship": "Inner", "Parallel Aware": false, "Async Capable": false, "Startup Cost": 1.25, "Total Cost": 1.25, "Plan Rows": 25, "Plan Width": 4, "Actual Rows": 25, "Actual Loops": 5, "Hash Buckets": 1024, "Original Hash Buckets": 1024, "Hash Batches": 1, "Original Hash Batches": 1, "Peak Memory Usage": 9, "Workers": [], "Plans": [{"Node Type": "Seq Scan", "Parent Relationship": "Outer", "Parallel Aware": false, "Async Capable": false, "Relation Name": "nation", "Alias": "n2", "Startup Cost": 0.0, "Total Cost": 1.25, "Plan Rows": 25, "Plan Width": 4, "Actual Rows": 25, "Actual Loops": 5, "Workers": []}]}]}, {"Node Type": "Hash", "Parent Relationship": "Inner", "Parallel Aware": false, "Async Capable": false, "Startup Cost": 2.45, "Total Cost": 2.45, "Plan Rows": 5, "Plan Width": 4, "Actual Rows": 5, "Actual Loops": 5, "Hash Buckets": 1024, "Original Hash Buckets": 1024, "Hash Batches": 1, "Original Hash Batches": 1, "Peak Memory Usage": 9, "Workers": [], "Plans": [{"Node Type": "Hash Join", "Parent Relationship": "Outer", "Parallel Aware": false, "Async Capable": false, "Join Type": "Inner", "Startup Cost": 1.07, "Total Cost": 2.45, "Plan Rows": 5, "Plan Width": 4, "Actual Rows": 5, "Actual Loops": 5, "Inner Unique": true, "Hash Cond": "(n1.n_regionkey = region.r_regionkey)", "Workers": [], "Plans": [{"Node Type": "Seq Scan", "Parent Relationship": "Outer", "Parallel Aware": false, "Async Capable": false, "Relation Name": "nation", "Alias": "n1", "Startup Cost": 0.0, "Total Cost": 1.25, "Plan Rows": 25, "Plan Width": 8, "Actual Rows": 25, "Actual Loops": 5, "Workers": []}, {"Node Type": "Hash", "Parent Relationship": "Inner", "Parallel Aware": false, "Async Capable": false, "Startup Cost": 1.06, "Total Cost": 1.06, "Plan Rows": 1, "Plan Width": 4, "Actual Rows": 1, "Actual Loops": 5, "Hash Buckets": 1024, "Original Hash Buckets": 1024, "Hash Batches": 1, "Original Hash Batches": 1, "Peak Memory Usage": 9, "Workers": [], "Plans": [{"Node Type": "Seq Scan", "Parent Relationship": "Outer", "Parallel Aware": false, "Async Capable": false, "Relation Name": "region", "Alias": "region", "Startup Cost": 0.0, "Total Cost": 1.06, "Plan Rows": 1, "Plan Width": 4, "Actual Rows": 1, "Actual Loops": 5, "Filter": "(r_name = 'AMERICA'::bpchar)", "Rows Removed by Filter": 4, "Workers": []}]}]}]}]}]}]}]}, "Planning Time": 5.379, "Triggers": [], "Execution Time": 3167.788}, {"Plan": {"Node Type": "Aggregate", "Strategy": "Plain", "Partial Mode": "Finalize", "Parallel Aware": false, "Async Capable": false, "Startup Cost": 566802.65, "Total Cost": 566802.66, "Plan Rows": 1, "Plan Width": 8, "Actual Rows": 1, "Actual Loops": 1, "Plans": [{"Node Type": "Gather", "Parent Relationship": "Outer", "Parallel Aware": false, "Async Capable": false, "Startup Cost": 566802.23, "Total Cost": 566802.64, "Plan Rows": 4, "Plan Width": 8, "Actual Rows": 5, "Actual Loops": 1, "Workers Planned": 4, "Workers Launched": 4, "Single Copy": false, "Plans": [{"Node Type": "Aggregate", "Strategy": "Plain", "Partial Mode": "Partial", "Parent Relationship": "Outer", "Parallel Aware": false, "Async Capable": false, "Startup Cost": 565802.23, "Total Cost": 565802.24, "Plan Rows": 1, "Plan Width": 8, "Actual Rows": 1, "Actual Loops": 5, "Workers": [], "Plans": [{"Node Type": "Hash Join", "Parent Relationship": "Outer", "Parallel Aware": true, "Async Capable": false, "Join Type": "Inner", "Startup Cost": 402635.15, "Total Cost": 565787.41, "Plan Rows": 5925, "Plan Width": 0, "Actual Rows": 4821, "Actual Loops": 5, "Inner Unique": false, "Hash Cond": "(orders.o_orderkey = lineitem.l_orderkey)", "Workers": [], "Plans": [{"Node Type": "Nested Loop", "Parent Relationship": "Outer", "Parallel Aware": false, "Async Capable": false, "Join Type": "Inner", "Startup Cost": 2.94, "Total Cost": 162287.86, "Plan Rows": 227343, "Plan Width": 4, "Actual Rows": 182072, "Actual Loops": 5, "Inner Unique": false, "Workers": [], "Plans": [{"Node Type": "Hash Join", "Parent Relationship": "Outer", "Parallel Aware": false, "Async Capable": false, "Join Type": "Inner", "Startup Cost": 2.51, "Total Cost": 41892.76, "Plan Rows": 75000, "Plan Width": 4, "Actual Rows": 59887, "Actual Loops": 5, "Inner Unique": false, "Hash Cond": "(customer.c_nationkey = n1.n_nationkey)", "Workers": [], "Plans": [{"Node Type": "Seq Scan", "Parent Relationship": "Outer", "Parallel Aware": true, "Async Capable": false, "Relation Name": "customer", "Alias": "customer", "Startup Cost": 0.0, "Total Cost": 39734.0, "Plan Rows": 375000, "Plan Width": 8, "Actual Rows": 300000, "Actual Loops": 5, "Workers": []}, {"Node Type": "Hash", "Parent Relationship": "Inner", "Parallel Aware": false, "Async Capable": false, "Startup Cost": 2.45, "Total Cost": 2.45, "Plan Rows": 5, "Plan Width": 4, "Actual Rows": 5, "Actual Loops": 5, "Hash Buckets": 1024, "Original Hash Buckets": 1024, "Hash Batches": 1, "Original Hash Batches": 1, "Peak Memory Usage": 9, "Workers": [], "Plans": [{"Node Type": "Hash Join", "Parent Relationship": "Outer", "Parallel Aware": false, "Async Capable": false, "Join Type": "Inner", "Startup Cost": 1.07, "Total Cost": 2.45, "Plan Rows": 5, "Plan Width": 4, "Actual Rows": 5, "Actual Loops": 5, "Inner Unique": true, "Hash Cond": "(n1.n_regionkey = region.r_regionkey)", "Workers": [], "Plans": [{"Node Type": "Seq Scan", "Parent Relationship": "Outer", "Parallel Aware": false, "Async Capable": false, "Relation Name": "nation", "Alias": "n1", "Startup Cost": 0.0, "Total Cost": 1.25, "Plan Rows": 25, "Plan Width": 8, "Actual Rows": 25, "Actual Loops": 5, "Workers": []}, {"Node Type": "Hash", "Parent Relationship": "Inner", "Parallel Aware": false, "Async Capable": false, "Startup Cost": 1.06, "Total Cost": 1.06, "Plan Rows": 1, "Plan Width": 4, "Actual Rows": 1, "Actual Loops": 5, "Hash Buckets": 1024, "Original Hash Buckets": 1024, "Hash Batches": 1, "Original Hash Batches": 1, "Peak Memory Usage": 9, "Workers": [], "Plans": [{"Node Type": "Seq Scan", "Parent Relationship": "Outer", "Parallel Aware": false, "Async Capable": false, "Relation Name": "region", "Alias": "region", "Startup Cost": 0.0, "Total Cost": 1.06, "Plan Rows": 1, "Plan Width": 4, "Actual Rows": 1, "Actual Loops": 5, "Filter": "(r_name = 'AMERICA'::bpchar)", "Rows Removed by Filter": 4, "Workers": []}]}]}]}]}, {"Node Type": "Index Scan", "Parent Relationship": "Inner", "Parallel Aware": false, "Async Capable": false, "Scan Direction": "Forward", "Index Name": "idx_orders_custkey", "Relation Name": "orders", "Alias": "orders", "Startup Cost": 0.43, "Total Cost": 1.56, "Plan Rows": 5, "Plan Width": 8, "Actual Rows": 3, "Actual Loops": 299436, "Index Cond": "(o_custkey = customer.c_custkey)", "Rows Removed by Index Recheck": 0, "Filter": "((o_orderdate >= '1995-01-01'::date) AND (o_orderdate <= '1996-12-31'::date))", "Rows Removed by Filter": 7, "Workers": []}]}, {"Node Type": "Hash", "Parent Relationship": "Inner", "Parallel Aware": true, "Async Capable": false, "Startup Cost": 401410.57, "Total Cost": 401410.57, "Plan Rows": 97731, "Plan Width": 4, "Actual Rows": 80028, "Actual Loops": 5, "Hash Buckets": 524288, "Original Hash Buckets": 524288, "Hash Batches": 1, "Original Hash Batches": 1, "Peak Memory Usage": 19840, "Workers": [], "Plans": [{"Node Type": "Hash Join", "Parent Relationship": "Outer", "Parallel Aware": false, "Async Capable": false, "Join Type": "Inner", "Startup Cost": 3589.54, "Total Cost": 401410.57, "Plan Rows": 97731, "Plan Width": 4, "Actual Rows": 80028, "Actual Loops": 5, "Inner Unique": true, "Hash Cond": "(supplier.s_nationkey = n2.n_nationkey)", "Workers": [], "Plans": [{"Node Type": "Hash Join", "Parent Relationship": "Outer", "Parallel Aware": true, "Async Capable": false, "Join Type": "Inner", "Startup Cost": 3587.98, "Total Cost": 401108.98, "Plan Rows": 97731, "Plan Width": 8, "Actual Rows": 80028, "Actual Loops": 5, "Inner Unique": true, "Hash Cond": "(lineitem.l_suppkey = supplier.s_suppkey)", "Workers": [], "Plans": [{"Node Type": "Nested Loop", "Parent Relationship": "Outer", "Parallel Aware": false, "Async Capable": false, "Join Type": "Inner", "Startup Cost": 0.44, "Total Cost": 397264.22, "Plan Rows": 97984, "Plan Width": 8, "Actual Rows": 80028, "Actual Loops": 5, "Inner Unique": false, "Workers": [], "Plans": [{"Node Type": "Seq Scan", "Parent Relationship": "Outer", "Parallel Aware": true, "Async Capable": false, "Relation Name": "part", "Alias": "part", "Startup Cost": 0.0, "Total Cost": 47242.0, "Plan Rows": 3267, "Plan Width": 4, "Actual Rows": 2670, "Actual Loops": 5, "Filter": "((p_type)::text = 'PROMO PLATED COPPER'::text)", "Rows Removed by Filter": 397330, "Workers": []}, {"Node Type": "Index Scan", "Parent Relationship": "Inner", "Parallel Aware": false, "Async Capable": false, "Scan Direction": "Forward", "Index Name": "idx_lineitem_part_supp", "Relation Name": "lineitem", "Alias": "lineitem", "Startup Cost": 0.44, "Total Cost": 106.84, "Plan Rows": 30, "Plan Width": 12, "Actual Rows": 30, "Actual Loops": 13349, "Index Cond": "(l_partkey = part.p_partkey)", "Rows Removed by Index Recheck": 0, "Workers": []}]}, {"Node Type": "Hash", "Parent Relationship": "Inner", "Parallel Aware": true, "Async Capable": false, "Startup Cost": 2852.24, "Total Cost": 2852.24, "Plan Rows": 58824, "Plan Width": 8, "Actual Rows": 20000, "Actual Loops": 5, "Hash Buckets": 131072, "Original Hash Buckets": 131072, "Hash Batches": 1, "Original Hash Batches": 1, "Peak Memory Usage": 5024, "Workers": [], "Plans": [{"Node Type": "Seq Scan", "Parent Relationship": "Outer", "Parallel Aware": true, "Async Capable": false, "Relation Name": "supplier", "Alias": "supplier", "Startup Cost": 0.0, "Total Cost": 2852.24, "Plan Rows": 58824, "Plan Width": 8, "Actual Rows": 20000, "Actual Loops": 5, "Workers": []}]}]}, {"Node Type": "Hash", "Parent Relationship": "Inner", "Parallel Aware": false, "Async Capable": false, "Startup Cost": 1.25, "Total Cost": 1.25, "Plan Rows": 25, "Plan Width": 4, "Actual Rows": 25, "Actual Loops": 5, "Hash Buckets": 1024, "Original Hash Buckets": 1024, "Hash Batches": 1, "Original Hash Batches": 1, "Peak Memory Usage": 9, "Workers": [], "Plans": [{"Node Type": "Seq Scan", "Parent Relationship": "Outer", "Parallel Aware": false, "Async Capable": false, "Relation Name": "nation", "Alias": "n2", "Startup Cost": 0.0, "Total Cost": 1.25, "Plan Rows": 25, "Plan Width": 4, "Actual Rows": 25, "Actual Loops": 5, "Workers": []}]}]}]}]}]}]}]}, "Planning Time": 5.872, "Triggers": [], "Execution Time": 5164.559}, {"Plan": {"Node Type": "Aggregate", "Strategy": "Plain", "Partial Mode": "Finalize", "Parallel Aware": false, "Async Capable": false, "Startup Cost": 567936.75, "Total Cost": 567936.76, "Plan Rows": 1, "Plan Width": 8, "Actual Rows": 1, "Actual Loops": 1, "Plans": [{"Node Type": "Gather", "Parent Relationship": "Outer", "Parallel Aware": false, "Async Capable": false, "Startup Cost": 567936.33, "Total Cost": 567936.74, "Plan Rows": 4, "Plan Width": 8, "Actual Rows": 5, "Actual Loops": 1, "Workers Planned": 4, "Workers Launched": 4, "Single Copy": false, "Plans": [{"Node Type": "Aggregate", "Strategy": "Plain", "Partial Mode": "Partial", "Parent Relationship": "Outer", "Parallel Aware": false, "Async Capable": false, "Startup Cost": 566936.33, "Total Cost": 566936.34, "Plan Rows": 1, "Plan Width": 8, "Actual Rows": 1, "Actual Loops": 5, "Workers": [], "Plans": [{"Node Type": "Hash Join", "Parent Relationship": "Outer", "Parallel Aware": true, "Async Capable": false, "Join Type": "Inner", "Startup Cost": 168719.18, "Total Cost": 566921.52, "Plan Rows": 5925, "Plan Width": 0, "Actual Rows": 4821, "Actual Loops": 5, "Inner Unique": false, "Hash Cond": "(lineitem.l_orderkey = orders.o_orderkey)", "Workers": [], "Plans": [{"Node Type": "Hash Join", "Parent Relationship": "Outer", "Parallel Aware": false, "Async Capable": false, "Join Type": "Inner", "Startup Cost": 3589.54, "Total Cost": 401410.57, "Plan Rows": 97731, "Plan Width": 4, "Actual Rows": 80028, "Actual Loops": 5, "Inner Unique": true, "Hash Cond": "(supplier.s_nationkey = n2.n_nationkey)", "Workers": [], "Plans": [{"Node Type": "Hash Join", "Parent Relationship": "Outer", "Parallel Aware": true, "Async Capable": false, "Join Type": "Inner", "Startup Cost": 3587.98, "Total Cost": 401108.98, "Plan Rows": 97731, "Plan Width": 8, "Actual Rows": 80028, "Actual Loops": 5, "Inner Unique": true, "Hash Cond": "(lineitem.l_suppkey = supplier.s_suppkey)", "Workers": [], "Plans": [{"Node Type": "Nested Loop", "Parent Relationship": "Outer", "Parallel Aware": false, "Async Capable": false, "Join Type": "Inner", "Startup Cost": 0.44, "Total Cost": 397264.22, "Plan Rows": 97984, "Plan Width": 8, "Actual Rows": 80028, "Actual Loops": 5, "Inner Unique": false, "Workers": [], "Plans": [{"Node Type": "Seq Scan", "Parent Relationship": "Outer", "Parallel Aware": true, "Async Capable": false, "Relation Name": "part", "Alias": "part", "Startup Cost": 0.0, "Total Cost": 47242.0, "Plan Rows": 3267, "Plan Width": 4, "Actual Rows": 2670, "Actual Loops": 5, "Filter": "((p_type)::text = 'PROMO PLATED COPPER'::text)", "Rows Removed by Filter": 397330, "Workers": []}, {"Node Type": "Index Scan", "Parent Relationship": "Inner", "Parallel Aware": false, "Async Capable": false, "Scan Direction": "Forward", "Index Name": "idx_lineitem_part_supp", "Relation Name": "lineitem", "Alias": "lineitem", "Startup Cost": 0.44, "Total Cost": 106.84, "Plan Rows": 30, "Plan Width": 12, "Actual Rows": 30, "Actual Loops": 13349, "Index Cond": "(l_partkey = part.p_partkey)", "Rows Removed by Index Recheck": 0, "Workers": []}]}, {"Node Type": "Hash", "Parent Relationship": "Inner", "Parallel Aware": true, "Async Capable": false, "Startup Cost": 2852.24, "Total Cost": 2852.24, "Plan Rows": 58824, "Plan Width": 8, "Actual Rows": 20000, "Actual Loops": 5, "Hash Buckets": 131072, "Original Hash Buckets": 131072, "Hash Batches": 1, "Original Hash Batches": 1, "Peak Memory Usage": 4992, "Workers": [], "Plans": [{"Node Type": "Seq Scan", "Parent Relationship": "Outer", "Parallel Aware": true, "Async Capable": false, "Relation Name": "supplier", "Alias": "supplier", "Startup Cost": 0.0, "Total Cost": 2852.24, "Plan Rows": 58824, "Plan Width": 8, "Actual Rows": 20000, "Actual Loops": 5, "Workers": []}]}]}, {"Node Type": "Hash", "Parent Relationship": "Inner", "Parallel Aware": false, "Async Capable": false, "Startup Cost": 1.25, "Total Cost": 1.25, "Plan Rows": 25, "Plan Width": 4, "Actual Rows": 25, "Actual Loops": 5, "Hash Buckets": 1024, "Original Hash Buckets": 1024, "Hash Batches": 1, "Original Hash Batches": 1, "Peak Memory Usage": 9, "Workers": [], "Plans": [{"Node Type": "Seq Scan", "Parent Relationship": "Outer", "Parallel Aware": false, "Async Capable": false, "Relation Name": "nation", "Alias": "n2", "Startup Cost": 0.0, "Total Cost": 1.25, "Plan Rows": 25, "Plan Width": 4, "Actual Rows": 25, "Actual Loops": 5, "Workers": []}]}]}, {"Node Type": "Hash", "Parent Relationship": "Inner", "Parallel Aware": true, "Async Capable": false, "Startup Cost": 162287.86, "Total Cost": 162287.86, "Plan Rows": 227343, "Plan Width": 4, "Actual Rows": 182072, "Actual Loops": 5, "Hash Buckets": 1048576, "Original Hash Buckets": 1048576, "Hash Batches": 1, "Original Hash Batches": 1, "Peak Memory Usage": 43872, "Workers": [], "Plans": [{"Node Type": "Nested Loop", "Parent Relationship": "Outer", "Parallel Aware": false, "Async Capable": false, "Join Type": "Inner", "Startup Cost": 2.94, "Total Cost": 162287.86, "Plan Rows": 227343, "Plan Width": 4, "Actual Rows": 182072, "Actual Loops": 5, "Inner Unique": false, "Workers": [], "Plans": [{"Node Type": "Hash Join", "Parent Relationship": "Outer", "Parallel Aware": false, "Async Capable": false, "Join Type": "Inner", "Startup Cost": 2.51, "Total Cost": 41892.76, "Plan Rows": 75000, "Plan Width": 4, "Actual Rows": 59887, "Actual Loops": 5, "Inner Unique": false, "Hash Cond": "(customer.c_nationkey = n1.n_nationkey)", "Workers": [], "Plans": [{"Node Type": "Seq Scan", "Parent Relationship": "Outer", "Parallel Aware": true, "Async Capable": false, "Relation Name": "customer", "Alias": "customer", "Startup Cost": 0.0, "Total Cost": 39734.0, "Plan Rows": 375000, "Plan Width": 8, "Actual Rows": 300000, "Actual Loops": 5, "Workers": []}, {"Node Type": "Hash", "Parent Relationship": "Inner", "Parallel Aware": false, "Async Capable": false, "Startup Cost": 2.45, "Total Cost": 2.45, "Plan Rows": 5, "Plan Width": 4, "Actual Rows": 5, "Actual Loops": 5, "Hash Buckets": 1024, "Original Hash Buckets": 1024, "Hash Batches": 1, "Original Hash Batches": 1, "Peak Memory Usage": 9, "Workers": [], "Plans": [{"Node Type": "Hash Join", "Parent Relationship": "Outer", "Parallel Aware": false, "Async Capable": false, "Join Type": "Inner", "Startup Cost": 1.07, "Total Cost": 2.45, "Plan Rows": 5, "Plan Width": 4, "Actual Rows": 5, "Actual Loops": 5, "Inner Unique": true, "Hash Cond": "(n1.n_regionkey = region.r_regionkey)", "Workers": [], "Plans": [{"Node Type": "Seq Scan", "Parent Relationship": "Outer", "Parallel Aware": false, "Async Capable": false, "Relation Name": "nation", "Alias": "n1", "Startup Cost": 0.0, "Total Cost": 1.25, "Plan Rows": 25, "Plan Width": 8, "Actual Rows": 25, "Actual Loops": 5, "Workers": []}, {"Node Type": "Hash", "Parent Relationship": "Inner", "Parallel Aware": false, "Async Capable": false, "Startup Cost": 1.06, "Total Cost": 1.06, "Plan Rows": 1, "Plan Width": 4, "Actual Rows": 1, "Actual Loops": 5, "Hash Buckets": 1024, "Original Hash Buckets": 1024, "Hash Batches": 1, "Original Hash Batches": 1, "Peak Memory Usage": 9, "Workers": [], "Plans": [{"Node Type": "Seq Scan", "Parent Relationship": "Outer", "Parallel Aware": false, "Async Capable": false, "Relation Name": "region", "Alias": "region", "Startup Cost": 0.0, "Total Cost": 1.06, "Plan Rows": 1, "Plan Width": 4, "Actual Rows": 1, "Actual Loops": 5, "Filter": "(r_name = 'AMERICA'::bpchar)", "Rows Removed by Filter": 4, "Workers": []}]}]}]}]}, {"Node Type": "Index Scan", "Parent Relationship": "Inner", "Parallel Aware": false, "Async Capable": false, "Scan Direction": "Forward", "Index Name": "idx_orders_custkey", "Relation Name": "orders", "Alias": "orders", "Startup Cost": 0.43, "Total Cost": 1.56, "Plan Rows": 5, "Plan Width": 8, "Actual Rows": 3, "Actual Loops": 299436, "Index Cond": "(o_custkey = customer.c_custkey)", "Rows Removed by Index Recheck": 0, "Filter": "((o_orderdate >= '1995-01-01'::date) AND (o_orderdate <= '1996-12-31'::date))", "Rows Removed by Filter": 7, "Workers": []}]}]}]}]}]}]}, "Planning Time": 6.084, "Triggers": [], "Execution Time": 5170.943}, {"Plan": {"Node Type": "Aggregate", "Strategy": "Plain", "Partial Mode": "Finalize", "Parallel Aware": false, "Async Capable": false, "Startup Cost": 462905.18, "Total Cost": 462905.19, "Plan Rows": 1, "Plan Width": 8, "Actual Rows": 1, "Actual Loops": 1, "Plans": [{"Node Type": "Gather", "Parent Relationship": "Outer", "Parallel Aware": false, "Async Capable": false, "Startup Cost": 462905.07, "Total Cost": 462905.18, "Plan Rows": 1, "Plan Width": 8, "Actual Rows": 2, "Actual Loops": 1, "Workers Planned": 1, "Workers Launched": 1, "Single Copy": false, "Plans": [{"Node Type": "Aggregate", "Strategy": "Plain", "Partial Mode": "Partial", "Parent Relationship": "Outer", "Parallel Aware": false, "Async Capable": false, "Startup Cost": 461905.07, "Total Cost": 461905.08, "Plan Rows": 1, "Plan Width": 8, "Actual Rows": 1, "Actual Loops": 2, "Workers": [], "Plans": [{"Node Type": "Hash Join", "Parent Relationship": "Outer", "Parallel Aware": true, "Async Capable": false, "Join Type": "Inner", "Startup Cost": 458581.95, "Total Cost": 461870.22, "Plan Rows": 13941, "Plan Width": 0, "Actual Rows": 12052, "Actual Loops": 2, "Inner Unique": false, "Hash Cond": "(supplier.s_suppkey = lineitem.l_suppkey)", "Workers": [], "Plans": [{"Node Type": "Hash Join", "Parent Relationship": "Outer", "Parallel Aware": false, "Async Capable": false, "Join Type": "Inner", "Startup Cost": 1.56, "Total Cost": 3034.39, "Plan Rows": 58824, "Plan Width": 4, "Actual Rows": 50000, "Actual Loops": 2, "Inner Unique": true, "Hash Cond": "(supplier.s_nationkey = n2.n_nationkey)", "Workers": [], "Plans": [{"Node Type": "Seq Scan", "Parent Relationship": "Outer", "Parallel Aware": true, "Async Capable": false, "Relation Name": "supplier", "Alias": "supplier", "Startup Cost": 0.0, "Total Cost": 2852.24, "Plan Rows": 58824, "Plan Width": 8, "Actual Rows": 50000, "Actual Loops": 2, "Workers": []}, {"Node Type": "Hash", "Parent Relationship": "Inner", "Parallel Aware": false, "Async Capable": false, "Startup Cost": 1.25, "Total Cost": 1.25, "Plan Rows": 25, "Plan Width": 4, "Actual Rows": 25, "Actual Loops": 2, "Hash Buckets": 1024, "Original Hash Buckets": 1024, "Hash Batches": 1, "Original Hash Batches": 1, "Peak Memory Usage": 9, "Workers": [], "Plans": [{"Node Type": "Seq Scan", "Parent Relationship": "Outer", "Parallel Aware": false, "Async Capable": false, "Relation Name": "nation", "Alias": "n2", "Startup Cost": 0.0, "Total Cost": 1.25, "Plan Rows": 25, "Plan Width": 4, "Actual Rows": 25, "Actual Loops": 2, "Workers": []}]}]}, {"Node Type": "Hash", "Parent Relationship": "Inner", "Parallel Aware": true, "Async Capable": false, "Startup Cost": 458506.14, "Total Cost": 458506.14, "Plan Rows": 5940, "Plan Width": 4, "Actual Rows": 12052, "Actual Loops": 2, "Hash Buckets": 32768, "Original Hash Buckets": 32768, "Hash Batches": 1, "Original Hash Batches": 1, "Peak Memory Usage": 1216, "Workers": [], "Plans": [{"Node Type": "Hash Join", "Parent Relationship": "Outer", "Parallel Aware": false, "Async Capable": false, "Join Type": "Inner", "Startup Cost": 3.81, "Total Cost": 458506.14, "Plan Rows": 5940, "Plan Width": 4, "Actual Rows": 12052, "Actual Loops": 2, "Inner Unique": false, "Hash Cond": "(customer.c_nationkey = n1.n_nationkey)", "Workers": [], "Plans": [{"Node Type": "Nested Loop", "Parent Relationship": "Outer", "Parallel Aware": false, "Async Capable": false, "Join Type": "Inner", "Startup Cost": 1.3, "Total Cost": 458332.85, "Plan Rows": 29702, "Plan Width": 8, "Actual Rows": 60880, "Actual Loops": 2, "Inner Unique": true, "Workers": [], "Plans": [{"Node Type": "Nested Loop", "Parent Relationship": "Outer", "Parallel Aware": false, "Async Capable": false, "Join Type": "Inner", "Startup Cost": 0.88, "Total Cost": 444067.66, "Plan Rows": 29702, "Plan Width": 8, "Actual Rows": 60880, "Actual Loops": 2, "Inner Unique": true, "Workers": [], "Plans": [{"Node Type": "Nested Loop", "Parent Relationship": "Outer", "Parallel Aware": false, "Async Capable": false, "Join Type": "Inner", "Startup Cost": 0.44, "Total Cost": 397264.22, "Plan Rows": 97984, "Plan Width": 8, "Actual Rows": 200069, "Actual Loops": 2, "Inner Unique": false, "Workers": [], "Plans": [{"Node Type": "Seq Scan", "Parent Relationship": "Outer", "Parallel Aware": true, "Async Capable": false, "Relation Name": "part", "Alias": "part", "Startup Cost": 0.0, "Total Cost": 47242.0, "Plan Rows": 3267, "Plan Width": 4, "Actual Rows": 6674, "Actual Loops": 2, "Filter": "((p_type)::text = 'PROMO PLATED COPPER'::text)", "Rows Removed by Filter": 993326, "Workers": []}, {"Node Type": "Index Scan", "Parent Relationship": "Inner", "Parallel Aware": false, "Async Capable": false, "Scan Direction": "Forward", "Index Name": "idx_lineitem_part_supp", "Relation Name": "lineitem", "Alias": "lineitem", "Startup Cost": 0.44, "Total Cost": 106.84, "Plan Rows": 30, "Plan Width": 12, "Actual Rows": 30, "Actual Loops": 13349, "Index Cond": "(l_partkey = part.p_partkey)", "Rows Removed by Index Recheck": 0, "Workers": []}]}, {"Node Type": "Index Scan", "Parent Relationship": "Inner", "Parallel Aware": false, "Async Capable": false, "Scan Direction": "Forward", "Index Name": "orders_pkey", "Relation Name": "orders", "Alias": "orders", "Startup Cost": 0.43, "Total Cost": 0.48, "Plan Rows": 1, "Plan Width": 8, "Actual Rows": 0, "Actual Loops": 400138, "Index Cond": "(o_orderkey = lineitem.l_orderkey)", "Rows Removed by Index Recheck": 0, "Filter": "((o_orderdate >= '1995-01-01'::date) AND (o_orderdate <= '1996-12-31'::date))", "Rows Removed by Filter": 1, "Workers": []}]}, {"Node Type": "Index Scan", "Parent Relationship": "Inner", "Parallel Aware": false, "Async Capable": false, "Scan Direction": "Forward", "Index Name": "customer_pkey", "Relation Name": "customer", "Alias": "customer", "Startup Cost": 0.43, "Total Cost": 0.48, "Plan Rows": 1, "Plan Width": 8, "Actual Rows": 1, "Actual Loops": 121760, "Index Cond": "(c_custkey = orders.o_custkey)", "Rows Removed by Index Recheck": 0, "Workers": []}]}, {"Node Type": "Hash", "Parent Relationship": "Inner", "Parallel Aware": false, "Async Capable": false, "Startup Cost": 2.45, "Total Cost": 2.45, "Plan Rows": 5, "Plan Width": 4, "Actual Rows": 5, "Actual Loops": 2, "Hash Buckets": 1024, "Original Hash Buckets": 1024, "Hash Batches": 1, "Original Hash Batches": 1, "Peak Memory Usage": 9, "Workers": [], "Plans": [{"Node Type": "Hash Join", "Parent Relationship": "Outer", "Parallel Aware": false, "Async Capable": false, "Join Type": "Inner", "Startup Cost": 1.07, "Total Cost": 2.45, "Plan Rows": 5, "Plan Width": 4, "Actual Rows": 5, "Actual Loops": 2, "Inner Unique": true, "Hash Cond": "(n1.n_regionkey = region.r_regionkey)", "Workers": [], "Plans": [{"Node Type": "Seq Scan", "Parent Relationship": "Outer", "Parallel Aware": false, "Async Capable": false, "Relation Name": "nation", "Alias": "n1", "Startup Cost": 0.0, "Total Cost": 1.25, "Plan Rows": 25, "Plan Width": 8, "Actual Rows": 25, "Actual Loops": 2, "Workers": []}, {"Node Type": "Hash", "Parent Relationship": "Inner", "Parallel Aware": false, "Async Capable": false, "Startup Cost": 1.06, "Total Cost": 1.06, "Plan Rows": 1, "Plan Width": 4, "Actual Rows": 1, "Actual Loops": 2, "Hash Buckets": 1024, "Original Hash Buckets": 1024, "Hash Batches": 1, "Original Hash Batches": 1, "Peak Memory Usage": 9, "Workers": [], "Plans": [{"Node Type": "Seq Scan", "Parent Relationship": "Outer", "Parallel Aware": false, "Async Capable": false, "Relation Name": "region", "Alias": "region", "Startup Cost": 0.0, "Total Cost": 1.06, "Plan Rows": 1, "Plan Width": 4, "Actual Rows": 1, "Actual Loops": 2, "Filter": "(r_name = 'AMERICA'::bpchar)", "Rows Removed by Filter": 4, "Workers": []}]}]}]}]}]}]}]}]}]}, "Planning Time": 5.584, "Triggers": [], "Execution Time": 9059.519}]