[{"Plan": {"Node Type": "Aggregate", "Strategy": "Plain", "Partial Mode": "Finalize", "Parallel Aware": false, "Async Capable": false, "Startup Cost": 823274.81, "Total Cost": 823274.82, "Plan Rows": 1, "Plan Width": 8, "Actual Rows": 1, "Actual Loops": 1, "Plans": [{"Node Type": "Gather", "Parent Relationship": "Outer", "Parallel Aware": false, "Async Capable": false, "Startup Cost": 823274.19, "Total Cost": 823274.8, "Plan Rows": 6, "Plan Width": 8, "Actual Rows": 7, "Actual Loops": 1, "Workers Planned": 6, "Workers Launched": 6, "Single Copy": false, "Plans": [{"Node Type": "Aggregate", "Strategy": "Plain", "Partial Mode": "Partial", "Parent Relationship": "Outer", "Parallel Aware": false, "Async Capable": false, "Startup Cost": 822274.19, "Total Cost": 822274.2, "Plan Rows": 1, "Plan Width": 8, "Actual Rows": 1, "Actual Loops": 7, "Workers": [], "Plans": [{"Node Type": "Nested Loop", "Parent Relationship": "Outer", "Parallel Aware": false, "Async Capable": false, "Join Type": "Inner", "Startup Cost": 41608.0, "Total Cost": 820965.06, "Plan Rows": 523651, "Plan Width": 0, "Actual Rows": 43151, "Actual Loops": 7, "Inner Unique": false, "Workers": [], "Plans": [{"Node Type": "Hash Join", "Parent Relationship": "Outer", "Parallel Aware": true, "Async Capable": false, "Join Type": "Inner", "Startup Cost": 41607.44, "Total Cost": 337316.54, "Plan Rows": 242438, "Plan Width": 4, "Actual Rows": 207944, "Actual Loops": 7, "Inner Unique": true, "Hash Cond": "(orders.o_custkey = customer.c_custkey)", "Workers": [], "Plans": [{"Node Type": "Seq Scan", "Parent Relationship": "Outer", "Parallel Aware": true, "Async Capable": false, "Relation Name": "orders", "Alias": "orders", "Startup Cost": 0.0, "Total Cost": 292521.79, "Plan Rows": 1214212, "Plan Width": 8, "Actual Rows": 1036883, "Actual Loops": 7, "Filter": "(o_orderdate < '1995-03-10'::date)", "Rows Removed by Filter": 1105974, "Workers": []}, {"Node Type": "Hash", "Parent Relationship": "Inner", "Parallel Aware": true, "Async Capable": false, "Startup Cost": 40671.5, "Total Cost": 40671.5, "Plan Rows": 74875, "Plan Width": 4, "Actual Rows": 42897, "Actual Loops": 7, "Hash Buckets": 524288, "Original Hash Buckets": 524288, "Hash Batches": 1, "Original Hash Batches": 1, "Peak Memory Usage": 15968, "Workers": [], "Plans": [{"Node Type": "Seq Scan", "Parent Relationship": "Outer", "Parallel Aware": true, "Async Capable": false, "Relation Name": "customer", "Alias": "customer", "Startup Cost": 0.0, "Total Cost": 40671.5, "Plan Rows": 74875, "Plan Width": 4, "Actual Rows": 42897, "Actual Loops": 7, "Filter": "(c_mktsegment = 'BUILDING'::bpchar)", "Rows Removed by Filter": 171389, "Workers": []}]}]}, {"Node Type": "Index Scan", "Parent Relationship": "Inner", "Parallel Aware": false, "Async Capable": false, "Scan Direction": "Forward", "Index Name": "idx_lineitem_orderkey", "Relation Name": "lineitem", "Alias": "lineitem", "Startup Cost": 0.56, "Total Cost": 1.83, "Plan Rows": 16, "Plan Width": 4, "Actual Rows": 0, "Actual Loops": 1455611, "Index Cond": "(l_orderkey = orders.o_orderkey)", "Rows Removed by Index Recheck": 0, "Filter": "(l_shipdate > '1995-03-10'::date)", "Rows Removed by Filter": 4, "Workers": []}]}]}]}]}, "Planning Time": 2.433, "Triggers": [], "Execution Time": 3555.374}, {"Plan": {"Node Type": "Aggregate", "Strategy": "Plain", "Partial Mode": "Finalize", "Parallel Aware": false, "Async Capable": false, "Startup Cost": 823274.81, "Total Cost": 823274.82, "Plan Rows": 1, "Plan Width": 8, "Actual Rows": 1, "Actual Loops": 1, "Plans": [{"Node Type": "Gather", "Parent Relationship": "Outer", "Parallel Aware": false, "Async Capable": false, "Startup Cost": 823274.19, "Total Cost": 823274.8, "Plan Rows": 6, "Plan Width": 8, "Actual Rows": 7, "Actual Loops": 1, "Workers Planned": 6, "Workers Launched": 6, "Single Copy": false, "Plans": [{"Node Type": "Aggregate", "Strategy": "Plain", "Partial Mode": "Partial", "Parent Relationship": "Outer", "Parallel Aware": false, "Async Capable": false, "Startup Cost": 822274.19, "Total Cost": 822274.2, "Plan Rows": 1, "Plan Width": 8, "Actual Rows": 1, "Actual Loops": 7, "Workers": [], "Plans": [{"Node Type": "Nested Loop", "Parent Relationship": "Outer", "Parallel Aware": false, "Async Capable": false, "Join Type": "Inner", "Startup Cost": 41608.0, "Total Cost": 820965.06, "Plan Rows": 523651, "Plan Width": 0, "Actual Rows": 43151, "Actual Loops": 7, "Inner Unique": false, "Workers": [], "Plans": [{"Node Type": "Hash Join", "Parent Relationship": "Outer", "Parallel Aware": true, "Async Capable": false, "Join Type": "Inner", "Startup Cost": 41607.44, "Total Cost": 337316.54, "Plan Rows": 242438, "Plan Width": 4, "Actual Rows": 207944, "Actual Loops": 7, "Inner Unique": true, "Hash Cond": "(orders.o_custkey = customer.c_custkey)", "Workers": [], "Plans": [{"Node Type": "Seq Scan", "Parent Relationship": "Outer", "Parallel Aware": true, "Async Capable": false, "Relation Name": "orders", "Alias": "orders", "Startup Cost": 0.0, "Total Cost": 292521.79, "Plan Rows": 1214212, "Plan Width": 8, "Actual Rows": 1036883, "Actual Loops": 7, "Filter": "(o_orderdate < '1995-03-10'::date)", "Rows Removed by Filter": 1105974, "Workers": []}, {"Node Type": "Hash", "Parent Relationship": "Inner", "Parallel Aware": true, "Async Capable": false, "Startup Cost": 40671.5, "Total Cost": 40671.5, "Plan Rows": 74875, "Plan Width": 4, "Actual Rows": 42897, "Actual Loops": 7, "Hash Buckets": 524288, "Original Hash Buckets": 524288, "Hash Batches": 1, "Original Hash Batches": 1, "Peak Memory Usage": 15968, "Workers": [], "Plans": [{"Node Type": "Seq Scan", "Parent Relationship": "Outer", "Parallel Aware": true, "Async Capable": false, "Relation Name": "customer", "Alias": "customer", "Startup Cost": 0.0, "Total Cost": 40671.5, "Plan Rows": 74875, "Plan Width": 4, "Actual Rows": 42897, "Actual Loops": 7, "Filter": "(c_mktsegment = 'BUILDING'::bpchar)", "Rows Removed by Filter": 171389, "Workers": []}]}]}, {"Node Type": "Index Scan", "Parent Relationship": "Inner", "Parallel Aware": false, "Async Capable": false, "Scan Direction": "Forward", "Index Name": "idx_lineitem_orderkey", "Relation Name": "lineitem", "Alias": "lineitem", "Startup Cost": 0.56, "Total Cost": 1.83, "Plan Rows": 16, "Plan Width": 4, "Actual Rows": 0, "Actual Loops": 1455611, "Index Cond": "(l_orderkey = orders.o_orderkey)", "Rows Removed by Index Recheck": 0, "Filter": "(l_shipdate > '1995-03-10'::date)", "Rows Removed by Filter": 4, "Workers": []}]}]}]}]}, "Planning Time": 2.521, "Triggers": [], "Execution Time": 3634.1}, {"Plan": {"Node Type": "Aggregate", "Strategy": "Plain", "Partial Mode": "Finalize", "Parallel Aware": false, "Async Capable": false, "Startup Cost": 1625627.67, "Total Cost": 1625627.68, "Plan Rows": 1, "Plan Width": 8, "Actual Rows": 1, "Actual Loops": 1, "Plans": [{"Node Type": "Gather", "Parent Relationship": "Outer", "Parallel Aware": false, "Async Capable": false, "Startup Cost": 1625627.25, "Total Cost": 1625627.66, "Plan Rows": 4, "Plan Width": 8, "Actual Rows": 5, "Actual Loops": 1, "Workers Planned": 4, "Workers Launched": 4, "Single Copy": false, "Plans": [{"Node Type": "Aggregate", "Strategy": "Plain", "Partial Mode": "Partial", "Parent Relationship": "Outer", "Parallel Aware": false, "Async Capable": false, "Startup Cost": 1624627.25, "Total Cost": 1624627.26, "Plan Rows": 1, "Plan Width": 8, "Actual Rows": 1, "Actual Loops": 5, "Workers": [], "Plans": [{"Node Type": "Hash Join", "Parent Relationship": "Outer", "Parallel Aware": true, "Async Capable": false, "Join Type": "Inner", "Startup Cost": 1580214.79, "Total Cost": 1622663.56, "Plan Rows": 785477, "Plan Width": 0, "Actual Rows": 60411, "Actual Loops": 5, "Inner Unique": false, "Hash Cond": "(customer.c_custkey = orders.o_custkey)", "Workers": [], "Plans": [{"Node Type": "Seq Scan", "Parent Relationship": "Outer", "Parallel Aware": true, "Async Capable": false, "Relation Name": "customer", "Alias": "customer", "Startup Cost": 0.0, "Total Cost": 40671.5, "Plan Rows": 74875, "Plan Width": 4, "Actual Rows": 60055, "Actual Loops": 5, "Filter": "(c_mktsegment = 'BUILDING'::bpchar)", "Rows Removed by Filter": 239945, "Workers": []}, {"Node Type": "Hash", "Parent Relationship": "Inner", "Parallel Aware": true, "Async Capable": false, "Startup Cost": 1552115.22, "Total Cost": 1552115.22, "Plan Rows": 2247966, "Plan Width": 4, "Actual Rows": 299866, "Actual Loops": 5, "Hash Buckets": 16777216, "Original Hash Buckets": 16777216, "Hash Batches": 1, "Original Hash Batches": 1, "Peak Memory Usage": 189824, "Workers": [], "Plans": [{"Node Type": "Hash Join", "Parent Relationship": "Outer", "Parallel Aware": true, "Async Capable": false, "Join Type": "Inner", "Startup Cost": 307699.44, "Total Cost": 1552115.22, "Plan Rows": 2247966, "Plan Width": 4, "Actual Rows": 299866, "Actual Loops": 5, "Inner Unique": true, "Hash Cond": "(lineitem.l_orderkey = orders.o_orderkey)", "Workers": [], "Plans": [{"Node Type": "Seq Scan", "Parent Relationship": "Outer", "Parallel Aware": true, "Async Capable": false, "Relation Name": "lineitem", "Alias": "lineitem", "Startup Cost": 0.0, "Total Cost": 1232266.19, "Plan Rows": 4628417, "Plan Width": 4, "Actual Rows": 6491853, "Actual Loops": 5, "Filter": "(l_shipdate > '1995-03-10'::date)", "Rows Removed by Filter": 5505358, "Workers": []}, {"Node Type": "Hash", "Parent Relationship": "Inner", "Parallel Aware": true, "Async Capable": false, "Startup Cost": 292521.79, "Total Cost": 292521.79, "Plan Rows": 1214212, "Plan Width": 8, "Actual Rows": 1451636, "Actual Loops": 5, "Hash Buckets": 8388608, "Original Hash Buckets": 8388608, "Hash Batches": 1, "Original Hash Batches": 1, "Peak Memory Usage": 349504, "Workers": [], "Plans": [{"Node Type": "Seq Scan", "Parent Relationship": "Outer", "Parallel Aware": true, "Async Capable": false, "Relation Name": "orders", "Alias": "orders", "Startup Cost": 0.0, "Total Cost": 292521.79, "Plan Rows": 1214212, "Plan Width": 8, "Actual Rows": 1451636, "Actual Loops": 5, "Filter": "(o_orderdate < '1995-03-10'::date)", "Rows Removed by Filter": 1548364, "Workers": []}]}]}]}]}]}]}]}, "Planning Time": 2.472, "Triggers": [], "Execution Time": 11322.015}, {"Plan": {"Node Type": "Aggregate", "Strategy": "Plain", "Partial Mode": "Finalize", "Parallel Aware": false, "Async Capable": false, "Startup Cost": 1592840.68, "Total Cost": 1592840.69, "Plan Rows": 1, "Plan Width": 8, "Actual Rows": 1, "Actual Loops": 1, "Plans": [{"Node Type": "Gather", "Parent Relationship": "Outer", "Parallel Aware": false, "Async Capable": false, "Startup Cost": 1592839.95, "Total Cost": 1592840.66, "Plan Rows": 7, "Plan Width": 8, "Actual Rows": 8, "Actual Loops": 1, "Workers Planned": 7, "Workers Launched": 7, "Single Copy": false, "Plans": [{"Node Type": "Aggregate", "Strategy": "Plain", "Partial Mode": "Partial", "Parent Relationship": "Outer", "Parallel Aware": false, "Async Capable": false, "Startup Cost": 1591839.95, "Total Cost": 1591839.96, "Plan Rows": 1, "Plan Width": 8, "Actual Rows": 1, "Actual Loops": 8, "Workers": [], "Plans": [{"Node Type": "Hash Join", "Parent Relationship": "Outer", "Parallel Aware": true, "Async Capable": false, "Join Type": "Inner", "Startup Cost": 340347.02, "Total Cost": 1590717.84, "Plan Rows": 448844, "Plan Width": 0, "Actual Rows": 37757, "Actual Loops": 8, "Inner Unique": false, "Hash Cond": "(lineitem.l_orderkey = orders.o_orderkey)", "Workers": [], "Plans": [{"Node Type": "Seq Scan", "Parent Relationship": "Outer", "Parallel Aware": true, "Async Capable": false, "Relation Name": "lineitem", "Alias": "lineitem", "Startup Cost": 0.0, "Total Cost": 1232266.19, "Plan Rows": 4628417, "Plan Width": 4, "Actual Rows": 4057408, "Actual Loops": 8, "Filter": "(l_shipdate > '1995-03-10'::date)", "Rows Removed by Filter": 3440848, "Workers": []}, {"Node Type": "Hash", "Parent Relationship": "Inner", "Parallel Aware": true, "Async Capable": false, "Startup Cost": 337316.54, "Total Cost": 337316.54, "Plan Rows": 242438, "Plan Width": 4, "Actual Rows": 181951, "Actual Loops": 8, "Hash Buckets": 2097152, "Original Hash Buckets": 2097152, "Hash Batches": 1, "Original Hash Batches": 1, "Peak Memory Usage": 73472, "Workers": [], "Plans": [{"Node Type": "Hash Join", "Parent Relationship": "Outer", "Parallel Aware": true, "Async Capable": false, "Join Type": "Inner", "Startup Cost": 41607.44, "Total Cost": 337316.54, "Plan Rows": 242438, "Plan Width": 4, "Actual Rows": 181951, "Actual Loops": 8, "Inner Unique": true, "Hash Cond": "(orders.o_custkey = customer.c_custkey)", "Workers": [], "Plans": [{"Node Type": "Seq Scan", "Parent Relationship": "Outer", "Parallel Aware": true, "Async Capable": false, "Relation Name": "orders", "Alias": "orders", "Startup Cost": 0.0, "Total Cost": 292521.79, "Plan Rows": 1214212, "Plan Width": 8, "Actual Rows": 907273, "Actual Loops": 8, "Filter": "(o_orderdate < '1995-03-10'::date)", "Rows Removed by Filter": 967727, "Workers": []}, {"Node Type": "Hash", "Parent Relationship": "Inner", "Parallel Aware": true, "Async Capable": false, "Startup Cost": 40671.5, "Total Cost": 40671.5, "Plan Rows": 74875, "Plan Width": 4, "Actual Rows": 37534, "Actual Loops": 8, "Hash Buckets": 524288, "Original Hash Buckets": 524288, "Hash Batches": 1, "Original Hash Batches": 1, "Peak Memory Usage": 15968, "Workers": [], "Plans": [{"Node Type": "Seq Scan", "Parent Relationship": "Outer", "Parallel Aware": true, "Async Capable": false, "Relation Name": "customer", "Alias": "customer", "Startup Cost": 0.0, "Total Cost": 40671.5, "Plan Rows": 74875, "Plan Width": 4, "Actual Rows": 37534, "Actual Loops": 8, "Filter": "(c_mktsegment = 'BUILDING'::bpchar)", "Rows Removed by Filter": 149966, "Workers": []}]}]}]}]}]}]}]}, "Planning Time": 2.695, "Triggers": [], "Execution Time": 5289.808}, {"Plan": {"Node Type": "Aggregate", "Strategy": "Plain", "Partial Mode": "Finalize", "Parallel Aware": false, "Async Capable": false, "Startup Cost": 1601746.42, "Total Cost": 1601746.43, "Plan Rows": 1, "Plan Width": 8, "Actual Rows": 1, "Actual Loops": 1, "Plans": [{"Node Type": "Gather", "Parent Relationship": "Outer", "Parallel Aware": false, "Async Capable": false, "Startup Cost": 1601745.69, "Total Cost": 1601746.4, "Plan Rows": 7, "Plan Width": 8, "Actual Rows": 8, "Actual Loops": 1, "Workers Planned": 7, "Workers Launched": 7, "Single Copy": false, "Plans": [{"Node Type": "Aggregate", "Strategy": "Plain", "Partial Mode": "Partial", "Parent Relationship": "Outer", "Parallel Aware": false, "Async Capable": false, "Startup Cost": 1600745.69, "Total Cost": 1600745.7, "Plan Rows": 1, "Plan Width": 8, "Actual Rows": 1, "Actual Loops": 8, "Workers": [], "Plans": [{"Node Type": "Hash Join", "Parent Relationship": "Outer", "Parallel Aware": true, "Async Capable": false, "Join Type": "Inner", "Startup Cost": 349306.88, "Total Cost": 1599623.58, "Plan Rows": 448844, "Plan Width": 0, "Actual Rows": 37757, "Actual Loops": 8, "Inner Unique": true, "Hash Cond": "(orders.o_custkey = customer.c_custkey)", "Workers": [], "Plans": [{"Node Type": "Hash Join", "Parent Relationship": "Outer", "Parallel Aware": true, "Async Capable": false, "Join Type": "Inner", "Startup Cost": 307699.44, "Total Cost": 1552115.22, "Plan Rows": 2247966, "Plan Width": 4, "Actual Rows": 187416, "Actual Loops": 8, "Inner Unique": true, "Hash Cond": "(lineitem.l_orderkey = orders.o_orderkey)", "Workers": [], "Plans": [{"Node Type": "Seq Scan", "Parent Relationship": "Outer", "Parallel Aware": true, "Async Capable": false, "Relation Name": "lineitem", "Alias": "lineitem", "Startup Cost": 0.0, "Total Cost": 1232266.19, "Plan Rows": 4628417, "Plan Width": 4, "Actual Rows": 4057408, "Actual Loops": 8, "Filter": "(l_shipdate > '1995-03-10'::date)", "Rows Removed by Filter": 3440848, "Workers": []}, {"Node Type": "Hash", "Parent Relationship": "Inner", "Parallel Aware": true, "Async Capable": false, "Startup Cost": 292521.79, "Total Cost": 292521.79, "Plan Rows": 1214212, "Plan Width": 8, "Actual Rows": 907273, "Actual Loops": 8, "Hash Buckets": 8388608, "Original Hash Buckets": 8388608, "Hash Batches": 1, "Original Hash Batches": 1, "Peak Memory Usage": 349632, "Workers": [], "Plans": [{"Node Type": "Seq Scan", "Parent Relationship": "Outer", "Parallel Aware": true, "Async Capable": false, "Relation Name": "orders", "Alias": "orders", "Startup Cost": 0.0, "Total Cost": 292521.79, "Plan Rows": 1214212, "Plan Width": 8, "Actual Rows": 907273, "Actual Loops": 8, "Filter": "(o_orderdate < '1995-03-10'::date)", "Rows Removed by Filter": 967727, "Workers": []}]}]}, {"Node Type": "Hash", "Parent Relationship": "Inner", "Parallel Aware": true, "Async Capable": false, "Startup Cost": 40671.5, "Total Cost": 40671.5, "Plan Rows": 74875, "Plan Width": 4, "Actual Rows": 37534, "Actual Loops": 8, "Hash Buckets": 524288, "Original Hash Buckets": 524288, "Hash Batches": 1, "Original Hash Batches": 1, "Peak Memory Usage": 15936, "Workers": [], "Plans": [{"Node Type": "Seq Scan", "Parent Relationship": "Outer", "Parallel Aware": true, "Async Capable": false, "Relation Name": "customer", "Alias": "customer", "Startup Cost": 0.0, "Total Cost": 40671.5, "Plan Rows": 74875, "Plan Width": 4, "Actual Rows": 37534, "Actual Loops": 8, "Filter": "(c_mktsegment = 'BUILDING'::bpchar)", "Rows Removed by Filter": 149966, "Workers": []}]}]}]}]}]}, "Planning Time": 1.973, "Triggers": [], "Execution Time": 6407.113}]