[{"Plan": {"Node Type": "Aggregate", "Strategy": "Plain", "Partial Mode": "Finalize", "Parallel Aware": false, "Async Capable": false, "Startup Cost": 799260.57, "Total Cost": 799260.58, "Plan Rows": 1, "Plan Width": 8, "Actual Rows": 1, "Actual Loops": 1, "Plans": [{"Node Type": "Gather", "Parent Relationship": "Outer", "Parallel Aware": false, "Async Capable": false, "Startup Cost": 799260.15, "Total Cost": 799260.56, "Plan Rows": 4, "Plan Width": 8, "Actual Rows": 5, "Actual Loops": 1, "Workers Planned": 4, "Workers Launched": 4, "Single Copy": false, "Plans": [{"Node Type": "Aggregate", "Strategy": "Plain", "Partial Mode": "Partial", "Parent Relationship": "Outer", "Parallel Aware": false, "Async Capable": false, "Startup Cost": 798260.15, "Total Cost": 798260.16, "Plan Rows": 1, "Plan Width": 8, "Actual Rows": 1, "Actual Loops": 5, "Workers": [], "Plans": [{"Node Type": "Hash Join", "Parent Relationship": "Outer", "Parallel Aware": false, "Async Capable": false, "Join Type": "Inner", "Startup Cost": 755161.77, "Total Cost": 797907.56, "Plan Rows": 141036, "Plan Width": 0, "Actual Rows": 229724, "Actual Loops": 5, "Inner Unique": true, "Hash Cond": "(customer.c_nationkey = nation.n_nationkey)", "Workers": [], "Plans": [{"Node Type": "Hash Join", "Parent Relationship": "Outer", "Parallel Aware": true, "Async Capable": false, "Join Type": "Inner", "Startup Cost": 755160.21, "Total Cost": 797473.02, "Plan Rows": 141036, "Plan Width": 4, "Actual Rows": 229724, "Actual Loops": 5, "Inner Unique": false, "Hash Cond": "(customer.c_custkey = orders.o_custkey)", "Workers": [], "Plans": [{"Node Type": "Seq Scan", "Parent Relationship": "Outer", "Parallel Aware": true, "Async Capable": false, "Relation Name": "customer", "Alias": "customer", "Startup Cost": 0.0, "Total Cost": 39734.0, "Plan Rows": 375000, "Plan Width": 8, "Actual Rows": 300000, "Actual Loops": 5, "Workers": []}, {"Node Type": "Hash", "Parent Relationship": "Inner", "Parallel Aware": true, "Async Capable": false, "Startup Cost": 753984.91, "Total Cost": 753984.91, "Plan Rows": 94024, "Plan Width": 4, "Actual Rows": 229724, "Actual Loops": 5, "Hash Buckets": 2097152, "Original Hash Buckets": 1048576, "Hash Batches": 1, "Original Hash Batches": 1, "Peak Memory Usage": 69600, "Workers": [], "Plans": [{"Node Type": "Nested Loop", "Parent Relationship": "Outer", "Parallel Aware": false, "Async Capable": false, "Join Type": "Inner", "Startup Cost": 7766.45, "Total Cost": 753984.91, "Plan Rows": 94024, "Plan Width": 4, "Actual Rows": 229724, "Actual Loops": 5, "Inner Unique": false, "Workers": [], "Plans": [{"Node Type": "Bitmap Heap Scan", "Parent Relationship": "Outer", "Parallel Aware": true, "Async Capable": false, "Relation Name": "orders", "Alias": "orders", "Startup Cost": 7765.88, "Total Cost": 270457.75, "Plan Rows": 94658, "Plan Width": 8, "Actual Rows": 114856, "Actual Loops": 5, "Recheck Cond": "((o_orderdate >= '1994-06-01'::date) AND (o_orderdate < '1994-09-01 00:00:00'::timestamp without time zone))", "Rows Removed by Index Recheck": 0, "Exact Heap Blocks": 55750, "Lossy Heap Blocks": 0, "Workers": [], "Plans": [{"Node Type": "Bitmap Index Scan", "Parent Relationship": "Outer", "Parallel Aware": false, "Async Capable": false, "Index Name": "idx_orders_orderdate", "Startup Cost": 0.0, "Total Cost": 7623.9, "Plan Rows": 567946, "Plan Width": 0, "Actual Rows": 574281, "Actual Loops": 1, "Index Cond": "((o_orderdate >= '1994-06-01'::date) AND (o_orderdate < '1994-09-01 00:00:00'::timestamp without time zone))", "Workers": []}]}, {"Node Type": "Index Scan", "Parent Relationship": "Inner", "Parallel Aware": false, "Async Capable": false, "Scan Direction": "Forward", "Index Name": "idx_lineitem_orderkey", "Relation Name": "lineitem", "Alias": "lineitem", "Startup Cost": 0.56, "Total Cost": 5.03, "Plan Rows": 8, "Plan Width": 4, "Actual Rows": 2, "Actual Loops": 574281, "Index Cond": "(l_orderkey = orders.o_orderkey)", "Rows Removed by Index Recheck": 0, "Filter": "(l_returnflag = 'R'::bpchar)", "Rows Removed by Filter": 2, "Workers": []}]}]}]}, {"Node Type": "Hash", "Parent Relationship": "Inner", "Parallel Aware": false, "Async Capable": false, "Startup Cost": 1.25, "Total Cost": 1.25, "Plan Rows": 25, "Plan Width": 4, "Actual Rows": 25, "Actual Loops": 5, "Hash Buckets": 1024, "Original Hash Buckets": 1024, "Hash Batches": 1, "Original Hash Batches": 1, "Peak Memory Usage": 9, "Workers": [], "Plans": [{"Node Type": "Seq Scan", "Parent Relationship": "Outer", "Parallel Aware": false, "Async Capable": false, "Relation Name": "nation", "Alias": "nation", "Startup Cost": 0.0, "Total Cost": 1.25, "Plan Rows": 25, "Plan Width": 4, "Actual Rows": 25, "Actual Loops": 5, "Workers": []}]}]}]}]}]}, "Planning Time": 2.822, "Triggers": [], "Execution Time": 3054.597}, {"Plan": {"Node Type": "Aggregate", "Strategy": "Plain", "Partial Mode": "Simple", "Parallel Aware": false, "Async Capable": false, "Startup Cost": 869721.05, "Total Cost": 869721.06, "Plan Rows": 1, "Plan Width": 8, "Actual Rows": 1, "Actual Loops": 1, "Plans": [{"Node Type": "Hash Join", "Parent Relationship": "Outer", "Parallel Aware": false, "Async Capable": false, "Join Type": "Inner", "Startup Cost": 861939.45, "Total Cost": 868310.69, "Plan Rows": 564146, "Plan Width": 0, "Actual Rows": 1148620, "Actual Loops": 1, "Inner Unique": false, "Hash Cond": "(nation.n_nationkey = customer.c_nationkey)", "Plans": [{"Node Type": "Seq Scan", "Parent Relationship": "Outer", "Parallel Aware": false, "Async Capable": false, "Relation Name": "nation", "Alias": "nation", "Startup Cost": 0.0, "Total Cost": 1.25, "Plan Rows": 25, "Plan Width": 4, "Actual Rows": 25, "Actual Loops": 1}, {"Node Type": "Hash", "Parent Relationship": "Inner", "Parallel Aware": false, "Async Capable": false, "Startup Cost": 854887.62, "Total Cost": 854887.62, "Plan Rows": 564146, "Plan Width": 4, "Actual Rows": 1148620, "Actual Loops": 1, "Hash Buckets": 2097152, "Original Hash Buckets": 1048576, "Hash Batches": 1, "Original Hash Batches": 1, "Peak Memory Usage": 56766, "Plans": [{"Node Type": "Gather", "Parent Relationship": "Outer", "Parallel Aware": false, "Async Capable": false, "Startup Cost": 756160.21, "Total Cost": 854887.62, "Plan Rows": 564146, "Plan Width": 4, "Actual Rows": 1148620, "Actual Loops": 1, "Workers Planned": 4, "Workers Launched": 4, "Single Copy": false, "Plans": [{"Node Type": "Hash Join", "Parent Relationship": "Outer", "Parallel Aware": true, "Async Capable": false, "Join Type": "Inner", "Startup Cost": 755160.21, "Total Cost": 797473.02, "Plan Rows": 141036, "Plan Width": 4, "Actual Rows": 229724, "Actual Loops": 5, "Inner Unique": false, "Hash Cond": "(customer.c_custkey = orders.o_custkey)", "Workers": [], "Plans": [{"Node Type": "Seq Scan", "Parent Relationship": "Outer", "Parallel Aware": true, "Async Capable": false, "Relation Name": "customer", "Alias": "customer", "Startup Cost": 0.0, "Total Cost": 39734.0, "Plan Rows": 375000, "Plan Width": 8, "Actual Rows": 300000, "Actual Loops": 5, "Workers": []}, {"Node Type": "Hash", "Parent Relationship": "Inner", "Parallel Aware": true, "Async Capable": false, "Startup Cost": 753984.91, "Total Cost": 753984.91, "Plan Rows": 94024, "Plan Width": 4, "Actual Rows": 229724, "Actual Loops": 5, "Hash Buckets": 2097152, "Original Hash Buckets": 1048576, "Hash Batches": 1, "Original Hash Batches": 1, "Peak Memory Usage": 69568, "Workers": [], "Plans": [{"Node Type": "Nested Loop", "Parent Relationship": "Outer", "Parallel Aware": false, "Async Capable": false, "Join Type": "Inner", "Startup Cost": 7766.45, "Total Cost": 753984.91, "Plan Rows": 94024, "Plan Width": 4, "Actual Rows": 229724, "Actual Loops": 5, "Inner Unique": false, "Workers": [], "Plans": [{"Node Type": "Bitmap Heap Scan", "Parent Relationship": "Outer", "Parallel Aware": true, "Async Capable": false, "Relation Name": "orders", "Alias": "orders", "Startup Cost": 7765.88, "Total Cost": 270457.75, "Plan Rows": 94658, "Plan Width": 8, "Actual Rows": 114856, "Actual Loops": 5, "Recheck Cond": "((o_orderdate >= '1994-06-01'::date) AND (o_orderdate < '1994-09-01 00:00:00'::timestamp without time zone))", "Rows Removed by Index Recheck": 0, "Exact Heap Blocks": 55396, "Lossy Heap Blocks": 0, "Workers": [], "Plans": [{"Node Type": "Bitmap Index Scan", "Parent Relationship": "Outer", "Parallel Aware": false, "Async Capable": false, "Index Name": "idx_orders_orderdate", "Startup Cost": 0.0, "Total Cost": 7623.9, "Plan Rows": 567946, "Plan Width": 0, "Actual Rows": 574281, "Actual Loops": 1, "Index Cond": "((o_orderdate >= '1994-06-01'::date) AND (o_orderdate < '1994-09-01 00:00:00'::timestamp without time zone))", "Workers": []}]}, {"Node Type": "Index Scan", "Parent Relationship": "Inner", "Parallel Aware": false, "Async Capable": false, "Scan Direction": "Forward", "Index Name": "idx_lineitem_orderkey", "Relation Name": "lineitem", "Alias": "lineitem", "Startup Cost": 0.56, "Total Cost": 5.03, "Plan Rows": 8, "Plan Width": 4, "Actual Rows": 2, "Actual Loops": 574281, "Index Cond": "(l_orderkey = orders.o_orderkey)", "Rows Removed by Index Recheck": 0, "Filter": "(l_returnflag = 'R'::bpchar)", "Rows Removed by Filter": 2, "Workers": []}]}]}]}]}]}]}]}, "Planning Time": 2.185, "Triggers": [], "Execution Time": 3692.61}, {"Plan": {"Node Type": "Aggregate", "Strategy": "Plain", "Partial Mode": "Finalize", "Parallel Aware": false, "Async Capable": false, "Startup Cost": 800182.73, "Total Cost": 800182.74, "Plan Rows": 1, "Plan Width": 8, "Actual Rows": 1, "Actual Loops": 1, "Plans": [{"Node Type": "Gather", "Parent Relationship": "Outer", "Parallel Aware": false, "Async Capable": false, "Startup Cost": 800182.11, "Total Cost": 800182.72, "Plan Rows": 6, "Plan Width": 8, "Actual Rows": 7, "Actual Loops": 1, "Workers Planned": 6, "Workers Launched": 6, "Single Copy": false, "Plans": [{"Node Type": "Aggregate", "Strategy": "Plain", "Partial Mode": "Partial", "Parent Relationship": "Outer", "Parallel Aware": false, "Async Capable": false, "Startup Cost": 799182.11, "Total Cost": 799182.12, "Plan Rows": 1, "Plan Width": 8, "Actual Rows": 1, "Actual Loops": 7, "Workers": [], "Plans": [{"Node Type": "Nested Loop", "Parent Relationship": "Outer", "Parallel Aware": false, "Async Capable": false, "Join Type": "Inner", "Startup Cost": 52189.51, "Total Cost": 798947.05, "Plan Rows": 94024, "Plan Width": 0, "Actual Rows": 164089, "Actual Loops": 7, "Inner Unique": false, "Workers": [], "Plans": [{"Node Type": "Hash Join", "Parent Relationship": "Outer", "Parallel Aware": false, "Async Capable": false, "Join Type": "Inner", "Startup Cost": 52188.94, "Total Cost": 315419.88, "Plan Rows": 94658, "Plan Width": 4, "Actual Rows": 82040, "Actual Loops": 7, "Inner Unique": true, "Hash Cond": "(customer.c_nationkey = nation.n_nationkey)", "Workers": [], "Plans": [{"Node Type": "Hash Join", "Parent Relationship": "Outer", "Parallel Aware": true, "Async Capable": false, "Join Type": "Inner", "Startup Cost": 52187.38, "Total Cost": 315127.72, "Plan Rows": 94658, "Plan Width": 8, "Actual Rows": 82040, "Actual Loops": 7, "Inner Unique": true, "Hash Cond": "(orders.o_custkey = customer.c_custkey)", "Workers": [], "Plans": [{"Node Type": "Bitmap Heap Scan", "Parent Relationship": "Outer", "Parallel Aware": true, "Async Capable": false, "Relation Name": "orders", "Alias": "orders", "Startup Cost": 7765.88, "Total Cost": 270457.75, "Plan Rows": 94658, "Plan Width": 8, "Actual Rows": 82040, "Actual Loops": 7, "Recheck Cond": "((o_orderdate >= '1994-06-01'::date) AND (o_orderdate < '1994-09-01 00:00:00'::timestamp without time zone))", "Rows Removed by Index Recheck": 0, "Exact Heap Blocks": 41169, "Lossy Heap Blocks": 0, "Workers": [], "Plans": [{"Node Type": "Bitmap Index Scan", "Parent Relationship": "Outer", "Parallel Aware": false, "Async Capable": false, "Index Name": "idx_orders_orderdate", "Startup Cost": 0.0, "Total Cost": 7623.9, "Plan Rows": 567946, "Plan Width": 0, "Actual Rows": 574281, "Actual Loops": 1, "Index Cond": "((o_orderdate >= '1994-06-01'::date) AND (o_orderdate < '1994-09-01 00:00:00'::timestamp without time zone))", "Workers": []}]}, {"Node Type": "Hash", "Parent Relationship": "Inner", "Parallel Aware": true, "Async Capable": false, "Startup Cost": 39734.0, "Total Cost": 39734.0, "Plan Rows": 375000, "Plan Width": 8, "Actual Rows": 214286, "Actual Loops": 7, "Hash Buckets": 2097152, "Original Hash Buckets": 2097152, "Hash Batches": 1, "Original Hash Batches": 1, "Peak Memory Usage": 75168, "Workers": [], "Plans": [{"Node Type": "Seq Scan", "Parent Relationship": "Outer", "Parallel Aware": true, "Async Capable": false, "Relation Name": "customer", "Alias": "customer", "Startup Cost": 0.0, "Total Cost": 39734.0, "Plan Rows": 375000, "Plan Width": 8, "Actual Rows": 214286, "Actual Loops": 7, "Workers": []}]}]}, {"Node Type": "Hash", "Parent Relationship": "Inner", "Parallel Aware": false, "Async Capable": false, "Startup Cost": 1.25, "Total Cost": 1.25, "Plan Rows": 25, "Plan Width": 4, "Actual Rows": 25, "Actual Loops": 7, "Hash Buckets": 1024, "Original Hash Buckets": 1024, "Hash Batches": 1, "Original Hash Batches": 1, "Peak Memory Usage": 9, "Workers": [], "Plans": [{"Node Type": "Seq Scan", "Parent Relationship": "Outer", "Parallel Aware": false, "Async Capable": false, "Relation Name": "nation", "Alias": "nation", "Startup Cost": 0.0, "Total Cost": 1.25, "Plan Rows": 25, "Plan Width": 4, "Actual Rows": 25, "Actual Loops": 7, "Workers": []}]}]}, {"Node Type": "Index Scan", "Parent Relationship": "Inner", "Parallel Aware": false, "Async Capable": false, "Scan Direction": "Forward", "Index Name": "idx_lineitem_orderkey", "Relation Name": "lineitem", "Alias": "lineitem", "Startup Cost": 0.56, "Total Cost": 5.03, "Plan Rows": 8, "Plan Width": 4, "Actual Rows": 2, "Actual Loops": 574281, "Index Cond": "(l_orderkey = orders.o_orderkey)", "Rows Removed by Index Recheck": 0, "Filter": "(l_returnflag = 'R'::bpchar)", "Rows Removed by Filter": 2, "Workers": []}]}]}]}]}, "Planning Time": 2.939, "Triggers": [], "Execution Time": 2202.12}, {"Plan": {"Node Type": "Aggregate", "Strategy": "Plain", "Partial Mode": "Finalize", "Parallel Aware": false, "Async Capable": false, "Startup Cost": 801382.56, "Total Cost": 801382.57, "Plan Rows": 1, "Plan Width": 8, "Actual Rows": 1, "Actual Loops": 1, "Plans": [{"Node Type": "Gather", "Parent Relationship": "Outer", "Parallel Aware": false, "Async Capable": false, "Startup Cost": 801381.93, "Total Cost": 801382.54, "Plan Rows": 6, "Plan Width": 8, "Actual Rows": 7, "Actual Loops": 1, "Workers Planned": 6, "Workers Launched": 6, "Single Copy": false, "Plans": [{"Node Type": "Aggregate", "Strategy": "Plain", "Partial Mode": "Partial", "Parent Relationship": "Outer", "Parallel Aware": false, "Async Capable": false, "Startup Cost": 800381.93, "Total Cost": 800381.94, "Plan Rows": 1, "Plan Width": 8, "Actual Rows": 1, "Actual Loops": 7, "Workers": [], "Plans": [{"Node Type": "Hash Join", "Parent Relationship": "Outer", "Parallel Aware": true, "Async Capable": false, "Join Type": "Inner", "Startup Cost": 53340.76, "Total Cost": 800146.87, "Plan Rows": 94024, "Plan Width": 0, "Actual Rows": 164089, "Actual Loops": 7, "Inner Unique": false, "Hash Cond": "(orders.o_custkey = customer.c_custkey)", "Workers": [], "Plans": [{"Node Type": "Nested Loop", "Parent Relationship": "Outer", "Parallel Aware": false, "Async Capable": false, "Join Type": "Inner", "Startup Cost": 7766.45, "Total Cost": 753984.91, "Plan Rows": 94024, "Plan Width": 4, "Actual Rows": 164089, "Actual Loops": 7, "Inner Unique": false, "Workers": [], "Plans": [{"Node Type": "Bitmap Heap Scan", "Parent Relationship": "Outer", "Parallel Aware": true, "Async Capable": false, "Relation Name": "orders", "Alias": "orders", "Startup Cost": 7765.88, "Total Cost": 270457.75, "Plan Rows": 94658, "Plan Width": 8, "Actual Rows": 82040, "Actual Loops": 7, "Recheck Cond": "((o_orderdate >= '1994-06-01'::date) AND (o_orderdate < '1994-09-01 00:00:00'::timestamp without time zone))", "Rows Removed by Index Recheck": 0, "Exact Heap Blocks": 41032, "Lossy Heap Blocks": 0, "Workers": [], "Plans": [{"Node Type": "Bitmap Index Scan", "Parent Relationship": "Outer", "Parallel Aware": false, "Async Capable": false, "Index Name": "idx_orders_orderdate", "Startup Cost": 0.0, "Total Cost": 7623.9, "Plan Rows": 567946, "Plan Width": 0, "Actual Rows": 574281, "Actual Loops": 1, "Index Cond": "((o_orderdate >= '1994-06-01'::date) AND (o_orderdate < '1994-09-01 00:00:00'::timestamp without time zone))", "Workers": []}]}, {"Node Type": "Index Scan", "Parent Relationship": "Inner", "Parallel Aware": false, "Async Capable": false, "Scan Direction": "Forward", "Index Name": "idx_lineitem_orderkey", "Relation Name": "lineitem", "Alias": "lineitem", "Startup Cost": 0.56, "Total Cost": 5.03, "Plan Rows": 8, "Plan Width": 4, "Actual Rows": 2, "Actual Loops": 574281, "Index Cond": "(l_orderkey = orders.o_orderkey)", "Rows Removed by Index Recheck": 0, "Filter": "(l_returnflag = 'R'::bpchar)", "Rows Removed by Filter": 2, "Workers": []}]}, {"Node Type": "Hash", "Parent Relationship": "Inner", "Parallel Aware": true, "Async Capable": false, "Startup Cost": 40886.81, "Total Cost": 40886.81, "Plan Rows": 375000, "Plan Width": 4, "Actual Rows": 214286, "Actual Loops": 7, "Hash Buckets": 2097152, "Original Hash Buckets": 2097152, "Hash Batches": 1, "Original Hash Batches": 1, "Peak Memory Usage": 75136, "Workers": [], "Plans": [{"Node Type": "Hash Join", "Parent Relationship": "Outer", "Parallel Aware": false, "Async Capable": false, "Join Type": "Inner", "Startup Cost": 1.56, "Total Cost": 40886.81, "Plan Rows": 375000, "Plan Width": 4, "Actual Rows": 214286, "Actual Loops": 7, "Inner Unique": true, "Hash Cond": "(customer.c_nationkey = nation.n_nationkey)", "Workers": [], "Plans": [{"Node Type": "Seq Scan", "Parent Relationship": "Outer", "Parallel Aware": true, "Async Capable": false, "Relation Name": "customer", "Alias": "customer", "Startup Cost": 0.0, "Total Cost": 39734.0, "Plan Rows": 375000, "Plan Width": 8, "Actual Rows": 214286, "Actual Loops": 7, "Workers": []}, {"Node Type": "Hash", "Parent Relationship": "Inner", "Parallel Aware": false, "Async Capable": false, "Startup Cost": 1.25, "Total Cost": 1.25, "Plan Rows": 25, "Plan Width": 4, "Actual Rows": 25, "Actual Loops": 7, "Hash Buckets": 1024, "Original Hash Buckets": 1024, "Hash Batches": 1, "Original Hash Batches": 1, "Peak Memory Usage": 9, "Workers": [], "Plans": [{"Node Type": "Seq Scan", "Parent Relationship": "Outer", "Parallel Aware": false, "Async Capable": false, "Relation Name": "nation", "Alias": "nation", "Startup Cost": 0.0, "Total Cost": 1.25, "Plan Rows": 25, "Plan Width": 4, "Actual Rows": 25, "Actual Loops": 7, "Workers": []}]}]}]}]}]}]}]}, "Planning Time": 4.023, "Triggers": [], "Execution Time": 2285.442}, {"Plan": {"Node Type": "Aggregate", "Strategy": "Plain", "Partial Mode": "Finalize", "Parallel Aware": false, "Async Capable": false, "Startup Cost": 799978.84, "Total Cost": 799978.85, "Plan Rows": 1, "Plan Width": 8, "Actual Rows": 1, "Actual Loops": 1, "Plans": [{"Node Type": "Gather", "Parent Relationship": "Outer", "Parallel Aware": false, "Async Capable": false, "Startup Cost": 799978.42, "Total Cost": 799978.83, "Plan Rows": 4, "Plan Width": 8, "Actual Rows": 5, "Actual Loops": 1, "Workers Planned": 4, "Workers Launched": 4, "Single Copy": false, "Plans": [{"Node Type": "Aggregate", "Strategy": "Plain", "Partial Mode": "Partial", "Parent Relationship": "Outer", "Parallel Aware": false, "Async Capable": false, "Startup Cost": 798978.42, "Total Cost": 798978.43, "Plan Rows": 1, "Plan Width": 8, "Actual Rows": 1, "Actual Loops": 5, "Workers": [], "Plans": [{"Node Type": "Hash Join", "Parent Relationship": "Outer", "Parallel Aware": true, "Async Capable": false, "Join Type": "Inner", "Startup Cost": 755161.77, "Total Cost": 798625.83, "Plan Rows": 141036, "Plan Width": 0, "Actual Rows": 229724, "Actual Loops": 5, "Inner Unique": false, "Hash Cond": "(customer.c_custkey = orders.o_custkey)", "Workers": [], "Plans": [{"Node Type": "Hash Join", "Parent Relationship": "Outer", "Parallel Aware": false, "Async Capable": false, "Join Type": "Inner", "Startup Cost": 1.56, "Total Cost": 40886.81, "Plan Rows": 375000, "Plan Width": 4, "Actual Rows": 300000, "Actual Loops": 5, "Inner Unique": true, "Hash Cond": "(customer.c_nationkey = nation.n_nationkey)", "Workers": [], "Plans": [{"Node Type": "Seq Scan", "Parent Relationship": "Outer", "Parallel Aware": true, "Async Capable": false, "Relation Name": "customer", "Alias": "customer", "Startup Cost": 0.0, "Total Cost": 39734.0, "Plan Rows": 375000, "Plan Width": 8, "Actual Rows": 300000, "Actual Loops": 5, "Workers": []}, {"Node Type": "Hash", "Parent Relationship": "Inner", "Parallel Aware": false, "Async Capable": false, "Startup Cost": 1.25, "Total Cost": 1.25, "Plan Rows": 25, "Plan Width": 4, "Actual Rows": 25, "Actual Loops": 5, "Hash Buckets": 1024, "Original Hash Buckets": 1024, "Hash Batches": 1, "Original Hash Batches": 1, "Peak Memory Usage": 9, "Workers": [], "Plans": [{"Node Type": "Seq Scan", "Parent Relationship": "Outer", "Parallel Aware": false, "Async Capable": false, "Relation Name": "nation", "Alias": "nation", "Startup Cost": 0.0, "Total Cost": 1.25, "Plan Rows": 25, "Plan Width": 4, "Actual Rows": 25, "Actual Loops": 5, "Workers": []}]}]}, {"Node Type": "Hash", "Parent Relationship": "Inner", "Parallel Aware": true, "Async Capable": false, "Startup Cost": 753984.91, "Total Cost": 753984.91, "Plan Rows": 94024, "Plan Width": 4, "Actual Rows": 229724, "Actual Loops": 5, "Hash Buckets": 2097152, "Original Hash Buckets": 1048576, "Hash Batches": 1, "Original Hash Batches": 1, "Peak Memory Usage": 69568, "Workers": [], "Plans": [{"Node Type": "Nested Loop", "Parent Relationship": "Outer", "Parallel Aware": false, "Async Capable": false, "Join Type": "Inner", "Startup Cost": 7766.45, "Total Cost": 753984.91, "Plan Rows": 94024, "Plan Width": 4, "Actual Rows": 229724, "Actual Loops": 5, "Inner Unique": false, "Workers": [], "Plans": [{"Node Type": "Bitmap Heap Scan", "Parent Relationship": "Outer", "Parallel Aware": true, "Async Capable": false, "Relation Name": "orders", "Alias": "orders", "Startup Cost": 7765.88, "Total Cost": 270457.75, "Plan Rows": 94658, "Plan Width": 8, "Actual Rows": 114856, "Actual Loops": 5, "Recheck Cond": "((o_orderdate >= '1994-06-01'::date) AND (o_orderdate < '1994-09-01 00:00:00'::timestamp without time zone))", "Rows Removed by Index Recheck": 0, "Exact Heap Blocks": 55828, "Lossy Heap Blocks": 0, "Workers": [], "Plans": [{"Node Type": "Bitmap Index Scan", "Parent Relationship": "Outer", "Parallel Aware": false, "Async Capable": false, "Index Name": "idx_orders_orderdate", "Startup Cost": 0.0, "Total Cost": 7623.9, "Plan Rows": 567946, "Plan Width": 0, "Actual Rows": 574281, "Actual Loops": 1, "Index Cond": "((o_orderdate >= '1994-06-01'::date) AND (o_orderdate < '1994-09-01 00:00:00'::timestamp without time zone))", "Workers": []}]}, {"Node Type": "Index Scan", "Parent Relationship": "Inner", "Parallel Aware": false, "Async Capable": false, "Scan Direction": "Forward", "Index Name": "idx_lineitem_orderkey", "Relation Name": "lineitem", "Alias": "lineitem", "Startup Cost": 0.56, "Total Cost": 5.03, "Plan Rows": 8, "Plan Width": 4, "Actual Rows": 2, "Actual Loops": 574281, "Index Cond": "(l_orderkey = orders.o_orderkey)", "Rows Removed by Index Recheck": 0, "Filter": "(l_returnflag = 'R'::bpchar)", "Rows Removed by Filter": 2, "Workers": []}]}]}]}]}]}]}, "Planning Time": 3.155, "Triggers": [], "Execution Time": 3340.692}, {"Plan": {"Node Type": "Aggregate", "Strategy": "Plain", "Partial Mode": "Finalize", "Parallel Aware": false, "Async Capable": false, "Startup Cost": 1558187.71, "Total Cost": 1558187.72, "Plan Rows": 1, "Plan Width": 8, "Actual Rows": 1, "Actual Loops": 1, "Plans": [{"Node Type": "Gather", "Parent Relationship": "Outer", "Parallel Aware": false, "Async Capable": false, "Startup Cost": 1558186.98, "Total Cost": 1558187.69, "Plan Rows": 7, "Plan Width": 8, "Actual Rows": 8, "Actual Loops": 1, "Workers Planned": 7, "Workers Launched": 7, "Single Copy": false, "Plans": [{"Node Type": "Aggregate", "Strategy": "Plain", "Partial Mode": "Partial", "Parent Relationship": "Outer", "Parallel Aware": false, "Async Capable": false, "Startup Cost": 1557186.98, "Total Cost": 1557186.99, "Plan Rows": 1, "Plan Width": 8, "Actual Rows": 1, "Actual Loops": 8, "Workers": [], "Plans": [{"Node Type": "Hash Join", "Parent Relationship": "Outer", "Parallel Aware": true, "Async Capable": false, "Join Type": "Inner", "Startup Cost": 316603.11, "Total Cost": 1556985.5, "Plan Rows": 80592, "Plan Width": 0, "Actual Rows": 143578, "Actual Loops": 8, "Inner Unique": false, "Hash Cond": "(lineitem.l_orderkey = orders.o_orderkey)", "Workers": [], "Plans": [{"Node Type": "Seq Scan", "Parent Relationship": "Outer", "Parallel Aware": true, "Async Capable": false, "Relation Name": "lineitem", "Alias": "lineitem", "Startup Cost": 0.0, "Total Cost": 1232266.19, "Plan Rows": 2128504, "Plan Width": 4, "Actual Rows": 1851023, "Actual Loops": 8, "Filter": "(l_returnflag = 'R'::bpchar)", "Rows Removed by Filter": 5647234, "Workers": []}, {"Node Type": "Hash", "Parent Relationship": "Inner", "Parallel Aware": true, "Async Capable": false, "Startup Cost": 315419.88, "Total Cost": 315419.88, "Plan Rows": 94658, "Plan Width": 4, "Actual Rows": 71785, "Actual Loops": 8, "Hash Buckets": 1048576, "Original Hash Buckets": 1048576, "Hash Batches": 1, "Original Hash Batches": 1, "Peak Memory Usage": 30784, "Workers": [], "Plans": [{"Node Type": "Hash Join", "Parent Relationship": "Outer", "Parallel Aware": false, "Async Capable": false, "Join Type": "Inner", "Startup Cost": 52188.94, "Total Cost": 315419.88, "Plan Rows": 94658, "Plan Width": 4, "Actual Rows": 71785, "Actual Loops": 8, "Inner Unique": true, "Hash Cond": "(customer.c_nationkey = nation.n_nationkey)", "Workers": [], "Plans": [{"Node Type": "Hash Join", "Parent Relationship": "Outer", "Parallel Aware": true, "Async Capable": false, "Join Type": "Inner", "Startup Cost": 52187.38, "Total Cost": 315127.72, "Plan Rows": 94658, "Plan Width": 8, "Actual Rows": 71785, "Actual Loops": 8, "Inner Unique": true, "Hash Cond": "(orders.o_custkey = customer.c_custkey)", "Workers": [], "Plans": [{"Node Type": "Bitmap Heap Scan", "Parent Relationship": "Outer", "Parallel Aware": true, "Async Capable": false, "Relation Name": "orders", "Alias": "orders", "Startup Cost": 7765.88, "Total Cost": 270457.75, "Plan Rows": 94658, "Plan Width": 8, "Actual Rows": 71785, "Actual Loops": 8, "Recheck Cond": "((o_orderdate >= '1994-06-01'::date) AND (o_orderdate < '1994-09-01 00:00:00'::timestamp without time zone))", "Rows Removed by Index Recheck": 0, "Exact Heap Blocks": 35624, "Lossy Heap Blocks": 0, "Workers": [], "Plans": [{"Node Type": "Bitmap Index Scan", "Parent Relationship": "Outer", "Parallel Aware": false, "Async Capable": false, "Index Name": "idx_orders_orderdate", "Startup Cost": 0.0, "Total Cost": 7623.9, "Plan Rows": 567946, "Plan Width": 0, "Actual Rows": 574281, "Actual Loops": 1, "Index Cond": "((o_orderdate >= '1994-06-01'::date) AND (o_orderdate < '1994-09-01 00:00:00'::timestamp without time zone))", "Workers": []}]}, {"Node Type": "Hash", "Parent Relationship": "Inner", "Parallel Aware": true, "Async Capable": false, "Startup Cost": 39734.0, "Total Cost": 39734.0, "Plan Rows": 375000, "Plan Width": 8, "Actual Rows": 187500, "Actual Loops": 8, "Hash Buckets": 2097152, "Original Hash Buckets": 2097152, "Hash Batches": 1, "Original Hash Batches": 1, "Peak Memory Usage": 75200, "Workers": [], "Plans": [{"Node Type": "Seq Scan", "Parent Relationship": "Outer", "Parallel Aware": true, "Async Capable": false, "Relation Name": "customer", "Alias": "customer", "Startup Cost": 0.0, "Total Cost": 39734.0, "Plan Rows": 375000, "Plan Width": 8, "Actual Rows": 187500, "Actual Loops": 8, "Workers": []}]}]}, {"Node Type": "Hash", "Parent Relationship": "Inner", "Parallel Aware": false, "Async Capable": false, "Startup Cost": 1.25, "Total Cost": 1.25, "Plan Rows": 25, "Plan Width": 4, "Actual Rows": 25, "Actual Loops": 8, "Hash Buckets": 1024, "Original Hash Buckets": 1024, "Hash Batches": 1, "Original Hash Batches": 1, "Peak Memory Usage": 9, "Workers": [], "Plans": [{"Node Type": "Seq Scan", "Parent Relationship": "Outer", "Parallel Aware": false, "Async Capable": false, "Relation Name": "nation", "Alias": "nation", "Startup Cost": 0.0, "Total Cost": 1.25, "Plan Rows": 25, "Plan Width": 4, "Actual Rows": 25, "Actual Loops": 8, "Workers": []}]}]}]}]}]}]}]}, "Planning Time": 2.877, "Triggers": [], "Execution Time": 4537.154}, {"Plan": {"Node Type": "Aggregate", "Strategy": "Plain", "Partial Mode": "Finalize", "Parallel Aware": false, "Async Capable": false, "Startup Cost": 799260.57, "Total Cost": 799260.58, "Plan Rows": 1, "Plan Width": 8, "Actual Rows": 1, "Actual Loops": 1, "Plans": [{"Node Type": "Gather", "Parent Relationship": "Outer", "Parallel Aware": false, "Async Capable": false, "Startup Cost": 799260.15, "Total Cost": 799260.56, "Plan Rows": 4, "Plan Width": 8, "Actual Rows": 5, "Actual Loops": 1, "Workers Planned": 4, "Workers Launched": 4, "Single Copy": false, "Plans": [{"Node Type": "Aggregate", "Strategy": "Plain", "Partial Mode": "Partial", "Parent Relationship": "Outer", "Parallel Aware": false, "Async Capable": false, "Startup Cost": 798260.15, "Total Cost": 798260.16, "Plan Rows": 1, "Plan Width": 8, "Actual Rows": 1, "Actual Loops": 5, "Workers": [], "Plans": [{"Node Type": "Hash Join", "Parent Relationship": "Outer", "Parallel Aware": false, "Async Capable": false, "Join Type": "Inner", "Startup Cost": 755161.77, "Total Cost": 797907.56, "Plan Rows": 141036, "Plan Width": 0, "Actual Rows": 229724, "Actual Loops": 5, "Inner Unique": true, "Hash Cond": "(customer.c_nationkey = nation.n_nationkey)", "Workers": [], "Plans": [{"Node Type": "Hash Join", "Parent Relationship": "Outer", "Parallel Aware": true, "Async Capable": false, "Join Type": "Inner", "Startup Cost": 755160.21, "Total Cost": 797473.02, "Plan Rows": 141036, "Plan Width": 4, "Actual Rows": 229724, "Actual Loops": 5, "Inner Unique": false, "Hash Cond": "(customer.c_custkey = orders.o_custkey)", "Workers": [], "Plans": [{"Node Type": "Seq Scan", "Parent Relationship": "Outer", "Parallel Aware": true, "Async Capable": false, "Relation Name": "customer", "Alias": "customer", "Startup Cost": 0.0, "Total Cost": 39734.0, "Plan Rows": 375000, "Plan Width": 8, "Actual Rows": 300000, "Actual Loops": 5, "Workers": []}, {"Node Type": "Hash", "Parent Relationship": "Inner", "Parallel Aware": true, "Async Capable": false, "Startup Cost": 753984.91, "Total Cost": 753984.91, "Plan Rows": 94024, "Plan Width": 4, "Actual Rows": 229724, "Actual Loops": 5, "Hash Buckets": 2097152, "Original Hash Buckets": 1048576, "Hash Batches": 1, "Original Hash Batches": 1, "Peak Memory Usage": 69600, "Workers": [], "Plans": [{"Node Type": "Nested Loop", "Parent Relationship": "Outer", "Parallel Aware": false, "Async Capable": false, "Join Type": "Inner", "Startup Cost": 7766.45, "Total Cost": 753984.91, "Plan Rows": 94024, "Plan Width": 4, "Actual Rows": 229724, "Actual Loops": 5, "Inner Unique": false, "Workers": [], "Plans": [{"Node Type": "Bitmap Heap Scan", "Parent Relationship": "Outer", "Parallel Aware": true, "Async Capable": false, "Relation Name": "orders", "Alias": "orders", "Startup Cost": 7765.88, "Total Cost": 270457.75, "Plan Rows": 94658, "Plan Width": 8, "Actual Rows": 114856, "Actual Loops": 5, "Recheck Cond": "((o_orderdate >= '1994-06-01'::date) AND (o_orderdate < '1994-09-01 00:00:00'::timestamp without time zone))", "Rows Removed by Index Recheck": 0, "Exact Heap Blocks": 56001, "Lossy Heap Blocks": 0, "Workers": [], "Plans": [{"Node Type": "Bitmap Index Scan", "Parent Relationship": "Outer", "Parallel Aware": false, "Async Capable": false, "Index Name": "idx_orders_orderdate", "Startup Cost": 0.0, "Total Cost": 7623.9, "Plan Rows": 567946, "Plan Width": 0, "Actual Rows": 574281, "Actual Loops": 1, "Index Cond": "((o_orderdate >= '1994-06-01'::date) AND (o_orderdate < '1994-09-01 00:00:00'::timestamp without time zone))", "Workers": []}]}, {"Node Type": "Index Scan", "Parent Relationship": "Inner", "Parallel Aware": false, "Async Capable": false, "Scan Direction": "Forward", "Index Name": "idx_lineitem_orderkey", "Relation Name": "lineitem", "Alias": "lineitem", "Startup Cost": 0.56, "Total Cost": 5.03, "Plan Rows": 8, "Plan Width": 4, "Actual Rows": 2, "Actual Loops": 574281, "Index Cond": "(l_orderkey = orders.o_orderkey)", "Rows Removed by Index Recheck": 0, "Filter": "(l_returnflag = 'R'::bpchar)", "Rows Removed by Filter": 2, "Workers": []}]}]}]}, {"Node Type": "Hash", "Parent Relationship": "Inner", "Parallel Aware": false, "Async Capable": false, "Startup Cost": 1.25, "Total Cost": 1.25, "Plan Rows": 25, "Plan Width": 4, "Actual Rows": 25, "Actual Loops": 5, "Hash Buckets": 1024, "Original Hash Buckets": 1024, "Hash Batches": 1, "Original Hash Batches": 1, "Peak Memory Usage": 9, "Workers": [], "Plans": [{"Node Type": "Seq Scan", "Parent Relationship": "Outer", "Parallel Aware": false, "Async Capable": false, "Relation Name": "nation", "Alias": "nation", "Startup Cost": 0.0, "Total Cost": 1.25, "Plan Rows": 25, "Plan Width": 4, "Actual Rows": 25, "Actual Loops": 5, "Workers": []}]}]}]}]}]}, "Planning Time": 3.183, "Triggers": [], "Execution Time": 3353.992}]