[{"Plan": {"Node Type": "Aggregate", "Strategy": "Plain", "Partial Mode": "Finalize", "Parallel Aware": false, "Async Capable": false, "Startup Cost": 16455.73, "Total Cost": 16455.74, "Plan Rows": 1, "Plan Width": 8, "Actual Rows": 1, "Actual Loops": 1, "Plans": [{"Node Type": "Gather", "Parent Relationship": "Outer", "Parallel Aware": false, "Async Capable": false, "Startup Cost": 16455.62, "Total Cost": 16455.73, "Plan Rows": 1, "Plan Width": 8, "Actual Rows": 2, "Actual Loops": 1, "Workers Planned": 1, "Workers Launched": 1, "Single Copy": false, "Plans": [{"Node Type": "Aggregate", "Strategy": "Plain", "Partial Mode": "Partial", "Parent Relationship": "Outer", "Parallel Aware": false, "Async Capable": false, "Startup Cost": 15455.62, "Total Cost": 15455.63, "Plan Rows": 1, "Plan Width": 8, "Actual Rows": 1, "Actual Loops": 2, "Workers": [], "Plans": [{"Node Type": "Nested Loop", "Parent Relationship": "Outer", "Parallel Aware": false, "Async Capable": false, "Join Type": "Inner", "Startup Cost": 3983.95, "Total Cost": 11177.62, "Plan Rows": 1711199, "Plan Width": 0, "Actual Rows": 1050552, "Actual Loops": 2, "Inner Unique": false, "Join Filter": "(ph.userid = u.id)", "Rows Removed by Join Filter": 0, "Workers": [], "Plans": [{"Node Type": "Merge Join", "Parent Relationship": "Outer", "Parallel Aware": false, "Async Capable": false, "Join Type": "Inner", "Startup Cost": 3983.53, "Total Cost": 8074.29, "Plan Rows": 2981, "Plan Width": 12, "Actual Rows": 25578, "Actual Loops": 2, "Inner Unique": false, "Merge Cond": "(u.id = p.owneruserid)", "Workers": [], "Plans": [{"Node Type": "Merge Join", "Parent Relationship": "Outer", "Parallel Aware": false, "Async Capable": false, "Join Type": "Inner", "Startup Cost": 0.68, "Total Cost": 3933.75, "Plan Rows": 45272, "Plan Width": 8, "Actual Rows": 29190, "Actual Loops": 2, "Inner Unique": true, "Merge Cond": "(b.userid = u.id)", "Workers": [], "Plans": [{"Node Type": "Index Only Scan", "Parent Relationship": "Outer", "Parallel Aware": true, "Async Capable": false, "Scan Direction": "Forward", "Index Name": "idx_badges_userid", "Relation Name": "badges", "Alias": "b", "Startup Cost": 0.29, "Total Cost": 1405.26, "Plan Rows": 46971, "Plan Width": 4, "Actual Rows": 39854, "Actual Loops": 2, "Heap Fetches": 0, "Workers": []}, {"Node Type": "Index Scan", "Parent Relationship": "Inner", "Parallel Aware": false, "Async Capable": false, "Scan Direction": "Forward", "Index Name": "users_pkey", "Relation Name": "users", "Alias": "u", "Startup Cost": 0.29, "Total Cost": 1861.23, "Plan Rows": 38866, "Plan Width": 4, "Actual Rows": 39060, "Actual Loops": 2, "Filter": "((views >= 0) AND (downvotes >= 0) AND (downvotes <= 0) AND (upvotes >= 0) AND (upvotes <= 37))", "Rows Removed by Filter": 1059, "Workers": []}]}, {"Node Type": "Sort", "Parent Relationship": "Inner", "Parallel Aware": false, "Async Capable": false, "Startup Cost": 3982.85, "Total Cost": 3989.59, "Plan Rows": 2696, "Plan Width": 4, "Actual Rows": 33526, "Actual Loops": 2, "Sort Key": ["p.owneruserid"], "Sort Method": "quicksort", "Sort Space Used": 385, "Sort Space Type": "Memory", "Workers": [{"Worker Number": 0, "Sort Method": "quicksort", "Sort Space Used": 385, "Sort Space Type": "Memory"}], "Plans": [{"Node Type": "Seq Scan", "Parent Relationship": "Outer", "Parallel Aware": false, "Async Capable": false, "Relation Name": "posts", "Alias": "p", "Startup Cost": 0.0, "Total Cost": 3829.22, "Plan Rows": 2696, "Plan Width": 4, "Actual Rows": 12391, "Actual Loops": 2, "Filter": "((score >= '-1'::integer) AND (viewcount >= 0) AND (viewcount <= 39097) AND (answercount >= 0) AND (commentcount >= 0) AND (commentcount <= 11) AND (favoritecount <= 10) AND (creationdate >= '2010-08-13 02:18:09'::timestamp without time zone) AND (creationdate <= '2014-09-09 10:20:27'::timestamp without time zone))", "Rows Removed by Filter": 79585, "Workers": []}]}]}, {"Node Type": "Index Scan", "Parent Relationship": "Inner", "Parallel Aware": false, "Async Capable": false, "Scan Direction": "Forward", "Index Name": "idx_posthistory_userid", "Relation Name": "posthistory", "Alias": "ph", "Startup Cost": 0.42, "Total Cost": 0.87, "Plan Rows": 14, "Plan Width": 4, "Actual Rows": 41, "Actual Loops": 51156, "Index Cond": "(userid = b.userid)", "Rows Removed by Index Recheck": 0, "Filter": "((creationdate >= '2010-09-06 11:41:43'::timestamp without time zone) AND (creationdate <= '2014-09-03 16:41:18'::timestamp without time zone))", "Rows Removed by Filter": 1, "Workers": []}]}]}]}]}, "Planning Time": 5.925, "Triggers": [], "Execution Time": 367.663}, {"Plan": {"Node Type": "Aggregate", "Strategy": "Plain", "Partial Mode": "Simple", "Parallel Aware": false, "Async Capable": false, "Startup Cost": 12523.56, "Total Cost": 12523.57, "Plan Rows": 1, "Plan Width": 8, "Actual Rows": 1, "Actual Loops": 1, "Plans": [{"Node Type": "Nested Loop", "Parent Relationship": "Outer", "Parallel Aware": false, "Async Capable": false, "Join Type": "Inner", "Startup Cost": 1690.85, "Total Cost": 11796.3, "Plan Rows": 2909040.0, "Plan Width": 0, "Actual Rows": 2101105, "Actual Loops": 1, "Inner Unique": false, "Join Filter": "(ph.userid = u.id)", "Rows Removed by Join Filter": 0, "Plans": [{"Node Type": "Nested Loop", "Parent Relationship": "Outer", "Parallel Aware": false, "Async Capable": false, "Join Type": "Inner", "Startup Cost": 1690.43, "Total Cost": 6521.35, "Plan Rows": 5067, "Plan Width": 12, "Actual Rows": 51156, "Actual Loops": 1, "Inner Unique": false, "Plans": [{"Node Type": "Hash Join", "Parent Relationship": "Outer", "Parallel Aware": false, "Async Capable": false, "Join Type": "Inner", "Startup Cost": 1690.14, "Total Cost": 5526.43, "Plan Rows": 2559, "Plan Width": 8, "Actual Rows": 8538, "Actual Loops": 1, "Inner Unique": true, "Hash Cond": "(p.owneruserid = u.id)", "Plans": [{"Node Type": "Seq Scan", "Parent Relationship": "Outer", "Parallel Aware": false, "Async Capable": false, "Relation Name": "posts", "Alias": "p", "Startup Cost": 0.0, "Total Cost": 3829.22, "Plan Rows": 2696, "Plan Width": 4, "Actual Rows": 12391, "Actual Loops": 1, "Filter": "((score >= '-1'::integer) AND (viewcount >= 0) AND (viewcount <= 39097) AND (answercount >= 0) AND (commentcount >= 0) AND (commentcount <= 11) AND (favoritecount <= 10) AND (creationdate >= '2010-08-13 02:18:09'::timestamp without time zone) AND (creationdate <= '2014-09-09 10:20:27'::timestamp without time zone))", "Rows Removed by Filter": 79585}, {"Node Type": "Hash", "Parent Relationship": "Inner", "Parallel Aware": false, "Async Capable": false, "Startup Cost": 1204.31, "Total Cost": 1204.31, "Plan Rows": 38866, "Plan Width": 4, "Actual Rows": 39266, "Actual Loops": 1, "Hash Buckets": 65536, "Original Hash Buckets": 65536, "Hash Batches": 1, "Original Hash Batches": 1, "Peak Memory Usage": 1893, "Plans": [{"Node Type": "Seq Scan", "Parent Relationship": "Outer", "Parallel Aware": false, "Async Capable": false, "Relation Name": "users", "Alias": "u", "Startup Cost": 0.0, "Total Cost": 1204.31, "Plan Rows": 38866, "Plan Width": 4, "Actual Rows": 39266, "Actual Loops": 1, "Filter": "((views >= 0) AND (downvotes >= 0) AND (downvotes <= 0) AND (upvotes >= 0) AND (upvotes <= 37))", "Rows Removed by Filter": 1059}]}]}, {"Node Type": "Index Only Scan", "Parent Relationship": "Inner", "Parallel Aware": false, "Async Capable": false, "Scan Direction": "Forward", "Index Name": "idx_badges_userid", "Relation Name": "badges", "Alias": "b", "Startup Cost": 0.29, "Total Cost": 0.36, "Plan Rows": 3, "Plan Width": 4, "Actual Rows": 6, "Actual Loops": 8538, "Index Cond": "(userid = u.id)", "Rows Removed by Index Recheck": 0, "Heap Fetches": 0}]}, {"Node Type": "Index Scan", "Parent Relationship": "Inner", "Parallel Aware": false, "Async Capable": false, "Scan Direction": "Forward", "Index Name": "idx_posthistory_userid", "Relation Name": "posthistory", "Alias": "ph", "Startup Cost": 0.42, "Total Cost": 0.87, "Plan Rows": 14, "Plan Width": 4, "Actual Rows": 41, "Actual Loops": 51156, "Index Cond": "(userid = b.userid)", "Rows Removed by Index Recheck": 0, "Filter": "((creationdate >= '2010-09-06 11:41:43'::timestamp without time zone) AND (creationdate <= '2014-09-03 16:41:18'::timestamp without time zone))", "Rows Removed by Filter": 1}]}]}, "Planning Time": 5.373, "Triggers": [], "Execution Time": 596.898}, {"Plan": {"Node Type": "Aggregate", "Strategy": "Plain", "Partial Mode": "Finalize", "Parallel Aware": false, "Async Capable": false, "Startup Cost": 439977.44, "Total Cost": 439977.45, "Plan Rows": 1, "Plan Width": 8, "Actual Rows": 1, "Actual Loops": 1, "Plans": [{"Node Type": "Gather", "Parent Relationship": "Outer", "Parallel Aware": false, "Async Capable": false, "Startup Cost": 439977.33, "Total Cost": 439977.44, "Plan Rows": 0.01, "Plan Width": 8, "Actual Rows": 2, "Actual Loops": 1, "Workers Planned": 1, "Workers Launched": 1, "Single Copy": false, "Plans": [{"Node Type": "Aggregate", "Strategy": "Plain", "Partial Mode": "Partial", "Parent Relationship": "Outer", "Parallel Aware": false, "Async Capable": false, "Startup Cost": 438977.33, "Total Cost": 438977.34, "Plan Rows": 1, "Plan Width": 8, "Actual Rows": 1, "Actual Loops": 2, "Workers": [], "Plans": [{"Node Type": "Nested Loop", "Parent Relationship": "Outer", "Parallel Aware": false, "Async Capable": false, "Join Type": "Inner", "Startup Cost": 3983.95, "Total Cost": 11177.62, "Plan Rows": 1711198.82, "Plan Width": 0, "Actual Rows": 1050552, "Actual Loops": 2, "Inner Unique": false, "Join Filter": "(ph.userid = u.id)", "Rows Removed by Join Filter": 0, "Workers": [], "Plans": [{"Node Type": "Merge Join", "Parent Relationship": "Outer", "Parallel Aware": false, "Async Capable": false, "Join Type": "Inner", "Startup Cost": 3983.53, "Total Cost": 8074.29, "Plan Rows": 2981, "Plan Width": 12, "Actual Rows": 25578, "Actual Loops": 2, "Inner Unique": false, "Merge Cond": "(u.id = p.owneruserid)", "Workers": [], "Plans": [{"Node Type": "Merge Join", "Parent Relationship": "Outer", "Parallel Aware": false, "Async Capable": false, "Join Type": "Inner", "Startup Cost": 0.68, "Total Cost": 3933.75, "Plan Rows": 45272, "Plan Width": 8, "Actual Rows": 29190, "Actual Loops": 2, "Inner Unique": true, "Merge Cond": "(b.userid = u.id)", "Workers": [], "Plans": [{"Node Type": "Index Only Scan", "Parent Relationship": "Outer", "Parallel Aware": true, "Async Capable": false, "Scan Direction": "Forward", "Index Name": "idx_badges_userid", "Relation Name": "badges", "Alias": "b", "Startup Cost": 0.29, "Total Cost": 1405.26, "Plan Rows": 46971, "Plan Width": 4, "Actual Rows": 39854, "Actual Loops": 2, "Heap Fetches": 0, "Workers": []}, {"Node Type": "Index Scan", "Parent Relationship": "Inner", "Parallel Aware": false, "Async Capable": false, "Scan Direction": "Forward", "Index Name": "users_pkey", "Relation Name": "users", "Alias": "u", "Startup Cost": 0.29, "Total Cost": 1861.23, "Plan Rows": 38866, "Plan Width": 4, "Actual Rows": 39060, "Actual Loops": 2, "Filter": "((views >= 0) AND (downvotes >= 0) AND (downvotes <= 0) AND (upvotes >= 0) AND (upvotes <= 37))", "Rows Removed by Filter": 1059, "Workers": []}]}, {"Node Type": "Sort", "Parent Relationship": "Inner", "Parallel Aware": false, "Async Capable": false, "Startup Cost": 3982.85, "Total Cost": 3989.59, "Plan Rows": 2696, "Plan Width": 4, "Actual Rows": 33526, "Actual Loops": 2, "Sort Key": ["p.owneruserid"], "Sort Method": "quicksort", "Sort Space Used": 385, "Sort Space Type": "Memory", "Workers": [{"Worker Number": 0, "Sort Method": "quicksort", "Sort Space Used": 385, "Sort Space Type": "Memory"}], "Plans": [{"Node Type": "Seq Scan", "Parent Relationship": "Outer", "Parallel Aware": false, "Async Capable": false, "Relation Name": "posts", "Alias": "p", "Startup Cost": 0.0, "Total Cost": 3829.22, "Plan Rows": 2696, "Plan Width": 4, "Actual Rows": 12391, "Actual Loops": 2, "Filter": "((score >= '-1'::integer) AND (viewcount >= 0) AND (viewcount <= 39097) AND (answercount >= 0) AND (commentcount >= 0) AND (commentcount <= 11) AND (favoritecount <= 10) AND (creationdate >= '2010-08-13 02:18:09'::timestamp without time zone) AND (creationdate <= '2014-09-09 10:20:27'::timestamp without time zone))", "Rows Removed by Filter": 79585, "Workers": []}]}]}, {"Node Type": "Index Scan", "Parent Relationship": "Inner", "Parallel Aware": false, "Async Capable": false, "Scan Direction": "Forward", "Index Name": "idx_posthistory_userid", "Relation Name": "posthistory", "Alias": "ph", "Startup Cost": 0.42, "Total Cost": 0.87, "Plan Rows": 14, "Plan Width": 4, "Actual Rows": 41, "Actual Loops": 51156, "Index Cond": "(userid = b.userid)", "Rows Removed by Index Recheck": 0, "Filter": "((creationdate >= '2010-09-06 11:41:43'::timestamp without time zone) AND (creationdate <= '2014-09-03 16:41:18'::timestamp without time zone))", "Rows Removed by Filter": 1, "Workers": []}]}]}]}]}, "Planning Time": 10.663, "Triggers": [], "Execution Time": 363.346}, {"Plan": {"Node Type": "Aggregate", "Strategy": "Plain", "Partial Mode": "Finalize", "Parallel Aware": false, "Async Capable": false, "Startup Cost": 23471.09, "Total Cost": 23471.1, "Plan Rows": 1, "Plan Width": 8, "Actual Rows": 1, "Actual Loops": 1, "Plans": [{"Node Type": "Gather", "Parent Relationship": "Outer", "Parallel Aware": false, "Async Capable": false, "Startup Cost": 23470.97, "Total Cost": 23471.08, "Plan Rows": 1, "Plan Width": 8, "Actual Rows": 2, "Actual Loops": 1, "Workers Planned": 1, "Workers Launched": 1, "Single Copy": false, "Plans": [{"Node Type": "Aggregate", "Strategy": "Plain", "Partial Mode": "Partial", "Parent Relationship": "Outer", "Parallel Aware": false, "Async Capable": false, "Startup Cost": 22470.97, "Total Cost": 22470.98, "Plan Rows": 1, "Plan Width": 8, "Actual Rows": 1, "Actual Loops": 2, "Workers": [], "Plans": [{"Node Type": "Hash Join", "Parent Relationship": "Outer", "Parallel Aware": true, "Async Capable": false, "Join Type": "Inner", "Startup Cost": 12983.02, "Total Cost": 18192.98, "Plan Rows": 1711199, "Plan Width": 0, "Actual Rows": 1050552, "Actual Loops": 2, "Inner Unique": false, "Hash Cond": "(p.owneruserid = u.id)", "Workers": [], "Plans": [{"Node Type": "Merge Join", "Parent Relationship": "Outer", "Parallel Aware": false, "Async Capable": false, "Join Type": "Inner", "Startup Cost": 3983.5, "Total Cost": 6420.97, "Plan Rows": 61065, "Plan Width": 8, "Actual Rows": 95200, "Actual Loops": 2, "Inner Unique": false, "Merge Cond": "(b.userid = p.owneruserid)", "Workers": [], "Plans": [{"Node Type": "Index Only Scan", "Parent Relationship": "Outer", "Parallel Aware": true, "Async Capable": false, "Scan Direction": "Forward", "Index Name": "idx_badges_userid", "Relation Name": "badges", "Alias": "b", "Startup Cost": 0.29, "Total Cost": 1405.26, "Plan Rows": 46971, "Plan Width": 4, "Actual Rows": 39854, "Actual Loops": 2, "Heap Fetches": 0, "Workers": []}, {"Node Type": "Sort", "Parent Relationship": "Inner", "Parallel Aware": false, "Async Capable": false, "Startup Cost": 3982.85, "Total Cost": 3989.59, "Plan Rows": 2696, "Plan Width": 4, "Actual Rows": 101338, "Actual Loops": 2, "Sort Key": ["p.owneruserid"], "Sort Method": "quicksort", "Sort Space Used": 385, "Sort Space Type": "Memory", "Workers": [{"Worker Number": 0, "Sort Method": "quicksort", "Sort Space Used": 385, "Sort Space Type": "Memory"}], "Plans": [{"Node Type": "Seq Scan", "Parent Relationship": "Outer", "Parallel Aware": false, "Async Capable": false, "Relation Name": "posts", "Alias": "p", "Startup Cost": 0.0, "Total Cost": 3829.22, "Plan Rows": 2696, "Plan Width": 4, "Actual Rows": 12391, "Actual Loops": 2, "Filter": "((score >= '-1'::integer) AND (viewcount >= 0) AND (viewcount <= 39097) AND (answercount >= 0) AND (commentcount >= 0) AND (commentcount <= 11) AND (favoritecount <= 10) AND (creationdate >= '2010-08-13 02:18:09'::timestamp without time zone) AND (creationdate <= '2014-09-09 10:20:27'::timestamp without time zone))", "Rows Removed by Filter": 79585, "Workers": []}]}]}, {"Node Type": "Hash", "Parent Relationship": "Inner", "Parallel Aware": true, "Async Capable": false, "Startup Cost": 7059.66, "Total Cost": 7059.66, "Plan Rows": 155189, "Plan Width": 8, "Actual Rows": 65174, "Actual Loops": 2, "Hash Buckets": 524288, "Original Hash Buckets": 524288, "Hash Batches": 1, "Original Hash Batches": 1, "Peak Memory Usage": 9248, "Workers": [], "Plans": [{"Node Type": "Hash Join", "Parent Relationship": "Outer", "Parallel Aware": false, "Async Capable": false, "Join Type": "Inner", "Startup Cost": 1690.14, "Total Cost": 7059.66, "Plan Rows": 155189, "Plan Width": 8, "Actual Rows": 65174, "Actual Loops": 2, "Inner Unique": true, "Hash Cond": "(ph.userid = u.id)", "Workers": [], "Plans": [{"Node Type": "Seq Scan", "Parent Relationship": "Outer", "Parallel Aware": true, "Async Capable": false, "Relation Name": "posthistory", "Alias": "ph", "Startup Cost": 0.0, "Total Cost": 4915.18, "Plan Rows": 173067, "Plan Width": 4, "Actual Rows": 147188, "Actual Loops": 2, "Filter": "((creationdate >= '2010-09-06 11:41:43'::timestamp without time zone) AND (creationdate <= '2014-09-03 16:41:18'::timestamp without time zone))", "Rows Removed by Filter": 4406, "Workers": []}, {"Node Type": "Hash", "Parent Relationship": "Inner", "Parallel Aware": false, "Async Capable": false, "Startup Cost": 1204.31, "Total Cost": 1204.31, "Plan Rows": 38866, "Plan Width": 4, "Actual Rows": 39266, "Actual Loops": 2, "Hash Buckets": 65536, "Original Hash Buckets": 65536, "Hash Batches": 1, "Original Hash Batches": 1, "Peak Memory Usage": 1893, "Workers": [], "Plans": [{"Node Type": "Seq Scan", "Parent Relationship": "Outer", "Parallel Aware": false, "Async Capable": false, "Relation Name": "users", "Alias": "u", "Startup Cost": 0.0, "Total Cost": 1204.31, "Plan Rows": 38866, "Plan Width": 4, "Actual Rows": 39266, "Actual Loops": 2, "Filter": "((views >= 0) AND (downvotes >= 0) AND (downvotes <= 0) AND (upvotes >= 0) AND (upvotes <= 37))", "Rows Removed by Filter": 1059, "Workers": []}]}]}]}]}]}]}]}, "Planning Time": 9.962, "Triggers": [], "Execution Time": 233.73}, {"Plan": {"Node Type": "Aggregate", "Strategy": "Plain", "Partial Mode": "Finalize", "Parallel Aware": false, "Async Capable": false, "Startup Cost": 20020.23, "Total Cost": 20020.24, "Plan Rows": 1, "Plan Width": 8, "Actual Rows": 1, "Actual Loops": 1, "Plans": [{"Node Type": "Gather", "Parent Relationship": "Outer", "Parallel Aware": false, "Async Capable": false, "Startup Cost": 20020.11, "Total Cost": 20020.22, "Plan Rows": 1, "Plan Width": 8, "Actual Rows": 2, "Actual Loops": 1, "Workers Planned": 1, "Workers Launched": 1, "Single Copy": false, "Plans": [{"Node Type": "Aggregate", "Strategy": "Plain", "Partial Mode": "Partial", "Parent Relationship": "Outer", "Parallel Aware": false, "Async Capable": false, "Startup Cost": 19020.11, "Total Cost": 19020.12, "Plan Rows": 1, "Plan Width": 8, "Actual Rows": 1, "Actual Loops": 2, "Workers": [], "Plans": [{"Node Type": "Hash Join", "Parent Relationship": "Outer", "Parallel Aware": false, "Async Capable": false, "Join Type": "Inner", "Startup Cost": 7154.73, "Total Cost": 14742.12, "Plan Rows": 1711199, "Plan Width": 0, "Actual Rows": 1050552, "Actual Loops": 2, "Inner Unique": false, "Hash Cond": "(ph.userid = u.id)", "Workers": [], "Plans": [{"Node Type": "Seq Scan", "Parent Relationship": "Outer", "Parallel Aware": true, "Async Capable": false, "Relation Name": "posthistory", "Alias": "ph", "Startup Cost": 0.0, "Total Cost": 4915.18, "Plan Rows": 173067, "Plan Width": 4, "Actual Rows": 147188, "Actual Loops": 2, "Filter": "((creationdate >= '2010-09-06 11:41:43'::timestamp without time zone) AND (creationdate <= '2014-09-03 16:41:18'::timestamp without time zone))", "Rows Removed by Filter": 4406, "Workers": []}, {"Node Type": "Hash", "Parent Relationship": "Inner", "Parallel Aware": false, "Async Capable": false, "Startup Cost": 6521.35, "Total Cost": 6521.35, "Plan Rows": 5067.0, "Plan Width": 12, "Actual Rows": 51156, "Actual Loops": 2, "Hash Buckets": 65536, "Original Hash Buckets": 65536, "Hash Batches": 1, "Original Hash Batches": 1, "Peak Memory Usage": 2711, "Workers": [], "Plans": [{"Node Type": "Nested Loop", "Parent Relationship": "Outer", "Parallel Aware": false, "Async Capable": false, "Join Type": "Inner", "Startup Cost": 1690.43, "Total Cost": 6521.35, "Plan Rows": 5067.0, "Plan Width": 12, "Actual Rows": 51156, "Actual Loops": 2, "Inner Unique": false, "Workers": [], "Plans": [{"Node Type": "Hash Join", "Parent Relationship": "Outer", "Parallel Aware": false, "Async Capable": false, "Join Type": "Inner", "Startup Cost": 1690.14, "Total Cost": 5526.43, "Plan Rows": 2559, "Plan Width": 8, "Actual Rows": 8538, "Actual Loops": 2, "Inner Unique": true, "Hash Cond": "(p.owneruserid = u.id)", "Workers": [], "Plans": [{"Node Type": "Seq Scan", "Parent Relationship": "Outer", "Parallel Aware": false, "Async Capable": false, "Relation Name": "posts", "Alias": "p", "Startup Cost": 0.0, "Total Cost": 3829.22, "Plan Rows": 2696, "Plan Width": 4, "Actual Rows": 12391, "Actual Loops": 2, "Filter": "((score >= '-1'::integer) AND (viewcount >= 0) AND (viewcount <= 39097) AND (answercount >= 0) AND (commentcount >= 0) AND (commentcount <= 11) AND (favoritecount <= 10) AND (creationdate >= '2010-08-13 02:18:09'::timestamp without time zone) AND (creationdate <= '2014-09-09 10:20:27'::timestamp without time zone))", "Rows Removed by Filter": 79585, "Workers": []}, {"Node Type": "Hash", "Parent Relationship": "Inner", "Parallel Aware": false, "Async Capable": false, "Startup Cost": 1204.31, "Total Cost": 1204.31, "Plan Rows": 38866, "Plan Width": 4, "Actual Rows": 39266, "Actual Loops": 2, "Hash Buckets": 65536, "Original Hash Buckets": 65536, "Hash Batches": 1, "Original Hash Batches": 1, "Peak Memory Usage": 1893, "Workers": [], "Plans": [{"Node Type": "Seq Scan", "Parent Relationship": "Outer", "Parallel Aware": false, "Async Capable": false, "Relation Name": "users", "Alias": "u", "Startup Cost": 0.0, "Total Cost": 1204.31, "Plan Rows": 38866, "Plan Width": 4, "Actual Rows": 39266, "Actual Loops": 2, "Filter": "((views >= 0) AND (downvotes >= 0) AND (downvotes <= 0) AND (upvotes >= 0) AND (upvotes <= 37))", "Rows Removed by Filter": 1059, "Workers": []}]}]}, {"Node Type": "Index Only Scan", "Parent Relationship": "Inner", "Parallel Aware": false, "Async Capable": false, "Scan Direction": "Forward", "Index Name": "idx_badges_userid", "Relation Name": "badges", "Alias": "b", "Startup Cost": 0.29, "Total Cost": 0.36, "Plan Rows": 3, "Plan Width": 4, "Actual Rows": 6, "Actual Loops": 17076, "Index Cond": "(userid = u.id)", "Rows Removed by Index Recheck": 0, "Heap Fetches": 0, "Workers": []}]}]}]}]}]}]}, "Planning Time": 10.926, "Triggers": [], "Execution Time": 214.372}, {"Plan": {"Node Type": "Aggregate", "Strategy": "Plain", "Partial Mode": "Finalize", "Parallel Aware": false, "Async Capable": false, "Startup Cost": 20355.29, "Total Cost": 20355.3, "Plan Rows": 1, "Plan Width": 8, "Actual Rows": 1, "Actual Loops": 1, "Plans": [{"Node Type": "Gather", "Parent Relationship": "Outer", "Parallel Aware": false, "Async Capable": false, "Startup Cost": 20355.17, "Total Cost": 20355.28, "Plan Rows": 1, "Plan Width": 8, "Actual Rows": 2, "Actual Loops": 1, "Workers Planned": 1, "Workers Launched": 1, "Single Copy": false, "Plans": [{"Node Type": "Aggregate", "Strategy": "Plain", "Partial Mode": "Partial", "Parent Relationship": "Outer", "Parallel Aware": false, "Async Capable": false, "Startup Cost": 19355.17, "Total Cost": 19355.18, "Plan Rows": 1, "Plan Width": 8, "Actual Rows": 1, "Actual Loops": 2, "Workers": [], "Plans": [{"Node Type": "Nested Loop", "Parent Relationship": "Outer", "Parallel Aware": false, "Async Capable": false, "Join Type": "Inner", "Startup Cost": 3984.01, "Total Cost": 15077.18, "Plan Rows": 1711199, "Plan Width": 0, "Actual Rows": 1050552, "Actual Loops": 2, "Inner Unique": false, "Join Filter": "(ph.userid = u.id)", "Rows Removed by Join Filter": 0, "Workers": [], "Plans": [{"Node Type": "Merge Join", "Parent Relationship": "Outer", "Parallel Aware": false, "Async Capable": false, "Join Type": "Inner", "Startup Cost": 3983.59, "Total Cost": 11973.84, "Plan Rows": 2981, "Plan Width": 12, "Actual Rows": 25578, "Actual Loops": 2, "Inner Unique": false, "Merge Cond": "(b.userid = u.id)", "Workers": [], "Plans": [{"Node Type": "Index Only Scan", "Parent Relationship": "Outer", "Parallel Aware": true, "Async Capable": false, "Scan Direction": "Forward", "Index Name": "idx_badges_userid", "Relation Name": "badges", "Alias": "b", "Startup Cost": 0.29, "Total Cost": 1405.26, "Plan Rows": 46971, "Plan Width": 4, "Actual Rows": 39854, "Actual Loops": 2, "Heap Fetches": 0, "Workers": []}, {"Node Type": "Materialize", "Parent Relationship": "Inner", "Parallel Aware": false, "Async Capable": false, "Startup Cost": 3983.14, "Total Cost": 6619.85, "Plan Rows": 2559.0, "Plan Width": 8, "Actual Rows": 29906, "Actual Loops": 2, "Workers": [], "Plans": [{"Node Type": "Merge Join", "Parent Relationship": "Outer", "Parallel Aware": false, "Async Capable": false, "Join Type": "Inner", "Startup Cost": 3983.14, "Total Cost": 5980.1, "Plan Rows": 2559.0, "Plan Width": 8, "Actual Rows": 8538, "Actual Loops": 2, "Inner Unique": false, "Merge Cond": "(u.id = p.owneruserid)", "Workers": [], "Plans": [{"Node Type": "Index Scan", "Parent Relationship": "Outer", "Parallel Aware": false, "Async Capable": false, "Scan Direction": "Forward", "Index Name": "users_pkey", "Relation Name": "users", "Alias": "u", "Startup Cost": 0.29, "Total Cost": 1861.23, "Plan Rows": 38866, "Plan Width": 4, "Actual Rows": 38962, "Actual Loops": 2, "Filter": "((views >= 0) AND (downvotes >= 0) AND (downvotes <= 0) AND (upvotes >= 0) AND (upvotes <= 37))", "Rows Removed by Filter": 1059, "Workers": []}, {"Node Type": "Sort", "Parent Relationship": "Inner", "Parallel Aware": false, "Async Capable": false, "Startup Cost": 3982.85, "Total Cost": 3989.59, "Plan Rows": 2696, "Plan Width": 4, "Actual Rows": 12159, "Actual Loops": 2, "Sort Key": ["p.owneruserid"], "Sort Method": "quicksort", "Sort Space Used": 385, "Sort Space Type": "Memory", "Workers": [{"Worker Number": 0, "Sort Method": "quicksort", "Sort Space Used": 385, "Sort Space Type": "Memory"}], "Plans": [{"Node Type": "Seq Scan", "Parent Relationship": "Outer", "Parallel Aware": false, "Async Capable": false, "Relation Name": "posts", "Alias": "p", "Startup Cost": 0.0, "Total Cost": 3829.22, "Plan Rows": 2696, "Plan Width": 4, "Actual Rows": 12391, "Actual Loops": 2, "Filter": "((score >= '-1'::integer) AND (viewcount >= 0) AND (viewcount <= 39097) AND (answercount >= 0) AND (commentcount >= 0) AND (commentcount <= 11) AND (favoritecount <= 10) AND (creationdate >= '2010-08-13 02:18:09'::timestamp without time zone) AND (creationdate <= '2014-09-09 10:20:27'::timestamp without time zone))", "Rows Removed by Filter": 79585, "Workers": []}]}]}]}]}, {"Node Type": "Index Scan", "Parent Relationship": "Inner", "Parallel Aware": false, "Async Capable": false, "Scan Direction": "Forward", "Index Name": "idx_posthistory_userid", "Relation Name": "posthistory", "Alias": "ph", "Startup Cost": 0.42, "Total Cost": 0.87, "Plan Rows": 14, "Plan Width": 4, "Actual Rows": 41, "Actual Loops": 51156, "Index Cond": "(userid = b.userid)", "Rows Removed by Index Recheck": 0, "Filter": "((creationdate >= '2010-09-06 11:41:43'::timestamp without time zone) AND (creationdate <= '2014-09-03 16:41:18'::timestamp without time zone))", "Rows Removed by Filter": 1, "Workers": []}]}]}]}]}, "Planning Time": 6.986, "Triggers": [], "Execution Time": 362.912}, {"Plan": {"Node Type": "Aggregate", "Strategy": "Plain", "Partial Mode": "Finalize", "Parallel Aware": false, "Async Capable": false, "Startup Cost": 16107.24, "Total Cost": 16107.25, "Plan Rows": 1, "Plan Width": 8, "Actual Rows": 1, "Actual Loops": 1, "Plans": [{"Node Type": "Gather", "Parent Relationship": "Outer", "Parallel Aware": false, "Async Capable": false, "Startup Cost": 16107.13, "Total Cost": 16107.24, "Plan Rows": 1, "Plan Width": 8, "Actual Rows": 2, "Actual Loops": 1, "Workers Planned": 1, "Workers Launched": 1, "Single Copy": false, "Plans": [{"Node Type": "Aggregate", "Strategy": "Plain", "Partial Mode": "Partial", "Parent Relationship": "Outer", "Parallel Aware": false, "Async Capable": false, "Startup Cost": 15107.13, "Total Cost": 15107.14, "Plan Rows": 1, "Plan Width": 8, "Actual Rows": 1, "Actual Loops": 2, "Workers": [], "Plans": [{"Node Type": "Nested Loop", "Parent Relationship": "Outer", "Parallel Aware": false, "Async Capable": false, "Join Type": "Inner", "Startup Cost": 5847.02, "Total Cost": 10829.13, "Plan Rows": 1711199, "Plan Width": 0, "Actual Rows": 1050552, "Actual Loops": 2, "Inner Unique": false, "Join Filter": "(ph.userid = u.id)", "Rows Removed by Join Filter": 0, "Workers": [], "Plans": [{"Node Type": "Hash Join", "Parent Relationship": "Outer", "Parallel Aware": false, "Async Capable": false, "Join Type": "Inner", "Startup Cost": 5846.6, "Total Cost": 7725.79, "Plan Rows": 2981, "Plan Width": 12, "Actual Rows": 25578, "Actual Loops": 2, "Inner Unique": false, "Hash Cond": "(b.userid = u.id)", "Workers": [], "Plans": [{"Node Type": "Index Only Scan", "Parent Relationship": "Outer", "Parallel Aware": true, "Async Capable": false, "Scan Direction": "Forward", "Index Name": "idx_badges_userid", "Relation Name": "badges", "Alias": "b", "Startup Cost": 0.29, "Total Cost": 1405.26, "Plan Rows": 46971, "Plan Width": 4, "Actual Rows": 39926, "Actual Loops": 2, "Heap Fetches": 0, "Workers": []}, {"Node Type": "Hash", "Parent Relationship": "Inner", "Parallel Aware": false, "Async Capable": false, "Startup Cost": 5526.43, "Total Cost": 5526.43, "Plan Rows": 2559.0, "Plan Width": 8, "Actual Rows": 8538, "Actual Loops": 2, "Hash Buckets": 32768, "Original Hash Buckets": 32768, "Hash Batches": 1, "Original Hash Batches": 1, "Peak Memory Usage": 590, "Workers": [], "Plans": [{"Node Type": "Hash Join", "Parent Relationship": "Outer", "Parallel Aware": false, "Async Capable": false, "Join Type": "Inner", "Startup Cost": 1690.14, "Total Cost": 5526.43, "Plan Rows": 2559.0, "Plan Width": 8, "Actual Rows": 8538, "Actual Loops": 2, "Inner Unique": true, "Hash Cond": "(p.owneruserid = u.id)", "Workers": [], "Plans": [{"Node Type": "Seq Scan", "Parent Relationship": "Outer", "Parallel Aware": false, "Async Capable": false, "Relation Name": "posts", "Alias": "p", "Startup Cost": 0.0, "Total Cost": 3829.22, "Plan Rows": 2696, "Plan Width": 4, "Actual Rows": 12391, "Actual Loops": 2, "Filter": "((score >= '-1'::integer) AND (viewcount >= 0) AND (viewcount <= 39097) AND (answercount >= 0) AND (commentcount >= 0) AND (commentcount <= 11) AND (favoritecount <= 10) AND (creationdate >= '2010-08-13 02:18:09'::timestamp without time zone) AND (creationdate <= '2014-09-09 10:20:27'::timestamp without time zone))", "Rows Removed by Filter": 79585, "Workers": []}, {"Node Type": "Hash", "Parent Relationship": "Inner", "Parallel Aware": false, "Async Capable": false, "Startup Cost": 1204.31, "Total Cost": 1204.31, "Plan Rows": 38866, "Plan Width": 4, "Actual Rows": 39266, "Actual Loops": 2, "Hash Buckets": 65536, "Original Hash Buckets": 65536, "Hash Batches": 1, "Original Hash Batches": 1, "Peak Memory Usage": 1893, "Workers": [], "Plans": [{"Node Type": "Seq Scan", "Parent Relationship": "Outer", "Parallel Aware": false, "Async Capable": false, "Relation Name": "users", "Alias": "u", "Startup Cost": 0.0, "Total Cost": 1204.31, "Plan Rows": 38866, "Plan Width": 4, "Actual Rows": 39266, "Actual Loops": 2, "Filter": "((views >= 0) AND (downvotes >= 0) AND (downvotes <= 0) AND (upvotes >= 0) AND (upvotes <= 37))", "Rows Removed by Filter": 1059, "Workers": []}]}]}]}]}, {"Node Type": "Index Scan", "Parent Relationship": "Inner", "Parallel Aware": false, "Async Capable": false, "Scan Direction": "Forward", "Index Name": "idx_posthistory_userid", "Relation Name": "posthistory", "Alias": "ph", "Startup Cost": 0.42, "Total Cost": 0.87, "Plan Rows": 14, "Plan Width": 4, "Actual Rows": 41, "Actual Loops": 51156, "Index Cond": "(userid = b.userid)", "Rows Removed by Index Recheck": 0, "Filter": "((creationdate >= '2010-09-06 11:41:43'::timestamp without time zone) AND (creationdate <= '2014-09-03 16:41:18'::timestamp without time zone))", "Rows Removed by Filter": 1, "Workers": []}]}]}]}]}, "Planning Time": 9.29, "Triggers": [], "Execution Time": 379.489}]