[{"Plan": {"Node Type": "Aggregate", "Strategy": "Plain", "Partial Mode": "Finalize", "Parallel Aware": false, "Async Capable": false, "Startup Cost": 15305.17, "Total Cost": 15305.18, "Plan Rows": 1, "Plan Width": 8, "Actual Rows": 1, "Actual Loops": 1, "Plans": [{"Node Type": "Gather", "Parent Relationship": "Outer", "Parallel Aware": false, "Async Capable": false, "Startup Cost": 15305.05, "Total Cost": 15305.16, "Plan Rows": 1, "Plan Width": 8, "Actual Rows": 2, "Actual Loops": 1, "Workers Planned": 1, "Workers Launched": 1, "Single Copy": false, "Plans": [{"Node Type": "Aggregate", "Strategy": "Plain", "Partial Mode": "Partial", "Parent Relationship": "Outer", "Parallel Aware": false, "Async Capable": false, "Startup Cost": 14305.05, "Total Cost": 14305.06, "Plan Rows": 1, "Plan Width": 8, "Actual Rows": 1, "Actual Loops": 2, "Workers": [], "Plans": [{"Node Type": "Nested Loop", "Parent Relationship": "Outer", "Parallel Aware": false, "Async Capable": false, "Join Type": "Inner", "Startup Cost": 1.45, "Total Cost": 9996.45, "Plan Rows": 1723443, "Plan Width": 0, "Actual Rows": 28102, "Actual Loops": 2, "Inner Unique": false, "Join Filter": "(ph.userid = u.id)", "Rows Removed by Join Filter": 0, "Workers": [], "Plans": [{"Node Type": "Nested Loop", "Parent Relationship": "Outer", "Parallel Aware": false, "Async Capable": false, "Join Type": "Inner", "Startup Cost": 1.01, "Total Cost": 5629.41, "Plan Rows": 33555, "Plan Width": 12, "Actual Rows": 11693, "Actual Loops": 2, "Inner Unique": false, "Join Filter": "(u.id = b.userid)", "Rows Removed by Join Filter": 0, "Workers": [], "Plans": [{"Node Type": "Merge Join", "Parent Relationship": "Outer", "Parallel Aware": false, "Async Capable": false, "Join Type": "Inner", "Startup Cost": 0.71, "Total Cost": 3203.12, "Plan Rows": 17146, "Plan Width": 8, "Actual Rows": 5215, "Actual Loops": 2, "Inner Unique": true, "Merge Cond": "(v.userid = u.id)", "Workers": [], "Plans": [{"Node Type": "Index Scan", "Parent Relationship": "Outer", "Parallel Aware": true, "Async Capable": false, "Scan Direction": "Forward", "Index Name": "idx_votes_userid", "Relation Name": "votes", "Alias": "v", "Startup Cost": 0.42, "Total Cost": 10733.91, "Plan Rows": 192931, "Plan Width": 4, "Actual Rows": 17384, "Actual Loops": 2, "Filter": "(creationdate <= '2014-09-12 00:00:00'::timestamp without time zone)", "Rows Removed by Filter": 8, "Workers": []}, {"Node Type": "Index Scan", "Parent Relationship": "Inner", "Parallel Aware": false, "Async Capable": false, "Scan Direction": "Forward", "Index Name": "users_pkey", "Relation Name": "users", "Alias": "u", "Startup Cost": 0.29, "Total Cost": 1760.41, "Plan Rows": 33887, "Plan Width": 4, "Actual Rows": 34480, "Actual Loops": 2, "Filter": "((reputation <= 126) AND (views <= 11) AND (creationdate >= '2010-08-02 16:17:58'::timestamp without time zone) AND (creationdate <= '2014-09-12 00:16:30'::timestamp without time zone))", "Rows Removed by Filter": 4495, "Workers": []}]}, {"Node Type": "Memoize", "Parent Relationship": "Inner", "Parallel Aware": false, "Async Capable": false, "Startup Cost": 0.3, "Total Cost": 0.37, "Plan Rows": 3, "Plan Width": 4, "Actual Rows": 2, "Actual Loops": 10430, "Cache Key": "v.userid", "Cache Mode": "logical", "Cache Hits": 3975, "Cache Misses": 2049, "Cache Evictions": 0, "Cache Overflows": 0, "Peak Memory Usage": 269, "Workers": [{"Worker Number": 0, "Cache Hits": 2803, "Cache Misses": 1603, "Cache Evictions": 0, "Cache Overflows": 0, "Peak Memory Usage": 211}], "Plans": [{"Node Type": "Index Scan", "Parent Relationship": "Outer", "Parallel Aware": false, "Async Capable": false, "Scan Direction": "Forward", "Index Name": "idx_badges_userid", "Relation Name": "badges", "Alias": "b", "Startup Cost": 0.29, "Total Cost": 0.36, "Plan Rows": 3, "Plan Width": 4, "Actual Rows": 2, "Actual Loops": 3652, "Index Cond": "(userid = v.userid)", "Rows Removed by Index Recheck": 0, "Filter": "(date <= '2014-09-03 16:13:12'::timestamp without time zone)", "Rows Removed by Filter": 0, "Workers": []}]}]}, {"Node Type": "Memoize", "Parent Relationship": "Inner", "Parallel Aware": false, "Async Capable": false, "Startup Cost": 0.43, "Total Cost": 0.74, "Plan Rows": 2, "Plan Width": 4, "Actual Rows": 2, "Actual Loops": 23386, "Cache Key": "v.userid", "Cache Mode": "logical", "Cache Hits": 11932, "Cache Misses": 1390, "Cache Evictions": 0, "Cache Overflows": 0, "Peak Memory Usage": 150, "Workers": [{"Worker Number": 0, "Cache Hits": 8992, "Cache Misses": 1072, "Cache Evictions": 0, "Cache Overflows": 0, "Peak Memory Usage": 119}], "Plans": [{"Node Type": "Index Scan", "Parent Relationship": "Outer", "Parallel Aware": false, "Async Capable": false, "Scan Direction": "Forward", "Index Name": "idx_posthistory_userid", "Relation Name": "posthistory", "Alias": "ph", "Startup Cost": 0.42, "Total Cost": 0.73, "Plan Rows": 2, "Plan Width": 4, "Actual Rows": 1, "Actual Loops": 2462, "Index Cond": "(userid = v.userid)", "Rows Removed by Index Recheck": 0, "Filter": "(posthistorytypeid = 1)", "Rows Removed by Filter": 4, "Workers": []}]}]}]}]}]}, "Planning Time": 6.023, "Triggers": [], "Execution Time": 99.87}, {"Plan": {"Node Type": "Aggregate", "Strategy": "Plain", "Partial Mode": "Finalize", "Parallel Aware": false, "Async Capable": false, "Startup Cost": 11427.42, "Total Cost": 11427.43, "Plan Rows": 1, "Plan Width": 8, "Actual Rows": 1, "Actual Loops": 1, "Plans": [{"Node Type": "Gather", "Parent Relationship": "Outer", "Parallel Aware": false, "Async Capable": false, "Startup Cost": 11427.31, "Total Cost": 11427.42, "Plan Rows": 10.0, "Plan Width": 8, "Actual Rows": 2, "Actual Loops": 1, "Workers Planned": 1, "Workers Launched": 1, "Single Copy": false, "Plans": [{"Node Type": "Aggregate", "Strategy": "Plain", "Partial Mode": "Partial", "Parent Relationship": "Outer", "Parallel Aware": false, "Async Capable": false, "Startup Cost": 10427.31, "Total Cost": 10427.32, "Plan Rows": 1, "Plan Width": 8, "Actual Rows": 1, "Actual Loops": 2, "Workers": [], "Plans": [{"Node Type": "Nested Loop", "Parent Relationship": "Outer", "Parallel Aware": false, "Async Capable": false, "Join Type": "Inner", "Startup Cost": 1.45, "Total Cost": 9996.45, "Plan Rows": 1723440.0, "Plan Width": 0, "Actual Rows": 28102, "Actual Loops": 2, "Inner Unique": false, "Join Filter": "(ph.userid = u.id)", "Rows Removed by Join Filter": 0, "Workers": [], "Plans": [{"Node Type": "Nested Loop", "Parent Relationship": "Outer", "Parallel Aware": false, "Async Capable": false, "Join Type": "Inner", "Startup Cost": 1.01, "Total Cost": 5629.41, "Plan Rows": 33555, "Plan Width": 12, "Actual Rows": 11693, "Actual Loops": 2, "Inner Unique": false, "Join Filter": "(u.id = b.userid)", "Rows Removed by Join Filter": 0, "Workers": [], "Plans": [{"Node Type": "Merge Join", "Parent Relationship": "Outer", "Parallel Aware": false, "Async Capable": false, "Join Type": "Inner", "Startup Cost": 0.71, "Total Cost": 3203.12, "Plan Rows": 17146, "Plan Width": 8, "Actual Rows": 5215, "Actual Loops": 2, "Inner Unique": true, "Merge Cond": "(v.userid = u.id)", "Workers": [], "Plans": [{"Node Type": "Index Scan", "Parent Relationship": "Outer", "Parallel Aware": true, "Async Capable": false, "Scan Direction": "Forward", "Index Name": "idx_votes_userid", "Relation Name": "votes", "Alias": "v", "Startup Cost": 0.42, "Total Cost": 10733.91, "Plan Rows": 192931, "Plan Width": 4, "Actual Rows": 17384, "Actual Loops": 2, "Filter": "(creationdate <= '2014-09-12 00:00:00'::timestamp without time zone)", "Rows Removed by Filter": 8, "Workers": []}, {"Node Type": "Index Scan", "Parent Relationship": "Inner", "Parallel Aware": false, "Async Capable": false, "Scan Direction": "Forward", "Index Name": "users_pkey", "Relation Name": "users", "Alias": "u", "Startup Cost": 0.29, "Total Cost": 1760.41, "Plan Rows": 33887, "Plan Width": 4, "Actual Rows": 34480, "Actual Loops": 2, "Filter": "((reputation <= 126) AND (views <= 11) AND (creationdate >= '2010-08-02 16:17:58'::timestamp without time zone) AND (creationdate <= '2014-09-12 00:16:30'::timestamp without time zone))", "Rows Removed by Filter": 4495, "Workers": []}]}, {"Node Type": "Memoize", "Parent Relationship": "Inner", "Parallel Aware": false, "Async Capable": false, "Startup Cost": 0.3, "Total Cost": 0.37, "Plan Rows": 3, "Plan Width": 4, "Actual Rows": 2, "Actual Loops": 10430, "Cache Key": "v.userid", "Cache Mode": "logical", "Cache Hits": 4072, "Cache Misses": 2208, "Cache Evictions": 0, "Cache Overflows": 0, "Peak Memory Usage": 293, "Workers": [{"Worker Number": 0, "Cache Hits": 2706, "Cache Misses": 1444, "Cache Evictions": 0, "Cache Overflows": 0, "Peak Memory Usage": 187}], "Plans": [{"Node Type": "Index Scan", "Parent Relationship": "Outer", "Parallel Aware": false, "Async Capable": false, "Scan Direction": "Forward", "Index Name": "idx_badges_userid", "Relation Name": "badges", "Alias": "b", "Startup Cost": 0.29, "Total Cost": 0.36, "Plan Rows": 3, "Plan Width": 4, "Actual Rows": 2, "Actual Loops": 3652, "Index Cond": "(userid = v.userid)", "Rows Removed by Index Recheck": 0, "Filter": "(date <= '2014-09-03 16:13:12'::timestamp without time zone)", "Rows Removed by Filter": 0, "Workers": []}]}]}, {"Node Type": "Memoize", "Parent Relationship": "Inner", "Parallel Aware": false, "Async Capable": false, "Startup Cost": 0.43, "Total Cost": 0.74, "Plan Rows": 2, "Plan Width": 4, "Actual Rows": 2, "Actual Loops": 23386, "Cache Key": "v.userid", "Cache Mode": "logical", "Cache Hits": 12207, "Cache Misses": 1508, "Cache Evictions": 0, "Cache Overflows": 0, "Peak Memory Usage": 163, "Workers": [{"Worker Number": 0, "Cache Hits": 8717, "Cache Misses": 954, "Cache Evictions": 0, "Cache Overflows": 0, "Peak Memory Usage": 107}], "Plans": [{"Node Type": "Index Scan", "Parent Relationship": "Outer", "Parallel Aware": false, "Async Capable": false, "Scan Direction": "Forward", "Index Name": "idx_posthistory_userid", "Relation Name": "posthistory", "Alias": "ph", "Startup Cost": 0.42, "Total Cost": 0.73, "Plan Rows": 2, "Plan Width": 4, "Actual Rows": 1, "Actual Loops": 2462, "Index Cond": "(userid = v.userid)", "Rows Removed by Index Recheck": 0, "Filter": "(posthistorytypeid = 1)", "Rows Removed by Filter": 4, "Workers": []}]}]}]}]}]}, "Planning Time": 10.234, "Triggers": [], "Execution Time": 84.674}, {"Plan": {"Node Type": "Aggregate", "Strategy": "Plain", "Partial Mode": "Finalize", "Parallel Aware": false, "Async Capable": false, "Startup Cost": 13483.88, "Total Cost": 13483.89, "Plan Rows": 1, "Plan Width": 8, "Actual Rows": 1, "Actual Loops": 1, "Plans": [{"Node Type": "Gather", "Parent Relationship": "Outer", "Parallel Aware": false, "Async Capable": false, "Startup Cost": 13483.77, "Total Cost": 13483.88, "Plan Rows": 1, "Plan Width": 8, "Actual Rows": 2, "Actual Loops": 1, "Workers Planned": 1, "Workers Launched": 1, "Single Copy": false, "Plans": [{"Node Type": "Aggregate", "Strategy": "Plain", "Partial Mode": "Partial", "Parent Relationship": "Outer", "Parallel Aware": false, "Async Capable": false, "Startup Cost": 12483.77, "Total Cost": 12483.78, "Plan Rows": 1, "Plan Width": 8, "Actual Rows": 1, "Actual Loops": 2, "Workers": [], "Plans": [{"Node Type": "Nested Loop", "Parent Relationship": "Outer", "Parallel Aware": false, "Async Capable": false, "Join Type": "Inner", "Startup Cost": 1.44, "Total Cost": 8175.16, "Plan Rows": 1723443, "Plan Width": 0, "Actual Rows": 28102, "Actual Loops": 2, "Inner Unique": false, "Join Filter": "(ph.userid = u.id)", "Rows Removed by Join Filter": 0, "Workers": [], "Plans": [{"Node Type": "Nested Loop", "Parent Relationship": "Outer", "Parallel Aware": false, "Async Capable": false, "Join Type": "Inner", "Startup Cost": 1.01, "Total Cost": 5629.41, "Plan Rows": 33550.0, "Plan Width": 12, "Actual Rows": 11693, "Actual Loops": 2, "Inner Unique": false, "Join Filter": "(u.id = b.userid)", "Rows Removed by Join Filter": 0, "Workers": [], "Plans": [{"Node Type": "Merge Join", "Parent Relationship": "Outer", "Parallel Aware": false, "Async Capable": false, "Join Type": "Inner", "Startup Cost": 0.71, "Total Cost": 3203.12, "Plan Rows": 17146, "Plan Width": 8, "Actual Rows": 5215, "Actual Loops": 2, "Inner Unique": true, "Merge Cond": "(v.userid = u.id)", "Workers": [], "Plans": [{"Node Type": "Index Scan", "Parent Relationship": "Outer", "Parallel Aware": true, "Async Capable": false, "Scan Direction": "Forward", "Index Name": "idx_votes_userid", "Relation Name": "votes", "Alias": "v", "Startup Cost": 0.42, "Total Cost": 10733.91, "Plan Rows": 192931, "Plan Width": 4, "Actual Rows": 17384, "Actual Loops": 2, "Filter": "(creationdate <= '2014-09-12 00:00:00'::timestamp without time zone)", "Rows Removed by Filter": 8, "Workers": []}, {"Node Type": "Index Scan", "Parent Relationship": "Inner", "Parallel Aware": false, "Async Capable": false, "Scan Direction": "Forward", "Index Name": "users_pkey", "Relation Name": "users", "Alias": "u", "Startup Cost": 0.29, "Total Cost": 1760.41, "Plan Rows": 33887, "Plan Width": 4, "Actual Rows": 34480, "Actual Loops": 2, "Filter": "((reputation <= 126) AND (views <= 11) AND (creationdate >= '2010-08-02 16:17:58'::timestamp without time zone) AND (creationdate <= '2014-09-12 00:16:30'::timestamp without time zone))", "Rows Removed by Filter": 4495, "Workers": []}]}, {"Node Type": "Memoize", "Parent Relationship": "Inner", "Parallel Aware": false, "Async Capable": false, "Startup Cost": 0.3, "Total Cost": 0.37, "Plan Rows": 3, "Plan Width": 4, "Actual Rows": 2, "Actual Loops": 10430, "Cache Key": "v.userid", "Cache Mode": "logical", "Cache Hits": 4059, "Cache Misses": 2102, "Cache Evictions": 0, "Cache Overflows": 0, "Peak Memory Usage": 281, "Workers": [{"Worker Number": 0, "Cache Hits": 2719, "Cache Misses": 1550, "Cache Evictions": 0, "Cache Overflows": 0, "Peak Memory Usage": 199}], "Plans": [{"Node Type": "Index Scan", "Parent Relationship": "Outer", "Parallel Aware": false, "Async Capable": false, "Scan Direction": "Forward", "Index Name": "idx_badges_userid", "Relation Name": "badges", "Alias": "b", "Startup Cost": 0.29, "Total Cost": 0.36, "Plan Rows": 3, "Plan Width": 4, "Actual Rows": 2, "Actual Loops": 3652, "Index Cond": "(userid = v.userid)", "Rows Removed by Index Recheck": 0, "Filter": "(date <= '2014-09-03 16:13:12'::timestamp without time zone)", "Rows Removed by Filter": 0, "Workers": []}]}]}, {"Node Type": "Index Scan", "Parent Relationship": "Inner", "Parallel Aware": false, "Async Capable": false, "Scan Direction": "Forward", "Index Name": "idx_posthistory_userid", "Relation Name": "posthistory", "Alias": "ph", "Startup Cost": 0.42, "Total Cost": 0.73, "Plan Rows": 2, "Plan Width": 4, "Actual Rows": 2, "Actual Loops": 23386, "Index Cond": "(userid = v.userid)", "Rows Removed by Index Recheck": 0, "Filter": "(posthistorytypeid = 1)", "Rows Removed by Filter": 9, "Workers": []}]}]}]}]}, "Planning Time": 8.656, "Triggers": [], "Execution Time": 112.868}, {"Plan": {"Node Type": "Aggregate", "Strategy": "Plain", "Partial Mode": "Finalize", "Parallel Aware": false, "Async Capable": false, "Startup Cost": 28962.19, "Total Cost": 28962.2, "Plan Rows": 1, "Plan Width": 8, "Actual Rows": 1, "Actual Loops": 1, "Plans": [{"Node Type": "Gather", "Parent Relationship": "Outer", "Parallel Aware": false, "Async Capable": false, "Startup Cost": 28962.08, "Total Cost": 28962.19, "Plan Rows": 1, "Plan Width": 8, "Actual Rows": 2, "Actual Loops": 1, "Workers Planned": 1, "Workers Launched": 1, "Single Copy": false, "Plans": [{"Node Type": "Aggregate", "Strategy": "Plain", "Partial Mode": "Partial", "Parent Relationship": "Outer", "Parallel Aware": false, "Async Capable": false, "Startup Cost": 27962.08, "Total Cost": 27962.09, "Plan Rows": 1, "Plan Width": 8, "Actual Rows": 1, "Actual Loops": 2, "Workers": [], "Plans": [{"Node Type": "Hash Join", "Parent Relationship": "Outer", "Parallel Aware": true, "Async Capable": false, "Join Type": "Inner", "Startup Cost": 6311.21, "Total Cost": 23653.47, "Plan Rows": 1723443, "Plan Width": 0, "Actual Rows": 28102, "Actual Loops": 2, "Inner Unique": false, "Hash Cond": "(b.userid = u.id)", "Workers": [], "Plans": [{"Node Type": "Merge Join", "Parent Relationship": "Outer", "Parallel Aware": false, "Async Capable": false, "Join Type": "Inner", "Startup Cost": 1.65, "Total Cost": 12556.34, "Plan Rows": 553655, "Plan Width": 8, "Actual Rows": 523419, "Actual Loops": 2, "Inner Unique": false, "Merge Cond": "(v.userid = b.userid)", "Workers": [], "Plans": [{"Node Type": "Index Scan", "Parent Relationship": "Outer", "Parallel Aware": true, "Async Capable": false, "Scan Direction": "Forward", "Index Name": "idx_votes_userid", "Relation Name": "votes", "Alias": "v", "Startup Cost": 0.42, "Total Cost": 10733.91, "Plan Rows": 192931, "Plan Width": 4, "Actual Rows": 17366, "Actual Loops": 2, "Filter": "(creationdate <= '2014-09-12 00:00:00'::timestamp without time zone)", "Rows Removed by Filter": 8, "Workers": []}, {"Node Type": "Materialize", "Parent Relationship": "Inner", "Parallel Aware": false, "Async Capable": false, "Startup Cost": 0.29, "Total Cost": 3262.26, "Plan Rows": 78916, "Plan Width": 4, "Actual Rows": 583756, "Actual Loops": 2, "Workers": [], "Plans": [{"Node Type": "Index Scan", "Parent Relationship": "Outer", "Parallel Aware": false, "Async Capable": false, "Scan Direction": "Forward", "Index Name": "idx_badges_userid", "Relation Name": "badges", "Alias": "b", "Startup Cost": 0.29, "Total Cost": 3064.97, "Plan Rows": 78916, "Plan Width": 4, "Actual Rows": 76808, "Actual Loops": 2, "Filter": "(date <= '2014-09-03 16:13:12'::timestamp without time zone)", "Rows Removed by Filter": 698, "Workers": []}]}]}, {"Node Type": "Hash", "Parent Relationship": "Inner", "Parallel Aware": true, "Async Capable": false, "Startup Cost": 6062.72, "Total Cost": 6062.72, "Plan Rows": 19748, "Plan Width": 8, "Actual Rows": 10838, "Actual Loops": 2, "Hash Buckets": 65536, "Original Hash Buckets": 65536, "Hash Batches": 1, "Original Hash Batches": 1, "Peak Memory Usage": 1408, "Workers": [], "Plans": [{"Node Type": "Hash Join", "Parent Relationship": "Outer", "Parallel Aware": false, "Async Capable": false, "Join Type": "Inner", "Startup Cost": 1527.09, "Total Cost": 6062.72, "Plan Rows": 19748, "Plan Width": 8, "Actual Rows": 10838, "Actual Loops": 2, "Inner Unique": true, "Hash Cond": "(ph.userid = u.id)", "Workers": [], "Plans": [{"Node Type": "Seq Scan", "Parent Relationship": "Outer", "Parallel Aware": true, "Async Capable": false, "Relation Name": "posthistory", "Alias": "ph", "Startup Cost": 0.0, "Total Cost": 4469.32, "Plan Rows": 25259, "Plan Width": 4, "Actual Rows": 21460, "Actual Loops": 2, "Filter": "(posthistorytypeid = 1)", "Rows Removed by Filter": 130133, "Workers": []}, {"Node Type": "Hash", "Parent Relationship": "Inner", "Parallel Aware": false, "Async Capable": false, "Startup Cost": 1103.5, "Total Cost": 1103.5, "Plan Rows": 33887, "Plan Width": 4, "Actual Rows": 35771, "Actual Loops": 2, "Hash Buckets": 65536, "Original Hash Buckets": 65536, "Hash Batches": 1, "Original Hash Batches": 1, "Peak Memory Usage": 1770, "Workers": [], "Plans": [{"Node Type": "Seq Scan", "Parent Relationship": "Outer", "Parallel Aware": false, "Async Capable": false, "Relation Name": "users", "Alias": "u", "Startup Cost": 0.0, "Total Cost": 1103.5, "Plan Rows": 33887, "Plan Width": 4, "Actual Rows": 35771, "Actual Loops": 2, "Filter": "((reputation <= 126) AND (views <= 11) AND (creationdate >= '2010-08-02 16:17:58'::timestamp without time zone) AND (creationdate <= '2014-09-12 00:16:30'::timestamp without time zone))", "Rows Removed by Filter": 4554, "Workers": []}]}]}]}]}]}]}]}, "Planning Time": 11.13, "Triggers": [], "Execution Time": 247.138}, {"Plan": {"Node Type": "Aggregate", "Strategy": "Plain", "Partial Mode": "Finalize", "Parallel Aware": false, "Async Capable": false, "Startup Cost": 21936.12, "Total Cost": 21936.13, "Plan Rows": 1, "Plan Width": 8, "Actual Rows": 1, "Actual Loops": 1, "Plans": [{"Node Type": "Gather", "Parent Relationship": "Outer", "Parallel Aware": false, "Async Capable": false, "Startup Cost": 21936.0, "Total Cost": 21936.11, "Plan Rows": 1, "Plan Width": 8, "Actual Rows": 2, "Actual Loops": 1, "Workers Planned": 1, "Workers Launched": 1, "Single Copy": false, "Plans": [{"Node Type": "Aggregate", "Strategy": "Plain", "Partial Mode": "Partial", "Parent Relationship": "Outer", "Parallel Aware": false, "Async Capable": false, "Startup Cost": 20936.0, "Total Cost": 20936.01, "Plan Rows": 1, "Plan Width": 8, "Actual Rows": 1, "Actual Loops": 2, "Workers": [], "Plans": [{"Node Type": "Hash Join", "Parent Relationship": "Outer", "Parallel Aware": true, "Async Capable": false, "Join Type": "Inner", "Startup Cost": 9823.74, "Total Cost": 16627.4, "Plan Rows": 1723443, "Plan Width": 0, "Actual Rows": 28102, "Actual Loops": 2, "Inner Unique": false, "Hash Cond": "(ph.userid = u.id)", "Workers": [], "Plans": [{"Node Type": "Seq Scan", "Parent Relationship": "Outer", "Parallel Aware": true, "Async Capable": false, "Relation Name": "posthistory", "Alias": "ph", "Startup Cost": 0.0, "Total Cost": 4469.32, "Plan Rows": 25259, "Plan Width": 4, "Actual Rows": 21460, "Actual Loops": 2, "Filter": "(posthistorytypeid = 1)", "Rows Removed by Filter": 130133, "Workers": []}, {"Node Type": "Hash", "Parent Relationship": "Inner", "Parallel Aware": true, "Async Capable": false, "Startup Cost": 5629.41, "Total Cost": 5629.41, "Plan Rows": 33554.7, "Plan Width": 12, "Actual Rows": 11693, "Actual Loops": 2, "Hash Buckets": 1048576, "Original Hash Buckets": 1048576, "Hash Batches": 1, "Original Hash Batches": 1, "Peak Memory Usage": 9312, "Workers": [], "Plans": [{"Node Type": "Nested Loop", "Parent Relationship": "Outer", "Parallel Aware": false, "Async Capable": false, "Join Type": "Inner", "Startup Cost": 1.01, "Total Cost": 5629.41, "Plan Rows": 33554.7, "Plan Width": 12, "Actual Rows": 11693, "Actual Loops": 2, "Inner Unique": false, "Join Filter": "(u.id = b.userid)", "Rows Removed by Join Filter": 0, "Workers": [], "Plans": [{"Node Type": "Merge Join", "Parent Relationship": "Outer", "Parallel Aware": false, "Async Capable": false, "Join Type": "Inner", "Startup Cost": 0.71, "Total Cost": 3203.12, "Plan Rows": 17146, "Plan Width": 8, "Actual Rows": 5215, "Actual Loops": 2, "Inner Unique": true, "Merge Cond": "(v.userid = u.id)", "Workers": [], "Plans": [{"Node Type": "Index Scan", "Parent Relationship": "Outer", "Parallel Aware": true, "Async Capable": false, "Scan Direction": "Forward", "Index Name": "idx_votes_userid", "Relation Name": "votes", "Alias": "v", "Startup Cost": 0.42, "Total Cost": 10733.91, "Plan Rows": 192931, "Plan Width": 4, "Actual Rows": 17384, "Actual Loops": 2, "Filter": "(creationdate <= '2014-09-12 00:00:00'::timestamp without time zone)", "Rows Removed by Filter": 8, "Workers": []}, {"Node Type": "Index Scan", "Parent Relationship": "Inner", "Parallel Aware": false, "Async Capable": false, "Scan Direction": "Forward", "Index Name": "users_pkey", "Relation Name": "users", "Alias": "u", "Startup Cost": 0.29, "Total Cost": 1760.41, "Plan Rows": 33887, "Plan Width": 4, "Actual Rows": 34480, "Actual Loops": 2, "Filter": "((reputation <= 126) AND (views <= 11) AND (creationdate >= '2010-08-02 16:17:58'::timestamp without time zone) AND (creationdate <= '2014-09-12 00:16:30'::timestamp without time zone))", "Rows Removed by Filter": 4495, "Workers": []}]}, {"Node Type": "Memoize", "Parent Relationship": "Inner", "Parallel Aware": false, "Async Capable": false, "Startup Cost": 0.3, "Total Cost": 0.37, "Plan Rows": 3, "Plan Width": 4, "Actual Rows": 2, "Actual Loops": 10430, "Cache Key": "v.userid", "Cache Mode": "logical", "Cache Hits": 3715, "Cache Misses": 1922, "Cache Evictions": 0, "Cache Overflows": 0, "Peak Memory Usage": 252, "Workers": [{"Worker Number": 0, "Cache Hits": 3063, "Cache Misses": 1730, "Cache Evictions": 0, "Cache Overflows": 0, "Peak Memory Usage": 228}], "Plans": [{"Node Type": "Index Scan", "Parent Relationship": "Outer", "Parallel Aware": false, "Async Capable": false, "Scan Direction": "Forward", "Index Name": "idx_badges_userid", "Relation Name": "badges", "Alias": "b", "Startup Cost": 0.29, "Total Cost": 0.36, "Plan Rows": 3, "Plan Width": 4, "Actual Rows": 2, "Actual Loops": 3652, "Index Cond": "(userid = v.userid)", "Rows Removed by Index Recheck": 0, "Filter": "(date <= '2014-09-03 16:13:12'::timestamp without time zone)", "Rows Removed by Filter": 0, "Workers": []}]}]}]}]}]}]}]}, "Planning Time": 10.74, "Triggers": [], "Execution Time": 147.33}, {"Plan": {"Node Type": "Aggregate", "Strategy": "Plain", "Partial Mode": "Finalize", "Parallel Aware": false, "Async Capable": false, "Startup Cost": 13559.57, "Total Cost": 13559.58, "Plan Rows": 1, "Plan Width": 8, "Actual Rows": 1, "Actual Loops": 1, "Plans": [{"Node Type": "Gather", "Parent Relationship": "Outer", "Parallel Aware": false, "Async Capable": false, "Startup Cost": 13559.46, "Total Cost": 13559.57, "Plan Rows": 1, "Plan Width": 8, "Actual Rows": 2, "Actual Loops": 1, "Workers Planned": 1, "Workers Launched": 1, "Single Copy": false, "Plans": [{"Node Type": "Aggregate", "Strategy": "Plain", "Partial Mode": "Partial", "Parent Relationship": "Outer", "Parallel Aware": false, "Async Capable": false, "Startup Cost": 12559.46, "Total Cost": 12559.47, "Plan Rows": 1, "Plan Width": 8, "Actual Rows": 1, "Actual Loops": 2, "Workers": [], "Plans": [{"Node Type": "Nested Loop", "Parent Relationship": "Outer", "Parallel Aware": false, "Async Capable": false, "Join Type": "Inner", "Startup Cost": 1.44, "Total Cost": 8250.85, "Plan Rows": 1723443, "Plan Width": 0, "Actual Rows": 28102, "Actual Loops": 2, "Inner Unique": false, "Join Filter": "(ph.userid = u.id)", "Rows Removed by Join Filter": 0, "Workers": [], "Plans": [{"Node Type": "Nested Loop", "Parent Relationship": "Outer", "Parallel Aware": false, "Async Capable": false, "Join Type": "Inner", "Startup Cost": 1.0, "Total Cost": 3883.81, "Plan Rows": 33555, "Plan Width": 12, "Actual Rows": 11693, "Actual Loops": 2, "Inner Unique": false, "Join Filter": "(u.id = b.userid)", "Rows Removed by Join Filter": 0, "Workers": [], "Plans": [{"Node Type": "Merge Join", "Parent Relationship": "Outer", "Parallel Aware": false, "Async Capable": false, "Join Type": "Inner", "Startup Cost": 0.71, "Total Cost": 3203.12, "Plan Rows": 17150.0, "Plan Width": 8, "Actual Rows": 5215, "Actual Loops": 2, "Inner Unique": true, "Merge Cond": "(v.userid = u.id)", "Workers": [], "Plans": [{"Node Type": "Index Scan", "Parent Relationship": "Outer", "Parallel Aware": true, "Async Capable": false, "Scan Direction": "Forward", "Index Name": "idx_votes_userid", "Relation Name": "votes", "Alias": "v", "Startup Cost": 0.42, "Total Cost": 10733.91, "Plan Rows": 192931, "Plan Width": 4, "Actual Rows": 17384, "Actual Loops": 2, "Filter": "(creationdate <= '2014-09-12 00:00:00'::timestamp without time zone)", "Rows Removed by Filter": 8, "Workers": []}, {"Node Type": "Index Scan", "Parent Relationship": "Inner", "Parallel Aware": false, "Async Capable": false, "Scan Direction": "Forward", "Index Name": "users_pkey", "Relation Name": "users", "Alias": "u", "Startup Cost": 0.29, "Total Cost": 1760.41, "Plan Rows": 33887, "Plan Width": 4, "Actual Rows": 32915, "Actual Loops": 2, "Filter": "((reputation <= 126) AND (views <= 11) AND (creationdate >= '2010-08-02 16:17:58'::timestamp without time zone) AND (creationdate <= '2014-09-12 00:16:30'::timestamp without time zone))", "Rows Removed by Filter": 4466, "Workers": []}]}, {"Node Type": "Index Scan", "Parent Relationship": "Inner", "Parallel Aware": false, "Async Capable": false, "Scan Direction": "Forward", "Index Name": "idx_badges_userid", "Relation Name": "badges", "Alias": "b", "Startup Cost": 0.29, "Total Cost": 0.36, "Plan Rows": 3, "Plan Width": 4, "Actual Rows": 2, "Actual Loops": 10430, "Index Cond": "(userid = v.userid)", "Rows Removed by Index Recheck": 0, "Filter": "(date <= '2014-09-03 16:13:12'::timestamp without time zone)", "Rows Removed by Filter": 0, "Workers": []}]}, {"Node Type": "Memoize", "Parent Relationship": "Inner", "Parallel Aware": false, "Async Capable": false, "Startup Cost": 0.43, "Total Cost": 0.74, "Plan Rows": 2, "Plan Width": 4, "Actual Rows": 2, "Actual Loops": 23386, "Cache Key": "v.userid", "Cache Mode": "logical", "Cache Hits": 12314, "Cache Misses": 1529, "Cache Evictions": 0, "Cache Overflows": 0, "Peak Memory Usage": 163, "Workers": [{"Worker Number": 0, "Cache Hits": 8610, "Cache Misses": 933, "Cache Evictions": 0, "Cache Overflows": 0, "Peak Memory Usage": 106}], "Plans": [{"Node Type": "Index Scan", "Parent Relationship": "Outer", "Parallel Aware": false, "Async Capable": false, "Scan Direction": "Forward", "Index Name": "idx_posthistory_userid", "Relation Name": "posthistory", "Alias": "ph", "Startup Cost": 0.42, "Total Cost": 0.73, "Plan Rows": 2, "Plan Width": 4, "Actual Rows": 1, "Actual Loops": 2462, "Index Cond": "(userid = v.userid)", "Rows Removed by Index Recheck": 0, "Filter": "(posthistorytypeid = 1)", "Rows Removed by Filter": 4, "Workers": []}]}]}]}]}]}, "Planning Time": 10.344, "Triggers": [], "Execution Time": 85.829}]