[{"Plan": {"Node Type": "Aggregate", "Strategy": "Plain", "Partial Mode": "Simple", "Parallel Aware": false, "Async Capable": false, "Startup Cost": 7029.47, "Total Cost": 7029.48, "Plan Rows": 1, "Plan Width": 8, "Actual Rows": 1, "Actual Loops": 1, "Plans": [{"Node Type": "Nested Loop", "Parent Relationship": "Outer", "Parallel Aware": false, "Async Capable": false, "Join Type": "Inner", "Startup Cost": 2978.29, "Total Cost": 7019.39, "Plan Rows": 4031, "Plan Width": 0, "Actual Rows": 8893, "Actual Loops": 1, "Inner Unique": false, "Plans": [{"Node Type": "Nested Loop", "Parent Relationship": "Outer", "Parallel Aware": false, "Async Capable": false, "Join Type": "Inner", "Startup Cost": 2978.0, "Total Cost": 6978.46, "Plan Rows": 105, "Plan Width": 8, "Actual Rows": 713, "Actual Loops": 1, "Inner Unique": false, "Plans": [{"Node Type": "Nested Loop", "Parent Relationship": "Outer", "Parallel Aware": false, "Async Capable": false, "Join Type": "Inner", "Startup Cost": 2977.58, "Total Cost": 6931.19, "Plan Rows": 71, "Plan Width": 20, "Actual Rows": 250, "Actual Loops": 1, "Inner Unique": true, "Plans": [{"Node Type": "Nested Loop", "Parent Relationship": "Outer", "Parallel Aware": false, "Async Capable": false, "Join Type": "Inner", "Startup Cost": 2977.29, "Total Cost": 6902.52, "Plan Rows": 81, "Plan Width": 16, "Actual Rows": 382, "Actual Loops": 1, "Inner Unique": false, "Plans": [{"Node Type": "Hash Join", "Parent Relationship": "Outer", "Parallel Aware": false, "Async Capable": false, "Join Type": "Inner", "Startup Cost": 2976.87, "Total Cost": 3251.23, "Plan Rows": 4514, "Plan Width": 12, "Actual Rows": 7995, "Actual Loops": 1, "Inner Unique": true, "Hash Cond": "(pl.relatedpostid = p.id)", "Plans": [{"Node Type": "Seq Scan", "Parent Relationship": "Outer", "Parallel Aware": false, "Async Capable": false, "Relation Name": "postlinks", "Alias": "pl", "Startup Cost": 0.0, "Total Cost": 248.53, "Plan Rows": 9842, "Plan Width": 4, "Actual Rows": 9811, "Actual Loops": 1, "Filter": "((creationdate >= '2011-03-07 16:05:24'::timestamp without time zone) AND (linktypeid = 1))", "Rows Removed by Filter": 1291}, {"Node Type": "Hash", "Parent Relationship": "Inner", "Parallel Aware": false, "Async Capable": false, "Startup Cost": 2449.58, "Total Cost": 2449.58, "Plan Rows": 42183, "Plan Width": 8, "Actual Rows": 42188, "Actual Loops": 1, "Hash Buckets": 65536, "Original Hash Buckets": 65536, "Hash Batches": 1, "Original Hash Batches": 1, "Peak Memory Usage": 2158, "Plans": [{"Node Type": "Seq Scan", "Parent Relationship": "Outer", "Parallel Aware": false, "Async Capable": false, "Relation Name": "posts", "Alias": "p", "Startup Cost": 0.0, "Total Cost": 2449.58, "Plan Rows": 42183, "Plan Width": 8, "Actual Rows": 42188, "Actual Loops": 1, "Filter": "((answercount >= 0) AND (answercount <= 4) AND (creationdate <= '2014-09-12 15:56:19'::timestamp without time zone))", "Rows Removed by Filter": 49788}]}]}, {"Node Type": "Index Scan", "Parent Relationship": "Inner", "Parallel Aware": false, "Async Capable": false, "Scan Direction": "Forward", "Index Name": "idx_votes_postid", "Relation Name": "votes", "Alias": "v", "Startup Cost": 0.42, "Total Cost": 0.8, "Plan Rows": 1, "Plan Width": 4, "Actual Rows": 0, "Actual Loops": 7995, "Index Cond": "(postid = p.id)", "Rows Removed by Index Recheck": 0, "Filter": "((bountyamount <= 100) AND (creationdate >= '2009-02-03 00:00:00'::timestamp without time zone) AND (creationdate <= '2014-09-11 00:00:00'::timestamp without time zone))", "Rows Removed by Filter": 13}]}, {"Node Type": "Index Scan", "Parent Relationship": "Inner", "Parallel Aware": false, "Async Capable": false, "Scan Direction": "Forward", "Index Name": "users_pkey", "Relation Name": "users", "Alias": "u", "Startup Cost": 0.29, "Total Cost": 0.35, "Plan Rows": 1, "Plan Width": 4, "Actual Rows": 1, "Actual Loops": 382, "Index Cond": "(id = p.owneruserid)", "Rows Removed by Index Recheck": 0, "Filter": "((views <= 160) AND (creationdate >= '2010-07-27 12:58:30'::timestamp without time zone) AND (creationdate <= '2014-07-12 20:08:07'::timestamp without time zone))", "Rows Removed by Filter": 0}]}, {"Node Type": "Index Scan", "Parent Relationship": "Inner", "Parallel Aware": false, "Async Capable": false, "Scan Direction": "Forward", "Index Name": "idx_comments_postid", "Relation Name": "comments", "Alias": "c", "Startup Cost": 0.42, "Total Cost": 0.64, "Plan Rows": 3, "Plan Width": 4, "Actual Rows": 3, "Actual Loops": 250, "Index Cond": "(postid = p.id)", "Rows Removed by Index Recheck": 0, "Filter": "(score = 0)", "Rows Removed by Filter": 1}]}, {"Node Type": "Index Only Scan", "Parent Relationship": "Inner", "Parallel Aware": false, "Async Capable": false, "Scan Direction": "Forward", "Index Name": "idx_badges_userid", "Relation Name": "badges", "Alias": "b", "Startup Cost": 0.29, "Total Cost": 0.36, "Plan Rows": 3, "Plan Width": 4, "Actual Rows": 12, "Actual Loops": 713, "Index Cond": "(userid = u.id)", "Rows Removed by Index Recheck": 0, "Heap Fetches": 0}]}]}, "Planning Time": 5.589, "Triggers": [], "Execution Time": 141.463}, {"Plan": {"Node Type": "Aggregate", "Strategy": "Plain", "Partial Mode": "Simple", "Parallel Aware": false, "Async Capable": false, "Startup Cost": 7020.4, "Total Cost": 7020.41, "Plan Rows": 1, "Plan Width": 8, "Actual Rows": 1, "Actual Loops": 1, "Plans": [{"Node Type": "Nested Loop", "Parent Relationship": "Outer", "Parallel Aware": false, "Async Capable": false, "Join Type": "Inner", "Startup Cost": 2978.29, "Total Cost": 7019.39, "Plan Rows": 4030.0, "Plan Width": 0, "Actual Rows": 8893, "Actual Loops": 1, "Inner Unique": false, "Plans": [{"Node Type": "Nested Loop", "Parent Relationship": "Outer", "Parallel Aware": false, "Async Capable": false, "Join Type": "Inner", "Startup Cost": 2978.0, "Total Cost": 6978.46, "Plan Rows": 105, "Plan Width": 8, "Actual Rows": 713, "Actual Loops": 1, "Inner Unique": false, "Plans": [{"Node Type": "Nested Loop", "Parent Relationship": "Outer", "Parallel Aware": false, "Async Capable": false, "Join Type": "Inner", "Startup Cost": 2977.58, "Total Cost": 6931.19, "Plan Rows": 71, "Plan Width": 20, "Actual Rows": 250, "Actual Loops": 1, "Inner Unique": true, "Plans": [{"Node Type": "Nested Loop", "Parent Relationship": "Outer", "Parallel Aware": false, "Async Capable": false, "Join Type": "Inner", "Startup Cost": 2977.29, "Total Cost": 6902.52, "Plan Rows": 81, "Plan Width": 16, "Actual Rows": 382, "Actual Loops": 1, "Inner Unique": false, "Plans": [{"Node Type": "Hash Join", "Parent Relationship": "Outer", "Parallel Aware": false, "Async Capable": false, "Join Type": "Inner", "Startup Cost": 2976.87, "Total Cost": 3251.23, "Plan Rows": 4514, "Plan Width": 12, "Actual Rows": 7995, "Actual Loops": 1, "Inner Unique": true, "Hash Cond": "(pl.relatedpostid = p.id)", "Plans": [{"Node Type": "Seq Scan", "Parent Relationship": "Outer", "Parallel Aware": false, "Async Capable": false, "Relation Name": "postlinks", "Alias": "pl", "Startup Cost": 0.0, "Total Cost": 248.53, "Plan Rows": 9842, "Plan Width": 4, "Actual Rows": 9811, "Actual Loops": 1, "Filter": "((creationdate >= '2011-03-07 16:05:24'::timestamp without time zone) AND (linktypeid = 1))", "Rows Removed by Filter": 1291}, {"Node Type": "Hash", "Parent Relationship": "Inner", "Parallel Aware": false, "Async Capable": false, "Startup Cost": 2449.58, "Total Cost": 2449.58, "Plan Rows": 42183, "Plan Width": 8, "Actual Rows": 42188, "Actual Loops": 1, "Hash Buckets": 65536, "Original Hash Buckets": 65536, "Hash Batches": 1, "Original Hash Batches": 1, "Peak Memory Usage": 2158, "Plans": [{"Node Type": "Seq Scan", "Parent Relationship": "Outer", "Parallel Aware": false, "Async Capable": false, "Relation Name": "posts", "Alias": "p", "Startup Cost": 0.0, "Total Cost": 2449.58, "Plan Rows": 42183, "Plan Width": 8, "Actual Rows": 42188, "Actual Loops": 1, "Filter": "((answercount >= 0) AND (answercount <= 4) AND (creationdate <= '2014-09-12 15:56:19'::timestamp without time zone))", "Rows Removed by Filter": 49788}]}]}, {"Node Type": "Index Scan", "Parent Relationship": "Inner", "Parallel Aware": false, "Async Capable": false, "Scan Direction": "Forward", "Index Name": "idx_votes_postid", "Relation Name": "votes", "Alias": "v", "Startup Cost": 0.42, "Total Cost": 0.8, "Plan Rows": 1, "Plan Width": 4, "Actual Rows": 0, "Actual Loops": 7995, "Index Cond": "(postid = p.id)", "Rows Removed by Index Recheck": 0, "Filter": "((bountyamount <= 100) AND (creationdate >= '2009-02-03 00:00:00'::timestamp without time zone) AND (creationdate <= '2014-09-11 00:00:00'::timestamp without time zone))", "Rows Removed by Filter": 13}]}, {"Node Type": "Index Scan", "Parent Relationship": "Inner", "Parallel Aware": false, "Async Capable": false, "Scan Direction": "Forward", "Index Name": "users_pkey", "Relation Name": "users", "Alias": "u", "Startup Cost": 0.29, "Total Cost": 0.35, "Plan Rows": 1, "Plan Width": 4, "Actual Rows": 1, "Actual Loops": 382, "Index Cond": "(id = p.owneruserid)", "Rows Removed by Index Recheck": 0, "Filter": "((views <= 160) AND (creationdate >= '2010-07-27 12:58:30'::timestamp without time zone) AND (creationdate <= '2014-07-12 20:08:07'::timestamp without time zone))", "Rows Removed by Filter": 0}]}, {"Node Type": "Index Scan", "Parent Relationship": "Inner", "Parallel Aware": false, "Async Capable": false, "Scan Direction": "Forward", "Index Name": "idx_comments_postid", "Relation Name": "comments", "Alias": "c", "Startup Cost": 0.42, "Total Cost": 0.64, "Plan Rows": 3, "Plan Width": 4, "Actual Rows": 3, "Actual Loops": 250, "Index Cond": "(postid = p.id)", "Rows Removed by Index Recheck": 0, "Filter": "(score = 0)", "Rows Removed by Filter": 1}]}, {"Node Type": "Index Only Scan", "Parent Relationship": "Inner", "Parallel Aware": false, "Async Capable": false, "Scan Direction": "Forward", "Index Name": "idx_badges_userid", "Relation Name": "badges", "Alias": "b", "Startup Cost": 0.29, "Total Cost": 0.36, "Plan Rows": 3, "Plan Width": 4, "Actual Rows": 12, "Actual Loops": 713, "Index Cond": "(userid = u.id)", "Rows Removed by Index Recheck": 0, "Heap Fetches": 0}]}]}, "Planning Time": 10.067, "Triggers": [], "Execution Time": 139.705}, {"Plan": {"Node Type": "Aggregate", "Strategy": "Plain", "Partial Mode": "Simple", "Parallel Aware": false, "Async Capable": false, "Startup Cost": 8857.66, "Total Cost": 8857.67, "Plan Rows": 1, "Plan Width": 8, "Actual Rows": 1, "Actual Loops": 1, "Plans": [{"Node Type": "Hash Join", "Parent Relationship": "Outer", "Parallel Aware": false, "Async Capable": false, "Join Type": "Inner", "Startup Cost": 7109.71, "Total Cost": 8847.58, "Plan Rows": 4031, "Plan Width": 0, "Actual Rows": 8893, "Actual Loops": 1, "Inner Unique": false, "Hash Cond": "(b.userid = u.id)", "Plans": [{"Node Type": "Seq Scan", "Parent Relationship": "Outer", "Parallel Aware": false, "Async Capable": false, "Relation Name": "badges", "Alias": "b", "Startup Cost": 0.0, "Total Cost": 1230.51, "Plan Rows": 79851, "Plan Width": 4, "Actual Rows": 79851, "Actual Loops": 1}, {"Node Type": "Hash", "Parent Relationship": "Inner", "Parallel Aware": false, "Async Capable": false, "Startup Cost": 6978.46, "Total Cost": 6978.46, "Plan Rows": 105.0, "Plan Width": 8, "Actual Rows": 713, "Actual Loops": 1, "Hash Buckets": 16384, "Original Hash Buckets": 16384, "Hash Batches": 1, "Original Hash Batches": 1, "Peak Memory Usage": 156, "Plans": [{"Node Type": "Nested Loop", "Parent Relationship": "Outer", "Parallel Aware": false, "Async Capable": false, "Join Type": "Inner", "Startup Cost": 2978.0, "Total Cost": 6978.46, "Plan Rows": 105.0, "Plan Width": 8, "Actual Rows": 713, "Actual Loops": 1, "Inner Unique": false, "Plans": [{"Node Type": "Nested Loop", "Parent Relationship": "Outer", "Parallel Aware": false, "Async Capable": false, "Join Type": "Inner", "Startup Cost": 2977.58, "Total Cost": 6931.19, "Plan Rows": 71, "Plan Width": 20, "Actual Rows": 250, "Actual Loops": 1, "Inner Unique": true, "Plans": [{"Node Type": "Nested Loop", "Parent Relationship": "Outer", "Parallel Aware": false, "Async Capable": false, "Join Type": "Inner", "Startup Cost": 2977.29, "Total Cost": 6902.52, "Plan Rows": 81, "Plan Width": 16, "Actual Rows": 382, "Actual Loops": 1, "Inner Unique": false, "Plans": [{"Node Type": "Hash Join", "Parent Relationship": "Outer", "Parallel Aware": false, "Async Capable": false, "Join Type": "Inner", "Startup Cost": 2976.87, "Total Cost": 3251.23, "Plan Rows": 4514, "Plan Width": 12, "Actual Rows": 7995, "Actual Loops": 1, "Inner Unique": true, "Hash Cond": "(pl.relatedpostid = p.id)", "Plans": [{"Node Type": "Seq Scan", "Parent Relationship": "Outer", "Parallel Aware": false, "Async Capable": false, "Relation Name": "postlinks", "Alias": "pl", "Startup Cost": 0.0, "Total Cost": 248.53, "Plan Rows": 9842, "Plan Width": 4, "Actual Rows": 9811, "Actual Loops": 1, "Filter": "((creationdate >= '2011-03-07 16:05:24'::timestamp without time zone) AND (linktypeid = 1))", "Rows Removed by Filter": 1291}, {"Node Type": "Hash", "Parent Relationship": "Inner", "Parallel Aware": false, "Async Capable": false, "Startup Cost": 2449.58, "Total Cost": 2449.58, "Plan Rows": 42183, "Plan Width": 8, "Actual Rows": 42188, "Actual Loops": 1, "Hash Buckets": 65536, "Original Hash Buckets": 65536, "Hash Batches": 1, "Original Hash Batches": 1, "Peak Memory Usage": 2158, "Plans": [{"Node Type": "Seq Scan", "Parent Relationship": "Outer", "Parallel Aware": false, "Async Capable": false, "Relation Name": "posts", "Alias": "p", "Startup Cost": 0.0, "Total Cost": 2449.58, "Plan Rows": 42183, "Plan Width": 8, "Actual Rows": 42188, "Actual Loops": 1, "Filter": "((answercount >= 0) AND (answercount <= 4) AND (creationdate <= '2014-09-12 15:56:19'::timestamp without time zone))", "Rows Removed by Filter": 49788}]}]}, {"Node Type": "Index Scan", "Parent Relationship": "Inner", "Parallel Aware": false, "Async Capable": false, "Scan Direction": "Forward", "Index Name": "idx_votes_postid", "Relation Name": "votes", "Alias": "v", "Startup Cost": 0.42, "Total Cost": 0.8, "Plan Rows": 1, "Plan Width": 4, "Actual Rows": 0, "Actual Loops": 7995, "Index Cond": "(postid = p.id)", "Rows Removed by Index Recheck": 0, "Filter": "((bountyamount <= 100) AND (creationdate >= '2009-02-03 00:00:00'::timestamp without time zone) AND (creationdate <= '2014-09-11 00:00:00'::timestamp without time zone))", "Rows Removed by Filter": 13}]}, {"Node Type": "Index Scan", "Parent Relationship": "Inner", "Parallel Aware": false, "Async Capable": false, "Scan Direction": "Forward", "Index Name": "users_pkey", "Relation Name": "users", "Alias": "u", "Startup Cost": 0.29, "Total Cost": 0.35, "Plan Rows": 1, "Plan Width": 4, "Actual Rows": 1, "Actual Loops": 382, "Index Cond": "(id = p.owneruserid)", "Rows Removed by Index Recheck": 0, "Filter": "((views <= 160) AND (creationdate >= '2010-07-27 12:58:30'::timestamp without time zone) AND (creationdate <= '2014-07-12 20:08:07'::timestamp without time zone))", "Rows Removed by Filter": 0}]}, {"Node Type": "Index Scan", "Parent Relationship": "Inner", "Parallel Aware": false, "Async Capable": false, "Scan Direction": "Forward", "Index Name": "idx_comments_postid", "Relation Name": "comments", "Alias": "c", "Startup Cost": 0.42, "Total Cost": 0.64, "Plan Rows": 3, "Plan Width": 4, "Actual Rows": 3, "Actual Loops": 250, "Index Cond": "(postid = p.id)", "Rows Removed by Index Recheck": 0, "Filter": "(score = 0)", "Rows Removed by Filter": 1}]}]}]}]}, "Planning Time": 10.726, "Triggers": [], "Execution Time": 155.416}, {"Plan": {"Node Type": "Aggregate", "Strategy": "Plain", "Partial Mode": "Simple", "Parallel Aware": false, "Async Capable": false, "Startup Cost": 6987.21, "Total Cost": 6987.22, "Plan Rows": 1, "Plan Width": 8, "Actual Rows": 1, "Actual Loops": 1, "Plans": [{"Node Type": "Nested Loop", "Parent Relationship": "Outer", "Parallel Aware": false, "Async Capable": false, "Join Type": "Inner", "Startup Cost": 2978.29, "Total Cost": 6977.14, "Plan Rows": 4031, "Plan Width": 0, "Actual Rows": 8893, "Actual Loops": 1, "Inner Unique": false, "Plans": [{"Node Type": "Nested Loop", "Parent Relationship": "Outer", "Parallel Aware": false, "Async Capable": false, "Join Type": "Inner", "Startup Cost": 2977.87, "Total Cost": 6958.87, "Plan Rows": 2700.0, "Plan Width": 12, "Actual Rows": 3446, "Actual Loops": 1, "Inner Unique": false, "Plans": [{"Node Type": "Nested Loop", "Parent Relationship": "Outer", "Parallel Aware": false, "Async Capable": false, "Join Type": "Inner", "Startup Cost": 2977.58, "Total Cost": 6931.19, "Plan Rows": 71, "Plan Width": 20, "Actual Rows": 250, "Actual Loops": 1, "Inner Unique": true, "Plans": [{"Node Type": "Nested Loop", "Parent Relationship": "Outer", "Parallel Aware": false, "Async Capable": false, "Join Type": "Inner", "Startup Cost": 2977.29, "Total Cost": 6902.52, "Plan Rows": 81, "Plan Width": 16, "Actual Rows": 382, "Actual Loops": 1, "Inner Unique": false, "Plans": [{"Node Type": "Hash Join", "Parent Relationship": "Outer", "Parallel Aware": false, "Async Capable": false, "Join Type": "Inner", "Startup Cost": 2976.87, "Total Cost": 3251.23, "Plan Rows": 4514, "Plan Width": 12, "Actual Rows": 7995, "Actual Loops": 1, "Inner Unique": true, "Hash Cond": "(pl.relatedpostid = p.id)", "Plans": [{"Node Type": "Seq Scan", "Parent Relationship": "Outer", "Parallel Aware": false, "Async Capable": false, "Relation Name": "postlinks", "Alias": "pl", "Startup Cost": 0.0, "Total Cost": 248.53, "Plan Rows": 9842, "Plan Width": 4, "Actual Rows": 9811, "Actual Loops": 1, "Filter": "((creationdate >= '2011-03-07 16:05:24'::timestamp without time zone) AND (linktypeid = 1))", "Rows Removed by Filter": 1291}, {"Node Type": "Hash", "Parent Relationship": "Inner", "Parallel Aware": false, "Async Capable": false, "Startup Cost": 2449.58, "Total Cost": 2449.58, "Plan Rows": 42183, "Plan Width": 8, "Actual Rows": 42188, "Actual Loops": 1, "Hash Buckets": 65536, "Original Hash Buckets": 65536, "Hash Batches": 1, "Original Hash Batches": 1, "Peak Memory Usage": 2158, "Plans": [{"Node Type": "Seq Scan", "Parent Relationship": "Outer", "Parallel Aware": false, "Async Capable": false, "Relation Name": "posts", "Alias": "p", "Startup Cost": 0.0, "Total Cost": 2449.58, "Plan Rows": 42183, "Plan Width": 8, "Actual Rows": 42188, "Actual Loops": 1, "Filter": "((answercount >= 0) AND (answercount <= 4) AND (creationdate <= '2014-09-12 15:56:19'::timestamp without time zone))", "Rows Removed by Filter": 49788}]}]}, {"Node Type": "Index Scan", "Parent Relationship": "Inner", "Parallel Aware": false, "Async Capable": false, "Scan Direction": "Forward", "Index Name": "idx_votes_postid", "Relation Name": "votes", "Alias": "v", "Startup Cost": 0.42, "Total Cost": 0.8, "Plan Rows": 1, "Plan Width": 4, "Actual Rows": 0, "Actual Loops": 7995, "Index Cond": "(postid = p.id)", "Rows Removed by Index Recheck": 0, "Filter": "((bountyamount <= 100) AND (creationdate >= '2009-02-03 00:00:00'::timestamp without time zone) AND (creationdate <= '2014-09-11 00:00:00'::timestamp without time zone))", "Rows Removed by Filter": 13}]}, {"Node Type": "Index Scan", "Parent Relationship": "Inner", "Parallel Aware": false, "Async Capable": false, "Scan Direction": "Forward", "Index Name": "users_pkey", "Relation Name": "users", "Alias": "u", "Startup Cost": 0.29, "Total Cost": 0.35, "Plan Rows": 1, "Plan Width": 4, "Actual Rows": 1, "Actual Loops": 382, "Index Cond": "(id = p.owneruserid)", "Rows Removed by Index Recheck": 0, "Filter": "((views <= 160) AND (creationdate >= '2010-07-27 12:58:30'::timestamp without time zone) AND (creationdate <= '2014-07-12 20:08:07'::timestamp without time zone))", "Rows Removed by Filter": 0}]}, {"Node Type": "Index Only Scan", "Parent Relationship": "Inner", "Parallel Aware": false, "Async Capable": false, "Scan Direction": "Forward", "Index Name": "idx_badges_userid", "Relation Name": "badges", "Alias": "b", "Startup Cost": 0.29, "Total Cost": 0.36, "Plan Rows": 3, "Plan Width": 4, "Actual Rows": 14, "Actual Loops": 250, "Index Cond": "(userid = u.id)", "Rows Removed by Index Recheck": 0, "Heap Fetches": 0}]}, {"Node Type": "Index Scan", "Parent Relationship": "Inner", "Parallel Aware": false, "Async Capable": false, "Scan Direction": "Forward", "Index Name": "idx_comments_postid", "Relation Name": "comments", "Alias": "c", "Startup Cost": 0.42, "Total Cost": 0.64, "Plan Rows": 3, "Plan Width": 4, "Actual Rows": 3, "Actual Loops": 3446, "Index Cond": "(postid = p.id)", "Rows Removed by Index Recheck": 0, "Filter": "(score = 0)", "Rows Removed by Filter": 1}]}]}, "Planning Time": 10.421, "Triggers": [], "Execution Time": 146.136}, {"Plan": {"Node Type": "Aggregate", "Strategy": "Plain", "Partial Mode": "Simple", "Parallel Aware": false, "Async Capable": false, "Startup Cost": 8491.69, "Total Cost": 8491.7, "Plan Rows": 1, "Plan Width": 8, "Actual Rows": 1, "Actual Loops": 1, "Plans": [{"Node Type": "Nested Loop", "Parent Relationship": "Outer", "Parallel Aware": false, "Async Capable": false, "Join Type": "Inner", "Startup Cost": 4430.99, "Total Cost": 8481.61, "Plan Rows": 4031, "Plan Width": 0, "Actual Rows": 8893, "Actual Loops": 1, "Inner Unique": false, "Plans": [{"Node Type": "Hash Join", "Parent Relationship": "Outer", "Parallel Aware": false, "Async Capable": false, "Join Type": "Inner", "Startup Cost": 4430.7, "Total Cost": 8440.68, "Plan Rows": 105, "Plan Width": 8, "Actual Rows": 713, "Actual Loops": 1, "Inner Unique": true, "Hash Cond": "(p.owneruserid = u.id)", "Plans": [{"Node Type": "Nested Loop", "Parent Relationship": "Outer", "Parallel Aware": false, "Async Capable": false, "Join Type": "Inner", "Startup Cost": 2977.71, "Total Cost": 6956.45, "Plan Rows": 119.0, "Plan Width": 4, "Actual Rows": 974, "Actual Loops": 1, "Inner Unique": false, "Plans": [{"Node Type": "Nested Loop", "Parent Relationship": "Outer", "Parallel Aware": false, "Async Capable": false, "Join Type": "Inner", "Startup Cost": 2977.29, "Total Cost": 6902.52, "Plan Rows": 81, "Plan Width": 16, "Actual Rows": 382, "Actual Loops": 1, "Inner Unique": false, "Plans": [{"Node Type": "Hash Join", "Parent Relationship": "Outer", "Parallel Aware": false, "Async Capable": false, "Join Type": "Inner", "Startup Cost": 2976.87, "Total Cost": 3251.23, "Plan Rows": 4514, "Plan Width": 12, "Actual Rows": 7995, "Actual Loops": 1, "Inner Unique": true, "Hash Cond": "(pl.relatedpostid = p.id)", "Plans": [{"Node Type": "Seq Scan", "Parent Relationship": "Outer", "Parallel Aware": false, "Async Capable": false, "Relation Name": "postlinks", "Alias": "pl", "Startup Cost": 0.0, "Total Cost": 248.53, "Plan Rows": 9842, "Plan Width": 4, "Actual Rows": 9811, "Actual Loops": 1, "Filter": "((creationdate >= '2011-03-07 16:05:24'::timestamp without time zone) AND (linktypeid = 1))", "Rows Removed by Filter": 1291}, {"Node Type": "Hash", "Parent Relationship": "Inner", "Parallel Aware": false, "Async Capable": false, "Startup Cost": 2449.58, "Total Cost": 2449.58, "Plan Rows": 42183, "Plan Width": 8, "Actual Rows": 42188, "Actual Loops": 1, "Hash Buckets": 65536, "Original Hash Buckets": 65536, "Hash Batches": 1, "Original Hash Batches": 1, "Peak Memory Usage": 2158, "Plans": [{"Node Type": "Seq Scan", "Parent Relationship": "Outer", "Parallel Aware": false, "Async Capable": false, "Relation Name": "posts", "Alias": "p", "Startup Cost": 0.0, "Total Cost": 2449.58, "Plan Rows": 42183, "Plan Width": 8, "Actual Rows": 42188, "Actual Loops": 1, "Filter": "((answercount >= 0) AND (answercount <= 4) AND (creationdate <= '2014-09-12 15:56:19'::timestamp without time zone))", "Rows Removed by Filter": 49788}]}]}, {"Node Type": "Index Scan", "Parent Relationship": "Inner", "Parallel Aware": false, "Async Capable": false, "Scan Direction": "Forward", "Index Name": "idx_votes_postid", "Relation Name": "votes", "Alias": "v", "Startup Cost": 0.42, "Total Cost": 0.8, "Plan Rows": 1, "Plan Width": 4, "Actual Rows": 0, "Actual Loops": 7995, "Index Cond": "(postid = p.id)", "Rows Removed by Index Recheck": 0, "Filter": "((bountyamount <= 100) AND (creationdate >= '2009-02-03 00:00:00'::timestamp without time zone) AND (creationdate <= '2014-09-11 00:00:00'::timestamp without time zone))", "Rows Removed by Filter": 13}]}, {"Node Type": "Index Scan", "Parent Relationship": "Inner", "Parallel Aware": false, "Async Capable": false, "Scan Direction": "Forward", "Index Name": "idx_comments_postid", "Relation Name": "comments", "Alias": "c", "Startup Cost": 0.42, "Total Cost": 0.64, "Plan Rows": 3, "Plan Width": 4, "Actual Rows": 3, "Actual Loops": 382, "Index Cond": "(postid = p.id)", "Rows Removed by Index Recheck": 0, "Filter": "(score = 0)", "Rows Removed by Filter": 1}]}, {"Node Type": "Hash", "Parent Relationship": "Inner", "Parallel Aware": false, "Async Capable": false, "Startup Cost": 1002.69, "Total Cost": 1002.69, "Plan Rows": 36024, "Plan Width": 4, "Actual Rows": 36029, "Actual Loops": 1, "Hash Buckets": 65536, "Original Hash Buckets": 65536, "Hash Batches": 1, "Original Hash Batches": 1, "Peak Memory Usage": 1779, "Plans": [{"Node Type": "Seq Scan", "Parent Relationship": "Outer", "Parallel Aware": false, "Async Capable": false, "Relation Name": "users", "Alias": "u", "Startup Cost": 0.0, "Total Cost": 1002.69, "Plan Rows": 36024, "Plan Width": 4, "Actual Rows": 36029, "Actual Loops": 1, "Filter": "((views <= 160) AND (creationdate >= '2010-07-27 12:58:30'::timestamp without time zone) AND (creationdate <= '2014-07-12 20:08:07'::timestamp without time zone))", "Rows Removed by Filter": 4296}]}]}, {"Node Type": "Index Only Scan", "Parent Relationship": "Inner", "Parallel Aware": false, "Async Capable": false, "Scan Direction": "Forward", "Index Name": "idx_badges_userid", "Relation Name": "badges", "Alias": "b", "Startup Cost": 0.29, "Total Cost": 0.36, "Plan Rows": 3, "Plan Width": 4, "Actual Rows": 12, "Actual Loops": 713, "Index Cond": "(userid = u.id)", "Rows Removed by Index Recheck": 0, "Heap Fetches": 0}]}]}, "Planning Time": 10.898, "Triggers": [], "Execution Time": 166.467}, {"Plan": {"Node Type": "Aggregate", "Strategy": "Plain", "Partial Mode": "Simple", "Parallel Aware": false, "Async Capable": false, "Startup Cost": 7428.58, "Total Cost": 7428.59, "Plan Rows": 1, "Plan Width": 8, "Actual Rows": 1, "Actual Loops": 1, "Plans": [{"Node Type": "Nested Loop", "Parent Relationship": "Outer", "Parallel Aware": false, "Async Capable": false, "Join Type": "Inner", "Startup Cost": 2978.29, "Total Cost": 7418.5, "Plan Rows": 4031, "Plan Width": 0, "Actual Rows": 8893, "Actual Loops": 1, "Inner Unique": false, "Plans": [{"Node Type": "Nested Loop", "Parent Relationship": "Outer", "Parallel Aware": false, "Async Capable": false, "Join Type": "Inner", "Startup Cost": 2978.0, "Total Cost": 7377.57, "Plan Rows": 105, "Plan Width": 8, "Actual Rows": 713, "Actual Loops": 1, "Inner Unique": true, "Plans": [{"Node Type": "Nested Loop", "Parent Relationship": "Outer", "Parallel Aware": false, "Async Capable": false, "Join Type": "Inner", "Startup Cost": 2977.71, "Total Cost": 6956.45, "Plan Rows": 119.0, "Plan Width": 4, "Actual Rows": 974, "Actual Loops": 1, "Inner Unique": false, "Plans": [{"Node Type": "Nested Loop", "Parent Relationship": "Outer", "Parallel Aware": false, "Async Capable": false, "Join Type": "Inner", "Startup Cost": 2977.29, "Total Cost": 6902.52, "Plan Rows": 81, "Plan Width": 16, "Actual Rows": 382, "Actual Loops": 1, "Inner Unique": false, "Plans": [{"Node Type": "Hash Join", "Parent Relationship": "Outer", "Parallel Aware": false, "Async Capable": false, "Join Type": "Inner", "Startup Cost": 2976.87, "Total Cost": 3251.23, "Plan Rows": 4514, "Plan Width": 12, "Actual Rows": 7995, "Actual Loops": 1, "Inner Unique": true, "Hash Cond": "(pl.relatedpostid = p.id)", "Plans": [{"Node Type": "Seq Scan", "Parent Relationship": "Outer", "Parallel Aware": false, "Async Capable": false, "Relation Name": "postlinks", "Alias": "pl", "Startup Cost": 0.0, "Total Cost": 248.53, "Plan Rows": 9842, "Plan Width": 4, "Actual Rows": 9811, "Actual Loops": 1, "Filter": "((creationdate >= '2011-03-07 16:05:24'::timestamp without time zone) AND (linktypeid = 1))", "Rows Removed by Filter": 1291}, {"Node Type": "Hash", "Parent Relationship": "Inner", "Parallel Aware": false, "Async Capable": false, "Startup Cost": 2449.58, "Total Cost": 2449.58, "Plan Rows": 42183, "Plan Width": 8, "Actual Rows": 42188, "Actual Loops": 1, "Hash Buckets": 65536, "Original Hash Buckets": 65536, "Hash Batches": 1, "Original Hash Batches": 1, "Peak Memory Usage": 2158, "Plans": [{"Node Type": "Seq Scan", "Parent Relationship": "Outer", "Parallel Aware": false, "Async Capable": false, "Relation Name": "posts", "Alias": "p", "Startup Cost": 0.0, "Total Cost": 2449.58, "Plan Rows": 42183, "Plan Width": 8, "Actual Rows": 42188, "Actual Loops": 1, "Filter": "((answercount >= 0) AND (answercount <= 4) AND (creationdate <= '2014-09-12 15:56:19'::timestamp without time zone))", "Rows Removed by Filter": 49788}]}]}, {"Node Type": "Index Scan", "Parent Relationship": "Inner", "Parallel Aware": false, "Async Capable": false, "Scan Direction": "Forward", "Index Name": "idx_votes_postid", "Relation Name": "votes", "Alias": "v", "Startup Cost": 0.42, "Total Cost": 0.8, "Plan Rows": 1, "Plan Width": 4, "Actual Rows": 0, "Actual Loops": 7995, "Index Cond": "(postid = p.id)", "Rows Removed by Index Recheck": 0, "Filter": "((bountyamount <= 100) AND (creationdate >= '2009-02-03 00:00:00'::timestamp without time zone) AND (creationdate <= '2014-09-11 00:00:00'::timestamp without time zone))", "Rows Removed by Filter": 13}]}, {"Node Type": "Index Scan", "Parent Relationship": "Inner", "Parallel Aware": false, "Async Capable": false, "Scan Direction": "Forward", "Index Name": "idx_comments_postid", "Relation Name": "comments", "Alias": "c", "Startup Cost": 0.42, "Total Cost": 0.64, "Plan Rows": 3, "Plan Width": 4, "Actual Rows": 3, "Actual Loops": 382, "Index Cond": "(postid = p.id)", "Rows Removed by Index Recheck": 0, "Filter": "(score = 0)", "Rows Removed by Filter": 1}]}, {"Node Type": "Index Scan", "Parent Relationship": "Inner", "Parallel Aware": false, "Async Capable": false, "Scan Direction": "Forward", "Index Name": "users_pkey", "Relation Name": "users", "Alias": "u", "Startup Cost": 0.29, "Total Cost": 0.35, "Plan Rows": 1, "Plan Width": 4, "Actual Rows": 1, "Actual Loops": 974, "Index Cond": "(id = p.owneruserid)", "Rows Removed by Index Recheck": 0, "Filter": "((views <= 160) AND (creationdate >= '2010-07-27 12:58:30'::timestamp without time zone) AND (creationdate <= '2014-07-12 20:08:07'::timestamp without time zone))", "Rows Removed by Filter": 0}]}, {"Node Type": "Index Only Scan", "Parent Relationship": "Inner", "Parallel Aware": false, "Async Capable": false, "Scan Direction": "Forward", "Index Name": "idx_badges_userid", "Relation Name": "badges", "Alias": "b", "Startup Cost": 0.29, "Total Cost": 0.36, "Plan Rows": 3, "Plan Width": 4, "Actual Rows": 12, "Actual Loops": 713, "Index Cond": "(userid = u.id)", "Rows Removed by Index Recheck": 0, "Heap Fetches": 0}]}]}, "Planning Time": 10.532, "Triggers": [], "Execution Time": 139.711}, {"Plan": {"Node Type": "Aggregate", "Strategy": "Plain", "Partial Mode": "Simple", "Parallel Aware": false, "Async Capable": false, "Startup Cost": 8475.06, "Total Cost": 8475.07, "Plan Rows": 1, "Plan Width": 8, "Actual Rows": 1, "Actual Loops": 1, "Plans": [{"Node Type": "Nested Loop", "Parent Relationship": "Outer", "Parallel Aware": false, "Async Capable": false, "Join Type": "Inner", "Startup Cost": 4430.99, "Total Cost": 8464.98, "Plan Rows": 4031, "Plan Width": 0, "Actual Rows": 8893, "Actual Loops": 1, "Inner Unique": false, "Plans": [{"Node Type": "Nested Loop", "Parent Relationship": "Outer", "Parallel Aware": false, "Async Capable": false, "Join Type": "Inner", "Startup Cost": 4430.7, "Total Cost": 8424.04, "Plan Rows": 105, "Plan Width": 8, "Actual Rows": 713, "Actual Loops": 1, "Inner Unique": false, "Plans": [{"Node Type": "Hash Join", "Parent Relationship": "Outer", "Parallel Aware": false, "Async Capable": false, "Join Type": "Inner", "Startup Cost": 4430.28, "Total Cost": 8376.77, "Plan Rows": 71, "Plan Width": 20, "Actual Rows": 250, "Actual Loops": 1, "Inner Unique": true, "Hash Cond": "(p.owneruserid = u.id)", "Plans": [{"Node Type": "Nested Loop", "Parent Relationship": "Outer", "Parallel Aware": false, "Async Capable": false, "Join Type": "Inner", "Startup Cost": 2977.29, "Total Cost": 6902.52, "Plan Rows": 81.0, "Plan Width": 16, "Actual Rows": 382, "Actual Loops": 1, "Inner Unique": false, "Plans": [{"Node Type": "Hash Join", "Parent Relationship": "Outer", "Parallel Aware": false, "Async Capable": false, "Join Type": "Inner", "Startup Cost": 2976.87, "Total Cost": 3251.23, "Plan Rows": 4514, "Plan Width": 12, "Actual Rows": 7995, "Actual Loops": 1, "Inner Unique": true, "Hash Cond": "(pl.relatedpostid = p.id)", "Plans": [{"Node Type": "Seq Scan", "Parent Relationship": "Outer", "Parallel Aware": false, "Async Capable": false, "Relation Name": "postlinks", "Alias": "pl", "Startup Cost": 0.0, "Total Cost": 248.53, "Plan Rows": 9842, "Plan Width": 4, "Actual Rows": 9811, "Actual Loops": 1, "Filter": "((creationdate >= '2011-03-07 16:05:24'::timestamp without time zone) AND (linktypeid = 1))", "Rows Removed by Filter": 1291}, {"Node Type": "Hash", "Parent Relationship": "Inner", "Parallel Aware": false, "Async Capable": false, "Startup Cost": 2449.58, "Total Cost": 2449.58, "Plan Rows": 42183, "Plan Width": 8, "Actual Rows": 42188, "Actual Loops": 1, "Hash Buckets": 65536, "Original Hash Buckets": 65536, "Hash Batches": 1, "Original Hash Batches": 1, "Peak Memory Usage": 2158, "Plans": [{"Node Type": "Seq Scan", "Parent Relationship": "Outer", "Parallel Aware": false, "Async Capable": false, "Relation Name": "posts", "Alias": "p", "Startup Cost": 0.0, "Total Cost": 2449.58, "Plan Rows": 42183, "Plan Width": 8, "Actual Rows": 42188, "Actual Loops": 1, "Filter": "((answercount >= 0) AND (answercount <= 4) AND (creationdate <= '2014-09-12 15:56:19'::timestamp without time zone))", "Rows Removed by Filter": 49788}]}]}, {"Node Type": "Index Scan", "Parent Relationship": "Inner", "Parallel Aware": false, "Async Capable": false, "Scan Direction": "Forward", "Index Name": "idx_votes_postid", "Relation Name": "votes", "Alias": "v", "Startup Cost": 0.42, "Total Cost": 0.8, "Plan Rows": 1, "Plan Width": 4, "Actual Rows": 0, "Actual Loops": 7995, "Index Cond": "(postid = p.id)", "Rows Removed by Index Recheck": 0, "Filter": "((bountyamount <= 100) AND (creationdate >= '2009-02-03 00:00:00'::timestamp without time zone) AND (creationdate <= '2014-09-11 00:00:00'::timestamp without time zone))", "Rows Removed by Filter": 13}]}, {"Node Type": "Hash", "Parent Relationship": "Inner", "Parallel Aware": false, "Async Capable": false, "Startup Cost": 1002.69, "Total Cost": 1002.69, "Plan Rows": 36024, "Plan Width": 4, "Actual Rows": 36029, "Actual Loops": 1, "Hash Buckets": 65536, "Original Hash Buckets": 65536, "Hash Batches": 1, "Original Hash Batches": 1, "Peak Memory Usage": 1779, "Plans": [{"Node Type": "Seq Scan", "Parent Relationship": "Outer", "Parallel Aware": false, "Async Capable": false, "Relation Name": "users", "Alias": "u", "Startup Cost": 0.0, "Total Cost": 1002.69, "Plan Rows": 36024, "Plan Width": 4, "Actual Rows": 36029, "Actual Loops": 1, "Filter": "((views <= 160) AND (creationdate >= '2010-07-27 12:58:30'::timestamp without time zone) AND (creationdate <= '2014-07-12 20:08:07'::timestamp without time zone))", "Rows Removed by Filter": 4296}]}]}, {"Node Type": "Index Scan", "Parent Relationship": "Inner", "Parallel Aware": false, "Async Capable": false, "Scan Direction": "Forward", "Index Name": "idx_comments_postid", "Relation Name": "comments", "Alias": "c", "Startup Cost": 0.42, "Total Cost": 0.64, "Plan Rows": 3, "Plan Width": 4, "Actual Rows": 3, "Actual Loops": 250, "Index Cond": "(postid = p.id)", "Rows Removed by Index Recheck": 0, "Filter": "(score = 0)", "Rows Removed by Filter": 1}]}, {"Node Type": "Index Only Scan", "Parent Relationship": "Inner", "Parallel Aware": false, "Async Capable": false, "Scan Direction": "Forward", "Index Name": "idx_badges_userid", "Relation Name": "badges", "Alias": "b", "Startup Cost": 0.29, "Total Cost": 0.36, "Plan Rows": 3, "Plan Width": 4, "Actual Rows": 12, "Actual Loops": 713, "Index Cond": "(userid = u.id)", "Rows Removed by Index Recheck": 0, "Heap Fetches": 0}]}]}, "Planning Time": 10.731, "Triggers": [], "Execution Time": 165.907}]