[{"Plan": {"Node Type": "Aggregate", "Strategy": "Plain", "Partial Mode": "Simple", "Parallel Aware": false, "Async Capable": false, "Startup Cost": 21266.54, "Total Cost": 21266.55, "Plan Rows": 1, "Plan Width": 8, "Actual Rows": 1, "Actual Loops": 1, "Plans": [{"Node Type": "Nested Loop", "Parent Relationship": "Outer", "Parallel Aware": false, "Async Capable": false, "Join Type": "Inner", "Startup Cost": 3339.32, "Total Cost": 10330.26, "Plan Rows": 4374511, "Plan Width": 0, "Actual Rows": 481420, "Actual Loops": 1, "Inner Unique": false, "Plans": [{"Node Type": "Hash Join", "Parent Relationship": "Outer", "Parallel Aware": false, "Async Capable": false, "Join Type": "Inner", "Startup Cost": 3339.03, "Total Cost": 3612.6, "Plan Rows": 9287, "Plan Width": 4, "Actual Rows": 9405, "Actual Loops": 1, "Inner Unique": true, "Hash Cond": "(pl.postid = p.id)", "Plans": [{"Node Type": "Seq Scan", "Parent Relationship": "Outer", "Parallel Aware": false, "Async Capable": false, "Relation Name": "postlinks", "Alias": "pl", "Startup Cost": 0.0, "Total Cost": 248.53, "Plan Rows": 9539, "Plan Width": 4, "Actual Rows": 9480, "Actual Loops": 1, "Filter": "((creationdate >= '2011-07-09 22:35:44'::timestamp without time zone) AND (linktypeid = 1))", "Rows Removed by Filter": 1622}, {"Node Type": "Hash", "Parent Relationship": "Inner", "Parallel Aware": false, "Async Capable": false, "Startup Cost": 2219.64, "Total Cost": 2219.64, "Plan Rows": 89551, "Plan Width": 8, "Actual Rows": 89551, "Actual Loops": 1, "Hash Buckets": 131072, "Original Hash Buckets": 131072, "Hash Batches": 1, "Original Hash Batches": 1, "Peak Memory Usage": 4518, "Plans": [{"Node Type": "Seq Scan", "Parent Relationship": "Outer", "Parallel Aware": false, "Async Capable": false, "Relation Name": "posts", "Alias": "p", "Startup Cost": 0.0, "Total Cost": 2219.64, "Plan Rows": 89551, "Plan Width": 8, "Actual Rows": 89551, "Actual Loops": 1, "Filter": "((creationdate >= '2010-09-06 00:58:21'::timestamp without time zone) AND (creationdate <= '2014-09-12 10:02:21'::timestamp without time zone))", "Rows Removed by Filter": 2425}]}]}, {"Node Type": "Index Scan", "Parent Relationship": "Inner", "Parallel Aware": false, "Async Capable": false, "Scan Direction": "Forward", "Index Name": "idx_comments_userid", "Relation Name": "comments", "Alias": "c", "Startup Cost": 0.29, "Total Cost": 0.62, "Plan Rows": 10, "Plan Width": 4, "Actual Rows": 51, "Actual Loops": 9405, "Index Cond": "(userid = p.owneruserid)", "Rows Removed by Index Recheck": 0, "Filter": "(score = 0)", "Rows Removed by Filter": 13}]}]}, "Planning Time": 1.414, "Triggers": [], "Execution Time": 232.161}, {"Plan": {"Node Type": "Aggregate", "Strategy": "Plain", "Partial Mode": "Simple", "Parallel Aware": false, "Async Capable": false, "Startup Cost": 11423.89, "Total Cost": 11423.9, "Plan Rows": 1, "Plan Width": 8, "Actual Rows": 1, "Actual Loops": 1, "Plans": [{"Node Type": "Nested Loop", "Parent Relationship": "Outer", "Parallel Aware": false, "Async Capable": false, "Join Type": "Inner", "Startup Cost": 3339.32, "Total Cost": 10330.26, "Plan Rows": 4374510.0, "Plan Width": 0, "Actual Rows": 481420, "Actual Loops": 1, "Inner Unique": false, "Plans": [{"Node Type": "Hash Join", "Parent Relationship": "Outer", "Parallel Aware": false, "Async Capable": false, "Join Type": "Inner", "Startup Cost": 3339.03, "Total Cost": 3612.6, "Plan Rows": 9287, "Plan Width": 4, "Actual Rows": 9405, "Actual Loops": 1, "Inner Unique": true, "Hash Cond": "(pl.postid = p.id)", "Plans": [{"Node Type": "Seq Scan", "Parent Relationship": "Outer", "Parallel Aware": false, "Async Capable": false, "Relation Name": "postlinks", "Alias": "pl", "Startup Cost": 0.0, "Total Cost": 248.53, "Plan Rows": 9539, "Plan Width": 4, "Actual Rows": 9480, "Actual Loops": 1, "Filter": "((creationdate >= '2011-07-09 22:35:44'::timestamp without time zone) AND (linktypeid = 1))", "Rows Removed by Filter": 1622}, {"Node Type": "Hash", "Parent Relationship": "Inner", "Parallel Aware": false, "Async Capable": false, "Startup Cost": 2219.64, "Total Cost": 2219.64, "Plan Rows": 89551, "Plan Width": 8, "Actual Rows": 89551, "Actual Loops": 1, "Hash Buckets": 131072, "Original Hash Buckets": 131072, "Hash Batches": 1, "Original Hash Batches": 1, "Peak Memory Usage": 4518, "Plans": [{"Node Type": "Seq Scan", "Parent Relationship": "Outer", "Parallel Aware": false, "Async Capable": false, "Relation Name": "posts", "Alias": "p", "Startup Cost": 0.0, "Total Cost": 2219.64, "Plan Rows": 89551, "Plan Width": 8, "Actual Rows": 89551, "Actual Loops": 1, "Filter": "((creationdate >= '2010-09-06 00:58:21'::timestamp without time zone) AND (creationdate <= '2014-09-12 10:02:21'::timestamp without time zone))", "Rows Removed by Filter": 2425}]}]}, {"Node Type": "Index Scan", "Parent Relationship": "Inner", "Parallel Aware": false, "Async Capable": false, "Scan Direction": "Forward", "Index Name": "idx_comments_userid", "Relation Name": "comments", "Alias": "c", "Startup Cost": 0.29, "Total Cost": 0.62, "Plan Rows": 10, "Plan Width": 4, "Actual Rows": 51, "Actual Loops": 9405, "Index Cond": "(userid = p.owneruserid)", "Rows Removed by Index Recheck": 0, "Filter": "(score = 0)", "Rows Removed by Filter": 13}]}]}, "Planning Time": 2.224, "Triggers": [], "Execution Time": 229.03}, {"Plan": {"Node Type": "Aggregate", "Strategy": "Plain", "Partial Mode": "Simple", "Parallel Aware": false, "Async Capable": false, "Startup Cost": 155948.61, "Total Cost": 155948.62, "Plan Rows": 1, "Plan Width": 8, "Actual Rows": 1, "Actual Loops": 1, "Plans": [{"Node Type": "Nested Loop", "Parent Relationship": "Outer", "Parallel Aware": false, "Async Capable": false, "Join Type": "Inner", "Startup Cost": 3339.33, "Total Cost": 145012.33, "Plan Rows": 4374511, "Plan Width": 0, "Actual Rows": 481420, "Actual Loops": 1, "Inner Unique": false, "Plans": [{"Node Type": "Hash Join", "Parent Relationship": "Outer", "Parallel Aware": false, "Async Capable": false, "Join Type": "Inner", "Startup Cost": 3339.03, "Total Cost": 3612.6, "Plan Rows": 9287.0, "Plan Width": 4, "Actual Rows": 9405, "Actual Loops": 1, "Inner Unique": true, "Hash Cond": "(pl.postid = p.id)", "Plans": [{"Node Type": "Seq Scan", "Parent Relationship": "Outer", "Parallel Aware": false, "Async Capable": false, "Relation Name": "postlinks", "Alias": "pl", "Startup Cost": 0.0, "Total Cost": 248.53, "Plan Rows": 9539, "Plan Width": 4, "Actual Rows": 9480, "Actual Loops": 1, "Filter": "((creationdate >= '2011-07-09 22:35:44'::timestamp without time zone) AND (linktypeid = 1))", "Rows Removed by Filter": 1622}, {"Node Type": "Hash", "Parent Relationship": "Inner", "Parallel Aware": false, "Async Capable": false, "Startup Cost": 2219.64, "Total Cost": 2219.64, "Plan Rows": 89551, "Plan Width": 8, "Actual Rows": 89551, "Actual Loops": 1, "Hash Buckets": 131072, "Original Hash Buckets": 131072, "Hash Batches": 1, "Original Hash Batches": 1, "Peak Memory Usage": 4518, "Plans": [{"Node Type": "Seq Scan", "Parent Relationship": "Outer", "Parallel Aware": false, "Async Capable": false, "Relation Name": "posts", "Alias": "p", "Startup Cost": 0.0, "Total Cost": 2219.64, "Plan Rows": 89551, "Plan Width": 8, "Actual Rows": 89551, "Actual Loops": 1, "Filter": "((creationdate >= '2010-09-06 00:58:21'::timestamp without time zone) AND (creationdate <= '2014-09-12 10:02:21'::timestamp without time zone))", "Rows Removed by Filter": 2425}]}]}, {"Node Type": "Memoize", "Parent Relationship": "Inner", "Parallel Aware": false, "Async Capable": false, "Startup Cost": 0.3, "Total Cost": 0.63, "Plan Rows": 10, "Plan Width": 4, "Actual Rows": 51, "Actual Loops": 9405, "Cache Key": "p.owneruserid", "Cache Mode": "logical", "Cache Hits": 4966, "Cache Misses": 4439, "Cache Evictions": 0, "Cache Overflows": 0, "Peak Memory Usage": 3196, "Plans": [{"Node Type": "Index Scan", "Parent Relationship": "Outer", "Parallel Aware": false, "Async Capable": false, "Scan Direction": "Forward", "Index Name": "idx_comments_userid", "Relation Name": "comments", "Alias": "c", "Startup Cost": 0.29, "Total Cost": 0.62, "Plan Rows": 10, "Plan Width": 4, "Actual Rows": 19, "Actual Loops": 4439, "Index Cond": "(userid = p.owneruserid)", "Rows Removed by Index Recheck": 0, "Filter": "(score = 0)", "Rows Removed by Filter": 6}]}]}]}, "Planning Time": 2.288, "Triggers": [], "Execution Time": 191.138}]