[{"Plan": {"Node Type": "Aggregate", "Strategy": "Plain", "Partial Mode": "Finalize", "Parallel Aware": false, "Async Capable": false, "Startup Cost": 19068.41, "Total Cost": 19068.42, "Plan Rows": 1, "Plan Width": 8, "Actual Rows": 1, "Actual Loops": 1, "Plans": [{"Node Type": "Gather", "Parent Relationship": "Outer", "Parallel Aware": false, "Async Capable": false, "Startup Cost": 19068.3, "Total Cost": 19068.41, "Plan Rows": 1, "Plan Width": 8, "Actual Rows": 2, "Actual Loops": 1, "Workers Planned": 1, "Workers Launched": 1, "Single Copy": false, "Plans": [{"Node Type": "Aggregate", "Strategy": "Plain", "Partial Mode": "Partial", "Parent Relationship": "Outer", "Parallel Aware": false, "Async Capable": false, "Startup Cost": 18068.3, "Total Cost": 18068.31, "Plan Rows": 1, "Plan Width": 8, "Actual Rows": 1, "Actual Loops": 2, "Workers": [], "Plans": [{"Node Type": "Nested Loop", "Parent Relationship": "Outer", "Parallel Aware": false, "Async Capable": false, "Join Type": "Inner", "Startup Cost": 4956.75, "Total Cost": 17956.67, "Plan Rows": 44652, "Plan Width": 0, "Actual Rows": 17602, "Actual Loops": 2, "Inner Unique": false, "Join Filter": "(pl.relatedpostid = ph.postid)", "Rows Removed by Join Filter": 0, "Workers": [], "Plans": [{"Node Type": "Hash Join", "Parent Relationship": "Outer", "Parallel Aware": false, "Async Capable": false, "Join Type": "Inner", "Startup Cost": 4956.33, "Total Cost": 11362.7, "Plan Rows": 10707, "Plan Width": 12, "Actual Rows": 2610, "Actual Loops": 2, "Inner Unique": true, "Hash Cond": "(c.userid = u.id)", "Workers": [], "Plans": [{"Node Type": "Hash Join", "Parent Relationship": "Outer", "Parallel Aware": false, "Async Capable": false, "Join Type": "Inner", "Startup Cost": 3365.57, "Total Cost": 9742.38, "Plan Rows": 11262, "Plan Width": 16, "Actual Rows": 14180, "Actual Loops": 2, "Inner Unique": true, "Hash Cond": "(pl.relatedpostid = p.id)", "Workers": [], "Plans": [{"Node Type": "Merge Join", "Parent Relationship": "Outer", "Parallel Aware": false, "Async Capable": false, "Join Type": "Inner", "Startup Cost": 0.71, "Total Cost": 6324.75, "Plan Rows": 20099, "Plan Width": 12, "Actual Rows": 15190, "Actual Loops": 2, "Inner Unique": false, "Merge Cond": "(c.postid = pl.relatedpostid)", "Workers": [], "Plans": [{"Node Type": "Index Scan", "Parent Relationship": "Outer", "Parallel Aware": true, "Async Capable": false, "Scan Direction": "Forward", "Index Name": "idx_comments_postid", "Relation Name": "comments", "Alias": "c", "Startup Cost": 0.42, "Total Cost": 5216.17, "Plan Rows": 102094, "Plan Width": 8, "Actual Rows": 86928, "Actual Loops": 2, "Filter": "((creationdate >= '2010-07-11 12:25:05'::timestamp without time zone) AND (creationdate <= '2014-09-11 13:43:09'::timestamp without time zone))", "Rows Removed by Filter": 224, "Workers": []}, {"Node Type": "Materialize", "Parent Relationship": "Inner", "Parallel Aware": false, "Async Capable": false, "Startup Cost": 0.29, "Total Cost": 584.18, "Plan Rows": 10186, "Plan Width": 4, "Actual Rows": 21605, "Actual Loops": 2, "Workers": [], "Plans": [{"Node Type": "Index Scan", "Parent Relationship": "Outer", "Parallel Aware": false, "Async Capable": false, "Scan Direction": "Forward", "Index Name": "idx_postlinks_relatedpostid", "Relation Name": "postlinks", "Alias": "pl", "Startup Cost": 0.29, "Total Cost": 558.72, "Plan Rows": 10186, "Plan Width": 4, "Actual Rows": 10186, "Actual Loops": 2, "Filter": "(linktypeid = 1)", "Rows Removed by Filter": 916, "Workers": []}]}]}, {"Node Type": "Hash", "Parent Relationship": "Inner", "Parallel Aware": false, "Async Capable": false, "Startup Cost": 2219.64, "Total Cost": 2219.64, "Plan Rows": 91618, "Plan Width": 4, "Actual Rows": 91618, "Actual Loops": 2, "Hash Buckets": 131072, "Original Hash Buckets": 131072, "Hash Batches": 1, "Original Hash Batches": 1, "Peak Memory Usage": 4245, "Workers": [], "Plans": [{"Node Type": "Seq Scan", "Parent Relationship": "Outer", "Parallel Aware": false, "Async Capable": false, "Relation Name": "posts", "Alias": "p", "Startup Cost": 0.0, "Total Cost": 2219.64, "Plan Rows": 91618, "Plan Width": 4, "Actual Rows": 91618, "Actual Loops": 2, "Filter": "((commentcount >= 0) AND (commentcount <= 14))", "Rows Removed by Filter": 358, "Workers": []}]}]}, {"Node Type": "Hash", "Parent Relationship": "Inner", "Parallel Aware": false, "Async Capable": false, "Startup Cost": 1103.5, "Total Cost": 1103.5, "Plan Rows": 38981, "Plan Width": 4, "Actual Rows": 39369, "Actual Loops": 2, "Hash Buckets": 65536, "Original Hash Buckets": 65536, "Hash Batches": 1, "Original Hash Batches": 1, "Peak Memory Usage": 1897, "Workers": [], "Plans": [{"Node Type": "Seq Scan", "Parent Relationship": "Outer", "Parallel Aware": false, "Async Capable": false, "Relation Name": "users", "Alias": "u", "Startup Cost": 0.0, "Total Cost": 1103.5, "Plan Rows": 38981, "Plan Width": 4, "Actual Rows": 39369, "Actual Loops": 2, "Filter": "((reputation >= 1) AND (reputation <= 491) AND (downvotes >= 0) AND (downvotes <= 0))", "Rows Removed by Filter": 956, "Workers": []}]}]}, {"Node Type": "Index Scan", "Parent Relationship": "Inner", "Parallel Aware": false, "Async Capable": false, "Scan Direction": "Forward", "Index Name": "idx_posthistory_postid", "Relation Name": "posthistory", "Alias": "ph", "Startup Cost": 0.42, "Total Cost": 0.57, "Plan Rows": 4, "Plan Width": 4, "Actual Rows": 7, "Actual Loops": 5220, "Index Cond": "(postid = c.postid)", "Rows Removed by Index Recheck": 0, "Filter": "(creationdate >= '2010-08-06 03:14:53'::timestamp without time zone)", "Rows Removed by Filter": 0, "Workers": []}]}]}]}]}, "Planning Time": 6.037, "Triggers": [], "Execution Time": 186.224}, {"Plan": {"Node Type": "Aggregate", "Strategy": "Plain", "Partial Mode": "Simple", "Parallel Aware": false, "Async Capable": false, "Startup Cost": 12618.6, "Total Cost": 12618.61, "Plan Rows": 1, "Plan Width": 8, "Actual Rows": 1, "Actual Loops": 1, "Plans": [{"Node Type": "Nested Loop", "Parent Relationship": "Outer", "Parallel Aware": false, "Async Capable": false, "Join Type": "Inner", "Startup Cost": 4956.47, "Total Cost": 12428.83, "Plan Rows": 75908, "Plan Width": 0, "Actual Rows": 35205, "Actual Loops": 1, "Inner Unique": false, "Join Filter": "(pl.relatedpostid = ph.postid)", "Rows Removed by Join Filter": 0, "Plans": [{"Node Type": "Hash Join", "Parent Relationship": "Outer", "Parallel Aware": false, "Async Capable": false, "Join Type": "Inner", "Startup Cost": 4956.05, "Total Cost": 11307.85, "Plan Rows": 18200.0, "Plan Width": 12, "Actual Rows": 5220, "Actual Loops": 1, "Inner Unique": true, "Hash Cond": "(c.userid = u.id)", "Plans": [{"Node Type": "Nested Loop", "Parent Relationship": "Outer", "Parallel Aware": false, "Async Capable": false, "Join Type": "Inner", "Startup Cost": 3365.28, "Total Cost": 9666.83, "Plan Rows": 19146, "Plan Width": 16, "Actual Rows": 28359, "Actual Loops": 1, "Inner Unique": false, "Join Filter": "(c.postid = pl.relatedpostid)", "Rows Removed by Join Filter": 0, "Plans": [{"Node Type": "Hash Join", "Parent Relationship": "Outer", "Parallel Aware": false, "Async Capable": false, "Join Type": "Inner", "Startup Cost": 3364.86, "Total Cost": 3612.38, "Plan Rows": 10146, "Plan Width": 8, "Actual Rows": 10074, "Actual Loops": 1, "Inner Unique": true, "Hash Cond": "(pl.relatedpostid = p.id)", "Plans": [{"Node Type": "Seq Scan", "Parent Relationship": "Outer", "Parallel Aware": false, "Async Capable": false, "Relation Name": "postlinks", "Alias": "pl", "Startup Cost": 0.0, "Total Cost": 220.78, "Plan Rows": 10186, "Plan Width": 4, "Actual Rows": 10186, "Actual Loops": 1, "Filter": "(linktypeid = 1)", "Rows Removed by Filter": 916}, {"Node Type": "Hash", "Parent Relationship": "Inner", "Parallel Aware": false, "Async Capable": false, "Startup Cost": 2219.64, "Total Cost": 2219.64, "Plan Rows": 91618, "Plan Width": 4, "Actual Rows": 91618, "Actual Loops": 1, "Hash Buckets": 131072, "Original Hash Buckets": 131072, "Hash Batches": 1, "Original Hash Batches": 1, "Peak Memory Usage": 4245, "Plans": [{"Node Type": "Seq Scan", "Parent Relationship": "Outer", "Parallel Aware": false, "Async Capable": false, "Relation Name": "posts", "Alias": "p", "Startup Cost": 0.0, "Total Cost": 2219.64, "Plan Rows": 91618, "Plan Width": 4, "Actual Rows": 91618, "Actual Loops": 1, "Filter": "((commentcount >= 0) AND (commentcount <= 14))", "Rows Removed by Filter": 358}]}]}, {"Node Type": "Index Scan", "Parent Relationship": "Inner", "Parallel Aware": false, "Async Capable": false, "Scan Direction": "Forward", "Index Name": "idx_comments_postid", "Relation Name": "comments", "Alias": "c", "Startup Cost": 0.42, "Total Cost": 0.56, "Plan Rows": 3, "Plan Width": 8, "Actual Rows": 3, "Actual Loops": 10074, "Index Cond": "(postid = p.id)", "Rows Removed by Index Recheck": 0, "Filter": "((creationdate >= '2010-07-11 12:25:05'::timestamp without time zone) AND (creationdate <= '2014-09-11 13:43:09'::timestamp without time zone))", "Rows Removed by Filter": 0}]}, {"Node Type": "Hash", "Parent Relationship": "Inner", "Parallel Aware": false, "Async Capable": false, "Startup Cost": 1103.5, "Total Cost": 1103.5, "Plan Rows": 38981, "Plan Width": 4, "Actual Rows": 39369, "Actual Loops": 1, "Hash Buckets": 65536, "Original Hash Buckets": 65536, "Hash Batches": 1, "Original Hash Batches": 1, "Peak Memory Usage": 1897, "Plans": [{"Node Type": "Seq Scan", "Parent Relationship": "Outer", "Parallel Aware": false, "Async Capable": false, "Relation Name": "users", "Alias": "u", "Startup Cost": 0.0, "Total Cost": 1103.5, "Plan Rows": 38981, "Plan Width": 4, "Actual Rows": 39369, "Actual Loops": 1, "Filter": "((reputation >= 1) AND (reputation <= 491) AND (downvotes >= 0) AND (downvotes <= 0))", "Rows Removed by Filter": 956}]}]}, {"Node Type": "Index Scan", "Parent Relationship": "Inner", "Parallel Aware": false, "Async Capable": false, "Scan Direction": "Forward", "Index Name": "idx_posthistory_postid", "Relation Name": "posthistory", "Alias": "ph", "Startup Cost": 0.42, "Total Cost": 0.57, "Plan Rows": 4, "Plan Width": 4, "Actual Rows": 7, "Actual Loops": 5220, "Index Cond": "(postid = c.postid)", "Rows Removed by Index Recheck": 0, "Filter": "(creationdate >= '2010-08-06 03:14:53'::timestamp without time zone)", "Rows Removed by Filter": 0}]}]}, "Planning Time": 7.013, "Triggers": [], "Execution Time": 146.064}, {"Plan": {"Node Type": "Aggregate", "Strategy": "Plain", "Partial Mode": "Finalize", "Parallel Aware": false, "Async Capable": false, "Startup Cost": 20040.22, "Total Cost": 20040.23, "Plan Rows": 1, "Plan Width": 8, "Actual Rows": 1, "Actual Loops": 1, "Plans": [{"Node Type": "Gather", "Parent Relationship": "Outer", "Parallel Aware": false, "Async Capable": false, "Startup Cost": 20040.11, "Total Cost": 20040.22, "Plan Rows": 1, "Plan Width": 8, "Actual Rows": 2, "Actual Loops": 1, "Workers Planned": 1, "Workers Launched": 1, "Single Copy": false, "Plans": [{"Node Type": "Aggregate", "Strategy": "Plain", "Partial Mode": "Partial", "Parent Relationship": "Outer", "Parallel Aware": false, "Async Capable": false, "Startup Cost": 19040.11, "Total Cost": 19040.12, "Plan Rows": 1, "Plan Width": 8, "Actual Rows": 1, "Actual Loops": 2, "Workers": [], "Plans": [{"Node Type": "Hash Join", "Parent Relationship": "Outer", "Parallel Aware": true, "Async Capable": false, "Join Type": "Inner", "Startup Cost": 12090.37, "Total Cost": 18928.48, "Plan Rows": 44652, "Plan Width": 0, "Actual Rows": 17602, "Actual Loops": 2, "Inner Unique": false, "Hash Cond": "(pl.relatedpostid = p.id)", "Workers": [], "Plans": [{"Node Type": "Hash Join", "Parent Relationship": "Outer", "Parallel Aware": false, "Async Capable": false, "Join Type": "Inner", "Startup Cost": 1591.47, "Total Cost": 7968.27, "Plan Rows": 19108, "Plan Width": 8, "Actual Rows": 2908, "Actual Loops": 2, "Inner Unique": true, "Hash Cond": "(c.userid = u.id)", "Workers": [], "Plans": [{"Node Type": "Merge Join", "Parent Relationship": "Outer", "Parallel Aware": false, "Async Capable": false, "Join Type": "Inner", "Startup Cost": 0.71, "Total Cost": 6324.75, "Plan Rows": 20099, "Plan Width": 12, "Actual Rows": 15190, "Actual Loops": 2, "Inner Unique": false, "Merge Cond": "(c.postid = pl.relatedpostid)", "Workers": [], "Plans": [{"Node Type": "Index Scan", "Parent Relationship": "Outer", "Parallel Aware": true, "Async Capable": false, "Scan Direction": "Forward", "Index Name": "idx_comments_postid", "Relation Name": "comments", "Alias": "c", "Startup Cost": 0.42, "Total Cost": 5216.17, "Plan Rows": 102094, "Plan Width": 8, "Actual Rows": 86928, "Actual Loops": 2, "Filter": "((creationdate >= '2010-07-11 12:25:05'::timestamp without time zone) AND (creationdate <= '2014-09-11 13:43:09'::timestamp without time zone))", "Rows Removed by Filter": 224, "Workers": []}, {"Node Type": "Materialize", "Parent Relationship": "Inner", "Parallel Aware": false, "Async Capable": false, "Startup Cost": 0.29, "Total Cost": 584.18, "Plan Rows": 10186, "Plan Width": 4, "Actual Rows": 21605, "Actual Loops": 2, "Workers": [], "Plans": [{"Node Type": "Index Scan", "Parent Relationship": "Outer", "Parallel Aware": false, "Async Capable": false, "Scan Direction": "Forward", "Index Name": "idx_postlinks_relatedpostid", "Relation Name": "postlinks", "Alias": "pl", "Startup Cost": 0.29, "Total Cost": 558.72, "Plan Rows": 10186, "Plan Width": 4, "Actual Rows": 10186, "Actual Loops": 2, "Filter": "(linktypeid = 1)", "Rows Removed by Filter": 916, "Workers": []}]}]}, {"Node Type": "Hash", "Parent Relationship": "Inner", "Parallel Aware": false, "Async Capable": false, "Startup Cost": 1103.5, "Total Cost": 1103.5, "Plan Rows": 38981, "Plan Width": 4, "Actual Rows": 39369, "Actual Loops": 2, "Hash Buckets": 65536, "Original Hash Buckets": 65536, "Hash Batches": 1, "Original Hash Batches": 1, "Peak Memory Usage": 1897, "Workers": [], "Plans": [{"Node Type": "Seq Scan", "Parent Relationship": "Outer", "Parallel Aware": false, "Async Capable": false, "Relation Name": "users", "Alias": "u", "Startup Cost": 0.0, "Total Cost": 1103.5, "Plan Rows": 38981, "Plan Width": 4, "Actual Rows": 39369, "Actual Loops": 2, "Filter": "((reputation >= 1) AND (reputation <= 491) AND (downvotes >= 0) AND (downvotes <= 0))", "Rows Removed by Filter": 956, "Workers": []}]}]}, {"Node Type": "Hash", "Parent Relationship": "Inner", "Parallel Aware": true, "Async Capable": false, "Startup Cost": 8298.16, "Total Cost": 8298.16, "Plan Rows": 176059, "Plan Width": 8, "Actual Rows": 149234, "Actual Loops": 2, "Hash Buckets": 524288, "Original Hash Buckets": 524288, "Hash Batches": 1, "Original Hash Batches": 1, "Peak Memory Usage": 15808, "Workers": [], "Plans": [{"Node Type": "Hash Join", "Parent Relationship": "Outer", "Parallel Aware": false, "Async Capable": false, "Join Type": "Inner", "Startup Cost": 3364.86, "Total Cost": 8298.16, "Plan Rows": 176059, "Plan Width": 8, "Actual Rows": 149234, "Actual Loops": 2, "Inner Unique": true, "Hash Cond": "(ph.postid = p.id)", "Workers": [], "Plans": [{"Node Type": "Seq Scan", "Parent Relationship": "Outer", "Parallel Aware": true, "Async Capable": false, "Relation Name": "posthistory", "Alias": "ph", "Startup Cost": 0.0, "Total Cost": 4469.32, "Plan Rows": 176747, "Plan Width": 4, "Actual Rows": 150228, "Actual Loops": 2, "Filter": "(creationdate >= '2010-08-06 03:14:53'::timestamp without time zone)", "Rows Removed by Filter": 1366, "Workers": []}, {"Node Type": "Hash", "Parent Relationship": "Inner", "Parallel Aware": false, "Async Capable": false, "Startup Cost": 2219.64, "Total Cost": 2219.64, "Plan Rows": 91618, "Plan Width": 4, "Actual Rows": 91618, "Actual Loops": 2, "Hash Buckets": 131072, "Original Hash Buckets": 131072, "Hash Batches": 1, "Original Hash Batches": 1, "Peak Memory Usage": 4245, "Workers": [], "Plans": [{"Node Type": "Seq Scan", "Parent Relationship": "Outer", "Parallel Aware": false, "Async Capable": false, "Relation Name": "posts", "Alias": "p", "Startup Cost": 0.0, "Total Cost": 2219.64, "Plan Rows": 91618, "Plan Width": 4, "Actual Rows": 91618, "Actual Loops": 2, "Filter": "((commentcount >= 0) AND (commentcount <= 14))", "Rows Removed by Filter": 358, "Workers": []}]}]}]}]}]}]}]}, "Planning Time": 14.686, "Triggers": [], "Execution Time": 324.166}, {"Plan": {"Node Type": "Aggregate", "Strategy": "Plain", "Partial Mode": "Simple", "Parallel Aware": false, "Async Capable": false, "Startup Cost": 12836.1, "Total Cost": 12836.11, "Plan Rows": 1, "Plan Width": 8, "Actual Rows": 1, "Actual Loops": 1, "Plans": [{"Node Type": "Hash Join", "Parent Relationship": "Outer", "Parallel Aware": false, "Async Capable": false, "Join Type": "Inner", "Startup Cost": 4956.47, "Total Cost": 12646.33, "Plan Rows": 75908, "Plan Width": 0, "Actual Rows": 35205, "Actual Loops": 1, "Inner Unique": true, "Hash Cond": "(c.userid = u.id)", "Plans": [{"Node Type": "Nested Loop", "Parent Relationship": "Outer", "Parallel Aware": false, "Async Capable": false, "Join Type": "Inner", "Startup Cost": 3365.71, "Total Cost": 10845.95, "Plan Rows": 79846, "Plan Width": 4, "Actual Rows": 185637, "Actual Loops": 1, "Inner Unique": false, "Join Filter": "(pl.relatedpostid = ph.postid)", "Rows Removed by Join Filter": 0, "Plans": [{"Node Type": "Nested Loop", "Parent Relationship": "Outer", "Parallel Aware": false, "Async Capable": false, "Join Type": "Inner", "Startup Cost": 3365.28, "Total Cost": 9666.83, "Plan Rows": 19150.0, "Plan Width": 16, "Actual Rows": 28359, "Actual Loops": 1, "Inner Unique": false, "Join Filter": "(c.postid = pl.relatedpostid)", "Rows Removed by Join Filter": 0, "Plans": [{"Node Type": "Hash Join", "Parent Relationship": "Outer", "Parallel Aware": false, "Async Capable": false, "Join Type": "Inner", "Startup Cost": 3364.86, "Total Cost": 3612.38, "Plan Rows": 10146, "Plan Width": 8, "Actual Rows": 10074, "Actual Loops": 1, "Inner Unique": true, "Hash Cond": "(pl.relatedpostid = p.id)", "Plans": [{"Node Type": "Seq Scan", "Parent Relationship": "Outer", "Parallel Aware": false, "Async Capable": false, "Relation Name": "postlinks", "Alias": "pl", "Startup Cost": 0.0, "Total Cost": 220.78, "Plan Rows": 10186, "Plan Width": 4, "Actual Rows": 10186, "Actual Loops": 1, "Filter": "(linktypeid = 1)", "Rows Removed by Filter": 916}, {"Node Type": "Hash", "Parent Relationship": "Inner", "Parallel Aware": false, "Async Capable": false, "Startup Cost": 2219.64, "Total Cost": 2219.64, "Plan Rows": 91618, "Plan Width": 4, "Actual Rows": 91618, "Actual Loops": 1, "Hash Buckets": 131072, "Original Hash Buckets": 131072, "Hash Batches": 1, "Original Hash Batches": 1, "Peak Memory Usage": 4245, "Plans": [{"Node Type": "Seq Scan", "Parent Relationship": "Outer", "Parallel Aware": false, "Async Capable": false, "Relation Name": "posts", "Alias": "p", "Startup Cost": 0.0, "Total Cost": 2219.64, "Plan Rows": 91618, "Plan Width": 4, "Actual Rows": 91618, "Actual Loops": 1, "Filter": "((commentcount >= 0) AND (commentcount <= 14))", "Rows Removed by Filter": 358}]}]}, {"Node Type": "Index Scan", "Parent Relationship": "Inner", "Parallel Aware": false, "Async Capable": false, "Scan Direction": "Forward", "Index Name": "idx_comments_postid", "Relation Name": "comments", "Alias": "c", "Startup Cost": 0.42, "Total Cost": 0.56, "Plan Rows": 3, "Plan Width": 8, "Actual Rows": 3, "Actual Loops": 10074, "Index Cond": "(postid = p.id)", "Rows Removed by Index Recheck": 0, "Filter": "((creationdate >= '2010-07-11 12:25:05'::timestamp without time zone) AND (creationdate <= '2014-09-11 13:43:09'::timestamp without time zone))", "Rows Removed by Filter": 0}]}, {"Node Type": "Index Scan", "Parent Relationship": "Inner", "Parallel Aware": false, "Async Capable": false, "Scan Direction": "Forward", "Index Name": "idx_posthistory_postid", "Relation Name": "posthistory", "Alias": "ph", "Startup Cost": 0.42, "Total Cost": 0.57, "Plan Rows": 4, "Plan Width": 4, "Actual Rows": 7, "Actual Loops": 28359, "Index Cond": "(postid = c.postid)", "Rows Removed by Index Recheck": 0, "Filter": "(creationdate >= '2010-08-06 03:14:53'::timestamp without time zone)", "Rows Removed by Filter": 0}]}, {"Node Type": "Hash", "Parent Relationship": "Inner", "Parallel Aware": false, "Async Capable": false, "Startup Cost": 1103.5, "Total Cost": 1103.5, "Plan Rows": 38981, "Plan Width": 4, "Actual Rows": 39369, "Actual Loops": 1, "Hash Buckets": 65536, "Original Hash Buckets": 65536, "Hash Batches": 1, "Original Hash Batches": 1, "Peak Memory Usage": 1897, "Plans": [{"Node Type": "Seq Scan", "Parent Relationship": "Outer", "Parallel Aware": false, "Async Capable": false, "Relation Name": "users", "Alias": "u", "Startup Cost": 0.0, "Total Cost": 1103.5, "Plan Rows": 38981, "Plan Width": 4, "Actual Rows": 39369, "Actual Loops": 1, "Filter": "((reputation >= 1) AND (reputation <= 491) AND (downvotes >= 0) AND (downvotes <= 0))", "Rows Removed by Filter": 956}]}]}]}, "Planning Time": 7.747, "Triggers": [], "Execution Time": 230.719}, {"Plan": {"Node Type": "Aggregate", "Strategy": "Plain", "Partial Mode": "Finalize", "Parallel Aware": false, "Async Capable": false, "Startup Cost": 20134.69, "Total Cost": 20134.7, "Plan Rows": 1, "Plan Width": 8, "Actual Rows": 1, "Actual Loops": 1, "Plans": [{"Node Type": "Gather", "Parent Relationship": "Outer", "Parallel Aware": false, "Async Capable": false, "Startup Cost": 20134.57, "Total Cost": 20134.68, "Plan Rows": 1, "Plan Width": 8, "Actual Rows": 2, "Actual Loops": 1, "Workers Planned": 1, "Workers Launched": 1, "Single Copy": false, "Plans": [{"Node Type": "Aggregate", "Strategy": "Plain", "Partial Mode": "Partial", "Parent Relationship": "Outer", "Parallel Aware": false, "Async Capable": false, "Startup Cost": 19134.57, "Total Cost": 19134.58, "Plan Rows": 1, "Plan Width": 8, "Actual Rows": 1, "Actual Loops": 2, "Workers": [], "Plans": [{"Node Type": "Hash Join", "Parent Relationship": "Outer", "Parallel Aware": false, "Async Capable": false, "Join Type": "Inner", "Startup Cost": 12090.37, "Total Cost": 19022.94, "Plan Rows": 44652, "Plan Width": 0, "Actual Rows": 17602, "Actual Loops": 2, "Inner Unique": true, "Hash Cond": "(c.userid = u.id)", "Workers": [], "Plans": [{"Node Type": "Hash Join", "Parent Relationship": "Outer", "Parallel Aware": true, "Async Capable": false, "Join Type": "Inner", "Startup Cost": 10499.61, "Total Cost": 17308.88, "Plan Rows": 46968, "Plan Width": 4, "Actual Rows": 92818, "Actual Loops": 2, "Inner Unique": false, "Hash Cond": "(pl.relatedpostid = p.id)", "Workers": [], "Plans": [{"Node Type": "Merge Join", "Parent Relationship": "Outer", "Parallel Aware": false, "Async Capable": false, "Join Type": "Inner", "Startup Cost": 0.71, "Total Cost": 6324.75, "Plan Rows": 20099, "Plan Width": 12, "Actual Rows": 15190, "Actual Loops": 2, "Inner Unique": false, "Merge Cond": "(c.postid = pl.relatedpostid)", "Workers": [], "Plans": [{"Node Type": "Index Scan", "Parent Relationship": "Outer", "Parallel Aware": true, "Async Capable": false, "Scan Direction": "Forward", "Index Name": "idx_comments_postid", "Relation Name": "comments", "Alias": "c", "Startup Cost": 0.42, "Total Cost": 5216.17, "Plan Rows": 102094, "Plan Width": 8, "Actual Rows": 86928, "Actual Loops": 2, "Filter": "((creationdate >= '2010-07-11 12:25:05'::timestamp without time zone) AND (creationdate <= '2014-09-11 13:43:09'::timestamp without time zone))", "Rows Removed by Filter": 224, "Workers": []}, {"Node Type": "Materialize", "Parent Relationship": "Inner", "Parallel Aware": false, "Async Capable": false, "Startup Cost": 0.29, "Total Cost": 584.18, "Plan Rows": 10186, "Plan Width": 4, "Actual Rows": 21605, "Actual Loops": 2, "Workers": [], "Plans": [{"Node Type": "Index Scan", "Parent Relationship": "Outer", "Parallel Aware": false, "Async Capable": false, "Scan Direction": "Forward", "Index Name": "idx_postlinks_relatedpostid", "Relation Name": "postlinks", "Alias": "pl", "Startup Cost": 0.29, "Total Cost": 558.72, "Plan Rows": 10186, "Plan Width": 4, "Actual Rows": 10186, "Actual Loops": 2, "Filter": "(linktypeid = 1)", "Rows Removed by Filter": 916, "Workers": []}]}]}, {"Node Type": "Hash", "Parent Relationship": "Inner", "Parallel Aware": true, "Async Capable": false, "Startup Cost": 8298.16, "Total Cost": 8298.16, "Plan Rows": 176059, "Plan Width": 8, "Actual Rows": 149234, "Actual Loops": 2, "Hash Buckets": 524288, "Original Hash Buckets": 524288, "Hash Batches": 1, "Original Hash Batches": 1, "Peak Memory Usage": 15808, "Workers": [], "Plans": [{"Node Type": "Hash Join", "Parent Relationship": "Outer", "Parallel Aware": false, "Async Capable": false, "Join Type": "Inner", "Startup Cost": 3364.86, "Total Cost": 8298.16, "Plan Rows": 176059, "Plan Width": 8, "Actual Rows": 149234, "Actual Loops": 2, "Inner Unique": true, "Hash Cond": "(ph.postid = p.id)", "Workers": [], "Plans": [{"Node Type": "Seq Scan", "Parent Relationship": "Outer", "Parallel Aware": true, "Async Capable": false, "Relation Name": "posthistory", "Alias": "ph", "Startup Cost": 0.0, "Total Cost": 4469.32, "Plan Rows": 176747, "Plan Width": 4, "Actual Rows": 150228, "Actual Loops": 2, "Filter": "(creationdate >= '2010-08-06 03:14:53'::timestamp without time zone)", "Rows Removed by Filter": 1366, "Workers": []}, {"Node Type": "Hash", "Parent Relationship": "Inner", "Parallel Aware": false, "Async Capable": false, "Startup Cost": 2219.64, "Total Cost": 2219.64, "Plan Rows": 91618, "Plan Width": 4, "Actual Rows": 91618, "Actual Loops": 2, "Hash Buckets": 131072, "Original Hash Buckets": 131072, "Hash Batches": 1, "Original Hash Batches": 1, "Peak Memory Usage": 4245, "Workers": [], "Plans": [{"Node Type": "Seq Scan", "Parent Relationship": "Outer", "Parallel Aware": false, "Async Capable": false, "Relation Name": "posts", "Alias": "p", "Startup Cost": 0.0, "Total Cost": 2219.64, "Plan Rows": 91618, "Plan Width": 4, "Actual Rows": 91618, "Actual Loops": 2, "Filter": "((commentcount >= 0) AND (commentcount <= 14))", "Rows Removed by Filter": 358, "Workers": []}]}]}]}]}, {"Node Type": "Hash", "Parent Relationship": "Inner", "Parallel Aware": false, "Async Capable": false, "Startup Cost": 1103.5, "Total Cost": 1103.5, "Plan Rows": 38981, "Plan Width": 4, "Actual Rows": 39369, "Actual Loops": 2, "Hash Buckets": 65536, "Original Hash Buckets": 65536, "Hash Batches": 1, "Original Hash Batches": 1, "Peak Memory Usage": 1897, "Workers": [], "Plans": [{"Node Type": "Seq Scan", "Parent Relationship": "Outer", "Parallel Aware": false, "Async Capable": false, "Relation Name": "users", "Alias": "u", "Startup Cost": 0.0, "Total Cost": 1103.5, "Plan Rows": 38981, "Plan Width": 4, "Actual Rows": 39369, "Actual Loops": 2, "Filter": "((reputation >= 1) AND (reputation <= 491) AND (downvotes >= 0) AND (downvotes <= 0))", "Rows Removed by Filter": 956, "Workers": []}]}]}]}]}]}, "Planning Time": 13.533, "Triggers": [], "Execution Time": 341.105}, {"Plan": {"Node Type": "Aggregate", "Strategy": "Plain", "Partial Mode": "Simple", "Parallel Aware": false, "Async Capable": false, "Startup Cost": 11147.99, "Total Cost": 11148.0, "Plan Rows": 1, "Plan Width": 8, "Actual Rows": 1, "Actual Loops": 1, "Plans": [{"Node Type": "Hash Join", "Parent Relationship": "Outer", "Parallel Aware": false, "Async Capable": false, "Join Type": "Inner", "Startup Cost": 9576.51, "Total Cost": 10958.22, "Plan Rows": 75908, "Plan Width": 0, "Actual Rows": 35205, "Actual Loops": 1, "Inner Unique": false, "Hash Cond": "(pl.relatedpostid = c.postid)", "Plans": [{"Node Type": "Nested Loop", "Parent Relationship": "Outer", "Parallel Aware": false, "Async Capable": false, "Join Type": "Inner", "Startup Cost": 3365.29, "Total Cost": 4294.72, "Plan Rows": 42313, "Plan Width": 12, "Actual Rows": 61674, "Actual Loops": 1, "Inner Unique": false, "Join Filter": "(pl.relatedpostid = ph.postid)", "Rows Removed by Join Filter": 0, "Plans": [{"Node Type": "Hash Join", "Parent Relationship": "Outer", "Parallel Aware": false, "Async Capable": false, "Join Type": "Inner", "Startup Cost": 3364.86, "Total Cost": 3612.38, "Plan Rows": 10150.0, "Plan Width": 8, "Actual Rows": 10074, "Actual Loops": 1, "Inner Unique": true, "Hash Cond": "(pl.relatedpostid = p.id)", "Plans": [{"Node Type": "Seq Scan", "Parent Relationship": "Outer", "Parallel Aware": false, "Async Capable": false, "Relation Name": "postlinks", "Alias": "pl", "Startup Cost": 0.0, "Total Cost": 220.78, "Plan Rows": 10186, "Plan Width": 4, "Actual Rows": 10186, "Actual Loops": 1, "Filter": "(linktypeid = 1)", "Rows Removed by Filter": 916}, {"Node Type": "Hash", "Parent Relationship": "Inner", "Parallel Aware": false, "Async Capable": false, "Startup Cost": 2219.64, "Total Cost": 2219.64, "Plan Rows": 91618, "Plan Width": 4, "Actual Rows": 91618, "Actual Loops": 1, "Hash Buckets": 131072, "Original Hash Buckets": 131072, "Hash Batches": 1, "Original Hash Batches": 1, "Peak Memory Usage": 4245, "Plans": [{"Node Type": "Seq Scan", "Parent Relationship": "Outer", "Parallel Aware": false, "Async Capable": false, "Relation Name": "posts", "Alias": "p", "Startup Cost": 0.0, "Total Cost": 2219.64, "Plan Rows": 91618, "Plan Width": 4, "Actual Rows": 91618, "Actual Loops": 1, "Filter": "((commentcount >= 0) AND (commentcount <= 14))", "Rows Removed by Filter": 358}]}]}, {"Node Type": "Index Scan", "Parent Relationship": "Inner", "Parallel Aware": false, "Async Capable": false, "Scan Direction": "Forward", "Index Name": "idx_posthistory_postid", "Relation Name": "posthistory", "Alias": "ph", "Startup Cost": 0.42, "Total Cost": 0.62, "Plan Rows": 4, "Plan Width": 4, "Actual Rows": 6, "Actual Loops": 10074, "Index Cond": "(postid = p.id)", "Rows Removed by Index Recheck": 0, "Filter": "(creationdate >= '2010-08-06 03:14:53'::timestamp without time zone)", "Rows Removed by Filter": 0}]}, {"Node Type": "Hash", "Parent Relationship": "Inner", "Parallel Aware": false, "Async Capable": false, "Startup Cost": 6004.97, "Total Cost": 6004.97, "Plan Rows": 165000.0, "Plan Width": 4, "Actual Rows": 52606, "Actual Loops": 1, "Hash Buckets": 65536, "Original Hash Buckets": 32768, "Hash Batches": 1, "Original Hash Batches": 1, "Peak Memory Usage": 2362, "Plans": [{"Node Type": "Hash Join", "Parent Relationship": "Outer", "Parallel Aware": false, "Async Capable": false, "Join Type": "Inner", "Startup Cost": 1590.76, "Total Cost": 6004.97, "Plan Rows": 165000.0, "Plan Width": 4, "Actual Rows": 52606, "Actual Loops": 1, "Inner Unique": true, "Hash Cond": "(c.userid = u.id)", "Plans": [{"Node Type": "Seq Scan", "Parent Relationship": "Outer", "Parallel Aware": false, "Async Capable": false, "Relation Name": "comments", "Alias": "c", "Startup Cost": 0.0, "Total Cost": 3958.57, "Plan Rows": 173559, "Plan Width": 8, "Actual Rows": 173857, "Actual Loops": 1, "Filter": "((creationdate >= '2010-07-11 12:25:05'::timestamp without time zone) AND (creationdate <= '2014-09-11 13:43:09'::timestamp without time zone))", "Rows Removed by Filter": 448}, {"Node Type": "Hash", "Parent Relationship": "Inner", "Parallel Aware": false, "Async Capable": false, "Startup Cost": 1103.5, "Total Cost": 1103.5, "Plan Rows": 38981, "Plan Width": 4, "Actual Rows": 39369, "Actual Loops": 1, "Hash Buckets": 65536, "Original Hash Buckets": 65536, "Hash Batches": 1, "Original Hash Batches": 1, "Peak Memory Usage": 1897, "Plans": [{"Node Type": "Seq Scan", "Parent Relationship": "Outer", "Parallel Aware": false, "Async Capable": false, "Relation Name": "users", "Alias": "u", "Startup Cost": 0.0, "Total Cost": 1103.5, "Plan Rows": 38981, "Plan Width": 4, "Actual Rows": 39369, "Actual Loops": 1, "Filter": "((reputation >= 1) AND (reputation <= 491) AND (downvotes >= 0) AND (downvotes <= 0))", "Rows Removed by Filter": 956}]}]}]}]}]}, "Planning Time": 7.999, "Triggers": [], "Execution Time": 254.251}, {"Plan": {"Node Type": "Aggregate", "Strategy": "Plain", "Partial Mode": "Simple", "Parallel Aware": false, "Async Capable": false, "Startup Cost": 9968.94, "Total Cost": 9968.95, "Plan Rows": 1, "Plan Width": 8, "Actual Rows": 1, "Actual Loops": 1, "Plans": [{"Node Type": "Hash Join", "Parent Relationship": "Outer", "Parallel Aware": false, "Async Capable": false, "Join Type": "Inner", "Startup Cost": 9291.68, "Total Cost": 9779.17, "Plan Rows": 75908, "Plan Width": 0, "Actual Rows": 35205, "Actual Loops": 1, "Inner Unique": false, "Hash Cond": "(pl.relatedpostid = c.postid)", "Plans": [{"Node Type": "Nested Loop", "Parent Relationship": "Outer", "Parallel Aware": false, "Async Capable": false, "Join Type": "Inner", "Startup Cost": 3365.29, "Total Cost": 3680.61, "Plan Rows": 42313, "Plan Width": 12, "Actual Rows": 61674, "Actual Loops": 1, "Inner Unique": false, "Join Filter": "(pl.relatedpostid = ph.postid)", "Rows Removed by Join Filter": 0, "Plans": [{"Node Type": "Hash Join", "Parent Relationship": "Outer", "Parallel Aware": false, "Async Capable": false, "Join Type": "Inner", "Startup Cost": 3364.86, "Total Cost": 3612.38, "Plan Rows": 10100.0, "Plan Width": 8, "Actual Rows": 10074, "Actual Loops": 1, "Inner Unique": true, "Hash Cond": "(pl.relatedpostid = p.id)", "Plans": [{"Node Type": "Seq Scan", "Parent Relationship": "Outer", "Parallel Aware": false, "Async Capable": false, "Relation Name": "postlinks", "Alias": "pl", "Startup Cost": 0.0, "Total Cost": 220.78, "Plan Rows": 10186, "Plan Width": 4, "Actual Rows": 10186, "Actual Loops": 1, "Filter": "(linktypeid = 1)", "Rows Removed by Filter": 916}, {"Node Type": "Hash", "Parent Relationship": "Inner", "Parallel Aware": false, "Async Capable": false, "Startup Cost": 2219.64, "Total Cost": 2219.64, "Plan Rows": 91618, "Plan Width": 4, "Actual Rows": 91618, "Actual Loops": 1, "Hash Buckets": 131072, "Original Hash Buckets": 131072, "Hash Batches": 1, "Original Hash Batches": 1, "Peak Memory Usage": 4245, "Plans": [{"Node Type": "Seq Scan", "Parent Relationship": "Outer", "Parallel Aware": false, "Async Capable": false, "Relation Name": "posts", "Alias": "p", "Startup Cost": 0.0, "Total Cost": 2219.64, "Plan Rows": 91618, "Plan Width": 4, "Actual Rows": 91618, "Actual Loops": 1, "Filter": "((commentcount >= 0) AND (commentcount <= 14))", "Rows Removed by Filter": 358}]}]}, {"Node Type": "Index Scan", "Parent Relationship": "Inner", "Parallel Aware": false, "Async Capable": false, "Scan Direction": "Forward", "Index Name": "idx_posthistory_postid", "Relation Name": "posthistory", "Alias": "ph", "Startup Cost": 0.42, "Total Cost": 0.62, "Plan Rows": 4, "Plan Width": 4, "Actual Rows": 6, "Actual Loops": 10074, "Index Cond": "(postid = p.id)", "Rows Removed by Index Recheck": 0, "Filter": "(creationdate >= '2010-08-06 03:14:53'::timestamp without time zone)", "Rows Removed by Filter": 0}]}, {"Node Type": "Hash", "Parent Relationship": "Inner", "Parallel Aware": false, "Async Capable": false, "Startup Cost": 5905.77, "Total Cost": 5905.77, "Plan Rows": 165000.0, "Plan Width": 4, "Actual Rows": 52606, "Actual Loops": 1, "Hash Buckets": 65536, "Original Hash Buckets": 2048, "Hash Batches": 1, "Original Hash Batches": 1, "Peak Memory Usage": 2362, "Plans": [{"Node Type": "Gather", "Parent Relationship": "Outer", "Parallel Aware": false, "Async Capable": false, "Startup Cost": 2590.76, "Total Cost": 5905.77, "Plan Rows": 165000.0, "Plan Width": 4, "Actual Rows": 52606, "Actual Loops": 1, "Workers Planned": 1, "Workers Launched": 1, "Single Copy": false, "Plans": [{"Node Type": "Hash Join", "Parent Relationship": "Outer", "Parallel Aware": false, "Async Capable": false, "Join Type": "Inner", "Startup Cost": 1590.76, "Total Cost": 4740.77, "Plan Rows": 97100.0, "Plan Width": 4, "Actual Rows": 26303, "Actual Loops": 2, "Inner Unique": true, "Hash Cond": "(c.userid = u.id)", "Workers": [], "Plans": [{"Node Type": "Seq Scan", "Parent Relationship": "Outer", "Parallel Aware": true, "Async Capable": false, "Relation Name": "comments", "Alias": "c", "Startup Cost": 0.0, "Total Cost": 2881.99, "Plan Rows": 102094, "Plan Width": 8, "Actual Rows": 86928, "Actual Loops": 2, "Filter": "((creationdate >= '2010-07-11 12:25:05'::timestamp without time zone) AND (creationdate <= '2014-09-11 13:43:09'::timestamp without time zone))", "Rows Removed by Filter": 224, "Workers": []}, {"Node Type": "Hash", "Parent Relationship": "Inner", "Parallel Aware": false, "Async Capable": false, "Startup Cost": 1103.5, "Total Cost": 1103.5, "Plan Rows": 38981, "Plan Width": 4, "Actual Rows": 39369, "Actual Loops": 2, "Hash Buckets": 65536, "Original Hash Buckets": 65536, "Hash Batches": 1, "Original Hash Batches": 1, "Peak Memory Usage": 1897, "Workers": [], "Plans": [{"Node Type": "Seq Scan", "Parent Relationship": "Outer", "Parallel Aware": false, "Async Capable": false, "Relation Name": "users", "Alias": "u", "Startup Cost": 0.0, "Total Cost": 1103.5, "Plan Rows": 38981, "Plan Width": 4, "Actual Rows": 39369, "Actual Loops": 2, "Filter": "((reputation >= 1) AND (reputation <= 491) AND (downvotes >= 0) AND (downvotes <= 0))", "Rows Removed by Filter": 956, "Workers": []}]}]}]}]}]}]}, "Planning Time": 8.017, "Triggers": [], "Execution Time": 211.433}]