[{"Plan": {"Node Type": "Aggregate", "Strategy": "Plain", "Partial Mode": "Finalize", "Parallel Aware": false, "Async Capable": false, "Startup Cost": 59109.55, "Total Cost": 59109.56, "Plan Rows": 1, "Plan Width": 8, "Actual Rows": 1, "Actual Loops": 1, "Plans": [{"Node Type": "Gather", "Parent Relationship": "Outer", "Parallel Aware": false, "Async Capable": false, "Startup Cost": 59109.44, "Total Cost": 59109.55, "Plan Rows": 1, "Plan Width": 8, "Actual Rows": 2, "Actual Loops": 1, "Workers Planned": 1, "Workers Launched": 1, "Single Copy": false, "Plans": [{"Node Type": "Aggregate", "Strategy": "Plain", "Partial Mode": "Partial", "Parent Relationship": "Outer", "Parallel Aware": false, "Async Capable": false, "Startup Cost": 58109.44, "Total Cost": 58109.45, "Plan Rows": 1, "Plan Width": 8, "Actual Rows": 1, "Actual Loops": 2, "Workers": [], "Plans": [{"Node Type": "Nested Loop", "Parent Relationship": "Outer", "Parallel Aware": false, "Async Capable": false, "Join Type": "Inner", "Startup Cost": 0.43, "Total Cost": 15740.58, "Plan Rows": 16947546, "Plan Width": 0, "Actual Rows": 729038, "Actual Loops": 2, "Inner Unique": false, "Workers": [], "Plans": [{"Node Type": "Seq Scan", "Parent Relationship": "Outer", "Parallel Aware": true, "Async Capable": false, "Relation Name": "comments", "Alias": "c", "Startup Cost": 0.0, "Total Cost": 2625.65, "Plan Rows": 79345, "Plan Width": 4, "Actual Rows": 67444, "Actual Loops": 2, "Filter": "(score = 0)", "Rows Removed by Filter": 19709, "Workers": []}, {"Node Type": "Memoize", "Parent Relationship": "Inner", "Parallel Aware": false, "Async Capable": false, "Startup Cost": 0.43, "Total Cost": 0.79, "Plan Rows": 2, "Plan Width": 4, "Actual Rows": 11, "Actual Loops": 134887, "Cache Key": "c.userid", "Cache Mode": "logical", "Cache Hits": 54952, "Cache Misses": 8848, "Cache Evictions": 0, "Cache Overflows": 0, "Peak Memory Usage": 1599, "Workers": [{"Worker Number": 0, "Cache Hits": 61583, "Cache Misses": 9504, "Cache Evictions": 0, "Cache Overflows": 0, "Peak Memory Usage": 1676}], "Plans": [{"Node Type": "Index Scan", "Parent Relationship": "Outer", "Parallel Aware": false, "Async Capable": false, "Scan Direction": "Forward", "Index Name": "idx_posthistory_userid", "Relation Name": "posthistory", "Alias": "ph", "Startup Cost": 0.42, "Total Cost": 0.78, "Plan Rows": 2, "Plan Width": 4, "Actual Rows": 3, "Actual Loops": 18352, "Index Cond": "(userid = c.userid)", "Rows Removed by Index Recheck": 0, "Filter": "(posthistorytypeid = 1)", "Rows Removed by Filter": 22, "Workers": []}]}]}]}]}]}, "Planning Time": 2.398, "Triggers": [], "Execution Time": 299.18}]