[{"Plan": {"Node Type": "Aggregate", "Strategy": "Plain", "Partial Mode": "Finalize", "Parallel Aware": false, "Async Capable": false, "Startup Cost": 32661.49, "Total Cost": 32661.5, "Plan Rows": 1, "Plan Width": 8, "Actual Rows": 1, "Actual Loops": 1, "Plans": [{"Node Type": "Gather", "Parent Relationship": "Outer", "Parallel Aware": false, "Async Capable": false, "Startup Cost": 32661.38, "Total Cost": 32661.49, "Plan Rows": 1, "Plan Width": 8, "Actual Rows": 2, "Actual Loops": 1, "Workers Planned": 1, "Workers Launched": 1, "Single Copy": false, "Plans": [{"Node Type": "Aggregate", "Strategy": "Plain", "Partial Mode": "Partial", "Parent Relationship": "Outer", "Parallel Aware": false, "Async Capable": false, "Startup Cost": 31661.38, "Total Cost": 31661.39, "Plan Rows": 1, "Plan Width": 8, "Actual Rows": 1, "Actual Loops": 2, "Workers": [], "Plans": [{"Node Type": "Hash Join", "Parent Relationship": "Outer", "Parallel Aware": true, "Async Capable": false, "Join Type": "Inner", "Startup Cost": 17025.71, "Total Cost": 29151.12, "Plan Rows": 1004103, "Plan Width": 0, "Actual Rows": 1008119, "Actual Loops": 2, "Inner Unique": false, "Hash Cond": "(ph.postid = p.id)", "Workers": [], "Plans": [{"Node Type": "Seq Scan", "Parent Relationship": "Outer", "Parallel Aware": true, "Async Capable": false, "Relation Name": "posthistory", "Alias": "ph", "Startup Cost": 0.0, "Total Cost": 4469.32, "Plan Rows": 176605, "Plan Width": 4, "Actual Rows": 150144, "Actual Loops": 2, "Filter": "(creationdate <= '2014-09-05 06:39:25'::timestamp without time zone)", "Rows Removed by Filter": 1450, "Workers": []}, {"Node Type": "Hash", "Parent Relationship": "Inner", "Parallel Aware": true, "Async Capable": false, "Startup Cost": 12903.86, "Total Cost": 12903.86, "Plan Rows": 329748, "Plan Width": 12, "Actual Rows": 228064, "Actual Loops": 2, "Hash Buckets": 1048576, "Original Hash Buckets": 1048576, "Hash Batches": 1, "Original Hash Batches": 1, "Peak Memory Usage": 29632, "Workers": [], "Plans": [{"Node Type": "Hash Join", "Parent Relationship": "Outer", "Parallel Aware": true, "Async Capable": false, "Join Type": "Inner", "Startup Cost": 6438.5, "Total Cost": 12903.86, "Plan Rows": 329748, "Plan Width": 12, "Actual Rows": 228064, "Actual Loops": 2, "Inner Unique": false, "Hash Cond": "(v.postid = p.id)", "Workers": [], "Plans": [{"Node Type": "Seq Scan", "Parent Relationship": "Outer", "Parallel Aware": true, "Async Capable": false, "Relation Name": "votes", "Alias": "v", "Startup Cost": 0.0, "Total Cost": 4572.24, "Plan Rows": 154215, "Plan Width": 4, "Actual Rows": 131058, "Actual Loops": 2, "Filter": "(votetypeid = 2)", "Rows Removed by Filter": 32974, "Workers": []}, {"Node Type": "Hash", "Parent Relationship": "Inner", "Parallel Aware": true, "Async Capable": false, "Startup Cost": 5458.29, "Total Cost": 5458.29, "Plan Rows": 78417, "Plan Width": 8, "Actual Rows": 66698, "Actual Loops": 2, "Hash Buckets": 262144, "Original Hash Buckets": 262144, "Hash Batches": 1, "Original Hash Batches": 1, "Peak Memory Usage": 7296, "Workers": [], "Plans": [{"Node Type": "Hash Join", "Parent Relationship": "Outer", "Parallel Aware": true, "Async Capable": false, "Join Type": "Inner", "Startup Cost": 2370.45, "Total Cost": 5458.29, "Plan Rows": 78417, "Plan Width": 8, "Actual Rows": 66698, "Actual Loops": 2, "Inner Unique": true, "Hash Cond": "(c.postid = p.id)", "Workers": [], "Plans": [{"Node Type": "Seq Scan", "Parent Relationship": "Outer", "Parallel Aware": true, "Async Capable": false, "Relation Name": "comments", "Alias": "c", "Startup Cost": 0.0, "Total Cost": 2881.99, "Plan Rows": 78417, "Plan Width": 4, "Actual Rows": 66698, "Actual Loops": 2, "Filter": "((creationdate >= '2010-08-26 06:55:11'::timestamp without time zone) AND (score = 0))", "Rows Removed by Filter": 20454, "Workers": []}, {"Node Type": "Hash", "Parent Relationship": "Inner", "Parallel Aware": true, "Async Capable": false, "Startup Cost": 1891.41, "Total Cost": 1891.41, "Plan Rows": 38323, "Plan Width": 4, "Actual Rows": 45988, "Actual Loops": 2, "Hash Buckets": 131072, "Original Hash Buckets": 131072, "Hash Batches": 1, "Original Hash Batches": 1, "Peak Memory Usage": 4640, "Workers": [], "Plans": [{"Node Type": "Index Only Scan", "Parent Relationship": "Outer", "Parallel Aware": true, "Async Capable": false, "Scan Direction": "Forward", "Index Name": "posts_pkey", "Relation Name": "posts", "Alias": "p", "Startup Cost": 0.29, "Total Cost": 1891.41, "Plan Rows": 38323, "Plan Width": 4, "Actual Rows": 45988, "Actual Loops": 2, "Heap Fetches": 0, "Workers": []}]}]}]}]}]}]}]}]}]}, "Planning Time": 3.983, "Triggers": [], "Execution Time": 657.076}, {"Plan": {"Node Type": "Aggregate", "Strategy": "Plain", "Partial Mode": "Finalize", "Parallel Aware": false, "Async Capable": false, "Startup Cost": 30402.26, "Total Cost": 30402.27, "Plan Rows": 1, "Plan Width": 8, "Actual Rows": 1, "Actual Loops": 1, "Plans": [{"Node Type": "Gather", "Parent Relationship": "Outer", "Parallel Aware": false, "Async Capable": false, "Startup Cost": 30402.14, "Total Cost": 30402.25, "Plan Rows": 10.0, "Plan Width": 8, "Actual Rows": 2, "Actual Loops": 1, "Workers Planned": 1, "Workers Launched": 1, "Single Copy": false, "Plans": [{"Node Type": "Aggregate", "Strategy": "Plain", "Partial Mode": "Partial", "Parent Relationship": "Outer", "Parallel Aware": false, "Async Capable": false, "Startup Cost": 29402.14, "Total Cost": 29402.15, "Plan Rows": 1, "Plan Width": 8, "Actual Rows": 1, "Actual Loops": 2, "Workers": [], "Plans": [{"Node Type": "Hash Join", "Parent Relationship": "Outer", "Parallel Aware": true, "Async Capable": false, "Join Type": "Inner", "Startup Cost": 17025.71, "Total Cost": 29151.12, "Plan Rows": 1004100.0, "Plan Width": 0, "Actual Rows": 1008119, "Actual Loops": 2, "Inner Unique": false, "Hash Cond": "(ph.postid = p.id)", "Workers": [], "Plans": [{"Node Type": "Seq Scan", "Parent Relationship": "Outer", "Parallel Aware": true, "Async Capable": false, "Relation Name": "posthistory", "Alias": "ph", "Startup Cost": 0.0, "Total Cost": 4469.32, "Plan Rows": 176605, "Plan Width": 4, "Actual Rows": 150144, "Actual Loops": 2, "Filter": "(creationdate <= '2014-09-05 06:39:25'::timestamp without time zone)", "Rows Removed by Filter": 1450, "Workers": []}, {"Node Type": "Hash", "Parent Relationship": "Inner", "Parallel Aware": true, "Async Capable": false, "Startup Cost": 12903.86, "Total Cost": 12903.86, "Plan Rows": 329748, "Plan Width": 12, "Actual Rows": 228064, "Actual Loops": 2, "Hash Buckets": 1048576, "Original Hash Buckets": 1048576, "Hash Batches": 1, "Original Hash Batches": 1, "Peak Memory Usage": 29632, "Workers": [], "Plans": [{"Node Type": "Hash Join", "Parent Relationship": "Outer", "Parallel Aware": true, "Async Capable": false, "Join Type": "Inner", "Startup Cost": 6438.5, "Total Cost": 12903.86, "Plan Rows": 329748, "Plan Width": 12, "Actual Rows": 228064, "Actual Loops": 2, "Inner Unique": false, "Hash Cond": "(v.postid = p.id)", "Workers": [], "Plans": [{"Node Type": "Seq Scan", "Parent Relationship": "Outer", "Parallel Aware": true, "Async Capable": false, "Relation Name": "votes", "Alias": "v", "Startup Cost": 0.0, "Total Cost": 4572.24, "Plan Rows": 154215, "Plan Width": 4, "Actual Rows": 131058, "Actual Loops": 2, "Filter": "(votetypeid = 2)", "Rows Removed by Filter": 32974, "Workers": []}, {"Node Type": "Hash", "Parent Relationship": "Inner", "Parallel Aware": true, "Async Capable": false, "Startup Cost": 5458.29, "Total Cost": 5458.29, "Plan Rows": 78417, "Plan Width": 8, "Actual Rows": 66698, "Actual Loops": 2, "Hash Buckets": 262144, "Original Hash Buckets": 262144, "Hash Batches": 1, "Original Hash Batches": 1, "Peak Memory Usage": 7296, "Workers": [], "Plans": [{"Node Type": "Hash Join", "Parent Relationship": "Outer", "Parallel Aware": true, "Async Capable": false, "Join Type": "Inner", "Startup Cost": 2370.45, "Total Cost": 5458.29, "Plan Rows": 78417, "Plan Width": 8, "Actual Rows": 66698, "Actual Loops": 2, "Inner Unique": true, "Hash Cond": "(c.postid = p.id)", "Workers": [], "Plans": [{"Node Type": "Seq Scan", "Parent Relationship": "Outer", "Parallel Aware": true, "Async Capable": false, "Relation Name": "comments", "Alias": "c", "Startup Cost": 0.0, "Total Cost": 2881.99, "Plan Rows": 78417, "Plan Width": 4, "Actual Rows": 66698, "Actual Loops": 2, "Filter": "((creationdate >= '2010-08-26 06:55:11'::timestamp without time zone) AND (score = 0))", "Rows Removed by Filter": 20454, "Workers": []}, {"Node Type": "Hash", "Parent Relationship": "Inner", "Parallel Aware": true, "Async Capable": false, "Startup Cost": 1891.41, "Total Cost": 1891.41, "Plan Rows": 38323, "Plan Width": 4, "Actual Rows": 45988, "Actual Loops": 2, "Hash Buckets": 131072, "Original Hash Buckets": 131072, "Hash Batches": 1, "Original Hash Batches": 1, "Peak Memory Usage": 4672, "Workers": [], "Plans": [{"Node Type": "Index Only Scan", "Parent Relationship": "Outer", "Parallel Aware": true, "Async Capable": false, "Scan Direction": "Forward", "Index Name": "posts_pkey", "Relation Name": "posts", "Alias": "p", "Startup Cost": 0.29, "Total Cost": 1891.41, "Plan Rows": 38323, "Plan Width": 4, "Actual Rows": 45988, "Actual Loops": 2, "Heap Fetches": 0, "Workers": []}]}]}]}]}]}]}]}]}]}, "Planning Time": 6.97, "Triggers": [], "Execution Time": 649.732}, {"Plan": {"Node Type": "Aggregate", "Strategy": "Plain", "Partial Mode": "Finalize", "Parallel Aware": false, "Async Capable": false, "Startup Cost": 33233.1, "Total Cost": 33233.11, "Plan Rows": 1, "Plan Width": 8, "Actual Rows": 1, "Actual Loops": 1, "Plans": [{"Node Type": "Gather", "Parent Relationship": "Outer", "Parallel Aware": false, "Async Capable": false, "Startup Cost": 33232.99, "Total Cost": 33233.1, "Plan Rows": 1, "Plan Width": 8, "Actual Rows": 2, "Actual Loops": 1, "Workers Planned": 1, "Workers Launched": 1, "Single Copy": false, "Plans": [{"Node Type": "Aggregate", "Strategy": "Plain", "Partial Mode": "Partial", "Parent Relationship": "Outer", "Parallel Aware": false, "Async Capable": false, "Startup Cost": 32232.99, "Total Cost": 32233.0, "Plan Rows": 1, "Plan Width": 8, "Actual Rows": 1, "Actual Loops": 2, "Workers": [], "Plans": [{"Node Type": "Hash Join", "Parent Relationship": "Outer", "Parallel Aware": true, "Async Capable": false, "Join Type": "Inner", "Startup Cost": 15952.09, "Total Cost": 29722.73, "Plan Rows": 1004103, "Plan Width": 0, "Actual Rows": 1008119, "Actual Loops": 2, "Inner Unique": false, "Hash Cond": "(ph.postid = p.id)", "Workers": [], "Plans": [{"Node Type": "Hash Join", "Parent Relationship": "Outer", "Parallel Aware": true, "Async Capable": false, "Join Type": "Inner", "Startup Cost": 6676.88, "Total Cost": 13958.93, "Plan Rows": 298095, "Plan Width": 8, "Actual Rows": 260228, "Actual Loops": 2, "Inner Unique": false, "Hash Cond": "(c.postid = ph.postid)", "Workers": [], "Plans": [{"Node Type": "Seq Scan", "Parent Relationship": "Outer", "Parallel Aware": true, "Async Capable": false, "Relation Name": "comments", "Alias": "c", "Startup Cost": 0.0, "Total Cost": 2881.99, "Plan Rows": 78417, "Plan Width": 4, "Actual Rows": 66698, "Actual Loops": 2, "Filter": "((creationdate >= '2010-08-26 06:55:11'::timestamp without time zone) AND (score = 0))", "Rows Removed by Filter": 20454, "Workers": []}, {"Node Type": "Hash", "Parent Relationship": "Inner", "Parallel Aware": true, "Async Capable": false, "Startup Cost": 4469.32, "Total Cost": 4469.32, "Plan Rows": 176605, "Plan Width": 4, "Actual Rows": 150144, "Actual Loops": 2, "Hash Buckets": 524288, "Original Hash Buckets": 524288, "Hash Batches": 1, "Original Hash Batches": 1, "Peak Memory Usage": 15872, "Workers": [], "Plans": [{"Node Type": "Seq Scan", "Parent Relationship": "Outer", "Parallel Aware": true, "Async Capable": false, "Relation Name": "posthistory", "Alias": "ph", "Startup Cost": 0.0, "Total Cost": 4469.32, "Plan Rows": 176605, "Plan Width": 4, "Actual Rows": 150144, "Actual Loops": 2, "Filter": "(creationdate <= '2014-09-05 06:39:25'::timestamp without time zone)", "Rows Removed by Filter": 1450, "Workers": []}]}]}, {"Node Type": "Hash", "Parent Relationship": "Inner", "Parallel Aware": true, "Async Capable": false, "Startup Cost": 7347.52, "Total Cost": 7347.52, "Plan Rows": 154215, "Plan Width": 8, "Actual Rows": 131058, "Actual Loops": 2, "Hash Buckets": 524288, "Original Hash Buckets": 524288, "Hash Batches": 1, "Original Hash Batches": 1, "Peak Memory Usage": 14400, "Workers": [], "Plans": [{"Node Type": "Hash Join", "Parent Relationship": "Outer", "Parallel Aware": true, "Async Capable": false, "Join Type": "Inner", "Startup Cost": 2370.45, "Total Cost": 7347.52, "Plan Rows": 154215, "Plan Width": 8, "Actual Rows": 131058, "Actual Loops": 2, "Inner Unique": true, "Hash Cond": "(v.postid = p.id)", "Workers": [], "Plans": [{"Node Type": "Seq Scan", "Parent Relationship": "Outer", "Parallel Aware": true, "Async Capable": false, "Relation Name": "votes", "Alias": "v", "Startup Cost": 0.0, "Total Cost": 4572.24, "Plan Rows": 154215, "Plan Width": 4, "Actual Rows": 131058, "Actual Loops": 2, "Filter": "(votetypeid = 2)", "Rows Removed by Filter": 32974, "Workers": []}, {"Node Type": "Hash", "Parent Relationship": "Inner", "Parallel Aware": true, "Async Capable": false, "Startup Cost": 1891.41, "Total Cost": 1891.41, "Plan Rows": 38323, "Plan Width": 4, "Actual Rows": 45988, "Actual Loops": 2, "Hash Buckets": 131072, "Original Hash Buckets": 131072, "Hash Batches": 1, "Original Hash Batches": 1, "Peak Memory Usage": 4672, "Workers": [], "Plans": [{"Node Type": "Index Only Scan", "Parent Relationship": "Outer", "Parallel Aware": true, "Async Capable": false, "Scan Direction": "Forward", "Index Name": "posts_pkey", "Relation Name": "posts", "Alias": "p", "Startup Cost": 0.29, "Total Cost": 1891.41, "Plan Rows": 38323, "Plan Width": 4, "Actual Rows": 45988, "Actual Loops": 2, "Heap Fetches": 0, "Workers": []}]}]}]}]}]}]}]}, "Planning Time": 11.655, "Triggers": [], "Execution Time": 653.981}, {"Plan": {"Node Type": "Aggregate", "Strategy": "Plain", "Partial Mode": "Finalize", "Parallel Aware": false, "Async Capable": false, "Startup Cost": 18368.26, "Total Cost": 18368.27, "Plan Rows": 1, "Plan Width": 8, "Actual Rows": 1, "Actual Loops": 1, "Plans": [{"Node Type": "Gather", "Parent Relationship": "Outer", "Parallel Aware": false, "Async Capable": false, "Startup Cost": 18368.15, "Total Cost": 18368.26, "Plan Rows": 1, "Plan Width": 8, "Actual Rows": 2, "Actual Loops": 1, "Workers Planned": 1, "Workers Launched": 1, "Single Copy": false, "Plans": [{"Node Type": "Aggregate", "Strategy": "Plain", "Partial Mode": "Partial", "Parent Relationship": "Outer", "Parallel Aware": false, "Async Capable": false, "Startup Cost": 17368.15, "Total Cost": 17368.16, "Plan Rows": 1, "Plan Width": 8, "Actual Rows": 1, "Actual Loops": 2, "Workers": [], "Plans": [{"Node Type": "Nested Loop", "Parent Relationship": "Outer", "Parallel Aware": false, "Async Capable": false, "Join Type": "Inner", "Startup Cost": 6438.93, "Total Cost": 14857.89, "Plan Rows": 1004103, "Plan Width": 0, "Actual Rows": 1008119, "Actual Loops": 2, "Inner Unique": false, "Workers": [], "Plans": [{"Node Type": "Hash Join", "Parent Relationship": "Outer", "Parallel Aware": true, "Async Capable": false, "Join Type": "Inner", "Startup Cost": 6438.5, "Total Cost": 13075.79, "Plan Rows": 298100.0, "Plan Width": 12, "Actual Rows": 260228, "Actual Loops": 2, "Inner Unique": false, "Hash Cond": "(ph.postid = p.id)", "Workers": [], "Plans": [{"Node Type": "Seq Scan", "Parent Relationship": "Outer", "Parallel Aware": true, "Async Capable": false, "Relation Name": "posthistory", "Alias": "ph", "Startup Cost": 0.0, "Total Cost": 4469.32, "Plan Rows": 176605, "Plan Width": 4, "Actual Rows": 150144, "Actual Loops": 2, "Filter": "(creationdate <= '2014-09-05 06:39:25'::timestamp without time zone)", "Rows Removed by Filter": 1450, "Workers": []}, {"Node Type": "Hash", "Parent Relationship": "Inner", "Parallel Aware": true, "Async Capable": false, "Startup Cost": 5458.29, "Total Cost": 5458.29, "Plan Rows": 78417, "Plan Width": 8, "Actual Rows": 66698, "Actual Loops": 2, "Hash Buckets": 262144, "Original Hash Buckets": 262144, "Hash Batches": 1, "Original Hash Batches": 1, "Peak Memory Usage": 7296, "Workers": [], "Plans": [{"Node Type": "Hash Join", "Parent Relationship": "Outer", "Parallel Aware": true, "Async Capable": false, "Join Type": "Inner", "Startup Cost": 2370.45, "Total Cost": 5458.29, "Plan Rows": 78417, "Plan Width": 8, "Actual Rows": 66698, "Actual Loops": 2, "Inner Unique": true, "Hash Cond": "(c.postid = p.id)", "Workers": [], "Plans": [{"Node Type": "Seq Scan", "Parent Relationship": "Outer", "Parallel Aware": true, "Async Capable": false, "Relation Name": "comments", "Alias": "c", "Startup Cost": 0.0, "Total Cost": 2881.99, "Plan Rows": 78417, "Plan Width": 4, "Actual Rows": 66698, "Actual Loops": 2, "Filter": "((creationdate >= '2010-08-26 06:55:11'::timestamp without time zone) AND (score = 0))", "Rows Removed by Filter": 20454, "Workers": []}, {"Node Type": "Hash", "Parent Relationship": "Inner", "Parallel Aware": true, "Async Capable": false, "Startup Cost": 1891.41, "Total Cost": 1891.41, "Plan Rows": 38323, "Plan Width": 4, "Actual Rows": 45988, "Actual Loops": 2, "Hash Buckets": 131072, "Original Hash Buckets": 131072, "Hash Batches": 1, "Original Hash Batches": 1, "Peak Memory Usage": 4640, "Workers": [], "Plans": [{"Node Type": "Index Only Scan", "Parent Relationship": "Outer", "Parallel Aware": true, "Async Capable": false, "Scan Direction": "Forward", "Index Name": "posts_pkey", "Relation Name": "posts", "Alias": "p", "Startup Cost": 0.29, "Total Cost": 1891.41, "Plan Rows": 38323, "Plan Width": 4, "Actual Rows": 45988, "Actual Loops": 2, "Heap Fetches": 0, "Workers": []}]}]}]}]}, {"Node Type": "Index Scan", "Parent Relationship": "Inner", "Parallel Aware": false, "Async Capable": false, "Scan Direction": "Forward", "Index Name": "idx_votes_postid", "Relation Name": "votes", "Alias": "v", "Startup Cost": 0.42, "Total Cost": 0.56, "Plan Rows": 4, "Plan Width": 4, "Actual Rows": 4, "Actual Loops": 520457, "Index Cond": "(postid = ph.postid)", "Rows Removed by Index Recheck": 0, "Filter": "(votetypeid = 2)", "Rows Removed by Filter": 1, "Workers": []}]}]}]}]}, "Planning Time": 12.112, "Triggers": [], "Execution Time": 1218.367}, {"Plan": {"Node Type": "Aggregate", "Strategy": "Plain", "Partial Mode": "Finalize", "Parallel Aware": false, "Async Capable": false, "Startup Cost": 120779.97, "Total Cost": 120779.98, "Plan Rows": 1, "Plan Width": 8, "Actual Rows": 1, "Actual Loops": 1, "Plans": [{"Node Type": "Gather", "Parent Relationship": "Outer", "Parallel Aware": false, "Async Capable": false, "Startup Cost": 120779.86, "Total Cost": 120779.97, "Plan Rows": 1, "Plan Width": 8, "Actual Rows": 2, "Actual Loops": 1, "Workers Planned": 1, "Workers Launched": 1, "Single Copy": false, "Plans": [{"Node Type": "Aggregate", "Strategy": "Plain", "Partial Mode": "Partial", "Parent Relationship": "Outer", "Parallel Aware": false, "Async Capable": false, "Startup Cost": 119779.86, "Total Cost": 119779.87, "Plan Rows": 1, "Plan Width": 8, "Actual Rows": 1, "Actual Loops": 2, "Workers": [], "Plans": [{"Node Type": "Hash Join", "Parent Relationship": "Outer", "Parallel Aware": true, "Async Capable": false, "Join Type": "Inner", "Startup Cost": 98309.03, "Total Cost": 117269.6, "Plan Rows": 1004103, "Plan Width": 0, "Actual Rows": 1008119, "Actual Loops": 2, "Inner Unique": false, "Hash Cond": "(v.postid = ph.postid)", "Workers": [], "Plans": [{"Node Type": "Seq Scan", "Parent Relationship": "Outer", "Parallel Aware": true, "Async Capable": false, "Relation Name": "votes", "Alias": "v", "Startup Cost": 0.0, "Total Cost": 4572.24, "Plan Rows": 154215, "Plan Width": 4, "Actual Rows": 131058, "Actual Loops": 2, "Filter": "(votetypeid = 2)", "Rows Removed by Filter": 32974, "Workers": []}, {"Node Type": "Hash", "Parent Relationship": "Inner", "Parallel Aware": true, "Async Capable": false, "Startup Cost": 94582.84, "Total Cost": 94582.84, "Plan Rows": 298095, "Plan Width": 12, "Actual Rows": 260228, "Actual Loops": 2, "Hash Buckets": 524288, "Original Hash Buckets": 524288, "Hash Batches": 1, "Original Hash Batches": 1, "Peak Memory Usage": 28544, "Workers": [], "Plans": [{"Node Type": "Hash Join", "Parent Relationship": "Outer", "Parallel Aware": true, "Async Capable": false, "Join Type": "Inner", "Startup Cost": 9047.33, "Total Cost": 94582.84, "Plan Rows": 298095, "Plan Width": 12, "Actual Rows": 260228, "Actual Loops": 2, "Inner Unique": true, "Hash Cond": "(ph.postid = p.id)", "Workers": [], "Plans": [{"Node Type": "Hash Join", "Parent Relationship": "Outer", "Parallel Aware": true, "Async Capable": false, "Join Type": "Inner", "Startup Cost": 6676.88, "Total Cost": 13958.93, "Plan Rows": 298094.71, "Plan Width": 8, "Actual Rows": 260228, "Actual Loops": 2, "Inner Unique": false, "Hash Cond": "(c.postid = ph.postid)", "Workers": [], "Plans": [{"Node Type": "Seq Scan", "Parent Relationship": "Outer", "Parallel Aware": true, "Async Capable": false, "Relation Name": "comments", "Alias": "c", "Startup Cost": 0.0, "Total Cost": 2881.99, "Plan Rows": 78417, "Plan Width": 4, "Actual Rows": 66698, "Actual Loops": 2, "Filter": "((creationdate >= '2010-08-26 06:55:11'::timestamp without time zone) AND (score = 0))", "Rows Removed by Filter": 20454, "Workers": []}, {"Node Type": "Hash", "Parent Relationship": "Inner", "Parallel Aware": true, "Async Capable": false, "Startup Cost": 4469.32, "Total Cost": 4469.32, "Plan Rows": 176605, "Plan Width": 4, "Actual Rows": 150144, "Actual Loops": 2, "Hash Buckets": 524288, "Original Hash Buckets": 524288, "Hash Batches": 1, "Original Hash Batches": 1, "Peak Memory Usage": 15872, "Workers": [], "Plans": [{"Node Type": "Seq Scan", "Parent Relationship": "Outer", "Parallel Aware": true, "Async Capable": false, "Relation Name": "posthistory", "Alias": "ph", "Startup Cost": 0.0, "Total Cost": 4469.32, "Plan Rows": 176605, "Plan Width": 4, "Actual Rows": 150144, "Actual Loops": 2, "Filter": "(creationdate <= '2014-09-05 06:39:25'::timestamp without time zone)", "Rows Removed by Filter": 1450, "Workers": []}]}]}, {"Node Type": "Hash", "Parent Relationship": "Inner", "Parallel Aware": true, "Async Capable": false, "Startup Cost": 1891.41, "Total Cost": 1891.41, "Plan Rows": 38323, "Plan Width": 4, "Actual Rows": 45988, "Actual Loops": 2, "Hash Buckets": 131072, "Original Hash Buckets": 131072, "Hash Batches": 1, "Original Hash Batches": 1, "Peak Memory Usage": 4640, "Workers": [], "Plans": [{"Node Type": "Index Only Scan", "Parent Relationship": "Outer", "Parallel Aware": true, "Async Capable": false, "Scan Direction": "Forward", "Index Name": "posts_pkey", "Relation Name": "posts", "Alias": "p", "Startup Cost": 0.29, "Total Cost": 1891.41, "Plan Rows": 38323, "Plan Width": 4, "Actual Rows": 45988, "Actual Loops": 2, "Heap Fetches": 0, "Workers": []}]}]}]}]}]}]}]}, "Planning Time": 7.162, "Triggers": [], "Execution Time": 716.721}, {"Plan": {"Node Type": "Aggregate", "Strategy": "Plain", "Partial Mode": "Finalize", "Parallel Aware": false, "Async Capable": false, "Startup Cost": 46748.8, "Total Cost": 46748.81, "Plan Rows": 1, "Plan Width": 8, "Actual Rows": 1, "Actual Loops": 1, "Plans": [{"Node Type": "Gather", "Parent Relationship": "Outer", "Parallel Aware": false, "Async Capable": false, "Startup Cost": 46748.69, "Total Cost": 46748.8, "Plan Rows": 1, "Plan Width": 8, "Actual Rows": 2, "Actual Loops": 1, "Workers Planned": 1, "Workers Launched": 1, "Single Copy": false, "Plans": [{"Node Type": "Aggregate", "Strategy": "Plain", "Partial Mode": "Partial", "Parent Relationship": "Outer", "Parallel Aware": false, "Async Capable": false, "Startup Cost": 45748.69, "Total Cost": 45748.7, "Plan Rows": 1, "Plan Width": 8, "Actual Rows": 1, "Actual Loops": 2, "Workers": [], "Plans": [{"Node Type": "Hash Join", "Parent Relationship": "Outer", "Parallel Aware": true, "Async Capable": false, "Join Type": "Inner", "Startup Cost": 31113.02, "Total Cost": 43238.43, "Plan Rows": 1004103, "Plan Width": 0, "Actual Rows": 1008119, "Actual Loops": 2, "Inner Unique": false, "Hash Cond": "(ph.postid = p.id)", "Workers": [], "Plans": [{"Node Type": "Seq Scan", "Parent Relationship": "Outer", "Parallel Aware": true, "Async Capable": false, "Relation Name": "posthistory", "Alias": "ph", "Startup Cost": 0.0, "Total Cost": 4469.32, "Plan Rows": 176605, "Plan Width": 4, "Actual Rows": 150144, "Actual Loops": 2, "Filter": "(creationdate <= '2014-09-05 06:39:25'::timestamp without time zone)", "Rows Removed by Filter": 1450, "Workers": []}, {"Node Type": "Hash", "Parent Relationship": "Inner", "Parallel Aware": true, "Async Capable": false, "Startup Cost": 26991.17, "Total Cost": 26991.17, "Plan Rows": 329748, "Plan Width": 12, "Actual Rows": 228064, "Actual Loops": 2, "Hash Buckets": 1048576, "Original Hash Buckets": 1048576, "Hash Batches": 1, "Original Hash Batches": 1, "Peak Memory Usage": 29632, "Workers": [], "Plans": [{"Node Type": "Hash Join", "Parent Relationship": "Outer", "Parallel Aware": true, "Async Capable": false, "Join Type": "Inner", "Startup Cost": 6232.65, "Total Cost": 26991.17, "Plan Rows": 329748, "Plan Width": 12, "Actual Rows": 228064, "Actual Loops": 2, "Inner Unique": true, "Hash Cond": "(c.postid = p.id)", "Workers": [], "Plans": [{"Node Type": "Hash Join", "Parent Relationship": "Outer", "Parallel Aware": true, "Async Capable": false, "Join Type": "Inner", "Startup Cost": 3862.2, "Total Cost": 15964.43, "Plan Rows": 329748.2, "Plan Width": 8, "Actual Rows": 228064, "Actual Loops": 2, "Inner Unique": false, "Hash Cond": "(v.postid = c.postid)", "Workers": [], "Plans": [{"Node Type": "Seq Scan", "Parent Relationship": "Outer", "Parallel Aware": true, "Async Capable": false, "Relation Name": "votes", "Alias": "v", "Startup Cost": 0.0, "Total Cost": 4572.24, "Plan Rows": 154215, "Plan Width": 4, "Actual Rows": 131058, "Actual Loops": 2, "Filter": "(votetypeid = 2)", "Rows Removed by Filter": 32974, "Workers": []}, {"Node Type": "Hash", "Parent Relationship": "Inner", "Parallel Aware": true, "Async Capable": false, "Startup Cost": 2881.99, "Total Cost": 2881.99, "Plan Rows": 78417, "Plan Width": 4, "Actual Rows": 66698, "Actual Loops": 2, "Hash Buckets": 262144, "Original Hash Buckets": 262144, "Hash Batches": 1, "Original Hash Batches": 1, "Peak Memory Usage": 7296, "Workers": [], "Plans": [{"Node Type": "Seq Scan", "Parent Relationship": "Outer", "Parallel Aware": true, "Async Capable": false, "Relation Name": "comments", "Alias": "c", "Startup Cost": 0.0, "Total Cost": 2881.99, "Plan Rows": 78417, "Plan Width": 4, "Actual Rows": 66698, "Actual Loops": 2, "Filter": "((creationdate >= '2010-08-26 06:55:11'::timestamp without time zone) AND (score = 0))", "Rows Removed by Filter": 20454, "Workers": []}]}]}, {"Node Type": "Hash", "Parent Relationship": "Inner", "Parallel Aware": true, "Async Capable": false, "Startup Cost": 1891.41, "Total Cost": 1891.41, "Plan Rows": 38323, "Plan Width": 4, "Actual Rows": 45988, "Actual Loops": 2, "Hash Buckets": 131072, "Original Hash Buckets": 131072, "Hash Batches": 1, "Original Hash Batches": 1, "Peak Memory Usage": 4672, "Workers": [], "Plans": [{"Node Type": "Index Only Scan", "Parent Relationship": "Outer", "Parallel Aware": true, "Async Capable": false, "Scan Direction": "Forward", "Index Name": "posts_pkey", "Relation Name": "posts", "Alias": "p", "Startup Cost": 0.29, "Total Cost": 1891.41, "Plan Rows": 38323, "Plan Width": 4, "Actual Rows": 45988, "Actual Loops": 2, "Heap Fetches": 0, "Workers": []}]}]}]}]}]}]}]}, "Planning Time": 7.137, "Triggers": [], "Execution Time": 718.598}]