[{"Plan": {"Node Type": "Aggregate", "Strategy": "Plain", "Partial Mode": "Finalize", "Parallel Aware": false, "Async Capable": false, "Startup Cost": 498194.94, "Total Cost": 498194.95, "Plan Rows": 1, "Plan Width": 8, "Actual Rows": 1, "Actual Loops": 1, "Plans": [{"Node Type": "Gather", "Parent Relationship": "Outer", "Parallel Aware": false, "Async Capable": false, "Startup Cost": 498194.73, "Total Cost": 498194.94, "Plan Rows": 2, "Plan Width": 8, "Actual Rows": 3, "Actual Loops": 1, "Workers Planned": 2, "Workers Launched": 2, "Single Copy": false, "Plans": [{"Node Type": "Aggregate", "Strategy": "Plain", "Partial Mode": "Partial", "Parent Relationship": "Outer", "Parallel Aware": false, "Async Capable": false, "Startup Cost": 497194.73, "Total Cost": 497194.74, "Plan Rows": 1, "Plan Width": 8, "Actual Rows": 1, "Actual Loops": 3, "Workers": [], "Plans": [{"Node Type": "Merge Join", "Parent Relationship": "Outer", "Parallel Aware": false, "Async Capable": false, "Join Type": "Inner", "Startup Cost": 1.62, "Total Cost": 24662.33, "Plan Rows": 189012959, "Plan Width": 0, "Actual Rows": 189825, "Actual Loops": 3, "Inner Unique": false, "Merge Cond": "(v.userid = u.id)", "Workers": [], "Plans": [{"Node Type": "Nested Loop", "Parent Relationship": "Outer", "Parallel Aware": false, "Async Capable": false, "Join Type": "Inner", "Startup Cost": 0.85, "Total Cost": 15745.86, "Plan Rows": 1710632, "Plan Width": 8, "Actual Rows": 879733, "Actual Loops": 3, "Inner Unique": false, "Workers": [], "Plans": [{"Node Type": "Index Only Scan", "Parent Relationship": "Outer", "Parallel Aware": true, "Async Capable": false, "Scan Direction": "Forward", "Index Name": "idx_votes_userid", "Relation Name": "votes", "Alias": "v", "Startup Cost": 0.42, "Total Cost": 4261.57, "Plan Rows": 136693, "Plan Width": 4, "Actual Rows": 109135, "Actual Loops": 3, "Heap Fetches": 0, "Workers": []}, {"Node Type": "Memoize", "Parent Relationship": "Inner", "Parallel Aware": false, "Async Capable": false, "Startup Cost": 0.43, "Total Cost": 0.74, "Plan Rows": 4, "Plan Width": 4, "Actual Rows": 8, "Actual Loops": 327406, "Cache Key": "v.userid", "Cache Mode": "logical", "Cache Hits": 8977, "Cache Misses": 1725, "Cache Evictions": 0, "Cache Overflows": 0, "Peak Memory Usage": 804, "Workers": [{"Worker Number": 0, "Cache Hits": 145846, "Cache Misses": 1664, "Cache Evictions": 0, "Cache Overflows": 0, "Peak Memory Usage": 612}, {"Worker Number": 1, "Cache Hits": 167124, "Cache Misses": 2070, "Cache Evictions": 0, "Cache Overflows": 0, "Peak Memory Usage": 726}], "Plans": [{"Node Type": "Index Scan", "Parent Relationship": "Outer", "Parallel Aware": false, "Async Capable": false, "Scan Direction": "Forward", "Index Name": "idx_posthistory_userid", "Relation Name": "posthistory", "Alias": "ph", "Startup Cost": 0.42, "Total Cost": 0.73, "Plan Rows": 4, "Plan Width": 4, "Actual Rows": 9, "Actual Loops": 5459, "Index Cond": "(userid = v.userid)", "Rows Removed by Index Recheck": 0, "Filter": "(posthistorytypeid = 2)", "Rows Removed by Filter": 22, "Workers": []}]}]}, {"Node Type": "Materialize", "Parent Relationship": "Inner", "Parallel Aware": false, "Async Capable": false, "Startup Cost": 0.76, "Total Cost": 12613.62, "Plan Rows": 153266, "Plan Width": 8, "Actual Rows": 231127, "Actual Loops": 3, "Workers": [], "Plans": [{"Node Type": "Merge Join", "Parent Relationship": "Outer", "Parallel Aware": false, "Async Capable": false, "Join Type": "Inner", "Startup Cost": 0.76, "Total Cost": 12230.46, "Plan Rows": 153266, "Plan Width": 8, "Actual Rows": 45435, "Actual Loops": 3, "Inner Unique": true, "Merge Cond": "(c.userid = u.id)", "Workers": [], "Plans": [{"Node Type": "Index Scan", "Parent Relationship": "Outer", "Parallel Aware": false, "Async Capable": false, "Scan Direction": "Forward", "Index Name": "idx_comments_userid", "Relation Name": "comments", "Alias": "c", "Startup Cost": 0.29, "Total Cost": 8258.96, "Plan Rows": 171148, "Plan Width": 4, "Actual Rows": 166825, "Actual Loops": 3, "Filter": "(creationdate <= '2014-08-28 07:25:55'::timestamp without time zone)", "Rows Removed by Filter": 2560, "Workers": []}, {"Node Type": "Index Scan", "Parent Relationship": "Inner", "Parallel Aware": false, "Async Capable": false, "Scan Direction": "Forward", "Index Name": "users_pkey", "Relation Name": "users", "Alias": "u", "Startup Cost": 0.29, "Total Cost": 2062.85, "Plan Rows": 36719, "Plan Width": 4, "Actual Rows": 34929, "Actual Loops": 3, "Filter": "((reputation >= 1) AND (views >= 0) AND (downvotes >= 0) AND (upvotes >= 0) AND (upvotes <= 15) AND (creationdate >= '2010-09-03 11:45:16'::timestamp without time zone) AND (creationdate <= '2014-08-18 17:19:53'::timestamp without time zone))", "Rows Removed by Filter": 2536, "Workers": []}]}]}]}]}]}]}, "Planning Time": 7.261, "Triggers": [], "Execution Time": 350.454}, {"Plan": {"Node Type": "Aggregate", "Strategy": "Plain", "Partial Mode": "Finalize", "Parallel Aware": false, "Async Capable": false, "Startup Cost": 72915.79, "Total Cost": 72915.8, "Plan Rows": 1, "Plan Width": 8, "Actual Rows": 1, "Actual Loops": 1, "Plans": [{"Node Type": "Gather", "Parent Relationship": "Outer", "Parallel Aware": false, "Async Capable": false, "Startup Cost": 72915.57, "Total Cost": 72915.78, "Plan Rows": 20.0, "Plan Width": 8, "Actual Rows": 3, "Actual Loops": 1, "Workers Planned": 2, "Workers Launched": 2, "Single Copy": false, "Plans": [{"Node Type": "Aggregate", "Strategy": "Plain", "Partial Mode": "Partial", "Parent Relationship": "Outer", "Parallel Aware": false, "Async Capable": false, "Startup Cost": 71915.57, "Total Cost": 71915.58, "Plan Rows": 1, "Plan Width": 8, "Actual Rows": 1, "Actual Loops": 3, "Workers": [], "Plans": [{"Node Type": "Merge Join", "Parent Relationship": "Outer", "Parallel Aware": false, "Async Capable": false, "Join Type": "Inner", "Startup Cost": 1.62, "Total Cost": 24662.33, "Plan Rows": 189012960.0, "Plan Width": 0, "Actual Rows": 189825, "Actual Loops": 3, "Inner Unique": false, "Merge Cond": "(v.userid = u.id)", "Workers": [], "Plans": [{"Node Type": "Nested Loop", "Parent Relationship": "Outer", "Parallel Aware": false, "Async Capable": false, "Join Type": "Inner", "Startup Cost": 0.85, "Total Cost": 15745.86, "Plan Rows": 1710632, "Plan Width": 8, "Actual Rows": 879733, "Actual Loops": 3, "Inner Unique": false, "Workers": [], "Plans": [{"Node Type": "Index Only Scan", "Parent Relationship": "Outer", "Parallel Aware": true, "Async Capable": false, "Scan Direction": "Forward", "Index Name": "idx_votes_userid", "Relation Name": "votes", "Alias": "v", "Startup Cost": 0.42, "Total Cost": 4261.57, "Plan Rows": 136693, "Plan Width": 4, "Actual Rows": 109135, "Actual Loops": 3, "Heap Fetches": 0, "Workers": []}, {"Node Type": "Memoize", "Parent Relationship": "Inner", "Parallel Aware": false, "Async Capable": false, "Startup Cost": 0.43, "Total Cost": 0.74, "Plan Rows": 4, "Plan Width": 4, "Actual Rows": 8, "Actual Loops": 327406, "Cache Key": "v.userid", "Cache Mode": "logical", "Cache Hits": 167282, "Cache Misses": 1444, "Cache Evictions": 0, "Cache Overflows": 0, "Peak Memory Usage": 679, "Workers": [{"Worker Number": 0, "Cache Hits": 145035, "Cache Misses": 2143, "Cache Evictions": 0, "Cache Overflows": 0, "Peak Memory Usage": 822}, {"Worker Number": 1, "Cache Hits": 9630, "Cache Misses": 1872, "Cache Evictions": 0, "Cache Overflows": 0, "Peak Memory Usage": 641}], "Plans": [{"Node Type": "Index Scan", "Parent Relationship": "Outer", "Parallel Aware": false, "Async Capable": false, "Scan Direction": "Forward", "Index Name": "idx_posthistory_userid", "Relation Name": "posthistory", "Alias": "ph", "Startup Cost": 0.42, "Total Cost": 0.73, "Plan Rows": 4, "Plan Width": 4, "Actual Rows": 9, "Actual Loops": 5459, "Index Cond": "(userid = v.userid)", "Rows Removed by Index Recheck": 0, "Filter": "(posthistorytypeid = 2)", "Rows Removed by Filter": 22, "Workers": []}]}]}, {"Node Type": "Materialize", "Parent Relationship": "Inner", "Parallel Aware": false, "Async Capable": false, "Startup Cost": 0.76, "Total Cost": 12613.62, "Plan Rows": 153266, "Plan Width": 8, "Actual Rows": 231127, "Actual Loops": 3, "Workers": [], "Plans": [{"Node Type": "Merge Join", "Parent Relationship": "Outer", "Parallel Aware": false, "Async Capable": false, "Join Type": "Inner", "Startup Cost": 0.76, "Total Cost": 12230.46, "Plan Rows": 153266, "Plan Width": 8, "Actual Rows": 45435, "Actual Loops": 3, "Inner Unique": true, "Merge Cond": "(c.userid = u.id)", "Workers": [], "Plans": [{"Node Type": "Index Scan", "Parent Relationship": "Outer", "Parallel Aware": false, "Async Capable": false, "Scan Direction": "Forward", "Index Name": "idx_comments_userid", "Relation Name": "comments", "Alias": "c", "Startup Cost": 0.29, "Total Cost": 8258.96, "Plan Rows": 171148, "Plan Width": 4, "Actual Rows": 166825, "Actual Loops": 3, "Filter": "(creationdate <= '2014-08-28 07:25:55'::timestamp without time zone)", "Rows Removed by Filter": 2560, "Workers": []}, {"Node Type": "Index Scan", "Parent Relationship": "Inner", "Parallel Aware": false, "Async Capable": false, "Scan Direction": "Forward", "Index Name": "users_pkey", "Relation Name": "users", "Alias": "u", "Startup Cost": 0.29, "Total Cost": 2062.85, "Plan Rows": 36719, "Plan Width": 4, "Actual Rows": 34929, "Actual Loops": 3, "Filter": "((reputation >= 1) AND (views >= 0) AND (downvotes >= 0) AND (upvotes >= 0) AND (upvotes <= 15) AND (creationdate >= '2010-09-03 11:45:16'::timestamp without time zone) AND (creationdate <= '2014-08-18 17:19:53'::timestamp without time zone))", "Rows Removed by Filter": 2536, "Workers": []}]}]}]}]}]}]}, "Planning Time": 8.61, "Triggers": [], "Execution Time": 342.572}, {"Plan": {"Node Type": "Aggregate", "Strategy": "Plain", "Partial Mode": "Finalize", "Parallel Aware": false, "Async Capable": false, "Startup Cost": 484634.56, "Total Cost": 484634.57, "Plan Rows": 1, "Plan Width": 8, "Actual Rows": 1, "Actual Loops": 1, "Plans": [{"Node Type": "Gather", "Parent Relationship": "Outer", "Parallel Aware": false, "Async Capable": false, "Startup Cost": 484634.34, "Total Cost": 484634.55, "Plan Rows": 2, "Plan Width": 8, "Actual Rows": 3, "Actual Loops": 1, "Workers Planned": 2, "Workers Launched": 2, "Single Copy": false, "Plans": [{"Node Type": "Aggregate", "Strategy": "Plain", "Partial Mode": "Partial", "Parent Relationship": "Outer", "Parallel Aware": false, "Async Capable": false, "Startup Cost": 483634.34, "Total Cost": 483634.35, "Plan Rows": 1, "Plan Width": 8, "Actual Rows": 1, "Actual Loops": 3, "Workers": [], "Plans": [{"Node Type": "Nested Loop", "Parent Relationship": "Outer", "Parallel Aware": false, "Async Capable": false, "Join Type": "Inner", "Startup Cost": 1.45, "Total Cost": 11101.94, "Plan Rows": 189012959, "Plan Width": 0, "Actual Rows": 189825, "Actual Loops": 3, "Inner Unique": false, "Workers": [], "Plans": [{"Node Type": "Merge Join", "Parent Relationship": "Outer", "Parallel Aware": false, "Async Capable": false, "Join Type": "Inner", "Startup Cost": 1.15, "Total Cost": 5920.13, "Plan Rows": 164730.0, "Plan Width": 12, "Actual Rows": 12205, "Actual Loops": 3, "Inner Unique": true, "Merge Cond": "(v.userid = u.id)", "Workers": [], "Plans": [{"Node Type": "Nested Loop", "Parent Relationship": "Outer", "Parallel Aware": false, "Async Capable": false, "Join Type": "Inner", "Startup Cost": 0.85, "Total Cost": 15745.86, "Plan Rows": 1710632, "Plan Width": 8, "Actual Rows": 879734, "Actual Loops": 3, "Inner Unique": false, "Workers": [], "Plans": [{"Node Type": "Index Only Scan", "Parent Relationship": "Outer", "Parallel Aware": true, "Async Capable": false, "Scan Direction": "Forward", "Index Name": "idx_votes_userid", "Relation Name": "votes", "Alias": "v", "Startup Cost": 0.42, "Total Cost": 4261.57, "Plan Rows": 136693, "Plan Width": 4, "Actual Rows": 109136, "Actual Loops": 3, "Heap Fetches": 0, "Workers": []}, {"Node Type": "Memoize", "Parent Relationship": "Inner", "Parallel Aware": false, "Async Capable": false, "Startup Cost": 0.43, "Total Cost": 0.74, "Plan Rows": 4, "Plan Width": 4, "Actual Rows": 8, "Actual Loops": 327407, "Cache Key": "v.userid", "Cache Mode": "logical", "Cache Hits": 155144, "Cache Misses": 1974, "Cache Evictions": 0, "Cache Overflows": 0, "Peak Memory Usage": 747, "Workers": [{"Worker Number": 0, "Cache Hits": 11529, "Cache Misses": 2011, "Cache Evictions": 0, "Cache Overflows": 0, "Peak Memory Usage": 822}, {"Worker Number": 1, "Cache Hits": 155275, "Cache Misses": 1474, "Cache Evictions": 0, "Cache Overflows": 0, "Peak Memory Usage": 572}], "Plans": [{"Node Type": "Index Scan", "Parent Relationship": "Outer", "Parallel Aware": false, "Async Capable": false, "Scan Direction": "Forward", "Index Name": "idx_posthistory_userid", "Relation Name": "posthistory", "Alias": "ph", "Startup Cost": 0.42, "Total Cost": 0.73, "Plan Rows": 4, "Plan Width": 4, "Actual Rows": 9, "Actual Loops": 5459, "Index Cond": "(userid = v.userid)", "Rows Removed by Index Recheck": 0, "Filter": "(posthistorytypeid = 2)", "Rows Removed by Filter": 22, "Workers": []}]}]}, {"Node Type": "Index Scan", "Parent Relationship": "Inner", "Parallel Aware": false, "Async Capable": false, "Scan Direction": "Forward", "Index Name": "users_pkey", "Relation Name": "users", "Alias": "u", "Startup Cost": 0.29, "Total Cost": 2062.85, "Plan Rows": 36719, "Plan Width": 4, "Actual Rows": 34927, "Actual Loops": 3, "Filter": "((reputation >= 1) AND (views >= 0) AND (downvotes >= 0) AND (upvotes >= 0) AND (upvotes <= 15) AND (creationdate >= '2010-09-03 11:45:16'::timestamp without time zone) AND (creationdate <= '2014-08-18 17:19:53'::timestamp without time zone))", "Rows Removed by Filter": 2536, "Workers": []}]}, {"Node Type": "Memoize", "Parent Relationship": "Inner", "Parallel Aware": false, "Async Capable": false, "Startup Cost": 0.3, "Total Cost": 0.58, "Plan Rows": 13, "Plan Width": 4, "Actual Rows": 16, "Actual Loops": 36614, "Cache Key": "v.userid", "Cache Mode": "logical", "Cache Hits": 9890, "Cache Misses": 819, "Cache Evictions": 0, "Cache Overflows": 0, "Peak Memory Usage": 196, "Workers": [{"Worker Number": 0, "Cache Hits": 15093, "Cache Misses": 873, "Cache Evictions": 0, "Cache Overflows": 0, "Peak Memory Usage": 235}, {"Worker Number": 1, "Cache Hits": 9325, "Cache Misses": 614, "Cache Evictions": 0, "Cache Overflows": 0, "Peak Memory Usage": 159}], "Plans": [{"Node Type": "Index Scan", "Parent Relationship": "Outer", "Parallel Aware": false, "Async Capable": false, "Scan Direction": "Forward", "Index Name": "idx_comments_userid", "Relation Name": "comments", "Alias": "c", "Startup Cost": 0.29, "Total Cost": 0.57, "Plan Rows": 13, "Plan Width": 4, "Actual Rows": 5, "Actual Loops": 2306, "Index Cond": "(userid = v.userid)", "Rows Removed by Index Recheck": 0, "Filter": "(creationdate <= '2014-08-28 07:25:55'::timestamp without time zone)", "Rows Removed by Filter": 0, "Workers": []}]}]}]}]}]}, "Planning Time": 12.396, "Triggers": [], "Execution Time": 212.487}, {"Plan": {"Node Type": "Aggregate", "Strategy": "Plain", "Partial Mode": "Finalize", "Parallel Aware": false, "Async Capable": false, "Startup Cost": 480611.67, "Total Cost": 480611.68, "Plan Rows": 1, "Plan Width": 8, "Actual Rows": 1, "Actual Loops": 1, "Plans": [{"Node Type": "Gather", "Parent Relationship": "Outer", "Parallel Aware": false, "Async Capable": false, "Startup Cost": 480611.45, "Total Cost": 480611.66, "Plan Rows": 2, "Plan Width": 8, "Actual Rows": 3, "Actual Loops": 1, "Workers Planned": 2, "Workers Launched": 2, "Single Copy": false, "Plans": [{"Node Type": "Aggregate", "Strategy": "Plain", "Partial Mode": "Partial", "Parent Relationship": "Outer", "Parallel Aware": false, "Async Capable": false, "Startup Cost": 479611.45, "Total Cost": 479611.46, "Plan Rows": 1, "Plan Width": 8, "Actual Rows": 1, "Actual Loops": 3, "Workers": [], "Plans": [{"Node Type": "Nested Loop", "Parent Relationship": "Outer", "Parallel Aware": false, "Async Capable": false, "Join Type": "Inner", "Startup Cost": 1.44, "Total Cost": 7079.05, "Plan Rows": 189012959, "Plan Width": 0, "Actual Rows": 189825, "Actual Loops": 3, "Inner Unique": false, "Workers": [], "Plans": [{"Node Type": "Merge Join", "Parent Relationship": "Outer", "Parallel Aware": false, "Async Capable": false, "Join Type": "Inner", "Startup Cost": 1.15, "Total Cost": 5920.13, "Plan Rows": 164700.0, "Plan Width": 12, "Actual Rows": 12205, "Actual Loops": 3, "Inner Unique": true, "Merge Cond": "(v.userid = u.id)", "Workers": [], "Plans": [{"Node Type": "Nested Loop", "Parent Relationship": "Outer", "Parallel Aware": false, "Async Capable": false, "Join Type": "Inner", "Startup Cost": 0.85, "Total Cost": 15745.86, "Plan Rows": 1710632, "Plan Width": 8, "Actual Rows": 879734, "Actual Loops": 3, "Inner Unique": false, "Workers": [], "Plans": [{"Node Type": "Index Only Scan", "Parent Relationship": "Outer", "Parallel Aware": true, "Async Capable": false, "Scan Direction": "Forward", "Index Name": "idx_votes_userid", "Relation Name": "votes", "Alias": "v", "Startup Cost": 0.42, "Total Cost": 4261.57, "Plan Rows": 136693, "Plan Width": 4, "Actual Rows": 109136, "Actual Loops": 3, "Heap Fetches": 0, "Workers": []}, {"Node Type": "Memoize", "Parent Relationship": "Inner", "Parallel Aware": false, "Async Capable": false, "Startup Cost": 0.43, "Total Cost": 0.74, "Plan Rows": 4, "Plan Width": 4, "Actual Rows": 8, "Actual Loops": 327407, "Cache Key": "v.userid", "Cache Mode": "logical", "Cache Hits": 9738, "Cache Misses": 1870, "Cache Evictions": 0, "Cache Overflows": 0, "Peak Memory Usage": 741, "Workers": [{"Worker Number": 0, "Cache Hits": 134324, "Cache Misses": 1864, "Cache Evictions": 0, "Cache Overflows": 0, "Peak Memory Usage": 734}, {"Worker Number": 1, "Cache Hits": 177885, "Cache Misses": 1726, "Cache Evictions": 0, "Cache Overflows": 0, "Peak Memory Usage": 667}], "Plans": [{"Node Type": "Index Scan", "Parent Relationship": "Outer", "Parallel Aware": false, "Async Capable": false, "Scan Direction": "Forward", "Index Name": "idx_posthistory_userid", "Relation Name": "posthistory", "Alias": "ph", "Startup Cost": 0.42, "Total Cost": 0.73, "Plan Rows": 4, "Plan Width": 4, "Actual Rows": 9, "Actual Loops": 5460, "Index Cond": "(userid = v.userid)", "Rows Removed by Index Recheck": 0, "Filter": "(posthistorytypeid = 2)", "Rows Removed by Filter": 22, "Workers": []}]}]}, {"Node Type": "Index Scan", "Parent Relationship": "Inner", "Parallel Aware": false, "Async Capable": false, "Scan Direction": "Forward", "Index Name": "users_pkey", "Relation Name": "users", "Alias": "u", "Startup Cost": 0.29, "Total Cost": 2062.85, "Plan Rows": 36719, "Plan Width": 4, "Actual Rows": 32995, "Actual Loops": 3, "Filter": "((reputation >= 1) AND (views >= 0) AND (downvotes >= 0) AND (upvotes >= 0) AND (upvotes <= 15) AND (creationdate >= '2010-09-03 11:45:16'::timestamp without time zone) AND (creationdate <= '2014-08-18 17:19:53'::timestamp without time zone))", "Rows Removed by Filter": 2526, "Workers": []}]}, {"Node Type": "Index Scan", "Parent Relationship": "Inner", "Parallel Aware": false, "Async Capable": false, "Scan Direction": "Forward", "Index Name": "idx_comments_userid", "Relation Name": "comments", "Alias": "c", "Startup Cost": 0.29, "Total Cost": 0.57, "Plan Rows": 13, "Plan Width": 4, "Actual Rows": 16, "Actual Loops": 36614, "Index Cond": "(userid = v.userid)", "Rows Removed by Index Recheck": 0, "Filter": "(creationdate <= '2014-08-28 07:25:55'::timestamp without time zone)", "Rows Removed by Filter": 1, "Workers": []}]}]}]}]}, "Planning Time": 11.667, "Triggers": [], "Execution Time": 255.782}, {"Plan": {"Node Type": "Aggregate", "Strategy": "Plain", "Partial Mode": "Finalize", "Parallel Aware": false, "Async Capable": false, "Startup Cost": 482291.66, "Total Cost": 482291.67, "Plan Rows": 1, "Plan Width": 8, "Actual Rows": 1, "Actual Loops": 1, "Plans": [{"Node Type": "Gather", "Parent Relationship": "Outer", "Parallel Aware": false, "Async Capable": false, "Startup Cost": 482291.45, "Total Cost": 482291.66, "Plan Rows": 2, "Plan Width": 8, "Actual Rows": 3, "Actual Loops": 1, "Workers Planned": 2, "Workers Launched": 2, "Single Copy": false, "Plans": [{"Node Type": "Aggregate", "Strategy": "Plain", "Partial Mode": "Partial", "Parent Relationship": "Outer", "Parallel Aware": false, "Async Capable": false, "Startup Cost": 481291.45, "Total Cost": 481291.46, "Plan Rows": 1, "Plan Width": 8, "Actual Rows": 1, "Actual Loops": 3, "Workers": [], "Plans": [{"Node Type": "Merge Join", "Parent Relationship": "Outer", "Parallel Aware": false, "Async Capable": false, "Join Type": "Inner", "Startup Cost": 6903.39, "Total Cost": 8759.05, "Plan Rows": 189012959, "Plan Width": 0, "Actual Rows": 189825, "Actual Loops": 3, "Inner Unique": false, "Merge Cond": "(v.userid = u.id)", "Workers": [], "Plans": [{"Node Type": "Nested Loop", "Parent Relationship": "Outer", "Parallel Aware": false, "Async Capable": false, "Join Type": "Inner", "Startup Cost": 0.85, "Total Cost": 15745.86, "Plan Rows": 1710630.0, "Plan Width": 8, "Actual Rows": 879733, "Actual Loops": 3, "Inner Unique": false, "Workers": [], "Plans": [{"Node Type": "Index Only Scan", "Parent Relationship": "Outer", "Parallel Aware": true, "Async Capable": false, "Scan Direction": "Forward", "Index Name": "idx_votes_userid", "Relation Name": "votes", "Alias": "v", "Startup Cost": 0.42, "Total Cost": 4261.57, "Plan Rows": 136693, "Plan Width": 4, "Actual Rows": 109135, "Actual Loops": 3, "Heap Fetches": 0, "Workers": []}, {"Node Type": "Memoize", "Parent Relationship": "Inner", "Parallel Aware": false, "Async Capable": false, "Startup Cost": 0.43, "Total Cost": 0.74, "Plan Rows": 4, "Plan Width": 4, "Actual Rows": 8, "Actual Loops": 327406, "Cache Key": "v.userid", "Cache Mode": "logical", "Cache Hits": 12505, "Cache Misses": 2366, "Cache Evictions": 0, "Cache Overflows": 0, "Peak Memory Usage": 936, "Workers": [{"Worker Number": 0, "Cache Hits": 160749, "Cache Misses": 1481, "Cache Evictions": 0, "Cache Overflows": 0, "Peak Memory Usage": 600}, {"Worker Number": 1, "Cache Hits": 148693, "Cache Misses": 1612, "Cache Evictions": 0, "Cache Overflows": 0, "Peak Memory Usage": 607}], "Plans": [{"Node Type": "Index Scan", "Parent Relationship": "Outer", "Parallel Aware": false, "Async Capable": false, "Scan Direction": "Forward", "Index Name": "idx_posthistory_userid", "Relation Name": "posthistory", "Alias": "ph", "Startup Cost": 0.42, "Total Cost": 0.73, "Plan Rows": 4, "Plan Width": 4, "Actual Rows": 9, "Actual Loops": 5459, "Index Cond": "(userid = v.userid)", "Rows Removed by Index Recheck": 0, "Filter": "(posthistorytypeid = 2)", "Rows Removed by Filter": 22, "Workers": []}]}]}, {"Node Type": "Sort", "Parent Relationship": "Inner", "Parallel Aware": false, "Async Capable": false, "Startup Cost": 6902.53, "Total Cost": 6940.85, "Plan Rows": 153270.0, "Plan Width": 8, "Actual Rows": 229747, "Actual Loops": 3, "Sort Key": ["c.userid"], "Sort Method": "quicksort", "Sort Space Used": 2991, "Sort Space Type": "Memory", "Workers": [{"Worker Number": 0, "Sort Method": "quicksort", "Sort Space Used": 2991, "Sort Space Type": "Memory"}, {"Worker Number": 1, "Sort Method": "quicksort", "Sort Space Used": 2991, "Sort Space Type": "Memory"}], "Plans": [{"Node Type": "Hash Join", "Parent Relationship": "Outer", "Parallel Aware": false, "Async Capable": false, "Join Type": "Inner", "Startup Cost": 1864.93, "Total Cost": 5837.05, "Plan Rows": 153270.0, "Plan Width": 8, "Actual Rows": 46532, "Actual Loops": 3, "Inner Unique": true, "Hash Cond": "(c.userid = u.id)", "Workers": [], "Plans": [{"Node Type": "Seq Scan", "Parent Relationship": "Outer", "Parallel Aware": false, "Async Capable": false, "Relation Name": "comments", "Alias": "c", "Startup Cost": 0.0, "Total Cost": 3522.81, "Plan Rows": 171148, "Plan Width": 4, "Actual Rows": 171115, "Actual Loops": 3, "Filter": "(creationdate <= '2014-08-28 07:25:55'::timestamp without time zone)", "Rows Removed by Filter": 3190, "Workers": []}, {"Node Type": "Hash", "Parent Relationship": "Inner", "Parallel Aware": false, "Async Capable": false, "Startup Cost": 1405.94, "Total Cost": 1405.94, "Plan Rows": 36719, "Plan Width": 4, "Actual Rows": 36820, "Actual Loops": 3, "Hash Buckets": 65536, "Original Hash Buckets": 65536, "Hash Batches": 1, "Original Hash Batches": 1, "Peak Memory Usage": 1807, "Workers": [], "Plans": [{"Node Type": "Seq Scan", "Parent Relationship": "Outer", "Parallel Aware": false, "Async Capable": false, "Relation Name": "users", "Alias": "u", "Startup Cost": 0.0, "Total Cost": 1405.94, "Plan Rows": 36719, "Plan Width": 4, "Actual Rows": 36820, "Actual Loops": 3, "Filter": "((reputation >= 1) AND (views >= 0) AND (downvotes >= 0) AND (upvotes >= 0) AND (upvotes <= 15) AND (creationdate >= '2010-09-03 11:45:16'::timestamp without time zone) AND (creationdate <= '2014-08-18 17:19:53'::timestamp without time zone))", "Rows Removed by Filter": 3505, "Workers": []}]}]}]}]}]}]}]}, "Planning Time": 10.003, "Triggers": [], "Execution Time": 300.899}, {"Plan": {"Node Type": "Aggregate", "Strategy": "Plain", "Partial Mode": "Finalize", "Parallel Aware": false, "Async Capable": false, "Startup Cost": 568062.69, "Total Cost": 568062.7, "Plan Rows": 1, "Plan Width": 8, "Actual Rows": 1, "Actual Loops": 1, "Plans": [{"Node Type": "Gather", "Parent Relationship": "Outer", "Parallel Aware": false, "Async Capable": false, "Startup Cost": 568062.47, "Total Cost": 568062.68, "Plan Rows": 2, "Plan Width": 8, "Actual Rows": 3, "Actual Loops": 1, "Workers Planned": 2, "Workers Launched": 2, "Single Copy": false, "Plans": [{"Node Type": "Aggregate", "Strategy": "Plain", "Partial Mode": "Partial", "Parent Relationship": "Outer", "Parallel Aware": false, "Async Capable": false, "Startup Cost": 567062.47, "Total Cost": 567062.48, "Plan Rows": 1, "Plan Width": 8, "Actual Rows": 1, "Actual Loops": 3, "Workers": [], "Plans": [{"Node Type": "Merge Join", "Parent Relationship": "Outer", "Parallel Aware": false, "Async Capable": false, "Join Type": "Inner", "Startup Cost": 8.48, "Total Cost": 94530.08, "Plan Rows": 189012959, "Plan Width": 0, "Actual Rows": 189825, "Actual Loops": 3, "Inner Unique": false, "Merge Cond": "(v.userid = c.userid)", "Workers": [], "Plans": [{"Node Type": "Merge Join", "Parent Relationship": "Outer", "Parallel Aware": false, "Async Capable": false, "Join Type": "Inner", "Startup Cost": 1.13, "Total Cost": 82530.85, "Plan Rows": 164728, "Plan Width": 12, "Actual Rows": 12205, "Actual Loops": 3, "Inner Unique": false, "Merge Cond": "(v.userid = u.id)", "Workers": [], "Plans": [{"Node Type": "Index Only Scan", "Parent Relationship": "Outer", "Parallel Aware": true, "Async Capable": false, "Scan Direction": "Forward", "Index Name": "idx_votes_userid", "Relation Name": "votes", "Alias": "v", "Startup Cost": 0.42, "Total Cost": 4261.57, "Plan Rows": 136693, "Plan Width": 4, "Actual Rows": 11554, "Actual Loops": 3, "Heap Fetches": 0, "Workers": []}, {"Node Type": "Materialize", "Parent Relationship": "Inner", "Parallel Aware": false, "Async Capable": false, "Startup Cost": 0.71, "Total Cost": 34597.35, "Plan Rows": 77975.0, "Plan Width": 8, "Actual Rows": 44256, "Actual Loops": 3, "Workers": [], "Plans": [{"Node Type": "Merge Join", "Parent Relationship": "Outer", "Parallel Aware": false, "Async Capable": false, "Join Type": "Inner", "Startup Cost": 0.71, "Total Cost": 15103.6, "Plan Rows": 77975.0, "Plan Width": 8, "Actual Rows": 35083, "Actual Loops": 3, "Inner Unique": true, "Merge Cond": "(ph.userid = u.id)", "Workers": [], "Plans": [{"Node Type": "Index Scan", "Parent Relationship": "Outer", "Parallel Aware": false, "Async Capable": false, "Scan Direction": "Forward", "Index Name": "idx_posthistory_userid", "Relation Name": "posthistory", "Alias": "ph", "Startup Cost": 0.42, "Total Cost": 12849.99, "Plan Rows": 92042, "Plan Width": 4, "Actual Rows": 83259, "Actual Loops": 3, "Filter": "(posthistorytypeid = 2)", "Rows Removed by Filter": 176495, "Workers": []}, {"Node Type": "Index Scan", "Parent Relationship": "Inner", "Parallel Aware": false, "Async Capable": false, "Scan Direction": "Forward", "Index Name": "users_pkey", "Relation Name": "users", "Alias": "u", "Startup Cost": 0.29, "Total Cost": 2062.85, "Plan Rows": 36719, "Plan Width": 4, "Actual Rows": 30613, "Actual Loops": 3, "Filter": "((reputation >= 1) AND (views >= 0) AND (downvotes >= 0) AND (upvotes >= 0) AND (upvotes <= 15) AND (creationdate >= '2010-09-03 11:45:16'::timestamp without time zone) AND (creationdate <= '2014-08-18 17:19:53'::timestamp without time zone))", "Rows Removed by Filter": 2485, "Workers": []}]}]}]}, {"Node Type": "Materialize", "Parent Relationship": "Inner", "Parallel Aware": false, "Async Capable": false, "Startup Cost": 0.29, "Total Cost": 8686.83, "Plan Rows": 171148, "Plan Width": 4, "Actual Rows": 346198, "Actual Loops": 3, "Workers": [], "Plans": [{"Node Type": "Index Scan", "Parent Relationship": "Outer", "Parallel Aware": false, "Async Capable": false, "Scan Direction": "Forward", "Index Name": "idx_comments_userid", "Relation Name": "comments", "Alias": "c", "Startup Cost": 0.29, "Total Cost": 8258.96, "Plan Rows": 171148, "Plan Width": 4, "Actual Rows": 160505, "Actual Loops": 3, "Filter": "(creationdate <= '2014-08-28 07:25:55'::timestamp without time zone)", "Rows Removed by Filter": 2378, "Workers": []}]}]}]}]}]}, "Planning Time": 12.472, "Triggers": [], "Execution Time": 417.089}]