[{"Plan": {"Node Type": "Aggregate", "Strategy": "Plain", "Partial Mode": "Finalize", "Parallel Aware": false, "Async Capable": false, "Startup Cost": 21853.74, "Total Cost": 21853.75, "Plan Rows": 1, "Plan Width": 8, "Actual Rows": 1, "Actual Loops": 1, "Plans": [{"Node Type": "Gather", "Parent Relationship": "Outer", "Parallel Aware": false, "Async Capable": false, "Startup Cost": 21853.63, "Total Cost": 21853.74, "Plan Rows": 1, "Plan Width": 8, "Actual Rows": 2, "Actual Loops": 1, "Workers Planned": 1, "Workers Launched": 1, "Single Copy": false, "Plans": [{"Node Type": "Aggregate", "Strategy": "Plain", "Partial Mode": "Partial", "Parent Relationship": "Outer", "Parallel Aware": false, "Async Capable": false, "Startup Cost": 20853.63, "Total Cost": 20853.64, "Plan Rows": 1, "Plan Width": 8, "Actual Rows": 1, "Actual Loops": 2, "Workers": [], "Plans": [{"Node Type": "Hash Join", "Parent Relationship": "Outer", "Parallel Aware": false, "Async Capable": false, "Join Type": "Inner", "Startup Cost": 10819.64, "Total Cost": 17274.23, "Plan Rows": 1431762, "Plan Width": 0, "Actual Rows": 2115796, "Actual Loops": 2, "Inner Unique": false, "Hash Cond": "(p.owneruserid = u.id)", "Workers": [], "Plans": [{"Node Type": "Hash Join", "Parent Relationship": "Outer", "Parallel Aware": true, "Async Capable": false, "Join Type": "Inner", "Startup Cost": 6709.91, "Total Cost": 12234.13, "Plan Rows": 38813, "Plan Width": 4, "Actual Rows": 79906, "Actual Loops": 2, "Inner Unique": false, "Hash Cond": "(v.postid = p.id)", "Workers": [], "Plans": [{"Node Type": "Seq Scan", "Parent Relationship": "Outer", "Parallel Aware": true, "Async Capable": false, "Relation Name": "votes", "Alias": "v", "Startup Cost": 0.0, "Total Cost": 4572.24, "Plan Rows": 192977, "Plan Width": 4, "Actual Rows": 164032, "Actual Loops": 2, "Filter": "(creationdate >= '2009-02-02 00:00:00'::timestamp without time zone)", "Rows Removed by Filter": 0, "Workers": []}, {"Node Type": "Hash", "Parent Relationship": "Inner", "Parallel Aware": true, "Async Capable": false, "Startup Cost": 6573.89, "Total Cost": 6573.89, "Plan Rows": 10882, "Plan Width": 16, "Actual Rows": 9301, "Actual Loops": 2, "Hash Buckets": 32768, "Original Hash Buckets": 32768, "Hash Batches": 1, "Original Hash Batches": 1, "Peak Memory Usage": 1184, "Workers": [], "Plans": [{"Node Type": "Hash Join", "Parent Relationship": "Outer", "Parallel Aware": false, "Async Capable": false, "Join Type": "Inner", "Startup Cost": 3711.26, "Total Cost": 6573.89, "Plan Rows": 10882, "Plan Width": 16, "Actual Rows": 9301, "Actual Loops": 2, "Inner Unique": false, "Hash Cond": "(c.postid = p.id)", "Workers": [], "Plans": [{"Node Type": "Seq Scan", "Parent Relationship": "Outer", "Parallel Aware": true, "Async Capable": false, "Relation Name": "comments", "Alias": "c", "Startup Cost": 0.0, "Total Cost": 2369.32, "Plan Rows": 102532, "Plan Width": 4, "Actual Rows": 87152, "Actual Loops": 2, "Workers": []}, {"Node Type": "Hash", "Parent Relationship": "Inner", "Parallel Aware": false, "Async Capable": false, "Startup Cost": 3589.24, "Total Cost": 3589.24, "Plan Rows": 9761, "Plan Width": 12, "Actual Rows": 6879, "Actual Loops": 2, "Hash Buckets": 16384, "Original Hash Buckets": 16384, "Hash Batches": 1, "Original Hash Batches": 1, "Peak Memory Usage": 423, "Workers": [], "Plans": [{"Node Type": "Hash Join", "Parent Relationship": "Outer", "Parallel Aware": false, "Async Capable": false, "Join Type": "Inner", "Startup Cost": 3342.23, "Total Cost": 3589.24, "Plan Rows": 9761, "Plan Width": 12, "Actual Rows": 6879, "Actual Loops": 2, "Inner Unique": true, "Hash Cond": "(pl.relatedpostid = p.id)", "Workers": [], "Plans": [{"Node Type": "Seq Scan", "Parent Relationship": "Outer", "Parallel Aware": false, "Async Capable": false, "Relation Name": "postlinks", "Alias": "pl", "Startup Cost": 0.0, "Total Cost": 220.78, "Plan Rows": 9997, "Plan Width": 4, "Actual Rows": 9994, "Actual Loops": 2, "Filter": "(creationdate <= '2014-06-25 13:05:06'::timestamp without time zone)", "Rows Removed by Filter": 1108, "Workers": []}, {"Node Type": "Hash", "Parent Relationship": "Inner", "Parallel Aware": false, "Async Capable": false, "Startup Cost": 2219.64, "Total Cost": 2219.64, "Plan Rows": 89807, "Plan Width": 8, "Actual Rows": 89806, "Actual Loops": 2, "Hash Buckets": 131072, "Original Hash Buckets": 131072, "Hash Batches": 1, "Original Hash Batches": 1, "Peak Memory Usage": 4527, "Workers": [], "Plans": [{"Node Type": "Seq Scan", "Parent Relationship": "Outer", "Parallel Aware": false, "Async Capable": false, "Relation Name": "posts", "Alias": "p", "Startup Cost": 0.0, "Total Cost": 2219.64, "Plan Rows": 89807, "Plan Width": 8, "Actual Rows": 89806, "Actual Loops": 2, "Filter": "((score >= '-1'::integer) AND (score <= 14))", "Rows Removed by Filter": 2170, "Workers": []}]}]}]}]}]}]}, {"Node Type": "Hash", "Parent Relationship": "Inner", "Parallel Aware": false, "Async Capable": false, "Startup Cost": 3138.81, "Total Cost": 3138.81, "Plan Rows": 77674, "Plan Width": 8, "Actual Rows": 77692, "Actual Loops": 2, "Hash Buckets": 131072, "Original Hash Buckets": 131072, "Hash Batches": 1, "Original Hash Batches": 1, "Peak Memory Usage": 4059, "Workers": [], "Plans": [{"Node Type": "Hash Join", "Parent Relationship": "Outer", "Parallel Aware": false, "Async Capable": false, "Join Type": "Inner", "Startup Cost": 1305.12, "Total Cost": 3138.81, "Plan Rows": 77674, "Plan Width": 8, "Actual Rows": 77692, "Actual Loops": 2, "Inner Unique": true, "Hash Cond": "(b.userid = u.id)", "Workers": [], "Plans": [{"Node Type": "Seq Scan", "Parent Relationship": "Outer", "Parallel Aware": false, "Async Capable": false, "Relation Name": "badges", "Alias": "b", "Startup Cost": 0.0, "Total Cost": 1629.76, "Plan Rows": 77674, "Plan Width": 4, "Actual Rows": 77692, "Actual Loops": 2, "Filter": "((date >= '2010-08-04 08:50:31'::timestamp without time zone) AND (date <= '2014-09-02 02:51:22'::timestamp without time zone))", "Rows Removed by Filter": 2159, "Workers": []}, {"Node Type": "Hash", "Parent Relationship": "Inner", "Parallel Aware": false, "Async Capable": false, "Startup Cost": 801.06, "Total Cost": 801.06, "Plan Rows": 40325, "Plan Width": 4, "Actual Rows": 40325, "Actual Loops": 2, "Hash Buckets": 65536, "Original Hash Buckets": 65536, "Hash Batches": 1, "Original Hash Batches": 1, "Peak Memory Usage": 1930, "Workers": [], "Plans": [{"Node Type": "Seq Scan", "Parent Relationship": "Outer", "Parallel Aware": false, "Async Capable": false, "Relation Name": "users", "Alias": "u", "Startup Cost": 0.0, "Total Cost": 801.06, "Plan Rows": 40325, "Plan Width": 4, "Actual Rows": 40325, "Actual Loops": 2, "Filter": "(downvotes >= 0)", "Rows Removed by Filter": 0, "Workers": []}]}]}]}]}]}]}]}, "Planning Time": 12.41, "Triggers": [], "Execution Time": 381.664}, {"Plan": {"Node Type": "Aggregate", "Strategy": "Plain", "Partial Mode": "Finalize", "Parallel Aware": false, "Async Capable": false, "Startup Cost": 18632.28, "Total Cost": 18632.29, "Plan Rows": 1, "Plan Width": 8, "Actual Rows": 1, "Actual Loops": 1, "Plans": [{"Node Type": "Gather", "Parent Relationship": "Outer", "Parallel Aware": false, "Async Capable": false, "Startup Cost": 18632.17, "Total Cost": 18632.28, "Plan Rows": 10.0, "Plan Width": 8, "Actual Rows": 2, "Actual Loops": 1, "Workers Planned": 1, "Workers Launched": 1, "Single Copy": false, "Plans": [{"Node Type": "Aggregate", "Strategy": "Plain", "Partial Mode": "Partial", "Parent Relationship": "Outer", "Parallel Aware": false, "Async Capable": false, "Startup Cost": 17632.17, "Total Cost": 17632.18, "Plan Rows": 1, "Plan Width": 8, "Actual Rows": 1, "Actual Loops": 2, "Workers": [], "Plans": [{"Node Type": "Hash Join", "Parent Relationship": "Outer", "Parallel Aware": false, "Async Capable": false, "Join Type": "Inner", "Startup Cost": 10819.64, "Total Cost": 17274.23, "Plan Rows": 1431760.0, "Plan Width": 0, "Actual Rows": 2115796, "Actual Loops": 2, "Inner Unique": false, "Hash Cond": "(p.owneruserid = u.id)", "Workers": [], "Plans": [{"Node Type": "Hash Join", "Parent Relationship": "Outer", "Parallel Aware": true, "Async Capable": false, "Join Type": "Inner", "Startup Cost": 6709.91, "Total Cost": 12234.13, "Plan Rows": 38813, "Plan Width": 4, "Actual Rows": 79906, "Actual Loops": 2, "Inner Unique": false, "Hash Cond": "(v.postid = p.id)", "Workers": [], "Plans": [{"Node Type": "Seq Scan", "Parent Relationship": "Outer", "Parallel Aware": true, "Async Capable": false, "Relation Name": "votes", "Alias": "v", "Startup Cost": 0.0, "Total Cost": 4572.24, "Plan Rows": 192977, "Plan Width": 4, "Actual Rows": 164032, "Actual Loops": 2, "Filter": "(creationdate >= '2009-02-02 00:00:00'::timestamp without time zone)", "Rows Removed by Filter": 0, "Workers": []}, {"Node Type": "Hash", "Parent Relationship": "Inner", "Parallel Aware": true, "Async Capable": false, "Startup Cost": 6573.89, "Total Cost": 6573.89, "Plan Rows": 10882, "Plan Width": 16, "Actual Rows": 9301, "Actual Loops": 2, "Hash Buckets": 32768, "Original Hash Buckets": 32768, "Hash Batches": 1, "Original Hash Batches": 1, "Peak Memory Usage": 1184, "Workers": [], "Plans": [{"Node Type": "Hash Join", "Parent Relationship": "Outer", "Parallel Aware": false, "Async Capable": false, "Join Type": "Inner", "Startup Cost": 3711.26, "Total Cost": 6573.89, "Plan Rows": 10882, "Plan Width": 16, "Actual Rows": 9301, "Actual Loops": 2, "Inner Unique": false, "Hash Cond": "(c.postid = p.id)", "Workers": [], "Plans": [{"Node Type": "Seq Scan", "Parent Relationship": "Outer", "Parallel Aware": true, "Async Capable": false, "Relation Name": "comments", "Alias": "c", "Startup Cost": 0.0, "Total Cost": 2369.32, "Plan Rows": 102532, "Plan Width": 4, "Actual Rows": 87152, "Actual Loops": 2, "Workers": []}, {"Node Type": "Hash", "Parent Relationship": "Inner", "Parallel Aware": false, "Async Capable": false, "Startup Cost": 3589.24, "Total Cost": 3589.24, "Plan Rows": 9761, "Plan Width": 12, "Actual Rows": 6879, "Actual Loops": 2, "Hash Buckets": 16384, "Original Hash Buckets": 16384, "Hash Batches": 1, "Original Hash Batches": 1, "Peak Memory Usage": 423, "Workers": [], "Plans": [{"Node Type": "Hash Join", "Parent Relationship": "Outer", "Parallel Aware": false, "Async Capable": false, "Join Type": "Inner", "Startup Cost": 3342.23, "Total Cost": 3589.24, "Plan Rows": 9761, "Plan Width": 12, "Actual Rows": 6879, "Actual Loops": 2, "Inner Unique": true, "Hash Cond": "(pl.relatedpostid = p.id)", "Workers": [], "Plans": [{"Node Type": "Seq Scan", "Parent Relationship": "Outer", "Parallel Aware": false, "Async Capable": false, "Relation Name": "postlinks", "Alias": "pl", "Startup Cost": 0.0, "Total Cost": 220.78, "Plan Rows": 9997, "Plan Width": 4, "Actual Rows": 9994, "Actual Loops": 2, "Filter": "(creationdate <= '2014-06-25 13:05:06'::timestamp without time zone)", "Rows Removed by Filter": 1108, "Workers": []}, {"Node Type": "Hash", "Parent Relationship": "Inner", "Parallel Aware": false, "Async Capable": false, "Startup Cost": 2219.64, "Total Cost": 2219.64, "Plan Rows": 89807, "Plan Width": 8, "Actual Rows": 89806, "Actual Loops": 2, "Hash Buckets": 131072, "Original Hash Buckets": 131072, "Hash Batches": 1, "Original Hash Batches": 1, "Peak Memory Usage": 4527, "Workers": [], "Plans": [{"Node Type": "Seq Scan", "Parent Relationship": "Outer", "Parallel Aware": false, "Async Capable": false, "Relation Name": "posts", "Alias": "p", "Startup Cost": 0.0, "Total Cost": 2219.64, "Plan Rows": 89807, "Plan Width": 8, "Actual Rows": 89806, "Actual Loops": 2, "Filter": "((score >= '-1'::integer) AND (score <= 14))", "Rows Removed by Filter": 2170, "Workers": []}]}]}]}]}]}]}, {"Node Type": "Hash", "Parent Relationship": "Inner", "Parallel Aware": false, "Async Capable": false, "Startup Cost": 3138.81, "Total Cost": 3138.81, "Plan Rows": 77674, "Plan Width": 8, "Actual Rows": 77692, "Actual Loops": 2, "Hash Buckets": 131072, "Original Hash Buckets": 131072, "Hash Batches": 1, "Original Hash Batches": 1, "Peak Memory Usage": 4059, "Workers": [], "Plans": [{"Node Type": "Hash Join", "Parent Relationship": "Outer", "Parallel Aware": false, "Async Capable": false, "Join Type": "Inner", "Startup Cost": 1305.12, "Total Cost": 3138.81, "Plan Rows": 77674, "Plan Width": 8, "Actual Rows": 77692, "Actual Loops": 2, "Inner Unique": true, "Hash Cond": "(b.userid = u.id)", "Workers": [], "Plans": [{"Node Type": "Seq Scan", "Parent Relationship": "Outer", "Parallel Aware": false, "Async Capable": false, "Relation Name": "badges", "Alias": "b", "Startup Cost": 0.0, "Total Cost": 1629.76, "Plan Rows": 77674, "Plan Width": 4, "Actual Rows": 77692, "Actual Loops": 2, "Filter": "((date >= '2010-08-04 08:50:31'::timestamp without time zone) AND (date <= '2014-09-02 02:51:22'::timestamp without time zone))", "Rows Removed by Filter": 2159, "Workers": []}, {"Node Type": "Hash", "Parent Relationship": "Inner", "Parallel Aware": false, "Async Capable": false, "Startup Cost": 801.06, "Total Cost": 801.06, "Plan Rows": 40325, "Plan Width": 4, "Actual Rows": 40325, "Actual Loops": 2, "Hash Buckets": 65536, "Original Hash Buckets": 65536, "Hash Batches": 1, "Original Hash Batches": 1, "Peak Memory Usage": 1930, "Workers": [], "Plans": [{"Node Type": "Seq Scan", "Parent Relationship": "Outer", "Parallel Aware": false, "Async Capable": false, "Relation Name": "users", "Alias": "u", "Startup Cost": 0.0, "Total Cost": 801.06, "Plan Rows": 40325, "Plan Width": 4, "Actual Rows": 40325, "Actual Loops": 2, "Filter": "(downvotes >= 0)", "Rows Removed by Filter": 0, "Workers": []}]}]}]}]}]}]}]}, "Planning Time": 18.227, "Triggers": [], "Execution Time": 380.177}, {"Plan": {"Node Type": "Aggregate", "Strategy": "Plain", "Partial Mode": "Finalize", "Parallel Aware": false, "Async Capable": false, "Startup Cost": 19751.39, "Total Cost": 19751.4, "Plan Rows": 1, "Plan Width": 8, "Actual Rows": 1, "Actual Loops": 1, "Plans": [{"Node Type": "Gather", "Parent Relationship": "Outer", "Parallel Aware": false, "Async Capable": false, "Startup Cost": 19751.28, "Total Cost": 19751.39, "Plan Rows": 1, "Plan Width": 8, "Actual Rows": 2, "Actual Loops": 1, "Workers Planned": 1, "Workers Launched": 1, "Single Copy": false, "Plans": [{"Node Type": "Aggregate", "Strategy": "Plain", "Partial Mode": "Partial", "Parent Relationship": "Outer", "Parallel Aware": false, "Async Capable": false, "Startup Cost": 18751.28, "Total Cost": 18751.29, "Plan Rows": 1, "Plan Width": 8, "Actual Rows": 1, "Actual Loops": 2, "Workers": [], "Plans": [{"Node Type": "Nested Loop", "Parent Relationship": "Outer", "Parallel Aware": false, "Async Capable": false, "Join Type": "Inner", "Startup Cost": 8035.39, "Total Cost": 15171.87, "Plan Rows": 1431762, "Plan Width": 0, "Actual Rows": 2115796, "Actual Loops": 2, "Inner Unique": false, "Join Filter": "(b.userid = u.id)", "Rows Removed by Join Filter": 0, "Workers": [], "Plans": [{"Node Type": "Hash Join", "Parent Relationship": "Outer", "Parallel Aware": true, "Async Capable": false, "Join Type": "Inner", "Startup Cost": 8035.1, "Total Cost": 13555.85, "Plan Rows": 38230.0, "Plan Width": 8, "Actual Rows": 78478, "Actual Loops": 2, "Inner Unique": false, "Hash Cond": "(v.postid = p.id)", "Workers": [], "Plans": [{"Node Type": "Seq Scan", "Parent Relationship": "Outer", "Parallel Aware": true, "Async Capable": false, "Relation Name": "votes", "Alias": "v", "Startup Cost": 0.0, "Total Cost": 4572.24, "Plan Rows": 192977, "Plan Width": 4, "Actual Rows": 164032, "Actual Loops": 2, "Filter": "(creationdate >= '2009-02-02 00:00:00'::timestamp without time zone)", "Rows Removed by Filter": 0, "Workers": []}, {"Node Type": "Hash", "Parent Relationship": "Inner", "Parallel Aware": true, "Async Capable": false, "Startup Cost": 7901.13, "Total Cost": 7901.13, "Plan Rows": 10717, "Plan Width": 20, "Actual Rows": 9099, "Actual Loops": 2, "Hash Buckets": 32768, "Original Hash Buckets": 32768, "Hash Batches": 1, "Original Hash Batches": 1, "Peak Memory Usage": 1280, "Workers": [], "Plans": [{"Node Type": "Hash Join", "Parent Relationship": "Outer", "Parallel Aware": false, "Async Capable": false, "Join Type": "Inner", "Startup Cost": 5040.15, "Total Cost": 7901.13, "Plan Rows": 10717, "Plan Width": 20, "Actual Rows": 9099, "Actual Loops": 2, "Inner Unique": false, "Hash Cond": "(c.postid = p.id)", "Workers": [], "Plans": [{"Node Type": "Seq Scan", "Parent Relationship": "Outer", "Parallel Aware": true, "Async Capable": false, "Relation Name": "comments", "Alias": "c", "Startup Cost": 0.0, "Total Cost": 2369.32, "Plan Rows": 102532, "Plan Width": 4, "Actual Rows": 87152, "Actual Loops": 2, "Workers": []}, {"Node Type": "Hash", "Parent Relationship": "Inner", "Parallel Aware": false, "Async Capable": false, "Startup Cost": 4919.99, "Total Cost": 4919.99, "Plan Rows": 9613, "Plan Width": 16, "Actual Rows": 6710, "Actual Loops": 2, "Hash Buckets": 16384, "Original Hash Buckets": 16384, "Hash Batches": 1, "Original Hash Batches": 1, "Peak Memory Usage": 443, "Workers": [], "Plans": [{"Node Type": "Hash Join", "Parent Relationship": "Outer", "Parallel Aware": false, "Async Capable": false, "Join Type": "Inner", "Startup Cost": 4647.35, "Total Cost": 4919.99, "Plan Rows": 9613, "Plan Width": 16, "Actual Rows": 6710, "Actual Loops": 2, "Inner Unique": true, "Hash Cond": "(p.owneruserid = u.id)", "Workers": [], "Plans": [{"Node Type": "Hash Join", "Parent Relationship": "Outer", "Parallel Aware": false, "Async Capable": false, "Join Type": "Inner", "Startup Cost": 3342.23, "Total Cost": 3589.24, "Plan Rows": 9761, "Plan Width": 12, "Actual Rows": 6879, "Actual Loops": 2, "Inner Unique": true, "Hash Cond": "(pl.relatedpostid = p.id)", "Workers": [], "Plans": [{"Node Type": "Seq Scan", "Parent Relationship": "Outer", "Parallel Aware": false, "Async Capable": false, "Relation Name": "postlinks", "Alias": "pl", "Startup Cost": 0.0, "Total Cost": 220.78, "Plan Rows": 9997, "Plan Width": 4, "Actual Rows": 9994, "Actual Loops": 2, "Filter": "(creationdate <= '2014-06-25 13:05:06'::timestamp without time zone)", "Rows Removed by Filter": 1108, "Workers": []}, {"Node Type": "Hash", "Parent Relationship": "Inner", "Parallel Aware": false, "Async Capable": false, "Startup Cost": 2219.64, "Total Cost": 2219.64, "Plan Rows": 89807, "Plan Width": 8, "Actual Rows": 89806, "Actual Loops": 2, "Hash Buckets": 131072, "Original Hash Buckets": 131072, "Hash Batches": 1, "Original Hash Batches": 1, "Peak Memory Usage": 4527, "Workers": [], "Plans": [{"Node Type": "Seq Scan", "Parent Relationship": "Outer", "Parallel Aware": false, "Async Capable": false, "Relation Name": "posts", "Alias": "p", "Startup Cost": 0.0, "Total Cost": 2219.64, "Plan Rows": 89807, "Plan Width": 8, "Actual Rows": 89806, "Actual Loops": 2, "Filter": "((score >= '-1'::integer) AND (score <= 14))", "Rows Removed by Filter": 2170, "Workers": []}]}]}, {"Node Type": "Hash", "Parent Relationship": "Inner", "Parallel Aware": false, "Async Capable": false, "Startup Cost": 801.06, "Total Cost": 801.06, "Plan Rows": 40325, "Plan Width": 4, "Actual Rows": 40325, "Actual Loops": 2, "Hash Buckets": 65536, "Original Hash Buckets": 65536, "Hash Batches": 1, "Original Hash Batches": 1, "Peak Memory Usage": 1930, "Workers": [], "Plans": [{"Node Type": "Seq Scan", "Parent Relationship": "Outer", "Parallel Aware": false, "Async Capable": false, "Relation Name": "users", "Alias": "u", "Startup Cost": 0.0, "Total Cost": 801.06, "Plan Rows": 40325, "Plan Width": 4, "Actual Rows": 40325, "Actual Loops": 2, "Filter": "(downvotes >= 0)", "Rows Removed by Filter": 0, "Workers": []}]}]}]}]}]}]}, {"Node Type": "Index Scan", "Parent Relationship": "Inner", "Parallel Aware": false, "Async Capable": false, "Scan Direction": "Forward", "Index Name": "idx_badges_userid", "Relation Name": "badges", "Alias": "b", "Startup Cost": 0.29, "Total Cost": 0.39, "Plan Rows": 3, "Plan Width": 4, "Actual Rows": 27, "Actual Loops": 156956, "Index Cond": "(userid = p.owneruserid)", "Rows Removed by Index Recheck": 0, "Filter": "((date >= '2010-08-04 08:50:31'::timestamp without time zone) AND (date <= '2014-09-02 02:51:22'::timestamp without time zone))", "Rows Removed by Filter": 1, "Workers": []}]}]}]}]}, "Planning Time": 17.187, "Triggers": [], "Execution Time": 1006.654}, {"Plan": {"Node Type": "Aggregate", "Strategy": "Plain", "Partial Mode": "Finalize", "Parallel Aware": false, "Async Capable": false, "Startup Cost": 18116.37, "Total Cost": 18116.38, "Plan Rows": 1, "Plan Width": 8, "Actual Rows": 1, "Actual Loops": 1, "Plans": [{"Node Type": "Gather", "Parent Relationship": "Outer", "Parallel Aware": false, "Async Capable": false, "Startup Cost": 18116.26, "Total Cost": 18116.37, "Plan Rows": 1, "Plan Width": 8, "Actual Rows": 2, "Actual Loops": 1, "Workers Planned": 1, "Workers Launched": 1, "Single Copy": false, "Plans": [{"Node Type": "Aggregate", "Strategy": "Plain", "Partial Mode": "Partial", "Parent Relationship": "Outer", "Parallel Aware": false, "Async Capable": false, "Startup Cost": 17116.26, "Total Cost": 17116.27, "Plan Rows": 1, "Plan Width": 8, "Actual Rows": 1, "Actual Loops": 2, "Workers": [], "Plans": [{"Node Type": "Nested Loop", "Parent Relationship": "Outer", "Parallel Aware": false, "Async Capable": false, "Join Type": "Inner", "Startup Cost": 7821.41, "Total Cost": 13536.85, "Plan Rows": 1431762, "Plan Width": 0, "Actual Rows": 2115796, "Actual Loops": 2, "Inner Unique": false, "Join Filter": "(p.id = v.postid)", "Rows Removed by Join Filter": 0, "Workers": [], "Plans": [{"Node Type": "Hash Join", "Parent Relationship": "Outer", "Parallel Aware": false, "Async Capable": false, "Join Type": "Inner", "Startup Cost": 7820.99, "Total Cost": 10944.47, "Plan Rows": 401400.0, "Plan Width": 12, "Actual Rows": 188140, "Actual Loops": 2, "Inner Unique": false, "Hash Cond": "(p.owneruserid = u.id)", "Workers": [], "Plans": [{"Node Type": "Hash Join", "Parent Relationship": "Outer", "Parallel Aware": false, "Async Capable": false, "Join Type": "Inner", "Startup Cost": 3711.26, "Total Cost": 6573.89, "Plan Rows": 10882, "Plan Width": 16, "Actual Rows": 9301, "Actual Loops": 2, "Inner Unique": false, "Hash Cond": "(c.postid = p.id)", "Workers": [], "Plans": [{"Node Type": "Seq Scan", "Parent Relationship": "Outer", "Parallel Aware": true, "Async Capable": false, "Relation Name": "comments", "Alias": "c", "Startup Cost": 0.0, "Total Cost": 2369.32, "Plan Rows": 102532, "Plan Width": 4, "Actual Rows": 87152, "Actual Loops": 2, "Workers": []}, {"Node Type": "Hash", "Parent Relationship": "Inner", "Parallel Aware": false, "Async Capable": false, "Startup Cost": 3589.24, "Total Cost": 3589.24, "Plan Rows": 9761, "Plan Width": 12, "Actual Rows": 6879, "Actual Loops": 2, "Hash Buckets": 16384, "Original Hash Buckets": 16384, "Hash Batches": 1, "Original Hash Batches": 1, "Peak Memory Usage": 423, "Workers": [], "Plans": [{"Node Type": "Hash Join", "Parent Relationship": "Outer", "Parallel Aware": false, "Async Capable": false, "Join Type": "Inner", "Startup Cost": 3342.23, "Total Cost": 3589.24, "Plan Rows": 9761, "Plan Width": 12, "Actual Rows": 6879, "Actual Loops": 2, "Inner Unique": true, "Hash Cond": "(pl.relatedpostid = p.id)", "Workers": [], "Plans": [{"Node Type": "Seq Scan", "Parent Relationship": "Outer", "Parallel Aware": false, "Async Capable": false, "Relation Name": "postlinks", "Alias": "pl", "Startup Cost": 0.0, "Total Cost": 220.78, "Plan Rows": 9997, "Plan Width": 4, "Actual Rows": 9994, "Actual Loops": 2, "Filter": "(creationdate <= '2014-06-25 13:05:06'::timestamp without time zone)", "Rows Removed by Filter": 1108, "Workers": []}, {"Node Type": "Hash", "Parent Relationship": "Inner", "Parallel Aware": false, "Async Capable": false, "Startup Cost": 2219.64, "Total Cost": 2219.64, "Plan Rows": 89807, "Plan Width": 8, "Actual Rows": 89806, "Actual Loops": 2, "Hash Buckets": 131072, "Original Hash Buckets": 131072, "Hash Batches": 1, "Original Hash Batches": 1, "Peak Memory Usage": 4527, "Workers": [], "Plans": [{"Node Type": "Seq Scan", "Parent Relationship": "Outer", "Parallel Aware": false, "Async Capable": false, "Relation Name": "posts", "Alias": "p", "Startup Cost": 0.0, "Total Cost": 2219.64, "Plan Rows": 89807, "Plan Width": 8, "Actual Rows": 89806, "Actual Loops": 2, "Filter": "((score >= '-1'::integer) AND (score <= 14))", "Rows Removed by Filter": 2170, "Workers": []}]}]}]}]}, {"Node Type": "Hash", "Parent Relationship": "Inner", "Parallel Aware": false, "Async Capable": false, "Startup Cost": 3138.81, "Total Cost": 3138.81, "Plan Rows": 77674, "Plan Width": 8, "Actual Rows": 77692, "Actual Loops": 2, "Hash Buckets": 131072, "Original Hash Buckets": 131072, "Hash Batches": 1, "Original Hash Batches": 1, "Peak Memory Usage": 4059, "Workers": [], "Plans": [{"Node Type": "Hash Join", "Parent Relationship": "Outer", "Parallel Aware": false, "Async Capable": false, "Join Type": "Inner", "Startup Cost": 1305.12, "Total Cost": 3138.81, "Plan Rows": 77674, "Plan Width": 8, "Actual Rows": 77692, "Actual Loops": 2, "Inner Unique": true, "Hash Cond": "(b.userid = u.id)", "Workers": [], "Plans": [{"Node Type": "Seq Scan", "Parent Relationship": "Outer", "Parallel Aware": false, "Async Capable": false, "Relation Name": "badges", "Alias": "b", "Startup Cost": 0.0, "Total Cost": 1629.76, "Plan Rows": 77674, "Plan Width": 4, "Actual Rows": 77692, "Actual Loops": 2, "Filter": "((date >= '2010-08-04 08:50:31'::timestamp without time zone) AND (date <= '2014-09-02 02:51:22'::timestamp without time zone))", "Rows Removed by Filter": 2159, "Workers": []}, {"Node Type": "Hash", "Parent Relationship": "Inner", "Parallel Aware": false, "Async Capable": false, "Startup Cost": 801.06, "Total Cost": 801.06, "Plan Rows": 40325, "Plan Width": 4, "Actual Rows": 40325, "Actual Loops": 2, "Hash Buckets": 65536, "Original Hash Buckets": 65536, "Hash Batches": 1, "Original Hash Batches": 1, "Peak Memory Usage": 1930, "Workers": [], "Plans": [{"Node Type": "Seq Scan", "Parent Relationship": "Outer", "Parallel Aware": false, "Async Capable": false, "Relation Name": "users", "Alias": "u", "Startup Cost": 0.0, "Total Cost": 801.06, "Plan Rows": 40325, "Plan Width": 4, "Actual Rows": 40325, "Actual Loops": 2, "Filter": "(downvotes >= 0)", "Rows Removed by Filter": 0, "Workers": []}]}]}]}]}, {"Node Type": "Index Scan", "Parent Relationship": "Inner", "Parallel Aware": false, "Async Capable": false, "Scan Direction": "Forward", "Index Name": "idx_votes_postid", "Relation Name": "votes", "Alias": "v", "Startup Cost": 0.42, "Total Cost": 0.58, "Plan Rows": 5, "Plan Width": 4, "Actual Rows": 11, "Actual Loops": 376280, "Index Cond": "(postid = c.postid)", "Rows Removed by Index Recheck": 0, "Filter": "(creationdate >= '2009-02-02 00:00:00'::timestamp without time zone)", "Rows Removed by Filter": 0, "Workers": []}]}]}]}]}, "Planning Time": 18.063, "Triggers": [], "Execution Time": 1030.164}, {"Plan": {"Node Type": "Aggregate", "Strategy": "Plain", "Partial Mode": "Simple", "Parallel Aware": false, "Async Capable": false, "Startup Cost": 19989.92, "Total Cost": 19989.93, "Plan Rows": 1, "Plan Width": 8, "Actual Rows": 1, "Actual Loops": 1, "Plans": [{"Node Type": "Hash Join", "Parent Relationship": "Outer", "Parallel Aware": false, "Async Capable": false, "Join Type": "Inner", "Startup Cost": 10635.1, "Total Cost": 13904.93, "Plan Rows": 2433996, "Plan Width": 0, "Actual Rows": 4231593, "Actual Loops": 1, "Inner Unique": false, "Hash Cond": "(b.userid = u.id)", "Plans": [{"Node Type": "Seq Scan", "Parent Relationship": "Outer", "Parallel Aware": false, "Async Capable": false, "Relation Name": "badges", "Alias": "b", "Startup Cost": 0.0, "Total Cost": 1629.76, "Plan Rows": 77674, "Plan Width": 4, "Actual Rows": 77692, "Actual Loops": 1, "Filter": "((date >= '2010-08-04 08:50:31'::timestamp without time zone) AND (date <= '2014-09-02 02:51:22'::timestamp without time zone))", "Rows Removed by Filter": 2159}, {"Node Type": "Hash", "Parent Relationship": "Inner", "Parallel Aware": false, "Async Capable": false, "Startup Cost": 9822.81, "Total Cost": 9822.81, "Plan Rows": 64983, "Plan Width": 8, "Actual Rows": 156956, "Actual Loops": 1, "Hash Buckets": 262144, "Original Hash Buckets": 65536, "Hash Batches": 1, "Original Hash Batches": 1, "Peak Memory Usage": 8180, "Plans": [{"Node Type": "Nested Loop", "Parent Relationship": "Outer", "Parallel Aware": false, "Async Capable": false, "Join Type": "Inner", "Startup Cost": 4648.2, "Total Cost": 9822.81, "Plan Rows": 64983, "Plan Width": 8, "Actual Rows": 156956, "Actual Loops": 1, "Inner Unique": false, "Join Filter": "(p.id = v.postid)", "Rows Removed by Join Filter": 0, "Plans": [{"Node Type": "Nested Loop", "Parent Relationship": "Outer", "Parallel Aware": false, "Async Capable": false, "Join Type": "Inner", "Startup Cost": 4647.78, "Total Cost": 8646.16, "Plan Rows": 18220.0, "Plan Width": 20, "Actual Rows": 18198, "Actual Loops": 1, "Inner Unique": false, "Join Filter": "(c.postid = p.id)", "Rows Removed by Join Filter": 0, "Plans": [{"Node Type": "Hash Join", "Parent Relationship": "Outer", "Parallel Aware": false, "Async Capable": false, "Join Type": "Inner", "Startup Cost": 4647.35, "Total Cost": 4919.99, "Plan Rows": 9613, "Plan Width": 16, "Actual Rows": 6710, "Actual Loops": 1, "Inner Unique": true, "Hash Cond": "(p.owneruserid = u.id)", "Plans": [{"Node Type": "Hash Join", "Parent Relationship": "Outer", "Parallel Aware": false, "Async Capable": false, "Join Type": "Inner", "Startup Cost": 3342.23, "Total Cost": 3589.24, "Plan Rows": 9761, "Plan Width": 12, "Actual Rows": 6879, "Actual Loops": 1, "Inner Unique": true, "Hash Cond": "(pl.relatedpostid = p.id)", "Plans": [{"Node Type": "Seq Scan", "Parent Relationship": "Outer", "Parallel Aware": false, "Async Capable": false, "Relation Name": "postlinks", "Alias": "pl", "Startup Cost": 0.0, "Total Cost": 220.78, "Plan Rows": 9997, "Plan Width": 4, "Actual Rows": 9994, "Actual Loops": 1, "Filter": "(creationdate <= '2014-06-25 13:05:06'::timestamp without time zone)", "Rows Removed by Filter": 1108}, {"Node Type": "Hash", "Parent Relationship": "Inner", "Parallel Aware": false, "Async Capable": false, "Startup Cost": 2219.64, "Total Cost": 2219.64, "Plan Rows": 89807, "Plan Width": 8, "Actual Rows": 89806, "Actual Loops": 1, "Hash Buckets": 131072, "Original Hash Buckets": 131072, "Hash Batches": 1, "Original Hash Batches": 1, "Peak Memory Usage": 4527, "Plans": [{"Node Type": "Seq Scan", "Parent Relationship": "Outer", "Parallel Aware": false, "Async Capable": false, "Relation Name": "posts", "Alias": "p", "Startup Cost": 0.0, "Total Cost": 2219.64, "Plan Rows": 89807, "Plan Width": 8, "Actual Rows": 89806, "Actual Loops": 1, "Filter": "((score >= '-1'::integer) AND (score <= 14))", "Rows Removed by Filter": 2170}]}]}, {"Node Type": "Hash", "Parent Relationship": "Inner", "Parallel Aware": false, "Async Capable": false, "Startup Cost": 801.06, "Total Cost": 801.06, "Plan Rows": 40325, "Plan Width": 4, "Actual Rows": 40325, "Actual Loops": 1, "Hash Buckets": 65536, "Original Hash Buckets": 65536, "Hash Batches": 1, "Original Hash Batches": 1, "Peak Memory Usage": 1930, "Plans": [{"Node Type": "Seq Scan", "Parent Relationship": "Outer", "Parallel Aware": false, "Async Capable": false, "Relation Name": "users", "Alias": "u", "Startup Cost": 0.0, "Total Cost": 801.06, "Plan Rows": 40325, "Plan Width": 4, "Actual Rows": 40325, "Actual Loops": 1, "Filter": "(downvotes >= 0)", "Rows Removed by Filter": 0}]}]}, {"Node Type": "Memoize", "Parent Relationship": "Inner", "Parallel Aware": false, "Async Capable": false, "Startup Cost": 0.43, "Total Cost": 0.63, "Plan Rows": 3, "Plan Width": 4, "Actual Rows": 3, "Actual Loops": 6710, "Cache Key": "pl.relatedpostid", "Cache Mode": "logical", "Cache Hits": 2650, "Cache Misses": 4060, "Cache Evictions": 0, "Cache Overflows": 0, "Peak Memory Usage": 647, "Plans": [{"Node Type": "Index Only Scan", "Parent Relationship": "Outer", "Parallel Aware": false, "Async Capable": false, "Scan Direction": "Forward", "Index Name": "idx_comments_postid", "Relation Name": "comments", "Alias": "c", "Startup Cost": 0.42, "Total Cost": 0.62, "Plan Rows": 3, "Plan Width": 4, "Actual Rows": 3, "Actual Loops": 4060, "Index Cond": "(postid = pl.relatedpostid)", "Rows Removed by Index Recheck": 0, "Heap Fetches": 0}]}]}, {"Node Type": "Index Scan", "Parent Relationship": "Inner", "Parallel Aware": false, "Async Capable": false, "Scan Direction": "Forward", "Index Name": "idx_votes_postid", "Relation Name": "votes", "Alias": "v", "Startup Cost": 0.42, "Total Cost": 0.58, "Plan Rows": 5, "Plan Width": 4, "Actual Rows": 9, "Actual Loops": 18198, "Index Cond": "(postid = c.postid)", "Rows Removed by Index Recheck": 0, "Filter": "(creationdate >= '2009-02-02 00:00:00'::timestamp without time zone)", "Rows Removed by Filter": 0}]}]}]}]}, "Planning Time": 11.567, "Triggers": [], "Execution Time": 565.86}, {"Plan": {"Node Type": "Aggregate", "Strategy": "Plain", "Partial Mode": "Finalize", "Parallel Aware": false, "Async Capable": false, "Startup Cost": 30273.75, "Total Cost": 30273.76, "Plan Rows": 1, "Plan Width": 8, "Actual Rows": 1, "Actual Loops": 1, "Plans": [{"Node Type": "Gather", "Parent Relationship": "Outer", "Parallel Aware": false, "Async Capable": false, "Startup Cost": 30273.53, "Total Cost": 30273.74, "Plan Rows": 2, "Plan Width": 8, "Actual Rows": 3, "Actual Loops": 1, "Workers Planned": 2, "Workers Launched": 2, "Single Copy": false, "Plans": [{"Node Type": "Aggregate", "Strategy": "Plain", "Partial Mode": "Partial", "Parent Relationship": "Outer", "Parallel Aware": false, "Async Capable": false, "Startup Cost": 29273.53, "Total Cost": 29273.54, "Plan Rows": 1, "Plan Width": 8, "Actual Rows": 1, "Actual Loops": 3, "Workers": [], "Plans": [{"Node Type": "Nested Loop", "Parent Relationship": "Outer", "Parallel Aware": false, "Async Capable": false, "Join Type": "Inner", "Startup Cost": 12541.54, "Total Cost": 26738.12, "Plan Rows": 1014165, "Plan Width": 0, "Actual Rows": 1410531, "Actual Loops": 3, "Inner Unique": false, "Join Filter": "(b.userid = u.id)", "Rows Removed by Join Filter": 0, "Workers": [], "Plans": [{"Node Type": "Hash Join", "Parent Relationship": "Outer", "Parallel Aware": true, "Async Capable": false, "Join Type": "Inner", "Startup Cost": 12541.24, "Total Cost": 16713.12, "Plan Rows": 27076, "Plan Width": 8, "Actual Rows": 52319, "Actual Loops": 3, "Inner Unique": false, "Hash Cond": "(pl.relatedpostid = p.id)", "Workers": [], "Plans": [{"Node Type": "Merge Join", "Parent Relationship": "Outer", "Parallel Aware": false, "Async Capable": false, "Join Type": "Inner", "Startup Cost": 0.71, "Total Cost": 3819.31, "Plan Rows": 14032, "Plan Width": 8, "Actual Rows": 10003, "Actual Loops": 3, "Inner Unique": false, "Merge Cond": "(c.postid = pl.relatedpostid)", "Workers": [], "Plans": [{"Node Type": "Index Only Scan", "Parent Relationship": "Outer", "Parallel Aware": true, "Async Capable": false, "Scan Direction": "Forward", "Index Name": "idx_comments_postid", "Relation Name": "comments", "Alias": "c", "Startup Cost": 0.42, "Total Cost": 2872.37, "Plan Rows": 72627, "Plan Width": 4, "Actual Rows": 53330, "Actual Loops": 3, "Heap Fetches": 0, "Workers": []}, {"Node Type": "Materialize", "Parent Relationship": "Inner", "Parallel Aware": false, "Async Capable": false, "Startup Cost": 0.29, "Total Cost": 583.71, "Plan Rows": 9997, "Plan Width": 4, "Actual Rows": 17496, "Actual Loops": 3, "Workers": [], "Plans": [{"Node Type": "Index Scan", "Parent Relationship": "Outer", "Parallel Aware": false, "Async Capable": false, "Scan Direction": "Forward", "Index Name": "idx_postlinks_relatedpostid", "Relation Name": "postlinks", "Alias": "pl", "Startup Cost": 0.29, "Total Cost": 558.72, "Plan Rows": 9997, "Plan Width": 4, "Actual Rows": 9994, "Actual Loops": 3, "Filter": "(creationdate <= '2014-06-25 13:05:06'::timestamp without time zone)", "Rows Removed by Filter": 1108, "Workers": []}]}]}, {"Node Type": "Hash", "Parent Relationship": "Inner", "Parallel Aware": true, "Async Capable": false, "Startup Cost": 10220.85, "Total Cost": 10220.85, "Plan Rows": 185575, "Plan Width": 16, "Actual Rows": 86785, "Actual Loops": 3, "Hash Buckets": 524288, "Original Hash Buckets": 524288, "Hash Batches": 1, "Original Hash Batches": 1, "Peak Memory Usage": 16320, "Workers": [], "Plans": [{"Node Type": "Hash Join", "Parent Relationship": "Outer", "Parallel Aware": false, "Async Capable": false, "Join Type": "Inner", "Startup Cost": 4647.35, "Total Cost": 10220.85, "Plan Rows": 185575, "Plan Width": 16, "Actual Rows": 86785, "Actual Loops": 3, "Inner Unique": true, "Hash Cond": "(p.owneruserid = u.id)", "Workers": [], "Plans": [{"Node Type": "Hash Join", "Parent Relationship": "Outer", "Parallel Aware": false, "Async Capable": false, "Join Type": "Inner", "Startup Cost": 3342.23, "Total Cost": 8421.05, "Plan Rows": 188426, "Plan Width": 12, "Actual Rows": 88307, "Actual Loops": 3, "Inner Unique": true, "Hash Cond": "(v.postid = p.id)", "Workers": [], "Plans": [{"Node Type": "Seq Scan", "Parent Relationship": "Outer", "Parallel Aware": true, "Async Capable": false, "Relation Name": "votes", "Alias": "v", "Startup Cost": 0.0, "Total Cost": 4572.24, "Plan Rows": 192977, "Plan Width": 4, "Actual Rows": 109355, "Actual Loops": 3, "Filter": "(creationdate >= '2009-02-02 00:00:00'::timestamp without time zone)", "Rows Removed by Filter": 0, "Workers": []}, {"Node Type": "Hash", "Parent Relationship": "Inner", "Parallel Aware": false, "Async Capable": false, "Startup Cost": 2219.64, "Total Cost": 2219.64, "Plan Rows": 89807, "Plan Width": 8, "Actual Rows": 89806, "Actual Loops": 3, "Hash Buckets": 131072, "Original Hash Buckets": 131072, "Hash Batches": 1, "Original Hash Batches": 1, "Peak Memory Usage": 4527, "Workers": [], "Plans": [{"Node Type": "Seq Scan", "Parent Relationship": "Outer", "Parallel Aware": false, "Async Capable": false, "Relation Name": "posts", "Alias": "p", "Startup Cost": 0.0, "Total Cost": 2219.64, "Plan Rows": 89807, "Plan Width": 8, "Actual Rows": 89806, "Actual Loops": 3, "Filter": "((score >= '-1'::integer) AND (score <= 14))", "Rows Removed by Filter": 2170, "Workers": []}]}]}, {"Node Type": "Hash", "Parent Relationship": "Inner", "Parallel Aware": false, "Async Capable": false, "Startup Cost": 801.06, "Total Cost": 801.06, "Plan Rows": 40325, "Plan Width": 4, "Actual Rows": 40325, "Actual Loops": 3, "Hash Buckets": 65536, "Original Hash Buckets": 65536, "Hash Batches": 1, "Original Hash Batches": 1, "Peak Memory Usage": 1930, "Workers": [], "Plans": [{"Node Type": "Seq Scan", "Parent Relationship": "Outer", "Parallel Aware": false, "Async Capable": false, "Relation Name": "users", "Alias": "u", "Startup Cost": 0.0, "Total Cost": 801.06, "Plan Rows": 40325, "Plan Width": 4, "Actual Rows": 40325, "Actual Loops": 3, "Filter": "(downvotes >= 0)", "Rows Removed by Filter": 0, "Workers": []}]}]}]}]}, {"Node Type": "Memoize", "Parent Relationship": "Inner", "Parallel Aware": false, "Async Capable": false, "Startup Cost": 0.3, "Total Cost": 0.4, "Plan Rows": 3, "Plan Width": 4, "Actual Rows": 27, "Actual Loops": 156956, "Cache Key": "p.owneruserid", "Cache Mode": "logical", "Cache Hits": 53636, "Cache Misses": 740, "Cache Evictions": 0, "Cache Overflows": 0, "Peak Memory Usage": 391, "Workers": [{"Worker Number": 0, "Cache Hits": 49862, "Cache Misses": 667, "Cache Evictions": 0, "Cache Overflows": 0, "Peak Memory Usage": 347}, {"Worker Number": 1, "Cache Hits": 51312, "Cache Misses": 739, "Cache Evictions": 0, "Cache Overflows": 0, "Peak Memory Usage": 400}], "Plans": [{"Node Type": "Index Scan", "Parent Relationship": "Outer", "Parallel Aware": false, "Async Capable": false, "Scan Direction": "Forward", "Index Name": "idx_badges_userid", "Relation Name": "badges", "Alias": "b", "Startup Cost": 0.29, "Total Cost": 0.39, "Plan Rows": 3, "Plan Width": 4, "Actual Rows": 13, "Actual Loops": 2146, "Index Cond": "(userid = p.owneruserid)", "Rows Removed by Index Recheck": 0, "Filter": "((date >= '2010-08-04 08:50:31'::timestamp without time zone) AND (date <= '2014-09-02 02:51:22'::timestamp without time zone))", "Rows Removed by Filter": 0, "Workers": []}]}]}]}]}]}, "Planning Time": 12.834, "Triggers": [], "Execution Time": 379.481}, {"Plan": {"Node Type": "Aggregate", "Strategy": "Plain", "Partial Mode": "Simple", "Parallel Aware": false, "Async Capable": false, "Startup Cost": 28370.09, "Total Cost": 28370.1, "Plan Rows": 1, "Plan Width": 8, "Actual Rows": 1, "Actual Loops": 1, "Plans": [{"Node Type": "Hash Join", "Parent Relationship": "Outer", "Parallel Aware": false, "Async Capable": false, "Join Type": "Inner", "Startup Cost": 19015.26, "Total Cost": 22285.1, "Plan Rows": 2433996, "Plan Width": 0, "Actual Rows": 4231593, "Actual Loops": 1, "Inner Unique": false, "Hash Cond": "(b.userid = u.id)", "Plans": [{"Node Type": "Seq Scan", "Parent Relationship": "Outer", "Parallel Aware": false, "Async Capable": false, "Relation Name": "badges", "Alias": "b", "Startup Cost": 0.0, "Total Cost": 1629.76, "Plan Rows": 77674, "Plan Width": 4, "Actual Rows": 77692, "Actual Loops": 1, "Filter": "((date >= '2010-08-04 08:50:31'::timestamp without time zone) AND (date <= '2014-09-02 02:51:22'::timestamp without time zone))", "Rows Removed by Filter": 2159}, {"Node Type": "Hash", "Parent Relationship": "Inner", "Parallel Aware": false, "Async Capable": false, "Startup Cost": 18202.98, "Total Cost": 18202.98, "Plan Rows": 64983, "Plan Width": 8, "Actual Rows": 156956, "Actual Loops": 1, "Hash Buckets": 262144, "Original Hash Buckets": 65536, "Hash Batches": 1, "Original Hash Batches": 1, "Peak Memory Usage": 8180, "Plans": [{"Node Type": "Hash Join", "Parent Relationship": "Outer", "Parallel Aware": false, "Async Capable": false, "Join Type": "Inner", "Startup Cost": 12070.28, "Total Cost": 18202.98, "Plan Rows": 64983, "Plan Width": 8, "Actual Rows": 156956, "Actual Loops": 1, "Inner Unique": true, "Hash Cond": "(p.owneruserid = u.id)", "Plans": [{"Node Type": "Hash Join", "Parent Relationship": "Outer", "Parallel Aware": false, "Async Capable": false, "Join Type": "Inner", "Startup Cost": 10765.15, "Total Cost": 15165.65, "Plan Rows": 65982.0, "Plan Width": 4, "Actual Rows": 159813, "Actual Loops": 1, "Inner Unique": false, "Hash Cond": "(c.postid = p.id)", "Plans": [{"Node Type": "Seq Scan", "Parent Relationship": "Outer", "Parallel Aware": false, "Async Capable": false, "Relation Name": "comments", "Alias": "c", "Startup Cost": 0.0, "Total Cost": 3087.05, "Plan Rows": 174305, "Plan Width": 4, "Actual Rows": 174305, "Actual Loops": 1}, {"Node Type": "Hash", "Parent Relationship": "Inner", "Parallel Aware": false, "Async Capable": false, "Startup Cost": 10329.95, "Total Cost": 10329.95, "Plan Rows": 34816, "Plan Width": 16, "Actual Rows": 56968, "Actual Loops": 1, "Hash Buckets": 65536, "Original Hash Buckets": 65536, "Hash Batches": 1, "Original Hash Batches": 1, "Peak Memory Usage": 3177, "Plans": [{"Node Type": "Nested Loop", "Parent Relationship": "Outer", "Parallel Aware": false, "Async Capable": false, "Join Type": "Inner", "Startup Cost": 3342.65, "Total Cost": 10329.95, "Plan Rows": 34816, "Plan Width": 16, "Actual Rows": 56968, "Actual Loops": 1, "Inner Unique": false, "Plans": [{"Node Type": "Hash Join", "Parent Relationship": "Outer", "Parallel Aware": false, "Async Capable": false, "Join Type": "Inner", "Startup Cost": 3342.23, "Total Cost": 3589.24, "Plan Rows": 9761, "Plan Width": 12, "Actual Rows": 6879, "Actual Loops": 1, "Inner Unique": true, "Hash Cond": "(pl.relatedpostid = p.id)", "Plans": [{"Node Type": "Seq Scan", "Parent Relationship": "Outer", "Parallel Aware": false, "Async Capable": false, "Relation Name": "postlinks", "Alias": "pl", "Startup Cost": 0.0, "Total Cost": 220.78, "Plan Rows": 9997, "Plan Width": 4, "Actual Rows": 9994, "Actual Loops": 1, "Filter": "(creationdate <= '2014-06-25 13:05:06'::timestamp without time zone)", "Rows Removed by Filter": 1108}, {"Node Type": "Hash", "Parent Relationship": "Inner", "Parallel Aware": false, "Async Capable": false, "Startup Cost": 2219.64, "Total Cost": 2219.64, "Plan Rows": 89807, "Plan Width": 8, "Actual Rows": 89806, "Actual Loops": 1, "Hash Buckets": 131072, "Original Hash Buckets": 131072, "Hash Batches": 1, "Original Hash Batches": 1, "Peak Memory Usage": 4527, "Plans": [{"Node Type": "Seq Scan", "Parent Relationship": "Outer", "Parallel Aware": false, "Async Capable": false, "Relation Name": "posts", "Alias": "p", "Startup Cost": 0.0, "Total Cost": 2219.64, "Plan Rows": 89807, "Plan Width": 8, "Actual Rows": 89806, "Actual Loops": 1, "Filter": "((score >= '-1'::integer) AND (score <= 14))", "Rows Removed by Filter": 2170}]}]}, {"Node Type": "Index Scan", "Parent Relationship": "Inner", "Parallel Aware": false, "Async Capable": false, "Scan Direction": "Forward", "Index Name": "idx_votes_postid", "Relation Name": "votes", "Alias": "v", "Startup Cost": 0.42, "Total Cost": 0.64, "Plan Rows": 5, "Plan Width": 4, "Actual Rows": 8, "Actual Loops": 6879, "Index Cond": "(postid = p.id)", "Rows Removed by Index Recheck": 0, "Filter": "(creationdate >= '2009-02-02 00:00:00'::timestamp without time zone)", "Rows Removed by Filter": 0}]}]}]}, {"Node Type": "Hash", "Parent Relationship": "Inner", "Parallel Aware": false, "Async Capable": false, "Startup Cost": 801.06, "Total Cost": 801.06, "Plan Rows": 40325, "Plan Width": 4, "Actual Rows": 40325, "Actual Loops": 1, "Hash Buckets": 65536, "Original Hash Buckets": 65536, "Hash Batches": 1, "Original Hash Batches": 1, "Peak Memory Usage": 1930, "Plans": [{"Node Type": "Seq Scan", "Parent Relationship": "Outer", "Parallel Aware": false, "Async Capable": false, "Relation Name": "users", "Alias": "u", "Startup Cost": 0.0, "Total Cost": 801.06, "Plan Rows": 40325, "Plan Width": 4, "Actual Rows": 40325, "Actual Loops": 1, "Filter": "(downvotes >= 0)", "Rows Removed by Filter": 0}]}]}]}]}]}, "Planning Time": 11.509, "Triggers": [], "Execution Time": 647.883}, {"Plan": {"Node Type": "Aggregate", "Strategy": "Plain", "Partial Mode": "Finalize", "Parallel Aware": false, "Async Capable": false, "Startup Cost": 16896.17, "Total Cost": 16896.18, "Plan Rows": 1, "Plan Width": 8, "Actual Rows": 1, "Actual Loops": 1, "Plans": [{"Node Type": "Gather", "Parent Relationship": "Outer", "Parallel Aware": false, "Async Capable": false, "Startup Cost": 16896.06, "Total Cost": 16896.17, "Plan Rows": 1, "Plan Width": 8, "Actual Rows": 2, "Actual Loops": 1, "Workers Planned": 1, "Workers Launched": 1, "Single Copy": false, "Plans": [{"Node Type": "Aggregate", "Strategy": "Plain", "Partial Mode": "Partial", "Parent Relationship": "Outer", "Parallel Aware": false, "Async Capable": false, "Startup Cost": 15896.06, "Total Cost": 15896.07, "Plan Rows": 1, "Plan Width": 8, "Actual Rows": 1, "Actual Loops": 2, "Workers": [], "Plans": [{"Node Type": "Hash Join", "Parent Relationship": "Outer", "Parallel Aware": false, "Async Capable": false, "Join Type": "Inner", "Startup Cost": 7821.41, "Total Cost": 12316.65, "Plan Rows": 1431762, "Plan Width": 0, "Actual Rows": 2115796, "Actual Loops": 2, "Inner Unique": false, "Hash Cond": "(p.owneruserid = u.id)", "Workers": [], "Plans": [{"Node Type": "Nested Loop", "Parent Relationship": "Outer", "Parallel Aware": false, "Async Capable": false, "Join Type": "Inner", "Startup Cost": 3711.68, "Total Cost": 7276.56, "Plan Rows": 38813, "Plan Width": 4, "Actual Rows": 79906, "Actual Loops": 2, "Inner Unique": false, "Join Filter": "(p.id = v.postid)", "Rows Removed by Join Filter": 0, "Workers": [], "Plans": [{"Node Type": "Hash Join", "Parent Relationship": "Outer", "Parallel Aware": false, "Async Capable": false, "Join Type": "Inner", "Startup Cost": 3711.26, "Total Cost": 6573.89, "Plan Rows": 10880.0, "Plan Width": 16, "Actual Rows": 9301, "Actual Loops": 2, "Inner Unique": false, "Hash Cond": "(c.postid = p.id)", "Workers": [], "Plans": [{"Node Type": "Seq Scan", "Parent Relationship": "Outer", "Parallel Aware": true, "Async Capable": false, "Relation Name": "comments", "Alias": "c", "Startup Cost": 0.0, "Total Cost": 2369.32, "Plan Rows": 102532, "Plan Width": 4, "Actual Rows": 87152, "Actual Loops": 2, "Workers": []}, {"Node Type": "Hash", "Parent Relationship": "Inner", "Parallel Aware": false, "Async Capable": false, "Startup Cost": 3589.24, "Total Cost": 3589.24, "Plan Rows": 9761, "Plan Width": 12, "Actual Rows": 6879, "Actual Loops": 2, "Hash Buckets": 16384, "Original Hash Buckets": 16384, "Hash Batches": 1, "Original Hash Batches": 1, "Peak Memory Usage": 423, "Workers": [], "Plans": [{"Node Type": "Hash Join", "Parent Relationship": "Outer", "Parallel Aware": false, "Async Capable": false, "Join Type": "Inner", "Startup Cost": 3342.23, "Total Cost": 3589.24, "Plan Rows": 9761, "Plan Width": 12, "Actual Rows": 6879, "Actual Loops": 2, "Inner Unique": true, "Hash Cond": "(pl.relatedpostid = p.id)", "Workers": [], "Plans": [{"Node Type": "Seq Scan", "Parent Relationship": "Outer", "Parallel Aware": false, "Async Capable": false, "Relation Name": "postlinks", "Alias": "pl", "Startup Cost": 0.0, "Total Cost": 220.78, "Plan Rows": 9997, "Plan Width": 4, "Actual Rows": 9994, "Actual Loops": 2, "Filter": "(creationdate <= '2014-06-25 13:05:06'::timestamp without time zone)", "Rows Removed by Filter": 1108, "Workers": []}, {"Node Type": "Hash", "Parent Relationship": "Inner", "Parallel Aware": false, "Async Capable": false, "Startup Cost": 2219.64, "Total Cost": 2219.64, "Plan Rows": 89807, "Plan Width": 8, "Actual Rows": 89806, "Actual Loops": 2, "Hash Buckets": 131072, "Original Hash Buckets": 131072, "Hash Batches": 1, "Original Hash Batches": 1, "Peak Memory Usage": 4527, "Workers": [], "Plans": [{"Node Type": "Seq Scan", "Parent Relationship": "Outer", "Parallel Aware": false, "Async Capable": false, "Relation Name": "posts", "Alias": "p", "Startup Cost": 0.0, "Total Cost": 2219.64, "Plan Rows": 89807, "Plan Width": 8, "Actual Rows": 89806, "Actual Loops": 2, "Filter": "((score >= '-1'::integer) AND (score <= 14))", "Rows Removed by Filter": 2170, "Workers": []}]}]}]}]}, {"Node Type": "Index Scan", "Parent Relationship": "Inner", "Parallel Aware": false, "Async Capable": false, "Scan Direction": "Forward", "Index Name": "idx_votes_postid", "Relation Name": "votes", "Alias": "v", "Startup Cost": 0.42, "Total Cost": 0.58, "Plan Rows": 5, "Plan Width": 4, "Actual Rows": 9, "Actual Loops": 18602, "Index Cond": "(postid = c.postid)", "Rows Removed by Index Recheck": 0, "Filter": "(creationdate >= '2009-02-02 00:00:00'::timestamp without time zone)", "Rows Removed by Filter": 0, "Workers": []}]}, {"Node Type": "Hash", "Parent Relationship": "Inner", "Parallel Aware": false, "Async Capable": false, "Startup Cost": 3138.81, "Total Cost": 3138.81, "Plan Rows": 77674, "Plan Width": 8, "Actual Rows": 77692, "Actual Loops": 2, "Hash Buckets": 131072, "Original Hash Buckets": 131072, "Hash Batches": 1, "Original Hash Batches": 1, "Peak Memory Usage": 4059, "Workers": [], "Plans": [{"Node Type": "Hash Join", "Parent Relationship": "Outer", "Parallel Aware": false, "Async Capable": false, "Join Type": "Inner", "Startup Cost": 1305.12, "Total Cost": 3138.81, "Plan Rows": 77674, "Plan Width": 8, "Actual Rows": 77692, "Actual Loops": 2, "Inner Unique": true, "Hash Cond": "(b.userid = u.id)", "Workers": [], "Plans": [{"Node Type": "Seq Scan", "Parent Relationship": "Outer", "Parallel Aware": false, "Async Capable": false, "Relation Name": "badges", "Alias": "b", "Startup Cost": 0.0, "Total Cost": 1629.76, "Plan Rows": 77674, "Plan Width": 4, "Actual Rows": 77692, "Actual Loops": 2, "Filter": "((date >= '2010-08-04 08:50:31'::timestamp without time zone) AND (date <= '2014-09-02 02:51:22'::timestamp without time zone))", "Rows Removed by Filter": 2159, "Workers": []}, {"Node Type": "Hash", "Parent Relationship": "Inner", "Parallel Aware": false, "Async Capable": false, "Startup Cost": 801.06, "Total Cost": 801.06, "Plan Rows": 40325, "Plan Width": 4, "Actual Rows": 40325, "Actual Loops": 2, "Hash Buckets": 65536, "Original Hash Buckets": 65536, "Hash Batches": 1, "Original Hash Batches": 1, "Peak Memory Usage": 1930, "Workers": [], "Plans": [{"Node Type": "Seq Scan", "Parent Relationship": "Outer", "Parallel Aware": false, "Async Capable": false, "Relation Name": "users", "Alias": "u", "Startup Cost": 0.0, "Total Cost": 801.06, "Plan Rows": 40325, "Plan Width": 4, "Actual Rows": 40325, "Actual Loops": 2, "Filter": "(downvotes >= 0)", "Rows Removed by Filter": 0, "Workers": []}]}]}]}]}]}]}]}, "Planning Time": 16.745, "Triggers": [], "Execution Time": 384.459}, {"Plan": {"Node Type": "Aggregate", "Strategy": "Plain", "Partial Mode": "Finalize", "Parallel Aware": false, "Async Capable": false, "Startup Cost": 23257.67, "Total Cost": 23257.68, "Plan Rows": 1, "Plan Width": 8, "Actual Rows": 1, "Actual Loops": 1, "Plans": [{"Node Type": "Gather", "Parent Relationship": "Outer", "Parallel Aware": false, "Async Capable": false, "Startup Cost": 23257.45, "Total Cost": 23257.66, "Plan Rows": 2, "Plan Width": 8, "Actual Rows": 3, "Actual Loops": 1, "Workers Planned": 2, "Workers Launched": 2, "Single Copy": false, "Plans": [{"Node Type": "Aggregate", "Strategy": "Plain", "Partial Mode": "Partial", "Parent Relationship": "Outer", "Parallel Aware": false, "Async Capable": false, "Startup Cost": 22257.45, "Total Cost": 22257.46, "Plan Rows": 1, "Plan Width": 8, "Actual Rows": 1, "Actual Loops": 3, "Workers": [], "Plans": [{"Node Type": "Hash Join", "Parent Relationship": "Outer", "Parallel Aware": false, "Async Capable": false, "Join Type": "Inner", "Startup Cost": 14886.81, "Total Cost": 19722.04, "Plan Rows": 1014165, "Plan Width": 0, "Actual Rows": 1410531, "Actual Loops": 3, "Inner Unique": false, "Hash Cond": "(p.owneruserid = u.id)", "Workers": [], "Plans": [{"Node Type": "Hash Join", "Parent Relationship": "Outer", "Parallel Aware": true, "Async Capable": false, "Join Type": "Inner", "Startup Cost": 10777.08, "Total Cost": 14953.31, "Plan Rows": 27492, "Plan Width": 4, "Actual Rows": 53271, "Actual Loops": 3, "Inner Unique": false, "Hash Cond": "(pl.relatedpostid = p.id)", "Workers": [], "Plans": [{"Node Type": "Merge Join", "Parent Relationship": "Outer", "Parallel Aware": false, "Async Capable": false, "Join Type": "Inner", "Startup Cost": 0.71, "Total Cost": 3819.31, "Plan Rows": 14032, "Plan Width": 8, "Actual Rows": 10003, "Actual Loops": 3, "Inner Unique": false, "Merge Cond": "(c.postid = pl.relatedpostid)", "Workers": [], "Plans": [{"Node Type": "Index Only Scan", "Parent Relationship": "Outer", "Parallel Aware": true, "Async Capable": false, "Scan Direction": "Forward", "Index Name": "idx_comments_postid", "Relation Name": "comments", "Alias": "c", "Startup Cost": 0.42, "Total Cost": 2872.37, "Plan Rows": 72627, "Plan Width": 4, "Actual Rows": 53330, "Actual Loops": 3, "Heap Fetches": 0, "Workers": []}, {"Node Type": "Materialize", "Parent Relationship": "Inner", "Parallel Aware": false, "Async Capable": false, "Startup Cost": 0.29, "Total Cost": 583.71, "Plan Rows": 9997, "Plan Width": 4, "Actual Rows": 17496, "Actual Loops": 3, "Workers": [], "Plans": [{"Node Type": "Index Scan", "Parent Relationship": "Outer", "Parallel Aware": false, "Async Capable": false, "Scan Direction": "Forward", "Index Name": "idx_postlinks_relatedpostid", "Relation Name": "postlinks", "Alias": "pl", "Startup Cost": 0.29, "Total Cost": 558.72, "Plan Rows": 9997, "Plan Width": 4, "Actual Rows": 9994, "Actual Loops": 3, "Filter": "(creationdate <= '2014-06-25 13:05:06'::timestamp without time zone)", "Rows Removed by Filter": 1108, "Workers": []}]}]}, {"Node Type": "Hash", "Parent Relationship": "Inner", "Parallel Aware": true, "Async Capable": false, "Startup Cost": 8421.05, "Total Cost": 8421.05, "Plan Rows": 188426, "Plan Width": 12, "Actual Rows": 88307, "Actual Loops": 3, "Hash Buckets": 524288, "Original Hash Buckets": 524288, "Hash Batches": 1, "Original Hash Batches": 1, "Peak Memory Usage": 16544, "Workers": [], "Plans": [{"Node Type": "Hash Join", "Parent Relationship": "Outer", "Parallel Aware": false, "Async Capable": false, "Join Type": "Inner", "Startup Cost": 3342.23, "Total Cost": 8421.05, "Plan Rows": 188426, "Plan Width": 12, "Actual Rows": 88307, "Actual Loops": 3, "Inner Unique": true, "Hash Cond": "(v.postid = p.id)", "Workers": [], "Plans": [{"Node Type": "Seq Scan", "Parent Relationship": "Outer", "Parallel Aware": true, "Async Capable": false, "Relation Name": "votes", "Alias": "v", "Startup Cost": 0.0, "Total Cost": 4572.24, "Plan Rows": 192977, "Plan Width": 4, "Actual Rows": 109355, "Actual Loops": 3, "Filter": "(creationdate >= '2009-02-02 00:00:00'::timestamp without time zone)", "Rows Removed by Filter": 0, "Workers": []}, {"Node Type": "Hash", "Parent Relationship": "Inner", "Parallel Aware": false, "Async Capable": false, "Startup Cost": 2219.64, "Total Cost": 2219.64, "Plan Rows": 89807, "Plan Width": 8, "Actual Rows": 89806, "Actual Loops": 3, "Hash Buckets": 131072, "Original Hash Buckets": 131072, "Hash Batches": 1, "Original Hash Batches": 1, "Peak Memory Usage": 4527, "Workers": [], "Plans": [{"Node Type": "Seq Scan", "Parent Relationship": "Outer", "Parallel Aware": false, "Async Capable": false, "Relation Name": "posts", "Alias": "p", "Startup Cost": 0.0, "Total Cost": 2219.64, "Plan Rows": 89807, "Plan Width": 8, "Actual Rows": 89806, "Actual Loops": 3, "Filter": "((score >= '-1'::integer) AND (score <= 14))", "Rows Removed by Filter": 2170, "Workers": []}]}]}]}]}, {"Node Type": "Hash", "Parent Relationship": "Inner", "Parallel Aware": false, "Async Capable": false, "Startup Cost": 3138.81, "Total Cost": 3138.81, "Plan Rows": 77674, "Plan Width": 8, "Actual Rows": 77692, "Actual Loops": 3, "Hash Buckets": 131072, "Original Hash Buckets": 131072, "Hash Batches": 1, "Original Hash Batches": 1, "Peak Memory Usage": 4059, "Workers": [], "Plans": [{"Node Type": "Hash Join", "Parent Relationship": "Outer", "Parallel Aware": false, "Async Capable": false, "Join Type": "Inner", "Startup Cost": 1305.12, "Total Cost": 3138.81, "Plan Rows": 77674, "Plan Width": 8, "Actual Rows": 77692, "Actual Loops": 3, "Inner Unique": true, "Hash Cond": "(b.userid = u.id)", "Workers": [], "Plans": [{"Node Type": "Seq Scan", "Parent Relationship": "Outer", "Parallel Aware": false, "Async Capable": false, "Relation Name": "badges", "Alias": "b", "Startup Cost": 0.0, "Total Cost": 1629.76, "Plan Rows": 77674, "Plan Width": 4, "Actual Rows": 77692, "Actual Loops": 3, "Filter": "((date >= '2010-08-04 08:50:31'::timestamp without time zone) AND (date <= '2014-09-02 02:51:22'::timestamp without time zone))", "Rows Removed by Filter": 2159, "Workers": []}, {"Node Type": "Hash", "Parent Relationship": "Inner", "Parallel Aware": false, "Async Capable": false, "Startup Cost": 801.06, "Total Cost": 801.06, "Plan Rows": 40325, "Plan Width": 4, "Actual Rows": 40325, "Actual Loops": 3, "Hash Buckets": 65536, "Original Hash Buckets": 65536, "Hash Batches": 1, "Original Hash Batches": 1, "Peak Memory Usage": 1930, "Workers": [], "Plans": [{"Node Type": "Seq Scan", "Parent Relationship": "Outer", "Parallel Aware": false, "Async Capable": false, "Relation Name": "users", "Alias": "u", "Startup Cost": 0.0, "Total Cost": 801.06, "Plan Rows": 40325, "Plan Width": 4, "Actual Rows": 40325, "Actual Loops": 3, "Filter": "(downvotes >= 0)", "Rows Removed by Filter": 0, "Workers": []}]}]}]}]}]}]}]}, "Planning Time": 13.232, "Triggers": [], "Execution Time": 369.232}, {"Plan": {"Node Type": "Aggregate", "Strategy": "Plain", "Partial Mode": "Finalize", "Parallel Aware": false, "Async Capable": false, "Startup Cost": 15875.05, "Total Cost": 15875.06, "Plan Rows": 1, "Plan Width": 8, "Actual Rows": 1, "Actual Loops": 1, "Plans": [{"Node Type": "Gather", "Parent Relationship": "Outer", "Parallel Aware": false, "Async Capable": false, "Startup Cost": 15874.94, "Total Cost": 15875.05, "Plan Rows": 1, "Plan Width": 8, "Actual Rows": 2, "Actual Loops": 1, "Workers Planned": 1, "Workers Launched": 1, "Single Copy": false, "Plans": [{"Node Type": "Aggregate", "Strategy": "Plain", "Partial Mode": "Partial", "Parent Relationship": "Outer", "Parallel Aware": false, "Async Capable": false, "Startup Cost": 14874.94, "Total Cost": 14874.95, "Plan Rows": 1, "Plan Width": 8, "Actual Rows": 1, "Actual Loops": 2, "Workers": [], "Plans": [{"Node Type": "Hash Join", "Parent Relationship": "Outer", "Parallel Aware": false, "Async Capable": false, "Join Type": "Inner", "Startup Cost": 7934.41, "Total Cost": 11295.53, "Plan Rows": 1431762, "Plan Width": 0, "Actual Rows": 2115796, "Actual Loops": 2, "Inner Unique": false, "Hash Cond": "(p.owneruserid = u.id)", "Workers": [], "Plans": [{"Node Type": "Hash Join", "Parent Relationship": "Outer", "Parallel Aware": false, "Async Capable": false, "Join Type": "Inner", "Startup Cost": 4698.52, "Total Cost": 7840.45, "Plan Rows": 38813, "Plan Width": 4, "Actual Rows": 79906, "Actual Loops": 2, "Inner Unique": false, "Hash Cond": "(c.postid = p.id)", "Workers": [], "Plans": [{"Node Type": "Seq Scan", "Parent Relationship": "Outer", "Parallel Aware": true, "Async Capable": false, "Relation Name": "comments", "Alias": "c", "Startup Cost": 0.0, "Total Cost": 2369.32, "Plan Rows": 102532, "Plan Width": 4, "Actual Rows": 87152, "Actual Loops": 2, "Workers": []}, {"Node Type": "Hash", "Parent Relationship": "Inner", "Parallel Aware": false, "Async Capable": false, "Startup Cost": 4263.32, "Total Cost": 4263.32, "Plan Rows": 34816, "Plan Width": 16, "Actual Rows": 56968, "Actual Loops": 2, "Hash Buckets": 65536, "Original Hash Buckets": 65536, "Hash Batches": 1, "Original Hash Batches": 1, "Peak Memory Usage": 3177, "Workers": [], "Plans": [{"Node Type": "Nested Loop", "Parent Relationship": "Outer", "Parallel Aware": false, "Async Capable": false, "Join Type": "Inner", "Startup Cost": 3342.65, "Total Cost": 4263.32, "Plan Rows": 34816, "Plan Width": 16, "Actual Rows": 56968, "Actual Loops": 2, "Inner Unique": false, "Workers": [], "Plans": [{"Node Type": "Hash Join", "Parent Relationship": "Outer", "Parallel Aware": false, "Async Capable": false, "Join Type": "Inner", "Startup Cost": 3342.23, "Total Cost": 3589.24, "Plan Rows": 9760.0, "Plan Width": 12, "Actual Rows": 6879, "Actual Loops": 2, "Inner Unique": true, "Hash Cond": "(pl.relatedpostid = p.id)", "Workers": [], "Plans": [{"Node Type": "Seq Scan", "Parent Relationship": "Outer", "Parallel Aware": false, "Async Capable": false, "Relation Name": "postlinks", "Alias": "pl", "Startup Cost": 0.0, "Total Cost": 220.78, "Plan Rows": 9997, "Plan Width": 4, "Actual Rows": 9994, "Actual Loops": 2, "Filter": "(creationdate <= '2014-06-25 13:05:06'::timestamp without time zone)", "Rows Removed by Filter": 1108, "Workers": []}, {"Node Type": "Hash", "Parent Relationship": "Inner", "Parallel Aware": false, "Async Capable": false, "Startup Cost": 2219.64, "Total Cost": 2219.64, "Plan Rows": 89807, "Plan Width": 8, "Actual Rows": 89806, "Actual Loops": 2, "Hash Buckets": 131072, "Original Hash Buckets": 131072, "Hash Batches": 1, "Original Hash Batches": 1, "Peak Memory Usage": 4527, "Workers": [], "Plans": [{"Node Type": "Seq Scan", "Parent Relationship": "Outer", "Parallel Aware": false, "Async Capable": false, "Relation Name": "posts", "Alias": "p", "Startup Cost": 0.0, "Total Cost": 2219.64, "Plan Rows": 89807, "Plan Width": 8, "Actual Rows": 89806, "Actual Loops": 2, "Filter": "((score >= '-1'::integer) AND (score <= 14))", "Rows Removed by Filter": 2170, "Workers": []}]}]}, {"Node Type": "Index Scan", "Parent Relationship": "Inner", "Parallel Aware": false, "Async Capable": false, "Scan Direction": "Forward", "Index Name": "idx_votes_postid", "Relation Name": "votes", "Alias": "v", "Startup Cost": 0.42, "Total Cost": 0.64, "Plan Rows": 5, "Plan Width": 4, "Actual Rows": 8, "Actual Loops": 13758, "Index Cond": "(postid = p.id)", "Rows Removed by Index Recheck": 0, "Filter": "(creationdate >= '2009-02-02 00:00:00'::timestamp without time zone)", "Rows Removed by Filter": 0, "Workers": []}]}]}]}, {"Node Type": "Hash", "Parent Relationship": "Inner", "Parallel Aware": false, "Async Capable": false, "Startup Cost": 3138.81, "Total Cost": 3138.81, "Plan Rows": 77670.0, "Plan Width": 8, "Actual Rows": 77692, "Actual Loops": 2, "Hash Buckets": 131072, "Original Hash Buckets": 8192, "Hash Batches": 1, "Original Hash Batches": 1, "Peak Memory Usage": 4059, "Workers": [], "Plans": [{"Node Type": "Hash Join", "Parent Relationship": "Outer", "Parallel Aware": false, "Async Capable": false, "Join Type": "Inner", "Startup Cost": 1305.12, "Total Cost": 3138.81, "Plan Rows": 77670.0, "Plan Width": 8, "Actual Rows": 77692, "Actual Loops": 2, "Inner Unique": true, "Hash Cond": "(b.userid = u.id)", "Workers": [], "Plans": [{"Node Type": "Seq Scan", "Parent Relationship": "Outer", "Parallel Aware": false, "Async Capable": false, "Relation Name": "badges", "Alias": "b", "Startup Cost": 0.0, "Total Cost": 1629.76, "Plan Rows": 77674, "Plan Width": 4, "Actual Rows": 77692, "Actual Loops": 2, "Filter": "((date >= '2010-08-04 08:50:31'::timestamp without time zone) AND (date <= '2014-09-02 02:51:22'::timestamp without time zone))", "Rows Removed by Filter": 2159, "Workers": []}, {"Node Type": "Hash", "Parent Relationship": "Inner", "Parallel Aware": false, "Async Capable": false, "Startup Cost": 801.06, "Total Cost": 801.06, "Plan Rows": 40325, "Plan Width": 4, "Actual Rows": 40325, "Actual Loops": 2, "Hash Buckets": 65536, "Original Hash Buckets": 65536, "Hash Batches": 1, "Original Hash Batches": 1, "Peak Memory Usage": 1930, "Workers": [], "Plans": [{"Node Type": "Seq Scan", "Parent Relationship": "Outer", "Parallel Aware": false, "Async Capable": false, "Relation Name": "users", "Alias": "u", "Startup Cost": 0.0, "Total Cost": 801.06, "Plan Rows": 40325, "Plan Width": 4, "Actual Rows": 40325, "Actual Loops": 2, "Filter": "(downvotes >= 0)", "Rows Removed by Filter": 0, "Workers": []}]}]}]}]}]}]}]}, "Planning Time": 16.647, "Triggers": [], "Execution Time": 465.802}]