[{"Plan": {"Node Type": "Aggregate", "Strategy": "Plain", "Partial Mode": "Finalize", "Parallel Aware": false, "Async Capable": false, "Startup Cost": 27727.06, "Total Cost": 27727.07, "Plan Rows": 1, "Plan Width": 8, "Actual Rows": 1, "Actual Loops": 1, "Plans": [{"Node Type": "Gather", "Parent Relationship": "Outer", "Parallel Aware": false, "Async Capable": false, "Startup Cost": 27726.95, "Total Cost": 27727.06, "Plan Rows": 1, "Plan Width": 8, "Actual Rows": 2, "Actual Loops": 1, "Workers Planned": 1, "Workers Launched": 1, "Single Copy": false, "Plans": [{"Node Type": "Aggregate", "Strategy": "Plain", "Partial Mode": "Partial", "Parent Relationship": "Outer", "Parallel Aware": false, "Async Capable": false, "Startup Cost": 26726.95, "Total Cost": 26726.96, "Plan Rows": 1, "Plan Width": 8, "Actual Rows": 1, "Actual Loops": 2, "Workers": [], "Plans": [{"Node Type": "Merge Join", "Parent Relationship": "Outer", "Parallel Aware": false, "Async Capable": false, "Join Type": "Inner", "Startup Cost": 2817.71, "Total Cost": 17923.07, "Plan Rows": 3521551, "Plan Width": 0, "Actual Rows": 291308, "Actual Loops": 2, "Inner Unique": false, "Merge Cond": "(u.id = p.owneruserid)", "Workers": [], "Plans": [{"Node Type": "Merge Join", "Parent Relationship": "Outer", "Parallel Aware": false, "Async Capable": false, "Join Type": "Inner", "Startup Cost": 0.71, "Total Cost": 14132.71, "Plan Rows": 139868, "Plan Width": 8, "Actual Rows": 102985, "Actual Loops": 2, "Inner Unique": true, "Merge Cond": "(ph.userid = u.id)", "Workers": [], "Plans": [{"Node Type": "Index Scan", "Parent Relationship": "Outer", "Parallel Aware": true, "Async Capable": false, "Scan Direction": "Forward", "Index Name": "idx_posthistory_userid", "Relation Name": "posthistory", "Alias": "ph", "Startup Cost": 0.42, "Total Cost": 11289.47, "Plan Rows": 161965, "Plan Width": 4, "Actual Rows": 127068, "Actual Loops": 2, "Filter": "(creationdate >= '2011-05-20 18:43:03'::timestamp without time zone)", "Rows Removed by Filter": 12654, "Workers": []}, {"Node Type": "Index Scan", "Parent Relationship": "Inner", "Parallel Aware": false, "Async Capable": false, "Scan Direction": "Forward", "Index Name": "users_pkey", "Relation Name": "users", "Alias": "u", "Startup Cost": 0.29, "Total Cost": 1760.41, "Plan Rows": 37430, "Plan Width": 4, "Actual Rows": 37426, "Actual Loops": 2, "Filter": "((views >= 0) AND (upvotes >= 0) AND (creationdate >= '2010-11-27 21:46:49'::timestamp without time zone) AND (creationdate <= '2014-08-18 13:00:22'::timestamp without time zone))", "Rows Removed by Filter": 2899, "Workers": []}]}, {"Node Type": "Sort", "Parent Relationship": "Inner", "Parallel Aware": false, "Async Capable": false, "Startup Cost": 2817.0, "Total Cost": 2847.47, "Plan Rows": 12190, "Plan Width": 4, "Actual Rows": 298172, "Actual Loops": 2, "Sort Key": ["p.owneruserid"], "Sort Method": "quicksort", "Sort Space Used": 385, "Sort Space Type": "Memory", "Workers": [{"Worker Number": 0, "Sort Method": "quicksort", "Sort Space Used": 385, "Sort Space Type": "Memory"}], "Plans": [{"Node Type": "Seq Scan", "Parent Relationship": "Outer", "Parallel Aware": false, "Async Capable": false, "Relation Name": "posts", "Alias": "p", "Startup Cost": 0.0, "Total Cost": 1989.7, "Plan Rows": 12190, "Plan Width": 4, "Actual Rows": 12190, "Actual Loops": 2, "Filter": "(favoritecount <= 5)", "Rows Removed by Filter": 79786, "Workers": []}]}]}]}]}]}, "Planning Time": 2.956, "Triggers": [], "Execution Time": 224.569}, {"Plan": {"Node Type": "Aggregate", "Strategy": "Plain", "Partial Mode": "Simple", "Parallel Aware": false, "Async Capable": false, "Startup Cost": 15612.39, "Total Cost": 15612.4, "Plan Rows": 1, "Plan Width": 8, "Actual Rows": 1, "Actual Loops": 1, "Plans": [{"Node Type": "Hash Join", "Parent Relationship": "Outer", "Parallel Aware": false, "Async Capable": false, "Join Type": "Inner", "Startup Cost": 11296.23, "Total Cost": 14115.73, "Plan Rows": 5986640.0, "Plan Width": 0, "Actual Rows": 582617, "Actual Loops": 1, "Inner Unique": false, "Hash Cond": "(p.owneruserid = u.id)", "Plans": [{"Node Type": "Seq Scan", "Parent Relationship": "Outer", "Parallel Aware": false, "Async Capable": false, "Relation Name": "posts", "Alias": "p", "Startup Cost": 0.0, "Total Cost": 1989.7, "Plan Rows": 12190, "Plan Width": 4, "Actual Rows": 12190, "Actual Loops": 1, "Filter": "(favoritecount <= 5)", "Rows Removed by Filter": 79786}, {"Node Type": "Hash", "Parent Relationship": "Inner", "Parallel Aware": false, "Async Capable": false, "Startup Cost": 8324.05, "Total Cost": 8324.05, "Plan Rows": 237775, "Plan Width": 8, "Actual Rows": 205970, "Actual Loops": 1, "Hash Buckets": 262144, "Original Hash Buckets": 262144, "Hash Batches": 1, "Original Hash Batches": 1, "Peak Memory Usage": 10094, "Plans": [{"Node Type": "Hash Join", "Parent Relationship": "Outer", "Parallel Aware": false, "Async Capable": false, "Join Type": "Inner", "Startup Cost": 1571.38, "Total Cost": 8324.05, "Plan Rows": 237775, "Plan Width": 8, "Actual Rows": 205970, "Actual Loops": 1, "Inner Unique": true, "Hash Cond": "(ph.userid = u.id)", "Plans": [{"Node Type": "Seq Scan", "Parent Relationship": "Outer", "Parallel Aware": false, "Async Capable": false, "Relation Name": "posthistory", "Alias": "ph", "Startup Cost": 0.0, "Total Cost": 6029.84, "Plan Rows": 275340, "Plan Width": 4, "Actual Rows": 275240, "Actual Loops": 1, "Filter": "(creationdate >= '2011-05-20 18:43:03'::timestamp without time zone)", "Rows Removed by Filter": 27947}, {"Node Type": "Hash", "Parent Relationship": "Inner", "Parallel Aware": false, "Async Capable": false, "Startup Cost": 1103.5, "Total Cost": 1103.5, "Plan Rows": 37430, "Plan Width": 4, "Actual Rows": 37426, "Actual Loops": 1, "Hash Buckets": 65536, "Original Hash Buckets": 65536, "Hash Batches": 1, "Original Hash Batches": 1, "Peak Memory Usage": 1828, "Plans": [{"Node Type": "Seq Scan", "Parent Relationship": "Outer", "Parallel Aware": false, "Async Capable": false, "Relation Name": "users", "Alias": "u", "Startup Cost": 0.0, "Total Cost": 1103.5, "Plan Rows": 37430, "Plan Width": 4, "Actual Rows": 37426, "Actual Loops": 1, "Filter": "((views >= 0) AND (upvotes >= 0) AND (creationdate >= '2010-11-27 21:46:49'::timestamp without time zone) AND (creationdate <= '2014-08-18 13:00:22'::timestamp without time zone))", "Rows Removed by Filter": 2899}]}]}]}]}]}, "Planning Time": 2.607, "Triggers": [], "Execution Time": 279.082}, {"Plan": {"Node Type": "Aggregate", "Strategy": "Plain", "Partial Mode": "Finalize", "Parallel Aware": false, "Async Capable": false, "Startup Cost": 899310.98, "Total Cost": 899310.99, "Plan Rows": 1, "Plan Width": 8, "Actual Rows": 1, "Actual Loops": 1, "Plans": [{"Node Type": "Gather", "Parent Relationship": "Outer", "Parallel Aware": false, "Async Capable": false, "Startup Cost": 899310.87, "Total Cost": 899310.98, "Plan Rows": 0.01, "Plan Width": 8, "Actual Rows": 2, "Actual Loops": 1, "Workers Planned": 1, "Workers Launched": 1, "Single Copy": false, "Plans": [{"Node Type": "Aggregate", "Strategy": "Plain", "Partial Mode": "Partial", "Parent Relationship": "Outer", "Parallel Aware": false, "Async Capable": false, "Startup Cost": 898310.87, "Total Cost": 898310.88, "Plan Rows": 1, "Plan Width": 8, "Actual Rows": 1, "Actual Loops": 2, "Workers": [], "Plans": [{"Node Type": "Merge Join", "Parent Relationship": "Outer", "Parallel Aware": false, "Async Capable": false, "Join Type": "Inner", "Startup Cost": 2817.71, "Total Cost": 17923.07, "Plan Rows": 3521551.18, "Plan Width": 0, "Actual Rows": 291308, "Actual Loops": 2, "Inner Unique": false, "Merge Cond": "(u.id = p.owneruserid)", "Workers": [], "Plans": [{"Node Type": "Merge Join", "Parent Relationship": "Outer", "Parallel Aware": false, "Async Capable": false, "Join Type": "Inner", "Startup Cost": 0.71, "Total Cost": 14132.71, "Plan Rows": 139868, "Plan Width": 8, "Actual Rows": 102985, "Actual Loops": 2, "Inner Unique": true, "Merge Cond": "(ph.userid = u.id)", "Workers": [], "Plans": [{"Node Type": "Index Scan", "Parent Relationship": "Outer", "Parallel Aware": true, "Async Capable": false, "Scan Direction": "Forward", "Index Name": "idx_posthistory_userid", "Relation Name": "posthistory", "Alias": "ph", "Startup Cost": 0.42, "Total Cost": 11289.47, "Plan Rows": 161965, "Plan Width": 4, "Actual Rows": 127068, "Actual Loops": 2, "Filter": "(creationdate >= '2011-05-20 18:43:03'::timestamp without time zone)", "Rows Removed by Filter": 12654, "Workers": []}, {"Node Type": "Index Scan", "Parent Relationship": "Inner", "Parallel Aware": false, "Async Capable": false, "Scan Direction": "Forward", "Index Name": "users_pkey", "Relation Name": "users", "Alias": "u", "Startup Cost": 0.29, "Total Cost": 1760.41, "Plan Rows": 37430, "Plan Width": 4, "Actual Rows": 37426, "Actual Loops": 2, "Filter": "((views >= 0) AND (upvotes >= 0) AND (creationdate >= '2010-11-27 21:46:49'::timestamp without time zone) AND (creationdate <= '2014-08-18 13:00:22'::timestamp without time zone))", "Rows Removed by Filter": 2899, "Workers": []}]}, {"Node Type": "Sort", "Parent Relationship": "Inner", "Parallel Aware": false, "Async Capable": false, "Startup Cost": 2817.0, "Total Cost": 2847.47, "Plan Rows": 12190, "Plan Width": 4, "Actual Rows": 298180, "Actual Loops": 2, "Sort Key": ["p.owneruserid"], "Sort Method": "quicksort", "Sort Space Used": 385, "Sort Space Type": "Memory", "Workers": [{"Worker Number": 0, "Sort Method": "quicksort", "Sort Space Used": 385, "Sort Space Type": "Memory"}], "Plans": [{"Node Type": "Seq Scan", "Parent Relationship": "Outer", "Parallel Aware": false, "Async Capable": false, "Relation Name": "posts", "Alias": "p", "Startup Cost": 0.0, "Total Cost": 1989.7, "Plan Rows": 12190, "Plan Width": 4, "Actual Rows": 12190, "Actual Loops": 2, "Filter": "(favoritecount <= 5)", "Rows Removed by Filter": 79786, "Workers": []}]}]}]}]}]}, "Planning Time": 4.789, "Triggers": [], "Execution Time": 220.581}, {"Plan": {"Node Type": "Aggregate", "Strategy": "Plain", "Partial Mode": "Finalize", "Parallel Aware": false, "Async Capable": false, "Startup Cost": 16828.21, "Total Cost": 16828.22, "Plan Rows": 1, "Plan Width": 8, "Actual Rows": 1, "Actual Loops": 1, "Plans": [{"Node Type": "Gather", "Parent Relationship": "Outer", "Parallel Aware": false, "Async Capable": false, "Startup Cost": 16828.1, "Total Cost": 16828.21, "Plan Rows": 1, "Plan Width": 8, "Actual Rows": 2, "Actual Loops": 1, "Workers Planned": 1, "Workers Launched": 1, "Single Copy": false, "Plans": [{"Node Type": "Aggregate", "Strategy": "Plain", "Partial Mode": "Partial", "Parent Relationship": "Outer", "Parallel Aware": false, "Async Capable": false, "Startup Cost": 15828.1, "Total Cost": 15828.11, "Plan Rows": 1, "Plan Width": 8, "Actual Rows": 1, "Actual Loops": 2, "Workers": [], "Plans": [{"Node Type": "Nested Loop", "Parent Relationship": "Outer", "Parallel Aware": false, "Async Capable": false, "Join Type": "Inner", "Startup Cost": 1571.67, "Total Cost": 7024.22, "Plan Rows": 3521551, "Plan Width": 0, "Actual Rows": 291308, "Actual Loops": 2, "Inner Unique": false, "Join Filter": "(p.owneruserid = u.id)", "Rows Removed by Join Filter": 0, "Workers": [], "Plans": [{"Node Type": "Hash Join", "Parent Relationship": "Outer", "Parallel Aware": false, "Async Capable": false, "Join Type": "Inner", "Startup Cost": 1571.38, "Total Cost": 6465.89, "Plan Rows": 139900.0, "Plan Width": 8, "Actual Rows": 102985, "Actual Loops": 2, "Inner Unique": true, "Hash Cond": "(ph.userid = u.id)", "Workers": [], "Plans": [{"Node Type": "Seq Scan", "Parent Relationship": "Outer", "Parallel Aware": true, "Async Capable": false, "Relation Name": "posthistory", "Alias": "ph", "Startup Cost": 0.0, "Total Cost": 4469.32, "Plan Rows": 161965, "Plan Width": 4, "Actual Rows": 137620, "Actual Loops": 2, "Filter": "(creationdate >= '2011-05-20 18:43:03'::timestamp without time zone)", "Rows Removed by Filter": 13974, "Workers": []}, {"Node Type": "Hash", "Parent Relationship": "Inner", "Parallel Aware": false, "Async Capable": false, "Startup Cost": 1103.5, "Total Cost": 1103.5, "Plan Rows": 37430, "Plan Width": 4, "Actual Rows": 37426, "Actual Loops": 2, "Hash Buckets": 65536, "Original Hash Buckets": 65536, "Hash Batches": 1, "Original Hash Batches": 1, "Peak Memory Usage": 1828, "Workers": [], "Plans": [{"Node Type": "Seq Scan", "Parent Relationship": "Outer", "Parallel Aware": false, "Async Capable": false, "Relation Name": "users", "Alias": "u", "Startup Cost": 0.0, "Total Cost": 1103.5, "Plan Rows": 37430, "Plan Width": 4, "Actual Rows": 37426, "Actual Loops": 2, "Filter": "((views >= 0) AND (upvotes >= 0) AND (creationdate >= '2010-11-27 21:46:49'::timestamp without time zone) AND (creationdate <= '2014-08-18 13:00:22'::timestamp without time zone))", "Rows Removed by Filter": 2899, "Workers": []}]}]}, {"Node Type": "Index Scan", "Parent Relationship": "Inner", "Parallel Aware": false, "Async Capable": false, "Scan Direction": "Forward", "Index Name": "idx_posts_owneruserid", "Relation Name": "posts", "Alias": "p", "Startup Cost": 0.29, "Total Cost": 0.39, "Plan Rows": 1, "Plan Width": 4, "Actual Rows": 3, "Actual Loops": 205970, "Index Cond": "(owneruserid = ph.userid)", "Rows Removed by Index Recheck": 0, "Filter": "(favoritecount <= 5)", "Rows Removed by Filter": 86, "Workers": []}]}]}]}]}, "Planning Time": 3.024, "Triggers": [], "Execution Time": 2763.483}]