[{"Plan": {"Node Type": "Aggregate", "Strategy": "Plain", "Partial Mode": "Finalize", "Parallel Aware": false, "Async Capable": false, "Startup Cost": 21192.04, "Total Cost": 21192.05, "Plan Rows": 1, "Plan Width": 8, "Actual Rows": 1, "Actual Loops": 1, "Plans": [{"Node Type": "Gather", "Parent Relationship": "Outer", "Parallel Aware": false, "Async Capable": false, "Startup Cost": 21191.92, "Total Cost": 21192.03, "Plan Rows": 1, "Plan Width": 8, "Actual Rows": 2, "Actual Loops": 1, "Workers Planned": 1, "Workers Launched": 1, "Single Copy": false, "Plans": [{"Node Type": "Aggregate", "Strategy": "Plain", "Partial Mode": "Partial", "Parent Relationship": "Outer", "Parallel Aware": false, "Async Capable": false, "Startup Cost": 20191.92, "Total Cost": 20191.93, "Plan Rows": 1, "Plan Width": 8, "Actual Rows": 1, "Actual Loops": 2, "Workers": [], "Plans": [{"Node Type": "Hash Join", "Parent Relationship": "Outer", "Parallel Aware": true, "Async Capable": false, "Join Type": "Inner", "Startup Cost": 3050.93, "Total Cost": 6336.0, "Plan Rows": 5542368, "Plan Width": 0, "Actual Rows": 21018, "Actual Loops": 2, "Inner Unique": false, "Hash Cond": "(c.userid = u.id)", "Workers": [], "Plans": [{"Node Type": "Seq Scan", "Parent Relationship": "Outer", "Parallel Aware": true, "Async Capable": false, "Relation Name": "comments", "Alias": "c", "Startup Cost": 0.0, "Total Cost": 2881.99, "Plan Rows": 79328, "Plan Width": 4, "Actual Rows": 67424, "Actual Loops": 2, "Filter": "((creationdate <= '2014-09-13 20:12:15'::timestamp without time zone) AND (score = 0))", "Rows Removed by Filter": 19728, "Workers": []}, {"Node Type": "Hash", "Parent Relationship": "Inner", "Parallel Aware": true, "Async Capable": false, "Startup Cost": 2982.69, "Total Cost": 2982.69, "Plan Rows": 5459, "Plan Width": 12, "Actual Rows": 900, "Actual Loops": 2, "Hash Buckets": 16384, "Original Hash Buckets": 16384, "Hash Batches": 1, "Original Hash Batches": 1, "Peak Memory Usage": 256, "Workers": [], "Plans": [{"Node Type": "Nested Loop", "Parent Relationship": "Outer", "Parallel Aware": false, "Async Capable": false, "Join Type": "Inner", "Startup Cost": 1.0, "Total Cost": 2982.69, "Plan Rows": 5459, "Plan Width": 12, "Actual Rows": 900, "Actual Loops": 2, "Inner Unique": false, "Workers": [], "Plans": [{"Node Type": "Merge Join", "Parent Relationship": "Outer", "Parallel Aware": false, "Async Capable": false, "Join Type": "Inner", "Startup Cost": 0.71, "Total Cost": 2943.71, "Plan Rows": 76, "Plan Width": 8, "Actual Rows": 122, "Actual Loops": 2, "Inner Unique": true, "Merge Cond": "(v.userid = u.id)", "Workers": [], "Plans": [{"Node Type": "Index Scan", "Parent Relationship": "Outer", "Parallel Aware": true, "Async Capable": false, "Scan Direction": "Forward", "Index Name": "idx_votes_userid", "Relation Name": "votes", "Alias": "v", "Startup Cost": 0.42, "Total Cost": 11216.36, "Plan Rows": 747, "Plan Width": 4, "Actual Rows": 406, "Actual Loops": 2, "Filter": "((bountyamount <= 50) AND (creationdate <= '2014-09-12 00:00:00'::timestamp without time zone))", "Rows Removed by Filter": 18752, "Workers": []}, {"Node Type": "Index Scan", "Parent Relationship": "Inner", "Parallel Aware": false, "Async Capable": false, "Scan Direction": "Forward", "Index Name": "users_pkey", "Relation Name": "users", "Alias": "u", "Startup Cost": 0.29, "Total Cost": 1659.6, "Plan Rows": 38627, "Plan Width": 4, "Actual Rows": 37014, "Actual Loops": 2, "Filter": "((upvotes >= 0) AND (upvotes <= 12) AND (creationdate >= '2010-07-19 19:09:39'::timestamp without time zone))", "Rows Removed by Filter": 1630, "Workers": []}]}, {"Node Type": "Index Scan", "Parent Relationship": "Inner", "Parallel Aware": false, "Async Capable": false, "Scan Direction": "Forward", "Index Name": "idx_posts_owneruserid", "Relation Name": "posts", "Alias": "p", "Startup Cost": 0.29, "Total Cost": 0.47, "Plan Rows": 4, "Plan Width": 4, "Actual Rows": 7, "Actual Loops": 244, "Index Cond": "(owneruserid = u.id)", "Rows Removed by Index Recheck": 0, "Filter": "(creationdate >= '2010-07-27 01:51:15'::timestamp without time zone)", "Rows Removed by Filter": 0, "Workers": []}]}]}]}]}]}]}, "Planning Time": 5.477, "Triggers": [], "Execution Time": 92.062}, {"Plan": {"Node Type": "Aggregate", "Strategy": "Plain", "Partial Mode": "Simple", "Parallel Aware": false, "Async Capable": false, "Startup Cost": 6860.6, "Total Cost": 6860.61, "Plan Rows": 1, "Plan Width": 8, "Actual Rows": 1, "Actual Loops": 1, "Plans": [{"Node Type": "Hash Join", "Parent Relationship": "Outer", "Parallel Aware": false, "Async Capable": false, "Join Type": "Inner", "Startup Cost": 3634.14, "Total Cost": 6625.05, "Plan Rows": 9422000.0, "Plan Width": 0, "Actual Rows": 42036, "Actual Loops": 1, "Inner Unique": false, "Hash Cond": "(p.owneruserid = u.id)", "Plans": [{"Node Type": "Seq Scan", "Parent Relationship": "Outer", "Parallel Aware": false, "Async Capable": false, "Relation Name": "posts", "Alias": "p", "Startup Cost": 0.0, "Total Cost": 1989.7, "Plan Rows": 91258, "Plan Width": 4, "Actual Rows": 91286, "Actual Loops": 1, "Filter": "(creationdate >= '2010-07-27 01:51:15'::timestamp without time zone)", "Rows Removed by Filter": 690}, {"Node Type": "Hash", "Parent Relationship": "Inner", "Parallel Aware": false, "Async Capable": false, "Startup Cost": 3264.55, "Total Cost": 3264.55, "Plan Rows": 29567, "Plan Width": 12, "Actual Rows": 2489, "Actual Loops": 1, "Hash Buckets": 32768, "Original Hash Buckets": 32768, "Hash Batches": 1, "Original Hash Batches": 1, "Peak Memory Usage": 363, "Plans": [{"Node Type": "Nested Loop", "Parent Relationship": "Outer", "Parallel Aware": false, "Async Capable": false, "Join Type": "Inner", "Startup Cost": 1.01, "Total Cost": 3264.55, "Plan Rows": 29567, "Plan Width": 12, "Actual Rows": 2489, "Actual Loops": 1, "Inner Unique": false, "Plans": [{"Node Type": "Merge Join", "Parent Relationship": "Outer", "Parallel Aware": false, "Async Capable": false, "Join Type": "Inner", "Startup Cost": 0.71, "Total Cost": 3155.43, "Plan Rows": 129, "Plan Width": 8, "Actual Rows": 244, "Actual Loops": 1, "Inner Unique": true, "Merge Cond": "(v.userid = u.id)", "Plans": [{"Node Type": "Index Scan", "Parent Relationship": "Outer", "Parallel Aware": false, "Async Capable": false, "Scan Direction": "Forward", "Index Name": "idx_votes_userid", "Relation Name": "votes", "Alias": "v", "Startup Cost": 0.42, "Total Cost": 13242.63, "Plan Rows": 1270, "Plan Width": 4, "Actual Rows": 811, "Actual Loops": 1, "Filter": "((bountyamount <= 50) AND (creationdate <= '2014-09-12 00:00:00'::timestamp without time zone))", "Rows Removed by Filter": 36818}, {"Node Type": "Index Scan", "Parent Relationship": "Inner", "Parallel Aware": false, "Async Capable": false, "Scan Direction": "Forward", "Index Name": "users_pkey", "Relation Name": "users", "Alias": "u", "Startup Cost": 0.29, "Total Cost": 1659.6, "Plan Rows": 38627, "Plan Width": 4, "Actual Rows": 38594, "Actual Loops": 1, "Filter": "((upvotes >= 0) AND (upvotes <= 12) AND (creationdate >= '2010-07-19 19:09:39'::timestamp without time zone))", "Rows Removed by Filter": 1634}]}, {"Node Type": "Index Scan", "Parent Relationship": "Inner", "Parallel Aware": false, "Async Capable": false, "Scan Direction": "Forward", "Index Name": "idx_comments_userid", "Relation Name": "comments", "Alias": "c", "Startup Cost": 0.29, "Total Cost": 0.75, "Plan Rows": 10, "Plan Width": 4, "Actual Rows": 10, "Actual Loops": 244, "Index Cond": "(userid = u.id)", "Rows Removed by Index Recheck": 0, "Filter": "((creationdate <= '2014-09-13 20:12:15'::timestamp without time zone) AND (score = 0))", "Rows Removed by Filter": 1}]}]}]}]}, "Planning Time": 4.393, "Triggers": [], "Execution Time": 106.03}, {"Plan": {"Node Type": "Aggregate", "Strategy": "Plain", "Partial Mode": "Finalize", "Parallel Aware": false, "Async Capable": false, "Startup Cost": 18264.36, "Total Cost": 18264.37, "Plan Rows": 1, "Plan Width": 8, "Actual Rows": 1, "Actual Loops": 1, "Plans": [{"Node Type": "Gather", "Parent Relationship": "Outer", "Parallel Aware": false, "Async Capable": false, "Startup Cost": 18264.25, "Total Cost": 18264.36, "Plan Rows": 1, "Plan Width": 8, "Actual Rows": 2, "Actual Loops": 1, "Workers Planned": 1, "Workers Launched": 1, "Single Copy": false, "Plans": [{"Node Type": "Aggregate", "Strategy": "Plain", "Partial Mode": "Partial", "Parent Relationship": "Outer", "Parallel Aware": false, "Async Capable": false, "Startup Cost": 17264.25, "Total Cost": 17264.26, "Plan Rows": 1, "Plan Width": 8, "Actual Rows": 1, "Actual Loops": 2, "Workers": [], "Plans": [{"Node Type": "Nested Loop", "Parent Relationship": "Outer", "Parallel Aware": false, "Async Capable": false, "Join Type": "Inner", "Startup Cost": 1.3, "Total Cost": 3408.33, "Plan Rows": 5542368, "Plan Width": 0, "Actual Rows": 21018, "Actual Loops": 2, "Inner Unique": false, "Join Filter": "(c.userid = u.id)", "Rows Removed by Join Filter": 0, "Workers": [], "Plans": [{"Node Type": "Nested Loop", "Parent Relationship": "Outer", "Parallel Aware": false, "Async Capable": false, "Join Type": "Inner", "Startup Cost": 1.0, "Total Cost": 2982.69, "Plan Rows": 5460.0, "Plan Width": 12, "Actual Rows": 900, "Actual Loops": 2, "Inner Unique": false, "Workers": [], "Plans": [{"Node Type": "Merge Join", "Parent Relationship": "Outer", "Parallel Aware": false, "Async Capable": false, "Join Type": "Inner", "Startup Cost": 0.71, "Total Cost": 2943.71, "Plan Rows": 76, "Plan Width": 8, "Actual Rows": 122, "Actual Loops": 2, "Inner Unique": true, "Merge Cond": "(v.userid = u.id)", "Workers": [], "Plans": [{"Node Type": "Index Scan", "Parent Relationship": "Outer", "Parallel Aware": true, "Async Capable": false, "Scan Direction": "Forward", "Index Name": "idx_votes_userid", "Relation Name": "votes", "Alias": "v", "Startup Cost": 0.42, "Total Cost": 11216.36, "Plan Rows": 747, "Plan Width": 4, "Actual Rows": 406, "Actual Loops": 2, "Filter": "((bountyamount <= 50) AND (creationdate <= '2014-09-12 00:00:00'::timestamp without time zone))", "Rows Removed by Filter": 18752, "Workers": []}, {"Node Type": "Index Scan", "Parent Relationship": "Inner", "Parallel Aware": false, "Async Capable": false, "Scan Direction": "Forward", "Index Name": "users_pkey", "Relation Name": "users", "Alias": "u", "Startup Cost": 0.29, "Total Cost": 1659.6, "Plan Rows": 38627, "Plan Width": 4, "Actual Rows": 37014, "Actual Loops": 2, "Filter": "((upvotes >= 0) AND (upvotes <= 12) AND (creationdate >= '2010-07-19 19:09:39'::timestamp without time zone))", "Rows Removed by Filter": 1630, "Workers": []}]}, {"Node Type": "Index Scan", "Parent Relationship": "Inner", "Parallel Aware": false, "Async Capable": false, "Scan Direction": "Forward", "Index Name": "idx_posts_owneruserid", "Relation Name": "posts", "Alias": "p", "Startup Cost": 0.29, "Total Cost": 0.47, "Plan Rows": 4, "Plan Width": 4, "Actual Rows": 7, "Actual Loops": 244, "Index Cond": "(owneruserid = u.id)", "Rows Removed by Index Recheck": 0, "Filter": "(creationdate >= '2010-07-27 01:51:15'::timestamp without time zone)", "Rows Removed by Filter": 0, "Workers": []}]}, {"Node Type": "Index Scan", "Parent Relationship": "Inner", "Parallel Aware": false, "Async Capable": false, "Scan Direction": "Forward", "Index Name": "idx_comments_userid", "Relation Name": "comments", "Alias": "c", "Startup Cost": 0.29, "Total Cost": 0.65, "Plan Rows": 10, "Plan Width": 4, "Actual Rows": 23, "Actual Loops": 1799, "Index Cond": "(userid = p.owneruserid)", "Rows Removed by Index Recheck": 0, "Filter": "((creationdate <= '2014-09-13 20:12:15'::timestamp without time zone) AND (score = 0))", "Rows Removed by Filter": 2, "Workers": []}]}]}]}]}, "Planning Time": 8.185, "Triggers": [], "Execution Time": 52.225}, {"Plan": {"Node Type": "Aggregate", "Strategy": "Plain", "Partial Mode": "Finalize", "Parallel Aware": false, "Async Capable": false, "Startup Cost": 26296.86, "Total Cost": 26296.87, "Plan Rows": 1, "Plan Width": 8, "Actual Rows": 1, "Actual Loops": 1, "Plans": [{"Node Type": "Gather", "Parent Relationship": "Outer", "Parallel Aware": false, "Async Capable": false, "Startup Cost": 26296.75, "Total Cost": 26296.86, "Plan Rows": 1, "Plan Width": 8, "Actual Rows": 2, "Actual Loops": 1, "Workers Planned": 1, "Workers Launched": 1, "Single Copy": false, "Plans": [{"Node Type": "Aggregate", "Strategy": "Plain", "Partial Mode": "Partial", "Parent Relationship": "Outer", "Parallel Aware": false, "Async Capable": false, "Startup Cost": 25296.75, "Total Cost": 25296.76, "Plan Rows": 1, "Plan Width": 8, "Actual Rows": 1, "Actual Loops": 2, "Workers": [], "Plans": [{"Node Type": "Hash Join", "Parent Relationship": "Outer", "Parallel Aware": true, "Async Capable": false, "Join Type": "Inner", "Startup Cost": 5510.62, "Total Cost": 11440.83, "Plan Rows": 5542368, "Plan Width": 0, "Actual Rows": 21018, "Actual Loops": 2, "Inner Unique": false, "Hash Cond": "(p.owneruserid = u.id)", "Workers": [], "Plans": [{"Node Type": "Merge Join", "Parent Relationship": "Outer", "Parallel Aware": false, "Async Capable": false, "Join Type": "Inner", "Startup Cost": 0.71, "Total Cost": 5796.39, "Plan Rows": 5786, "Plan Width": 8, "Actual Rows": 42240, "Actual Loops": 2, "Inner Unique": false, "Merge Cond": "(v.userid = p.owneruserid)", "Workers": [], "Plans": [{"Node Type": "Index Scan", "Parent Relationship": "Outer", "Parallel Aware": true, "Async Capable": false, "Scan Direction": "Forward", "Index Name": "idx_votes_userid", "Relation Name": "votes", "Alias": "v", "Startup Cost": 0.42, "Total Cost": 11216.36, "Plan Rows": 747, "Plan Width": 4, "Actual Rows": 406, "Actual Loops": 2, "Filter": "((bountyamount <= 50) AND (creationdate <= '2014-09-12 00:00:00'::timestamp without time zone))", "Rows Removed by Filter": 18752, "Workers": []}, {"Node Type": "Index Scan", "Parent Relationship": "Inner", "Parallel Aware": false, "Async Capable": false, "Scan Direction": "Forward", "Index Name": "idx_posts_owneruserid", "Relation Name": "posts", "Alias": "p", "Startup Cost": 0.29, "Total Cost": 4323.61, "Plan Rows": 91258, "Plan Width": 4, "Actual Rows": 119518, "Actual Loops": 2, "Filter": "(creationdate >= '2010-07-27 01:51:15'::timestamp without time zone)", "Rows Removed by Filter": 838, "Workers": []}]}, {"Node Type": "Hash", "Parent Relationship": "Inner", "Parallel Aware": true, "Async Capable": false, "Startup Cost": 4575.77, "Total Cost": 4575.77, "Plan Rows": 74731, "Plan Width": 8, "Actual Rows": 21272, "Actual Loops": 2, "Hash Buckets": 131072, "Original Hash Buckets": 131072, "Hash Batches": 1, "Original Hash Batches": 1, "Peak Memory Usage": 2720, "Workers": [], "Plans": [{"Node Type": "Hash Join", "Parent Relationship": "Outer", "Parallel Aware": false, "Async Capable": false, "Join Type": "Inner", "Startup Cost": 1485.53, "Total Cost": 4575.77, "Plan Rows": 74731, "Plan Width": 8, "Actual Rows": 21272, "Actual Loops": 2, "Inner Unique": true, "Hash Cond": "(c.userid = u.id)", "Workers": [], "Plans": [{"Node Type": "Seq Scan", "Parent Relationship": "Outer", "Parallel Aware": true, "Async Capable": false, "Relation Name": "comments", "Alias": "c", "Startup Cost": 0.0, "Total Cost": 2881.99, "Plan Rows": 79328, "Plan Width": 4, "Actual Rows": 67424, "Actual Loops": 2, "Filter": "((creationdate <= '2014-09-13 20:12:15'::timestamp without time zone) AND (score = 0))", "Rows Removed by Filter": 19728, "Workers": []}, {"Node Type": "Hash", "Parent Relationship": "Inner", "Parallel Aware": false, "Async Capable": false, "Startup Cost": 1002.69, "Total Cost": 1002.69, "Plan Rows": 38627, "Plan Width": 4, "Actual Rows": 38691, "Actual Loops": 2, "Hash Buckets": 65536, "Original Hash Buckets": 65536, "Hash Batches": 1, "Original Hash Batches": 1, "Peak Memory Usage": 1873, "Workers": [], "Plans": [{"Node Type": "Seq Scan", "Parent Relationship": "Outer", "Parallel Aware": false, "Async Capable": false, "Relation Name": "users", "Alias": "u", "Startup Cost": 0.0, "Total Cost": 1002.69, "Plan Rows": 38627, "Plan Width": 4, "Actual Rows": 38691, "Actual Loops": 2, "Filter": "((upvotes >= 0) AND (upvotes <= 12) AND (creationdate >= '2010-07-19 19:09:39'::timestamp without time zone))", "Rows Removed by Filter": 1634, "Workers": []}]}]}]}]}]}]}]}, "Planning Time": 11.496, "Triggers": [], "Execution Time": 197.31}, {"Plan": {"Node Type": "Aggregate", "Strategy": "Plain", "Partial Mode": "Finalize", "Parallel Aware": false, "Async Capable": false, "Startup Cost": 24267.15, "Total Cost": 24267.16, "Plan Rows": 1, "Plan Width": 8, "Actual Rows": 1, "Actual Loops": 1, "Plans": [{"Node Type": "Gather", "Parent Relationship": "Outer", "Parallel Aware": false, "Async Capable": false, "Startup Cost": 24267.04, "Total Cost": 24267.15, "Plan Rows": 1, "Plan Width": 8, "Actual Rows": 2, "Actual Loops": 1, "Workers Planned": 1, "Workers Launched": 1, "Single Copy": false, "Plans": [{"Node Type": "Aggregate", "Strategy": "Plain", "Partial Mode": "Partial", "Parent Relationship": "Outer", "Parallel Aware": false, "Async Capable": false, "Startup Cost": 23267.04, "Total Cost": 23267.05, "Plan Rows": 1, "Plan Width": 8, "Actual Rows": 1, "Actual Loops": 2, "Workers": [], "Plans": [{"Node Type": "Hash Join", "Parent Relationship": "Outer", "Parallel Aware": false, "Async Capable": false, "Join Type": "Inner", "Startup Cost": 6052.11, "Total Cost": 9411.12, "Plan Rows": 5542368, "Plan Width": 0, "Actual Rows": 21018, "Actual Loops": 2, "Inner Unique": false, "Hash Cond": "(c.userid = u.id)", "Workers": [], "Plans": [{"Node Type": "Seq Scan", "Parent Relationship": "Outer", "Parallel Aware": true, "Async Capable": false, "Relation Name": "comments", "Alias": "c", "Startup Cost": 0.0, "Total Cost": 2881.99, "Plan Rows": 79328, "Plan Width": 4, "Actual Rows": 67424, "Actual Loops": 2, "Filter": "((creationdate <= '2014-09-13 20:12:15'::timestamp without time zone) AND (score = 0))", "Rows Removed by Filter": 19728, "Workers": []}, {"Node Type": "Hash", "Parent Relationship": "Inner", "Parallel Aware": false, "Async Capable": false, "Startup Cost": 5936.11, "Total Cost": 5936.11, "Plan Rows": 9280, "Plan Width": 12, "Actual Rows": 1799, "Actual Loops": 2, "Hash Buckets": 16384, "Original Hash Buckets": 16384, "Hash Batches": 1, "Original Hash Batches": 1, "Peak Memory Usage": 206, "Workers": [], "Plans": [{"Node Type": "Hash Join", "Parent Relationship": "Outer", "Parallel Aware": false, "Async Capable": false, "Join Type": "Inner", "Startup Cost": 3316.68, "Total Cost": 5936.11, "Plan Rows": 9280, "Plan Width": 12, "Actual Rows": 1799, "Actual Loops": 2, "Inner Unique": false, "Hash Cond": "(p.owneruserid = u.id)", "Workers": [], "Plans": [{"Node Type": "Seq Scan", "Parent Relationship": "Outer", "Parallel Aware": false, "Async Capable": false, "Relation Name": "posts", "Alias": "p", "Startup Cost": 0.0, "Total Cost": 1989.7, "Plan Rows": 91258, "Plan Width": 4, "Actual Rows": 91286, "Actual Loops": 2, "Filter": "(creationdate >= '2010-07-27 01:51:15'::timestamp without time zone)", "Rows Removed by Filter": 690, "Workers": []}, {"Node Type": "Hash", "Parent Relationship": "Inner", "Parallel Aware": false, "Async Capable": false, "Startup Cost": 3155.43, "Total Cost": 3155.43, "Plan Rows": 129.0, "Plan Width": 8, "Actual Rows": 244, "Actual Loops": 2, "Hash Buckets": 16384, "Original Hash Buckets": 16384, "Hash Batches": 1, "Original Hash Batches": 1, "Peak Memory Usage": 138, "Workers": [], "Plans": [{"Node Type": "Merge Join", "Parent Relationship": "Outer", "Parallel Aware": false, "Async Capable": false, "Join Type": "Inner", "Startup Cost": 0.71, "Total Cost": 3155.43, "Plan Rows": 129.0, "Plan Width": 8, "Actual Rows": 244, "Actual Loops": 2, "Inner Unique": true, "Merge Cond": "(v.userid = u.id)", "Workers": [], "Plans": [{"Node Type": "Index Scan", "Parent Relationship": "Outer", "Parallel Aware": false, "Async Capable": false, "Scan Direction": "Forward", "Index Name": "idx_votes_userid", "Relation Name": "votes", "Alias": "v", "Startup Cost": 0.42, "Total Cost": 13242.63, "Plan Rows": 1270, "Plan Width": 4, "Actual Rows": 811, "Actual Loops": 2, "Filter": "((bountyamount <= 50) AND (creationdate <= '2014-09-12 00:00:00'::timestamp without time zone))", "Rows Removed by Filter": 36818, "Workers": []}, {"Node Type": "Index Scan", "Parent Relationship": "Inner", "Parallel Aware": false, "Async Capable": false, "Scan Direction": "Forward", "Index Name": "users_pkey", "Relation Name": "users", "Alias": "u", "Startup Cost": 0.29, "Total Cost": 1659.6, "Plan Rows": 38627, "Plan Width": 4, "Actual Rows": 38594, "Actual Loops": 2, "Filter": "((upvotes >= 0) AND (upvotes <= 12) AND (creationdate >= '2010-07-19 19:09:39'::timestamp without time zone))", "Rows Removed by Filter": 1634, "Workers": []}]}]}]}]}]}]}]}]}, "Planning Time": 12.674, "Triggers": [], "Execution Time": 133.332}]