[{"Plan": {"Node Type": "Aggregate", "Strategy": "Plain", "Partial Mode": "Finalize", "Parallel Aware": false, "Async Capable": false, "Startup Cost": 8854.76, "Total Cost": 8854.77, "Plan Rows": 1, "Plan Width": 8, "Actual Rows": 1, "Actual Loops": 1, "Plans": [{"Node Type": "Gather", "Parent Relationship": "Outer", "Parallel Aware": false, "Async Capable": false, "Startup Cost": 8854.65, "Total Cost": 8854.76, "Plan Rows": 1, "Plan Width": 8, "Actual Rows": 2, "Actual Loops": 1, "Workers Planned": 1, "Workers Launched": 1, "Single Copy": false, "Plans": [{"Node Type": "Aggregate", "Strategy": "Plain", "Partial Mode": "Partial", "Parent Relationship": "Outer", "Parallel Aware": false, "Async Capable": false, "Startup Cost": 7854.65, "Total Cost": 7854.66, "Plan Rows": 1, "Plan Width": 8, "Actual Rows": 1, "Actual Loops": 2, "Workers": [], "Plans": [{"Node Type": "Nested Loop", "Parent Relationship": "Outer", "Parallel Aware": false, "Async Capable": false, "Join Type": "Inner", "Startup Cost": 2.24, "Total Cost": 7371.26, "Plan Rows": 193356, "Plan Width": 0, "Actual Rows": 3336232, "Actual Loops": 2, "Inner Unique": false, "Join Filter": "(p.owneruserid = u.id)", "Rows Removed by Join Filter": 0, "Workers": [], "Plans": [{"Node Type": "Merge Join", "Parent Relationship": "Outer", "Parallel Aware": false, "Async Capable": false, "Join Type": "Inner", "Startup Cost": 1.94, "Total Cost": 3525.5, "Plan Rows": 53294, "Plan Width": 12, "Actual Rows": 237645, "Actual Loops": 2, "Inner Unique": true, "Merge Cond": "(v.userid = u.id)", "Workers": [], "Plans": [{"Node Type": "Merge Join", "Parent Relationship": "Outer", "Parallel Aware": false, "Async Capable": false, "Join Type": "Inner", "Startup Cost": 1.65, "Total Cost": 12272.16, "Plan Rows": 521424, "Plan Width": 8, "Actual Rows": 478152, "Actual Loops": 2, "Inner Unique": false, "Merge Cond": "(v.userid = b.userid)", "Workers": [], "Plans": [{"Node Type": "Index Scan", "Parent Relationship": "Outer", "Parallel Aware": true, "Async Capable": false, "Scan Direction": "Forward", "Index Name": "idx_votes_userid", "Relation Name": "votes", "Alias": "v", "Startup Cost": 0.42, "Total Cost": 10733.91, "Plan Rows": 191603, "Plan Width": 4, "Actual Rows": 17260, "Actual Loops": 2, "Filter": "(creationdate <= '2014-09-06 00:00:00'::timestamp without time zone)", "Rows Removed by Filter": 113, "Workers": []}, {"Node Type": "Materialize", "Parent Relationship": "Inner", "Parallel Aware": false, "Async Capable": false, "Startup Cost": 0.29, "Total Cost": 3451.69, "Plan Rows": 74837, "Plan Width": 4, "Actual Rows": 536934, "Actual Loops": 2, "Workers": [], "Plans": [{"Node Type": "Index Scan", "Parent Relationship": "Outer", "Parallel Aware": false, "Async Capable": false, "Scan Direction": "Forward", "Index Name": "idx_badges_userid", "Relation Name": "badges", "Alias": "b", "Startup Cost": 0.29, "Total Cost": 3264.6, "Plan Rows": 74837, "Plan Width": 4, "Actual Rows": 74124, "Actual Loops": 2, "Filter": "((date >= '2011-01-03 20:50:19'::timestamp without time zone) AND (date <= '2014-09-02 15:35:07'::timestamp without time zone))", "Rows Removed by Filter": 4789, "Workers": []}]}]}, {"Node Type": "Index Scan", "Parent Relationship": "Inner", "Parallel Aware": false, "Async Capable": false, "Scan Direction": "Forward", "Index Name": "users_pkey", "Relation Name": "users", "Alias": "u", "Startup Cost": 0.29, "Total Cost": 1457.98, "Plan Rows": 38973, "Plan Width": 4, "Actual Rows": 37309, "Actual Loops": 2, "Filter": "(creationdate >= '2010-11-16 06:03:04'::timestamp without time zone)", "Rows Removed by Filter": 1346, "Workers": []}]}, {"Node Type": "Memoize", "Parent Relationship": "Inner", "Parallel Aware": false, "Async Capable": false, "Startup Cost": 0.3, "Total Cost": 0.4, "Plan Rows": 2, "Plan Width": 4, "Actual Rows": 14, "Actual Loops": 475290, "Cache Key": "v.userid", "Cache Mode": "logical", "Cache Hits": 298250, "Cache Misses": 2483, "Cache Evictions": 0, "Cache Overflows": 0, "Peak Memory Usage": 462, "Workers": [{"Worker Number": 0, "Cache Hits": 173167, "Cache Misses": 1390, "Cache Evictions": 0, "Cache Overflows": 0, "Peak Memory Usage": 271}], "Plans": [{"Node Type": "Index Scan", "Parent Relationship": "Outer", "Parallel Aware": false, "Async Capable": false, "Scan Direction": "Forward", "Index Name": "idx_posts_owneruserid", "Relation Name": "posts", "Alias": "p", "Startup Cost": 0.29, "Total Cost": 0.39, "Plan Rows": 2, "Plan Width": 4, "Actual Rows": 3, "Actual Loops": 3873, "Index Cond": "(owneruserid = v.userid)", "Rows Removed by Index Recheck": 0, "Filter": "((score <= 48) AND (answercount <= 8))", "Rows Removed by Filter": 6, "Workers": []}]}]}]}]}]}, "Planning Time": 4.678, "Triggers": [], "Execution Time": 480.022}, {"Plan": {"Node Type": "Aggregate", "Strategy": "Plain", "Partial Mode": "Finalize", "Parallel Aware": false, "Async Capable": false, "Startup Cost": 8419.71, "Total Cost": 8419.72, "Plan Rows": 1, "Plan Width": 8, "Actual Rows": 1, "Actual Loops": 1, "Plans": [{"Node Type": "Gather", "Parent Relationship": "Outer", "Parallel Aware": false, "Async Capable": false, "Startup Cost": 8419.6, "Total Cost": 8419.71, "Plan Rows": 10.0, "Plan Width": 8, "Actual Rows": 2, "Actual Loops": 1, "Workers Planned": 1, "Workers Launched": 1, "Single Copy": false, "Plans": [{"Node Type": "Aggregate", "Strategy": "Plain", "Partial Mode": "Partial", "Parent Relationship": "Outer", "Parallel Aware": false, "Async Capable": false, "Startup Cost": 7419.6, "Total Cost": 7419.61, "Plan Rows": 1, "Plan Width": 8, "Actual Rows": 1, "Actual Loops": 2, "Workers": [], "Plans": [{"Node Type": "Nested Loop", "Parent Relationship": "Outer", "Parallel Aware": false, "Async Capable": false, "Join Type": "Inner", "Startup Cost": 2.24, "Total Cost": 7371.26, "Plan Rows": 193360.0, "Plan Width": 0, "Actual Rows": 3336232, "Actual Loops": 2, "Inner Unique": false, "Join Filter": "(p.owneruserid = u.id)", "Rows Removed by Join Filter": 0, "Workers": [], "Plans": [{"Node Type": "Merge Join", "Parent Relationship": "Outer", "Parallel Aware": false, "Async Capable": false, "Join Type": "Inner", "Startup Cost": 1.94, "Total Cost": 3525.5, "Plan Rows": 53294, "Plan Width": 12, "Actual Rows": 237645, "Actual Loops": 2, "Inner Unique": true, "Merge Cond": "(v.userid = u.id)", "Workers": [], "Plans": [{"Node Type": "Merge Join", "Parent Relationship": "Outer", "Parallel Aware": false, "Async Capable": false, "Join Type": "Inner", "Startup Cost": 1.65, "Total Cost": 12272.16, "Plan Rows": 521424, "Plan Width": 8, "Actual Rows": 478152, "Actual Loops": 2, "Inner Unique": false, "Merge Cond": "(v.userid = b.userid)", "Workers": [], "Plans": [{"Node Type": "Index Scan", "Parent Relationship": "Outer", "Parallel Aware": true, "Async Capable": false, "Scan Direction": "Forward", "Index Name": "idx_votes_userid", "Relation Name": "votes", "Alias": "v", "Startup Cost": 0.42, "Total Cost": 10733.91, "Plan Rows": 191603, "Plan Width": 4, "Actual Rows": 17260, "Actual Loops": 2, "Filter": "(creationdate <= '2014-09-06 00:00:00'::timestamp without time zone)", "Rows Removed by Filter": 113, "Workers": []}, {"Node Type": "Materialize", "Parent Relationship": "Inner", "Parallel Aware": false, "Async Capable": false, "Startup Cost": 0.29, "Total Cost": 3451.69, "Plan Rows": 74837, "Plan Width": 4, "Actual Rows": 536934, "Actual Loops": 2, "Workers": [], "Plans": [{"Node Type": "Index Scan", "Parent Relationship": "Outer", "Parallel Aware": false, "Async Capable": false, "Scan Direction": "Forward", "Index Name": "idx_badges_userid", "Relation Name": "badges", "Alias": "b", "Startup Cost": 0.29, "Total Cost": 3264.6, "Plan Rows": 74837, "Plan Width": 4, "Actual Rows": 74124, "Actual Loops": 2, "Filter": "((date >= '2011-01-03 20:50:19'::timestamp without time zone) AND (date <= '2014-09-02 15:35:07'::timestamp without time zone))", "Rows Removed by Filter": 4789, "Workers": []}]}]}, {"Node Type": "Index Scan", "Parent Relationship": "Inner", "Parallel Aware": false, "Async Capable": false, "Scan Direction": "Forward", "Index Name": "users_pkey", "Relation Name": "users", "Alias": "u", "Startup Cost": 0.29, "Total Cost": 1457.98, "Plan Rows": 38973, "Plan Width": 4, "Actual Rows": 37309, "Actual Loops": 2, "Filter": "(creationdate >= '2010-11-16 06:03:04'::timestamp without time zone)", "Rows Removed by Filter": 1346, "Workers": []}]}, {"Node Type": "Memoize", "Parent Relationship": "Inner", "Parallel Aware": false, "Async Capable": false, "Startup Cost": 0.3, "Total Cost": 0.4, "Plan Rows": 2, "Plan Width": 4, "Actual Rows": 14, "Actual Loops": 475290, "Cache Key": "v.userid", "Cache Mode": "logical", "Cache Hits": 294048, "Cache Misses": 2483, "Cache Evictions": 0, "Cache Overflows": 0, "Peak Memory Usage": 462, "Workers": [{"Worker Number": 0, "Cache Hits": 177369, "Cache Misses": 1390, "Cache Evictions": 0, "Cache Overflows": 0, "Peak Memory Usage": 271}], "Plans": [{"Node Type": "Index Scan", "Parent Relationship": "Outer", "Parallel Aware": false, "Async Capable": false, "Scan Direction": "Forward", "Index Name": "idx_posts_owneruserid", "Relation Name": "posts", "Alias": "p", "Startup Cost": 0.29, "Total Cost": 0.39, "Plan Rows": 2, "Plan Width": 4, "Actual Rows": 3, "Actual Loops": 3873, "Index Cond": "(owneruserid = v.userid)", "Rows Removed by Index Recheck": 0, "Filter": "((score <= 48) AND (answercount <= 8))", "Rows Removed by Filter": 6, "Workers": []}]}]}]}]}]}, "Planning Time": 10.251, "Triggers": [], "Execution Time": 448.588}, {"Plan": {"Node Type": "Aggregate", "Strategy": "Plain", "Partial Mode": "Finalize", "Parallel Aware": false, "Async Capable": false, "Startup Cost": 10307.43, "Total Cost": 10307.44, "Plan Rows": 1, "Plan Width": 8, "Actual Rows": 1, "Actual Loops": 1, "Plans": [{"Node Type": "Gather", "Parent Relationship": "Outer", "Parallel Aware": false, "Async Capable": false, "Startup Cost": 10307.32, "Total Cost": 10307.43, "Plan Rows": 1, "Plan Width": 8, "Actual Rows": 2, "Actual Loops": 1, "Workers Planned": 1, "Workers Launched": 1, "Single Copy": false, "Plans": [{"Node Type": "Aggregate", "Strategy": "Plain", "Partial Mode": "Partial", "Parent Relationship": "Outer", "Parallel Aware": false, "Async Capable": false, "Startup Cost": 9307.32, "Total Cost": 9307.33, "Plan Rows": 1, "Plan Width": 8, "Actual Rows": 1, "Actual Loops": 2, "Workers": [], "Plans": [{"Node Type": "Merge Join", "Parent Relationship": "Outer", "Parallel Aware": false, "Async Capable": false, "Join Type": "Inner", "Startup Cost": 2.23, "Total Cost": 8823.93, "Plan Rows": 193356, "Plan Width": 0, "Actual Rows": 3336232, "Actual Loops": 2, "Inner Unique": false, "Merge Cond": "(v.userid = u.id)", "Workers": [], "Plans": [{"Node Type": "Merge Join", "Parent Relationship": "Outer", "Parallel Aware": false, "Async Capable": false, "Join Type": "Inner", "Startup Cost": 1.65, "Total Cost": 12272.16, "Plan Rows": 521424, "Plan Width": 8, "Actual Rows": 478152, "Actual Loops": 2, "Inner Unique": false, "Merge Cond": "(v.userid = b.userid)", "Workers": [], "Plans": [{"Node Type": "Index Scan", "Parent Relationship": "Outer", "Parallel Aware": true, "Async Capable": false, "Scan Direction": "Forward", "Index Name": "idx_votes_userid", "Relation Name": "votes", "Alias": "v", "Startup Cost": 0.42, "Total Cost": 10733.91, "Plan Rows": 191603, "Plan Width": 4, "Actual Rows": 17260, "Actual Loops": 2, "Filter": "(creationdate <= '2014-09-06 00:00:00'::timestamp without time zone)", "Rows Removed by Filter": 113, "Workers": []}, {"Node Type": "Materialize", "Parent Relationship": "Inner", "Parallel Aware": false, "Async Capable": false, "Startup Cost": 0.29, "Total Cost": 3451.69, "Plan Rows": 74837, "Plan Width": 4, "Actual Rows": 535553, "Actual Loops": 2, "Workers": [], "Plans": [{"Node Type": "Index Scan", "Parent Relationship": "Outer", "Parallel Aware": false, "Async Capable": false, "Scan Direction": "Forward", "Index Name": "idx_badges_userid", "Relation Name": "badges", "Alias": "b", "Startup Cost": 0.29, "Total Cost": 3264.6, "Plan Rows": 74837, "Plan Width": 4, "Actual Rows": 72748, "Actual Loops": 2, "Filter": "((date >= '2011-01-03 20:50:19'::timestamp without time zone) AND (date <= '2014-09-02 15:35:07'::timestamp without time zone))", "Rows Removed by Filter": 4759, "Workers": []}]}]}, {"Node Type": "Materialize", "Parent Relationship": "Inner", "Parallel Aware": false, "Async Capable": false, "Startup Cost": 0.58, "Total Cost": 6653.91, "Plan Rows": 40689, "Plan Width": 8, "Actual Rows": 3366582, "Actual Loops": 2, "Workers": [], "Plans": [{"Node Type": "Merge Join", "Parent Relationship": "Outer", "Parallel Aware": false, "Async Capable": false, "Join Type": "Inner", "Startup Cost": 0.58, "Total Cost": 6552.18, "Plan Rows": 40689, "Plan Width": 8, "Actual Rows": 37112, "Actual Loops": 2, "Inner Unique": true, "Merge Cond": "(p.owneruserid = u.id)", "Workers": [], "Plans": [{"Node Type": "Index Scan", "Parent Relationship": "Outer", "Parallel Aware": false, "Async Capable": false, "Scan Direction": "Forward", "Index Name": "idx_posts_owneruserid", "Relation Name": "posts", "Alias": "p", "Startup Cost": 0.29, "Total Cost": 4553.55, "Plan Rows": 42747, "Plan Width": 4, "Actual Rows": 40394, "Actual Loops": 2, "Filter": "((score <= 48) AND (answercount <= 8))", "Rows Removed by Filter": 47924, "Workers": []}, {"Node Type": "Index Scan", "Parent Relationship": "Inner", "Parallel Aware": false, "Async Capable": false, "Scan Direction": "Forward", "Index Name": "users_pkey", "Relation Name": "users", "Alias": "u", "Startup Cost": 0.29, "Total Cost": 1457.98, "Plan Rows": 38973, "Plan Width": 4, "Actual Rows": 35717, "Actual Loops": 2, "Filter": "(creationdate >= '2010-11-16 06:03:04'::timestamp without time zone)", "Rows Removed by Filter": 1346, "Workers": []}]}]}]}]}]}]}, "Planning Time": 11.232, "Triggers": [], "Execution Time": 515.278}, {"Plan": {"Node Type": "Aggregate", "Strategy": "Plain", "Partial Mode": "Finalize", "Parallel Aware": false, "Async Capable": false, "Startup Cost": 5232.54, "Total Cost": 5232.55, "Plan Rows": 1, "Plan Width": 8, "Plans": [{"Node Type": "Gather", "Parent Relationship": "Outer", "Parallel Aware": false, "Async Capable": false, "Startup Cost": 5232.43, "Total Cost": 5232.54, "Plan Rows": 1, "Plan Width": 8, "Workers Planned": 1, "Single Copy": false, "Plans": [{"Node Type": "Aggregate", "Strategy": "Plain", "Partial Mode": "Partial", "Parent Relationship": "Outer", "Parallel Aware": false, "Async Capable": false, "Startup Cost": 4232.43, "Total Cost": 4232.44, "Plan Rows": 1, "Plan Width": 8, "Plans": [{"Node Type": "Nested Loop", "Parent Relationship": "Outer", "Parallel Aware": false, "Async Capable": false, "Join Type": "Inner", "Startup Cost": 2.23, "Total Cost": 3749.04, "Plan Rows": 193356, "Plan Width": 0, "Inner Unique": false, "Join Filter": "(p.owneruserid = u.id)", "Plans": [{"Node Type": "Merge Join", "Parent Relationship": "Outer", "Parallel Aware": false, "Async Capable": false, "Join Type": "Inner", "Startup Cost": 1.94, "Total Cost": 3525.5, "Plan Rows": 53300.0, "Plan Width": 12, "Inner Unique": true, "Merge Cond": "(v.userid = u.id)", "Plans": [{"Node Type": "Merge Join", "Parent Relationship": "Outer", "Parallel Aware": false, "Async Capable": false, "Join Type": "Inner", "Startup Cost": 1.65, "Total Cost": 12272.16, "Plan Rows": 521424, "Plan Width": 8, "Inner Unique": false, "Merge Cond": "(v.userid = b.userid)", "Plans": [{"Node Type": "Index Scan", "Parent Relationship": "Outer", "Parallel Aware": true, "Async Capable": false, "Scan Direction": "Forward", "Index Name": "idx_votes_userid", "Relation Name": "votes", "Alias": "v", "Startup Cost": 0.42, "Total Cost": 10733.91, "Plan Rows": 191603, "Plan Width": 4, "Filter": "(creationdate <= '2014-09-06 00:00:00'::timestamp without time zone)"}, {"Node Type": "Materialize", "Parent Relationship": "Inner", "Parallel Aware": false, "Async Capable": false, "Startup Cost": 0.29, "Total Cost": 3451.69, "Plan Rows": 74837, "Plan Width": 4, "Plans": [{"Node Type": "Index Scan", "Parent Relationship": "Outer", "Parallel Aware": false, "Async Capable": false, "Scan Direction": "Forward", "Index Name": "idx_badges_userid", "Relation Name": "badges", "Alias": "b", "Startup Cost": 0.29, "Total Cost": 3264.6, "Plan Rows": 74837, "Plan Width": 4, "Filter": "((date >= '2011-01-03 20:50:19'::timestamp without time zone) AND (date <= '2014-09-02 15:35:07'::timestamp without time zone))"}]}]}, {"Node Type": "Index Scan", "Parent Relationship": "Inner", "Parallel Aware": false, "Async Capable": false, "Scan Direction": "Forward", "Index Name": "users_pkey", "Relation Name": "users", "Alias": "u", "Startup Cost": 0.29, "Total Cost": 1457.98, "Plan Rows": 38973, "Plan Width": 4, "Filter": "(creationdate >= '2010-11-16 06:03:04'::timestamp without time zone)"}]}, {"Node Type": "Index Scan", "Parent Relationship": "Inner", "Parallel Aware": false, "Async Capable": false, "Scan Direction": "Forward", "Index Name": "idx_posts_owneruserid", "Relation Name": "posts", "Alias": "p", "Startup Cost": 0.29, "Total Cost": 0.39, "Plan Rows": 2, "Plan Width": 4, "Index Cond": "(owneruserid = v.userid)", "Filter": "((score <= 48) AND (answercount <= 8))"}]}]}]}]}}, {"Plan": {"Node Type": "Aggregate", "Strategy": "Plain", "Partial Mode": "Finalize", "Parallel Aware": false, "Async Capable": false, "Startup Cost": 6302.97, "Total Cost": 6302.98, "Plan Rows": 1, "Plan Width": 8, "Actual Rows": 1, "Actual Loops": 1, "Plans": [{"Node Type": "Gather", "Parent Relationship": "Outer", "Parallel Aware": false, "Async Capable": false, "Startup Cost": 6302.85, "Total Cost": 6302.96, "Plan Rows": 1, "Plan Width": 8, "Actual Rows": 2, "Actual Loops": 1, "Workers Planned": 1, "Workers Launched": 1, "Single Copy": false, "Plans": [{"Node Type": "Aggregate", "Strategy": "Plain", "Partial Mode": "Partial", "Parent Relationship": "Outer", "Parallel Aware": false, "Async Capable": false, "Startup Cost": 5302.85, "Total Cost": 5302.86, "Plan Rows": 1, "Plan Width": 8, "Actual Rows": 1, "Actual Loops": 2, "Workers": [], "Plans": [{"Node Type": "Merge Join", "Parent Relationship": "Outer", "Parallel Aware": false, "Async Capable": false, "Join Type": "Inner", "Startup Cost": 2.71, "Total Cost": 4819.46, "Plan Rows": 193356, "Plan Width": 0, "Actual Rows": 3336232, "Actual Loops": 2, "Inner Unique": true, "Merge Cond": "(v.userid = u.id)", "Workers": [], "Plans": [{"Node Type": "Merge Join", "Parent Relationship": "Outer", "Parallel Aware": false, "Async Capable": false, "Join Type": "Inner", "Startup Cost": 2.42, "Total Cost": 7831.14, "Plan Rows": 1891794, "Plan Width": 12, "Actual Rows": 9691741, "Actual Loops": 2, "Inner Unique": false, "Merge Cond": "(v.userid = b.userid)", "Workers": [], "Plans": [{"Node Type": "Merge Join", "Parent Relationship": "Outer", "Parallel Aware": false, "Async Capable": false, "Join Type": "Inner", "Startup Cost": 0.71, "Total Cost": 16167.15, "Plan Rows": 695160.0, "Plan Width": 8, "Actual Rows": 184093, "Actual Loops": 2, "Inner Unique": false, "Merge Cond": "(v.userid = p.owneruserid)", "Workers": [], "Plans": [{"Node Type": "Index Scan", "Parent Relationship": "Outer", "Parallel Aware": true, "Async Capable": false, "Scan Direction": "Forward", "Index Name": "idx_votes_userid", "Relation Name": "votes", "Alias": "v", "Startup Cost": 0.42, "Total Cost": 10733.91, "Plan Rows": 191603, "Plan Width": 4, "Actual Rows": 17267, "Actual Loops": 2, "Filter": "(creationdate <= '2014-09-06 00:00:00'::timestamp without time zone)", "Rows Removed by Filter": 128, "Workers": []}, {"Node Type": "Materialize", "Parent Relationship": "Inner", "Parallel Aware": false, "Async Capable": false, "Startup Cost": 0.29, "Total Cost": 4660.42, "Plan Rows": 42747, "Plan Width": 4, "Actual Rows": 217438, "Actual Loops": 2, "Workers": [], "Plans": [{"Node Type": "Index Scan", "Parent Relationship": "Outer", "Parallel Aware": false, "Async Capable": false, "Scan Direction": "Forward", "Index Name": "idx_posts_owneruserid", "Relation Name": "posts", "Alias": "p", "Startup Cost": 0.29, "Total Cost": 4553.55, "Plan Rows": 42747, "Plan Width": 4, "Actual Rows": 41366, "Actual Loops": 2, "Filter": "((score <= 48) AND (answercount <= 8))", "Rows Removed by Filter": 48286, "Workers": []}]}]}, {"Node Type": "Materialize", "Parent Relationship": "Inner", "Parallel Aware": false, "Async Capable": false, "Startup Cost": 0.29, "Total Cost": 3451.69, "Plan Rows": 74837, "Plan Width": 4, "Actual Rows": 9752241, "Actual Loops": 2, "Workers": [], "Plans": [{"Node Type": "Index Scan", "Parent Relationship": "Outer", "Parallel Aware": false, "Async Capable": false, "Scan Direction": "Forward", "Index Name": "idx_badges_userid", "Relation Name": "badges", "Alias": "b", "Startup Cost": 0.29, "Total Cost": 3264.6, "Plan Rows": 74837, "Plan Width": 4, "Actual Rows": 74108, "Actual Loops": 2, "Filter": "((date >= '2011-01-03 20:50:19'::timestamp without time zone) AND (date <= '2014-09-02 15:35:07'::timestamp without time zone))", "Rows Removed by Filter": 4601, "Workers": []}]}]}, {"Node Type": "Index Scan", "Parent Relationship": "Inner", "Parallel Aware": false, "Async Capable": false, "Scan Direction": "Forward", "Index Name": "users_pkey", "Relation Name": "users", "Alias": "u", "Startup Cost": 0.29, "Total Cost": 1457.98, "Plan Rows": 38973, "Plan Width": 4, "Actual Rows": 37264, "Actual Loops": 2, "Filter": "(creationdate >= '2010-11-16 06:03:04'::timestamp without time zone)", "Rows Removed by Filter": 1346, "Workers": []}]}]}]}]}, "Planning Time": 10.962, "Triggers": [], "Execution Time": 1148.955}, {"Plan": {"Node Type": "Aggregate", "Strategy": "Plain", "Partial Mode": "Finalize", "Parallel Aware": false, "Async Capable": false, "Startup Cost": 49885.49, "Total Cost": 49885.5, "Plan Rows": 1, "Plan Width": 8, "Actual Rows": 1, "Actual Loops": 1, "Plans": [{"Node Type": "Gather", "Parent Relationship": "Outer", "Parallel Aware": false, "Async Capable": false, "Startup Cost": 49885.38, "Total Cost": 49885.49, "Plan Rows": 1, "Plan Width": 8, "Actual Rows": 2, "Actual Loops": 1, "Workers Planned": 1, "Workers Launched": 1, "Single Copy": false, "Plans": [{"Node Type": "Aggregate", "Strategy": "Plain", "Partial Mode": "Partial", "Parent Relationship": "Outer", "Parallel Aware": false, "Async Capable": false, "Startup Cost": 48885.38, "Total Cost": 48885.39, "Plan Rows": 1, "Plan Width": 8, "Actual Rows": 1, "Actual Loops": 2, "Workers": [], "Plans": [{"Node Type": "Merge Join", "Parent Relationship": "Outer", "Parallel Aware": false, "Async Capable": false, "Join Type": "Inner", "Startup Cost": 3.73, "Total Cost": 48401.99, "Plan Rows": 193356, "Plan Width": 0, "Actual Rows": 3336232, "Actual Loops": 2, "Inner Unique": false, "Merge Cond": "(u.id = b.userid)", "Workers": [], "Plans": [{"Node Type": "Merge Join", "Parent Relationship": "Outer", "Parallel Aware": false, "Async Capable": false, "Join Type": "Inner", "Startup Cost": 1.0, "Total Cost": 42983.08, "Plan Rows": 71051, "Plan Width": 12, "Actual Rows": 119766, "Actual Loops": 2, "Inner Unique": false, "Merge Cond": "(u.id = p.owneruserid)", "Workers": [], "Plans": [{"Node Type": "Merge Join", "Parent Relationship": "Outer", "Parallel Aware": false, "Async Capable": false, "Join Type": "Inner", "Startup Cost": 0.71, "Total Cost": 2937.44, "Plan Rows": 19583.53, "Plan Width": 8, "Actual Rows": 14130, "Actual Loops": 2, "Inner Unique": true, "Merge Cond": "(v.userid = u.id)", "Workers": [], "Plans": [{"Node Type": "Index Scan", "Parent Relationship": "Outer", "Parallel Aware": true, "Async Capable": false, "Scan Direction": "Forward", "Index Name": "idx_votes_userid", "Relation Name": "votes", "Alias": "v", "Startup Cost": 0.42, "Total Cost": 10733.91, "Plan Rows": 191603, "Plan Width": 4, "Actual Rows": 17267, "Actual Loops": 2, "Filter": "(creationdate <= '2014-09-06 00:00:00'::timestamp without time zone)", "Rows Removed by Filter": 128, "Workers": []}, {"Node Type": "Index Scan", "Parent Relationship": "Inner", "Parallel Aware": false, "Async Capable": false, "Scan Direction": "Forward", "Index Name": "users_pkey", "Relation Name": "users", "Alias": "u", "Startup Cost": 0.29, "Total Cost": 1457.98, "Plan Rows": 38973, "Plan Width": 4, "Actual Rows": 37425, "Actual Loops": 2, "Filter": "(creationdate >= '2010-11-16 06:03:04'::timestamp without time zone)", "Rows Removed by Filter": 1346, "Workers": []}]}, {"Node Type": "Materialize", "Parent Relationship": "Inner", "Parallel Aware": false, "Async Capable": false, "Startup Cost": 0.29, "Total Cost": 4660.42, "Plan Rows": 42747, "Plan Width": 4, "Actual Rows": 154344, "Actual Loops": 2, "Workers": [], "Plans": [{"Node Type": "Index Scan", "Parent Relationship": "Outer", "Parallel Aware": false, "Async Capable": false, "Scan Direction": "Forward", "Index Name": "idx_posts_owneruserid", "Relation Name": "posts", "Alias": "p", "Startup Cost": 0.29, "Total Cost": 4553.55, "Plan Rows": 42747, "Plan Width": 4, "Actual Rows": 41366, "Actual Loops": 2, "Filter": "((score <= 48) AND (answercount <= 8))", "Rows Removed by Filter": 48286, "Workers": []}]}]}, {"Node Type": "Materialize", "Parent Relationship": "Inner", "Parallel Aware": false, "Async Capable": false, "Startup Cost": 0.29, "Total Cost": 3451.69, "Plan Rows": 74837, "Plan Width": 4, "Actual Rows": 3399602, "Actual Loops": 2, "Workers": [], "Plans": [{"Node Type": "Index Scan", "Parent Relationship": "Outer", "Parallel Aware": false, "Async Capable": false, "Scan Direction": "Forward", "Index Name": "idx_badges_userid", "Relation Name": "badges", "Alias": "b", "Startup Cost": 0.29, "Total Cost": 3264.6, "Plan Rows": 74837, "Plan Width": 4, "Actual Rows": 74108, "Actual Loops": 2, "Filter": "((date >= '2011-01-03 20:50:19'::timestamp without time zone) AND (date <= '2014-09-02 15:35:07'::timestamp without time zone))", "Rows Removed by Filter": 4601, "Workers": []}]}]}]}]}]}, "Planning Time": 12.155, "Triggers": [], "Execution Time": 474.353}]