[{"Plan": {"Node Type": "Aggregate", "Strategy": "Plain", "Partial Mode": "Finalize", "Parallel Aware": false, "Async Capable": false, "Startup Cost": 1715850.34, "Total Cost": 1715850.35, "Plan Rows": 1, "Plan Width": 8, "Actual Rows": 1, "Actual Loops": 1, "Plans": [{"Node Type": "Gather", "Parent Relationship": "Outer", "Parallel Aware": false, "Async Capable": false, "Startup Cost": 1715850.12, "Total Cost": 1715850.33, "Plan Rows": 2, "Plan Width": 8, "Actual Rows": 3, "Actual Loops": 1, "Workers Planned": 2, "Workers Launched": 2, "Single Copy": false, "Plans": [{"Node Type": "Aggregate", "Strategy": "Plain", "Partial Mode": "Partial", "Parent Relationship": "Outer", "Parallel Aware": false, "Async Capable": false, "Startup Cost": 1714850.12, "Total Cost": 1714850.13, "Plan Rows": 1, "Plan Width": 8, "Actual Rows": 1, "Actual Loops": 3, "Workers": [], "Plans": [{"Node Type": "Merge Join", "Parent Relationship": "Outer", "Parallel Aware": false, "Async Capable": false, "Join Type": "Inner", "Startup Cost": 1.57, "Total Cost": 48682.9, "Plan Rows": 666466888, "Plan Width": 0, "Actual Rows": 3691964, "Actual Loops": 3, "Inner Unique": false, "Merge Cond": "(v.userid = u.id)", "Workers": [], "Plans": [{"Node Type": "Nested Loop", "Parent Relationship": "Outer", "Parallel Aware": false, "Async Capable": false, "Join Type": "Inner", "Startup Cost": 0.85, "Total Cost": 32972.74, "Plan Rows": 5551348, "Plan Width": 8, "Actual Rows": 4661100, "Actual Loops": 3, "Inner Unique": false, "Workers": [], "Plans": [{"Node Type": "Index Only Scan", "Parent Relationship": "Outer", "Parallel Aware": true, "Async Capable": false, "Scan Direction": "Forward", "Index Name": "idx_votes_userid", "Relation Name": "votes", "Alias": "v", "Startup Cost": 0.42, "Total Cost": 4261.57, "Plan Rows": 136693, "Plan Width": 4, "Actual Rows": 109355, "Actual Loops": 3, "Heap Fetches": 0, "Workers": []}, {"Node Type": "Memoize", "Parent Relationship": "Inner", "Parallel Aware": false, "Async Capable": false, "Startup Cost": 0.43, "Total Cost": 0.78, "Plan Rows": 14, "Plan Width": 4, "Actual Rows": 43, "Actual Loops": 328064, "Cache Key": "v.userid", "Cache Mode": "logical", "Cache Hits": 110994, "Cache Misses": 1079, "Cache Evictions": 0, "Cache Overflows": 0, "Peak Memory Usage": 1936, "Workers": [{"Worker Number": 0, "Cache Hits": 87290, "Cache Misses": 2149, "Cache Evictions": 0, "Cache Overflows": 0, "Peak Memory Usage": 2179}, {"Worker Number": 1, "Cache Hits": 124232, "Cache Misses": 2320, "Cache Evictions": 0, "Cache Overflows": 0, "Peak Memory Usage": 2141}], "Plans": [{"Node Type": "Index Scan", "Parent Relationship": "Outer", "Parallel Aware": false, "Async Capable": false, "Scan Direction": "Forward", "Index Name": "idx_posthistory_userid", "Relation Name": "posthistory", "Alias": "ph", "Startup Cost": 0.42, "Total Cost": 0.77, "Plan Rows": 14, "Plan Width": 4, "Actual Rows": 30, "Actual Loops": 5548, "Index Cond": "(userid = v.userid)", "Rows Removed by Index Recheck": 0, "Filter": "((creationdate >= '2010-07-28 09:11:34'::timestamp without time zone) AND (creationdate <= '2014-09-06 06:51:53'::timestamp without time zone))", "Rows Removed by Filter": 0, "Workers": []}]}]}, {"Node Type": "Materialize", "Parent Relationship": "Inner", "Parallel Aware": false, "Async Capable": false, "Startup Cost": 0.72, "Total Cost": 7777.46, "Plan Rows": 166529, "Plan Width": 8, "Actual Rows": 3739536, "Actual Loops": 3, "Workers": [], "Plans": [{"Node Type": "Merge Join", "Parent Relationship": "Outer", "Parallel Aware": false, "Async Capable": false, "Join Type": "Inner", "Startup Cost": 0.72, "Total Cost": 7361.14, "Plan Rows": 166529, "Plan Width": 8, "Actual Rows": 54365, "Actual Loops": 3, "Inner Unique": true, "Merge Cond": "(c.userid = u.id)", "Workers": [], "Plans": [{"Node Type": "Index Only Scan", "Parent Relationship": "Outer", "Parallel Aware": false, "Async Capable": false, "Scan Direction": "Forward", "Index Name": "idx_comments_userid", "Relation Name": "comments", "Alias": "c", "Startup Cost": 0.29, "Total Cost": 3568.78, "Plan Rows": 174305, "Plan Width": 4, "Actual Rows": 167675, "Actual Loops": 3, "Heap Fetches": 0, "Workers": []}, {"Node Type": "Index Scan", "Parent Relationship": "Inner", "Parallel Aware": false, "Async Capable": false, "Scan Direction": "Forward", "Index Name": "users_pkey", "Relation Name": "users", "Alias": "u", "Startup Cost": 0.29, "Total Cost": 1659.6, "Plan Rows": 39174, "Plan Width": 4, "Actual Rows": 34495, "Actual Loops": 3, "Filter": "((downvotes <= 0) AND (upvotes >= 0) AND (upvotes <= 72))", "Rows Removed by Filter": 853, "Workers": []}]}]}]}]}]}]}, "Planning Time": 6.339, "Triggers": [], "Execution Time": 712.972}, {"Plan": {"Node Type": "Aggregate", "Strategy": "Plain", "Partial Mode": "Finalize", "Parallel Aware": false, "Async Capable": false, "Startup Cost": 216299.84, "Total Cost": 216299.85, "Plan Rows": 1, "Plan Width": 8, "Actual Rows": 1, "Actual Loops": 1, "Plans": [{"Node Type": "Gather", "Parent Relationship": "Outer", "Parallel Aware": false, "Async Capable": false, "Startup Cost": 216299.62, "Total Cost": 216299.83, "Plan Rows": 20.0, "Plan Width": 8, "Actual Rows": 3, "Actual Loops": 1, "Workers Planned": 2, "Workers Launched": 2, "Single Copy": false, "Plans": [{"Node Type": "Aggregate", "Strategy": "Plain", "Partial Mode": "Partial", "Parent Relationship": "Outer", "Parallel Aware": false, "Async Capable": false, "Startup Cost": 215299.62, "Total Cost": 215299.63, "Plan Rows": 1, "Plan Width": 8, "Actual Rows": 1, "Actual Loops": 3, "Workers": [], "Plans": [{"Node Type": "Merge Join", "Parent Relationship": "Outer", "Parallel Aware": false, "Async Capable": false, "Join Type": "Inner", "Startup Cost": 1.57, "Total Cost": 48682.9, "Plan Rows": 666466890.0, "Plan Width": 0, "Actual Rows": 3691964, "Actual Loops": 3, "Inner Unique": false, "Merge Cond": "(v.userid = u.id)", "Workers": [], "Plans": [{"Node Type": "Nested Loop", "Parent Relationship": "Outer", "Parallel Aware": false, "Async Capable": false, "Join Type": "Inner", "Startup Cost": 0.85, "Total Cost": 32972.74, "Plan Rows": 5551348, "Plan Width": 8, "Actual Rows": 4661100, "Actual Loops": 3, "Inner Unique": false, "Workers": [], "Plans": [{"Node Type": "Index Only Scan", "Parent Relationship": "Outer", "Parallel Aware": true, "Async Capable": false, "Scan Direction": "Forward", "Index Name": "idx_votes_userid", "Relation Name": "votes", "Alias": "v", "Startup Cost": 0.42, "Total Cost": 4261.57, "Plan Rows": 136693, "Plan Width": 4, "Actual Rows": 109355, "Actual Loops": 3, "Heap Fetches": 0, "Workers": []}, {"Node Type": "Memoize", "Parent Relationship": "Inner", "Parallel Aware": false, "Async Capable": false, "Startup Cost": 0.43, "Total Cost": 0.78, "Plan Rows": 14, "Plan Width": 4, "Actual Rows": 43, "Actual Loops": 328064, "Cache Key": "v.userid", "Cache Mode": "logical", "Cache Hits": 115457, "Cache Misses": 2514, "Cache Evictions": 0, "Cache Overflows": 0, "Peak Memory Usage": 2746, "Workers": [{"Worker Number": 0, "Cache Hits": 134000, "Cache Misses": 2238, "Cache Evictions": 0, "Cache Overflows": 0, "Peak Memory Usage": 2153}, {"Worker Number": 1, "Cache Hits": 73059, "Cache Misses": 796, "Cache Evictions": 0, "Cache Overflows": 0, "Peak Memory Usage": 1357}], "Plans": [{"Node Type": "Index Scan", "Parent Relationship": "Outer", "Parallel Aware": false, "Async Capable": false, "Scan Direction": "Forward", "Index Name": "idx_posthistory_userid", "Relation Name": "posthistory", "Alias": "ph", "Startup Cost": 0.42, "Total Cost": 0.77, "Plan Rows": 14, "Plan Width": 4, "Actual Rows": 30, "Actual Loops": 5548, "Index Cond": "(userid = v.userid)", "Rows Removed by Index Recheck": 0, "Filter": "((creationdate >= '2010-07-28 09:11:34'::timestamp without time zone) AND (creationdate <= '2014-09-06 06:51:53'::timestamp without time zone))", "Rows Removed by Filter": 0, "Workers": []}]}]}, {"Node Type": "Materialize", "Parent Relationship": "Inner", "Parallel Aware": false, "Async Capable": false, "Startup Cost": 0.72, "Total Cost": 7777.46, "Plan Rows": 166529, "Plan Width": 8, "Actual Rows": 3741013, "Actual Loops": 3, "Workers": [], "Plans": [{"Node Type": "Merge Join", "Parent Relationship": "Outer", "Parallel Aware": false, "Async Capable": false, "Join Type": "Inner", "Startup Cost": 0.72, "Total Cost": 7361.14, "Plan Rows": 166529, "Plan Width": 8, "Actual Rows": 55842, "Actual Loops": 3, "Inner Unique": true, "Merge Cond": "(c.userid = u.id)", "Workers": [], "Plans": [{"Node Type": "Index Only Scan", "Parent Relationship": "Outer", "Parallel Aware": false, "Async Capable": false, "Scan Direction": "Forward", "Index Name": "idx_comments_userid", "Relation Name": "comments", "Alias": "c", "Startup Cost": 0.29, "Total Cost": 3568.78, "Plan Rows": 174305, "Plan Width": 4, "Actual Rows": 169577, "Actual Loops": 3, "Heap Fetches": 0, "Workers": []}, {"Node Type": "Index Scan", "Parent Relationship": "Inner", "Parallel Aware": false, "Async Capable": false, "Scan Direction": "Forward", "Index Name": "users_pkey", "Relation Name": "users", "Alias": "u", "Startup Cost": 0.29, "Total Cost": 1659.6, "Plan Rows": 39174, "Plan Width": 4, "Actual Rows": 36430, "Actual Loops": 3, "Filter": "((downvotes <= 0) AND (upvotes >= 0) AND (upvotes <= 72))", "Rows Removed by Filter": 858, "Workers": []}]}]}]}]}]}]}, "Planning Time": 10.333, "Triggers": [], "Execution Time": 715.126}, {"Plan": {"Node Type": "Aggregate", "Strategy": "Plain", "Partial Mode": "Finalize", "Parallel Aware": false, "Async Capable": false, "Startup Cost": 1685608.36, "Total Cost": 1685608.37, "Plan Rows": 1, "Plan Width": 8, "Actual Rows": 1, "Actual Loops": 1, "Plans": [{"Node Type": "Gather", "Parent Relationship": "Outer", "Parallel Aware": false, "Async Capable": false, "Startup Cost": 1685608.14, "Total Cost": 1685608.35, "Plan Rows": 2, "Plan Width": 8, "Actual Rows": 3, "Actual Loops": 1, "Workers Planned": 2, "Workers Launched": 2, "Single Copy": false, "Plans": [{"Node Type": "Aggregate", "Strategy": "Plain", "Partial Mode": "Partial", "Parent Relationship": "Outer", "Parallel Aware": false, "Async Capable": false, "Startup Cost": 1684608.14, "Total Cost": 1684608.15, "Plan Rows": 1, "Plan Width": 8, "Actual Rows": 1, "Actual Loops": 3, "Workers": [], "Plans": [{"Node Type": "Nested Loop", "Parent Relationship": "Outer", "Parallel Aware": false, "Async Capable": false, "Join Type": "Inner", "Startup Cost": 1.45, "Total Cost": 18440.92, "Plan Rows": 666466888, "Plan Width": 0, "Actual Rows": 3691964, "Actual Loops": 3, "Inner Unique": false, "Workers": [], "Plans": [{"Node Type": "Nested Loop", "Parent Relationship": "Outer", "Parallel Aware": false, "Async Capable": false, "Join Type": "Inner", "Startup Cost": 1.02, "Total Cost": 6948.86, "Plan Rows": 448580.0, "Plan Width": 12, "Actual Rows": 47005, "Actual Loops": 3, "Inner Unique": false, "Workers": [], "Plans": [{"Node Type": "Merge Join", "Parent Relationship": "Outer", "Parallel Aware": false, "Async Capable": false, "Join Type": "Inner", "Startup Cost": 0.71, "Total Cost": 2385.17, "Plan Rows": 14043, "Plan Width": 8, "Actual Rows": 5801, "Actual Loops": 3, "Inner Unique": true, "Merge Cond": "(v.userid = u.id)", "Workers": [], "Plans": [{"Node Type": "Index Only Scan", "Parent Relationship": "Outer", "Parallel Aware": true, "Async Capable": false, "Scan Direction": "Forward", "Index Name": "idx_votes_userid", "Relation Name": "votes", "Alias": "v", "Startup Cost": 0.42, "Total Cost": 4261.57, "Plan Rows": 136693, "Plan Width": 4, "Actual Rows": 11597, "Actual Loops": 3, "Heap Fetches": 0, "Workers": []}, {"Node Type": "Index Scan", "Parent Relationship": "Inner", "Parallel Aware": false, "Async Capable": false, "Scan Direction": "Forward", "Index Name": "users_pkey", "Relation Name": "users", "Alias": "u", "Startup Cost": 0.29, "Total Cost": 1659.6, "Plan Rows": 39174, "Plan Width": 4, "Actual Rows": 36590, "Actual Loops": 3, "Filter": "((downvotes <= 0) AND (upvotes >= 0) AND (upvotes <= 72))", "Rows Removed by Filter": 859, "Workers": []}]}, {"Node Type": "Memoize", "Parent Relationship": "Inner", "Parallel Aware": false, "Async Capable": false, "Startup Cost": 0.3, "Total Cost": 0.54, "Plan Rows": 13, "Plan Width": 4, "Actual Rows": 8, "Actual Loops": 17404, "Cache Key": "v.userid", "Cache Mode": "logical", "Cache Hits": 4365, "Cache Misses": 1806, "Cache Evictions": 0, "Cache Overflows": 0, "Peak Memory Usage": 376, "Workers": [{"Worker Number": 0, "Cache Hits": 3761, "Cache Misses": 1450, "Cache Evictions": 0, "Cache Overflows": 0, "Peak Memory Usage": 313}, {"Worker Number": 1, "Cache Hits": 4393, "Cache Misses": 1629, "Cache Evictions": 0, "Cache Overflows": 0, "Peak Memory Usage": 359}], "Plans": [{"Node Type": "Index Only Scan", "Parent Relationship": "Outer", "Parallel Aware": false, "Async Capable": false, "Scan Direction": "Forward", "Index Name": "idx_comments_userid", "Relation Name": "comments", "Alias": "c", "Startup Cost": 0.29, "Total Cost": 0.53, "Plan Rows": 13, "Plan Width": 4, "Actual Rows": 4, "Actual Loops": 4885, "Index Cond": "(userid = v.userid)", "Rows Removed by Index Recheck": 0, "Heap Fetches": 0, "Workers": []}]}]}, {"Node Type": "Memoize", "Parent Relationship": "Inner", "Parallel Aware": false, "Async Capable": false, "Startup Cost": 0.43, "Total Cost": 0.78, "Plan Rows": 14, "Plan Width": 4, "Actual Rows": 79, "Actual Loops": 141015, "Cache Key": "v.userid", "Cache Mode": "logical", "Cache Hits": 52160, "Cache Misses": 860, "Cache Evictions": 0, "Cache Overflows": 0, "Peak Memory Usage": 549, "Workers": [{"Worker Number": 0, "Cache Hits": 44342, "Cache Misses": 724, "Cache Evictions": 0, "Cache Overflows": 0, "Peak Memory Usage": 480}, {"Worker Number": 1, "Cache Hits": 42097, "Cache Misses": 832, "Cache Evictions": 0, "Cache Overflows": 0, "Peak Memory Usage": 592}], "Plans": [{"Node Type": "Index Scan", "Parent Relationship": "Outer", "Parallel Aware": false, "Async Capable": false, "Scan Direction": "Forward", "Index Name": "idx_posthistory_userid", "Relation Name": "posthistory", "Alias": "ph", "Startup Cost": 0.42, "Total Cost": 0.77, "Plan Rows": 14, "Plan Width": 4, "Actual Rows": 17, "Actual Loops": 2416, "Index Cond": "(userid = v.userid)", "Rows Removed by Index Recheck": 0, "Filter": "((creationdate >= '2010-07-28 09:11:34'::timestamp without time zone) AND (creationdate <= '2014-09-06 06:51:53'::timestamp without time zone))", "Rows Removed by Filter": 0, "Workers": []}]}]}]}]}]}, "Planning Time": 5.184, "Triggers": [], "Execution Time": 233.075}, {"Plan": {"Node Type": "Aggregate", "Strategy": "Plain", "Partial Mode": "Finalize", "Parallel Aware": false, "Async Capable": false, "Startup Cost": 1674033.23, "Total Cost": 1674033.24, "Plan Rows": 1, "Plan Width": 8, "Actual Rows": 1, "Actual Loops": 1, "Plans": [{"Node Type": "Gather", "Parent Relationship": "Outer", "Parallel Aware": false, "Async Capable": false, "Startup Cost": 1674033.01, "Total Cost": 1674033.22, "Plan Rows": 2, "Plan Width": 8, "Actual Rows": 3, "Actual Loops": 1, "Workers Planned": 2, "Workers Launched": 2, "Single Copy": false, "Plans": [{"Node Type": "Aggregate", "Strategy": "Plain", "Partial Mode": "Partial", "Parent Relationship": "Outer", "Parallel Aware": false, "Async Capable": false, "Startup Cost": 1673033.01, "Total Cost": 1673033.02, "Plan Rows": 1, "Plan Width": 8, "Actual Rows": 1, "Actual Loops": 3, "Workers": [], "Plans": [{"Node Type": "Merge Join", "Parent Relationship": "Outer", "Parallel Aware": false, "Async Capable": false, "Join Type": "Inner", "Startup Cost": 1.44, "Total Cost": 6865.79, "Plan Rows": 666466888, "Plan Width": 0, "Actual Rows": 3691964, "Actual Loops": 3, "Inner Unique": false, "Merge Cond": "(v.userid = c.userid)", "Workers": [], "Plans": [{"Node Type": "Nested Loop", "Parent Relationship": "Outer", "Parallel Aware": false, "Async Capable": false, "Join Type": "Inner", "Startup Cost": 1.15, "Total Cost": 8099.27, "Plan Rows": 570300.0, "Plan Width": 12, "Actual Rows": 106962, "Actual Loops": 3, "Inner Unique": false, "Workers": [], "Plans": [{"Node Type": "Merge Join", "Parent Relationship": "Outer", "Parallel Aware": false, "Async Capable": false, "Join Type": "Inner", "Startup Cost": 0.71, "Total Cost": 2385.17, "Plan Rows": 14043, "Plan Width": 8, "Actual Rows": 5801, "Actual Loops": 3, "Inner Unique": true, "Merge Cond": "(v.userid = u.id)", "Workers": [], "Plans": [{"Node Type": "Index Only Scan", "Parent Relationship": "Outer", "Parallel Aware": true, "Async Capable": false, "Scan Direction": "Forward", "Index Name": "idx_votes_userid", "Relation Name": "votes", "Alias": "v", "Startup Cost": 0.42, "Total Cost": 4261.57, "Plan Rows": 136693, "Plan Width": 4, "Actual Rows": 11597, "Actual Loops": 3, "Heap Fetches": 0, "Workers": []}, {"Node Type": "Index Scan", "Parent Relationship": "Inner", "Parallel Aware": false, "Async Capable": false, "Scan Direction": "Forward", "Index Name": "users_pkey", "Relation Name": "users", "Alias": "u", "Startup Cost": 0.29, "Total Cost": 1659.6, "Plan Rows": 39174, "Plan Width": 4, "Actual Rows": 36590, "Actual Loops": 3, "Filter": "((downvotes <= 0) AND (upvotes >= 0) AND (upvotes <= 72))", "Rows Removed by Filter": 859, "Workers": []}]}, {"Node Type": "Memoize", "Parent Relationship": "Inner", "Parallel Aware": false, "Async Capable": false, "Startup Cost": 0.43, "Total Cost": 0.78, "Plan Rows": 14, "Plan Width": 4, "Actual Rows": 18, "Actual Loops": 17404, "Cache Key": "v.userid", "Cache Mode": "logical", "Cache Hits": 5276, "Cache Misses": 2169, "Cache Evictions": 0, "Cache Overflows": 0, "Peak Memory Usage": 805, "Workers": [{"Worker Number": 0, "Cache Hits": 3264, "Cache Misses": 1198, "Cache Evictions": 0, "Cache Overflows": 0, "Peak Memory Usage": 436}, {"Worker Number": 1, "Cache Hits": 3979, "Cache Misses": 1518, "Cache Evictions": 0, "Cache Overflows": 0, "Peak Memory Usage": 618}], "Plans": [{"Node Type": "Index Scan", "Parent Relationship": "Outer", "Parallel Aware": false, "Async Capable": false, "Scan Direction": "Forward", "Index Name": "idx_posthistory_userid", "Relation Name": "posthistory", "Alias": "ph", "Startup Cost": 0.42, "Total Cost": 0.77, "Plan Rows": 14, "Plan Width": 4, "Actual Rows": 9, "Actual Loops": 4885, "Index Cond": "(userid = v.userid)", "Rows Removed by Index Recheck": 0, "Filter": "((creationdate >= '2010-07-28 09:11:34'::timestamp without time zone) AND (creationdate <= '2014-09-06 06:51:53'::timestamp without time zone))", "Rows Removed by Filter": 0, "Workers": []}]}]}, {"Node Type": "Index Only Scan", "Parent Relationship": "Inner", "Parallel Aware": false, "Async Capable": false, "Scan Direction": "Forward", "Index Name": "idx_comments_userid", "Relation Name": "comments", "Alias": "c", "Startup Cost": 0.29, "Total Cost": 3568.78, "Plan Rows": 174305, "Plan Width": 4, "Actual Rows": 3854748, "Actual Loops": 3, "Heap Fetches": 0, "Workers": []}]}]}]}]}, "Planning Time": 10.18, "Triggers": [], "Execution Time": 403.887}, {"Plan": {"Node Type": "Aggregate", "Strategy": "Plain", "Partial Mode": "Finalize", "Parallel Aware": false, "Async Capable": false, "Startup Cost": 1677370.25, "Total Cost": 1677370.26, "Plan Rows": 1, "Plan Width": 8, "Actual Rows": 1, "Actual Loops": 1, "Plans": [{"Node Type": "Gather", "Parent Relationship": "Outer", "Parallel Aware": false, "Async Capable": false, "Startup Cost": 1677370.03, "Total Cost": 1677370.24, "Plan Rows": 2, "Plan Width": 8, "Actual Rows": 3, "Actual Loops": 1, "Workers Planned": 2, "Workers Launched": 2, "Single Copy": false, "Plans": [{"Node Type": "Aggregate", "Strategy": "Plain", "Partial Mode": "Partial", "Parent Relationship": "Outer", "Parallel Aware": false, "Async Capable": false, "Startup Cost": 1676370.03, "Total Cost": 1676370.04, "Plan Rows": 1, "Plan Width": 8, "Actual Rows": 1, "Actual Loops": 3, "Workers": [], "Plans": [{"Node Type": "Merge Join", "Parent Relationship": "Outer", "Parallel Aware": false, "Async Capable": false, "Join Type": "Inner", "Startup Cost": 6205.52, "Total Cost": 10202.81, "Plan Rows": 666466888, "Plan Width": 0, "Actual Rows": 3691964, "Actual Loops": 3, "Inner Unique": false, "Merge Cond": "(v.userid = u.id)", "Workers": [], "Plans": [{"Node Type": "Nested Loop", "Parent Relationship": "Outer", "Parallel Aware": false, "Async Capable": false, "Join Type": "Inner", "Startup Cost": 0.85, "Total Cost": 32972.74, "Plan Rows": 5551350.0, "Plan Width": 8, "Actual Rows": 4661100, "Actual Loops": 3, "Inner Unique": false, "Workers": [], "Plans": [{"Node Type": "Index Only Scan", "Parent Relationship": "Outer", "Parallel Aware": true, "Async Capable": false, "Scan Direction": "Forward", "Index Name": "idx_votes_userid", "Relation Name": "votes", "Alias": "v", "Startup Cost": 0.42, "Total Cost": 4261.57, "Plan Rows": 136693, "Plan Width": 4, "Actual Rows": 109355, "Actual Loops": 3, "Heap Fetches": 0, "Workers": []}, {"Node Type": "Memoize", "Parent Relationship": "Inner", "Parallel Aware": false, "Async Capable": false, "Startup Cost": 0.43, "Total Cost": 0.78, "Plan Rows": 14, "Plan Width": 4, "Actual Rows": 43, "Actual Loops": 328064, "Cache Key": "v.userid", "Cache Mode": "logical", "Cache Hits": 101664, "Cache Misses": 1316, "Cache Evictions": 0, "Cache Overflows": 0, "Peak Memory Usage": 2050, "Workers": [{"Worker Number": 0, "Cache Hits": 86837, "Cache Misses": 2167, "Cache Evictions": 0, "Cache Overflows": 0, "Peak Memory Usage": 2251}, {"Worker Number": 1, "Cache Hits": 134015, "Cache Misses": 2065, "Cache Evictions": 0, "Cache Overflows": 0, "Peak Memory Usage": 1955}], "Plans": [{"Node Type": "Index Scan", "Parent Relationship": "Outer", "Parallel Aware": false, "Async Capable": false, "Scan Direction": "Forward", "Index Name": "idx_posthistory_userid", "Relation Name": "posthistory", "Alias": "ph", "Startup Cost": 0.42, "Total Cost": 0.77, "Plan Rows": 14, "Plan Width": 4, "Actual Rows": 30, "Actual Loops": 5548, "Index Cond": "(userid = v.userid)", "Rows Removed by Index Recheck": 0, "Filter": "((creationdate >= '2010-07-28 09:11:34'::timestamp without time zone) AND (creationdate <= '2014-09-06 06:51:53'::timestamp without time zone))", "Rows Removed by Filter": 0, "Workers": []}]}]}, {"Node Type": "Sort", "Parent Relationship": "Inner", "Parallel Aware": false, "Async Capable": false, "Startup Cost": 6204.67, "Total Cost": 6246.3, "Plan Rows": 166530.0, "Plan Width": 8, "Actual Rows": 3739536, "Actual Loops": 3, "Sort Key": ["c.userid"], "Sort Method": "quicksort", "Sort Space Used": 3334, "Sort Space Type": "Memory", "Workers": [{"Worker Number": 0, "Sort Method": "quicksort", "Sort Space Used": 3334, "Sort Space Type": "Memory"}, {"Worker Number": 1, "Sort Method": "quicksort", "Sort Space Used": 3334, "Sort Space Type": "Memory"}], "Plans": [{"Node Type": "Hash Join", "Parent Relationship": "Outer", "Parallel Aware": false, "Async Capable": false, "Join Type": "Inner", "Startup Cost": 1492.36, "Total Cost": 5037.01, "Plan Rows": 166530.0, "Plan Width": 8, "Actual Rows": 57512, "Actual Loops": 3, "Inner Unique": true, "Hash Cond": "(c.userid = u.id)", "Workers": [], "Plans": [{"Node Type": "Seq Scan", "Parent Relationship": "Outer", "Parallel Aware": false, "Async Capable": false, "Relation Name": "comments", "Alias": "c", "Startup Cost": 0.0, "Total Cost": 3087.05, "Plan Rows": 174305, "Plan Width": 4, "Actual Rows": 174305, "Actual Loops": 3, "Workers": []}, {"Node Type": "Hash", "Parent Relationship": "Inner", "Parallel Aware": false, "Async Capable": false, "Startup Cost": 1002.69, "Total Cost": 1002.69, "Plan Rows": 39174, "Plan Width": 4, "Actual Rows": 39462, "Actual Loops": 3, "Hash Buckets": 65536, "Original Hash Buckets": 65536, "Hash Batches": 1, "Original Hash Batches": 1, "Peak Memory Usage": 1900, "Workers": [], "Plans": [{"Node Type": "Seq Scan", "Parent Relationship": "Outer", "Parallel Aware": false, "Async Capable": false, "Relation Name": "users", "Alias": "u", "Startup Cost": 0.0, "Total Cost": 1002.69, "Plan Rows": 39174, "Plan Width": 4, "Actual Rows": 39462, "Actual Loops": 3, "Filter": "((downvotes <= 0) AND (upvotes >= 0) AND (upvotes <= 72))", "Rows Removed by Filter": 863, "Workers": []}]}]}]}]}]}]}]}, "Planning Time": 11.542, "Triggers": [], "Execution Time": 786.173}, {"Plan": {"Node Type": "Aggregate", "Strategy": "Plain", "Partial Mode": "Finalize", "Parallel Aware": false, "Async Capable": false, "Startup Cost": 1905167.19, "Total Cost": 1905167.2, "Plan Rows": 1, "Plan Width": 8, "Actual Rows": 1, "Actual Loops": 1, "Plans": [{"Node Type": "Gather", "Parent Relationship": "Outer", "Parallel Aware": false, "Async Capable": false, "Startup Cost": 1905166.97, "Total Cost": 1905167.18, "Plan Rows": 2, "Plan Width": 8, "Actual Rows": 3, "Actual Loops": 1, "Workers Planned": 2, "Workers Launched": 2, "Single Copy": false, "Plans": [{"Node Type": "Aggregate", "Strategy": "Plain", "Partial Mode": "Partial", "Parent Relationship": "Outer", "Parallel Aware": false, "Async Capable": false, "Startup Cost": 1904166.97, "Total Cost": 1904166.98, "Plan Rows": 1, "Plan Width": 8, "Actual Rows": 1, "Actual Loops": 3, "Workers": [], "Plans": [{"Node Type": "Nested Loop", "Parent Relationship": "Outer", "Parallel Aware": false, "Async Capable": false, "Join Type": "Inner", "Startup Cost": 1.57, "Total Cost": 237999.75, "Plan Rows": 666466888, "Plan Width": 0, "Actual Rows": 3691964, "Actual Loops": 3, "Inner Unique": false, "Workers": [], "Plans": [{"Node Type": "Merge Join", "Parent Relationship": "Outer", "Parallel Aware": false, "Async Capable": false, "Join Type": "Inner", "Startup Cost": 1.14, "Total Cost": 150810.31, "Plan Rows": 448577, "Plan Width": 12, "Actual Rows": 47005, "Actual Loops": 3, "Inner Unique": false, "Merge Cond": "(v.userid = u.id)", "Workers": [], "Plans": [{"Node Type": "Index Only Scan", "Parent Relationship": "Outer", "Parallel Aware": true, "Async Capable": false, "Scan Direction": "Forward", "Index Name": "idx_votes_userid", "Relation Name": "votes", "Alias": "v", "Startup Cost": 0.42, "Total Cost": 4261.57, "Plan Rows": 136693, "Plan Width": 4, "Actual Rows": 11597, "Actual Loops": 3, "Heap Fetches": 0, "Workers": []}, {"Node Type": "Materialize", "Parent Relationship": "Inner", "Parallel Aware": false, "Async Capable": false, "Startup Cost": 0.72, "Total Cost": 48993.39, "Plan Rows": 166529.0, "Plan Width": 8, "Actual Rows": 94574, "Actual Loops": 3, "Workers": [], "Plans": [{"Node Type": "Merge Join", "Parent Relationship": "Outer", "Parallel Aware": false, "Async Capable": false, "Join Type": "Inner", "Startup Cost": 0.72, "Total Cost": 7361.14, "Plan Rows": 166529.0, "Plan Width": 8, "Actual Rows": 54415, "Actual Loops": 3, "Inner Unique": true, "Merge Cond": "(c.userid = u.id)", "Workers": [], "Plans": [{"Node Type": "Index Only Scan", "Parent Relationship": "Outer", "Parallel Aware": false, "Async Capable": false, "Scan Direction": "Forward", "Index Name": "idx_comments_userid", "Relation Name": "comments", "Alias": "c", "Startup Cost": 0.29, "Total Cost": 3568.78, "Plan Rows": 174305, "Plan Width": 4, "Actual Rows": 167728, "Actual Loops": 3, "Heap Fetches": 0, "Workers": []}, {"Node Type": "Index Scan", "Parent Relationship": "Inner", "Parallel Aware": false, "Async Capable": false, "Scan Direction": "Forward", "Index Name": "users_pkey", "Relation Name": "users", "Alias": "u", "Startup Cost": 0.29, "Total Cost": 1659.6, "Plan Rows": 39174, "Plan Width": 4, "Actual Rows": 34659, "Actual Loops": 3, "Filter": "((downvotes <= 0) AND (upvotes >= 0) AND (upvotes <= 72))", "Rows Removed by Filter": 853, "Workers": []}]}]}]}, {"Node Type": "Memoize", "Parent Relationship": "Inner", "Parallel Aware": false, "Async Capable": false, "Startup Cost": 0.43, "Total Cost": 0.78, "Plan Rows": 14, "Plan Width": 4, "Actual Rows": 79, "Actual Loops": 141015, "Cache Key": "v.userid", "Cache Mode": "logical", "Cache Hits": 52319, "Cache Misses": 1052, "Cache Evictions": 0, "Cache Overflows": 0, "Peak Memory Usage": 672, "Workers": [{"Worker Number": 0, "Cache Hits": 42565, "Cache Misses": 577, "Cache Evictions": 0, "Cache Overflows": 0, "Peak Memory Usage": 381}, {"Worker Number": 1, "Cache Hits": 43715, "Cache Misses": 787, "Cache Evictions": 0, "Cache Overflows": 0, "Peak Memory Usage": 568}], "Plans": [{"Node Type": "Index Scan", "Parent Relationship": "Outer", "Parallel Aware": false, "Async Capable": false, "Scan Direction": "Forward", "Index Name": "idx_posthistory_userid", "Relation Name": "posthistory", "Alias": "ph", "Startup Cost": 0.42, "Total Cost": 0.77, "Plan Rows": 14, "Plan Width": 4, "Actual Rows": 17, "Actual Loops": 2416, "Index Cond": "(userid = v.userid)", "Rows Removed by Index Recheck": 0, "Filter": "((creationdate >= '2010-07-28 09:11:34'::timestamp without time zone) AND (creationdate <= '2014-09-06 06:51:53'::timestamp without time zone))", "Rows Removed by Filter": 0, "Workers": []}]}]}]}]}]}, "Planning Time": 10.48, "Triggers": [], "Execution Time": 255.396}]