[{"Plan": {"Node Type": "Aggregate", "Strategy": "Plain", "Partial Mode": "Finalize", "Parallel Aware": false, "Async Capable": false, "Startup Cost": 1616214.15, "Total Cost": 1616214.16, "Plan Rows": 1, "Plan Width": 8, "Actual Rows": 1, "Actual Loops": 1, "Plans": [{"Node Type": "Gather", "Parent Relationship": "Outer", "Parallel Aware": false, "Async Capable": false, "Startup Cost": 1616214.04, "Total Cost": 1616214.15, "Plan Rows": 1, "Plan Width": 8, "Actual Rows": 2, "Actual Loops": 1, "Workers Planned": 1, "Workers Launched": 1, "Single Copy": false, "Plans": [{"Node Type": "Aggregate", "Strategy": "Plain", "Partial Mode": "Partial", "Parent Relationship": "Outer", "Parallel Aware": false, "Async Capable": false, "Startup Cost": 1615214.04, "Total Cost": 1615214.05, "Plan Rows": 1, "Plan Width": 8, "Actual Rows": 1, "Actual Loops": 2, "Workers": [], "Plans": [{"Node Type": "Hash Join", "Parent Relationship": "Outer", "Parallel Aware": true, "Async Capable": false, "Join Type": "Inner", "Startup Cost": 19036.58, "Total Cost": 42602.15, "Plan Rows": 629044756, "Plan Width": 0, "Actual Rows": 9701284, "Actual Loops": 2, "Inner Unique": false, "Hash Cond": "(c.userid = u.id)", "Workers": [], "Plans": [{"Node Type": "Seq Scan", "Parent Relationship": "Outer", "Parallel Aware": true, "Async Capable": false, "Relation Name": "comments", "Alias": "c", "Startup Cost": 0.0, "Total Cost": 2881.99, "Plan Rows": 101638, "Plan Width": 4, "Actual Rows": 86370, "Actual Loops": 2, "Filter": "((creationdate >= '2010-08-12 20:33:46'::timestamp without time zone) AND (creationdate <= '2014-09-13 19:26:55'::timestamp without time zone))", "Rows Removed by Filter": 782, "Workers": []}, {"Node Type": "Hash", "Parent Relationship": "Inner", "Parallel Aware": true, "Async Capable": false, "Startup Cost": 9887.62, "Total Cost": 9887.62, "Plan Rows": 731917, "Plan Width": 12, "Actual Rows": 212799, "Actual Loops": 2, "Hash Buckets": 2097152, "Original Hash Buckets": 2097152, "Hash Batches": 1, "Original Hash Batches": 1, "Peak Memory Usage": 36384, "Workers": [], "Plans": [{"Node Type": "Hash Join", "Parent Relationship": "Outer", "Parallel Aware": true, "Async Capable": false, "Join Type": "Inner", "Startup Cost": 3645.31, "Total Cost": 9887.62, "Plan Rows": 731917, "Plan Width": 12, "Actual Rows": 212799, "Actual Loops": 2, "Inner Unique": false, "Hash Cond": "(ph.userid = u.id)", "Workers": [], "Plans": [{"Node Type": "Seq Scan", "Parent Relationship": "Outer", "Parallel Aware": true, "Async Capable": false, "Relation Name": "posthistory", "Alias": "ph", "Startup Cost": 0.0, "Total Cost": 4915.18, "Plan Rows": 159078, "Plan Width": 4, "Actual Rows": 135190, "Actual Loops": 2, "Filter": "((creationdate >= '2011-04-11 14:46:09'::timestamp without time zone) AND (creationdate <= '2014-08-17 16:37:23'::timestamp without time zone))", "Rows Removed by Filter": 16404, "Workers": []}, {"Node Type": "Hash", "Parent Relationship": "Inner", "Parallel Aware": true, "Async Capable": false, "Startup Cost": 3396.48, "Total Cost": 3396.48, "Plan Rows": 19906, "Plan Width": 8, "Actual Rows": 10004, "Actual Loops": 2, "Hash Buckets": 65536, "Original Hash Buckets": 65536, "Hash Batches": 1, "Original Hash Batches": 1, "Peak Memory Usage": 1312, "Workers": [], "Plans": [{"Node Type": "Merge Join", "Parent Relationship": "Outer", "Parallel Aware": false, "Async Capable": false, "Join Type": "Inner", "Startup Cost": 0.71, "Total Cost": 3396.48, "Plan Rows": 19906, "Plan Width": 8, "Actual Rows": 10004, "Actual Loops": 2, "Inner Unique": true, "Merge Cond": "(v.userid = u.id)", "Workers": [], "Plans": [{"Node Type": "Index Scan", "Parent Relationship": "Outer", "Parallel Aware": true, "Async Capable": false, "Scan Direction": "Forward", "Index Name": "idx_votes_userid", "Relation Name": "votes", "Alias": "v", "Startup Cost": 0.42, "Total Cost": 11216.36, "Plan Rows": 191849, "Plan Width": 4, "Actual Rows": 17318, "Actual Loops": 2, "Filter": "((creationdate >= '2010-07-26 00:00:00'::timestamp without time zone) AND (creationdate <= '2014-09-12 00:00:00'::timestamp without time zone))", "Rows Removed by Filter": 830, "Workers": []}, {"Node Type": "Index Scan", "Parent Relationship": "Inner", "Parallel Aware": false, "Async Capable": false, "Scan Direction": "Forward", "Index Name": "users_pkey", "Relation Name": "users", "Alias": "u", "Startup Cost": 0.29, "Total Cost": 1861.23, "Plan Rows": 39564, "Plan Width": 4, "Actual Rows": 38436, "Actual Loops": 2, "Filter": "((views >= 0) AND (views <= 783) AND (downvotes >= 0) AND (downvotes <= 1) AND (upvotes <= 123))", "Rows Removed by Filter": 518, "Workers": []}]}]}]}]}]}]}]}]}, "Planning Time": 3.678, "Triggers": [], "Execution Time": 1006.329}, {"Plan": {"Node Type": "Aggregate", "Strategy": "Plain", "Partial Mode": "Finalize", "Parallel Aware": false, "Async Capable": false, "Startup Cost": 200863.45, "Total Cost": 200863.46, "Plan Rows": 1, "Plan Width": 8, "Actual Rows": 1, "Actual Loops": 1, "Plans": [{"Node Type": "Gather", "Parent Relationship": "Outer", "Parallel Aware": false, "Async Capable": false, "Startup Cost": 200863.34, "Total Cost": 200863.45, "Plan Rows": 10.0, "Plan Width": 8, "Actual Rows": 2, "Actual Loops": 1, "Workers Planned": 1, "Workers Launched": 1, "Single Copy": false, "Plans": [{"Node Type": "Aggregate", "Strategy": "Plain", "Partial Mode": "Partial", "Parent Relationship": "Outer", "Parallel Aware": false, "Async Capable": false, "Startup Cost": 199863.34, "Total Cost": 199863.35, "Plan Rows": 1, "Plan Width": 8, "Actual Rows": 1, "Actual Loops": 2, "Workers": [], "Plans": [{"Node Type": "Hash Join", "Parent Relationship": "Outer", "Parallel Aware": true, "Async Capable": false, "Join Type": "Inner", "Startup Cost": 19036.58, "Total Cost": 42602.15, "Plan Rows": 629044760.0, "Plan Width": 0, "Actual Rows": 9701284, "Actual Loops": 2, "Inner Unique": false, "Hash Cond": "(c.userid = u.id)", "Workers": [], "Plans": [{"Node Type": "Seq Scan", "Parent Relationship": "Outer", "Parallel Aware": true, "Async Capable": false, "Relation Name": "comments", "Alias": "c", "Startup Cost": 0.0, "Total Cost": 2881.99, "Plan Rows": 101638, "Plan Width": 4, "Actual Rows": 86370, "Actual Loops": 2, "Filter": "((creationdate >= '2010-08-12 20:33:46'::timestamp without time zone) AND (creationdate <= '2014-09-13 19:26:55'::timestamp without time zone))", "Rows Removed by Filter": 782, "Workers": []}, {"Node Type": "Hash", "Parent Relationship": "Inner", "Parallel Aware": true, "Async Capable": false, "Startup Cost": 9887.62, "Total Cost": 9887.62, "Plan Rows": 731917, "Plan Width": 12, "Actual Rows": 212799, "Actual Loops": 2, "Hash Buckets": 2097152, "Original Hash Buckets": 2097152, "Hash Batches": 1, "Original Hash Batches": 1, "Peak Memory Usage": 36416, "Workers": [], "Plans": [{"Node Type": "Hash Join", "Parent Relationship": "Outer", "Parallel Aware": true, "Async Capable": false, "Join Type": "Inner", "Startup Cost": 3645.31, "Total Cost": 9887.62, "Plan Rows": 731917, "Plan Width": 12, "Actual Rows": 212799, "Actual Loops": 2, "Inner Unique": false, "Hash Cond": "(ph.userid = u.id)", "Workers": [], "Plans": [{"Node Type": "Seq Scan", "Parent Relationship": "Outer", "Parallel Aware": true, "Async Capable": false, "Relation Name": "posthistory", "Alias": "ph", "Startup Cost": 0.0, "Total Cost": 4915.18, "Plan Rows": 159078, "Plan Width": 4, "Actual Rows": 135190, "Actual Loops": 2, "Filter": "((creationdate >= '2011-04-11 14:46:09'::timestamp without time zone) AND (creationdate <= '2014-08-17 16:37:23'::timestamp without time zone))", "Rows Removed by Filter": 16404, "Workers": []}, {"Node Type": "Hash", "Parent Relationship": "Inner", "Parallel Aware": true, "Async Capable": false, "Startup Cost": 3396.48, "Total Cost": 3396.48, "Plan Rows": 19906, "Plan Width": 8, "Actual Rows": 10004, "Actual Loops": 2, "Hash Buckets": 65536, "Original Hash Buckets": 65536, "Hash Batches": 1, "Original Hash Batches": 1, "Peak Memory Usage": 1312, "Workers": [], "Plans": [{"Node Type": "Merge Join", "Parent Relationship": "Outer", "Parallel Aware": false, "Async Capable": false, "Join Type": "Inner", "Startup Cost": 0.71, "Total Cost": 3396.48, "Plan Rows": 19906, "Plan Width": 8, "Actual Rows": 10004, "Actual Loops": 2, "Inner Unique": true, "Merge Cond": "(v.userid = u.id)", "Workers": [], "Plans": [{"Node Type": "Index Scan", "Parent Relationship": "Outer", "Parallel Aware": true, "Async Capable": false, "Scan Direction": "Forward", "Index Name": "idx_votes_userid", "Relation Name": "votes", "Alias": "v", "Startup Cost": 0.42, "Total Cost": 11216.36, "Plan Rows": 191849, "Plan Width": 4, "Actual Rows": 17318, "Actual Loops": 2, "Filter": "((creationdate >= '2010-07-26 00:00:00'::timestamp without time zone) AND (creationdate <= '2014-09-12 00:00:00'::timestamp without time zone))", "Rows Removed by Filter": 830, "Workers": []}, {"Node Type": "Index Scan", "Parent Relationship": "Inner", "Parallel Aware": false, "Async Capable": false, "Scan Direction": "Forward", "Index Name": "users_pkey", "Relation Name": "users", "Alias": "u", "Startup Cost": 0.29, "Total Cost": 1861.23, "Plan Rows": 39564, "Plan Width": 4, "Actual Rows": 38436, "Actual Loops": 2, "Filter": "((views >= 0) AND (views <= 783) AND (downvotes >= 0) AND (downvotes <= 1) AND (upvotes <= 123))", "Rows Removed by Filter": 518, "Workers": []}]}]}]}]}]}]}]}]}, "Planning Time": 7.14, "Triggers": [], "Execution Time": 996.346}, {"Plan": {"Node Type": "Aggregate", "Strategy": "Plain", "Partial Mode": "Finalize", "Parallel Aware": false, "Async Capable": false, "Startup Cost": 1628136.94, "Total Cost": 1628136.95, "Plan Rows": 1, "Plan Width": 8, "Actual Rows": 1, "Actual Loops": 1, "Plans": [{"Node Type": "Gather", "Parent Relationship": "Outer", "Parallel Aware": false, "Async Capable": false, "Startup Cost": 1628136.83, "Total Cost": 1628136.94, "Plan Rows": 1, "Plan Width": 8, "Actual Rows": 2, "Actual Loops": 1, "Workers Planned": 1, "Workers Launched": 1, "Single Copy": false, "Plans": [{"Node Type": "Aggregate", "Strategy": "Plain", "Partial Mode": "Partial", "Parent Relationship": "Outer", "Parallel Aware": false, "Async Capable": false, "Startup Cost": 1627136.83, "Total Cost": 1627136.84, "Plan Rows": 1, "Plan Width": 8, "Actual Rows": 1, "Actual Loops": 2, "Workers": [], "Plans": [{"Node Type": "Merge Join", "Parent Relationship": "Outer", "Parallel Aware": false, "Async Capable": false, "Join Type": "Inner", "Startup Cost": 1.59, "Total Cost": 54524.94, "Plan Rows": 629044756, "Plan Width": 0, "Actual Rows": 9701284, "Actual Loops": 2, "Inner Unique": false, "Merge Cond": "(u.id = v.userid)", "Workers": [], "Plans": [{"Node Type": "Merge Join", "Parent Relationship": "Outer", "Parallel Aware": false, "Async Capable": false, "Join Type": "Inner", "Startup Cost": 0.73, "Total Cost": 10682.88, "Plan Rows": 98071, "Plan Width": 8, "Actual Rows": 31713, "Actual Loops": 2, "Inner Unique": true, "Merge Cond": "(c.userid = u.id)", "Workers": [], "Plans": [{"Node Type": "Index Scan", "Parent Relationship": "Outer", "Parallel Aware": true, "Async Capable": false, "Scan Direction": "Forward", "Index Name": "idx_comments_userid", "Relation Name": "comments", "Alias": "c", "Startup Cost": 0.29, "Total Cost": 7618.14, "Plan Rows": 101638, "Plan Width": 4, "Actual Rows": 84636, "Actual Loops": 2, "Filter": "((creationdate >= '2010-08-12 20:33:46'::timestamp without time zone) AND (creationdate <= '2014-09-13 19:26:55'::timestamp without time zone))", "Rows Removed by Filter": 698, "Workers": []}, {"Node Type": "Index Scan", "Parent Relationship": "Inner", "Parallel Aware": false, "Async Capable": false, "Scan Direction": "Forward", "Index Name": "users_pkey", "Relation Name": "users", "Alias": "u", "Startup Cost": 0.29, "Total Cost": 1861.23, "Plan Rows": 39564, "Plan Width": 4, "Actual Rows": 38512, "Actual Loops": 2, "Filter": "((views >= 0) AND (views <= 783) AND (downvotes >= 0) AND (downvotes <= 1) AND (upvotes <= 123))", "Rows Removed by Filter": 518, "Workers": []}]}, {"Node Type": "Materialize", "Parent Relationship": "Inner", "Parallel Aware": false, "Async Capable": false, "Startup Cost": 0.85, "Total Cost": 90616.59, "Plan Rows": 11991981, "Plan Width": 8, "Actual Rows": 21961832, "Actual Loops": 2, "Workers": [], "Plans": [{"Node Type": "Nested Loop", "Parent Relationship": "Outer", "Parallel Aware": false, "Async Capable": false, "Join Type": "Inner", "Startup Cost": 0.85, "Total Cost": 60636.64, "Plan Rows": 11991981, "Plan Width": 8, "Actual Rows": 12470361, "Actual Loops": 2, "Inner Unique": false, "Workers": [], "Plans": [{"Node Type": "Index Scan", "Parent Relationship": "Outer", "Parallel Aware": false, "Async Capable": false, "Scan Direction": "Forward", "Index Name": "idx_posthistory_userid", "Relation Name": "posthistory", "Alias": "ph", "Startup Cost": 0.42, "Total Cost": 13607.96, "Plan Rows": 270433, "Plan Width": 4, "Actual Rows": 270380, "Actual Loops": 2, "Filter": "((creationdate >= '2011-04-11 14:46:09'::timestamp without time zone) AND (creationdate <= '2014-08-17 16:37:23'::timestamp without time zone))", "Rows Removed by Filter": 32807, "Workers": []}, {"Node Type": "Memoize", "Parent Relationship": "Inner", "Parallel Aware": false, "Async Capable": false, "Startup Cost": 0.43, "Total Cost": 0.67, "Plan Rows": 9, "Plan Width": 4, "Actual Rows": 46, "Actual Loops": 540760, "Cache Key": "ph.userid", "Cache Mode": "logical", "Cache Hits": 249710, "Cache Misses": 20670, "Cache Evictions": 0, "Cache Overflows": 0, "Peak Memory Usage": 2385, "Workers": [{"Worker Number": 0, "Cache Hits": 249710, "Cache Misses": 20670, "Cache Evictions": 0, "Cache Overflows": 0, "Peak Memory Usage": 2385}], "Plans": [{"Node Type": "Index Scan", "Parent Relationship": "Outer", "Parallel Aware": false, "Async Capable": false, "Scan Direction": "Forward", "Index Name": "idx_votes_userid", "Relation Name": "votes", "Alias": "v", "Startup Cost": 0.42, "Total Cost": 0.66, "Plan Rows": 9, "Plan Width": 4, "Actual Rows": 1, "Actual Loops": 41340, "Index Cond": "(userid = ph.userid)", "Rows Removed by Index Recheck": 0, "Filter": "((creationdate >= '2010-07-26 00:00:00'::timestamp without time zone) AND (creationdate <= '2014-09-12 00:00:00'::timestamp without time zone))", "Rows Removed by Filter": 0, "Workers": []}]}]}]}]}]}]}]}, "Planning Time": 11.583, "Triggers": [], "Execution Time": 3912.356}, {"Plan": {"Node Type": "Aggregate", "Strategy": "Plain", "Partial Mode": "Finalize", "Parallel Aware": false, "Async Capable": false, "Startup Cost": 1585403.25, "Total Cost": 1585403.26, "Plan Rows": 1, "Plan Width": 8, "Actual Rows": 1, "Actual Loops": 1, "Plans": [{"Node Type": "Gather", "Parent Relationship": "Outer", "Parallel Aware": false, "Async Capable": false, "Startup Cost": 1585403.14, "Total Cost": 1585403.25, "Plan Rows": 1, "Plan Width": 8, "Actual Rows": 2, "Actual Loops": 1, "Workers Planned": 1, "Workers Launched": 1, "Single Copy": false, "Plans": [{"Node Type": "Aggregate", "Strategy": "Plain", "Partial Mode": "Partial", "Parent Relationship": "Outer", "Parallel Aware": false, "Async Capable": false, "Startup Cost": 1584403.14, "Total Cost": 1584403.15, "Plan Rows": 1, "Plan Width": 8, "Actual Rows": 1, "Actual Loops": 2, "Workers": [], "Plans": [{"Node Type": "Nested Loop", "Parent Relationship": "Outer", "Parallel Aware": false, "Async Capable": false, "Join Type": "Inner", "Startup Cost": 3645.74, "Total Cost": 11791.25, "Plan Rows": 629044756, "Plan Width": 0, "Actual Rows": 9701284, "Actual Loops": 2, "Inner Unique": false, "Join Filter": "(ph.userid = u.id)", "Rows Removed by Join Filter": 0, "Workers": [], "Plans": [{"Node Type": "Hash Join", "Parent Relationship": "Outer", "Parallel Aware": true, "Async Capable": false, "Join Type": "Inner", "Startup Cost": 3645.31, "Total Cost": 7401.87, "Plan Rows": 630300.0, "Plan Width": 12, "Actual Rows": 110850, "Actual Loops": 2, "Inner Unique": false, "Hash Cond": "(c.userid = u.id)", "Workers": [], "Plans": [{"Node Type": "Seq Scan", "Parent Relationship": "Outer", "Parallel Aware": true, "Async Capable": false, "Relation Name": "comments", "Alias": "c", "Startup Cost": 0.0, "Total Cost": 2881.99, "Plan Rows": 101638, "Plan Width": 4, "Actual Rows": 86370, "Actual Loops": 2, "Filter": "((creationdate >= '2010-08-12 20:33:46'::timestamp without time zone) AND (creationdate <= '2014-09-13 19:26:55'::timestamp without time zone))", "Rows Removed by Filter": 782, "Workers": []}, {"Node Type": "Hash", "Parent Relationship": "Inner", "Parallel Aware": true, "Async Capable": false, "Startup Cost": 3396.48, "Total Cost": 3396.48, "Plan Rows": 19906, "Plan Width": 8, "Actual Rows": 10004, "Actual Loops": 2, "Hash Buckets": 65536, "Original Hash Buckets": 65536, "Hash Batches": 1, "Original Hash Batches": 1, "Peak Memory Usage": 1312, "Workers": [], "Plans": [{"Node Type": "Merge Join", "Parent Relationship": "Outer", "Parallel Aware": false, "Async Capable": false, "Join Type": "Inner", "Startup Cost": 0.71, "Total Cost": 3396.48, "Plan Rows": 19906, "Plan Width": 8, "Actual Rows": 10004, "Actual Loops": 2, "Inner Unique": true, "Merge Cond": "(v.userid = u.id)", "Workers": [], "Plans": [{"Node Type": "Index Scan", "Parent Relationship": "Outer", "Parallel Aware": true, "Async Capable": false, "Scan Direction": "Forward", "Index Name": "idx_votes_userid", "Relation Name": "votes", "Alias": "v", "Startup Cost": 0.42, "Total Cost": 11216.36, "Plan Rows": 191849, "Plan Width": 4, "Actual Rows": 17318, "Actual Loops": 2, "Filter": "((creationdate >= '2010-07-26 00:00:00'::timestamp without time zone) AND (creationdate <= '2014-09-12 00:00:00'::timestamp without time zone))", "Rows Removed by Filter": 830, "Workers": []}, {"Node Type": "Index Scan", "Parent Relationship": "Inner", "Parallel Aware": false, "Async Capable": false, "Scan Direction": "Forward", "Index Name": "users_pkey", "Relation Name": "users", "Alias": "u", "Startup Cost": 0.29, "Total Cost": 1861.23, "Plan Rows": 39564, "Plan Width": 4, "Actual Rows": 38436, "Actual Loops": 2, "Filter": "((views >= 0) AND (views <= 783) AND (downvotes >= 0) AND (downvotes <= 1) AND (upvotes <= 123))", "Rows Removed by Filter": 518, "Workers": []}]}]}]}, {"Node Type": "Memoize", "Parent Relationship": "Inner", "Parallel Aware": false, "Async Capable": false, "Startup Cost": 0.43, "Total Cost": 0.78, "Plan Rows": 13, "Plan Width": 4, "Actual Rows": 88, "Actual Loops": 221701, "Cache Key": "v.userid", "Cache Mode": "logical", "Cache Hits": 107961, "Cache Misses": 2110, "Cache Evictions": 0, "Cache Overflows": 0, "Peak Memory Usage": 1663, "Workers": [{"Worker Number": 0, "Cache Hits": 109549, "Cache Misses": 2081, "Cache Evictions": 0, "Cache Overflows": 0, "Peak Memory Usage": 1661}], "Plans": [{"Node Type": "Index Scan", "Parent Relationship": "Outer", "Parallel Aware": false, "Async Capable": false, "Scan Direction": "Forward", "Index Name": "idx_posthistory_userid", "Relation Name": "posthistory", "Alias": "ph", "Startup Cost": 0.42, "Total Cost": 0.77, "Plan Rows": 13, "Plan Width": 4, "Actual Rows": 21, "Actual Loops": 4191, "Index Cond": "(userid = v.userid)", "Rows Removed by Index Recheck": 0, "Filter": "((creationdate >= '2011-04-11 14:46:09'::timestamp without time zone) AND (creationdate <= '2014-08-17 16:37:23'::timestamp without time zone))", "Rows Removed by Filter": 2, "Workers": []}]}]}]}]}]}, "Planning Time": 11.678, "Triggers": [], "Execution Time": 820.371}, {"Plan": {"Node Type": "Aggregate", "Strategy": "Plain", "Partial Mode": "Finalize", "Parallel Aware": false, "Async Capable": false, "Startup Cost": 1586284.58, "Total Cost": 1586284.59, "Plan Rows": 1, "Plan Width": 8, "Actual Rows": 1, "Actual Loops": 1, "Plans": [{"Node Type": "Gather", "Parent Relationship": "Outer", "Parallel Aware": false, "Async Capable": false, "Startup Cost": 1586284.47, "Total Cost": 1586284.58, "Plan Rows": 1, "Plan Width": 8, "Actual Rows": 2, "Actual Loops": 1, "Workers Planned": 1, "Workers Launched": 1, "Single Copy": false, "Plans": [{"Node Type": "Aggregate", "Strategy": "Plain", "Partial Mode": "Partial", "Parent Relationship": "Outer", "Parallel Aware": false, "Async Capable": false, "Startup Cost": 1585284.47, "Total Cost": 1585284.48, "Plan Rows": 1, "Plan Width": 8, "Actual Rows": 1, "Actual Loops": 2, "Workers": [], "Plans": [{"Node Type": "Merge Join", "Parent Relationship": "Outer", "Parallel Aware": false, "Async Capable": false, "Join Type": "Inner", "Startup Cost": 7281.03, "Total Cost": 12672.58, "Plan Rows": 629044756, "Plan Width": 0, "Actual Rows": 9701284, "Actual Loops": 2, "Inner Unique": false, "Merge Cond": "(v.userid = u.id)", "Workers": [], "Plans": [{"Node Type": "Nested Loop", "Parent Relationship": "Outer", "Parallel Aware": false, "Async Capable": false, "Join Type": "Inner", "Startup Cost": 0.85, "Total Cost": 44844.6, "Plan Rows": 7054110.0, "Plan Width": 8, "Actual Rows": 6235180, "Actual Loops": 2, "Inner Unique": false, "Workers": [], "Plans": [{"Node Type": "Index Scan", "Parent Relationship": "Outer", "Parallel Aware": true, "Async Capable": false, "Scan Direction": "Forward", "Index Name": "idx_posthistory_userid", "Relation Name": "posthistory", "Alias": "ph", "Startup Cost": 0.42, "Total Cost": 11735.34, "Plan Rows": 159078, "Plan Width": 4, "Actual Rows": 135190, "Actual Loops": 2, "Filter": "((creationdate >= '2011-04-11 14:46:09'::timestamp without time zone) AND (creationdate <= '2014-08-17 16:37:23'::timestamp without time zone))", "Rows Removed by Filter": 16404, "Workers": []}, {"Node Type": "Memoize", "Parent Relationship": "Inner", "Parallel Aware": false, "Async Capable": false, "Startup Cost": 0.43, "Total Cost": 0.67, "Plan Rows": 9, "Plan Width": 4, "Actual Rows": 46, "Actual Loops": 270380, "Cache Key": "ph.userid", "Cache Mode": "logical", "Cache Hits": 125618, "Cache Misses": 9356, "Cache Evictions": 0, "Cache Overflows": 0, "Peak Memory Usage": 1178, "Workers": [{"Worker Number": 0, "Cache Hits": 124067, "Cache Misses": 11339, "Cache Evictions": 0, "Cache Overflows": 0, "Peak Memory Usage": 1292}], "Plans": [{"Node Type": "Index Scan", "Parent Relationship": "Outer", "Parallel Aware": false, "Async Capable": false, "Scan Direction": "Forward", "Index Name": "idx_votes_userid", "Relation Name": "votes", "Alias": "v", "Startup Cost": 0.42, "Total Cost": 0.66, "Plan Rows": 9, "Plan Width": 4, "Actual Rows": 2, "Actual Loops": 20695, "Index Cond": "(userid = ph.userid)", "Rows Removed by Index Recheck": 0, "Filter": "((creationdate >= '2010-07-26 00:00:00'::timestamp without time zone) AND (creationdate <= '2014-09-12 00:00:00'::timestamp without time zone))", "Rows Removed by Filter": 0, "Workers": []}]}]}, {"Node Type": "Sort", "Parent Relationship": "Inner", "Parallel Aware": false, "Async Capable": false, "Startup Cost": 7280.18, "Total Cost": 7321.86, "Plan Rows": 166720.0, "Plan Width": 8, "Actual Rows": 9751934, "Actual Loops": 2, "Sort Key": ["c.userid"], "Sort Method": "quicksort", "Sort Space Used": 3541, "Sort Space Type": "Memory", "Workers": [{"Worker Number": 0, "Sort Method": "quicksort", "Sort Space Used": 3541, "Sort Space Type": "Memory"}], "Plans": [{"Node Type": "Hash Join", "Parent Relationship": "Outer", "Parallel Aware": false, "Async Capable": false, "Join Type": "Inner", "Startup Cost": 1698.86, "Total Cost": 6111.04, "Plan Rows": 166720.0, "Plan Width": 8, "Actual Rows": 64129, "Actual Loops": 2, "Inner Unique": true, "Hash Cond": "(c.userid = u.id)", "Workers": [], "Plans": [{"Node Type": "Seq Scan", "Parent Relationship": "Outer", "Parallel Aware": false, "Async Capable": false, "Relation Name": "comments", "Alias": "c", "Startup Cost": 0.0, "Total Cost": 3958.57, "Plan Rows": 172785, "Plan Width": 4, "Actual Rows": 172741, "Actual Loops": 2, "Filter": "((creationdate >= '2010-08-12 20:33:46'::timestamp without time zone) AND (creationdate <= '2014-09-13 19:26:55'::timestamp without time zone))", "Rows Removed by Filter": 1564, "Workers": []}, {"Node Type": "Hash", "Parent Relationship": "Inner", "Parallel Aware": false, "Async Capable": false, "Startup Cost": 1204.31, "Total Cost": 1204.31, "Plan Rows": 39564, "Plan Width": 4, "Actual Rows": 39806, "Actual Loops": 2, "Hash Buckets": 65536, "Original Hash Buckets": 65536, "Hash Batches": 1, "Original Hash Batches": 1, "Peak Memory Usage": 1912, "Workers": [], "Plans": [{"Node Type": "Seq Scan", "Parent Relationship": "Outer", "Parallel Aware": false, "Async Capable": false, "Relation Name": "users", "Alias": "u", "Startup Cost": 0.0, "Total Cost": 1204.31, "Plan Rows": 39564, "Plan Width": 4, "Actual Rows": 39806, "Actual Loops": 2, "Filter": "((views >= 0) AND (views <= 783) AND (downvotes >= 0) AND (downvotes <= 1) AND (upvotes <= 123))", "Rows Removed by Filter": 519, "Workers": []}]}]}]}]}]}]}]}, "Planning Time": 10.423, "Triggers": [], "Execution Time": 1531.548}]