[{"Plan": {"Node Type": "Aggregate", "Strategy": "Plain", "Partial Mode": "Simple", "Parallel Aware": false, "Async Capable": false, "Startup Cost": 3172.44, "Total Cost": 3172.45, "Plan Rows": 1, "Plan Width": 8, "Actual Rows": 1, "Actual Loops": 1, "Plans": [{"Node Type": "Nested Loop", "Parent Relationship": "Outer", "Parallel Aware": false, "Async Capable": false, "Join Type": "Inner", "Startup Cost": 1.01, "Total Cost": 3074.45, "Plan Rows": 39197, "Plan Width": 0, "Actual Rows": 200, "Actual Loops": 1, "Inner Unique": false, "Plans": [{"Node Type": "Merge Join", "Parent Relationship": "Outer", "Parallel Aware": false, "Async Capable": false, "Join Type": "Inner", "Startup Cost": 0.71, "Total Cost": 2950.41, "Plan Rows": 136, "Plan Width": 8, "Actual Rows": 40, "Actual Loops": 1, "Inner Unique": true, "Merge Cond": "(v.userid = u.id)", "Plans": [{"Node Type": "Index Scan", "Parent Relationship": "Outer", "Parallel Aware": false, "Async Capable": false, "Scan Direction": "Forward", "Index Name": "idx_votes_userid", "Relation Name": "votes", "Alias": "v", "Startup Cost": 0.42, "Total Cost": 12422.47, "Plan Rows": 1649, "Plan Width": 4, "Actual Rows": 1038, "Actual Loops": 1, "Filter": "(bountyamount <= 100)", "Rows Removed by Filter": 36591}, {"Node Type": "Index Scan", "Parent Relationship": "Inner", "Parallel Aware": false, "Async Capable": false, "Scan Direction": "Forward", "Index Name": "users_pkey", "Relation Name": "users", "Alias": "u", "Startup Cost": 0.29, "Total Cost": 1558.79, "Plan Rows": 31457, "Plan Width": 4, "Actual Rows": 31439, "Actual Loops": 1, "Filter": "((creationdate <= '2014-09-12 03:25:34'::timestamp without time zone) AND (upvotes = 0))", "Rows Removed by Filter": 8790}]}, {"Node Type": "Index Scan", "Parent Relationship": "Inner", "Parallel Aware": false, "Async Capable": false, "Scan Direction": "Forward", "Index Name": "idx_comments_userid", "Relation Name": "comments", "Alias": "c", "Startup Cost": 0.29, "Total Cost": 0.78, "Plan Rows": 13, "Plan Width": 4, "Actual Rows": 5, "Actual Loops": 40, "Index Cond": "(userid = u.id)", "Rows Removed by Index Recheck": 0, "Filter": "((creationdate >= '2010-10-01 20:45:26'::timestamp without time zone) AND (creationdate <= '2014-09-05 12:51:17'::timestamp without time zone))", "Rows Removed by Filter": 0}]}]}, "Planning Time": 1.046, "Triggers": [], "Execution Time": 53.874}, {"Plan": {"Node Type": "Aggregate", "Strategy": "Plain", "Partial Mode": "Finalize", "Parallel Aware": false, "Async Capable": false, "Startup Cost": 9616.0, "Total Cost": 9616.01, "Plan Rows": 1, "Plan Width": 8, "Actual Rows": 1, "Actual Loops": 1, "Plans": [{"Node Type": "Gather", "Parent Relationship": "Outer", "Parallel Aware": false, "Async Capable": false, "Startup Cost": 9615.88, "Total Cost": 9615.99, "Plan Rows": 0.01, "Plan Width": 8, "Actual Rows": 2, "Actual Loops": 1, "Workers Planned": 1, "Workers Launched": 1, "Single Copy": false, "Plans": [{"Node Type": "Aggregate", "Strategy": "Plain", "Partial Mode": "Partial", "Parent Relationship": "Outer", "Parallel Aware": false, "Async Capable": false, "Startup Cost": 8615.88, "Total Cost": 8615.89, "Plan Rows": 1, "Plan Width": 8, "Actual Rows": 1, "Actual Loops": 2, "Workers": [], "Plans": [{"Node Type": "Nested Loop", "Parent Relationship": "Outer", "Parallel Aware": false, "Async Capable": false, "Join Type": "Inner", "Startup Cost": 1.01, "Total Cost": 2851.62, "Plan Rows": 23057.06, "Plan Width": 0, "Actual Rows": 100, "Actual Loops": 2, "Inner Unique": false, "Workers": [], "Plans": [{"Node Type": "Merge Join", "Parent Relationship": "Outer", "Parallel Aware": false, "Async Capable": false, "Join Type": "Inner", "Startup Cost": 0.71, "Total Cost": 2778.65, "Plan Rows": 80, "Plan Width": 8, "Actual Rows": 20, "Actual Loops": 2, "Inner Unique": true, "Merge Cond": "(v.userid = u.id)", "Workers": [], "Plans": [{"Node Type": "Index Scan", "Parent Relationship": "Outer", "Parallel Aware": true, "Async Capable": false, "Scan Direction": "Forward", "Index Name": "idx_votes_userid", "Relation Name": "votes", "Alias": "v", "Startup Cost": 0.42, "Total Cost": 10733.91, "Plan Rows": 970, "Plan Width": 4, "Actual Rows": 520, "Actual Loops": 2, "Filter": "(bountyamount <= 100)", "Rows Removed by Filter": 18638, "Workers": []}, {"Node Type": "Index Scan", "Parent Relationship": "Inner", "Parallel Aware": false, "Async Capable": false, "Scan Direction": "Forward", "Index Name": "users_pkey", "Relation Name": "users", "Alias": "u", "Startup Cost": 0.29, "Total Cost": 1558.79, "Plan Rows": 31457, "Plan Width": 4, "Actual Rows": 29982, "Actual Loops": 2, "Filter": "((creationdate <= '2014-09-12 03:25:34'::timestamp without time zone) AND (upvotes = 0))", "Rows Removed by Filter": 8664, "Workers": []}]}, {"Node Type": "Index Scan", "Parent Relationship": "Inner", "Parallel Aware": false, "Async Capable": false, "Scan Direction": "Forward", "Index Name": "idx_comments_userid", "Relation Name": "comments", "Alias": "c", "Startup Cost": 0.29, "Total Cost": 0.78, "Plan Rows": 13, "Plan Width": 4, "Actual Rows": 5, "Actual Loops": 40, "Index Cond": "(userid = u.id)", "Rows Removed by Index Recheck": 0, "Filter": "((creationdate >= '2010-10-01 20:45:26'::timestamp without time zone) AND (creationdate <= '2014-09-05 12:51:17'::timestamp without time zone))", "Rows Removed by Filter": 0, "Workers": []}]}]}]}]}, "Planning Time": 4.393, "Triggers": [], "Execution Time": 38.904}, {"Plan": {"Node Type": "Aggregate", "Strategy": "Plain", "Partial Mode": "Finalize", "Parallel Aware": false, "Async Capable": false, "Startup Cost": 7385.39, "Total Cost": 7385.4, "Plan Rows": 1, "Plan Width": 8, "Actual Rows": 1, "Actual Loops": 1, "Plans": [{"Node Type": "Gather", "Parent Relationship": "Outer", "Parallel Aware": false, "Async Capable": false, "Startup Cost": 7385.27, "Total Cost": 7385.38, "Plan Rows": 1, "Plan Width": 8, "Actual Rows": 2, "Actual Loops": 1, "Workers Planned": 1, "Workers Launched": 1, "Single Copy": false, "Plans": [{"Node Type": "Aggregate", "Strategy": "Plain", "Partial Mode": "Partial", "Parent Relationship": "Outer", "Parallel Aware": false, "Async Capable": false, "Startup Cost": 6385.27, "Total Cost": 6385.28, "Plan Rows": 1, "Plan Width": 8, "Actual Rows": 1, "Actual Loops": 2, "Workers": [], "Plans": [{"Node Type": "Hash Join", "Parent Relationship": "Outer", "Parallel Aware": true, "Async Capable": false, "Join Type": "Inner", "Startup Cost": 2878.65, "Total Cost": 6327.63, "Plan Rows": 23057, "Plan Width": 0, "Actual Rows": 100, "Actual Loops": 2, "Inner Unique": false, "Hash Cond": "(c.userid = u.id)", "Workers": [], "Plans": [{"Node Type": "Seq Scan", "Parent Relationship": "Outer", "Parallel Aware": true, "Async Capable": false, "Relation Name": "comments", "Alias": "c", "Startup Cost": 0.0, "Total Cost": 2881.99, "Plan Rows": 99454, "Plan Width": 4, "Actual Rows": 84510, "Actual Loops": 2, "Filter": "((creationdate >= '2010-10-01 20:45:26'::timestamp without time zone) AND (creationdate <= '2014-09-05 12:51:17'::timestamp without time zone))", "Rows Removed by Filter": 2642, "Workers": []}, {"Node Type": "Hash", "Parent Relationship": "Inner", "Parallel Aware": true, "Async Capable": false, "Startup Cost": 2778.65, "Total Cost": 2778.65, "Plan Rows": 80.0, "Plan Width": 8, "Actual Rows": 20, "Actual Loops": 2, "Hash Buckets": 16384, "Original Hash Buckets": 16384, "Hash Batches": 1, "Original Hash Batches": 1, "Peak Memory Usage": 192, "Workers": [], "Plans": [{"Node Type": "Merge Join", "Parent Relationship": "Outer", "Parallel Aware": false, "Async Capable": false, "Join Type": "Inner", "Startup Cost": 0.71, "Total Cost": 2778.65, "Plan Rows": 80.0, "Plan Width": 8, "Actual Rows": 20, "Actual Loops": 2, "Inner Unique": true, "Merge Cond": "(v.userid = u.id)", "Workers": [], "Plans": [{"Node Type": "Index Scan", "Parent Relationship": "Outer", "Parallel Aware": true, "Async Capable": false, "Scan Direction": "Forward", "Index Name": "idx_votes_userid", "Relation Name": "votes", "Alias": "v", "Startup Cost": 0.42, "Total Cost": 10733.91, "Plan Rows": 970, "Plan Width": 4, "Actual Rows": 520, "Actual Loops": 2, "Filter": "(bountyamount <= 100)", "Rows Removed by Filter": 18638, "Workers": []}, {"Node Type": "Index Scan", "Parent Relationship": "Inner", "Parallel Aware": false, "Async Capable": false, "Scan Direction": "Forward", "Index Name": "users_pkey", "Relation Name": "users", "Alias": "u", "Startup Cost": 0.29, "Total Cost": 1558.79, "Plan Rows": 31457, "Plan Width": 4, "Actual Rows": 29982, "Actual Loops": 2, "Filter": "((creationdate <= '2014-09-12 03:25:34'::timestamp without time zone) AND (upvotes = 0))", "Rows Removed by Filter": 8664, "Workers": []}]}]}]}]}]}]}, "Planning Time": 4.03, "Triggers": [], "Execution Time": 71.585}]