[{"Plan": {"Node Type": "Aggregate", "Strategy": "Plain", "Partial Mode": "Finalize", "Parallel Aware": false, "Async Capable": false, "Startup Cost": 17478.35, "Total Cost": 17478.36, "Plan Rows": 1, "Plan Width": 8, "Actual Rows": 1, "Actual Loops": 1, "Plans": [{"Node Type": "Gather", "Parent Relationship": "Outer", "Parallel Aware": false, "Async Capable": false, "Startup Cost": 17478.23, "Total Cost": 17478.34, "Plan Rows": 1, "Plan Width": 8, "Actual Rows": 2, "Actual Loops": 1, "Workers Planned": 1, "Workers Launched": 1, "Single Copy": false, "Plans": [{"Node Type": "Aggregate", "Strategy": "Plain", "Partial Mode": "Partial", "Parent Relationship": "Outer", "Parallel Aware": false, "Async Capable": false, "Startup Cost": 16478.23, "Total Cost": 16478.24, "Plan Rows": 1, "Plan Width": 8, "Actual Rows": 1, "Actual Loops": 2, "Workers": [], "Plans": [{"Node Type": "Hash Join", "Parent Relationship": "Outer", "Parallel Aware": true, "Async Capable": false, "Join Type": "Inner", "Startup Cost": 9488.97, "Total Cost": 16185.8, "Plan Rows": 116972, "Plan Width": 0, "Actual Rows": 277151, "Actual Loops": 2, "Inner Unique": false, "Hash Cond": "(v.postid = p.id)", "Workers": [], "Plans": [{"Node Type": "Seq Scan", "Parent Relationship": "Outer", "Parallel Aware": true, "Async Capable": false, "Relation Name": "votes", "Alias": "v", "Startup Cost": 0.0, "Total Cost": 5054.68, "Plan Rows": 190819, "Plan Width": 4, "Actual Rows": 162328, "Actual Loops": 2, "Filter": "((creationdate >= '2010-07-20 00:00:00'::timestamp without time zone) AND (creationdate <= '2014-09-03 00:00:00'::timestamp without time zone))", "Rows Removed by Filter": 1704, "Workers": []}, {"Node Type": "Hash", "Parent Relationship": "Inner", "Parallel Aware": true, "Async Capable": false, "Startup Cost": 9074.4, "Total Cost": 9074.4, "Plan Rows": 33165, "Plan Width": 8, "Actual Rows": 83666, "Actual Loops": 2, "Hash Buckets": 262144, "Original Hash Buckets": 65536, "Hash Batches": 1, "Original Hash Batches": 1, "Peak Memory Usage": 10144, "Workers": [], "Plans": [{"Node Type": "Hash Join", "Parent Relationship": "Outer", "Parallel Aware": false, "Async Capable": false, "Join Type": "Inner", "Startup Cost": 4067.62, "Total Cost": 9074.4, "Plan Rows": 33165, "Plan Width": 8, "Actual Rows": 83666, "Actual Loops": 2, "Inner Unique": true, "Hash Cond": "(p.owneruserid = u.id)", "Workers": [], "Plans": [{"Node Type": "Hash Join", "Parent Relationship": "Outer", "Parallel Aware": false, "Async Capable": false, "Join Type": "Inner", "Startup Cost": 2695.97, "Total Cost": 7607.89, "Plan Rows": 36133, "Plan Width": 12, "Actual Rows": 100401, "Actual Loops": 2, "Inner Unique": true, "Hash Cond": "(ph.postid = p.id)", "Workers": [], "Plans": [{"Node Type": "Seq Scan", "Parent Relationship": "Outer", "Parallel Aware": true, "Async Capable": false, "Relation Name": "posthistory", "Alias": "ph", "Startup Cost": 0.0, "Total Cost": 4469.32, "Plan Rows": 168605, "Plan Width": 4, "Actual Rows": 143258, "Actual Loops": 2, "Filter": "(creationdate <= '2014-07-28 13:25:35'::timestamp without time zone)", "Rows Removed by Filter": 8336, "Workers": []}, {"Node Type": "Hash", "Parent Relationship": "Inner", "Parallel Aware": false, "Async Capable": false, "Startup Cost": 2449.58, "Total Cost": 2449.58, "Plan Rows": 19711, "Plan Width": 8, "Actual Rows": 42238, "Actual Loops": 2, "Hash Buckets": 65536, "Original Hash Buckets": 32768, "Hash Batches": 1, "Original Hash Batches": 1, "Peak Memory Usage": 2160, "Workers": [], "Plans": [{"Node Type": "Seq Scan", "Parent Relationship": "Outer", "Parallel Aware": false, "Async Capable": false, "Relation Name": "posts", "Alias": "p", "Startup Cost": 0.0, "Total Cost": 2449.58, "Plan Rows": 19711, "Plan Width": 8, "Actual Rows": 42238, "Actual Loops": 2, "Filter": "((answercount >= 0) AND (answercount <= 4) AND (posttypeid = 1))", "Rows Removed by Filter": 49738, "Workers": []}]}]}, {"Node Type": "Hash", "Parent Relationship": "Inner", "Parallel Aware": false, "Async Capable": false, "Startup Cost": 901.88, "Total Cost": 901.88, "Plan Rows": 37582, "Plan Width": 4, "Actual Rows": 37542, "Actual Loops": 2, "Hash Buckets": 65536, "Original Hash Buckets": 65536, "Hash Batches": 1, "Original Hash Batches": 1, "Peak Memory Usage": 1832, "Workers": [], "Plans": [{"Node Type": "Seq Scan", "Parent Relationship": "Outer", "Parallel Aware": false, "Async Capable": false, "Relation Name": "users", "Alias": "u", "Startup Cost": 0.0, "Total Cost": 901.88, "Plan Rows": 37582, "Plan Width": 4, "Actual Rows": 37542, "Actual Loops": 2, "Filter": "((creationdate <= '2014-08-08 07:03:29'::timestamp without time zone) AND (downvotes = 0))", "Rows Removed by Filter": 2783, "Workers": []}]}]}]}]}]}]}]}, "Planning Time": 4.846, "Triggers": [], "Execution Time": 311.532}, {"Plan": {"Node Type": "Aggregate", "Strategy": "Plain", "Partial Mode": "Finalize", "Parallel Aware": false, "Async Capable": false, "Startup Cost": 17816.72, "Total Cost": 17816.73, "Plan Rows": 1, "Plan Width": 8, "Actual Rows": 1, "Actual Loops": 1, "Plans": [{"Node Type": "Gather", "Parent Relationship": "Outer", "Parallel Aware": false, "Async Capable": false, "Startup Cost": 17816.61, "Total Cost": 17816.72, "Plan Rows": 1, "Plan Width": 8, "Actual Rows": 2, "Actual Loops": 1, "Workers Planned": 1, "Workers Launched": 1, "Single Copy": false, "Plans": [{"Node Type": "Aggregate", "Strategy": "Plain", "Partial Mode": "Partial", "Parent Relationship": "Outer", "Parallel Aware": false, "Async Capable": false, "Startup Cost": 16816.61, "Total Cost": 16816.62, "Plan Rows": 1, "Plan Width": 8, "Actual Rows": 1, "Actual Loops": 2, "Workers": [], "Plans": [{"Node Type": "Hash Join", "Parent Relationship": "Outer", "Parallel Aware": false, "Async Capable": false, "Join Type": "Inner", "Startup Cost": 9431.21, "Total Cost": 16524.18, "Plan Rows": 116972, "Plan Width": 0, "Actual Rows": 277151, "Actual Loops": 2, "Inner Unique": true, "Hash Cond": "(p.owneruserid = u.id)", "Workers": [], "Plans": [{"Node Type": "Hash Join", "Parent Relationship": "Outer", "Parallel Aware": true, "Async Capable": false, "Join Type": "Inner", "Startup Cost": 8059.56, "Total Cost": 14817.97, "Plan Rows": 127438, "Plan Width": 4, "Actual Rows": 379904, "Actual Loops": 2, "Inner Unique": false, "Hash Cond": "(v.postid = p.id)", "Workers": [], "Plans": [{"Node Type": "Seq Scan", "Parent Relationship": "Outer", "Parallel Aware": true, "Async Capable": false, "Relation Name": "votes", "Alias": "v", "Startup Cost": 0.0, "Total Cost": 5054.68, "Plan Rows": 190819, "Plan Width": 4, "Actual Rows": 162328, "Actual Loops": 2, "Filter": "((creationdate >= '2010-07-20 00:00:00'::timestamp without time zone) AND (creationdate <= '2014-09-03 00:00:00'::timestamp without time zone))", "Rows Removed by Filter": 1704, "Workers": []}, {"Node Type": "Hash", "Parent Relationship": "Inner", "Parallel Aware": true, "Async Capable": false, "Startup Cost": 7607.89, "Total Cost": 7607.89, "Plan Rows": 36133, "Plan Width": 12, "Actual Rows": 100401, "Actual Loops": 2, "Hash Buckets": 262144, "Original Hash Buckets": 65536, "Hash Batches": 1, "Original Hash Batches": 1, "Peak Memory Usage": 13024, "Workers": [], "Plans": [{"Node Type": "Hash Join", "Parent Relationship": "Outer", "Parallel Aware": false, "Async Capable": false, "Join Type": "Inner", "Startup Cost": 2695.97, "Total Cost": 7607.89, "Plan Rows": 36133, "Plan Width": 12, "Actual Rows": 100401, "Actual Loops": 2, "Inner Unique": true, "Hash Cond": "(ph.postid = p.id)", "Workers": [], "Plans": [{"Node Type": "Seq Scan", "Parent Relationship": "Outer", "Parallel Aware": true, "Async Capable": false, "Relation Name": "posthistory", "Alias": "ph", "Startup Cost": 0.0, "Total Cost": 4469.32, "Plan Rows": 168605, "Plan Width": 4, "Actual Rows": 143258, "Actual Loops": 2, "Filter": "(creationdate <= '2014-07-28 13:25:35'::timestamp without time zone)", "Rows Removed by Filter": 8336, "Workers": []}, {"Node Type": "Hash", "Parent Relationship": "Inner", "Parallel Aware": false, "Async Capable": false, "Startup Cost": 2449.58, "Total Cost": 2449.58, "Plan Rows": 19711, "Plan Width": 8, "Actual Rows": 42238, "Actual Loops": 2, "Hash Buckets": 65536, "Original Hash Buckets": 32768, "Hash Batches": 1, "Original Hash Batches": 1, "Peak Memory Usage": 2160, "Workers": [], "Plans": [{"Node Type": "Seq Scan", "Parent Relationship": "Outer", "Parallel Aware": false, "Async Capable": false, "Relation Name": "posts", "Alias": "p", "Startup Cost": 0.0, "Total Cost": 2449.58, "Plan Rows": 19711, "Plan Width": 8, "Actual Rows": 42238, "Actual Loops": 2, "Filter": "((answercount >= 0) AND (answercount <= 4) AND (posttypeid = 1))", "Rows Removed by Filter": 49738, "Workers": []}]}]}]}]}, {"Node Type": "Hash", "Parent Relationship": "Inner", "Parallel Aware": false, "Async Capable": false, "Startup Cost": 901.88, "Total Cost": 901.88, "Plan Rows": 37582, "Plan Width": 4, "Actual Rows": 37542, "Actual Loops": 2, "Hash Buckets": 65536, "Original Hash Buckets": 65536, "Hash Batches": 1, "Original Hash Batches": 1, "Peak Memory Usage": 1832, "Workers": [], "Plans": [{"Node Type": "Seq Scan", "Parent Relationship": "Outer", "Parallel Aware": false, "Async Capable": false, "Relation Name": "users", "Alias": "u", "Startup Cost": 0.0, "Total Cost": 901.88, "Plan Rows": 37582, "Plan Width": 4, "Actual Rows": 37542, "Actual Loops": 2, "Filter": "((creationdate <= '2014-08-08 07:03:29'::timestamp without time zone) AND (downvotes = 0))", "Rows Removed by Filter": 2783, "Workers": []}]}]}]}]}]}, "Planning Time": 4.696, "Triggers": [], "Execution Time": 391.479}, {"Plan": {"Node Type": "Aggregate", "Strategy": "Plain", "Partial Mode": "Finalize", "Parallel Aware": false, "Async Capable": false, "Startup Cost": 19554.88, "Total Cost": 19554.89, "Plan Rows": 1, "Plan Width": 8, "Actual Rows": 1, "Actual Loops": 1, "Plans": [{"Node Type": "Gather", "Parent Relationship": "Outer", "Parallel Aware": false, "Async Capable": false, "Startup Cost": 19554.76, "Total Cost": 19554.87, "Plan Rows": 1, "Plan Width": 8, "Actual Rows": 2, "Actual Loops": 1, "Workers Planned": 1, "Workers Launched": 1, "Single Copy": false, "Plans": [{"Node Type": "Aggregate", "Strategy": "Plain", "Partial Mode": "Partial", "Parent Relationship": "Outer", "Parallel Aware": false, "Async Capable": false, "Startup Cost": 18554.76, "Total Cost": 18554.77, "Plan Rows": 1, "Plan Width": 8, "Actual Rows": 1, "Actual Loops": 2, "Workers": [], "Plans": [{"Node Type": "Hash Join", "Parent Relationship": "Outer", "Parallel Aware": true, "Async Capable": false, "Join Type": "Inner", "Startup Cost": 10644.5, "Total Cost": 18262.33, "Plan Rows": 116972, "Plan Width": 0, "Actual Rows": 277151, "Actual Loops": 2, "Inner Unique": false, "Hash Cond": "(p.id = ph.postid)", "Workers": [], "Plans": [{"Node Type": "Hash Join", "Parent Relationship": "Outer", "Parallel Aware": false, "Async Capable": false, "Join Type": "Inner", "Startup Cost": 4067.62, "Total Cost": 9730.58, "Plan Rows": 37535, "Plan Width": 8, "Actual Rows": 48072, "Actual Loops": 2, "Inner Unique": true, "Hash Cond": "(p.owneruserid = u.id)", "Workers": [], "Plans": [{"Node Type": "Hash Join", "Parent Relationship": "Outer", "Parallel Aware": false, "Async Capable": false, "Join Type": "Inner", "Startup Cost": 2695.97, "Total Cost": 8251.57, "Plan Rows": 40894, "Plan Width": 12, "Actual Rows": 65360, "Actual Loops": 2, "Inner Unique": true, "Hash Cond": "(v.postid = p.id)", "Workers": [], "Plans": [{"Node Type": "Seq Scan", "Parent Relationship": "Outer", "Parallel Aware": true, "Async Capable": false, "Relation Name": "votes", "Alias": "v", "Startup Cost": 0.0, "Total Cost": 5054.68, "Plan Rows": 190819, "Plan Width": 4, "Actual Rows": 162328, "Actual Loops": 2, "Filter": "((creationdate >= '2010-07-20 00:00:00'::timestamp without time zone) AND (creationdate <= '2014-09-03 00:00:00'::timestamp without time zone))", "Rows Removed by Filter": 1704, "Workers": []}, {"Node Type": "Hash", "Parent Relationship": "Inner", "Parallel Aware": false, "Async Capable": false, "Startup Cost": 2449.58, "Total Cost": 2449.58, "Plan Rows": 19711, "Plan Width": 8, "Actual Rows": 42238, "Actual Loops": 2, "Hash Buckets": 65536, "Original Hash Buckets": 32768, "Hash Batches": 1, "Original Hash Batches": 1, "Peak Memory Usage": 2160, "Workers": [], "Plans": [{"Node Type": "Seq Scan", "Parent Relationship": "Outer", "Parallel Aware": false, "Async Capable": false, "Relation Name": "posts", "Alias": "p", "Startup Cost": 0.0, "Total Cost": 2449.58, "Plan Rows": 19711, "Plan Width": 8, "Actual Rows": 42238, "Actual Loops": 2, "Filter": "((answercount >= 0) AND (answercount <= 4) AND (posttypeid = 1))", "Rows Removed by Filter": 49738, "Workers": []}]}]}, {"Node Type": "Hash", "Parent Relationship": "Inner", "Parallel Aware": false, "Async Capable": false, "Startup Cost": 901.88, "Total Cost": 901.88, "Plan Rows": 37582, "Plan Width": 4, "Actual Rows": 37542, "Actual Loops": 2, "Hash Buckets": 65536, "Original Hash Buckets": 65536, "Hash Batches": 1, "Original Hash Batches": 1, "Peak Memory Usage": 1832, "Workers": [], "Plans": [{"Node Type": "Seq Scan", "Parent Relationship": "Outer", "Parallel Aware": false, "Async Capable": false, "Relation Name": "users", "Alias": "u", "Startup Cost": 0.0, "Total Cost": 901.88, "Plan Rows": 37582, "Plan Width": 4, "Actual Rows": 37542, "Actual Loops": 2, "Filter": "((creationdate <= '2014-08-08 07:03:29'::timestamp without time zone) AND (downvotes = 0))", "Rows Removed by Filter": 2783, "Workers": []}]}]}, {"Node Type": "Hash", "Parent Relationship": "Inner", "Parallel Aware": true, "Async Capable": false, "Startup Cost": 4469.32, "Total Cost": 4469.32, "Plan Rows": 168605, "Plan Width": 4, "Actual Rows": 143258, "Actual Loops": 2, "Hash Buckets": 524288, "Original Hash Buckets": 524288, "Hash Batches": 1, "Original Hash Batches": 1, "Peak Memory Usage": 15328, "Workers": [], "Plans": [{"Node Type": "Seq Scan", "Parent Relationship": "Outer", "Parallel Aware": true, "Async Capable": false, "Relation Name": "posthistory", "Alias": "ph", "Startup Cost": 0.0, "Total Cost": 4469.32, "Plan Rows": 168605, "Plan Width": 4, "Actual Rows": 143258, "Actual Loops": 2, "Filter": "(creationdate <= '2014-07-28 13:25:35'::timestamp without time zone)", "Rows Removed by Filter": 8336, "Workers": []}]}]}]}]}]}, "Planning Time": 4.654, "Triggers": [], "Execution Time": 355.955}, {"Plan": {"Node Type": "Aggregate", "Strategy": "Plain", "Partial Mode": "Finalize", "Parallel Aware": false, "Async Capable": false, "Startup Cost": 42256.87, "Total Cost": 42256.88, "Plan Rows": 1, "Plan Width": 8, "Actual Rows": 1, "Actual Loops": 1, "Plans": [{"Node Type": "Gather", "Parent Relationship": "Outer", "Parallel Aware": false, "Async Capable": false, "Startup Cost": 42256.76, "Total Cost": 42256.87, "Plan Rows": 1, "Plan Width": 8, "Actual Rows": 2, "Actual Loops": 1, "Workers Planned": 1, "Workers Launched": 1, "Single Copy": false, "Plans": [{"Node Type": "Aggregate", "Strategy": "Plain", "Partial Mode": "Partial", "Parent Relationship": "Outer", "Parallel Aware": false, "Async Capable": false, "Startup Cost": 41256.76, "Total Cost": 41256.77, "Plan Rows": 1, "Plan Width": 8, "Actual Rows": 1, "Actual Loops": 2, "Workers": [], "Plans": [{"Node Type": "Hash Join", "Parent Relationship": "Outer", "Parallel Aware": false, "Async Capable": false, "Join Type": "Inner", "Startup Cost": 4099.97, "Total Cost": 40964.33, "Plan Rows": 116972, "Plan Width": 0, "Actual Rows": 277151, "Actual Loops": 2, "Inner Unique": false, "Hash Cond": "(ph.postid = p.id)", "Workers": [], "Plans": [{"Node Type": "Merge Join", "Parent Relationship": "Outer", "Parallel Aware": false, "Async Capable": false, "Join Type": "Inner", "Startup Cost": 0.84, "Total Cost": 32847.66, "Plan Rows": 702731, "Plan Width": 8, "Actual Rows": 644261, "Actual Loops": 2, "Inner Unique": false, "Merge Cond": "(ph.postid = v.postid)", "Workers": [], "Plans": [{"Node Type": "Index Scan", "Parent Relationship": "Outer", "Parallel Aware": true, "Async Capable": false, "Scan Direction": "Forward", "Index Name": "idx_posthistory_postid", "Relation Name": "posthistory", "Alias": "ph", "Startup Cost": 0.42, "Total Cost": 8270.95, "Plan Rows": 168605, "Plan Width": 4, "Actual Rows": 143258, "Actual Loops": 2, "Filter": "(creationdate <= '2014-07-28 13:25:35'::timestamp without time zone)", "Rows Removed by Filter": 8336, "Workers": []}, {"Node Type": "Materialize", "Parent Relationship": "Inner", "Parallel Aware": false, "Async Capable": false, "Startup Cost": 0.42, "Total Cost": 14425.56, "Plan Rows": 324392, "Plan Width": 4, "Actual Rows": 803200, "Actual Loops": 2, "Workers": [], "Plans": [{"Node Type": "Index Scan", "Parent Relationship": "Outer", "Parallel Aware": false, "Async Capable": false, "Scan Direction": "Forward", "Index Name": "idx_votes_postid", "Relation Name": "votes", "Alias": "v", "Startup Cost": 0.42, "Total Cost": 13614.58, "Plan Rows": 324392, "Plan Width": 4, "Actual Rows": 317967, "Actual Loops": 2, "Filter": "((creationdate >= '2010-07-20 00:00:00'::timestamp without time zone) AND (creationdate <= '2014-09-03 00:00:00'::timestamp without time zone))", "Rows Removed by Filter": 1469, "Workers": []}]}]}, {"Node Type": "Hash", "Parent Relationship": "Inner", "Parallel Aware": false, "Async Capable": false, "Startup Cost": 3872.97, "Total Cost": 3872.97, "Plan Rows": 18092, "Plan Width": 4, "Actual Rows": 34830, "Actual Loops": 2, "Hash Buckets": 65536, "Original Hash Buckets": 32768, "Hash Batches": 1, "Original Hash Batches": 1, "Peak Memory Usage": 1737, "Workers": [], "Plans": [{"Node Type": "Hash Join", "Parent Relationship": "Outer", "Parallel Aware": false, "Async Capable": false, "Join Type": "Inner", "Startup Cost": 1371.65, "Total Cost": 3872.97, "Plan Rows": 18092, "Plan Width": 4, "Actual Rows": 34830, "Actual Loops": 2, "Inner Unique": true, "Hash Cond": "(p.owneruserid = u.id)", "Workers": [], "Plans": [{"Node Type": "Seq Scan", "Parent Relationship": "Outer", "Parallel Aware": false, "Async Capable": false, "Relation Name": "posts", "Alias": "p", "Startup Cost": 0.0, "Total Cost": 2449.58, "Plan Rows": 19711, "Plan Width": 8, "Actual Rows": 42238, "Actual Loops": 2, "Filter": "((answercount >= 0) AND (answercount <= 4) AND (posttypeid = 1))", "Rows Removed by Filter": 49738, "Workers": []}, {"Node Type": "Hash", "Parent Relationship": "Inner", "Parallel Aware": false, "Async Capable": false, "Startup Cost": 901.88, "Total Cost": 901.88, "Plan Rows": 37582, "Plan Width": 4, "Actual Rows": 37542, "Actual Loops": 2, "Hash Buckets": 65536, "Original Hash Buckets": 65536, "Hash Batches": 1, "Original Hash Batches": 1, "Peak Memory Usage": 1832, "Workers": [], "Plans": [{"Node Type": "Seq Scan", "Parent Relationship": "Outer", "Parallel Aware": false, "Async Capable": false, "Relation Name": "users", "Alias": "u", "Startup Cost": 0.0, "Total Cost": 901.88, "Plan Rows": 37582, "Plan Width": 4, "Actual Rows": 37542, "Actual Loops": 2, "Filter": "((creationdate <= '2014-08-08 07:03:29'::timestamp without time zone) AND (downvotes = 0))", "Rows Removed by Filter": 2783, "Workers": []}]}]}]}]}]}]}]}, "Planning Time": 4.681, "Triggers": [], "Execution Time": 683.967}, {"Plan": {"Node Type": "Aggregate", "Strategy": "Plain", "Partial Mode": "Simple", "Parallel Aware": false, "Async Capable": false, "Startup Cost": 56144.92, "Total Cost": 56144.93, "Plan Rows": 1, "Plan Width": 8, "Actual Rows": 1, "Actual Loops": 1, "Plans": [{"Node Type": "Merge Join", "Parent Relationship": "Outer", "Parallel Aware": false, "Async Capable": false, "Join Type": "Inner", "Startup Cost": 5153.2, "Total Cost": 55647.79, "Plan Rows": 198853, "Plan Width": 0, "Actual Rows": 554302, "Actual Loops": 1, "Inner Unique": false, "Merge Cond": "(p.id = ph.postid)", "Plans": [{"Node Type": "Sort", "Parent Relationship": "Outer", "Parallel Aware": false, "Async Capable": false, "Startup Cost": 5152.35, "Total Cost": 5197.58, "Plan Rows": 18092, "Plan Width": 4, "Actual Rows": 33227, "Actual Loops": 1, "Sort Key": ["p.id"], "Sort Method": "quicksort", "Sort Space Used": 1537, "Sort Space Type": "Memory", "Plans": [{"Node Type": "Hash Join", "Parent Relationship": "Outer", "Parallel Aware": false, "Async Capable": false, "Join Type": "Inner", "Startup Cost": 1371.65, "Total Cost": 3872.97, "Plan Rows": 18092, "Plan Width": 4, "Actual Rows": 34830, "Actual Loops": 1, "Inner Unique": true, "Hash Cond": "(p.owneruserid = u.id)", "Plans": [{"Node Type": "Seq Scan", "Parent Relationship": "Outer", "Parallel Aware": false, "Async Capable": false, "Relation Name": "posts", "Alias": "p", "Startup Cost": 0.0, "Total Cost": 2449.58, "Plan Rows": 19711, "Plan Width": 8, "Actual Rows": 42238, "Actual Loops": 1, "Filter": "((answercount >= 0) AND (answercount <= 4) AND (posttypeid = 1))", "Rows Removed by Filter": 49738}, {"Node Type": "Hash", "Parent Relationship": "Inner", "Parallel Aware": false, "Async Capable": false, "Startup Cost": 901.88, "Total Cost": 901.88, "Plan Rows": 37582, "Plan Width": 4, "Actual Rows": 37542, "Actual Loops": 1, "Hash Buckets": 65536, "Original Hash Buckets": 65536, "Hash Batches": 1, "Original Hash Batches": 1, "Peak Memory Usage": 1832, "Plans": [{"Node Type": "Seq Scan", "Parent Relationship": "Outer", "Parallel Aware": false, "Async Capable": false, "Relation Name": "users", "Alias": "u", "Startup Cost": 0.0, "Total Cost": 901.88, "Plan Rows": 37582, "Plan Width": 4, "Actual Rows": 37542, "Actual Loops": 1, "Filter": "((creationdate <= '2014-08-08 07:03:29'::timestamp without time zone) AND (downvotes = 0))", "Rows Removed by Filter": 2783}]}]}]}, {"Node Type": "Materialize", "Parent Relationship": "Inner", "Parallel Aware": false, "Async Capable": false, "Startup Cost": 0.84, "Total Cost": 45068.47, "Plan Rows": 1194643, "Plan Width": 8, "Actual Rows": 1288522, "Actual Loops": 1, "Plans": [{"Node Type": "Merge Join", "Parent Relationship": "Outer", "Parallel Aware": false, "Async Capable": false, "Join Type": "Inner", "Startup Cost": 0.84, "Total Cost": 42081.86, "Plan Rows": 1194643, "Plan Width": 8, "Actual Rows": 1288522, "Actual Loops": 1, "Inner Unique": false, "Merge Cond": "(ph.postid = v.postid)", "Plans": [{"Node Type": "Index Scan", "Parent Relationship": "Outer", "Parallel Aware": false, "Async Capable": false, "Scan Direction": "Forward", "Index Name": "idx_posthistory_postid", "Relation Name": "posthistory", "Alias": "ph", "Startup Cost": 0.42, "Total Cost": 9831.47, "Plan Rows": 286628, "Plan Width": 4, "Actual Rows": 286515, "Actual Loops": 1, "Filter": "(creationdate <= '2014-07-28 13:25:35'::timestamp without time zone)", "Rows Removed by Filter": 16672}, {"Node Type": "Materialize", "Parent Relationship": "Inner", "Parallel Aware": false, "Async Capable": false, "Startup Cost": 0.42, "Total Cost": 14425.56, "Plan Rows": 324392, "Plan Width": 4, "Actual Rows": 1288523, "Actual Loops": 1, "Plans": [{"Node Type": "Index Scan", "Parent Relationship": "Outer", "Parallel Aware": false, "Async Capable": false, "Scan Direction": "Forward", "Index Name": "idx_votes_postid", "Relation Name": "votes", "Alias": "v", "Startup Cost": 0.42, "Total Cost": 13614.58, "Plan Rows": 324392, "Plan Width": 4, "Actual Rows": 318058, "Actual Loops": 1, "Filter": "((creationdate >= '2010-07-20 00:00:00'::timestamp without time zone) AND (creationdate <= '2014-09-03 00:00:00'::timestamp without time zone))", "Rows Removed by Filter": 1470}]}]}]}]}]}, "Planning Time": 2.726, "Triggers": [], "Execution Time": 954.298}, {"Plan": {"Node Type": "Aggregate", "Strategy": "Plain", "Partial Mode": "Finalize", "Parallel Aware": false, "Async Capable": false, "Startup Cost": 17492.72, "Total Cost": 17492.73, "Plan Rows": 1, "Plan Width": 8, "Actual Rows": 1, "Actual Loops": 1, "Plans": [{"Node Type": "Gather", "Parent Relationship": "Outer", "Parallel Aware": false, "Async Capable": false, "Startup Cost": 17492.61, "Total Cost": 17492.72, "Plan Rows": 1, "Plan Width": 8, "Actual Rows": 2, "Actual Loops": 1, "Workers Planned": 1, "Workers Launched": 1, "Single Copy": false, "Plans": [{"Node Type": "Aggregate", "Strategy": "Plain", "Partial Mode": "Partial", "Parent Relationship": "Outer", "Parallel Aware": false, "Async Capable": false, "Startup Cost": 16492.61, "Total Cost": 16492.62, "Plan Rows": 1, "Plan Width": 8, "Actual Rows": 1, "Actual Loops": 2, "Workers": [], "Plans": [{"Node Type": "Hash Join", "Parent Relationship": "Outer", "Parallel Aware": true, "Async Capable": false, "Join Type": "Inner", "Startup Cost": 10199.77, "Total Cost": 16200.18, "Plan Rows": 116972, "Plan Width": 0, "Actual Rows": 277151, "Actual Loops": 2, "Inner Unique": false, "Hash Cond": "(ph.postid = p.id)", "Workers": [], "Plans": [{"Node Type": "Seq Scan", "Parent Relationship": "Outer", "Parallel Aware": true, "Async Capable": false, "Relation Name": "posthistory", "Alias": "ph", "Startup Cost": 0.0, "Total Cost": 4469.32, "Plan Rows": 168605, "Plan Width": 4, "Actual Rows": 143258, "Actual Loops": 2, "Filter": "(creationdate <= '2014-07-28 13:25:35'::timestamp without time zone)", "Rows Removed by Filter": 8336, "Workers": []}, {"Node Type": "Hash", "Parent Relationship": "Inner", "Parallel Aware": true, "Async Capable": false, "Startup Cost": 9730.58, "Total Cost": 9730.58, "Plan Rows": 37535, "Plan Width": 8, "Actual Rows": 48072, "Actual Loops": 2, "Hash Buckets": 131072, "Original Hash Buckets": 65536, "Hash Batches": 1, "Original Hash Batches": 1, "Peak Memory Usage": 5344, "Workers": [], "Plans": [{"Node Type": "Hash Join", "Parent Relationship": "Outer", "Parallel Aware": false, "Async Capable": false, "Join Type": "Inner", "Startup Cost": 4067.62, "Total Cost": 9730.58, "Plan Rows": 37535, "Plan Width": 8, "Actual Rows": 48072, "Actual Loops": 2, "Inner Unique": true, "Hash Cond": "(p.owneruserid = u.id)", "Workers": [], "Plans": [{"Node Type": "Hash Join", "Parent Relationship": "Outer", "Parallel Aware": false, "Async Capable": false, "Join Type": "Inner", "Startup Cost": 2695.97, "Total Cost": 8251.57, "Plan Rows": 40894, "Plan Width": 12, "Actual Rows": 65360, "Actual Loops": 2, "Inner Unique": true, "Hash Cond": "(v.postid = p.id)", "Workers": [], "Plans": [{"Node Type": "Seq Scan", "Parent Relationship": "Outer", "Parallel Aware": true, "Async Capable": false, "Relation Name": "votes", "Alias": "v", "Startup Cost": 0.0, "Total Cost": 5054.68, "Plan Rows": 190819, "Plan Width": 4, "Actual Rows": 162328, "Actual Loops": 2, "Filter": "((creationdate >= '2010-07-20 00:00:00'::timestamp without time zone) AND (creationdate <= '2014-09-03 00:00:00'::timestamp without time zone))", "Rows Removed by Filter": 1704, "Workers": []}, {"Node Type": "Hash", "Parent Relationship": "Inner", "Parallel Aware": false, "Async Capable": false, "Startup Cost": 2449.58, "Total Cost": 2449.58, "Plan Rows": 19711, "Plan Width": 8, "Actual Rows": 42238, "Actual Loops": 2, "Hash Buckets": 65536, "Original Hash Buckets": 32768, "Hash Batches": 1, "Original Hash Batches": 1, "Peak Memory Usage": 2160, "Workers": [], "Plans": [{"Node Type": "Seq Scan", "Parent Relationship": "Outer", "Parallel Aware": false, "Async Capable": false, "Relation Name": "posts", "Alias": "p", "Startup Cost": 0.0, "Total Cost": 2449.58, "Plan Rows": 19711, "Plan Width": 8, "Actual Rows": 42238, "Actual Loops": 2, "Filter": "((answercount >= 0) AND (answercount <= 4) AND (posttypeid = 1))", "Rows Removed by Filter": 49738, "Workers": []}]}]}, {"Node Type": "Hash", "Parent Relationship": "Inner", "Parallel Aware": false, "Async Capable": false, "Startup Cost": 901.88, "Total Cost": 901.88, "Plan Rows": 37582, "Plan Width": 4, "Actual Rows": 37542, "Actual Loops": 2, "Hash Buckets": 65536, "Original Hash Buckets": 65536, "Hash Batches": 1, "Original Hash Batches": 1, "Peak Memory Usage": 1832, "Workers": [], "Plans": [{"Node Type": "Seq Scan", "Parent Relationship": "Outer", "Parallel Aware": false, "Async Capable": false, "Relation Name": "users", "Alias": "u", "Startup Cost": 0.0, "Total Cost": 901.88, "Plan Rows": 37582, "Plan Width": 4, "Actual Rows": 37542, "Actual Loops": 2, "Filter": "((creationdate <= '2014-08-08 07:03:29'::timestamp without time zone) AND (downvotes = 0))", "Rows Removed by Filter": 2783, "Workers": []}]}]}]}]}]}]}]}, "Planning Time": 4.716, "Triggers": [], "Execution Time": 292.33}, {"Plan": {"Node Type": "Aggregate", "Strategy": "Plain", "Partial Mode": "Finalize", "Parallel Aware": false, "Async Capable": false, "Startup Cost": 17478.35, "Total Cost": 17478.36, "Plan Rows": 1, "Plan Width": 8, "Actual Rows": 1, "Actual Loops": 1, "Plans": [{"Node Type": "Gather", "Parent Relationship": "Outer", "Parallel Aware": false, "Async Capable": false, "Startup Cost": 17478.23, "Total Cost": 17478.34, "Plan Rows": 1, "Plan Width": 8, "Actual Rows": 2, "Actual Loops": 1, "Workers Planned": 1, "Workers Launched": 1, "Single Copy": false, "Plans": [{"Node Type": "Aggregate", "Strategy": "Plain", "Partial Mode": "Partial", "Parent Relationship": "Outer", "Parallel Aware": false, "Async Capable": false, "Startup Cost": 16478.23, "Total Cost": 16478.24, "Plan Rows": 1, "Plan Width": 8, "Actual Rows": 1, "Actual Loops": 2, "Workers": [], "Plans": [{"Node Type": "Hash Join", "Parent Relationship": "Outer", "Parallel Aware": true, "Async Capable": false, "Join Type": "Inner", "Startup Cost": 9488.97, "Total Cost": 16185.8, "Plan Rows": 116972, "Plan Width": 0, "Actual Rows": 277151, "Actual Loops": 2, "Inner Unique": false, "Hash Cond": "(v.postid = p.id)", "Workers": [], "Plans": [{"Node Type": "Seq Scan", "Parent Relationship": "Outer", "Parallel Aware": true, "Async Capable": false, "Relation Name": "votes", "Alias": "v", "Startup Cost": 0.0, "Total Cost": 5054.68, "Plan Rows": 190819, "Plan Width": 4, "Actual Rows": 162328, "Actual Loops": 2, "Filter": "((creationdate >= '2010-07-20 00:00:00'::timestamp without time zone) AND (creationdate <= '2014-09-03 00:00:00'::timestamp without time zone))", "Rows Removed by Filter": 1704, "Workers": []}, {"Node Type": "Hash", "Parent Relationship": "Inner", "Parallel Aware": true, "Async Capable": false, "Startup Cost": 9074.4, "Total Cost": 9074.4, "Plan Rows": 33165, "Plan Width": 8, "Actual Rows": 83666, "Actual Loops": 2, "Hash Buckets": 262144, "Original Hash Buckets": 65536, "Hash Batches": 1, "Original Hash Batches": 1, "Peak Memory Usage": 10176, "Workers": [], "Plans": [{"Node Type": "Hash Join", "Parent Relationship": "Outer", "Parallel Aware": false, "Async Capable": false, "Join Type": "Inner", "Startup Cost": 4067.62, "Total Cost": 9074.4, "Plan Rows": 33165, "Plan Width": 8, "Actual Rows": 83666, "Actual Loops": 2, "Inner Unique": true, "Hash Cond": "(p.owneruserid = u.id)", "Workers": [], "Plans": [{"Node Type": "Hash Join", "Parent Relationship": "Outer", "Parallel Aware": false, "Async Capable": false, "Join Type": "Inner", "Startup Cost": 2695.97, "Total Cost": 7607.89, "Plan Rows": 36133, "Plan Width": 12, "Actual Rows": 100401, "Actual Loops": 2, "Inner Unique": true, "Hash Cond": "(ph.postid = p.id)", "Workers": [], "Plans": [{"Node Type": "Seq Scan", "Parent Relationship": "Outer", "Parallel Aware": true, "Async Capable": false, "Relation Name": "posthistory", "Alias": "ph", "Startup Cost": 0.0, "Total Cost": 4469.32, "Plan Rows": 168605, "Plan Width": 4, "Actual Rows": 143258, "Actual Loops": 2, "Filter": "(creationdate <= '2014-07-28 13:25:35'::timestamp without time zone)", "Rows Removed by Filter": 8336, "Workers": []}, {"Node Type": "Hash", "Parent Relationship": "Inner", "Parallel Aware": false, "Async Capable": false, "Startup Cost": 2449.58, "Total Cost": 2449.58, "Plan Rows": 19711, "Plan Width": 8, "Actual Rows": 42238, "Actual Loops": 2, "Hash Buckets": 65536, "Original Hash Buckets": 32768, "Hash Batches": 1, "Original Hash Batches": 1, "Peak Memory Usage": 2160, "Workers": [], "Plans": [{"Node Type": "Seq Scan", "Parent Relationship": "Outer", "Parallel Aware": false, "Async Capable": false, "Relation Name": "posts", "Alias": "p", "Startup Cost": 0.0, "Total Cost": 2449.58, "Plan Rows": 19711, "Plan Width": 8, "Actual Rows": 42238, "Actual Loops": 2, "Filter": "((answercount >= 0) AND (answercount <= 4) AND (posttypeid = 1))", "Rows Removed by Filter": 49738, "Workers": []}]}]}, {"Node Type": "Hash", "Parent Relationship": "Inner", "Parallel Aware": false, "Async Capable": false, "Startup Cost": 901.88, "Total Cost": 901.88, "Plan Rows": 37582, "Plan Width": 4, "Actual Rows": 37542, "Actual Loops": 2, "Hash Buckets": 65536, "Original Hash Buckets": 65536, "Hash Batches": 1, "Original Hash Batches": 1, "Peak Memory Usage": 1832, "Workers": [], "Plans": [{"Node Type": "Seq Scan", "Parent Relationship": "Outer", "Parallel Aware": false, "Async Capable": false, "Relation Name": "users", "Alias": "u", "Startup Cost": 0.0, "Total Cost": 901.88, "Plan Rows": 37582, "Plan Width": 4, "Actual Rows": 37542, "Actual Loops": 2, "Filter": "((creationdate <= '2014-08-08 07:03:29'::timestamp without time zone) AND (downvotes = 0))", "Rows Removed by Filter": 2783, "Workers": []}]}]}]}]}]}]}]}, "Planning Time": 4.724, "Triggers": [], "Execution Time": 340.53}, {"Plan": {"Node Type": "Aggregate", "Strategy": "Plain", "Partial Mode": "Simple", "Parallel Aware": false, "Async Capable": false, "Startup Cost": 45926.29, "Total Cost": 45926.3, "Plan Rows": 1, "Plan Width": 8, "Actual Rows": 1, "Actual Loops": 1, "Plans": [{"Node Type": "Merge Join", "Parent Relationship": "Outer", "Parallel Aware": false, "Async Capable": false, "Join Type": "Inner", "Startup Cost": 40721.35, "Total Cost": 45429.16, "Plan Rows": 198853, "Plan Width": 0, "Actual Rows": 554302, "Actual Loops": 1, "Inner Unique": false, "Merge Cond": "(u.id = p.owneruserid)", "Plans": [{"Node Type": "Index Scan", "Parent Relationship": "Outer", "Parallel Aware": false, "Async Capable": false, "Scan Direction": "Forward", "Index Name": "users_pkey", "Relation Name": "users", "Alias": "u", "Startup Cost": 0.29, "Total Cost": 1558.79, "Plan Rows": 37582, "Plan Width": 4, "Actual Rows": 37542, "Actual Loops": 1, "Filter": "((creationdate <= '2014-08-08 07:03:29'::timestamp without time zone) AND (downvotes = 0))", "Rows Removed by Filter": 2783}, {"Node Type": "Sort", "Parent Relationship": "Inner", "Parallel Aware": false, "Async Capable": false, "Startup Cost": 40721.06, "Total Cost": 41262.67, "Plan Rows": 216645, "Plan Width": 4, "Actual Rows": 743465, "Actual Loops": 1, "Sort Key": ["p.owneruserid"], "Sort Method": "quicksort", "Sort Space Used": 24577, "Sort Space Type": "Memory", "Plans": [{"Node Type": "Hash Join", "Parent Relationship": "Outer", "Parallel Aware": false, "Async Capable": false, "Join Type": "Inner", "Startup Cost": 10246.06, "Total Cost": 21520.92, "Plan Rows": 216645, "Plan Width": 4, "Actual Rows": 759809, "Actual Loops": 1, "Inner Unique": false, "Hash Cond": "(v.postid = p.id)", "Plans": [{"Node Type": "Seq Scan", "Parent Relationship": "Outer", "Parallel Aware": false, "Async Capable": false, "Relation Name": "votes", "Alias": "v", "Startup Cost": 0.0, "Total Cost": 7080.96, "Plan Rows": 324392, "Plan Width": 4, "Actual Rows": 324656, "Actual Loops": 1, "Filter": "((creationdate >= '2010-07-20 00:00:00'::timestamp without time zone) AND (creationdate <= '2014-09-03 00:00:00'::timestamp without time zone))", "Rows Removed by Filter": 3408}, {"Node Type": "Hash", "Parent Relationship": "Inner", "Parallel Aware": false, "Async Capable": false, "Startup Cost": 9478.24, "Total Cost": 9478.24, "Plan Rows": 61426, "Plan Width": 12, "Actual Rows": 200802, "Actual Loops": 1, "Hash Buckets": 262144, "Original Hash Buckets": 65536, "Hash Batches": 1, "Original Hash Batches": 1, "Peak Memory Usage": 10662, "Plans": [{"Node Type": "Hash Join", "Parent Relationship": "Outer", "Parallel Aware": false, "Async Capable": false, "Join Type": "Inner", "Startup Cost": 2695.97, "Total Cost": 9478.24, "Plan Rows": 61426, "Plan Width": 12, "Actual Rows": 200802, "Actual Loops": 1, "Inner Unique": true, "Hash Cond": "(ph.postid = p.id)", "Plans": [{"Node Type": "Seq Scan", "Parent Relationship": "Outer", "Parallel Aware": false, "Async Capable": false, "Relation Name": "posthistory", "Alias": "ph", "Startup Cost": 0.0, "Total Cost": 6029.84, "Plan Rows": 286628, "Plan Width": 4, "Actual Rows": 286515, "Actual Loops": 1, "Filter": "(creationdate <= '2014-07-28 13:25:35'::timestamp without time zone)", "Rows Removed by Filter": 16672}, {"Node Type": "Hash", "Parent Relationship": "Inner", "Parallel Aware": false, "Async Capable": false, "Startup Cost": 2449.58, "Total Cost": 2449.58, "Plan Rows": 19711, "Plan Width": 8, "Actual Rows": 42238, "Actual Loops": 1, "Hash Buckets": 65536, "Original Hash Buckets": 32768, "Hash Batches": 1, "Original Hash Batches": 1, "Peak Memory Usage": 2160, "Plans": [{"Node Type": "Seq Scan", "Parent Relationship": "Outer", "Parallel Aware": false, "Async Capable": false, "Relation Name": "posts", "Alias": "p", "Startup Cost": 0.0, "Total Cost": 2449.58, "Plan Rows": 19711, "Plan Width": 8, "Actual Rows": 42238, "Actual Loops": 1, "Filter": "((answercount >= 0) AND (answercount <= 4) AND (posttypeid = 1))", "Rows Removed by Filter": 49738}]}]}]}]}]}]}]}, "Planning Time": 2.709, "Triggers": [], "Execution Time": 621.62}, {"Plan": {"Node Type": "Aggregate", "Strategy": "Plain", "Partial Mode": "Finalize", "Parallel Aware": false, "Async Capable": false, "Startup Cost": 28280.53, "Total Cost": 28280.54, "Plan Rows": 1, "Plan Width": 8, "Actual Rows": 1, "Actual Loops": 1, "Plans": [{"Node Type": "Gather", "Parent Relationship": "Outer", "Parallel Aware": false, "Async Capable": false, "Startup Cost": 28280.42, "Total Cost": 28280.53, "Plan Rows": 1, "Plan Width": 8, "Actual Rows": 2, "Actual Loops": 1, "Workers Planned": 1, "Workers Launched": 1, "Single Copy": false, "Plans": [{"Node Type": "Aggregate", "Strategy": "Plain", "Partial Mode": "Partial", "Parent Relationship": "Outer", "Parallel Aware": false, "Async Capable": false, "Startup Cost": 27280.42, "Total Cost": 27280.43, "Plan Rows": 1, "Plan Width": 8, "Actual Rows": 1, "Actual Loops": 2, "Workers": [], "Plans": [{"Node Type": "Hash Join", "Parent Relationship": "Outer", "Parallel Aware": true, "Async Capable": false, "Join Type": "Inner", "Startup Cost": 11539.04, "Total Cost": 26987.99, "Plan Rows": 116972, "Plan Width": 0, "Actual Rows": 277151, "Actual Loops": 2, "Inner Unique": false, "Hash Cond": "(p.id = v.postid)", "Workers": [], "Plans": [{"Node Type": "Hash Join", "Parent Relationship": "Outer", "Parallel Aware": false, "Async Capable": false, "Join Type": "Inner", "Startup Cost": 4099.12, "Total Cost": 9532.36, "Plan Rows": 33165, "Plan Width": 8, "Actual Rows": 83666, "Actual Loops": 2, "Inner Unique": false, "Hash Cond": "(ph.postid = p.id)", "Workers": [], "Plans": [{"Node Type": "Seq Scan", "Parent Relationship": "Outer", "Parallel Aware": true, "Async Capable": false, "Relation Name": "posthistory", "Alias": "ph", "Startup Cost": 0.0, "Total Cost": 4469.32, "Plan Rows": 168605, "Plan Width": 4, "Actual Rows": 143258, "Actual Loops": 2, "Filter": "(creationdate <= '2014-07-28 13:25:35'::timestamp without time zone)", "Rows Removed by Filter": 8336, "Workers": []}, {"Node Type": "Hash", "Parent Relationship": "Inner", "Parallel Aware": false, "Async Capable": false, "Startup Cost": 3872.97, "Total Cost": 3872.97, "Plan Rows": 18092, "Plan Width": 4, "Actual Rows": 34830, "Actual Loops": 2, "Hash Buckets": 65536, "Original Hash Buckets": 32768, "Hash Batches": 1, "Original Hash Batches": 1, "Peak Memory Usage": 1737, "Workers": [], "Plans": [{"Node Type": "Hash Join", "Parent Relationship": "Outer", "Parallel Aware": false, "Async Capable": false, "Join Type": "Inner", "Startup Cost": 1371.65, "Total Cost": 3872.97, "Plan Rows": 18092, "Plan Width": 4, "Actual Rows": 34830, "Actual Loops": 2, "Inner Unique": true, "Hash Cond": "(p.owneruserid = u.id)", "Workers": [], "Plans": [{"Node Type": "Seq Scan", "Parent Relationship": "Outer", "Parallel Aware": false, "Async Capable": false, "Relation Name": "posts", "Alias": "p", "Startup Cost": 0.0, "Total Cost": 2449.58, "Plan Rows": 19711, "Plan Width": 8, "Actual Rows": 42238, "Actual Loops": 2, "Filter": "((answercount >= 0) AND (answercount <= 4) AND (posttypeid = 1))", "Rows Removed by Filter": 49738, "Workers": []}, {"Node Type": "Hash", "Parent Relationship": "Inner", "Parallel Aware": false, "Async Capable": false, "Startup Cost": 901.88, "Total Cost": 901.88, "Plan Rows": 37582, "Plan Width": 4, "Actual Rows": 37542, "Actual Loops": 2, "Hash Buckets": 65536, "Original Hash Buckets": 65536, "Hash Batches": 1, "Original Hash Batches": 1, "Peak Memory Usage": 1832, "Workers": [], "Plans": [{"Node Type": "Seq Scan", "Parent Relationship": "Outer", "Parallel Aware": false, "Async Capable": false, "Relation Name": "users", "Alias": "u", "Startup Cost": 0.0, "Total Cost": 901.88, "Plan Rows": 37582, "Plan Width": 4, "Actual Rows": 37542, "Actual Loops": 2, "Filter": "((creationdate <= '2014-08-08 07:03:29'::timestamp without time zone) AND (downvotes = 0))", "Rows Removed by Filter": 2783, "Workers": []}]}]}]}]}, {"Node Type": "Hash", "Parent Relationship": "Inner", "Parallel Aware": true, "Async Capable": false, "Startup Cost": 5054.68, "Total Cost": 5054.68, "Plan Rows": 190819, "Plan Width": 4, "Actual Rows": 162328, "Actual Loops": 2, "Hash Buckets": 524288, "Original Hash Buckets": 524288, "Hash Batches": 1, "Original Hash Batches": 1, "Peak Memory Usage": 16832, "Workers": [], "Plans": [{"Node Type": "Seq Scan", "Parent Relationship": "Outer", "Parallel Aware": true, "Async Capable": false, "Relation Name": "votes", "Alias": "v", "Startup Cost": 0.0, "Total Cost": 5054.68, "Plan Rows": 190819, "Plan Width": 4, "Actual Rows": 162328, "Actual Loops": 2, "Filter": "((creationdate >= '2010-07-20 00:00:00'::timestamp without time zone) AND (creationdate <= '2014-09-03 00:00:00'::timestamp without time zone))", "Rows Removed by Filter": 1704, "Workers": []}]}]}]}]}]}, "Planning Time": 4.64, "Triggers": [], "Execution Time": 347.81}]