[{"Plan": {"Node Type": "Aggregate", "Strategy": "Plain", "Partial Mode": "Simple", "Parallel Aware": false, "Async Capable": false, "Startup Cost": 3653.47, "Total Cost": 3653.48, "Plan Rows": 1, "Plan Width": 8, "Actual Rows": 1, "Actual Loops": 1, "Plans": [{"Node Type": "Nested Loop", "Parent Relationship": "Outer", "Parallel Aware": false, "Async Capable": false, "Join Type": "Inner", "Startup Cost": 3149.49, "Total Cost": 3653.08, "Plan Rows": 156, "Plan Width": 0, "Actual Rows": 1717, "Actual Loops": 1, "Inner Unique": false, "Plans": [{"Node Type": "Nested Loop", "Parent Relationship": "Outer", "Parallel Aware": false, "Async Capable": false, "Join Type": "Inner", "Startup Cost": 3149.2, "Total Cost": 3617.95, "Plan Rows": 79, "Plan Width": 8, "Actual Rows": 332, "Actual Loops": 1, "Inner Unique": true, "Plans": [{"Node Type": "Hash Join", "Parent Relationship": "Outer", "Parallel Aware": false, "Async Capable": false, "Join Type": "Inner", "Startup Cost": 3148.91, "Total Cost": 3397.89, "Plan Rows": 89, "Plan Width": 4, "Actual Rows": 560, "Actual Loops": 1, "Inner Unique": true, "Hash Cond": "(pl.relatedpostid = p.id)", "Plans": [{"Node Type": "Seq Scan", "Parent Relationship": "Outer", "Parallel Aware": false, "Async Capable": false, "Relation Name": "postlinks", "Alias": "pl", "Startup Cost": 0.0, "Total Cost": 220.78, "Plan Rows": 10744, "Plan Width": 4, "Actual Rows": 10739, "Actual Loops": 1, "Filter": "(creationdate <= '2014-08-17 01:23:50'::timestamp without time zone)", "Rows Removed by Filter": 363}, {"Node Type": "Hash", "Parent Relationship": "Inner", "Parallel Aware": false, "Async Capable": false, "Startup Cost": 3139.4, "Total Cost": 3139.4, "Plan Rows": 761, "Plan Width": 8, "Actual Rows": 1654, "Actual Loops": 1, "Hash Buckets": 2048, "Original Hash Buckets": 1024, "Hash Batches": 1, "Original Hash Batches": 1, "Peak Memory Usage": 81, "Plans": [{"Node Type": "Seq Scan", "Parent Relationship": "Outer", "Parallel Aware": false, "Async Capable": false, "Relation Name": "posts", "Alias": "p", "Startup Cost": 0.0, "Total Cost": 3139.4, "Plan Rows": 761, "Plan Width": 8, "Actual Rows": 1654, "Actual Loops": 1, "Filter": "((score >= '-1'::integer) AND (score <= 10) AND (answercount <= 5) AND (favoritecount >= 0) AND (favoritecount <= 6) AND (commentcount = 2))", "Rows Removed by Filter": 90322}]}]}, {"Node Type": "Index Scan", "Parent Relationship": "Inner", "Parallel Aware": false, "Async Capable": false, "Scan Direction": "Forward", "Index Name": "users_pkey", "Relation Name": "users", "Alias": "u", "Startup Cost": 0.29, "Total Cost": 2.47, "Plan Rows": 1, "Plan Width": 4, "Actual Rows": 1, "Actual Loops": 560, "Index Cond": "(id = p.owneruserid)", "Rows Removed by Index Recheck": 0, "Filter": "((views <= 33) AND (downvotes >= 0) AND (creationdate >= '2010-08-19 17:31:36'::timestamp without time zone) AND (creationdate <= '2014-08-06 07:23:12'::timestamp without time zone))", "Rows Removed by Filter": 0}]}, {"Node Type": "Index Scan", "Parent Relationship": "Inner", "Parallel Aware": false, "Async Capable": false, "Scan Direction": "Forward", "Index Name": "idx_badges_userid", "Relation Name": "badges", "Alias": "b", "Startup Cost": 0.29, "Total Cost": 0.41, "Plan Rows": 3, "Plan Width": 4, "Actual Rows": 5, "Actual Loops": 332, "Index Cond": "(userid = u.id)", "Rows Removed by Index Recheck": 0, "Filter": "(date <= '2014-09-10 22:50:06'::timestamp without time zone)", "Rows Removed by Filter": 0}]}]}, "Planning Time": 0.979, "Triggers": [], "Execution Time": 18.804}, {"Plan": {"Node Type": "Aggregate", "Strategy": "Plain", "Partial Mode": "Simple", "Parallel Aware": false, "Async Capable": false, "Startup Cost": 3653.47, "Total Cost": 3653.48, "Plan Rows": 1, "Plan Width": 8, "Actual Rows": 1, "Actual Loops": 1, "Plans": [{"Node Type": "Nested Loop", "Parent Relationship": "Outer", "Parallel Aware": false, "Async Capable": false, "Join Type": "Inner", "Startup Cost": 3149.49, "Total Cost": 3653.08, "Plan Rows": 156, "Plan Width": 0, "Actual Rows": 1717, "Actual Loops": 1, "Inner Unique": false, "Plans": [{"Node Type": "Nested Loop", "Parent Relationship": "Outer", "Parallel Aware": false, "Async Capable": false, "Join Type": "Inner", "Startup Cost": 3149.2, "Total Cost": 3617.95, "Plan Rows": 79, "Plan Width": 8, "Actual Rows": 332, "Actual Loops": 1, "Inner Unique": true, "Plans": [{"Node Type": "Hash Join", "Parent Relationship": "Outer", "Parallel Aware": false, "Async Capable": false, "Join Type": "Inner", "Startup Cost": 3148.91, "Total Cost": 3397.89, "Plan Rows": 89, "Plan Width": 4, "Actual Rows": 560, "Actual Loops": 1, "Inner Unique": true, "Hash Cond": "(pl.relatedpostid = p.id)", "Plans": [{"Node Type": "Seq Scan", "Parent Relationship": "Outer", "Parallel Aware": false, "Async Capable": false, "Relation Name": "postlinks", "Alias": "pl", "Startup Cost": 0.0, "Total Cost": 220.78, "Plan Rows": 10744, "Plan Width": 4, "Actual Rows": 10739, "Actual Loops": 1, "Filter": "(creationdate <= '2014-08-17 01:23:50'::timestamp without time zone)", "Rows Removed by Filter": 363}, {"Node Type": "Hash", "Parent Relationship": "Inner", "Parallel Aware": false, "Async Capable": false, "Startup Cost": 3139.4, "Total Cost": 3139.4, "Plan Rows": 761, "Plan Width": 8, "Actual Rows": 1654, "Actual Loops": 1, "Hash Buckets": 2048, "Original Hash Buckets": 1024, "Hash Batches": 1, "Original Hash Batches": 1, "Peak Memory Usage": 81, "Plans": [{"Node Type": "Seq Scan", "Parent Relationship": "Outer", "Parallel Aware": false, "Async Capable": false, "Relation Name": "posts", "Alias": "p", "Startup Cost": 0.0, "Total Cost": 3139.4, "Plan Rows": 761, "Plan Width": 8, "Actual Rows": 1654, "Actual Loops": 1, "Filter": "((score >= '-1'::integer) AND (score <= 10) AND (answercount <= 5) AND (favoritecount >= 0) AND (favoritecount <= 6) AND (commentcount = 2))", "Rows Removed by Filter": 90322}]}]}, {"Node Type": "Index Scan", "Parent Relationship": "Inner", "Parallel Aware": false, "Async Capable": false, "Scan Direction": "Forward", "Index Name": "users_pkey", "Relation Name": "users", "Alias": "u", "Startup Cost": 0.29, "Total Cost": 2.47, "Plan Rows": 1, "Plan Width": 4, "Actual Rows": 1, "Actual Loops": 560, "Index Cond": "(id = p.owneruserid)", "Rows Removed by Index Recheck": 0, "Filter": "((views <= 33) AND (downvotes >= 0) AND (creationdate >= '2010-08-19 17:31:36'::timestamp without time zone) AND (creationdate <= '2014-08-06 07:23:12'::timestamp without time zone))", "Rows Removed by Filter": 0}]}, {"Node Type": "Index Scan", "Parent Relationship": "Inner", "Parallel Aware": false, "Async Capable": false, "Scan Direction": "Forward", "Index Name": "idx_badges_userid", "Relation Name": "badges", "Alias": "b", "Startup Cost": 0.29, "Total Cost": 0.41, "Plan Rows": 3, "Plan Width": 4, "Actual Rows": 5, "Actual Loops": 332, "Index Cond": "(userid = u.id)", "Rows Removed by Index Recheck": 0, "Filter": "(date <= '2014-09-10 22:50:06'::timestamp without time zone)", "Rows Removed by Filter": 0}]}]}, "Planning Time": 0.894, "Triggers": [], "Execution Time": 12.285}, {"Plan": {"Node Type": "Aggregate", "Strategy": "Plain", "Partial Mode": "Simple", "Parallel Aware": false, "Async Capable": false, "Startup Cost": 4888.61, "Total Cost": 4888.62, "Plan Rows": 1, "Plan Width": 8, "Actual Rows": 1, "Actual Loops": 1, "Plans": [{"Node Type": "Nested Loop", "Parent Relationship": "Outer", "Parallel Aware": false, "Async Capable": false, "Join Type": "Inner", "Startup Cost": 3149.49, "Total Cost": 4888.22, "Plan Rows": 156, "Plan Width": 0, "Actual Rows": 1717, "Actual Loops": 1, "Inner Unique": true, "Join Filter": "(p.owneruserid = u.id)", "Rows Removed by Join Filter": 0, "Plans": [{"Node Type": "Nested Loop", "Parent Relationship": "Outer", "Parallel Aware": false, "Async Capable": false, "Join Type": "Inner", "Startup Cost": 3149.2, "Total Cost": 3690.88, "Plan Rows": 3415, "Plan Width": 8, "Actual Rows": 11332, "Actual Loops": 1, "Inner Unique": false, "Plans": [{"Node Type": "Hash Join", "Parent Relationship": "Outer", "Parallel Aware": false, "Async Capable": false, "Join Type": "Inner", "Startup Cost": 3148.91, "Total Cost": 3397.89, "Plan Rows": 89, "Plan Width": 4, "Actual Rows": 560, "Actual Loops": 1, "Inner Unique": true, "Hash Cond": "(pl.relatedpostid = p.id)", "Plans": [{"Node Type": "Seq Scan", "Parent Relationship": "Outer", "Parallel Aware": false, "Async Capable": false, "Relation Name": "postlinks", "Alias": "pl", "Startup Cost": 0.0, "Total Cost": 220.78, "Plan Rows": 10744, "Plan Width": 4, "Actual Rows": 10739, "Actual Loops": 1, "Filter": "(creationdate <= '2014-08-17 01:23:50'::timestamp without time zone)", "Rows Removed by Filter": 363}, {"Node Type": "Hash", "Parent Relationship": "Inner", "Parallel Aware": false, "Async Capable": false, "Startup Cost": 3139.4, "Total Cost": 3139.4, "Plan Rows": 761, "Plan Width": 8, "Actual Rows": 1654, "Actual Loops": 1, "Hash Buckets": 2048, "Original Hash Buckets": 1024, "Hash Batches": 1, "Original Hash Batches": 1, "Peak Memory Usage": 81, "Plans": [{"Node Type": "Seq Scan", "Parent Relationship": "Outer", "Parallel Aware": false, "Async Capable": false, "Relation Name": "posts", "Alias": "p", "Startup Cost": 0.0, "Total Cost": 3139.4, "Plan Rows": 761, "Plan Width": 8, "Actual Rows": 1654, "Actual Loops": 1, "Filter": "((score >= '-1'::integer) AND (score <= 10) AND (answercount <= 5) AND (favoritecount >= 0) AND (favoritecount <= 6) AND (commentcount = 2))", "Rows Removed by Filter": 90322}]}]}, {"Node Type": "Index Scan", "Parent Relationship": "Inner", "Parallel Aware": false, "Async Capable": false, "Scan Direction": "Forward", "Index Name": "idx_badges_userid", "Relation Name": "badges", "Alias": "b", "Startup Cost": 0.29, "Total Cost": 3.26, "Plan Rows": 3, "Plan Width": 4, "Actual Rows": 20, "Actual Loops": 560, "Index Cond": "(userid = p.owneruserid)", "Rows Removed by Index Recheck": 0, "Filter": "(date <= '2014-09-10 22:50:06'::timestamp without time zone)", "Rows Removed by Filter": 0}]}, {"Node Type": "Index Scan", "Parent Relationship": "Inner", "Parallel Aware": false, "Async Capable": false, "Scan Direction": "Forward", "Index Name": "users_pkey", "Relation Name": "users", "Alias": "u", "Startup Cost": 0.29, "Total Cost": 0.34, "Plan Rows": 1, "Plan Width": 4, "Actual Rows": 0, "Actual Loops": 11332, "Index Cond": "(id = b.userid)", "Rows Removed by Index Recheck": 0, "Filter": "((views <= 33) AND (downvotes >= 0) AND (creationdate >= '2010-08-19 17:31:36'::timestamp without time zone) AND (creationdate <= '2014-08-06 07:23:12'::timestamp without time zone))", "Rows Removed by Filter": 1}]}]}, "Planning Time": 0.848, "Triggers": [], "Execution Time": 25.249}, {"Plan": {"Node Type": "Aggregate", "Strategy": "Plain", "Partial Mode": "Simple", "Parallel Aware": false, "Async Capable": false, "Startup Cost": 5790.17, "Total Cost": 5790.18, "Plan Rows": 1, "Plan Width": 8, "Actual Rows": 1, "Actual Loops": 1, "Plans": [{"Node Type": "Merge Join", "Parent Relationship": "Outer", "Parallel Aware": false, "Async Capable": false, "Join Type": "Inner", "Startup Cost": 3891.59, "Total Cost": 5789.78, "Plan Rows": 156, "Plan Width": 0, "Actual Rows": 1717, "Actual Loops": 1, "Inner Unique": false, "Merge Cond": "(u.id = p.owneruserid)", "Plans": [{"Node Type": "Index Scan", "Parent Relationship": "Outer", "Parallel Aware": false, "Async Capable": false, "Scan Direction": "Forward", "Index Name": "users_pkey", "Relation Name": "users", "Alias": "u", "Startup Cost": 0.29, "Total Cost": 1760.41, "Plan Rows": 36365, "Plan Width": 4, "Actual Rows": 33809, "Actual Loops": 1, "Filter": "((views <= 33) AND (downvotes >= 0) AND (creationdate >= '2010-08-19 17:31:36'::timestamp without time zone) AND (creationdate <= '2014-08-06 07:23:12'::timestamp without time zone))", "Rows Removed by Filter": 1662}, {"Node Type": "Sort", "Parent Relationship": "Inner", "Parallel Aware": false, "Async Capable": false, "Startup Cost": 3891.3, "Total Cost": 3899.84, "Plan Rows": 3415, "Plan Width": 8, "Actual Rows": 11332, "Actual Loops": 1, "Sort Key": ["p.owneruserid"], "Sort Method": "quicksort", "Sort Space Used": 739, "Sort Space Type": "Memory", "Plans": [{"Node Type": "Nested Loop", "Parent Relationship": "Outer", "Parallel Aware": false, "Async Capable": false, "Join Type": "Inner", "Startup Cost": 3149.2, "Total Cost": 3690.88, "Plan Rows": 3415, "Plan Width": 8, "Actual Rows": 11332, "Actual Loops": 1, "Inner Unique": false, "Plans": [{"Node Type": "Hash Join", "Parent Relationship": "Outer", "Parallel Aware": false, "Async Capable": false, "Join Type": "Inner", "Startup Cost": 3148.91, "Total Cost": 3397.89, "Plan Rows": 89, "Plan Width": 4, "Actual Rows": 560, "Actual Loops": 1, "Inner Unique": true, "Hash Cond": "(pl.relatedpostid = p.id)", "Plans": [{"Node Type": "Seq Scan", "Parent Relationship": "Outer", "Parallel Aware": false, "Async Capable": false, "Relation Name": "postlinks", "Alias": "pl", "Startup Cost": 0.0, "Total Cost": 220.78, "Plan Rows": 10744, "Plan Width": 4, "Actual Rows": 10739, "Actual Loops": 1, "Filter": "(creationdate <= '2014-08-17 01:23:50'::timestamp without time zone)", "Rows Removed by Filter": 363}, {"Node Type": "Hash", "Parent Relationship": "Inner", "Parallel Aware": false, "Async Capable": false, "Startup Cost": 3139.4, "Total Cost": 3139.4, "Plan Rows": 761, "Plan Width": 8, "Actual Rows": 1654, "Actual Loops": 1, "Hash Buckets": 2048, "Original Hash Buckets": 1024, "Hash Batches": 1, "Original Hash Batches": 1, "Peak Memory Usage": 81, "Plans": [{"Node Type": "Seq Scan", "Parent Relationship": "Outer", "Parallel Aware": false, "Async Capable": false, "Relation Name": "posts", "Alias": "p", "Startup Cost": 0.0, "Total Cost": 3139.4, "Plan Rows": 761, "Plan Width": 8, "Actual Rows": 1654, "Actual Loops": 1, "Filter": "((score >= '-1'::integer) AND (score <= 10) AND (answercount <= 5) AND (favoritecount >= 0) AND (favoritecount <= 6) AND (commentcount = 2))", "Rows Removed by Filter": 90322}]}]}, {"Node Type": "Index Scan", "Parent Relationship": "Inner", "Parallel Aware": false, "Async Capable": false, "Scan Direction": "Forward", "Index Name": "idx_badges_userid", "Relation Name": "badges", "Alias": "b", "Startup Cost": 0.29, "Total Cost": 3.26, "Plan Rows": 3, "Plan Width": 4, "Actual Rows": 20, "Actual Loops": 560, "Index Cond": "(userid = p.owneruserid)", "Rows Removed by Index Recheck": 0, "Filter": "(date <= '2014-09-10 22:50:06'::timestamp without time zone)", "Rows Removed by Filter": 0}]}]}]}]}, "Planning Time": 1.107, "Triggers": [], "Execution Time": 30.514}, {"Plan": {"Node Type": "Aggregate", "Strategy": "Plain", "Partial Mode": "Simple", "Parallel Aware": false, "Async Capable": false, "Startup Cost": 5293.24, "Total Cost": 5293.25, "Plan Rows": 1, "Plan Width": 8, "Actual Rows": 1, "Actual Loops": 1, "Plans": [{"Node Type": "Hash Join", "Parent Relationship": "Outer", "Parallel Aware": false, "Async Capable": false, "Join Type": "Inner", "Startup Cost": 5016.79, "Total Cost": 5292.85, "Plan Rows": 156, "Plan Width": 0, "Actual Rows": 1717, "Actual Loops": 1, "Inner Unique": false, "Hash Cond": "(pl.relatedpostid = p.id)", "Plans": [{"Node Type": "Seq Scan", "Parent Relationship": "Outer", "Parallel Aware": false, "Async Capable": false, "Relation Name": "postlinks", "Alias": "pl", "Startup Cost": 0.0, "Total Cost": 220.78, "Plan Rows": 10744, "Plan Width": 4, "Actual Rows": 10739, "Actual Loops": 1, "Filter": "(creationdate <= '2014-08-17 01:23:50'::timestamp without time zone)", "Rows Removed by Filter": 363}, {"Node Type": "Hash", "Parent Relationship": "Inner", "Parallel Aware": false, "Async Capable": false, "Startup Cost": 5000.12, "Total Cost": 5000.12, "Plan Rows": 1334, "Plan Width": 4, "Actual Rows": 5044, "Actual Loops": 1, "Hash Buckets": 8192, "Original Hash Buckets": 2048, "Hash Batches": 1, "Original Hash Batches": 1, "Peak Memory Usage": 242, "Plans": [{"Node Type": "Nested Loop", "Parent Relationship": "Outer", "Parallel Aware": false, "Async Capable": false, "Join Type": "Inner", "Startup Cost": 1558.36, "Total Cost": 5000.12, "Plan Rows": 1334, "Plan Width": 4, "Actual Rows": 5044, "Actual Loops": 1, "Inner Unique": false, "Plans": [{"Node Type": "Hash Join", "Parent Relationship": "Outer", "Parallel Aware": false, "Async Capable": false, "Join Type": "Inner", "Startup Cost": 1558.06, "Total Cost": 4699.46, "Plan Rows": 676, "Plan Width": 12, "Actual Rows": 1091, "Actual Loops": 1, "Inner Unique": true, "Hash Cond": "(p.owneruserid = u.id)", "Plans": [{"Node Type": "Seq Scan", "Parent Relationship": "Outer", "Parallel Aware": false, "Async Capable": false, "Relation Name": "posts", "Alias": "p", "Startup Cost": 0.0, "Total Cost": 3139.4, "Plan Rows": 761, "Plan Width": 8, "Actual Rows": 1654, "Actual Loops": 1, "Filter": "((score >= '-1'::integer) AND (score <= 10) AND (answercount <= 5) AND (favoritecount >= 0) AND (favoritecount <= 6) AND (commentcount = 2))", "Rows Removed by Filter": 90322}, {"Node Type": "Hash", "Parent Relationship": "Inner", "Parallel Aware": false, "Async Capable": false, "Startup Cost": 1103.5, "Total Cost": 1103.5, "Plan Rows": 36365, "Plan Width": 4, "Actual Rows": 36456, "Actual Loops": 1, "Hash Buckets": 65536, "Original Hash Buckets": 65536, "Hash Batches": 1, "Original Hash Batches": 1, "Peak Memory Usage": 1794, "Plans": [{"Node Type": "Seq Scan", "Parent Relationship": "Outer", "Parallel Aware": false, "Async Capable": false, "Relation Name": "users", "Alias": "u", "Startup Cost": 0.0, "Total Cost": 1103.5, "Plan Rows": 36365, "Plan Width": 4, "Actual Rows": 36456, "Actual Loops": 1, "Filter": "((views <= 33) AND (downvotes >= 0) AND (creationdate >= '2010-08-19 17:31:36'::timestamp without time zone) AND (creationdate <= '2014-08-06 07:23:12'::timestamp without time zone))", "Rows Removed by Filter": 3869}]}]}, {"Node Type": "Index Scan", "Parent Relationship": "Inner", "Parallel Aware": false, "Async Capable": false, "Scan Direction": "Forward", "Index Name": "idx_badges_userid", "Relation Name": "badges", "Alias": "b", "Startup Cost": 0.29, "Total Cost": 0.41, "Plan Rows": 3, "Plan Width": 4, "Actual Rows": 5, "Actual Loops": 1091, "Index Cond": "(userid = u.id)", "Rows Removed by Index Recheck": 0, "Filter": "(date <= '2014-09-10 22:50:06'::timestamp without time zone)", "Rows Removed by Filter": 0}]}]}]}]}, "Planning Time": 1.178, "Triggers": [], "Execution Time": 41.466}, {"Plan": {"Node Type": "Aggregate", "Strategy": "Plain", "Partial Mode": "Simple", "Parallel Aware": false, "Async Capable": false, "Startup Cost": 5349.38, "Total Cost": 5349.39, "Plan Rows": 1, "Plan Width": 8, "Actual Rows": 1, "Actual Loops": 1, "Plans": [{"Node Type": "Hash Join", "Parent Relationship": "Outer", "Parallel Aware": false, "Async Capable": false, "Join Type": "Inner", "Startup Cost": 3618.94, "Total Cost": 5348.99, "Plan Rows": 156, "Plan Width": 0, "Actual Rows": 1717, "Actual Loops": 1, "Inner Unique": false, "Hash Cond": "(b.userid = u.id)", "Plans": [{"Node Type": "Seq Scan", "Parent Relationship": "Outer", "Parallel Aware": false, "Async Capable": false, "Relation Name": "badges", "Alias": "b", "Startup Cost": 0.0, "Total Cost": 1430.14, "Plan Rows": 79562, "Plan Width": 4, "Actual Rows": 79571, "Actual Loops": 1, "Filter": "(date <= '2014-09-10 22:50:06'::timestamp without time zone)", "Rows Removed by Filter": 280}, {"Node Type": "Hash", "Parent Relationship": "Inner", "Parallel Aware": false, "Async Capable": false, "Startup Cost": 3617.95, "Total Cost": 3617.95, "Plan Rows": 79, "Plan Width": 8, "Actual Rows": 332, "Actual Loops": 1, "Hash Buckets": 1024, "Original Hash Buckets": 1024, "Hash Batches": 1, "Original Hash Batches": 1, "Peak Memory Usage": 21, "Plans": [{"Node Type": "Nested Loop", "Parent Relationship": "Outer", "Parallel Aware": false, "Async Capable": false, "Join Type": "Inner", "Startup Cost": 3149.2, "Total Cost": 3617.95, "Plan Rows": 79, "Plan Width": 8, "Actual Rows": 332, "Actual Loops": 1, "Inner Unique": true, "Plans": [{"Node Type": "Hash Join", "Parent Relationship": "Outer", "Parallel Aware": false, "Async Capable": false, "Join Type": "Inner", "Startup Cost": 3148.91, "Total Cost": 3397.89, "Plan Rows": 89, "Plan Width": 4, "Actual Rows": 560, "Actual Loops": 1, "Inner Unique": true, "Hash Cond": "(pl.relatedpostid = p.id)", "Plans": [{"Node Type": "Seq Scan", "Parent Relationship": "Outer", "Parallel Aware": false, "Async Capable": false, "Relation Name": "postlinks", "Alias": "pl", "Startup Cost": 0.0, "Total Cost": 220.78, "Plan Rows": 10744, "Plan Width": 4, "Actual Rows": 10739, "Actual Loops": 1, "Filter": "(creationdate <= '2014-08-17 01:23:50'::timestamp without time zone)", "Rows Removed by Filter": 363}, {"Node Type": "Hash", "Parent Relationship": "Inner", "Parallel Aware": false, "Async Capable": false, "Startup Cost": 3139.4, "Total Cost": 3139.4, "Plan Rows": 761, "Plan Width": 8, "Actual Rows": 1654, "Actual Loops": 1, "Hash Buckets": 2048, "Original Hash Buckets": 1024, "Hash Batches": 1, "Original Hash Batches": 1, "Peak Memory Usage": 81, "Plans": [{"Node Type": "Seq Scan", "Parent Relationship": "Outer", "Parallel Aware": false, "Async Capable": false, "Relation Name": "posts", "Alias": "p", "Startup Cost": 0.0, "Total Cost": 3139.4, "Plan Rows": 761, "Plan Width": 8, "Actual Rows": 1654, "Actual Loops": 1, "Filter": "((score >= '-1'::integer) AND (score <= 10) AND (answercount <= 5) AND (favoritecount >= 0) AND (favoritecount <= 6) AND (commentcount = 2))", "Rows Removed by Filter": 90322}]}]}, {"Node Type": "Index Scan", "Parent Relationship": "Inner", "Parallel Aware": false, "Async Capable": false, "Scan Direction": "Forward", "Index Name": "users_pkey", "Relation Name": "users", "Alias": "u", "Startup Cost": 0.29, "Total Cost": 2.47, "Plan Rows": 1, "Plan Width": 4, "Actual Rows": 1, "Actual Loops": 560, "Index Cond": "(id = p.owneruserid)", "Rows Removed by Index Recheck": 0, "Filter": "((views <= 33) AND (downvotes >= 0) AND (creationdate >= '2010-08-19 17:31:36'::timestamp without time zone) AND (creationdate <= '2014-08-06 07:23:12'::timestamp without time zone))", "Rows Removed by Filter": 0}]}]}]}]}, "Planning Time": 1.154, "Triggers": [], "Execution Time": 22.683}, {"Plan": {"Node Type": "Aggregate", "Strategy": "Plain", "Partial Mode": "Simple", "Parallel Aware": false, "Async Capable": false, "Startup Cost": 9415.51, "Total Cost": 9415.52, "Plan Rows": 1, "Plan Width": 8, "Actual Rows": 1, "Actual Loops": 1, "Plans": [{"Node Type": "Merge Join", "Parent Relationship": "Outer", "Parallel Aware": false, "Async Capable": false, "Join Type": "Inner", "Startup Cost": 3401.46, "Total Cost": 9415.12, "Plan Rows": 156, "Plan Width": 0, "Actual Rows": 1717, "Actual Loops": 1, "Inner Unique": false, "Merge Cond": "(u.id = p.owneruserid)", "Plans": [{"Node Type": "Merge Join", "Parent Relationship": "Outer", "Parallel Aware": false, "Async Capable": false, "Join Type": "Inner", "Startup Cost": 0.68, "Total Cost": 5832.64, "Plan Rows": 71749, "Plan Width": 8, "Actual Rows": 51631, "Actual Loops": 1, "Inner Unique": false, "Merge Cond": "(u.id = b.userid)", "Plans": [{"Node Type": "Index Scan", "Parent Relationship": "Outer", "Parallel Aware": false, "Async Capable": false, "Scan Direction": "Forward", "Index Name": "users_pkey", "Relation Name": "users", "Alias": "u", "Startup Cost": 0.29, "Total Cost": 1760.41, "Plan Rows": 36365, "Plan Width": 4, "Actual Rows": 33814, "Actual Loops": 1, "Filter": "((views <= 33) AND (downvotes >= 0) AND (creationdate >= '2010-08-19 17:31:36'::timestamp without time zone) AND (creationdate <= '2014-08-06 07:23:12'::timestamp without time zone))", "Rows Removed by Filter": 1662}, {"Node Type": "Index Scan", "Parent Relationship": "Inner", "Parallel Aware": false, "Async Capable": false, "Scan Direction": "Forward", "Index Name": "idx_badges_userid", "Relation Name": "badges", "Alias": "b", "Startup Cost": 0.29, "Total Cost": 3064.97, "Plan Rows": 79562, "Plan Width": 4, "Actual Rows": 76025, "Actual Loops": 1, "Filter": "(date <= '2014-09-10 22:50:06'::timestamp without time zone)", "Rows Removed by Filter": 149}]}, {"Node Type": "Sort", "Parent Relationship": "Inner", "Parallel Aware": false, "Async Capable": false, "Startup Cost": 3400.77, "Total Cost": 3400.99, "Plan Rows": 89, "Plan Width": 4, "Actual Rows": 1930, "Actual Loops": 1, "Sort Key": ["p.owneruserid"], "Sort Method": "quicksort", "Sort Space Used": 25, "Sort Space Type": "Memory", "Plans": [{"Node Type": "Hash Join", "Parent Relationship": "Outer", "Parallel Aware": false, "Async Capable": false, "Join Type": "Inner", "Startup Cost": 3148.91, "Total Cost": 3397.89, "Plan Rows": 89, "Plan Width": 4, "Actual Rows": 560, "Actual Loops": 1, "Inner Unique": true, "Hash Cond": "(pl.relatedpostid = p.id)", "Plans": [{"Node Type": "Seq Scan", "Parent Relationship": "Outer", "Parallel Aware": false, "Async Capable": false, "Relation Name": "postlinks", "Alias": "pl", "Startup Cost": 0.0, "Total Cost": 220.78, "Plan Rows": 10744, "Plan Width": 4, "Actual Rows": 10739, "Actual Loops": 1, "Filter": "(creationdate <= '2014-08-17 01:23:50'::timestamp without time zone)", "Rows Removed by Filter": 363}, {"Node Type": "Hash", "Parent Relationship": "Inner", "Parallel Aware": false, "Async Capable": false, "Startup Cost": 3139.4, "Total Cost": 3139.4, "Plan Rows": 761, "Plan Width": 8, "Actual Rows": 1654, "Actual Loops": 1, "Hash Buckets": 2048, "Original Hash Buckets": 1024, "Hash Batches": 1, "Original Hash Batches": 1, "Peak Memory Usage": 81, "Plans": [{"Node Type": "Seq Scan", "Parent Relationship": "Outer", "Parallel Aware": false, "Async Capable": false, "Relation Name": "posts", "Alias": "p", "Startup Cost": 0.0, "Total Cost": 3139.4, "Plan Rows": 761, "Plan Width": 8, "Actual Rows": 1654, "Actual Loops": 1, "Filter": "((score >= '-1'::integer) AND (score <= 10) AND (answercount <= 5) AND (favoritecount >= 0) AND (favoritecount <= 6) AND (commentcount = 2))", "Rows Removed by Filter": 90322}]}]}]}]}]}, "Planning Time": 1.288, "Triggers": [], "Execution Time": 60.438}, {"Plan": {"Node Type": "Aggregate", "Strategy": "Plain", "Partial Mode": "Simple", "Parallel Aware": false, "Async Capable": false, "Startup Cost": 7494.22, "Total Cost": 7494.23, "Plan Rows": 1, "Plan Width": 8, "Actual Rows": 1, "Actual Loops": 1, "Plans": [{"Node Type": "Hash Join", "Parent Relationship": "Outer", "Parallel Aware": false, "Async Capable": false, "Join Type": "Inner", "Startup Cost": 7242.85, "Total Cost": 7493.83, "Plan Rows": 156, "Plan Width": 0, "Actual Rows": 1717, "Actual Loops": 1, "Inner Unique": false, "Hash Cond": "(p.owneruserid = u.id)", "Plans": [{"Node Type": "Hash Join", "Parent Relationship": "Outer", "Parallel Aware": false, "Async Capable": false, "Join Type": "Inner", "Startup Cost": 3148.91, "Total Cost": 3397.89, "Plan Rows": 89, "Plan Width": 4, "Actual Rows": 560, "Actual Loops": 1, "Inner Unique": true, "Hash Cond": "(pl.relatedpostid = p.id)", "Plans": [{"Node Type": "Seq Scan", "Parent Relationship": "Outer", "Parallel Aware": false, "Async Capable": false, "Relation Name": "postlinks", "Alias": "pl", "Startup Cost": 0.0, "Total Cost": 220.78, "Plan Rows": 10744, "Plan Width": 4, "Actual Rows": 10739, "Actual Loops": 1, "Filter": "(creationdate <= '2014-08-17 01:23:50'::timestamp without time zone)", "Rows Removed by Filter": 363}, {"Node Type": "Hash", "Parent Relationship": "Inner", "Parallel Aware": false, "Async Capable": false, "Startup Cost": 3139.4, "Total Cost": 3139.4, "Plan Rows": 761, "Plan Width": 8, "Actual Rows": 1654, "Actual Loops": 1, "Hash Buckets": 2048, "Original Hash Buckets": 1024, "Hash Batches": 1, "Original Hash Batches": 1, "Peak Memory Usage": 81, "Plans": [{"Node Type": "Seq Scan", "Parent Relationship": "Outer", "Parallel Aware": false, "Async Capable": false, "Relation Name": "posts", "Alias": "p", "Startup Cost": 0.0, "Total Cost": 3139.4, "Plan Rows": 761, "Plan Width": 8, "Actual Rows": 1654, "Actual Loops": 1, "Filter": "((score >= '-1'::integer) AND (score <= 10) AND (answercount <= 5) AND (favoritecount >= 0) AND (favoritecount <= 6) AND (commentcount = 2))", "Rows Removed by Filter": 90322}]}]}, {"Node Type": "Hash", "Parent Relationship": "Inner", "Parallel Aware": false, "Async Capable": false, "Startup Cost": 3197.07, "Total Cost": 3197.07, "Plan Rows": 71749, "Plan Width": 8, "Actual Rows": 53752, "Actual Loops": 1, "Hash Buckets": 131072, "Original Hash Buckets": 131072, "Hash Batches": 1, "Original Hash Batches": 1, "Peak Memory Usage": 3124, "Plans": [{"Node Type": "Hash Join", "Parent Relationship": "Outer", "Parallel Aware": false, "Async Capable": false, "Join Type": "Inner", "Startup Cost": 1558.06, "Total Cost": 3197.07, "Plan Rows": 71749, "Plan Width": 8, "Actual Rows": 53752, "Actual Loops": 1, "Inner Unique": true, "Hash Cond": "(b.userid = u.id)", "Plans": [{"Node Type": "Seq Scan", "Parent Relationship": "Outer", "Parallel Aware": false, "Async Capable": false, "Relation Name": "badges", "Alias": "b", "Startup Cost": 0.0, "Total Cost": 1430.14, "Plan Rows": 79562, "Plan Width": 4, "Actual Rows": 79571, "Actual Loops": 1, "Filter": "(date <= '2014-09-10 22:50:06'::timestamp without time zone)", "Rows Removed by Filter": 280}, {"Node Type": "Hash", "Parent Relationship": "Inner", "Parallel Aware": false, "Async Capable": false, "Startup Cost": 1103.5, "Total Cost": 1103.5, "Plan Rows": 36365, "Plan Width": 4, "Actual Rows": 36456, "Actual Loops": 1, "Hash Buckets": 65536, "Original Hash Buckets": 65536, "Hash Batches": 1, "Original Hash Batches": 1, "Peak Memory Usage": 1794, "Plans": [{"Node Type": "Seq Scan", "Parent Relationship": "Outer", "Parallel Aware": false, "Async Capable": false, "Relation Name": "users", "Alias": "u", "Startup Cost": 0.0, "Total Cost": 1103.5, "Plan Rows": 36365, "Plan Width": 4, "Actual Rows": 36456, "Actual Loops": 1, "Filter": "((views <= 33) AND (downvotes >= 0) AND (creationdate >= '2010-08-19 17:31:36'::timestamp without time zone) AND (creationdate <= '2014-08-06 07:23:12'::timestamp without time zone))", "Rows Removed by Filter": 3869}]}]}]}]}]}, "Planning Time": 1.628, "Triggers": [], "Execution Time": 76.807}, {"Plan": {"Node Type": "Aggregate", "Strategy": "Plain", "Partial Mode": "Simple", "Parallel Aware": false, "Async Capable": false, "Startup Cost": 5520.56, "Total Cost": 5520.57, "Plan Rows": 1, "Plan Width": 8, "Actual Rows": 1, "Actual Loops": 1, "Plans": [{"Node Type": "Hash Join", "Parent Relationship": "Outer", "Parallel Aware": false, "Async Capable": false, "Join Type": "Inner", "Startup Cost": 1913.43, "Total Cost": 5520.17, "Plan Rows": 156, "Plan Width": 0, "Actual Rows": 1717, "Actual Loops": 1, "Inner Unique": false, "Hash Cond": "(p.id = pl.relatedpostid)", "Plans": [{"Node Type": "Nested Loop", "Parent Relationship": "Outer", "Parallel Aware": false, "Async Capable": false, "Join Type": "Inner", "Startup Cost": 1558.36, "Total Cost": 5000.12, "Plan Rows": 1334, "Plan Width": 4, "Actual Rows": 5044, "Actual Loops": 1, "Inner Unique": false, "Plans": [{"Node Type": "Hash Join", "Parent Relationship": "Outer", "Parallel Aware": false, "Async Capable": false, "Join Type": "Inner", "Startup Cost": 1558.06, "Total Cost": 4699.46, "Plan Rows": 676, "Plan Width": 12, "Actual Rows": 1091, "Actual Loops": 1, "Inner Unique": true, "Hash Cond": "(p.owneruserid = u.id)", "Plans": [{"Node Type": "Seq Scan", "Parent Relationship": "Outer", "Parallel Aware": false, "Async Capable": false, "Relation Name": "posts", "Alias": "p", "Startup Cost": 0.0, "Total Cost": 3139.4, "Plan Rows": 761, "Plan Width": 8, "Actual Rows": 1654, "Actual Loops": 1, "Filter": "((score >= '-1'::integer) AND (score <= 10) AND (answercount <= 5) AND (favoritecount >= 0) AND (favoritecount <= 6) AND (commentcount = 2))", "Rows Removed by Filter": 90322}, {"Node Type": "Hash", "Parent Relationship": "Inner", "Parallel Aware": false, "Async Capable": false, "Startup Cost": 1103.5, "Total Cost": 1103.5, "Plan Rows": 36365, "Plan Width": 4, "Actual Rows": 36456, "Actual Loops": 1, "Hash Buckets": 65536, "Original Hash Buckets": 65536, "Hash Batches": 1, "Original Hash Batches": 1, "Peak Memory Usage": 1794, "Plans": [{"Node Type": "Seq Scan", "Parent Relationship": "Outer", "Parallel Aware": false, "Async Capable": false, "Relation Name": "users", "Alias": "u", "Startup Cost": 0.0, "Total Cost": 1103.5, "Plan Rows": 36365, "Plan Width": 4, "Actual Rows": 36456, "Actual Loops": 1, "Filter": "((views <= 33) AND (downvotes >= 0) AND (creationdate >= '2010-08-19 17:31:36'::timestamp without time zone) AND (creationdate <= '2014-08-06 07:23:12'::timestamp without time zone))", "Rows Removed by Filter": 3869}]}]}, {"Node Type": "Index Scan", "Parent Relationship": "Inner", "Parallel Aware": false, "Async Capable": false, "Scan Direction": "Forward", "Index Name": "idx_badges_userid", "Relation Name": "badges", "Alias": "b", "Startup Cost": 0.29, "Total Cost": 0.41, "Plan Rows": 3, "Plan Width": 4, "Actual Rows": 5, "Actual Loops": 1091, "Index Cond": "(userid = u.id)", "Rows Removed by Index Recheck": 0, "Filter": "(date <= '2014-09-10 22:50:06'::timestamp without time zone)", "Rows Removed by Filter": 0}]}, {"Node Type": "Hash", "Parent Relationship": "Inner", "Parallel Aware": false, "Async Capable": false, "Startup Cost": 220.78, "Total Cost": 220.78, "Plan Rows": 10744, "Plan Width": 4, "Actual Rows": 10739, "Actual Loops": 1, "Hash Buckets": 16384, "Original Hash Buckets": 16384, "Hash Batches": 1, "Original Hash Batches": 1, "Peak Memory Usage": 506, "Plans": [{"Node Type": "Seq Scan", "Parent Relationship": "Outer", "Parallel Aware": false, "Async Capable": false, "Relation Name": "postlinks", "Alias": "pl", "Startup Cost": 0.0, "Total Cost": 220.78, "Plan Rows": 10744, "Plan Width": 4, "Actual Rows": 10739, "Actual Loops": 1, "Filter": "(creationdate <= '2014-08-17 01:23:50'::timestamp without time zone)", "Rows Removed by Filter": 363}]}]}]}, "Planning Time": 1.634, "Triggers": [], "Execution Time": 44.214}]