[{"Plan": {"Node Type": "Aggregate", "Strategy": "Plain", "Partial Mode": "Finalize", "Parallel Aware": false, "Async Capable": false, "Startup Cost": 5843.31, "Total Cost": 5843.32, "Plan Rows": 1, "Plan Width": 8, "Actual Rows": 1, "Actual Loops": 1, "Plans": [{"Node Type": "Gather", "Parent Relationship": "Outer", "Parallel Aware": false, "Async Capable": false, "Startup Cost": 5843.09, "Total Cost": 5843.3, "Plan Rows": 2, "Plan Width": 8, "Actual Rows": 3, "Actual Loops": 1, "Workers Planned": 2, "Workers Launched": 2, "Single Copy": false, "Plans": [{"Node Type": "Aggregate", "Strategy": "Plain", "Partial Mode": "Partial", "Parent Relationship": "Outer", "Parallel Aware": false, "Async Capable": false, "Startup Cost": 4843.09, "Total Cost": 4843.1, "Plan Rows": 1, "Plan Width": 8, "Actual Rows": 1, "Actual Loops": 3, "Workers": [], "Plans": [{"Node Type": "Merge Join", "Parent Relationship": "Outer", "Parallel Aware": false, "Async Capable": false, "Join Type": "Inner", "Startup Cost": 1.01, "Total Cost": 4566.54, "Plan Rows": 110619, "Plan Width": 0, "Actual Rows": 829360, "Actual Loops": 3, "Inner Unique": true, "Merge Cond": "(v.userid = u.id)", "Workers": [], "Plans": [{"Node Type": "Nested Loop", "Parent Relationship": "Outer", "Parallel Aware": false, "Async Capable": false, "Join Type": "Inner", "Startup Cost": 0.72, "Total Cost": 14385.32, "Plan Rows": 1059381, "Plan Width": 8, "Actual Rows": 901410, "Actual Loops": 3, "Inner Unique": false, "Workers": [], "Plans": [{"Node Type": "Index Only Scan", "Parent Relationship": "Outer", "Parallel Aware": true, "Async Capable": false, "Scan Direction": "Forward", "Index Name": "idx_votes_userid", "Relation Name": "votes", "Alias": "v", "Startup Cost": 0.42, "Total Cost": 4261.57, "Plan Rows": 136693, "Plan Width": 4, "Actual Rows": 109172, "Actual Loops": 3, "Heap Fetches": 0, "Workers": []}, {"Node Type": "Memoize", "Parent Relationship": "Inner", "Parallel Aware": false, "Async Capable": false, "Startup Cost": 0.3, "Total Cost": 0.4, "Plan Rows": 4, "Plan Width": 4, "Actual Rows": 8, "Actual Loops": 327517, "Cache Key": "v.userid", "Cache Mode": "logical", "Cache Hits": 3918, "Cache Misses": 989, "Cache Evictions": 0, "Cache Overflows": 0, "Peak Memory Usage": 432, "Workers": [{"Worker Number": 0, "Cache Hits": 161915, "Cache Misses": 2651, "Cache Evictions": 0, "Cache Overflows": 0, "Peak Memory Usage": 1065}, {"Worker Number": 1, "Cache Hits": 156154, "Cache Misses": 1890, "Cache Evictions": 0, "Cache Overflows": 0, "Peak Memory Usage": 633}], "Plans": [{"Node Type": "Index Scan", "Parent Relationship": "Outer", "Parallel Aware": false, "Async Capable": false, "Scan Direction": "Forward", "Index Name": "idx_posts_owneruserid", "Relation Name": "posts", "Alias": "p", "Startup Cost": 0.29, "Total Cost": 0.39, "Plan Rows": 4, "Plan Width": 4, "Actual Rows": 9, "Actual Loops": 5530, "Index Cond": "(owneruserid = v.userid)", "Rows Removed by Index Recheck": 0, "Filter": "((commentcount >= 0) AND (commentcount <= 12))", "Rows Removed by Filter": 0, "Workers": []}]}]}, {"Node Type": "Index Scan", "Parent Relationship": "Inner", "Parallel Aware": false, "Async Capable": false, "Scan Direction": "Forward", "Index Name": "users_pkey", "Relation Name": "users", "Alias": "u", "Startup Cost": 0.29, "Total Cost": 1558.79, "Plan Rows": 39816, "Plan Width": 4, "Actual Rows": 37135, "Actual Loops": 3, "Filter": "((creationdate >= '2010-07-22 04:38:06'::timestamp without time zone) AND (creationdate <= '2014-09-08 15:55:02'::timestamp without time zone))", "Rows Removed by Filter": 327, "Workers": []}]}]}]}]}, "Planning Time": 1.038, "Triggers": [], "Execution Time": 157.981}, {"Plan": {"Node Type": "Aggregate", "Strategy": "Plain", "Partial Mode": "Simple", "Parallel Aware": false, "Async Capable": false, "Startup Cost": 9565.21, "Total Cost": 9565.22, "Plan Rows": 1, "Plan Width": 8, "Actual Rows": 1, "Actual Loops": 1, "Plans": [{"Node Type": "Merge Join", "Parent Relationship": "Outer", "Parallel Aware": false, "Async Capable": false, "Join Type": "Inner", "Startup Cost": 1.0, "Total Cost": 8901.49, "Plan Rows": 265485, "Plan Width": 0, "Actual Rows": 2488080, "Actual Loops": 1, "Inner Unique": false, "Merge Cond": "(p.owneruserid = v.userid)", "Plans": [{"Node Type": "Index Scan", "Parent Relationship": "Outer", "Parallel Aware": false, "Async Capable": false, "Scan Direction": "Forward", "Index Name": "idx_posts_owneruserid", "Relation Name": "posts", "Alias": "p", "Startup Cost": 0.29, "Total Cost": 4553.55, "Plan Rows": 91312, "Plan Width": 4, "Actual Rows": 89764, "Actual Loops": 1, "Filter": "((commentcount >= 0) AND (commentcount <= 12))", "Rows Removed by Filter": 648}, {"Node Type": "Materialize", "Parent Relationship": "Inner", "Parallel Aware": false, "Async Capable": false, "Startup Cost": 0.71, "Total Cost": 2826.7, "Plan Rows": 34256, "Plan Width": 8, "Actual Rows": 2493417, "Actual Loops": 1, "Plans": [{"Node Type": "Merge Join", "Parent Relationship": "Outer", "Parallel Aware": false, "Async Capable": false, "Join Type": "Inner", "Startup Cost": 0.71, "Total Cost": 2741.06, "Plan Rows": 34256, "Plan Width": 8, "Actual Rows": 32918, "Actual Loops": 1, "Inner Unique": true, "Merge Cond": "(v.userid = u.id)", "Plans": [{"Node Type": "Index Only Scan", "Parent Relationship": "Outer", "Parallel Aware": false, "Async Capable": false, "Scan Direction": "Forward", "Index Name": "idx_votes_userid", "Relation Name": "votes", "Alias": "v", "Startup Cost": 0.42, "Total Cost": 6175.27, "Plan Rows": 328064, "Plan Width": 4, "Actual Rows": 34769, "Actual Loops": 1, "Heap Fetches": 0}, {"Node Type": "Index Scan", "Parent Relationship": "Inner", "Parallel Aware": false, "Async Capable": false, "Scan Direction": "Forward", "Index Name": "users_pkey", "Relation Name": "users", "Alias": "u", "Startup Cost": 0.29, "Total Cost": 1558.79, "Plan Rows": 39816, "Plan Width": 4, "Actual Rows": 39787, "Actual Loops": 1, "Filter": "((creationdate >= '2010-07-22 04:38:06'::timestamp without time zone) AND (creationdate <= '2014-09-08 15:55:02'::timestamp without time zone))", "Rows Removed by Filter": 538}]}]}]}]}, "Planning Time": 1.197, "Triggers": [], "Execution Time": 234.541}, {"Plan": {"Node Type": "Aggregate", "Strategy": "Plain", "Partial Mode": "Finalize", "Parallel Aware": false, "Async Capable": false, "Startup Cost": 6037.42, "Total Cost": 6037.43, "Plan Rows": 1, "Plan Width": 8, "Actual Rows": 1, "Actual Loops": 1, "Plans": [{"Node Type": "Gather", "Parent Relationship": "Outer", "Parallel Aware": false, "Async Capable": false, "Startup Cost": 6037.21, "Total Cost": 6037.42, "Plan Rows": 2, "Plan Width": 8, "Actual Rows": 3, "Actual Loops": 1, "Workers Planned": 2, "Workers Launched": 2, "Single Copy": false, "Plans": [{"Node Type": "Aggregate", "Strategy": "Plain", "Partial Mode": "Partial", "Parent Relationship": "Outer", "Parallel Aware": false, "Async Capable": false, "Startup Cost": 5037.21, "Total Cost": 5037.22, "Plan Rows": 1, "Plan Width": 8, "Actual Rows": 1, "Actual Loops": 3, "Workers": [], "Plans": [{"Node Type": "Nested Loop", "Parent Relationship": "Outer", "Parallel Aware": false, "Async Capable": false, "Join Type": "Inner", "Startup Cost": 1.01, "Total Cost": 4760.66, "Plan Rows": 110619, "Plan Width": 0, "Actual Rows": 829360, "Actual Loops": 3, "Inner Unique": false, "Workers": [], "Plans": [{"Node Type": "Merge Join", "Parent Relationship": "Outer", "Parallel Aware": false, "Async Capable": false, "Join Type": "Inner", "Startup Cost": 0.71, "Total Cost": 2288.26, "Plan Rows": 14273, "Plan Width": 8, "Actual Rows": 10973, "Actual Loops": 3, "Inner Unique": true, "Merge Cond": "(v.userid = u.id)", "Workers": [], "Plans": [{"Node Type": "Index Only Scan", "Parent Relationship": "Outer", "Parallel Aware": true, "Async Capable": false, "Scan Direction": "Forward", "Index Name": "idx_votes_userid", "Relation Name": "votes", "Alias": "v", "Startup Cost": 0.42, "Total Cost": 4261.57, "Plan Rows": 136693, "Plan Width": 4, "Actual Rows": 11590, "Actual Loops": 3, "Heap Fetches": 0, "Workers": []}, {"Node Type": "Index Scan", "Parent Relationship": "Inner", "Parallel Aware": false, "Async Capable": false, "Scan Direction": "Forward", "Index Name": "users_pkey", "Relation Name": "users", "Alias": "u", "Startup Cost": 0.29, "Total Cost": 1558.79, "Plan Rows": 39816, "Plan Width": 4, "Actual Rows": 37135, "Actual Loops": 3, "Filter": "((creationdate >= '2010-07-22 04:38:06'::timestamp without time zone) AND (creationdate <= '2014-09-08 15:55:02'::timestamp without time zone))", "Rows Removed by Filter": 327, "Workers": []}]}, {"Node Type": "Memoize", "Parent Relationship": "Inner", "Parallel Aware": false, "Async Capable": false, "Startup Cost": 0.3, "Total Cost": 0.4, "Plan Rows": 4, "Plan Width": 4, "Actual Rows": 76, "Actual Loops": 32918, "Cache Key": "v.userid", "Cache Mode": "logical", "Cache Hits": 6825, "Cache Misses": 1390, "Cache Evictions": 0, "Cache Overflows": 0, "Peak Memory Usage": 579, "Workers": [{"Worker Number": 0, "Cache Hits": 10697, "Cache Misses": 2153, "Cache Evictions": 0, "Cache Overflows": 0, "Peak Memory Usage": 744}, {"Worker Number": 1, "Cache Hits": 9980, "Cache Misses": 1873, "Cache Evictions": 0, "Cache Overflows": 0, "Peak Memory Usage": 685}], "Plans": [{"Node Type": "Index Scan", "Parent Relationship": "Outer", "Parallel Aware": false, "Async Capable": false, "Scan Direction": "Forward", "Index Name": "idx_posts_owneruserid", "Relation Name": "posts", "Alias": "p", "Startup Cost": 0.29, "Total Cost": 0.39, "Plan Rows": 4, "Plan Width": 4, "Actual Rows": 9, "Actual Loops": 5416, "Index Cond": "(owneruserid = v.userid)", "Rows Removed by Index Recheck": 0, "Filter": "((commentcount >= 0) AND (commentcount <= 12))", "Rows Removed by Filter": 0, "Workers": []}]}]}]}]}]}, "Planning Time": 1.038, "Triggers": [], "Execution Time": 81.611}, {"Plan": {"Node Type": "Aggregate", "Strategy": "Plain", "Partial Mode": "Simple", "Parallel Aware": false, "Async Capable": false, "Startup Cost": 28684.59, "Total Cost": 28684.6, "Plan Rows": 1, "Plan Width": 8, "Actual Rows": 1, "Actual Loops": 1, "Plans": [{"Node Type": "Nested Loop", "Parent Relationship": "Outer", "Parallel Aware": false, "Async Capable": false, "Join Type": "Inner", "Startup Cost": 1400.01, "Total Cost": 28020.88, "Plan Rows": 265485, "Plan Width": 0, "Actual Rows": 2488080, "Actual Loops": 1, "Inner Unique": false, "Plans": [{"Node Type": "Hash Join", "Parent Relationship": "Outer", "Parallel Aware": false, "Async Capable": false, "Join Type": "Inner", "Startup Cost": 1399.58, "Total Cost": 3858.93, "Plan Rows": 88795, "Plan Width": 8, "Actual Rows": 86112, "Actual Loops": 1, "Inner Unique": true, "Hash Cond": "(p.owneruserid = u.id)", "Plans": [{"Node Type": "Seq Scan", "Parent Relationship": "Outer", "Parallel Aware": false, "Async Capable": false, "Relation Name": "posts", "Alias": "p", "Startup Cost": 0.0, "Total Cost": 2219.64, "Plan Rows": 91312, "Plan Width": 4, "Actual Rows": 91312, "Actual Loops": 1, "Filter": "((commentcount >= 0) AND (commentcount <= 12))", "Rows Removed by Filter": 664}, {"Node Type": "Hash", "Parent Relationship": "Inner", "Parallel Aware": false, "Async Capable": false, "Startup Cost": 901.88, "Total Cost": 901.88, "Plan Rows": 39816, "Plan Width": 4, "Actual Rows": 39787, "Actual Loops": 1, "Hash Buckets": 65536, "Original Hash Buckets": 65536, "Hash Batches": 1, "Original Hash Batches": 1, "Peak Memory Usage": 1911, "Plans": [{"Node Type": "Seq Scan", "Parent Relationship": "Outer", "Parallel Aware": false, "Async Capable": false, "Relation Name": "users", "Alias": "u", "Startup Cost": 0.0, "Total Cost": 901.88, "Plan Rows": 39816, "Plan Width": 4, "Actual Rows": 39787, "Actual Loops": 1, "Filter": "((creationdate >= '2010-07-22 04:38:06'::timestamp without time zone) AND (creationdate <= '2014-09-08 15:55:02'::timestamp without time zone))", "Rows Removed by Filter": 538}]}]}, {"Node Type": "Memoize", "Parent Relationship": "Inner", "Parallel Aware": false, "Async Capable": false, "Startup Cost": 0.43, "Total Cost": 0.6, "Plan Rows": 9, "Plan Width": 4, "Actual Rows": 29, "Actual Loops": 86112, "Cache Key": "p.owneruserid", "Cache Mode": "logical", "Cache Hits": 64499, "Cache Misses": 21613, "Cache Evictions": 0, "Cache Overflows": 0, "Peak Memory Usage": 2405, "Plans": [{"Node Type": "Index Only Scan", "Parent Relationship": "Outer", "Parallel Aware": false, "Async Capable": false, "Scan Direction": "Forward", "Index Name": "idx_votes_userid", "Relation Name": "votes", "Alias": "v", "Startup Cost": 0.42, "Total Cost": 0.59, "Plan Rows": 9, "Plan Width": 4, "Actual Rows": 1, "Actual Loops": 21613, "Index Cond": "(userid = p.owneruserid)", "Rows Removed by Index Recheck": 0, "Heap Fetches": 0}]}]}]}, "Planning Time": 1.431, "Triggers": [], "Execution Time": 204.068}, {"Plan": {"Node Type": "Aggregate", "Strategy": "Plain", "Partial Mode": "Simple", "Parallel Aware": false, "Async Capable": false, "Startup Cost": 9310.49, "Total Cost": 9310.5, "Plan Rows": 1, "Plan Width": 8, "Actual Rows": 1, "Actual Loops": 1, "Plans": [{"Node Type": "Merge Join", "Parent Relationship": "Outer", "Parallel Aware": false, "Async Capable": false, "Join Type": "Inner", "Startup Cost": 1.01, "Total Cost": 8646.78, "Plan Rows": 265485, "Plan Width": 0, "Actual Rows": 2488080, "Actual Loops": 1, "Inner Unique": false, "Merge Cond": "(u.id = v.userid)", "Plans": [{"Node Type": "Index Scan", "Parent Relationship": "Outer", "Parallel Aware": false, "Async Capable": false, "Scan Direction": "Forward", "Index Name": "users_pkey", "Relation Name": "users", "Alias": "u", "Startup Cost": 0.29, "Total Cost": 1558.79, "Plan Rows": 39816, "Plan Width": 4, "Actual Rows": 39787, "Actual Loops": 1, "Filter": "((creationdate >= '2010-07-22 04:38:06'::timestamp without time zone) AND (creationdate <= '2014-09-08 15:55:02'::timestamp without time zone))", "Rows Removed by Filter": 538}, {"Node Type": "Materialize", "Parent Relationship": "Inner", "Parallel Aware": false, "Async Capable": false, "Startup Cost": 0.72, "Total Cost": 34616.0, "Plan Rows": 2542514, "Plan Width": 8, "Actual Rows": 2704231, "Actual Loops": 1, "Plans": [{"Node Type": "Nested Loop", "Parent Relationship": "Outer", "Parallel Aware": false, "Async Capable": false, "Join Type": "Inner", "Startup Cost": 0.72, "Total Cost": 28259.72, "Plan Rows": 2542514, "Plan Width": 8, "Actual Rows": 2704231, "Actual Loops": 1, "Inner Unique": false, "Plans": [{"Node Type": "Index Only Scan", "Parent Relationship": "Outer", "Parallel Aware": false, "Async Capable": false, "Scan Direction": "Forward", "Index Name": "idx_votes_userid", "Relation Name": "votes", "Alias": "v", "Startup Cost": 0.42, "Total Cost": 6175.27, "Plan Rows": 328064, "Plan Width": 4, "Actual Rows": 34770, "Actual Loops": 1, "Heap Fetches": 0}, {"Node Type": "Memoize", "Parent Relationship": "Inner", "Parallel Aware": false, "Async Capable": false, "Startup Cost": 0.3, "Total Cost": 0.4, "Plan Rows": 4, "Plan Width": 4, "Actual Rows": 78, "Actual Loops": 34770, "Cache Key": "v.userid", "Cache Mode": "logical", "Cache Hits": 29243, "Cache Misses": 5527, "Cache Evictions": 0, "Cache Overflows": 0, "Peak Memory Usage": 2129, "Plans": [{"Node Type": "Index Scan", "Parent Relationship": "Outer", "Parallel Aware": false, "Async Capable": false, "Scan Direction": "Forward", "Index Name": "idx_posts_owneruserid", "Relation Name": "posts", "Alias": "p", "Startup Cost": 0.29, "Total Cost": 0.39, "Plan Rows": 4, "Plan Width": 4, "Actual Rows": 9, "Actual Loops": 5527, "Index Cond": "(owneruserid = v.userid)", "Rows Removed by Index Recheck": 0, "Filter": "((commentcount >= 0) AND (commentcount <= 12))", "Rows Removed by Filter": 0}]}]}]}]}]}, "Planning Time": 1.661, "Triggers": [], "Execution Time": 716.535}, {"Plan": {"Node Type": "Aggregate", "Strategy": "Plain", "Partial Mode": "Finalize", "Parallel Aware": false, "Async Capable": false, "Startup Cost": 5843.31, "Total Cost": 5843.32, "Plan Rows": 1, "Plan Width": 8, "Actual Rows": 1, "Actual Loops": 1, "Plans": [{"Node Type": "Gather", "Parent Relationship": "Outer", "Parallel Aware": false, "Async Capable": false, "Startup Cost": 5843.09, "Total Cost": 5843.3, "Plan Rows": 2, "Plan Width": 8, "Actual Rows": 3, "Actual Loops": 1, "Workers Planned": 2, "Workers Launched": 2, "Single Copy": false, "Plans": [{"Node Type": "Aggregate", "Strategy": "Plain", "Partial Mode": "Partial", "Parent Relationship": "Outer", "Parallel Aware": false, "Async Capable": false, "Startup Cost": 4843.09, "Total Cost": 4843.1, "Plan Rows": 1, "Plan Width": 8, "Actual Rows": 1, "Actual Loops": 3, "Workers": [], "Plans": [{"Node Type": "Merge Join", "Parent Relationship": "Outer", "Parallel Aware": false, "Async Capable": false, "Join Type": "Inner", "Startup Cost": 1.01, "Total Cost": 4566.54, "Plan Rows": 110619, "Plan Width": 0, "Actual Rows": 829360, "Actual Loops": 3, "Inner Unique": true, "Merge Cond": "(v.userid = u.id)", "Workers": [], "Plans": [{"Node Type": "Nested Loop", "Parent Relationship": "Outer", "Parallel Aware": false, "Async Capable": false, "Join Type": "Inner", "Startup Cost": 0.72, "Total Cost": 14385.32, "Plan Rows": 1059381, "Plan Width": 8, "Actual Rows": 901410, "Actual Loops": 3, "Inner Unique": false, "Workers": [], "Plans": [{"Node Type": "Index Only Scan", "Parent Relationship": "Outer", "Parallel Aware": true, "Async Capable": false, "Scan Direction": "Forward", "Index Name": "idx_votes_userid", "Relation Name": "votes", "Alias": "v", "Startup Cost": 0.42, "Total Cost": 4261.57, "Plan Rows": 136693, "Plan Width": 4, "Actual Rows": 109172, "Actual Loops": 3, "Heap Fetches": 0, "Workers": []}, {"Node Type": "Memoize", "Parent Relationship": "Inner", "Parallel Aware": false, "Async Capable": false, "Startup Cost": 0.3, "Total Cost": 0.4, "Plan Rows": 4, "Plan Width": 4, "Actual Rows": 8, "Actual Loops": 327517, "Cache Key": "v.userid", "Cache Mode": "logical", "Cache Hits": 147244, "Cache Misses": 1093, "Cache Evictions": 0, "Cache Overflows": 0, "Peak Memory Usage": 445, "Workers": [{"Worker Number": 0, "Cache Hits": 15701, "Cache Misses": 2835, "Cache Evictions": 0, "Cache Overflows": 0, "Peak Memory Usage": 1080}, {"Worker Number": 1, "Cache Hits": 159042, "Cache Misses": 1602, "Cache Evictions": 0, "Cache Overflows": 0, "Peak Memory Usage": 605}], "Plans": [{"Node Type": "Index Scan", "Parent Relationship": "Outer", "Parallel Aware": false, "Async Capable": false, "Scan Direction": "Forward", "Index Name": "idx_posts_owneruserid", "Relation Name": "posts", "Alias": "p", "Startup Cost": 0.29, "Total Cost": 0.39, "Plan Rows": 4, "Plan Width": 4, "Actual Rows": 9, "Actual Loops": 5530, "Index Cond": "(owneruserid = v.userid)", "Rows Removed by Index Recheck": 0, "Filter": "((commentcount >= 0) AND (commentcount <= 12))", "Rows Removed by Filter": 0, "Workers": []}]}]}, {"Node Type": "Index Scan", "Parent Relationship": "Inner", "Parallel Aware": false, "Async Capable": false, "Scan Direction": "Forward", "Index Name": "users_pkey", "Relation Name": "users", "Alias": "u", "Startup Cost": 0.29, "Total Cost": 1558.79, "Plan Rows": 39816, "Plan Width": 4, "Actual Rows": 37135, "Actual Loops": 3, "Filter": "((creationdate >= '2010-07-22 04:38:06'::timestamp without time zone) AND (creationdate <= '2014-09-08 15:55:02'::timestamp without time zone))", "Rows Removed by Filter": 327, "Workers": []}]}]}]}]}, "Planning Time": 2.832, "Triggers": [], "Execution Time": 170.106}, {"Plan": {"Node Type": "Aggregate", "Strategy": "Plain", "Partial Mode": "Finalize", "Parallel Aware": false, "Async Capable": false, "Startup Cost": 24472.36, "Total Cost": 24472.37, "Plan Rows": 1, "Plan Width": 8, "Actual Rows": 1, "Actual Loops": 1, "Plans": [{"Node Type": "Gather", "Parent Relationship": "Outer", "Parallel Aware": false, "Async Capable": false, "Startup Cost": 24472.14, "Total Cost": 24472.35, "Plan Rows": 2, "Plan Width": 8, "Actual Rows": 3, "Actual Loops": 1, "Workers Planned": 2, "Workers Launched": 2, "Single Copy": false, "Plans": [{"Node Type": "Aggregate", "Strategy": "Plain", "Partial Mode": "Partial", "Parent Relationship": "Outer", "Parallel Aware": false, "Async Capable": false, "Startup Cost": 23472.14, "Total Cost": 23472.15, "Plan Rows": 1, "Plan Width": 8, "Actual Rows": 1, "Actual Loops": 3, "Workers": [], "Plans": [{"Node Type": "Merge Join", "Parent Relationship": "Outer", "Parallel Aware": false, "Async Capable": false, "Join Type": "Inner", "Startup Cost": 1.0, "Total Cost": 23195.6, "Plan Rows": 110619, "Plan Width": 0, "Actual Rows": 829360, "Actual Loops": 3, "Inner Unique": false, "Merge Cond": "(v.userid = p.owneruserid)", "Workers": [], "Plans": [{"Node Type": "Index Only Scan", "Parent Relationship": "Outer", "Parallel Aware": true, "Async Capable": false, "Scan Direction": "Forward", "Index Name": "idx_votes_userid", "Relation Name": "votes", "Alias": "v", "Startup Cost": 0.42, "Total Cost": 4261.57, "Plan Rows": 136693, "Plan Width": 4, "Actual Rows": 11590, "Actual Loops": 3, "Heap Fetches": 0, "Workers": []}, {"Node Type": "Materialize", "Parent Relationship": "Inner", "Parallel Aware": false, "Async Capable": false, "Startup Cost": 0.58, "Total Cost": 7477.73, "Plan Rows": 88795, "Plan Width": 8, "Actual Rows": 896427, "Actual Loops": 3, "Workers": [], "Plans": [{"Node Type": "Merge Join", "Parent Relationship": "Outer", "Parallel Aware": false, "Async Capable": false, "Join Type": "Inner", "Startup Cost": 0.58, "Total Cost": 7255.74, "Plan Rows": 88795, "Plan Width": 8, "Actual Rows": 82678, "Actual Loops": 3, "Inner Unique": true, "Merge Cond": "(p.owneruserid = u.id)", "Workers": [], "Plans": [{"Node Type": "Index Scan", "Parent Relationship": "Outer", "Parallel Aware": false, "Async Capable": false, "Scan Direction": "Forward", "Index Name": "idx_posts_owneruserid", "Relation Name": "posts", "Alias": "p", "Startup Cost": 0.29, "Total Cost": 4553.55, "Plan Rows": 91312, "Plan Width": 4, "Actual Rows": 86330, "Actual Loops": 3, "Filter": "((commentcount >= 0) AND (commentcount <= 12))", "Rows Removed by Filter": 629, "Workers": []}, {"Node Type": "Index Scan", "Parent Relationship": "Inner", "Parallel Aware": false, "Async Capable": false, "Scan Direction": "Forward", "Index Name": "users_pkey", "Relation Name": "users", "Alias": "u", "Startup Cost": 0.29, "Total Cost": 1558.79, "Plan Rows": 39816, "Plan Width": 4, "Actual Rows": 35350, "Actual Loops": 3, "Filter": "((creationdate >= '2010-07-22 04:38:06'::timestamp without time zone) AND (creationdate <= '2014-09-08 15:55:02'::timestamp without time zone))", "Rows Removed by Filter": 327, "Workers": []}]}]}]}]}]}]}, "Planning Time": 1.343, "Triggers": [], "Execution Time": 140.166}]