[{"Plan": {"Node Type": "Aggregate", "Strategy": "Plain", "Partial Mode": "Simple", "Parallel Aware": false, "Async Capable": false, "Startup Cost": 10427.18, "Total Cost": 10427.19, "Plan Rows": 1, "Plan Width": 8, "Actual Rows": 1, "Actual Loops": 1, "Plans": [{"Node Type": "Nested Loop", "Parent Relationship": "Outer", "Parallel Aware": false, "Async Capable": false, "Join Type": "Inner", "Startup Cost": 3047.53, "Total Cost": 10364.09, "Plan Rows": 25233, "Plan Width": 0, "Actual Rows": 454094, "Actual Loops": 1, "Inner Unique": false, "Join Filter": "(p.id = v.postid)", "Rows Removed by Join Filter": 0, "Plans": [{"Node Type": "Nested Loop", "Parent Relationship": "Outer", "Parallel Aware": false, "Async Capable": false, "Join Type": "Inner", "Startup Cost": 3047.1, "Total Cost": 5966.76, "Plan Rows": 7084, "Plan Width": 16, "Actual Rows": 69251, "Actual Loops": 1, "Inner Unique": false, "Join Filter": "(p.id = ph.postid)", "Rows Removed by Join Filter": 0, "Plans": [{"Node Type": "Nested Loop", "Parent Relationship": "Outer", "Parallel Aware": false, "Async Capable": false, "Join Type": "Inner", "Startup Cost": 3046.68, "Total Cost": 4614.23, "Plan Rows": 2196, "Plan Width": 12, "Actual Rows": 10594, "Actual Loops": 1, "Inner Unique": false, "Plans": [{"Node Type": "Hash Join", "Parent Relationship": "Outer", "Parallel Aware": false, "Async Capable": false, "Join Type": "Inner", "Startup Cost": 3046.26, "Total Cost": 3320.48, "Plan Rows": 1165, "Plan Width": 8, "Actual Rows": 3167, "Actual Loops": 1, "Inner Unique": true, "Hash Cond": "(pl.postid = p.id)", "Plans": [{"Node Type": "Seq Scan", "Parent Relationship": "Outer", "Parallel Aware": false, "Async Capable": false, "Relation Name": "postlinks", "Alias": "pl", "Startup Cost": 0.0, "Total Cost": 248.53, "Plan Rows": 9788, "Plan Width": 4, "Actual Rows": 9803, "Actual Loops": 1, "Filter": "((creationdate <= '2014-08-11 17:26:31'::timestamp without time zone) AND (linktypeid = 1))", "Rows Removed by Filter": 1299}, {"Node Type": "Hash", "Parent Relationship": "Inner", "Parallel Aware": false, "Async Capable": false, "Startup Cost": 2909.46, "Total Cost": 2909.46, "Plan Rows": 10944, "Plan Width": 4, "Actual Rows": 11092, "Actual Loops": 1, "Hash Buckets": 16384, "Original Hash Buckets": 16384, "Hash Batches": 1, "Original Hash Batches": 1, "Peak Memory Usage": 518, "Plans": [{"Node Type": "Seq Scan", "Parent Relationship": "Outer", "Parallel Aware": false, "Async Capable": false, "Relation Name": "posts", "Alias": "p", "Startup Cost": 0.0, "Total Cost": 2909.46, "Plan Rows": 10944, "Plan Width": 4, "Actual Rows": 11092, "Actual Loops": 1, "Filter": "((score <= 44) AND (favoritecount >= 0) AND (favoritecount <= 3) AND (creationdate >= '2010-08-11 13:53:56'::timestamp without time zone) AND (creationdate <= '2014-09-03 11:52:36'::timestamp without time zone))", "Rows Removed by Filter": 80884}]}]}, {"Node Type": "Index Scan", "Parent Relationship": "Inner", "Parallel Aware": false, "Async Capable": false, "Scan Direction": "Forward", "Index Name": "idx_comments_postid", "Relation Name": "comments", "Alias": "c", "Startup Cost": 0.42, "Total Cost": 1.08, "Plan Rows": 3, "Plan Width": 4, "Actual Rows": 3, "Actual Loops": 3167, "Index Cond": "(postid = p.id)", "Rows Removed by Index Recheck": 0, "Filter": "(creationdate >= '2010-08-01 12:12:41'::timestamp without time zone)", "Rows Removed by Filter": 0}]}, {"Node Type": "Index Scan", "Parent Relationship": "Inner", "Parallel Aware": false, "Async Capable": false, "Scan Direction": "Forward", "Index Name": "idx_posthistory_postid", "Relation Name": "posthistory", "Alias": "ph", "Startup Cost": 0.42, "Total Cost": 0.57, "Plan Rows": 4, "Plan Width": 4, "Actual Rows": 7, "Actual Loops": 10594, "Index Cond": "(postid = c.postid)", "Rows Removed by Index Recheck": 0, "Filter": "(creationdate >= '2010-09-20 19:11:45'::timestamp without time zone)", "Rows Removed by Filter": 0}]}, {"Node Type": "Index Scan", "Parent Relationship": "Inner", "Parallel Aware": false, "Async Capable": false, "Scan Direction": "Forward", "Index Name": "idx_votes_postid", "Relation Name": "votes", "Alias": "v", "Startup Cost": 0.42, "Total Cost": 0.56, "Plan Rows": 5, "Plan Width": 4, "Actual Rows": 7, "Actual Loops": 69251, "Index Cond": "(postid = ph.postid)", "Rows Removed by Index Recheck": 0, "Filter": "(creationdate <= '2014-09-11 00:00:00'::timestamp without time zone)", "Rows Removed by Filter": 0}]}]}, "Planning Time": 6.951, "Triggers": [], "Execution Time": 297.629}, {"Plan": {"Node Type": "Aggregate", "Strategy": "Plain", "Partial Mode": "Simple", "Parallel Aware": false, "Async Capable": false, "Startup Cost": 34894.29, "Total Cost": 34894.3, "Plan Rows": 1, "Plan Width": 8, "Actual Rows": 1, "Actual Loops": 1, "Plans": [{"Node Type": "Merge Join", "Parent Relationship": "Outer", "Parallel Aware": false, "Async Capable": false, "Join Type": "Inner", "Startup Cost": 5366.49, "Total Cost": 34831.2, "Plan Rows": 25233, "Plan Width": 0, "Actual Rows": 454094, "Actual Loops": 1, "Inner Unique": false, "Merge Cond": "(p.id = ph.postid)", "Plans": [{"Node Type": "Sort", "Parent Relationship": "Outer", "Parallel Aware": false, "Async Capable": false, "Startup Cost": 5365.64, "Total Cost": 5376.02, "Plan Rows": 4150, "Plan Width": 12, "Actual Rows": 18097, "Actual Loops": 1, "Sort Key": ["p.id"], "Sort Method": "quicksort", "Sort Space Used": 1475, "Sort Space Type": "Memory", "Plans": [{"Node Type": "Nested Loop", "Parent Relationship": "Outer", "Parallel Aware": false, "Async Capable": false, "Join Type": "Inner", "Startup Cost": 3046.68, "Total Cost": 5116.25, "Plan Rows": 4150, "Plan Width": 12, "Actual Rows": 18097, "Actual Loops": 1, "Inner Unique": false, "Plans": [{"Node Type": "Hash Join", "Parent Relationship": "Outer", "Parallel Aware": false, "Async Capable": false, "Join Type": "Inner", "Startup Cost": 3046.26, "Total Cost": 3320.48, "Plan Rows": 1165, "Plan Width": 8, "Actual Rows": 3167, "Actual Loops": 1, "Inner Unique": true, "Hash Cond": "(pl.postid = p.id)", "Plans": [{"Node Type": "Seq Scan", "Parent Relationship": "Outer", "Parallel Aware": false, "Async Capable": false, "Relation Name": "postlinks", "Alias": "pl", "Startup Cost": 0.0, "Total Cost": 248.53, "Plan Rows": 9788, "Plan Width": 4, "Actual Rows": 9803, "Actual Loops": 1, "Filter": "((creationdate <= '2014-08-11 17:26:31'::timestamp without time zone) AND (linktypeid = 1))", "Rows Removed by Filter": 1299}, {"Node Type": "Hash", "Parent Relationship": "Inner", "Parallel Aware": false, "Async Capable": false, "Startup Cost": 2909.46, "Total Cost": 2909.46, "Plan Rows": 10944, "Plan Width": 4, "Actual Rows": 11092, "Actual Loops": 1, "Hash Buckets": 16384, "Original Hash Buckets": 16384, "Hash Batches": 1, "Original Hash Batches": 1, "Peak Memory Usage": 518, "Plans": [{"Node Type": "Seq Scan", "Parent Relationship": "Outer", "Parallel Aware": false, "Async Capable": false, "Relation Name": "posts", "Alias": "p", "Startup Cost": 0.0, "Total Cost": 2909.46, "Plan Rows": 10944, "Plan Width": 4, "Actual Rows": 11092, "Actual Loops": 1, "Filter": "((score <= 44) AND (favoritecount >= 0) AND (favoritecount <= 3) AND (creationdate >= '2010-08-11 13:53:56'::timestamp without time zone) AND (creationdate <= '2014-09-03 11:52:36'::timestamp without time zone))", "Rows Removed by Filter": 80884}]}]}, {"Node Type": "Index Scan", "Parent Relationship": "Inner", "Parallel Aware": false, "Async Capable": false, "Scan Direction": "Forward", "Index Name": "idx_votes_postid", "Relation Name": "votes", "Alias": "v", "Startup Cost": 0.42, "Total Cost": 1.49, "Plan Rows": 5, "Plan Width": 4, "Actual Rows": 6, "Actual Loops": 3167, "Index Cond": "(postid = p.id)", "Rows Removed by Index Recheck": 0, "Filter": "(creationdate <= '2014-09-11 00:00:00'::timestamp without time zone)", "Rows Removed by Filter": 0}]}]}, {"Node Type": "Materialize", "Parent Relationship": "Inner", "Parallel Aware": false, "Async Capable": false, "Startup Cost": 0.84, "Total Cost": 27522.24, "Plan Rows": 651454, "Plan Width": 8, "Actual Rows": 1074964, "Actual Loops": 1, "Plans": [{"Node Type": "Merge Join", "Parent Relationship": "Outer", "Parallel Aware": false, "Async Capable": false, "Join Type": "Inner", "Startup Cost": 0.84, "Total Cost": 25893.6, "Plan Rows": 651454, "Plan Width": 8, "Actual Rows": 666768, "Actual Loops": 1, "Inner Unique": false, "Merge Cond": "(c.postid = ph.postid)", "Plans": [{"Node Type": "Index Scan", "Parent Relationship": "Outer", "Parallel Aware": false, "Async Capable": false, "Scan Direction": "Forward", "Index Name": "idx_comments_postid", "Relation Name": "comments", "Alias": "c", "Startup Cost": 0.42, "Total Cost": 5857.0, "Plan Rows": 173417, "Plan Width": 4, "Actual Rows": 167303, "Actual Loops": 1, "Filter": "(creationdate >= '2010-08-01 12:12:41'::timestamp without time zone)", "Rows Removed by Filter": 887}, {"Node Type": "Materialize", "Parent Relationship": "Inner", "Parallel Aware": false, "Async Capable": false, "Startup Cost": 0.42, "Total Cost": 10573.2, "Plan Rows": 296689, "Plan Width": 4, "Actual Rows": 769467, "Actual Loops": 1, "Plans": [{"Node Type": "Index Scan", "Parent Relationship": "Outer", "Parallel Aware": false, "Async Capable": false, "Scan Direction": "Forward", "Index Name": "idx_posthistory_postid", "Relation Name": "posthistory", "Alias": "ph", "Startup Cost": 0.42, "Total Cost": 9831.47, "Plan Rows": 296689, "Plan Width": 4, "Actual Rows": 285157, "Actual Loops": 1, "Filter": "(creationdate >= '2010-09-20 19:11:45'::timestamp without time zone)", "Rows Removed by Filter": 6372}]}]}]}]}]}, "Planning Time": 6.462, "Triggers": [], "Execution Time": 683.971}, {"Plan": {"Node Type": "Aggregate", "Strategy": "Plain", "Partial Mode": "Finalize", "Parallel Aware": false, "Async Capable": false, "Startup Cost": 27016.63, "Total Cost": 27016.64, "Plan Rows": 1, "Plan Width": 8, "Actual Rows": 1, "Actual Loops": 1, "Plans": [{"Node Type": "Gather", "Parent Relationship": "Outer", "Parallel Aware": false, "Async Capable": false, "Startup Cost": 27016.51, "Total Cost": 27016.62, "Plan Rows": 1, "Plan Width": 8, "Actual Rows": 2, "Actual Loops": 1, "Workers Planned": 1, "Workers Launched": 1, "Single Copy": false, "Plans": [{"Node Type": "Aggregate", "Strategy": "Plain", "Partial Mode": "Partial", "Parent Relationship": "Outer", "Parallel Aware": false, "Async Capable": false, "Startup Cost": 26016.51, "Total Cost": 26016.52, "Plan Rows": 1, "Plan Width": 8, "Actual Rows": 1, "Actual Loops": 2, "Workers": [], "Plans": [{"Node Type": "Hash Join", "Parent Relationship": "Outer", "Parallel Aware": false, "Async Capable": false, "Join Type": "Inner", "Startup Cost": 15682.77, "Total Cost": 25979.41, "Plan Rows": 14843, "Plan Width": 0, "Actual Rows": 227047, "Actual Loops": 2, "Inner Unique": false, "Hash Cond": "(p.id = pl.postid)", "Workers": [], "Plans": [{"Node Type": "Hash Join", "Parent Relationship": "Outer", "Parallel Aware": true, "Async Capable": false, "Join Type": "Inner", "Startup Cost": 8411.04, "Total Cost": 14188.08, "Plan Rows": 73968, "Plan Width": 12, "Actual Rows": 167018, "Actual Loops": 2, "Inner Unique": false, "Hash Cond": "(ph.postid = p.id)", "Workers": [], "Plans": [{"Node Type": "Seq Scan", "Parent Relationship": "Outer", "Parallel Aware": true, "Async Capable": false, "Relation Name": "posthistory", "Alias": "ph", "Startup Cost": 0.0, "Total Cost": 4469.32, "Plan Rows": 174523, "Plan Width": 4, "Actual Rows": 148408, "Actual Loops": 2, "Filter": "(creationdate >= '2010-09-20 19:11:45'::timestamp without time zone)", "Rows Removed by Filter": 3186, "Workers": []}, {"Node Type": "Hash", "Parent Relationship": "Inner", "Parallel Aware": true, "Async Capable": false, "Startup Cost": 8124.4, "Total Cost": 8124.4, "Plan Rows": 22931, "Plan Width": 8, "Actual Rows": 28314, "Actual Loops": 2, "Hash Buckets": 65536, "Original Hash Buckets": 65536, "Hash Batches": 1, "Original Hash Batches": 1, "Peak Memory Usage": 2752, "Workers": [], "Plans": [{"Node Type": "Hash Join", "Parent Relationship": "Outer", "Parallel Aware": false, "Async Capable": false, "Join Type": "Inner", "Startup Cost": 3046.26, "Total Cost": 8124.4, "Plan Rows": 22931, "Plan Width": 8, "Actual Rows": 28314, "Actual Loops": 2, "Inner Unique": true, "Hash Cond": "(v.postid = p.id)", "Workers": [], "Plans": [{"Node Type": "Seq Scan", "Parent Relationship": "Outer", "Parallel Aware": true, "Async Capable": false, "Relation Name": "votes", "Alias": "v", "Startup Cost": 0.0, "Total Cost": 4572.24, "Plan Rows": 192717, "Plan Width": 4, "Actual Rows": 163784, "Actual Loops": 2, "Filter": "(creationdate <= '2014-09-11 00:00:00'::timestamp without time zone)", "Rows Removed by Filter": 248, "Workers": []}, {"Node Type": "Hash", "Parent Relationship": "Inner", "Parallel Aware": false, "Async Capable": false, "Startup Cost": 2909.46, "Total Cost": 2909.46, "Plan Rows": 10944, "Plan Width": 4, "Actual Rows": 11092, "Actual Loops": 2, "Hash Buckets": 16384, "Original Hash Buckets": 16384, "Hash Batches": 1, "Original Hash Batches": 1, "Peak Memory Usage": 518, "Workers": [], "Plans": [{"Node Type": "Seq Scan", "Parent Relationship": "Outer", "Parallel Aware": false, "Async Capable": false, "Relation Name": "posts", "Alias": "p", "Startup Cost": 0.0, "Total Cost": 2909.46, "Plan Rows": 10944, "Plan Width": 4, "Actual Rows": 11092, "Actual Loops": 2, "Filter": "((score <= 44) AND (favoritecount >= 0) AND (favoritecount <= 3) AND (creationdate >= '2010-08-11 13:53:56'::timestamp without time zone) AND (creationdate <= '2014-09-03 11:52:36'::timestamp without time zone))", "Rows Removed by Filter": 80884, "Workers": []}]}]}]}]}, {"Node Type": "Hash", "Parent Relationship": "Inner", "Parallel Aware": false, "Async Capable": false, "Startup Cost": 6857.62, "Total Cost": 6857.62, "Plan Rows": 33129, "Plan Width": 8, "Actual Rows": 31580, "Actual Loops": 2, "Hash Buckets": 65536, "Original Hash Buckets": 65536, "Hash Batches": 1, "Original Hash Batches": 1, "Peak Memory Usage": 1746, "Workers": [], "Plans": [{"Node Type": "Hash Join", "Parent Relationship": "Outer", "Parallel Aware": false, "Async Capable": false, "Join Type": "Inner", "Startup Cost": 5690.52, "Total Cost": 6857.62, "Plan Rows": 33129, "Plan Width": 8, "Actual Rows": 31580, "Actual Loops": 2, "Inner Unique": false, "Hash Cond": "(pl.postid = c.postid)", "Workers": [], "Plans": [{"Node Type": "Seq Scan", "Parent Relationship": "Outer", "Parallel Aware": false, "Async Capable": false, "Relation Name": "postlinks", "Alias": "pl", "Startup Cost": 0.0, "Total Cost": 248.53, "Plan Rows": 9788, "Plan Width": 4, "Actual Rows": 9803, "Actual Loops": 2, "Filter": "((creationdate <= '2014-08-11 17:26:31'::timestamp without time zone) AND (linktypeid = 1))", "Rows Removed by Filter": 1299, "Workers": []}, {"Node Type": "Hash", "Parent Relationship": "Inner", "Parallel Aware": false, "Async Capable": false, "Startup Cost": 3522.81, "Total Cost": 3522.81, "Plan Rows": 173417, "Plan Width": 4, "Actual Rows": 173418, "Actual Loops": 2, "Hash Buckets": 262144, "Original Hash Buckets": 262144, "Hash Batches": 1, "Original Hash Batches": 1, "Peak Memory Usage": 8145, "Workers": [], "Plans": [{"Node Type": "Seq Scan", "Parent Relationship": "Outer", "Parallel Aware": false, "Async Capable": false, "Relation Name": "comments", "Alias": "c", "Startup Cost": 0.0, "Total Cost": 3522.81, "Plan Rows": 173417, "Plan Width": 4, "Actual Rows": 173418, "Actual Loops": 2, "Filter": "(creationdate >= '2010-08-01 12:12:41'::timestamp without time zone)", "Rows Removed by Filter": 887, "Workers": []}]}]}]}]}]}]}]}, "Planning Time": 12.248, "Triggers": [], "Execution Time": 348.929}, {"Plan": {"Node Type": "Aggregate", "Strategy": "Plain", "Partial Mode": "Simple", "Parallel Aware": false, "Async Capable": false, "Startup Cost": 48210.11, "Total Cost": 48210.12, "Plan Rows": 1, "Plan Width": 8, "Actual Rows": 1, "Actual Loops": 1, "Plans": [{"Node Type": "Merge Join", "Parent Relationship": "Outer", "Parallel Aware": false, "Async Capable": false, "Join Type": "Inner", "Startup Cost": 3645.75, "Total Cost": 48147.03, "Plan Rows": 25233, "Plan Width": 0, "Actual Rows": 454094, "Actual Loops": 1, "Inner Unique": false, "Merge Cond": "(p.id = pl.postid)", "Plans": [{"Node Type": "Sort", "Parent Relationship": "Outer", "Parallel Aware": false, "Async Capable": false, "Startup Cost": 3643.68, "Total Cost": 3671.04, "Plan Rows": 10944, "Plan Width": 4, "Actual Rows": 10914, "Actual Loops": 1, "Sort Key": ["p.id"], "Sort Method": "quicksort", "Sort Space Used": 385, "Sort Space Type": "Memory", "Plans": [{"Node Type": "Seq Scan", "Parent Relationship": "Outer", "Parallel Aware": false, "Async Capable": false, "Relation Name": "posts", "Alias": "p", "Startup Cost": 0.0, "Total Cost": 2909.46, "Plan Rows": 10944, "Plan Width": 4, "Actual Rows": 11092, "Actual Loops": 1, "Filter": "((score <= 44) AND (favoritecount >= 0) AND (favoritecount <= 3) AND (creationdate >= '2010-08-11 13:53:56'::timestamp without time zone) AND (creationdate <= '2014-09-03 11:52:36'::timestamp without time zone))", "Rows Removed by Filter": 80884}]}, {"Node Type": "Materialize", "Parent Relationship": "Inner", "Parallel Aware": false, "Async Capable": false, "Startup Cost": 2.06, "Total Cost": 41851.22, "Plan Rows": 703928, "Plan Width": 16, "Actual Rows": 1730990, "Actual Loops": 1, "Plans": [{"Node Type": "Nested Loop", "Parent Relationship": "Outer", "Parallel Aware": false, "Async Capable": false, "Join Type": "Inner", "Startup Cost": 2.06, "Total Cost": 40091.4, "Plan Rows": 703928, "Plan Width": 16, "Actual Rows": 1730990, "Actual Loops": 1, "Inner Unique": false, "Plans": [{"Node Type": "Merge Join", "Parent Relationship": "Outer", "Parallel Aware": false, "Async Capable": false, "Join Type": "Inner", "Startup Cost": 1.63, "Total Cost": 19005.91, "Plan Rows": 125522, "Plan Width": 12, "Actual Rows": 194687, "Actual Loops": 1, "Inner Unique": false, "Merge Cond": "(pl.postid = ph.postid)", "Plans": [{"Node Type": "Merge Join", "Parent Relationship": "Outer", "Parallel Aware": false, "Async Capable": false, "Join Type": "Inner", "Startup Cost": 0.89, "Total Cost": 7096.53, "Plan Rows": 33129, "Plan Width": 8, "Actual Rows": 31580, "Actual Loops": 1, "Inner Unique": false, "Merge Cond": "(pl.postid = c.postid)", "Plans": [{"Node Type": "Index Scan", "Parent Relationship": "Outer", "Parallel Aware": false, "Async Capable": false, "Scan Direction": "Forward", "Index Name": "idx_postlinks_postid", "Relation Name": "postlinks", "Alias": "pl", "Startup Cost": 0.29, "Total Cost": 450.8, "Plan Rows": 9788, "Plan Width": 4, "Actual Rows": 9803, "Actual Loops": 1, "Filter": "((creationdate <= '2014-08-11 17:26:31'::timestamp without time zone) AND (linktypeid = 1))", "Rows Removed by Filter": 1299}, {"Node Type": "Index Scan", "Parent Relationship": "Inner", "Parallel Aware": false, "Async Capable": false, "Scan Direction": "Forward", "Index Name": "idx_comments_postid", "Relation Name": "comments", "Alias": "c", "Startup Cost": 0.42, "Total Cost": 5857.0, "Plan Rows": 173417, "Plan Width": 4, "Actual Rows": 177473, "Actual Loops": 1, "Filter": "(creationdate >= '2010-08-01 12:12:41'::timestamp without time zone)", "Rows Removed by Filter": 912}]}, {"Node Type": "Index Scan", "Parent Relationship": "Inner", "Parallel Aware": false, "Async Capable": false, "Scan Direction": "Forward", "Index Name": "idx_posthistory_postid", "Relation Name": "posthistory", "Alias": "ph", "Startup Cost": 0.42, "Total Cost": 9831.47, "Plan Rows": 296689, "Plan Width": 4, "Actual Rows": 448621, "Actual Loops": 1, "Filter": "(creationdate >= '2010-09-20 19:11:45'::timestamp without time zone)", "Rows Removed by Filter": 8947}]}, {"Node Type": "Memoize", "Parent Relationship": "Inner", "Parallel Aware": false, "Async Capable": false, "Startup Cost": 0.43, "Total Cost": 1.62, "Plan Rows": 5, "Plan Width": 4, "Actual Rows": 9, "Actual Loops": 194687, "Cache Key": "pl.postid", "Cache Mode": "logical", "Cache Hits": 189145, "Cache Misses": 5542, "Cache Evictions": 0, "Cache Overflows": 0, "Peak Memory Usage": 1564, "Plans": [{"Node Type": "Index Scan", "Parent Relationship": "Outer", "Parallel Aware": false, "Async Capable": false, "Scan Direction": "Forward", "Index Name": "idx_votes_postid", "Relation Name": "votes", "Alias": "v", "Startup Cost": 0.42, "Total Cost": 1.61, "Plan Rows": 5, "Plan Width": 4, "Actual Rows": 6, "Actual Loops": 5542, "Index Cond": "(postid = pl.postid)", "Rows Removed by Index Recheck": 0, "Filter": "(creationdate <= '2014-09-11 00:00:00'::timestamp without time zone)", "Rows Removed by Filter": 0}]}]}]}]}]}, "Planning Time": 6.471, "Triggers": [], "Execution Time": 937.334}, {"Plan": {"Node Type": "Aggregate", "Strategy": "Plain", "Partial Mode": "Simple", "Parallel Aware": false, "Async Capable": false, "Startup Cost": 45048.64, "Total Cost": 45048.65, "Plan Rows": 1, "Plan Width": 8, "Actual Rows": 1, "Actual Loops": 1, "Plans": [{"Node Type": "Hash Join", "Parent Relationship": "Outer", "Parallel Aware": false, "Async Capable": false, "Join Type": "Inner", "Startup Cost": 3048.32, "Total Cost": 44985.56, "Plan Rows": 25233, "Plan Width": 0, "Actual Rows": 454094, "Actual Loops": 1, "Inner Unique": true, "Hash Cond": "(pl.postid = p.id)", "Plans": [{"Node Type": "Nested Loop", "Parent Relationship": "Outer", "Parallel Aware": false, "Async Capable": false, "Join Type": "Inner", "Startup Cost": 2.06, "Total Cost": 40091.4, "Plan Rows": 703928, "Plan Width": 16, "Actual Rows": 1730990, "Actual Loops": 1, "Inner Unique": false, "Plans": [{"Node Type": "Merge Join", "Parent Relationship": "Outer", "Parallel Aware": false, "Async Capable": false, "Join Type": "Inner", "Startup Cost": 1.63, "Total Cost": 19005.91, "Plan Rows": 125522, "Plan Width": 12, "Actual Rows": 194687, "Actual Loops": 1, "Inner Unique": false, "Merge Cond": "(pl.postid = ph.postid)", "Plans": [{"Node Type": "Merge Join", "Parent Relationship": "Outer", "Parallel Aware": false, "Async Capable": false, "Join Type": "Inner", "Startup Cost": 0.89, "Total Cost": 7096.53, "Plan Rows": 33129, "Plan Width": 8, "Actual Rows": 31580, "Actual Loops": 1, "Inner Unique": false, "Merge Cond": "(pl.postid = c.postid)", "Plans": [{"Node Type": "Index Scan", "Parent Relationship": "Outer", "Parallel Aware": false, "Async Capable": false, "Scan Direction": "Forward", "Index Name": "idx_postlinks_postid", "Relation Name": "postlinks", "Alias": "pl", "Startup Cost": 0.29, "Total Cost": 450.8, "Plan Rows": 9788, "Plan Width": 4, "Actual Rows": 9803, "Actual Loops": 1, "Filter": "((creationdate <= '2014-08-11 17:26:31'::timestamp without time zone) AND (linktypeid = 1))", "Rows Removed by Filter": 1299}, {"Node Type": "Index Scan", "Parent Relationship": "Inner", "Parallel Aware": false, "Async Capable": false, "Scan Direction": "Forward", "Index Name": "idx_comments_postid", "Relation Name": "comments", "Alias": "c", "Startup Cost": 0.42, "Total Cost": 5857.0, "Plan Rows": 173417, "Plan Width": 4, "Actual Rows": 177473, "Actual Loops": 1, "Filter": "(creationdate >= '2010-08-01 12:12:41'::timestamp without time zone)", "Rows Removed by Filter": 912}]}, {"Node Type": "Index Scan", "Parent Relationship": "Inner", "Parallel Aware": false, "Async Capable": false, "Scan Direction": "Forward", "Index Name": "idx_posthistory_postid", "Relation Name": "posthistory", "Alias": "ph", "Startup Cost": 0.42, "Total Cost": 9831.47, "Plan Rows": 296689, "Plan Width": 4, "Actual Rows": 448621, "Actual Loops": 1, "Filter": "(creationdate >= '2010-09-20 19:11:45'::timestamp without time zone)", "Rows Removed by Filter": 8947}]}, {"Node Type": "Memoize", "Parent Relationship": "Inner", "Parallel Aware": false, "Async Capable": false, "Startup Cost": 0.43, "Total Cost": 1.62, "Plan Rows": 5, "Plan Width": 4, "Actual Rows": 9, "Actual Loops": 194687, "Cache Key": "pl.postid", "Cache Mode": "logical", "Cache Hits": 189145, "Cache Misses": 5542, "Cache Evictions": 0, "Cache Overflows": 0, "Peak Memory Usage": 1564, "Plans": [{"Node Type": "Index Scan", "Parent Relationship": "Outer", "Parallel Aware": false, "Async Capable": false, "Scan Direction": "Forward", "Index Name": "idx_votes_postid", "Relation Name": "votes", "Alias": "v", "Startup Cost": 0.42, "Total Cost": 1.61, "Plan Rows": 5, "Plan Width": 4, "Actual Rows": 6, "Actual Loops": 5542, "Index Cond": "(postid = pl.postid)", "Rows Removed by Index Recheck": 0, "Filter": "(creationdate <= '2014-09-11 00:00:00'::timestamp without time zone)", "Rows Removed by Filter": 0}]}]}, {"Node Type": "Hash", "Parent Relationship": "Inner", "Parallel Aware": false, "Async Capable": false, "Startup Cost": 2909.46, "Total Cost": 2909.46, "Plan Rows": 10944, "Plan Width": 4, "Actual Rows": 11092, "Actual Loops": 1, "Hash Buckets": 16384, "Original Hash Buckets": 16384, "Hash Batches": 1, "Original Hash Batches": 1, "Peak Memory Usage": 518, "Plans": [{"Node Type": "Seq Scan", "Parent Relationship": "Outer", "Parallel Aware": false, "Async Capable": false, "Relation Name": "posts", "Alias": "p", "Startup Cost": 0.0, "Total Cost": 2909.46, "Plan Rows": 10944, "Plan Width": 4, "Actual Rows": 11092, "Actual Loops": 1, "Filter": "((score <= 44) AND (favoritecount >= 0) AND (favoritecount <= 3) AND (creationdate >= '2010-08-11 13:53:56'::timestamp without time zone) AND (creationdate <= '2014-09-03 11:52:36'::timestamp without time zone))", "Rows Removed by Filter": 80884}]}]}]}, "Planning Time": 6.422, "Triggers": [], "Execution Time": 683.109}, {"Plan": {"Node Type": "Aggregate", "Strategy": "Plain", "Partial Mode": "Simple", "Parallel Aware": false, "Async Capable": false, "Startup Cost": 53453.11, "Total Cost": 53453.12, "Plan Rows": 1, "Plan Width": 8, "Actual Rows": 1, "Actual Loops": 1, "Plans": [{"Node Type": "Merge Join", "Parent Relationship": "Outer", "Parallel Aware": false, "Async Capable": false, "Join Type": "Inner", "Startup Cost": 4736.96, "Total Cost": 53390.02, "Plan Rows": 25233, "Plan Width": 0, "Actual Rows": 454094, "Actual Loops": 1, "Inner Unique": false, "Merge Cond": "(p.id = v.postid)", "Plans": [{"Node Type": "Sort", "Parent Relationship": "Outer", "Parallel Aware": false, "Async Capable": false, "Startup Cost": 4736.11, "Total Cost": 4741.6, "Plan Rows": 2196, "Plan Width": 12, "Actual Rows": 10594, "Actual Loops": 1, "Sort Key": ["c.postid"], "Sort Method": "quicksort", "Sort Space Used": 798, "Sort Space Type": "Memory", "Plans": [{"Node Type": "Nested Loop", "Parent Relationship": "Outer", "Parallel Aware": false, "Async Capable": false, "Join Type": "Inner", "Startup Cost": 3046.68, "Total Cost": 4614.23, "Plan Rows": 2196, "Plan Width": 12, "Actual Rows": 10594, "Actual Loops": 1, "Inner Unique": false, "Plans": [{"Node Type": "Hash Join", "Parent Relationship": "Outer", "Parallel Aware": false, "Async Capable": false, "Join Type": "Inner", "Startup Cost": 3046.26, "Total Cost": 3320.48, "Plan Rows": 1165, "Plan Width": 8, "Actual Rows": 3167, "Actual Loops": 1, "Inner Unique": true, "Hash Cond": "(pl.postid = p.id)", "Plans": [{"Node Type": "Seq Scan", "Parent Relationship": "Outer", "Parallel Aware": false, "Async Capable": false, "Relation Name": "postlinks", "Alias": "pl", "Startup Cost": 0.0, "Total Cost": 248.53, "Plan Rows": 9788, "Plan Width": 4, "Actual Rows": 9803, "Actual Loops": 1, "Filter": "((creationdate <= '2014-08-11 17:26:31'::timestamp without time zone) AND (linktypeid = 1))", "Rows Removed by Filter": 1299}, {"Node Type": "Hash", "Parent Relationship": "Inner", "Parallel Aware": false, "Async Capable": false, "Startup Cost": 2909.46, "Total Cost": 2909.46, "Plan Rows": 10944, "Plan Width": 4, "Actual Rows": 11092, "Actual Loops": 1, "Hash Buckets": 16384, "Original Hash Buckets": 16384, "Hash Batches": 1, "Original Hash Batches": 1, "Peak Memory Usage": 518, "Plans": [{"Node Type": "Seq Scan", "Parent Relationship": "Outer", "Parallel Aware": false, "Async Capable": false, "Relation Name": "posts", "Alias": "p", "Startup Cost": 0.0, "Total Cost": 2909.46, "Plan Rows": 10944, "Plan Width": 4, "Actual Rows": 11092, "Actual Loops": 1, "Filter": "((score <= 44) AND (favoritecount >= 0) AND (favoritecount <= 3) AND (creationdate >= '2010-08-11 13:53:56'::timestamp without time zone) AND (creationdate <= '2014-09-03 11:52:36'::timestamp without time zone))", "Rows Removed by Filter": 80884}]}]}, {"Node Type": "Index Scan", "Parent Relationship": "Inner", "Parallel Aware": false, "Async Capable": false, "Scan Direction": "Forward", "Index Name": "idx_comments_postid", "Relation Name": "comments", "Alias": "c", "Startup Cost": 0.42, "Total Cost": 1.08, "Plan Rows": 3, "Plan Width": 4, "Actual Rows": 3, "Actual Loops": 3167, "Index Cond": "(postid = p.id)", "Rows Removed by Index Recheck": 0, "Filter": "(creationdate >= '2010-08-01 12:12:41'::timestamp without time zone)", "Rows Removed by Filter": 0}]}]}, {"Node Type": "Materialize", "Parent Relationship": "Inner", "Parallel Aware": false, "Async Capable": false, "Startup Cost": 0.84, "Total Cost": 45222.55, "Plan Rows": 1248878, "Plan Width": 8, "Actual Rows": 1595912, "Actual Loops": 1, "Plans": [{"Node Type": "Merge Join", "Parent Relationship": "Outer", "Parallel Aware": false, "Async Capable": false, "Join Type": "Inner", "Startup Cost": 0.84, "Total Cost": 42100.36, "Plan Rows": 1248878, "Plan Width": 8, "Actual Rows": 1205560, "Actual Loops": 1, "Inner Unique": false, "Merge Cond": "(ph.postid = v.postid)", "Plans": [{"Node Type": "Index Scan", "Parent Relationship": "Outer", "Parallel Aware": false, "Async Capable": false, "Scan Direction": "Forward", "Index Name": "idx_posthistory_postid", "Relation Name": "posthistory", "Alias": "ph", "Startup Cost": 0.42, "Total Cost": 9831.47, "Plan Rows": 296689, "Plan Width": 4, "Actual Rows": 284931, "Actual Loops": 1, "Filter": "(creationdate >= '2010-09-20 19:11:45'::timestamp without time zone)", "Rows Removed by Filter": 6372}, {"Node Type": "Materialize", "Parent Relationship": "Inner", "Parallel Aware": false, "Async Capable": false, "Startup Cost": 0.42, "Total Cost": 13613.47, "Plan Rows": 327619, "Plan Width": 4, "Actual Rows": 1222534, "Actual Loops": 1, "Plans": [{"Node Type": "Index Scan", "Parent Relationship": "Outer", "Parallel Aware": false, "Async Capable": false, "Scan Direction": "Forward", "Index Name": "idx_votes_postid", "Relation Name": "votes", "Alias": "v", "Startup Cost": 0.42, "Total Cost": 12794.42, "Plan Rows": 327619, "Plan Width": 4, "Actual Rows": 321602, "Actual Loops": 1, "Filter": "(creationdate <= '2014-09-11 00:00:00'::timestamp without time zone)", "Rows Removed by Filter": 173}]}]}]}]}]}, "Planning Time": 6.565, "Triggers": [], "Execution Time": 999.697}, {"Plan": {"Node Type": "Aggregate", "Strategy": "Plain", "Partial Mode": "Finalize", "Parallel Aware": false, "Async Capable": false, "Startup Cost": 26968.15, "Total Cost": 26968.16, "Plan Rows": 1, "Plan Width": 8, "Actual Rows": 1, "Actual Loops": 1, "Plans": [{"Node Type": "Gather", "Parent Relationship": "Outer", "Parallel Aware": false, "Async Capable": false, "Startup Cost": 26968.04, "Total Cost": 26968.15, "Plan Rows": 1, "Plan Width": 8, "Actual Rows": 2, "Actual Loops": 1, "Workers Planned": 1, "Workers Launched": 1, "Single Copy": false, "Plans": [{"Node Type": "Aggregate", "Strategy": "Plain", "Partial Mode": "Partial", "Parent Relationship": "Outer", "Parallel Aware": false, "Async Capable": false, "Startup Cost": 25968.04, "Total Cost": 25968.05, "Plan Rows": 1, "Plan Width": 8, "Actual Rows": 1, "Actual Loops": 2, "Workers": [], "Plans": [{"Node Type": "Hash Join", "Parent Relationship": "Outer", "Parallel Aware": false, "Async Capable": false, "Join Type": "Inner", "Startup Cost": 17451.18, "Total Cost": 25930.93, "Plan Rows": 14843, "Plan Width": 0, "Actual Rows": 227047, "Actual Loops": 2, "Inner Unique": false, "Hash Cond": "(p.id = pl.postid)", "Workers": [], "Plans": [{"Node Type": "Hash Join", "Parent Relationship": "Outer", "Parallel Aware": true, "Async Capable": false, "Join Type": "Inner", "Startup Cost": 6091.43, "Total Cost": 11640.68, "Plan Rows": 43234, "Plan Width": 12, "Actual Rows": 73793, "Actual Loops": 2, "Inner Unique": false, "Hash Cond": "(v.postid = p.id)", "Workers": [], "Plans": [{"Node Type": "Seq Scan", "Parent Relationship": "Outer", "Parallel Aware": true, "Async Capable": false, "Relation Name": "votes", "Alias": "v", "Startup Cost": 0.0, "Total Cost": 4572.24, "Plan Rows": 192717, "Plan Width": 4, "Actual Rows": 163784, "Actual Loops": 2, "Filter": "(creationdate <= '2014-09-11 00:00:00'::timestamp without time zone)", "Rows Removed by Filter": 248, "Workers": []}, {"Node Type": "Hash", "Parent Relationship": "Inner", "Parallel Aware": true, "Async Capable": false, "Startup Cost": 5939.7, "Total Cost": 5939.7, "Plan Rows": 12138, "Plan Width": 8, "Actual Rows": 12848, "Actual Loops": 2, "Hash Buckets": 32768, "Original Hash Buckets": 32768, "Hash Batches": 1, "Original Hash Batches": 1, "Peak Memory Usage": 1312, "Workers": [], "Plans": [{"Node Type": "Hash Join", "Parent Relationship": "Outer", "Parallel Aware": false, "Async Capable": false, "Join Type": "Inner", "Startup Cost": 3046.26, "Total Cost": 5939.7, "Plan Rows": 12138, "Plan Width": 8, "Actual Rows": 12848, "Actual Loops": 2, "Inner Unique": true, "Hash Cond": "(c.postid = p.id)", "Workers": [], "Plans": [{"Node Type": "Seq Scan", "Parent Relationship": "Outer", "Parallel Aware": true, "Async Capable": false, "Relation Name": "comments", "Alias": "c", "Startup Cost": 0.0, "Total Cost": 2625.65, "Plan Rows": 102010, "Plan Width": 4, "Actual Rows": 86709, "Actual Loops": 2, "Filter": "(creationdate >= '2010-08-01 12:12:41'::timestamp without time zone)", "Rows Removed by Filter": 444, "Workers": []}, {"Node Type": "Hash", "Parent Relationship": "Inner", "Parallel Aware": false, "Async Capable": false, "Startup Cost": 2909.46, "Total Cost": 2909.46, "Plan Rows": 10944, "Plan Width": 4, "Actual Rows": 11092, "Actual Loops": 2, "Hash Buckets": 16384, "Original Hash Buckets": 16384, "Hash Batches": 1, "Original Hash Batches": 1, "Peak Memory Usage": 518, "Workers": [], "Plans": [{"Node Type": "Seq Scan", "Parent Relationship": "Outer", "Parallel Aware": false, "Async Capable": false, "Relation Name": "posts", "Alias": "p", "Startup Cost": 0.0, "Total Cost": 2909.46, "Plan Rows": 10944, "Plan Width": 4, "Actual Rows": 11092, "Actual Loops": 2, "Filter": "((score <= 44) AND (favoritecount >= 0) AND (favoritecount <= 3) AND (creationdate >= '2010-08-11 13:53:56'::timestamp without time zone) AND (creationdate <= '2014-09-03 11:52:36'::timestamp without time zone))", "Rows Removed by Filter": 80884, "Workers": []}]}]}]}]}, {"Node Type": "Hash", "Parent Relationship": "Inner", "Parallel Aware": false, "Async Capable": false, "Startup Cost": 10896.18, "Total Cost": 10896.18, "Plan Rows": 37086, "Plan Width": 8, "Actual Rows": 55293, "Actual Loops": 2, "Hash Buckets": 65536, "Original Hash Buckets": 65536, "Hash Batches": 1, "Original Hash Batches": 1, "Peak Memory Usage": 2672, "Workers": [], "Plans": [{"Node Type": "Hash Join", "Parent Relationship": "Outer", "Parallel Aware": false, "Async Capable": false, "Join Type": "Inner", "Startup Cost": 9738.45, "Total Cost": 10896.18, "Plan Rows": 37086, "Plan Width": 8, "Actual Rows": 55293, "Actual Loops": 2, "Inner Unique": false, "Hash Cond": "(pl.postid = ph.postid)", "Workers": [], "Plans": [{"Node Type": "Seq Scan", "Parent Relationship": "Outer", "Parallel Aware": false, "Async Capable": false, "Relation Name": "postlinks", "Alias": "pl", "Startup Cost": 0.0, "Total Cost": 248.53, "Plan Rows": 9788, "Plan Width": 4, "Actual Rows": 9803, "Actual Loops": 2, "Filter": "((creationdate <= '2014-08-11 17:26:31'::timestamp without time zone) AND (linktypeid = 1))", "Rows Removed by Filter": 1299, "Workers": []}, {"Node Type": "Hash", "Parent Relationship": "Inner", "Parallel Aware": false, "Async Capable": false, "Startup Cost": 6029.84, "Total Cost": 6029.84, "Plan Rows": 296689, "Plan Width": 4, "Actual Rows": 296815, "Actual Loops": 2, "Hash Buckets": 524288, "Original Hash Buckets": 524288, "Hash Batches": 1, "Original Hash Batches": 1, "Peak Memory Usage": 14531, "Workers": [], "Plans": [{"Node Type": "Seq Scan", "Parent Relationship": "Outer", "Parallel Aware": false, "Async Capable": false, "Relation Name": "posthistory", "Alias": "ph", "Startup Cost": 0.0, "Total Cost": 6029.84, "Plan Rows": 296689, "Plan Width": 4, "Actual Rows": 296815, "Actual Loops": 2, "Filter": "(creationdate >= '2010-09-20 19:11:45'::timestamp without time zone)", "Rows Removed by Filter": 6372, "Workers": []}]}]}]}]}]}]}]}, "Planning Time": 12.556, "Triggers": [], "Execution Time": 376.33}, {"Plan": {"Node Type": "Aggregate", "Strategy": "Plain", "Partial Mode": "Finalize", "Parallel Aware": false, "Async Capable": false, "Startup Cost": 22944.37, "Total Cost": 22944.38, "Plan Rows": 1, "Plan Width": 8, "Actual Rows": 1, "Actual Loops": 1, "Plans": [{"Node Type": "Gather", "Parent Relationship": "Outer", "Parallel Aware": false, "Async Capable": false, "Startup Cost": 22944.26, "Total Cost": 22944.37, "Plan Rows": 1, "Plan Width": 8, "Actual Rows": 2, "Actual Loops": 1, "Workers Planned": 1, "Workers Launched": 1, "Single Copy": false, "Plans": [{"Node Type": "Aggregate", "Strategy": "Plain", "Partial Mode": "Partial", "Parent Relationship": "Outer", "Parallel Aware": false, "Async Capable": false, "Startup Cost": 21944.26, "Total Cost": 21944.27, "Plan Rows": 1, "Plan Width": 8, "Actual Rows": 1, "Actual Loops": 2, "Workers": [], "Plans": [{"Node Type": "Hash Join", "Parent Relationship": "Outer", "Parallel Aware": false, "Async Capable": false, "Join Type": "Inner", "Startup Cost": 12305.82, "Total Cost": 21907.15, "Plan Rows": 14843, "Plan Width": 0, "Actual Rows": 227047, "Actual Loops": 2, "Inner Unique": false, "Hash Cond": "(p.id = pl.postid)", "Workers": [], "Plans": [{"Node Type": "Hash Join", "Parent Relationship": "Outer", "Parallel Aware": true, "Async Capable": false, "Join Type": "Inner", "Startup Cost": 11934.94, "Total Cost": 18772.92, "Plan Rows": 139463, "Plan Width": 16, "Actual Rows": 494168, "Actual Loops": 2, "Inner Unique": false, "Hash Cond": "(v.postid = p.id)", "Workers": [], "Plans": [{"Node Type": "Seq Scan", "Parent Relationship": "Outer", "Parallel Aware": true, "Async Capable": false, "Relation Name": "votes", "Alias": "v", "Startup Cost": 0.0, "Total Cost": 4572.24, "Plan Rows": 192717, "Plan Width": 4, "Actual Rows": 163784, "Actual Loops": 2, "Filter": "(creationdate <= '2014-09-11 00:00:00'::timestamp without time zone)", "Rows Removed by Filter": 248, "Workers": []}, {"Node Type": "Hash", "Parent Relationship": "Inner", "Parallel Aware": true, "Async Capable": false, "Startup Cost": 11445.52, "Total Cost": 11445.52, "Plan Rows": 39153, "Plan Width": 12, "Actual Rows": 80206, "Actual Loops": 2, "Hash Buckets": 262144, "Original Hash Buckets": 131072, "Hash Batches": 1, "Original Hash Batches": 1, "Peak Memory Usage": 10624, "Workers": [], "Plans": [{"Node Type": "Hash Join", "Parent Relationship": "Outer", "Parallel Aware": true, "Async Capable": false, "Join Type": "Inner", "Startup Cost": 6091.43, "Total Cost": 11445.52, "Plan Rows": 39153, "Plan Width": 12, "Actual Rows": 80206, "Actual Loops": 2, "Inner Unique": false, "Hash Cond": "(ph.postid = p.id)", "Workers": [], "Plans": [{"Node Type": "Seq Scan", "Parent Relationship": "Outer", "Parallel Aware": true, "Async Capable": false, "Relation Name": "posthistory", "Alias": "ph", "Startup Cost": 0.0, "Total Cost": 4469.32, "Plan Rows": 174523, "Plan Width": 4, "Actual Rows": 148408, "Actual Loops": 2, "Filter": "(creationdate >= '2010-09-20 19:11:45'::timestamp without time zone)", "Rows Removed by Filter": 3186, "Workers": []}, {"Node Type": "Hash", "Parent Relationship": "Inner", "Parallel Aware": true, "Async Capable": false, "Startup Cost": 5939.7, "Total Cost": 5939.7, "Plan Rows": 12138, "Plan Width": 8, "Actual Rows": 12848, "Actual Loops": 2, "Hash Buckets": 32768, "Original Hash Buckets": 32768, "Hash Batches": 1, "Original Hash Batches": 1, "Peak Memory Usage": 1280, "Workers": [], "Plans": [{"Node Type": "Hash Join", "Parent Relationship": "Outer", "Parallel Aware": false, "Async Capable": false, "Join Type": "Inner", "Startup Cost": 3046.26, "Total Cost": 5939.7, "Plan Rows": 12138, "Plan Width": 8, "Actual Rows": 12848, "Actual Loops": 2, "Inner Unique": true, "Hash Cond": "(c.postid = p.id)", "Workers": [], "Plans": [{"Node Type": "Seq Scan", "Parent Relationship": "Outer", "Parallel Aware": true, "Async Capable": false, "Relation Name": "comments", "Alias": "c", "Startup Cost": 0.0, "Total Cost": 2625.65, "Plan Rows": 102010, "Plan Width": 4, "Actual Rows": 86709, "Actual Loops": 2, "Filter": "(creationdate >= '2010-08-01 12:12:41'::timestamp without time zone)", "Rows Removed by Filter": 444, "Workers": []}, {"Node Type": "Hash", "Parent Relationship": "Inner", "Parallel Aware": false, "Async Capable": false, "Startup Cost": 2909.46, "Total Cost": 2909.46, "Plan Rows": 10944, "Plan Width": 4, "Actual Rows": 11092, "Actual Loops": 2, "Hash Buckets": 16384, "Original Hash Buckets": 16384, "Hash Batches": 1, "Original Hash Batches": 1, "Peak Memory Usage": 518, "Workers": [], "Plans": [{"Node Type": "Seq Scan", "Parent Relationship": "Outer", "Parallel Aware": false, "Async Capable": false, "Relation Name": "posts", "Alias": "p", "Startup Cost": 0.0, "Total Cost": 2909.46, "Plan Rows": 10944, "Plan Width": 4, "Actual Rows": 11092, "Actual Loops": 2, "Filter": "((score <= 44) AND (favoritecount >= 0) AND (favoritecount <= 3) AND (creationdate >= '2010-08-11 13:53:56'::timestamp without time zone) AND (creationdate <= '2014-09-03 11:52:36'::timestamp without time zone))", "Rows Removed by Filter": 80884, "Workers": []}]}]}]}]}]}]}, {"Node Type": "Hash", "Parent Relationship": "Inner", "Parallel Aware": false, "Async Capable": false, "Startup Cost": 248.53, "Total Cost": 248.53, "Plan Rows": 9788, "Plan Width": 4, "Actual Rows": 9803, "Actual Loops": 2, "Hash Buckets": 16384, "Original Hash Buckets": 16384, "Hash Batches": 1, "Original Hash Batches": 1, "Peak Memory Usage": 473, "Workers": [], "Plans": [{"Node Type": "Seq Scan", "Parent Relationship": "Outer", "Parallel Aware": false, "Async Capable": false, "Relation Name": "postlinks", "Alias": "pl", "Startup Cost": 0.0, "Total Cost": 248.53, "Plan Rows": 9788, "Plan Width": 4, "Actual Rows": 9803, "Actual Loops": 2, "Filter": "((creationdate <= '2014-08-11 17:26:31'::timestamp without time zone) AND (linktypeid = 1))", "Rows Removed by Filter": 1299, "Workers": []}]}]}]}]}]}, "Planning Time": 11.695, "Triggers": [], "Execution Time": 361.41}, {"Plan": {"Node Type": "Aggregate", "Strategy": "Plain", "Partial Mode": "Simple", "Parallel Aware": false, "Async Capable": false, "Startup Cost": 14264.93, "Total Cost": 14264.94, "Plan Rows": 1, "Plan Width": 8, "Actual Rows": 1, "Actual Loops": 1, "Plans": [{"Node Type": "Hash Join", "Parent Relationship": "Outer", "Parallel Aware": false, "Async Capable": false, "Join Type": "Inner", "Startup Cost": 8737.63, "Total Cost": 14201.85, "Plan Rows": 25233, "Plan Width": 0, "Actual Rows": 454094, "Actual Loops": 1, "Inner Unique": false, "Hash Cond": "(p.id = c.postid)", "Plans": [{"Node Type": "Nested Loop", "Parent Relationship": "Outer", "Parallel Aware": false, "Async Capable": false, "Join Type": "Inner", "Startup Cost": 3047.11, "Total Cost": 7455.78, "Plan Rows": 13386, "Plan Width": 16, "Actual Rows": 114676, "Actual Loops": 1, "Inner Unique": false, "Join Filter": "(p.id = v.postid)", "Rows Removed by Join Filter": 0, "Plans": [{"Node Type": "Nested Loop", "Parent Relationship": "Outer", "Parallel Aware": false, "Async Capable": false, "Join Type": "Inner", "Startup Cost": 3046.68, "Total Cost": 5123.03, "Plan Rows": 3758, "Plan Width": 12, "Actual Rows": 19015, "Actual Loops": 1, "Inner Unique": false, "Plans": [{"Node Type": "Hash Join", "Parent Relationship": "Outer", "Parallel Aware": false, "Async Capable": false, "Join Type": "Inner", "Startup Cost": 3046.26, "Total Cost": 3320.48, "Plan Rows": 1165, "Plan Width": 8, "Actual Rows": 3167, "Actual Loops": 1, "Inner Unique": true, "Hash Cond": "(pl.postid = p.id)", "Plans": [{"Node Type": "Seq Scan", "Parent Relationship": "Outer", "Parallel Aware": false, "Async Capable": false, "Relation Name": "postlinks", "Alias": "pl", "Startup Cost": 0.0, "Total Cost": 248.53, "Plan Rows": 9788, "Plan Width": 4, "Actual Rows": 9803, "Actual Loops": 1, "Filter": "((creationdate <= '2014-08-11 17:26:31'::timestamp without time zone) AND (linktypeid = 1))", "Rows Removed by Filter": 1299}, {"Node Type": "Hash", "Parent Relationship": "Inner", "Parallel Aware": false, "Async Capable": false, "Startup Cost": 2909.46, "Total Cost": 2909.46, "Plan Rows": 10944, "Plan Width": 4, "Actual Rows": 11092, "Actual Loops": 1, "Hash Buckets": 16384, "Original Hash Buckets": 16384, "Hash Batches": 1, "Original Hash Batches": 1, "Peak Memory Usage": 518, "Plans": [{"Node Type": "Seq Scan", "Parent Relationship": "Outer", "Parallel Aware": false, "Async Capable": false, "Relation Name": "posts", "Alias": "p", "Startup Cost": 0.0, "Total Cost": 2909.46, "Plan Rows": 10944, "Plan Width": 4, "Actual Rows": 11092, "Actual Loops": 1, "Filter": "((score <= 44) AND (favoritecount >= 0) AND (favoritecount <= 3) AND (creationdate >= '2010-08-11 13:53:56'::timestamp without time zone) AND (creationdate <= '2014-09-03 11:52:36'::timestamp without time zone))", "Rows Removed by Filter": 80884}]}]}, {"Node Type": "Index Scan", "Parent Relationship": "Inner", "Parallel Aware": false, "Async Capable": false, "Scan Direction": "Forward", "Index Name": "idx_posthistory_postid", "Relation Name": "posthistory", "Alias": "ph", "Startup Cost": 0.42, "Total Cost": 1.51, "Plan Rows": 4, "Plan Width": 4, "Actual Rows": 6, "Actual Loops": 3167, "Index Cond": "(postid = p.id)", "Rows Removed by Index Recheck": 0, "Filter": "(creationdate >= '2010-09-20 19:11:45'::timestamp without time zone)", "Rows Removed by Filter": 0}]}, {"Node Type": "Index Scan", "Parent Relationship": "Inner", "Parallel Aware": false, "Async Capable": false, "Scan Direction": "Forward", "Index Name": "idx_votes_postid", "Relation Name": "votes", "Alias": "v", "Startup Cost": 0.42, "Total Cost": 0.56, "Plan Rows": 5, "Plan Width": 4, "Actual Rows": 6, "Actual Loops": 19015, "Index Cond": "(postid = ph.postid)", "Rows Removed by Index Recheck": 0, "Filter": "(creationdate <= '2014-09-11 00:00:00'::timestamp without time zone)", "Rows Removed by Filter": 0}]}, {"Node Type": "Hash", "Parent Relationship": "Inner", "Parallel Aware": false, "Async Capable": false, "Startup Cost": 3522.81, "Total Cost": 3522.81, "Plan Rows": 173417, "Plan Width": 4, "Actual Rows": 173418, "Actual Loops": 1, "Hash Buckets": 262144, "Original Hash Buckets": 262144, "Hash Batches": 1, "Original Hash Batches": 1, "Peak Memory Usage": 8145, "Plans": [{"Node Type": "Seq Scan", "Parent Relationship": "Outer", "Parallel Aware": false, "Async Capable": false, "Relation Name": "comments", "Alias": "c", "Startup Cost": 0.0, "Total Cost": 3522.81, "Plan Rows": 173417, "Plan Width": 4, "Actual Rows": 173418, "Actual Loops": 1, "Filter": "(creationdate >= '2010-08-01 12:12:41'::timestamp without time zone)", "Rows Removed by Filter": 887}]}]}]}, "Planning Time": 6.263, "Triggers": [], "Execution Time": 290.119}, {"Plan": {"Node Type": "Aggregate", "Strategy": "Plain", "Partial Mode": "Simple", "Parallel Aware": false, "Async Capable": false, "Startup Cost": 98146.39, "Total Cost": 98146.4, "Plan Rows": 1, "Plan Width": 8, "Actual Rows": 1, "Actual Loops": 1, "Plans": [{"Node Type": "Merge Join", "Parent Relationship": "Outer", "Parallel Aware": false, "Async Capable": false, "Join Type": "Inner", "Startup Cost": 3381.08, "Total Cost": 98083.31, "Plan Rows": 25233, "Plan Width": 0, "Actual Rows": 454094, "Actual Loops": 1, "Inner Unique": false, "Merge Cond": "(p.id = v.postid)", "Plans": [{"Node Type": "Sort", "Parent Relationship": "Outer", "Parallel Aware": false, "Async Capable": false, "Startup Cost": 3379.82, "Total Cost": 3382.73, "Plan Rows": 1165, "Plan Width": 8, "Actual Rows": 3167, "Actual Loops": 1, "Sort Key": ["p.id"], "Sort Method": "quicksort", "Sort Space Used": 195, "Sort Space Type": "Memory", "Plans": [{"Node Type": "Hash Join", "Parent Relationship": "Outer", "Parallel Aware": false, "Async Capable": false, "Join Type": "Inner", "Startup Cost": 3046.26, "Total Cost": 3320.48, "Plan Rows": 1165, "Plan Width": 8, "Actual Rows": 3167, "Actual Loops": 1, "Inner Unique": true, "Hash Cond": "(pl.postid = p.id)", "Plans": [{"Node Type": "Seq Scan", "Parent Relationship": "Outer", "Parallel Aware": false, "Async Capable": false, "Relation Name": "postlinks", "Alias": "pl", "Startup Cost": 0.0, "Total Cost": 248.53, "Plan Rows": 9788, "Plan Width": 4, "Actual Rows": 9803, "Actual Loops": 1, "Filter": "((creationdate <= '2014-08-11 17:26:31'::timestamp without time zone) AND (linktypeid = 1))", "Rows Removed by Filter": 1299}, {"Node Type": "Hash", "Parent Relationship": "Inner", "Parallel Aware": false, "Async Capable": false, "Startup Cost": 2909.46, "Total Cost": 2909.46, "Plan Rows": 10944, "Plan Width": 4, "Actual Rows": 11092, "Actual Loops": 1, "Hash Buckets": 16384, "Original Hash Buckets": 16384, "Hash Batches": 1, "Original Hash Batches": 1, "Peak Memory Usage": 518, "Plans": [{"Node Type": "Seq Scan", "Parent Relationship": "Outer", "Parallel Aware": false, "Async Capable": false, "Relation Name": "posts", "Alias": "p", "Startup Cost": 0.0, "Total Cost": 2909.46, "Plan Rows": 10944, "Plan Width": 4, "Actual Rows": 11092, "Actual Loops": 1, "Filter": "((score <= 44) AND (favoritecount >= 0) AND (favoritecount <= 3) AND (creationdate >= '2010-08-11 13:53:56'::timestamp without time zone) AND (creationdate <= '2014-09-03 11:52:36'::timestamp without time zone))", "Rows Removed by Filter": 80884}]}]}]}, {"Node Type": "Materialize", "Parent Relationship": "Inner", "Parallel Aware": false, "Async Capable": false, "Startup Cost": 1.27, "Total Cost": 87494.78, "Plan Rows": 2742219, "Plan Width": 12, "Actual Rows": 4000664, "Actual Loops": 1, "Plans": [{"Node Type": "Merge Join", "Parent Relationship": "Outer", "Parallel Aware": false, "Async Capable": false, "Join Type": "Inner", "Startup Cost": 1.27, "Total Cost": 80639.23, "Plan Rows": 2742219, "Plan Width": 12, "Actual Rows": 3842001, "Actual Loops": 1, "Inner Unique": false, "Merge Cond": "(v.postid = ph.postid)", "Plans": [{"Node Type": "Index Scan", "Parent Relationship": "Outer", "Parallel Aware": false, "Async Capable": false, "Scan Direction": "Forward", "Index Name": "idx_votes_postid", "Relation Name": "votes", "Alias": "v", "Startup Cost": 0.42, "Total Cost": 12794.42, "Plan Rows": 327619, "Plan Width": 4, "Actual Rows": 321718, "Actual Loops": 1, "Filter": "(creationdate <= '2014-09-11 00:00:00'::timestamp without time zone)", "Rows Removed by Filter": 173}, {"Node Type": "Materialize", "Parent Relationship": "Inner", "Parallel Aware": false, "Async Capable": false, "Startup Cost": 0.84, "Total Cost": 27522.24, "Plan Rows": 651454, "Plan Width": 8, "Actual Rows": 3913739, "Actual Loops": 1, "Plans": [{"Node Type": "Merge Join", "Parent Relationship": "Outer", "Parallel Aware": false, "Async Capable": false, "Join Type": "Inner", "Startup Cost": 0.84, "Total Cost": 25893.6, "Plan Rows": 651454, "Plan Width": 8, "Actual Rows": 666768, "Actual Loops": 1, "Inner Unique": false, "Merge Cond": "(c.postid = ph.postid)", "Plans": [{"Node Type": "Index Scan", "Parent Relationship": "Outer", "Parallel Aware": false, "Async Capable": false, "Scan Direction": "Forward", "Index Name": "idx_comments_postid", "Relation Name": "comments", "Alias": "c", "Startup Cost": 0.42, "Total Cost": 5857.0, "Plan Rows": 173417, "Plan Width": 4, "Actual Rows": 167303, "Actual Loops": 1, "Filter": "(creationdate >= '2010-08-01 12:12:41'::timestamp without time zone)", "Rows Removed by Filter": 887}, {"Node Type": "Materialize", "Parent Relationship": "Inner", "Parallel Aware": false, "Async Capable": false, "Startup Cost": 0.42, "Total Cost": 10573.2, "Plan Rows": 296689, "Plan Width": 4, "Actual Rows": 769467, "Actual Loops": 1, "Plans": [{"Node Type": "Index Scan", "Parent Relationship": "Outer", "Parallel Aware": false, "Async Capable": false, "Scan Direction": "Forward", "Index Name": "idx_posthistory_postid", "Relation Name": "posthistory", "Alias": "ph", "Startup Cost": 0.42, "Total Cost": 9831.47, "Plan Rows": 296689, "Plan Width": 4, "Actual Rows": 285157, "Actual Loops": 1, "Filter": "(creationdate >= '2010-09-20 19:11:45'::timestamp without time zone)", "Rows Removed by Filter": 6372}]}]}]}]}]}]}]}, "Planning Time": 6.396, "Triggers": [], "Execution Time": 1873.489}, {"Plan": {"Node Type": "Aggregate", "Strategy": "Plain", "Partial Mode": "Finalize", "Parallel Aware": false, "Async Capable": false, "Startup Cost": 12440.36, "Total Cost": 12440.37, "Plan Rows": 1, "Plan Width": 8, "Actual Rows": 1, "Actual Loops": 1, "Plans": [{"Node Type": "Gather", "Parent Relationship": "Outer", "Parallel Aware": false, "Async Capable": false, "Startup Cost": 12440.25, "Total Cost": 12440.36, "Plan Rows": 1, "Plan Width": 8, "Actual Rows": 2, "Actual Loops": 1, "Workers Planned": 1, "Workers Launched": 1, "Single Copy": false, "Plans": [{"Node Type": "Aggregate", "Strategy": "Plain", "Partial Mode": "Partial", "Parent Relationship": "Outer", "Parallel Aware": false, "Async Capable": false, "Startup Cost": 11440.25, "Total Cost": 11440.26, "Plan Rows": 1, "Plan Width": 8, "Actual Rows": 1, "Actual Loops": 2, "Workers": [], "Plans": [{"Node Type": "Hash Join", "Parent Relationship": "Outer", "Parallel Aware": false, "Async Capable": false, "Join Type": "Inner", "Startup Cost": 6130.94, "Total Cost": 11403.14, "Plan Rows": 14843, "Plan Width": 0, "Actual Rows": 227047, "Actual Loops": 2, "Inner Unique": false, "Hash Cond": "(ph.postid = p.id)", "Workers": [], "Plans": [{"Node Type": "Seq Scan", "Parent Relationship": "Outer", "Parallel Aware": true, "Async Capable": false, "Relation Name": "posthistory", "Alias": "ph", "Startup Cost": 0.0, "Total Cost": 4469.32, "Plan Rows": 174523, "Plan Width": 4, "Actual Rows": 148408, "Actual Loops": 2, "Filter": "(creationdate >= '2010-09-20 19:11:45'::timestamp without time zone)", "Rows Removed by Filter": 3186, "Workers": []}, {"Node Type": "Hash", "Parent Relationship": "Inner", "Parallel Aware": false, "Async Capable": false, "Startup Cost": 6033.17, "Total Cost": 6033.17, "Plan Rows": 7822, "Plan Width": 16, "Actual Rows": 65948, "Actual Loops": 2, "Hash Buckets": 131072, "Original Hash Buckets": 8192, "Hash Batches": 1, "Original Hash Batches": 1, "Peak Memory Usage": 4116, "Workers": [], "Plans": [{"Node Type": "Nested Loop", "Parent Relationship": "Outer", "Parallel Aware": false, "Async Capable": false, "Join Type": "Inner", "Startup Cost": 3047.1, "Total Cost": 6033.17, "Plan Rows": 7822, "Plan Width": 16, "Actual Rows": 65948, "Actual Loops": 2, "Inner Unique": false, "Join Filter": "(p.id = v.postid)", "Rows Removed by Join Filter": 0, "Workers": [], "Plans": [{"Node Type": "Nested Loop", "Parent Relationship": "Outer", "Parallel Aware": false, "Async Capable": false, "Join Type": "Inner", "Startup Cost": 3046.68, "Total Cost": 4614.23, "Plan Rows": 2196, "Plan Width": 12, "Actual Rows": 10594, "Actual Loops": 2, "Inner Unique": false, "Workers": [], "Plans": [{"Node Type": "Hash Join", "Parent Relationship": "Outer", "Parallel Aware": false, "Async Capable": false, "Join Type": "Inner", "Startup Cost": 3046.26, "Total Cost": 3320.48, "Plan Rows": 1165, "Plan Width": 8, "Actual Rows": 3167, "Actual Loops": 2, "Inner Unique": true, "Hash Cond": "(pl.postid = p.id)", "Workers": [], "Plans": [{"Node Type": "Seq Scan", "Parent Relationship": "Outer", "Parallel Aware": false, "Async Capable": false, "Relation Name": "postlinks", "Alias": "pl", "Startup Cost": 0.0, "Total Cost": 248.53, "Plan Rows": 9788, "Plan Width": 4, "Actual Rows": 9803, "Actual Loops": 2, "Filter": "((creationdate <= '2014-08-11 17:26:31'::timestamp without time zone) AND (linktypeid = 1))", "Rows Removed by Filter": 1299, "Workers": []}, {"Node Type": "Hash", "Parent Relationship": "Inner", "Parallel Aware": false, "Async Capable": false, "Startup Cost": 2909.46, "Total Cost": 2909.46, "Plan Rows": 10944, "Plan Width": 4, "Actual Rows": 11092, "Actual Loops": 2, "Hash Buckets": 16384, "Original Hash Buckets": 16384, "Hash Batches": 1, "Original Hash Batches": 1, "Peak Memory Usage": 518, "Workers": [], "Plans": [{"Node Type": "Seq Scan", "Parent Relationship": "Outer", "Parallel Aware": false, "Async Capable": false, "Relation Name": "posts", "Alias": "p", "Startup Cost": 0.0, "Total Cost": 2909.46, "Plan Rows": 10944, "Plan Width": 4, "Actual Rows": 11092, "Actual Loops": 2, "Filter": "((score <= 44) AND (favoritecount >= 0) AND (favoritecount <= 3) AND (creationdate >= '2010-08-11 13:53:56'::timestamp without time zone) AND (creationdate <= '2014-09-03 11:52:36'::timestamp without time zone))", "Rows Removed by Filter": 80884, "Workers": []}]}]}, {"Node Type": "Index Scan", "Parent Relationship": "Inner", "Parallel Aware": false, "Async Capable": false, "Scan Direction": "Forward", "Index Name": "idx_comments_postid", "Relation Name": "comments", "Alias": "c", "Startup Cost": 0.42, "Total Cost": 1.08, "Plan Rows": 3, "Plan Width": 4, "Actual Rows": 3, "Actual Loops": 6334, "Index Cond": "(postid = p.id)", "Rows Removed by Index Recheck": 0, "Filter": "(creationdate >= '2010-08-01 12:12:41'::timestamp without time zone)", "Rows Removed by Filter": 0, "Workers": []}]}, {"Node Type": "Index Scan", "Parent Relationship": "Inner", "Parallel Aware": false, "Async Capable": false, "Scan Direction": "Forward", "Index Name": "idx_votes_postid", "Relation Name": "votes", "Alias": "v", "Startup Cost": 0.42, "Total Cost": 0.58, "Plan Rows": 5, "Plan Width": 4, "Actual Rows": 6, "Actual Loops": 21188, "Index Cond": "(postid = c.postid)", "Rows Removed by Index Recheck": 0, "Filter": "(creationdate <= '2014-09-11 00:00:00'::timestamp without time zone)", "Rows Removed by Filter": 0, "Workers": []}]}]}]}]}]}]}, "Planning Time": 11.269, "Triggers": [], "Execution Time": 220.796}, {"Plan": {"Node Type": "Aggregate", "Strategy": "Plain", "Partial Mode": "Simple", "Parallel Aware": false, "Async Capable": false, "Startup Cost": 33485.84, "Total Cost": 33485.85, "Plan Rows": 1, "Plan Width": 8, "Actual Rows": 1, "Actual Loops": 1, "Plans": [{"Node Type": "Hash Join", "Parent Relationship": "Outer", "Parallel Aware": false, "Async Capable": false, "Join Type": "Inner", "Startup Cost": 10297.53, "Total Cost": 33422.76, "Plan Rows": 25233, "Plan Width": 0, "Actual Rows": 454094, "Actual Loops": 1, "Inner Unique": false, "Hash Cond": "(pl.postid = p.id)", "Plans": [{"Node Type": "Nested Loop", "Parent Relationship": "Outer", "Parallel Aware": false, "Async Capable": false, "Join Type": "Inner", "Startup Cost": 1.32, "Total Cost": 21252.28, "Plan Rows": 185788, "Plan Width": 12, "Actual Rows": 262343, "Actual Loops": 1, "Inner Unique": false, "Plans": [{"Node Type": "Merge Join", "Parent Relationship": "Outer", "Parallel Aware": false, "Async Capable": false, "Join Type": "Inner", "Startup Cost": 0.89, "Total Cost": 7096.53, "Plan Rows": 33129, "Plan Width": 8, "Actual Rows": 31580, "Actual Loops": 1, "Inner Unique": false, "Merge Cond": "(pl.postid = c.postid)", "Plans": [{"Node Type": "Index Scan", "Parent Relationship": "Outer", "Parallel Aware": false, "Async Capable": false, "Scan Direction": "Forward", "Index Name": "idx_postlinks_postid", "Relation Name": "postlinks", "Alias": "pl", "Startup Cost": 0.29, "Total Cost": 450.8, "Plan Rows": 9788, "Plan Width": 4, "Actual Rows": 9803, "Actual Loops": 1, "Filter": "((creationdate <= '2014-08-11 17:26:31'::timestamp without time zone) AND (linktypeid = 1))", "Rows Removed by Filter": 1299}, {"Node Type": "Index Scan", "Parent Relationship": "Inner", "Parallel Aware": false, "Async Capable": false, "Scan Direction": "Forward", "Index Name": "idx_comments_postid", "Relation Name": "comments", "Alias": "c", "Startup Cost": 0.42, "Total Cost": 5857.0, "Plan Rows": 173417, "Plan Width": 4, "Actual Rows": 177473, "Actual Loops": 1, "Filter": "(creationdate >= '2010-08-01 12:12:41'::timestamp without time zone)", "Rows Removed by Filter": 912}]}, {"Node Type": "Memoize", "Parent Relationship": "Inner", "Parallel Aware": false, "Async Capable": false, "Startup Cost": 0.43, "Total Cost": 1.62, "Plan Rows": 5, "Plan Width": 4, "Actual Rows": 8, "Actual Loops": 31580, "Cache Key": "pl.postid", "Cache Mode": "logical", "Cache Hits": 25995, "Cache Misses": 5585, "Cache Evictions": 0, "Cache Overflows": 0, "Peak Memory Usage": 1619, "Plans": [{"Node Type": "Index Scan", "Parent Relationship": "Outer", "Parallel Aware": false, "Async Capable": false, "Scan Direction": "Forward", "Index Name": "idx_votes_postid", "Relation Name": "votes", "Alias": "v", "Startup Cost": 0.42, "Total Cost": 1.61, "Plan Rows": 5, "Plan Width": 4, "Actual Rows": 6, "Actual Loops": 5585, "Index Cond": "(postid = pl.postid)", "Rows Removed by Index Recheck": 0, "Filter": "(creationdate <= '2014-09-11 00:00:00'::timestamp without time zone)", "Rows Removed by Filter": 0}]}]}, {"Node Type": "Hash", "Parent Relationship": "Inner", "Parallel Aware": false, "Async Capable": false, "Startup Cost": 9854.94, "Total Cost": 9854.94, "Plan Rows": 35302, "Plan Width": 8, "Actual Rows": 61284, "Actual Loops": 1, "Hash Buckets": 65536, "Original Hash Buckets": 65536, "Hash Batches": 1, "Original Hash Batches": 1, "Peak Memory Usage": 2906, "Plans": [{"Node Type": "Hash Join", "Parent Relationship": "Outer", "Parallel Aware": false, "Async Capable": false, "Join Type": "Inner", "Startup Cost": 3046.26, "Total Cost": 9854.94, "Plan Rows": 35302, "Plan Width": 8, "Actual Rows": 61284, "Actual Loops": 1, "Inner Unique": true, "Hash Cond": "(ph.postid = p.id)", "Plans": [{"Node Type": "Seq Scan", "Parent Relationship": "Outer", "Parallel Aware": false, "Async Capable": false, "Relation Name": "posthistory", "Alias": "ph", "Startup Cost": 0.0, "Total Cost": 6029.84, "Plan Rows": 296689, "Plan Width": 4, "Actual Rows": 296815, "Actual Loops": 1, "Filter": "(creationdate >= '2010-09-20 19:11:45'::timestamp without time zone)", "Rows Removed by Filter": 6372}, {"Node Type": "Hash", "Parent Relationship": "Inner", "Parallel Aware": false, "Async Capable": false, "Startup Cost": 2909.46, "Total Cost": 2909.46, "Plan Rows": 10944, "Plan Width": 4, "Actual Rows": 11092, "Actual Loops": 1, "Hash Buckets": 16384, "Original Hash Buckets": 16384, "Hash Batches": 1, "Original Hash Batches": 1, "Peak Memory Usage": 518, "Plans": [{"Node Type": "Seq Scan", "Parent Relationship": "Outer", "Parallel Aware": false, "Async Capable": false, "Relation Name": "posts", "Alias": "p", "Startup Cost": 0.0, "Total Cost": 2909.46, "Plan Rows": 10944, "Plan Width": 4, "Actual Rows": 11092, "Actual Loops": 1, "Filter": "((score <= 44) AND (favoritecount >= 0) AND (favoritecount <= 3) AND (creationdate >= '2010-08-11 13:53:56'::timestamp without time zone) AND (creationdate <= '2014-09-03 11:52:36'::timestamp without time zone))", "Rows Removed by Filter": 80884}]}]}]}]}]}, "Planning Time": 6.459, "Triggers": [], "Execution Time": 494.363}, {"Plan": {"Node Type": "Aggregate", "Strategy": "Plain", "Partial Mode": "Finalize", "Parallel Aware": false, "Async Capable": false, "Startup Cost": 22788.8, "Total Cost": 22788.81, "Plan Rows": 1, "Plan Width": 8, "Actual Rows": 1, "Actual Loops": 1, "Plans": [{"Node Type": "Gather", "Parent Relationship": "Outer", "Parallel Aware": false, "Async Capable": false, "Startup Cost": 22788.69, "Total Cost": 22788.8, "Plan Rows": 1, "Plan Width": 8, "Actual Rows": 2, "Actual Loops": 1, "Workers Planned": 1, "Workers Launched": 1, "Single Copy": false, "Plans": [{"Node Type": "Aggregate", "Strategy": "Plain", "Partial Mode": "Partial", "Parent Relationship": "Outer", "Parallel Aware": false, "Async Capable": false, "Startup Cost": 21788.69, "Total Cost": 21788.7, "Plan Rows": 1, "Plan Width": 8, "Actual Rows": 1, "Actual Loops": 2, "Workers": [], "Plans": [{"Node Type": "Hash Join", "Parent Relationship": "Outer", "Parallel Aware": false, "Async Capable": false, "Join Type": "Inner", "Startup Cost": 11818.98, "Total Cost": 21751.58, "Plan Rows": 14843, "Plan Width": 0, "Actual Rows": 227047, "Actual Loops": 2, "Inner Unique": false, "Hash Cond": "(ph.postid = p.id)", "Workers": [], "Plans": [{"Node Type": "Hash Join", "Parent Relationship": "Outer", "Parallel Aware": true, "Async Capable": false, "Join Type": "Inner", "Startup Cost": 6650.85, "Total Cost": 14973.52, "Plan Rows": 383208, "Plan Width": 8, "Actual Rows": 345522, "Actual Loops": 2, "Inner Unique": false, "Hash Cond": "(c.postid = ph.postid)", "Workers": [], "Plans": [{"Node Type": "Seq Scan", "Parent Relationship": "Outer", "Parallel Aware": true, "Async Capable": false, "Relation Name": "comments", "Alias": "c", "Startup Cost": 0.0, "Total Cost": 2625.65, "Plan Rows": 102010, "Plan Width": 4, "Actual Rows": 86709, "Actual Loops": 2, "Filter": "(creationdate >= '2010-08-01 12:12:41'::timestamp without time zone)", "Rows Removed by Filter": 444, "Workers": []}, {"Node Type": "Hash", "Parent Relationship": "Inner", "Parallel Aware": true, "Async Capable": false, "Startup Cost": 4469.32, "Total Cost": 4469.32, "Plan Rows": 174523, "Plan Width": 4, "Actual Rows": 148408, "Actual Loops": 2, "Hash Buckets": 524288, "Original Hash Buckets": 524288, "Hash Batches": 1, "Original Hash Batches": 1, "Peak Memory Usage": 15744, "Workers": [], "Plans": [{"Node Type": "Seq Scan", "Parent Relationship": "Outer", "Parallel Aware": true, "Async Capable": false, "Relation Name": "posthistory", "Alias": "ph", "Startup Cost": 0.0, "Total Cost": 4469.32, "Plan Rows": 174523, "Plan Width": 4, "Actual Rows": 148408, "Actual Loops": 2, "Filter": "(creationdate >= '2010-09-20 19:11:45'::timestamp without time zone)", "Rows Removed by Filter": 3186, "Workers": []}]}]}, {"Node Type": "Hash", "Parent Relationship": "Inner", "Parallel Aware": false, "Async Capable": false, "Startup Cost": 5116.25, "Total Cost": 5116.25, "Plan Rows": 4150, "Plan Width": 12, "Actual Rows": 18097, "Actual Loops": 2, "Hash Buckets": 32768, "Original Hash Buckets": 8192, "Hash Batches": 1, "Original Hash Batches": 1, "Peak Memory Usage": 1034, "Workers": [], "Plans": [{"Node Type": "Nested Loop", "Parent Relationship": "Outer", "Parallel Aware": false, "Async Capable": false, "Join Type": "Inner", "Startup Cost": 3046.68, "Total Cost": 5116.25, "Plan Rows": 4150, "Plan Width": 12, "Actual Rows": 18097, "Actual Loops": 2, "Inner Unique": false, "Workers": [], "Plans": [{"Node Type": "Hash Join", "Parent Relationship": "Outer", "Parallel Aware": false, "Async Capable": false, "Join Type": "Inner", "Startup Cost": 3046.26, "Total Cost": 3320.48, "Plan Rows": 1165, "Plan Width": 8, "Actual Rows": 3167, "Actual Loops": 2, "Inner Unique": true, "Hash Cond": "(pl.postid = p.id)", "Workers": [], "Plans": [{"Node Type": "Seq Scan", "Parent Relationship": "Outer", "Parallel Aware": false, "Async Capable": false, "Relation Name": "postlinks", "Alias": "pl", "Startup Cost": 0.0, "Total Cost": 248.53, "Plan Rows": 9788, "Plan Width": 4, "Actual Rows": 9803, "Actual Loops": 2, "Filter": "((creationdate <= '2014-08-11 17:26:31'::timestamp without time zone) AND (linktypeid = 1))", "Rows Removed by Filter": 1299, "Workers": []}, {"Node Type": "Hash", "Parent Relationship": "Inner", "Parallel Aware": false, "Async Capable": false, "Startup Cost": 2909.46, "Total Cost": 2909.46, "Plan Rows": 10944, "Plan Width": 4, "Actual Rows": 11092, "Actual Loops": 2, "Hash Buckets": 16384, "Original Hash Buckets": 16384, "Hash Batches": 1, "Original Hash Batches": 1, "Peak Memory Usage": 518, "Workers": [], "Plans": [{"Node Type": "Seq Scan", "Parent Relationship": "Outer", "Parallel Aware": false, "Async Capable": false, "Relation Name": "posts", "Alias": "p", "Startup Cost": 0.0, "Total Cost": 2909.46, "Plan Rows": 10944, "Plan Width": 4, "Actual Rows": 11092, "Actual Loops": 2, "Filter": "((score <= 44) AND (favoritecount >= 0) AND (favoritecount <= 3) AND (creationdate >= '2010-08-11 13:53:56'::timestamp without time zone) AND (creationdate <= '2014-09-03 11:52:36'::timestamp without time zone))", "Rows Removed by Filter": 80884, "Workers": []}]}]}, {"Node Type": "Index Scan", "Parent Relationship": "Inner", "Parallel Aware": false, "Async Capable": false, "Scan Direction": "Forward", "Index Name": "idx_votes_postid", "Relation Name": "votes", "Alias": "v", "Startup Cost": 0.42, "Total Cost": 1.49, "Plan Rows": 5, "Plan Width": 4, "Actual Rows": 6, "Actual Loops": 6334, "Index Cond": "(postid = p.id)", "Rows Removed by Index Recheck": 0, "Filter": "(creationdate <= '2014-09-11 00:00:00'::timestamp without time zone)", "Rows Removed by Filter": 0, "Workers": []}]}]}]}]}]}]}, "Planning Time": 12.314, "Triggers": [], "Execution Time": 365.127}, {"Plan": {"Node Type": "Aggregate", "Strategy": "Plain", "Partial Mode": "Simple", "Parallel Aware": false, "Async Capable": false, "Startup Cost": 31196.81, "Total Cost": 31196.82, "Plan Rows": 1, "Plan Width": 8, "Actual Rows": 1, "Actual Loops": 1, "Plans": [{"Node Type": "Hash Join", "Parent Relationship": "Outer", "Parallel Aware": false, "Async Capable": false, "Join Type": "Inner", "Startup Cost": 10656.02, "Total Cost": 31133.73, "Plan Rows": 25233, "Plan Width": 0, "Actual Rows": 454094, "Actual Loops": 1, "Inner Unique": false, "Hash Cond": "(pl.postid = p.id)", "Plans": [{"Node Type": "Merge Join", "Parent Relationship": "Outer", "Parallel Aware": false, "Async Capable": false, "Join Type": "Inner", "Startup Cost": 1.63, "Total Cost": 19005.91, "Plan Rows": 125522, "Plan Width": 12, "Actual Rows": 194687, "Actual Loops": 1, "Inner Unique": false, "Merge Cond": "(pl.postid = ph.postid)", "Plans": [{"Node Type": "Merge Join", "Parent Relationship": "Outer", "Parallel Aware": false, "Async Capable": false, "Join Type": "Inner", "Startup Cost": 0.89, "Total Cost": 7096.53, "Plan Rows": 33129, "Plan Width": 8, "Actual Rows": 31580, "Actual Loops": 1, "Inner Unique": false, "Merge Cond": "(pl.postid = c.postid)", "Plans": [{"Node Type": "Index Scan", "Parent Relationship": "Outer", "Parallel Aware": false, "Async Capable": false, "Scan Direction": "Forward", "Index Name": "idx_postlinks_postid", "Relation Name": "postlinks", "Alias": "pl", "Startup Cost": 0.29, "Total Cost": 450.8, "Plan Rows": 9788, "Plan Width": 4, "Actual Rows": 9803, "Actual Loops": 1, "Filter": "((creationdate <= '2014-08-11 17:26:31'::timestamp without time zone) AND (linktypeid = 1))", "Rows Removed by Filter": 1299}, {"Node Type": "Index Scan", "Parent Relationship": "Inner", "Parallel Aware": false, "Async Capable": false, "Scan Direction": "Forward", "Index Name": "idx_comments_postid", "Relation Name": "comments", "Alias": "c", "Startup Cost": 0.42, "Total Cost": 5857.0, "Plan Rows": 173417, "Plan Width": 4, "Actual Rows": 177473, "Actual Loops": 1, "Filter": "(creationdate >= '2010-08-01 12:12:41'::timestamp without time zone)", "Rows Removed by Filter": 912}]}, {"Node Type": "Index Scan", "Parent Relationship": "Inner", "Parallel Aware": false, "Async Capable": false, "Scan Direction": "Forward", "Index Name": "idx_posthistory_postid", "Relation Name": "posthistory", "Alias": "ph", "Startup Cost": 0.42, "Total Cost": 9831.47, "Plan Rows": 296689, "Plan Width": 4, "Actual Rows": 448621, "Actual Loops": 1, "Filter": "(creationdate >= '2010-09-20 19:11:45'::timestamp without time zone)", "Rows Removed by Filter": 8947}]}, {"Node Type": "Hash", "Parent Relationship": "Inner", "Parallel Aware": false, "Async Capable": false, "Startup Cost": 10167.1, "Total Cost": 10167.1, "Plan Rows": 38983, "Plan Width": 8, "Actual Rows": 56627, "Actual Loops": 1, "Hash Buckets": 65536, "Original Hash Buckets": 65536, "Hash Batches": 1, "Original Hash Batches": 1, "Peak Memory Usage": 2724, "Plans": [{"Node Type": "Hash Join", "Parent Relationship": "Outer", "Parallel Aware": false, "Async Capable": false, "Join Type": "Inner", "Startup Cost": 3046.26, "Total Cost": 10167.1, "Plan Rows": 38983, "Plan Width": 8, "Actual Rows": 56627, "Actual Loops": 1, "Inner Unique": true, "Hash Cond": "(v.postid = p.id)", "Plans": [{"Node Type": "Seq Scan", "Parent Relationship": "Outer", "Parallel Aware": false, "Async Capable": false, "Relation Name": "votes", "Alias": "v", "Startup Cost": 0.0, "Total Cost": 6260.8, "Plan Rows": 327619, "Plan Width": 4, "Actual Rows": 327569, "Actual Loops": 1, "Filter": "(creationdate <= '2014-09-11 00:00:00'::timestamp without time zone)", "Rows Removed by Filter": 495}, {"Node Type": "Hash", "Parent Relationship": "Inner", "Parallel Aware": false, "Async Capable": false, "Startup Cost": 2909.46, "Total Cost": 2909.46, "Plan Rows": 10944, "Plan Width": 4, "Actual Rows": 11092, "Actual Loops": 1, "Hash Buckets": 16384, "Original Hash Buckets": 16384, "Hash Batches": 1, "Original Hash Batches": 1, "Peak Memory Usage": 518, "Plans": [{"Node Type": "Seq Scan", "Parent Relationship": "Outer", "Parallel Aware": false, "Async Capable": false, "Relation Name": "posts", "Alias": "p", "Startup Cost": 0.0, "Total Cost": 2909.46, "Plan Rows": 10944, "Plan Width": 4, "Actual Rows": 11092, "Actual Loops": 1, "Filter": "((score <= 44) AND (favoritecount >= 0) AND (favoritecount <= 3) AND (creationdate >= '2010-08-11 13:53:56'::timestamp without time zone) AND (creationdate <= '2014-09-03 11:52:36'::timestamp without time zone))", "Rows Removed by Filter": 80884}]}]}]}]}]}, "Planning Time": 6.439, "Triggers": [], "Execution Time": 569.748}, {"Plan": {"Node Type": "Aggregate", "Strategy": "Plain", "Partial Mode": "Finalize", "Parallel Aware": false, "Async Capable": false, "Startup Cost": 11816.97, "Total Cost": 11816.98, "Plan Rows": 1, "Plan Width": 8, "Actual Rows": 1, "Actual Loops": 1, "Plans": [{"Node Type": "Gather", "Parent Relationship": "Outer", "Parallel Aware": false, "Async Capable": false, "Startup Cost": 11816.86, "Total Cost": 11816.97, "Plan Rows": 1, "Plan Width": 8, "Actual Rows": 2, "Actual Loops": 1, "Workers Planned": 1, "Workers Launched": 1, "Single Copy": false, "Plans": [{"Node Type": "Aggregate", "Strategy": "Plain", "Partial Mode": "Partial", "Parent Relationship": "Outer", "Parallel Aware": false, "Async Capable": false, "Startup Cost": 10816.86, "Total Cost": 10816.87, "Plan Rows": 1, "Plan Width": 8, "Actual Rows": 1, "Actual Loops": 2, "Workers": [], "Plans": [{"Node Type": "Hash Join", "Parent Relationship": "Outer", "Parallel Aware": false, "Async Capable": false, "Join Type": "Inner", "Startup Cost": 7623.1, "Total Cost": 10779.75, "Plan Rows": 14843, "Plan Width": 0, "Actual Rows": 227047, "Actual Loops": 2, "Inner Unique": false, "Hash Cond": "(c.postid = p.id)", "Workers": [], "Plans": [{"Node Type": "Seq Scan", "Parent Relationship": "Outer", "Parallel Aware": true, "Async Capable": false, "Relation Name": "comments", "Alias": "c", "Startup Cost": 0.0, "Total Cost": 2625.65, "Plan Rows": 102010, "Plan Width": 4, "Actual Rows": 86709, "Actual Loops": 2, "Filter": "(creationdate >= '2010-08-01 12:12:41'::timestamp without time zone)", "Rows Removed by Filter": 444, "Workers": []}, {"Node Type": "Hash", "Parent Relationship": "Inner", "Parallel Aware": false, "Async Capable": false, "Startup Cost": 7455.78, "Total Cost": 7455.78, "Plan Rows": 13386, "Plan Width": 16, "Actual Rows": 114676, "Actual Loops": 2, "Hash Buckets": 131072, "Original Hash Buckets": 16384, "Hash Batches": 1, "Original Hash Batches": 1, "Peak Memory Usage": 6400, "Workers": [], "Plans": [{"Node Type": "Nested Loop", "Parent Relationship": "Outer", "Parallel Aware": false, "Async Capable": false, "Join Type": "Inner", "Startup Cost": 3047.11, "Total Cost": 7455.78, "Plan Rows": 13386, "Plan Width": 16, "Actual Rows": 114676, "Actual Loops": 2, "Inner Unique": false, "Join Filter": "(p.id = v.postid)", "Rows Removed by Join Filter": 0, "Workers": [], "Plans": [{"Node Type": "Nested Loop", "Parent Relationship": "Outer", "Parallel Aware": false, "Async Capable": false, "Join Type": "Inner", "Startup Cost": 3046.68, "Total Cost": 5123.03, "Plan Rows": 3758, "Plan Width": 12, "Actual Rows": 19015, "Actual Loops": 2, "Inner Unique": false, "Workers": [], "Plans": [{"Node Type": "Hash Join", "Parent Relationship": "Outer", "Parallel Aware": false, "Async Capable": false, "Join Type": "Inner", "Startup Cost": 3046.26, "Total Cost": 3320.48, "Plan Rows": 1165, "Plan Width": 8, "Actual Rows": 3167, "Actual Loops": 2, "Inner Unique": true, "Hash Cond": "(pl.postid = p.id)", "Workers": [], "Plans": [{"Node Type": "Seq Scan", "Parent Relationship": "Outer", "Parallel Aware": false, "Async Capable": false, "Relation Name": "postlinks", "Alias": "pl", "Startup Cost": 0.0, "Total Cost": 248.53, "Plan Rows": 9788, "Plan Width": 4, "Actual Rows": 9803, "Actual Loops": 2, "Filter": "((creationdate <= '2014-08-11 17:26:31'::timestamp without time zone) AND (linktypeid = 1))", "Rows Removed by Filter": 1299, "Workers": []}, {"Node Type": "Hash", "Parent Relationship": "Inner", "Parallel Aware": false, "Async Capable": false, "Startup Cost": 2909.46, "Total Cost": 2909.46, "Plan Rows": 10944, "Plan Width": 4, "Actual Rows": 11092, "Actual Loops": 2, "Hash Buckets": 16384, "Original Hash Buckets": 16384, "Hash Batches": 1, "Original Hash Batches": 1, "Peak Memory Usage": 518, "Workers": [], "Plans": [{"Node Type": "Seq Scan", "Parent Relationship": "Outer", "Parallel Aware": false, "Async Capable": false, "Relation Name": "posts", "Alias": "p", "Startup Cost": 0.0, "Total Cost": 2909.46, "Plan Rows": 10944, "Plan Width": 4, "Actual Rows": 11092, "Actual Loops": 2, "Filter": "((score <= 44) AND (favoritecount >= 0) AND (favoritecount <= 3) AND (creationdate >= '2010-08-11 13:53:56'::timestamp without time zone) AND (creationdate <= '2014-09-03 11:52:36'::timestamp without time zone))", "Rows Removed by Filter": 80884, "Workers": []}]}]}, {"Node Type": "Index Scan", "Parent Relationship": "Inner", "Parallel Aware": false, "Async Capable": false, "Scan Direction": "Forward", "Index Name": "idx_posthistory_postid", "Relation Name": "posthistory", "Alias": "ph", "Startup Cost": 0.42, "Total Cost": 1.51, "Plan Rows": 4, "Plan Width": 4, "Actual Rows": 6, "Actual Loops": 6334, "Index Cond": "(postid = p.id)", "Rows Removed by Index Recheck": 0, "Filter": "(creationdate >= '2010-09-20 19:11:45'::timestamp without time zone)", "Rows Removed by Filter": 0, "Workers": []}]}, {"Node Type": "Index Scan", "Parent Relationship": "Inner", "Parallel Aware": false, "Async Capable": false, "Scan Direction": "Forward", "Index Name": "idx_votes_postid", "Relation Name": "votes", "Alias": "v", "Startup Cost": 0.42, "Total Cost": 0.56, "Plan Rows": 5, "Plan Width": 4, "Actual Rows": 6, "Actual Loops": 38030, "Index Cond": "(postid = ph.postid)", "Rows Removed by Index Recheck": 0, "Filter": "(creationdate <= '2014-09-11 00:00:00'::timestamp without time zone)", "Rows Removed by Filter": 0, "Workers": []}]}]}]}]}]}]}, "Planning Time": 11.107, "Triggers": [], "Execution Time": 257.329}, {"Plan": {"Node Type": "Aggregate", "Strategy": "Plain", "Partial Mode": "Simple", "Parallel Aware": false, "Async Capable": false, "Startup Cost": 34495.25, "Total Cost": 34495.26, "Plan Rows": 1, "Plan Width": 8, "Actual Rows": 1, "Actual Loops": 1, "Plans": [{"Node Type": "Hash Join", "Parent Relationship": "Outer", "Parallel Aware": false, "Async Capable": false, "Join Type": "Inner", "Startup Cost": 7283.7, "Total Cost": 34432.17, "Plan Rows": 25233, "Plan Width": 0, "Actual Rows": 454094, "Actual Loops": 1, "Inner Unique": false, "Hash Cond": "(pl.postid = p.id)", "Plans": [{"Node Type": "Merge Join", "Parent Relationship": "Outer", "Parallel Aware": false, "Async Capable": false, "Join Type": "Inner", "Startup Cost": 1.46, "Total Cost": 25643.46, "Plan Rows": 207978, "Plan Width": 12, "Actual Rows": 403975, "Actual Loops": 1, "Inner Unique": false, "Merge Cond": "(pl.postid = ph.postid)", "Plans": [{"Node Type": "Nested Loop", "Parent Relationship": "Outer", "Parallel Aware": false, "Async Capable": false, "Join Type": "Inner", "Startup Cost": 0.72, "Total Cost": 12855.14, "Plan Rows": 54891, "Plan Width": 8, "Actual Rows": 66311, "Actual Loops": 1, "Inner Unique": false, "Plans": [{"Node Type": "Index Scan", "Parent Relationship": "Outer", "Parallel Aware": false, "Async Capable": false, "Scan Direction": "Forward", "Index Name": "idx_postlinks_postid", "Relation Name": "postlinks", "Alias": "pl", "Startup Cost": 0.29, "Total Cost": 450.8, "Plan Rows": 9788, "Plan Width": 4, "Actual Rows": 9803, "Actual Loops": 1, "Filter": "((creationdate <= '2014-08-11 17:26:31'::timestamp without time zone) AND (linktypeid = 1))", "Rows Removed by Filter": 1299}, {"Node Type": "Memoize", "Parent Relationship": "Inner", "Parallel Aware": false, "Async Capable": false, "Startup Cost": 0.43, "Total Cost": 1.62, "Plan Rows": 5, "Plan Width": 4, "Actual Rows": 7, "Actual Loops": 9803, "Cache Key": "pl.postid", "Cache Mode": "logical", "Cache Hits": 2693, "Cache Misses": 7110, "Cache Evictions": 0, "Cache Overflows": 0, "Peak Memory Usage": 1988, "Plans": [{"Node Type": "Index Scan", "Parent Relationship": "Outer", "Parallel Aware": false, "Async Capable": false, "Scan Direction": "Forward", "Index Name": "idx_votes_postid", "Relation Name": "votes", "Alias": "v", "Startup Cost": 0.42, "Total Cost": 1.61, "Plan Rows": 5, "Plan Width": 4, "Actual Rows": 6, "Actual Loops": 7110, "Index Cond": "(postid = pl.postid)", "Rows Removed by Index Recheck": 0, "Filter": "(creationdate <= '2014-09-11 00:00:00'::timestamp without time zone)", "Rows Removed by Filter": 0}]}]}, {"Node Type": "Index Scan", "Parent Relationship": "Inner", "Parallel Aware": false, "Async Capable": false, "Scan Direction": "Forward", "Index Name": "idx_posthistory_postid", "Relation Name": "posthistory", "Alias": "ph", "Startup Cost": 0.42, "Total Cost": 9831.47, "Plan Rows": 296689, "Plan Width": 4, "Actual Rows": 654354, "Actual Loops": 1, "Filter": "(creationdate >= '2010-09-20 19:11:45'::timestamp without time zone)", "Rows Removed by Filter": 54516}]}, {"Node Type": "Hash", "Parent Relationship": "Inner", "Parallel Aware": false, "Async Capable": false, "Startup Cost": 7024.31, "Total Cost": 7024.31, "Plan Rows": 20634, "Plan Width": 8, "Actual Rows": 25695, "Actual Loops": 1, "Hash Buckets": 32768, "Original Hash Buckets": 32768, "Hash Batches": 1, "Original Hash Batches": 1, "Peak Memory Usage": 1260, "Plans": [{"Node Type": "Hash Join", "Parent Relationship": "Outer", "Parallel Aware": false, "Async Capable": false, "Join Type": "Inner", "Startup Cost": 3046.26, "Total Cost": 7024.31, "Plan Rows": 20634, "Plan Width": 8, "Actual Rows": 25695, "Actual Loops": 1, "Inner Unique": true, "Hash Cond": "(c.postid = p.id)", "Plans": [{"Node Type": "Seq Scan", "Parent Relationship": "Outer", "Parallel Aware": false, "Async Capable": false, "Relation Name": "comments", "Alias": "c", "Startup Cost": 0.0, "Total Cost": 3522.81, "Plan Rows": 173417, "Plan Width": 4, "Actual Rows": 173418, "Actual Loops": 1, "Filter": "(creationdate >= '2010-08-01 12:12:41'::timestamp without time zone)", "Rows Removed by Filter": 887}, {"Node Type": "Hash", "Parent Relationship": "Inner", "Parallel Aware": false, "Async Capable": false, "Startup Cost": 2909.46, "Total Cost": 2909.46, "Plan Rows": 10944, "Plan Width": 4, "Actual Rows": 11092, "Actual Loops": 1, "Hash Buckets": 16384, "Original Hash Buckets": 16384, "Hash Batches": 1, "Original Hash Batches": 1, "Peak Memory Usage": 518, "Plans": [{"Node Type": "Seq Scan", "Parent Relationship": "Outer", "Parallel Aware": false, "Async Capable": false, "Relation Name": "posts", "Alias": "p", "Startup Cost": 0.0, "Total Cost": 2909.46, "Plan Rows": 10944, "Plan Width": 4, "Actual Rows": 11092, "Actual Loops": 1, "Filter": "((score <= 44) AND (favoritecount >= 0) AND (favoritecount <= 3) AND (creationdate >= '2010-08-11 13:53:56'::timestamp without time zone) AND (creationdate <= '2014-09-03 11:52:36'::timestamp without time zone))", "Rows Removed by Filter": 80884}]}]}]}]}]}, "Planning Time": 6.259, "Triggers": [], "Execution Time": 593.167}, {"Plan": {"Node Type": "Aggregate", "Strategy": "Plain", "Partial Mode": "Simple", "Parallel Aware": false, "Async Capable": false, "Startup Cost": 43111.12, "Total Cost": 43111.13, "Plan Rows": 1, "Plan Width": 8, "Actual Rows": 1, "Actual Loops": 1, "Plans": [{"Node Type": "Merge Join", "Parent Relationship": "Outer", "Parallel Aware": false, "Async Capable": false, "Join Type": "Inner", "Startup Cost": 5347.02, "Total Cost": 43048.04, "Plan Rows": 25233, "Plan Width": 0, "Actual Rows": 454094, "Actual Loops": 1, "Inner Unique": false, "Merge Cond": "(p.id = v.postid)", "Plans": [{"Node Type": "Sort", "Parent Relationship": "Outer", "Parallel Aware": false, "Async Capable": false, "Startup Cost": 5346.18, "Total Cost": 5355.57, "Plan Rows": 3758, "Plan Width": 12, "Actual Rows": 19015, "Actual Loops": 1, "Sort Key": ["p.id"], "Sort Method": "quicksort", "Sort Space Used": 1511, "Sort Space Type": "Memory", "Plans": [{"Node Type": "Nested Loop", "Parent Relationship": "Outer", "Parallel Aware": false, "Async Capable": false, "Join Type": "Inner", "Startup Cost": 3046.68, "Total Cost": 5123.03, "Plan Rows": 3758, "Plan Width": 12, "Actual Rows": 19015, "Actual Loops": 1, "Inner Unique": false, "Plans": [{"Node Type": "Hash Join", "Parent Relationship": "Outer", "Parallel Aware": false, "Async Capable": false, "Join Type": "Inner", "Startup Cost": 3046.26, "Total Cost": 3320.48, "Plan Rows": 1165, "Plan Width": 8, "Actual Rows": 3167, "Actual Loops": 1, "Inner Unique": true, "Hash Cond": "(pl.postid = p.id)", "Plans": [{"Node Type": "Seq Scan", "Parent Relationship": "Outer", "Parallel Aware": false, "Async Capable": false, "Relation Name": "postlinks", "Alias": "pl", "Startup Cost": 0.0, "Total Cost": 248.53, "Plan Rows": 9788, "Plan Width": 4, "Actual Rows": 9803, "Actual Loops": 1, "Filter": "((creationdate <= '2014-08-11 17:26:31'::timestamp without time zone) AND (linktypeid = 1))", "Rows Removed by Filter": 1299}, {"Node Type": "Hash", "Parent Relationship": "Inner", "Parallel Aware": false, "Async Capable": false, "Startup Cost": 2909.46, "Total Cost": 2909.46, "Plan Rows": 10944, "Plan Width": 4, "Actual Rows": 11092, "Actual Loops": 1, "Hash Buckets": 16384, "Original Hash Buckets": 16384, "Hash Batches": 1, "Original Hash Batches": 1, "Peak Memory Usage": 518, "Plans": [{"Node Type": "Seq Scan", "Parent Relationship": "Outer", "Parallel Aware": false, "Async Capable": false, "Relation Name": "posts", "Alias": "p", "Startup Cost": 0.0, "Total Cost": 2909.46, "Plan Rows": 10944, "Plan Width": 4, "Actual Rows": 11092, "Actual Loops": 1, "Filter": "((score <= 44) AND (favoritecount >= 0) AND (favoritecount <= 3) AND (creationdate >= '2010-08-11 13:53:56'::timestamp without time zone) AND (creationdate <= '2014-09-03 11:52:36'::timestamp without time zone))", "Rows Removed by Filter": 80884}]}]}, {"Node Type": "Index Scan", "Parent Relationship": "Inner", "Parallel Aware": false, "Async Capable": false, "Scan Direction": "Forward", "Index Name": "idx_posthistory_postid", "Relation Name": "posthistory", "Alias": "ph", "Startup Cost": 0.42, "Total Cost": 1.51, "Plan Rows": 4, "Plan Width": 4, "Actual Rows": 6, "Actual Loops": 3167, "Index Cond": "(postid = p.id)", "Rows Removed by Index Recheck": 0, "Filter": "(creationdate >= '2010-09-20 19:11:45'::timestamp without time zone)", "Rows Removed by Filter": 0}]}]}, {"Node Type": "Materialize", "Parent Relationship": "Inner", "Parallel Aware": false, "Async Capable": false, "Startup Cost": 0.84, "Total Cost": 35032.5, "Plan Rows": 911292, "Plan Width": 8, "Actual Rows": 1242374, "Actual Loops": 1, "Plans": [{"Node Type": "Merge Join", "Parent Relationship": "Outer", "Parallel Aware": false, "Async Capable": false, "Join Type": "Inner", "Startup Cost": 0.84, "Total Cost": 32754.27, "Plan Rows": 911292, "Plan Width": 8, "Actual Rows": 831089, "Actual Loops": 1, "Inner Unique": false, "Merge Cond": "(c.postid = v.postid)", "Plans": [{"Node Type": "Index Scan", "Parent Relationship": "Outer", "Parallel Aware": false, "Async Capable": false, "Scan Direction": "Forward", "Index Name": "idx_comments_postid", "Relation Name": "comments", "Alias": "c", "Startup Cost": 0.42, "Total Cost": 5857.0, "Plan Rows": 173417, "Plan Width": 4, "Actual Rows": 167303, "Actual Loops": 1, "Filter": "(creationdate >= '2010-08-01 12:12:41'::timestamp without time zone)", "Rows Removed by Filter": 887}, {"Node Type": "Materialize", "Parent Relationship": "Inner", "Parallel Aware": false, "Async Capable": false, "Startup Cost": 0.42, "Total Cost": 13613.47, "Plan Rows": 327619, "Plan Width": 4, "Actual Rows": 932353, "Actual Loops": 1, "Plans": [{"Node Type": "Index Scan", "Parent Relationship": "Outer", "Parallel Aware": false, "Async Capable": false, "Scan Direction": "Forward", "Index Name": "idx_votes_postid", "Relation Name": "votes", "Alias": "v", "Startup Cost": 0.42, "Total Cost": 12794.42, "Plan Rows": 327619, "Plan Width": 4, "Actual Rows": 321718, "Actual Loops": 1, "Filter": "(creationdate <= '2014-09-11 00:00:00'::timestamp without time zone)", "Rows Removed by Filter": 173}]}]}]}]}]}, "Planning Time": 6.513, "Triggers": [], "Execution Time": 836.111}, {"Plan": {"Node Type": "Aggregate", "Strategy": "Plain", "Partial Mode": "Finalize", "Parallel Aware": false, "Async Capable": false, "Startup Cost": 40393.86, "Total Cost": 40393.87, "Plan Rows": 1, "Plan Width": 8, "Actual Rows": 1, "Actual Loops": 1, "Plans": [{"Node Type": "Gather", "Parent Relationship": "Outer", "Parallel Aware": false, "Async Capable": false, "Startup Cost": 40393.75, "Total Cost": 40393.86, "Plan Rows": 1, "Plan Width": 8, "Actual Rows": 2, "Actual Loops": 1, "Workers Planned": 1, "Workers Launched": 1, "Single Copy": false, "Plans": [{"Node Type": "Aggregate", "Strategy": "Plain", "Partial Mode": "Partial", "Parent Relationship": "Outer", "Parallel Aware": false, "Async Capable": false, "Startup Cost": 39393.75, "Total Cost": 39393.76, "Plan Rows": 1, "Plan Width": 8, "Actual Rows": 1, "Actual Loops": 2, "Workers": [], "Plans": [{"Node Type": "Merge Join", "Parent Relationship": "Outer", "Parallel Aware": false, "Async Capable": false, "Join Type": "Inner", "Startup Cost": 4736.96, "Total Cost": 39356.64, "Plan Rows": 14843, "Plan Width": 0, "Actual Rows": 227047, "Actual Loops": 2, "Inner Unique": false, "Merge Cond": "(v.postid = p.id)", "Workers": [], "Plans": [{"Node Type": "Merge Join", "Parent Relationship": "Outer", "Parallel Aware": false, "Async Capable": false, "Join Type": "Inner", "Startup Cost": 0.84, "Total Cost": 32520.84, "Plan Rows": 734634, "Plan Width": 8, "Actual Rows": 602780, "Actual Loops": 2, "Inner Unique": false, "Merge Cond": "(ph.postid = v.postid)", "Workers": [], "Plans": [{"Node Type": "Index Scan", "Parent Relationship": "Outer", "Parallel Aware": true, "Async Capable": false, "Scan Direction": "Forward", "Index Name": "idx_posthistory_postid", "Relation Name": "posthistory", "Alias": "ph", "Startup Cost": 0.42, "Total Cost": 8270.95, "Plan Rows": 174523, "Plan Width": 4, "Actual Rows": 142471, "Actual Loops": 2, "Filter": "(creationdate >= '2010-09-20 19:11:45'::timestamp without time zone)", "Rows Removed by Filter": 3186, "Workers": []}, {"Node Type": "Materialize", "Parent Relationship": "Inner", "Parallel Aware": false, "Async Capable": false, "Startup Cost": 0.42, "Total Cost": 13613.47, "Plan Rows": 327619, "Plan Width": 4, "Actual Rows": 772198, "Actual Loops": 2, "Workers": [], "Plans": [{"Node Type": "Index Scan", "Parent Relationship": "Outer", "Parallel Aware": false, "Async Capable": false, "Scan Direction": "Forward", "Index Name": "idx_votes_postid", "Relation Name": "votes", "Alias": "v", "Startup Cost": 0.42, "Total Cost": 12794.42, "Plan Rows": 327619, "Plan Width": 4, "Actual Rows": 321732, "Actual Loops": 2, "Filter": "(creationdate <= '2014-09-11 00:00:00'::timestamp without time zone)", "Rows Removed by Filter": 173, "Workers": []}]}]}, {"Node Type": "Sort", "Parent Relationship": "Inner", "Parallel Aware": false, "Async Capable": false, "Startup Cost": 4736.11, "Total Cost": 4741.6, "Plan Rows": 2196, "Plan Width": 12, "Actual Rows": 232421, "Actual Loops": 2, "Sort Key": ["c.postid"], "Sort Method": "quicksort", "Sort Space Used": 798, "Sort Space Type": "Memory", "Workers": [{"Worker Number": 0, "Sort Method": "quicksort", "Sort Space Used": 798, "Sort Space Type": "Memory"}], "Plans": [{"Node Type": "Nested Loop", "Parent Relationship": "Outer", "Parallel Aware": false, "Async Capable": false, "Join Type": "Inner", "Startup Cost": 3046.68, "Total Cost": 4614.23, "Plan Rows": 2196, "Plan Width": 12, "Actual Rows": 10594, "Actual Loops": 2, "Inner Unique": false, "Workers": [], "Plans": [{"Node Type": "Hash Join", "Parent Relationship": "Outer", "Parallel Aware": false, "Async Capable": false, "Join Type": "Inner", "Startup Cost": 3046.26, "Total Cost": 3320.48, "Plan Rows": 1165, "Plan Width": 8, "Actual Rows": 3167, "Actual Loops": 2, "Inner Unique": true, "Hash Cond": "(pl.postid = p.id)", "Workers": [], "Plans": [{"Node Type": "Seq Scan", "Parent Relationship": "Outer", "Parallel Aware": false, "Async Capable": false, "Relation Name": "postlinks", "Alias": "pl", "Startup Cost": 0.0, "Total Cost": 248.53, "Plan Rows": 9788, "Plan Width": 4, "Actual Rows": 9803, "Actual Loops": 2, "Filter": "((creationdate <= '2014-08-11 17:26:31'::timestamp without time zone) AND (linktypeid = 1))", "Rows Removed by Filter": 1299, "Workers": []}, {"Node Type": "Hash", "Parent Relationship": "Inner", "Parallel Aware": false, "Async Capable": false, "Startup Cost": 2909.46, "Total Cost": 2909.46, "Plan Rows": 10944, "Plan Width": 4, "Actual Rows": 11092, "Actual Loops": 2, "Hash Buckets": 16384, "Original Hash Buckets": 16384, "Hash Batches": 1, "Original Hash Batches": 1, "Peak Memory Usage": 518, "Workers": [], "Plans": [{"Node Type": "Seq Scan", "Parent Relationship": "Outer", "Parallel Aware": false, "Async Capable": false, "Relation Name": "posts", "Alias": "p", "Startup Cost": 0.0, "Total Cost": 2909.46, "Plan Rows": 10944, "Plan Width": 4, "Actual Rows": 11092, "Actual Loops": 2, "Filter": "((score <= 44) AND (favoritecount >= 0) AND (favoritecount <= 3) AND (creationdate >= '2010-08-11 13:53:56'::timestamp without time zone) AND (creationdate <= '2014-09-03 11:52:36'::timestamp without time zone))", "Rows Removed by Filter": 80884, "Workers": []}]}]}, {"Node Type": "Index Scan", "Parent Relationship": "Inner", "Parallel Aware": false, "Async Capable": false, "Scan Direction": "Forward", "Index Name": "idx_comments_postid", "Relation Name": "comments", "Alias": "c", "Startup Cost": 0.42, "Total Cost": 1.08, "Plan Rows": 3, "Plan Width": 4, "Actual Rows": 3, "Actual Loops": 6334, "Index Cond": "(postid = p.id)", "Rows Removed by Index Recheck": 0, "Filter": "(creationdate >= '2010-08-01 12:12:41'::timestamp without time zone)", "Rows Removed by Filter": 0, "Workers": []}]}]}]}]}]}]}, "Planning Time": 13.075, "Triggers": [], "Execution Time": 648.69}, {"Plan": {"Node Type": "Aggregate", "Strategy": "Plain", "Partial Mode": "Simple", "Parallel Aware": false, "Async Capable": false, "Startup Cost": 29955.21, "Total Cost": 29955.22, "Plan Rows": 1, "Plan Width": 8, "Actual Rows": 1, "Actual Loops": 1, "Plans": [{"Node Type": "Hash Join", "Parent Relationship": "Outer", "Parallel Aware": false, "Async Capable": false, "Join Type": "Inner", "Startup Cost": 16293.55, "Total Cost": 29892.13, "Plan Rows": 25233, "Plan Width": 0, "Actual Rows": 454094, "Actual Loops": 1, "Inner Unique": false, "Hash Cond": "(pl.postid = p.id)", "Plans": [{"Node Type": "Nested Loop", "Parent Relationship": "Outer", "Parallel Aware": false, "Async Capable": false, "Join Type": "Inner", "Startup Cost": 0.43, "Total Cost": 12652.87, "Plan Rows": 54891, "Plan Width": 8, "Actual Rows": 66311, "Actual Loops": 1, "Inner Unique": false, "Plans": [{"Node Type": "Seq Scan", "Parent Relationship": "Outer", "Parallel Aware": false, "Async Capable": false, "Relation Name": "postlinks", "Alias": "pl", "Startup Cost": 0.0, "Total Cost": 248.53, "Plan Rows": 9788, "Plan Width": 4, "Actual Rows": 9803, "Actual Loops": 1, "Filter": "((creationdate <= '2014-08-11 17:26:31'::timestamp without time zone) AND (linktypeid = 1))", "Rows Removed by Filter": 1299}, {"Node Type": "Memoize", "Parent Relationship": "Inner", "Parallel Aware": false, "Async Capable": false, "Startup Cost": 0.43, "Total Cost": 1.62, "Plan Rows": 5, "Plan Width": 4, "Actual Rows": 7, "Actual Loops": 9803, "Cache Key": "pl.postid", "Cache Mode": "logical", "Cache Hits": 2693, "Cache Misses": 7110, "Cache Evictions": 0, "Cache Overflows": 0, "Peak Memory Usage": 1988, "Plans": [{"Node Type": "Index Scan", "Parent Relationship": "Outer", "Parallel Aware": false, "Async Capable": false, "Scan Direction": "Forward", "Index Name": "idx_votes_postid", "Relation Name": "votes", "Alias": "v", "Startup Cost": 0.42, "Total Cost": 1.61, "Plan Rows": 5, "Plan Width": 4, "Actual Rows": 6, "Actual Loops": 7110, "Index Cond": "(postid = pl.postid)", "Rows Removed by Index Recheck": 0, "Filter": "(creationdate <= '2014-09-11 00:00:00'::timestamp without time zone)", "Rows Removed by Filter": 0}]}]}, {"Node Type": "Hash", "Parent Relationship": "Inner", "Parallel Aware": false, "Async Capable": false, "Startup Cost": 15461.12, "Total Cost": 15461.12, "Plan Rows": 66560, "Plan Width": 12, "Actual Rows": 160411, "Actual Loops": 1, "Hash Buckets": 262144, "Original Hash Buckets": 131072, "Hash Batches": 1, "Original Hash Batches": 1, "Peak Memory Usage": 8941, "Plans": [{"Node Type": "Hash Join", "Parent Relationship": "Outer", "Parallel Aware": false, "Async Capable": false, "Join Type": "Inner", "Startup Cost": 7282.24, "Total Cost": 15461.12, "Plan Rows": 66560, "Plan Width": 12, "Actual Rows": 160411, "Actual Loops": 1, "Inner Unique": false, "Hash Cond": "(ph.postid = p.id)", "Plans": [{"Node Type": "Seq Scan", "Parent Relationship": "Outer", "Parallel Aware": false, "Async Capable": false, "Relation Name": "posthistory", "Alias": "ph", "Startup Cost": 0.0, "Total Cost": 6029.84, "Plan Rows": 296689, "Plan Width": 4, "Actual Rows": 296815, "Actual Loops": 1, "Filter": "(creationdate >= '2010-09-20 19:11:45'::timestamp without time zone)", "Rows Removed by Filter": 6372}, {"Node Type": "Hash", "Parent Relationship": "Inner", "Parallel Aware": false, "Async Capable": false, "Startup Cost": 7024.31, "Total Cost": 7024.31, "Plan Rows": 20634, "Plan Width": 8, "Actual Rows": 25695, "Actual Loops": 1, "Hash Buckets": 32768, "Original Hash Buckets": 32768, "Hash Batches": 1, "Original Hash Batches": 1, "Peak Memory Usage": 1260, "Plans": [{"Node Type": "Hash Join", "Parent Relationship": "Outer", "Parallel Aware": false, "Async Capable": false, "Join Type": "Inner", "Startup Cost": 3046.26, "Total Cost": 7024.31, "Plan Rows": 20634, "Plan Width": 8, "Actual Rows": 25695, "Actual Loops": 1, "Inner Unique": true, "Hash Cond": "(c.postid = p.id)", "Plans": [{"Node Type": "Seq Scan", "Parent Relationship": "Outer", "Parallel Aware": false, "Async Capable": false, "Relation Name": "comments", "Alias": "c", "Startup Cost": 0.0, "Total Cost": 3522.81, "Plan Rows": 173417, "Plan Width": 4, "Actual Rows": 173418, "Actual Loops": 1, "Filter": "(creationdate >= '2010-08-01 12:12:41'::timestamp without time zone)", "Rows Removed by Filter": 887}, {"Node Type": "Hash", "Parent Relationship": "Inner", "Parallel Aware": false, "Async Capable": false, "Startup Cost": 2909.46, "Total Cost": 2909.46, "Plan Rows": 10944, "Plan Width": 4, "Actual Rows": 11092, "Actual Loops": 1, "Hash Buckets": 16384, "Original Hash Buckets": 16384, "Hash Batches": 1, "Original Hash Batches": 1, "Peak Memory Usage": 518, "Plans": [{"Node Type": "Seq Scan", "Parent Relationship": "Outer", "Parallel Aware": false, "Async Capable": false, "Relation Name": "posts", "Alias": "p", "Startup Cost": 0.0, "Total Cost": 2909.46, "Plan Rows": 10944, "Plan Width": 4, "Actual Rows": 11092, "Actual Loops": 1, "Filter": "((score <= 44) AND (favoritecount >= 0) AND (favoritecount <= 3) AND (creationdate >= '2010-08-11 13:53:56'::timestamp without time zone) AND (creationdate <= '2014-09-03 11:52:36'::timestamp without time zone))", "Rows Removed by Filter": 80884}]}]}]}]}]}]}]}, "Planning Time": 6.39, "Triggers": [], "Execution Time": 451.362}, {"Plan": {"Node Type": "Aggregate", "Strategy": "Plain", "Partial Mode": "Finalize", "Parallel Aware": false, "Async Capable": false, "Startup Cost": 34102.11, "Total Cost": 34102.12, "Plan Rows": 1, "Plan Width": 8, "Actual Rows": 1, "Actual Loops": 1, "Plans": [{"Node Type": "Gather", "Parent Relationship": "Outer", "Parallel Aware": false, "Async Capable": false, "Startup Cost": 34102.0, "Total Cost": 34102.11, "Plan Rows": 1, "Plan Width": 8, "Actual Rows": 2, "Actual Loops": 1, "Workers Planned": 1, "Workers Launched": 1, "Single Copy": false, "Plans": [{"Node Type": "Aggregate", "Strategy": "Plain", "Partial Mode": "Partial", "Parent Relationship": "Outer", "Parallel Aware": false, "Async Capable": false, "Startup Cost": 33102.0, "Total Cost": 33102.01, "Plan Rows": 1, "Plan Width": 8, "Actual Rows": 1, "Actual Loops": 2, "Workers": [], "Plans": [{"Node Type": "Merge Join", "Parent Relationship": "Outer", "Parallel Aware": false, "Async Capable": false, "Join Type": "Inner", "Startup Cost": 5347.02, "Total Cost": 33064.89, "Plan Rows": 14843, "Plan Width": 0, "Actual Rows": 227047, "Actual Loops": 2, "Inner Unique": false, "Merge Cond": "(v.postid = p.id)", "Workers": [], "Plans": [{"Node Type": "Merge Join", "Parent Relationship": "Outer", "Parallel Aware": false, "Async Capable": false, "Join Type": "Inner", "Startup Cost": 0.84, "Total Cost": 26050.05, "Plan Rows": 536054, "Plan Width": 8, "Actual Rows": 415545, "Actual Loops": 2, "Inner Unique": false, "Merge Cond": "(c.postid = v.postid)", "Workers": [], "Plans": [{"Node Type": "Index Scan", "Parent Relationship": "Outer", "Parallel Aware": true, "Async Capable": false, "Scan Direction": "Forward", "Index Name": "idx_comments_postid", "Relation Name": "comments", "Alias": "c", "Startup Cost": 0.42, "Total Cost": 4959.84, "Plan Rows": 102010, "Plan Width": 4, "Actual Rows": 83652, "Actual Loops": 2, "Filter": "(creationdate >= '2010-08-01 12:12:41'::timestamp without time zone)", "Rows Removed by Filter": 444, "Workers": []}, {"Node Type": "Materialize", "Parent Relationship": "Inner", "Parallel Aware": false, "Async Capable": false, "Startup Cost": 0.42, "Total Cost": 13613.47, "Plan Rows": 327619, "Plan Width": 4, "Actual Rows": 627276, "Actual Loops": 2, "Workers": [], "Plans": [{"Node Type": "Index Scan", "Parent Relationship": "Outer", "Parallel Aware": false, "Async Capable": false, "Scan Direction": "Forward", "Index Name": "idx_votes_postid", "Relation Name": "votes", "Alias": "v", "Startup Cost": 0.42, "Total Cost": 12794.42, "Plan Rows": 327619, "Plan Width": 4, "Actual Rows": 321958, "Actual Loops": 2, "Filter": "(creationdate <= '2014-09-11 00:00:00'::timestamp without time zone)", "Rows Removed by Filter": 173, "Workers": []}]}]}, {"Node Type": "Sort", "Parent Relationship": "Inner", "Parallel Aware": false, "Async Capable": false, "Startup Cost": 5346.18, "Total Cost": 5355.57, "Plan Rows": 3758, "Plan Width": 12, "Actual Rows": 238506, "Actual Loops": 2, "Sort Key": ["p.id"], "Sort Method": "quicksort", "Sort Space Used": 1511, "Sort Space Type": "Memory", "Workers": [{"Worker Number": 0, "Sort Method": "quicksort", "Sort Space Used": 1511, "Sort Space Type": "Memory"}], "Plans": [{"Node Type": "Nested Loop", "Parent Relationship": "Outer", "Parallel Aware": false, "Async Capable": false, "Join Type": "Inner", "Startup Cost": 3046.68, "Total Cost": 5123.03, "Plan Rows": 3758, "Plan Width": 12, "Actual Rows": 19015, "Actual Loops": 2, "Inner Unique": false, "Workers": [], "Plans": [{"Node Type": "Hash Join", "Parent Relationship": "Outer", "Parallel Aware": false, "Async Capable": false, "Join Type": "Inner", "Startup Cost": 3046.26, "Total Cost": 3320.48, "Plan Rows": 1165, "Plan Width": 8, "Actual Rows": 3167, "Actual Loops": 2, "Inner Unique": true, "Hash Cond": "(pl.postid = p.id)", "Workers": [], "Plans": [{"Node Type": "Seq Scan", "Parent Relationship": "Outer", "Parallel Aware": false, "Async Capable": false, "Relation Name": "postlinks", "Alias": "pl", "Startup Cost": 0.0, "Total Cost": 248.53, "Plan Rows": 9788, "Plan Width": 4, "Actual Rows": 9803, "Actual Loops": 2, "Filter": "((creationdate <= '2014-08-11 17:26:31'::timestamp without time zone) AND (linktypeid = 1))", "Rows Removed by Filter": 1299, "Workers": []}, {"Node Type": "Hash", "Parent Relationship": "Inner", "Parallel Aware": false, "Async Capable": false, "Startup Cost": 2909.46, "Total Cost": 2909.46, "Plan Rows": 10944, "Plan Width": 4, "Actual Rows": 11092, "Actual Loops": 2, "Hash Buckets": 16384, "Original Hash Buckets": 16384, "Hash Batches": 1, "Original Hash Batches": 1, "Peak Memory Usage": 518, "Workers": [], "Plans": [{"Node Type": "Seq Scan", "Parent Relationship": "Outer", "Parallel Aware": false, "Async Capable": false, "Relation Name": "posts", "Alias": "p", "Startup Cost": 0.0, "Total Cost": 2909.46, "Plan Rows": 10944, "Plan Width": 4, "Actual Rows": 11092, "Actual Loops": 2, "Filter": "((score <= 44) AND (favoritecount >= 0) AND (favoritecount <= 3) AND (creationdate >= '2010-08-11 13:53:56'::timestamp without time zone) AND (creationdate <= '2014-09-03 11:52:36'::timestamp without time zone))", "Rows Removed by Filter": 80884, "Workers": []}]}]}, {"Node Type": "Index Scan", "Parent Relationship": "Inner", "Parallel Aware": false, "Async Capable": false, "Scan Direction": "Forward", "Index Name": "idx_posthistory_postid", "Relation Name": "posthistory", "Alias": "ph", "Startup Cost": 0.42, "Total Cost": 1.51, "Plan Rows": 4, "Plan Width": 4, "Actual Rows": 6, "Actual Loops": 6334, "Index Cond": "(postid = p.id)", "Rows Removed by Index Recheck": 0, "Filter": "(creationdate >= '2010-09-20 19:11:45'::timestamp without time zone)", "Rows Removed by Filter": 0, "Workers": []}]}]}]}]}]}]}, "Planning Time": 11.662, "Triggers": [], "Execution Time": 610.178}, {"Plan": {"Node Type": "Aggregate", "Strategy": "Plain", "Partial Mode": "Finalize", "Parallel Aware": false, "Async Capable": false, "Startup Cost": 12535.89, "Total Cost": 12535.9, "Plan Rows": 1, "Plan Width": 8, "Actual Rows": 1, "Actual Loops": 1, "Plans": [{"Node Type": "Gather", "Parent Relationship": "Outer", "Parallel Aware": false, "Async Capable": false, "Startup Cost": 12535.77, "Total Cost": 12535.88, "Plan Rows": 1, "Plan Width": 8, "Actual Rows": 2, "Actual Loops": 1, "Workers Planned": 1, "Workers Launched": 1, "Single Copy": false, "Plans": [{"Node Type": "Aggregate", "Strategy": "Plain", "Partial Mode": "Partial", "Parent Relationship": "Outer", "Parallel Aware": false, "Async Capable": false, "Startup Cost": 11535.77, "Total Cost": 11535.78, "Plan Rows": 1, "Plan Width": 8, "Actual Rows": 1, "Actual Loops": 2, "Workers": [], "Plans": [{"Node Type": "Hash Join", "Parent Relationship": "Outer", "Parallel Aware": false, "Async Capable": false, "Join Type": "Inner", "Startup Cost": 6055.31, "Total Cost": 11498.67, "Plan Rows": 14843, "Plan Width": 0, "Actual Rows": 227047, "Actual Loops": 2, "Inner Unique": false, "Hash Cond": "(v.postid = p.id)", "Workers": [], "Plans": [{"Node Type": "Seq Scan", "Parent Relationship": "Outer", "Parallel Aware": true, "Async Capable": false, "Relation Name": "votes", "Alias": "v", "Startup Cost": 0.0, "Total Cost": 4572.24, "Plan Rows": 192717, "Plan Width": 4, "Actual Rows": 163784, "Actual Loops": 2, "Filter": "(creationdate <= '2014-09-11 00:00:00'::timestamp without time zone)", "Rows Removed by Filter": 248, "Workers": []}, {"Node Type": "Hash", "Parent Relationship": "Inner", "Parallel Aware": false, "Async Capable": false, "Startup Cost": 5966.76, "Total Cost": 5966.76, "Plan Rows": 7084, "Plan Width": 16, "Actual Rows": 69251, "Actual Loops": 2, "Hash Buckets": 131072, "Original Hash Buckets": 8192, "Hash Batches": 1, "Original Hash Batches": 1, "Peak Memory Usage": 4271, "Workers": [], "Plans": [{"Node Type": "Nested Loop", "Parent Relationship": "Outer", "Parallel Aware": false, "Async Capable": false, "Join Type": "Inner", "Startup Cost": 3047.1, "Total Cost": 5966.76, "Plan Rows": 7084, "Plan Width": 16, "Actual Rows": 69251, "Actual Loops": 2, "Inner Unique": false, "Join Filter": "(p.id = ph.postid)", "Rows Removed by Join Filter": 0, "Workers": [], "Plans": [{"Node Type": "Nested Loop", "Parent Relationship": "Outer", "Parallel Aware": false, "Async Capable": false, "Join Type": "Inner", "Startup Cost": 3046.68, "Total Cost": 4614.23, "Plan Rows": 2196, "Plan Width": 12, "Actual Rows": 10594, "Actual Loops": 2, "Inner Unique": false, "Workers": [], "Plans": [{"Node Type": "Hash Join", "Parent Relationship": "Outer", "Parallel Aware": false, "Async Capable": false, "Join Type": "Inner", "Startup Cost": 3046.26, "Total Cost": 3320.48, "Plan Rows": 1165, "Plan Width": 8, "Actual Rows": 3167, "Actual Loops": 2, "Inner Unique": true, "Hash Cond": "(pl.postid = p.id)", "Workers": [], "Plans": [{"Node Type": "Seq Scan", "Parent Relationship": "Outer", "Parallel Aware": false, "Async Capable": false, "Relation Name": "postlinks", "Alias": "pl", "Startup Cost": 0.0, "Total Cost": 248.53, "Plan Rows": 9788, "Plan Width": 4, "Actual Rows": 9803, "Actual Loops": 2, "Filter": "((creationdate <= '2014-08-11 17:26:31'::timestamp without time zone) AND (linktypeid = 1))", "Rows Removed by Filter": 1299, "Workers": []}, {"Node Type": "Hash", "Parent Relationship": "Inner", "Parallel Aware": false, "Async Capable": false, "Startup Cost": 2909.46, "Total Cost": 2909.46, "Plan Rows": 10944, "Plan Width": 4, "Actual Rows": 11092, "Actual Loops": 2, "Hash Buckets": 16384, "Original Hash Buckets": 16384, "Hash Batches": 1, "Original Hash Batches": 1, "Peak Memory Usage": 518, "Workers": [], "Plans": [{"Node Type": "Seq Scan", "Parent Relationship": "Outer", "Parallel Aware": false, "Async Capable": false, "Relation Name": "posts", "Alias": "p", "Startup Cost": 0.0, "Total Cost": 2909.46, "Plan Rows": 10944, "Plan Width": 4, "Actual Rows": 11092, "Actual Loops": 2, "Filter": "((score <= 44) AND (favoritecount >= 0) AND (favoritecount <= 3) AND (creationdate >= '2010-08-11 13:53:56'::timestamp without time zone) AND (creationdate <= '2014-09-03 11:52:36'::timestamp without time zone))", "Rows Removed by Filter": 80884, "Workers": []}]}]}, {"Node Type": "Index Scan", "Parent Relationship": "Inner", "Parallel Aware": false, "Async Capable": false, "Scan Direction": "Forward", "Index Name": "idx_comments_postid", "Relation Name": "comments", "Alias": "c", "Startup Cost": 0.42, "Total Cost": 1.08, "Plan Rows": 3, "Plan Width": 4, "Actual Rows": 3, "Actual Loops": 6334, "Index Cond": "(postid = p.id)", "Rows Removed by Index Recheck": 0, "Filter": "(creationdate >= '2010-08-01 12:12:41'::timestamp without time zone)", "Rows Removed by Filter": 0, "Workers": []}]}, {"Node Type": "Index Scan", "Parent Relationship": "Inner", "Parallel Aware": false, "Async Capable": false, "Scan Direction": "Forward", "Index Name": "idx_posthistory_postid", "Relation Name": "posthistory", "Alias": "ph", "Startup Cost": 0.42, "Total Cost": 0.57, "Plan Rows": 4, "Plan Width": 4, "Actual Rows": 7, "Actual Loops": 21188, "Index Cond": "(postid = c.postid)", "Rows Removed by Index Recheck": 0, "Filter": "(creationdate >= '2010-09-20 19:11:45'::timestamp without time zone)", "Rows Removed by Filter": 0, "Workers": []}]}]}]}]}]}]}, "Planning Time": 11.915, "Triggers": [], "Execution Time": 212.965}, {"Plan": {"Node Type": "Aggregate", "Strategy": "Plain", "Partial Mode": "Finalize", "Parallel Aware": false, "Async Capable": false, "Startup Cost": 36301.41, "Total Cost": 36301.42, "Plan Rows": 1, "Plan Width": 8, "Actual Rows": 1, "Actual Loops": 1, "Plans": [{"Node Type": "Gather", "Parent Relationship": "Outer", "Parallel Aware": false, "Async Capable": false, "Startup Cost": 36301.3, "Total Cost": 36301.41, "Plan Rows": 1, "Plan Width": 8, "Actual Rows": 2, "Actual Loops": 1, "Workers Planned": 1, "Workers Launched": 1, "Single Copy": false, "Plans": [{"Node Type": "Aggregate", "Strategy": "Plain", "Partial Mode": "Partial", "Parent Relationship": "Outer", "Parallel Aware": false, "Async Capable": false, "Startup Cost": 35301.3, "Total Cost": 35301.31, "Plan Rows": 1, "Plan Width": 8, "Actual Rows": 1, "Actual Loops": 2, "Workers": [], "Plans": [{"Node Type": "Merge Join", "Parent Relationship": "Outer", "Parallel Aware": false, "Async Capable": false, "Join Type": "Inner", "Startup Cost": 3645.86, "Total Cost": 35264.19, "Plan Rows": 14843, "Plan Width": 0, "Actual Rows": 227047, "Actual Loops": 2, "Inner Unique": false, "Merge Cond": "(p.id = pl.postid)", "Workers": [], "Plans": [{"Node Type": "Merge Join", "Parent Relationship": "Outer", "Parallel Aware": false, "Async Capable": false, "Join Type": "Inner", "Startup Cost": 3644.11, "Total Cost": 12613.33, "Plan Rows": 20766, "Plan Width": 8, "Actual Rows": 30191, "Actual Loops": 2, "Inner Unique": true, "Merge Cond": "(ph.postid = p.id)", "Workers": [], "Plans": [{"Node Type": "Index Scan", "Parent Relationship": "Outer", "Parallel Aware": true, "Async Capable": false, "Scan Direction": "Forward", "Index Name": "idx_posthistory_postid", "Relation Name": "posthistory", "Alias": "ph", "Startup Cost": 0.42, "Total Cost": 8270.95, "Plan Rows": 174523, "Plan Width": 4, "Actual Rows": 142742, "Actual Loops": 2, "Filter": "(creationdate >= '2010-09-20 19:11:45'::timestamp without time zone)", "Rows Removed by Filter": 3186, "Workers": []}, {"Node Type": "Sort", "Parent Relationship": "Inner", "Parallel Aware": false, "Async Capable": false, "Startup Cost": 3643.68, "Total Cost": 3671.04, "Plan Rows": 10944, "Plan Width": 4, "Actual Rows": 10920, "Actual Loops": 2, "Sort Key": ["p.id"], "Sort Method": "quicksort", "Sort Space Used": 385, "Sort Space Type": "Memory", "Workers": [{"Worker Number": 0, "Sort Method": "quicksort", "Sort Space Used": 385, "Sort Space Type": "Memory"}], "Plans": [{"Node Type": "Seq Scan", "Parent Relationship": "Outer", "Parallel Aware": false, "Async Capable": false, "Relation Name": "posts", "Alias": "p", "Startup Cost": 0.0, "Total Cost": 2909.46, "Plan Rows": 10944, "Plan Width": 4, "Actual Rows": 11092, "Actual Loops": 2, "Filter": "((score <= 44) AND (favoritecount >= 0) AND (favoritecount <= 3) AND (creationdate >= '2010-08-11 13:53:56'::timestamp without time zone) AND (creationdate <= '2014-09-03 11:52:36'::timestamp without time zone))", "Rows Removed by Filter": 80884, "Workers": []}]}]}, {"Node Type": "Materialize", "Parent Relationship": "Inner", "Parallel Aware": false, "Async Capable": false, "Startup Cost": 1.32, "Total Cost": 21716.75, "Plan Rows": 185788, "Plan Width": 12, "Actual Rows": 456573, "Actual Loops": 2, "Workers": [], "Plans": [{"Node Type": "Nested Loop", "Parent Relationship": "Outer", "Parallel Aware": false, "Async Capable": false, "Join Type": "Inner", "Startup Cost": 1.32, "Total Cost": 21252.28, "Plan Rows": 185788, "Plan Width": 12, "Actual Rows": 262343, "Actual Loops": 2, "Inner Unique": false, "Workers": [], "Plans": [{"Node Type": "Merge Join", "Parent Relationship": "Outer", "Parallel Aware": false, "Async Capable": false, "Join Type": "Inner", "Startup Cost": 0.89, "Total Cost": 7096.53, "Plan Rows": 33129, "Plan Width": 8, "Actual Rows": 31580, "Actual Loops": 2, "Inner Unique": false, "Merge Cond": "(pl.postid = c.postid)", "Workers": [], "Plans": [{"Node Type": "Index Scan", "Parent Relationship": "Outer", "Parallel Aware": false, "Async Capable": false, "Scan Direction": "Forward", "Index Name": "idx_postlinks_postid", "Relation Name": "postlinks", "Alias": "pl", "Startup Cost": 0.29, "Total Cost": 450.8, "Plan Rows": 9788, "Plan Width": 4, "Actual Rows": 9803, "Actual Loops": 2, "Filter": "((creationdate <= '2014-08-11 17:26:31'::timestamp without time zone) AND (linktypeid = 1))", "Rows Removed by Filter": 1299, "Workers": []}, {"Node Type": "Index Scan", "Parent Relationship": "Inner", "Parallel Aware": false, "Async Capable": false, "Scan Direction": "Forward", "Index Name": "idx_comments_postid", "Relation Name": "comments", "Alias": "c", "Startup Cost": 0.42, "Total Cost": 5857.0, "Plan Rows": 173417, "Plan Width": 4, "Actual Rows": 177473, "Actual Loops": 2, "Filter": "(creationdate >= '2010-08-01 12:12:41'::timestamp without time zone)", "Rows Removed by Filter": 912, "Workers": []}]}, {"Node Type": "Memoize", "Parent Relationship": "Inner", "Parallel Aware": false, "Async Capable": false, "Startup Cost": 0.43, "Total Cost": 1.62, "Plan Rows": 5, "Plan Width": 4, "Actual Rows": 8, "Actual Loops": 63160, "Cache Key": "pl.postid", "Cache Mode": "logical", "Cache Hits": 25995, "Cache Misses": 5585, "Cache Evictions": 0, "Cache Overflows": 0, "Peak Memory Usage": 1619, "Workers": [{"Worker Number": 0, "Cache Hits": 25995, "Cache Misses": 5585, "Cache Evictions": 0, "Cache Overflows": 0, "Peak Memory Usage": 1619}], "Plans": [{"Node Type": "Index Scan", "Parent Relationship": "Outer", "Parallel Aware": false, "Async Capable": false, "Scan Direction": "Forward", "Index Name": "idx_votes_postid", "Relation Name": "votes", "Alias": "v", "Startup Cost": 0.42, "Total Cost": 1.61, "Plan Rows": 5, "Plan Width": 4, "Actual Rows": 6, "Actual Loops": 11170, "Index Cond": "(postid = pl.postid)", "Rows Removed by Index Recheck": 0, "Filter": "(creationdate <= '2014-09-11 00:00:00'::timestamp without time zone)", "Rows Removed by Filter": 0, "Workers": []}]}]}]}]}]}]}]}, "Planning Time": 13.032, "Triggers": [], "Execution Time": 487.634}, {"Plan": {"Node Type": "Aggregate", "Strategy": "Plain", "Partial Mode": "Simple", "Parallel Aware": false, "Async Capable": false, "Startup Cost": 10680.44, "Total Cost": 10680.45, "Plan Rows": 1, "Plan Width": 8, "Actual Rows": 1, "Actual Loops": 1, "Plans": [{"Node Type": "Nested Loop", "Parent Relationship": "Outer", "Parallel Aware": false, "Async Capable": false, "Join Type": "Inner", "Startup Cost": 3047.53, "Total Cost": 10617.36, "Plan Rows": 25233, "Plan Width": 0, "Actual Rows": 454094, "Actual Loops": 1, "Inner Unique": false, "Join Filter": "(p.id = ph.postid)", "Rows Removed by Join Filter": 0, "Plans": [{"Node Type": "Nested Loop", "Parent Relationship": "Outer", "Parallel Aware": false, "Async Capable": false, "Join Type": "Inner", "Startup Cost": 3047.1, "Total Cost": 6033.17, "Plan Rows": 7822, "Plan Width": 16, "Actual Rows": 65948, "Actual Loops": 1, "Inner Unique": false, "Join Filter": "(p.id = v.postid)", "Rows Removed by Join Filter": 0, "Plans": [{"Node Type": "Nested Loop", "Parent Relationship": "Outer", "Parallel Aware": false, "Async Capable": false, "Join Type": "Inner", "Startup Cost": 3046.68, "Total Cost": 4614.23, "Plan Rows": 2196, "Plan Width": 12, "Actual Rows": 10594, "Actual Loops": 1, "Inner Unique": false, "Plans": [{"Node Type": "Hash Join", "Parent Relationship": "Outer", "Parallel Aware": false, "Async Capable": false, "Join Type": "Inner", "Startup Cost": 3046.26, "Total Cost": 3320.48, "Plan Rows": 1165, "Plan Width": 8, "Actual Rows": 3167, "Actual Loops": 1, "Inner Unique": true, "Hash Cond": "(pl.postid = p.id)", "Plans": [{"Node Type": "Seq Scan", "Parent Relationship": "Outer", "Parallel Aware": false, "Async Capable": false, "Relation Name": "postlinks", "Alias": "pl", "Startup Cost": 0.0, "Total Cost": 248.53, "Plan Rows": 9788, "Plan Width": 4, "Actual Rows": 9803, "Actual Loops": 1, "Filter": "((creationdate <= '2014-08-11 17:26:31'::timestamp without time zone) AND (linktypeid = 1))", "Rows Removed by Filter": 1299}, {"Node Type": "Hash", "Parent Relationship": "Inner", "Parallel Aware": false, "Async Capable": false, "Startup Cost": 2909.46, "Total Cost": 2909.46, "Plan Rows": 10944, "Plan Width": 4, "Actual Rows": 11092, "Actual Loops": 1, "Hash Buckets": 16384, "Original Hash Buckets": 16384, "Hash Batches": 1, "Original Hash Batches": 1, "Peak Memory Usage": 518, "Plans": [{"Node Type": "Seq Scan", "Parent Relationship": "Outer", "Parallel Aware": false, "Async Capable": false, "Relation Name": "posts", "Alias": "p", "Startup Cost": 0.0, "Total Cost": 2909.46, "Plan Rows": 10944, "Plan Width": 4, "Actual Rows": 11092, "Actual Loops": 1, "Filter": "((score <= 44) AND (favoritecount >= 0) AND (favoritecount <= 3) AND (creationdate >= '2010-08-11 13:53:56'::timestamp without time zone) AND (creationdate <= '2014-09-03 11:52:36'::timestamp without time zone))", "Rows Removed by Filter": 80884}]}]}, {"Node Type": "Index Scan", "Parent Relationship": "Inner", "Parallel Aware": false, "Async Capable": false, "Scan Direction": "Forward", "Index Name": "idx_comments_postid", "Relation Name": "comments", "Alias": "c", "Startup Cost": 0.42, "Total Cost": 1.08, "Plan Rows": 3, "Plan Width": 4, "Actual Rows": 3, "Actual Loops": 3167, "Index Cond": "(postid = p.id)", "Rows Removed by Index Recheck": 0, "Filter": "(creationdate >= '2010-08-01 12:12:41'::timestamp without time zone)", "Rows Removed by Filter": 0}]}, {"Node Type": "Index Scan", "Parent Relationship": "Inner", "Parallel Aware": false, "Async Capable": false, "Scan Direction": "Forward", "Index Name": "idx_votes_postid", "Relation Name": "votes", "Alias": "v", "Startup Cost": 0.42, "Total Cost": 0.58, "Plan Rows": 5, "Plan Width": 4, "Actual Rows": 6, "Actual Loops": 10594, "Index Cond": "(postid = c.postid)", "Rows Removed by Index Recheck": 0, "Filter": "(creationdate <= '2014-09-11 00:00:00'::timestamp without time zone)", "Rows Removed by Filter": 0}]}, {"Node Type": "Index Scan", "Parent Relationship": "Inner", "Parallel Aware": false, "Async Capable": false, "Scan Direction": "Forward", "Index Name": "idx_posthistory_postid", "Relation Name": "posthistory", "Alias": "ph", "Startup Cost": 0.42, "Total Cost": 0.54, "Plan Rows": 4, "Plan Width": 4, "Actual Rows": 7, "Actual Loops": 65948, "Index Cond": "(postid = v.postid)", "Rows Removed by Index Recheck": 0, "Filter": "(creationdate >= '2010-09-20 19:11:45'::timestamp without time zone)", "Rows Removed by Filter": 0}]}]}, "Planning Time": 6.125, "Triggers": [], "Execution Time": 277.121}, {"Plan": {"Node Type": "Aggregate", "Strategy": "Plain", "Partial Mode": "Simple", "Parallel Aware": false, "Async Capable": false, "Startup Cost": 29584.81, "Total Cost": 29584.82, "Plan Rows": 1, "Plan Width": 8, "Actual Rows": 1, "Actual Loops": 1, "Plans": [{"Node Type": "Hash Join", "Parent Relationship": "Outer", "Parallel Aware": false, "Async Capable": false, "Join Type": "Inner", "Startup Cost": 21434.8, "Total Cost": 29521.72, "Plan Rows": 25233, "Plan Width": 0, "Actual Rows": 454094, "Actual Loops": 1, "Inner Unique": false, "Hash Cond": "(pl.postid = p.id)", "Plans": [{"Node Type": "Merge Join", "Parent Relationship": "Outer", "Parallel Aware": false, "Async Capable": false, "Join Type": "Inner", "Startup Cost": 0.89, "Total Cost": 7096.53, "Plan Rows": 33129, "Plan Width": 8, "Actual Rows": 31580, "Actual Loops": 1, "Inner Unique": false, "Merge Cond": "(pl.postid = c.postid)", "Plans": [{"Node Type": "Index Scan", "Parent Relationship": "Outer", "Parallel Aware": false, "Async Capable": false, "Scan Direction": "Forward", "Index Name": "idx_postlinks_postid", "Relation Name": "postlinks", "Alias": "pl", "Startup Cost": 0.29, "Total Cost": 450.8, "Plan Rows": 9788, "Plan Width": 4, "Actual Rows": 9803, "Actual Loops": 1, "Filter": "((creationdate <= '2014-08-11 17:26:31'::timestamp without time zone) AND (linktypeid = 1))", "Rows Removed by Filter": 1299}, {"Node Type": "Index Scan", "Parent Relationship": "Inner", "Parallel Aware": false, "Async Capable": false, "Scan Direction": "Forward", "Index Name": "idx_comments_postid", "Relation Name": "comments", "Alias": "c", "Startup Cost": 0.42, "Total Cost": 5857.0, "Plan Rows": 173417, "Plan Width": 4, "Actual Rows": 177473, "Actual Loops": 1, "Filter": "(creationdate >= '2010-08-01 12:12:41'::timestamp without time zone)", "Rows Removed by Filter": 912}]}, {"Node Type": "Hash", "Parent Relationship": "Inner", "Parallel Aware": false, "Async Capable": false, "Startup Cost": 19862.09, "Total Cost": 19862.09, "Plan Rows": 125746, "Plan Width": 12, "Actual Rows": 334037, "Actual Loops": 1, "Hash Buckets": 524288, "Original Hash Buckets": 131072, "Hash Batches": 1, "Original Hash Batches": 1, "Peak Memory Usage": 18450, "Plans": [{"Node Type": "Hash Join", "Parent Relationship": "Outer", "Parallel Aware": false, "Async Capable": false, "Join Type": "Inner", "Startup Cost": 10296.21, "Total Cost": 19862.09, "Plan Rows": 125746, "Plan Width": 12, "Actual Rows": 334037, "Actual Loops": 1, "Inner Unique": false, "Hash Cond": "(v.postid = p.id)", "Plans": [{"Node Type": "Seq Scan", "Parent Relationship": "Outer", "Parallel Aware": false, "Async Capable": false, "Relation Name": "votes", "Alias": "v", "Startup Cost": 0.0, "Total Cost": 6260.8, "Plan Rows": 327619, "Plan Width": 4, "Actual Rows": 327569, "Actual Loops": 1, "Filter": "(creationdate <= '2014-09-11 00:00:00'::timestamp without time zone)", "Rows Removed by Filter": 495}, {"Node Type": "Hash", "Parent Relationship": "Inner", "Parallel Aware": false, "Async Capable": false, "Startup Cost": 9854.94, "Total Cost": 9854.94, "Plan Rows": 35302, "Plan Width": 8, "Actual Rows": 61284, "Actual Loops": 1, "Hash Buckets": 65536, "Original Hash Buckets": 65536, "Hash Batches": 1, "Original Hash Batches": 1, "Peak Memory Usage": 2906, "Plans": [{"Node Type": "Hash Join", "Parent Relationship": "Outer", "Parallel Aware": false, "Async Capable": false, "Join Type": "Inner", "Startup Cost": 3046.26, "Total Cost": 9854.94, "Plan Rows": 35302, "Plan Width": 8, "Actual Rows": 61284, "Actual Loops": 1, "Inner Unique": true, "Hash Cond": "(ph.postid = p.id)", "Plans": [{"Node Type": "Seq Scan", "Parent Relationship": "Outer", "Parallel Aware": false, "Async Capable": false, "Relation Name": "posthistory", "Alias": "ph", "Startup Cost": 0.0, "Total Cost": 6029.84, "Plan Rows": 296689, "Plan Width": 4, "Actual Rows": 296815, "Actual Loops": 1, "Filter": "(creationdate >= '2010-09-20 19:11:45'::timestamp without time zone)", "Rows Removed by Filter": 6372}, {"Node Type": "Hash", "Parent Relationship": "Inner", "Parallel Aware": false, "Async Capable": false, "Startup Cost": 2909.46, "Total Cost": 2909.46, "Plan Rows": 10944, "Plan Width": 4, "Actual Rows": 11092, "Actual Loops": 1, "Hash Buckets": 16384, "Original Hash Buckets": 16384, "Hash Batches": 1, "Original Hash Batches": 1, "Peak Memory Usage": 518, "Plans": [{"Node Type": "Seq Scan", "Parent Relationship": "Outer", "Parallel Aware": false, "Async Capable": false, "Relation Name": "posts", "Alias": "p", "Startup Cost": 0.0, "Total Cost": 2909.46, "Plan Rows": 10944, "Plan Width": 4, "Actual Rows": 11092, "Actual Loops": 1, "Filter": "((score <= 44) AND (favoritecount >= 0) AND (favoritecount <= 3) AND (creationdate >= '2010-08-11 13:53:56'::timestamp without time zone) AND (creationdate <= '2014-09-03 11:52:36'::timestamp without time zone))", "Rows Removed by Filter": 80884}]}]}]}]}]}]}]}, "Planning Time": 6.346, "Triggers": [], "Execution Time": 579.948}, {"Plan": {"Node Type": "Aggregate", "Strategy": "Plain", "Partial Mode": "Finalize", "Parallel Aware": false, "Async Capable": false, "Startup Cost": 58181.18, "Total Cost": 58181.19, "Plan Rows": 1, "Plan Width": 8, "Actual Rows": 1, "Actual Loops": 1, "Plans": [{"Node Type": "Gather", "Parent Relationship": "Outer", "Parallel Aware": false, "Async Capable": false, "Startup Cost": 58181.06, "Total Cost": 58181.17, "Plan Rows": 1, "Plan Width": 8, "Actual Rows": 2, "Actual Loops": 1, "Workers Planned": 1, "Workers Launched": 1, "Single Copy": false, "Plans": [{"Node Type": "Aggregate", "Strategy": "Plain", "Partial Mode": "Partial", "Parent Relationship": "Outer", "Parallel Aware": false, "Async Capable": false, "Startup Cost": 57181.06, "Total Cost": 57181.07, "Plan Rows": 1, "Plan Width": 8, "Actual Rows": 1, "Actual Loops": 2, "Workers": [], "Plans": [{"Node Type": "Hash Join", "Parent Relationship": "Outer", "Parallel Aware": false, "Async Capable": false, "Join Type": "Inner", "Startup Cost": 23098.66, "Total Cost": 57143.96, "Plan Rows": 14843, "Plan Width": 0, "Actual Rows": 227047, "Actual Loops": 2, "Inner Unique": false, "Hash Cond": "(v.postid = p.id)", "Workers": [], "Plans": [{"Node Type": "Hash Join", "Parent Relationship": "Outer", "Parallel Aware": true, "Async Capable": false, "Join Type": "Inner", "Startup Cost": 19763.62, "Total Cost": 47555.58, "Plan Rows": 1613070, "Plan Width": 12, "Actual Rows": 1959178, "Actual Loops": 2, "Inner Unique": false, "Hash Cond": "(v.postid = ph.postid)", "Workers": [], "Plans": [{"Node Type": "Seq Scan", "Parent Relationship": "Outer", "Parallel Aware": true, "Async Capable": false, "Relation Name": "votes", "Alias": "v", "Startup Cost": 0.0, "Total Cost": 4572.24, "Plan Rows": 192717, "Plan Width": 4, "Actual Rows": 163784, "Actual Loops": 2, "Filter": "(creationdate <= '2014-09-11 00:00:00'::timestamp without time zone)", "Rows Removed by Filter": 248, "Workers": []}, {"Node Type": "Hash", "Parent Relationship": "Inner", "Parallel Aware": true, "Async Capable": false, "Startup Cost": 14973.52, "Total Cost": 14973.52, "Plan Rows": 383208, "Plan Width": 8, "Actual Rows": 345522, "Actual Loops": 2, "Hash Buckets": 1048576, "Original Hash Buckets": 1048576, "Hash Batches": 1, "Original Hash Batches": 1, "Peak Memory Usage": 35264, "Workers": [], "Plans": [{"Node Type": "Hash Join", "Parent Relationship": "Outer", "Parallel Aware": true, "Async Capable": false, "Join Type": "Inner", "Startup Cost": 6650.85, "Total Cost": 14973.52, "Plan Rows": 383208, "Plan Width": 8, "Actual Rows": 345522, "Actual Loops": 2, "Inner Unique": false, "Hash Cond": "(c.postid = ph.postid)", "Workers": [], "Plans": [{"Node Type": "Seq Scan", "Parent Relationship": "Outer", "Parallel Aware": true, "Async Capable": false, "Relation Name": "comments", "Alias": "c", "Startup Cost": 0.0, "Total Cost": 2625.65, "Plan Rows": 102010, "Plan Width": 4, "Actual Rows": 86709, "Actual Loops": 2, "Filter": "(creationdate >= '2010-08-01 12:12:41'::timestamp without time zone)", "Rows Removed by Filter": 444, "Workers": []}, {"Node Type": "Hash", "Parent Relationship": "Inner", "Parallel Aware": true, "Async Capable": false, "Startup Cost": 4469.32, "Total Cost": 4469.32, "Plan Rows": 174523, "Plan Width": 4, "Actual Rows": 148408, "Actual Loops": 2, "Hash Buckets": 524288, "Original Hash Buckets": 524288, "Hash Batches": 1, "Original Hash Batches": 1, "Peak Memory Usage": 15744, "Workers": [], "Plans": [{"Node Type": "Seq Scan", "Parent Relationship": "Outer", "Parallel Aware": true, "Async Capable": false, "Relation Name": "posthistory", "Alias": "ph", "Startup Cost": 0.0, "Total Cost": 4469.32, "Plan Rows": 174523, "Plan Width": 4, "Actual Rows": 148408, "Actual Loops": 2, "Filter": "(creationdate >= '2010-09-20 19:11:45'::timestamp without time zone)", "Rows Removed by Filter": 3186, "Workers": []}]}]}]}]}, {"Node Type": "Hash", "Parent Relationship": "Inner", "Parallel Aware": false, "Async Capable": false, "Startup Cost": 3320.48, "Total Cost": 3320.48, "Plan Rows": 1165, "Plan Width": 8, "Actual Rows": 3167, "Actual Loops": 2, "Hash Buckets": 4096, "Original Hash Buckets": 2048, "Hash Batches": 1, "Original Hash Batches": 1, "Peak Memory Usage": 156, "Workers": [], "Plans": [{"Node Type": "Hash Join", "Parent Relationship": "Outer", "Parallel Aware": false, "Async Capable": false, "Join Type": "Inner", "Startup Cost": 3046.26, "Total Cost": 3320.48, "Plan Rows": 1165, "Plan Width": 8, "Actual Rows": 3167, "Actual Loops": 2, "Inner Unique": true, "Hash Cond": "(pl.postid = p.id)", "Workers": [], "Plans": [{"Node Type": "Seq Scan", "Parent Relationship": "Outer", "Parallel Aware": false, "Async Capable": false, "Relation Name": "postlinks", "Alias": "pl", "Startup Cost": 0.0, "Total Cost": 248.53, "Plan Rows": 9788, "Plan Width": 4, "Actual Rows": 9803, "Actual Loops": 2, "Filter": "((creationdate <= '2014-08-11 17:26:31'::timestamp without time zone) AND (linktypeid = 1))", "Rows Removed by Filter": 1299, "Workers": []}, {"Node Type": "Hash", "Parent Relationship": "Inner", "Parallel Aware": false, "Async Capable": false, "Startup Cost": 2909.46, "Total Cost": 2909.46, "Plan Rows": 10944, "Plan Width": 4, "Actual Rows": 11092, "Actual Loops": 2, "Hash Buckets": 16384, "Original Hash Buckets": 16384, "Hash Batches": 1, "Original Hash Batches": 1, "Peak Memory Usage": 518, "Workers": [], "Plans": [{"Node Type": "Seq Scan", "Parent Relationship": "Outer", "Parallel Aware": false, "Async Capable": false, "Relation Name": "posts", "Alias": "p", "Startup Cost": 0.0, "Total Cost": 2909.46, "Plan Rows": 10944, "Plan Width": 4, "Actual Rows": 11092, "Actual Loops": 2, "Filter": "((score <= 44) AND (favoritecount >= 0) AND (favoritecount <= 3) AND (creationdate >= '2010-08-11 13:53:56'::timestamp without time zone) AND (creationdate <= '2014-09-03 11:52:36'::timestamp without time zone))", "Rows Removed by Filter": 80884, "Workers": []}]}]}]}]}]}]}]}, "Planning Time": 6.635, "Triggers": [], "Execution Time": 894.96}, {"Plan": {"Node Type": "Aggregate", "Strategy": "Plain", "Partial Mode": "Simple", "Parallel Aware": false, "Async Capable": false, "Startup Cost": 32022.13, "Total Cost": 32022.14, "Plan Rows": 1, "Plan Width": 8, "Actual Rows": 1, "Actual Loops": 1, "Plans": [{"Node Type": "Hash Join", "Parent Relationship": "Outer", "Parallel Aware": false, "Async Capable": false, "Join Type": "Inner", "Startup Cost": 31164.57, "Total Cost": 31959.05, "Plan Rows": 25233, "Plan Width": 0, "Actual Rows": 454094, "Actual Loops": 1, "Inner Unique": false, "Hash Cond": "(pl.postid = p.id)", "Plans": [{"Node Type": "Seq Scan", "Parent Relationship": "Outer", "Parallel Aware": false, "Async Capable": false, "Relation Name": "postlinks", "Alias": "pl", "Startup Cost": 0.0, "Total Cost": 248.53, "Plan Rows": 9788, "Plan Width": 4, "Actual Rows": 9803, "Actual Loops": 1, "Filter": "((creationdate <= '2014-08-11 17:26:31'::timestamp without time zone) AND (linktypeid = 1))", "Rows Removed by Filter": 1299}, {"Node Type": "Hash", "Parent Relationship": "Inner", "Parallel Aware": false, "Async Capable": false, "Startup Cost": 28200.98, "Total Cost": 28200.98, "Plan Rows": 237087, "Plan Width": 16, "Actual Rows": 988335, "Actual Loops": 1, "Hash Buckets": 1048576, "Original Hash Buckets": 262144, "Hash Batches": 1, "Original Hash Batches": 1, "Peak Memory Usage": 54521, "Plans": [{"Node Type": "Hash Join", "Parent Relationship": "Outer", "Parallel Aware": false, "Async Capable": false, "Join Type": "Inner", "Startup Cost": 16293.12, "Total Cost": 28200.98, "Plan Rows": 237087, "Plan Width": 16, "Actual Rows": 988335, "Actual Loops": 1, "Inner Unique": false, "Hash Cond": "(v.postid = p.id)", "Plans": [{"Node Type": "Seq Scan", "Parent Relationship": "Outer", "Parallel Aware": false, "Async Capable": false, "Relation Name": "votes", "Alias": "v", "Startup Cost": 0.0, "Total Cost": 6260.8, "Plan Rows": 327619, "Plan Width": 4, "Actual Rows": 327569, "Actual Loops": 1, "Filter": "(creationdate <= '2014-09-11 00:00:00'::timestamp without time zone)", "Rows Removed by Filter": 495}, {"Node Type": "Hash", "Parent Relationship": "Inner", "Parallel Aware": false, "Async Capable": false, "Startup Cost": 15461.12, "Total Cost": 15461.12, "Plan Rows": 66560, "Plan Width": 12, "Actual Rows": 160411, "Actual Loops": 1, "Hash Buckets": 262144, "Original Hash Buckets": 131072, "Hash Batches": 1, "Original Hash Batches": 1, "Peak Memory Usage": 8941, "Plans": [{"Node Type": "Hash Join", "Parent Relationship": "Outer", "Parallel Aware": false, "Async Capable": false, "Join Type": "Inner", "Startup Cost": 7282.24, "Total Cost": 15461.12, "Plan Rows": 66560, "Plan Width": 12, "Actual Rows": 160411, "Actual Loops": 1, "Inner Unique": false, "Hash Cond": "(ph.postid = p.id)", "Plans": [{"Node Type": "Seq Scan", "Parent Relationship": "Outer", "Parallel Aware": false, "Async Capable": false, "Relation Name": "posthistory", "Alias": "ph", "Startup Cost": 0.0, "Total Cost": 6029.84, "Plan Rows": 296689, "Plan Width": 4, "Actual Rows": 296815, "Actual Loops": 1, "Filter": "(creationdate >= '2010-09-20 19:11:45'::timestamp without time zone)", "Rows Removed by Filter": 6372}, {"Node Type": "Hash", "Parent Relationship": "Inner", "Parallel Aware": false, "Async Capable": false, "Startup Cost": 7024.31, "Total Cost": 7024.31, "Plan Rows": 20634, "Plan Width": 8, "Actual Rows": 25695, "Actual Loops": 1, "Hash Buckets": 32768, "Original Hash Buckets": 32768, "Hash Batches": 1, "Original Hash Batches": 1, "Peak Memory Usage": 1260, "Plans": [{"Node Type": "Hash Join", "Parent Relationship": "Outer", "Parallel Aware": false, "Async Capable": false, "Join Type": "Inner", "Startup Cost": 3046.26, "Total Cost": 7024.31, "Plan Rows": 20634, "Plan Width": 8, "Actual Rows": 25695, "Actual Loops": 1, "Inner Unique": true, "Hash Cond": "(c.postid = p.id)", "Plans": [{"Node Type": "Seq Scan", "Parent Relationship": "Outer", "Parallel Aware": false, "Async Capable": false, "Relation Name": "comments", "Alias": "c", "Startup Cost": 0.0, "Total Cost": 3522.81, "Plan Rows": 173417, "Plan Width": 4, "Actual Rows": 173418, "Actual Loops": 1, "Filter": "(creationdate >= '2010-08-01 12:12:41'::timestamp without time zone)", "Rows Removed by Filter": 887}, {"Node Type": "Hash", "Parent Relationship": "Inner", "Parallel Aware": false, "Async Capable": false, "Startup Cost": 2909.46, "Total Cost": 2909.46, "Plan Rows": 10944, "Plan Width": 4, "Actual Rows": 11092, "Actual Loops": 1, "Hash Buckets": 16384, "Original Hash Buckets": 16384, "Hash Batches": 1, "Original Hash Batches": 1, "Peak Memory Usage": 518, "Plans": [{"Node Type": "Seq Scan", "Parent Relationship": "Outer", "Parallel Aware": false, "Async Capable": false, "Relation Name": "posts", "Alias": "p", "Startup Cost": 0.0, "Total Cost": 2909.46, "Plan Rows": 10944, "Plan Width": 4, "Actual Rows": 11092, "Actual Loops": 1, "Filter": "((score <= 44) AND (favoritecount >= 0) AND (favoritecount <= 3) AND (creationdate >= '2010-08-11 13:53:56'::timestamp without time zone) AND (creationdate <= '2014-09-03 11:52:36'::timestamp without time zone))", "Rows Removed by Filter": 80884}]}]}]}]}]}]}]}]}]}, "Planning Time": 6.22, "Triggers": [], "Execution Time": 783.826}, {"Plan": {"Node Type": "Aggregate", "Strategy": "Plain", "Partial Mode": "Finalize", "Parallel Aware": false, "Async Capable": false, "Startup Cost": 30883.51, "Total Cost": 30883.52, "Plan Rows": 1, "Plan Width": 8, "Actual Rows": 1, "Actual Loops": 1, "Plans": [{"Node Type": "Gather", "Parent Relationship": "Outer", "Parallel Aware": false, "Async Capable": false, "Startup Cost": 30883.4, "Total Cost": 30883.51, "Plan Rows": 1, "Plan Width": 8, "Actual Rows": 2, "Actual Loops": 1, "Workers Planned": 1, "Workers Launched": 1, "Single Copy": false, "Plans": [{"Node Type": "Aggregate", "Strategy": "Plain", "Partial Mode": "Partial", "Parent Relationship": "Outer", "Parallel Aware": false, "Async Capable": false, "Startup Cost": 29883.4, "Total Cost": 29883.41, "Plan Rows": 1, "Plan Width": 8, "Actual Rows": 1, "Actual Loops": 2, "Workers": [], "Plans": [{"Node Type": "Merge Join", "Parent Relationship": "Outer", "Parallel Aware": false, "Async Capable": false, "Join Type": "Inner", "Startup Cost": 9786.81, "Total Cost": 29846.29, "Plan Rows": 14843, "Plan Width": 0, "Actual Rows": 227047, "Actual Loops": 2, "Inner Unique": false, "Merge Cond": "(p.id = pl.postid)", "Workers": [], "Plans": [{"Node Type": "Sort", "Parent Relationship": "Outer", "Parallel Aware": false, "Async Capable": false, "Startup Cost": 9785.18, "Total Cost": 9842.51, "Plan Rows": 22931, "Plan Width": 8, "Actual Rows": 27989, "Actual Loops": 2, "Sort Key": ["p.id"], "Sort Method": "quicksort", "Sort Space Used": 1738, "Sort Space Type": "Memory", "Workers": [{"Worker Number": 0, "Sort Method": "quicksort", "Sort Space Used": 1569, "Sort Space Type": "Memory"}], "Plans": [{"Node Type": "Hash Join", "Parent Relationship": "Outer", "Parallel Aware": false, "Async Capable": false, "Join Type": "Inner", "Startup Cost": 3046.26, "Total Cost": 8124.4, "Plan Rows": 22931, "Plan Width": 8, "Actual Rows": 28314, "Actual Loops": 2, "Inner Unique": true, "Hash Cond": "(v.postid = p.id)", "Workers": [], "Plans": [{"Node Type": "Seq Scan", "Parent Relationship": "Outer", "Parallel Aware": true, "Async Capable": false, "Relation Name": "votes", "Alias": "v", "Startup Cost": 0.0, "Total Cost": 4572.24, "Plan Rows": 192717, "Plan Width": 4, "Actual Rows": 163784, "Actual Loops": 2, "Filter": "(creationdate <= '2014-09-11 00:00:00'::timestamp without time zone)", "Rows Removed by Filter": 248, "Workers": []}, {"Node Type": "Hash", "Parent Relationship": "Inner", "Parallel Aware": false, "Async Capable": false, "Startup Cost": 2909.46, "Total Cost": 2909.46, "Plan Rows": 10944, "Plan Width": 4, "Actual Rows": 11092, "Actual Loops": 2, "Hash Buckets": 16384, "Original Hash Buckets": 16384, "Hash Batches": 1, "Original Hash Batches": 1, "Peak Memory Usage": 518, "Workers": [], "Plans": [{"Node Type": "Seq Scan", "Parent Relationship": "Outer", "Parallel Aware": false, "Async Capable": false, "Relation Name": "posts", "Alias": "p", "Startup Cost": 0.0, "Total Cost": 2909.46, "Plan Rows": 10944, "Plan Width": 4, "Actual Rows": 11092, "Actual Loops": 2, "Filter": "((score <= 44) AND (favoritecount >= 0) AND (favoritecount <= 3) AND (creationdate >= '2010-08-11 13:53:56'::timestamp without time zone) AND (creationdate <= '2014-09-03 11:52:36'::timestamp without time zone))", "Rows Removed by Filter": 80884, "Workers": []}]}]}]}, {"Node Type": "Materialize", "Parent Relationship": "Inner", "Parallel Aware": false, "Async Capable": false, "Startup Cost": 1.63, "Total Cost": 19319.72, "Plan Rows": 125522, "Plan Width": 12, "Actual Rows": 362416, "Actual Loops": 2, "Workers": [], "Plans": [{"Node Type": "Merge Join", "Parent Relationship": "Outer", "Parallel Aware": false, "Async Capable": false, "Join Type": "Inner", "Startup Cost": 1.63, "Total Cost": 19005.91, "Plan Rows": 125522, "Plan Width": 12, "Actual Rows": 194687, "Actual Loops": 2, "Inner Unique": false, "Merge Cond": "(pl.postid = ph.postid)", "Workers": [], "Plans": [{"Node Type": "Merge Join", "Parent Relationship": "Outer", "Parallel Aware": false, "Async Capable": false, "Join Type": "Inner", "Startup Cost": 0.89, "Total Cost": 7096.53, "Plan Rows": 33129, "Plan Width": 8, "Actual Rows": 31580, "Actual Loops": 2, "Inner Unique": false, "Merge Cond": "(pl.postid = c.postid)", "Workers": [], "Plans": [{"Node Type": "Index Scan", "Parent Relationship": "Outer", "Parallel Aware": false, "Async Capable": false, "Scan Direction": "Forward", "Index Name": "idx_postlinks_postid", "Relation Name": "postlinks", "Alias": "pl", "Startup Cost": 0.29, "Total Cost": 450.8, "Plan Rows": 9788, "Plan Width": 4, "Actual Rows": 9803, "Actual Loops": 2, "Filter": "((creationdate <= '2014-08-11 17:26:31'::timestamp without time zone) AND (linktypeid = 1))", "Rows Removed by Filter": 1299, "Workers": []}, {"Node Type": "Index Scan", "Parent Relationship": "Inner", "Parallel Aware": false, "Async Capable": false, "Scan Direction": "Forward", "Index Name": "idx_comments_postid", "Relation Name": "comments", "Alias": "c", "Startup Cost": 0.42, "Total Cost": 5857.0, "Plan Rows": 173417, "Plan Width": 4, "Actual Rows": 177473, "Actual Loops": 2, "Filter": "(creationdate >= '2010-08-01 12:12:41'::timestamp without time zone)", "Rows Removed by Filter": 912, "Workers": []}]}, {"Node Type": "Index Scan", "Parent Relationship": "Inner", "Parallel Aware": false, "Async Capable": false, "Scan Direction": "Forward", "Index Name": "idx_posthistory_postid", "Relation Name": "posthistory", "Alias": "ph", "Startup Cost": 0.42, "Total Cost": 9831.47, "Plan Rows": 296689, "Plan Width": 4, "Actual Rows": 448621, "Actual Loops": 2, "Filter": "(creationdate >= '2010-09-20 19:11:45'::timestamp without time zone)", "Rows Removed by Filter": 8947, "Workers": []}]}]}]}]}]}]}, "Planning Time": 12.679, "Triggers": [], "Execution Time": 593.758}, {"Plan": {"Node Type": "Aggregate", "Strategy": "Plain", "Partial Mode": "Simple", "Parallel Aware": false, "Async Capable": false, "Startup Cost": 28507.67, "Total Cost": 28507.68, "Plan Rows": 1, "Plan Width": 8, "Actual Rows": 1, "Actual Loops": 1, "Plans": [{"Node Type": "Hash Join", "Parent Relationship": "Outer", "Parallel Aware": false, "Async Capable": false, "Join Type": "Inner", "Startup Cost": 26573.29, "Total Cost": 28444.59, "Plan Rows": 25233, "Plan Width": 0, "Actual Rows": 454094, "Actual Loops": 1, "Inner Unique": false, "Hash Cond": "(pl.postid = p.id)", "Plans": [{"Node Type": "Hash Join", "Parent Relationship": "Outer", "Parallel Aware": false, "Async Capable": false, "Join Type": "Inner", "Startup Cost": 9738.45, "Total Cost": 10896.18, "Plan Rows": 37086, "Plan Width": 8, "Actual Rows": 55293, "Actual Loops": 1, "Inner Unique": false, "Hash Cond": "(pl.postid = ph.postid)", "Plans": [{"Node Type": "Seq Scan", "Parent Relationship": "Outer", "Parallel Aware": false, "Async Capable": false, "Relation Name": "postlinks", "Alias": "pl", "Startup Cost": 0.0, "Total Cost": 248.53, "Plan Rows": 9788, "Plan Width": 4, "Actual Rows": 9803, "Actual Loops": 1, "Filter": "((creationdate <= '2014-08-11 17:26:31'::timestamp without time zone) AND (linktypeid = 1))", "Rows Removed by Filter": 1299}, {"Node Type": "Hash", "Parent Relationship": "Inner", "Parallel Aware": false, "Async Capable": false, "Startup Cost": 6029.84, "Total Cost": 6029.84, "Plan Rows": 296689, "Plan Width": 4, "Actual Rows": 296815, "Actual Loops": 1, "Hash Buckets": 524288, "Original Hash Buckets": 524288, "Hash Batches": 1, "Original Hash Batches": 1, "Peak Memory Usage": 14531, "Plans": [{"Node Type": "Seq Scan", "Parent Relationship": "Outer", "Parallel Aware": false, "Async Capable": false, "Relation Name": "posthistory", "Alias": "ph", "Startup Cost": 0.0, "Total Cost": 6029.84, "Plan Rows": 296689, "Plan Width": 4, "Actual Rows": 296815, "Actual Loops": 1, "Filter": "(creationdate >= '2010-09-20 19:11:45'::timestamp without time zone)", "Rows Removed by Filter": 6372}]}]}, {"Node Type": "Hash", "Parent Relationship": "Inner", "Parallel Aware": false, "Async Capable": false, "Startup Cost": 15916.11, "Total Cost": 15916.11, "Plan Rows": 73498, "Plan Width": 12, "Actual Rows": 147586, "Actual Loops": 1, "Hash Buckets": 262144, "Original Hash Buckets": 131072, "Hash Batches": 1, "Original Hash Batches": 1, "Peak Memory Usage": 8390, "Plans": [{"Node Type": "Hash Join", "Parent Relationship": "Outer", "Parallel Aware": false, "Async Capable": false, "Join Type": "Inner", "Startup Cost": 7282.24, "Total Cost": 15916.11, "Plan Rows": 73498, "Plan Width": 12, "Actual Rows": 147586, "Actual Loops": 1, "Inner Unique": false, "Hash Cond": "(v.postid = p.id)", "Plans": [{"Node Type": "Seq Scan", "Parent Relationship": "Outer", "Parallel Aware": false, "Async Capable": false, "Relation Name": "votes", "Alias": "v", "Startup Cost": 0.0, "Total Cost": 6260.8, "Plan Rows": 327619, "Plan Width": 4, "Actual Rows": 327569, "Actual Loops": 1, "Filter": "(creationdate <= '2014-09-11 00:00:00'::timestamp without time zone)", "Rows Removed by Filter": 495}, {"Node Type": "Hash", "Parent Relationship": "Inner", "Parallel Aware": false, "Async Capable": false, "Startup Cost": 7024.31, "Total Cost": 7024.31, "Plan Rows": 20634, "Plan Width": 8, "Actual Rows": 25695, "Actual Loops": 1, "Hash Buckets": 32768, "Original Hash Buckets": 32768, "Hash Batches": 1, "Original Hash Batches": 1, "Peak Memory Usage": 1260, "Plans": [{"Node Type": "Hash Join", "Parent Relationship": "Outer", "Parallel Aware": false, "Async Capable": false, "Join Type": "Inner", "Startup Cost": 3046.26, "Total Cost": 7024.31, "Plan Rows": 20634, "Plan Width": 8, "Actual Rows": 25695, "Actual Loops": 1, "Inner Unique": true, "Hash Cond": "(c.postid = p.id)", "Plans": [{"Node Type": "Seq Scan", "Parent Relationship": "Outer", "Parallel Aware": false, "Async Capable": false, "Relation Name": "comments", "Alias": "c", "Startup Cost": 0.0, "Total Cost": 3522.81, "Plan Rows": 173417, "Plan Width": 4, "Actual Rows": 173418, "Actual Loops": 1, "Filter": "(creationdate >= '2010-08-01 12:12:41'::timestamp without time zone)", "Rows Removed by Filter": 887}, {"Node Type": "Hash", "Parent Relationship": "Inner", "Parallel Aware": false, "Async Capable": false, "Startup Cost": 2909.46, "Total Cost": 2909.46, "Plan Rows": 10944, "Plan Width": 4, "Actual Rows": 11092, "Actual Loops": 1, "Hash Buckets": 16384, "Original Hash Buckets": 16384, "Hash Batches": 1, "Original Hash Batches": 1, "Peak Memory Usage": 518, "Plans": [{"Node Type": "Seq Scan", "Parent Relationship": "Outer", "Parallel Aware": false, "Async Capable": false, "Relation Name": "posts", "Alias": "p", "Startup Cost": 0.0, "Total Cost": 2909.46, "Plan Rows": 10944, "Plan Width": 4, "Actual Rows": 11092, "Actual Loops": 1, "Filter": "((score <= 44) AND (favoritecount >= 0) AND (favoritecount <= 3) AND (creationdate >= '2010-08-11 13:53:56'::timestamp without time zone) AND (creationdate <= '2014-09-03 11:52:36'::timestamp without time zone))", "Rows Removed by Filter": 80884}]}]}]}]}]}]}]}, "Planning Time": 6.335, "Triggers": [], "Execution Time": 531.841}, {"Plan": {"Node Type": "Aggregate", "Strategy": "Plain", "Partial Mode": "Simple", "Parallel Aware": false, "Async Capable": false, "Startup Cost": 10427.18, "Total Cost": 10427.19, "Plan Rows": 1, "Plan Width": 8, "Actual Rows": 1, "Actual Loops": 1, "Plans": [{"Node Type": "Nested Loop", "Parent Relationship": "Outer", "Parallel Aware": false, "Async Capable": false, "Join Type": "Inner", "Startup Cost": 3047.53, "Total Cost": 10364.09, "Plan Rows": 25233, "Plan Width": 0, "Actual Rows": 454094, "Actual Loops": 1, "Inner Unique": false, "Join Filter": "(p.id = v.postid)", "Rows Removed by Join Filter": 0, "Plans": [{"Node Type": "Nested Loop", "Parent Relationship": "Outer", "Parallel Aware": false, "Async Capable": false, "Join Type": "Inner", "Startup Cost": 3047.1, "Total Cost": 5966.76, "Plan Rows": 7084, "Plan Width": 16, "Actual Rows": 69251, "Actual Loops": 1, "Inner Unique": false, "Join Filter": "(p.id = ph.postid)", "Rows Removed by Join Filter": 0, "Plans": [{"Node Type": "Nested Loop", "Parent Relationship": "Outer", "Parallel Aware": false, "Async Capable": false, "Join Type": "Inner", "Startup Cost": 3046.68, "Total Cost": 4614.23, "Plan Rows": 2196, "Plan Width": 12, "Actual Rows": 10594, "Actual Loops": 1, "Inner Unique": false, "Plans": [{"Node Type": "Hash Join", "Parent Relationship": "Outer", "Parallel Aware": false, "Async Capable": false, "Join Type": "Inner", "Startup Cost": 3046.26, "Total Cost": 3320.48, "Plan Rows": 1165, "Plan Width": 8, "Actual Rows": 3167, "Actual Loops": 1, "Inner Unique": true, "Hash Cond": "(pl.postid = p.id)", "Plans": [{"Node Type": "Seq Scan", "Parent Relationship": "Outer", "Parallel Aware": false, "Async Capable": false, "Relation Name": "postlinks", "Alias": "pl", "Startup Cost": 0.0, "Total Cost": 248.53, "Plan Rows": 9788, "Plan Width": 4, "Actual Rows": 9803, "Actual Loops": 1, "Filter": "((creationdate <= '2014-08-11 17:26:31'::timestamp without time zone) AND (linktypeid = 1))", "Rows Removed by Filter": 1299}, {"Node Type": "Hash", "Parent Relationship": "Inner", "Parallel Aware": false, "Async Capable": false, "Startup Cost": 2909.46, "Total Cost": 2909.46, "Plan Rows": 10944, "Plan Width": 4, "Actual Rows": 11092, "Actual Loops": 1, "Hash Buckets": 16384, "Original Hash Buckets": 16384, "Hash Batches": 1, "Original Hash Batches": 1, "Peak Memory Usage": 518, "Plans": [{"Node Type": "Seq Scan", "Parent Relationship": "Outer", "Parallel Aware": false, "Async Capable": false, "Relation Name": "posts", "Alias": "p", "Startup Cost": 0.0, "Total Cost": 2909.46, "Plan Rows": 10944, "Plan Width": 4, "Actual Rows": 11092, "Actual Loops": 1, "Filter": "((score <= 44) AND (favoritecount >= 0) AND (favoritecount <= 3) AND (creationdate >= '2010-08-11 13:53:56'::timestamp without time zone) AND (creationdate <= '2014-09-03 11:52:36'::timestamp without time zone))", "Rows Removed by Filter": 80884}]}]}, {"Node Type": "Index Scan", "Parent Relationship": "Inner", "Parallel Aware": false, "Async Capable": false, "Scan Direction": "Forward", "Index Name": "idx_comments_postid", "Relation Name": "comments", "Alias": "c", "Startup Cost": 0.42, "Total Cost": 1.08, "Plan Rows": 3, "Plan Width": 4, "Actual Rows": 3, "Actual Loops": 3167, "Index Cond": "(postid = p.id)", "Rows Removed by Index Recheck": 0, "Filter": "(creationdate >= '2010-08-01 12:12:41'::timestamp without time zone)", "Rows Removed by Filter": 0}]}, {"Node Type": "Index Scan", "Parent Relationship": "Inner", "Parallel Aware": false, "Async Capable": false, "Scan Direction": "Forward", "Index Name": "idx_posthistory_postid", "Relation Name": "posthistory", "Alias": "ph", "Startup Cost": 0.42, "Total Cost": 0.57, "Plan Rows": 4, "Plan Width": 4, "Actual Rows": 7, "Actual Loops": 10594, "Index Cond": "(postid = c.postid)", "Rows Removed by Index Recheck": 0, "Filter": "(creationdate >= '2010-09-20 19:11:45'::timestamp without time zone)", "Rows Removed by Filter": 0}]}, {"Node Type": "Index Scan", "Parent Relationship": "Inner", "Parallel Aware": false, "Async Capable": false, "Scan Direction": "Forward", "Index Name": "idx_votes_postid", "Relation Name": "votes", "Alias": "v", "Startup Cost": 0.42, "Total Cost": 0.56, "Plan Rows": 5, "Plan Width": 4, "Actual Rows": 7, "Actual Loops": 69251, "Index Cond": "(postid = ph.postid)", "Rows Removed by Index Recheck": 0, "Filter": "(creationdate <= '2014-09-11 00:00:00'::timestamp without time zone)", "Rows Removed by Filter": 0}]}]}, "Planning Time": 6.237, "Triggers": [], "Execution Time": 296.308}, {"Plan": {"Node Type": "Aggregate", "Strategy": "Plain", "Partial Mode": "Finalize", "Parallel Aware": false, "Async Capable": false, "Startup Cost": 29879.79, "Total Cost": 29879.8, "Plan Rows": 1, "Plan Width": 8, "Actual Rows": 1, "Actual Loops": 1, "Plans": [{"Node Type": "Gather", "Parent Relationship": "Outer", "Parallel Aware": false, "Async Capable": false, "Startup Cost": 29879.68, "Total Cost": 29879.79, "Plan Rows": 1, "Plan Width": 8, "Actual Rows": 2, "Actual Loops": 1, "Workers Planned": 1, "Workers Launched": 1, "Single Copy": false, "Plans": [{"Node Type": "Aggregate", "Strategy": "Plain", "Partial Mode": "Partial", "Parent Relationship": "Outer", "Parallel Aware": false, "Async Capable": false, "Startup Cost": 28879.68, "Total Cost": 28879.69, "Plan Rows": 1, "Plan Width": 8, "Actual Rows": 1, "Actual Loops": 2, "Workers": [], "Plans": [{"Node Type": "Hash Join", "Parent Relationship": "Outer", "Parallel Aware": false, "Async Capable": false, "Join Type": "Inner", "Startup Cost": 21572.3, "Total Cost": 28842.57, "Plan Rows": 14843, "Plan Width": 0, "Actual Rows": 227047, "Actual Loops": 2, "Inner Unique": false, "Hash Cond": "(p.id = pl.postid)", "Workers": [], "Plans": [{"Node Type": "Hash Join", "Parent Relationship": "Outer", "Parallel Aware": true, "Async Capable": false, "Join Type": "Inner", "Startup Cost": 8233.3, "Total Cost": 11599.31, "Plan Rows": 39153, "Plan Width": 12, "Actual Rows": 80206, "Actual Loops": 2, "Inner Unique": false, "Hash Cond": "(c.postid = p.id)", "Workers": [], "Plans": [{"Node Type": "Seq Scan", "Parent Relationship": "Outer", "Parallel Aware": true, "Async Capable": false, "Relation Name": "comments", "Alias": "c", "Startup Cost": 0.0, "Total Cost": 2625.65, "Plan Rows": 102010, "Plan Width": 4, "Actual Rows": 86709, "Actual Loops": 2, "Filter": "(creationdate >= '2010-08-01 12:12:41'::timestamp without time zone)", "Rows Removed by Filter": 444, "Workers": []}, {"Node Type": "Hash", "Parent Relationship": "Inner", "Parallel Aware": true, "Async Capable": false, "Startup Cost": 7973.72, "Total Cost": 7973.72, "Plan Rows": 20766, "Plan Width": 8, "Actual Rows": 30642, "Actual Loops": 2, "Hash Buckets": 65536, "Original Hash Buckets": 65536, "Hash Batches": 1, "Original Hash Batches": 1, "Peak Memory Usage": 2944, "Workers": [], "Plans": [{"Node Type": "Hash Join", "Parent Relationship": "Outer", "Parallel Aware": false, "Async Capable": false, "Join Type": "Inner", "Startup Cost": 3046.26, "Total Cost": 7973.72, "Plan Rows": 20766, "Plan Width": 8, "Actual Rows": 30642, "Actual Loops": 2, "Inner Unique": true, "Hash Cond": "(ph.postid = p.id)", "Workers": [], "Plans": [{"Node Type": "Seq Scan", "Parent Relationship": "Outer", "Parallel Aware": true, "Async Capable": false, "Relation Name": "posthistory", "Alias": "ph", "Startup Cost": 0.0, "Total Cost": 4469.32, "Plan Rows": 174523, "Plan Width": 4, "Actual Rows": 148408, "Actual Loops": 2, "Filter": "(creationdate >= '2010-09-20 19:11:45'::timestamp without time zone)", "Rows Removed by Filter": 3186, "Workers": []}, {"Node Type": "Hash", "Parent Relationship": "Inner", "Parallel Aware": false, "Async Capable": false, "Startup Cost": 2909.46, "Total Cost": 2909.46, "Plan Rows": 10944, "Plan Width": 4, "Actual Rows": 11092, "Actual Loops": 2, "Hash Buckets": 16384, "Original Hash Buckets": 16384, "Hash Batches": 1, "Original Hash Batches": 1, "Peak Memory Usage": 518, "Workers": [], "Plans": [{"Node Type": "Seq Scan", "Parent Relationship": "Outer", "Parallel Aware": false, "Async Capable": false, "Relation Name": "posts", "Alias": "p", "Startup Cost": 0.0, "Total Cost": 2909.46, "Plan Rows": 10944, "Plan Width": 4, "Actual Rows": 11092, "Actual Loops": 2, "Filter": "((score <= 44) AND (favoritecount >= 0) AND (favoritecount <= 3) AND (creationdate >= '2010-08-11 13:53:56'::timestamp without time zone) AND (creationdate <= '2014-09-03 11:52:36'::timestamp without time zone))", "Rows Removed by Filter": 80884, "Workers": []}]}]}]}]}, {"Node Type": "Hash", "Parent Relationship": "Inner", "Parallel Aware": false, "Async Capable": false, "Startup Cost": 12652.87, "Total Cost": 12652.87, "Plan Rows": 54891, "Plan Width": 8, "Actual Rows": 66311, "Actual Loops": 2, "Hash Buckets": 131072, "Original Hash Buckets": 65536, "Hash Batches": 1, "Original Hash Batches": 1, "Peak Memory Usage": 3615, "Workers": [], "Plans": [{"Node Type": "Nested Loop", "Parent Relationship": "Outer", "Parallel Aware": false, "Async Capable": false, "Join Type": "Inner", "Startup Cost": 0.43, "Total Cost": 12652.87, "Plan Rows": 54891, "Plan Width": 8, "Actual Rows": 66311, "Actual Loops": 2, "Inner Unique": false, "Workers": [], "Plans": [{"Node Type": "Seq Scan", "Parent Relationship": "Outer", "Parallel Aware": false, "Async Capable": false, "Relation Name": "postlinks", "Alias": "pl", "Startup Cost": 0.0, "Total Cost": 248.53, "Plan Rows": 9788, "Plan Width": 4, "Actual Rows": 9803, "Actual Loops": 2, "Filter": "((creationdate <= '2014-08-11 17:26:31'::timestamp without time zone) AND (linktypeid = 1))", "Rows Removed by Filter": 1299, "Workers": []}, {"Node Type": "Memoize", "Parent Relationship": "Inner", "Parallel Aware": false, "Async Capable": false, "Startup Cost": 0.43, "Total Cost": 1.62, "Plan Rows": 5, "Plan Width": 4, "Actual Rows": 7, "Actual Loops": 19606, "Cache Key": "pl.postid", "Cache Mode": "logical", "Cache Hits": 2693, "Cache Misses": 7110, "Cache Evictions": 0, "Cache Overflows": 0, "Peak Memory Usage": 1988, "Workers": [{"Worker Number": 0, "Cache Hits": 2693, "Cache Misses": 7110, "Cache Evictions": 0, "Cache Overflows": 0, "Peak Memory Usage": 1988}], "Plans": [{"Node Type": "Index Scan", "Parent Relationship": "Outer", "Parallel Aware": false, "Async Capable": false, "Scan Direction": "Forward", "Index Name": "idx_votes_postid", "Relation Name": "votes", "Alias": "v", "Startup Cost": 0.42, "Total Cost": 1.61, "Plan Rows": 5, "Plan Width": 4, "Actual Rows": 6, "Actual Loops": 14220, "Index Cond": "(postid = pl.postid)", "Rows Removed by Index Recheck": 0, "Filter": "(creationdate <= '2014-09-11 00:00:00'::timestamp without time zone)", "Rows Removed by Filter": 0, "Workers": []}]}]}]}]}]}]}]}, "Planning Time": 11.048, "Triggers": [], "Execution Time": 370.281}, {"Plan": {"Node Type": "Aggregate", "Strategy": "Plain", "Partial Mode": "Finalize", "Parallel Aware": false, "Async Capable": false, "Startup Cost": 34818.82, "Total Cost": 34818.83, "Plan Rows": 1, "Plan Width": 8, "Actual Rows": 1, "Actual Loops": 1, "Plans": [{"Node Type": "Gather", "Parent Relationship": "Outer", "Parallel Aware": false, "Async Capable": false, "Startup Cost": 34818.71, "Total Cost": 34818.82, "Plan Rows": 1, "Plan Width": 8, "Actual Rows": 2, "Actual Loops": 1, "Workers Planned": 1, "Workers Launched": 1, "Single Copy": false, "Plans": [{"Node Type": "Aggregate", "Strategy": "Plain", "Partial Mode": "Partial", "Parent Relationship": "Outer", "Parallel Aware": false, "Async Capable": false, "Startup Cost": 33818.71, "Total Cost": 33818.72, "Plan Rows": 1, "Plan Width": 8, "Actual Rows": 1, "Actual Loops": 2, "Workers": [], "Plans": [{"Node Type": "Merge Join", "Parent Relationship": "Outer", "Parallel Aware": false, "Async Capable": false, "Join Type": "Inner", "Startup Cost": 6764.56, "Total Cost": 33781.6, "Plan Rows": 14843, "Plan Width": 0, "Actual Rows": 227047, "Actual Loops": 2, "Inner Unique": false, "Merge Cond": "(p.id = pl.postid)", "Workers": [], "Plans": [{"Node Type": "Sort", "Parent Relationship": "Outer", "Parallel Aware": false, "Async Capable": false, "Startup Cost": 6763.1, "Total Cost": 6793.44, "Plan Rows": 12138, "Plan Width": 8, "Actual Rows": 12626, "Actual Loops": 2, "Sort Key": ["c.postid"], "Sort Method": "quicksort", "Sort Space Used": 1315, "Sort Space Type": "Memory", "Workers": [{"Worker Number": 0, "Sort Method": "quicksort", "Sort Space Used": 641, "Sort Space Type": "Memory"}], "Plans": [{"Node Type": "Hash Join", "Parent Relationship": "Outer", "Parallel Aware": false, "Async Capable": false, "Join Type": "Inner", "Startup Cost": 3046.26, "Total Cost": 5939.7, "Plan Rows": 12138, "Plan Width": 8, "Actual Rows": 12848, "Actual Loops": 2, "Inner Unique": true, "Hash Cond": "(c.postid = p.id)", "Workers": [], "Plans": [{"Node Type": "Seq Scan", "Parent Relationship": "Outer", "Parallel Aware": true, "Async Capable": false, "Relation Name": "comments", "Alias": "c", "Startup Cost": 0.0, "Total Cost": 2625.65, "Plan Rows": 102010, "Plan Width": 4, "Actual Rows": 86709, "Actual Loops": 2, "Filter": "(creationdate >= '2010-08-01 12:12:41'::timestamp without time zone)", "Rows Removed by Filter": 444, "Workers": []}, {"Node Type": "Hash", "Parent Relationship": "Inner", "Parallel Aware": false, "Async Capable": false, "Startup Cost": 2909.46, "Total Cost": 2909.46, "Plan Rows": 10944, "Plan Width": 4, "Actual Rows": 11092, "Actual Loops": 2, "Hash Buckets": 16384, "Original Hash Buckets": 16384, "Hash Batches": 1, "Original Hash Batches": 1, "Peak Memory Usage": 518, "Workers": [], "Plans": [{"Node Type": "Seq Scan", "Parent Relationship": "Outer", "Parallel Aware": false, "Async Capable": false, "Relation Name": "posts", "Alias": "p", "Startup Cost": 0.0, "Total Cost": 2909.46, "Plan Rows": 10944, "Plan Width": 4, "Actual Rows": 11092, "Actual Loops": 2, "Filter": "((score <= 44) AND (favoritecount >= 0) AND (favoritecount <= 3) AND (creationdate >= '2010-08-11 13:53:56'::timestamp without time zone) AND (creationdate <= '2014-09-03 11:52:36'::timestamp without time zone))", "Rows Removed by Filter": 80884, "Workers": []}]}]}]}, {"Node Type": "Materialize", "Parent Relationship": "Inner", "Parallel Aware": false, "Async Capable": false, "Startup Cost": 1.46, "Total Cost": 26163.41, "Plan Rows": 207978, "Plan Width": 12, "Actual Rows": 569913, "Actual Loops": 2, "Workers": [], "Plans": [{"Node Type": "Merge Join", "Parent Relationship": "Outer", "Parallel Aware": false, "Async Capable": false, "Join Type": "Inner", "Startup Cost": 1.46, "Total Cost": 25643.46, "Plan Rows": 207978, "Plan Width": 12, "Actual Rows": 403975, "Actual Loops": 2, "Inner Unique": false, "Merge Cond": "(pl.postid = ph.postid)", "Workers": [], "Plans": [{"Node Type": "Nested Loop", "Parent Relationship": "Outer", "Parallel Aware": false, "Async Capable": false, "Join Type": "Inner", "Startup Cost": 0.72, "Total Cost": 12855.14, "Plan Rows": 54891, "Plan Width": 8, "Actual Rows": 66311, "Actual Loops": 2, "Inner Unique": false, "Workers": [], "Plans": [{"Node Type": "Index Scan", "Parent Relationship": "Outer", "Parallel Aware": false, "Async Capable": false, "Scan Direction": "Forward", "Index Name": "idx_postlinks_postid", "Relation Name": "postlinks", "Alias": "pl", "Startup Cost": 0.29, "Total Cost": 450.8, "Plan Rows": 9788, "Plan Width": 4, "Actual Rows": 9803, "Actual Loops": 2, "Filter": "((creationdate <= '2014-08-11 17:26:31'::timestamp without time zone) AND (linktypeid = 1))", "Rows Removed by Filter": 1299, "Workers": []}, {"Node Type": "Memoize", "Parent Relationship": "Inner", "Parallel Aware": false, "Async Capable": false, "Startup Cost": 0.43, "Total Cost": 1.62, "Plan Rows": 5, "Plan Width": 4, "Actual Rows": 7, "Actual Loops": 19606, "Cache Key": "pl.postid", "Cache Mode": "logical", "Cache Hits": 2693, "Cache Misses": 7110, "Cache Evictions": 0, "Cache Overflows": 0, "Peak Memory Usage": 1988, "Workers": [{"Worker Number": 0, "Cache Hits": 2693, "Cache Misses": 7110, "Cache Evictions": 0, "Cache Overflows": 0, "Peak Memory Usage": 1988}], "Plans": [{"Node Type": "Index Scan", "Parent Relationship": "Outer", "Parallel Aware": false, "Async Capable": false, "Scan Direction": "Forward", "Index Name": "idx_votes_postid", "Relation Name": "votes", "Alias": "v", "Startup Cost": 0.42, "Total Cost": 1.61, "Plan Rows": 5, "Plan Width": 4, "Actual Rows": 6, "Actual Loops": 14220, "Index Cond": "(postid = pl.postid)", "Rows Removed by Index Recheck": 0, "Filter": "(creationdate <= '2014-09-11 00:00:00'::timestamp without time zone)", "Rows Removed by Filter": 0, "Workers": []}]}]}, {"Node Type": "Index Scan", "Parent Relationship": "Inner", "Parallel Aware": false, "Async Capable": false, "Scan Direction": "Forward", "Index Name": "idx_posthistory_postid", "Relation Name": "posthistory", "Alias": "ph", "Startup Cost": 0.42, "Total Cost": 9831.47, "Plan Rows": 296689, "Plan Width": 4, "Actual Rows": 654354, "Actual Loops": 2, "Filter": "(creationdate >= '2010-09-20 19:11:45'::timestamp without time zone)", "Rows Removed by Filter": 54516, "Workers": []}]}]}]}]}]}]}, "Planning Time": 11.069, "Triggers": [], "Execution Time": 727.836}]