[{"Plan": {"Node Type": "Aggregate", "Strategy": "Plain", "Partial Mode": "Simple", "Parallel Aware": false, "Async Capable": false, "Startup Cost": 8697.19, "Total Cost": 8697.2, "Plan Rows": 1, "Plan Width": 8, "Actual Rows": 1, "Actual Loops": 1, "Plans": [{"Node Type": "Hash Join", "Parent Relationship": "Outer", "Parallel Aware": false, "Async Capable": false, "Join Type": "Inner", "Startup Cost": 6389.15, "Total Cost": 8051.85, "Plan Rows": 258135, "Plan Width": 0, "Actual Rows": 868310, "Actual Loops": 1, "Inner Unique": false, "Hash Cond": "(b.userid = u.id)", "Plans": [{"Node Type": "Seq Scan", "Parent Relationship": "Outer", "Parallel Aware": false, "Async Capable": false, "Relation Name": "badges", "Alias": "b", "Startup Cost": 0.0, "Total Cost": 1230.51, "Plan Rows": 79851, "Plan Width": 4, "Actual Rows": 79851, "Actual Loops": 1}, {"Node Type": "Hash", "Parent Relationship": "Inner", "Parallel Aware": false, "Async Capable": false, "Startup Cost": 6305.35, "Total Cost": 6305.35, "Plan Rows": 6704, "Plan Width": 8, "Actual Rows": 57739, "Actual Loops": 1, "Hash Buckets": 65536, "Original Hash Buckets": 8192, "Hash Batches": 1, "Original Hash Batches": 1, "Peak Memory Usage": 2768, "Plans": [{"Node Type": "Nested Loop", "Parent Relationship": "Outer", "Parallel Aware": false, "Async Capable": false, "Join Type": "Inner", "Startup Cost": 2610.65, "Total Cost": 6305.35, "Plan Rows": 6704, "Plan Width": 8, "Actual Rows": 57739, "Actual Loops": 1, "Inner Unique": false, "Join Filter": "(p.id = v.postid)", "Rows Removed by Join Filter": 0, "Plans": [{"Node Type": "Nested Loop", "Parent Relationship": "Outer", "Parallel Aware": false, "Async Capable": false, "Join Type": "Inner", "Startup Cost": 2610.23, "Total Cost": 4783.17, "Plan Rows": 2355, "Plan Width": 20, "Actual Rows": 9219, "Actual Loops": 1, "Inner Unique": false, "Plans": [{"Node Type": "Nested Loop", "Parent Relationship": "Outer", "Parallel Aware": false, "Async Capable": false, "Join Type": "Inner", "Startup Cost": 2609.81, "Total Cost": 3490.12, "Plan Rows": 1254, "Plan Width": 16, "Actual Rows": 3268, "Actual Loops": 1, "Inner Unique": true, "Plans": [{"Node Type": "Hash Join", "Parent Relationship": "Outer", "Parallel Aware": false, "Async Capable": false, "Join Type": "Inner", "Startup Cost": 2609.52, "Total Cost": 2883.86, "Plan Rows": 1368, "Plan Width": 12, "Actual Rows": 4556, "Actual Loops": 1, "Inner Unique": true, "Hash Cond": "(pl.relatedpostid = p.id)", "Plans": [{"Node Type": "Seq Scan", "Parent Relationship": "Outer", "Parallel Aware": false, "Async Capable": false, "Relation Name": "postlinks", "Alias": "pl", "Startup Cost": 0.0, "Total Cost": 248.53, "Plan Rows": 9832, "Plan Width": 4, "Actual Rows": 9802, "Actual Loops": 1, "Filter": "((creationdate >= '2011-03-11 18:50:29'::timestamp without time zone) AND (linktypeid = 1))", "Rows Removed by Filter": 1300}, {"Node Type": "Hash", "Parent Relationship": "Inner", "Parallel Aware": false, "Async Capable": false, "Startup Cost": 2449.58, "Total Cost": 2449.58, "Plan Rows": 12795, "Plan Width": 8, "Actual Rows": 12355, "Actual Loops": 1, "Hash Buckets": 16384, "Original Hash Buckets": 16384, "Hash Batches": 1, "Original Hash Batches": 1, "Peak Memory Usage": 610, "Plans": [{"Node Type": "Seq Scan", "Parent Relationship": "Outer", "Parallel Aware": false, "Async Capable": false, "Relation Name": "posts", "Alias": "p", "Startup Cost": 0.0, "Total Cost": 2449.58, "Plan Rows": 12795, "Plan Width": 8, "Actual Rows": 12355, "Actual Loops": 1, "Filter": "((score >= 0) AND (score <= 13) AND (favoritecount >= 0))", "Rows Removed by Filter": 79621}]}]}, {"Node Type": "Index Scan", "Parent Relationship": "Inner", "Parallel Aware": false, "Async Capable": false, "Scan Direction": "Forward", "Index Name": "users_pkey", "Relation Name": "users", "Alias": "u", "Startup Cost": 0.29, "Total Cost": 0.44, "Plan Rows": 1, "Plan Width": 4, "Actual Rows": 1, "Actual Loops": 4556, "Index Cond": "(id = p.owneruserid)", "Rows Removed by Index Recheck": 0, "Filter": "((reputation >= 1) AND (creationdate >= '2011-02-17 03:42:02'::timestamp without time zone) AND (creationdate <= '2014-09-01 10:54:39'::timestamp without time zone))", "Rows Removed by Filter": 0}]}, {"Node Type": "Index Scan", "Parent Relationship": "Inner", "Parallel Aware": false, "Async Capable": false, "Scan Direction": "Forward", "Index Name": "idx_comments_postid", "Relation Name": "comments", "Alias": "c", "Startup Cost": 0.42, "Total Cost": 1.0, "Plan Rows": 3, "Plan Width": 4, "Actual Rows": 3, "Actual Loops": 3268, "Index Cond": "(postid = p.id)", "Rows Removed by Index Recheck": 0, "Filter": "((creationdate >= '2010-08-06 12:21:39'::timestamp without time zone) AND (creationdate <= '2014-09-11 20:55:34'::timestamp without time zone))", "Rows Removed by Filter": 0}]}, {"Node Type": "Index Scan", "Parent Relationship": "Inner", "Parallel Aware": false, "Async Capable": false, "Scan Direction": "Forward", "Index Name": "idx_votes_postid", "Relation Name": "votes", "Alias": "v", "Startup Cost": 0.42, "Total Cost": 0.6, "Plan Rows": 4, "Plan Width": 4, "Actual Rows": 6, "Actual Loops": 9219, "Index Cond": "(postid = c.postid)", "Rows Removed by Index Recheck": 0, "Filter": "((creationdate <= '2014-09-11 00:00:00'::timestamp without time zone) AND (votetypeid = 2))", "Rows Removed by Filter": 3}]}]}]}]}, "Planning Time": 6.046, "Triggers": [], "Execution Time": 205.932}, {"Plan": {"Node Type": "Aggregate", "Strategy": "Plain", "Partial Mode": "Finalize", "Parallel Aware": false, "Async Capable": false, "Startup Cost": 16519.09, "Total Cost": 16519.1, "Plan Rows": 1, "Plan Width": 8, "Actual Rows": 1, "Actual Loops": 1, "Plans": [{"Node Type": "Gather", "Parent Relationship": "Outer", "Parallel Aware": false, "Async Capable": false, "Startup Cost": 16518.98, "Total Cost": 16519.09, "Plan Rows": 1, "Plan Width": 8, "Actual Rows": 2, "Actual Loops": 1, "Workers Planned": 1, "Workers Launched": 1, "Single Copy": false, "Plans": [{"Node Type": "Aggregate", "Strategy": "Plain", "Partial Mode": "Partial", "Parent Relationship": "Outer", "Parallel Aware": false, "Async Capable": false, "Startup Cost": 15518.98, "Total Cost": 15518.99, "Plan Rows": 1, "Plan Width": 8, "Actual Rows": 1, "Actual Loops": 2, "Workers": [], "Plans": [{"Node Type": "Hash Join", "Parent Relationship": "Outer", "Parallel Aware": false, "Async Capable": false, "Join Type": "Inner", "Startup Cost": 6833.58, "Total Cost": 15139.37, "Plan Rows": 151844, "Plan Width": 0, "Actual Rows": 434155, "Actual Loops": 2, "Inner Unique": false, "Hash Cond": "(v.postid = p.id)", "Workers": [], "Plans": [{"Node Type": "Seq Scan", "Parent Relationship": "Outer", "Parallel Aware": true, "Async Capable": false, "Relation Name": "votes", "Alias": "v", "Startup Cost": 0.0, "Total Cost": 5054.68, "Plan Rows": 154005, "Plan Width": 4, "Actual Rows": 130868, "Actual Loops": 2, "Filter": "((creationdate <= '2014-09-11 00:00:00'::timestamp without time zone) AND (votetypeid = 2))", "Rows Removed by Filter": 33164, "Workers": []}, {"Node Type": "Hash", "Parent Relationship": "Inner", "Parallel Aware": false, "Async Capable": false, "Startup Cost": 5699.93, "Total Cost": 5699.93, "Plan Rows": 90692, "Plan Width": 12, "Actual Rows": 124795, "Actual Loops": 2, "Hash Buckets": 131072, "Original Hash Buckets": 131072, "Hash Batches": 1, "Original Hash Batches": 1, "Peak Memory Usage": 6387, "Workers": [], "Plans": [{"Node Type": "Nested Loop", "Parent Relationship": "Outer", "Parallel Aware": false, "Async Capable": false, "Join Type": "Inner", "Startup Cost": 2610.52, "Total Cost": 5699.93, "Plan Rows": 90692, "Plan Width": 12, "Actual Rows": 124795, "Actual Loops": 2, "Inner Unique": false, "Workers": [], "Plans": [{"Node Type": "Nested Loop", "Parent Relationship": "Outer", "Parallel Aware": false, "Async Capable": false, "Join Type": "Inner", "Startup Cost": 2610.23, "Total Cost": 4783.17, "Plan Rows": 2355, "Plan Width": 20, "Actual Rows": 9219, "Actual Loops": 2, "Inner Unique": false, "Workers": [], "Plans": [{"Node Type": "Nested Loop", "Parent Relationship": "Outer", "Parallel Aware": false, "Async Capable": false, "Join Type": "Inner", "Startup Cost": 2609.81, "Total Cost": 3490.12, "Plan Rows": 1254, "Plan Width": 16, "Actual Rows": 3268, "Actual Loops": 2, "Inner Unique": true, "Workers": [], "Plans": [{"Node Type": "Hash Join", "Parent Relationship": "Outer", "Parallel Aware": false, "Async Capable": false, "Join Type": "Inner", "Startup Cost": 2609.52, "Total Cost": 2883.86, "Plan Rows": 1368, "Plan Width": 12, "Actual Rows": 4556, "Actual Loops": 2, "Inner Unique": true, "Hash Cond": "(pl.relatedpostid = p.id)", "Workers": [], "Plans": [{"Node Type": "Seq Scan", "Parent Relationship": "Outer", "Parallel Aware": false, "Async Capable": false, "Relation Name": "postlinks", "Alias": "pl", "Startup Cost": 0.0, "Total Cost": 248.53, "Plan Rows": 9832, "Plan Width": 4, "Actual Rows": 9802, "Actual Loops": 2, "Filter": "((creationdate >= '2011-03-11 18:50:29'::timestamp without time zone) AND (linktypeid = 1))", "Rows Removed by Filter": 1300, "Workers": []}, {"Node Type": "Hash", "Parent Relationship": "Inner", "Parallel Aware": false, "Async Capable": false, "Startup Cost": 2449.58, "Total Cost": 2449.58, "Plan Rows": 12795, "Plan Width": 8, "Actual Rows": 12355, "Actual Loops": 2, "Hash Buckets": 16384, "Original Hash Buckets": 16384, "Hash Batches": 1, "Original Hash Batches": 1, "Peak Memory Usage": 610, "Workers": [], "Plans": [{"Node Type": "Seq Scan", "Parent Relationship": "Outer", "Parallel Aware": false, "Async Capable": false, "Relation Name": "posts", "Alias": "p", "Startup Cost": 0.0, "Total Cost": 2449.58, "Plan Rows": 12795, "Plan Width": 8, "Actual Rows": 12355, "Actual Loops": 2, "Filter": "((score >= 0) AND (score <= 13) AND (favoritecount >= 0))", "Rows Removed by Filter": 79621, "Workers": []}]}]}, {"Node Type": "Index Scan", "Parent Relationship": "Inner", "Parallel Aware": false, "Async Capable": false, "Scan Direction": "Forward", "Index Name": "users_pkey", "Relation Name": "users", "Alias": "u", "Startup Cost": 0.29, "Total Cost": 0.44, "Plan Rows": 1, "Plan Width": 4, "Actual Rows": 1, "Actual Loops": 9112, "Index Cond": "(id = p.owneruserid)", "Rows Removed by Index Recheck": 0, "Filter": "((reputation >= 1) AND (creationdate >= '2011-02-17 03:42:02'::timestamp without time zone) AND (creationdate <= '2014-09-01 10:54:39'::timestamp without time zone))", "Rows Removed by Filter": 0, "Workers": []}]}, {"Node Type": "Index Scan", "Parent Relationship": "Inner", "Parallel Aware": false, "Async Capable": false, "Scan Direction": "Forward", "Index Name": "idx_comments_postid", "Relation Name": "comments", "Alias": "c", "Startup Cost": 0.42, "Total Cost": 1.0, "Plan Rows": 3, "Plan Width": 4, "Actual Rows": 3, "Actual Loops": 6536, "Index Cond": "(postid = p.id)", "Rows Removed by Index Recheck": 0, "Filter": "((creationdate >= '2010-08-06 12:21:39'::timestamp without time zone) AND (creationdate <= '2014-09-11 20:55:34'::timestamp without time zone))", "Rows Removed by Filter": 0, "Workers": []}]}, {"Node Type": "Index Only Scan", "Parent Relationship": "Inner", "Parallel Aware": false, "Async Capable": false, "Scan Direction": "Forward", "Index Name": "idx_badges_userid", "Relation Name": "badges", "Alias": "b", "Startup Cost": 0.29, "Total Cost": 0.36, "Plan Rows": 3, "Plan Width": 4, "Actual Rows": 14, "Actual Loops": 18438, "Index Cond": "(userid = u.id)", "Rows Removed by Index Recheck": 0, "Heap Fetches": 0, "Workers": []}]}]}]}]}]}]}, "Planning Time": 11.191, "Triggers": [], "Execution Time": 231.438}, {"Plan": {"Node Type": "Aggregate", "Strategy": "Plain", "Partial Mode": "Simple", "Parallel Aware": false, "Async Capable": false, "Startup Cost": 44533.47, "Total Cost": 44533.48, "Plan Rows": 1, "Plan Width": 8, "Actual Rows": 1, "Actual Loops": 1, "Plans": [{"Node Type": "Merge Join", "Parent Relationship": "Outer", "Parallel Aware": false, "Async Capable": false, "Join Type": "Inner", "Startup Cost": 3324.12, "Total Cost": 43888.13, "Plan Rows": 258135, "Plan Width": 0, "Actual Rows": 868310, "Actual Loops": 1, "Inner Unique": false, "Merge Cond": "(p.id = c.postid)", "Plans": [{"Node Type": "Nested Loop", "Parent Relationship": "Outer", "Parallel Aware": false, "Async Capable": false, "Join Type": "Inner", "Startup Cost": 3323.28, "Total Cost": 5105.4, "Plan Rows": 48274, "Plan Width": 8, "Actual Rows": 42182, "Actual Loops": 1, "Inner Unique": false, "Plans": [{"Node Type": "Nested Loop", "Parent Relationship": "Outer", "Parallel Aware": false, "Async Capable": false, "Join Type": "Inner", "Startup Cost": 3322.98, "Total Cost": 4617.24, "Plan Rows": 1254, "Plan Width": 16, "Actual Rows": 3268, "Actual Loops": 1, "Inner Unique": true, "Plans": [{"Node Type": "Merge Join", "Parent Relationship": "Outer", "Parallel Aware": false, "Async Capable": false, "Join Type": "Inner", "Startup Cost": 3322.69, "Total Cost": 4010.98, "Plan Rows": 1368, "Plan Width": 12, "Actual Rows": 4556, "Actual Loops": 1, "Inner Unique": true, "Merge Cond": "(pl.relatedpostid = p.id)", "Plans": [{"Node Type": "Index Scan", "Parent Relationship": "Outer", "Parallel Aware": false, "Async Capable": false, "Scan Direction": "Forward", "Index Name": "idx_postlinks_relatedpostid", "Relation Name": "postlinks", "Alias": "pl", "Startup Cost": 0.29, "Total Cost": 586.47, "Plan Rows": 9832, "Plan Width": 4, "Actual Rows": 9802, "Actual Loops": 1, "Filter": "((creationdate >= '2011-03-11 18:50:29'::timestamp without time zone) AND (linktypeid = 1))", "Rows Removed by Filter": 1300}, {"Node Type": "Sort", "Parent Relationship": "Inner", "Parallel Aware": false, "Async Capable": false, "Startup Cost": 3322.41, "Total Cost": 3354.4, "Plan Rows": 12795, "Plan Width": 8, "Actual Rows": 12346, "Actual Loops": 1, "Sort Key": ["p.id"], "Sort Method": "quicksort", "Sort Space Used": 771, "Sort Space Type": "Memory", "Plans": [{"Node Type": "Seq Scan", "Parent Relationship": "Outer", "Parallel Aware": false, "Async Capable": false, "Relation Name": "posts", "Alias": "p", "Startup Cost": 0.0, "Total Cost": 2449.58, "Plan Rows": 12795, "Plan Width": 8, "Actual Rows": 12355, "Actual Loops": 1, "Filter": "((score >= 0) AND (score <= 13) AND (favoritecount >= 0))", "Rows Removed by Filter": 79621}]}]}, {"Node Type": "Index Scan", "Parent Relationship": "Inner", "Parallel Aware": false, "Async Capable": false, "Scan Direction": "Forward", "Index Name": "users_pkey", "Relation Name": "users", "Alias": "u", "Startup Cost": 0.29, "Total Cost": 0.44, "Plan Rows": 1, "Plan Width": 4, "Actual Rows": 1, "Actual Loops": 4556, "Index Cond": "(id = p.owneruserid)", "Rows Removed by Index Recheck": 0, "Filter": "((reputation >= 1) AND (creationdate >= '2011-02-17 03:42:02'::timestamp without time zone) AND (creationdate <= '2014-09-01 10:54:39'::timestamp without time zone))", "Rows Removed by Filter": 0}]}, {"Node Type": "Index Only Scan", "Parent Relationship": "Inner", "Parallel Aware": false, "Async Capable": false, "Scan Direction": "Forward", "Index Name": "idx_badges_userid", "Relation Name": "badges", "Alias": "b", "Startup Cost": 0.29, "Total Cost": 0.36, "Plan Rows": 3, "Plan Width": 4, "Actual Rows": 13, "Actual Loops": 3268, "Index Cond": "(userid = u.id)", "Rows Removed by Index Recheck": 0, "Heap Fetches": 0}]}, {"Node Type": "Materialize", "Parent Relationship": "Inner", "Parallel Aware": false, "Async Capable": false, "Startup Cost": 0.84, "Total Cost": 33038.99, "Plan Rows": 725697, "Plan Width": 8, "Actual Rows": 1502535, "Actual Loops": 1, "Plans": [{"Node Type": "Merge Join", "Parent Relationship": "Outer", "Parallel Aware": false, "Async Capable": false, "Join Type": "Inner", "Startup Cost": 0.84, "Total Cost": 31224.75, "Plan Rows": 725697, "Plan Width": 8, "Actual Rows": 663132, "Actual Loops": 1, "Inner Unique": false, "Merge Cond": "(c.postid = v.postid)", "Plans": [{"Node Type": "Index Scan", "Parent Relationship": "Outer", "Parallel Aware": false, "Async Capable": false, "Scan Direction": "Forward", "Index Name": "idx_comments_postid", "Relation Name": "comments", "Alias": "c", "Startup Cost": 0.42, "Total Cost": 6292.76, "Plan Rows": 172812, "Plan Width": 4, "Actual Rows": 171629, "Actual Loops": 1, "Filter": "((creationdate >= '2010-08-06 12:21:39'::timestamp without time zone) AND (creationdate <= '2014-09-11 20:55:34'::timestamp without time zone))", "Rows Removed by Filter": 1238}, {"Node Type": "Materialize", "Parent Relationship": "Inner", "Parallel Aware": false, "Async Capable": false, "Startup Cost": 0.42, "Total Cost": 14269.1, "Plan Rows": 261809, "Plan Width": 4, "Actual Rows": 746990, "Actual Loops": 1, "Plans": [{"Node Type": "Index Scan", "Parent Relationship": "Outer", "Parallel Aware": false, "Async Capable": false, "Scan Direction": "Forward", "Index Name": "idx_votes_postid", "Relation Name": "votes", "Alias": "v", "Startup Cost": 0.42, "Total Cost": 13614.58, "Plan Rows": 261809, "Plan Width": 4, "Actual Rows": 260725, "Actual Loops": 1, "Filter": "((creationdate <= '2014-09-11 00:00:00'::timestamp without time zone) AND (votetypeid = 2))", "Rows Removed by Filter": 65805}]}]}]}]}]}, "Planning Time": 5.919, "Triggers": [], "Execution Time": 791.339}, {"Plan": {"Node Type": "Aggregate", "Strategy": "Plain", "Partial Mode": "Finalize", "Parallel Aware": false, "Async Capable": false, "Startup Cost": 36401.07, "Total Cost": 36401.08, "Plan Rows": 1, "Plan Width": 8, "Actual Rows": 1, "Actual Loops": 1, "Plans": [{"Node Type": "Gather", "Parent Relationship": "Outer", "Parallel Aware": false, "Async Capable": false, "Startup Cost": 36400.96, "Total Cost": 36401.07, "Plan Rows": 1, "Plan Width": 8, "Actual Rows": 2, "Actual Loops": 1, "Workers Planned": 1, "Workers Launched": 1, "Single Copy": false, "Plans": [{"Node Type": "Aggregate", "Strategy": "Plain", "Partial Mode": "Partial", "Parent Relationship": "Outer", "Parallel Aware": false, "Async Capable": false, "Startup Cost": 35400.96, "Total Cost": 35400.97, "Plan Rows": 1, "Plan Width": 8, "Actual Rows": 1, "Actual Loops": 2, "Workers": [], "Plans": [{"Node Type": "Merge Join", "Parent Relationship": "Outer", "Parallel Aware": false, "Async Capable": false, "Join Type": "Inner", "Startup Cost": 3324.12, "Total Cost": 35021.35, "Plan Rows": 151844, "Plan Width": 0, "Actual Rows": 434155, "Actual Loops": 2, "Inner Unique": false, "Merge Cond": "(c.postid = p.id)", "Workers": [], "Plans": [{"Node Type": "Merge Join", "Parent Relationship": "Outer", "Parallel Aware": false, "Async Capable": false, "Join Type": "Inner", "Startup Cost": 0.84, "Total Cost": 25488.04, "Plan Rows": 426881, "Plan Width": 8, "Actual Rows": 331566, "Actual Loops": 2, "Inner Unique": false, "Merge Cond": "(c.postid = v.postid)", "Workers": [], "Plans": [{"Node Type": "Index Scan", "Parent Relationship": "Outer", "Parallel Aware": true, "Async Capable": false, "Scan Direction": "Forward", "Index Name": "idx_comments_postid", "Relation Name": "comments", "Alias": "c", "Startup Cost": 0.42, "Total Cost": 5216.17, "Plan Rows": 101654, "Plan Width": 4, "Actual Rows": 85818, "Actual Loops": 2, "Filter": "((creationdate >= '2010-08-06 12:21:39'::timestamp without time zone) AND (creationdate <= '2014-09-11 20:55:34'::timestamp without time zone))", "Rows Removed by Filter": 622, "Workers": []}, {"Node Type": "Materialize", "Parent Relationship": "Inner", "Parallel Aware": false, "Async Capable": false, "Startup Cost": 0.42, "Total Cost": 14269.1, "Plan Rows": 261809, "Plan Width": 4, "Actual Rows": 504116, "Actual Loops": 2, "Workers": [], "Plans": [{"Node Type": "Index Scan", "Parent Relationship": "Outer", "Parallel Aware": false, "Async Capable": false, "Scan Direction": "Forward", "Index Name": "idx_votes_postid", "Relation Name": "votes", "Alias": "v", "Startup Cost": 0.42, "Total Cost": 13614.58, "Plan Rows": 261809, "Plan Width": 4, "Actual Rows": 260983, "Actual Loops": 2, "Filter": "((creationdate <= '2014-09-11 00:00:00'::timestamp without time zone) AND (votetypeid = 2))", "Rows Removed by Filter": 65876, "Workers": []}]}]}, {"Node Type": "Materialize", "Parent Relationship": "Inner", "Parallel Aware": false, "Async Capable": false, "Startup Cost": 3323.28, "Total Cost": 5226.09, "Plan Rows": 48274, "Plan Width": 8, "Actual Rows": 461256, "Actual Loops": 2, "Workers": [], "Plans": [{"Node Type": "Nested Loop", "Parent Relationship": "Outer", "Parallel Aware": false, "Async Capable": false, "Join Type": "Inner", "Startup Cost": 3323.28, "Total Cost": 5105.4, "Plan Rows": 48274, "Plan Width": 8, "Actual Rows": 42182, "Actual Loops": 2, "Inner Unique": false, "Workers": [], "Plans": [{"Node Type": "Nested Loop", "Parent Relationship": "Outer", "Parallel Aware": false, "Async Capable": false, "Join Type": "Inner", "Startup Cost": 3322.98, "Total Cost": 4617.24, "Plan Rows": 1254, "Plan Width": 16, "Actual Rows": 3268, "Actual Loops": 2, "Inner Unique": true, "Workers": [], "Plans": [{"Node Type": "Merge Join", "Parent Relationship": "Outer", "Parallel Aware": false, "Async Capable": false, "Join Type": "Inner", "Startup Cost": 3322.69, "Total Cost": 4010.98, "Plan Rows": 1368, "Plan Width": 12, "Actual Rows": 4556, "Actual Loops": 2, "Inner Unique": true, "Merge Cond": "(pl.relatedpostid = p.id)", "Workers": [], "Plans": [{"Node Type": "Index Scan", "Parent Relationship": "Outer", "Parallel Aware": false, "Async Capable": false, "Scan Direction": "Forward", "Index Name": "idx_postlinks_relatedpostid", "Relation Name": "postlinks", "Alias": "pl", "Startup Cost": 0.29, "Total Cost": 586.47, "Plan Rows": 9832, "Plan Width": 4, "Actual Rows": 9802, "Actual Loops": 2, "Filter": "((creationdate >= '2011-03-11 18:50:29'::timestamp without time zone) AND (linktypeid = 1))", "Rows Removed by Filter": 1300, "Workers": []}, {"Node Type": "Sort", "Parent Relationship": "Inner", "Parallel Aware": false, "Async Capable": false, "Startup Cost": 3322.41, "Total Cost": 3354.4, "Plan Rows": 12795, "Plan Width": 8, "Actual Rows": 12346, "Actual Loops": 2, "Sort Key": ["p.id"], "Sort Method": "quicksort", "Sort Space Used": 771, "Sort Space Type": "Memory", "Workers": [{"Worker Number": 0, "Sort Method": "quicksort", "Sort Space Used": 771, "Sort Space Type": "Memory"}], "Plans": [{"Node Type": "Seq Scan", "Parent Relationship": "Outer", "Parallel Aware": false, "Async Capable": false, "Relation Name": "posts", "Alias": "p", "Startup Cost": 0.0, "Total Cost": 2449.58, "Plan Rows": 12795, "Plan Width": 8, "Actual Rows": 12355, "Actual Loops": 2, "Filter": "((score >= 0) AND (score <= 13) AND (favoritecount >= 0))", "Rows Removed by Filter": 79621, "Workers": []}]}]}, {"Node Type": "Index Scan", "Parent Relationship": "Inner", "Parallel Aware": false, "Async Capable": false, "Scan Direction": "Forward", "Index Name": "users_pkey", "Relation Name": "users", "Alias": "u", "Startup Cost": 0.29, "Total Cost": 0.44, "Plan Rows": 1, "Plan Width": 4, "Actual Rows": 1, "Actual Loops": 9112, "Index Cond": "(id = p.owneruserid)", "Rows Removed by Index Recheck": 0, "Filter": "((reputation >= 1) AND (creationdate >= '2011-02-17 03:42:02'::timestamp without time zone) AND (creationdate <= '2014-09-01 10:54:39'::timestamp without time zone))", "Rows Removed by Filter": 0, "Workers": []}]}, {"Node Type": "Index Only Scan", "Parent Relationship": "Inner", "Parallel Aware": false, "Async Capable": false, "Scan Direction": "Forward", "Index Name": "idx_badges_userid", "Relation Name": "badges", "Alias": "b", "Startup Cost": 0.29, "Total Cost": 0.36, "Plan Rows": 3, "Plan Width": 4, "Actual Rows": 13, "Actual Loops": 6536, "Index Cond": "(userid = u.id)", "Rows Removed by Index Recheck": 0, "Heap Fetches": 0, "Workers": []}]}]}]}]}]}]}, "Planning Time": 9.437, "Triggers": [], "Execution Time": 590.416}, {"Plan": {"Node Type": "Aggregate", "Strategy": "Plain", "Partial Mode": "Simple", "Parallel Aware": false, "Async Capable": false, "Startup Cost": 42154.21, "Total Cost": 42154.22, "Plan Rows": 1, "Plan Width": 8, "Actual Rows": 1, "Actual Loops": 1, "Plans": [{"Node Type": "Merge Join", "Parent Relationship": "Outer", "Parallel Aware": false, "Async Capable": false, "Join Type": "Inner", "Startup Cost": 2.03, "Total Cost": 41508.87, "Plan Rows": 258135, "Plan Width": 0, "Actual Rows": 868310, "Actual Loops": 1, "Inner Unique": false, "Merge Cond": "(c.postid = p.id)", "Plans": [{"Node Type": "Nested Loop", "Parent Relationship": "Outer", "Parallel Aware": false, "Async Capable": false, "Join Type": "Inner", "Startup Cost": 1.15, "Total Cost": 17659.68, "Plan Rows": 137898, "Plan Width": 12, "Actual Rows": 572851, "Actual Loops": 1, "Inner Unique": false, "Join Filter": "(c.postid = v.postid)", "Rows Removed by Join Filter": 0, "Plans": [{"Node Type": "Nested Loop", "Parent Relationship": "Outer", "Parallel Aware": false, "Async Capable": false, "Join Type": "Inner", "Startup Cost": 0.72, "Total Cost": 7005.07, "Plan Rows": 32838, "Plan Width": 8, "Actual Rows": 28803, "Actual Loops": 1, "Inner Unique": false, "Plans": [{"Node Type": "Index Scan", "Parent Relationship": "Outer", "Parallel Aware": false, "Async Capable": false, "Scan Direction": "Forward", "Index Name": "idx_postlinks_relatedpostid", "Relation Name": "postlinks", "Alias": "pl", "Startup Cost": 0.29, "Total Cost": 586.47, "Plan Rows": 9832, "Plan Width": 4, "Actual Rows": 9802, "Actual Loops": 1, "Filter": "((creationdate >= '2011-03-11 18:50:29'::timestamp without time zone) AND (linktypeid = 1))", "Rows Removed by Filter": 1300}, {"Node Type": "Memoize", "Parent Relationship": "Inner", "Parallel Aware": false, "Async Capable": false, "Startup Cost": 0.43, "Total Cost": 1.17, "Plan Rows": 3, "Plan Width": 4, "Actual Rows": 3, "Actual Loops": 9802, "Cache Key": "pl.relatedpostid", "Cache Mode": "logical", "Cache Hits": 4849, "Cache Misses": 4953, "Cache Evictions": 0, "Cache Overflows": 0, "Peak Memory Usage": 801, "Plans": [{"Node Type": "Index Scan", "Parent Relationship": "Outer", "Parallel Aware": false, "Async Capable": false, "Scan Direction": "Forward", "Index Name": "idx_comments_postid", "Relation Name": "comments", "Alias": "c", "Startup Cost": 0.42, "Total Cost": 1.16, "Plan Rows": 3, "Plan Width": 4, "Actual Rows": 3, "Actual Loops": 4953, "Index Cond": "(postid = pl.relatedpostid)", "Rows Removed by Index Recheck": 0, "Filter": "((creationdate >= '2010-08-06 12:21:39'::timestamp without time zone) AND (creationdate <= '2014-09-11 20:55:34'::timestamp without time zone))", "Rows Removed by Filter": 0}]}]}, {"Node Type": "Memoize", "Parent Relationship": "Inner", "Parallel Aware": false, "Async Capable": false, "Startup Cost": 0.43, "Total Cost": 1.62, "Plan Rows": 4, "Plan Width": 4, "Actual Rows": 20, "Actual Loops": 28803, "Cache Key": "pl.relatedpostid", "Cache Mode": "logical", "Cache Hits": 25385, "Cache Misses": 3418, "Cache Evictions": 0, "Cache Overflows": 0, "Peak Memory Usage": 1134, "Plans": [{"Node Type": "Index Scan", "Parent Relationship": "Outer", "Parallel Aware": false, "Async Capable": false, "Scan Direction": "Forward", "Index Name": "idx_votes_postid", "Relation Name": "votes", "Alias": "v", "Startup Cost": 0.42, "Total Cost": 1.61, "Plan Rows": 4, "Plan Width": 4, "Actual Rows": 8, "Actual Loops": 3418, "Index Cond": "(postid = pl.relatedpostid)", "Rows Removed by Index Recheck": 0, "Filter": "((creationdate <= '2014-09-11 00:00:00'::timestamp without time zone) AND (votetypeid = 2))", "Rows Removed by Filter": 4}]}]}, {"Node Type": "Materialize", "Parent Relationship": "Inner", "Parallel Aware": false, "Async Capable": false, "Startup Cost": 0.89, "Total Cost": 14479.27, "Plan Rows": 451517, "Plan Width": 4, "Actual Rows": 943967, "Actual Loops": 1, "Plans": [{"Node Type": "Nested Loop", "Parent Relationship": "Outer", "Parallel Aware": false, "Async Capable": false, "Join Type": "Inner", "Startup Cost": 0.89, "Total Cost": 13350.48, "Plan Rows": 451517, "Plan Width": 4, "Actual Rows": 91576, "Actual Loops": 1, "Inner Unique": false, "Plans": [{"Node Type": "Nested Loop", "Parent Relationship": "Outer", "Parallel Aware": false, "Async Capable": false, "Join Type": "Inner", "Startup Cost": 0.59, "Total Cost": 8785.73, "Plan Rows": 11726, "Plan Width": 12, "Actual Rows": 9699, "Actual Loops": 1, "Inner Unique": true, "Plans": [{"Node Type": "Index Scan", "Parent Relationship": "Outer", "Parallel Aware": false, "Async Capable": false, "Scan Direction": "Forward", "Index Name": "posts_pkey", "Relation Name": "posts", "Alias": "p", "Startup Cost": 0.29, "Total Cost": 3928.99, "Plan Rows": 12795, "Plan Width": 8, "Actual Rows": 12309, "Actual Loops": 1, "Filter": "((score >= 0) AND (score <= 13) AND (favoritecount >= 0))", "Rows Removed by Filter": 78802}, {"Node Type": "Memoize", "Parent Relationship": "Inner", "Parallel Aware": false, "Async Capable": false, "Startup Cost": 0.3, "Total Cost": 0.45, "Plan Rows": 1, "Plan Width": 4, "Actual Rows": 1, "Actual Loops": 12309, "Cache Key": "p.owneruserid", "Cache Mode": "logical", "Cache Hits": 5742, "Cache Misses": 6567, "Cache Evictions": 0, "Cache Overflows": 0, "Peak Memory Usage": 643, "Plans": [{"Node Type": "Index Scan", "Parent Relationship": "Outer", "Parallel Aware": false, "Async Capable": false, "Scan Direction": "Forward", "Index Name": "users_pkey", "Relation Name": "users", "Alias": "u", "Startup Cost": 0.29, "Total Cost": 0.44, "Plan Rows": 1, "Plan Width": 4, "Actual Rows": 1, "Actual Loops": 6567, "Index Cond": "(id = p.owneruserid)", "Rows Removed by Index Recheck": 0, "Filter": "((reputation >= 1) AND (creationdate >= '2011-02-17 03:42:02'::timestamp without time zone) AND (creationdate <= '2014-09-01 10:54:39'::timestamp without time zone))", "Rows Removed by Filter": 0}]}]}, {"Node Type": "Index Only Scan", "Parent Relationship": "Inner", "Parallel Aware": false, "Async Capable": false, "Scan Direction": "Forward", "Index Name": "idx_badges_userid", "Relation Name": "badges", "Alias": "b", "Startup Cost": 0.29, "Total Cost": 0.36, "Plan Rows": 3, "Plan Width": 4, "Actual Rows": 9, "Actual Loops": 9699, "Index Cond": "(userid = u.id)", "Rows Removed by Index Recheck": 0, "Heap Fetches": 0}]}]}]}]}, "Planning Time": 5.579, "Triggers": [], "Execution Time": 378.351}, {"Plan": {"Node Type": "Aggregate", "Strategy": "Plain", "Partial Mode": "Simple", "Parallel Aware": false, "Async Capable": false, "Startup Cost": 42938.28, "Total Cost": 42938.29, "Plan Rows": 1, "Plan Width": 8, "Actual Rows": 1, "Actual Loops": 1, "Plans": [{"Node Type": "Merge Join", "Parent Relationship": "Outer", "Parallel Aware": false, "Async Capable": false, "Join Type": "Inner", "Startup Cost": 2.03, "Total Cost": 42292.94, "Plan Rows": 258135, "Plan Width": 0, "Actual Rows": 868310, "Actual Loops": 1, "Inner Unique": false, "Merge Cond": "(p.id = c.postid)", "Plans": [{"Node Type": "Nested Loop", "Parent Relationship": "Outer", "Parallel Aware": false, "Async Capable": false, "Join Type": "Inner", "Startup Cost": 0.89, "Total Cost": 13350.48, "Plan Rows": 451517, "Plan Width": 4, "Actual Rows": 91576, "Actual Loops": 1, "Inner Unique": false, "Plans": [{"Node Type": "Nested Loop", "Parent Relationship": "Outer", "Parallel Aware": false, "Async Capable": false, "Join Type": "Inner", "Startup Cost": 0.59, "Total Cost": 8785.73, "Plan Rows": 11726, "Plan Width": 12, "Actual Rows": 9699, "Actual Loops": 1, "Inner Unique": true, "Plans": [{"Node Type": "Index Scan", "Parent Relationship": "Outer", "Parallel Aware": false, "Async Capable": false, "Scan Direction": "Forward", "Index Name": "posts_pkey", "Relation Name": "posts", "Alias": "p", "Startup Cost": 0.29, "Total Cost": 3928.99, "Plan Rows": 12795, "Plan Width": 8, "Actual Rows": 12309, "Actual Loops": 1, "Filter": "((score >= 0) AND (score <= 13) AND (favoritecount >= 0))", "Rows Removed by Filter": 78802}, {"Node Type": "Memoize", "Parent Relationship": "Inner", "Parallel Aware": false, "Async Capable": false, "Startup Cost": 0.3, "Total Cost": 0.45, "Plan Rows": 1, "Plan Width": 4, "Actual Rows": 1, "Actual Loops": 12309, "Cache Key": "p.owneruserid", "Cache Mode": "logical", "Cache Hits": 5742, "Cache Misses": 6567, "Cache Evictions": 0, "Cache Overflows": 0, "Peak Memory Usage": 643, "Plans": [{"Node Type": "Index Scan", "Parent Relationship": "Outer", "Parallel Aware": false, "Async Capable": false, "Scan Direction": "Forward", "Index Name": "users_pkey", "Relation Name": "users", "Alias": "u", "Startup Cost": 0.29, "Total Cost": 0.44, "Plan Rows": 1, "Plan Width": 4, "Actual Rows": 1, "Actual Loops": 6567, "Index Cond": "(id = p.owneruserid)", "Rows Removed by Index Recheck": 0, "Filter": "((reputation >= 1) AND (creationdate >= '2011-02-17 03:42:02'::timestamp without time zone) AND (creationdate <= '2014-09-01 10:54:39'::timestamp without time zone))", "Rows Removed by Filter": 0}]}]}, {"Node Type": "Index Only Scan", "Parent Relationship": "Inner", "Parallel Aware": false, "Async Capable": false, "Scan Direction": "Forward", "Index Name": "idx_badges_userid", "Relation Name": "badges", "Alias": "b", "Startup Cost": 0.29, "Total Cost": 0.36, "Plan Rows": 3, "Plan Width": 4, "Actual Rows": 9, "Actual Loops": 9699, "Index Cond": "(userid = u.id)", "Rows Removed by Index Recheck": 0, "Heap Fetches": 0}]}, {"Node Type": "Materialize", "Parent Relationship": "Inner", "Parallel Aware": false, "Async Capable": false, "Startup Cost": 1.15, "Total Cost": 18004.43, "Plan Rows": 137898, "Plan Width": 12, "Actual Rows": 1383422, "Actual Loops": 1, "Plans": [{"Node Type": "Nested Loop", "Parent Relationship": "Outer", "Parallel Aware": false, "Async Capable": false, "Join Type": "Inner", "Startup Cost": 1.15, "Total Cost": 17659.68, "Plan Rows": 137898, "Plan Width": 12, "Actual Rows": 572851, "Actual Loops": 1, "Inner Unique": false, "Join Filter": "(c.postid = v.postid)", "Rows Removed by Join Filter": 0, "Plans": [{"Node Type": "Nested Loop", "Parent Relationship": "Outer", "Parallel Aware": false, "Async Capable": false, "Join Type": "Inner", "Startup Cost": 0.72, "Total Cost": 7005.07, "Plan Rows": 32838, "Plan Width": 8, "Actual Rows": 28803, "Actual Loops": 1, "Inner Unique": false, "Plans": [{"Node Type": "Index Scan", "Parent Relationship": "Outer", "Parallel Aware": false, "Async Capable": false, "Scan Direction": "Forward", "Index Name": "idx_postlinks_relatedpostid", "Relation Name": "postlinks", "Alias": "pl", "Startup Cost": 0.29, "Total Cost": 586.47, "Plan Rows": 9832, "Plan Width": 4, "Actual Rows": 9802, "Actual Loops": 1, "Filter": "((creationdate >= '2011-03-11 18:50:29'::timestamp without time zone) AND (linktypeid = 1))", "Rows Removed by Filter": 1300}, {"Node Type": "Memoize", "Parent Relationship": "Inner", "Parallel Aware": false, "Async Capable": false, "Startup Cost": 0.43, "Total Cost": 1.17, "Plan Rows": 3, "Plan Width": 4, "Actual Rows": 3, "Actual Loops": 9802, "Cache Key": "pl.relatedpostid", "Cache Mode": "logical", "Cache Hits": 4849, "Cache Misses": 4953, "Cache Evictions": 0, "Cache Overflows": 0, "Peak Memory Usage": 801, "Plans": [{"Node Type": "Index Scan", "Parent Relationship": "Outer", "Parallel Aware": false, "Async Capable": false, "Scan Direction": "Forward", "Index Name": "idx_comments_postid", "Relation Name": "comments", "Alias": "c", "Startup Cost": 0.42, "Total Cost": 1.16, "Plan Rows": 3, "Plan Width": 4, "Actual Rows": 3, "Actual Loops": 4953, "Index Cond": "(postid = pl.relatedpostid)", "Rows Removed by Index Recheck": 0, "Filter": "((creationdate >= '2010-08-06 12:21:39'::timestamp without time zone) AND (creationdate <= '2014-09-11 20:55:34'::timestamp without time zone))", "Rows Removed by Filter": 0}]}]}, {"Node Type": "Memoize", "Parent Relationship": "Inner", "Parallel Aware": false, "Async Capable": false, "Startup Cost": 0.43, "Total Cost": 1.62, "Plan Rows": 4, "Plan Width": 4, "Actual Rows": 20, "Actual Loops": 28803, "Cache Key": "pl.relatedpostid", "Cache Mode": "logical", "Cache Hits": 25385, "Cache Misses": 3418, "Cache Evictions": 0, "Cache Overflows": 0, "Peak Memory Usage": 1134, "Plans": [{"Node Type": "Index Scan", "Parent Relationship": "Outer", "Parallel Aware": false, "Async Capable": false, "Scan Direction": "Forward", "Index Name": "idx_votes_postid", "Relation Name": "votes", "Alias": "v", "Startup Cost": 0.42, "Total Cost": 1.61, "Plan Rows": 4, "Plan Width": 4, "Actual Rows": 8, "Actual Loops": 3418, "Index Cond": "(postid = pl.relatedpostid)", "Rows Removed by Index Recheck": 0, "Filter": "((creationdate <= '2014-09-11 00:00:00'::timestamp without time zone) AND (votetypeid = 2))", "Rows Removed by Filter": 4}]}]}]}]}]}, "Planning Time": 5.368, "Triggers": [], "Execution Time": 439.325}, {"Plan": {"Node Type": "Aggregate", "Strategy": "Plain", "Partial Mode": "Simple", "Parallel Aware": false, "Async Capable": false, "Startup Cost": 44144.16, "Total Cost": 44144.17, "Plan Rows": 1, "Plan Width": 8, "Actual Rows": 1, "Actual Loops": 1, "Plans": [{"Node Type": "Merge Join", "Parent Relationship": "Outer", "Parallel Aware": false, "Async Capable": false, "Join Type": "Inner", "Startup Cost": 4748.87, "Total Cost": 43498.82, "Plan Rows": 258135, "Plan Width": 0, "Actual Rows": 868310, "Actual Loops": 1, "Inner Unique": false, "Merge Cond": "(c.postid = p.id)", "Plans": [{"Node Type": "Nested Loop", "Parent Relationship": "Outer", "Parallel Aware": false, "Async Capable": false, "Join Type": "Inner", "Startup Cost": 0.72, "Total Cost": 7005.07, "Plan Rows": 32838, "Plan Width": 8, "Actual Rows": 28803, "Actual Loops": 1, "Inner Unique": false, "Plans": [{"Node Type": "Index Scan", "Parent Relationship": "Outer", "Parallel Aware": false, "Async Capable": false, "Scan Direction": "Forward", "Index Name": "idx_postlinks_relatedpostid", "Relation Name": "postlinks", "Alias": "pl", "Startup Cost": 0.29, "Total Cost": 586.47, "Plan Rows": 9832, "Plan Width": 4, "Actual Rows": 9802, "Actual Loops": 1, "Filter": "((creationdate >= '2011-03-11 18:50:29'::timestamp without time zone) AND (linktypeid = 1))", "Rows Removed by Filter": 1300}, {"Node Type": "Memoize", "Parent Relationship": "Inner", "Parallel Aware": false, "Async Capable": false, "Startup Cost": 0.43, "Total Cost": 1.17, "Plan Rows": 3, "Plan Width": 4, "Actual Rows": 3, "Actual Loops": 9802, "Cache Key": "pl.relatedpostid", "Cache Mode": "logical", "Cache Hits": 4849, "Cache Misses": 4953, "Cache Evictions": 0, "Cache Overflows": 0, "Peak Memory Usage": 801, "Plans": [{"Node Type": "Index Scan", "Parent Relationship": "Outer", "Parallel Aware": false, "Async Capable": false, "Scan Direction": "Forward", "Index Name": "idx_comments_postid", "Relation Name": "comments", "Alias": "c", "Startup Cost": 0.42, "Total Cost": 1.16, "Plan Rows": 3, "Plan Width": 4, "Actual Rows": 3, "Actual Loops": 4953, "Index Cond": "(postid = pl.relatedpostid)", "Rows Removed by Index Recheck": 0, "Filter": "((creationdate >= '2010-08-06 12:21:39'::timestamp without time zone) AND (creationdate <= '2014-09-11 20:55:34'::timestamp without time zone))", "Rows Removed by Filter": 0}]}]}, {"Node Type": "Materialize", "Parent Relationship": "Inner", "Parallel Aware": false, "Async Capable": false, "Startup Cost": 4748.16, "Total Cost": 28610.42, "Plan Rows": 1285245, "Plan Width": 8, "Actual Rows": 1158090, "Actual Loops": 1, "Plans": [{"Node Type": "Nested Loop", "Parent Relationship": "Outer", "Parallel Aware": false, "Async Capable": false, "Join Type": "Inner", "Startup Cost": 4748.16, "Total Cost": 25397.3, "Plan Rows": 1285245, "Plan Width": 8, "Actual Rows": 384970, "Actual Loops": 1, "Inner Unique": false, "Join Filter": "(b.userid = u.id)", "Rows Removed by Join Filter": 0, "Plans": [{"Node Type": "Merge Join", "Parent Relationship": "Outer", "Parallel Aware": false, "Async Capable": false, "Join Type": "Inner", "Startup Cost": 4747.85, "Total Cost": 19517.2, "Plan Rows": 33378, "Plan Width": 16, "Actual Rows": 33755, "Actual Loops": 1, "Inner Unique": false, "Merge Cond": "(v.postid = p.id)", "Plans": [{"Node Type": "Index Scan", "Parent Relationship": "Outer", "Parallel Aware": false, "Async Capable": false, "Scan Direction": "Forward", "Index Name": "idx_votes_postid", "Relation Name": "votes", "Alias": "v", "Startup Cost": 0.42, "Total Cost": 13614.58, "Plan Rows": 261809, "Plan Width": 4, "Actual Rows": 261736, "Actual Loops": 1, "Filter": "((creationdate <= '2014-09-11 00:00:00'::timestamp without time zone) AND (votetypeid = 2))", "Rows Removed by Filter": 66328}, {"Node Type": "Sort", "Parent Relationship": "Inner", "Parallel Aware": false, "Async Capable": false, "Startup Cost": 4747.43, "Total Cost": 4776.75, "Plan Rows": 11726, "Plan Width": 12, "Actual Rows": 34684, "Actual Loops": 1, "Sort Key": ["p.id"], "Sort Method": "quicksort", "Sort Space Used": 764, "Sort Space Type": "Memory", "Plans": [{"Node Type": "Hash Join", "Parent Relationship": "Outer", "Parallel Aware": false, "Async Capable": false, "Join Type": "Inner", "Startup Cost": 1471.74, "Total Cost": 3954.9, "Plan Rows": 11726, "Plan Width": 12, "Actual Rows": 9723, "Actual Loops": 1, "Inner Unique": true, "Hash Cond": "(p.owneruserid = u.id)", "Plans": [{"Node Type": "Seq Scan", "Parent Relationship": "Outer", "Parallel Aware": false, "Async Capable": false, "Relation Name": "posts", "Alias": "p", "Startup Cost": 0.0, "Total Cost": 2449.58, "Plan Rows": 12795, "Plan Width": 8, "Actual Rows": 12355, "Actual Loops": 1, "Filter": "((score >= 0) AND (score <= 13) AND (favoritecount >= 0))", "Rows Removed by Filter": 79621}, {"Node Type": "Hash", "Parent Relationship": "Inner", "Parallel Aware": false, "Async Capable": false, "Startup Cost": 1002.69, "Total Cost": 1002.69, "Plan Rows": 37524, "Plan Width": 4, "Actual Rows": 37520, "Actual Loops": 1, "Hash Buckets": 65536, "Original Hash Buckets": 65536, "Hash Batches": 1, "Original Hash Batches": 1, "Peak Memory Usage": 1832, "Plans": [{"Node Type": "Seq Scan", "Parent Relationship": "Outer", "Parallel Aware": false, "Async Capable": false, "Relation Name": "users", "Alias": "u", "Startup Cost": 0.0, "Total Cost": 1002.69, "Plan Rows": 37524, "Plan Width": 4, "Actual Rows": 37520, "Actual Loops": 1, "Filter": "((reputation >= 1) AND (creationdate >= '2011-02-17 03:42:02'::timestamp without time zone) AND (creationdate <= '2014-09-01 10:54:39'::timestamp without time zone))", "Rows Removed by Filter": 2805}]}]}]}]}, {"Node Type": "Memoize", "Parent Relationship": "Inner", "Parallel Aware": false, "Async Capable": false, "Startup Cost": 0.3, "Total Cost": 0.4, "Plan Rows": 3, "Plan Width": 4, "Actual Rows": 11, "Actual Loops": 33755, "Cache Key": "p.owneruserid", "Cache Mode": "logical", "Cache Hits": 28334, "Cache Misses": 5421, "Cache Evictions": 0, "Cache Overflows": 0, "Peak Memory Usage": 1370, "Plans": [{"Node Type": "Index Only Scan", "Parent Relationship": "Outer", "Parallel Aware": false, "Async Capable": false, "Scan Direction": "Forward", "Index Name": "idx_badges_userid", "Relation Name": "badges", "Alias": "b", "Startup Cost": 0.29, "Total Cost": 0.39, "Plan Rows": 3, "Plan Width": 4, "Actual Rows": 5, "Actual Loops": 5421, "Index Cond": "(userid = p.owneruserid)", "Rows Removed by Index Recheck": 0, "Heap Fetches": 0}]}]}]}]}]}, "Planning Time": 5.758, "Triggers": [], "Execution Time": 610.391}, {"Plan": {"Node Type": "Aggregate", "Strategy": "Plain", "Partial Mode": "Simple", "Parallel Aware": false, "Async Capable": false, "Startup Cost": 8697.19, "Total Cost": 8697.2, "Plan Rows": 1, "Plan Width": 8, "Actual Rows": 1, "Actual Loops": 1, "Plans": [{"Node Type": "Hash Join", "Parent Relationship": "Outer", "Parallel Aware": false, "Async Capable": false, "Join Type": "Inner", "Startup Cost": 6389.15, "Total Cost": 8051.85, "Plan Rows": 258135, "Plan Width": 0, "Actual Rows": 868310, "Actual Loops": 1, "Inner Unique": false, "Hash Cond": "(b.userid = u.id)", "Plans": [{"Node Type": "Seq Scan", "Parent Relationship": "Outer", "Parallel Aware": false, "Async Capable": false, "Relation Name": "badges", "Alias": "b", "Startup Cost": 0.0, "Total Cost": 1230.51, "Plan Rows": 79851, "Plan Width": 4, "Actual Rows": 79851, "Actual Loops": 1}, {"Node Type": "Hash", "Parent Relationship": "Inner", "Parallel Aware": false, "Async Capable": false, "Startup Cost": 6305.35, "Total Cost": 6305.35, "Plan Rows": 6704, "Plan Width": 8, "Actual Rows": 57739, "Actual Loops": 1, "Hash Buckets": 65536, "Original Hash Buckets": 8192, "Hash Batches": 1, "Original Hash Batches": 1, "Peak Memory Usage": 2768, "Plans": [{"Node Type": "Nested Loop", "Parent Relationship": "Outer", "Parallel Aware": false, "Async Capable": false, "Join Type": "Inner", "Startup Cost": 2610.65, "Total Cost": 6305.35, "Plan Rows": 6704, "Plan Width": 8, "Actual Rows": 57739, "Actual Loops": 1, "Inner Unique": false, "Join Filter": "(p.id = v.postid)", "Rows Removed by Join Filter": 0, "Plans": [{"Node Type": "Nested Loop", "Parent Relationship": "Outer", "Parallel Aware": false, "Async Capable": false, "Join Type": "Inner", "Startup Cost": 2610.23, "Total Cost": 4783.17, "Plan Rows": 2355, "Plan Width": 20, "Actual Rows": 9219, "Actual Loops": 1, "Inner Unique": false, "Plans": [{"Node Type": "Nested Loop", "Parent Relationship": "Outer", "Parallel Aware": false, "Async Capable": false, "Join Type": "Inner", "Startup Cost": 2609.81, "Total Cost": 3490.12, "Plan Rows": 1254, "Plan Width": 16, "Actual Rows": 3268, "Actual Loops": 1, "Inner Unique": true, "Plans": [{"Node Type": "Hash Join", "Parent Relationship": "Outer", "Parallel Aware": false, "Async Capable": false, "Join Type": "Inner", "Startup Cost": 2609.52, "Total Cost": 2883.86, "Plan Rows": 1368, "Plan Width": 12, "Actual Rows": 4556, "Actual Loops": 1, "Inner Unique": true, "Hash Cond": "(pl.relatedpostid = p.id)", "Plans": [{"Node Type": "Seq Scan", "Parent Relationship": "Outer", "Parallel Aware": false, "Async Capable": false, "Relation Name": "postlinks", "Alias": "pl", "Startup Cost": 0.0, "Total Cost": 248.53, "Plan Rows": 9832, "Plan Width": 4, "Actual Rows": 9802, "Actual Loops": 1, "Filter": "((creationdate >= '2011-03-11 18:50:29'::timestamp without time zone) AND (linktypeid = 1))", "Rows Removed by Filter": 1300}, {"Node Type": "Hash", "Parent Relationship": "Inner", "Parallel Aware": false, "Async Capable": false, "Startup Cost": 2449.58, "Total Cost": 2449.58, "Plan Rows": 12795, "Plan Width": 8, "Actual Rows": 12355, "Actual Loops": 1, "Hash Buckets": 16384, "Original Hash Buckets": 16384, "Hash Batches": 1, "Original Hash Batches": 1, "Peak Memory Usage": 610, "Plans": [{"Node Type": "Seq Scan", "Parent Relationship": "Outer", "Parallel Aware": false, "Async Capable": false, "Relation Name": "posts", "Alias": "p", "Startup Cost": 0.0, "Total Cost": 2449.58, "Plan Rows": 12795, "Plan Width": 8, "Actual Rows": 12355, "Actual Loops": 1, "Filter": "((score >= 0) AND (score <= 13) AND (favoritecount >= 0))", "Rows Removed by Filter": 79621}]}]}, {"Node Type": "Index Scan", "Parent Relationship": "Inner", "Parallel Aware": false, "Async Capable": false, "Scan Direction": "Forward", "Index Name": "users_pkey", "Relation Name": "users", "Alias": "u", "Startup Cost": 0.29, "Total Cost": 0.44, "Plan Rows": 1, "Plan Width": 4, "Actual Rows": 1, "Actual Loops": 4556, "Index Cond": "(id = p.owneruserid)", "Rows Removed by Index Recheck": 0, "Filter": "((reputation >= 1) AND (creationdate >= '2011-02-17 03:42:02'::timestamp without time zone) AND (creationdate <= '2014-09-01 10:54:39'::timestamp without time zone))", "Rows Removed by Filter": 0}]}, {"Node Type": "Index Scan", "Parent Relationship": "Inner", "Parallel Aware": false, "Async Capable": false, "Scan Direction": "Forward", "Index Name": "idx_comments_postid", "Relation Name": "comments", "Alias": "c", "Startup Cost": 0.42, "Total Cost": 1.0, "Plan Rows": 3, "Plan Width": 4, "Actual Rows": 3, "Actual Loops": 3268, "Index Cond": "(postid = p.id)", "Rows Removed by Index Recheck": 0, "Filter": "((creationdate >= '2010-08-06 12:21:39'::timestamp without time zone) AND (creationdate <= '2014-09-11 20:55:34'::timestamp without time zone))", "Rows Removed by Filter": 0}]}, {"Node Type": "Index Scan", "Parent Relationship": "Inner", "Parallel Aware": false, "Async Capable": false, "Scan Direction": "Forward", "Index Name": "idx_votes_postid", "Relation Name": "votes", "Alias": "v", "Startup Cost": 0.42, "Total Cost": 0.6, "Plan Rows": 4, "Plan Width": 4, "Actual Rows": 6, "Actual Loops": 9219, "Index Cond": "(postid = c.postid)", "Rows Removed by Index Recheck": 0, "Filter": "((creationdate <= '2014-09-11 00:00:00'::timestamp without time zone) AND (votetypeid = 2))", "Rows Removed by Filter": 3}]}]}]}]}, "Planning Time": 5.631, "Triggers": [], "Execution Time": 196.564}, {"Plan": {"Node Type": "Aggregate", "Strategy": "Plain", "Partial Mode": "Finalize", "Parallel Aware": false, "Async Capable": false, "Startup Cost": 41897.06, "Total Cost": 41897.07, "Plan Rows": 1, "Plan Width": 8, "Actual Rows": 1, "Actual Loops": 1, "Plans": [{"Node Type": "Gather", "Parent Relationship": "Outer", "Parallel Aware": false, "Async Capable": false, "Startup Cost": 41896.95, "Total Cost": 41897.06, "Plan Rows": 1, "Plan Width": 8, "Actual Rows": 2, "Actual Loops": 1, "Workers Planned": 1, "Workers Launched": 1, "Single Copy": false, "Plans": [{"Node Type": "Aggregate", "Strategy": "Plain", "Partial Mode": "Partial", "Parent Relationship": "Outer", "Parallel Aware": false, "Async Capable": false, "Startup Cost": 40896.95, "Total Cost": 40896.96, "Plan Rows": 1, "Plan Width": 8, "Actual Rows": 1, "Actual Loops": 2, "Workers": [], "Plans": [{"Node Type": "Merge Join", "Parent Relationship": "Outer", "Parallel Aware": false, "Async Capable": false, "Join Type": "Inner", "Startup Cost": 4748.87, "Total Cost": 40517.34, "Plan Rows": 151844, "Plan Width": 0, "Actual Rows": 434155, "Actual Loops": 2, "Inner Unique": false, "Merge Cond": "(p.id = pl.relatedpostid)", "Workers": [], "Plans": [{"Node Type": "Nested Loop", "Parent Relationship": "Outer", "Parallel Aware": false, "Async Capable": false, "Join Type": "Inner", "Startup Cost": 4748.15, "Total Cost": 15118.02, "Plan Rows": 499022, "Plan Width": 8, "Actual Rows": 116175, "Actual Loops": 2, "Inner Unique": false, "Join Filter": "(b.userid = u.id)", "Rows Removed by Join Filter": 0, "Workers": [], "Plans": [{"Node Type": "Merge Join", "Parent Relationship": "Outer", "Parallel Aware": false, "Async Capable": false, "Join Type": "Inner", "Startup Cost": 4747.85, "Total Cost": 10412.14, "Plan Rows": 12960, "Plan Width": 16, "Actual Rows": 11462, "Actual Loops": 2, "Inner Unique": false, "Merge Cond": "(c.postid = p.id)", "Workers": [], "Plans": [{"Node Type": "Index Scan", "Parent Relationship": "Outer", "Parallel Aware": true, "Async Capable": false, "Scan Direction": "Forward", "Index Name": "idx_comments_postid", "Relation Name": "comments", "Alias": "c", "Startup Cost": 0.42, "Total Cost": 5216.17, "Plan Rows": 101654, "Plan Width": 4, "Actual Rows": 86088, "Actual Loops": 2, "Filter": "((creationdate >= '2010-08-06 12:21:39'::timestamp without time zone) AND (creationdate <= '2014-09-11 20:55:34'::timestamp without time zone))", "Rows Removed by Filter": 630, "Workers": []}, {"Node Type": "Sort", "Parent Relationship": "Inner", "Parallel Aware": false, "Async Capable": false, "Startup Cost": 4747.43, "Total Cost": 4776.75, "Plan Rows": 11726, "Plan Width": 12, "Actual Rows": 18037, "Actual Loops": 2, "Sort Key": ["p.id"], "Sort Method": "quicksort", "Sort Space Used": 764, "Sort Space Type": "Memory", "Workers": [{"Worker Number": 0, "Sort Method": "quicksort", "Sort Space Used": 764, "Sort Space Type": "Memory"}], "Plans": [{"Node Type": "Hash Join", "Parent Relationship": "Outer", "Parallel Aware": false, "Async Capable": false, "Join Type": "Inner", "Startup Cost": 1471.74, "Total Cost": 3954.9, "Plan Rows": 11726, "Plan Width": 12, "Actual Rows": 9723, "Actual Loops": 2, "Inner Unique": true, "Hash Cond": "(p.owneruserid = u.id)", "Workers": [], "Plans": [{"Node Type": "Seq Scan", "Parent Relationship": "Outer", "Parallel Aware": false, "Async Capable": false, "Relation Name": "posts", "Alias": "p", "Startup Cost": 0.0, "Total Cost": 2449.58, "Plan Rows": 12795, "Plan Width": 8, "Actual Rows": 12355, "Actual Loops": 2, "Filter": "((score >= 0) AND (score <= 13) AND (favoritecount >= 0))", "Rows Removed by Filter": 79621, "Workers": []}, {"Node Type": "Hash", "Parent Relationship": "Inner", "Parallel Aware": false, "Async Capable": false, "Startup Cost": 1002.69, "Total Cost": 1002.69, "Plan Rows": 37524, "Plan Width": 4, "Actual Rows": 37520, "Actual Loops": 2, "Hash Buckets": 65536, "Original Hash Buckets": 65536, "Hash Batches": 1, "Original Hash Batches": 1, "Peak Memory Usage": 1832, "Workers": [], "Plans": [{"Node Type": "Seq Scan", "Parent Relationship": "Outer", "Parallel Aware": false, "Async Capable": false, "Relation Name": "users", "Alias": "u", "Startup Cost": 0.0, "Total Cost": 1002.69, "Plan Rows": 37524, "Plan Width": 4, "Actual Rows": 37520, "Actual Loops": 2, "Filter": "((reputation >= 1) AND (creationdate >= '2011-02-17 03:42:02'::timestamp without time zone) AND (creationdate <= '2014-09-01 10:54:39'::timestamp without time zone))", "Rows Removed by Filter": 2805, "Workers": []}]}]}]}]}, {"Node Type": "Memoize", "Parent Relationship": "Inner", "Parallel Aware": false, "Async Capable": false, "Startup Cost": 0.3, "Total Cost": 0.4, "Plan Rows": 3, "Plan Width": 4, "Actual Rows": 10, "Actual Loops": 22923, "Cache Key": "p.owneruserid", "Cache Mode": "logical", "Cache Hits": 9151, "Cache Misses": 2442, "Cache Evictions": 0, "Cache Overflows": 0, "Peak Memory Usage": 718, "Workers": [{"Worker Number": 0, "Cache Hits": 8961, "Cache Misses": 2369, "Cache Evictions": 0, "Cache Overflows": 0, "Peak Memory Usage": 719}], "Plans": [{"Node Type": "Index Only Scan", "Parent Relationship": "Outer", "Parallel Aware": false, "Async Capable": false, "Scan Direction": "Forward", "Index Name": "idx_badges_userid", "Relation Name": "badges", "Alias": "b", "Startup Cost": 0.29, "Total Cost": 0.39, "Plan Rows": 3, "Plan Width": 4, "Actual Rows": 7, "Actual Loops": 4811, "Index Cond": "(userid = p.owneruserid)", "Rows Removed by Index Recheck": 0, "Heap Fetches": 0, "Workers": []}]}]}, {"Node Type": "Materialize", "Parent Relationship": "Inner", "Parallel Aware": false, "Async Capable": false, "Startup Cost": 0.72, "Total Cost": 9925.89, "Plan Rows": 180657, "Plan Width": 8, "Actual Rows": 583250, "Actual Loops": 2, "Workers": [], "Plans": [{"Node Type": "Nested Loop", "Parent Relationship": "Outer", "Parallel Aware": false, "Async Capable": false, "Join Type": "Inner", "Startup Cost": 0.72, "Total Cost": 9474.24, "Plan Rows": 180657, "Plan Width": 8, "Actual Rows": 156174, "Actual Loops": 2, "Inner Unique": false, "Workers": [], "Plans": [{"Node Type": "Index Scan", "Parent Relationship": "Outer", "Parallel Aware": false, "Async Capable": false, "Scan Direction": "Forward", "Index Name": "idx_postlinks_relatedpostid", "Relation Name": "postlinks", "Alias": "pl", "Startup Cost": 0.29, "Total Cost": 586.47, "Plan Rows": 9832, "Plan Width": 4, "Actual Rows": 9802, "Actual Loops": 2, "Filter": "((creationdate >= '2011-03-11 18:50:29'::timestamp without time zone) AND (linktypeid = 1))", "Rows Removed by Filter": 1300, "Workers": []}, {"Node Type": "Memoize", "Parent Relationship": "Inner", "Parallel Aware": false, "Async Capable": false, "Startup Cost": 0.43, "Total Cost": 1.62, "Plan Rows": 4, "Plan Width": 4, "Actual Rows": 16, "Actual Loops": 19604, "Cache Key": "pl.relatedpostid", "Cache Mode": "logical", "Cache Hits": 4849, "Cache Misses": 4953, "Cache Evictions": 0, "Cache Overflows": 0, "Peak Memory Usage": 1555, "Workers": [{"Worker Number": 0, "Cache Hits": 4849, "Cache Misses": 4953, "Cache Evictions": 0, "Cache Overflows": 0, "Peak Memory Usage": 1555}], "Plans": [{"Node Type": "Index Scan", "Parent Relationship": "Outer", "Parallel Aware": false, "Async Capable": false, "Scan Direction": "Forward", "Index Name": "idx_votes_postid", "Relation Name": "votes", "Alias": "v", "Startup Cost": 0.42, "Total Cost": 1.61, "Plan Rows": 4, "Plan Width": 4, "Actual Rows": 7, "Actual Loops": 9906, "Index Cond": "(postid = pl.relatedpostid)", "Rows Removed by Index Recheck": 0, "Filter": "((creationdate <= '2014-09-11 00:00:00'::timestamp without time zone) AND (votetypeid = 2))", "Rows Removed by Filter": 4, "Workers": []}]}]}]}]}]}]}]}, "Planning Time": 11.519, "Triggers": [], "Execution Time": 393.583}, {"Plan": {"Node Type": "Aggregate", "Strategy": "Plain", "Partial Mode": "Simple", "Parallel Aware": false, "Async Capable": false, "Startup Cost": 18855.59, "Total Cost": 18855.6, "Plan Rows": 1, "Plan Width": 8, "Actual Rows": 1, "Actual Loops": 1, "Plans": [{"Node Type": "Merge Join", "Parent Relationship": "Outer", "Parallel Aware": false, "Async Capable": false, "Join Type": "Inner", "Startup Cost": 6427.39, "Total Cost": 18210.25, "Plan Rows": 258135, "Plan Width": 0, "Actual Rows": 868310, "Actual Loops": 1, "Inner Unique": false, "Merge Cond": "(u.id = p.owneruserid)", "Plans": [{"Node Type": "Index Scan", "Parent Relationship": "Outer", "Parallel Aware": false, "Async Capable": false, "Scan Direction": "Forward", "Index Name": "users_pkey", "Relation Name": "users", "Alias": "u", "Startup Cost": 0.29, "Total Cost": 1659.6, "Plan Rows": 37524, "Plan Width": 4, "Actual Rows": 37231, "Actual Loops": 1, "Filter": "((reputation >= 1) AND (creationdate >= '2011-02-17 03:42:02'::timestamp without time zone) AND (creationdate <= '2014-09-01 10:54:39'::timestamp without time zone))", "Rows Removed by Filter": 2098}, {"Node Type": "Materialize", "Parent Relationship": "Inner", "Parallel Aware": false, "Async Capable": false, "Startup Cost": 6427.1, "Total Cost": 13285.79, "Plan Rows": 281667, "Plan Width": 8, "Actual Rows": 2358143, "Actual Loops": 1, "Plans": [{"Node Type": "Merge Join", "Parent Relationship": "Outer", "Parallel Aware": false, "Async Capable": false, "Join Type": "Inner", "Startup Cost": 6427.1, "Total Cost": 12581.62, "Plan Rows": 281667, "Plan Width": 8, "Actual Rows": 2358143, "Actual Loops": 1, "Inner Unique": false, "Merge Cond": "(b.userid = p.owneruserid)", "Plans": [{"Node Type": "Index Only Scan", "Parent Relationship": "Outer", "Parallel Aware": false, "Async Capable": false, "Scan Direction": "Forward", "Index Name": "idx_badges_userid", "Relation Name": "badges", "Alias": "b", "Startup Cost": 0.29, "Total Cost": 1734.06, "Plan Rows": 79851, "Plan Width": 4, "Actual Rows": 79242, "Actual Loops": 1, "Heap Fetches": 0}, {"Node Type": "Sort", "Parent Relationship": "Inner", "Parallel Aware": false, "Async Capable": false, "Startup Cost": 6425.1, "Total Cost": 6443.39, "Plan Rows": 7315, "Plan Width": 4, "Actual Rows": 2358144, "Actual Loops": 1, "Sort Key": ["p.owneruserid"], "Sort Method": "quicksort", "Sort Space Used": 3073, "Sort Space Type": "Memory", "Plans": [{"Node Type": "Nested Loop", "Parent Relationship": "Outer", "Parallel Aware": false, "Async Capable": false, "Join Type": "Inner", "Startup Cost": 2610.36, "Total Cost": 5955.6, "Plan Rows": 7315, "Plan Width": 4, "Actual Rows": 83029, "Actual Loops": 1, "Inner Unique": false, "Join Filter": "(p.id = v.postid)", "Rows Removed by Join Filter": 0, "Plans": [{"Node Type": "Nested Loop", "Parent Relationship": "Outer", "Parallel Aware": false, "Async Capable": false, "Join Type": "Inner", "Startup Cost": 2609.94, "Total Cost": 4294.45, "Plan Rows": 2570, "Plan Width": 16, "Actual Rows": 12375, "Actual Loops": 1, "Inner Unique": false, "Plans": [{"Node Type": "Hash Join", "Parent Relationship": "Outer", "Parallel Aware": false, "Async Capable": false, "Join Type": "Inner", "Startup Cost": 2609.52, "Total Cost": 2883.86, "Plan Rows": 1368, "Plan Width": 12, "Actual Rows": 4556, "Actual Loops": 1, "Inner Unique": true, "Hash Cond": "(pl.relatedpostid = p.id)", "Plans": [{"Node Type": "Seq Scan", "Parent Relationship": "Outer", "Parallel Aware": false, "Async Capable": false, "Relation Name": "postlinks", "Alias": "pl", "Startup Cost": 0.0, "Total Cost": 248.53, "Plan Rows": 9832, "Plan Width": 4, "Actual Rows": 9802, "Actual Loops": 1, "Filter": "((creationdate >= '2011-03-11 18:50:29'::timestamp without time zone) AND (linktypeid = 1))", "Rows Removed by Filter": 1300}, {"Node Type": "Hash", "Parent Relationship": "Inner", "Parallel Aware": false, "Async Capable": false, "Startup Cost": 2449.58, "Total Cost": 2449.58, "Plan Rows": 12795, "Plan Width": 8, "Actual Rows": 12355, "Actual Loops": 1, "Hash Buckets": 16384, "Original Hash Buckets": 16384, "Hash Batches": 1, "Original Hash Batches": 1, "Peak Memory Usage": 610, "Plans": [{"Node Type": "Seq Scan", "Parent Relationship": "Outer", "Parallel Aware": false, "Async Capable": false, "Relation Name": "posts", "Alias": "p", "Startup Cost": 0.0, "Total Cost": 2449.58, "Plan Rows": 12795, "Plan Width": 8, "Actual Rows": 12355, "Actual Loops": 1, "Filter": "((score >= 0) AND (score <= 13) AND (favoritecount >= 0))", "Rows Removed by Filter": 79621}]}]}, {"Node Type": "Index Scan", "Parent Relationship": "Inner", "Parallel Aware": false, "Async Capable": false, "Scan Direction": "Forward", "Index Name": "idx_comments_postid", "Relation Name": "comments", "Alias": "c", "Startup Cost": 0.42, "Total Cost": 1.0, "Plan Rows": 3, "Plan Width": 4, "Actual Rows": 3, "Actual Loops": 4556, "Index Cond": "(postid = p.id)", "Rows Removed by Index Recheck": 0, "Filter": "((creationdate >= '2010-08-06 12:21:39'::timestamp without time zone) AND (creationdate <= '2014-09-11 20:55:34'::timestamp without time zone))", "Rows Removed by Filter": 0}]}, {"Node Type": "Index Scan", "Parent Relationship": "Inner", "Parallel Aware": false, "Async Capable": false, "Scan Direction": "Forward", "Index Name": "idx_votes_postid", "Relation Name": "votes", "Alias": "v", "Startup Cost": 0.42, "Total Cost": 0.6, "Plan Rows": 4, "Plan Width": 4, "Actual Rows": 7, "Actual Loops": 12375, "Index Cond": "(postid = c.postid)", "Rows Removed by Index Recheck": 0, "Filter": "((creationdate <= '2014-09-11 00:00:00'::timestamp without time zone) AND (votetypeid = 2))", "Rows Removed by Filter": 4}]}]}]}]}]}]}, "Planning Time": 5.49, "Triggers": [], "Execution Time": 684.842}, {"Plan": {"Node Type": "Aggregate", "Strategy": "Plain", "Partial Mode": "Finalize", "Parallel Aware": false, "Async Capable": false, "Startup Cost": 11743.81, "Total Cost": 11743.82, "Plan Rows": 1, "Plan Width": 8, "Actual Rows": 1, "Actual Loops": 1, "Plans": [{"Node Type": "Gather", "Parent Relationship": "Outer", "Parallel Aware": false, "Async Capable": false, "Startup Cost": 11743.7, "Total Cost": 11743.81, "Plan Rows": 1, "Plan Width": 8, "Actual Rows": 2, "Actual Loops": 1, "Workers Planned": 1, "Workers Launched": 1, "Single Copy": false, "Plans": [{"Node Type": "Aggregate", "Strategy": "Plain", "Partial Mode": "Partial", "Parent Relationship": "Outer", "Parallel Aware": false, "Async Capable": false, "Startup Cost": 10743.7, "Total Cost": 10743.71, "Plan Rows": 1, "Plan Width": 8, "Actual Rows": 1, "Actual Loops": 2, "Workers": [], "Plans": [{"Node Type": "Merge Join", "Parent Relationship": "Outer", "Parallel Aware": false, "Async Capable": false, "Join Type": "Inner", "Startup Cost": 6425.78, "Total Cost": 10364.09, "Plan Rows": 151844, "Plan Width": 0, "Actual Rows": 434155, "Actual Loops": 2, "Inner Unique": false, "Merge Cond": "(u.id = p.owneruserid)", "Workers": [], "Plans": [{"Node Type": "Merge Join", "Parent Relationship": "Outer", "Parallel Aware": false, "Async Capable": false, "Join Type": "Inner", "Startup Cost": 0.68, "Total Cost": 3713.13, "Plan Rows": 43708, "Plan Width": 8, "Actual Rows": 32062, "Actual Loops": 2, "Inner Unique": true, "Merge Cond": "(b.userid = u.id)", "Workers": [], "Plans": [{"Node Type": "Index Only Scan", "Parent Relationship": "Outer", "Parallel Aware": true, "Async Capable": false, "Scan Direction": "Forward", "Index Name": "idx_badges_userid", "Relation Name": "badges", "Alias": "b", "Startup Cost": 0.29, "Total Cost": 1405.26, "Plan Rows": 46971, "Plan Width": 4, "Actual Rows": 39622, "Actual Loops": 2, "Heap Fetches": 0, "Workers": []}, {"Node Type": "Index Scan", "Parent Relationship": "Inner", "Parallel Aware": false, "Async Capable": false, "Scan Direction": "Forward", "Index Name": "users_pkey", "Relation Name": "users", "Alias": "u", "Startup Cost": 0.29, "Total Cost": 1659.6, "Plan Rows": 37524, "Plan Width": 4, "Actual Rows": 37322, "Actual Loops": 2, "Filter": "((reputation >= 1) AND (creationdate >= '2011-02-17 03:42:02'::timestamp without time zone) AND (creationdate <= '2014-09-01 10:54:39'::timestamp without time zone))", "Rows Removed by Filter": 2098, "Workers": []}]}, {"Node Type": "Sort", "Parent Relationship": "Inner", "Parallel Aware": false, "Async Capable": false, "Startup Cost": 6425.1, "Total Cost": 6443.39, "Plan Rows": 7315, "Plan Width": 4, "Actual Rows": 486898, "Actual Loops": 2, "Sort Key": ["p.owneruserid"], "Sort Method": "quicksort", "Sort Space Used": 3073, "Sort Space Type": "Memory", "Workers": [{"Worker Number": 0, "Sort Method": "quicksort", "Sort Space Used": 3073, "Sort Space Type": "Memory"}], "Plans": [{"Node Type": "Nested Loop", "Parent Relationship": "Outer", "Parallel Aware": false, "Async Capable": false, "Join Type": "Inner", "Startup Cost": 2610.36, "Total Cost": 5955.6, "Plan Rows": 7315, "Plan Width": 4, "Actual Rows": 83029, "Actual Loops": 2, "Inner Unique": false, "Join Filter": "(p.id = v.postid)", "Rows Removed by Join Filter": 0, "Workers": [], "Plans": [{"Node Type": "Nested Loop", "Parent Relationship": "Outer", "Parallel Aware": false, "Async Capable": false, "Join Type": "Inner", "Startup Cost": 2609.94, "Total Cost": 4294.45, "Plan Rows": 2570, "Plan Width": 16, "Actual Rows": 12375, "Actual Loops": 2, "Inner Unique": false, "Workers": [], "Plans": [{"Node Type": "Hash Join", "Parent Relationship": "Outer", "Parallel Aware": false, "Async Capable": false, "Join Type": "Inner", "Startup Cost": 2609.52, "Total Cost": 2883.86, "Plan Rows": 1368, "Plan Width": 12, "Actual Rows": 4556, "Actual Loops": 2, "Inner Unique": true, "Hash Cond": "(pl.relatedpostid = p.id)", "Workers": [], "Plans": [{"Node Type": "Seq Scan", "Parent Relationship": "Outer", "Parallel Aware": false, "Async Capable": false, "Relation Name": "postlinks", "Alias": "pl", "Startup Cost": 0.0, "Total Cost": 248.53, "Plan Rows": 9832, "Plan Width": 4, "Actual Rows": 9802, "Actual Loops": 2, "Filter": "((creationdate >= '2011-03-11 18:50:29'::timestamp without time zone) AND (linktypeid = 1))", "Rows Removed by Filter": 1300, "Workers": []}, {"Node Type": "Hash", "Parent Relationship": "Inner", "Parallel Aware": false, "Async Capable": false, "Startup Cost": 2449.58, "Total Cost": 2449.58, "Plan Rows": 12795, "Plan Width": 8, "Actual Rows": 12355, "Actual Loops": 2, "Hash Buckets": 16384, "Original Hash Buckets": 16384, "Hash Batches": 1, "Original Hash Batches": 1, "Peak Memory Usage": 610, "Workers": [], "Plans": [{"Node Type": "Seq Scan", "Parent Relationship": "Outer", "Parallel Aware": false, "Async Capable": false, "Relation Name": "posts", "Alias": "p", "Startup Cost": 0.0, "Total Cost": 2449.58, "Plan Rows": 12795, "Plan Width": 8, "Actual Rows": 12355, "Actual Loops": 2, "Filter": "((score >= 0) AND (score <= 13) AND (favoritecount >= 0))", "Rows Removed by Filter": 79621, "Workers": []}]}]}, {"Node Type": "Index Scan", "Parent Relationship": "Inner", "Parallel Aware": false, "Async Capable": false, "Scan Direction": "Forward", "Index Name": "idx_comments_postid", "Relation Name": "comments", "Alias": "c", "Startup Cost": 0.42, "Total Cost": 1.0, "Plan Rows": 3, "Plan Width": 4, "Actual Rows": 3, "Actual Loops": 9112, "Index Cond": "(postid = p.id)", "Rows Removed by Index Recheck": 0, "Filter": "((creationdate >= '2010-08-06 12:21:39'::timestamp without time zone) AND (creationdate <= '2014-09-11 20:55:34'::timestamp without time zone))", "Rows Removed by Filter": 0, "Workers": []}]}, {"Node Type": "Index Scan", "Parent Relationship": "Inner", "Parallel Aware": false, "Async Capable": false, "Scan Direction": "Forward", "Index Name": "idx_votes_postid", "Relation Name": "votes", "Alias": "v", "Startup Cost": 0.42, "Total Cost": 0.6, "Plan Rows": 4, "Plan Width": 4, "Actual Rows": 7, "Actual Loops": 24750, "Index Cond": "(postid = c.postid)", "Rows Removed by Index Recheck": 0, "Filter": "((creationdate <= '2014-09-11 00:00:00'::timestamp without time zone) AND (votetypeid = 2))", "Rows Removed by Filter": 4, "Workers": []}]}]}]}]}]}]}, "Planning Time": 9.44, "Triggers": [], "Execution Time": 240.508}, {"Plan": {"Node Type": "Aggregate", "Strategy": "Plain", "Partial Mode": "Finalize", "Parallel Aware": false, "Async Capable": false, "Startup Cost": 15789.76, "Total Cost": 15789.77, "Plan Rows": 1, "Plan Width": 8, "Actual Rows": 1, "Actual Loops": 1, "Plans": [{"Node Type": "Gather", "Parent Relationship": "Outer", "Parallel Aware": false, "Async Capable": false, "Startup Cost": 15789.65, "Total Cost": 15789.76, "Plan Rows": 1, "Plan Width": 8, "Actual Rows": 2, "Actual Loops": 1, "Workers Planned": 1, "Workers Launched": 1, "Single Copy": false, "Plans": [{"Node Type": "Aggregate", "Strategy": "Plain", "Partial Mode": "Partial", "Parent Relationship": "Outer", "Parallel Aware": false, "Async Capable": false, "Startup Cost": 14789.65, "Total Cost": 14789.66, "Plan Rows": 1, "Plan Width": 8, "Actual Rows": 1, "Actual Loops": 2, "Workers": [], "Plans": [{"Node Type": "Hash Join", "Parent Relationship": "Outer", "Parallel Aware": false, "Async Capable": false, "Join Type": "Inner", "Startup Cost": 8357.45, "Total Cost": 14410.04, "Plan Rows": 151844, "Plan Width": 0, "Actual Rows": 434155, "Actual Loops": 2, "Inner Unique": false, "Hash Cond": "(c.postid = p.id)", "Workers": [], "Plans": [{"Node Type": "Seq Scan", "Parent Relationship": "Outer", "Parallel Aware": true, "Async Capable": false, "Relation Name": "comments", "Alias": "c", "Startup Cost": 0.0, "Total Cost": 2881.99, "Plan Rows": 101654, "Plan Width": 4, "Actual Rows": 86376, "Actual Loops": 2, "Filter": "((creationdate >= '2010-08-06 12:21:39'::timestamp without time zone) AND (creationdate <= '2014-09-11 20:55:34'::timestamp without time zone))", "Rows Removed by Filter": 776, "Workers": []}, {"Node Type": "Hash", "Parent Relationship": "Inner", "Parallel Aware": false, "Async Capable": false, "Startup Cost": 6639.79, "Total Cost": 6639.79, "Plan Rows": 137413, "Plan Width": 12, "Actual Rows": 275411, "Actual Loops": 2, "Hash Buckets": 524288, "Original Hash Buckets": 262144, "Hash Batches": 1, "Original Hash Batches": 1, "Peak Memory Usage": 15931, "Workers": [], "Plans": [{"Node Type": "Nested Loop", "Parent Relationship": "Outer", "Parallel Aware": false, "Async Capable": false, "Join Type": "Inner", "Startup Cost": 2610.52, "Total Cost": 6639.79, "Plan Rows": 137413, "Plan Width": 12, "Actual Rows": 275411, "Actual Loops": 2, "Inner Unique": false, "Workers": [], "Plans": [{"Node Type": "Nested Loop", "Parent Relationship": "Outer", "Parallel Aware": false, "Async Capable": false, "Join Type": "Inner", "Startup Cost": 2610.23, "Total Cost": 5250.44, "Plan Rows": 3569, "Plan Width": 20, "Actual Rows": 19619, "Actual Loops": 2, "Inner Unique": false, "Workers": [], "Plans": [{"Node Type": "Nested Loop", "Parent Relationship": "Outer", "Parallel Aware": false, "Async Capable": false, "Join Type": "Inner", "Startup Cost": 2609.81, "Total Cost": 3490.12, "Plan Rows": 1254, "Plan Width": 16, "Actual Rows": 3268, "Actual Loops": 2, "Inner Unique": true, "Workers": [], "Plans": [{"Node Type": "Hash Join", "Parent Relationship": "Outer", "Parallel Aware": false, "Async Capable": false, "Join Type": "Inner", "Startup Cost": 2609.52, "Total Cost": 2883.86, "Plan Rows": 1368, "Plan Width": 12, "Actual Rows": 4556, "Actual Loops": 2, "Inner Unique": true, "Hash Cond": "(pl.relatedpostid = p.id)", "Workers": [], "Plans": [{"Node Type": "Seq Scan", "Parent Relationship": "Outer", "Parallel Aware": false, "Async Capable": false, "Relation Name": "postlinks", "Alias": "pl", "Startup Cost": 0.0, "Total Cost": 248.53, "Plan Rows": 9832, "Plan Width": 4, "Actual Rows": 9802, "Actual Loops": 2, "Filter": "((creationdate >= '2011-03-11 18:50:29'::timestamp without time zone) AND (linktypeid = 1))", "Rows Removed by Filter": 1300, "Workers": []}, {"Node Type": "Hash", "Parent Relationship": "Inner", "Parallel Aware": false, "Async Capable": false, "Startup Cost": 2449.58, "Total Cost": 2449.58, "Plan Rows": 12795, "Plan Width": 8, "Actual Rows": 12355, "Actual Loops": 2, "Hash Buckets": 16384, "Original Hash Buckets": 16384, "Hash Batches": 1, "Original Hash Batches": 1, "Peak Memory Usage": 610, "Workers": [], "Plans": [{"Node Type": "Seq Scan", "Parent Relationship": "Outer", "Parallel Aware": false, "Async Capable": false, "Relation Name": "posts", "Alias": "p", "Startup Cost": 0.0, "Total Cost": 2449.58, "Plan Rows": 12795, "Plan Width": 8, "Actual Rows": 12355, "Actual Loops": 2, "Filter": "((score >= 0) AND (score <= 13) AND (favoritecount >= 0))", "Rows Removed by Filter": 79621, "Workers": []}]}]}, {"Node Type": "Index Scan", "Parent Relationship": "Inner", "Parallel Aware": false, "Async Capable": false, "Scan Direction": "Forward", "Index Name": "users_pkey", "Relation Name": "users", "Alias": "u", "Startup Cost": 0.29, "Total Cost": 0.44, "Plan Rows": 1, "Plan Width": 4, "Actual Rows": 1, "Actual Loops": 9112, "Index Cond": "(id = p.owneruserid)", "Rows Removed by Index Recheck": 0, "Filter": "((reputation >= 1) AND (creationdate >= '2011-02-17 03:42:02'::timestamp without time zone) AND (creationdate <= '2014-09-01 10:54:39'::timestamp without time zone))", "Rows Removed by Filter": 0, "Workers": []}]}, {"Node Type": "Index Scan", "Parent Relationship": "Inner", "Parallel Aware": false, "Async Capable": false, "Scan Direction": "Forward", "Index Name": "idx_votes_postid", "Relation Name": "votes", "Alias": "v", "Startup Cost": 0.42, "Total Cost": 1.36, "Plan Rows": 4, "Plan Width": 4, "Actual Rows": 6, "Actual Loops": 6536, "Index Cond": "(postid = p.id)", "Rows Removed by Index Recheck": 0, "Filter": "((creationdate <= '2014-09-11 00:00:00'::timestamp without time zone) AND (votetypeid = 2))", "Rows Removed by Filter": 3, "Workers": []}]}, {"Node Type": "Index Only Scan", "Parent Relationship": "Inner", "Parallel Aware": false, "Async Capable": false, "Scan Direction": "Forward", "Index Name": "idx_badges_userid", "Relation Name": "badges", "Alias": "b", "Startup Cost": 0.29, "Total Cost": 0.36, "Plan Rows": 3, "Plan Width": 4, "Actual Rows": 14, "Actual Loops": 39238, "Index Cond": "(userid = u.id)", "Rows Removed by Index Recheck": 0, "Heap Fetches": 0, "Workers": []}]}]}]}]}]}]}, "Planning Time": 10.521, "Triggers": [], "Execution Time": 313.428}, {"Plan": {"Node Type": "Aggregate", "Strategy": "Plain", "Partial Mode": "Finalize", "Parallel Aware": false, "Async Capable": false, "Startup Cost": 34319.96, "Total Cost": 34319.97, "Plan Rows": 1, "Plan Width": 8, "Actual Rows": 1, "Actual Loops": 1, "Plans": [{"Node Type": "Gather", "Parent Relationship": "Outer", "Parallel Aware": false, "Async Capable": false, "Startup Cost": 34319.85, "Total Cost": 34319.96, "Plan Rows": 1, "Plan Width": 8, "Actual Rows": 2, "Actual Loops": 1, "Workers Planned": 1, "Workers Launched": 1, "Single Copy": false, "Plans": [{"Node Type": "Aggregate", "Strategy": "Plain", "Partial Mode": "Partial", "Parent Relationship": "Outer", "Parallel Aware": false, "Async Capable": false, "Startup Cost": 33319.85, "Total Cost": 33319.86, "Plan Rows": 1, "Plan Width": 8, "Actual Rows": 1, "Actual Loops": 2, "Workers": [], "Plans": [{"Node Type": "Merge Join", "Parent Relationship": "Outer", "Parallel Aware": false, "Async Capable": false, "Join Type": "Inner", "Startup Cost": 14453.91, "Total Cost": 32940.24, "Plan Rows": 151844, "Plan Width": 0, "Actual Rows": 434155, "Actual Loops": 2, "Inner Unique": false, "Merge Cond": "(p.id = pl.relatedpostid)", "Workers": [], "Plans": [{"Node Type": "Nested Loop", "Parent Relationship": "Outer", "Parallel Aware": false, "Async Capable": false, "Join Type": "Inner", "Startup Cost": 14453.63, "Total Cost": 26558.61, "Plan Rows": 1420468, "Plan Width": 12, "Actual Rows": 560322, "Actual Loops": 2, "Inner Unique": false, "Join Filter": "(b.userid = u.id)", "Rows Removed by Join Filter": 0, "Workers": [], "Plans": [{"Node Type": "Merge Join", "Parent Relationship": "Outer", "Parallel Aware": false, "Async Capable": false, "Join Type": "Inner", "Startup Cost": 14453.32, "Total Cost": 20476.56, "Plan Rows": 36890, "Plan Width": 20, "Actual Rows": 45501, "Actual Loops": 2, "Inner Unique": false, "Merge Cond": "(c.postid = p.id)", "Workers": [], "Plans": [{"Node Type": "Index Scan", "Parent Relationship": "Outer", "Parallel Aware": true, "Async Capable": false, "Scan Direction": "Forward", "Index Name": "idx_comments_postid", "Relation Name": "comments", "Alias": "c", "Startup Cost": 0.42, "Total Cost": 5216.17, "Plan Rows": 101654, "Plan Width": 4, "Actual Rows": 86286, "Actual Loops": 2, "Filter": "((creationdate >= '2010-08-06 12:21:39'::timestamp without time zone) AND (creationdate <= '2014-09-11 20:55:34'::timestamp without time zone))", "Rows Removed by Filter": 642, "Workers": []}, {"Node Type": "Sort", "Parent Relationship": "Inner", "Parallel Aware": false, "Async Capable": false, "Startup Cost": 14452.9, "Total Cost": 14536.35, "Plan Rows": 33378, "Plan Width": 16, "Actual Rows": 67596, "Actual Loops": 2, "Sort Key": ["p.id"], "Sort Method": "quicksort", "Sort Space Used": 2855, "Sort Space Type": "Memory", "Workers": [{"Worker Number": 0, "Sort Method": "quicksort", "Sort Space Used": 2855, "Sort Space Type": "Memory"}], "Plans": [{"Node Type": "Hash Join", "Parent Relationship": "Outer", "Parallel Aware": false, "Async Capable": false, "Join Type": "Inner", "Startup Cost": 4081.26, "Total Cost": 11945.11, "Plan Rows": 33378, "Plan Width": 16, "Actual Rows": 33755, "Actual Loops": 2, "Inner Unique": true, "Hash Cond": "(p.owneruserid = u.id)", "Workers": [], "Plans": [{"Node Type": "Hash Join", "Parent Relationship": "Outer", "Parallel Aware": false, "Async Capable": false, "Join Type": "Inner", "Startup Cost": 2609.52, "Total Cost": 10377.76, "Plan Rows": 36421, "Plan Width": 12, "Actual Rows": 47828, "Actual Loops": 2, "Inner Unique": true, "Hash Cond": "(v.postid = p.id)", "Workers": [], "Plans": [{"Node Type": "Seq Scan", "Parent Relationship": "Outer", "Parallel Aware": false, "Async Capable": false, "Relation Name": "votes", "Alias": "v", "Startup Cost": 0.0, "Total Cost": 7080.96, "Plan Rows": 261809, "Plan Width": 4, "Actual Rows": 261736, "Actual Loops": 2, "Filter": "((creationdate <= '2014-09-11 00:00:00'::timestamp without time zone) AND (votetypeid = 2))", "Rows Removed by Filter": 66328, "Workers": []}, {"Node Type": "Hash", "Parent Relationship": "Inner", "Parallel Aware": false, "Async Capable": false, "Startup Cost": 2449.58, "Total Cost": 2449.58, "Plan Rows": 12795, "Plan Width": 8, "Actual Rows": 12355, "Actual Loops": 2, "Hash Buckets": 16384, "Original Hash Buckets": 16384, "Hash Batches": 1, "Original Hash Batches": 1, "Peak Memory Usage": 610, "Workers": [], "Plans": [{"Node Type": "Seq Scan", "Parent Relationship": "Outer", "Parallel Aware": false, "Async Capable": false, "Relation Name": "posts", "Alias": "p", "Startup Cost": 0.0, "Total Cost": 2449.58, "Plan Rows": 12795, "Plan Width": 8, "Actual Rows": 12355, "Actual Loops": 2, "Filter": "((score >= 0) AND (score <= 13) AND (favoritecount >= 0))", "Rows Removed by Filter": 79621, "Workers": []}]}]}, {"Node Type": "Hash", "Parent Relationship": "Inner", "Parallel Aware": false, "Async Capable": false, "Startup Cost": 1002.69, "Total Cost": 1002.69, "Plan Rows": 37524, "Plan Width": 4, "Actual Rows": 37520, "Actual Loops": 2, "Hash Buckets": 65536, "Original Hash Buckets": 65536, "Hash Batches": 1, "Original Hash Batches": 1, "Peak Memory Usage": 1832, "Workers": [], "Plans": [{"Node Type": "Seq Scan", "Parent Relationship": "Outer", "Parallel Aware": false, "Async Capable": false, "Relation Name": "users", "Alias": "u", "Startup Cost": 0.0, "Total Cost": 1002.69, "Plan Rows": 37524, "Plan Width": 4, "Actual Rows": 37520, "Actual Loops": 2, "Filter": "((reputation >= 1) AND (creationdate >= '2011-02-17 03:42:02'::timestamp without time zone) AND (creationdate <= '2014-09-01 10:54:39'::timestamp without time zone))", "Rows Removed by Filter": 2805, "Workers": []}]}]}]}]}, {"Node Type": "Memoize", "Parent Relationship": "Inner", "Parallel Aware": false, "Async Capable": false, "Startup Cost": 0.3, "Total Cost": 0.4, "Plan Rows": 3, "Plan Width": 4, "Actual Rows": 12, "Actual Loops": 91002, "Cache Key": "p.owneruserid", "Cache Mode": "logical", "Cache Hits": 47091, "Cache Misses": 2441, "Cache Evictions": 0, "Cache Overflows": 0, "Peak Memory Usage": 730, "Workers": [{"Worker Number": 0, "Cache Hits": 39488, "Cache Misses": 1982, "Cache Evictions": 0, "Cache Overflows": 0, "Peak Memory Usage": 636}], "Plans": [{"Node Type": "Index Only Scan", "Parent Relationship": "Outer", "Parallel Aware": false, "Async Capable": false, "Scan Direction": "Forward", "Index Name": "idx_badges_userid", "Relation Name": "badges", "Alias": "b", "Startup Cost": 0.29, "Total Cost": 0.39, "Plan Rows": 3, "Plan Width": 4, "Actual Rows": 7, "Actual Loops": 4423, "Index Cond": "(userid = p.owneruserid)", "Rows Removed by Index Recheck": 0, "Heap Fetches": 0, "Workers": []}]}]}, {"Node Type": "Materialize", "Parent Relationship": "Inner", "Parallel Aware": false, "Async Capable": false, "Startup Cost": 0.29, "Total Cost": 611.05, "Plan Rows": 9832, "Plan Width": 4, "Actual Rows": 442826, "Actual Loops": 2, "Workers": [], "Plans": [{"Node Type": "Index Scan", "Parent Relationship": "Outer", "Parallel Aware": false, "Async Capable": false, "Scan Direction": "Forward", "Index Name": "idx_postlinks_relatedpostid", "Relation Name": "postlinks", "Alias": "pl", "Startup Cost": 0.29, "Total Cost": 586.47, "Plan Rows": 9832, "Plan Width": 4, "Actual Rows": 9796, "Actual Loops": 2, "Filter": "((creationdate >= '2011-03-11 18:50:29'::timestamp without time zone) AND (linktypeid = 1))", "Rows Removed by Filter": 1298, "Workers": []}]}]}]}]}]}, "Planning Time": 10.666, "Triggers": [], "Execution Time": 381.386}, {"Plan": {"Node Type": "Aggregate", "Strategy": "Plain", "Partial Mode": "Simple", "Parallel Aware": false, "Async Capable": false, "Startup Cost": 45538.29, "Total Cost": 45538.3, "Plan Rows": 1, "Plan Width": 8, "Actual Rows": 1, "Actual Loops": 1, "Plans": [{"Node Type": "Merge Join", "Parent Relationship": "Outer", "Parallel Aware": false, "Async Capable": false, "Join Type": "Inner", "Startup Cost": 14453.91, "Total Cost": 44892.95, "Plan Rows": 258135, "Plan Width": 0, "Actual Rows": 868310, "Actual Loops": 1, "Inner Unique": false, "Merge Cond": "(pl.relatedpostid = p.id)", "Plans": [{"Node Type": "Index Scan", "Parent Relationship": "Outer", "Parallel Aware": false, "Async Capable": false, "Scan Direction": "Forward", "Index Name": "idx_postlinks_relatedpostid", "Relation Name": "postlinks", "Alias": "pl", "Startup Cost": 0.29, "Total Cost": 586.47, "Plan Rows": 9832, "Plan Width": 4, "Actual Rows": 9801, "Actual Loops": 1, "Filter": "((creationdate >= '2011-03-11 18:50:29'::timestamp without time zone) AND (linktypeid = 1))", "Rows Removed by Filter": 1299}, {"Node Type": "Materialize", "Parent Relationship": "Inner", "Parallel Aware": false, "Async Capable": false, "Startup Cost": 14453.63, "Total Cost": 35722.29, "Plan Rows": 2414795, "Plan Width": 12, "Actual Rows": 1583244, "Actual Loops": 1, "Plans": [{"Node Type": "Nested Loop", "Parent Relationship": "Outer", "Parallel Aware": false, "Async Capable": false, "Join Type": "Inner", "Startup Cost": 14453.63, "Total Cost": 29685.31, "Plan Rows": 2414795, "Plan Width": 12, "Actual Rows": 1120644, "Actual Loops": 1, "Inner Unique": false, "Join Filter": "(b.userid = u.id)", "Rows Removed by Join Filter": 0, "Plans": [{"Node Type": "Merge Join", "Parent Relationship": "Outer", "Parallel Aware": false, "Async Capable": false, "Join Type": "Inner", "Startup Cost": 14453.32, "Total Cost": 22118.39, "Plan Rows": 62713, "Plan Width": 20, "Actual Rows": 91002, "Actual Loops": 1, "Inner Unique": false, "Merge Cond": "(c.postid = p.id)", "Plans": [{"Node Type": "Index Scan", "Parent Relationship": "Outer", "Parallel Aware": false, "Async Capable": false, "Scan Direction": "Forward", "Index Name": "idx_comments_postid", "Relation Name": "comments", "Alias": "c", "Startup Cost": 0.42, "Total Cost": 6292.76, "Plan Rows": 172812, "Plan Width": 4, "Actual Rows": 172572, "Actual Loops": 1, "Filter": "((creationdate >= '2010-08-06 12:21:39'::timestamp without time zone) AND (creationdate <= '2014-09-11 20:55:34'::timestamp without time zone))", "Rows Removed by Filter": 1277}, {"Node Type": "Sort", "Parent Relationship": "Inner", "Parallel Aware": false, "Async Capable": false, "Startup Cost": 14452.9, "Total Cost": 14536.35, "Plan Rows": 33378, "Plan Width": 16, "Actual Rows": 101438, "Actual Loops": 1, "Sort Key": ["p.id"], "Sort Method": "quicksort", "Sort Space Used": 2855, "Sort Space Type": "Memory", "Plans": [{"Node Type": "Hash Join", "Parent Relationship": "Outer", "Parallel Aware": false, "Async Capable": false, "Join Type": "Inner", "Startup Cost": 4081.26, "Total Cost": 11945.11, "Plan Rows": 33378, "Plan Width": 16, "Actual Rows": 33755, "Actual Loops": 1, "Inner Unique": true, "Hash Cond": "(p.owneruserid = u.id)", "Plans": [{"Node Type": "Hash Join", "Parent Relationship": "Outer", "Parallel Aware": false, "Async Capable": false, "Join Type": "Inner", "Startup Cost": 2609.52, "Total Cost": 10377.76, "Plan Rows": 36421, "Plan Width": 12, "Actual Rows": 47828, "Actual Loops": 1, "Inner Unique": true, "Hash Cond": "(v.postid = p.id)", "Plans": [{"Node Type": "Seq Scan", "Parent Relationship": "Outer", "Parallel Aware": false, "Async Capable": false, "Relation Name": "votes", "Alias": "v", "Startup Cost": 0.0, "Total Cost": 7080.96, "Plan Rows": 261809, "Plan Width": 4, "Actual Rows": 261736, "Actual Loops": 1, "Filter": "((creationdate <= '2014-09-11 00:00:00'::timestamp without time zone) AND (votetypeid = 2))", "Rows Removed by Filter": 66328}, {"Node Type": "Hash", "Parent Relationship": "Inner", "Parallel Aware": false, "Async Capable": false, "Startup Cost": 2449.58, "Total Cost": 2449.58, "Plan Rows": 12795, "Plan Width": 8, "Actual Rows": 12355, "Actual Loops": 1, "Hash Buckets": 16384, "Original Hash Buckets": 16384, "Hash Batches": 1, "Original Hash Batches": 1, "Peak Memory Usage": 610, "Plans": [{"Node Type": "Seq Scan", "Parent Relationship": "Outer", "Parallel Aware": false, "Async Capable": false, "Relation Name": "posts", "Alias": "p", "Startup Cost": 0.0, "Total Cost": 2449.58, "Plan Rows": 12795, "Plan Width": 8, "Actual Rows": 12355, "Actual Loops": 1, "Filter": "((score >= 0) AND (score <= 13) AND (favoritecount >= 0))", "Rows Removed by Filter": 79621}]}]}, {"Node Type": "Hash", "Parent Relationship": "Inner", "Parallel Aware": false, "Async Capable": false, "Startup Cost": 1002.69, "Total Cost": 1002.69, "Plan Rows": 37524, "Plan Width": 4, "Actual Rows": 37520, "Actual Loops": 1, "Hash Buckets": 65536, "Original Hash Buckets": 65536, "Hash Batches": 1, "Original Hash Batches": 1, "Peak Memory Usage": 1832, "Plans": [{"Node Type": "Seq Scan", "Parent Relationship": "Outer", "Parallel Aware": false, "Async Capable": false, "Relation Name": "users", "Alias": "u", "Startup Cost": 0.0, "Total Cost": 1002.69, "Plan Rows": 37524, "Plan Width": 4, "Actual Rows": 37520, "Actual Loops": 1, "Filter": "((reputation >= 1) AND (creationdate >= '2011-02-17 03:42:02'::timestamp without time zone) AND (creationdate <= '2014-09-01 10:54:39'::timestamp without time zone))", "Rows Removed by Filter": 2805}]}]}]}]}, {"Node Type": "Memoize", "Parent Relationship": "Inner", "Parallel Aware": false, "Async Capable": false, "Startup Cost": 0.3, "Total Cost": 0.4, "Plan Rows": 3, "Plan Width": 4, "Actual Rows": 12, "Actual Loops": 91002, "Cache Key": "p.owneruserid", "Cache Mode": "logical", "Cache Hits": 87063, "Cache Misses": 3939, "Cache Evictions": 0, "Cache Overflows": 0, "Peak Memory Usage": 1085, "Plans": [{"Node Type": "Index Only Scan", "Parent Relationship": "Outer", "Parallel Aware": false, "Async Capable": false, "Scan Direction": "Forward", "Index Name": "idx_badges_userid", "Relation Name": "badges", "Alias": "b", "Startup Cost": 0.29, "Total Cost": 0.39, "Plan Rows": 3, "Plan Width": 4, "Actual Rows": 6, "Actual Loops": 3939, "Index Cond": "(userid = p.owneruserid)", "Rows Removed by Index Recheck": 0, "Heap Fetches": 0}]}]}]}]}]}, "Planning Time": 5.934, "Triggers": [], "Execution Time": 629.918}, {"Plan": {"Node Type": "Aggregate", "Strategy": "Plain", "Partial Mode": "Simple", "Parallel Aware": false, "Async Capable": false, "Startup Cost": 18921.19, "Total Cost": 18921.2, "Plan Rows": 1, "Plan Width": 8, "Actual Rows": 1, "Actual Loops": 1, "Plans": [{"Node Type": "Merge Join", "Parent Relationship": "Outer", "Parallel Aware": false, "Async Capable": false, "Join Type": "Inner", "Startup Cost": 3324.12, "Total Cost": 18275.85, "Plan Rows": 258135, "Plan Width": 0, "Actual Rows": 868310, "Actual Loops": 1, "Inner Unique": false, "Merge Cond": "(p.id = c.postid)", "Plans": [{"Node Type": "Nested Loop", "Parent Relationship": "Outer", "Parallel Aware": false, "Async Capable": false, "Join Type": "Inner", "Startup Cost": 3323.7, "Total Cost": 7766.91, "Plan Rows": 137413, "Plan Width": 12, "Actual Rows": 275411, "Actual Loops": 1, "Inner Unique": false, "Plans": [{"Node Type": "Nested Loop", "Parent Relationship": "Outer", "Parallel Aware": false, "Async Capable": false, "Join Type": "Inner", "Startup Cost": 3323.41, "Total Cost": 6377.56, "Plan Rows": 3569, "Plan Width": 20, "Actual Rows": 19619, "Actual Loops": 1, "Inner Unique": false, "Plans": [{"Node Type": "Nested Loop", "Parent Relationship": "Outer", "Parallel Aware": false, "Async Capable": false, "Join Type": "Inner", "Startup Cost": 3322.98, "Total Cost": 4617.24, "Plan Rows": 1254, "Plan Width": 16, "Actual Rows": 3268, "Actual Loops": 1, "Inner Unique": true, "Plans": [{"Node Type": "Merge Join", "Parent Relationship": "Outer", "Parallel Aware": false, "Async Capable": false, "Join Type": "Inner", "Startup Cost": 3322.69, "Total Cost": 4010.98, "Plan Rows": 1368, "Plan Width": 12, "Actual Rows": 4556, "Actual Loops": 1, "Inner Unique": true, "Merge Cond": "(pl.relatedpostid = p.id)", "Plans": [{"Node Type": "Index Scan", "Parent Relationship": "Outer", "Parallel Aware": false, "Async Capable": false, "Scan Direction": "Forward", "Index Name": "idx_postlinks_relatedpostid", "Relation Name": "postlinks", "Alias": "pl", "Startup Cost": 0.29, "Total Cost": 586.47, "Plan Rows": 9832, "Plan Width": 4, "Actual Rows": 9802, "Actual Loops": 1, "Filter": "((creationdate >= '2011-03-11 18:50:29'::timestamp without time zone) AND (linktypeid = 1))", "Rows Removed by Filter": 1300}, {"Node Type": "Sort", "Parent Relationship": "Inner", "Parallel Aware": false, "Async Capable": false, "Startup Cost": 3322.41, "Total Cost": 3354.4, "Plan Rows": 12795, "Plan Width": 8, "Actual Rows": 12346, "Actual Loops": 1, "Sort Key": ["p.id"], "Sort Method": "quicksort", "Sort Space Used": 771, "Sort Space Type": "Memory", "Plans": [{"Node Type": "Seq Scan", "Parent Relationship": "Outer", "Parallel Aware": false, "Async Capable": false, "Relation Name": "posts", "Alias": "p", "Startup Cost": 0.0, "Total Cost": 2449.58, "Plan Rows": 12795, "Plan Width": 8, "Actual Rows": 12355, "Actual Loops": 1, "Filter": "((score >= 0) AND (score <= 13) AND (favoritecount >= 0))", "Rows Removed by Filter": 79621}]}]}, {"Node Type": "Index Scan", "Parent Relationship": "Inner", "Parallel Aware": false, "Async Capable": false, "Scan Direction": "Forward", "Index Name": "users_pkey", "Relation Name": "users", "Alias": "u", "Startup Cost": 0.29, "Total Cost": 0.44, "Plan Rows": 1, "Plan Width": 4, "Actual Rows": 1, "Actual Loops": 4556, "Index Cond": "(id = p.owneruserid)", "Rows Removed by Index Recheck": 0, "Filter": "((reputation >= 1) AND (creationdate >= '2011-02-17 03:42:02'::timestamp without time zone) AND (creationdate <= '2014-09-01 10:54:39'::timestamp without time zone))", "Rows Removed by Filter": 0}]}, {"Node Type": "Index Scan", "Parent Relationship": "Inner", "Parallel Aware": false, "Async Capable": false, "Scan Direction": "Forward", "Index Name": "idx_votes_postid", "Relation Name": "votes", "Alias": "v", "Startup Cost": 0.42, "Total Cost": 1.36, "Plan Rows": 4, "Plan Width": 4, "Actual Rows": 6, "Actual Loops": 3268, "Index Cond": "(postid = p.id)", "Rows Removed by Index Recheck": 0, "Filter": "((creationdate <= '2014-09-11 00:00:00'::timestamp without time zone) AND (votetypeid = 2))", "Rows Removed by Filter": 3}]}, {"Node Type": "Index Only Scan", "Parent Relationship": "Inner", "Parallel Aware": false, "Async Capable": false, "Scan Direction": "Forward", "Index Name": "idx_badges_userid", "Relation Name": "badges", "Alias": "b", "Startup Cost": 0.29, "Total Cost": 0.36, "Plan Rows": 3, "Plan Width": 4, "Actual Rows": 14, "Actual Loops": 19619, "Index Cond": "(userid = u.id)", "Rows Removed by Index Recheck": 0, "Heap Fetches": 0}]}, {"Node Type": "Materialize", "Parent Relationship": "Inner", "Parallel Aware": false, "Async Capable": false, "Startup Cost": 0.42, "Total Cost": 6724.79, "Plan Rows": 172812, "Plan Width": 4, "Actual Rows": 1034819, "Actual Loops": 1, "Plans": [{"Node Type": "Index Scan", "Parent Relationship": "Outer", "Parallel Aware": false, "Async Capable": false, "Scan Direction": "Forward", "Index Name": "idx_comments_postid", "Relation Name": "comments", "Alias": "c", "Startup Cost": 0.42, "Total Cost": 6292.76, "Plan Rows": 172812, "Plan Width": 4, "Actual Rows": 171629, "Actual Loops": 1, "Filter": "((creationdate >= '2010-08-06 12:21:39'::timestamp without time zone) AND (creationdate <= '2014-09-11 20:55:34'::timestamp without time zone))", "Rows Removed by Filter": 1238}]}]}]}, "Planning Time": 5.528, "Triggers": [], "Execution Time": 326.156}, {"Plan": {"Node Type": "Aggregate", "Strategy": "Plain", "Partial Mode": "Simple", "Parallel Aware": false, "Async Capable": false, "Startup Cost": 10610.94, "Total Cost": 10610.95, "Plan Rows": 1, "Plan Width": 8, "Actual Rows": 1, "Actual Loops": 1, "Plans": [{"Node Type": "Hash Join", "Parent Relationship": "Outer", "Parallel Aware": false, "Async Capable": false, "Join Type": "Inner", "Startup Cost": 6451.04, "Total Cost": 9965.61, "Plan Rows": 258135, "Plan Width": 0, "Actual Rows": 868310, "Actual Loops": 1, "Inner Unique": false, "Hash Cond": "(p.owneruserid = u.id)", "Plans": [{"Node Type": "Nested Loop", "Parent Relationship": "Outer", "Parallel Aware": false, "Async Capable": false, "Join Type": "Inner", "Startup Cost": 2610.36, "Total Cost": 5955.6, "Plan Rows": 7315, "Plan Width": 4, "Actual Rows": 83029, "Actual Loops": 1, "Inner Unique": false, "Join Filter": "(p.id = v.postid)", "Rows Removed by Join Filter": 0, "Plans": [{"Node Type": "Nested Loop", "Parent Relationship": "Outer", "Parallel Aware": false, "Async Capable": false, "Join Type": "Inner", "Startup Cost": 2609.94, "Total Cost": 4294.45, "Plan Rows": 2570, "Plan Width": 16, "Actual Rows": 12375, "Actual Loops": 1, "Inner Unique": false, "Plans": [{"Node Type": "Hash Join", "Parent Relationship": "Outer", "Parallel Aware": false, "Async Capable": false, "Join Type": "Inner", "Startup Cost": 2609.52, "Total Cost": 2883.86, "Plan Rows": 1368, "Plan Width": 12, "Actual Rows": 4556, "Actual Loops": 1, "Inner Unique": true, "Hash Cond": "(pl.relatedpostid = p.id)", "Plans": [{"Node Type": "Seq Scan", "Parent Relationship": "Outer", "Parallel Aware": false, "Async Capable": false, "Relation Name": "postlinks", "Alias": "pl", "Startup Cost": 0.0, "Total Cost": 248.53, "Plan Rows": 9832, "Plan Width": 4, "Actual Rows": 9802, "Actual Loops": 1, "Filter": "((creationdate >= '2011-03-11 18:50:29'::timestamp without time zone) AND (linktypeid = 1))", "Rows Removed by Filter": 1300}, {"Node Type": "Hash", "Parent Relationship": "Inner", "Parallel Aware": false, "Async Capable": false, "Startup Cost": 2449.58, "Total Cost": 2449.58, "Plan Rows": 12795, "Plan Width": 8, "Actual Rows": 12355, "Actual Loops": 1, "Hash Buckets": 16384, "Original Hash Buckets": 16384, "Hash Batches": 1, "Original Hash Batches": 1, "Peak Memory Usage": 610, "Plans": [{"Node Type": "Seq Scan", "Parent Relationship": "Outer", "Parallel Aware": false, "Async Capable": false, "Relation Name": "posts", "Alias": "p", "Startup Cost": 0.0, "Total Cost": 2449.58, "Plan Rows": 12795, "Plan Width": 8, "Actual Rows": 12355, "Actual Loops": 1, "Filter": "((score >= 0) AND (score <= 13) AND (favoritecount >= 0))", "Rows Removed by Filter": 79621}]}]}, {"Node Type": "Index Scan", "Parent Relationship": "Inner", "Parallel Aware": false, "Async Capable": false, "Scan Direction": "Forward", "Index Name": "idx_comments_postid", "Relation Name": "comments", "Alias": "c", "Startup Cost": 0.42, "Total Cost": 1.0, "Plan Rows": 3, "Plan Width": 4, "Actual Rows": 3, "Actual Loops": 4556, "Index Cond": "(postid = p.id)", "Rows Removed by Index Recheck": 0, "Filter": "((creationdate >= '2010-08-06 12:21:39'::timestamp without time zone) AND (creationdate <= '2014-09-11 20:55:34'::timestamp without time zone))", "Rows Removed by Filter": 0}]}, {"Node Type": "Index Scan", "Parent Relationship": "Inner", "Parallel Aware": false, "Async Capable": false, "Scan Direction": "Forward", "Index Name": "idx_votes_postid", "Relation Name": "votes", "Alias": "v", "Startup Cost": 0.42, "Total Cost": 0.6, "Plan Rows": 4, "Plan Width": 4, "Actual Rows": 7, "Actual Loops": 12375, "Index Cond": "(postid = c.postid)", "Rows Removed by Index Recheck": 0, "Filter": "((creationdate <= '2014-09-11 00:00:00'::timestamp without time zone) AND (votetypeid = 2))", "Rows Removed by Filter": 4}]}, {"Node Type": "Hash", "Parent Relationship": "Inner", "Parallel Aware": false, "Async Capable": false, "Startup Cost": 2911.88, "Total Cost": 2911.88, "Plan Rows": 74304, "Plan Width": 8, "Actual Rows": 64342, "Actual Loops": 1, "Hash Buckets": 131072, "Original Hash Buckets": 131072, "Hash Batches": 1, "Original Hash Batches": 1, "Peak Memory Usage": 3538, "Plans": [{"Node Type": "Hash Join", "Parent Relationship": "Outer", "Parallel Aware": false, "Async Capable": false, "Join Type": "Inner", "Startup Cost": 1471.74, "Total Cost": 2911.88, "Plan Rows": 74304, "Plan Width": 8, "Actual Rows": 64342, "Actual Loops": 1, "Inner Unique": true, "Hash Cond": "(b.userid = u.id)", "Plans": [{"Node Type": "Seq Scan", "Parent Relationship": "Outer", "Parallel Aware": false, "Async Capable": false, "Relation Name": "badges", "Alias": "b", "Startup Cost": 0.0, "Total Cost": 1230.51, "Plan Rows": 79851, "Plan Width": 4, "Actual Rows": 79851, "Actual Loops": 1}, {"Node Type": "Hash", "Parent Relationship": "Inner", "Parallel Aware": false, "Async Capable": false, "Startup Cost": 1002.69, "Total Cost": 1002.69, "Plan Rows": 37524, "Plan Width": 4, "Actual Rows": 37520, "Actual Loops": 1, "Hash Buckets": 65536, "Original Hash Buckets": 65536, "Hash Batches": 1, "Original Hash Batches": 1, "Peak Memory Usage": 1832, "Plans": [{"Node Type": "Seq Scan", "Parent Relationship": "Outer", "Parallel Aware": false, "Async Capable": false, "Relation Name": "users", "Alias": "u", "Startup Cost": 0.0, "Total Cost": 1002.69, "Plan Rows": 37524, "Plan Width": 4, "Actual Rows": 37520, "Actual Loops": 1, "Filter": "((reputation >= 1) AND (creationdate >= '2011-02-17 03:42:02'::timestamp without time zone) AND (creationdate <= '2014-09-01 10:54:39'::timestamp without time zone))", "Rows Removed by Filter": 2805}]}]}]}]}]}, "Planning Time": 5.495, "Triggers": [], "Execution Time": 283.525}, {"Plan": {"Node Type": "Aggregate", "Strategy": "Plain", "Partial Mode": "Simple", "Parallel Aware": false, "Async Capable": false, "Startup Cost": 11861.69, "Total Cost": 11861.7, "Plan Rows": 1, "Plan Width": 8, "Actual Rows": 1, "Actual Loops": 1, "Plans": [{"Node Type": "Hash Join", "Parent Relationship": "Outer", "Parallel Aware": false, "Async Capable": false, "Join Type": "Inner", "Startup Cost": 4082.39, "Total Cost": 11216.35, "Plan Rows": 258135, "Plan Width": 0, "Actual Rows": 868310, "Actual Loops": 1, "Inner Unique": true, "Hash Cond": "(p.owneruserid = u.id)", "Plans": [{"Node Type": "Nested Loop", "Parent Relationship": "Outer", "Parallel Aware": false, "Async Capable": false, "Join Type": "Inner", "Startup Cost": 2610.65, "Total Cost": 9005.16, "Plan Rows": 281667, "Plan Width": 8, "Actual Rows": 2358143, "Actual Loops": 1, "Inner Unique": false, "Plans": [{"Node Type": "Nested Loop", "Parent Relationship": "Outer", "Parallel Aware": false, "Async Capable": false, "Join Type": "Inner", "Startup Cost": 2610.36, "Total Cost": 5955.6, "Plan Rows": 7315, "Plan Width": 4, "Actual Rows": 83029, "Actual Loops": 1, "Inner Unique": false, "Join Filter": "(p.id = v.postid)", "Rows Removed by Join Filter": 0, "Plans": [{"Node Type": "Nested Loop", "Parent Relationship": "Outer", "Parallel Aware": false, "Async Capable": false, "Join Type": "Inner", "Startup Cost": 2609.94, "Total Cost": 4294.45, "Plan Rows": 2570, "Plan Width": 16, "Actual Rows": 12375, "Actual Loops": 1, "Inner Unique": false, "Plans": [{"Node Type": "Hash Join", "Parent Relationship": "Outer", "Parallel Aware": false, "Async Capable": false, "Join Type": "Inner", "Startup Cost": 2609.52, "Total Cost": 2883.86, "Plan Rows": 1368, "Plan Width": 12, "Actual Rows": 4556, "Actual Loops": 1, "Inner Unique": true, "Hash Cond": "(pl.relatedpostid = p.id)", "Plans": [{"Node Type": "Seq Scan", "Parent Relationship": "Outer", "Parallel Aware": false, "Async Capable": false, "Relation Name": "postlinks", "Alias": "pl", "Startup Cost": 0.0, "Total Cost": 248.53, "Plan Rows": 9832, "Plan Width": 4, "Actual Rows": 9802, "Actual Loops": 1, "Filter": "((creationdate >= '2011-03-11 18:50:29'::timestamp without time zone) AND (linktypeid = 1))", "Rows Removed by Filter": 1300}, {"Node Type": "Hash", "Parent Relationship": "Inner", "Parallel Aware": false, "Async Capable": false, "Startup Cost": 2449.58, "Total Cost": 2449.58, "Plan Rows": 12795, "Plan Width": 8, "Actual Rows": 12355, "Actual Loops": 1, "Hash Buckets": 16384, "Original Hash Buckets": 16384, "Hash Batches": 1, "Original Hash Batches": 1, "Peak Memory Usage": 610, "Plans": [{"Node Type": "Seq Scan", "Parent Relationship": "Outer", "Parallel Aware": false, "Async Capable": false, "Relation Name": "posts", "Alias": "p", "Startup Cost": 0.0, "Total Cost": 2449.58, "Plan Rows": 12795, "Plan Width": 8, "Actual Rows": 12355, "Actual Loops": 1, "Filter": "((score >= 0) AND (score <= 13) AND (favoritecount >= 0))", "Rows Removed by Filter": 79621}]}]}, {"Node Type": "Index Scan", "Parent Relationship": "Inner", "Parallel Aware": false, "Async Capable": false, "Scan Direction": "Forward", "Index Name": "idx_comments_postid", "Relation Name": "comments", "Alias": "c", "Startup Cost": 0.42, "Total Cost": 1.0, "Plan Rows": 3, "Plan Width": 4, "Actual Rows": 3, "Actual Loops": 4556, "Index Cond": "(postid = p.id)", "Rows Removed by Index Recheck": 0, "Filter": "((creationdate >= '2010-08-06 12:21:39'::timestamp without time zone) AND (creationdate <= '2014-09-11 20:55:34'::timestamp without time zone))", "Rows Removed by Filter": 0}]}, {"Node Type": "Index Scan", "Parent Relationship": "Inner", "Parallel Aware": false, "Async Capable": false, "Scan Direction": "Forward", "Index Name": "idx_votes_postid", "Relation Name": "votes", "Alias": "v", "Startup Cost": 0.42, "Total Cost": 0.6, "Plan Rows": 4, "Plan Width": 4, "Actual Rows": 7, "Actual Loops": 12375, "Index Cond": "(postid = c.postid)", "Rows Removed by Index Recheck": 0, "Filter": "((creationdate <= '2014-09-11 00:00:00'::timestamp without time zone) AND (votetypeid = 2))", "Rows Removed by Filter": 4}]}, {"Node Type": "Index Only Scan", "Parent Relationship": "Inner", "Parallel Aware": false, "Async Capable": false, "Scan Direction": "Forward", "Index Name": "idx_badges_userid", "Relation Name": "badges", "Alias": "b", "Startup Cost": 0.29, "Total Cost": 0.39, "Plan Rows": 3, "Plan Width": 4, "Actual Rows": 28, "Actual Loops": 83029, "Index Cond": "(userid = p.owneruserid)", "Rows Removed by Index Recheck": 0, "Heap Fetches": 0}]}, {"Node Type": "Hash", "Parent Relationship": "Inner", "Parallel Aware": false, "Async Capable": false, "Startup Cost": 1002.69, "Total Cost": 1002.69, "Plan Rows": 37524, "Plan Width": 4, "Actual Rows": 37520, "Actual Loops": 1, "Hash Buckets": 65536, "Original Hash Buckets": 65536, "Hash Batches": 1, "Original Hash Batches": 1, "Peak Memory Usage": 1832, "Plans": [{"Node Type": "Seq Scan", "Parent Relationship": "Outer", "Parallel Aware": false, "Async Capable": false, "Relation Name": "users", "Alias": "u", "Startup Cost": 0.0, "Total Cost": 1002.69, "Plan Rows": 37524, "Plan Width": 4, "Actual Rows": 37520, "Actual Loops": 1, "Filter": "((reputation >= 1) AND (creationdate >= '2011-02-17 03:42:02'::timestamp without time zone) AND (creationdate <= '2014-09-01 10:54:39'::timestamp without time zone))", "Rows Removed by Filter": 2805}]}]}]}, "Planning Time": 5.438, "Triggers": [], "Execution Time": 458.97}, {"Plan": {"Node Type": "Aggregate", "Strategy": "Plain", "Partial Mode": "Simple", "Parallel Aware": false, "Async Capable": false, "Startup Cost": 52560.27, "Total Cost": 52560.28, "Plan Rows": 1, "Plan Width": 8, "Actual Rows": 1, "Actual Loops": 1, "Plans": [{"Node Type": "Merge Join", "Parent Relationship": "Outer", "Parallel Aware": false, "Async Capable": false, "Join Type": "Inner", "Startup Cost": 4748.87, "Total Cost": 51914.93, "Plan Rows": 258135, "Plan Width": 0, "Actual Rows": 868310, "Actual Loops": 1, "Inner Unique": false, "Merge Cond": "(pl.relatedpostid = p.id)", "Plans": [{"Node Type": "Nested Loop", "Parent Relationship": "Outer", "Parallel Aware": false, "Async Capable": false, "Join Type": "Inner", "Startup Cost": 0.72, "Total Cost": 9474.24, "Plan Rows": 180657, "Plan Width": 8, "Actual Rows": 156174, "Actual Loops": 1, "Inner Unique": false, "Plans": [{"Node Type": "Index Scan", "Parent Relationship": "Outer", "Parallel Aware": false, "Async Capable": false, "Scan Direction": "Forward", "Index Name": "idx_postlinks_relatedpostid", "Relation Name": "postlinks", "Alias": "pl", "Startup Cost": 0.29, "Total Cost": 586.47, "Plan Rows": 9832, "Plan Width": 4, "Actual Rows": 9802, "Actual Loops": 1, "Filter": "((creationdate >= '2011-03-11 18:50:29'::timestamp without time zone) AND (linktypeid = 1))", "Rows Removed by Filter": 1300}, {"Node Type": "Memoize", "Parent Relationship": "Inner", "Parallel Aware": false, "Async Capable": false, "Startup Cost": 0.43, "Total Cost": 1.62, "Plan Rows": 4, "Plan Width": 4, "Actual Rows": 16, "Actual Loops": 9802, "Cache Key": "pl.relatedpostid", "Cache Mode": "logical", "Cache Hits": 4849, "Cache Misses": 4953, "Cache Evictions": 0, "Cache Overflows": 0, "Peak Memory Usage": 1555, "Plans": [{"Node Type": "Index Scan", "Parent Relationship": "Outer", "Parallel Aware": false, "Async Capable": false, "Scan Direction": "Forward", "Index Name": "idx_votes_postid", "Relation Name": "votes", "Alias": "v", "Startup Cost": 0.42, "Total Cost": 1.61, "Plan Rows": 4, "Plan Width": 4, "Actual Rows": 7, "Actual Loops": 4953, "Index Cond": "(postid = pl.relatedpostid)", "Rows Removed by Index Recheck": 0, "Filter": "((creationdate <= '2014-09-11 00:00:00'::timestamp without time zone) AND (votetypeid = 2))", "Rows Removed by Filter": 4}]}]}, {"Node Type": "Materialize", "Parent Relationship": "Inner", "Parallel Aware": false, "Async Capable": false, "Startup Cost": 4748.15, "Total Cost": 19151.19, "Plan Rows": 848337, "Plan Width": 8, "Actual Rows": 1035795, "Actual Loops": 1, "Plans": [{"Node Type": "Nested Loop", "Parent Relationship": "Outer", "Parallel Aware": false, "Async Capable": false, "Join Type": "Inner", "Startup Cost": 4748.15, "Total Cost": 17030.35, "Plan Rows": 848337, "Plan Width": 8, "Actual Rows": 232349, "Actual Loops": 1, "Inner Unique": false, "Join Filter": "(b.userid = u.id)", "Rows Removed by Join Filter": 0, "Plans": [{"Node Type": "Merge Join", "Parent Relationship": "Outer", "Parallel Aware": false, "Async Capable": false, "Join Type": "Inner", "Startup Cost": 4747.85, "Total Cost": 11802.71, "Plan Rows": 22032, "Plan Width": 16, "Actual Rows": 22922, "Actual Loops": 1, "Inner Unique": false, "Merge Cond": "(c.postid = p.id)", "Plans": [{"Node Type": "Index Scan", "Parent Relationship": "Outer", "Parallel Aware": false, "Async Capable": false, "Scan Direction": "Forward", "Index Name": "idx_comments_postid", "Relation Name": "comments", "Alias": "c", "Startup Cost": 0.42, "Total Cost": 6292.76, "Plan Rows": 172812, "Plan Width": 4, "Actual Rows": 172144, "Actual Loops": 1, "Filter": "((creationdate >= '2010-08-06 12:21:39'::timestamp without time zone) AND (creationdate <= '2014-09-11 20:55:34'::timestamp without time zone))", "Rows Removed by Filter": 1255}, {"Node Type": "Sort", "Parent Relationship": "Inner", "Parallel Aware": false, "Async Capable": false, "Startup Cost": 4747.43, "Total Cost": 4776.75, "Plan Rows": 11726, "Plan Width": 12, "Actual Rows": 26365, "Actual Loops": 1, "Sort Key": ["p.id"], "Sort Method": "quicksort", "Sort Space Used": 764, "Sort Space Type": "Memory", "Plans": [{"Node Type": "Hash Join", "Parent Relationship": "Outer", "Parallel Aware": false, "Async Capable": false, "Join Type": "Inner", "Startup Cost": 1471.74, "Total Cost": 3954.9, "Plan Rows": 11726, "Plan Width": 12, "Actual Rows": 9723, "Actual Loops": 1, "Inner Unique": true, "Hash Cond": "(p.owneruserid = u.id)", "Plans": [{"Node Type": "Seq Scan", "Parent Relationship": "Outer", "Parallel Aware": false, "Async Capable": false, "Relation Name": "posts", "Alias": "p", "Startup Cost": 0.0, "Total Cost": 2449.58, "Plan Rows": 12795, "Plan Width": 8, "Actual Rows": 12355, "Actual Loops": 1, "Filter": "((score >= 0) AND (score <= 13) AND (favoritecount >= 0))", "Rows Removed by Filter": 79621}, {"Node Type": "Hash", "Parent Relationship": "Inner", "Parallel Aware": false, "Async Capable": false, "Startup Cost": 1002.69, "Total Cost": 1002.69, "Plan Rows": 37524, "Plan Width": 4, "Actual Rows": 37520, "Actual Loops": 1, "Hash Buckets": 65536, "Original Hash Buckets": 65536, "Hash Batches": 1, "Original Hash Batches": 1, "Peak Memory Usage": 1832, "Plans": [{"Node Type": "Seq Scan", "Parent Relationship": "Outer", "Parallel Aware": false, "Async Capable": false, "Relation Name": "users", "Alias": "u", "Startup Cost": 0.0, "Total Cost": 1002.69, "Plan Rows": 37524, "Plan Width": 4, "Actual Rows": 37520, "Actual Loops": 1, "Filter": "((reputation >= 1) AND (creationdate >= '2011-02-17 03:42:02'::timestamp without time zone) AND (creationdate <= '2014-09-01 10:54:39'::timestamp without time zone))", "Rows Removed by Filter": 2805}]}]}]}]}, {"Node Type": "Memoize", "Parent Relationship": "Inner", "Parallel Aware": false, "Async Capable": false, "Startup Cost": 0.3, "Total Cost": 0.4, "Plan Rows": 3, "Plan Width": 4, "Actual Rows": 10, "Actual Loops": 22922, "Cache Key": "p.owneruserid", "Cache Mode": "logical", "Cache Hits": 18683, "Cache Misses": 4239, "Cache Evictions": 0, "Cache Overflows": 0, "Peak Memory Usage": 1132, "Plans": [{"Node Type": "Index Only Scan", "Parent Relationship": "Outer", "Parallel Aware": false, "Async Capable": false, "Scan Direction": "Forward", "Index Name": "idx_badges_userid", "Relation Name": "badges", "Alias": "b", "Startup Cost": 0.29, "Total Cost": 0.39, "Plan Rows": 3, "Plan Width": 4, "Actual Rows": 6, "Actual Loops": 4239, "Index Cond": "(userid = p.owneruserid)", "Rows Removed by Index Recheck": 0, "Heap Fetches": 0}]}]}]}]}]}, "Planning Time": 5.795, "Triggers": [], "Execution Time": 502.272}, {"Plan": {"Node Type": "Aggregate", "Strategy": "Plain", "Partial Mode": "Simple", "Parallel Aware": false, "Async Capable": false, "Startup Cost": 21194.46, "Total Cost": 21194.47, "Plan Rows": 1, "Plan Width": 8, "Actual Rows": 1, "Actual Loops": 1, "Plans": [{"Node Type": "Nested Loop", "Parent Relationship": "Outer", "Parallel Aware": false, "Async Capable": false, "Join Type": "Inner", "Startup Cost": 2610.95, "Total Cost": 20549.12, "Plan Rows": 258135, "Plan Width": 0, "Actual Rows": 868310, "Actual Loops": 1, "Inner Unique": false, "Join Filter": "(p.id = v.postid)", "Rows Removed by Join Filter": 0, "Plans": [{"Node Type": "Nested Loop", "Parent Relationship": "Outer", "Parallel Aware": false, "Async Capable": false, "Join Type": "Inner", "Startup Cost": 2610.52, "Total Cost": 5699.93, "Plan Rows": 90692, "Plan Width": 12, "Actual Rows": 124795, "Actual Loops": 1, "Inner Unique": false, "Plans": [{"Node Type": "Nested Loop", "Parent Relationship": "Outer", "Parallel Aware": false, "Async Capable": false, "Join Type": "Inner", "Startup Cost": 2610.23, "Total Cost": 4783.17, "Plan Rows": 2355, "Plan Width": 20, "Actual Rows": 9219, "Actual Loops": 1, "Inner Unique": false, "Plans": [{"Node Type": "Nested Loop", "Parent Relationship": "Outer", "Parallel Aware": false, "Async Capable": false, "Join Type": "Inner", "Startup Cost": 2609.81, "Total Cost": 3490.12, "Plan Rows": 1254, "Plan Width": 16, "Actual Rows": 3268, "Actual Loops": 1, "Inner Unique": true, "Plans": [{"Node Type": "Hash Join", "Parent Relationship": "Outer", "Parallel Aware": false, "Async Capable": false, "Join Type": "Inner", "Startup Cost": 2609.52, "Total Cost": 2883.86, "Plan Rows": 1368, "Plan Width": 12, "Actual Rows": 4556, "Actual Loops": 1, "Inner Unique": true, "Hash Cond": "(pl.relatedpostid = p.id)", "Plans": [{"Node Type": "Seq Scan", "Parent Relationship": "Outer", "Parallel Aware": false, "Async Capable": false, "Relation Name": "postlinks", "Alias": "pl", "Startup Cost": 0.0, "Total Cost": 248.53, "Plan Rows": 9832, "Plan Width": 4, "Actual Rows": 9802, "Actual Loops": 1, "Filter": "((creationdate >= '2011-03-11 18:50:29'::timestamp without time zone) AND (linktypeid = 1))", "Rows Removed by Filter": 1300}, {"Node Type": "Hash", "Parent Relationship": "Inner", "Parallel Aware": false, "Async Capable": false, "Startup Cost": 2449.58, "Total Cost": 2449.58, "Plan Rows": 12795, "Plan Width": 8, "Actual Rows": 12355, "Actual Loops": 1, "Hash Buckets": 16384, "Original Hash Buckets": 16384, "Hash Batches": 1, "Original Hash Batches": 1, "Peak Memory Usage": 610, "Plans": [{"Node Type": "Seq Scan", "Parent Relationship": "Outer", "Parallel Aware": false, "Async Capable": false, "Relation Name": "posts", "Alias": "p", "Startup Cost": 0.0, "Total Cost": 2449.58, "Plan Rows": 12795, "Plan Width": 8, "Actual Rows": 12355, "Actual Loops": 1, "Filter": "((score >= 0) AND (score <= 13) AND (favoritecount >= 0))", "Rows Removed by Filter": 79621}]}]}, {"Node Type": "Index Scan", "Parent Relationship": "Inner", "Parallel Aware": false, "Async Capable": false, "Scan Direction": "Forward", "Index Name": "users_pkey", "Relation Name": "users", "Alias": "u", "Startup Cost": 0.29, "Total Cost": 0.44, "Plan Rows": 1, "Plan Width": 4, "Actual Rows": 1, "Actual Loops": 4556, "Index Cond": "(id = p.owneruserid)", "Rows Removed by Index Recheck": 0, "Filter": "((reputation >= 1) AND (creationdate >= '2011-02-17 03:42:02'::timestamp without time zone) AND (creationdate <= '2014-09-01 10:54:39'::timestamp without time zone))", "Rows Removed by Filter": 0}]}, {"Node Type": "Index Scan", "Parent Relationship": "Inner", "Parallel Aware": false, "Async Capable": false, "Scan Direction": "Forward", "Index Name": "idx_comments_postid", "Relation Name": "comments", "Alias": "c", "Startup Cost": 0.42, "Total Cost": 1.0, "Plan Rows": 3, "Plan Width": 4, "Actual Rows": 3, "Actual Loops": 3268, "Index Cond": "(postid = p.id)", "Rows Removed by Index Recheck": 0, "Filter": "((creationdate >= '2010-08-06 12:21:39'::timestamp without time zone) AND (creationdate <= '2014-09-11 20:55:34'::timestamp without time zone))", "Rows Removed by Filter": 0}]}, {"Node Type": "Index Only Scan", "Parent Relationship": "Inner", "Parallel Aware": false, "Async Capable": false, "Scan Direction": "Forward", "Index Name": "idx_badges_userid", "Relation Name": "badges", "Alias": "b", "Startup Cost": 0.29, "Total Cost": 0.36, "Plan Rows": 3, "Plan Width": 4, "Actual Rows": 14, "Actual Loops": 9219, "Index Cond": "(userid = u.id)", "Rows Removed by Index Recheck": 0, "Heap Fetches": 0}]}, {"Node Type": "Memoize", "Parent Relationship": "Inner", "Parallel Aware": false, "Async Capable": false, "Startup Cost": 0.43, "Total Cost": 1.62, "Plan Rows": 4, "Plan Width": 4, "Actual Rows": 7, "Actual Loops": 124795, "Cache Key": "pl.relatedpostid", "Cache Mode": "logical", "Cache Hits": 123500, "Cache Misses": 1295, "Cache Evictions": 0, "Cache Overflows": 0, "Peak Memory Usage": 329, "Plans": [{"Node Type": "Index Scan", "Parent Relationship": "Outer", "Parallel Aware": false, "Async Capable": false, "Scan Direction": "Forward", "Index Name": "idx_votes_postid", "Relation Name": "votes", "Alias": "v", "Startup Cost": 0.42, "Total Cost": 1.61, "Plan Rows": 4, "Plan Width": 4, "Actual Rows": 5, "Actual Loops": 1295, "Index Cond": "(postid = pl.relatedpostid)", "Rows Removed by Index Recheck": 0, "Filter": "((creationdate <= '2014-09-11 00:00:00'::timestamp without time zone) AND (votetypeid = 2))", "Rows Removed by Filter": 3}]}]}]}, "Planning Time": 5.392, "Triggers": [], "Execution Time": 173.945}, {"Plan": {"Node Type": "Aggregate", "Strategy": "Plain", "Partial Mode": "Simple", "Parallel Aware": false, "Async Capable": false, "Startup Cost": 9560.45, "Total Cost": 9560.46, "Plan Rows": 1, "Plan Width": 8, "Actual Rows": 1, "Actual Loops": 1, "Plans": [{"Node Type": "Nested Loop", "Parent Relationship": "Outer", "Parallel Aware": false, "Async Capable": false, "Join Type": "Inner", "Startup Cost": 2610.94, "Total Cost": 8915.11, "Plan Rows": 258135, "Plan Width": 0, "Actual Rows": 868310, "Actual Loops": 1, "Inner Unique": false, "Plans": [{"Node Type": "Nested Loop", "Parent Relationship": "Outer", "Parallel Aware": false, "Async Capable": false, "Join Type": "Inner", "Startup Cost": 2610.65, "Total Cost": 6305.35, "Plan Rows": 6704, "Plan Width": 8, "Actual Rows": 57739, "Actual Loops": 1, "Inner Unique": false, "Join Filter": "(p.id = v.postid)", "Rows Removed by Join Filter": 0, "Plans": [{"Node Type": "Nested Loop", "Parent Relationship": "Outer", "Parallel Aware": false, "Async Capable": false, "Join Type": "Inner", "Startup Cost": 2610.23, "Total Cost": 4783.17, "Plan Rows": 2355, "Plan Width": 20, "Actual Rows": 9219, "Actual Loops": 1, "Inner Unique": false, "Plans": [{"Node Type": "Nested Loop", "Parent Relationship": "Outer", "Parallel Aware": false, "Async Capable": false, "Join Type": "Inner", "Startup Cost": 2609.81, "Total Cost": 3490.12, "Plan Rows": 1254, "Plan Width": 16, "Actual Rows": 3268, "Actual Loops": 1, "Inner Unique": true, "Plans": [{"Node Type": "Hash Join", "Parent Relationship": "Outer", "Parallel Aware": false, "Async Capable": false, "Join Type": "Inner", "Startup Cost": 2609.52, "Total Cost": 2883.86, "Plan Rows": 1368, "Plan Width": 12, "Actual Rows": 4556, "Actual Loops": 1, "Inner Unique": true, "Hash Cond": "(pl.relatedpostid = p.id)", "Plans": [{"Node Type": "Seq Scan", "Parent Relationship": "Outer", "Parallel Aware": false, "Async Capable": false, "Relation Name": "postlinks", "Alias": "pl", "Startup Cost": 0.0, "Total Cost": 248.53, "Plan Rows": 9832, "Plan Width": 4, "Actual Rows": 9802, "Actual Loops": 1, "Filter": "((creationdate >= '2011-03-11 18:50:29'::timestamp without time zone) AND (linktypeid = 1))", "Rows Removed by Filter": 1300}, {"Node Type": "Hash", "Parent Relationship": "Inner", "Parallel Aware": false, "Async Capable": false, "Startup Cost": 2449.58, "Total Cost": 2449.58, "Plan Rows": 12795, "Plan Width": 8, "Actual Rows": 12355, "Actual Loops": 1, "Hash Buckets": 16384, "Original Hash Buckets": 16384, "Hash Batches": 1, "Original Hash Batches": 1, "Peak Memory Usage": 610, "Plans": [{"Node Type": "Seq Scan", "Parent Relationship": "Outer", "Parallel Aware": false, "Async Capable": false, "Relation Name": "posts", "Alias": "p", "Startup Cost": 0.0, "Total Cost": 2449.58, "Plan Rows": 12795, "Plan Width": 8, "Actual Rows": 12355, "Actual Loops": 1, "Filter": "((score >= 0) AND (score <= 13) AND (favoritecount >= 0))", "Rows Removed by Filter": 79621}]}]}, {"Node Type": "Index Scan", "Parent Relationship": "Inner", "Parallel Aware": false, "Async Capable": false, "Scan Direction": "Forward", "Index Name": "users_pkey", "Relation Name": "users", "Alias": "u", "Startup Cost": 0.29, "Total Cost": 0.44, "Plan Rows": 1, "Plan Width": 4, "Actual Rows": 1, "Actual Loops": 4556, "Index Cond": "(id = p.owneruserid)", "Rows Removed by Index Recheck": 0, "Filter": "((reputation >= 1) AND (creationdate >= '2011-02-17 03:42:02'::timestamp without time zone) AND (creationdate <= '2014-09-01 10:54:39'::timestamp without time zone))", "Rows Removed by Filter": 0}]}, {"Node Type": "Index Scan", "Parent Relationship": "Inner", "Parallel Aware": false, "Async Capable": false, "Scan Direction": "Forward", "Index Name": "idx_comments_postid", "Relation Name": "comments", "Alias": "c", "Startup Cost": 0.42, "Total Cost": 1.0, "Plan Rows": 3, "Plan Width": 4, "Actual Rows": 3, "Actual Loops": 3268, "Index Cond": "(postid = p.id)", "Rows Removed by Index Recheck": 0, "Filter": "((creationdate >= '2010-08-06 12:21:39'::timestamp without time zone) AND (creationdate <= '2014-09-11 20:55:34'::timestamp without time zone))", "Rows Removed by Filter": 0}]}, {"Node Type": "Index Scan", "Parent Relationship": "Inner", "Parallel Aware": false, "Async Capable": false, "Scan Direction": "Forward", "Index Name": "idx_votes_postid", "Relation Name": "votes", "Alias": "v", "Startup Cost": 0.42, "Total Cost": 0.6, "Plan Rows": 4, "Plan Width": 4, "Actual Rows": 6, "Actual Loops": 9219, "Index Cond": "(postid = c.postid)", "Rows Removed by Index Recheck": 0, "Filter": "((creationdate <= '2014-09-11 00:00:00'::timestamp without time zone) AND (votetypeid = 2))", "Rows Removed by Filter": 3}]}, {"Node Type": "Index Only Scan", "Parent Relationship": "Inner", "Parallel Aware": false, "Async Capable": false, "Scan Direction": "Forward", "Index Name": "idx_badges_userid", "Relation Name": "badges", "Alias": "b", "Startup Cost": 0.29, "Total Cost": 0.36, "Plan Rows": 3, "Plan Width": 4, "Actual Rows": 15, "Actual Loops": 57739, "Index Cond": "(userid = u.id)", "Rows Removed by Index Recheck": 0, "Heap Fetches": 0}]}]}, "Planning Time": 5.199, "Triggers": [], "Execution Time": 207.819}, {"Plan": {"Node Type": "Aggregate", "Strategy": "Plain", "Partial Mode": "Finalize", "Parallel Aware": false, "Async Capable": false, "Startup Cost": 36428.29, "Total Cost": 36428.3, "Plan Rows": 1, "Plan Width": 8, "Actual Rows": 1, "Actual Loops": 1, "Plans": [{"Node Type": "Gather", "Parent Relationship": "Outer", "Parallel Aware": false, "Async Capable": false, "Startup Cost": 36428.18, "Total Cost": 36428.29, "Plan Rows": 1, "Plan Width": 8, "Actual Rows": 2, "Actual Loops": 1, "Workers Planned": 1, "Workers Launched": 1, "Single Copy": false, "Plans": [{"Node Type": "Aggregate", "Strategy": "Plain", "Partial Mode": "Partial", "Parent Relationship": "Outer", "Parallel Aware": false, "Async Capable": false, "Startup Cost": 35428.18, "Total Cost": 35428.19, "Plan Rows": 1, "Plan Width": 8, "Actual Rows": 1, "Actual Loops": 2, "Workers": [], "Plans": [{"Node Type": "Merge Join", "Parent Relationship": "Outer", "Parallel Aware": false, "Async Capable": false, "Join Type": "Inner", "Startup Cost": 4748.87, "Total Cost": 35048.57, "Plan Rows": 151844, "Plan Width": 0, "Actual Rows": 434155, "Actual Loops": 2, "Inner Unique": false, "Merge Cond": "(p.id = c.postid)", "Workers": [], "Plans": [{"Node Type": "Nested Loop", "Parent Relationship": "Outer", "Parallel Aware": false, "Async Capable": false, "Join Type": "Inner", "Startup Cost": 4748.16, "Total Cost": 22104.99, "Plan Rows": 756026, "Plan Width": 8, "Actual Rows": 192485, "Actual Loops": 2, "Inner Unique": false, "Join Filter": "(b.userid = u.id)", "Rows Removed by Join Filter": 0, "Workers": [], "Plans": [{"Node Type": "Merge Join", "Parent Relationship": "Outer", "Parallel Aware": false, "Async Capable": false, "Join Type": "Inner", "Startup Cost": 4747.85, "Total Cost": 17015.26, "Plan Rows": 19634, "Plan Width": 16, "Actual Rows": 16878, "Actual Loops": 2, "Inner Unique": false, "Merge Cond": "(v.postid = p.id)", "Workers": [], "Plans": [{"Node Type": "Index Scan", "Parent Relationship": "Outer", "Parallel Aware": true, "Async Capable": false, "Scan Direction": "Forward", "Index Name": "idx_votes_postid", "Relation Name": "votes", "Alias": "v", "Startup Cost": 0.42, "Total Cost": 11588.3, "Plan Rows": 154005, "Plan Width": 4, "Actual Rows": 130868, "Actual Loops": 2, "Filter": "((creationdate <= '2014-09-11 00:00:00'::timestamp without time zone) AND (votetypeid = 2))", "Rows Removed by Filter": 33164, "Workers": []}, {"Node Type": "Sort", "Parent Relationship": "Inner", "Parallel Aware": false, "Async Capable": false, "Startup Cost": 4747.43, "Total Cost": 4776.75, "Plan Rows": 11726, "Plan Width": 12, "Actual Rows": 22200, "Actual Loops": 2, "Sort Key": ["p.id"], "Sort Method": "quicksort", "Sort Space Used": 764, "Sort Space Type": "Memory", "Workers": [{"Worker Number": 0, "Sort Method": "quicksort", "Sort Space Used": 764, "Sort Space Type": "Memory"}], "Plans": [{"Node Type": "Hash Join", "Parent Relationship": "Outer", "Parallel Aware": false, "Async Capable": false, "Join Type": "Inner", "Startup Cost": 1471.74, "Total Cost": 3954.9, "Plan Rows": 11726, "Plan Width": 12, "Actual Rows": 9723, "Actual Loops": 2, "Inner Unique": true, "Hash Cond": "(p.owneruserid = u.id)", "Workers": [], "Plans": [{"Node Type": "Seq Scan", "Parent Relationship": "Outer", "Parallel Aware": false, "Async Capable": false, "Relation Name": "posts", "Alias": "p", "Startup Cost": 0.0, "Total Cost": 2449.58, "Plan Rows": 12795, "Plan Width": 8, "Actual Rows": 12355, "Actual Loops": 2, "Filter": "((score >= 0) AND (score <= 13) AND (favoritecount >= 0))", "Rows Removed by Filter": 79621, "Workers": []}, {"Node Type": "Hash", "Parent Relationship": "Inner", "Parallel Aware": false, "Async Capable": false, "Startup Cost": 1002.69, "Total Cost": 1002.69, "Plan Rows": 37524, "Plan Width": 4, "Actual Rows": 37520, "Actual Loops": 2, "Hash Buckets": 65536, "Original Hash Buckets": 65536, "Hash Batches": 1, "Original Hash Batches": 1, "Peak Memory Usage": 1832, "Workers": [], "Plans": [{"Node Type": "Seq Scan", "Parent Relationship": "Outer", "Parallel Aware": false, "Async Capable": false, "Relation Name": "users", "Alias": "u", "Startup Cost": 0.0, "Total Cost": 1002.69, "Plan Rows": 37524, "Plan Width": 4, "Actual Rows": 37520, "Actual Loops": 2, "Filter": "((reputation >= 1) AND (creationdate >= '2011-02-17 03:42:02'::timestamp without time zone) AND (creationdate <= '2014-09-01 10:54:39'::timestamp without time zone))", "Rows Removed by Filter": 2805, "Workers": []}]}]}]}]}, {"Node Type": "Memoize", "Parent Relationship": "Inner", "Parallel Aware": false, "Async Capable": false, "Startup Cost": 0.3, "Total Cost": 0.4, "Plan Rows": 3, "Plan Width": 4, "Actual Rows": 11, "Actual Loops": 33755, "Cache Key": "p.owneruserid", "Cache Mode": "logical", "Cache Hits": 14675, "Cache Misses": 3250, "Cache Evictions": 0, "Cache Overflows": 0, "Peak Memory Usage": 926, "Workers": [{"Worker Number": 0, "Cache Hits": 12816, "Cache Misses": 3014, "Cache Evictions": 0, "Cache Overflows": 0, "Peak Memory Usage": 871}], "Plans": [{"Node Type": "Index Only Scan", "Parent Relationship": "Outer", "Parallel Aware": false, "Async Capable": false, "Scan Direction": "Forward", "Index Name": "idx_badges_userid", "Relation Name": "badges", "Alias": "b", "Startup Cost": 0.29, "Total Cost": 0.39, "Plan Rows": 3, "Plan Width": 4, "Actual Rows": 6, "Actual Loops": 6264, "Index Cond": "(userid = p.owneruserid)", "Rows Removed by Index Recheck": 0, "Heap Fetches": 0, "Workers": []}]}]}, {"Node Type": "Materialize", "Parent Relationship": "Inner", "Parallel Aware": false, "Async Capable": false, "Startup Cost": 0.72, "Total Cost": 7087.16, "Plan Rows": 32838, "Plan Width": 8, "Actual Rows": 458436, "Actual Loops": 2, "Workers": [], "Plans": [{"Node Type": "Nested Loop", "Parent Relationship": "Outer", "Parallel Aware": false, "Async Capable": false, "Join Type": "Inner", "Startup Cost": 0.72, "Total Cost": 7005.07, "Plan Rows": 32838, "Plan Width": 8, "Actual Rows": 28803, "Actual Loops": 2, "Inner Unique": false, "Workers": [], "Plans": [{"Node Type": "Index Scan", "Parent Relationship": "Outer", "Parallel Aware": false, "Async Capable": false, "Scan Direction": "Forward", "Index Name": "idx_postlinks_relatedpostid", "Relation Name": "postlinks", "Alias": "pl", "Startup Cost": 0.29, "Total Cost": 586.47, "Plan Rows": 9832, "Plan Width": 4, "Actual Rows": 9802, "Actual Loops": 2, "Filter": "((creationdate >= '2011-03-11 18:50:29'::timestamp without time zone) AND (linktypeid = 1))", "Rows Removed by Filter": 1300, "Workers": []}, {"Node Type": "Memoize", "Parent Relationship": "Inner", "Parallel Aware": false, "Async Capable": false, "Startup Cost": 0.43, "Total Cost": 1.17, "Plan Rows": 3, "Plan Width": 4, "Actual Rows": 3, "Actual Loops": 19604, "Cache Key": "pl.relatedpostid", "Cache Mode": "logical", "Cache Hits": 4849, "Cache Misses": 4953, "Cache Evictions": 0, "Cache Overflows": 0, "Peak Memory Usage": 801, "Workers": [{"Worker Number": 0, "Cache Hits": 4849, "Cache Misses": 4953, "Cache Evictions": 0, "Cache Overflows": 0, "Peak Memory Usage": 801}], "Plans": [{"Node Type": "Index Scan", "Parent Relationship": "Outer", "Parallel Aware": false, "Async Capable": false, "Scan Direction": "Forward", "Index Name": "idx_comments_postid", "Relation Name": "comments", "Alias": "c", "Startup Cost": 0.42, "Total Cost": 1.16, "Plan Rows": 3, "Plan Width": 4, "Actual Rows": 3, "Actual Loops": 9906, "Index Cond": "(postid = pl.relatedpostid)", "Rows Removed by Index Recheck": 0, "Filter": "((creationdate >= '2010-08-06 12:21:39'::timestamp without time zone) AND (creationdate <= '2014-09-11 20:55:34'::timestamp without time zone))", "Rows Removed by Filter": 0, "Workers": []}]}]}]}]}]}]}]}, "Planning Time": 10.528, "Triggers": [], "Execution Time": 404.324}]