[{"Plan": {"Node Type": "Aggregate", "Strategy": "Plain", "Partial Mode": "Simple", "Parallel Aware": false, "Async Capable": false, "Startup Cost": 21814.9, "Total Cost": 21814.91, "Plan Rows": 1, "Plan Width": 8, "Actual Rows": 1, "Actual Loops": 1, "Plans": [{"Node Type": "Nested Loop", "Parent Relationship": "Outer", "Parallel Aware": false, "Async Capable": false, "Join Type": "Inner", "Startup Cost": 4714.26, "Total Cost": 17185.65, "Plan Rows": 1851701, "Plan Width": 0, "Actual Rows": 1116000, "Actual Loops": 1, "Inner Unique": false, "Plans": [{"Node Type": "Hash Join", "Parent Relationship": "Outer", "Parallel Aware": false, "Async Capable": false, "Join Type": "Inner", "Startup Cost": 4713.83, "Total Cost": 6750.68, "Plan Rows": 11073, "Plan Width": 12, "Actual Rows": 70835, "Actual Loops": 1, "Inner Unique": false, "Hash Cond": "(b.userid = u.id)", "Plans": [{"Node Type": "Seq Scan", "Parent Relationship": "Outer", "Parallel Aware": false, "Async Capable": false, "Relation Name": "badges", "Alias": "b", "Startup Cost": 0.0, "Total Cost": 1629.76, "Plan Rows": 79027, "Plan Width": 4, "Actual Rows": 79007, "Actual Loops": 1, "Filter": "((date >= '2010-07-20 20:47:27'::timestamp without time zone) AND (date <= '2014-09-09 13:24:28'::timestamp without time zone))", "Rows Removed by Filter": 844}, {"Node Type": "Hash", "Parent Relationship": "Inner", "Parallel Aware": false, "Async Capable": false, "Startup Cost": 4643.21, "Total Cost": 4643.21, "Plan Rows": 5650, "Plan Width": 8, "Actual Rows": 9739, "Actual Loops": 1, "Hash Buckets": 16384, "Original Hash Buckets": 8192, "Hash Batches": 1, "Original Hash Batches": 1, "Peak Memory Usage": 509, "Plans": [{"Node Type": "Hash Join", "Parent Relationship": "Outer", "Parallel Aware": false, "Async Capable": false, "Join Type": "Inner", "Startup Cost": 1488.18, "Total Cost": 4643.21, "Plan Rows": 5650, "Plan Width": 8, "Actual Rows": 9739, "Actual Loops": 1, "Inner Unique": true, "Hash Cond": "(p.owneruserid = u.id)", "Plans": [{"Node Type": "Seq Scan", "Parent Relationship": "Outer", "Parallel Aware": false, "Async Capable": false, "Relation Name": "posts", "Alias": "p", "Startup Cost": 0.0, "Total Cost": 3139.4, "Plan Rows": 5956, "Plan Width": 4, "Actual Rows": 12416, "Actual Loops": 1, "Filter": "((answercount <= 4) AND (commentcount >= 0) AND (commentcount <= 12) AND (favoritecount >= 0) AND (favoritecount <= 89) AND (creationdate <= '2014-09-02 10:21:04'::timestamp without time zone))", "Rows Removed by Filter": 79560}, {"Node Type": "Hash", "Parent Relationship": "Inner", "Parallel Aware": false, "Async Capable": false, "Startup Cost": 1002.69, "Total Cost": 1002.69, "Plan Rows": 38839, "Plan Width": 4, "Actual Rows": 38877, "Actual Loops": 1, "Hash Buckets": 65536, "Original Hash Buckets": 65536, "Hash Batches": 1, "Original Hash Batches": 1, "Peak Memory Usage": 1879, "Plans": [{"Node Type": "Seq Scan", "Parent Relationship": "Outer", "Parallel Aware": false, "Async Capable": false, "Relation Name": "users", "Alias": "u", "Startup Cost": 0.0, "Total Cost": 1002.69, "Plan Rows": 38839, "Plan Width": 4, "Actual Rows": 38877, "Actual Loops": 1, "Filter": "((reputation <= 705) AND (creationdate >= '2010-07-28 23:56:00'::timestamp without time zone) AND (creationdate <= '2014-09-02 10:04:41'::timestamp without time zone))", "Rows Removed by Filter": 1448}]}]}]}]}, {"Node Type": "Index Scan", "Parent Relationship": "Inner", "Parallel Aware": false, "Async Capable": false, "Scan Direction": "Forward", "Index Name": "idx_posthistory_userid", "Relation Name": "posthistory", "Alias": "ph", "Startup Cost": 0.42, "Total Cost": 0.9, "Plan Rows": 4, "Plan Width": 4, "Actual Rows": 16, "Actual Loops": 70835, "Index Cond": "(userid = b.userid)", "Rows Removed by Index Recheck": 0, "Filter": "((creationdate >= '2011-01-08 03:03:48'::timestamp without time zone) AND (creationdate <= '2014-08-25 14:04:43'::timestamp without time zone) AND (posthistorytypeid = 2))", "Rows Removed by Filter": 40}]}]}, "Planning Time": 3.306, "Triggers": [], "Execution Time": 911.116}, {"Plan": {"Node Type": "Aggregate", "Strategy": "Plain", "Partial Mode": "Finalize", "Parallel Aware": false, "Async Capable": false, "Startup Cost": 31054.82, "Total Cost": 31054.83, "Plan Rows": 1, "Plan Width": 8, "Actual Rows": 1, "Actual Loops": 1, "Plans": [{"Node Type": "Gather", "Parent Relationship": "Outer", "Parallel Aware": false, "Async Capable": false, "Startup Cost": 31054.71, "Total Cost": 31054.82, "Plan Rows": 1, "Plan Width": 8, "Actual Rows": 2, "Actual Loops": 1, "Workers Planned": 1, "Workers Launched": 1, "Single Copy": false, "Plans": [{"Node Type": "Aggregate", "Strategy": "Plain", "Partial Mode": "Partial", "Parent Relationship": "Outer", "Parallel Aware": false, "Async Capable": false, "Startup Cost": 30054.71, "Total Cost": 30054.72, "Plan Rows": 1, "Plan Width": 8, "Actual Rows": 1, "Actual Loops": 2, "Workers": [], "Plans": [{"Node Type": "Merge Join", "Parent Relationship": "Outer", "Parallel Aware": false, "Async Capable": false, "Join Type": "Inner", "Startup Cost": 2.22, "Total Cost": 27331.62, "Plan Rows": 1089236, "Plan Width": 0, "Actual Rows": 558000, "Actual Loops": 2, "Inner Unique": false, "Merge Cond": "(u.id = b.userid)", "Workers": [], "Plans": [{"Node Type": "Merge Join", "Parent Relationship": "Outer", "Parallel Aware": false, "Async Capable": false, "Join Type": "Inner", "Startup Cost": 0.71, "Total Cost": 13658.79, "Plan Rows": 45181, "Plan Width": 8, "Actual Rows": 23917, "Actual Loops": 2, "Inner Unique": true, "Merge Cond": "(ph.userid = u.id)", "Workers": [], "Plans": [{"Node Type": "Index Scan", "Parent Relationship": "Outer", "Parallel Aware": true, "Async Capable": false, "Scan Direction": "Forward", "Index Name": "idx_posthistory_userid", "Relation Name": "posthistory", "Alias": "ph", "Startup Cost": 0.42, "Total Cost": 12181.2, "Plan Rows": 50421, "Plan Width": 4, "Actual Rows": 41686, "Actual Loops": 2, "Filter": "((creationdate >= '2011-01-08 03:03:48'::timestamp without time zone) AND (creationdate <= '2014-08-25 14:04:43'::timestamp without time zone) AND (posthistorytypeid = 2))", "Rows Removed by Filter": 98890, "Workers": []}, {"Node Type": "Index Scan", "Parent Relationship": "Inner", "Parallel Aware": false, "Async Capable": false, "Scan Direction": "Forward", "Index Name": "users_pkey", "Relation Name": "users", "Alias": "u", "Startup Cost": 0.29, "Total Cost": 1659.6, "Plan Rows": 38839, "Plan Width": 4, "Actual Rows": 38877, "Actual Loops": 2, "Filter": "((reputation <= 705) AND (creationdate >= '2010-07-28 23:56:00'::timestamp without time zone) AND (creationdate <= '2014-09-02 10:04:41'::timestamp without time zone))", "Rows Removed by Filter": 1448, "Workers": []}]}, {"Node Type": "Materialize", "Parent Relationship": "Inner", "Parallel Aware": false, "Async Capable": false, "Startup Cost": 0.59, "Total Cost": 10313.05, "Plan Rows": 226972, "Plan Width": 8, "Actual Rows": 714842, "Actual Loops": 2, "Workers": [], "Plans": [{"Node Type": "Nested Loop", "Parent Relationship": "Outer", "Parallel Aware": false, "Async Capable": false, "Join Type": "Inner", "Startup Cost": 0.59, "Total Cost": 9745.62, "Plan Rows": 226972, "Plan Width": 8, "Actual Rows": 191824, "Actual Loops": 2, "Inner Unique": false, "Workers": [], "Plans": [{"Node Type": "Index Scan", "Parent Relationship": "Outer", "Parallel Aware": false, "Async Capable": false, "Scan Direction": "Forward", "Index Name": "idx_posts_owneruserid", "Relation Name": "posts", "Alias": "p", "Startup Cost": 0.29, "Total Cost": 5473.31, "Plan Rows": 5956, "Plan Width": 4, "Actual Rows": 12162, "Actual Loops": 2, "Filter": "((answercount <= 4) AND (commentcount >= 0) AND (commentcount <= 12) AND (favoritecount >= 0) AND (favoritecount <= 89) AND (creationdate <= '2014-09-02 10:21:04'::timestamp without time zone))", "Rows Removed by Filter": 77904, "Workers": []}, {"Node Type": "Memoize", "Parent Relationship": "Inner", "Parallel Aware": false, "Async Capable": false, "Startup Cost": 0.3, "Total Cost": 0.75, "Plan Rows": 3, "Plan Width": 4, "Actual Rows": 16, "Actual Loops": 24323, "Cache Key": "p.owneruserid", "Cache Mode": "logical", "Cache Hits": 5629, "Cache Misses": 6539, "Cache Evictions": 0, "Cache Overflows": 0, "Peak Memory Usage": 1877, "Workers": [{"Worker Number": 0, "Cache Hits": 5629, "Cache Misses": 6526, "Cache Evictions": 0, "Cache Overflows": 0, "Peak Memory Usage": 1875}], "Plans": [{"Node Type": "Index Scan", "Parent Relationship": "Outer", "Parallel Aware": false, "Async Capable": false, "Scan Direction": "Forward", "Index Name": "idx_badges_userid", "Relation Name": "badges", "Alias": "b", "Startup Cost": 0.29, "Total Cost": 0.74, "Plan Rows": 3, "Plan Width": 4, "Actual Rows": 6, "Actual Loops": 13065, "Index Cond": "(userid = p.owneruserid)", "Rows Removed by Index Recheck": 0, "Filter": "((date >= '2010-07-20 20:47:27'::timestamp without time zone) AND (date <= '2014-09-09 13:24:28'::timestamp without time zone))", "Rows Removed by Filter": 0, "Workers": []}]}]}]}]}]}]}]}, "Planning Time": 5.925, "Triggers": [], "Execution Time": 464.662}, {"Plan": {"Node Type": "Aggregate", "Strategy": "Plain", "Partial Mode": "Simple", "Parallel Aware": false, "Async Capable": false, "Startup Cost": 34207.11, "Total Cost": 34207.12, "Plan Rows": 1, "Plan Width": 8, "Actual Rows": 1, "Actual Loops": 1, "Plans": [{"Node Type": "Hash Join", "Parent Relationship": "Outer", "Parallel Aware": false, "Async Capable": false, "Join Type": "Inner", "Startup Cost": 15630.73, "Total Cost": 29577.86, "Plan Rows": 1851701, "Plan Width": 0, "Actual Rows": 1116000, "Actual Loops": 1, "Inner Unique": false, "Hash Cond": "(p.owneruserid = b.userid)", "Plans": [{"Node Type": "Seq Scan", "Parent Relationship": "Outer", "Parallel Aware": false, "Async Capable": false, "Relation Name": "posts", "Alias": "p", "Startup Cost": 0.0, "Total Cost": 3139.4, "Plan Rows": 5956, "Plan Width": 4, "Actual Rows": 12416, "Actual Loops": 1, "Filter": "((answercount <= 4) AND (commentcount >= 0) AND (commentcount <= 12) AND (favoritecount >= 0) AND (favoritecount <= 89) AND (creationdate <= '2014-09-02 10:21:04'::timestamp without time zone))", "Rows Removed by Filter": 79560}, {"Node Type": "Hash", "Parent Relationship": "Inner", "Parallel Aware": false, "Async Capable": false, "Startup Cost": 13749.19, "Total Cost": 13749.19, "Plan Rows": 150523, "Plan Width": 12, "Actual Rows": 284345, "Actual Loops": 1, "Hash Buckets": 524288, "Original Hash Buckets": 262144, "Hash Batches": 1, "Original Hash Batches": 1, "Peak Memory Usage": 16314, "Plans": [{"Node Type": "Hash Join", "Parent Relationship": "Outer", "Parallel Aware": false, "Async Capable": false, "Join Type": "Inner", "Startup Cost": 10219.06, "Total Cost": 13749.19, "Plan Rows": 150523, "Plan Width": 12, "Actual Rows": 284345, "Actual Loops": 1, "Inner Unique": false, "Hash Cond": "(b.userid = u.id)", "Plans": [{"Node Type": "Seq Scan", "Parent Relationship": "Outer", "Parallel Aware": false, "Async Capable": false, "Relation Name": "badges", "Alias": "b", "Startup Cost": 0.0, "Total Cost": 1629.76, "Plan Rows": 79027, "Plan Width": 4, "Actual Rows": 79007, "Actual Loops": 1, "Filter": "((date >= '2010-07-20 20:47:27'::timestamp without time zone) AND (date <= '2014-09-09 13:24:28'::timestamp without time zone))", "Rows Removed by Filter": 844}, {"Node Type": "Hash", "Parent Relationship": "Inner", "Parallel Aware": false, "Async Capable": false, "Startup Cost": 9258.97, "Total Cost": 9258.97, "Plan Rows": 76807, "Plan Width": 8, "Actual Rows": 47834, "Actual Loops": 1, "Hash Buckets": 131072, "Original Hash Buckets": 131072, "Hash Batches": 1, "Original Hash Batches": 1, "Peak Memory Usage": 2893, "Plans": [{"Node Type": "Hash Join", "Parent Relationship": "Outer", "Parallel Aware": false, "Async Capable": false, "Join Type": "Inner", "Startup Cost": 1488.18, "Total Cost": 9258.97, "Plan Rows": 76807, "Plan Width": 8, "Actual Rows": 47834, "Actual Loops": 1, "Inner Unique": true, "Hash Cond": "(ph.userid = u.id)", "Plans": [{"Node Type": "Seq Scan", "Parent Relationship": "Outer", "Parallel Aware": false, "Async Capable": false, "Relation Name": "posthistory", "Alias": "ph", "Startup Cost": 0.0, "Total Cost": 7545.77, "Plan Rows": 85715, "Plan Width": 4, "Actual Rows": 84319, "Actual Loops": 1, "Filter": "((creationdate >= '2011-01-08 03:03:48'::timestamp without time zone) AND (creationdate <= '2014-08-25 14:04:43'::timestamp without time zone) AND (posthistorytypeid = 2))", "Rows Removed by Filter": 218868}, {"Node Type": "Hash", "Parent Relationship": "Inner", "Parallel Aware": false, "Async Capable": false, "Startup Cost": 1002.69, "Total Cost": 1002.69, "Plan Rows": 38839, "Plan Width": 4, "Actual Rows": 38877, "Actual Loops": 1, "Hash Buckets": 65536, "Original Hash Buckets": 65536, "Hash Batches": 1, "Original Hash Batches": 1, "Peak Memory Usage": 1879, "Plans": [{"Node Type": "Seq Scan", "Parent Relationship": "Outer", "Parallel Aware": false, "Async Capable": false, "Relation Name": "users", "Alias": "u", "Startup Cost": 0.0, "Total Cost": 1002.69, "Plan Rows": 38839, "Plan Width": 4, "Actual Rows": 38877, "Actual Loops": 1, "Filter": "((reputation <= 705) AND (creationdate >= '2010-07-28 23:56:00'::timestamp without time zone) AND (creationdate <= '2014-09-02 10:04:41'::timestamp without time zone))", "Rows Removed by Filter": 1448}]}]}]}]}]}]}]}, "Planning Time": 3.083, "Triggers": [], "Execution Time": 522.128}, {"Plan": {"Node Type": "Aggregate", "Strategy": "Plain", "Partial Mode": "Simple", "Parallel Aware": false, "Async Capable": false, "Startup Cost": 21814.9, "Total Cost": 21814.91, "Plan Rows": 1, "Plan Width": 8, "Actual Rows": 1, "Actual Loops": 1, "Plans": [{"Node Type": "Nested Loop", "Parent Relationship": "Outer", "Parallel Aware": false, "Async Capable": false, "Join Type": "Inner", "Startup Cost": 4714.26, "Total Cost": 17185.65, "Plan Rows": 1851701, "Plan Width": 0, "Actual Rows": 1116000, "Actual Loops": 1, "Inner Unique": false, "Plans": [{"Node Type": "Hash Join", "Parent Relationship": "Outer", "Parallel Aware": false, "Async Capable": false, "Join Type": "Inner", "Startup Cost": 4713.83, "Total Cost": 6750.68, "Plan Rows": 11073, "Plan Width": 12, "Actual Rows": 70835, "Actual Loops": 1, "Inner Unique": false, "Hash Cond": "(b.userid = u.id)", "Plans": [{"Node Type": "Seq Scan", "Parent Relationship": "Outer", "Parallel Aware": false, "Async Capable": false, "Relation Name": "badges", "Alias": "b", "Startup Cost": 0.0, "Total Cost": 1629.76, "Plan Rows": 79027, "Plan Width": 4, "Actual Rows": 79007, "Actual Loops": 1, "Filter": "((date >= '2010-07-20 20:47:27'::timestamp without time zone) AND (date <= '2014-09-09 13:24:28'::timestamp without time zone))", "Rows Removed by Filter": 844}, {"Node Type": "Hash", "Parent Relationship": "Inner", "Parallel Aware": false, "Async Capable": false, "Startup Cost": 4643.21, "Total Cost": 4643.21, "Plan Rows": 5650, "Plan Width": 8, "Actual Rows": 9739, "Actual Loops": 1, "Hash Buckets": 16384, "Original Hash Buckets": 8192, "Hash Batches": 1, "Original Hash Batches": 1, "Peak Memory Usage": 509, "Plans": [{"Node Type": "Hash Join", "Parent Relationship": "Outer", "Parallel Aware": false, "Async Capable": false, "Join Type": "Inner", "Startup Cost": 1488.18, "Total Cost": 4643.21, "Plan Rows": 5650, "Plan Width": 8, "Actual Rows": 9739, "Actual Loops": 1, "Inner Unique": true, "Hash Cond": "(p.owneruserid = u.id)", "Plans": [{"Node Type": "Seq Scan", "Parent Relationship": "Outer", "Parallel Aware": false, "Async Capable": false, "Relation Name": "posts", "Alias": "p", "Startup Cost": 0.0, "Total Cost": 3139.4, "Plan Rows": 5956, "Plan Width": 4, "Actual Rows": 12416, "Actual Loops": 1, "Filter": "((answercount <= 4) AND (commentcount >= 0) AND (commentcount <= 12) AND (favoritecount >= 0) AND (favoritecount <= 89) AND (creationdate <= '2014-09-02 10:21:04'::timestamp without time zone))", "Rows Removed by Filter": 79560}, {"Node Type": "Hash", "Parent Relationship": "Inner", "Parallel Aware": false, "Async Capable": false, "Startup Cost": 1002.69, "Total Cost": 1002.69, "Plan Rows": 38839, "Plan Width": 4, "Actual Rows": 38877, "Actual Loops": 1, "Hash Buckets": 65536, "Original Hash Buckets": 65536, "Hash Batches": 1, "Original Hash Batches": 1, "Peak Memory Usage": 1879, "Plans": [{"Node Type": "Seq Scan", "Parent Relationship": "Outer", "Parallel Aware": false, "Async Capable": false, "Relation Name": "users", "Alias": "u", "Startup Cost": 0.0, "Total Cost": 1002.69, "Plan Rows": 38839, "Plan Width": 4, "Actual Rows": 38877, "Actual Loops": 1, "Filter": "((reputation <= 705) AND (creationdate >= '2010-07-28 23:56:00'::timestamp without time zone) AND (creationdate <= '2014-09-02 10:04:41'::timestamp without time zone))", "Rows Removed by Filter": 1448}]}]}]}]}, {"Node Type": "Index Scan", "Parent Relationship": "Inner", "Parallel Aware": false, "Async Capable": false, "Scan Direction": "Forward", "Index Name": "idx_posthistory_userid", "Relation Name": "posthistory", "Alias": "ph", "Startup Cost": 0.42, "Total Cost": 0.9, "Plan Rows": 4, "Plan Width": 4, "Actual Rows": 16, "Actual Loops": 70835, "Index Cond": "(userid = b.userid)", "Rows Removed by Index Recheck": 0, "Filter": "((creationdate >= '2011-01-08 03:03:48'::timestamp without time zone) AND (creationdate <= '2014-08-25 14:04:43'::timestamp without time zone) AND (posthistorytypeid = 2))", "Rows Removed by Filter": 40}]}]}, "Planning Time": 3.084, "Triggers": [], "Execution Time": 911.206}, {"Plan": {"Node Type": "Aggregate", "Strategy": "Plain", "Partial Mode": "Simple", "Parallel Aware": false, "Async Capable": false, "Startup Cost": 31811.34, "Total Cost": 31811.35, "Plan Rows": 1, "Plan Width": 8, "Actual Rows": 1, "Actual Loops": 1, "Plans": [{"Node Type": "Nested Loop", "Parent Relationship": "Outer", "Parallel Aware": false, "Async Capable": false, "Join Type": "Inner", "Startup Cost": 10219.36, "Total Cost": 27182.09, "Plan Rows": 1851701, "Plan Width": 0, "Actual Rows": 1116000, "Actual Loops": 1, "Inner Unique": false, "Join Filter": "(p.owneruserid = b.userid)", "Rows Removed by Join Filter": 0, "Plans": [{"Node Type": "Hash Join", "Parent Relationship": "Outer", "Parallel Aware": false, "Async Capable": false, "Join Type": "Inner", "Startup Cost": 10219.06, "Total Cost": 13749.19, "Plan Rows": 150523, "Plan Width": 12, "Actual Rows": 284345, "Actual Loops": 1, "Inner Unique": false, "Hash Cond": "(b.userid = u.id)", "Plans": [{"Node Type": "Seq Scan", "Parent Relationship": "Outer", "Parallel Aware": false, "Async Capable": false, "Relation Name": "badges", "Alias": "b", "Startup Cost": 0.0, "Total Cost": 1629.76, "Plan Rows": 79027, "Plan Width": 4, "Actual Rows": 79007, "Actual Loops": 1, "Filter": "((date >= '2010-07-20 20:47:27'::timestamp without time zone) AND (date <= '2014-09-09 13:24:28'::timestamp without time zone))", "Rows Removed by Filter": 844}, {"Node Type": "Hash", "Parent Relationship": "Inner", "Parallel Aware": false, "Async Capable": false, "Startup Cost": 9258.97, "Total Cost": 9258.97, "Plan Rows": 76807, "Plan Width": 8, "Actual Rows": 47834, "Actual Loops": 1, "Hash Buckets": 131072, "Original Hash Buckets": 131072, "Hash Batches": 1, "Original Hash Batches": 1, "Peak Memory Usage": 2893, "Plans": [{"Node Type": "Hash Join", "Parent Relationship": "Outer", "Parallel Aware": false, "Async Capable": false, "Join Type": "Inner", "Startup Cost": 1488.18, "Total Cost": 9258.97, "Plan Rows": 76807, "Plan Width": 8, "Actual Rows": 47834, "Actual Loops": 1, "Inner Unique": true, "Hash Cond": "(ph.userid = u.id)", "Plans": [{"Node Type": "Seq Scan", "Parent Relationship": "Outer", "Parallel Aware": false, "Async Capable": false, "Relation Name": "posthistory", "Alias": "ph", "Startup Cost": 0.0, "Total Cost": 7545.77, "Plan Rows": 85715, "Plan Width": 4, "Actual Rows": 84319, "Actual Loops": 1, "Filter": "((creationdate >= '2011-01-08 03:03:48'::timestamp without time zone) AND (creationdate <= '2014-08-25 14:04:43'::timestamp without time zone) AND (posthistorytypeid = 2))", "Rows Removed by Filter": 218868}, {"Node Type": "Hash", "Parent Relationship": "Inner", "Parallel Aware": false, "Async Capable": false, "Startup Cost": 1002.69, "Total Cost": 1002.69, "Plan Rows": 38839, "Plan Width": 4, "Actual Rows": 38877, "Actual Loops": 1, "Hash Buckets": 65536, "Original Hash Buckets": 65536, "Hash Batches": 1, "Original Hash Batches": 1, "Peak Memory Usage": 1879, "Plans": [{"Node Type": "Seq Scan", "Parent Relationship": "Outer", "Parallel Aware": false, "Async Capable": false, "Relation Name": "users", "Alias": "u", "Startup Cost": 0.0, "Total Cost": 1002.69, "Plan Rows": 38839, "Plan Width": 4, "Actual Rows": 38877, "Actual Loops": 1, "Filter": "((reputation <= 705) AND (creationdate >= '2010-07-28 23:56:00'::timestamp without time zone) AND (creationdate <= '2014-09-02 10:04:41'::timestamp without time zone))", "Rows Removed by Filter": 1448}]}]}]}]}, {"Node Type": "Memoize", "Parent Relationship": "Inner", "Parallel Aware": false, "Async Capable": false, "Startup Cost": 0.3, "Total Cost": 0.48, "Plan Rows": 1, "Plan Width": 4, "Actual Rows": 4, "Actual Loops": 284345, "Cache Key": "ph.userid", "Cache Mode": "logical", "Cache Hits": 266203, "Cache Misses": 18142, "Cache Evictions": 0, "Cache Overflows": 0, "Peak Memory Usage": 1537, "Plans": [{"Node Type": "Index Scan", "Parent Relationship": "Outer", "Parallel Aware": false, "Async Capable": false, "Scan Direction": "Forward", "Index Name": "idx_posts_owneruserid", "Relation Name": "posts", "Alias": "p", "Startup Cost": 0.29, "Total Cost": 0.47, "Plan Rows": 1, "Plan Width": 4, "Actual Rows": 1, "Actual Loops": 18142, "Index Cond": "(owneruserid = ph.userid)", "Rows Removed by Index Recheck": 0, "Filter": "((answercount <= 4) AND (commentcount >= 0) AND (commentcount <= 12) AND (favoritecount >= 0) AND (favoritecount <= 89) AND (creationdate <= '2014-09-02 10:21:04'::timestamp without time zone))", "Rows Removed by Filter": 2}]}]}]}, "Planning Time": 3.172, "Triggers": [], "Execution Time": 472.016}, {"Plan": {"Node Type": "Aggregate", "Strategy": "Plain", "Partial Mode": "Simple", "Parallel Aware": false, "Async Capable": false, "Startup Cost": 64762.67, "Total Cost": 64762.68, "Plan Rows": 1, "Plan Width": 8, "Actual Rows": 1, "Actual Loops": 1, "Plans": [{"Node Type": "Merge Join", "Parent Relationship": "Outer", "Parallel Aware": false, "Async Capable": false, "Join Type": "Inner", "Startup Cost": 3513.86, "Total Cost": 60133.42, "Plan Rows": 1851701, "Plan Width": 0, "Actual Rows": 1116000, "Actual Loops": 1, "Inner Unique": false, "Merge Cond": "(u.id = b.userid)", "Plans": [{"Node Type": "Merge Join", "Parent Relationship": "Outer", "Parallel Aware": false, "Async Capable": false, "Join Type": "Inner", "Startup Cost": 3513.14, "Total Cost": 5355.38, "Plan Rows": 5650, "Plan Width": 8, "Actual Rows": 9739, "Actual Loops": 1, "Inner Unique": false, "Merge Cond": "(u.id = p.owneruserid)", "Plans": [{"Node Type": "Index Scan", "Parent Relationship": "Outer", "Parallel Aware": false, "Async Capable": false, "Scan Direction": "Forward", "Index Name": "users_pkey", "Relation Name": "users", "Alias": "u", "Startup Cost": 0.29, "Total Cost": 1659.6, "Plan Rows": 38839, "Plan Width": 4, "Actual Rows": 38841, "Actual Loops": 1, "Filter": "((reputation <= 705) AND (creationdate >= '2010-07-28 23:56:00'::timestamp without time zone) AND (creationdate <= '2014-09-02 10:04:41'::timestamp without time zone))", "Rows Removed by Filter": 799}, {"Node Type": "Sort", "Parent Relationship": "Inner", "Parallel Aware": false, "Async Capable": false, "Startup Cost": 3512.85, "Total Cost": 3527.74, "Plan Rows": 5956, "Plan Width": 4, "Actual Rows": 12174, "Actual Loops": 1, "Sort Key": ["p.owneruserid"], "Sort Method": "quicksort", "Sort Space Used": 385, "Sort Space Type": "Memory", "Plans": [{"Node Type": "Seq Scan", "Parent Relationship": "Outer", "Parallel Aware": false, "Async Capable": false, "Relation Name": "posts", "Alias": "p", "Startup Cost": 0.0, "Total Cost": 3139.4, "Plan Rows": 5956, "Plan Width": 4, "Actual Rows": 12416, "Actual Loops": 1, "Filter": "((answercount <= 4) AND (commentcount >= 0) AND (commentcount <= 12) AND (favoritecount >= 0) AND (favoritecount <= 89) AND (creationdate <= '2014-09-02 10:21:04'::timestamp without time zone))", "Rows Removed by Filter": 79560}]}]}, {"Node Type": "Materialize", "Parent Relationship": "Inner", "Parallel Aware": false, "Async Capable": false, "Startup Cost": 0.72, "Total Cost": 37434.35, "Plan Rows": 4442207, "Plan Width": 8, "Actual Rows": 4030838, "Actual Loops": 1, "Plans": [{"Node Type": "Nested Loop", "Parent Relationship": "Outer", "Parallel Aware": false, "Async Capable": false, "Join Type": "Inner", "Startup Cost": 0.72, "Total Cost": 26328.84, "Plan Rows": 4442207, "Plan Width": 8, "Actual Rows": 3129541, "Actual Loops": 1, "Inner Unique": false, "Plans": [{"Node Type": "Index Scan", "Parent Relationship": "Outer", "Parallel Aware": false, "Async Capable": false, "Scan Direction": "Forward", "Index Name": "idx_posthistory_userid", "Relation Name": "posthistory", "Alias": "ph", "Startup Cost": 0.42, "Total Cost": 14365.93, "Plan Rows": 85715, "Plan Width": 4, "Actual Rows": 83372, "Actual Loops": 1, "Filter": "((creationdate >= '2011-01-08 03:03:48'::timestamp without time zone) AND (creationdate <= '2014-08-25 14:04:43'::timestamp without time zone) AND (posthistorytypeid = 2))", "Rows Removed by Filter": 197731}, {"Node Type": "Memoize", "Parent Relationship": "Inner", "Parallel Aware": false, "Async Capable": false, "Startup Cost": 0.3, "Total Cost": 0.4, "Plan Rows": 3, "Plan Width": 4, "Actual Rows": 38, "Actual Loops": 83372, "Cache Key": "ph.userid", "Cache Mode": "logical", "Cache Hits": 62361, "Cache Misses": 21011, "Cache Evictions": 0, "Cache Overflows": 0, "Peak Memory Usage": 3833, "Plans": [{"Node Type": "Index Scan", "Parent Relationship": "Outer", "Parallel Aware": false, "Async Capable": false, "Scan Direction": "Forward", "Index Name": "idx_badges_userid", "Relation Name": "badges", "Alias": "b", "Startup Cost": 0.29, "Total Cost": 0.39, "Plan Rows": 3, "Plan Width": 4, "Actual Rows": 3, "Actual Loops": 21011, "Index Cond": "(userid = ph.userid)", "Rows Removed by Index Recheck": 0, "Filter": "((date >= '2010-07-20 20:47:27'::timestamp without time zone) AND (date <= '2014-09-09 13:24:28'::timestamp without time zone))", "Rows Removed by Filter": 0}]}]}]}]}]}, "Planning Time": 3.139, "Triggers": [], "Execution Time": 1204.817}, {"Plan": {"Node Type": "Aggregate", "Strategy": "Plain", "Partial Mode": "Finalize", "Parallel Aware": false, "Async Capable": false, "Startup Cost": 25874.31, "Total Cost": 25874.32, "Plan Rows": 1, "Plan Width": 8, "Actual Rows": 1, "Actual Loops": 1, "Plans": [{"Node Type": "Gather", "Parent Relationship": "Outer", "Parallel Aware": false, "Async Capable": false, "Startup Cost": 25874.19, "Total Cost": 25874.3, "Plan Rows": 1, "Plan Width": 8, "Actual Rows": 2, "Actual Loops": 1, "Workers Planned": 1, "Workers Launched": 1, "Single Copy": false, "Plans": [{"Node Type": "Aggregate", "Strategy": "Plain", "Partial Mode": "Partial", "Parent Relationship": "Outer", "Parallel Aware": false, "Async Capable": false, "Startup Cost": 24874.19, "Total Cost": 24874.2, "Plan Rows": 1, "Plan Width": 8, "Actual Rows": 1, "Actual Loops": 2, "Workers": [], "Plans": [{"Node Type": "Hash Join", "Parent Relationship": "Outer", "Parallel Aware": false, "Async Capable": false, "Join Type": "Inner", "Startup Cost": 6889.09, "Total Cost": 22151.1, "Plan Rows": 1089236, "Plan Width": 0, "Actual Rows": 558000, "Actual Loops": 2, "Inner Unique": false, "Hash Cond": "(ph.userid = b.userid)", "Workers": [], "Plans": [{"Node Type": "Seq Scan", "Parent Relationship": "Outer", "Parallel Aware": true, "Async Capable": false, "Relation Name": "posthistory", "Alias": "ph", "Startup Cost": 0.0, "Total Cost": 5361.04, "Plan Rows": 50421, "Plan Width": 4, "Actual Rows": 42160, "Actual Loops": 2, "Filter": "((creationdate >= '2011-01-08 03:03:48'::timestamp without time zone) AND (creationdate <= '2014-08-25 14:04:43'::timestamp without time zone) AND (posthistorytypeid = 2))", "Rows Removed by Filter": 109434, "Workers": []}, {"Node Type": "Hash", "Parent Relationship": "Inner", "Parallel Aware": false, "Async Capable": false, "Startup Cost": 6750.68, "Total Cost": 6750.68, "Plan Rows": 11073, "Plan Width": 12, "Actual Rows": 70835, "Actual Loops": 2, "Hash Buckets": 131072, "Original Hash Buckets": 16384, "Hash Batches": 1, "Original Hash Batches": 1, "Peak Memory Usage": 4068, "Workers": [], "Plans": [{"Node Type": "Hash Join", "Parent Relationship": "Outer", "Parallel Aware": false, "Async Capable": false, "Join Type": "Inner", "Startup Cost": 4713.83, "Total Cost": 6750.68, "Plan Rows": 11073, "Plan Width": 12, "Actual Rows": 70835, "Actual Loops": 2, "Inner Unique": false, "Hash Cond": "(b.userid = u.id)", "Workers": [], "Plans": [{"Node Type": "Seq Scan", "Parent Relationship": "Outer", "Parallel Aware": false, "Async Capable": false, "Relation Name": "badges", "Alias": "b", "Startup Cost": 0.0, "Total Cost": 1629.76, "Plan Rows": 79027, "Plan Width": 4, "Actual Rows": 79007, "Actual Loops": 2, "Filter": "((date >= '2010-07-20 20:47:27'::timestamp without time zone) AND (date <= '2014-09-09 13:24:28'::timestamp without time zone))", "Rows Removed by Filter": 844, "Workers": []}, {"Node Type": "Hash", "Parent Relationship": "Inner", "Parallel Aware": false, "Async Capable": false, "Startup Cost": 4643.21, "Total Cost": 4643.21, "Plan Rows": 5650, "Plan Width": 8, "Actual Rows": 9739, "Actual Loops": 2, "Hash Buckets": 16384, "Original Hash Buckets": 8192, "Hash Batches": 1, "Original Hash Batches": 1, "Peak Memory Usage": 509, "Workers": [], "Plans": [{"Node Type": "Hash Join", "Parent Relationship": "Outer", "Parallel Aware": false, "Async Capable": false, "Join Type": "Inner", "Startup Cost": 1488.18, "Total Cost": 4643.21, "Plan Rows": 5650, "Plan Width": 8, "Actual Rows": 9739, "Actual Loops": 2, "Inner Unique": true, "Hash Cond": "(p.owneruserid = u.id)", "Workers": [], "Plans": [{"Node Type": "Seq Scan", "Parent Relationship": "Outer", "Parallel Aware": false, "Async Capable": false, "Relation Name": "posts", "Alias": "p", "Startup Cost": 0.0, "Total Cost": 3139.4, "Plan Rows": 5956, "Plan Width": 4, "Actual Rows": 12416, "Actual Loops": 2, "Filter": "((answercount <= 4) AND (commentcount >= 0) AND (commentcount <= 12) AND (favoritecount >= 0) AND (favoritecount <= 89) AND (creationdate <= '2014-09-02 10:21:04'::timestamp without time zone))", "Rows Removed by Filter": 79560, "Workers": []}, {"Node Type": "Hash", "Parent Relationship": "Inner", "Parallel Aware": false, "Async Capable": false, "Startup Cost": 1002.69, "Total Cost": 1002.69, "Plan Rows": 38839, "Plan Width": 4, "Actual Rows": 38877, "Actual Loops": 2, "Hash Buckets": 65536, "Original Hash Buckets": 65536, "Hash Batches": 1, "Original Hash Batches": 1, "Peak Memory Usage": 1879, "Workers": [], "Plans": [{"Node Type": "Seq Scan", "Parent Relationship": "Outer", "Parallel Aware": false, "Async Capable": false, "Relation Name": "users", "Alias": "u", "Startup Cost": 0.0, "Total Cost": 1002.69, "Plan Rows": 38839, "Plan Width": 4, "Actual Rows": 38877, "Actual Loops": 2, "Filter": "((reputation <= 705) AND (creationdate >= '2010-07-28 23:56:00'::timestamp without time zone) AND (creationdate <= '2014-09-02 10:04:41'::timestamp without time zone))", "Rows Removed by Filter": 1448, "Workers": []}]}]}]}]}]}]}]}]}]}, "Planning Time": 5.815, "Triggers": [], "Execution Time": 196.595}, {"Plan": {"Node Type": "Aggregate", "Strategy": "Plain", "Partial Mode": "Simple", "Parallel Aware": false, "Async Capable": false, "Startup Cost": 47305.75, "Total Cost": 47305.76, "Plan Rows": 1, "Plan Width": 8, "Actual Rows": 1, "Actual Loops": 1, "Plans": [{"Node Type": "Merge Join", "Parent Relationship": "Outer", "Parallel Aware": false, "Async Capable": false, "Join Type": "Inner", "Startup Cost": 3514.61, "Total Cost": 42676.5, "Plan Rows": 1851701, "Plan Width": 0, "Actual Rows": 1116000, "Actual Loops": 1, "Inner Unique": false, "Merge Cond": "(b.userid = u.id)", "Plans": [{"Node Type": "Index Scan", "Parent Relationship": "Outer", "Parallel Aware": false, "Async Capable": false, "Scan Direction": "Forward", "Index Name": "idx_badges_userid", "Relation Name": "badges", "Alias": "b", "Startup Cost": 0.29, "Total Cost": 3264.6, "Plan Rows": 79027, "Plan Width": 4, "Actual Rows": 78603, "Actual Loops": 1, "Filter": "((date >= '2010-07-20 20:47:27'::timestamp without time zone) AND (date <= '2014-09-09 13:24:28'::timestamp without time zone))", "Rows Removed by Filter": 677}, {"Node Type": "Materialize", "Parent Relationship": "Inner", "Parallel Aware": false, "Async Capable": false, "Startup Cost": 3513.56, "Total Cost": 13801.29, "Plan Rows": 944865, "Plan Width": 12, "Actual Rows": 1116126, "Actual Loops": 1, "Plans": [{"Node Type": "Nested Loop", "Parent Relationship": "Outer", "Parallel Aware": false, "Async Capable": false, "Join Type": "Inner", "Startup Cost": 3513.56, "Total Cost": 11439.13, "Plan Rows": 944865, "Plan Width": 12, "Actual Rows": 80133, "Actual Loops": 1, "Inner Unique": false, "Plans": [{"Node Type": "Merge Join", "Parent Relationship": "Outer", "Parallel Aware": false, "Async Capable": false, "Join Type": "Inner", "Startup Cost": 3513.14, "Total Cost": 5355.38, "Plan Rows": 5650, "Plan Width": 8, "Actual Rows": 9739, "Actual Loops": 1, "Inner Unique": false, "Merge Cond": "(u.id = p.owneruserid)", "Plans": [{"Node Type": "Index Scan", "Parent Relationship": "Outer", "Parallel Aware": false, "Async Capable": false, "Scan Direction": "Forward", "Index Name": "users_pkey", "Relation Name": "users", "Alias": "u", "Startup Cost": 0.29, "Total Cost": 1659.6, "Plan Rows": 38839, "Plan Width": 4, "Actual Rows": 38841, "Actual Loops": 1, "Filter": "((reputation <= 705) AND (creationdate >= '2010-07-28 23:56:00'::timestamp without time zone) AND (creationdate <= '2014-09-02 10:04:41'::timestamp without time zone))", "Rows Removed by Filter": 799}, {"Node Type": "Sort", "Parent Relationship": "Inner", "Parallel Aware": false, "Async Capable": false, "Startup Cost": 3512.85, "Total Cost": 3527.74, "Plan Rows": 5956, "Plan Width": 4, "Actual Rows": 12174, "Actual Loops": 1, "Sort Key": ["p.owneruserid"], "Sort Method": "quicksort", "Sort Space Used": 385, "Sort Space Type": "Memory", "Plans": [{"Node Type": "Seq Scan", "Parent Relationship": "Outer", "Parallel Aware": false, "Async Capable": false, "Relation Name": "posts", "Alias": "p", "Startup Cost": 0.0, "Total Cost": 3139.4, "Plan Rows": 5956, "Plan Width": 4, "Actual Rows": 12416, "Actual Loops": 1, "Filter": "((answercount <= 4) AND (commentcount >= 0) AND (commentcount <= 12) AND (favoritecount >= 0) AND (favoritecount <= 89) AND (creationdate <= '2014-09-02 10:21:04'::timestamp without time zone))", "Rows Removed by Filter": 79560}]}]}, {"Node Type": "Index Scan", "Parent Relationship": "Inner", "Parallel Aware": false, "Async Capable": false, "Scan Direction": "Forward", "Index Name": "idx_posthistory_userid", "Relation Name": "posthistory", "Alias": "ph", "Startup Cost": 0.42, "Total Cost": 1.04, "Plan Rows": 4, "Plan Width": 4, "Actual Rows": 8, "Actual Loops": 9739, "Index Cond": "(userid = u.id)", "Rows Removed by Index Recheck": 0, "Filter": "((creationdate >= '2011-01-08 03:03:48'::timestamp without time zone) AND (creationdate <= '2014-08-25 14:04:43'::timestamp without time zone) AND (posthistorytypeid = 2))", "Rows Removed by Filter": 21}]}]}]}]}, "Planning Time": 2.888, "Triggers": [], "Execution Time": 309.342}, {"Plan": {"Node Type": "Aggregate", "Strategy": "Plain", "Partial Mode": "Simple", "Parallel Aware": false, "Async Capable": false, "Startup Cost": 27718.01, "Total Cost": 27718.02, "Plan Rows": 1, "Plan Width": 8, "Actual Rows": 1, "Actual Loops": 1, "Plans": [{"Node Type": "Hash Join", "Parent Relationship": "Outer", "Parallel Aware": false, "Async Capable": false, "Join Type": "Inner", "Startup Cost": 10219.36, "Total Cost": 23088.76, "Plan Rows": 1851701, "Plan Width": 0, "Actual Rows": 1116000, "Actual Loops": 1, "Inner Unique": false, "Hash Cond": "(b.userid = u.id)", "Plans": [{"Node Type": "Nested Loop", "Parent Relationship": "Outer", "Parallel Aware": false, "Async Capable": false, "Join Type": "Inner", "Startup Cost": 0.3, "Total Cost": 7411.71, "Plan Rows": 226972, "Plan Width": 8, "Actual Rows": 191853, "Actual Loops": 1, "Inner Unique": false, "Plans": [{"Node Type": "Seq Scan", "Parent Relationship": "Outer", "Parallel Aware": false, "Async Capable": false, "Relation Name": "posts", "Alias": "p", "Startup Cost": 0.0, "Total Cost": 3139.4, "Plan Rows": 5956, "Plan Width": 4, "Actual Rows": 12416, "Actual Loops": 1, "Filter": "((answercount <= 4) AND (commentcount >= 0) AND (commentcount <= 12) AND (favoritecount >= 0) AND (favoritecount <= 89) AND (creationdate <= '2014-09-02 10:21:04'::timestamp without time zone))", "Rows Removed by Filter": 79560}, {"Node Type": "Memoize", "Parent Relationship": "Inner", "Parallel Aware": false, "Async Capable": false, "Startup Cost": 0.3, "Total Cost": 0.75, "Plan Rows": 3, "Plan Width": 4, "Actual Rows": 15, "Actual Loops": 12416, "Cache Key": "p.owneruserid", "Cache Mode": "logical", "Cache Hits": 5872, "Cache Misses": 6544, "Cache Evictions": 0, "Cache Overflows": 0, "Peak Memory Usage": 1877, "Plans": [{"Node Type": "Index Scan", "Parent Relationship": "Outer", "Parallel Aware": false, "Async Capable": false, "Scan Direction": "Forward", "Index Name": "idx_badges_userid", "Relation Name": "badges", "Alias": "b", "Startup Cost": 0.29, "Total Cost": 0.74, "Plan Rows": 3, "Plan Width": 4, "Actual Rows": 6, "Actual Loops": 6544, "Index Cond": "(userid = p.owneruserid)", "Rows Removed by Index Recheck": 0, "Filter": "((date >= '2010-07-20 20:47:27'::timestamp without time zone) AND (date <= '2014-09-09 13:24:28'::timestamp without time zone))", "Rows Removed by Filter": 0}]}]}, {"Node Type": "Hash", "Parent Relationship": "Inner", "Parallel Aware": false, "Async Capable": false, "Startup Cost": 9258.97, "Total Cost": 9258.97, "Plan Rows": 76807, "Plan Width": 8, "Actual Rows": 47834, "Actual Loops": 1, "Hash Buckets": 131072, "Original Hash Buckets": 131072, "Hash Batches": 1, "Original Hash Batches": 1, "Peak Memory Usage": 2893, "Plans": [{"Node Type": "Hash Join", "Parent Relationship": "Outer", "Parallel Aware": false, "Async Capable": false, "Join Type": "Inner", "Startup Cost": 1488.18, "Total Cost": 9258.97, "Plan Rows": 76807, "Plan Width": 8, "Actual Rows": 47834, "Actual Loops": 1, "Inner Unique": true, "Hash Cond": "(ph.userid = u.id)", "Plans": [{"Node Type": "Seq Scan", "Parent Relationship": "Outer", "Parallel Aware": false, "Async Capable": false, "Relation Name": "posthistory", "Alias": "ph", "Startup Cost": 0.0, "Total Cost": 7545.77, "Plan Rows": 85715, "Plan Width": 4, "Actual Rows": 84319, "Actual Loops": 1, "Filter": "((creationdate >= '2011-01-08 03:03:48'::timestamp without time zone) AND (creationdate <= '2014-08-25 14:04:43'::timestamp without time zone) AND (posthistorytypeid = 2))", "Rows Removed by Filter": 218868}, {"Node Type": "Hash", "Parent Relationship": "Inner", "Parallel Aware": false, "Async Capable": false, "Startup Cost": 1002.69, "Total Cost": 1002.69, "Plan Rows": 38839, "Plan Width": 4, "Actual Rows": 38877, "Actual Loops": 1, "Hash Buckets": 65536, "Original Hash Buckets": 65536, "Hash Batches": 1, "Original Hash Batches": 1, "Peak Memory Usage": 1879, "Plans": [{"Node Type": "Seq Scan", "Parent Relationship": "Outer", "Parallel Aware": false, "Async Capable": false, "Relation Name": "users", "Alias": "u", "Startup Cost": 0.0, "Total Cost": 1002.69, "Plan Rows": 38839, "Plan Width": 4, "Actual Rows": 38877, "Actual Loops": 1, "Filter": "((reputation <= 705) AND (creationdate >= '2010-07-28 23:56:00'::timestamp without time zone) AND (creationdate <= '2014-09-02 10:04:41'::timestamp without time zone))", "Rows Removed by Filter": 1448}]}]}]}]}]}, "Planning Time": 3.11, "Triggers": [], "Execution Time": 361.771}, {"Plan": {"Node Type": "Aggregate", "Strategy": "Plain", "Partial Mode": "Simple", "Parallel Aware": false, "Async Capable": false, "Startup Cost": 143042.69, "Total Cost": 143042.7, "Plan Rows": 1, "Plan Width": 8, "Actual Rows": 1, "Actual Loops": 1, "Plans": [{"Node Type": "Hash Join", "Parent Relationship": "Outer", "Parallel Aware": false, "Async Capable": false, "Join Type": "Inner", "Startup Cost": 1488.91, "Total Cost": 138413.44, "Plan Rows": 1851701, "Plan Width": 0, "Actual Rows": 1116000, "Actual Loops": 1, "Inner Unique": true, "Hash Cond": "(b.userid = u.id)", "Plans": [{"Node Type": "Nested Loop", "Parent Relationship": "Outer", "Parallel Aware": false, "Async Capable": false, "Join Type": "Inner", "Startup Cost": 0.73, "Total Cost": 37272.07, "Plan Rows": 37959131, "Plan Width": 12, "Actual Rows": 24863332, "Actual Loops": 1, "Inner Unique": false, "Join Filter": "(ph.userid = b.userid)", "Rows Removed by Join Filter": 0, "Plans": [{"Node Type": "Nested Loop", "Parent Relationship": "Outer", "Parallel Aware": false, "Async Capable": false, "Join Type": "Inner", "Startup Cost": 0.3, "Total Cost": 7411.71, "Plan Rows": 226972, "Plan Width": 8, "Actual Rows": 191853, "Actual Loops": 1, "Inner Unique": false, "Plans": [{"Node Type": "Seq Scan", "Parent Relationship": "Outer", "Parallel Aware": false, "Async Capable": false, "Relation Name": "posts", "Alias": "p", "Startup Cost": 0.0, "Total Cost": 3139.4, "Plan Rows": 5956, "Plan Width": 4, "Actual Rows": 12416, "Actual Loops": 1, "Filter": "((answercount <= 4) AND (commentcount >= 0) AND (commentcount <= 12) AND (favoritecount >= 0) AND (favoritecount <= 89) AND (creationdate <= '2014-09-02 10:21:04'::timestamp without time zone))", "Rows Removed by Filter": 79560}, {"Node Type": "Memoize", "Parent Relationship": "Inner", "Parallel Aware": false, "Async Capable": false, "Startup Cost": 0.3, "Total Cost": 0.75, "Plan Rows": 3, "Plan Width": 4, "Actual Rows": 15, "Actual Loops": 12416, "Cache Key": "p.owneruserid", "Cache Mode": "logical", "Cache Hits": 5872, "Cache Misses": 6544, "Cache Evictions": 0, "Cache Overflows": 0, "Peak Memory Usage": 1877, "Plans": [{"Node Type": "Index Scan", "Parent Relationship": "Outer", "Parallel Aware": false, "Async Capable": false, "Scan Direction": "Forward", "Index Name": "idx_badges_userid", "Relation Name": "badges", "Alias": "b", "Startup Cost": 0.29, "Total Cost": 0.74, "Plan Rows": 3, "Plan Width": 4, "Actual Rows": 6, "Actual Loops": 6544, "Index Cond": "(userid = p.owneruserid)", "Rows Removed by Index Recheck": 0, "Filter": "((date >= '2010-07-20 20:47:27'::timestamp without time zone) AND (date <= '2014-09-09 13:24:28'::timestamp without time zone))", "Rows Removed by Filter": 0}]}]}, {"Node Type": "Memoize", "Parent Relationship": "Inner", "Parallel Aware": false, "Async Capable": false, "Startup Cost": 0.43, "Total Cost": 2.51, "Plan Rows": 4, "Plan Width": 4, "Actual Rows": 130, "Actual Loops": 191853, "Cache Key": "p.owneruserid", "Cache Mode": "logical", "Cache Hits": 185428, "Cache Misses": 6425, "Cache Evictions": 0, "Cache Overflows": 0, "Peak Memory Usage": 2235, "Plans": [{"Node Type": "Index Scan", "Parent Relationship": "Outer", "Parallel Aware": false, "Async Capable": false, "Scan Direction": "Forward", "Index Name": "idx_posthistory_userid", "Relation Name": "posthistory", "Alias": "ph", "Startup Cost": 0.42, "Total Cost": 2.5, "Plan Rows": 4, "Plan Width": 4, "Actual Rows": 8, "Actual Loops": 6425, "Index Cond": "(userid = p.owneruserid)", "Rows Removed by Index Recheck": 0, "Filter": "((creationdate >= '2011-01-08 03:03:48'::timestamp without time zone) AND (creationdate <= '2014-08-25 14:04:43'::timestamp without time zone) AND (posthistorytypeid = 2))", "Rows Removed by Filter": 21}]}]}, {"Node Type": "Hash", "Parent Relationship": "Inner", "Parallel Aware": false, "Async Capable": false, "Startup Cost": 1002.69, "Total Cost": 1002.69, "Plan Rows": 38839, "Plan Width": 4, "Actual Rows": 38877, "Actual Loops": 1, "Hash Buckets": 65536, "Original Hash Buckets": 65536, "Hash Batches": 1, "Original Hash Batches": 1, "Peak Memory Usage": 1879, "Plans": [{"Node Type": "Seq Scan", "Parent Relationship": "Outer", "Parallel Aware": false, "Async Capable": false, "Relation Name": "users", "Alias": "u", "Startup Cost": 0.0, "Total Cost": 1002.69, "Plan Rows": 38839, "Plan Width": 4, "Actual Rows": 38877, "Actual Loops": 1, "Filter": "((reputation <= 705) AND (creationdate >= '2010-07-28 23:56:00'::timestamp without time zone) AND (creationdate <= '2014-09-02 10:04:41'::timestamp without time zone))", "Rows Removed by Filter": 1448}]}]}]}, "Planning Time": 2.928, "Triggers": [], "Execution Time": 2497.819}, {"Plan": {"Node Type": "Aggregate", "Strategy": "Plain", "Partial Mode": "Simple", "Parallel Aware": false, "Async Capable": false, "Startup Cost": 49470.4, "Total Cost": 49470.41, "Plan Rows": 1, "Plan Width": 8, "Actual Rows": 1, "Actual Loops": 1, "Plans": [{"Node Type": "Merge Join", "Parent Relationship": "Outer", "Parallel Aware": false, "Async Capable": false, "Join Type": "Inner", "Startup Cost": 3514.47, "Total Cost": 44841.15, "Plan Rows": 1851701, "Plan Width": 0, "Actual Rows": 1116000, "Actual Loops": 1, "Inner Unique": false, "Merge Cond": "(u.id = b.userid)", "Plans": [{"Node Type": "Nested Loop", "Parent Relationship": "Outer", "Parallel Aware": false, "Async Capable": false, "Join Type": "Inner", "Startup Cost": 3513.56, "Total Cost": 11439.13, "Plan Rows": 944865, "Plan Width": 12, "Actual Rows": 80133, "Actual Loops": 1, "Inner Unique": false, "Plans": [{"Node Type": "Merge Join", "Parent Relationship": "Outer", "Parallel Aware": false, "Async Capable": false, "Join Type": "Inner", "Startup Cost": 3513.14, "Total Cost": 5355.38, "Plan Rows": 5650, "Plan Width": 8, "Actual Rows": 9739, "Actual Loops": 1, "Inner Unique": false, "Merge Cond": "(u.id = p.owneruserid)", "Plans": [{"Node Type": "Index Scan", "Parent Relationship": "Outer", "Parallel Aware": false, "Async Capable": false, "Scan Direction": "Forward", "Index Name": "users_pkey", "Relation Name": "users", "Alias": "u", "Startup Cost": 0.29, "Total Cost": 1659.6, "Plan Rows": 38839, "Plan Width": 4, "Actual Rows": 38841, "Actual Loops": 1, "Filter": "((reputation <= 705) AND (creationdate >= '2010-07-28 23:56:00'::timestamp without time zone) AND (creationdate <= '2014-09-02 10:04:41'::timestamp without time zone))", "Rows Removed by Filter": 799}, {"Node Type": "Sort", "Parent Relationship": "Inner", "Parallel Aware": false, "Async Capable": false, "Startup Cost": 3512.85, "Total Cost": 3527.74, "Plan Rows": 5956, "Plan Width": 4, "Actual Rows": 12174, "Actual Loops": 1, "Sort Key": ["p.owneruserid"], "Sort Method": "quicksort", "Sort Space Used": 385, "Sort Space Type": "Memory", "Plans": [{"Node Type": "Seq Scan", "Parent Relationship": "Outer", "Parallel Aware": false, "Async Capable": false, "Relation Name": "posts", "Alias": "p", "Startup Cost": 0.0, "Total Cost": 3139.4, "Plan Rows": 5956, "Plan Width": 4, "Actual Rows": 12416, "Actual Loops": 1, "Filter": "((answercount <= 4) AND (commentcount >= 0) AND (commentcount <= 12) AND (favoritecount >= 0) AND (favoritecount <= 89) AND (creationdate <= '2014-09-02 10:21:04'::timestamp without time zone))", "Rows Removed by Filter": 79560}]}]}, {"Node Type": "Index Scan", "Parent Relationship": "Inner", "Parallel Aware": false, "Async Capable": false, "Scan Direction": "Forward", "Index Name": "idx_posthistory_userid", "Relation Name": "posthistory", "Alias": "ph", "Startup Cost": 0.42, "Total Cost": 1.04, "Plan Rows": 4, "Plan Width": 4, "Actual Rows": 8, "Actual Loops": 9739, "Index Cond": "(userid = u.id)", "Rows Removed by Index Recheck": 0, "Filter": "((creationdate >= '2011-01-08 03:03:48'::timestamp without time zone) AND (creationdate <= '2014-08-25 14:04:43'::timestamp without time zone) AND (posthistorytypeid = 2))", "Rows Removed by Filter": 21}]}, {"Node Type": "Materialize", "Parent Relationship": "Inner", "Parallel Aware": false, "Async Capable": false, "Startup Cost": 0.29, "Total Cost": 3462.16, "Plan Rows": 79027, "Plan Width": 4, "Actual Rows": 1167095, "Actual Loops": 1, "Plans": [{"Node Type": "Index Scan", "Parent Relationship": "Outer", "Parallel Aware": false, "Async Capable": false, "Scan Direction": "Forward", "Index Name": "idx_badges_userid", "Relation Name": "badges", "Alias": "b", "Startup Cost": 0.29, "Total Cost": 3264.6, "Plan Rows": 79027, "Plan Width": 4, "Actual Rows": 78603, "Actual Loops": 1, "Filter": "((date >= '2010-07-20 20:47:27'::timestamp without time zone) AND (date <= '2014-09-09 13:24:28'::timestamp without time zone))", "Rows Removed by Filter": 677}]}]}]}, "Planning Time": 2.874, "Triggers": [], "Execution Time": 323.738}, {"Plan": {"Node Type": "Aggregate", "Strategy": "Plain", "Partial Mode": "Finalize", "Parallel Aware": false, "Async Capable": false, "Startup Cost": 37456.41, "Total Cost": 37456.42, "Plan Rows": 1, "Plan Width": 8, "Actual Rows": 1, "Actual Loops": 1, "Plans": [{"Node Type": "Gather", "Parent Relationship": "Outer", "Parallel Aware": false, "Async Capable": false, "Startup Cost": 37456.3, "Total Cost": 37456.41, "Plan Rows": 1, "Plan Width": 8, "Actual Rows": 2, "Actual Loops": 1, "Workers Planned": 1, "Workers Launched": 1, "Single Copy": false, "Plans": [{"Node Type": "Aggregate", "Strategy": "Plain", "Partial Mode": "Partial", "Parent Relationship": "Outer", "Parallel Aware": false, "Async Capable": false, "Startup Cost": 36456.3, "Total Cost": 36456.31, "Plan Rows": 1, "Plan Width": 8, "Actual Rows": 1, "Actual Loops": 2, "Workers": [], "Plans": [{"Node Type": "Hash Join", "Parent Relationship": "Outer", "Parallel Aware": false, "Async Capable": false, "Join Type": "Inner", "Startup Cost": 4714.14, "Total Cost": 33733.21, "Plan Rows": 1089236, "Plan Width": 0, "Actual Rows": 558000, "Actual Loops": 2, "Inner Unique": false, "Hash Cond": "(b.userid = u.id)", "Workers": [], "Plans": [{"Node Type": "Nested Loop", "Parent Relationship": "Outer", "Parallel Aware": false, "Async Capable": false, "Join Type": "Inner", "Startup Cost": 0.3, "Total Cost": 15559.19, "Plan Rows": 2613063, "Plan Width": 8, "Actual Rows": 1564772, "Actual Loops": 2, "Inner Unique": false, "Workers": [], "Plans": [{"Node Type": "Seq Scan", "Parent Relationship": "Outer", "Parallel Aware": true, "Async Capable": false, "Relation Name": "posthistory", "Alias": "ph", "Startup Cost": 0.0, "Total Cost": 5361.04, "Plan Rows": 50421, "Plan Width": 4, "Actual Rows": 42160, "Actual Loops": 2, "Filter": "((creationdate >= '2011-01-08 03:03:48'::timestamp without time zone) AND (creationdate <= '2014-08-25 14:04:43'::timestamp without time zone) AND (posthistorytypeid = 2))", "Rows Removed by Filter": 109434, "Workers": []}, {"Node Type": "Memoize", "Parent Relationship": "Inner", "Parallel Aware": false, "Async Capable": false, "Startup Cost": 0.3, "Total Cost": 0.4, "Plan Rows": 3, "Plan Width": 4, "Actual Rows": 37, "Actual Loops": 84319, "Cache Key": "ph.userid", "Cache Mode": "logical", "Cache Hits": 30353, "Cache Misses": 13334, "Cache Evictions": 0, "Cache Overflows": 0, "Peak Memory Usage": 2857, "Workers": [{"Worker Number": 0, "Cache Hits": 27655, "Cache Misses": 12977, "Cache Evictions": 0, "Cache Overflows": 0, "Peak Memory Usage": 2785}], "Plans": [{"Node Type": "Index Scan", "Parent Relationship": "Outer", "Parallel Aware": false, "Async Capable": false, "Scan Direction": "Forward", "Index Name": "idx_badges_userid", "Relation Name": "badges", "Alias": "b", "Startup Cost": 0.29, "Total Cost": 0.39, "Plan Rows": 3, "Plan Width": 4, "Actual Rows": 4, "Actual Loops": 26311, "Index Cond": "(userid = ph.userid)", "Rows Removed by Index Recheck": 0, "Filter": "((date >= '2010-07-20 20:47:27'::timestamp without time zone) AND (date <= '2014-09-09 13:24:28'::timestamp without time zone))", "Rows Removed by Filter": 0, "Workers": []}]}]}, {"Node Type": "Hash", "Parent Relationship": "Inner", "Parallel Aware": false, "Async Capable": false, "Startup Cost": 4643.21, "Total Cost": 4643.21, "Plan Rows": 5650, "Plan Width": 8, "Actual Rows": 9739, "Actual Loops": 2, "Hash Buckets": 16384, "Original Hash Buckets": 8192, "Hash Batches": 1, "Original Hash Batches": 1, "Peak Memory Usage": 509, "Workers": [], "Plans": [{"Node Type": "Hash Join", "Parent Relationship": "Outer", "Parallel Aware": false, "Async Capable": false, "Join Type": "Inner", "Startup Cost": 1488.18, "Total Cost": 4643.21, "Plan Rows": 5650, "Plan Width": 8, "Actual Rows": 9739, "Actual Loops": 2, "Inner Unique": true, "Hash Cond": "(p.owneruserid = u.id)", "Workers": [], "Plans": [{"Node Type": "Seq Scan", "Parent Relationship": "Outer", "Parallel Aware": false, "Async Capable": false, "Relation Name": "posts", "Alias": "p", "Startup Cost": 0.0, "Total Cost": 3139.4, "Plan Rows": 5956, "Plan Width": 4, "Actual Rows": 12416, "Actual Loops": 2, "Filter": "((answercount <= 4) AND (commentcount >= 0) AND (commentcount <= 12) AND (favoritecount >= 0) AND (favoritecount <= 89) AND (creationdate <= '2014-09-02 10:21:04'::timestamp without time zone))", "Rows Removed by Filter": 79560, "Workers": []}, {"Node Type": "Hash", "Parent Relationship": "Inner", "Parallel Aware": false, "Async Capable": false, "Startup Cost": 1002.69, "Total Cost": 1002.69, "Plan Rows": 38839, "Plan Width": 4, "Actual Rows": 38877, "Actual Loops": 2, "Hash Buckets": 65536, "Original Hash Buckets": 65536, "Hash Batches": 1, "Original Hash Batches": 1, "Peak Memory Usage": 1879, "Workers": [], "Plans": [{"Node Type": "Seq Scan", "Parent Relationship": "Outer", "Parallel Aware": false, "Async Capable": false, "Relation Name": "users", "Alias": "u", "Startup Cost": 0.0, "Total Cost": 1002.69, "Plan Rows": 38839, "Plan Width": 4, "Actual Rows": 38877, "Actual Loops": 2, "Filter": "((reputation <= 705) AND (creationdate >= '2010-07-28 23:56:00'::timestamp without time zone) AND (creationdate <= '2014-09-02 10:04:41'::timestamp without time zone))", "Rows Removed by Filter": 1448, "Workers": []}]}]}]}]}]}]}]}, "Planning Time": 5.4, "Triggers": [], "Execution Time": 391.078}, {"Plan": {"Node Type": "Aggregate", "Strategy": "Plain", "Partial Mode": "Simple", "Parallel Aware": false, "Async Capable": false, "Startup Cost": 601390.7, "Total Cost": 601390.71, "Plan Rows": 1, "Plan Width": 8, "Plans": [{"Node Type": "Merge Join", "Parent Relationship": "Outer", "Parallel Aware": false, "Async Capable": false, "Join Type": "Inner", "Startup Cost": 1.41, "Total Cost": 596761.44, "Plan Rows": 1851701, "Plan Width": 0, "Inner Unique": false, "Merge Cond": "(u.id = b.userid)", "Plans": [{"Node Type": "Index Scan", "Parent Relationship": "Outer", "Parallel Aware": false, "Async Capable": false, "Scan Direction": "Forward", "Index Name": "users_pkey", "Relation Name": "users", "Alias": "u", "Startup Cost": 0.29, "Total Cost": 1659.6, "Plan Rows": 38839, "Plan Width": 4, "Filter": "((reputation <= 705) AND (creationdate >= '2010-07-28 23:56:00'::timestamp without time zone) AND (creationdate <= '2014-09-02 10:04:41'::timestamp without time zone))"}, {"Node Type": "Materialize", "Parent Relationship": "Inner", "Parallel Aware": false, "Async Capable": false, "Startup Cost": 1.03, "Total Cost": 134503.81, "Plan Rows": 37959131, "Plan Width": 12, "Plans": [{"Node Type": "Nested Loop", "Parent Relationship": "Outer", "Parallel Aware": false, "Async Capable": false, "Join Type": "Inner", "Startup Cost": 1.03, "Total Cost": 39605.98, "Plan Rows": 37959131, "Plan Width": 12, "Inner Unique": false, "Join Filter": "(ph.userid = b.userid)", "Plans": [{"Node Type": "Nested Loop", "Parent Relationship": "Outer", "Parallel Aware": false, "Async Capable": false, "Join Type": "Inner", "Startup Cost": 0.59, "Total Cost": 9745.62, "Plan Rows": 226972, "Plan Width": 8, "Inner Unique": false, "Plans": [{"Node Type": "Index Scan", "Parent Relationship": "Outer", "Parallel Aware": false, "Async Capable": false, "Scan Direction": "Forward", "Index Name": "idx_posts_owneruserid", "Relation Name": "posts", "Alias": "p", "Startup Cost": 0.29, "Total Cost": 5473.31, "Plan Rows": 5956, "Plan Width": 4, "Filter": "((answercount <= 4) AND (commentcount >= 0) AND (commentcount <= 12) AND (favoritecount >= 0) AND (favoritecount <= 89) AND (creationdate <= '2014-09-02 10:21:04'::timestamp without time zone))"}, {"Node Type": "Memoize", "Parent Relationship": "Inner", "Parallel Aware": false, "Async Capable": false, "Startup Cost": 0.3, "Total Cost": 0.75, "Plan Rows": 3, "Plan Width": 4, "Cache Key": "p.owneruserid", "Cache Mode": "logical", "Plans": [{"Node Type": "Index Scan", "Parent Relationship": "Outer", "Parallel Aware": false, "Async Capable": false, "Scan Direction": "Forward", "Index Name": "idx_badges_userid", "Relation Name": "badges", "Alias": "b", "Startup Cost": 0.29, "Total Cost": 0.74, "Plan Rows": 3, "Plan Width": 4, "Index Cond": "(userid = p.owneruserid)", "Filter": "((date >= '2010-07-20 20:47:27'::timestamp without time zone) AND (date <= '2014-09-09 13:24:28'::timestamp without time zone))"}]}]}, {"Node Type": "Memoize", "Parent Relationship": "Inner", "Parallel Aware": false, "Async Capable": false, "Startup Cost": 0.43, "Total Cost": 2.51, "Plan Rows": 4, "Plan Width": 4, "Cache Key": "p.owneruserid", "Cache Mode": "logical", "Plans": [{"Node Type": "Index Scan", "Parent Relationship": "Outer", "Parallel Aware": false, "Async Capable": false, "Scan Direction": "Forward", "Index Name": "idx_posthistory_userid", "Relation Name": "posthistory", "Alias": "ph", "Startup Cost": 0.42, "Total Cost": 2.5, "Plan Rows": 4, "Plan Width": 4, "Index Cond": "(userid = p.owneruserid)", "Filter": "((creationdate >= '2011-01-08 03:03:48'::timestamp without time zone) AND (creationdate <= '2014-08-25 14:04:43'::timestamp without time zone) AND (posthistorytypeid = 2))"}]}]}]}]}]}}, {"Plan": {"Node Type": "Aggregate", "Strategy": "Plain", "Partial Mode": "Simple", "Parallel Aware": false, "Async Capable": false, "Startup Cost": 578087.21, "Total Cost": 578087.22, "Plan Rows": 1, "Plan Width": 8, "Actual Rows": 1, "Actual Loops": 1, "Plans": [{"Node Type": "Merge Join", "Parent Relationship": "Outer", "Parallel Aware": false, "Async Capable": false, "Join Type": "Inner", "Startup Cost": 264.77, "Total Cost": 573457.95, "Plan Rows": 1851701, "Plan Width": 0, "Actual Rows": 1116000, "Actual Loops": 1, "Inner Unique": false, "Merge Cond": "(b.userid = p.owneruserid)", "Plans": [{"Node Type": "Merge Join", "Parent Relationship": "Outer", "Parallel Aware": false, "Async Capable": false, "Join Type": "Inner", "Startup Cost": 0.67, "Total Cost": 5979.97, "Plan Rows": 76115, "Plan Width": 8, "Actual Rows": 62545, "Actual Loops": 1, "Inner Unique": false, "Merge Cond": "(u.id = b.userid)", "Plans": [{"Node Type": "Index Scan", "Parent Relationship": "Outer", "Parallel Aware": false, "Async Capable": false, "Scan Direction": "Forward", "Index Name": "users_pkey", "Relation Name": "users", "Alias": "u", "Startup Cost": 0.29, "Total Cost": 1659.6, "Plan Rows": 38839, "Plan Width": 4, "Actual Rows": 38589, "Actual Loops": 1, "Filter": "((reputation <= 705) AND (creationdate >= '2010-07-28 23:56:00'::timestamp without time zone) AND (creationdate <= '2014-09-02 10:04:41'::timestamp without time zone))", "Rows Removed by Filter": 799}, {"Node Type": "Index Scan", "Parent Relationship": "Inner", "Parallel Aware": false, "Async Capable": false, "Scan Direction": "Forward", "Index Name": "idx_badges_userid", "Relation Name": "badges", "Alias": "b", "Startup Cost": 0.29, "Total Cost": 3264.6, "Plan Rows": 79027, "Plan Width": 4, "Actual Rows": 78603, "Actual Loops": 1, "Filter": "((date >= '2010-07-20 20:47:27'::timestamp without time zone) AND (date <= '2014-09-09 13:24:28'::timestamp without time zone))", "Rows Removed by Filter": 677}]}, {"Node Type": "Materialize", "Parent Relationship": "Inner", "Parallel Aware": false, "Async Capable": false, "Startup Cost": 0.72, "Total Cost": 21738.49, "Plan Rows": 996091, "Plan Width": 8, "Actual Rows": 1365855, "Actual Loops": 1, "Plans": [{"Node Type": "Nested Loop", "Parent Relationship": "Outer", "Parallel Aware": false, "Async Capable": false, "Join Type": "Inner", "Startup Cost": 0.72, "Total Cost": 19248.26, "Plan Rows": 996091, "Plan Width": 8, "Actual Rows": 329862, "Actual Loops": 1, "Inner Unique": false, "Plans": [{"Node Type": "Index Scan", "Parent Relationship": "Outer", "Parallel Aware": false, "Async Capable": false, "Scan Direction": "Forward", "Index Name": "idx_posts_owneruserid", "Relation Name": "posts", "Alias": "p", "Startup Cost": 0.29, "Total Cost": 5473.31, "Plan Rows": 5956, "Plan Width": 4, "Actual Rows": 12416, "Actual Loops": 1, "Filter": "((answercount <= 4) AND (commentcount >= 0) AND (commentcount <= 12) AND (favoritecount >= 0) AND (favoritecount <= 89) AND (creationdate <= '2014-09-02 10:21:04'::timestamp without time zone))", "Rows Removed by Filter": 79560}, {"Node Type": "Memoize", "Parent Relationship": "Inner", "Parallel Aware": false, "Async Capable": false, "Startup Cost": 0.43, "Total Cost": 2.51, "Plan Rows": 4, "Plan Width": 4, "Actual Rows": 27, "Actual Loops": 12416, "Cache Key": "p.owneruserid", "Cache Mode": "logical", "Cache Hits": 5872, "Cache Misses": 6544, "Cache Evictions": 0, "Cache Overflows": 0, "Peak Memory Usage": 2248, "Plans": [{"Node Type": "Index Scan", "Parent Relationship": "Outer", "Parallel Aware": false, "Async Capable": false, "Scan Direction": "Forward", "Index Name": "idx_posthistory_userid", "Relation Name": "posthistory", "Alias": "ph", "Startup Cost": 0.42, "Total Cost": 2.5, "Plan Rows": 4, "Plan Width": 4, "Actual Rows": 8, "Actual Loops": 6544, "Index Cond": "(userid = p.owneruserid)", "Rows Removed by Index Recheck": 0, "Filter": "((creationdate >= '2011-01-08 03:03:48'::timestamp without time zone) AND (creationdate <= '2014-08-25 14:04:43'::timestamp without time zone) AND (posthistorytypeid = 2))", "Rows Removed by Filter": 21}]}]}]}]}]}, "Planning Time": 3.082, "Triggers": [], "Execution Time": 631.562}, {"Plan": {"Node Type": "Aggregate", "Strategy": "Plain", "Partial Mode": "Simple", "Parallel Aware": false, "Async Capable": false, "Startup Cost": 580424.83, "Total Cost": 580424.84, "Plan Rows": 1, "Plan Width": 8, "Actual Rows": 1, "Actual Loops": 1, "Plans": [{"Node Type": "Merge Join", "Parent Relationship": "Outer", "Parallel Aware": false, "Async Capable": false, "Join Type": "Inner", "Startup Cost": 52.51, "Total Cost": 575795.58, "Plan Rows": 1851701, "Plan Width": 0, "Actual Rows": 1116000, "Actual Loops": 1, "Inner Unique": false, "Merge Cond": "(p.owneruserid = b.userid)", "Plans": [{"Node Type": "Nested Loop", "Parent Relationship": "Outer", "Parallel Aware": false, "Async Capable": false, "Join Type": "Inner", "Startup Cost": 0.72, "Total Cost": 19248.26, "Plan Rows": 996091, "Plan Width": 8, "Actual Rows": 329862, "Actual Loops": 1, "Inner Unique": false, "Plans": [{"Node Type": "Index Scan", "Parent Relationship": "Outer", "Parallel Aware": false, "Async Capable": false, "Scan Direction": "Forward", "Index Name": "idx_posts_owneruserid", "Relation Name": "posts", "Alias": "p", "Startup Cost": 0.29, "Total Cost": 5473.31, "Plan Rows": 5956, "Plan Width": 4, "Actual Rows": 12416, "Actual Loops": 1, "Filter": "((answercount <= 4) AND (commentcount >= 0) AND (commentcount <= 12) AND (favoritecount >= 0) AND (favoritecount <= 89) AND (creationdate <= '2014-09-02 10:21:04'::timestamp without time zone))", "Rows Removed by Filter": 79560}, {"Node Type": "Memoize", "Parent Relationship": "Inner", "Parallel Aware": false, "Async Capable": false, "Startup Cost": 0.43, "Total Cost": 2.51, "Plan Rows": 4, "Plan Width": 4, "Actual Rows": 27, "Actual Loops": 12416, "Cache Key": "p.owneruserid", "Cache Mode": "logical", "Cache Hits": 5872, "Cache Misses": 6544, "Cache Evictions": 0, "Cache Overflows": 0, "Peak Memory Usage": 2248, "Plans": [{"Node Type": "Index Scan", "Parent Relationship": "Outer", "Parallel Aware": false, "Async Capable": false, "Scan Direction": "Forward", "Index Name": "idx_posthistory_userid", "Relation Name": "posthistory", "Alias": "ph", "Startup Cost": 0.42, "Total Cost": 2.5, "Plan Rows": 4, "Plan Width": 4, "Actual Rows": 8, "Actual Loops": 6544, "Index Cond": "(userid = p.owneruserid)", "Rows Removed by Index Recheck": 0, "Filter": "((creationdate >= '2011-01-08 03:03:48'::timestamp without time zone) AND (creationdate <= '2014-08-25 14:04:43'::timestamp without time zone) AND (posthistorytypeid = 2))", "Rows Removed by Filter": 21}]}]}, {"Node Type": "Materialize", "Parent Relationship": "Inner", "Parallel Aware": false, "Async Capable": false, "Startup Cost": 0.67, "Total Cost": 6170.26, "Plan Rows": 76115, "Plan Width": 8, "Actual Rows": 1151037, "Actual Loops": 1, "Plans": [{"Node Type": "Merge Join", "Parent Relationship": "Outer", "Parallel Aware": false, "Async Capable": false, "Join Type": "Inner", "Startup Cost": 0.67, "Total Cost": 5979.97, "Plan Rows": 76115, "Plan Width": 8, "Actual Rows": 62545, "Actual Loops": 1, "Inner Unique": false, "Merge Cond": "(u.id = b.userid)", "Plans": [{"Node Type": "Index Scan", "Parent Relationship": "Outer", "Parallel Aware": false, "Async Capable": false, "Scan Direction": "Forward", "Index Name": "users_pkey", "Relation Name": "users", "Alias": "u", "Startup Cost": 0.29, "Total Cost": 1659.6, "Plan Rows": 38839, "Plan Width": 4, "Actual Rows": 38589, "Actual Loops": 1, "Filter": "((reputation <= 705) AND (creationdate >= '2010-07-28 23:56:00'::timestamp without time zone) AND (creationdate <= '2014-09-02 10:04:41'::timestamp without time zone))", "Rows Removed by Filter": 799}, {"Node Type": "Index Scan", "Parent Relationship": "Inner", "Parallel Aware": false, "Async Capable": false, "Scan Direction": "Forward", "Index Name": "idx_badges_userid", "Relation Name": "badges", "Alias": "b", "Startup Cost": 0.29, "Total Cost": 3264.6, "Plan Rows": 79027, "Plan Width": 4, "Actual Rows": 78603, "Actual Loops": 1, "Filter": "((date >= '2010-07-20 20:47:27'::timestamp without time zone) AND (date <= '2014-09-09 13:24:28'::timestamp without time zone))", "Rows Removed by Filter": 677}]}]}]}]}, "Planning Time": 3.12, "Triggers": [], "Execution Time": 595.335}]