[{"Plan": {"Node Type": "Aggregate", "Strategy": "Plain", "Partial Mode": "Finalize", "Parallel Aware": false, "Async Capable": false, "Startup Cost": 1466361263.71, "Total Cost": 1466361263.72, "Plan Rows": 1, "Plan Width": 8, "Actual Rows": 1, "Actual Loops": 1, "Plans": [{"Node Type": "Gather", "Parent Relationship": "Outer", "Parallel Aware": false, "Async Capable": false, "Startup Cost": 1466361263.6, "Total Cost": 1466361263.71, "Plan Rows": 1, "Plan Width": 8, "Actual Rows": 2, "Actual Loops": 1, "Workers Planned": 1, "Workers Launched": 1, "Single Copy": false, "Plans": [{"Node Type": "Aggregate", "Strategy": "Plain", "Partial Mode": "Partial", "Parent Relationship": "Outer", "Parallel Aware": false, "Async Capable": false, "Startup Cost": 1466360263.6, "Total Cost": 1466360263.61, "Plan Rows": 1, "Plan Width": 8, "Actual Rows": 1, "Actual Loops": 2, "Workers": [], "Plans": [{"Node Type": "Hash Join", "Parent Relationship": "Outer", "Parallel Aware": true, "Async Capable": false, "Join Type": "Inner", "Startup Cost": 5786.52, "Total Cost": 5043406.51, "Plan Rows": 584526742836, "Plan Width": 0, "Actual Rows": 43457087, "Actual Loops": 2, "Inner Unique": false, "Hash Cond": "(p.owneruserid = u.id)", "Workers": [], "Plans": [{"Node Type": "Nested Loop", "Parent Relationship": "Outer", "Parallel Aware": false, "Async Capable": false, "Join Type": "Inner", "Startup Cost": 0.6, "Total Cost": 126296.38, "Plan Rows": 168391960, "Plan Width": 12, "Actual Rows": 27219866, "Actual Loops": 2, "Inner Unique": false, "Workers": [], "Plans": [{"Node Type": "Nested Loop", "Parent Relationship": "Outer", "Parallel Aware": false, "Async Capable": false, "Join Type": "Inner", "Startup Cost": 0.3, "Total Cost": 14686.16, "Plan Rows": 2745442, "Plan Width": 8, "Actual Rows": 1747234, "Actual Loops": 2, "Inner Unique": false, "Workers": [], "Plans": [{"Node Type": "Seq Scan", "Parent Relationship": "Outer", "Parallel Aware": true, "Async Capable": false, "Relation Name": "posthistory", "Alias": "ph", "Startup Cost": 0.0, "Total Cost": 4469.32, "Plan Rows": 54142, "Plan Width": 4, "Actual Rows": 45988, "Actual Loops": 2, "Filter": "(posthistorytypeid = 2)", "Rows Removed by Filter": 105606, "Workers": []}, {"Node Type": "Memoize", "Parent Relationship": "Inner", "Parallel Aware": false, "Async Capable": false, "Startup Cost": 0.3, "Total Cost": 0.39, "Plan Rows": 3, "Plan Width": 4, "Actual Rows": 38, "Actual Loops": 91976, "Cache Key": "ph.userid", "Cache Mode": "logical", "Cache Hits": 31701, "Cache Misses": 13478, "Cache Evictions": 0, "Cache Overflows": 0, "Peak Memory Usage": 2863, "Workers": [{"Worker Number": 0, "Cache Hits": 32732, "Cache Misses": 14065, "Cache Evictions": 0, "Cache Overflows": 0, "Peak Memory Usage": 2933}], "Plans": [{"Node Type": "Index Scan", "Parent Relationship": "Outer", "Parallel Aware": false, "Async Capable": false, "Scan Direction": "Forward", "Index Name": "idx_badges_userid", "Relation Name": "badges", "Alias": "b", "Startup Cost": 0.29, "Total Cost": 0.38, "Plan Rows": 3, "Plan Width": 4, "Actual Rows": 4, "Actual Loops": 27543, "Index Cond": "(userid = ph.userid)", "Rows Removed by Index Recheck": 0, "Filter": "(date >= '2010-10-20 08:33:44'::timestamp without time zone)", "Rows Removed by Filter": 0, "Workers": []}]}]}, {"Node Type": "Memoize", "Parent Relationship": "Inner", "Parallel Aware": false, "Async Capable": false, "Startup Cost": 0.3, "Total Cost": 0.44, "Plan Rows": 2, "Plan Width": 4, "Actual Rows": 16, "Actual Loops": 3494467, "Cache Key": "ph.userid", "Cache Mode": "logical", "Cache Hits": 1695508, "Cache Misses": 12150, "Cache Evictions": 0, "Cache Overflows": 0, "Peak Memory Usage": 1958, "Workers": [{"Worker Number": 0, "Cache Hits": 1774097, "Cache Misses": 12712, "Cache Evictions": 0, "Cache Overflows": 0, "Peak Memory Usage": 2015}], "Plans": [{"Node Type": "Index Scan", "Parent Relationship": "Outer", "Parallel Aware": false, "Async Capable": false, "Scan Direction": "Forward", "Index Name": "idx_posts_owneruserid", "Relation Name": "posts", "Alias": "p", "Startup Cost": 0.29, "Total Cost": 0.43, "Plan Rows": 2, "Plan Width": 4, "Actual Rows": 3, "Actual Loops": 24862, "Index Cond": "(owneruserid = ph.userid)", "Rows Removed by Index Recheck": 0, "Filter": "((score >= '-2'::integer) AND (viewcount >= 0) AND (viewcount <= 18281))", "Rows Removed by Filter": 4, "Workers": []}]}]}, {"Node Type": "Hash", "Parent Relationship": "Inner", "Parallel Aware": true, "Async Capable": false, "Startup Cost": 4549.08, "Total Cost": 4549.08, "Plan Rows": 98947, "Plan Width": 8, "Actual Rows": 31090, "Actual Loops": 2, "Hash Buckets": 262144, "Original Hash Buckets": 262144, "Hash Batches": 1, "Original Hash Batches": 1, "Peak Memory Usage": 4512, "Workers": [], "Plans": [{"Node Type": "Hash Join", "Parent Relationship": "Outer", "Parallel Aware": false, "Async Capable": false, "Join Type": "Inner", "Startup Cost": 1399.61, "Total Cost": 4549.08, "Plan Rows": 98947, "Plan Width": 8, "Actual Rows": 31090, "Actual Loops": 2, "Inner Unique": true, "Hash Cond": "(c.userid = u.id)", "Workers": [], "Plans": [{"Node Type": "Seq Scan", "Parent Relationship": "Outer", "Parallel Aware": true, "Async Capable": false, "Relation Name": "comments", "Alias": "c", "Startup Cost": 0.0, "Total Cost": 2881.99, "Plan Rows": 101889, "Plan Width": 4, "Actual Rows": 86592, "Actual Loops": 2, "Filter": "((creationdate >= '2010-07-31 05:18:59'::timestamp without time zone) AND (creationdate <= '2014-09-12 07:59:13'::timestamp without time zone))", "Rows Removed by Filter": 561, "Workers": []}, {"Node Type": "Hash", "Parent Relationship": "Inner", "Parallel Aware": false, "Async Capable": false, "Startup Cost": 901.88, "Total Cost": 901.88, "Plan Rows": 39819, "Plan Width": 4, "Actual Rows": 39819, "Actual Loops": 2, "Hash Buckets": 65536, "Original Hash Buckets": 65536, "Hash Batches": 1, "Original Hash Batches": 1, "Peak Memory Usage": 1912, "Workers": [], "Plans": [{"Node Type": "Seq Scan", "Parent Relationship": "Outer", "Parallel Aware": false, "Async Capable": false, "Relation Name": "users", "Alias": "u", "Startup Cost": 0.0, "Total Cost": 901.88, "Plan Rows": 39819, "Plan Width": 4, "Actual Rows": 39819, "Actual Loops": 2, "Filter": "((views >= 0) AND (views <= 75))", "Rows Removed by Filter": 506, "Workers": []}]}]}]}]}]}]}]}, "Planning Time": 10.076, "Triggers": [], "Execution Time": 5307.384}, {"Plan": {"Node Type": "Aggregate", "Strategy": "Plain", "Partial Mode": "Simple", "Parallel Aware": false, "Async Capable": false, "Startup Cost": 2541820377.27, "Total Cost": 2541820377.28, "Plan Rows": 1, "Plan Width": 8, "Actual Rows": 1, "Actual Loops": 1, "Plans": [{"Node Type": "Hash Join", "Parent Relationship": "Outer", "Parallel Aware": false, "Async Capable": false, "Join Type": "Inner", "Startup Cost": 8728.66, "Total Cost": 57581720.22, "Plan Rows": 993695462822, "Plan Width": 0, "Actual Rows": 86914174, "Actual Loops": 1, "Inner Unique": false, "Hash Cond": "(c.userid = u.id)", "Plans": [{"Node Type": "Nested Loop", "Parent Relationship": "Outer", "Parallel Aware": false, "Async Capable": false, "Join Type": "Inner", "Startup Cost": 0.61, "Total Cost": 306691.73, "Plan Rows": 2235018255, "Plan Width": 12, "Actual Rows": 145721726, "Actual Loops": 1, "Inner Unique": false, "Plans": [{"Node Type": "Nested Loop", "Parent Relationship": "Outer", "Parallel Aware": false, "Async Capable": false, "Join Type": "Inner", "Startup Cost": 0.3, "Total Cost": 12848.54, "Plan Rows": 1594031, "Plan Width": 8, "Actual Rows": 430601, "Actual Loops": 1, "Inner Unique": false, "Plans": [{"Node Type": "Seq Scan", "Parent Relationship": "Outer", "Parallel Aware": false, "Async Capable": false, "Relation Name": "posts", "Alias": "p", "Startup Cost": 0.0, "Total Cost": 2449.58, "Plan Rows": 42751, "Plan Width": 4, "Actual Rows": 42735, "Actual Loops": 1, "Filter": "((score >= '-2'::integer) AND (viewcount >= 0) AND (viewcount <= 18281))", "Rows Removed by Filter": 49241}, {"Node Type": "Memoize", "Parent Relationship": "Inner", "Parallel Aware": false, "Async Capable": false, "Startup Cost": 0.3, "Total Cost": 0.42, "Plan Rows": 3, "Plan Width": 4, "Actual Rows": 10, "Actual Loops": 42735, "Cache Key": "p.owneruserid", "Cache Mode": "logical", "Cache Hits": 23929, "Cache Misses": 18806, "Cache Evictions": 0, "Cache Overflows": 0, "Peak Memory Usage": 3478, "Plans": [{"Node Type": "Index Scan", "Parent Relationship": "Outer", "Parallel Aware": false, "Async Capable": false, "Scan Direction": "Forward", "Index Name": "idx_badges_userid", "Relation Name": "badges", "Alias": "b", "Startup Cost": 0.29, "Total Cost": 0.41, "Plan Rows": 3, "Plan Width": 4, "Actual Rows": 3, "Actual Loops": 18806, "Index Cond": "(userid = p.owneruserid)", "Rows Removed by Index Recheck": 0, "Filter": "(date >= '2010-10-20 08:33:44'::timestamp without time zone)", "Rows Removed by Filter": 0}]}]}, {"Node Type": "Memoize", "Parent Relationship": "Inner", "Parallel Aware": false, "Async Capable": false, "Startup Cost": 0.3, "Total Cost": 0.74, "Plan Rows": 13, "Plan Width": 4, "Actual Rows": 338, "Actual Loops": 430601, "Cache Key": "p.owneruserid", "Cache Mode": "logical", "Cache Hits": 413756, "Cache Misses": 16845, "Cache Evictions": 0, "Cache Overflows": 0, "Peak Memory Usage": 6406, "Plans": [{"Node Type": "Index Scan", "Parent Relationship": "Outer", "Parallel Aware": false, "Async Capable": false, "Scan Direction": "Forward", "Index Name": "idx_comments_userid", "Relation Name": "comments", "Alias": "c", "Startup Cost": 0.29, "Total Cost": 0.73, "Plan Rows": 13, "Plan Width": 4, "Actual Rows": 9, "Actual Loops": 16845, "Index Cond": "(userid = p.owneruserid)", "Rows Removed by Index Recheck": 0, "Filter": "((creationdate >= '2010-07-31 05:18:59'::timestamp without time zone) AND (creationdate <= '2014-09-12 07:59:13'::timestamp without time zone))", "Rows Removed by Filter": 0}]}]}, {"Node Type": "Hash", "Parent Relationship": "Inner", "Parallel Aware": false, "Async Capable": false, "Startup Cost": 7671.08, "Total Cost": 7671.08, "Plan Rows": 84558, "Plan Width": 8, "Actual Rows": 51691, "Actual Loops": 1, "Hash Buckets": 131072, "Original Hash Buckets": 131072, "Hash Batches": 1, "Original Hash Batches": 1, "Peak Memory Usage": 3044, "Plans": [{"Node Type": "Hash Join", "Parent Relationship": "Outer", "Parallel Aware": false, "Async Capable": false, "Join Type": "Inner", "Startup Cost": 1399.61, "Total Cost": 7671.08, "Plan Rows": 84558, "Plan Width": 8, "Actual Rows": 51691, "Actual Loops": 1, "Inner Unique": true, "Hash Cond": "(ph.userid = u.id)", "Plans": [{"Node Type": "Seq Scan", "Parent Relationship": "Outer", "Parallel Aware": false, "Async Capable": false, "Relation Name": "posthistory", "Alias": "ph", "Startup Cost": 0.0, "Total Cost": 6029.84, "Plan Rows": 92042, "Plan Width": 4, "Actual Rows": 91976, "Actual Loops": 1, "Filter": "(posthistorytypeid = 2)", "Rows Removed by Filter": 211211}, {"Node Type": "Hash", "Parent Relationship": "Inner", "Parallel Aware": false, "Async Capable": false, "Startup Cost": 901.88, "Total Cost": 901.88, "Plan Rows": 39819, "Plan Width": 4, "Actual Rows": 39819, "Actual Loops": 1, "Hash Buckets": 65536, "Original Hash Buckets": 65536, "Hash Batches": 1, "Original Hash Batches": 1, "Peak Memory Usage": 1912, "Plans": [{"Node Type": "Seq Scan", "Parent Relationship": "Outer", "Parallel Aware": false, "Async Capable": false, "Relation Name": "users", "Alias": "u", "Startup Cost": 0.0, "Total Cost": 901.88, "Plan Rows": 39819, "Plan Width": 4, "Actual Rows": 39819, "Actual Loops": 1, "Filter": "((views >= 0) AND (views <= 75))", "Rows Removed by Filter": 506}]}]}]}]}]}, "Planning Time": 4.774, "Triggers": [], "Execution Time": 15562.232}, {"Plan": {"Node Type": "Aggregate", "Strategy": "Plain", "Partial Mode": "Simple", "Parallel Aware": false, "Async Capable": false, "Startup Cost": 2588796891.48, "Total Cost": 2588796891.49, "Plan Rows": 1, "Plan Width": 8, "Actual Rows": 1, "Actual Loops": 1, "Plans": [{"Node Type": "Merge Join", "Parent Relationship": "Outer", "Parallel Aware": false, "Async Capable": false, "Join Type": "Inner", "Startup Cost": 6.9, "Total Cost": 104558234.42, "Plan Rows": 993695462822, "Plan Width": 0, "Actual Rows": 86914174, "Actual Loops": 1, "Inner Unique": false, "Merge Cond": "(p.owneruserid = u.id)", "Plans": [{"Node Type": "Index Scan", "Parent Relationship": "Outer", "Parallel Aware": false, "Async Capable": false, "Scan Direction": "Forward", "Index Name": "idx_posts_owneruserid", "Relation Name": "posts", "Alias": "p", "Startup Cost": 0.29, "Total Cost": 4783.49, "Plan Rows": 42751, "Plan Width": 4, "Actual Rows": 41963, "Actual Loops": 1, "Filter": "((score >= '-2'::integer) AND (viewcount >= 0) AND (viewcount <= 18281))", "Rows Removed by Filter": 48578}, {"Node Type": "Materialize", "Parent Relationship": "Inner", "Parallel Aware": false, "Async Capable": false, "Startup Cost": 6.61, "Total Cost": 16942165.69, "Plan Rows": 6656507569, "Plan Width": 16, "Actual Rows": 87326903, "Actual Loops": 1, "Plans": [{"Node Type": "Merge Join", "Parent Relationship": "Outer", "Parallel Aware": false, "Async Capable": false, "Join Type": "Inner", "Startup Cost": 6.61, "Total Cost": 300896.77, "Plan Rows": 6656507569, "Plan Width": 16, "Actual Rows": 6349008, "Actual Loops": 1, "Inner Unique": false, "Merge Cond": "(c.userid = u.id)", "Plans": [{"Node Type": "Index Scan", "Parent Relationship": "Outer", "Parallel Aware": false, "Async Capable": false, "Scan Direction": "Forward", "Index Name": "idx_comments_userid", "Relation Name": "comments", "Alias": "c", "Startup Cost": 0.29, "Total Cost": 8694.72, "Plan Rows": 173212, "Plan Width": 4, "Actual Rows": 170435, "Actual Loops": 1, "Filter": "((creationdate >= '2010-07-31 05:18:59'::timestamp without time zone) AND (creationdate <= '2014-09-12 07:59:13'::timestamp without time zone))", "Rows Removed by Filter": 1101}, {"Node Type": "Materialize", "Parent Relationship": "Inner", "Parallel Aware": false, "Async Capable": false, "Startup Cost": 1.09, "Total Cost": 30945.49, "Plan Rows": 4287738, "Plan Width": 12, "Actual Rows": 6366102, "Actual Loops": 1, "Plans": [{"Node Type": "Merge Join", "Parent Relationship": "Outer", "Parallel Aware": false, "Async Capable": false, "Join Type": "Inner", "Startup Cost": 1.09, "Total Cost": 20226.14, "Plan Rows": 4287738, "Plan Width": 12, "Actual Rows": 288131, "Actual Loops": 1, "Inner Unique": false, "Merge Cond": "(u.id = ph.userid)", "Plans": [{"Node Type": "Merge Join", "Parent Relationship": "Outer", "Parallel Aware": false, "Async Capable": false, "Join Type": "Inner", "Startup Cost": 0.67, "Total Cost": 5680.1, "Plan Rows": 76353, "Plan Width": 8, "Actual Rows": 62497, "Actual Loops": 1, "Inner Unique": true, "Merge Cond": "(b.userid = u.id)", "Plans": [{"Node Type": "Index Scan", "Parent Relationship": "Outer", "Parallel Aware": false, "Async Capable": false, "Scan Direction": "Forward", "Index Name": "idx_badges_userid", "Relation Name": "badges", "Alias": "b", "Startup Cost": 0.29, "Total Cost": 3064.97, "Plan Rows": 77323, "Plan Width": 4, "Actual Rows": 77290, "Actual Loops": 1, "Filter": "(date >= '2010-10-20 08:33:44'::timestamp without time zone)", "Rows Removed by Filter": 2519}, {"Node Type": "Index Scan", "Parent Relationship": "Inner", "Parallel Aware": false, "Async Capable": false, "Scan Direction": "Forward", "Index Name": "users_pkey", "Relation Name": "users", "Alias": "u", "Startup Cost": 0.29, "Total Cost": 1558.79, "Plan Rows": 39819, "Plan Width": 4, "Actual Rows": 39724, "Actual Loops": 1, "Filter": "((views >= 0) AND (views <= 75))", "Rows Removed by Filter": 506}]}, {"Node Type": "Materialize", "Parent Relationship": "Inner", "Parallel Aware": false, "Async Capable": false, "Startup Cost": 0.42, "Total Cost": 13080.1, "Plan Rows": 92042, "Plan Width": 4, "Actual Rows": 330854, "Actual Loops": 1, "Plans": [{"Node Type": "Index Scan", "Parent Relationship": "Outer", "Parallel Aware": false, "Async Capable": false, "Scan Direction": "Forward", "Index Name": "idx_posthistory_userid", "Relation Name": "posthistory", "Alias": "ph", "Startup Cost": 0.42, "Total Cost": 12849.99, "Plan Rows": 92042, "Plan Width": 4, "Actual Rows": 90520, "Actual Loops": 1, "Filter": "(posthistorytypeid = 2)", "Rows Removed by Filter": 191192}]}]}]}]}]}]}]}, "Planning Time": 4.674, "Triggers": [], "Execution Time": 9468.017}, {"Plan": {"Node Type": "Aggregate", "Strategy": "Plain", "Partial Mode": "Simple", "Parallel Aware": false, "Async Capable": false, "Startup Cost": 5220785184.4, "Total Cost": 5220785184.41, "Plan Rows": 1, "Plan Width": 8, "Plans": [{"Node Type": "Hash Join", "Parent Relationship": "Outer", "Parallel Aware": false, "Async Capable": false, "Join Type": "Inner", "Startup Cost": 1400.65, "Total Cost": 2736546527.35, "Plan Rows": 993695462822, "Plan Width": 0, "Inner Unique": true, "Hash Cond": "(c.userid = u.id)", "Plans": [{"Node Type": "Nested Loop", "Parent Relationship": "Outer", "Parallel Aware": false, "Async Capable": false, "Join Type": "Inner", "Startup Cost": 1.04, "Total Cost": 50243177.5, "Plan Rows": 1023247360921, "Plan Width": 16, "Inner Unique": false, "Plans": [{"Node Type": "Nested Loop", "Parent Relationship": "Outer", "Parallel Aware": false, "Async Capable": false, "Join Type": "Inner", "Startup Cost": 0.73, "Total Cost": 131681.62, "Plan Rows": 286266332, "Plan Width": 12, "Inner Unique": false, "Plans": [{"Node Type": "Nested Loop", "Parent Relationship": "Outer", "Parallel Aware": false, "Async Capable": false, "Join Type": "Inner", "Startup Cost": 0.3, "Total Cost": 12848.54, "Plan Rows": 1594031, "Plan Width": 8, "Inner Unique": false, "Plans": [{"Node Type": "Seq Scan", "Parent Relationship": "Outer", "Parallel Aware": false, "Async Capable": false, "Relation Name": "posts", "Alias": "p", "Startup Cost": 0.0, "Total Cost": 2449.58, "Plan Rows": 42751, "Plan Width": 4, "Filter": "((score >= '-2'::integer) AND (viewcount >= 0) AND (viewcount <= 18281))"}, {"Node Type": "Memoize", "Parent Relationship": "Inner", "Parallel Aware": false, "Async Capable": false, "Startup Cost": 0.3, "Total Cost": 0.42, "Plan Rows": 3, "Plan Width": 4, "Cache Key": "p.owneruserid", "Cache Mode": "logical", "Plans": [{"Node Type": "Index Scan", "Parent Relationship": "Outer", "Parallel Aware": false, "Async Capable": false, "Scan Direction": "Forward", "Index Name": "idx_badges_userid", "Relation Name": "badges", "Alias": "b", "Startup Cost": 0.29, "Total Cost": 0.41, "Plan Rows": 3, "Plan Width": 4, "Index Cond": "(userid = p.owneruserid)", "Filter": "(date >= '2010-10-20 08:33:44'::timestamp without time zone)"}]}]}, {"Node Type": "Memoize", "Parent Relationship": "Inner", "Parallel Aware": false, "Async Capable": false, "Startup Cost": 0.43, "Total Cost": 0.95, "Plan Rows": 4, "Plan Width": 4, "Cache Key": "p.owneruserid", "Cache Mode": "logical", "Plans": [{"Node Type": "Index Scan", "Parent Relationship": "Outer", "Parallel Aware": false, "Async Capable": false, "Scan Direction": "Forward", "Index Name": "idx_posthistory_userid", "Relation Name": "posthistory", "Alias": "ph", "Startup Cost": 0.42, "Total Cost": 0.94, "Plan Rows": 4, "Plan Width": 4, "Index Cond": "(userid = p.owneruserid)", "Filter": "(posthistorytypeid = 2)"}]}]}, {"Node Type": "Memoize", "Parent Relationship": "Inner", "Parallel Aware": false, "Async Capable": false, "Startup Cost": 0.3, "Total Cost": 0.74, "Plan Rows": 13, "Plan Width": 4, "Cache Key": "p.owneruserid", "Cache Mode": "logical", "Plans": [{"Node Type": "Index Scan", "Parent Relationship": "Outer", "Parallel Aware": false, "Async Capable": false, "Scan Direction": "Forward", "Index Name": "idx_comments_userid", "Relation Name": "comments", "Alias": "c", "Startup Cost": 0.29, "Total Cost": 0.73, "Plan Rows": 13, "Plan Width": 4, "Index Cond": "(userid = p.owneruserid)", "Filter": "((creationdate >= '2010-07-31 05:18:59'::timestamp without time zone) AND (creationdate <= '2014-09-12 07:59:13'::timestamp without time zone))"}]}]}, {"Node Type": "Hash", "Parent Relationship": "Inner", "Parallel Aware": false, "Async Capable": false, "Startup Cost": 901.88, "Total Cost": 901.88, "Plan Rows": 39819, "Plan Width": 4, "Plans": [{"Node Type": "Seq Scan", "Parent Relationship": "Outer", "Parallel Aware": false, "Async Capable": false, "Relation Name": "users", "Alias": "u", "Startup Cost": 0.0, "Total Cost": 901.88, "Plan Rows": 39819, "Plan Width": 4, "Filter": "((views >= 0) AND (views <= 75))"}]}]}]}}, {"Plan": {"Node Type": "Aggregate", "Strategy": "Plain", "Partial Mode": "Finalize", "Parallel Aware": false, "Async Capable": false, "Startup Cost": 1472327876.59, "Total Cost": 1472327876.6, "Plan Rows": 1, "Plan Width": 8, "Actual Rows": 1, "Actual Loops": 1, "Plans": [{"Node Type": "Gather", "Parent Relationship": "Outer", "Parallel Aware": false, "Async Capable": false, "Startup Cost": 1472327876.48, "Total Cost": 1472327876.59, "Plan Rows": 1, "Plan Width": 8, "Actual Rows": 2, "Actual Loops": 1, "Workers Planned": 1, "Workers Launched": 1, "Single Copy": false, "Plans": [{"Node Type": "Aggregate", "Strategy": "Plain", "Partial Mode": "Partial", "Parent Relationship": "Outer", "Parallel Aware": false, "Async Capable": false, "Startup Cost": 1472326876.48, "Total Cost": 1472326876.49, "Plan Rows": 1, "Plan Width": 8, "Actual Rows": 1, "Actual Loops": 2, "Workers": [], "Plans": [{"Node Type": "Hash Join", "Parent Relationship": "Outer", "Parallel Aware": true, "Async Capable": false, "Join Type": "Inner", "Startup Cost": 265539.57, "Total Cost": 11010019.39, "Plan Rows": 584526742836, "Plan Width": 0, "Actual Rows": 43457087, "Actual Loops": 2, "Inner Unique": false, "Hash Cond": "(ph.userid = u.id)", "Workers": [], "Plans": [{"Node Type": "Nested Loop", "Parent Relationship": "Outer", "Parallel Aware": false, "Async Capable": false, "Join Type": "Inner", "Startup Cost": 0.3, "Total Cost": 14686.16, "Plan Rows": 2745442, "Plan Width": 8, "Actual Rows": 1747234, "Actual Loops": 2, "Inner Unique": false, "Workers": [], "Plans": [{"Node Type": "Seq Scan", "Parent Relationship": "Outer", "Parallel Aware": true, "Async Capable": false, "Relation Name": "posthistory", "Alias": "ph", "Startup Cost": 0.0, "Total Cost": 4469.32, "Plan Rows": 54142, "Plan Width": 4, "Actual Rows": 45988, "Actual Loops": 2, "Filter": "(posthistorytypeid = 2)", "Rows Removed by Filter": 105606, "Workers": []}, {"Node Type": "Memoize", "Parent Relationship": "Inner", "Parallel Aware": false, "Async Capable": false, "Startup Cost": 0.3, "Total Cost": 0.39, "Plan Rows": 3, "Plan Width": 4, "Actual Rows": 38, "Actual Loops": 91976, "Cache Key": "ph.userid", "Cache Mode": "logical", "Cache Hits": 31651, "Cache Misses": 13735, "Cache Evictions": 0, "Cache Overflows": 0, "Peak Memory Usage": 2892, "Workers": [{"Worker Number": 0, "Cache Hits": 32690, "Cache Misses": 13900, "Cache Evictions": 0, "Cache Overflows": 0, "Peak Memory Usage": 2917}], "Plans": [{"Node Type": "Index Scan", "Parent Relationship": "Outer", "Parallel Aware": false, "Async Capable": false, "Scan Direction": "Forward", "Index Name": "idx_badges_userid", "Relation Name": "badges", "Alias": "b", "Startup Cost": 0.29, "Total Cost": 0.38, "Plan Rows": 3, "Plan Width": 4, "Actual Rows": 4, "Actual Loops": 27635, "Index Cond": "(userid = ph.userid)", "Rows Removed by Index Recheck": 0, "Filter": "(date >= '2010-10-20 08:33:44'::timestamp without time zone)", "Rows Removed by Filter": 0, "Workers": []}]}]}, {"Node Type": "Hash", "Parent Relationship": "Inner", "Parallel Aware": true, "Async Capable": false, "Startup Cost": 8778.31, "Total Cost": 8778.31, "Plan Rows": 14770956, "Plan Width": 12, "Actual Rows": 166088, "Actual Loops": 2, "Hash Buckets": 8388608, "Original Hash Buckets": 8388608, "Hash Batches": 4, "Original Hash Batches": 4, "Peak Memory Usage": 69888, "Workers": [], "Plans": [{"Node Type": "Hash Join", "Parent Relationship": "Outer", "Parallel Aware": false, "Async Capable": false, "Join Type": "Inner", "Startup Cost": 4481.12, "Total Cost": 8778.31, "Plan Rows": 14770956, "Plan Width": 12, "Actual Rows": 166088, "Actual Loops": 2, "Inner Unique": false, "Hash Cond": "(c.userid = u.id)", "Workers": [], "Plans": [{"Node Type": "Seq Scan", "Parent Relationship": "Outer", "Parallel Aware": true, "Async Capable": false, "Relation Name": "comments", "Alias": "c", "Startup Cost": 0.0, "Total Cost": 2881.99, "Plan Rows": 101889, "Plan Width": 4, "Actual Rows": 86592, "Actual Loops": 2, "Filter": "((creationdate >= '2010-07-31 05:18:59'::timestamp without time zone) AND (creationdate <= '2014-09-12 07:59:13'::timestamp without time zone))", "Rows Removed by Filter": 561, "Workers": []}, {"Node Type": "Hash", "Parent Relationship": "Inner", "Parallel Aware": false, "Async Capable": false, "Startup Cost": 3961.43, "Total Cost": 3961.43, "Plan Rows": 41576, "Plan Width": 8, "Actual Rows": 35799, "Actual Loops": 2, "Hash Buckets": 65536, "Original Hash Buckets": 65536, "Hash Batches": 1, "Original Hash Batches": 1, "Peak Memory Usage": 1911, "Workers": [], "Plans": [{"Node Type": "Hash Join", "Parent Relationship": "Outer", "Parallel Aware": false, "Async Capable": false, "Join Type": "Inner", "Startup Cost": 1399.61, "Total Cost": 3961.43, "Plan Rows": 41576, "Plan Width": 8, "Actual Rows": 35799, "Actual Loops": 2, "Inner Unique": true, "Hash Cond": "(p.owneruserid = u.id)", "Workers": [], "Plans": [{"Node Type": "Seq Scan", "Parent Relationship": "Outer", "Parallel Aware": false, "Async Capable": false, "Relation Name": "posts", "Alias": "p", "Startup Cost": 0.0, "Total Cost": 2449.58, "Plan Rows": 42751, "Plan Width": 4, "Actual Rows": 42735, "Actual Loops": 2, "Filter": "((score >= '-2'::integer) AND (viewcount >= 0) AND (viewcount <= 18281))", "Rows Removed by Filter": 49241, "Workers": []}, {"Node Type": "Hash", "Parent Relationship": "Inner", "Parallel Aware": false, "Async Capable": false, "Startup Cost": 901.88, "Total Cost": 901.88, "Plan Rows": 39819, "Plan Width": 4, "Actual Rows": 39819, "Actual Loops": 2, "Hash Buckets": 65536, "Original Hash Buckets": 65536, "Hash Batches": 1, "Original Hash Batches": 1, "Peak Memory Usage": 1912, "Workers": [], "Plans": [{"Node Type": "Seq Scan", "Parent Relationship": "Outer", "Parallel Aware": false, "Async Capable": false, "Relation Name": "users", "Alias": "u", "Startup Cost": 0.0, "Total Cost": 901.88, "Plan Rows": 39819, "Plan Width": 4, "Actual Rows": 39819, "Actual Loops": 2, "Filter": "((views >= 0) AND (views <= 75))", "Rows Removed by Filter": 506, "Workers": []}]}]}]}]}]}]}]}]}]}, "Planning Time": 4.966, "Triggers": [], "Execution Time": 3583.335}, {"Plan": {"Node Type": "Aggregate", "Strategy": "Plain", "Partial Mode": "Finalize", "Parallel Aware": false, "Async Capable": false, "Startup Cost": 1472161832.7, "Total Cost": 1472161832.71, "Plan Rows": 1, "Plan Width": 8, "Actual Rows": 1, "Actual Loops": 1, "Plans": [{"Node Type": "Gather", "Parent Relationship": "Outer", "Parallel Aware": false, "Async Capable": false, "Startup Cost": 1472161832.59, "Total Cost": 1472161832.7, "Plan Rows": 1, "Plan Width": 8, "Actual Rows": 2, "Actual Loops": 1, "Workers Planned": 1, "Workers Launched": 1, "Single Copy": false, "Plans": [{"Node Type": "Aggregate", "Strategy": "Plain", "Partial Mode": "Partial", "Parent Relationship": "Outer", "Parallel Aware": false, "Async Capable": false, "Startup Cost": 1472160832.59, "Total Cost": 1472160832.6, "Plan Rows": 1, "Plan Width": 8, "Actual Rows": 1, "Actual Loops": 2, "Workers": [], "Plans": [{"Node Type": "Merge Join", "Parent Relationship": "Outer", "Parallel Aware": false, "Async Capable": false, "Join Type": "Inner", "Startup Cost": 8763.49, "Total Cost": 10843975.5, "Plan Rows": 584526742836, "Plan Width": 0, "Actual Rows": 43457087, "Actual Loops": 2, "Inner Unique": false, "Merge Cond": "(u.id = c.userid)", "Workers": [], "Plans": [{"Node Type": "Merge Join", "Parent Relationship": "Outer", "Parallel Aware": false, "Async Capable": false, "Join Type": "Inner", "Startup Cost": 8727.3, "Total Cost": 49175.13, "Plan Rows": 163762440, "Plan Width": 16, "Actual Rows": 1209202, "Actual Loops": 2, "Inner Unique": false, "Merge Cond": "(ph.userid = u.id)", "Workers": [], "Plans": [{"Node Type": "Sort", "Parent Relationship": "Outer", "Parallel Aware": false, "Async Capable": false, "Startup Cost": 8726.08, "Total Cost": 8861.44, "Plan Rows": 54142, "Plan Width": 4, "Actual Rows": 45260, "Actual Loops": 2, "Sort Key": ["ph.userid"], "Sort Method": "quicksort", "Sort Space Used": 3073, "Sort Space Type": "Memory", "Workers": [{"Worker Number": 0, "Sort Method": "quicksort", "Sort Space Used": 769, "Sort Space Type": "Memory"}], "Plans": [{"Node Type": "Seq Scan", "Parent Relationship": "Outer", "Parallel Aware": true, "Async Capable": false, "Relation Name": "posthistory", "Alias": "ph", "Startup Cost": 0.0, "Total Cost": 4469.32, "Plan Rows": 54142, "Plan Width": 4, "Actual Rows": 45988, "Actual Loops": 2, "Filter": "(posthistorytypeid = 2)", "Rows Removed by Filter": 105606, "Workers": []}]}, {"Node Type": "Materialize", "Parent Relationship": "Inner", "Parallel Aware": false, "Async Capable": false, "Startup Cost": 1.21, "Total Cost": 15026.32, "Plan Rows": 1550207, "Plan Width": 12, "Actual Rows": 1241630, "Actual Loops": 2, "Workers": [], "Plans": [{"Node Type": "Merge Join", "Parent Relationship": "Outer", "Parallel Aware": false, "Async Capable": false, "Join Type": "Inner", "Startup Cost": 1.21, "Total Cost": 11150.81, "Plan Rows": 1550207, "Plan Width": 12, "Actual Rows": 186111, "Actual Loops": 2, "Inner Unique": false, "Merge Cond": "(u.id = b.userid)", "Workers": [], "Plans": [{"Node Type": "Merge Join", "Parent Relationship": "Outer", "Parallel Aware": false, "Async Capable": false, "Join Type": "Inner", "Startup Cost": 0.58, "Total Cost": 6890.46, "Plan Rows": 41576, "Plan Width": 8, "Actual Rows": 35758, "Actual Loops": 2, "Inner Unique": true, "Merge Cond": "(p.owneruserid = u.id)", "Workers": [], "Plans": [{"Node Type": "Index Scan", "Parent Relationship": "Outer", "Parallel Aware": false, "Async Capable": false, "Scan Direction": "Forward", "Index Name": "idx_posts_owneruserid", "Relation Name": "posts", "Alias": "p", "Startup Cost": 0.29, "Total Cost": 4783.49, "Plan Rows": 42751, "Plan Width": 4, "Actual Rows": 41964, "Actual Loops": 2, "Filter": "((score >= '-2'::integer) AND (viewcount >= 0) AND (viewcount <= 18281))", "Rows Removed by Filter": 48578, "Workers": []}, {"Node Type": "Index Scan", "Parent Relationship": "Inner", "Parallel Aware": false, "Async Capable": false, "Scan Direction": "Forward", "Index Name": "users_pkey", "Relation Name": "users", "Alias": "u", "Startup Cost": 0.29, "Total Cost": 1558.79, "Plan Rows": 39819, "Plan Width": 4, "Actual Rows": 39727, "Actual Loops": 2, "Filter": "((views >= 0) AND (views <= 75))", "Rows Removed by Filter": 506, "Workers": []}]}, {"Node Type": "Index Scan", "Parent Relationship": "Inner", "Parallel Aware": false, "Async Capable": false, "Scan Direction": "Forward", "Index Name": "idx_badges_userid", "Relation Name": "badges", "Alias": "b", "Startup Cost": 0.29, "Total Cost": 3064.97, "Plan Rows": 77323, "Plan Width": 4, "Actual Rows": 213230, "Actual Loops": 2, "Filter": "(date >= '2010-10-20 08:33:44'::timestamp without time zone)", "Rows Removed by Filter": 4777, "Workers": []}]}]}]}, {"Node Type": "Materialize", "Parent Relationship": "Inner", "Parallel Aware": false, "Async Capable": false, "Startup Cost": 0.29, "Total Cost": 9127.75, "Plan Rows": 173212, "Plan Width": 4, "Actual Rows": 43584904, "Actual Loops": 2, "Workers": [], "Plans": [{"Node Type": "Index Scan", "Parent Relationship": "Outer", "Parallel Aware": false, "Async Capable": false, "Scan Direction": "Forward", "Index Name": "idx_comments_userid", "Relation Name": "comments", "Alias": "c", "Startup Cost": 0.29, "Total Cost": 8694.72, "Plan Rows": 173212, "Plan Width": 4, "Actual Rows": 170435, "Actual Loops": 2, "Filter": "((creationdate >= '2010-07-31 05:18:59'::timestamp without time zone) AND (creationdate <= '2014-09-12 07:59:13'::timestamp without time zone))", "Rows Removed by Filter": 1101, "Workers": []}]}]}]}]}]}, "Planning Time": 4.85, "Triggers": [], "Execution Time": 6531.58}, {"Plan": {"Node Type": "Aggregate", "Strategy": "Plain", "Partial Mode": "Finalize", "Parallel Aware": false, "Async Capable": false, "Startup Cost": 1673039207.93, "Total Cost": 1673039207.94, "Plan Rows": 1, "Plan Width": 8, "Actual Rows": 1, "Actual Loops": 1, "Plans": [{"Node Type": "Gather", "Parent Relationship": "Outer", "Parallel Aware": false, "Async Capable": false, "Startup Cost": 1673039207.82, "Total Cost": 1673039207.93, "Plan Rows": 1, "Plan Width": 8, "Actual Rows": 2, "Actual Loops": 1, "Workers Planned": 1, "Workers Launched": 1, "Single Copy": false, "Plans": [{"Node Type": "Aggregate", "Strategy": "Plain", "Partial Mode": "Partial", "Parent Relationship": "Outer", "Parallel Aware": false, "Async Capable": false, "Startup Cost": 1673038207.82, "Total Cost": 1673038207.83, "Plan Rows": 1, "Plan Width": 8, "Actual Rows": 1, "Actual Loops": 2, "Workers": [], "Plans": [{"Node Type": "Merge Join", "Parent Relationship": "Outer", "Parallel Aware": false, "Async Capable": false, "Join Type": "Inner", "Startup Cost": 1037.13, "Total Cost": 211721350.73, "Plan Rows": 584526742836, "Plan Width": 0, "Actual Rows": 43457087, "Actual Loops": 2, "Inner Unique": false, "Merge Cond": "(u.id = b.userid)", "Workers": [], "Plans": [{"Node Type": "Merge Join", "Parent Relationship": "Outer", "Parallel Aware": false, "Async Capable": false, "Join Type": "Inner", "Startup Cost": 6.6, "Total Cost": 306089.44, "Plan Rows": 6762513804, "Plan Width": 16, "Actual Rows": 3098012, "Actual Loops": 2, "Inner Unique": false, "Merge Cond": "(c.userid = u.id)", "Workers": [], "Plans": [{"Node Type": "Index Scan", "Parent Relationship": "Outer", "Parallel Aware": true, "Async Capable": false, "Scan Direction": "Forward", "Index Name": "idx_comments_userid", "Relation Name": "comments", "Alias": "c", "Startup Cost": 0.29, "Total Cost": 7618.14, "Plan Rows": 101889, "Plan Width": 4, "Actual Rows": 85218, "Actual Loops": 2, "Filter": "((creationdate >= '2010-07-31 05:18:59'::timestamp without time zone) AND (creationdate <= '2014-09-12 07:59:13'::timestamp without time zone))", "Rows Removed by Filter": 550, "Workers": []}, {"Node Type": "Materialize", "Parent Relationship": "Inner", "Parallel Aware": false, "Async Capable": false, "Startup Cost": 1.0, "Total Cost": 38712.56, "Plan Rows": 7466426, "Plan Width": 12, "Actual Rows": 3221094, "Actual Loops": 2, "Workers": [], "Plans": [{"Node Type": "Merge Join", "Parent Relationship": "Outer", "Parallel Aware": false, "Async Capable": false, "Join Type": "Inner", "Startup Cost": 1.0, "Total Cost": 20046.49, "Plan Rows": 7466426, "Plan Width": 12, "Actual Rows": 235732, "Actual Loops": 2, "Inner Unique": false, "Merge Cond": "(u.id = ph.userid)", "Workers": [], "Plans": [{"Node Type": "Merge Join", "Parent Relationship": "Outer", "Parallel Aware": false, "Async Capable": false, "Join Type": "Inner", "Startup Cost": 0.58, "Total Cost": 6890.46, "Plan Rows": 41576, "Plan Width": 8, "Actual Rows": 35564, "Actual Loops": 2, "Inner Unique": true, "Merge Cond": "(p.owneruserid = u.id)", "Workers": [], "Plans": [{"Node Type": "Index Scan", "Parent Relationship": "Outer", "Parallel Aware": false, "Async Capable": false, "Scan Direction": "Forward", "Index Name": "idx_posts_owneruserid", "Relation Name": "posts", "Alias": "p", "Startup Cost": 0.29, "Total Cost": 4783.49, "Plan Rows": 42751, "Plan Width": 4, "Actual Rows": 41770, "Actual Loops": 2, "Filter": "((score >= '-2'::integer) AND (viewcount >= 0) AND (viewcount <= 18281))", "Rows Removed by Filter": 48520, "Workers": []}, {"Node Type": "Index Scan", "Parent Relationship": "Inner", "Parallel Aware": false, "Async Capable": false, "Scan Direction": "Forward", "Index Name": "users_pkey", "Relation Name": "users", "Alias": "u", "Startup Cost": 0.29, "Total Cost": 1558.79, "Plan Rows": 39819, "Plan Width": 4, "Actual Rows": 39259, "Actual Loops": 2, "Filter": "((views >= 0) AND (views <= 75))", "Rows Removed by Filter": 506, "Workers": []}]}, {"Node Type": "Index Scan", "Parent Relationship": "Inner", "Parallel Aware": false, "Async Capable": false, "Scan Direction": "Forward", "Index Name": "idx_posthistory_userid", "Relation Name": "posthistory", "Alias": "ph", "Startup Cost": 0.42, "Total Cost": 12849.99, "Plan Rows": 92042, "Plan Width": 4, "Actual Rows": 281998, "Actual Loops": 2, "Filter": "(posthistorytypeid = 2)", "Rows Removed by Filter": 635295, "Workers": []}]}]}]}, {"Node Type": "Materialize", "Parent Relationship": "Inner", "Parallel Aware": false, "Async Capable": false, "Startup Cost": 0.29, "Total Cost": 3258.28, "Plan Rows": 77323, "Plan Width": 4, "Actual Rows": 43513770, "Actual Loops": 2, "Workers": [], "Plans": [{"Node Type": "Index Scan", "Parent Relationship": "Outer", "Parallel Aware": false, "Async Capable": false, "Scan Direction": "Forward", "Index Name": "idx_badges_userid", "Relation Name": "badges", "Alias": "b", "Startup Cost": 0.29, "Total Cost": 3064.97, "Plan Rows": 77323, "Plan Width": 4, "Actual Rows": 76989, "Actual Loops": 2, "Filter": "(date >= '2010-10-20 08:33:44'::timestamp without time zone)", "Rows Removed by Filter": 2519, "Workers": []}]}]}]}]}]}, "Planning Time": 9.805, "Triggers": [], "Execution Time": 4464.124}, {"Plan": {"Node Type": "Aggregate", "Strategy": "Plain", "Partial Mode": "Finalize", "Parallel Aware": false, "Async Capable": false, "Startup Cost": 1626638489.8, "Total Cost": 1626638489.81, "Plan Rows": 1, "Plan Width": 8, "Plans": [{"Node Type": "Gather", "Parent Relationship": "Outer", "Parallel Aware": false, "Async Capable": false, "Startup Cost": 1626638489.69, "Total Cost": 1626638489.8, "Plan Rows": 1, "Plan Width": 8, "Workers Planned": 1, "Single Copy": false, "Plans": [{"Node Type": "Aggregate", "Strategy": "Plain", "Partial Mode": "Partial", "Parent Relationship": "Outer", "Parallel Aware": false, "Async Capable": false, "Startup Cost": 1626637489.69, "Total Cost": 1626637489.7, "Plan Rows": 1, "Plan Width": 8, "Plans": [{"Node Type": "Hash Join", "Parent Relationship": "Outer", "Parallel Aware": false, "Async Capable": false, "Join Type": "Inner", "Startup Cost": 3988.19, "Total Cost": 165320632.6, "Plan Rows": 584526742836, "Plan Width": 0, "Inner Unique": false, "Hash Cond": "(c.userid = u.id)", "Plans": [{"Node Type": "Nested Loop", "Parent Relationship": "Outer", "Parallel Aware": false, "Async Capable": false, "Join Type": "Inner", "Startup Cost": 1.03, "Total Cost": 827194.36, "Plan Rows": 6963626848, "Plan Width": 12, "Inner Unique": false, "Plans": [{"Node Type": "Nested Loop", "Parent Relationship": "Outer", "Parallel Aware": false, "Async Capable": false, "Join Type": "Inner", "Startup Cost": 0.72, "Total Cost": 21975.78, "Plan Rows": 4516176, "Plan Width": 8, "Inner Unique": false, "Plans": [{"Node Type": "Index Scan", "Parent Relationship": "Outer", "Parallel Aware": true, "Async Capable": false, "Scan Direction": "Forward", "Index Name": "idx_posthistory_userid", "Relation Name": "posthistory", "Alias": "ph", "Startup Cost": 0.42, "Total Cost": 11289.47, "Plan Rows": 54142, "Plan Width": 4, "Filter": "(posthistorytypeid = 2)"}, {"Node Type": "Memoize", "Parent Relationship": "Inner", "Parallel Aware": false, "Async Capable": false, "Startup Cost": 0.3, "Total Cost": 0.44, "Plan Rows": 2, "Plan Width": 4, "Cache Key": "ph.userid", "Cache Mode": "logical", "Plans": [{"Node Type": "Index Scan", "Parent Relationship": "Outer", "Parallel Aware": false, "Async Capable": false, "Scan Direction": "Forward", "Index Name": "idx_posts_owneruserid", "Relation Name": "posts", "Alias": "p", "Startup Cost": 0.29, "Total Cost": 0.43, "Plan Rows": 2, "Plan Width": 4, "Index Cond": "(owneruserid = ph.userid)", "Filter": "((score >= '-2'::integer) AND (viewcount >= 0) AND (viewcount <= 18281))"}]}]}, {"Node Type": "Memoize", "Parent Relationship": "Inner", "Parallel Aware": false, "Async Capable": false, "Startup Cost": 0.3, "Total Cost": 0.74, "Plan Rows": 13, "Plan Width": 4, "Cache Key": "p.owneruserid", "Cache Mode": "logical", "Plans": [{"Node Type": "Index Scan", "Parent Relationship": "Outer", "Parallel Aware": false, "Async Capable": false, "Scan Direction": "Forward", "Index Name": "idx_comments_userid", "Relation Name": "comments", "Alias": "c", "Startup Cost": 0.29, "Total Cost": 0.73, "Plan Rows": 13, "Plan Width": 4, "Index Cond": "(userid = p.owneruserid)", "Filter": "((creationdate >= '2010-07-31 05:18:59'::timestamp without time zone) AND (creationdate <= '2014-09-12 07:59:13'::timestamp without time zone))"}]}]}, {"Node Type": "Hash", "Parent Relationship": "Inner", "Parallel Aware": false, "Async Capable": false, "Startup Cost": 3032.75, "Total Cost": 3032.75, "Plan Rows": 76353, "Plan Width": 8, "Plans": [{"Node Type": "Hash Join", "Parent Relationship": "Outer", "Parallel Aware": false, "Async Capable": false, "Join Type": "Inner", "Startup Cost": 1399.61, "Total Cost": 3032.75, "Plan Rows": 76353, "Plan Width": 8, "Inner Unique": true, "Hash Cond": "(b.userid = u.id)", "Plans": [{"Node Type": "Seq Scan", "Parent Relationship": "Outer", "Parallel Aware": false, "Async Capable": false, "Relation Name": "badges", "Alias": "b", "Startup Cost": 0.0, "Total Cost": 1430.14, "Plan Rows": 77323, "Plan Width": 4, "Filter": "(date >= '2010-10-20 08:33:44'::timestamp without time zone)"}, {"Node Type": "Hash", "Parent Relationship": "Inner", "Parallel Aware": false, "Async Capable": false, "Startup Cost": 901.88, "Total Cost": 901.88, "Plan Rows": 39819, "Plan Width": 4, "Plans": [{"Node Type": "Seq Scan", "Parent Relationship": "Outer", "Parallel Aware": false, "Async Capable": false, "Relation Name": "users", "Alias": "u", "Startup Cost": 0.0, "Total Cost": 901.88, "Plan Rows": 39819, "Plan Width": 4, "Filter": "((views >= 0) AND (views <= 75))"}]}]}]}]}]}]}]}}, {"Plan": {"Node Type": "Aggregate", "Strategy": "Plain", "Partial Mode": "Simple", "Parallel Aware": false, "Async Capable": false, "Startup Cost": 2498285721.85, "Total Cost": 2498285721.86, "Plan Rows": 1, "Plan Width": 8, "Actual Rows": 1, "Actual Loops": 1, "Plans": [{"Node Type": "Hash Join", "Parent Relationship": "Outer", "Parallel Aware": false, "Async Capable": false, "Join Type": "Inner", "Startup Cost": 7916.27, "Total Cost": 14047064.8, "Plan Rows": 993695462822, "Plan Width": 0, "Actual Rows": 86914174, "Actual Loops": 1, "Inner Unique": false, "Hash Cond": "(p.owneruserid = u.id)", "Plans": [{"Node Type": "Nested Loop", "Parent Relationship": "Outer", "Parallel Aware": false, "Async Capable": false, "Join Type": "Inner", "Startup Cost": 0.73, "Total Cost": 131681.62, "Plan Rows": 286266332, "Plan Width": 12, "Actual Rows": 54439732, "Actual Loops": 1, "Inner Unique": false, "Plans": [{"Node Type": "Nested Loop", "Parent Relationship": "Outer", "Parallel Aware": false, "Async Capable": false, "Join Type": "Inner", "Startup Cost": 0.3, "Total Cost": 12848.54, "Plan Rows": 1594031, "Plan Width": 8, "Actual Rows": 430601, "Actual Loops": 1, "Inner Unique": false, "Plans": [{"Node Type": "Seq Scan", "Parent Relationship": "Outer", "Parallel Aware": false, "Async Capable": false, "Relation Name": "posts", "Alias": "p", "Startup Cost": 0.0, "Total Cost": 2449.58, "Plan Rows": 42751, "Plan Width": 4, "Actual Rows": 42735, "Actual Loops": 1, "Filter": "((score >= '-2'::integer) AND (viewcount >= 0) AND (viewcount <= 18281))", "Rows Removed by Filter": 49241}, {"Node Type": "Memoize", "Parent Relationship": "Inner", "Parallel Aware": false, "Async Capable": false, "Startup Cost": 0.3, "Total Cost": 0.42, "Plan Rows": 3, "Plan Width": 4, "Actual Rows": 10, "Actual Loops": 42735, "Cache Key": "p.owneruserid", "Cache Mode": "logical", "Cache Hits": 23929, "Cache Misses": 18806, "Cache Evictions": 0, "Cache Overflows": 0, "Peak Memory Usage": 3478, "Plans": [{"Node Type": "Index Scan", "Parent Relationship": "Outer", "Parallel Aware": false, "Async Capable": false, "Scan Direction": "Forward", "Index Name": "idx_badges_userid", "Relation Name": "badges", "Alias": "b", "Startup Cost": 0.29, "Total Cost": 0.41, "Plan Rows": 3, "Plan Width": 4, "Actual Rows": 3, "Actual Loops": 18806, "Index Cond": "(userid = p.owneruserid)", "Rows Removed by Index Recheck": 0, "Filter": "(date >= '2010-10-20 08:33:44'::timestamp without time zone)", "Rows Removed by Filter": 0}]}]}, {"Node Type": "Memoize", "Parent Relationship": "Inner", "Parallel Aware": false, "Async Capable": false, "Startup Cost": 0.43, "Total Cost": 0.95, "Plan Rows": 4, "Plan Width": 4, "Actual Rows": 126, "Actual Loops": 430601, "Cache Key": "p.owneruserid", "Cache Mode": "logical", "Cache Hits": 413756, "Cache Misses": 16845, "Cache Evictions": 0, "Cache Overflows": 0, "Peak Memory Usage": 3793, "Plans": [{"Node Type": "Index Scan", "Parent Relationship": "Outer", "Parallel Aware": false, "Async Capable": false, "Scan Direction": "Forward", "Index Name": "idx_posthistory_userid", "Relation Name": "posthistory", "Alias": "ph", "Startup Cost": 0.42, "Total Cost": 0.94, "Plan Rows": 4, "Plan Width": 4, "Actual Rows": 5, "Actual Loops": 16845, "Index Cond": "(userid = p.owneruserid)", "Rows Removed by Index Recheck": 0, "Filter": "(posthistorytypeid = 2)", "Rows Removed by Filter": 10}]}]}, {"Node Type": "Hash", "Parent Relationship": "Inner", "Parallel Aware": false, "Async Capable": false, "Startup Cost": 5812.91, "Total Cost": 5812.91, "Plan Rows": 168210, "Plan Width": 8, "Actual Rows": 62181, "Actual Loops": 1, "Hash Buckets": 262144, "Original Hash Buckets": 262144, "Hash Batches": 1, "Original Hash Batches": 1, "Peak Memory Usage": 4477, "Plans": [{"Node Type": "Hash Join", "Parent Relationship": "Outer", "Parallel Aware": false, "Async Capable": false, "Join Type": "Inner", "Startup Cost": 1399.61, "Total Cost": 5812.91, "Plan Rows": 168210, "Plan Width": 8, "Actual Rows": 62181, "Actual Loops": 1, "Inner Unique": true, "Hash Cond": "(c.userid = u.id)", "Plans": [{"Node Type": "Seq Scan", "Parent Relationship": "Outer", "Parallel Aware": false, "Async Capable": false, "Relation Name": "comments", "Alias": "c", "Startup Cost": 0.0, "Total Cost": 3958.57, "Plan Rows": 173212, "Plan Width": 4, "Actual Rows": 173183, "Actual Loops": 1, "Filter": "((creationdate >= '2010-07-31 05:18:59'::timestamp without time zone) AND (creationdate <= '2014-09-12 07:59:13'::timestamp without time zone))", "Rows Removed by Filter": 1122}, {"Node Type": "Hash", "Parent Relationship": "Inner", "Parallel Aware": false, "Async Capable": false, "Startup Cost": 901.88, "Total Cost": 901.88, "Plan Rows": 39819, "Plan Width": 4, "Actual Rows": 39819, "Actual Loops": 1, "Hash Buckets": 65536, "Original Hash Buckets": 65536, "Hash Batches": 1, "Original Hash Batches": 1, "Peak Memory Usage": 1912, "Plans": [{"Node Type": "Seq Scan", "Parent Relationship": "Outer", "Parallel Aware": false, "Async Capable": false, "Relation Name": "users", "Alias": "u", "Startup Cost": 0.0, "Total Cost": 901.88, "Plan Rows": 39819, "Plan Width": 4, "Actual Rows": 39819, "Actual Loops": 1, "Filter": "((views >= 0) AND (views <= 75))", "Rows Removed by Filter": 506}]}]}]}]}]}, "Planning Time": 4.911, "Triggers": [], "Execution Time": 9508.324}, {"Plan": {"Node Type": "Aggregate", "Strategy": "Plain", "Partial Mode": "Simple", "Parallel Aware": false, "Async Capable": false, "Startup Cost": 17502223641.03, "Total Cost": 17502223641.04, "Plan Rows": 1, "Plan Width": 8, "Plans": [{"Node Type": "Merge Join", "Parent Relationship": "Outer", "Parallel Aware": false, "Async Capable": false, "Join Type": "Inner", "Startup Cost": 1.75, "Total Cost": 15017984983.98, "Plan Rows": 993695462822, "Plan Width": 0, "Inner Unique": false, "Merge Cond": "(u.id = c.userid)", "Plans": [{"Node Type": "Index Scan", "Parent Relationship": "Outer", "Parallel Aware": false, "Async Capable": false, "Scan Direction": "Forward", "Index Name": "users_pkey", "Relation Name": "users", "Alias": "u", "Startup Cost": 0.29, "Total Cost": 1558.79, "Plan Rows": 39819, "Plan Width": 4, "Filter": "((views >= 0) AND (views <= 75))"}, {"Node Type": "Materialize", "Parent Relationship": "Inner", "Parallel Aware": false, "Async Capable": false, "Startup Cost": 1.33, "Total Cost": 2608363913.71, "Plan Rows": 1023247360921, "Plan Width": 16, "Plans": [{"Node Type": "Nested Loop", "Parent Relationship": "Outer", "Parallel Aware": false, "Async Capable": false, "Join Type": "Inner", "Startup Cost": 1.33, "Total Cost": 50245511.41, "Plan Rows": 1023247360921, "Plan Width": 16, "Inner Unique": false, "Plans": [{"Node Type": "Nested Loop", "Parent Relationship": "Outer", "Parallel Aware": false, "Async Capable": false, "Join Type": "Inner", "Startup Cost": 1.03, "Total Cost": 134015.53, "Plan Rows": 286266332, "Plan Width": 12, "Inner Unique": false, "Plans": [{"Node Type": "Nested Loop", "Parent Relationship": "Outer", "Parallel Aware": false, "Async Capable": false, "Join Type": "Inner", "Startup Cost": 0.59, "Total Cost": 15182.44, "Plan Rows": 1594031, "Plan Width": 8, "Inner Unique": false, "Plans": [{"Node Type": "Index Scan", "Parent Relationship": "Outer", "Parallel Aware": false, "Async Capable": false, "Scan Direction": "Forward", "Index Name": "idx_posts_owneruserid", "Relation Name": "posts", "Alias": "p", "Startup Cost": 0.29, "Total Cost": 4783.49, "Plan Rows": 42751, "Plan Width": 4, "Filter": "((score >= '-2'::integer) AND (viewcount >= 0) AND (viewcount <= 18281))"}, {"Node Type": "Memoize", "Parent Relationship": "Inner", "Parallel Aware": false, "Async Capable": false, "Startup Cost": 0.3, "Total Cost": 0.42, "Plan Rows": 3, "Plan Width": 4, "Cache Key": "p.owneruserid", "Cache Mode": "logical", "Plans": [{"Node Type": "Index Scan", "Parent Relationship": "Outer", "Parallel Aware": false, "Async Capable": false, "Scan Direction": "Forward", "Index Name": "idx_badges_userid", "Relation Name": "badges", "Alias": "b", "Startup Cost": 0.29, "Total Cost": 0.41, "Plan Rows": 3, "Plan Width": 4, "Index Cond": "(userid = p.owneruserid)", "Filter": "(date >= '2010-10-20 08:33:44'::timestamp without time zone)"}]}]}, {"Node Type": "Memoize", "Parent Relationship": "Inner", "Parallel Aware": false, "Async Capable": false, "Startup Cost": 0.43, "Total Cost": 0.95, "Plan Rows": 4, "Plan Width": 4, "Cache Key": "p.owneruserid", "Cache Mode": "logical", "Plans": [{"Node Type": "Index Scan", "Parent Relationship": "Outer", "Parallel Aware": false, "Async Capable": false, "Scan Direction": "Forward", "Index Name": "idx_posthistory_userid", "Relation Name": "posthistory", "Alias": "ph", "Startup Cost": 0.42, "Total Cost": 0.94, "Plan Rows": 4, "Plan Width": 4, "Index Cond": "(userid = p.owneruserid)", "Filter": "(posthistorytypeid = 2)"}]}]}, {"Node Type": "Memoize", "Parent Relationship": "Inner", "Parallel Aware": false, "Async Capable": false, "Startup Cost": 0.3, "Total Cost": 0.74, "Plan Rows": 13, "Plan Width": 4, "Cache Key": "p.owneruserid", "Cache Mode": "logical", "Plans": [{"Node Type": "Index Scan", "Parent Relationship": "Outer", "Parallel Aware": false, "Async Capable": false, "Scan Direction": "Forward", "Index Name": "idx_comments_userid", "Relation Name": "comments", "Alias": "c", "Startup Cost": 0.29, "Total Cost": 0.73, "Plan Rows": 13, "Plan Width": 4, "Index Cond": "(userid = p.owneruserid)", "Filter": "((creationdate >= '2010-07-31 05:18:59'::timestamp without time zone) AND (creationdate <= '2014-09-12 07:59:13'::timestamp without time zone))"}]}]}]}]}]}}, {"Plan": {"Node Type": "Aggregate", "Strategy": "Plain", "Partial Mode": "Finalize", "Parallel Aware": false, "Async Capable": false, "Startup Cost": 1532624347.4, "Total Cost": 1532624347.41, "Plan Rows": 1, "Plan Width": 8, "Actual Rows": 1, "Actual Loops": 1, "Plans": [{"Node Type": "Gather", "Parent Relationship": "Outer", "Parallel Aware": false, "Async Capable": false, "Startup Cost": 1532624347.29, "Total Cost": 1532624347.4, "Plan Rows": 1, "Plan Width": 8, "Actual Rows": 2, "Actual Loops": 1, "Workers Planned": 1, "Workers Launched": 1, "Single Copy": false, "Plans": [{"Node Type": "Aggregate", "Strategy": "Plain", "Partial Mode": "Partial", "Parent Relationship": "Outer", "Parallel Aware": false, "Async Capable": false, "Startup Cost": 1532623347.29, "Total Cost": 1532623347.3, "Plan Rows": 1, "Plan Width": 8, "Actual Rows": 1, "Actual Loops": 2, "Workers": [], "Plans": [{"Node Type": "Merge Join", "Parent Relationship": "Outer", "Parallel Aware": false, "Async Capable": false, "Join Type": "Inner", "Startup Cost": 5.41, "Total Cost": 71306490.2, "Plan Rows": 584526742836, "Plan Width": 0, "Actual Rows": 43457087, "Actual Loops": 2, "Inner Unique": false, "Merge Cond": "(u.id = p.owneruserid)", "Workers": [], "Plans": [{"Node Type": "Merge Join", "Parent Relationship": "Outer", "Parallel Aware": false, "Async Capable": false, "Join Type": "Inner", "Startup Cost": 5.12, "Total Cost": 187788.08, "Plan Rows": 3915592688, "Plan Width": 16, "Actual Rows": 3174504, "Actual Loops": 2, "Inner Unique": false, "Merge Cond": "(c.userid = u.id)", "Workers": [], "Plans": [{"Node Type": "Index Scan", "Parent Relationship": "Outer", "Parallel Aware": true, "Async Capable": false, "Scan Direction": "Forward", "Index Name": "idx_comments_userid", "Relation Name": "comments", "Alias": "c", "Startup Cost": 0.29, "Total Cost": 7618.14, "Plan Rows": 101889, "Plan Width": 4, "Actual Rows": 85218, "Actual Loops": 2, "Filter": "((creationdate >= '2010-07-31 05:18:59'::timestamp without time zone) AND (creationdate <= '2014-09-12 07:59:13'::timestamp without time zone))", "Rows Removed by Filter": 550, "Workers": []}, {"Node Type": "Materialize", "Parent Relationship": "Inner", "Parallel Aware": false, "Async Capable": false, "Startup Cost": 1.09, "Total Cost": 30945.49, "Plan Rows": 4287738, "Plan Width": 12, "Actual Rows": 3326736, "Actual Loops": 2, "Workers": [], "Plans": [{"Node Type": "Merge Join", "Parent Relationship": "Outer", "Parallel Aware": false, "Async Capable": false, "Join Type": "Inner", "Startup Cost": 1.09, "Total Cost": 20226.14, "Plan Rows": 4287738, "Plan Width": 12, "Actual Rows": 287751, "Actual Loops": 2, "Inner Unique": false, "Merge Cond": "(u.id = ph.userid)", "Workers": [], "Plans": [{"Node Type": "Merge Join", "Parent Relationship": "Outer", "Parallel Aware": false, "Async Capable": false, "Join Type": "Inner", "Startup Cost": 0.67, "Total Cost": 5680.1, "Plan Rows": 76353, "Plan Width": 8, "Actual Rows": 62198, "Actual Loops": 2, "Inner Unique": true, "Merge Cond": "(b.userid = u.id)", "Workers": [], "Plans": [{"Node Type": "Index Scan", "Parent Relationship": "Outer", "Parallel Aware": false, "Async Capable": false, "Scan Direction": "Forward", "Index Name": "idx_badges_userid", "Relation Name": "badges", "Alias": "b", "Startup Cost": 0.29, "Total Cost": 3064.97, "Plan Rows": 77323, "Plan Width": 4, "Actual Rows": 76990, "Actual Loops": 2, "Filter": "(date >= '2010-10-20 08:33:44'::timestamp without time zone)", "Rows Removed by Filter": 2519, "Workers": []}, {"Node Type": "Index Scan", "Parent Relationship": "Inner", "Parallel Aware": false, "Async Capable": false, "Scan Direction": "Forward", "Index Name": "users_pkey", "Relation Name": "users", "Alias": "u", "Startup Cost": 0.29, "Total Cost": 1558.79, "Plan Rows": 39819, "Plan Width": 4, "Actual Rows": 39260, "Actual Loops": 2, "Filter": "((views >= 0) AND (views <= 75))", "Rows Removed by Filter": 506, "Workers": []}]}, {"Node Type": "Materialize", "Parent Relationship": "Inner", "Parallel Aware": false, "Async Capable": false, "Startup Cost": 0.42, "Total Cost": 13080.1, "Plan Rows": 92042, "Plan Width": 4, "Actual Rows": 330406, "Actual Loops": 2, "Workers": [], "Plans": [{"Node Type": "Index Scan", "Parent Relationship": "Outer", "Parallel Aware": false, "Async Capable": false, "Scan Direction": "Forward", "Index Name": "idx_posthistory_userid", "Relation Name": "posthistory", "Alias": "ph", "Startup Cost": 0.42, "Total Cost": 12849.99, "Plan Rows": 92042, "Plan Width": 4, "Actual Rows": 90271, "Actual Loops": 2, "Filter": "(posthistorytypeid = 2)", "Rows Removed by Filter": 190705, "Workers": []}]}]}]}]}, {"Node Type": "Materialize", "Parent Relationship": "Inner", "Parallel Aware": false, "Async Capable": false, "Startup Cost": 0.29, "Total Cost": 4890.37, "Plan Rows": 42751, "Plan Width": 4, "Actual Rows": 43485241, "Actual Loops": 2, "Workers": [], "Plans": [{"Node Type": "Index Scan", "Parent Relationship": "Outer", "Parallel Aware": false, "Async Capable": false, "Scan Direction": "Forward", "Index Name": "idx_posts_owneruserid", "Relation Name": "posts", "Alias": "p", "Startup Cost": 0.29, "Total Cost": 4783.49, "Plan Rows": 42751, "Plan Width": 4, "Actual Rows": 41770, "Actual Loops": 2, "Filter": "((score >= '-2'::integer) AND (viewcount >= 0) AND (viewcount <= 18281))", "Rows Removed by Filter": 48520, "Workers": []}]}]}]}]}]}, "Planning Time": 10.136, "Triggers": [], "Execution Time": 5027.211}, {"Plan": {"Node Type": "Aggregate", "Strategy": "Plain", "Partial Mode": "Finalize", "Parallel Aware": false, "Async Capable": false, "Startup Cost": 1471963162.33, "Total Cost": 1471963162.34, "Plan Rows": 1, "Plan Width": 8, "Actual Rows": 1, "Actual Loops": 1, "Plans": [{"Node Type": "Gather", "Parent Relationship": "Outer", "Parallel Aware": false, "Async Capable": false, "Startup Cost": 1471963162.21, "Total Cost": 1471963162.32, "Plan Rows": 1, "Plan Width": 8, "Actual Rows": 2, "Actual Loops": 1, "Workers Planned": 1, "Workers Launched": 1, "Single Copy": false, "Plans": [{"Node Type": "Aggregate", "Strategy": "Plain", "Partial Mode": "Partial", "Parent Relationship": "Outer", "Parallel Aware": false, "Async Capable": false, "Startup Cost": 1471962162.21, "Total Cost": 1471962162.22, "Plan Rows": 1, "Plan Width": 8, "Actual Rows": 1, "Actual Loops": 2, "Workers": [], "Plans": [{"Node Type": "Hash Join", "Parent Relationship": "Outer", "Parallel Aware": true, "Async Capable": false, "Join Type": "Inner", "Startup Cost": 41208.73, "Total Cost": 10645305.12, "Plan Rows": 584526742836, "Plan Width": 0, "Actual Rows": 43457087, "Actual Loops": 2, "Inner Unique": false, "Hash Cond": "(c.userid = u.id)", "Workers": [], "Plans": [{"Node Type": "Nested Loop", "Parent Relationship": "Outer", "Parallel Aware": false, "Async Capable": false, "Join Type": "Inner", "Startup Cost": 0.3, "Total Cost": 12106.01, "Plan Rows": 15210235, "Plan Width": 8, "Actual Rows": 887052, "Actual Loops": 2, "Inner Unique": false, "Workers": [], "Plans": [{"Node Type": "Seq Scan", "Parent Relationship": "Outer", "Parallel Aware": true, "Async Capable": false, "Relation Name": "comments", "Alias": "c", "Startup Cost": 0.0, "Total Cost": 2881.99, "Plan Rows": 101889, "Plan Width": 4, "Actual Rows": 86592, "Actual Loops": 2, "Filter": "((creationdate >= '2010-07-31 05:18:59'::timestamp without time zone) AND (creationdate <= '2014-09-12 07:59:13'::timestamp without time zone))", "Rows Removed by Filter": 561, "Workers": []}, {"Node Type": "Memoize", "Parent Relationship": "Inner", "Parallel Aware": false, "Async Capable": false, "Startup Cost": 0.3, "Total Cost": 0.42, "Plan Rows": 2, "Plan Width": 4, "Actual Rows": 10, "Actual Loops": 173183, "Cache Key": "c.userid", "Cache Mode": "logical", "Cache Hits": 73546, "Cache Misses": 9163, "Cache Evictions": 0, "Cache Overflows": 0, "Peak Memory Usage": 1624, "Workers": [{"Worker Number": 0, "Cache Hits": 80828, "Cache Misses": 9646, "Cache Evictions": 0, "Cache Overflows": 0, "Peak Memory Usage": 1678}], "Plans": [{"Node Type": "Index Scan", "Parent Relationship": "Outer", "Parallel Aware": false, "Async Capable": false, "Scan Direction": "Forward", "Index Name": "idx_posts_owneruserid", "Relation Name": "posts", "Alias": "p", "Startup Cost": 0.29, "Total Cost": 0.41, "Plan Rows": 2, "Plan Width": 4, "Actual Rows": 3, "Actual Loops": 18809, "Index Cond": "(owneruserid = c.userid)", "Rows Removed by Index Recheck": 0, "Filter": "((score >= '-2'::integer) AND (viewcount >= 0) AND (viewcount <= 18281))", "Rows Removed by Filter": 5, "Workers": []}]}]}, {"Node Type": "Hash", "Parent Relationship": "Inner", "Parallel Aware": true, "Async Capable": false, "Startup Cost": 9680.94, "Total Cost": 9680.94, "Plan Rows": 2522199, "Plan Width": 12, "Actual Rows": 144081, "Actual Loops": 2, "Hash Buckets": 8388608, "Original Hash Buckets": 8388608, "Hash Batches": 1, "Original Hash Batches": 1, "Peak Memory Usage": 79104, "Workers": [], "Plans": [{"Node Type": "Hash Join", "Parent Relationship": "Outer", "Parallel Aware": false, "Async Capable": false, "Join Type": "Inner", "Startup Cost": 3987.16, "Total Cost": 9680.94, "Plan Rows": 2522199, "Plan Width": 12, "Actual Rows": 144081, "Actual Loops": 2, "Inner Unique": false, "Hash Cond": "(ph.userid = u.id)", "Workers": [], "Plans": [{"Node Type": "Seq Scan", "Parent Relationship": "Outer", "Parallel Aware": true, "Async Capable": false, "Relation Name": "posthistory", "Alias": "ph", "Startup Cost": 0.0, "Total Cost": 4469.32, "Plan Rows": 54142, "Plan Width": 4, "Actual Rows": 45988, "Actual Loops": 2, "Filter": "(posthistorytypeid = 2)", "Rows Removed by Filter": 105606, "Workers": []}, {"Node Type": "Hash", "Parent Relationship": "Inner", "Parallel Aware": false, "Async Capable": false, "Startup Cost": 3032.75, "Total Cost": 3032.75, "Plan Rows": 76353, "Plan Width": 8, "Actual Rows": 62539, "Actual Loops": 2, "Hash Buckets": 131072, "Original Hash Buckets": 131072, "Hash Batches": 1, "Original Hash Batches": 1, "Peak Memory Usage": 3467, "Workers": [], "Plans": [{"Node Type": "Hash Join", "Parent Relationship": "Outer", "Parallel Aware": false, "Async Capable": false, "Join Type": "Inner", "Startup Cost": 1399.61, "Total Cost": 3032.75, "Plan Rows": 76353, "Plan Width": 8, "Actual Rows": 62539, "Actual Loops": 2, "Inner Unique": true, "Hash Cond": "(b.userid = u.id)", "Workers": [], "Plans": [{"Node Type": "Seq Scan", "Parent Relationship": "Outer", "Parallel Aware": false, "Async Capable": false, "Relation Name": "badges", "Alias": "b", "Startup Cost": 0.0, "Total Cost": 1430.14, "Plan Rows": 77323, "Plan Width": 4, "Actual Rows": 77332, "Actual Loops": 2, "Filter": "(date >= '2010-10-20 08:33:44'::timestamp without time zone)", "Rows Removed by Filter": 2519, "Workers": []}, {"Node Type": "Hash", "Parent Relationship": "Inner", "Parallel Aware": false, "Async Capable": false, "Startup Cost": 901.88, "Total Cost": 901.88, "Plan Rows": 39819, "Plan Width": 4, "Actual Rows": 39819, "Actual Loops": 2, "Hash Buckets": 65536, "Original Hash Buckets": 65536, "Hash Batches": 1, "Original Hash Batches": 1, "Peak Memory Usage": 1912, "Workers": [], "Plans": [{"Node Type": "Seq Scan", "Parent Relationship": "Outer", "Parallel Aware": false, "Async Capable": false, "Relation Name": "users", "Alias": "u", "Startup Cost": 0.0, "Total Cost": 901.88, "Plan Rows": 39819, "Plan Width": 4, "Actual Rows": 39819, "Actual Loops": 2, "Filter": "((views >= 0) AND (views <= 75))", "Rows Removed by Filter": 506, "Workers": []}]}]}]}]}]}]}]}]}]}, "Planning Time": 5.037, "Triggers": [], "Execution Time": 3286.345}, {"Plan": {"Node Type": "Aggregate", "Strategy": "Plain", "Partial Mode": "Simple", "Parallel Aware": false, "Async Capable": false, "Startup Cost": 2529247935.19, "Total Cost": 2529247935.2, "Plan Rows": 1, "Plan Width": 8, "Actual Rows": 1, "Actual Loops": 1, "Plans": [{"Node Type": "Merge Join", "Parent Relationship": "Outer", "Parallel Aware": false, "Async Capable": false, "Join Type": "Inner", "Startup Cost": 3.14, "Total Cost": 45009278.14, "Plan Rows": 993695462822, "Plan Width": 0, "Actual Rows": 86914174, "Actual Loops": 1, "Inner Unique": false, "Merge Cond": "(u.id = c.userid)", "Plans": [{"Node Type": "Merge Join", "Parent Relationship": "Outer", "Parallel Aware": false, "Async Capable": false, "Join Type": "Inner", "Startup Cost": 1.21, "Total Cost": 11150.81, "Plan Rows": 1550207, "Plan Width": 12, "Actual Rows": 186109, "Actual Loops": 1, "Inner Unique": false, "Merge Cond": "(u.id = b.userid)", "Plans": [{"Node Type": "Merge Join", "Parent Relationship": "Outer", "Parallel Aware": false, "Async Capable": false, "Join Type": "Inner", "Startup Cost": 0.58, "Total Cost": 6890.46, "Plan Rows": 41576, "Plan Width": 8, "Actual Rows": 35757, "Actual Loops": 1, "Inner Unique": true, "Merge Cond": "(p.owneruserid = u.id)", "Plans": [{"Node Type": "Index Scan", "Parent Relationship": "Outer", "Parallel Aware": false, "Async Capable": false, "Scan Direction": "Forward", "Index Name": "idx_posts_owneruserid", "Relation Name": "posts", "Alias": "p", "Startup Cost": 0.29, "Total Cost": 4783.49, "Plan Rows": 42751, "Plan Width": 4, "Actual Rows": 41963, "Actual Loops": 1, "Filter": "((score >= '-2'::integer) AND (viewcount >= 0) AND (viewcount <= 18281))", "Rows Removed by Filter": 48578}, {"Node Type": "Index Scan", "Parent Relationship": "Inner", "Parallel Aware": false, "Async Capable": false, "Scan Direction": "Forward", "Index Name": "users_pkey", "Relation Name": "users", "Alias": "u", "Startup Cost": 0.29, "Total Cost": 1558.79, "Plan Rows": 39819, "Plan Width": 4, "Actual Rows": 39724, "Actual Loops": 1, "Filter": "((views >= 0) AND (views <= 75))", "Rows Removed by Filter": 506}]}, {"Node Type": "Index Scan", "Parent Relationship": "Inner", "Parallel Aware": false, "Async Capable": false, "Scan Direction": "Forward", "Index Name": "idx_badges_userid", "Relation Name": "badges", "Alias": "b", "Startup Cost": 0.29, "Total Cost": 3064.97, "Plan Rows": 77323, "Plan Width": 4, "Actual Rows": 213228, "Actual Loops": 1, "Filter": "(date >= '2010-10-20 08:33:44'::timestamp without time zone)", "Rows Removed by Filter": 4777}]}, {"Node Type": "Materialize", "Parent Relationship": "Inner", "Parallel Aware": false, "Async Capable": false, "Startup Cost": 0.73, "Total Cost": 227692.75, "Plan Rows": 79300794, "Plan Width": 8, "Actual Rows": 140857248, "Actual Loops": 1, "Plans": [{"Node Type": "Nested Loop", "Parent Relationship": "Outer", "Parallel Aware": false, "Async Capable": false, "Join Type": "Inner", "Startup Cost": 0.73, "Total Cost": 29440.76, "Plan Rows": 79300794, "Plan Width": 8, "Actual Rows": 54459286, "Actual Loops": 1, "Inner Unique": false, "Plans": [{"Node Type": "Index Scan", "Parent Relationship": "Outer", "Parallel Aware": false, "Async Capable": false, "Scan Direction": "Forward", "Index Name": "idx_comments_userid", "Relation Name": "comments", "Alias": "c", "Startup Cost": 0.29, "Total Cost": 8694.72, "Plan Rows": 173212, "Plan Width": 4, "Actual Rows": 173183, "Actual Loops": 1, "Filter": "((creationdate >= '2010-07-31 05:18:59'::timestamp without time zone) AND (creationdate <= '2014-09-12 07:59:13'::timestamp without time zone))", "Rows Removed by Filter": 1122}, {"Node Type": "Memoize", "Parent Relationship": "Inner", "Parallel Aware": false, "Async Capable": false, "Startup Cost": 0.43, "Total Cost": 0.77, "Plan Rows": 4, "Plan Width": 4, "Actual Rows": 314, "Actual Loops": 173183, "Cache Key": "c.userid", "Cache Mode": "logical", "Cache Hits": 159597, "Cache Misses": 13586, "Cache Evictions": 0, "Cache Overflows": 0, "Peak Memory Usage": 3669, "Plans": [{"Node Type": "Index Scan", "Parent Relationship": "Outer", "Parallel Aware": false, "Async Capable": false, "Scan Direction": "Forward", "Index Name": "idx_posthistory_userid", "Relation Name": "posthistory", "Alias": "ph", "Startup Cost": 0.42, "Total Cost": 0.76, "Plan Rows": 4, "Plan Width": 4, "Actual Rows": 6, "Actual Loops": 13586, "Index Cond": "(userid = c.userid)", "Rows Removed by Index Recheck": 0, "Filter": "(posthistorytypeid = 2)", "Rows Removed by Filter": 13}]}]}]}]}]}, "Planning Time": 4.904, "Triggers": [], "Execution Time": 17799.017}, {"Plan": {"Node Type": "Aggregate", "Strategy": "Plain", "Partial Mode": "Finalize", "Parallel Aware": false, "Async Capable": false, "Startup Cost": 1505266881.96, "Total Cost": 1505266881.97, "Plan Rows": 1, "Plan Width": 8, "Actual Rows": 1, "Actual Loops": 1, "Plans": [{"Node Type": "Gather", "Parent Relationship": "Outer", "Parallel Aware": false, "Async Capable": false, "Startup Cost": 1505266881.84, "Total Cost": 1505266881.95, "Plan Rows": 1, "Plan Width": 8, "Actual Rows": 2, "Actual Loops": 1, "Workers Planned": 1, "Workers Launched": 1, "Single Copy": false, "Plans": [{"Node Type": "Aggregate", "Strategy": "Plain", "Partial Mode": "Partial", "Parent Relationship": "Outer", "Parallel Aware": false, "Async Capable": false, "Startup Cost": 1505265881.84, "Total Cost": 1505265881.85, "Plan Rows": 1, "Plan Width": 8, "Actual Rows": 1, "Actual Loops": 2, "Workers": [], "Plans": [{"Node Type": "Merge Join", "Parent Relationship": "Outer", "Parallel Aware": false, "Async Capable": false, "Join Type": "Inner", "Startup Cost": 3.59, "Total Cost": 43949024.75, "Plan Rows": 584526742836, "Plan Width": 0, "Actual Rows": 43457087, "Actual Loops": 2, "Inner Unique": false, "Merge Cond": "(u.id = ph.userid)", "Workers": [], "Plans": [{"Node Type": "Merge Join", "Parent Relationship": "Outer", "Parallel Aware": false, "Async Capable": false, "Join Type": "Inner", "Startup Cost": 3.17, "Total Cost": 76675.21, "Plan Rows": 1276746944, "Plan Width": 16, "Actual Rows": 1830316, "Actual Loops": 2, "Inner Unique": false, "Merge Cond": "(c.userid = u.id)", "Workers": [], "Plans": [{"Node Type": "Index Scan", "Parent Relationship": "Outer", "Parallel Aware": true, "Async Capable": false, "Scan Direction": "Forward", "Index Name": "idx_comments_userid", "Relation Name": "comments", "Alias": "c", "Startup Cost": 0.29, "Total Cost": 7618.14, "Plan Rows": 101889, "Plan Width": 4, "Actual Rows": 85218, "Actual Loops": 2, "Filter": "((creationdate >= '2010-07-31 05:18:59'::timestamp without time zone) AND (creationdate <= '2014-09-12 07:59:13'::timestamp without time zone))", "Rows Removed by Filter": 550, "Workers": []}, {"Node Type": "Materialize", "Parent Relationship": "Inner", "Parallel Aware": false, "Async Capable": false, "Startup Cost": 1.21, "Total Cost": 15026.32, "Plan Rows": 1550207, "Plan Width": 12, "Actual Rows": 1929142, "Actual Loops": 2, "Workers": [], "Plans": [{"Node Type": "Merge Join", "Parent Relationship": "Outer", "Parallel Aware": false, "Async Capable": false, "Join Type": "Inner", "Startup Cost": 1.21, "Total Cost": 11150.81, "Plan Rows": 1550207, "Plan Width": 12, "Actual Rows": 185859, "Actual Loops": 2, "Inner Unique": false, "Merge Cond": "(u.id = b.userid)", "Workers": [], "Plans": [{"Node Type": "Merge Join", "Parent Relationship": "Outer", "Parallel Aware": false, "Async Capable": false, "Join Type": "Inner", "Startup Cost": 0.58, "Total Cost": 6890.46, "Plan Rows": 41576, "Plan Width": 8, "Actual Rows": 35565, "Actual Loops": 2, "Inner Unique": true, "Merge Cond": "(p.owneruserid = u.id)", "Workers": [], "Plans": [{"Node Type": "Index Scan", "Parent Relationship": "Outer", "Parallel Aware": false, "Async Capable": false, "Scan Direction": "Forward", "Index Name": "idx_posts_owneruserid", "Relation Name": "posts", "Alias": "p", "Startup Cost": 0.29, "Total Cost": 4783.49, "Plan Rows": 42751, "Plan Width": 4, "Actual Rows": 41771, "Actual Loops": 2, "Filter": "((score >= '-2'::integer) AND (viewcount >= 0) AND (viewcount <= 18281))", "Rows Removed by Filter": 48521, "Workers": []}, {"Node Type": "Index Scan", "Parent Relationship": "Inner", "Parallel Aware": false, "Async Capable": false, "Scan Direction": "Forward", "Index Name": "users_pkey", "Relation Name": "users", "Alias": "u", "Startup Cost": 0.29, "Total Cost": 1558.79, "Plan Rows": 39819, "Plan Width": 4, "Actual Rows": 39260, "Actual Loops": 2, "Filter": "((views >= 0) AND (views <= 75))", "Rows Removed by Filter": 506, "Workers": []}]}, {"Node Type": "Index Scan", "Parent Relationship": "Inner", "Parallel Aware": false, "Async Capable": false, "Scan Direction": "Forward", "Index Name": "idx_badges_userid", "Relation Name": "badges", "Alias": "b", "Startup Cost": 0.29, "Total Cost": 3064.97, "Plan Rows": 77323, "Plan Width": 4, "Actual Rows": 212873, "Actual Loops": 2, "Filter": "(date >= '2010-10-20 08:33:44'::timestamp without time zone)", "Rows Removed by Filter": 4777, "Workers": []}]}]}]}, {"Node Type": "Materialize", "Parent Relationship": "Inner", "Parallel Aware": false, "Async Capable": false, "Startup Cost": 0.42, "Total Cost": 13080.1, "Plan Rows": 92042, "Plan Width": 4, "Actual Rows": 43529722, "Actual Loops": 2, "Workers": [], "Plans": [{"Node Type": "Index Scan", "Parent Relationship": "Outer", "Parallel Aware": false, "Async Capable": false, "Scan Direction": "Forward", "Index Name": "idx_posthistory_userid", "Relation Name": "posthistory", "Alias": "ph", "Startup Cost": 0.42, "Total Cost": 12849.99, "Plan Rows": 92042, "Plan Width": 4, "Actual Rows": 90270, "Actual Loops": 2, "Filter": "(posthistorytypeid = 2)", "Rows Removed by Filter": 190704, "Workers": []}]}]}]}]}]}, "Planning Time": 10.235, "Triggers": [], "Execution Time": 4535.565}, {"Plan": {"Node Type": "Aggregate", "Strategy": "Plain", "Partial Mode": "Simple", "Parallel Aware": false, "Async Capable": false, "Startup Cost": 2525212341.05, "Total Cost": 2525212341.06, "Plan Rows": 1, "Plan Width": 8, "Actual Rows": 1, "Actual Loops": 1, "Plans": [{"Node Type": "Merge Join", "Parent Relationship": "Outer", "Parallel Aware": false, "Async Capable": false, "Join Type": "Inner", "Startup Cost": 2.15, "Total Cost": 40973683.99, "Plan Rows": 993695462822, "Plan Width": 0, "Actual Rows": 86914174, "Actual Loops": 1, "Inner Unique": false, "Merge Cond": "(u.id = p.owneruserid)", "Plans": [{"Node Type": "Merge Join", "Parent Relationship": "Outer", "Parallel Aware": false, "Async Capable": false, "Join Type": "Inner", "Startup Cost": 1.42, "Total Cost": 19245.71, "Plan Rows": 14539413, "Plan Width": 12, "Actual Rows": 427027, "Actual Loops": 1, "Inner Unique": false, "Merge Cond": "(u.id = c.userid)", "Plans": [{"Node Type": "Merge Join", "Parent Relationship": "Outer", "Parallel Aware": false, "Async Capable": false, "Join Type": "Inner", "Startup Cost": 0.67, "Total Cost": 5680.1, "Plan Rows": 76353, "Plan Width": 8, "Actual Rows": 62497, "Actual Loops": 1, "Inner Unique": true, "Merge Cond": "(b.userid = u.id)", "Plans": [{"Node Type": "Index Scan", "Parent Relationship": "Outer", "Parallel Aware": false, "Async Capable": false, "Scan Direction": "Forward", "Index Name": "idx_badges_userid", "Relation Name": "badges", "Alias": "b", "Startup Cost": 0.29, "Total Cost": 3064.97, "Plan Rows": 77323, "Plan Width": 4, "Actual Rows": 77290, "Actual Loops": 1, "Filter": "(date >= '2010-10-20 08:33:44'::timestamp without time zone)", "Rows Removed by Filter": 2519}, {"Node Type": "Index Scan", "Parent Relationship": "Inner", "Parallel Aware": false, "Async Capable": false, "Scan Direction": "Forward", "Index Name": "users_pkey", "Relation Name": "users", "Alias": "u", "Startup Cost": 0.29, "Total Cost": 1558.79, "Plan Rows": 39819, "Plan Width": 4, "Actual Rows": 39724, "Actual Loops": 1, "Filter": "((views >= 0) AND (views <= 75))", "Rows Removed by Filter": 506}]}, {"Node Type": "Materialize", "Parent Relationship": "Inner", "Parallel Aware": false, "Async Capable": false, "Startup Cost": 0.29, "Total Cost": 9127.75, "Plan Rows": 173212, "Plan Width": 4, "Actual Rows": 537265, "Actual Loops": 1, "Plans": [{"Node Type": "Index Scan", "Parent Relationship": "Outer", "Parallel Aware": false, "Async Capable": false, "Scan Direction": "Forward", "Index Name": "idx_comments_userid", "Relation Name": "comments", "Alias": "c", "Startup Cost": 0.29, "Total Cost": 8694.72, "Plan Rows": 173212, "Plan Width": 4, "Actual Rows": 170435, "Actual Loops": 1, "Filter": "((creationdate >= '2010-07-31 05:18:59'::timestamp without time zone) AND (creationdate <= '2014-09-12 07:59:13'::timestamp without time zone))", "Rows Removed by Filter": 1101}]}]}, {"Node Type": "Materialize", "Parent Relationship": "Inner", "Parallel Aware": false, "Async Capable": false, "Startup Cost": 0.72, "Total Cost": 44151.37, "Plan Rows": 7677500, "Plan Width": 8, "Actual Rows": 87592371, "Actual Loops": 1, "Plans": [{"Node Type": "Nested Loop", "Parent Relationship": "Outer", "Parallel Aware": false, "Async Capable": false, "Join Type": "Inner", "Startup Cost": 0.72, "Total Cost": 24957.62, "Plan Rows": 7677500, "Plan Width": 8, "Actual Rows": 902371, "Actual Loops": 1, "Inner Unique": false, "Plans": [{"Node Type": "Index Scan", "Parent Relationship": "Outer", "Parallel Aware": false, "Async Capable": false, "Scan Direction": "Forward", "Index Name": "idx_posthistory_userid", "Relation Name": "posthistory", "Alias": "ph", "Startup Cost": 0.42, "Total Cost": 12849.99, "Plan Rows": 92042, "Plan Width": 4, "Actual Rows": 90520, "Actual Loops": 1, "Filter": "(posthistorytypeid = 2)", "Rows Removed by Filter": 191192}, {"Node Type": "Memoize", "Parent Relationship": "Inner", "Parallel Aware": false, "Async Capable": false, "Startup Cost": 0.3, "Total Cost": 0.44, "Plan Rows": 2, "Plan Width": 4, "Actual Rows": 10, "Actual Loops": 90520, "Cache Key": "ph.userid", "Cache Mode": "logical", "Cache Hits": 68592, "Cache Misses": 21928, "Cache Evictions": 0, "Cache Overflows": 0, "Peak Memory Usage": 2931, "Plans": [{"Node Type": "Index Scan", "Parent Relationship": "Outer", "Parallel Aware": false, "Async Capable": false, "Scan Direction": "Forward", "Index Name": "idx_posts_owneruserid", "Relation Name": "posts", "Alias": "p", "Startup Cost": 0.29, "Total Cost": 0.43, "Plan Rows": 2, "Plan Width": 4, "Actual Rows": 2, "Actual Loops": 21928, "Index Cond": "(owneruserid = ph.userid)", "Rows Removed by Index Recheck": 0, "Filter": "((score >= '-2'::integer) AND (viewcount >= 0) AND (viewcount <= 18281))", "Rows Removed by Filter": 2}]}]}]}]}]}, "Planning Time": 4.944, "Triggers": [], "Execution Time": 7400.537}, {"Plan": {"Node Type": "Aggregate", "Strategy": "Plain", "Partial Mode": "Finalize", "Parallel Aware": false, "Async Capable": false, "Startup Cost": 1472061608.64, "Total Cost": 1472061608.65, "Plan Rows": 1, "Plan Width": 8, "Actual Rows": 1, "Actual Loops": 1, "Plans": [{"Node Type": "Gather", "Parent Relationship": "Outer", "Parallel Aware": false, "Async Capable": false, "Startup Cost": 1472061608.53, "Total Cost": 1472061608.64, "Plan Rows": 1, "Plan Width": 8, "Actual Rows": 2, "Actual Loops": 1, "Workers Planned": 1, "Workers Launched": 1, "Single Copy": false, "Plans": [{"Node Type": "Aggregate", "Strategy": "Plain", "Partial Mode": "Partial", "Parent Relationship": "Outer", "Parallel Aware": false, "Async Capable": false, "Startup Cost": 1472060608.53, "Total Cost": 1472060608.54, "Plan Rows": 1, "Plan Width": 8, "Actual Rows": 1, "Actual Loops": 2, "Workers": [], "Plans": [{"Node Type": "Hash Join", "Parent Relationship": "Outer", "Parallel Aware": true, "Async Capable": false, "Join Type": "Inner", "Startup Cost": 64573.3, "Total Cost": 10743751.44, "Plan Rows": 584526742836, "Plan Width": 0, "Actual Rows": 43457087, "Actual Loops": 2, "Inner Unique": false, "Hash Cond": "(c.userid = u.id)", "Workers": [], "Plans": [{"Node Type": "Nested Loop", "Parent Relationship": "Outer", "Parallel Aware": false, "Async Capable": false, "Join Type": "Inner", "Startup Cost": 0.3, "Total Cost": 12737.21, "Plan Rows": 8806945, "Plan Width": 8, "Actual Rows": 7680660, "Actual Loops": 2, "Inner Unique": false, "Workers": [], "Plans": [{"Node Type": "Seq Scan", "Parent Relationship": "Outer", "Parallel Aware": true, "Async Capable": false, "Relation Name": "comments", "Alias": "c", "Startup Cost": 0.0, "Total Cost": 2881.99, "Plan Rows": 101889, "Plan Width": 4, "Actual Rows": 86592, "Actual Loops": 2, "Filter": "((creationdate >= '2010-07-31 05:18:59'::timestamp without time zone) AND (creationdate <= '2014-09-12 07:59:13'::timestamp without time zone))", "Rows Removed by Filter": 561, "Workers": []}, {"Node Type": "Memoize", "Parent Relationship": "Inner", "Parallel Aware": false, "Async Capable": false, "Startup Cost": 0.3, "Total Cost": 0.38, "Plan Rows": 3, "Plan Width": 4, "Actual Rows": 89, "Actual Loops": 173183, "Cache Key": "c.userid", "Cache Mode": "logical", "Cache Hits": 78025, "Cache Misses": 9457, "Cache Evictions": 0, "Cache Overflows": 0, "Peak Memory Usage": 2381, "Workers": [{"Worker Number": 0, "Cache Hits": 76292, "Cache Misses": 9409, "Cache Evictions": 0, "Cache Overflows": 0, "Peak Memory Usage": 2361}], "Plans": [{"Node Type": "Index Scan", "Parent Relationship": "Outer", "Parallel Aware": false, "Async Capable": false, "Scan Direction": "Forward", "Index Name": "idx_badges_userid", "Relation Name": "badges", "Alias": "b", "Startup Cost": 0.29, "Total Cost": 0.37, "Plan Rows": 3, "Plan Width": 4, "Actual Rows": 5, "Actual Loops": 18866, "Index Cond": "(userid = c.userid)", "Rows Removed by Index Recheck": 0, "Filter": "(date >= '2010-10-20 08:33:44'::timestamp without time zone)", "Rows Removed by Filter": 0, "Workers": []}]}]}, {"Node Type": "Hash", "Parent Relationship": "Inner", "Parallel Aware": true, "Async Capable": false, "Startup Cost": 9672.81, "Total Cost": 9672.81, "Plan Rows": 4392015, "Plan Width": 12, "Actual Rows": 118035, "Actual Loops": 2, "Hash Buckets": 8388608, "Original Hash Buckets": 8388608, "Hash Batches": 1, "Original Hash Batches": 1, "Peak Memory Usage": 76672, "Workers": [], "Plans": [{"Node Type": "Hash Join", "Parent Relationship": "Outer", "Parallel Aware": false, "Async Capable": false, "Join Type": "Inner", "Startup Cost": 4481.12, "Total Cost": 9672.81, "Plan Rows": 4392015, "Plan Width": 12, "Actual Rows": 118035, "Actual Loops": 2, "Inner Unique": false, "Hash Cond": "(ph.userid = u.id)", "Workers": [], "Plans": [{"Node Type": "Seq Scan", "Parent Relationship": "Outer", "Parallel Aware": true, "Async Capable": false, "Relation Name": "posthistory", "Alias": "ph", "Startup Cost": 0.0, "Total Cost": 4469.32, "Plan Rows": 54142, "Plan Width": 4, "Actual Rows": 45988, "Actual Loops": 2, "Filter": "(posthistorytypeid = 2)", "Rows Removed by Filter": 105606, "Workers": []}, {"Node Type": "Hash", "Parent Relationship": "Inner", "Parallel Aware": false, "Async Capable": false, "Startup Cost": 3961.43, "Total Cost": 3961.43, "Plan Rows": 41576, "Plan Width": 8, "Actual Rows": 35799, "Actual Loops": 2, "Hash Buckets": 65536, "Original Hash Buckets": 65536, "Hash Batches": 1, "Original Hash Batches": 1, "Peak Memory Usage": 1911, "Workers": [], "Plans": [{"Node Type": "Hash Join", "Parent Relationship": "Outer", "Parallel Aware": false, "Async Capable": false, "Join Type": "Inner", "Startup Cost": 1399.61, "Total Cost": 3961.43, "Plan Rows": 41576, "Plan Width": 8, "Actual Rows": 35799, "Actual Loops": 2, "Inner Unique": true, "Hash Cond": "(p.owneruserid = u.id)", "Workers": [], "Plans": [{"Node Type": "Seq Scan", "Parent Relationship": "Outer", "Parallel Aware": false, "Async Capable": false, "Relation Name": "posts", "Alias": "p", "Startup Cost": 0.0, "Total Cost": 2449.58, "Plan Rows": 42751, "Plan Width": 4, "Actual Rows": 42735, "Actual Loops": 2, "Filter": "((score >= '-2'::integer) AND (viewcount >= 0) AND (viewcount <= 18281))", "Rows Removed by Filter": 49241, "Workers": []}, {"Node Type": "Hash", "Parent Relationship": "Inner", "Parallel Aware": false, "Async Capable": false, "Startup Cost": 901.88, "Total Cost": 901.88, "Plan Rows": 39819, "Plan Width": 4, "Actual Rows": 39819, "Actual Loops": 2, "Hash Buckets": 65536, "Original Hash Buckets": 65536, "Hash Batches": 1, "Original Hash Batches": 1, "Peak Memory Usage": 1912, "Workers": [], "Plans": [{"Node Type": "Seq Scan", "Parent Relationship": "Outer", "Parallel Aware": false, "Async Capable": false, "Relation Name": "users", "Alias": "u", "Startup Cost": 0.0, "Total Cost": 901.88, "Plan Rows": 39819, "Plan Width": 4, "Actual Rows": 39819, "Actual Loops": 2, "Filter": "((views >= 0) AND (views <= 75))", "Rows Removed by Filter": 506, "Workers": []}]}]}]}]}]}]}]}]}]}, "Planning Time": 5.029, "Triggers": [], "Execution Time": 3681.637}, {"Plan": {"Node Type": "Aggregate", "Strategy": "Plain", "Partial Mode": "Finalize", "Parallel Aware": false, "Async Capable": false, "Startup Cost": 1472226483.67, "Total Cost": 1472226483.68, "Plan Rows": 1, "Plan Width": 8, "Actual Rows": 1, "Actual Loops": 1, "Plans": [{"Node Type": "Gather", "Parent Relationship": "Outer", "Parallel Aware": false, "Async Capable": false, "Startup Cost": 1472226483.56, "Total Cost": 1472226483.67, "Plan Rows": 1, "Plan Width": 8, "Actual Rows": 2, "Actual Loops": 1, "Workers Planned": 1, "Workers Launched": 1, "Single Copy": false, "Plans": [{"Node Type": "Aggregate", "Strategy": "Plain", "Partial Mode": "Partial", "Parent Relationship": "Outer", "Parallel Aware": false, "Async Capable": false, "Startup Cost": 1472225483.56, "Total Cost": 1472225483.57, "Plan Rows": 1, "Plan Width": 8, "Actual Rows": 1, "Actual Loops": 2, "Workers": [], "Plans": [{"Node Type": "Hash Join", "Parent Relationship": "Outer", "Parallel Aware": true, "Async Capable": false, "Join Type": "Inner", "Startup Cost": 157944.64, "Total Cost": 10908626.47, "Plan Rows": 584526742836, "Plan Width": 0, "Actual Rows": 43457087, "Actual Loops": 2, "Inner Unique": false, "Hash Cond": "(p.owneruserid = u.id)", "Workers": [], "Plans": [{"Node Type": "Nested Loop", "Parent Relationship": "Outer", "Parallel Aware": false, "Async Capable": false, "Join Type": "Inner", "Startup Cost": 0.3, "Total Cost": 15155.62, "Plan Rows": 4516176, "Plan Width": 8, "Actual Rows": 451206, "Actual Loops": 2, "Inner Unique": false, "Workers": [], "Plans": [{"Node Type": "Seq Scan", "Parent Relationship": "Outer", "Parallel Aware": true, "Async Capable": false, "Relation Name": "posthistory", "Alias": "ph", "Startup Cost": 0.0, "Total Cost": 4469.32, "Plan Rows": 54142, "Plan Width": 4, "Actual Rows": 45988, "Actual Loops": 2, "Filter": "(posthistorytypeid = 2)", "Rows Removed by Filter": 105606, "Workers": []}, {"Node Type": "Memoize", "Parent Relationship": "Inner", "Parallel Aware": false, "Async Capable": false, "Startup Cost": 0.3, "Total Cost": 0.44, "Plan Rows": 2, "Plan Width": 4, "Actual Rows": 10, "Actual Loops": 91976, "Cache Key": "ph.userid", "Cache Mode": "logical", "Cache Hits": 28120, "Cache Misses": 12756, "Cache Evictions": 0, "Cache Overflows": 0, "Peak Memory Usage": 2004, "Workers": [{"Worker Number": 0, "Cache Hits": 36341, "Cache Misses": 14759, "Cache Evictions": 0, "Cache Overflows": 0, "Peak Memory Usage": 2215}], "Plans": [{"Node Type": "Index Scan", "Parent Relationship": "Outer", "Parallel Aware": false, "Async Capable": false, "Scan Direction": "Forward", "Index Name": "idx_posts_owneruserid", "Relation Name": "posts", "Alias": "p", "Startup Cost": 0.29, "Total Cost": 0.43, "Plan Rows": 2, "Plan Width": 4, "Actual Rows": 2, "Actual Loops": 27515, "Index Cond": "(owneruserid = ph.userid)", "Rows Removed by Index Recheck": 0, "Filter": "((score >= '-2'::integer) AND (viewcount >= 0) AND (viewcount <= 18281))", "Rows Removed by Filter": 3, "Workers": []}]}]}, {"Node Type": "Hash", "Parent Relationship": "Inner", "Parallel Aware": true, "Async Capable": false, "Startup Cost": 9275.89, "Total Cost": 9275.89, "Plan Rows": 8552596, "Plan Width": 12, "Actual Rows": 213514, "Actual Loops": 2, "Hash Buckets": 8388608, "Original Hash Buckets": 8388608, "Hash Batches": 4, "Original Hash Batches": 4, "Peak Memory Usage": 71072, "Workers": [], "Plans": [{"Node Type": "Hash Join", "Parent Relationship": "Outer", "Parallel Aware": false, "Async Capable": false, "Join Type": "Inner", "Startup Cost": 3987.16, "Total Cost": 9275.89, "Plan Rows": 8552596, "Plan Width": 12, "Actual Rows": 213514, "Actual Loops": 2, "Inner Unique": false, "Hash Cond": "(c.userid = u.id)", "Workers": [], "Plans": [{"Node Type": "Seq Scan", "Parent Relationship": "Outer", "Parallel Aware": true, "Async Capable": false, "Relation Name": "comments", "Alias": "c", "Startup Cost": 0.0, "Total Cost": 2881.99, "Plan Rows": 101889, "Plan Width": 4, "Actual Rows": 86592, "Actual Loops": 2, "Filter": "((creationdate >= '2010-07-31 05:18:59'::timestamp without time zone) AND (creationdate <= '2014-09-12 07:59:13'::timestamp without time zone))", "Rows Removed by Filter": 561, "Workers": []}, {"Node Type": "Hash", "Parent Relationship": "Inner", "Parallel Aware": false, "Async Capable": false, "Startup Cost": 3032.75, "Total Cost": 3032.75, "Plan Rows": 76353, "Plan Width": 8, "Actual Rows": 62539, "Actual Loops": 2, "Hash Buckets": 131072, "Original Hash Buckets": 131072, "Hash Batches": 1, "Original Hash Batches": 1, "Peak Memory Usage": 3467, "Workers": [], "Plans": [{"Node Type": "Hash Join", "Parent Relationship": "Outer", "Parallel Aware": false, "Async Capable": false, "Join Type": "Inner", "Startup Cost": 1399.61, "Total Cost": 3032.75, "Plan Rows": 76353, "Plan Width": 8, "Actual Rows": 62539, "Actual Loops": 2, "Inner Unique": true, "Hash Cond": "(b.userid = u.id)", "Workers": [], "Plans": [{"Node Type": "Seq Scan", "Parent Relationship": "Outer", "Parallel Aware": false, "Async Capable": false, "Relation Name": "badges", "Alias": "b", "Startup Cost": 0.0, "Total Cost": 1430.14, "Plan Rows": 77323, "Plan Width": 4, "Actual Rows": 77332, "Actual Loops": 2, "Filter": "(date >= '2010-10-20 08:33:44'::timestamp without time zone)", "Rows Removed by Filter": 2519, "Workers": []}, {"Node Type": "Hash", "Parent Relationship": "Inner", "Parallel Aware": false, "Async Capable": false, "Startup Cost": 901.88, "Total Cost": 901.88, "Plan Rows": 39819, "Plan Width": 4, "Actual Rows": 39819, "Actual Loops": 2, "Hash Buckets": 65536, "Original Hash Buckets": 65536, "Hash Batches": 1, "Original Hash Batches": 1, "Peak Memory Usage": 1912, "Workers": [], "Plans": [{"Node Type": "Seq Scan", "Parent Relationship": "Outer", "Parallel Aware": false, "Async Capable": false, "Relation Name": "users", "Alias": "u", "Startup Cost": 0.0, "Total Cost": 901.88, "Plan Rows": 39819, "Plan Width": 4, "Actual Rows": 39819, "Actual Loops": 2, "Filter": "((views >= 0) AND (views <= 75))", "Rows Removed by Filter": 506, "Workers": []}]}]}]}]}]}]}]}]}]}, "Planning Time": 4.946, "Triggers": [], "Execution Time": 3310.651}, {"Plan": {"Node Type": "Aggregate", "Strategy": "Plain", "Partial Mode": "Simple", "Parallel Aware": false, "Async Capable": false, "Startup Cost": 2524846664.5, "Total Cost": 2524846664.51, "Plan Rows": 1, "Plan Width": 8, "Actual Rows": 1, "Actual Loops": 1, "Plans": [{"Node Type": "Merge Join", "Parent Relationship": "Outer", "Parallel Aware": false, "Async Capable": false, "Join Type": "Inner", "Startup Cost": 4.15, "Total Cost": 40608007.45, "Plan Rows": 993695462822, "Plan Width": 0, "Actual Rows": 86914174, "Actual Loops": 1, "Inner Unique": false, "Merge Cond": "(u.id = c.userid)", "Plans": [{"Node Type": "Merge Join", "Parent Relationship": "Outer", "Parallel Aware": false, "Async Capable": false, "Join Type": "Inner", "Startup Cost": 1.09, "Total Cost": 20226.14, "Plan Rows": 4287738, "Plan Width": 12, "Actual Rows": 288131, "Actual Loops": 1, "Inner Unique": false, "Merge Cond": "(u.id = ph.userid)", "Plans": [{"Node Type": "Merge Join", "Parent Relationship": "Outer", "Parallel Aware": false, "Async Capable": false, "Join Type": "Inner", "Startup Cost": 0.67, "Total Cost": 5680.1, "Plan Rows": 76353, "Plan Width": 8, "Actual Rows": 62497, "Actual Loops": 1, "Inner Unique": true, "Merge Cond": "(b.userid = u.id)", "Plans": [{"Node Type": "Index Scan", "Parent Relationship": "Outer", "Parallel Aware": false, "Async Capable": false, "Scan Direction": "Forward", "Index Name": "idx_badges_userid", "Relation Name": "badges", "Alias": "b", "Startup Cost": 0.29, "Total Cost": 3064.97, "Plan Rows": 77323, "Plan Width": 4, "Actual Rows": 77290, "Actual Loops": 1, "Filter": "(date >= '2010-10-20 08:33:44'::timestamp without time zone)", "Rows Removed by Filter": 2519}, {"Node Type": "Index Scan", "Parent Relationship": "Inner", "Parallel Aware": false, "Async Capable": false, "Scan Direction": "Forward", "Index Name": "users_pkey", "Relation Name": "users", "Alias": "u", "Startup Cost": 0.29, "Total Cost": 1558.79, "Plan Rows": 39819, "Plan Width": 4, "Actual Rows": 39724, "Actual Loops": 1, "Filter": "((views >= 0) AND (views <= 75))", "Rows Removed by Filter": 506}]}, {"Node Type": "Materialize", "Parent Relationship": "Inner", "Parallel Aware": false, "Async Capable": false, "Startup Cost": 0.42, "Total Cost": 13080.1, "Plan Rows": 92042, "Plan Width": 4, "Actual Rows": 330854, "Actual Loops": 1, "Plans": [{"Node Type": "Index Scan", "Parent Relationship": "Outer", "Parallel Aware": false, "Async Capable": false, "Scan Direction": "Forward", "Index Name": "idx_posthistory_userid", "Relation Name": "posthistory", "Alias": "ph", "Startup Cost": 0.42, "Total Cost": 12849.99, "Plan Rows": 92042, "Plan Width": 4, "Actual Rows": 90520, "Actual Loops": 1, "Filter": "(posthistorytypeid = 2)", "Rows Removed by Filter": 191192}]}]}, {"Node Type": "Materialize", "Parent Relationship": "Inner", "Parallel Aware": false, "Async Capable": false, "Startup Cost": 0.6, "Total Cost": 85236.88, "Plan Rows": 25857400, "Plan Width": 8, "Actual Rows": 88357877, "Actual Loops": 1, "Plans": [{"Node Type": "Nested Loop", "Parent Relationship": "Outer", "Parallel Aware": false, "Async Capable": false, "Join Type": "Inner", "Startup Cost": 0.6, "Total Cost": 20593.38, "Plan Rows": 25857400, "Plan Width": 8, "Actual Rows": 1774105, "Actual Loops": 1, "Inner Unique": false, "Plans": [{"Node Type": "Index Scan", "Parent Relationship": "Outer", "Parallel Aware": false, "Async Capable": false, "Scan Direction": "Forward", "Index Name": "idx_comments_userid", "Relation Name": "comments", "Alias": "c", "Startup Cost": 0.29, "Total Cost": 8694.72, "Plan Rows": 173212, "Plan Width": 4, "Actual Rows": 173183, "Actual Loops": 1, "Filter": "((creationdate >= '2010-07-31 05:18:59'::timestamp without time zone) AND (creationdate <= '2014-09-12 07:59:13'::timestamp without time zone))", "Rows Removed by Filter": 1122}, {"Node Type": "Memoize", "Parent Relationship": "Inner", "Parallel Aware": false, "Async Capable": false, "Startup Cost": 0.3, "Total Cost": 0.42, "Plan Rows": 2, "Plan Width": 4, "Actual Rows": 10, "Actual Loops": 173183, "Cache Key": "c.userid", "Cache Mode": "logical", "Cache Hits": 159597, "Cache Misses": 13586, "Cache Evictions": 0, "Cache Overflows": 0, "Peak Memory Usage": 2111, "Plans": [{"Node Type": "Index Scan", "Parent Relationship": "Outer", "Parallel Aware": false, "Async Capable": false, "Scan Direction": "Forward", "Index Name": "idx_posts_owneruserid", "Relation Name": "posts", "Alias": "p", "Startup Cost": 0.29, "Total Cost": 0.41, "Plan Rows": 2, "Plan Width": 4, "Actual Rows": 3, "Actual Loops": 13586, "Index Cond": "(owneruserid = c.userid)", "Rows Removed by Index Recheck": 0, "Filter": "((score >= '-2'::integer) AND (viewcount >= 0) AND (viewcount <= 18281))", "Rows Removed by Filter": 3}]}]}]}]}]}, "Planning Time": 4.912, "Triggers": [], "Execution Time": 7547.278}, {"Plan": {"Node Type": "Aggregate", "Strategy": "Plain", "Partial Mode": "Finalize", "Parallel Aware": false, "Async Capable": false, "Startup Cost": 1469610417.87, "Total Cost": 1469610417.88, "Plan Rows": 1, "Plan Width": 8, "Actual Rows": 1, "Actual Loops": 1, "Plans": [{"Node Type": "Gather", "Parent Relationship": "Outer", "Parallel Aware": false, "Async Capable": false, "Startup Cost": 1469610417.76, "Total Cost": 1469610417.87, "Plan Rows": 1, "Plan Width": 8, "Actual Rows": 2, "Actual Loops": 1, "Workers Planned": 1, "Workers Launched": 1, "Single Copy": false, "Plans": [{"Node Type": "Aggregate", "Strategy": "Plain", "Partial Mode": "Partial", "Parent Relationship": "Outer", "Parallel Aware": false, "Async Capable": false, "Startup Cost": 1469609417.76, "Total Cost": 1469609417.77, "Plan Rows": 1, "Plan Width": 8, "Actual Rows": 1, "Actual Loops": 2, "Workers": [], "Plans": [{"Node Type": "Hash Join", "Parent Relationship": "Outer", "Parallel Aware": true, "Async Capable": false, "Join Type": "Inner", "Startup Cost": 2895827.63, "Total Cost": 8292560.67, "Plan Rows": 584526742836, "Plan Width": 0, "Actual Rows": 43457087, "Actual Loops": 2, "Inner Unique": false, "Hash Cond": "(c.userid = u.id)", "Workers": [], "Plans": [{"Node Type": "Seq Scan", "Parent Relationship": "Outer", "Parallel Aware": true, "Async Capable": false, "Relation Name": "comments", "Alias": "c", "Startup Cost": 0.0, "Total Cost": 2881.99, "Plan Rows": 101889, "Plan Width": 4, "Actual Rows": 86592, "Actual Loops": 2, "Filter": "((creationdate >= '2010-07-31 05:18:59'::timestamp without time zone) AND (creationdate <= '2014-09-12 07:59:13'::timestamp without time zone))", "Rows Removed by Filter": 561, "Workers": []}, {"Node Type": "Hash", "Parent Relationship": "Inner", "Parallel Aware": true, "Async Capable": false, "Startup Cost": 49175.13, "Total Cost": 49175.13, "Plan Rows": 163762440, "Plan Width": 16, "Actual Rows": 1209216, "Actual Loops": 2, "Hash Buckets": 8388608, "Original Hash Buckets": 8388608, "Hash Batches": 64, "Original Hash Batches": 64, "Peak Memory Usage": 72096, "Workers": [], "Plans": [{"Node Type": "Merge Join", "Parent Relationship": "Outer", "Parallel Aware": false, "Async Capable": false, "Join Type": "Inner", "Startup Cost": 8727.3, "Total Cost": 49175.13, "Plan Rows": 163762440, "Plan Width": 16, "Actual Rows": 1209216, "Actual Loops": 2, "Inner Unique": false, "Merge Cond": "(ph.userid = u.id)", "Workers": [], "Plans": [{"Node Type": "Sort", "Parent Relationship": "Outer", "Parallel Aware": false, "Async Capable": false, "Startup Cost": 8726.08, "Total Cost": 8861.44, "Plan Rows": 54142, "Plan Width": 4, "Actual Rows": 45282, "Actual Loops": 2, "Sort Key": ["ph.userid"], "Sort Method": "quicksort", "Sort Space Used": 3073, "Sort Space Type": "Memory", "Workers": [{"Worker Number": 0, "Sort Method": "quicksort", "Sort Space Used": 769, "Sort Space Type": "Memory"}], "Plans": [{"Node Type": "Seq Scan", "Parent Relationship": "Outer", "Parallel Aware": true, "Async Capable": false, "Relation Name": "posthistory", "Alias": "ph", "Startup Cost": 0.0, "Total Cost": 4469.32, "Plan Rows": 54142, "Plan Width": 4, "Actual Rows": 45988, "Actual Loops": 2, "Filter": "(posthistorytypeid = 2)", "Rows Removed by Filter": 105606, "Workers": []}]}, {"Node Type": "Materialize", "Parent Relationship": "Inner", "Parallel Aware": false, "Async Capable": false, "Startup Cost": 1.21, "Total Cost": 15026.32, "Plan Rows": 1550207, "Plan Width": 12, "Actual Rows": 1230596, "Actual Loops": 2, "Workers": [], "Plans": [{"Node Type": "Merge Join", "Parent Relationship": "Outer", "Parallel Aware": false, "Async Capable": false, "Join Type": "Inner", "Startup Cost": 1.21, "Total Cost": 11150.81, "Plan Rows": 1550207, "Plan Width": 12, "Actual Rows": 186140, "Actual Loops": 2, "Inner Unique": false, "Merge Cond": "(u.id = b.userid)", "Workers": [], "Plans": [{"Node Type": "Merge Join", "Parent Relationship": "Outer", "Parallel Aware": false, "Async Capable": false, "Join Type": "Inner", "Startup Cost": 0.58, "Total Cost": 6890.46, "Plan Rows": 41576, "Plan Width": 8, "Actual Rows": 35799, "Actual Loops": 2, "Inner Unique": true, "Merge Cond": "(p.owneruserid = u.id)", "Workers": [], "Plans": [{"Node Type": "Index Scan", "Parent Relationship": "Outer", "Parallel Aware": false, "Async Capable": false, "Scan Direction": "Forward", "Index Name": "idx_posts_owneruserid", "Relation Name": "posts", "Alias": "p", "Startup Cost": 0.29, "Total Cost": 4783.49, "Plan Rows": 42751, "Plan Width": 4, "Actual Rows": 42006, "Actual Loops": 2, "Filter": "((score >= '-2'::integer) AND (viewcount >= 0) AND (viewcount <= 18281))", "Rows Removed by Filter": 48579, "Workers": []}, {"Node Type": "Index Scan", "Parent Relationship": "Inner", "Parallel Aware": false, "Async Capable": false, "Scan Direction": "Forward", "Index Name": "users_pkey", "Relation Name": "users", "Alias": "u", "Startup Cost": 0.29, "Total Cost": 1558.79, "Plan Rows": 39819, "Plan Width": 4, "Actual Rows": 39818, "Actual Loops": 2, "Filter": "((views >= 0) AND (views <= 75))", "Rows Removed by Filter": 506, "Workers": []}]}, {"Node Type": "Index Scan", "Parent Relationship": "Inner", "Parallel Aware": false, "Async Capable": false, "Scan Direction": "Forward", "Index Name": "idx_badges_userid", "Relation Name": "badges", "Alias": "b", "Startup Cost": 0.29, "Total Cost": 3064.97, "Plan Rows": 77323, "Plan Width": 4, "Actual Rows": 213270, "Actual Loops": 2, "Filter": "(date >= '2010-10-20 08:33:44'::timestamp without time zone)", "Rows Removed by Filter": 4777, "Workers": []}]}]}]}]}]}]}]}]}, "Planning Time": 9.26, "Triggers": [], "Execution Time": 4219.65}, {"Plan": {"Node Type": "Aggregate", "Strategy": "Plain", "Partial Mode": "Simple", "Parallel Aware": false, "Async Capable": false, "Startup Cost": 2525191970.94, "Total Cost": 2525191970.95, "Plan Rows": 1, "Plan Width": 8, "Actual Rows": 1, "Actual Loops": 1, "Plans": [{"Node Type": "Merge Join", "Parent Relationship": "Outer", "Parallel Aware": false, "Async Capable": false, "Join Type": "Inner", "Startup Cost": 4.69, "Total Cost": 40953313.89, "Plan Rows": 993695462822, "Plan Width": 0, "Actual Rows": 86914174, "Actual Loops": 1, "Inner Unique": false, "Merge Cond": "(u.id = c.userid)", "Plans": [{"Node Type": "Merge Join", "Parent Relationship": "Outer", "Parallel Aware": false, "Async Capable": false, "Join Type": "Inner", "Startup Cost": 1.0, "Total Cost": 20046.49, "Plan Rows": 7466426, "Plan Width": 12, "Actual Rows": 236028, "Actual Loops": 1, "Inner Unique": false, "Merge Cond": "(u.id = ph.userid)", "Plans": [{"Node Type": "Merge Join", "Parent Relationship": "Outer", "Parallel Aware": false, "Async Capable": false, "Join Type": "Inner", "Startup Cost": 0.58, "Total Cost": 6890.46, "Plan Rows": 41576, "Plan Width": 8, "Actual Rows": 35757, "Actual Loops": 1, "Inner Unique": true, "Merge Cond": "(p.owneruserid = u.id)", "Plans": [{"Node Type": "Index Scan", "Parent Relationship": "Outer", "Parallel Aware": false, "Async Capable": false, "Scan Direction": "Forward", "Index Name": "idx_posts_owneruserid", "Relation Name": "posts", "Alias": "p", "Startup Cost": 0.29, "Total Cost": 4783.49, "Plan Rows": 42751, "Plan Width": 4, "Actual Rows": 41963, "Actual Loops": 1, "Filter": "((score >= '-2'::integer) AND (viewcount >= 0) AND (viewcount <= 18281))", "Rows Removed by Filter": 48578}, {"Node Type": "Index Scan", "Parent Relationship": "Inner", "Parallel Aware": false, "Async Capable": false, "Scan Direction": "Forward", "Index Name": "users_pkey", "Relation Name": "users", "Alias": "u", "Startup Cost": 0.29, "Total Cost": 1558.79, "Plan Rows": 39819, "Plan Width": 4, "Actual Rows": 39724, "Actual Loops": 1, "Filter": "((views >= 0) AND (views <= 75))", "Rows Removed by Filter": 506}]}, {"Node Type": "Index Scan", "Parent Relationship": "Inner", "Parallel Aware": false, "Async Capable": false, "Scan Direction": "Forward", "Index Name": "idx_posthistory_userid", "Relation Name": "posthistory", "Alias": "ph", "Startup Cost": 0.42, "Total Cost": 12849.99, "Plan Rows": 92042, "Plan Width": 4, "Actual Rows": 282341, "Actual Loops": 1, "Filter": "(posthistorytypeid = 2)", "Rows Removed by Filter": 635978}]}, {"Node Type": "Materialize", "Parent Relationship": "Inner", "Parallel Aware": false, "Async Capable": false, "Startup Cost": 0.6, "Total Cost": 59545.63, "Plan Rows": 14971806, "Plan Width": 8, "Actual Rows": 101875456, "Actual Loops": 1, "Plans": [{"Node Type": "Nested Loop", "Parent Relationship": "Outer", "Parallel Aware": false, "Async Capable": false, "Join Type": "Inner", "Startup Cost": 0.6, "Total Cost": 22116.11, "Plan Rows": 14971806, "Plan Width": 8, "Actual Rows": 15361320, "Actual Loops": 1, "Inner Unique": false, "Plans": [{"Node Type": "Index Scan", "Parent Relationship": "Outer", "Parallel Aware": false, "Async Capable": false, "Scan Direction": "Forward", "Index Name": "idx_comments_userid", "Relation Name": "comments", "Alias": "c", "Startup Cost": 0.29, "Total Cost": 8694.72, "Plan Rows": 173212, "Plan Width": 4, "Actual Rows": 173183, "Actual Loops": 1, "Filter": "((creationdate >= '2010-07-31 05:18:59'::timestamp without time zone) AND (creationdate <= '2014-09-12 07:59:13'::timestamp without time zone))", "Rows Removed by Filter": 1122}, {"Node Type": "Memoize", "Parent Relationship": "Inner", "Parallel Aware": false, "Async Capable": false, "Startup Cost": 0.3, "Total Cost": 0.38, "Plan Rows": 3, "Plan Width": 4, "Actual Rows": 89, "Actual Loops": 173183, "Cache Key": "c.userid", "Cache Mode": "logical", "Cache Hits": 159597, "Cache Misses": 13586, "Cache Evictions": 0, "Cache Overflows": 0, "Peak Memory Usage": 2965, "Plans": [{"Node Type": "Index Scan", "Parent Relationship": "Outer", "Parallel Aware": false, "Async Capable": false, "Scan Direction": "Forward", "Index Name": "idx_badges_userid", "Relation Name": "badges", "Alias": "b", "Startup Cost": 0.29, "Total Cost": 0.37, "Plan Rows": 3, "Plan Width": 4, "Actual Rows": 4, "Actual Loops": 13586, "Index Cond": "(userid = c.userid)", "Rows Removed by Index Recheck": 0, "Filter": "(date >= '2010-10-20 08:33:44'::timestamp without time zone)", "Rows Removed by Filter": 0}]}]}]}]}]}, "Planning Time": 4.99, "Triggers": [], "Execution Time": 10277.278}, {"Plan": {"Node Type": "Aggregate", "Strategy": "Plain", "Partial Mode": "Finalize", "Parallel Aware": false, "Async Capable": false, "Startup Cost": 1466361263.71, "Total Cost": 1466361263.72, "Plan Rows": 1, "Plan Width": 8, "Actual Rows": 1, "Actual Loops": 1, "Plans": [{"Node Type": "Gather", "Parent Relationship": "Outer", "Parallel Aware": false, "Async Capable": false, "Startup Cost": 1466361263.6, "Total Cost": 1466361263.71, "Plan Rows": 1, "Plan Width": 8, "Actual Rows": 2, "Actual Loops": 1, "Workers Planned": 1, "Workers Launched": 1, "Single Copy": false, "Plans": [{"Node Type": "Aggregate", "Strategy": "Plain", "Partial Mode": "Partial", "Parent Relationship": "Outer", "Parallel Aware": false, "Async Capable": false, "Startup Cost": 1466360263.6, "Total Cost": 1466360263.61, "Plan Rows": 1, "Plan Width": 8, "Actual Rows": 1, "Actual Loops": 2, "Workers": [], "Plans": [{"Node Type": "Hash Join", "Parent Relationship": "Outer", "Parallel Aware": true, "Async Capable": false, "Join Type": "Inner", "Startup Cost": 5786.52, "Total Cost": 5043406.51, "Plan Rows": 584526742836, "Plan Width": 0, "Actual Rows": 43457087, "Actual Loops": 2, "Inner Unique": false, "Hash Cond": "(p.owneruserid = u.id)", "Workers": [], "Plans": [{"Node Type": "Nested Loop", "Parent Relationship": "Outer", "Parallel Aware": false, "Async Capable": false, "Join Type": "Inner", "Startup Cost": 0.6, "Total Cost": 126296.38, "Plan Rows": 168391960, "Plan Width": 12, "Actual Rows": 27219866, "Actual Loops": 2, "Inner Unique": false, "Workers": [], "Plans": [{"Node Type": "Nested Loop", "Parent Relationship": "Outer", "Parallel Aware": false, "Async Capable": false, "Join Type": "Inner", "Startup Cost": 0.3, "Total Cost": 14686.16, "Plan Rows": 2745442, "Plan Width": 8, "Actual Rows": 1747234, "Actual Loops": 2, "Inner Unique": false, "Workers": [], "Plans": [{"Node Type": "Seq Scan", "Parent Relationship": "Outer", "Parallel Aware": true, "Async Capable": false, "Relation Name": "posthistory", "Alias": "ph", "Startup Cost": 0.0, "Total Cost": 4469.32, "Plan Rows": 54142, "Plan Width": 4, "Actual Rows": 45988, "Actual Loops": 2, "Filter": "(posthistorytypeid = 2)", "Rows Removed by Filter": 105606, "Workers": []}, {"Node Type": "Memoize", "Parent Relationship": "Inner", "Parallel Aware": false, "Async Capable": false, "Startup Cost": 0.3, "Total Cost": 0.39, "Plan Rows": 3, "Plan Width": 4, "Actual Rows": 38, "Actual Loops": 91976, "Cache Key": "ph.userid", "Cache Mode": "logical", "Cache Hits": 32211, "Cache Misses": 13644, "Cache Evictions": 0, "Cache Overflows": 0, "Peak Memory Usage": 2884, "Workers": [{"Worker Number": 0, "Cache Hits": 32239, "Cache Misses": 13882, "Cache Evictions": 0, "Cache Overflows": 0, "Peak Memory Usage": 2907}], "Plans": [{"Node Type": "Index Scan", "Parent Relationship": "Outer", "Parallel Aware": false, "Async Capable": false, "Scan Direction": "Forward", "Index Name": "idx_badges_userid", "Relation Name": "badges", "Alias": "b", "Startup Cost": 0.29, "Total Cost": 0.38, "Plan Rows": 3, "Plan Width": 4, "Actual Rows": 4, "Actual Loops": 27526, "Index Cond": "(userid = ph.userid)", "Rows Removed by Index Recheck": 0, "Filter": "(date >= '2010-10-20 08:33:44'::timestamp without time zone)", "Rows Removed by Filter": 0, "Workers": []}]}]}, {"Node Type": "Memoize", "Parent Relationship": "Inner", "Parallel Aware": false, "Async Capable": false, "Startup Cost": 0.3, "Total Cost": 0.44, "Plan Rows": 2, "Plan Width": 4, "Actual Rows": 16, "Actual Loops": 3494467, "Cache Key": "ph.userid", "Cache Mode": "logical", "Cache Hits": 1721834, "Cache Misses": 12289, "Cache Evictions": 0, "Cache Overflows": 0, "Peak Memory Usage": 1973, "Workers": [{"Worker Number": 0, "Cache Hits": 1747789, "Cache Misses": 12555, "Cache Evictions": 0, "Cache Overflows": 0, "Peak Memory Usage": 1995}], "Plans": [{"Node Type": "Index Scan", "Parent Relationship": "Outer", "Parallel Aware": false, "Async Capable": false, "Scan Direction": "Forward", "Index Name": "idx_posts_owneruserid", "Relation Name": "posts", "Alias": "p", "Startup Cost": 0.29, "Total Cost": 0.43, "Plan Rows": 2, "Plan Width": 4, "Actual Rows": 3, "Actual Loops": 24844, "Index Cond": "(owneruserid = ph.userid)", "Rows Removed by Index Recheck": 0, "Filter": "((score >= '-2'::integer) AND (viewcount >= 0) AND (viewcount <= 18281))", "Rows Removed by Filter": 4, "Workers": []}]}]}, {"Node Type": "Hash", "Parent Relationship": "Inner", "Parallel Aware": true, "Async Capable": false, "Startup Cost": 4549.08, "Total Cost": 4549.08, "Plan Rows": 98947, "Plan Width": 8, "Actual Rows": 31090, "Actual Loops": 2, "Hash Buckets": 262144, "Original Hash Buckets": 262144, "Hash Batches": 1, "Original Hash Batches": 1, "Peak Memory Usage": 4512, "Workers": [], "Plans": [{"Node Type": "Hash Join", "Parent Relationship": "Outer", "Parallel Aware": false, "Async Capable": false, "Join Type": "Inner", "Startup Cost": 1399.61, "Total Cost": 4549.08, "Plan Rows": 98947, "Plan Width": 8, "Actual Rows": 31090, "Actual Loops": 2, "Inner Unique": true, "Hash Cond": "(c.userid = u.id)", "Workers": [], "Plans": [{"Node Type": "Seq Scan", "Parent Relationship": "Outer", "Parallel Aware": true, "Async Capable": false, "Relation Name": "comments", "Alias": "c", "Startup Cost": 0.0, "Total Cost": 2881.99, "Plan Rows": 101889, "Plan Width": 4, "Actual Rows": 86592, "Actual Loops": 2, "Filter": "((creationdate >= '2010-07-31 05:18:59'::timestamp without time zone) AND (creationdate <= '2014-09-12 07:59:13'::timestamp without time zone))", "Rows Removed by Filter": 561, "Workers": []}, {"Node Type": "Hash", "Parent Relationship": "Inner", "Parallel Aware": false, "Async Capable": false, "Startup Cost": 901.88, "Total Cost": 901.88, "Plan Rows": 39819, "Plan Width": 4, "Actual Rows": 39819, "Actual Loops": 2, "Hash Buckets": 65536, "Original Hash Buckets": 65536, "Hash Batches": 1, "Original Hash Batches": 1, "Peak Memory Usage": 1912, "Workers": [], "Plans": [{"Node Type": "Seq Scan", "Parent Relationship": "Outer", "Parallel Aware": false, "Async Capable": false, "Relation Name": "users", "Alias": "u", "Startup Cost": 0.0, "Total Cost": 901.88, "Plan Rows": 39819, "Plan Width": 4, "Actual Rows": 39819, "Actual Loops": 2, "Filter": "((views >= 0) AND (views <= 75))", "Rows Removed by Filter": 506, "Workers": []}]}]}]}]}]}]}]}, "Planning Time": 9.388, "Triggers": [], "Execution Time": 5334.752}, {"Plan": {"Node Type": "Aggregate", "Strategy": "Plain", "Partial Mode": "Finalize", "Parallel Aware": false, "Async Capable": false, "Startup Cost": 1517834320.16, "Total Cost": 1517834320.17, "Plan Rows": 1, "Plan Width": 8, "Plans": [{"Node Type": "Gather", "Parent Relationship": "Outer", "Parallel Aware": false, "Async Capable": false, "Startup Cost": 1517834320.04, "Total Cost": 1517834320.15, "Plan Rows": 1, "Plan Width": 8, "Workers Planned": 1, "Single Copy": false, "Plans": [{"Node Type": "Aggregate", "Strategy": "Plain", "Partial Mode": "Partial", "Parent Relationship": "Outer", "Parallel Aware": false, "Async Capable": false, "Startup Cost": 1517833320.04, "Total Cost": 1517833320.05, "Plan Rows": 1, "Plan Width": 8, "Plans": [{"Node Type": "Hash Join", "Parent Relationship": "Outer", "Parallel Aware": false, "Async Capable": false, "Join Type": "Inner", "Startup Cost": 4481.73, "Total Cost": 56516462.95, "Plan Rows": 584526742836, "Plan Width": 0, "Inner Unique": false, "Hash Cond": "(c.userid = u.id)", "Plans": [{"Node Type": "Nested Loop", "Parent Relationship": "Outer", "Parallel Aware": false, "Async Capable": false, "Join Type": "Inner", "Startup Cost": 0.61, "Total Cost": 508162.71, "Plan Rows": 4032040031, "Plan Width": 12, "Inner Unique": false, "Plans": [{"Node Type": "Nested Loop", "Parent Relationship": "Outer", "Parallel Aware": false, "Async Capable": false, "Join Type": "Inner", "Startup Cost": 0.3, "Total Cost": 14686.16, "Plan Rows": 2745442, "Plan Width": 8, "Inner Unique": false, "Plans": [{"Node Type": "Seq Scan", "Parent Relationship": "Outer", "Parallel Aware": true, "Async Capable": false, "Relation Name": "posthistory", "Alias": "ph", "Startup Cost": 0.0, "Total Cost": 4469.32, "Plan Rows": 54142, "Plan Width": 4, "Filter": "(posthistorytypeid = 2)"}, {"Node Type": "Memoize", "Parent Relationship": "Inner", "Parallel Aware": false, "Async Capable": false, "Startup Cost": 0.3, "Total Cost": 0.39, "Plan Rows": 3, "Plan Width": 4, "Cache Key": "ph.userid", "Cache Mode": "logical", "Plans": [{"Node Type": "Index Scan", "Parent Relationship": "Outer", "Parallel Aware": false, "Async Capable": false, "Scan Direction": "Forward", "Index Name": "idx_badges_userid", "Relation Name": "badges", "Alias": "b", "Startup Cost": 0.29, "Total Cost": 0.38, "Plan Rows": 3, "Plan Width": 4, "Index Cond": "(userid = ph.userid)", "Filter": "(date >= '2010-10-20 08:33:44'::timestamp without time zone)"}]}]}, {"Node Type": "Memoize", "Parent Relationship": "Inner", "Parallel Aware": false, "Async Capable": false, "Startup Cost": 0.3, "Total Cost": 0.66, "Plan Rows": 13, "Plan Width": 4, "Cache Key": "ph.userid", "Cache Mode": "logical", "Plans": [{"Node Type": "Index Scan", "Parent Relationship": "Outer", "Parallel Aware": false, "Async Capable": false, "Scan Direction": "Forward", "Index Name": "idx_comments_userid", "Relation Name": "comments", "Alias": "c", "Startup Cost": 0.29, "Total Cost": 0.65, "Plan Rows": 13, "Plan Width": 4, "Index Cond": "(userid = ph.userid)", "Filter": "((creationdate >= '2010-07-31 05:18:59'::timestamp without time zone) AND (creationdate <= '2014-09-12 07:59:13'::timestamp without time zone))"}]}]}, {"Node Type": "Hash", "Parent Relationship": "Inner", "Parallel Aware": false, "Async Capable": false, "Startup Cost": 3961.43, "Total Cost": 3961.43, "Plan Rows": 41576, "Plan Width": 8, "Plans": [{"Node Type": "Hash Join", "Parent Relationship": "Outer", "Parallel Aware": false, "Async Capable": false, "Join Type": "Inner", "Startup Cost": 1399.61, "Total Cost": 3961.43, "Plan Rows": 41576, "Plan Width": 8, "Inner Unique": true, "Hash Cond": "(p.owneruserid = u.id)", "Plans": [{"Node Type": "Seq Scan", "Parent Relationship": "Outer", "Parallel Aware": false, "Async Capable": false, "Relation Name": "posts", "Alias": "p", "Startup Cost": 0.0, "Total Cost": 2449.58, "Plan Rows": 42751, "Plan Width": 4, "Filter": "((score >= '-2'::integer) AND (viewcount >= 0) AND (viewcount <= 18281))"}, {"Node Type": "Hash", "Parent Relationship": "Inner", "Parallel Aware": false, "Async Capable": false, "Startup Cost": 901.88, "Total Cost": 901.88, "Plan Rows": 39819, "Plan Width": 4, "Plans": [{"Node Type": "Seq Scan", "Parent Relationship": "Outer", "Parallel Aware": false, "Async Capable": false, "Relation Name": "users", "Alias": "u", "Startup Cost": 0.0, "Total Cost": 901.88, "Plan Rows": 39819, "Plan Width": 4, "Filter": "((views >= 0) AND (views <= 75))"}]}]}]}]}]}]}]}}, {"Plan": {"Node Type": "Aggregate", "Strategy": "Plain", "Partial Mode": "Simple", "Parallel Aware": false, "Async Capable": false, "Startup Cost": 2519834567.8, "Total Cost": 2519834567.81, "Plan Rows": 1, "Plan Width": 8, "Actual Rows": 1, "Actual Loops": 1, "Plans": [{"Node Type": "Hash Join", "Parent Relationship": "Outer", "Parallel Aware": false, "Async Capable": false, "Join Type": "Inner", "Startup Cost": 1355785.86, "Total Cost": 35595910.75, "Plan Rows": 993695462822, "Plan Width": 0, "Actual Rows": 86914174, "Actual Loops": 1, "Inner Unique": false, "Hash Cond": "(p.owneruserid = u.id)", "Plans": [{"Node Type": "Nested Loop", "Parent Relationship": "Outer", "Parallel Aware": false, "Async Capable": false, "Join Type": "Inner", "Startup Cost": 0.3, "Total Cost": 12848.54, "Plan Rows": 1594031, "Plan Width": 8, "Actual Rows": 430601, "Actual Loops": 1, "Inner Unique": false, "Plans": [{"Node Type": "Seq Scan", "Parent Relationship": "Outer", "Parallel Aware": false, "Async Capable": false, "Relation Name": "posts", "Alias": "p", "Startup Cost": 0.0, "Total Cost": 2449.58, "Plan Rows": 42751, "Plan Width": 4, "Actual Rows": 42735, "Actual Loops": 1, "Filter": "((score >= '-2'::integer) AND (viewcount >= 0) AND (viewcount <= 18281))", "Rows Removed by Filter": 49241}, {"Node Type": "Memoize", "Parent Relationship": "Inner", "Parallel Aware": false, "Async Capable": false, "Startup Cost": 0.3, "Total Cost": 0.42, "Plan Rows": 3, "Plan Width": 4, "Actual Rows": 10, "Actual Loops": 42735, "Cache Key": "p.owneruserid", "Cache Mode": "logical", "Cache Hits": 23929, "Cache Misses": 18806, "Cache Evictions": 0, "Cache Overflows": 0, "Peak Memory Usage": 3478, "Plans": [{"Node Type": "Index Scan", "Parent Relationship": "Outer", "Parallel Aware": false, "Async Capable": false, "Scan Direction": "Forward", "Index Name": "idx_badges_userid", "Relation Name": "badges", "Alias": "b", "Startup Cost": 0.29, "Total Cost": 0.41, "Plan Rows": 3, "Plan Width": 4, "Actual Rows": 3, "Actual Loops": 18806, "Index Cond": "(userid = p.owneruserid)", "Rows Removed by Index Recheck": 0, "Filter": "(date >= '2010-10-20 08:33:44'::timestamp without time zone)", "Rows Removed by Filter": 0}]}]}, {"Node Type": "Hash", "Parent Relationship": "Inner", "Parallel Aware": false, "Async Capable": false, "Startup Cost": 17124.72, "Total Cost": 17124.72, "Plan Rows": 77010547, "Plan Width": 12, "Actual Rows": 565858, "Actual Loops": 1, "Hash Buckets": 8388608, "Original Hash Buckets": 8388608, "Hash Batches": 16, "Original Hash Batches": 16, "Peak Memory Usage": 74265, "Plans": [{"Node Type": "Hash Join", "Parent Relationship": "Outer", "Parallel Aware": false, "Async Capable": false, "Join Type": "Inner", "Startup Cost": 8728.06, "Total Cost": 17124.72, "Plan Rows": 77010547, "Plan Width": 12, "Actual Rows": 565858, "Actual Loops": 1, "Inner Unique": false, "Hash Cond": "(c.userid = u.id)", "Plans": [{"Node Type": "Seq Scan", "Parent Relationship": "Outer", "Parallel Aware": false, "Async Capable": false, "Relation Name": "comments", "Alias": "c", "Startup Cost": 0.0, "Total Cost": 3958.57, "Plan Rows": 173212, "Plan Width": 4, "Actual Rows": 173183, "Actual Loops": 1, "Filter": "((creationdate >= '2010-07-31 05:18:59'::timestamp without time zone) AND (creationdate <= '2014-09-12 07:59:13'::timestamp without time zone))", "Rows Removed by Filter": 1122}, {"Node Type": "Hash", "Parent Relationship": "Inner", "Parallel Aware": false, "Async Capable": false, "Startup Cost": 7671.08, "Total Cost": 7671.08, "Plan Rows": 84558, "Plan Width": 8, "Actual Rows": 51691, "Actual Loops": 1, "Hash Buckets": 131072, "Original Hash Buckets": 131072, "Hash Batches": 1, "Original Hash Batches": 1, "Peak Memory Usage": 3044, "Plans": [{"Node Type": "Hash Join", "Parent Relationship": "Outer", "Parallel Aware": false, "Async Capable": false, "Join Type": "Inner", "Startup Cost": 1399.61, "Total Cost": 7671.08, "Plan Rows": 84558, "Plan Width": 8, "Actual Rows": 51691, "Actual Loops": 1, "Inner Unique": true, "Hash Cond": "(ph.userid = u.id)", "Plans": [{"Node Type": "Seq Scan", "Parent Relationship": "Outer", "Parallel Aware": false, "Async Capable": false, "Relation Name": "posthistory", "Alias": "ph", "Startup Cost": 0.0, "Total Cost": 6029.84, "Plan Rows": 92042, "Plan Width": 4, "Actual Rows": 91976, "Actual Loops": 1, "Filter": "(posthistorytypeid = 2)", "Rows Removed by Filter": 211211}, {"Node Type": "Hash", "Parent Relationship": "Inner", "Parallel Aware": false, "Async Capable": false, "Startup Cost": 901.88, "Total Cost": 901.88, "Plan Rows": 39819, "Plan Width": 4, "Actual Rows": 39819, "Actual Loops": 1, "Hash Buckets": 65536, "Original Hash Buckets": 65536, "Hash Batches": 1, "Original Hash Batches": 1, "Peak Memory Usage": 1912, "Plans": [{"Node Type": "Seq Scan", "Parent Relationship": "Outer", "Parallel Aware": false, "Async Capable": false, "Relation Name": "users", "Alias": "u", "Startup Cost": 0.0, "Total Cost": 901.88, "Plan Rows": 39819, "Plan Width": 4, "Actual Rows": 39819, "Actual Loops": 1, "Filter": "((views >= 0) AND (views <= 75))", "Rows Removed by Filter": 506}]}]}]}]}]}]}]}, "Planning Time": 4.761, "Triggers": [], "Execution Time": 6915.985}, {"Plan": {"Node Type": "Aggregate", "Strategy": "Plain", "Partial Mode": "Finalize", "Parallel Aware": false, "Async Capable": false, "Startup Cost": 1471815699.28, "Total Cost": 1471815699.29, "Plan Rows": 1, "Plan Width": 8, "Actual Rows": 1, "Actual Loops": 1, "Plans": [{"Node Type": "Gather", "Parent Relationship": "Outer", "Parallel Aware": false, "Async Capable": false, "Startup Cost": 1471815699.17, "Total Cost": 1471815699.28, "Plan Rows": 1, "Plan Width": 8, "Actual Rows": 2, "Actual Loops": 1, "Workers Planned": 1, "Workers Launched": 1, "Single Copy": false, "Plans": [{"Node Type": "Aggregate", "Strategy": "Plain", "Partial Mode": "Partial", "Parent Relationship": "Outer", "Parallel Aware": false, "Async Capable": false, "Startup Cost": 1471814699.17, "Total Cost": 1471814699.18, "Plan Rows": 1, "Plan Width": 8, "Actual Rows": 1, "Actual Loops": 2, "Workers": [], "Plans": [{"Node Type": "Merge Join", "Parent Relationship": "Outer", "Parallel Aware": false, "Async Capable": false, "Join Type": "Inner", "Startup Cost": 1.74, "Total Cost": 10497842.08, "Plan Rows": 584526742836, "Plan Width": 0, "Actual Rows": 43457087, "Actual Loops": 2, "Inner Unique": false, "Merge Cond": "(u.id = p.owneruserid)", "Workers": [], "Plans": [{"Node Type": "Merge Join", "Parent Relationship": "Outer", "Parallel Aware": false, "Async Capable": false, "Join Type": "Inner", "Startup Cost": 0.71, "Total Cost": 10390.46, "Plan Rows": 98947, "Plan Width": 8, "Actual Rows": 31090, "Actual Loops": 2, "Inner Unique": true, "Merge Cond": "(c.userid = u.id)", "Workers": [], "Plans": [{"Node Type": "Index Scan", "Parent Relationship": "Outer", "Parallel Aware": true, "Async Capable": false, "Scan Direction": "Forward", "Index Name": "idx_comments_userid", "Relation Name": "comments", "Alias": "c", "Startup Cost": 0.29, "Total Cost": 7618.14, "Plan Rows": 101889, "Plan Width": 4, "Actual Rows": 85218, "Actual Loops": 2, "Filter": "((creationdate >= '2010-07-31 05:18:59'::timestamp without time zone) AND (creationdate <= '2014-09-12 07:59:13'::timestamp without time zone))", "Rows Removed by Filter": 550, "Workers": []}, {"Node Type": "Index Scan", "Parent Relationship": "Inner", "Parallel Aware": false, "Async Capable": false, "Scan Direction": "Forward", "Index Name": "users_pkey", "Relation Name": "users", "Alias": "u", "Startup Cost": 0.29, "Total Cost": 1558.79, "Plan Rows": 39819, "Plan Width": 4, "Actual Rows": 39254, "Actual Loops": 2, "Filter": "((views >= 0) AND (views <= 75))", "Rows Removed by Filter": 506, "Workers": []}]}, {"Node Type": "Materialize", "Parent Relationship": "Inner", "Parallel Aware": false, "Async Capable": false, "Startup Cost": 1.03, "Total Cost": 849681.36, "Plan Rows": 286266332, "Plan Width": 12, "Actual Rows": 96698618, "Actual Loops": 2, "Workers": [], "Plans": [{"Node Type": "Nested Loop", "Parent Relationship": "Outer", "Parallel Aware": false, "Async Capable": false, "Join Type": "Inner", "Startup Cost": 1.03, "Total Cost": 134015.53, "Plan Rows": 286266332, "Plan Width": 12, "Actual Rows": 54439230, "Actual Loops": 2, "Inner Unique": false, "Workers": [], "Plans": [{"Node Type": "Nested Loop", "Parent Relationship": "Outer", "Parallel Aware": false, "Async Capable": false, "Join Type": "Inner", "Startup Cost": 0.59, "Total Cost": 15182.44, "Plan Rows": 1594031, "Plan Width": 8, "Actual Rows": 430320, "Actual Loops": 2, "Inner Unique": false, "Workers": [], "Plans": [{"Node Type": "Index Scan", "Parent Relationship": "Outer", "Parallel Aware": false, "Async Capable": false, "Scan Direction": "Forward", "Index Name": "idx_posts_owneruserid", "Relation Name": "posts", "Alias": "p", "Startup Cost": 0.29, "Total Cost": 4783.49, "Plan Rows": 42751, "Plan Width": 4, "Actual Rows": 41771, "Actual Loops": 2, "Filter": "((score >= '-2'::integer) AND (viewcount >= 0) AND (viewcount <= 18281))", "Rows Removed by Filter": 48521, "Workers": []}, {"Node Type": "Memoize", "Parent Relationship": "Inner", "Parallel Aware": false, "Async Capable": false, "Startup Cost": 0.3, "Total Cost": 0.42, "Plan Rows": 3, "Plan Width": 4, "Actual Rows": 10, "Actual Loops": 83542, "Cache Key": "p.owneruserid", "Cache Mode": "logical", "Cache Hits": 23200, "Cache Misses": 18763, "Cache Evictions": 0, "Cache Overflows": 0, "Peak Memory Usage": 3474, "Workers": [{"Worker Number": 0, "Cache Hits": 23146, "Cache Misses": 18433, "Cache Evictions": 0, "Cache Overflows": 0, "Peak Memory Usage": 3439}], "Plans": [{"Node Type": "Index Scan", "Parent Relationship": "Outer", "Parallel Aware": false, "Async Capable": false, "Scan Direction": "Forward", "Index Name": "idx_badges_userid", "Relation Name": "badges", "Alias": "b", "Startup Cost": 0.29, "Total Cost": 0.41, "Plan Rows": 3, "Plan Width": 4, "Actual Rows": 3, "Actual Loops": 37196, "Index Cond": "(userid = p.owneruserid)", "Rows Removed by Index Recheck": 0, "Filter": "(date >= '2010-10-20 08:33:44'::timestamp without time zone)", "Rows Removed by Filter": 0, "Workers": []}]}]}, {"Node Type": "Memoize", "Parent Relationship": "Inner", "Parallel Aware": false, "Async Capable": false, "Startup Cost": 0.43, "Total Cost": 0.95, "Plan Rows": 4, "Plan Width": 4, "Actual Rows": 127, "Actual Loops": 860640, "Cache Key": "p.owneruserid", "Cache Mode": "logical", "Cache Hits": 413747, "Cache Misses": 16823, "Cache Evictions": 0, "Cache Overflows": 0, "Peak Memory Usage": 3791, "Workers": [{"Worker Number": 0, "Cache Hits": 413474, "Cache Misses": 16596, "Cache Evictions": 0, "Cache Overflows": 0, "Peak Memory Usage": 3765}], "Plans": [{"Node Type": "Index Scan", "Parent Relationship": "Outer", "Parallel Aware": false, "Async Capable": false, "Scan Direction": "Forward", "Index Name": "idx_posthistory_userid", "Relation Name": "posthistory", "Alias": "ph", "Startup Cost": 0.42, "Total Cost": 0.94, "Plan Rows": 4, "Plan Width": 4, "Actual Rows": 5, "Actual Loops": 33419, "Index Cond": "(userid = p.owneruserid)", "Rows Removed by Index Recheck": 0, "Filter": "(posthistorytypeid = 2)", "Rows Removed by Filter": 10, "Workers": []}]}]}]}]}]}]}]}, "Planning Time": 10.386, "Triggers": [], "Execution Time": 14644.879}, {"Plan": {"Node Type": "Aggregate", "Strategy": "Plain", "Partial Mode": "Simple", "Parallel Aware": false, "Async Capable": false, "Startup Cost": 2815287895.99, "Total Cost": 2815287896.0, "Plan Rows": 1, "Plan Width": 8, "Plans": [{"Node Type": "Merge Join", "Parent Relationship": "Outer", "Parallel Aware": false, "Async Capable": false, "Join Type": "Inner", "Startup Cost": 2.16, "Total Cost": 331049238.94, "Plan Rows": 993695462822, "Plan Width": 0, "Inner Unique": false, "Merge Cond": "(u.id = c.userid)", "Plans": [{"Node Type": "Merge Join", "Parent Relationship": "Outer", "Parallel Aware": false, "Async Capable": false, "Join Type": "Inner", "Startup Cost": 0.67, "Total Cost": 5680.1, "Plan Rows": 76353, "Plan Width": 8, "Inner Unique": true, "Merge Cond": "(b.userid = u.id)", "Plans": [{"Node Type": "Index Scan", "Parent Relationship": "Outer", "Parallel Aware": false, "Async Capable": false, "Scan Direction": "Forward", "Index Name": "idx_badges_userid", "Relation Name": "badges", "Alias": "b", "Startup Cost": 0.29, "Total Cost": 3064.97, "Plan Rows": 77323, "Plan Width": 4, "Filter": "(date >= '2010-10-20 08:33:44'::timestamp without time zone)"}, {"Node Type": "Index Scan", "Parent Relationship": "Inner", "Parallel Aware": false, "Async Capable": false, "Scan Direction": "Forward", "Index Name": "users_pkey", "Relation Name": "users", "Alias": "u", "Startup Cost": 0.29, "Total Cost": 1558.79, "Plan Rows": 39819, "Plan Width": 4, "Filter": "((views >= 0) AND (views <= 75))"}]}, {"Node Type": "Materialize", "Parent Relationship": "Inner", "Parallel Aware": false, "Async Capable": false, "Startup Cost": 1.03, "Total Cost": 30978822.0, "Plan Rows": 11838165641, "Plan Width": 12, "Plans": [{"Node Type": "Nested Loop", "Parent Relationship": "Outer", "Parallel Aware": false, "Async Capable": false, "Join Type": "Inner", "Startup Cost": 1.03, "Total Cost": 1383407.9, "Plan Rows": 11838165641, "Plan Width": 12, "Inner Unique": false, "Plans": [{"Node Type": "Nested Loop", "Parent Relationship": "Outer", "Parallel Aware": false, "Async Capable": false, "Join Type": "Inner", "Startup Cost": 0.72, "Total Cost": 24957.62, "Plan Rows": 7677500, "Plan Width": 8, "Inner Unique": false, "Plans": [{"Node Type": "Index Scan", "Parent Relationship": "Outer", "Parallel Aware": false, "Async Capable": false, "Scan Direction": "Forward", "Index Name": "idx_posthistory_userid", "Relation Name": "posthistory", "Alias": "ph", "Startup Cost": 0.42, "Total Cost": 12849.99, "Plan Rows": 92042, "Plan Width": 4, "Filter": "(posthistorytypeid = 2)"}, {"Node Type": "Memoize", "Parent Relationship": "Inner", "Parallel Aware": false, "Async Capable": false, "Startup Cost": 0.3, "Total Cost": 0.44, "Plan Rows": 2, "Plan Width": 4, "Cache Key": "ph.userid", "Cache Mode": "logical", "Plans": [{"Node Type": "Index Scan", "Parent Relationship": "Outer", "Parallel Aware": false, "Async Capable": false, "Scan Direction": "Forward", "Index Name": "idx_posts_owneruserid", "Relation Name": "posts", "Alias": "p", "Startup Cost": 0.29, "Total Cost": 0.43, "Plan Rows": 2, "Plan Width": 4, "Index Cond": "(owneruserid = ph.userid)", "Filter": "((score >= '-2'::integer) AND (viewcount >= 0) AND (viewcount <= 18281))"}]}]}, {"Node Type": "Memoize", "Parent Relationship": "Inner", "Parallel Aware": false, "Async Capable": false, "Startup Cost": 0.3, "Total Cost": 0.74, "Plan Rows": 13, "Plan Width": 4, "Cache Key": "p.owneruserid", "Cache Mode": "logical", "Plans": [{"Node Type": "Index Scan", "Parent Relationship": "Outer", "Parallel Aware": false, "Async Capable": false, "Scan Direction": "Forward", "Index Name": "idx_comments_userid", "Relation Name": "comments", "Alias": "c", "Startup Cost": 0.29, "Total Cost": 0.73, "Plan Rows": 13, "Plan Width": 4, "Index Cond": "(userid = p.owneruserid)", "Filter": "((creationdate >= '2010-07-31 05:18:59'::timestamp without time zone) AND (creationdate <= '2014-09-12 07:59:13'::timestamp without time zone))"}]}]}]}]}]}}, {"Plan": {"Node Type": "Aggregate", "Strategy": "Plain", "Partial Mode": "Finalize", "Parallel Aware": false, "Async Capable": false, "Startup Cost": 1481390111.31, "Total Cost": 1481390111.32, "Plan Rows": 1, "Plan Width": 8, "Actual Rows": 1, "Actual Loops": 1, "Plans": [{"Node Type": "Gather", "Parent Relationship": "Outer", "Parallel Aware": false, "Async Capable": false, "Startup Cost": 1481390111.2, "Total Cost": 1481390111.31, "Plan Rows": 1, "Plan Width": 8, "Actual Rows": 2, "Actual Loops": 1, "Workers Planned": 1, "Workers Launched": 1, "Single Copy": false, "Plans": [{"Node Type": "Aggregate", "Strategy": "Plain", "Partial Mode": "Partial", "Parent Relationship": "Outer", "Parallel Aware": false, "Async Capable": false, "Startup Cost": 1481389111.2, "Total Cost": 1481389111.21, "Plan Rows": 1, "Plan Width": 8, "Actual Rows": 1, "Actual Loops": 2, "Workers": [], "Plans": [{"Node Type": "Hash Join", "Parent Relationship": "Outer", "Parallel Aware": false, "Async Capable": false, "Join Type": "Inner", "Startup Cost": 26376.46, "Total Cost": 20072254.11, "Plan Rows": 584526742836, "Plan Width": 0, "Actual Rows": 43457087, "Actual Loops": 2, "Inner Unique": false, "Hash Cond": "(c.userid = u.id)", "Workers": [], "Plans": [{"Node Type": "Nested Loop", "Parent Relationship": "Outer", "Parallel Aware": false, "Async Capable": false, "Join Type": "Inner", "Startup Cost": 0.43, "Total Cost": 19170.3, "Plan Rows": 46647526, "Plan Width": 8, "Actual Rows": 27229643, "Actual Loops": 2, "Inner Unique": false, "Workers": [], "Plans": [{"Node Type": "Seq Scan", "Parent Relationship": "Outer", "Parallel Aware": true, "Async Capable": false, "Relation Name": "comments", "Alias": "c", "Startup Cost": 0.0, "Total Cost": 2881.99, "Plan Rows": 101889, "Plan Width": 4, "Actual Rows": 86592, "Actual Loops": 2, "Filter": "((creationdate >= '2010-07-31 05:18:59'::timestamp without time zone) AND (creationdate <= '2014-09-12 07:59:13'::timestamp without time zone))", "Rows Removed by Filter": 561, "Workers": []}, {"Node Type": "Memoize", "Parent Relationship": "Inner", "Parallel Aware": false, "Async Capable": false, "Startup Cost": 0.43, "Total Cost": 0.77, "Plan Rows": 4, "Plan Width": 4, "Actual Rows": 314, "Actual Loops": 173183, "Cache Key": "c.userid", "Cache Mode": "logical", "Cache Hits": 76833, "Cache Misses": 9442, "Cache Evictions": 0, "Cache Overflows": 0, "Peak Memory Usage": 3176, "Workers": [{"Worker Number": 0, "Cache Hits": 77354, "Cache Misses": 9554, "Cache Evictions": 0, "Cache Overflows": 0, "Peak Memory Usage": 3185}], "Plans": [{"Node Type": "Index Scan", "Parent Relationship": "Outer", "Parallel Aware": false, "Async Capable": false, "Scan Direction": "Forward", "Index Name": "idx_posthistory_userid", "Relation Name": "posthistory", "Alias": "ph", "Startup Cost": 0.42, "Total Cost": 0.76, "Plan Rows": 4, "Plan Width": 4, "Actual Rows": 8, "Actual Loops": 18996, "Index Cond": "(userid = c.userid)", "Rows Removed by Index Recheck": 0, "Filter": "(posthistorytypeid = 2)", "Rows Removed by Filter": 17, "Workers": []}]}]}, {"Node Type": "Hash", "Parent Relationship": "Inner", "Parallel Aware": false, "Async Capable": false, "Startup Cost": 6998.44, "Total Cost": 6998.44, "Plan Rows": 1550207, "Plan Width": 12, "Actual Rows": 186140, "Actual Loops": 2, "Hash Buckets": 2097152, "Original Hash Buckets": 2097152, "Hash Batches": 1, "Original Hash Batches": 1, "Peak Memory Usage": 24383, "Workers": [], "Plans": [{"Node Type": "Hash Join", "Parent Relationship": "Outer", "Parallel Aware": false, "Async Capable": false, "Join Type": "Inner", "Startup Cost": 4481.12, "Total Cost": 6998.44, "Plan Rows": 1550207, "Plan Width": 12, "Actual Rows": 186140, "Actual Loops": 2, "Inner Unique": false, "Hash Cond": "(b.userid = u.id)", "Workers": [], "Plans": [{"Node Type": "Seq Scan", "Parent Relationship": "Outer", "Parallel Aware": false, "Async Capable": false, "Relation Name": "badges", "Alias": "b", "Startup Cost": 0.0, "Total Cost": 1430.14, "Plan Rows": 77323, "Plan Width": 4, "Actual Rows": 77332, "Actual Loops": 2, "Filter": "(date >= '2010-10-20 08:33:44'::timestamp without time zone)", "Rows Removed by Filter": 2519, "Workers": []}, {"Node Type": "Hash", "Parent Relationship": "Inner", "Parallel Aware": false, "Async Capable": false, "Startup Cost": 3961.43, "Total Cost": 3961.43, "Plan Rows": 41576, "Plan Width": 8, "Actual Rows": 35799, "Actual Loops": 2, "Hash Buckets": 65536, "Original Hash Buckets": 65536, "Hash Batches": 1, "Original Hash Batches": 1, "Peak Memory Usage": 1911, "Workers": [], "Plans": [{"Node Type": "Hash Join", "Parent Relationship": "Outer", "Parallel Aware": false, "Async Capable": false, "Join Type": "Inner", "Startup Cost": 1399.61, "Total Cost": 3961.43, "Plan Rows": 41576, "Plan Width": 8, "Actual Rows": 35799, "Actual Loops": 2, "Inner Unique": true, "Hash Cond": "(p.owneruserid = u.id)", "Workers": [], "Plans": [{"Node Type": "Seq Scan", "Parent Relationship": "Outer", "Parallel Aware": false, "Async Capable": false, "Relation Name": "posts", "Alias": "p", "Startup Cost": 0.0, "Total Cost": 2449.58, "Plan Rows": 42751, "Plan Width": 4, "Actual Rows": 42735, "Actual Loops": 2, "Filter": "((score >= '-2'::integer) AND (viewcount >= 0) AND (viewcount <= 18281))", "Rows Removed by Filter": 49241, "Workers": []}, {"Node Type": "Hash", "Parent Relationship": "Inner", "Parallel Aware": false, "Async Capable": false, "Startup Cost": 901.88, "Total Cost": 901.88, "Plan Rows": 39819, "Plan Width": 4, "Actual Rows": 39819, "Actual Loops": 2, "Hash Buckets": 65536, "Original Hash Buckets": 65536, "Hash Batches": 1, "Original Hash Batches": 1, "Peak Memory Usage": 1912, "Workers": [], "Plans": [{"Node Type": "Seq Scan", "Parent Relationship": "Outer", "Parallel Aware": false, "Async Capable": false, "Relation Name": "users", "Alias": "u", "Startup Cost": 0.0, "Total Cost": 901.88, "Plan Rows": 39819, "Plan Width": 4, "Actual Rows": 39819, "Actual Loops": 2, "Filter": "((views >= 0) AND (views <= 75))", "Rows Removed by Filter": 506, "Workers": []}]}]}]}]}]}]}]}]}]}, "Planning Time": 10.295, "Triggers": [], "Execution Time": 5033.209}, {"Plan": {"Node Type": "Aggregate", "Strategy": "Plain", "Partial Mode": "Simple", "Parallel Aware": false, "Async Capable": false, "Startup Cost": 2588772760.45, "Total Cost": 2588772760.46, "Plan Rows": 1, "Plan Width": 8, "Plans": [{"Node Type": "Merge Join", "Parent Relationship": "Outer", "Parallel Aware": false, "Async Capable": false, "Join Type": "Inner", "Startup Cost": 2.12, "Total Cost": 104534103.4, "Plan Rows": 993695462822, "Plan Width": 0, "Inner Unique": false, "Merge Cond": "(u.id = c.userid)", "Plans": [{"Node Type": "Merge Join", "Parent Relationship": "Outer", "Parallel Aware": false, "Async Capable": false, "Join Type": "Inner", "Startup Cost": 0.58, "Total Cost": 6890.46, "Plan Rows": 41576, "Plan Width": 8, "Inner Unique": true, "Merge Cond": "(p.owneruserid = u.id)", "Plans": [{"Node Type": "Index Scan", "Parent Relationship": "Outer", "Parallel Aware": false, "Async Capable": false, "Scan Direction": "Forward", "Index Name": "idx_posts_owneruserid", "Relation Name": "posts", "Alias": "p", "Startup Cost": 0.29, "Total Cost": 4783.49, "Plan Rows": 42751, "Plan Width": 4, "Filter": "((score >= '-2'::integer) AND (viewcount >= 0) AND (viewcount <= 18281))"}, {"Node Type": "Index Scan", "Parent Relationship": "Inner", "Parallel Aware": false, "Async Capable": false, "Scan Direction": "Forward", "Index Name": "users_pkey", "Relation Name": "users", "Alias": "u", "Startup Cost": 0.29, "Total Cost": 1558.79, "Plan Rows": 39819, "Plan Width": 4, "Filter": "((views >= 0) AND (views <= 75))"}]}, {"Node Type": "Materialize", "Parent Relationship": "Inner", "Parallel Aware": false, "Async Capable": false, "Startup Cost": 1.03, "Total Cost": 17990925.33, "Plan Rows": 6854468052, "Plan Width": 12, "Plans": [{"Node Type": "Nested Loop", "Parent Relationship": "Outer", "Parallel Aware": false, "Async Capable": false, "Join Type": "Inner", "Startup Cost": 1.03, "Total Cost": 854755.2, "Plan Rows": 6854468052, "Plan Width": 12, "Inner Unique": false, "Plans": [{"Node Type": "Nested Loop", "Parent Relationship": "Outer", "Parallel Aware": false, "Async Capable": false, "Join Type": "Inner", "Startup Cost": 0.72, "Total Cost": 24961.9, "Plan Rows": 4667252, "Plan Width": 8, "Inner Unique": false, "Plans": [{"Node Type": "Index Scan", "Parent Relationship": "Outer", "Parallel Aware": false, "Async Capable": false, "Scan Direction": "Forward", "Index Name": "idx_posthistory_userid", "Relation Name": "posthistory", "Alias": "ph", "Startup Cost": 0.42, "Total Cost": 12849.99, "Plan Rows": 92042, "Plan Width": 4, "Filter": "(posthistorytypeid = 2)"}, {"Node Type": "Memoize", "Parent Relationship": "Inner", "Parallel Aware": false, "Async Capable": false, "Startup Cost": 0.3, "Total Cost": 0.39, "Plan Rows": 3, "Plan Width": 4, "Cache Key": "ph.userid", "Cache Mode": "logical", "Plans": [{"Node Type": "Index Scan", "Parent Relationship": "Outer", "Parallel Aware": false, "Async Capable": false, "Scan Direction": "Forward", "Index Name": "idx_badges_userid", "Relation Name": "badges", "Alias": "b", "Startup Cost": 0.29, "Total Cost": 0.38, "Plan Rows": 3, "Plan Width": 4, "Index Cond": "(userid = ph.userid)", "Filter": "(date >= '2010-10-20 08:33:44'::timestamp without time zone)"}]}]}, {"Node Type": "Memoize", "Parent Relationship": "Inner", "Parallel Aware": false, "Async Capable": false, "Startup Cost": 0.3, "Total Cost": 0.66, "Plan Rows": 13, "Plan Width": 4, "Cache Key": "ph.userid", "Cache Mode": "logical", "Plans": [{"Node Type": "Index Scan", "Parent Relationship": "Outer", "Parallel Aware": false, "Async Capable": false, "Scan Direction": "Forward", "Index Name": "idx_comments_userid", "Relation Name": "comments", "Alias": "c", "Startup Cost": 0.29, "Total Cost": 0.65, "Plan Rows": 13, "Plan Width": 4, "Index Cond": "(userid = ph.userid)", "Filter": "((creationdate >= '2010-07-31 05:18:59'::timestamp without time zone) AND (creationdate <= '2014-09-12 07:59:13'::timestamp without time zone))"}]}]}]}]}]}}, {"Plan": {"Node Type": "Aggregate", "Strategy": "Plain", "Partial Mode": "Finalize", "Parallel Aware": false, "Async Capable": false, "Startup Cost": 1487924572.07, "Total Cost": 1487924572.08, "Plan Rows": 1, "Plan Width": 8, "Actual Rows": 1, "Actual Loops": 1, "Plans": [{"Node Type": "Gather", "Parent Relationship": "Outer", "Parallel Aware": false, "Async Capable": false, "Startup Cost": 1487924571.95, "Total Cost": 1487924572.06, "Plan Rows": 1, "Plan Width": 8, "Actual Rows": 2, "Actual Loops": 1, "Workers Planned": 1, "Workers Launched": 1, "Single Copy": false, "Plans": [{"Node Type": "Aggregate", "Strategy": "Plain", "Partial Mode": "Partial", "Parent Relationship": "Outer", "Parallel Aware": false, "Async Capable": false, "Startup Cost": 1487923571.95, "Total Cost": 1487923571.96, "Plan Rows": 1, "Plan Width": 8, "Actual Rows": 1, "Actual Loops": 2, "Workers": [], "Plans": [{"Node Type": "Merge Join", "Parent Relationship": "Outer", "Parallel Aware": false, "Async Capable": false, "Join Type": "Inner", "Startup Cost": 2.64, "Total Cost": 26606714.86, "Plan Rows": 584526742836, "Plan Width": 0, "Actual Rows": 43457087, "Actual Loops": 2, "Inner Unique": false, "Merge Cond": "(u.id = p.owneruserid)", "Workers": [], "Plans": [{"Node Type": "Merge Join", "Parent Relationship": "Outer", "Parallel Aware": false, "Async Capable": false, "Join Type": "Inner", "Startup Cost": 2.05, "Total Cost": 24597.78, "Plan Rows": 45300322, "Plan Width": 12, "Actual Rows": 282929, "Actual Loops": 2, "Inner Unique": false, "Merge Cond": "(u.id = c.userid)", "Workers": [], "Plans": [{"Node Type": "Merge Join", "Parent Relationship": "Outer", "Parallel Aware": false, "Async Capable": false, "Join Type": "Inner", "Startup Cost": 0.71, "Total Cost": 12785.06, "Plan Rows": 49740, "Plan Width": 8, "Actual Rows": 25824, "Actual Loops": 2, "Inner Unique": true, "Merge Cond": "(ph.userid = u.id)", "Workers": [], "Plans": [{"Node Type": "Index Scan", "Parent Relationship": "Outer", "Parallel Aware": true, "Async Capable": false, "Scan Direction": "Forward", "Index Name": "idx_posthistory_userid", "Relation Name": "posthistory", "Alias": "ph", "Startup Cost": 0.42, "Total Cost": 11289.47, "Plan Rows": 54142, "Plan Width": 4, "Actual Rows": 45260, "Actual Loops": 2, "Filter": "(posthistorytypeid = 2)", "Rows Removed by Filter": 95596, "Workers": []}, {"Node Type": "Index Scan", "Parent Relationship": "Inner", "Parallel Aware": false, "Async Capable": false, "Scan Direction": "Forward", "Index Name": "users_pkey", "Relation Name": "users", "Alias": "u", "Startup Cost": 0.29, "Total Cost": 1558.79, "Plan Rows": 39819, "Plan Width": 4, "Actual Rows": 39734, "Actual Loops": 2, "Filter": "((views >= 0) AND (views <= 75))", "Rows Removed by Filter": 506, "Workers": []}]}, {"Node Type": "Materialize", "Parent Relationship": "Inner", "Parallel Aware": false, "Async Capable": false, "Startup Cost": 0.29, "Total Cost": 9127.75, "Plan Rows": 173212, "Plan Width": 4, "Actual Rows": 422725, "Actual Loops": 2, "Workers": [], "Plans": [{"Node Type": "Index Scan", "Parent Relationship": "Outer", "Parallel Aware": false, "Async Capable": false, "Scan Direction": "Forward", "Index Name": "idx_comments_userid", "Relation Name": "comments", "Alias": "c", "Startup Cost": 0.29, "Total Cost": 8694.72, "Plan Rows": 173212, "Plan Width": 4, "Actual Rows": 170435, "Actual Loops": 2, "Filter": "((creationdate >= '2010-07-31 05:18:59'::timestamp without time zone) AND (creationdate <= '2014-09-12 07:59:13'::timestamp without time zone))", "Rows Removed by Filter": 1101, "Workers": []}]}]}, {"Node Type": "Materialize", "Parent Relationship": "Inner", "Parallel Aware": false, "Async Capable": false, "Startup Cost": 0.59, "Total Cost": 19167.52, "Plan Rows": 1594031, "Plan Width": 8, "Actual Rows": 43800228, "Actual Loops": 2, "Workers": [], "Plans": [{"Node Type": "Nested Loop", "Parent Relationship": "Outer", "Parallel Aware": false, "Async Capable": false, "Join Type": "Inner", "Startup Cost": 0.59, "Total Cost": 15182.44, "Plan Rows": 1594031, "Plan Width": 8, "Actual Rows": 430163, "Actual Loops": 2, "Inner Unique": false, "Workers": [], "Plans": [{"Node Type": "Index Scan", "Parent Relationship": "Outer", "Parallel Aware": false, "Async Capable": false, "Scan Direction": "Forward", "Index Name": "idx_posts_owneruserid", "Relation Name": "posts", "Alias": "p", "Startup Cost": 0.29, "Total Cost": 4783.49, "Plan Rows": 42751, "Plan Width": 4, "Actual Rows": 41658, "Actual Loops": 2, "Filter": "((score >= '-2'::integer) AND (viewcount >= 0) AND (viewcount <= 18281))", "Rows Removed by Filter": 48486, "Workers": []}, {"Node Type": "Memoize", "Parent Relationship": "Inner", "Parallel Aware": false, "Async Capable": false, "Startup Cost": 0.3, "Total Cost": 0.42, "Plan Rows": 3, "Plan Width": 4, "Actual Rows": 10, "Actual Loops": 83317, "Cache Key": "p.owneruserid", "Cache Mode": "logical", "Cache Hits": 23200, "Cache Misses": 18763, "Cache Evictions": 0, "Cache Overflows": 0, "Peak Memory Usage": 3474, "Workers": [{"Worker Number": 0, "Cache Hits": 23119, "Cache Misses": 18235, "Cache Evictions": 0, "Cache Overflows": 0, "Peak Memory Usage": 3417}], "Plans": [{"Node Type": "Index Scan", "Parent Relationship": "Outer", "Parallel Aware": false, "Async Capable": false, "Scan Direction": "Forward", "Index Name": "idx_badges_userid", "Relation Name": "badges", "Alias": "b", "Startup Cost": 0.29, "Total Cost": 0.41, "Plan Rows": 3, "Plan Width": 4, "Actual Rows": 3, "Actual Loops": 36998, "Index Cond": "(userid = p.owneruserid)", "Rows Removed by Index Recheck": 0, "Filter": "(date >= '2010-10-20 08:33:44'::timestamp without time zone)", "Rows Removed by Filter": 0, "Workers": []}]}]}]}]}]}]}]}, "Planning Time": 8.876, "Triggers": [], "Execution Time": 3943.157}, {"Plan": {"Node Type": "Aggregate", "Strategy": "Plain", "Partial Mode": "Finalize", "Parallel Aware": false, "Async Capable": false, "Startup Cost": 1502115137.45, "Total Cost": 1502115137.46, "Plan Rows": 1, "Plan Width": 8, "Actual Rows": 1, "Actual Loops": 1, "Plans": [{"Node Type": "Gather", "Parent Relationship": "Outer", "Parallel Aware": false, "Async Capable": false, "Startup Cost": 1502115137.34, "Total Cost": 1502115137.45, "Plan Rows": 1, "Plan Width": 8, "Actual Rows": 2, "Actual Loops": 1, "Workers Planned": 1, "Workers Launched": 1, "Single Copy": false, "Plans": [{"Node Type": "Aggregate", "Strategy": "Plain", "Partial Mode": "Partial", "Parent Relationship": "Outer", "Parallel Aware": false, "Async Capable": false, "Startup Cost": 1502114137.34, "Total Cost": 1502114137.35, "Plan Rows": 1, "Plan Width": 8, "Actual Rows": 1, "Actual Loops": 2, "Workers": [], "Plans": [{"Node Type": "Merge Join", "Parent Relationship": "Outer", "Parallel Aware": false, "Async Capable": false, "Join Type": "Inner", "Startup Cost": 4.13, "Total Cost": 40797280.25, "Plan Rows": 584526742836, "Plan Width": 0, "Actual Rows": 43457087, "Actual Loops": 2, "Inner Unique": false, "Merge Cond": "(ph.userid = u.id)", "Workers": [], "Plans": [{"Node Type": "Index Scan", "Parent Relationship": "Outer", "Parallel Aware": true, "Async Capable": false, "Scan Direction": "Forward", "Index Name": "idx_posthistory_userid", "Relation Name": "posthistory", "Alias": "ph", "Startup Cost": 0.42, "Total Cost": 11289.47, "Plan Rows": 54142, "Plan Width": 4, "Actual Rows": 45260, "Actual Loops": 2, "Filter": "(posthistorytypeid = 2)", "Rows Removed by Filter": 95596, "Workers": []}, {"Node Type": "Materialize", "Parent Relationship": "Inner", "Parallel Aware": false, "Async Capable": false, "Startup Cost": 3.71, "Total Cost": 5544531.44, "Plan Rows": 2170469804, "Plan Width": 16, "Actual Rows": 45287422, "Actual Loops": 2, "Workers": [], "Plans": [{"Node Type": "Merge Join", "Parent Relationship": "Outer", "Parallel Aware": false, "Async Capable": false, "Join Type": "Inner", "Startup Cost": 3.71, "Total Cost": 118356.93, "Plan Rows": 2170469804, "Plan Width": 16, "Actual Rows": 3660633, "Actual Loops": 2, "Inner Unique": false, "Merge Cond": "(c.userid = u.id)", "Workers": [], "Plans": [{"Node Type": "Index Scan", "Parent Relationship": "Outer", "Parallel Aware": false, "Async Capable": false, "Scan Direction": "Forward", "Index Name": "idx_comments_userid", "Relation Name": "comments", "Alias": "c", "Startup Cost": 0.29, "Total Cost": 8694.72, "Plan Rows": 173212, "Plan Width": 4, "Actual Rows": 170435, "Actual Loops": 2, "Filter": "((creationdate >= '2010-07-31 05:18:59'::timestamp without time zone) AND (creationdate <= '2014-09-12 07:59:13'::timestamp without time zone))", "Rows Removed by Filter": 1101, "Workers": []}, {"Node Type": "Materialize", "Parent Relationship": "Inner", "Parallel Aware": false, "Async Capable": false, "Startup Cost": 1.21, "Total Cost": 15026.32, "Plan Rows": 1550207, "Plan Width": 12, "Actual Rows": 3672674, "Actual Loops": 2, "Workers": [], "Plans": [{"Node Type": "Merge Join", "Parent Relationship": "Outer", "Parallel Aware": false, "Async Capable": false, "Join Type": "Inner", "Startup Cost": 1.21, "Total Cost": 11150.81, "Plan Rows": 1550207, "Plan Width": 12, "Actual Rows": 186109, "Actual Loops": 2, "Inner Unique": false, "Merge Cond": "(u.id = b.userid)", "Workers": [], "Plans": [{"Node Type": "Merge Join", "Parent Relationship": "Outer", "Parallel Aware": false, "Async Capable": false, "Join Type": "Inner", "Startup Cost": 0.58, "Total Cost": 6890.46, "Plan Rows": 41576, "Plan Width": 8, "Actual Rows": 35757, "Actual Loops": 2, "Inner Unique": true, "Merge Cond": "(p.owneruserid = u.id)", "Workers": [], "Plans": [{"Node Type": "Index Scan", "Parent Relationship": "Outer", "Parallel Aware": false, "Async Capable": false, "Scan Direction": "Forward", "Index Name": "idx_posts_owneruserid", "Relation Name": "posts", "Alias": "p", "Startup Cost": 0.29, "Total Cost": 4783.49, "Plan Rows": 42751, "Plan Width": 4, "Actual Rows": 41963, "Actual Loops": 2, "Filter": "((score >= '-2'::integer) AND (viewcount >= 0) AND (viewcount <= 18281))", "Rows Removed by Filter": 48578, "Workers": []}, {"Node Type": "Index Scan", "Parent Relationship": "Inner", "Parallel Aware": false, "Async Capable": false, "Scan Direction": "Forward", "Index Name": "users_pkey", "Relation Name": "users", "Alias": "u", "Startup Cost": 0.29, "Total Cost": 1558.79, "Plan Rows": 39819, "Plan Width": 4, "Actual Rows": 39724, "Actual Loops": 2, "Filter": "((views >= 0) AND (views <= 75))", "Rows Removed by Filter": 506, "Workers": []}]}, {"Node Type": "Index Scan", "Parent Relationship": "Inner", "Parallel Aware": false, "Async Capable": false, "Scan Direction": "Forward", "Index Name": "idx_badges_userid", "Relation Name": "badges", "Alias": "b", "Startup Cost": 0.29, "Total Cost": 3064.97, "Plan Rows": 77323, "Plan Width": 4, "Actual Rows": 213228, "Actual Loops": 2, "Filter": "(date >= '2010-10-20 08:33:44'::timestamp without time zone)", "Rows Removed by Filter": 4777, "Workers": []}]}]}]}]}]}]}]}]}, "Planning Time": 5.804, "Triggers": [], "Execution Time": 5015.314}, {"Plan": {"Node Type": "Aggregate", "Strategy": "Plain", "Partial Mode": "Simple", "Parallel Aware": false, "Async Capable": false, "Startup Cost": 2524899835.34, "Total Cost": 2524899835.35, "Plan Rows": 1, "Plan Width": 8, "Actual Rows": 1, "Actual Loops": 1, "Plans": [{"Node Type": "Merge Join", "Parent Relationship": "Outer", "Parallel Aware": false, "Async Capable": false, "Join Type": "Inner", "Startup Cost": 2.11, "Total Cost": 40661178.29, "Plan Rows": 993695462822, "Plan Width": 0, "Actual Rows": 86914174, "Actual Loops": 1, "Inner Unique": false, "Merge Cond": "(u.id = ph.userid)", "Plans": [{"Node Type": "Merge Join", "Parent Relationship": "Outer", "Parallel Aware": false, "Async Capable": false, "Join Type": "Inner", "Startup Cost": 1.38, "Total Cost": 17855.02, "Plan Rows": 25110625, "Plan Width": 12, "Actual Rows": 332175, "Actual Loops": 1, "Inner Unique": false, "Merge Cond": "(u.id = c.userid)", "Plans": [{"Node Type": "Merge Join", "Parent Relationship": "Outer", "Parallel Aware": false, "Async Capable": false, "Join Type": "Inner", "Startup Cost": 0.58, "Total Cost": 6890.46, "Plan Rows": 41576, "Plan Width": 8, "Actual Rows": 35757, "Actual Loops": 1, "Inner Unique": true, "Merge Cond": "(p.owneruserid = u.id)", "Plans": [{"Node Type": "Index Scan", "Parent Relationship": "Outer", "Parallel Aware": false, "Async Capable": false, "Scan Direction": "Forward", "Index Name": "idx_posts_owneruserid", "Relation Name": "posts", "Alias": "p", "Startup Cost": 0.29, "Total Cost": 4783.49, "Plan Rows": 42751, "Plan Width": 4, "Actual Rows": 41963, "Actual Loops": 1, "Filter": "((score >= '-2'::integer) AND (viewcount >= 0) AND (viewcount <= 18281))", "Rows Removed by Filter": 48578}, {"Node Type": "Index Scan", "Parent Relationship": "Inner", "Parallel Aware": false, "Async Capable": false, "Scan Direction": "Forward", "Index Name": "users_pkey", "Relation Name": "users", "Alias": "u", "Startup Cost": 0.29, "Total Cost": 1558.79, "Plan Rows": 39819, "Plan Width": 4, "Actual Rows": 39724, "Actual Loops": 1, "Filter": "((views >= 0) AND (views <= 75))", "Rows Removed by Filter": 506}]}, {"Node Type": "Index Scan", "Parent Relationship": "Inner", "Parallel Aware": false, "Async Capable": false, "Scan Direction": "Forward", "Index Name": "idx_comments_userid", "Relation Name": "comments", "Alias": "c", "Startup Cost": 0.29, "Total Cost": 8694.72, "Plan Rows": 173212, "Plan Width": 4, "Actual Rows": 445451, "Actual Loops": 1, "Filter": "((creationdate >= '2010-07-31 05:18:59'::timestamp without time zone) AND (creationdate <= '2014-09-12 07:59:13'::timestamp without time zone))", "Rows Removed by Filter": 1837}]}, {"Node Type": "Materialize", "Parent Relationship": "Inner", "Parallel Aware": false, "Async Capable": false, "Startup Cost": 0.72, "Total Cost": 36630.03, "Plan Rows": 4667252, "Plan Width": 8, "Actual Rows": 90157453, "Actual Loops": 1, "Plans": [{"Node Type": "Nested Loop", "Parent Relationship": "Outer", "Parallel Aware": false, "Async Capable": false, "Join Type": "Inner", "Startup Cost": 0.72, "Total Cost": 24961.9, "Plan Rows": 4667252, "Plan Width": 8, "Actual Rows": 3494436, "Actual Loops": 1, "Inner Unique": false, "Plans": [{"Node Type": "Index Scan", "Parent Relationship": "Outer", "Parallel Aware": false, "Async Capable": false, "Scan Direction": "Forward", "Index Name": "idx_posthistory_userid", "Relation Name": "posthistory", "Alias": "ph", "Startup Cost": 0.42, "Total Cost": 12849.99, "Plan Rows": 92042, "Plan Width": 4, "Actual Rows": 90520, "Actual Loops": 1, "Filter": "(posthistorytypeid = 2)", "Rows Removed by Filter": 191192}, {"Node Type": "Memoize", "Parent Relationship": "Inner", "Parallel Aware": false, "Async Capable": false, "Startup Cost": 0.3, "Total Cost": 0.39, "Plan Rows": 3, "Plan Width": 4, "Actual Rows": 39, "Actual Loops": 90520, "Cache Key": "ph.userid", "Cache Mode": "logical", "Cache Hits": 68592, "Cache Misses": 21928, "Cache Evictions": 0, "Cache Overflows": 0, "Peak Memory Usage": 3930, "Plans": [{"Node Type": "Index Scan", "Parent Relationship": "Outer", "Parallel Aware": false, "Async Capable": false, "Scan Direction": "Forward", "Index Name": "idx_badges_userid", "Relation Name": "badges", "Alias": "b", "Startup Cost": 0.29, "Total Cost": 0.38, "Plan Rows": 3, "Plan Width": 4, "Actual Rows": 3, "Actual Loops": 21928, "Index Cond": "(userid = ph.userid)", "Rows Removed by Index Recheck": 0, "Filter": "(date >= '2010-10-20 08:33:44'::timestamp without time zone)", "Rows Removed by Filter": 0}]}]}]}]}]}, "Planning Time": 4.978, "Triggers": [], "Execution Time": 7922.066}, {"Plan": {"Node Type": "Aggregate", "Strategy": "Plain", "Partial Mode": "Finalize", "Parallel Aware": false, "Async Capable": false, "Startup Cost": 1502118558.93, "Total Cost": 1502118558.94, "Plan Rows": 1, "Plan Width": 8, "Plans": [{"Node Type": "Gather", "Parent Relationship": "Outer", "Parallel Aware": false, "Async Capable": false, "Startup Cost": 1502118558.81, "Total Cost": 1502118558.92, "Plan Rows": 1, "Plan Width": 8, "Workers Planned": 1, "Single Copy": false, "Plans": [{"Node Type": "Aggregate", "Strategy": "Plain", "Partial Mode": "Partial", "Parent Relationship": "Outer", "Parallel Aware": false, "Async Capable": false, "Startup Cost": 1502117558.81, "Total Cost": 1502117558.82, "Plan Rows": 1, "Plan Width": 8, "Plans": [{"Node Type": "Merge Join", "Parent Relationship": "Outer", "Parallel Aware": false, "Async Capable": false, "Join Type": "Inner", "Startup Cost": 2.65, "Total Cost": 40800701.72, "Plan Rows": 584526742836, "Plan Width": 0, "Inner Unique": false, "Merge Cond": "(u.id = c.userid)", "Plans": [{"Node Type": "Merge Join", "Parent Relationship": "Outer", "Parallel Aware": false, "Async Capable": false, "Join Type": "Inner", "Startup Cost": 0.71, "Total Cost": 12785.06, "Plan Rows": 49740, "Plan Width": 8, "Inner Unique": true, "Merge Cond": "(ph.userid = u.id)", "Plans": [{"Node Type": "Index Scan", "Parent Relationship": "Outer", "Parallel Aware": true, "Async Capable": false, "Scan Direction": "Forward", "Index Name": "idx_posthistory_userid", "Relation Name": "posthistory", "Alias": "ph", "Startup Cost": 0.42, "Total Cost": 11289.47, "Plan Rows": 54142, "Plan Width": 4, "Filter": "(posthistorytypeid = 2)"}, {"Node Type": "Index Scan", "Parent Relationship": "Inner", "Parallel Aware": false, "Async Capable": false, "Scan Direction": "Forward", "Index Name": "users_pkey", "Relation Name": "users", "Alias": "u", "Startup Cost": 0.29, "Total Cost": 1558.79, "Plan Rows": 39819, "Plan Width": 4, "Filter": "((views >= 0) AND (views <= 75))"}]}, {"Node Type": "Materialize", "Parent Relationship": "Inner", "Parallel Aware": false, "Async Capable": false, "Startup Cost": 0.9, "Total Cost": 5896571.28, "Plan Rows": 2235018255, "Plan Width": 12, "Plans": [{"Node Type": "Nested Loop", "Parent Relationship": "Outer", "Parallel Aware": false, "Async Capable": false, "Join Type": "Inner", "Startup Cost": 0.9, "Total Cost": 309025.64, "Plan Rows": 2235018255, "Plan Width": 12, "Inner Unique": false, "Plans": [{"Node Type": "Nested Loop", "Parent Relationship": "Outer", "Parallel Aware": false, "Async Capable": false, "Join Type": "Inner", "Startup Cost": 0.59, "Total Cost": 15182.44, "Plan Rows": 1594031, "Plan Width": 8, "Inner Unique": false, "Plans": [{"Node Type": "Index Scan", "Parent Relationship": "Outer", "Parallel Aware": false, "Async Capable": false, "Scan Direction": "Forward", "Index Name": "idx_posts_owneruserid", "Relation Name": "posts", "Alias": "p", "Startup Cost": 0.29, "Total Cost": 4783.49, "Plan Rows": 42751, "Plan Width": 4, "Filter": "((score >= '-2'::integer) AND (viewcount >= 0) AND (viewcount <= 18281))"}, {"Node Type": "Memoize", "Parent Relationship": "Inner", "Parallel Aware": false, "Async Capable": false, "Startup Cost": 0.3, "Total Cost": 0.42, "Plan Rows": 3, "Plan Width": 4, "Cache Key": "p.owneruserid", "Cache Mode": "logical", "Plans": [{"Node Type": "Index Scan", "Parent Relationship": "Outer", "Parallel Aware": false, "Async Capable": false, "Scan Direction": "Forward", "Index Name": "idx_badges_userid", "Relation Name": "badges", "Alias": "b", "Startup Cost": 0.29, "Total Cost": 0.41, "Plan Rows": 3, "Plan Width": 4, "Index Cond": "(userid = p.owneruserid)", "Filter": "(date >= '2010-10-20 08:33:44'::timestamp without time zone)"}]}]}, {"Node Type": "Memoize", "Parent Relationship": "Inner", "Parallel Aware": false, "Async Capable": false, "Startup Cost": 0.3, "Total Cost": 0.74, "Plan Rows": 13, "Plan Width": 4, "Cache Key": "p.owneruserid", "Cache Mode": "logical", "Plans": [{"Node Type": "Index Scan", "Parent Relationship": "Outer", "Parallel Aware": false, "Async Capable": false, "Scan Direction": "Forward", "Index Name": "idx_comments_userid", "Relation Name": "comments", "Alias": "c", "Startup Cost": 0.29, "Total Cost": 0.73, "Plan Rows": 13, "Plan Width": 4, "Index Cond": "(userid = p.owneruserid)", "Filter": "((creationdate >= '2010-07-31 05:18:59'::timestamp without time zone) AND (creationdate <= '2014-09-12 07:59:13'::timestamp without time zone))"}]}]}]}]}]}]}]}}, {"Plan": {"Node Type": "Aggregate", "Strategy": "Plain", "Partial Mode": "Simple", "Parallel Aware": false, "Async Capable": false, "Startup Cost": 2815403400.55, "Total Cost": 2815403400.56, "Plan Rows": 1, "Plan Width": 8, "Actual Rows": 1, "Actual Loops": 1, "Plans": [{"Node Type": "Merge Join", "Parent Relationship": "Outer", "Parallel Aware": false, "Async Capable": false, "Join Type": "Inner", "Startup Cost": 3338.18, "Total Cost": 331164743.49, "Plan Rows": 993695462822, "Plan Width": 0, "Actual Rows": 86914174, "Actual Loops": 1, "Inner Unique": false, "Merge Cond": "(b.userid = u.id)", "Plans": [{"Node Type": "Index Scan", "Parent Relationship": "Outer", "Parallel Aware": false, "Async Capable": false, "Scan Direction": "Forward", "Index Name": "idx_badges_userid", "Relation Name": "badges", "Alias": "b", "Startup Cost": 0.29, "Total Cost": 3064.97, "Plan Rows": 77323, "Plan Width": 4, "Actual Rows": 77288, "Actual Loops": 1, "Filter": "(date >= '2010-10-20 08:33:44'::timestamp without time zone)", "Rows Removed by Filter": 2519}, {"Node Type": "Materialize", "Parent Relationship": "Inner", "Parallel Aware": false, "Async Capable": false, "Startup Cost": 9.19, "Total Cost": 29242819.33, "Plan Rows": 11496273467, "Plan Width": 16, "Actual Rows": 86916446, "Actual Loops": 1, "Plans": [{"Node Type": "Merge Join", "Parent Relationship": "Outer", "Parallel Aware": false, "Async Capable": false, "Join Type": "Inner", "Startup Cost": 9.19, "Total Cost": 502135.66, "Plan Rows": 11496273467, "Plan Width": 16, "Actual Rows": 6196023, "Actual Loops": 1, "Inner Unique": false, "Merge Cond": "(c.userid = u.id)", "Plans": [{"Node Type": "Index Scan", "Parent Relationship": "Outer", "Parallel Aware": false, "Async Capable": false, "Scan Direction": "Forward", "Index Name": "idx_comments_userid", "Relation Name": "comments", "Alias": "c", "Startup Cost": 0.29, "Total Cost": 8694.72, "Plan Rows": 173212, "Plan Width": 4, "Actual Rows": 170435, "Actual Loops": 1, "Filter": "((creationdate >= '2010-07-31 05:18:59'::timestamp without time zone) AND (creationdate <= '2014-09-12 07:59:13'::timestamp without time zone))", "Rows Removed by Filter": 1101}, {"Node Type": "Materialize", "Parent Relationship": "Inner", "Parallel Aware": false, "Async Capable": false, "Startup Cost": 1.0, "Total Cost": 38712.56, "Plan Rows": 7466426, "Plan Width": 12, "Actual Rows": 6206753, "Actual Loops": 1, "Plans": [{"Node Type": "Merge Join", "Parent Relationship": "Outer", "Parallel Aware": false, "Async Capable": false, "Join Type": "Inner", "Startup Cost": 1.0, "Total Cost": 20046.49, "Plan Rows": 7466426, "Plan Width": 12, "Actual Rows": 236028, "Actual Loops": 1, "Inner Unique": false, "Merge Cond": "(u.id = ph.userid)", "Plans": [{"Node Type": "Merge Join", "Parent Relationship": "Outer", "Parallel Aware": false, "Async Capable": false, "Join Type": "Inner", "Startup Cost": 0.58, "Total Cost": 6890.46, "Plan Rows": 41576, "Plan Width": 8, "Actual Rows": 35757, "Actual Loops": 1, "Inner Unique": true, "Merge Cond": "(p.owneruserid = u.id)", "Plans": [{"Node Type": "Index Scan", "Parent Relationship": "Outer", "Parallel Aware": false, "Async Capable": false, "Scan Direction": "Forward", "Index Name": "idx_posts_owneruserid", "Relation Name": "posts", "Alias": "p", "Startup Cost": 0.29, "Total Cost": 4783.49, "Plan Rows": 42751, "Plan Width": 4, "Actual Rows": 41963, "Actual Loops": 1, "Filter": "((score >= '-2'::integer) AND (viewcount >= 0) AND (viewcount <= 18281))", "Rows Removed by Filter": 48578}, {"Node Type": "Index Scan", "Parent Relationship": "Inner", "Parallel Aware": false, "Async Capable": false, "Scan Direction": "Forward", "Index Name": "users_pkey", "Relation Name": "users", "Alias": "u", "Startup Cost": 0.29, "Total Cost": 1558.79, "Plan Rows": 39819, "Plan Width": 4, "Actual Rows": 39724, "Actual Loops": 1, "Filter": "((views >= 0) AND (views <= 75))", "Rows Removed by Filter": 506}]}, {"Node Type": "Index Scan", "Parent Relationship": "Inner", "Parallel Aware": false, "Async Capable": false, "Scan Direction": "Forward", "Index Name": "idx_posthistory_userid", "Relation Name": "posthistory", "Alias": "ph", "Startup Cost": 0.42, "Total Cost": 12849.99, "Plan Rows": 92042, "Plan Width": 4, "Actual Rows": 282341, "Actual Loops": 1, "Filter": "(posthistorytypeid = 2)", "Rows Removed by Filter": 635978}]}]}]}]}]}]}, "Planning Time": 4.525, "Triggers": [], "Execution Time": 9606.922}]