[{"Plan": {"Node Type": "Aggregate", "Strategy": "Plain", "Partial Mode": "Simple", "Parallel Aware": false, "Async Capable": false, "Startup Cost": 2402.53, "Total Cost": 2402.54, "Plan Rows": 1, "Plan Width": 8, "Actual Rows": 1, "Actual Loops": 1, "Plans": [{"Node Type": "Hash Join", "Parent Relationship": "Outer", "Parallel Aware": false, "Async Capable": false, "Join Type": "Inner", "Startup Cost": 34.95, "Total Cost": 2402.52, "Plan Rows": 6, "Plan Width": 0, "Actual Rows": 5091, "Actual Loops": 1, "Inner Unique": false, "Hash Cond": "(p.id = t.excerptpostid)", "Plans": [{"Node Type": "Merge Join", "Parent Relationship": "Outer", "Parallel Aware": false, "Async Capable": false, "Join Type": "Inner", "Startup Cost": 1.73, "Total Cost": 2365.23, "Plan Rows": 803, "Plan Width": 4, "Actual Rows": 908830, "Actual Loops": 1, "Inner Unique": true, "Merge Cond": "(v.userid = u.id)", "Plans": [{"Node Type": "Merge Join", "Parent Relationship": "Outer", "Parallel Aware": false, "Async Capable": false, "Join Type": "Inner", "Startup Cost": 1.44, "Total Cost": 4279.72, "Plan Rows": 39110, "Plan Width": 16, "Actual Rows": 24804704, "Actual Loops": 1, "Inner Unique": false, "Merge Cond": "(v.userid = b.userid)", "Plans": [{"Node Type": "Merge Join", "Parent Relationship": "Outer", "Parallel Aware": false, "Async Capable": false, "Join Type": "Inner", "Startup Cost": 0.71, "Total Cost": 5861.77, "Plan Rows": 13489, "Plan Width": 12, "Actual Rows": 121174, "Actual Loops": 1, "Inner Unique": false, "Merge Cond": "(v.userid = p.owneruserid)", "Plans": [{"Node Type": "Index Scan", "Parent Relationship": "Outer", "Parallel Aware": false, "Async Capable": false, "Scan Direction": "Forward", "Index Name": "idx_votes_userid", "Relation Name": "votes", "Alias": "v", "Startup Cost": 0.42, "Total Cost": 13242.63, "Plan Rows": 1728, "Plan Width": 4, "Actual Rows": 1086, "Actual Loops": 1, "Filter": "((bountyamount >= 0) AND (bountyamount <= 200))", "Rows Removed by Filter": 36543}, {"Node Type": "Index Scan", "Parent Relationship": "Inner", "Parallel Aware": false, "Async Capable": false, "Scan Direction": "Forward", "Index Name": "idx_posts_owneruserid", "Relation Name": "posts", "Alias": "p", "Startup Cost": 0.29, "Total Cost": 4093.67, "Plan Rows": 91976, "Plan Width": 8, "Actual Rows": 185849, "Actual Loops": 1}]}, {"Node Type": "Index Scan", "Parent Relationship": "Inner", "Parallel Aware": false, "Async Capable": false, "Scan Direction": "Forward", "Index Name": "idx_badges_userid", "Relation Name": "badges", "Alias": "b", "Startup Cost": 0.29, "Total Cost": 3064.97, "Plan Rows": 79733, "Plan Width": 4, "Actual Rows": 24871216, "Actual Loops": 1, "Filter": "(date <= '2014-09-12 12:56:22'::timestamp without time zone)", "Rows Removed by Filter": 93470}]}, {"Node Type": "Index Scan", "Parent Relationship": "Inner", "Parallel Aware": false, "Async Capable": false, "Scan Direction": "Forward", "Index Name": "users_pkey", "Relation Name": "users", "Alias": "u", "Startup Cost": 0.29, "Total Cost": 1760.41, "Plan Rows": 39876, "Plan Width": 4, "Actual Rows": 38814, "Actual Loops": 1, "Filter": "((views >= 0) AND (views <= 515) AND (upvotes >= 0) AND (creationdate <= '2014-09-07 13:46:41'::timestamp without time zone))", "Rows Removed by Filter": 85}]}, {"Node Type": "Hash", "Parent Relationship": "Inner", "Parallel Aware": false, "Async Capable": false, "Startup Cost": 20.32, "Total Cost": 20.32, "Plan Rows": 1032, "Plan Width": 4, "Actual Rows": 596, "Actual Loops": 1, "Hash Buckets": 2048, "Original Hash Buckets": 2048, "Hash Batches": 1, "Original Hash Batches": 1, "Peak Memory Usage": 37, "Plans": [{"Node Type": "Seq Scan", "Parent Relationship": "Outer", "Parallel Aware": false, "Async Capable": false, "Relation Name": "tags", "Alias": "t", "Startup Cost": 0.0, "Total Cost": 20.32, "Plan Rows": 1032, "Plan Width": 4, "Actual Rows": 1032, "Actual Loops": 1}]}]}]}, "Planning Time": 3.691, "Triggers": [], "Execution Time": 5941.72}, {"Plan": {"Node Type": "Aggregate", "Strategy": "Plain", "Partial Mode": "Simple", "Parallel Aware": false, "Async Capable": false, "Startup Cost": 5855.88, "Total Cost": 5855.89, "Plan Rows": 1, "Plan Width": 8, "Actual Rows": 1, "Actual Loops": 1, "Plans": [{"Node Type": "Hash Join", "Parent Relationship": "Outer", "Parallel Aware": false, "Async Capable": false, "Join Type": "Inner", "Startup Cost": 3300.96, "Total Cost": 5855.87, "Plan Rows": 6, "Plan Width": 0, "Actual Rows": 5091, "Actual Loops": 1, "Inner Unique": false, "Hash Cond": "(b.userid = u.id)", "Plans": [{"Node Type": "Nested Loop", "Parent Relationship": "Outer", "Parallel Aware": false, "Async Capable": false, "Join Type": "Inner", "Startup Cost": 33.51, "Total Cost": 2501.46, "Plan Rows": 22915, "Plan Width": 8, "Actual Rows": 78895, "Actual Loops": 1, "Inner Unique": false, "Plans": [{"Node Type": "Hash Join", "Parent Relationship": "Outer", "Parallel Aware": false, "Async Capable": false, "Join Type": "Inner", "Startup Cost": 33.22, "Total Cost": 2258.82, "Plan Rows": 596, "Plan Width": 4, "Actual Rows": 596, "Actual Loops": 1, "Inner Unique": false, "Hash Cond": "(p.id = t.excerptpostid)", "Plans": [{"Node Type": "Seq Scan", "Parent Relationship": "Outer", "Parallel Aware": false, "Async Capable": false, "Relation Name": "posts", "Alias": "p", "Startup Cost": 0.0, "Total Cost": 1759.76, "Plan Rows": 91976, "Plan Width": 8, "Actual Rows": 91976, "Actual Loops": 1}, {"Node Type": "Hash", "Parent Relationship": "Inner", "Parallel Aware": false, "Async Capable": false, "Startup Cost": 20.32, "Total Cost": 20.32, "Plan Rows": 1032, "Plan Width": 4, "Actual Rows": 596, "Actual Loops": 1, "Hash Buckets": 2048, "Original Hash Buckets": 2048, "Hash Batches": 1, "Original Hash Batches": 1, "Peak Memory Usage": 37, "Plans": [{"Node Type": "Seq Scan", "Parent Relationship": "Outer", "Parallel Aware": false, "Async Capable": false, "Relation Name": "tags", "Alias": "t", "Startup Cost": 0.0, "Total Cost": 20.32, "Plan Rows": 1032, "Plan Width": 4, "Actual Rows": 1032, "Actual Loops": 1}]}]}, {"Node Type": "Index Scan", "Parent Relationship": "Inner", "Parallel Aware": false, "Async Capable": false, "Scan Direction": "Forward", "Index Name": "idx_badges_userid", "Relation Name": "badges", "Alias": "b", "Startup Cost": 0.29, "Total Cost": 0.38, "Plan Rows": 3, "Plan Width": 4, "Actual Rows": 132, "Actual Loops": 596, "Index Cond": "(userid = p.owneruserid)", "Rows Removed by Index Recheck": 0, "Filter": "(date <= '2014-09-12 12:56:22'::timestamp without time zone)", "Rows Removed by Filter": 0}]}, {"Node Type": "Hash", "Parent Relationship": "Inner", "Parallel Aware": false, "Async Capable": false, "Startup Cost": 3265.18, "Total Cost": 3265.18, "Plan Rows": 181, "Plan Width": 8, "Actual Rows": 942, "Actual Loops": 1, "Hash Buckets": 1024, "Original Hash Buckets": 1024, "Hash Batches": 1, "Original Hash Batches": 1, "Peak Memory Usage": 45, "Plans": [{"Node Type": "Merge Join", "Parent Relationship": "Outer", "Parallel Aware": false, "Async Capable": false, "Join Type": "Inner", "Startup Cost": 0.71, "Total Cost": 3265.18, "Plan Rows": 181, "Plan Width": 8, "Actual Rows": 942, "Actual Loops": 1, "Inner Unique": false, "Merge Cond": "(u.id = v.userid)", "Plans": [{"Node Type": "Index Scan", "Parent Relationship": "Outer", "Parallel Aware": false, "Async Capable": false, "Scan Direction": "Forward", "Index Name": "users_pkey", "Relation Name": "users", "Alias": "u", "Startup Cost": 0.29, "Total Cost": 1760.41, "Plan Rows": 39876, "Plan Width": 4, "Actual Rows": 39871, "Actual Loops": 1, "Filter": "((views >= 0) AND (views <= 515) AND (upvotes >= 0) AND (creationdate <= '2014-09-07 13:46:41'::timestamp without time zone))", "Rows Removed by Filter": 454}, {"Node Type": "Index Scan", "Parent Relationship": "Inner", "Parallel Aware": false, "Async Capable": false, "Scan Direction": "Forward", "Index Name": "idx_votes_userid", "Relation Name": "votes", "Alias": "v", "Startup Cost": 0.42, "Total Cost": 13242.63, "Plan Rows": 1728, "Plan Width": 4, "Actual Rows": 1085, "Actual Loops": 1, "Filter": "((bountyamount >= 0) AND (bountyamount <= 200))", "Rows Removed by Filter": 33699}]}]}]}]}, "Planning Time": 3.399, "Triggers": [], "Execution Time": 107.958}, {"Plan": {"Node Type": "Aggregate", "Strategy": "Plain", "Partial Mode": "Simple", "Parallel Aware": false, "Async Capable": false, "Startup Cost": 4656.57, "Total Cost": 4656.58, "Plan Rows": 1, "Plan Width": 8, "Actual Rows": 1, "Actual Loops": 1, "Plans": [{"Node Type": "Merge Join", "Parent Relationship": "Outer", "Parallel Aware": false, "Async Capable": false, "Join Type": "Inner", "Startup Cost": 2287.3, "Total Cost": 4656.56, "Plan Rows": 6, "Plan Width": 0, "Actual Rows": 5091, "Actual Loops": 1, "Inner Unique": false, "Merge Cond": "(u.id = p.owneruserid)", "Plans": [{"Node Type": "Merge Join", "Parent Relationship": "Outer", "Parallel Aware": false, "Async Capable": false, "Join Type": "Inner", "Startup Cost": 1.0, "Total Cost": 2366.38, "Plan Rows": 358, "Plan Width": 12, "Actual Rows": 16104, "Actual Loops": 1, "Inner Unique": true, "Merge Cond": "(v.userid = u.id)", "Plans": [{"Node Type": "Merge Join", "Parent Relationship": "Outer", "Parallel Aware": false, "Async Capable": false, "Join Type": "Inner", "Startup Cost": 0.71, "Total Cost": 4717.67, "Plan Rows": 5010, "Plan Width": 8, "Actual Rows": 40861, "Actual Loops": 1, "Inner Unique": false, "Merge Cond": "(v.userid = b.userid)", "Plans": [{"Node Type": "Index Scan", "Parent Relationship": "Outer", "Parallel Aware": false, "Async Capable": false, "Scan Direction": "Forward", "Index Name": "idx_votes_userid", "Relation Name": "votes", "Alias": "v", "Startup Cost": 0.42, "Total Cost": 13242.63, "Plan Rows": 1728, "Plan Width": 4, "Actual Rows": 1047, "Actual Loops": 1, "Filter": "((bountyamount >= 0) AND (bountyamount <= 200))", "Rows Removed by Filter": 32423}, {"Node Type": "Index Scan", "Parent Relationship": "Inner", "Parallel Aware": false, "Async Capable": false, "Scan Direction": "Forward", "Index Name": "idx_badges_userid", "Relation Name": "badges", "Alias": "b", "Startup Cost": 0.29, "Total Cost": 3064.97, "Plan Rows": 79733, "Plan Width": 4, "Actual Rows": 101516, "Actual Loops": 1, "Filter": "(date <= '2014-09-12 12:56:22'::timestamp without time zone)", "Rows Removed by Filter": 110}]}, {"Node Type": "Index Scan", "Parent Relationship": "Inner", "Parallel Aware": false, "Async Capable": false, "Scan Direction": "Forward", "Index Name": "users_pkey", "Relation Name": "users", "Alias": "u", "Startup Cost": 0.29, "Total Cost": 1760.41, "Plan Rows": 39876, "Plan Width": 4, "Actual Rows": 31959, "Actual Loops": 1, "Filter": "((views >= 0) AND (views <= 515) AND (upvotes >= 0) AND (creationdate <= '2014-09-07 13:46:41'::timestamp without time zone))", "Rows Removed by Filter": 85}]}, {"Node Type": "Sort", "Parent Relationship": "Inner", "Parallel Aware": false, "Async Capable": false, "Startup Cost": 2286.29, "Total Cost": 2287.78, "Plan Rows": 596, "Plan Width": 4, "Actual Rows": 5619, "Actual Loops": 1, "Sort Key": ["p.owneruserid"], "Sort Method": "quicksort", "Sort Space Used": 25, "Sort Space Type": "Memory", "Plans": [{"Node Type": "Hash Join", "Parent Relationship": "Outer", "Parallel Aware": false, "Async Capable": false, "Join Type": "Inner", "Startup Cost": 33.22, "Total Cost": 2258.82, "Plan Rows": 596, "Plan Width": 4, "Actual Rows": 596, "Actual Loops": 1, "Inner Unique": false, "Hash Cond": "(p.id = t.excerptpostid)", "Plans": [{"Node Type": "Seq Scan", "Parent Relationship": "Outer", "Parallel Aware": false, "Async Capable": false, "Relation Name": "posts", "Alias": "p", "Startup Cost": 0.0, "Total Cost": 1759.76, "Plan Rows": 91976, "Plan Width": 8, "Actual Rows": 91976, "Actual Loops": 1}, {"Node Type": "Hash", "Parent Relationship": "Inner", "Parallel Aware": false, "Async Capable": false, "Startup Cost": 20.32, "Total Cost": 20.32, "Plan Rows": 1032, "Plan Width": 4, "Actual Rows": 596, "Actual Loops": 1, "Hash Buckets": 2048, "Original Hash Buckets": 2048, "Hash Batches": 1, "Original Hash Batches": 1, "Peak Memory Usage": 37, "Plans": [{"Node Type": "Seq Scan", "Parent Relationship": "Outer", "Parallel Aware": false, "Async Capable": false, "Relation Name": "tags", "Alias": "t", "Startup Cost": 0.0, "Total Cost": 20.32, "Plan Rows": 1032, "Plan Width": 4, "Actual Rows": 1032, "Actual Loops": 1}]}]}]}]}]}, "Planning Time": 3.494, "Triggers": [], "Execution Time": 116.689}, {"Plan": {"Node Type": "Aggregate", "Strategy": "Plain", "Partial Mode": "Simple", "Parallel Aware": false, "Async Capable": false, "Startup Cost": 6084.22, "Total Cost": 6084.23, "Plan Rows": 1, "Plan Width": 8, "Actual Rows": 1, "Actual Loops": 1, "Plans": [{"Node Type": "Hash Join", "Parent Relationship": "Outer", "Parallel Aware": false, "Async Capable": false, "Join Type": "Inner", "Startup Cost": 2788.61, "Total Cost": 6084.2, "Plan Rows": 6, "Plan Width": 0, "Actual Rows": 5091, "Actual Loops": 1, "Inner Unique": false, "Hash Cond": "(u.id = b.userid)", "Plans": [{"Node Type": "Merge Join", "Parent Relationship": "Outer", "Parallel Aware": false, "Async Capable": false, "Join Type": "Inner", "Startup Cost": 0.71, "Total Cost": 3265.18, "Plan Rows": 181, "Plan Width": 8, "Actual Rows": 942, "Actual Loops": 1, "Inner Unique": false, "Merge Cond": "(u.id = v.userid)", "Plans": [{"Node Type": "Index Scan", "Parent Relationship": "Outer", "Parallel Aware": false, "Async Capable": false, "Scan Direction": "Forward", "Index Name": "users_pkey", "Relation Name": "users", "Alias": "u", "Startup Cost": 0.29, "Total Cost": 1760.41, "Plan Rows": 39876, "Plan Width": 4, "Actual Rows": 39871, "Actual Loops": 1, "Filter": "((views >= 0) AND (views <= 515) AND (upvotes >= 0) AND (creationdate <= '2014-09-07 13:46:41'::timestamp without time zone))", "Rows Removed by Filter": 454}, {"Node Type": "Index Scan", "Parent Relationship": "Inner", "Parallel Aware": false, "Async Capable": false, "Scan Direction": "Forward", "Index Name": "idx_votes_userid", "Relation Name": "votes", "Alias": "v", "Startup Cost": 0.42, "Total Cost": 13242.63, "Plan Rows": 1728, "Plan Width": 4, "Actual Rows": 1085, "Actual Loops": 1, "Filter": "((bountyamount >= 0) AND (bountyamount <= 200))", "Rows Removed by Filter": 33699}]}, {"Node Type": "Hash", "Parent Relationship": "Inner", "Parallel Aware": false, "Async Capable": false, "Startup Cost": 2501.46, "Total Cost": 2501.46, "Plan Rows": 22915, "Plan Width": 8, "Actual Rows": 78895, "Actual Loops": 1, "Hash Buckets": 131072, "Original Hash Buckets": 32768, "Hash Batches": 1, "Original Hash Batches": 1, "Peak Memory Usage": 4106, "Plans": [{"Node Type": "Nested Loop", "Parent Relationship": "Outer", "Parallel Aware": false, "Async Capable": false, "Join Type": "Inner", "Startup Cost": 33.51, "Total Cost": 2501.46, "Plan Rows": 22915, "Plan Width": 8, "Actual Rows": 78895, "Actual Loops": 1, "Inner Unique": false, "Plans": [{"Node Type": "Hash Join", "Parent Relationship": "Outer", "Parallel Aware": false, "Async Capable": false, "Join Type": "Inner", "Startup Cost": 33.22, "Total Cost": 2258.82, "Plan Rows": 596, "Plan Width": 4, "Actual Rows": 596, "Actual Loops": 1, "Inner Unique": false, "Hash Cond": "(p.id = t.excerptpostid)", "Plans": [{"Node Type": "Seq Scan", "Parent Relationship": "Outer", "Parallel Aware": false, "Async Capable": false, "Relation Name": "posts", "Alias": "p", "Startup Cost": 0.0, "Total Cost": 1759.76, "Plan Rows": 91976, "Plan Width": 8, "Actual Rows": 91976, "Actual Loops": 1}, {"Node Type": "Hash", "Parent Relationship": "Inner", "Parallel Aware": false, "Async Capable": false, "Startup Cost": 20.32, "Total Cost": 20.32, "Plan Rows": 1032, "Plan Width": 4, "Actual Rows": 596, "Actual Loops": 1, "Hash Buckets": 2048, "Original Hash Buckets": 2048, "Hash Batches": 1, "Original Hash Batches": 1, "Peak Memory Usage": 37, "Plans": [{"Node Type": "Seq Scan", "Parent Relationship": "Outer", "Parallel Aware": false, "Async Capable": false, "Relation Name": "tags", "Alias": "t", "Startup Cost": 0.0, "Total Cost": 20.32, "Plan Rows": 1032, "Plan Width": 4, "Actual Rows": 1032, "Actual Loops": 1}]}]}, {"Node Type": "Index Scan", "Parent Relationship": "Inner", "Parallel Aware": false, "Async Capable": false, "Scan Direction": "Forward", "Index Name": "idx_badges_userid", "Relation Name": "badges", "Alias": "b", "Startup Cost": 0.29, "Total Cost": 0.38, "Plan Rows": 3, "Plan Width": 4, "Actual Rows": 132, "Actual Loops": 596, "Index Cond": "(userid = p.owneruserid)", "Rows Removed by Index Recheck": 0, "Filter": "(date <= '2014-09-12 12:56:22'::timestamp without time zone)", "Rows Removed by Filter": 0}]}]}]}]}, "Planning Time": 3.324, "Triggers": [], "Execution Time": 127.831}, {"Plan": {"Node Type": "Aggregate", "Strategy": "Plain", "Partial Mode": "Simple", "Parallel Aware": false, "Async Capable": false, "Startup Cost": 4201.72, "Total Cost": 4201.73, "Plan Rows": 1, "Plan Width": 8, "Actual Rows": 1, "Actual Loops": 1, "Plans": [{"Node Type": "Merge Join", "Parent Relationship": "Outer", "Parallel Aware": false, "Async Capable": false, "Join Type": "Inner", "Startup Cost": 2287.3, "Total Cost": 4201.7, "Plan Rows": 6, "Plan Width": 0, "Actual Rows": 5091, "Actual Loops": 1, "Inner Unique": false, "Merge Cond": "(u.id = v.userid)", "Plans": [{"Node Type": "Index Scan", "Parent Relationship": "Outer", "Parallel Aware": false, "Async Capable": false, "Scan Direction": "Forward", "Index Name": "users_pkey", "Relation Name": "users", "Alias": "u", "Startup Cost": 0.29, "Total Cost": 1760.41, "Plan Rows": 39876, "Plan Width": 4, "Actual Rows": 31858, "Actual Loops": 1, "Filter": "((views >= 0) AND (views <= 515) AND (upvotes >= 0) AND (creationdate <= '2014-09-07 13:46:41'::timestamp without time zone))", "Rows Removed by Filter": 85}, {"Node Type": "Materialize", "Parent Relationship": "Inner", "Parallel Aware": false, "Async Capable": false, "Startup Cost": 2287.01, "Total Cost": 2793.47, "Plan Rows": 252, "Plan Width": 12, "Actual Rows": 644030, "Actual Loops": 1, "Plans": [{"Node Type": "Merge Join", "Parent Relationship": "Outer", "Parallel Aware": false, "Async Capable": false, "Join Type": "Inner", "Startup Cost": 2287.01, "Total Cost": 2792.84, "Plan Rows": 252, "Plan Width": 12, "Actual Rows": 644030, "Actual Loops": 1, "Inner Unique": false, "Merge Cond": "(v.userid = p.owneruserid)", "Plans": [{"Node Type": "Merge Join", "Parent Relationship": "Outer", "Parallel Aware": false, "Async Capable": false, "Join Type": "Inner", "Startup Cost": 0.71, "Total Cost": 4717.67, "Plan Rows": 5010, "Plan Width": 8, "Actual Rows": 40861, "Actual Loops": 1, "Inner Unique": false, "Merge Cond": "(v.userid = b.userid)", "Plans": [{"Node Type": "Index Scan", "Parent Relationship": "Outer", "Parallel Aware": false, "Async Capable": false, "Scan Direction": "Forward", "Index Name": "idx_votes_userid", "Relation Name": "votes", "Alias": "v", "Startup Cost": 0.42, "Total Cost": 13242.63, "Plan Rows": 1728, "Plan Width": 4, "Actual Rows": 1047, "Actual Loops": 1, "Filter": "((bountyamount >= 0) AND (bountyamount <= 200))", "Rows Removed by Filter": 32423}, {"Node Type": "Index Scan", "Parent Relationship": "Inner", "Parallel Aware": false, "Async Capable": false, "Scan Direction": "Forward", "Index Name": "idx_badges_userid", "Relation Name": "badges", "Alias": "b", "Startup Cost": 0.29, "Total Cost": 3064.97, "Plan Rows": 79733, "Plan Width": 4, "Actual Rows": 101516, "Actual Loops": 1, "Filter": "(date <= '2014-09-12 12:56:22'::timestamp without time zone)", "Rows Removed by Filter": 110}]}, {"Node Type": "Sort", "Parent Relationship": "Inner", "Parallel Aware": false, "Async Capable": false, "Startup Cost": 2286.29, "Total Cost": 2287.78, "Plan Rows": 596, "Plan Width": 4, "Actual Rows": 644210, "Actual Loops": 1, "Sort Key": ["p.owneruserid"], "Sort Method": "quicksort", "Sort Space Used": 25, "Sort Space Type": "Memory", "Plans": [{"Node Type": "Hash Join", "Parent Relationship": "Outer", "Parallel Aware": false, "Async Capable": false, "Join Type": "Inner", "Startup Cost": 33.22, "Total Cost": 2258.82, "Plan Rows": 596, "Plan Width": 4, "Actual Rows": 596, "Actual Loops": 1, "Inner Unique": false, "Hash Cond": "(p.id = t.excerptpostid)", "Plans": [{"Node Type": "Seq Scan", "Parent Relationship": "Outer", "Parallel Aware": false, "Async Capable": false, "Relation Name": "posts", "Alias": "p", "Startup Cost": 0.0, "Total Cost": 1759.76, "Plan Rows": 91976, "Plan Width": 8, "Actual Rows": 91976, "Actual Loops": 1}, {"Node Type": "Hash", "Parent Relationship": "Inner", "Parallel Aware": false, "Async Capable": false, "Startup Cost": 20.32, "Total Cost": 20.32, "Plan Rows": 1032, "Plan Width": 4, "Actual Rows": 596, "Actual Loops": 1, "Hash Buckets": 2048, "Original Hash Buckets": 2048, "Hash Batches": 1, "Original Hash Batches": 1, "Peak Memory Usage": 37, "Plans": [{"Node Type": "Seq Scan", "Parent Relationship": "Outer", "Parallel Aware": false, "Async Capable": false, "Relation Name": "tags", "Alias": "t", "Startup Cost": 0.0, "Total Cost": 20.32, "Plan Rows": 1032, "Plan Width": 4, "Actual Rows": 1032, "Actual Loops": 1}]}]}]}]}]}]}]}, "Planning Time": 3.344, "Triggers": [], "Execution Time": 253.431}, {"Plan": {"Node Type": "Aggregate", "Strategy": "Plain", "Partial Mode": "Simple", "Parallel Aware": false, "Async Capable": false, "Startup Cost": 2402.53, "Total Cost": 2402.54, "Plan Rows": 1, "Plan Width": 8, "Actual Rows": 1, "Actual Loops": 1, "Plans": [{"Node Type": "Hash Join", "Parent Relationship": "Outer", "Parallel Aware": false, "Async Capable": false, "Join Type": "Inner", "Startup Cost": 34.95, "Total Cost": 2402.52, "Plan Rows": 6, "Plan Width": 0, "Actual Rows": 5091, "Actual Loops": 1, "Inner Unique": false, "Hash Cond": "(p.id = t.excerptpostid)", "Plans": [{"Node Type": "Merge Join", "Parent Relationship": "Outer", "Parallel Aware": false, "Async Capable": false, "Join Type": "Inner", "Startup Cost": 1.73, "Total Cost": 2365.23, "Plan Rows": 803, "Plan Width": 4, "Actual Rows": 908830, "Actual Loops": 1, "Inner Unique": true, "Merge Cond": "(v.userid = u.id)", "Plans": [{"Node Type": "Merge Join", "Parent Relationship": "Outer", "Parallel Aware": false, "Async Capable": false, "Join Type": "Inner", "Startup Cost": 1.44, "Total Cost": 4279.72, "Plan Rows": 39110, "Plan Width": 16, "Actual Rows": 24804704, "Actual Loops": 1, "Inner Unique": false, "Merge Cond": "(v.userid = b.userid)", "Plans": [{"Node Type": "Merge Join", "Parent Relationship": "Outer", "Parallel Aware": false, "Async Capable": false, "Join Type": "Inner", "Startup Cost": 0.71, "Total Cost": 5861.77, "Plan Rows": 13489, "Plan Width": 12, "Actual Rows": 121174, "Actual Loops": 1, "Inner Unique": false, "Merge Cond": "(v.userid = p.owneruserid)", "Plans": [{"Node Type": "Index Scan", "Parent Relationship": "Outer", "Parallel Aware": false, "Async Capable": false, "Scan Direction": "Forward", "Index Name": "idx_votes_userid", "Relation Name": "votes", "Alias": "v", "Startup Cost": 0.42, "Total Cost": 13242.63, "Plan Rows": 1728, "Plan Width": 4, "Actual Rows": 1086, "Actual Loops": 1, "Filter": "((bountyamount >= 0) AND (bountyamount <= 200))", "Rows Removed by Filter": 36543}, {"Node Type": "Index Scan", "Parent Relationship": "Inner", "Parallel Aware": false, "Async Capable": false, "Scan Direction": "Forward", "Index Name": "idx_posts_owneruserid", "Relation Name": "posts", "Alias": "p", "Startup Cost": 0.29, "Total Cost": 4093.67, "Plan Rows": 91976, "Plan Width": 8, "Actual Rows": 185849, "Actual Loops": 1}]}, {"Node Type": "Index Scan", "Parent Relationship": "Inner", "Parallel Aware": false, "Async Capable": false, "Scan Direction": "Forward", "Index Name": "idx_badges_userid", "Relation Name": "badges", "Alias": "b", "Startup Cost": 0.29, "Total Cost": 3064.97, "Plan Rows": 79733, "Plan Width": 4, "Actual Rows": 24871216, "Actual Loops": 1, "Filter": "(date <= '2014-09-12 12:56:22'::timestamp without time zone)", "Rows Removed by Filter": 93470}]}, {"Node Type": "Index Scan", "Parent Relationship": "Inner", "Parallel Aware": false, "Async Capable": false, "Scan Direction": "Forward", "Index Name": "users_pkey", "Relation Name": "users", "Alias": "u", "Startup Cost": 0.29, "Total Cost": 1760.41, "Plan Rows": 39876, "Plan Width": 4, "Actual Rows": 38814, "Actual Loops": 1, "Filter": "((views >= 0) AND (views <= 515) AND (upvotes >= 0) AND (creationdate <= '2014-09-07 13:46:41'::timestamp without time zone))", "Rows Removed by Filter": 85}]}, {"Node Type": "Hash", "Parent Relationship": "Inner", "Parallel Aware": false, "Async Capable": false, "Startup Cost": 20.32, "Total Cost": 20.32, "Plan Rows": 1032, "Plan Width": 4, "Actual Rows": 596, "Actual Loops": 1, "Hash Buckets": 2048, "Original Hash Buckets": 2048, "Hash Batches": 1, "Original Hash Batches": 1, "Peak Memory Usage": 37, "Plans": [{"Node Type": "Seq Scan", "Parent Relationship": "Outer", "Parallel Aware": false, "Async Capable": false, "Relation Name": "tags", "Alias": "t", "Startup Cost": 0.0, "Total Cost": 20.32, "Plan Rows": 1032, "Plan Width": 4, "Actual Rows": 1032, "Actual Loops": 1}]}]}]}, "Planning Time": 3.639, "Triggers": [], "Execution Time": 5965.197}, {"Plan": {"Node Type": "Aggregate", "Strategy": "Plain", "Partial Mode": "Simple", "Parallel Aware": false, "Async Capable": false, "Startup Cost": 4657.47, "Total Cost": 4657.48, "Plan Rows": 1, "Plan Width": 8, "Actual Rows": 1, "Actual Loops": 1, "Plans": [{"Node Type": "Merge Join", "Parent Relationship": "Outer", "Parallel Aware": false, "Async Capable": false, "Join Type": "Inner", "Startup Cost": 2287.3, "Total Cost": 4657.45, "Plan Rows": 6, "Plan Width": 0, "Actual Rows": 5091, "Actual Loops": 1, "Inner Unique": false, "Merge Cond": "(p.owneruserid = u.id)", "Plans": [{"Node Type": "Sort", "Parent Relationship": "Outer", "Parallel Aware": false, "Async Capable": false, "Startup Cost": 2286.29, "Total Cost": 2287.78, "Plan Rows": 596, "Plan Width": 4, "Actual Rows": 594, "Actual Loops": 1, "Sort Key": ["p.owneruserid"], "Sort Method": "quicksort", "Sort Space Used": 25, "Sort Space Type": "Memory", "Plans": [{"Node Type": "Hash Join", "Parent Relationship": "Outer", "Parallel Aware": false, "Async Capable": false, "Join Type": "Inner", "Startup Cost": 33.22, "Total Cost": 2258.82, "Plan Rows": 596, "Plan Width": 4, "Actual Rows": 596, "Actual Loops": 1, "Inner Unique": false, "Hash Cond": "(p.id = t.excerptpostid)", "Plans": [{"Node Type": "Seq Scan", "Parent Relationship": "Outer", "Parallel Aware": false, "Async Capable": false, "Relation Name": "posts", "Alias": "p", "Startup Cost": 0.0, "Total Cost": 1759.76, "Plan Rows": 91976, "Plan Width": 8, "Actual Rows": 91976, "Actual Loops": 1}, {"Node Type": "Hash", "Parent Relationship": "Inner", "Parallel Aware": false, "Async Capable": false, "Startup Cost": 20.32, "Total Cost": 20.32, "Plan Rows": 1032, "Plan Width": 4, "Actual Rows": 596, "Actual Loops": 1, "Hash Buckets": 2048, "Original Hash Buckets": 2048, "Hash Batches": 1, "Original Hash Batches": 1, "Peak Memory Usage": 37, "Plans": [{"Node Type": "Seq Scan", "Parent Relationship": "Outer", "Parallel Aware": false, "Async Capable": false, "Relation Name": "tags", "Alias": "t", "Startup Cost": 0.0, "Total Cost": 20.32, "Plan Rows": 1032, "Plan Width": 4, "Actual Rows": 1032, "Actual Loops": 1}]}]}]}, {"Node Type": "Materialize", "Parent Relationship": "Inner", "Parallel Aware": false, "Async Capable": false, "Startup Cost": 1.0, "Total Cost": 2367.28, "Plan Rows": 358, "Plan Width": 12, "Actual Rows": 19565, "Actual Loops": 1, "Plans": [{"Node Type": "Merge Join", "Parent Relationship": "Outer", "Parallel Aware": false, "Async Capable": false, "Join Type": "Inner", "Startup Cost": 1.0, "Total Cost": 2366.38, "Plan Rows": 358, "Plan Width": 12, "Actual Rows": 16104, "Actual Loops": 1, "Inner Unique": true, "Merge Cond": "(v.userid = u.id)", "Plans": [{"Node Type": "Merge Join", "Parent Relationship": "Outer", "Parallel Aware": false, "Async Capable": false, "Join Type": "Inner", "Startup Cost": 0.71, "Total Cost": 4717.67, "Plan Rows": 5010, "Plan Width": 8, "Actual Rows": 40861, "Actual Loops": 1, "Inner Unique": false, "Merge Cond": "(v.userid = b.userid)", "Plans": [{"Node Type": "Index Scan", "Parent Relationship": "Outer", "Parallel Aware": false, "Async Capable": false, "Scan Direction": "Forward", "Index Name": "idx_votes_userid", "Relation Name": "votes", "Alias": "v", "Startup Cost": 0.42, "Total Cost": 13242.63, "Plan Rows": 1728, "Plan Width": 4, "Actual Rows": 1047, "Actual Loops": 1, "Filter": "((bountyamount >= 0) AND (bountyamount <= 200))", "Rows Removed by Filter": 32423}, {"Node Type": "Index Scan", "Parent Relationship": "Inner", "Parallel Aware": false, "Async Capable": false, "Scan Direction": "Forward", "Index Name": "idx_badges_userid", "Relation Name": "badges", "Alias": "b", "Startup Cost": 0.29, "Total Cost": 3064.97, "Plan Rows": 79733, "Plan Width": 4, "Actual Rows": 101516, "Actual Loops": 1, "Filter": "(date <= '2014-09-12 12:56:22'::timestamp without time zone)", "Rows Removed by Filter": 110}]}, {"Node Type": "Index Scan", "Parent Relationship": "Inner", "Parallel Aware": false, "Async Capable": false, "Scan Direction": "Forward", "Index Name": "users_pkey", "Relation Name": "users", "Alias": "u", "Startup Cost": 0.29, "Total Cost": 1760.41, "Plan Rows": 39876, "Plan Width": 4, "Actual Rows": 31959, "Actual Loops": 1, "Filter": "((views >= 0) AND (views <= 515) AND (upvotes >= 0) AND (creationdate <= '2014-09-07 13:46:41'::timestamp without time zone))", "Rows Removed by Filter": 85}]}]}]}]}, "Planning Time": 3.468, "Triggers": [], "Execution Time": 118.075}, {"Plan": {"Node Type": "Aggregate", "Strategy": "Plain", "Partial Mode": "Simple", "Parallel Aware": false, "Async Capable": false, "Startup Cost": 6928.49, "Total Cost": 6928.5, "Plan Rows": 1, "Plan Width": 8, "Actual Rows": 1, "Actual Loops": 1, "Plans": [{"Node Type": "Hash Join", "Parent Relationship": "Outer", "Parallel Aware": false, "Async Capable": false, "Join Type": "Inner", "Startup Cost": 4260.61, "Total Cost": 6928.47, "Plan Rows": 6, "Plan Width": 0, "Actual Rows": 5091, "Actual Loops": 1, "Inner Unique": false, "Hash Cond": "(v.userid = u.id)", "Plans": [{"Node Type": "Nested Loop", "Parent Relationship": "Outer", "Parallel Aware": false, "Async Capable": false, "Join Type": "Inner", "Startup Cost": 33.64, "Total Cost": 2700.89, "Plan Rows": 87, "Plan Width": 8, "Actual Rows": 2642, "Actual Loops": 1, "Inner Unique": false, "Plans": [{"Node Type": "Hash Join", "Parent Relationship": "Outer", "Parallel Aware": false, "Async Capable": false, "Join Type": "Inner", "Startup Cost": 33.22, "Total Cost": 2258.82, "Plan Rows": 596, "Plan Width": 4, "Actual Rows": 596, "Actual Loops": 1, "Inner Unique": false, "Hash Cond": "(p.id = t.excerptpostid)", "Plans": [{"Node Type": "Seq Scan", "Parent Relationship": "Outer", "Parallel Aware": false, "Async Capable": false, "Relation Name": "posts", "Alias": "p", "Startup Cost": 0.0, "Total Cost": 1759.76, "Plan Rows": 91976, "Plan Width": 8, "Actual Rows": 91976, "Actual Loops": 1}, {"Node Type": "Hash", "Parent Relationship": "Inner", "Parallel Aware": false, "Async Capable": false, "Startup Cost": 20.32, "Total Cost": 20.32, "Plan Rows": 1032, "Plan Width": 4, "Actual Rows": 596, "Actual Loops": 1, "Hash Buckets": 2048, "Original Hash Buckets": 2048, "Hash Batches": 1, "Original Hash Batches": 1, "Peak Memory Usage": 37, "Plans": [{"Node Type": "Seq Scan", "Parent Relationship": "Outer", "Parallel Aware": false, "Async Capable": false, "Relation Name": "tags", "Alias": "t", "Startup Cost": 0.0, "Total Cost": 20.32, "Plan Rows": 1032, "Plan Width": 4, "Actual Rows": 1032, "Actual Loops": 1}]}]}, {"Node Type": "Index Scan", "Parent Relationship": "Inner", "Parallel Aware": false, "Async Capable": false, "Scan Direction": "Forward", "Index Name": "idx_votes_userid", "Relation Name": "votes", "Alias": "v", "Startup Cost": 0.42, "Total Cost": 0.73, "Plan Rows": 1, "Plan Width": 4, "Actual Rows": 4, "Actual Loops": 596, "Index Cond": "(userid = p.owneruserid)", "Rows Removed by Index Recheck": 0, "Filter": "((bountyamount >= 0) AND (bountyamount <= 200))", "Rows Removed by Filter": 114}]}, {"Node Type": "Hash", "Parent Relationship": "Inner", "Parallel Aware": false, "Async Capable": false, "Startup Cost": 3241.41, "Total Cost": 3241.41, "Plan Rows": 78845, "Plan Width": 8, "Actual Rows": 72791, "Actual Loops": 1, "Hash Buckets": 131072, "Original Hash Buckets": 131072, "Hash Batches": 1, "Original Hash Batches": 1, "Peak Memory Usage": 3868, "Plans": [{"Node Type": "Hash Join", "Parent Relationship": "Outer", "Parallel Aware": false, "Async Capable": false, "Join Type": "Inner", "Startup Cost": 1601.95, "Total Cost": 3241.41, "Plan Rows": 78845, "Plan Width": 8, "Actual Rows": 72791, "Actual Loops": 1, "Inner Unique": true, "Hash Cond": "(b.userid = u.id)", "Plans": [{"Node Type": "Seq Scan", "Parent Relationship": "Outer", "Parallel Aware": false, "Async Capable": false, "Relation Name": "badges", "Alias": "b", "Startup Cost": 0.0, "Total Cost": 1430.14, "Plan Rows": 79733, "Plan Width": 4, "Actual Rows": 79736, "Actual Loops": 1, "Filter": "(date <= '2014-09-12 12:56:22'::timestamp without time zone)", "Rows Removed by Filter": 115}, {"Node Type": "Hash", "Parent Relationship": "Inner", "Parallel Aware": false, "Async Capable": false, "Startup Cost": 1103.5, "Total Cost": 1103.5, "Plan Rows": 39876, "Plan Width": 4, "Actual Rows": 39871, "Actual Loops": 1, "Hash Buckets": 65536, "Original Hash Buckets": 65536, "Hash Batches": 1, "Original Hash Batches": 1, "Peak Memory Usage": 1914, "Plans": [{"Node Type": "Seq Scan", "Parent Relationship": "Outer", "Parallel Aware": false, "Async Capable": false, "Relation Name": "users", "Alias": "u", "Startup Cost": 0.0, "Total Cost": 1103.5, "Plan Rows": 39876, "Plan Width": 4, "Actual Rows": 39871, "Actual Loops": 1, "Filter": "((views >= 0) AND (views <= 515) AND (upvotes >= 0) AND (creationdate <= '2014-09-07 13:46:41'::timestamp without time zone))", "Rows Removed by Filter": 454}]}]}]}]}]}, "Planning Time": 3.269, "Triggers": [], "Execution Time": 103.489}, {"Plan": {"Node Type": "Aggregate", "Strategy": "Plain", "Partial Mode": "Simple", "Parallel Aware": false, "Async Capable": false, "Startup Cost": 4263.07, "Total Cost": 4263.08, "Plan Rows": 1, "Plan Width": 8, "Actual Rows": 1, "Actual Loops": 1, "Plans": [{"Node Type": "Hash Join", "Parent Relationship": "Outer", "Parallel Aware": false, "Async Capable": false, "Join Type": "Inner", "Startup Cost": 2533.86, "Total Cost": 4263.05, "Plan Rows": 6, "Plan Width": 0, "Actual Rows": 5091, "Actual Loops": 1, "Inner Unique": false, "Hash Cond": "(b.userid = u.id)", "Plans": [{"Node Type": "Seq Scan", "Parent Relationship": "Outer", "Parallel Aware": false, "Async Capable": false, "Relation Name": "badges", "Alias": "b", "Startup Cost": 0.0, "Total Cost": 1430.14, "Plan Rows": 79733, "Plan Width": 4, "Actual Rows": 79736, "Actual Loops": 1, "Filter": "(date <= '2014-09-12 12:56:22'::timestamp without time zone)", "Rows Removed by Filter": 115}, {"Node Type": "Hash", "Parent Relationship": "Inner", "Parallel Aware": false, "Async Capable": false, "Startup Cost": 2533.82, "Total Cost": 2533.82, "Plan Rows": 3, "Plan Width": 12, "Actual Rows": 312, "Actual Loops": 1, "Hash Buckets": 1024, "Original Hash Buckets": 1024, "Hash Batches": 1, "Original Hash Batches": 1, "Peak Memory Usage": 22, "Plans": [{"Node Type": "Hash Join", "Parent Relationship": "Outer", "Parallel Aware": false, "Async Capable": false, "Join Type": "Inner", "Startup Cost": 34.23, "Total Cost": 2533.82, "Plan Rows": 3, "Plan Width": 12, "Actual Rows": 312, "Actual Loops": 1, "Inner Unique": false, "Hash Cond": "(p.id = t.excerptpostid)", "Plans": [{"Node Type": "Merge Join", "Parent Relationship": "Outer", "Parallel Aware": false, "Async Capable": false, "Join Type": "Inner", "Startup Cost": 1.0, "Total Cost": 2498.54, "Plan Rows": 406, "Plan Width": 16, "Actual Rows": 32380, "Actual Loops": 1, "Inner Unique": true, "Merge Cond": "(v.userid = u.id)", "Plans": [{"Node Type": "Merge Join", "Parent Relationship": "Outer", "Parallel Aware": false, "Async Capable": false, "Join Type": "Inner", "Startup Cost": 0.71, "Total Cost": 5861.77, "Plan Rows": 13489, "Plan Width": 12, "Actual Rows": 121174, "Actual Loops": 1, "Inner Unique": false, "Merge Cond": "(v.userid = p.owneruserid)", "Plans": [{"Node Type": "Index Scan", "Parent Relationship": "Outer", "Parallel Aware": false, "Async Capable": false, "Scan Direction": "Forward", "Index Name": "idx_votes_userid", "Relation Name": "votes", "Alias": "v", "Startup Cost": 0.42, "Total Cost": 13242.63, "Plan Rows": 1728, "Plan Width": 4, "Actual Rows": 1086, "Actual Loops": 1, "Filter": "((bountyamount >= 0) AND (bountyamount <= 200))", "Rows Removed by Filter": 36543}, {"Node Type": "Index Scan", "Parent Relationship": "Inner", "Parallel Aware": false, "Async Capable": false, "Scan Direction": "Forward", "Index Name": "idx_posts_owneruserid", "Relation Name": "posts", "Alias": "p", "Startup Cost": 0.29, "Total Cost": 4093.67, "Plan Rows": 91976, "Plan Width": 8, "Actual Rows": 185849, "Actual Loops": 1}]}, {"Node Type": "Index Scan", "Parent Relationship": "Inner", "Parallel Aware": false, "Async Capable": false, "Scan Direction": "Forward", "Index Name": "users_pkey", "Relation Name": "users", "Alias": "u", "Startup Cost": 0.29, "Total Cost": 1760.41, "Plan Rows": 39876, "Plan Width": 4, "Actual Rows": 38814, "Actual Loops": 1, "Filter": "((views >= 0) AND (views <= 515) AND (upvotes >= 0) AND (creationdate <= '2014-09-07 13:46:41'::timestamp without time zone))", "Rows Removed by Filter": 85}]}, {"Node Type": "Hash", "Parent Relationship": "Inner", "Parallel Aware": false, "Async Capable": false, "Startup Cost": 20.32, "Total Cost": 20.32, "Plan Rows": 1032, "Plan Width": 4, "Actual Rows": 596, "Actual Loops": 1, "Hash Buckets": 2048, "Original Hash Buckets": 2048, "Hash Batches": 1, "Original Hash Batches": 1, "Peak Memory Usage": 37, "Plans": [{"Node Type": "Seq Scan", "Parent Relationship": "Outer", "Parallel Aware": false, "Async Capable": false, "Relation Name": "tags", "Alias": "t", "Startup Cost": 0.0, "Total Cost": 20.32, "Plan Rows": 1032, "Plan Width": 4, "Actual Rows": 1032, "Actual Loops": 1}]}]}]}]}]}, "Planning Time": 3.312, "Triggers": [], "Execution Time": 149.678}, {"Plan": {"Node Type": "Aggregate", "Strategy": "Plain", "Partial Mode": "Simple", "Parallel Aware": false, "Async Capable": false, "Startup Cost": 2399.52, "Total Cost": 2399.53, "Plan Rows": 1, "Plan Width": 8, "Actual Rows": 1, "Actual Loops": 1, "Plans": [{"Node Type": "Hash Join", "Parent Relationship": "Outer", "Parallel Aware": false, "Async Capable": false, "Join Type": "Inner", "Startup Cost": 2375.27, "Total Cost": 2399.51, "Plan Rows": 6, "Plan Width": 0, "Actual Rows": 5091, "Actual Loops": 1, "Inner Unique": false, "Hash Cond": "(t.excerptpostid = p.id)", "Plans": [{"Node Type": "Seq Scan", "Parent Relationship": "Outer", "Parallel Aware": false, "Async Capable": false, "Relation Name": "tags", "Alias": "t", "Startup Cost": 0.0, "Total Cost": 20.32, "Plan Rows": 1032, "Plan Width": 4, "Actual Rows": 1032, "Actual Loops": 1}, {"Node Type": "Hash", "Parent Relationship": "Inner", "Parallel Aware": false, "Async Capable": false, "Startup Cost": 2365.23, "Total Cost": 2365.23, "Plan Rows": 803, "Plan Width": 4, "Actual Rows": 908830, "Actual Loops": 1, "Hash Buckets": 1048576, "Original Hash Buckets": 1024, "Hash Batches": 1, "Original Hash Batches": 1, "Peak Memory Usage": 40144, "Plans": [{"Node Type": "Merge Join", "Parent Relationship": "Outer", "Parallel Aware": false, "Async Capable": false, "Join Type": "Inner", "Startup Cost": 1.73, "Total Cost": 2365.23, "Plan Rows": 803, "Plan Width": 4, "Actual Rows": 908830, "Actual Loops": 1, "Inner Unique": true, "Merge Cond": "(v.userid = u.id)", "Plans": [{"Node Type": "Merge Join", "Parent Relationship": "Outer", "Parallel Aware": false, "Async Capable": false, "Join Type": "Inner", "Startup Cost": 1.44, "Total Cost": 4279.72, "Plan Rows": 39110, "Plan Width": 16, "Actual Rows": 24804704, "Actual Loops": 1, "Inner Unique": false, "Merge Cond": "(v.userid = b.userid)", "Plans": [{"Node Type": "Merge Join", "Parent Relationship": "Outer", "Parallel Aware": false, "Async Capable": false, "Join Type": "Inner", "Startup Cost": 0.71, "Total Cost": 5861.77, "Plan Rows": 13489, "Plan Width": 12, "Actual Rows": 121174, "Actual Loops": 1, "Inner Unique": false, "Merge Cond": "(v.userid = p.owneruserid)", "Plans": [{"Node Type": "Index Scan", "Parent Relationship": "Outer", "Parallel Aware": false, "Async Capable": false, "Scan Direction": "Forward", "Index Name": "idx_votes_userid", "Relation Name": "votes", "Alias": "v", "Startup Cost": 0.42, "Total Cost": 13242.63, "Plan Rows": 1728, "Plan Width": 4, "Actual Rows": 1086, "Actual Loops": 1, "Filter": "((bountyamount >= 0) AND (bountyamount <= 200))", "Rows Removed by Filter": 36543}, {"Node Type": "Index Scan", "Parent Relationship": "Inner", "Parallel Aware": false, "Async Capable": false, "Scan Direction": "Forward", "Index Name": "idx_posts_owneruserid", "Relation Name": "posts", "Alias": "p", "Startup Cost": 0.29, "Total Cost": 4093.67, "Plan Rows": 91976, "Plan Width": 8, "Actual Rows": 185849, "Actual Loops": 1}]}, {"Node Type": "Index Scan", "Parent Relationship": "Inner", "Parallel Aware": false, "Async Capable": false, "Scan Direction": "Forward", "Index Name": "idx_badges_userid", "Relation Name": "badges", "Alias": "b", "Startup Cost": 0.29, "Total Cost": 3064.97, "Plan Rows": 79733, "Plan Width": 4, "Actual Rows": 24871216, "Actual Loops": 1, "Filter": "(date <= '2014-09-12 12:56:22'::timestamp without time zone)", "Rows Removed by Filter": 93470}]}, {"Node Type": "Index Scan", "Parent Relationship": "Inner", "Parallel Aware": false, "Async Capable": false, "Scan Direction": "Forward", "Index Name": "users_pkey", "Relation Name": "users", "Alias": "u", "Startup Cost": 0.29, "Total Cost": 1760.41, "Plan Rows": 39876, "Plan Width": 4, "Actual Rows": 38814, "Actual Loops": 1, "Filter": "((views >= 0) AND (views <= 515) AND (upvotes >= 0) AND (creationdate <= '2014-09-07 13:46:41'::timestamp without time zone))", "Rows Removed by Filter": 85}]}]}]}]}, "Planning Time": 3.558, "Triggers": [], "Execution Time": 6373.447}, {"Plan": {"Node Type": "Aggregate", "Strategy": "Plain", "Partial Mode": "Simple", "Parallel Aware": false, "Async Capable": false, "Startup Cost": 2989.33, "Total Cost": 2989.34, "Plan Rows": 1, "Plan Width": 8, "Actual Rows": 1, "Actual Loops": 1, "Plans": [{"Node Type": "Merge Join", "Parent Relationship": "Outer", "Parallel Aware": false, "Async Capable": false, "Join Type": "Inner", "Startup Cost": 2486.01, "Total Cost": 2989.32, "Plan Rows": 6, "Plan Width": 0, "Actual Rows": 5091, "Actual Loops": 1, "Inner Unique": false, "Merge Cond": "(v.userid = u.id)", "Plans": [{"Node Type": "Merge Join", "Parent Relationship": "Outer", "Parallel Aware": false, "Async Capable": false, "Join Type": "Inner", "Startup Cost": 0.71, "Total Cost": 4717.67, "Plan Rows": 5010, "Plan Width": 8, "Actual Rows": 40861, "Actual Loops": 1, "Inner Unique": false, "Merge Cond": "(v.userid = b.userid)", "Plans": [{"Node Type": "Index Scan", "Parent Relationship": "Outer", "Parallel Aware": false, "Async Capable": false, "Scan Direction": "Forward", "Index Name": "idx_votes_userid", "Relation Name": "votes", "Alias": "v", "Startup Cost": 0.42, "Total Cost": 13242.63, "Plan Rows": 1728, "Plan Width": 4, "Actual Rows": 1047, "Actual Loops": 1, "Filter": "((bountyamount >= 0) AND (bountyamount <= 200))", "Rows Removed by Filter": 32423}, {"Node Type": "Index Scan", "Parent Relationship": "Inner", "Parallel Aware": false, "Async Capable": false, "Scan Direction": "Forward", "Index Name": "idx_badges_userid", "Relation Name": "badges", "Alias": "b", "Startup Cost": 0.29, "Total Cost": 3064.97, "Plan Rows": 79733, "Plan Width": 4, "Actual Rows": 101516, "Actual Loops": 1, "Filter": "(date <= '2014-09-12 12:56:22'::timestamp without time zone)", "Rows Removed by Filter": 110}]}, {"Node Type": "Sort", "Parent Relationship": "Inner", "Parallel Aware": false, "Async Capable": false, "Startup Cost": 2485.3, "Total Cost": 2486.75, "Plan Rows": 580, "Plan Width": 8, "Actual Rows": 5106, "Actual Loops": 1, "Sort Key": ["p.owneruserid"], "Sort Method": "quicksort", "Sort Space Used": 31, "Sort Space Type": "Memory", "Plans": [{"Node Type": "Nested Loop", "Parent Relationship": "Outer", "Parallel Aware": false, "Async Capable": false, "Join Type": "Inner", "Startup Cost": 33.51, "Total Cost": 2458.68, "Plan Rows": 580, "Plan Width": 8, "Actual Rows": 218, "Actual Loops": 1, "Inner Unique": true, "Plans": [{"Node Type": "Hash Join", "Parent Relationship": "Outer", "Parallel Aware": false, "Async Capable": false, "Join Type": "Inner", "Startup Cost": 33.22, "Total Cost": 2258.82, "Plan Rows": 596, "Plan Width": 4, "Actual Rows": 596, "Actual Loops": 1, "Inner Unique": false, "Hash Cond": "(p.id = t.excerptpostid)", "Plans": [{"Node Type": "Seq Scan", "Parent Relationship": "Outer", "Parallel Aware": false, "Async Capable": false, "Relation Name": "posts", "Alias": "p", "Startup Cost": 0.0, "Total Cost": 1759.76, "Plan Rows": 91976, "Plan Width": 8, "Actual Rows": 91976, "Actual Loops": 1}, {"Node Type": "Hash", "Parent Relationship": "Inner", "Parallel Aware": false, "Async Capable": false, "Startup Cost": 20.32, "Total Cost": 20.32, "Plan Rows": 1032, "Plan Width": 4, "Actual Rows": 596, "Actual Loops": 1, "Hash Buckets": 2048, "Original Hash Buckets": 2048, "Hash Batches": 1, "Original Hash Batches": 1, "Peak Memory Usage": 37, "Plans": [{"Node Type": "Seq Scan", "Parent Relationship": "Outer", "Parallel Aware": false, "Async Capable": false, "Relation Name": "tags", "Alias": "t", "Startup Cost": 0.0, "Total Cost": 20.32, "Plan Rows": 1032, "Plan Width": 4, "Actual Rows": 1032, "Actual Loops": 1}]}]}, {"Node Type": "Index Scan", "Parent Relationship": "Inner", "Parallel Aware": false, "Async Capable": false, "Scan Direction": "Forward", "Index Name": "users_pkey", "Relation Name": "users", "Alias": "u", "Startup Cost": 0.29, "Total Cost": 0.34, "Plan Rows": 1, "Plan Width": 4, "Actual Rows": 0, "Actual Loops": 596, "Index Cond": "(id = p.owneruserid)", "Rows Removed by Index Recheck": 0, "Filter": "((views >= 0) AND (views <= 515) AND (upvotes >= 0) AND (creationdate <= '2014-09-07 13:46:41'::timestamp without time zone))", "Rows Removed by Filter": 1}]}]}]}]}, "Planning Time": 3.442, "Triggers": [], "Execution Time": 104.861}, {"Plan": {"Node Type": "Aggregate", "Strategy": "Plain", "Partial Mode": "Simple", "Parallel Aware": false, "Async Capable": false, "Startup Cost": 2990.66, "Total Cost": 2990.67, "Plan Rows": 1, "Plan Width": 8, "Actual Rows": 1, "Actual Loops": 1, "Plans": [{"Node Type": "Merge Join", "Parent Relationship": "Outer", "Parallel Aware": false, "Async Capable": false, "Join Type": "Inner", "Startup Cost": 2486.01, "Total Cost": 2990.64, "Plan Rows": 6, "Plan Width": 0, "Actual Rows": 5091, "Actual Loops": 1, "Inner Unique": false, "Merge Cond": "(u.id = v.userid)", "Plans": [{"Node Type": "Sort", "Parent Relationship": "Outer", "Parallel Aware": false, "Async Capable": false, "Startup Cost": 2485.3, "Total Cost": 2486.75, "Plan Rows": 580, "Plan Width": 8, "Actual Rows": 218, "Actual Loops": 1, "Sort Key": ["p.owneruserid"], "Sort Method": "quicksort", "Sort Space Used": 31, "Sort Space Type": "Memory", "Plans": [{"Node Type": "Nested Loop", "Parent Relationship": "Outer", "Parallel Aware": false, "Async Capable": false, "Join Type": "Inner", "Startup Cost": 33.51, "Total Cost": 2458.68, "Plan Rows": 580, "Plan Width": 8, "Actual Rows": 218, "Actual Loops": 1, "Inner Unique": true, "Plans": [{"Node Type": "Hash Join", "Parent Relationship": "Outer", "Parallel Aware": false, "Async Capable": false, "Join Type": "Inner", "Startup Cost": 33.22, "Total Cost": 2258.82, "Plan Rows": 596, "Plan Width": 4, "Actual Rows": 596, "Actual Loops": 1, "Inner Unique": false, "Hash Cond": "(p.id = t.excerptpostid)", "Plans": [{"Node Type": "Seq Scan", "Parent Relationship": "Outer", "Parallel Aware": false, "Async Capable": false, "Relation Name": "posts", "Alias": "p", "Startup Cost": 0.0, "Total Cost": 1759.76, "Plan Rows": 91976, "Plan Width": 8, "Actual Rows": 91976, "Actual Loops": 1}, {"Node Type": "Hash", "Parent Relationship": "Inner", "Parallel Aware": false, "Async Capable": false, "Startup Cost": 20.32, "Total Cost": 20.32, "Plan Rows": 1032, "Plan Width": 4, "Actual Rows": 596, "Actual Loops": 1, "Hash Buckets": 2048, "Original Hash Buckets": 2048, "Hash Batches": 1, "Original Hash Batches": 1, "Peak Memory Usage": 37, "Plans": [{"Node Type": "Seq Scan", "Parent Relationship": "Outer", "Parallel Aware": false, "Async Capable": false, "Relation Name": "tags", "Alias": "t", "Startup Cost": 0.0, "Total Cost": 20.32, "Plan Rows": 1032, "Plan Width": 4, "Actual Rows": 1032, "Actual Loops": 1}]}]}, {"Node Type": "Index Scan", "Parent Relationship": "Inner", "Parallel Aware": false, "Async Capable": false, "Scan Direction": "Forward", "Index Name": "users_pkey", "Relation Name": "users", "Alias": "u", "Startup Cost": 0.29, "Total Cost": 0.34, "Plan Rows": 1, "Plan Width": 4, "Actual Rows": 0, "Actual Loops": 596, "Index Cond": "(id = p.owneruserid)", "Rows Removed by Index Recheck": 0, "Filter": "((views >= 0) AND (views <= 515) AND (upvotes >= 0) AND (creationdate <= '2014-09-07 13:46:41'::timestamp without time zone))", "Rows Removed by Filter": 1}]}]}, {"Node Type": "Materialize", "Parent Relationship": "Inner", "Parallel Aware": false, "Async Capable": false, "Startup Cost": 0.71, "Total Cost": 4730.19, "Plan Rows": 5010, "Plan Width": 8, "Actual Rows": 44322, "Actual Loops": 1, "Plans": [{"Node Type": "Merge Join", "Parent Relationship": "Outer", "Parallel Aware": false, "Async Capable": false, "Join Type": "Inner", "Startup Cost": 0.71, "Total Cost": 4717.67, "Plan Rows": 5010, "Plan Width": 8, "Actual Rows": 40861, "Actual Loops": 1, "Inner Unique": false, "Merge Cond": "(v.userid = b.userid)", "Plans": [{"Node Type": "Index Scan", "Parent Relationship": "Outer", "Parallel Aware": false, "Async Capable": false, "Scan Direction": "Forward", "Index Name": "idx_votes_userid", "Relation Name": "votes", "Alias": "v", "Startup Cost": 0.42, "Total Cost": 13242.63, "Plan Rows": 1728, "Plan Width": 4, "Actual Rows": 1047, "Actual Loops": 1, "Filter": "((bountyamount >= 0) AND (bountyamount <= 200))", "Rows Removed by Filter": 32423}, {"Node Type": "Index Scan", "Parent Relationship": "Inner", "Parallel Aware": false, "Async Capable": false, "Scan Direction": "Forward", "Index Name": "idx_badges_userid", "Relation Name": "badges", "Alias": "b", "Startup Cost": 0.29, "Total Cost": 3064.97, "Plan Rows": 79733, "Plan Width": 4, "Actual Rows": 101516, "Actual Loops": 1, "Filter": "(date <= '2014-09-12 12:56:22'::timestamp without time zone)", "Rows Removed by Filter": 110}]}]}]}]}, "Planning Time": 3.399, "Triggers": [], "Execution Time": 107.649}, {"Plan": {"Node Type": "Aggregate", "Strategy": "Plain", "Partial Mode": "Simple", "Parallel Aware": false, "Async Capable": false, "Startup Cost": 2535.08, "Total Cost": 2535.09, "Plan Rows": 1, "Plan Width": 8, "Actual Rows": 1, "Actual Loops": 1, "Plans": [{"Node Type": "Nested Loop", "Parent Relationship": "Outer", "Parallel Aware": false, "Async Capable": false, "Join Type": "Inner", "Startup Cost": 34.52, "Total Cost": 2535.06, "Plan Rows": 6, "Plan Width": 0, "Actual Rows": 5091, "Actual Loops": 1, "Inner Unique": false, "Join Filter": "(u.id = b.userid)", "Rows Removed by Join Filter": 0, "Plans": [{"Node Type": "Hash Join", "Parent Relationship": "Outer", "Parallel Aware": false, "Async Capable": false, "Join Type": "Inner", "Startup Cost": 34.23, "Total Cost": 2533.82, "Plan Rows": 3, "Plan Width": 12, "Actual Rows": 312, "Actual Loops": 1, "Inner Unique": false, "Hash Cond": "(p.id = t.excerptpostid)", "Plans": [{"Node Type": "Merge Join", "Parent Relationship": "Outer", "Parallel Aware": false, "Async Capable": false, "Join Type": "Inner", "Startup Cost": 1.0, "Total Cost": 2498.54, "Plan Rows": 406, "Plan Width": 16, "Actual Rows": 32380, "Actual Loops": 1, "Inner Unique": true, "Merge Cond": "(v.userid = u.id)", "Plans": [{"Node Type": "Merge Join", "Parent Relationship": "Outer", "Parallel Aware": false, "Async Capable": false, "Join Type": "Inner", "Startup Cost": 0.71, "Total Cost": 5861.77, "Plan Rows": 13489, "Plan Width": 12, "Actual Rows": 121174, "Actual Loops": 1, "Inner Unique": false, "Merge Cond": "(v.userid = p.owneruserid)", "Plans": [{"Node Type": "Index Scan", "Parent Relationship": "Outer", "Parallel Aware": false, "Async Capable": false, "Scan Direction": "Forward", "Index Name": "idx_votes_userid", "Relation Name": "votes", "Alias": "v", "Startup Cost": 0.42, "Total Cost": 13242.63, "Plan Rows": 1728, "Plan Width": 4, "Actual Rows": 1086, "Actual Loops": 1, "Filter": "((bountyamount >= 0) AND (bountyamount <= 200))", "Rows Removed by Filter": 36543}, {"Node Type": "Index Scan", "Parent Relationship": "Inner", "Parallel Aware": false, "Async Capable": false, "Scan Direction": "Forward", "Index Name": "idx_posts_owneruserid", "Relation Name": "posts", "Alias": "p", "Startup Cost": 0.29, "Total Cost": 4093.67, "Plan Rows": 91976, "Plan Width": 8, "Actual Rows": 185849, "Actual Loops": 1}]}, {"Node Type": "Index Scan", "Parent Relationship": "Inner", "Parallel Aware": false, "Async Capable": false, "Scan Direction": "Forward", "Index Name": "users_pkey", "Relation Name": "users", "Alias": "u", "Startup Cost": 0.29, "Total Cost": 1760.41, "Plan Rows": 39876, "Plan Width": 4, "Actual Rows": 38814, "Actual Loops": 1, "Filter": "((views >= 0) AND (views <= 515) AND (upvotes >= 0) AND (creationdate <= '2014-09-07 13:46:41'::timestamp without time zone))", "Rows Removed by Filter": 85}]}, {"Node Type": "Hash", "Parent Relationship": "Inner", "Parallel Aware": false, "Async Capable": false, "Startup Cost": 20.32, "Total Cost": 20.32, "Plan Rows": 1032, "Plan Width": 4, "Actual Rows": 596, "Actual Loops": 1, "Hash Buckets": 2048, "Original Hash Buckets": 2048, "Hash Batches": 1, "Original Hash Batches": 1, "Peak Memory Usage": 37, "Plans": [{"Node Type": "Seq Scan", "Parent Relationship": "Outer", "Parallel Aware": false, "Async Capable": false, "Relation Name": "tags", "Alias": "t", "Startup Cost": 0.0, "Total Cost": 20.32, "Plan Rows": 1032, "Plan Width": 4, "Actual Rows": 1032, "Actual Loops": 1}]}]}, {"Node Type": "Index Scan", "Parent Relationship": "Inner", "Parallel Aware": false, "Async Capable": false, "Scan Direction": "Forward", "Index Name": "idx_badges_userid", "Relation Name": "badges", "Alias": "b", "Startup Cost": 0.29, "Total Cost": 0.38, "Plan Rows": 3, "Plan Width": 4, "Actual Rows": 16, "Actual Loops": 312, "Index Cond": "(userid = p.owneruserid)", "Rows Removed by Index Recheck": 0, "Filter": "(date <= '2014-09-12 12:56:22'::timestamp without time zone)", "Rows Removed by Filter": 0}]}]}, "Planning Time": 3.365, "Triggers": [], "Execution Time": 135.736}, {"Plan": {"Node Type": "Aggregate", "Strategy": "Plain", "Partial Mode": "Simple", "Parallel Aware": false, "Async Capable": false, "Startup Cost": 8542.4, "Total Cost": 8542.41, "Plan Rows": 1, "Plan Width": 8, "Actual Rows": 1, "Actual Loops": 1, "Plans": [{"Node Type": "Merge Join", "Parent Relationship": "Outer", "Parallel Aware": false, "Async Capable": false, "Join Type": "Inner", "Startup Cost": 2287.39, "Total Cost": 8542.38, "Plan Rows": 6, "Plan Width": 0, "Actual Rows": 5091, "Actual Loops": 1, "Inner Unique": false, "Merge Cond": "(u.id = v.userid)", "Plans": [{"Node Type": "Merge Join", "Parent Relationship": "Outer", "Parallel Aware": false, "Async Capable": false, "Join Type": "Inner", "Startup Cost": 0.68, "Total Cost": 5912.81, "Plan Rows": 78845, "Plan Width": 8, "Actual Rows": 65925, "Actual Loops": 1, "Inner Unique": false, "Merge Cond": "(u.id = b.userid)", "Plans": [{"Node Type": "Index Scan", "Parent Relationship": "Outer", "Parallel Aware": false, "Async Capable": false, "Scan Direction": "Forward", "Index Name": "users_pkey", "Relation Name": "users", "Alias": "u", "Startup Cost": 0.29, "Total Cost": 1760.41, "Plan Rows": 39876, "Plan Width": 4, "Actual Rows": 31859, "Actual Loops": 1, "Filter": "((views >= 0) AND (views <= 515) AND (upvotes >= 0) AND (creationdate <= '2014-09-07 13:46:41'::timestamp without time zone))", "Rows Removed by Filter": 85}, {"Node Type": "Index Scan", "Parent Relationship": "Inner", "Parallel Aware": false, "Async Capable": false, "Scan Direction": "Forward", "Index Name": "idx_badges_userid", "Relation Name": "badges", "Alias": "b", "Startup Cost": 0.29, "Total Cost": 3064.97, "Plan Rows": 79733, "Plan Width": 4, "Actual Rows": 72723, "Actual Loops": 1, "Filter": "(date <= '2014-09-12 12:56:22'::timestamp without time zone)", "Rows Removed by Filter": 54}]}, {"Node Type": "Materialize", "Parent Relationship": "Inner", "Parallel Aware": false, "Async Capable": false, "Startup Cost": 2286.72, "Total Cost": 3693.63, "Plan Rows": 87, "Plan Width": 8, "Actual Rows": 7584, "Actual Loops": 1, "Plans": [{"Node Type": "Merge Join", "Parent Relationship": "Outer", "Parallel Aware": false, "Async Capable": false, "Join Type": "Inner", "Startup Cost": 2286.72, "Total Cost": 3693.41, "Plan Rows": 87, "Plan Width": 8, "Actual Rows": 2642, "Actual Loops": 1, "Inner Unique": false, "Merge Cond": "(v.userid = p.owneruserid)", "Plans": [{"Node Type": "Index Scan", "Parent Relationship": "Outer", "Parallel Aware": false, "Async Capable": false, "Scan Direction": "Forward", "Index Name": "idx_votes_userid", "Relation Name": "votes", "Alias": "v", "Startup Cost": 0.42, "Total Cost": 13242.63, "Plan Rows": 1728, "Plan Width": 4, "Actual Rows": 1047, "Actual Loops": 1, "Filter": "((bountyamount >= 0) AND (bountyamount <= 200))", "Rows Removed by Filter": 32423}, {"Node Type": "Sort", "Parent Relationship": "Inner", "Parallel Aware": false, "Async Capable": false, "Startup Cost": 2286.29, "Total Cost": 2287.78, "Plan Rows": 596, "Plan Width": 4, "Actual Rows": 2809, "Actual Loops": 1, "Sort Key": ["p.owneruserid"], "Sort Method": "quicksort", "Sort Space Used": 25, "Sort Space Type": "Memory", "Plans": [{"Node Type": "Hash Join", "Parent Relationship": "Outer", "Parallel Aware": false, "Async Capable": false, "Join Type": "Inner", "Startup Cost": 33.22, "Total Cost": 2258.82, "Plan Rows": 596, "Plan Width": 4, "Actual Rows": 596, "Actual Loops": 1, "Inner Unique": false, "Hash Cond": "(p.id = t.excerptpostid)", "Plans": [{"Node Type": "Seq Scan", "Parent Relationship": "Outer", "Parallel Aware": false, "Async Capable": false, "Relation Name": "posts", "Alias": "p", "Startup Cost": 0.0, "Total Cost": 1759.76, "Plan Rows": 91976, "Plan Width": 8, "Actual Rows": 91976, "Actual Loops": 1}, {"Node Type": "Hash", "Parent Relationship": "Inner", "Parallel Aware": false, "Async Capable": false, "Startup Cost": 20.32, "Total Cost": 20.32, "Plan Rows": 1032, "Plan Width": 4, "Actual Rows": 596, "Actual Loops": 1, "Hash Buckets": 2048, "Original Hash Buckets": 2048, "Hash Batches": 1, "Original Hash Batches": 1, "Peak Memory Usage": 37, "Plans": [{"Node Type": "Seq Scan", "Parent Relationship": "Outer", "Parallel Aware": false, "Async Capable": false, "Relation Name": "tags", "Alias": "t", "Startup Cost": 0.0, "Total Cost": 20.32, "Plan Rows": 1032, "Plan Width": 4, "Actual Rows": 1032, "Actual Loops": 1}]}]}]}]}]}]}]}, "Planning Time": 3.422, "Triggers": [], "Execution Time": 119.026}, {"Plan": {"Node Type": "Aggregate", "Strategy": "Plain", "Partial Mode": "Simple", "Parallel Aware": false, "Async Capable": false, "Startup Cost": 2824.63, "Total Cost": 2824.64, "Plan Rows": 1, "Plan Width": 8, "Actual Rows": 1, "Actual Loops": 1, "Plans": [{"Node Type": "Nested Loop", "Parent Relationship": "Outer", "Parallel Aware": false, "Async Capable": false, "Join Type": "Inner", "Startup Cost": 34.22, "Total Cost": 2824.61, "Plan Rows": 6, "Plan Width": 0, "Actual Rows": 5091, "Actual Loops": 1, "Inner Unique": true, "Join Filter": "(u.id = v.userid)", "Rows Removed by Join Filter": 0, "Plans": [{"Node Type": "Nested Loop", "Parent Relationship": "Outer", "Parallel Aware": false, "Async Capable": false, "Join Type": "Inner", "Startup Cost": 33.93, "Total Cost": 2736.96, "Plan Rows": 252, "Plan Width": 12, "Actual Rows": 644030, "Actual Loops": 1, "Inner Unique": false, "Join Filter": "(v.userid = b.userid)", "Rows Removed by Join Filter": 0, "Plans": [{"Node Type": "Nested Loop", "Parent Relationship": "Outer", "Parallel Aware": false, "Async Capable": false, "Join Type": "Inner", "Startup Cost": 33.64, "Total Cost": 2700.89, "Plan Rows": 87, "Plan Width": 8, "Actual Rows": 2642, "Actual Loops": 1, "Inner Unique": false, "Plans": [{"Node Type": "Hash Join", "Parent Relationship": "Outer", "Parallel Aware": false, "Async Capable": false, "Join Type": "Inner", "Startup Cost": 33.22, "Total Cost": 2258.82, "Plan Rows": 596, "Plan Width": 4, "Actual Rows": 596, "Actual Loops": 1, "Inner Unique": false, "Hash Cond": "(p.id = t.excerptpostid)", "Plans": [{"Node Type": "Seq Scan", "Parent Relationship": "Outer", "Parallel Aware": false, "Async Capable": false, "Relation Name": "posts", "Alias": "p", "Startup Cost": 0.0, "Total Cost": 1759.76, "Plan Rows": 91976, "Plan Width": 8, "Actual Rows": 91976, "Actual Loops": 1}, {"Node Type": "Hash", "Parent Relationship": "Inner", "Parallel Aware": false, "Async Capable": false, "Startup Cost": 20.32, "Total Cost": 20.32, "Plan Rows": 1032, "Plan Width": 4, "Actual Rows": 596, "Actual Loops": 1, "Hash Buckets": 2048, "Original Hash Buckets": 2048, "Hash Batches": 1, "Original Hash Batches": 1, "Peak Memory Usage": 37, "Plans": [{"Node Type": "Seq Scan", "Parent Relationship": "Outer", "Parallel Aware": false, "Async Capable": false, "Relation Name": "tags", "Alias": "t", "Startup Cost": 0.0, "Total Cost": 20.32, "Plan Rows": 1032, "Plan Width": 4, "Actual Rows": 1032, "Actual Loops": 1}]}]}, {"Node Type": "Index Scan", "Parent Relationship": "Inner", "Parallel Aware": false, "Async Capable": false, "Scan Direction": "Forward", "Index Name": "idx_votes_userid", "Relation Name": "votes", "Alias": "v", "Startup Cost": 0.42, "Total Cost": 0.73, "Plan Rows": 1, "Plan Width": 4, "Actual Rows": 4, "Actual Loops": 596, "Index Cond": "(userid = p.owneruserid)", "Rows Removed by Index Recheck": 0, "Filter": "((bountyamount >= 0) AND (bountyamount <= 200))", "Rows Removed by Filter": 114}]}, {"Node Type": "Index Scan", "Parent Relationship": "Inner", "Parallel Aware": false, "Async Capable": false, "Scan Direction": "Forward", "Index Name": "idx_badges_userid", "Relation Name": "badges", "Alias": "b", "Startup Cost": 0.29, "Total Cost": 0.38, "Plan Rows": 3, "Plan Width": 4, "Actual Rows": 244, "Actual Loops": 2642, "Index Cond": "(userid = p.owneruserid)", "Rows Removed by Index Recheck": 0, "Filter": "(date <= '2014-09-12 12:56:22'::timestamp without time zone)", "Rows Removed by Filter": 1}]}, {"Node Type": "Index Scan", "Parent Relationship": "Inner", "Parallel Aware": false, "Async Capable": false, "Scan Direction": "Forward", "Index Name": "users_pkey", "Relation Name": "users", "Alias": "u", "Startup Cost": 0.29, "Total Cost": 0.34, "Plan Rows": 1, "Plan Width": 4, "Actual Rows": 0, "Actual Loops": 644030, "Index Cond": "(id = p.owneruserid)", "Rows Removed by Index Recheck": 0, "Filter": "((views >= 0) AND (views <= 515) AND (upvotes >= 0) AND (creationdate <= '2014-09-07 13:46:41'::timestamp without time zone))", "Rows Removed by Filter": 1}]}]}, "Planning Time": 3.246, "Triggers": [], "Execution Time": 707.417}, {"Plan": {"Node Type": "Aggregate", "Strategy": "Plain", "Partial Mode": "Simple", "Parallel Aware": false, "Async Capable": false, "Startup Cost": 3552.79, "Total Cost": 3552.8, "Plan Rows": 1, "Plan Width": 8, "Actual Rows": 1, "Actual Loops": 1, "Plans": [{"Node Type": "Nested Loop", "Parent Relationship": "Outer", "Parallel Aware": false, "Async Capable": false, "Join Type": "Inner", "Startup Cost": 34.22, "Total Cost": 3552.78, "Plan Rows": 6, "Plan Width": 0, "Actual Rows": 5091, "Actual Loops": 1, "Inner Unique": false, "Join Filter": "(u.id = v.userid)", "Rows Removed by Join Filter": 0, "Plans": [{"Node Type": "Nested Loop", "Parent Relationship": "Outer", "Parallel Aware": false, "Async Capable": false, "Join Type": "Inner", "Startup Cost": 33.8, "Total Cost": 2699.15, "Plan Rows": 1147, "Plan Width": 12, "Actual Rows": 7584, "Actual Loops": 1, "Inner Unique": false, "Join Filter": "(u.id = b.userid)", "Rows Removed by Join Filter": 0, "Plans": [{"Node Type": "Nested Loop", "Parent Relationship": "Outer", "Parallel Aware": false, "Async Capable": false, "Join Type": "Inner", "Startup Cost": 33.51, "Total Cost": 2458.68, "Plan Rows": 580, "Plan Width": 8, "Actual Rows": 218, "Actual Loops": 1, "Inner Unique": true, "Plans": [{"Node Type": "Hash Join", "Parent Relationship": "Outer", "Parallel Aware": false, "Async Capable": false, "Join Type": "Inner", "Startup Cost": 33.22, "Total Cost": 2258.82, "Plan Rows": 596, "Plan Width": 4, "Actual Rows": 596, "Actual Loops": 1, "Inner Unique": false, "Hash Cond": "(p.id = t.excerptpostid)", "Plans": [{"Node Type": "Seq Scan", "Parent Relationship": "Outer", "Parallel Aware": false, "Async Capable": false, "Relation Name": "posts", "Alias": "p", "Startup Cost": 0.0, "Total Cost": 1759.76, "Plan Rows": 91976, "Plan Width": 8, "Actual Rows": 91976, "Actual Loops": 1}, {"Node Type": "Hash", "Parent Relationship": "Inner", "Parallel Aware": false, "Async Capable": false, "Startup Cost": 20.32, "Total Cost": 20.32, "Plan Rows": 1032, "Plan Width": 4, "Actual Rows": 596, "Actual Loops": 1, "Hash Buckets": 2048, "Original Hash Buckets": 2048, "Hash Batches": 1, "Original Hash Batches": 1, "Peak Memory Usage": 37, "Plans": [{"Node Type": "Seq Scan", "Parent Relationship": "Outer", "Parallel Aware": false, "Async Capable": false, "Relation Name": "tags", "Alias": "t", "Startup Cost": 0.0, "Total Cost": 20.32, "Plan Rows": 1032, "Plan Width": 4, "Actual Rows": 1032, "Actual Loops": 1}]}]}, {"Node Type": "Index Scan", "Parent Relationship": "Inner", "Parallel Aware": false, "Async Capable": false, "Scan Direction": "Forward", "Index Name": "users_pkey", "Relation Name": "users", "Alias": "u", "Startup Cost": 0.29, "Total Cost": 0.34, "Plan Rows": 1, "Plan Width": 4, "Actual Rows": 0, "Actual Loops": 596, "Index Cond": "(id = p.owneruserid)", "Rows Removed by Index Recheck": 0, "Filter": "((views >= 0) AND (views <= 515) AND (upvotes >= 0) AND (creationdate <= '2014-09-07 13:46:41'::timestamp without time zone))", "Rows Removed by Filter": 1}]}, {"Node Type": "Index Scan", "Parent Relationship": "Inner", "Parallel Aware": false, "Async Capable": false, "Scan Direction": "Forward", "Index Name": "idx_badges_userid", "Relation Name": "badges", "Alias": "b", "Startup Cost": 0.29, "Total Cost": 0.38, "Plan Rows": 3, "Plan Width": 4, "Actual Rows": 35, "Actual Loops": 218, "Index Cond": "(userid = p.owneruserid)", "Rows Removed by Index Recheck": 0, "Filter": "(date <= '2014-09-12 12:56:22'::timestamp without time zone)", "Rows Removed by Filter": 0}]}, {"Node Type": "Index Scan", "Parent Relationship": "Inner", "Parallel Aware": false, "Async Capable": false, "Scan Direction": "Forward", "Index Name": "idx_votes_userid", "Relation Name": "votes", "Alias": "v", "Startup Cost": 0.42, "Total Cost": 0.73, "Plan Rows": 1, "Plan Width": 4, "Actual Rows": 1, "Actual Loops": 7584, "Index Cond": "(userid = p.owneruserid)", "Rows Removed by Index Recheck": 0, "Filter": "((bountyamount >= 0) AND (bountyamount <= 200))", "Rows Removed by Filter": 14}]}]}, "Planning Time": 2.684, "Triggers": [], "Execution Time": 44.109}, {"Plan": {"Node Type": "Aggregate", "Strategy": "Plain", "Partial Mode": "Simple", "Parallel Aware": false, "Async Capable": false, "Startup Cost": 4166.51, "Total Cost": 4166.52, "Plan Rows": 1, "Plan Width": 8, "Actual Rows": 1, "Actual Loops": 1, "Plans": [{"Node Type": "Merge Join", "Parent Relationship": "Outer", "Parallel Aware": false, "Async Capable": false, "Join Type": "Inner", "Startup Cost": 2757.86, "Total Cost": 4166.49, "Plan Rows": 6, "Plan Width": 0, "Actual Rows": 5091, "Actual Loops": 1, "Inner Unique": false, "Merge Cond": "(v.userid = u.id)", "Plans": [{"Node Type": "Index Scan", "Parent Relationship": "Outer", "Parallel Aware": false, "Async Capable": false, "Scan Direction": "Forward", "Index Name": "idx_votes_userid", "Relation Name": "votes", "Alias": "v", "Startup Cost": 0.42, "Total Cost": 13242.63, "Plan Rows": 1728, "Plan Width": 4, "Actual Rows": 1047, "Actual Loops": 1, "Filter": "((bountyamount >= 0) AND (bountyamount <= 200))", "Rows Removed by Filter": 32423}, {"Node Type": "Sort", "Parent Relationship": "Inner", "Parallel Aware": false, "Async Capable": false, "Startup Cost": 2757.44, "Total Cost": 2760.31, "Plan Rows": 1147, "Plan Width": 12, "Actual Rows": 9051, "Actual Loops": 1, "Sort Key": ["p.owneruserid"], "Sort Method": "quicksort", "Sort Space Used": 489, "Sort Space Type": "Memory", "Plans": [{"Node Type": "Nested Loop", "Parent Relationship": "Outer", "Parallel Aware": false, "Async Capable": false, "Join Type": "Inner", "Startup Cost": 33.8, "Total Cost": 2699.15, "Plan Rows": 1147, "Plan Width": 12, "Actual Rows": 7584, "Actual Loops": 1, "Inner Unique": false, "Join Filter": "(u.id = b.userid)", "Rows Removed by Join Filter": 0, "Plans": [{"Node Type": "Nested Loop", "Parent Relationship": "Outer", "Parallel Aware": false, "Async Capable": false, "Join Type": "Inner", "Startup Cost": 33.51, "Total Cost": 2458.68, "Plan Rows": 580, "Plan Width": 8, "Actual Rows": 218, "Actual Loops": 1, "Inner Unique": true, "Plans": [{"Node Type": "Hash Join", "Parent Relationship": "Outer", "Parallel Aware": false, "Async Capable": false, "Join Type": "Inner", "Startup Cost": 33.22, "Total Cost": 2258.82, "Plan Rows": 596, "Plan Width": 4, "Actual Rows": 596, "Actual Loops": 1, "Inner Unique": false, "Hash Cond": "(p.id = t.excerptpostid)", "Plans": [{"Node Type": "Seq Scan", "Parent Relationship": "Outer", "Parallel Aware": false, "Async Capable": false, "Relation Name": "posts", "Alias": "p", "Startup Cost": 0.0, "Total Cost": 1759.76, "Plan Rows": 91976, "Plan Width": 8, "Actual Rows": 91976, "Actual Loops": 1}, {"Node Type": "Hash", "Parent Relationship": "Inner", "Parallel Aware": false, "Async Capable": false, "Startup Cost": 20.32, "Total Cost": 20.32, "Plan Rows": 1032, "Plan Width": 4, "Actual Rows": 596, "Actual Loops": 1, "Hash Buckets": 2048, "Original Hash Buckets": 2048, "Hash Batches": 1, "Original Hash Batches": 1, "Peak Memory Usage": 37, "Plans": [{"Node Type": "Seq Scan", "Parent Relationship": "Outer", "Parallel Aware": false, "Async Capable": false, "Relation Name": "tags", "Alias": "t", "Startup Cost": 0.0, "Total Cost": 20.32, "Plan Rows": 1032, "Plan Width": 4, "Actual Rows": 1032, "Actual Loops": 1}]}]}, {"Node Type": "Index Scan", "Parent Relationship": "Inner", "Parallel Aware": false, "Async Capable": false, "Scan Direction": "Forward", "Index Name": "users_pkey", "Relation Name": "users", "Alias": "u", "Startup Cost": 0.29, "Total Cost": 0.34, "Plan Rows": 1, "Plan Width": 4, "Actual Rows": 0, "Actual Loops": 596, "Index Cond": "(id = p.owneruserid)", "Rows Removed by Index Recheck": 0, "Filter": "((views >= 0) AND (views <= 515) AND (upvotes >= 0) AND (creationdate <= '2014-09-07 13:46:41'::timestamp without time zone))", "Rows Removed by Filter": 1}]}, {"Node Type": "Index Scan", "Parent Relationship": "Inner", "Parallel Aware": false, "Async Capable": false, "Scan Direction": "Forward", "Index Name": "idx_badges_userid", "Relation Name": "badges", "Alias": "b", "Startup Cost": 0.29, "Total Cost": 0.38, "Plan Rows": 3, "Plan Width": 4, "Actual Rows": 35, "Actual Loops": 218, "Index Cond": "(userid = p.owneruserid)", "Rows Removed by Index Recheck": 0, "Filter": "(date <= '2014-09-12 12:56:22'::timestamp without time zone)", "Rows Removed by Filter": 0}]}]}]}]}, "Planning Time": 2.746, "Triggers": [], "Execution Time": 60.376}]