{"Plan": {"Node Type": "Aggregate", "Strategy": "Plain", "Partial Mode": "Simple", "Parallel Aware": false, "Async Capable": false, "Startup Cost": 3679.16, "Total Cost": 3679.17, "Plan Rows": 1, "Plan Width": 8, "Actual Rows": 1, "Actual Loops": 1, "Plans": [{"Node Type": "Nested Loop", "Parent Relationship": "Outer", "Parallel Aware": false, "Async Capable": false, "Join Type": "Inner", "Startup Cost": 2316.99, "Total Cost": 3678.25, "Plan Rows": 362, "Plan Width": 0, "Actual Rows": 52, "Actual Loops": 1, "Inner Unique": false, "Plans": [{"Node Type": "Hash Join", "Parent Relationship": "Outer", "Parallel Aware": false, "Async Capable": false, "Join Type": "Inner", "Startup Cost": 2316.69, "Total Cost": 2590.24, "Plan Rows": 804, "Plan Width": 4, "Actual Rows": 891, "Actual Loops": 1, "Inner Unique": true, "Hash Cond": "(pl.postid = p.id)", "Plans": [{"Node Type": "Seq Scan", "Parent Relationship": "Outer", "Parallel Aware": false, "Async Capable": false, "Relation Name": "postlinks", "Alias": "pl", "Startup Cost": 0.0, "Total Cost": 248.53, "Plan Rows": 9530, "Plan Width": 4, "Actual Rows": 9470, "Actual Loops": 1, "Filter": "((creationdate >= '2011-07-13 14:02:29'::timestamp without time zone) AND (linktypeid = 1))", "Rows Removed by Filter": 1632}, {"Node Type": "Hash", "Parent Relationship": "Inner", "Parallel Aware": false, "Async Capable": false, "Startup Cost": 2219.64, "Total Cost": 2219.64, "Plan Rows": 7764, "Plan Width": 8, "Actual Rows": 7726, "Actual Loops": 1, "Hash Buckets": 8192, "Original Hash Buckets": 8192, "Hash Batches": 1, "Original Hash Batches": 1, "Peak Memory Usage": 366, "Plans": [{"Node Type": "Seq Scan", "Parent Relationship": "Outer", "Parallel Aware": false, "Async Capable": false, "Relation Name": "posts", "Alias": "p", "Startup Cost": 0.0, "Total Cost": 2219.64, "Plan Rows": 7764, "Plan Width": 8, "Actual Rows": 7726, "Actual Loops": 1, "Filter": "((creationdate >= '2012-02-03 08:57:16'::timestamp without time zone) AND (creationdate <= '2012-06-26 09:18:01'::timestamp without time zone))", "Rows Removed by Filter": 84250}]}]}, {"Node Type": "Index Scan", "Parent Relationship": "Inner", "Parallel Aware": false, "Async Capable": false, "Scan Direction": "Forward", "Index Name": "idx_comments_userid", "Relation Name": "comments", "Alias": "c", "Startup Cost": 0.29, "Total Cost": 1.34, "Plan Rows": 1, "Plan Width": 4, "Actual Rows": 0, "Actual Loops": 891, "Index Cond": "(userid = p.owneruserid)", "Rows Removed by Index Recheck": 0, "Filter": "(score = 8)", "Rows Removed by Filter": 69}]}]}, "Planning Time": 1.032, "Triggers": [], "Execution Time": 33.155}