{"Plan": {"Node Type": "Aggregate", "Strategy": "Plain", "Partial Mode": "Simple", "Parallel Aware": false, "Async Capable": false, "Startup Cost": 1152.91, "Total Cost": 1152.92, "Plan Rows": 1, "Plan Width": 8, "Actual Rows": 1, "Actual Loops": 1, "Plans": [{"Node Type": "Nested Loop", "Parent Relationship": "Outer", "Parallel Aware": false, "Async Capable": false, "Join Type": "Inner", "Startup Cost": 0.59, "Total Cost": 1152.9, "Plan Rows": 1, "Plan Width": 0, "Actual Rows": 1, "Actual Loops": 1, "Inner Unique": false, "Join Filter": "(c.userid = u.id)", "Rows Removed by Join Filter": 0, "Plans": [{"Node Type": "Nested Loop", "Parent Relationship": "Outer", "Parallel Aware": false, "Async Capable": false, "Join Type": "Inner", "Startup Cost": 0.29, "Total Cost": 1148.12, "Plan Rows": 1, "Plan Width": 8, "Actual Rows": 2, "Actual Loops": 1, "Inner Unique": false, "Plans": [{"Node Type": "Seq Scan", "Parent Relationship": "Outer", "Parallel Aware": false, "Async Capable": false, "Relation Name": "users", "Alias": "u", "Startup Cost": 0.0, "Total Cost": 1103.5, "Plan Rows": 3, "Plan Width": 4, "Actual Rows": 2, "Actual Loops": 1, "Filter": "((downvotes <= 808) AND (upvotes >= 4355) AND (creationdate >= '2010-09-23 05:20:46'::timestamp without time zone) AND (creationdate <= '2013-05-19 22:46:43'::timestamp without time zone))", "Rows Removed by Filter": 40323}, {"Node Type": "Index Scan", "Parent Relationship": "Inner", "Parallel Aware": false, "Async Capable": false, "Scan Direction": "Forward", "Index Name": "idx_posts_owneruserid", "Relation Name": "posts", "Alias": "p", "Startup Cost": 0.29, "Total Cost": 14.86, "Plan Rows": 1, "Plan Width": 4, "Actual Rows": 1, "Actual Loops": 2, "Index Cond": "(owneruserid = u.id)", "Rows Removed by Index Recheck": 0, "Filter": "((score >= '-5'::integer) AND (score <= 95) AND (viewcount >= 1617) AND (viewcount <= 116196) AND (answercount <= 32) AND (commentcount <= 20))", "Rows Removed by Filter": 464}]}, {"Node Type": "Index Scan", "Parent Relationship": "Inner", "Parallel Aware": false, "Async Capable": false, "Scan Direction": "Forward", "Index Name": "idx_comments_userid", "Relation Name": "comments", "Alias": "c", "Startup Cost": 0.29, "Total Cost": 4.78, "Plan Rows": 1, "Plan Width": 4, "Actual Rows": 0, "Actual Loops": 2, "Index Cond": "(userid = p.owneruserid)", "Rows Removed by Index Recheck": 0, "Filter": "(score = 13)", "Rows Removed by Filter": 2197}]}]}, "Planning Time": 0.673, "Triggers": [], "Execution Time": 4.48}