{"Plan": {"Node Type": "Aggregate", "Strategy": "Plain", "Partial Mode": "Simple", "Parallel Aware": false, "Async Capable": false, "Startup Cost": 868.91, "Total Cost": 868.92, "Plan Rows": 1, "Plan Width": 8, "Actual Rows": 1, "Actual Loops": 1, "Plans": [{"Node Type": "Nested Loop", "Parent Relationship": "Outer", "Parallel Aware": false, "Async Capable": false, "Join Type": "Inner", "Startup Cost": 0.59, "Total Cost": 868.9, "Plan Rows": 1, "Plan Width": 0, "Actual Rows": 297, "Actual Loops": 1, "Inner Unique": false, "Join Filter": "(c.userid = u.id)", "Rows Removed by Join Filter": 0, "Plans": [{"Node Type": "Nested Loop", "Parent Relationship": "Outer", "Parallel Aware": false, "Async Capable": false, "Join Type": "Inner", "Startup Cost": 0.29, "Total Cost": 864.5, "Plan Rows": 6, "Plan Width": 8, "Actual Rows": 713, "Actual Loops": 1, "Inner Unique": false, "Plans": [{"Node Type": "Seq Scan", "Parent Relationship": "Outer", "Parallel Aware": false, "Async Capable": false, "Relation Name": "users", "Alias": "u", "Startup Cost": 0.0, "Total Cost": 801.06, "Plan Rows": 5, "Plan Width": 4, "Actual Rows": 4, "Actual Loops": 1, "Filter": "(upvotes >= 7651)", "Rows Removed by Filter": 40321}, {"Node Type": "Index Scan", "Parent Relationship": "Inner", "Parallel Aware": false, "Async Capable": false, "Scan Direction": "Forward", "Index Name": "idx_badges_userid", "Relation Name": "badges", "Alias": "b", "Startup Cost": 0.29, "Total Cost": 12.67, "Plan Rows": 2, "Plan Width": 4, "Actual Rows": 178, "Actual Loops": 4, "Index Cond": "(userid = u.id)", "Rows Removed by Index Recheck": 0, "Filter": "((date >= '2011-05-08 18:02:37'::timestamp without time zone) AND (date <= '2013-11-28 22:41:54'::timestamp without time zone))", "Rows Removed by Filter": 94}]}, {"Node Type": "Index Scan", "Parent Relationship": "Inner", "Parallel Aware": false, "Async Capable": false, "Scan Direction": "Forward", "Index Name": "idx_comments_userid", "Relation Name": "comments", "Alias": "c", "Startup Cost": 0.29, "Total Cost": 0.72, "Plan Rows": 1, "Plan Width": 4, "Actual Rows": 0, "Actual Loops": 713, "Index Cond": "(userid = b.userid)", "Rows Removed by Index Recheck": 0, "Filter": "((creationdate >= '2009-12-14 12:01:26'::timestamp without time zone) AND (score = 21))", "Rows Removed by Filter": 7139}]}]}, "Planning Time": 1.008, "Triggers": [], "Execution Time": 664.634}