{"Plan": {"Node Type": "Aggregate", "Strategy": "Plain", "Partial Mode": "Simple", "Parallel Aware": false, "Async Capable": false, "Startup Cost": 2213.61, "Total Cost": 2213.62, "Plan Rows": 1, "Plan Width": 8, "Actual Rows": 1, "Actual Loops": 1, "Plans": [{"Node Type": "Nested Loop", "Parent Relationship": "Outer", "Parallel Aware": false, "Async Capable": false, "Join Type": "Inner", "Startup Cost": 33.64, "Total Cost": 2205.26, "Plan Rows": 3341, "Plan Width": 0, "Actual Rows": 4274, "Actual Loops": 1, "Inner Unique": false, "Plans": [{"Node Type": "Hash Join", "Parent Relationship": "Outer", "Parallel Aware": false, "Async Capable": false, "Join Type": "Inner", "Startup Cost": 33.22, "Total Cost": 2116.43, "Plan Rows": 120, "Plan Width": 4, "Actual Rows": 34, "Actual Loops": 1, "Inner Unique": false, "Hash Cond": "(p.id = t.excerptpostid)", "Plans": [{"Node Type": "Seq Scan", "Parent Relationship": "Outer", "Parallel Aware": false, "Async Capable": false, "Relation Name": "posts", "Alias": "p", "Startup Cost": 0.0, "Total Cost": 1989.7, "Plan Rows": 18463, "Plan Width": 8, "Actual Rows": 18459, "Actual Loops": 1, "Filter": "(creationdate >= '2014-03-24 19:18:31'::timestamp without time zone)", "Rows Removed by Filter": 73517}, {"Node Type": "Hash", "Parent Relationship": "Inner", "Parallel Aware": false, "Async Capable": false, "Startup Cost": 20.32, "Total Cost": 20.32, "Plan Rows": 1032, "Plan Width": 4, "Actual Rows": 596, "Actual Loops": 1, "Hash Buckets": 2048, "Original Hash Buckets": 2048, "Hash Batches": 1, "Original Hash Batches": 1, "Peak Memory Usage": 37, "Plans": [{"Node Type": "Seq Scan", "Parent Relationship": "Outer", "Parallel Aware": false, "Async Capable": false, "Relation Name": "tags", "Alias": "t", "Startup Cost": 0.0, "Total Cost": 20.32, "Plan Rows": 1032, "Plan Width": 4, "Actual Rows": 1032, "Actual Loops": 1}]}]}, {"Node Type": "Index Only Scan", "Parent Relationship": "Inner", "Parallel Aware": false, "Async Capable": false, "Scan Direction": "Forward", "Index Name": "idx_votes_userid", "Relation Name": "votes", "Alias": "v", "Startup Cost": 0.42, "Total Cost": 0.65, "Plan Rows": 9, "Plan Width": 4, "Actual Rows": 126, "Actual Loops": 34, "Index Cond": "(userid = p.owneruserid)", "Rows Removed by Index Recheck": 0, "Heap Fetches": 0}]}]}, "Planning Time": 0.728, "Triggers": [], "Execution Time": 13.891}