{"Plan": {"Node Type": "Aggregate", "Strategy": "Plain", "Partial Mode": "Simple", "Parallel Aware": false, "Async Capable": false, "Startup Cost": 1018.27, "Total Cost": 1018.28, "Plan Rows": 1, "Plan Width": 8, "Actual Rows": 1, "Actual Loops": 1, "Plans": [{"Node Type": "Nested Loop", "Parent Relationship": "Outer", "Parallel Aware": false, "Async Capable": false, "Join Type": "Inner", "Startup Cost": 0.71, "Total Cost": 1018.27, "Plan Rows": 3, "Plan Width": 0, "Actual Rows": 2096, "Actual Loops": 1, "Inner Unique": false, "Plans": [{"Node Type": "Nested Loop", "Parent Relationship": "Outer", "Parallel Aware": false, "Async Capable": false, "Join Type": "Inner", "Startup Cost": 0.29, "Total Cost": 1017.54, "Plan Rows": 1, "Plan Width": 4, "Actual Rows": 709, "Actual Loops": 1, "Inner Unique": false, "Plans": [{"Node Type": "Seq Scan", "Parent Relationship": "Outer", "Parallel Aware": false, "Async Capable": false, "Relation Name": "users", "Alias": "u", "Startup Cost": 0.0, "Total Cost": 1002.69, "Plan Rows": 1, "Plan Width": 4, "Actual Rows": 1, "Actual Loops": 1, "Filter": "((reputation >= 54700) AND (reputation <= 77956) AND (views >= 1250))", "Rows Removed by Filter": 40324}, {"Node Type": "Index Scan", "Parent Relationship": "Inner", "Parallel Aware": false, "Async Capable": false, "Scan Direction": "Forward", "Index Name": "idx_posts_owneruserid", "Relation Name": "posts", "Alias": "p", "Startup Cost": 0.29, "Total Cost": 14.82, "Plan Rows": 3, "Plan Width": 8, "Actual Rows": 709, "Actual Loops": 1, "Index Cond": "(owneruserid = u.id)", "Rows Removed by Index Recheck": 0, "Filter": "((creationdate >= '2009-03-21 23:48:18'::timestamp without time zone) AND (creationdate <= '2013-09-07 20:51:25'::timestamp without time zone))", "Rows Removed by Filter": 1011}]}, {"Node Type": "Index Scan", "Parent Relationship": "Inner", "Parallel Aware": false, "Async Capable": false, "Scan Direction": "Forward", "Index Name": "idx_posthistory_postid", "Relation Name": "posthistory", "Alias": "ph", "Startup Cost": 0.42, "Total Cost": 0.7, "Plan Rows": 3, "Plan Width": 4, "Actual Rows": 3, "Actual Loops": 709, "Index Cond": "(postid = p.id)", "Rows Removed by Index Recheck": 0, "Filter": "(creationdate <= '2014-01-27 22:28:14'::timestamp without time zone)", "Rows Removed by Filter": 0}]}]}, "Planning Time": 0.349, "Triggers": [], "Execution Time": 5.85}