{"Plan": {"Node Type": "Aggregate", "Strategy": "Plain", "Partial Mode": "Simple", "Parallel Aware": false, "Async Capable": false, "Startup Cost": 3423.25, "Total Cost": 3423.26, "Plan Rows": 1, "Plan Width": 8, "Actual Rows": 1, "Actual Loops": 1, "Plans": [{"Node Type": "Nested Loop", "Parent Relationship": "Outer", "Parallel Aware": false, "Async Capable": false, "Join Type": "Inner", "Startup Cost": 970.32, "Total Cost": 3421.43, "Plan Rows": 728, "Plan Width": 0, "Actual Rows": 310, "Actual Loops": 1, "Inner Unique": false, "Join Filter": "(v.userid = p.owneruserid)", "Rows Removed by Join Filter": 0, "Plans": [{"Node Type": "Hash Join", "Parent Relationship": "Outer", "Parallel Aware": false, "Async Capable": false, "Join Type": "Inner", "Startup Cost": 969.9, "Total Cost": 3194.35, "Plan Rows": 244, "Plan Width": 8, "Actual Rows": 115, "Actual Loops": 1, "Inner Unique": true, "Hash Cond": "(p.owneruserid = u.id)", "Plans": [{"Node Type": "Seq Scan", "Parent Relationship": "Outer", "Parallel Aware": false, "Async Capable": false, "Relation Name": "posts", "Alias": "p", "Startup Cost": 0.0, "Total Cost": 2219.64, "Plan Rows": 1833, "Plan Width": 4, "Actual Rows": 1833, "Actual Loops": 1, "Filter": "((commentcount >= 10) AND (commentcount <= 26))", "Rows Removed by Filter": 90143}, {"Node Type": "Hash", "Parent Relationship": "Inner", "Parallel Aware": false, "Async Capable": false, "Startup Cost": 901.88, "Total Cost": 901.88, "Plan Rows": 5442, "Plan Width": 4, "Actual Rows": 5444, "Actual Loops": 1, "Hash Buckets": 8192, "Original Hash Buckets": 8192, "Hash Batches": 1, "Original Hash Batches": 1, "Peak Memory Usage": 256, "Plans": [{"Node Type": "Seq Scan", "Parent Relationship": "Outer", "Parallel Aware": false, "Async Capable": false, "Relation Name": "users", "Alias": "u", "Startup Cost": 0.0, "Total Cost": 901.88, "Plan Rows": 5442, "Plan Width": 4, "Actual Rows": 5444, "Actual Loops": 1, "Filter": "((creationdate >= '2013-12-16 00:06:39'::timestamp without time zone) AND (creationdate <= '2014-04-05 19:24:17'::timestamp without time zone))", "Rows Removed by Filter": 34881}]}]}, {"Node Type": "Index Only Scan", "Parent Relationship": "Inner", "Parallel Aware": false, "Async Capable": false, "Scan Direction": "Forward", "Index Name": "idx_votes_userid", "Relation Name": "votes", "Alias": "v", "Startup Cost": 0.42, "Total Cost": 0.82, "Plan Rows": 9, "Plan Width": 4, "Actual Rows": 3, "Actual Loops": 115, "Index Cond": "(userid = u.id)", "Rows Removed by Index Recheck": 0, "Heap Fetches": 0}]}]}, "Planning Time": 0.812, "Triggers": [], "Execution Time": 14.825}