{"Plan": {"Node Type": "Aggregate", "Strategy": "Plain", "Partial Mode": "Simple", "Parallel Aware": false, "Async Capable": false, "Startup Cost": 1035.8, "Total Cost": 1035.81, "Plan Rows": 1, "Plan Width": 8, "Actual Rows": 1, "Actual Loops": 1, "Plans": [{"Node Type": "Nested Loop", "Parent Relationship": "Outer", "Parallel Aware": false, "Async Capable": false, "Join Type": "Inner", "Startup Cost": 1.01, "Total Cost": 1035.8, "Plan Rows": 1, "Plan Width": 0, "Actual Rows": 827, "Actual Loops": 1, "Inner Unique": false, "Join Filter": "(v.userid = u.id)", "Rows Removed by Join Filter": 0, "Plans": [{"Node Type": "Nested Loop", "Parent Relationship": "Outer", "Parallel Aware": false, "Async Capable": false, "Join Type": "Inner", "Startup Cost": 0.59, "Total Cost": 1035.06, "Plan Rows": 1, "Plan Width": 12, "Actual Rows": 827, "Actual Loops": 1, "Inner Unique": false, "Join Filter": "(c.userid = u.id)", "Rows Removed by Join Filter": 0, "Plans": [{"Node Type": "Nested Loop", "Parent Relationship": "Outer", "Parallel Aware": false, "Async Capable": false, "Join Type": "Inner", "Startup Cost": 0.29, "Total Cost": 1032.39, "Plan Rows": 4, "Plan Width": 8, "Actual Rows": 827, "Actual Loops": 1, "Inner Unique": false, "Plans": [{"Node Type": "Seq Scan", "Parent Relationship": "Outer", "Parallel Aware": false, "Async Capable": false, "Relation Name": "users", "Alias": "u", "Startup Cost": 0.0, "Total Cost": 1002.69, "Plan Rows": 2, "Plan Width": 4, "Actual Rows": 1, "Actual Loops": 1, "Filter": "((upvotes >= 7288) AND (upvotes <= 9272) AND (creationdate >= '2011-02-18 16:36:19'::timestamp without time zone))", "Rows Removed by Filter": 40324}, {"Node Type": "Index Scan", "Parent Relationship": "Inner", "Parallel Aware": false, "Async Capable": false, "Scan Direction": "Forward", "Index Name": "idx_posts_owneruserid", "Relation Name": "posts", "Alias": "p", "Startup Cost": 0.29, "Total Cost": 14.81, "Plan Rows": 4, "Plan Width": 4, "Actual Rows": 827, "Actual Loops": 1, "Index Cond": "(owneruserid = u.id)", "Rows Removed by Index Recheck": 0, "Filter": "(creationdate >= '2009-02-19 21:10:05'::timestamp without time zone)", "Rows Removed by Filter": 0}]}, {"Node Type": "Index Scan", "Parent Relationship": "Inner", "Parallel Aware": false, "Async Capable": false, "Scan Direction": "Forward", "Index Name": "idx_comments_userid", "Relation Name": "comments", "Alias": "c", "Startup Cost": 0.29, "Total Cost": 0.65, "Plan Rows": 1, "Plan Width": 4, "Actual Rows": 1, "Actual Loops": 827, "Index Cond": "(userid = p.owneruserid)", "Rows Removed by Index Recheck": 0, "Filter": "((creationdate <= '2012-04-10 11:06:42'::timestamp without time zone) AND (score = 7))", "Rows Removed by Filter": 3869}]}, {"Node Type": "Index Scan", "Parent Relationship": "Inner", "Parallel Aware": false, "Async Capable": false, "Scan Direction": "Forward", "Index Name": "idx_votes_userid", "Relation Name": "votes", "Alias": "v", "Startup Cost": 0.42, "Total Cost": 0.73, "Plan Rows": 1, "Plan Width": 4, "Actual Rows": 1, "Actual Loops": 827, "Index Cond": "(userid = p.owneruserid)", "Rows Removed by Index Recheck": 0, "Filter": "((bountyamount <= 219) AND (creationdate <= '2013-01-18 19:48:02'::timestamp without time zone))", "Rows Removed by Filter": 319}]}]}, "Planning Time": 2.021, "Triggers": [], "Execution Time": 545.874}