{"Plan": {"Node Type": "Aggregate", "Strategy": "Plain", "Partial Mode": "Simple", "Parallel Aware": false, "Async Capable": false, "Startup Cost": 1468.62, "Total Cost": 1468.63, "Plan Rows": 1, "Plan Width": 8, "Actual Rows": 1, "Actual Loops": 1, "Plans": [{"Node Type": "Nested Loop", "Parent Relationship": "Outer", "Parallel Aware": false, "Async Capable": false, "Join Type": "Inner", "Startup Cost": 1.01, "Total Cost": 1468.61, "Plan Rows": 5, "Plan Width": 0, "Actual Rows": 17753, "Actual Loops": 1, "Inner Unique": false, "Plans": [{"Node Type": "Nested Loop", "Parent Relationship": "Outer", "Parallel Aware": false, "Async Capable": false, "Join Type": "Inner", "Startup Cost": 0.58, "Total Cost": 1441.65, "Plan Rows": 2, "Plan Width": 4, "Actual Rows": 580, "Actual Loops": 1, "Inner Unique": false, "Join Filter": "(p.owneruserid = u.id)", "Rows Removed by Join Filter": 0, "Plans": [{"Node Type": "Nested Loop", "Parent Relationship": "Outer", "Parallel Aware": false, "Async Capable": false, "Join Type": "Inner", "Startup Cost": 0.29, "Total Cost": 1428.08, "Plan Rows": 24, "Plan Width": 8, "Actual Rows": 659, "Actual Loops": 1, "Inner Unique": false, "Plans": [{"Node Type": "Seq Scan", "Parent Relationship": "Outer", "Parallel Aware": false, "Async Capable": false, "Relation Name": "users", "Alias": "u", "Startup Cost": 0.0, "Total Cost": 1002.69, "Plan Rows": 37, "Plan Width": 4, "Actual Rows": 23, "Actual Loops": 1, "Filter": "((downvotes <= 1761) AND (upvotes >= 1126) AND (creationdate >= '2010-09-12 00:00:33'::timestamp without time zone))", "Rows Removed by Filter": 40302}, {"Node Type": "Index Scan", "Parent Relationship": "Inner", "Parallel Aware": false, "Async Capable": false, "Scan Direction": "Forward", "Index Name": "idx_badges_userid", "Relation Name": "badges", "Alias": "b", "Startup Cost": 0.29, "Total Cost": 11.49, "Plan Rows": 1, "Plan Width": 4, "Actual Rows": 29, "Actual Loops": 23, "Index Cond": "(userid = u.id)", "Rows Removed by Index Recheck": 0, "Filter": "((date >= '2012-05-28 12:08:46'::timestamp without time zone) AND (date <= '2013-08-16 06:20:43'::timestamp without time zone))", "Rows Removed by Filter": 44}]}, {"Node Type": "Index Scan", "Parent Relationship": "Inner", "Parallel Aware": false, "Async Capable": false, "Scan Direction": "Forward", "Index Name": "idx_posts_owneruserid", "Relation Name": "posts", "Alias": "p", "Startup Cost": 0.29, "Total Cost": 0.55, "Plan Rows": 1, "Plan Width": 8, "Actual Rows": 1, "Actual Loops": 659, "Index Cond": "(owneruserid = b.userid)", "Rows Removed by Index Recheck": 0, "Filter": "((score >= '-6'::integer) AND (favoritecount >= 11) AND (favoritecount <= 220) AND (posttypeid = 1))", "Rows Removed by Filter": 350}]}, {"Node Type": "Index Scan", "Parent Relationship": "Inner", "Parallel Aware": false, "Async Capable": false, "Scan Direction": "Forward", "Index Name": "idx_votes_postid", "Relation Name": "votes", "Alias": "v", "Startup Cost": 0.42, "Total Cost": 13.45, "Plan Rows": 3, "Plan Width": 4, "Actual Rows": 31, "Actual Loops": 580, "Index Cond": "(postid = p.id)", "Rows Removed by Index Recheck": 0, "Filter": "(creationdate <= '2013-08-05 07:00:00'::timestamp without time zone)", "Rows Removed by Filter": 17}]}]}, "Planning Time": 0.846, "Triggers": [], "Execution Time": 51.014}