{"Plan": {"Node Type": "Aggregate", "Strategy": "Plain", "Partial Mode": "Simple", "Parallel Aware": false, "Async Capable": false, "Startup Cost": 4042.16, "Total Cost": 4042.17, "Plan Rows": 1, "Plan Width": 8, "Actual Rows": 1, "Actual Loops": 1, "Plans": [{"Node Type": "Merge Join", "Parent Relationship": "Outer", "Parallel Aware": false, "Async Capable": false, "Join Type": "Inner", "Startup Cost": 3.15, "Total Cost": 3884.03, "Plan Rows": 63254, "Plan Width": 0, "Actual Rows": 466499, "Actual Loops": 1, "Inner Unique": true, "Merge Cond": "(v.userid = u.id)", "Plans": [{"Node Type": "Merge Join", "Parent Relationship": "Outer", "Parallel Aware": false, "Async Capable": false, "Join Type": "Inner", "Startup Cost": 2.86, "Total Cost": 14193.49, "Plan Rows": 817800, "Plan Width": 12, "Actual Rows": 7162027, "Actual Loops": 1, "Inner Unique": false, "Merge Cond": "(b.userid = v.userid)", "Plans": [{"Node Type": "Index Scan", "Parent Relationship": "Outer", "Parallel Aware": false, "Async Capable": false, "Scan Direction": "Forward", "Index Name": "idx_badges_userid", "Relation Name": "badges", "Alias": "b", "Startup Cost": 0.29, "Total Cost": 3264.6, "Plan Rows": 21627, "Plan Width": 4, "Actual Rows": 21622, "Actual Loops": 1, "Filter": "((date >= '2011-03-14 10:17:29'::timestamp without time zone) AND (date <= '2012-11-04 19:45:14'::timestamp without time zone))", "Rows Removed by Filter": 58229}, {"Node Type": "Materialize", "Parent Relationship": "Inner", "Parallel Aware": false, "Async Capable": false, "Startup Cost": 0.71, "Total Cost": 22895.29, "Plan Rows": 1039868, "Plan Width": 8, "Actual Rows": 7180223, "Actual Loops": 1, "Plans": [{"Node Type": "Merge Join", "Parent Relationship": "Outer", "Parallel Aware": false, "Async Capable": false, "Join Type": "Inner", "Startup Cost": 0.71, "Total Cost": 20295.62, "Plan Rows": 1039868, "Plan Width": 8, "Actual Rows": 314623, "Actual Loops": 1, "Inner Unique": false, "Merge Cond": "(p.owneruserid = v.userid)", "Plans": [{"Node Type": "Index Scan", "Parent Relationship": "Outer", "Parallel Aware": false, "Async Capable": false, "Scan Direction": "Forward", "Index Name": "idx_posts_owneruserid", "Relation Name": "posts", "Alias": "p", "Startup Cost": 0.29, "Total Cost": 4553.55, "Plan Rows": 42889, "Plan Width": 4, "Actual Rows": 24784, "Actual Loops": 1, "Filter": "((score <= 67) AND (answercount <= 109))", "Rows Removed by Filter": 39722}, {"Node Type": "Materialize", "Parent Relationship": "Inner", "Parallel Aware": false, "Async Capable": false, "Startup Cost": 0.42, "Total Cost": 13136.63, "Plan Rows": 285664, "Plan Width": 4, "Actual Rows": 319869, "Actual Loops": 1, "Plans": [{"Node Type": "Index Scan", "Parent Relationship": "Outer", "Parallel Aware": false, "Async Capable": false, "Scan Direction": "Forward", "Index Name": "idx_votes_userid", "Relation Name": "votes", "Alias": "v", "Startup Cost": 0.42, "Total Cost": 12422.47, "Plan Rows": 285664, "Plan Width": 4, "Actual Rows": 24821, "Actual Loops": 1, "Filter": "(creationdate <= '2014-04-29 20:01:08'::timestamp without time zone)", "Rows Removed by Filter": 2271}]}]}]}]}, {"Node Type": "Index Scan", "Parent Relationship": "Inner", "Parallel Aware": false, "Async Capable": false, "Scan Direction": "Forward", "Index Name": "users_pkey", "Relation Name": "users", "Alias": "u", "Startup Cost": 0.29, "Total Cost": 1457.98, "Plan Rows": 29493, "Plan Width": 4, "Actual Rows": 6887, "Actual Loops": 1, "Filter": "(creationdate >= '2012-09-05 23:58:06'::timestamp without time zone)", "Rows Removed by Filter": 10829}]}]}, "Planning Time": 2.925, "Triggers": [], "Execution Time": 883.543}