{"Plan": {"Node Type": "Aggregate", "Strategy": "Plain", "Partial Mode": "Simple", "Parallel Aware": false, "Async Capable": false, "Startup Cost": 2685.44, "Total Cost": 2685.45, "Plan Rows": 1, "Plan Width": 8, "Actual Rows": 1, "Actual Loops": 1, "Plans": [{"Node Type": "Merge Join", "Parent Relationship": "Outer", "Parallel Aware": false, "Async Capable": false, "Join Type": "Inner", "Startup Cost": 2.69, "Total Cost": 2632.06, "Plan Rows": 21353, "Plan Width": 0, "Actual Rows": 252336, "Actual Loops": 1, "Inner Unique": true, "Merge Cond": "(v.userid = u.id)", "Plans": [{"Node Type": "Merge Join", "Parent Relationship": "Outer", "Parallel Aware": false, "Async Capable": false, "Join Type": "Inner", "Startup Cost": 2.4, "Total Cost": 7657.57, "Plan Rows": 236375, "Plan Width": 12, "Actual Rows": 2702022, "Actual Loops": 1, "Inner Unique": false, "Merge Cond": "(b.userid = v.userid)", "Plans": [{"Node Type": "Index Scan", "Parent Relationship": "Outer", "Parallel Aware": false, "Async Capable": false, "Scan Direction": "Forward", "Index Name": "idx_badges_userid", "Relation Name": "badges", "Alias": "b", "Startup Cost": 0.29, "Total Cost": 3264.6, "Plan Rows": 9397, "Plan Width": 4, "Actual Rows": 9407, "Actual Loops": 1, "Filter": "((date >= '2011-12-19 05:33:14'::timestamp without time zone) AND (date <= '2012-08-04 09:31:57'::timestamp without time zone))", "Rows Removed by Filter": 70444}, {"Node Type": "Materialize", "Parent Relationship": "Inner", "Parallel Aware": false, "Async Capable": false, "Startup Cost": 0.71, "Total Cost": 17230.8, "Plan Rows": 691736, "Plan Width": 8, "Actual Rows": 2708252, "Actual Loops": 1, "Plans": [{"Node Type": "Merge Join", "Parent Relationship": "Outer", "Parallel Aware": false, "Async Capable": false, "Join Type": "Inner", "Startup Cost": 0.71, "Total Cost": 15501.46, "Plan Rows": 691736, "Plan Width": 8, "Actual Rows": 210949, "Actual Loops": 1, "Inner Unique": false, "Merge Cond": "(p.owneruserid = v.userid)", "Plans": [{"Node Type": "Index Scan", "Parent Relationship": "Outer", "Parallel Aware": false, "Async Capable": false, "Scan Direction": "Forward", "Index Name": "idx_posts_owneruserid", "Relation Name": "posts", "Alias": "p", "Startup Cost": 0.29, "Total Cost": 4553.55, "Plan Rows": 42898, "Plan Width": 4, "Actual Rows": 16476, "Actual Loops": 1, "Filter": "((score <= 78) AND (answercount <= 110))", "Rows Removed by Filter": 33149}, {"Node Type": "Materialize", "Parent Relationship": "Inner", "Parallel Aware": false, "Async Capable": false, "Startup Cost": 0.42, "Total Cost": 12897.44, "Plan Rows": 189988, "Plan Width": 4, "Actual Rows": 213889, "Actual Loops": 1, "Plans": [{"Node Type": "Index Scan", "Parent Relationship": "Outer", "Parallel Aware": false, "Async Capable": false, "Scan Direction": "Forward", "Index Name": "idx_votes_userid", "Relation Name": "votes", "Alias": "v", "Startup Cost": 0.42, "Total Cost": 12422.47, "Plan Rows": 189988, "Plan Width": 4, "Actual Rows": 15604, "Actual Loops": 1, "Filter": "(creationdate <= '2013-06-04 09:27:12'::timestamp without time zone)", "Rows Removed by Filter": 5005}]}]}]}]}, {"Node Type": "Index Scan", "Parent Relationship": "Inner", "Parallel Aware": false, "Async Capable": false, "Scan Direction": "Forward", "Index Name": "users_pkey", "Relation Name": "users", "Alias": "u", "Startup Cost": 0.29, "Total Cost": 1457.98, "Plan Rows": 34446, "Plan Width": 4, "Actual Rows": 4268, "Actual Loops": 1, "Filter": "(creationdate >= '2011-12-15 13:31:45'::timestamp without time zone)", "Rows Removed by Filter": 5871}]}]}, "Planning Time": 2.885, "Triggers": [], "Execution Time": 413.329}