{"Plan": {"Node Type": "Aggregate", "Strategy": "Plain", "Partial Mode": "Simple", "Parallel Aware": false, "Async Capable": false, "Startup Cost": 4418.82, "Total Cost": 4418.83, "Plan Rows": 1, "Plan Width": 8, "Actual Rows": 1, "Actual Loops": 1, "Plans": [{"Node Type": "Merge Join", "Parent Relationship": "Outer", "Parallel Aware": false, "Async Capable": false, "Join Type": "Inner", "Startup Cost": 2271.17, "Total Cost": 4381.38, "Plan Rows": 14976, "Plan Width": 0, "Actual Rows": 27335, "Actual Loops": 1, "Inner Unique": true, "Merge Cond": "(v.userid = u.id)", "Plans": [{"Node Type": "Merge Join", "Parent Relationship": "Outer", "Parallel Aware": false, "Async Capable": false, "Join Type": "Inner", "Startup Cost": 2270.88, "Total Cost": 5831.43, "Plan Rows": 184097, "Plan Width": 12, "Actual Rows": 1329481, "Actual Loops": 1, "Inner Unique": false, "Merge Cond": "(b.userid = v.userid)", "Plans": [{"Node Type": "Sort", "Parent Relationship": "Outer", "Parallel Aware": false, "Async Capable": false, "Startup Cost": 2269.0, "Total Cost": 2293.15, "Plan Rows": 9658, "Plan Width": 4, "Actual Rows": 3116, "Actual Loops": 1, "Sort Key": ["b.userid"], "Sort Method": "quicksort", "Sort Space Used": 385, "Sort Space Type": "Memory", "Plans": [{"Node Type": "Seq Scan", "Parent Relationship": "Outer", "Parallel Aware": false, "Async Capable": false, "Relation Name": "badges", "Alias": "b", "Startup Cost": 0.0, "Total Cost": 1629.76, "Plan Rows": 9658, "Plan Width": 4, "Actual Rows": 9675, "Actual Loops": 1, "Filter": "((date >= '2014-06-04 04:40:18'::timestamp without time zone) AND (date <= '2014-09-03 23:14:22'::timestamp without time zone))", "Rows Removed by Filter": 70176}]}, {"Node Type": "Materialize", "Parent Relationship": "Inner", "Parallel Aware": false, "Async Capable": false, "Startup Cost": 0.71, "Total Cost": 14504.77, "Plan Rows": 524187, "Plan Width": 8, "Actual Rows": 1342723, "Actual Loops": 1, "Plans": [{"Node Type": "Merge Join", "Parent Relationship": "Outer", "Parallel Aware": false, "Async Capable": false, "Join Type": "Inner", "Startup Cost": 0.71, "Total Cost": 13194.3, "Plan Rows": 524187, "Plan Width": 8, "Actual Rows": 184417, "Actual Loops": 1, "Inner Unique": false, "Merge Cond": "(p.owneruserid = v.userid)", "Plans": [{"Node Type": "Index Scan", "Parent Relationship": "Outer", "Parallel Aware": false, "Async Capable": false, "Scan Direction": "Forward", "Index Name": "idx_posts_owneruserid", "Relation Name": "posts", "Alias": "p", "Startup Cost": 0.29, "Total Cost": 4553.55, "Plan Rows": 42918, "Plan Width": 4, "Actual Rows": 24803, "Actual Loops": 1, "Filter": "((score <= 148) AND (answercount <= 67))", "Rows Removed by Filter": 39692}, {"Node Type": "Materialize", "Parent Relationship": "Inner", "Parallel Aware": false, "Async Capable": false, "Startup Cost": 0.42, "Total Cost": 12782.23, "Plan Rows": 143903, "Plan Width": 4, "Actual Rows": 186971, "Actual Loops": 1, "Plans": [{"Node Type": "Index Scan", "Parent Relationship": "Outer", "Parallel Aware": false, "Async Capable": false, "Scan Direction": "Forward", "Index Name": "idx_votes_userid", "Relation Name": "votes", "Alias": "v", "Startup Cost": 0.42, "Total Cost": 12422.47, "Plan Rows": 143903, "Plan Width": 4, "Actual Rows": 13203, "Actual Loops": 1, "Filter": "(creationdate <= '2012-11-08 03:22:30'::timestamp without time zone)", "Rows Removed by Filter": 21587}]}]}]}]}, {"Node Type": "Index Scan", "Parent Relationship": "Inner", "Parallel Aware": false, "Async Capable": false, "Scan Direction": "Forward", "Index Name": "users_pkey", "Relation Name": "users", "Alias": "u", "Startup Cost": 0.29, "Total Cost": 1457.98, "Plan Rows": 31020, "Plan Width": 4, "Actual Rows": 8419, "Actual Loops": 1, "Filter": "(creationdate >= '2012-06-17 10:52:30'::timestamp without time zone)", "Rows Removed by Filter": 9297}]}]}, "Planning Time": 2.929, "Triggers": [], "Execution Time": 278.835}