{"Plan": {"Node Type": "Aggregate", "Strategy": "Plain", "Partial Mode": "Simple", "Parallel Aware": false, "Async Capable": false, "Startup Cost": 3389.24, "Total Cost": 3389.25, "Plan Rows": 1, "Plan Width": 8, "Actual Rows": 1, "Actual Loops": 1, "Plans": [{"Node Type": "Merge Join", "Parent Relationship": "Outer", "Parallel Aware": false, "Async Capable": false, "Join Type": "Inner", "Startup Cost": 2.62, "Total Cost": 3264.9, "Plan Rows": 49736, "Plan Width": 0, "Actual Rows": 788848, "Actual Loops": 1, "Inner Unique": true, "Merge Cond": "(v.userid = u.id)", "Plans": [{"Node Type": "Merge Join", "Parent Relationship": "Outer", "Parallel Aware": false, "Async Capable": false, "Join Type": "Inner", "Startup Cost": 2.33, "Total Cost": 10217.88, "Plan Rows": 498608, "Plan Width": 12, "Actual Rows": 5209447, "Actual Loops": 1, "Inner Unique": false, "Merge Cond": "(b.userid = v.userid)", "Plans": [{"Node Type": "Index Scan", "Parent Relationship": "Outer", "Parallel Aware": false, "Async Capable": false, "Scan Direction": "Forward", "Index Name": "idx_badges_userid", "Relation Name": "badges", "Alias": "b", "Startup Cost": 0.29, "Total Cost": 3264.6, "Plan Rows": 21225, "Plan Width": 4, "Actual Rows": 21193, "Actual Loops": 1, "Filter": "((date >= '2010-12-18 12:15:15'::timestamp without time zone) AND (date <= '2012-09-27 12:26:15'::timestamp without time zone))", "Rows Removed by Filter": 58658}, {"Node Type": "Materialize", "Parent Relationship": "Inner", "Parallel Aware": false, "Async Capable": false, "Startup Cost": 0.71, "Total Cost": 16478.86, "Plan Rows": 646009, "Plan Width": 8, "Actual Rows": 5231727, "Actual Loops": 1, "Plans": [{"Node Type": "Merge Join", "Parent Relationship": "Outer", "Parallel Aware": false, "Async Capable": false, "Join Type": "Inner", "Startup Cost": 0.71, "Total Cost": 14863.84, "Plan Rows": 646009, "Plan Width": 8, "Actual Rows": 215211, "Actual Loops": 1, "Inner Unique": false, "Merge Cond": "(p.owneruserid = v.userid)", "Plans": [{"Node Type": "Index Scan", "Parent Relationship": "Outer", "Parallel Aware": false, "Async Capable": false, "Scan Direction": "Forward", "Index Name": "idx_posts_owneruserid", "Relation Name": "posts", "Alias": "p", "Startup Cost": 0.29, "Total Cost": 4553.55, "Plan Rows": 42526, "Plan Width": 4, "Actual Rows": 25290, "Actual Loops": 1, "Filter": "((score <= 21) AND (answercount <= 21))", "Rows Removed by Filter": 40513}, {"Node Type": "Materialize", "Parent Relationship": "Inner", "Parallel Aware": false, "Async Capable": false, "Startup Cost": 0.42, "Total Cost": 12869.93, "Plan Rows": 178981, "Plan Width": 4, "Actual Rows": 218881, "Actual Loops": 1, "Plans": [{"Node Type": "Index Scan", "Parent Relationship": "Outer", "Parallel Aware": false, "Async Capable": false, "Scan Direction": "Forward", "Index Name": "idx_votes_userid", "Relation Name": "votes", "Alias": "v", "Startup Cost": 0.42, "Total Cost": 12422.47, "Plan Rows": 178981, "Plan Width": 4, "Actual Rows": 17217, "Actual Loops": 1, "Filter": "(creationdate <= '2013-04-19 05:02:19'::timestamp without time zone)", "Rows Removed by Filter": 10390}]}]}]}]}, {"Node Type": "Index Scan", "Parent Relationship": "Inner", "Parallel Aware": false, "Async Capable": false, "Scan Direction": "Forward", "Index Name": "users_pkey", "Relation Name": "users", "Alias": "u", "Startup Cost": 0.29, "Total Cost": 1457.98, "Plan Rows": 38036, "Plan Width": 4, "Actual Rows": 15421, "Actual Loops": 1, "Filter": "(creationdate >= '2011-03-08 06:08:13'::timestamp without time zone)", "Rows Removed by Filter": 2294}]}]}, "Planning Time": 2.865, "Triggers": [], "Execution Time": 684.548}