{"Plan": {"Node Type": "Aggregate", "Strategy": "Plain", "Partial Mode": "Simple", "Parallel Aware": false, "Async Capable": false, "Startup Cost": 2928.13, "Total Cost": 2928.14, "Plan Rows": 1, "Plan Width": 8, "Actual Rows": 1, "Actual Loops": 1, "Plans": [{"Node Type": "Merge Join", "Parent Relationship": "Outer", "Parallel Aware": false, "Async Capable": false, "Join Type": "Inner", "Startup Cost": 2.3, "Total Cost": 2846.7, "Plan Rows": 32570, "Plan Width": 0, "Actual Rows": 78280, "Actual Loops": 1, "Inner Unique": true, "Merge Cond": "(v.userid = u.id)", "Plans": [{"Node Type": "Merge Join", "Parent Relationship": "Outer", "Parallel Aware": false, "Async Capable": false, "Join Type": "Inner", "Startup Cost": 2.01, "Total Cost": 8321.09, "Plan Rows": 334942, "Plan Width": 12, "Actual Rows": 2735207, "Actual Loops": 1, "Inner Unique": false, "Merge Cond": "(b.userid = v.userid)", "Plans": [{"Node Type": "Index Scan", "Parent Relationship": "Outer", "Parallel Aware": false, "Async Capable": false, "Scan Direction": "Forward", "Index Name": "idx_badges_userid", "Relation Name": "badges", "Alias": "b", "Startup Cost": 0.29, "Total Cost": 3264.6, "Plan Rows": 39902, "Plan Width": 4, "Actual Rows": 17339, "Actual Loops": 1, "Filter": "((date >= '2013-03-12 15:33:41'::timestamp without time zone) AND (date <= '2014-07-17 15:09:55'::timestamp without time zone))", "Rows Removed by Filter": 35907}, {"Node Type": "Materialize", "Parent Relationship": "Inner", "Parallel Aware": false, "Async Capable": false, "Startup Cost": 0.71, "Total Cost": 9693.31, "Plan Rows": 230835, "Plan Width": 8, "Actual Rows": 2735813, "Actual Loops": 1, "Plans": [{"Node Type": "Merge Join", "Parent Relationship": "Outer", "Parallel Aware": false, "Async Capable": false, "Join Type": "Inner", "Startup Cost": 0.71, "Total Cost": 9116.23, "Plan Rows": 230835, "Plan Width": 8, "Actual Rows": 76986, "Actual Loops": 1, "Inner Unique": false, "Merge Cond": "(p.owneruserid = v.userid)", "Plans": [{"Node Type": "Index Scan", "Parent Relationship": "Outer", "Parallel Aware": false, "Async Capable": false, "Scan Direction": "Forward", "Index Name": "idx_posts_owneruserid", "Relation Name": "posts", "Alias": "p", "Startup Cost": 0.29, "Total Cost": 4553.55, "Plan Rows": 39040, "Plan Width": 4, "Actual Rows": 21771, "Actual Loops": 1, "Filter": "((score <= 67) AND (answercount <= 2))", "Rows Removed by Filter": 42724}, {"Node Type": "Materialize", "Parent Relationship": "Inner", "Parallel Aware": false, "Async Capable": false, "Startup Cost": 0.42, "Total Cost": 12596.64, "Plan Rows": 69665, "Plan Width": 4, "Actual Rows": 78416, "Actual Loops": 1, "Plans": [{"Node Type": "Index Scan", "Parent Relationship": "Outer", "Parallel Aware": false, "Async Capable": false, "Scan Direction": "Forward", "Index Name": "idx_votes_userid", "Relation Name": "votes", "Alias": "v", "Startup Cost": 0.42, "Total Cost": 12422.47, "Plan Rows": 69665, "Plan Width": 4, "Actual Rows": 6217, "Actual Loops": 1, "Filter": "(creationdate <= '2011-11-19 08:43:19'::timestamp without time zone)", "Rows Removed by Filter": 28573}]}]}]}]}, {"Node Type": "Index Scan", "Parent Relationship": "Inner", "Parallel Aware": false, "Async Capable": false, "Scan Direction": "Forward", "Index Name": "users_pkey", "Relation Name": "users", "Alias": "u", "Startup Cost": 0.29, "Total Cost": 1457.98, "Plan Rows": 37079, "Plan Width": 4, "Actual Rows": 14468, "Actual Loops": 1, "Filter": "(creationdate >= '2011-06-06 19:54:59'::timestamp without time zone)", "Rows Removed by Filter": 3247}]}]}, "Planning Time": 2.984, "Triggers": [], "Execution Time": 409.061}