{"Plan": {"Node Type": "Aggregate", "Strategy": "Plain", "Partial Mode": "Simple", "Parallel Aware": false, "Async Capable": false, "Startup Cost": 1232.19, "Total Cost": 1232.2, "Plan Rows": 1, "Plan Width": 8, "Actual Rows": 1, "Actual Loops": 1, "Plans": [{"Node Type": "Nested Loop", "Parent Relationship": "Outer", "Parallel Aware": false, "Async Capable": false, "Join Type": "Inner", "Startup Cost": 1.14, "Total Cost": 1231.03, "Plan Rows": 465, "Plan Width": 0, "Actual Rows": 5290094, "Actual Loops": 1, "Inner Unique": false, "Join Filter": "(c.userid = u.id)", "Rows Removed by Join Filter": 0, "Plans": [{"Node Type": "Nested Loop", "Parent Relationship": "Outer", "Parallel Aware": false, "Async Capable": false, "Join Type": "Inner", "Startup Cost": 0.84, "Total Cost": 1230.31, "Plan Rows": 1, "Plan Width": 12, "Actual Rows": 51920, "Actual Loops": 1, "Inner Unique": false, "Join Filter": "(ph.userid = u.id)", "Rows Removed by Join Filter": 0, "Plans": [{"Node Type": "Nested Loop", "Parent Relationship": "Outer", "Parallel Aware": false, "Async Capable": false, "Join Type": "Inner", "Startup Cost": 0.42, "Total Cost": 1229.48, "Plan Rows": 1, "Plan Width": 8, "Actual Rows": 265, "Actual Loops": 1, "Inner Unique": false, "Plans": [{"Node Type": "Seq Scan", "Parent Relationship": "Outer", "Parallel Aware": false, "Async Capable": false, "Relation Name": "users", "Alias": "u", "Startup Cost": 0.0, "Total Cost": 1204.31, "Plan Rows": 1, "Plan Width": 4, "Actual Rows": 13, "Actual Loops": 1, "Filter": "((views >= 1337) AND (views <= 13725) AND (downvotes >= 28) AND (downvotes <= 1212) AND (upvotes <= 6646))", "Rows Removed by Filter": 40312}, {"Node Type": "Index Scan", "Parent Relationship": "Inner", "Parallel Aware": false, "Async Capable": false, "Scan Direction": "Forward", "Index Name": "idx_votes_userid", "Relation Name": "votes", "Alias": "v", "Startup Cost": 0.42, "Total Cost": 25.14, "Plan Rows": 3, "Plan Width": 4, "Actual Rows": 20, "Actual Loops": 13, "Index Cond": "(userid = u.id)", "Rows Removed by Index Recheck": 0, "Filter": "((creationdate >= '2013-05-15 10:26:17'::timestamp without time zone) AND (creationdate <= '2014-08-07 23:42:57'::timestamp without time zone))", "Rows Removed by Filter": 32}]}, {"Node Type": "Index Scan", "Parent Relationship": "Inner", "Parallel Aware": false, "Async Capable": false, "Scan Direction": "Forward", "Index Name": "idx_posthistory_userid", "Relation Name": "posthistory", "Alias": "ph", "Startup Cost": 0.42, "Total Cost": 0.82, "Plan Rows": 1, "Plan Width": 4, "Actual Rows": 196, "Actual Loops": 265, "Index Cond": "(userid = v.userid)", "Rows Removed by Index Recheck": 0, "Filter": "((creationdate >= '2013-04-22 21:28:14'::timestamp without time zone) AND (creationdate <= '2013-07-13 08:47:59'::timestamp without time zone))", "Rows Removed by Filter": 1042}]}, {"Node Type": "Index Scan", "Parent Relationship": "Inner", "Parallel Aware": false, "Async Capable": false, "Scan Direction": "Forward", "Index Name": "idx_comments_userid", "Relation Name": "comments", "Alias": "c", "Startup Cost": 0.29, "Total Cost": 0.63, "Plan Rows": 7, "Plan Width": 4, "Actual Rows": 102, "Actual Loops": 51920, "Index Cond": "(userid = v.userid)", "Rows Removed by Index Recheck": 0, "Filter": "((creationdate >= '2012-05-17 23:05:24'::timestamp without time zone) AND (creationdate <= '2014-03-04 13:45:18'::timestamp without time zone))", "Rows Removed by Filter": 58}]}]}, "Planning Time": 2.615, "Triggers": [], "Execution Time": 1836.057}