{"Plan": {"Node Type": "Aggregate", "Strategy": "Plain", "Partial Mode": "Simple", "Parallel Aware": false, "Async Capable": false, "Startup Cost": 2207.23, "Total Cost": 2207.24, "Plan Rows": 1, "Plan Width": 8, "Actual Rows": 1, "Actual Loops": 1, "Plans": [{"Node Type": "Nested Loop", "Parent Relationship": "Outer", "Parallel Aware": false, "Async Capable": false, "Join Type": "Inner", "Startup Cost": 1.3, "Total Cost": 2206.78, "Plan Rows": 180, "Plan Width": 0, "Actual Rows": 204, "Actual Loops": 1, "Inner Unique": false, "Join Filter": "(c.userid = u.id)", "Rows Removed by Join Filter": 0, "Plans": [{"Node Type": "Merge Join", "Parent Relationship": "Outer", "Parallel Aware": false, "Async Capable": false, "Join Type": "Inner", "Startup Cost": 1.0, "Total Cost": 2072.15, "Plan Rows": 209, "Plan Width": 12, "Actual Rows": 15731, "Actual Loops": 1, "Inner Unique": true, "Merge Cond": "(v.userid = u.id)", "Plans": [{"Node Type": "Merge Join", "Parent Relationship": "Outer", "Parallel Aware": false, "Async Capable": false, "Join Type": "Inner", "Startup Cost": 0.71, "Total Cost": 3375.93, "Plan Rows": 3865, "Plan Width": 8, "Actual Rows": 30072, "Actual Loops": 1, "Inner Unique": false, "Merge Cond": "(v.userid = b.userid)", "Plans": [{"Node Type": "Index Scan", "Parent Relationship": "Outer", "Parallel Aware": false, "Async Capable": false, "Scan Direction": "Forward", "Index Name": "idx_votes_userid", "Relation Name": "votes", "Alias": "v", "Startup Cost": 0.42, "Total Cost": 13242.63, "Plan Rows": 1331, "Plan Width": 4, "Actual Rows": 789, "Actual Loops": 1, "Filter": "((bountyamount >= 50) AND (creationdate <= '2014-02-15 00:48:14'::timestamp without time zone))", "Rows Removed by Filter": 39262}, {"Node Type": "Index Only Scan", "Parent Relationship": "Inner", "Parallel Aware": false, "Async Capable": false, "Scan Direction": "Forward", "Index Name": "idx_badges_userid", "Relation Name": "badges", "Alias": "b", "Startup Cost": 0.29, "Total Cost": 1734.06, "Plan Rows": 79851, "Plan Width": 4, "Actual Rows": 88612, "Actual Loops": 1, "Heap Fetches": 0}]}, {"Node Type": "Index Scan", "Parent Relationship": "Inner", "Parallel Aware": false, "Async Capable": false, "Scan Direction": "Forward", "Index Name": "users_pkey", "Relation Name": "users", "Alias": "u", "Startup Cost": 0.29, "Total Cost": 1659.6, "Plan Rows": 20620, "Plan Width": 4, "Actual Rows": 20625, "Actual Loops": 1, "Filter": "((downvotes <= 1451) AND (creationdate >= '2010-09-13 18:14:10'::timestamp without time zone) AND (creationdate <= '2013-08-30 02:23:15'::timestamp without time zone))", "Rows Removed by Filter": 7915}]}, {"Node Type": "Index Scan", "Parent Relationship": "Inner", "Parallel Aware": false, "Async Capable": false, "Scan Direction": "Forward", "Index Name": "idx_comments_userid", "Relation Name": "comments", "Alias": "c", "Startup Cost": 0.29, "Total Cost": 0.63, "Plan Rows": 1, "Plan Width": 4, "Actual Rows": 0, "Actual Loops": 15731, "Index Cond": "(userid = b.userid)", "Rows Removed by Index Recheck": 0, "Filter": "(score = 15)", "Rows Removed by Filter": 468}]}]}, "Planning Time": 2.959, "Triggers": [], "Execution Time": 1152.237}