{"Plan": {"Node Type": "Aggregate", "Strategy": "Plain", "Partial Mode": "Simple", "Parallel Aware": false, "Async Capable": false, "Startup Cost": 2680.46, "Total Cost": 2680.47, "Plan Rows": 1, "Plan Width": 8, "Actual Rows": 1, "Actual Loops": 1, "Plans": [{"Node Type": "Nested Loop", "Parent Relationship": "Outer", "Parallel Aware": false, "Async Capable": false, "Join Type": "Inner", "Startup Cost": 1106.73, "Total Cost": 2680.45, "Plan Rows": 1, "Plan Width": 0, "Actual Rows": 245, "Actual Loops": 1, "Inner Unique": false, "Plans": [{"Node Type": "Nested Loop", "Parent Relationship": "Outer", "Parallel Aware": false, "Async Capable": false, "Join Type": "Inner", "Startup Cost": 1106.44, "Total Cost": 2678.27, "Plan Rows": 1, "Plan Width": 4, "Actual Rows": 157, "Actual Loops": 1, "Inner Unique": false, "Join Filter": "(p.owneruserid = u.id)", "Rows Removed by Join Filter": 0, "Plans": [{"Node Type": "Hash Join", "Parent Relationship": "Outer", "Parallel Aware": false, "Async Capable": false, "Join Type": "Inner", "Startup Cost": 1106.15, "Total Cost": 2601.38, "Plan Rows": 130, "Plan Width": 8, "Actual Rows": 554, "Actual Loops": 1, "Inner Unique": true, "Hash Cond": "(b.userid = u.id)", "Plans": [{"Node Type": "Seq Scan", "Parent Relationship": "Outer", "Parallel Aware": false, "Async Capable": false, "Relation Name": "badges", "Alias": "b", "Startup Cost": 0.0, "Total Cost": 1430.14, "Plan Rows": 24792, "Plan Width": 4, "Actual Rows": 24791, "Actual Loops": 1, "Filter": "(date <= '2012-09-22 19:08:35'::timestamp without time zone)", "Rows Removed by Filter": 55060}, {"Node Type": "Hash", "Parent Relationship": "Inner", "Parallel Aware": false, "Async Capable": false, "Startup Cost": 1103.5, "Total Cost": 1103.5, "Plan Rows": 212, "Plan Width": 4, "Actual Rows": 212, "Actual Loops": 1, "Hash Buckets": 1024, "Original Hash Buckets": 1024, "Hash Batches": 1, "Original Hash Batches": 1, "Peak Memory Usage": 16, "Plans": [{"Node Type": "Seq Scan", "Parent Relationship": "Outer", "Parallel Aware": false, "Async Capable": false, "Relation Name": "users", "Alias": "u", "Startup Cost": 0.0, "Total Cost": 1103.5, "Plan Rows": 212, "Plan Width": 4, "Actual Rows": 212, "Actual Loops": 1, "Filter": "((views <= 19437) AND (downvotes >= 1) AND (creationdate >= '2012-03-21 02:42:49'::timestamp without time zone) AND (creationdate <= '2013-06-10 08:14:22'::timestamp without time zone))", "Rows Removed by Filter": 40113}]}]}, {"Node Type": "Index Scan", "Parent Relationship": "Inner", "Parallel Aware": false, "Async Capable": false, "Scan Direction": "Forward", "Index Name": "idx_posts_owneruserid", "Relation Name": "posts", "Alias": "p", "Startup Cost": 0.29, "Total Cost": 0.58, "Plan Rows": 1, "Plan Width": 8, "Actual Rows": 0, "Actual Loops": 554, "Index Cond": "(owneruserid = b.userid)", "Rows Removed by Index Recheck": 0, "Filter": "((score >= '-3'::integer) AND (score <= 56) AND (answercount <= 9) AND (favoritecount >= 1) AND (favoritecount <= 57) AND (commentcount = 5))", "Rows Removed by Filter": 112}]}, {"Node Type": "Index Scan", "Parent Relationship": "Inner", "Parallel Aware": false, "Async Capable": false, "Scan Direction": "Forward", "Index Name": "idx_postlinks_relatedpostid", "Relation Name": "postlinks", "Alias": "pl", "Startup Cost": 0.29, "Total Cost": 2.16, "Plan Rows": 2, "Plan Width": 4, "Actual Rows": 2, "Actual Loops": 157, "Index Cond": "(relatedpostid = p.id)", "Rows Removed by Index Recheck": 0, "Filter": "(creationdate <= '2014-06-27 01:54:14'::timestamp without time zone)", "Rows Removed by Filter": 0}]}]}, "Planning Time": 0.875, "Triggers": [], "Execution Time": 20.72}