{"Plan": {"Node Type": "Aggregate", "Strategy": "Plain", "Partial Mode": "Finalize", "Parallel Aware": false, "Async Capable": false, "Startup Cost": 12036.25, "Total Cost": 12036.26, "Plan Rows": 1, "Plan Width": 8, "Actual Rows": 1, "Actual Loops": 1, "Plans": [{"Node Type": "Gather", "Parent Relationship": "Outer", "Parallel Aware": false, "Async Capable": false, "Startup Cost": 12036.04, "Total Cost": 12036.25, "Plan Rows": 2, "Plan Width": 8, "Actual Rows": 3, "Actual Loops": 1, "Workers Planned": 2, "Workers Launched": 2, "Single Copy": false, "Plans": [{"Node Type": "Aggregate", "Strategy": "Plain", "Partial Mode": "Partial", "Parent Relationship": "Outer", "Parallel Aware": false, "Async Capable": false, "Startup Cost": 11036.04, "Total Cost": 11036.05, "Plan Rows": 1, "Plan Width": 8, "Actual Rows": 1, "Actual Loops": 3, "Workers": [], "Plans": [{"Node Type": "Nested Loop", "Parent Relationship": "Outer", "Parallel Aware": false, "Async Capable": false, "Join Type": "Inner", "Startup Cost": 1.81, "Total Cost": 7193.65, "Plan Rows": 1536954, "Plan Width": 0, "Actual Rows": 1102, "Actual Loops": 3, "Inner Unique": false, "Join Filter": "(ph.userid = u.id)", "Rows Removed by Join Filter": 0, "Workers": [], "Plans": [{"Node Type": "Merge Join", "Parent Relationship": "Outer", "Parallel Aware": false, "Async Capable": false, "Join Type": "Inner", "Startup Cost": 1.38, "Total Cost": 3240.76, "Plan Rows": 13960, "Plan Width": 12, "Actual Rows": 1125, "Actual Loops": 3, "Inner Unique": true, "Merge Cond": "(v.userid = u.id)", "Workers": [], "Plans": [{"Node Type": "Merge Join", "Parent Relationship": "Outer", "Parallel Aware": false, "Async Capable": false, "Join Type": "Inner", "Startup Cost": 1.09, "Total Cost": 9647.76, "Plan Rows": 393065, "Plan Width": 8, "Actual Rows": 349598, "Actual Loops": 3, "Inner Unique": false, "Merge Cond": "(v.userid = b.userid)", "Workers": [], "Plans": [{"Node Type": "Index Only Scan", "Parent Relationship": "Outer", "Parallel Aware": true, "Async Capable": false, "Scan Direction": "Forward", "Index Name": "idx_votes_userid", "Relation Name": "votes", "Alias": "v", "Startup Cost": 0.42, "Total Cost": 4261.57, "Plan Rows": 136693, "Plan Width": 4, "Actual Rows": 11585, "Actual Loops": 3, "Heap Fetches": 0, "Workers": []}, {"Node Type": "Materialize", "Parent Relationship": "Inner", "Parallel Aware": false, "Async Capable": false, "Startup Cost": 0.29, "Total Cost": 3462.29, "Plan Rows": 79076, "Plan Width": 4, "Actual Rows": 415719, "Actual Loops": 3, "Workers": [], "Plans": [{"Node Type": "Index Scan", "Parent Relationship": "Outer", "Parallel Aware": false, "Async Capable": false, "Scan Direction": "Forward", "Index Name": "idx_badges_userid", "Relation Name": "badges", "Alias": "b", "Startup Cost": 0.29, "Total Cost": 3264.6, "Plan Rows": 79076, "Plan Width": 4, "Actual Rows": 77113, "Actual Loops": 3, "Filter": "((date >= '2010-07-19 19:39:10'::timestamp without time zone) AND (date <= '2014-09-05 18:37:48'::timestamp without time zone))", "Rows Removed by Filter": 468, "Workers": []}]}]}, {"Node Type": "Index Scan", "Parent Relationship": "Inner", "Parallel Aware": false, "Async Capable": false, "Scan Direction": "Forward", "Index Name": "users_pkey", "Relation Name": "users", "Alias": "u", "Startup Cost": 0.29, "Total Cost": 1861.23, "Plan Rows": 19859, "Plan Width": 4, "Actual Rows": 17867, "Actual Loops": 3, "Filter": "((downvotes >= 0) AND (upvotes >= 0) AND (upvotes <= 224) AND (creationdate <= '2014-09-04 04:41:22'::timestamp without time zone) AND (views = 0))", "Rows Removed by Filter": 19596, "Workers": []}]}, {"Node Type": "Memoize", "Parent Relationship": "Inner", "Parallel Aware": false, "Async Capable": false, "Startup Cost": 0.43, "Total Cost": 0.74, "Plan Rows": 4, "Plan Width": 4, "Actual Rows": 1, "Actual Loops": 3376, "Cache Key": "v.userid", "Cache Mode": "logical", "Cache Hits": 543, "Cache Misses": 215, "Cache Evictions": 0, "Cache Overflows": 0, "Peak Memory Usage": 17, "Workers": [{"Worker Number": 0, "Cache Hits": 1067, "Cache Misses": 313, "Cache Evictions": 0, "Cache Overflows": 0, "Peak Memory Usage": 26}, {"Worker Number": 1, "Cache Hits": 935, "Cache Misses": 303, "Cache Evictions": 0, "Cache Overflows": 0, "Peak Memory Usage": 25}], "Plans": [{"Node Type": "Index Scan", "Parent Relationship": "Outer", "Parallel Aware": false, "Async Capable": false, "Scan Direction": "Forward", "Index Name": "idx_posthistory_userid", "Relation Name": "posthistory", "Alias": "ph", "Startup Cost": 0.42, "Total Cost": 0.73, "Plan Rows": 4, "Plan Width": 4, "Actual Rows": 0, "Actual Loops": 831, "Index Cond": "(userid = v.userid)", "Rows Removed by Index Recheck": 0, "Filter": "(posthistorytypeid = 2)", "Rows Removed by Filter": 1, "Workers": []}]}]}]}]}]}, "Planning Time": 3.579, "Triggers": [], "Execution Time": 91.11}