{"Plan": {"Node Type": "Aggregate", "Strategy": "Plain", "Partial Mode": "Simple", "Parallel Aware": false, "Async Capable": false, "Startup Cost": 2434.13, "Total Cost": 2434.14, "Plan Rows": 1, "Plan Width": 8, "Actual Rows": 1, "Actual Loops": 1, "Plans": [{"Node Type": "Nested Loop", "Parent Relationship": "Outer", "Parallel Aware": false, "Async Capable": false, "Join Type": "Inner", "Startup Cost": 1.59, "Total Cost": 2426.22, "Plan Rows": 3164, "Plan Width": 0, "Actual Rows": 29150, "Actual Loops": 1, "Inner Unique": false, "Plans": [{"Node Type": "Nested Loop", "Parent Relationship": "Outer", "Parallel Aware": false, "Async Capable": false, "Join Type": "Inner", "Startup Cost": 1.3, "Total Cost": 2330.95, "Plan Rows": 177, "Plan Width": 16, "Actual Rows": 530, "Actual Loops": 1, "Inner Unique": false, "Plans": [{"Node Type": "Merge Join", "Parent Relationship": "Outer", "Parallel Aware": false, "Async Capable": false, "Join Type": "Inner", "Startup Cost": 1.0, "Total Cost": 2213.4, "Plan Rows": 154, "Plan Width": 12, "Actual Rows": 3652, "Actual Loops": 1, "Inner Unique": true, "Merge Cond": "(v.userid = u.id)", "Plans": [{"Node Type": "Merge Join", "Parent Relationship": "Outer", "Parallel Aware": false, "Async Capable": false, "Join Type": "Inner", "Startup Cost": 0.71, "Total Cost": 4472.22, "Plan Rows": 1906, "Plan Width": 8, "Actual Rows": 17120, "Actual Loops": 1, "Inner Unique": false, "Merge Cond": "(v.userid = b.userid)", "Plans": [{"Node Type": "Index Scan", "Parent Relationship": "Outer", "Parallel Aware": false, "Async Capable": false, "Scan Direction": "Forward", "Index Name": "idx_votes_userid", "Relation Name": "votes", "Alias": "v", "Startup Cost": 0.42, "Total Cost": 12422.47, "Plan Rows": 1742, "Plan Width": 4, "Actual Rows": 875, "Actual Loops": 1, "Filter": "(bountyamount <= 465)", "Rows Removed by Filter": 26240}, {"Node Type": "Index Scan", "Parent Relationship": "Inner", "Parallel Aware": false, "Async Capable": false, "Scan Direction": "Forward", "Index Name": "idx_badges_userid", "Relation Name": "badges", "Alias": "b", "Startup Cost": 0.29, "Total Cost": 3064.97, "Plan Rows": 30087, "Plan Width": 4, "Actual Rows": 41655, "Actual Loops": 1, "Filter": "(date <= '2012-12-27 15:57:32'::timestamp without time zone)", "Rows Removed by Filter": 65965}]}, {"Node Type": "Index Scan", "Parent Relationship": "Inner", "Parallel Aware": false, "Async Capable": false, "Scan Direction": "Forward", "Index Name": "users_pkey", "Relation Name": "users", "Alias": "u", "Startup Cost": 0.29, "Total Cost": 1659.6, "Plan Rows": 30858, "Plan Width": 4, "Actual Rows": 8733, "Actual Loops": 1, "Filter": "((downvotes <= 1727) AND (creationdate >= '2011-09-30 18:16:50'::timestamp without time zone) AND (creationdate <= '2014-06-23 21:48:36'::timestamp without time zone))", "Rows Removed by Filter": 4649}]}, {"Node Type": "Index Scan", "Parent Relationship": "Inner", "Parallel Aware": false, "Async Capable": false, "Scan Direction": "Forward", "Index Name": "idx_comments_userid", "Relation Name": "comments", "Alias": "c", "Startup Cost": 0.29, "Total Cost": 0.75, "Plan Rows": 1, "Plan Width": 4, "Actual Rows": 0, "Actual Loops": 3652, "Index Cond": "(userid = u.id)", "Rows Removed by Index Recheck": 0, "Filter": "(score = 12)", "Rows Removed by Filter": 720}]}, {"Node Type": "Index Scan", "Parent Relationship": "Inner", "Parallel Aware": false, "Async Capable": false, "Scan Direction": "Forward", "Index Name": "idx_posts_owneruserid", "Relation Name": "posts", "Alias": "p", "Startup Cost": 0.29, "Total Cost": 0.53, "Plan Rows": 1, "Plan Width": 4, "Actual Rows": 55, "Actual Loops": 530, "Index Cond": "(owneruserid = u.id)", "Rows Removed by Index Recheck": 0, "Filter": "((score >= 1) AND (score <= 33) AND (creationdate >= '2012-12-02 13:48:00'::timestamp without time zone) AND (creationdate <= '2013-03-23 18:09:29'::timestamp without time zone))", "Rows Removed by Filter": 772}]}]}, "Planning Time": 5.203, "Triggers": [], "Execution Time": 592.035}