{"Plan": {"Node Type": "Aggregate", "Strategy": "Plain", "Partial Mode": "Simple", "Parallel Aware": false, "Async Capable": false, "Startup Cost": 2013.67, "Total Cost": 2013.68, "Plan Rows": 1, "Plan Width": 8, "Actual Rows": 1, "Actual Loops": 1, "Plans": [{"Node Type": "Nested Loop", "Parent Relationship": "Outer", "Parallel Aware": false, "Async Capable": false, "Join Type": "Inner", "Startup Cost": 1405.07, "Total Cost": 2006.0, "Plan Rows": 3067, "Plan Width": 0, "Actual Rows": 152250, "Actual Loops": 1, "Inner Unique": false, "Join Filter": "(p.owneruserid = u.id)", "Rows Removed by Join Filter": 0, "Plans": [{"Node Type": "Nested Loop", "Parent Relationship": "Outer", "Parallel Aware": false, "Async Capable": false, "Join Type": "Inner", "Startup Cost": 1404.78, "Total Cost": 1968.51, "Plan Rows": 79, "Plan Width": 16, "Actual Rows": 1015, "Actual Loops": 1, "Inner Unique": false, "Join Filter": "(c.userid = u.id)", "Rows Removed by Join Filter": 0, "Plans": [{"Node Type": "Merge Join", "Parent Relationship": "Outer", "Parallel Aware": false, "Async Capable": false, "Join Type": "Inner", "Startup Cost": 1404.49, "Total Cost": 1922.87, "Plan Rows": 69, "Plan Width": 12, "Actual Rows": 5943, "Actual Loops": 1, "Inner Unique": true, "Merge Cond": "(v.userid = u.id)", "Plans": [{"Node Type": "Merge Join", "Parent Relationship": "Outer", "Parallel Aware": false, "Async Capable": false, "Join Type": "Inner", "Startup Cost": 0.71, "Total Cost": 4583.48, "Plan Rows": 4121, "Plan Width": 8, "Actual Rows": 34094, "Actual Loops": 1, "Inner Unique": false, "Merge Cond": "(v.userid = b.userid)", "Plans": [{"Node Type": "Index Scan", "Parent Relationship": "Outer", "Parallel Aware": false, "Async Capable": false, "Scan Direction": "Forward", "Index Name": "idx_votes_userid", "Relation Name": "votes", "Alias": "v", "Startup Cost": 0.42, "Total Cost": 12422.47, "Plan Rows": 1740, "Plan Width": 4, "Actual Rows": 1053, "Actual Loops": 1, "Filter": "(bountyamount <= 384)", "Rows Removed by Filter": 32387}, {"Node Type": "Index Scan", "Parent Relationship": "Inner", "Parallel Aware": false, "Async Capable": false, "Scan Direction": "Forward", "Index Name": "idx_badges_userid", "Relation Name": "badges", "Alias": "b", "Startup Cost": 0.29, "Total Cost": 3064.97, "Plan Rows": 65127, "Plan Width": 4, "Actual Rows": 88700, "Actual Loops": 1, "Filter": "(date <= '2014-04-21 05:00:10'::timestamp without time zone)", "Rows Removed by Filter": 20047}]}, {"Node Type": "Sort", "Parent Relationship": "Inner", "Parallel Aware": false, "Async Capable": false, "Startup Cost": 1403.77, "Total Cost": 1419.65, "Plan Rows": 6350, "Plan Width": 4, "Actual Rows": 6344, "Actual Loops": 1, "Sort Key": ["u.id"], "Sort Method": "quicksort", "Sort Space Used": 193, "Sort Space Type": "Memory", "Plans": [{"Node Type": "Seq Scan", "Parent Relationship": "Outer", "Parallel Aware": false, "Async Capable": false, "Relation Name": "users", "Alias": "u", "Startup Cost": 0.0, "Total Cost": 1002.69, "Plan Rows": 6350, "Plan Width": 4, "Actual Rows": 6344, "Actual Loops": 1, "Filter": "((downvotes <= 948) AND (creationdate >= '2011-10-07 05:28:11'::timestamp without time zone) AND (creationdate <= '2012-09-19 01:09:46'::timestamp without time zone))", "Rows Removed by Filter": 33981}]}]}, {"Node Type": "Index Scan", "Parent Relationship": "Inner", "Parallel Aware": false, "Async Capable": false, "Scan Direction": "Forward", "Index Name": "idx_comments_userid", "Relation Name": "comments", "Alias": "c", "Startup Cost": 0.29, "Total Cost": 0.65, "Plan Rows": 1, "Plan Width": 4, "Actual Rows": 0, "Actual Loops": 5943, "Index Cond": "(userid = b.userid)", "Rows Removed by Index Recheck": 0, "Filter": "(score = 13)", "Rows Removed by Filter": 817}]}, {"Node Type": "Index Scan", "Parent Relationship": "Inner", "Parallel Aware": false, "Async Capable": false, "Scan Direction": "Forward", "Index Name": "idx_posts_owneruserid", "Relation Name": "posts", "Alias": "p", "Startup Cost": 0.29, "Total Cost": 0.46, "Plan Rows": 1, "Plan Width": 4, "Actual Rows": 150, "Actual Loops": 1015, "Index Cond": "(owneruserid = b.userid)", "Rows Removed by Index Recheck": 0, "Filter": "((score >= 4) AND (score <= 78) AND (creationdate >= '2012-11-23 14:07:27'::timestamp without time zone) AND (creationdate <= '2014-07-14 00:52:26'::timestamp without time zone))", "Rows Removed by Filter": 677}]}]}, "Planning Time": 5.216, "Triggers": [], "Execution Time": 1045.858}