{"Plan": {"Node Type": "Aggregate", "Strategy": "Plain", "Partial Mode": "Simple", "Parallel Aware": false, "Async Capable": false, "Startup Cost": 2278.77, "Total Cost": 2278.78, "Plan Rows": 1, "Plan Width": 8, "Actual Rows": 1, "Actual Loops": 1, "Plans": [{"Node Type": "Nested Loop", "Parent Relationship": "Outer", "Parallel Aware": false, "Async Capable": false, "Join Type": "Inner", "Startup Cost": 1.59, "Total Cost": 2278.69, "Plan Rows": 30, "Plan Width": 0, "Actual Rows": 3650, "Actual Loops": 1, "Inner Unique": false, "Join Filter": "(c.userid = u.id)", "Rows Removed by Join Filter": 0, "Plans": [{"Node Type": "Nested Loop", "Parent Relationship": "Outer", "Parallel Aware": false, "Async Capable": false, "Join Type": "Inner", "Startup Cost": 1.3, "Total Cost": 2215.39, "Plan Rows": 90, "Plan Width": 16, "Actual Rows": 5620, "Actual Loops": 1, "Inner Unique": false, "Join Filter": "(p.owneruserid = u.id)", "Rows Removed by Join Filter": 0, "Plans": [{"Node Type": "Merge Join", "Parent Relationship": "Outer", "Parallel Aware": false, "Async Capable": false, "Join Type": "Inner", "Startup Cost": 1.0, "Total Cost": 2170.29, "Plan Rows": 90, "Plan Width": 12, "Actual Rows": 7195, "Actual Loops": 1, "Inner Unique": true, "Merge Cond": "(v.userid = u.id)", "Plans": [{"Node Type": "Merge Join", "Parent Relationship": "Outer", "Parallel Aware": false, "Async Capable": false, "Join Type": "Inner", "Startup Cost": 0.71, "Total Cost": 4522.04, "Plan Rows": 2847, "Plan Width": 8, "Actual Rows": 24662, "Actual Loops": 1, "Inner Unique": false, "Merge Cond": "(v.userid = b.userid)", "Plans": [{"Node Type": "Index Scan", "Parent Relationship": "Outer", "Parallel Aware": false, "Async Capable": false, "Scan Direction": "Forward", "Index Name": "idx_votes_userid", "Relation Name": "votes", "Alias": "v", "Startup Cost": 0.42, "Total Cost": 12422.47, "Plan Rows": 1738, "Plan Width": 4, "Actual Rows": 940, "Actual Loops": 1, "Filter": "(bountyamount <= 319)", "Rows Removed by Filter": 28409}, {"Node Type": "Index Scan", "Parent Relationship": "Inner", "Parallel Aware": false, "Async Capable": false, "Scan Direction": "Forward", "Index Name": "idx_badges_userid", "Relation Name": "badges", "Alias": "b", "Startup Cost": 0.29, "Total Cost": 3064.97, "Plan Rows": 45043, "Plan Width": 4, "Actual Rows": 61957, "Actual Loops": 1, "Filter": "(date <= '2013-08-15 23:26:22'::timestamp without time zone)", "Rows Removed by Filter": 46577}]}, {"Node Type": "Index Scan", "Parent Relationship": "Inner", "Parallel Aware": false, "Async Capable": false, "Scan Direction": "Forward", "Index Name": "users_pkey", "Relation Name": "users", "Alias": "u", "Startup Cost": 0.29, "Total Cost": 1659.6, "Plan Rows": 12120, "Plan Width": 4, "Actual Rows": 12121, "Actual Loops": 1, "Filter": "((downvotes <= 867) AND (creationdate >= '2011-05-15 07:49:11'::timestamp without time zone) AND (creationdate <= '2013-02-18 00:50:10'::timestamp without time zone))", "Rows Removed by Filter": 9536}]}, {"Node Type": "Index Scan", "Parent Relationship": "Inner", "Parallel Aware": false, "Async Capable": false, "Scan Direction": "Forward", "Index Name": "idx_posts_owneruserid", "Relation Name": "posts", "Alias": "p", "Startup Cost": 0.29, "Total Cost": 0.49, "Plan Rows": 1, "Plan Width": 4, "Actual Rows": 1, "Actual Loops": 7195, "Index Cond": "(owneruserid = b.userid)", "Rows Removed by Index Recheck": 0, "Filter": "((score >= 37) AND (score <= 61) AND (creationdate >= '2009-09-21 05:35:48'::timestamp without time zone) AND (creationdate <= '2013-03-17 23:54:35'::timestamp without time zone))", "Rows Removed by Filter": 168}]}, {"Node Type": "Index Scan", "Parent Relationship": "Inner", "Parallel Aware": false, "Async Capable": false, "Scan Direction": "Forward", "Index Name": "idx_comments_userid", "Relation Name": "comments", "Alias": "c", "Startup Cost": 0.29, "Total Cost": 0.69, "Plan Rows": 1, "Plan Width": 4, "Actual Rows": 1, "Actual Loops": 5620, "Index Cond": "(userid = b.userid)", "Rows Removed by Index Recheck": 0, "Filter": "(score = 12)", "Rows Removed by Filter": 2751}]}]}, "Planning Time": 5.211, "Triggers": [], "Execution Time": 2556.078}