{"Plan": {"Node Type": "Aggregate", "Strategy": "Plain", "Partial Mode": "Simple", "Parallel Aware": false, "Async Capable": false, "Startup Cost": 3491.53, "Total Cost": 3491.54, "Plan Rows": 1, "Plan Width": 8, "Actual Rows": 1, "Actual Loops": 1, "Plans": [{"Node Type": "Nested Loop", "Parent Relationship": "Outer", "Parallel Aware": false, "Async Capable": false, "Join Type": "Inner", "Startup Cost": 2588.69, "Total Cost": 3491.52, "Plan Rows": 3, "Plan Width": 0, "Actual Rows": 43, "Actual Loops": 1, "Inner Unique": false, "Join Filter": "(b.userid = u.id)", "Rows Removed by Join Filter": 0, "Plans": [{"Node Type": "Nested Loop", "Parent Relationship": "Outer", "Parallel Aware": false, "Async Capable": false, "Join Type": "Inner", "Startup Cost": 2588.4, "Total Cost": 3491.09, "Plan Rows": 1, "Plan Width": 8, "Actual Rows": 1, "Actual Loops": 1, "Inner Unique": false, "Plans": [{"Node Type": "Nested Loop", "Parent Relationship": "Outer", "Parallel Aware": false, "Async Capable": false, "Join Type": "Inner", "Startup Cost": 2587.98, "Total Cost": 3477.41, "Plan Rows": 9, "Plan Width": 20, "Actual Rows": 482, "Actual Loops": 1, "Inner Unique": false, "Plans": [{"Node Type": "Nested Loop", "Parent Relationship": "Outer", "Parallel Aware": false, "Async Capable": false, "Join Type": "Inner", "Startup Cost": 2587.56, "Total Cost": 3373.09, "Plan Rows": 96, "Plan Width": 16, "Actual Rows": 1941, "Actual Loops": 1, "Inner Unique": true, "Plans": [{"Node Type": "Hash Join", "Parent Relationship": "Outer", "Parallel Aware": false, "Async Capable": false, "Join Type": "Inner", "Startup Cost": 2587.27, "Total Cost": 2860.03, "Plan Rows": 1106, "Plan Width": 12, "Actual Rows": 4328, "Actual Loops": 1, "Inner Unique": true, "Hash Cond": "(pl.relatedpostid = p.id)", "Plans": [{"Node Type": "Seq Scan", "Parent Relationship": "Outer", "Parallel Aware": false, "Async Capable": false, "Relation Name": "postlinks", "Alias": "pl", "Startup Cost": 0.0, "Total Cost": 248.53, "Plan Rows": 9233, "Plan Width": 4, "Actual Rows": 9145, "Actual Loops": 1, "Filter": "((creationdate >= '2011-10-17 15:20:21'::timestamp without time zone) AND (linktypeid = 1))", "Rows Removed by Filter": 1957}, {"Node Type": "Hash", "Parent Relationship": "Inner", "Parallel Aware": false, "Async Capable": false, "Startup Cost": 2449.58, "Total Cost": 2449.58, "Plan Rows": 11015, "Plan Width": 8, "Actual Rows": 8650, "Actual Loops": 1, "Hash Buckets": 16384, "Original Hash Buckets": 16384, "Hash Batches": 1, "Original Hash Batches": 1, "Peak Memory Usage": 465, "Plans": [{"Node Type": "Seq Scan", "Parent Relationship": "Outer", "Parallel Aware": false, "Async Capable": false, "Relation Name": "posts", "Alias": "p", "Startup Cost": 0.0, "Total Cost": 2449.58, "Plan Rows": 11015, "Plan Width": 8, "Actual Rows": 8650, "Actual Loops": 1, "Filter": "((answercount >= 0) AND (answercount <= 135) AND (creationdate <= '2012-04-09 09:21:20'::timestamp without time zone))", "Rows Removed by Filter": 83326}]}]}, {"Node Type": "Index Scan", "Parent Relationship": "Inner", "Parallel Aware": false, "Async Capable": false, "Scan Direction": "Forward", "Index Name": "users_pkey", "Relation Name": "users", "Alias": "u", "Startup Cost": 0.29, "Total Cost": 0.46, "Plan Rows": 1, "Plan Width": 4, "Actual Rows": 0, "Actual Loops": 4328, "Index Cond": "(id = p.owneruserid)", "Rows Removed by Index Recheck": 0, "Filter": "((views <= 6765) AND (creationdate >= '2010-08-14 11:24:24'::timestamp without time zone) AND (creationdate <= '2011-08-31 17:09:52'::timestamp without time zone))", "Rows Removed by Filter": 1}]}, {"Node Type": "Index Scan", "Parent Relationship": "Inner", "Parallel Aware": false, "Async Capable": false, "Scan Direction": "Forward", "Index Name": "idx_comments_postid", "Relation Name": "comments", "Alias": "c", "Startup Cost": 0.42, "Total Cost": 1.08, "Plan Rows": 1, "Plan Width": 4, "Actual Rows": 0, "Actual Loops": 1941, "Index Cond": "(postid = p.id)", "Rows Removed by Index Recheck": 0, "Filter": "(score = 2)", "Rows Removed by Filter": 3}]}, {"Node Type": "Index Scan", "Parent Relationship": "Inner", "Parallel Aware": false, "Async Capable": false, "Scan Direction": "Forward", "Index Name": "idx_votes_postid", "Relation Name": "votes", "Alias": "v", "Startup Cost": 0.42, "Total Cost": 1.51, "Plan Rows": 1, "Plan Width": 4, "Actual Rows": 0, "Actual Loops": 482, "Index Cond": "(postid = p.id)", "Rows Removed by Index Recheck": 0, "Filter": "((bountyamount <= 417) AND (creationdate >= '2013-04-14 23:33:51'::timestamp without time zone) AND (creationdate <= '2014-04-05 11:56:30'::timestamp without time zone))", "Rows Removed by Filter": 66}]}, {"Node Type": "Index Only Scan", "Parent Relationship": "Inner", "Parallel Aware": false, "Async Capable": false, "Scan Direction": "Forward", "Index Name": "idx_badges_userid", "Relation Name": "badges", "Alias": "b", "Startup Cost": 0.29, "Total Cost": 0.39, "Plan Rows": 3, "Plan Width": 4, "Actual Rows": 43, "Actual Loops": 1, "Index Cond": "(userid = p.owneruserid)", "Rows Removed by Index Recheck": 0, "Heap Fetches": 0}]}]}, "Planning Time": 4.374, "Triggers": [], "Execution Time": 33.73}