{"Plan": {"Node Type": "Aggregate", "Strategy": "Plain", "Partial Mode": "Simple", "Parallel Aware": false, "Async Capable": false, "Startup Cost": 2881.18, "Total Cost": 2881.19, "Plan Rows": 1, "Plan Width": 8, "Actual Rows": 1, "Actual Loops": 1, "Plans": [{"Node Type": "Nested Loop", "Parent Relationship": "Outer", "Parallel Aware": false, "Async Capable": false, "Join Type": "Inner", "Startup Cost": 2466.46, "Total Cost": 2879.87, "Plan Rows": 523, "Plan Width": 0, "Actual Rows": 229, "Actual Loops": 1, "Inner Unique": false, "Plans": [{"Node Type": "Nested Loop", "Parent Relationship": "Outer", "Parallel Aware": false, "Async Capable": false, "Join Type": "Inner", "Startup Cost": 2466.04, "Total Cost": 2873.55, "Plan Rows": 9, "Plan Width": 8, "Actual Rows": 38, "Actual Loops": 1, "Inner Unique": true, "Plans": [{"Node Type": "Nested Loop", "Parent Relationship": "Outer", "Parallel Aware": false, "Async Capable": false, "Join Type": "Inner", "Startup Cost": 2465.75, "Total Cost": 2869.8, "Plan Rows": 9, "Plan Width": 4, "Actual Rows": 214, "Actual Loops": 1, "Inner Unique": false, "Join Filter": "(p.id = ph.postid)", "Rows Removed by Join Filter": 0, "Plans": [{"Node Type": "Nested Loop", "Parent Relationship": "Outer", "Parallel Aware": false, "Async Capable": false, "Join Type": "Inner", "Startup Cost": 2465.32, "Total Cost": 2847.47, "Plan Rows": 19, "Plan Width": 16, "Actual Rows": 214, "Actual Loops": 1, "Inner Unique": false, "Join Filter": "(c.postid = p.id)", "Rows Removed by Join Filter": 0, "Plans": [{"Node Type": "Hash Join", "Parent Relationship": "Outer", "Parallel Aware": false, "Async Capable": false, "Join Type": "Inner", "Startup Cost": 2464.9, "Total Cost": 2706.29, "Plan Rows": 105, "Plan Width": 8, "Actual Rows": 433, "Actual Loops": 1, "Inner Unique": true, "Hash Cond": "(pl.postid = p.id)", "Plans": [{"Node Type": "Seq Scan", "Parent Relationship": "Outer", "Parallel Aware": false, "Async Capable": false, "Relation Name": "postlinks", "Alias": "pl", "Startup Cost": 0.0, "Total Cost": 220.78, "Plan Rows": 7851, "Plan Width": 4, "Actual Rows": 7851, "Actual Loops": 1, "Filter": "(creationdate >= '2012-11-03 05:09:35'::timestamp without time zone)", "Rows Removed by Filter": 3251}, {"Node Type": "Hash", "Parent Relationship": "Inner", "Parallel Aware": false, "Async Capable": false, "Startup Cost": 2449.58, "Total Cost": 2449.58, "Plan Rows": 1226, "Plan Width": 4, "Actual Rows": 2236, "Actual Loops": 1, "Hash Buckets": 4096, "Original Hash Buckets": 2048, "Hash Batches": 1, "Original Hash Batches": 1, "Peak Memory Usage": 111, "Plans": [{"Node Type": "Seq Scan", "Parent Relationship": "Outer", "Parallel Aware": false, "Async Capable": false, "Relation Name": "posts", "Alias": "p", "Startup Cost": 0.0, "Total Cost": 2449.58, "Plan Rows": 1226, "Plan Width": 4, "Actual Rows": 2236, "Actual Loops": 1, "Filter": "((viewcount <= 1000) AND (posttypeid = 1) AND (score = 4))", "Rows Removed by Filter": 89740}]}]}, {"Node Type": "Index Scan", "Parent Relationship": "Inner", "Parallel Aware": false, "Async Capable": false, "Scan Direction": "Forward", "Index Name": "idx_comments_postid", "Relation Name": "comments", "Alias": "c", "Startup Cost": 0.42, "Total Cost": 1.33, "Plan Rows": 1, "Plan Width": 8, "Actual Rows": 0, "Actual Loops": 433, "Index Cond": "(postid = pl.postid)", "Rows Removed by Index Recheck": 0, "Filter": "((creationdate >= '2012-08-02 20:27:48'::timestamp without time zone) AND (creationdate <= '2014-09-10 16:09:23'::timestamp without time zone) AND (score = 1))", "Rows Removed by Filter": 3}]}, {"Node Type": "Index Scan", "Parent Relationship": "Inner", "Parallel Aware": false, "Async Capable": false, "Scan Direction": "Forward", "Index Name": "idx_posthistory_postid", "Relation Name": "posthistory", "Alias": "ph", "Startup Cost": 0.42, "Total Cost": 1.16, "Plan Rows": 1, "Plan Width": 4, "Actual Rows": 1, "Actual Loops": 214, "Index Cond": "(postid = c.postid)", "Rows Removed by Index Recheck": 0, "Filter": "(posthistorytypeid = 1)", "Rows Removed by Filter": 5}]}, {"Node Type": "Index Scan", "Parent Relationship": "Inner", "Parallel Aware": false, "Async Capable": false, "Scan Direction": "Forward", "Index Name": "users_pkey", "Relation Name": "users", "Alias": "u", "Startup Cost": 0.29, "Total Cost": 0.42, "Plan Rows": 1, "Plan Width": 4, "Actual Rows": 0, "Actual Loops": 214, "Index Cond": "(id = c.userid)", "Rows Removed by Index Recheck": 0, "Filter": "((reputation <= 1000) AND (views >= 0) AND (views <= 100) AND (downvotes >= 0))", "Rows Removed by Filter": 1}]}, {"Node Type": "Index Only Scan", "Parent Relationship": "Inner", "Parallel Aware": false, "Async Capable": false, "Scan Direction": "Forward", "Index Name": "idx_votes_userid", "Relation Name": "votes", "Alias": "v", "Startup Cost": 0.42, "Total Cost": 0.61, "Plan Rows": 9, "Plan Width": 4, "Actual Rows": 6, "Actual Loops": 38, "Index Cond": "(userid = u.id)", "Rows Removed by Index Recheck": 0, "Heap Fetches": 0}]}]}, "Planning Time": 4.711, "Triggers": [], "Execution Time": 14.94}