{"Plan": {"Node Type": "Aggregate", "Strategy": "Plain", "Partial Mode": "Simple", "Parallel Aware": false, "Async Capable": false, "Startup Cost": 1204.81, "Total Cost": 1204.82, "Plan Rows": 1, "Plan Width": 8, "Actual Rows": 1, "Actual Loops": 1, "Plans": [{"Node Type": "Nested Loop", "Parent Relationship": "Outer", "Parallel Aware": false, "Async Capable": false, "Join Type": "Inner", "Startup Cost": 0.59, "Total Cost": 1204.65, "Plan Rows": 62, "Plan Width": 0, "Actual Rows": 2432, "Actual Loops": 1, "Inner Unique": false, "Join Filter": "(c.userid = u.id)", "Rows Removed by Join Filter": 0, "Plans": [{"Node Type": "Nested Loop", "Parent Relationship": "Outer", "Parallel Aware": false, "Async Capable": false, "Join Type": "Inner", "Startup Cost": 0.29, "Total Cost": 1193.88, "Plan Rows": 1, "Plan Width": 8, "Actual Rows": 5, "Actual Loops": 1, "Inner Unique": false, "Plans": [{"Node Type": "Seq Scan", "Parent Relationship": "Outer", "Parallel Aware": false, "Async Capable": false, "Relation Name": "users", "Alias": "u", "Startup Cost": 0.0, "Total Cost": 1002.69, "Plan Rows": 13, "Plan Width": 4, "Actual Rows": 22, "Actual Loops": 1, "Filter": "((reputation >= 8710) AND (creationdate >= '2010-09-21 03:18:31'::timestamp without time zone) AND (creationdate <= '2013-03-29 17:59:30'::timestamp without time zone))", "Rows Removed by Filter": 40303}, {"Node Type": "Index Scan", "Parent Relationship": "Inner", "Parallel Aware": false, "Async Capable": false, "Scan Direction": "Forward", "Index Name": "idx_posts_owneruserid", "Relation Name": "posts", "Alias": "p", "Startup Cost": 0.29, "Total Cost": 14.7, "Plan Rows": 1, "Plan Width": 4, "Actual Rows": 0, "Actual Loops": 22, "Index Cond": "(owneruserid = u.id)", "Rows Removed by Index Recheck": 0, "Filter": "((answercount >= 1) AND (answercount <= 79) AND (commentcount >= 7) AND (commentcount <= 24) AND (creationdate >= '2012-12-18 05:12:59'::timestamp without time zone) AND (creationdate <= '2013-12-31 13:00:08'::timestamp without time zone))", "Rows Removed by Filter": 350}]}, {"Node Type": "Index Scan", "Parent Relationship": "Inner", "Parallel Aware": false, "Async Capable": false, "Scan Direction": "Forward", "Index Name": "idx_comments_userid", "Relation Name": "comments", "Alias": "c", "Startup Cost": 0.29, "Total Cost": 10.67, "Plan Rows": 8, "Plan Width": 4, "Actual Rows": 486, "Actual Loops": 5, "Index Cond": "(userid = p.owneruserid)", "Rows Removed by Index Recheck": 0, "Filter": "(creationdate >= '2012-10-29 13:18:31'::timestamp without time zone)", "Rows Removed by Filter": 738}]}]}, "Planning Time": 0.685, "Triggers": [], "Execution Time": 7.188}