{"Plan": {"Node Type": "Aggregate", "Strategy": "Plain", "Partial Mode": "Simple", "Parallel Aware": false, "Async Capable": false, "Startup Cost": 6224.15, "Total Cost": 6224.16, "Plan Rows": 1, "Plan Width": 8, "Actual Rows": 1, "Actual Loops": 1, "Plans": [{"Node Type": "Nested Loop", "Parent Relationship": "Outer", "Parallel Aware": false, "Async Capable": false, "Join Type": "Inner", "Startup Cost": 1.02, "Total Cost": 6012.46, "Plan Rows": 84678, "Plan Width": 0, "Actual Rows": 178585, "Actual Loops": 1, "Inner Unique": false, "Join Filter": "(c.userid = u.id)", "Rows Removed by Join Filter": 0, "Plans": [{"Node Type": "Merge Join", "Parent Relationship": "Outer", "Parallel Aware": false, "Async Capable": false, "Join Type": "Inner", "Startup Cost": 0.71, "Total Cost": 3138.03, "Plan Rows": 15416, "Plan Width": 8, "Actual Rows": 24882, "Actual Loops": 1, "Inner Unique": true, "Merge Cond": "(v.userid = u.id)", "Plans": [{"Node Type": "Index Scan", "Parent Relationship": "Outer", "Parallel Aware": false, "Async Capable": false, "Scan Direction": "Forward", "Index Name": "idx_votes_userid", "Relation Name": "votes", "Alias": "v", "Startup Cost": 0.42, "Total Cost": 13242.63, "Plan Rows": 255653, "Plan Width": 4, "Actual Rows": 26832, "Actual Loops": 1, "Filter": "((creationdate >= '2011-02-26 20:41:22'::timestamp without time zone) AND (creationdate <= '2014-04-27 06:35:13'::timestamp without time zone))", "Rows Removed by Filter": 6824}, {"Node Type": "Index Scan", "Parent Relationship": "Inner", "Parallel Aware": false, "Async Capable": false, "Scan Direction": "Forward", "Index Name": "users_pkey", "Relation Name": "users", "Alias": "u", "Startup Cost": 0.29, "Total Cost": 1457.98, "Plan Rows": 22994, "Plan Width": 4, "Actual Rows": 22987, "Actual Loops": 1, "Filter": "(creationdate <= '2013-10-13 07:36:48'::timestamp without time zone)", "Rows Removed by Filter": 17338}]}, {"Node Type": "Memoize", "Parent Relationship": "Inner", "Parallel Aware": false, "Async Capable": false, "Startup Cost": 0.3, "Total Cost": 0.62, "Plan Rows": 1, "Plan Width": 4, "Actual Rows": 7, "Actual Loops": 24882, "Cache Key": "v.userid", "Cache Mode": "logical", "Cache Hits": 21263, "Cache Misses": 3619, "Cache Evictions": 0, "Cache Overflows": 0, "Peak Memory Usage": 322, "Plans": [{"Node Type": "Index Scan", "Parent Relationship": "Outer", "Parallel Aware": false, "Async Capable": false, "Scan Direction": "Forward", "Index Name": "idx_comments_userid", "Relation Name": "comments", "Alias": "c", "Startup Cost": 0.29, "Total Cost": 0.61, "Plan Rows": 1, "Plan Width": 4, "Actual Rows": 1, "Actual Loops": 3619, "Index Cond": "(userid = v.userid)", "Rows Removed by Index Recheck": 0, "Filter": "((creationdate >= '2012-10-02 17:17:46'::timestamp without time zone) AND (creationdate <= '2012-10-30 02:11:49'::timestamp without time zone))", "Rows Removed by Filter": 30}]}]}]}, "Planning Time": 1.495, "Triggers": [], "Execution Time": 180.708}