{"Plan": {"Node Type": "Aggregate", "Strategy": "Plain", "Partial Mode": "Simple", "Parallel Aware": false, "Async Capable": false, "Startup Cost": 3625.52, "Total Cost": 3625.53, "Plan Rows": 1, "Plan Width": 8, "Actual Rows": 1, "Actual Loops": 1, "Plans": [{"Node Type": "Nested Loop", "Parent Relationship": "Outer", "Parallel Aware": false, "Async Capable": false, "Join Type": "Inner", "Startup Cost": 1069.0, "Total Cost": 3285.87, "Plan Rows": 135861, "Plan Width": 0, "Actual Rows": 621389, "Actual Loops": 1, "Inner Unique": false, "Join Filter": "(c.userid = u.id)", "Rows Removed by Join Filter": 0, "Plans": [{"Node Type": "Merge Join", "Parent Relationship": "Outer", "Parallel Aware": false, "Async Capable": false, "Join Type": "Inner", "Startup Cost": 1068.71, "Total Cost": 2525.38, "Plan Rows": 1041, "Plan Width": 8, "Actual Rows": 2849, "Actual Loops": 1, "Inner Unique": true, "Merge Cond": "(v.userid = u.id)", "Plans": [{"Node Type": "Index Scan", "Parent Relationship": "Outer", "Parallel Aware": false, "Async Capable": false, "Scan Direction": "Forward", "Index Name": "idx_votes_userid", "Relation Name": "votes", "Alias": "v", "Startup Cost": 0.42, "Total Cost": 13242.63, "Plan Rows": 89945, "Plan Width": 4, "Actual Rows": 9195, "Actual Loops": 1, "Filter": "((creationdate >= '2012-05-11 22:49:47'::timestamp without time zone) AND (creationdate <= '2013-06-11 17:18:24'::timestamp without time zone))", "Rows Removed by Filter": 18260}, {"Node Type": "Sort", "Parent Relationship": "Inner", "Parallel Aware": false, "Async Capable": false, "Startup Cost": 1068.28, "Total Cost": 1079.32, "Plan Rows": 4414, "Plan Width": 4, "Actual Rows": 4400, "Actual Loops": 1, "Sort Key": ["u.id"], "Sort Method": "quicksort", "Sort Space Used": 193, "Sort Space Type": "Memory", "Plans": [{"Node Type": "Seq Scan", "Parent Relationship": "Outer", "Parallel Aware": false, "Async Capable": false, "Relation Name": "users", "Alias": "u", "Startup Cost": 0.0, "Total Cost": 801.06, "Plan Rows": 4414, "Plan Width": 4, "Actual Rows": 4400, "Actual Loops": 1, "Filter": "(creationdate <= '2011-09-14 09:28:55'::timestamp without time zone)", "Rows Removed by Filter": 35925}]}]}, {"Node Type": "Index Scan", "Parent Relationship": "Inner", "Parallel Aware": false, "Async Capable": false, "Scan Direction": "Forward", "Index Name": "idx_comments_userid", "Relation Name": "comments", "Alias": "c", "Startup Cost": 0.29, "Total Cost": 0.66, "Plan Rows": 6, "Plan Width": 4, "Actual Rows": 218, "Actual Loops": 2849, "Index Cond": "(userid = v.userid)", "Rows Removed by Index Recheck": 0, "Filter": "((creationdate >= '2009-03-17 03:24:09'::timestamp without time zone) AND (creationdate <= '2013-01-16 08:31:05'::timestamp without time zone))", "Rows Removed by Filter": 761}]}]}, "Planning Time": 1.48, "Triggers": [], "Execution Time": 473.151}