{"Plan": {"Node Type": "Aggregate", "Strategy": "Plain", "Partial Mode": "Simple", "Parallel Aware": false, "Async Capable": false, "Startup Cost": 3901.02, "Total Cost": 3901.03, "Plan Rows": 1, "Plan Width": 8, "Actual Rows": 1, "Actual Loops": 1, "Plans": [{"Node Type": "Nested Loop", "Parent Relationship": "Outer", "Parallel Aware": false, "Async Capable": false, "Join Type": "Inner", "Startup Cost": 983.64, "Total Cost": 3647.07, "Plan Rows": 101579, "Plan Width": 0, "Actual Rows": 1069324, "Actual Loops": 1, "Inner Unique": false, "Join Filter": "(c.userid = u.id)", "Rows Removed by Join Filter": 0, "Plans": [{"Node Type": "Merge Join", "Parent Relationship": "Outer", "Parallel Aware": false, "Async Capable": false, "Join Type": "Inner", "Startup Cost": 983.34, "Total Cost": 2476.55, "Plan Rows": 1829, "Plan Width": 8, "Actual Rows": 6786, "Actual Loops": 1, "Inner Unique": true, "Merge Cond": "(v.userid = u.id)", "Plans": [{"Node Type": "Index Scan", "Parent Relationship": "Outer", "Parallel Aware": false, "Async Capable": false, "Scan Direction": "Forward", "Index Name": "idx_votes_userid", "Relation Name": "votes", "Alias": "v", "Startup Cost": 0.42, "Total Cost": 13242.63, "Plan Rows": 222721, "Plan Width": 4, "Actual Rows": 20578, "Actual Loops": 1, "Filter": "((creationdate >= '2011-04-08 14:22:46'::timestamp without time zone) AND (creationdate <= '2014-02-06 21:19:51'::timestamp without time zone))", "Rows Removed by Filter": 6876}, {"Node Type": "Sort", "Parent Relationship": "Inner", "Parallel Aware": false, "Async Capable": false, "Startup Cost": 982.92, "Total Cost": 990.75, "Plan Rows": 3132, "Plan Width": 4, "Actual Rows": 3144, "Actual Loops": 1, "Sort Key": ["u.id"], "Sort Method": "quicksort", "Sort Space Used": 97, "Sort Space Type": "Memory", "Plans": [{"Node Type": "Seq Scan", "Parent Relationship": "Outer", "Parallel Aware": false, "Async Capable": false, "Relation Name": "users", "Alias": "u", "Startup Cost": 0.0, "Total Cost": 801.06, "Plan Rows": 3132, "Plan Width": 4, "Actual Rows": 3144, "Actual Loops": 1, "Filter": "(creationdate <= '2011-05-28 02:44:01'::timestamp without time zone)", "Rows Removed by Filter": 37181}]}]}, {"Node Type": "Index Scan", "Parent Relationship": "Inner", "Parallel Aware": false, "Async Capable": false, "Scan Direction": "Forward", "Index Name": "idx_comments_userid", "Relation Name": "comments", "Alias": "c", "Startup Cost": 0.29, "Total Cost": 0.61, "Plan Rows": 2, "Plan Width": 4, "Actual Rows": 158, "Actual Loops": 6786, "Index Cond": "(userid = v.userid)", "Rows Removed by Index Recheck": 0, "Filter": "((creationdate >= '2010-07-03 17:31:47'::timestamp without time zone) AND (creationdate <= '2012-01-05 12:38:06'::timestamp without time zone))", "Rows Removed by Filter": 737}]}]}, "Planning Time": 1.525, "Triggers": [], "Execution Time": 910.633}