{"Plan": {"Node Type": "Aggregate", "Strategy": "Plain", "Partial Mode": "Simple", "Parallel Aware": false, "Async Capable": false, "Startup Cost": 4308.62, "Total Cost": 4308.63, "Plan Rows": 1, "Plan Width": 8, "Actual Rows": 1, "Actual Loops": 1, "Plans": [{"Node Type": "Nested Loop", "Parent Relationship": "Outer", "Parallel Aware": false, "Async Capable": false, "Join Type": "Inner", "Startup Cost": 1406.09, "Total Cost": 3928.8, "Plan Rows": 151927, "Plan Width": 0, "Actual Rows": 258429, "Actual Loops": 1, "Inner Unique": false, "Join Filter": "(c.userid = u.id)", "Rows Removed by Join Filter": 0, "Plans": [{"Node Type": "Merge Join", "Parent Relationship": "Outer", "Parallel Aware": false, "Async Capable": false, "Join Type": "Inner", "Startup Cost": 1405.8, "Total Cost": 2881.17, "Plan Rows": 1385, "Plan Width": 8, "Actual Rows": 2053, "Actual Loops": 1, "Inner Unique": true, "Merge Cond": "(v.userid = u.id)", "Plans": [{"Node Type": "Index Scan", "Parent Relationship": "Outer", "Parallel Aware": false, "Async Capable": false, "Scan Direction": "Forward", "Index Name": "idx_votes_userid", "Relation Name": "votes", "Alias": "v", "Startup Cost": 0.42, "Total Cost": 13242.63, "Plan Rows": 57511, "Plan Width": 4, "Actual Rows": 6625, "Actual Loops": 1, "Filter": "((creationdate >= '2013-07-31 02:57:59'::timestamp without time zone) AND (creationdate <= '2014-02-22 09:01:51'::timestamp without time zone))", "Rows Removed by Filter": 27013}, {"Node Type": "Sort", "Parent Relationship": "Inner", "Parallel Aware": false, "Async Capable": false, "Startup Cost": 1405.38, "Total Cost": 1428.33, "Plan Rows": 9181, "Plan Width": 4, "Actual Rows": 9185, "Actual Loops": 1, "Sort Key": ["u.id"], "Sort Method": "quicksort", "Sort Space Used": 385, "Sort Space Type": "Memory", "Plans": [{"Node Type": "Seq Scan", "Parent Relationship": "Outer", "Parallel Aware": false, "Async Capable": false, "Relation Name": "users", "Alias": "u", "Startup Cost": 0.0, "Total Cost": 801.06, "Plan Rows": 9181, "Plan Width": 4, "Actual Rows": 9185, "Actual Loops": 1, "Filter": "(creationdate <= '2012-06-10 20:05:15'::timestamp without time zone)", "Rows Removed by Filter": 31140}]}]}, {"Node Type": "Index Scan", "Parent Relationship": "Inner", "Parallel Aware": false, "Async Capable": false, "Scan Direction": "Forward", "Index Name": "idx_comments_userid", "Relation Name": "comments", "Alias": "c", "Startup Cost": 0.29, "Total Cost": 0.69, "Plan Rows": 5, "Plan Width": 4, "Actual Rows": 126, "Actual Loops": 2053, "Index Cond": "(userid = v.userid)", "Rows Removed by Index Recheck": 0, "Filter": "((creationdate >= '2010-07-20 08:54:24'::timestamp without time zone) AND (creationdate <= '2012-09-30 09:46:34'::timestamp without time zone))", "Rows Removed by Filter": 775}]}]}, "Planning Time": 1.491, "Triggers": [], "Execution Time": 347.714}