{"Plan": {"Node Type": "Aggregate", "Strategy": "Plain", "Partial Mode": "Simple", "Parallel Aware": false, "Async Capable": false, "Startup Cost": 4490.72, "Total Cost": 4490.73, "Plan Rows": 1, "Plan Width": 8, "Actual Rows": 1, "Actual Loops": 1, "Plans": [{"Node Type": "Nested Loop", "Parent Relationship": "Outer", "Parallel Aware": false, "Async Capable": false, "Join Type": "Inner", "Startup Cost": 1342.83, "Total Cost": 3579.5, "Plan Rows": 364485, "Plan Width": 0, "Actual Rows": 74140, "Actual Loops": 1, "Inner Unique": false, "Join Filter": "(c.userid = u.id)", "Rows Removed by Join Filter": 0, "Plans": [{"Node Type": "Merge Join", "Parent Relationship": "Outer", "Parallel Aware": false, "Async Capable": false, "Join Type": "Inner", "Startup Cost": 1342.54, "Total Cost": 2720.98, "Plan Rows": 1227, "Plan Width": 8, "Actual Rows": 1260, "Actual Loops": 1, "Inner Unique": true, "Merge Cond": "(v.userid = u.id)", "Plans": [{"Node Type": "Index Scan", "Parent Relationship": "Outer", "Parallel Aware": false, "Async Capable": false, "Scan Direction": "Forward", "Index Name": "idx_votes_userid", "Relation Name": "votes", "Alias": "v", "Startup Cost": 0.42, "Total Cost": 12422.47, "Plan Rows": 67768, "Plan Width": 4, "Actual Rows": 6022, "Actual Loops": 1, "Filter": "(creationdate <= '2011-11-08 02:13:04'::timestamp without time zone)", "Rows Removed by Filter": 28768}, {"Node Type": "Sort", "Parent Relationship": "Inner", "Parallel Aware": false, "Async Capable": false, "Startup Cost": 1342.12, "Total Cost": 1359.38, "Plan Rows": 6904, "Plan Width": 4, "Actual Rows": 6905, "Actual Loops": 1, "Sort Key": ["u.id"], "Sort Method": "quicksort", "Sort Space Used": 193, "Sort Space Type": "Memory", "Plans": [{"Node Type": "Seq Scan", "Parent Relationship": "Outer", "Parallel Aware": false, "Async Capable": false, "Relation Name": "users", "Alias": "u", "Startup Cost": 0.0, "Total Cost": 901.88, "Plan Rows": 6904, "Plan Width": 4, "Actual Rows": 6906, "Actual Loops": 1, "Filter": "((creationdate >= '2011-04-04 16:30:29'::timestamp without time zone) AND (creationdate <= '2012-06-25 17:33:05'::timestamp without time zone))", "Rows Removed by Filter": 33419}]}]}, {"Node Type": "Index Only Scan", "Parent Relationship": "Inner", "Parallel Aware": false, "Async Capable": false, "Scan Direction": "Forward", "Index Name": "idx_comments_userid", "Relation Name": "comments", "Alias": "c", "Startup Cost": 0.29, "Total Cost": 0.54, "Plan Rows": 13, "Plan Width": 4, "Actual Rows": 59, "Actual Loops": 1260, "Index Cond": "(userid = v.userid)", "Rows Removed by Index Recheck": 0, "Heap Fetches": 0}]}]}, "Planning Time": 1.0, "Triggers": [], "Execution Time": 40.955}