{"Plan": {"Node Type": "Aggregate", "Strategy": "Plain", "Partial Mode": "Simple", "Parallel Aware": false, "Async Capable": false, "Startup Cost": 3046.23, "Total Cost": 3046.24, "Plan Rows": 1, "Plan Width": 8, "Actual Rows": 1, "Actual Loops": 1, "Plans": [{"Node Type": "Nested Loop", "Parent Relationship": "Outer", "Parallel Aware": false, "Async Capable": false, "Join Type": "Inner", "Startup Cost": 1009.87, "Total Cost": 3042.77, "Plan Rows": 1383, "Plan Width": 0, "Actual Rows": 294, "Actual Loops": 1, "Inner Unique": false, "Join Filter": "(ph.userid = p.owneruserid)", "Rows Removed by Join Filter": 0, "Plans": [{"Node Type": "Hash Join", "Parent Relationship": "Outer", "Parallel Aware": false, "Async Capable": false, "Join Type": "Inner", "Startup Cost": 1009.45, "Total Cost": 2999.82, "Plan Rows": 3, "Plan Width": 8, "Actual Rows": 6, "Actual Loops": 1, "Inner Unique": true, "Hash Cond": "(p.owneruserid = u.id)", "Plans": [{"Node Type": "Seq Scan", "Parent Relationship": "Outer", "Parallel Aware": false, "Async Capable": false, "Relation Name": "posts", "Alias": "p", "Startup Cost": 0.0, "Total Cost": 1989.7, "Plan Rows": 254, "Plan Width": 4, "Actual Rows": 253, "Actual Loops": 1, "Filter": "(score >= 39)", "Rows Removed by Filter": 91723}, {"Node Type": "Hash", "Parent Relationship": "Inner", "Parallel Aware": false, "Async Capable": false, "Startup Cost": 1002.69, "Total Cost": 1002.69, "Plan Rows": 541, "Plan Width": 4, "Actual Rows": 149, "Actual Loops": 1, "Hash Buckets": 1024, "Original Hash Buckets": 1024, "Hash Batches": 1, "Original Hash Batches": 1, "Peak Memory Usage": 14, "Plans": [{"Node Type": "Seq Scan", "Parent Relationship": "Outer", "Parallel Aware": false, "Async Capable": false, "Relation Name": "users", "Alias": "u", "Startup Cost": 0.0, "Total Cost": 1002.69, "Plan Rows": 541, "Plan Width": 4, "Actual Rows": 149, "Actual Loops": 1, "Filter": "((reputation >= 301) AND (upvotes <= 4580) AND (creationdate >= '2013-06-21 14:29:37'::timestamp without time zone))", "Rows Removed by Filter": 40176}]}]}, {"Node Type": "Index Scan", "Parent Relationship": "Inner", "Parallel Aware": false, "Async Capable": false, "Scan Direction": "Forward", "Index Name": "idx_posthistory_userid", "Relation Name": "posthistory", "Alias": "ph", "Startup Cost": 0.42, "Total Cost": 14.19, "Plan Rows": 10, "Plan Width": 4, "Actual Rows": 49, "Actual Loops": 6, "Index Cond": "(userid = u.id)", "Rows Removed by Index Recheck": 0, "Filter": "(creationdate >= '2012-07-31 21:55:15'::timestamp without time zone)", "Rows Removed by Filter": 0}]}]}, "Planning Time": 0.715, "Triggers": [], "Execution Time": 14.912}