{"Plan": {"Node Type": "Aggregate", "Strategy": "Plain", "Partial Mode": "Simple", "Parallel Aware": false, "Async Capable": false, "Startup Cost": 2020.22, "Total Cost": 2020.23, "Plan Rows": 1, "Plan Width": 8, "Actual Rows": 1, "Actual Loops": 1, "Plans": [{"Node Type": "Nested Loop", "Parent Relationship": "Outer", "Parallel Aware": false, "Async Capable": false, "Join Type": "Inner", "Startup Cost": 1.14, "Total Cost": 2020.21, "Plan Rows": 1, "Plan Width": 0, "Actual Rows": 122, "Actual Loops": 1, "Inner Unique": false, "Join Filter": "(c.postid = p.id)", "Rows Removed by Join Filter": 0, "Plans": [{"Node Type": "Nested Loop", "Parent Relationship": "Outer", "Parallel Aware": false, "Async Capable": false, "Join Type": "Inner", "Startup Cost": 0.71, "Total Cost": 2019.66, "Plan Rows": 1, "Plan Width": 8, "Actual Rows": 3838, "Actual Loops": 1, "Inner Unique": false, "Plans": [{"Node Type": "Nested Loop", "Parent Relationship": "Outer", "Parallel Aware": false, "Async Capable": false, "Join Type": "Inner", "Startup Cost": 0.29, "Total Cost": 2005.88, "Plan Rows": 1, "Plan Width": 4, "Actual Rows": 150, "Actual Loops": 1, "Inner Unique": false, "Plans": [{"Node Type": "Seq Scan", "Parent Relationship": "Outer", "Parallel Aware": false, "Async Capable": false, "Relation Name": "users", "Alias": "u", "Startup Cost": 0.0, "Total Cost": 801.06, "Plan Rows": 100, "Plan Width": 4, "Actual Rows": 100, "Actual Loops": 1, "Filter": "(downvotes >= 14)", "Rows Removed by Filter": 40225}, {"Node Type": "Index Scan", "Parent Relationship": "Inner", "Parallel Aware": false, "Async Capable": false, "Scan Direction": "Forward", "Index Name": "idx_posts_owneruserid", "Relation Name": "posts", "Alias": "p", "Startup Cost": 0.29, "Total Cost": 12.04, "Plan Rows": 1, "Plan Width": 8, "Actual Rows": 2, "Actual Loops": 100, "Index Cond": "(owneruserid = u.id)", "Rows Removed by Index Recheck": 0, "Filter": "((score >= 24) AND (score <= 66) AND (commentcount <= 38) AND (creationdate <= '2012-04-05 01:40:01'::timestamp without time zone))", "Rows Removed by Filter": 194}]}, {"Node Type": "Index Scan", "Parent Relationship": "Inner", "Parallel Aware": false, "Async Capable": false, "Scan Direction": "Forward", "Index Name": "idx_votes_postid", "Relation Name": "votes", "Alias": "v", "Startup Cost": 0.42, "Total Cost": 13.76, "Plan Rows": 2, "Plan Width": 4, "Actual Rows": 26, "Actual Loops": 150, "Index Cond": "(postid = p.id)", "Rows Removed by Index Recheck": 0, "Filter": "(creationdate <= '2012-09-16 17:37:55'::timestamp without time zone)", "Rows Removed by Filter": 17}]}, {"Node Type": "Index Scan", "Parent Relationship": "Inner", "Parallel Aware": false, "Async Capable": false, "Scan Direction": "Forward", "Index Name": "idx_comments_postid", "Relation Name": "comments", "Alias": "c", "Startup Cost": 0.42, "Total Cost": 0.54, "Plan Rows": 1, "Plan Width": 4, "Actual Rows": 0, "Actual Loops": 3838, "Index Cond": "(postid = v.postid)", "Rows Removed by Index Recheck": 0, "Filter": "((creationdate <= '2014-01-06 18:40:41'::timestamp without time zone) AND (score = 6))", "Rows Removed by Filter": 3}]}]}, "Planning Time": 1.179, "Triggers": [], "Execution Time": 27.726}