{"Plan": {"Node Type": "Aggregate", "Strategy": "Plain", "Partial Mode": "Simple", "Parallel Aware": false, "Async Capable": false, "Startup Cost": 1407.74, "Total Cost": 1407.75, "Plan Rows": 1, "Plan Width": 8, "Actual Rows": 1, "Actual Loops": 1, "Plans": [{"Node Type": "Nested Loop", "Parent Relationship": "Outer", "Parallel Aware": false, "Async Capable": false, "Join Type": "Inner", "Startup Cost": 1.01, "Total Cost": 1407.74, "Plan Rows": 1, "Plan Width": 0, "Actual Rows": 6529, "Actual Loops": 1, "Inner Unique": false, "Join Filter": "(v.userid = u.id)", "Rows Removed by Join Filter": 0, "Plans": [{"Node Type": "Nested Loop", "Parent Relationship": "Outer", "Parallel Aware": false, "Async Capable": false, "Join Type": "Inner", "Startup Cost": 0.59, "Total Cost": 1406.87, "Plan Rows": 1, "Plan Width": 12, "Actual Rows": 1890, "Actual Loops": 1, "Inner Unique": false, "Join Filter": "(c.userid = u.id)", "Rows Removed by Join Filter": 0, "Plans": [{"Node Type": "Nested Loop", "Parent Relationship": "Outer", "Parallel Aware": false, "Async Capable": false, "Join Type": "Inner", "Startup Cost": 0.29, "Total Cost": 1362.53, "Plan Rows": 61, "Plan Width": 8, "Actual Rows": 3673, "Actual Loops": 1, "Inner Unique": false, "Plans": [{"Node Type": "Seq Scan", "Parent Relationship": "Outer", "Parallel Aware": false, "Async Capable": false, "Relation Name": "users", "Alias": "u", "Startup Cost": 0.0, "Total Cost": 801.06, "Plan Rows": 51, "Plan Width": 4, "Actual Rows": 51, "Actual Loops": 1, "Filter": "(reputation >= 6382)", "Rows Removed by Filter": 40274}, {"Node Type": "Index Scan", "Parent Relationship": "Inner", "Parallel Aware": false, "Async Capable": false, "Scan Direction": "Forward", "Index Name": "idx_badges_userid", "Relation Name": "badges", "Alias": "b", "Startup Cost": 0.29, "Total Cost": 10.99, "Plan Rows": 2, "Plan Width": 4, "Actual Rows": 72, "Actual Loops": 51, "Index Cond": "(userid = u.id)", "Rows Removed by Index Recheck": 0, "Filter": "(date <= '2013-09-25 23:49:02'::timestamp without time zone)", "Rows Removed by Filter": 30}]}, {"Node Type": "Index Scan", "Parent Relationship": "Inner", "Parallel Aware": false, "Async Capable": false, "Scan Direction": "Forward", "Index Name": "idx_comments_userid", "Relation Name": "comments", "Alias": "c", "Startup Cost": 0.29, "Total Cost": 0.71, "Plan Rows": 1, "Plan Width": 4, "Actual Rows": 1, "Actual Loops": 3673, "Index Cond": "(userid = b.userid)", "Rows Removed by Index Recheck": 0, "Filter": "((creationdate >= '2010-01-29 12:42:04'::timestamp without time zone) AND (score = 15))", "Rows Removed by Filter": 2499}]}, {"Node Type": "Index Scan", "Parent Relationship": "Inner", "Parallel Aware": false, "Async Capable": false, "Scan Direction": "Forward", "Index Name": "idx_votes_userid", "Relation Name": "votes", "Alias": "v", "Startup Cost": 0.42, "Total Cost": 0.85, "Plan Rows": 1, "Plan Width": 4, "Actual Rows": 3, "Actual Loops": 1890, "Index Cond": "(userid = b.userid)", "Rows Removed by Index Recheck": 0, "Filter": "((creationdate >= '2009-04-12 21:19:13'::timestamp without time zone) AND (creationdate <= '2013-01-15 14:03:50'::timestamp without time zone) AND (votetypeid = 8))", "Rows Removed by Filter": 126}]}]}, "Planning Time": 2.789, "Triggers": [], "Execution Time": 1310.683}