{"Plan": {"Node Type": "Aggregate", "Strategy": "Plain", "Partial Mode": "Simple", "Parallel Aware": false, "Async Capable": false, "Startup Cost": 3852.41, "Total Cost": 3852.42, "Plan Rows": 1, "Plan Width": 8, "Actual Rows": 1, "Actual Loops": 1, "Plans": [{"Node Type": "Nested Loop", "Parent Relationship": "Outer", "Parallel Aware": false, "Async Capable": false, "Join Type": "Inner", "Startup Cost": 1.0, "Total Cost": 3852.41, "Plan Rows": 2, "Plan Width": 0, "Actual Rows": 568, "Actual Loops": 1, "Inner Unique": false, "Plans": [{"Node Type": "Nested Loop", "Parent Relationship": "Outer", "Parallel Aware": false, "Async Capable": false, "Join Type": "Inner", "Startup Cost": 0.58, "Total Cost": 3842.77, "Plan Rows": 6, "Plan Width": 12, "Actual Rows": 1351, "Actual Loops": 1, "Inner Unique": false, "Plans": [{"Node Type": "Nested Loop", "Parent Relationship": "Outer", "Parallel Aware": false, "Async Capable": false, "Join Type": "Inner", "Startup Cost": 0.29, "Total Cost": 3829.11, "Plan Rows": 21, "Plan Width": 8, "Actual Rows": 193, "Actual Loops": 1, "Inner Unique": true, "Plans": [{"Node Type": "Seq Scan", "Parent Relationship": "Outer", "Parallel Aware": false, "Async Capable": false, "Relation Name": "posts", "Alias": "p", "Startup Cost": 0.0, "Total Cost": 3139.4, "Plan Rows": 107, "Plan Width": 4, "Actual Rows": 587, "Actual Loops": 1, "Filter": "((answercount <= 114) AND (commentcount >= 2) AND (commentcount <= 38) AND (favoritecount >= 5) AND (favoritecount <= 24) AND (creationdate <= '2013-01-12 11:05:00'::timestamp without time zone))", "Rows Removed by Filter": 91389}, {"Node Type": "Index Scan", "Parent Relationship": "Inner", "Parallel Aware": false, "Async Capable": false, "Scan Direction": "Forward", "Index Name": "users_pkey", "Relation Name": "users", "Alias": "u", "Startup Cost": 0.29, "Total Cost": 6.45, "Plan Rows": 1, "Plan Width": 4, "Actual Rows": 0, "Actual Loops": 587, "Index Cond": "(id = p.owneruserid)", "Rows Removed by Index Recheck": 0, "Filter": "((reputation <= 82685) AND (creationdate >= '2011-05-19 03:22:21'::timestamp without time zone) AND (creationdate <= '2012-09-19 07:53:25'::timestamp without time zone))", "Rows Removed by Filter": 1}]}, {"Node Type": "Index Scan", "Parent Relationship": "Inner", "Parallel Aware": false, "Async Capable": false, "Scan Direction": "Forward", "Index Name": "idx_badges_userid", "Relation Name": "badges", "Alias": "b", "Startup Cost": 0.29, "Total Cost": 0.64, "Plan Rows": 1, "Plan Width": 4, "Actual Rows": 7, "Actual Loops": 193, "Index Cond": "(userid = u.id)", "Rows Removed by Index Recheck": 0, "Filter": "((date >= '2011-08-16 10:44:24'::timestamp without time zone) AND (date <= '2012-07-20 16:07:19'::timestamp without time zone))", "Rows Removed by Filter": 13}]}, {"Node Type": "Index Scan", "Parent Relationship": "Inner", "Parallel Aware": false, "Async Capable": false, "Scan Direction": "Forward", "Index Name": "idx_posthistory_userid", "Relation Name": "posthistory", "Alias": "ph", "Startup Cost": 0.42, "Total Cost": 1.6, "Plan Rows": 1, "Plan Width": 4, "Actual Rows": 0, "Actual Loops": 1351, "Index Cond": "(userid = b.userid)", "Rows Removed by Index Recheck": 0, "Filter": "((creationdate >= '2012-01-11 20:09:51'::timestamp without time zone) AND (creationdate <= '2013-08-14 15:28:30'::timestamp without time zone) AND (posthistorytypeid = 13))", "Rows Removed by Filter": 299}]}]}, "Planning Time": 2.482, "Triggers": [], "Execution Time": 87.858}