{"Plan": {"Node Type": "Aggregate", "Strategy": "Plain", "Partial Mode": "Simple", "Parallel Aware": false, "Async Capable": false, "Startup Cost": 2860.15, "Total Cost": 2860.16, "Plan Rows": 1, "Plan Width": 8, "Actual Rows": 1, "Actual Loops": 1, "Plans": [{"Node Type": "Nested Loop", "Parent Relationship": "Outer", "Parallel Aware": false, "Async Capable": false, "Join Type": "Inner", "Startup Cost": 1024.12, "Total Cost": 2860.15, "Plan Rows": 1, "Plan Width": 0, "Actual Rows": 43, "Actual Loops": 1, "Inner Unique": false, "Plans": [{"Node Type": "Nested Loop", "Parent Relationship": "Outer", "Parallel Aware": false, "Async Capable": false, "Join Type": "Inner", "Startup Cost": 1023.69, "Total Cost": 2854.99, "Plan Rows": 1, "Plan Width": 12, "Actual Rows": 8, "Actual Loops": 1, "Inner Unique": false, "Plans": [{"Node Type": "Hash Join", "Parent Relationship": "Outer", "Parallel Aware": false, "Async Capable": false, "Join Type": "Inner", "Startup Cost": 1023.4, "Total Cost": 2658.51, "Plan Rows": 84, "Plan Width": 8, "Actual Rows": 551, "Actual Loops": 1, "Inner Unique": true, "Hash Cond": "(b.userid = u.id)", "Plans": [{"Node Type": "Seq Scan", "Parent Relationship": "Outer", "Parallel Aware": false, "Async Capable": false, "Relation Name": "badges", "Alias": "b", "Startup Cost": 0.0, "Total Cost": 1629.76, "Plan Rows": 2035, "Plan Width": 4, "Actual Rows": 2012, "Actual Loops": 1, "Filter": "((date >= '2010-11-29 09:51:25'::timestamp without time zone) AND (date <= '2011-03-06 14:10:35'::timestamp without time zone))", "Rows Removed by Filter": 77839}, {"Node Type": "Hash", "Parent Relationship": "Inner", "Parallel Aware": false, "Async Capable": false, "Startup Cost": 1002.69, "Total Cost": 1002.69, "Plan Rows": 1657, "Plan Width": 4, "Actual Rows": 1645, "Actual Loops": 1, "Hash Buckets": 2048, "Original Hash Buckets": 2048, "Hash Batches": 1, "Original Hash Batches": 1, "Peak Memory Usage": 74, "Plans": [{"Node Type": "Seq Scan", "Parent Relationship": "Outer", "Parallel Aware": false, "Async Capable": false, "Relation Name": "users", "Alias": "u", "Startup Cost": 0.0, "Total Cost": 1002.69, "Plan Rows": 1657, "Plan Width": 4, "Actual Rows": 1645, "Actual Loops": 1, "Filter": "((reputation <= 43083) AND (creationdate >= '2011-01-20 17:10:06'::timestamp without time zone) AND (creationdate <= '2011-06-27 12:49:28'::timestamp without time zone))", "Rows Removed by Filter": 38680}]}]}, {"Node Type": "Index Scan", "Parent Relationship": "Inner", "Parallel Aware": false, "Async Capable": false, "Scan Direction": "Forward", "Index Name": "idx_posts_owneruserid", "Relation Name": "posts", "Alias": "p", "Startup Cost": 0.29, "Total Cost": 2.33, "Plan Rows": 1, "Plan Width": 4, "Actual Rows": 0, "Actual Loops": 551, "Index Cond": "(owneruserid = b.userid)", "Rows Removed by Index Recheck": 0, "Filter": "((answercount <= 26) AND (commentcount >= 3) AND (commentcount <= 19) AND (favoritecount >= 39) AND (favoritecount <= 54) AND (creationdate <= '2013-07-03 03:38:32'::timestamp without time zone))", "Rows Removed by Filter": 15}]}, {"Node Type": "Index Scan", "Parent Relationship": "Inner", "Parallel Aware": false, "Async Capable": false, "Scan Direction": "Forward", "Index Name": "idx_posthistory_userid", "Relation Name": "posthistory", "Alias": "ph", "Startup Cost": 0.42, "Total Cost": 5.15, "Plan Rows": 1, "Plan Width": 4, "Actual Rows": 5, "Actual Loops": 8, "Index Cond": "(userid = b.userid)", "Rows Removed by Index Recheck": 0, "Filter": "((creationdate >= '2009-07-27 03:12:32'::timestamp without time zone) AND (creationdate <= '2011-07-09 08:23:56'::timestamp without time zone) AND (posthistorytypeid = 1))", "Rows Removed by Filter": 55}]}]}, "Planning Time": 2.044, "Triggers": [], "Execution Time": 17.365}