{"Plan": {"Node Type": "Aggregate", "Strategy": "Plain", "Partial Mode": "Simple", "Parallel Aware": false, "Async Capable": false, "Startup Cost": 4255.46, "Total Cost": 4255.47, "Plan Rows": 1, "Plan Width": 8, "Actual Rows": 1, "Actual Loops": 1, "Plans": [{"Node Type": "Nested Loop", "Parent Relationship": "Outer", "Parallel Aware": false, "Async Capable": false, "Join Type": "Inner", "Startup Cost": 1046.09, "Total Cost": 4253.1, "Plan Rows": 944, "Plan Width": 0, "Actual Rows": 11065, "Actual Loops": 1, "Inner Unique": false, "Plans": [{"Node Type": "Nested Loop", "Parent Relationship": "Outer", "Parallel Aware": false, "Async Capable": false, "Join Type": "Inner", "Startup Cost": 1045.67, "Total Cost": 4220.95, "Plan Rows": 30, "Plan Width": 12, "Actual Rows": 793, "Actual Loops": 1, "Inner Unique": false, "Plans": [{"Node Type": "Hash Join", "Parent Relationship": "Outer", "Parallel Aware": false, "Async Capable": false, "Join Type": "Inner", "Startup Cost": 1045.38, "Total Cost": 4185.83, "Plan Rows": 34, "Plan Width": 8, "Actual Rows": 249, "Actual Loops": 1, "Inner Unique": true, "Hash Cond": "(p.owneruserid = u.id)", "Plans": [{"Node Type": "Seq Scan", "Parent Relationship": "Outer", "Parallel Aware": false, "Async Capable": false, "Relation Name": "posts", "Alias": "p", "Startup Cost": 0.0, "Total Cost": 3139.4, "Plan Rows": 403, "Plan Width": 4, "Actual Rows": 1452, "Actual Loops": 1, "Filter": "((answercount <= 24) AND (commentcount >= 5) AND (commentcount <= 39) AND (favoritecount >= 0) AND (favoritecount <= 41) AND (creationdate <= '2013-04-24 14:14:30'::timestamp without time zone))", "Rows Removed by Filter": 90524}, {"Node Type": "Hash", "Parent Relationship": "Inner", "Parallel Aware": false, "Async Capable": false, "Startup Cost": 1002.69, "Total Cost": 1002.69, "Plan Rows": 3415, "Plan Width": 4, "Actual Rows": 3427, "Actual Loops": 1, "Hash Buckets": 4096, "Original Hash Buckets": 4096, "Hash Batches": 1, "Original Hash Batches": 1, "Peak Memory Usage": 153, "Plans": [{"Node Type": "Seq Scan", "Parent Relationship": "Outer", "Parallel Aware": false, "Async Capable": false, "Relation Name": "users", "Alias": "u", "Startup Cost": 0.0, "Total Cost": 1002.69, "Plan Rows": 3415, "Plan Width": 4, "Actual Rows": 3427, "Actual Loops": 1, "Filter": "((reputation <= 55697) AND (creationdate >= '2012-04-04 17:03:17'::timestamp without time zone) AND (creationdate <= '2012-09-28 19:54:20'::timestamp without time zone))", "Rows Removed by Filter": 36898}]}]}, {"Node Type": "Index Scan", "Parent Relationship": "Inner", "Parallel Aware": false, "Async Capable": false, "Scan Direction": "Forward", "Index Name": "idx_badges_userid", "Relation Name": "badges", "Alias": "b", "Startup Cost": 0.29, "Total Cost": 1.02, "Plan Rows": 1, "Plan Width": 4, "Actual Rows": 3, "Actual Loops": 249, "Index Cond": "(userid = u.id)", "Rows Removed by Index Recheck": 0, "Filter": "((date >= '2013-05-09 03:24:59'::timestamp without time zone) AND (date <= '2014-07-13 10:22:34'::timestamp without time zone))", "Rows Removed by Filter": 8}]}, {"Node Type": "Index Scan", "Parent Relationship": "Inner", "Parallel Aware": false, "Async Capable": false, "Scan Direction": "Forward", "Index Name": "idx_posthistory_userid", "Relation Name": "posthistory", "Alias": "ph", "Startup Cost": 0.42, "Total Cost": 1.06, "Plan Rows": 1, "Plan Width": 4, "Actual Rows": 14, "Actual Loops": 793, "Index Cond": "(userid = b.userid)", "Rows Removed by Index Recheck": 0, "Filter": "((creationdate >= '2012-06-09 08:35:51'::timestamp without time zone) AND (creationdate <= '2013-10-28 21:28:29'::timestamp without time zone) AND (posthistorytypeid = 1))", "Rows Removed by Filter": 354}]}]}, "Planning Time": 2.09, "Triggers": [], "Execution Time": 64.785}