{"Plan": {"Node Type": "Aggregate", "Strategy": "Plain", "Partial Mode": "Simple", "Parallel Aware": false, "Async Capable": false, "Startup Cost": 4741.26, "Total Cost": 4741.27, "Plan Rows": 1, "Plan Width": 8, "Actual Rows": 1, "Actual Loops": 1, "Plans": [{"Node Type": "Nested Loop", "Parent Relationship": "Outer", "Parallel Aware": false, "Async Capable": false, "Join Type": "Inner", "Startup Cost": 2888.52, "Total Cost": 4740.92, "Plan Rows": 139, "Plan Width": 0, "Actual Rows": 379, "Actual Loops": 1, "Inner Unique": false, "Join Filter": "(ph.userid = u.id)", "Rows Removed by Join Filter": 0, "Plans": [{"Node Type": "Merge Join", "Parent Relationship": "Outer", "Parallel Aware": false, "Async Capable": false, "Join Type": "Inner", "Startup Cost": 2888.1, "Total Cost": 4243.12, "Plan Rows": 592, "Plan Width": 12, "Actual Rows": 9319, "Actual Loops": 1, "Inner Unique": false, "Merge Cond": "(v.userid = u.id)", "Plans": [{"Node Type": "Index Scan", "Parent Relationship": "Outer", "Parallel Aware": false, "Async Capable": false, "Scan Direction": "Forward", "Index Name": "idx_votes_userid", "Relation Name": "votes", "Alias": "v", "Startup Cost": 0.42, "Total Cost": 12422.47, "Plan Rows": 81546, "Plan Width": 4, "Actual Rows": 6060, "Actual Loops": 1, "Filter": "(creationdate <= '2012-02-03 13:27:15'::timestamp without time zone)", "Rows Removed by Filter": 5246}, {"Node Type": "Sort", "Parent Relationship": "Inner", "Parallel Aware": false, "Async Capable": false, "Startup Cost": 2887.68, "Total Cost": 2894.59, "Plan Rows": 2767, "Plan Width": 8, "Actual Rows": 10663, "Actual Loops": 1, "Sort Key": ["u.id"], "Sort Method": "quicksort", "Sort Space Used": 106, "Sort Space Type": "Memory", "Plans": [{"Node Type": "Hash Join", "Parent Relationship": "Outer", "Parallel Aware": false, "Async Capable": false, "Join Type": "Inner", "Startup Cost": 1278.41, "Total Cost": 2729.48, "Plan Rows": 2767, "Plan Width": 8, "Actual Rows": 1831, "Actual Loops": 1, "Inner Unique": true, "Hash Cond": "(b.userid = u.id)", "Plans": [{"Node Type": "Seq Scan", "Parent Relationship": "Outer", "Parallel Aware": false, "Async Capable": false, "Relation Name": "badges", "Alias": "b", "Startup Cost": 0.0, "Total Cost": 1430.14, "Plan Rows": 7975, "Plan Width": 4, "Actual Rows": 7974, "Actual Loops": 1, "Filter": "(date <= '2011-07-01 05:37:38'::timestamp without time zone)", "Rows Removed by Filter": 71877}, {"Node Type": "Hash", "Parent Relationship": "Inner", "Parallel Aware": false, "Async Capable": false, "Startup Cost": 1103.5, "Total Cost": 1103.5, "Plan Rows": 13993, "Plan Width": 4, "Actual Rows": 13990, "Actual Loops": 1, "Hash Buckets": 16384, "Original Hash Buckets": 16384, "Hash Batches": 1, "Original Hash Batches": 1, "Peak Memory Usage": 620, "Plans": [{"Node Type": "Seq Scan", "Parent Relationship": "Outer", "Parallel Aware": false, "Async Capable": false, "Relation Name": "users", "Alias": "u", "Startup Cost": 0.0, "Total Cost": 1103.5, "Plan Rows": 13993, "Plan Width": 4, "Actual Rows": 13990, "Actual Loops": 1, "Filter": "((reputation <= 50633) AND (views <= 11906) AND (creationdate >= '2011-02-24 04:24:09'::timestamp without time zone) AND (creationdate <= '2013-03-19 14:42:37'::timestamp without time zone))", "Rows Removed by Filter": 26335}]}]}]}]}, {"Node Type": "Index Scan", "Parent Relationship": "Inner", "Parallel Aware": false, "Async Capable": false, "Scan Direction": "Forward", "Index Name": "idx_posthistory_userid", "Relation Name": "posthistory", "Alias": "ph", "Startup Cost": 0.42, "Total Cost": 0.83, "Plan Rows": 1, "Plan Width": 4, "Actual Rows": 0, "Actual Loops": 9319, "Index Cond": "(userid = v.userid)", "Rows Removed by Index Recheck": 0, "Filter": "(posthistorytypeid = 8)", "Rows Removed by Filter": 177}]}]}, "Planning Time": 2.947, "Triggers": [], "Execution Time": 222.211}