{"Plan": {"Node Type": "Aggregate", "Strategy": "Plain", "Partial Mode": "Simple", "Parallel Aware": false, "Async Capable": false, "Startup Cost": 3474.22, "Total Cost": 3474.23, "Plan Rows": 1, "Plan Width": 8, "Actual Rows": 1, "Actual Loops": 1, "Plans": [{"Node Type": "Merge Join", "Parent Relationship": "Outer", "Parallel Aware": false, "Async Capable": false, "Join Type": "Inner", "Startup Cost": 2710.62, "Total Cost": 3120.8, "Plan Rows": 141368, "Plan Width": 0, "Actual Rows": 29832, "Actual Loops": 1, "Inner Unique": false, "Merge Cond": "(v.userid = p.owneruserid)", "Plans": [{"Node Type": "Nested Loop", "Parent Relationship": "Outer", "Parallel Aware": false, "Async Capable": false, "Join Type": "Inner", "Startup Cost": 1.43, "Total Cost": 3233.96, "Plan Rows": 63555, "Plan Width": 16, "Actual Rows": 36702, "Actual Loops": 1, "Inner Unique": false, "Join Filter": "(ph.userid = v.userid)", "Rows Removed by Join Filter": 0, "Plans": [{"Node Type": "Nested Loop", "Parent Relationship": "Outer", "Parallel Aware": false, "Async Capable": false, "Join Type": "Inner", "Startup Cost": 1.01, "Total Cost": 3174.59, "Plan Rows": 50, "Plan Width": 12, "Actual Rows": 207, "Actual Loops": 1, "Inner Unique": false, "Join Filter": "(c.userid = v.userid)", "Rows Removed by Join Filter": 0, "Plans": [{"Node Type": "Merge Join", "Parent Relationship": "Outer", "Parallel Aware": false, "Async Capable": false, "Join Type": "Inner", "Startup Cost": 0.71, "Total Cost": 3150.05, "Plan Rows": 32, "Plan Width": 8, "Actual Rows": 104, "Actual Loops": 1, "Inner Unique": true, "Merge Cond": "(v.userid = u.id)", "Plans": [{"Node Type": "Index Scan", "Parent Relationship": "Outer", "Parallel Aware": false, "Async Capable": false, "Scan Direction": "Forward", "Index Name": "idx_votes_userid", "Relation Name": "votes", "Alias": "v", "Startup Cost": 0.42, "Total Cost": 13242.63, "Plan Rows": 403, "Plan Width": 4, "Actual Rows": 254, "Actual Loops": 1, "Filter": "((bountyamount >= 78) AND (creationdate >= '2011-07-02 01:31:29'::timestamp without time zone))", "Rows Removed by Filter": 34408}, {"Node Type": "Index Scan", "Parent Relationship": "Inner", "Parallel Aware": false, "Async Capable": false, "Scan Direction": "Forward", "Index Name": "users_pkey", "Relation Name": "users", "Alias": "u", "Startup Cost": 0.29, "Total Cost": 1659.6, "Plan Rows": 30661, "Plan Width": 4, "Actual Rows": 30685, "Actual Loops": 1, "Filter": "((upvotes <= 4240) AND (creationdate >= '2012-03-26 13:30:35'::timestamp without time zone) AND (creationdate <= '2014-08-09 20:59:54'::timestamp without time zone))", "Rows Removed by Filter": 9640}]}, {"Node Type": "Index Scan", "Parent Relationship": "Inner", "Parallel Aware": false, "Async Capable": false, "Scan Direction": "Forward", "Index Name": "idx_comments_userid", "Relation Name": "comments", "Alias": "c", "Startup Cost": 0.29, "Total Cost": 0.75, "Plan Rows": 1, "Plan Width": 4, "Actual Rows": 2, "Actual Loops": 104, "Index Cond": "(userid = u.id)", "Rows Removed by Index Recheck": 0, "Filter": "(score = 2)", "Rows Removed by Filter": 65}]}, {"Node Type": "Index Scan", "Parent Relationship": "Inner", "Parallel Aware": false, "Async Capable": false, "Scan Direction": "Forward", "Index Name": "idx_posthistory_userid", "Relation Name": "posthistory", "Alias": "ph", "Startup Cost": 0.42, "Total Cost": 1.04, "Plan Rows": 12, "Plan Width": 4, "Actual Rows": 177, "Actual Loops": 207, "Index Cond": "(userid = u.id)", "Rows Removed by Index Recheck": 0, "Filter": "(creationdate <= '2014-05-02 06:17:32'::timestamp without time zone)", "Rows Removed by Filter": 229}]}, {"Node Type": "Sort", "Parent Relationship": "Inner", "Parallel Aware": false, "Async Capable": false, "Startup Cost": 2709.19, "Total Cost": 2710.78, "Plan Rows": 637, "Plan Width": 4, "Actual Rows": 30063, "Actual Loops": 1, "Sort Key": ["p.owneruserid"], "Sort Method": "quicksort", "Sort Space Used": 25, "Sort Space Type": "Memory", "Plans": [{"Node Type": "Seq Scan", "Parent Relationship": "Outer", "Parallel Aware": false, "Async Capable": false, "Relation Name": "posts", "Alias": "p", "Startup Cost": 0.0, "Total Cost": 2679.52, "Plan Rows": 637, "Plan Width": 4, "Actual Rows": 320, "Actual Loops": 1, "Filter": "((answercount >= 3) AND (answercount <= 8) AND (creationdate >= '2014-02-10 00:37:45'::timestamp without time zone) AND (creationdate <= '2014-07-08 01:50:04'::timestamp without time zone))", "Rows Removed by Filter": 91656}]}]}]}, "Planning Time": 5.31, "Triggers": [], "Execution Time": 113.143}