{"Plan": {"Node Type": "Aggregate", "Strategy": "Plain", "Partial Mode": "Simple", "Parallel Aware": false, "Async Capable": false, "Startup Cost": 4067.48, "Total Cost": 4067.49, "Plan Rows": 1, "Plan Width": 8, "Actual Rows": 1, "Actual Loops": 1, "Plans": [{"Node Type": "Merge Join", "Parent Relationship": "Outer", "Parallel Aware": false, "Async Capable": false, "Join Type": "Inner", "Startup Cost": 2705.04, "Total Cost": 3233.87, "Plan Rows": 333445, "Plan Width": 0, "Actual Rows": 1052545, "Actual Loops": 1, "Inner Unique": false, "Merge Cond": "(v.userid = p.owneruserid)", "Plans": [{"Node Type": "Nested Loop", "Parent Relationship": "Outer", "Parallel Aware": false, "Async Capable": false, "Join Type": "Inner", "Startup Cost": 1.43, "Total Cost": 3403.75, "Plan Rows": 179494, "Plan Width": 16, "Actual Rows": 1131470, "Actual Loops": 1, "Inner Unique": false, "Join Filter": "(ph.userid = v.userid)", "Rows Removed by Join Filter": 0, "Plans": [{"Node Type": "Nested Loop", "Parent Relationship": "Outer", "Parallel Aware": false, "Async Capable": false, "Join Type": "Inner", "Startup Cost": 1.01, "Total Cost": 3147.75, "Plan Rows": 211, "Plan Width": 12, "Actual Rows": 4536, "Actual Loops": 1, "Inner Unique": false, "Join Filter": "(c.userid = v.userid)", "Rows Removed by Join Filter": 0, "Plans": [{"Node Type": "Merge Join", "Parent Relationship": "Outer", "Parallel Aware": false, "Async Capable": false, "Join Type": "Inner", "Startup Cost": 0.71, "Total Cost": 3105.13, "Plan Rows": 46, "Plan Width": 8, "Actual Rows": 429, "Actual Loops": 1, "Inner Unique": true, "Merge Cond": "(v.userid = u.id)", "Plans": [{"Node Type": "Index Scan", "Parent Relationship": "Outer", "Parallel Aware": false, "Async Capable": false, "Scan Direction": "Forward", "Index Name": "idx_votes_userid", "Relation Name": "votes", "Alias": "v", "Startup Cost": 0.42, "Total Cost": 13242.63, "Plan Rows": 993, "Plan Width": 4, "Actual Rows": 758, "Actual Loops": 1, "Filter": "((bountyamount >= 7) AND (creationdate >= '2012-10-27 12:39:18'::timestamp without time zone))", "Rows Removed by Filter": 32945}, {"Node Type": "Index Scan", "Parent Relationship": "Inner", "Parallel Aware": false, "Async Capable": false, "Scan Direction": "Forward", "Index Name": "users_pkey", "Relation Name": "users", "Alias": "u", "Startup Cost": 0.29, "Total Cost": 1659.6, "Plan Rows": 17658, "Plan Width": 4, "Actual Rows": 17663, "Actual Loops": 1, "Filter": "((upvotes <= 9743) AND (creationdate >= '2011-11-11 00:07:20'::timestamp without time zone) AND (creationdate <= '2013-10-12 01:25:16'::timestamp without time zone))", "Rows Removed by Filter": 22662}]}, {"Node Type": "Index Scan", "Parent Relationship": "Inner", "Parallel Aware": false, "Async Capable": false, "Scan Direction": "Forward", "Index Name": "idx_comments_userid", "Relation Name": "comments", "Alias": "c", "Startup Cost": 0.29, "Total Cost": 0.9, "Plan Rows": 2, "Plan Width": 4, "Actual Rows": 11, "Actual Loops": 429, "Index Cond": "(userid = u.id)", "Rows Removed by Index Recheck": 0, "Filter": "(score = 1)", "Rows Removed by Filter": 70}]}, {"Node Type": "Index Scan", "Parent Relationship": "Inner", "Parallel Aware": false, "Async Capable": false, "Scan Direction": "Forward", "Index Name": "idx_posthistory_userid", "Relation Name": "posthistory", "Alias": "ph", "Startup Cost": 0.42, "Total Cost": 1.11, "Plan Rows": 8, "Plan Width": 4, "Actual Rows": 249, "Actual Loops": 4536, "Index Cond": "(userid = c.userid)", "Rows Removed by Index Recheck": 0, "Filter": "(creationdate <= '2013-07-25 19:13:37'::timestamp without time zone)", "Rows Removed by Filter": 291}]}, {"Node Type": "Sort", "Parent Relationship": "Inner", "Parallel Aware": false, "Async Capable": false, "Startup Cost": 2703.61, "Total Cost": 2704.94, "Plan Rows": 532, "Plan Width": 4, "Actual Rows": 1052859, "Actual Loops": 1, "Sort Key": ["p.owneruserid"], "Sort Method": "quicksort", "Sort Space Used": 25, "Sort Space Type": "Memory", "Plans": [{"Node Type": "Seq Scan", "Parent Relationship": "Outer", "Parallel Aware": false, "Async Capable": false, "Relation Name": "posts", "Alias": "p", "Startup Cost": 0.0, "Total Cost": 2679.52, "Plan Rows": 532, "Plan Width": 4, "Actual Rows": 368, "Actual Loops": 1, "Filter": "((answercount >= 4) AND (answercount <= 76) AND (creationdate >= '2012-04-07 01:35:06'::timestamp without time zone) AND (creationdate <= '2013-09-02 03:08:55'::timestamp without time zone))", "Rows Removed by Filter": 91608}]}]}]}, "Planning Time": 5.412, "Triggers": [], "Execution Time": 680.482}