{"Plan": {"Node Type": "Aggregate", "Strategy": "Plain", "Partial Mode": "Finalize", "Parallel Aware": false, "Async Capable": false, "Startup Cost": 186637.25, "Total Cost": 186637.26, "Plan Rows": 1, "Plan Width": 8, "Actual Rows": 1, "Actual Loops": 1, "Plans": [{"Node Type": "Gather", "Parent Relationship": "Outer", "Parallel Aware": false, "Async Capable": false, "Startup Cost": 186637.14, "Total Cost": 186637.25, "Plan Rows": 1, "Plan Width": 8, "Actual Rows": 2, "Actual Loops": 1, "Workers Planned": 1, "Workers Launched": 1, "Single Copy": false, "Plans": [{"Node Type": "Aggregate", "Strategy": "Plain", "Partial Mode": "Partial", "Parent Relationship": "Outer", "Parallel Aware": false, "Async Capable": false, "Startup Cost": 185637.14, "Total Cost": 185637.15, "Plan Rows": 1, "Plan Width": 8, "Actual Rows": 1, "Actual Loops": 2, "Workers": [], "Plans": [{"Node Type": "Nested Loop", "Parent Relationship": "Outer", "Parallel Aware": false, "Async Capable": false, "Join Type": "Inner", "Startup Cost": 1.73, "Total Cost": 8320.56, "Plan Rows": 70926634, "Plan Width": 0, "Actual Rows": 12738556, "Actual Loops": 2, "Inner Unique": false, "Workers": [], "Plans": [{"Node Type": "Nested Loop", "Parent Relationship": "Outer", "Parallel Aware": false, "Async Capable": false, "Join Type": "Inner", "Startup Cost": 1.43, "Total Cost": 3078.09, "Plan Rows": 21171, "Plan Width": 16, "Actual Rows": 133770, "Actual Loops": 2, "Inner Unique": false, "Join Filter": "(ph.userid = v.userid)", "Rows Removed by Join Filter": 0, "Workers": [], "Plans": [{"Node Type": "Nested Loop", "Parent Relationship": "Outer", "Parallel Aware": false, "Async Capable": false, "Join Type": "Inner", "Startup Cost": 1.0, "Total Cost": 2946.53, "Plan Rows": 122, "Plan Width": 12, "Actual Rows": 3692, "Actual Loops": 2, "Inner Unique": false, "Join Filter": "(p.owneruserid = v.userid)", "Rows Removed by Join Filter": 0, "Workers": [], "Plans": [{"Node Type": "Merge Join", "Parent Relationship": "Outer", "Parallel Aware": false, "Async Capable": false, "Join Type": "Inner", "Startup Cost": 0.71, "Total Cost": 2892.84, "Plan Rows": 107, "Plan Width": 8, "Actual Rows": 400, "Actual Loops": 2, "Inner Unique": true, "Merge Cond": "(v.userid = u.id)", "Workers": [], "Plans": [{"Node Type": "Index Scan", "Parent Relationship": "Outer", "Parallel Aware": true, "Async Capable": false, "Scan Direction": "Forward", "Index Name": "idx_votes_userid", "Relation Name": "votes", "Alias": "v", "Startup Cost": 0.42, "Total Cost": 11698.8, "Plan Rows": 1016, "Plan Width": 4, "Actual Rows": 547, "Actual Loops": 2, "Filter": "((bountyamount >= 0) AND (bountyamount <= 300) AND (creationdate >= '2010-07-26 00:00:00'::timestamp without time zone))", "Rows Removed by Filter": 18611, "Workers": []}, {"Node Type": "Index Scan", "Parent Relationship": "Inner", "Parallel Aware": false, "Async Capable": false, "Scan Direction": "Forward", "Index Name": "users_pkey", "Relation Name": "users", "Alias": "u", "Startup Cost": 0.29, "Total Cost": 1558.79, "Plan Rows": 40111, "Plan Width": 4, "Actual Rows": 32738, "Actual Loops": 2, "Filter": "((views >= 0) AND (views <= 200))", "Rows Removed by Filter": 212, "Workers": []}]}, {"Node Type": "Index Scan", "Parent Relationship": "Inner", "Parallel Aware": false, "Async Capable": false, "Scan Direction": "Forward", "Index Name": "idx_posts_owneruserid", "Relation Name": "posts", "Alias": "p", "Startup Cost": 0.29, "Total Cost": 0.49, "Plan Rows": 1, "Plan Width": 4, "Actual Rows": 9, "Actual Loops": 799, "Index Cond": "(owneruserid = u.id)", "Rows Removed by Index Recheck": 0, "Filter": "((viewcount >= 0) AND (answercount >= 1) AND (answercount <= 10))", "Rows Removed by Filter": 14, "Workers": []}]}, {"Node Type": "Index Scan", "Parent Relationship": "Inner", "Parallel Aware": false, "Async Capable": false, "Scan Direction": "Forward", "Index Name": "idx_posthistory_userid", "Relation Name": "posthistory", "Alias": "ph", "Startup Cost": 0.42, "Total Cost": 1.03, "Plan Rows": 4, "Plan Width": 4, "Actual Rows": 36, "Actual Loops": 7383, "Index Cond": "(userid = u.id)", "Rows Removed by Index Recheck": 0, "Filter": "((creationdate >= '2010-11-05 01:25:39'::timestamp without time zone) AND (creationdate <= '2014-09-09 07:14:12'::timestamp without time zone) AND (posthistorytypeid = 2))", "Rows Removed by Filter": 97, "Workers": []}]}, {"Node Type": "Memoize", "Parent Relationship": "Inner", "Parallel Aware": false, "Async Capable": false, "Startup Cost": 0.3, "Total Cost": 1.1, "Plan Rows": 13, "Plan Width": 4, "Actual Rows": 95, "Actual Loops": 267540, "Cache Key": "v.userid", "Cache Mode": "logical", "Cache Hits": 132136, "Cache Misses": 254, "Cache Evictions": 0, "Cache Overflows": 0, "Peak Memory Usage": 289, "Workers": [{"Worker Number": 0, "Cache Hits": 134871, "Cache Misses": 279, "Cache Evictions": 0, "Cache Overflows": 0, "Peak Memory Usage": 258}], "Plans": [{"Node Type": "Index Only Scan", "Parent Relationship": "Outer", "Parallel Aware": false, "Async Capable": false, "Scan Direction": "Forward", "Index Name": "idx_comments_userid", "Relation Name": "comments", "Alias": "c", "Startup Cost": 0.29, "Total Cost": 1.09, "Plan Rows": 13, "Plan Width": 4, "Actual Rows": 27, "Actual Loops": 533, "Index Cond": "(userid = v.userid)", "Rows Removed by Index Recheck": 0, "Heap Fetches": 0, "Workers": []}]}]}]}]}]}, "Planning Time": 4.628, "Triggers": [], "Execution Time": 764.253}