{"Plan": {"Node Type": "Aggregate", "Strategy": "Plain", "Partial Mode": "Simple", "Parallel Aware": false, "Async Capable": false, "Startup Cost": 1348.7, "Total Cost": 1348.71, "Plan Rows": 1, "Plan Width": 8, "Actual Rows": 1, "Actual Loops": 1, "Plans": [{"Node Type": "Nested Loop", "Parent Relationship": "Outer", "Parallel Aware": false, "Async Capable": false, "Join Type": "Inner", "Startup Cost": 1.84, "Total Cost": 1348.7, "Plan Rows": 1, "Plan Width": 0, "Actual Rows": 730, "Actual Loops": 1, "Inner Unique": false, "Join Filter": "(p.id = v.postid)", "Rows Removed by Join Filter": 0, "Plans": [{"Node Type": "Nested Loop", "Parent Relationship": "Outer", "Parallel Aware": false, "Async Capable": false, "Join Type": "Inner", "Startup Cost": 1.42, "Total Cost": 1348.1, "Plan Rows": 1, "Plan Width": 16, "Actual Rows": 67, "Actual Loops": 1, "Inner Unique": false, "Join Filter": "(p.id = ph.postid)", "Rows Removed by Join Filter": 0, "Plans": [{"Node Type": "Nested Loop", "Parent Relationship": "Outer", "Parallel Aware": false, "Async Capable": false, "Join Type": "Inner", "Startup Cost": 1.0, "Total Cost": 1347.52, "Plan Rows": 1, "Plan Width": 12, "Actual Rows": 67, "Actual Loops": 1, "Inner Unique": false, "Join Filter": "(c.postid = p.id)", "Rows Removed by Join Filter": 0, "Plans": [{"Node Type": "Nested Loop", "Parent Relationship": "Outer", "Parallel Aware": false, "Async Capable": false, "Join Type": "Inner", "Startup Cost": 0.58, "Total Cost": 1346.43, "Plan Rows": 1, "Plan Width": 8, "Actual Rows": 16, "Actual Loops": 1, "Inner Unique": false, "Plans": [{"Node Type": "Nested Loop", "Parent Relationship": "Outer", "Parallel Aware": false, "Async Capable": false, "Join Type": "Inner", "Startup Cost": 0.29, "Total Cost": 1345.83, "Plan Rows": 1, "Plan Width": 4, "Actual Rows": 174, "Actual Loops": 1, "Inner Unique": false, "Plans": [{"Node Type": "Seq Scan", "Parent Relationship": "Outer", "Parallel Aware": false, "Async Capable": false, "Relation Name": "users", "Alias": "u", "Startup Cost": 0.0, "Total Cost": 901.88, "Plan Rows": 32, "Plan Width": 4, "Actual Rows": 44, "Actual Loops": 1, "Filter": "((upvotes >= 815) AND (creationdate <= '2014-03-04 06:12:17'::timestamp without time zone))", "Rows Removed by Filter": 40281}, {"Node Type": "Index Scan", "Parent Relationship": "Inner", "Parallel Aware": false, "Async Capable": false, "Scan Direction": "Forward", "Index Name": "idx_posts_owneruserid", "Relation Name": "posts", "Alias": "p", "Startup Cost": 0.29, "Total Cost": 13.86, "Plan Rows": 1, "Plan Width": 8, "Actual Rows": 4, "Actual Loops": 44, "Index Cond": "(owneruserid = u.id)", "Rows Removed by Index Recheck": 0, "Filter": "((answercount >= 3) AND (creationdate >= '2010-02-17 07:27:38'::timestamp without time zone) AND (creationdate <= '2014-05-22 17:09:13'::timestamp without time zone) AND (posttypeid = 1))", "Rows Removed by Filter": 310}]}, {"Node Type": "Index Scan", "Parent Relationship": "Inner", "Parallel Aware": false, "Async Capable": false, "Scan Direction": "Forward", "Index Name": "idx_postlinks_postid", "Relation Name": "postlinks", "Alias": "pl", "Startup Cost": 0.29, "Total Cost": 0.59, "Plan Rows": 1, "Plan Width": 4, "Actual Rows": 0, "Actual Loops": 174, "Index Cond": "(postid = p.id)", "Rows Removed by Index Recheck": 0, "Filter": "((creationdate >= '2012-09-25 03:15:53'::timestamp without time zone) AND (creationdate <= '2013-07-12 20:51:59'::timestamp without time zone))", "Rows Removed by Filter": 0}]}, {"Node Type": "Index Only Scan", "Parent Relationship": "Inner", "Parallel Aware": false, "Async Capable": false, "Scan Direction": "Forward", "Index Name": "idx_comments_postid", "Relation Name": "comments", "Alias": "c", "Startup Cost": 0.42, "Total Cost": 1.06, "Plan Rows": 3, "Plan Width": 4, "Actual Rows": 4, "Actual Loops": 16, "Index Cond": "(postid = pl.postid)", "Rows Removed by Index Recheck": 0, "Heap Fetches": 0}]}, {"Node Type": "Index Scan", "Parent Relationship": "Inner", "Parallel Aware": false, "Async Capable": false, "Scan Direction": "Forward", "Index Name": "idx_posthistory_postid", "Relation Name": "posthistory", "Alias": "ph", "Startup Cost": 0.42, "Total Cost": 0.57, "Plan Rows": 1, "Plan Width": 4, "Actual Rows": 1, "Actual Loops": 67, "Index Cond": "(postid = c.postid)", "Rows Removed by Index Recheck": 0, "Filter": "(posthistorytypeid = 2)", "Rows Removed by Filter": 6}]}, {"Node Type": "Index Scan", "Parent Relationship": "Inner", "Parallel Aware": false, "Async Capable": false, "Scan Direction": "Forward", "Index Name": "idx_votes_postid", "Relation Name": "votes", "Alias": "v", "Startup Cost": 0.42, "Total Cost": 0.58, "Plan Rows": 1, "Plan Width": 4, "Actual Rows": 11, "Actual Loops": 67, "Index Cond": "(postid = c.postid)", "Rows Removed by Index Recheck": 0, "Filter": "(creationdate >= '2013-11-24 00:56:54'::timestamp without time zone)", "Rows Removed by Filter": 31}]}]}, "Planning Time": 5.536, "Triggers": [], "Execution Time": 9.528}