{"Plan": {"Node Type": "Aggregate", "Strategy": "Plain", "Partial Mode": "Simple", "Parallel Aware": false, "Async Capable": false, "Startup Cost": 949.39, "Total Cost": 949.4, "Plan Rows": 1, "Plan Width": 8, "Actual Rows": 1, "Actual Loops": 1, "Plans": [{"Node Type": "Nested Loop", "Parent Relationship": "Outer", "Parallel Aware": false, "Async Capable": false, "Join Type": "Inner", "Startup Cost": 1.84, "Total Cost": 949.38, "Plan Rows": 1, "Plan Width": 0, "Actual Rows": 119, "Actual Loops": 1, "Inner Unique": false, "Join Filter": "(p.id = ph.postid)", "Rows Removed by Join Filter": 0, "Plans": [{"Node Type": "Nested Loop", "Parent Relationship": "Outer", "Parallel Aware": false, "Async Capable": false, "Join Type": "Inner", "Startup Cost": 1.42, "Total Cost": 948.84, "Plan Rows": 1, "Plan Width": 16, "Actual Rows": 119, "Actual Loops": 1, "Inner Unique": false, "Join Filter": "(p.id = v.postid)", "Rows Removed by Join Filter": 0, "Plans": [{"Node Type": "Nested Loop", "Parent Relationship": "Outer", "Parallel Aware": false, "Async Capable": false, "Join Type": "Inner", "Startup Cost": 1.0, "Total Cost": 948.19, "Plan Rows": 1, "Plan Width": 12, "Actual Rows": 7, "Actual Loops": 1, "Inner Unique": false, "Join Filter": "(c.postid = p.id)", "Rows Removed by Join Filter": 0, "Plans": [{"Node Type": "Nested Loop", "Parent Relationship": "Outer", "Parallel Aware": false, "Async Capable": false, "Join Type": "Inner", "Startup Cost": 0.58, "Total Cost": 947.19, "Plan Rows": 1, "Plan Width": 8, "Actual Rows": 1, "Actual Loops": 1, "Inner Unique": false, "Plans": [{"Node Type": "Nested Loop", "Parent Relationship": "Outer", "Parallel Aware": false, "Async Capable": false, "Join Type": "Inner", "Startup Cost": 0.29, "Total Cost": 946.43, "Plan Rows": 1, "Plan Width": 4, "Actual Rows": 24, "Actual Loops": 1, "Inner Unique": false, "Plans": [{"Node Type": "Seq Scan", "Parent Relationship": "Outer", "Parallel Aware": false, "Async Capable": false, "Relation Name": "users", "Alias": "u", "Startup Cost": 0.0, "Total Cost": 901.88, "Plan Rows": 3, "Plan Width": 4, "Actual Rows": 8, "Actual Loops": 1, "Filter": "((upvotes >= 3380) AND (creationdate <= '2013-01-11 10:21:27'::timestamp without time zone))", "Rows Removed by Filter": 40317}, {"Node Type": "Index Scan", "Parent Relationship": "Inner", "Parallel Aware": false, "Async Capable": false, "Scan Direction": "Forward", "Index Name": "idx_posts_owneruserid", "Relation Name": "posts", "Alias": "p", "Startup Cost": 0.29, "Total Cost": 14.84, "Plan Rows": 1, "Plan Width": 8, "Actual Rows": 3, "Actual Loops": 8, "Index Cond": "(owneruserid = u.id)", "Rows Removed by Index Recheck": 0, "Filter": "((answercount >= 2) AND (creationdate >= '2009-06-16 07:54:12'::timestamp without time zone) AND (creationdate <= '2011-12-06 02:02:34'::timestamp without time zone) AND (posttypeid = 1))", "Rows Removed by Filter": 635}]}, {"Node Type": "Index Scan", "Parent Relationship": "Inner", "Parallel Aware": false, "Async Capable": false, "Scan Direction": "Forward", "Index Name": "idx_postlinks_postid", "Relation Name": "postlinks", "Alias": "pl", "Startup Cost": 0.29, "Total Cost": 0.75, "Plan Rows": 1, "Plan Width": 4, "Actual Rows": 0, "Actual Loops": 24, "Index Cond": "(postid = p.id)", "Rows Removed by Index Recheck": 0, "Filter": "((creationdate >= '2014-02-06 03:33:33'::timestamp without time zone) AND (creationdate <= '2014-08-15 07:23:10'::timestamp without time zone))", "Rows Removed by Filter": 0}]}, {"Node Type": "Index Only Scan", "Parent Relationship": "Inner", "Parallel Aware": false, "Async Capable": false, "Scan Direction": "Forward", "Index Name": "idx_comments_postid", "Relation Name": "comments", "Alias": "c", "Startup Cost": 0.42, "Total Cost": 0.96, "Plan Rows": 3, "Plan Width": 4, "Actual Rows": 7, "Actual Loops": 1, "Index Cond": "(postid = pl.postid)", "Rows Removed by Index Recheck": 0, "Heap Fetches": 0}]}, {"Node Type": "Index Scan", "Parent Relationship": "Inner", "Parallel Aware": false, "Async Capable": false, "Scan Direction": "Forward", "Index Name": "idx_votes_postid", "Relation Name": "votes", "Alias": "v", "Startup Cost": 0.42, "Total Cost": 0.58, "Plan Rows": 5, "Plan Width": 4, "Actual Rows": 17, "Actual Loops": 7, "Index Cond": "(postid = c.postid)", "Rows Removed by Index Recheck": 0, "Filter": "(creationdate >= '2009-05-12 11:01:29'::timestamp without time zone)", "Rows Removed by Filter": 0}]}, {"Node Type": "Index Scan", "Parent Relationship": "Inner", "Parallel Aware": false, "Async Capable": false, "Scan Direction": "Forward", "Index Name": "idx_posthistory_postid", "Relation Name": "posthistory", "Alias": "ph", "Startup Cost": 0.42, "Total Cost": 0.54, "Plan Rows": 1, "Plan Width": 4, "Actual Rows": 1, "Actual Loops": 119, "Index Cond": "(postid = v.postid)", "Rows Removed by Index Recheck": 0, "Filter": "(posthistorytypeid = 16)", "Rows Removed by Filter": 4}]}]}, "Planning Time": 5.32, "Triggers": [], "Execution Time": 3.683}