[{"Plan": {"Node Type": "Aggregate", "Strategy": "Plain", "Partial Mode": "Finalize", "Parallel Aware": false, "Async Capable": false, "Startup Cost": 407655.01, "Total Cost": 407655.02, "Plan Rows": 1, "Plan Width": 8, "Plans": [{"Node Type": "Gather", "Parent Relationship": "Outer", "Parallel Aware": false, "Async Capable": false, "Startup Cost": 407654.39, "Total Cost": 407655.0, "Plan Rows": 6, "Plan Width": 8, "Workers Planned": 6, "Single Copy": false, "Plans": [{"Node Type": "Aggregate", "Strategy": "Plain", "Partial Mode": "Partial", "Parent Relationship": "Outer", "Parallel Aware": false, "Async Capable": false, "Startup Cost": 406654.39, "Total Cost": 406654.4, "Plan Rows": 1, "Plan Width": 8, "Plans": [{"Node Type": "Nested Loop", "Parent Relationship": "Outer", "Parallel Aware": false, "Async Capable": false, "Join Type": "Inner", "Startup Cost": 2069.07, "Total Cost": 406653.62, "Plan Rows": 305, "Plan Width": 0, "Inner Unique": true, "Plans": [{"Node Type": "Hash Join", "Parent Relationship": "Outer", "Parallel Aware": true, "Async Capable": false, "Join Type": "Inner", "Startup Cost": 2068.78, "Total Cost": 406331.84, "Plan Rows": 1019, "Plan Width": 4, "Inner Unique": true, "Hash Cond": "(catalog_sales.cs_sold_date_sk = date_dim.d_date_sk)", "Plans": [{"Node Type": "Seq Scan", "Parent Relationship": "Outer", "Parallel Aware": true, "Async Capable": false, "Relation Name": "catalog_sales", "Alias": "catalog_sales", "Startup Cost": 0.0, "Total Cost": 397962.14, "Plan Rows": 2400214, "Plan Width": 8}, {"Node Type": "Hash", "Parent Relationship": "Inner", "Parallel Aware": true, "Async Capable": false, "Startup Cost": 2068.55, "Total Cost": 2068.55, "Plan Rows": 18, "Plan Width": 4, "Plans": [{"Node Type": "Seq Scan", "Parent Relationship": "Outer", "Parallel Aware": true, "Async Capable": false, "Relation Name": "date_dim", "Alias": "date_dim", "Startup Cost": 0.0, "Total Cost": 2068.55, "Plan Rows": 18, "Plan Width": 4, "Filter": "((d_date >= '1998-06-09'::date) AND (d_date <= '1998-07-09 00:00:00'::timestamp without time zone))"}]}]}, {"Node Type": "Index Scan", "Parent Relationship": "Inner", "Parallel Aware": false, "Async Capable": false, "Scan Direction": "Forward", "Index Name": "item_pkey", "Relation Name": "item", "Alias": "item", "Startup Cost": 0.29, "Total Cost": 0.32, "Plan Rows": 1, "Plan Width": 4, "Index Cond": "(i_item_sk = catalog_sales.cs_item_sk)", "Filter": "(i_category = ANY ('{Music,Children,Electronics}'::bpchar[]))"}]}]}]}]}}, {"Plan": {"Node Type": "Aggregate", "Strategy": "Plain", "Partial Mode": "Simple", "Parallel Aware": false, "Async Capable": false, "Startup Cost": 30001857114.75, "Total Cost": 30001857114.76, "Plan Rows": 1, "Plan Width": 8, "Plans": [{"Node Type": "Hash Join", "Parent Relationship": "Outer", "Parallel Aware": false, "Async Capable": false, "Join Type": "Inner", "Startup Cost": 30000003701.72, "Total Cost": 30001857110.18, "Plan Rows": 1829, "Plan Width": 0, "Inner Unique": true, "Hash Cond": "(catalog_sales.cs_sold_date_sk = date_dim.d_date_sk)", "Plans": [{"Node Type": "Nested Loop", "Parent Relationship": "Outer", "Parallel Aware": false, "Async Capable": false, "Join Type": "Inner", "Startup Cost": 20000000005.06, "Total Cost": 20001842101.13, "Plan Rows": 4309231, "Plan Width": 4, "Inner Unique": false, "Plans": [{"Node Type": "Index Scan", "Parent Relationship": "Outer", "Parallel Aware": false, "Async Capable": false, "Scan Direction": "Forward", "Index Name": "item_pkey", "Relation Name": "item", "Alias": "item", "Startup Cost": 10000000000.29, "Total Cost": 10000010105.3, "Plan Rows": 30521, "Plan Width": 4, "Filter": "(i_category = ANY ('{Music,Children,Electronics}'::bpchar[]))"}, {"Node Type": "Bitmap Heap Scan", "Parent Relationship": "Inner", "Parallel Aware": false, "Async Capable": false, "Relation Name": "catalog_sales", "Alias": "catalog_sales", "Startup Cost": 4.77, "Total Cost": 58.47, "Plan Rows": 155, "Plan Width": 8, "Recheck Cond": "(cs_item_sk = item.i_item_sk)", "Plans": [{"Node Type": "Bitmap Index Scan", "Parent Relationship": "Outer", "Parallel Aware": false, "Async Capable": false, "Index Name": "catalog_sales_pkey", "Startup Cost": 0.0, "Total Cost": 4.73, "Plan Rows": 155, "Plan Width": 0, "Index Cond": "(cs_item_sk = item.i_item_sk)"}]}]}, {"Node Type": "Hash", "Parent Relationship": "Inner", "Parallel Aware": false, "Async Capable": false, "Startup Cost": 10000003696.27, "Total Cost": 10000003696.27, "Plan Rows": 31, "Plan Width": 4, "Plans": [{"Node Type": "Index Scan", "Parent Relationship": "Outer", "Parallel Aware": false, "Async Capable": false, "Scan Direction": "Forward", "Index Name": "date_dim_pkey", "Relation Name": "date_dim", "Alias": "date_dim", "Startup Cost": 10000000000.29, "Total Cost": 10000003696.27, "Plan Rows": 31, "Plan Width": 4, "Filter": "((d_date >= '1998-06-09'::date) AND (d_date <= '1998-07-09 00:00:00'::timestamp without time zone))"}]}]}]}}, {"Plan": {"Node Type": "Aggregate", "Strategy": "Plain", "Partial Mode": "Finalize", "Parallel Aware": false, "Async Capable": false, "Startup Cost": 1831435.04, "Total Cost": 1831435.05, "Plan Rows": 1, "Plan Width": 8, "Plans": [{"Node Type": "Gather", "Parent Relationship": "Outer", "Parallel Aware": false, "Async Capable": false, "Startup Cost": 1831434.83, "Total Cost": 1831435.04, "Plan Rows": 2, "Plan Width": 8, "Workers Planned": 2, "Single Copy": false, "Plans": [{"Node Type": "Aggregate", "Strategy": "Plain", "Partial Mode": "Partial", "Parent Relationship": "Outer", "Parallel Aware": false, "Async Capable": false, "Startup Cost": 1830434.83, "Total Cost": 1830434.84, "Plan Rows": 1, "Plan Width": 8, "Plans": [{"Node Type": "Hash Join", "Parent Relationship": "Outer", "Parallel Aware": true, "Async Capable": false, "Join Type": "Inner", "Startup Cost": 1821097.08, "Total Cost": 1830432.92, "Plan Rows": 762, "Plan Width": 0, "Inner Unique": false, "Hash Cond": "(item.i_item_sk = catalog_sales.cs_item_sk)", "Plans": [{"Node Type": "Index Scan", "Parent Relationship": "Outer", "Parallel Aware": true, "Async Capable": false, "Scan Direction": "Forward", "Index Name": "item_pkey", "Relation Name": "item", "Alias": "item", "Startup Cost": 0.29, "Total Cost": 9287.18, "Plan Rows": 12717, "Plan Width": 4, "Filter": "(i_category = ANY ('{Music,Children,Electronics}'::bpchar[]))"}, {"Node Type": "Hash", "Parent Relationship": "Inner", "Parallel Aware": true, "Async Capable": false, "Startup Cost": 1821084.05, "Total Cost": 1821084.05, "Plan Rows": 1019, "Plan Width": 4, "Plans": [{"Node Type": "Hash Join", "Parent Relationship": "Outer", "Parallel Aware": true, "Async Capable": false, "Join Type": "Inner", "Startup Cost": 3245.75, "Total Cost": 1821084.05, "Plan Rows": 1019, "Plan Width": 4, "Inner Unique": true, "Hash Cond": "(catalog_sales.cs_sold_date_sk = date_dim.d_date_sk)", "Plans": [{"Node Type": "Index Scan", "Parent Relationship": "Outer", "Parallel Aware": true, "Async Capable": false, "Scan Direction": "Forward", "Index Name": "catalog_sales_pkey", "Relation Name": "catalog_sales", "Alias": "catalog_sales", "Startup Cost": 0.43, "Total Cost": 1811537.81, "Plan Rows": 2400214, "Plan Width": 8}, {"Node Type": "Hash", "Parent Relationship": "Inner", "Parallel Aware": true, "Async Capable": false, "Startup Cost": 3245.09, "Total Cost": 3245.09, "Plan Rows": 18, "Plan Width": 4, "Plans": [{"Node Type": "Index Scan", "Parent Relationship": "Outer", "Parallel Aware": true, "Async Capable": false, "Scan Direction": "Forward", "Index Name": "date_dim_pkey", "Relation Name": "date_dim", "Alias": "date_dim", "Startup Cost": 0.29, "Total Cost": 3245.09, "Plan Rows": 18, "Plan Width": 4, "Filter": "((d_date >= '1998-06-09'::date) AND (d_date <= '1998-07-09 00:00:00'::timestamp without time zone))"}]}]}]}]}]}]}]}}, {"Plan": {"Node Type": "Aggregate", "Strategy": "Plain", "Partial Mode": "Finalize", "Parallel Aware": false, "Async Capable": false, "Startup Cost": 741054.23, "Total Cost": 741054.24, "Plan Rows": 1, "Plan Width": 8, "Plans": [{"Node Type": "Gather", "Parent Relationship": "Outer", "Parallel Aware": false, "Async Capable": false, "Startup Cost": 741054.01, "Total Cost": 741054.22, "Plan Rows": 2, "Plan Width": 8, "Workers Planned": 2, "Single Copy": false, "Plans": [{"Node Type": "Aggregate", "Strategy": "Plain", "Partial Mode": "Partial", "Parent Relationship": "Outer", "Parallel Aware": false, "Async Capable": false, "Startup Cost": 740054.01, "Total Cost": 740054.02, "Plan Rows": 1, "Plan Width": 8, "Plans": [{"Node Type": "Hash Join", "Parent Relationship": "Outer", "Parallel Aware": true, "Async Capable": false, "Join Type": "Inner", "Startup Cost": 3246.04, "Total Cost": 740052.11, "Plan Rows": 762, "Plan Width": 0, "Inner Unique": true, "Hash Cond": "(catalog_sales.cs_sold_date_sk = date_dim.d_date_sk)", "Plans": [{"Node Type": "Nested Loop", "Parent Relationship": "Outer", "Parallel Aware": false, "Async Capable": false, "Join Type": "Inner", "Startup Cost": 0.73, "Total Cost": 732093.3, "Plan Rows": 1795513, "Plan Width": 4, "Inner Unique": false, "Plans": [{"Node Type": "Index Scan", "Parent Relationship": "Outer", "Parallel Aware": true, "Async Capable": false, "Scan Direction": "Forward", "Index Name": "item_pkey", "Relation Name": "item", "Alias": "item", "Startup Cost": 0.29, "Total Cost": 9287.18, "Plan Rows": 12717, "Plan Width": 4, "Filter": "(i_category = ANY ('{Music,Children,Electronics}'::bpchar[]))"}, {"Node Type": "Index Scan", "Parent Relationship": "Inner", "Parallel Aware": false, "Async Capable": false, "Scan Direction": "Forward", "Index Name": "catalog_sales_pkey", "Relation Name": "catalog_sales", "Alias": "catalog_sales", "Startup Cost": 0.43, "Total Cost": 55.29, "Plan Rows": 155, "Plan Width": 8, "Index Cond": "(cs_item_sk = item.i_item_sk)"}]}, {"Node Type": "Hash", "Parent Relationship": "Inner", "Parallel Aware": true, "Async Capable": false, "Startup Cost": 3245.09, "Total Cost": 3245.09, "Plan Rows": 18, "Plan Width": 4, "Plans": [{"Node Type": "Index Scan", "Parent Relationship": "Outer", "Parallel Aware": true, "Async Capable": false, "Scan Direction": "Forward", "Index Name": "date_dim_pkey", "Relation Name": "date_dim", "Alias": "date_dim", "Startup Cost": 0.29, "Total Cost": 3245.09, "Plan Rows": 18, "Plan Width": 4, "Filter": "((d_date >= '1998-06-09'::date) AND (d_date <= '1998-07-09 00:00:00'::timestamp without time zone))"}]}]}]}]}]}}, {"Plan": {"Node Type": "Aggregate", "Strategy": "Plain", "Partial Mode": "Finalize", "Parallel Aware": false, "Async Capable": false, "Startup Cost": 415024.03, "Total Cost": 415024.04, "Plan Rows": 1, "Plan Width": 8, "Plans": [{"Node Type": "Gather", "Parent Relationship": "Outer", "Parallel Aware": false, "Async Capable": false, "Startup Cost": 415023.82, "Total Cost": 415024.03, "Plan Rows": 2, "Plan Width": 8, "Workers Planned": 2, "Single Copy": false, "Plans": [{"Node Type": "Aggregate", "Strategy": "Plain", "Partial Mode": "Partial", "Parent Relationship": "Outer", "Parallel Aware": false, "Async Capable": false, "Startup Cost": 414023.82, "Total Cost": 414023.83, "Plan Rows": 1, "Plan Width": 8, "Plans": [{"Node Type": "Hash Join", "Parent Relationship": "Outer", "Parallel Aware": true, "Async Capable": false, "Join Type": "Inner", "Startup Cost": 406344.58, "Total Cost": 414021.91, "Plan Rows": 762, "Plan Width": 0, "Inner Unique": false, "Hash Cond": "(item.i_item_sk = catalog_sales.cs_item_sk)", "Plans": [{"Node Type": "Seq Scan", "Parent Relationship": "Outer", "Parallel Aware": true, "Async Capable": false, "Relation Name": "item", "Alias": "item", "Startup Cost": 0.0, "Total Cost": 7628.38, "Plan Rows": 12717, "Plan Width": 4, "Filter": "(i_category = ANY ('{Music,Children,Electronics}'::bpchar[]))"}, {"Node Type": "Hash", "Parent Relationship": "Inner", "Parallel Aware": true, "Async Capable": false, "Startup Cost": 406331.84, "Total Cost": 406331.84, "Plan Rows": 1019, "Plan Width": 4, "Plans": [{"Node Type": "Hash Join", "Parent Relationship": "Outer", "Parallel Aware": true, "Async Capable": false, "Join Type": "Inner", "Startup Cost": 2068.78, "Total Cost": 406331.84, "Plan Rows": 1019, "Plan Width": 4, "Inner Unique": true, "Hash Cond": "(catalog_sales.cs_sold_date_sk = date_dim.d_date_sk)", "Plans": [{"Node Type": "Seq Scan", "Parent Relationship": "Outer", "Parallel Aware": true, "Async Capable": false, "Relation Name": "catalog_sales", "Alias": "catalog_sales", "Startup Cost": 0.0, "Total Cost": 397962.14, "Plan Rows": 2400214, "Plan Width": 8}, {"Node Type": "Hash", "Parent Relationship": "Inner", "Parallel Aware": true, "Async Capable": false, "Startup Cost": 2068.55, "Total Cost": 2068.55, "Plan Rows": 18, "Plan Width": 4, "Plans": [{"Node Type": "Seq Scan", "Parent Relationship": "Outer", "Parallel Aware": true, "Async Capable": false, "Relation Name": "date_dim", "Alias": "date_dim", "Startup Cost": 0.0, "Total Cost": 2068.55, "Plan Rows": 18, "Plan Width": 4, "Filter": "((d_date >= '1998-06-09'::date) AND (d_date <= '1998-07-09 00:00:00'::timestamp without time zone))"}]}]}]}]}]}]}]}}, {"Plan": {"Node Type": "Aggregate", "Strategy": "Plain", "Partial Mode": "Simple", "Parallel Aware": false, "Async Capable": false, "Startup Cost": 10001957763.04, "Total Cost": 10001957763.05, "Plan Rows": 1, "Plan Width": 8, "Plans": [{"Node Type": "Nested Loop", "Parent Relationship": "Outer", "Parallel Aware": false, "Async Capable": false, "Join Type": "Inner", "Startup Cost": 10000000005.37, "Total Cost": 10001957758.46, "Plan Rows": 1829, "Plan Width": 0, "Inner Unique": true, "Plans": [{"Node Type": "Nested Loop", "Parent Relationship": "Outer", "Parallel Aware": false, "Async Capable": false, "Join Type": "Inner", "Startup Cost": 10000000005.06, "Total Cost": 10001842101.13, "Plan Rows": 4309231, "Plan Width": 4, "Inner Unique": false, "Plans": [{"Node Type": "Index Scan", "Parent Relationship": "Outer", "Parallel Aware": false, "Async Capable": false, "Scan Direction": "Forward", "Index Name": "item_pkey", "Relation Name": "item", "Alias": "item", "Startup Cost": 10000000000.29, "Total Cost": 10000010105.3, "Plan Rows": 30521, "Plan Width": 4, "Filter": "(i_category = ANY ('{Music,Children,Electronics}'::bpchar[]))"}, {"Node Type": "Bitmap Heap Scan", "Parent Relationship": "Inner", "Parallel Aware": false, "Async Capable": false, "Relation Name": "catalog_sales", "Alias": "catalog_sales", "Startup Cost": 4.77, "Total Cost": 58.47, "Plan Rows": 155, "Plan Width": 8, "Recheck Cond": "(cs_item_sk = item.i_item_sk)", "Plans": [{"Node Type": "Bitmap Index Scan", "Parent Relationship": "Outer", "Parallel Aware": false, "Async Capable": false, "Index Name": "catalog_sales_pkey", "Startup Cost": 0.0, "Total Cost": 4.73, "Plan Rows": 155, "Plan Width": 0, "Index Cond": "(cs_item_sk = item.i_item_sk)"}]}]}, {"Node Type": "Memoize", "Parent Relationship": "Inner", "Parallel Aware": false, "Async Capable": false, "Startup Cost": 0.31, "Total Cost": 4.33, "Plan Rows": 1, "Plan Width": 4, "Cache Key": "catalog_sales.cs_sold_date_sk", "Cache Mode": "logical", "Plans": [{"Node Type": "Bitmap Heap Scan", "Parent Relationship": "Outer", "Parallel Aware": false, "Async Capable": false, "Relation Name": "date_dim", "Alias": "date_dim", "Startup Cost": 0.3, "Total Cost": 4.32, "Plan Rows": 1, "Plan Width": 4, "Recheck Cond": "(d_date_sk = catalog_sales.cs_sold_date_sk)", "Filter": "((d_date >= '1998-06-09'::date) AND (d_date <= '1998-07-09 00:00:00'::timestamp without time zone))", "Plans": [{"Node Type": "Bitmap Index Scan", "Parent Relationship": "Outer", "Parallel Aware": false, "Async Capable": false, "Index Name": "date_dim_pkey", "Startup Cost": 0.0, "Total Cost": 0.3, "Plan Rows": 1, "Plan Width": 0, "Index Cond": "(d_date_sk = catalog_sales.cs_sold_date_sk)"}]}]}]}]}}, {"Plan": {"Node Type": "Aggregate", "Strategy": "Plain", "Partial Mode": "Finalize", "Parallel Aware": false, "Async Capable": false, "Startup Cost": 411731.82, "Total Cost": 411731.83, "Plan Rows": 1, "Plan Width": 8, "Plans": [{"Node Type": "Gather", "Parent Relationship": "Outer", "Parallel Aware": false, "Async Capable": false, "Startup Cost": 411731.2, "Total Cost": 411731.81, "Plan Rows": 6, "Plan Width": 8, "Workers Planned": 6, "Single Copy": false, "Plans": [{"Node Type": "Aggregate", "Strategy": "Plain", "Partial Mode": "Partial", "Parent Relationship": "Outer", "Parallel Aware": false, "Async Capable": false, "Startup Cost": 410731.2, "Total Cost": 410731.21, "Plan Rows": 1, "Plan Width": 8, "Plans": [{"Node Type": "Nested Loop", "Parent Relationship": "Outer", "Parallel Aware": false, "Async Capable": false, "Join Type": "Inner", "Startup Cost": 2069.08, "Total Cost": 410730.43, "Plan Rows": 305, "Plan Width": 0, "Inner Unique": true, "Plans": [{"Node Type": "Hash Join", "Parent Relationship": "Outer", "Parallel Aware": true, "Async Capable": false, "Join Type": "Inner", "Startup Cost": 2068.78, "Total Cost": 406331.84, "Plan Rows": 1019, "Plan Width": 4, "Inner Unique": true, "Hash Cond": "(catalog_sales.cs_sold_date_sk = date_dim.d_date_sk)", "Plans": [{"Node Type": "Seq Scan", "Parent Relationship": "Outer", "Parallel Aware": true, "Async Capable": false, "Relation Name": "catalog_sales", "Alias": "catalog_sales", "Startup Cost": 0.0, "Total Cost": 397962.14, "Plan Rows": 2400214, "Plan Width": 8}, {"Node Type": "Hash", "Parent Relationship": "Inner", "Parallel Aware": true, "Async Capable": false, "Startup Cost": 2068.55, "Total Cost": 2068.55, "Plan Rows": 18, "Plan Width": 4, "Plans": [{"Node Type": "Seq Scan", "Parent Relationship": "Outer", "Parallel Aware": true, "Async Capable": false, "Relation Name": "date_dim", "Alias": "date_dim", "Startup Cost": 0.0, "Total Cost": 2068.55, "Plan Rows": 18, "Plan Width": 4, "Filter": "((d_date >= '1998-06-09'::date) AND (d_date <= '1998-07-09 00:00:00'::timestamp without time zone))"}]}]}, {"Node Type": "Bitmap Heap Scan", "Parent Relationship": "Inner", "Parallel Aware": false, "Async Capable": false, "Relation Name": "item", "Alias": "item", "Startup Cost": 0.3, "Total Cost": 4.32, "Plan Rows": 1, "Plan Width": 4, "Recheck Cond": "(catalog_sales.cs_item_sk = i_item_sk)", "Filter": "(i_category = ANY ('{Music,Children,Electronics}'::bpchar[]))", "Plans": [{"Node Type": "Bitmap Index Scan", "Parent Relationship": "Outer", "Parallel Aware": false, "Async Capable": false, "Index Name": "item_pkey", "Startup Cost": 0.0, "Total Cost": 0.3, "Plan Rows": 1, "Plan Width": 0, "Index Cond": "(i_item_sk = catalog_sales.cs_item_sk)"}]}]}]}]}]}}, {"Plan": {"Node Type": "Aggregate", "Strategy": "Plain", "Partial Mode": "Finalize", "Parallel Aware": false, "Async Capable": false, "Startup Cost": 1911265.3, "Total Cost": 1911265.31, "Plan Rows": 1, "Plan Width": 8, "Plans": [{"Node Type": "Gather", "Parent Relationship": "Outer", "Parallel Aware": false, "Async Capable": false, "Startup Cost": 1911264.68, "Total Cost": 1911265.29, "Plan Rows": 6, "Plan Width": 8, "Workers Planned": 6, "Single Copy": false, "Plans": [{"Node Type": "Aggregate", "Strategy": "Plain", "Partial Mode": "Partial", "Parent Relationship": "Outer", "Parallel Aware": false, "Async Capable": false, "Startup Cost": 1910264.68, "Total Cost": 1910264.69, "Plan Rows": 1, "Plan Width": 8, "Plans": [{"Node Type": "Merge Join", "Parent Relationship": "Outer", "Parallel Aware": false, "Async Capable": false, "Join Type": "Inner", "Startup Cost": 1906550.63, "Total Cost": 1910263.92, "Plan Rows": 305, "Plan Width": 0, "Inner Unique": true, "Merge Cond": "(catalog_sales.cs_sold_date_sk = date_dim.d_date_sk)", "Plans": [{"Node Type": "Sort", "Parent Relationship": "Outer", "Parallel Aware": false, "Async Capable": false, "Startup Cost": 1904761.93, "Total Cost": 1906557.44, "Plan Rows": 718205, "Plan Width": 4, "Sort Key": ["catalog_sales.cs_sold_date_sk"], "Plans": [{"Node Type": "Merge Join", "Parent Relationship": "Outer", "Parallel Aware": false, "Async Capable": false, "Join Type": "Inner", "Startup Cost": 0.73, "Total Cost": 1834901.99, "Plan Rows": 718205, "Plan Width": 4, "Inner Unique": true, "Merge Cond": "(catalog_sales.cs_item_sk = item.i_item_sk)", "Plans": [{"Node Type": "Index Scan", "Parent Relationship": "Outer", "Parallel Aware": true, "Async Capable": false, "Scan Direction": "Forward", "Index Name": "catalog_sales_pkey", "Relation Name": "catalog_sales", "Alias": "catalog_sales", "Startup Cost": 0.43, "Total Cost": 1811537.81, "Plan Rows": 2400214, "Plan Width": 8}, {"Node Type": "Index Scan", "Parent Relationship": "Inner", "Parallel Aware": false, "Async Capable": false, "Scan Direction": "Forward", "Index Name": "item_pkey", "Relation Name": "item", "Alias": "item", "Startup Cost": 0.29, "Total Cost": 10105.3, "Plan Rows": 30521, "Plan Width": 4, "Filter": "(i_category = ANY ('{Music,Children,Electronics}'::bpchar[]))"}]}]}, {"Node Type": "Index Scan", "Parent Relationship": "Inner", "Parallel Aware": false, "Async Capable": false, "Scan Direction": "Forward", "Index Name": "date_dim_pkey", "Relation Name": "date_dim", "Alias": "date_dim", "Startup Cost": 0.29, "Total Cost": 3696.27, "Plan Rows": 31, "Plan Width": 4, "Filter": "((d_date >= '1998-06-09'::date) AND (d_date <= '1998-07-09 00:00:00'::timestamp without time zone))"}]}]}]}]}}, {"Plan": {"Node Type": "Aggregate", "Strategy": "Plain", "Partial Mode": "Finalize", "Parallel Aware": false, "Async Capable": false, "Startup Cost": 778562.07, "Total Cost": 778562.08, "Plan Rows": 1, "Plan Width": 8, "Plans": [{"Node Type": "Gather", "Parent Relationship": "Outer", "Parallel Aware": false, "Async Capable": false, "Startup Cost": 778561.86, "Total Cost": 778562.07, "Plan Rows": 2, "Plan Width": 8, "Workers Planned": 2, "Single Copy": false, "Plans": [{"Node Type": "Aggregate", "Strategy": "Plain", "Partial Mode": "Partial", "Parent Relationship": "Outer", "Parallel Aware": false, "Async Capable": false, "Startup Cost": 777561.86, "Total Cost": 777561.87, "Plan Rows": 1, "Plan Width": 8, "Plans": [{"Node Type": "Nested Loop", "Parent Relationship": "Outer", "Parallel Aware": false, "Async Capable": false, "Join Type": "Inner", "Startup Cost": 1.03, "Total Cost": 777559.95, "Plan Rows": 762, "Plan Width": 0, "Inner Unique": true, "Plans": [{"Node Type": "Nested Loop", "Parent Relationship": "Outer", "Parallel Aware": false, "Async Capable": false, "Join Type": "Inner", "Startup Cost": 0.73, "Total Cost": 732093.3, "Plan Rows": 1795513, "Plan Width": 4, "Inner Unique": false, "Plans": [{"Node Type": "Index Scan", "Parent Relationship": "Outer", "Parallel Aware": true, "Async Capable": false, "Scan Direction": "Forward", "Index Name": "item_pkey", "Relation Name": "item", "Alias": "item", "Startup Cost": 0.29, "Total Cost": 9287.18, "Plan Rows": 12717, "Plan Width": 4, "Filter": "(i_category = ANY ('{Music,Children,Electronics}'::bpchar[]))"}, {"Node Type": "Index Scan", "Parent Relationship": "Inner", "Parallel Aware": false, "Async Capable": false, "Scan Direction": "Forward", "Index Name": "catalog_sales_pkey", "Relation Name": "catalog_sales", "Alias": "catalog_sales", "Startup Cost": 0.43, "Total Cost": 55.29, "Plan Rows": 155, "Plan Width": 8, "Index Cond": "(cs_item_sk = item.i_item_sk)"}]}, {"Node Type": "Memoize", "Parent Relationship": "Inner", "Parallel Aware": false, "Async Capable": false, "Startup Cost": 0.3, "Total Cost": 0.33, "Plan Rows": 1, "Plan Width": 4, "Cache Key": "catalog_sales.cs_sold_date_sk", "Cache Mode": "logical", "Plans": [{"Node Type": "Index Scan", "Parent Relationship": "Outer", "Parallel Aware": false, "Async Capable": false, "Scan Direction": "Forward", "Index Name": "date_dim_pkey", "Relation Name": "date_dim", "Alias": "date_dim", "Startup Cost": 0.29, "Total Cost": 0.32, "Plan Rows": 1, "Plan Width": 4, "Index Cond": "(d_date_sk = catalog_sales.cs_sold_date_sk)", "Filter": "((d_date >= '1998-06-09'::date) AND (d_date <= '1998-07-09 00:00:00'::timestamp without time zone))"}]}]}]}]}]}}, {"Plan": {"Node Type": "Aggregate", "Strategy": "Plain", "Partial Mode": "Finalize", "Parallel Aware": false, "Async Capable": false, "Startup Cost": 459869.36, "Total Cost": 459869.37, "Plan Rows": 1, "Plan Width": 8, "Plans": [{"Node Type": "Gather", "Parent Relationship": "Outer", "Parallel Aware": false, "Async Capable": false, "Startup Cost": 459868.73, "Total Cost": 459869.34, "Plan Rows": 6, "Plan Width": 8, "Workers Planned": 6, "Single Copy": false, "Plans": [{"Node Type": "Aggregate", "Strategy": "Plain", "Partial Mode": "Partial", "Parent Relationship": "Outer", "Parallel Aware": false, "Async Capable": false, "Startup Cost": 458868.73, "Total Cost": 458868.74, "Plan Rows": 1, "Plan Width": 8, "Plans": [{"Node Type": "Nested Loop", "Parent Relationship": "Outer", "Parallel Aware": false, "Async Capable": false, "Join Type": "Inner", "Startup Cost": 0.59, "Total Cost": 458867.97, "Plan Rows": 305, "Plan Width": 0, "Inner Unique": true, "Plans": [{"Node Type": "Nested Loop", "Parent Relationship": "Outer", "Parallel Aware": false, "Async Capable": false, "Join Type": "Inner", "Startup Cost": 0.3, "Total Cost": 458546.19, "Plan Rows": 1019, "Plan Width": 4, "Inner Unique": true, "Plans": [{"Node Type": "Seq Scan", "Parent Relationship": "Outer", "Parallel Aware": true, "Async Capable": false, "Relation Name": "catalog_sales", "Alias": "catalog_sales", "Startup Cost": 0.0, "Total Cost": 397962.14, "Plan Rows": 2400214, "Plan Width": 8}, {"Node Type": "Memoize", "Parent Relationship": "Inner", "Parallel Aware": false, "Async Capable": false, "Startup Cost": 0.3, "Total Cost": 0.33, "Plan Rows": 1, "Plan Width": 4, "Cache Key": "catalog_sales.cs_sold_date_sk", "Cache Mode": "logical", "Plans": [{"Node Type": "Index Scan", "Parent Relationship": "Outer", "Parallel Aware": false, "Async Capable": false, "Scan Direction": "Forward", "Index Name": "date_dim_pkey", "Relation Name": "date_dim", "Alias": "date_dim", "Startup Cost": 0.29, "Total Cost": 0.32, "Plan Rows": 1, "Plan Width": 4, "Index Cond": "(d_date_sk = catalog_sales.cs_sold_date_sk)", "Filter": "((d_date >= '1998-06-09'::date) AND (d_date <= '1998-07-09 00:00:00'::timestamp without time zone))"}]}]}, {"Node Type": "Index Scan", "Parent Relationship": "Inner", "Parallel Aware": false, "Async Capable": false, "Scan Direction": "Forward", "Index Name": "item_pkey", "Relation Name": "item", "Alias": "item", "Startup Cost": 0.29, "Total Cost": 0.32, "Plan Rows": 1, "Plan Width": 4, "Index Cond": "(i_item_sk = catalog_sales.cs_item_sk)", "Filter": "(i_category = ANY ('{Music,Children,Electronics}'::bpchar[]))"}]}]}]}]}}, {"Plan": {"Node Type": "Aggregate", "Strategy": "Plain", "Partial Mode": "Finalize", "Parallel Aware": false, "Async Capable": false, "Startup Cost": 678786.37, "Total Cost": 678786.38, "Plan Rows": 1, "Plan Width": 8, "Plans": [{"Node Type": "Gather", "Parent Relationship": "Outer", "Parallel Aware": false, "Async Capable": false, "Startup Cost": 678785.75, "Total Cost": 678786.36, "Plan Rows": 6, "Plan Width": 8, "Workers Planned": 6, "Single Copy": false, "Plans": [{"Node Type": "Aggregate", "Strategy": "Plain", "Partial Mode": "Partial", "Parent Relationship": "Outer", "Parallel Aware": false, "Async Capable": false, "Startup Cost": 677785.75, "Total Cost": 677785.76, "Plan Rows": 1, "Plan Width": 8, "Plans": [{"Node Type": "Merge Join", "Parent Relationship": "Outer", "Parallel Aware": false, "Async Capable": false, "Join Type": "Inner", "Startup Cost": 677624.24, "Total Cost": 677784.99, "Plan Rows": 305, "Plan Width": 0, "Inner Unique": true, "Merge Cond": "(catalog_sales.cs_item_sk = item.i_item_sk)", "Plans": [{"Node Type": "Sort", "Parent Relationship": "Outer", "Parallel Aware": false, "Async Capable": false, "Startup Cost": 666904.3, "Total Cost": 666906.85, "Plan Rows": 1019, "Plan Width": 4, "Sort Key": ["catalog_sales.cs_item_sk"], "Plans": [{"Node Type": "Merge Join", "Parent Relationship": "Outer", "Parallel Aware": false, "Async Capable": false, "Join Type": "Inner", "Startup Cost": 654842.17, "Total Cost": 666853.39, "Plan Rows": 1019, "Plan Width": 4, "Inner Unique": true, "Merge Cond": "(catalog_sales.cs_sold_date_sk = date_dim.d_date_sk)", "Plans": [{"Node Type": "Sort", "Parent Relationship": "Outer", "Parallel Aware": false, "Async Capable": false, "Startup Cost": 652321.59, "Total Cost": 658322.13, "Plan Rows": 2400214, "Plan Width": 8, "Sort Key": ["catalog_sales.cs_sold_date_sk"], "Plans": [{"Node Type": "Seq Scan", "Parent Relationship": "Outer", "Parallel Aware": true, "Async Capable": false, "Relation Name": "catalog_sales", "Alias": "catalog_sales", "Startup Cost": 0.0, "Total Cost": 397962.14, "Plan Rows": 2400214, "Plan Width": 8}]}, {"Node Type": "Sort", "Parent Relationship": "Inner", "Parallel Aware": false, "Async Capable": false, "Startup Cost": 2520.5, "Total Cost": 2520.58, "Plan Rows": 31, "Plan Width": 4, "Sort Key": ["date_dim.d_date_sk"], "Plans": [{"Node Type": "Seq Scan", "Parent Relationship": "Outer", "Parallel Aware": false, "Async Capable": false, "Relation Name": "date_dim", "Alias": "date_dim", "Startup Cost": 0.0, "Total Cost": 2519.73, "Plan Rows": 31, "Plan Width": 4, "Filter": "((d_date >= '1998-06-09'::date) AND (d_date <= '1998-07-09 00:00:00'::timestamp without time zone))"}]}]}]}, {"Node Type": "Sort", "Parent Relationship": "Inner", "Parallel Aware": false, "Async Capable": false, "Startup Cost": 10719.94, "Total Cost": 10796.24, "Plan Rows": 30521, "Plan Width": 4, "Sort Key": ["item.i_item_sk"], "Plans": [{"Node Type": "Seq Scan", "Parent Relationship": "Outer", "Parallel Aware": false, "Async Capable": false, "Relation Name": "item", "Alias": "item", "Startup Cost": 0.0, "Total Cost": 8446.5, "Plan Rows": 30521, "Plan Width": 4, "Filter": "(i_category = ANY ('{Music,Children,Electronics}'::bpchar[]))"}]}]}]}]}]}}, {"Plan": {"Node Type": "Aggregate", "Strategy": "Plain", "Partial Mode": "Simple", "Parallel Aware": false, "Async Capable": false, "Startup Cost": 30001957763.04, "Total Cost": 30001957763.05, "Plan Rows": 1, "Plan Width": 8, "Plans": [{"Node Type": "Nested Loop", "Parent Relationship": "Outer", "Parallel Aware": false, "Async Capable": false, "Join Type": "Inner", "Startup Cost": 30000000005.37, "Total Cost": 30001957758.46, "Plan Rows": 1829, "Plan Width": 0, "Inner Unique": true, "Plans": [{"Node Type": "Nested Loop", "Parent Relationship": "Outer", "Parallel Aware": false, "Async Capable": false, "Join Type": "Inner", "Startup Cost": 20000000005.06, "Total Cost": 20001842101.13, "Plan Rows": 4309231, "Plan Width": 4, "Inner Unique": false, "Plans": [{"Node Type": "Index Scan", "Parent Relationship": "Outer", "Parallel Aware": false, "Async Capable": false, "Scan Direction": "Forward", "Index Name": "item_pkey", "Relation Name": "item", "Alias": "item", "Startup Cost": 10000000000.29, "Total Cost": 10000010105.3, "Plan Rows": 30521, "Plan Width": 4, "Filter": "(i_category = ANY ('{Music,Children,Electronics}'::bpchar[]))"}, {"Node Type": "Bitmap Heap Scan", "Parent Relationship": "Inner", "Parallel Aware": false, "Async Capable": false, "Relation Name": "catalog_sales", "Alias": "catalog_sales", "Startup Cost": 4.77, "Total Cost": 58.47, "Plan Rows": 155, "Plan Width": 8, "Recheck Cond": "(cs_item_sk = item.i_item_sk)", "Plans": [{"Node Type": "Bitmap Index Scan", "Parent Relationship": "Outer", "Parallel Aware": false, "Async Capable": false, "Index Name": "catalog_sales_pkey", "Startup Cost": 0.0, "Total Cost": 4.73, "Plan Rows": 155, "Plan Width": 0, "Index Cond": "(cs_item_sk = item.i_item_sk)"}]}]}, {"Node Type": "Memoize", "Parent Relationship": "Inner", "Parallel Aware": false, "Async Capable": false, "Startup Cost": 0.31, "Total Cost": 4.33, "Plan Rows": 1, "Plan Width": 4, "Cache Key": "catalog_sales.cs_sold_date_sk", "Cache Mode": "logical", "Plans": [{"Node Type": "Bitmap Heap Scan", "Parent Relationship": "Outer", "Parallel Aware": false, "Async Capable": false, "Relation Name": "date_dim", "Alias": "date_dim", "Startup Cost": 0.3, "Total Cost": 4.32, "Plan Rows": 1, "Plan Width": 4, "Recheck Cond": "(d_date_sk = catalog_sales.cs_sold_date_sk)", "Filter": "((d_date >= '1998-06-09'::date) AND (d_date <= '1998-07-09 00:00:00'::timestamp without time zone))", "Plans": [{"Node Type": "Bitmap Index Scan", "Parent Relationship": "Outer", "Parallel Aware": false, "Async Capable": false, "Index Name": "date_dim_pkey", "Startup Cost": 0.0, "Total Cost": 0.3, "Plan Rows": 1, "Plan Width": 0, "Index Cond": "(d_date_sk = catalog_sales.cs_sold_date_sk)"}]}]}]}]}}, {"Plan": {"Node Type": "Aggregate", "Strategy": "Plain", "Partial Mode": "Finalize", "Parallel Aware": false, "Async Capable": false, "Startup Cost": 471294.39, "Total Cost": 471294.4, "Plan Rows": 1, "Plan Width": 8, "Plans": [{"Node Type": "Gather", "Parent Relationship": "Outer", "Parallel Aware": false, "Async Capable": false, "Startup Cost": 471293.77, "Total Cost": 471294.38, "Plan Rows": 6, "Plan Width": 8, "Workers Planned": 6, "Single Copy": false, "Plans": [{"Node Type": "Aggregate", "Strategy": "Plain", "Partial Mode": "Partial", "Parent Relationship": "Outer", "Parallel Aware": false, "Async Capable": false, "Startup Cost": 470293.77, "Total Cost": 470293.78, "Plan Rows": 1, "Plan Width": 8, "Plans": [{"Node Type": "Nested Loop", "Parent Relationship": "Outer", "Parallel Aware": false, "Async Capable": false, "Join Type": "Inner", "Startup Cost": 0.61, "Total Cost": 470293.0, "Plan Rows": 305, "Plan Width": 0, "Inner Unique": true, "Plans": [{"Node Type": "Nested Loop", "Parent Relationship": "Outer", "Parallel Aware": false, "Async Capable": false, "Join Type": "Inner", "Startup Cost": 0.31, "Total Cost": 465894.41, "Plan Rows": 1019, "Plan Width": 4, "Inner Unique": true, "Plans": [{"Node Type": "Seq Scan", "Parent Relationship": "Outer", "Parallel Aware": true, "Async Capable": false, "Relation Name": "catalog_sales", "Alias": "catalog_sales", "Startup Cost": 0.0, "Total Cost": 397962.14, "Plan Rows": 2400214, "Plan Width": 8}, {"Node Type": "Memoize", "Parent Relationship": "Inner", "Parallel Aware": false, "Async Capable": false, "Startup Cost": 0.31, "Total Cost": 4.33, "Plan Rows": 1, "Plan Width": 4, "Cache Key": "catalog_sales.cs_sold_date_sk", "Cache Mode": "logical", "Plans": [{"Node Type": "Bitmap Heap Scan", "Parent Relationship": "Outer", "Parallel Aware": false, "Async Capable": false, "Relation Name": "date_dim", "Alias": "date_dim", "Startup Cost": 0.3, "Total Cost": 4.32, "Plan Rows": 1, "Plan Width": 4, "Recheck Cond": "(d_date_sk = catalog_sales.cs_sold_date_sk)", "Filter": "((d_date >= '1998-06-09'::date) AND (d_date <= '1998-07-09 00:00:00'::timestamp without time zone))", "Plans": [{"Node Type": "Bitmap Index Scan", "Parent Relationship": "Outer", "Parallel Aware": false, "Async Capable": false, "Index Name": "date_dim_pkey", "Startup Cost": 0.0, "Total Cost": 0.3, "Plan Rows": 1, "Plan Width": 0, "Index Cond": "(d_date_sk = catalog_sales.cs_sold_date_sk)"}]}]}]}, {"Node Type": "Bitmap Heap Scan", "Parent Relationship": "Inner", "Parallel Aware": false, "Async Capable": false, "Relation Name": "item", "Alias": "item", "Startup Cost": 0.3, "Total Cost": 4.32, "Plan Rows": 1, "Plan Width": 4, "Recheck Cond": "(catalog_sales.cs_item_sk = i_item_sk)", "Filter": "(i_category = ANY ('{Music,Children,Electronics}'::bpchar[]))", "Plans": [{"Node Type": "Bitmap Index Scan", "Parent Relationship": "Outer", "Parallel Aware": false, "Async Capable": false, "Index Name": "item_pkey", "Startup Cost": 0.0, "Total Cost": 0.3, "Plan Rows": 1, "Plan Width": 0, "Index Cond": "(i_item_sk = catalog_sales.cs_item_sk)"}]}]}]}]}]}}]