[{"Plan": {"Node Type": "Aggregate", "Strategy": "Plain", "Partial Mode": "Finalize", "Parallel Aware": false, "Async Capable": false, "Startup Cost": 592094.96, "Total Cost": 592094.97, "Plan Rows": 1, "Plan Width": 8, "Plans": [{"Node Type": "Gather", "Parent Relationship": "Outer", "Parallel Aware": false, "Async Capable": false, "Startup Cost": 592094.34, "Total Cost": 592094.95, "Plan Rows": 6, "Plan Width": 8, "Workers Planned": 6, "Single Copy": false, "Plans": [{"Node Type": "Aggregate", "Strategy": "Plain", "Partial Mode": "Partial", "Parent Relationship": "Outer", "Parallel Aware": false, "Async Capable": false, "Startup Cost": 591094.34, "Total Cost": 591094.35, "Plan Rows": 1, "Plan Width": 8, "Plans": [{"Node Type": "Hash Join", "Parent Relationship": "Outer", "Parallel Aware": false, "Async Capable": false, "Join Type": "Inner", "Startup Cost": 1991.28, "Total Cost": 591093.47, "Plan Rows": 347, "Plan Width": 0, "Inner Unique": true, "Hash Cond": "(store_sales.ss_promo_sk = promotion.p_promo_sk)", "Plans": [{"Node Type": "Nested Loop", "Parent Relationship": "Outer", "Parallel Aware": false, "Async Capable": false, "Join Type": "Inner", "Startup Cost": 1964.53, "Total Cost": 591065.8, "Plan Rows": 347, "Plan Width": 4, "Inner Unique": true, "Plans": [{"Node Type": "Nested Loop", "Parent Relationship": "Outer", "Parallel Aware": false, "Async Capable": false, "Join Type": "Inner", "Startup Cost": 1964.24, "Total Cost": 590958.21, "Plan Rows": 347, "Plan Width": 8, "Inner Unique": true, "Plans": [{"Node Type": "Hash Join", "Parent Relationship": "Outer", "Parallel Aware": true, "Async Capable": false, "Join Type": "Inner", "Startup Cost": 1963.81, "Total Cost": 580014.65, "Plan Rows": 23985, "Plan Width": 12, "Inner Unique": true, "Hash Cond": "(store_sales.ss_sold_date_sk = date_dim.d_date_sk)", "Plans": [{"Node Type": "Seq Scan", "Parent Relationship": "Outer", "Parallel Aware": true, "Async Capable": false, "Relation Name": "store_sales", "Alias": "store_sales", "Startup Cost": 0.0, "Total Cost": 565449.69, "Plan Rows": 4800169, "Plan Width": 16}, {"Node Type": "Hash", "Parent Relationship": "Inner", "Parallel Aware": true, "Async Capable": false, "Startup Cost": 1961.12, "Total Cost": 1961.12, "Plan Rows": 215, "Plan Width": 4, "Plans": [{"Node Type": "Seq Scan", "Parent Relationship": "Outer", "Parallel Aware": true, "Async Capable": false, "Relation Name": "date_dim", "Alias": "date_dim", "Startup Cost": 0.0, "Total Cost": 1961.12, "Plan Rows": 215, "Plan Width": 4, "Filter": "(d_year = 2002)"}]}]}, {"Node Type": "Index Scan", "Parent Relationship": "Inner", "Parallel Aware": false, "Async Capable": false, "Scan Direction": "Forward", "Index Name": "customer_demographics_pkey", "Relation Name": "customer_demographics", "Alias": "customer_demographics", "Startup Cost": 0.43, "Total Cost": 0.46, "Plan Rows": 1, "Plan Width": 4, "Index Cond": "(cd_demo_sk = store_sales.ss_cdemo_sk)", "Filter": "((cd_gender = 'F'::bpchar) AND (cd_marital_status = 'W'::bpchar) AND (cd_education_status = 'Primary'::bpchar))"}]}, {"Node Type": "Index Only Scan", "Parent Relationship": "Inner", "Parallel Aware": false, "Async Capable": false, "Scan Direction": "Forward", "Index Name": "item_pkey", "Relation Name": "item", "Alias": "item", "Startup Cost": 0.29, "Total Cost": 0.31, "Plan Rows": 1, "Plan Width": 4, "Index Cond": "(i_item_sk = store_sales.ss_item_sk)"}]}, {"Node Type": "Hash", "Parent Relationship": "Inner", "Parallel Aware": false, "Async Capable": false, "Startup Cost": 20.5, "Total Cost": 20.5, "Plan Rows": 500, "Plan Width": 4, "Plans": [{"Node Type": "Seq Scan", "Parent Relationship": "Outer", "Parallel Aware": false, "Async Capable": false, "Relation Name": "promotion", "Alias": "promotion", "Startup Cost": 0.0, "Total Cost": 20.5, "Plan Rows": 500, "Plan Width": 4, "Filter": "((p_channel_email = 'N'::bpchar) OR (p_channel_event = 'N'::bpchar))"}]}]}]}]}]}}, {"Plan": {"Node Type": "Aggregate", "Strategy": "Plain", "Partial Mode": "Simple", "Parallel Aware": false, "Async Capable": false, "Startup Cost": 50003196141.68, "Total Cost": 50003196141.69, "Plan Rows": 1, "Plan Width": 8, "Plans": [{"Node Type": "Hash Join", "Parent Relationship": "Outer", "Parallel Aware": false, "Async Capable": false, "Join Type": "Inner", "Startup Cost": 50000094033.35, "Total Cost": 50003196136.48, "Plan Rows": 2082, "Plan Width": 0, "Inner Unique": true, "Hash Cond": "(store_sales.ss_promo_sk = promotion.p_promo_sk)", "Plans": [{"Node Type": "Hash Join", "Parent Relationship": "Outer", "Parallel Aware": false, "Async Capable": false, "Join Type": "Inner", "Startup Cost": 40000093984.83, "Total Cost": 40003196082.45, "Plan Rows": 2082, "Plan Width": 4, "Inner Unique": true, "Hash Cond": "(store_sales.ss_cdemo_sk = customer_demographics.cd_demo_sk)", "Plans": [{"Node Type": "Hash Join", "Parent Relationship": "Outer", "Parallel Aware": false, "Async Capable": false, "Join Type": "Inner", "Startup Cost": 30000007488.05, "Total Cost": 30003109207.91, "Plan Rows": 143908, "Plan Width": 8, "Inner Unique": true, "Hash Cond": "(store_sales.ss_sold_date_sk = date_dim.d_date_sk)", "Plans": [{"Node Type": "Hash Join", "Parent Relationship": "Outer", "Parallel Aware": false, "Async Capable": false, "Join Type": "Inner", "Startup Cost": 20000003969.84, "Total Cost": 20003030082.84, "Plan Rows": 28801014, "Plan Width": 12, "Inner Unique": true, "Hash Cond": "(store_sales.ss_item_sk = item.i_item_sk)", "Plans": [{"Node Type": "Index Scan", "Parent Relationship": "Outer", "Parallel Aware": false, "Async Capable": false, "Scan Direction": "Forward", "Index Name": "store_sales_pkey", "Relation Name": "store_sales", "Alias": "store_sales", "Startup Cost": 10000000000.44, "Total Cost": 10002950507.64, "Plan Rows": 28801014, "Plan Width": 16}, {"Node Type": "Hash", "Parent Relationship": "Inner", "Parallel Aware": false, "Async Capable": false, "Startup Cost": 10000002694.4, "Total Cost": 10000002694.4, "Plan Rows": 102000, "Plan Width": 4, "Plans": [{"Node Type": "Index Only Scan", "Parent Relationship": "Outer", "Parallel Aware": false, "Async Capable": false, "Scan Direction": "Forward", "Index Name": "item_pkey", "Relation Name": "item", "Alias": "item", "Startup Cost": 10000000000.29, "Total Cost": 10000002694.4, "Plan Rows": 102000, "Plan Width": 4}]}]}, {"Node Type": "Hash", "Parent Relationship": "Inner", "Parallel Aware": false, "Async Capable": false, "Startup Cost": 10000003513.65, "Total Cost": 10000003513.65, "Plan Rows": 365, "Plan Width": 4, "Plans": [{"Node Type": "Index Scan", "Parent Relationship": "Outer", "Parallel Aware": false, "Async Capable": false, "Scan Direction": "Forward", "Index Name": "date_dim_pkey", "Relation Name": "date_dim", "Alias": "date_dim", "Startup Cost": 10000000000.29, "Total Cost": 10000003513.65, "Plan Rows": 365, "Plan Width": 4, "Filter": "(d_year = 2002)"}]}]}, {"Node Type": "Hash", "Parent Relationship": "Inner", "Parallel Aware": false, "Async Capable": false, "Startup Cost": 10000086149.43, "Total Cost": 10000086149.43, "Plan Rows": 27788, "Plan Width": 4, "Plans": [{"Node Type": "Index Scan", "Parent Relationship": "Outer", "Parallel Aware": false, "Async Capable": false, "Scan Direction": "Forward", "Index Name": "customer_demographics_pkey", "Relation Name": "customer_demographics", "Alias": "customer_demographics", "Startup Cost": 10000000000.43, "Total Cost": 10000086149.43, "Plan Rows": 27788, "Plan Width": 4, "Filter": "((cd_gender = 'F'::bpchar) AND (cd_marital_status = 'W'::bpchar) AND (cd_education_status = 'Primary'::bpchar))"}]}]}, {"Node Type": "Hash", "Parent Relationship": "Inner", "Parallel Aware": false, "Async Capable": false, "Startup Cost": 10000000042.27, "Total Cost": 10000000042.27, "Plan Rows": 500, "Plan Width": 4, "Plans": [{"Node Type": "Index Scan", "Parent Relationship": "Outer", "Parallel Aware": false, "Async Capable": false, "Scan Direction": "Forward", "Index Name": "promotion_pkey", "Relation Name": "promotion", "Alias": "promotion", "Startup Cost": 10000000000.27, "Total Cost": 10000000042.27, "Plan Rows": 500, "Plan Width": 4, "Filter": "((p_channel_email = 'N'::bpchar) OR (p_channel_event = 'N'::bpchar))"}]}]}]}}, {"Plan": {"Node Type": "Aggregate", "Strategy": "Plain", "Partial Mode": "Finalize", "Parallel Aware": false, "Async Capable": false, "Startup Cost": 2793110.74, "Total Cost": 2793110.75, "Plan Rows": 1, "Plan Width": 8, "Plans": [{"Node Type": "Gather", "Parent Relationship": "Outer", "Parallel Aware": false, "Async Capable": false, "Startup Cost": 2793110.53, "Total Cost": 2793110.74, "Plan Rows": 2, "Plan Width": 8, "Workers Planned": 2, "Single Copy": false, "Plans": [{"Node Type": "Aggregate", "Strategy": "Plain", "Partial Mode": "Partial", "Parent Relationship": "Outer", "Parallel Aware": false, "Async Capable": false, "Startup Cost": 2792110.53, "Total Cost": 2792110.54, "Plan Rows": 1, "Plan Width": 8, "Plans": [{"Node Type": "Hash Join", "Parent Relationship": "Outer", "Parallel Aware": true, "Async Capable": false, "Join Type": "Inner", "Startup Cost": 2789848.42, "Total Cost": 2792108.36, "Plan Rows": 868, "Plan Width": 0, "Inner Unique": false, "Hash Cond": "(item.i_item_sk = store_sales.ss_item_sk)", "Plans": [{"Node Type": "Index Only Scan", "Parent Relationship": "Outer", "Parallel Aware": true, "Async Capable": false, "Scan Direction": "Forward", "Index Name": "item_pkey", "Relation Name": "item", "Alias": "item", "Startup Cost": 0.29, "Total Cost": 2099.4, "Plan Rows": 42500, "Plan Width": 4}, {"Node Type": "Hash", "Parent Relationship": "Inner", "Parallel Aware": true, "Async Capable": false, "Startup Cost": 2789843.79, "Total Cost": 2789843.79, "Plan Rows": 347, "Plan Width": 4, "Plans": [{"Node Type": "Hash Join", "Parent Relationship": "Outer", "Parallel Aware": false, "Async Capable": false, "Join Type": "Inner", "Startup Cost": 66680.01, "Total Cost": 2789843.79, "Plan Rows": 347, "Plan Width": 4, "Inner Unique": true, "Hash Cond": "(store_sales.ss_promo_sk = promotion.p_promo_sk)", "Plans": [{"Node Type": "Hash Join", "Parent Relationship": "Outer", "Parallel Aware": true, "Async Capable": false, "Join Type": "Inner", "Startup Cost": 66631.49, "Total Cost": 2789794.35, "Plan Rows": 347, "Plan Width": 8, "Inner Unique": true, "Hash Cond": "(store_sales.ss_cdemo_sk = customer_demographics.cd_demo_sk)", "Plans": [{"Node Type": "Hash Join", "Parent Relationship": "Outer", "Parallel Aware": true, "Async Capable": false, "Join Type": "Inner", "Startup Cost": 3140.79, "Total Cost": 2726240.68, "Plan Rows": 23985, "Plan Width": 12, "Inner Unique": true, "Hash Cond": "(store_sales.ss_sold_date_sk = date_dim.d_date_sk)", "Plans": [{"Node Type": "Index Scan", "Parent Relationship": "Outer", "Parallel Aware": true, "Async Capable": false, "Scan Direction": "Forward", "Index Name": "store_sales_pkey", "Relation Name": "store_sales", "Alias": "store_sales", "Startup Cost": 0.44, "Total Cost": 2710499.19, "Plan Rows": 4800169, "Plan Width": 16}, {"Node Type": "Hash", "Parent Relationship": "Inner", "Parallel Aware": true, "Async Capable": false, "Startup Cost": 3137.66, "Total Cost": 3137.66, "Plan Rows": 215, "Plan Width": 4, "Plans": [{"Node Type": "Index Scan", "Parent Relationship": "Outer", "Parallel Aware": true, "Async Capable": false, "Scan Direction": "Forward", "Index Name": "date_dim_pkey", "Relation Name": "date_dim", "Alias": "date_dim", "Startup Cost": 0.29, "Total Cost": 3137.66, "Plan Rows": 215, "Plan Width": 4, "Filter": "(d_year = 2002)"}]}]}, {"Node Type": "Hash", "Parent Relationship": "Inner", "Parallel Aware": true, "Async Capable": false, "Startup Cost": 63378.65, "Total Cost": 63378.65, "Plan Rows": 8964, "Plan Width": 4, "Plans": [{"Node Type": "Index Scan", "Parent Relationship": "Outer", "Parallel Aware": true, "Async Capable": false, "Scan Direction": "Forward", "Index Name": "customer_demographics_pkey", "Relation Name": "customer_demographics", "Alias": "customer_demographics", "Startup Cost": 0.43, "Total Cost": 63378.65, "Plan Rows": 8964, "Plan Width": 4, "Filter": "((cd_gender = 'F'::bpchar) AND (cd_marital_status = 'W'::bpchar) AND (cd_education_status = 'Primary'::bpchar))"}]}]}, {"Node Type": "Hash", "Parent Relationship": "Inner", "Parallel Aware": false, "Async Capable": false, "Startup Cost": 42.27, "Total Cost": 42.27, "Plan Rows": 500, "Plan Width": 4, "Plans": [{"Node Type": "Index Scan", "Parent Relationship": "Outer", "Parallel Aware": false, "Async Capable": false, "Scan Direction": "Forward", "Index Name": "promotion_pkey", "Relation Name": "promotion", "Alias": "promotion", "Startup Cost": 0.27, "Total Cost": 42.27, "Plan Rows": 500, "Plan Width": 4, "Filter": "((p_channel_email = 'N'::bpchar) OR (p_channel_event = 'N'::bpchar))"}]}]}]}]}]}]}]}}, {"Plan": {"Node Type": "Aggregate", "Strategy": "Plain", "Partial Mode": "Finalize", "Parallel Aware": false, "Async Capable": false, "Startup Cost": 1487719.5, "Total Cost": 1487719.51, "Plan Rows": 1, "Plan Width": 8, "Plans": [{"Node Type": "Gather", "Parent Relationship": "Outer", "Parallel Aware": false, "Async Capable": false, "Startup Cost": 1487719.29, "Total Cost": 1487719.5, "Plan Rows": 2, "Plan Width": 8, "Workers Planned": 2, "Single Copy": false, "Plans": [{"Node Type": "Aggregate", "Strategy": "Plain", "Partial Mode": "Partial", "Parent Relationship": "Outer", "Parallel Aware": false, "Async Capable": false, "Startup Cost": 1486719.29, "Total Cost": 1486719.3, "Plan Rows": 1, "Plan Width": 8, "Plans": [{"Node Type": "Hash Join", "Parent Relationship": "Outer", "Parallel Aware": false, "Async Capable": false, "Join Type": "Inner", "Startup Cost": 3190.03, "Total Cost": 1486717.12, "Plan Rows": 868, "Plan Width": 0, "Inner Unique": true, "Hash Cond": "(store_sales.ss_promo_sk = promotion.p_promo_sk)", "Plans": [{"Node Type": "Nested Loop", "Parent Relationship": "Outer", "Parallel Aware": false, "Async Capable": false, "Join Type": "Inner", "Startup Cost": 3141.51, "Total Cost": 1486666.29, "Plan Rows": 868, "Plan Width": 4, "Inner Unique": true, "Plans": [{"Node Type": "Hash Join", "Parent Relationship": "Outer", "Parallel Aware": true, "Async Capable": false, "Join Type": "Inner", "Startup Cost": 3141.08, "Total Cost": 1459307.61, "Plan Rows": 59962, "Plan Width": 8, "Inner Unique": true, "Hash Cond": "(store_sales.ss_sold_date_sk = date_dim.d_date_sk)", "Plans": [{"Node Type": "Nested Loop", "Parent Relationship": "Outer", "Parallel Aware": false, "Async Capable": false, "Join Type": "Inner", "Startup Cost": 0.73, "Total Cost": 1424664.4, "Plan Rows": 12000422, "Plan Width": 12, "Inner Unique": false, "Plans": [{"Node Type": "Index Only Scan", "Parent Relationship": "Outer", "Parallel Aware": true, "Async Capable": false, "Scan Direction": "Forward", "Index Name": "item_pkey", "Relation Name": "item", "Alias": "item", "Startup Cost": 0.29, "Total Cost": 2099.4, "Plan Rows": 42500, "Plan Width": 4}, {"Node Type": "Index Scan", "Parent Relationship": "Inner", "Parallel Aware": false, "Async Capable": false, "Scan Direction": "Forward", "Index Name": "store_sales_pkey", "Relation Name": "store_sales", "Alias": "store_sales", "Startup Cost": 0.44, "Total Cost": 30.36, "Plan Rows": 311, "Plan Width": 16, "Index Cond": "(ss_item_sk = item.i_item_sk)"}]}, {"Node Type": "Hash", "Parent Relationship": "Inner", "Parallel Aware": true, "Async Capable": false, "Startup Cost": 3137.66, "Total Cost": 3137.66, "Plan Rows": 215, "Plan Width": 4, "Plans": [{"Node Type": "Index Scan", "Parent Relationship": "Outer", "Parallel Aware": true, "Async Capable": false, "Scan Direction": "Forward", "Index Name": "date_dim_pkey", "Relation Name": "date_dim", "Alias": "date_dim", "Startup Cost": 0.29, "Total Cost": 3137.66, "Plan Rows": 215, "Plan Width": 4, "Filter": "(d_year = 2002)"}]}]}, {"Node Type": "Index Scan", "Parent Relationship": "Inner", "Parallel Aware": false, "Async Capable": false, "Scan Direction": "Forward", "Index Name": "customer_demographics_pkey", "Relation Name": "customer_demographics", "Alias": "customer_demographics", "Startup Cost": 0.43, "Total Cost": 0.46, "Plan Rows": 1, "Plan Width": 4, "Index Cond": "(cd_demo_sk = store_sales.ss_cdemo_sk)", "Filter": "((cd_gender = 'F'::bpchar) AND (cd_marital_status = 'W'::bpchar) AND (cd_education_status = 'Primary'::bpchar))"}]}, {"Node Type": "Hash", "Parent Relationship": "Inner", "Parallel Aware": false, "Async Capable": false, "Startup Cost": 42.27, "Total Cost": 42.27, "Plan Rows": 500, "Plan Width": 4, "Plans": [{"Node Type": "Index Scan", "Parent Relationship": "Outer", "Parallel Aware": false, "Async Capable": false, "Scan Direction": "Forward", "Index Name": "promotion_pkey", "Relation Name": "promotion", "Alias": "promotion", "Startup Cost": 0.27, "Total Cost": 42.27, "Plan Rows": 500, "Plan Width": 4, "Filter": "((p_channel_email = 'N'::bpchar) OR (p_channel_event = 'N'::bpchar))"}]}]}]}]}]}}, {"Plan": {"Node Type": "Aggregate", "Strategy": "Plain", "Partial Mode": "Finalize", "Parallel Aware": false, "Async Capable": false, "Startup Cost": 616183.51, "Total Cost": 616183.52, "Plan Rows": 1, "Plan Width": 8, "Plans": [{"Node Type": "Gather", "Parent Relationship": "Outer", "Parallel Aware": false, "Async Capable": false, "Startup Cost": 616183.29, "Total Cost": 616183.5, "Plan Rows": 2, "Plan Width": 8, "Workers Planned": 2, "Single Copy": false, "Plans": [{"Node Type": "Aggregate", "Strategy": "Plain", "Partial Mode": "Partial", "Parent Relationship": "Outer", "Parallel Aware": false, "Async Capable": false, "Startup Cost": 615183.29, "Total Cost": 615183.3, "Plan Rows": 1, "Plan Width": 8, "Plans": [{"Node Type": "Hash Join", "Parent Relationship": "Outer", "Parallel Aware": true, "Async Capable": false, "Join Type": "Inner", "Startup Cost": 612921.19, "Total Cost": 615181.12, "Plan Rows": 868, "Plan Width": 0, "Inner Unique": false, "Hash Cond": "(item.i_item_sk = store_sales.ss_item_sk)", "Plans": [{"Node Type": "Index Only Scan", "Parent Relationship": "Outer", "Parallel Aware": true, "Async Capable": false, "Scan Direction": "Forward", "Index Name": "item_pkey", "Relation Name": "item", "Alias": "item", "Startup Cost": 0.29, "Total Cost": 2099.4, "Plan Rows": 42500, "Plan Width": 4}, {"Node Type": "Hash", "Parent Relationship": "Inner", "Parallel Aware": true, "Async Capable": false, "Startup Cost": 612916.56, "Total Cost": 612916.56, "Plan Rows": 347, "Plan Width": 4, "Plans": [{"Node Type": "Hash Join", "Parent Relationship": "Outer", "Parallel Aware": false, "Async Capable": false, "Join Type": "Inner", "Startup Cost": 34801.84, "Total Cost": 612916.56, "Plan Rows": 347, "Plan Width": 4, "Inner Unique": true, "Hash Cond": "(store_sales.ss_promo_sk = promotion.p_promo_sk)", "Plans": [{"Node Type": "Hash Join", "Parent Relationship": "Outer", "Parallel Aware": true, "Async Capable": false, "Join Type": "Inner", "Startup Cost": 34775.09, "Total Cost": 612888.88, "Plan Rows": 347, "Plan Width": 8, "Inner Unique": true, "Hash Cond": "(store_sales.ss_cdemo_sk = customer_demographics.cd_demo_sk)", "Plans": [{"Node Type": "Hash Join", "Parent Relationship": "Outer", "Parallel Aware": true, "Async Capable": false, "Join Type": "Inner", "Startup Cost": 1963.81, "Total Cost": 580014.65, "Plan Rows": 23985, "Plan Width": 12, "Inner Unique": true, "Hash Cond": "(store_sales.ss_sold_date_sk = date_dim.d_date_sk)", "Plans": [{"Node Type": "Seq Scan", "Parent Relationship": "Outer", "Parallel Aware": true, "Async Capable": false, "Relation Name": "store_sales", "Alias": "store_sales", "Startup Cost": 0.0, "Total Cost": 565449.69, "Plan Rows": 4800169, "Plan Width": 16}, {"Node Type": "Hash", "Parent Relationship": "Inner", "Parallel Aware": true, "Async Capable": false, "Startup Cost": 1961.12, "Total Cost": 1961.12, "Plan Rows": 215, "Plan Width": 4, "Plans": [{"Node Type": "Seq Scan", "Parent Relationship": "Outer", "Parallel Aware": true, "Async Capable": false, "Relation Name": "date_dim", "Alias": "date_dim", "Startup Cost": 0.0, "Total Cost": 1961.12, "Plan Rows": 215, "Plan Width": 4, "Filter": "(d_year = 2002)"}]}]}, {"Node Type": "Hash", "Parent Relationship": "Inner", "Parallel Aware": true, "Async Capable": false, "Startup Cost": 32699.23, "Total Cost": 32699.23, "Plan Rows": 8964, "Plan Width": 4, "Plans": [{"Node Type": "Seq Scan", "Parent Relationship": "Outer", "Parallel Aware": true, "Async Capable": false, "Relation Name": "customer_demographics", "Alias": "customer_demographics", "Startup Cost": 0.0, "Total Cost": 32699.23, "Plan Rows": 8964, "Plan Width": 4, "Filter": "((cd_gender = 'F'::bpchar) AND (cd_marital_status = 'W'::bpchar) AND (cd_education_status = 'Primary'::bpchar))"}]}]}, {"Node Type": "Hash", "Parent Relationship": "Inner", "Parallel Aware": false, "Async Capable": false, "Startup Cost": 20.5, "Total Cost": 20.5, "Plan Rows": 500, "Plan Width": 4, "Plans": [{"Node Type": "Seq Scan", "Parent Relationship": "Outer", "Parallel Aware": false, "Async Capable": false, "Relation Name": "promotion", "Alias": "promotion", "Startup Cost": 0.0, "Total Cost": 20.5, "Plan Rows": 500, "Plan Width": 4, "Filter": "((p_channel_email = 'N'::bpchar) OR (p_channel_event = 'N'::bpchar))"}]}]}]}]}]}]}]}}, {"Plan": {"Node Type": "Aggregate", "Strategy": "Plain", "Partial Mode": "Simple", "Parallel Aware": false, "Async Capable": false, "Startup Cost": 10004330834.45, "Total Cost": 10004330834.46, "Plan Rows": 1, "Plan Width": 8, "Plans": [{"Node Type": "Nested Loop", "Parent Relationship": "Outer", "Parallel Aware": false, "Async Capable": false, "Join Type": "Inner", "Startup Cost": 10000000001.77, "Total Cost": 10004330829.25, "Plan Rows": 2082, "Plan Width": 0, "Inner Unique": true, "Plans": [{"Node Type": "Nested Loop", "Parent Relationship": "Outer", "Parallel Aware": false, "Async Capable": false, "Join Type": "Inner", "Startup Cost": 10000000001.48, "Total Cost": 10004328628.97, "Plan Rows": 2082, "Plan Width": 4, "Inner Unique": true, "Plans": [{"Node Type": "Nested Loop", "Parent Relationship": "Outer", "Parallel Aware": false, "Async Capable": false, "Join Type": "Inner", "Startup Cost": 10000000001.18, "Total Cost": 10004319649.74, "Plan Rows": 2082, "Plan Width": 8, "Inner Unique": true, "Plans": [{"Node Type": "Nested Loop", "Parent Relationship": "Outer", "Parallel Aware": false, "Async Capable": false, "Join Type": "Inner", "Startup Cost": 10000000000.75, "Total Cost": 10003678398.33, "Plan Rows": 143908, "Plan Width": 12, "Inner Unique": true, "Plans": [{"Node Type": "Index Scan", "Parent Relationship": "Outer", "Parallel Aware": false, "Async Capable": false, "Scan Direction": "Forward", "Index Name": "store_sales_pkey", "Relation Name": "store_sales", "Alias": "store_sales", "Startup Cost": 10000000000.44, "Total Cost": 10002950507.64, "Plan Rows": 28801014, "Plan Width": 16}, {"Node Type": "Memoize", "Parent Relationship": "Inner", "Parallel Aware": false, "Async Capable": false, "Startup Cost": 0.31, "Total Cost": 4.33, "Plan Rows": 1, "Plan Width": 4, "Cache Key": "store_sales.ss_sold_date_sk", "Cache Mode": "logical", "Plans": [{"Node Type": "Bitmap Heap Scan", "Parent Relationship": "Outer", "Parallel Aware": false, "Async Capable": false, "Relation Name": "date_dim", "Alias": "date_dim", "Startup Cost": 0.3, "Total Cost": 4.32, "Plan Rows": 1, "Plan Width": 4, "Recheck Cond": "(d_date_sk = store_sales.ss_sold_date_sk)", "Filter": "(d_year = 2002)", "Plans": [{"Node Type": "Bitmap Index Scan", "Parent Relationship": "Outer", "Parallel Aware": false, "Async Capable": false, "Index Name": "date_dim_pkey", "Startup Cost": 0.0, "Total Cost": 0.3, "Plan Rows": 1, "Plan Width": 0, "Index Cond": "(d_date_sk = store_sales.ss_sold_date_sk)"}]}]}]}, {"Node Type": "Bitmap Heap Scan", "Parent Relationship": "Inner", "Parallel Aware": false, "Async Capable": false, "Relation Name": "customer_demographics", "Alias": "customer_demographics", "Startup Cost": 0.44, "Total Cost": 4.46, "Plan Rows": 1, "Plan Width": 4, "Recheck Cond": "(cd_demo_sk = store_sales.ss_cdemo_sk)", "Filter": "((cd_gender = 'F'::bpchar) AND (cd_marital_status = 'W'::bpchar) AND (cd_education_status = 'Primary'::bpchar))", "Plans": [{"Node Type": "Bitmap Index Scan", "Parent Relationship": "Outer", "Parallel Aware": false, "Async Capable": false, "Index Name": "customer_demographics_pkey", "Startup Cost": 0.0, "Total Cost": 0.44, "Plan Rows": 1, "Plan Width": 0, "Index Cond": "(cd_demo_sk = store_sales.ss_cdemo_sk)"}]}]}, {"Node Type": "Bitmap Heap Scan", "Parent Relationship": "Inner", "Parallel Aware": false, "Async Capable": false, "Relation Name": "item", "Alias": "item", "Startup Cost": 0.3, "Total Cost": 4.31, "Plan Rows": 1, "Plan Width": 4, "Recheck Cond": "(store_sales.ss_item_sk = i_item_sk)", "Plans": [{"Node Type": "Bitmap Index Scan", "Parent Relationship": "Outer", "Parallel Aware": false, "Async Capable": false, "Index Name": "item_pkey", "Startup Cost": 0.0, "Total Cost": 0.3, "Plan Rows": 1, "Plan Width": 0, "Index Cond": "(i_item_sk = store_sales.ss_item_sk)"}]}]}, {"Node Type": "Memoize", "Parent Relationship": "Inner", "Parallel Aware": false, "Async Capable": false, "Startup Cost": 0.29, "Total Cost": 4.31, "Plan Rows": 1, "Plan Width": 4, "Cache Key": "store_sales.ss_promo_sk", "Cache Mode": "logical", "Plans": [{"Node Type": "Bitmap Heap Scan", "Parent Relationship": "Outer", "Parallel Aware": false, "Async Capable": false, "Relation Name": "promotion", "Alias": "promotion", "Startup Cost": 0.28, "Total Cost": 4.3, "Plan Rows": 1, "Plan Width": 4, "Recheck Cond": "(p_promo_sk = store_sales.ss_promo_sk)", "Filter": "((p_channel_email = 'N'::bpchar) OR (p_channel_event = 'N'::bpchar))", "Plans": [{"Node Type": "Bitmap Index Scan", "Parent Relationship": "Outer", "Parallel Aware": false, "Async Capable": false, "Index Name": "promotion_pkey", "Startup Cost": 0.0, "Total Cost": 0.28, "Plan Rows": 1, "Plan Width": 0, "Index Cond": "(p_promo_sk = store_sales.ss_promo_sk)"}]}]}]}]}}, {"Plan": {"Node Type": "Aggregate", "Strategy": "Plain", "Partial Mode": "Finalize", "Parallel Aware": false, "Async Capable": false, "Startup Cost": 615414.59, "Total Cost": 615414.6, "Plan Rows": 1, "Plan Width": 8, "Plans": [{"Node Type": "Gather", "Parent Relationship": "Outer", "Parallel Aware": false, "Async Capable": false, "Startup Cost": 615413.96, "Total Cost": 615414.57, "Plan Rows": 6, "Plan Width": 8, "Workers Planned": 6, "Single Copy": false, "Plans": [{"Node Type": "Aggregate", "Strategy": "Plain", "Partial Mode": "Partial", "Parent Relationship": "Outer", "Parallel Aware": false, "Async Capable": false, "Startup Cost": 614413.96, "Total Cost": 614413.97, "Plan Rows": 1, "Plan Width": 8, "Plans": [{"Node Type": "Hash Join", "Parent Relationship": "Outer", "Parallel Aware": false, "Async Capable": false, "Join Type": "Inner", "Startup Cost": 34802.14, "Total Cost": 614413.09, "Plan Rows": 347, "Plan Width": 0, "Inner Unique": true, "Hash Cond": "(store_sales.ss_promo_sk = promotion.p_promo_sk)", "Plans": [{"Node Type": "Nested Loop", "Parent Relationship": "Outer", "Parallel Aware": false, "Async Capable": false, "Join Type": "Inner", "Startup Cost": 34775.39, "Total Cost": 614385.42, "Plan Rows": 347, "Plan Width": 4, "Inner Unique": true, "Plans": [{"Node Type": "Hash Join", "Parent Relationship": "Outer", "Parallel Aware": true, "Async Capable": false, "Join Type": "Inner", "Startup Cost": 34775.09, "Total Cost": 612888.88, "Plan Rows": 347, "Plan Width": 8, "Inner Unique": true, "Hash Cond": "(store_sales.ss_cdemo_sk = customer_demographics.cd_demo_sk)", "Plans": [{"Node Type": "Hash Join", "Parent Relationship": "Outer", "Parallel Aware": true, "Async Capable": false, "Join Type": "Inner", "Startup Cost": 1963.81, "Total Cost": 580014.65, "Plan Rows": 23985, "Plan Width": 12, "Inner Unique": true, "Hash Cond": "(store_sales.ss_sold_date_sk = date_dim.d_date_sk)", "Plans": [{"Node Type": "Seq Scan", "Parent Relationship": "Outer", "Parallel Aware": true, "Async Capable": false, "Relation Name": "store_sales", "Alias": "store_sales", "Startup Cost": 0.0, "Total Cost": 565449.69, "Plan Rows": 4800169, "Plan Width": 16}, {"Node Type": "Hash", "Parent Relationship": "Inner", "Parallel Aware": true, "Async Capable": false, "Startup Cost": 1961.12, "Total Cost": 1961.12, "Plan Rows": 215, "Plan Width": 4, "Plans": [{"Node Type": "Seq Scan", "Parent Relationship": "Outer", "Parallel Aware": true, "Async Capable": false, "Relation Name": "date_dim", "Alias": "date_dim", "Startup Cost": 0.0, "Total Cost": 1961.12, "Plan Rows": 215, "Plan Width": 4, "Filter": "(d_year = 2002)"}]}]}, {"Node Type": "Hash", "Parent Relationship": "Inner", "Parallel Aware": true, "Async Capable": false, "Startup Cost": 32699.23, "Total Cost": 32699.23, "Plan Rows": 8964, "Plan Width": 4, "Plans": [{"Node Type": "Seq Scan", "Parent Relationship": "Outer", "Parallel Aware": true, "Async Capable": false, "Relation Name": "customer_demographics", "Alias": "customer_demographics", "Startup Cost": 0.0, "Total Cost": 32699.23, "Plan Rows": 8964, "Plan Width": 4, "Filter": "((cd_gender = 'F'::bpchar) AND (cd_marital_status = 'W'::bpchar) AND (cd_education_status = 'Primary'::bpchar))"}]}]}, {"Node Type": "Bitmap Heap Scan", "Parent Relationship": "Inner", "Parallel Aware": false, "Async Capable": false, "Relation Name": "item", "Alias": "item", "Startup Cost": 0.3, "Total Cost": 4.31, "Plan Rows": 1, "Plan Width": 4, "Recheck Cond": "(store_sales.ss_item_sk = i_item_sk)", "Plans": [{"Node Type": "Bitmap Index Scan", "Parent Relationship": "Outer", "Parallel Aware": false, "Async Capable": false, "Index Name": "item_pkey", "Startup Cost": 0.0, "Total Cost": 0.3, "Plan Rows": 1, "Plan Width": 0, "Index Cond": "(i_item_sk = store_sales.ss_item_sk)"}]}]}, {"Node Type": "Hash", "Parent Relationship": "Inner", "Parallel Aware": false, "Async Capable": false, "Startup Cost": 20.5, "Total Cost": 20.5, "Plan Rows": 500, "Plan Width": 4, "Plans": [{"Node Type": "Seq Scan", "Parent Relationship": "Outer", "Parallel Aware": false, "Async Capable": false, "Relation Name": "promotion", "Alias": "promotion", "Startup Cost": 0.0, "Total Cost": 20.5, "Plan Rows": 500, "Plan Width": 4, "Filter": "((p_channel_email = 'N'::bpchar) OR (p_channel_event = 'N'::bpchar))"}]}]}]}]}]}}, {"Plan": {"Node Type": "Aggregate", "Strategy": "Plain", "Partial Mode": "Finalize", "Parallel Aware": false, "Async Capable": false, "Startup Cost": 621553.1, "Total Cost": 621553.11, "Plan Rows": 1, "Plan Width": 8, "Plans": [{"Node Type": "Gather", "Parent Relationship": "Outer", "Parallel Aware": false, "Async Capable": false, "Startup Cost": 621552.89, "Total Cost": 621553.1, "Plan Rows": 2, "Plan Width": 8, "Workers Planned": 2, "Single Copy": false, "Plans": [{"Node Type": "Aggregate", "Strategy": "Plain", "Partial Mode": "Partial", "Parent Relationship": "Outer", "Parallel Aware": false, "Async Capable": false, "Startup Cost": 620552.89, "Total Cost": 620552.9, "Plan Rows": 1, "Plan Width": 8, "Plans": [{"Node Type": "Hash Join", "Parent Relationship": "Outer", "Parallel Aware": true, "Async Capable": false, "Join Type": "Inner", "Startup Cost": 612920.89, "Total Cost": 620550.72, "Plan Rows": 868, "Plan Width": 0, "Inner Unique": false, "Hash Cond": "(item.i_item_sk = store_sales.ss_item_sk)", "Plans": [{"Node Type": "Seq Scan", "Parent Relationship": "Outer", "Parallel Aware": true, "Async Capable": false, "Relation Name": "item", "Alias": "item", "Startup Cost": 0.0, "Total Cost": 7469.0, "Plan Rows": 42500, "Plan Width": 4}, {"Node Type": "Hash", "Parent Relationship": "Inner", "Parallel Aware": true, "Async Capable": false, "Startup Cost": 612916.56, "Total Cost": 612916.56, "Plan Rows": 347, "Plan Width": 4, "Plans": [{"Node Type": "Hash Join", "Parent Relationship": "Outer", "Parallel Aware": false, "Async Capable": false, "Join Type": "Inner", "Startup Cost": 34801.84, "Total Cost": 612916.56, "Plan Rows": 347, "Plan Width": 4, "Inner Unique": true, "Hash Cond": "(store_sales.ss_promo_sk = promotion.p_promo_sk)", "Plans": [{"Node Type": "Hash Join", "Parent Relationship": "Outer", "Parallel Aware": true, "Async Capable": false, "Join Type": "Inner", "Startup Cost": 34775.09, "Total Cost": 612888.88, "Plan Rows": 347, "Plan Width": 8, "Inner Unique": true, "Hash Cond": "(store_sales.ss_cdemo_sk = customer_demographics.cd_demo_sk)", "Plans": [{"Node Type": "Hash Join", "Parent Relationship": "Outer", "Parallel Aware": true, "Async Capable": false, "Join Type": "Inner", "Startup Cost": 1963.81, "Total Cost": 580014.65, "Plan Rows": 23985, "Plan Width": 12, "Inner Unique": true, "Hash Cond": "(store_sales.ss_sold_date_sk = date_dim.d_date_sk)", "Plans": [{"Node Type": "Seq Scan", "Parent Relationship": "Outer", "Parallel Aware": true, "Async Capable": false, "Relation Name": "store_sales", "Alias": "store_sales", "Startup Cost": 0.0, "Total Cost": 565449.69, "Plan Rows": 4800169, "Plan Width": 16}, {"Node Type": "Hash", "Parent Relationship": "Inner", "Parallel Aware": true, "Async Capable": false, "Startup Cost": 1961.12, "Total Cost": 1961.12, "Plan Rows": 215, "Plan Width": 4, "Plans": [{"Node Type": "Seq Scan", "Parent Relationship": "Outer", "Parallel Aware": true, "Async Capable": false, "Relation Name": "date_dim", "Alias": "date_dim", "Startup Cost": 0.0, "Total Cost": 1961.12, "Plan Rows": 215, "Plan Width": 4, "Filter": "(d_year = 2002)"}]}]}, {"Node Type": "Hash", "Parent Relationship": "Inner", "Parallel Aware": true, "Async Capable": false, "Startup Cost": 32699.23, "Total Cost": 32699.23, "Plan Rows": 8964, "Plan Width": 4, "Plans": [{"Node Type": "Seq Scan", "Parent Relationship": "Outer", "Parallel Aware": true, "Async Capable": false, "Relation Name": "customer_demographics", "Alias": "customer_demographics", "Startup Cost": 0.0, "Total Cost": 32699.23, "Plan Rows": 8964, "Plan Width": 4, "Filter": "((cd_gender = 'F'::bpchar) AND (cd_marital_status = 'W'::bpchar) AND (cd_education_status = 'Primary'::bpchar))"}]}]}, {"Node Type": "Hash", "Parent Relationship": "Inner", "Parallel Aware": false, "Async Capable": false, "Startup Cost": 20.5, "Total Cost": 20.5, "Plan Rows": 500, "Plan Width": 4, "Plans": [{"Node Type": "Seq Scan", "Parent Relationship": "Outer", "Parallel Aware": false, "Async Capable": false, "Relation Name": "promotion", "Alias": "promotion", "Startup Cost": 0.0, "Total Cost": 20.5, "Plan Rows": 500, "Plan Width": 4, "Filter": "((p_channel_email = 'N'::bpchar) OR (p_channel_event = 'N'::bpchar))"}]}]}]}]}]}]}]}}, {"Plan": {"Node Type": "Aggregate", "Strategy": "Plain", "Partial Mode": "Finalize", "Parallel Aware": false, "Async Capable": false, "Startup Cost": 2800139.14, "Total Cost": 2800139.15, "Plan Rows": 1, "Plan Width": 8, "Plans": [{"Node Type": "Gather", "Parent Relationship": "Outer", "Parallel Aware": false, "Async Capable": false, "Startup Cost": 2800138.93, "Total Cost": 2800139.14, "Plan Rows": 2, "Plan Width": 8, "Workers Planned": 2, "Single Copy": false, "Plans": [{"Node Type": "Aggregate", "Strategy": "Plain", "Partial Mode": "Partial", "Parent Relationship": "Outer", "Parallel Aware": false, "Async Capable": false, "Startup Cost": 2799138.93, "Total Cost": 2799138.94, "Plan Rows": 1, "Plan Width": 8, "Plans": [{"Node Type": "Hash Join", "Parent Relationship": "Outer", "Parallel Aware": true, "Async Capable": false, "Join Type": "Inner", "Startup Cost": 2789848.42, "Total Cost": 2799136.76, "Plan Rows": 868, "Plan Width": 0, "Inner Unique": false, "Hash Cond": "(item.i_item_sk = store_sales.ss_item_sk)", "Plans": [{"Node Type": "Index Scan", "Parent Relationship": "Outer", "Parallel Aware": true, "Async Capable": false, "Scan Direction": "Forward", "Index Name": "item_pkey", "Relation Name": "item", "Alias": "item", "Startup Cost": 0.29, "Total Cost": 9127.8, "Plan Rows": 42500, "Plan Width": 4}, {"Node Type": "Hash", "Parent Relationship": "Inner", "Parallel Aware": true, "Async Capable": false, "Startup Cost": 2789843.79, "Total Cost": 2789843.79, "Plan Rows": 347, "Plan Width": 4, "Plans": [{"Node Type": "Hash Join", "Parent Relationship": "Outer", "Parallel Aware": false, "Async Capable": false, "Join Type": "Inner", "Startup Cost": 66680.01, "Total Cost": 2789843.79, "Plan Rows": 347, "Plan Width": 4, "Inner Unique": true, "Hash Cond": "(store_sales.ss_promo_sk = promotion.p_promo_sk)", "Plans": [{"Node Type": "Hash Join", "Parent Relationship": "Outer", "Parallel Aware": true, "Async Capable": false, "Join Type": "Inner", "Startup Cost": 66631.49, "Total Cost": 2789794.35, "Plan Rows": 347, "Plan Width": 8, "Inner Unique": true, "Hash Cond": "(store_sales.ss_cdemo_sk = customer_demographics.cd_demo_sk)", "Plans": [{"Node Type": "Hash Join", "Parent Relationship": "Outer", "Parallel Aware": true, "Async Capable": false, "Join Type": "Inner", "Startup Cost": 3140.79, "Total Cost": 2726240.68, "Plan Rows": 23985, "Plan Width": 12, "Inner Unique": true, "Hash Cond": "(store_sales.ss_sold_date_sk = date_dim.d_date_sk)", "Plans": [{"Node Type": "Index Scan", "Parent Relationship": "Outer", "Parallel Aware": true, "Async Capable": false, "Scan Direction": "Forward", "Index Name": "store_sales_pkey", "Relation Name": "store_sales", "Alias": "store_sales", "Startup Cost": 0.44, "Total Cost": 2710499.19, "Plan Rows": 4800169, "Plan Width": 16}, {"Node Type": "Hash", "Parent Relationship": "Inner", "Parallel Aware": true, "Async Capable": false, "Startup Cost": 3137.66, "Total Cost": 3137.66, "Plan Rows": 215, "Plan Width": 4, "Plans": [{"Node Type": "Index Scan", "Parent Relationship": "Outer", "Parallel Aware": true, "Async Capable": false, "Scan Direction": "Forward", "Index Name": "date_dim_pkey", "Relation Name": "date_dim", "Alias": "date_dim", "Startup Cost": 0.29, "Total Cost": 3137.66, "Plan Rows": 215, "Plan Width": 4, "Filter": "(d_year = 2002)"}]}]}, {"Node Type": "Hash", "Parent Relationship": "Inner", "Parallel Aware": true, "Async Capable": false, "Startup Cost": 63378.65, "Total Cost": 63378.65, "Plan Rows": 8964, "Plan Width": 4, "Plans": [{"Node Type": "Index Scan", "Parent Relationship": "Outer", "Parallel Aware": true, "Async Capable": false, "Scan Direction": "Forward", "Index Name": "customer_demographics_pkey", "Relation Name": "customer_demographics", "Alias": "customer_demographics", "Startup Cost": 0.43, "Total Cost": 63378.65, "Plan Rows": 8964, "Plan Width": 4, "Filter": "((cd_gender = 'F'::bpchar) AND (cd_marital_status = 'W'::bpchar) AND (cd_education_status = 'Primary'::bpchar))"}]}]}, {"Node Type": "Hash", "Parent Relationship": "Inner", "Parallel Aware": false, "Async Capable": false, "Startup Cost": 42.27, "Total Cost": 42.27, "Plan Rows": 500, "Plan Width": 4, "Plans": [{"Node Type": "Index Scan", "Parent Relationship": "Outer", "Parallel Aware": false, "Async Capable": false, "Scan Direction": "Forward", "Index Name": "promotion_pkey", "Relation Name": "promotion", "Alias": "promotion", "Startup Cost": 0.27, "Total Cost": 42.27, "Plan Rows": 500, "Plan Width": 4, "Filter": "((p_channel_email = 'N'::bpchar) OR (p_channel_event = 'N'::bpchar))"}]}]}]}]}]}]}]}}, {"Plan": {"Node Type": "Aggregate", "Strategy": "Plain", "Partial Mode": "Finalize", "Parallel Aware": false, "Async Capable": false, "Startup Cost": 1494747.9, "Total Cost": 1494747.91, "Plan Rows": 1, "Plan Width": 8, "Plans": [{"Node Type": "Gather", "Parent Relationship": "Outer", "Parallel Aware": false, "Async Capable": false, "Startup Cost": 1494747.69, "Total Cost": 1494747.9, "Plan Rows": 2, "Plan Width": 8, "Workers Planned": 2, "Single Copy": false, "Plans": [{"Node Type": "Aggregate", "Strategy": "Plain", "Partial Mode": "Partial", "Parent Relationship": "Outer", "Parallel Aware": false, "Async Capable": false, "Startup Cost": 1493747.69, "Total Cost": 1493747.7, "Plan Rows": 1, "Plan Width": 8, "Plans": [{"Node Type": "Hash Join", "Parent Relationship": "Outer", "Parallel Aware": false, "Async Capable": false, "Join Type": "Inner", "Startup Cost": 3190.03, "Total Cost": 1493745.52, "Plan Rows": 868, "Plan Width": 0, "Inner Unique": true, "Hash Cond": "(store_sales.ss_promo_sk = promotion.p_promo_sk)", "Plans": [{"Node Type": "Nested Loop", "Parent Relationship": "Outer", "Parallel Aware": false, "Async Capable": false, "Join Type": "Inner", "Startup Cost": 3141.51, "Total Cost": 1493694.69, "Plan Rows": 868, "Plan Width": 4, "Inner Unique": true, "Plans": [{"Node Type": "Hash Join", "Parent Relationship": "Outer", "Parallel Aware": true, "Async Capable": false, "Join Type": "Inner", "Startup Cost": 3141.08, "Total Cost": 1466336.01, "Plan Rows": 59962, "Plan Width": 8, "Inner Unique": true, "Hash Cond": "(store_sales.ss_sold_date_sk = date_dim.d_date_sk)", "Plans": [{"Node Type": "Nested Loop", "Parent Relationship": "Outer", "Parallel Aware": false, "Async Capable": false, "Join Type": "Inner", "Startup Cost": 0.73, "Total Cost": 1431692.8, "Plan Rows": 12000422, "Plan Width": 12, "Inner Unique": false, "Plans": [{"Node Type": "Index Scan", "Parent Relationship": "Outer", "Parallel Aware": true, "Async Capable": false, "Scan Direction": "Forward", "Index Name": "item_pkey", "Relation Name": "item", "Alias": "item", "Startup Cost": 0.29, "Total Cost": 9127.8, "Plan Rows": 42500, "Plan Width": 4}, {"Node Type": "Index Scan", "Parent Relationship": "Inner", "Parallel Aware": false, "Async Capable": false, "Scan Direction": "Forward", "Index Name": "store_sales_pkey", "Relation Name": "store_sales", "Alias": "store_sales", "Startup Cost": 0.44, "Total Cost": 30.36, "Plan Rows": 311, "Plan Width": 16, "Index Cond": "(ss_item_sk = item.i_item_sk)"}]}, {"Node Type": "Hash", "Parent Relationship": "Inner", "Parallel Aware": true, "Async Capable": false, "Startup Cost": 3137.66, "Total Cost": 3137.66, "Plan Rows": 215, "Plan Width": 4, "Plans": [{"Node Type": "Index Scan", "Parent Relationship": "Outer", "Parallel Aware": true, "Async Capable": false, "Scan Direction": "Forward", "Index Name": "date_dim_pkey", "Relation Name": "date_dim", "Alias": "date_dim", "Startup Cost": 0.29, "Total Cost": 3137.66, "Plan Rows": 215, "Plan Width": 4, "Filter": "(d_year = 2002)"}]}]}, {"Node Type": "Index Scan", "Parent Relationship": "Inner", "Parallel Aware": false, "Async Capable": false, "Scan Direction": "Forward", "Index Name": "customer_demographics_pkey", "Relation Name": "customer_demographics", "Alias": "customer_demographics", "Startup Cost": 0.43, "Total Cost": 0.46, "Plan Rows": 1, "Plan Width": 4, "Index Cond": "(cd_demo_sk = store_sales.ss_cdemo_sk)", "Filter": "((cd_gender = 'F'::bpchar) AND (cd_marital_status = 'W'::bpchar) AND (cd_education_status = 'Primary'::bpchar))"}]}, {"Node Type": "Hash", "Parent Relationship": "Inner", "Parallel Aware": false, "Async Capable": false, "Startup Cost": 42.27, "Total Cost": 42.27, "Plan Rows": 500, "Plan Width": 4, "Plans": [{"Node Type": "Index Scan", "Parent Relationship": "Outer", "Parallel Aware": false, "Async Capable": false, "Scan Direction": "Forward", "Index Name": "promotion_pkey", "Relation Name": "promotion", "Alias": "promotion", "Startup Cost": 0.27, "Total Cost": 42.27, "Plan Rows": 500, "Plan Width": 4, "Filter": "((p_channel_email = 'N'::bpchar) OR (p_channel_event = 'N'::bpchar))"}]}]}]}]}]}}, {"Plan": {"Node Type": "Aggregate", "Strategy": "Plain", "Partial Mode": "Finalize", "Parallel Aware": false, "Async Capable": false, "Startup Cost": 592095.3, "Total Cost": 592095.31, "Plan Rows": 1, "Plan Width": 8, "Plans": [{"Node Type": "Gather", "Parent Relationship": "Outer", "Parallel Aware": false, "Async Capable": false, "Startup Cost": 592094.68, "Total Cost": 592095.29, "Plan Rows": 6, "Plan Width": 8, "Workers Planned": 6, "Single Copy": false, "Plans": [{"Node Type": "Aggregate", "Strategy": "Plain", "Partial Mode": "Partial", "Parent Relationship": "Outer", "Parallel Aware": false, "Async Capable": false, "Startup Cost": 591094.68, "Total Cost": 591094.69, "Plan Rows": 1, "Plan Width": 8, "Plans": [{"Node Type": "Hash Join", "Parent Relationship": "Outer", "Parallel Aware": false, "Async Capable": false, "Join Type": "Inner", "Startup Cost": 1991.28, "Total Cost": 591093.81, "Plan Rows": 347, "Plan Width": 0, "Inner Unique": true, "Hash Cond": "(store_sales.ss_promo_sk = promotion.p_promo_sk)", "Plans": [{"Node Type": "Nested Loop", "Parent Relationship": "Outer", "Parallel Aware": false, "Async Capable": false, "Join Type": "Inner", "Startup Cost": 1964.53, "Total Cost": 591066.14, "Plan Rows": 347, "Plan Width": 4, "Inner Unique": true, "Plans": [{"Node Type": "Nested Loop", "Parent Relationship": "Outer", "Parallel Aware": false, "Async Capable": false, "Join Type": "Inner", "Startup Cost": 1964.24, "Total Cost": 590958.21, "Plan Rows": 347, "Plan Width": 8, "Inner Unique": true, "Plans": [{"Node Type": "Hash Join", "Parent Relationship": "Outer", "Parallel Aware": true, "Async Capable": false, "Join Type": "Inner", "Startup Cost": 1963.81, "Total Cost": 580014.65, "Plan Rows": 23985, "Plan Width": 12, "Inner Unique": true, "Hash Cond": "(store_sales.ss_sold_date_sk = date_dim.d_date_sk)", "Plans": [{"Node Type": "Seq Scan", "Parent Relationship": "Outer", "Parallel Aware": true, "Async Capable": false, "Relation Name": "store_sales", "Alias": "store_sales", "Startup Cost": 0.0, "Total Cost": 565449.69, "Plan Rows": 4800169, "Plan Width": 16}, {"Node Type": "Hash", "Parent Relationship": "Inner", "Parallel Aware": true, "Async Capable": false, "Startup Cost": 1961.12, "Total Cost": 1961.12, "Plan Rows": 215, "Plan Width": 4, "Plans": [{"Node Type": "Seq Scan", "Parent Relationship": "Outer", "Parallel Aware": true, "Async Capable": false, "Relation Name": "date_dim", "Alias": "date_dim", "Startup Cost": 0.0, "Total Cost": 1961.12, "Plan Rows": 215, "Plan Width": 4, "Filter": "(d_year = 2002)"}]}]}, {"Node Type": "Index Scan", "Parent Relationship": "Inner", "Parallel Aware": false, "Async Capable": false, "Scan Direction": "Forward", "Index Name": "customer_demographics_pkey", "Relation Name": "customer_demographics", "Alias": "customer_demographics", "Startup Cost": 0.43, "Total Cost": 0.46, "Plan Rows": 1, "Plan Width": 4, "Index Cond": "(cd_demo_sk = store_sales.ss_cdemo_sk)", "Filter": "((cd_gender = 'F'::bpchar) AND (cd_marital_status = 'W'::bpchar) AND (cd_education_status = 'Primary'::bpchar))"}]}, {"Node Type": "Index Scan", "Parent Relationship": "Inner", "Parallel Aware": false, "Async Capable": false, "Scan Direction": "Forward", "Index Name": "item_pkey", "Relation Name": "item", "Alias": "item", "Startup Cost": 0.29, "Total Cost": 0.31, "Plan Rows": 1, "Plan Width": 4, "Index Cond": "(i_item_sk = store_sales.ss_item_sk)"}]}, {"Node Type": "Hash", "Parent Relationship": "Inner", "Parallel Aware": false, "Async Capable": false, "Startup Cost": 20.5, "Total Cost": 20.5, "Plan Rows": 500, "Plan Width": 4, "Plans": [{"Node Type": "Seq Scan", "Parent Relationship": "Outer", "Parallel Aware": false, "Async Capable": false, "Relation Name": "promotion", "Alias": "promotion", "Startup Cost": 0.0, "Total Cost": 20.5, "Plan Rows": 500, "Plan Width": 4, "Filter": "((p_channel_email = 'N'::bpchar) OR (p_channel_event = 'N'::bpchar))"}]}]}]}]}]}}, {"Plan": {"Node Type": "Aggregate", "Strategy": "Plain", "Partial Mode": "Finalize", "Parallel Aware": false, "Async Capable": false, "Startup Cost": 3361345.51, "Total Cost": 3361345.52, "Plan Rows": 1, "Plan Width": 8, "Plans": [{"Node Type": "Gather", "Parent Relationship": "Outer", "Parallel Aware": false, "Async Capable": false, "Startup Cost": 3361344.88, "Total Cost": 3361345.49, "Plan Rows": 6, "Plan Width": 8, "Workers Planned": 6, "Single Copy": false, "Plans": [{"Node Type": "Aggregate", "Strategy": "Plain", "Partial Mode": "Partial", "Parent Relationship": "Outer", "Parallel Aware": false, "Async Capable": false, "Startup Cost": 3360344.88, "Total Cost": 3360344.89, "Plan Rows": 1, "Plan Width": 8, "Plans": [{"Node Type": "Merge Join", "Parent Relationship": "Outer", "Parallel Aware": false, "Async Capable": false, "Join Type": "Inner", "Startup Cost": 3360295.78, "Total Cost": 3360344.01, "Plan Rows": 347, "Plan Width": 0, "Inner Unique": true, "Merge Cond": "(store_sales.ss_promo_sk = promotion.p_promo_sk)", "Plans": [{"Node Type": "Sort", "Parent Relationship": "Outer", "Parallel Aware": false, "Async Capable": false, "Startup Cost": 3360295.51, "Total Cost": 3360296.38, "Plan Rows": 347, "Plan Width": 4, "Sort Key": ["store_sales.ss_promo_sk"], "Plans": [{"Node Type": "Merge Join", "Parent Relationship": "Outer", "Parallel Aware": false, "Async Capable": false, "Join Type": "Inner", "Startup Cost": 3357326.55, "Total Cost": 3360280.87, "Plan Rows": 347, "Plan Width": 4, "Inner Unique": true, "Merge Cond": "(store_sales.ss_item_sk = item.i_item_sk)", "Plans": [{"Node Type": "Sort", "Parent Relationship": "Outer", "Parallel Aware": false, "Async Capable": false, "Startup Cost": 3357326.26, "Total Cost": 3357327.13, "Plan Rows": 347, "Plan Width": 8, "Sort Key": ["store_sales.ss_item_sk"], "Plans": [{"Node Type": "Merge Join", "Parent Relationship": "Outer", "Parallel Aware": false, "Async Capable": false, "Join Type": "Inner", "Startup Cost": 3270975.27, "Total Cost": 3357311.62, "Plan Rows": 347, "Plan Width": 8, "Inner Unique": true, "Merge Cond": "(store_sales.ss_cdemo_sk = customer_demographics.cd_demo_sk)", "Plans": [{"Node Type": "Sort", "Parent Relationship": "Outer", "Parallel Aware": false, "Async Capable": false, "Startup Cost": 3270974.83, "Total Cost": 3271034.8, "Plan Rows": 23985, "Plan Width": 12, "Sort Key": ["store_sales.ss_cdemo_sk"], "Plans": [{"Node Type": "Merge Join", "Parent Relationship": "Outer", "Parallel Aware": false, "Async Capable": false, "Join Type": "Inner", "Startup Cost": 3244913.36, "Total Cost": 3269229.94, "Plan Rows": 23985, "Plan Width": 12, "Inner Unique": true, "Merge Cond": "(store_sales.ss_sold_date_sk = date_dim.d_date_sk)", "Plans": [{"Node Type": "Sort", "Parent Relationship": "Outer", "Parallel Aware": false, "Async Capable": false, "Startup Cost": 3243189.64, "Total Cost": 3255190.06, "Plan Rows": 4800169, "Plan Width": 16, "Sort Key": ["store_sales.ss_sold_date_sk"], "Plans": [{"Node Type": "Index Scan", "Parent Relationship": "Outer", "Parallel Aware": true, "Async Capable": false, "Scan Direction": "Forward", "Index Name": "store_sales_pkey", "Relation Name": "store_sales", "Alias": "store_sales", "Startup Cost": 0.44, "Total Cost": 2710499.19, "Plan Rows": 4800169, "Plan Width": 16}]}, {"Node Type": "Index Scan", "Parent Relationship": "Inner", "Parallel Aware": false, "Async Capable": false, "Scan Direction": "Forward", "Index Name": "date_dim_pkey", "Relation Name": "date_dim", "Alias": "date_dim", "Startup Cost": 0.29, "Total Cost": 3513.65, "Plan Rows": 365, "Plan Width": 4, "Filter": "(d_year = 2002)"}]}]}, {"Node Type": "Index Scan", "Parent Relationship": "Inner", "Parallel Aware": false, "Async Capable": false, "Scan Direction": "Forward", "Index Name": "customer_demographics_pkey", "Relation Name": "customer_demographics", "Alias": "customer_demographics", "Startup Cost": 0.43, "Total Cost": 86149.43, "Plan Rows": 27788, "Plan Width": 4, "Filter": "((cd_gender = 'F'::bpchar) AND (cd_marital_status = 'W'::bpchar) AND (cd_education_status = 'Primary'::bpchar))"}]}]}, {"Node Type": "Index Only Scan", "Parent Relationship": "Inner", "Parallel Aware": false, "Async Capable": false, "Scan Direction": "Forward", "Index Name": "item_pkey", "Relation Name": "item", "Alias": "item", "Startup Cost": 0.29, "Total Cost": 2694.4, "Plan Rows": 102000, "Plan Width": 4}]}]}, {"Node Type": "Index Scan", "Parent Relationship": "Inner", "Parallel Aware": false, "Async Capable": false, "Scan Direction": "Forward", "Index Name": "promotion_pkey", "Relation Name": "promotion", "Alias": "promotion", "Startup Cost": 0.27, "Total Cost": 42.27, "Plan Rows": 500, "Plan Width": 4, "Filter": "((p_channel_email = 'N'::bpchar) OR (p_channel_event = 'N'::bpchar))"}]}]}]}]}}, {"Plan": {"Node Type": "Aggregate", "Strategy": "Plain", "Partial Mode": "Finalize", "Parallel Aware": false, "Async Capable": false, "Startup Cost": 1753702.43, "Total Cost": 1753702.44, "Plan Rows": 1, "Plan Width": 8, "Plans": [{"Node Type": "Gather", "Parent Relationship": "Outer", "Parallel Aware": false, "Async Capable": false, "Startup Cost": 1753702.21, "Total Cost": 1753702.42, "Plan Rows": 2, "Plan Width": 8, "Workers Planned": 2, "Single Copy": false, "Plans": [{"Node Type": "Aggregate", "Strategy": "Plain", "Partial Mode": "Partial", "Parent Relationship": "Outer", "Parallel Aware": false, "Async Capable": false, "Startup Cost": 1752702.21, "Total Cost": 1752702.22, "Plan Rows": 1, "Plan Width": 8, "Plans": [{"Node Type": "Merge Join", "Parent Relationship": "Outer", "Parallel Aware": false, "Async Capable": false, "Join Type": "Inner", "Startup Cost": 1752644.34, "Total Cost": 1752700.04, "Plan Rows": 868, "Plan Width": 0, "Inner Unique": true, "Merge Cond": "(store_sales.ss_promo_sk = promotion.p_promo_sk)", "Plans": [{"Node Type": "Sort", "Parent Relationship": "Outer", "Parallel Aware": false, "Async Capable": false, "Startup Cost": 1752644.07, "Total Cost": 1752646.24, "Plan Rows": 868, "Plan Width": 4, "Sort Key": ["store_sales.ss_promo_sk"], "Plans": [{"Node Type": "Nested Loop", "Parent Relationship": "Outer", "Parallel Aware": false, "Async Capable": false, "Join Type": "Inner", "Startup Cost": 1.46, "Total Cost": 1752601.7, "Plan Rows": 868, "Plan Width": 4, "Inner Unique": true, "Plans": [{"Node Type": "Nested Loop", "Parent Relationship": "Outer", "Parallel Aware": false, "Async Capable": false, "Join Type": "Inner", "Startup Cost": 1.03, "Total Cost": 1725243.02, "Plan Rows": 59962, "Plan Width": 8, "Inner Unique": true, "Plans": [{"Node Type": "Nested Loop", "Parent Relationship": "Outer", "Parallel Aware": false, "Async Capable": false, "Join Type": "Inner", "Startup Cost": 0.73, "Total Cost": 1424664.4, "Plan Rows": 12000422, "Plan Width": 12, "Inner Unique": false, "Plans": [{"Node Type": "Index Only Scan", "Parent Relationship": "Outer", "Parallel Aware": true, "Async Capable": false, "Scan Direction": "Forward", "Index Name": "item_pkey", "Relation Name": "item", "Alias": "item", "Startup Cost": 0.29, "Total Cost": 2099.4, "Plan Rows": 42500, "Plan Width": 4}, {"Node Type": "Index Scan", "Parent Relationship": "Inner", "Parallel Aware": false, "Async Capable": false, "Scan Direction": "Forward", "Index Name": "store_sales_pkey", "Relation Name": "store_sales", "Alias": "store_sales", "Startup Cost": 0.44, "Total Cost": 30.36, "Plan Rows": 311, "Plan Width": 16, "Index Cond": "(ss_item_sk = item.i_item_sk)"}]}, {"Node Type": "Memoize", "Parent Relationship": "Inner", "Parallel Aware": false, "Async Capable": false, "Startup Cost": 0.3, "Total Cost": 0.32, "Plan Rows": 1, "Plan Width": 4, "Cache Key": "store_sales.ss_sold_date_sk", "Cache Mode": "logical", "Plans": [{"Node Type": "Index Scan", "Parent Relationship": "Outer", "Parallel Aware": false, "Async Capable": false, "Scan Direction": "Forward", "Index Name": "date_dim_pkey", "Relation Name": "date_dim", "Alias": "date_dim", "Startup Cost": 0.29, "Total Cost": 0.31, "Plan Rows": 1, "Plan Width": 4, "Index Cond": "(d_date_sk = store_sales.ss_sold_date_sk)", "Filter": "(d_year = 2002)"}]}]}, {"Node Type": "Index Scan", "Parent Relationship": "Inner", "Parallel Aware": false, "Async Capable": false, "Scan Direction": "Forward", "Index Name": "customer_demographics_pkey", "Relation Name": "customer_demographics", "Alias": "customer_demographics", "Startup Cost": 0.43, "Total Cost": 0.46, "Plan Rows": 1, "Plan Width": 4, "Index Cond": "(cd_demo_sk = store_sales.ss_cdemo_sk)", "Filter": "((cd_gender = 'F'::bpchar) AND (cd_marital_status = 'W'::bpchar) AND (cd_education_status = 'Primary'::bpchar))"}]}]}, {"Node Type": "Index Scan", "Parent Relationship": "Inner", "Parallel Aware": false, "Async Capable": false, "Scan Direction": "Forward", "Index Name": "promotion_pkey", "Relation Name": "promotion", "Alias": "promotion", "Startup Cost": 0.27, "Total Cost": 42.27, "Plan Rows": 500, "Plan Width": 4, "Filter": "((p_channel_email = 'N'::bpchar) OR (p_channel_event = 'N'::bpchar))"}]}]}]}]}}, {"Plan": {"Node Type": "Aggregate", "Strategy": "Plain", "Partial Mode": "Finalize", "Parallel Aware": false, "Async Capable": false, "Startup Cost": 698141.06, "Total Cost": 698141.07, "Plan Rows": 1, "Plan Width": 8, "Plans": [{"Node Type": "Gather", "Parent Relationship": "Outer", "Parallel Aware": false, "Async Capable": false, "Startup Cost": 698140.44, "Total Cost": 698141.05, "Plan Rows": 6, "Plan Width": 8, "Workers Planned": 6, "Single Copy": false, "Plans": [{"Node Type": "Aggregate", "Strategy": "Plain", "Partial Mode": "Partial", "Parent Relationship": "Outer", "Parallel Aware": false, "Async Capable": false, "Startup Cost": 697140.44, "Total Cost": 697140.45, "Plan Rows": 1, "Plan Width": 8, "Plans": [{"Node Type": "Merge Join", "Parent Relationship": "Outer", "Parallel Aware": false, "Async Capable": false, "Join Type": "Inner", "Startup Cost": 697132.09, "Total Cost": 697139.57, "Plan Rows": 347, "Plan Width": 0, "Inner Unique": true, "Merge Cond": "(store_sales.ss_promo_sk = promotion.p_promo_sk)", "Plans": [{"Node Type": "Sort", "Parent Relationship": "Outer", "Parallel Aware": false, "Async Capable": false, "Startup Cost": 697089.17, "Total Cost": 697090.04, "Plan Rows": 347, "Plan Width": 4, "Sort Key": ["store_sales.ss_promo_sk"], "Plans": [{"Node Type": "Nested Loop", "Parent Relationship": "Outer", "Parallel Aware": false, "Async Capable": false, "Join Type": "Inner", "Startup Cost": 1.02, "Total Cost": 697074.53, "Plan Rows": 347, "Plan Width": 4, "Inner Unique": true, "Plans": [{"Node Type": "Nested Loop", "Parent Relationship": "Outer", "Parallel Aware": false, "Async Capable": false, "Join Type": "Inner", "Startup Cost": 0.73, "Total Cost": 696966.95, "Plan Rows": 347, "Plan Width": 8, "Inner Unique": true, "Plans": [{"Node Type": "Nested Loop", "Parent Relationship": "Outer", "Parallel Aware": false, "Async Capable": false, "Join Type": "Inner", "Startup Cost": 0.3, "Total Cost": 686023.38, "Plan Rows": 23985, "Plan Width": 12, "Inner Unique": true, "Plans": [{"Node Type": "Seq Scan", "Parent Relationship": "Outer", "Parallel Aware": true, "Async Capable": false, "Relation Name": "store_sales", "Alias": "store_sales", "Startup Cost": 0.0, "Total Cost": 565449.69, "Plan Rows": 4800169, "Plan Width": 16}, {"Node Type": "Memoize", "Parent Relationship": "Inner", "Parallel Aware": false, "Async Capable": false, "Startup Cost": 0.3, "Total Cost": 0.32, "Plan Rows": 1, "Plan Width": 4, "Cache Key": "store_sales.ss_sold_date_sk", "Cache Mode": "logical", "Plans": [{"Node Type": "Index Scan", "Parent Relationship": "Outer", "Parallel Aware": false, "Async Capable": false, "Scan Direction": "Forward", "Index Name": "date_dim_pkey", "Relation Name": "date_dim", "Alias": "date_dim", "Startup Cost": 0.29, "Total Cost": 0.31, "Plan Rows": 1, "Plan Width": 4, "Index Cond": "(d_date_sk = store_sales.ss_sold_date_sk)", "Filter": "(d_year = 2002)"}]}]}, {"Node Type": "Index Scan", "Parent Relationship": "Inner", "Parallel Aware": false, "Async Capable": false, "Scan Direction": "Forward", "Index Name": "customer_demographics_pkey", "Relation Name": "customer_demographics", "Alias": "customer_demographics", "Startup Cost": 0.43, "Total Cost": 0.46, "Plan Rows": 1, "Plan Width": 4, "Index Cond": "(cd_demo_sk = store_sales.ss_cdemo_sk)", "Filter": "((cd_gender = 'F'::bpchar) AND (cd_marital_status = 'W'::bpchar) AND (cd_education_status = 'Primary'::bpchar))"}]}, {"Node Type": "Index Only Scan", "Parent Relationship": "Inner", "Parallel Aware": false, "Async Capable": false, "Scan Direction": "Forward", "Index Name": "item_pkey", "Relation Name": "item", "Alias": "item", "Startup Cost": 0.29, "Total Cost": 0.31, "Plan Rows": 1, "Plan Width": 4, "Index Cond": "(i_item_sk = store_sales.ss_item_sk)"}]}]}, {"Node Type": "Sort", "Parent Relationship": "Inner", "Parallel Aware": false, "Async Capable": false, "Startup Cost": 42.91, "Total Cost": 44.16, "Plan Rows": 500, "Plan Width": 4, "Sort Key": ["promotion.p_promo_sk"], "Plans": [{"Node Type": "Seq Scan", "Parent Relationship": "Outer", "Parallel Aware": false, "Async Capable": false, "Relation Name": "promotion", "Alias": "promotion", "Startup Cost": 0.0, "Total Cost": 20.5, "Plan Rows": 500, "Plan Width": 4, "Filter": "((p_channel_email = 'N'::bpchar) OR (p_channel_event = 'N'::bpchar))"}]}]}]}]}]}}, {"Plan": {"Node Type": "Aggregate", "Strategy": "Plain", "Partial Mode": "Finalize", "Parallel Aware": false, "Async Capable": false, "Startup Cost": 1188282.2, "Total Cost": 1188282.21, "Plan Rows": 1, "Plan Width": 8, "Plans": [{"Node Type": "Gather", "Parent Relationship": "Outer", "Parallel Aware": false, "Async Capable": false, "Startup Cost": 1188281.58, "Total Cost": 1188282.19, "Plan Rows": 6, "Plan Width": 8, "Workers Planned": 6, "Single Copy": false, "Plans": [{"Node Type": "Aggregate", "Strategy": "Plain", "Partial Mode": "Partial", "Parent Relationship": "Outer", "Parallel Aware": false, "Async Capable": false, "Startup Cost": 1187281.58, "Total Cost": 1187281.59, "Plan Rows": 1, "Plan Width": 8, "Plans": [{"Node Type": "Merge Join", "Parent Relationship": "Outer", "Parallel Aware": false, "Async Capable": false, "Join Type": "Inner", "Startup Cost": 1187273.23, "Total Cost": 1187280.71, "Plan Rows": 347, "Plan Width": 0, "Inner Unique": true, "Merge Cond": "(store_sales.ss_promo_sk = promotion.p_promo_sk)", "Plans": [{"Node Type": "Sort", "Parent Relationship": "Outer", "Parallel Aware": false, "Async Capable": false, "Startup Cost": 1187230.31, "Total Cost": 1187231.18, "Plan Rows": 347, "Plan Width": 4, "Sort Key": ["store_sales.ss_promo_sk"], "Plans": [{"Node Type": "Merge Join", "Parent Relationship": "Outer", "Parallel Aware": false, "Async Capable": false, "Join Type": "Inner", "Startup Cost": 1184261.36, "Total Cost": 1187215.67, "Plan Rows": 347, "Plan Width": 4, "Inner Unique": true, "Merge Cond": "(store_sales.ss_item_sk = item.i_item_sk)", "Plans": [{"Node Type": "Sort", "Parent Relationship": "Outer", "Parallel Aware": false, "Async Capable": false, "Startup Cost": 1184261.06, "Total Cost": 1184261.93, "Plan Rows": 347, "Plan Width": 8, "Sort Key": ["store_sales.ss_item_sk"], "Plans": [{"Node Type": "Merge Join", "Parent Relationship": "Outer", "Parallel Aware": false, "Async Capable": false, "Join Type": "Inner", "Startup Cost": 1183989.6, "Total Cost": 1184246.42, "Plan Rows": 347, "Plan Width": 8, "Inner Unique": true, "Merge Cond": "(store_sales.ss_cdemo_sk = customer_demographics.cd_demo_sk)", "Plans": [{"Node Type": "Sort", "Parent Relationship": "Outer", "Parallel Aware": false, "Async Capable": false, "Startup Cost": 1126468.54, "Total Cost": 1126528.5, "Plan Rows": 23985, "Plan Width": 12, "Sort Key": ["store_sales.ss_cdemo_sk"], "Plans": [{"Node Type": "Merge Join", "Parent Relationship": "Outer", "Parallel Aware": false, "Async Capable": false, "Join Type": "Inner", "Startup Cost": 1100493.68, "Total Cost": 1124723.65, "Plan Rows": 23985, "Plan Width": 12, "Inner Unique": true, "Merge Cond": "(store_sales.ss_sold_date_sk = date_dim.d_date_sk)", "Plans": [{"Node Type": "Sort", "Parent Relationship": "Outer", "Parallel Aware": false, "Async Capable": false, "Startup Cost": 1098140.13, "Total Cost": 1110140.56, "Plan Rows": 4800169, "Plan Width": 16, "Sort Key": ["store_sales.ss_sold_date_sk"], "Plans": [{"Node Type": "Seq Scan", "Parent Relationship": "Outer", "Parallel Aware": true, "Async Capable": false, "Relation Name": "store_sales", "Alias": "store_sales", "Startup Cost": 0.0, "Total Cost": 565449.69, "Plan Rows": 4800169, "Plan Width": 16}]}, {"Node Type": "Sort", "Parent Relationship": "Inner", "Parallel Aware": false, "Async Capable": false, "Startup Cost": 2352.65, "Total Cost": 2353.56, "Plan Rows": 365, "Plan Width": 4, "Sort Key": ["date_dim.d_date_sk"], "Plans": [{"Node Type": "Seq Scan", "Parent Relationship": "Outer", "Parallel Aware": false, "Async Capable": false, "Relation Name": "date_dim", "Alias": "date_dim", "Startup Cost": 0.0, "Total Cost": 2337.11, "Plan Rows": 365, "Plan Width": 4, "Filter": "(d_year = 2002)"}]}]}]}, {"Node Type": "Sort", "Parent Relationship": "Inner", "Parallel Aware": false, "Async Capable": false, "Startup Cost": 57521.06, "Total Cost": 57590.53, "Plan Rows": 27788, "Plan Width": 4, "Sort Key": ["customer_demographics.cd_demo_sk"], "Plans": [{"Node Type": "Seq Scan", "Parent Relationship": "Outer", "Parallel Aware": false, "Async Capable": false, "Relation Name": "customer_demographics", "Alias": "customer_demographics", "Startup Cost": 0.0, "Total Cost": 55470.0, "Plan Rows": 27788, "Plan Width": 4, "Filter": "((cd_gender = 'F'::bpchar) AND (cd_marital_status = 'W'::bpchar) AND (cd_education_status = 'Primary'::bpchar))"}]}]}]}, {"Node Type": "Index Only Scan", "Parent Relationship": "Inner", "Parallel Aware": false, "Async Capable": false, "Scan Direction": "Forward", "Index Name": "item_pkey", "Relation Name": "item", "Alias": "item", "Startup Cost": 0.29, "Total Cost": 2694.4, "Plan Rows": 102000, "Plan Width": 4}]}]}, {"Node Type": "Sort", "Parent Relationship": "Inner", "Parallel Aware": false, "Async Capable": false, "Startup Cost": 42.91, "Total Cost": 44.16, "Plan Rows": 500, "Plan Width": 4, "Sort Key": ["promotion.p_promo_sk"], "Plans": [{"Node Type": "Seq Scan", "Parent Relationship": "Outer", "Parallel Aware": false, "Async Capable": false, "Relation Name": "promotion", "Alias": "promotion", "Startup Cost": 0.0, "Total Cost": 20.5, "Plan Rows": 500, "Plan Width": 4, "Filter": "((p_channel_email = 'N'::bpchar) OR (p_channel_event = 'N'::bpchar))"}]}]}]}]}]}}, {"Plan": {"Node Type": "Aggregate", "Strategy": "Plain", "Partial Mode": "Finalize", "Parallel Aware": false, "Async Capable": false, "Startup Cost": 1753773.35, "Total Cost": 1753773.36, "Plan Rows": 1, "Plan Width": 8, "Plans": [{"Node Type": "Gather", "Parent Relationship": "Outer", "Parallel Aware": false, "Async Capable": false, "Startup Cost": 1753773.14, "Total Cost": 1753773.35, "Plan Rows": 2, "Plan Width": 8, "Workers Planned": 2, "Single Copy": false, "Plans": [{"Node Type": "Aggregate", "Strategy": "Plain", "Partial Mode": "Partial", "Parent Relationship": "Outer", "Parallel Aware": false, "Async Capable": false, "Startup Cost": 1752773.14, "Total Cost": 1752773.15, "Plan Rows": 1, "Plan Width": 8, "Plans": [{"Node Type": "Nested Loop", "Parent Relationship": "Outer", "Parallel Aware": false, "Async Capable": false, "Join Type": "Inner", "Startup Cost": 1.74, "Total Cost": 1752770.97, "Plan Rows": 868, "Plan Width": 0, "Inner Unique": true, "Plans": [{"Node Type": "Nested Loop", "Parent Relationship": "Outer", "Parallel Aware": false, "Async Capable": false, "Join Type": "Inner", "Startup Cost": 1.46, "Total Cost": 1752601.7, "Plan Rows": 868, "Plan Width": 4, "Inner Unique": true, "Plans": [{"Node Type": "Nested Loop", "Parent Relationship": "Outer", "Parallel Aware": false, "Async Capable": false, "Join Type": "Inner", "Startup Cost": 1.03, "Total Cost": 1725243.02, "Plan Rows": 59962, "Plan Width": 8, "Inner Unique": true, "Plans": [{"Node Type": "Nested Loop", "Parent Relationship": "Outer", "Parallel Aware": false, "Async Capable": false, "Join Type": "Inner", "Startup Cost": 0.73, "Total Cost": 1424664.4, "Plan Rows": 12000422, "Plan Width": 12, "Inner Unique": false, "Plans": [{"Node Type": "Index Only Scan", "Parent Relationship": "Outer", "Parallel Aware": true, "Async Capable": false, "Scan Direction": "Forward", "Index Name": "item_pkey", "Relation Name": "item", "Alias": "item", "Startup Cost": 0.29, "Total Cost": 2099.4, "Plan Rows": 42500, "Plan Width": 4}, {"Node Type": "Index Scan", "Parent Relationship": "Inner", "Parallel Aware": false, "Async Capable": false, "Scan Direction": "Forward", "Index Name": "store_sales_pkey", "Relation Name": "store_sales", "Alias": "store_sales", "Startup Cost": 0.44, "Total Cost": 30.36, "Plan Rows": 311, "Plan Width": 16, "Index Cond": "(ss_item_sk = item.i_item_sk)"}]}, {"Node Type": "Memoize", "Parent Relationship": "Inner", "Parallel Aware": false, "Async Capable": false, "Startup Cost": 0.3, "Total Cost": 0.32, "Plan Rows": 1, "Plan Width": 4, "Cache Key": "store_sales.ss_sold_date_sk", "Cache Mode": "logical", "Plans": [{"Node Type": "Index Scan", "Parent Relationship": "Outer", "Parallel Aware": false, "Async Capable": false, "Scan Direction": "Forward", "Index Name": "date_dim_pkey", "Relation Name": "date_dim", "Alias": "date_dim", "Startup Cost": 0.29, "Total Cost": 0.31, "Plan Rows": 1, "Plan Width": 4, "Index Cond": "(d_date_sk = store_sales.ss_sold_date_sk)", "Filter": "(d_year = 2002)"}]}]}, {"Node Type": "Index Scan", "Parent Relationship": "Inner", "Parallel Aware": false, "Async Capable": false, "Scan Direction": "Forward", "Index Name": "customer_demographics_pkey", "Relation Name": "customer_demographics", "Alias": "customer_demographics", "Startup Cost": 0.43, "Total Cost": 0.46, "Plan Rows": 1, "Plan Width": 4, "Index Cond": "(cd_demo_sk = store_sales.ss_cdemo_sk)", "Filter": "((cd_gender = 'F'::bpchar) AND (cd_marital_status = 'W'::bpchar) AND (cd_education_status = 'Primary'::bpchar))"}]}, {"Node Type": "Memoize", "Parent Relationship": "Inner", "Parallel Aware": false, "Async Capable": false, "Startup Cost": 0.28, "Total Cost": 0.31, "Plan Rows": 1, "Plan Width": 4, "Cache Key": "store_sales.ss_promo_sk", "Cache Mode": "logical", "Plans": [{"Node Type": "Index Scan", "Parent Relationship": "Outer", "Parallel Aware": false, "Async Capable": false, "Scan Direction": "Forward", "Index Name": "promotion_pkey", "Relation Name": "promotion", "Alias": "promotion", "Startup Cost": 0.27, "Total Cost": 0.3, "Plan Rows": 1, "Plan Width": 4, "Index Cond": "(p_promo_sk = store_sales.ss_promo_sk)", "Filter": "((p_channel_email = 'N'::bpchar) OR (p_channel_event = 'N'::bpchar))"}]}]}]}]}]}}, {"Plan": {"Node Type": "Aggregate", "Strategy": "Plain", "Partial Mode": "Finalize", "Parallel Aware": false, "Async Capable": false, "Startup Cost": 698178.37, "Total Cost": 698178.38, "Plan Rows": 1, "Plan Width": 8, "Plans": [{"Node Type": "Gather", "Parent Relationship": "Outer", "Parallel Aware": false, "Async Capable": false, "Startup Cost": 698177.74, "Total Cost": 698178.35, "Plan Rows": 6, "Plan Width": 8, "Workers Planned": 6, "Single Copy": false, "Plans": [{"Node Type": "Aggregate", "Strategy": "Plain", "Partial Mode": "Partial", "Parent Relationship": "Outer", "Parallel Aware": false, "Async Capable": false, "Startup Cost": 697177.74, "Total Cost": 697177.75, "Plan Rows": 1, "Plan Width": 8, "Plans": [{"Node Type": "Nested Loop", "Parent Relationship": "Outer", "Parallel Aware": false, "Async Capable": false, "Join Type": "Inner", "Startup Cost": 1.29, "Total Cost": 697176.88, "Plan Rows": 347, "Plan Width": 0, "Inner Unique": true, "Plans": [{"Node Type": "Nested Loop", "Parent Relationship": "Outer", "Parallel Aware": false, "Async Capable": false, "Join Type": "Inner", "Startup Cost": 1.02, "Total Cost": 697074.53, "Plan Rows": 347, "Plan Width": 4, "Inner Unique": true, "Plans": [{"Node Type": "Nested Loop", "Parent Relationship": "Outer", "Parallel Aware": false, "Async Capable": false, "Join Type": "Inner", "Startup Cost": 0.73, "Total Cost": 696966.95, "Plan Rows": 347, "Plan Width": 8, "Inner Unique": true, "Plans": [{"Node Type": "Nested Loop", "Parent Relationship": "Outer", "Parallel Aware": false, "Async Capable": false, "Join Type": "Inner", "Startup Cost": 0.3, "Total Cost": 686023.38, "Plan Rows": 23985, "Plan Width": 12, "Inner Unique": true, "Plans": [{"Node Type": "Seq Scan", "Parent Relationship": "Outer", "Parallel Aware": true, "Async Capable": false, "Relation Name": "store_sales", "Alias": "store_sales", "Startup Cost": 0.0, "Total Cost": 565449.69, "Plan Rows": 4800169, "Plan Width": 16}, {"Node Type": "Memoize", "Parent Relationship": "Inner", "Parallel Aware": false, "Async Capable": false, "Startup Cost": 0.3, "Total Cost": 0.32, "Plan Rows": 1, "Plan Width": 4, "Cache Key": "store_sales.ss_sold_date_sk", "Cache Mode": "logical", "Plans": [{"Node Type": "Index Scan", "Parent Relationship": "Outer", "Parallel Aware": false, "Async Capable": false, "Scan Direction": "Forward", "Index Name": "date_dim_pkey", "Relation Name": "date_dim", "Alias": "date_dim", "Startup Cost": 0.29, "Total Cost": 0.31, "Plan Rows": 1, "Plan Width": 4, "Index Cond": "(d_date_sk = store_sales.ss_sold_date_sk)", "Filter": "(d_year = 2002)"}]}]}, {"Node Type": "Index Scan", "Parent Relationship": "Inner", "Parallel Aware": false, "Async Capable": false, "Scan Direction": "Forward", "Index Name": "customer_demographics_pkey", "Relation Name": "customer_demographics", "Alias": "customer_demographics", "Startup Cost": 0.43, "Total Cost": 0.46, "Plan Rows": 1, "Plan Width": 4, "Index Cond": "(cd_demo_sk = store_sales.ss_cdemo_sk)", "Filter": "((cd_gender = 'F'::bpchar) AND (cd_marital_status = 'W'::bpchar) AND (cd_education_status = 'Primary'::bpchar))"}]}, {"Node Type": "Index Only Scan", "Parent Relationship": "Inner", "Parallel Aware": false, "Async Capable": false, "Scan Direction": "Forward", "Index Name": "item_pkey", "Relation Name": "item", "Alias": "item", "Startup Cost": 0.29, "Total Cost": 0.31, "Plan Rows": 1, "Plan Width": 4, "Index Cond": "(i_item_sk = store_sales.ss_item_sk)"}]}, {"Node Type": "Index Scan", "Parent Relationship": "Inner", "Parallel Aware": false, "Async Capable": false, "Scan Direction": "Forward", "Index Name": "promotion_pkey", "Relation Name": "promotion", "Alias": "promotion", "Startup Cost": 0.27, "Total Cost": 0.3, "Plan Rows": 1, "Plan Width": 4, "Index Cond": "(p_promo_sk = store_sales.ss_promo_sk)", "Filter": "((p_channel_email = 'N'::bpchar) OR (p_channel_event = 'N'::bpchar))"}]}]}]}]}}, {"Plan": {"Node Type": "Aggregate", "Strategy": "Plain", "Partial Mode": "Simple", "Parallel Aware": false, "Async Capable": false, "Startup Cost": 50003782595.28, "Total Cost": 50003782595.29, "Plan Rows": 1, "Plan Width": 8, "Plans": [{"Node Type": "Merge Join", "Parent Relationship": "Outer", "Parallel Aware": false, "Async Capable": false, "Join Type": "Inner", "Startup Cost": 50003782516.98, "Total Cost": 50003782590.08, "Plan Rows": 2082, "Plan Width": 0, "Inner Unique": true, "Merge Cond": "(store_sales.ss_promo_sk = promotion.p_promo_sk)", "Plans": [{"Node Type": "Sort", "Parent Relationship": "Outer", "Parallel Aware": false, "Async Capable": false, "Startup Cost": 40003782516.7, "Total Cost": 40003782521.91, "Plan Rows": 2082, "Plan Width": 4, "Sort Key": ["store_sales.ss_promo_sk"], "Plans": [{"Node Type": "Merge Join", "Parent Relationship": "Outer", "Parallel Aware": false, "Async Capable": false, "Join Type": "Inner", "Startup Cost": 40003695476.2, "Total Cost": 40003782401.95, "Plan Rows": 2082, "Plan Width": 4, "Inner Unique": true, "Merge Cond": "(store_sales.ss_cdemo_sk = customer_demographics.cd_demo_sk)", "Plans": [{"Node Type": "Sort", "Parent Relationship": "Outer", "Parallel Aware": false, "Async Capable": false, "Startup Cost": 30003695475.75, "Total Cost": 30003695835.52, "Plan Rows": 143908, "Plan Width": 8, "Sort Key": ["store_sales.ss_cdemo_sk"], "Plans": [{"Node Type": "Merge Join", "Parent Relationship": "Outer", "Parallel Aware": false, "Async Capable": false, "Join Type": "Inner", "Startup Cost": 30000000001.04, "Total Cost": 30003683146.59, "Plan Rows": 143908, "Plan Width": 8, "Inner Unique": true, "Merge Cond": "(store_sales.ss_item_sk = item.i_item_sk)", "Plans": [{"Node Type": "Nested Loop", "Parent Relationship": "Outer", "Parallel Aware": false, "Async Capable": false, "Join Type": "Inner", "Startup Cost": 20000000000.75, "Total Cost": 20003678398.33, "Plan Rows": 143908, "Plan Width": 12, "Inner Unique": true, "Plans": [{"Node Type": "Index Scan", "Parent Relationship": "Outer", "Parallel Aware": false, "Async Capable": false, "Scan Direction": "Forward", "Index Name": "store_sales_pkey", "Relation Name": "store_sales", "Alias": "store_sales", "Startup Cost": 10000000000.44, "Total Cost": 10002950507.64, "Plan Rows": 28801014, "Plan Width": 16}, {"Node Type": "Memoize", "Parent Relationship": "Inner", "Parallel Aware": false, "Async Capable": false, "Startup Cost": 0.31, "Total Cost": 4.33, "Plan Rows": 1, "Plan Width": 4, "Cache Key": "store_sales.ss_sold_date_sk", "Cache Mode": "logical", "Plans": [{"Node Type": "Bitmap Heap Scan", "Parent Relationship": "Outer", "Parallel Aware": false, "Async Capable": false, "Relation Name": "date_dim", "Alias": "date_dim", "Startup Cost": 0.3, "Total Cost": 4.32, "Plan Rows": 1, "Plan Width": 4, "Recheck Cond": "(d_date_sk = store_sales.ss_sold_date_sk)", "Filter": "(d_year = 2002)", "Plans": [{"Node Type": "Bitmap Index Scan", "Parent Relationship": "Outer", "Parallel Aware": false, "Async Capable": false, "Index Name": "date_dim_pkey", "Startup Cost": 0.0, "Total Cost": 0.3, "Plan Rows": 1, "Plan Width": 0, "Index Cond": "(d_date_sk = store_sales.ss_sold_date_sk)"}]}]}]}, {"Node Type": "Index Only Scan", "Parent Relationship": "Inner", "Parallel Aware": false, "Async Capable": false, "Scan Direction": "Forward", "Index Name": "item_pkey", "Relation Name": "item", "Alias": "item", "Startup Cost": 10000000000.29, "Total Cost": 10000002694.4, "Plan Rows": 102000, "Plan Width": 4}]}]}, {"Node Type": "Index Scan", "Parent Relationship": "Inner", "Parallel Aware": false, "Async Capable": false, "Scan Direction": "Forward", "Index Name": "customer_demographics_pkey", "Relation Name": "customer_demographics", "Alias": "customer_demographics", "Startup Cost": 10000000000.43, "Total Cost": 10000086149.43, "Plan Rows": 27788, "Plan Width": 4, "Filter": "((cd_gender = 'F'::bpchar) AND (cd_marital_status = 'W'::bpchar) AND (cd_education_status = 'Primary'::bpchar))"}]}]}, {"Node Type": "Index Scan", "Parent Relationship": "Inner", "Parallel Aware": false, "Async Capable": false, "Scan Direction": "Forward", "Index Name": "promotion_pkey", "Relation Name": "promotion", "Alias": "promotion", "Startup Cost": 10000000000.27, "Total Cost": 10000000042.27, "Plan Rows": 500, "Plan Width": 4, "Filter": "((p_channel_email = 'N'::bpchar) OR (p_channel_event = 'N'::bpchar))"}]}]}}, {"Plan": {"Node Type": "Aggregate", "Strategy": "Plain", "Partial Mode": "Finalize", "Parallel Aware": false, "Async Capable": false, "Startup Cost": 755409.78, "Total Cost": 755409.79, "Plan Rows": 1, "Plan Width": 8, "Plans": [{"Node Type": "Gather", "Parent Relationship": "Outer", "Parallel Aware": false, "Async Capable": false, "Startup Cost": 755409.16, "Total Cost": 755409.77, "Plan Rows": 6, "Plan Width": 8, "Workers Planned": 6, "Single Copy": false, "Plans": [{"Node Type": "Aggregate", "Strategy": "Plain", "Partial Mode": "Partial", "Parent Relationship": "Outer", "Parallel Aware": false, "Async Capable": false, "Startup Cost": 754409.16, "Total Cost": 754409.17, "Plan Rows": 1, "Plan Width": 8, "Plans": [{"Node Type": "Merge Join", "Parent Relationship": "Outer", "Parallel Aware": false, "Async Capable": false, "Join Type": "Inner", "Startup Cost": 754400.81, "Total Cost": 754408.29, "Plan Rows": 347, "Plan Width": 0, "Inner Unique": true, "Merge Cond": "(store_sales.ss_promo_sk = promotion.p_promo_sk)", "Plans": [{"Node Type": "Sort", "Parent Relationship": "Outer", "Parallel Aware": false, "Async Capable": false, "Startup Cost": 754357.9, "Total Cost": 754358.76, "Plan Rows": 347, "Plan Width": 4, "Sort Key": ["store_sales.ss_promo_sk"], "Plans": [{"Node Type": "Nested Loop", "Parent Relationship": "Outer", "Parallel Aware": false, "Async Capable": false, "Join Type": "Inner", "Startup Cost": 752590.19, "Total Cost": 754343.25, "Plan Rows": 347, "Plan Width": 4, "Inner Unique": true, "Plans": [{"Node Type": "Merge Join", "Parent Relationship": "Outer", "Parallel Aware": false, "Async Capable": false, "Join Type": "Inner", "Startup Cost": 752589.89, "Total Cost": 752846.72, "Plan Rows": 347, "Plan Width": 8, "Inner Unique": true, "Merge Cond": "(store_sales.ss_cdemo_sk = customer_demographics.cd_demo_sk)", "Plans": [{"Node Type": "Sort", "Parent Relationship": "Outer", "Parallel Aware": false, "Async Capable": false, "Startup Cost": 695068.83, "Total Cost": 695128.79, "Plan Rows": 23985, "Plan Width": 12, "Sort Key": ["store_sales.ss_cdemo_sk"], "Plans": [{"Node Type": "Nested Loop", "Parent Relationship": "Outer", "Parallel Aware": false, "Async Capable": false, "Join Type": "Inner", "Startup Cost": 0.31, "Total Cost": 693323.94, "Plan Rows": 23985, "Plan Width": 12, "Inner Unique": true, "Plans": [{"Node Type": "Seq Scan", "Parent Relationship": "Outer", "Parallel Aware": true, "Async Capable": false, "Relation Name": "store_sales", "Alias": "store_sales", "Startup Cost": 0.0, "Total Cost": 565449.69, "Plan Rows": 4800169, "Plan Width": 16}, {"Node Type": "Memoize", "Parent Relationship": "Inner", "Parallel Aware": false, "Async Capable": false, "Startup Cost": 0.31, "Total Cost": 4.33, "Plan Rows": 1, "Plan Width": 4, "Cache Key": "store_sales.ss_sold_date_sk", "Cache Mode": "logical", "Plans": [{"Node Type": "Bitmap Heap Scan", "Parent Relationship": "Outer", "Parallel Aware": false, "Async Capable": false, "Relation Name": "date_dim", "Alias": "date_dim", "Startup Cost": 0.3, "Total Cost": 4.32, "Plan Rows": 1, "Plan Width": 4, "Recheck Cond": "(d_date_sk = store_sales.ss_sold_date_sk)", "Filter": "(d_year = 2002)", "Plans": [{"Node Type": "Bitmap Index Scan", "Parent Relationship": "Outer", "Parallel Aware": false, "Async Capable": false, "Index Name": "date_dim_pkey", "Startup Cost": 0.0, "Total Cost": 0.3, "Plan Rows": 1, "Plan Width": 0, "Index Cond": "(d_date_sk = store_sales.ss_sold_date_sk)"}]}]}]}]}, {"Node Type": "Sort", "Parent Relationship": "Inner", "Parallel Aware": false, "Async Capable": false, "Startup Cost": 57521.06, "Total Cost": 57590.53, "Plan Rows": 27788, "Plan Width": 4, "Sort Key": ["customer_demographics.cd_demo_sk"], "Plans": [{"Node Type": "Seq Scan", "Parent Relationship": "Outer", "Parallel Aware": false, "Async Capable": false, "Relation Name": "customer_demographics", "Alias": "customer_demographics", "Startup Cost": 0.0, "Total Cost": 55470.0, "Plan Rows": 27788, "Plan Width": 4, "Filter": "((cd_gender = 'F'::bpchar) AND (cd_marital_status = 'W'::bpchar) AND (cd_education_status = 'Primary'::bpchar))"}]}]}, {"Node Type": "Bitmap Heap Scan", "Parent Relationship": "Inner", "Parallel Aware": false, "Async Capable": false, "Relation Name": "item", "Alias": "item", "Startup Cost": 0.3, "Total Cost": 4.31, "Plan Rows": 1, "Plan Width": 4, "Recheck Cond": "(store_sales.ss_item_sk = i_item_sk)", "Plans": [{"Node Type": "Bitmap Index Scan", "Parent Relationship": "Outer", "Parallel Aware": false, "Async Capable": false, "Index Name": "item_pkey", "Startup Cost": 0.0, "Total Cost": 0.3, "Plan Rows": 1, "Plan Width": 0, "Index Cond": "(i_item_sk = store_sales.ss_item_sk)"}]}]}]}, {"Node Type": "Sort", "Parent Relationship": "Inner", "Parallel Aware": false, "Async Capable": false, "Startup Cost": 42.91, "Total Cost": 44.16, "Plan Rows": 500, "Plan Width": 4, "Sort Key": ["promotion.p_promo_sk"], "Plans": [{"Node Type": "Seq Scan", "Parent Relationship": "Outer", "Parallel Aware": false, "Async Capable": false, "Relation Name": "promotion", "Alias": "promotion", "Startup Cost": 0.0, "Total Cost": 20.5, "Plan Rows": 500, "Plan Width": 4, "Filter": "((p_channel_email = 'N'::bpchar) OR (p_channel_event = 'N'::bpchar))"}]}]}]}]}]}}, {"Plan": {"Node Type": "Aggregate", "Strategy": "Plain", "Partial Mode": "Finalize", "Parallel Aware": false, "Async Capable": false, "Startup Cost": 1202392.28, "Total Cost": 1202392.29, "Plan Rows": 1, "Plan Width": 8, "Plans": [{"Node Type": "Gather", "Parent Relationship": "Outer", "Parallel Aware": false, "Async Capable": false, "Startup Cost": 1202391.66, "Total Cost": 1202392.27, "Plan Rows": 6, "Plan Width": 8, "Workers Planned": 6, "Single Copy": false, "Plans": [{"Node Type": "Aggregate", "Strategy": "Plain", "Partial Mode": "Partial", "Parent Relationship": "Outer", "Parallel Aware": false, "Async Capable": false, "Startup Cost": 1201391.66, "Total Cost": 1201391.67, "Plan Rows": 1, "Plan Width": 8, "Plans": [{"Node Type": "Merge Join", "Parent Relationship": "Outer", "Parallel Aware": false, "Async Capable": false, "Join Type": "Inner", "Startup Cost": 1201383.31, "Total Cost": 1201390.79, "Plan Rows": 347, "Plan Width": 0, "Inner Unique": true, "Merge Cond": "(store_sales.ss_promo_sk = promotion.p_promo_sk)", "Plans": [{"Node Type": "Sort", "Parent Relationship": "Outer", "Parallel Aware": false, "Async Capable": false, "Startup Cost": 1201340.4, "Total Cost": 1201341.27, "Plan Rows": 347, "Plan Width": 4, "Sort Key": ["store_sales.ss_promo_sk"], "Plans": [{"Node Type": "Merge Join", "Parent Relationship": "Outer", "Parallel Aware": false, "Async Capable": false, "Join Type": "Inner", "Startup Cost": 1200810.55, "Total Cost": 1201325.76, "Plan Rows": 347, "Plan Width": 4, "Inner Unique": true, "Merge Cond": "(store_sales.ss_item_sk = item.i_item_sk)", "Plans": [{"Node Type": "Sort", "Parent Relationship": "Outer", "Parallel Aware": false, "Async Capable": false, "Startup Cost": 1184261.06, "Total Cost": 1184261.93, "Plan Rows": 347, "Plan Width": 8, "Sort Key": ["store_sales.ss_item_sk"], "Plans": [{"Node Type": "Merge Join", "Parent Relationship": "Outer", "Parallel Aware": false, "Async Capable": false, "Join Type": "Inner", "Startup Cost": 1183989.6, "Total Cost": 1184246.42, "Plan Rows": 347, "Plan Width": 8, "Inner Unique": true, "Merge Cond": "(store_sales.ss_cdemo_sk = customer_demographics.cd_demo_sk)", "Plans": [{"Node Type": "Sort", "Parent Relationship": "Outer", "Parallel Aware": false, "Async Capable": false, "Startup Cost": 1126468.54, "Total Cost": 1126528.5, "Plan Rows": 23985, "Plan Width": 12, "Sort Key": ["store_sales.ss_cdemo_sk"], "Plans": [{"Node Type": "Merge Join", "Parent Relationship": "Outer", "Parallel Aware": false, "Async Capable": false, "Join Type": "Inner", "Startup Cost": 1100493.68, "Total Cost": 1124723.65, "Plan Rows": 23985, "Plan Width": 12, "Inner Unique": true, "Merge Cond": "(store_sales.ss_sold_date_sk = date_dim.d_date_sk)", "Plans": [{"Node Type": "Sort", "Parent Relationship": "Outer", "Parallel Aware": false, "Async Capable": false, "Startup Cost": 1098140.13, "Total Cost": 1110140.56, "Plan Rows": 4800169, "Plan Width": 16, "Sort Key": ["store_sales.ss_sold_date_sk"], "Plans": [{"Node Type": "Seq Scan", "Parent Relationship": "Outer", "Parallel Aware": true, "Async Capable": false, "Relation Name": "store_sales", "Alias": "store_sales", "Startup Cost": 0.0, "Total Cost": 565449.69, "Plan Rows": 4800169, "Plan Width": 16}]}, {"Node Type": "Sort", "Parent Relationship": "Inner", "Parallel Aware": false, "Async Capable": false, "Startup Cost": 2352.65, "Total Cost": 2353.56, "Plan Rows": 365, "Plan Width": 4, "Sort Key": ["date_dim.d_date_sk"], "Plans": [{"Node Type": "Seq Scan", "Parent Relationship": "Outer", "Parallel Aware": false, "Async Capable": false, "Relation Name": "date_dim", "Alias": "date_dim", "Startup Cost": 0.0, "Total Cost": 2337.11, "Plan Rows": 365, "Plan Width": 4, "Filter": "(d_year = 2002)"}]}]}]}, {"Node Type": "Sort", "Parent Relationship": "Inner", "Parallel Aware": false, "Async Capable": false, "Startup Cost": 57521.06, "Total Cost": 57590.53, "Plan Rows": 27788, "Plan Width": 4, "Sort Key": ["customer_demographics.cd_demo_sk"], "Plans": [{"Node Type": "Seq Scan", "Parent Relationship": "Outer", "Parallel Aware": false, "Async Capable": false, "Relation Name": "customer_demographics", "Alias": "customer_demographics", "Startup Cost": 0.0, "Total Cost": 55470.0, "Plan Rows": 27788, "Plan Width": 4, "Filter": "((cd_gender = 'F'::bpchar) AND (cd_marital_status = 'W'::bpchar) AND (cd_education_status = 'Primary'::bpchar))"}]}]}]}, {"Node Type": "Sort", "Parent Relationship": "Inner", "Parallel Aware": false, "Async Capable": false, "Startup Cost": 16549.49, "Total Cost": 16804.49, "Plan Rows": 102000, "Plan Width": 4, "Sort Key": ["item.i_item_sk"], "Plans": [{"Node Type": "Seq Scan", "Parent Relationship": "Outer", "Parallel Aware": false, "Async Capable": false, "Relation Name": "item", "Alias": "item", "Startup Cost": 0.0, "Total Cost": 8064.0, "Plan Rows": 102000, "Plan Width": 4}]}]}]}, {"Node Type": "Sort", "Parent Relationship": "Inner", "Parallel Aware": false, "Async Capable": false, "Startup Cost": 42.91, "Total Cost": 44.16, "Plan Rows": 500, "Plan Width": 4, "Sort Key": ["promotion.p_promo_sk"], "Plans": [{"Node Type": "Seq Scan", "Parent Relationship": "Outer", "Parallel Aware": false, "Async Capable": false, "Relation Name": "promotion", "Alias": "promotion", "Startup Cost": 0.0, "Total Cost": 20.5, "Plan Rows": 500, "Plan Width": 4, "Filter": "((p_channel_email = 'N'::bpchar) OR (p_channel_event = 'N'::bpchar))"}]}]}]}]}]}}, {"Plan": {"Node Type": "Aggregate", "Strategy": "Plain", "Partial Mode": "Finalize", "Parallel Aware": false, "Async Capable": false, "Startup Cost": 804186.01, "Total Cost": 804186.02, "Plan Rows": 1, "Plan Width": 8, "Plans": [{"Node Type": "Gather", "Parent Relationship": "Outer", "Parallel Aware": false, "Async Capable": false, "Startup Cost": 804185.38, "Total Cost": 804185.99, "Plan Rows": 6, "Plan Width": 8, "Workers Planned": 6, "Single Copy": false, "Plans": [{"Node Type": "Aggregate", "Strategy": "Plain", "Partial Mode": "Partial", "Parent Relationship": "Outer", "Parallel Aware": false, "Async Capable": false, "Startup Cost": 803185.38, "Total Cost": 803185.39, "Plan Rows": 1, "Plan Width": 8, "Plans": [{"Node Type": "Nested Loop", "Parent Relationship": "Outer", "Parallel Aware": false, "Async Capable": false, "Join Type": "Inner", "Startup Cost": 1.33, "Total Cost": 803184.52, "Plan Rows": 347, "Plan Width": 0, "Inner Unique": true, "Plans": [{"Node Type": "Nested Loop", "Parent Relationship": "Outer", "Parallel Aware": false, "Async Capable": false, "Join Type": "Inner", "Startup Cost": 1.05, "Total Cost": 801697.2, "Plan Rows": 347, "Plan Width": 4, "Inner Unique": true, "Plans": [{"Node Type": "Nested Loop", "Parent Relationship": "Outer", "Parallel Aware": false, "Async Capable": false, "Join Type": "Inner", "Startup Cost": 0.75, "Total Cost": 800200.66, "Plan Rows": 347, "Plan Width": 8, "Inner Unique": true, "Plans": [{"Node Type": "Nested Loop", "Parent Relationship": "Outer", "Parallel Aware": false, "Async Capable": false, "Join Type": "Inner", "Startup Cost": 0.31, "Total Cost": 693323.94, "Plan Rows": 23985, "Plan Width": 12, "Inner Unique": true, "Plans": [{"Node Type": "Seq Scan", "Parent Relationship": "Outer", "Parallel Aware": true, "Async Capable": false, "Relation Name": "store_sales", "Alias": "store_sales", "Startup Cost": 0.0, "Total Cost": 565449.69, "Plan Rows": 4800169, "Plan Width": 16}, {"Node Type": "Memoize", "Parent Relationship": "Inner", "Parallel Aware": false, "Async Capable": false, "Startup Cost": 0.31, "Total Cost": 4.33, "Plan Rows": 1, "Plan Width": 4, "Cache Key": "store_sales.ss_sold_date_sk", "Cache Mode": "logical", "Plans": [{"Node Type": "Bitmap Heap Scan", "Parent Relationship": "Outer", "Parallel Aware": false, "Async Capable": false, "Relation Name": "date_dim", "Alias": "date_dim", "Startup Cost": 0.3, "Total Cost": 4.32, "Plan Rows": 1, "Plan Width": 4, "Recheck Cond": "(d_date_sk = store_sales.ss_sold_date_sk)", "Filter": "(d_year = 2002)", "Plans": [{"Node Type": "Bitmap Index Scan", "Parent Relationship": "Outer", "Parallel Aware": false, "Async Capable": false, "Index Name": "date_dim_pkey", "Startup Cost": 0.0, "Total Cost": 0.3, "Plan Rows": 1, "Plan Width": 0, "Index Cond": "(d_date_sk = store_sales.ss_sold_date_sk)"}]}]}]}, {"Node Type": "Bitmap Heap Scan", "Parent Relationship": "Inner", "Parallel Aware": false, "Async Capable": false, "Relation Name": "customer_demographics", "Alias": "customer_demographics", "Startup Cost": 0.44, "Total Cost": 4.46, "Plan Rows": 1, "Plan Width": 4, "Recheck Cond": "(cd_demo_sk = store_sales.ss_cdemo_sk)", "Filter": "((cd_gender = 'F'::bpchar) AND (cd_marital_status = 'W'::bpchar) AND (cd_education_status = 'Primary'::bpchar))", "Plans": [{"Node Type": "Bitmap Index Scan", "Parent Relationship": "Outer", "Parallel Aware": false, "Async Capable": false, "Index Name": "customer_demographics_pkey", "Startup Cost": 0.0, "Total Cost": 0.44, "Plan Rows": 1, "Plan Width": 0, "Index Cond": "(cd_demo_sk = store_sales.ss_cdemo_sk)"}]}]}, {"Node Type": "Bitmap Heap Scan", "Parent Relationship": "Inner", "Parallel Aware": false, "Async Capable": false, "Relation Name": "item", "Alias": "item", "Startup Cost": 0.3, "Total Cost": 4.31, "Plan Rows": 1, "Plan Width": 4, "Recheck Cond": "(store_sales.ss_item_sk = i_item_sk)", "Plans": [{"Node Type": "Bitmap Index Scan", "Parent Relationship": "Outer", "Parallel Aware": false, "Async Capable": false, "Index Name": "item_pkey", "Startup Cost": 0.0, "Total Cost": 0.3, "Plan Rows": 1, "Plan Width": 0, "Index Cond": "(i_item_sk = store_sales.ss_item_sk)"}]}]}, {"Node Type": "Bitmap Heap Scan", "Parent Relationship": "Inner", "Parallel Aware": false, "Async Capable": false, "Relation Name": "promotion", "Alias": "promotion", "Startup Cost": 0.28, "Total Cost": 4.3, "Plan Rows": 1, "Plan Width": 4, "Recheck Cond": "(p_promo_sk = store_sales.ss_promo_sk)", "Filter": "((p_channel_email = 'N'::bpchar) OR (p_channel_event = 'N'::bpchar))", "Plans": [{"Node Type": "Bitmap Index Scan", "Parent Relationship": "Outer", "Parallel Aware": false, "Async Capable": false, "Index Name": "promotion_pkey", "Startup Cost": 0.0, "Total Cost": 0.28, "Plan Rows": 1, "Plan Width": 0, "Index Cond": "(p_promo_sk = store_sales.ss_promo_sk)"}]}]}]}]}]}}, {"Plan": {"Node Type": "Aggregate", "Strategy": "Plain", "Partial Mode": "Finalize", "Parallel Aware": false, "Async Capable": false, "Startup Cost": 3368373.91, "Total Cost": 3368373.92, "Plan Rows": 1, "Plan Width": 8, "Plans": [{"Node Type": "Gather", "Parent Relationship": "Outer", "Parallel Aware": false, "Async Capable": false, "Startup Cost": 3368373.28, "Total Cost": 3368373.89, "Plan Rows": 6, "Plan Width": 8, "Workers Planned": 6, "Single Copy": false, "Plans": [{"Node Type": "Aggregate", "Strategy": "Plain", "Partial Mode": "Partial", "Parent Relationship": "Outer", "Parallel Aware": false, "Async Capable": false, "Startup Cost": 3367373.28, "Total Cost": 3367373.29, "Plan Rows": 1, "Plan Width": 8, "Plans": [{"Node Type": "Merge Join", "Parent Relationship": "Outer", "Parallel Aware": false, "Async Capable": false, "Join Type": "Inner", "Startup Cost": 3367324.18, "Total Cost": 3367372.41, "Plan Rows": 347, "Plan Width": 0, "Inner Unique": true, "Merge Cond": "(store_sales.ss_promo_sk = promotion.p_promo_sk)", "Plans": [{"Node Type": "Sort", "Parent Relationship": "Outer", "Parallel Aware": false, "Async Capable": false, "Startup Cost": 3367323.91, "Total Cost": 3367324.78, "Plan Rows": 347, "Plan Width": 4, "Sort Key": ["store_sales.ss_promo_sk"], "Plans": [{"Node Type": "Merge Join", "Parent Relationship": "Outer", "Parallel Aware": false, "Async Capable": false, "Join Type": "Inner", "Startup Cost": 3357326.55, "Total Cost": 3367309.27, "Plan Rows": 347, "Plan Width": 4, "Inner Unique": true, "Merge Cond": "(store_sales.ss_item_sk = item.i_item_sk)", "Plans": [{"Node Type": "Sort", "Parent Relationship": "Outer", "Parallel Aware": false, "Async Capable": false, "Startup Cost": 3357326.26, "Total Cost": 3357327.13, "Plan Rows": 347, "Plan Width": 8, "Sort Key": ["store_sales.ss_item_sk"], "Plans": [{"Node Type": "Merge Join", "Parent Relationship": "Outer", "Parallel Aware": false, "Async Capable": false, "Join Type": "Inner", "Startup Cost": 3270975.27, "Total Cost": 3357311.62, "Plan Rows": 347, "Plan Width": 8, "Inner Unique": true, "Merge Cond": "(store_sales.ss_cdemo_sk = customer_demographics.cd_demo_sk)", "Plans": [{"Node Type": "Sort", "Parent Relationship": "Outer", "Parallel Aware": false, "Async Capable": false, "Startup Cost": 3270974.83, "Total Cost": 3271034.8, "Plan Rows": 23985, "Plan Width": 12, "Sort Key": ["store_sales.ss_cdemo_sk"], "Plans": [{"Node Type": "Merge Join", "Parent Relationship": "Outer", "Parallel Aware": false, "Async Capable": false, "Join Type": "Inner", "Startup Cost": 3244913.36, "Total Cost": 3269229.94, "Plan Rows": 23985, "Plan Width": 12, "Inner Unique": true, "Merge Cond": "(store_sales.ss_sold_date_sk = date_dim.d_date_sk)", "Plans": [{"Node Type": "Sort", "Parent Relationship": "Outer", "Parallel Aware": false, "Async Capable": false, "Startup Cost": 3243189.64, "Total Cost": 3255190.06, "Plan Rows": 4800169, "Plan Width": 16, "Sort Key": ["store_sales.ss_sold_date_sk"], "Plans": [{"Node Type": "Index Scan", "Parent Relationship": "Outer", "Parallel Aware": true, "Async Capable": false, "Scan Direction": "Forward", "Index Name": "store_sales_pkey", "Relation Name": "store_sales", "Alias": "store_sales", "Startup Cost": 0.44, "Total Cost": 2710499.19, "Plan Rows": 4800169, "Plan Width": 16}]}, {"Node Type": "Index Scan", "Parent Relationship": "Inner", "Parallel Aware": false, "Async Capable": false, "Scan Direction": "Forward", "Index Name": "date_dim_pkey", "Relation Name": "date_dim", "Alias": "date_dim", "Startup Cost": 0.29, "Total Cost": 3513.65, "Plan Rows": 365, "Plan Width": 4, "Filter": "(d_year = 2002)"}]}]}, {"Node Type": "Index Scan", "Parent Relationship": "Inner", "Parallel Aware": false, "Async Capable": false, "Scan Direction": "Forward", "Index Name": "customer_demographics_pkey", "Relation Name": "customer_demographics", "Alias": "customer_demographics", "Startup Cost": 0.43, "Total Cost": 86149.43, "Plan Rows": 27788, "Plan Width": 4, "Filter": "((cd_gender = 'F'::bpchar) AND (cd_marital_status = 'W'::bpchar) AND (cd_education_status = 'Primary'::bpchar))"}]}]}, {"Node Type": "Index Scan", "Parent Relationship": "Inner", "Parallel Aware": false, "Async Capable": false, "Scan Direction": "Forward", "Index Name": "item_pkey", "Relation Name": "item", "Alias": "item", "Startup Cost": 0.29, "Total Cost": 9722.8, "Plan Rows": 102000, "Plan Width": 4}]}]}, {"Node Type": "Index Scan", "Parent Relationship": "Inner", "Parallel Aware": false, "Async Capable": false, "Scan Direction": "Forward", "Index Name": "promotion_pkey", "Relation Name": "promotion", "Alias": "promotion", "Startup Cost": 0.27, "Total Cost": 42.27, "Plan Rows": 500, "Plan Width": 4, "Filter": "((p_channel_email = 'N'::bpchar) OR (p_channel_event = 'N'::bpchar))"}]}]}]}]}}, {"Plan": {"Node Type": "Aggregate", "Strategy": "Plain", "Partial Mode": "Finalize", "Parallel Aware": false, "Async Capable": false, "Startup Cost": 1760730.83, "Total Cost": 1760730.84, "Plan Rows": 1, "Plan Width": 8, "Plans": [{"Node Type": "Gather", "Parent Relationship": "Outer", "Parallel Aware": false, "Async Capable": false, "Startup Cost": 1760730.61, "Total Cost": 1760730.82, "Plan Rows": 2, "Plan Width": 8, "Workers Planned": 2, "Single Copy": false, "Plans": [{"Node Type": "Aggregate", "Strategy": "Plain", "Partial Mode": "Partial", "Parent Relationship": "Outer", "Parallel Aware": false, "Async Capable": false, "Startup Cost": 1759730.61, "Total Cost": 1759730.62, "Plan Rows": 1, "Plan Width": 8, "Plans": [{"Node Type": "Merge Join", "Parent Relationship": "Outer", "Parallel Aware": false, "Async Capable": false, "Join Type": "Inner", "Startup Cost": 1759672.74, "Total Cost": 1759728.44, "Plan Rows": 868, "Plan Width": 0, "Inner Unique": true, "Merge Cond": "(store_sales.ss_promo_sk = promotion.p_promo_sk)", "Plans": [{"Node Type": "Sort", "Parent Relationship": "Outer", "Parallel Aware": false, "Async Capable": false, "Startup Cost": 1759672.47, "Total Cost": 1759674.64, "Plan Rows": 868, "Plan Width": 4, "Sort Key": ["store_sales.ss_promo_sk"], "Plans": [{"Node Type": "Nested Loop", "Parent Relationship": "Outer", "Parallel Aware": false, "Async Capable": false, "Join Type": "Inner", "Startup Cost": 1.46, "Total Cost": 1759630.1, "Plan Rows": 868, "Plan Width": 4, "Inner Unique": true, "Plans": [{"Node Type": "Nested Loop", "Parent Relationship": "Outer", "Parallel Aware": false, "Async Capable": false, "Join Type": "Inner", "Startup Cost": 1.03, "Total Cost": 1732271.42, "Plan Rows": 59962, "Plan Width": 8, "Inner Unique": true, "Plans": [{"Node Type": "Nested Loop", "Parent Relationship": "Outer", "Parallel Aware": false, "Async Capable": false, "Join Type": "Inner", "Startup Cost": 0.73, "Total Cost": 1431692.8, "Plan Rows": 12000422, "Plan Width": 12, "Inner Unique": false, "Plans": [{"Node Type": "Index Scan", "Parent Relationship": "Outer", "Parallel Aware": true, "Async Capable": false, "Scan Direction": "Forward", "Index Name": "item_pkey", "Relation Name": "item", "Alias": "item", "Startup Cost": 0.29, "Total Cost": 9127.8, "Plan Rows": 42500, "Plan Width": 4}, {"Node Type": "Index Scan", "Parent Relationship": "Inner", "Parallel Aware": false, "Async Capable": false, "Scan Direction": "Forward", "Index Name": "store_sales_pkey", "Relation Name": "store_sales", "Alias": "store_sales", "Startup Cost": 0.44, "Total Cost": 30.36, "Plan Rows": 311, "Plan Width": 16, "Index Cond": "(ss_item_sk = item.i_item_sk)"}]}, {"Node Type": "Memoize", "Parent Relationship": "Inner", "Parallel Aware": false, "Async Capable": false, "Startup Cost": 0.3, "Total Cost": 0.32, "Plan Rows": 1, "Plan Width": 4, "Cache Key": "store_sales.ss_sold_date_sk", "Cache Mode": "logical", "Plans": [{"Node Type": "Index Scan", "Parent Relationship": "Outer", "Parallel Aware": false, "Async Capable": false, "Scan Direction": "Forward", "Index Name": "date_dim_pkey", "Relation Name": "date_dim", "Alias": "date_dim", "Startup Cost": 0.29, "Total Cost": 0.31, "Plan Rows": 1, "Plan Width": 4, "Index Cond": "(d_date_sk = store_sales.ss_sold_date_sk)", "Filter": "(d_year = 2002)"}]}]}, {"Node Type": "Index Scan", "Parent Relationship": "Inner", "Parallel Aware": false, "Async Capable": false, "Scan Direction": "Forward", "Index Name": "customer_demographics_pkey", "Relation Name": "customer_demographics", "Alias": "customer_demographics", "Startup Cost": 0.43, "Total Cost": 0.46, "Plan Rows": 1, "Plan Width": 4, "Index Cond": "(cd_demo_sk = store_sales.ss_cdemo_sk)", "Filter": "((cd_gender = 'F'::bpchar) AND (cd_marital_status = 'W'::bpchar) AND (cd_education_status = 'Primary'::bpchar))"}]}]}, {"Node Type": "Index Scan", "Parent Relationship": "Inner", "Parallel Aware": false, "Async Capable": false, "Scan Direction": "Forward", "Index Name": "promotion_pkey", "Relation Name": "promotion", "Alias": "promotion", "Startup Cost": 0.27, "Total Cost": 42.27, "Plan Rows": 500, "Plan Width": 4, "Filter": "((p_channel_email = 'N'::bpchar) OR (p_channel_event = 'N'::bpchar))"}]}]}]}]}}, {"Plan": {"Node Type": "Aggregate", "Strategy": "Plain", "Partial Mode": "Finalize", "Parallel Aware": false, "Async Capable": false, "Startup Cost": 698141.4, "Total Cost": 698141.41, "Plan Rows": 1, "Plan Width": 8, "Plans": [{"Node Type": "Gather", "Parent Relationship": "Outer", "Parallel Aware": false, "Async Capable": false, "Startup Cost": 698140.77, "Total Cost": 698141.38, "Plan Rows": 6, "Plan Width": 8, "Workers Planned": 6, "Single Copy": false, "Plans": [{"Node Type": "Aggregate", "Strategy": "Plain", "Partial Mode": "Partial", "Parent Relationship": "Outer", "Parallel Aware": false, "Async Capable": false, "Startup Cost": 697140.77, "Total Cost": 697140.78, "Plan Rows": 1, "Plan Width": 8, "Plans": [{"Node Type": "Merge Join", "Parent Relationship": "Outer", "Parallel Aware": false, "Async Capable": false, "Join Type": "Inner", "Startup Cost": 697132.43, "Total Cost": 697139.91, "Plan Rows": 347, "Plan Width": 0, "Inner Unique": true, "Merge Cond": "(store_sales.ss_promo_sk = promotion.p_promo_sk)", "Plans": [{"Node Type": "Sort", "Parent Relationship": "Outer", "Parallel Aware": false, "Async Capable": false, "Startup Cost": 697089.51, "Total Cost": 697090.38, "Plan Rows": 347, "Plan Width": 4, "Sort Key": ["store_sales.ss_promo_sk"], "Plans": [{"Node Type": "Nested Loop", "Parent Relationship": "Outer", "Parallel Aware": false, "Async Capable": false, "Join Type": "Inner", "Startup Cost": 1.02, "Total Cost": 697074.87, "Plan Rows": 347, "Plan Width": 4, "Inner Unique": true, "Plans": [{"Node Type": "Nested Loop", "Parent Relationship": "Outer", "Parallel Aware": false, "Async Capable": false, "Join Type": "Inner", "Startup Cost": 0.73, "Total Cost": 696966.95, "Plan Rows": 347, "Plan Width": 8, "Inner Unique": true, "Plans": [{"Node Type": "Nested Loop", "Parent Relationship": "Outer", "Parallel Aware": false, "Async Capable": false, "Join Type": "Inner", "Startup Cost": 0.3, "Total Cost": 686023.38, "Plan Rows": 23985, "Plan Width": 12, "Inner Unique": true, "Plans": [{"Node Type": "Seq Scan", "Parent Relationship": "Outer", "Parallel Aware": true, "Async Capable": false, "Relation Name": "store_sales", "Alias": "store_sales", "Startup Cost": 0.0, "Total Cost": 565449.69, "Plan Rows": 4800169, "Plan Width": 16}, {"Node Type": "Memoize", "Parent Relationship": "Inner", "Parallel Aware": false, "Async Capable": false, "Startup Cost": 0.3, "Total Cost": 0.32, "Plan Rows": 1, "Plan Width": 4, "Cache Key": "store_sales.ss_sold_date_sk", "Cache Mode": "logical", "Plans": [{"Node Type": "Index Scan", "Parent Relationship": "Outer", "Parallel Aware": false, "Async Capable": false, "Scan Direction": "Forward", "Index Name": "date_dim_pkey", "Relation Name": "date_dim", "Alias": "date_dim", "Startup Cost": 0.29, "Total Cost": 0.31, "Plan Rows": 1, "Plan Width": 4, "Index Cond": "(d_date_sk = store_sales.ss_sold_date_sk)", "Filter": "(d_year = 2002)"}]}]}, {"Node Type": "Index Scan", "Parent Relationship": "Inner", "Parallel Aware": false, "Async Capable": false, "Scan Direction": "Forward", "Index Name": "customer_demographics_pkey", "Relation Name": "customer_demographics", "Alias": "customer_demographics", "Startup Cost": 0.43, "Total Cost": 0.46, "Plan Rows": 1, "Plan Width": 4, "Index Cond": "(cd_demo_sk = store_sales.ss_cdemo_sk)", "Filter": "((cd_gender = 'F'::bpchar) AND (cd_marital_status = 'W'::bpchar) AND (cd_education_status = 'Primary'::bpchar))"}]}, {"Node Type": "Index Scan", "Parent Relationship": "Inner", "Parallel Aware": false, "Async Capable": false, "Scan Direction": "Forward", "Index Name": "item_pkey", "Relation Name": "item", "Alias": "item", "Startup Cost": 0.29, "Total Cost": 0.31, "Plan Rows": 1, "Plan Width": 4, "Index Cond": "(i_item_sk = store_sales.ss_item_sk)"}]}]}, {"Node Type": "Sort", "Parent Relationship": "Inner", "Parallel Aware": false, "Async Capable": false, "Startup Cost": 42.91, "Total Cost": 44.16, "Plan Rows": 500, "Plan Width": 4, "Sort Key": ["promotion.p_promo_sk"], "Plans": [{"Node Type": "Seq Scan", "Parent Relationship": "Outer", "Parallel Aware": false, "Async Capable": false, "Relation Name": "promotion", "Alias": "promotion", "Startup Cost": 0.0, "Total Cost": 20.5, "Plan Rows": 500, "Plan Width": 4, "Filter": "((p_channel_email = 'N'::bpchar) OR (p_channel_event = 'N'::bpchar))"}]}]}]}]}]}}, {"Plan": {"Node Type": "Aggregate", "Strategy": "Plain", "Partial Mode": "Simple", "Parallel Aware": false, "Async Capable": false, "Startup Cost": 1195648.65, "Total Cost": 1195648.66, "Plan Rows": 1, "Plan Width": 8, "Plans": [{"Node Type": "Merge Join", "Parent Relationship": "Outer", "Parallel Aware": false, "Async Capable": false, "Join Type": "Inner", "Startup Cost": 1185634.71, "Total Cost": 1195643.45, "Plan Rows": 2082, "Plan Width": 0, "Inner Unique": false, "Merge Cond": "(item.i_item_sk = store_sales.ss_item_sk)", "Plans": [{"Node Type": "Index Scan", "Parent Relationship": "Outer", "Parallel Aware": false, "Async Capable": false, "Scan Direction": "Forward", "Index Name": "item_pkey", "Relation Name": "item", "Alias": "item", "Startup Cost": 0.29, "Total Cost": 9722.8, "Plan Rows": 102000, "Plan Width": 4}, {"Node Type": "Sort", "Parent Relationship": "Inner", "Parallel Aware": false, "Async Capable": false, "Startup Cost": 1185634.42, "Total Cost": 1185639.62, "Plan Rows": 2082, "Plan Width": 4, "Sort Key": ["store_sales.ss_item_sk"], "Plans": [{"Node Type": "Gather", "Parent Relationship": "Outer", "Parallel Aware": false, "Async Capable": false, "Startup Cost": 1185303.98, "Total Cost": 1185519.66, "Plan Rows": 2082, "Plan Width": 4, "Workers Planned": 6, "Single Copy": false, "Plans": [{"Node Type": "Merge Join", "Parent Relationship": "Outer", "Parallel Aware": false, "Async Capable": false, "Join Type": "Inner", "Startup Cost": 1184303.98, "Total Cost": 1184311.46, "Plan Rows": 347, "Plan Width": 4, "Inner Unique": true, "Merge Cond": "(store_sales.ss_promo_sk = promotion.p_promo_sk)", "Plans": [{"Node Type": "Sort", "Parent Relationship": "Outer", "Parallel Aware": false, "Async Capable": false, "Startup Cost": 1184261.06, "Total Cost": 1184261.93, "Plan Rows": 347, "Plan Width": 8, "Sort Key": ["store_sales.ss_promo_sk"], "Plans": [{"Node Type": "Merge Join", "Parent Relationship": "Outer", "Parallel Aware": false, "Async Capable": false, "Join Type": "Inner", "Startup Cost": 1183989.6, "Total Cost": 1184246.42, "Plan Rows": 347, "Plan Width": 8, "Inner Unique": true, "Merge Cond": "(store_sales.ss_cdemo_sk = customer_demographics.cd_demo_sk)", "Plans": [{"Node Type": "Sort", "Parent Relationship": "Outer", "Parallel Aware": false, "Async Capable": false, "Startup Cost": 1126468.54, "Total Cost": 1126528.5, "Plan Rows": 23985, "Plan Width": 12, "Sort Key": ["store_sales.ss_cdemo_sk"], "Plans": [{"Node Type": "Merge Join", "Parent Relationship": "Outer", "Parallel Aware": false, "Async Capable": false, "Join Type": "Inner", "Startup Cost": 1100493.68, "Total Cost": 1124723.65, "Plan Rows": 23985, "Plan Width": 12, "Inner Unique": true, "Merge Cond": "(store_sales.ss_sold_date_sk = date_dim.d_date_sk)", "Plans": [{"Node Type": "Sort", "Parent Relationship": "Outer", "Parallel Aware": false, "Async Capable": false, "Startup Cost": 1098140.13, "Total Cost": 1110140.56, "Plan Rows": 4800169, "Plan Width": 16, "Sort Key": ["store_sales.ss_sold_date_sk"], "Plans": [{"Node Type": "Seq Scan", "Parent Relationship": "Outer", "Parallel Aware": true, "Async Capable": false, "Relation Name": "store_sales", "Alias": "store_sales", "Startup Cost": 0.0, "Total Cost": 565449.69, "Plan Rows": 4800169, "Plan Width": 16}]}, {"Node Type": "Sort", "Parent Relationship": "Inner", "Parallel Aware": false, "Async Capable": false, "Startup Cost": 2352.65, "Total Cost": 2353.56, "Plan Rows": 365, "Plan Width": 4, "Sort Key": ["date_dim.d_date_sk"], "Plans": [{"Node Type": "Seq Scan", "Parent Relationship": "Outer", "Parallel Aware": false, "Async Capable": false, "Relation Name": "date_dim", "Alias": "date_dim", "Startup Cost": 0.0, "Total Cost": 2337.11, "Plan Rows": 365, "Plan Width": 4, "Filter": "(d_year = 2002)"}]}]}]}, {"Node Type": "Sort", "Parent Relationship": "Inner", "Parallel Aware": false, "Async Capable": false, "Startup Cost": 57521.06, "Total Cost": 57590.53, "Plan Rows": 27788, "Plan Width": 4, "Sort Key": ["customer_demographics.cd_demo_sk"], "Plans": [{"Node Type": "Seq Scan", "Parent Relationship": "Outer", "Parallel Aware": false, "Async Capable": false, "Relation Name": "customer_demographics", "Alias": "customer_demographics", "Startup Cost": 0.0, "Total Cost": 55470.0, "Plan Rows": 27788, "Plan Width": 4, "Filter": "((cd_gender = 'F'::bpchar) AND (cd_marital_status = 'W'::bpchar) AND (cd_education_status = 'Primary'::bpchar))"}]}]}]}, {"Node Type": "Sort", "Parent Relationship": "Inner", "Parallel Aware": false, "Async Capable": false, "Startup Cost": 42.91, "Total Cost": 44.16, "Plan Rows": 500, "Plan Width": 4, "Sort Key": ["promotion.p_promo_sk"], "Plans": [{"Node Type": "Seq Scan", "Parent Relationship": "Outer", "Parallel Aware": false, "Async Capable": false, "Relation Name": "promotion", "Alias": "promotion", "Startup Cost": 0.0, "Total Cost": 20.5, "Plan Rows": 500, "Plan Width": 4, "Filter": "((p_channel_email = 'N'::bpchar) OR (p_channel_event = 'N'::bpchar))"}]}]}]}]}]}]}}, {"Plan": {"Node Type": "Aggregate", "Strategy": "Plain", "Partial Mode": "Finalize", "Parallel Aware": false, "Async Capable": false, "Startup Cost": 1760801.75, "Total Cost": 1760801.76, "Plan Rows": 1, "Plan Width": 8, "Plans": [{"Node Type": "Gather", "Parent Relationship": "Outer", "Parallel Aware": false, "Async Capable": false, "Startup Cost": 1760801.54, "Total Cost": 1760801.75, "Plan Rows": 2, "Plan Width": 8, "Workers Planned": 2, "Single Copy": false, "Plans": [{"Node Type": "Aggregate", "Strategy": "Plain", "Partial Mode": "Partial", "Parent Relationship": "Outer", "Parallel Aware": false, "Async Capable": false, "Startup Cost": 1759801.54, "Total Cost": 1759801.55, "Plan Rows": 1, "Plan Width": 8, "Plans": [{"Node Type": "Nested Loop", "Parent Relationship": "Outer", "Parallel Aware": false, "Async Capable": false, "Join Type": "Inner", "Startup Cost": 1.74, "Total Cost": 1759799.37, "Plan Rows": 868, "Plan Width": 0, "Inner Unique": true, "Plans": [{"Node Type": "Nested Loop", "Parent Relationship": "Outer", "Parallel Aware": false, "Async Capable": false, "Join Type": "Inner", "Startup Cost": 1.46, "Total Cost": 1759630.1, "Plan Rows": 868, "Plan Width": 4, "Inner Unique": true, "Plans": [{"Node Type": "Nested Loop", "Parent Relationship": "Outer", "Parallel Aware": false, "Async Capable": false, "Join Type": "Inner", "Startup Cost": 1.03, "Total Cost": 1732271.42, "Plan Rows": 59962, "Plan Width": 8, "Inner Unique": true, "Plans": [{"Node Type": "Nested Loop", "Parent Relationship": "Outer", "Parallel Aware": false, "Async Capable": false, "Join Type": "Inner", "Startup Cost": 0.73, "Total Cost": 1431692.8, "Plan Rows": 12000422, "Plan Width": 12, "Inner Unique": false, "Plans": [{"Node Type": "Index Scan", "Parent Relationship": "Outer", "Parallel Aware": true, "Async Capable": false, "Scan Direction": "Forward", "Index Name": "item_pkey", "Relation Name": "item", "Alias": "item", "Startup Cost": 0.29, "Total Cost": 9127.8, "Plan Rows": 42500, "Plan Width": 4}, {"Node Type": "Index Scan", "Parent Relationship": "Inner", "Parallel Aware": false, "Async Capable": false, "Scan Direction": "Forward", "Index Name": "store_sales_pkey", "Relation Name": "store_sales", "Alias": "store_sales", "Startup Cost": 0.44, "Total Cost": 30.36, "Plan Rows": 311, "Plan Width": 16, "Index Cond": "(ss_item_sk = item.i_item_sk)"}]}, {"Node Type": "Memoize", "Parent Relationship": "Inner", "Parallel Aware": false, "Async Capable": false, "Startup Cost": 0.3, "Total Cost": 0.32, "Plan Rows": 1, "Plan Width": 4, "Cache Key": "store_sales.ss_sold_date_sk", "Cache Mode": "logical", "Plans": [{"Node Type": "Index Scan", "Parent Relationship": "Outer", "Parallel Aware": false, "Async Capable": false, "Scan Direction": "Forward", "Index Name": "date_dim_pkey", "Relation Name": "date_dim", "Alias": "date_dim", "Startup Cost": 0.29, "Total Cost": 0.31, "Plan Rows": 1, "Plan Width": 4, "Index Cond": "(d_date_sk = store_sales.ss_sold_date_sk)", "Filter": "(d_year = 2002)"}]}]}, {"Node Type": "Index Scan", "Parent Relationship": "Inner", "Parallel Aware": false, "Async Capable": false, "Scan Direction": "Forward", "Index Name": "customer_demographics_pkey", "Relation Name": "customer_demographics", "Alias": "customer_demographics", "Startup Cost": 0.43, "Total Cost": 0.46, "Plan Rows": 1, "Plan Width": 4, "Index Cond": "(cd_demo_sk = store_sales.ss_cdemo_sk)", "Filter": "((cd_gender = 'F'::bpchar) AND (cd_marital_status = 'W'::bpchar) AND (cd_education_status = 'Primary'::bpchar))"}]}, {"Node Type": "Memoize", "Parent Relationship": "Inner", "Parallel Aware": false, "Async Capable": false, "Startup Cost": 0.28, "Total Cost": 0.31, "Plan Rows": 1, "Plan Width": 4, "Cache Key": "store_sales.ss_promo_sk", "Cache Mode": "logical", "Plans": [{"Node Type": "Index Scan", "Parent Relationship": "Outer", "Parallel Aware": false, "Async Capable": false, "Scan Direction": "Forward", "Index Name": "promotion_pkey", "Relation Name": "promotion", "Alias": "promotion", "Startup Cost": 0.27, "Total Cost": 0.3, "Plan Rows": 1, "Plan Width": 4, "Index Cond": "(p_promo_sk = store_sales.ss_promo_sk)", "Filter": "((p_channel_email = 'N'::bpchar) OR (p_channel_event = 'N'::bpchar))"}]}]}]}]}]}}, {"Plan": {"Node Type": "Aggregate", "Strategy": "Plain", "Partial Mode": "Finalize", "Parallel Aware": false, "Async Capable": false, "Startup Cost": 698178.71, "Total Cost": 698178.72, "Plan Rows": 1, "Plan Width": 8, "Plans": [{"Node Type": "Gather", "Parent Relationship": "Outer", "Parallel Aware": false, "Async Capable": false, "Startup Cost": 698178.08, "Total Cost": 698178.69, "Plan Rows": 6, "Plan Width": 8, "Workers Planned": 6, "Single Copy": false, "Plans": [{"Node Type": "Aggregate", "Strategy": "Plain", "Partial Mode": "Partial", "Parent Relationship": "Outer", "Parallel Aware": false, "Async Capable": false, "Startup Cost": 697178.08, "Total Cost": 697178.09, "Plan Rows": 1, "Plan Width": 8, "Plans": [{"Node Type": "Nested Loop", "Parent Relationship": "Outer", "Parallel Aware": false, "Async Capable": false, "Join Type": "Inner", "Startup Cost": 1.29, "Total Cost": 697177.21, "Plan Rows": 347, "Plan Width": 0, "Inner Unique": true, "Plans": [{"Node Type": "Nested Loop", "Parent Relationship": "Outer", "Parallel Aware": false, "Async Capable": false, "Join Type": "Inner", "Startup Cost": 1.02, "Total Cost": 697074.87, "Plan Rows": 347, "Plan Width": 4, "Inner Unique": true, "Plans": [{"Node Type": "Nested Loop", "Parent Relationship": "Outer", "Parallel Aware": false, "Async Capable": false, "Join Type": "Inner", "Startup Cost": 0.73, "Total Cost": 696966.95, "Plan Rows": 347, "Plan Width": 8, "Inner Unique": true, "Plans": [{"Node Type": "Nested Loop", "Parent Relationship": "Outer", "Parallel Aware": false, "Async Capable": false, "Join Type": "Inner", "Startup Cost": 0.3, "Total Cost": 686023.38, "Plan Rows": 23985, "Plan Width": 12, "Inner Unique": true, "Plans": [{"Node Type": "Seq Scan", "Parent Relationship": "Outer", "Parallel Aware": true, "Async Capable": false, "Relation Name": "store_sales", "Alias": "store_sales", "Startup Cost": 0.0, "Total Cost": 565449.69, "Plan Rows": 4800169, "Plan Width": 16}, {"Node Type": "Memoize", "Parent Relationship": "Inner", "Parallel Aware": false, "Async Capable": false, "Startup Cost": 0.3, "Total Cost": 0.32, "Plan Rows": 1, "Plan Width": 4, "Cache Key": "store_sales.ss_sold_date_sk", "Cache Mode": "logical", "Plans": [{"Node Type": "Index Scan", "Parent Relationship": "Outer", "Parallel Aware": false, "Async Capable": false, "Scan Direction": "Forward", "Index Name": "date_dim_pkey", "Relation Name": "date_dim", "Alias": "date_dim", "Startup Cost": 0.29, "Total Cost": 0.31, "Plan Rows": 1, "Plan Width": 4, "Index Cond": "(d_date_sk = store_sales.ss_sold_date_sk)", "Filter": "(d_year = 2002)"}]}]}, {"Node Type": "Index Scan", "Parent Relationship": "Inner", "Parallel Aware": false, "Async Capable": false, "Scan Direction": "Forward", "Index Name": "customer_demographics_pkey", "Relation Name": "customer_demographics", "Alias": "customer_demographics", "Startup Cost": 0.43, "Total Cost": 0.46, "Plan Rows": 1, "Plan Width": 4, "Index Cond": "(cd_demo_sk = store_sales.ss_cdemo_sk)", "Filter": "((cd_gender = 'F'::bpchar) AND (cd_marital_status = 'W'::bpchar) AND (cd_education_status = 'Primary'::bpchar))"}]}, {"Node Type": "Index Scan", "Parent Relationship": "Inner", "Parallel Aware": false, "Async Capable": false, "Scan Direction": "Forward", "Index Name": "item_pkey", "Relation Name": "item", "Alias": "item", "Startup Cost": 0.29, "Total Cost": 0.31, "Plan Rows": 1, "Plan Width": 4, "Index Cond": "(i_item_sk = store_sales.ss_item_sk)"}]}, {"Node Type": "Index Scan", "Parent Relationship": "Inner", "Parallel Aware": false, "Async Capable": false, "Scan Direction": "Forward", "Index Name": "promotion_pkey", "Relation Name": "promotion", "Alias": "promotion", "Startup Cost": 0.27, "Total Cost": 0.3, "Plan Rows": 1, "Plan Width": 4, "Index Cond": "(p_promo_sk = store_sales.ss_promo_sk)", "Filter": "((p_channel_email = 'N'::bpchar) OR (p_channel_event = 'N'::bpchar))"}]}]}]}]}}]