[{"Plan": {"Node Type": "Aggregate", "Strategy": "Plain", "Partial Mode": "Finalize", "Parallel Aware": false, "Async Capable": false, "Startup Cost": 30440.13, "Total Cost": 30440.14, "Plan Rows": 1, "Plan Width": 8, "Plans": [{"Node Type": "Gather", "Parent Relationship": "Outer", "Parallel Aware": false, "Async Capable": false, "Startup Cost": 30439.92, "Total Cost": 30440.13, "Plan Rows": 2, "Plan Width": 8, "Workers Planned": 2, "Single Copy": false, "Plans": [{"Node Type": "Aggregate", "Strategy": "Plain", "Partial Mode": "Partial", "Parent Relationship": "Outer", "Parallel Aware": false, "Async Capable": false, "Startup Cost": 29439.92, "Total Cost": 29439.93, "Plan Rows": 1, "Plan Width": 8, "Plans": [{"Node Type": "Nested Loop", "Parent Relationship": "Outer", "Parallel Aware": false, "Async Capable": false, "Join Type": "Inner", "Startup Cost": 1.0, "Total Cost": 29438.15, "Plan Rows": 706, "Plan Width": 0, "Inner Unique": false, "Plans": [{"Node Type": "Nested Loop", "Parent Relationship": "Outer", "Parallel Aware": false, "Async Capable": false, "Join Type": "Inner", "Startup Cost": 0.57, "Total Cost": 29420.15, "Plan Rows": 2, "Plan Width": 8, "Inner Unique": false, "Plans": [{"Node Type": "Seq Scan", "Parent Relationship": "Outer", "Parallel Aware": true, "Async Capable": false, "Relation Name": "item", "Alias": "item", "Startup Cost": 0.0, "Total Cost": 7894.0, "Plan Rows": 6, "Plan Width": 4, "Filter": "((i_current_price >= '51'::numeric) AND (i_current_price <= '81'::numeric) AND (i_manufact_id = ANY ('{374,481,738,7}'::integer[])))"}, {"Node Type": "Nested Loop", "Parent Relationship": "Inner", "Parallel Aware": false, "Async Capable": false, "Join Type": "Inner", "Startup Cost": 0.57, "Total Cost": 3586.47, "Plan Rows": 122, "Plan Width": 4, "Inner Unique": false, "Plans": [{"Node Type": "Seq Scan", "Parent Relationship": "Outer", "Parallel Aware": false, "Async Capable": false, "Relation Name": "date_dim", "Alias": "date_dim", "Startup Cost": 0.0, "Total Cost": 2519.73, "Plan Rows": 61, "Plan Width": 4, "Filter": "((d_date >= '1998-04-10'::date) AND (d_date <= '1998-06-09 00:00:00'::timestamp without time zone))"}, {"Node Type": "Index Scan", "Parent Relationship": "Inner", "Parallel Aware": false, "Async Capable": false, "Scan Direction": "Forward", "Index Name": "inventory_pkey", "Relation Name": "inventory", "Alias": "inventory", "Startup Cost": 0.57, "Total Cost": 17.47, "Plan Rows": 2, "Plan Width": 8, "Index Cond": "((inv_date_sk = date_dim.d_date_sk) AND (inv_item_sk = item.i_item_sk))", "Filter": "((inv_quantity_on_hand >= 100) AND (inv_quantity_on_hand <= 500))"}]}]}, {"Node Type": "Index Only Scan", "Parent Relationship": "Inner", "Parallel Aware": false, "Async Capable": false, "Scan Direction": "Forward", "Index Name": "store_sales_pkey", "Relation Name": "store_sales", "Alias": "store_sales", "Startup Cost": 0.44, "Total Cost": 5.89, "Plan Rows": 311, "Plan Width": 4, "Index Cond": "(ss_item_sk = inventory.inv_item_sk)"}]}]}]}]}}, {"Plan": {"Node Type": "Aggregate", "Strategy": "Plain", "Partial Mode": "Simple", "Parallel Aware": false, "Async Capable": false, "Startup Cost": 40004132850.79, "Total Cost": 40004132850.8, "Plan Rows": 1, "Plan Width": 8, "Plans": [{"Node Type": "Hash Join", "Parent Relationship": "Outer", "Parallel Aware": false, "Async Capable": false, "Join Type": "Inner", "Startup Cost": 40004104757.95, "Total Cost": 40004132846.56, "Plan Rows": 1694, "Plan Width": 0, "Inner Unique": false, "Hash Cond": "(item.i_item_sk = inventory.inv_item_sk)", "Plans": [{"Node Type": "Nested Loop", "Parent Relationship": "Outer", "Parallel Aware": false, "Async Capable": false, "Join Type": "Inner", "Startup Cost": 20000000011.14, "Total Cost": 20000028033.95, "Plan Rows": 3953, "Plan Width": 8, "Inner Unique": false, "Plans": [{"Node Type": "Index Scan", "Parent Relationship": "Outer", "Parallel Aware": false, "Async Capable": false, "Scan Direction": "Forward", "Index Name": "item_pkey", "Relation Name": "item", "Alias": "item", "Startup Cost": 10000000000.29, "Total Cost": 10000010742.8, "Plan Rows": 14, "Plan Width": 4, "Filter": "((i_current_price >= '51'::numeric) AND (i_current_price <= '81'::numeric) AND (i_manufact_id = ANY ('{374,481,738,7}'::integer[])))"}, {"Node Type": "Bitmap Heap Scan", "Parent Relationship": "Inner", "Parallel Aware": false, "Async Capable": false, "Relation Name": "store_sales", "Alias": "store_sales", "Startup Cost": 10.85, "Total Cost": 1231.97, "Plan Rows": 311, "Plan Width": 4, "Recheck Cond": "(item.i_item_sk = ss_item_sk)", "Plans": [{"Node Type": "Bitmap Index Scan", "Parent Relationship": "Outer", "Parallel Aware": false, "Async Capable": false, "Index Name": "store_sales_pkey", "Startup Cost": 0.0, "Total Cost": 10.77, "Plan Rows": 311, "Plan Width": 0, "Index Cond": "(ss_item_sk = item.i_item_sk)"}]}]}, {"Node Type": "Hash", "Parent Relationship": "Inner", "Parallel Aware": false, "Async Capable": false, "Startup Cost": 20004104218.54, "Total Cost": 20004104218.54, "Plan Rows": 42262, "Plan Width": 4, "Plans": [{"Node Type": "Nested Loop", "Parent Relationship": "Outer", "Parallel Aware": false, "Async Capable": false, "Join Type": "Inner", "Startup Cost": 20000013705.1, "Total Cost": 20004104218.54, "Plan Rows": 42262, "Plan Width": 4, "Inner Unique": false, "Plans": [{"Node Type": "Index Scan", "Parent Relationship": "Outer", "Parallel Aware": false, "Async Capable": false, "Scan Direction": "Forward", "Index Name": "date_dim_pkey", "Relation Name": "date_dim", "Alias": "date_dim", "Startup Cost": 10000000000.29, "Total Cost": 10000003696.27, "Plan Rows": 61, "Plan Width": 4, "Filter": "((d_date >= '1998-04-10'::date) AND (d_date <= '1998-06-09 00:00:00'::timestamp without time zone))"}, {"Node Type": "Bitmap Heap Scan", "Parent Relationship": "Inner", "Parallel Aware": false, "Async Capable": false, "Relation Name": "inventory", "Alias": "inventory", "Startup Cost": 13704.81, "Total Cost": 65282.61, "Plan Rows": 193907, "Plan Width": 8, "Recheck Cond": "(inv_date_sk = date_dim.d_date_sk)", "Filter": "((inv_quantity_on_hand >= 100) AND (inv_quantity_on_hand <= 500))", "Plans": [{"Node Type": "Bitmap Index Scan", "Parent Relationship": "Outer", "Parallel Aware": false, "Async Capable": false, "Index Name": "inventory_pkey", "Startup Cost": 0.0, "Total Cost": 13656.33, "Plan Rows": 509993, "Plan Width": 0, "Index Cond": "(inv_date_sk = date_dim.d_date_sk)"}]}]}]}]}]}}, {"Plan": {"Node Type": "Aggregate", "Strategy": "Plain", "Partial Mode": "Finalize", "Parallel Aware": false, "Async Capable": false, "Startup Cost": 6207703.05, "Total Cost": 6207703.06, "Plan Rows": 1, "Plan Width": 8, "Plans": [{"Node Type": "Gather", "Parent Relationship": "Outer", "Parallel Aware": false, "Async Capable": false, "Startup Cost": 6207702.32, "Total Cost": 6207703.03, "Plan Rows": 7, "Plan Width": 8, "Workers Planned": 7, "Single Copy": false, "Plans": [{"Node Type": "Aggregate", "Strategy": "Plain", "Partial Mode": "Partial", "Parent Relationship": "Outer", "Parallel Aware": false, "Async Capable": false, "Startup Cost": 6206702.32, "Total Cost": 6206702.33, "Plan Rows": 1, "Plan Width": 8, "Plans": [{"Node Type": "Hash Join", "Parent Relationship": "Outer", "Parallel Aware": true, "Async Capable": false, "Join Type": "Inner", "Startup Cost": 5562009.01, "Total Cost": 6206701.72, "Plan Rows": 242, "Plan Width": 0, "Inner Unique": false, "Hash Cond": "(item.i_item_sk = inventory.inv_item_sk)", "Plans": [{"Node Type": "Hash Join", "Parent Relationship": "Outer", "Parallel Aware": true, "Async Capable": false, "Join Type": "Inner", "Startup Cost": 9553.31, "Total Cost": 654243.52, "Plan Rows": 565, "Plan Width": 8, "Inner Unique": true, "Hash Cond": "(store_sales.ss_item_sk = item.i_item_sk)", "Plans": [{"Node Type": "Index Only Scan", "Parent Relationship": "Outer", "Parallel Aware": true, "Async Capable": false, "Scan Direction": "Forward", "Index Name": "store_sales_pkey", "Relation Name": "store_sales", "Alias": "store_sales", "Startup Cost": 0.44, "Total Cost": 633889.81, "Plan Rows": 4114431, "Plan Width": 4}, {"Node Type": "Hash", "Parent Relationship": "Inner", "Parallel Aware": true, "Async Capable": false, "Startup Cost": 9552.8, "Total Cost": 9552.8, "Plan Rows": 6, "Plan Width": 4, "Plans": [{"Node Type": "Index Scan", "Parent Relationship": "Outer", "Parallel Aware": true, "Async Capable": false, "Scan Direction": "Forward", "Index Name": "item_pkey", "Relation Name": "item", "Alias": "item", "Startup Cost": 0.29, "Total Cost": 9552.8, "Plan Rows": 6, "Plan Width": 4, "Filter": "((i_current_price >= '51'::numeric) AND (i_current_price <= '81'::numeric) AND (i_manufact_id = ANY ('{374,481,738,7}'::integer[])))"}]}]}, {"Node Type": "Hash", "Parent Relationship": "Inner", "Parallel Aware": true, "Async Capable": false, "Startup Cost": 5552367.64, "Total Cost": 5552367.64, "Plan Rows": 7044, "Plan Width": 4, "Plans": [{"Node Type": "Hash Join", "Parent Relationship": "Outer", "Parallel Aware": true, "Async Capable": false, "Join Type": "Inner", "Startup Cost": 3246.11, "Total Cost": 5552367.64, "Plan Rows": 7044, "Plan Width": 4, "Inner Unique": true, "Hash Cond": "(inventory.inv_date_sk = date_dim.d_date_sk)", "Plans": [{"Node Type": "Index Scan", "Parent Relationship": "Outer", "Parallel Aware": true, "Async Capable": false, "Scan Direction": "Forward", "Index Name": "inventory_pkey", "Relation Name": "inventory", "Alias": "inventory", "Startup Cost": 0.57, "Total Cost": 5526979.03, "Plan Rows": 8434967, "Plan Width": 8, "Filter": "((inv_quantity_on_hand >= 100) AND (inv_quantity_on_hand <= 500))"}, {"Node Type": "Hash", "Parent Relationship": "Inner", "Parallel Aware": true, "Async Capable": false, "Startup Cost": 3245.09, "Total Cost": 3245.09, "Plan Rows": 36, "Plan Width": 4, "Plans": [{"Node Type": "Index Scan", "Parent Relationship": "Outer", "Parallel Aware": true, "Async Capable": false, "Scan Direction": "Forward", "Index Name": "date_dim_pkey", "Relation Name": "date_dim", "Alias": "date_dim", "Startup Cost": 0.29, "Total Cost": 3245.09, "Plan Rows": 36, "Plan Width": 4, "Filter": "((d_date >= '1998-04-10'::date) AND (d_date <= '1998-06-09 00:00:00'::timestamp without time zone))"}]}]}]}]}]}]}]}}, {"Plan": {"Node Type": "Aggregate", "Strategy": "Plain", "Partial Mode": "Finalize", "Parallel Aware": false, "Async Capable": false, "Startup Cost": 6206031.82, "Total Cost": 6206031.83, "Plan Rows": 1, "Plan Width": 8, "Plans": [{"Node Type": "Gather", "Parent Relationship": "Outer", "Parallel Aware": false, "Async Capable": false, "Startup Cost": 6206031.09, "Total Cost": 6206031.8, "Plan Rows": 7, "Plan Width": 8, "Workers Planned": 7, "Single Copy": false, "Plans": [{"Node Type": "Aggregate", "Strategy": "Plain", "Partial Mode": "Partial", "Parent Relationship": "Outer", "Parallel Aware": false, "Async Capable": false, "Startup Cost": 6205031.09, "Total Cost": 6205031.1, "Plan Rows": 1, "Plan Width": 8, "Plans": [{"Node Type": "Hash Join", "Parent Relationship": "Outer", "Parallel Aware": true, "Async Capable": false, "Join Type": "Inner", "Startup Cost": 5550104.33, "Total Cost": 6205030.48, "Plan Rows": 242, "Plan Width": 0, "Inner Unique": false, "Hash Cond": "(item.i_item_sk = inventory.inv_item_sk)", "Plans": [{"Node Type": "Merge Join", "Parent Relationship": "Outer", "Parallel Aware": false, "Async Capable": false, "Join Type": "Inner", "Startup Cost": 0.73, "Total Cost": 654924.38, "Plan Rows": 565, "Plan Width": 8, "Inner Unique": true, "Merge Cond": "(store_sales.ss_item_sk = item.i_item_sk)", "Plans": [{"Node Type": "Index Only Scan", "Parent Relationship": "Outer", "Parallel Aware": true, "Async Capable": false, "Scan Direction": "Forward", "Index Name": "store_sales_pkey", "Relation Name": "store_sales", "Alias": "store_sales", "Startup Cost": 0.44, "Total Cost": 633889.81, "Plan Rows": 4114431, "Plan Width": 4}, {"Node Type": "Index Scan", "Parent Relationship": "Inner", "Parallel Aware": false, "Async Capable": false, "Scan Direction": "Forward", "Index Name": "item_pkey", "Relation Name": "item", "Alias": "item", "Startup Cost": 0.29, "Total Cost": 10742.8, "Plan Rows": 14, "Plan Width": 4, "Filter": "((i_current_price >= '51'::numeric) AND (i_current_price <= '81'::numeric) AND (i_manufact_id = ANY ('{374,481,738,7}'::integer[])))"}]}, {"Node Type": "Hash", "Parent Relationship": "Inner", "Parallel Aware": true, "Async Capable": false, "Startup Cost": 5550015.55, "Total Cost": 5550015.55, "Plan Rows": 7044, "Plan Width": 4, "Plans": [{"Node Type": "Merge Join", "Parent Relationship": "Outer", "Parallel Aware": false, "Async Capable": false, "Join Type": "Inner", "Startup Cost": 1818.63, "Total Cost": 5550015.55, "Plan Rows": 7044, "Plan Width": 4, "Inner Unique": true, "Merge Cond": "(inventory.inv_date_sk = date_dim.d_date_sk)", "Plans": [{"Node Type": "Index Scan", "Parent Relationship": "Outer", "Parallel Aware": true, "Async Capable": false, "Scan Direction": "Forward", "Index Name": "inventory_pkey", "Relation Name": "inventory", "Alias": "inventory", "Startup Cost": 0.57, "Total Cost": 5526979.03, "Plan Rows": 8434967, "Plan Width": 8, "Filter": "((inv_quantity_on_hand >= 100) AND (inv_quantity_on_hand <= 500))"}, {"Node Type": "Index Scan", "Parent Relationship": "Inner", "Parallel Aware": false, "Async Capable": false, "Scan Direction": "Forward", "Index Name": "date_dim_pkey", "Relation Name": "date_dim", "Alias": "date_dim", "Startup Cost": 0.29, "Total Cost": 3696.27, "Plan Rows": 61, "Plan Width": 4, "Filter": "((d_date >= '1998-04-10'::date) AND (d_date <= '1998-06-09 00:00:00'::timestamp without time zone))"}]}]}]}]}]}]}}, {"Plan": {"Node Type": "Aggregate", "Strategy": "Plain", "Partial Mode": "Finalize", "Parallel Aware": false, "Async Capable": false, "Startup Cost": 39158.16, "Total Cost": 39158.17, "Plan Rows": 1, "Plan Width": 8, "Plans": [{"Node Type": "Gather", "Parent Relationship": "Outer", "Parallel Aware": false, "Async Capable": false, "Startup Cost": 39157.95, "Total Cost": 39158.16, "Plan Rows": 2, "Plan Width": 8, "Workers Planned": 2, "Single Copy": false, "Plans": [{"Node Type": "Aggregate", "Strategy": "Plain", "Partial Mode": "Partial", "Parent Relationship": "Outer", "Parallel Aware": false, "Async Capable": false, "Startup Cost": 38157.95, "Total Cost": 38157.96, "Plan Rows": 1, "Plan Width": 8, "Plans": [{"Node Type": "Nested Loop", "Parent Relationship": "Outer", "Parallel Aware": false, "Async Capable": false, "Join Type": "Inner", "Startup Cost": 1.59, "Total Cost": 38156.18, "Plan Rows": 706, "Plan Width": 0, "Inner Unique": false, "Plans": [{"Node Type": "Nested Loop", "Parent Relationship": "Outer", "Parallel Aware": false, "Async Capable": false, "Join Type": "Inner", "Startup Cost": 1.15, "Total Cost": 38138.18, "Plan Rows": 2, "Plan Width": 8, "Inner Unique": false, "Plans": [{"Node Type": "Index Scan", "Parent Relationship": "Outer", "Parallel Aware": true, "Async Capable": false, "Scan Direction": "Forward", "Index Name": "item_pkey", "Relation Name": "item", "Alias": "item", "Startup Cost": 0.29, "Total Cost": 9552.8, "Plan Rows": 6, "Plan Width": 4, "Filter": "((i_current_price >= '51'::numeric) AND (i_current_price <= '81'::numeric) AND (i_manufact_id = ANY ('{374,481,738,7}'::integer[])))"}, {"Node Type": "Nested Loop", "Parent Relationship": "Inner", "Parallel Aware": false, "Async Capable": false, "Join Type": "Inner", "Startup Cost": 0.86, "Total Cost": 4763.01, "Plan Rows": 122, "Plan Width": 4, "Inner Unique": false, "Plans": [{"Node Type": "Index Scan", "Parent Relationship": "Outer", "Parallel Aware": false, "Async Capable": false, "Scan Direction": "Forward", "Index Name": "date_dim_pkey", "Relation Name": "date_dim", "Alias": "date_dim", "Startup Cost": 0.29, "Total Cost": 3696.27, "Plan Rows": 61, "Plan Width": 4, "Filter": "((d_date >= '1998-04-10'::date) AND (d_date <= '1998-06-09 00:00:00'::timestamp without time zone))"}, {"Node Type": "Index Scan", "Parent Relationship": "Inner", "Parallel Aware": false, "Async Capable": false, "Scan Direction": "Forward", "Index Name": "inventory_pkey", "Relation Name": "inventory", "Alias": "inventory", "Startup Cost": 0.57, "Total Cost": 17.47, "Plan Rows": 2, "Plan Width": 8, "Index Cond": "((inv_date_sk = date_dim.d_date_sk) AND (inv_item_sk = item.i_item_sk))", "Filter": "((inv_quantity_on_hand >= 100) AND (inv_quantity_on_hand <= 500))"}]}]}, {"Node Type": "Index Only Scan", "Parent Relationship": "Inner", "Parallel Aware": false, "Async Capable": false, "Scan Direction": "Forward", "Index Name": "store_sales_pkey", "Relation Name": "store_sales", "Alias": "store_sales", "Startup Cost": 0.44, "Total Cost": 5.89, "Plan Rows": 311, "Plan Width": 4, "Index Cond": "(ss_item_sk = inventory.inv_item_sk)"}]}]}]}]}}, {"Plan": {"Node Type": "Aggregate", "Strategy": "Plain", "Partial Mode": "Finalize", "Parallel Aware": false, "Async Capable": false, "Startup Cost": 1663539.37, "Total Cost": 1663539.38, "Plan Rows": 1, "Plan Width": 8, "Plans": [{"Node Type": "Gather", "Parent Relationship": "Outer", "Parallel Aware": false, "Async Capable": false, "Startup Cost": 1663538.75, "Total Cost": 1663539.36, "Plan Rows": 6, "Plan Width": 8, "Workers Planned": 6, "Single Copy": false, "Plans": [{"Node Type": "Aggregate", "Strategy": "Plain", "Partial Mode": "Partial", "Parent Relationship": "Outer", "Parallel Aware": false, "Async Capable": false, "Startup Cost": 1662538.75, "Total Cost": 1662538.76, "Plan Rows": 1, "Plan Width": 8, "Plans": [{"Node Type": "Hash Join", "Parent Relationship": "Outer", "Parallel Aware": true, "Async Capable": false, "Join Type": "Inner", "Startup Cost": 1084484.45, "Total Cost": 1662538.04, "Plan Rows": 282, "Plan Width": 0, "Inner Unique": false, "Hash Cond": "(item.i_item_sk = inventory.inv_item_sk)", "Plans": [{"Node Type": "Hash Join", "Parent Relationship": "Outer", "Parallel Aware": true, "Async Capable": false, "Join Type": "Inner", "Startup Cost": 7894.07, "Total Cost": 585944.73, "Plan Rows": 659, "Plan Width": 8, "Inner Unique": true, "Hash Cond": "(store_sales.ss_item_sk = item.i_item_sk)", "Plans": [{"Node Type": "Seq Scan", "Parent Relationship": "Outer", "Parallel Aware": true, "Async Capable": false, "Relation Name": "store_sales", "Alias": "store_sales", "Startup Cost": 0.0, "Total Cost": 565449.69, "Plan Rows": 4800169, "Plan Width": 4}, {"Node Type": "Hash", "Parent Relationship": "Inner", "Parallel Aware": true, "Async Capable": false, "Startup Cost": 7894.0, "Total Cost": 7894.0, "Plan Rows": 6, "Plan Width": 4, "Plans": [{"Node Type": "Seq Scan", "Parent Relationship": "Outer", "Parallel Aware": true, "Async Capable": false, "Relation Name": "item", "Alias": "item", "Startup Cost": 0.0, "Total Cost": 7894.0, "Plan Rows": 6, "Plan Width": 4, "Filter": "((i_current_price >= '51'::numeric) AND (i_current_price <= '81'::numeric) AND (i_manufact_id = ANY ('{374,481,738,7}'::integer[])))"}]}]}, {"Node Type": "Hash", "Parent Relationship": "Inner", "Parallel Aware": true, "Async Capable": false, "Startup Cost": 1076502.33, "Total Cost": 1076502.33, "Plan Rows": 7044, "Plan Width": 4, "Plans": [{"Node Type": "Hash Join", "Parent Relationship": "Outer", "Parallel Aware": true, "Async Capable": false, "Join Type": "Inner", "Startup Cost": 2069.0, "Total Cost": 1076502.33, "Plan Rows": 7044, "Plan Width": 4, "Inner Unique": true, "Hash Cond": "(inventory.inv_date_sk = date_dim.d_date_sk)", "Plans": [{"Node Type": "Seq Scan", "Parent Relationship": "Outer", "Parallel Aware": true, "Async Capable": false, "Relation Name": "inventory", "Alias": "inventory", "Startup Cost": 0.0, "Total Cost": 1052290.26, "Plan Rows": 8434967, "Plan Width": 8, "Filter": "((inv_quantity_on_hand >= 100) AND (inv_quantity_on_hand <= 500))"}, {"Node Type": "Hash", "Parent Relationship": "Inner", "Parallel Aware": true, "Async Capable": false, "Startup Cost": 2068.55, "Total Cost": 2068.55, "Plan Rows": 36, "Plan Width": 4, "Plans": [{"Node Type": "Seq Scan", "Parent Relationship": "Outer", "Parallel Aware": true, "Async Capable": false, "Relation Name": "date_dim", "Alias": "date_dim", "Startup Cost": 0.0, "Total Cost": 2068.55, "Plan Rows": 36, "Plan Width": 4, "Filter": "((d_date >= '1998-04-10'::date) AND (d_date <= '1998-06-09 00:00:00'::timestamp without time zone))"}]}]}]}]}]}]}]}}, {"Plan": {"Node Type": "Aggregate", "Strategy": "Plain", "Partial Mode": "Simple", "Parallel Aware": false, "Async Capable": false, "Startup Cost": 40004118507.32, "Total Cost": 40004118507.33, "Plan Rows": 1, "Plan Width": 8, "Plans": [{"Node Type": "Nested Loop", "Parent Relationship": "Outer", "Parallel Aware": false, "Async Capable": false, "Join Type": "Inner", "Startup Cost": 40004107468.91, "Total Cost": 40004118503.08, "Plan Rows": 1694, "Plan Width": 0, "Inner Unique": false, "Plans": [{"Node Type": "Merge Join", "Parent Relationship": "Outer", "Parallel Aware": false, "Async Capable": false, "Join Type": "Inner", "Startup Cost": 30004107466.05, "Total Cost": 30004118419.96, "Plan Rows": 6, "Plan Width": 8, "Inner Unique": true, "Merge Cond": "(inventory.inv_item_sk = item.i_item_sk)", "Plans": [{"Node Type": "Sort", "Parent Relationship": "Outer", "Parallel Aware": false, "Async Capable": false, "Startup Cost": 20004107465.75, "Total Cost": 20004107571.41, "Plan Rows": 42262, "Plan Width": 4, "Sort Key": ["inventory.inv_item_sk"], "Plans": [{"Node Type": "Nested Loop", "Parent Relationship": "Outer", "Parallel Aware": false, "Async Capable": false, "Join Type": "Inner", "Startup Cost": 20000013705.1, "Total Cost": 20004104218.54, "Plan Rows": 42262, "Plan Width": 4, "Inner Unique": false, "Plans": [{"Node Type": "Index Scan", "Parent Relationship": "Outer", "Parallel Aware": false, "Async Capable": false, "Scan Direction": "Forward", "Index Name": "date_dim_pkey", "Relation Name": "date_dim", "Alias": "date_dim", "Startup Cost": 10000000000.29, "Total Cost": 10000003696.27, "Plan Rows": 61, "Plan Width": 4, "Filter": "((d_date >= '1998-04-10'::date) AND (d_date <= '1998-06-09 00:00:00'::timestamp without time zone))"}, {"Node Type": "Bitmap Heap Scan", "Parent Relationship": "Inner", "Parallel Aware": false, "Async Capable": false, "Relation Name": "inventory", "Alias": "inventory", "Startup Cost": 13704.81, "Total Cost": 65282.61, "Plan Rows": 193907, "Plan Width": 8, "Recheck Cond": "(inv_date_sk = date_dim.d_date_sk)", "Filter": "((inv_quantity_on_hand >= 100) AND (inv_quantity_on_hand <= 500))", "Plans": [{"Node Type": "Bitmap Index Scan", "Parent Relationship": "Outer", "Parallel Aware": false, "Async Capable": false, "Index Name": "inventory_pkey", "Startup Cost": 0.0, "Total Cost": 13656.33, "Plan Rows": 509993, "Plan Width": 0, "Index Cond": "(inv_date_sk = date_dim.d_date_sk)"}]}]}]}, {"Node Type": "Index Scan", "Parent Relationship": "Inner", "Parallel Aware": false, "Async Capable": false, "Scan Direction": "Forward", "Index Name": "item_pkey", "Relation Name": "item", "Alias": "item", "Startup Cost": 10000000000.29, "Total Cost": 10000010742.8, "Plan Rows": 14, "Plan Width": 4, "Filter": "((i_current_price >= '51'::numeric) AND (i_current_price <= '81'::numeric) AND (i_manufact_id = ANY ('{374,481,738,7}'::integer[])))"}]}, {"Node Type": "Bitmap Heap Scan", "Parent Relationship": "Inner", "Parallel Aware": false, "Async Capable": false, "Relation Name": "store_sales", "Alias": "store_sales", "Startup Cost": 2.86, "Total Cost": 10.74, "Plan Rows": 311, "Plan Width": 4, "Recheck Cond": "(inventory.inv_item_sk = ss_item_sk)", "Plans": [{"Node Type": "Bitmap Index Scan", "Parent Relationship": "Outer", "Parallel Aware": false, "Async Capable": false, "Index Name": "store_sales_pkey", "Startup Cost": 0.0, "Total Cost": 2.78, "Plan Rows": 311, "Plan Width": 0, "Index Cond": "(ss_item_sk = inventory.inv_item_sk)"}]}]}]}}, {"Plan": {"Node Type": "Aggregate", "Strategy": "Plain", "Partial Mode": "Simple", "Parallel Aware": false, "Async Capable": false, "Startup Cost": 10005418675.4, "Total Cost": 10005418675.41, "Plan Rows": 1, "Plan Width": 8, "Plans": [{"Node Type": "Nested Loop", "Parent Relationship": "Outer", "Parallel Aware": false, "Async Capable": false, "Join Type": "Inner", "Startup Cost": 10000013708.27, "Total Cost": 10005418671.16, "Plan Rows": 1694, "Plan Width": 0, "Inner Unique": true, "Plans": [{"Node Type": "Nested Loop", "Parent Relationship": "Outer", "Parallel Aware": false, "Async Capable": false, "Join Type": "Inner", "Startup Cost": 10000013707.96, "Total Cost": 10004689721.18, "Plan Rows": 13145090, "Plan Width": 8, "Inner Unique": false, "Plans": [{"Node Type": "Nested Loop", "Parent Relationship": "Outer", "Parallel Aware": false, "Async Capable": false, "Join Type": "Inner", "Startup Cost": 10000013705.1, "Total Cost": 10004104218.54, "Plan Rows": 42262, "Plan Width": 4, "Inner Unique": false, "Plans": [{"Node Type": "Index Scan", "Parent Relationship": "Outer", "Parallel Aware": false, "Async Capable": false, "Scan Direction": "Forward", "Index Name": "date_dim_pkey", "Relation Name": "date_dim", "Alias": "date_dim", "Startup Cost": 10000000000.29, "Total Cost": 10000003696.27, "Plan Rows": 61, "Plan Width": 4, "Filter": "((d_date >= '1998-04-10'::date) AND (d_date <= '1998-06-09 00:00:00'::timestamp without time zone))"}, {"Node Type": "Bitmap Heap Scan", "Parent Relationship": "Inner", "Parallel Aware": false, "Async Capable": false, "Relation Name": "inventory", "Alias": "inventory", "Startup Cost": 13704.81, "Total Cost": 65282.61, "Plan Rows": 193907, "Plan Width": 8, "Recheck Cond": "(inv_date_sk = date_dim.d_date_sk)", "Filter": "((inv_quantity_on_hand >= 100) AND (inv_quantity_on_hand <= 500))", "Plans": [{"Node Type": "Bitmap Index Scan", "Parent Relationship": "Outer", "Parallel Aware": false, "Async Capable": false, "Index Name": "inventory_pkey", "Startup Cost": 0.0, "Total Cost": 13656.33, "Plan Rows": 509993, "Plan Width": 0, "Index Cond": "(inv_date_sk = date_dim.d_date_sk)"}]}]}, {"Node Type": "Bitmap Heap Scan", "Parent Relationship": "Inner", "Parallel Aware": false, "Async Capable": false, "Relation Name": "store_sales", "Alias": "store_sales", "Startup Cost": 2.86, "Total Cost": 10.74, "Plan Rows": 311, "Plan Width": 4, "Recheck Cond": "(inventory.inv_item_sk = ss_item_sk)", "Plans": [{"Node Type": "Bitmap Index Scan", "Parent Relationship": "Outer", "Parallel Aware": false, "Async Capable": false, "Index Name": "store_sales_pkey", "Startup Cost": 0.0, "Total Cost": 2.78, "Plan Rows": 311, "Plan Width": 0, "Index Cond": "(ss_item_sk = inventory.inv_item_sk)"}]}]}, {"Node Type": "Memoize", "Parent Relationship": "Inner", "Parallel Aware": false, "Async Capable": false, "Startup Cost": 0.31, "Total Cost": 4.33, "Plan Rows": 1, "Plan Width": 4, "Cache Key": "inventory.inv_item_sk", "Cache Mode": "logical", "Plans": [{"Node Type": "Bitmap Heap Scan", "Parent Relationship": "Outer", "Parallel Aware": false, "Async Capable": false, "Relation Name": "item", "Alias": "item", "Startup Cost": 0.3, "Total Cost": 4.32, "Plan Rows": 1, "Plan Width": 4, "Recheck Cond": "(i_item_sk = inventory.inv_item_sk)", "Filter": "((i_current_price >= '51'::numeric) AND (i_current_price <= '81'::numeric) AND (i_manufact_id = ANY ('{374,481,738,7}'::integer[])))", "Plans": [{"Node Type": "Bitmap Index Scan", "Parent Relationship": "Outer", "Parallel Aware": false, "Async Capable": false, "Index Name": "item_pkey", "Startup Cost": 0.0, "Total Cost": 0.3, "Plan Rows": 1, "Plan Width": 0, "Index Cond": "(i_item_sk = inventory.inv_item_sk)"}]}]}]}]}}, {"Plan": {"Node Type": "Aggregate", "Strategy": "Plain", "Partial Mode": "Finalize", "Parallel Aware": false, "Async Capable": false, "Startup Cost": 34559.48, "Total Cost": 34559.49, "Plan Rows": 1, "Plan Width": 8, "Plans": [{"Node Type": "Gather", "Parent Relationship": "Outer", "Parallel Aware": false, "Async Capable": false, "Startup Cost": 34559.27, "Total Cost": 34559.48, "Plan Rows": 2, "Plan Width": 8, "Workers Planned": 2, "Single Copy": false, "Plans": [{"Node Type": "Aggregate", "Strategy": "Plain", "Partial Mode": "Partial", "Parent Relationship": "Outer", "Parallel Aware": false, "Async Capable": false, "Startup Cost": 33559.27, "Total Cost": 33559.28, "Plan Rows": 1, "Plan Width": 8, "Plans": [{"Node Type": "Nested Loop", "Parent Relationship": "Outer", "Parallel Aware": false, "Async Capable": false, "Join Type": "Inner", "Startup Cost": 7.48, "Total Cost": 33557.5, "Plan Rows": 706, "Plan Width": 0, "Inner Unique": false, "Plans": [{"Node Type": "Nested Loop", "Parent Relationship": "Outer", "Parallel Aware": false, "Async Capable": false, "Join Type": "Inner", "Startup Cost": 4.63, "Total Cost": 33529.79, "Plan Rows": 2, "Plan Width": 8, "Inner Unique": false, "Plans": [{"Node Type": "Seq Scan", "Parent Relationship": "Outer", "Parallel Aware": true, "Async Capable": false, "Relation Name": "item", "Alias": "item", "Startup Cost": 0.0, "Total Cost": 7894.0, "Plan Rows": 6, "Plan Width": 4, "Filter": "((i_current_price >= '51'::numeric) AND (i_current_price <= '81'::numeric) AND (i_manufact_id = ANY ('{374,481,738,7}'::integer[])))"}, {"Node Type": "Nested Loop", "Parent Relationship": "Inner", "Parallel Aware": false, "Async Capable": false, "Join Type": "Inner", "Startup Cost": 4.63, "Total Cost": 4271.41, "Plan Rows": 122, "Plan Width": 4, "Inner Unique": false, "Plans": [{"Node Type": "Seq Scan", "Parent Relationship": "Outer", "Parallel Aware": false, "Async Capable": false, "Relation Name": "date_dim", "Alias": "date_dim", "Startup Cost": 0.0, "Total Cost": 2519.73, "Plan Rows": 61, "Plan Width": 4, "Filter": "((d_date >= '1998-04-10'::date) AND (d_date <= '1998-06-09 00:00:00'::timestamp without time zone))"}, {"Node Type": "Bitmap Heap Scan", "Parent Relationship": "Inner", "Parallel Aware": false, "Async Capable": false, "Relation Name": "inventory", "Alias": "inventory", "Startup Cost": 4.63, "Total Cost": 28.7, "Plan Rows": 2, "Plan Width": 8, "Recheck Cond": "((inv_date_sk = date_dim.d_date_sk) AND (item.i_item_sk = inv_item_sk))", "Filter": "((inv_quantity_on_hand >= 100) AND (inv_quantity_on_hand <= 500))", "Plans": [{"Node Type": "Bitmap Index Scan", "Parent Relationship": "Outer", "Parallel Aware": false, "Async Capable": false, "Index Name": "inventory_pkey", "Startup Cost": 0.0, "Total Cost": 4.63, "Plan Rows": 6, "Plan Width": 0, "Index Cond": "((inv_date_sk = date_dim.d_date_sk) AND (inv_item_sk = item.i_item_sk))"}]}]}]}, {"Node Type": "Bitmap Heap Scan", "Parent Relationship": "Inner", "Parallel Aware": false, "Async Capable": false, "Relation Name": "store_sales", "Alias": "store_sales", "Startup Cost": 2.86, "Total Cost": 10.74, "Plan Rows": 311, "Plan Width": 4, "Recheck Cond": "(inventory.inv_item_sk = ss_item_sk)", "Plans": [{"Node Type": "Bitmap Index Scan", "Parent Relationship": "Outer", "Parallel Aware": false, "Async Capable": false, "Index Name": "store_sales_pkey", "Startup Cost": 0.0, "Total Cost": 2.78, "Plan Rows": 311, "Plan Width": 0, "Index Cond": "(ss_item_sk = inventory.inv_item_sk)"}]}]}]}]}]}}, {"Plan": {"Node Type": "Aggregate", "Strategy": "Plain", "Partial Mode": "Finalize", "Parallel Aware": false, "Async Capable": false, "Startup Cost": 8286112.99, "Total Cost": 8286113.0, "Plan Rows": 1, "Plan Width": 8, "Plans": [{"Node Type": "Gather", "Parent Relationship": "Outer", "Parallel Aware": false, "Async Capable": false, "Startup Cost": 8286112.36, "Total Cost": 8286112.97, "Plan Rows": 6, "Plan Width": 8, "Workers Planned": 6, "Single Copy": false, "Plans": [{"Node Type": "Aggregate", "Strategy": "Plain", "Partial Mode": "Partial", "Parent Relationship": "Outer", "Parallel Aware": false, "Async Capable": false, "Startup Cost": 8285112.36, "Total Cost": 8285112.37, "Plan Rows": 1, "Plan Width": 8, "Plans": [{"Node Type": "Hash Join", "Parent Relationship": "Outer", "Parallel Aware": true, "Async Capable": false, "Join Type": "Inner", "Startup Cost": 5562009.01, "Total Cost": 8285111.66, "Plan Rows": 282, "Plan Width": 0, "Inner Unique": false, "Hash Cond": "(item.i_item_sk = inventory.inv_item_sk)", "Plans": [{"Node Type": "Hash Join", "Parent Relationship": "Outer", "Parallel Aware": true, "Async Capable": false, "Join Type": "Inner", "Startup Cost": 9553.31, "Total Cost": 2732653.03, "Plan Rows": 659, "Plan Width": 8, "Inner Unique": true, "Hash Cond": "(store_sales.ss_item_sk = item.i_item_sk)", "Plans": [{"Node Type": "Index Scan", "Parent Relationship": "Outer", "Parallel Aware": true, "Async Capable": false, "Scan Direction": "Forward", "Index Name": "store_sales_pkey", "Relation Name": "store_sales", "Alias": "store_sales", "Startup Cost": 0.44, "Total Cost": 2710499.19, "Plan Rows": 4800169, "Plan Width": 4}, {"Node Type": "Hash", "Parent Relationship": "Inner", "Parallel Aware": true, "Async Capable": false, "Startup Cost": 9552.8, "Total Cost": 9552.8, "Plan Rows": 6, "Plan Width": 4, "Plans": [{"Node Type": "Index Scan", "Parent Relationship": "Outer", "Parallel Aware": true, "Async Capable": false, "Scan Direction": "Forward", "Index Name": "item_pkey", "Relation Name": "item", "Alias": "item", "Startup Cost": 0.29, "Total Cost": 9552.8, "Plan Rows": 6, "Plan Width": 4, "Filter": "((i_current_price >= '51'::numeric) AND (i_current_price <= '81'::numeric) AND (i_manufact_id = ANY ('{374,481,738,7}'::integer[])))"}]}]}, {"Node Type": "Hash", "Parent Relationship": "Inner", "Parallel Aware": true, "Async Capable": false, "Startup Cost": 5552367.64, "Total Cost": 5552367.64, "Plan Rows": 7044, "Plan Width": 4, "Plans": [{"Node Type": "Hash Join", "Parent Relationship": "Outer", "Parallel Aware": true, "Async Capable": false, "Join Type": "Inner", "Startup Cost": 3246.11, "Total Cost": 5552367.64, "Plan Rows": 7044, "Plan Width": 4, "Inner Unique": true, "Hash Cond": "(inventory.inv_date_sk = date_dim.d_date_sk)", "Plans": [{"Node Type": "Index Scan", "Parent Relationship": "Outer", "Parallel Aware": true, "Async Capable": false, "Scan Direction": "Forward", "Index Name": "inventory_pkey", "Relation Name": "inventory", "Alias": "inventory", "Startup Cost": 0.57, "Total Cost": 5526979.03, "Plan Rows": 8434967, "Plan Width": 8, "Filter": "((inv_quantity_on_hand >= 100) AND (inv_quantity_on_hand <= 500))"}, {"Node Type": "Hash", "Parent Relationship": "Inner", "Parallel Aware": true, "Async Capable": false, "Startup Cost": 3245.09, "Total Cost": 3245.09, "Plan Rows": 36, "Plan Width": 4, "Plans": [{"Node Type": "Index Scan", "Parent Relationship": "Outer", "Parallel Aware": true, "Async Capable": false, "Scan Direction": "Forward", "Index Name": "date_dim_pkey", "Relation Name": "date_dim", "Alias": "date_dim", "Startup Cost": 0.29, "Total Cost": 3245.09, "Plan Rows": 36, "Plan Width": 4, "Filter": "((d_date >= '1998-04-10'::date) AND (d_date <= '1998-06-09 00:00:00'::timestamp without time zone))"}]}]}]}]}]}]}]}}, {"Plan": {"Node Type": "Aggregate", "Strategy": "Plain", "Partial Mode": "Finalize", "Parallel Aware": false, "Async Capable": false, "Startup Cost": 8284356.9, "Total Cost": 8284356.91, "Plan Rows": 1, "Plan Width": 8, "Plans": [{"Node Type": "Gather", "Parent Relationship": "Outer", "Parallel Aware": false, "Async Capable": false, "Startup Cost": 8284356.27, "Total Cost": 8284356.88, "Plan Rows": 6, "Plan Width": 8, "Workers Planned": 6, "Single Copy": false, "Plans": [{"Node Type": "Aggregate", "Strategy": "Plain", "Partial Mode": "Partial", "Parent Relationship": "Outer", "Parallel Aware": false, "Async Capable": false, "Startup Cost": 8283356.27, "Total Cost": 8283356.28, "Plan Rows": 1, "Plan Width": 8, "Plans": [{"Node Type": "Hash Join", "Parent Relationship": "Outer", "Parallel Aware": true, "Async Capable": false, "Join Type": "Inner", "Startup Cost": 5550104.33, "Total Cost": 8283355.57, "Plan Rows": 282, "Plan Width": 0, "Inner Unique": false, "Hash Cond": "(item.i_item_sk = inventory.inv_item_sk)", "Plans": [{"Node Type": "Merge Join", "Parent Relationship": "Outer", "Parallel Aware": false, "Async Capable": false, "Join Type": "Inner", "Startup Cost": 0.73, "Total Cost": 2733249.04, "Plan Rows": 659, "Plan Width": 8, "Inner Unique": true, "Merge Cond": "(store_sales.ss_item_sk = item.i_item_sk)", "Plans": [{"Node Type": "Index Scan", "Parent Relationship": "Outer", "Parallel Aware": true, "Async Capable": false, "Scan Direction": "Forward", "Index Name": "store_sales_pkey", "Relation Name": "store_sales", "Alias": "store_sales", "Startup Cost": 0.44, "Total Cost": 2710499.19, "Plan Rows": 4800169, "Plan Width": 4}, {"Node Type": "Index Scan", "Parent Relationship": "Inner", "Parallel Aware": false, "Async Capable": false, "Scan Direction": "Forward", "Index Name": "item_pkey", "Relation Name": "item", "Alias": "item", "Startup Cost": 0.29, "Total Cost": 10742.8, "Plan Rows": 14, "Plan Width": 4, "Filter": "((i_current_price >= '51'::numeric) AND (i_current_price <= '81'::numeric) AND (i_manufact_id = ANY ('{374,481,738,7}'::integer[])))"}]}, {"Node Type": "Hash", "Parent Relationship": "Inner", "Parallel Aware": true, "Async Capable": false, "Startup Cost": 5550015.55, "Total Cost": 5550015.55, "Plan Rows": 7044, "Plan Width": 4, "Plans": [{"Node Type": "Merge Join", "Parent Relationship": "Outer", "Parallel Aware": false, "Async Capable": false, "Join Type": "Inner", "Startup Cost": 1818.63, "Total Cost": 5550015.55, "Plan Rows": 7044, "Plan Width": 4, "Inner Unique": true, "Merge Cond": "(inventory.inv_date_sk = date_dim.d_date_sk)", "Plans": [{"Node Type": "Index Scan", "Parent Relationship": "Outer", "Parallel Aware": true, "Async Capable": false, "Scan Direction": "Forward", "Index Name": "inventory_pkey", "Relation Name": "inventory", "Alias": "inventory", "Startup Cost": 0.57, "Total Cost": 5526979.03, "Plan Rows": 8434967, "Plan Width": 8, "Filter": "((inv_quantity_on_hand >= 100) AND (inv_quantity_on_hand <= 500))"}, {"Node Type": "Index Scan", "Parent Relationship": "Inner", "Parallel Aware": false, "Async Capable": false, "Scan Direction": "Forward", "Index Name": "date_dim_pkey", "Relation Name": "date_dim", "Alias": "date_dim", "Startup Cost": 0.29, "Total Cost": 3696.27, "Plan Rows": 61, "Plan Width": 4, "Filter": "((d_date >= '1998-04-10'::date) AND (d_date <= '1998-06-09 00:00:00'::timestamp without time zone))"}]}]}]}]}]}]}}, {"Plan": {"Node Type": "Aggregate", "Strategy": "Plain", "Partial Mode": "Finalize", "Parallel Aware": false, "Async Capable": false, "Startup Cost": 39158.24, "Total Cost": 39158.25, "Plan Rows": 1, "Plan Width": 8, "Plans": [{"Node Type": "Gather", "Parent Relationship": "Outer", "Parallel Aware": false, "Async Capable": false, "Startup Cost": 39158.03, "Total Cost": 39158.24, "Plan Rows": 2, "Plan Width": 8, "Workers Planned": 2, "Single Copy": false, "Plans": [{"Node Type": "Aggregate", "Strategy": "Plain", "Partial Mode": "Partial", "Parent Relationship": "Outer", "Parallel Aware": false, "Async Capable": false, "Startup Cost": 38158.03, "Total Cost": 38158.04, "Plan Rows": 1, "Plan Width": 8, "Plans": [{"Node Type": "Nested Loop", "Parent Relationship": "Outer", "Parallel Aware": false, "Async Capable": false, "Join Type": "Inner", "Startup Cost": 1.59, "Total Cost": 38156.26, "Plan Rows": 706, "Plan Width": 0, "Inner Unique": false, "Plans": [{"Node Type": "Nested Loop", "Parent Relationship": "Outer", "Parallel Aware": false, "Async Capable": false, "Join Type": "Inner", "Startup Cost": 1.15, "Total Cost": 38138.18, "Plan Rows": 2, "Plan Width": 8, "Inner Unique": false, "Plans": [{"Node Type": "Index Scan", "Parent Relationship": "Outer", "Parallel Aware": true, "Async Capable": false, "Scan Direction": "Forward", "Index Name": "item_pkey", "Relation Name": "item", "Alias": "item", "Startup Cost": 0.29, "Total Cost": 9552.8, "Plan Rows": 6, "Plan Width": 4, "Filter": "((i_current_price >= '51'::numeric) AND (i_current_price <= '81'::numeric) AND (i_manufact_id = ANY ('{374,481,738,7}'::integer[])))"}, {"Node Type": "Nested Loop", "Parent Relationship": "Inner", "Parallel Aware": false, "Async Capable": false, "Join Type": "Inner", "Startup Cost": 0.86, "Total Cost": 4763.01, "Plan Rows": 122, "Plan Width": 4, "Inner Unique": false, "Plans": [{"Node Type": "Index Scan", "Parent Relationship": "Outer", "Parallel Aware": false, "Async Capable": false, "Scan Direction": "Forward", "Index Name": "date_dim_pkey", "Relation Name": "date_dim", "Alias": "date_dim", "Startup Cost": 0.29, "Total Cost": 3696.27, "Plan Rows": 61, "Plan Width": 4, "Filter": "((d_date >= '1998-04-10'::date) AND (d_date <= '1998-06-09 00:00:00'::timestamp without time zone))"}, {"Node Type": "Index Scan", "Parent Relationship": "Inner", "Parallel Aware": false, "Async Capable": false, "Scan Direction": "Forward", "Index Name": "inventory_pkey", "Relation Name": "inventory", "Alias": "inventory", "Startup Cost": 0.57, "Total Cost": 17.47, "Plan Rows": 2, "Plan Width": 8, "Index Cond": "((inv_date_sk = date_dim.d_date_sk) AND (inv_item_sk = item.i_item_sk))", "Filter": "((inv_quantity_on_hand >= 100) AND (inv_quantity_on_hand <= 500))"}]}]}, {"Node Type": "Index Scan", "Parent Relationship": "Inner", "Parallel Aware": false, "Async Capable": false, "Scan Direction": "Forward", "Index Name": "store_sales_pkey", "Relation Name": "store_sales", "Alias": "store_sales", "Startup Cost": 0.44, "Total Cost": 5.93, "Plan Rows": 311, "Plan Width": 4, "Index Cond": "(ss_item_sk = inventory.inv_item_sk)"}]}]}]}]}}, {"Plan": {"Node Type": "Aggregate", "Strategy": "Plain", "Partial Mode": "Finalize", "Parallel Aware": false, "Async Capable": false, "Startup Cost": 30440.21, "Total Cost": 30440.22, "Plan Rows": 1, "Plan Width": 8, "Plans": [{"Node Type": "Gather", "Parent Relationship": "Outer", "Parallel Aware": false, "Async Capable": false, "Startup Cost": 30440.0, "Total Cost": 30440.21, "Plan Rows": 2, "Plan Width": 8, "Workers Planned": 2, "Single Copy": false, "Plans": [{"Node Type": "Aggregate", "Strategy": "Plain", "Partial Mode": "Partial", "Parent Relationship": "Outer", "Parallel Aware": false, "Async Capable": false, "Startup Cost": 29440.0, "Total Cost": 29440.01, "Plan Rows": 1, "Plan Width": 8, "Plans": [{"Node Type": "Nested Loop", "Parent Relationship": "Outer", "Parallel Aware": false, "Async Capable": false, "Join Type": "Inner", "Startup Cost": 1.0, "Total Cost": 29438.23, "Plan Rows": 706, "Plan Width": 0, "Inner Unique": false, "Plans": [{"Node Type": "Nested Loop", "Parent Relationship": "Outer", "Parallel Aware": false, "Async Capable": false, "Join Type": "Inner", "Startup Cost": 0.57, "Total Cost": 29420.15, "Plan Rows": 2, "Plan Width": 8, "Inner Unique": false, "Plans": [{"Node Type": "Seq Scan", "Parent Relationship": "Outer", "Parallel Aware": true, "Async Capable": false, "Relation Name": "item", "Alias": "item", "Startup Cost": 0.0, "Total Cost": 7894.0, "Plan Rows": 6, "Plan Width": 4, "Filter": "((i_current_price >= '51'::numeric) AND (i_current_price <= '81'::numeric) AND (i_manufact_id = ANY ('{374,481,738,7}'::integer[])))"}, {"Node Type": "Nested Loop", "Parent Relationship": "Inner", "Parallel Aware": false, "Async Capable": false, "Join Type": "Inner", "Startup Cost": 0.57, "Total Cost": 3586.47, "Plan Rows": 122, "Plan Width": 4, "Inner Unique": false, "Plans": [{"Node Type": "Seq Scan", "Parent Relationship": "Outer", "Parallel Aware": false, "Async Capable": false, "Relation Name": "date_dim", "Alias": "date_dim", "Startup Cost": 0.0, "Total Cost": 2519.73, "Plan Rows": 61, "Plan Width": 4, "Filter": "((d_date >= '1998-04-10'::date) AND (d_date <= '1998-06-09 00:00:00'::timestamp without time zone))"}, {"Node Type": "Index Scan", "Parent Relationship": "Inner", "Parallel Aware": false, "Async Capable": false, "Scan Direction": "Forward", "Index Name": "inventory_pkey", "Relation Name": "inventory", "Alias": "inventory", "Startup Cost": 0.57, "Total Cost": 17.47, "Plan Rows": 2, "Plan Width": 8, "Index Cond": "((inv_date_sk = date_dim.d_date_sk) AND (inv_item_sk = item.i_item_sk))", "Filter": "((inv_quantity_on_hand >= 100) AND (inv_quantity_on_hand <= 500))"}]}]}, {"Node Type": "Index Scan", "Parent Relationship": "Inner", "Parallel Aware": false, "Async Capable": false, "Scan Direction": "Forward", "Index Name": "store_sales_pkey", "Relation Name": "store_sales", "Alias": "store_sales", "Startup Cost": 0.44, "Total Cost": 5.93, "Plan Rows": 311, "Plan Width": 4, "Index Cond": "(ss_item_sk = inventory.inv_item_sk)"}]}]}]}]}}, {"Plan": {"Node Type": "Aggregate", "Strategy": "Plain", "Partial Mode": "Simple", "Parallel Aware": false, "Async Capable": false, "Startup Cost": 6215139.51, "Total Cost": 6215139.52, "Plan Rows": 1, "Plan Width": 8, "Plans": [{"Node Type": "Merge Join", "Parent Relationship": "Outer", "Parallel Aware": false, "Async Capable": false, "Join Type": "Inner", "Startup Cost": 5559489.82, "Total Cost": 6215135.27, "Plan Rows": 1694, "Plan Width": 0, "Inner Unique": false, "Merge Cond": "(item.i_item_sk = inventory.inv_item_sk)", "Plans": [{"Node Type": "Gather Merge", "Parent Relationship": "Outer", "Parallel Aware": false, "Async Capable": false, "Startup Cost": 1000.85, "Total Cost": 656408.74, "Plan Rows": 3953, "Plan Width": 8, "Workers Planned": 7, "Plans": [{"Node Type": "Merge Join", "Parent Relationship": "Outer", "Parallel Aware": false, "Async Capable": false, "Join Type": "Inner", "Startup Cost": 0.73, "Total Cost": 654924.38, "Plan Rows": 565, "Plan Width": 8, "Inner Unique": true, "Merge Cond": "(store_sales.ss_item_sk = item.i_item_sk)", "Plans": [{"Node Type": "Index Only Scan", "Parent Relationship": "Outer", "Parallel Aware": true, "Async Capable": false, "Scan Direction": "Forward", "Index Name": "store_sales_pkey", "Relation Name": "store_sales", "Alias": "store_sales", "Startup Cost": 0.44, "Total Cost": 633889.81, "Plan Rows": 4114431, "Plan Width": 4}, {"Node Type": "Index Scan", "Parent Relationship": "Inner", "Parallel Aware": false, "Async Capable": false, "Scan Direction": "Forward", "Index Name": "item_pkey", "Relation Name": "item", "Alias": "item", "Startup Cost": 0.29, "Total Cost": 10742.8, "Plan Rows": 14, "Plan Width": 4, "Filter": "((i_current_price >= '51'::numeric) AND (i_current_price <= '81'::numeric) AND (i_manufact_id = ANY ('{374,481,738,7}'::integer[])))"}]}]}, {"Node Type": "Sort", "Parent Relationship": "Inner", "Parallel Aware": false, "Async Capable": false, "Startup Cost": 5558488.96, "Total Cost": 5558594.62, "Plan Rows": 42262, "Plan Width": 4, "Sort Key": ["inventory.inv_item_sk"], "Plans": [{"Node Type": "Gather", "Parent Relationship": "Outer", "Parallel Aware": false, "Async Capable": false, "Startup Cost": 2818.63, "Total Cost": 5555241.75, "Plan Rows": 42262, "Plan Width": 4, "Workers Planned": 6, "Single Copy": false, "Plans": [{"Node Type": "Merge Join", "Parent Relationship": "Outer", "Parallel Aware": false, "Async Capable": false, "Join Type": "Inner", "Startup Cost": 1818.63, "Total Cost": 5550015.55, "Plan Rows": 7044, "Plan Width": 4, "Inner Unique": true, "Merge Cond": "(inventory.inv_date_sk = date_dim.d_date_sk)", "Plans": [{"Node Type": "Index Scan", "Parent Relationship": "Outer", "Parallel Aware": true, "Async Capable": false, "Scan Direction": "Forward", "Index Name": "inventory_pkey", "Relation Name": "inventory", "Alias": "inventory", "Startup Cost": 0.57, "Total Cost": 5526979.03, "Plan Rows": 8434967, "Plan Width": 8, "Filter": "((inv_quantity_on_hand >= 100) AND (inv_quantity_on_hand <= 500))"}, {"Node Type": "Index Scan", "Parent Relationship": "Inner", "Parallel Aware": false, "Async Capable": false, "Scan Direction": "Forward", "Index Name": "date_dim_pkey", "Relation Name": "date_dim", "Alias": "date_dim", "Startup Cost": 0.29, "Total Cost": 3696.27, "Plan Rows": 61, "Plan Width": 4, "Filter": "((d_date >= '1998-04-10'::date) AND (d_date <= '1998-06-09 00:00:00'::timestamp without time zone))"}]}]}]}]}]}}, {"Plan": {"Node Type": "Aggregate", "Strategy": "Plain", "Partial Mode": "Simple", "Parallel Aware": false, "Async Capable": false, "Startup Cost": 2846204.23, "Total Cost": 2846204.24, "Plan Rows": 1, "Plan Width": 8, "Plans": [{"Node Type": "Merge Join", "Parent Relationship": "Outer", "Parallel Aware": false, "Async Capable": false, "Join Type": "Inner", "Startup Cost": 2201297.02, "Total Cost": 2846199.99, "Plan Rows": 1694, "Plan Width": 0, "Inner Unique": false, "Merge Cond": "(item.i_item_sk = inventory.inv_item_sk)", "Plans": [{"Node Type": "Gather Merge", "Parent Relationship": "Outer", "Parallel Aware": false, "Async Capable": false, "Startup Cost": 10084.82, "Total Cost": 654750.24, "Plan Rows": 3953, "Plan Width": 8, "Workers Planned": 7, "Plans": [{"Node Type": "Merge Join", "Parent Relationship": "Outer", "Parallel Aware": false, "Async Capable": false, "Join Type": "Inner", "Startup Cost": 9084.7, "Total Cost": 653265.88, "Plan Rows": 565, "Plan Width": 8, "Inner Unique": true, "Merge Cond": "(store_sales.ss_item_sk = item.i_item_sk)", "Plans": [{"Node Type": "Index Only Scan", "Parent Relationship": "Outer", "Parallel Aware": true, "Async Capable": false, "Scan Direction": "Forward", "Index Name": "store_sales_pkey", "Relation Name": "store_sales", "Alias": "store_sales", "Startup Cost": 0.44, "Total Cost": 633889.81, "Plan Rows": 4114431, "Plan Width": 4}, {"Node Type": "Sort", "Parent Relationship": "Inner", "Parallel Aware": false, "Async Capable": false, "Startup Cost": 9084.27, "Total Cost": 9084.3, "Plan Rows": 14, "Plan Width": 4, "Sort Key": ["item.i_item_sk"], "Plans": [{"Node Type": "Seq Scan", "Parent Relationship": "Outer", "Parallel Aware": false, "Async Capable": false, "Relation Name": "item", "Alias": "item", "Startup Cost": 0.0, "Total Cost": 9084.0, "Plan Rows": 14, "Plan Width": 4, "Filter": "((i_current_price >= '51'::numeric) AND (i_current_price <= '81'::numeric) AND (i_manufact_id = ANY ('{374,481,738,7}'::integer[])))"}]}]}]}, {"Node Type": "Sort", "Parent Relationship": "Inner", "Parallel Aware": false, "Async Capable": false, "Startup Cost": 2191212.19, "Total Cost": 2191317.84, "Plan Rows": 42262, "Plan Width": 4, "Sort Key": ["inventory.inv_item_sk"], "Plans": [{"Node Type": "Gather", "Parent Relationship": "Outer", "Parallel Aware": false, "Async Capable": false, "Startup Cost": 2141493.49, "Total Cost": 2187964.97, "Plan Rows": 42262, "Plan Width": 4, "Workers Planned": 6, "Single Copy": false, "Plans": [{"Node Type": "Merge Join", "Parent Relationship": "Outer", "Parallel Aware": false, "Async Capable": false, "Join Type": "Inner", "Startup Cost": 2140493.49, "Total Cost": 2182738.77, "Plan Rows": 7044, "Plan Width": 4, "Inner Unique": true, "Merge Cond": "(inventory.inv_date_sk = date_dim.d_date_sk)", "Plans": [{"Node Type": "Sort", "Parent Relationship": "Outer", "Parallel Aware": false, "Async Capable": false, "Startup Cost": 2137971.8, "Total Cost": 2159059.21, "Plan Rows": 8434967, "Plan Width": 8, "Sort Key": ["inventory.inv_date_sk"], "Plans": [{"Node Type": "Seq Scan", "Parent Relationship": "Outer", "Parallel Aware": true, "Async Capable": false, "Relation Name": "inventory", "Alias": "inventory", "Startup Cost": 0.0, "Total Cost": 1052290.26, "Plan Rows": 8434967, "Plan Width": 8, "Filter": "((inv_quantity_on_hand >= 100) AND (inv_quantity_on_hand <= 500))"}]}, {"Node Type": "Sort", "Parent Relationship": "Inner", "Parallel Aware": false, "Async Capable": false, "Startup Cost": 2521.54, "Total Cost": 2521.7, "Plan Rows": 61, "Plan Width": 4, "Sort Key": ["date_dim.d_date_sk"], "Plans": [{"Node Type": "Seq Scan", "Parent Relationship": "Outer", "Parallel Aware": false, "Async Capable": false, "Relation Name": "date_dim", "Alias": "date_dim", "Startup Cost": 0.0, "Total Cost": 2519.73, "Plan Rows": 61, "Plan Width": 4, "Filter": "((d_date >= '1998-04-10'::date) AND (d_date <= '1998-06-09 00:00:00'::timestamp without time zone))"}]}]}]}]}]}]}}, {"Plan": {"Node Type": "Aggregate", "Strategy": "Plain", "Partial Mode": "Simple", "Parallel Aware": false, "Async Capable": false, "Startup Cost": 3324166.43, "Total Cost": 3324166.44, "Plan Rows": 1, "Plan Width": 8, "Plans": [{"Node Type": "Merge Join", "Parent Relationship": "Outer", "Parallel Aware": false, "Async Capable": false, "Join Type": "Inner", "Startup Cost": 3299436.69, "Total Cost": 3324162.19, "Plan Rows": 1694, "Plan Width": 0, "Inner Unique": false, "Merge Cond": "(item.i_item_sk = inventory.inv_item_sk)", "Plans": [{"Node Type": "Gather Merge", "Parent Relationship": "Outer", "Parallel Aware": false, "Async Capable": false, "Startup Cost": 1108224.5, "Total Cost": 1132712.44, "Plan Rows": 3953, "Plan Width": 8, "Workers Planned": 6, "Plans": [{"Node Type": "Merge Join", "Parent Relationship": "Outer", "Parallel Aware": false, "Async Capable": false, "Join Type": "Inner", "Startup Cost": 1107224.4, "Total Cost": 1131231.91, "Plan Rows": 659, "Plan Width": 8, "Inner Unique": true, "Merge Cond": "(store_sales.ss_item_sk = item.i_item_sk)", "Plans": [{"Node Type": "Sort", "Parent Relationship": "Outer", "Parallel Aware": false, "Async Capable": false, "Startup Cost": 1098140.13, "Total Cost": 1110140.56, "Plan Rows": 4800169, "Plan Width": 4, "Sort Key": ["store_sales.ss_item_sk"], "Plans": [{"Node Type": "Seq Scan", "Parent Relationship": "Outer", "Parallel Aware": true, "Async Capable": false, "Relation Name": "store_sales", "Alias": "store_sales", "Startup Cost": 0.0, "Total Cost": 565449.69, "Plan Rows": 4800169, "Plan Width": 4}]}, {"Node Type": "Sort", "Parent Relationship": "Inner", "Parallel Aware": false, "Async Capable": false, "Startup Cost": 9084.27, "Total Cost": 9084.3, "Plan Rows": 14, "Plan Width": 4, "Sort Key": ["item.i_item_sk"], "Plans": [{"Node Type": "Seq Scan", "Parent Relationship": "Outer", "Parallel Aware": false, "Async Capable": false, "Relation Name": "item", "Alias": "item", "Startup Cost": 0.0, "Total Cost": 9084.0, "Plan Rows": 14, "Plan Width": 4, "Filter": "((i_current_price >= '51'::numeric) AND (i_current_price <= '81'::numeric) AND (i_manufact_id = ANY ('{374,481,738,7}'::integer[])))"}]}]}]}, {"Node Type": "Sort", "Parent Relationship": "Inner", "Parallel Aware": false, "Async Capable": false, "Startup Cost": 2191212.19, "Total Cost": 2191317.84, "Plan Rows": 42262, "Plan Width": 4, "Sort Key": ["inventory.inv_item_sk"], "Plans": [{"Node Type": "Gather", "Parent Relationship": "Outer", "Parallel Aware": false, "Async Capable": false, "Startup Cost": 2141493.49, "Total Cost": 2187964.97, "Plan Rows": 42262, "Plan Width": 4, "Workers Planned": 6, "Single Copy": false, "Plans": [{"Node Type": "Merge Join", "Parent Relationship": "Outer", "Parallel Aware": false, "Async Capable": false, "Join Type": "Inner", "Startup Cost": 2140493.49, "Total Cost": 2182738.77, "Plan Rows": 7044, "Plan Width": 4, "Inner Unique": true, "Merge Cond": "(inventory.inv_date_sk = date_dim.d_date_sk)", "Plans": [{"Node Type": "Sort", "Parent Relationship": "Outer", "Parallel Aware": false, "Async Capable": false, "Startup Cost": 2137971.8, "Total Cost": 2159059.21, "Plan Rows": 8434967, "Plan Width": 8, "Sort Key": ["inventory.inv_date_sk"], "Plans": [{"Node Type": "Seq Scan", "Parent Relationship": "Outer", "Parallel Aware": true, "Async Capable": false, "Relation Name": "inventory", "Alias": "inventory", "Startup Cost": 0.0, "Total Cost": 1052290.26, "Plan Rows": 8434967, "Plan Width": 8, "Filter": "((inv_quantity_on_hand >= 100) AND (inv_quantity_on_hand <= 500))"}]}, {"Node Type": "Sort", "Parent Relationship": "Inner", "Parallel Aware": false, "Async Capable": false, "Startup Cost": 2521.54, "Total Cost": 2521.7, "Plan Rows": 61, "Plan Width": 4, "Sort Key": ["date_dim.d_date_sk"], "Plans": [{"Node Type": "Seq Scan", "Parent Relationship": "Outer", "Parallel Aware": false, "Async Capable": false, "Relation Name": "date_dim", "Alias": "date_dim", "Startup Cost": 0.0, "Total Cost": 2519.73, "Plan Rows": 61, "Plan Width": 4, "Filter": "((d_date >= '1998-04-10'::date) AND (d_date <= '1998-06-09 00:00:00'::timestamp without time zone))"}]}]}]}]}]}]}}, {"Plan": {"Node Type": "Aggregate", "Strategy": "Plain", "Partial Mode": "Simple", "Parallel Aware": false, "Async Capable": false, "Startup Cost": 8293460.34, "Total Cost": 8293460.35, "Plan Rows": 1, "Plan Width": 8, "Plans": [{"Node Type": "Merge Join", "Parent Relationship": "Outer", "Parallel Aware": false, "Async Capable": false, "Join Type": "Inner", "Startup Cost": 5559489.8, "Total Cost": 8293456.1, "Plan Rows": 1694, "Plan Width": 0, "Inner Unique": false, "Merge Cond": "(item.i_item_sk = inventory.inv_item_sk)", "Plans": [{"Node Type": "Gather Merge", "Parent Relationship": "Outer", "Parallel Aware": false, "Async Capable": false, "Startup Cost": 1000.83, "Total Cost": 2734729.57, "Plan Rows": 3953, "Plan Width": 8, "Workers Planned": 6, "Plans": [{"Node Type": "Merge Join", "Parent Relationship": "Outer", "Parallel Aware": false, "Async Capable": false, "Join Type": "Inner", "Startup Cost": 0.73, "Total Cost": 2733249.04, "Plan Rows": 659, "Plan Width": 8, "Inner Unique": true, "Merge Cond": "(store_sales.ss_item_sk = item.i_item_sk)", "Plans": [{"Node Type": "Index Scan", "Parent Relationship": "Outer", "Parallel Aware": true, "Async Capable": false, "Scan Direction": "Forward", "Index Name": "store_sales_pkey", "Relation Name": "store_sales", "Alias": "store_sales", "Startup Cost": 0.44, "Total Cost": 2710499.19, "Plan Rows": 4800169, "Plan Width": 4}, {"Node Type": "Index Scan", "Parent Relationship": "Inner", "Parallel Aware": false, "Async Capable": false, "Scan Direction": "Forward", "Index Name": "item_pkey", "Relation Name": "item", "Alias": "item", "Startup Cost": 0.29, "Total Cost": 10742.8, "Plan Rows": 14, "Plan Width": 4, "Filter": "((i_current_price >= '51'::numeric) AND (i_current_price <= '81'::numeric) AND (i_manufact_id = ANY ('{374,481,738,7}'::integer[])))"}]}]}, {"Node Type": "Sort", "Parent Relationship": "Inner", "Parallel Aware": false, "Async Capable": false, "Startup Cost": 5558488.96, "Total Cost": 5558594.62, "Plan Rows": 42262, "Plan Width": 4, "Sort Key": ["inventory.inv_item_sk"], "Plans": [{"Node Type": "Gather", "Parent Relationship": "Outer", "Parallel Aware": false, "Async Capable": false, "Startup Cost": 2818.63, "Total Cost": 5555241.75, "Plan Rows": 42262, "Plan Width": 4, "Workers Planned": 6, "Single Copy": false, "Plans": [{"Node Type": "Merge Join", "Parent Relationship": "Outer", "Parallel Aware": false, "Async Capable": false, "Join Type": "Inner", "Startup Cost": 1818.63, "Total Cost": 5550015.55, "Plan Rows": 7044, "Plan Width": 4, "Inner Unique": true, "Merge Cond": "(inventory.inv_date_sk = date_dim.d_date_sk)", "Plans": [{"Node Type": "Index Scan", "Parent Relationship": "Outer", "Parallel Aware": true, "Async Capable": false, "Scan Direction": "Forward", "Index Name": "inventory_pkey", "Relation Name": "inventory", "Alias": "inventory", "Startup Cost": 0.57, "Total Cost": 5526979.03, "Plan Rows": 8434967, "Plan Width": 8, "Filter": "((inv_quantity_on_hand >= 100) AND (inv_quantity_on_hand <= 500))"}, {"Node Type": "Index Scan", "Parent Relationship": "Inner", "Parallel Aware": false, "Async Capable": false, "Scan Direction": "Forward", "Index Name": "date_dim_pkey", "Relation Name": "date_dim", "Alias": "date_dim", "Startup Cost": 0.29, "Total Cost": 3696.27, "Plan Rows": 61, "Plan Width": 4, "Filter": "((d_date >= '1998-04-10'::date) AND (d_date <= '1998-06-09 00:00:00'::timestamp without time zone))"}]}]}]}]}]}}]