[{"Plan": {"Node Type": "Aggregate", "Strategy": "Plain", "Partial Mode": "Finalize", "Parallel Aware": false, "Async Capable": false, "Startup Cost": 581686.77, "Total Cost": 581686.78, "Plan Rows": 1, "Plan Width": 8, "Plans": [{"Node Type": "Gather", "Parent Relationship": "Outer", "Parallel Aware": false, "Async Capable": false, "Startup Cost": 581686.15, "Total Cost": 581686.76, "Plan Rows": 6, "Plan Width": 8, "Workers Planned": 6, "Single Copy": false, "Plans": [{"Node Type": "Aggregate", "Strategy": "Plain", "Partial Mode": "Partial", "Parent Relationship": "Outer", "Parallel Aware": false, "Async Capable": false, "Startup Cost": 580686.15, "Total Cost": 580686.16, "Plan Rows": 1, "Plan Width": 8, "Plans": [{"Node Type": "Hash Join", "Parent Relationship": "Outer", "Parallel Aware": false, "Async Capable": false, "Join Type": "Inner", "Startup Cost": 2342.04, "Total Cost": 580682.71, "Plan Rows": 1373, "Plan Width": 0, "Inner Unique": true, "Hash Cond": "(store_sales.ss_store_sk = store.s_store_sk)", "Plans": [{"Node Type": "Hash Join", "Parent Relationship": "Outer", "Parallel Aware": false, "Async Capable": false, "Join Type": "Inner", "Startup Cost": 2335.59, "Total Cost": 580648.97, "Plan Rows": 10000, "Plan Width": 4, "Inner Unique": true, "Hash Cond": "(store_sales.ss_hdemo_sk = household_demographics.hd_demo_sk)", "Plans": [{"Node Type": "Hash Join", "Parent Relationship": "Outer", "Parallel Aware": true, "Async Capable": false, "Join Type": "Inner", "Startup Cost": 2183.59, "Total Cost": 580234.31, "Plan Rows": 100004, "Plan Width": 8, "Inner Unique": true, "Hash Cond": "(store_sales.ss_sold_time_sk = time_dim.t_time_sk)", "Plans": [{"Node Type": "Seq Scan", "Parent Relationship": "Outer", "Parallel Aware": true, "Async Capable": false, "Relation Name": "store_sales", "Alias": "store_sales", "Startup Cost": 0.0, "Total Cost": 565449.69, "Plan Rows": 4800169, "Plan Width": 12}, {"Node Type": "Hash", "Parent Relationship": "Inner", "Parallel Aware": true, "Async Capable": false, "Startup Cost": 2170.35, "Total Cost": 2170.35, "Plan Rows": 1059, "Plan Width": 4, "Plans": [{"Node Type": "Seq Scan", "Parent Relationship": "Outer", "Parallel Aware": true, "Async Capable": false, "Relation Name": "time_dim", "Alias": "time_dim", "Startup Cost": 0.0, "Total Cost": 2170.35, "Plan Rows": 1059, "Plan Width": 4, "Filter": "((t_minute >= 30) AND (t_hour = 8))"}]}]}, {"Node Type": "Hash", "Parent Relationship": "Inner", "Parallel Aware": false, "Async Capable": false, "Startup Cost": 143.0, "Total Cost": 143.0, "Plan Rows": 720, "Plan Width": 4, "Plans": [{"Node Type": "Seq Scan", "Parent Relationship": "Outer", "Parallel Aware": false, "Async Capable": false, "Relation Name": "household_demographics", "Alias": "household_demographics", "Startup Cost": 0.0, "Total Cost": 143.0, "Plan Rows": 720, "Plan Width": 4, "Filter": "(hd_dep_count = 7)"}]}]}, {"Node Type": "Hash", "Parent Relationship": "Inner", "Parallel Aware": false, "Async Capable": false, "Startup Cost": 6.28, "Total Cost": 6.28, "Plan Rows": 14, "Plan Width": 4, "Plans": [{"Node Type": "Seq Scan", "Parent Relationship": "Outer", "Parallel Aware": false, "Async Capable": false, "Relation Name": "store", "Alias": "store", "Startup Cost": 0.0, "Total Cost": 6.28, "Plan Rows": 14, "Plan Width": 4, "Filter": "((s_store_name)::text = 'ese'::text)"}]}]}]}]}]}}, {"Plan": {"Node Type": "Aggregate", "Strategy": "Plain", "Partial Mode": "Simple", "Parallel Aware": false, "Async Capable": false, "Startup Cost": 40000887235.82, "Total Cost": 40000887235.83, "Plan Rows": 1, "Plan Width": 8, "Plans": [{"Node Type": "Hash Join", "Parent Relationship": "Outer", "Parallel Aware": false, "Async Capable": false, "Join Type": "Inner", "Startup Cost": 40000004411.19, "Total Cost": 40000887215.23, "Plan Rows": 8236, "Plan Width": 0, "Inner Unique": true, "Hash Cond": "(store_sales.ss_store_sk = store.s_store_sk)", "Plans": [{"Node Type": "Hash Join", "Parent Relationship": "Outer", "Parallel Aware": false, "Async Capable": false, "Join Type": "Inner", "Startup Cost": 30000004393.09, "Total Cost": 30000887033.37, "Plan Rows": 60002, "Plan Width": 4, "Inner Unique": true, "Hash Cond": "(store_sales.ss_hdemo_sk = household_demographics.hd_demo_sk)", "Plans": [{"Node Type": "Hash Join", "Parent Relationship": "Outer", "Parallel Aware": false, "Async Capable": false, "Join Type": "Inner", "Startup Cost": 20000004113.8, "Total Cost": 20000885178.14, "Plan Rows": 600021, "Plan Width": 8, "Inner Unique": true, "Hash Cond": "(store_sales.ss_sold_time_sk = time_dim.t_time_sk)", "Plans": [{"Node Type": "Seq Scan", "Parent Relationship": "Outer", "Parallel Aware": false, "Async Capable": false, "Relation Name": "store_sales", "Alias": "store_sales", "Startup Cost": 10000000000.0, "Total Cost": 10000805458.14, "Plan Rows": 28801014, "Plan Width": 12}, {"Node Type": "Hash", "Parent Relationship": "Inner", "Parallel Aware": false, "Async Capable": false, "Startup Cost": 10000004091.3, "Total Cost": 10000004091.3, "Plan Rows": 1800, "Plan Width": 4, "Plans": [{"Node Type": "Index Scan", "Parent Relationship": "Outer", "Parallel Aware": false, "Async Capable": false, "Scan Direction": "Forward", "Index Name": "time_dim_pkey", "Relation Name": "time_dim", "Alias": "time_dim", "Startup Cost": 10000000000.29, "Total Cost": 10000004091.3, "Plan Rows": 1800, "Plan Width": 4, "Filter": "((t_minute >= 30) AND (t_hour = 8))"}]}]}, {"Node Type": "Hash", "Parent Relationship": "Inner", "Parallel Aware": false, "Async Capable": false, "Startup Cost": 10000000270.28, "Total Cost": 10000000270.28, "Plan Rows": 720, "Plan Width": 4, "Plans": [{"Node Type": "Index Scan", "Parent Relationship": "Outer", "Parallel Aware": false, "Async Capable": false, "Scan Direction": "Forward", "Index Name": "household_demographics_pkey", "Relation Name": "household_demographics", "Alias": "household_demographics", "Startup Cost": 10000000000.28, "Total Cost": 10000000270.28, "Plan Rows": 720, "Plan Width": 4, "Filter": "(hd_dep_count = 7)"}]}]}, {"Node Type": "Hash", "Parent Relationship": "Inner", "Parallel Aware": false, "Async Capable": false, "Startup Cost": 10000000017.93, "Total Cost": 10000000017.93, "Plan Rows": 14, "Plan Width": 4, "Plans": [{"Node Type": "Index Scan", "Parent Relationship": "Outer", "Parallel Aware": false, "Async Capable": false, "Scan Direction": "Forward", "Index Name": "store_pkey", "Relation Name": "store", "Alias": "store", "Startup Cost": 10000000000.14, "Total Cost": 10000000017.93, "Plan Rows": 14, "Plan Width": 4, "Filter": "((s_store_name)::text = 'ese'::text)"}]}]}]}}, {"Plan": {"Node Type": "Aggregate", "Strategy": "Plain", "Partial Mode": "Simple", "Parallel Aware": false, "Async Capable": false, "Startup Cost": 10000887235.82, "Total Cost": 10000887235.83, "Plan Rows": 1, "Plan Width": 8, "Plans": [{"Node Type": "Hash Join", "Parent Relationship": "Outer", "Parallel Aware": false, "Async Capable": false, "Join Type": "Inner", "Startup Cost": 10000004411.19, "Total Cost": 10000887215.23, "Plan Rows": 8236, "Plan Width": 0, "Inner Unique": true, "Hash Cond": "(store_sales.ss_store_sk = store.s_store_sk)", "Plans": [{"Node Type": "Hash Join", "Parent Relationship": "Outer", "Parallel Aware": false, "Async Capable": false, "Join Type": "Inner", "Startup Cost": 10000004393.09, "Total Cost": 10000887033.37, "Plan Rows": 60002, "Plan Width": 4, "Inner Unique": true, "Hash Cond": "(store_sales.ss_hdemo_sk = household_demographics.hd_demo_sk)", "Plans": [{"Node Type": "Hash Join", "Parent Relationship": "Outer", "Parallel Aware": false, "Async Capable": false, "Join Type": "Inner", "Startup Cost": 10000004113.8, "Total Cost": 10000885178.14, "Plan Rows": 600021, "Plan Width": 8, "Inner Unique": true, "Hash Cond": "(store_sales.ss_sold_time_sk = time_dim.t_time_sk)", "Plans": [{"Node Type": "Seq Scan", "Parent Relationship": "Outer", "Parallel Aware": false, "Async Capable": false, "Relation Name": "store_sales", "Alias": "store_sales", "Startup Cost": 10000000000.0, "Total Cost": 10000805458.14, "Plan Rows": 28801014, "Plan Width": 12}, {"Node Type": "Hash", "Parent Relationship": "Inner", "Parallel Aware": false, "Async Capable": false, "Startup Cost": 4091.3, "Total Cost": 4091.3, "Plan Rows": 1800, "Plan Width": 4, "Plans": [{"Node Type": "Index Scan", "Parent Relationship": "Outer", "Parallel Aware": false, "Async Capable": false, "Scan Direction": "Forward", "Index Name": "time_dim_pkey", "Relation Name": "time_dim", "Alias": "time_dim", "Startup Cost": 0.29, "Total Cost": 4091.3, "Plan Rows": 1800, "Plan Width": 4, "Filter": "((t_minute >= 30) AND (t_hour = 8))"}]}]}, {"Node Type": "Hash", "Parent Relationship": "Inner", "Parallel Aware": false, "Async Capable": false, "Startup Cost": 270.28, "Total Cost": 270.28, "Plan Rows": 720, "Plan Width": 4, "Plans": [{"Node Type": "Index Scan", "Parent Relationship": "Outer", "Parallel Aware": false, "Async Capable": false, "Scan Direction": "Forward", "Index Name": "household_demographics_pkey", "Relation Name": "household_demographics", "Alias": "household_demographics", "Startup Cost": 0.28, "Total Cost": 270.28, "Plan Rows": 720, "Plan Width": 4, "Filter": "(hd_dep_count = 7)"}]}]}, {"Node Type": "Hash", "Parent Relationship": "Inner", "Parallel Aware": false, "Async Capable": false, "Startup Cost": 17.93, "Total Cost": 17.93, "Plan Rows": 14, "Plan Width": 4, "Plans": [{"Node Type": "Index Scan", "Parent Relationship": "Outer", "Parallel Aware": false, "Async Capable": false, "Scan Direction": "Forward", "Index Name": "store_pkey", "Relation Name": "store", "Alias": "store", "Startup Cost": 0.14, "Total Cost": 17.93, "Plan Rows": 14, "Plan Width": 4, "Filter": "((s_store_name)::text = 'ese'::text)"}]}]}]}}, {"Plan": {"Node Type": "Aggregate", "Strategy": "Plain", "Partial Mode": "Simple", "Parallel Aware": false, "Async Capable": false, "Startup Cost": 10001765987.24, "Total Cost": 10001765987.25, "Plan Rows": 1, "Plan Width": 8, "Plans": [{"Node Type": "Nested Loop", "Parent Relationship": "Outer", "Parallel Aware": false, "Async Capable": false, "Join Type": "Inner", "Startup Cost": 10000000000.77, "Total Cost": 10001765966.65, "Plan Rows": 8236, "Plan Width": 0, "Inner Unique": true, "Plans": [{"Node Type": "Nested Loop", "Parent Relationship": "Outer", "Parallel Aware": false, "Async Capable": false, "Join Type": "Inner", "Startup Cost": 10000000000.61, "Total Cost": 10001764258.99, "Plan Rows": 60002, "Plan Width": 4, "Inner Unique": true, "Plans": [{"Node Type": "Nested Loop", "Parent Relationship": "Outer", "Parallel Aware": false, "Async Capable": false, "Join Type": "Inner", "Startup Cost": 10000000000.31, "Total Cost": 10001718261.43, "Plan Rows": 600021, "Plan Width": 8, "Inner Unique": true, "Plans": [{"Node Type": "Seq Scan", "Parent Relationship": "Outer", "Parallel Aware": false, "Async Capable": false, "Relation Name": "store_sales", "Alias": "store_sales", "Startup Cost": 10000000000.0, "Total Cost": 10000805458.14, "Plan Rows": 28801014, "Plan Width": 12}, {"Node Type": "Memoize", "Parent Relationship": "Inner", "Parallel Aware": false, "Async Capable": false, "Startup Cost": 0.31, "Total Cost": 4.33, "Plan Rows": 1, "Plan Width": 4, "Cache Key": "store_sales.ss_sold_time_sk", "Cache Mode": "logical", "Plans": [{"Node Type": "Bitmap Heap Scan", "Parent Relationship": "Outer", "Parallel Aware": false, "Async Capable": false, "Relation Name": "time_dim", "Alias": "time_dim", "Startup Cost": 0.3, "Total Cost": 4.32, "Plan Rows": 1, "Plan Width": 4, "Recheck Cond": "(t_time_sk = store_sales.ss_sold_time_sk)", "Filter": "((t_minute >= 30) AND (t_hour = 8))", "Plans": [{"Node Type": "Bitmap Index Scan", "Parent Relationship": "Outer", "Parallel Aware": false, "Async Capable": false, "Index Name": "time_dim_pkey", "Startup Cost": 0.0, "Total Cost": 0.3, "Plan Rows": 1, "Plan Width": 0, "Index Cond": "(t_time_sk = store_sales.ss_sold_time_sk)"}]}]}]}, {"Node Type": "Memoize", "Parent Relationship": "Inner", "Parallel Aware": false, "Async Capable": false, "Startup Cost": 0.3, "Total Cost": 4.32, "Plan Rows": 1, "Plan Width": 4, "Cache Key": "store_sales.ss_hdemo_sk", "Cache Mode": "logical", "Plans": [{"Node Type": "Bitmap Heap Scan", "Parent Relationship": "Outer", "Parallel Aware": false, "Async Capable": false, "Relation Name": "household_demographics", "Alias": "household_demographics", "Startup Cost": 0.29, "Total Cost": 4.31, "Plan Rows": 1, "Plan Width": 4, "Recheck Cond": "(hd_demo_sk = store_sales.ss_hdemo_sk)", "Filter": "(hd_dep_count = 7)", "Plans": [{"Node Type": "Bitmap Index Scan", "Parent Relationship": "Outer", "Parallel Aware": false, "Async Capable": false, "Index Name": "household_demographics_pkey", "Startup Cost": 0.0, "Total Cost": 0.29, "Plan Rows": 1, "Plan Width": 0, "Index Cond": "(hd_demo_sk = store_sales.ss_hdemo_sk)"}]}]}]}, {"Node Type": "Memoize", "Parent Relationship": "Inner", "Parallel Aware": false, "Async Capable": false, "Startup Cost": 0.16, "Total Cost": 4.18, "Plan Rows": 1, "Plan Width": 4, "Cache Key": "store_sales.ss_store_sk", "Cache Mode": "logical", "Plans": [{"Node Type": "Bitmap Heap Scan", "Parent Relationship": "Outer", "Parallel Aware": false, "Async Capable": false, "Relation Name": "store", "Alias": "store", "Startup Cost": 0.15, "Total Cost": 4.17, "Plan Rows": 1, "Plan Width": 4, "Recheck Cond": "(s_store_sk = store_sales.ss_store_sk)", "Filter": "((s_store_name)::text = 'ese'::text)", "Plans": [{"Node Type": "Bitmap Index Scan", "Parent Relationship": "Outer", "Parallel Aware": false, "Async Capable": false, "Index Name": "store_pkey", "Startup Cost": 0.0, "Total Cost": 0.15, "Plan Rows": 1, "Plan Width": 0, "Index Cond": "(s_store_sk = store_sales.ss_store_sk)"}]}]}]}]}}, {"Plan": {"Node Type": "Aggregate", "Strategy": "Plain", "Partial Mode": "Simple", "Parallel Aware": false, "Async Capable": false, "Startup Cost": 10005085836.93, "Total Cost": 10005085836.94, "Plan Rows": 1, "Plan Width": 8, "Plans": [{"Node Type": "Merge Join", "Parent Relationship": "Outer", "Parallel Aware": false, "Async Capable": false, "Join Type": "Inner", "Startup Cost": 10005085433.45, "Total Cost": 10005085816.34, "Plan Rows": 8236, "Plan Width": 0, "Inner Unique": true, "Merge Cond": "(store_sales.ss_store_sk = store.s_store_sk)", "Plans": [{"Node Type": "Sort", "Parent Relationship": "Outer", "Parallel Aware": false, "Async Capable": false, "Startup Cost": 10005085433.31, "Total Cost": 10005085583.31, "Plan Rows": 60002, "Plan Width": 4, "Sort Key": ["store_sales.ss_store_sk"], "Plans": [{"Node Type": "Merge Join", "Parent Relationship": "Outer", "Parallel Aware": false, "Async Capable": false, "Join Type": "Inner", "Startup Cost": 10005076958.28, "Total Cost": 10005080671.33, "Plan Rows": 60002, "Plan Width": 4, "Inner Unique": true, "Merge Cond": "(store_sales.ss_hdemo_sk = household_demographics.hd_demo_sk)", "Plans": [{"Node Type": "Sort", "Parent Relationship": "Outer", "Parallel Aware": false, "Async Capable": false, "Startup Cost": 10005076957.95, "Total Cost": 10005078458.0, "Plan Rows": 600021, "Plan Width": 8, "Sort Key": ["store_sales.ss_hdemo_sk"], "Plans": [{"Node Type": "Merge Join", "Parent Relationship": "Outer", "Parallel Aware": false, "Async Capable": false, "Join Type": "Inner", "Startup Cost": 10004867418.98, "Total Cost": 10005019371.97, "Plan Rows": 600021, "Plan Width": 8, "Inner Unique": true, "Merge Cond": "(store_sales.ss_sold_time_sk = time_dim.t_time_sk)", "Plans": [{"Node Type": "Sort", "Parent Relationship": "Outer", "Parallel Aware": false, "Async Capable": false, "Startup Cost": 10004866053.52, "Total Cost": 10004938056.05, "Plan Rows": 28801014, "Plan Width": 12, "Sort Key": ["store_sales.ss_sold_time_sk"], "Plans": [{"Node Type": "Seq Scan", "Parent Relationship": "Outer", "Parallel Aware": false, "Async Capable": false, "Relation Name": "store_sales", "Alias": "store_sales", "Startup Cost": 10000000000.0, "Total Cost": 10000805458.14, "Plan Rows": 28801014, "Plan Width": 12}]}, {"Node Type": "Index Scan", "Parent Relationship": "Inner", "Parallel Aware": false, "Async Capable": false, "Scan Direction": "Forward", "Index Name": "time_dim_pkey", "Relation Name": "time_dim", "Alias": "time_dim", "Startup Cost": 0.29, "Total Cost": 4091.3, "Plan Rows": 1800, "Plan Width": 4, "Filter": "((t_minute >= 30) AND (t_hour = 8))"}]}]}, {"Node Type": "Index Scan", "Parent Relationship": "Inner", "Parallel Aware": false, "Async Capable": false, "Scan Direction": "Forward", "Index Name": "household_demographics_pkey", "Relation Name": "household_demographics", "Alias": "household_demographics", "Startup Cost": 0.28, "Total Cost": 270.28, "Plan Rows": 720, "Plan Width": 4, "Filter": "(hd_dep_count = 7)"}]}]}, {"Node Type": "Index Scan", "Parent Relationship": "Inner", "Parallel Aware": false, "Async Capable": false, "Scan Direction": "Forward", "Index Name": "store_pkey", "Relation Name": "store", "Alias": "store", "Startup Cost": 0.14, "Total Cost": 17.93, "Plan Rows": 14, "Plan Width": 4, "Filter": "((s_store_name)::text = 'ese'::text)"}]}]}}, {"Plan": {"Node Type": "Aggregate", "Strategy": "Plain", "Partial Mode": "Simple", "Parallel Aware": false, "Async Capable": false, "Startup Cost": 10001558252.8, "Total Cost": 10001558252.81, "Plan Rows": 1, "Plan Width": 8, "Plans": [{"Node Type": "Nested Loop", "Parent Relationship": "Outer", "Parallel Aware": false, "Async Capable": false, "Join Type": "Inner", "Startup Cost": 10000000000.75, "Total Cost": 10001558232.21, "Plan Rows": 8236, "Plan Width": 0, "Inner Unique": true, "Plans": [{"Node Type": "Nested Loop", "Parent Relationship": "Outer", "Parallel Aware": false, "Async Capable": false, "Join Type": "Inner", "Startup Cost": 10000000000.59, "Total Cost": 10001556731.03, "Plan Rows": 60002, "Plan Width": 4, "Inner Unique": true, "Plans": [{"Node Type": "Nested Loop", "Parent Relationship": "Outer", "Parallel Aware": false, "Async Capable": false, "Join Type": "Inner", "Startup Cost": 10000000000.3, "Total Cost": 10001539553.35, "Plan Rows": 600021, "Plan Width": 8, "Inner Unique": true, "Plans": [{"Node Type": "Seq Scan", "Parent Relationship": "Outer", "Parallel Aware": false, "Async Capable": false, "Relation Name": "store_sales", "Alias": "store_sales", "Startup Cost": 10000000000.0, "Total Cost": 10000805458.14, "Plan Rows": 28801014, "Plan Width": 12}, {"Node Type": "Memoize", "Parent Relationship": "Inner", "Parallel Aware": false, "Async Capable": false, "Startup Cost": 0.3, "Total Cost": 0.33, "Plan Rows": 1, "Plan Width": 4, "Cache Key": "store_sales.ss_sold_time_sk", "Cache Mode": "logical", "Plans": [{"Node Type": "Index Scan", "Parent Relationship": "Outer", "Parallel Aware": false, "Async Capable": false, "Scan Direction": "Forward", "Index Name": "time_dim_pkey", "Relation Name": "time_dim", "Alias": "time_dim", "Startup Cost": 0.29, "Total Cost": 0.32, "Plan Rows": 1, "Plan Width": 4, "Index Cond": "(t_time_sk = store_sales.ss_sold_time_sk)", "Filter": "((t_minute >= 30) AND (t_hour = 8))"}]}]}, {"Node Type": "Memoize", "Parent Relationship": "Inner", "Parallel Aware": false, "Async Capable": false, "Startup Cost": 0.29, "Total Cost": 0.31, "Plan Rows": 1, "Plan Width": 4, "Cache Key": "store_sales.ss_hdemo_sk", "Cache Mode": "logical", "Plans": [{"Node Type": "Index Scan", "Parent Relationship": "Outer", "Parallel Aware": false, "Async Capable": false, "Scan Direction": "Forward", "Index Name": "household_demographics_pkey", "Relation Name": "household_demographics", "Alias": "household_demographics", "Startup Cost": 0.28, "Total Cost": 0.3, "Plan Rows": 1, "Plan Width": 4, "Index Cond": "(hd_demo_sk = store_sales.ss_hdemo_sk)", "Filter": "(hd_dep_count = 7)"}]}]}, {"Node Type": "Memoize", "Parent Relationship": "Inner", "Parallel Aware": false, "Async Capable": false, "Startup Cost": 0.15, "Total Cost": 0.17, "Plan Rows": 1, "Plan Width": 4, "Cache Key": "store_sales.ss_store_sk", "Cache Mode": "logical", "Plans": [{"Node Type": "Index Scan", "Parent Relationship": "Outer", "Parallel Aware": false, "Async Capable": false, "Scan Direction": "Forward", "Index Name": "store_pkey", "Relation Name": "store", "Alias": "store", "Startup Cost": 0.14, "Total Cost": 0.16, "Plan Rows": 1, "Plan Width": 4, "Index Cond": "(s_store_sk = store_sales.ss_store_sk)", "Filter": "((s_store_name)::text = 'ese'::text)"}]}]}]}}, {"Plan": {"Node Type": "Aggregate", "Strategy": "Plain", "Partial Mode": "Finalize", "Parallel Aware": false, "Async Capable": false, "Startup Cost": 704230.95, "Total Cost": 704230.96, "Plan Rows": 1, "Plan Width": 8, "Plans": [{"Node Type": "Gather", "Parent Relationship": "Outer", "Parallel Aware": false, "Async Capable": false, "Startup Cost": 704230.33, "Total Cost": 704230.94, "Plan Rows": 6, "Plan Width": 8, "Workers Planned": 6, "Single Copy": false, "Plans": [{"Node Type": "Aggregate", "Strategy": "Plain", "Partial Mode": "Partial", "Parent Relationship": "Outer", "Parallel Aware": false, "Async Capable": false, "Startup Cost": 703230.33, "Total Cost": 703230.34, "Plan Rows": 1, "Plan Width": 8, "Plans": [{"Node Type": "Merge Join", "Parent Relationship": "Outer", "Parallel Aware": false, "Async Capable": false, "Join Type": "Inner", "Startup Cost": 703144.58, "Total Cost": 703226.9, "Plan Rows": 1373, "Plan Width": 0, "Inner Unique": true, "Merge Cond": "(store_sales.ss_hdemo_sk = household_demographics.hd_demo_sk)", "Plans": [{"Node Type": "Sort", "Parent Relationship": "Outer", "Parallel Aware": false, "Async Capable": false, "Startup Cost": 702967.41, "Total Cost": 703001.72, "Plan Rows": 13726, "Plan Width": 4, "Sort Key": ["store_sales.ss_hdemo_sk"], "Plans": [{"Node Type": "Nested Loop", "Parent Relationship": "Outer", "Parallel Aware": false, "Async Capable": false, "Join Type": "Inner", "Startup Cost": 0.46, "Total Cost": 702024.11, "Plan Rows": 13726, "Plan Width": 4, "Inner Unique": true, "Plans": [{"Node Type": "Nested Loop", "Parent Relationship": "Outer", "Parallel Aware": false, "Async Capable": false, "Join Type": "Inner", "Startup Cost": 0.3, "Total Cost": 699527.74, "Plan Rows": 100004, "Plan Width": 8, "Inner Unique": true, "Plans": [{"Node Type": "Seq Scan", "Parent Relationship": "Outer", "Parallel Aware": true, "Async Capable": false, "Relation Name": "store_sales", "Alias": "store_sales", "Startup Cost": 0.0, "Total Cost": 565449.69, "Plan Rows": 4800169, "Plan Width": 12}, {"Node Type": "Memoize", "Parent Relationship": "Inner", "Parallel Aware": false, "Async Capable": false, "Startup Cost": 0.3, "Total Cost": 0.33, "Plan Rows": 1, "Plan Width": 4, "Cache Key": "store_sales.ss_sold_time_sk", "Cache Mode": "logical", "Plans": [{"Node Type": "Index Scan", "Parent Relationship": "Outer", "Parallel Aware": false, "Async Capable": false, "Scan Direction": "Forward", "Index Name": "time_dim_pkey", "Relation Name": "time_dim", "Alias": "time_dim", "Startup Cost": 0.29, "Total Cost": 0.32, "Plan Rows": 1, "Plan Width": 4, "Index Cond": "(t_time_sk = store_sales.ss_sold_time_sk)", "Filter": "((t_minute >= 30) AND (t_hour = 8))"}]}]}, {"Node Type": "Memoize", "Parent Relationship": "Inner", "Parallel Aware": false, "Async Capable": false, "Startup Cost": 0.15, "Total Cost": 0.17, "Plan Rows": 1, "Plan Width": 4, "Cache Key": "store_sales.ss_store_sk", "Cache Mode": "logical", "Plans": [{"Node Type": "Index Scan", "Parent Relationship": "Outer", "Parallel Aware": false, "Async Capable": false, "Scan Direction": "Forward", "Index Name": "store_pkey", "Relation Name": "store", "Alias": "store", "Startup Cost": 0.14, "Total Cost": 0.16, "Plan Rows": 1, "Plan Width": 4, "Index Cond": "(s_store_sk = store_sales.ss_store_sk)", "Filter": "((s_store_name)::text = 'ese'::text)"}]}]}]}, {"Node Type": "Sort", "Parent Relationship": "Inner", "Parallel Aware": false, "Async Capable": false, "Startup Cost": 177.17, "Total Cost": 178.97, "Plan Rows": 720, "Plan Width": 4, "Sort Key": ["household_demographics.hd_demo_sk"], "Plans": [{"Node Type": "Seq Scan", "Parent Relationship": "Outer", "Parallel Aware": false, "Async Capable": false, "Relation Name": "household_demographics", "Alias": "household_demographics", "Startup Cost": 0.0, "Total Cost": 143.0, "Plan Rows": 720, "Plan Width": 4, "Filter": "(hd_dep_count = 7)"}]}]}]}]}]}}, {"Plan": {"Node Type": "Aggregate", "Strategy": "Plain", "Partial Mode": "Finalize", "Parallel Aware": false, "Async Capable": false, "Startup Cost": 1136700.5, "Total Cost": 1136700.51, "Plan Rows": 1, "Plan Width": 8, "Plans": [{"Node Type": "Gather", "Parent Relationship": "Outer", "Parallel Aware": false, "Async Capable": false, "Startup Cost": 1136699.87, "Total Cost": 1136700.48, "Plan Rows": 6, "Plan Width": 8, "Workers Planned": 6, "Single Copy": false, "Plans": [{"Node Type": "Aggregate", "Strategy": "Plain", "Partial Mode": "Partial", "Parent Relationship": "Outer", "Parallel Aware": false, "Async Capable": false, "Startup Cost": 1135699.87, "Total Cost": 1135699.88, "Plan Rows": 1, "Plan Width": 8, "Plans": [{"Node Type": "Merge Join", "Parent Relationship": "Outer", "Parallel Aware": false, "Async Capable": false, "Join Type": "Inner", "Startup Cost": 1135635.53, "Total Cost": 1135696.44, "Plan Rows": 1373, "Plan Width": 0, "Inner Unique": true, "Merge Cond": "(store_sales.ss_store_sk = store.s_store_sk)", "Plans": [{"Node Type": "Sort", "Parent Relationship": "Outer", "Parallel Aware": false, "Async Capable": false, "Startup Cost": 1135628.99, "Total Cost": 1135653.99, "Plan Rows": 10000, "Plan Width": 4, "Sort Key": ["store_sales.ss_store_sk"], "Plans": [{"Node Type": "Merge Join", "Parent Relationship": "Outer", "Parallel Aware": false, "Async Capable": false, "Join Type": "Inner", "Startup Cost": 1134387.46, "Total Cost": 1134964.6, "Plan Rows": 10000, "Plan Width": 4, "Inner Unique": true, "Merge Cond": "(store_sales.ss_hdemo_sk = household_demographics.hd_demo_sk)", "Plans": [{"Node Type": "Sort", "Parent Relationship": "Outer", "Parallel Aware": false, "Async Capable": false, "Startup Cost": 1134210.28, "Total Cost": 1134460.29, "Plan Rows": 100004, "Plan Width": 8, "Sort Key": ["store_sales.ss_hdemo_sk"], "Plans": [{"Node Type": "Merge Join", "Parent Relationship": "Outer", "Parallel Aware": false, "Async Capable": false, "Join Type": "Inner", "Startup Cost": 1100944.46, "Total Cost": 1125905.1, "Plan Rows": 100004, "Plan Width": 8, "Inner Unique": true, "Merge Cond": "(store_sales.ss_sold_time_sk = time_dim.t_time_sk)", "Plans": [{"Node Type": "Sort", "Parent Relationship": "Outer", "Parallel Aware": false, "Async Capable": false, "Startup Cost": 1098140.13, "Total Cost": 1110140.56, "Plan Rows": 4800169, "Plan Width": 12, "Sort Key": ["store_sales.ss_sold_time_sk"], "Plans": [{"Node Type": "Seq Scan", "Parent Relationship": "Outer", "Parallel Aware": true, "Async Capable": false, "Relation Name": "store_sales", "Alias": "store_sales", "Startup Cost": 0.0, "Total Cost": 565449.69, "Plan Rows": 4800169, "Plan Width": 12}]}, {"Node Type": "Sort", "Parent Relationship": "Inner", "Parallel Aware": false, "Async Capable": false, "Startup Cost": 2801.32, "Total Cost": 2805.82, "Plan Rows": 1800, "Plan Width": 4, "Sort Key": ["time_dim.t_time_sk"], "Plans": [{"Node Type": "Seq Scan", "Parent Relationship": "Outer", "Parallel Aware": false, "Async Capable": false, "Relation Name": "time_dim", "Alias": "time_dim", "Startup Cost": 0.0, "Total Cost": 2704.0, "Plan Rows": 1800, "Plan Width": 4, "Filter": "((t_minute >= 30) AND (t_hour = 8))"}]}]}]}, {"Node Type": "Sort", "Parent Relationship": "Inner", "Parallel Aware": false, "Async Capable": false, "Startup Cost": 177.17, "Total Cost": 178.97, "Plan Rows": 720, "Plan Width": 4, "Sort Key": ["household_demographics.hd_demo_sk"], "Plans": [{"Node Type": "Seq Scan", "Parent Relationship": "Outer", "Parallel Aware": false, "Async Capable": false, "Relation Name": "household_demographics", "Alias": "household_demographics", "Startup Cost": 0.0, "Total Cost": 143.0, "Plan Rows": 720, "Plan Width": 4, "Filter": "(hd_dep_count = 7)"}]}]}]}, {"Node Type": "Sort", "Parent Relationship": "Inner", "Parallel Aware": false, "Async Capable": false, "Startup Cost": 6.54, "Total Cost": 6.58, "Plan Rows": 14, "Plan Width": 4, "Sort Key": ["store.s_store_sk"], "Plans": [{"Node Type": "Seq Scan", "Parent Relationship": "Outer", "Parallel Aware": false, "Async Capable": false, "Relation Name": "store", "Alias": "store", "Startup Cost": 0.0, "Total Cost": 6.28, "Plan Rows": 14, "Plan Width": 4, "Filter": "((s_store_name)::text = 'ese'::text)"}]}]}]}]}]}}, {"Plan": {"Node Type": "Aggregate", "Strategy": "Plain", "Partial Mode": "Finalize", "Parallel Aware": false, "Async Capable": false, "Startup Cost": 705467.25, "Total Cost": 705467.26, "Plan Rows": 1, "Plan Width": 8, "Plans": [{"Node Type": "Gather", "Parent Relationship": "Outer", "Parallel Aware": false, "Async Capable": false, "Startup Cost": 705466.63, "Total Cost": 705467.24, "Plan Rows": 6, "Plan Width": 8, "Workers Planned": 6, "Single Copy": false, "Plans": [{"Node Type": "Aggregate", "Strategy": "Plain", "Partial Mode": "Partial", "Parent Relationship": "Outer", "Parallel Aware": false, "Async Capable": false, "Startup Cost": 704466.63, "Total Cost": 704466.64, "Plan Rows": 1, "Plan Width": 8, "Plans": [{"Node Type": "Nested Loop", "Parent Relationship": "Outer", "Parallel Aware": false, "Async Capable": false, "Join Type": "Inner", "Startup Cost": 0.75, "Total Cost": 704463.2, "Plan Rows": 1373, "Plan Width": 0, "Inner Unique": true, "Plans": [{"Node Type": "Nested Loop", "Parent Relationship": "Outer", "Parallel Aware": false, "Async Capable": false, "Join Type": "Inner", "Startup Cost": 0.59, "Total Cost": 704205.98, "Plan Rows": 10000, "Plan Width": 4, "Inner Unique": true, "Plans": [{"Node Type": "Nested Loop", "Parent Relationship": "Outer", "Parallel Aware": false, "Async Capable": false, "Join Type": "Inner", "Startup Cost": 0.3, "Total Cost": 699527.74, "Plan Rows": 100004, "Plan Width": 8, "Inner Unique": true, "Plans": [{"Node Type": "Seq Scan", "Parent Relationship": "Outer", "Parallel Aware": true, "Async Capable": false, "Relation Name": "store_sales", "Alias": "store_sales", "Startup Cost": 0.0, "Total Cost": 565449.69, "Plan Rows": 4800169, "Plan Width": 12}, {"Node Type": "Memoize", "Parent Relationship": "Inner", "Parallel Aware": false, "Async Capable": false, "Startup Cost": 0.3, "Total Cost": 0.33, "Plan Rows": 1, "Plan Width": 4, "Cache Key": "store_sales.ss_sold_time_sk", "Cache Mode": "logical", "Plans": [{"Node Type": "Index Scan", "Parent Relationship": "Outer", "Parallel Aware": false, "Async Capable": false, "Scan Direction": "Forward", "Index Name": "time_dim_pkey", "Relation Name": "time_dim", "Alias": "time_dim", "Startup Cost": 0.29, "Total Cost": 0.32, "Plan Rows": 1, "Plan Width": 4, "Index Cond": "(t_time_sk = store_sales.ss_sold_time_sk)", "Filter": "((t_minute >= 30) AND (t_hour = 8))"}]}]}, {"Node Type": "Memoize", "Parent Relationship": "Inner", "Parallel Aware": false, "Async Capable": false, "Startup Cost": 0.29, "Total Cost": 0.31, "Plan Rows": 1, "Plan Width": 4, "Cache Key": "store_sales.ss_hdemo_sk", "Cache Mode": "logical", "Plans": [{"Node Type": "Index Scan", "Parent Relationship": "Outer", "Parallel Aware": false, "Async Capable": false, "Scan Direction": "Forward", "Index Name": "household_demographics_pkey", "Relation Name": "household_demographics", "Alias": "household_demographics", "Startup Cost": 0.28, "Total Cost": 0.3, "Plan Rows": 1, "Plan Width": 4, "Index Cond": "(hd_demo_sk = store_sales.ss_hdemo_sk)", "Filter": "(hd_dep_count = 7)"}]}]}, {"Node Type": "Memoize", "Parent Relationship": "Inner", "Parallel Aware": false, "Async Capable": false, "Startup Cost": 0.15, "Total Cost": 0.17, "Plan Rows": 1, "Plan Width": 4, "Cache Key": "store_sales.ss_store_sk", "Cache Mode": "logical", "Plans": [{"Node Type": "Index Scan", "Parent Relationship": "Outer", "Parallel Aware": false, "Async Capable": false, "Scan Direction": "Forward", "Index Name": "store_pkey", "Relation Name": "store", "Alias": "store", "Startup Cost": 0.14, "Total Cost": 0.16, "Plan Rows": 1, "Plan Width": 4, "Index Cond": "(s_store_sk = store_sales.ss_store_sk)", "Filter": "((s_store_name)::text = 'ese'::text)"}]}]}]}]}]}}, {"Plan": {"Node Type": "Aggregate", "Strategy": "Plain", "Partial Mode": "Simple", "Parallel Aware": false, "Async Capable": false, "Startup Cost": 40001670700.25, "Total Cost": 40001670700.26, "Plan Rows": 1, "Plan Width": 8, "Plans": [{"Node Type": "Merge Join", "Parent Relationship": "Outer", "Parallel Aware": false, "Async Capable": false, "Join Type": "Inner", "Startup Cost": 40001666406.08, "Total Cost": 40001670679.66, "Plan Rows": 8236, "Plan Width": 0, "Inner Unique": true, "Merge Cond": "(store_sales.ss_sold_time_sk = time_dim.t_time_sk)", "Plans": [{"Node Type": "Sort", "Parent Relationship": "Outer", "Parallel Aware": false, "Async Capable": false, "Startup Cost": 30001665040.62, "Total Cost": 30001666028.89, "Plan Rows": 395308, "Plan Width": 4, "Sort Key": ["store_sales.ss_sold_time_sk"], "Plans": [{"Node Type": "Nested Loop", "Parent Relationship": "Outer", "Parallel Aware": false, "Async Capable": false, "Join Type": "Inner", "Startup Cost": 30000000000.46, "Total Cost": 30001628291.57, "Plan Rows": 395308, "Plan Width": 4, "Inner Unique": true, "Plans": [{"Node Type": "Nested Loop", "Parent Relationship": "Outer", "Parallel Aware": false, "Async Capable": false, "Join Type": "Inner", "Startup Cost": 20000000000.3, "Total Cost": 20001556424.58, "Plan Rows": 2880101, "Plan Width": 8, "Inner Unique": true, "Plans": [{"Node Type": "Seq Scan", "Parent Relationship": "Outer", "Parallel Aware": false, "Async Capable": false, "Relation Name": "store_sales", "Alias": "store_sales", "Startup Cost": 10000000000.0, "Total Cost": 10000805458.14, "Plan Rows": 28801014, "Plan Width": 12}, {"Node Type": "Memoize", "Parent Relationship": "Inner", "Parallel Aware": false, "Async Capable": false, "Startup Cost": 0.3, "Total Cost": 4.32, "Plan Rows": 1, "Plan Width": 4, "Cache Key": "store_sales.ss_hdemo_sk", "Cache Mode": "logical", "Plans": [{"Node Type": "Bitmap Heap Scan", "Parent Relationship": "Outer", "Parallel Aware": false, "Async Capable": false, "Relation Name": "household_demographics", "Alias": "household_demographics", "Startup Cost": 0.29, "Total Cost": 4.31, "Plan Rows": 1, "Plan Width": 4, "Recheck Cond": "(hd_demo_sk = store_sales.ss_hdemo_sk)", "Filter": "(hd_dep_count = 7)", "Plans": [{"Node Type": "Bitmap Index Scan", "Parent Relationship": "Outer", "Parallel Aware": false, "Async Capable": false, "Index Name": "household_demographics_pkey", "Startup Cost": 0.0, "Total Cost": 0.29, "Plan Rows": 1, "Plan Width": 0, "Index Cond": "(hd_demo_sk = store_sales.ss_hdemo_sk)"}]}]}]}, {"Node Type": "Memoize", "Parent Relationship": "Inner", "Parallel Aware": false, "Async Capable": false, "Startup Cost": 0.16, "Total Cost": 4.18, "Plan Rows": 1, "Plan Width": 4, "Cache Key": "store_sales.ss_store_sk", "Cache Mode": "logical", "Plans": [{"Node Type": "Bitmap Heap Scan", "Parent Relationship": "Outer", "Parallel Aware": false, "Async Capable": false, "Relation Name": "store", "Alias": "store", "Startup Cost": 0.15, "Total Cost": 4.17, "Plan Rows": 1, "Plan Width": 4, "Recheck Cond": "(s_store_sk = store_sales.ss_store_sk)", "Filter": "((s_store_name)::text = 'ese'::text)", "Plans": [{"Node Type": "Bitmap Index Scan", "Parent Relationship": "Outer", "Parallel Aware": false, "Async Capable": false, "Index Name": "store_pkey", "Startup Cost": 0.0, "Total Cost": 0.15, "Plan Rows": 1, "Plan Width": 0, "Index Cond": "(s_store_sk = store_sales.ss_store_sk)"}]}]}]}]}, {"Node Type": "Index Scan", "Parent Relationship": "Inner", "Parallel Aware": false, "Async Capable": false, "Scan Direction": "Forward", "Index Name": "time_dim_pkey", "Relation Name": "time_dim", "Alias": "time_dim", "Startup Cost": 10000000000.29, "Total Cost": 10000004091.3, "Plan Rows": 1800, "Plan Width": 4, "Filter": "((t_minute >= 30) AND (t_hour = 8))"}]}]}}, {"Plan": {"Node Type": "Aggregate", "Strategy": "Plain", "Partial Mode": "Finalize", "Parallel Aware": false, "Async Capable": false, "Startup Cost": 738028.73, "Total Cost": 738028.74, "Plan Rows": 1, "Plan Width": 8, "Plans": [{"Node Type": "Gather", "Parent Relationship": "Outer", "Parallel Aware": false, "Async Capable": false, "Startup Cost": 738028.11, "Total Cost": 738028.72, "Plan Rows": 6, "Plan Width": 8, "Workers Planned": 6, "Single Copy": false, "Plans": [{"Node Type": "Aggregate", "Strategy": "Plain", "Partial Mode": "Partial", "Parent Relationship": "Outer", "Parallel Aware": false, "Async Capable": false, "Startup Cost": 737028.11, "Total Cost": 737028.12, "Plan Rows": 1, "Plan Width": 8, "Plans": [{"Node Type": "Merge Join", "Parent Relationship": "Outer", "Parallel Aware": false, "Async Capable": false, "Join Type": "Inner", "Startup Cost": 736677.27, "Total Cost": 737024.68, "Plan Rows": 1373, "Plan Width": 0, "Inner Unique": true, "Merge Cond": "(store_sales.ss_sold_time_sk = time_dim.t_time_sk)", "Plans": [{"Node Type": "Sort", "Parent Relationship": "Outer", "Parallel Aware": false, "Async Capable": false, "Startup Cost": 733872.94, "Total Cost": 734037.66, "Plan Rows": 65885, "Plan Width": 4, "Sort Key": ["store_sales.ss_sold_time_sk"], "Plans": [{"Node Type": "Nested Loop", "Parent Relationship": "Outer", "Parallel Aware": false, "Async Capable": false, "Join Type": "Inner", "Startup Cost": 0.46, "Total Cost": 728599.62, "Plan Rows": 65885, "Plan Width": 4, "Inner Unique": true, "Plans": [{"Node Type": "Nested Loop", "Parent Relationship": "Outer", "Parallel Aware": false, "Async Capable": false, "Join Type": "Inner", "Startup Cost": 0.3, "Total Cost": 716442.68, "Plan Rows": 480017, "Plan Width": 8, "Inner Unique": true, "Plans": [{"Node Type": "Seq Scan", "Parent Relationship": "Outer", "Parallel Aware": true, "Async Capable": false, "Relation Name": "store_sales", "Alias": "store_sales", "Startup Cost": 0.0, "Total Cost": 565449.69, "Plan Rows": 4800169, "Plan Width": 12}, {"Node Type": "Memoize", "Parent Relationship": "Inner", "Parallel Aware": false, "Async Capable": false, "Startup Cost": 0.3, "Total Cost": 4.32, "Plan Rows": 1, "Plan Width": 4, "Cache Key": "store_sales.ss_hdemo_sk", "Cache Mode": "logical", "Plans": [{"Node Type": "Bitmap Heap Scan", "Parent Relationship": "Outer", "Parallel Aware": false, "Async Capable": false, "Relation Name": "household_demographics", "Alias": "household_demographics", "Startup Cost": 0.29, "Total Cost": 4.31, "Plan Rows": 1, "Plan Width": 4, "Recheck Cond": "(hd_demo_sk = store_sales.ss_hdemo_sk)", "Filter": "(hd_dep_count = 7)", "Plans": [{"Node Type": "Bitmap Index Scan", "Parent Relationship": "Outer", "Parallel Aware": false, "Async Capable": false, "Index Name": "household_demographics_pkey", "Startup Cost": 0.0, "Total Cost": 0.29, "Plan Rows": 1, "Plan Width": 0, "Index Cond": "(hd_demo_sk = store_sales.ss_hdemo_sk)"}]}]}]}, {"Node Type": "Memoize", "Parent Relationship": "Inner", "Parallel Aware": false, "Async Capable": false, "Startup Cost": 0.16, "Total Cost": 4.18, "Plan Rows": 1, "Plan Width": 4, "Cache Key": "store_sales.ss_store_sk", "Cache Mode": "logical", "Plans": [{"Node Type": "Bitmap Heap Scan", "Parent Relationship": "Outer", "Parallel Aware": false, "Async Capable": false, "Relation Name": "store", "Alias": "store", "Startup Cost": 0.15, "Total Cost": 4.17, "Plan Rows": 1, "Plan Width": 4, "Recheck Cond": "(s_store_sk = store_sales.ss_store_sk)", "Filter": "((s_store_name)::text = 'ese'::text)", "Plans": [{"Node Type": "Bitmap Index Scan", "Parent Relationship": "Outer", "Parallel Aware": false, "Async Capable": false, "Index Name": "store_pkey", "Startup Cost": 0.0, "Total Cost": 0.15, "Plan Rows": 1, "Plan Width": 0, "Index Cond": "(s_store_sk = store_sales.ss_store_sk)"}]}]}]}]}, {"Node Type": "Sort", "Parent Relationship": "Inner", "Parallel Aware": false, "Async Capable": false, "Startup Cost": 2801.32, "Total Cost": 2805.82, "Plan Rows": 1800, "Plan Width": 4, "Sort Key": ["time_dim.t_time_sk"], "Plans": [{"Node Type": "Seq Scan", "Parent Relationship": "Outer", "Parallel Aware": false, "Async Capable": false, "Relation Name": "time_dim", "Alias": "time_dim", "Startup Cost": 0.0, "Total Cost": 2704.0, "Plan Rows": 1800, "Plan Width": 4, "Filter": "((t_minute >= 30) AND (t_hour = 8))"}]}]}]}]}]}}, {"Plan": {"Node Type": "Aggregate", "Strategy": "Plain", "Partial Mode": "Finalize", "Parallel Aware": false, "Async Capable": false, "Startup Cost": 913201.5, "Total Cost": 913201.51, "Plan Rows": 1, "Plan Width": 8, "Plans": [{"Node Type": "Gather", "Parent Relationship": "Outer", "Parallel Aware": false, "Async Capable": false, "Startup Cost": 913200.87, "Total Cost": 913201.48, "Plan Rows": 6, "Plan Width": 8, "Workers Planned": 6, "Single Copy": false, "Plans": [{"Node Type": "Aggregate", "Strategy": "Plain", "Partial Mode": "Partial", "Parent Relationship": "Outer", "Parallel Aware": false, "Async Capable": false, "Startup Cost": 912200.87, "Total Cost": 912200.88, "Plan Rows": 1, "Plan Width": 8, "Plans": [{"Node Type": "Nested Loop", "Parent Relationship": "Outer", "Parallel Aware": false, "Async Capable": false, "Join Type": "Inner", "Startup Cost": 0.77, "Total Cost": 912197.44, "Plan Rows": 1373, "Plan Width": 0, "Inner Unique": true, "Plans": [{"Node Type": "Nested Loop", "Parent Relationship": "Outer", "Parallel Aware": false, "Async Capable": false, "Join Type": "Inner", "Startup Cost": 0.61, "Total Cost": 911733.76, "Plan Rows": 10000, "Plan Width": 4, "Inner Unique": true, "Plans": [{"Node Type": "Nested Loop", "Parent Relationship": "Outer", "Parallel Aware": false, "Async Capable": false, "Join Type": "Inner", "Startup Cost": 0.31, "Total Cost": 878235.79, "Plan Rows": 100004, "Plan Width": 8, "Inner Unique": true, "Plans": [{"Node Type": "Seq Scan", "Parent Relationship": "Outer", "Parallel Aware": true, "Async Capable": false, "Relation Name": "store_sales", "Alias": "store_sales", "Startup Cost": 0.0, "Total Cost": 565449.69, "Plan Rows": 4800169, "Plan Width": 12}, {"Node Type": "Memoize", "Parent Relationship": "Inner", "Parallel Aware": false, "Async Capable": false, "Startup Cost": 0.31, "Total Cost": 4.33, "Plan Rows": 1, "Plan Width": 4, "Cache Key": "store_sales.ss_sold_time_sk", "Cache Mode": "logical", "Plans": [{"Node Type": "Bitmap Heap Scan", "Parent Relationship": "Outer", "Parallel Aware": false, "Async Capable": false, "Relation Name": "time_dim", "Alias": "time_dim", "Startup Cost": 0.3, "Total Cost": 4.32, "Plan Rows": 1, "Plan Width": 4, "Recheck Cond": "(t_time_sk = store_sales.ss_sold_time_sk)", "Filter": "((t_minute >= 30) AND (t_hour = 8))", "Plans": [{"Node Type": "Bitmap Index Scan", "Parent Relationship": "Outer", "Parallel Aware": false, "Async Capable": false, "Index Name": "time_dim_pkey", "Startup Cost": 0.0, "Total Cost": 0.3, "Plan Rows": 1, "Plan Width": 0, "Index Cond": "(t_time_sk = store_sales.ss_sold_time_sk)"}]}]}]}, {"Node Type": "Memoize", "Parent Relationship": "Inner", "Parallel Aware": false, "Async Capable": false, "Startup Cost": 0.3, "Total Cost": 4.32, "Plan Rows": 1, "Plan Width": 4, "Cache Key": "store_sales.ss_hdemo_sk", "Cache Mode": "logical", "Plans": [{"Node Type": "Bitmap Heap Scan", "Parent Relationship": "Outer", "Parallel Aware": false, "Async Capable": false, "Relation Name": "household_demographics", "Alias": "household_demographics", "Startup Cost": 0.29, "Total Cost": 4.31, "Plan Rows": 1, "Plan Width": 4, "Recheck Cond": "(hd_demo_sk = store_sales.ss_hdemo_sk)", "Filter": "(hd_dep_count = 7)", "Plans": [{"Node Type": "Bitmap Index Scan", "Parent Relationship": "Outer", "Parallel Aware": false, "Async Capable": false, "Index Name": "household_demographics_pkey", "Startup Cost": 0.0, "Total Cost": 0.29, "Plan Rows": 1, "Plan Width": 0, "Index Cond": "(hd_demo_sk = store_sales.ss_hdemo_sk)"}]}]}]}, {"Node Type": "Memoize", "Parent Relationship": "Inner", "Parallel Aware": false, "Async Capable": false, "Startup Cost": 0.16, "Total Cost": 4.18, "Plan Rows": 1, "Plan Width": 4, "Cache Key": "store_sales.ss_store_sk", "Cache Mode": "logical", "Plans": [{"Node Type": "Bitmap Heap Scan", "Parent Relationship": "Outer", "Parallel Aware": false, "Async Capable": false, "Relation Name": "store", "Alias": "store", "Startup Cost": 0.15, "Total Cost": 4.17, "Plan Rows": 1, "Plan Width": 4, "Recheck Cond": "(s_store_sk = store_sales.ss_store_sk)", "Filter": "((s_store_name)::text = 'ese'::text)", "Plans": [{"Node Type": "Bitmap Index Scan", "Parent Relationship": "Outer", "Parallel Aware": false, "Async Capable": false, "Index Name": "store_pkey", "Startup Cost": 0.0, "Total Cost": 0.15, "Plan Rows": 1, "Plan Width": 0, "Index Cond": "(s_store_sk = store_sales.ss_store_sk)"}]}]}]}]}]}]}}]