[{"Plan": {"Node Type": "Aggregate", "Strategy": "Plain", "Partial Mode": "Finalize", "Parallel Aware": false, "Async Capable": false, "Startup Cost": 65881.16, "Total Cost": 65881.17, "Plan Rows": 1, "Plan Width": 8, "Plans": [{"Node Type": "Gather", "Parent Relationship": "Outer", "Parallel Aware": false, "Async Capable": false, "Startup Cost": 65880.95, "Total Cost": 65881.16, "Plan Rows": 2, "Plan Width": 8, "Workers Planned": 2, "Single Copy": false, "Plans": [{"Node Type": "Aggregate", "Strategy": "Plain", "Partial Mode": "Partial", "Parent Relationship": "Outer", "Parallel Aware": false, "Async Capable": false, "Startup Cost": 64880.95, "Total Cost": 64880.96, "Plan Rows": 1, "Plan Width": 8, "Plans": [{"Node Type": "Nested Loop", "Parent Relationship": "Outer", "Parallel Aware": false, "Async Capable": false, "Join Type": "Inner", "Startup Cost": 11.15, "Total Cost": 64878.15, "Plan Rows": 1118, "Plan Width": 0, "Inner Unique": true, "Plans": [{"Node Type": "Nested Loop", "Parent Relationship": "Outer", "Parallel Aware": false, "Async Capable": false, "Join Type": "Inner", "Startup Cost": 10.85, "Total Cost": 63978.36, "Plan Rows": 13177, "Plan Width": 4, "Inner Unique": false, "Plans": [{"Node Type": "Seq Scan", "Parent Relationship": "Outer", "Parallel Aware": true, "Async Capable": false, "Relation Name": "item", "Alias": "item", "Startup Cost": 0.0, "Total Cost": 7575.25, "Plan Rows": 47, "Plan Width": 4, "Filter": "(i_manufact_id = 594)"}, {"Node Type": "Bitmap Heap Scan", "Parent Relationship": "Inner", "Parallel Aware": false, "Async Capable": false, "Relation Name": "store_sales", "Alias": "store_sales", "Startup Cost": 10.85, "Total Cost": 1196.96, "Plan Rows": 311, "Plan Width": 8, "Recheck Cond": "(ss_item_sk = item.i_item_sk)", "Plans": [{"Node Type": "Bitmap Index Scan", "Parent Relationship": "Outer", "Parallel Aware": false, "Async Capable": false, "Index Name": "store_sales_pkey", "Startup Cost": 0.0, "Total Cost": 10.77, "Plan Rows": 311, "Plan Width": 0, "Index Cond": "(ss_item_sk = item.i_item_sk)"}]}]}, {"Node Type": "Memoize", "Parent Relationship": "Inner", "Parallel Aware": false, "Async Capable": false, "Startup Cost": 0.3, "Total Cost": 0.32, "Plan Rows": 1, "Plan Width": 4, "Cache Key": "store_sales.ss_sold_date_sk", "Cache Mode": "logical", "Plans": [{"Node Type": "Index Scan", "Parent Relationship": "Outer", "Parallel Aware": false, "Async Capable": false, "Scan Direction": "Forward", "Index Name": "date_dim_pkey", "Relation Name": "date_dim", "Alias": "dt", "Startup Cost": 0.29, "Total Cost": 0.31, "Plan Rows": 1, "Plan Width": 4, "Index Cond": "(d_date_sk = store_sales.ss_sold_date_sk)", "Filter": "(d_moy = 12)"}]}]}]}]}]}}, {"Plan": {"Node Type": "Aggregate", "Strategy": "Plain", "Partial Mode": "Simple", "Parallel Aware": false, "Async Capable": false, "Startup Cost": 30000148066.1, "Total Cost": 30000148066.11, "Plan Rows": 1, "Plan Width": 8, "Plans": [{"Node Type": "Hash Join", "Parent Relationship": "Outer", "Parallel Aware": false, "Async Capable": false, "Join Type": "Inner", "Startup Cost": 30000003602.29, "Total Cost": 30000148059.39, "Plan Rows": 2684, "Plan Width": 0, "Inner Unique": true, "Hash Cond": "(store_sales.ss_sold_date_sk = dt.d_date_sk)", "Plans": [{"Node Type": "Nested Loop", "Parent Relationship": "Outer", "Parallel Aware": false, "Async Capable": false, "Join Type": "Inner", "Startup Cost": 20000000011.14, "Total Cost": 20000144385.22, "Plan Rows": 31625, "Plan Width": 4, "Inner Unique": false, "Plans": [{"Node Type": "Index Scan", "Parent Relationship": "Outer", "Parallel Aware": false, "Async Capable": false, "Scan Direction": "Forward", "Index Name": "item_pkey", "Relation Name": "item", "Alias": "item", "Startup Cost": 10000000000.29, "Total Cost": 10000009977.8, "Plan Rows": 112, "Plan Width": 4, "Filter": "(i_manufact_id = 594)"}, {"Node Type": "Bitmap Heap Scan", "Parent Relationship": "Inner", "Parallel Aware": false, "Async Capable": false, "Relation Name": "store_sales", "Alias": "store_sales", "Startup Cost": 10.85, "Total Cost": 1196.96, "Plan Rows": 311, "Plan Width": 8, "Recheck Cond": "(ss_item_sk = item.i_item_sk)", "Plans": [{"Node Type": "Bitmap Index Scan", "Parent Relationship": "Outer", "Parallel Aware": false, "Async Capable": false, "Index Name": "store_sales_pkey", "Startup Cost": 0.0, "Total Cost": 10.77, "Plan Rows": 311, "Plan Width": 0, "Index Cond": "(ss_item_sk = item.i_item_sk)"}]}]}, {"Node Type": "Hash", "Parent Relationship": "Inner", "Parallel Aware": false, "Async Capable": false, "Startup Cost": 10000003513.65, "Total Cost": 10000003513.65, "Plan Rows": 6200, "Plan Width": 4, "Plans": [{"Node Type": "Index Scan", "Parent Relationship": "Outer", "Parallel Aware": false, "Async Capable": false, "Scan Direction": "Forward", "Index Name": "date_dim_pkey", "Relation Name": "date_dim", "Alias": "dt", "Startup Cost": 10000000000.29, "Total Cost": 10000003513.65, "Plan Rows": 6200, "Plan Width": 4, "Filter": "(d_moy = 12)"}]}]}]}}, {"Plan": {"Node Type": "Aggregate", "Strategy": "Plain", "Partial Mode": "Finalize", "Parallel Aware": false, "Async Capable": false, "Startup Cost": 2736533.63, "Total Cost": 2736533.64, "Plan Rows": 1, "Plan Width": 8, "Plans": [{"Node Type": "Gather", "Parent Relationship": "Outer", "Parallel Aware": false, "Async Capable": false, "Startup Cost": 2736533.0, "Total Cost": 2736533.61, "Plan Rows": 6, "Plan Width": 8, "Workers Planned": 6, "Single Copy": false, "Plans": [{"Node Type": "Aggregate", "Strategy": "Plain", "Partial Mode": "Partial", "Parent Relationship": "Outer", "Parallel Aware": false, "Async Capable": false, "Startup Cost": 2735533.0, "Total Cost": 2735533.01, "Plan Rows": 1, "Plan Width": 8, "Plans": [{"Node Type": "Hash Join", "Parent Relationship": "Outer", "Parallel Aware": true, "Async Capable": false, "Join Type": "Inner", "Startup Cost": 12418.33, "Total Cost": 2735531.88, "Plan Rows": 447, "Plan Width": 0, "Inner Unique": true, "Hash Cond": "(store_sales.ss_sold_date_sk = dt.d_date_sk)", "Plans": [{"Node Type": "Hash Join", "Parent Relationship": "Outer", "Parallel Aware": true, "Async Capable": false, "Join Type": "Inner", "Startup Cost": 9235.08, "Total Cost": 2732334.8, "Plan Rows": 5271, "Plan Width": 4, "Inner Unique": true, "Hash Cond": "(store_sales.ss_item_sk = item.i_item_sk)", "Plans": [{"Node Type": "Index Scan", "Parent Relationship": "Outer", "Parallel Aware": true, "Async Capable": false, "Scan Direction": "Forward", "Index Name": "store_sales_pkey", "Relation Name": "store_sales", "Alias": "store_sales", "Startup Cost": 0.44, "Total Cost": 2710499.19, "Plan Rows": 4800169, "Plan Width": 8}, {"Node Type": "Hash", "Parent Relationship": "Inner", "Parallel Aware": true, "Async Capable": false, "Startup Cost": 9234.05, "Total Cost": 9234.05, "Plan Rows": 47, "Plan Width": 4, "Plans": [{"Node Type": "Index Scan", "Parent Relationship": "Outer", "Parallel Aware": true, "Async Capable": false, "Scan Direction": "Forward", "Index Name": "item_pkey", "Relation Name": "item", "Alias": "item", "Startup Cost": 0.29, "Total Cost": 9234.05, "Plan Rows": 47, "Plan Width": 4, "Filter": "(i_manufact_id = 594)"}]}]}, {"Node Type": "Hash", "Parent Relationship": "Inner", "Parallel Aware": true, "Async Capable": false, "Startup Cost": 3137.66, "Total Cost": 3137.66, "Plan Rows": 3647, "Plan Width": 4, "Plans": [{"Node Type": "Index Scan", "Parent Relationship": "Outer", "Parallel Aware": true, "Async Capable": false, "Scan Direction": "Forward", "Index Name": "date_dim_pkey", "Relation Name": "date_dim", "Alias": "dt", "Startup Cost": 0.29, "Total Cost": 3137.66, "Plan Rows": 3647, "Plan Width": 4, "Filter": "(d_moy = 12)"}]}]}]}]}]}}, {"Plan": {"Node Type": "Aggregate", "Strategy": "Plain", "Partial Mode": "Finalize", "Parallel Aware": false, "Async Capable": false, "Startup Cost": 2735510.67, "Total Cost": 2735510.68, "Plan Rows": 1, "Plan Width": 8, "Plans": [{"Node Type": "Gather", "Parent Relationship": "Outer", "Parallel Aware": false, "Async Capable": false, "Startup Cost": 2735510.04, "Total Cost": 2735510.65, "Plan Rows": 6, "Plan Width": 8, "Workers Planned": 6, "Single Copy": false, "Plans": [{"Node Type": "Aggregate", "Strategy": "Plain", "Partial Mode": "Partial", "Parent Relationship": "Outer", "Parallel Aware": false, "Async Capable": false, "Startup Cost": 2734510.04, "Total Cost": 2734510.05, "Plan Rows": 1, "Plan Width": 8, "Plans": [{"Node Type": "Merge Join", "Parent Relationship": "Outer", "Parallel Aware": false, "Async Capable": false, "Join Type": "Inner", "Startup Cost": 2734390.08, "Total Cost": 2734508.93, "Plan Rows": 447, "Plan Width": 0, "Inner Unique": true, "Merge Cond": "(store_sales.ss_sold_date_sk = dt.d_date_sk)", "Plans": [{"Node Type": "Sort", "Parent Relationship": "Outer", "Parallel Aware": false, "Async Capable": false, "Startup Cost": 2732660.65, "Total Cost": 2732673.82, "Plan Rows": 5271, "Plan Width": 4, "Sort Key": ["store_sales.ss_sold_date_sk"], "Plans": [{"Node Type": "Hash Join", "Parent Relationship": "Outer", "Parallel Aware": true, "Async Capable": false, "Join Type": "Inner", "Startup Cost": 9235.08, "Total Cost": 2732334.8, "Plan Rows": 5271, "Plan Width": 4, "Inner Unique": true, "Hash Cond": "(store_sales.ss_item_sk = item.i_item_sk)", "Plans": [{"Node Type": "Index Scan", "Parent Relationship": "Outer", "Parallel Aware": true, "Async Capable": false, "Scan Direction": "Forward", "Index Name": "store_sales_pkey", "Relation Name": "store_sales", "Alias": "store_sales", "Startup Cost": 0.44, "Total Cost": 2710499.19, "Plan Rows": 4800169, "Plan Width": 8}, {"Node Type": "Hash", "Parent Relationship": "Inner", "Parallel Aware": true, "Async Capable": false, "Startup Cost": 9234.05, "Total Cost": 9234.05, "Plan Rows": 47, "Plan Width": 4, "Plans": [{"Node Type": "Index Scan", "Parent Relationship": "Outer", "Parallel Aware": true, "Async Capable": false, "Scan Direction": "Forward", "Index Name": "item_pkey", "Relation Name": "item", "Alias": "item", "Startup Cost": 0.29, "Total Cost": 9234.05, "Plan Rows": 47, "Plan Width": 4, "Filter": "(i_manufact_id = 594)"}]}]}]}, {"Node Type": "Index Scan", "Parent Relationship": "Inner", "Parallel Aware": false, "Async Capable": false, "Scan Direction": "Forward", "Index Name": "date_dim_pkey", "Relation Name": "date_dim", "Alias": "dt", "Startup Cost": 0.29, "Total Cost": 3513.65, "Plan Rows": 6200, "Plan Width": 4, "Filter": "(d_moy = 12)"}]}]}]}]}}, {"Plan": {"Node Type": "Aggregate", "Strategy": "Plain", "Partial Mode": "Finalize", "Parallel Aware": false, "Async Capable": false, "Startup Cost": 67539.97, "Total Cost": 67539.98, "Plan Rows": 1, "Plan Width": 8, "Plans": [{"Node Type": "Gather", "Parent Relationship": "Outer", "Parallel Aware": false, "Async Capable": false, "Startup Cost": 67539.75, "Total Cost": 67539.96, "Plan Rows": 2, "Plan Width": 8, "Workers Planned": 2, "Single Copy": false, "Plans": [{"Node Type": "Aggregate", "Strategy": "Plain", "Partial Mode": "Partial", "Parent Relationship": "Outer", "Parallel Aware": false, "Async Capable": false, "Startup Cost": 66539.75, "Total Cost": 66539.76, "Plan Rows": 1, "Plan Width": 8, "Plans": [{"Node Type": "Nested Loop", "Parent Relationship": "Outer", "Parallel Aware": false, "Async Capable": false, "Join Type": "Inner", "Startup Cost": 11.44, "Total Cost": 66536.96, "Plan Rows": 1118, "Plan Width": 0, "Inner Unique": true, "Plans": [{"Node Type": "Nested Loop", "Parent Relationship": "Outer", "Parallel Aware": false, "Async Capable": false, "Join Type": "Inner", "Startup Cost": 11.14, "Total Cost": 65637.17, "Plan Rows": 13177, "Plan Width": 4, "Inner Unique": false, "Plans": [{"Node Type": "Index Scan", "Parent Relationship": "Outer", "Parallel Aware": true, "Async Capable": false, "Scan Direction": "Forward", "Index Name": "item_pkey", "Relation Name": "item", "Alias": "item", "Startup Cost": 0.29, "Total Cost": 9234.05, "Plan Rows": 47, "Plan Width": 4, "Filter": "(i_manufact_id = 594)"}, {"Node Type": "Bitmap Heap Scan", "Parent Relationship": "Inner", "Parallel Aware": false, "Async Capable": false, "Relation Name": "store_sales", "Alias": "store_sales", "Startup Cost": 10.85, "Total Cost": 1196.96, "Plan Rows": 311, "Plan Width": 8, "Recheck Cond": "(ss_item_sk = item.i_item_sk)", "Plans": [{"Node Type": "Bitmap Index Scan", "Parent Relationship": "Outer", "Parallel Aware": false, "Async Capable": false, "Index Name": "store_sales_pkey", "Startup Cost": 0.0, "Total Cost": 10.77, "Plan Rows": 311, "Plan Width": 0, "Index Cond": "(ss_item_sk = item.i_item_sk)"}]}]}, {"Node Type": "Memoize", "Parent Relationship": "Inner", "Parallel Aware": false, "Async Capable": false, "Startup Cost": 0.3, "Total Cost": 0.32, "Plan Rows": 1, "Plan Width": 4, "Cache Key": "store_sales.ss_sold_date_sk", "Cache Mode": "logical", "Plans": [{"Node Type": "Index Scan", "Parent Relationship": "Outer", "Parallel Aware": false, "Async Capable": false, "Scan Direction": "Forward", "Index Name": "date_dim_pkey", "Relation Name": "date_dim", "Alias": "dt", "Startup Cost": 0.29, "Total Cost": 0.31, "Plan Rows": 1, "Plan Width": 4, "Index Cond": "(d_date_sk = store_sales.ss_sold_date_sk)", "Filter": "(d_moy = 12)"}]}]}]}]}]}}, {"Plan": {"Node Type": "Aggregate", "Strategy": "Plain", "Partial Mode": "Finalize", "Parallel Aware": false, "Async Capable": false, "Startup Cost": 588648.79, "Total Cost": 588648.8, "Plan Rows": 1, "Plan Width": 8, "Plans": [{"Node Type": "Gather", "Parent Relationship": "Outer", "Parallel Aware": false, "Async Capable": false, "Startup Cost": 588648.16, "Total Cost": 588648.77, "Plan Rows": 6, "Plan Width": 8, "Workers Planned": 6, "Single Copy": false, "Plans": [{"Node Type": "Aggregate", "Strategy": "Plain", "Partial Mode": "Partial", "Parent Relationship": "Outer", "Parallel Aware": false, "Async Capable": false, "Startup Cost": 587648.16, "Total Cost": 587648.17, "Plan Rows": 1, "Plan Width": 8, "Plans": [{"Node Type": "Hash Join", "Parent Relationship": "Outer", "Parallel Aware": true, "Async Capable": false, "Join Type": "Inner", "Startup Cost": 9582.55, "Total Cost": 587647.04, "Plan Rows": 447, "Plan Width": 0, "Inner Unique": true, "Hash Cond": "(store_sales.ss_sold_date_sk = dt.d_date_sk)", "Plans": [{"Node Type": "Hash Join", "Parent Relationship": "Outer", "Parallel Aware": true, "Async Capable": false, "Join Type": "Inner", "Startup Cost": 7575.84, "Total Cost": 585626.49, "Plan Rows": 5271, "Plan Width": 4, "Inner Unique": true, "Hash Cond": "(store_sales.ss_item_sk = item.i_item_sk)", "Plans": [{"Node Type": "Seq Scan", "Parent Relationship": "Outer", "Parallel Aware": true, "Async Capable": false, "Relation Name": "store_sales", "Alias": "store_sales", "Startup Cost": 0.0, "Total Cost": 565449.69, "Plan Rows": 4800169, "Plan Width": 8}, {"Node Type": "Hash", "Parent Relationship": "Inner", "Parallel Aware": true, "Async Capable": false, "Startup Cost": 7575.25, "Total Cost": 7575.25, "Plan Rows": 47, "Plan Width": 4, "Plans": [{"Node Type": "Seq Scan", "Parent Relationship": "Outer", "Parallel Aware": true, "Async Capable": false, "Relation Name": "item", "Alias": "item", "Startup Cost": 0.0, "Total Cost": 7575.25, "Plan Rows": 47, "Plan Width": 4, "Filter": "(i_manufact_id = 594)"}]}]}, {"Node Type": "Hash", "Parent Relationship": "Inner", "Parallel Aware": true, "Async Capable": false, "Startup Cost": 1961.12, "Total Cost": 1961.12, "Plan Rows": 3647, "Plan Width": 4, "Plans": [{"Node Type": "Seq Scan", "Parent Relationship": "Outer", "Parallel Aware": true, "Async Capable": false, "Relation Name": "date_dim", "Alias": "dt", "Startup Cost": 0.0, "Total Cost": 1961.12, "Plan Rows": 3647, "Plan Width": 4, "Filter": "(d_moy = 12)"}]}]}]}]}]}}, {"Plan": {"Node Type": "Aggregate", "Strategy": "Plain", "Partial Mode": "Simple", "Parallel Aware": false, "Async Capable": false, "Startup Cost": 10000153053.37, "Total Cost": 10000153053.38, "Plan Rows": 1, "Plan Width": 8, "Plans": [{"Node Type": "Nested Loop", "Parent Relationship": "Outer", "Parallel Aware": false, "Async Capable": false, "Join Type": "Inner", "Startup Cost": 10000000011.45, "Total Cost": 10000153046.66, "Plan Rows": 2684, "Plan Width": 0, "Inner Unique": true, "Plans": [{"Node Type": "Nested Loop", "Parent Relationship": "Outer", "Parallel Aware": false, "Async Capable": false, "Join Type": "Inner", "Startup Cost": 10000000011.14, "Total Cost": 10000144385.22, "Plan Rows": 31625, "Plan Width": 4, "Inner Unique": false, "Plans": [{"Node Type": "Index Scan", "Parent Relationship": "Outer", "Parallel Aware": false, "Async Capable": false, "Scan Direction": "Forward", "Index Name": "item_pkey", "Relation Name": "item", "Alias": "item", "Startup Cost": 10000000000.29, "Total Cost": 10000009977.8, "Plan Rows": 112, "Plan Width": 4, "Filter": "(i_manufact_id = 594)"}, {"Node Type": "Bitmap Heap Scan", "Parent Relationship": "Inner", "Parallel Aware": false, "Async Capable": false, "Relation Name": "store_sales", "Alias": "store_sales", "Startup Cost": 10.85, "Total Cost": 1196.96, "Plan Rows": 311, "Plan Width": 8, "Recheck Cond": "(ss_item_sk = item.i_item_sk)", "Plans": [{"Node Type": "Bitmap Index Scan", "Parent Relationship": "Outer", "Parallel Aware": false, "Async Capable": false, "Index Name": "store_sales_pkey", "Startup Cost": 0.0, "Total Cost": 10.77, "Plan Rows": 311, "Plan Width": 0, "Index Cond": "(ss_item_sk = item.i_item_sk)"}]}]}, {"Node Type": "Memoize", "Parent Relationship": "Inner", "Parallel Aware": false, "Async Capable": false, "Startup Cost": 0.31, "Total Cost": 4.33, "Plan Rows": 1, "Plan Width": 4, "Cache Key": "store_sales.ss_sold_date_sk", "Cache Mode": "logical", "Plans": [{"Node Type": "Bitmap Heap Scan", "Parent Relationship": "Outer", "Parallel Aware": false, "Async Capable": false, "Relation Name": "date_dim", "Alias": "dt", "Startup Cost": 0.3, "Total Cost": 4.32, "Plan Rows": 1, "Plan Width": 4, "Recheck Cond": "(d_date_sk = store_sales.ss_sold_date_sk)", "Filter": "(d_moy = 12)", "Plans": [{"Node Type": "Bitmap Index Scan", "Parent Relationship": "Outer", "Parallel Aware": false, "Async Capable": false, "Index Name": "date_dim_pkey", "Startup Cost": 0.0, "Total Cost": 0.3, "Plan Rows": 1, "Plan Width": 0, "Index Cond": "(d_date_sk = store_sales.ss_sold_date_sk)"}]}]}]}]}}, {"Plan": {"Node Type": "Aggregate", "Strategy": "Plain", "Partial Mode": "Finalize", "Parallel Aware": false, "Async Capable": false, "Startup Cost": 67022.68, "Total Cost": 67022.69, "Plan Rows": 1, "Plan Width": 8, "Plans": [{"Node Type": "Gather", "Parent Relationship": "Outer", "Parallel Aware": false, "Async Capable": false, "Startup Cost": 67022.46, "Total Cost": 67022.67, "Plan Rows": 2, "Plan Width": 8, "Workers Planned": 2, "Single Copy": false, "Plans": [{"Node Type": "Aggregate", "Strategy": "Plain", "Partial Mode": "Partial", "Parent Relationship": "Outer", "Parallel Aware": false, "Async Capable": false, "Startup Cost": 66022.46, "Total Cost": 66022.47, "Plan Rows": 1, "Plan Width": 8, "Plans": [{"Node Type": "Hash Join", "Parent Relationship": "Outer", "Parallel Aware": true, "Async Capable": false, "Join Type": "Inner", "Startup Cost": 2017.56, "Total Cost": 66019.67, "Plan Rows": 1118, "Plan Width": 0, "Inner Unique": true, "Hash Cond": "(store_sales.ss_sold_date_sk = dt.d_date_sk)", "Plans": [{"Node Type": "Nested Loop", "Parent Relationship": "Outer", "Parallel Aware": false, "Async Capable": false, "Join Type": "Inner", "Startup Cost": 10.85, "Total Cost": 63978.36, "Plan Rows": 13177, "Plan Width": 4, "Inner Unique": false, "Plans": [{"Node Type": "Seq Scan", "Parent Relationship": "Outer", "Parallel Aware": true, "Async Capable": false, "Relation Name": "item", "Alias": "item", "Startup Cost": 0.0, "Total Cost": 7575.25, "Plan Rows": 47, "Plan Width": 4, "Filter": "(i_manufact_id = 594)"}, {"Node Type": "Bitmap Heap Scan", "Parent Relationship": "Inner", "Parallel Aware": false, "Async Capable": false, "Relation Name": "store_sales", "Alias": "store_sales", "Startup Cost": 10.85, "Total Cost": 1196.96, "Plan Rows": 311, "Plan Width": 8, "Recheck Cond": "(ss_item_sk = item.i_item_sk)", "Plans": [{"Node Type": "Bitmap Index Scan", "Parent Relationship": "Outer", "Parallel Aware": false, "Async Capable": false, "Index Name": "store_sales_pkey", "Startup Cost": 0.0, "Total Cost": 10.77, "Plan Rows": 311, "Plan Width": 0, "Index Cond": "(ss_item_sk = item.i_item_sk)"}]}]}, {"Node Type": "Hash", "Parent Relationship": "Inner", "Parallel Aware": true, "Async Capable": false, "Startup Cost": 1961.12, "Total Cost": 1961.12, "Plan Rows": 3647, "Plan Width": 4, "Plans": [{"Node Type": "Seq Scan", "Parent Relationship": "Outer", "Parallel Aware": true, "Async Capable": false, "Relation Name": "date_dim", "Alias": "dt", "Startup Cost": 0.0, "Total Cost": 1961.12, "Plan Rows": 3647, "Plan Width": 4, "Filter": "(d_moy = 12)"}]}]}]}]}]}}, {"Plan": {"Node Type": "Aggregate", "Strategy": "Plain", "Partial Mode": "Finalize", "Parallel Aware": false, "Async Capable": false, "Startup Cost": 2735706.28, "Total Cost": 2735706.29, "Plan Rows": 1, "Plan Width": 8, "Plans": [{"Node Type": "Gather", "Parent Relationship": "Outer", "Parallel Aware": false, "Async Capable": false, "Startup Cost": 2735705.65, "Total Cost": 2735706.26, "Plan Rows": 6, "Plan Width": 8, "Workers Planned": 6, "Single Copy": false, "Plans": [{"Node Type": "Aggregate", "Strategy": "Plain", "Partial Mode": "Partial", "Parent Relationship": "Outer", "Parallel Aware": false, "Async Capable": false, "Startup Cost": 2734705.65, "Total Cost": 2734705.66, "Plan Rows": 1, "Plan Width": 8, "Plans": [{"Node Type": "Merge Join", "Parent Relationship": "Outer", "Parallel Aware": false, "Async Capable": false, "Join Type": "Inner", "Startup Cost": 2734585.69, "Total Cost": 2734704.53, "Plan Rows": 447, "Plan Width": 0, "Inner Unique": true, "Merge Cond": "(store_sales.ss_sold_date_sk = dt.d_date_sk)", "Plans": [{"Node Type": "Sort", "Parent Relationship": "Outer", "Parallel Aware": false, "Async Capable": false, "Startup Cost": 2732856.25, "Total Cost": 2732869.43, "Plan Rows": 5271, "Plan Width": 4, "Sort Key": ["store_sales.ss_sold_date_sk"], "Plans": [{"Node Type": "Merge Join", "Parent Relationship": "Outer", "Parallel Aware": false, "Async Capable": false, "Join Type": "Inner", "Startup Cost": 0.73, "Total Cost": 2732530.41, "Plan Rows": 5271, "Plan Width": 4, "Inner Unique": true, "Merge Cond": "(store_sales.ss_item_sk = item.i_item_sk)", "Plans": [{"Node Type": "Index Scan", "Parent Relationship": "Outer", "Parallel Aware": true, "Async Capable": false, "Scan Direction": "Forward", "Index Name": "store_sales_pkey", "Relation Name": "store_sales", "Alias": "store_sales", "Startup Cost": 0.44, "Total Cost": 2710499.19, "Plan Rows": 4800169, "Plan Width": 8}, {"Node Type": "Index Scan", "Parent Relationship": "Inner", "Parallel Aware": false, "Async Capable": false, "Scan Direction": "Forward", "Index Name": "item_pkey", "Relation Name": "item", "Alias": "item", "Startup Cost": 0.29, "Total Cost": 9977.8, "Plan Rows": 112, "Plan Width": 4, "Filter": "(i_manufact_id = 594)"}]}]}, {"Node Type": "Index Scan", "Parent Relationship": "Inner", "Parallel Aware": false, "Async Capable": false, "Scan Direction": "Forward", "Index Name": "date_dim_pkey", "Relation Name": "date_dim", "Alias": "dt", "Startup Cost": 0.29, "Total Cost": 3513.65, "Plan Rows": 6200, "Plan Width": 4, "Filter": "(d_moy = 12)"}]}]}]}]}}, {"Plan": {"Node Type": "Aggregate", "Strategy": "Plain", "Partial Mode": "Finalize", "Parallel Aware": false, "Async Capable": false, "Startup Cost": 1134618.9, "Total Cost": 1134618.91, "Plan Rows": 1, "Plan Width": 8, "Plans": [{"Node Type": "Gather", "Parent Relationship": "Outer", "Parallel Aware": false, "Async Capable": false, "Startup Cost": 1134618.27, "Total Cost": 1134618.88, "Plan Rows": 6, "Plan Width": 8, "Workers Planned": 6, "Single Copy": false, "Plans": [{"Node Type": "Aggregate", "Strategy": "Plain", "Partial Mode": "Partial", "Parent Relationship": "Outer", "Parallel Aware": false, "Async Capable": false, "Startup Cost": 1133618.27, "Total Cost": 1133618.28, "Plan Rows": 1, "Plan Width": 8, "Plans": [{"Node Type": "Merge Join", "Parent Relationship": "Outer", "Parallel Aware": false, "Async Capable": false, "Join Type": "Inner", "Startup Cost": 1133585.75, "Total Cost": 1133617.15, "Plan Rows": 447, "Plan Width": 0, "Inner Unique": true, "Merge Cond": "(store_sales.ss_sold_date_sk = dt.d_date_sk)", "Plans": [{"Node Type": "Sort", "Parent Relationship": "Outer", "Parallel Aware": false, "Async Capable": false, "Startup Cost": 1130842.91, "Total Cost": 1130856.09, "Plan Rows": 5271, "Plan Width": 4, "Sort Key": ["store_sales.ss_sold_date_sk"], "Plans": [{"Node Type": "Merge Join", "Parent Relationship": "Outer", "Parallel Aware": false, "Async Capable": false, "Join Type": "Inner", "Startup Cost": 1106462.95, "Total Cost": 1130517.06, "Plan Rows": 5271, "Plan Width": 4, "Inner Unique": true, "Merge Cond": "(store_sales.ss_item_sk = item.i_item_sk)", "Plans": [{"Node Type": "Sort", "Parent Relationship": "Outer", "Parallel Aware": false, "Async Capable": false, "Startup Cost": 1098140.13, "Total Cost": 1110140.56, "Plan Rows": 4800169, "Plan Width": 8, "Sort Key": ["store_sales.ss_item_sk"], "Plans": [{"Node Type": "Seq Scan", "Parent Relationship": "Outer", "Parallel Aware": true, "Async Capable": false, "Relation Name": "store_sales", "Alias": "store_sales", "Startup Cost": 0.0, "Total Cost": 565449.69, "Plan Rows": 4800169, "Plan Width": 8}]}, {"Node Type": "Sort", "Parent Relationship": "Inner", "Parallel Aware": false, "Async Capable": false, "Startup Cost": 8322.81, "Total Cost": 8323.09, "Plan Rows": 112, "Plan Width": 4, "Sort Key": ["item.i_item_sk"], "Plans": [{"Node Type": "Seq Scan", "Parent Relationship": "Outer", "Parallel Aware": false, "Async Capable": false, "Relation Name": "item", "Alias": "item", "Startup Cost": 0.0, "Total Cost": 8319.0, "Plan Rows": 112, "Plan Width": 4, "Filter": "(i_manufact_id = 594)"}]}]}]}, {"Node Type": "Sort", "Parent Relationship": "Inner", "Parallel Aware": false, "Async Capable": false, "Startup Cost": 2727.65, "Total Cost": 2743.15, "Plan Rows": 6200, "Plan Width": 4, "Sort Key": ["dt.d_date_sk"], "Plans": [{"Node Type": "Seq Scan", "Parent Relationship": "Outer", "Parallel Aware": false, "Async Capable": false, "Relation Name": "date_dim", "Alias": "dt", "Startup Cost": 0.0, "Total Cost": 2337.11, "Plan Rows": 6200, "Plan Width": 4, "Filter": "(d_moy = 12)"}]}]}]}]}]}}, {"Plan": {"Node Type": "Aggregate", "Strategy": "Plain", "Partial Mode": "Simple", "Parallel Aware": false, "Async Capable": false, "Startup Cost": 30000148757.13, "Total Cost": 30000148757.14, "Plan Rows": 1, "Plan Width": 8, "Plans": [{"Node Type": "Merge Join", "Parent Relationship": "Outer", "Parallel Aware": false, "Async Capable": false, "Join Type": "Inner", "Startup Cost": 30000148478.43, "Total Cost": 30000148750.42, "Plan Rows": 2684, "Plan Width": 0, "Inner Unique": true, "Merge Cond": "(store_sales.ss_sold_date_sk = dt.d_date_sk)", "Plans": [{"Node Type": "Sort", "Parent Relationship": "Outer", "Parallel Aware": false, "Async Capable": false, "Startup Cost": 20000146749.0, "Total Cost": 20000146828.06, "Plan Rows": 31625, "Plan Width": 4, "Sort Key": ["store_sales.ss_sold_date_sk"], "Plans": [{"Node Type": "Nested Loop", "Parent Relationship": "Outer", "Parallel Aware": false, "Async Capable": false, "Join Type": "Inner", "Startup Cost": 20000000011.14, "Total Cost": 20000144385.22, "Plan Rows": 31625, "Plan Width": 4, "Inner Unique": false, "Plans": [{"Node Type": "Index Scan", "Parent Relationship": "Outer", "Parallel Aware": false, "Async Capable": false, "Scan Direction": "Forward", "Index Name": "item_pkey", "Relation Name": "item", "Alias": "item", "Startup Cost": 10000000000.29, "Total Cost": 10000009977.8, "Plan Rows": 112, "Plan Width": 4, "Filter": "(i_manufact_id = 594)"}, {"Node Type": "Bitmap Heap Scan", "Parent Relationship": "Inner", "Parallel Aware": false, "Async Capable": false, "Relation Name": "store_sales", "Alias": "store_sales", "Startup Cost": 10.85, "Total Cost": 1196.96, "Plan Rows": 311, "Plan Width": 8, "Recheck Cond": "(ss_item_sk = item.i_item_sk)", "Plans": [{"Node Type": "Bitmap Index Scan", "Parent Relationship": "Outer", "Parallel Aware": false, "Async Capable": false, "Index Name": "store_sales_pkey", "Startup Cost": 0.0, "Total Cost": 10.77, "Plan Rows": 311, "Plan Width": 0, "Index Cond": "(ss_item_sk = item.i_item_sk)"}]}]}]}, {"Node Type": "Index Scan", "Parent Relationship": "Inner", "Parallel Aware": false, "Async Capable": false, "Scan Direction": "Forward", "Index Name": "date_dim_pkey", "Relation Name": "date_dim", "Alias": "dt", "Startup Cost": 10000000000.29, "Total Cost": 10000003513.65, "Plan Rows": 6200, "Plan Width": 4, "Filter": "(d_moy = 12)"}]}]}}, {"Plan": {"Node Type": "Aggregate", "Strategy": "Plain", "Partial Mode": "Finalize", "Parallel Aware": false, "Async Capable": false, "Startup Cost": 68703.24, "Total Cost": 68703.25, "Plan Rows": 1, "Plan Width": 8, "Plans": [{"Node Type": "Gather", "Parent Relationship": "Outer", "Parallel Aware": false, "Async Capable": false, "Startup Cost": 68703.03, "Total Cost": 68703.24, "Plan Rows": 2, "Plan Width": 8, "Workers Planned": 2, "Single Copy": false, "Plans": [{"Node Type": "Aggregate", "Strategy": "Plain", "Partial Mode": "Partial", "Parent Relationship": "Outer", "Parallel Aware": false, "Async Capable": false, "Startup Cost": 67703.03, "Total Cost": 67703.04, "Plan Rows": 1, "Plan Width": 8, "Plans": [{"Node Type": "Merge Join", "Parent Relationship": "Outer", "Parallel Aware": false, "Async Capable": false, "Join Type": "Inner", "Startup Cost": 67622.89, "Total Cost": 67700.23, "Plan Rows": 1118, "Plan Width": 0, "Inner Unique": true, "Merge Cond": "(store_sales.ss_sold_date_sk = dt.d_date_sk)", "Plans": [{"Node Type": "Sort", "Parent Relationship": "Outer", "Parallel Aware": false, "Async Capable": false, "Startup Cost": 64880.05, "Total Cost": 64912.99, "Plan Rows": 13177, "Plan Width": 4, "Sort Key": ["store_sales.ss_sold_date_sk"], "Plans": [{"Node Type": "Nested Loop", "Parent Relationship": "Outer", "Parallel Aware": false, "Async Capable": false, "Join Type": "Inner", "Startup Cost": 10.85, "Total Cost": 63978.36, "Plan Rows": 13177, "Plan Width": 4, "Inner Unique": false, "Plans": [{"Node Type": "Seq Scan", "Parent Relationship": "Outer", "Parallel Aware": true, "Async Capable": false, "Relation Name": "item", "Alias": "item", "Startup Cost": 0.0, "Total Cost": 7575.25, "Plan Rows": 47, "Plan Width": 4, "Filter": "(i_manufact_id = 594)"}, {"Node Type": "Bitmap Heap Scan", "Parent Relationship": "Inner", "Parallel Aware": false, "Async Capable": false, "Relation Name": "store_sales", "Alias": "store_sales", "Startup Cost": 10.85, "Total Cost": 1196.96, "Plan Rows": 311, "Plan Width": 8, "Recheck Cond": "(ss_item_sk = item.i_item_sk)", "Plans": [{"Node Type": "Bitmap Index Scan", "Parent Relationship": "Outer", "Parallel Aware": false, "Async Capable": false, "Index Name": "store_sales_pkey", "Startup Cost": 0.0, "Total Cost": 10.77, "Plan Rows": 311, "Plan Width": 0, "Index Cond": "(ss_item_sk = item.i_item_sk)"}]}]}]}, {"Node Type": "Sort", "Parent Relationship": "Inner", "Parallel Aware": false, "Async Capable": false, "Startup Cost": 2727.65, "Total Cost": 2743.15, "Plan Rows": 6200, "Plan Width": 4, "Sort Key": ["dt.d_date_sk"], "Plans": [{"Node Type": "Seq Scan", "Parent Relationship": "Outer", "Parallel Aware": false, "Async Capable": false, "Relation Name": "date_dim", "Alias": "dt", "Startup Cost": 0.0, "Total Cost": 2337.11, "Plan Rows": 6200, "Plan Width": 4, "Filter": "(d_moy = 12)"}]}]}]}]}]}}, {"Plan": {"Node Type": "Aggregate", "Strategy": "Plain", "Partial Mode": "Finalize", "Parallel Aware": false, "Async Capable": false, "Startup Cost": 73181.26, "Total Cost": 73181.27, "Plan Rows": 1, "Plan Width": 8, "Plans": [{"Node Type": "Gather", "Parent Relationship": "Outer", "Parallel Aware": false, "Async Capable": false, "Startup Cost": 73181.05, "Total Cost": 73181.26, "Plan Rows": 2, "Plan Width": 8, "Workers Planned": 2, "Single Copy": false, "Plans": [{"Node Type": "Aggregate", "Strategy": "Plain", "Partial Mode": "Partial", "Parent Relationship": "Outer", "Parallel Aware": false, "Async Capable": false, "Startup Cost": 72181.05, "Total Cost": 72181.06, "Plan Rows": 1, "Plan Width": 8, "Plans": [{"Node Type": "Nested Loop", "Parent Relationship": "Outer", "Parallel Aware": false, "Async Capable": false, "Join Type": "Inner", "Startup Cost": 11.16, "Total Cost": 72178.25, "Plan Rows": 1118, "Plan Width": 0, "Inner Unique": true, "Plans": [{"Node Type": "Nested Loop", "Parent Relationship": "Outer", "Parallel Aware": false, "Async Capable": false, "Join Type": "Inner", "Startup Cost": 10.85, "Total Cost": 63978.36, "Plan Rows": 13177, "Plan Width": 4, "Inner Unique": false, "Plans": [{"Node Type": "Seq Scan", "Parent Relationship": "Outer", "Parallel Aware": true, "Async Capable": false, "Relation Name": "item", "Alias": "item", "Startup Cost": 0.0, "Total Cost": 7575.25, "Plan Rows": 47, "Plan Width": 4, "Filter": "(i_manufact_id = 594)"}, {"Node Type": "Bitmap Heap Scan", "Parent Relationship": "Inner", "Parallel Aware": false, "Async Capable": false, "Relation Name": "store_sales", "Alias": "store_sales", "Startup Cost": 10.85, "Total Cost": 1196.96, "Plan Rows": 311, "Plan Width": 8, "Recheck Cond": "(ss_item_sk = item.i_item_sk)", "Plans": [{"Node Type": "Bitmap Index Scan", "Parent Relationship": "Outer", "Parallel Aware": false, "Async Capable": false, "Index Name": "store_sales_pkey", "Startup Cost": 0.0, "Total Cost": 10.77, "Plan Rows": 311, "Plan Width": 0, "Index Cond": "(ss_item_sk = item.i_item_sk)"}]}]}, {"Node Type": "Memoize", "Parent Relationship": "Inner", "Parallel Aware": false, "Async Capable": false, "Startup Cost": 0.31, "Total Cost": 4.33, "Plan Rows": 1, "Plan Width": 4, "Cache Key": "store_sales.ss_sold_date_sk", "Cache Mode": "logical", "Plans": [{"Node Type": "Bitmap Heap Scan", "Parent Relationship": "Outer", "Parallel Aware": false, "Async Capable": false, "Relation Name": "date_dim", "Alias": "dt", "Startup Cost": 0.3, "Total Cost": 4.32, "Plan Rows": 1, "Plan Width": 4, "Recheck Cond": "(d_date_sk = store_sales.ss_sold_date_sk)", "Filter": "(d_moy = 12)", "Plans": [{"Node Type": "Bitmap Index Scan", "Parent Relationship": "Outer", "Parallel Aware": false, "Async Capable": false, "Index Name": "date_dim_pkey", "Startup Cost": 0.0, "Total Cost": 0.3, "Plan Rows": 1, "Plan Width": 0, "Index Cond": "(d_date_sk = store_sales.ss_sold_date_sk)"}]}]}]}]}]}]}}]