[{"Plan": {"Node Type": "Aggregate", "Strategy": "Plain", "Partial Mode": "Simple", "Parallel Aware": false, "Async Capable": false, "Startup Cost": 64321.75, "Total Cost": 64321.76, "Plan Rows": 1, "Plan Width": 8, "Plans": [{"Node Type": "Nested Loop", "Parent Relationship": "Outer", "Parallel Aware": false, "Async Capable": false, "Join Type": "Inner", "Startup Cost": 9290.55, "Total Cost": 64321.75, "Plan Rows": 1, "Plan Width": 0, "Inner Unique": true, "Plans": [{"Node Type": "Nested Loop", "Parent Relationship": "Outer", "Parallel Aware": false, "Async Capable": false, "Join Type": "Inner", "Startup Cost": 9290.41, "Total Cost": 64321.59, "Plan Rows": 1, "Plan Width": 4, "Inner Unique": true, "Plans": [{"Node Type": "Nested Loop", "Parent Relationship": "Outer", "Parallel Aware": false, "Async Capable": false, "Join Type": "Inner", "Startup Cost": 9290.12, "Total Cost": 64321.26, "Plan Rows": 1, "Plan Width": 8, "Inner Unique": true, "Plans": [{"Node Type": "Gather", "Parent Relationship": "Outer", "Parallel Aware": false, "Async Capable": false, "Startup Cost": 9289.97, "Total Cost": 64321.1, "Plan Rows": 1, "Plan Width": 12, "Workers Planned": 3, "Single Copy": false, "Plans": [{"Node Type": "Nested Loop", "Parent Relationship": "Outer", "Parallel Aware": false, "Async Capable": false, "Join Type": "Inner", "Startup Cost": 8289.97, "Total Cost": 63321.0, "Plan Rows": 1, "Plan Width": 12, "Inner Unique": true, "Join Filter": "((((customer_address.ca_state = ANY ('{MI,KY,ID}'::bpchar[])) AND (web_sales.ws_net_profit >= '100'::numeric) AND (web_sales.ws_net_profit <= '200'::numeric)) OR ((customer_address.ca_state = ANY ('{OR,UT,GA}'::bpchar[])) AND (web_sales.ws_net_profit >= '150'::numeric) AND (web_sales.ws_net_profit <= '300'::numeric)) OR ((customer_address.ca_state = ANY ('{VA,TX,ND}'::bpchar[])) AND (web_sales.ws_net_profit >= '50'::numeric) AND (web_sales.ws_net_profit <= '250'::numeric))) AND (((cd1.cd_marital_status = 'M'::bpchar) AND (cd1.cd_education_status = 'Unknown'::bpchar) AND (web_sales.ws_sales_price >= 100.00) AND (web_sales.ws_sales_price <= 150.00)) OR ((cd1.cd_marital_status = 'S'::bpchar) AND (cd1.cd_education_status = 'College'::bpchar) AND (web_sales.ws_sales_price >= 50.00) AND (web_sales.ws_sales_price <= 100.00)) OR ((cd1.cd_marital_status = 'U'::bpchar) AND (cd1.cd_education_status = 'Primary'::bpchar) AND (web_sales.ws_sales_price >= 150.00) AND (web_sales.ws_sales_price <= 200.00))))", "Plans": [{"Node Type": "Nested Loop", "Parent Relationship": "Outer", "Parallel Aware": false, "Async Capable": false, "Join Type": "Inner", "Startup Cost": 8289.54, "Total Cost": 63078.31, "Plan Rows": 139, "Plan Width": 38, "Inner Unique": true, "Join Filter": "((cd1.cd_marital_status = cd2.cd_marital_status) AND (cd1.cd_education_status = cd2.cd_education_status))", "Plans": [{"Node Type": "Nested Loop", "Parent Relationship": "Outer", "Parallel Aware": false, "Async Capable": false, "Join Type": "Inner", "Startup Cost": 8289.11, "Total Cost": 60099.18, "Plan Rows": 4877, "Plan Width": 42, "Inner Unique": true, "Plans": [{"Node Type": "Hash Join", "Parent Relationship": "Outer", "Parallel Aware": true, "Async Capable": false, "Join Type": "Inner", "Startup Cost": 8288.68, "Total Cost": 24537.76, "Plan Rows": 58216, "Plan Width": 23, "Inner Unique": true, "Hash Cond": "(web_returns.wr_refunded_addr_sk = customer_address.ca_address_sk)", "Plans": [{"Node Type": "Seq Scan", "Parent Relationship": "Outer", "Parallel Aware": true, "Async Capable": false, "Relation Name": "web_returns", "Alias": "web_returns", "Startup Cost": 0.0, "Total Cost": 15640.05, "Plan Rows": 232005, "Plan Width": 24}, {"Node Type": "Hash", "Parent Relationship": "Inner", "Parallel Aware": true, "Async Capable": false, "Startup Cost": 7961.96, "Total Cost": 7961.96, "Plan Rows": 26138, "Plan Width": 7, "Plans": [{"Node Type": "Seq Scan", "Parent Relationship": "Outer", "Parallel Aware": true, "Async Capable": false, "Relation Name": "customer_address", "Alias": "customer_address", "Startup Cost": 0.0, "Total Cost": 7961.96, "Plan Rows": 26138, "Plan Width": 7, "Filter": "(((ca_country)::text = 'United States'::text) AND ((ca_state = ANY ('{MI,KY,ID}'::bpchar[])) OR (ca_state = ANY ('{OR,UT,GA}'::bpchar[])) OR (ca_state = ANY ('{VA,TX,ND}'::bpchar[]))))"}]}]}, {"Node Type": "Index Scan", "Parent Relationship": "Inner", "Parallel Aware": false, "Async Capable": false, "Scan Direction": "Forward", "Index Name": "customer_demographics_pkey", "Relation Name": "customer_demographics", "Alias": "cd1", "Startup Cost": 0.43, "Total Cost": 0.61, "Plan Rows": 1, "Plan Width": 27, "Index Cond": "(cd_demo_sk = web_returns.wr_refunded_cdemo_sk)", "Filter": "(((cd_marital_status = 'M'::bpchar) AND (cd_education_status = 'Unknown'::bpchar)) OR ((cd_marital_status = 'S'::bpchar) AND (cd_education_status = 'College'::bpchar)) OR ((cd_marital_status = 'U'::bpchar) AND (cd_education_status = 'Primary'::bpchar)))"}]}, {"Node Type": "Index Scan", "Parent Relationship": "Inner", "Parallel Aware": false, "Async Capable": false, "Scan Direction": "Forward", "Index Name": "customer_demographics_pkey", "Relation Name": "customer_demographics", "Alias": "cd2", "Startup Cost": 0.43, "Total Cost": 0.6, "Plan Rows": 1, "Plan Width": 27, "Index Cond": "(cd_demo_sk = web_returns.wr_returning_cdemo_sk)"}]}, {"Node Type": "Index Scan", "Parent Relationship": "Inner", "Parallel Aware": false, "Async Capable": false, "Scan Direction": "Forward", "Index Name": "web_sales_pkey", "Relation Name": "web_sales", "Alias": "web_sales", "Startup Cost": 0.43, "Total Cost": 1.68, "Plan Rows": 1, "Plan Width": 28, "Index Cond": "((ws_item_sk = web_returns.wr_item_sk) AND (ws_order_number = web_returns.wr_order_number))", "Filter": "((((ws_sales_price >= 100.00) AND (ws_sales_price <= 150.00)) OR ((ws_sales_price >= 50.00) AND (ws_sales_price <= 100.00)) OR ((ws_sales_price >= 150.00) AND (ws_sales_price <= 200.00))) AND (((ws_net_profit >= '100'::numeric) AND (ws_net_profit <= '200'::numeric)) OR ((ws_net_profit >= '150'::numeric) AND (ws_net_profit <= '300'::numeric)) OR ((ws_net_profit >= '50'::numeric) AND (ws_net_profit <= '250'::numeric))))"}]}]}, {"Node Type": "Index Only Scan", "Parent Relationship": "Inner", "Parallel Aware": false, "Async Capable": false, "Scan Direction": "Forward", "Index Name": "web_page_pkey", "Relation Name": "web_page", "Alias": "web_page", "Startup Cost": 0.14, "Total Cost": 0.16, "Plan Rows": 1, "Plan Width": 4, "Index Cond": "(wp_web_page_sk = web_sales.ws_web_page_sk)"}]}, {"Node Type": "Index Scan", "Parent Relationship": "Inner", "Parallel Aware": false, "Async Capable": false, "Scan Direction": "Forward", "Index Name": "date_dim_pkey", "Relation Name": "date_dim", "Alias": "date_dim", "Startup Cost": 0.29, "Total Cost": 0.33, "Plan Rows": 1, "Plan Width": 4, "Index Cond": "(d_date_sk = web_sales.ws_sold_date_sk)", "Filter": "(d_year = 1998)"}]}, {"Node Type": "Index Only Scan", "Parent Relationship": "Inner", "Parallel Aware": false, "Async Capable": false, "Scan Direction": "Forward", "Index Name": "reason_pkey", "Relation Name": "reason", "Alias": "reason", "Startup Cost": 0.14, "Total Cost": 0.16, "Plan Rows": 1, "Plan Width": 4, "Index Cond": "(r_reason_sk = web_returns.wr_reason_sk)"}]}]}}, {"Plan": {"Node Type": "Aggregate", "Strategy": "Plain", "Partial Mode": "Simple", "Parallel Aware": false, "Async Capable": false, "Startup Cost": 80001209438.52, "Total Cost": 80001209438.53, "Plan Rows": 1, "Plan Width": 8, "Plans": [{"Node Type": "Nested Loop", "Parent Relationship": "Outer", "Parallel Aware": false, "Async Capable": false, "Join Type": "Inner", "Startup Cost": 80000000002.87, "Total Cost": 80001209438.51, "Plan Rows": 1, "Plan Width": 0, "Inner Unique": true, "Plans": [{"Node Type": "Nested Loop", "Parent Relationship": "Outer", "Parallel Aware": false, "Async Capable": false, "Join Type": "Inner", "Startup Cost": 70000000002.72, "Total Cost": 70001209434.18, "Plan Rows": 1, "Plan Width": 4, "Inner Unique": true, "Join Filter": "(((customer_address.ca_state = ANY ('{MI,KY,ID}'::bpchar[])) AND (web_sales.ws_net_profit >= '100'::numeric) AND (web_sales.ws_net_profit <= '200'::numeric)) OR ((customer_address.ca_state = ANY ('{OR,UT,GA}'::bpchar[])) AND (web_sales.ws_net_profit >= '150'::numeric) AND (web_sales.ws_net_profit <= '300'::numeric)) OR ((customer_address.ca_state = ANY ('{VA,TX,ND}'::bpchar[])) AND (web_sales.ws_net_profit >= '50'::numeric) AND (web_sales.ws_net_profit <= '250'::numeric)))", "Plans": [{"Node Type": "Nested Loop", "Parent Relationship": "Outer", "Parallel Aware": false, "Async Capable": false, "Join Type": "Inner", "Startup Cost": 60000000002.29, "Total Cost": 60001209429.68, "Plan Rows": 1, "Plan Width": 14, "Inner Unique": true, "Join Filter": "((cd1.cd_marital_status = cd2.cd_marital_status) AND (cd1.cd_education_status = cd2.cd_education_status))", "Plans": [{"Node Type": "Nested Loop", "Parent Relationship": "Outer", "Parallel Aware": false, "Async Capable": false, "Join Type": "Inner", "Startup Cost": 50000000001.83, "Total Cost": 50001209425.19, "Plan Rows": 1, "Plan Width": 41, "Inner Unique": true, "Join Filter": "(((cd1.cd_marital_status = 'M'::bpchar) AND (cd1.cd_education_status = 'Unknown'::bpchar) AND (web_sales.ws_sales_price >= 100.00) AND (web_sales.ws_sales_price <= 150.00)) OR ((cd1.cd_marital_status = 'S'::bpchar) AND (cd1.cd_education_status = 'College'::bpchar) AND (web_sales.ws_sales_price >= 50.00) AND (web_sales.ws_sales_price <= 100.00)) OR ((cd1.cd_marital_status = 'U'::bpchar) AND (cd1.cd_education_status = 'Primary'::bpchar) AND (web_sales.ws_sales_price >= 150.00) AND (web_sales.ws_sales_price <= 200.00)))", "Plans": [{"Node Type": "Nested Loop", "Parent Relationship": "Outer", "Parallel Aware": false, "Async Capable": false, "Join Type": "Inner", "Startup Cost": 40000000001.36, "Total Cost": 40001209420.66, "Plan Rows": 1, "Plan Width": 28, "Inner Unique": true, "Plans": [{"Node Type": "Nested Loop", "Parent Relationship": "Outer", "Parallel Aware": false, "Async Capable": false, "Join Type": "Inner", "Startup Cost": 30000000001.21, "Total Cost": 30001209416.45, "Plan Rows": 1, "Plan Width": 32, "Inner Unique": true, "Plans": [{"Node Type": "Nested Loop", "Parent Relationship": "Outer", "Parallel Aware": false, "Async Capable": false, "Join Type": "Inner", "Startup Cost": 20000000000.75, "Total Cost": 20001201589.09, "Plan Rows": 1748, "Plan Width": 24, "Inner Unique": true, "Plans": [{"Node Type": "Index Scan", "Parent Relationship": "Outer", "Parallel Aware": false, "Async Capable": false, "Scan Direction": "Forward", "Index Name": "web_sales_pkey", "Relation Name": "web_sales", "Alias": "web_sales", "Startup Cost": 10000000000.43, "Total Cost": 10001184967.6, "Plan Rows": 349859, "Plan Width": 28, "Filter": "((((ws_sales_price >= 100.00) AND (ws_sales_price <= 150.00)) OR ((ws_sales_price >= 50.00) AND (ws_sales_price <= 100.00)) OR ((ws_sales_price >= 150.00) AND (ws_sales_price <= 200.00))) AND (((ws_net_profit >= '100'::numeric) AND (ws_net_profit <= '200'::numeric)) OR ((ws_net_profit >= '150'::numeric) AND (ws_net_profit <= '300'::numeric)) OR ((ws_net_profit >= '50'::numeric) AND (ws_net_profit <= '250'::numeric))))"}, {"Node Type": "Memoize", "Parent Relationship": "Inner", "Parallel Aware": false, "Async Capable": false, "Startup Cost": 0.31, "Total Cost": 4.33, "Plan Rows": 1, "Plan Width": 4, "Cache Key": "web_sales.ws_sold_date_sk", "Cache Mode": "logical", "Plans": [{"Node Type": "Bitmap Heap Scan", "Parent Relationship": "Outer", "Parallel Aware": false, "Async Capable": false, "Relation Name": "date_dim", "Alias": "date_dim", "Startup Cost": 0.3, "Total Cost": 4.32, "Plan Rows": 1, "Plan Width": 4, "Recheck Cond": "(d_date_sk = web_sales.ws_sold_date_sk)", "Filter": "(d_year = 1998)", "Plans": [{"Node Type": "Bitmap Index Scan", "Parent Relationship": "Outer", "Parallel Aware": false, "Async Capable": false, "Index Name": "date_dim_pkey", "Startup Cost": 0.0, "Total Cost": 0.3, "Plan Rows": 1, "Plan Width": 0, "Index Cond": "(d_date_sk = web_sales.ws_sold_date_sk)"}]}]}]}, {"Node Type": "Bitmap Heap Scan", "Parent Relationship": "Inner", "Parallel Aware": false, "Async Capable": false, "Relation Name": "web_returns", "Alias": "web_returns", "Startup Cost": 0.46, "Total Cost": 4.48, "Plan Rows": 1, "Plan Width": 24, "Recheck Cond": "((web_sales.ws_item_sk = wr_item_sk) AND (web_sales.ws_order_number = wr_order_number))", "Plans": [{"Node Type": "Bitmap Index Scan", "Parent Relationship": "Outer", "Parallel Aware": false, "Async Capable": false, "Index Name": "web_returns_pkey", "Startup Cost": 0.0, "Total Cost": 0.46, "Plan Rows": 1, "Plan Width": 0, "Index Cond": "((wr_item_sk = web_sales.ws_item_sk) AND (wr_order_number = web_sales.ws_order_number))"}]}]}, {"Node Type": "Bitmap Heap Scan", "Parent Relationship": "Inner", "Parallel Aware": false, "Async Capable": false, "Relation Name": "web_page", "Alias": "web_page", "Startup Cost": 0.15, "Total Cost": 4.17, "Plan Rows": 1, "Plan Width": 4, "Recheck Cond": "(wp_web_page_sk = web_sales.ws_web_page_sk)", "Plans": [{"Node Type": "Bitmap Index Scan", "Parent Relationship": "Outer", "Parallel Aware": false, "Async Capable": false, "Index Name": "web_page_pkey", "Startup Cost": 0.0, "Total Cost": 0.15, "Plan Rows": 1, "Plan Width": 0, "Index Cond": "(wp_web_page_sk = web_sales.ws_web_page_sk)"}]}]}, {"Node Type": "Bitmap Heap Scan", "Parent Relationship": "Inner", "Parallel Aware": false, "Async Capable": false, "Relation Name": "customer_demographics", "Alias": "cd1", "Startup Cost": 0.46, "Total Cost": 4.49, "Plan Rows": 1, "Plan Width": 27, "Recheck Cond": "(cd_demo_sk = web_returns.wr_refunded_cdemo_sk)", "Filter": "(((cd_marital_status = 'M'::bpchar) AND (cd_education_status = 'Unknown'::bpchar)) OR ((cd_marital_status = 'S'::bpchar) AND (cd_education_status = 'College'::bpchar)) OR ((cd_marital_status = 'U'::bpchar) AND (cd_education_status = 'Primary'::bpchar)))", "Plans": [{"Node Type": "Bitmap Index Scan", "Parent Relationship": "Outer", "Parallel Aware": false, "Async Capable": false, "Index Name": "customer_demographics_pkey", "Startup Cost": 0.0, "Total Cost": 0.46, "Plan Rows": 1, "Plan Width": 0, "Index Cond": "(cd_demo_sk = web_returns.wr_refunded_cdemo_sk)"}]}]}, {"Node Type": "Bitmap Heap Scan", "Parent Relationship": "Inner", "Parallel Aware": false, "Async Capable": false, "Relation Name": "customer_demographics", "Alias": "cd2", "Startup Cost": 0.46, "Total Cost": 4.48, "Plan Rows": 1, "Plan Width": 27, "Recheck Cond": "(cd_demo_sk = web_returns.wr_returning_cdemo_sk)", "Plans": [{"Node Type": "Bitmap Index Scan", "Parent Relationship": "Outer", "Parallel Aware": false, "Async Capable": false, "Index Name": "customer_demographics_pkey", "Startup Cost": 0.0, "Total Cost": 0.46, "Plan Rows": 1, "Plan Width": 0, "Index Cond": "(cd_demo_sk = web_returns.wr_returning_cdemo_sk)"}]}]}, {"Node Type": "Bitmap Heap Scan", "Parent Relationship": "Inner", "Parallel Aware": false, "Async Capable": false, "Relation Name": "customer_address", "Alias": "customer_address", "Startup Cost": 0.43, "Total Cost": 4.46, "Plan Rows": 1, "Plan Width": 7, "Recheck Cond": "(ca_address_sk = web_returns.wr_refunded_addr_sk)", "Filter": "(((ca_country)::text = 'United States'::text) AND ((ca_state = ANY ('{MI,KY,ID}'::bpchar[])) OR (ca_state = ANY ('{OR,UT,GA}'::bpchar[])) OR (ca_state = ANY ('{VA,TX,ND}'::bpchar[]))))", "Plans": [{"Node Type": "Bitmap Index Scan", "Parent Relationship": "Outer", "Parallel Aware": false, "Async Capable": false, "Index Name": "customer_address_pkey", "Startup Cost": 0.0, "Total Cost": 0.43, "Plan Rows": 1, "Plan Width": 0, "Index Cond": "(ca_address_sk = web_returns.wr_refunded_addr_sk)"}]}]}, {"Node Type": "Bitmap Heap Scan", "Parent Relationship": "Inner", "Parallel Aware": false, "Async Capable": false, "Relation Name": "reason", "Alias": "reason", "Startup Cost": 0.15, "Total Cost": 4.16, "Plan Rows": 1, "Plan Width": 4, "Recheck Cond": "(r_reason_sk = web_returns.wr_reason_sk)", "Plans": [{"Node Type": "Bitmap Index Scan", "Parent Relationship": "Outer", "Parallel Aware": false, "Async Capable": false, "Index Name": "reason_pkey", "Startup Cost": 0.0, "Total Cost": 0.15, "Plan Rows": 1, "Plan Width": 0, "Index Cond": "(r_reason_sk = web_returns.wr_reason_sk)"}]}]}]}}, {"Plan": {"Node Type": "Aggregate", "Strategy": "Plain", "Partial Mode": "Finalize", "Parallel Aware": false, "Async Capable": false, "Startup Cost": 1170875.9, "Total Cost": 1170875.91, "Plan Rows": 1, "Plan Width": 8, "Plans": [{"Node Type": "Gather", "Parent Relationship": "Outer", "Parallel Aware": false, "Async Capable": false, "Startup Cost": 1170875.58, "Total Cost": 1170875.89, "Plan Rows": 3, "Plan Width": 8, "Workers Planned": 3, "Single Copy": false, "Plans": [{"Node Type": "Aggregate", "Strategy": "Plain", "Partial Mode": "Partial", "Parent Relationship": "Outer", "Parallel Aware": false, "Async Capable": false, "Startup Cost": 1169875.58, "Total Cost": 1169875.59, "Plan Rows": 1, "Plan Width": 8, "Plans": [{"Node Type": "Hash Join", "Parent Relationship": "Outer", "Parallel Aware": false, "Async Capable": false, "Join Type": "Inner", "Startup Cost": 1101266.22, "Total Cost": 1169875.58, "Plan Rows": 1, "Plan Width": 0, "Inner Unique": true, "Hash Cond": "(web_returns.wr_reason_sk = reason.r_reason_sk)", "Plans": [{"Node Type": "Hash Join", "Parent Relationship": "Outer", "Parallel Aware": true, "Async Capable": false, "Join Type": "Inner", "Startup Cost": 1101252.84, "Total Cost": 1169862.2, "Plan Rows": 1, "Plan Width": 4, "Inner Unique": false, "Hash Cond": "((cd1.cd_demo_sk = web_returns.wr_refunded_cdemo_sk) AND (cd1.cd_marital_status = cd2.cd_marital_status) AND (cd1.cd_education_status = cd2.cd_education_status))", "Join Filter": "(((cd1.cd_marital_status = 'M'::bpchar) AND (cd1.cd_education_status = 'Unknown'::bpchar) AND (web_sales.ws_sales_price >= 100.00) AND (web_sales.ws_sales_price <= 150.00)) OR ((cd1.cd_marital_status = 'S'::bpchar) AND (cd1.cd_education_status = 'College'::bpchar) AND (web_sales.ws_sales_price >= 50.00) AND (web_sales.ws_sales_price <= 100.00)) OR ((cd1.cd_marital_status = 'U'::bpchar) AND (cd1.cd_education_status = 'Primary'::bpchar) AND (web_sales.ws_sales_price >= 150.00) AND (web_sales.ws_sales_price <= 200.00)))", "Plans": [{"Node Type": "Index Scan", "Parent Relationship": "Outer", "Parallel Aware": true, "Async Capable": false, "Scan Direction": "Forward", "Index Name": "customer_demographics_pkey", "Relation Name": "customer_demographics", "Alias": "cd1", "Startup Cost": 0.43, "Total Cost": 68025.75, "Plan Rows": 51911, "Plan Width": 27, "Filter": "(((cd_marital_status = 'M'::bpchar) AND (cd_education_status = 'Unknown'::bpchar)) OR ((cd_marital_status = 'S'::bpchar) AND (cd_education_status = 'College'::bpchar)) OR ((cd_marital_status = 'U'::bpchar) AND (cd_education_status = 'Primary'::bpchar)))"}, {"Node Type": "Hash", "Parent Relationship": "Inner", "Parallel Aware": true, "Async Capable": false, "Startup Cost": 1101252.39, "Total Cost": 1101252.39, "Plan Rows": 1, "Plan Width": 37, "Plans": [{"Node Type": "Hash Join", "Parent Relationship": "Outer", "Parallel Aware": true, "Async Capable": false, "Join Type": "Inner", "Startup Cost": 1040197.71, "Total Cost": 1101252.39, "Plan Rows": 1, "Plan Width": 37, "Inner Unique": false, "Hash Cond": "(cd2.cd_demo_sk = web_returns.wr_returning_cdemo_sk)", "Plans": [{"Node Type": "Index Scan", "Parent Relationship": "Outer", "Parallel Aware": true, "Async Capable": false, "Scan Direction": "Forward", "Index Name": "customer_demographics_pkey", "Relation Name": "customer_demographics", "Alias": "cd2", "Startup Cost": 0.43, "Total Cost": 58731.56, "Plan Rows": 619613, "Plan Width": 27}, {"Node Type": "Hash", "Parent Relationship": "Inner", "Parallel Aware": true, "Async Capable": false, "Startup Cost": 1040197.27, "Total Cost": 1040197.27, "Plan Rows": 1, "Plan Width": 18, "Plans": [{"Node Type": "Hash Join", "Parent Relationship": "Outer", "Parallel Aware": false, "Async Capable": false, "Join Type": "Inner", "Startup Cost": 970283.45, "Total Cost": 1040197.27, "Plan Rows": 1, "Plan Width": 18, "Inner Unique": true, "Hash Cond": "(web_sales.ws_web_page_sk = web_page.wp_web_page_sk)", "Plans": [{"Node Type": "Hash Join", "Parent Relationship": "Outer", "Parallel Aware": true, "Async Capable": false, "Join Type": "Inner", "Startup Cost": 970261.81, "Total Cost": 1040175.62, "Plan Rows": 1, "Plan Width": 22, "Inner Unique": false, "Hash Cond": "((web_returns.wr_item_sk = web_sales.ws_item_sk) AND (web_returns.wr_order_number = web_sales.ws_order_number))", "Join Filter": "(((customer_address.ca_state = ANY ('{MI,KY,ID}'::bpchar[])) AND (web_sales.ws_net_profit >= '100'::numeric) AND (web_sales.ws_net_profit <= '200'::numeric)) OR ((customer_address.ca_state = ANY ('{OR,UT,GA}'::bpchar[])) AND (web_sales.ws_net_profit >= '150'::numeric) AND (web_sales.ws_net_profit <= '300'::numeric)) OR ((customer_address.ca_state = ANY ('{VA,TX,ND}'::bpchar[])) AND (web_sales.ws_net_profit >= '50'::numeric) AND (web_sales.ws_net_profit <= '250'::numeric)))", "Plans": [{"Node Type": "Hash Join", "Parent Relationship": "Outer", "Parallel Aware": true, "Async Capable": false, "Join Type": "Inner", "Startup Cost": 12291.23, "Total Cost": 81768.38, "Plan Rows": 58216, "Plan Width": 23, "Inner Unique": true, "Hash Cond": "(web_returns.wr_refunded_addr_sk = customer_address.ca_address_sk)", "Plans": [{"Node Type": "Index Scan", "Parent Relationship": "Outer", "Parallel Aware": true, "Async Capable": false, "Scan Direction": "Forward", "Index Name": "web_returns_pkey", "Relation Name": "web_returns", "Alias": "web_returns", "Startup Cost": 0.42, "Total Cost": 68868.56, "Plan Rows": 232005, "Plan Width": 24}, {"Node Type": "Hash", "Parent Relationship": "Inner", "Parallel Aware": true, "Async Capable": false, "Startup Cost": 11964.08, "Total Cost": 11964.08, "Plan Rows": 26138, "Plan Width": 7, "Plans": [{"Node Type": "Index Scan", "Parent Relationship": "Outer", "Parallel Aware": true, "Async Capable": false, "Scan Direction": "Forward", "Index Name": "customer_address_pkey", "Relation Name": "customer_address", "Alias": "customer_address", "Startup Cost": 0.42, "Total Cost": 11964.08, "Plan Rows": 26138, "Plan Width": 7, "Filter": "(((ca_country)::text = 'United States'::text) AND ((ca_state = ANY ('{MI,KY,ID}'::bpchar[])) OR (ca_state = ANY ('{OR,UT,GA}'::bpchar[])) OR (ca_state = ANY ('{VA,TX,ND}'::bpchar[]))))"}]}]}, {"Node Type": "Hash", "Parent Relationship": "Inner", "Parallel Aware": true, "Async Capable": false, "Startup Cost": 957965.33, "Total Cost": 957965.33, "Plan Rows": 350, "Plan Width": 24, "Plans": [{"Node Type": "Hash Join", "Parent Relationship": "Outer", "Parallel Aware": true, "Async Capable": false, "Join Type": "Inner", "Startup Cost": 3140.78, "Total Cost": 957965.33, "Plan Rows": 350, "Plan Width": 24, "Inner Unique": true, "Hash Cond": "(web_sales.ws_sold_date_sk = date_dim.d_date_sk)", "Plans": [{"Node Type": "Index Scan", "Parent Relationship": "Outer", "Parallel Aware": true, "Async Capable": false, "Scan Direction": "Forward", "Index Name": "web_sales_pkey", "Relation Name": "web_sales", "Alias": "web_sales", "Startup Cost": 0.43, "Total Cost": 954641.29, "Plan Rows": 69972, "Plan Width": 28, "Filter": "((((ws_sales_price >= 100.00) AND (ws_sales_price <= 150.00)) OR ((ws_sales_price >= 50.00) AND (ws_sales_price <= 100.00)) OR ((ws_sales_price >= 150.00) AND (ws_sales_price <= 200.00))) AND (((ws_net_profit >= '100'::numeric) AND (ws_net_profit <= '200'::numeric)) OR ((ws_net_profit >= '150'::numeric) AND (ws_net_profit <= '300'::numeric)) OR ((ws_net_profit >= '50'::numeric) AND (ws_net_profit <= '250'::numeric))))"}, {"Node Type": "Hash", "Parent Relationship": "Inner", "Parallel Aware": true, "Async Capable": false, "Startup Cost": 3137.66, "Total Cost": 3137.66, "Plan Rows": 215, "Plan Width": 4, "Plans": [{"Node Type": "Index Scan", "Parent Relationship": "Outer", "Parallel Aware": true, "Async Capable": false, "Scan Direction": "Forward", "Index Name": "date_dim_pkey", "Relation Name": "date_dim", "Alias": "date_dim", "Startup Cost": 0.29, "Total Cost": 3137.66, "Plan Rows": 215, "Plan Width": 4, "Filter": "(d_year = 1998)"}]}]}]}]}, {"Node Type": "Hash", "Parent Relationship": "Inner", "Parallel Aware": false, "Async Capable": false, "Startup Cost": 19.14, "Total Cost": 19.14, "Plan Rows": 200, "Plan Width": 4, "Plans": [{"Node Type": "Index Only Scan", "Parent Relationship": "Outer", "Parallel Aware": false, "Async Capable": false, "Scan Direction": "Forward", "Index Name": "web_page_pkey", "Relation Name": "web_page", "Alias": "web_page", "Startup Cost": 0.14, "Total Cost": 19.14, "Plan Rows": 200, "Plan Width": 4}]}]}]}]}]}]}, {"Node Type": "Hash", "Parent Relationship": "Inner", "Parallel Aware": false, "Async Capable": false, "Startup Cost": 12.81, "Total Cost": 12.81, "Plan Rows": 45, "Plan Width": 4, "Plans": [{"Node Type": "Index Only Scan", "Parent Relationship": "Outer", "Parallel Aware": false, "Async Capable": false, "Scan Direction": "Forward", "Index Name": "reason_pkey", "Relation Name": "reason", "Alias": "reason", "Startup Cost": 0.14, "Total Cost": 12.81, "Plan Rows": 45, "Plan Width": 4}]}]}]}]}]}}, {"Plan": {"Node Type": "Aggregate", "Strategy": "Plain", "Partial Mode": "Finalize", "Parallel Aware": false, "Async Capable": false, "Startup Cost": 1170273.18, "Total Cost": 1170273.19, "Plan Rows": 1, "Plan Width": 8, "Plans": [{"Node Type": "Gather", "Parent Relationship": "Outer", "Parallel Aware": false, "Async Capable": false, "Startup Cost": 1170272.86, "Total Cost": 1170273.17, "Plan Rows": 3, "Plan Width": 8, "Workers Planned": 3, "Single Copy": false, "Plans": [{"Node Type": "Aggregate", "Strategy": "Plain", "Partial Mode": "Partial", "Parent Relationship": "Outer", "Parallel Aware": false, "Async Capable": false, "Startup Cost": 1169272.86, "Total Cost": 1169272.87, "Plan Rows": 1, "Plan Width": 8, "Plans": [{"Node Type": "Merge Join", "Parent Relationship": "Outer", "Parallel Aware": false, "Async Capable": false, "Join Type": "Inner", "Startup Cost": 1169260.06, "Total Cost": 1169272.86, "Plan Rows": 1, "Plan Width": 0, "Inner Unique": true, "Merge Cond": "(web_returns.wr_reason_sk = reason.r_reason_sk)", "Plans": [{"Node Type": "Sort", "Parent Relationship": "Outer", "Parallel Aware": false, "Async Capable": false, "Startup Cost": 1169259.92, "Total Cost": 1169259.92, "Plan Rows": 1, "Plan Width": 4, "Sort Key": ["web_returns.wr_reason_sk"], "Plans": [{"Node Type": "Merge Join", "Parent Relationship": "Outer", "Parallel Aware": false, "Async Capable": false, "Join Type": "Inner", "Startup Cost": 1169173.23, "Total Cost": 1169259.91, "Plan Rows": 1, "Plan Width": 4, "Inner Unique": true, "Merge Cond": "(web_sales.ws_sold_date_sk = date_dim.d_date_sk)", "Plans": [{"Node Type": "Sort", "Parent Relationship": "Outer", "Parallel Aware": false, "Async Capable": false, "Startup Cost": 1167449.51, "Total Cost": 1167449.51, "Plan Rows": 1, "Plan Width": 8, "Sort Key": ["web_sales.ws_sold_date_sk"], "Plans": [{"Node Type": "Hash Join", "Parent Relationship": "Outer", "Parallel Aware": true, "Async Capable": false, "Join Type": "Inner", "Startup Cost": 1098840.13, "Total Cost": 1167449.5, "Plan Rows": 1, "Plan Width": 8, "Inner Unique": false, "Hash Cond": "((cd1.cd_demo_sk = web_returns.wr_refunded_cdemo_sk) AND (cd1.cd_marital_status = cd2.cd_marital_status) AND (cd1.cd_education_status = cd2.cd_education_status))", "Join Filter": "(((cd1.cd_marital_status = 'M'::bpchar) AND (cd1.cd_education_status = 'Unknown'::bpchar) AND (web_sales.ws_sales_price >= 100.00) AND (web_sales.ws_sales_price <= 150.00)) OR ((cd1.cd_marital_status = 'S'::bpchar) AND (cd1.cd_education_status = 'College'::bpchar) AND (web_sales.ws_sales_price >= 50.00) AND (web_sales.ws_sales_price <= 100.00)) OR ((cd1.cd_marital_status = 'U'::bpchar) AND (cd1.cd_education_status = 'Primary'::bpchar) AND (web_sales.ws_sales_price >= 150.00) AND (web_sales.ws_sales_price <= 200.00)))", "Plans": [{"Node Type": "Index Scan", "Parent Relationship": "Outer", "Parallel Aware": true, "Async Capable": false, "Scan Direction": "Forward", "Index Name": "customer_demographics_pkey", "Relation Name": "customer_demographics", "Alias": "cd1", "Startup Cost": 0.43, "Total Cost": 68025.75, "Plan Rows": 51911, "Plan Width": 27, "Filter": "(((cd_marital_status = 'M'::bpchar) AND (cd_education_status = 'Unknown'::bpchar)) OR ((cd_marital_status = 'S'::bpchar) AND (cd_education_status = 'College'::bpchar)) OR ((cd_marital_status = 'U'::bpchar) AND (cd_education_status = 'Primary'::bpchar)))"}, {"Node Type": "Hash", "Parent Relationship": "Inner", "Parallel Aware": true, "Async Capable": false, "Startup Cost": 1098839.69, "Total Cost": 1098839.69, "Plan Rows": 1, "Plan Width": 41, "Plans": [{"Node Type": "Hash Join", "Parent Relationship": "Outer", "Parallel Aware": true, "Async Capable": false, "Join Type": "Inner", "Startup Cost": 1037785.0, "Total Cost": 1098839.69, "Plan Rows": 1, "Plan Width": 41, "Inner Unique": false, "Hash Cond": "(cd2.cd_demo_sk = web_returns.wr_returning_cdemo_sk)", "Plans": [{"Node Type": "Index Scan", "Parent Relationship": "Outer", "Parallel Aware": true, "Async Capable": false, "Scan Direction": "Forward", "Index Name": "customer_demographics_pkey", "Relation Name": "customer_demographics", "Alias": "cd2", "Startup Cost": 0.43, "Total Cost": 58731.56, "Plan Rows": 619613, "Plan Width": 27}, {"Node Type": "Hash", "Parent Relationship": "Inner", "Parallel Aware": true, "Async Capable": false, "Startup Cost": 1037784.56, "Total Cost": 1037784.56, "Plan Rows": 1, "Plan Width": 22, "Plans": [{"Node Type": "Merge Join", "Parent Relationship": "Outer", "Parallel Aware": false, "Async Capable": false, "Join Type": "Inner", "Startup Cost": 1037765.04, "Total Cost": 1037784.56, "Plan Rows": 1, "Plan Width": 22, "Inner Unique": true, "Merge Cond": "(web_sales.ws_web_page_sk = web_page.wp_web_page_sk)", "Plans": [{"Node Type": "Sort", "Parent Relationship": "Outer", "Parallel Aware": false, "Async Capable": false, "Startup Cost": 1037764.9, "Total Cost": 1037764.9, "Plan Rows": 1, "Plan Width": 26, "Sort Key": ["web_sales.ws_web_page_sk"], "Plans": [{"Node Type": "Hash Join", "Parent Relationship": "Outer", "Parallel Aware": true, "Async Capable": false, "Join Type": "Inner", "Startup Cost": 967982.1, "Total Cost": 1037764.89, "Plan Rows": 1, "Plan Width": 26, "Inner Unique": true, "Hash Cond": "((web_returns.wr_item_sk = web_sales.ws_item_sk) AND (web_returns.wr_order_number = web_sales.ws_order_number))", "Join Filter": "(((customer_address.ca_state = ANY ('{MI,KY,ID}'::bpchar[])) AND (web_sales.ws_net_profit >= '100'::numeric) AND (web_sales.ws_net_profit <= '200'::numeric)) OR ((customer_address.ca_state = ANY ('{OR,UT,GA}'::bpchar[])) AND (web_sales.ws_net_profit >= '150'::numeric) AND (web_sales.ws_net_profit <= '300'::numeric)) OR ((customer_address.ca_state = ANY ('{VA,TX,ND}'::bpchar[])) AND (web_sales.ws_net_profit >= '50'::numeric) AND (web_sales.ws_net_profit <= '250'::numeric)))", "Plans": [{"Node Type": "Hash Join", "Parent Relationship": "Outer", "Parallel Aware": true, "Async Capable": false, "Join Type": "Inner", "Startup Cost": 12291.23, "Total Cost": 81768.38, "Plan Rows": 58216, "Plan Width": 23, "Inner Unique": true, "Hash Cond": "(web_returns.wr_refunded_addr_sk = customer_address.ca_address_sk)", "Plans": [{"Node Type": "Index Scan", "Parent Relationship": "Outer", "Parallel Aware": true, "Async Capable": false, "Scan Direction": "Forward", "Index Name": "web_returns_pkey", "Relation Name": "web_returns", "Alias": "web_returns", "Startup Cost": 0.42, "Total Cost": 68868.56, "Plan Rows": 232005, "Plan Width": 24}, {"Node Type": "Hash", "Parent Relationship": "Inner", "Parallel Aware": true, "Async Capable": false, "Startup Cost": 11964.08, "Total Cost": 11964.08, "Plan Rows": 26138, "Plan Width": 7, "Plans": [{"Node Type": "Index Scan", "Parent Relationship": "Outer", "Parallel Aware": true, "Async Capable": false, "Scan Direction": "Forward", "Index Name": "customer_address_pkey", "Relation Name": "customer_address", "Alias": "customer_address", "Startup Cost": 0.42, "Total Cost": 11964.08, "Plan Rows": 26138, "Plan Width": 7, "Filter": "(((ca_country)::text = 'United States'::text) AND ((ca_state = ANY ('{MI,KY,ID}'::bpchar[])) OR (ca_state = ANY ('{OR,UT,GA}'::bpchar[])) OR (ca_state = ANY ('{VA,TX,ND}'::bpchar[]))))"}]}]}, {"Node Type": "Hash", "Parent Relationship": "Inner", "Parallel Aware": true, "Async Capable": false, "Startup Cost": 954641.29, "Total Cost": 954641.29, "Plan Rows": 69972, "Plan Width": 28, "Plans": [{"Node Type": "Index Scan", "Parent Relationship": "Outer", "Parallel Aware": true, "Async Capable": false, "Scan Direction": "Forward", "Index Name": "web_sales_pkey", "Relation Name": "web_sales", "Alias": "web_sales", "Startup Cost": 0.43, "Total Cost": 954641.29, "Plan Rows": 69972, "Plan Width": 28, "Filter": "((((ws_sales_price >= 100.00) AND (ws_sales_price <= 150.00)) OR ((ws_sales_price >= 50.00) AND (ws_sales_price <= 100.00)) OR ((ws_sales_price >= 150.00) AND (ws_sales_price <= 200.00))) AND (((ws_net_profit >= '100'::numeric) AND (ws_net_profit <= '200'::numeric)) OR ((ws_net_profit >= '150'::numeric) AND (ws_net_profit <= '300'::numeric)) OR ((ws_net_profit >= '50'::numeric) AND (ws_net_profit <= '250'::numeric))))"}]}]}]}, {"Node Type": "Index Only Scan", "Parent Relationship": "Inner", "Parallel Aware": false, "Async Capable": false, "Scan Direction": "Forward", "Index Name": "web_page_pkey", "Relation Name": "web_page", "Alias": "web_page", "Startup Cost": 0.14, "Total Cost": 19.14, "Plan Rows": 200, "Plan Width": 4}]}]}]}]}]}]}, {"Node Type": "Index Scan", "Parent Relationship": "Inner", "Parallel Aware": false, "Async Capable": false, "Scan Direction": "Forward", "Index Name": "date_dim_pkey", "Relation Name": "date_dim", "Alias": "date_dim", "Startup Cost": 0.29, "Total Cost": 3513.65, "Plan Rows": 365, "Plan Width": 4, "Filter": "(d_year = 1998)"}]}]}, {"Node Type": "Index Only Scan", "Parent Relationship": "Inner", "Parallel Aware": false, "Async Capable": false, "Scan Direction": "Forward", "Index Name": "reason_pkey", "Relation Name": "reason", "Alias": "reason", "Startup Cost": 0.14, "Total Cost": 12.81, "Plan Rows": 45, "Plan Width": 4}]}]}]}]}}, {"Plan": {"Node Type": "Aggregate", "Strategy": "Plain", "Partial Mode": "Simple", "Parallel Aware": false, "Async Capable": false, "Startup Cost": 121552.37, "Total Cost": 121552.38, "Plan Rows": 1, "Plan Width": 8, "Plans": [{"Node Type": "Nested Loop", "Parent Relationship": "Outer", "Parallel Aware": false, "Async Capable": false, "Join Type": "Inner", "Startup Cost": 13293.09, "Total Cost": 121552.37, "Plan Rows": 1, "Plan Width": 0, "Inner Unique": true, "Plans": [{"Node Type": "Nested Loop", "Parent Relationship": "Outer", "Parallel Aware": false, "Async Capable": false, "Join Type": "Inner", "Startup Cost": 13292.95, "Total Cost": 121552.21, "Plan Rows": 1, "Plan Width": 4, "Inner Unique": true, "Plans": [{"Node Type": "Nested Loop", "Parent Relationship": "Outer", "Parallel Aware": false, "Async Capable": false, "Join Type": "Inner", "Startup Cost": 13292.66, "Total Cost": 121551.88, "Plan Rows": 1, "Plan Width": 8, "Inner Unique": true, "Plans": [{"Node Type": "Gather", "Parent Relationship": "Outer", "Parallel Aware": false, "Async Capable": false, "Startup Cost": 13292.51, "Total Cost": 121551.72, "Plan Rows": 1, "Plan Width": 12, "Workers Planned": 3, "Single Copy": false, "Plans": [{"Node Type": "Nested Loop", "Parent Relationship": "Outer", "Parallel Aware": false, "Async Capable": false, "Join Type": "Inner", "Startup Cost": 12292.51, "Total Cost": 120551.62, "Plan Rows": 1, "Plan Width": 12, "Inner Unique": true, "Join Filter": "((((customer_address.ca_state = ANY ('{MI,KY,ID}'::bpchar[])) AND (web_sales.ws_net_profit >= '100'::numeric) AND (web_sales.ws_net_profit <= '200'::numeric)) OR ((customer_address.ca_state = ANY ('{OR,UT,GA}'::bpchar[])) AND (web_sales.ws_net_profit >= '150'::numeric) AND (web_sales.ws_net_profit <= '300'::numeric)) OR ((customer_address.ca_state = ANY ('{VA,TX,ND}'::bpchar[])) AND (web_sales.ws_net_profit >= '50'::numeric) AND (web_sales.ws_net_profit <= '250'::numeric))) AND (((cd1.cd_marital_status = 'M'::bpchar) AND (cd1.cd_education_status = 'Unknown'::bpchar) AND (web_sales.ws_sales_price >= 100.00) AND (web_sales.ws_sales_price <= 150.00)) OR ((cd1.cd_marital_status = 'S'::bpchar) AND (cd1.cd_education_status = 'College'::bpchar) AND (web_sales.ws_sales_price >= 50.00) AND (web_sales.ws_sales_price <= 100.00)) OR ((cd1.cd_marital_status = 'U'::bpchar) AND (cd1.cd_education_status = 'Primary'::bpchar) AND (web_sales.ws_sales_price >= 150.00) AND (web_sales.ws_sales_price <= 200.00))))", "Plans": [{"Node Type": "Nested Loop", "Parent Relationship": "Outer", "Parallel Aware": false, "Async Capable": false, "Join Type": "Inner", "Startup Cost": 12292.08, "Total Cost": 120308.93, "Plan Rows": 139, "Plan Width": 38, "Inner Unique": true, "Join Filter": "((cd1.cd_marital_status = cd2.cd_marital_status) AND (cd1.cd_education_status = cd2.cd_education_status))", "Plans": [{"Node Type": "Nested Loop", "Parent Relationship": "Outer", "Parallel Aware": false, "Async Capable": false, "Join Type": "Inner", "Startup Cost": 12291.65, "Total Cost": 117329.8, "Plan Rows": 4877, "Plan Width": 42, "Inner Unique": true, "Plans": [{"Node Type": "Hash Join", "Parent Relationship": "Outer", "Parallel Aware": true, "Async Capable": false, "Join Type": "Inner", "Startup Cost": 12291.23, "Total Cost": 81768.38, "Plan Rows": 58216, "Plan Width": 23, "Inner Unique": true, "Hash Cond": "(web_returns.wr_refunded_addr_sk = customer_address.ca_address_sk)", "Plans": [{"Node Type": "Index Scan", "Parent Relationship": "Outer", "Parallel Aware": true, "Async Capable": false, "Scan Direction": "Forward", "Index Name": "web_returns_pkey", "Relation Name": "web_returns", "Alias": "web_returns", "Startup Cost": 0.42, "Total Cost": 68868.56, "Plan Rows": 232005, "Plan Width": 24}, {"Node Type": "Hash", "Parent Relationship": "Inner", "Parallel Aware": true, "Async Capable": false, "Startup Cost": 11964.08, "Total Cost": 11964.08, "Plan Rows": 26138, "Plan Width": 7, "Plans": [{"Node Type": "Index Scan", "Parent Relationship": "Outer", "Parallel Aware": true, "Async Capable": false, "Scan Direction": "Forward", "Index Name": "customer_address_pkey", "Relation Name": "customer_address", "Alias": "customer_address", "Startup Cost": 0.42, "Total Cost": 11964.08, "Plan Rows": 26138, "Plan Width": 7, "Filter": "(((ca_country)::text = 'United States'::text) AND ((ca_state = ANY ('{MI,KY,ID}'::bpchar[])) OR (ca_state = ANY ('{OR,UT,GA}'::bpchar[])) OR (ca_state = ANY ('{VA,TX,ND}'::bpchar[]))))"}]}]}, {"Node Type": "Index Scan", "Parent Relationship": "Inner", "Parallel Aware": false, "Async Capable": false, "Scan Direction": "Forward", "Index Name": "customer_demographics_pkey", "Relation Name": "customer_demographics", "Alias": "cd1", "Startup Cost": 0.43, "Total Cost": 0.61, "Plan Rows": 1, "Plan Width": 27, "Index Cond": "(cd_demo_sk = web_returns.wr_refunded_cdemo_sk)", "Filter": "(((cd_marital_status = 'M'::bpchar) AND (cd_education_status = 'Unknown'::bpchar)) OR ((cd_marital_status = 'S'::bpchar) AND (cd_education_status = 'College'::bpchar)) OR ((cd_marital_status = 'U'::bpchar) AND (cd_education_status = 'Primary'::bpchar)))"}]}, {"Node Type": "Index Scan", "Parent Relationship": "Inner", "Parallel Aware": false, "Async Capable": false, "Scan Direction": "Forward", "Index Name": "customer_demographics_pkey", "Relation Name": "customer_demographics", "Alias": "cd2", "Startup Cost": 0.43, "Total Cost": 0.6, "Plan Rows": 1, "Plan Width": 27, "Index Cond": "(cd_demo_sk = web_returns.wr_returning_cdemo_sk)"}]}, {"Node Type": "Index Scan", "Parent Relationship": "Inner", "Parallel Aware": false, "Async Capable": false, "Scan Direction": "Forward", "Index Name": "web_sales_pkey", "Relation Name": "web_sales", "Alias": "web_sales", "Startup Cost": 0.43, "Total Cost": 1.68, "Plan Rows": 1, "Plan Width": 28, "Index Cond": "((ws_item_sk = web_returns.wr_item_sk) AND (ws_order_number = web_returns.wr_order_number))", "Filter": "((((ws_sales_price >= 100.00) AND (ws_sales_price <= 150.00)) OR ((ws_sales_price >= 50.00) AND (ws_sales_price <= 100.00)) OR ((ws_sales_price >= 150.00) AND (ws_sales_price <= 200.00))) AND (((ws_net_profit >= '100'::numeric) AND (ws_net_profit <= '200'::numeric)) OR ((ws_net_profit >= '150'::numeric) AND (ws_net_profit <= '300'::numeric)) OR ((ws_net_profit >= '50'::numeric) AND (ws_net_profit <= '250'::numeric))))"}]}]}, {"Node Type": "Index Only Scan", "Parent Relationship": "Inner", "Parallel Aware": false, "Async Capable": false, "Scan Direction": "Forward", "Index Name": "web_page_pkey", "Relation Name": "web_page", "Alias": "web_page", "Startup Cost": 0.14, "Total Cost": 0.16, "Plan Rows": 1, "Plan Width": 4, "Index Cond": "(wp_web_page_sk = web_sales.ws_web_page_sk)"}]}, {"Node Type": "Index Scan", "Parent Relationship": "Inner", "Parallel Aware": false, "Async Capable": false, "Scan Direction": "Forward", "Index Name": "date_dim_pkey", "Relation Name": "date_dim", "Alias": "date_dim", "Startup Cost": 0.29, "Total Cost": 0.33, "Plan Rows": 1, "Plan Width": 4, "Index Cond": "(d_date_sk = web_sales.ws_sold_date_sk)", "Filter": "(d_year = 1998)"}]}, {"Node Type": "Index Only Scan", "Parent Relationship": "Inner", "Parallel Aware": false, "Async Capable": false, "Scan Direction": "Forward", "Index Name": "reason_pkey", "Relation Name": "reason", "Alias": "reason", "Startup Cost": 0.14, "Total Cost": 0.16, "Plan Rows": 1, "Plan Width": 4, "Index Cond": "(r_reason_sk = web_returns.wr_reason_sk)"}]}]}}, {"Plan": {"Node Type": "Aggregate", "Strategy": "Plain", "Partial Mode": "Finalize", "Parallel Aware": false, "Async Capable": false, "Startup Cost": 341874.66, "Total Cost": 341874.67, "Plan Rows": 1, "Plan Width": 8, "Plans": [{"Node Type": "Gather", "Parent Relationship": "Outer", "Parallel Aware": false, "Async Capable": false, "Startup Cost": 341874.34, "Total Cost": 341874.65, "Plan Rows": 3, "Plan Width": 8, "Workers Planned": 3, "Single Copy": false, "Plans": [{"Node Type": "Aggregate", "Strategy": "Plain", "Partial Mode": "Partial", "Parent Relationship": "Outer", "Parallel Aware": false, "Async Capable": false, "Startup Cost": 340874.34, "Total Cost": 340874.35, "Plan Rows": 1, "Plan Width": 8, "Plans": [{"Node Type": "Hash Join", "Parent Relationship": "Outer", "Parallel Aware": false, "Async Capable": false, "Join Type": "Inner", "Startup Cost": 302943.98, "Total Cost": 340874.34, "Plan Rows": 1, "Plan Width": 0, "Inner Unique": true, "Hash Cond": "(web_returns.wr_reason_sk = reason.r_reason_sk)", "Plans": [{"Node Type": "Hash Join", "Parent Relationship": "Outer", "Parallel Aware": true, "Async Capable": false, "Join Type": "Inner", "Startup Cost": 302941.97, "Total Cost": 340872.33, "Plan Rows": 1, "Plan Width": 4, "Inner Unique": false, "Hash Cond": "((cd1.cd_demo_sk = web_returns.wr_refunded_cdemo_sk) AND (cd1.cd_marital_status = cd2.cd_marital_status) AND (cd1.cd_education_status = cd2.cd_education_status))", "Join Filter": "(((cd1.cd_marital_status = 'M'::bpchar) AND (cd1.cd_education_status = 'Unknown'::bpchar) AND (web_sales.ws_sales_price >= 100.00) AND (web_sales.ws_sales_price <= 150.00)) OR ((cd1.cd_marital_status = 'S'::bpchar) AND (cd1.cd_education_status = 'College'::bpchar) AND (web_sales.ws_sales_price >= 50.00) AND (web_sales.ws_sales_price <= 100.00)) OR ((cd1.cd_marital_status = 'U'::bpchar) AND (cd1.cd_education_status = 'Primary'::bpchar) AND (web_sales.ws_sales_price >= 150.00) AND (web_sales.ws_sales_price <= 200.00)))", "Plans": [{"Node Type": "Seq Scan", "Parent Relationship": "Outer", "Parallel Aware": true, "Async Capable": false, "Relation Name": "customer_demographics", "Alias": "cd1", "Startup Cost": 0.0, "Total Cost": 37346.32, "Plan Rows": 51911, "Plan Width": 27, "Filter": "(((cd_marital_status = 'M'::bpchar) AND (cd_education_status = 'Unknown'::bpchar)) OR ((cd_marital_status = 'S'::bpchar) AND (cd_education_status = 'College'::bpchar)) OR ((cd_marital_status = 'U'::bpchar) AND (cd_education_status = 'Primary'::bpchar)))"}, {"Node Type": "Hash", "Parent Relationship": "Inner", "Parallel Aware": true, "Async Capable": false, "Startup Cost": 302941.95, "Total Cost": 302941.95, "Plan Rows": 1, "Plan Width": 37, "Plans": [{"Node Type": "Hash Join", "Parent Relationship": "Outer", "Parallel Aware": true, "Async Capable": false, "Join Type": "Inner", "Startup Cost": 272566.26, "Total Cost": 302941.95, "Plan Rows": 1, "Plan Width": 37, "Inner Unique": false, "Hash Cond": "(cd2.cd_demo_sk = web_returns.wr_returning_cdemo_sk)", "Plans": [{"Node Type": "Seq Scan", "Parent Relationship": "Outer", "Parallel Aware": true, "Async Capable": false, "Relation Name": "customer_demographics", "Alias": "cd2", "Startup Cost": 0.0, "Total Cost": 28052.13, "Plan Rows": 619613, "Plan Width": 27}, {"Node Type": "Hash", "Parent Relationship": "Inner", "Parallel Aware": true, "Async Capable": false, "Startup Cost": 272566.25, "Total Cost": 272566.25, "Plan Rows": 1, "Plan Width": 18, "Plans": [{"Node Type": "Hash Join", "Parent Relationship": "Outer", "Parallel Aware": false, "Async Capable": false, "Join Type": "Inner", "Startup Cost": 255880.51, "Total Cost": 272566.25, "Plan Rows": 1, "Plan Width": 18, "Inner Unique": true, "Hash Cond": "(web_sales.ws_web_page_sk = web_page.wp_web_page_sk)", "Plans": [{"Node Type": "Hash Join", "Parent Relationship": "Outer", "Parallel Aware": true, "Async Capable": false, "Join Type": "Inner", "Startup Cost": 255871.01, "Total Cost": 272556.74, "Plan Rows": 1, "Plan Width": 22, "Inner Unique": false, "Hash Cond": "((web_returns.wr_item_sk = web_sales.ws_item_sk) AND (web_returns.wr_order_number = web_sales.ws_order_number))", "Join Filter": "(((customer_address.ca_state = ANY ('{MI,KY,ID}'::bpchar[])) AND (web_sales.ws_net_profit >= '100'::numeric) AND (web_sales.ws_net_profit <= '200'::numeric)) OR ((customer_address.ca_state = ANY ('{OR,UT,GA}'::bpchar[])) AND (web_sales.ws_net_profit >= '150'::numeric) AND (web_sales.ws_net_profit <= '300'::numeric)) OR ((customer_address.ca_state = ANY ('{VA,TX,ND}'::bpchar[])) AND (web_sales.ws_net_profit >= '50'::numeric) AND (web_sales.ws_net_profit <= '250'::numeric)))", "Plans": [{"Node Type": "Hash Join", "Parent Relationship": "Outer", "Parallel Aware": true, "Async Capable": false, "Join Type": "Inner", "Startup Cost": 8288.68, "Total Cost": 24537.76, "Plan Rows": 58216, "Plan Width": 23, "Inner Unique": true, "Hash Cond": "(web_returns.wr_refunded_addr_sk = customer_address.ca_address_sk)", "Plans": [{"Node Type": "Seq Scan", "Parent Relationship": "Outer", "Parallel Aware": true, "Async Capable": false, "Relation Name": "web_returns", "Alias": "web_returns", "Startup Cost": 0.0, "Total Cost": 15640.05, "Plan Rows": 232005, "Plan Width": 24}, {"Node Type": "Hash", "Parent Relationship": "Inner", "Parallel Aware": true, "Async Capable": false, "Startup Cost": 7961.96, "Total Cost": 7961.96, "Plan Rows": 26138, "Plan Width": 7, "Plans": [{"Node Type": "Seq Scan", "Parent Relationship": "Outer", "Parallel Aware": true, "Async Capable": false, "Relation Name": "customer_address", "Alias": "customer_address", "Startup Cost": 0.0, "Total Cost": 7961.96, "Plan Rows": 26138, "Plan Width": 7, "Filter": "(((ca_country)::text = 'United States'::text) AND ((ca_state = ANY ('{MI,KY,ID}'::bpchar[])) OR (ca_state = ANY ('{OR,UT,GA}'::bpchar[])) OR (ca_state = ANY ('{VA,TX,ND}'::bpchar[]))))"}]}]}, {"Node Type": "Hash", "Parent Relationship": "Inner", "Parallel Aware": true, "Async Capable": false, "Startup Cost": 247577.08, "Total Cost": 247577.08, "Plan Rows": 350, "Plan Width": 24, "Plans": [{"Node Type": "Hash Join", "Parent Relationship": "Outer", "Parallel Aware": true, "Async Capable": false, "Join Type": "Inner", "Startup Cost": 1963.81, "Total Cost": 247577.08, "Plan Rows": 350, "Plan Width": 24, "Inner Unique": true, "Hash Cond": "(web_sales.ws_sold_date_sk = date_dim.d_date_sk)", "Plans": [{"Node Type": "Seq Scan", "Parent Relationship": "Outer", "Parallel Aware": true, "Async Capable": false, "Relation Name": "web_sales", "Alias": "web_sales", "Startup Cost": 0.0, "Total Cost": 245429.58, "Plan Rows": 69972, "Plan Width": 28, "Filter": "((((ws_sales_price >= 100.00) AND (ws_sales_price <= 150.00)) OR ((ws_sales_price >= 50.00) AND (ws_sales_price <= 100.00)) OR ((ws_sales_price >= 150.00) AND (ws_sales_price <= 200.00))) AND (((ws_net_profit >= '100'::numeric) AND (ws_net_profit <= '200'::numeric)) OR ((ws_net_profit >= '150'::numeric) AND (ws_net_profit <= '300'::numeric)) OR ((ws_net_profit >= '50'::numeric) AND (ws_net_profit <= '250'::numeric))))"}, {"Node Type": "Hash", "Parent Relationship": "Inner", "Parallel Aware": true, "Async Capable": false, "Startup Cost": 1961.12, "Total Cost": 1961.12, "Plan Rows": 215, "Plan Width": 4, "Plans": [{"Node Type": "Seq Scan", "Parent Relationship": "Outer", "Parallel Aware": true, "Async Capable": false, "Relation Name": "date_dim", "Alias": "date_dim", "Startup Cost": 0.0, "Total Cost": 1961.12, "Plan Rows": 215, "Plan Width": 4, "Filter": "(d_year = 1998)"}]}]}]}]}, {"Node Type": "Hash", "Parent Relationship": "Inner", "Parallel Aware": false, "Async Capable": false, "Startup Cost": 7.0, "Total Cost": 7.0, "Plan Rows": 200, "Plan Width": 4, "Plans": [{"Node Type": "Seq Scan", "Parent Relationship": "Outer", "Parallel Aware": false, "Async Capable": false, "Relation Name": "web_page", "Alias": "web_page", "Startup Cost": 0.0, "Total Cost": 7.0, "Plan Rows": 200, "Plan Width": 4}]}]}]}]}]}]}, {"Node Type": "Hash", "Parent Relationship": "Inner", "Parallel Aware": false, "Async Capable": false, "Startup Cost": 1.45, "Total Cost": 1.45, "Plan Rows": 45, "Plan Width": 4, "Plans": [{"Node Type": "Seq Scan", "Parent Relationship": "Outer", "Parallel Aware": false, "Async Capable": false, "Relation Name": "reason", "Alias": "reason", "Startup Cost": 0.0, "Total Cost": 1.45, "Plan Rows": 45, "Plan Width": 4}]}]}]}]}]}}, {"Plan": {"Node Type": "Aggregate", "Strategy": "Plain", "Partial Mode": "Simple", "Parallel Aware": false, "Async Capable": false, "Startup Cost": 10001209438.52, "Total Cost": 10001209438.53, "Plan Rows": 1, "Plan Width": 8, "Plans": [{"Node Type": "Nested Loop", "Parent Relationship": "Outer", "Parallel Aware": false, "Async Capable": false, "Join Type": "Inner", "Startup Cost": 10000000002.87, "Total Cost": 10001209438.51, "Plan Rows": 1, "Plan Width": 0, "Inner Unique": true, "Plans": [{"Node Type": "Nested Loop", "Parent Relationship": "Outer", "Parallel Aware": false, "Async Capable": false, "Join Type": "Inner", "Startup Cost": 10000000002.72, "Total Cost": 10001209434.18, "Plan Rows": 1, "Plan Width": 4, "Inner Unique": true, "Join Filter": "(((customer_address.ca_state = ANY ('{MI,KY,ID}'::bpchar[])) AND (web_sales.ws_net_profit >= '100'::numeric) AND (web_sales.ws_net_profit <= '200'::numeric)) OR ((customer_address.ca_state = ANY ('{OR,UT,GA}'::bpchar[])) AND (web_sales.ws_net_profit >= '150'::numeric) AND (web_sales.ws_net_profit <= '300'::numeric)) OR ((customer_address.ca_state = ANY ('{VA,TX,ND}'::bpchar[])) AND (web_sales.ws_net_profit >= '50'::numeric) AND (web_sales.ws_net_profit <= '250'::numeric)))", "Plans": [{"Node Type": "Nested Loop", "Parent Relationship": "Outer", "Parallel Aware": false, "Async Capable": false, "Join Type": "Inner", "Startup Cost": 10000000002.29, "Total Cost": 10001209429.68, "Plan Rows": 1, "Plan Width": 14, "Inner Unique": true, "Join Filter": "((cd1.cd_marital_status = cd2.cd_marital_status) AND (cd1.cd_education_status = cd2.cd_education_status))", "Plans": [{"Node Type": "Nested Loop", "Parent Relationship": "Outer", "Parallel Aware": false, "Async Capable": false, "Join Type": "Inner", "Startup Cost": 10000000001.83, "Total Cost": 10001209425.19, "Plan Rows": 1, "Plan Width": 41, "Inner Unique": true, "Join Filter": "(((cd1.cd_marital_status = 'M'::bpchar) AND (cd1.cd_education_status = 'Unknown'::bpchar) AND (web_sales.ws_sales_price >= 100.00) AND (web_sales.ws_sales_price <= 150.00)) OR ((cd1.cd_marital_status = 'S'::bpchar) AND (cd1.cd_education_status = 'College'::bpchar) AND (web_sales.ws_sales_price >= 50.00) AND (web_sales.ws_sales_price <= 100.00)) OR ((cd1.cd_marital_status = 'U'::bpchar) AND (cd1.cd_education_status = 'Primary'::bpchar) AND (web_sales.ws_sales_price >= 150.00) AND (web_sales.ws_sales_price <= 200.00)))", "Plans": [{"Node Type": "Nested Loop", "Parent Relationship": "Outer", "Parallel Aware": false, "Async Capable": false, "Join Type": "Inner", "Startup Cost": 10000000001.36, "Total Cost": 10001209420.66, "Plan Rows": 1, "Plan Width": 28, "Inner Unique": true, "Plans": [{"Node Type": "Nested Loop", "Parent Relationship": "Outer", "Parallel Aware": false, "Async Capable": false, "Join Type": "Inner", "Startup Cost": 10000000001.21, "Total Cost": 10001209416.45, "Plan Rows": 1, "Plan Width": 32, "Inner Unique": true, "Plans": [{"Node Type": "Nested Loop", "Parent Relationship": "Outer", "Parallel Aware": false, "Async Capable": false, "Join Type": "Inner", "Startup Cost": 10000000000.75, "Total Cost": 10001201589.09, "Plan Rows": 1748, "Plan Width": 24, "Inner Unique": true, "Plans": [{"Node Type": "Index Scan", "Parent Relationship": "Outer", "Parallel Aware": false, "Async Capable": false, "Scan Direction": "Forward", "Index Name": "web_sales_pkey", "Relation Name": "web_sales", "Alias": "web_sales", "Startup Cost": 10000000000.43, "Total Cost": 10001184967.6, "Plan Rows": 349859, "Plan Width": 28, "Filter": "((((ws_sales_price >= 100.00) AND (ws_sales_price <= 150.00)) OR ((ws_sales_price >= 50.00) AND (ws_sales_price <= 100.00)) OR ((ws_sales_price >= 150.00) AND (ws_sales_price <= 200.00))) AND (((ws_net_profit >= '100'::numeric) AND (ws_net_profit <= '200'::numeric)) OR ((ws_net_profit >= '150'::numeric) AND (ws_net_profit <= '300'::numeric)) OR ((ws_net_profit >= '50'::numeric) AND (ws_net_profit <= '250'::numeric))))"}, {"Node Type": "Memoize", "Parent Relationship": "Inner", "Parallel Aware": false, "Async Capable": false, "Startup Cost": 0.31, "Total Cost": 4.33, "Plan Rows": 1, "Plan Width": 4, "Cache Key": "web_sales.ws_sold_date_sk", "Cache Mode": "logical", "Plans": [{"Node Type": "Bitmap Heap Scan", "Parent Relationship": "Outer", "Parallel Aware": false, "Async Capable": false, "Relation Name": "date_dim", "Alias": "date_dim", "Startup Cost": 0.3, "Total Cost": 4.32, "Plan Rows": 1, "Plan Width": 4, "Recheck Cond": "(d_date_sk = web_sales.ws_sold_date_sk)", "Filter": "(d_year = 1998)", "Plans": [{"Node Type": "Bitmap Index Scan", "Parent Relationship": "Outer", "Parallel Aware": false, "Async Capable": false, "Index Name": "date_dim_pkey", "Startup Cost": 0.0, "Total Cost": 0.3, "Plan Rows": 1, "Plan Width": 0, "Index Cond": "(d_date_sk = web_sales.ws_sold_date_sk)"}]}]}]}, {"Node Type": "Bitmap Heap Scan", "Parent Relationship": "Inner", "Parallel Aware": false, "Async Capable": false, "Relation Name": "web_returns", "Alias": "web_returns", "Startup Cost": 0.46, "Total Cost": 4.48, "Plan Rows": 1, "Plan Width": 24, "Recheck Cond": "((web_sales.ws_item_sk = wr_item_sk) AND (web_sales.ws_order_number = wr_order_number))", "Plans": [{"Node Type": "Bitmap Index Scan", "Parent Relationship": "Outer", "Parallel Aware": false, "Async Capable": false, "Index Name": "web_returns_pkey", "Startup Cost": 0.0, "Total Cost": 0.46, "Plan Rows": 1, "Plan Width": 0, "Index Cond": "((wr_item_sk = web_sales.ws_item_sk) AND (wr_order_number = web_sales.ws_order_number))"}]}]}, {"Node Type": "Bitmap Heap Scan", "Parent Relationship": "Inner", "Parallel Aware": false, "Async Capable": false, "Relation Name": "web_page", "Alias": "web_page", "Startup Cost": 0.15, "Total Cost": 4.17, "Plan Rows": 1, "Plan Width": 4, "Recheck Cond": "(wp_web_page_sk = web_sales.ws_web_page_sk)", "Plans": [{"Node Type": "Bitmap Index Scan", "Parent Relationship": "Outer", "Parallel Aware": false, "Async Capable": false, "Index Name": "web_page_pkey", "Startup Cost": 0.0, "Total Cost": 0.15, "Plan Rows": 1, "Plan Width": 0, "Index Cond": "(wp_web_page_sk = web_sales.ws_web_page_sk)"}]}]}, {"Node Type": "Bitmap Heap Scan", "Parent Relationship": "Inner", "Parallel Aware": false, "Async Capable": false, "Relation Name": "customer_demographics", "Alias": "cd1", "Startup Cost": 0.46, "Total Cost": 4.49, "Plan Rows": 1, "Plan Width": 27, "Recheck Cond": "(cd_demo_sk = web_returns.wr_refunded_cdemo_sk)", "Filter": "(((cd_marital_status = 'M'::bpchar) AND (cd_education_status = 'Unknown'::bpchar)) OR ((cd_marital_status = 'S'::bpchar) AND (cd_education_status = 'College'::bpchar)) OR ((cd_marital_status = 'U'::bpchar) AND (cd_education_status = 'Primary'::bpchar)))", "Plans": [{"Node Type": "Bitmap Index Scan", "Parent Relationship": "Outer", "Parallel Aware": false, "Async Capable": false, "Index Name": "customer_demographics_pkey", "Startup Cost": 0.0, "Total Cost": 0.46, "Plan Rows": 1, "Plan Width": 0, "Index Cond": "(cd_demo_sk = web_returns.wr_refunded_cdemo_sk)"}]}]}, {"Node Type": "Bitmap Heap Scan", "Parent Relationship": "Inner", "Parallel Aware": false, "Async Capable": false, "Relation Name": "customer_demographics", "Alias": "cd2", "Startup Cost": 0.46, "Total Cost": 4.48, "Plan Rows": 1, "Plan Width": 27, "Recheck Cond": "(cd_demo_sk = web_returns.wr_returning_cdemo_sk)", "Plans": [{"Node Type": "Bitmap Index Scan", "Parent Relationship": "Outer", "Parallel Aware": false, "Async Capable": false, "Index Name": "customer_demographics_pkey", "Startup Cost": 0.0, "Total Cost": 0.46, "Plan Rows": 1, "Plan Width": 0, "Index Cond": "(cd_demo_sk = web_returns.wr_returning_cdemo_sk)"}]}]}, {"Node Type": "Bitmap Heap Scan", "Parent Relationship": "Inner", "Parallel Aware": false, "Async Capable": false, "Relation Name": "customer_address", "Alias": "customer_address", "Startup Cost": 0.43, "Total Cost": 4.46, "Plan Rows": 1, "Plan Width": 7, "Recheck Cond": "(ca_address_sk = web_returns.wr_refunded_addr_sk)", "Filter": "(((ca_country)::text = 'United States'::text) AND ((ca_state = ANY ('{MI,KY,ID}'::bpchar[])) OR (ca_state = ANY ('{OR,UT,GA}'::bpchar[])) OR (ca_state = ANY ('{VA,TX,ND}'::bpchar[]))))", "Plans": [{"Node Type": "Bitmap Index Scan", "Parent Relationship": "Outer", "Parallel Aware": false, "Async Capable": false, "Index Name": "customer_address_pkey", "Startup Cost": 0.0, "Total Cost": 0.43, "Plan Rows": 1, "Plan Width": 0, "Index Cond": "(ca_address_sk = web_returns.wr_refunded_addr_sk)"}]}]}, {"Node Type": "Bitmap Heap Scan", "Parent Relationship": "Inner", "Parallel Aware": false, "Async Capable": false, "Relation Name": "reason", "Alias": "reason", "Startup Cost": 0.15, "Total Cost": 4.16, "Plan Rows": 1, "Plan Width": 4, "Recheck Cond": "(r_reason_sk = web_returns.wr_reason_sk)", "Plans": [{"Node Type": "Bitmap Index Scan", "Parent Relationship": "Outer", "Parallel Aware": false, "Async Capable": false, "Index Name": "reason_pkey", "Startup Cost": 0.0, "Total Cost": 0.15, "Plan Rows": 1, "Plan Width": 0, "Index Cond": "(r_reason_sk = web_returns.wr_reason_sk)"}]}]}]}}, {"Plan": {"Node Type": "Aggregate", "Strategy": "Plain", "Partial Mode": "Simple", "Parallel Aware": false, "Async Capable": false, "Startup Cost": 86156.57, "Total Cost": 86156.58, "Plan Rows": 1, "Plan Width": 8, "Plans": [{"Node Type": "Nested Loop", "Parent Relationship": "Outer", "Parallel Aware": false, "Async Capable": false, "Join Type": "Inner", "Startup Cost": 47285.41, "Total Cost": 86156.56, "Plan Rows": 1, "Plan Width": 0, "Inner Unique": true, "Join Filter": "(reason.r_reason_sk = web_returns.wr_reason_sk)", "Plans": [{"Node Type": "Nested Loop", "Parent Relationship": "Outer", "Parallel Aware": false, "Async Capable": false, "Join Type": "Inner", "Startup Cost": 47285.41, "Total Cost": 86154.55, "Plan Rows": 1, "Plan Width": 4, "Inner Unique": true, "Plans": [{"Node Type": "Nested Loop", "Parent Relationship": "Outer", "Parallel Aware": false, "Async Capable": false, "Join Type": "Inner", "Startup Cost": 47285.11, "Total Cost": 86150.21, "Plan Rows": 1, "Plan Width": 8, "Inner Unique": true, "Plans": [{"Node Type": "Gather", "Parent Relationship": "Outer", "Parallel Aware": false, "Async Capable": false, "Startup Cost": 47284.95, "Total Cost": 86146.01, "Plan Rows": 1, "Plan Width": 12, "Workers Planned": 3, "Single Copy": false, "Plans": [{"Node Type": "Nested Loop", "Parent Relationship": "Outer", "Parallel Aware": false, "Async Capable": false, "Join Type": "Inner", "Startup Cost": 46284.95, "Total Cost": 85145.91, "Plan Rows": 1, "Plan Width": 12, "Inner Unique": true, "Join Filter": "((((customer_address.ca_state = ANY ('{MI,KY,ID}'::bpchar[])) AND (web_sales.ws_net_profit >= '100'::numeric) AND (web_sales.ws_net_profit <= '200'::numeric)) OR ((customer_address.ca_state = ANY ('{OR,UT,GA}'::bpchar[])) AND (web_sales.ws_net_profit >= '150'::numeric) AND (web_sales.ws_net_profit <= '300'::numeric)) OR ((customer_address.ca_state = ANY ('{VA,TX,ND}'::bpchar[])) AND (web_sales.ws_net_profit >= '50'::numeric) AND (web_sales.ws_net_profit <= '250'::numeric))) AND (((cd1.cd_marital_status = 'M'::bpchar) AND (cd1.cd_education_status = 'Unknown'::bpchar) AND (web_sales.ws_sales_price >= 100.00) AND (web_sales.ws_sales_price <= 150.00)) OR ((cd1.cd_marital_status = 'S'::bpchar) AND (cd1.cd_education_status = 'College'::bpchar) AND (web_sales.ws_sales_price >= 50.00) AND (web_sales.ws_sales_price <= 100.00)) OR ((cd1.cd_marital_status = 'U'::bpchar) AND (cd1.cd_education_status = 'Primary'::bpchar) AND (web_sales.ws_sales_price >= 150.00) AND (web_sales.ws_sales_price <= 200.00))))", "Plans": [{"Node Type": "Nested Loop", "Parent Relationship": "Outer", "Parallel Aware": false, "Async Capable": false, "Join Type": "Inner", "Startup Cost": 46284.36, "Total Cost": 84491.7, "Plan Rows": 139, "Plan Width": 38, "Inner Unique": true, "Join Filter": "((cd1.cd_marital_status = cd2.cd_marital_status) AND (cd1.cd_education_status = cd2.cd_education_status))", "Plans": [{"Node Type": "Hash Join", "Parent Relationship": "Outer", "Parallel Aware": true, "Async Capable": false, "Join Type": "Inner", "Startup Cost": 46283.89, "Total Cost": 62583.98, "Plan Rows": 4877, "Plan Width": 42, "Inner Unique": true, "Hash Cond": "(web_returns.wr_refunded_addr_sk = customer_address.ca_address_sk)", "Plans": [{"Node Type": "Hash Join", "Parent Relationship": "Outer", "Parallel Aware": true, "Async Capable": false, "Join Type": "Inner", "Startup Cost": 37995.21, "Total Cost": 54244.28, "Plan Rows": 19437, "Plan Width": 43, "Inner Unique": true, "Hash Cond": "(web_returns.wr_refunded_cdemo_sk = cd1.cd_demo_sk)", "Plans": [{"Node Type": "Seq Scan", "Parent Relationship": "Outer", "Parallel Aware": true, "Async Capable": false, "Relation Name": "web_returns", "Alias": "web_returns", "Startup Cost": 0.0, "Total Cost": 15640.05, "Plan Rows": 232005, "Plan Width": 24}, {"Node Type": "Hash", "Parent Relationship": "Inner", "Parallel Aware": true, "Async Capable": false, "Startup Cost": 37346.32, "Total Cost": 37346.32, "Plan Rows": 51911, "Plan Width": 27, "Plans": [{"Node Type": "Seq Scan", "Parent Relationship": "Outer", "Parallel Aware": true, "Async Capable": false, "Relation Name": "customer_demographics", "Alias": "cd1", "Startup Cost": 0.0, "Total Cost": 37346.32, "Plan Rows": 51911, "Plan Width": 27, "Filter": "(((cd_marital_status = 'M'::bpchar) AND (cd_education_status = 'Unknown'::bpchar)) OR ((cd_marital_status = 'S'::bpchar) AND (cd_education_status = 'College'::bpchar)) OR ((cd_marital_status = 'U'::bpchar) AND (cd_education_status = 'Primary'::bpchar)))"}]}]}, {"Node Type": "Hash", "Parent Relationship": "Inner", "Parallel Aware": true, "Async Capable": false, "Startup Cost": 7961.96, "Total Cost": 7961.96, "Plan Rows": 26138, "Plan Width": 7, "Plans": [{"Node Type": "Seq Scan", "Parent Relationship": "Outer", "Parallel Aware": true, "Async Capable": false, "Relation Name": "customer_address", "Alias": "customer_address", "Startup Cost": 0.0, "Total Cost": 7961.96, "Plan Rows": 26138, "Plan Width": 7, "Filter": "(((ca_country)::text = 'United States'::text) AND ((ca_state = ANY ('{MI,KY,ID}'::bpchar[])) OR (ca_state = ANY ('{OR,UT,GA}'::bpchar[])) OR (ca_state = ANY ('{VA,TX,ND}'::bpchar[]))))"}]}]}, {"Node Type": "Bitmap Heap Scan", "Parent Relationship": "Inner", "Parallel Aware": false, "Async Capable": false, "Relation Name": "customer_demographics", "Alias": "cd2", "Startup Cost": 0.46, "Total Cost": 4.48, "Plan Rows": 1, "Plan Width": 27, "Recheck Cond": "(cd_demo_sk = web_returns.wr_returning_cdemo_sk)", "Plans": [{"Node Type": "Bitmap Index Scan", "Parent Relationship": "Outer", "Parallel Aware": false, "Async Capable": false, "Index Name": "customer_demographics_pkey", "Startup Cost": 0.0, "Total Cost": 0.46, "Plan Rows": 1, "Plan Width": 0, "Index Cond": "(cd_demo_sk = web_returns.wr_returning_cdemo_sk)"}]}]}, {"Node Type": "Bitmap Heap Scan", "Parent Relationship": "Inner", "Parallel Aware": false, "Async Capable": false, "Relation Name": "web_sales", "Alias": "web_sales", "Startup Cost": 0.6, "Total Cost": 4.64, "Plan Rows": 1, "Plan Width": 28, "Recheck Cond": "((ws_item_sk = web_returns.wr_item_sk) AND (ws_order_number = web_returns.wr_order_number))", "Filter": "((((ws_sales_price >= 100.00) AND (ws_sales_price <= 150.00)) OR ((ws_sales_price >= 50.00) AND (ws_sales_price <= 100.00)) OR ((ws_sales_price >= 150.00) AND (ws_sales_price <= 200.00))) AND (((ws_net_profit >= '100'::numeric) AND (ws_net_profit <= '200'::numeric)) OR ((ws_net_profit >= '150'::numeric) AND (ws_net_profit <= '300'::numeric)) OR ((ws_net_profit >= '50'::numeric) AND (ws_net_profit <= '250'::numeric))))", "Plans": [{"Node Type": "Bitmap Index Scan", "Parent Relationship": "Outer", "Parallel Aware": false, "Async Capable": false, "Index Name": "web_sales_pkey", "Startup Cost": 0.0, "Total Cost": 0.59, "Plan Rows": 1, "Plan Width": 0, "Index Cond": "((ws_item_sk = web_returns.wr_item_sk) AND (ws_order_number = web_returns.wr_order_number))"}]}]}]}, {"Node Type": "Bitmap Heap Scan", "Parent Relationship": "Inner", "Parallel Aware": false, "Async Capable": false, "Relation Name": "web_page", "Alias": "web_page", "Startup Cost": 0.15, "Total Cost": 4.17, "Plan Rows": 1, "Plan Width": 4, "Recheck Cond": "(wp_web_page_sk = web_sales.ws_web_page_sk)", "Plans": [{"Node Type": "Bitmap Index Scan", "Parent Relationship": "Outer", "Parallel Aware": false, "Async Capable": false, "Index Name": "web_page_pkey", "Startup Cost": 0.0, "Total Cost": 0.15, "Plan Rows": 1, "Plan Width": 0, "Index Cond": "(wp_web_page_sk = web_sales.ws_web_page_sk)"}]}]}, {"Node Type": "Bitmap Heap Scan", "Parent Relationship": "Inner", "Parallel Aware": false, "Async Capable": false, "Relation Name": "date_dim", "Alias": "date_dim", "Startup Cost": 0.3, "Total Cost": 4.32, "Plan Rows": 1, "Plan Width": 4, "Recheck Cond": "(d_date_sk = web_sales.ws_sold_date_sk)", "Filter": "(d_year = 1998)", "Plans": [{"Node Type": "Bitmap Index Scan", "Parent Relationship": "Outer", "Parallel Aware": false, "Async Capable": false, "Index Name": "date_dim_pkey", "Startup Cost": 0.0, "Total Cost": 0.3, "Plan Rows": 1, "Plan Width": 0, "Index Cond": "(d_date_sk = web_sales.ws_sold_date_sk)"}]}]}, {"Node Type": "Seq Scan", "Parent Relationship": "Inner", "Parallel Aware": false, "Async Capable": false, "Relation Name": "reason", "Alias": "reason", "Startup Cost": 0.0, "Total Cost": 1.45, "Plan Rows": 45, "Plan Width": 4}]}]}}, {"Plan": {"Node Type": "Aggregate", "Strategy": "Plain", "Partial Mode": "Finalize", "Parallel Aware": false, "Async Capable": false, "Startup Cost": 1170875.9, "Total Cost": 1170875.91, "Plan Rows": 1, "Plan Width": 8, "Plans": [{"Node Type": "Gather", "Parent Relationship": "Outer", "Parallel Aware": false, "Async Capable": false, "Startup Cost": 1170875.58, "Total Cost": 1170875.89, "Plan Rows": 3, "Plan Width": 8, "Workers Planned": 3, "Single Copy": false, "Plans": [{"Node Type": "Aggregate", "Strategy": "Plain", "Partial Mode": "Partial", "Parent Relationship": "Outer", "Parallel Aware": false, "Async Capable": false, "Startup Cost": 1169875.58, "Total Cost": 1169875.59, "Plan Rows": 1, "Plan Width": 8, "Plans": [{"Node Type": "Hash Join", "Parent Relationship": "Outer", "Parallel Aware": false, "Async Capable": false, "Join Type": "Inner", "Startup Cost": 1101266.22, "Total Cost": 1169875.58, "Plan Rows": 1, "Plan Width": 0, "Inner Unique": true, "Hash Cond": "(web_returns.wr_reason_sk = reason.r_reason_sk)", "Plans": [{"Node Type": "Hash Join", "Parent Relationship": "Outer", "Parallel Aware": true, "Async Capable": false, "Join Type": "Inner", "Startup Cost": 1101252.84, "Total Cost": 1169862.2, "Plan Rows": 1, "Plan Width": 4, "Inner Unique": false, "Hash Cond": "((cd1.cd_demo_sk = web_returns.wr_refunded_cdemo_sk) AND (cd1.cd_marital_status = cd2.cd_marital_status) AND (cd1.cd_education_status = cd2.cd_education_status))", "Join Filter": "(((cd1.cd_marital_status = 'M'::bpchar) AND (cd1.cd_education_status = 'Unknown'::bpchar) AND (web_sales.ws_sales_price >= 100.00) AND (web_sales.ws_sales_price <= 150.00)) OR ((cd1.cd_marital_status = 'S'::bpchar) AND (cd1.cd_education_status = 'College'::bpchar) AND (web_sales.ws_sales_price >= 50.00) AND (web_sales.ws_sales_price <= 100.00)) OR ((cd1.cd_marital_status = 'U'::bpchar) AND (cd1.cd_education_status = 'Primary'::bpchar) AND (web_sales.ws_sales_price >= 150.00) AND (web_sales.ws_sales_price <= 200.00)))", "Plans": [{"Node Type": "Index Scan", "Parent Relationship": "Outer", "Parallel Aware": true, "Async Capable": false, "Scan Direction": "Forward", "Index Name": "customer_demographics_pkey", "Relation Name": "customer_demographics", "Alias": "cd1", "Startup Cost": 0.43, "Total Cost": 68025.75, "Plan Rows": 51911, "Plan Width": 27, "Filter": "(((cd_marital_status = 'M'::bpchar) AND (cd_education_status = 'Unknown'::bpchar)) OR ((cd_marital_status = 'S'::bpchar) AND (cd_education_status = 'College'::bpchar)) OR ((cd_marital_status = 'U'::bpchar) AND (cd_education_status = 'Primary'::bpchar)))"}, {"Node Type": "Hash", "Parent Relationship": "Inner", "Parallel Aware": true, "Async Capable": false, "Startup Cost": 1101252.39, "Total Cost": 1101252.39, "Plan Rows": 1, "Plan Width": 37, "Plans": [{"Node Type": "Hash Join", "Parent Relationship": "Outer", "Parallel Aware": true, "Async Capable": false, "Join Type": "Inner", "Startup Cost": 1040197.71, "Total Cost": 1101252.39, "Plan Rows": 1, "Plan Width": 37, "Inner Unique": false, "Hash Cond": "(cd2.cd_demo_sk = web_returns.wr_returning_cdemo_sk)", "Plans": [{"Node Type": "Index Scan", "Parent Relationship": "Outer", "Parallel Aware": true, "Async Capable": false, "Scan Direction": "Forward", "Index Name": "customer_demographics_pkey", "Relation Name": "customer_demographics", "Alias": "cd2", "Startup Cost": 0.43, "Total Cost": 58731.56, "Plan Rows": 619613, "Plan Width": 27}, {"Node Type": "Hash", "Parent Relationship": "Inner", "Parallel Aware": true, "Async Capable": false, "Startup Cost": 1040197.27, "Total Cost": 1040197.27, "Plan Rows": 1, "Plan Width": 18, "Plans": [{"Node Type": "Hash Join", "Parent Relationship": "Outer", "Parallel Aware": false, "Async Capable": false, "Join Type": "Inner", "Startup Cost": 970283.45, "Total Cost": 1040197.27, "Plan Rows": 1, "Plan Width": 18, "Inner Unique": true, "Hash Cond": "(web_sales.ws_web_page_sk = web_page.wp_web_page_sk)", "Plans": [{"Node Type": "Hash Join", "Parent Relationship": "Outer", "Parallel Aware": true, "Async Capable": false, "Join Type": "Inner", "Startup Cost": 970261.81, "Total Cost": 1040175.62, "Plan Rows": 1, "Plan Width": 22, "Inner Unique": false, "Hash Cond": "((web_returns.wr_item_sk = web_sales.ws_item_sk) AND (web_returns.wr_order_number = web_sales.ws_order_number))", "Join Filter": "(((customer_address.ca_state = ANY ('{MI,KY,ID}'::bpchar[])) AND (web_sales.ws_net_profit >= '100'::numeric) AND (web_sales.ws_net_profit <= '200'::numeric)) OR ((customer_address.ca_state = ANY ('{OR,UT,GA}'::bpchar[])) AND (web_sales.ws_net_profit >= '150'::numeric) AND (web_sales.ws_net_profit <= '300'::numeric)) OR ((customer_address.ca_state = ANY ('{VA,TX,ND}'::bpchar[])) AND (web_sales.ws_net_profit >= '50'::numeric) AND (web_sales.ws_net_profit <= '250'::numeric)))", "Plans": [{"Node Type": "Hash Join", "Parent Relationship": "Outer", "Parallel Aware": true, "Async Capable": false, "Join Type": "Inner", "Startup Cost": 12291.23, "Total Cost": 81768.38, "Plan Rows": 58216, "Plan Width": 23, "Inner Unique": true, "Hash Cond": "(web_returns.wr_refunded_addr_sk = customer_address.ca_address_sk)", "Plans": [{"Node Type": "Index Scan", "Parent Relationship": "Outer", "Parallel Aware": true, "Async Capable": false, "Scan Direction": "Forward", "Index Name": "web_returns_pkey", "Relation Name": "web_returns", "Alias": "web_returns", "Startup Cost": 0.42, "Total Cost": 68868.56, "Plan Rows": 232005, "Plan Width": 24}, {"Node Type": "Hash", "Parent Relationship": "Inner", "Parallel Aware": true, "Async Capable": false, "Startup Cost": 11964.08, "Total Cost": 11964.08, "Plan Rows": 26138, "Plan Width": 7, "Plans": [{"Node Type": "Index Scan", "Parent Relationship": "Outer", "Parallel Aware": true, "Async Capable": false, "Scan Direction": "Forward", "Index Name": "customer_address_pkey", "Relation Name": "customer_address", "Alias": "customer_address", "Startup Cost": 0.42, "Total Cost": 11964.08, "Plan Rows": 26138, "Plan Width": 7, "Filter": "(((ca_country)::text = 'United States'::text) AND ((ca_state = ANY ('{MI,KY,ID}'::bpchar[])) OR (ca_state = ANY ('{OR,UT,GA}'::bpchar[])) OR (ca_state = ANY ('{VA,TX,ND}'::bpchar[]))))"}]}]}, {"Node Type": "Hash", "Parent Relationship": "Inner", "Parallel Aware": true, "Async Capable": false, "Startup Cost": 957965.33, "Total Cost": 957965.33, "Plan Rows": 350, "Plan Width": 24, "Plans": [{"Node Type": "Hash Join", "Parent Relationship": "Outer", "Parallel Aware": true, "Async Capable": false, "Join Type": "Inner", "Startup Cost": 3140.78, "Total Cost": 957965.33, "Plan Rows": 350, "Plan Width": 24, "Inner Unique": true, "Hash Cond": "(web_sales.ws_sold_date_sk = date_dim.d_date_sk)", "Plans": [{"Node Type": "Index Scan", "Parent Relationship": "Outer", "Parallel Aware": true, "Async Capable": false, "Scan Direction": "Forward", "Index Name": "web_sales_pkey", "Relation Name": "web_sales", "Alias": "web_sales", "Startup Cost": 0.43, "Total Cost": 954641.29, "Plan Rows": 69972, "Plan Width": 28, "Filter": "((((ws_sales_price >= 100.00) AND (ws_sales_price <= 150.00)) OR ((ws_sales_price >= 50.00) AND (ws_sales_price <= 100.00)) OR ((ws_sales_price >= 150.00) AND (ws_sales_price <= 200.00))) AND (((ws_net_profit >= '100'::numeric) AND (ws_net_profit <= '200'::numeric)) OR ((ws_net_profit >= '150'::numeric) AND (ws_net_profit <= '300'::numeric)) OR ((ws_net_profit >= '50'::numeric) AND (ws_net_profit <= '250'::numeric))))"}, {"Node Type": "Hash", "Parent Relationship": "Inner", "Parallel Aware": true, "Async Capable": false, "Startup Cost": 3137.66, "Total Cost": 3137.66, "Plan Rows": 215, "Plan Width": 4, "Plans": [{"Node Type": "Index Scan", "Parent Relationship": "Outer", "Parallel Aware": true, "Async Capable": false, "Scan Direction": "Forward", "Index Name": "date_dim_pkey", "Relation Name": "date_dim", "Alias": "date_dim", "Startup Cost": 0.29, "Total Cost": 3137.66, "Plan Rows": 215, "Plan Width": 4, "Filter": "(d_year = 1998)"}]}]}]}]}, {"Node Type": "Hash", "Parent Relationship": "Inner", "Parallel Aware": false, "Async Capable": false, "Startup Cost": 19.14, "Total Cost": 19.14, "Plan Rows": 200, "Plan Width": 4, "Plans": [{"Node Type": "Index Scan", "Parent Relationship": "Outer", "Parallel Aware": false, "Async Capable": false, "Scan Direction": "Forward", "Index Name": "web_page_pkey", "Relation Name": "web_page", "Alias": "web_page", "Startup Cost": 0.14, "Total Cost": 19.14, "Plan Rows": 200, "Plan Width": 4}]}]}]}]}]}]}, {"Node Type": "Hash", "Parent Relationship": "Inner", "Parallel Aware": false, "Async Capable": false, "Startup Cost": 12.81, "Total Cost": 12.81, "Plan Rows": 45, "Plan Width": 4, "Plans": [{"Node Type": "Index Scan", "Parent Relationship": "Outer", "Parallel Aware": false, "Async Capable": false, "Scan Direction": "Forward", "Index Name": "reason_pkey", "Relation Name": "reason", "Alias": "reason", "Startup Cost": 0.14, "Total Cost": 12.81, "Plan Rows": 45, "Plan Width": 4}]}]}]}]}]}}, {"Plan": {"Node Type": "Aggregate", "Strategy": "Plain", "Partial Mode": "Finalize", "Parallel Aware": false, "Async Capable": false, "Startup Cost": 1170273.18, "Total Cost": 1170273.19, "Plan Rows": 1, "Plan Width": 8, "Plans": [{"Node Type": "Gather", "Parent Relationship": "Outer", "Parallel Aware": false, "Async Capable": false, "Startup Cost": 1170272.86, "Total Cost": 1170273.17, "Plan Rows": 3, "Plan Width": 8, "Workers Planned": 3, "Single Copy": false, "Plans": [{"Node Type": "Aggregate", "Strategy": "Plain", "Partial Mode": "Partial", "Parent Relationship": "Outer", "Parallel Aware": false, "Async Capable": false, "Startup Cost": 1169272.86, "Total Cost": 1169272.87, "Plan Rows": 1, "Plan Width": 8, "Plans": [{"Node Type": "Merge Join", "Parent Relationship": "Outer", "Parallel Aware": false, "Async Capable": false, "Join Type": "Inner", "Startup Cost": 1169260.06, "Total Cost": 1169272.86, "Plan Rows": 1, "Plan Width": 0, "Inner Unique": true, "Merge Cond": "(web_returns.wr_reason_sk = reason.r_reason_sk)", "Plans": [{"Node Type": "Sort", "Parent Relationship": "Outer", "Parallel Aware": false, "Async Capable": false, "Startup Cost": 1169259.92, "Total Cost": 1169259.92, "Plan Rows": 1, "Plan Width": 4, "Sort Key": ["web_returns.wr_reason_sk"], "Plans": [{"Node Type": "Merge Join", "Parent Relationship": "Outer", "Parallel Aware": false, "Async Capable": false, "Join Type": "Inner", "Startup Cost": 1169173.23, "Total Cost": 1169259.91, "Plan Rows": 1, "Plan Width": 4, "Inner Unique": true, "Merge Cond": "(web_sales.ws_sold_date_sk = date_dim.d_date_sk)", "Plans": [{"Node Type": "Sort", "Parent Relationship": "Outer", "Parallel Aware": false, "Async Capable": false, "Startup Cost": 1167449.51, "Total Cost": 1167449.51, "Plan Rows": 1, "Plan Width": 8, "Sort Key": ["web_sales.ws_sold_date_sk"], "Plans": [{"Node Type": "Hash Join", "Parent Relationship": "Outer", "Parallel Aware": true, "Async Capable": false, "Join Type": "Inner", "Startup Cost": 1098840.13, "Total Cost": 1167449.5, "Plan Rows": 1, "Plan Width": 8, "Inner Unique": false, "Hash Cond": "((cd1.cd_demo_sk = web_returns.wr_refunded_cdemo_sk) AND (cd1.cd_marital_status = cd2.cd_marital_status) AND (cd1.cd_education_status = cd2.cd_education_status))", "Join Filter": "(((cd1.cd_marital_status = 'M'::bpchar) AND (cd1.cd_education_status = 'Unknown'::bpchar) AND (web_sales.ws_sales_price >= 100.00) AND (web_sales.ws_sales_price <= 150.00)) OR ((cd1.cd_marital_status = 'S'::bpchar) AND (cd1.cd_education_status = 'College'::bpchar) AND (web_sales.ws_sales_price >= 50.00) AND (web_sales.ws_sales_price <= 100.00)) OR ((cd1.cd_marital_status = 'U'::bpchar) AND (cd1.cd_education_status = 'Primary'::bpchar) AND (web_sales.ws_sales_price >= 150.00) AND (web_sales.ws_sales_price <= 200.00)))", "Plans": [{"Node Type": "Index Scan", "Parent Relationship": "Outer", "Parallel Aware": true, "Async Capable": false, "Scan Direction": "Forward", "Index Name": "customer_demographics_pkey", "Relation Name": "customer_demographics", "Alias": "cd1", "Startup Cost": 0.43, "Total Cost": 68025.75, "Plan Rows": 51911, "Plan Width": 27, "Filter": "(((cd_marital_status = 'M'::bpchar) AND (cd_education_status = 'Unknown'::bpchar)) OR ((cd_marital_status = 'S'::bpchar) AND (cd_education_status = 'College'::bpchar)) OR ((cd_marital_status = 'U'::bpchar) AND (cd_education_status = 'Primary'::bpchar)))"}, {"Node Type": "Hash", "Parent Relationship": "Inner", "Parallel Aware": true, "Async Capable": false, "Startup Cost": 1098839.69, "Total Cost": 1098839.69, "Plan Rows": 1, "Plan Width": 41, "Plans": [{"Node Type": "Hash Join", "Parent Relationship": "Outer", "Parallel Aware": true, "Async Capable": false, "Join Type": "Inner", "Startup Cost": 1037785.0, "Total Cost": 1098839.69, "Plan Rows": 1, "Plan Width": 41, "Inner Unique": false, "Hash Cond": "(cd2.cd_demo_sk = web_returns.wr_returning_cdemo_sk)", "Plans": [{"Node Type": "Index Scan", "Parent Relationship": "Outer", "Parallel Aware": true, "Async Capable": false, "Scan Direction": "Forward", "Index Name": "customer_demographics_pkey", "Relation Name": "customer_demographics", "Alias": "cd2", "Startup Cost": 0.43, "Total Cost": 58731.56, "Plan Rows": 619613, "Plan Width": 27}, {"Node Type": "Hash", "Parent Relationship": "Inner", "Parallel Aware": true, "Async Capable": false, "Startup Cost": 1037784.56, "Total Cost": 1037784.56, "Plan Rows": 1, "Plan Width": 22, "Plans": [{"Node Type": "Merge Join", "Parent Relationship": "Outer", "Parallel Aware": false, "Async Capable": false, "Join Type": "Inner", "Startup Cost": 1037765.04, "Total Cost": 1037784.56, "Plan Rows": 1, "Plan Width": 22, "Inner Unique": true, "Merge Cond": "(web_sales.ws_web_page_sk = web_page.wp_web_page_sk)", "Plans": [{"Node Type": "Sort", "Parent Relationship": "Outer", "Parallel Aware": false, "Async Capable": false, "Startup Cost": 1037764.9, "Total Cost": 1037764.9, "Plan Rows": 1, "Plan Width": 26, "Sort Key": ["web_sales.ws_web_page_sk"], "Plans": [{"Node Type": "Hash Join", "Parent Relationship": "Outer", "Parallel Aware": true, "Async Capable": false, "Join Type": "Inner", "Startup Cost": 967982.1, "Total Cost": 1037764.89, "Plan Rows": 1, "Plan Width": 26, "Inner Unique": true, "Hash Cond": "((web_returns.wr_item_sk = web_sales.ws_item_sk) AND (web_returns.wr_order_number = web_sales.ws_order_number))", "Join Filter": "(((customer_address.ca_state = ANY ('{MI,KY,ID}'::bpchar[])) AND (web_sales.ws_net_profit >= '100'::numeric) AND (web_sales.ws_net_profit <= '200'::numeric)) OR ((customer_address.ca_state = ANY ('{OR,UT,GA}'::bpchar[])) AND (web_sales.ws_net_profit >= '150'::numeric) AND (web_sales.ws_net_profit <= '300'::numeric)) OR ((customer_address.ca_state = ANY ('{VA,TX,ND}'::bpchar[])) AND (web_sales.ws_net_profit >= '50'::numeric) AND (web_sales.ws_net_profit <= '250'::numeric)))", "Plans": [{"Node Type": "Hash Join", "Parent Relationship": "Outer", "Parallel Aware": true, "Async Capable": false, "Join Type": "Inner", "Startup Cost": 12291.23, "Total Cost": 81768.38, "Plan Rows": 58216, "Plan Width": 23, "Inner Unique": true, "Hash Cond": "(web_returns.wr_refunded_addr_sk = customer_address.ca_address_sk)", "Plans": [{"Node Type": "Index Scan", "Parent Relationship": "Outer", "Parallel Aware": true, "Async Capable": false, "Scan Direction": "Forward", "Index Name": "web_returns_pkey", "Relation Name": "web_returns", "Alias": "web_returns", "Startup Cost": 0.42, "Total Cost": 68868.56, "Plan Rows": 232005, "Plan Width": 24}, {"Node Type": "Hash", "Parent Relationship": "Inner", "Parallel Aware": true, "Async Capable": false, "Startup Cost": 11964.08, "Total Cost": 11964.08, "Plan Rows": 26138, "Plan Width": 7, "Plans": [{"Node Type": "Index Scan", "Parent Relationship": "Outer", "Parallel Aware": true, "Async Capable": false, "Scan Direction": "Forward", "Index Name": "customer_address_pkey", "Relation Name": "customer_address", "Alias": "customer_address", "Startup Cost": 0.42, "Total Cost": 11964.08, "Plan Rows": 26138, "Plan Width": 7, "Filter": "(((ca_country)::text = 'United States'::text) AND ((ca_state = ANY ('{MI,KY,ID}'::bpchar[])) OR (ca_state = ANY ('{OR,UT,GA}'::bpchar[])) OR (ca_state = ANY ('{VA,TX,ND}'::bpchar[]))))"}]}]}, {"Node Type": "Hash", "Parent Relationship": "Inner", "Parallel Aware": true, "Async Capable": false, "Startup Cost": 954641.29, "Total Cost": 954641.29, "Plan Rows": 69972, "Plan Width": 28, "Plans": [{"Node Type": "Index Scan", "Parent Relationship": "Outer", "Parallel Aware": true, "Async Capable": false, "Scan Direction": "Forward", "Index Name": "web_sales_pkey", "Relation Name": "web_sales", "Alias": "web_sales", "Startup Cost": 0.43, "Total Cost": 954641.29, "Plan Rows": 69972, "Plan Width": 28, "Filter": "((((ws_sales_price >= 100.00) AND (ws_sales_price <= 150.00)) OR ((ws_sales_price >= 50.00) AND (ws_sales_price <= 100.00)) OR ((ws_sales_price >= 150.00) AND (ws_sales_price <= 200.00))) AND (((ws_net_profit >= '100'::numeric) AND (ws_net_profit <= '200'::numeric)) OR ((ws_net_profit >= '150'::numeric) AND (ws_net_profit <= '300'::numeric)) OR ((ws_net_profit >= '50'::numeric) AND (ws_net_profit <= '250'::numeric))))"}]}]}]}, {"Node Type": "Index Scan", "Parent Relationship": "Inner", "Parallel Aware": false, "Async Capable": false, "Scan Direction": "Forward", "Index Name": "web_page_pkey", "Relation Name": "web_page", "Alias": "web_page", "Startup Cost": 0.14, "Total Cost": 19.14, "Plan Rows": 200, "Plan Width": 4}]}]}]}]}]}]}, {"Node Type": "Index Scan", "Parent Relationship": "Inner", "Parallel Aware": false, "Async Capable": false, "Scan Direction": "Forward", "Index Name": "date_dim_pkey", "Relation Name": "date_dim", "Alias": "date_dim", "Startup Cost": 0.29, "Total Cost": 3513.65, "Plan Rows": 365, "Plan Width": 4, "Filter": "(d_year = 1998)"}]}]}, {"Node Type": "Index Scan", "Parent Relationship": "Inner", "Parallel Aware": false, "Async Capable": false, "Scan Direction": "Forward", "Index Name": "reason_pkey", "Relation Name": "reason", "Alias": "reason", "Startup Cost": 0.14, "Total Cost": 12.81, "Plan Rows": 45, "Plan Width": 4}]}]}]}]}}, {"Plan": {"Node Type": "Aggregate", "Strategy": "Plain", "Partial Mode": "Simple", "Parallel Aware": false, "Async Capable": false, "Startup Cost": 121552.37, "Total Cost": 121552.38, "Plan Rows": 1, "Plan Width": 8, "Plans": [{"Node Type": "Nested Loop", "Parent Relationship": "Outer", "Parallel Aware": false, "Async Capable": false, "Join Type": "Inner", "Startup Cost": 13293.09, "Total Cost": 121552.37, "Plan Rows": 1, "Plan Width": 0, "Inner Unique": true, "Plans": [{"Node Type": "Nested Loop", "Parent Relationship": "Outer", "Parallel Aware": false, "Async Capable": false, "Join Type": "Inner", "Startup Cost": 13292.95, "Total Cost": 121552.21, "Plan Rows": 1, "Plan Width": 4, "Inner Unique": true, "Plans": [{"Node Type": "Nested Loop", "Parent Relationship": "Outer", "Parallel Aware": false, "Async Capable": false, "Join Type": "Inner", "Startup Cost": 13292.66, "Total Cost": 121551.88, "Plan Rows": 1, "Plan Width": 8, "Inner Unique": true, "Plans": [{"Node Type": "Gather", "Parent Relationship": "Outer", "Parallel Aware": false, "Async Capable": false, "Startup Cost": 13292.51, "Total Cost": 121551.72, "Plan Rows": 1, "Plan Width": 12, "Workers Planned": 3, "Single Copy": false, "Plans": [{"Node Type": "Nested Loop", "Parent Relationship": "Outer", "Parallel Aware": false, "Async Capable": false, "Join Type": "Inner", "Startup Cost": 12292.51, "Total Cost": 120551.62, "Plan Rows": 1, "Plan Width": 12, "Inner Unique": true, "Join Filter": "((((customer_address.ca_state = ANY ('{MI,KY,ID}'::bpchar[])) AND (web_sales.ws_net_profit >= '100'::numeric) AND (web_sales.ws_net_profit <= '200'::numeric)) OR ((customer_address.ca_state = ANY ('{OR,UT,GA}'::bpchar[])) AND (web_sales.ws_net_profit >= '150'::numeric) AND (web_sales.ws_net_profit <= '300'::numeric)) OR ((customer_address.ca_state = ANY ('{VA,TX,ND}'::bpchar[])) AND (web_sales.ws_net_profit >= '50'::numeric) AND (web_sales.ws_net_profit <= '250'::numeric))) AND (((cd1.cd_marital_status = 'M'::bpchar) AND (cd1.cd_education_status = 'Unknown'::bpchar) AND (web_sales.ws_sales_price >= 100.00) AND (web_sales.ws_sales_price <= 150.00)) OR ((cd1.cd_marital_status = 'S'::bpchar) AND (cd1.cd_education_status = 'College'::bpchar) AND (web_sales.ws_sales_price >= 50.00) AND (web_sales.ws_sales_price <= 100.00)) OR ((cd1.cd_marital_status = 'U'::bpchar) AND (cd1.cd_education_status = 'Primary'::bpchar) AND (web_sales.ws_sales_price >= 150.00) AND (web_sales.ws_sales_price <= 200.00))))", "Plans": [{"Node Type": "Nested Loop", "Parent Relationship": "Outer", "Parallel Aware": false, "Async Capable": false, "Join Type": "Inner", "Startup Cost": 12292.08, "Total Cost": 120308.93, "Plan Rows": 139, "Plan Width": 38, "Inner Unique": true, "Join Filter": "((cd1.cd_marital_status = cd2.cd_marital_status) AND (cd1.cd_education_status = cd2.cd_education_status))", "Plans": [{"Node Type": "Nested Loop", "Parent Relationship": "Outer", "Parallel Aware": false, "Async Capable": false, "Join Type": "Inner", "Startup Cost": 12291.65, "Total Cost": 117329.8, "Plan Rows": 4877, "Plan Width": 42, "Inner Unique": true, "Plans": [{"Node Type": "Hash Join", "Parent Relationship": "Outer", "Parallel Aware": true, "Async Capable": false, "Join Type": "Inner", "Startup Cost": 12291.23, "Total Cost": 81768.38, "Plan Rows": 58216, "Plan Width": 23, "Inner Unique": true, "Hash Cond": "(web_returns.wr_refunded_addr_sk = customer_address.ca_address_sk)", "Plans": [{"Node Type": "Index Scan", "Parent Relationship": "Outer", "Parallel Aware": true, "Async Capable": false, "Scan Direction": "Forward", "Index Name": "web_returns_pkey", "Relation Name": "web_returns", "Alias": "web_returns", "Startup Cost": 0.42, "Total Cost": 68868.56, "Plan Rows": 232005, "Plan Width": 24}, {"Node Type": "Hash", "Parent Relationship": "Inner", "Parallel Aware": true, "Async Capable": false, "Startup Cost": 11964.08, "Total Cost": 11964.08, "Plan Rows": 26138, "Plan Width": 7, "Plans": [{"Node Type": "Index Scan", "Parent Relationship": "Outer", "Parallel Aware": true, "Async Capable": false, "Scan Direction": "Forward", "Index Name": "customer_address_pkey", "Relation Name": "customer_address", "Alias": "customer_address", "Startup Cost": 0.42, "Total Cost": 11964.08, "Plan Rows": 26138, "Plan Width": 7, "Filter": "(((ca_country)::text = 'United States'::text) AND ((ca_state = ANY ('{MI,KY,ID}'::bpchar[])) OR (ca_state = ANY ('{OR,UT,GA}'::bpchar[])) OR (ca_state = ANY ('{VA,TX,ND}'::bpchar[]))))"}]}]}, {"Node Type": "Index Scan", "Parent Relationship": "Inner", "Parallel Aware": false, "Async Capable": false, "Scan Direction": "Forward", "Index Name": "customer_demographics_pkey", "Relation Name": "customer_demographics", "Alias": "cd1", "Startup Cost": 0.43, "Total Cost": 0.61, "Plan Rows": 1, "Plan Width": 27, "Index Cond": "(cd_demo_sk = web_returns.wr_refunded_cdemo_sk)", "Filter": "(((cd_marital_status = 'M'::bpchar) AND (cd_education_status = 'Unknown'::bpchar)) OR ((cd_marital_status = 'S'::bpchar) AND (cd_education_status = 'College'::bpchar)) OR ((cd_marital_status = 'U'::bpchar) AND (cd_education_status = 'Primary'::bpchar)))"}]}, {"Node Type": "Index Scan", "Parent Relationship": "Inner", "Parallel Aware": false, "Async Capable": false, "Scan Direction": "Forward", "Index Name": "customer_demographics_pkey", "Relation Name": "customer_demographics", "Alias": "cd2", "Startup Cost": 0.43, "Total Cost": 0.6, "Plan Rows": 1, "Plan Width": 27, "Index Cond": "(cd_demo_sk = web_returns.wr_returning_cdemo_sk)"}]}, {"Node Type": "Index Scan", "Parent Relationship": "Inner", "Parallel Aware": false, "Async Capable": false, "Scan Direction": "Forward", "Index Name": "web_sales_pkey", "Relation Name": "web_sales", "Alias": "web_sales", "Startup Cost": 0.43, "Total Cost": 1.68, "Plan Rows": 1, "Plan Width": 28, "Index Cond": "((ws_item_sk = web_returns.wr_item_sk) AND (ws_order_number = web_returns.wr_order_number))", "Filter": "((((ws_sales_price >= 100.00) AND (ws_sales_price <= 150.00)) OR ((ws_sales_price >= 50.00) AND (ws_sales_price <= 100.00)) OR ((ws_sales_price >= 150.00) AND (ws_sales_price <= 200.00))) AND (((ws_net_profit >= '100'::numeric) AND (ws_net_profit <= '200'::numeric)) OR ((ws_net_profit >= '150'::numeric) AND (ws_net_profit <= '300'::numeric)) OR ((ws_net_profit >= '50'::numeric) AND (ws_net_profit <= '250'::numeric))))"}]}]}, {"Node Type": "Index Scan", "Parent Relationship": "Inner", "Parallel Aware": false, "Async Capable": false, "Scan Direction": "Forward", "Index Name": "web_page_pkey", "Relation Name": "web_page", "Alias": "web_page", "Startup Cost": 0.14, "Total Cost": 0.16, "Plan Rows": 1, "Plan Width": 4, "Index Cond": "(wp_web_page_sk = web_sales.ws_web_page_sk)"}]}, {"Node Type": "Index Scan", "Parent Relationship": "Inner", "Parallel Aware": false, "Async Capable": false, "Scan Direction": "Forward", "Index Name": "date_dim_pkey", "Relation Name": "date_dim", "Alias": "date_dim", "Startup Cost": 0.29, "Total Cost": 0.33, "Plan Rows": 1, "Plan Width": 4, "Index Cond": "(d_date_sk = web_sales.ws_sold_date_sk)", "Filter": "(d_year = 1998)"}]}, {"Node Type": "Index Scan", "Parent Relationship": "Inner", "Parallel Aware": false, "Async Capable": false, "Scan Direction": "Forward", "Index Name": "reason_pkey", "Relation Name": "reason", "Alias": "reason", "Startup Cost": 0.14, "Total Cost": 0.16, "Plan Rows": 1, "Plan Width": 4, "Index Cond": "(r_reason_sk = web_returns.wr_reason_sk)"}]}]}}, {"Plan": {"Node Type": "Aggregate", "Strategy": "Plain", "Partial Mode": "Simple", "Parallel Aware": false, "Async Capable": false, "Startup Cost": 64321.75, "Total Cost": 64321.76, "Plan Rows": 1, "Plan Width": 8, "Plans": [{"Node Type": "Nested Loop", "Parent Relationship": "Outer", "Parallel Aware": false, "Async Capable": false, "Join Type": "Inner", "Startup Cost": 9290.55, "Total Cost": 64321.75, "Plan Rows": 1, "Plan Width": 0, "Inner Unique": true, "Plans": [{"Node Type": "Nested Loop", "Parent Relationship": "Outer", "Parallel Aware": false, "Async Capable": false, "Join Type": "Inner", "Startup Cost": 9290.41, "Total Cost": 64321.59, "Plan Rows": 1, "Plan Width": 4, "Inner Unique": true, "Plans": [{"Node Type": "Nested Loop", "Parent Relationship": "Outer", "Parallel Aware": false, "Async Capable": false, "Join Type": "Inner", "Startup Cost": 9290.12, "Total Cost": 64321.26, "Plan Rows": 1, "Plan Width": 8, "Inner Unique": true, "Plans": [{"Node Type": "Gather", "Parent Relationship": "Outer", "Parallel Aware": false, "Async Capable": false, "Startup Cost": 9289.97, "Total Cost": 64321.1, "Plan Rows": 1, "Plan Width": 12, "Workers Planned": 3, "Single Copy": false, "Plans": [{"Node Type": "Nested Loop", "Parent Relationship": "Outer", "Parallel Aware": false, "Async Capable": false, "Join Type": "Inner", "Startup Cost": 8289.97, "Total Cost": 63321.0, "Plan Rows": 1, "Plan Width": 12, "Inner Unique": true, "Join Filter": "((((customer_address.ca_state = ANY ('{MI,KY,ID}'::bpchar[])) AND (web_sales.ws_net_profit >= '100'::numeric) AND (web_sales.ws_net_profit <= '200'::numeric)) OR ((customer_address.ca_state = ANY ('{OR,UT,GA}'::bpchar[])) AND (web_sales.ws_net_profit >= '150'::numeric) AND (web_sales.ws_net_profit <= '300'::numeric)) OR ((customer_address.ca_state = ANY ('{VA,TX,ND}'::bpchar[])) AND (web_sales.ws_net_profit >= '50'::numeric) AND (web_sales.ws_net_profit <= '250'::numeric))) AND (((cd1.cd_marital_status = 'M'::bpchar) AND (cd1.cd_education_status = 'Unknown'::bpchar) AND (web_sales.ws_sales_price >= 100.00) AND (web_sales.ws_sales_price <= 150.00)) OR ((cd1.cd_marital_status = 'S'::bpchar) AND (cd1.cd_education_status = 'College'::bpchar) AND (web_sales.ws_sales_price >= 50.00) AND (web_sales.ws_sales_price <= 100.00)) OR ((cd1.cd_marital_status = 'U'::bpchar) AND (cd1.cd_education_status = 'Primary'::bpchar) AND (web_sales.ws_sales_price >= 150.00) AND (web_sales.ws_sales_price <= 200.00))))", "Plans": [{"Node Type": "Nested Loop", "Parent Relationship": "Outer", "Parallel Aware": false, "Async Capable": false, "Join Type": "Inner", "Startup Cost": 8289.54, "Total Cost": 63078.31, "Plan Rows": 139, "Plan Width": 38, "Inner Unique": true, "Join Filter": "((cd1.cd_marital_status = cd2.cd_marital_status) AND (cd1.cd_education_status = cd2.cd_education_status))", "Plans": [{"Node Type": "Nested Loop", "Parent Relationship": "Outer", "Parallel Aware": false, "Async Capable": false, "Join Type": "Inner", "Startup Cost": 8289.11, "Total Cost": 60099.18, "Plan Rows": 4877, "Plan Width": 42, "Inner Unique": true, "Plans": [{"Node Type": "Hash Join", "Parent Relationship": "Outer", "Parallel Aware": true, "Async Capable": false, "Join Type": "Inner", "Startup Cost": 8288.68, "Total Cost": 24537.76, "Plan Rows": 58216, "Plan Width": 23, "Inner Unique": true, "Hash Cond": "(web_returns.wr_refunded_addr_sk = customer_address.ca_address_sk)", "Plans": [{"Node Type": "Seq Scan", "Parent Relationship": "Outer", "Parallel Aware": true, "Async Capable": false, "Relation Name": "web_returns", "Alias": "web_returns", "Startup Cost": 0.0, "Total Cost": 15640.05, "Plan Rows": 232005, "Plan Width": 24}, {"Node Type": "Hash", "Parent Relationship": "Inner", "Parallel Aware": true, "Async Capable": false, "Startup Cost": 7961.96, "Total Cost": 7961.96, "Plan Rows": 26138, "Plan Width": 7, "Plans": [{"Node Type": "Seq Scan", "Parent Relationship": "Outer", "Parallel Aware": true, "Async Capable": false, "Relation Name": "customer_address", "Alias": "customer_address", "Startup Cost": 0.0, "Total Cost": 7961.96, "Plan Rows": 26138, "Plan Width": 7, "Filter": "(((ca_country)::text = 'United States'::text) AND ((ca_state = ANY ('{MI,KY,ID}'::bpchar[])) OR (ca_state = ANY ('{OR,UT,GA}'::bpchar[])) OR (ca_state = ANY ('{VA,TX,ND}'::bpchar[]))))"}]}]}, {"Node Type": "Index Scan", "Parent Relationship": "Inner", "Parallel Aware": false, "Async Capable": false, "Scan Direction": "Forward", "Index Name": "customer_demographics_pkey", "Relation Name": "customer_demographics", "Alias": "cd1", "Startup Cost": 0.43, "Total Cost": 0.61, "Plan Rows": 1, "Plan Width": 27, "Index Cond": "(cd_demo_sk = web_returns.wr_refunded_cdemo_sk)", "Filter": "(((cd_marital_status = 'M'::bpchar) AND (cd_education_status = 'Unknown'::bpchar)) OR ((cd_marital_status = 'S'::bpchar) AND (cd_education_status = 'College'::bpchar)) OR ((cd_marital_status = 'U'::bpchar) AND (cd_education_status = 'Primary'::bpchar)))"}]}, {"Node Type": "Index Scan", "Parent Relationship": "Inner", "Parallel Aware": false, "Async Capable": false, "Scan Direction": "Forward", "Index Name": "customer_demographics_pkey", "Relation Name": "customer_demographics", "Alias": "cd2", "Startup Cost": 0.43, "Total Cost": 0.6, "Plan Rows": 1, "Plan Width": 27, "Index Cond": "(cd_demo_sk = web_returns.wr_returning_cdemo_sk)"}]}, {"Node Type": "Index Scan", "Parent Relationship": "Inner", "Parallel Aware": false, "Async Capable": false, "Scan Direction": "Forward", "Index Name": "web_sales_pkey", "Relation Name": "web_sales", "Alias": "web_sales", "Startup Cost": 0.43, "Total Cost": 1.68, "Plan Rows": 1, "Plan Width": 28, "Index Cond": "((ws_item_sk = web_returns.wr_item_sk) AND (ws_order_number = web_returns.wr_order_number))", "Filter": "((((ws_sales_price >= 100.00) AND (ws_sales_price <= 150.00)) OR ((ws_sales_price >= 50.00) AND (ws_sales_price <= 100.00)) OR ((ws_sales_price >= 150.00) AND (ws_sales_price <= 200.00))) AND (((ws_net_profit >= '100'::numeric) AND (ws_net_profit <= '200'::numeric)) OR ((ws_net_profit >= '150'::numeric) AND (ws_net_profit <= '300'::numeric)) OR ((ws_net_profit >= '50'::numeric) AND (ws_net_profit <= '250'::numeric))))"}]}]}, {"Node Type": "Index Scan", "Parent Relationship": "Inner", "Parallel Aware": false, "Async Capable": false, "Scan Direction": "Forward", "Index Name": "web_page_pkey", "Relation Name": "web_page", "Alias": "web_page", "Startup Cost": 0.14, "Total Cost": 0.16, "Plan Rows": 1, "Plan Width": 4, "Index Cond": "(wp_web_page_sk = web_sales.ws_web_page_sk)"}]}, {"Node Type": "Index Scan", "Parent Relationship": "Inner", "Parallel Aware": false, "Async Capable": false, "Scan Direction": "Forward", "Index Name": "date_dim_pkey", "Relation Name": "date_dim", "Alias": "date_dim", "Startup Cost": 0.29, "Total Cost": 0.33, "Plan Rows": 1, "Plan Width": 4, "Index Cond": "(d_date_sk = web_sales.ws_sold_date_sk)", "Filter": "(d_year = 1998)"}]}, {"Node Type": "Index Scan", "Parent Relationship": "Inner", "Parallel Aware": false, "Async Capable": false, "Scan Direction": "Forward", "Index Name": "reason_pkey", "Relation Name": "reason", "Alias": "reason", "Startup Cost": 0.14, "Total Cost": 0.16, "Plan Rows": 1, "Plan Width": 4, "Index Cond": "(r_reason_sk = web_returns.wr_reason_sk)"}]}]}}, {"Plan": {"Node Type": "Aggregate", "Strategy": "Plain", "Partial Mode": "Simple", "Parallel Aware": false, "Async Capable": false, "Startup Cost": 1215636.87, "Total Cost": 1215636.88, "Plan Rows": 1, "Plan Width": 8, "Plans": [{"Node Type": "Merge Join", "Parent Relationship": "Outer", "Parallel Aware": false, "Async Capable": false, "Join Type": "Inner", "Startup Cost": 1128300.74, "Total Cost": 1215636.87, "Plan Rows": 1, "Plan Width": 0, "Inner Unique": false, "Merge Cond": "(cd1.cd_demo_sk = web_returns.wr_refunded_cdemo_sk)", "Join Filter": "((cd1.cd_marital_status = cd2.cd_marital_status) AND (cd1.cd_education_status = cd2.cd_education_status) AND (((cd1.cd_marital_status = 'M'::bpchar) AND (cd1.cd_education_status = 'Unknown'::bpchar) AND (web_sales.ws_sales_price >= 100.00) AND (web_sales.ws_sales_price <= 150.00)) OR ((cd1.cd_marital_status = 'S'::bpchar) AND (cd1.cd_education_status = 'College'::bpchar) AND (web_sales.ws_sales_price >= 50.00) AND (web_sales.ws_sales_price <= 100.00)) OR ((cd1.cd_marital_status = 'U'::bpchar) AND (cd1.cd_education_status = 'Primary'::bpchar) AND (web_sales.ws_sales_price >= 150.00) AND (web_sales.ws_sales_price <= 200.00))))", "Plans": [{"Node Type": "Gather Merge", "Parent Relationship": "Outer", "Parallel Aware": false, "Async Capable": false, "Startup Cost": 1000.47, "Total Cost": 87934.24, "Plan Rows": 160923, "Plan Width": 27, "Workers Planned": 3, "Plans": [{"Node Type": "Index Scan", "Parent Relationship": "Outer", "Parallel Aware": true, "Async Capable": false, "Scan Direction": "Forward", "Index Name": "customer_demographics_pkey", "Relation Name": "customer_demographics", "Alias": "cd1", "Startup Cost": 0.43, "Total Cost": 68025.75, "Plan Rows": 51911, "Plan Width": 27, "Filter": "(((cd_marital_status = 'M'::bpchar) AND (cd_education_status = 'Unknown'::bpchar)) OR ((cd_marital_status = 'S'::bpchar) AND (cd_education_status = 'College'::bpchar)) OR ((cd_marital_status = 'U'::bpchar) AND (cd_education_status = 'Primary'::bpchar)))"}]}, {"Node Type": "Sort", "Parent Relationship": "Inner", "Parallel Aware": false, "Async Capable": false, "Startup Cost": 1127300.27, "Total Cost": 1127300.27, "Plan Rows": 1, "Plan Width": 33, "Sort Key": ["web_returns.wr_refunded_cdemo_sk"], "Plans": [{"Node Type": "Merge Join", "Parent Relationship": "Outer", "Parallel Aware": false, "Async Capable": false, "Join Type": "Inner", "Startup Cost": 1050755.24, "Total Cost": 1127300.26, "Plan Rows": 1, "Plan Width": 33, "Inner Unique": true, "Merge Cond": "(web_returns.wr_returning_cdemo_sk = cd2.cd_demo_sk)", "Plans": [{"Node Type": "Sort", "Parent Relationship": "Outer", "Parallel Aware": false, "Async Capable": false, "Startup Cost": 1050754.81, "Total Cost": 1050754.82, "Plan Rows": 1, "Plan Width": 14, "Sort Key": ["web_returns.wr_returning_cdemo_sk"], "Plans": [{"Node Type": "Merge Join", "Parent Relationship": "Outer", "Parallel Aware": false, "Async Capable": false, "Join Type": "Inner", "Startup Cost": 1035170.73, "Total Cost": 1050754.8, "Plan Rows": 1, "Plan Width": 14, "Inner Unique": true, "Merge Cond": "(web_returns.wr_refunded_addr_sk = customer_address.ca_address_sk)", "Join Filter": "(((customer_address.ca_state = ANY ('{MI,KY,ID}'::bpchar[])) AND (web_sales.ws_net_profit >= '100'::numeric) AND (web_sales.ws_net_profit <= '200'::numeric)) OR ((customer_address.ca_state = ANY ('{OR,UT,GA}'::bpchar[])) AND (web_sales.ws_net_profit >= '150'::numeric) AND (web_sales.ws_net_profit <= '300'::numeric)) OR ((customer_address.ca_state = ANY ('{VA,TX,ND}'::bpchar[])) AND (web_sales.ws_net_profit >= '50'::numeric) AND (web_sales.ws_net_profit <= '250'::numeric)))", "Plans": [{"Node Type": "Sort", "Parent Relationship": "Outer", "Parallel Aware": false, "Async Capable": false, "Startup Cost": 1035170.31, "Total Cost": 1035170.32, "Plan Rows": 1, "Plan Width": 24, "Sort Key": ["web_returns.wr_refunded_addr_sk"], "Plans": [{"Node Type": "Merge Join", "Parent Relationship": "Outer", "Parallel Aware": false, "Async Capable": false, "Join Type": "Inner", "Startup Cost": 1035150.79, "Total Cost": 1035170.3, "Plan Rows": 1, "Plan Width": 24, "Inner Unique": true, "Merge Cond": "(web_sales.ws_web_page_sk = web_page.wp_web_page_sk)", "Plans": [{"Node Type": "Sort", "Parent Relationship": "Outer", "Parallel Aware": false, "Async Capable": false, "Startup Cost": 1035150.64, "Total Cost": 1035150.65, "Plan Rows": 1, "Plan Width": 28, "Sort Key": ["web_sales.ws_web_page_sk"], "Plans": [{"Node Type": "Gather", "Parent Relationship": "Outer", "Parallel Aware": false, "Async Capable": false, "Startup Cost": 1035137.73, "Total Cost": 1035150.63, "Plan Rows": 1, "Plan Width": 28, "Workers Planned": 5, "Single Copy": false, "Plans": [{"Node Type": "Merge Join", "Parent Relationship": "Outer", "Parallel Aware": false, "Async Capable": false, "Join Type": "Inner", "Startup Cost": 1034137.73, "Total Cost": 1034150.53, "Plan Rows": 1, "Plan Width": 28, "Inner Unique": true, "Merge Cond": "(web_returns.wr_reason_sk = reason.r_reason_sk)", "Plans": [{"Node Type": "Sort", "Parent Relationship": "Outer", "Parallel Aware": false, "Async Capable": false, "Startup Cost": 1034137.59, "Total Cost": 1034137.59, "Plan Rows": 1, "Plan Width": 32, "Sort Key": ["web_returns.wr_reason_sk"], "Plans": [{"Node Type": "Merge Join", "Parent Relationship": "Outer", "Parallel Aware": false, "Async Capable": false, "Join Type": "Inner", "Startup Cost": 1034050.91, "Total Cost": 1034137.58, "Plan Rows": 1, "Plan Width": 32, "Inner Unique": true, "Merge Cond": "(web_sales.ws_sold_date_sk = date_dim.d_date_sk)", "Plans": [{"Node Type": "Sort", "Parent Relationship": "Outer", "Parallel Aware": false, "Async Capable": false, "Startup Cost": 1032327.18, "Total Cost": 1032327.18, "Plan Rows": 1, "Plan Width": 36, "Sort Key": ["web_sales.ws_sold_date_sk"], "Plans": [{"Node Type": "Merge Join", "Parent Relationship": "Outer", "Parallel Aware": false, "Async Capable": false, "Join Type": "Inner", "Startup Cost": 0.86, "Total Cost": 1032327.17, "Plan Rows": 1, "Plan Width": 36, "Inner Unique": true, "Merge Cond": "((web_sales.ws_item_sk = web_returns.wr_item_sk) AND (web_sales.ws_order_number = web_returns.wr_order_number))", "Plans": [{"Node Type": "Index Scan", "Parent Relationship": "Outer", "Parallel Aware": true, "Async Capable": false, "Scan Direction": "Forward", "Index Name": "web_sales_pkey", "Relation Name": "web_sales", "Alias": "web_sales", "Startup Cost": 0.43, "Total Cost": 954641.29, "Plan Rows": 69972, "Plan Width": 28, "Filter": "((((ws_sales_price >= 100.00) AND (ws_sales_price <= 150.00)) OR ((ws_sales_price >= 50.00) AND (ws_sales_price <= 100.00)) OR ((ws_sales_price >= 150.00) AND (ws_sales_price <= 200.00))) AND (((ws_net_profit >= '100'::numeric) AND (ws_net_profit <= '200'::numeric)) OR ((ws_net_profit >= '150'::numeric) AND (ws_net_profit <= '300'::numeric)) OR ((ws_net_profit >= '50'::numeric) AND (ws_net_profit <= '250'::numeric))))"}, {"Node Type": "Index Scan", "Parent Relationship": "Inner", "Parallel Aware": false, "Async Capable": false, "Scan Direction": "Forward", "Index Name": "web_returns_pkey", "Relation Name": "web_returns", "Alias": "web_returns", "Startup Cost": 0.42, "Total Cost": 73740.67, "Plan Rows": 719217, "Plan Width": 24}]}]}, {"Node Type": "Index Scan", "Parent Relationship": "Inner", "Parallel Aware": false, "Async Capable": false, "Scan Direction": "Forward", "Index Name": "date_dim_pkey", "Relation Name": "date_dim", "Alias": "date_dim", "Startup Cost": 0.29, "Total Cost": 3513.65, "Plan Rows": 365, "Plan Width": 4, "Filter": "(d_year = 1998)"}]}]}, {"Node Type": "Index Only Scan", "Parent Relationship": "Inner", "Parallel Aware": false, "Async Capable": false, "Scan Direction": "Forward", "Index Name": "reason_pkey", "Relation Name": "reason", "Alias": "reason", "Startup Cost": 0.14, "Total Cost": 12.81, "Plan Rows": 45, "Plan Width": 4}]}]}]}, {"Node Type": "Index Only Scan", "Parent Relationship": "Inner", "Parallel Aware": false, "Async Capable": false, "Scan Direction": "Forward", "Index Name": "web_page_pkey", "Relation Name": "web_page", "Alias": "web_page", "Startup Cost": 0.14, "Total Cost": 19.14, "Plan Rows": 200, "Plan Width": 4}]}]}, {"Node Type": "Index Scan", "Parent Relationship": "Inner", "Parallel Aware": false, "Async Capable": false, "Scan Direction": "Forward", "Index Name": "customer_address_pkey", "Relation Name": "customer_address", "Alias": "customer_address", "Startup Cost": 0.42, "Total Cost": 15427.62, "Plan Rows": 62731, "Plan Width": 7, "Filter": "(((ca_country)::text = 'United States'::text) AND ((ca_state = ANY ('{MI,KY,ID}'::bpchar[])) OR (ca_state = ANY ('{OR,UT,GA}'::bpchar[])) OR (ca_state = ANY ('{VA,TX,ND}'::bpchar[]))))"}]}]}, {"Node Type": "Index Scan", "Parent Relationship": "Inner", "Parallel Aware": false, "Async Capable": false, "Scan Direction": "Forward", "Index Name": "customer_demographics_pkey", "Relation Name": "customer_demographics", "Alias": "cd2", "Startup Cost": 0.43, "Total Cost": 71743.43, "Plan Rows": 1920800, "Plan Width": 27}]}]}]}]}}, {"Plan": {"Node Type": "Aggregate", "Strategy": "Plain", "Partial Mode": "Simple", "Parallel Aware": false, "Async Capable": false, "Startup Cost": 146577.05, "Total Cost": 146577.06, "Plan Rows": 1, "Plan Width": 8, "Plans": [{"Node Type": "Nested Loop", "Parent Relationship": "Outer", "Parallel Aware": false, "Async Capable": false, "Join Type": "Inner", "Startup Cost": 90546.91, "Total Cost": 146577.05, "Plan Rows": 1, "Plan Width": 0, "Inner Unique": true, "Plans": [{"Node Type": "Nested Loop", "Parent Relationship": "Outer", "Parallel Aware": false, "Async Capable": false, "Join Type": "Inner", "Startup Cost": 90546.77, "Total Cost": 146576.89, "Plan Rows": 1, "Plan Width": 4, "Inner Unique": true, "Plans": [{"Node Type": "Nested Loop", "Parent Relationship": "Outer", "Parallel Aware": false, "Async Capable": false, "Join Type": "Inner", "Startup Cost": 90546.48, "Total Cost": 146576.56, "Plan Rows": 1, "Plan Width": 8, "Inner Unique": true, "Plans": [{"Node Type": "Gather", "Parent Relationship": "Outer", "Parallel Aware": false, "Async Capable": false, "Startup Cost": 90546.33, "Total Cost": 146576.4, "Plan Rows": 1, "Plan Width": 12, "Workers Planned": 3, "Single Copy": false, "Plans": [{"Node Type": "Nested Loop", "Parent Relationship": "Outer", "Parallel Aware": false, "Async Capable": false, "Join Type": "Inner", "Startup Cost": 89546.33, "Total Cost": 145576.3, "Plan Rows": 1, "Plan Width": 12, "Inner Unique": true, "Join Filter": "((((customer_address.ca_state = ANY ('{MI,KY,ID}'::bpchar[])) AND (web_sales.ws_net_profit >= '100'::numeric) AND (web_sales.ws_net_profit <= '200'::numeric)) OR ((customer_address.ca_state = ANY ('{OR,UT,GA}'::bpchar[])) AND (web_sales.ws_net_profit >= '150'::numeric) AND (web_sales.ws_net_profit <= '300'::numeric)) OR ((customer_address.ca_state = ANY ('{VA,TX,ND}'::bpchar[])) AND (web_sales.ws_net_profit >= '50'::numeric) AND (web_sales.ws_net_profit <= '250'::numeric))) AND (((cd1.cd_marital_status = 'M'::bpchar) AND (cd1.cd_education_status = 'Unknown'::bpchar) AND (web_sales.ws_sales_price >= 100.00) AND (web_sales.ws_sales_price <= 150.00)) OR ((cd1.cd_marital_status = 'S'::bpchar) AND (cd1.cd_education_status = 'College'::bpchar) AND (web_sales.ws_sales_price >= 50.00) AND (web_sales.ws_sales_price <= 100.00)) OR ((cd1.cd_marital_status = 'U'::bpchar) AND (cd1.cd_education_status = 'Primary'::bpchar) AND (web_sales.ws_sales_price >= 150.00) AND (web_sales.ws_sales_price <= 200.00))))", "Plans": [{"Node Type": "Nested Loop", "Parent Relationship": "Outer", "Parallel Aware": false, "Async Capable": false, "Join Type": "Inner", "Startup Cost": 89545.9, "Total Cost": 145333.61, "Plan Rows": 139, "Plan Width": 38, "Inner Unique": true, "Join Filter": "((cd1.cd_marital_status = cd2.cd_marital_status) AND (cd1.cd_education_status = cd2.cd_education_status))", "Plans": [{"Node Type": "Nested Loop", "Parent Relationship": "Outer", "Parallel Aware": false, "Async Capable": false, "Join Type": "Inner", "Startup Cost": 89545.47, "Total Cost": 142354.48, "Plan Rows": 4877, "Plan Width": 42, "Inner Unique": true, "Plans": [{"Node Type": "Merge Join", "Parent Relationship": "Outer", "Parallel Aware": false, "Async Capable": false, "Join Type": "Inner", "Startup Cost": 89545.05, "Total Cost": 106793.06, "Plan Rows": 58216, "Plan Width": 23, "Inner Unique": true, "Merge Cond": "(web_returns.wr_refunded_addr_sk = customer_address.ca_address_sk)", "Plans": [{"Node Type": "Sort", "Parent Relationship": "Outer", "Parallel Aware": false, "Async Capable": false, "Startup Cost": 89544.61, "Total Cost": 90124.62, "Plan Rows": 232005, "Plan Width": 24, "Sort Key": ["web_returns.wr_refunded_addr_sk"], "Plans": [{"Node Type": "Index Scan", "Parent Relationship": "Outer", "Parallel Aware": true, "Async Capable": false, "Scan Direction": "Forward", "Index Name": "web_returns_pkey", "Relation Name": "web_returns", "Alias": "web_returns", "Startup Cost": 0.42, "Total Cost": 68868.56, "Plan Rows": 232005, "Plan Width": 24}]}, {"Node Type": "Index Scan", "Parent Relationship": "Inner", "Parallel Aware": false, "Async Capable": false, "Scan Direction": "Forward", "Index Name": "customer_address_pkey", "Relation Name": "customer_address", "Alias": "customer_address", "Startup Cost": 0.42, "Total Cost": 15427.62, "Plan Rows": 62731, "Plan Width": 7, "Filter": "(((ca_country)::text = 'United States'::text) AND ((ca_state = ANY ('{MI,KY,ID}'::bpchar[])) OR (ca_state = ANY ('{OR,UT,GA}'::bpchar[])) OR (ca_state = ANY ('{VA,TX,ND}'::bpchar[]))))"}]}, {"Node Type": "Index Scan", "Parent Relationship": "Inner", "Parallel Aware": false, "Async Capable": false, "Scan Direction": "Forward", "Index Name": "customer_demographics_pkey", "Relation Name": "customer_demographics", "Alias": "cd1", "Startup Cost": 0.43, "Total Cost": 0.61, "Plan Rows": 1, "Plan Width": 27, "Index Cond": "(cd_demo_sk = web_returns.wr_refunded_cdemo_sk)", "Filter": "(((cd_marital_status = 'M'::bpchar) AND (cd_education_status = 'Unknown'::bpchar)) OR ((cd_marital_status = 'S'::bpchar) AND (cd_education_status = 'College'::bpchar)) OR ((cd_marital_status = 'U'::bpchar) AND (cd_education_status = 'Primary'::bpchar)))"}]}, {"Node Type": "Index Scan", "Parent Relationship": "Inner", "Parallel Aware": false, "Async Capable": false, "Scan Direction": "Forward", "Index Name": "customer_demographics_pkey", "Relation Name": "customer_demographics", "Alias": "cd2", "Startup Cost": 0.43, "Total Cost": 0.6, "Plan Rows": 1, "Plan Width": 27, "Index Cond": "(cd_demo_sk = web_returns.wr_returning_cdemo_sk)"}]}, {"Node Type": "Index Scan", "Parent Relationship": "Inner", "Parallel Aware": false, "Async Capable": false, "Scan Direction": "Forward", "Index Name": "web_sales_pkey", "Relation Name": "web_sales", "Alias": "web_sales", "Startup Cost": 0.43, "Total Cost": 1.68, "Plan Rows": 1, "Plan Width": 28, "Index Cond": "((ws_item_sk = web_returns.wr_item_sk) AND (ws_order_number = web_returns.wr_order_number))", "Filter": "((((ws_sales_price >= 100.00) AND (ws_sales_price <= 150.00)) OR ((ws_sales_price >= 50.00) AND (ws_sales_price <= 100.00)) OR ((ws_sales_price >= 150.00) AND (ws_sales_price <= 200.00))) AND (((ws_net_profit >= '100'::numeric) AND (ws_net_profit <= '200'::numeric)) OR ((ws_net_profit >= '150'::numeric) AND (ws_net_profit <= '300'::numeric)) OR ((ws_net_profit >= '50'::numeric) AND (ws_net_profit <= '250'::numeric))))"}]}]}, {"Node Type": "Index Only Scan", "Parent Relationship": "Inner", "Parallel Aware": false, "Async Capable": false, "Scan Direction": "Forward", "Index Name": "web_page_pkey", "Relation Name": "web_page", "Alias": "web_page", "Startup Cost": 0.14, "Total Cost": 0.16, "Plan Rows": 1, "Plan Width": 4, "Index Cond": "(wp_web_page_sk = web_sales.ws_web_page_sk)"}]}, {"Node Type": "Index Scan", "Parent Relationship": "Inner", "Parallel Aware": false, "Async Capable": false, "Scan Direction": "Forward", "Index Name": "date_dim_pkey", "Relation Name": "date_dim", "Alias": "date_dim", "Startup Cost": 0.29, "Total Cost": 0.33, "Plan Rows": 1, "Plan Width": 4, "Index Cond": "(d_date_sk = web_sales.ws_sold_date_sk)", "Filter": "(d_year = 1998)"}]}, {"Node Type": "Index Only Scan", "Parent Relationship": "Inner", "Parallel Aware": false, "Async Capable": false, "Scan Direction": "Forward", "Index Name": "reason_pkey", "Relation Name": "reason", "Alias": "reason", "Startup Cost": 0.14, "Total Cost": 0.16, "Plan Rows": 1, "Plan Width": 4, "Index Cond": "(r_reason_sk = web_returns.wr_reason_sk)"}]}]}}, {"Plan": {"Node Type": "Aggregate", "Strategy": "Plain", "Partial Mode": "Simple", "Parallel Aware": false, "Async Capable": false, "Startup Cost": 94501.95, "Total Cost": 94501.96, "Plan Rows": 1, "Plan Width": 8, "Plans": [{"Node Type": "Nested Loop", "Parent Relationship": "Outer", "Parallel Aware": false, "Async Capable": false, "Join Type": "Inner", "Startup Cost": 53742.17, "Total Cost": 94501.94, "Plan Rows": 1, "Plan Width": 0, "Inner Unique": true, "Plans": [{"Node Type": "Nested Loop", "Parent Relationship": "Outer", "Parallel Aware": false, "Async Capable": false, "Join Type": "Inner", "Startup Cost": 53742.03, "Total Cost": 94501.79, "Plan Rows": 1, "Plan Width": 4, "Inner Unique": true, "Plans": [{"Node Type": "Nested Loop", "Parent Relationship": "Outer", "Parallel Aware": false, "Async Capable": false, "Join Type": "Inner", "Startup Cost": 53741.74, "Total Cost": 94501.45, "Plan Rows": 1, "Plan Width": 8, "Inner Unique": true, "Plans": [{"Node Type": "Gather", "Parent Relationship": "Outer", "Parallel Aware": false, "Async Capable": false, "Startup Cost": 53741.6, "Total Cost": 94501.29, "Plan Rows": 1, "Plan Width": 12, "Workers Planned": 3, "Single Copy": false, "Plans": [{"Node Type": "Nested Loop", "Parent Relationship": "Outer", "Parallel Aware": false, "Async Capable": false, "Join Type": "Inner", "Startup Cost": 52741.6, "Total Cost": 93501.19, "Plan Rows": 1, "Plan Width": 12, "Inner Unique": true, "Join Filter": "((((customer_address.ca_state = ANY ('{MI,KY,ID}'::bpchar[])) AND (web_sales.ws_net_profit >= '100'::numeric) AND (web_sales.ws_net_profit <= '200'::numeric)) OR ((customer_address.ca_state = ANY ('{OR,UT,GA}'::bpchar[])) AND (web_sales.ws_net_profit >= '150'::numeric) AND (web_sales.ws_net_profit <= '300'::numeric)) OR ((customer_address.ca_state = ANY ('{VA,TX,ND}'::bpchar[])) AND (web_sales.ws_net_profit >= '50'::numeric) AND (web_sales.ws_net_profit <= '250'::numeric))) AND (((cd1.cd_marital_status = 'M'::bpchar) AND (cd1.cd_education_status = 'Unknown'::bpchar) AND (web_sales.ws_sales_price >= 100.00) AND (web_sales.ws_sales_price <= 150.00)) OR ((cd1.cd_marital_status = 'S'::bpchar) AND (cd1.cd_education_status = 'College'::bpchar) AND (web_sales.ws_sales_price >= 50.00) AND (web_sales.ws_sales_price <= 100.00)) OR ((cd1.cd_marital_status = 'U'::bpchar) AND (cd1.cd_education_status = 'Primary'::bpchar) AND (web_sales.ws_sales_price >= 150.00) AND (web_sales.ws_sales_price <= 200.00))))", "Plans": [{"Node Type": "Nested Loop", "Parent Relationship": "Outer", "Parallel Aware": false, "Async Capable": false, "Join Type": "Inner", "Startup Cost": 52741.16, "Total Cost": 93258.5, "Plan Rows": 139, "Plan Width": 38, "Inner Unique": true, "Join Filter": "((cd1.cd_marital_status = cd2.cd_marital_status) AND (cd1.cd_education_status = cd2.cd_education_status))", "Plans": [{"Node Type": "Nested Loop", "Parent Relationship": "Outer", "Parallel Aware": false, "Async Capable": false, "Join Type": "Inner", "Startup Cost": 52740.74, "Total Cost": 90279.37, "Plan Rows": 4877, "Plan Width": 42, "Inner Unique": true, "Plans": [{"Node Type": "Merge Join", "Parent Relationship": "Outer", "Parallel Aware": false, "Async Capable": false, "Join Type": "Inner", "Startup Cost": 52740.31, "Total Cost": 54717.95, "Plan Rows": 58216, "Plan Width": 23, "Inner Unique": true, "Merge Cond": "(web_returns.wr_refunded_addr_sk = customer_address.ca_address_sk)", "Plans": [{"Node Type": "Sort", "Parent Relationship": "Outer", "Parallel Aware": false, "Async Capable": false, "Startup Cost": 36316.1, "Total Cost": 36896.12, "Plan Rows": 232005, "Plan Width": 24, "Sort Key": ["web_returns.wr_refunded_addr_sk"], "Plans": [{"Node Type": "Seq Scan", "Parent Relationship": "Outer", "Parallel Aware": true, "Async Capable": false, "Relation Name": "web_returns", "Alias": "web_returns", "Startup Cost": 0.0, "Total Cost": 15640.05, "Plan Rows": 232005, "Plan Width": 24}]}, {"Node Type": "Sort", "Parent Relationship": "Inner", "Parallel Aware": false, "Async Capable": false, "Startup Cost": 16424.19, "Total Cost": 16581.01, "Plan Rows": 62731, "Plan Width": 7, "Sort Key": ["customer_address.ca_address_sk"], "Plans": [{"Node Type": "Seq Scan", "Parent Relationship": "Outer", "Parallel Aware": false, "Async Capable": false, "Relation Name": "customer_address", "Alias": "customer_address", "Startup Cost": 0.0, "Total Cost": 11425.5, "Plan Rows": 62731, "Plan Width": 7, "Filter": "(((ca_country)::text = 'United States'::text) AND ((ca_state = ANY ('{MI,KY,ID}'::bpchar[])) OR (ca_state = ANY ('{OR,UT,GA}'::bpchar[])) OR (ca_state = ANY ('{VA,TX,ND}'::bpchar[]))))"}]}]}, {"Node Type": "Index Scan", "Parent Relationship": "Inner", "Parallel Aware": false, "Async Capable": false, "Scan Direction": "Forward", "Index Name": "customer_demographics_pkey", "Relation Name": "customer_demographics", "Alias": "cd1", "Startup Cost": 0.43, "Total Cost": 0.61, "Plan Rows": 1, "Plan Width": 27, "Index Cond": "(cd_demo_sk = web_returns.wr_refunded_cdemo_sk)", "Filter": "(((cd_marital_status = 'M'::bpchar) AND (cd_education_status = 'Unknown'::bpchar)) OR ((cd_marital_status = 'S'::bpchar) AND (cd_education_status = 'College'::bpchar)) OR ((cd_marital_status = 'U'::bpchar) AND (cd_education_status = 'Primary'::bpchar)))"}]}, {"Node Type": "Index Scan", "Parent Relationship": "Inner", "Parallel Aware": false, "Async Capable": false, "Scan Direction": "Forward", "Index Name": "customer_demographics_pkey", "Relation Name": "customer_demographics", "Alias": "cd2", "Startup Cost": 0.43, "Total Cost": 0.6, "Plan Rows": 1, "Plan Width": 27, "Index Cond": "(cd_demo_sk = web_returns.wr_returning_cdemo_sk)"}]}, {"Node Type": "Index Scan", "Parent Relationship": "Inner", "Parallel Aware": false, "Async Capable": false, "Scan Direction": "Forward", "Index Name": "web_sales_pkey", "Relation Name": "web_sales", "Alias": "web_sales", "Startup Cost": 0.43, "Total Cost": 1.68, "Plan Rows": 1, "Plan Width": 28, "Index Cond": "((ws_item_sk = web_returns.wr_item_sk) AND (ws_order_number = web_returns.wr_order_number))", "Filter": "((((ws_sales_price >= 100.00) AND (ws_sales_price <= 150.00)) OR ((ws_sales_price >= 50.00) AND (ws_sales_price <= 100.00)) OR ((ws_sales_price >= 150.00) AND (ws_sales_price <= 200.00))) AND (((ws_net_profit >= '100'::numeric) AND (ws_net_profit <= '200'::numeric)) OR ((ws_net_profit >= '150'::numeric) AND (ws_net_profit <= '300'::numeric)) OR ((ws_net_profit >= '50'::numeric) AND (ws_net_profit <= '250'::numeric))))"}]}]}, {"Node Type": "Index Only Scan", "Parent Relationship": "Inner", "Parallel Aware": false, "Async Capable": false, "Scan Direction": "Forward", "Index Name": "web_page_pkey", "Relation Name": "web_page", "Alias": "web_page", "Startup Cost": 0.14, "Total Cost": 0.16, "Plan Rows": 1, "Plan Width": 4, "Index Cond": "(wp_web_page_sk = web_sales.ws_web_page_sk)"}]}, {"Node Type": "Index Scan", "Parent Relationship": "Inner", "Parallel Aware": false, "Async Capable": false, "Scan Direction": "Forward", "Index Name": "date_dim_pkey", "Relation Name": "date_dim", "Alias": "date_dim", "Startup Cost": 0.29, "Total Cost": 0.33, "Plan Rows": 1, "Plan Width": 4, "Index Cond": "(d_date_sk = web_sales.ws_sold_date_sk)", "Filter": "(d_year = 1998)"}]}, {"Node Type": "Index Only Scan", "Parent Relationship": "Inner", "Parallel Aware": false, "Async Capable": false, "Scan Direction": "Forward", "Index Name": "reason_pkey", "Relation Name": "reason", "Alias": "reason", "Startup Cost": 0.14, "Total Cost": 0.16, "Plan Rows": 1, "Plan Width": 4, "Index Cond": "(r_reason_sk = web_returns.wr_reason_sk)"}]}]}}, {"Plan": {"Node Type": "Aggregate", "Strategy": "Plain", "Partial Mode": "Simple", "Parallel Aware": false, "Async Capable": false, "Startup Cost": 475757.55, "Total Cost": 475757.56, "Plan Rows": 1, "Plan Width": 8, "Plans": [{"Node Type": "Merge Join", "Parent Relationship": "Outer", "Parallel Aware": false, "Async Capable": false, "Join Type": "Inner", "Startup Cost": 399212.53, "Total Cost": 475757.55, "Plan Rows": 1, "Plan Width": 0, "Inner Unique": false, "Merge Cond": "(cd2.cd_demo_sk = web_returns.wr_returning_cdemo_sk)", "Join Filter": "((cd1.cd_marital_status = cd2.cd_marital_status) AND (cd1.cd_education_status = cd2.cd_education_status))", "Plans": [{"Node Type": "Index Scan", "Parent Relationship": "Outer", "Parallel Aware": false, "Async Capable": false, "Scan Direction": "Forward", "Index Name": "customer_demographics_pkey", "Relation Name": "customer_demographics", "Alias": "cd2", "Startup Cost": 0.43, "Total Cost": 71743.43, "Plan Rows": 1920800, "Plan Width": 27}, {"Node Type": "Sort", "Parent Relationship": "Inner", "Parallel Aware": false, "Async Capable": false, "Startup Cost": 399212.1, "Total Cost": 399212.11, "Plan Rows": 1, "Plan Width": 27, "Sort Key": ["web_returns.wr_returning_cdemo_sk"], "Plans": [{"Node Type": "Merge Join", "Parent Relationship": "Outer", "Parallel Aware": false, "Async Capable": false, "Join Type": "Inner", "Startup Cost": 399211.07, "Total Cost": 399212.09, "Plan Rows": 1, "Plan Width": 27, "Inner Unique": true, "Merge Cond": "(web_sales.ws_web_page_sk = web_page.wp_web_page_sk)", "Plans": [{"Node Type": "Sort", "Parent Relationship": "Outer", "Parallel Aware": false, "Async Capable": false, "Startup Cost": 399196.43, "Total Cost": 399196.43, "Plan Rows": 1, "Plan Width": 31, "Sort Key": ["web_sales.ws_web_page_sk"], "Plans": [{"Node Type": "Merge Join", "Parent Relationship": "Outer", "Parallel Aware": false, "Async Capable": false, "Join Type": "Inner", "Startup Cost": 399196.18, "Total Cost": 399196.42, "Plan Rows": 1, "Plan Width": 31, "Inner Unique": true, "Merge Cond": "(web_returns.wr_reason_sk = reason.r_reason_sk)", "Plans": [{"Node Type": "Sort", "Parent Relationship": "Outer", "Parallel Aware": false, "Async Capable": false, "Startup Cost": 399193.49, "Total Cost": 399193.5, "Plan Rows": 1, "Plan Width": 35, "Sort Key": ["web_returns.wr_reason_sk"], "Plans": [{"Node Type": "Merge Join", "Parent Relationship": "Outer", "Parallel Aware": false, "Async Capable": false, "Join Type": "Inner", "Startup Cost": 399066.91, "Total Cost": 399193.48, "Plan Rows": 1, "Plan Width": 35, "Inner Unique": false, "Merge Cond": "((web_sales.ws_item_sk = web_returns.wr_item_sk) AND (web_sales.ws_order_number = web_returns.wr_order_number))", "Join Filter": "((((customer_address.ca_state = ANY ('{MI,KY,ID}'::bpchar[])) AND (web_sales.ws_net_profit >= '100'::numeric) AND (web_sales.ws_net_profit <= '200'::numeric)) OR ((customer_address.ca_state = ANY ('{OR,UT,GA}'::bpchar[])) AND (web_sales.ws_net_profit >= '150'::numeric) AND (web_sales.ws_net_profit <= '300'::numeric)) OR ((customer_address.ca_state = ANY ('{VA,TX,ND}'::bpchar[])) AND (web_sales.ws_net_profit >= '50'::numeric) AND (web_sales.ws_net_profit <= '250'::numeric))) AND (((cd1.cd_marital_status = 'M'::bpchar) AND (cd1.cd_education_status = 'Unknown'::bpchar) AND (web_sales.ws_sales_price >= 100.00) AND (web_sales.ws_sales_price <= 150.00)) OR ((cd1.cd_marital_status = 'S'::bpchar) AND (cd1.cd_education_status = 'College'::bpchar) AND (web_sales.ws_sales_price >= 50.00) AND (web_sales.ws_sales_price <= 100.00)) OR ((cd1.cd_marital_status = 'U'::bpchar) AND (cd1.cd_education_status = 'Primary'::bpchar) AND (web_sales.ws_sales_price >= 150.00) AND (web_sales.ws_sales_price <= 200.00))))", "Plans": [{"Node Type": "Sort", "Parent Relationship": "Outer", "Parallel Aware": false, "Async Capable": false, "Startup Cost": 255036.28, "Total Cost": 255040.65, "Plan Rows": 1748, "Plan Width": 24, "Sort Key": ["web_sales.ws_item_sk", "web_sales.ws_order_number"], "Plans": [{"Node Type": "Gather", "Parent Relationship": "Outer", "Parallel Aware": false, "Async Capable": false, "Startup Cost": 254413.94, "Total Cost": 254942.14, "Plan Rows": 1748, "Plan Width": 24, "Workers Planned": 5, "Single Copy": false, "Plans": [{"Node Type": "Merge Join", "Parent Relationship": "Outer", "Parallel Aware": false, "Async Capable": false, "Join Type": "Inner", "Startup Cost": 253413.94, "Total Cost": 253767.34, "Plan Rows": 350, "Plan Width": 24, "Inner Unique": true, "Merge Cond": "(web_sales.ws_sold_date_sk = date_dim.d_date_sk)", "Plans": [{"Node Type": "Sort", "Parent Relationship": "Outer", "Parallel Aware": false, "Async Capable": false, "Startup Cost": 251060.39, "Total Cost": 251235.32, "Plan Rows": 69972, "Plan Width": 28, "Sort Key": ["web_sales.ws_sold_date_sk"], "Plans": [{"Node Type": "Seq Scan", "Parent Relationship": "Outer", "Parallel Aware": true, "Async Capable": false, "Relation Name": "web_sales", "Alias": "web_sales", "Startup Cost": 0.0, "Total Cost": 245429.58, "Plan Rows": 69972, "Plan Width": 28, "Filter": "((((ws_sales_price >= 100.00) AND (ws_sales_price <= 150.00)) OR ((ws_sales_price >= 50.00) AND (ws_sales_price <= 100.00)) OR ((ws_sales_price >= 150.00) AND (ws_sales_price <= 200.00))) AND (((ws_net_profit >= '100'::numeric) AND (ws_net_profit <= '200'::numeric)) OR ((ws_net_profit >= '150'::numeric) AND (ws_net_profit <= '300'::numeric)) OR ((ws_net_profit >= '50'::numeric) AND (ws_net_profit <= '250'::numeric))))"}]}, {"Node Type": "Sort", "Parent Relationship": "Inner", "Parallel Aware": false, "Async Capable": false, "Startup Cost": 2352.65, "Total Cost": 2353.56, "Plan Rows": 365, "Plan Width": 4, "Sort Key": ["date_dim.d_date_sk"], "Plans": [{"Node Type": "Seq Scan", "Parent Relationship": "Outer", "Parallel Aware": false, "Async Capable": false, "Relation Name": "date_dim", "Alias": "date_dim", "Startup Cost": 0.0, "Total Cost": 2337.11, "Plan Rows": 365, "Plan Width": 4, "Filter": "(d_year = 1998)"}]}]}]}]}, {"Node Type": "Sort", "Parent Relationship": "Inner", "Parallel Aware": false, "Async Capable": false, "Startup Cost": 144030.63, "Total Cost": 144068.43, "Plan Rows": 15119, "Plan Width": 42, "Sort Key": ["web_returns.wr_item_sk", "web_returns.wr_order_number"], "Plans": [{"Node Type": "Gather", "Parent Relationship": "Outer", "Parallel Aware": false, "Async Capable": false, "Startup Cost": 141016.1, "Total Cost": 142981.06, "Plan Rows": 15119, "Plan Width": 42, "Workers Planned": 3, "Single Copy": false, "Plans": [{"Node Type": "Merge Join", "Parent Relationship": "Outer", "Parallel Aware": false, "Async Capable": false, "Join Type": "Inner", "Startup Cost": 140016.1, "Total Cost": 140469.16, "Plan Rows": 4877, "Plan Width": 42, "Inner Unique": true, "Merge Cond": "(web_returns.wr_refunded_addr_sk = customer_address.ca_address_sk)", "Plans": [{"Node Type": "Sort", "Parent Relationship": "Outer", "Parallel Aware": false, "Async Capable": false, "Startup Cost": 123591.92, "Total Cost": 123640.51, "Plan Rows": 19437, "Plan Width": 43, "Sort Key": ["web_returns.wr_refunded_addr_sk"], "Plans": [{"Node Type": "Merge Join", "Parent Relationship": "Outer", "Parallel Aware": false, "Async Capable": false, "Join Type": "Inner", "Startup Cost": 120108.76, "Total Cost": 122207.37, "Plan Rows": 19437, "Plan Width": 43, "Inner Unique": true, "Merge Cond": "(web_returns.wr_refunded_cdemo_sk = cd1.cd_demo_sk)", "Plans": [{"Node Type": "Sort", "Parent Relationship": "Outer", "Parallel Aware": false, "Async Capable": false, "Startup Cost": 36316.1, "Total Cost": 36896.12, "Plan Rows": 232005, "Plan Width": 24, "Sort Key": ["web_returns.wr_refunded_cdemo_sk"], "Plans": [{"Node Type": "Seq Scan", "Parent Relationship": "Outer", "Parallel Aware": true, "Async Capable": false, "Relation Name": "web_returns", "Alias": "web_returns", "Startup Cost": 0.0, "Total Cost": 15640.05, "Plan Rows": 232005, "Plan Width": 24}]}, {"Node Type": "Sort", "Parent Relationship": "Inner", "Parallel Aware": false, "Async Capable": false, "Startup Cost": 83792.63, "Total Cost": 84194.94, "Plan Rows": 160923, "Plan Width": 27, "Sort Key": ["cd1.cd_demo_sk"], "Plans": [{"Node Type": "Seq Scan", "Parent Relationship": "Outer", "Parallel Aware": false, "Async Capable": false, "Relation Name": "customer_demographics", "Alias": "cd1", "Startup Cost": 0.0, "Total Cost": 69876.0, "Plan Rows": 160923, "Plan Width": 27, "Filter": "(((cd_marital_status = 'M'::bpchar) AND (cd_education_status = 'Unknown'::bpchar)) OR ((cd_marital_status = 'S'::bpchar) AND (cd_education_status = 'College'::bpchar)) OR ((cd_marital_status = 'U'::bpchar) AND (cd_education_status = 'Primary'::bpchar)))"}]}]}]}, {"Node Type": "Sort", "Parent Relationship": "Inner", "Parallel Aware": false, "Async Capable": false, "Startup Cost": 16424.19, "Total Cost": 16581.01, "Plan Rows": 62731, "Plan Width": 7, "Sort Key": ["customer_address.ca_address_sk"], "Plans": [{"Node Type": "Seq Scan", "Parent Relationship": "Outer", "Parallel Aware": false, "Async Capable": false, "Relation Name": "customer_address", "Alias": "customer_address", "Startup Cost": 0.0, "Total Cost": 11425.5, "Plan Rows": 62731, "Plan Width": 7, "Filter": "(((ca_country)::text = 'United States'::text) AND ((ca_state = ANY ('{MI,KY,ID}'::bpchar[])) OR (ca_state = ANY ('{OR,UT,GA}'::bpchar[])) OR (ca_state = ANY ('{VA,TX,ND}'::bpchar[]))))"}]}]}]}]}]}]}, {"Node Type": "Sort", "Parent Relationship": "Inner", "Parallel Aware": false, "Async Capable": false, "Startup Cost": 2.69, "Total Cost": 2.8, "Plan Rows": 45, "Plan Width": 4, "Sort Key": ["reason.r_reason_sk"], "Plans": [{"Node Type": "Seq Scan", "Parent Relationship": "Outer", "Parallel Aware": false, "Async Capable": false, "Relation Name": "reason", "Alias": "reason", "Startup Cost": 0.0, "Total Cost": 1.45, "Plan Rows": 45, "Plan Width": 4}]}]}]}, {"Node Type": "Sort", "Parent Relationship": "Inner", "Parallel Aware": false, "Async Capable": false, "Startup Cost": 14.64, "Total Cost": 15.14, "Plan Rows": 200, "Plan Width": 4, "Sort Key": ["web_page.wp_web_page_sk"], "Plans": [{"Node Type": "Seq Scan", "Parent Relationship": "Outer", "Parallel Aware": false, "Async Capable": false, "Relation Name": "web_page", "Alias": "web_page", "Startup Cost": 0.0, "Total Cost": 7.0, "Plan Rows": 200, "Plan Width": 4}]}]}]}]}]}}, {"Plan": {"Node Type": "Aggregate", "Strategy": "Plain", "Partial Mode": "Simple", "Parallel Aware": false, "Async Capable": false, "Startup Cost": 210180.51, "Total Cost": 210180.52, "Plan Rows": 1, "Plan Width": 8, "Plans": [{"Node Type": "Nested Loop", "Parent Relationship": "Outer", "Parallel Aware": false, "Async Capable": false, "Join Type": "Inner", "Startup Cost": 1002.72, "Total Cost": 210180.51, "Plan Rows": 1, "Plan Width": 0, "Inner Unique": true, "Plans": [{"Node Type": "Nested Loop", "Parent Relationship": "Outer", "Parallel Aware": false, "Async Capable": false, "Join Type": "Inner", "Startup Cost": 1002.58, "Total Cost": 210180.35, "Plan Rows": 1, "Plan Width": 4, "Inner Unique": true, "Plans": [{"Node Type": "Nested Loop", "Parent Relationship": "Outer", "Parallel Aware": false, "Async Capable": false, "Join Type": "Inner", "Startup Cost": 1002.29, "Total Cost": 210180.02, "Plan Rows": 1, "Plan Width": 8, "Inner Unique": true, "Plans": [{"Node Type": "Gather", "Parent Relationship": "Outer", "Parallel Aware": false, "Async Capable": false, "Startup Cost": 1002.14, "Total Cost": 210179.86, "Plan Rows": 1, "Plan Width": 12, "Workers Planned": 3, "Single Copy": false, "Plans": [{"Node Type": "Nested Loop", "Parent Relationship": "Outer", "Parallel Aware": false, "Async Capable": false, "Join Type": "Inner", "Startup Cost": 2.14, "Total Cost": 209179.76, "Plan Rows": 1, "Plan Width": 12, "Inner Unique": true, "Join Filter": "((((customer_address.ca_state = ANY ('{MI,KY,ID}'::bpchar[])) AND (web_sales.ws_net_profit >= '100'::numeric) AND (web_sales.ws_net_profit <= '200'::numeric)) OR ((customer_address.ca_state = ANY ('{OR,UT,GA}'::bpchar[])) AND (web_sales.ws_net_profit >= '150'::numeric) AND (web_sales.ws_net_profit <= '300'::numeric)) OR ((customer_address.ca_state = ANY ('{VA,TX,ND}'::bpchar[])) AND (web_sales.ws_net_profit >= '50'::numeric) AND (web_sales.ws_net_profit <= '250'::numeric))) AND (((cd1.cd_marital_status = 'M'::bpchar) AND (cd1.cd_education_status = 'Unknown'::bpchar) AND (web_sales.ws_sales_price >= 100.00) AND (web_sales.ws_sales_price <= 150.00)) OR ((cd1.cd_marital_status = 'S'::bpchar) AND (cd1.cd_education_status = 'College'::bpchar) AND (web_sales.ws_sales_price >= 50.00) AND (web_sales.ws_sales_price <= 100.00)) OR ((cd1.cd_marital_status = 'U'::bpchar) AND (cd1.cd_education_status = 'Primary'::bpchar) AND (web_sales.ws_sales_price >= 150.00) AND (web_sales.ws_sales_price <= 200.00))))", "Plans": [{"Node Type": "Nested Loop", "Parent Relationship": "Outer", "Parallel Aware": false, "Async Capable": false, "Join Type": "Inner", "Startup Cost": 1.71, "Total Cost": 208937.07, "Plan Rows": 139, "Plan Width": 38, "Inner Unique": true, "Join Filter": "((cd1.cd_marital_status = cd2.cd_marital_status) AND (cd1.cd_education_status = cd2.cd_education_status))", "Plans": [{"Node Type": "Nested Loop", "Parent Relationship": "Outer", "Parallel Aware": false, "Async Capable": false, "Join Type": "Inner", "Startup Cost": 1.28, "Total Cost": 205957.94, "Plan Rows": 4877, "Plan Width": 42, "Inner Unique": true, "Plans": [{"Node Type": "Nested Loop", "Parent Relationship": "Outer", "Parallel Aware": false, "Async Capable": false, "Join Type": "Inner", "Startup Cost": 0.85, "Total Cost": 170396.52, "Plan Rows": 58216, "Plan Width": 23, "Inner Unique": true, "Plans": [{"Node Type": "Index Scan", "Parent Relationship": "Outer", "Parallel Aware": true, "Async Capable": false, "Scan Direction": "Forward", "Index Name": "web_returns_pkey", "Relation Name": "web_returns", "Alias": "web_returns", "Startup Cost": 0.42, "Total Cost": 68868.56, "Plan Rows": 232005, "Plan Width": 24}, {"Node Type": "Memoize", "Parent Relationship": "Inner", "Parallel Aware": false, "Async Capable": false, "Startup Cost": 0.43, "Total Cost": 0.5, "Plan Rows": 1, "Plan Width": 7, "Cache Key": "web_returns.wr_refunded_addr_sk", "Cache Mode": "logical", "Plans": [{"Node Type": "Index Scan", "Parent Relationship": "Outer", "Parallel Aware": false, "Async Capable": false, "Scan Direction": "Forward", "Index Name": "customer_address_pkey", "Relation Name": "customer_address", "Alias": "customer_address", "Startup Cost": 0.42, "Total Cost": 0.49, "Plan Rows": 1, "Plan Width": 7, "Index Cond": "(ca_address_sk = web_returns.wr_refunded_addr_sk)", "Filter": "(((ca_country)::text = 'United States'::text) AND ((ca_state = ANY ('{MI,KY,ID}'::bpchar[])) OR (ca_state = ANY ('{OR,UT,GA}'::bpchar[])) OR (ca_state = ANY ('{VA,TX,ND}'::bpchar[]))))"}]}]}, {"Node Type": "Index Scan", "Parent Relationship": "Inner", "Parallel Aware": false, "Async Capable": false, "Scan Direction": "Forward", "Index Name": "customer_demographics_pkey", "Relation Name": "customer_demographics", "Alias": "cd1", "Startup Cost": 0.43, "Total Cost": 0.61, "Plan Rows": 1, "Plan Width": 27, "Index Cond": "(cd_demo_sk = web_returns.wr_refunded_cdemo_sk)", "Filter": "(((cd_marital_status = 'M'::bpchar) AND (cd_education_status = 'Unknown'::bpchar)) OR ((cd_marital_status = 'S'::bpchar) AND (cd_education_status = 'College'::bpchar)) OR ((cd_marital_status = 'U'::bpchar) AND (cd_education_status = 'Primary'::bpchar)))"}]}, {"Node Type": "Index Scan", "Parent Relationship": "Inner", "Parallel Aware": false, "Async Capable": false, "Scan Direction": "Forward", "Index Name": "customer_demographics_pkey", "Relation Name": "customer_demographics", "Alias": "cd2", "Startup Cost": 0.43, "Total Cost": 0.6, "Plan Rows": 1, "Plan Width": 27, "Index Cond": "(cd_demo_sk = web_returns.wr_returning_cdemo_sk)"}]}, {"Node Type": "Index Scan", "Parent Relationship": "Inner", "Parallel Aware": false, "Async Capable": false, "Scan Direction": "Forward", "Index Name": "web_sales_pkey", "Relation Name": "web_sales", "Alias": "web_sales", "Startup Cost": 0.43, "Total Cost": 1.68, "Plan Rows": 1, "Plan Width": 28, "Index Cond": "((ws_item_sk = web_returns.wr_item_sk) AND (ws_order_number = web_returns.wr_order_number))", "Filter": "((((ws_sales_price >= 100.00) AND (ws_sales_price <= 150.00)) OR ((ws_sales_price >= 50.00) AND (ws_sales_price <= 100.00)) OR ((ws_sales_price >= 150.00) AND (ws_sales_price <= 200.00))) AND (((ws_net_profit >= '100'::numeric) AND (ws_net_profit <= '200'::numeric)) OR ((ws_net_profit >= '150'::numeric) AND (ws_net_profit <= '300'::numeric)) OR ((ws_net_profit >= '50'::numeric) AND (ws_net_profit <= '250'::numeric))))"}]}]}, {"Node Type": "Index Only Scan", "Parent Relationship": "Inner", "Parallel Aware": false, "Async Capable": false, "Scan Direction": "Forward", "Index Name": "web_page_pkey", "Relation Name": "web_page", "Alias": "web_page", "Startup Cost": 0.14, "Total Cost": 0.16, "Plan Rows": 1, "Plan Width": 4, "Index Cond": "(wp_web_page_sk = web_sales.ws_web_page_sk)"}]}, {"Node Type": "Index Scan", "Parent Relationship": "Inner", "Parallel Aware": false, "Async Capable": false, "Scan Direction": "Forward", "Index Name": "date_dim_pkey", "Relation Name": "date_dim", "Alias": "date_dim", "Startup Cost": 0.29, "Total Cost": 0.33, "Plan Rows": 1, "Plan Width": 4, "Index Cond": "(d_date_sk = web_sales.ws_sold_date_sk)", "Filter": "(d_year = 1998)"}]}, {"Node Type": "Index Only Scan", "Parent Relationship": "Inner", "Parallel Aware": false, "Async Capable": false, "Scan Direction": "Forward", "Index Name": "reason_pkey", "Relation Name": "reason", "Alias": "reason", "Startup Cost": 0.14, "Total Cost": 0.16, "Plan Rows": 1, "Plan Width": 4, "Index Cond": "(r_reason_sk = web_returns.wr_reason_sk)"}]}]}}, {"Plan": {"Node Type": "Aggregate", "Strategy": "Plain", "Partial Mode": "Simple", "Parallel Aware": false, "Async Capable": false, "Startup Cost": 156952.01, "Total Cost": 156952.02, "Plan Rows": 1, "Plan Width": 8, "Plans": [{"Node Type": "Nested Loop", "Parent Relationship": "Outer", "Parallel Aware": false, "Async Capable": false, "Join Type": "Inner", "Startup Cost": 1002.29, "Total Cost": 156952.01, "Plan Rows": 1, "Plan Width": 0, "Inner Unique": true, "Plans": [{"Node Type": "Nested Loop", "Parent Relationship": "Outer", "Parallel Aware": false, "Async Capable": false, "Join Type": "Inner", "Startup Cost": 1002.15, "Total Cost": 156951.85, "Plan Rows": 1, "Plan Width": 4, "Inner Unique": true, "Plans": [{"Node Type": "Nested Loop", "Parent Relationship": "Outer", "Parallel Aware": false, "Async Capable": false, "Join Type": "Inner", "Startup Cost": 1001.86, "Total Cost": 156951.52, "Plan Rows": 1, "Plan Width": 8, "Inner Unique": true, "Plans": [{"Node Type": "Gather", "Parent Relationship": "Outer", "Parallel Aware": false, "Async Capable": false, "Startup Cost": 1001.72, "Total Cost": 156951.36, "Plan Rows": 1, "Plan Width": 12, "Workers Planned": 3, "Single Copy": false, "Plans": [{"Node Type": "Nested Loop", "Parent Relationship": "Outer", "Parallel Aware": false, "Async Capable": false, "Join Type": "Inner", "Startup Cost": 1.72, "Total Cost": 155951.26, "Plan Rows": 1, "Plan Width": 12, "Inner Unique": true, "Join Filter": "((((customer_address.ca_state = ANY ('{MI,KY,ID}'::bpchar[])) AND (web_sales.ws_net_profit >= '100'::numeric) AND (web_sales.ws_net_profit <= '200'::numeric)) OR ((customer_address.ca_state = ANY ('{OR,UT,GA}'::bpchar[])) AND (web_sales.ws_net_profit >= '150'::numeric) AND (web_sales.ws_net_profit <= '300'::numeric)) OR ((customer_address.ca_state = ANY ('{VA,TX,ND}'::bpchar[])) AND (web_sales.ws_net_profit >= '50'::numeric) AND (web_sales.ws_net_profit <= '250'::numeric))) AND (((cd1.cd_marital_status = 'M'::bpchar) AND (cd1.cd_education_status = 'Unknown'::bpchar) AND (web_sales.ws_sales_price >= 100.00) AND (web_sales.ws_sales_price <= 150.00)) OR ((cd1.cd_marital_status = 'S'::bpchar) AND (cd1.cd_education_status = 'College'::bpchar) AND (web_sales.ws_sales_price >= 50.00) AND (web_sales.ws_sales_price <= 100.00)) OR ((cd1.cd_marital_status = 'U'::bpchar) AND (cd1.cd_education_status = 'Primary'::bpchar) AND (web_sales.ws_sales_price >= 150.00) AND (web_sales.ws_sales_price <= 200.00))))", "Plans": [{"Node Type": "Nested Loop", "Parent Relationship": "Outer", "Parallel Aware": false, "Async Capable": false, "Join Type": "Inner", "Startup Cost": 1.28, "Total Cost": 155708.56, "Plan Rows": 139, "Plan Width": 38, "Inner Unique": true, "Join Filter": "((cd1.cd_marital_status = cd2.cd_marital_status) AND (cd1.cd_education_status = cd2.cd_education_status))", "Plans": [{"Node Type": "Nested Loop", "Parent Relationship": "Outer", "Parallel Aware": false, "Async Capable": false, "Join Type": "Inner", "Startup Cost": 0.86, "Total Cost": 152729.43, "Plan Rows": 4877, "Plan Width": 42, "Inner Unique": true, "Plans": [{"Node Type": "Nested Loop", "Parent Relationship": "Outer", "Parallel Aware": false, "Async Capable": false, "Join Type": "Inner", "Startup Cost": 0.43, "Total Cost": 117168.02, "Plan Rows": 58216, "Plan Width": 23, "Inner Unique": true, "Plans": [{"Node Type": "Seq Scan", "Parent Relationship": "Outer", "Parallel Aware": true, "Async Capable": false, "Relation Name": "web_returns", "Alias": "web_returns", "Startup Cost": 0.0, "Total Cost": 15640.05, "Plan Rows": 232005, "Plan Width": 24}, {"Node Type": "Memoize", "Parent Relationship": "Inner", "Parallel Aware": false, "Async Capable": false, "Startup Cost": 0.43, "Total Cost": 0.5, "Plan Rows": 1, "Plan Width": 7, "Cache Key": "web_returns.wr_refunded_addr_sk", "Cache Mode": "logical", "Plans": [{"Node Type": "Index Scan", "Parent Relationship": "Outer", "Parallel Aware": false, "Async Capable": false, "Scan Direction": "Forward", "Index Name": "customer_address_pkey", "Relation Name": "customer_address", "Alias": "customer_address", "Startup Cost": 0.42, "Total Cost": 0.49, "Plan Rows": 1, "Plan Width": 7, "Index Cond": "(ca_address_sk = web_returns.wr_refunded_addr_sk)", "Filter": "(((ca_country)::text = 'United States'::text) AND ((ca_state = ANY ('{MI,KY,ID}'::bpchar[])) OR (ca_state = ANY ('{OR,UT,GA}'::bpchar[])) OR (ca_state = ANY ('{VA,TX,ND}'::bpchar[]))))"}]}]}, {"Node Type": "Index Scan", "Parent Relationship": "Inner", "Parallel Aware": false, "Async Capable": false, "Scan Direction": "Forward", "Index Name": "customer_demographics_pkey", "Relation Name": "customer_demographics", "Alias": "cd1", "Startup Cost": 0.43, "Total Cost": 0.61, "Plan Rows": 1, "Plan Width": 27, "Index Cond": "(cd_demo_sk = web_returns.wr_refunded_cdemo_sk)", "Filter": "(((cd_marital_status = 'M'::bpchar) AND (cd_education_status = 'Unknown'::bpchar)) OR ((cd_marital_status = 'S'::bpchar) AND (cd_education_status = 'College'::bpchar)) OR ((cd_marital_status = 'U'::bpchar) AND (cd_education_status = 'Primary'::bpchar)))"}]}, {"Node Type": "Index Scan", "Parent Relationship": "Inner", "Parallel Aware": false, "Async Capable": false, "Scan Direction": "Forward", "Index Name": "customer_demographics_pkey", "Relation Name": "customer_demographics", "Alias": "cd2", "Startup Cost": 0.43, "Total Cost": 0.6, "Plan Rows": 1, "Plan Width": 27, "Index Cond": "(cd_demo_sk = web_returns.wr_returning_cdemo_sk)"}]}, {"Node Type": "Index Scan", "Parent Relationship": "Inner", "Parallel Aware": false, "Async Capable": false, "Scan Direction": "Forward", "Index Name": "web_sales_pkey", "Relation Name": "web_sales", "Alias": "web_sales", "Startup Cost": 0.43, "Total Cost": 1.68, "Plan Rows": 1, "Plan Width": 28, "Index Cond": "((ws_item_sk = web_returns.wr_item_sk) AND (ws_order_number = web_returns.wr_order_number))", "Filter": "((((ws_sales_price >= 100.00) AND (ws_sales_price <= 150.00)) OR ((ws_sales_price >= 50.00) AND (ws_sales_price <= 100.00)) OR ((ws_sales_price >= 150.00) AND (ws_sales_price <= 200.00))) AND (((ws_net_profit >= '100'::numeric) AND (ws_net_profit <= '200'::numeric)) OR ((ws_net_profit >= '150'::numeric) AND (ws_net_profit <= '300'::numeric)) OR ((ws_net_profit >= '50'::numeric) AND (ws_net_profit <= '250'::numeric))))"}]}]}, {"Node Type": "Index Only Scan", "Parent Relationship": "Inner", "Parallel Aware": false, "Async Capable": false, "Scan Direction": "Forward", "Index Name": "web_page_pkey", "Relation Name": "web_page", "Alias": "web_page", "Startup Cost": 0.14, "Total Cost": 0.16, "Plan Rows": 1, "Plan Width": 4, "Index Cond": "(wp_web_page_sk = web_sales.ws_web_page_sk)"}]}, {"Node Type": "Index Scan", "Parent Relationship": "Inner", "Parallel Aware": false, "Async Capable": false, "Scan Direction": "Forward", "Index Name": "date_dim_pkey", "Relation Name": "date_dim", "Alias": "date_dim", "Startup Cost": 0.29, "Total Cost": 0.33, "Plan Rows": 1, "Plan Width": 4, "Index Cond": "(d_date_sk = web_sales.ws_sold_date_sk)", "Filter": "(d_year = 1998)"}]}, {"Node Type": "Index Only Scan", "Parent Relationship": "Inner", "Parallel Aware": false, "Async Capable": false, "Scan Direction": "Forward", "Index Name": "reason_pkey", "Relation Name": "reason", "Alias": "reason", "Startup Cost": 0.14, "Total Cost": 0.16, "Plan Rows": 1, "Plan Width": 4, "Index Cond": "(r_reason_sk = web_returns.wr_reason_sk)"}]}]}}, {"Plan": {"Node Type": "Aggregate", "Strategy": "Plain", "Partial Mode": "Simple", "Parallel Aware": false, "Async Capable": false, "Startup Cost": 164041.75, "Total Cost": 164041.76, "Plan Rows": 1, "Plan Width": 8, "Plans": [{"Node Type": "Nested Loop", "Parent Relationship": "Outer", "Parallel Aware": false, "Async Capable": false, "Join Type": "Inner", "Startup Cost": 141017.62, "Total Cost": 164041.74, "Plan Rows": 1, "Plan Width": 0, "Inner Unique": true, "Join Filter": "(reason.r_reason_sk = web_returns.wr_reason_sk)", "Plans": [{"Node Type": "Nested Loop", "Parent Relationship": "Outer", "Parallel Aware": false, "Async Capable": false, "Join Type": "Inner", "Startup Cost": 141017.62, "Total Cost": 164039.73, "Plan Rows": 1, "Plan Width": 4, "Inner Unique": true, "Plans": [{"Node Type": "Nested Loop", "Parent Relationship": "Outer", "Parallel Aware": false, "Async Capable": false, "Join Type": "Inner", "Startup Cost": 141017.32, "Total Cost": 164035.39, "Plan Rows": 1, "Plan Width": 8, "Inner Unique": true, "Plans": [{"Node Type": "Gather", "Parent Relationship": "Outer", "Parallel Aware": false, "Async Capable": false, "Startup Cost": 141017.16, "Total Cost": 164031.19, "Plan Rows": 1, "Plan Width": 12, "Workers Planned": 3, "Single Copy": false, "Plans": [{"Node Type": "Nested Loop", "Parent Relationship": "Outer", "Parallel Aware": false, "Async Capable": false, "Join Type": "Inner", "Startup Cost": 140017.16, "Total Cost": 163031.09, "Plan Rows": 1, "Plan Width": 12, "Inner Unique": true, "Join Filter": "((((customer_address.ca_state = ANY ('{MI,KY,ID}'::bpchar[])) AND (web_sales.ws_net_profit >= '100'::numeric) AND (web_sales.ws_net_profit <= '200'::numeric)) OR ((customer_address.ca_state = ANY ('{OR,UT,GA}'::bpchar[])) AND (web_sales.ws_net_profit >= '150'::numeric) AND (web_sales.ws_net_profit <= '300'::numeric)) OR ((customer_address.ca_state = ANY ('{VA,TX,ND}'::bpchar[])) AND (web_sales.ws_net_profit >= '50'::numeric) AND (web_sales.ws_net_profit <= '250'::numeric))) AND (((cd1.cd_marital_status = 'M'::bpchar) AND (cd1.cd_education_status = 'Unknown'::bpchar) AND (web_sales.ws_sales_price >= 100.00) AND (web_sales.ws_sales_price <= 150.00)) OR ((cd1.cd_marital_status = 'S'::bpchar) AND (cd1.cd_education_status = 'College'::bpchar) AND (web_sales.ws_sales_price >= 50.00) AND (web_sales.ws_sales_price <= 100.00)) OR ((cd1.cd_marital_status = 'U'::bpchar) AND (cd1.cd_education_status = 'Primary'::bpchar) AND (web_sales.ws_sales_price >= 150.00) AND (web_sales.ws_sales_price <= 200.00))))", "Plans": [{"Node Type": "Nested Loop", "Parent Relationship": "Outer", "Parallel Aware": false, "Async Capable": false, "Join Type": "Inner", "Startup Cost": 140016.57, "Total Cost": 162376.88, "Plan Rows": 139, "Plan Width": 38, "Inner Unique": true, "Join Filter": "((cd1.cd_marital_status = cd2.cd_marital_status) AND (cd1.cd_education_status = cd2.cd_education_status))", "Plans": [{"Node Type": "Merge Join", "Parent Relationship": "Outer", "Parallel Aware": false, "Async Capable": false, "Join Type": "Inner", "Startup Cost": 140016.1, "Total Cost": 140469.16, "Plan Rows": 4877, "Plan Width": 42, "Inner Unique": true, "Merge Cond": "(web_returns.wr_refunded_addr_sk = customer_address.ca_address_sk)", "Plans": [{"Node Type": "Sort", "Parent Relationship": "Outer", "Parallel Aware": false, "Async Capable": false, "Startup Cost": 123591.92, "Total Cost": 123640.51, "Plan Rows": 19437, "Plan Width": 43, "Sort Key": ["web_returns.wr_refunded_addr_sk"], "Plans": [{"Node Type": "Merge Join", "Parent Relationship": "Outer", "Parallel Aware": false, "Async Capable": false, "Join Type": "Inner", "Startup Cost": 120108.76, "Total Cost": 122207.37, "Plan Rows": 19437, "Plan Width": 43, "Inner Unique": true, "Merge Cond": "(web_returns.wr_refunded_cdemo_sk = cd1.cd_demo_sk)", "Plans": [{"Node Type": "Sort", "Parent Relationship": "Outer", "Parallel Aware": false, "Async Capable": false, "Startup Cost": 36316.1, "Total Cost": 36896.12, "Plan Rows": 232005, "Plan Width": 24, "Sort Key": ["web_returns.wr_refunded_cdemo_sk"], "Plans": [{"Node Type": "Seq Scan", "Parent Relationship": "Outer", "Parallel Aware": true, "Async Capable": false, "Relation Name": "web_returns", "Alias": "web_returns", "Startup Cost": 0.0, "Total Cost": 15640.05, "Plan Rows": 232005, "Plan Width": 24}]}, {"Node Type": "Sort", "Parent Relationship": "Inner", "Parallel Aware": false, "Async Capable": false, "Startup Cost": 83792.63, "Total Cost": 84194.94, "Plan Rows": 160923, "Plan Width": 27, "Sort Key": ["cd1.cd_demo_sk"], "Plans": [{"Node Type": "Seq Scan", "Parent Relationship": "Outer", "Parallel Aware": false, "Async Capable": false, "Relation Name": "customer_demographics", "Alias": "cd1", "Startup Cost": 0.0, "Total Cost": 69876.0, "Plan Rows": 160923, "Plan Width": 27, "Filter": "(((cd_marital_status = 'M'::bpchar) AND (cd_education_status = 'Unknown'::bpchar)) OR ((cd_marital_status = 'S'::bpchar) AND (cd_education_status = 'College'::bpchar)) OR ((cd_marital_status = 'U'::bpchar) AND (cd_education_status = 'Primary'::bpchar)))"}]}]}]}, {"Node Type": "Sort", "Parent Relationship": "Inner", "Parallel Aware": false, "Async Capable": false, "Startup Cost": 16424.19, "Total Cost": 16581.01, "Plan Rows": 62731, "Plan Width": 7, "Sort Key": ["customer_address.ca_address_sk"], "Plans": [{"Node Type": "Seq Scan", "Parent Relationship": "Outer", "Parallel Aware": false, "Async Capable": false, "Relation Name": "customer_address", "Alias": "customer_address", "Startup Cost": 0.0, "Total Cost": 11425.5, "Plan Rows": 62731, "Plan Width": 7, "Filter": "(((ca_country)::text = 'United States'::text) AND ((ca_state = ANY ('{MI,KY,ID}'::bpchar[])) OR (ca_state = ANY ('{OR,UT,GA}'::bpchar[])) OR (ca_state = ANY ('{VA,TX,ND}'::bpchar[]))))"}]}]}, {"Node Type": "Bitmap Heap Scan", "Parent Relationship": "Inner", "Parallel Aware": false, "Async Capable": false, "Relation Name": "customer_demographics", "Alias": "cd2", "Startup Cost": 0.46, "Total Cost": 4.48, "Plan Rows": 1, "Plan Width": 27, "Recheck Cond": "(cd_demo_sk = web_returns.wr_returning_cdemo_sk)", "Plans": [{"Node Type": "Bitmap Index Scan", "Parent Relationship": "Outer", "Parallel Aware": false, "Async Capable": false, "Index Name": "customer_demographics_pkey", "Startup Cost": 0.0, "Total Cost": 0.46, "Plan Rows": 1, "Plan Width": 0, "Index Cond": "(cd_demo_sk = web_returns.wr_returning_cdemo_sk)"}]}]}, {"Node Type": "Bitmap Heap Scan", "Parent Relationship": "Inner", "Parallel Aware": false, "Async Capable": false, "Relation Name": "web_sales", "Alias": "web_sales", "Startup Cost": 0.6, "Total Cost": 4.64, "Plan Rows": 1, "Plan Width": 28, "Recheck Cond": "((ws_item_sk = web_returns.wr_item_sk) AND (ws_order_number = web_returns.wr_order_number))", "Filter": "((((ws_sales_price >= 100.00) AND (ws_sales_price <= 150.00)) OR ((ws_sales_price >= 50.00) AND (ws_sales_price <= 100.00)) OR ((ws_sales_price >= 150.00) AND (ws_sales_price <= 200.00))) AND (((ws_net_profit >= '100'::numeric) AND (ws_net_profit <= '200'::numeric)) OR ((ws_net_profit >= '150'::numeric) AND (ws_net_profit <= '300'::numeric)) OR ((ws_net_profit >= '50'::numeric) AND (ws_net_profit <= '250'::numeric))))", "Plans": [{"Node Type": "Bitmap Index Scan", "Parent Relationship": "Outer", "Parallel Aware": false, "Async Capable": false, "Index Name": "web_sales_pkey", "Startup Cost": 0.0, "Total Cost": 0.59, "Plan Rows": 1, "Plan Width": 0, "Index Cond": "((ws_item_sk = web_returns.wr_item_sk) AND (ws_order_number = web_returns.wr_order_number))"}]}]}]}, {"Node Type": "Bitmap Heap Scan", "Parent Relationship": "Inner", "Parallel Aware": false, "Async Capable": false, "Relation Name": "web_page", "Alias": "web_page", "Startup Cost": 0.15, "Total Cost": 4.17, "Plan Rows": 1, "Plan Width": 4, "Recheck Cond": "(wp_web_page_sk = web_sales.ws_web_page_sk)", "Plans": [{"Node Type": "Bitmap Index Scan", "Parent Relationship": "Outer", "Parallel Aware": false, "Async Capable": false, "Index Name": "web_page_pkey", "Startup Cost": 0.0, "Total Cost": 0.15, "Plan Rows": 1, "Plan Width": 0, "Index Cond": "(wp_web_page_sk = web_sales.ws_web_page_sk)"}]}]}, {"Node Type": "Bitmap Heap Scan", "Parent Relationship": "Inner", "Parallel Aware": false, "Async Capable": false, "Relation Name": "date_dim", "Alias": "date_dim", "Startup Cost": 0.3, "Total Cost": 4.32, "Plan Rows": 1, "Plan Width": 4, "Recheck Cond": "(d_date_sk = web_sales.ws_sold_date_sk)", "Filter": "(d_year = 1998)", "Plans": [{"Node Type": "Bitmap Index Scan", "Parent Relationship": "Outer", "Parallel Aware": false, "Async Capable": false, "Index Name": "date_dim_pkey", "Startup Cost": 0.0, "Total Cost": 0.3, "Plan Rows": 1, "Plan Width": 0, "Index Cond": "(d_date_sk = web_sales.ws_sold_date_sk)"}]}]}, {"Node Type": "Seq Scan", "Parent Relationship": "Inner", "Parallel Aware": false, "Async Capable": false, "Relation Name": "reason", "Alias": "reason", "Startup Cost": 0.0, "Total Cost": 1.45, "Plan Rows": 45, "Plan Width": 4}]}]}}, {"Plan": {"Node Type": "Aggregate", "Strategy": "Plain", "Partial Mode": "Simple", "Parallel Aware": false, "Async Capable": false, "Startup Cost": 567008.57, "Total Cost": 567008.58, "Plan Rows": 1, "Plan Width": 8, "Plans": [{"Node Type": "Merge Join", "Parent Relationship": "Outer", "Parallel Aware": false, "Async Capable": false, "Join Type": "Inner", "Startup Cost": 567007.55, "Total Cost": 567008.57, "Plan Rows": 1, "Plan Width": 0, "Inner Unique": true, "Merge Cond": "(web_sales.ws_web_page_sk = web_page.wp_web_page_sk)", "Plans": [{"Node Type": "Sort", "Parent Relationship": "Outer", "Parallel Aware": false, "Async Capable": false, "Startup Cost": 566992.91, "Total Cost": 566992.92, "Plan Rows": 1, "Plan Width": 4, "Sort Key": ["web_sales.ws_web_page_sk"], "Plans": [{"Node Type": "Merge Join", "Parent Relationship": "Outer", "Parallel Aware": false, "Async Capable": false, "Join Type": "Inner", "Startup Cost": 566992.66, "Total Cost": 566992.9, "Plan Rows": 1, "Plan Width": 4, "Inner Unique": true, "Merge Cond": "(web_returns.wr_reason_sk = reason.r_reason_sk)", "Plans": [{"Node Type": "Sort", "Parent Relationship": "Outer", "Parallel Aware": false, "Async Capable": false, "Startup Cost": 566989.97, "Total Cost": 566989.98, "Plan Rows": 1, "Plan Width": 8, "Sort Key": ["web_returns.wr_reason_sk"], "Plans": [{"Node Type": "Merge Join", "Parent Relationship": "Outer", "Parallel Aware": false, "Async Capable": false, "Join Type": "Inner", "Startup Cost": 566973.55, "Total Cost": 566989.96, "Plan Rows": 1, "Plan Width": 8, "Inner Unique": false, "Merge Cond": "((web_sales.ws_item_sk = web_returns.wr_item_sk) AND (web_sales.ws_order_number = web_returns.wr_order_number))", "Join Filter": "((((customer_address.ca_state = ANY ('{MI,KY,ID}'::bpchar[])) AND (web_sales.ws_net_profit >= '100'::numeric) AND (web_sales.ws_net_profit <= '200'::numeric)) OR ((customer_address.ca_state = ANY ('{OR,UT,GA}'::bpchar[])) AND (web_sales.ws_net_profit >= '150'::numeric) AND (web_sales.ws_net_profit <= '300'::numeric)) OR ((customer_address.ca_state = ANY ('{VA,TX,ND}'::bpchar[])) AND (web_sales.ws_net_profit >= '50'::numeric) AND (web_sales.ws_net_profit <= '250'::numeric))) AND (((cd1.cd_marital_status = 'M'::bpchar) AND (cd1.cd_education_status = 'Unknown'::bpchar) AND (web_sales.ws_sales_price >= 100.00) AND (web_sales.ws_sales_price <= 150.00)) OR ((cd1.cd_marital_status = 'S'::bpchar) AND (cd1.cd_education_status = 'College'::bpchar) AND (web_sales.ws_sales_price >= 50.00) AND (web_sales.ws_sales_price <= 100.00)) OR ((cd1.cd_marital_status = 'U'::bpchar) AND (cd1.cd_education_status = 'Primary'::bpchar) AND (web_sales.ws_sales_price >= 150.00) AND (web_sales.ws_sales_price <= 200.00))))", "Plans": [{"Node Type": "Sort", "Parent Relationship": "Outer", "Parallel Aware": false, "Async Capable": false, "Startup Cost": 255036.28, "Total Cost": 255040.65, "Plan Rows": 1748, "Plan Width": 24, "Sort Key": ["web_sales.ws_item_sk", "web_sales.ws_order_number"], "Plans": [{"Node Type": "Gather", "Parent Relationship": "Outer", "Parallel Aware": false, "Async Capable": false, "Startup Cost": 254413.94, "Total Cost": 254942.14, "Plan Rows": 1748, "Plan Width": 24, "Workers Planned": 5, "Single Copy": false, "Plans": [{"Node Type": "Merge Join", "Parent Relationship": "Outer", "Parallel Aware": false, "Async Capable": false, "Join Type": "Inner", "Startup Cost": 253413.94, "Total Cost": 253767.34, "Plan Rows": 350, "Plan Width": 24, "Inner Unique": true, "Merge Cond": "(web_sales.ws_sold_date_sk = date_dim.d_date_sk)", "Plans": [{"Node Type": "Sort", "Parent Relationship": "Outer", "Parallel Aware": false, "Async Capable": false, "Startup Cost": 251060.39, "Total Cost": 251235.32, "Plan Rows": 69972, "Plan Width": 28, "Sort Key": ["web_sales.ws_sold_date_sk"], "Plans": [{"Node Type": "Seq Scan", "Parent Relationship": "Outer", "Parallel Aware": true, "Async Capable": false, "Relation Name": "web_sales", "Alias": "web_sales", "Startup Cost": 0.0, "Total Cost": 245429.58, "Plan Rows": 69972, "Plan Width": 28, "Filter": "((((ws_sales_price >= 100.00) AND (ws_sales_price <= 150.00)) OR ((ws_sales_price >= 50.00) AND (ws_sales_price <= 100.00)) OR ((ws_sales_price >= 150.00) AND (ws_sales_price <= 200.00))) AND (((ws_net_profit >= '100'::numeric) AND (ws_net_profit <= '200'::numeric)) OR ((ws_net_profit >= '150'::numeric) AND (ws_net_profit <= '300'::numeric)) OR ((ws_net_profit >= '50'::numeric) AND (ws_net_profit <= '250'::numeric))))"}]}, {"Node Type": "Sort", "Parent Relationship": "Inner", "Parallel Aware": false, "Async Capable": false, "Startup Cost": 2352.65, "Total Cost": 2353.56, "Plan Rows": 365, "Plan Width": 4, "Sort Key": ["date_dim.d_date_sk"], "Plans": [{"Node Type": "Seq Scan", "Parent Relationship": "Outer", "Parallel Aware": false, "Async Capable": false, "Relation Name": "date_dim", "Alias": "date_dim", "Startup Cost": 0.0, "Total Cost": 2337.11, "Plan Rows": 365, "Plan Width": 4, "Filter": "(d_year = 1998)"}]}]}]}]}, {"Node Type": "Sort", "Parent Relationship": "Inner", "Parallel Aware": false, "Async Capable": false, "Startup Cost": 311937.26, "Total Cost": 311938.34, "Plan Rows": 432, "Plan Width": 38, "Sort Key": ["web_returns.wr_item_sk", "web_returns.wr_order_number"], "Plans": [{"Node Type": "Gather", "Parent Relationship": "Outer", "Parallel Aware": false, "Async Capable": false, "Startup Cost": 309708.39, "Total Cost": 311918.35, "Plan Rows": 432, "Plan Width": 38, "Workers Planned": 3, "Single Copy": false, "Plans": [{"Node Type": "Merge Join", "Parent Relationship": "Outer", "Parallel Aware": false, "Async Capable": false, "Join Type": "Inner", "Startup Cost": 308708.39, "Total Cost": 310875.15, "Plan Rows": 139, "Plan Width": 38, "Inner Unique": true, "Merge Cond": "((web_returns.wr_refunded_cdemo_sk = cd1.cd_demo_sk) AND (cd2.cd_marital_status = cd1.cd_marital_status) AND (cd2.cd_education_status = cd1.cd_education_status))", "Plans": [{"Node Type": "Sort", "Parent Relationship": "Outer", "Parallel Aware": false, "Async Capable": false, "Startup Cost": 224915.75, "Total Cost": 225061.29, "Plan Rows": 58216, "Plan Width": 42, "Sort Key": ["web_returns.wr_refunded_cdemo_sk", "cd2.cd_marital_status", "cd2.cd_education_status"], "Plans": [{"Node Type": "Merge Join", "Parent Relationship": "Outer", "Parallel Aware": false, "Async Capable": false, "Join Type": "Inner", "Startup Cost": 215792.38, "Total Cost": 220308.21, "Plan Rows": 58216, "Plan Width": 42, "Inner Unique": false, "Merge Cond": "(cd2.cd_demo_sk = web_returns.wr_returning_cdemo_sk)", "Plans": [{"Node Type": "Sort", "Parent Relationship": "Outer", "Parallel Aware": false, "Async Capable": false, "Startup Cost": 87662.02, "Total Cost": 89211.05, "Plan Rows": 619613, "Plan Width": 27, "Sort Key": ["cd2.cd_demo_sk"], "Plans": [{"Node Type": "Seq Scan", "Parent Relationship": "Outer", "Parallel Aware": true, "Async Capable": false, "Relation Name": "customer_demographics", "Alias": "cd2", "Startup Cost": 0.0, "Total Cost": 28052.13, "Plan Rows": 619613, "Plan Width": 27}]}, {"Node Type": "Sort", "Parent Relationship": "Inner", "Parallel Aware": false, "Async Capable": false, "Startup Cost": 128130.34, "Total Cost": 128581.52, "Plan Rows": 180469, "Plan Width": 23, "Sort Key": ["web_returns.wr_returning_cdemo_sk"], "Plans": [{"Node Type": "Merge Join", "Parent Relationship": "Outer", "Parallel Aware": false, "Async Capable": false, "Join Type": "Inner", "Startup Cost": 106902.1, "Total Cost": 112374.14, "Plan Rows": 180469, "Plan Width": 23, "Inner Unique": true, "Merge Cond": "(web_returns.wr_refunded_addr_sk = customer_address.ca_address_sk)", "Plans": [{"Node Type": "Sort", "Parent Relationship": "Outer", "Parallel Aware": false, "Async Capable": false, "Startup Cost": 90477.84, "Total Cost": 92275.89, "Plan Rows": 719217, "Plan Width": 24, "Sort Key": ["web_returns.wr_refunded_addr_sk"], "Plans": [{"Node Type": "Seq Scan", "Parent Relationship": "Outer", "Parallel Aware": false, "Async Capable": false, "Relation Name": "web_returns", "Alias": "web_returns", "Startup Cost": 0.0, "Total Cost": 20512.17, "Plan Rows": 719217, "Plan Width": 24}]}, {"Node Type": "Sort", "Parent Relationship": "Inner", "Parallel Aware": false, "Async Capable": false, "Startup Cost": 16424.19, "Total Cost": 16581.01, "Plan Rows": 62731, "Plan Width": 7, "Sort Key": ["customer_address.ca_address_sk"], "Plans": [{"Node Type": "Seq Scan", "Parent Relationship": "Outer", "Parallel Aware": false, "Async Capable": false, "Relation Name": "customer_address", "Alias": "customer_address", "Startup Cost": 0.0, "Total Cost": 11425.5, "Plan Rows": 62731, "Plan Width": 7, "Filter": "(((ca_country)::text = 'United States'::text) AND ((ca_state = ANY ('{MI,KY,ID}'::bpchar[])) OR (ca_state = ANY ('{OR,UT,GA}'::bpchar[])) OR (ca_state = ANY ('{VA,TX,ND}'::bpchar[]))))"}]}]}]}]}]}, {"Node Type": "Sort", "Parent Relationship": "Inner", "Parallel Aware": false, "Async Capable": false, "Startup Cost": 83792.63, "Total Cost": 84194.94, "Plan Rows": 160923, "Plan Width": 27, "Sort Key": ["cd1.cd_demo_sk", "cd1.cd_marital_status", "cd1.cd_education_status"], "Plans": [{"Node Type": "Seq Scan", "Parent Relationship": "Outer", "Parallel Aware": false, "Async Capable": false, "Relation Name": "customer_demographics", "Alias": "cd1", "Startup Cost": 0.0, "Total Cost": 69876.0, "Plan Rows": 160923, "Plan Width": 27, "Filter": "(((cd_marital_status = 'M'::bpchar) AND (cd_education_status = 'Unknown'::bpchar)) OR ((cd_marital_status = 'S'::bpchar) AND (cd_education_status = 'College'::bpchar)) OR ((cd_marital_status = 'U'::bpchar) AND (cd_education_status = 'Primary'::bpchar)))"}]}]}]}]}]}]}, {"Node Type": "Sort", "Parent Relationship": "Inner", "Parallel Aware": false, "Async Capable": false, "Startup Cost": 2.69, "Total Cost": 2.8, "Plan Rows": 45, "Plan Width": 4, "Sort Key": ["reason.r_reason_sk"], "Plans": [{"Node Type": "Seq Scan", "Parent Relationship": "Outer", "Parallel Aware": false, "Async Capable": false, "Relation Name": "reason", "Alias": "reason", "Startup Cost": 0.0, "Total Cost": 1.45, "Plan Rows": 45, "Plan Width": 4}]}]}]}, {"Node Type": "Sort", "Parent Relationship": "Inner", "Parallel Aware": false, "Async Capable": false, "Startup Cost": 14.64, "Total Cost": 15.14, "Plan Rows": 200, "Plan Width": 4, "Sort Key": ["web_page.wp_web_page_sk"], "Plans": [{"Node Type": "Seq Scan", "Parent Relationship": "Outer", "Parallel Aware": false, "Async Capable": false, "Relation Name": "web_page", "Alias": "web_page", "Startup Cost": 0.0, "Total Cost": 7.0, "Plan Rows": 200, "Plan Width": 4}]}]}]}}, {"Plan": {"Node Type": "Aggregate", "Strategy": "Plain", "Partial Mode": "Simple", "Parallel Aware": false, "Async Capable": false, "Startup Cost": 257640.96, "Total Cost": 257640.97, "Plan Rows": 1, "Plan Width": 8, "Plans": [{"Node Type": "Nested Loop", "Parent Relationship": "Outer", "Parallel Aware": false, "Async Capable": false, "Join Type": "Inner", "Startup Cost": 1002.29, "Total Cost": 257640.96, "Plan Rows": 1, "Plan Width": 0, "Inner Unique": true, "Join Filter": "(reason.r_reason_sk = web_returns.wr_reason_sk)", "Plans": [{"Node Type": "Nested Loop", "Parent Relationship": "Outer", "Parallel Aware": false, "Async Capable": false, "Join Type": "Inner", "Startup Cost": 1002.29, "Total Cost": 257638.94, "Plan Rows": 1, "Plan Width": 4, "Inner Unique": true, "Join Filter": "(((customer_address.ca_state = ANY ('{MI,KY,ID}'::bpchar[])) AND (web_sales.ws_net_profit >= '100'::numeric) AND (web_sales.ws_net_profit <= '200'::numeric)) OR ((customer_address.ca_state = ANY ('{OR,UT,GA}'::bpchar[])) AND (web_sales.ws_net_profit >= '150'::numeric) AND (web_sales.ws_net_profit <= '300'::numeric)) OR ((customer_address.ca_state = ANY ('{VA,TX,ND}'::bpchar[])) AND (web_sales.ws_net_profit >= '50'::numeric) AND (web_sales.ws_net_profit <= '250'::numeric)))", "Plans": [{"Node Type": "Nested Loop", "Parent Relationship": "Outer", "Parallel Aware": false, "Async Capable": false, "Join Type": "Inner", "Startup Cost": 1001.86, "Total Cost": 257634.45, "Plan Rows": 1, "Plan Width": 14, "Inner Unique": true, "Join Filter": "((cd1.cd_marital_status = cd2.cd_marital_status) AND (cd1.cd_education_status = cd2.cd_education_status) AND (((cd1.cd_marital_status = 'M'::bpchar) AND (cd1.cd_education_status = 'Unknown'::bpchar) AND (web_sales.ws_sales_price >= 100.00) AND (web_sales.ws_sales_price <= 150.00)) OR ((cd1.cd_marital_status = 'S'::bpchar) AND (cd1.cd_education_status = 'College'::bpchar) AND (web_sales.ws_sales_price >= 50.00) AND (web_sales.ws_sales_price <= 100.00)) OR ((cd1.cd_marital_status = 'U'::bpchar) AND (cd1.cd_education_status = 'Primary'::bpchar) AND (web_sales.ws_sales_price >= 150.00) AND (web_sales.ws_sales_price <= 200.00))))", "Plans": [{"Node Type": "Nested Loop", "Parent Relationship": "Outer", "Parallel Aware": false, "Async Capable": false, "Join Type": "Inner", "Startup Cost": 1001.39, "Total Cost": 257629.91, "Plan Rows": 1, "Plan Width": 47, "Inner Unique": true, "Plans": [{"Node Type": "Nested Loop", "Parent Relationship": "Outer", "Parallel Aware": false, "Async Capable": false, "Join Type": "Inner", "Startup Cost": 1000.93, "Total Cost": 257625.44, "Plan Rows": 1, "Plan Width": 28, "Inner Unique": true, "Plans": [{"Node Type": "Gather", "Parent Relationship": "Outer", "Parallel Aware": false, "Async Capable": false, "Startup Cost": 1000.78, "Total Cost": 257621.23, "Plan Rows": 1, "Plan Width": 32, "Workers Planned": 5, "Single Copy": false, "Plans": [{"Node Type": "Nested Loop", "Parent Relationship": "Outer", "Parallel Aware": false, "Async Capable": false, "Join Type": "Inner", "Startup Cost": 0.78, "Total Cost": 256621.13, "Plan Rows": 1, "Plan Width": 32, "Inner Unique": true, "Plans": [{"Node Type": "Nested Loop", "Parent Relationship": "Outer", "Parallel Aware": false, "Async Capable": false, "Join Type": "Inner", "Startup Cost": 0.31, "Total Cost": 255053.87, "Plan Rows": 350, "Plan Width": 24, "Inner Unique": true, "Plans": [{"Node Type": "Seq Scan", "Parent Relationship": "Outer", "Parallel Aware": true, "Async Capable": false, "Relation Name": "web_sales", "Alias": "web_sales", "Startup Cost": 0.0, "Total Cost": 245429.58, "Plan Rows": 69972, "Plan Width": 28, "Filter": "((((ws_sales_price >= 100.00) AND (ws_sales_price <= 150.00)) OR ((ws_sales_price >= 50.00) AND (ws_sales_price <= 100.00)) OR ((ws_sales_price >= 150.00) AND (ws_sales_price <= 200.00))) AND (((ws_net_profit >= '100'::numeric) AND (ws_net_profit <= '200'::numeric)) OR ((ws_net_profit >= '150'::numeric) AND (ws_net_profit <= '300'::numeric)) OR ((ws_net_profit >= '50'::numeric) AND (ws_net_profit <= '250'::numeric))))"}, {"Node Type": "Memoize", "Parent Relationship": "Inner", "Parallel Aware": false, "Async Capable": false, "Startup Cost": 0.31, "Total Cost": 4.33, "Plan Rows": 1, "Plan Width": 4, "Cache Key": "web_sales.ws_sold_date_sk", "Cache Mode": "logical", "Plans": [{"Node Type": "Bitmap Heap Scan", "Parent Relationship": "Outer", "Parallel Aware": false, "Async Capable": false, "Relation Name": "date_dim", "Alias": "date_dim", "Startup Cost": 0.3, "Total Cost": 4.32, "Plan Rows": 1, "Plan Width": 4, "Recheck Cond": "(d_date_sk = web_sales.ws_sold_date_sk)", "Filter": "(d_year = 1998)", "Plans": [{"Node Type": "Bitmap Index Scan", "Parent Relationship": "Outer", "Parallel Aware": false, "Async Capable": false, "Index Name": "date_dim_pkey", "Startup Cost": 0.0, "Total Cost": 0.3, "Plan Rows": 1, "Plan Width": 0, "Index Cond": "(d_date_sk = web_sales.ws_sold_date_sk)"}]}]}]}, {"Node Type": "Bitmap Heap Scan", "Parent Relationship": "Inner", "Parallel Aware": false, "Async Capable": false, "Relation Name": "web_returns", "Alias": "web_returns", "Startup Cost": 0.46, "Total Cost": 4.48, "Plan Rows": 1, "Plan Width": 24, "Recheck Cond": "((web_sales.ws_item_sk = wr_item_sk) AND (web_sales.ws_order_number = wr_order_number))", "Plans": [{"Node Type": "Bitmap Index Scan", "Parent Relationship": "Outer", "Parallel Aware": false, "Async Capable": false, "Index Name": "web_returns_pkey", "Startup Cost": 0.0, "Total Cost": 0.46, "Plan Rows": 1, "Plan Width": 0, "Index Cond": "((wr_item_sk = web_sales.ws_item_sk) AND (wr_order_number = web_sales.ws_order_number))"}]}]}]}, {"Node Type": "Bitmap Heap Scan", "Parent Relationship": "Inner", "Parallel Aware": false, "Async Capable": false, "Relation Name": "web_page", "Alias": "web_page", "Startup Cost": 0.15, "Total Cost": 4.17, "Plan Rows": 1, "Plan Width": 4, "Recheck Cond": "(wp_web_page_sk = web_sales.ws_web_page_sk)", "Plans": [{"Node Type": "Bitmap Index Scan", "Parent Relationship": "Outer", "Parallel Aware": false, "Async Capable": false, "Index Name": "web_page_pkey", "Startup Cost": 0.0, "Total Cost": 0.15, "Plan Rows": 1, "Plan Width": 0, "Index Cond": "(wp_web_page_sk = web_sales.ws_web_page_sk)"}]}]}, {"Node Type": "Bitmap Heap Scan", "Parent Relationship": "Inner", "Parallel Aware": false, "Async Capable": false, "Relation Name": "customer_demographics", "Alias": "cd2", "Startup Cost": 0.46, "Total Cost": 4.48, "Plan Rows": 1, "Plan Width": 27, "Recheck Cond": "(cd_demo_sk = web_returns.wr_returning_cdemo_sk)", "Plans": [{"Node Type": "Bitmap Index Scan", "Parent Relationship": "Outer", "Parallel Aware": false, "Async Capable": false, "Index Name": "customer_demographics_pkey", "Startup Cost": 0.0, "Total Cost": 0.46, "Plan Rows": 1, "Plan Width": 0, "Index Cond": "(cd_demo_sk = web_returns.wr_returning_cdemo_sk)"}]}]}, {"Node Type": "Bitmap Heap Scan", "Parent Relationship": "Inner", "Parallel Aware": false, "Async Capable": false, "Relation Name": "customer_demographics", "Alias": "cd1", "Startup Cost": 0.46, "Total Cost": 4.49, "Plan Rows": 1, "Plan Width": 27, "Recheck Cond": "(cd_demo_sk = web_returns.wr_refunded_cdemo_sk)", "Filter": "(((cd_marital_status = 'M'::bpchar) AND (cd_education_status = 'Unknown'::bpchar)) OR ((cd_marital_status = 'S'::bpchar) AND (cd_education_status = 'College'::bpchar)) OR ((cd_marital_status = 'U'::bpchar) AND (cd_education_status = 'Primary'::bpchar)))", "Plans": [{"Node Type": "Bitmap Index Scan", "Parent Relationship": "Outer", "Parallel Aware": false, "Async Capable": false, "Index Name": "customer_demographics_pkey", "Startup Cost": 0.0, "Total Cost": 0.46, "Plan Rows": 1, "Plan Width": 0, "Index Cond": "(cd_demo_sk = web_returns.wr_refunded_cdemo_sk)"}]}]}, {"Node Type": "Bitmap Heap Scan", "Parent Relationship": "Inner", "Parallel Aware": false, "Async Capable": false, "Relation Name": "customer_address", "Alias": "customer_address", "Startup Cost": 0.43, "Total Cost": 4.46, "Plan Rows": 1, "Plan Width": 7, "Recheck Cond": "(ca_address_sk = web_returns.wr_refunded_addr_sk)", "Filter": "(((ca_country)::text = 'United States'::text) AND ((ca_state = ANY ('{MI,KY,ID}'::bpchar[])) OR (ca_state = ANY ('{OR,UT,GA}'::bpchar[])) OR (ca_state = ANY ('{VA,TX,ND}'::bpchar[]))))", "Plans": [{"Node Type": "Bitmap Index Scan", "Parent Relationship": "Outer", "Parallel Aware": false, "Async Capable": false, "Index Name": "customer_address_pkey", "Startup Cost": 0.0, "Total Cost": 0.43, "Plan Rows": 1, "Plan Width": 0, "Index Cond": "(ca_address_sk = web_returns.wr_refunded_addr_sk)"}]}]}, {"Node Type": "Seq Scan", "Parent Relationship": "Inner", "Parallel Aware": false, "Async Capable": false, "Relation Name": "reason", "Alias": "reason", "Startup Cost": 0.0, "Total Cost": 1.45, "Plan Rows": 45, "Plan Width": 4}]}]}}, {"Plan": {"Node Type": "Aggregate", "Strategy": "Plain", "Partial Mode": "Simple", "Parallel Aware": false, "Async Capable": false, "Startup Cost": 1215636.87, "Total Cost": 1215636.88, "Plan Rows": 1, "Plan Width": 8, "Plans": [{"Node Type": "Merge Join", "Parent Relationship": "Outer", "Parallel Aware": false, "Async Capable": false, "Join Type": "Inner", "Startup Cost": 1128300.74, "Total Cost": 1215636.87, "Plan Rows": 1, "Plan Width": 0, "Inner Unique": false, "Merge Cond": "(cd1.cd_demo_sk = web_returns.wr_refunded_cdemo_sk)", "Join Filter": "((cd1.cd_marital_status = cd2.cd_marital_status) AND (cd1.cd_education_status = cd2.cd_education_status) AND (((cd1.cd_marital_status = 'M'::bpchar) AND (cd1.cd_education_status = 'Unknown'::bpchar) AND (web_sales.ws_sales_price >= 100.00) AND (web_sales.ws_sales_price <= 150.00)) OR ((cd1.cd_marital_status = 'S'::bpchar) AND (cd1.cd_education_status = 'College'::bpchar) AND (web_sales.ws_sales_price >= 50.00) AND (web_sales.ws_sales_price <= 100.00)) OR ((cd1.cd_marital_status = 'U'::bpchar) AND (cd1.cd_education_status = 'Primary'::bpchar) AND (web_sales.ws_sales_price >= 150.00) AND (web_sales.ws_sales_price <= 200.00))))", "Plans": [{"Node Type": "Gather Merge", "Parent Relationship": "Outer", "Parallel Aware": false, "Async Capable": false, "Startup Cost": 1000.47, "Total Cost": 87934.24, "Plan Rows": 160923, "Plan Width": 27, "Workers Planned": 3, "Plans": [{"Node Type": "Index Scan", "Parent Relationship": "Outer", "Parallel Aware": true, "Async Capable": false, "Scan Direction": "Forward", "Index Name": "customer_demographics_pkey", "Relation Name": "customer_demographics", "Alias": "cd1", "Startup Cost": 0.43, "Total Cost": 68025.75, "Plan Rows": 51911, "Plan Width": 27, "Filter": "(((cd_marital_status = 'M'::bpchar) AND (cd_education_status = 'Unknown'::bpchar)) OR ((cd_marital_status = 'S'::bpchar) AND (cd_education_status = 'College'::bpchar)) OR ((cd_marital_status = 'U'::bpchar) AND (cd_education_status = 'Primary'::bpchar)))"}]}, {"Node Type": "Sort", "Parent Relationship": "Inner", "Parallel Aware": false, "Async Capable": false, "Startup Cost": 1127300.27, "Total Cost": 1127300.27, "Plan Rows": 1, "Plan Width": 33, "Sort Key": ["web_returns.wr_refunded_cdemo_sk"], "Plans": [{"Node Type": "Merge Join", "Parent Relationship": "Outer", "Parallel Aware": false, "Async Capable": false, "Join Type": "Inner", "Startup Cost": 1050755.24, "Total Cost": 1127300.26, "Plan Rows": 1, "Plan Width": 33, "Inner Unique": true, "Merge Cond": "(web_returns.wr_returning_cdemo_sk = cd2.cd_demo_sk)", "Plans": [{"Node Type": "Sort", "Parent Relationship": "Outer", "Parallel Aware": false, "Async Capable": false, "Startup Cost": 1050754.81, "Total Cost": 1050754.82, "Plan Rows": 1, "Plan Width": 14, "Sort Key": ["web_returns.wr_returning_cdemo_sk"], "Plans": [{"Node Type": "Merge Join", "Parent Relationship": "Outer", "Parallel Aware": false, "Async Capable": false, "Join Type": "Inner", "Startup Cost": 1035170.73, "Total Cost": 1050754.8, "Plan Rows": 1, "Plan Width": 14, "Inner Unique": true, "Merge Cond": "(web_returns.wr_refunded_addr_sk = customer_address.ca_address_sk)", "Join Filter": "(((customer_address.ca_state = ANY ('{MI,KY,ID}'::bpchar[])) AND (web_sales.ws_net_profit >= '100'::numeric) AND (web_sales.ws_net_profit <= '200'::numeric)) OR ((customer_address.ca_state = ANY ('{OR,UT,GA}'::bpchar[])) AND (web_sales.ws_net_profit >= '150'::numeric) AND (web_sales.ws_net_profit <= '300'::numeric)) OR ((customer_address.ca_state = ANY ('{VA,TX,ND}'::bpchar[])) AND (web_sales.ws_net_profit >= '50'::numeric) AND (web_sales.ws_net_profit <= '250'::numeric)))", "Plans": [{"Node Type": "Sort", "Parent Relationship": "Outer", "Parallel Aware": false, "Async Capable": false, "Startup Cost": 1035170.31, "Total Cost": 1035170.32, "Plan Rows": 1, "Plan Width": 24, "Sort Key": ["web_returns.wr_refunded_addr_sk"], "Plans": [{"Node Type": "Merge Join", "Parent Relationship": "Outer", "Parallel Aware": false, "Async Capable": false, "Join Type": "Inner", "Startup Cost": 1035150.79, "Total Cost": 1035170.3, "Plan Rows": 1, "Plan Width": 24, "Inner Unique": true, "Merge Cond": "(web_sales.ws_web_page_sk = web_page.wp_web_page_sk)", "Plans": [{"Node Type": "Sort", "Parent Relationship": "Outer", "Parallel Aware": false, "Async Capable": false, "Startup Cost": 1035150.64, "Total Cost": 1035150.65, "Plan Rows": 1, "Plan Width": 28, "Sort Key": ["web_sales.ws_web_page_sk"], "Plans": [{"Node Type": "Gather", "Parent Relationship": "Outer", "Parallel Aware": false, "Async Capable": false, "Startup Cost": 1035137.73, "Total Cost": 1035150.63, "Plan Rows": 1, "Plan Width": 28, "Workers Planned": 5, "Single Copy": false, "Plans": [{"Node Type": "Merge Join", "Parent Relationship": "Outer", "Parallel Aware": false, "Async Capable": false, "Join Type": "Inner", "Startup Cost": 1034137.73, "Total Cost": 1034150.53, "Plan Rows": 1, "Plan Width": 28, "Inner Unique": true, "Merge Cond": "(web_returns.wr_reason_sk = reason.r_reason_sk)", "Plans": [{"Node Type": "Sort", "Parent Relationship": "Outer", "Parallel Aware": false, "Async Capable": false, "Startup Cost": 1034137.59, "Total Cost": 1034137.59, "Plan Rows": 1, "Plan Width": 32, "Sort Key": ["web_returns.wr_reason_sk"], "Plans": [{"Node Type": "Merge Join", "Parent Relationship": "Outer", "Parallel Aware": false, "Async Capable": false, "Join Type": "Inner", "Startup Cost": 1034050.91, "Total Cost": 1034137.58, "Plan Rows": 1, "Plan Width": 32, "Inner Unique": true, "Merge Cond": "(web_sales.ws_sold_date_sk = date_dim.d_date_sk)", "Plans": [{"Node Type": "Sort", "Parent Relationship": "Outer", "Parallel Aware": false, "Async Capable": false, "Startup Cost": 1032327.18, "Total Cost": 1032327.18, "Plan Rows": 1, "Plan Width": 36, "Sort Key": ["web_sales.ws_sold_date_sk"], "Plans": [{"Node Type": "Merge Join", "Parent Relationship": "Outer", "Parallel Aware": false, "Async Capable": false, "Join Type": "Inner", "Startup Cost": 0.86, "Total Cost": 1032327.17, "Plan Rows": 1, "Plan Width": 36, "Inner Unique": true, "Merge Cond": "((web_sales.ws_item_sk = web_returns.wr_item_sk) AND (web_sales.ws_order_number = web_returns.wr_order_number))", "Plans": [{"Node Type": "Index Scan", "Parent Relationship": "Outer", "Parallel Aware": true, "Async Capable": false, "Scan Direction": "Forward", "Index Name": "web_sales_pkey", "Relation Name": "web_sales", "Alias": "web_sales", "Startup Cost": 0.43, "Total Cost": 954641.29, "Plan Rows": 69972, "Plan Width": 28, "Filter": "((((ws_sales_price >= 100.00) AND (ws_sales_price <= 150.00)) OR ((ws_sales_price >= 50.00) AND (ws_sales_price <= 100.00)) OR ((ws_sales_price >= 150.00) AND (ws_sales_price <= 200.00))) AND (((ws_net_profit >= '100'::numeric) AND (ws_net_profit <= '200'::numeric)) OR ((ws_net_profit >= '150'::numeric) AND (ws_net_profit <= '300'::numeric)) OR ((ws_net_profit >= '50'::numeric) AND (ws_net_profit <= '250'::numeric))))"}, {"Node Type": "Index Scan", "Parent Relationship": "Inner", "Parallel Aware": false, "Async Capable": false, "Scan Direction": "Forward", "Index Name": "web_returns_pkey", "Relation Name": "web_returns", "Alias": "web_returns", "Startup Cost": 0.42, "Total Cost": 73740.67, "Plan Rows": 719217, "Plan Width": 24}]}]}, {"Node Type": "Index Scan", "Parent Relationship": "Inner", "Parallel Aware": false, "Async Capable": false, "Scan Direction": "Forward", "Index Name": "date_dim_pkey", "Relation Name": "date_dim", "Alias": "date_dim", "Startup Cost": 0.29, "Total Cost": 3513.65, "Plan Rows": 365, "Plan Width": 4, "Filter": "(d_year = 1998)"}]}]}, {"Node Type": "Index Scan", "Parent Relationship": "Inner", "Parallel Aware": false, "Async Capable": false, "Scan Direction": "Forward", "Index Name": "reason_pkey", "Relation Name": "reason", "Alias": "reason", "Startup Cost": 0.14, "Total Cost": 12.81, "Plan Rows": 45, "Plan Width": 4}]}]}]}, {"Node Type": "Index Scan", "Parent Relationship": "Inner", "Parallel Aware": false, "Async Capable": false, "Scan Direction": "Forward", "Index Name": "web_page_pkey", "Relation Name": "web_page", "Alias": "web_page", "Startup Cost": 0.14, "Total Cost": 19.14, "Plan Rows": 200, "Plan Width": 4}]}]}, {"Node Type": "Index Scan", "Parent Relationship": "Inner", "Parallel Aware": false, "Async Capable": false, "Scan Direction": "Forward", "Index Name": "customer_address_pkey", "Relation Name": "customer_address", "Alias": "customer_address", "Startup Cost": 0.42, "Total Cost": 15427.62, "Plan Rows": 62731, "Plan Width": 7, "Filter": "(((ca_country)::text = 'United States'::text) AND ((ca_state = ANY ('{MI,KY,ID}'::bpchar[])) OR (ca_state = ANY ('{OR,UT,GA}'::bpchar[])) OR (ca_state = ANY ('{VA,TX,ND}'::bpchar[]))))"}]}]}, {"Node Type": "Index Scan", "Parent Relationship": "Inner", "Parallel Aware": false, "Async Capable": false, "Scan Direction": "Forward", "Index Name": "customer_demographics_pkey", "Relation Name": "customer_demographics", "Alias": "cd2", "Startup Cost": 0.43, "Total Cost": 71743.43, "Plan Rows": 1920800, "Plan Width": 27}]}]}]}]}}, {"Plan": {"Node Type": "Aggregate", "Strategy": "Plain", "Partial Mode": "Simple", "Parallel Aware": false, "Async Capable": false, "Startup Cost": 146577.05, "Total Cost": 146577.06, "Plan Rows": 1, "Plan Width": 8, "Plans": [{"Node Type": "Nested Loop", "Parent Relationship": "Outer", "Parallel Aware": false, "Async Capable": false, "Join Type": "Inner", "Startup Cost": 90546.91, "Total Cost": 146577.05, "Plan Rows": 1, "Plan Width": 0, "Inner Unique": true, "Plans": [{"Node Type": "Nested Loop", "Parent Relationship": "Outer", "Parallel Aware": false, "Async Capable": false, "Join Type": "Inner", "Startup Cost": 90546.77, "Total Cost": 146576.89, "Plan Rows": 1, "Plan Width": 4, "Inner Unique": true, "Plans": [{"Node Type": "Nested Loop", "Parent Relationship": "Outer", "Parallel Aware": false, "Async Capable": false, "Join Type": "Inner", "Startup Cost": 90546.48, "Total Cost": 146576.56, "Plan Rows": 1, "Plan Width": 8, "Inner Unique": true, "Plans": [{"Node Type": "Gather", "Parent Relationship": "Outer", "Parallel Aware": false, "Async Capable": false, "Startup Cost": 90546.33, "Total Cost": 146576.4, "Plan Rows": 1, "Plan Width": 12, "Workers Planned": 3, "Single Copy": false, "Plans": [{"Node Type": "Nested Loop", "Parent Relationship": "Outer", "Parallel Aware": false, "Async Capable": false, "Join Type": "Inner", "Startup Cost": 89546.33, "Total Cost": 145576.3, "Plan Rows": 1, "Plan Width": 12, "Inner Unique": true, "Join Filter": "((((customer_address.ca_state = ANY ('{MI,KY,ID}'::bpchar[])) AND (web_sales.ws_net_profit >= '100'::numeric) AND (web_sales.ws_net_profit <= '200'::numeric)) OR ((customer_address.ca_state = ANY ('{OR,UT,GA}'::bpchar[])) AND (web_sales.ws_net_profit >= '150'::numeric) AND (web_sales.ws_net_profit <= '300'::numeric)) OR ((customer_address.ca_state = ANY ('{VA,TX,ND}'::bpchar[])) AND (web_sales.ws_net_profit >= '50'::numeric) AND (web_sales.ws_net_profit <= '250'::numeric))) AND (((cd1.cd_marital_status = 'M'::bpchar) AND (cd1.cd_education_status = 'Unknown'::bpchar) AND (web_sales.ws_sales_price >= 100.00) AND (web_sales.ws_sales_price <= 150.00)) OR ((cd1.cd_marital_status = 'S'::bpchar) AND (cd1.cd_education_status = 'College'::bpchar) AND (web_sales.ws_sales_price >= 50.00) AND (web_sales.ws_sales_price <= 100.00)) OR ((cd1.cd_marital_status = 'U'::bpchar) AND (cd1.cd_education_status = 'Primary'::bpchar) AND (web_sales.ws_sales_price >= 150.00) AND (web_sales.ws_sales_price <= 200.00))))", "Plans": [{"Node Type": "Nested Loop", "Parent Relationship": "Outer", "Parallel Aware": false, "Async Capable": false, "Join Type": "Inner", "Startup Cost": 89545.9, "Total Cost": 145333.61, "Plan Rows": 139, "Plan Width": 38, "Inner Unique": true, "Join Filter": "((cd1.cd_marital_status = cd2.cd_marital_status) AND (cd1.cd_education_status = cd2.cd_education_status))", "Plans": [{"Node Type": "Nested Loop", "Parent Relationship": "Outer", "Parallel Aware": false, "Async Capable": false, "Join Type": "Inner", "Startup Cost": 89545.47, "Total Cost": 142354.48, "Plan Rows": 4877, "Plan Width": 42, "Inner Unique": true, "Plans": [{"Node Type": "Merge Join", "Parent Relationship": "Outer", "Parallel Aware": false, "Async Capable": false, "Join Type": "Inner", "Startup Cost": 89545.05, "Total Cost": 106793.06, "Plan Rows": 58216, "Plan Width": 23, "Inner Unique": true, "Merge Cond": "(web_returns.wr_refunded_addr_sk = customer_address.ca_address_sk)", "Plans": [{"Node Type": "Sort", "Parent Relationship": "Outer", "Parallel Aware": false, "Async Capable": false, "Startup Cost": 89544.61, "Total Cost": 90124.62, "Plan Rows": 232005, "Plan Width": 24, "Sort Key": ["web_returns.wr_refunded_addr_sk"], "Plans": [{"Node Type": "Index Scan", "Parent Relationship": "Outer", "Parallel Aware": true, "Async Capable": false, "Scan Direction": "Forward", "Index Name": "web_returns_pkey", "Relation Name": "web_returns", "Alias": "web_returns", "Startup Cost": 0.42, "Total Cost": 68868.56, "Plan Rows": 232005, "Plan Width": 24}]}, {"Node Type": "Index Scan", "Parent Relationship": "Inner", "Parallel Aware": false, "Async Capable": false, "Scan Direction": "Forward", "Index Name": "customer_address_pkey", "Relation Name": "customer_address", "Alias": "customer_address", "Startup Cost": 0.42, "Total Cost": 15427.62, "Plan Rows": 62731, "Plan Width": 7, "Filter": "(((ca_country)::text = 'United States'::text) AND ((ca_state = ANY ('{MI,KY,ID}'::bpchar[])) OR (ca_state = ANY ('{OR,UT,GA}'::bpchar[])) OR (ca_state = ANY ('{VA,TX,ND}'::bpchar[]))))"}]}, {"Node Type": "Index Scan", "Parent Relationship": "Inner", "Parallel Aware": false, "Async Capable": false, "Scan Direction": "Forward", "Index Name": "customer_demographics_pkey", "Relation Name": "customer_demographics", "Alias": "cd1", "Startup Cost": 0.43, "Total Cost": 0.61, "Plan Rows": 1, "Plan Width": 27, "Index Cond": "(cd_demo_sk = web_returns.wr_refunded_cdemo_sk)", "Filter": "(((cd_marital_status = 'M'::bpchar) AND (cd_education_status = 'Unknown'::bpchar)) OR ((cd_marital_status = 'S'::bpchar) AND (cd_education_status = 'College'::bpchar)) OR ((cd_marital_status = 'U'::bpchar) AND (cd_education_status = 'Primary'::bpchar)))"}]}, {"Node Type": "Index Scan", "Parent Relationship": "Inner", "Parallel Aware": false, "Async Capable": false, "Scan Direction": "Forward", "Index Name": "customer_demographics_pkey", "Relation Name": "customer_demographics", "Alias": "cd2", "Startup Cost": 0.43, "Total Cost": 0.6, "Plan Rows": 1, "Plan Width": 27, "Index Cond": "(cd_demo_sk = web_returns.wr_returning_cdemo_sk)"}]}, {"Node Type": "Index Scan", "Parent Relationship": "Inner", "Parallel Aware": false, "Async Capable": false, "Scan Direction": "Forward", "Index Name": "web_sales_pkey", "Relation Name": "web_sales", "Alias": "web_sales", "Startup Cost": 0.43, "Total Cost": 1.68, "Plan Rows": 1, "Plan Width": 28, "Index Cond": "((ws_item_sk = web_returns.wr_item_sk) AND (ws_order_number = web_returns.wr_order_number))", "Filter": "((((ws_sales_price >= 100.00) AND (ws_sales_price <= 150.00)) OR ((ws_sales_price >= 50.00) AND (ws_sales_price <= 100.00)) OR ((ws_sales_price >= 150.00) AND (ws_sales_price <= 200.00))) AND (((ws_net_profit >= '100'::numeric) AND (ws_net_profit <= '200'::numeric)) OR ((ws_net_profit >= '150'::numeric) AND (ws_net_profit <= '300'::numeric)) OR ((ws_net_profit >= '50'::numeric) AND (ws_net_profit <= '250'::numeric))))"}]}]}, {"Node Type": "Index Scan", "Parent Relationship": "Inner", "Parallel Aware": false, "Async Capable": false, "Scan Direction": "Forward", "Index Name": "web_page_pkey", "Relation Name": "web_page", "Alias": "web_page", "Startup Cost": 0.14, "Total Cost": 0.16, "Plan Rows": 1, "Plan Width": 4, "Index Cond": "(wp_web_page_sk = web_sales.ws_web_page_sk)"}]}, {"Node Type": "Index Scan", "Parent Relationship": "Inner", "Parallel Aware": false, "Async Capable": false, "Scan Direction": "Forward", "Index Name": "date_dim_pkey", "Relation Name": "date_dim", "Alias": "date_dim", "Startup Cost": 0.29, "Total Cost": 0.33, "Plan Rows": 1, "Plan Width": 4, "Index Cond": "(d_date_sk = web_sales.ws_sold_date_sk)", "Filter": "(d_year = 1998)"}]}, {"Node Type": "Index Scan", "Parent Relationship": "Inner", "Parallel Aware": false, "Async Capable": false, "Scan Direction": "Forward", "Index Name": "reason_pkey", "Relation Name": "reason", "Alias": "reason", "Startup Cost": 0.14, "Total Cost": 0.16, "Plan Rows": 1, "Plan Width": 4, "Index Cond": "(r_reason_sk = web_returns.wr_reason_sk)"}]}]}}, {"Plan": {"Node Type": "Aggregate", "Strategy": "Plain", "Partial Mode": "Simple", "Parallel Aware": false, "Async Capable": false, "Startup Cost": 94501.95, "Total Cost": 94501.96, "Plan Rows": 1, "Plan Width": 8, "Plans": [{"Node Type": "Nested Loop", "Parent Relationship": "Outer", "Parallel Aware": false, "Async Capable": false, "Join Type": "Inner", "Startup Cost": 53742.17, "Total Cost": 94501.94, "Plan Rows": 1, "Plan Width": 0, "Inner Unique": true, "Plans": [{"Node Type": "Nested Loop", "Parent Relationship": "Outer", "Parallel Aware": false, "Async Capable": false, "Join Type": "Inner", "Startup Cost": 53742.03, "Total Cost": 94501.79, "Plan Rows": 1, "Plan Width": 4, "Inner Unique": true, "Plans": [{"Node Type": "Nested Loop", "Parent Relationship": "Outer", "Parallel Aware": false, "Async Capable": false, "Join Type": "Inner", "Startup Cost": 53741.74, "Total Cost": 94501.45, "Plan Rows": 1, "Plan Width": 8, "Inner Unique": true, "Plans": [{"Node Type": "Gather", "Parent Relationship": "Outer", "Parallel Aware": false, "Async Capable": false, "Startup Cost": 53741.6, "Total Cost": 94501.29, "Plan Rows": 1, "Plan Width": 12, "Workers Planned": 3, "Single Copy": false, "Plans": [{"Node Type": "Nested Loop", "Parent Relationship": "Outer", "Parallel Aware": false, "Async Capable": false, "Join Type": "Inner", "Startup Cost": 52741.6, "Total Cost": 93501.19, "Plan Rows": 1, "Plan Width": 12, "Inner Unique": true, "Join Filter": "((((customer_address.ca_state = ANY ('{MI,KY,ID}'::bpchar[])) AND (web_sales.ws_net_profit >= '100'::numeric) AND (web_sales.ws_net_profit <= '200'::numeric)) OR ((customer_address.ca_state = ANY ('{OR,UT,GA}'::bpchar[])) AND (web_sales.ws_net_profit >= '150'::numeric) AND (web_sales.ws_net_profit <= '300'::numeric)) OR ((customer_address.ca_state = ANY ('{VA,TX,ND}'::bpchar[])) AND (web_sales.ws_net_profit >= '50'::numeric) AND (web_sales.ws_net_profit <= '250'::numeric))) AND (((cd1.cd_marital_status = 'M'::bpchar) AND (cd1.cd_education_status = 'Unknown'::bpchar) AND (web_sales.ws_sales_price >= 100.00) AND (web_sales.ws_sales_price <= 150.00)) OR ((cd1.cd_marital_status = 'S'::bpchar) AND (cd1.cd_education_status = 'College'::bpchar) AND (web_sales.ws_sales_price >= 50.00) AND (web_sales.ws_sales_price <= 100.00)) OR ((cd1.cd_marital_status = 'U'::bpchar) AND (cd1.cd_education_status = 'Primary'::bpchar) AND (web_sales.ws_sales_price >= 150.00) AND (web_sales.ws_sales_price <= 200.00))))", "Plans": [{"Node Type": "Nested Loop", "Parent Relationship": "Outer", "Parallel Aware": false, "Async Capable": false, "Join Type": "Inner", "Startup Cost": 52741.16, "Total Cost": 93258.5, "Plan Rows": 139, "Plan Width": 38, "Inner Unique": true, "Join Filter": "((cd1.cd_marital_status = cd2.cd_marital_status) AND (cd1.cd_education_status = cd2.cd_education_status))", "Plans": [{"Node Type": "Nested Loop", "Parent Relationship": "Outer", "Parallel Aware": false, "Async Capable": false, "Join Type": "Inner", "Startup Cost": 52740.74, "Total Cost": 90279.37, "Plan Rows": 4877, "Plan Width": 42, "Inner Unique": true, "Plans": [{"Node Type": "Merge Join", "Parent Relationship": "Outer", "Parallel Aware": false, "Async Capable": false, "Join Type": "Inner", "Startup Cost": 52740.31, "Total Cost": 54717.95, "Plan Rows": 58216, "Plan Width": 23, "Inner Unique": true, "Merge Cond": "(web_returns.wr_refunded_addr_sk = customer_address.ca_address_sk)", "Plans": [{"Node Type": "Sort", "Parent Relationship": "Outer", "Parallel Aware": false, "Async Capable": false, "Startup Cost": 36316.1, "Total Cost": 36896.12, "Plan Rows": 232005, "Plan Width": 24, "Sort Key": ["web_returns.wr_refunded_addr_sk"], "Plans": [{"Node Type": "Seq Scan", "Parent Relationship": "Outer", "Parallel Aware": true, "Async Capable": false, "Relation Name": "web_returns", "Alias": "web_returns", "Startup Cost": 0.0, "Total Cost": 15640.05, "Plan Rows": 232005, "Plan Width": 24}]}, {"Node Type": "Sort", "Parent Relationship": "Inner", "Parallel Aware": false, "Async Capable": false, "Startup Cost": 16424.19, "Total Cost": 16581.01, "Plan Rows": 62731, "Plan Width": 7, "Sort Key": ["customer_address.ca_address_sk"], "Plans": [{"Node Type": "Seq Scan", "Parent Relationship": "Outer", "Parallel Aware": false, "Async Capable": false, "Relation Name": "customer_address", "Alias": "customer_address", "Startup Cost": 0.0, "Total Cost": 11425.5, "Plan Rows": 62731, "Plan Width": 7, "Filter": "(((ca_country)::text = 'United States'::text) AND ((ca_state = ANY ('{MI,KY,ID}'::bpchar[])) OR (ca_state = ANY ('{OR,UT,GA}'::bpchar[])) OR (ca_state = ANY ('{VA,TX,ND}'::bpchar[]))))"}]}]}, {"Node Type": "Index Scan", "Parent Relationship": "Inner", "Parallel Aware": false, "Async Capable": false, "Scan Direction": "Forward", "Index Name": "customer_demographics_pkey", "Relation Name": "customer_demographics", "Alias": "cd1", "Startup Cost": 0.43, "Total Cost": 0.61, "Plan Rows": 1, "Plan Width": 27, "Index Cond": "(cd_demo_sk = web_returns.wr_refunded_cdemo_sk)", "Filter": "(((cd_marital_status = 'M'::bpchar) AND (cd_education_status = 'Unknown'::bpchar)) OR ((cd_marital_status = 'S'::bpchar) AND (cd_education_status = 'College'::bpchar)) OR ((cd_marital_status = 'U'::bpchar) AND (cd_education_status = 'Primary'::bpchar)))"}]}, {"Node Type": "Index Scan", "Parent Relationship": "Inner", "Parallel Aware": false, "Async Capable": false, "Scan Direction": "Forward", "Index Name": "customer_demographics_pkey", "Relation Name": "customer_demographics", "Alias": "cd2", "Startup Cost": 0.43, "Total Cost": 0.6, "Plan Rows": 1, "Plan Width": 27, "Index Cond": "(cd_demo_sk = web_returns.wr_returning_cdemo_sk)"}]}, {"Node Type": "Index Scan", "Parent Relationship": "Inner", "Parallel Aware": false, "Async Capable": false, "Scan Direction": "Forward", "Index Name": "web_sales_pkey", "Relation Name": "web_sales", "Alias": "web_sales", "Startup Cost": 0.43, "Total Cost": 1.68, "Plan Rows": 1, "Plan Width": 28, "Index Cond": "((ws_item_sk = web_returns.wr_item_sk) AND (ws_order_number = web_returns.wr_order_number))", "Filter": "((((ws_sales_price >= 100.00) AND (ws_sales_price <= 150.00)) OR ((ws_sales_price >= 50.00) AND (ws_sales_price <= 100.00)) OR ((ws_sales_price >= 150.00) AND (ws_sales_price <= 200.00))) AND (((ws_net_profit >= '100'::numeric) AND (ws_net_profit <= '200'::numeric)) OR ((ws_net_profit >= '150'::numeric) AND (ws_net_profit <= '300'::numeric)) OR ((ws_net_profit >= '50'::numeric) AND (ws_net_profit <= '250'::numeric))))"}]}]}, {"Node Type": "Index Scan", "Parent Relationship": "Inner", "Parallel Aware": false, "Async Capable": false, "Scan Direction": "Forward", "Index Name": "web_page_pkey", "Relation Name": "web_page", "Alias": "web_page", "Startup Cost": 0.14, "Total Cost": 0.16, "Plan Rows": 1, "Plan Width": 4, "Index Cond": "(wp_web_page_sk = web_sales.ws_web_page_sk)"}]}, {"Node Type": "Index Scan", "Parent Relationship": "Inner", "Parallel Aware": false, "Async Capable": false, "Scan Direction": "Forward", "Index Name": "date_dim_pkey", "Relation Name": "date_dim", "Alias": "date_dim", "Startup Cost": 0.29, "Total Cost": 0.33, "Plan Rows": 1, "Plan Width": 4, "Index Cond": "(d_date_sk = web_sales.ws_sold_date_sk)", "Filter": "(d_year = 1998)"}]}, {"Node Type": "Index Scan", "Parent Relationship": "Inner", "Parallel Aware": false, "Async Capable": false, "Scan Direction": "Forward", "Index Name": "reason_pkey", "Relation Name": "reason", "Alias": "reason", "Startup Cost": 0.14, "Total Cost": 0.16, "Plan Rows": 1, "Plan Width": 4, "Index Cond": "(r_reason_sk = web_returns.wr_reason_sk)"}]}]}}, {"Plan": {"Node Type": "Aggregate", "Strategy": "Plain", "Partial Mode": "Simple", "Parallel Aware": false, "Async Capable": false, "Startup Cost": 210180.51, "Total Cost": 210180.52, "Plan Rows": 1, "Plan Width": 8, "Plans": [{"Node Type": "Nested Loop", "Parent Relationship": "Outer", "Parallel Aware": false, "Async Capable": false, "Join Type": "Inner", "Startup Cost": 1002.72, "Total Cost": 210180.51, "Plan Rows": 1, "Plan Width": 0, "Inner Unique": true, "Plans": [{"Node Type": "Nested Loop", "Parent Relationship": "Outer", "Parallel Aware": false, "Async Capable": false, "Join Type": "Inner", "Startup Cost": 1002.58, "Total Cost": 210180.35, "Plan Rows": 1, "Plan Width": 4, "Inner Unique": true, "Plans": [{"Node Type": "Nested Loop", "Parent Relationship": "Outer", "Parallel Aware": false, "Async Capable": false, "Join Type": "Inner", "Startup Cost": 1002.29, "Total Cost": 210180.02, "Plan Rows": 1, "Plan Width": 8, "Inner Unique": true, "Plans": [{"Node Type": "Gather", "Parent Relationship": "Outer", "Parallel Aware": false, "Async Capable": false, "Startup Cost": 1002.14, "Total Cost": 210179.86, "Plan Rows": 1, "Plan Width": 12, "Workers Planned": 3, "Single Copy": false, "Plans": [{"Node Type": "Nested Loop", "Parent Relationship": "Outer", "Parallel Aware": false, "Async Capable": false, "Join Type": "Inner", "Startup Cost": 2.14, "Total Cost": 209179.76, "Plan Rows": 1, "Plan Width": 12, "Inner Unique": true, "Join Filter": "((((customer_address.ca_state = ANY ('{MI,KY,ID}'::bpchar[])) AND (web_sales.ws_net_profit >= '100'::numeric) AND (web_sales.ws_net_profit <= '200'::numeric)) OR ((customer_address.ca_state = ANY ('{OR,UT,GA}'::bpchar[])) AND (web_sales.ws_net_profit >= '150'::numeric) AND (web_sales.ws_net_profit <= '300'::numeric)) OR ((customer_address.ca_state = ANY ('{VA,TX,ND}'::bpchar[])) AND (web_sales.ws_net_profit >= '50'::numeric) AND (web_sales.ws_net_profit <= '250'::numeric))) AND (((cd1.cd_marital_status = 'M'::bpchar) AND (cd1.cd_education_status = 'Unknown'::bpchar) AND (web_sales.ws_sales_price >= 100.00) AND (web_sales.ws_sales_price <= 150.00)) OR ((cd1.cd_marital_status = 'S'::bpchar) AND (cd1.cd_education_status = 'College'::bpchar) AND (web_sales.ws_sales_price >= 50.00) AND (web_sales.ws_sales_price <= 100.00)) OR ((cd1.cd_marital_status = 'U'::bpchar) AND (cd1.cd_education_status = 'Primary'::bpchar) AND (web_sales.ws_sales_price >= 150.00) AND (web_sales.ws_sales_price <= 200.00))))", "Plans": [{"Node Type": "Nested Loop", "Parent Relationship": "Outer", "Parallel Aware": false, "Async Capable": false, "Join Type": "Inner", "Startup Cost": 1.71, "Total Cost": 208937.07, "Plan Rows": 139, "Plan Width": 38, "Inner Unique": true, "Join Filter": "((cd1.cd_marital_status = cd2.cd_marital_status) AND (cd1.cd_education_status = cd2.cd_education_status))", "Plans": [{"Node Type": "Nested Loop", "Parent Relationship": "Outer", "Parallel Aware": false, "Async Capable": false, "Join Type": "Inner", "Startup Cost": 1.28, "Total Cost": 205957.94, "Plan Rows": 4877, "Plan Width": 42, "Inner Unique": true, "Plans": [{"Node Type": "Nested Loop", "Parent Relationship": "Outer", "Parallel Aware": false, "Async Capable": false, "Join Type": "Inner", "Startup Cost": 0.85, "Total Cost": 170396.52, "Plan Rows": 58216, "Plan Width": 23, "Inner Unique": true, "Plans": [{"Node Type": "Index Scan", "Parent Relationship": "Outer", "Parallel Aware": true, "Async Capable": false, "Scan Direction": "Forward", "Index Name": "web_returns_pkey", "Relation Name": "web_returns", "Alias": "web_returns", "Startup Cost": 0.42, "Total Cost": 68868.56, "Plan Rows": 232005, "Plan Width": 24}, {"Node Type": "Memoize", "Parent Relationship": "Inner", "Parallel Aware": false, "Async Capable": false, "Startup Cost": 0.43, "Total Cost": 0.5, "Plan Rows": 1, "Plan Width": 7, "Cache Key": "web_returns.wr_refunded_addr_sk", "Cache Mode": "logical", "Plans": [{"Node Type": "Index Scan", "Parent Relationship": "Outer", "Parallel Aware": false, "Async Capable": false, "Scan Direction": "Forward", "Index Name": "customer_address_pkey", "Relation Name": "customer_address", "Alias": "customer_address", "Startup Cost": 0.42, "Total Cost": 0.49, "Plan Rows": 1, "Plan Width": 7, "Index Cond": "(ca_address_sk = web_returns.wr_refunded_addr_sk)", "Filter": "(((ca_country)::text = 'United States'::text) AND ((ca_state = ANY ('{MI,KY,ID}'::bpchar[])) OR (ca_state = ANY ('{OR,UT,GA}'::bpchar[])) OR (ca_state = ANY ('{VA,TX,ND}'::bpchar[]))))"}]}]}, {"Node Type": "Index Scan", "Parent Relationship": "Inner", "Parallel Aware": false, "Async Capable": false, "Scan Direction": "Forward", "Index Name": "customer_demographics_pkey", "Relation Name": "customer_demographics", "Alias": "cd1", "Startup Cost": 0.43, "Total Cost": 0.61, "Plan Rows": 1, "Plan Width": 27, "Index Cond": "(cd_demo_sk = web_returns.wr_refunded_cdemo_sk)", "Filter": "(((cd_marital_status = 'M'::bpchar) AND (cd_education_status = 'Unknown'::bpchar)) OR ((cd_marital_status = 'S'::bpchar) AND (cd_education_status = 'College'::bpchar)) OR ((cd_marital_status = 'U'::bpchar) AND (cd_education_status = 'Primary'::bpchar)))"}]}, {"Node Type": "Index Scan", "Parent Relationship": "Inner", "Parallel Aware": false, "Async Capable": false, "Scan Direction": "Forward", "Index Name": "customer_demographics_pkey", "Relation Name": "customer_demographics", "Alias": "cd2", "Startup Cost": 0.43, "Total Cost": 0.6, "Plan Rows": 1, "Plan Width": 27, "Index Cond": "(cd_demo_sk = web_returns.wr_returning_cdemo_sk)"}]}, {"Node Type": "Index Scan", "Parent Relationship": "Inner", "Parallel Aware": false, "Async Capable": false, "Scan Direction": "Forward", "Index Name": "web_sales_pkey", "Relation Name": "web_sales", "Alias": "web_sales", "Startup Cost": 0.43, "Total Cost": 1.68, "Plan Rows": 1, "Plan Width": 28, "Index Cond": "((ws_item_sk = web_returns.wr_item_sk) AND (ws_order_number = web_returns.wr_order_number))", "Filter": "((((ws_sales_price >= 100.00) AND (ws_sales_price <= 150.00)) OR ((ws_sales_price >= 50.00) AND (ws_sales_price <= 100.00)) OR ((ws_sales_price >= 150.00) AND (ws_sales_price <= 200.00))) AND (((ws_net_profit >= '100'::numeric) AND (ws_net_profit <= '200'::numeric)) OR ((ws_net_profit >= '150'::numeric) AND (ws_net_profit <= '300'::numeric)) OR ((ws_net_profit >= '50'::numeric) AND (ws_net_profit <= '250'::numeric))))"}]}]}, {"Node Type": "Index Scan", "Parent Relationship": "Inner", "Parallel Aware": false, "Async Capable": false, "Scan Direction": "Forward", "Index Name": "web_page_pkey", "Relation Name": "web_page", "Alias": "web_page", "Startup Cost": 0.14, "Total Cost": 0.16, "Plan Rows": 1, "Plan Width": 4, "Index Cond": "(wp_web_page_sk = web_sales.ws_web_page_sk)"}]}, {"Node Type": "Index Scan", "Parent Relationship": "Inner", "Parallel Aware": false, "Async Capable": false, "Scan Direction": "Forward", "Index Name": "date_dim_pkey", "Relation Name": "date_dim", "Alias": "date_dim", "Startup Cost": 0.29, "Total Cost": 0.33, "Plan Rows": 1, "Plan Width": 4, "Index Cond": "(d_date_sk = web_sales.ws_sold_date_sk)", "Filter": "(d_year = 1998)"}]}, {"Node Type": "Index Scan", "Parent Relationship": "Inner", "Parallel Aware": false, "Async Capable": false, "Scan Direction": "Forward", "Index Name": "reason_pkey", "Relation Name": "reason", "Alias": "reason", "Startup Cost": 0.14, "Total Cost": 0.16, "Plan Rows": 1, "Plan Width": 4, "Index Cond": "(r_reason_sk = web_returns.wr_reason_sk)"}]}]}}, {"Plan": {"Node Type": "Aggregate", "Strategy": "Plain", "Partial Mode": "Simple", "Parallel Aware": false, "Async Capable": false, "Startup Cost": 156952.01, "Total Cost": 156952.02, "Plan Rows": 1, "Plan Width": 8, "Plans": [{"Node Type": "Nested Loop", "Parent Relationship": "Outer", "Parallel Aware": false, "Async Capable": false, "Join Type": "Inner", "Startup Cost": 1002.29, "Total Cost": 156952.01, "Plan Rows": 1, "Plan Width": 0, "Inner Unique": true, "Plans": [{"Node Type": "Nested Loop", "Parent Relationship": "Outer", "Parallel Aware": false, "Async Capable": false, "Join Type": "Inner", "Startup Cost": 1002.15, "Total Cost": 156951.85, "Plan Rows": 1, "Plan Width": 4, "Inner Unique": true, "Plans": [{"Node Type": "Nested Loop", "Parent Relationship": "Outer", "Parallel Aware": false, "Async Capable": false, "Join Type": "Inner", "Startup Cost": 1001.86, "Total Cost": 156951.52, "Plan Rows": 1, "Plan Width": 8, "Inner Unique": true, "Plans": [{"Node Type": "Gather", "Parent Relationship": "Outer", "Parallel Aware": false, "Async Capable": false, "Startup Cost": 1001.72, "Total Cost": 156951.36, "Plan Rows": 1, "Plan Width": 12, "Workers Planned": 3, "Single Copy": false, "Plans": [{"Node Type": "Nested Loop", "Parent Relationship": "Outer", "Parallel Aware": false, "Async Capable": false, "Join Type": "Inner", "Startup Cost": 1.72, "Total Cost": 155951.26, "Plan Rows": 1, "Plan Width": 12, "Inner Unique": true, "Join Filter": "((((customer_address.ca_state = ANY ('{MI,KY,ID}'::bpchar[])) AND (web_sales.ws_net_profit >= '100'::numeric) AND (web_sales.ws_net_profit <= '200'::numeric)) OR ((customer_address.ca_state = ANY ('{OR,UT,GA}'::bpchar[])) AND (web_sales.ws_net_profit >= '150'::numeric) AND (web_sales.ws_net_profit <= '300'::numeric)) OR ((customer_address.ca_state = ANY ('{VA,TX,ND}'::bpchar[])) AND (web_sales.ws_net_profit >= '50'::numeric) AND (web_sales.ws_net_profit <= '250'::numeric))) AND (((cd1.cd_marital_status = 'M'::bpchar) AND (cd1.cd_education_status = 'Unknown'::bpchar) AND (web_sales.ws_sales_price >= 100.00) AND (web_sales.ws_sales_price <= 150.00)) OR ((cd1.cd_marital_status = 'S'::bpchar) AND (cd1.cd_education_status = 'College'::bpchar) AND (web_sales.ws_sales_price >= 50.00) AND (web_sales.ws_sales_price <= 100.00)) OR ((cd1.cd_marital_status = 'U'::bpchar) AND (cd1.cd_education_status = 'Primary'::bpchar) AND (web_sales.ws_sales_price >= 150.00) AND (web_sales.ws_sales_price <= 200.00))))", "Plans": [{"Node Type": "Nested Loop", "Parent Relationship": "Outer", "Parallel Aware": false, "Async Capable": false, "Join Type": "Inner", "Startup Cost": 1.28, "Total Cost": 155708.56, "Plan Rows": 139, "Plan Width": 38, "Inner Unique": true, "Join Filter": "((cd1.cd_marital_status = cd2.cd_marital_status) AND (cd1.cd_education_status = cd2.cd_education_status))", "Plans": [{"Node Type": "Nested Loop", "Parent Relationship": "Outer", "Parallel Aware": false, "Async Capable": false, "Join Type": "Inner", "Startup Cost": 0.86, "Total Cost": 152729.43, "Plan Rows": 4877, "Plan Width": 42, "Inner Unique": true, "Plans": [{"Node Type": "Nested Loop", "Parent Relationship": "Outer", "Parallel Aware": false, "Async Capable": false, "Join Type": "Inner", "Startup Cost": 0.43, "Total Cost": 117168.02, "Plan Rows": 58216, "Plan Width": 23, "Inner Unique": true, "Plans": [{"Node Type": "Seq Scan", "Parent Relationship": "Outer", "Parallel Aware": true, "Async Capable": false, "Relation Name": "web_returns", "Alias": "web_returns", "Startup Cost": 0.0, "Total Cost": 15640.05, "Plan Rows": 232005, "Plan Width": 24}, {"Node Type": "Memoize", "Parent Relationship": "Inner", "Parallel Aware": false, "Async Capable": false, "Startup Cost": 0.43, "Total Cost": 0.5, "Plan Rows": 1, "Plan Width": 7, "Cache Key": "web_returns.wr_refunded_addr_sk", "Cache Mode": "logical", "Plans": [{"Node Type": "Index Scan", "Parent Relationship": "Outer", "Parallel Aware": false, "Async Capable": false, "Scan Direction": "Forward", "Index Name": "customer_address_pkey", "Relation Name": "customer_address", "Alias": "customer_address", "Startup Cost": 0.42, "Total Cost": 0.49, "Plan Rows": 1, "Plan Width": 7, "Index Cond": "(ca_address_sk = web_returns.wr_refunded_addr_sk)", "Filter": "(((ca_country)::text = 'United States'::text) AND ((ca_state = ANY ('{MI,KY,ID}'::bpchar[])) OR (ca_state = ANY ('{OR,UT,GA}'::bpchar[])) OR (ca_state = ANY ('{VA,TX,ND}'::bpchar[]))))"}]}]}, {"Node Type": "Index Scan", "Parent Relationship": "Inner", "Parallel Aware": false, "Async Capable": false, "Scan Direction": "Forward", "Index Name": "customer_demographics_pkey", "Relation Name": "customer_demographics", "Alias": "cd1", "Startup Cost": 0.43, "Total Cost": 0.61, "Plan Rows": 1, "Plan Width": 27, "Index Cond": "(cd_demo_sk = web_returns.wr_refunded_cdemo_sk)", "Filter": "(((cd_marital_status = 'M'::bpchar) AND (cd_education_status = 'Unknown'::bpchar)) OR ((cd_marital_status = 'S'::bpchar) AND (cd_education_status = 'College'::bpchar)) OR ((cd_marital_status = 'U'::bpchar) AND (cd_education_status = 'Primary'::bpchar)))"}]}, {"Node Type": "Index Scan", "Parent Relationship": "Inner", "Parallel Aware": false, "Async Capable": false, "Scan Direction": "Forward", "Index Name": "customer_demographics_pkey", "Relation Name": "customer_demographics", "Alias": "cd2", "Startup Cost": 0.43, "Total Cost": 0.6, "Plan Rows": 1, "Plan Width": 27, "Index Cond": "(cd_demo_sk = web_returns.wr_returning_cdemo_sk)"}]}, {"Node Type": "Index Scan", "Parent Relationship": "Inner", "Parallel Aware": false, "Async Capable": false, "Scan Direction": "Forward", "Index Name": "web_sales_pkey", "Relation Name": "web_sales", "Alias": "web_sales", "Startup Cost": 0.43, "Total Cost": 1.68, "Plan Rows": 1, "Plan Width": 28, "Index Cond": "((ws_item_sk = web_returns.wr_item_sk) AND (ws_order_number = web_returns.wr_order_number))", "Filter": "((((ws_sales_price >= 100.00) AND (ws_sales_price <= 150.00)) OR ((ws_sales_price >= 50.00) AND (ws_sales_price <= 100.00)) OR ((ws_sales_price >= 150.00) AND (ws_sales_price <= 200.00))) AND (((ws_net_profit >= '100'::numeric) AND (ws_net_profit <= '200'::numeric)) OR ((ws_net_profit >= '150'::numeric) AND (ws_net_profit <= '300'::numeric)) OR ((ws_net_profit >= '50'::numeric) AND (ws_net_profit <= '250'::numeric))))"}]}]}, {"Node Type": "Index Scan", "Parent Relationship": "Inner", "Parallel Aware": false, "Async Capable": false, "Scan Direction": "Forward", "Index Name": "web_page_pkey", "Relation Name": "web_page", "Alias": "web_page", "Startup Cost": 0.14, "Total Cost": 0.16, "Plan Rows": 1, "Plan Width": 4, "Index Cond": "(wp_web_page_sk = web_sales.ws_web_page_sk)"}]}, {"Node Type": "Index Scan", "Parent Relationship": "Inner", "Parallel Aware": false, "Async Capable": false, "Scan Direction": "Forward", "Index Name": "date_dim_pkey", "Relation Name": "date_dim", "Alias": "date_dim", "Startup Cost": 0.29, "Total Cost": 0.33, "Plan Rows": 1, "Plan Width": 4, "Index Cond": "(d_date_sk = web_sales.ws_sold_date_sk)", "Filter": "(d_year = 1998)"}]}, {"Node Type": "Index Scan", "Parent Relationship": "Inner", "Parallel Aware": false, "Async Capable": false, "Scan Direction": "Forward", "Index Name": "reason_pkey", "Relation Name": "reason", "Alias": "reason", "Startup Cost": 0.14, "Total Cost": 0.16, "Plan Rows": 1, "Plan Width": 4, "Index Cond": "(r_reason_sk = web_returns.wr_reason_sk)"}]}]}}]