[{"Plan": {"Node Type": "Aggregate", "Strategy": "Plain", "Partial Mode": "Finalize", "Parallel Aware": false, "Async Capable": false, "Startup Cost": 82332.22, "Total Cost": 82332.23, "Plan Rows": 1, "Plan Width": 8, "Plans": [{"Node Type": "Gather", "Parent Relationship": "Outer", "Parallel Aware": false, "Async Capable": false, "Startup Cost": 82331.8, "Total Cost": 82332.21, "Plan Rows": 4, "Plan Width": 8, "Workers Planned": 4, "Single Copy": false, "Plans": [{"Node Type": "Aggregate", "Strategy": "Plain", "Partial Mode": "Partial", "Parent Relationship": "Outer", "Parallel Aware": false, "Async Capable": false, "Startup Cost": 81331.8, "Total Cost": 81331.81, "Plan Rows": 1, "Plan Width": 8, "Plans": [{"Node Type": "Hash Join", "Parent Relationship": "Outer", "Parallel Aware": true, "Async Capable": false, "Join Type": "Inner", "Startup Cost": 23492.82, "Total Cost": 81330.61, "Plan Rows": 478, "Plan Width": 0, "Inner Unique": false, "Hash Cond": "(store_returns.sr_cdemo_sk = customer_demographics.cd_demo_sk)", "Plans": [{"Node Type": "Seq Scan", "Parent Relationship": "Outer", "Parallel Aware": true, "Async Capable": false, "Relation Name": "store_returns", "Alias": "store_returns", "Startup Cost": 0.0, "Total Cost": 55140.58, "Plan Rows": 718858, "Plan Width": 4}, {"Node Type": "Hash", "Parent Relationship": "Inner", "Parallel Aware": true, "Async Capable": false, "Startup Cost": 23487.67, "Total Cost": 23487.67, "Plan Rows": 412, "Plan Width": 8, "Plans": [{"Node Type": "Nested Loop", "Parent Relationship": "Outer", "Parallel Aware": false, "Async Capable": false, "Join Type": "Inner", "Startup Cost": 6977.88, "Total Cost": 23487.67, "Plan Rows": 412, "Plan Width": 8, "Inner Unique": true, "Plans": [{"Node Type": "Hash Join", "Parent Relationship": "Outer", "Parallel Aware": false, "Async Capable": false, "Join Type": "Inner", "Startup Cost": 6977.45, "Total Cost": 23286.87, "Plan Rows": 412, "Plan Width": 4, "Inner Unique": false, "Hash Cond": "(customer.c_current_hdemo_sk = household_demographics.hd_demo_sk)", "Plans": [{"Node Type": "Hash Join", "Parent Relationship": "Outer", "Parallel Aware": true, "Async Capable": false, "Join Type": "Inner", "Startup Cost": 6801.17, "Total Cost": 23101.47, "Plan Rows": 1373, "Plan Width": 8, "Inner Unique": true, "Hash Cond": "(customer.c_current_addr_sk = customer_address.ca_address_sk)", "Plans": [{"Node Type": "Seq Scan", "Parent Relationship": "Outer", "Parallel Aware": true, "Async Capable": false, "Relation Name": "customer", "Alias": "customer", "Startup Cost": 0.0, "Total Cost": 15876.9, "Plan Rows": 161290, "Plan Width": 12}, {"Node Type": "Hash", "Parent Relationship": "Inner", "Parallel Aware": true, "Async Capable": false, "Startup Cost": 6790.08, "Total Cost": 6790.08, "Plan Rows": 887, "Plan Width": 4, "Plans": [{"Node Type": "Seq Scan", "Parent Relationship": "Outer", "Parallel Aware": true, "Async Capable": false, "Relation Name": "customer_address", "Alias": "customer_address", "Startup Cost": 0.0, "Total Cost": 6790.08, "Plan Rows": 887, "Plan Width": 4, "Filter": "((ca_city)::text = 'Unionville'::text)"}]}]}, {"Node Type": "Hash", "Parent Relationship": "Inner", "Parallel Aware": false, "Async Capable": false, "Startup Cost": 149.28, "Total Cost": 149.28, "Plan Rows": 2160, "Plan Width": 4, "Plans": [{"Node Type": "Hash Join", "Parent Relationship": "Outer", "Parallel Aware": false, "Async Capable": false, "Join Type": "Inner", "Startup Cost": 1.38, "Total Cost": 149.28, "Plan Rows": 2160, "Plan Width": 4, "Inner Unique": true, "Hash Cond": "(household_demographics.hd_income_band_sk = income_band.ib_income_band_sk)", "Plans": [{"Node Type": "Seq Scan", "Parent Relationship": "Outer", "Parallel Aware": false, "Async Capable": false, "Relation Name": "household_demographics", "Alias": "household_demographics", "Startup Cost": 0.0, "Total Cost": 125.0, "Plan Rows": 7200, "Plan Width": 8}, {"Node Type": "Hash", "Parent Relationship": "Inner", "Parallel Aware": false, "Async Capable": false, "Startup Cost": 1.3, "Total Cost": 1.3, "Plan Rows": 6, "Plan Width": 4, "Plans": [{"Node Type": "Seq Scan", "Parent Relationship": "Outer", "Parallel Aware": false, "Async Capable": false, "Relation Name": "income_band", "Alias": "income_band", "Startup Cost": 0.0, "Total Cost": 1.3, "Plan Rows": 6, "Plan Width": 4, "Filter": "((ib_lower_bound >= 23725) AND (ib_upper_bound <= 73725))"}]}]}]}]}, {"Node Type": "Index Only Scan", "Parent Relationship": "Inner", "Parallel Aware": false, "Async Capable": false, "Scan Direction": "Forward", "Index Name": "customer_demographics_pkey", "Relation Name": "customer_demographics", "Alias": "customer_demographics", "Startup Cost": 0.43, "Total Cost": 0.49, "Plan Rows": 1, "Plan Width": 4, "Index Cond": "(cd_demo_sk = customer.c_current_cdemo_sk)"}]}]}]}]}]}]}}, {"Plan": {"Node Type": "Aggregate", "Strategy": "Plain", "Partial Mode": "Simple", "Parallel Aware": false, "Async Capable": false, "Startup Cost": 60000126859.84, "Total Cost": 60000126859.85, "Plan Rows": 1, "Plan Width": 8, "Plans": [{"Node Type": "Hash Join", "Parent Relationship": "Outer", "Parallel Aware": false, "Async Capable": false, "Join Type": "Inner", "Startup Cost": 60000039347.42, "Total Cost": 60000126855.06, "Plan Rows": 1912, "Plan Width": 0, "Inner Unique": false, "Hash Cond": "(store_returns.sr_cdemo_sk = customer_demographics.cd_demo_sk)", "Plans": [{"Node Type": "Seq Scan", "Parent Relationship": "Outer", "Parallel Aware": false, "Async Capable": false, "Relation Name": "store_returns", "Alias": "store_returns", "Startup Cost": 10000000000.0, "Total Cost": 10000076706.32, "Plan Rows": 2875432, "Plan Width": 4}, {"Node Type": "Hash", "Parent Relationship": "Inner", "Parallel Aware": false, "Async Capable": false, "Startup Cost": 50000039331.46, "Total Cost": 50000039331.46, "Plan Rows": 1277, "Plan Width": 8, "Plans": [{"Node Type": "Nested Loop", "Parent Relationship": "Outer", "Parallel Aware": false, "Async Capable": false, "Join Type": "Inner", "Startup Cost": 50000012997.09, "Total Cost": 50000039331.46, "Plan Rows": 1277, "Plan Width": 8, "Inner Unique": true, "Plans": [{"Node Type": "Hash Join", "Parent Relationship": "Outer", "Parallel Aware": false, "Async Capable": false, "Join Type": "Inner", "Startup Cost": 40000012996.61, "Total Cost": 40000033597.86, "Plan Rows": 1277, "Plan Width": 4, "Inner Unique": true, "Hash Cond": "(household_demographics.hd_income_band_sk = income_band.ib_income_band_sk)", "Plans": [{"Node Type": "Hash Join", "Parent Relationship": "Outer", "Parallel Aware": false, "Async Capable": false, "Join Type": "Inner", "Startup Cost": 30000012984.0, "Total Cost": 30000033571.71, "Plan Rows": 4256, "Plan Width": 8, "Inner Unique": true, "Hash Cond": "(customer.c_current_hdemo_sk = household_demographics.hd_demo_sk)", "Plans": [{"Node Type": "Hash Join", "Parent Relationship": "Outer", "Parallel Aware": false, "Async Capable": false, "Join Type": "Inner", "Startup Cost": 20000012641.72, "Total Cost": 20000033218.24, "Plan Rows": 4256, "Plan Width": 8, "Inner Unique": true, "Hash Cond": "(customer.c_current_addr_sk = customer_address.ca_address_sk)", "Plans": [{"Node Type": "Seq Scan", "Parent Relationship": "Outer", "Parallel Aware": false, "Async Capable": false, "Relation Name": "customer", "Alias": "customer", "Startup Cost": 10000000000.0, "Total Cost": 10000019264.0, "Plan Rows": 500000, "Plan Width": 12}, {"Node Type": "Hash", "Parent Relationship": "Inner", "Parallel Aware": false, "Async Capable": false, "Startup Cost": 10000012615.12, "Total Cost": 10000012615.12, "Plan Rows": 2128, "Plan Width": 4, "Plans": [{"Node Type": "Index Scan", "Parent Relationship": "Outer", "Parallel Aware": false, "Async Capable": false, "Scan Direction": "Forward", "Index Name": "customer_address_pkey", "Relation Name": "customer_address", "Alias": "customer_address", "Startup Cost": 10000000000.42, "Total Cost": 10000012615.12, "Plan Rows": 2128, "Plan Width": 4, "Filter": "((ca_city)::text = 'Unionville'::text)"}]}]}, {"Node Type": "Hash", "Parent Relationship": "Inner", "Parallel Aware": false, "Async Capable": false, "Startup Cost": 10000000252.28, "Total Cost": 10000000252.28, "Plan Rows": 7200, "Plan Width": 8, "Plans": [{"Node Type": "Index Scan", "Parent Relationship": "Outer", "Parallel Aware": false, "Async Capable": false, "Scan Direction": "Forward", "Index Name": "household_demographics_pkey", "Relation Name": "household_demographics", "Alias": "household_demographics", "Startup Cost": 10000000000.28, "Total Cost": 10000000252.28, "Plan Rows": 7200, "Plan Width": 8}]}]}, {"Node Type": "Hash", "Parent Relationship": "Inner", "Parallel Aware": false, "Async Capable": false, "Startup Cost": 10000000012.54, "Total Cost": 10000000012.54, "Plan Rows": 6, "Plan Width": 4, "Plans": [{"Node Type": "Index Scan", "Parent Relationship": "Outer", "Parallel Aware": false, "Async Capable": false, "Scan Direction": "Forward", "Index Name": "income_band_pkey", "Relation Name": "income_band", "Alias": "income_band", "Startup Cost": 10000000000.14, "Total Cost": 10000000012.54, "Plan Rows": 6, "Plan Width": 4, "Filter": "((ib_lower_bound >= 23725) AND (ib_upper_bound <= 73725))"}]}]}, {"Node Type": "Bitmap Heap Scan", "Parent Relationship": "Inner", "Parallel Aware": false, "Async Capable": false, "Relation Name": "customer_demographics", "Alias": "customer_demographics", "Startup Cost": 0.48, "Total Cost": 4.49, "Plan Rows": 1, "Plan Width": 4, "Recheck Cond": "(cd_demo_sk = customer.c_current_cdemo_sk)", "Plans": [{"Node Type": "Bitmap Index Scan", "Parent Relationship": "Outer", "Parallel Aware": false, "Async Capable": false, "Index Name": "customer_demographics_pkey", "Startup Cost": 0.0, "Total Cost": 0.48, "Plan Rows": 1, "Plan Width": 0, "Index Cond": "(cd_demo_sk = customer.c_current_cdemo_sk)"}]}]}]}]}]}}, {"Plan": {"Node Type": "Aggregate", "Strategy": "Plain", "Partial Mode": "Simple", "Parallel Aware": false, "Async Capable": false, "Startup Cost": 20000181725.7, "Total Cost": 20000181725.71, "Plan Rows": 1, "Plan Width": 8, "Plans": [{"Node Type": "Hash Join", "Parent Relationship": "Outer", "Parallel Aware": false, "Async Capable": false, "Join Type": "Inner", "Startup Cost": 20000094213.28, "Total Cost": 20000181720.92, "Plan Rows": 1912, "Plan Width": 0, "Inner Unique": false, "Hash Cond": "(store_returns.sr_cdemo_sk = customer_demographics.cd_demo_sk)", "Plans": [{"Node Type": "Seq Scan", "Parent Relationship": "Outer", "Parallel Aware": false, "Async Capable": false, "Relation Name": "store_returns", "Alias": "store_returns", "Startup Cost": 10000000000.0, "Total Cost": 10000076706.32, "Plan Rows": 2875432, "Plan Width": 4}, {"Node Type": "Hash", "Parent Relationship": "Inner", "Parallel Aware": false, "Async Capable": false, "Startup Cost": 10000094197.31, "Total Cost": 10000094197.31, "Plan Rows": 1277, "Plan Width": 8, "Plans": [{"Node Type": "Hash Join", "Parent Relationship": "Outer", "Parallel Aware": false, "Async Capable": false, "Join Type": "Inner", "Startup Cost": 10000037065.98, "Total Cost": 10000094197.31, "Plan Rows": 1277, "Plan Width": 8, "Inner Unique": false, "Hash Cond": "(customer_demographics.cd_demo_sk = customer.c_current_cdemo_sk)", "Plans": [{"Node Type": "Index Only Scan", "Parent Relationship": "Outer", "Parallel Aware": false, "Async Capable": false, "Scan Direction": "Forward", "Index Name": "customer_demographics_pkey", "Relation Name": "customer_demographics", "Alias": "customer_demographics", "Startup Cost": 0.43, "Total Cost": 49916.43, "Plan Rows": 1920800, "Plan Width": 4}, {"Node Type": "Hash", "Parent Relationship": "Inner", "Parallel Aware": false, "Async Capable": false, "Startup Cost": 10000037049.59, "Total Cost": 10000037049.59, "Plan Rows": 1277, "Plan Width": 4, "Plans": [{"Node Type": "Hash Join", "Parent Relationship": "Outer", "Parallel Aware": false, "Async Capable": false, "Join Type": "Inner", "Startup Cost": 10000024398.19, "Total Cost": 10000037049.59, "Plan Rows": 1277, "Plan Width": 4, "Inner Unique": false, "Hash Cond": "(customer_address.ca_address_sk = customer.c_current_addr_sk)", "Plans": [{"Node Type": "Index Scan", "Parent Relationship": "Outer", "Parallel Aware": false, "Async Capable": false, "Scan Direction": "Forward", "Index Name": "customer_address_pkey", "Relation Name": "customer_address", "Alias": "customer_address", "Startup Cost": 0.42, "Total Cost": 12615.12, "Plan Rows": 2128, "Plan Width": 4, "Filter": "((ca_city)::text = 'Unionville'::text)"}, {"Node Type": "Hash", "Parent Relationship": "Inner", "Parallel Aware": false, "Async Capable": false, "Startup Cost": 10000022522.77, "Total Cost": 10000022522.77, "Plan Rows": 150000, "Plan Width": 8, "Plans": [{"Node Type": "Hash Join", "Parent Relationship": "Outer", "Parallel Aware": false, "Async Capable": false, "Join Type": "Inner", "Startup Cost": 10000000354.9, "Total Cost": 10000022522.77, "Plan Rows": 150000, "Plan Width": 8, "Inner Unique": true, "Hash Cond": "(household_demographics.hd_income_band_sk = income_band.ib_income_band_sk)", "Plans": [{"Node Type": "Hash Join", "Parent Relationship": "Outer", "Parallel Aware": false, "Async Capable": false, "Join Type": "Inner", "Startup Cost": 10000000342.28, "Total Cost": 10000020919.53, "Plan Rows": 500000, "Plan Width": 12, "Inner Unique": true, "Hash Cond": "(customer.c_current_hdemo_sk = household_demographics.hd_demo_sk)", "Plans": [{"Node Type": "Seq Scan", "Parent Relationship": "Outer", "Parallel Aware": false, "Async Capable": false, "Relation Name": "customer", "Alias": "customer", "Startup Cost": 10000000000.0, "Total Cost": 10000019264.0, "Plan Rows": 500000, "Plan Width": 12}, {"Node Type": "Hash", "Parent Relationship": "Inner", "Parallel Aware": false, "Async Capable": false, "Startup Cost": 252.28, "Total Cost": 252.28, "Plan Rows": 7200, "Plan Width": 8, "Plans": [{"Node Type": "Index Scan", "Parent Relationship": "Outer", "Parallel Aware": false, "Async Capable": false, "Scan Direction": "Forward", "Index Name": "household_demographics_pkey", "Relation Name": "household_demographics", "Alias": "household_demographics", "Startup Cost": 0.28, "Total Cost": 252.28, "Plan Rows": 7200, "Plan Width": 8}]}]}, {"Node Type": "Hash", "Parent Relationship": "Inner", "Parallel Aware": false, "Async Capable": false, "Startup Cost": 12.54, "Total Cost": 12.54, "Plan Rows": 6, "Plan Width": 4, "Plans": [{"Node Type": "Index Scan", "Parent Relationship": "Outer", "Parallel Aware": false, "Async Capable": false, "Scan Direction": "Forward", "Index Name": "income_band_pkey", "Relation Name": "income_band", "Alias": "income_band", "Startup Cost": 0.14, "Total Cost": 12.54, "Plan Rows": 6, "Plan Width": 4, "Filter": "((ib_lower_bound >= 23725) AND (ib_upper_bound <= 73725))"}]}]}]}]}]}]}]}]}]}}, {"Plan": {"Node Type": "Aggregate", "Strategy": "Plain", "Partial Mode": "Simple", "Parallel Aware": false, "Async Capable": false, "Startup Cost": 20000179380.78, "Total Cost": 20000179380.79, "Plan Rows": 1, "Plan Width": 8, "Plans": [{"Node Type": "Hash Join", "Parent Relationship": "Outer", "Parallel Aware": false, "Async Capable": false, "Join Type": "Inner", "Startup Cost": 20000091868.36, "Total Cost": 20000179376.0, "Plan Rows": 1912, "Plan Width": 0, "Inner Unique": false, "Hash Cond": "(store_returns.sr_cdemo_sk = customer_demographics.cd_demo_sk)", "Plans": [{"Node Type": "Seq Scan", "Parent Relationship": "Outer", "Parallel Aware": false, "Async Capable": false, "Relation Name": "store_returns", "Alias": "store_returns", "Startup Cost": 10000000000.0, "Total Cost": 10000076706.32, "Plan Rows": 2875432, "Plan Width": 4}, {"Node Type": "Hash", "Parent Relationship": "Inner", "Parallel Aware": false, "Async Capable": false, "Startup Cost": 10000091852.4, "Total Cost": 10000091852.4, "Plan Rows": 1277, "Plan Width": 8, "Plans": [{"Node Type": "Merge Join", "Parent Relationship": "Outer", "Parallel Aware": false, "Async Capable": false, "Join Type": "Inner", "Startup Cost": 10000037115.91, "Total Cost": 10000091852.4, "Plan Rows": 1277, "Plan Width": 8, "Inner Unique": true, "Merge Cond": "(customer.c_current_cdemo_sk = customer_demographics.cd_demo_sk)", "Plans": [{"Node Type": "Sort", "Parent Relationship": "Outer", "Parallel Aware": false, "Async Capable": false, "Startup Cost": 10000037115.48, "Total Cost": 10000037118.67, "Plan Rows": 1277, "Plan Width": 4, "Sort Key": ["customer.c_current_cdemo_sk"], "Plans": [{"Node Type": "Hash Join", "Parent Relationship": "Outer", "Parallel Aware": false, "Async Capable": false, "Join Type": "Inner", "Startup Cost": 10000024398.19, "Total Cost": 10000037049.59, "Plan Rows": 1277, "Plan Width": 4, "Inner Unique": false, "Hash Cond": "(customer_address.ca_address_sk = customer.c_current_addr_sk)", "Plans": [{"Node Type": "Index Scan", "Parent Relationship": "Outer", "Parallel Aware": false, "Async Capable": false, "Scan Direction": "Forward", "Index Name": "customer_address_pkey", "Relation Name": "customer_address", "Alias": "customer_address", "Startup Cost": 0.42, "Total Cost": 12615.12, "Plan Rows": 2128, "Plan Width": 4, "Filter": "((ca_city)::text = 'Unionville'::text)"}, {"Node Type": "Hash", "Parent Relationship": "Inner", "Parallel Aware": false, "Async Capable": false, "Startup Cost": 10000022522.77, "Total Cost": 10000022522.77, "Plan Rows": 150000, "Plan Width": 8, "Plans": [{"Node Type": "Hash Join", "Parent Relationship": "Outer", "Parallel Aware": false, "Async Capable": false, "Join Type": "Inner", "Startup Cost": 10000000354.9, "Total Cost": 10000022522.77, "Plan Rows": 150000, "Plan Width": 8, "Inner Unique": true, "Hash Cond": "(household_demographics.hd_income_band_sk = income_band.ib_income_band_sk)", "Plans": [{"Node Type": "Hash Join", "Parent Relationship": "Outer", "Parallel Aware": false, "Async Capable": false, "Join Type": "Inner", "Startup Cost": 10000000342.28, "Total Cost": 10000020919.53, "Plan Rows": 500000, "Plan Width": 12, "Inner Unique": true, "Hash Cond": "(customer.c_current_hdemo_sk = household_demographics.hd_demo_sk)", "Plans": [{"Node Type": "Seq Scan", "Parent Relationship": "Outer", "Parallel Aware": false, "Async Capable": false, "Relation Name": "customer", "Alias": "customer", "Startup Cost": 10000000000.0, "Total Cost": 10000019264.0, "Plan Rows": 500000, "Plan Width": 12}, {"Node Type": "Hash", "Parent Relationship": "Inner", "Parallel Aware": false, "Async Capable": false, "Startup Cost": 252.28, "Total Cost": 252.28, "Plan Rows": 7200, "Plan Width": 8, "Plans": [{"Node Type": "Index Scan", "Parent Relationship": "Outer", "Parallel Aware": false, "Async Capable": false, "Scan Direction": "Forward", "Index Name": "household_demographics_pkey", "Relation Name": "household_demographics", "Alias": "household_demographics", "Startup Cost": 0.28, "Total Cost": 252.28, "Plan Rows": 7200, "Plan Width": 8}]}]}, {"Node Type": "Hash", "Parent Relationship": "Inner", "Parallel Aware": false, "Async Capable": false, "Startup Cost": 12.54, "Total Cost": 12.54, "Plan Rows": 6, "Plan Width": 4, "Plans": [{"Node Type": "Index Scan", "Parent Relationship": "Outer", "Parallel Aware": false, "Async Capable": false, "Scan Direction": "Forward", "Index Name": "income_band_pkey", "Relation Name": "income_band", "Alias": "income_band", "Startup Cost": 0.14, "Total Cost": 12.54, "Plan Rows": 6, "Plan Width": 4, "Filter": "((ib_lower_bound >= 23725) AND (ib_upper_bound <= 73725))"}]}]}]}]}]}, {"Node Type": "Index Only Scan", "Parent Relationship": "Inner", "Parallel Aware": false, "Async Capable": false, "Scan Direction": "Forward", "Index Name": "customer_demographics_pkey", "Relation Name": "customer_demographics", "Alias": "customer_demographics", "Startup Cost": 0.43, "Total Cost": 49916.43, "Plan Rows": 1920800, "Plan Width": 4}]}]}]}]}}, {"Plan": {"Node Type": "Aggregate", "Strategy": "Plain", "Partial Mode": "Finalize", "Parallel Aware": false, "Async Capable": false, "Startup Cost": 112513.53, "Total Cost": 112513.54, "Plan Rows": 1, "Plan Width": 8, "Plans": [{"Node Type": "Gather", "Parent Relationship": "Outer", "Parallel Aware": false, "Async Capable": false, "Startup Cost": 112513.11, "Total Cost": 112513.52, "Plan Rows": 4, "Plan Width": 8, "Workers Planned": 4, "Single Copy": false, "Plans": [{"Node Type": "Aggregate", "Strategy": "Plain", "Partial Mode": "Partial", "Parent Relationship": "Outer", "Parallel Aware": false, "Async Capable": false, "Startup Cost": 111513.11, "Total Cost": 111513.12, "Plan Rows": 1, "Plan Width": 8, "Plans": [{"Node Type": "Hash Join", "Parent Relationship": "Outer", "Parallel Aware": true, "Async Capable": false, "Join Type": "Inner", "Startup Cost": 53674.13, "Total Cost": 111511.92, "Plan Rows": 478, "Plan Width": 0, "Inner Unique": false, "Hash Cond": "(store_returns.sr_cdemo_sk = customer_demographics.cd_demo_sk)", "Plans": [{"Node Type": "Seq Scan", "Parent Relationship": "Outer", "Parallel Aware": true, "Async Capable": false, "Relation Name": "store_returns", "Alias": "store_returns", "Startup Cost": 0.0, "Total Cost": 55140.58, "Plan Rows": 718858, "Plan Width": 4}, {"Node Type": "Hash", "Parent Relationship": "Inner", "Parallel Aware": true, "Async Capable": false, "Startup Cost": 53668.98, "Total Cost": 53668.98, "Plan Rows": 412, "Plan Width": 8, "Plans": [{"Node Type": "Hash Join", "Parent Relationship": "Outer", "Parallel Aware": true, "Async Capable": false, "Join Type": "Inner", "Startup Cost": 23292.02, "Total Cost": 53668.98, "Plan Rows": 412, "Plan Width": 8, "Inner Unique": false, "Hash Cond": "(customer_demographics.cd_demo_sk = customer.c_current_cdemo_sk)", "Plans": [{"Node Type": "Seq Scan", "Parent Relationship": "Outer", "Parallel Aware": true, "Async Capable": false, "Relation Name": "customer_demographics", "Alias": "customer_demographics", "Startup Cost": 0.0, "Total Cost": 28052.13, "Plan Rows": 619613, "Plan Width": 4}, {"Node Type": "Hash", "Parent Relationship": "Inner", "Parallel Aware": true, "Async Capable": false, "Startup Cost": 23286.87, "Total Cost": 23286.87, "Plan Rows": 412, "Plan Width": 4, "Plans": [{"Node Type": "Hash Join", "Parent Relationship": "Outer", "Parallel Aware": false, "Async Capable": false, "Join Type": "Inner", "Startup Cost": 6977.45, "Total Cost": 23286.87, "Plan Rows": 412, "Plan Width": 4, "Inner Unique": false, "Hash Cond": "(customer.c_current_hdemo_sk = household_demographics.hd_demo_sk)", "Plans": [{"Node Type": "Hash Join", "Parent Relationship": "Outer", "Parallel Aware": true, "Async Capable": false, "Join Type": "Inner", "Startup Cost": 6801.17, "Total Cost": 23101.47, "Plan Rows": 1373, "Plan Width": 8, "Inner Unique": true, "Hash Cond": "(customer.c_current_addr_sk = customer_address.ca_address_sk)", "Plans": [{"Node Type": "Seq Scan", "Parent Relationship": "Outer", "Parallel Aware": true, "Async Capable": false, "Relation Name": "customer", "Alias": "customer", "Startup Cost": 0.0, "Total Cost": 15876.9, "Plan Rows": 161290, "Plan Width": 12}, {"Node Type": "Hash", "Parent Relationship": "Inner", "Parallel Aware": true, "Async Capable": false, "Startup Cost": 6790.08, "Total Cost": 6790.08, "Plan Rows": 887, "Plan Width": 4, "Plans": [{"Node Type": "Seq Scan", "Parent Relationship": "Outer", "Parallel Aware": true, "Async Capable": false, "Relation Name": "customer_address", "Alias": "customer_address", "Startup Cost": 0.0, "Total Cost": 6790.08, "Plan Rows": 887, "Plan Width": 4, "Filter": "((ca_city)::text = 'Unionville'::text)"}]}]}, {"Node Type": "Hash", "Parent Relationship": "Inner", "Parallel Aware": false, "Async Capable": false, "Startup Cost": 149.28, "Total Cost": 149.28, "Plan Rows": 2160, "Plan Width": 4, "Plans": [{"Node Type": "Hash Join", "Parent Relationship": "Outer", "Parallel Aware": false, "Async Capable": false, "Join Type": "Inner", "Startup Cost": 1.38, "Total Cost": 149.28, "Plan Rows": 2160, "Plan Width": 4, "Inner Unique": true, "Hash Cond": "(household_demographics.hd_income_band_sk = income_band.ib_income_band_sk)", "Plans": [{"Node Type": "Seq Scan", "Parent Relationship": "Outer", "Parallel Aware": false, "Async Capable": false, "Relation Name": "household_demographics", "Alias": "household_demographics", "Startup Cost": 0.0, "Total Cost": 125.0, "Plan Rows": 7200, "Plan Width": 8}, {"Node Type": "Hash", "Parent Relationship": "Inner", "Parallel Aware": false, "Async Capable": false, "Startup Cost": 1.3, "Total Cost": 1.3, "Plan Rows": 6, "Plan Width": 4, "Plans": [{"Node Type": "Seq Scan", "Parent Relationship": "Outer", "Parallel Aware": false, "Async Capable": false, "Relation Name": "income_band", "Alias": "income_band", "Startup Cost": 0.0, "Total Cost": 1.3, "Plan Rows": 6, "Plan Width": 4, "Filter": "((ib_lower_bound >= 23725) AND (ib_upper_bound <= 73725))"}]}]}]}]}]}]}]}]}]}]}]}}, {"Plan": {"Node Type": "Aggregate", "Strategy": "Plain", "Partial Mode": "Simple", "Parallel Aware": false, "Async Capable": false, "Startup Cost": 20000125968.46, "Total Cost": 20000125968.47, "Plan Rows": 1, "Plan Width": 8, "Plans": [{"Node Type": "Nested Loop", "Parent Relationship": "Outer", "Parallel Aware": false, "Async Capable": false, "Join Type": "Inner", "Startup Cost": 20000037065.98, "Total Cost": 20000125963.68, "Plan Rows": 1912, "Plan Width": 0, "Inner Unique": true, "Join Filter": "(customer_demographics.cd_demo_sk = customer.c_current_cdemo_sk)", "Plans": [{"Node Type": "Hash Join", "Parent Relationship": "Outer", "Parallel Aware": false, "Async Capable": false, "Join Type": "Inner", "Startup Cost": 20000037065.56, "Total Cost": 20000124584.42, "Plan Rows": 2967, "Plan Width": 8, "Inner Unique": false, "Hash Cond": "(store_returns.sr_cdemo_sk = customer.c_current_cdemo_sk)", "Plans": [{"Node Type": "Seq Scan", "Parent Relationship": "Outer", "Parallel Aware": false, "Async Capable": false, "Relation Name": "store_returns", "Alias": "store_returns", "Startup Cost": 10000000000.0, "Total Cost": 10000076706.32, "Plan Rows": 2875432, "Plan Width": 4}, {"Node Type": "Hash", "Parent Relationship": "Inner", "Parallel Aware": false, "Async Capable": false, "Startup Cost": 10000037049.59, "Total Cost": 10000037049.59, "Plan Rows": 1277, "Plan Width": 4, "Plans": [{"Node Type": "Hash Join", "Parent Relationship": "Outer", "Parallel Aware": false, "Async Capable": false, "Join Type": "Inner", "Startup Cost": 10000024398.19, "Total Cost": 10000037049.59, "Plan Rows": 1277, "Plan Width": 4, "Inner Unique": false, "Hash Cond": "(customer_address.ca_address_sk = customer.c_current_addr_sk)", "Plans": [{"Node Type": "Index Scan", "Parent Relationship": "Outer", "Parallel Aware": false, "Async Capable": false, "Scan Direction": "Forward", "Index Name": "customer_address_pkey", "Relation Name": "customer_address", "Alias": "customer_address", "Startup Cost": 0.42, "Total Cost": 12615.12, "Plan Rows": 2128, "Plan Width": 4, "Filter": "((ca_city)::text = 'Unionville'::text)"}, {"Node Type": "Hash", "Parent Relationship": "Inner", "Parallel Aware": false, "Async Capable": false, "Startup Cost": 10000022522.77, "Total Cost": 10000022522.77, "Plan Rows": 150000, "Plan Width": 8, "Plans": [{"Node Type": "Hash Join", "Parent Relationship": "Outer", "Parallel Aware": false, "Async Capable": false, "Join Type": "Inner", "Startup Cost": 10000000354.9, "Total Cost": 10000022522.77, "Plan Rows": 150000, "Plan Width": 8, "Inner Unique": true, "Hash Cond": "(household_demographics.hd_income_band_sk = income_band.ib_income_band_sk)", "Plans": [{"Node Type": "Hash Join", "Parent Relationship": "Outer", "Parallel Aware": false, "Async Capable": false, "Join Type": "Inner", "Startup Cost": 10000000342.28, "Total Cost": 10000020919.53, "Plan Rows": 500000, "Plan Width": 12, "Inner Unique": true, "Hash Cond": "(customer.c_current_hdemo_sk = household_demographics.hd_demo_sk)", "Plans": [{"Node Type": "Seq Scan", "Parent Relationship": "Outer", "Parallel Aware": false, "Async Capable": false, "Relation Name": "customer", "Alias": "customer", "Startup Cost": 10000000000.0, "Total Cost": 10000019264.0, "Plan Rows": 500000, "Plan Width": 12}, {"Node Type": "Hash", "Parent Relationship": "Inner", "Parallel Aware": false, "Async Capable": false, "Startup Cost": 252.28, "Total Cost": 252.28, "Plan Rows": 7200, "Plan Width": 8, "Plans": [{"Node Type": "Index Scan", "Parent Relationship": "Outer", "Parallel Aware": false, "Async Capable": false, "Scan Direction": "Forward", "Index Name": "household_demographics_pkey", "Relation Name": "household_demographics", "Alias": "household_demographics", "Startup Cost": 0.28, "Total Cost": 252.28, "Plan Rows": 7200, "Plan Width": 8}]}]}, {"Node Type": "Hash", "Parent Relationship": "Inner", "Parallel Aware": false, "Async Capable": false, "Startup Cost": 12.54, "Total Cost": 12.54, "Plan Rows": 6, "Plan Width": 4, "Plans": [{"Node Type": "Index Scan", "Parent Relationship": "Outer", "Parallel Aware": false, "Async Capable": false, "Scan Direction": "Forward", "Index Name": "income_band_pkey", "Relation Name": "income_band", "Alias": "income_band", "Startup Cost": 0.14, "Total Cost": 12.54, "Plan Rows": 6, "Plan Width": 4, "Filter": "((ib_lower_bound >= 23725) AND (ib_upper_bound <= 73725))"}]}]}]}]}]}]}, {"Node Type": "Index Only Scan", "Parent Relationship": "Inner", "Parallel Aware": false, "Async Capable": false, "Scan Direction": "Forward", "Index Name": "customer_demographics_pkey", "Relation Name": "customer_demographics", "Alias": "customer_demographics", "Startup Cost": 0.43, "Total Cost": 0.45, "Plan Rows": 1, "Plan Width": 4, "Index Cond": "(cd_demo_sk = store_returns.sr_cdemo_sk)"}]}]}}, {"Plan": {"Node Type": "Aggregate", "Strategy": "Plain", "Partial Mode": "Simple", "Parallel Aware": false, "Async Capable": false, "Startup Cost": 60000175929.05, "Total Cost": 60000175929.06, "Plan Rows": 1, "Plan Width": 8, "Plans": [{"Node Type": "Hash Join", "Parent Relationship": "Outer", "Parallel Aware": false, "Async Capable": false, "Join Type": "Inner", "Startup Cost": 60000088416.63, "Total Cost": 60000175924.27, "Plan Rows": 1912, "Plan Width": 0, "Inner Unique": false, "Hash Cond": "(store_returns.sr_cdemo_sk = customer_demographics.cd_demo_sk)", "Plans": [{"Node Type": "Seq Scan", "Parent Relationship": "Outer", "Parallel Aware": false, "Async Capable": false, "Relation Name": "store_returns", "Alias": "store_returns", "Startup Cost": 10000000000.0, "Total Cost": 10000076706.32, "Plan Rows": 2875432, "Plan Width": 4}, {"Node Type": "Hash", "Parent Relationship": "Inner", "Parallel Aware": false, "Async Capable": false, "Startup Cost": 50000088400.67, "Total Cost": 50000088400.67, "Plan Rows": 1277, "Plan Width": 8, "Plans": [{"Node Type": "Merge Join", "Parent Relationship": "Outer", "Parallel Aware": false, "Async Capable": false, "Join Type": "Inner", "Startup Cost": 50000033664.17, "Total Cost": 50000088400.67, "Plan Rows": 1277, "Plan Width": 8, "Inner Unique": true, "Merge Cond": "(customer.c_current_cdemo_sk = customer_demographics.cd_demo_sk)", "Plans": [{"Node Type": "Sort", "Parent Relationship": "Outer", "Parallel Aware": false, "Async Capable": false, "Startup Cost": 40000033663.74, "Total Cost": 40000033666.94, "Plan Rows": 1277, "Plan Width": 4, "Sort Key": ["customer.c_current_cdemo_sk"], "Plans": [{"Node Type": "Hash Join", "Parent Relationship": "Outer", "Parallel Aware": false, "Async Capable": false, "Join Type": "Inner", "Startup Cost": 40000012996.61, "Total Cost": 40000033597.86, "Plan Rows": 1277, "Plan Width": 4, "Inner Unique": true, "Hash Cond": "(household_demographics.hd_income_band_sk = income_band.ib_income_band_sk)", "Plans": [{"Node Type": "Hash Join", "Parent Relationship": "Outer", "Parallel Aware": false, "Async Capable": false, "Join Type": "Inner", "Startup Cost": 30000012984.0, "Total Cost": 30000033571.71, "Plan Rows": 4256, "Plan Width": 8, "Inner Unique": true, "Hash Cond": "(customer.c_current_hdemo_sk = household_demographics.hd_demo_sk)", "Plans": [{"Node Type": "Hash Join", "Parent Relationship": "Outer", "Parallel Aware": false, "Async Capable": false, "Join Type": "Inner", "Startup Cost": 20000012641.72, "Total Cost": 20000033218.24, "Plan Rows": 4256, "Plan Width": 8, "Inner Unique": true, "Hash Cond": "(customer.c_current_addr_sk = customer_address.ca_address_sk)", "Plans": [{"Node Type": "Seq Scan", "Parent Relationship": "Outer", "Parallel Aware": false, "Async Capable": false, "Relation Name": "customer", "Alias": "customer", "Startup Cost": 10000000000.0, "Total Cost": 10000019264.0, "Plan Rows": 500000, "Plan Width": 12}, {"Node Type": "Hash", "Parent Relationship": "Inner", "Parallel Aware": false, "Async Capable": false, "Startup Cost": 10000012615.12, "Total Cost": 10000012615.12, "Plan Rows": 2128, "Plan Width": 4, "Plans": [{"Node Type": "Index Scan", "Parent Relationship": "Outer", "Parallel Aware": false, "Async Capable": false, "Scan Direction": "Forward", "Index Name": "customer_address_pkey", "Relation Name": "customer_address", "Alias": "customer_address", "Startup Cost": 10000000000.42, "Total Cost": 10000012615.12, "Plan Rows": 2128, "Plan Width": 4, "Filter": "((ca_city)::text = 'Unionville'::text)"}]}]}, {"Node Type": "Hash", "Parent Relationship": "Inner", "Parallel Aware": false, "Async Capable": false, "Startup Cost": 10000000252.28, "Total Cost": 10000000252.28, "Plan Rows": 7200, "Plan Width": 8, "Plans": [{"Node Type": "Index Scan", "Parent Relationship": "Outer", "Parallel Aware": false, "Async Capable": false, "Scan Direction": "Forward", "Index Name": "household_demographics_pkey", "Relation Name": "household_demographics", "Alias": "household_demographics", "Startup Cost": 10000000000.28, "Total Cost": 10000000252.28, "Plan Rows": 7200, "Plan Width": 8}]}]}, {"Node Type": "Hash", "Parent Relationship": "Inner", "Parallel Aware": false, "Async Capable": false, "Startup Cost": 10000000012.54, "Total Cost": 10000000012.54, "Plan Rows": 6, "Plan Width": 4, "Plans": [{"Node Type": "Index Scan", "Parent Relationship": "Outer", "Parallel Aware": false, "Async Capable": false, "Scan Direction": "Forward", "Index Name": "income_band_pkey", "Relation Name": "income_band", "Alias": "income_band", "Startup Cost": 10000000000.14, "Total Cost": 10000000012.54, "Plan Rows": 6, "Plan Width": 4, "Filter": "((ib_lower_bound >= 23725) AND (ib_upper_bound <= 73725))"}]}]}]}, {"Node Type": "Index Only Scan", "Parent Relationship": "Inner", "Parallel Aware": false, "Async Capable": false, "Scan Direction": "Forward", "Index Name": "customer_demographics_pkey", "Relation Name": "customer_demographics", "Alias": "customer_demographics", "Startup Cost": 10000000000.43, "Total Cost": 10000049916.43, "Plan Rows": 1920800, "Plan Width": 4}]}]}]}]}}, {"Plan": {"Node Type": "Aggregate", "Strategy": "Plain", "Partial Mode": "Simple", "Parallel Aware": false, "Async Capable": false, "Startup Cost": 20000835556.0, "Total Cost": 20000835556.01, "Plan Rows": 1, "Plan Width": 8, "Plans": [{"Node Type": "Hash Join", "Parent Relationship": "Outer", "Parallel Aware": false, "Async Capable": false, "Join Type": "Inner", "Startup Cost": 20000748043.58, "Total Cost": 20000835551.22, "Plan Rows": 1912, "Plan Width": 0, "Inner Unique": false, "Hash Cond": "(store_returns.sr_cdemo_sk = customer_demographics.cd_demo_sk)", "Plans": [{"Node Type": "Seq Scan", "Parent Relationship": "Outer", "Parallel Aware": false, "Async Capable": false, "Relation Name": "store_returns", "Alias": "store_returns", "Startup Cost": 10000000000.0, "Total Cost": 10000076706.32, "Plan Rows": 2875432, "Plan Width": 4}, {"Node Type": "Hash", "Parent Relationship": "Inner", "Parallel Aware": false, "Async Capable": false, "Startup Cost": 10000748027.62, "Total Cost": 10000748027.62, "Plan Rows": 1277, "Plan Width": 8, "Plans": [{"Node Type": "Nested Loop", "Parent Relationship": "Outer", "Parallel Aware": false, "Async Capable": false, "Join Type": "Inner", "Startup Cost": 10000000001.37, "Total Cost": 10000748027.62, "Plan Rows": 1277, "Plan Width": 8, "Inner Unique": true, "Plans": [{"Node Type": "Nested Loop", "Parent Relationship": "Outer", "Parallel Aware": false, "Async Capable": false, "Join Type": "Inner", "Startup Cost": 10000000000.89, "Total Cost": 10000742294.03, "Plan Rows": 1277, "Plan Width": 4, "Inner Unique": true, "Plans": [{"Node Type": "Nested Loop", "Parent Relationship": "Outer", "Parallel Aware": false, "Async Capable": false, "Join Type": "Inner", "Startup Cost": 10000000000.46, "Total Cost": 10000075061.14, "Plan Rows": 150000, "Plan Width": 8, "Inner Unique": true, "Plans": [{"Node Type": "Nested Loop", "Parent Relationship": "Outer", "Parallel Aware": false, "Async Capable": false, "Join Type": "Inner", "Startup Cost": 10000000000.3, "Total Cost": 10000062744.43, "Plan Rows": 500000, "Plan Width": 12, "Inner Unique": true, "Plans": [{"Node Type": "Seq Scan", "Parent Relationship": "Outer", "Parallel Aware": false, "Async Capable": false, "Relation Name": "customer", "Alias": "customer", "Startup Cost": 10000000000.0, "Total Cost": 10000019264.0, "Plan Rows": 500000, "Plan Width": 12}, {"Node Type": "Memoize", "Parent Relationship": "Inner", "Parallel Aware": false, "Async Capable": false, "Startup Cost": 0.3, "Total Cost": 4.31, "Plan Rows": 1, "Plan Width": 8, "Cache Key": "customer.c_current_hdemo_sk", "Cache Mode": "logical", "Plans": [{"Node Type": "Bitmap Heap Scan", "Parent Relationship": "Outer", "Parallel Aware": false, "Async Capable": false, "Relation Name": "household_demographics", "Alias": "household_demographics", "Startup Cost": 0.29, "Total Cost": 4.3, "Plan Rows": 1, "Plan Width": 8, "Recheck Cond": "(hd_demo_sk = customer.c_current_hdemo_sk)", "Plans": [{"Node Type": "Bitmap Index Scan", "Parent Relationship": "Outer", "Parallel Aware": false, "Async Capable": false, "Index Name": "household_demographics_pkey", "Startup Cost": 0.0, "Total Cost": 0.29, "Plan Rows": 1, "Plan Width": 0, "Index Cond": "(hd_demo_sk = customer.c_current_hdemo_sk)"}]}]}]}, {"Node Type": "Memoize", "Parent Relationship": "Inner", "Parallel Aware": false, "Async Capable": false, "Startup Cost": 0.16, "Total Cost": 4.17, "Plan Rows": 1, "Plan Width": 4, "Cache Key": "household_demographics.hd_income_band_sk", "Cache Mode": "logical", "Plans": [{"Node Type": "Bitmap Heap Scan", "Parent Relationship": "Outer", "Parallel Aware": false, "Async Capable": false, "Relation Name": "income_band", "Alias": "income_band", "Startup Cost": 0.15, "Total Cost": 4.16, "Plan Rows": 1, "Plan Width": 4, "Recheck Cond": "(ib_income_band_sk = household_demographics.hd_income_band_sk)", "Filter": "((ib_lower_bound >= 23725) AND (ib_upper_bound <= 73725))", "Plans": [{"Node Type": "Bitmap Index Scan", "Parent Relationship": "Outer", "Parallel Aware": false, "Async Capable": false, "Index Name": "income_band_pkey", "Startup Cost": 0.0, "Total Cost": 0.15, "Plan Rows": 1, "Plan Width": 0, "Index Cond": "(ib_income_band_sk = household_demographics.hd_income_band_sk)"}]}]}]}, {"Node Type": "Bitmap Heap Scan", "Parent Relationship": "Inner", "Parallel Aware": false, "Async Capable": false, "Relation Name": "customer_address", "Alias": "customer_address", "Startup Cost": 0.43, "Total Cost": 4.45, "Plan Rows": 1, "Plan Width": 4, "Recheck Cond": "(ca_address_sk = customer.c_current_addr_sk)", "Filter": "((ca_city)::text = 'Unionville'::text)", "Plans": [{"Node Type": "Bitmap Index Scan", "Parent Relationship": "Outer", "Parallel Aware": false, "Async Capable": false, "Index Name": "customer_address_pkey", "Startup Cost": 0.0, "Total Cost": 0.43, "Plan Rows": 1, "Plan Width": 0, "Index Cond": "(ca_address_sk = customer.c_current_addr_sk)"}]}]}, {"Node Type": "Bitmap Heap Scan", "Parent Relationship": "Inner", "Parallel Aware": false, "Async Capable": false, "Relation Name": "customer_demographics", "Alias": "customer_demographics", "Startup Cost": 0.48, "Total Cost": 4.49, "Plan Rows": 1, "Plan Width": 4, "Recheck Cond": "(cd_demo_sk = customer.c_current_cdemo_sk)", "Plans": [{"Node Type": "Bitmap Index Scan", "Parent Relationship": "Outer", "Parallel Aware": false, "Async Capable": false, "Index Name": "customer_demographics_pkey", "Startup Cost": 0.0, "Total Cost": 0.48, "Plan Rows": 1, "Plan Width": 0, "Index Cond": "(cd_demo_sk = customer.c_current_cdemo_sk)"}]}]}]}]}]}}, {"Plan": {"Node Type": "Aggregate", "Strategy": "Plain", "Partial Mode": "Finalize", "Parallel Aware": false, "Async Capable": false, "Startup Cost": 83981.26, "Total Cost": 83981.27, "Plan Rows": 1, "Plan Width": 8, "Plans": [{"Node Type": "Gather", "Parent Relationship": "Outer", "Parallel Aware": false, "Async Capable": false, "Startup Cost": 83980.84, "Total Cost": 83981.25, "Plan Rows": 4, "Plan Width": 8, "Workers Planned": 4, "Single Copy": false, "Plans": [{"Node Type": "Aggregate", "Strategy": "Plain", "Partial Mode": "Partial", "Parent Relationship": "Outer", "Parallel Aware": false, "Async Capable": false, "Startup Cost": 82980.84, "Total Cost": 82980.85, "Plan Rows": 1, "Plan Width": 8, "Plans": [{"Node Type": "Hash Join", "Parent Relationship": "Outer", "Parallel Aware": true, "Async Capable": false, "Join Type": "Inner", "Startup Cost": 25141.86, "Total Cost": 82979.64, "Plan Rows": 478, "Plan Width": 0, "Inner Unique": false, "Hash Cond": "(store_returns.sr_cdemo_sk = customer_demographics.cd_demo_sk)", "Plans": [{"Node Type": "Seq Scan", "Parent Relationship": "Outer", "Parallel Aware": true, "Async Capable": false, "Relation Name": "store_returns", "Alias": "store_returns", "Startup Cost": 0.0, "Total Cost": 55140.58, "Plan Rows": 718858, "Plan Width": 4}, {"Node Type": "Hash", "Parent Relationship": "Inner", "Parallel Aware": true, "Async Capable": false, "Startup Cost": 25136.71, "Total Cost": 25136.71, "Plan Rows": 412, "Plan Width": 8, "Plans": [{"Node Type": "Nested Loop", "Parent Relationship": "Outer", "Parallel Aware": false, "Async Capable": false, "Join Type": "Inner", "Startup Cost": 6977.93, "Total Cost": 25136.71, "Plan Rows": 412, "Plan Width": 8, "Inner Unique": true, "Plans": [{"Node Type": "Hash Join", "Parent Relationship": "Outer", "Parallel Aware": false, "Async Capable": false, "Join Type": "Inner", "Startup Cost": 6977.45, "Total Cost": 23286.87, "Plan Rows": 412, "Plan Width": 4, "Inner Unique": false, "Hash Cond": "(customer.c_current_hdemo_sk = household_demographics.hd_demo_sk)", "Plans": [{"Node Type": "Hash Join", "Parent Relationship": "Outer", "Parallel Aware": true, "Async Capable": false, "Join Type": "Inner", "Startup Cost": 6801.17, "Total Cost": 23101.47, "Plan Rows": 1373, "Plan Width": 8, "Inner Unique": true, "Hash Cond": "(customer.c_current_addr_sk = customer_address.ca_address_sk)", "Plans": [{"Node Type": "Seq Scan", "Parent Relationship": "Outer", "Parallel Aware": true, "Async Capable": false, "Relation Name": "customer", "Alias": "customer", "Startup Cost": 0.0, "Total Cost": 15876.9, "Plan Rows": 161290, "Plan Width": 12}, {"Node Type": "Hash", "Parent Relationship": "Inner", "Parallel Aware": true, "Async Capable": false, "Startup Cost": 6790.08, "Total Cost": 6790.08, "Plan Rows": 887, "Plan Width": 4, "Plans": [{"Node Type": "Seq Scan", "Parent Relationship": "Outer", "Parallel Aware": true, "Async Capable": false, "Relation Name": "customer_address", "Alias": "customer_address", "Startup Cost": 0.0, "Total Cost": 6790.08, "Plan Rows": 887, "Plan Width": 4, "Filter": "((ca_city)::text = 'Unionville'::text)"}]}]}, {"Node Type": "Hash", "Parent Relationship": "Inner", "Parallel Aware": false, "Async Capable": false, "Startup Cost": 149.28, "Total Cost": 149.28, "Plan Rows": 2160, "Plan Width": 4, "Plans": [{"Node Type": "Hash Join", "Parent Relationship": "Outer", "Parallel Aware": false, "Async Capable": false, "Join Type": "Inner", "Startup Cost": 1.38, "Total Cost": 149.28, "Plan Rows": 2160, "Plan Width": 4, "Inner Unique": true, "Hash Cond": "(household_demographics.hd_income_band_sk = income_band.ib_income_band_sk)", "Plans": [{"Node Type": "Seq Scan", "Parent Relationship": "Outer", "Parallel Aware": false, "Async Capable": false, "Relation Name": "household_demographics", "Alias": "household_demographics", "Startup Cost": 0.0, "Total Cost": 125.0, "Plan Rows": 7200, "Plan Width": 8}, {"Node Type": "Hash", "Parent Relationship": "Inner", "Parallel Aware": false, "Async Capable": false, "Startup Cost": 1.3, "Total Cost": 1.3, "Plan Rows": 6, "Plan Width": 4, "Plans": [{"Node Type": "Seq Scan", "Parent Relationship": "Outer", "Parallel Aware": false, "Async Capable": false, "Relation Name": "income_band", "Alias": "income_band", "Startup Cost": 0.0, "Total Cost": 1.3, "Plan Rows": 6, "Plan Width": 4, "Filter": "((ib_lower_bound >= 23725) AND (ib_upper_bound <= 73725))"}]}]}]}]}, {"Node Type": "Bitmap Heap Scan", "Parent Relationship": "Inner", "Parallel Aware": false, "Async Capable": false, "Relation Name": "customer_demographics", "Alias": "customer_demographics", "Startup Cost": 0.48, "Total Cost": 4.49, "Plan Rows": 1, "Plan Width": 4, "Recheck Cond": "(cd_demo_sk = customer.c_current_cdemo_sk)", "Plans": [{"Node Type": "Bitmap Index Scan", "Parent Relationship": "Outer", "Parallel Aware": false, "Async Capable": false, "Index Name": "customer_demographics_pkey", "Startup Cost": 0.0, "Total Cost": 0.48, "Plan Rows": 1, "Plan Width": 0, "Index Cond": "(cd_demo_sk = customer.c_current_cdemo_sk)"}]}]}]}]}]}]}]}}, {"Plan": {"Node Type": "Aggregate", "Strategy": "Plain", "Partial Mode": "Simple", "Parallel Aware": false, "Async Capable": false, "Startup Cost": 20000203552.7, "Total Cost": 20000203552.71, "Plan Rows": 1, "Plan Width": 8, "Plans": [{"Node Type": "Hash Join", "Parent Relationship": "Outer", "Parallel Aware": false, "Async Capable": false, "Join Type": "Inner", "Startup Cost": 20000116040.28, "Total Cost": 20000203547.92, "Plan Rows": 1912, "Plan Width": 0, "Inner Unique": false, "Hash Cond": "(store_returns.sr_cdemo_sk = customer_demographics.cd_demo_sk)", "Plans": [{"Node Type": "Seq Scan", "Parent Relationship": "Outer", "Parallel Aware": false, "Async Capable": false, "Relation Name": "store_returns", "Alias": "store_returns", "Startup Cost": 10000000000.0, "Total Cost": 10000076706.32, "Plan Rows": 2875432, "Plan Width": 4}, {"Node Type": "Hash", "Parent Relationship": "Inner", "Parallel Aware": false, "Async Capable": false, "Startup Cost": 10000116024.31, "Total Cost": 10000116024.31, "Plan Rows": 1277, "Plan Width": 8, "Plans": [{"Node Type": "Hash Join", "Parent Relationship": "Outer", "Parallel Aware": false, "Async Capable": false, "Join Type": "Inner", "Startup Cost": 10000037065.98, "Total Cost": 10000116024.31, "Plan Rows": 1277, "Plan Width": 8, "Inner Unique": false, "Hash Cond": "(customer_demographics.cd_demo_sk = customer.c_current_cdemo_sk)", "Plans": [{"Node Type": "Index Scan", "Parent Relationship": "Outer", "Parallel Aware": false, "Async Capable": false, "Scan Direction": "Forward", "Index Name": "customer_demographics_pkey", "Relation Name": "customer_demographics", "Alias": "customer_demographics", "Startup Cost": 0.43, "Total Cost": 71743.43, "Plan Rows": 1920800, "Plan Width": 4}, {"Node Type": "Hash", "Parent Relationship": "Inner", "Parallel Aware": false, "Async Capable": false, "Startup Cost": 10000037049.59, "Total Cost": 10000037049.59, "Plan Rows": 1277, "Plan Width": 4, "Plans": [{"Node Type": "Hash Join", "Parent Relationship": "Outer", "Parallel Aware": false, "Async Capable": false, "Join Type": "Inner", "Startup Cost": 10000024398.19, "Total Cost": 10000037049.59, "Plan Rows": 1277, "Plan Width": 4, "Inner Unique": false, "Hash Cond": "(customer_address.ca_address_sk = customer.c_current_addr_sk)", "Plans": [{"Node Type": "Index Scan", "Parent Relationship": "Outer", "Parallel Aware": false, "Async Capable": false, "Scan Direction": "Forward", "Index Name": "customer_address_pkey", "Relation Name": "customer_address", "Alias": "customer_address", "Startup Cost": 0.42, "Total Cost": 12615.12, "Plan Rows": 2128, "Plan Width": 4, "Filter": "((ca_city)::text = 'Unionville'::text)"}, {"Node Type": "Hash", "Parent Relationship": "Inner", "Parallel Aware": false, "Async Capable": false, "Startup Cost": 10000022522.77, "Total Cost": 10000022522.77, "Plan Rows": 150000, "Plan Width": 8, "Plans": [{"Node Type": "Hash Join", "Parent Relationship": "Outer", "Parallel Aware": false, "Async Capable": false, "Join Type": "Inner", "Startup Cost": 10000000354.9, "Total Cost": 10000022522.77, "Plan Rows": 150000, "Plan Width": 8, "Inner Unique": true, "Hash Cond": "(household_demographics.hd_income_band_sk = income_band.ib_income_band_sk)", "Plans": [{"Node Type": "Hash Join", "Parent Relationship": "Outer", "Parallel Aware": false, "Async Capable": false, "Join Type": "Inner", "Startup Cost": 10000000342.28, "Total Cost": 10000020919.53, "Plan Rows": 500000, "Plan Width": 12, "Inner Unique": true, "Hash Cond": "(customer.c_current_hdemo_sk = household_demographics.hd_demo_sk)", "Plans": [{"Node Type": "Seq Scan", "Parent Relationship": "Outer", "Parallel Aware": false, "Async Capable": false, "Relation Name": "customer", "Alias": "customer", "Startup Cost": 10000000000.0, "Total Cost": 10000019264.0, "Plan Rows": 500000, "Plan Width": 12}, {"Node Type": "Hash", "Parent Relationship": "Inner", "Parallel Aware": false, "Async Capable": false, "Startup Cost": 252.28, "Total Cost": 252.28, "Plan Rows": 7200, "Plan Width": 8, "Plans": [{"Node Type": "Index Scan", "Parent Relationship": "Outer", "Parallel Aware": false, "Async Capable": false, "Scan Direction": "Forward", "Index Name": "household_demographics_pkey", "Relation Name": "household_demographics", "Alias": "household_demographics", "Startup Cost": 0.28, "Total Cost": 252.28, "Plan Rows": 7200, "Plan Width": 8}]}]}, {"Node Type": "Hash", "Parent Relationship": "Inner", "Parallel Aware": false, "Async Capable": false, "Startup Cost": 12.54, "Total Cost": 12.54, "Plan Rows": 6, "Plan Width": 4, "Plans": [{"Node Type": "Index Scan", "Parent Relationship": "Outer", "Parallel Aware": false, "Async Capable": false, "Scan Direction": "Forward", "Index Name": "income_band_pkey", "Relation Name": "income_band", "Alias": "income_band", "Startup Cost": 0.14, "Total Cost": 12.54, "Plan Rows": 6, "Plan Width": 4, "Filter": "((ib_lower_bound >= 23725) AND (ib_upper_bound <= 73725))"}]}]}]}]}]}]}]}]}]}}, {"Plan": {"Node Type": "Aggregate", "Strategy": "Plain", "Partial Mode": "Simple", "Parallel Aware": false, "Async Capable": false, "Startup Cost": 20000201207.78, "Total Cost": 20000201207.79, "Plan Rows": 1, "Plan Width": 8, "Plans": [{"Node Type": "Hash Join", "Parent Relationship": "Outer", "Parallel Aware": false, "Async Capable": false, "Join Type": "Inner", "Startup Cost": 20000113695.36, "Total Cost": 20000201203.0, "Plan Rows": 1912, "Plan Width": 0, "Inner Unique": false, "Hash Cond": "(store_returns.sr_cdemo_sk = customer_demographics.cd_demo_sk)", "Plans": [{"Node Type": "Seq Scan", "Parent Relationship": "Outer", "Parallel Aware": false, "Async Capable": false, "Relation Name": "store_returns", "Alias": "store_returns", "Startup Cost": 10000000000.0, "Total Cost": 10000076706.32, "Plan Rows": 2875432, "Plan Width": 4}, {"Node Type": "Hash", "Parent Relationship": "Inner", "Parallel Aware": false, "Async Capable": false, "Startup Cost": 10000113679.4, "Total Cost": 10000113679.4, "Plan Rows": 1277, "Plan Width": 8, "Plans": [{"Node Type": "Merge Join", "Parent Relationship": "Outer", "Parallel Aware": false, "Async Capable": false, "Join Type": "Inner", "Startup Cost": 10000037115.91, "Total Cost": 10000113679.4, "Plan Rows": 1277, "Plan Width": 8, "Inner Unique": true, "Merge Cond": "(customer.c_current_cdemo_sk = customer_demographics.cd_demo_sk)", "Plans": [{"Node Type": "Sort", "Parent Relationship": "Outer", "Parallel Aware": false, "Async Capable": false, "Startup Cost": 10000037115.48, "Total Cost": 10000037118.67, "Plan Rows": 1277, "Plan Width": 4, "Sort Key": ["customer.c_current_cdemo_sk"], "Plans": [{"Node Type": "Hash Join", "Parent Relationship": "Outer", "Parallel Aware": false, "Async Capable": false, "Join Type": "Inner", "Startup Cost": 10000024398.19, "Total Cost": 10000037049.59, "Plan Rows": 1277, "Plan Width": 4, "Inner Unique": false, "Hash Cond": "(customer_address.ca_address_sk = customer.c_current_addr_sk)", "Plans": [{"Node Type": "Index Scan", "Parent Relationship": "Outer", "Parallel Aware": false, "Async Capable": false, "Scan Direction": "Forward", "Index Name": "customer_address_pkey", "Relation Name": "customer_address", "Alias": "customer_address", "Startup Cost": 0.42, "Total Cost": 12615.12, "Plan Rows": 2128, "Plan Width": 4, "Filter": "((ca_city)::text = 'Unionville'::text)"}, {"Node Type": "Hash", "Parent Relationship": "Inner", "Parallel Aware": false, "Async Capable": false, "Startup Cost": 10000022522.77, "Total Cost": 10000022522.77, "Plan Rows": 150000, "Plan Width": 8, "Plans": [{"Node Type": "Hash Join", "Parent Relationship": "Outer", "Parallel Aware": false, "Async Capable": false, "Join Type": "Inner", "Startup Cost": 10000000354.9, "Total Cost": 10000022522.77, "Plan Rows": 150000, "Plan Width": 8, "Inner Unique": true, "Hash Cond": "(household_demographics.hd_income_band_sk = income_band.ib_income_band_sk)", "Plans": [{"Node Type": "Hash Join", "Parent Relationship": "Outer", "Parallel Aware": false, "Async Capable": false, "Join Type": "Inner", "Startup Cost": 10000000342.28, "Total Cost": 10000020919.53, "Plan Rows": 500000, "Plan Width": 12, "Inner Unique": true, "Hash Cond": "(customer.c_current_hdemo_sk = household_demographics.hd_demo_sk)", "Plans": [{"Node Type": "Seq Scan", "Parent Relationship": "Outer", "Parallel Aware": false, "Async Capable": false, "Relation Name": "customer", "Alias": "customer", "Startup Cost": 10000000000.0, "Total Cost": 10000019264.0, "Plan Rows": 500000, "Plan Width": 12}, {"Node Type": "Hash", "Parent Relationship": "Inner", "Parallel Aware": false, "Async Capable": false, "Startup Cost": 252.28, "Total Cost": 252.28, "Plan Rows": 7200, "Plan Width": 8, "Plans": [{"Node Type": "Index Scan", "Parent Relationship": "Outer", "Parallel Aware": false, "Async Capable": false, "Scan Direction": "Forward", "Index Name": "household_demographics_pkey", "Relation Name": "household_demographics", "Alias": "household_demographics", "Startup Cost": 0.28, "Total Cost": 252.28, "Plan Rows": 7200, "Plan Width": 8}]}]}, {"Node Type": "Hash", "Parent Relationship": "Inner", "Parallel Aware": false, "Async Capable": false, "Startup Cost": 12.54, "Total Cost": 12.54, "Plan Rows": 6, "Plan Width": 4, "Plans": [{"Node Type": "Index Scan", "Parent Relationship": "Outer", "Parallel Aware": false, "Async Capable": false, "Scan Direction": "Forward", "Index Name": "income_band_pkey", "Relation Name": "income_band", "Alias": "income_band", "Startup Cost": 0.14, "Total Cost": 12.54, "Plan Rows": 6, "Plan Width": 4, "Filter": "((ib_lower_bound >= 23725) AND (ib_upper_bound <= 73725))"}]}]}]}]}]}, {"Node Type": "Index Scan", "Parent Relationship": "Inner", "Parallel Aware": false, "Async Capable": false, "Scan Direction": "Forward", "Index Name": "customer_demographics_pkey", "Relation Name": "customer_demographics", "Alias": "customer_demographics", "Startup Cost": 0.43, "Total Cost": 71743.43, "Plan Rows": 1920800, "Plan Width": 4}]}]}]}]}}, {"Plan": {"Node Type": "Aggregate", "Strategy": "Plain", "Partial Mode": "Finalize", "Parallel Aware": false, "Async Capable": false, "Startup Cost": 82404.16, "Total Cost": 82404.17, "Plan Rows": 1, "Plan Width": 8, "Plans": [{"Node Type": "Gather", "Parent Relationship": "Outer", "Parallel Aware": false, "Async Capable": false, "Startup Cost": 82403.74, "Total Cost": 82404.15, "Plan Rows": 4, "Plan Width": 8, "Workers Planned": 4, "Single Copy": false, "Plans": [{"Node Type": "Aggregate", "Strategy": "Plain", "Partial Mode": "Partial", "Parent Relationship": "Outer", "Parallel Aware": false, "Async Capable": false, "Startup Cost": 81403.74, "Total Cost": 81403.75, "Plan Rows": 1, "Plan Width": 8, "Plans": [{"Node Type": "Hash Join", "Parent Relationship": "Outer", "Parallel Aware": true, "Async Capable": false, "Join Type": "Inner", "Startup Cost": 23564.76, "Total Cost": 81402.55, "Plan Rows": 478, "Plan Width": 0, "Inner Unique": false, "Hash Cond": "(store_returns.sr_cdemo_sk = customer_demographics.cd_demo_sk)", "Plans": [{"Node Type": "Seq Scan", "Parent Relationship": "Outer", "Parallel Aware": true, "Async Capable": false, "Relation Name": "store_returns", "Alias": "store_returns", "Startup Cost": 0.0, "Total Cost": 55140.58, "Plan Rows": 718858, "Plan Width": 4}, {"Node Type": "Hash", "Parent Relationship": "Inner", "Parallel Aware": true, "Async Capable": false, "Startup Cost": 23559.61, "Total Cost": 23559.61, "Plan Rows": 412, "Plan Width": 8, "Plans": [{"Node Type": "Nested Loop", "Parent Relationship": "Outer", "Parallel Aware": false, "Async Capable": false, "Join Type": "Inner", "Startup Cost": 6977.88, "Total Cost": 23559.61, "Plan Rows": 412, "Plan Width": 8, "Inner Unique": true, "Plans": [{"Node Type": "Hash Join", "Parent Relationship": "Outer", "Parallel Aware": false, "Async Capable": false, "Join Type": "Inner", "Startup Cost": 6977.45, "Total Cost": 23286.87, "Plan Rows": 412, "Plan Width": 4, "Inner Unique": false, "Hash Cond": "(customer.c_current_hdemo_sk = household_demographics.hd_demo_sk)", "Plans": [{"Node Type": "Hash Join", "Parent Relationship": "Outer", "Parallel Aware": true, "Async Capable": false, "Join Type": "Inner", "Startup Cost": 6801.17, "Total Cost": 23101.47, "Plan Rows": 1373, "Plan Width": 8, "Inner Unique": true, "Hash Cond": "(customer.c_current_addr_sk = customer_address.ca_address_sk)", "Plans": [{"Node Type": "Seq Scan", "Parent Relationship": "Outer", "Parallel Aware": true, "Async Capable": false, "Relation Name": "customer", "Alias": "customer", "Startup Cost": 0.0, "Total Cost": 15876.9, "Plan Rows": 161290, "Plan Width": 12}, {"Node Type": "Hash", "Parent Relationship": "Inner", "Parallel Aware": true, "Async Capable": false, "Startup Cost": 6790.08, "Total Cost": 6790.08, "Plan Rows": 887, "Plan Width": 4, "Plans": [{"Node Type": "Seq Scan", "Parent Relationship": "Outer", "Parallel Aware": true, "Async Capable": false, "Relation Name": "customer_address", "Alias": "customer_address", "Startup Cost": 0.0, "Total Cost": 6790.08, "Plan Rows": 887, "Plan Width": 4, "Filter": "((ca_city)::text = 'Unionville'::text)"}]}]}, {"Node Type": "Hash", "Parent Relationship": "Inner", "Parallel Aware": false, "Async Capable": false, "Startup Cost": 149.28, "Total Cost": 149.28, "Plan Rows": 2160, "Plan Width": 4, "Plans": [{"Node Type": "Hash Join", "Parent Relationship": "Outer", "Parallel Aware": false, "Async Capable": false, "Join Type": "Inner", "Startup Cost": 1.38, "Total Cost": 149.28, "Plan Rows": 2160, "Plan Width": 4, "Inner Unique": true, "Hash Cond": "(household_demographics.hd_income_band_sk = income_band.ib_income_band_sk)", "Plans": [{"Node Type": "Seq Scan", "Parent Relationship": "Outer", "Parallel Aware": false, "Async Capable": false, "Relation Name": "household_demographics", "Alias": "household_demographics", "Startup Cost": 0.0, "Total Cost": 125.0, "Plan Rows": 7200, "Plan Width": 8}, {"Node Type": "Hash", "Parent Relationship": "Inner", "Parallel Aware": false, "Async Capable": false, "Startup Cost": 1.3, "Total Cost": 1.3, "Plan Rows": 6, "Plan Width": 4, "Plans": [{"Node Type": "Seq Scan", "Parent Relationship": "Outer", "Parallel Aware": false, "Async Capable": false, "Relation Name": "income_band", "Alias": "income_band", "Startup Cost": 0.0, "Total Cost": 1.3, "Plan Rows": 6, "Plan Width": 4, "Filter": "((ib_lower_bound >= 23725) AND (ib_upper_bound <= 73725))"}]}]}]}]}, {"Node Type": "Index Scan", "Parent Relationship": "Inner", "Parallel Aware": false, "Async Capable": false, "Scan Direction": "Forward", "Index Name": "customer_demographics_pkey", "Relation Name": "customer_demographics", "Alias": "customer_demographics", "Startup Cost": 0.43, "Total Cost": 0.66, "Plan Rows": 1, "Plan Width": 4, "Index Cond": "(cd_demo_sk = customer.c_current_cdemo_sk)"}]}]}]}]}]}]}}, {"Plan": {"Node Type": "Aggregate", "Strategy": "Plain", "Partial Mode": "Simple", "Parallel Aware": false, "Async Capable": false, "Startup Cost": 20000126058.55, "Total Cost": 20000126058.56, "Plan Rows": 1, "Plan Width": 8, "Plans": [{"Node Type": "Nested Loop", "Parent Relationship": "Outer", "Parallel Aware": false, "Async Capable": false, "Join Type": "Inner", "Startup Cost": 20000037065.98, "Total Cost": 20000126053.77, "Plan Rows": 1912, "Plan Width": 0, "Inner Unique": true, "Join Filter": "(customer_demographics.cd_demo_sk = customer.c_current_cdemo_sk)", "Plans": [{"Node Type": "Hash Join", "Parent Relationship": "Outer", "Parallel Aware": false, "Async Capable": false, "Join Type": "Inner", "Startup Cost": 20000037065.56, "Total Cost": 20000124584.42, "Plan Rows": 2967, "Plan Width": 8, "Inner Unique": false, "Hash Cond": "(store_returns.sr_cdemo_sk = customer.c_current_cdemo_sk)", "Plans": [{"Node Type": "Seq Scan", "Parent Relationship": "Outer", "Parallel Aware": false, "Async Capable": false, "Relation Name": "store_returns", "Alias": "store_returns", "Startup Cost": 10000000000.0, "Total Cost": 10000076706.32, "Plan Rows": 2875432, "Plan Width": 4}, {"Node Type": "Hash", "Parent Relationship": "Inner", "Parallel Aware": false, "Async Capable": false, "Startup Cost": 10000037049.59, "Total Cost": 10000037049.59, "Plan Rows": 1277, "Plan Width": 4, "Plans": [{"Node Type": "Hash Join", "Parent Relationship": "Outer", "Parallel Aware": false, "Async Capable": false, "Join Type": "Inner", "Startup Cost": 10000024398.19, "Total Cost": 10000037049.59, "Plan Rows": 1277, "Plan Width": 4, "Inner Unique": false, "Hash Cond": "(customer_address.ca_address_sk = customer.c_current_addr_sk)", "Plans": [{"Node Type": "Index Scan", "Parent Relationship": "Outer", "Parallel Aware": false, "Async Capable": false, "Scan Direction": "Forward", "Index Name": "customer_address_pkey", "Relation Name": "customer_address", "Alias": "customer_address", "Startup Cost": 0.42, "Total Cost": 12615.12, "Plan Rows": 2128, "Plan Width": 4, "Filter": "((ca_city)::text = 'Unionville'::text)"}, {"Node Type": "Hash", "Parent Relationship": "Inner", "Parallel Aware": false, "Async Capable": false, "Startup Cost": 10000022522.77, "Total Cost": 10000022522.77, "Plan Rows": 150000, "Plan Width": 8, "Plans": [{"Node Type": "Hash Join", "Parent Relationship": "Outer", "Parallel Aware": false, "Async Capable": false, "Join Type": "Inner", "Startup Cost": 10000000354.9, "Total Cost": 10000022522.77, "Plan Rows": 150000, "Plan Width": 8, "Inner Unique": true, "Hash Cond": "(household_demographics.hd_income_band_sk = income_band.ib_income_band_sk)", "Plans": [{"Node Type": "Hash Join", "Parent Relationship": "Outer", "Parallel Aware": false, "Async Capable": false, "Join Type": "Inner", "Startup Cost": 10000000342.28, "Total Cost": 10000020919.53, "Plan Rows": 500000, "Plan Width": 12, "Inner Unique": true, "Hash Cond": "(customer.c_current_hdemo_sk = household_demographics.hd_demo_sk)", "Plans": [{"Node Type": "Seq Scan", "Parent Relationship": "Outer", "Parallel Aware": false, "Async Capable": false, "Relation Name": "customer", "Alias": "customer", "Startup Cost": 10000000000.0, "Total Cost": 10000019264.0, "Plan Rows": 500000, "Plan Width": 12}, {"Node Type": "Hash", "Parent Relationship": "Inner", "Parallel Aware": false, "Async Capable": false, "Startup Cost": 252.28, "Total Cost": 252.28, "Plan Rows": 7200, "Plan Width": 8, "Plans": [{"Node Type": "Index Scan", "Parent Relationship": "Outer", "Parallel Aware": false, "Async Capable": false, "Scan Direction": "Forward", "Index Name": "household_demographics_pkey", "Relation Name": "household_demographics", "Alias": "household_demographics", "Startup Cost": 0.28, "Total Cost": 252.28, "Plan Rows": 7200, "Plan Width": 8}]}]}, {"Node Type": "Hash", "Parent Relationship": "Inner", "Parallel Aware": false, "Async Capable": false, "Startup Cost": 12.54, "Total Cost": 12.54, "Plan Rows": 6, "Plan Width": 4, "Plans": [{"Node Type": "Index Scan", "Parent Relationship": "Outer", "Parallel Aware": false, "Async Capable": false, "Scan Direction": "Forward", "Index Name": "income_band_pkey", "Relation Name": "income_band", "Alias": "income_band", "Startup Cost": 0.14, "Total Cost": 12.54, "Plan Rows": 6, "Plan Width": 4, "Filter": "((ib_lower_bound >= 23725) AND (ib_upper_bound <= 73725))"}]}]}]}]}]}]}, {"Node Type": "Index Scan", "Parent Relationship": "Inner", "Parallel Aware": false, "Async Capable": false, "Scan Direction": "Forward", "Index Name": "customer_demographics_pkey", "Relation Name": "customer_demographics", "Alias": "customer_demographics", "Startup Cost": 0.43, "Total Cost": 0.48, "Plan Rows": 1, "Plan Width": 4, "Index Cond": "(cd_demo_sk = store_returns.sr_cdemo_sk)"}]}]}}, {"Plan": {"Node Type": "Aggregate", "Strategy": "Plain", "Partial Mode": "Simple", "Parallel Aware": false, "Async Capable": false, "Startup Cost": 20000536074.03, "Total Cost": 20000536074.04, "Plan Rows": 1, "Plan Width": 8, "Plans": [{"Node Type": "Merge Join", "Parent Relationship": "Outer", "Parallel Aware": false, "Async Capable": false, "Join Type": "Inner", "Startup Cost": 20000467887.02, "Total Cost": 20000536069.25, "Plan Rows": 1912, "Plan Width": 0, "Inner Unique": true, "Merge Cond": "(customer.c_current_cdemo_sk = customer_demographics.cd_demo_sk)", "Plans": [{"Node Type": "Merge Join", "Parent Relationship": "Outer", "Parallel Aware": false, "Async Capable": false, "Join Type": "Inner", "Startup Cost": 20000467886.59, "Total Cost": 20000481797.96, "Plan Rows": 2967, "Plan Width": 8, "Inner Unique": false, "Merge Cond": "(customer.c_current_cdemo_sk = store_returns.sr_cdemo_sk)", "Plans": [{"Node Type": "Sort", "Parent Relationship": "Outer", "Parallel Aware": false, "Async Capable": false, "Startup Cost": 10000082713.31, "Total Cost": 10000082716.5, "Plan Rows": 1277, "Plan Width": 4, "Sort Key": ["customer.c_current_cdemo_sk"], "Plans": [{"Node Type": "Merge Join", "Parent Relationship": "Outer", "Parallel Aware": false, "Async Capable": false, "Join Type": "Inner", "Startup Cost": 10000082600.96, "Total Cost": 10000082647.43, "Plan Rows": 1277, "Plan Width": 4, "Inner Unique": true, "Merge Cond": "(household_demographics.hd_income_band_sk = income_band.ib_income_band_sk)", "Plans": [{"Node Type": "Sort", "Parent Relationship": "Outer", "Parallel Aware": false, "Async Capable": false, "Startup Cost": 10000082600.83, "Total Cost": 10000082611.47, "Plan Rows": 4256, "Plan Width": 8, "Sort Key": ["household_demographics.hd_income_band_sk"], "Plans": [{"Node Type": "Merge Join", "Parent Relationship": "Outer", "Parallel Aware": false, "Async Capable": false, "Join Type": "Inner", "Startup Cost": 10000082012.69, "Total Cost": 10000082344.29, "Plan Rows": 4256, "Plan Width": 8, "Inner Unique": true, "Merge Cond": "(customer.c_current_hdemo_sk = household_demographics.hd_demo_sk)", "Plans": [{"Node Type": "Sort", "Parent Relationship": "Outer", "Parallel Aware": false, "Async Capable": false, "Startup Cost": 10000082012.41, "Total Cost": 10000082023.05, "Plan Rows": 4256, "Plan Width": 8, "Sort Key": ["customer.c_current_hdemo_sk"], "Plans": [{"Node Type": "Merge Join", "Parent Relationship": "Outer", "Parallel Aware": false, "Async Capable": false, "Join Type": "Inner", "Startup Cost": 10000066593.39, "Total Cost": 10000081755.87, "Plan Rows": 4256, "Plan Width": 8, "Inner Unique": false, "Merge Cond": "(customer_address.ca_address_sk = customer.c_current_addr_sk)", "Plans": [{"Node Type": "Index Scan", "Parent Relationship": "Outer", "Parallel Aware": false, "Async Capable": false, "Scan Direction": "Forward", "Index Name": "customer_address_pkey", "Relation Name": "customer_address", "Alias": "customer_address", "Startup Cost": 0.42, "Total Cost": 12615.12, "Plan Rows": 2128, "Plan Width": 4, "Filter": "((ca_city)::text = 'Unionville'::text)"}, {"Node Type": "Sort", "Parent Relationship": "Inner", "Parallel Aware": false, "Async Capable": false, "Startup Cost": 10000066592.92, "Total Cost": 10000067842.92, "Plan Rows": 500000, "Plan Width": 12, "Sort Key": ["customer.c_current_addr_sk"], "Plans": [{"Node Type": "Seq Scan", "Parent Relationship": "Outer", "Parallel Aware": false, "Async Capable": false, "Relation Name": "customer", "Alias": "customer", "Startup Cost": 10000000000.0, "Total Cost": 10000019264.0, "Plan Rows": 500000, "Plan Width": 12}]}]}]}, {"Node Type": "Index Scan", "Parent Relationship": "Inner", "Parallel Aware": false, "Async Capable": false, "Scan Direction": "Forward", "Index Name": "household_demographics_pkey", "Relation Name": "household_demographics", "Alias": "household_demographics", "Startup Cost": 0.28, "Total Cost": 252.28, "Plan Rows": 7200, "Plan Width": 8}]}]}, {"Node Type": "Index Scan", "Parent Relationship": "Inner", "Parallel Aware": false, "Async Capable": false, "Scan Direction": "Forward", "Index Name": "income_band_pkey", "Relation Name": "income_band", "Alias": "income_band", "Startup Cost": 0.14, "Total Cost": 12.54, "Plan Rows": 6, "Plan Width": 4, "Filter": "((ib_lower_bound >= 23725) AND (ib_upper_bound <= 73725))"}]}]}, {"Node Type": "Sort", "Parent Relationship": "Inner", "Parallel Aware": false, "Async Capable": false, "Startup Cost": 10000385173.28, "Total Cost": 10000392361.86, "Plan Rows": 2875432, "Plan Width": 4, "Sort Key": ["store_returns.sr_cdemo_sk"], "Plans": [{"Node Type": "Seq Scan", "Parent Relationship": "Outer", "Parallel Aware": false, "Async Capable": false, "Relation Name": "store_returns", "Alias": "store_returns", "Startup Cost": 10000000000.0, "Total Cost": 10000076706.32, "Plan Rows": 2875432, "Plan Width": 4}]}]}, {"Node Type": "Index Only Scan", "Parent Relationship": "Inner", "Parallel Aware": false, "Async Capable": false, "Scan Direction": "Forward", "Index Name": "customer_demographics_pkey", "Relation Name": "customer_demographics", "Alias": "customer_demographics", "Startup Cost": 0.43, "Total Cost": 49916.43, "Plan Rows": 1920800, "Plan Width": 4}]}]}}, {"Plan": {"Node Type": "Aggregate", "Strategy": "Plain", "Partial Mode": "Simple", "Parallel Aware": false, "Async Capable": false, "Startup Cost": 20000472976.83, "Total Cost": 20000472976.84, "Plan Rows": 1, "Plan Width": 8, "Plans": [{"Node Type": "Nested Loop", "Parent Relationship": "Outer", "Parallel Aware": false, "Async Capable": false, "Join Type": "Inner", "Startup Cost": 20000457681.84, "Total Cost": 20000472972.05, "Plan Rows": 1912, "Plan Width": 0, "Inner Unique": true, "Join Filter": "(customer_demographics.cd_demo_sk = customer.c_current_cdemo_sk)", "Plans": [{"Node Type": "Merge Join", "Parent Relationship": "Outer", "Parallel Aware": false, "Async Capable": false, "Join Type": "Inner", "Startup Cost": 20000457681.42, "Total Cost": 20000471592.78, "Plan Rows": 2967, "Plan Width": 8, "Inner Unique": false, "Merge Cond": "(customer.c_current_cdemo_sk = store_returns.sr_cdemo_sk)", "Plans": [{"Node Type": "Sort", "Parent Relationship": "Outer", "Parallel Aware": false, "Async Capable": false, "Startup Cost": 10000072508.13, "Total Cost": 10000072511.33, "Plan Rows": 1277, "Plan Width": 4, "Sort Key": ["customer.c_current_cdemo_sk"], "Plans": [{"Node Type": "Merge Join", "Parent Relationship": "Outer", "Parallel Aware": false, "Async Capable": false, "Join Type": "Inner", "Startup Cost": 10000059059.49, "Total Cost": 10000072442.25, "Plan Rows": 1277, "Plan Width": 4, "Inner Unique": false, "Merge Cond": "(customer_address.ca_address_sk = customer.c_current_addr_sk)", "Plans": [{"Node Type": "Index Scan", "Parent Relationship": "Outer", "Parallel Aware": false, "Async Capable": false, "Scan Direction": "Forward", "Index Name": "customer_address_pkey", "Relation Name": "customer_address", "Alias": "customer_address", "Startup Cost": 0.42, "Total Cost": 12615.12, "Plan Rows": 2128, "Plan Width": 4, "Filter": "((ca_city)::text = 'Unionville'::text)"}, {"Node Type": "Sort", "Parent Relationship": "Inner", "Parallel Aware": false, "Async Capable": false, "Startup Cost": 10000059059.06, "Total Cost": 10000059434.06, "Plan Rows": 150000, "Plan Width": 8, "Sort Key": ["customer.c_current_addr_sk"], "Plans": [{"Node Type": "Nested Loop", "Parent Relationship": "Outer", "Parallel Aware": false, "Async Capable": false, "Join Type": "Inner", "Startup Cost": 10000000000.44, "Total Cost": 10000046163.1, "Plan Rows": 150000, "Plan Width": 8, "Inner Unique": true, "Plans": [{"Node Type": "Nested Loop", "Parent Relationship": "Outer", "Parallel Aware": false, "Async Capable": false, "Join Type": "Inner", "Startup Cost": 10000000000.29, "Total Cost": 10000033927.59, "Plan Rows": 500000, "Plan Width": 12, "Inner Unique": true, "Plans": [{"Node Type": "Seq Scan", "Parent Relationship": "Outer", "Parallel Aware": false, "Async Capable": false, "Relation Name": "customer", "Alias": "customer", "Startup Cost": 10000000000.0, "Total Cost": 10000019264.0, "Plan Rows": 500000, "Plan Width": 12}, {"Node Type": "Memoize", "Parent Relationship": "Inner", "Parallel Aware": false, "Async Capable": false, "Startup Cost": 0.29, "Total Cost": 0.31, "Plan Rows": 1, "Plan Width": 8, "Cache Key": "customer.c_current_hdemo_sk", "Cache Mode": "logical", "Plans": [{"Node Type": "Index Scan", "Parent Relationship": "Outer", "Parallel Aware": false, "Async Capable": false, "Scan Direction": "Forward", "Index Name": "household_demographics_pkey", "Relation Name": "household_demographics", "Alias": "household_demographics", "Startup Cost": 0.28, "Total Cost": 0.3, "Plan Rows": 1, "Plan Width": 8, "Index Cond": "(hd_demo_sk = customer.c_current_hdemo_sk)"}]}]}, {"Node Type": "Memoize", "Parent Relationship": "Inner", "Parallel Aware": false, "Async Capable": false, "Startup Cost": 0.15, "Total Cost": 0.17, "Plan Rows": 1, "Plan Width": 4, "Cache Key": "household_demographics.hd_income_band_sk", "Cache Mode": "logical", "Plans": [{"Node Type": "Index Scan", "Parent Relationship": "Outer", "Parallel Aware": false, "Async Capable": false, "Scan Direction": "Forward", "Index Name": "income_band_pkey", "Relation Name": "income_band", "Alias": "income_band", "Startup Cost": 0.14, "Total Cost": 0.16, "Plan Rows": 1, "Plan Width": 4, "Index Cond": "(ib_income_band_sk = household_demographics.hd_income_band_sk)", "Filter": "((ib_lower_bound >= 23725) AND (ib_upper_bound <= 73725))"}]}]}]}]}]}, {"Node Type": "Sort", "Parent Relationship": "Inner", "Parallel Aware": false, "Async Capable": false, "Startup Cost": 10000385173.28, "Total Cost": 10000392361.86, "Plan Rows": 2875432, "Plan Width": 4, "Sort Key": ["store_returns.sr_cdemo_sk"], "Plans": [{"Node Type": "Seq Scan", "Parent Relationship": "Outer", "Parallel Aware": false, "Async Capable": false, "Relation Name": "store_returns", "Alias": "store_returns", "Startup Cost": 10000000000.0, "Total Cost": 10000076706.32, "Plan Rows": 2875432, "Plan Width": 4}]}]}, {"Node Type": "Index Only Scan", "Parent Relationship": "Inner", "Parallel Aware": false, "Async Capable": false, "Scan Direction": "Forward", "Index Name": "customer_demographics_pkey", "Relation Name": "customer_demographics", "Alias": "customer_demographics", "Startup Cost": 0.43, "Total Cost": 0.45, "Plan Rows": 1, "Plan Width": 4, "Index Cond": "(cd_demo_sk = store_returns.sr_cdemo_sk)"}]}]}}, {"Plan": {"Node Type": "Aggregate", "Strategy": "Plain", "Partial Mode": "Finalize", "Parallel Aware": false, "Async Capable": false, "Startup Cost": 206898.83, "Total Cost": 206898.84, "Plan Rows": 1, "Plan Width": 8, "Plans": [{"Node Type": "Gather", "Parent Relationship": "Outer", "Parallel Aware": false, "Async Capable": false, "Startup Cost": 206898.41, "Total Cost": 206898.82, "Plan Rows": 4, "Plan Width": 8, "Workers Planned": 4, "Single Copy": false, "Plans": [{"Node Type": "Aggregate", "Strategy": "Plain", "Partial Mode": "Partial", "Parent Relationship": "Outer", "Parallel Aware": false, "Async Capable": false, "Startup Cost": 205898.41, "Total Cost": 205898.42, "Plan Rows": 1, "Plan Width": 8, "Plans": [{"Node Type": "Nested Loop", "Parent Relationship": "Outer", "Parallel Aware": false, "Async Capable": false, "Join Type": "Inner", "Startup Cost": 205098.99, "Total Cost": 205897.21, "Plan Rows": 478, "Plan Width": 0, "Inner Unique": true, "Join Filter": "(customer_demographics.cd_demo_sk = customer.c_current_cdemo_sk)", "Plans": [{"Node Type": "Merge Join", "Parent Relationship": "Outer", "Parallel Aware": false, "Async Capable": false, "Join Type": "Inner", "Startup Cost": 205098.56, "Total Cost": 205552.28, "Plan Rows": 742, "Plan Width": 8, "Inner Unique": true, "Merge Cond": "(customer.c_current_addr_sk = customer_address.ca_address_sk)", "Plans": [{"Node Type": "Sort", "Parent Relationship": "Outer", "Parallel Aware": false, "Async Capable": false, "Startup Cost": 196367.92, "Total Cost": 196585.76, "Plan Rows": 87136, "Plan Width": 12, "Sort Key": ["customer.c_current_addr_sk"], "Plans": [{"Node Type": "Merge Join", "Parent Relationship": "Outer", "Parallel Aware": false, "Async Capable": false, "Join Type": "Inner", "Startup Cost": 184127.81, "Total Cost": 189217.99, "Plan Rows": 87136, "Plan Width": 12, "Inner Unique": false, "Merge Cond": "(store_returns.sr_cdemo_sk = customer.c_current_cdemo_sk)", "Plans": [{"Node Type": "Sort", "Parent Relationship": "Outer", "Parallel Aware": false, "Async Capable": false, "Startup Cost": 125068.74, "Total Cost": 126865.89, "Plan Rows": 718858, "Plan Width": 4, "Sort Key": ["store_returns.sr_cdemo_sk"], "Plans": [{"Node Type": "Seq Scan", "Parent Relationship": "Outer", "Parallel Aware": true, "Async Capable": false, "Relation Name": "store_returns", "Alias": "store_returns", "Startup Cost": 0.0, "Total Cost": 55140.58, "Plan Rows": 718858, "Plan Width": 4}]}, {"Node Type": "Sort", "Parent Relationship": "Inner", "Parallel Aware": false, "Async Capable": false, "Startup Cost": 59059.06, "Total Cost": 59434.06, "Plan Rows": 150000, "Plan Width": 8, "Sort Key": ["customer.c_current_cdemo_sk"], "Plans": [{"Node Type": "Nested Loop", "Parent Relationship": "Outer", "Parallel Aware": false, "Async Capable": false, "Join Type": "Inner", "Startup Cost": 0.44, "Total Cost": 46163.1, "Plan Rows": 150000, "Plan Width": 8, "Inner Unique": true, "Plans": [{"Node Type": "Nested Loop", "Parent Relationship": "Outer", "Parallel Aware": false, "Async Capable": false, "Join Type": "Inner", "Startup Cost": 0.29, "Total Cost": 33927.59, "Plan Rows": 500000, "Plan Width": 12, "Inner Unique": true, "Plans": [{"Node Type": "Seq Scan", "Parent Relationship": "Outer", "Parallel Aware": false, "Async Capable": false, "Relation Name": "customer", "Alias": "customer", "Startup Cost": 0.0, "Total Cost": 19264.0, "Plan Rows": 500000, "Plan Width": 12}, {"Node Type": "Memoize", "Parent Relationship": "Inner", "Parallel Aware": false, "Async Capable": false, "Startup Cost": 0.29, "Total Cost": 0.31, "Plan Rows": 1, "Plan Width": 8, "Cache Key": "customer.c_current_hdemo_sk", "Cache Mode": "logical", "Plans": [{"Node Type": "Index Scan", "Parent Relationship": "Outer", "Parallel Aware": false, "Async Capable": false, "Scan Direction": "Forward", "Index Name": "household_demographics_pkey", "Relation Name": "household_demographics", "Alias": "household_demographics", "Startup Cost": 0.28, "Total Cost": 0.3, "Plan Rows": 1, "Plan Width": 8, "Index Cond": "(hd_demo_sk = customer.c_current_hdemo_sk)"}]}]}, {"Node Type": "Memoize", "Parent Relationship": "Inner", "Parallel Aware": false, "Async Capable": false, "Startup Cost": 0.15, "Total Cost": 0.17, "Plan Rows": 1, "Plan Width": 4, "Cache Key": "household_demographics.hd_income_band_sk", "Cache Mode": "logical", "Plans": [{"Node Type": "Index Scan", "Parent Relationship": "Outer", "Parallel Aware": false, "Async Capable": false, "Scan Direction": "Forward", "Index Name": "income_band_pkey", "Relation Name": "income_band", "Alias": "income_band", "Startup Cost": 0.14, "Total Cost": 0.16, "Plan Rows": 1, "Plan Width": 4, "Index Cond": "(ib_income_band_sk = household_demographics.hd_income_band_sk)", "Filter": "((ib_lower_bound >= 23725) AND (ib_upper_bound <= 73725))"}]}]}]}]}]}, {"Node Type": "Sort", "Parent Relationship": "Inner", "Parallel Aware": false, "Async Capable": false, "Startup Cost": 8730.63, "Total Cost": 8735.95, "Plan Rows": 2128, "Plan Width": 4, "Sort Key": ["customer_address.ca_address_sk"], "Plans": [{"Node Type": "Seq Scan", "Parent Relationship": "Outer", "Parallel Aware": false, "Async Capable": false, "Relation Name": "customer_address", "Alias": "customer_address", "Startup Cost": 0.0, "Total Cost": 8613.0, "Plan Rows": 2128, "Plan Width": 4, "Filter": "((ca_city)::text = 'Unionville'::text)"}]}]}, {"Node Type": "Index Only Scan", "Parent Relationship": "Inner", "Parallel Aware": false, "Async Capable": false, "Scan Direction": "Forward", "Index Name": "customer_demographics_pkey", "Relation Name": "customer_demographics", "Alias": "customer_demographics", "Startup Cost": 0.43, "Total Cost": 0.45, "Plan Rows": 1, "Plan Width": 4, "Index Cond": "(cd_demo_sk = store_returns.sr_cdemo_sk)"}]}]}]}]}}, {"Plan": {"Node Type": "Aggregate", "Strategy": "Plain", "Partial Mode": "Finalize", "Parallel Aware": false, "Async Capable": false, "Startup Cost": 284332.7, "Total Cost": 284332.71, "Plan Rows": 1, "Plan Width": 8, "Plans": [{"Node Type": "Gather", "Parent Relationship": "Outer", "Parallel Aware": false, "Async Capable": false, "Startup Cost": 284332.28, "Total Cost": 284332.69, "Plan Rows": 4, "Plan Width": 8, "Workers Planned": 4, "Single Copy": false, "Plans": [{"Node Type": "Aggregate", "Strategy": "Plain", "Partial Mode": "Partial", "Parent Relationship": "Outer", "Parallel Aware": false, "Async Capable": false, "Startup Cost": 283332.28, "Total Cost": 283332.29, "Plan Rows": 1, "Plan Width": 8, "Plans": [{"Node Type": "Merge Join", "Parent Relationship": "Outer", "Parallel Aware": false, "Async Capable": false, "Join Type": "Inner", "Startup Cost": 283034.99, "Total Cost": 283331.09, "Plan Rows": 478, "Plan Width": 0, "Inner Unique": true, "Merge Cond": "(customer.c_current_addr_sk = customer_address.ca_address_sk)", "Plans": [{"Node Type": "Sort", "Parent Relationship": "Outer", "Parallel Aware": false, "Async Capable": false, "Startup Cost": 274304.35, "Total Cost": 274444.7, "Plan Rows": 56138, "Plan Width": 4, "Sort Key": ["customer.c_current_addr_sk"], "Plans": [{"Node Type": "Merge Join", "Parent Relationship": "Outer", "Parallel Aware": false, "Async Capable": false, "Join Type": "Inner", "Startup Cost": 209193.45, "Total Cost": 269876.0, "Plan Rows": 56138, "Plan Width": 4, "Inner Unique": true, "Merge Cond": "(customer.c_current_cdemo_sk = customer_demographics.cd_demo_sk)", "Plans": [{"Node Type": "Merge Join", "Parent Relationship": "Outer", "Parallel Aware": false, "Async Capable": false, "Join Type": "Inner", "Startup Cost": 209192.84, "Total Cost": 214283.01, "Plan Rows": 87136, "Plan Width": 12, "Inner Unique": false, "Merge Cond": "(store_returns.sr_cdemo_sk = customer.c_current_cdemo_sk)", "Plans": [{"Node Type": "Sort", "Parent Relationship": "Outer", "Parallel Aware": false, "Async Capable": false, "Startup Cost": 125068.74, "Total Cost": 126865.89, "Plan Rows": 718858, "Plan Width": 4, "Sort Key": ["store_returns.sr_cdemo_sk"], "Plans": [{"Node Type": "Seq Scan", "Parent Relationship": "Outer", "Parallel Aware": true, "Async Capable": false, "Relation Name": "store_returns", "Alias": "store_returns", "Startup Cost": 0.0, "Total Cost": 55140.58, "Plan Rows": 718858, "Plan Width": 4}]}, {"Node Type": "Sort", "Parent Relationship": "Inner", "Parallel Aware": false, "Async Capable": false, "Startup Cost": 84124.08, "Total Cost": 84499.08, "Plan Rows": 150000, "Plan Width": 8, "Sort Key": ["customer.c_current_cdemo_sk"], "Plans": [{"Node Type": "Merge Join", "Parent Relationship": "Outer", "Parallel Aware": false, "Async Capable": false, "Join Type": "Inner", "Startup Cost": 67357.9, "Total Cost": 71228.13, "Plan Rows": 150000, "Plan Width": 8, "Inner Unique": false, "Merge Cond": "(household_demographics.hd_demo_sk = customer.c_current_hdemo_sk)", "Plans": [{"Node Type": "Sort", "Parent Relationship": "Outer", "Parallel Aware": false, "Async Capable": false, "Startup Cost": 764.93, "Total Cost": 770.33, "Plan Rows": 2160, "Plan Width": 4, "Sort Key": ["household_demographics.hd_demo_sk"], "Plans": [{"Node Type": "Merge Join", "Parent Relationship": "Outer", "Parallel Aware": false, "Async Capable": false, "Join Type": "Inner", "Startup Cost": 587.67, "Total Cost": 645.3, "Plan Rows": 2160, "Plan Width": 4, "Inner Unique": true, "Merge Cond": "(household_demographics.hd_income_band_sk = income_band.ib_income_band_sk)", "Plans": [{"Node Type": "Sort", "Parent Relationship": "Outer", "Parallel Aware": false, "Async Capable": false, "Startup Cost": 586.3, "Total Cost": 604.3, "Plan Rows": 7200, "Plan Width": 8, "Sort Key": ["household_demographics.hd_income_band_sk"], "Plans": [{"Node Type": "Seq Scan", "Parent Relationship": "Outer", "Parallel Aware": false, "Async Capable": false, "Relation Name": "household_demographics", "Alias": "household_demographics", "Startup Cost": 0.0, "Total Cost": 125.0, "Plan Rows": 7200, "Plan Width": 8}]}, {"Node Type": "Sort", "Parent Relationship": "Inner", "Parallel Aware": false, "Async Capable": false, "Startup Cost": 1.38, "Total Cost": 1.39, "Plan Rows": 6, "Plan Width": 4, "Sort Key": ["income_band.ib_income_band_sk"], "Plans": [{"Node Type": "Seq Scan", "Parent Relationship": "Outer", "Parallel Aware": false, "Async Capable": false, "Relation Name": "income_band", "Alias": "income_band", "Startup Cost": 0.0, "Total Cost": 1.3, "Plan Rows": 6, "Plan Width": 4, "Filter": "((ib_lower_bound >= 23725) AND (ib_upper_bound <= 73725))"}]}]}]}, {"Node Type": "Sort", "Parent Relationship": "Inner", "Parallel Aware": false, "Async Capable": false, "Startup Cost": 66592.92, "Total Cost": 67842.92, "Plan Rows": 500000, "Plan Width": 12, "Sort Key": ["customer.c_current_hdemo_sk"], "Plans": [{"Node Type": "Seq Scan", "Parent Relationship": "Outer", "Parallel Aware": false, "Async Capable": false, "Relation Name": "customer", "Alias": "customer", "Startup Cost": 0.0, "Total Cost": 19264.0, "Plan Rows": 500000, "Plan Width": 12}]}]}]}]}, {"Node Type": "Index Only Scan", "Parent Relationship": "Inner", "Parallel Aware": false, "Async Capable": false, "Scan Direction": "Forward", "Index Name": "customer_demographics_pkey", "Relation Name": "customer_demographics", "Alias": "customer_demographics", "Startup Cost": 0.43, "Total Cost": 49916.43, "Plan Rows": 1920800, "Plan Width": 4}]}]}, {"Node Type": "Sort", "Parent Relationship": "Inner", "Parallel Aware": false, "Async Capable": false, "Startup Cost": 8730.63, "Total Cost": 8735.95, "Plan Rows": 2128, "Plan Width": 4, "Sort Key": ["customer_address.ca_address_sk"], "Plans": [{"Node Type": "Seq Scan", "Parent Relationship": "Outer", "Parallel Aware": false, "Async Capable": false, "Relation Name": "customer_address", "Alias": "customer_address", "Startup Cost": 0.0, "Total Cost": 8613.0, "Plan Rows": 2128, "Plan Width": 4, "Filter": "((ca_city)::text = 'Unionville'::text)"}]}]}]}]}]}}, {"Plan": {"Node Type": "Aggregate", "Strategy": "Plain", "Partial Mode": "Simple", "Parallel Aware": false, "Async Capable": false, "Startup Cost": 20055276566.55, "Total Cost": 20055276566.56, "Plan Rows": 1, "Plan Width": 8, "Plans": [{"Node Type": "Nested Loop", "Parent Relationship": "Outer", "Parallel Aware": false, "Async Capable": false, "Join Type": "Inner", "Startup Cost": 20000000001.29, "Total Cost": 20055276561.77, "Plan Rows": 1912, "Plan Width": 0, "Inner Unique": true, "Join Filter": "(customer_demographics.cd_demo_sk = customer.c_current_cdemo_sk)", "Plans": [{"Node Type": "Nested Loop", "Parent Relationship": "Outer", "Parallel Aware": false, "Async Capable": false, "Join Type": "Inner", "Startup Cost": 20000000000.86, "Total Cost": 20055275182.51, "Plan Rows": 2967, "Plan Width": 8, "Inner Unique": false, "Join Filter": "(customer.c_current_cdemo_sk = store_returns.sr_cdemo_sk)", "Plans": [{"Node Type": "Seq Scan", "Parent Relationship": "Outer", "Parallel Aware": false, "Async Capable": false, "Relation Name": "store_returns", "Alias": "store_returns", "Startup Cost": 10000000000.0, "Total Cost": 10000076706.32, "Plan Rows": 2875432, "Plan Width": 4}, {"Node Type": "Materialize", "Parent Relationship": "Inner", "Parallel Aware": false, "Async Capable": false, "Startup Cost": 10000000000.86, "Total Cost": 10000119579.42, "Plan Rows": 1277, "Plan Width": 4, "Plans": [{"Node Type": "Nested Loop", "Parent Relationship": "Outer", "Parallel Aware": false, "Async Capable": false, "Join Type": "Inner", "Startup Cost": 10000000000.86, "Total Cost": 10000119573.04, "Plan Rows": 1277, "Plan Width": 4, "Inner Unique": true, "Plans": [{"Node Type": "Nested Loop", "Parent Relationship": "Outer", "Parallel Aware": false, "Async Capable": false, "Join Type": "Inner", "Startup Cost": 10000000000.44, "Total Cost": 10000046163.1, "Plan Rows": 150000, "Plan Width": 8, "Inner Unique": true, "Plans": [{"Node Type": "Nested Loop", "Parent Relationship": "Outer", "Parallel Aware": false, "Async Capable": false, "Join Type": "Inner", "Startup Cost": 10000000000.29, "Total Cost": 10000033927.59, "Plan Rows": 500000, "Plan Width": 12, "Inner Unique": true, "Plans": [{"Node Type": "Seq Scan", "Parent Relationship": "Outer", "Parallel Aware": false, "Async Capable": false, "Relation Name": "customer", "Alias": "customer", "Startup Cost": 10000000000.0, "Total Cost": 10000019264.0, "Plan Rows": 500000, "Plan Width": 12}, {"Node Type": "Memoize", "Parent Relationship": "Inner", "Parallel Aware": false, "Async Capable": false, "Startup Cost": 0.29, "Total Cost": 0.31, "Plan Rows": 1, "Plan Width": 8, "Cache Key": "customer.c_current_hdemo_sk", "Cache Mode": "logical", "Plans": [{"Node Type": "Index Scan", "Parent Relationship": "Outer", "Parallel Aware": false, "Async Capable": false, "Scan Direction": "Forward", "Index Name": "household_demographics_pkey", "Relation Name": "household_demographics", "Alias": "household_demographics", "Startup Cost": 0.28, "Total Cost": 0.3, "Plan Rows": 1, "Plan Width": 8, "Index Cond": "(hd_demo_sk = customer.c_current_hdemo_sk)"}]}]}, {"Node Type": "Memoize", "Parent Relationship": "Inner", "Parallel Aware": false, "Async Capable": false, "Startup Cost": 0.15, "Total Cost": 0.17, "Plan Rows": 1, "Plan Width": 4, "Cache Key": "household_demographics.hd_income_band_sk", "Cache Mode": "logical", "Plans": [{"Node Type": "Index Scan", "Parent Relationship": "Outer", "Parallel Aware": false, "Async Capable": false, "Scan Direction": "Forward", "Index Name": "income_band_pkey", "Relation Name": "income_band", "Alias": "income_band", "Startup Cost": 0.14, "Total Cost": 0.16, "Plan Rows": 1, "Plan Width": 4, "Index Cond": "(ib_income_band_sk = household_demographics.hd_income_band_sk)", "Filter": "((ib_lower_bound >= 23725) AND (ib_upper_bound <= 73725))"}]}]}, {"Node Type": "Index Scan", "Parent Relationship": "Inner", "Parallel Aware": false, "Async Capable": false, "Scan Direction": "Forward", "Index Name": "customer_address_pkey", "Relation Name": "customer_address", "Alias": "customer_address", "Startup Cost": 0.42, "Total Cost": 0.49, "Plan Rows": 1, "Plan Width": 4, "Index Cond": "(ca_address_sk = customer.c_current_addr_sk)", "Filter": "((ca_city)::text = 'Unionville'::text)"}]}]}]}, {"Node Type": "Index Only Scan", "Parent Relationship": "Inner", "Parallel Aware": false, "Async Capable": false, "Scan Direction": "Forward", "Index Name": "customer_demographics_pkey", "Relation Name": "customer_demographics", "Alias": "customer_demographics", "Startup Cost": 0.43, "Total Cost": 0.45, "Plan Rows": 1, "Plan Width": 4, "Index Cond": "(cd_demo_sk = store_returns.sr_cdemo_sk)"}]}]}}, {"Plan": {"Node Type": "Aggregate", "Strategy": "Plain", "Partial Mode": "Finalize", "Parallel Aware": false, "Async Capable": false, "Startup Cost": 46462384.53, "Total Cost": 46462384.54, "Plan Rows": 1, "Plan Width": 8, "Plans": [{"Node Type": "Gather", "Parent Relationship": "Outer", "Parallel Aware": false, "Async Capable": false, "Startup Cost": 46462384.21, "Total Cost": 46462384.52, "Plan Rows": 3, "Plan Width": 8, "Workers Planned": 3, "Single Copy": false, "Plans": [{"Node Type": "Aggregate", "Strategy": "Plain", "Partial Mode": "Partial", "Parent Relationship": "Outer", "Parallel Aware": false, "Async Capable": false, "Startup Cost": 46461384.21, "Total Cost": 46461384.22, "Plan Rows": 1, "Plan Width": 8, "Plans": [{"Node Type": "Nested Loop", "Parent Relationship": "Outer", "Parallel Aware": false, "Async Capable": false, "Join Type": "Inner", "Startup Cost": 1.29, "Total Cost": 46461382.67, "Plan Rows": 617, "Plan Width": 0, "Inner Unique": false, "Join Filter": "(customer_demographics.cd_demo_sk = store_returns.sr_cdemo_sk)", "Plans": [{"Node Type": "Nested Loop", "Parent Relationship": "Outer", "Parallel Aware": false, "Async Capable": false, "Join Type": "Inner", "Startup Cost": 1.29, "Total Cost": 49904.03, "Plan Rows": 412, "Plan Width": 8, "Inner Unique": true, "Plans": [{"Node Type": "Nested Loop", "Parent Relationship": "Outer", "Parallel Aware": false, "Async Capable": false, "Join Type": "Inner", "Startup Cost": 0.86, "Total Cost": 49703.23, "Plan Rows": 412, "Plan Width": 4, "Inner Unique": true, "Plans": [{"Node Type": "Nested Loop", "Parent Relationship": "Outer", "Parallel Aware": false, "Async Capable": false, "Join Type": "Inner", "Startup Cost": 0.44, "Total Cost": 26022.63, "Plan Rows": 48387, "Plan Width": 8, "Inner Unique": true, "Plans": [{"Node Type": "Nested Loop", "Parent Relationship": "Outer", "Parallel Aware": false, "Async Capable": false, "Join Type": "Inner", "Startup Cost": 0.29, "Total Cost": 22073.41, "Plan Rows": 161290, "Plan Width": 12, "Inner Unique": true, "Plans": [{"Node Type": "Seq Scan", "Parent Relationship": "Outer", "Parallel Aware": true, "Async Capable": false, "Relation Name": "customer", "Alias": "customer", "Startup Cost": 0.0, "Total Cost": 15876.9, "Plan Rows": 161290, "Plan Width": 12}, {"Node Type": "Memoize", "Parent Relationship": "Inner", "Parallel Aware": false, "Async Capable": false, "Startup Cost": 0.29, "Total Cost": 0.31, "Plan Rows": 1, "Plan Width": 8, "Cache Key": "customer.c_current_hdemo_sk", "Cache Mode": "logical", "Plans": [{"Node Type": "Index Scan", "Parent Relationship": "Outer", "Parallel Aware": false, "Async Capable": false, "Scan Direction": "Forward", "Index Name": "household_demographics_pkey", "Relation Name": "household_demographics", "Alias": "household_demographics", "Startup Cost": 0.28, "Total Cost": 0.3, "Plan Rows": 1, "Plan Width": 8, "Index Cond": "(hd_demo_sk = customer.c_current_hdemo_sk)"}]}]}, {"Node Type": "Memoize", "Parent Relationship": "Inner", "Parallel Aware": false, "Async Capable": false, "Startup Cost": 0.15, "Total Cost": 0.17, "Plan Rows": 1, "Plan Width": 4, "Cache Key": "household_demographics.hd_income_band_sk", "Cache Mode": "logical", "Plans": [{"Node Type": "Index Scan", "Parent Relationship": "Outer", "Parallel Aware": false, "Async Capable": false, "Scan Direction": "Forward", "Index Name": "income_band_pkey", "Relation Name": "income_band", "Alias": "income_band", "Startup Cost": 0.14, "Total Cost": 0.16, "Plan Rows": 1, "Plan Width": 4, "Index Cond": "(ib_income_band_sk = household_demographics.hd_income_band_sk)", "Filter": "((ib_lower_bound >= 23725) AND (ib_upper_bound <= 73725))"}]}]}, {"Node Type": "Index Scan", "Parent Relationship": "Inner", "Parallel Aware": false, "Async Capable": false, "Scan Direction": "Forward", "Index Name": "customer_address_pkey", "Relation Name": "customer_address", "Alias": "customer_address", "Startup Cost": 0.42, "Total Cost": 0.49, "Plan Rows": 1, "Plan Width": 4, "Index Cond": "(ca_address_sk = customer.c_current_addr_sk)", "Filter": "((ca_city)::text = 'Unionville'::text)"}]}, {"Node Type": "Index Only Scan", "Parent Relationship": "Inner", "Parallel Aware": false, "Async Capable": false, "Scan Direction": "Forward", "Index Name": "customer_demographics_pkey", "Relation Name": "customer_demographics", "Alias": "customer_demographics", "Startup Cost": 0.43, "Total Cost": 0.49, "Plan Rows": 1, "Plan Width": 4, "Index Cond": "(cd_demo_sk = customer.c_current_cdemo_sk)"}]}, {"Node Type": "Seq Scan", "Parent Relationship": "Inner", "Parallel Aware": false, "Async Capable": false, "Relation Name": "store_returns", "Alias": "store_returns", "Startup Cost": 0.0, "Total Cost": 76706.32, "Plan Rows": 2875432, "Plan Width": 4}]}]}]}]}}, {"Plan": {"Node Type": "Aggregate", "Strategy": "Plain", "Partial Mode": "Simple", "Parallel Aware": false, "Async Capable": false, "Startup Cost": 60000494943.57, "Total Cost": 60000494943.58, "Plan Rows": 1, "Plan Width": 8, "Plans": [{"Node Type": "Nested Loop", "Parent Relationship": "Outer", "Parallel Aware": false, "Async Capable": false, "Join Type": "Inner", "Startup Cost": 60000467772.56, "Total Cost": 60000494938.79, "Plan Rows": 1912, "Plan Width": 0, "Inner Unique": true, "Join Filter": "(customer_demographics.cd_demo_sk = customer.c_current_cdemo_sk)", "Plans": [{"Node Type": "Merge Join", "Parent Relationship": "Outer", "Parallel Aware": false, "Async Capable": false, "Join Type": "Inner", "Startup Cost": 50000467772.12, "Total Cost": 50000481683.48, "Plan Rows": 2967, "Plan Width": 8, "Inner Unique": false, "Merge Cond": "(customer.c_current_cdemo_sk = store_returns.sr_cdemo_sk)", "Plans": [{"Node Type": "Sort", "Parent Relationship": "Outer", "Parallel Aware": false, "Async Capable": false, "Startup Cost": 40000082598.83, "Total Cost": 40000082602.03, "Plan Rows": 1277, "Plan Width": 4, "Sort Key": ["customer.c_current_cdemo_sk"], "Plans": [{"Node Type": "Nested Loop", "Parent Relationship": "Outer", "Parallel Aware": false, "Async Capable": false, "Join Type": "Inner", "Startup Cost": 40000082012.85, "Total Cost": 40000082532.95, "Plan Rows": 1277, "Plan Width": 4, "Inner Unique": true, "Plans": [{"Node Type": "Merge Join", "Parent Relationship": "Outer", "Parallel Aware": false, "Async Capable": false, "Join Type": "Inner", "Startup Cost": 30000082012.69, "Total Cost": 30000082344.29, "Plan Rows": 4256, "Plan Width": 8, "Inner Unique": true, "Merge Cond": "(customer.c_current_hdemo_sk = household_demographics.hd_demo_sk)", "Plans": [{"Node Type": "Sort", "Parent Relationship": "Outer", "Parallel Aware": false, "Async Capable": false, "Startup Cost": 20000082012.41, "Total Cost": 20000082023.05, "Plan Rows": 4256, "Plan Width": 8, "Sort Key": ["customer.c_current_hdemo_sk"], "Plans": [{"Node Type": "Merge Join", "Parent Relationship": "Outer", "Parallel Aware": false, "Async Capable": false, "Join Type": "Inner", "Startup Cost": 20000066593.39, "Total Cost": 20000081755.87, "Plan Rows": 4256, "Plan Width": 8, "Inner Unique": true, "Merge Cond": "(customer.c_current_addr_sk = customer_address.ca_address_sk)", "Plans": [{"Node Type": "Sort", "Parent Relationship": "Outer", "Parallel Aware": false, "Async Capable": false, "Startup Cost": 10000066592.92, "Total Cost": 10000067842.92, "Plan Rows": 500000, "Plan Width": 12, "Sort Key": ["customer.c_current_addr_sk"], "Plans": [{"Node Type": "Seq Scan", "Parent Relationship": "Outer", "Parallel Aware": false, "Async Capable": false, "Relation Name": "customer", "Alias": "customer", "Startup Cost": 10000000000.0, "Total Cost": 10000019264.0, "Plan Rows": 500000, "Plan Width": 12}]}, {"Node Type": "Index Scan", "Parent Relationship": "Inner", "Parallel Aware": false, "Async Capable": false, "Scan Direction": "Forward", "Index Name": "customer_address_pkey", "Relation Name": "customer_address", "Alias": "customer_address", "Startup Cost": 10000000000.42, "Total Cost": 10000012615.12, "Plan Rows": 2128, "Plan Width": 4, "Filter": "((ca_city)::text = 'Unionville'::text)"}]}]}, {"Node Type": "Index Scan", "Parent Relationship": "Inner", "Parallel Aware": false, "Async Capable": false, "Scan Direction": "Forward", "Index Name": "household_demographics_pkey", "Relation Name": "household_demographics", "Alias": "household_demographics", "Startup Cost": 10000000000.28, "Total Cost": 10000000252.28, "Plan Rows": 7200, "Plan Width": 8}]}, {"Node Type": "Memoize", "Parent Relationship": "Inner", "Parallel Aware": false, "Async Capable": false, "Startup Cost": 0.16, "Total Cost": 4.17, "Plan Rows": 1, "Plan Width": 4, "Cache Key": "household_demographics.hd_income_band_sk", "Cache Mode": "logical", "Plans": [{"Node Type": "Bitmap Heap Scan", "Parent Relationship": "Outer", "Parallel Aware": false, "Async Capable": false, "Relation Name": "income_band", "Alias": "income_band", "Startup Cost": 0.15, "Total Cost": 4.16, "Plan Rows": 1, "Plan Width": 4, "Recheck Cond": "(ib_income_band_sk = household_demographics.hd_income_band_sk)", "Filter": "((ib_lower_bound >= 23725) AND (ib_upper_bound <= 73725))", "Plans": [{"Node Type": "Bitmap Index Scan", "Parent Relationship": "Outer", "Parallel Aware": false, "Async Capable": false, "Index Name": "income_band_pkey", "Startup Cost": 0.0, "Total Cost": 0.15, "Plan Rows": 1, "Plan Width": 0, "Index Cond": "(ib_income_band_sk = household_demographics.hd_income_band_sk)"}]}]}]}]}, {"Node Type": "Sort", "Parent Relationship": "Inner", "Parallel Aware": false, "Async Capable": false, "Startup Cost": 10000385173.28, "Total Cost": 10000392361.86, "Plan Rows": 2875432, "Plan Width": 4, "Sort Key": ["store_returns.sr_cdemo_sk"], "Plans": [{"Node Type": "Seq Scan", "Parent Relationship": "Outer", "Parallel Aware": false, "Async Capable": false, "Relation Name": "store_returns", "Alias": "store_returns", "Startup Cost": 10000000000.0, "Total Cost": 10000076706.32, "Plan Rows": 2875432, "Plan Width": 4}]}]}, {"Node Type": "Bitmap Heap Scan", "Parent Relationship": "Inner", "Parallel Aware": false, "Async Capable": false, "Relation Name": "customer_demographics", "Alias": "customer_demographics", "Startup Cost": 0.44, "Total Cost": 4.46, "Plan Rows": 1, "Plan Width": 4, "Recheck Cond": "(cd_demo_sk = store_returns.sr_cdemo_sk)", "Plans": [{"Node Type": "Bitmap Index Scan", "Parent Relationship": "Outer", "Parallel Aware": false, "Async Capable": false, "Index Name": "customer_demographics_pkey", "Startup Cost": 0.0, "Total Cost": 0.44, "Plan Rows": 1, "Plan Width": 0, "Index Cond": "(cd_demo_sk = store_returns.sr_cdemo_sk)"}]}]}]}}, {"Plan": {"Node Type": "Aggregate", "Strategy": "Plain", "Partial Mode": "Simple", "Parallel Aware": false, "Async Capable": false, "Startup Cost": 20001147171.71, "Total Cost": 20001147171.72, "Plan Rows": 1, "Plan Width": 8, "Plans": [{"Node Type": "Merge Join", "Parent Relationship": "Outer", "Parallel Aware": false, "Async Capable": false, "Join Type": "Inner", "Startup Cost": 20001133267.19, "Total Cost": 20001147166.93, "Plan Rows": 1912, "Plan Width": 0, "Inner Unique": false, "Merge Cond": "(customer_demographics.cd_demo_sk = store_returns.sr_cdemo_sk)", "Plans": [{"Node Type": "Sort", "Parent Relationship": "Outer", "Parallel Aware": false, "Async Capable": false, "Startup Cost": 10000748093.5, "Total Cost": 10000748096.7, "Plan Rows": 1277, "Plan Width": 8, "Sort Key": ["customer.c_current_cdemo_sk"], "Plans": [{"Node Type": "Nested Loop", "Parent Relationship": "Outer", "Parallel Aware": false, "Async Capable": false, "Join Type": "Inner", "Startup Cost": 10000000001.37, "Total Cost": 10000748027.62, "Plan Rows": 1277, "Plan Width": 8, "Inner Unique": true, "Plans": [{"Node Type": "Nested Loop", "Parent Relationship": "Outer", "Parallel Aware": false, "Async Capable": false, "Join Type": "Inner", "Startup Cost": 10000000000.89, "Total Cost": 10000742294.03, "Plan Rows": 1277, "Plan Width": 4, "Inner Unique": true, "Plans": [{"Node Type": "Nested Loop", "Parent Relationship": "Outer", "Parallel Aware": false, "Async Capable": false, "Join Type": "Inner", "Startup Cost": 10000000000.46, "Total Cost": 10000075061.14, "Plan Rows": 150000, "Plan Width": 8, "Inner Unique": true, "Plans": [{"Node Type": "Nested Loop", "Parent Relationship": "Outer", "Parallel Aware": false, "Async Capable": false, "Join Type": "Inner", "Startup Cost": 10000000000.3, "Total Cost": 10000062744.43, "Plan Rows": 500000, "Plan Width": 12, "Inner Unique": true, "Plans": [{"Node Type": "Seq Scan", "Parent Relationship": "Outer", "Parallel Aware": false, "Async Capable": false, "Relation Name": "customer", "Alias": "customer", "Startup Cost": 10000000000.0, "Total Cost": 10000019264.0, "Plan Rows": 500000, "Plan Width": 12}, {"Node Type": "Memoize", "Parent Relationship": "Inner", "Parallel Aware": false, "Async Capable": false, "Startup Cost": 0.3, "Total Cost": 4.31, "Plan Rows": 1, "Plan Width": 8, "Cache Key": "customer.c_current_hdemo_sk", "Cache Mode": "logical", "Plans": [{"Node Type": "Bitmap Heap Scan", "Parent Relationship": "Outer", "Parallel Aware": false, "Async Capable": false, "Relation Name": "household_demographics", "Alias": "household_demographics", "Startup Cost": 0.29, "Total Cost": 4.3, "Plan Rows": 1, "Plan Width": 8, "Recheck Cond": "(hd_demo_sk = customer.c_current_hdemo_sk)", "Plans": [{"Node Type": "Bitmap Index Scan", "Parent Relationship": "Outer", "Parallel Aware": false, "Async Capable": false, "Index Name": "household_demographics_pkey", "Startup Cost": 0.0, "Total Cost": 0.29, "Plan Rows": 1, "Plan Width": 0, "Index Cond": "(hd_demo_sk = customer.c_current_hdemo_sk)"}]}]}]}, {"Node Type": "Memoize", "Parent Relationship": "Inner", "Parallel Aware": false, "Async Capable": false, "Startup Cost": 0.16, "Total Cost": 4.17, "Plan Rows": 1, "Plan Width": 4, "Cache Key": "household_demographics.hd_income_band_sk", "Cache Mode": "logical", "Plans": [{"Node Type": "Bitmap Heap Scan", "Parent Relationship": "Outer", "Parallel Aware": false, "Async Capable": false, "Relation Name": "income_band", "Alias": "income_band", "Startup Cost": 0.15, "Total Cost": 4.16, "Plan Rows": 1, "Plan Width": 4, "Recheck Cond": "(ib_income_band_sk = household_demographics.hd_income_band_sk)", "Filter": "((ib_lower_bound >= 23725) AND (ib_upper_bound <= 73725))", "Plans": [{"Node Type": "Bitmap Index Scan", "Parent Relationship": "Outer", "Parallel Aware": false, "Async Capable": false, "Index Name": "income_band_pkey", "Startup Cost": 0.0, "Total Cost": 0.15, "Plan Rows": 1, "Plan Width": 0, "Index Cond": "(ib_income_band_sk = household_demographics.hd_income_band_sk)"}]}]}]}, {"Node Type": "Bitmap Heap Scan", "Parent Relationship": "Inner", "Parallel Aware": false, "Async Capable": false, "Relation Name": "customer_address", "Alias": "customer_address", "Startup Cost": 0.43, "Total Cost": 4.45, "Plan Rows": 1, "Plan Width": 4, "Recheck Cond": "(ca_address_sk = customer.c_current_addr_sk)", "Filter": "((ca_city)::text = 'Unionville'::text)", "Plans": [{"Node Type": "Bitmap Index Scan", "Parent Relationship": "Outer", "Parallel Aware": false, "Async Capable": false, "Index Name": "customer_address_pkey", "Startup Cost": 0.0, "Total Cost": 0.43, "Plan Rows": 1, "Plan Width": 0, "Index Cond": "(ca_address_sk = customer.c_current_addr_sk)"}]}]}, {"Node Type": "Bitmap Heap Scan", "Parent Relationship": "Inner", "Parallel Aware": false, "Async Capable": false, "Relation Name": "customer_demographics", "Alias": "customer_demographics", "Startup Cost": 0.48, "Total Cost": 4.49, "Plan Rows": 1, "Plan Width": 4, "Recheck Cond": "(cd_demo_sk = customer.c_current_cdemo_sk)", "Plans": [{"Node Type": "Bitmap Index Scan", "Parent Relationship": "Outer", "Parallel Aware": false, "Async Capable": false, "Index Name": "customer_demographics_pkey", "Startup Cost": 0.0, "Total Cost": 0.48, "Plan Rows": 1, "Plan Width": 0, "Index Cond": "(cd_demo_sk = customer.c_current_cdemo_sk)"}]}]}]}, {"Node Type": "Sort", "Parent Relationship": "Inner", "Parallel Aware": false, "Async Capable": false, "Startup Cost": 10000385173.28, "Total Cost": 10000392361.86, "Plan Rows": 2875432, "Plan Width": 4, "Sort Key": ["store_returns.sr_cdemo_sk"], "Plans": [{"Node Type": "Seq Scan", "Parent Relationship": "Outer", "Parallel Aware": false, "Async Capable": false, "Relation Name": "store_returns", "Alias": "store_returns", "Startup Cost": 10000000000.0, "Total Cost": 10000076706.32, "Plan Rows": 2875432, "Plan Width": 4}]}]}]}}, {"Plan": {"Node Type": "Aggregate", "Strategy": "Plain", "Partial Mode": "Finalize", "Parallel Aware": false, "Async Capable": false, "Startup Cost": 234674.26, "Total Cost": 234674.27, "Plan Rows": 1, "Plan Width": 8, "Plans": [{"Node Type": "Gather", "Parent Relationship": "Outer", "Parallel Aware": false, "Async Capable": false, "Startup Cost": 234673.84, "Total Cost": 234674.25, "Plan Rows": 4, "Plan Width": 8, "Workers Planned": 4, "Single Copy": false, "Plans": [{"Node Type": "Aggregate", "Strategy": "Plain", "Partial Mode": "Partial", "Parent Relationship": "Outer", "Parallel Aware": false, "Async Capable": false, "Startup Cost": 233673.84, "Total Cost": 233673.85, "Plan Rows": 1, "Plan Width": 8, "Plans": [{"Node Type": "Nested Loop", "Parent Relationship": "Outer", "Parallel Aware": false, "Async Capable": false, "Join Type": "Inner", "Startup Cost": 229904.42, "Total Cost": 233672.64, "Plan Rows": 478, "Plan Width": 0, "Inner Unique": true, "Join Filter": "(customer_demographics.cd_demo_sk = customer.c_current_cdemo_sk)", "Plans": [{"Node Type": "Merge Join", "Parent Relationship": "Outer", "Parallel Aware": false, "Async Capable": false, "Join Type": "Inner", "Startup Cost": 229903.98, "Total Cost": 230357.7, "Plan Rows": 742, "Plan Width": 8, "Inner Unique": true, "Merge Cond": "(customer.c_current_addr_sk = customer_address.ca_address_sk)", "Plans": [{"Node Type": "Sort", "Parent Relationship": "Outer", "Parallel Aware": false, "Async Capable": false, "Startup Cost": 221173.34, "Total Cost": 221391.18, "Plan Rows": 87136, "Plan Width": 12, "Sort Key": ["customer.c_current_addr_sk"], "Plans": [{"Node Type": "Merge Join", "Parent Relationship": "Outer", "Parallel Aware": false, "Async Capable": false, "Join Type": "Inner", "Startup Cost": 208933.23, "Total Cost": 214023.41, "Plan Rows": 87136, "Plan Width": 12, "Inner Unique": false, "Merge Cond": "(store_returns.sr_cdemo_sk = customer.c_current_cdemo_sk)", "Plans": [{"Node Type": "Sort", "Parent Relationship": "Outer", "Parallel Aware": false, "Async Capable": false, "Startup Cost": 125068.74, "Total Cost": 126865.89, "Plan Rows": 718858, "Plan Width": 4, "Sort Key": ["store_returns.sr_cdemo_sk"], "Plans": [{"Node Type": "Seq Scan", "Parent Relationship": "Outer", "Parallel Aware": true, "Async Capable": false, "Relation Name": "store_returns", "Alias": "store_returns", "Startup Cost": 0.0, "Total Cost": 55140.58, "Plan Rows": 718858, "Plan Width": 4}]}, {"Node Type": "Sort", "Parent Relationship": "Inner", "Parallel Aware": false, "Async Capable": false, "Startup Cost": 83864.48, "Total Cost": 84239.48, "Plan Rows": 150000, "Plan Width": 8, "Sort Key": ["customer.c_current_cdemo_sk"], "Plans": [{"Node Type": "Merge Join", "Parent Relationship": "Outer", "Parallel Aware": false, "Async Capable": false, "Join Type": "Inner", "Startup Cost": 67098.29, "Total Cost": 70968.52, "Plan Rows": 150000, "Plan Width": 8, "Inner Unique": false, "Merge Cond": "(household_demographics.hd_demo_sk = customer.c_current_hdemo_sk)", "Plans": [{"Node Type": "Sort", "Parent Relationship": "Outer", "Parallel Aware": false, "Async Capable": false, "Startup Cost": 505.33, "Total Cost": 510.73, "Plan Rows": 2160, "Plan Width": 4, "Sort Key": ["household_demographics.hd_demo_sk"], "Plans": [{"Node Type": "Nested Loop", "Parent Relationship": "Outer", "Parallel Aware": false, "Async Capable": false, "Join Type": "Inner", "Startup Cost": 0.16, "Total Cost": 385.7, "Plan Rows": 2160, "Plan Width": 4, "Inner Unique": true, "Plans": [{"Node Type": "Seq Scan", "Parent Relationship": "Outer", "Parallel Aware": false, "Async Capable": false, "Relation Name": "household_demographics", "Alias": "household_demographics", "Startup Cost": 0.0, "Total Cost": 125.0, "Plan Rows": 7200, "Plan Width": 8}, {"Node Type": "Memoize", "Parent Relationship": "Inner", "Parallel Aware": false, "Async Capable": false, "Startup Cost": 0.16, "Total Cost": 4.17, "Plan Rows": 1, "Plan Width": 4, "Cache Key": "household_demographics.hd_income_band_sk", "Cache Mode": "logical", "Plans": [{"Node Type": "Bitmap Heap Scan", "Parent Relationship": "Outer", "Parallel Aware": false, "Async Capable": false, "Relation Name": "income_band", "Alias": "income_band", "Startup Cost": 0.15, "Total Cost": 4.16, "Plan Rows": 1, "Plan Width": 4, "Recheck Cond": "(ib_income_band_sk = household_demographics.hd_income_band_sk)", "Filter": "((ib_lower_bound >= 23725) AND (ib_upper_bound <= 73725))", "Plans": [{"Node Type": "Bitmap Index Scan", "Parent Relationship": "Outer", "Parallel Aware": false, "Async Capable": false, "Index Name": "income_band_pkey", "Startup Cost": 0.0, "Total Cost": 0.15, "Plan Rows": 1, "Plan Width": 0, "Index Cond": "(ib_income_band_sk = household_demographics.hd_income_band_sk)"}]}]}]}]}, {"Node Type": "Sort", "Parent Relationship": "Inner", "Parallel Aware": false, "Async Capable": false, "Startup Cost": 66592.92, "Total Cost": 67842.92, "Plan Rows": 500000, "Plan Width": 12, "Sort Key": ["customer.c_current_hdemo_sk"], "Plans": [{"Node Type": "Seq Scan", "Parent Relationship": "Outer", "Parallel Aware": false, "Async Capable": false, "Relation Name": "customer", "Alias": "customer", "Startup Cost": 0.0, "Total Cost": 19264.0, "Plan Rows": 500000, "Plan Width": 12}]}]}]}]}]}, {"Node Type": "Sort", "Parent Relationship": "Inner", "Parallel Aware": false, "Async Capable": false, "Startup Cost": 8730.63, "Total Cost": 8735.95, "Plan Rows": 2128, "Plan Width": 4, "Sort Key": ["customer_address.ca_address_sk"], "Plans": [{"Node Type": "Seq Scan", "Parent Relationship": "Outer", "Parallel Aware": false, "Async Capable": false, "Relation Name": "customer_address", "Alias": "customer_address", "Startup Cost": 0.0, "Total Cost": 8613.0, "Plan Rows": 2128, "Plan Width": 4, "Filter": "((ca_city)::text = 'Unionville'::text)"}]}]}, {"Node Type": "Bitmap Heap Scan", "Parent Relationship": "Inner", "Parallel Aware": false, "Async Capable": false, "Relation Name": "customer_demographics", "Alias": "customer_demographics", "Startup Cost": 0.44, "Total Cost": 4.46, "Plan Rows": 1, "Plan Width": 4, "Recheck Cond": "(cd_demo_sk = store_returns.sr_cdemo_sk)", "Plans": [{"Node Type": "Bitmap Index Scan", "Parent Relationship": "Outer", "Parallel Aware": false, "Async Capable": false, "Index Name": "customer_demographics_pkey", "Startup Cost": 0.0, "Total Cost": 0.44, "Plan Rows": 1, "Plan Width": 0, "Index Cond": "(cd_demo_sk = store_returns.sr_cdemo_sk)"}]}]}]}]}]}}, {"Plan": {"Node Type": "Aggregate", "Strategy": "Plain", "Partial Mode": "Finalize", "Parallel Aware": false, "Async Capable": false, "Startup Cost": 480749.22, "Total Cost": 480749.23, "Plan Rows": 1, "Plan Width": 8, "Plans": [{"Node Type": "Gather", "Parent Relationship": "Outer", "Parallel Aware": false, "Async Capable": false, "Startup Cost": 480748.8, "Total Cost": 480749.21, "Plan Rows": 4, "Plan Width": 8, "Workers Planned": 4, "Single Copy": false, "Plans": [{"Node Type": "Aggregate", "Strategy": "Plain", "Partial Mode": "Partial", "Parent Relationship": "Outer", "Parallel Aware": false, "Async Capable": false, "Startup Cost": 479748.8, "Total Cost": 479748.81, "Plan Rows": 1, "Plan Width": 8, "Plans": [{"Node Type": "Merge Join", "Parent Relationship": "Outer", "Parallel Aware": false, "Async Capable": false, "Join Type": "Inner", "Startup Cost": 479451.5, "Total Cost": 479747.6, "Plan Rows": 478, "Plan Width": 0, "Inner Unique": true, "Merge Cond": "(customer.c_current_addr_sk = customer_address.ca_address_sk)", "Plans": [{"Node Type": "Sort", "Parent Relationship": "Outer", "Parallel Aware": false, "Async Capable": false, "Startup Cost": 470720.87, "Total Cost": 470861.21, "Plan Rows": 56138, "Plan Width": 4, "Sort Key": ["customer.c_current_addr_sk"], "Plans": [{"Node Type": "Merge Join", "Parent Relationship": "Outer", "Parallel Aware": false, "Async Capable": false, "Join Type": "Inner", "Startup Cost": 450723.96, "Total Cost": 466292.51, "Plan Rows": 56138, "Plan Width": 4, "Inner Unique": true, "Merge Cond": "(customer.c_current_cdemo_sk = customer_demographics.cd_demo_sk)", "Plans": [{"Node Type": "Merge Join", "Parent Relationship": "Outer", "Parallel Aware": false, "Async Capable": false, "Join Type": "Inner", "Startup Cost": 209192.84, "Total Cost": 214283.01, "Plan Rows": 87136, "Plan Width": 12, "Inner Unique": false, "Merge Cond": "(store_returns.sr_cdemo_sk = customer.c_current_cdemo_sk)", "Plans": [{"Node Type": "Sort", "Parent Relationship": "Outer", "Parallel Aware": false, "Async Capable": false, "Startup Cost": 125068.74, "Total Cost": 126865.89, "Plan Rows": 718858, "Plan Width": 4, "Sort Key": ["store_returns.sr_cdemo_sk"], "Plans": [{"Node Type": "Seq Scan", "Parent Relationship": "Outer", "Parallel Aware": true, "Async Capable": false, "Relation Name": "store_returns", "Alias": "store_returns", "Startup Cost": 0.0, "Total Cost": 55140.58, "Plan Rows": 718858, "Plan Width": 4}]}, {"Node Type": "Sort", "Parent Relationship": "Inner", "Parallel Aware": false, "Async Capable": false, "Startup Cost": 84124.08, "Total Cost": 84499.08, "Plan Rows": 150000, "Plan Width": 8, "Sort Key": ["customer.c_current_cdemo_sk"], "Plans": [{"Node Type": "Merge Join", "Parent Relationship": "Outer", "Parallel Aware": false, "Async Capable": false, "Join Type": "Inner", "Startup Cost": 67357.9, "Total Cost": 71228.13, "Plan Rows": 150000, "Plan Width": 8, "Inner Unique": false, "Merge Cond": "(household_demographics.hd_demo_sk = customer.c_current_hdemo_sk)", "Plans": [{"Node Type": "Sort", "Parent Relationship": "Outer", "Parallel Aware": false, "Async Capable": false, "Startup Cost": 764.93, "Total Cost": 770.33, "Plan Rows": 2160, "Plan Width": 4, "Sort Key": ["household_demographics.hd_demo_sk"], "Plans": [{"Node Type": "Merge Join", "Parent Relationship": "Outer", "Parallel Aware": false, "Async Capable": false, "Join Type": "Inner", "Startup Cost": 587.67, "Total Cost": 645.3, "Plan Rows": 2160, "Plan Width": 4, "Inner Unique": true, "Merge Cond": "(household_demographics.hd_income_band_sk = income_band.ib_income_band_sk)", "Plans": [{"Node Type": "Sort", "Parent Relationship": "Outer", "Parallel Aware": false, "Async Capable": false, "Startup Cost": 586.3, "Total Cost": 604.3, "Plan Rows": 7200, "Plan Width": 8, "Sort Key": ["household_demographics.hd_income_band_sk"], "Plans": [{"Node Type": "Seq Scan", "Parent Relationship": "Outer", "Parallel Aware": false, "Async Capable": false, "Relation Name": "household_demographics", "Alias": "household_demographics", "Startup Cost": 0.0, "Total Cost": 125.0, "Plan Rows": 7200, "Plan Width": 8}]}, {"Node Type": "Sort", "Parent Relationship": "Inner", "Parallel Aware": false, "Async Capable": false, "Startup Cost": 1.38, "Total Cost": 1.39, "Plan Rows": 6, "Plan Width": 4, "Sort Key": ["income_band.ib_income_band_sk"], "Plans": [{"Node Type": "Seq Scan", "Parent Relationship": "Outer", "Parallel Aware": false, "Async Capable": false, "Relation Name": "income_band", "Alias": "income_band", "Startup Cost": 0.0, "Total Cost": 1.3, "Plan Rows": 6, "Plan Width": 4, "Filter": "((ib_lower_bound >= 23725) AND (ib_upper_bound <= 73725))"}]}]}]}, {"Node Type": "Sort", "Parent Relationship": "Inner", "Parallel Aware": false, "Async Capable": false, "Startup Cost": 66592.92, "Total Cost": 67842.92, "Plan Rows": 500000, "Plan Width": 12, "Sort Key": ["customer.c_current_hdemo_sk"], "Plans": [{"Node Type": "Seq Scan", "Parent Relationship": "Outer", "Parallel Aware": false, "Async Capable": false, "Relation Name": "customer", "Alias": "customer", "Startup Cost": 0.0, "Total Cost": 19264.0, "Plan Rows": 500000, "Plan Width": 12}]}]}]}]}, {"Node Type": "Sort", "Parent Relationship": "Inner", "Parallel Aware": false, "Async Capable": false, "Startup Cost": 241530.94, "Total Cost": 246332.94, "Plan Rows": 1920800, "Plan Width": 4, "Sort Key": ["customer_demographics.cd_demo_sk"], "Plans": [{"Node Type": "Seq Scan", "Parent Relationship": "Outer", "Parallel Aware": false, "Async Capable": false, "Relation Name": "customer_demographics", "Alias": "customer_demographics", "Startup Cost": 0.0, "Total Cost": 41064.0, "Plan Rows": 1920800, "Plan Width": 4}]}]}]}, {"Node Type": "Sort", "Parent Relationship": "Inner", "Parallel Aware": false, "Async Capable": false, "Startup Cost": 8730.63, "Total Cost": 8735.95, "Plan Rows": 2128, "Plan Width": 4, "Sort Key": ["customer_address.ca_address_sk"], "Plans": [{"Node Type": "Seq Scan", "Parent Relationship": "Outer", "Parallel Aware": false, "Async Capable": false, "Relation Name": "customer_address", "Alias": "customer_address", "Startup Cost": 0.0, "Total Cost": 8613.0, "Plan Rows": 2128, "Plan Width": 4, "Filter": "((ca_city)::text = 'Unionville'::text)"}]}]}]}]}]}}, {"Plan": {"Node Type": "Aggregate", "Strategy": "Plain", "Partial Mode": "Simple", "Parallel Aware": false, "Async Capable": false, "Startup Cost": 20055903641.87, "Total Cost": 20055903641.88, "Plan Rows": 1, "Plan Width": 8, "Plans": [{"Node Type": "Nested Loop", "Parent Relationship": "Outer", "Parallel Aware": false, "Async Capable": false, "Join Type": "Inner", "Startup Cost": 20000000001.37, "Total Cost": 20055903637.09, "Plan Rows": 1912, "Plan Width": 0, "Inner Unique": false, "Join Filter": "(customer_demographics.cd_demo_sk = store_returns.sr_cdemo_sk)", "Plans": [{"Node Type": "Seq Scan", "Parent Relationship": "Outer", "Parallel Aware": false, "Async Capable": false, "Relation Name": "store_returns", "Alias": "store_returns", "Startup Cost": 10000000000.0, "Total Cost": 10000076706.32, "Plan Rows": 2875432, "Plan Width": 4}, {"Node Type": "Materialize", "Parent Relationship": "Inner", "Parallel Aware": false, "Async Capable": false, "Startup Cost": 10000000001.37, "Total Cost": 10000748034.01, "Plan Rows": 1277, "Plan Width": 8, "Plans": [{"Node Type": "Nested Loop", "Parent Relationship": "Outer", "Parallel Aware": false, "Async Capable": false, "Join Type": "Inner", "Startup Cost": 10000000001.37, "Total Cost": 10000748027.62, "Plan Rows": 1277, "Plan Width": 8, "Inner Unique": true, "Plans": [{"Node Type": "Nested Loop", "Parent Relationship": "Outer", "Parallel Aware": false, "Async Capable": false, "Join Type": "Inner", "Startup Cost": 10000000000.89, "Total Cost": 10000742294.03, "Plan Rows": 1277, "Plan Width": 4, "Inner Unique": true, "Plans": [{"Node Type": "Nested Loop", "Parent Relationship": "Outer", "Parallel Aware": false, "Async Capable": false, "Join Type": "Inner", "Startup Cost": 10000000000.46, "Total Cost": 10000075061.14, "Plan Rows": 150000, "Plan Width": 8, "Inner Unique": true, "Plans": [{"Node Type": "Nested Loop", "Parent Relationship": "Outer", "Parallel Aware": false, "Async Capable": false, "Join Type": "Inner", "Startup Cost": 10000000000.3, "Total Cost": 10000062744.43, "Plan Rows": 500000, "Plan Width": 12, "Inner Unique": true, "Plans": [{"Node Type": "Seq Scan", "Parent Relationship": "Outer", "Parallel Aware": false, "Async Capable": false, "Relation Name": "customer", "Alias": "customer", "Startup Cost": 10000000000.0, "Total Cost": 10000019264.0, "Plan Rows": 500000, "Plan Width": 12}, {"Node Type": "Memoize", "Parent Relationship": "Inner", "Parallel Aware": false, "Async Capable": false, "Startup Cost": 0.3, "Total Cost": 4.31, "Plan Rows": 1, "Plan Width": 8, "Cache Key": "customer.c_current_hdemo_sk", "Cache Mode": "logical", "Plans": [{"Node Type": "Bitmap Heap Scan", "Parent Relationship": "Outer", "Parallel Aware": false, "Async Capable": false, "Relation Name": "household_demographics", "Alias": "household_demographics", "Startup Cost": 0.29, "Total Cost": 4.3, "Plan Rows": 1, "Plan Width": 8, "Recheck Cond": "(hd_demo_sk = customer.c_current_hdemo_sk)", "Plans": [{"Node Type": "Bitmap Index Scan", "Parent Relationship": "Outer", "Parallel Aware": false, "Async Capable": false, "Index Name": "household_demographics_pkey", "Startup Cost": 0.0, "Total Cost": 0.29, "Plan Rows": 1, "Plan Width": 0, "Index Cond": "(hd_demo_sk = customer.c_current_hdemo_sk)"}]}]}]}, {"Node Type": "Memoize", "Parent Relationship": "Inner", "Parallel Aware": false, "Async Capable": false, "Startup Cost": 0.16, "Total Cost": 4.17, "Plan Rows": 1, "Plan Width": 4, "Cache Key": "household_demographics.hd_income_band_sk", "Cache Mode": "logical", "Plans": [{"Node Type": "Bitmap Heap Scan", "Parent Relationship": "Outer", "Parallel Aware": false, "Async Capable": false, "Relation Name": "income_band", "Alias": "income_band", "Startup Cost": 0.15, "Total Cost": 4.16, "Plan Rows": 1, "Plan Width": 4, "Recheck Cond": "(ib_income_band_sk = household_demographics.hd_income_band_sk)", "Filter": "((ib_lower_bound >= 23725) AND (ib_upper_bound <= 73725))", "Plans": [{"Node Type": "Bitmap Index Scan", "Parent Relationship": "Outer", "Parallel Aware": false, "Async Capable": false, "Index Name": "income_band_pkey", "Startup Cost": 0.0, "Total Cost": 0.15, "Plan Rows": 1, "Plan Width": 0, "Index Cond": "(ib_income_band_sk = household_demographics.hd_income_band_sk)"}]}]}]}, {"Node Type": "Bitmap Heap Scan", "Parent Relationship": "Inner", "Parallel Aware": false, "Async Capable": false, "Relation Name": "customer_address", "Alias": "customer_address", "Startup Cost": 0.43, "Total Cost": 4.45, "Plan Rows": 1, "Plan Width": 4, "Recheck Cond": "(ca_address_sk = customer.c_current_addr_sk)", "Filter": "((ca_city)::text = 'Unionville'::text)", "Plans": [{"Node Type": "Bitmap Index Scan", "Parent Relationship": "Outer", "Parallel Aware": false, "Async Capable": false, "Index Name": "customer_address_pkey", "Startup Cost": 0.0, "Total Cost": 0.43, "Plan Rows": 1, "Plan Width": 0, "Index Cond": "(ca_address_sk = customer.c_current_addr_sk)"}]}]}, {"Node Type": "Bitmap Heap Scan", "Parent Relationship": "Inner", "Parallel Aware": false, "Async Capable": false, "Relation Name": "customer_demographics", "Alias": "customer_demographics", "Startup Cost": 0.48, "Total Cost": 4.49, "Plan Rows": 1, "Plan Width": 4, "Recheck Cond": "(cd_demo_sk = customer.c_current_cdemo_sk)", "Plans": [{"Node Type": "Bitmap Index Scan", "Parent Relationship": "Outer", "Parallel Aware": false, "Async Capable": false, "Index Name": "customer_demographics_pkey", "Startup Cost": 0.0, "Total Cost": 0.48, "Plan Rows": 1, "Plan Width": 0, "Index Cond": "(cd_demo_sk = customer.c_current_cdemo_sk)"}]}]}]}]}]}}, {"Plan": {"Node Type": "Aggregate", "Strategy": "Plain", "Partial Mode": "Finalize", "Parallel Aware": false, "Async Capable": false, "Startup Cost": 46684488.09, "Total Cost": 46684488.1, "Plan Rows": 1, "Plan Width": 8, "Plans": [{"Node Type": "Gather", "Parent Relationship": "Outer", "Parallel Aware": false, "Async Capable": false, "Startup Cost": 46684487.77, "Total Cost": 46684488.08, "Plan Rows": 3, "Plan Width": 8, "Workers Planned": 3, "Single Copy": false, "Plans": [{"Node Type": "Aggregate", "Strategy": "Plain", "Partial Mode": "Partial", "Parent Relationship": "Outer", "Parallel Aware": false, "Async Capable": false, "Startup Cost": 46683487.77, "Total Cost": 46683487.78, "Plan Rows": 1, "Plan Width": 8, "Plans": [{"Node Type": "Nested Loop", "Parent Relationship": "Outer", "Parallel Aware": false, "Async Capable": false, "Join Type": "Inner", "Startup Cost": 1.37, "Total Cost": 46683486.23, "Plan Rows": 617, "Plan Width": 0, "Inner Unique": false, "Join Filter": "(customer_demographics.cd_demo_sk = store_returns.sr_cdemo_sk)", "Plans": [{"Node Type": "Nested Loop", "Parent Relationship": "Outer", "Parallel Aware": false, "Async Capable": false, "Join Type": "Inner", "Startup Cost": 1.37, "Total Cost": 272007.59, "Plan Rows": 412, "Plan Width": 8, "Inner Unique": true, "Plans": [{"Node Type": "Nested Loop", "Parent Relationship": "Outer", "Parallel Aware": false, "Async Capable": false, "Join Type": "Inner", "Startup Cost": 0.89, "Total Cost": 270157.76, "Plan Rows": 412, "Plan Width": 4, "Inner Unique": true, "Plans": [{"Node Type": "Nested Loop", "Parent Relationship": "Outer", "Parallel Aware": false, "Async Capable": false, "Join Type": "Inner", "Startup Cost": 0.46, "Total Cost": 54920.47, "Plan Rows": 48387, "Plan Width": 8, "Inner Unique": true, "Plans": [{"Node Type": "Nested Loop", "Parent Relationship": "Outer", "Parallel Aware": false, "Async Capable": false, "Join Type": "Inner", "Startup Cost": 0.3, "Total Cost": 50890.06, "Plan Rows": 161290, "Plan Width": 12, "Inner Unique": true, "Plans": [{"Node Type": "Seq Scan", "Parent Relationship": "Outer", "Parallel Aware": true, "Async Capable": false, "Relation Name": "customer", "Alias": "customer", "Startup Cost": 0.0, "Total Cost": 15876.9, "Plan Rows": 161290, "Plan Width": 12}, {"Node Type": "Memoize", "Parent Relationship": "Inner", "Parallel Aware": false, "Async Capable": false, "Startup Cost": 0.3, "Total Cost": 4.31, "Plan Rows": 1, "Plan Width": 8, "Cache Key": "customer.c_current_hdemo_sk", "Cache Mode": "logical", "Plans": [{"Node Type": "Bitmap Heap Scan", "Parent Relationship": "Outer", "Parallel Aware": false, "Async Capable": false, "Relation Name": "household_demographics", "Alias": "household_demographics", "Startup Cost": 0.29, "Total Cost": 4.3, "Plan Rows": 1, "Plan Width": 8, "Recheck Cond": "(hd_demo_sk = customer.c_current_hdemo_sk)", "Plans": [{"Node Type": "Bitmap Index Scan", "Parent Relationship": "Outer", "Parallel Aware": false, "Async Capable": false, "Index Name": "household_demographics_pkey", "Startup Cost": 0.0, "Total Cost": 0.29, "Plan Rows": 1, "Plan Width": 0, "Index Cond": "(hd_demo_sk = customer.c_current_hdemo_sk)"}]}]}]}, {"Node Type": "Memoize", "Parent Relationship": "Inner", "Parallel Aware": false, "Async Capable": false, "Startup Cost": 0.16, "Total Cost": 4.17, "Plan Rows": 1, "Plan Width": 4, "Cache Key": "household_demographics.hd_income_band_sk", "Cache Mode": "logical", "Plans": [{"Node Type": "Bitmap Heap Scan", "Parent Relationship": "Outer", "Parallel Aware": false, "Async Capable": false, "Relation Name": "income_band", "Alias": "income_band", "Startup Cost": 0.15, "Total Cost": 4.16, "Plan Rows": 1, "Plan Width": 4, "Recheck Cond": "(ib_income_band_sk = household_demographics.hd_income_band_sk)", "Filter": "((ib_lower_bound >= 23725) AND (ib_upper_bound <= 73725))", "Plans": [{"Node Type": "Bitmap Index Scan", "Parent Relationship": "Outer", "Parallel Aware": false, "Async Capable": false, "Index Name": "income_band_pkey", "Startup Cost": 0.0, "Total Cost": 0.15, "Plan Rows": 1, "Plan Width": 0, "Index Cond": "(ib_income_band_sk = household_demographics.hd_income_band_sk)"}]}]}]}, {"Node Type": "Bitmap Heap Scan", "Parent Relationship": "Inner", "Parallel Aware": false, "Async Capable": false, "Relation Name": "customer_address", "Alias": "customer_address", "Startup Cost": 0.43, "Total Cost": 4.45, "Plan Rows": 1, "Plan Width": 4, "Recheck Cond": "(ca_address_sk = customer.c_current_addr_sk)", "Filter": "((ca_city)::text = 'Unionville'::text)", "Plans": [{"Node Type": "Bitmap Index Scan", "Parent Relationship": "Outer", "Parallel Aware": false, "Async Capable": false, "Index Name": "customer_address_pkey", "Startup Cost": 0.0, "Total Cost": 0.43, "Plan Rows": 1, "Plan Width": 0, "Index Cond": "(ca_address_sk = customer.c_current_addr_sk)"}]}]}, {"Node Type": "Bitmap Heap Scan", "Parent Relationship": "Inner", "Parallel Aware": false, "Async Capable": false, "Relation Name": "customer_demographics", "Alias": "customer_demographics", "Startup Cost": 0.48, "Total Cost": 4.49, "Plan Rows": 1, "Plan Width": 4, "Recheck Cond": "(cd_demo_sk = customer.c_current_cdemo_sk)", "Plans": [{"Node Type": "Bitmap Index Scan", "Parent Relationship": "Outer", "Parallel Aware": false, "Async Capable": false, "Index Name": "customer_demographics_pkey", "Startup Cost": 0.0, "Total Cost": 0.48, "Plan Rows": 1, "Plan Width": 0, "Index Cond": "(cd_demo_sk = customer.c_current_cdemo_sk)"}]}]}, {"Node Type": "Seq Scan", "Parent Relationship": "Inner", "Parallel Aware": false, "Async Capable": false, "Relation Name": "store_returns", "Alias": "store_returns", "Startup Cost": 0.0, "Total Cost": 76706.32, "Plan Rows": 2875432, "Plan Width": 4}]}]}]}]}}, {"Plan": {"Node Type": "Aggregate", "Strategy": "Plain", "Partial Mode": "Simple", "Parallel Aware": false, "Async Capable": false, "Startup Cost": 20000557901.03, "Total Cost": 20000557901.04, "Plan Rows": 1, "Plan Width": 8, "Plans": [{"Node Type": "Merge Join", "Parent Relationship": "Outer", "Parallel Aware": false, "Async Capable": false, "Join Type": "Inner", "Startup Cost": 20000467887.02, "Total Cost": 20000557896.25, "Plan Rows": 1912, "Plan Width": 0, "Inner Unique": true, "Merge Cond": "(customer.c_current_cdemo_sk = customer_demographics.cd_demo_sk)", "Plans": [{"Node Type": "Merge Join", "Parent Relationship": "Outer", "Parallel Aware": false, "Async Capable": false, "Join Type": "Inner", "Startup Cost": 20000467886.59, "Total Cost": 20000481797.96, "Plan Rows": 2967, "Plan Width": 8, "Inner Unique": false, "Merge Cond": "(customer.c_current_cdemo_sk = store_returns.sr_cdemo_sk)", "Plans": [{"Node Type": "Sort", "Parent Relationship": "Outer", "Parallel Aware": false, "Async Capable": false, "Startup Cost": 10000082713.31, "Total Cost": 10000082716.5, "Plan Rows": 1277, "Plan Width": 4, "Sort Key": ["customer.c_current_cdemo_sk"], "Plans": [{"Node Type": "Merge Join", "Parent Relationship": "Outer", "Parallel Aware": false, "Async Capable": false, "Join Type": "Inner", "Startup Cost": 10000082600.96, "Total Cost": 10000082647.43, "Plan Rows": 1277, "Plan Width": 4, "Inner Unique": true, "Merge Cond": "(household_demographics.hd_income_band_sk = income_band.ib_income_band_sk)", "Plans": [{"Node Type": "Sort", "Parent Relationship": "Outer", "Parallel Aware": false, "Async Capable": false, "Startup Cost": 10000082600.83, "Total Cost": 10000082611.47, "Plan Rows": 4256, "Plan Width": 8, "Sort Key": ["household_demographics.hd_income_band_sk"], "Plans": [{"Node Type": "Merge Join", "Parent Relationship": "Outer", "Parallel Aware": false, "Async Capable": false, "Join Type": "Inner", "Startup Cost": 10000082012.69, "Total Cost": 10000082344.29, "Plan Rows": 4256, "Plan Width": 8, "Inner Unique": true, "Merge Cond": "(customer.c_current_hdemo_sk = household_demographics.hd_demo_sk)", "Plans": [{"Node Type": "Sort", "Parent Relationship": "Outer", "Parallel Aware": false, "Async Capable": false, "Startup Cost": 10000082012.41, "Total Cost": 10000082023.05, "Plan Rows": 4256, "Plan Width": 8, "Sort Key": ["customer.c_current_hdemo_sk"], "Plans": [{"Node Type": "Merge Join", "Parent Relationship": "Outer", "Parallel Aware": false, "Async Capable": false, "Join Type": "Inner", "Startup Cost": 10000066593.39, "Total Cost": 10000081755.87, "Plan Rows": 4256, "Plan Width": 8, "Inner Unique": false, "Merge Cond": "(customer_address.ca_address_sk = customer.c_current_addr_sk)", "Plans": [{"Node Type": "Index Scan", "Parent Relationship": "Outer", "Parallel Aware": false, "Async Capable": false, "Scan Direction": "Forward", "Index Name": "customer_address_pkey", "Relation Name": "customer_address", "Alias": "customer_address", "Startup Cost": 0.42, "Total Cost": 12615.12, "Plan Rows": 2128, "Plan Width": 4, "Filter": "((ca_city)::text = 'Unionville'::text)"}, {"Node Type": "Sort", "Parent Relationship": "Inner", "Parallel Aware": false, "Async Capable": false, "Startup Cost": 10000066592.92, "Total Cost": 10000067842.92, "Plan Rows": 500000, "Plan Width": 12, "Sort Key": ["customer.c_current_addr_sk"], "Plans": [{"Node Type": "Seq Scan", "Parent Relationship": "Outer", "Parallel Aware": false, "Async Capable": false, "Relation Name": "customer", "Alias": "customer", "Startup Cost": 10000000000.0, "Total Cost": 10000019264.0, "Plan Rows": 500000, "Plan Width": 12}]}]}]}, {"Node Type": "Index Scan", "Parent Relationship": "Inner", "Parallel Aware": false, "Async Capable": false, "Scan Direction": "Forward", "Index Name": "household_demographics_pkey", "Relation Name": "household_demographics", "Alias": "household_demographics", "Startup Cost": 0.28, "Total Cost": 252.28, "Plan Rows": 7200, "Plan Width": 8}]}]}, {"Node Type": "Index Scan", "Parent Relationship": "Inner", "Parallel Aware": false, "Async Capable": false, "Scan Direction": "Forward", "Index Name": "income_band_pkey", "Relation Name": "income_band", "Alias": "income_band", "Startup Cost": 0.14, "Total Cost": 12.54, "Plan Rows": 6, "Plan Width": 4, "Filter": "((ib_lower_bound >= 23725) AND (ib_upper_bound <= 73725))"}]}]}, {"Node Type": "Sort", "Parent Relationship": "Inner", "Parallel Aware": false, "Async Capable": false, "Startup Cost": 10000385173.28, "Total Cost": 10000392361.86, "Plan Rows": 2875432, "Plan Width": 4, "Sort Key": ["store_returns.sr_cdemo_sk"], "Plans": [{"Node Type": "Seq Scan", "Parent Relationship": "Outer", "Parallel Aware": false, "Async Capable": false, "Relation Name": "store_returns", "Alias": "store_returns", "Startup Cost": 10000000000.0, "Total Cost": 10000076706.32, "Plan Rows": 2875432, "Plan Width": 4}]}]}, {"Node Type": "Index Scan", "Parent Relationship": "Inner", "Parallel Aware": false, "Async Capable": false, "Scan Direction": "Forward", "Index Name": "customer_demographics_pkey", "Relation Name": "customer_demographics", "Alias": "customer_demographics", "Startup Cost": 0.43, "Total Cost": 71743.43, "Plan Rows": 1920800, "Plan Width": 4}]}]}}, {"Plan": {"Node Type": "Aggregate", "Strategy": "Plain", "Partial Mode": "Simple", "Parallel Aware": false, "Async Capable": false, "Startup Cost": 20000473066.91, "Total Cost": 20000473066.92, "Plan Rows": 1, "Plan Width": 8, "Plans": [{"Node Type": "Nested Loop", "Parent Relationship": "Outer", "Parallel Aware": false, "Async Capable": false, "Join Type": "Inner", "Startup Cost": 20000457681.84, "Total Cost": 20000473062.13, "Plan Rows": 1912, "Plan Width": 0, "Inner Unique": true, "Join Filter": "(customer_demographics.cd_demo_sk = customer.c_current_cdemo_sk)", "Plans": [{"Node Type": "Merge Join", "Parent Relationship": "Outer", "Parallel Aware": false, "Async Capable": false, "Join Type": "Inner", "Startup Cost": 20000457681.42, "Total Cost": 20000471592.78, "Plan Rows": 2967, "Plan Width": 8, "Inner Unique": false, "Merge Cond": "(customer.c_current_cdemo_sk = store_returns.sr_cdemo_sk)", "Plans": [{"Node Type": "Sort", "Parent Relationship": "Outer", "Parallel Aware": false, "Async Capable": false, "Startup Cost": 10000072508.13, "Total Cost": 10000072511.33, "Plan Rows": 1277, "Plan Width": 4, "Sort Key": ["customer.c_current_cdemo_sk"], "Plans": [{"Node Type": "Merge Join", "Parent Relationship": "Outer", "Parallel Aware": false, "Async Capable": false, "Join Type": "Inner", "Startup Cost": 10000059059.49, "Total Cost": 10000072442.25, "Plan Rows": 1277, "Plan Width": 4, "Inner Unique": false, "Merge Cond": "(customer_address.ca_address_sk = customer.c_current_addr_sk)", "Plans": [{"Node Type": "Index Scan", "Parent Relationship": "Outer", "Parallel Aware": false, "Async Capable": false, "Scan Direction": "Forward", "Index Name": "customer_address_pkey", "Relation Name": "customer_address", "Alias": "customer_address", "Startup Cost": 0.42, "Total Cost": 12615.12, "Plan Rows": 2128, "Plan Width": 4, "Filter": "((ca_city)::text = 'Unionville'::text)"}, {"Node Type": "Sort", "Parent Relationship": "Inner", "Parallel Aware": false, "Async Capable": false, "Startup Cost": 10000059059.06, "Total Cost": 10000059434.06, "Plan Rows": 150000, "Plan Width": 8, "Sort Key": ["customer.c_current_addr_sk"], "Plans": [{"Node Type": "Nested Loop", "Parent Relationship": "Outer", "Parallel Aware": false, "Async Capable": false, "Join Type": "Inner", "Startup Cost": 10000000000.44, "Total Cost": 10000046163.1, "Plan Rows": 150000, "Plan Width": 8, "Inner Unique": true, "Plans": [{"Node Type": "Nested Loop", "Parent Relationship": "Outer", "Parallel Aware": false, "Async Capable": false, "Join Type": "Inner", "Startup Cost": 10000000000.29, "Total Cost": 10000033927.59, "Plan Rows": 500000, "Plan Width": 12, "Inner Unique": true, "Plans": [{"Node Type": "Seq Scan", "Parent Relationship": "Outer", "Parallel Aware": false, "Async Capable": false, "Relation Name": "customer", "Alias": "customer", "Startup Cost": 10000000000.0, "Total Cost": 10000019264.0, "Plan Rows": 500000, "Plan Width": 12}, {"Node Type": "Memoize", "Parent Relationship": "Inner", "Parallel Aware": false, "Async Capable": false, "Startup Cost": 0.29, "Total Cost": 0.31, "Plan Rows": 1, "Plan Width": 8, "Cache Key": "customer.c_current_hdemo_sk", "Cache Mode": "logical", "Plans": [{"Node Type": "Index Scan", "Parent Relationship": "Outer", "Parallel Aware": false, "Async Capable": false, "Scan Direction": "Forward", "Index Name": "household_demographics_pkey", "Relation Name": "household_demographics", "Alias": "household_demographics", "Startup Cost": 0.28, "Total Cost": 0.3, "Plan Rows": 1, "Plan Width": 8, "Index Cond": "(hd_demo_sk = customer.c_current_hdemo_sk)"}]}]}, {"Node Type": "Memoize", "Parent Relationship": "Inner", "Parallel Aware": false, "Async Capable": false, "Startup Cost": 0.15, "Total Cost": 0.17, "Plan Rows": 1, "Plan Width": 4, "Cache Key": "household_demographics.hd_income_band_sk", "Cache Mode": "logical", "Plans": [{"Node Type": "Index Scan", "Parent Relationship": "Outer", "Parallel Aware": false, "Async Capable": false, "Scan Direction": "Forward", "Index Name": "income_band_pkey", "Relation Name": "income_band", "Alias": "income_band", "Startup Cost": 0.14, "Total Cost": 0.16, "Plan Rows": 1, "Plan Width": 4, "Index Cond": "(ib_income_band_sk = household_demographics.hd_income_band_sk)", "Filter": "((ib_lower_bound >= 23725) AND (ib_upper_bound <= 73725))"}]}]}]}]}]}, {"Node Type": "Sort", "Parent Relationship": "Inner", "Parallel Aware": false, "Async Capable": false, "Startup Cost": 10000385173.28, "Total Cost": 10000392361.86, "Plan Rows": 2875432, "Plan Width": 4, "Sort Key": ["store_returns.sr_cdemo_sk"], "Plans": [{"Node Type": "Seq Scan", "Parent Relationship": "Outer", "Parallel Aware": false, "Async Capable": false, "Relation Name": "store_returns", "Alias": "store_returns", "Startup Cost": 10000000000.0, "Total Cost": 10000076706.32, "Plan Rows": 2875432, "Plan Width": 4}]}]}, {"Node Type": "Index Scan", "Parent Relationship": "Inner", "Parallel Aware": false, "Async Capable": false, "Scan Direction": "Forward", "Index Name": "customer_demographics_pkey", "Relation Name": "customer_demographics", "Alias": "customer_demographics", "Startup Cost": 0.43, "Total Cost": 0.48, "Plan Rows": 1, "Plan Width": 4, "Index Cond": "(cd_demo_sk = store_returns.sr_cdemo_sk)"}]}]}}, {"Plan": {"Node Type": "Aggregate", "Strategy": "Plain", "Partial Mode": "Finalize", "Parallel Aware": false, "Async Capable": false, "Startup Cost": 206921.36, "Total Cost": 206921.37, "Plan Rows": 1, "Plan Width": 8, "Plans": [{"Node Type": "Gather", "Parent Relationship": "Outer", "Parallel Aware": false, "Async Capable": false, "Startup Cost": 206920.94, "Total Cost": 206921.35, "Plan Rows": 4, "Plan Width": 8, "Workers Planned": 4, "Single Copy": false, "Plans": [{"Node Type": "Aggregate", "Strategy": "Plain", "Partial Mode": "Partial", "Parent Relationship": "Outer", "Parallel Aware": false, "Async Capable": false, "Startup Cost": 205920.94, "Total Cost": 205920.95, "Plan Rows": 1, "Plan Width": 8, "Plans": [{"Node Type": "Nested Loop", "Parent Relationship": "Outer", "Parallel Aware": false, "Async Capable": false, "Join Type": "Inner", "Startup Cost": 205098.99, "Total Cost": 205919.74, "Plan Rows": 478, "Plan Width": 0, "Inner Unique": true, "Join Filter": "(customer_demographics.cd_demo_sk = customer.c_current_cdemo_sk)", "Plans": [{"Node Type": "Merge Join", "Parent Relationship": "Outer", "Parallel Aware": false, "Async Capable": false, "Join Type": "Inner", "Startup Cost": 205098.56, "Total Cost": 205552.28, "Plan Rows": 742, "Plan Width": 8, "Inner Unique": true, "Merge Cond": "(customer.c_current_addr_sk = customer_address.ca_address_sk)", "Plans": [{"Node Type": "Sort", "Parent Relationship": "Outer", "Parallel Aware": false, "Async Capable": false, "Startup Cost": 196367.92, "Total Cost": 196585.76, "Plan Rows": 87136, "Plan Width": 12, "Sort Key": ["customer.c_current_addr_sk"], "Plans": [{"Node Type": "Merge Join", "Parent Relationship": "Outer", "Parallel Aware": false, "Async Capable": false, "Join Type": "Inner", "Startup Cost": 184127.81, "Total Cost": 189217.99, "Plan Rows": 87136, "Plan Width": 12, "Inner Unique": false, "Merge Cond": "(store_returns.sr_cdemo_sk = customer.c_current_cdemo_sk)", "Plans": [{"Node Type": "Sort", "Parent Relationship": "Outer", "Parallel Aware": false, "Async Capable": false, "Startup Cost": 125068.74, "Total Cost": 126865.89, "Plan Rows": 718858, "Plan Width": 4, "Sort Key": ["store_returns.sr_cdemo_sk"], "Plans": [{"Node Type": "Seq Scan", "Parent Relationship": "Outer", "Parallel Aware": true, "Async Capable": false, "Relation Name": "store_returns", "Alias": "store_returns", "Startup Cost": 0.0, "Total Cost": 55140.58, "Plan Rows": 718858, "Plan Width": 4}]}, {"Node Type": "Sort", "Parent Relationship": "Inner", "Parallel Aware": false, "Async Capable": false, "Startup Cost": 59059.06, "Total Cost": 59434.06, "Plan Rows": 150000, "Plan Width": 8, "Sort Key": ["customer.c_current_cdemo_sk"], "Plans": [{"Node Type": "Nested Loop", "Parent Relationship": "Outer", "Parallel Aware": false, "Async Capable": false, "Join Type": "Inner", "Startup Cost": 0.44, "Total Cost": 46163.1, "Plan Rows": 150000, "Plan Width": 8, "Inner Unique": true, "Plans": [{"Node Type": "Nested Loop", "Parent Relationship": "Outer", "Parallel Aware": false, "Async Capable": false, "Join Type": "Inner", "Startup Cost": 0.29, "Total Cost": 33927.59, "Plan Rows": 500000, "Plan Width": 12, "Inner Unique": true, "Plans": [{"Node Type": "Seq Scan", "Parent Relationship": "Outer", "Parallel Aware": false, "Async Capable": false, "Relation Name": "customer", "Alias": "customer", "Startup Cost": 0.0, "Total Cost": 19264.0, "Plan Rows": 500000, "Plan Width": 12}, {"Node Type": "Memoize", "Parent Relationship": "Inner", "Parallel Aware": false, "Async Capable": false, "Startup Cost": 0.29, "Total Cost": 0.31, "Plan Rows": 1, "Plan Width": 8, "Cache Key": "customer.c_current_hdemo_sk", "Cache Mode": "logical", "Plans": [{"Node Type": "Index Scan", "Parent Relationship": "Outer", "Parallel Aware": false, "Async Capable": false, "Scan Direction": "Forward", "Index Name": "household_demographics_pkey", "Relation Name": "household_demographics", "Alias": "household_demographics", "Startup Cost": 0.28, "Total Cost": 0.3, "Plan Rows": 1, "Plan Width": 8, "Index Cond": "(hd_demo_sk = customer.c_current_hdemo_sk)"}]}]}, {"Node Type": "Memoize", "Parent Relationship": "Inner", "Parallel Aware": false, "Async Capable": false, "Startup Cost": 0.15, "Total Cost": 0.17, "Plan Rows": 1, "Plan Width": 4, "Cache Key": "household_demographics.hd_income_band_sk", "Cache Mode": "logical", "Plans": [{"Node Type": "Index Scan", "Parent Relationship": "Outer", "Parallel Aware": false, "Async Capable": false, "Scan Direction": "Forward", "Index Name": "income_band_pkey", "Relation Name": "income_band", "Alias": "income_band", "Startup Cost": 0.14, "Total Cost": 0.16, "Plan Rows": 1, "Plan Width": 4, "Index Cond": "(ib_income_band_sk = household_demographics.hd_income_band_sk)", "Filter": "((ib_lower_bound >= 23725) AND (ib_upper_bound <= 73725))"}]}]}]}]}]}, {"Node Type": "Sort", "Parent Relationship": "Inner", "Parallel Aware": false, "Async Capable": false, "Startup Cost": 8730.63, "Total Cost": 8735.95, "Plan Rows": 2128, "Plan Width": 4, "Sort Key": ["customer_address.ca_address_sk"], "Plans": [{"Node Type": "Seq Scan", "Parent Relationship": "Outer", "Parallel Aware": false, "Async Capable": false, "Relation Name": "customer_address", "Alias": "customer_address", "Startup Cost": 0.0, "Total Cost": 8613.0, "Plan Rows": 2128, "Plan Width": 4, "Filter": "((ca_city)::text = 'Unionville'::text)"}]}]}, {"Node Type": "Index Scan", "Parent Relationship": "Inner", "Parallel Aware": false, "Async Capable": false, "Scan Direction": "Forward", "Index Name": "customer_demographics_pkey", "Relation Name": "customer_demographics", "Alias": "customer_demographics", "Startup Cost": 0.43, "Total Cost": 0.48, "Plan Rows": 1, "Plan Width": 4, "Index Cond": "(cd_demo_sk = store_returns.sr_cdemo_sk)"}]}]}]}]}}, {"Plan": {"Node Type": "Aggregate", "Strategy": "Plain", "Partial Mode": "Finalize", "Parallel Aware": false, "Async Capable": false, "Startup Cost": 306159.7, "Total Cost": 306159.71, "Plan Rows": 1, "Plan Width": 8, "Plans": [{"Node Type": "Gather", "Parent Relationship": "Outer", "Parallel Aware": false, "Async Capable": false, "Startup Cost": 306159.28, "Total Cost": 306159.69, "Plan Rows": 4, "Plan Width": 8, "Workers Planned": 4, "Single Copy": false, "Plans": [{"Node Type": "Aggregate", "Strategy": "Plain", "Partial Mode": "Partial", "Parent Relationship": "Outer", "Parallel Aware": false, "Async Capable": false, "Startup Cost": 305159.28, "Total Cost": 305159.29, "Plan Rows": 1, "Plan Width": 8, "Plans": [{"Node Type": "Merge Join", "Parent Relationship": "Outer", "Parallel Aware": false, "Async Capable": false, "Join Type": "Inner", "Startup Cost": 304861.99, "Total Cost": 305158.09, "Plan Rows": 478, "Plan Width": 0, "Inner Unique": true, "Merge Cond": "(customer.c_current_addr_sk = customer_address.ca_address_sk)", "Plans": [{"Node Type": "Sort", "Parent Relationship": "Outer", "Parallel Aware": false, "Async Capable": false, "Startup Cost": 296131.35, "Total Cost": 296271.7, "Plan Rows": 56138, "Plan Width": 4, "Sort Key": ["customer.c_current_addr_sk"], "Plans": [{"Node Type": "Merge Join", "Parent Relationship": "Outer", "Parallel Aware": false, "Async Capable": false, "Join Type": "Inner", "Startup Cost": 209193.45, "Total Cost": 291703.0, "Plan Rows": 56138, "Plan Width": 4, "Inner Unique": true, "Merge Cond": "(customer.c_current_cdemo_sk = customer_demographics.cd_demo_sk)", "Plans": [{"Node Type": "Merge Join", "Parent Relationship": "Outer", "Parallel Aware": false, "Async Capable": false, "Join Type": "Inner", "Startup Cost": 209192.84, "Total Cost": 214283.01, "Plan Rows": 87136, "Plan Width": 12, "Inner Unique": false, "Merge Cond": "(store_returns.sr_cdemo_sk = customer.c_current_cdemo_sk)", "Plans": [{"Node Type": "Sort", "Parent Relationship": "Outer", "Parallel Aware": false, "Async Capable": false, "Startup Cost": 125068.74, "Total Cost": 126865.89, "Plan Rows": 718858, "Plan Width": 4, "Sort Key": ["store_returns.sr_cdemo_sk"], "Plans": [{"Node Type": "Seq Scan", "Parent Relationship": "Outer", "Parallel Aware": true, "Async Capable": false, "Relation Name": "store_returns", "Alias": "store_returns", "Startup Cost": 0.0, "Total Cost": 55140.58, "Plan Rows": 718858, "Plan Width": 4}]}, {"Node Type": "Sort", "Parent Relationship": "Inner", "Parallel Aware": false, "Async Capable": false, "Startup Cost": 84124.08, "Total Cost": 84499.08, "Plan Rows": 150000, "Plan Width": 8, "Sort Key": ["customer.c_current_cdemo_sk"], "Plans": [{"Node Type": "Merge Join", "Parent Relationship": "Outer", "Parallel Aware": false, "Async Capable": false, "Join Type": "Inner", "Startup Cost": 67357.9, "Total Cost": 71228.13, "Plan Rows": 150000, "Plan Width": 8, "Inner Unique": false, "Merge Cond": "(household_demographics.hd_demo_sk = customer.c_current_hdemo_sk)", "Plans": [{"Node Type": "Sort", "Parent Relationship": "Outer", "Parallel Aware": false, "Async Capable": false, "Startup Cost": 764.93, "Total Cost": 770.33, "Plan Rows": 2160, "Plan Width": 4, "Sort Key": ["household_demographics.hd_demo_sk"], "Plans": [{"Node Type": "Merge Join", "Parent Relationship": "Outer", "Parallel Aware": false, "Async Capable": false, "Join Type": "Inner", "Startup Cost": 587.67, "Total Cost": 645.3, "Plan Rows": 2160, "Plan Width": 4, "Inner Unique": true, "Merge Cond": "(household_demographics.hd_income_band_sk = income_band.ib_income_band_sk)", "Plans": [{"Node Type": "Sort", "Parent Relationship": "Outer", "Parallel Aware": false, "Async Capable": false, "Startup Cost": 586.3, "Total Cost": 604.3, "Plan Rows": 7200, "Plan Width": 8, "Sort Key": ["household_demographics.hd_income_band_sk"], "Plans": [{"Node Type": "Seq Scan", "Parent Relationship": "Outer", "Parallel Aware": false, "Async Capable": false, "Relation Name": "household_demographics", "Alias": "household_demographics", "Startup Cost": 0.0, "Total Cost": 125.0, "Plan Rows": 7200, "Plan Width": 8}]}, {"Node Type": "Sort", "Parent Relationship": "Inner", "Parallel Aware": false, "Async Capable": false, "Startup Cost": 1.38, "Total Cost": 1.39, "Plan Rows": 6, "Plan Width": 4, "Sort Key": ["income_band.ib_income_band_sk"], "Plans": [{"Node Type": "Seq Scan", "Parent Relationship": "Outer", "Parallel Aware": false, "Async Capable": false, "Relation Name": "income_band", "Alias": "income_band", "Startup Cost": 0.0, "Total Cost": 1.3, "Plan Rows": 6, "Plan Width": 4, "Filter": "((ib_lower_bound >= 23725) AND (ib_upper_bound <= 73725))"}]}]}]}, {"Node Type": "Sort", "Parent Relationship": "Inner", "Parallel Aware": false, "Async Capable": false, "Startup Cost": 66592.92, "Total Cost": 67842.92, "Plan Rows": 500000, "Plan Width": 12, "Sort Key": ["customer.c_current_hdemo_sk"], "Plans": [{"Node Type": "Seq Scan", "Parent Relationship": "Outer", "Parallel Aware": false, "Async Capable": false, "Relation Name": "customer", "Alias": "customer", "Startup Cost": 0.0, "Total Cost": 19264.0, "Plan Rows": 500000, "Plan Width": 12}]}]}]}]}, {"Node Type": "Index Scan", "Parent Relationship": "Inner", "Parallel Aware": false, "Async Capable": false, "Scan Direction": "Forward", "Index Name": "customer_demographics_pkey", "Relation Name": "customer_demographics", "Alias": "customer_demographics", "Startup Cost": 0.43, "Total Cost": 71743.43, "Plan Rows": 1920800, "Plan Width": 4}]}]}, {"Node Type": "Sort", "Parent Relationship": "Inner", "Parallel Aware": false, "Async Capable": false, "Startup Cost": 8730.63, "Total Cost": 8735.95, "Plan Rows": 2128, "Plan Width": 4, "Sort Key": ["customer_address.ca_address_sk"], "Plans": [{"Node Type": "Seq Scan", "Parent Relationship": "Outer", "Parallel Aware": false, "Async Capable": false, "Relation Name": "customer_address", "Alias": "customer_address", "Startup Cost": 0.0, "Total Cost": 8613.0, "Plan Rows": 2128, "Plan Width": 4, "Filter": "((ca_city)::text = 'Unionville'::text)"}]}]}]}]}]}}, {"Plan": {"Node Type": "Aggregate", "Strategy": "Plain", "Partial Mode": "Simple", "Parallel Aware": false, "Async Capable": false, "Startup Cost": 20055276656.64, "Total Cost": 20055276656.65, "Plan Rows": 1, "Plan Width": 8, "Plans": [{"Node Type": "Nested Loop", "Parent Relationship": "Outer", "Parallel Aware": false, "Async Capable": false, "Join Type": "Inner", "Startup Cost": 20000000001.29, "Total Cost": 20055276651.86, "Plan Rows": 1912, "Plan Width": 0, "Inner Unique": true, "Join Filter": "(customer_demographics.cd_demo_sk = customer.c_current_cdemo_sk)", "Plans": [{"Node Type": "Nested Loop", "Parent Relationship": "Outer", "Parallel Aware": false, "Async Capable": false, "Join Type": "Inner", "Startup Cost": 20000000000.86, "Total Cost": 20055275182.51, "Plan Rows": 2967, "Plan Width": 8, "Inner Unique": false, "Join Filter": "(customer.c_current_cdemo_sk = store_returns.sr_cdemo_sk)", "Plans": [{"Node Type": "Seq Scan", "Parent Relationship": "Outer", "Parallel Aware": false, "Async Capable": false, "Relation Name": "store_returns", "Alias": "store_returns", "Startup Cost": 10000000000.0, "Total Cost": 10000076706.32, "Plan Rows": 2875432, "Plan Width": 4}, {"Node Type": "Materialize", "Parent Relationship": "Inner", "Parallel Aware": false, "Async Capable": false, "Startup Cost": 10000000000.86, "Total Cost": 10000119579.42, "Plan Rows": 1277, "Plan Width": 4, "Plans": [{"Node Type": "Nested Loop", "Parent Relationship": "Outer", "Parallel Aware": false, "Async Capable": false, "Join Type": "Inner", "Startup Cost": 10000000000.86, "Total Cost": 10000119573.04, "Plan Rows": 1277, "Plan Width": 4, "Inner Unique": true, "Plans": [{"Node Type": "Nested Loop", "Parent Relationship": "Outer", "Parallel Aware": false, "Async Capable": false, "Join Type": "Inner", "Startup Cost": 10000000000.44, "Total Cost": 10000046163.1, "Plan Rows": 150000, "Plan Width": 8, "Inner Unique": true, "Plans": [{"Node Type": "Nested Loop", "Parent Relationship": "Outer", "Parallel Aware": false, "Async Capable": false, "Join Type": "Inner", "Startup Cost": 10000000000.29, "Total Cost": 10000033927.59, "Plan Rows": 500000, "Plan Width": 12, "Inner Unique": true, "Plans": [{"Node Type": "Seq Scan", "Parent Relationship": "Outer", "Parallel Aware": false, "Async Capable": false, "Relation Name": "customer", "Alias": "customer", "Startup Cost": 10000000000.0, "Total Cost": 10000019264.0, "Plan Rows": 500000, "Plan Width": 12}, {"Node Type": "Memoize", "Parent Relationship": "Inner", "Parallel Aware": false, "Async Capable": false, "Startup Cost": 0.29, "Total Cost": 0.31, "Plan Rows": 1, "Plan Width": 8, "Cache Key": "customer.c_current_hdemo_sk", "Cache Mode": "logical", "Plans": [{"Node Type": "Index Scan", "Parent Relationship": "Outer", "Parallel Aware": false, "Async Capable": false, "Scan Direction": "Forward", "Index Name": "household_demographics_pkey", "Relation Name": "household_demographics", "Alias": "household_demographics", "Startup Cost": 0.28, "Total Cost": 0.3, "Plan Rows": 1, "Plan Width": 8, "Index Cond": "(hd_demo_sk = customer.c_current_hdemo_sk)"}]}]}, {"Node Type": "Memoize", "Parent Relationship": "Inner", "Parallel Aware": false, "Async Capable": false, "Startup Cost": 0.15, "Total Cost": 0.17, "Plan Rows": 1, "Plan Width": 4, "Cache Key": "household_demographics.hd_income_band_sk", "Cache Mode": "logical", "Plans": [{"Node Type": "Index Scan", "Parent Relationship": "Outer", "Parallel Aware": false, "Async Capable": false, "Scan Direction": "Forward", "Index Name": "income_band_pkey", "Relation Name": "income_band", "Alias": "income_band", "Startup Cost": 0.14, "Total Cost": 0.16, "Plan Rows": 1, "Plan Width": 4, "Index Cond": "(ib_income_band_sk = household_demographics.hd_income_band_sk)", "Filter": "((ib_lower_bound >= 23725) AND (ib_upper_bound <= 73725))"}]}]}, {"Node Type": "Index Scan", "Parent Relationship": "Inner", "Parallel Aware": false, "Async Capable": false, "Scan Direction": "Forward", "Index Name": "customer_address_pkey", "Relation Name": "customer_address", "Alias": "customer_address", "Startup Cost": 0.42, "Total Cost": 0.49, "Plan Rows": 1, "Plan Width": 4, "Index Cond": "(ca_address_sk = customer.c_current_addr_sk)", "Filter": "((ca_city)::text = 'Unionville'::text)"}]}]}]}, {"Node Type": "Index Scan", "Parent Relationship": "Inner", "Parallel Aware": false, "Async Capable": false, "Scan Direction": "Forward", "Index Name": "customer_demographics_pkey", "Relation Name": "customer_demographics", "Alias": "customer_demographics", "Startup Cost": 0.43, "Total Cost": 0.48, "Plan Rows": 1, "Plan Width": 4, "Index Cond": "(cd_demo_sk = store_returns.sr_cdemo_sk)"}]}]}}, {"Plan": {"Node Type": "Aggregate", "Strategy": "Plain", "Partial Mode": "Finalize", "Parallel Aware": false, "Async Capable": false, "Startup Cost": 46462456.47, "Total Cost": 46462456.48, "Plan Rows": 1, "Plan Width": 8, "Plans": [{"Node Type": "Gather", "Parent Relationship": "Outer", "Parallel Aware": false, "Async Capable": false, "Startup Cost": 46462456.15, "Total Cost": 46462456.46, "Plan Rows": 3, "Plan Width": 8, "Workers Planned": 3, "Single Copy": false, "Plans": [{"Node Type": "Aggregate", "Strategy": "Plain", "Partial Mode": "Partial", "Parent Relationship": "Outer", "Parallel Aware": false, "Async Capable": false, "Startup Cost": 46461456.15, "Total Cost": 46461456.16, "Plan Rows": 1, "Plan Width": 8, "Plans": [{"Node Type": "Nested Loop", "Parent Relationship": "Outer", "Parallel Aware": false, "Async Capable": false, "Join Type": "Inner", "Startup Cost": 1.29, "Total Cost": 46461454.61, "Plan Rows": 617, "Plan Width": 0, "Inner Unique": false, "Join Filter": "(customer_demographics.cd_demo_sk = store_returns.sr_cdemo_sk)", "Plans": [{"Node Type": "Nested Loop", "Parent Relationship": "Outer", "Parallel Aware": false, "Async Capable": false, "Join Type": "Inner", "Startup Cost": 1.29, "Total Cost": 49975.97, "Plan Rows": 412, "Plan Width": 8, "Inner Unique": true, "Plans": [{"Node Type": "Nested Loop", "Parent Relationship": "Outer", "Parallel Aware": false, "Async Capable": false, "Join Type": "Inner", "Startup Cost": 0.86, "Total Cost": 49703.23, "Plan Rows": 412, "Plan Width": 4, "Inner Unique": true, "Plans": [{"Node Type": "Nested Loop", "Parent Relationship": "Outer", "Parallel Aware": false, "Async Capable": false, "Join Type": "Inner", "Startup Cost": 0.44, "Total Cost": 26022.63, "Plan Rows": 48387, "Plan Width": 8, "Inner Unique": true, "Plans": [{"Node Type": "Nested Loop", "Parent Relationship": "Outer", "Parallel Aware": false, "Async Capable": false, "Join Type": "Inner", "Startup Cost": 0.29, "Total Cost": 22073.41, "Plan Rows": 161290, "Plan Width": 12, "Inner Unique": true, "Plans": [{"Node Type": "Seq Scan", "Parent Relationship": "Outer", "Parallel Aware": true, "Async Capable": false, "Relation Name": "customer", "Alias": "customer", "Startup Cost": 0.0, "Total Cost": 15876.9, "Plan Rows": 161290, "Plan Width": 12}, {"Node Type": "Memoize", "Parent Relationship": "Inner", "Parallel Aware": false, "Async Capable": false, "Startup Cost": 0.29, "Total Cost": 0.31, "Plan Rows": 1, "Plan Width": 8, "Cache Key": "customer.c_current_hdemo_sk", "Cache Mode": "logical", "Plans": [{"Node Type": "Index Scan", "Parent Relationship": "Outer", "Parallel Aware": false, "Async Capable": false, "Scan Direction": "Forward", "Index Name": "household_demographics_pkey", "Relation Name": "household_demographics", "Alias": "household_demographics", "Startup Cost": 0.28, "Total Cost": 0.3, "Plan Rows": 1, "Plan Width": 8, "Index Cond": "(hd_demo_sk = customer.c_current_hdemo_sk)"}]}]}, {"Node Type": "Memoize", "Parent Relationship": "Inner", "Parallel Aware": false, "Async Capable": false, "Startup Cost": 0.15, "Total Cost": 0.17, "Plan Rows": 1, "Plan Width": 4, "Cache Key": "household_demographics.hd_income_band_sk", "Cache Mode": "logical", "Plans": [{"Node Type": "Index Scan", "Parent Relationship": "Outer", "Parallel Aware": false, "Async Capable": false, "Scan Direction": "Forward", "Index Name": "income_band_pkey", "Relation Name": "income_band", "Alias": "income_band", "Startup Cost": 0.14, "Total Cost": 0.16, "Plan Rows": 1, "Plan Width": 4, "Index Cond": "(ib_income_band_sk = household_demographics.hd_income_band_sk)", "Filter": "((ib_lower_bound >= 23725) AND (ib_upper_bound <= 73725))"}]}]}, {"Node Type": "Index Scan", "Parent Relationship": "Inner", "Parallel Aware": false, "Async Capable": false, "Scan Direction": "Forward", "Index Name": "customer_address_pkey", "Relation Name": "customer_address", "Alias": "customer_address", "Startup Cost": 0.42, "Total Cost": 0.49, "Plan Rows": 1, "Plan Width": 4, "Index Cond": "(ca_address_sk = customer.c_current_addr_sk)", "Filter": "((ca_city)::text = 'Unionville'::text)"}]}, {"Node Type": "Index Scan", "Parent Relationship": "Inner", "Parallel Aware": false, "Async Capable": false, "Scan Direction": "Forward", "Index Name": "customer_demographics_pkey", "Relation Name": "customer_demographics", "Alias": "customer_demographics", "Startup Cost": 0.43, "Total Cost": 0.66, "Plan Rows": 1, "Plan Width": 4, "Index Cond": "(cd_demo_sk = customer.c_current_cdemo_sk)"}]}, {"Node Type": "Seq Scan", "Parent Relationship": "Inner", "Parallel Aware": false, "Async Capable": false, "Relation Name": "store_returns", "Alias": "store_returns", "Startup Cost": 0.0, "Total Cost": 76706.32, "Plan Rows": 2875432, "Plan Width": 4}]}]}]}]}}]