[{"Plan": {"Node Type": "Aggregate", "Strategy": "Plain", "Partial Mode": "Finalize", "Parallel Aware": false, "Async Capable": false, "Startup Cost": 76210.0, "Total Cost": 76210.01, "Plan Rows": 1, "Plan Width": 96, "Plans": [{"Node Type": "Gather", "Parent Relationship": "Outer", "Parallel Aware": false, "Async Capable": false, "Startup Cost": 76209.67, "Total Cost": 76209.98, "Plan Rows": 3, "Plan Width": 96, "Workers Planned": 3, "Single Copy": false, "Plans": [{"Node Type": "Aggregate", "Strategy": "Plain", "Partial Mode": "Partial", "Parent Relationship": "Outer", "Parallel Aware": false, "Async Capable": false, "Startup Cost": 75209.67, "Total Cost": 75209.68, "Plan Rows": 1, "Plan Width": 96, "Plans": [{"Node Type": "Nested Loop", "Parent Relationship": "Outer", "Parallel Aware": false, "Async Capable": false, "Join Type": "Inner", "Startup Cost": 46436.87, "Total Cost": 75209.65, "Plan Rows": 2, "Plan Width": 48, "Inner Unique": true, "Plans": [{"Node Type": "Nested Loop", "Parent Relationship": "Outer", "Parallel Aware": false, "Async Capable": false, "Join Type": "Inner", "Startup Cost": 46436.45, "Total Cost": 75208.75, "Plan Rows": 2, "Plan Width": 33, "Inner Unique": true, "Plans": [{"Node Type": "Hash Join", "Parent Relationship": "Outer", "Parallel Aware": true, "Async Capable": false, "Join Type": "Inner", "Startup Cost": 46436.31, "Total Cost": 75208.34, "Plan Rows": 3, "Plan Width": 37, "Inner Unique": false, "Hash Cond": "(mc.movie_id = ml.movie_id)", "Plans": [{"Node Type": "Seq Scan", "Parent Relationship": "Outer", "Parallel Aware": true, "Async Capable": false, "Relation Name": "movie_companies", "Alias": "mc", "Startup Cost": 0.0, "Total Cost": 27240.55, "Plan Rows": 408393, "Plan Width": 12, "Filter": "(note IS NULL)"}, {"Node Type": "Hash", "Parent Relationship": "Inner", "Parallel Aware": true, "Async Capable": false, "Startup Cost": 46436.3, "Total Cost": 46436.3, "Plan Rows": 1, "Plan Width": 41, "Plans": [{"Node Type": "Nested Loop", "Parent Relationship": "Outer", "Parallel Aware": false, "Async Capable": false, "Join Type": "Inner", "Startup Cost": 3523.64, "Total Cost": 46436.3, "Plan Rows": 1, "Plan Width": 41, "Inner Unique": true, "Plans": [{"Node Type": "Nested Loop", "Parent Relationship": "Outer", "Parallel Aware": false, "Async Capable": false, "Join Type": "Inner", "Startup Cost": 3523.5, "Total Cost": 46436.14, "Plan Rows": 1, "Plan Width": 33, "Inner Unique": true, "Join Filter": "(t.id = ml.movie_id)", "Plans": [{"Node Type": "Hash Join", "Parent Relationship": "Outer", "Parallel Aware": false, "Async Capable": false, "Join Type": "Inner", "Startup Cost": 3523.07, "Total Cost": 46435.13, "Plan Rows": 2, "Plan Width": 12, "Inner Unique": false, "Hash Cond": "(mk.movie_id = ml.movie_id)", "Plans": [{"Node Type": "Hash Join", "Parent Relationship": "Outer", "Parallel Aware": false, "Async Capable": false, "Join Type": "Inner", "Startup Cost": 2685.14, "Total Cost": 45589.33, "Plan Rows": 11, "Plan Width": 4, "Inner Unique": true, "Hash Cond": "(mk.keyword_id = k.id)", "Plans": [{"Node Type": "Seq Scan", "Parent Relationship": "Outer", "Parallel Aware": true, "Async Capable": false, "Relation Name": "movie_keyword", "Alias": "mk", "Startup Cost": 0.0, "Total Cost": 39073.32, "Plan Rows": 1459332, "Plan Width": 8}, {"Node Type": "Hash", "Parent Relationship": "Inner", "Parallel Aware": false, "Async Capable": false, "Startup Cost": 2685.12, "Total Cost": 2685.12, "Plan Rows": 1, "Plan Width": 4, "Plans": [{"Node Type": "Seq Scan", "Parent Relationship": "Outer", "Parallel Aware": false, "Async Capable": false, "Relation Name": "keyword", "Alias": "k", "Startup Cost": 0.0, "Total Cost": 2685.12, "Plan Rows": 1, "Plan Width": 4, "Filter": "((keyword)::text = 'blood'::text)"}]}]}, {"Node Type": "Hash", "Parent Relationship": "Inner", "Parallel Aware": false, "Async Capable": false, "Startup Cost": 462.97, "Total Cost": 462.97, "Plan Rows": 29997, "Plan Width": 8, "Plans": [{"Node Type": "Seq Scan", "Parent Relationship": "Outer", "Parallel Aware": false, "Async Capable": false, "Relation Name": "movie_link", "Alias": "ml", "Startup Cost": 0.0, "Total Cost": 462.97, "Plan Rows": 29997, "Plan Width": 8}]}]}, {"Node Type": "Index Scan", "Parent Relationship": "Inner", "Parallel Aware": false, "Async Capable": false, "Scan Direction": "Forward", "Index Name": "title_pkey", "Relation Name": "title", "Alias": "t", "Startup Cost": 0.43, "Total Cost": 0.49, "Plan Rows": 1, "Plan Width": 21, "Index Cond": "(id = mk.movie_id)", "Filter": "((production_year >= 1969) AND (production_year <= 2008))"}]}, {"Node Type": "Index Scan", "Parent Relationship": "Inner", "Parallel Aware": false, "Async Capable": false, "Scan Direction": "Forward", "Index Name": "link_type_pkey", "Relation Name": "link_type", "Alias": "lt", "Startup Cost": 0.14, "Total Cost": 0.16, "Plan Rows": 1, "Plan Width": 16, "Index Cond": "(id = ml.link_type_id)"}]}]}]}, {"Node Type": "Memoize", "Parent Relationship": "Inner", "Parallel Aware": false, "Async Capable": false, "Startup Cost": 0.14, "Total Cost": 0.16, "Plan Rows": 1, "Plan Width": 4, "Cache Key": "mc.company_type_id", "Cache Mode": "logical", "Plans": [{"Node Type": "Index Scan", "Parent Relationship": "Outer", "Parallel Aware": false, "Async Capable": false, "Scan Direction": "Forward", "Index Name": "company_type_pkey", "Relation Name": "company_type", "Alias": "ct", "Startup Cost": 0.13, "Total Cost": 0.15, "Plan Rows": 1, "Plan Width": 4, "Index Cond": "(id = mc.company_type_id)", "Filter": "((kind)::text <> 'distributors'::text)"}]}]}, {"Node Type": "Index Scan", "Parent Relationship": "Inner", "Parallel Aware": false, "Async Capable": false, "Scan Direction": "Forward", "Index Name": "company_name_pkey", "Relation Name": "company_name", "Alias": "cn", "Startup Cost": 0.42, "Total Cost": 0.45, "Plan Rows": 1, "Plan Width": 23, "Index Cond": "(id = mc.company_id)", "Filter": "((country_code)::text <> '[jp]'::text)"}]}]}]}]}}, {"Plan": {"Node Type": "Aggregate", "Strategy": "Plain", "Partial Mode": "Simple", "Parallel Aware": false, "Async Capable": false, "Startup Cost": 80000137319.14, "Total Cost": 80000137319.15, "Plan Rows": 1, "Plan Width": 96, "Plans": [{"Node Type": "Hash Join", "Parent Relationship": "Outer", "Parallel Aware": false, "Async Capable": false, "Join Type": "Inner", "Startup Cost": 80000087619.44, "Total Cost": 80000137319.1, "Plan Rows": 5, "Plan Width": 48, "Inner Unique": true, "Hash Cond": "(ml.link_type_id = lt.id)", "Plans": [{"Node Type": "Nested Loop", "Parent Relationship": "Outer", "Parallel Aware": false, "Async Capable": false, "Join Type": "Inner", "Startup Cost": 70000087606.81, "Total Cost": 70000137306.45, "Plan Rows": 5, "Plan Width": 40, "Inner Unique": true, "Plans": [{"Node Type": "Nested Loop", "Parent Relationship": "Outer", "Parallel Aware": false, "Async Capable": false, "Join Type": "Inner", "Startup Cost": 60000087606.38, "Total Cost": 60000137279.78, "Plan Rows": 6, "Plan Width": 25, "Inner Unique": true, "Plans": [{"Node Type": "Hash Join", "Parent Relationship": "Outer", "Parallel Aware": false, "Async Capable": false, "Join Type": "Inner", "Startup Cost": 50000087606.23, "Total Cost": 50000137269.18, "Plan Rows": 8, "Plan Width": 29, "Inner Unique": false, "Hash Cond": "(mc.movie_id = ml.movie_id)", "Plans": [{"Node Type": "Seq Scan", "Parent Relationship": "Outer", "Parallel Aware": false, "Async Capable": false, "Relation Name": "movie_companies", "Alias": "mc", "Startup Cost": 10000000000.0, "Total Cost": 10000044915.29, "Plan Rows": 1266019, "Plan Width": 12, "Filter": "(note IS NULL)"}, {"Node Type": "Hash", "Parent Relationship": "Inner", "Parallel Aware": false, "Async Capable": false, "Startup Cost": 40000087606.18, "Total Cost": 40000087606.18, "Plan Rows": 4, "Plan Width": 33, "Plans": [{"Node Type": "Nested Loop", "Parent Relationship": "Outer", "Parallel Aware": false, "Async Capable": false, "Join Type": "Inner", "Startup Cost": 40000086999.77, "Total Cost": 40000087606.18, "Plan Rows": 4, "Plan Width": 33, "Inner Unique": true, "Join Filter": "(t.id = ml.movie_id)", "Plans": [{"Node Type": "Hash Join", "Parent Relationship": "Outer", "Parallel Aware": false, "Async Capable": false, "Join Type": "Inner", "Startup Cost": 30000086999.32, "Total Cost": 30000087574.85, "Plan Rows": 7, "Plan Width": 12, "Inner Unique": false, "Hash Cond": "(ml.movie_id = mk.movie_id)", "Plans": [{"Node Type": "Seq Scan", "Parent Relationship": "Outer", "Parallel Aware": false, "Async Capable": false, "Relation Name": "movie_link", "Alias": "ml", "Startup Cost": 10000000000.0, "Total Cost": 10000000462.97, "Plan Rows": 29997, "Plan Width": 8}, {"Node Type": "Hash", "Parent Relationship": "Inner", "Parallel Aware": false, "Async Capable": false, "Startup Cost": 20000086998.9, "Total Cost": 20000086998.9, "Plan Rows": 34, "Plan Width": 4, "Plans": [{"Node Type": "Hash Join", "Parent Relationship": "Outer", "Parallel Aware": false, "Async Capable": false, "Join Type": "Inner", "Startup Cost": 20000005403.9, "Total Cost": 20000086998.9, "Plan Rows": 34, "Plan Width": 4, "Inner Unique": true, "Hash Cond": "(mk.keyword_id = k.id)", "Plans": [{"Node Type": "Seq Scan", "Parent Relationship": "Outer", "Parallel Aware": false, "Async Capable": false, "Relation Name": "movie_keyword", "Alias": "mk", "Startup Cost": 10000000000.0, "Total Cost": 10000069719.3, "Plan Rows": 4523930, "Plan Width": 8}, {"Node Type": "Hash", "Parent Relationship": "Inner", "Parallel Aware": false, "Async Capable": false, "Startup Cost": 10000005403.89, "Total Cost": 10000005403.89, "Plan Rows": 1, "Plan Width": 4, "Plans": [{"Node Type": "Index Scan", "Parent Relationship": "Outer", "Parallel Aware": false, "Async Capable": false, "Scan Direction": "Forward", "Index Name": "keyword_pkey", "Relation Name": "keyword", "Alias": "k", "Startup Cost": 10000000000.42, "Total Cost": 10000005403.89, "Plan Rows": 1, "Plan Width": 4, "Filter": "((keyword)::text = 'blood'::text)"}]}]}]}]}, {"Node Type": "Bitmap Heap Scan", "Parent Relationship": "Inner", "Parallel Aware": false, "Async Capable": false, "Relation Name": "title", "Alias": "t", "Startup Cost": 0.45, "Total Cost": 4.46, "Plan Rows": 1, "Plan Width": 21, "Recheck Cond": "(id = mk.movie_id)", "Filter": "((production_year >= 1969) AND (production_year <= 2008))", "Plans": [{"Node Type": "Bitmap Index Scan", "Parent Relationship": "Outer", "Parallel Aware": false, "Async Capable": false, "Index Name": "title_pkey", "Startup Cost": 0.0, "Total Cost": 0.45, "Plan Rows": 1, "Plan Width": 0, "Index Cond": "(id = mk.movie_id)"}]}]}]}]}, {"Node Type": "Memoize", "Parent Relationship": "Inner", "Parallel Aware": false, "Async Capable": false, "Startup Cost": 0.15, "Total Cost": 4.16, "Plan Rows": 1, "Plan Width": 4, "Cache Key": "mc.company_type_id", "Cache Mode": "logical", "Plans": [{"Node Type": "Bitmap Heap Scan", "Parent Relationship": "Outer", "Parallel Aware": false, "Async Capable": false, "Relation Name": "company_type", "Alias": "ct", "Startup Cost": 0.14, "Total Cost": 4.15, "Plan Rows": 1, "Plan Width": 4, "Recheck Cond": "(id = mc.company_type_id)", "Filter": "((kind)::text <> 'distributors'::text)", "Plans": [{"Node Type": "Bitmap Index Scan", "Parent Relationship": "Outer", "Parallel Aware": false, "Async Capable": false, "Index Name": "company_type_pkey", "Startup Cost": 0.0, "Total Cost": 0.14, "Plan Rows": 1, "Plan Width": 0, "Index Cond": "(id = mc.company_type_id)"}]}]}]}, {"Node Type": "Bitmap Heap Scan", "Parent Relationship": "Inner", "Parallel Aware": false, "Async Capable": false, "Relation Name": "company_name", "Alias": "cn", "Startup Cost": 0.43, "Total Cost": 4.45, "Plan Rows": 1, "Plan Width": 23, "Recheck Cond": "(id = mc.company_id)", "Filter": "((country_code)::text <> '[jp]'::text)", "Plans": [{"Node Type": "Bitmap Index Scan", "Parent Relationship": "Outer", "Parallel Aware": false, "Async Capable": false, "Index Name": "company_name_pkey", "Startup Cost": 0.0, "Total Cost": 0.43, "Plan Rows": 1, "Plan Width": 0, "Index Cond": "(id = mc.company_id)"}]}]}, {"Node Type": "Hash", "Parent Relationship": "Inner", "Parallel Aware": false, "Async Capable": false, "Startup Cost": 10000000012.41, "Total Cost": 10000000012.41, "Plan Rows": 18, "Plan Width": 16, "Plans": [{"Node Type": "Index Scan", "Parent Relationship": "Outer", "Parallel Aware": false, "Async Capable": false, "Scan Direction": "Forward", "Index Name": "link_type_pkey", "Relation Name": "link_type", "Alias": "lt", "Startup Cost": 10000000000.14, "Total Cost": 10000000012.41, "Plan Rows": 18, "Plan Width": 16}]}]}]}}, {"Plan": {"Node Type": "Aggregate", "Strategy": "Plain", "Partial Mode": "Simple", "Parallel Aware": false, "Async Capable": false, "Startup Cost": 30000279013.83, "Total Cost": 30000279013.84, "Plan Rows": 1, "Plan Width": 96, "Plans": [{"Node Type": "Hash Join", "Parent Relationship": "Outer", "Parallel Aware": false, "Async Capable": false, "Join Type": "Inner", "Startup Cost": 30000150589.38, "Total Cost": 30000279013.79, "Plan Rows": 5, "Plan Width": 48, "Inner Unique": false, "Hash Cond": "(t.id = ml.movie_id)", "Plans": [{"Node Type": "Index Scan", "Parent Relationship": "Outer", "Parallel Aware": false, "Async Capable": false, "Scan Direction": "Forward", "Index Name": "title_pkey", "Relation Name": "title", "Alias": "t", "Startup Cost": 0.43, "Total Cost": 123010.23, "Plan Rows": 1443884, "Plan Width": 21, "Filter": "((production_year >= 1969) AND (production_year <= 2008))"}, {"Node Type": "Hash", "Parent Relationship": "Inner", "Parallel Aware": false, "Async Capable": false, "Startup Cost": 30000150588.84, "Total Cost": 30000150588.84, "Plan Rows": 9, "Plan Width": 43, "Plans": [{"Node Type": "Hash Join", "Parent Relationship": "Outer", "Parallel Aware": false, "Async Capable": false, "Join Type": "Inner", "Startup Cost": 30000137263.41, "Total Cost": 30000150588.84, "Plan Rows": 9, "Plan Width": 43, "Inner Unique": true, "Hash Cond": "(ml.link_type_id = lt.id)", "Plans": [{"Node Type": "Hash Join", "Parent Relationship": "Outer", "Parallel Aware": false, "Async Capable": false, "Join Type": "Inner", "Startup Cost": 30000137250.78, "Total Cost": 30000150576.18, "Plan Rows": 9, "Plan Width": 35, "Inner Unique": true, "Hash Cond": "(mc.company_type_id = ct.id)", "Plans": [{"Node Type": "Hash Join", "Parent Relationship": "Outer", "Parallel Aware": false, "Async Capable": false, "Join Type": "Inner", "Startup Cost": 30000137238.54, "Total Cost": 30000150563.88, "Plan Rows": 12, "Plan Width": 39, "Inner Unique": false, "Hash Cond": "(cn.id = mc.company_id)", "Plans": [{"Node Type": "Index Scan", "Parent Relationship": "Outer", "Parallel Aware": false, "Async Capable": false, "Scan Direction": "Forward", "Index Name": "company_name_pkey", "Relation Name": "company_name", "Alias": "cn", "Startup Cost": 0.42, "Total Cost": 12559.02, "Plan Rows": 204430, "Plan Width": 23, "Filter": "((country_code)::text <> '[jp]'::text)"}, {"Node Type": "Hash", "Parent Relationship": "Inner", "Parallel Aware": false, "Async Capable": false, "Startup Cost": 30000137237.95, "Total Cost": 30000137237.95, "Plan Rows": 14, "Plan Width": 24, "Plans": [{"Node Type": "Hash Join", "Parent Relationship": "Outer", "Parallel Aware": false, "Async Capable": false, "Join Type": "Inner", "Startup Cost": 30000087574.94, "Total Cost": 30000137237.95, "Plan Rows": 14, "Plan Width": 24, "Inner Unique": false, "Hash Cond": "(mc.movie_id = ml.movie_id)", "Plans": [{"Node Type": "Seq Scan", "Parent Relationship": "Outer", "Parallel Aware": false, "Async Capable": false, "Relation Name": "movie_companies", "Alias": "mc", "Startup Cost": 10000000000.0, "Total Cost": 10000044915.29, "Plan Rows": 1266019, "Plan Width": 12, "Filter": "(note IS NULL)"}, {"Node Type": "Hash", "Parent Relationship": "Inner", "Parallel Aware": false, "Async Capable": false, "Startup Cost": 20000087574.85, "Total Cost": 20000087574.85, "Plan Rows": 7, "Plan Width": 12, "Plans": [{"Node Type": "Hash Join", "Parent Relationship": "Outer", "Parallel Aware": false, "Async Capable": false, "Join Type": "Inner", "Startup Cost": 20000086999.32, "Total Cost": 20000087574.85, "Plan Rows": 7, "Plan Width": 12, "Inner Unique": false, "Hash Cond": "(ml.movie_id = mk.movie_id)", "Plans": [{"Node Type": "Seq Scan", "Parent Relationship": "Outer", "Parallel Aware": false, "Async Capable": false, "Relation Name": "movie_link", "Alias": "ml", "Startup Cost": 10000000000.0, "Total Cost": 10000000462.97, "Plan Rows": 29997, "Plan Width": 8}, {"Node Type": "Hash", "Parent Relationship": "Inner", "Parallel Aware": false, "Async Capable": false, "Startup Cost": 10000086998.9, "Total Cost": 10000086998.9, "Plan Rows": 34, "Plan Width": 4, "Plans": [{"Node Type": "Hash Join", "Parent Relationship": "Outer", "Parallel Aware": false, "Async Capable": false, "Join Type": "Inner", "Startup Cost": 10000005403.9, "Total Cost": 10000086998.9, "Plan Rows": 34, "Plan Width": 4, "Inner Unique": true, "Hash Cond": "(mk.keyword_id = k.id)", "Plans": [{"Node Type": "Seq Scan", "Parent Relationship": "Outer", "Parallel Aware": false, "Async Capable": false, "Relation Name": "movie_keyword", "Alias": "mk", "Startup Cost": 10000000000.0, "Total Cost": 10000069719.3, "Plan Rows": 4523930, "Plan Width": 8}, {"Node Type": "Hash", "Parent Relationship": "Inner", "Parallel Aware": false, "Async Capable": false, "Startup Cost": 5403.89, "Total Cost": 5403.89, "Plan Rows": 1, "Plan Width": 4, "Plans": [{"Node Type": "Index Scan", "Parent Relationship": "Outer", "Parallel Aware": false, "Async Capable": false, "Scan Direction": "Forward", "Index Name": "keyword_pkey", "Relation Name": "keyword", "Alias": "k", "Startup Cost": 0.42, "Total Cost": 5403.89, "Plan Rows": 1, "Plan Width": 4, "Filter": "((keyword)::text = 'blood'::text)"}]}]}]}]}]}]}]}]}, {"Node Type": "Hash", "Parent Relationship": "Inner", "Parallel Aware": false, "Async Capable": false, "Startup Cost": 12.2, "Total Cost": 12.2, "Plan Rows": 3, "Plan Width": 4, "Plans": [{"Node Type": "Index Scan", "Parent Relationship": "Outer", "Parallel Aware": false, "Async Capable": false, "Scan Direction": "Forward", "Index Name": "company_type_pkey", "Relation Name": "company_type", "Alias": "ct", "Startup Cost": 0.13, "Total Cost": 12.2, "Plan Rows": 3, "Plan Width": 4, "Filter": "((kind)::text <> 'distributors'::text)"}]}]}, {"Node Type": "Hash", "Parent Relationship": "Inner", "Parallel Aware": false, "Async Capable": false, "Startup Cost": 12.41, "Total Cost": 12.41, "Plan Rows": 18, "Plan Width": 16, "Plans": [{"Node Type": "Index Scan", "Parent Relationship": "Outer", "Parallel Aware": false, "Async Capable": false, "Scan Direction": "Forward", "Index Name": "link_type_pkey", "Relation Name": "link_type", "Alias": "lt", "Startup Cost": 0.14, "Total Cost": 12.41, "Plan Rows": 18, "Plan Width": 16}]}]}]}]}]}}, {"Plan": {"Node Type": "Aggregate", "Strategy": "Plain", "Partial Mode": "Simple", "Parallel Aware": false, "Async Capable": false, "Startup Cost": 30000159262.19, "Total Cost": 30000159262.2, "Plan Rows": 1, "Plan Width": 96, "Plans": [{"Node Type": "Hash Join", "Parent Relationship": "Outer", "Parallel Aware": false, "Async Capable": false, "Join Type": "Inner", "Startup Cost": 30000146192.31, "Total Cost": 30000159262.16, "Plan Rows": 5, "Plan Width": 48, "Inner Unique": true, "Hash Cond": "(ml.link_type_id = lt.id)", "Plans": [{"Node Type": "Hash Join", "Parent Relationship": "Outer", "Parallel Aware": false, "Async Capable": false, "Join Type": "Inner", "Startup Cost": 30000146179.68, "Total Cost": 30000159249.51, "Plan Rows": 5, "Plan Width": 40, "Inner Unique": true, "Hash Cond": "(mc.company_type_id = ct.id)", "Plans": [{"Node Type": "Merge Join", "Parent Relationship": "Outer", "Parallel Aware": false, "Async Capable": false, "Join Type": "Inner", "Startup Cost": 30000146167.44, "Total Cost": 30000159237.23, "Plan Rows": 7, "Plan Width": 44, "Inner Unique": true, "Merge Cond": "(mc.company_id = cn.id)", "Plans": [{"Node Type": "Sort", "Parent Relationship": "Outer", "Parallel Aware": false, "Async Capable": false, "Startup Cost": 30000146167.02, "Total Cost": 30000146167.04, "Plan Rows": 8, "Plan Width": 29, "Sort Key": ["mc.company_id"], "Plans": [{"Node Type": "Hash Join", "Parent Relationship": "Outer", "Parallel Aware": false, "Async Capable": false, "Join Type": "Inner", "Startup Cost": 30000096503.95, "Total Cost": 30000146166.9, "Plan Rows": 8, "Plan Width": 29, "Inner Unique": false, "Hash Cond": "(mc.movie_id = ml.movie_id)", "Plans": [{"Node Type": "Seq Scan", "Parent Relationship": "Outer", "Parallel Aware": false, "Async Capable": false, "Relation Name": "movie_companies", "Alias": "mc", "Startup Cost": 10000000000.0, "Total Cost": 10000044915.29, "Plan Rows": 1266019, "Plan Width": 12, "Filter": "(note IS NULL)"}, {"Node Type": "Hash", "Parent Relationship": "Inner", "Parallel Aware": false, "Async Capable": false, "Startup Cost": 20000096503.9, "Total Cost": 20000096503.9, "Plan Rows": 4, "Plan Width": 33, "Plans": [{"Node Type": "Merge Join", "Parent Relationship": "Outer", "Parallel Aware": false, "Async Capable": false, "Join Type": "Inner", "Startup Cost": 20000089696.27, "Total Cost": 20000096503.9, "Plan Rows": 4, "Plan Width": 33, "Inner Unique": false, "Merge Cond": "(t.id = ml.movie_id)", "Plans": [{"Node Type": "Merge Join", "Parent Relationship": "Outer", "Parallel Aware": false, "Async Capable": false, "Join Type": "Inner", "Startup Cost": 10000087002.65, "Total Cost": 10000213497.64, "Plan Rows": 19, "Plan Width": 25, "Inner Unique": true, "Merge Cond": "(mk.movie_id = t.id)", "Plans": [{"Node Type": "Sort", "Parent Relationship": "Outer", "Parallel Aware": false, "Async Capable": false, "Startup Cost": 10000086999.76, "Total Cost": 10000086999.85, "Plan Rows": 34, "Plan Width": 4, "Sort Key": ["mk.movie_id"], "Plans": [{"Node Type": "Hash Join", "Parent Relationship": "Outer", "Parallel Aware": false, "Async Capable": false, "Join Type": "Inner", "Startup Cost": 10000005403.9, "Total Cost": 10000086998.9, "Plan Rows": 34, "Plan Width": 4, "Inner Unique": true, "Hash Cond": "(mk.keyword_id = k.id)", "Plans": [{"Node Type": "Seq Scan", "Parent Relationship": "Outer", "Parallel Aware": false, "Async Capable": false, "Relation Name": "movie_keyword", "Alias": "mk", "Startup Cost": 10000000000.0, "Total Cost": 10000069719.3, "Plan Rows": 4523930, "Plan Width": 8}, {"Node Type": "Hash", "Parent Relationship": "Inner", "Parallel Aware": false, "Async Capable": false, "Startup Cost": 5403.89, "Total Cost": 5403.89, "Plan Rows": 1, "Plan Width": 4, "Plans": [{"Node Type": "Index Scan", "Parent Relationship": "Outer", "Parallel Aware": false, "Async Capable": false, "Scan Direction": "Forward", "Index Name": "keyword_pkey", "Relation Name": "keyword", "Alias": "k", "Startup Cost": 0.42, "Total Cost": 5403.89, "Plan Rows": 1, "Plan Width": 4, "Filter": "((keyword)::text = 'blood'::text)"}]}]}]}, {"Node Type": "Index Scan", "Parent Relationship": "Inner", "Parallel Aware": false, "Async Capable": false, "Scan Direction": "Forward", "Index Name": "title_pkey", "Relation Name": "title", "Alias": "t", "Startup Cost": 0.43, "Total Cost": 123010.23, "Plan Rows": 1443884, "Plan Width": 21, "Filter": "((production_year >= 1969) AND (production_year <= 2008))"}]}, {"Node Type": "Sort", "Parent Relationship": "Inner", "Parallel Aware": false, "Async Capable": false, "Startup Cost": 10000002693.63, "Total Cost": 10000002768.62, "Plan Rows": 29997, "Plan Width": 8, "Sort Key": ["ml.movie_id"], "Plans": [{"Node Type": "Seq Scan", "Parent Relationship": "Outer", "Parallel Aware": false, "Async Capable": false, "Relation Name": "movie_link", "Alias": "ml", "Startup Cost": 10000000000.0, "Total Cost": 10000000462.97, "Plan Rows": 29997, "Plan Width": 8}]}]}]}]}]}, {"Node Type": "Index Scan", "Parent Relationship": "Inner", "Parallel Aware": false, "Async Capable": false, "Scan Direction": "Forward", "Index Name": "company_name_pkey", "Relation Name": "company_name", "Alias": "cn", "Startup Cost": 0.42, "Total Cost": 12559.02, "Plan Rows": 204430, "Plan Width": 23, "Filter": "((country_code)::text <> '[jp]'::text)"}]}, {"Node Type": "Hash", "Parent Relationship": "Inner", "Parallel Aware": false, "Async Capable": false, "Startup Cost": 12.2, "Total Cost": 12.2, "Plan Rows": 3, "Plan Width": 4, "Plans": [{"Node Type": "Index Scan", "Parent Relationship": "Outer", "Parallel Aware": false, "Async Capable": false, "Scan Direction": "Forward", "Index Name": "company_type_pkey", "Relation Name": "company_type", "Alias": "ct", "Startup Cost": 0.13, "Total Cost": 12.2, "Plan Rows": 3, "Plan Width": 4, "Filter": "((kind)::text <> 'distributors'::text)"}]}]}, {"Node Type": "Hash", "Parent Relationship": "Inner", "Parallel Aware": false, "Async Capable": false, "Startup Cost": 12.41, "Total Cost": 12.41, "Plan Rows": 18, "Plan Width": 16, "Plans": [{"Node Type": "Index Scan", "Parent Relationship": "Outer", "Parallel Aware": false, "Async Capable": false, "Scan Direction": "Forward", "Index Name": "link_type_pkey", "Relation Name": "link_type", "Alias": "lt", "Startup Cost": 0.14, "Total Cost": 12.41, "Plan Rows": 18, "Plan Width": 16}]}]}]}}, {"Plan": {"Node Type": "Aggregate", "Strategy": "Plain", "Partial Mode": "Simple", "Parallel Aware": false, "Async Capable": false, "Startup Cost": 30000139515.46, "Total Cost": 30000139515.47, "Plan Rows": 1, "Plan Width": 96, "Plans": [{"Node Type": "Nested Loop", "Parent Relationship": "Outer", "Parallel Aware": false, "Async Capable": false, "Join Type": "Inner", "Startup Cost": 30000089847.72, "Total Cost": 30000139515.42, "Plan Rows": 5, "Plan Width": 48, "Inner Unique": true, "Plans": [{"Node Type": "Nested Loop", "Parent Relationship": "Outer", "Parallel Aware": false, "Async Capable": false, "Join Type": "Inner", "Startup Cost": 30000089847.58, "Total Cost": 30000139514.64, "Plan Rows": 5, "Plan Width": 40, "Inner Unique": true, "Plans": [{"Node Type": "Nested Loop", "Parent Relationship": "Outer", "Parallel Aware": false, "Async Capable": false, "Join Type": "Inner", "Startup Cost": 30000089847.45, "Total Cost": 30000139513.6, "Plan Rows": 7, "Plan Width": 44, "Inner Unique": true, "Plans": [{"Node Type": "Hash Join", "Parent Relationship": "Outer", "Parallel Aware": false, "Async Capable": false, "Join Type": "Inner", "Startup Cost": 30000089847.03, "Total Cost": 30000139509.98, "Plan Rows": 8, "Plan Width": 29, "Inner Unique": false, "Hash Cond": "(mc.movie_id = ml.movie_id)", "Plans": [{"Node Type": "Seq Scan", "Parent Relationship": "Outer", "Parallel Aware": false, "Async Capable": false, "Relation Name": "movie_companies", "Alias": "mc", "Startup Cost": 10000000000.0, "Total Cost": 10000044915.29, "Plan Rows": 1266019, "Plan Width": 12, "Filter": "(note IS NULL)"}, {"Node Type": "Hash", "Parent Relationship": "Inner", "Parallel Aware": false, "Async Capable": false, "Startup Cost": 20000089846.98, "Total Cost": 20000089846.98, "Plan Rows": 4, "Plan Width": 33, "Plans": [{"Node Type": "Nested Loop", "Parent Relationship": "Outer", "Parallel Aware": false, "Async Capable": false, "Join Type": "Inner", "Startup Cost": 20000089693.84, "Total Cost": 20000089846.98, "Plan Rows": 4, "Plan Width": 33, "Inner Unique": true, "Join Filter": "(t.id = ml.movie_id)", "Plans": [{"Node Type": "Merge Join", "Parent Relationship": "Outer", "Parallel Aware": false, "Async Capable": false, "Join Type": "Inner", "Startup Cost": 20000089693.41, "Total Cost": 20000089843.45, "Plan Rows": 7, "Plan Width": 12, "Inner Unique": false, "Merge Cond": "(mk.movie_id = ml.movie_id)", "Plans": [{"Node Type": "Sort", "Parent Relationship": "Outer", "Parallel Aware": false, "Async Capable": false, "Startup Cost": 10000086999.76, "Total Cost": 10000086999.85, "Plan Rows": 34, "Plan Width": 4, "Sort Key": ["mk.movie_id"], "Plans": [{"Node Type": "Hash Join", "Parent Relationship": "Outer", "Parallel Aware": false, "Async Capable": false, "Join Type": "Inner", "Startup Cost": 10000005403.9, "Total Cost": 10000086998.9, "Plan Rows": 34, "Plan Width": 4, "Inner Unique": true, "Hash Cond": "(mk.keyword_id = k.id)", "Plans": [{"Node Type": "Seq Scan", "Parent Relationship": "Outer", "Parallel Aware": false, "Async Capable": false, "Relation Name": "movie_keyword", "Alias": "mk", "Startup Cost": 10000000000.0, "Total Cost": 10000069719.3, "Plan Rows": 4523930, "Plan Width": 8}, {"Node Type": "Hash", "Parent Relationship": "Inner", "Parallel Aware": false, "Async Capable": false, "Startup Cost": 5403.89, "Total Cost": 5403.89, "Plan Rows": 1, "Plan Width": 4, "Plans": [{"Node Type": "Index Scan", "Parent Relationship": "Outer", "Parallel Aware": false, "Async Capable": false, "Scan Direction": "Forward", "Index Name": "keyword_pkey", "Relation Name": "keyword", "Alias": "k", "Startup Cost": 0.42, "Total Cost": 5403.89, "Plan Rows": 1, "Plan Width": 4, "Filter": "((keyword)::text = 'blood'::text)"}]}]}]}, {"Node Type": "Sort", "Parent Relationship": "Inner", "Parallel Aware": false, "Async Capable": false, "Startup Cost": 10000002693.63, "Total Cost": 10000002768.62, "Plan Rows": 29997, "Plan Width": 8, "Sort Key": ["ml.movie_id"], "Plans": [{"Node Type": "Seq Scan", "Parent Relationship": "Outer", "Parallel Aware": false, "Async Capable": false, "Relation Name": "movie_link", "Alias": "ml", "Startup Cost": 10000000000.0, "Total Cost": 10000000462.97, "Plan Rows": 29997, "Plan Width": 8}]}]}, {"Node Type": "Index Scan", "Parent Relationship": "Inner", "Parallel Aware": false, "Async Capable": false, "Scan Direction": "Forward", "Index Name": "title_pkey", "Relation Name": "title", "Alias": "t", "Startup Cost": 0.43, "Total Cost": 0.49, "Plan Rows": 1, "Plan Width": 21, "Index Cond": "(id = mk.movie_id)", "Filter": "((production_year >= 1969) AND (production_year <= 2008))"}]}]}]}, {"Node Type": "Index Scan", "Parent Relationship": "Inner", "Parallel Aware": false, "Async Capable": false, "Scan Direction": "Forward", "Index Name": "company_name_pkey", "Relation Name": "company_name", "Alias": "cn", "Startup Cost": 0.42, "Total Cost": 0.45, "Plan Rows": 1, "Plan Width": 23, "Index Cond": "(id = mc.company_id)", "Filter": "((country_code)::text <> '[jp]'::text)"}]}, {"Node Type": "Index Scan", "Parent Relationship": "Inner", "Parallel Aware": false, "Async Capable": false, "Scan Direction": "Forward", "Index Name": "company_type_pkey", "Relation Name": "company_type", "Alias": "ct", "Startup Cost": 0.13, "Total Cost": 0.15, "Plan Rows": 1, "Plan Width": 4, "Index Cond": "(id = mc.company_type_id)", "Filter": "((kind)::text <> 'distributors'::text)"}]}, {"Node Type": "Index Scan", "Parent Relationship": "Inner", "Parallel Aware": false, "Async Capable": false, "Scan Direction": "Forward", "Index Name": "link_type_pkey", "Relation Name": "link_type", "Alias": "lt", "Startup Cost": 0.14, "Total Cost": 0.16, "Plan Rows": 1, "Plan Width": 16, "Index Cond": "(id = ml.link_type_id)"}]}]}}, {"Plan": {"Node Type": "Aggregate", "Strategy": "Plain", "Partial Mode": "Finalize", "Parallel Aware": false, "Async Capable": false, "Startup Cost": 90497.57, "Total Cost": 90497.58, "Plan Rows": 1, "Plan Width": 96, "Plans": [{"Node Type": "Gather", "Parent Relationship": "Outer", "Parallel Aware": false, "Async Capable": false, "Startup Cost": 90497.45, "Total Cost": 90497.56, "Plan Rows": 1, "Plan Width": 96, "Workers Planned": 1, "Single Copy": false, "Plans": [{"Node Type": "Aggregate", "Strategy": "Plain", "Partial Mode": "Partial", "Parent Relationship": "Outer", "Parallel Aware": false, "Async Capable": false, "Startup Cost": 89497.45, "Total Cost": 89497.46, "Plan Rows": 1, "Plan Width": 96, "Plans": [{"Node Type": "Hash Join", "Parent Relationship": "Outer", "Parallel Aware": true, "Async Capable": false, "Join Type": "Inner", "Startup Cost": 84278.55, "Total Cost": 89497.43, "Plan Rows": 3, "Plan Width": 48, "Inner Unique": false, "Hash Cond": "(cn.id = mc.company_id)", "Plans": [{"Node Type": "Seq Scan", "Parent Relationship": "Outer", "Parallel Aware": true, "Async Capable": false, "Relation Name": "company_name", "Alias": "cn", "Startup Cost": 0.0, "Total Cost": 4767.92, "Plan Rows": 120253, "Plan Width": 23, "Filter": "((country_code)::text <> '[jp]'::text)"}, {"Node Type": "Hash", "Parent Relationship": "Inner", "Parallel Aware": true, "Async Capable": false, "Startup Cost": 84278.53, "Total Cost": 84278.53, "Plan Rows": 2, "Plan Width": 33, "Plans": [{"Node Type": "Hash Join", "Parent Relationship": "Outer", "Parallel Aware": false, "Async Capable": false, "Join Type": "Inner", "Startup Cost": 55506.48, "Total Cost": 84278.53, "Plan Rows": 2, "Plan Width": 33, "Inner Unique": true, "Hash Cond": "(mc.company_type_id = ct.id)", "Plans": [{"Node Type": "Hash Join", "Parent Relationship": "Outer", "Parallel Aware": true, "Async Capable": false, "Join Type": "Inner", "Startup Cost": 55505.39, "Total Cost": 84277.42, "Plan Rows": 3, "Plan Width": 37, "Inner Unique": false, "Hash Cond": "(mc.movie_id = ml.movie_id)", "Plans": [{"Node Type": "Seq Scan", "Parent Relationship": "Outer", "Parallel Aware": true, "Async Capable": false, "Relation Name": "movie_companies", "Alias": "mc", "Startup Cost": 0.0, "Total Cost": 27240.55, "Plan Rows": 408393, "Plan Width": 12, "Filter": "(note IS NULL)"}, {"Node Type": "Hash", "Parent Relationship": "Inner", "Parallel Aware": true, "Async Capable": false, "Startup Cost": 55505.38, "Total Cost": 55505.38, "Plan Rows": 1, "Plan Width": 41, "Plans": [{"Node Type": "Hash Join", "Parent Relationship": "Outer", "Parallel Aware": false, "Async Capable": false, "Join Type": "Inner", "Startup Cost": 48284.93, "Total Cost": 55505.38, "Plan Rows": 1, "Plan Width": 41, "Inner Unique": true, "Hash Cond": "(ml.link_type_id = lt.id)", "Plans": [{"Node Type": "Hash Join", "Parent Relationship": "Outer", "Parallel Aware": true, "Async Capable": false, "Join Type": "Inner", "Startup Cost": 48283.52, "Total Cost": 55503.97, "Plan Rows": 1, "Plan Width": 33, "Inner Unique": false, "Hash Cond": "(ml.movie_id = mk.movie_id)", "Plans": [{"Node Type": "Merge Join", "Parent Relationship": "Outer", "Parallel Aware": false, "Async Capable": false, "Join Type": "Inner", "Startup Cost": 2694.06, "Total Cost": 9898.43, "Plan Rows": 4283, "Plan Width": 29, "Inner Unique": false, "Merge Cond": "(t.id = ml.movie_id)", "Plans": [{"Node Type": "Index Scan", "Parent Relationship": "Outer", "Parallel Aware": true, "Async Capable": false, "Scan Direction": "Forward", "Index Name": "title_pkey", "Relation Name": "title", "Alias": "t", "Startup Cost": 0.43, "Total Cost": 94566.72, "Plan Rows": 360971, "Plan Width": 21, "Filter": "((production_year >= 1969) AND (production_year <= 2008))"}, {"Node Type": "Sort", "Parent Relationship": "Inner", "Parallel Aware": false, "Async Capable": false, "Startup Cost": 2693.63, "Total Cost": 2768.62, "Plan Rows": 29997, "Plan Width": 8, "Sort Key": ["ml.movie_id"], "Plans": [{"Node Type": "Seq Scan", "Parent Relationship": "Outer", "Parallel Aware": false, "Async Capable": false, "Relation Name": "movie_link", "Alias": "ml", "Startup Cost": 0.0, "Total Cost": 462.97, "Plan Rows": 29997, "Plan Width": 8}]}]}, {"Node Type": "Hash", "Parent Relationship": "Inner", "Parallel Aware": true, "Async Capable": false, "Startup Cost": 45589.33, "Total Cost": 45589.33, "Plan Rows": 11, "Plan Width": 4, "Plans": [{"Node Type": "Hash Join", "Parent Relationship": "Outer", "Parallel Aware": false, "Async Capable": false, "Join Type": "Inner", "Startup Cost": 2685.14, "Total Cost": 45589.33, "Plan Rows": 11, "Plan Width": 4, "Inner Unique": true, "Hash Cond": "(mk.keyword_id = k.id)", "Plans": [{"Node Type": "Seq Scan", "Parent Relationship": "Outer", "Parallel Aware": true, "Async Capable": false, "Relation Name": "movie_keyword", "Alias": "mk", "Startup Cost": 0.0, "Total Cost": 39073.32, "Plan Rows": 1459332, "Plan Width": 8}, {"Node Type": "Hash", "Parent Relationship": "Inner", "Parallel Aware": false, "Async Capable": false, "Startup Cost": 2685.12, "Total Cost": 2685.12, "Plan Rows": 1, "Plan Width": 4, "Plans": [{"Node Type": "Seq Scan", "Parent Relationship": "Outer", "Parallel Aware": false, "Async Capable": false, "Relation Name": "keyword", "Alias": "k", "Startup Cost": 0.0, "Total Cost": 2685.12, "Plan Rows": 1, "Plan Width": 4, "Filter": "((keyword)::text = 'blood'::text)"}]}]}]}]}, {"Node Type": "Hash", "Parent Relationship": "Inner", "Parallel Aware": false, "Async Capable": false, "Startup Cost": 1.18, "Total Cost": 1.18, "Plan Rows": 18, "Plan Width": 16, "Plans": [{"Node Type": "Seq Scan", "Parent Relationship": "Outer", "Parallel Aware": false, "Async Capable": false, "Relation Name": "link_type", "Alias": "lt", "Startup Cost": 0.0, "Total Cost": 1.18, "Plan Rows": 18, "Plan Width": 16}]}]}]}]}, {"Node Type": "Hash", "Parent Relationship": "Inner", "Parallel Aware": false, "Async Capable": false, "Startup Cost": 1.05, "Total Cost": 1.05, "Plan Rows": 3, "Plan Width": 4, "Plans": [{"Node Type": "Seq Scan", "Parent Relationship": "Outer", "Parallel Aware": false, "Async Capable": false, "Relation Name": "company_type", "Alias": "ct", "Startup Cost": 0.0, "Total Cost": 1.05, "Plan Rows": 3, "Plan Width": 4, "Filter": "((kind)::text <> 'distributors'::text)"}]}]}]}]}]}]}]}}, {"Plan": {"Node Type": "Aggregate", "Strategy": "Plain", "Partial Mode": "Simple", "Parallel Aware": false, "Async Capable": false, "Startup Cost": 30000137252.05, "Total Cost": 30000137252.06, "Plan Rows": 1, "Plan Width": 96, "Plans": [{"Node Type": "Nested Loop", "Parent Relationship": "Outer", "Parallel Aware": false, "Async Capable": false, "Join Type": "Inner", "Startup Cost": 30000087576.06, "Total Cost": 30000137252.01, "Plan Rows": 5, "Plan Width": 48, "Inner Unique": true, "Join Filter": "(t.id = ml.movie_id)", "Plans": [{"Node Type": "Nested Loop", "Parent Relationship": "Outer", "Parallel Aware": false, "Async Capable": false, "Join Type": "Inner", "Startup Cost": 30000087575.63, "Total Cost": 30000137247.47, "Plan Rows": 9, "Plan Width": 43, "Inner Unique": true, "Plans": [{"Node Type": "Nested Loop", "Parent Relationship": "Outer", "Parallel Aware": false, "Async Capable": false, "Join Type": "Inner", "Startup Cost": 30000087575.49, "Total Cost": 30000137246.07, "Plan Rows": 9, "Plan Width": 35, "Inner Unique": true, "Plans": [{"Node Type": "Nested Loop", "Parent Relationship": "Outer", "Parallel Aware": false, "Async Capable": false, "Join Type": "Inner", "Startup Cost": 30000087575.36, "Total Cost": 30000137244.28, "Plan Rows": 12, "Plan Width": 39, "Inner Unique": true, "Plans": [{"Node Type": "Hash Join", "Parent Relationship": "Outer", "Parallel Aware": false, "Async Capable": false, "Join Type": "Inner", "Startup Cost": 30000087574.94, "Total Cost": 30000137237.95, "Plan Rows": 14, "Plan Width": 24, "Inner Unique": false, "Hash Cond": "(mc.movie_id = ml.movie_id)", "Plans": [{"Node Type": "Seq Scan", "Parent Relationship": "Outer", "Parallel Aware": false, "Async Capable": false, "Relation Name": "movie_companies", "Alias": "mc", "Startup Cost": 10000000000.0, "Total Cost": 10000044915.29, "Plan Rows": 1266019, "Plan Width": 12, "Filter": "(note IS NULL)"}, {"Node Type": "Hash", "Parent Relationship": "Inner", "Parallel Aware": false, "Async Capable": false, "Startup Cost": 20000087574.85, "Total Cost": 20000087574.85, "Plan Rows": 7, "Plan Width": 12, "Plans": [{"Node Type": "Hash Join", "Parent Relationship": "Outer", "Parallel Aware": false, "Async Capable": false, "Join Type": "Inner", "Startup Cost": 20000086999.32, "Total Cost": 20000087574.85, "Plan Rows": 7, "Plan Width": 12, "Inner Unique": false, "Hash Cond": "(ml.movie_id = mk.movie_id)", "Plans": [{"Node Type": "Seq Scan", "Parent Relationship": "Outer", "Parallel Aware": false, "Async Capable": false, "Relation Name": "movie_link", "Alias": "ml", "Startup Cost": 10000000000.0, "Total Cost": 10000000462.97, "Plan Rows": 29997, "Plan Width": 8}, {"Node Type": "Hash", "Parent Relationship": "Inner", "Parallel Aware": false, "Async Capable": false, "Startup Cost": 10000086998.9, "Total Cost": 10000086998.9, "Plan Rows": 34, "Plan Width": 4, "Plans": [{"Node Type": "Hash Join", "Parent Relationship": "Outer", "Parallel Aware": false, "Async Capable": false, "Join Type": "Inner", "Startup Cost": 10000005403.9, "Total Cost": 10000086998.9, "Plan Rows": 34, "Plan Width": 4, "Inner Unique": true, "Hash Cond": "(mk.keyword_id = k.id)", "Plans": [{"Node Type": "Seq Scan", "Parent Relationship": "Outer", "Parallel Aware": false, "Async Capable": false, "Relation Name": "movie_keyword", "Alias": "mk", "Startup Cost": 10000000000.0, "Total Cost": 10000069719.3, "Plan Rows": 4523930, "Plan Width": 8}, {"Node Type": "Hash", "Parent Relationship": "Inner", "Parallel Aware": false, "Async Capable": false, "Startup Cost": 5403.89, "Total Cost": 5403.89, "Plan Rows": 1, "Plan Width": 4, "Plans": [{"Node Type": "Index Scan", "Parent Relationship": "Outer", "Parallel Aware": false, "Async Capable": false, "Scan Direction": "Forward", "Index Name": "keyword_pkey", "Relation Name": "keyword", "Alias": "k", "Startup Cost": 0.42, "Total Cost": 5403.89, "Plan Rows": 1, "Plan Width": 4, "Filter": "((keyword)::text = 'blood'::text)"}]}]}]}]}]}]}, {"Node Type": "Index Scan", "Parent Relationship": "Inner", "Parallel Aware": false, "Async Capable": false, "Scan Direction": "Forward", "Index Name": "company_name_pkey", "Relation Name": "company_name", "Alias": "cn", "Startup Cost": 0.42, "Total Cost": 0.45, "Plan Rows": 1, "Plan Width": 23, "Index Cond": "(id = mc.company_id)", "Filter": "((country_code)::text <> '[jp]'::text)"}]}, {"Node Type": "Index Scan", "Parent Relationship": "Inner", "Parallel Aware": false, "Async Capable": false, "Scan Direction": "Forward", "Index Name": "company_type_pkey", "Relation Name": "company_type", "Alias": "ct", "Startup Cost": 0.13, "Total Cost": 0.15, "Plan Rows": 1, "Plan Width": 4, "Index Cond": "(id = mc.company_type_id)", "Filter": "((kind)::text <> 'distributors'::text)"}]}, {"Node Type": "Index Scan", "Parent Relationship": "Inner", "Parallel Aware": false, "Async Capable": false, "Scan Direction": "Forward", "Index Name": "link_type_pkey", "Relation Name": "link_type", "Alias": "lt", "Startup Cost": 0.14, "Total Cost": 0.16, "Plan Rows": 1, "Plan Width": 16, "Index Cond": "(id = ml.link_type_id)"}]}, {"Node Type": "Index Scan", "Parent Relationship": "Inner", "Parallel Aware": false, "Async Capable": false, "Scan Direction": "Forward", "Index Name": "title_pkey", "Relation Name": "title", "Alias": "t", "Startup Cost": 0.43, "Total Cost": 0.49, "Plan Rows": 1, "Plan Width": 21, "Index Cond": "(id = mk.movie_id)", "Filter": "((production_year >= 1969) AND (production_year <= 2008))"}]}]}}, {"Plan": {"Node Type": "Aggregate", "Strategy": "Plain", "Partial Mode": "Finalize", "Parallel Aware": false, "Async Capable": false, "Startup Cost": 128267.41, "Total Cost": 128267.42, "Plan Rows": 1, "Plan Width": 96, "Plans": [{"Node Type": "Gather", "Parent Relationship": "Outer", "Parallel Aware": false, "Async Capable": false, "Startup Cost": 128267.29, "Total Cost": 128267.4, "Plan Rows": 1, "Plan Width": 96, "Workers Planned": 1, "Single Copy": false, "Plans": [{"Node Type": "Aggregate", "Strategy": "Plain", "Partial Mode": "Partial", "Parent Relationship": "Outer", "Parallel Aware": false, "Async Capable": false, "Startup Cost": 127267.29, "Total Cost": 127267.3, "Plan Rows": 1, "Plan Width": 96, "Plans": [{"Node Type": "Hash Join", "Parent Relationship": "Outer", "Parallel Aware": true, "Async Capable": false, "Join Type": "Inner", "Startup Cost": 122048.39, "Total Cost": 127267.27, "Plan Rows": 3, "Plan Width": 48, "Inner Unique": false, "Hash Cond": "(cn.id = mc.company_id)", "Plans": [{"Node Type": "Seq Scan", "Parent Relationship": "Outer", "Parallel Aware": true, "Async Capable": false, "Relation Name": "company_name", "Alias": "cn", "Startup Cost": 0.0, "Total Cost": 4767.92, "Plan Rows": 120253, "Plan Width": 23, "Filter": "((country_code)::text <> '[jp]'::text)"}, {"Node Type": "Hash", "Parent Relationship": "Inner", "Parallel Aware": true, "Async Capable": false, "Startup Cost": 122048.36, "Total Cost": 122048.36, "Plan Rows": 2, "Plan Width": 33, "Plans": [{"Node Type": "Hash Join", "Parent Relationship": "Outer", "Parallel Aware": false, "Async Capable": false, "Join Type": "Inner", "Startup Cost": 93276.32, "Total Cost": 122048.36, "Plan Rows": 2, "Plan Width": 33, "Inner Unique": true, "Hash Cond": "(mc.company_type_id = ct.id)", "Plans": [{"Node Type": "Hash Join", "Parent Relationship": "Outer", "Parallel Aware": true, "Async Capable": false, "Join Type": "Inner", "Startup Cost": 93275.23, "Total Cost": 122047.26, "Plan Rows": 3, "Plan Width": 37, "Inner Unique": false, "Hash Cond": "(mc.movie_id = ml.movie_id)", "Plans": [{"Node Type": "Seq Scan", "Parent Relationship": "Outer", "Parallel Aware": true, "Async Capable": false, "Relation Name": "movie_companies", "Alias": "mc", "Startup Cost": 0.0, "Total Cost": 27240.55, "Plan Rows": 408393, "Plan Width": 12, "Filter": "(note IS NULL)"}, {"Node Type": "Hash", "Parent Relationship": "Inner", "Parallel Aware": true, "Async Capable": false, "Startup Cost": 93275.22, "Total Cost": 93275.22, "Plan Rows": 1, "Plan Width": 41, "Plans": [{"Node Type": "Hash Join", "Parent Relationship": "Outer", "Parallel Aware": false, "Async Capable": false, "Join Type": "Inner", "Startup Cost": 46428.8, "Total Cost": 93275.22, "Plan Rows": 1, "Plan Width": 41, "Inner Unique": true, "Hash Cond": "(ml.link_type_id = lt.id)", "Plans": [{"Node Type": "Hash Join", "Parent Relationship": "Outer", "Parallel Aware": false, "Async Capable": false, "Join Type": "Inner", "Startup Cost": 46427.4, "Total Cost": 93273.81, "Plan Rows": 1, "Plan Width": 33, "Inner Unique": false, "Hash Cond": "(t.id = ml.movie_id)", "Plans": [{"Node Type": "Hash Join", "Parent Relationship": "Outer", "Parallel Aware": true, "Async Capable": false, "Join Type": "Inner", "Startup Cost": 45589.47, "Total Cost": 92432.3, "Plan Rows": 5, "Plan Width": 25, "Inner Unique": false, "Hash Cond": "(t.id = mk.movie_id)", "Plans": [{"Node Type": "Seq Scan", "Parent Relationship": "Outer", "Parallel Aware": true, "Async Capable": false, "Relation Name": "title", "Alias": "t", "Startup Cost": 0.0, "Total Cost": 45489.17, "Plan Rows": 360971, "Plan Width": 21, "Filter": "((production_year >= 1969) AND (production_year <= 2008))"}, {"Node Type": "Hash", "Parent Relationship": "Inner", "Parallel Aware": true, "Async Capable": false, "Startup Cost": 45589.33, "Total Cost": 45589.33, "Plan Rows": 11, "Plan Width": 4, "Plans": [{"Node Type": "Hash Join", "Parent Relationship": "Outer", "Parallel Aware": false, "Async Capable": false, "Join Type": "Inner", "Startup Cost": 2685.14, "Total Cost": 45589.33, "Plan Rows": 11, "Plan Width": 4, "Inner Unique": true, "Hash Cond": "(mk.keyword_id = k.id)", "Plans": [{"Node Type": "Seq Scan", "Parent Relationship": "Outer", "Parallel Aware": true, "Async Capable": false, "Relation Name": "movie_keyword", "Alias": "mk", "Startup Cost": 0.0, "Total Cost": 39073.32, "Plan Rows": 1459332, "Plan Width": 8}, {"Node Type": "Hash", "Parent Relationship": "Inner", "Parallel Aware": false, "Async Capable": false, "Startup Cost": 2685.12, "Total Cost": 2685.12, "Plan Rows": 1, "Plan Width": 4, "Plans": [{"Node Type": "Seq Scan", "Parent Relationship": "Outer", "Parallel Aware": false, "Async Capable": false, "Relation Name": "keyword", "Alias": "k", "Startup Cost": 0.0, "Total Cost": 2685.12, "Plan Rows": 1, "Plan Width": 4, "Filter": "((keyword)::text = 'blood'::text)"}]}]}]}]}, {"Node Type": "Hash", "Parent Relationship": "Inner", "Parallel Aware": false, "Async Capable": false, "Startup Cost": 462.97, "Total Cost": 462.97, "Plan Rows": 29997, "Plan Width": 8, "Plans": [{"Node Type": "Seq Scan", "Parent Relationship": "Outer", "Parallel Aware": false, "Async Capable": false, "Relation Name": "movie_link", "Alias": "ml", "Startup Cost": 0.0, "Total Cost": 462.97, "Plan Rows": 29997, "Plan Width": 8}]}]}, {"Node Type": "Hash", "Parent Relationship": "Inner", "Parallel Aware": false, "Async Capable": false, "Startup Cost": 1.18, "Total Cost": 1.18, "Plan Rows": 18, "Plan Width": 16, "Plans": [{"Node Type": "Seq Scan", "Parent Relationship": "Outer", "Parallel Aware": false, "Async Capable": false, "Relation Name": "link_type", "Alias": "lt", "Startup Cost": 0.0, "Total Cost": 1.18, "Plan Rows": 18, "Plan Width": 16}]}]}]}]}, {"Node Type": "Hash", "Parent Relationship": "Inner", "Parallel Aware": false, "Async Capable": false, "Startup Cost": 1.05, "Total Cost": 1.05, "Plan Rows": 3, "Plan Width": 4, "Plans": [{"Node Type": "Seq Scan", "Parent Relationship": "Outer", "Parallel Aware": false, "Async Capable": false, "Relation Name": "company_type", "Alias": "ct", "Startup Cost": 0.0, "Total Cost": 1.05, "Plan Rows": 3, "Plan Width": 4, "Filter": "((kind)::text <> 'distributors'::text)"}]}]}]}]}]}]}]}}, {"Plan": {"Node Type": "Aggregate", "Strategy": "Plain", "Partial Mode": "Simple", "Parallel Aware": false, "Async Capable": false, "Startup Cost": 80000139587.73, "Total Cost": 80000139587.74, "Plan Rows": 1, "Plan Width": 96, "Plans": [{"Node Type": "Hash Join", "Parent Relationship": "Outer", "Parallel Aware": false, "Async Capable": false, "Join Type": "Inner", "Startup Cost": 80000089888.04, "Total Cost": 80000139587.7, "Plan Rows": 5, "Plan Width": 48, "Inner Unique": true, "Hash Cond": "(ml.link_type_id = lt.id)", "Plans": [{"Node Type": "Nested Loop", "Parent Relationship": "Outer", "Parallel Aware": false, "Async Capable": false, "Join Type": "Inner", "Startup Cost": 70000089875.41, "Total Cost": 70000139575.05, "Plan Rows": 5, "Plan Width": 40, "Inner Unique": true, "Plans": [{"Node Type": "Nested Loop", "Parent Relationship": "Outer", "Parallel Aware": false, "Async Capable": false, "Join Type": "Inner", "Startup Cost": 60000089874.98, "Total Cost": 60000139548.38, "Plan Rows": 6, "Plan Width": 25, "Inner Unique": true, "Plans": [{"Node Type": "Hash Join", "Parent Relationship": "Outer", "Parallel Aware": false, "Async Capable": false, "Join Type": "Inner", "Startup Cost": 50000089874.83, "Total Cost": 50000139537.78, "Plan Rows": 8, "Plan Width": 29, "Inner Unique": false, "Hash Cond": "(mc.movie_id = ml.movie_id)", "Plans": [{"Node Type": "Seq Scan", "Parent Relationship": "Outer", "Parallel Aware": false, "Async Capable": false, "Relation Name": "movie_companies", "Alias": "mc", "Startup Cost": 10000000000.0, "Total Cost": 10000044915.29, "Plan Rows": 1266019, "Plan Width": 12, "Filter": "(note IS NULL)"}, {"Node Type": "Hash", "Parent Relationship": "Inner", "Parallel Aware": false, "Async Capable": false, "Startup Cost": 40000089874.78, "Total Cost": 40000089874.78, "Plan Rows": 4, "Plan Width": 33, "Plans": [{"Node Type": "Nested Loop", "Parent Relationship": "Outer", "Parallel Aware": false, "Async Capable": false, "Join Type": "Inner", "Startup Cost": 40000089693.85, "Total Cost": 40000089874.78, "Plan Rows": 4, "Plan Width": 33, "Inner Unique": true, "Join Filter": "(t.id = ml.movie_id)", "Plans": [{"Node Type": "Merge Join", "Parent Relationship": "Outer", "Parallel Aware": false, "Async Capable": false, "Join Type": "Inner", "Startup Cost": 30000089693.41, "Total Cost": 30000089843.45, "Plan Rows": 7, "Plan Width": 12, "Inner Unique": false, "Merge Cond": "(mk.movie_id = ml.movie_id)", "Plans": [{"Node Type": "Sort", "Parent Relationship": "Outer", "Parallel Aware": false, "Async Capable": false, "Startup Cost": 20000086999.76, "Total Cost": 20000086999.85, "Plan Rows": 34, "Plan Width": 4, "Sort Key": ["mk.movie_id"], "Plans": [{"Node Type": "Hash Join", "Parent Relationship": "Outer", "Parallel Aware": false, "Async Capable": false, "Join Type": "Inner", "Startup Cost": 20000005403.9, "Total Cost": 20000086998.9, "Plan Rows": 34, "Plan Width": 4, "Inner Unique": true, "Hash Cond": "(mk.keyword_id = k.id)", "Plans": [{"Node Type": "Seq Scan", "Parent Relationship": "Outer", "Parallel Aware": false, "Async Capable": false, "Relation Name": "movie_keyword", "Alias": "mk", "Startup Cost": 10000000000.0, "Total Cost": 10000069719.3, "Plan Rows": 4523930, "Plan Width": 8}, {"Node Type": "Hash", "Parent Relationship": "Inner", "Parallel Aware": false, "Async Capable": false, "Startup Cost": 10000005403.89, "Total Cost": 10000005403.89, "Plan Rows": 1, "Plan Width": 4, "Plans": [{"Node Type": "Index Scan", "Parent Relationship": "Outer", "Parallel Aware": false, "Async Capable": false, "Scan Direction": "Forward", "Index Name": "keyword_pkey", "Relation Name": "keyword", "Alias": "k", "Startup Cost": 10000000000.42, "Total Cost": 10000005403.89, "Plan Rows": 1, "Plan Width": 4, "Filter": "((keyword)::text = 'blood'::text)"}]}]}]}, {"Node Type": "Sort", "Parent Relationship": "Inner", "Parallel Aware": false, "Async Capable": false, "Startup Cost": 10000002693.63, "Total Cost": 10000002768.62, "Plan Rows": 29997, "Plan Width": 8, "Sort Key": ["ml.movie_id"], "Plans": [{"Node Type": "Seq Scan", "Parent Relationship": "Outer", "Parallel Aware": false, "Async Capable": false, "Relation Name": "movie_link", "Alias": "ml", "Startup Cost": 10000000000.0, "Total Cost": 10000000462.97, "Plan Rows": 29997, "Plan Width": 8}]}]}, {"Node Type": "Bitmap Heap Scan", "Parent Relationship": "Inner", "Parallel Aware": false, "Async Capable": false, "Relation Name": "title", "Alias": "t", "Startup Cost": 0.45, "Total Cost": 4.46, "Plan Rows": 1, "Plan Width": 21, "Recheck Cond": "(id = mk.movie_id)", "Filter": "((production_year >= 1969) AND (production_year <= 2008))", "Plans": [{"Node Type": "Bitmap Index Scan", "Parent Relationship": "Outer", "Parallel Aware": false, "Async Capable": false, "Index Name": "title_pkey", "Startup Cost": 0.0, "Total Cost": 0.45, "Plan Rows": 1, "Plan Width": 0, "Index Cond": "(id = mk.movie_id)"}]}]}]}]}, {"Node Type": "Memoize", "Parent Relationship": "Inner", "Parallel Aware": false, "Async Capable": false, "Startup Cost": 0.15, "Total Cost": 4.16, "Plan Rows": 1, "Plan Width": 4, "Cache Key": "mc.company_type_id", "Cache Mode": "logical", "Plans": [{"Node Type": "Bitmap Heap Scan", "Parent Relationship": "Outer", "Parallel Aware": false, "Async Capable": false, "Relation Name": "company_type", "Alias": "ct", "Startup Cost": 0.14, "Total Cost": 4.15, "Plan Rows": 1, "Plan Width": 4, "Recheck Cond": "(id = mc.company_type_id)", "Filter": "((kind)::text <> 'distributors'::text)", "Plans": [{"Node Type": "Bitmap Index Scan", "Parent Relationship": "Outer", "Parallel Aware": false, "Async Capable": false, "Index Name": "company_type_pkey", "Startup Cost": 0.0, "Total Cost": 0.14, "Plan Rows": 1, "Plan Width": 0, "Index Cond": "(id = mc.company_type_id)"}]}]}]}, {"Node Type": "Bitmap Heap Scan", "Parent Relationship": "Inner", "Parallel Aware": false, "Async Capable": false, "Relation Name": "company_name", "Alias": "cn", "Startup Cost": 0.43, "Total Cost": 4.45, "Plan Rows": 1, "Plan Width": 23, "Recheck Cond": "(id = mc.company_id)", "Filter": "((country_code)::text <> '[jp]'::text)", "Plans": [{"Node Type": "Bitmap Index Scan", "Parent Relationship": "Outer", "Parallel Aware": false, "Async Capable": false, "Index Name": "company_name_pkey", "Startup Cost": 0.0, "Total Cost": 0.43, "Plan Rows": 1, "Plan Width": 0, "Index Cond": "(id = mc.company_id)"}]}]}, {"Node Type": "Hash", "Parent Relationship": "Inner", "Parallel Aware": false, "Async Capable": false, "Startup Cost": 10000000012.41, "Total Cost": 10000000012.41, "Plan Rows": 18, "Plan Width": 16, "Plans": [{"Node Type": "Index Scan", "Parent Relationship": "Outer", "Parallel Aware": false, "Async Capable": false, "Scan Direction": "Forward", "Index Name": "link_type_pkey", "Relation Name": "link_type", "Alias": "lt", "Startup Cost": 10000000000.14, "Total Cost": 10000000012.41, "Plan Rows": 18, "Plan Width": 16}]}]}]}}, {"Plan": {"Node Type": "Aggregate", "Strategy": "Plain", "Partial Mode": "Simple", "Parallel Aware": false, "Async Capable": false, "Startup Cost": 30000381387.48, "Total Cost": 30000381387.49, "Plan Rows": 1, "Plan Width": 96, "Plans": [{"Node Type": "Nested Loop", "Parent Relationship": "Outer", "Parallel Aware": false, "Async Capable": false, "Join Type": "Inner", "Startup Cost": 30000331687.8, "Total Cost": 30000381387.44, "Plan Rows": 5, "Plan Width": 48, "Inner Unique": true, "Plans": [{"Node Type": "Nested Loop", "Parent Relationship": "Outer", "Parallel Aware": false, "Async Capable": false, "Join Type": "Inner", "Startup Cost": 30000331687.37, "Total Cost": 30000381360.77, "Plan Rows": 6, "Plan Width": 33, "Inner Unique": true, "Plans": [{"Node Type": "Hash Join", "Parent Relationship": "Outer", "Parallel Aware": false, "Async Capable": false, "Join Type": "Inner", "Startup Cost": 30000331687.22, "Total Cost": 30000381350.17, "Plan Rows": 8, "Plan Width": 37, "Inner Unique": false, "Hash Cond": "(mc.movie_id = ml.movie_id)", "Plans": [{"Node Type": "Seq Scan", "Parent Relationship": "Outer", "Parallel Aware": false, "Async Capable": false, "Relation Name": "movie_companies", "Alias": "mc", "Startup Cost": 10000000000.0, "Total Cost": 10000044915.29, "Plan Rows": 1266019, "Plan Width": 12, "Filter": "(note IS NULL)"}, {"Node Type": "Hash", "Parent Relationship": "Inner", "Parallel Aware": false, "Async Capable": false, "Startup Cost": 20000331687.17, "Total Cost": 20000331687.17, "Plan Rows": 4, "Plan Width": 41, "Plans": [{"Node Type": "Nested Loop", "Parent Relationship": "Outer", "Parallel Aware": false, "Async Capable": false, "Join Type": "Inner", "Startup Cost": 20000331489.34, "Total Cost": 20000331687.17, "Plan Rows": 4, "Plan Width": 41, "Inner Unique": true, "Plans": [{"Node Type": "Nested Loop", "Parent Relationship": "Outer", "Parallel Aware": false, "Async Capable": false, "Join Type": "Inner", "Startup Cost": 20000331489.19, "Total Cost": 20000331670.11, "Plan Rows": 4, "Plan Width": 33, "Inner Unique": true, "Join Filter": "(t.id = ml.movie_id)", "Plans": [{"Node Type": "Merge Join", "Parent Relationship": "Outer", "Parallel Aware": false, "Async Capable": false, "Join Type": "Inner", "Startup Cost": 20000331488.74, "Total Cost": 20000331638.78, "Plan Rows": 7, "Plan Width": 12, "Inner Unique": false, "Merge Cond": "(mk.movie_id = ml.movie_id)", "Plans": [{"Node Type": "Sort", "Parent Relationship": "Outer", "Parallel Aware": false, "Async Capable": false, "Startup Cost": 10000328795.1, "Total Cost": 10000328795.18, "Plan Rows": 34, "Plan Width": 4, "Sort Key": ["mk.movie_id"], "Plans": [{"Node Type": "Nested Loop", "Parent Relationship": "Outer", "Parallel Aware": false, "Async Capable": false, "Join Type": "Inner", "Startup Cost": 10000000000.44, "Total Cost": 10000328794.23, "Plan Rows": 34, "Plan Width": 4, "Inner Unique": true, "Plans": [{"Node Type": "Seq Scan", "Parent Relationship": "Outer", "Parallel Aware": false, "Async Capable": false, "Relation Name": "movie_keyword", "Alias": "mk", "Startup Cost": 10000000000.0, "Total Cost": 10000069719.3, "Plan Rows": 4523930, "Plan Width": 8}, {"Node Type": "Memoize", "Parent Relationship": "Inner", "Parallel Aware": false, "Async Capable": false, "Startup Cost": 0.44, "Total Cost": 4.45, "Plan Rows": 1, "Plan Width": 4, "Cache Key": "mk.keyword_id", "Cache Mode": "logical", "Plans": [{"Node Type": "Bitmap Heap Scan", "Parent Relationship": "Outer", "Parallel Aware": false, "Async Capable": false, "Relation Name": "keyword", "Alias": "k", "Startup Cost": 0.43, "Total Cost": 4.44, "Plan Rows": 1, "Plan Width": 4, "Recheck Cond": "(id = mk.keyword_id)", "Filter": "((keyword)::text = 'blood'::text)", "Plans": [{"Node Type": "Bitmap Index Scan", "Parent Relationship": "Outer", "Parallel Aware": false, "Async Capable": false, "Index Name": "keyword_pkey", "Startup Cost": 0.0, "Total Cost": 0.43, "Plan Rows": 1, "Plan Width": 0, "Index Cond": "(id = mk.keyword_id)"}]}]}]}]}, {"Node Type": "Sort", "Parent Relationship": "Inner", "Parallel Aware": false, "Async Capable": false, "Startup Cost": 10000002693.63, "Total Cost": 10000002768.62, "Plan Rows": 29997, "Plan Width": 8, "Sort Key": ["ml.movie_id"], "Plans": [{"Node Type": "Seq Scan", "Parent Relationship": "Outer", "Parallel Aware": false, "Async Capable": false, "Relation Name": "movie_link", "Alias": "ml", "Startup Cost": 10000000000.0, "Total Cost": 10000000462.97, "Plan Rows": 29997, "Plan Width": 8}]}]}, {"Node Type": "Bitmap Heap Scan", "Parent Relationship": "Inner", "Parallel Aware": false, "Async Capable": false, "Relation Name": "title", "Alias": "t", "Startup Cost": 0.45, "Total Cost": 4.46, "Plan Rows": 1, "Plan Width": 21, "Recheck Cond": "(id = mk.movie_id)", "Filter": "((production_year >= 1969) AND (production_year <= 2008))", "Plans": [{"Node Type": "Bitmap Index Scan", "Parent Relationship": "Outer", "Parallel Aware": false, "Async Capable": false, "Index Name": "title_pkey", "Startup Cost": 0.0, "Total Cost": 0.45, "Plan Rows": 1, "Plan Width": 0, "Index Cond": "(id = mk.movie_id)"}]}]}, {"Node Type": "Bitmap Heap Scan", "Parent Relationship": "Inner", "Parallel Aware": false, "Async Capable": false, "Relation Name": "link_type", "Alias": "lt", "Startup Cost": 0.15, "Total Cost": 4.16, "Plan Rows": 1, "Plan Width": 16, "Recheck Cond": "(id = ml.link_type_id)", "Plans": [{"Node Type": "Bitmap Index Scan", "Parent Relationship": "Outer", "Parallel Aware": false, "Async Capable": false, "Index Name": "link_type_pkey", "Startup Cost": 0.0, "Total Cost": 0.15, "Plan Rows": 1, "Plan Width": 0, "Index Cond": "(id = ml.link_type_id)"}]}]}]}]}, {"Node Type": "Memoize", "Parent Relationship": "Inner", "Parallel Aware": false, "Async Capable": false, "Startup Cost": 0.15, "Total Cost": 4.16, "Plan Rows": 1, "Plan Width": 4, "Cache Key": "mc.company_type_id", "Cache Mode": "logical", "Plans": [{"Node Type": "Bitmap Heap Scan", "Parent Relationship": "Outer", "Parallel Aware": false, "Async Capable": false, "Relation Name": "company_type", "Alias": "ct", "Startup Cost": 0.14, "Total Cost": 4.15, "Plan Rows": 1, "Plan Width": 4, "Recheck Cond": "(id = mc.company_type_id)", "Filter": "((kind)::text <> 'distributors'::text)", "Plans": [{"Node Type": "Bitmap Index Scan", "Parent Relationship": "Outer", "Parallel Aware": false, "Async Capable": false, "Index Name": "company_type_pkey", "Startup Cost": 0.0, "Total Cost": 0.14, "Plan Rows": 1, "Plan Width": 0, "Index Cond": "(id = mc.company_type_id)"}]}]}]}, {"Node Type": "Bitmap Heap Scan", "Parent Relationship": "Inner", "Parallel Aware": false, "Async Capable": false, "Relation Name": "company_name", "Alias": "cn", "Startup Cost": 0.43, "Total Cost": 4.45, "Plan Rows": 1, "Plan Width": 23, "Recheck Cond": "(id = mc.company_id)", "Filter": "((country_code)::text <> '[jp]'::text)", "Plans": [{"Node Type": "Bitmap Index Scan", "Parent Relationship": "Outer", "Parallel Aware": false, "Async Capable": false, "Index Name": "company_name_pkey", "Startup Cost": 0.0, "Total Cost": 0.43, "Plan Rows": 1, "Plan Width": 0, "Index Cond": "(id = mc.company_id)"}]}]}]}}, {"Plan": {"Node Type": "Aggregate", "Strategy": "Plain", "Partial Mode": "Finalize", "Parallel Aware": false, "Async Capable": false, "Startup Cost": 76227.88, "Total Cost": 76227.89, "Plan Rows": 1, "Plan Width": 96, "Plans": [{"Node Type": "Gather", "Parent Relationship": "Outer", "Parallel Aware": false, "Async Capable": false, "Startup Cost": 76227.54, "Total Cost": 76227.85, "Plan Rows": 3, "Plan Width": 96, "Workers Planned": 3, "Single Copy": false, "Plans": [{"Node Type": "Aggregate", "Strategy": "Plain", "Partial Mode": "Partial", "Parent Relationship": "Outer", "Parallel Aware": false, "Async Capable": false, "Startup Cost": 75227.54, "Total Cost": 75227.55, "Plan Rows": 1, "Plan Width": 96, "Plans": [{"Node Type": "Nested Loop", "Parent Relationship": "Outer", "Parallel Aware": false, "Async Capable": false, "Join Type": "Inner", "Startup Cost": 46447.02, "Total Cost": 75227.53, "Plan Rows": 2, "Plan Width": 48, "Inner Unique": true, "Plans": [{"Node Type": "Hash Join", "Parent Relationship": "Outer", "Parallel Aware": false, "Async Capable": false, "Join Type": "Inner", "Startup Cost": 46446.59, "Total Cost": 75218.64, "Plan Rows": 2, "Plan Width": 33, "Inner Unique": true, "Hash Cond": "(mc.company_type_id = ct.id)", "Plans": [{"Node Type": "Hash Join", "Parent Relationship": "Outer", "Parallel Aware": true, "Async Capable": false, "Join Type": "Inner", "Startup Cost": 46445.5, "Total Cost": 75217.53, "Plan Rows": 3, "Plan Width": 37, "Inner Unique": false, "Hash Cond": "(mc.movie_id = ml.movie_id)", "Plans": [{"Node Type": "Seq Scan", "Parent Relationship": "Outer", "Parallel Aware": true, "Async Capable": false, "Relation Name": "movie_companies", "Alias": "mc", "Startup Cost": 0.0, "Total Cost": 27240.55, "Plan Rows": 408393, "Plan Width": 12, "Filter": "(note IS NULL)"}, {"Node Type": "Hash", "Parent Relationship": "Inner", "Parallel Aware": true, "Async Capable": false, "Startup Cost": 46445.49, "Total Cost": 46445.49, "Plan Rows": 1, "Plan Width": 41, "Plans": [{"Node Type": "Nested Loop", "Parent Relationship": "Outer", "Parallel Aware": false, "Async Capable": false, "Join Type": "Inner", "Startup Cost": 3523.52, "Total Cost": 46445.49, "Plan Rows": 1, "Plan Width": 41, "Inner Unique": true, "Join Filter": "(lt.id = ml.link_type_id)", "Plans": [{"Node Type": "Nested Loop", "Parent Relationship": "Outer", "Parallel Aware": false, "Async Capable": false, "Join Type": "Inner", "Startup Cost": 3523.52, "Total Cost": 46444.08, "Plan Rows": 1, "Plan Width": 33, "Inner Unique": true, "Join Filter": "(t.id = ml.movie_id)", "Plans": [{"Node Type": "Hash Join", "Parent Relationship": "Outer", "Parallel Aware": false, "Async Capable": false, "Join Type": "Inner", "Startup Cost": 3523.07, "Total Cost": 46435.13, "Plan Rows": 2, "Plan Width": 12, "Inner Unique": false, "Hash Cond": "(mk.movie_id = ml.movie_id)", "Plans": [{"Node Type": "Hash Join", "Parent Relationship": "Outer", "Parallel Aware": false, "Async Capable": false, "Join Type": "Inner", "Startup Cost": 2685.14, "Total Cost": 45589.33, "Plan Rows": 11, "Plan Width": 4, "Inner Unique": true, "Hash Cond": "(mk.keyword_id = k.id)", "Plans": [{"Node Type": "Seq Scan", "Parent Relationship": "Outer", "Parallel Aware": true, "Async Capable": false, "Relation Name": "movie_keyword", "Alias": "mk", "Startup Cost": 0.0, "Total Cost": 39073.32, "Plan Rows": 1459332, "Plan Width": 8}, {"Node Type": "Hash", "Parent Relationship": "Inner", "Parallel Aware": false, "Async Capable": false, "Startup Cost": 2685.12, "Total Cost": 2685.12, "Plan Rows": 1, "Plan Width": 4, "Plans": [{"Node Type": "Seq Scan", "Parent Relationship": "Outer", "Parallel Aware": false, "Async Capable": false, "Relation Name": "keyword", "Alias": "k", "Startup Cost": 0.0, "Total Cost": 2685.12, "Plan Rows": 1, "Plan Width": 4, "Filter": "((keyword)::text = 'blood'::text)"}]}]}, {"Node Type": "Hash", "Parent Relationship": "Inner", "Parallel Aware": false, "Async Capable": false, "Startup Cost": 462.97, "Total Cost": 462.97, "Plan Rows": 29997, "Plan Width": 8, "Plans": [{"Node Type": "Seq Scan", "Parent Relationship": "Outer", "Parallel Aware": false, "Async Capable": false, "Relation Name": "movie_link", "Alias": "ml", "Startup Cost": 0.0, "Total Cost": 462.97, "Plan Rows": 29997, "Plan Width": 8}]}]}, {"Node Type": "Bitmap Heap Scan", "Parent Relationship": "Inner", "Parallel Aware": false, "Async Capable": false, "Relation Name": "title", "Alias": "t", "Startup Cost": 0.45, "Total Cost": 4.46, "Plan Rows": 1, "Plan Width": 21, "Recheck Cond": "(id = mk.movie_id)", "Filter": "((production_year >= 1969) AND (production_year <= 2008))", "Plans": [{"Node Type": "Bitmap Index Scan", "Parent Relationship": "Outer", "Parallel Aware": false, "Async Capable": false, "Index Name": "title_pkey", "Startup Cost": 0.0, "Total Cost": 0.45, "Plan Rows": 1, "Plan Width": 0, "Index Cond": "(id = mk.movie_id)"}]}]}, {"Node Type": "Seq Scan", "Parent Relationship": "Inner", "Parallel Aware": false, "Async Capable": false, "Relation Name": "link_type", "Alias": "lt", "Startup Cost": 0.0, "Total Cost": 1.18, "Plan Rows": 18, "Plan Width": 16}]}]}]}, {"Node Type": "Hash", "Parent Relationship": "Inner", "Parallel Aware": false, "Async Capable": false, "Startup Cost": 1.05, "Total Cost": 1.05, "Plan Rows": 3, "Plan Width": 4, "Plans": [{"Node Type": "Seq Scan", "Parent Relationship": "Outer", "Parallel Aware": false, "Async Capable": false, "Relation Name": "company_type", "Alias": "ct", "Startup Cost": 0.0, "Total Cost": 1.05, "Plan Rows": 3, "Plan Width": 4, "Filter": "((kind)::text <> 'distributors'::text)"}]}]}, {"Node Type": "Bitmap Heap Scan", "Parent Relationship": "Inner", "Parallel Aware": false, "Async Capable": false, "Relation Name": "company_name", "Alias": "cn", "Startup Cost": 0.43, "Total Cost": 4.45, "Plan Rows": 1, "Plan Width": 23, "Recheck Cond": "(id = mc.company_id)", "Filter": "((country_code)::text <> '[jp]'::text)", "Plans": [{"Node Type": "Bitmap Index Scan", "Parent Relationship": "Outer", "Parallel Aware": false, "Async Capable": false, "Index Name": "company_name_pkey", "Startup Cost": 0.0, "Total Cost": 0.43, "Plan Rows": 1, "Plan Width": 0, "Index Cond": "(id = mc.company_id)"}]}]}]}]}]}}, {"Plan": {"Node Type": "Aggregate", "Strategy": "Plain", "Partial Mode": "Simple", "Parallel Aware": false, "Async Capable": false, "Startup Cost": 30000379118.88, "Total Cost": 30000379118.89, "Plan Rows": 1, "Plan Width": 96, "Plans": [{"Node Type": "Nested Loop", "Parent Relationship": "Outer", "Parallel Aware": false, "Async Capable": false, "Join Type": "Inner", "Startup Cost": 30000329419.2, "Total Cost": 30000379118.84, "Plan Rows": 5, "Plan Width": 48, "Inner Unique": true, "Plans": [{"Node Type": "Nested Loop", "Parent Relationship": "Outer", "Parallel Aware": false, "Async Capable": false, "Join Type": "Inner", "Startup Cost": 30000329418.77, "Total Cost": 30000379092.17, "Plan Rows": 6, "Plan Width": 33, "Inner Unique": true, "Plans": [{"Node Type": "Hash Join", "Parent Relationship": "Outer", "Parallel Aware": false, "Async Capable": false, "Join Type": "Inner", "Startup Cost": 30000329418.62, "Total Cost": 30000379081.57, "Plan Rows": 8, "Plan Width": 37, "Inner Unique": false, "Hash Cond": "(mc.movie_id = ml.movie_id)", "Plans": [{"Node Type": "Seq Scan", "Parent Relationship": "Outer", "Parallel Aware": false, "Async Capable": false, "Relation Name": "movie_companies", "Alias": "mc", "Startup Cost": 10000000000.0, "Total Cost": 10000044915.29, "Plan Rows": 1266019, "Plan Width": 12, "Filter": "(note IS NULL)"}, {"Node Type": "Hash", "Parent Relationship": "Inner", "Parallel Aware": false, "Async Capable": false, "Startup Cost": 20000329418.57, "Total Cost": 20000329418.57, "Plan Rows": 4, "Plan Width": 41, "Plans": [{"Node Type": "Nested Loop", "Parent Relationship": "Outer", "Parallel Aware": false, "Async Capable": false, "Join Type": "Inner", "Startup Cost": 20000328795.25, "Total Cost": 20000329418.57, "Plan Rows": 4, "Plan Width": 41, "Inner Unique": true, "Plans": [{"Node Type": "Nested Loop", "Parent Relationship": "Outer", "Parallel Aware": false, "Async Capable": false, "Join Type": "Inner", "Startup Cost": 20000328795.1, "Total Cost": 20000329401.52, "Plan Rows": 4, "Plan Width": 33, "Inner Unique": true, "Join Filter": "(t.id = ml.movie_id)", "Plans": [{"Node Type": "Hash Join", "Parent Relationship": "Outer", "Parallel Aware": false, "Async Capable": false, "Join Type": "Inner", "Startup Cost": 20000328794.66, "Total Cost": 20000329370.19, "Plan Rows": 7, "Plan Width": 12, "Inner Unique": false, "Hash Cond": "(ml.movie_id = mk.movie_id)", "Plans": [{"Node Type": "Seq Scan", "Parent Relationship": "Outer", "Parallel Aware": false, "Async Capable": false, "Relation Name": "movie_link", "Alias": "ml", "Startup Cost": 10000000000.0, "Total Cost": 10000000462.97, "Plan Rows": 29997, "Plan Width": 8}, {"Node Type": "Hash", "Parent Relationship": "Inner", "Parallel Aware": false, "Async Capable": false, "Startup Cost": 10000328794.23, "Total Cost": 10000328794.23, "Plan Rows": 34, "Plan Width": 4, "Plans": [{"Node Type": "Nested Loop", "Parent Relationship": "Outer", "Parallel Aware": false, "Async Capable": false, "Join Type": "Inner", "Startup Cost": 10000000000.44, "Total Cost": 10000328794.23, "Plan Rows": 34, "Plan Width": 4, "Inner Unique": true, "Plans": [{"Node Type": "Seq Scan", "Parent Relationship": "Outer", "Parallel Aware": false, "Async Capable": false, "Relation Name": "movie_keyword", "Alias": "mk", "Startup Cost": 10000000000.0, "Total Cost": 10000069719.3, "Plan Rows": 4523930, "Plan Width": 8}, {"Node Type": "Memoize", "Parent Relationship": "Inner", "Parallel Aware": false, "Async Capable": false, "Startup Cost": 0.44, "Total Cost": 4.45, "Plan Rows": 1, "Plan Width": 4, "Cache Key": "mk.keyword_id", "Cache Mode": "logical", "Plans": [{"Node Type": "Bitmap Heap Scan", "Parent Relationship": "Outer", "Parallel Aware": false, "Async Capable": false, "Relation Name": "keyword", "Alias": "k", "Startup Cost": 0.43, "Total Cost": 4.44, "Plan Rows": 1, "Plan Width": 4, "Recheck Cond": "(id = mk.keyword_id)", "Filter": "((keyword)::text = 'blood'::text)", "Plans": [{"Node Type": "Bitmap Index Scan", "Parent Relationship": "Outer", "Parallel Aware": false, "Async Capable": false, "Index Name": "keyword_pkey", "Startup Cost": 0.0, "Total Cost": 0.43, "Plan Rows": 1, "Plan Width": 0, "Index Cond": "(id = mk.keyword_id)"}]}]}]}]}]}, {"Node Type": "Bitmap Heap Scan", "Parent Relationship": "Inner", "Parallel Aware": false, "Async Capable": false, "Relation Name": "title", "Alias": "t", "Startup Cost": 0.45, "Total Cost": 4.46, "Plan Rows": 1, "Plan Width": 21, "Recheck Cond": "(id = mk.movie_id)", "Filter": "((production_year >= 1969) AND (production_year <= 2008))", "Plans": [{"Node Type": "Bitmap Index Scan", "Parent Relationship": "Outer", "Parallel Aware": false, "Async Capable": false, "Index Name": "title_pkey", "Startup Cost": 0.0, "Total Cost": 0.45, "Plan Rows": 1, "Plan Width": 0, "Index Cond": "(id = mk.movie_id)"}]}]}, {"Node Type": "Bitmap Heap Scan", "Parent Relationship": "Inner", "Parallel Aware": false, "Async Capable": false, "Relation Name": "link_type", "Alias": "lt", "Startup Cost": 0.15, "Total Cost": 4.16, "Plan Rows": 1, "Plan Width": 16, "Recheck Cond": "(id = ml.link_type_id)", "Plans": [{"Node Type": "Bitmap Index Scan", "Parent Relationship": "Outer", "Parallel Aware": false, "Async Capable": false, "Index Name": "link_type_pkey", "Startup Cost": 0.0, "Total Cost": 0.15, "Plan Rows": 1, "Plan Width": 0, "Index Cond": "(id = ml.link_type_id)"}]}]}]}]}, {"Node Type": "Memoize", "Parent Relationship": "Inner", "Parallel Aware": false, "Async Capable": false, "Startup Cost": 0.15, "Total Cost": 4.16, "Plan Rows": 1, "Plan Width": 4, "Cache Key": "mc.company_type_id", "Cache Mode": "logical", "Plans": [{"Node Type": "Bitmap Heap Scan", "Parent Relationship": "Outer", "Parallel Aware": false, "Async Capable": false, "Relation Name": "company_type", "Alias": "ct", "Startup Cost": 0.14, "Total Cost": 4.15, "Plan Rows": 1, "Plan Width": 4, "Recheck Cond": "(id = mc.company_type_id)", "Filter": "((kind)::text <> 'distributors'::text)", "Plans": [{"Node Type": "Bitmap Index Scan", "Parent Relationship": "Outer", "Parallel Aware": false, "Async Capable": false, "Index Name": "company_type_pkey", "Startup Cost": 0.0, "Total Cost": 0.14, "Plan Rows": 1, "Plan Width": 0, "Index Cond": "(id = mc.company_type_id)"}]}]}]}, {"Node Type": "Bitmap Heap Scan", "Parent Relationship": "Inner", "Parallel Aware": false, "Async Capable": false, "Relation Name": "company_name", "Alias": "cn", "Startup Cost": 0.43, "Total Cost": 4.45, "Plan Rows": 1, "Plan Width": 23, "Recheck Cond": "(id = mc.company_id)", "Filter": "((country_code)::text <> '[jp]'::text)", "Plans": [{"Node Type": "Bitmap Index Scan", "Parent Relationship": "Outer", "Parallel Aware": false, "Async Capable": false, "Index Name": "company_name_pkey", "Startup Cost": 0.0, "Total Cost": 0.43, "Plan Rows": 1, "Plan Width": 0, "Index Cond": "(id = mc.company_id)"}]}]}]}}, {"Plan": {"Node Type": "Aggregate", "Strategy": "Plain", "Partial Mode": "Simple", "Parallel Aware": false, "Async Capable": false, "Startup Cost": 30000793927.09, "Total Cost": 30000793927.1, "Plan Rows": 1, "Plan Width": 96, "Plans": [{"Node Type": "Merge Join", "Parent Relationship": "Outer", "Parallel Aware": false, "Async Capable": false, "Join Type": "Inner", "Startup Cost": 30000780857.29, "Total Cost": 30000793927.05, "Plan Rows": 5, "Plan Width": 48, "Inner Unique": true, "Merge Cond": "(mc.company_id = cn.id)", "Plans": [{"Node Type": "Sort", "Parent Relationship": "Outer", "Parallel Aware": false, "Async Capable": false, "Startup Cost": 30000780856.87, "Total Cost": 30000780856.89, "Plan Rows": 6, "Plan Width": 33, "Sort Key": ["mc.company_id"], "Plans": [{"Node Type": "Merge Join", "Parent Relationship": "Outer", "Parallel Aware": false, "Async Capable": false, "Join Type": "Inner", "Startup Cost": 30000780845.07, "Total Cost": 30000780856.8, "Plan Rows": 6, "Plan Width": 33, "Inner Unique": true, "Merge Cond": "(ml.link_type_id = lt.id)", "Plans": [{"Node Type": "Sort", "Parent Relationship": "Outer", "Parallel Aware": false, "Async Capable": false, "Startup Cost": 30000780844.94, "Total Cost": 30000780844.95, "Plan Rows": 6, "Plan Width": 25, "Sort Key": ["ml.link_type_id"], "Plans": [{"Node Type": "Merge Join", "Parent Relationship": "Outer", "Parallel Aware": false, "Async Capable": false, "Join Type": "Inner", "Startup Cost": 30000780832.68, "Total Cost": 30000780844.86, "Plan Rows": 6, "Plan Width": 25, "Inner Unique": true, "Merge Cond": "(mc.company_type_id = ct.id)", "Plans": [{"Node Type": "Sort", "Parent Relationship": "Outer", "Parallel Aware": false, "Async Capable": false, "Startup Cost": 30000780832.55, "Total Cost": 30000780832.57, "Plan Rows": 8, "Plan Width": 29, "Sort Key": ["mc.company_type_id"], "Plans": [{"Node Type": "Merge Join", "Parent Relationship": "Outer", "Parallel Aware": false, "Async Capable": false, "Join Type": "Inner", "Startup Cost": 30000773779.82, "Total Cost": 30000780832.43, "Plan Rows": 8, "Plan Width": 29, "Inner Unique": false, "Merge Cond": "(ml.movie_id = mc.movie_id)", "Plans": [{"Node Type": "Merge Join", "Parent Relationship": "Outer", "Parallel Aware": false, "Async Capable": false, "Join Type": "Inner", "Startup Cost": 20000600541.69, "Total Cost": 20000607349.31, "Plan Rows": 4, "Plan Width": 33, "Inner Unique": false, "Merge Cond": "(t.id = ml.movie_id)", "Plans": [{"Node Type": "Merge Join", "Parent Relationship": "Outer", "Parallel Aware": false, "Async Capable": false, "Join Type": "Inner", "Startup Cost": 10000597848.06, "Total Cost": 10000724343.05, "Plan Rows": 19, "Plan Width": 25, "Inner Unique": true, "Merge Cond": "(mk.movie_id = t.id)", "Plans": [{"Node Type": "Sort", "Parent Relationship": "Outer", "Parallel Aware": false, "Async Capable": false, "Startup Cost": 10000597845.17, "Total Cost": 10000597845.26, "Plan Rows": 34, "Plan Width": 4, "Sort Key": ["mk.movie_id"], "Plans": [{"Node Type": "Merge Join", "Parent Relationship": "Outer", "Parallel Aware": false, "Async Capable": false, "Join Type": "Inner", "Startup Cost": 10000569821.13, "Total Cost": 10000597844.31, "Plan Rows": 34, "Plan Width": 4, "Inner Unique": false, "Merge Cond": "(k.id = mk.keyword_id)", "Plans": [{"Node Type": "Index Scan", "Parent Relationship": "Outer", "Parallel Aware": false, "Async Capable": false, "Scan Direction": "Forward", "Index Name": "keyword_pkey", "Relation Name": "keyword", "Alias": "k", "Startup Cost": 0.42, "Total Cost": 5403.89, "Plan Rows": 1, "Plan Width": 4, "Filter": "((keyword)::text = 'blood'::text)"}, {"Node Type": "Sort", "Parent Relationship": "Inner", "Parallel Aware": false, "Async Capable": false, "Startup Cost": 10000569820.43, "Total Cost": 10000581130.25, "Plan Rows": 4523930, "Plan Width": 8, "Sort Key": ["mk.keyword_id"], "Plans": [{"Node Type": "Seq Scan", "Parent Relationship": "Outer", "Parallel Aware": false, "Async Capable": false, "Relation Name": "movie_keyword", "Alias": "mk", "Startup Cost": 10000000000.0, "Total Cost": 10000069719.3, "Plan Rows": 4523930, "Plan Width": 8}]}]}]}, {"Node Type": "Index Scan", "Parent Relationship": "Inner", "Parallel Aware": false, "Async Capable": false, "Scan Direction": "Forward", "Index Name": "title_pkey", "Relation Name": "title", "Alias": "t", "Startup Cost": 0.43, "Total Cost": 123010.23, "Plan Rows": 1443884, "Plan Width": 21, "Filter": "((production_year >= 1969) AND (production_year <= 2008))"}]}, {"Node Type": "Sort", "Parent Relationship": "Inner", "Parallel Aware": false, "Async Capable": false, "Startup Cost": 10000002693.63, "Total Cost": 10000002768.62, "Plan Rows": 29997, "Plan Width": 8, "Sort Key": ["ml.movie_id"], "Plans": [{"Node Type": "Seq Scan", "Parent Relationship": "Outer", "Parallel Aware": false, "Async Capable": false, "Relation Name": "movie_link", "Alias": "ml", "Startup Cost": 10000000000.0, "Total Cost": 10000000462.97, "Plan Rows": 29997, "Plan Width": 8}]}]}, {"Node Type": "Sort", "Parent Relationship": "Inner", "Parallel Aware": false, "Async Capable": false, "Startup Cost": 10000173238.14, "Total Cost": 10000176403.19, "Plan Rows": 1266019, "Plan Width": 12, "Sort Key": ["mc.movie_id"], "Plans": [{"Node Type": "Seq Scan", "Parent Relationship": "Outer", "Parallel Aware": false, "Async Capable": false, "Relation Name": "movie_companies", "Alias": "mc", "Startup Cost": 10000000000.0, "Total Cost": 10000044915.29, "Plan Rows": 1266019, "Plan Width": 12, "Filter": "(note IS NULL)"}]}]}]}, {"Node Type": "Index Scan", "Parent Relationship": "Inner", "Parallel Aware": false, "Async Capable": false, "Scan Direction": "Forward", "Index Name": "company_type_pkey", "Relation Name": "company_type", "Alias": "ct", "Startup Cost": 0.13, "Total Cost": 12.2, "Plan Rows": 3, "Plan Width": 4, "Filter": "((kind)::text <> 'distributors'::text)"}]}]}, {"Node Type": "Index Scan", "Parent Relationship": "Inner", "Parallel Aware": false, "Async Capable": false, "Scan Direction": "Forward", "Index Name": "link_type_pkey", "Relation Name": "link_type", "Alias": "lt", "Startup Cost": 0.14, "Total Cost": 12.41, "Plan Rows": 18, "Plan Width": 16}]}]}, {"Node Type": "Index Scan", "Parent Relationship": "Inner", "Parallel Aware": false, "Async Capable": false, "Scan Direction": "Forward", "Index Name": "company_name_pkey", "Relation Name": "company_name", "Alias": "cn", "Startup Cost": 0.42, "Total Cost": 12559.02, "Plan Rows": 204430, "Plan Width": 23, "Filter": "((country_code)::text <> '[jp]'::text)"}]}]}}, {"Plan": {"Node Type": "Aggregate", "Strategy": "Plain", "Partial Mode": "Simple", "Parallel Aware": false, "Async Capable": false, "Startup Cost": 30000255402.32, "Total Cost": 30000255402.33, "Plan Rows": 1, "Plan Width": 96, "Plans": [{"Node Type": "Nested Loop", "Parent Relationship": "Outer", "Parallel Aware": false, "Async Capable": false, "Join Type": "Inner", "Startup Cost": 30000134367.94, "Total Cost": 30000255402.28, "Plan Rows": 5, "Plan Width": 48, "Inner Unique": true, "Plans": [{"Node Type": "Nested Loop", "Parent Relationship": "Outer", "Parallel Aware": false, "Async Capable": false, "Join Type": "Inner", "Startup Cost": 30000134367.81, "Total Cost": 30000255401.5, "Plan Rows": 5, "Plan Width": 40, "Inner Unique": true, "Plans": [{"Node Type": "Nested Loop", "Parent Relationship": "Outer", "Parallel Aware": false, "Async Capable": false, "Join Type": "Inner", "Startup Cost": 30000134367.68, "Total Cost": 30000255400.46, "Plan Rows": 7, "Plan Width": 44, "Inner Unique": true, "Plans": [{"Node Type": "Nested Loop", "Parent Relationship": "Outer", "Parallel Aware": false, "Async Capable": false, "Join Type": "Inner", "Startup Cost": 30000134367.26, "Total Cost": 30000255396.84, "Plan Rows": 8, "Plan Width": 29, "Inner Unique": false, "Join Filter": "(mc.movie_id = ml.movie_id)", "Plans": [{"Node Type": "Seq Scan", "Parent Relationship": "Outer", "Parallel Aware": false, "Async Capable": false, "Relation Name": "movie_companies", "Alias": "mc", "Startup Cost": 10000000000.0, "Total Cost": 10000044915.29, "Plan Rows": 1266019, "Plan Width": 12, "Filter": "(note IS NULL)"}, {"Node Type": "Materialize", "Parent Relationship": "Inner", "Parallel Aware": false, "Async Capable": false, "Startup Cost": 20000134367.26, "Total Cost": 20000134520.42, "Plan Rows": 4, "Plan Width": 33, "Plans": [{"Node Type": "Nested Loop", "Parent Relationship": "Outer", "Parallel Aware": false, "Async Capable": false, "Join Type": "Inner", "Startup Cost": 20000134367.26, "Total Cost": 20000134520.4, "Plan Rows": 4, "Plan Width": 33, "Inner Unique": true, "Join Filter": "(t.id = ml.movie_id)", "Plans": [{"Node Type": "Merge Join", "Parent Relationship": "Outer", "Parallel Aware": false, "Async Capable": false, "Join Type": "Inner", "Startup Cost": 20000134366.83, "Total Cost": 20000134516.87, "Plan Rows": 7, "Plan Width": 12, "Inner Unique": false, "Merge Cond": "(mk.movie_id = ml.movie_id)", "Plans": [{"Node Type": "Sort", "Parent Relationship": "Outer", "Parallel Aware": false, "Async Capable": false, "Startup Cost": 10000131673.18, "Total Cost": 10000131673.27, "Plan Rows": 34, "Plan Width": 4, "Sort Key": ["mk.movie_id"], "Plans": [{"Node Type": "Nested Loop", "Parent Relationship": "Outer", "Parallel Aware": false, "Async Capable": false, "Join Type": "Inner", "Startup Cost": 10000000000.42, "Total Cost": 10000131672.32, "Plan Rows": 34, "Plan Width": 4, "Inner Unique": false, "Join Filter": "(k.id = mk.keyword_id)", "Plans": [{"Node Type": "Index Scan", "Parent Relationship": "Outer", "Parallel Aware": false, "Async Capable": false, "Scan Direction": "Forward", "Index Name": "keyword_pkey", "Relation Name": "keyword", "Alias": "k", "Startup Cost": 0.42, "Total Cost": 5403.89, "Plan Rows": 1, "Plan Width": 4, "Filter": "((keyword)::text = 'blood'::text)"}, {"Node Type": "Seq Scan", "Parent Relationship": "Inner", "Parallel Aware": false, "Async Capable": false, "Relation Name": "movie_keyword", "Alias": "mk", "Startup Cost": 10000000000.0, "Total Cost": 10000069719.3, "Plan Rows": 4523930, "Plan Width": 8}]}]}, {"Node Type": "Sort", "Parent Relationship": "Inner", "Parallel Aware": false, "Async Capable": false, "Startup Cost": 10000002693.63, "Total Cost": 10000002768.62, "Plan Rows": 29997, "Plan Width": 8, "Sort Key": ["ml.movie_id"], "Plans": [{"Node Type": "Seq Scan", "Parent Relationship": "Outer", "Parallel Aware": false, "Async Capable": false, "Relation Name": "movie_link", "Alias": "ml", "Startup Cost": 10000000000.0, "Total Cost": 10000000462.97, "Plan Rows": 29997, "Plan Width": 8}]}]}, {"Node Type": "Index Scan", "Parent Relationship": "Inner", "Parallel Aware": false, "Async Capable": false, "Scan Direction": "Forward", "Index Name": "title_pkey", "Relation Name": "title", "Alias": "t", "Startup Cost": 0.43, "Total Cost": 0.49, "Plan Rows": 1, "Plan Width": 21, "Index Cond": "(id = mk.movie_id)", "Filter": "((production_year >= 1969) AND (production_year <= 2008))"}]}]}]}, {"Node Type": "Index Scan", "Parent Relationship": "Inner", "Parallel Aware": false, "Async Capable": false, "Scan Direction": "Forward", "Index Name": "company_name_pkey", "Relation Name": "company_name", "Alias": "cn", "Startup Cost": 0.42, "Total Cost": 0.45, "Plan Rows": 1, "Plan Width": 23, "Index Cond": "(id = mc.company_id)", "Filter": "((country_code)::text <> '[jp]'::text)"}]}, {"Node Type": "Index Scan", "Parent Relationship": "Inner", "Parallel Aware": false, "Async Capable": false, "Scan Direction": "Forward", "Index Name": "company_type_pkey", "Relation Name": "company_type", "Alias": "ct", "Startup Cost": 0.13, "Total Cost": 0.15, "Plan Rows": 1, "Plan Width": 4, "Index Cond": "(id = mc.company_type_id)", "Filter": "((kind)::text <> 'distributors'::text)"}]}, {"Node Type": "Index Scan", "Parent Relationship": "Inner", "Parallel Aware": false, "Async Capable": false, "Scan Direction": "Forward", "Index Name": "link_type_pkey", "Relation Name": "link_type", "Alias": "lt", "Startup Cost": 0.14, "Total Cost": 0.16, "Plan Rows": 1, "Plan Width": 16, "Index Cond": "(id = ml.link_type_id)"}]}]}}, {"Plan": {"Node Type": "Aggregate", "Strategy": "Plain", "Partial Mode": "Finalize", "Parallel Aware": false, "Async Capable": false, "Startup Cost": 154643.44, "Total Cost": 154643.45, "Plan Rows": 1, "Plan Width": 96, "Plans": [{"Node Type": "Gather", "Parent Relationship": "Outer", "Parallel Aware": false, "Async Capable": false, "Startup Cost": 154643.11, "Total Cost": 154643.42, "Plan Rows": 3, "Plan Width": 96, "Workers Planned": 3, "Single Copy": false, "Plans": [{"Node Type": "Aggregate", "Strategy": "Plain", "Partial Mode": "Partial", "Parent Relationship": "Outer", "Parallel Aware": false, "Async Capable": false, "Startup Cost": 153643.11, "Total Cost": 153643.12, "Plan Rows": 1, "Plan Width": 96, "Plans": [{"Node Type": "Nested Loop", "Parent Relationship": "Outer", "Parallel Aware": false, "Async Capable": false, "Join Type": "Inner", "Startup Cost": 92751.23, "Total Cost": 153643.09, "Plan Rows": 2, "Plan Width": 48, "Inner Unique": true, "Plans": [{"Node Type": "Nested Loop", "Parent Relationship": "Outer", "Parallel Aware": false, "Async Capable": false, "Join Type": "Inner", "Startup Cost": 92750.81, "Total Cost": 153642.19, "Plan Rows": 2, "Plan Width": 33, "Inner Unique": true, "Plans": [{"Node Type": "Nested Loop", "Parent Relationship": "Outer", "Parallel Aware": false, "Async Capable": false, "Join Type": "Inner", "Startup Cost": 92750.67, "Total Cost": 153641.78, "Plan Rows": 3, "Plan Width": 37, "Inner Unique": false, "Join Filter": "(mc.movie_id = ml.movie_id)", "Plans": [{"Node Type": "Nested Loop", "Parent Relationship": "Outer", "Parallel Aware": false, "Async Capable": false, "Join Type": "Inner", "Startup Cost": 92750.67, "Total Cost": 92901.25, "Plan Rows": 1, "Plan Width": 41, "Inner Unique": true, "Plans": [{"Node Type": "Nested Loop", "Parent Relationship": "Outer", "Parallel Aware": false, "Async Capable": false, "Join Type": "Inner", "Startup Cost": 92750.53, "Total Cost": 92901.1, "Plan Rows": 1, "Plan Width": 33, "Inner Unique": true, "Join Filter": "(t.id = ml.movie_id)", "Plans": [{"Node Type": "Merge Join", "Parent Relationship": "Outer", "Parallel Aware": false, "Async Capable": false, "Join Type": "Inner", "Startup Cost": 92750.1, "Total Cost": 92900.09, "Plan Rows": 2, "Plan Width": 12, "Inner Unique": false, "Merge Cond": "(mk.movie_id = ml.movie_id)", "Plans": [{"Node Type": "Sort", "Parent Relationship": "Outer", "Parallel Aware": false, "Async Capable": false, "Startup Cost": 90056.45, "Total Cost": 90056.48, "Plan Rows": 11, "Plan Width": 4, "Sort Key": ["mk.movie_id"], "Plans": [{"Node Type": "Nested Loop", "Parent Relationship": "Outer", "Parallel Aware": false, "Async Capable": false, "Join Type": "Inner", "Startup Cost": 0.43, "Total Cost": 90056.26, "Plan Rows": 11, "Plan Width": 4, "Inner Unique": true, "Plans": [{"Node Type": "Seq Scan", "Parent Relationship": "Outer", "Parallel Aware": true, "Async Capable": false, "Relation Name": "movie_keyword", "Alias": "mk", "Startup Cost": 0.0, "Total Cost": 39073.32, "Plan Rows": 1459332, "Plan Width": 8}, {"Node Type": "Memoize", "Parent Relationship": "Inner", "Parallel Aware": false, "Async Capable": false, "Startup Cost": 0.43, "Total Cost": 0.45, "Plan Rows": 1, "Plan Width": 4, "Cache Key": "mk.keyword_id", "Cache Mode": "logical", "Plans": [{"Node Type": "Index Scan", "Parent Relationship": "Outer", "Parallel Aware": false, "Async Capable": false, "Scan Direction": "Forward", "Index Name": "keyword_pkey", "Relation Name": "keyword", "Alias": "k", "Startup Cost": 0.42, "Total Cost": 0.44, "Plan Rows": 1, "Plan Width": 4, "Index Cond": "(id = mk.keyword_id)", "Filter": "((keyword)::text = 'blood'::text)"}]}]}]}, {"Node Type": "Sort", "Parent Relationship": "Inner", "Parallel Aware": false, "Async Capable": false, "Startup Cost": 2693.63, "Total Cost": 2768.62, "Plan Rows": 29997, "Plan Width": 8, "Sort Key": ["ml.movie_id"], "Plans": [{"Node Type": "Seq Scan", "Parent Relationship": "Outer", "Parallel Aware": false, "Async Capable": false, "Relation Name": "movie_link", "Alias": "ml", "Startup Cost": 0.0, "Total Cost": 462.97, "Plan Rows": 29997, "Plan Width": 8}]}]}, {"Node Type": "Index Scan", "Parent Relationship": "Inner", "Parallel Aware": false, "Async Capable": false, "Scan Direction": "Forward", "Index Name": "title_pkey", "Relation Name": "title", "Alias": "t", "Startup Cost": 0.43, "Total Cost": 0.49, "Plan Rows": 1, "Plan Width": 21, "Index Cond": "(id = mk.movie_id)", "Filter": "((production_year >= 1969) AND (production_year <= 2008))"}]}, {"Node Type": "Index Scan", "Parent Relationship": "Inner", "Parallel Aware": false, "Async Capable": false, "Scan Direction": "Forward", "Index Name": "link_type_pkey", "Relation Name": "link_type", "Alias": "lt", "Startup Cost": 0.14, "Total Cost": 0.16, "Plan Rows": 1, "Plan Width": 16, "Index Cond": "(id = ml.link_type_id)"}]}, {"Node Type": "Seq Scan", "Parent Relationship": "Inner", "Parallel Aware": false, "Async Capable": false, "Relation Name": "movie_companies", "Alias": "mc", "Startup Cost": 0.0, "Total Cost": 44915.29, "Plan Rows": 1266019, "Plan Width": 12, "Filter": "(note IS NULL)"}]}, {"Node Type": "Memoize", "Parent Relationship": "Inner", "Parallel Aware": false, "Async Capable": false, "Startup Cost": 0.14, "Total Cost": 0.16, "Plan Rows": 1, "Plan Width": 4, "Cache Key": "mc.company_type_id", "Cache Mode": "logical", "Plans": [{"Node Type": "Index Scan", "Parent Relationship": "Outer", "Parallel Aware": false, "Async Capable": false, "Scan Direction": "Forward", "Index Name": "company_type_pkey", "Relation Name": "company_type", "Alias": "ct", "Startup Cost": 0.13, "Total Cost": 0.15, "Plan Rows": 1, "Plan Width": 4, "Index Cond": "(id = mc.company_type_id)", "Filter": "((kind)::text <> 'distributors'::text)"}]}]}, {"Node Type": "Index Scan", "Parent Relationship": "Inner", "Parallel Aware": false, "Async Capable": false, "Scan Direction": "Forward", "Index Name": "company_name_pkey", "Relation Name": "company_name", "Alias": "cn", "Startup Cost": 0.42, "Total Cost": 0.45, "Plan Rows": 1, "Plan Width": 23, "Index Cond": "(id = mc.company_id)", "Filter": "((country_code)::text <> '[jp]'::text)"}]}]}]}]}}, {"Plan": {"Node Type": "Aggregate", "Strategy": "Plain", "Partial Mode": "Simple", "Parallel Aware": false, "Async Capable": false, "Startup Cost": 295889.18, "Total Cost": 295889.19, "Plan Rows": 1, "Plan Width": 96, "Plans": [{"Node Type": "Merge Join", "Parent Relationship": "Outer", "Parallel Aware": false, "Async Capable": false, "Join Type": "Inner", "Startup Cost": 282819.39, "Total Cost": 295889.14, "Plan Rows": 5, "Plan Width": 48, "Inner Unique": false, "Merge Cond": "(cn.id = mc.company_id)", "Plans": [{"Node Type": "Index Scan", "Parent Relationship": "Outer", "Parallel Aware": false, "Async Capable": false, "Scan Direction": "Forward", "Index Name": "company_name_pkey", "Relation Name": "company_name", "Alias": "cn", "Startup Cost": 0.42, "Total Cost": 12559.02, "Plan Rows": 204430, "Plan Width": 23, "Filter": "((country_code)::text <> '[jp]'::text)"}, {"Node Type": "Sort", "Parent Relationship": "Inner", "Parallel Aware": false, "Async Capable": false, "Startup Cost": 282818.97, "Total Cost": 282818.98, "Plan Rows": 6, "Plan Width": 33, "Sort Key": ["mc.company_id"], "Plans": [{"Node Type": "Merge Join", "Parent Relationship": "Outer", "Parallel Aware": false, "Async Capable": false, "Join Type": "Inner", "Startup Cost": 282818.71, "Total Cost": 282818.89, "Plan Rows": 6, "Plan Width": 33, "Inner Unique": true, "Merge Cond": "(ml.link_type_id = lt.id)", "Plans": [{"Node Type": "Sort", "Parent Relationship": "Outer", "Parallel Aware": false, "Async Capable": false, "Startup Cost": 282817.16, "Total Cost": 282817.17, "Plan Rows": 6, "Plan Width": 25, "Sort Key": ["ml.link_type_id"], "Plans": [{"Node Type": "Merge Join", "Parent Relationship": "Outer", "Parallel Aware": false, "Async Capable": false, "Join Type": "Inner", "Startup Cost": 282816.96, "Total Cost": 282817.08, "Plan Rows": 6, "Plan Width": 25, "Inner Unique": true, "Merge Cond": "(mc.company_type_id = ct.id)", "Plans": [{"Node Type": "Sort", "Parent Relationship": "Outer", "Parallel Aware": false, "Async Capable": false, "Startup Cost": 282815.89, "Total Cost": 282815.91, "Plan Rows": 8, "Plan Width": 29, "Sort Key": ["mc.company_type_id"], "Plans": [{"Node Type": "Merge Join", "Parent Relationship": "Outer", "Parallel Aware": false, "Async Capable": false, "Join Type": "Inner", "Startup Cost": 268471.42, "Total Cost": 282815.77, "Plan Rows": 8, "Plan Width": 29, "Inner Unique": false, "Merge Cond": "(ml.movie_id = mk.movie_id)", "Plans": [{"Node Type": "Gather Merge", "Parent Relationship": "Outer", "Parallel Aware": false, "Async Capable": false, "Startup Cost": 68997.18, "Total Cost": 83250.83, "Plan Rows": 37020, "Plan Width": 41, "Workers Planned": 3, "Plans": [{"Node Type": "Merge Join", "Parent Relationship": "Outer", "Parallel Aware": false, "Async Capable": false, "Join Type": "Inner", "Startup Cost": 67997.14, "Total Cost": 77900.94, "Plan Rows": 11942, "Plan Width": 41, "Inner Unique": false, "Merge Cond": "(mc.movie_id = ml.movie_id)", "Plans": [{"Node Type": "Sort", "Parent Relationship": "Outer", "Parallel Aware": false, "Async Capable": false, "Startup Cost": 65301.95, "Total Cost": 66322.94, "Plan Rows": 408393, "Plan Width": 12, "Sort Key": ["mc.movie_id"], "Plans": [{"Node Type": "Seq Scan", "Parent Relationship": "Outer", "Parallel Aware": true, "Async Capable": false, "Relation Name": "movie_companies", "Alias": "mc", "Startup Cost": 0.0, "Total Cost": 27240.55, "Plan Rows": 408393, "Plan Width": 12, "Filter": "(note IS NULL)"}]}, {"Node Type": "Materialize", "Parent Relationship": "Inner", "Parallel Aware": false, "Async Capable": false, "Startup Cost": 2694.06, "Total Cost": 12357.74, "Plan Rows": 17131, "Plan Width": 29, "Plans": [{"Node Type": "Merge Join", "Parent Relationship": "Outer", "Parallel Aware": false, "Async Capable": false, "Join Type": "Inner", "Startup Cost": 2694.06, "Total Cost": 12314.92, "Plan Rows": 17131, "Plan Width": 29, "Inner Unique": false, "Merge Cond": "(t.id = ml.movie_id)", "Plans": [{"Node Type": "Index Scan", "Parent Relationship": "Outer", "Parallel Aware": false, "Async Capable": false, "Scan Direction": "Forward", "Index Name": "title_pkey", "Relation Name": "title", "Alias": "t", "Startup Cost": 0.43, "Total Cost": 123010.23, "Plan Rows": 1443884, "Plan Width": 21, "Filter": "((production_year >= 1969) AND (production_year <= 2008))"}, {"Node Type": "Sort", "Parent Relationship": "Inner", "Parallel Aware": false, "Async Capable": false, "Startup Cost": 2693.63, "Total Cost": 2768.62, "Plan Rows": 29997, "Plan Width": 8, "Sort Key": ["ml.movie_id"], "Plans": [{"Node Type": "Seq Scan", "Parent Relationship": "Outer", "Parallel Aware": false, "Async Capable": false, "Relation Name": "movie_link", "Alias": "ml", "Startup Cost": 0.0, "Total Cost": 462.97, "Plan Rows": 29997, "Plan Width": 8}]}]}]}]}]}, {"Node Type": "Sort", "Parent Relationship": "Inner", "Parallel Aware": false, "Async Capable": false, "Startup Cost": 199472.31, "Total Cost": 199472.39, "Plan Rows": 34, "Plan Width": 4, "Sort Key": ["mk.movie_id"], "Plans": [{"Node Type": "Gather", "Parent Relationship": "Outer", "Parallel Aware": false, "Async Capable": false, "Startup Cost": 192171.35, "Total Cost": 199471.44, "Plan Rows": 34, "Plan Width": 4, "Workers Planned": 3, "Single Copy": false, "Plans": [{"Node Type": "Merge Join", "Parent Relationship": "Outer", "Parallel Aware": false, "Async Capable": false, "Join Type": "Inner", "Startup Cost": 191171.35, "Total Cost": 198468.04, "Plan Rows": 11, "Plan Width": 4, "Inner Unique": true, "Merge Cond": "(mk.keyword_id = k.id)", "Plans": [{"Node Type": "Sort", "Parent Relationship": "Outer", "Parallel Aware": false, "Async Capable": false, "Startup Cost": 188486.13, "Total Cost": 192134.46, "Plan Rows": 1459332, "Plan Width": 8, "Sort Key": ["mk.keyword_id"], "Plans": [{"Node Type": "Seq Scan", "Parent Relationship": "Outer", "Parallel Aware": true, "Async Capable": false, "Relation Name": "movie_keyword", "Alias": "mk", "Startup Cost": 0.0, "Total Cost": 39073.32, "Plan Rows": 1459332, "Plan Width": 8}]}, {"Node Type": "Sort", "Parent Relationship": "Inner", "Parallel Aware": false, "Async Capable": false, "Startup Cost": 2685.14, "Total Cost": 2685.14, "Plan Rows": 1, "Plan Width": 4, "Sort Key": ["k.id"], "Plans": [{"Node Type": "Seq Scan", "Parent Relationship": "Outer", "Parallel Aware": false, "Async Capable": false, "Relation Name": "keyword", "Alias": "k", "Startup Cost": 0.0, "Total Cost": 2685.12, "Plan Rows": 1, "Plan Width": 4, "Filter": "((keyword)::text = 'blood'::text)"}]}]}]}]}]}]}, {"Node Type": "Sort", "Parent Relationship": "Inner", "Parallel Aware": false, "Async Capable": false, "Startup Cost": 1.07, "Total Cost": 1.08, "Plan Rows": 3, "Plan Width": 4, "Sort Key": ["ct.id"], "Plans": [{"Node Type": "Seq Scan", "Parent Relationship": "Outer", "Parallel Aware": false, "Async Capable": false, "Relation Name": "company_type", "Alias": "ct", "Startup Cost": 0.0, "Total Cost": 1.05, "Plan Rows": 3, "Plan Width": 4, "Filter": "((kind)::text <> 'distributors'::text)"}]}]}]}, {"Node Type": "Sort", "Parent Relationship": "Inner", "Parallel Aware": false, "Async Capable": false, "Startup Cost": 1.56, "Total Cost": 1.6, "Plan Rows": 18, "Plan Width": 16, "Sort Key": ["lt.id"], "Plans": [{"Node Type": "Seq Scan", "Parent Relationship": "Outer", "Parallel Aware": false, "Async Capable": false, "Relation Name": "link_type", "Alias": "lt", "Startup Cost": 0.0, "Total Cost": 1.18, "Plan Rows": 18, "Plan Width": 16}]}]}]}]}]}}, {"Plan": {"Node Type": "Aggregate", "Strategy": "Plain", "Partial Mode": "Simple", "Parallel Aware": false, "Async Capable": false, "Startup Cost": 30000321336.2, "Total Cost": 30000321336.21, "Plan Rows": 1, "Plan Width": 96, "Plans": [{"Node Type": "Nested Loop", "Parent Relationship": "Outer", "Parallel Aware": false, "Async Capable": false, "Join Type": "Inner", "Startup Cost": 30000000001.55, "Total Cost": 30000321336.17, "Plan Rows": 5, "Plan Width": 48, "Inner Unique": true, "Join Filter": "(t.id = ml.movie_id)", "Plans": [{"Node Type": "Nested Loop", "Parent Relationship": "Outer", "Parallel Aware": false, "Async Capable": false, "Join Type": "Inner", "Startup Cost": 30000000001.12, "Total Cost": 30000321331.62, "Plan Rows": 9, "Plan Width": 43, "Inner Unique": true, "Plans": [{"Node Type": "Nested Loop", "Parent Relationship": "Outer", "Parallel Aware": false, "Async Capable": false, "Join Type": "Inner", "Startup Cost": 30000000000.98, "Total Cost": 30000321330.22, "Plan Rows": 9, "Plan Width": 35, "Inner Unique": true, "Plans": [{"Node Type": "Nested Loop", "Parent Relationship": "Outer", "Parallel Aware": false, "Async Capable": false, "Join Type": "Inner", "Startup Cost": 30000000000.56, "Total Cost": 30000321325.25, "Plan Rows": 11, "Plan Width": 20, "Inner Unique": false, "Join Filter": "(mc.movie_id = ml.movie_id)", "Plans": [{"Node Type": "Nested Loop", "Parent Relationship": "Outer", "Parallel Aware": false, "Async Capable": false, "Join Type": "Inner", "Startup Cost": 10000000000.14, "Total Cost": 10000074192.42, "Plan Rows": 949514, "Plan Width": 8, "Inner Unique": true, "Plans": [{"Node Type": "Seq Scan", "Parent Relationship": "Outer", "Parallel Aware": false, "Async Capable": false, "Relation Name": "movie_companies", "Alias": "mc", "Startup Cost": 10000000000.0, "Total Cost": 10000044915.29, "Plan Rows": 1266019, "Plan Width": 12, "Filter": "(note IS NULL)"}, {"Node Type": "Memoize", "Parent Relationship": "Inner", "Parallel Aware": false, "Async Capable": false, "Startup Cost": 0.14, "Total Cost": 0.16, "Plan Rows": 1, "Plan Width": 4, "Cache Key": "mc.company_type_id", "Cache Mode": "logical", "Plans": [{"Node Type": "Index Scan", "Parent Relationship": "Outer", "Parallel Aware": false, "Async Capable": false, "Scan Direction": "Forward", "Index Name": "company_type_pkey", "Relation Name": "company_type", "Alias": "ct", "Startup Cost": 0.13, "Total Cost": 0.15, "Plan Rows": 1, "Plan Width": 4, "Index Cond": "(id = mc.company_type_id)", "Filter": "((kind)::text <> 'distributors'::text)"}]}]}, {"Node Type": "Materialize", "Parent Relationship": "Inner", "Parallel Aware": false, "Async Capable": false, "Startup Cost": 20000000000.42, "Total Cost": 20000147433.88, "Plan Rows": 7, "Plan Width": 12, "Plans": [{"Node Type": "Nested Loop", "Parent Relationship": "Outer", "Parallel Aware": false, "Async Capable": false, "Join Type": "Inner", "Startup Cost": 20000000000.42, "Total Cost": 20000147433.84, "Plan Rows": 7, "Plan Width": 12, "Inner Unique": false, "Join Filter": "(mk.movie_id = ml.movie_id)", "Plans": [{"Node Type": "Seq Scan", "Parent Relationship": "Outer", "Parallel Aware": false, "Async Capable": false, "Relation Name": "movie_link", "Alias": "ml", "Startup Cost": 10000000000.0, "Total Cost": 10000000462.97, "Plan Rows": 29997, "Plan Width": 8}, {"Node Type": "Materialize", "Parent Relationship": "Inner", "Parallel Aware": false, "Async Capable": false, "Startup Cost": 10000000000.42, "Total Cost": 10000131672.49, "Plan Rows": 34, "Plan Width": 4, "Plans": [{"Node Type": "Nested Loop", "Parent Relationship": "Outer", "Parallel Aware": false, "Async Capable": false, "Join Type": "Inner", "Startup Cost": 10000000000.42, "Total Cost": 10000131672.32, "Plan Rows": 34, "Plan Width": 4, "Inner Unique": false, "Join Filter": "(k.id = mk.keyword_id)", "Plans": [{"Node Type": "Index Scan", "Parent Relationship": "Outer", "Parallel Aware": false, "Async Capable": false, "Scan Direction": "Forward", "Index Name": "keyword_pkey", "Relation Name": "keyword", "Alias": "k", "Startup Cost": 0.42, "Total Cost": 5403.89, "Plan Rows": 1, "Plan Width": 4, "Filter": "((keyword)::text = 'blood'::text)"}, {"Node Type": "Seq Scan", "Parent Relationship": "Inner", "Parallel Aware": false, "Async Capable": false, "Relation Name": "movie_keyword", "Alias": "mk", "Startup Cost": 10000000000.0, "Total Cost": 10000069719.3, "Plan Rows": 4523930, "Plan Width": 8}]}]}]}]}]}, {"Node Type": "Index Scan", "Parent Relationship": "Inner", "Parallel Aware": false, "Async Capable": false, "Scan Direction": "Forward", "Index Name": "company_name_pkey", "Relation Name": "company_name", "Alias": "cn", "Startup Cost": 0.42, "Total Cost": 0.45, "Plan Rows": 1, "Plan Width": 23, "Index Cond": "(id = mc.company_id)", "Filter": "((country_code)::text <> '[jp]'::text)"}]}, {"Node Type": "Index Scan", "Parent Relationship": "Inner", "Parallel Aware": false, "Async Capable": false, "Scan Direction": "Forward", "Index Name": "link_type_pkey", "Relation Name": "link_type", "Alias": "lt", "Startup Cost": 0.14, "Total Cost": 0.16, "Plan Rows": 1, "Plan Width": 16, "Index Cond": "(id = ml.link_type_id)"}]}, {"Node Type": "Index Scan", "Parent Relationship": "Inner", "Parallel Aware": false, "Async Capable": false, "Scan Direction": "Forward", "Index Name": "title_pkey", "Relation Name": "title", "Alias": "t", "Startup Cost": 0.43, "Total Cost": 0.49, "Plan Rows": 1, "Plan Width": 21, "Index Cond": "(id = mk.movie_id)", "Filter": "((production_year >= 1969) AND (production_year <= 2008))"}]}]}}, {"Plan": {"Node Type": "Aggregate", "Strategy": "Plain", "Partial Mode": "Finalize", "Parallel Aware": false, "Async Capable": false, "Startup Cost": 156831.61, "Total Cost": 156831.62, "Plan Rows": 1, "Plan Width": 96, "Plans": [{"Node Type": "Gather", "Parent Relationship": "Outer", "Parallel Aware": false, "Async Capable": false, "Startup Cost": 156831.28, "Total Cost": 156831.59, "Plan Rows": 3, "Plan Width": 96, "Workers Planned": 3, "Single Copy": false, "Plans": [{"Node Type": "Aggregate", "Strategy": "Plain", "Partial Mode": "Partial", "Parent Relationship": "Outer", "Parallel Aware": false, "Async Capable": false, "Startup Cost": 155831.28, "Total Cost": 155831.29, "Plan Rows": 1, "Plan Width": 96, "Plans": [{"Node Type": "Nested Loop", "Parent Relationship": "Outer", "Parallel Aware": false, "Async Capable": false, "Join Type": "Inner", "Startup Cost": 1.56, "Total Cost": 155831.27, "Plan Rows": 2, "Plan Width": 48, "Inner Unique": true, "Plans": [{"Node Type": "Nested Loop", "Parent Relationship": "Outer", "Parallel Aware": false, "Async Capable": false, "Join Type": "Inner", "Startup Cost": 1.14, "Total Cost": 155830.36, "Plan Rows": 2, "Plan Width": 33, "Inner Unique": true, "Plans": [{"Node Type": "Nested Loop", "Parent Relationship": "Outer", "Parallel Aware": false, "Async Capable": false, "Join Type": "Inner", "Startup Cost": 1.0, "Total Cost": 155829.96, "Plan Rows": 3, "Plan Width": 37, "Inner Unique": false, "Join Filter": "(mc.movie_id = ml.movie_id)", "Plans": [{"Node Type": "Nested Loop", "Parent Relationship": "Outer", "Parallel Aware": false, "Async Capable": false, "Join Type": "Inner", "Startup Cost": 1.0, "Total Cost": 95089.43, "Plan Rows": 1, "Plan Width": 41, "Inner Unique": true, "Plans": [{"Node Type": "Nested Loop", "Parent Relationship": "Outer", "Parallel Aware": false, "Async Capable": false, "Join Type": "Inner", "Startup Cost": 0.86, "Total Cost": 95089.27, "Plan Rows": 1, "Plan Width": 33, "Inner Unique": false, "Join Filter": "(t.id = ml.movie_id)", "Plans": [{"Node Type": "Nested Loop", "Parent Relationship": "Outer", "Parallel Aware": false, "Async Capable": false, "Join Type": "Inner", "Startup Cost": 0.86, "Total Cost": 90061.68, "Plan Rows": 6, "Plan Width": 25, "Inner Unique": true, "Plans": [{"Node Type": "Nested Loop", "Parent Relationship": "Outer", "Parallel Aware": false, "Async Capable": false, "Join Type": "Inner", "Startup Cost": 0.43, "Total Cost": 90056.26, "Plan Rows": 11, "Plan Width": 4, "Inner Unique": true, "Plans": [{"Node Type": "Seq Scan", "Parent Relationship": "Outer", "Parallel Aware": true, "Async Capable": false, "Relation Name": "movie_keyword", "Alias": "mk", "Startup Cost": 0.0, "Total Cost": 39073.32, "Plan Rows": 1459332, "Plan Width": 8}, {"Node Type": "Memoize", "Parent Relationship": "Inner", "Parallel Aware": false, "Async Capable": false, "Startup Cost": 0.43, "Total Cost": 0.45, "Plan Rows": 1, "Plan Width": 4, "Cache Key": "mk.keyword_id", "Cache Mode": "logical", "Plans": [{"Node Type": "Index Scan", "Parent Relationship": "Outer", "Parallel Aware": false, "Async Capable": false, "Scan Direction": "Forward", "Index Name": "keyword_pkey", "Relation Name": "keyword", "Alias": "k", "Startup Cost": 0.42, "Total Cost": 0.44, "Plan Rows": 1, "Plan Width": 4, "Index Cond": "(id = mk.keyword_id)", "Filter": "((keyword)::text = 'blood'::text)"}]}]}, {"Node Type": "Index Scan", "Parent Relationship": "Inner", "Parallel Aware": false, "Async Capable": false, "Scan Direction": "Forward", "Index Name": "title_pkey", "Relation Name": "title", "Alias": "t", "Startup Cost": 0.43, "Total Cost": 0.49, "Plan Rows": 1, "Plan Width": 21, "Index Cond": "(id = mk.movie_id)", "Filter": "((production_year >= 1969) AND (production_year <= 2008))"}]}, {"Node Type": "Seq Scan", "Parent Relationship": "Inner", "Parallel Aware": false, "Async Capable": false, "Relation Name": "movie_link", "Alias": "ml", "Startup Cost": 0.0, "Total Cost": 462.97, "Plan Rows": 29997, "Plan Width": 8}]}, {"Node Type": "Index Scan", "Parent Relationship": "Inner", "Parallel Aware": false, "Async Capable": false, "Scan Direction": "Forward", "Index Name": "link_type_pkey", "Relation Name": "link_type", "Alias": "lt", "Startup Cost": 0.14, "Total Cost": 0.16, "Plan Rows": 1, "Plan Width": 16, "Index Cond": "(id = ml.link_type_id)"}]}, {"Node Type": "Seq Scan", "Parent Relationship": "Inner", "Parallel Aware": false, "Async Capable": false, "Relation Name": "movie_companies", "Alias": "mc", "Startup Cost": 0.0, "Total Cost": 44915.29, "Plan Rows": 1266019, "Plan Width": 12, "Filter": "(note IS NULL)"}]}, {"Node Type": "Memoize", "Parent Relationship": "Inner", "Parallel Aware": false, "Async Capable": false, "Startup Cost": 0.14, "Total Cost": 0.16, "Plan Rows": 1, "Plan Width": 4, "Cache Key": "mc.company_type_id", "Cache Mode": "logical", "Plans": [{"Node Type": "Index Scan", "Parent Relationship": "Outer", "Parallel Aware": false, "Async Capable": false, "Scan Direction": "Forward", "Index Name": "company_type_pkey", "Relation Name": "company_type", "Alias": "ct", "Startup Cost": 0.13, "Total Cost": 0.15, "Plan Rows": 1, "Plan Width": 4, "Index Cond": "(id = mc.company_type_id)", "Filter": "((kind)::text <> 'distributors'::text)"}]}]}, {"Node Type": "Index Scan", "Parent Relationship": "Inner", "Parallel Aware": false, "Async Capable": false, "Scan Direction": "Forward", "Index Name": "company_name_pkey", "Relation Name": "company_name", "Alias": "cn", "Startup Cost": 0.42, "Total Cost": 0.45, "Plan Rows": 1, "Plan Width": 23, "Index Cond": "(id = mc.company_id)", "Filter": "((country_code)::text <> '[jp]'::text)"}]}]}]}]}}, {"Plan": {"Node Type": "Aggregate", "Strategy": "Plain", "Partial Mode": "Simple", "Parallel Aware": false, "Async Capable": false, "Startup Cost": 80000500270.67, "Total Cost": 80000500270.68, "Plan Rows": 1, "Plan Width": 96, "Plans": [{"Node Type": "Merge Join", "Parent Relationship": "Outer", "Parallel Aware": false, "Async Capable": false, "Join Type": "Inner", "Startup Cost": 80000500258.93, "Total Cost": 80000500270.63, "Plan Rows": 5, "Plan Width": 48, "Inner Unique": true, "Merge Cond": "(ml.link_type_id = lt.id)", "Plans": [{"Node Type": "Sort", "Parent Relationship": "Outer", "Parallel Aware": false, "Async Capable": false, "Startup Cost": 70000500258.79, "Total Cost": 70000500258.8, "Plan Rows": 5, "Plan Width": 40, "Sort Key": ["ml.link_type_id"], "Plans": [{"Node Type": "Nested Loop", "Parent Relationship": "Outer", "Parallel Aware": false, "Async Capable": false, "Join Type": "Inner", "Startup Cost": 70000499964.83, "Total Cost": 70000500258.73, "Plan Rows": 5, "Plan Width": 40, "Inner Unique": true, "Join Filter": "(t.id = ml.movie_id)", "Plans": [{"Node Type": "Merge Join", "Parent Relationship": "Outer", "Parallel Aware": false, "Async Capable": false, "Join Type": "Inner", "Startup Cost": 60000499964.39, "Total Cost": 60000500218.45, "Plan Rows": 9, "Plan Width": 35, "Inner Unique": false, "Merge Cond": "(mk.movie_id = ml.movie_id)", "Plans": [{"Node Type": "Nested Loop", "Parent Relationship": "Outer", "Parallel Aware": false, "Async Capable": false, "Join Type": "Inner", "Startup Cost": 50000497270.74, "Total Cost": 50000502263.13, "Plan Rows": 48, "Plan Width": 27, "Inner Unique": true, "Plans": [{"Node Type": "Merge Join", "Parent Relationship": "Outer", "Parallel Aware": false, "Async Capable": false, "Join Type": "Inner", "Startup Cost": 40000497270.31, "Total Cost": 40000502018.62, "Plan Rows": 55, "Plan Width": 12, "Inner Unique": false, "Merge Cond": "(mc.movie_id = mk.movie_id)", "Plans": [{"Node Type": "Sort", "Parent Relationship": "Outer", "Parallel Aware": false, "Async Capable": false, "Startup Cost": 20000168475.12, "Total Cost": 20000170848.9, "Plan Rows": 949514, "Plan Width": 8, "Sort Key": ["mc.movie_id"], "Plans": [{"Node Type": "Nested Loop", "Parent Relationship": "Outer", "Parallel Aware": false, "Async Capable": false, "Join Type": "Inner", "Startup Cost": 20000000000.15, "Total Cost": 20000074203.43, "Plan Rows": 949514, "Plan Width": 8, "Inner Unique": true, "Plans": [{"Node Type": "Seq Scan", "Parent Relationship": "Outer", "Parallel Aware": false, "Async Capable": false, "Relation Name": "movie_companies", "Alias": "mc", "Startup Cost": 10000000000.0, "Total Cost": 10000044915.29, "Plan Rows": 1266019, "Plan Width": 12, "Filter": "(note IS NULL)"}, {"Node Type": "Memoize", "Parent Relationship": "Inner", "Parallel Aware": false, "Async Capable": false, "Startup Cost": 0.15, "Total Cost": 4.16, "Plan Rows": 1, "Plan Width": 4, "Cache Key": "mc.company_type_id", "Cache Mode": "logical", "Plans": [{"Node Type": "Bitmap Heap Scan", "Parent Relationship": "Outer", "Parallel Aware": false, "Async Capable": false, "Relation Name": "company_type", "Alias": "ct", "Startup Cost": 0.14, "Total Cost": 4.15, "Plan Rows": 1, "Plan Width": 4, "Recheck Cond": "(id = mc.company_type_id)", "Filter": "((kind)::text <> 'distributors'::text)", "Plans": [{"Node Type": "Bitmap Index Scan", "Parent Relationship": "Outer", "Parallel Aware": false, "Async Capable": false, "Index Name": "company_type_pkey", "Startup Cost": 0.0, "Total Cost": 0.14, "Plan Rows": 1, "Plan Width": 0, "Index Cond": "(id = mc.company_type_id)"}]}]}]}]}, {"Node Type": "Sort", "Parent Relationship": "Inner", "Parallel Aware": false, "Async Capable": false, "Startup Cost": 20000328795.1, "Total Cost": 20000328795.18, "Plan Rows": 34, "Plan Width": 4, "Sort Key": ["mk.movie_id"], "Plans": [{"Node Type": "Nested Loop", "Parent Relationship": "Outer", "Parallel Aware": false, "Async Capable": false, "Join Type": "Inner", "Startup Cost": 20000000000.44, "Total Cost": 20000328794.23, "Plan Rows": 34, "Plan Width": 4, "Inner Unique": true, "Plans": [{"Node Type": "Seq Scan", "Parent Relationship": "Outer", "Parallel Aware": false, "Async Capable": false, "Relation Name": "movie_keyword", "Alias": "mk", "Startup Cost": 10000000000.0, "Total Cost": 10000069719.3, "Plan Rows": 4523930, "Plan Width": 8}, {"Node Type": "Memoize", "Parent Relationship": "Inner", "Parallel Aware": false, "Async Capable": false, "Startup Cost": 0.44, "Total Cost": 4.45, "Plan Rows": 1, "Plan Width": 4, "Cache Key": "mk.keyword_id", "Cache Mode": "logical", "Plans": [{"Node Type": "Bitmap Heap Scan", "Parent Relationship": "Outer", "Parallel Aware": false, "Async Capable": false, "Relation Name": "keyword", "Alias": "k", "Startup Cost": 0.43, "Total Cost": 4.44, "Plan Rows": 1, "Plan Width": 4, "Recheck Cond": "(id = mk.keyword_id)", "Filter": "((keyword)::text = 'blood'::text)", "Plans": [{"Node Type": "Bitmap Index Scan", "Parent Relationship": "Outer", "Parallel Aware": false, "Async Capable": false, "Index Name": "keyword_pkey", "Startup Cost": 0.0, "Total Cost": 0.43, "Plan Rows": 1, "Plan Width": 0, "Index Cond": "(id = mk.keyword_id)"}]}]}]}]}]}, {"Node Type": "Bitmap Heap Scan", "Parent Relationship": "Inner", "Parallel Aware": false, "Async Capable": false, "Relation Name": "company_name", "Alias": "cn", "Startup Cost": 0.43, "Total Cost": 4.45, "Plan Rows": 1, "Plan Width": 23, "Recheck Cond": "(id = mc.company_id)", "Filter": "((country_code)::text <> '[jp]'::text)", "Plans": [{"Node Type": "Bitmap Index Scan", "Parent Relationship": "Outer", "Parallel Aware": false, "Async Capable": false, "Index Name": "company_name_pkey", "Startup Cost": 0.0, "Total Cost": 0.43, "Plan Rows": 1, "Plan Width": 0, "Index Cond": "(id = mc.company_id)"}]}]}, {"Node Type": "Sort", "Parent Relationship": "Inner", "Parallel Aware": false, "Async Capable": false, "Startup Cost": 10000002693.63, "Total Cost": 10000002768.62, "Plan Rows": 29997, "Plan Width": 8, "Sort Key": ["ml.movie_id"], "Plans": [{"Node Type": "Seq Scan", "Parent Relationship": "Outer", "Parallel Aware": false, "Async Capable": false, "Relation Name": "movie_link", "Alias": "ml", "Startup Cost": 10000000000.0, "Total Cost": 10000000462.97, "Plan Rows": 29997, "Plan Width": 8}]}]}, {"Node Type": "Bitmap Heap Scan", "Parent Relationship": "Inner", "Parallel Aware": false, "Async Capable": false, "Relation Name": "title", "Alias": "t", "Startup Cost": 0.45, "Total Cost": 4.46, "Plan Rows": 1, "Plan Width": 21, "Recheck Cond": "(id = mk.movie_id)", "Filter": "((production_year >= 1969) AND (production_year <= 2008))", "Plans": [{"Node Type": "Bitmap Index Scan", "Parent Relationship": "Outer", "Parallel Aware": false, "Async Capable": false, "Index Name": "title_pkey", "Startup Cost": 0.0, "Total Cost": 0.45, "Plan Rows": 1, "Plan Width": 0, "Index Cond": "(id = mk.movie_id)"}]}]}]}, {"Node Type": "Index Scan", "Parent Relationship": "Inner", "Parallel Aware": false, "Async Capable": false, "Scan Direction": "Forward", "Index Name": "link_type_pkey", "Relation Name": "link_type", "Alias": "lt", "Startup Cost": 10000000000.14, "Total Cost": 10000000012.41, "Plan Rows": 18, "Plan Width": 16}]}]}}, {"Plan": {"Node Type": "Aggregate", "Strategy": "Plain", "Partial Mode": "Simple", "Parallel Aware": false, "Async Capable": false, "Startup Cost": 30000452600.92, "Total Cost": 30000452600.93, "Plan Rows": 1, "Plan Width": 96, "Plans": [{"Node Type": "Nested Loop", "Parent Relationship": "Outer", "Parallel Aware": false, "Async Capable": false, "Join Type": "Inner", "Startup Cost": 30000331489.91, "Total Cost": 30000452600.88, "Plan Rows": 5, "Plan Width": 48, "Inner Unique": true, "Plans": [{"Node Type": "Nested Loop", "Parent Relationship": "Outer", "Parallel Aware": false, "Async Capable": false, "Join Type": "Inner", "Startup Cost": 30000331489.48, "Total Cost": 30000452574.21, "Plan Rows": 6, "Plan Width": 33, "Inner Unique": true, "Plans": [{"Node Type": "Nested Loop", "Parent Relationship": "Outer", "Parallel Aware": false, "Async Capable": false, "Join Type": "Inner", "Startup Cost": 30000331489.34, "Total Cost": 30000452563.61, "Plan Rows": 8, "Plan Width": 37, "Inner Unique": false, "Join Filter": "(mc.movie_id = ml.movie_id)", "Plans": [{"Node Type": "Seq Scan", "Parent Relationship": "Outer", "Parallel Aware": false, "Async Capable": false, "Relation Name": "movie_companies", "Alias": "mc", "Startup Cost": 10000000000.0, "Total Cost": 10000044915.29, "Plan Rows": 1266019, "Plan Width": 12, "Filter": "(note IS NULL)"}, {"Node Type": "Materialize", "Parent Relationship": "Inner", "Parallel Aware": false, "Async Capable": false, "Startup Cost": 20000331489.34, "Total Cost": 20000331687.19, "Plan Rows": 4, "Plan Width": 41, "Plans": [{"Node Type": "Nested Loop", "Parent Relationship": "Outer", "Parallel Aware": false, "Async Capable": false, "Join Type": "Inner", "Startup Cost": 20000331489.34, "Total Cost": 20000331687.17, "Plan Rows": 4, "Plan Width": 41, "Inner Unique": true, "Plans": [{"Node Type": "Nested Loop", "Parent Relationship": "Outer", "Parallel Aware": false, "Async Capable": false, "Join Type": "Inner", "Startup Cost": 20000331489.19, "Total Cost": 20000331670.11, "Plan Rows": 4, "Plan Width": 33, "Inner Unique": true, "Join Filter": "(t.id = ml.movie_id)", "Plans": [{"Node Type": "Merge Join", "Parent Relationship": "Outer", "Parallel Aware": false, "Async Capable": false, "Join Type": "Inner", "Startup Cost": 20000331488.74, "Total Cost": 20000331638.78, "Plan Rows": 7, "Plan Width": 12, "Inner Unique": false, "Merge Cond": "(mk.movie_id = ml.movie_id)", "Plans": [{"Node Type": "Sort", "Parent Relationship": "Outer", "Parallel Aware": false, "Async Capable": false, "Startup Cost": 10000328795.1, "Total Cost": 10000328795.18, "Plan Rows": 34, "Plan Width": 4, "Sort Key": ["mk.movie_id"], "Plans": [{"Node Type": "Nested Loop", "Parent Relationship": "Outer", "Parallel Aware": false, "Async Capable": false, "Join Type": "Inner", "Startup Cost": 10000000000.44, "Total Cost": 10000328794.23, "Plan Rows": 34, "Plan Width": 4, "Inner Unique": true, "Plans": [{"Node Type": "Seq Scan", "Parent Relationship": "Outer", "Parallel Aware": false, "Async Capable": false, "Relation Name": "movie_keyword", "Alias": "mk", "Startup Cost": 10000000000.0, "Total Cost": 10000069719.3, "Plan Rows": 4523930, "Plan Width": 8}, {"Node Type": "Memoize", "Parent Relationship": "Inner", "Parallel Aware": false, "Async Capable": false, "Startup Cost": 0.44, "Total Cost": 4.45, "Plan Rows": 1, "Plan Width": 4, "Cache Key": "mk.keyword_id", "Cache Mode": "logical", "Plans": [{"Node Type": "Bitmap Heap Scan", "Parent Relationship": "Outer", "Parallel Aware": false, "Async Capable": false, "Relation Name": "keyword", "Alias": "k", "Startup Cost": 0.43, "Total Cost": 4.44, "Plan Rows": 1, "Plan Width": 4, "Recheck Cond": "(id = mk.keyword_id)", "Filter": "((keyword)::text = 'blood'::text)", "Plans": [{"Node Type": "Bitmap Index Scan", "Parent Relationship": "Outer", "Parallel Aware": false, "Async Capable": false, "Index Name": "keyword_pkey", "Startup Cost": 0.0, "Total Cost": 0.43, "Plan Rows": 1, "Plan Width": 0, "Index Cond": "(id = mk.keyword_id)"}]}]}]}]}, {"Node Type": "Sort", "Parent Relationship": "Inner", "Parallel Aware": false, "Async Capable": false, "Startup Cost": 10000002693.63, "Total Cost": 10000002768.62, "Plan Rows": 29997, "Plan Width": 8, "Sort Key": ["ml.movie_id"], "Plans": [{"Node Type": "Seq Scan", "Parent Relationship": "Outer", "Parallel Aware": false, "Async Capable": false, "Relation Name": "movie_link", "Alias": "ml", "Startup Cost": 10000000000.0, "Total Cost": 10000000462.97, "Plan Rows": 29997, "Plan Width": 8}]}]}, {"Node Type": "Bitmap Heap Scan", "Parent Relationship": "Inner", "Parallel Aware": false, "Async Capable": false, "Relation Name": "title", "Alias": "t", "Startup Cost": 0.45, "Total Cost": 4.46, "Plan Rows": 1, "Plan Width": 21, "Recheck Cond": "(id = mk.movie_id)", "Filter": "((production_year >= 1969) AND (production_year <= 2008))", "Plans": [{"Node Type": "Bitmap Index Scan", "Parent Relationship": "Outer", "Parallel Aware": false, "Async Capable": false, "Index Name": "title_pkey", "Startup Cost": 0.0, "Total Cost": 0.45, "Plan Rows": 1, "Plan Width": 0, "Index Cond": "(id = mk.movie_id)"}]}]}, {"Node Type": "Bitmap Heap Scan", "Parent Relationship": "Inner", "Parallel Aware": false, "Async Capable": false, "Relation Name": "link_type", "Alias": "lt", "Startup Cost": 0.15, "Total Cost": 4.16, "Plan Rows": 1, "Plan Width": 16, "Recheck Cond": "(id = ml.link_type_id)", "Plans": [{"Node Type": "Bitmap Index Scan", "Parent Relationship": "Outer", "Parallel Aware": false, "Async Capable": false, "Index Name": "link_type_pkey", "Startup Cost": 0.0, "Total Cost": 0.15, "Plan Rows": 1, "Plan Width": 0, "Index Cond": "(id = ml.link_type_id)"}]}]}]}]}, {"Node Type": "Memoize", "Parent Relationship": "Inner", "Parallel Aware": false, "Async Capable": false, "Startup Cost": 0.15, "Total Cost": 4.16, "Plan Rows": 1, "Plan Width": 4, "Cache Key": "mc.company_type_id", "Cache Mode": "logical", "Plans": [{"Node Type": "Bitmap Heap Scan", "Parent Relationship": "Outer", "Parallel Aware": false, "Async Capable": false, "Relation Name": "company_type", "Alias": "ct", "Startup Cost": 0.14, "Total Cost": 4.15, "Plan Rows": 1, "Plan Width": 4, "Recheck Cond": "(id = mc.company_type_id)", "Filter": "((kind)::text <> 'distributors'::text)", "Plans": [{"Node Type": "Bitmap Index Scan", "Parent Relationship": "Outer", "Parallel Aware": false, "Async Capable": false, "Index Name": "company_type_pkey", "Startup Cost": 0.0, "Total Cost": 0.14, "Plan Rows": 1, "Plan Width": 0, "Index Cond": "(id = mc.company_type_id)"}]}]}]}, {"Node Type": "Bitmap Heap Scan", "Parent Relationship": "Inner", "Parallel Aware": false, "Async Capable": false, "Relation Name": "company_name", "Alias": "cn", "Startup Cost": 0.43, "Total Cost": 4.45, "Plan Rows": 1, "Plan Width": 23, "Recheck Cond": "(id = mc.company_id)", "Filter": "((country_code)::text <> '[jp]'::text)", "Plans": [{"Node Type": "Bitmap Index Scan", "Parent Relationship": "Outer", "Parallel Aware": false, "Async Capable": false, "Index Name": "company_name_pkey", "Startup Cost": 0.0, "Total Cost": 0.43, "Plan Rows": 1, "Plan Width": 0, "Index Cond": "(id = mc.company_id)"}]}]}]}}, {"Plan": {"Node Type": "Aggregate", "Strategy": "Plain", "Partial Mode": "Simple", "Parallel Aware": false, "Async Capable": false, "Startup Cost": 197480.95, "Total Cost": 197480.96, "Plan Rows": 1, "Plan Width": 96, "Plans": [{"Node Type": "Merge Join", "Parent Relationship": "Outer", "Parallel Aware": false, "Async Capable": false, "Join Type": "Inner", "Startup Cost": 197480.75, "Total Cost": 197480.91, "Plan Rows": 5, "Plan Width": 48, "Inner Unique": true, "Merge Cond": "(ml.link_type_id = lt.id)", "Plans": [{"Node Type": "Sort", "Parent Relationship": "Outer", "Parallel Aware": false, "Async Capable": false, "Startup Cost": 197479.19, "Total Cost": 197479.21, "Plan Rows": 5, "Plan Width": 40, "Sort Key": ["ml.link_type_id"], "Plans": [{"Node Type": "Nested Loop", "Parent Relationship": "Outer", "Parallel Aware": false, "Async Capable": false, "Join Type": "Inner", "Startup Cost": 197255.55, "Total Cost": 197479.14, "Plan Rows": 5, "Plan Width": 40, "Inner Unique": true, "Join Filter": "(t.id = ml.movie_id)", "Plans": [{"Node Type": "Merge Join", "Parent Relationship": "Outer", "Parallel Aware": false, "Async Capable": false, "Join Type": "Inner", "Startup Cost": 197255.11, "Total Cost": 197438.85, "Plan Rows": 9, "Plan Width": 35, "Inner Unique": false, "Merge Cond": "(mk.movie_id = ml.movie_id)", "Plans": [{"Node Type": "Gather Merge", "Parent Relationship": "Outer", "Parallel Aware": false, "Async Capable": false, "Startup Cost": 194561.46, "Total Cost": 196178.49, "Plan Rows": 48, "Plan Width": 27, "Workers Planned": 3, "Plans": [{"Node Type": "Nested Loop", "Parent Relationship": "Outer", "Parallel Aware": false, "Async Capable": false, "Join Type": "Inner", "Startup Cost": 193561.42, "Total Cost": 195172.81, "Plan Rows": 15, "Plan Width": 27, "Inner Unique": true, "Plans": [{"Node Type": "Merge Join", "Parent Relationship": "Outer", "Parallel Aware": false, "Async Capable": false, "Join Type": "Inner", "Startup Cost": 193560.99, "Total Cost": 195092.79, "Plan Rows": 18, "Plan Width": 12, "Inner Unique": false, "Merge Cond": "(mc.movie_id = mk.movie_id)", "Plans": [{"Node Type": "Sort", "Parent Relationship": "Outer", "Parallel Aware": false, "Async Capable": false, "Startup Cost": 64606.55, "Total Cost": 65372.28, "Plan Rows": 306295, "Plan Width": 8, "Sort Key": ["mc.movie_id"], "Plans": [{"Node Type": "Nested Loop", "Parent Relationship": "Outer", "Parallel Aware": false, "Async Capable": false, "Join Type": "Inner", "Startup Cost": 0.15, "Total Cost": 36696.08, "Plan Rows": 306295, "Plan Width": 8, "Inner Unique": true, "Plans": [{"Node Type": "Seq Scan", "Parent Relationship": "Outer", "Parallel Aware": true, "Async Capable": false, "Relation Name": "movie_companies", "Alias": "mc", "Startup Cost": 0.0, "Total Cost": 27240.55, "Plan Rows": 408393, "Plan Width": 12, "Filter": "(note IS NULL)"}, {"Node Type": "Memoize", "Parent Relationship": "Inner", "Parallel Aware": false, "Async Capable": false, "Startup Cost": 0.15, "Total Cost": 4.16, "Plan Rows": 1, "Plan Width": 4, "Cache Key": "mc.company_type_id", "Cache Mode": "logical", "Plans": [{"Node Type": "Bitmap Heap Scan", "Parent Relationship": "Outer", "Parallel Aware": false, "Async Capable": false, "Relation Name": "company_type", "Alias": "ct", "Startup Cost": 0.14, "Total Cost": 4.15, "Plan Rows": 1, "Plan Width": 4, "Recheck Cond": "(id = mc.company_type_id)", "Filter": "((kind)::text <> 'distributors'::text)", "Plans": [{"Node Type": "Bitmap Index Scan", "Parent Relationship": "Outer", "Parallel Aware": false, "Async Capable": false, "Index Name": "company_type_pkey", "Startup Cost": 0.0, "Total Cost": 0.14, "Plan Rows": 1, "Plan Width": 0, "Index Cond": "(id = mc.company_type_id)"}]}]}]}]}, {"Node Type": "Sort", "Parent Relationship": "Inner", "Parallel Aware": false, "Async Capable": false, "Startup Cost": 128954.41, "Total Cost": 128954.5, "Plan Rows": 34, "Plan Width": 4, "Sort Key": ["mk.movie_id"], "Plans": [{"Node Type": "Nested Loop", "Parent Relationship": "Outer", "Parallel Aware": false, "Async Capable": false, "Join Type": "Inner", "Startup Cost": 0.0, "Total Cost": 128953.55, "Plan Rows": 34, "Plan Width": 4, "Inner Unique": false, "Join Filter": "(k.id = mk.keyword_id)", "Plans": [{"Node Type": "Seq Scan", "Parent Relationship": "Outer", "Parallel Aware": false, "Async Capable": false, "Relation Name": "keyword", "Alias": "k", "Startup Cost": 0.0, "Total Cost": 2685.12, "Plan Rows": 1, "Plan Width": 4, "Filter": "((keyword)::text = 'blood'::text)"}, {"Node Type": "Seq Scan", "Parent Relationship": "Inner", "Parallel Aware": false, "Async Capable": false, "Relation Name": "movie_keyword", "Alias": "mk", "Startup Cost": 0.0, "Total Cost": 69719.3, "Plan Rows": 4523930, "Plan Width": 8}]}]}]}, {"Node Type": "Bitmap Heap Scan", "Parent Relationship": "Inner", "Parallel Aware": false, "Async Capable": false, "Relation Name": "company_name", "Alias": "cn", "Startup Cost": 0.43, "Total Cost": 4.45, "Plan Rows": 1, "Plan Width": 23, "Recheck Cond": "(id = mc.company_id)", "Filter": "((country_code)::text <> '[jp]'::text)", "Plans": [{"Node Type": "Bitmap Index Scan", "Parent Relationship": "Outer", "Parallel Aware": false, "Async Capable": false, "Index Name": "company_name_pkey", "Startup Cost": 0.0, "Total Cost": 0.43, "Plan Rows": 1, "Plan Width": 0, "Index Cond": "(id = mc.company_id)"}]}]}]}, {"Node Type": "Sort", "Parent Relationship": "Inner", "Parallel Aware": false, "Async Capable": false, "Startup Cost": 2693.63, "Total Cost": 2768.62, "Plan Rows": 29997, "Plan Width": 8, "Sort Key": ["ml.movie_id"], "Plans": [{"Node Type": "Seq Scan", "Parent Relationship": "Outer", "Parallel Aware": false, "Async Capable": false, "Relation Name": "movie_link", "Alias": "ml", "Startup Cost": 0.0, "Total Cost": 462.97, "Plan Rows": 29997, "Plan Width": 8}]}]}, {"Node Type": "Bitmap Heap Scan", "Parent Relationship": "Inner", "Parallel Aware": false, "Async Capable": false, "Relation Name": "title", "Alias": "t", "Startup Cost": 0.45, "Total Cost": 4.46, "Plan Rows": 1, "Plan Width": 21, "Recheck Cond": "(id = mk.movie_id)", "Filter": "((production_year >= 1969) AND (production_year <= 2008))", "Plans": [{"Node Type": "Bitmap Index Scan", "Parent Relationship": "Outer", "Parallel Aware": false, "Async Capable": false, "Index Name": "title_pkey", "Startup Cost": 0.0, "Total Cost": 0.45, "Plan Rows": 1, "Plan Width": 0, "Index Cond": "(id = mk.movie_id)"}]}]}]}, {"Node Type": "Sort", "Parent Relationship": "Inner", "Parallel Aware": false, "Async Capable": false, "Startup Cost": 1.56, "Total Cost": 1.6, "Plan Rows": 18, "Plan Width": 16, "Sort Key": ["lt.id"], "Plans": [{"Node Type": "Seq Scan", "Parent Relationship": "Outer", "Parallel Aware": false, "Async Capable": false, "Relation Name": "link_type", "Alias": "lt", "Startup Cost": 0.0, "Total Cost": 1.18, "Plan Rows": 18, "Plan Width": 16}]}]}]}}, {"Plan": {"Node Type": "Aggregate", "Strategy": "Plain", "Partial Mode": "Simple", "Parallel Aware": false, "Async Capable": false, "Startup Cost": 482828.55, "Total Cost": 482828.56, "Plan Rows": 1, "Plan Width": 96, "Plans": [{"Node Type": "Merge Join", "Parent Relationship": "Outer", "Parallel Aware": false, "Async Capable": false, "Join Type": "Inner", "Startup Cost": 482828.35, "Total Cost": 482828.51, "Plan Rows": 5, "Plan Width": 48, "Inner Unique": true, "Merge Cond": "(ml.link_type_id = lt.id)", "Plans": [{"Node Type": "Sort", "Parent Relationship": "Outer", "Parallel Aware": false, "Async Capable": false, "Startup Cost": 482826.79, "Total Cost": 482826.81, "Plan Rows": 5, "Plan Width": 40, "Sort Key": ["ml.link_type_id"], "Plans": [{"Node Type": "Merge Join", "Parent Relationship": "Outer", "Parallel Aware": false, "Async Capable": false, "Join Type": "Inner", "Startup Cost": 481804.51, "Total Cost": 482826.74, "Plan Rows": 5, "Plan Width": 40, "Inner Unique": true, "Merge Cond": "(mc.company_id = cn.id)", "Plans": [{"Node Type": "Sort", "Parent Relationship": "Outer", "Parallel Aware": false, "Async Capable": false, "Startup Cost": 457795.04, "Total Cost": 457795.06, "Plan Rows": 6, "Plan Width": 25, "Sort Key": ["mc.company_id"], "Plans": [{"Node Type": "Merge Join", "Parent Relationship": "Outer", "Parallel Aware": false, "Async Capable": false, "Join Type": "Inner", "Startup Cost": 457794.85, "Total Cost": 457794.97, "Plan Rows": 6, "Plan Width": 25, "Inner Unique": true, "Merge Cond": "(mc.company_type_id = ct.id)", "Plans": [{"Node Type": "Sort", "Parent Relationship": "Outer", "Parallel Aware": false, "Async Capable": false, "Startup Cost": 457793.78, "Total Cost": 457793.8, "Plan Rows": 8, "Plan Width": 29, "Sort Key": ["mc.company_type_id"], "Plans": [{"Node Type": "Merge Join", "Parent Relationship": "Outer", "Parallel Aware": false, "Async Capable": false, "Join Type": "Inner", "Startup Cost": 455214.08, "Total Cost": 457793.66, "Plan Rows": 8, "Plan Width": 29, "Inner Unique": false, "Merge Cond": "(ml.movie_id = mk.movie_id)", "Plans": [{"Node Type": "Gather Merge", "Parent Relationship": "Outer", "Parallel Aware": false, "Async Capable": false, "Startup Cost": 82503.23, "Total Cost": 84869.06, "Plan Rows": 17131, "Plan Width": 29, "Workers Planned": 4, "Plans": [{"Node Type": "Merge Join", "Parent Relationship": "Outer", "Parallel Aware": false, "Async Capable": false, "Join Type": "Inner", "Startup Cost": 81503.17, "Total Cost": 81828.54, "Plan Rows": 4283, "Plan Width": 29, "Inner Unique": false, "Merge Cond": "(t.id = ml.movie_id)", "Plans": [{"Node Type": "Sort", "Parent Relationship": "Outer", "Parallel Aware": false, "Async Capable": false, "Startup Cost": 78809.54, "Total Cost": 79711.97, "Plan Rows": 360971, "Plan Width": 21, "Sort Key": ["t.id"], "Plans": [{"Node Type": "Seq Scan", "Parent Relationship": "Outer", "Parallel Aware": true, "Async Capable": false, "Relation Name": "title", "Alias": "t", "Startup Cost": 0.0, "Total Cost": 45489.17, "Plan Rows": 360971, "Plan Width": 21, "Filter": "((production_year >= 1969) AND (production_year <= 2008))"}]}, {"Node Type": "Sort", "Parent Relationship": "Inner", "Parallel Aware": false, "Async Capable": false, "Startup Cost": 2693.63, "Total Cost": 2768.62, "Plan Rows": 29997, "Plan Width": 8, "Sort Key": ["ml.movie_id"], "Plans": [{"Node Type": "Seq Scan", "Parent Relationship": "Outer", "Parallel Aware": false, "Async Capable": false, "Relation Name": "movie_link", "Alias": "ml", "Startup Cost": 0.0, "Total Cost": 462.97, "Plan Rows": 29997, "Plan Width": 8}]}]}]}, {"Node Type": "Materialize", "Parent Relationship": "Inner", "Parallel Aware": false, "Async Capable": false, "Startup Cost": 372710.57, "Total Cost": 379041.64, "Plan Rows": 74, "Plan Width": 16, "Plans": [{"Node Type": "Merge Join", "Parent Relationship": "Outer", "Parallel Aware": false, "Async Capable": false, "Join Type": "Inner", "Startup Cost": 372710.57, "Total Cost": 379041.45, "Plan Rows": 74, "Plan Width": 16, "Inner Unique": false, "Merge Cond": "(mk.movie_id = mc.movie_id)", "Plans": [{"Node Type": "Sort", "Parent Relationship": "Outer", "Parallel Aware": false, "Async Capable": false, "Startup Cost": 199472.31, "Total Cost": 199472.39, "Plan Rows": 34, "Plan Width": 4, "Sort Key": ["mk.movie_id"], "Plans": [{"Node Type": "Gather", "Parent Relationship": "Outer", "Parallel Aware": false, "Async Capable": false, "Startup Cost": 192171.35, "Total Cost": 199471.44, "Plan Rows": 34, "Plan Width": 4, "Workers Planned": 3, "Single Copy": false, "Plans": [{"Node Type": "Merge Join", "Parent Relationship": "Outer", "Parallel Aware": false, "Async Capable": false, "Join Type": "Inner", "Startup Cost": 191171.35, "Total Cost": 198468.04, "Plan Rows": 11, "Plan Width": 4, "Inner Unique": true, "Merge Cond": "(mk.keyword_id = k.id)", "Plans": [{"Node Type": "Sort", "Parent Relationship": "Outer", "Parallel Aware": false, "Async Capable": false, "Startup Cost": 188486.13, "Total Cost": 192134.46, "Plan Rows": 1459332, "Plan Width": 8, "Sort Key": ["mk.keyword_id"], "Plans": [{"Node Type": "Seq Scan", "Parent Relationship": "Outer", "Parallel Aware": true, "Async Capable": false, "Relation Name": "movie_keyword", "Alias": "mk", "Startup Cost": 0.0, "Total Cost": 39073.32, "Plan Rows": 1459332, "Plan Width": 8}]}, {"Node Type": "Sort", "Parent Relationship": "Inner", "Parallel Aware": false, "Async Capable": false, "Startup Cost": 2685.14, "Total Cost": 2685.14, "Plan Rows": 1, "Plan Width": 4, "Sort Key": ["k.id"], "Plans": [{"Node Type": "Seq Scan", "Parent Relationship": "Outer", "Parallel Aware": false, "Async Capable": false, "Relation Name": "keyword", "Alias": "k", "Startup Cost": 0.0, "Total Cost": 2685.12, "Plan Rows": 1, "Plan Width": 4, "Filter": "((keyword)::text = 'blood'::text)"}]}]}]}]}, {"Node Type": "Sort", "Parent Relationship": "Inner", "Parallel Aware": false, "Async Capable": false, "Startup Cost": 173238.14, "Total Cost": 176403.19, "Plan Rows": 1266019, "Plan Width": 12, "Sort Key": ["mc.movie_id"], "Plans": [{"Node Type": "Seq Scan", "Parent Relationship": "Outer", "Parallel Aware": false, "Async Capable": false, "Relation Name": "movie_companies", "Alias": "mc", "Startup Cost": 0.0, "Total Cost": 44915.29, "Plan Rows": 1266019, "Plan Width": 12, "Filter": "(note IS NULL)"}]}]}]}]}]}, {"Node Type": "Sort", "Parent Relationship": "Inner", "Parallel Aware": false, "Async Capable": false, "Startup Cost": 1.07, "Total Cost": 1.08, "Plan Rows": 3, "Plan Width": 4, "Sort Key": ["ct.id"], "Plans": [{"Node Type": "Seq Scan", "Parent Relationship": "Outer", "Parallel Aware": false, "Async Capable": false, "Relation Name": "company_type", "Alias": "ct", "Startup Cost": 0.0, "Total Cost": 1.05, "Plan Rows": 3, "Plan Width": 4, "Filter": "((kind)::text <> 'distributors'::text)"}]}]}]}, {"Node Type": "Sort", "Parent Relationship": "Inner", "Parallel Aware": false, "Async Capable": false, "Startup Cost": 24009.46, "Total Cost": 24520.54, "Plan Rows": 204430, "Plan Width": 23, "Sort Key": ["cn.id"], "Plans": [{"Node Type": "Seq Scan", "Parent Relationship": "Outer", "Parallel Aware": false, "Async Capable": false, "Relation Name": "company_name", "Alias": "cn", "Startup Cost": 0.0, "Total Cost": 5977.46, "Plan Rows": 204430, "Plan Width": 23, "Filter": "((country_code)::text <> '[jp]'::text)"}]}]}]}, {"Node Type": "Sort", "Parent Relationship": "Inner", "Parallel Aware": false, "Async Capable": false, "Startup Cost": 1.56, "Total Cost": 1.6, "Plan Rows": 18, "Plan Width": 16, "Sort Key": ["lt.id"], "Plans": [{"Node Type": "Seq Scan", "Parent Relationship": "Outer", "Parallel Aware": false, "Async Capable": false, "Relation Name": "link_type", "Alias": "lt", "Startup Cost": 0.0, "Total Cost": 1.18, "Plan Rows": 18, "Plan Width": 16}]}]}]}}, {"Plan": {"Node Type": "Aggregate", "Strategy": "Plain", "Partial Mode": "Simple", "Parallel Aware": false, "Async Capable": false, "Startup Cost": 30000458888.95, "Total Cost": 30000458888.96, "Plan Rows": 1, "Plan Width": 96, "Plans": [{"Node Type": "Nested Loop", "Parent Relationship": "Outer", "Parallel Aware": false, "Async Capable": false, "Join Type": "Inner", "Startup Cost": 30000000001.61, "Total Cost": 30000458888.91, "Plan Rows": 5, "Plan Width": 48, "Inner Unique": true, "Plans": [{"Node Type": "Nested Loop", "Parent Relationship": "Outer", "Parallel Aware": false, "Async Capable": false, "Join Type": "Inner", "Startup Cost": 30000000001.18, "Total Cost": 30000458862.24, "Plan Rows": 6, "Plan Width": 33, "Inner Unique": true, "Plans": [{"Node Type": "Nested Loop", "Parent Relationship": "Outer", "Parallel Aware": false, "Async Capable": false, "Join Type": "Inner", "Startup Cost": 30000000001.03, "Total Cost": 30000458851.64, "Plan Rows": 8, "Plan Width": 37, "Inner Unique": false, "Join Filter": "(mc.movie_id = ml.movie_id)", "Plans": [{"Node Type": "Seq Scan", "Parent Relationship": "Outer", "Parallel Aware": false, "Async Capable": false, "Relation Name": "movie_companies", "Alias": "mc", "Startup Cost": 10000000000.0, "Total Cost": 10000044915.29, "Plan Rows": 1266019, "Plan Width": 12, "Filter": "(note IS NULL)"}, {"Node Type": "Materialize", "Parent Relationship": "Inner", "Parallel Aware": false, "Async Capable": false, "Startup Cost": 20000000001.03, "Total Cost": 20000337975.22, "Plan Rows": 4, "Plan Width": 41, "Plans": [{"Node Type": "Nested Loop", "Parent Relationship": "Outer", "Parallel Aware": false, "Async Capable": false, "Join Type": "Inner", "Startup Cost": 20000000001.03, "Total Cost": 20000337975.2, "Plan Rows": 4, "Plan Width": 41, "Inner Unique": true, "Plans": [{"Node Type": "Nested Loop", "Parent Relationship": "Outer", "Parallel Aware": false, "Async Capable": false, "Join Type": "Inner", "Startup Cost": 20000000000.88, "Total Cost": 20000337958.14, "Plan Rows": 4, "Plan Width": 33, "Inner Unique": false, "Join Filter": "(t.id = ml.movie_id)", "Plans": [{"Node Type": "Seq Scan", "Parent Relationship": "Outer", "Parallel Aware": false, "Async Capable": false, "Relation Name": "movie_link", "Alias": "ml", "Startup Cost": 10000000000.0, "Total Cost": 10000000462.97, "Plan Rows": 29997, "Plan Width": 8}, {"Node Type": "Materialize", "Parent Relationship": "Inner", "Parallel Aware": false, "Async Capable": false, "Startup Cost": 10000000000.88, "Total Cost": 10000328946.08, "Plan Rows": 19, "Plan Width": 25, "Plans": [{"Node Type": "Nested Loop", "Parent Relationship": "Outer", "Parallel Aware": false, "Async Capable": false, "Join Type": "Inner", "Startup Cost": 10000000000.88, "Total Cost": 10000328945.98, "Plan Rows": 19, "Plan Width": 25, "Inner Unique": true, "Plans": [{"Node Type": "Nested Loop", "Parent Relationship": "Outer", "Parallel Aware": false, "Async Capable": false, "Join Type": "Inner", "Startup Cost": 10000000000.44, "Total Cost": 10000328794.23, "Plan Rows": 34, "Plan Width": 4, "Inner Unique": true, "Plans": [{"Node Type": "Seq Scan", "Parent Relationship": "Outer", "Parallel Aware": false, "Async Capable": false, "Relation Name": "movie_keyword", "Alias": "mk", "Startup Cost": 10000000000.0, "Total Cost": 10000069719.3, "Plan Rows": 4523930, "Plan Width": 8}, {"Node Type": "Memoize", "Parent Relationship": "Inner", "Parallel Aware": false, "Async Capable": false, "Startup Cost": 0.44, "Total Cost": 4.45, "Plan Rows": 1, "Plan Width": 4, "Cache Key": "mk.keyword_id", "Cache Mode": "logical", "Plans": [{"Node Type": "Bitmap Heap Scan", "Parent Relationship": "Outer", "Parallel Aware": false, "Async Capable": false, "Relation Name": "keyword", "Alias": "k", "Startup Cost": 0.43, "Total Cost": 4.44, "Plan Rows": 1, "Plan Width": 4, "Recheck Cond": "(id = mk.keyword_id)", "Filter": "((keyword)::text = 'blood'::text)", "Plans": [{"Node Type": "Bitmap Index Scan", "Parent Relationship": "Outer", "Parallel Aware": false, "Async Capable": false, "Index Name": "keyword_pkey", "Startup Cost": 0.0, "Total Cost": 0.43, "Plan Rows": 1, "Plan Width": 0, "Index Cond": "(id = mk.keyword_id)"}]}]}]}, {"Node Type": "Bitmap Heap Scan", "Parent Relationship": "Inner", "Parallel Aware": false, "Async Capable": false, "Relation Name": "title", "Alias": "t", "Startup Cost": 0.45, "Total Cost": 4.46, "Plan Rows": 1, "Plan Width": 21, "Recheck Cond": "(id = mk.movie_id)", "Filter": "((production_year >= 1969) AND (production_year <= 2008))", "Plans": [{"Node Type": "Bitmap Index Scan", "Parent Relationship": "Outer", "Parallel Aware": false, "Async Capable": false, "Index Name": "title_pkey", "Startup Cost": 0.0, "Total Cost": 0.45, "Plan Rows": 1, "Plan Width": 0, "Index Cond": "(id = mk.movie_id)"}]}]}]}]}, {"Node Type": "Bitmap Heap Scan", "Parent Relationship": "Inner", "Parallel Aware": false, "Async Capable": false, "Relation Name": "link_type", "Alias": "lt", "Startup Cost": 0.15, "Total Cost": 4.16, "Plan Rows": 1, "Plan Width": 16, "Recheck Cond": "(id = ml.link_type_id)", "Plans": [{"Node Type": "Bitmap Index Scan", "Parent Relationship": "Outer", "Parallel Aware": false, "Async Capable": false, "Index Name": "link_type_pkey", "Startup Cost": 0.0, "Total Cost": 0.15, "Plan Rows": 1, "Plan Width": 0, "Index Cond": "(id = ml.link_type_id)"}]}]}]}]}, {"Node Type": "Memoize", "Parent Relationship": "Inner", "Parallel Aware": false, "Async Capable": false, "Startup Cost": 0.15, "Total Cost": 4.16, "Plan Rows": 1, "Plan Width": 4, "Cache Key": "mc.company_type_id", "Cache Mode": "logical", "Plans": [{"Node Type": "Bitmap Heap Scan", "Parent Relationship": "Outer", "Parallel Aware": false, "Async Capable": false, "Relation Name": "company_type", "Alias": "ct", "Startup Cost": 0.14, "Total Cost": 4.15, "Plan Rows": 1, "Plan Width": 4, "Recheck Cond": "(id = mc.company_type_id)", "Filter": "((kind)::text <> 'distributors'::text)", "Plans": [{"Node Type": "Bitmap Index Scan", "Parent Relationship": "Outer", "Parallel Aware": false, "Async Capable": false, "Index Name": "company_type_pkey", "Startup Cost": 0.0, "Total Cost": 0.14, "Plan Rows": 1, "Plan Width": 0, "Index Cond": "(id = mc.company_type_id)"}]}]}]}, {"Node Type": "Bitmap Heap Scan", "Parent Relationship": "Inner", "Parallel Aware": false, "Async Capable": false, "Relation Name": "company_name", "Alias": "cn", "Startup Cost": 0.43, "Total Cost": 4.45, "Plan Rows": 1, "Plan Width": 23, "Recheck Cond": "(id = mc.company_id)", "Filter": "((country_code)::text <> '[jp]'::text)", "Plans": [{"Node Type": "Bitmap Index Scan", "Parent Relationship": "Outer", "Parallel Aware": false, "Async Capable": false, "Index Name": "company_name_pkey", "Startup Cost": 0.0, "Total Cost": 0.43, "Plan Rows": 1, "Plan Width": 0, "Index Cond": "(id = mc.company_id)"}]}]}]}}, {"Plan": {"Node Type": "Aggregate", "Strategy": "Plain", "Partial Mode": "Simple", "Parallel Aware": false, "Async Capable": false, "Startup Cost": 259024.25, "Total Cost": 259024.26, "Plan Rows": 1, "Plan Width": 96, "Plans": [{"Node Type": "Nested Loop", "Parent Relationship": "Outer", "Parallel Aware": false, "Async Capable": false, "Join Type": "Inner", "Startup Cost": 0.88, "Total Cost": 259024.22, "Plan Rows": 5, "Plan Width": 48, "Inner Unique": true, "Plans": [{"Node Type": "Nested Loop", "Parent Relationship": "Outer", "Parallel Aware": false, "Async Capable": false, "Join Type": "Inner", "Startup Cost": 0.45, "Total Cost": 258997.54, "Plan Rows": 6, "Plan Width": 33, "Inner Unique": true, "Join Filter": "(ct.id = mc.company_type_id)", "Plans": [{"Node Type": "Nested Loop", "Parent Relationship": "Outer", "Parallel Aware": false, "Async Capable": false, "Join Type": "Inner", "Startup Cost": 0.45, "Total Cost": 258996.17, "Plan Rows": 8, "Plan Width": 37, "Inner Unique": false, "Join Filter": "(mc.movie_id = ml.movie_id)", "Plans": [{"Node Type": "Seq Scan", "Parent Relationship": "Outer", "Parallel Aware": false, "Async Capable": false, "Relation Name": "movie_companies", "Alias": "mc", "Startup Cost": 0.0, "Total Cost": 44915.29, "Plan Rows": 1266019, "Plan Width": 12, "Filter": "(note IS NULL)"}, {"Node Type": "Materialize", "Parent Relationship": "Inner", "Parallel Aware": false, "Async Capable": false, "Startup Cost": 0.45, "Total Cost": 138119.75, "Plan Rows": 4, "Plan Width": 41, "Plans": [{"Node Type": "Nested Loop", "Parent Relationship": "Outer", "Parallel Aware": false, "Async Capable": false, "Join Type": "Inner", "Startup Cost": 0.45, "Total Cost": 138119.73, "Plan Rows": 4, "Plan Width": 41, "Inner Unique": false, "Join Filter": "(lt.id = ml.link_type_id)", "Plans": [{"Node Type": "Seq Scan", "Parent Relationship": "Outer", "Parallel Aware": false, "Async Capable": false, "Relation Name": "link_type", "Alias": "lt", "Startup Cost": 0.0, "Total Cost": 1.18, "Plan Rows": 18, "Plan Width": 16}, {"Node Type": "Materialize", "Parent Relationship": "Inner", "Parallel Aware": false, "Async Capable": false, "Startup Cost": 0.45, "Total Cost": 138117.48, "Plan Rows": 4, "Plan Width": 33, "Plans": [{"Node Type": "Nested Loop", "Parent Relationship": "Outer", "Parallel Aware": false, "Async Capable": false, "Join Type": "Inner", "Startup Cost": 0.45, "Total Cost": 138117.46, "Plan Rows": 4, "Plan Width": 33, "Inner Unique": false, "Join Filter": "(t.id = ml.movie_id)", "Plans": [{"Node Type": "Seq Scan", "Parent Relationship": "Outer", "Parallel Aware": false, "Async Capable": false, "Relation Name": "movie_link", "Alias": "ml", "Startup Cost": 0.0, "Total Cost": 462.97, "Plan Rows": 29997, "Plan Width": 8}, {"Node Type": "Materialize", "Parent Relationship": "Inner", "Parallel Aware": false, "Async Capable": false, "Startup Cost": 0.45, "Total Cost": 129105.39, "Plan Rows": 19, "Plan Width": 25, "Plans": [{"Node Type": "Nested Loop", "Parent Relationship": "Outer", "Parallel Aware": false, "Async Capable": false, "Join Type": "Inner", "Startup Cost": 0.45, "Total Cost": 129105.3, "Plan Rows": 19, "Plan Width": 25, "Inner Unique": true, "Plans": [{"Node Type": "Nested Loop", "Parent Relationship": "Outer", "Parallel Aware": false, "Async Capable": false, "Join Type": "Inner", "Startup Cost": 0.0, "Total Cost": 128953.55, "Plan Rows": 34, "Plan Width": 4, "Inner Unique": false, "Join Filter": "(k.id = mk.keyword_id)", "Plans": [{"Node Type": "Seq Scan", "Parent Relationship": "Outer", "Parallel Aware": false, "Async Capable": false, "Relation Name": "keyword", "Alias": "k", "Startup Cost": 0.0, "Total Cost": 2685.12, "Plan Rows": 1, "Plan Width": 4, "Filter": "((keyword)::text = 'blood'::text)"}, {"Node Type": "Seq Scan", "Parent Relationship": "Inner", "Parallel Aware": false, "Async Capable": false, "Relation Name": "movie_keyword", "Alias": "mk", "Startup Cost": 0.0, "Total Cost": 69719.3, "Plan Rows": 4523930, "Plan Width": 8}]}, {"Node Type": "Bitmap Heap Scan", "Parent Relationship": "Inner", "Parallel Aware": false, "Async Capable": false, "Relation Name": "title", "Alias": "t", "Startup Cost": 0.45, "Total Cost": 4.46, "Plan Rows": 1, "Plan Width": 21, "Recheck Cond": "(id = mk.movie_id)", "Filter": "((production_year >= 1969) AND (production_year <= 2008))", "Plans": [{"Node Type": "Bitmap Index Scan", "Parent Relationship": "Outer", "Parallel Aware": false, "Async Capable": false, "Index Name": "title_pkey", "Startup Cost": 0.0, "Total Cost": 0.45, "Plan Rows": 1, "Plan Width": 0, "Index Cond": "(id = mk.movie_id)"}]}]}]}]}]}]}]}]}, {"Node Type": "Materialize", "Parent Relationship": "Inner", "Parallel Aware": false, "Async Capable": false, "Startup Cost": 0.0, "Total Cost": 1.06, "Plan Rows": 3, "Plan Width": 4, "Plans": [{"Node Type": "Seq Scan", "Parent Relationship": "Outer", "Parallel Aware": false, "Async Capable": false, "Relation Name": "company_type", "Alias": "ct", "Startup Cost": 0.0, "Total Cost": 1.05, "Plan Rows": 3, "Plan Width": 4, "Filter": "((kind)::text <> 'distributors'::text)"}]}]}, {"Node Type": "Bitmap Heap Scan", "Parent Relationship": "Inner", "Parallel Aware": false, "Async Capable": false, "Relation Name": "company_name", "Alias": "cn", "Startup Cost": 0.43, "Total Cost": 4.45, "Plan Rows": 1, "Plan Width": 23, "Recheck Cond": "(id = mc.company_id)", "Filter": "((country_code)::text <> '[jp]'::text)", "Plans": [{"Node Type": "Bitmap Index Scan", "Parent Relationship": "Outer", "Parallel Aware": false, "Async Capable": false, "Index Name": "company_name_pkey", "Startup Cost": 0.0, "Total Cost": 0.43, "Plan Rows": 1, "Plan Width": 0, "Index Cond": "(id = mc.company_id)"}]}]}]}}]