[{"Plan": {"Node Type": "Aggregate", "Strategy": "Plain", "Partial Mode": "Finalize", "Parallel Aware": false, "Async Capable": false, "Startup Cost": 48306.49, "Total Cost": 48306.5, "Plan Rows": 1, "Plan Width": 68, "Plans": [{"Node Type": "Gather", "Parent Relationship": "Outer", "Parallel Aware": false, "Async Capable": false, "Startup Cost": 48306.16, "Total Cost": 48306.47, "Plan Rows": 3, "Plan Width": 68, "Workers Planned": 3, "Single Copy": false, "Plans": [{"Node Type": "Aggregate", "Strategy": "Plain", "Partial Mode": "Partial", "Parent Relationship": "Outer", "Parallel Aware": false, "Async Capable": false, "Startup Cost": 47306.16, "Total Cost": 47306.17, "Plan Rows": 1, "Plan Width": 68, "Plans": [{"Node Type": "Nested Loop", "Parent Relationship": "Outer", "Parallel Aware": false, "Async Capable": false, "Join Type": "Inner", "Startup Cost": 15351.71, "Total Cost": 47303.45, "Plan Rows": 361, "Plan Width": 45, "Inner Unique": true, "Join Filter": "(t.id = mc.movie_id)", "Plans": [{"Node Type": "Hash Join", "Parent Relationship": "Outer", "Parallel Aware": false, "Async Capable": false, "Join Type": "Inner", "Startup Cost": 15351.28, "Total Cost": 47082.28, "Plan Rows": 373, "Plan Width": 32, "Inner Unique": true, "Hash Cond": "(mc.company_type_id = ct.id)", "Plans": [{"Node Type": "Hash Join", "Parent Relationship": "Outer", "Parallel Aware": true, "Async Capable": false, "Join Type": "Inner", "Startup Cost": 15350.21, "Total Cost": 47073.15, "Plan Rows": 1491, "Plan Width": 36, "Inner Unique": false, "Hash Cond": "(mc.movie_id = mi_idx.movie_id)", "Plans": [{"Node Type": "Seq Scan", "Parent Relationship": "Outer", "Parallel Aware": true, "Async Capable": false, "Relation Name": "movie_companies", "Alias": "mc", "Startup Cost": 0.0, "Total Cost": 31448.82, "Plan Rows": 71443, "Plan Width": 32, "Filter": "(((note)::text !~~ '%(1994)%'::text) AND ((note)::text ~~ '%(TV)%'::text))"}, {"Node Type": "Hash", "Parent Relationship": "Inner", "Parallel Aware": true, "Async Capable": false, "Startup Cost": 15286.6, "Total Cost": 15286.6, "Plan Rows": 5089, "Plan Width": 4, "Plans": [{"Node Type": "Hash Join", "Parent Relationship": "Outer", "Parallel Aware": false, "Async Capable": false, "Join Type": "Inner", "Startup Cost": 2.43, "Total Cost": 15286.6, "Plan Rows": 5089, "Plan Width": 4, "Inner Unique": true, "Hash Cond": "(mi_idx.info_type_id = it.id)", "Plans": [{"Node Type": "Seq Scan", "Parent Relationship": "Outer", "Parallel Aware": true, "Async Capable": false, "Relation Name": "movie_info_idx", "Alias": "mi_idx", "Startup Cost": 0.0, "Total Cost": 13718.15, "Plan Rows": 575015, "Plan Width": 8}, {"Node Type": "Hash", "Parent Relationship": "Inner", "Parallel Aware": false, "Async Capable": false, "Startup Cost": 2.41, "Total Cost": 2.41, "Plan Rows": 1, "Plan Width": 4, "Plans": [{"Node Type": "Seq Scan", "Parent Relationship": "Outer", "Parallel Aware": false, "Async Capable": false, "Relation Name": "info_type", "Alias": "it", "Startup Cost": 0.0, "Total Cost": 2.41, "Plan Rows": 1, "Plan Width": 4, "Filter": "((info)::text = 'votes'::text)"}]}]}]}]}, {"Node Type": "Hash", "Parent Relationship": "Inner", "Parallel Aware": false, "Async Capable": false, "Startup Cost": 1.05, "Total Cost": 1.05, "Plan Rows": 1, "Plan Width": 4, "Plans": [{"Node Type": "Seq Scan", "Parent Relationship": "Outer", "Parallel Aware": false, "Async Capable": false, "Relation Name": "company_type", "Alias": "ct", "Startup Cost": 0.0, "Total Cost": 1.05, "Plan Rows": 1, "Plan Width": 4, "Filter": "((kind)::text = 'production companies'::text)"}]}]}, {"Node Type": "Index Scan", "Parent Relationship": "Inner", "Parallel Aware": false, "Async Capable": false, "Scan Direction": "Forward", "Index Name": "title_pkey", "Relation Name": "title", "Alias": "t", "Startup Cost": 0.43, "Total Cost": 0.58, "Plan Rows": 1, "Plan Width": 25, "Index Cond": "(id = mi_idx.movie_id)", "Filter": "(production_year >= 1900)"}]}]}]}]}}, {"Plan": {"Node Type": "Aggregate", "Strategy": "Plain", "Partial Mode": "Simple", "Parallel Aware": false, "Async Capable": false, "Startup Cost": 50000089768.88, "Total Cost": 50000089768.89, "Plan Rows": 1, "Plan Width": 68, "Plans": [{"Node Type": "Nested Loop", "Parent Relationship": "Outer", "Parallel Aware": false, "Async Capable": false, "Join Type": "Inner", "Startup Cost": 50000025706.28, "Total Cost": 50000089760.48, "Plan Rows": 1120, "Plan Width": 45, "Inner Unique": true, "Join Filter": "(t.id = mc.movie_id)", "Plans": [{"Node Type": "Hash Join", "Parent Relationship": "Outer", "Parallel Aware": false, "Async Capable": false, "Join Type": "Inner", "Startup Cost": 40000025705.82, "Total Cost": 40000084568.49, "Plan Rows": 1156, "Plan Width": 32, "Inner Unique": true, "Hash Cond": "(mc.company_type_id = ct.id)", "Plans": [{"Node Type": "Hash Join", "Parent Relationship": "Outer", "Parallel Aware": false, "Async Capable": false, "Join Type": "Inner", "Startup Cost": 30000025693.61, "Total Cost": 30000084531.28, "Plan Rows": 4622, "Plan Width": 36, "Inner Unique": false, "Hash Cond": "(mc.movie_id = mi_idx.movie_id)", "Plans": [{"Node Type": "Seq Scan", "Parent Relationship": "Outer", "Parallel Aware": false, "Async Capable": false, "Relation Name": "movie_companies", "Alias": "mc", "Startup Cost": 10000000000.0, "Total Cost": 10000057960.93, "Plan Rows": 221472, "Plan Width": 32, "Filter": "(((note)::text !~~ '%(1994)%'::text) AND ((note)::text ~~ '%(TV)%'::text))"}, {"Node Type": "Hash", "Parent Relationship": "Inner", "Parallel Aware": false, "Async Capable": false, "Startup Cost": 20000025540.94, "Total Cost": 20000025540.94, "Plan Rows": 12213, "Plan Width": 4, "Plans": [{"Node Type": "Hash Join", "Parent Relationship": "Outer", "Parallel Aware": false, "Async Capable": false, "Join Type": "Inner", "Startup Cost": 20000000014.13, "Total Cost": 20000025540.94, "Plan Rows": 12213, "Plan Width": 4, "Inner Unique": true, "Hash Cond": "(mi_idx.info_type_id = it.id)", "Plans": [{"Node Type": "Seq Scan", "Parent Relationship": "Outer", "Parallel Aware": false, "Async Capable": false, "Relation Name": "movie_info_idx", "Alias": "mi_idx", "Startup Cost": 10000000000.0, "Total Cost": 10000021768.35, "Plan Rows": 1380035, "Plan Width": 8}, {"Node Type": "Hash", "Parent Relationship": "Inner", "Parallel Aware": false, "Async Capable": false, "Startup Cost": 10000000014.12, "Total Cost": 10000000014.12, "Plan Rows": 1, "Plan Width": 4, "Plans": [{"Node Type": "Index Scan", "Parent Relationship": "Outer", "Parallel Aware": false, "Async Capable": false, "Scan Direction": "Forward", "Index Name": "info_type_pkey", "Relation Name": "info_type", "Alias": "it", "Startup Cost": 10000000000.14, "Total Cost": 10000000014.12, "Plan Rows": 1, "Plan Width": 4, "Filter": "((info)::text = 'votes'::text)"}]}]}]}]}, {"Node Type": "Hash", "Parent Relationship": "Inner", "Parallel Aware": false, "Async Capable": false, "Startup Cost": 10000000012.2, "Total Cost": 10000000012.2, "Plan Rows": 1, "Plan Width": 4, "Plans": [{"Node Type": "Index Scan", "Parent Relationship": "Outer", "Parallel Aware": false, "Async Capable": false, "Scan Direction": "Forward", "Index Name": "company_type_pkey", "Relation Name": "company_type", "Alias": "ct", "Startup Cost": 10000000000.13, "Total Cost": 10000000012.2, "Plan Rows": 1, "Plan Width": 4, "Filter": "((kind)::text = 'production companies'::text)"}]}]}, {"Node Type": "Bitmap Heap Scan", "Parent Relationship": "Inner", "Parallel Aware": false, "Async Capable": false, "Relation Name": "title", "Alias": "t", "Startup Cost": 0.46, "Total Cost": 4.48, "Plan Rows": 1, "Plan Width": 25, "Recheck Cond": "(id = mi_idx.movie_id)", "Filter": "(production_year >= 1900)", "Plans": [{"Node Type": "Bitmap Index Scan", "Parent Relationship": "Outer", "Parallel Aware": false, "Async Capable": false, "Index Name": "title_pkey", "Startup Cost": 0.0, "Total Cost": 0.46, "Plan Rows": 1, "Plan Width": 0, "Index Cond": "(id = mi_idx.movie_id)"}]}]}]}}, {"Plan": {"Node Type": "Aggregate", "Strategy": "Plain", "Partial Mode": "Simple", "Parallel Aware": false, "Async Capable": false, "Startup Cost": 20000210476.65, "Total Cost": 20000210476.66, "Plan Rows": 1, "Plan Width": 68, "Plans": [{"Node Type": "Hash Join", "Parent Relationship": "Outer", "Parallel Aware": false, "Async Capable": false, "Join Type": "Inner", "Startup Cost": 20000084583.37, "Total Cost": 20000210468.25, "Plan Rows": 1120, "Plan Width": 45, "Inner Unique": false, "Hash Cond": "(t.id = mc.movie_id)", "Plans": [{"Node Type": "Index Scan", "Parent Relationship": "Outer", "Parallel Aware": false, "Async Capable": false, "Scan Direction": "Forward", "Index Name": "title_pkey", "Relation Name": "title", "Alias": "t", "Startup Cost": 0.43, "Total Cost": 116689.45, "Plan Rows": 2449245, "Plan Width": 25, "Filter": "(production_year >= 1900)"}, {"Node Type": "Hash", "Parent Relationship": "Inner", "Parallel Aware": false, "Async Capable": false, "Startup Cost": 20000084568.49, "Total Cost": 20000084568.49, "Plan Rows": 1156, "Plan Width": 32, "Plans": [{"Node Type": "Hash Join", "Parent Relationship": "Outer", "Parallel Aware": false, "Async Capable": false, "Join Type": "Inner", "Startup Cost": 20000025705.82, "Total Cost": 20000084568.49, "Plan Rows": 1156, "Plan Width": 32, "Inner Unique": true, "Hash Cond": "(mc.company_type_id = ct.id)", "Plans": [{"Node Type": "Hash Join", "Parent Relationship": "Outer", "Parallel Aware": false, "Async Capable": false, "Join Type": "Inner", "Startup Cost": 20000025693.61, "Total Cost": 20000084531.28, "Plan Rows": 4622, "Plan Width": 36, "Inner Unique": false, "Hash Cond": "(mc.movie_id = mi_idx.movie_id)", "Plans": [{"Node Type": "Seq Scan", "Parent Relationship": "Outer", "Parallel Aware": false, "Async Capable": false, "Relation Name": "movie_companies", "Alias": "mc", "Startup Cost": 10000000000.0, "Total Cost": 10000057960.93, "Plan Rows": 221472, "Plan Width": 32, "Filter": "(((note)::text !~~ '%(1994)%'::text) AND ((note)::text ~~ '%(TV)%'::text))"}, {"Node Type": "Hash", "Parent Relationship": "Inner", "Parallel Aware": false, "Async Capable": false, "Startup Cost": 10000025540.94, "Total Cost": 10000025540.94, "Plan Rows": 12213, "Plan Width": 4, "Plans": [{"Node Type": "Hash Join", "Parent Relationship": "Outer", "Parallel Aware": false, "Async Capable": false, "Join Type": "Inner", "Startup Cost": 10000000014.13, "Total Cost": 10000025540.94, "Plan Rows": 12213, "Plan Width": 4, "Inner Unique": true, "Hash Cond": "(mi_idx.info_type_id = it.id)", "Plans": [{"Node Type": "Seq Scan", "Parent Relationship": "Outer", "Parallel Aware": false, "Async Capable": false, "Relation Name": "movie_info_idx", "Alias": "mi_idx", "Startup Cost": 10000000000.0, "Total Cost": 10000021768.35, "Plan Rows": 1380035, "Plan Width": 8}, {"Node Type": "Hash", "Parent Relationship": "Inner", "Parallel Aware": false, "Async Capable": false, "Startup Cost": 14.12, "Total Cost": 14.12, "Plan Rows": 1, "Plan Width": 4, "Plans": [{"Node Type": "Index Scan", "Parent Relationship": "Outer", "Parallel Aware": false, "Async Capable": false, "Scan Direction": "Forward", "Index Name": "info_type_pkey", "Relation Name": "info_type", "Alias": "it", "Startup Cost": 0.14, "Total Cost": 14.12, "Plan Rows": 1, "Plan Width": 4, "Filter": "((info)::text = 'votes'::text)"}]}]}]}]}, {"Node Type": "Hash", "Parent Relationship": "Inner", "Parallel Aware": false, "Async Capable": false, "Startup Cost": 12.2, "Total Cost": 12.2, "Plan Rows": 1, "Plan Width": 4, "Plans": [{"Node Type": "Index Scan", "Parent Relationship": "Outer", "Parallel Aware": false, "Async Capable": false, "Scan Direction": "Forward", "Index Name": "company_type_pkey", "Relation Name": "company_type", "Alias": "ct", "Startup Cost": 0.13, "Total Cost": 12.2, "Plan Rows": 1, "Plan Width": 4, "Filter": "((kind)::text = 'production companies'::text)"}]}]}]}]}]}}, {"Plan": {"Node Type": "Aggregate", "Strategy": "Plain", "Partial Mode": "Simple", "Parallel Aware": false, "Async Capable": false, "Startup Cost": 20000208235.37, "Total Cost": 20000208235.38, "Plan Rows": 1, "Plan Width": 68, "Plans": [{"Node Type": "Hash Join", "Parent Relationship": "Outer", "Parallel Aware": false, "Async Capable": false, "Join Type": "Inner", "Startup Cost": 20000149400.96, "Total Cost": 20000208226.97, "Plan Rows": 1120, "Plan Width": 45, "Inner Unique": true, "Hash Cond": "(mc.company_type_id = ct.id)", "Plans": [{"Node Type": "Hash Join", "Parent Relationship": "Outer", "Parallel Aware": false, "Async Capable": false, "Join Type": "Inner", "Startup Cost": 20000149388.75, "Total Cost": 20000208190.56, "Plan Rows": 4477, "Plan Width": 49, "Inner Unique": false, "Hash Cond": "(mc.movie_id = t.id)", "Plans": [{"Node Type": "Seq Scan", "Parent Relationship": "Outer", "Parallel Aware": false, "Async Capable": false, "Relation Name": "movie_companies", "Alias": "mc", "Startup Cost": 10000000000.0, "Total Cost": 10000057960.93, "Plan Rows": 221472, "Plan Width": 32, "Filter": "(((note)::text !~~ '%(1994)%'::text) AND ((note)::text ~~ '%(TV)%'::text))"}, {"Node Type": "Hash", "Parent Relationship": "Inner", "Parallel Aware": false, "Async Capable": false, "Startup Cost": 10000149240.86, "Total Cost": 10000149240.86, "Plan Rows": 11831, "Plan Width": 29, "Plans": [{"Node Type": "Merge Join", "Parent Relationship": "Outer", "Parallel Aware": false, "Async Capable": false, "Join Type": "Inner", "Startup Cost": 10000026372.91, "Total Cost": 10000149240.86, "Plan Rows": 11831, "Plan Width": 29, "Inner Unique": true, "Merge Cond": "(mi_idx.movie_id = t.id)", "Plans": [{"Node Type": "Sort", "Parent Relationship": "Outer", "Parallel Aware": false, "Async Capable": false, "Startup Cost": 10000026369.97, "Total Cost": 10000026400.5, "Plan Rows": 12213, "Plan Width": 4, "Sort Key": ["mi_idx.movie_id"], "Plans": [{"Node Type": "Hash Join", "Parent Relationship": "Outer", "Parallel Aware": false, "Async Capable": false, "Join Type": "Inner", "Startup Cost": 10000000014.13, "Total Cost": 10000025540.94, "Plan Rows": 12213, "Plan Width": 4, "Inner Unique": true, "Hash Cond": "(mi_idx.info_type_id = it.id)", "Plans": [{"Node Type": "Seq Scan", "Parent Relationship": "Outer", "Parallel Aware": false, "Async Capable": false, "Relation Name": "movie_info_idx", "Alias": "mi_idx", "Startup Cost": 10000000000.0, "Total Cost": 10000021768.35, "Plan Rows": 1380035, "Plan Width": 8}, {"Node Type": "Hash", "Parent Relationship": "Inner", "Parallel Aware": false, "Async Capable": false, "Startup Cost": 14.12, "Total Cost": 14.12, "Plan Rows": 1, "Plan Width": 4, "Plans": [{"Node Type": "Index Scan", "Parent Relationship": "Outer", "Parallel Aware": false, "Async Capable": false, "Scan Direction": "Forward", "Index Name": "info_type_pkey", "Relation Name": "info_type", "Alias": "it", "Startup Cost": 0.14, "Total Cost": 14.12, "Plan Rows": 1, "Plan Width": 4, "Filter": "((info)::text = 'votes'::text)"}]}]}]}, {"Node Type": "Index Scan", "Parent Relationship": "Inner", "Parallel Aware": false, "Async Capable": false, "Scan Direction": "Forward", "Index Name": "title_pkey", "Relation Name": "title", "Alias": "t", "Startup Cost": 0.43, "Total Cost": 116689.45, "Plan Rows": 2449245, "Plan Width": 25, "Filter": "(production_year >= 1900)"}]}]}]}, {"Node Type": "Hash", "Parent Relationship": "Inner", "Parallel Aware": false, "Async Capable": false, "Startup Cost": 12.2, "Total Cost": 12.2, "Plan Rows": 1, "Plan Width": 4, "Plans": [{"Node Type": "Index Scan", "Parent Relationship": "Outer", "Parallel Aware": false, "Async Capable": false, "Scan Direction": "Forward", "Index Name": "company_type_pkey", "Relation Name": "company_type", "Alias": "ct", "Startup Cost": 0.13, "Total Cost": 12.2, "Plan Rows": 1, "Plan Width": 4, "Filter": "((kind)::text = 'production companies'::text)"}]}]}]}}, {"Plan": {"Node Type": "Aggregate", "Strategy": "Plain", "Partial Mode": "Simple", "Parallel Aware": false, "Async Capable": false, "Startup Cost": 20000090945.88, "Total Cost": 20000090945.89, "Plan Rows": 1, "Plan Width": 68, "Plans": [{"Node Type": "Nested Loop", "Parent Relationship": "Outer", "Parallel Aware": false, "Async Capable": false, "Join Type": "Inner", "Startup Cost": 20000089902.98, "Total Cost": 20000090937.48, "Plan Rows": 1120, "Plan Width": 45, "Inner Unique": true, "Join Filter": "(t.id = mc.movie_id)", "Plans": [{"Node Type": "Merge Join", "Parent Relationship": "Outer", "Parallel Aware": false, "Async Capable": false, "Join Type": "Inner", "Startup Cost": 20000089902.55, "Total Cost": 20000090252.01, "Plan Rows": 1156, "Plan Width": 32, "Inner Unique": false, "Merge Cond": "(mc.movie_id = mi_idx.movie_id)", "Plans": [{"Node Type": "Sort", "Parent Relationship": "Outer", "Parallel Aware": false, "Async Capable": false, "Startup Cost": 10000063532.58, "Total Cost": 10000063671.0, "Plan Rows": 55368, "Plan Width": 28, "Sort Key": ["mc.movie_id"], "Plans": [{"Node Type": "Hash Join", "Parent Relationship": "Outer", "Parallel Aware": false, "Async Capable": false, "Join Type": "Inner", "Startup Cost": 10000000012.21, "Total Cost": 10000059170.48, "Plan Rows": 55368, "Plan Width": 28, "Inner Unique": true, "Hash Cond": "(mc.company_type_id = ct.id)", "Plans": [{"Node Type": "Seq Scan", "Parent Relationship": "Outer", "Parallel Aware": false, "Async Capable": false, "Relation Name": "movie_companies", "Alias": "mc", "Startup Cost": 10000000000.0, "Total Cost": 10000057960.93, "Plan Rows": 221472, "Plan Width": 32, "Filter": "(((note)::text !~~ '%(1994)%'::text) AND ((note)::text ~~ '%(TV)%'::text))"}, {"Node Type": "Hash", "Parent Relationship": "Inner", "Parallel Aware": false, "Async Capable": false, "Startup Cost": 12.2, "Total Cost": 12.2, "Plan Rows": 1, "Plan Width": 4, "Plans": [{"Node Type": "Index Scan", "Parent Relationship": "Outer", "Parallel Aware": false, "Async Capable": false, "Scan Direction": "Forward", "Index Name": "company_type_pkey", "Relation Name": "company_type", "Alias": "ct", "Startup Cost": 0.13, "Total Cost": 12.2, "Plan Rows": 1, "Plan Width": 4, "Filter": "((kind)::text = 'production companies'::text)"}]}]}]}, {"Node Type": "Sort", "Parent Relationship": "Inner", "Parallel Aware": false, "Async Capable": false, "Startup Cost": 10000026369.97, "Total Cost": 10000026400.5, "Plan Rows": 12213, "Plan Width": 4, "Sort Key": ["mi_idx.movie_id"], "Plans": [{"Node Type": "Hash Join", "Parent Relationship": "Outer", "Parallel Aware": false, "Async Capable": false, "Join Type": "Inner", "Startup Cost": 10000000014.13, "Total Cost": 10000025540.94, "Plan Rows": 12213, "Plan Width": 4, "Inner Unique": true, "Hash Cond": "(mi_idx.info_type_id = it.id)", "Plans": [{"Node Type": "Seq Scan", "Parent Relationship": "Outer", "Parallel Aware": false, "Async Capable": false, "Relation Name": "movie_info_idx", "Alias": "mi_idx", "Startup Cost": 10000000000.0, "Total Cost": 10000021768.35, "Plan Rows": 1380035, "Plan Width": 8}, {"Node Type": "Hash", "Parent Relationship": "Inner", "Parallel Aware": false, "Async Capable": false, "Startup Cost": 14.12, "Total Cost": 14.12, "Plan Rows": 1, "Plan Width": 4, "Plans": [{"Node Type": "Index Scan", "Parent Relationship": "Outer", "Parallel Aware": false, "Async Capable": false, "Scan Direction": "Forward", "Index Name": "info_type_pkey", "Relation Name": "info_type", "Alias": "it", "Startup Cost": 0.14, "Total Cost": 14.12, "Plan Rows": 1, "Plan Width": 4, "Filter": "((info)::text = 'votes'::text)"}]}]}]}]}, {"Node Type": "Index Scan", "Parent Relationship": "Inner", "Parallel Aware": false, "Async Capable": false, "Scan Direction": "Forward", "Index Name": "title_pkey", "Relation Name": "title", "Alias": "t", "Startup Cost": 0.43, "Total Cost": 0.58, "Plan Rows": 1, "Plan Width": 25, "Index Cond": "(id = mi_idx.movie_id)", "Filter": "(production_year >= 1900)"}]}]}}, {"Plan": {"Node Type": "Aggregate", "Strategy": "Plain", "Partial Mode": "Finalize", "Parallel Aware": false, "Async Capable": false, "Startup Cost": 94295.52, "Total Cost": 94295.53, "Plan Rows": 1, "Plan Width": 68, "Plans": [{"Node Type": "Gather", "Parent Relationship": "Outer", "Parallel Aware": false, "Async Capable": false, "Startup Cost": 94295.08, "Total Cost": 94295.49, "Plan Rows": 4, "Plan Width": 68, "Workers Planned": 4, "Single Copy": false, "Plans": [{"Node Type": "Aggregate", "Strategy": "Plain", "Partial Mode": "Partial", "Parent Relationship": "Outer", "Parallel Aware": false, "Async Capable": false, "Startup Cost": 93295.08, "Total Cost": 93295.09, "Plan Rows": 1, "Plan Width": 68, "Plans": [{"Node Type": "Hash Join", "Parent Relationship": "Outer", "Parallel Aware": true, "Async Capable": false, "Join Type": "Inner", "Startup Cost": 47086.94, "Total Cost": 93292.98, "Plan Rows": 280, "Plan Width": 45, "Inner Unique": false, "Hash Cond": "(t.id = mc.movie_id)", "Plans": [{"Node Type": "Seq Scan", "Parent Relationship": "Outer", "Parallel Aware": true, "Async Capable": false, "Relation Name": "title", "Alias": "t", "Startup Cost": 0.0, "Total Cost": 43908.97, "Plan Rows": 612311, "Plan Width": 25, "Filter": "(production_year >= 1900)"}, {"Node Type": "Hash", "Parent Relationship": "Inner", "Parallel Aware": true, "Async Capable": false, "Startup Cost": 47082.28, "Total Cost": 47082.28, "Plan Rows": 373, "Plan Width": 32, "Plans": [{"Node Type": "Hash Join", "Parent Relationship": "Outer", "Parallel Aware": false, "Async Capable": false, "Join Type": "Inner", "Startup Cost": 15351.28, "Total Cost": 47082.28, "Plan Rows": 373, "Plan Width": 32, "Inner Unique": true, "Hash Cond": "(mc.company_type_id = ct.id)", "Plans": [{"Node Type": "Hash Join", "Parent Relationship": "Outer", "Parallel Aware": true, "Async Capable": false, "Join Type": "Inner", "Startup Cost": 15350.21, "Total Cost": 47073.15, "Plan Rows": 1491, "Plan Width": 36, "Inner Unique": false, "Hash Cond": "(mc.movie_id = mi_idx.movie_id)", "Plans": [{"Node Type": "Seq Scan", "Parent Relationship": "Outer", "Parallel Aware": true, "Async Capable": false, "Relation Name": "movie_companies", "Alias": "mc", "Startup Cost": 0.0, "Total Cost": 31448.82, "Plan Rows": 71443, "Plan Width": 32, "Filter": "(((note)::text !~~ '%(1994)%'::text) AND ((note)::text ~~ '%(TV)%'::text))"}, {"Node Type": "Hash", "Parent Relationship": "Inner", "Parallel Aware": true, "Async Capable": false, "Startup Cost": 15286.6, "Total Cost": 15286.6, "Plan Rows": 5089, "Plan Width": 4, "Plans": [{"Node Type": "Hash Join", "Parent Relationship": "Outer", "Parallel Aware": false, "Async Capable": false, "Join Type": "Inner", "Startup Cost": 2.43, "Total Cost": 15286.6, "Plan Rows": 5089, "Plan Width": 4, "Inner Unique": true, "Hash Cond": "(mi_idx.info_type_id = it.id)", "Plans": [{"Node Type": "Seq Scan", "Parent Relationship": "Outer", "Parallel Aware": true, "Async Capable": false, "Relation Name": "movie_info_idx", "Alias": "mi_idx", "Startup Cost": 0.0, "Total Cost": 13718.15, "Plan Rows": 575015, "Plan Width": 8}, {"Node Type": "Hash", "Parent Relationship": "Inner", "Parallel Aware": false, "Async Capable": false, "Startup Cost": 2.41, "Total Cost": 2.41, "Plan Rows": 1, "Plan Width": 4, "Plans": [{"Node Type": "Seq Scan", "Parent Relationship": "Outer", "Parallel Aware": false, "Async Capable": false, "Relation Name": "info_type", "Alias": "it", "Startup Cost": 0.0, "Total Cost": 2.41, "Plan Rows": 1, "Plan Width": 4, "Filter": "((info)::text = 'votes'::text)"}]}]}]}]}, {"Node Type": "Hash", "Parent Relationship": "Inner", "Parallel Aware": false, "Async Capable": false, "Startup Cost": 1.05, "Total Cost": 1.05, "Plan Rows": 1, "Plan Width": 4, "Plans": [{"Node Type": "Seq Scan", "Parent Relationship": "Outer", "Parallel Aware": false, "Async Capable": false, "Relation Name": "company_type", "Alias": "ct", "Startup Cost": 0.0, "Total Cost": 1.05, "Plan Rows": 1, "Plan Width": 4, "Filter": "((kind)::text = 'production companies'::text)"}]}]}]}]}]}]}]}}, {"Plan": {"Node Type": "Aggregate", "Strategy": "Plain", "Partial Mode": "Simple", "Parallel Aware": false, "Async Capable": false, "Startup Cost": 20000085262.35, "Total Cost": 20000085262.36, "Plan Rows": 1, "Plan Width": 68, "Plans": [{"Node Type": "Nested Loop", "Parent Relationship": "Outer", "Parallel Aware": false, "Async Capable": false, "Join Type": "Inner", "Startup Cost": 20000025706.25, "Total Cost": 20000085253.95, "Plan Rows": 1120, "Plan Width": 45, "Inner Unique": true, "Join Filter": "(t.id = mc.movie_id)", "Plans": [{"Node Type": "Hash Join", "Parent Relationship": "Outer", "Parallel Aware": false, "Async Capable": false, "Join Type": "Inner", "Startup Cost": 20000025705.82, "Total Cost": 20000084568.49, "Plan Rows": 1156, "Plan Width": 32, "Inner Unique": true, "Hash Cond": "(mc.company_type_id = ct.id)", "Plans": [{"Node Type": "Hash Join", "Parent Relationship": "Outer", "Parallel Aware": false, "Async Capable": false, "Join Type": "Inner", "Startup Cost": 20000025693.61, "Total Cost": 20000084531.28, "Plan Rows": 4622, "Plan Width": 36, "Inner Unique": false, "Hash Cond": "(mc.movie_id = mi_idx.movie_id)", "Plans": [{"Node Type": "Seq Scan", "Parent Relationship": "Outer", "Parallel Aware": false, "Async Capable": false, "Relation Name": "movie_companies", "Alias": "mc", "Startup Cost": 10000000000.0, "Total Cost": 10000057960.93, "Plan Rows": 221472, "Plan Width": 32, "Filter": "(((note)::text !~~ '%(1994)%'::text) AND ((note)::text ~~ '%(TV)%'::text))"}, {"Node Type": "Hash", "Parent Relationship": "Inner", "Parallel Aware": false, "Async Capable": false, "Startup Cost": 10000025540.94, "Total Cost": 10000025540.94, "Plan Rows": 12213, "Plan Width": 4, "Plans": [{"Node Type": "Hash Join", "Parent Relationship": "Outer", "Parallel Aware": false, "Async Capable": false, "Join Type": "Inner", "Startup Cost": 10000000014.13, "Total Cost": 10000025540.94, "Plan Rows": 12213, "Plan Width": 4, "Inner Unique": true, "Hash Cond": "(mi_idx.info_type_id = it.id)", "Plans": [{"Node Type": "Seq Scan", "Parent Relationship": "Outer", "Parallel Aware": false, "Async Capable": false, "Relation Name": "movie_info_idx", "Alias": "mi_idx", "Startup Cost": 10000000000.0, "Total Cost": 10000021768.35, "Plan Rows": 1380035, "Plan Width": 8}, {"Node Type": "Hash", "Parent Relationship": "Inner", "Parallel Aware": false, "Async Capable": false, "Startup Cost": 14.12, "Total Cost": 14.12, "Plan Rows": 1, "Plan Width": 4, "Plans": [{"Node Type": "Index Scan", "Parent Relationship": "Outer", "Parallel Aware": false, "Async Capable": false, "Scan Direction": "Forward", "Index Name": "info_type_pkey", "Relation Name": "info_type", "Alias": "it", "Startup Cost": 0.14, "Total Cost": 14.12, "Plan Rows": 1, "Plan Width": 4, "Filter": "((info)::text = 'votes'::text)"}]}]}]}]}, {"Node Type": "Hash", "Parent Relationship": "Inner", "Parallel Aware": false, "Async Capable": false, "Startup Cost": 12.2, "Total Cost": 12.2, "Plan Rows": 1, "Plan Width": 4, "Plans": [{"Node Type": "Index Scan", "Parent Relationship": "Outer", "Parallel Aware": false, "Async Capable": false, "Scan Direction": "Forward", "Index Name": "company_type_pkey", "Relation Name": "company_type", "Alias": "ct", "Startup Cost": 0.13, "Total Cost": 12.2, "Plan Rows": 1, "Plan Width": 4, "Filter": "((kind)::text = 'production companies'::text)"}]}]}, {"Node Type": "Index Scan", "Parent Relationship": "Inner", "Parallel Aware": false, "Async Capable": false, "Scan Direction": "Forward", "Index Name": "title_pkey", "Relation Name": "title", "Alias": "t", "Startup Cost": 0.43, "Total Cost": 0.58, "Plan Rows": 1, "Plan Width": 25, "Index Cond": "(id = mi_idx.movie_id)", "Filter": "(production_year >= 1900)"}]}]}}, {"Plan": {"Node Type": "Aggregate", "Strategy": "Plain", "Partial Mode": "Simple", "Parallel Aware": false, "Async Capable": false, "Startup Cost": 50000095452.41, "Total Cost": 50000095452.42, "Plan Rows": 1, "Plan Width": 68, "Plans": [{"Node Type": "Nested Loop", "Parent Relationship": "Outer", "Parallel Aware": false, "Async Capable": false, "Join Type": "Inner", "Startup Cost": 50000089903.02, "Total Cost": 50000095444.01, "Plan Rows": 1120, "Plan Width": 45, "Inner Unique": true, "Join Filter": "(t.id = mc.movie_id)", "Plans": [{"Node Type": "Merge Join", "Parent Relationship": "Outer", "Parallel Aware": false, "Async Capable": false, "Join Type": "Inner", "Startup Cost": 40000089902.55, "Total Cost": 40000090252.01, "Plan Rows": 1156, "Plan Width": 32, "Inner Unique": false, "Merge Cond": "(mc.movie_id = mi_idx.movie_id)", "Plans": [{"Node Type": "Sort", "Parent Relationship": "Outer", "Parallel Aware": false, "Async Capable": false, "Startup Cost": 20000063532.58, "Total Cost": 20000063671.0, "Plan Rows": 55368, "Plan Width": 28, "Sort Key": ["mc.movie_id"], "Plans": [{"Node Type": "Hash Join", "Parent Relationship": "Outer", "Parallel Aware": false, "Async Capable": false, "Join Type": "Inner", "Startup Cost": 20000000012.21, "Total Cost": 20000059170.48, "Plan Rows": 55368, "Plan Width": 28, "Inner Unique": true, "Hash Cond": "(mc.company_type_id = ct.id)", "Plans": [{"Node Type": "Seq Scan", "Parent Relationship": "Outer", "Parallel Aware": false, "Async Capable": false, "Relation Name": "movie_companies", "Alias": "mc", "Startup Cost": 10000000000.0, "Total Cost": 10000057960.93, "Plan Rows": 221472, "Plan Width": 32, "Filter": "(((note)::text !~~ '%(1994)%'::text) AND ((note)::text ~~ '%(TV)%'::text))"}, {"Node Type": "Hash", "Parent Relationship": "Inner", "Parallel Aware": false, "Async Capable": false, "Startup Cost": 10000000012.2, "Total Cost": 10000000012.2, "Plan Rows": 1, "Plan Width": 4, "Plans": [{"Node Type": "Index Scan", "Parent Relationship": "Outer", "Parallel Aware": false, "Async Capable": false, "Scan Direction": "Forward", "Index Name": "company_type_pkey", "Relation Name": "company_type", "Alias": "ct", "Startup Cost": 10000000000.13, "Total Cost": 10000000012.2, "Plan Rows": 1, "Plan Width": 4, "Filter": "((kind)::text = 'production companies'::text)"}]}]}]}, {"Node Type": "Sort", "Parent Relationship": "Inner", "Parallel Aware": false, "Async Capable": false, "Startup Cost": 20000026369.97, "Total Cost": 20000026400.5, "Plan Rows": 12213, "Plan Width": 4, "Sort Key": ["mi_idx.movie_id"], "Plans": [{"Node Type": "Hash Join", "Parent Relationship": "Outer", "Parallel Aware": false, "Async Capable": false, "Join Type": "Inner", "Startup Cost": 20000000014.13, "Total Cost": 20000025540.94, "Plan Rows": 12213, "Plan Width": 4, "Inner Unique": true, "Hash Cond": "(mi_idx.info_type_id = it.id)", "Plans": [{"Node Type": "Seq Scan", "Parent Relationship": "Outer", "Parallel Aware": false, "Async Capable": false, "Relation Name": "movie_info_idx", "Alias": "mi_idx", "Startup Cost": 10000000000.0, "Total Cost": 10000021768.35, "Plan Rows": 1380035, "Plan Width": 8}, {"Node Type": "Hash", "Parent Relationship": "Inner", "Parallel Aware": false, "Async Capable": false, "Startup Cost": 10000000014.12, "Total Cost": 10000000014.12, "Plan Rows": 1, "Plan Width": 4, "Plans": [{"Node Type": "Index Scan", "Parent Relationship": "Outer", "Parallel Aware": false, "Async Capable": false, "Scan Direction": "Forward", "Index Name": "info_type_pkey", "Relation Name": "info_type", "Alias": "it", "Startup Cost": 10000000000.14, "Total Cost": 10000000014.12, "Plan Rows": 1, "Plan Width": 4, "Filter": "((info)::text = 'votes'::text)"}]}]}]}]}, {"Node Type": "Bitmap Heap Scan", "Parent Relationship": "Inner", "Parallel Aware": false, "Async Capable": false, "Relation Name": "title", "Alias": "t", "Startup Cost": 0.46, "Total Cost": 4.48, "Plan Rows": 1, "Plan Width": 25, "Recheck Cond": "(id = mi_idx.movie_id)", "Filter": "(production_year >= 1900)", "Plans": [{"Node Type": "Bitmap Index Scan", "Parent Relationship": "Outer", "Parallel Aware": false, "Async Capable": false, "Index Name": "title_pkey", "Startup Cost": 0.0, "Total Cost": 0.46, "Plan Rows": 1, "Plan Width": 0, "Index Cond": "(id = mi_idx.movie_id)"}]}]}]}}, {"Plan": {"Node Type": "Aggregate", "Strategy": "Plain", "Partial Mode": "Simple", "Parallel Aware": false, "Async Capable": false, "Startup Cost": 20000130545.38, "Total Cost": 20000130545.39, "Plan Rows": 1, "Plan Width": 68, "Plans": [{"Node Type": "Nested Loop", "Parent Relationship": "Outer", "Parallel Aware": false, "Async Capable": false, "Join Type": "Inner", "Startup Cost": 20000124995.99, "Total Cost": 20000130536.98, "Plan Rows": 1120, "Plan Width": 45, "Inner Unique": true, "Join Filter": "(t.id = mc.movie_id)", "Plans": [{"Node Type": "Merge Join", "Parent Relationship": "Outer", "Parallel Aware": false, "Async Capable": false, "Join Type": "Inner", "Startup Cost": 20000124995.53, "Total Cost": 20000125344.99, "Plan Rows": 1156, "Plan Width": 32, "Inner Unique": false, "Merge Cond": "(mc.movie_id = mi_idx.movie_id)", "Plans": [{"Node Type": "Sort", "Parent Relationship": "Outer", "Parallel Aware": false, "Async Capable": false, "Startup Cost": 10000067872.29, "Total Cost": 10000068010.71, "Plan Rows": 55368, "Plan Width": 28, "Sort Key": ["mc.movie_id"], "Plans": [{"Node Type": "Nested Loop", "Parent Relationship": "Outer", "Parallel Aware": false, "Async Capable": false, "Join Type": "Inner", "Startup Cost": 10000000000.15, "Total Cost": 10000063510.19, "Plan Rows": 55368, "Plan Width": 28, "Inner Unique": true, "Plans": [{"Node Type": "Seq Scan", "Parent Relationship": "Outer", "Parallel Aware": false, "Async Capable": false, "Relation Name": "movie_companies", "Alias": "mc", "Startup Cost": 10000000000.0, "Total Cost": 10000057960.93, "Plan Rows": 221472, "Plan Width": 32, "Filter": "(((note)::text !~~ '%(1994)%'::text) AND ((note)::text ~~ '%(TV)%'::text))"}, {"Node Type": "Memoize", "Parent Relationship": "Inner", "Parallel Aware": false, "Async Capable": false, "Startup Cost": 0.15, "Total Cost": 4.16, "Plan Rows": 1, "Plan Width": 4, "Cache Key": "mc.company_type_id", "Cache Mode": "logical", "Plans": [{"Node Type": "Bitmap Heap Scan", "Parent Relationship": "Outer", "Parallel Aware": false, "Async Capable": false, "Relation Name": "company_type", "Alias": "ct", "Startup Cost": 0.14, "Total Cost": 4.15, "Plan Rows": 1, "Plan Width": 4, "Recheck Cond": "(id = mc.company_type_id)", "Filter": "((kind)::text = 'production companies'::text)", "Plans": [{"Node Type": "Bitmap Index Scan", "Parent Relationship": "Outer", "Parallel Aware": false, "Async Capable": false, "Index Name": "company_type_pkey", "Startup Cost": 0.0, "Total Cost": 0.14, "Plan Rows": 1, "Plan Width": 0, "Index Cond": "(id = mc.company_type_id)"}]}]}]}]}, {"Node Type": "Sort", "Parent Relationship": "Inner", "Parallel Aware": false, "Async Capable": false, "Startup Cost": 10000057123.24, "Total Cost": 10000057153.77, "Plan Rows": 12213, "Plan Width": 4, "Sort Key": ["mi_idx.movie_id"], "Plans": [{"Node Type": "Nested Loop", "Parent Relationship": "Outer", "Parallel Aware": false, "Async Capable": false, "Join Type": "Inner", "Startup Cost": 10000000000.16, "Total Cost": 10000056294.21, "Plan Rows": 12213, "Plan Width": 4, "Inner Unique": true, "Plans": [{"Node Type": "Seq Scan", "Parent Relationship": "Outer", "Parallel Aware": false, "Async Capable": false, "Relation Name": "movie_info_idx", "Alias": "mi_idx", "Startup Cost": 10000000000.0, "Total Cost": 10000021768.35, "Plan Rows": 1380035, "Plan Width": 8}, {"Node Type": "Memoize", "Parent Relationship": "Inner", "Parallel Aware": false, "Async Capable": false, "Startup Cost": 0.16, "Total Cost": 4.18, "Plan Rows": 1, "Plan Width": 4, "Cache Key": "mi_idx.info_type_id", "Cache Mode": "logical", "Plans": [{"Node Type": "Bitmap Heap Scan", "Parent Relationship": "Outer", "Parallel Aware": false, "Async Capable": false, "Relation Name": "info_type", "Alias": "it", "Startup Cost": 0.15, "Total Cost": 4.17, "Plan Rows": 1, "Plan Width": 4, "Recheck Cond": "(id = mi_idx.info_type_id)", "Filter": "((info)::text = 'votes'::text)", "Plans": [{"Node Type": "Bitmap Index Scan", "Parent Relationship": "Outer", "Parallel Aware": false, "Async Capable": false, "Index Name": "info_type_pkey", "Startup Cost": 0.0, "Total Cost": 0.15, "Plan Rows": 1, "Plan Width": 0, "Index Cond": "(id = mi_idx.info_type_id)"}]}]}]}]}]}, {"Node Type": "Bitmap Heap Scan", "Parent Relationship": "Inner", "Parallel Aware": false, "Async Capable": false, "Relation Name": "title", "Alias": "t", "Startup Cost": 0.46, "Total Cost": 4.48, "Plan Rows": 1, "Plan Width": 25, "Recheck Cond": "(id = mi_idx.movie_id)", "Filter": "(production_year >= 1900)", "Plans": [{"Node Type": "Bitmap Index Scan", "Parent Relationship": "Outer", "Parallel Aware": false, "Async Capable": false, "Index Name": "title_pkey", "Startup Cost": 0.0, "Total Cost": 0.46, "Plan Rows": 1, "Plan Width": 0, "Index Cond": "(id = mi_idx.movie_id)"}]}]}]}}, {"Plan": {"Node Type": "Aggregate", "Strategy": "Plain", "Partial Mode": "Finalize", "Parallel Aware": false, "Async Capable": false, "Startup Cost": 49760.59, "Total Cost": 49760.6, "Plan Rows": 1, "Plan Width": 68, "Plans": [{"Node Type": "Gather", "Parent Relationship": "Outer", "Parallel Aware": false, "Async Capable": false, "Startup Cost": 49760.26, "Total Cost": 49760.57, "Plan Rows": 3, "Plan Width": 68, "Workers Planned": 3, "Single Copy": false, "Plans": [{"Node Type": "Aggregate", "Strategy": "Plain", "Partial Mode": "Partial", "Parent Relationship": "Outer", "Parallel Aware": false, "Async Capable": false, "Startup Cost": 48760.26, "Total Cost": 48760.27, "Plan Rows": 1, "Plan Width": 68, "Plans": [{"Node Type": "Nested Loop", "Parent Relationship": "Outer", "Parallel Aware": false, "Async Capable": false, "Join Type": "Inner", "Startup Cost": 15351.74, "Total Cost": 48757.55, "Plan Rows": 361, "Plan Width": 45, "Inner Unique": true, "Join Filter": "(t.id = mc.movie_id)", "Plans": [{"Node Type": "Hash Join", "Parent Relationship": "Outer", "Parallel Aware": false, "Async Capable": false, "Join Type": "Inner", "Startup Cost": 15351.28, "Total Cost": 47082.28, "Plan Rows": 373, "Plan Width": 32, "Inner Unique": true, "Hash Cond": "(mc.company_type_id = ct.id)", "Plans": [{"Node Type": "Hash Join", "Parent Relationship": "Outer", "Parallel Aware": true, "Async Capable": false, "Join Type": "Inner", "Startup Cost": 15350.21, "Total Cost": 47073.15, "Plan Rows": 1491, "Plan Width": 36, "Inner Unique": false, "Hash Cond": "(mc.movie_id = mi_idx.movie_id)", "Plans": [{"Node Type": "Seq Scan", "Parent Relationship": "Outer", "Parallel Aware": true, "Async Capable": false, "Relation Name": "movie_companies", "Alias": "mc", "Startup Cost": 0.0, "Total Cost": 31448.82, "Plan Rows": 71443, "Plan Width": 32, "Filter": "(((note)::text !~~ '%(1994)%'::text) AND ((note)::text ~~ '%(TV)%'::text))"}, {"Node Type": "Hash", "Parent Relationship": "Inner", "Parallel Aware": true, "Async Capable": false, "Startup Cost": 15286.6, "Total Cost": 15286.6, "Plan Rows": 5089, "Plan Width": 4, "Plans": [{"Node Type": "Hash Join", "Parent Relationship": "Outer", "Parallel Aware": false, "Async Capable": false, "Join Type": "Inner", "Startup Cost": 2.43, "Total Cost": 15286.6, "Plan Rows": 5089, "Plan Width": 4, "Inner Unique": true, "Hash Cond": "(mi_idx.info_type_id = it.id)", "Plans": [{"Node Type": "Seq Scan", "Parent Relationship": "Outer", "Parallel Aware": true, "Async Capable": false, "Relation Name": "movie_info_idx", "Alias": "mi_idx", "Startup Cost": 0.0, "Total Cost": 13718.15, "Plan Rows": 575015, "Plan Width": 8}, {"Node Type": "Hash", "Parent Relationship": "Inner", "Parallel Aware": false, "Async Capable": false, "Startup Cost": 2.41, "Total Cost": 2.41, "Plan Rows": 1, "Plan Width": 4, "Plans": [{"Node Type": "Seq Scan", "Parent Relationship": "Outer", "Parallel Aware": false, "Async Capable": false, "Relation Name": "info_type", "Alias": "it", "Startup Cost": 0.0, "Total Cost": 2.41, "Plan Rows": 1, "Plan Width": 4, "Filter": "((info)::text = 'votes'::text)"}]}]}]}]}, {"Node Type": "Hash", "Parent Relationship": "Inner", "Parallel Aware": false, "Async Capable": false, "Startup Cost": 1.05, "Total Cost": 1.05, "Plan Rows": 1, "Plan Width": 4, "Plans": [{"Node Type": "Seq Scan", "Parent Relationship": "Outer", "Parallel Aware": false, "Async Capable": false, "Relation Name": "company_type", "Alias": "ct", "Startup Cost": 0.0, "Total Cost": 1.05, "Plan Rows": 1, "Plan Width": 4, "Filter": "((kind)::text = 'production companies'::text)"}]}]}, {"Node Type": "Bitmap Heap Scan", "Parent Relationship": "Inner", "Parallel Aware": false, "Async Capable": false, "Relation Name": "title", "Alias": "t", "Startup Cost": 0.46, "Total Cost": 4.48, "Plan Rows": 1, "Plan Width": 25, "Recheck Cond": "(id = mi_idx.movie_id)", "Filter": "(production_year >= 1900)", "Plans": [{"Node Type": "Bitmap Index Scan", "Parent Relationship": "Outer", "Parallel Aware": false, "Async Capable": false, "Index Name": "title_pkey", "Startup Cost": 0.0, "Total Cost": 0.46, "Plan Rows": 1, "Plan Width": 0, "Index Cond": "(id = mi_idx.movie_id)"}]}]}]}]}]}}, {"Plan": {"Node Type": "Aggregate", "Strategy": "Plain", "Partial Mode": "Simple", "Parallel Aware": false, "Async Capable": false, "Startup Cost": 20000112670.67, "Total Cost": 20000112670.68, "Plan Rows": 1, "Plan Width": 68, "Plans": [{"Node Type": "Nested Loop", "Parent Relationship": "Outer", "Parallel Aware": false, "Async Capable": false, "Join Type": "Inner", "Startup Cost": 20000039019.56, "Total Cost": 20000112662.27, "Plan Rows": 1120, "Plan Width": 45, "Inner Unique": true, "Join Filter": "(t.id = mc.movie_id)", "Plans": [{"Node Type": "Nested Loop", "Parent Relationship": "Outer", "Parallel Aware": false, "Async Capable": false, "Join Type": "Inner", "Startup Cost": 20000039019.1, "Total Cost": 20000107470.28, "Plan Rows": 1156, "Plan Width": 32, "Inner Unique": true, "Plans": [{"Node Type": "Hash Join", "Parent Relationship": "Outer", "Parallel Aware": false, "Async Capable": false, "Join Type": "Inner", "Startup Cost": 20000039018.94, "Total Cost": 20000104180.82, "Plan Rows": 130579, "Plan Width": 36, "Inner Unique": false, "Hash Cond": "(mc.movie_id = mi_idx.movie_id)", "Plans": [{"Node Type": "Nested Loop", "Parent Relationship": "Outer", "Parallel Aware": false, "Async Capable": false, "Join Type": "Inner", "Startup Cost": 10000000000.15, "Total Cost": 10000063510.19, "Plan Rows": 55368, "Plan Width": 28, "Inner Unique": true, "Plans": [{"Node Type": "Seq Scan", "Parent Relationship": "Outer", "Parallel Aware": false, "Async Capable": false, "Relation Name": "movie_companies", "Alias": "mc", "Startup Cost": 10000000000.0, "Total Cost": 10000057960.93, "Plan Rows": 221472, "Plan Width": 32, "Filter": "(((note)::text !~~ '%(1994)%'::text) AND ((note)::text ~~ '%(TV)%'::text))"}, {"Node Type": "Memoize", "Parent Relationship": "Inner", "Parallel Aware": false, "Async Capable": false, "Startup Cost": 0.15, "Total Cost": 4.16, "Plan Rows": 1, "Plan Width": 4, "Cache Key": "mc.company_type_id", "Cache Mode": "logical", "Plans": [{"Node Type": "Bitmap Heap Scan", "Parent Relationship": "Outer", "Parallel Aware": false, "Async Capable": false, "Relation Name": "company_type", "Alias": "ct", "Startup Cost": 0.14, "Total Cost": 4.15, "Plan Rows": 1, "Plan Width": 4, "Recheck Cond": "(id = mc.company_type_id)", "Filter": "((kind)::text = 'production companies'::text)", "Plans": [{"Node Type": "Bitmap Index Scan", "Parent Relationship": "Outer", "Parallel Aware": false, "Async Capable": false, "Index Name": "company_type_pkey", "Startup Cost": 0.0, "Total Cost": 0.14, "Plan Rows": 1, "Plan Width": 0, "Index Cond": "(id = mc.company_type_id)"}]}]}]}, {"Node Type": "Hash", "Parent Relationship": "Inner", "Parallel Aware": false, "Async Capable": false, "Startup Cost": 10000021768.35, "Total Cost": 10000021768.35, "Plan Rows": 1380035, "Plan Width": 8, "Plans": [{"Node Type": "Seq Scan", "Parent Relationship": "Outer", "Parallel Aware": false, "Async Capable": false, "Relation Name": "movie_info_idx", "Alias": "mi_idx", "Startup Cost": 10000000000.0, "Total Cost": 10000021768.35, "Plan Rows": 1380035, "Plan Width": 8}]}]}, {"Node Type": "Memoize", "Parent Relationship": "Inner", "Parallel Aware": false, "Async Capable": false, "Startup Cost": 0.16, "Total Cost": 4.18, "Plan Rows": 1, "Plan Width": 4, "Cache Key": "mi_idx.info_type_id", "Cache Mode": "logical", "Plans": [{"Node Type": "Bitmap Heap Scan", "Parent Relationship": "Outer", "Parallel Aware": false, "Async Capable": false, "Relation Name": "info_type", "Alias": "it", "Startup Cost": 0.15, "Total Cost": 4.17, "Plan Rows": 1, "Plan Width": 4, "Recheck Cond": "(id = mi_idx.info_type_id)", "Filter": "((info)::text = 'votes'::text)", "Plans": [{"Node Type": "Bitmap Index Scan", "Parent Relationship": "Outer", "Parallel Aware": false, "Async Capable": false, "Index Name": "info_type_pkey", "Startup Cost": 0.0, "Total Cost": 0.15, "Plan Rows": 1, "Plan Width": 0, "Index Cond": "(id = mi_idx.info_type_id)"}]}]}]}, {"Node Type": "Bitmap Heap Scan", "Parent Relationship": "Inner", "Parallel Aware": false, "Async Capable": false, "Relation Name": "title", "Alias": "t", "Startup Cost": 0.46, "Total Cost": 4.48, "Plan Rows": 1, "Plan Width": 25, "Recheck Cond": "(id = mi_idx.movie_id)", "Filter": "(production_year >= 1900)", "Plans": [{"Node Type": "Bitmap Index Scan", "Parent Relationship": "Outer", "Parallel Aware": false, "Async Capable": false, "Index Name": "title_pkey", "Startup Cost": 0.0, "Total Cost": 0.46, "Plan Rows": 1, "Plan Width": 0, "Index Cond": "(id = mi_idx.movie_id)"}]}]}]}}, {"Plan": {"Node Type": "Aggregate", "Strategy": "Plain", "Partial Mode": "Simple", "Parallel Aware": false, "Async Capable": false, "Startup Cost": 20000372214.93, "Total Cost": 20000372214.94, "Plan Rows": 1, "Plan Width": 68, "Plans": [{"Node Type": "Merge Join", "Parent Relationship": "Outer", "Parallel Aware": false, "Async Capable": false, "Join Type": "Inner", "Startup Cost": 20000372160.88, "Total Cost": 20000372206.53, "Plan Rows": 1120, "Plan Width": 45, "Inner Unique": true, "Merge Cond": "(mc.company_type_id = ct.id)", "Plans": [{"Node Type": "Sort", "Parent Relationship": "Outer", "Parallel Aware": false, "Async Capable": false, "Startup Cost": 20000372160.75, "Total Cost": 20000372171.94, "Plan Rows": 4477, "Plan Width": 49, "Sort Key": ["mc.company_type_id"], "Plans": [{"Node Type": "Merge Join", "Parent Relationship": "Outer", "Parallel Aware": false, "Async Capable": false, "Join Type": "Inner", "Startup Cost": 20000247998.68, "Total Cost": 20000371889.26, "Plan Rows": 4477, "Plan Width": 49, "Inner Unique": false, "Merge Cond": "(t.id = mc.movie_id)", "Plans": [{"Node Type": "Merge Join", "Parent Relationship": "Outer", "Parallel Aware": false, "Async Capable": false, "Join Type": "Inner", "Startup Cost": 10000170374.6, "Total Cost": 10000293242.55, "Plan Rows": 11831, "Plan Width": 29, "Inner Unique": true, "Merge Cond": "(mi_idx.movie_id = t.id)", "Plans": [{"Node Type": "Sort", "Parent Relationship": "Outer", "Parallel Aware": false, "Async Capable": false, "Startup Cost": 10000170371.66, "Total Cost": 10000170402.19, "Plan Rows": 12213, "Plan Width": 4, "Sort Key": ["mi_idx.movie_id"], "Plans": [{"Node Type": "Merge Join", "Parent Relationship": "Outer", "Parallel Aware": false, "Async Capable": false, "Join Type": "Inner", "Startup Cost": 10000162520.33, "Total Cost": 10000169542.63, "Plan Rows": 12213, "Plan Width": 4, "Inner Unique": false, "Merge Cond": "(it.id = mi_idx.info_type_id)", "Plans": [{"Node Type": "Index Scan", "Parent Relationship": "Outer", "Parallel Aware": false, "Async Capable": false, "Scan Direction": "Forward", "Index Name": "info_type_pkey", "Relation Name": "info_type", "Alias": "it", "Startup Cost": 0.14, "Total Cost": 14.12, "Plan Rows": 1, "Plan Width": 4, "Filter": "((info)::text = 'votes'::text)"}, {"Node Type": "Sort", "Parent Relationship": "Inner", "Parallel Aware": false, "Async Capable": false, "Startup Cost": 10000162506.21, "Total Cost": 10000165956.29, "Plan Rows": 1380035, "Plan Width": 8, "Sort Key": ["mi_idx.info_type_id"], "Plans": [{"Node Type": "Seq Scan", "Parent Relationship": "Outer", "Parallel Aware": false, "Async Capable": false, "Relation Name": "movie_info_idx", "Alias": "mi_idx", "Startup Cost": 10000000000.0, "Total Cost": 10000021768.35, "Plan Rows": 1380035, "Plan Width": 8}]}]}]}, {"Node Type": "Index Scan", "Parent Relationship": "Inner", "Parallel Aware": false, "Async Capable": false, "Scan Direction": "Forward", "Index Name": "title_pkey", "Relation Name": "title", "Alias": "t", "Startup Cost": 0.43, "Total Cost": 116689.45, "Plan Rows": 2449245, "Plan Width": 25, "Filter": "(production_year >= 1900)"}]}, {"Node Type": "Sort", "Parent Relationship": "Inner", "Parallel Aware": false, "Async Capable": false, "Startup Cost": 10000077624.07, "Total Cost": 10000078177.75, "Plan Rows": 221472, "Plan Width": 32, "Sort Key": ["mc.movie_id"], "Plans": [{"Node Type": "Seq Scan", "Parent Relationship": "Outer", "Parallel Aware": false, "Async Capable": false, "Relation Name": "movie_companies", "Alias": "mc", "Startup Cost": 10000000000.0, "Total Cost": 10000057960.93, "Plan Rows": 221472, "Plan Width": 32, "Filter": "(((note)::text !~~ '%(1994)%'::text) AND ((note)::text ~~ '%(TV)%'::text))"}]}]}]}, {"Node Type": "Index Scan", "Parent Relationship": "Inner", "Parallel Aware": false, "Async Capable": false, "Scan Direction": "Forward", "Index Name": "company_type_pkey", "Relation Name": "company_type", "Alias": "ct", "Startup Cost": 0.13, "Total Cost": 12.2, "Plan Rows": 1, "Plan Width": 4, "Filter": "((kind)::text = 'production companies'::text)"}]}]}}, {"Plan": {"Node Type": "Aggregate", "Strategy": "Plain", "Partial Mode": "Simple", "Parallel Aware": false, "Async Capable": false, "Startup Cost": 20000106008.9, "Total Cost": 20000106008.91, "Plan Rows": 1, "Plan Width": 68, "Plans": [{"Node Type": "Nested Loop", "Parent Relationship": "Outer", "Parallel Aware": false, "Async Capable": false, "Join Type": "Inner", "Startup Cost": 20000104966.0, "Total Cost": 20000106000.5, "Plan Rows": 1120, "Plan Width": 45, "Inner Unique": true, "Join Filter": "(t.id = mc.movie_id)", "Plans": [{"Node Type": "Merge Join", "Parent Relationship": "Outer", "Parallel Aware": false, "Async Capable": false, "Join Type": "Inner", "Startup Cost": 20000104965.57, "Total Cost": 20000105315.03, "Plan Rows": 1156, "Plan Width": 32, "Inner Unique": false, "Merge Cond": "(mc.movie_id = mi_idx.movie_id)", "Plans": [{"Node Type": "Sort", "Parent Relationship": "Outer", "Parallel Aware": false, "Async Capable": false, "Startup Cost": 10000065103.64, "Total Cost": 10000065242.06, "Plan Rows": 55368, "Plan Width": 28, "Sort Key": ["mc.movie_id"], "Plans": [{"Node Type": "Nested Loop", "Parent Relationship": "Outer", "Parallel Aware": false, "Async Capable": false, "Join Type": "Inner", "Startup Cost": 10000000000.13, "Total Cost": 10000060741.53, "Plan Rows": 55368, "Plan Width": 28, "Inner Unique": false, "Join Filter": "(ct.id = mc.company_type_id)", "Plans": [{"Node Type": "Index Scan", "Parent Relationship": "Outer", "Parallel Aware": false, "Async Capable": false, "Scan Direction": "Forward", "Index Name": "company_type_pkey", "Relation Name": "company_type", "Alias": "ct", "Startup Cost": 0.13, "Total Cost": 12.2, "Plan Rows": 1, "Plan Width": 4, "Filter": "((kind)::text = 'production companies'::text)"}, {"Node Type": "Seq Scan", "Parent Relationship": "Inner", "Parallel Aware": false, "Async Capable": false, "Relation Name": "movie_companies", "Alias": "mc", "Startup Cost": 10000000000.0, "Total Cost": 10000057960.93, "Plan Rows": 221472, "Plan Width": 32, "Filter": "(((note)::text !~~ '%(1994)%'::text) AND ((note)::text ~~ '%(TV)%'::text))"}]}]}, {"Node Type": "Sort", "Parent Relationship": "Inner", "Parallel Aware": false, "Async Capable": false, "Startup Cost": 10000039861.93, "Total Cost": 10000039892.47, "Plan Rows": 12213, "Plan Width": 4, "Sort Key": ["mi_idx.movie_id"], "Plans": [{"Node Type": "Nested Loop", "Parent Relationship": "Outer", "Parallel Aware": false, "Async Capable": false, "Join Type": "Inner", "Startup Cost": 10000000000.14, "Total Cost": 10000039032.91, "Plan Rows": 12213, "Plan Width": 4, "Inner Unique": false, "Join Filter": "(it.id = mi_idx.info_type_id)", "Plans": [{"Node Type": "Index Scan", "Parent Relationship": "Outer", "Parallel Aware": false, "Async Capable": false, "Scan Direction": "Forward", "Index Name": "info_type_pkey", "Relation Name": "info_type", "Alias": "it", "Startup Cost": 0.14, "Total Cost": 14.12, "Plan Rows": 1, "Plan Width": 4, "Filter": "((info)::text = 'votes'::text)"}, {"Node Type": "Seq Scan", "Parent Relationship": "Inner", "Parallel Aware": false, "Async Capable": false, "Relation Name": "movie_info_idx", "Alias": "mi_idx", "Startup Cost": 10000000000.0, "Total Cost": 10000021768.35, "Plan Rows": 1380035, "Plan Width": 8}]}]}]}, {"Node Type": "Index Scan", "Parent Relationship": "Inner", "Parallel Aware": false, "Async Capable": false, "Scan Direction": "Forward", "Index Name": "title_pkey", "Relation Name": "title", "Alias": "t", "Startup Cost": 0.43, "Total Cost": 0.58, "Plan Rows": 1, "Plan Width": 25, "Index Cond": "(id = mi_idx.movie_id)", "Filter": "(production_year >= 1900)"}]}]}}, {"Plan": {"Node Type": "Aggregate", "Strategy": "Plain", "Partial Mode": "Finalize", "Parallel Aware": false, "Async Capable": false, "Startup Cost": 75725.27, "Total Cost": 75725.28, "Plan Rows": 1, "Plan Width": 68, "Plans": [{"Node Type": "Gather", "Parent Relationship": "Outer", "Parallel Aware": false, "Async Capable": false, "Startup Cost": 75724.93, "Total Cost": 75725.24, "Plan Rows": 3, "Plan Width": 68, "Workers Planned": 3, "Single Copy": false, "Plans": [{"Node Type": "Aggregate", "Strategy": "Plain", "Partial Mode": "Partial", "Parent Relationship": "Outer", "Parallel Aware": false, "Async Capable": false, "Startup Cost": 74724.93, "Total Cost": 74724.94, "Plan Rows": 1, "Plan Width": 68, "Plans": [{"Node Type": "Nested Loop", "Parent Relationship": "Outer", "Parallel Aware": false, "Async Capable": false, "Join Type": "Inner", "Startup Cost": 74347.39, "Total Cost": 74722.23, "Plan Rows": 361, "Plan Width": 45, "Inner Unique": true, "Join Filter": "(t.id = mc.movie_id)", "Plans": [{"Node Type": "Merge Join", "Parent Relationship": "Outer", "Parallel Aware": false, "Async Capable": false, "Join Type": "Inner", "Startup Cost": 74346.96, "Total Cost": 74501.05, "Plan Rows": 373, "Plan Width": 32, "Inner Unique": false, "Merge Cond": "(mc.movie_id = mi_idx.movie_id)", "Plans": [{"Node Type": "Sort", "Parent Relationship": "Outer", "Parallel Aware": false, "Async Capable": false, "Startup Cost": 34496.73, "Total Cost": 34541.38, "Plan Rows": 17861, "Plan Width": 28, "Sort Key": ["mc.movie_id"], "Plans": [{"Node Type": "Nested Loop", "Parent Relationship": "Outer", "Parallel Aware": false, "Async Capable": false, "Join Type": "Inner", "Startup Cost": 0.14, "Total Cost": 33235.34, "Plan Rows": 17861, "Plan Width": 28, "Inner Unique": true, "Plans": [{"Node Type": "Seq Scan", "Parent Relationship": "Outer", "Parallel Aware": true, "Async Capable": false, "Relation Name": "movie_companies", "Alias": "mc", "Startup Cost": 0.0, "Total Cost": 31448.82, "Plan Rows": 71443, "Plan Width": 32, "Filter": "(((note)::text !~~ '%(1994)%'::text) AND ((note)::text ~~ '%(TV)%'::text))"}, {"Node Type": "Memoize", "Parent Relationship": "Inner", "Parallel Aware": false, "Async Capable": false, "Startup Cost": 0.14, "Total Cost": 0.16, "Plan Rows": 1, "Plan Width": 4, "Cache Key": "mc.company_type_id", "Cache Mode": "logical", "Plans": [{"Node Type": "Index Scan", "Parent Relationship": "Outer", "Parallel Aware": false, "Async Capable": false, "Scan Direction": "Forward", "Index Name": "company_type_pkey", "Relation Name": "company_type", "Alias": "ct", "Startup Cost": 0.13, "Total Cost": 0.15, "Plan Rows": 1, "Plan Width": 4, "Index Cond": "(id = mc.company_type_id)", "Filter": "((kind)::text = 'production companies'::text)"}]}]}]}, {"Node Type": "Sort", "Parent Relationship": "Inner", "Parallel Aware": false, "Async Capable": false, "Startup Cost": 39850.23, "Total Cost": 39880.76, "Plan Rows": 12213, "Plan Width": 4, "Sort Key": ["mi_idx.movie_id"], "Plans": [{"Node Type": "Nested Loop", "Parent Relationship": "Outer", "Parallel Aware": false, "Async Capable": false, "Join Type": "Inner", "Startup Cost": 0.0, "Total Cost": 39021.2, "Plan Rows": 12213, "Plan Width": 4, "Inner Unique": false, "Join Filter": "(it.id = mi_idx.info_type_id)", "Plans": [{"Node Type": "Seq Scan", "Parent Relationship": "Outer", "Parallel Aware": false, "Async Capable": false, "Relation Name": "info_type", "Alias": "it", "Startup Cost": 0.0, "Total Cost": 2.41, "Plan Rows": 1, "Plan Width": 4, "Filter": "((info)::text = 'votes'::text)"}, {"Node Type": "Seq Scan", "Parent Relationship": "Inner", "Parallel Aware": false, "Async Capable": false, "Relation Name": "movie_info_idx", "Alias": "mi_idx", "Startup Cost": 0.0, "Total Cost": 21768.35, "Plan Rows": 1380035, "Plan Width": 8}]}]}]}, {"Node Type": "Index Scan", "Parent Relationship": "Inner", "Parallel Aware": false, "Async Capable": false, "Scan Direction": "Forward", "Index Name": "title_pkey", "Relation Name": "title", "Alias": "t", "Startup Cost": 0.43, "Total Cost": 0.58, "Plan Rows": 1, "Plan Width": 25, "Index Cond": "(id = mi_idx.movie_id)", "Filter": "(production_year >= 1900)"}]}]}]}]}}, {"Plan": {"Node Type": "Aggregate", "Strategy": "Plain", "Partial Mode": "Simple", "Parallel Aware": false, "Async Capable": false, "Startup Cost": 246410.4, "Total Cost": 246410.41, "Plan Rows": 1, "Plan Width": 68, "Plans": [{"Node Type": "Merge Join", "Parent Relationship": "Outer", "Parallel Aware": false, "Async Capable": false, "Join Type": "Inner", "Startup Cost": 123351.33, "Total Cost": 246402.0, "Plan Rows": 1120, "Plan Width": 45, "Inner Unique": true, "Merge Cond": "(mc.movie_id = t.id)", "Plans": [{"Node Type": "Merge Join", "Parent Relationship": "Outer", "Parallel Aware": false, "Async Capable": false, "Join Type": "Inner", "Startup Cost": 123350.9, "Total Cost": 123700.36, "Plan Rows": 1156, "Plan Width": 32, "Inner Unique": false, "Merge Cond": "(mc.movie_id = mi_idx.movie_id)", "Plans": [{"Node Type": "Sort", "Parent Relationship": "Outer", "Parallel Aware": false, "Async Capable": false, "Startup Cost": 48644.53, "Total Cost": 48782.95, "Plan Rows": 55368, "Plan Width": 28, "Sort Key": ["mc.movie_id"], "Plans": [{"Node Type": "Gather", "Parent Relationship": "Outer", "Parallel Aware": false, "Async Capable": false, "Startup Cost": 38209.79, "Total Cost": 44282.43, "Plan Rows": 55368, "Plan Width": 28, "Workers Planned": 3, "Single Copy": false, "Plans": [{"Node Type": "Merge Join", "Parent Relationship": "Outer", "Parallel Aware": false, "Async Capable": false, "Join Type": "Inner", "Startup Cost": 37209.79, "Total Cost": 37745.63, "Plan Rows": 17861, "Plan Width": 28, "Inner Unique": true, "Merge Cond": "(mc.company_type_id = ct.id)", "Plans": [{"Node Type": "Sort", "Parent Relationship": "Outer", "Parallel Aware": false, "Async Capable": false, "Startup Cost": 37208.73, "Total Cost": 37387.34, "Plan Rows": 71443, "Plan Width": 32, "Sort Key": ["mc.company_type_id"], "Plans": [{"Node Type": "Seq Scan", "Parent Relationship": "Outer", "Parallel Aware": true, "Async Capable": false, "Relation Name": "movie_companies", "Alias": "mc", "Startup Cost": 0.0, "Total Cost": 31448.82, "Plan Rows": 71443, "Plan Width": 32, "Filter": "(((note)::text !~~ '%(1994)%'::text) AND ((note)::text ~~ '%(TV)%'::text))"}]}, {"Node Type": "Sort", "Parent Relationship": "Inner", "Parallel Aware": false, "Async Capable": false, "Startup Cost": 1.06, "Total Cost": 1.06, "Plan Rows": 1, "Plan Width": 4, "Sort Key": ["ct.id"], "Plans": [{"Node Type": "Seq Scan", "Parent Relationship": "Outer", "Parallel Aware": false, "Async Capable": false, "Relation Name": "company_type", "Alias": "ct", "Startup Cost": 0.0, "Total Cost": 1.05, "Plan Rows": 1, "Plan Width": 4, "Filter": "((kind)::text = 'production companies'::text)"}]}]}]}]}, {"Node Type": "Sort", "Parent Relationship": "Inner", "Parallel Aware": false, "Async Capable": false, "Startup Cost": 74706.37, "Total Cost": 74736.9, "Plan Rows": 12213, "Plan Width": 4, "Sort Key": ["mi_idx.movie_id"], "Plans": [{"Node Type": "Gather", "Parent Relationship": "Outer", "Parallel Aware": false, "Async Capable": false, "Startup Cost": 69730.08, "Total Cost": 73877.34, "Plan Rows": 12213, "Plan Width": 4, "Workers Planned": 2, "Single Copy": false, "Plans": [{"Node Type": "Merge Join", "Parent Relationship": "Outer", "Parallel Aware": false, "Async Capable": false, "Join Type": "Inner", "Startup Cost": 68730.08, "Total Cost": 71656.04, "Plan Rows": 5089, "Plan Width": 4, "Inner Unique": true, "Merge Cond": "(mi_idx.info_type_id = it.id)", "Plans": [{"Node Type": "Sort", "Parent Relationship": "Outer", "Parallel Aware": false, "Async Capable": false, "Startup Cost": 68727.65, "Total Cost": 70165.18, "Plan Rows": 575015, "Plan Width": 8, "Sort Key": ["mi_idx.info_type_id"], "Plans": [{"Node Type": "Seq Scan", "Parent Relationship": "Outer", "Parallel Aware": true, "Async Capable": false, "Relation Name": "movie_info_idx", "Alias": "mi_idx", "Startup Cost": 0.0, "Total Cost": 13718.15, "Plan Rows": 575015, "Plan Width": 8}]}, {"Node Type": "Sort", "Parent Relationship": "Inner", "Parallel Aware": false, "Async Capable": false, "Startup Cost": 2.42, "Total Cost": 2.43, "Plan Rows": 1, "Plan Width": 4, "Sort Key": ["it.id"], "Plans": [{"Node Type": "Seq Scan", "Parent Relationship": "Outer", "Parallel Aware": false, "Async Capable": false, "Relation Name": "info_type", "Alias": "it", "Startup Cost": 0.0, "Total Cost": 2.41, "Plan Rows": 1, "Plan Width": 4, "Filter": "((info)::text = 'votes'::text)"}]}]}]}]}]}, {"Node Type": "Index Scan", "Parent Relationship": "Inner", "Parallel Aware": false, "Async Capable": false, "Scan Direction": "Forward", "Index Name": "title_pkey", "Relation Name": "title", "Alias": "t", "Startup Cost": 0.43, "Total Cost": 116689.45, "Plan Rows": 2449245, "Plan Width": 25, "Filter": "(production_year >= 1900)"}]}]}}, {"Plan": {"Node Type": "Aggregate", "Strategy": "Plain", "Partial Mode": "Simple", "Parallel Aware": false, "Async Capable": false, "Startup Cost": 20009932783.74, "Total Cost": 20009932783.75, "Plan Rows": 1, "Plan Width": 68, "Plans": [{"Node Type": "Nested Loop", "Parent Relationship": "Outer", "Parallel Aware": false, "Async Capable": false, "Join Type": "Inner", "Startup Cost": 20000000000.7, "Total Cost": 20009932775.34, "Plan Rows": 1120, "Plan Width": 45, "Inner Unique": false, "Join Filter": "(t.id = mc.movie_id)", "Plans": [{"Node Type": "Nested Loop", "Parent Relationship": "Outer", "Parallel Aware": false, "Async Capable": false, "Join Type": "Inner", "Startup Cost": 10000000000.13, "Total Cost": 10000060741.53, "Plan Rows": 55368, "Plan Width": 28, "Inner Unique": false, "Join Filter": "(ct.id = mc.company_type_id)", "Plans": [{"Node Type": "Index Scan", "Parent Relationship": "Outer", "Parallel Aware": false, "Async Capable": false, "Scan Direction": "Forward", "Index Name": "company_type_pkey", "Relation Name": "company_type", "Alias": "ct", "Startup Cost": 0.13, "Total Cost": 12.2, "Plan Rows": 1, "Plan Width": 4, "Filter": "((kind)::text = 'production companies'::text)"}, {"Node Type": "Seq Scan", "Parent Relationship": "Inner", "Parallel Aware": false, "Async Capable": false, "Relation Name": "movie_companies", "Alias": "mc", "Startup Cost": 10000000000.0, "Total Cost": 10000057960.93, "Plan Rows": 221472, "Plan Width": 32, "Filter": "(((note)::text !~~ '%(1994)%'::text) AND ((note)::text ~~ '%(TV)%'::text))"}]}, {"Node Type": "Materialize", "Parent Relationship": "Inner", "Parallel Aware": false, "Async Capable": false, "Startup Cost": 10000000000.57, "Total Cost": 10000046181.26, "Plan Rows": 11831, "Plan Width": 29, "Plans": [{"Node Type": "Nested Loop", "Parent Relationship": "Outer", "Parallel Aware": false, "Async Capable": false, "Join Type": "Inner", "Startup Cost": 10000000000.57, "Total Cost": 10000046122.11, "Plan Rows": 11831, "Plan Width": 29, "Inner Unique": true, "Plans": [{"Node Type": "Nested Loop", "Parent Relationship": "Outer", "Parallel Aware": false, "Async Capable": false, "Join Type": "Inner", "Startup Cost": 10000000000.14, "Total Cost": 10000039032.91, "Plan Rows": 12213, "Plan Width": 4, "Inner Unique": false, "Join Filter": "(it.id = mi_idx.info_type_id)", "Plans": [{"Node Type": "Index Scan", "Parent Relationship": "Outer", "Parallel Aware": false, "Async Capable": false, "Scan Direction": "Forward", "Index Name": "info_type_pkey", "Relation Name": "info_type", "Alias": "it", "Startup Cost": 0.14, "Total Cost": 14.12, "Plan Rows": 1, "Plan Width": 4, "Filter": "((info)::text = 'votes'::text)"}, {"Node Type": "Seq Scan", "Parent Relationship": "Inner", "Parallel Aware": false, "Async Capable": false, "Relation Name": "movie_info_idx", "Alias": "mi_idx", "Startup Cost": 10000000000.0, "Total Cost": 10000021768.35, "Plan Rows": 1380035, "Plan Width": 8}]}, {"Node Type": "Index Scan", "Parent Relationship": "Inner", "Parallel Aware": false, "Async Capable": false, "Scan Direction": "Forward", "Index Name": "title_pkey", "Relation Name": "title", "Alias": "t", "Startup Cost": 0.43, "Total Cost": 0.58, "Plan Rows": 1, "Plan Width": 25, "Index Cond": "(id = mi_idx.movie_id)", "Filter": "(production_year >= 1900)"}]}]}]}]}}, {"Plan": {"Node Type": "Aggregate", "Strategy": "Plain", "Partial Mode": "Simple", "Parallel Aware": false, "Async Capable": false, "Startup Cost": 9927167.06, "Total Cost": 9927167.07, "Plan Rows": 1, "Plan Width": 68, "Plans": [{"Node Type": "Nested Loop", "Parent Relationship": "Outer", "Parallel Aware": false, "Async Capable": false, "Join Type": "Inner", "Startup Cost": 1000.57, "Total Cost": 9927158.66, "Plan Rows": 1120, "Plan Width": 45, "Inner Unique": false, "Join Filter": "(t.id = mi_idx.movie_id)", "Plans": [{"Node Type": "Nested Loop", "Parent Relationship": "Outer", "Parallel Aware": false, "Async Capable": false, "Join Type": "Inner", "Startup Cost": 0.0, "Total Cost": 39021.2, "Plan Rows": 12213, "Plan Width": 4, "Inner Unique": false, "Join Filter": "(it.id = mi_idx.info_type_id)", "Plans": [{"Node Type": "Seq Scan", "Parent Relationship": "Outer", "Parallel Aware": false, "Async Capable": false, "Relation Name": "info_type", "Alias": "it", "Startup Cost": 0.0, "Total Cost": 2.41, "Plan Rows": 1, "Plan Width": 4, "Filter": "((info)::text = 'votes'::text)"}, {"Node Type": "Seq Scan", "Parent Relationship": "Inner", "Parallel Aware": false, "Async Capable": false, "Relation Name": "movie_info_idx", "Alias": "mi_idx", "Startup Cost": 0.0, "Total Cost": 21768.35, "Plan Rows": 1380035, "Plan Width": 8}]}, {"Node Type": "Materialize", "Parent Relationship": "Inner", "Parallel Aware": false, "Async Capable": false, "Startup Cost": 1000.57, "Total Cost": 62424.53, "Plan Rows": 53636, "Plan Width": 53, "Plans": [{"Node Type": "Gather", "Parent Relationship": "Outer", "Parallel Aware": false, "Async Capable": false, "Startup Cost": 1000.57, "Total Cost": 62156.35, "Plan Rows": 53636, "Plan Width": 53, "Workers Planned": 3, "Single Copy": false, "Plans": [{"Node Type": "Nested Loop", "Parent Relationship": "Outer", "Parallel Aware": false, "Async Capable": false, "Join Type": "Inner", "Startup Cost": 0.57, "Total Cost": 55792.75, "Plan Rows": 17302, "Plan Width": 53, "Inner Unique": true, "Plans": [{"Node Type": "Nested Loop", "Parent Relationship": "Outer", "Parallel Aware": false, "Async Capable": false, "Join Type": "Inner", "Startup Cost": 0.14, "Total Cost": 33235.34, "Plan Rows": 17861, "Plan Width": 28, "Inner Unique": true, "Plans": [{"Node Type": "Seq Scan", "Parent Relationship": "Outer", "Parallel Aware": true, "Async Capable": false, "Relation Name": "movie_companies", "Alias": "mc", "Startup Cost": 0.0, "Total Cost": 31448.82, "Plan Rows": 71443, "Plan Width": 32, "Filter": "(((note)::text !~~ '%(1994)%'::text) AND ((note)::text ~~ '%(TV)%'::text))"}, {"Node Type": "Memoize", "Parent Relationship": "Inner", "Parallel Aware": false, "Async Capable": false, "Startup Cost": 0.14, "Total Cost": 0.16, "Plan Rows": 1, "Plan Width": 4, "Cache Key": "mc.company_type_id", "Cache Mode": "logical", "Plans": [{"Node Type": "Index Scan", "Parent Relationship": "Outer", "Parallel Aware": false, "Async Capable": false, "Scan Direction": "Forward", "Index Name": "company_type_pkey", "Relation Name": "company_type", "Alias": "ct", "Startup Cost": 0.13, "Total Cost": 0.15, "Plan Rows": 1, "Plan Width": 4, "Index Cond": "(id = mc.company_type_id)", "Filter": "((kind)::text = 'production companies'::text)"}]}]}, {"Node Type": "Index Scan", "Parent Relationship": "Inner", "Parallel Aware": false, "Async Capable": false, "Scan Direction": "Forward", "Index Name": "title_pkey", "Relation Name": "title", "Alias": "t", "Startup Cost": 0.43, "Total Cost": 1.26, "Plan Rows": 1, "Plan Width": 25, "Index Cond": "(id = mc.movie_id)", "Filter": "(production_year >= 1900)"}]}]}]}]}]}}, {"Plan": {"Node Type": "Aggregate", "Strategy": "Plain", "Partial Mode": "Simple", "Parallel Aware": false, "Async Capable": false, "Startup Cost": 50000130545.38, "Total Cost": 50000130545.39, "Plan Rows": 1, "Plan Width": 68, "Plans": [{"Node Type": "Nested Loop", "Parent Relationship": "Outer", "Parallel Aware": false, "Async Capable": false, "Join Type": "Inner", "Startup Cost": 50000124995.99, "Total Cost": 50000130536.98, "Plan Rows": 1120, "Plan Width": 45, "Inner Unique": true, "Join Filter": "(t.id = mc.movie_id)", "Plans": [{"Node Type": "Merge Join", "Parent Relationship": "Outer", "Parallel Aware": false, "Async Capable": false, "Join Type": "Inner", "Startup Cost": 40000124995.53, "Total Cost": 40000125344.99, "Plan Rows": 1156, "Plan Width": 32, "Inner Unique": false, "Merge Cond": "(mc.movie_id = mi_idx.movie_id)", "Plans": [{"Node Type": "Sort", "Parent Relationship": "Outer", "Parallel Aware": false, "Async Capable": false, "Startup Cost": 20000067872.29, "Total Cost": 20000068010.71, "Plan Rows": 55368, "Plan Width": 28, "Sort Key": ["mc.movie_id"], "Plans": [{"Node Type": "Nested Loop", "Parent Relationship": "Outer", "Parallel Aware": false, "Async Capable": false, "Join Type": "Inner", "Startup Cost": 20000000000.15, "Total Cost": 20000063510.19, "Plan Rows": 55368, "Plan Width": 28, "Inner Unique": true, "Plans": [{"Node Type": "Seq Scan", "Parent Relationship": "Outer", "Parallel Aware": false, "Async Capable": false, "Relation Name": "movie_companies", "Alias": "mc", "Startup Cost": 10000000000.0, "Total Cost": 10000057960.93, "Plan Rows": 221472, "Plan Width": 32, "Filter": "(((note)::text !~~ '%(1994)%'::text) AND ((note)::text ~~ '%(TV)%'::text))"}, {"Node Type": "Memoize", "Parent Relationship": "Inner", "Parallel Aware": false, "Async Capable": false, "Startup Cost": 0.15, "Total Cost": 4.16, "Plan Rows": 1, "Plan Width": 4, "Cache Key": "mc.company_type_id", "Cache Mode": "logical", "Plans": [{"Node Type": "Bitmap Heap Scan", "Parent Relationship": "Outer", "Parallel Aware": false, "Async Capable": false, "Relation Name": "company_type", "Alias": "ct", "Startup Cost": 0.14, "Total Cost": 4.15, "Plan Rows": 1, "Plan Width": 4, "Recheck Cond": "(id = mc.company_type_id)", "Filter": "((kind)::text = 'production companies'::text)", "Plans": [{"Node Type": "Bitmap Index Scan", "Parent Relationship": "Outer", "Parallel Aware": false, "Async Capable": false, "Index Name": "company_type_pkey", "Startup Cost": 0.0, "Total Cost": 0.14, "Plan Rows": 1, "Plan Width": 0, "Index Cond": "(id = mc.company_type_id)"}]}]}]}]}, {"Node Type": "Sort", "Parent Relationship": "Inner", "Parallel Aware": false, "Async Capable": false, "Startup Cost": 20000057123.24, "Total Cost": 20000057153.77, "Plan Rows": 12213, "Plan Width": 4, "Sort Key": ["mi_idx.movie_id"], "Plans": [{"Node Type": "Nested Loop", "Parent Relationship": "Outer", "Parallel Aware": false, "Async Capable": false, "Join Type": "Inner", "Startup Cost": 20000000000.16, "Total Cost": 20000056294.21, "Plan Rows": 12213, "Plan Width": 4, "Inner Unique": true, "Plans": [{"Node Type": "Seq Scan", "Parent Relationship": "Outer", "Parallel Aware": false, "Async Capable": false, "Relation Name": "movie_info_idx", "Alias": "mi_idx", "Startup Cost": 10000000000.0, "Total Cost": 10000021768.35, "Plan Rows": 1380035, "Plan Width": 8}, {"Node Type": "Memoize", "Parent Relationship": "Inner", "Parallel Aware": false, "Async Capable": false, "Startup Cost": 0.16, "Total Cost": 4.18, "Plan Rows": 1, "Plan Width": 4, "Cache Key": "mi_idx.info_type_id", "Cache Mode": "logical", "Plans": [{"Node Type": "Bitmap Heap Scan", "Parent Relationship": "Outer", "Parallel Aware": false, "Async Capable": false, "Relation Name": "info_type", "Alias": "it", "Startup Cost": 0.15, "Total Cost": 4.17, "Plan Rows": 1, "Plan Width": 4, "Recheck Cond": "(id = mi_idx.info_type_id)", "Filter": "((info)::text = 'votes'::text)", "Plans": [{"Node Type": "Bitmap Index Scan", "Parent Relationship": "Outer", "Parallel Aware": false, "Async Capable": false, "Index Name": "info_type_pkey", "Startup Cost": 0.0, "Total Cost": 0.15, "Plan Rows": 1, "Plan Width": 0, "Index Cond": "(id = mi_idx.info_type_id)"}]}]}]}]}]}, {"Node Type": "Bitmap Heap Scan", "Parent Relationship": "Inner", "Parallel Aware": false, "Async Capable": false, "Relation Name": "title", "Alias": "t", "Startup Cost": 0.46, "Total Cost": 4.48, "Plan Rows": 1, "Plan Width": 25, "Recheck Cond": "(id = mi_idx.movie_id)", "Filter": "(production_year >= 1900)", "Plans": [{"Node Type": "Bitmap Index Scan", "Parent Relationship": "Outer", "Parallel Aware": false, "Async Capable": false, "Index Name": "title_pkey", "Startup Cost": 0.0, "Total Cost": 0.46, "Plan Rows": 1, "Plan Width": 0, "Index Cond": "(id = mi_idx.movie_id)"}]}]}]}}, {"Plan": {"Node Type": "Aggregate", "Strategy": "Plain", "Partial Mode": "Finalize", "Parallel Aware": false, "Async Capable": false, "Startup Cost": 80261.3, "Total Cost": 80261.31, "Plan Rows": 1, "Plan Width": 68, "Plans": [{"Node Type": "Gather", "Parent Relationship": "Outer", "Parallel Aware": false, "Async Capable": false, "Startup Cost": 80260.97, "Total Cost": 80261.28, "Plan Rows": 3, "Plan Width": 68, "Workers Planned": 3, "Single Copy": false, "Plans": [{"Node Type": "Aggregate", "Strategy": "Plain", "Partial Mode": "Partial", "Parent Relationship": "Outer", "Parallel Aware": false, "Async Capable": false, "Startup Cost": 79260.97, "Total Cost": 79260.98, "Plan Rows": 1, "Plan Width": 68, "Plans": [{"Node Type": "Nested Loop", "Parent Relationship": "Outer", "Parallel Aware": false, "Async Capable": false, "Join Type": "Inner", "Startup Cost": 77572.26, "Total Cost": 79258.26, "Plan Rows": 361, "Plan Width": 45, "Inner Unique": true, "Join Filter": "(t.id = mc.movie_id)", "Plans": [{"Node Type": "Merge Join", "Parent Relationship": "Outer", "Parallel Aware": false, "Async Capable": false, "Join Type": "Inner", "Startup Cost": 77571.8, "Total Cost": 77582.99, "Plan Rows": 373, "Plan Width": 32, "Inner Unique": true, "Merge Cond": "(mc.company_type_id = ct.id)", "Plans": [{"Node Type": "Sort", "Parent Relationship": "Outer", "Parallel Aware": false, "Async Capable": false, "Startup Cost": 77570.74, "Total Cost": 77574.46, "Plan Rows": 1491, "Plan Width": 36, "Sort Key": ["mc.company_type_id"], "Plans": [{"Node Type": "Merge Join", "Parent Relationship": "Outer", "Parallel Aware": false, "Async Capable": false, "Join Type": "Inner", "Startup Cost": 77058.96, "Total Cost": 77492.14, "Plan Rows": 1491, "Plan Width": 36, "Inner Unique": false, "Merge Cond": "(mc.movie_id = mi_idx.movie_id)", "Plans": [{"Node Type": "Sort", "Parent Relationship": "Outer", "Parallel Aware": false, "Async Capable": false, "Startup Cost": 37208.73, "Total Cost": 37387.34, "Plan Rows": 71443, "Plan Width": 32, "Sort Key": ["mc.movie_id"], "Plans": [{"Node Type": "Seq Scan", "Parent Relationship": "Outer", "Parallel Aware": true, "Async Capable": false, "Relation Name": "movie_companies", "Alias": "mc", "Startup Cost": 0.0, "Total Cost": 31448.82, "Plan Rows": 71443, "Plan Width": 32, "Filter": "(((note)::text !~~ '%(1994)%'::text) AND ((note)::text ~~ '%(TV)%'::text))"}]}, {"Node Type": "Sort", "Parent Relationship": "Inner", "Parallel Aware": false, "Async Capable": false, "Startup Cost": 39850.23, "Total Cost": 39880.76, "Plan Rows": 12213, "Plan Width": 4, "Sort Key": ["mi_idx.movie_id"], "Plans": [{"Node Type": "Nested Loop", "Parent Relationship": "Outer", "Parallel Aware": false, "Async Capable": false, "Join Type": "Inner", "Startup Cost": 0.0, "Total Cost": 39021.2, "Plan Rows": 12213, "Plan Width": 4, "Inner Unique": false, "Join Filter": "(it.id = mi_idx.info_type_id)", "Plans": [{"Node Type": "Seq Scan", "Parent Relationship": "Outer", "Parallel Aware": false, "Async Capable": false, "Relation Name": "info_type", "Alias": "it", "Startup Cost": 0.0, "Total Cost": 2.41, "Plan Rows": 1, "Plan Width": 4, "Filter": "((info)::text = 'votes'::text)"}, {"Node Type": "Seq Scan", "Parent Relationship": "Inner", "Parallel Aware": false, "Async Capable": false, "Relation Name": "movie_info_idx", "Alias": "mi_idx", "Startup Cost": 0.0, "Total Cost": 21768.35, "Plan Rows": 1380035, "Plan Width": 8}]}]}]}]}, {"Node Type": "Sort", "Parent Relationship": "Inner", "Parallel Aware": false, "Async Capable": false, "Startup Cost": 1.06, "Total Cost": 1.06, "Plan Rows": 1, "Plan Width": 4, "Sort Key": ["ct.id"], "Plans": [{"Node Type": "Seq Scan", "Parent Relationship": "Outer", "Parallel Aware": false, "Async Capable": false, "Relation Name": "company_type", "Alias": "ct", "Startup Cost": 0.0, "Total Cost": 1.05, "Plan Rows": 1, "Plan Width": 4, "Filter": "((kind)::text = 'production companies'::text)"}]}]}, {"Node Type": "Bitmap Heap Scan", "Parent Relationship": "Inner", "Parallel Aware": false, "Async Capable": false, "Relation Name": "title", "Alias": "t", "Startup Cost": 0.46, "Total Cost": 4.48, "Plan Rows": 1, "Plan Width": 25, "Recheck Cond": "(id = mi_idx.movie_id)", "Filter": "(production_year >= 1900)", "Plans": [{"Node Type": "Bitmap Index Scan", "Parent Relationship": "Outer", "Parallel Aware": false, "Async Capable": false, "Index Name": "title_pkey", "Startup Cost": 0.0, "Total Cost": 0.46, "Plan Rows": 1, "Plan Width": 0, "Index Cond": "(id = mi_idx.movie_id)"}]}]}]}]}]}}, {"Plan": {"Node Type": "Aggregate", "Strategy": "Plain", "Partial Mode": "Simple", "Parallel Aware": false, "Async Capable": false, "Startup Cost": 275330.22, "Total Cost": 275330.23, "Plan Rows": 1, "Plan Width": 68, "Plans": [{"Node Type": "Merge Join", "Parent Relationship": "Outer", "Parallel Aware": false, "Async Capable": false, "Join Type": "Inner", "Startup Cost": 274990.26, "Total Cost": 275321.82, "Plan Rows": 1120, "Plan Width": 45, "Inner Unique": false, "Merge Cond": "(mi_idx.movie_id = t.id)", "Plans": [{"Node Type": "Sort", "Parent Relationship": "Outer", "Parallel Aware": false, "Async Capable": false, "Startup Cost": 74706.37, "Total Cost": 74736.9, "Plan Rows": 12213, "Plan Width": 4, "Sort Key": ["mi_idx.movie_id"], "Plans": [{"Node Type": "Gather", "Parent Relationship": "Outer", "Parallel Aware": false, "Async Capable": false, "Startup Cost": 69730.08, "Total Cost": 73877.34, "Plan Rows": 12213, "Plan Width": 4, "Workers Planned": 2, "Single Copy": false, "Plans": [{"Node Type": "Merge Join", "Parent Relationship": "Outer", "Parallel Aware": false, "Async Capable": false, "Join Type": "Inner", "Startup Cost": 68730.08, "Total Cost": 71656.04, "Plan Rows": 5089, "Plan Width": 4, "Inner Unique": true, "Merge Cond": "(mi_idx.info_type_id = it.id)", "Plans": [{"Node Type": "Sort", "Parent Relationship": "Outer", "Parallel Aware": false, "Async Capable": false, "Startup Cost": 68727.65, "Total Cost": 70165.18, "Plan Rows": 575015, "Plan Width": 8, "Sort Key": ["mi_idx.info_type_id"], "Plans": [{"Node Type": "Seq Scan", "Parent Relationship": "Outer", "Parallel Aware": true, "Async Capable": false, "Relation Name": "movie_info_idx", "Alias": "mi_idx", "Startup Cost": 0.0, "Total Cost": 13718.15, "Plan Rows": 575015, "Plan Width": 8}]}, {"Node Type": "Sort", "Parent Relationship": "Inner", "Parallel Aware": false, "Async Capable": false, "Startup Cost": 2.42, "Total Cost": 2.43, "Plan Rows": 1, "Plan Width": 4, "Sort Key": ["it.id"], "Plans": [{"Node Type": "Seq Scan", "Parent Relationship": "Outer", "Parallel Aware": false, "Async Capable": false, "Relation Name": "info_type", "Alias": "it", "Startup Cost": 0.0, "Total Cost": 2.41, "Plan Rows": 1, "Plan Width": 4, "Filter": "((info)::text = 'votes'::text)"}]}]}]}]}, {"Node Type": "Sort", "Parent Relationship": "Inner", "Parallel Aware": false, "Async Capable": false, "Startup Cost": 200283.89, "Total Cost": 200417.98, "Plan Rows": 53636, "Plan Width": 53, "Sort Key": ["mc.movie_id"], "Plans": [{"Node Type": "Gather", "Parent Relationship": "Outer", "Parallel Aware": false, "Async Capable": false, "Startup Cost": 190304.66, "Total Cost": 196070.53, "Plan Rows": 53636, "Plan Width": 53, "Workers Planned": 4, "Single Copy": false, "Plans": [{"Node Type": "Merge Join", "Parent Relationship": "Outer", "Parallel Aware": false, "Async Capable": false, "Join Type": "Inner", "Startup Cost": 189304.66, "Total Cost": 189706.93, "Plan Rows": 13409, "Plan Width": 53, "Inner Unique": true, "Merge Cond": "(mc.company_type_id = ct.id)", "Plans": [{"Node Type": "Sort", "Parent Relationship": "Outer", "Parallel Aware": false, "Async Capable": false, "Startup Cost": 189303.6, "Total Cost": 189437.69, "Plan Rows": 53636, "Plan Width": 57, "Sort Key": ["mc.company_type_id"], "Plans": [{"Node Type": "Merge Join", "Parent Relationship": "Outer", "Parallel Aware": false, "Async Capable": false, "Join Type": "Inner", "Startup Cost": 180388.1, "Total Cost": 185090.24, "Plan Rows": 53636, "Plan Width": 57, "Inner Unique": false, "Merge Cond": "(t.id = mc.movie_id)", "Plans": [{"Node Type": "Sort", "Parent Relationship": "Outer", "Parallel Aware": false, "Async Capable": false, "Startup Cost": 102764.02, "Total Cost": 104294.8, "Plan Rows": 612311, "Plan Width": 25, "Sort Key": ["t.id"], "Plans": [{"Node Type": "Seq Scan", "Parent Relationship": "Outer", "Parallel Aware": true, "Async Capable": false, "Relation Name": "title", "Alias": "t", "Startup Cost": 0.0, "Total Cost": 43908.97, "Plan Rows": 612311, "Plan Width": 25, "Filter": "(production_year >= 1900)"}]}, {"Node Type": "Sort", "Parent Relationship": "Inner", "Parallel Aware": false, "Async Capable": false, "Startup Cost": 77624.07, "Total Cost": 78177.75, "Plan Rows": 221472, "Plan Width": 32, "Sort Key": ["mc.movie_id"], "Plans": [{"Node Type": "Seq Scan", "Parent Relationship": "Outer", "Parallel Aware": false, "Async Capable": false, "Relation Name": "movie_companies", "Alias": "mc", "Startup Cost": 0.0, "Total Cost": 57960.93, "Plan Rows": 221472, "Plan Width": 32, "Filter": "(((note)::text !~~ '%(1994)%'::text) AND ((note)::text ~~ '%(TV)%'::text))"}]}]}]}, {"Node Type": "Sort", "Parent Relationship": "Inner", "Parallel Aware": false, "Async Capable": false, "Startup Cost": 1.06, "Total Cost": 1.06, "Plan Rows": 1, "Plan Width": 4, "Sort Key": ["ct.id"], "Plans": [{"Node Type": "Seq Scan", "Parent Relationship": "Outer", "Parallel Aware": false, "Async Capable": false, "Relation Name": "company_type", "Alias": "ct", "Startup Cost": 0.0, "Total Cost": 1.05, "Plan Rows": 1, "Plan Width": 4, "Filter": "((kind)::text = 'production companies'::text)"}]}]}]}]}]}]}}, {"Plan": {"Node Type": "Aggregate", "Strategy": "Plain", "Partial Mode": "Simple", "Parallel Aware": false, "Async Capable": false, "Startup Cost": 20010000424.63, "Total Cost": 20010000424.64, "Plan Rows": 1, "Plan Width": 68, "Plans": [{"Node Type": "Nested Loop", "Parent Relationship": "Outer", "Parallel Aware": false, "Async Capable": false, "Join Type": "Inner", "Startup Cost": 20000000000.77, "Total Cost": 20010000416.23, "Plan Rows": 1120, "Plan Width": 45, "Inner Unique": false, "Join Filter": "(t.id = mc.movie_id)", "Plans": [{"Node Type": "Nested Loop", "Parent Relationship": "Outer", "Parallel Aware": false, "Async Capable": false, "Join Type": "Inner", "Startup Cost": 10000000000.15, "Total Cost": 10000063510.19, "Plan Rows": 55368, "Plan Width": 28, "Inner Unique": true, "Plans": [{"Node Type": "Seq Scan", "Parent Relationship": "Outer", "Parallel Aware": false, "Async Capable": false, "Relation Name": "movie_companies", "Alias": "mc", "Startup Cost": 10000000000.0, "Total Cost": 10000057960.93, "Plan Rows": 221472, "Plan Width": 32, "Filter": "(((note)::text !~~ '%(1994)%'::text) AND ((note)::text ~~ '%(TV)%'::text))"}, {"Node Type": "Memoize", "Parent Relationship": "Inner", "Parallel Aware": false, "Async Capable": false, "Startup Cost": 0.15, "Total Cost": 4.16, "Plan Rows": 1, "Plan Width": 4, "Cache Key": "mc.company_type_id", "Cache Mode": "logical", "Plans": [{"Node Type": "Bitmap Heap Scan", "Parent Relationship": "Outer", "Parallel Aware": false, "Async Capable": false, "Relation Name": "company_type", "Alias": "ct", "Startup Cost": 0.14, "Total Cost": 4.15, "Plan Rows": 1, "Plan Width": 4, "Recheck Cond": "(id = mc.company_type_id)", "Filter": "((kind)::text = 'production companies'::text)", "Plans": [{"Node Type": "Bitmap Index Scan", "Parent Relationship": "Outer", "Parallel Aware": false, "Async Capable": false, "Index Name": "company_type_pkey", "Startup Cost": 0.0, "Total Cost": 0.14, "Plan Rows": 1, "Plan Width": 0, "Index Cond": "(id = mc.company_type_id)"}]}]}]}, {"Node Type": "Materialize", "Parent Relationship": "Inner", "Parallel Aware": false, "Async Capable": false, "Startup Cost": 10000000000.62, "Total Cost": 10000111053.5, "Plan Rows": 11831, "Plan Width": 29, "Plans": [{"Node Type": "Nested Loop", "Parent Relationship": "Outer", "Parallel Aware": false, "Async Capable": false, "Join Type": "Inner", "Startup Cost": 10000000000.62, "Total Cost": 10000110994.35, "Plan Rows": 11831, "Plan Width": 29, "Inner Unique": true, "Plans": [{"Node Type": "Nested Loop", "Parent Relationship": "Outer", "Parallel Aware": false, "Async Capable": false, "Join Type": "Inner", "Startup Cost": 10000000000.16, "Total Cost": 10000056294.21, "Plan Rows": 12213, "Plan Width": 4, "Inner Unique": true, "Plans": [{"Node Type": "Seq Scan", "Parent Relationship": "Outer", "Parallel Aware": false, "Async Capable": false, "Relation Name": "movie_info_idx", "Alias": "mi_idx", "Startup Cost": 10000000000.0, "Total Cost": 10000021768.35, "Plan Rows": 1380035, "Plan Width": 8}, {"Node Type": "Memoize", "Parent Relationship": "Inner", "Parallel Aware": false, "Async Capable": false, "Startup Cost": 0.16, "Total Cost": 4.18, "Plan Rows": 1, "Plan Width": 4, "Cache Key": "mi_idx.info_type_id", "Cache Mode": "logical", "Plans": [{"Node Type": "Bitmap Heap Scan", "Parent Relationship": "Outer", "Parallel Aware": false, "Async Capable": false, "Relation Name": "info_type", "Alias": "it", "Startup Cost": 0.15, "Total Cost": 4.17, "Plan Rows": 1, "Plan Width": 4, "Recheck Cond": "(id = mi_idx.info_type_id)", "Filter": "((info)::text = 'votes'::text)", "Plans": [{"Node Type": "Bitmap Index Scan", "Parent Relationship": "Outer", "Parallel Aware": false, "Async Capable": false, "Index Name": "info_type_pkey", "Startup Cost": 0.0, "Total Cost": 0.15, "Plan Rows": 1, "Plan Width": 0, "Index Cond": "(id = mi_idx.info_type_id)"}]}]}]}, {"Node Type": "Bitmap Heap Scan", "Parent Relationship": "Inner", "Parallel Aware": false, "Async Capable": false, "Relation Name": "title", "Alias": "t", "Startup Cost": 0.46, "Total Cost": 4.48, "Plan Rows": 1, "Plan Width": 25, "Recheck Cond": "(id = mi_idx.movie_id)", "Filter": "(production_year >= 1900)", "Plans": [{"Node Type": "Bitmap Index Scan", "Parent Relationship": "Outer", "Parallel Aware": false, "Async Capable": false, "Index Name": "title_pkey", "Startup Cost": 0.0, "Total Cost": 0.46, "Plan Rows": 1, "Plan Width": 0, "Index Cond": "(id = mi_idx.movie_id)"}]}]}]}]}]}}, {"Plan": {"Node Type": "Aggregate", "Strategy": "Plain", "Partial Mode": "Simple", "Parallel Aware": false, "Async Capable": false, "Startup Cost": 9977006.9, "Total Cost": 9977006.91, "Plan Rows": 1, "Plan Width": 68, "Plans": [{"Node Type": "Nested Loop", "Parent Relationship": "Outer", "Parallel Aware": false, "Async Capable": false, "Join Type": "Inner", "Startup Cost": 1000.46, "Total Cost": 9976998.5, "Plan Rows": 1120, "Plan Width": 45, "Inner Unique": false, "Join Filter": "(t.id = mc.movie_id)", "Plans": [{"Node Type": "Nested Loop", "Parent Relationship": "Outer", "Parallel Aware": false, "Async Capable": false, "Join Type": "Inner", "Startup Cost": 1000.0, "Total Cost": 57365.47, "Plan Rows": 55368, "Plan Width": 28, "Inner Unique": false, "Join Filter": "(ct.id = mc.company_type_id)", "Plans": [{"Node Type": "Seq Scan", "Parent Relationship": "Outer", "Parallel Aware": false, "Async Capable": false, "Relation Name": "company_type", "Alias": "ct", "Startup Cost": 0.0, "Total Cost": 1.05, "Plan Rows": 1, "Plan Width": 4, "Filter": "((kind)::text = 'production companies'::text)"}, {"Node Type": "Gather", "Parent Relationship": "Inner", "Parallel Aware": false, "Async Capable": false, "Startup Cost": 1000.0, "Total Cost": 54596.02, "Plan Rows": 221472, "Plan Width": 32, "Workers Planned": 3, "Single Copy": false, "Plans": [{"Node Type": "Seq Scan", "Parent Relationship": "Outer", "Parallel Aware": true, "Async Capable": false, "Relation Name": "movie_companies", "Alias": "mc", "Startup Cost": 0.0, "Total Cost": 31448.82, "Plan Rows": 71443, "Plan Width": 32, "Filter": "(((note)::text !~~ '%(1994)%'::text) AND ((note)::text ~~ '%(TV)%'::text))"}]}]}, {"Node Type": "Materialize", "Parent Relationship": "Inner", "Parallel Aware": false, "Async Capable": false, "Startup Cost": 0.46, "Total Cost": 93780.49, "Plan Rows": 11831, "Plan Width": 29, "Plans": [{"Node Type": "Nested Loop", "Parent Relationship": "Outer", "Parallel Aware": false, "Async Capable": false, "Join Type": "Inner", "Startup Cost": 0.46, "Total Cost": 93721.33, "Plan Rows": 11831, "Plan Width": 29, "Inner Unique": true, "Plans": [{"Node Type": "Nested Loop", "Parent Relationship": "Outer", "Parallel Aware": false, "Async Capable": false, "Join Type": "Inner", "Startup Cost": 0.0, "Total Cost": 39021.2, "Plan Rows": 12213, "Plan Width": 4, "Inner Unique": false, "Join Filter": "(it.id = mi_idx.info_type_id)", "Plans": [{"Node Type": "Seq Scan", "Parent Relationship": "Outer", "Parallel Aware": false, "Async Capable": false, "Relation Name": "info_type", "Alias": "it", "Startup Cost": 0.0, "Total Cost": 2.41, "Plan Rows": 1, "Plan Width": 4, "Filter": "((info)::text = 'votes'::text)"}, {"Node Type": "Seq Scan", "Parent Relationship": "Inner", "Parallel Aware": false, "Async Capable": false, "Relation Name": "movie_info_idx", "Alias": "mi_idx", "Startup Cost": 0.0, "Total Cost": 21768.35, "Plan Rows": 1380035, "Plan Width": 8}]}, {"Node Type": "Bitmap Heap Scan", "Parent Relationship": "Inner", "Parallel Aware": false, "Async Capable": false, "Relation Name": "title", "Alias": "t", "Startup Cost": 0.46, "Total Cost": 4.48, "Plan Rows": 1, "Plan Width": 25, "Recheck Cond": "(id = mi_idx.movie_id)", "Filter": "(production_year >= 1900)", "Plans": [{"Node Type": "Bitmap Index Scan", "Parent Relationship": "Outer", "Parallel Aware": false, "Async Capable": false, "Index Name": "title_pkey", "Startup Cost": 0.0, "Total Cost": 0.46, "Plan Rows": 1, "Plan Width": 0, "Index Cond": "(id = mi_idx.movie_id)"}]}]}]}]}]}}]