[{"Plan": {"Node Type": "Aggregate", "Strategy": "Plain", "Partial Mode": "Finalize", "Parallel Aware": false, "Async Capable": false, "Startup Cost": 388862.38, "Total Cost": 388862.39, "Plan Rows": 1, "Plan Width": 64, "Plans": [{"Node Type": "Gather", "Parent Relationship": "Outer", "Parallel Aware": false, "Async Capable": false, "Startup Cost": 388862.06, "Total Cost": 388862.37, "Plan Rows": 3, "Plan Width": 64, "Workers Planned": 3, "Single Copy": false, "Plans": [{"Node Type": "Aggregate", "Strategy": "Plain", "Partial Mode": "Partial", "Parent Relationship": "Outer", "Parallel Aware": false, "Async Capable": false, "Startup Cost": 387862.06, "Total Cost": 387862.07, "Plan Rows": 1, "Plan Width": 64, "Plans": [{"Node Type": "Hash Join", "Parent Relationship": "Outer", "Parallel Aware": true, "Async Capable": false, "Join Type": "Inner", "Startup Cost": 372447.02, "Total Cost": 387860.95, "Plan Rows": 221, "Plan Width": 33, "Inner Unique": false, "Hash Cond": "(an.person_id = n.id)", "Plans": [{"Node Type": "Seq Scan", "Parent Relationship": "Outer", "Parallel Aware": true, "Async Capable": false, "Relation Name": "aka_name", "Alias": "an", "Startup Cost": 0.0, "Total Cost": 14323.56, "Plan Rows": 290756, "Plan Width": 20}, {"Node Type": "Hash", "Parent Relationship": "Inner", "Parallel Aware": true, "Async Capable": false, "Startup Cost": 372446.34, "Total Cost": 372446.34, "Plan Rows": 54, "Plan Width": 25, "Plans": [{"Node Type": "Nested Loop", "Parent Relationship": "Outer", "Parallel Aware": false, "Async Capable": false, "Join Type": "Inner", "Startup Cost": 36411.37, "Total Cost": 372446.34, "Plan Rows": 54, "Plan Width": 25, "Inner Unique": true, "Plans": [{"Node Type": "Nested Loop", "Parent Relationship": "Outer", "Parallel Aware": false, "Async Capable": false, "Join Type": "Inner", "Startup Cost": 36410.94, "Total Cost": 372421.91, "Plan Rows": 54, "Plan Width": 16, "Inner Unique": true, "Plans": [{"Node Type": "Hash Join", "Parent Relationship": "Outer", "Parallel Aware": false, "Async Capable": false, "Join Type": "Inner", "Startup Cost": 36410.51, "Total Cost": 372205.11, "Plan Rows": 471, "Plan Width": 12, "Inner Unique": true, "Hash Cond": "(ci.role_id = rt.id)", "Plans": [{"Node Type": "Hash Join", "Parent Relationship": "Outer", "Parallel Aware": true, "Async Capable": false, "Join Type": "Inner", "Startup Cost": 36409.35, "Total Cost": 372183.87, "Plan Rows": 5652, "Plan Width": 16, "Inner Unique": false, "Hash Cond": "(ci.movie_id = mc.movie_id)", "Plans": [{"Node Type": "Seq Scan", "Parent Relationship": "Outer", "Parallel Aware": true, "Async Capable": false, "Relation Name": "cast_info", "Alias": "ci", "Startup Cost": 0.0, "Total Cost": 313110.03, "Plan Rows": 6039003, "Plan Width": 12}, {"Node Type": "Hash", "Parent Relationship": "Inner", "Parallel Aware": true, "Async Capable": false, "Startup Cost": 36405.43, "Total Cost": 36405.43, "Plan Rows": 313, "Plan Width": 4, "Plans": [{"Node Type": "Hash Join", "Parent Relationship": "Outer", "Parallel Aware": true, "Async Capable": false, "Join Type": "Inner", "Startup Cost": 4775.77, "Total Cost": 36405.43, "Plan Rows": 313, "Plan Width": 4, "Inner Unique": true, "Hash Cond": "(mc.company_id = cn.id)", "Plans": [{"Node Type": "Seq Scan", "Parent Relationship": "Outer", "Parallel Aware": true, "Async Capable": false, "Relation Name": "movie_companies", "Alias": "mc", "Startup Cost": 0.0, "Total Cost": 31448.82, "Plan Rows": 68894, "Plan Width": 8, "Filter": "(((note)::text ~~ '%(TV)%'::text) AND ((note)::text !~~ '%(2006)%'::text))"}, {"Node Type": "Hash", "Parent Relationship": "Inner", "Parallel Aware": true, "Async Capable": false, "Startup Cost": 4767.92, "Total Cost": 4767.92, "Plan Rows": 628, "Plan Width": 4, "Plans": [{"Node Type": "Seq Scan", "Parent Relationship": "Outer", "Parallel Aware": true, "Async Capable": false, "Relation Name": "company_name", "Alias": "cn", "Startup Cost": 0.0, "Total Cost": 4767.92, "Plan Rows": 628, "Plan Width": 4, "Filter": "((country_code)::text = '[pl]'::text)"}]}]}]}]}, {"Node Type": "Hash", "Parent Relationship": "Inner", "Parallel Aware": false, "Async Capable": false, "Startup Cost": 1.15, "Total Cost": 1.15, "Plan Rows": 1, "Plan Width": 4, "Plans": [{"Node Type": "Seq Scan", "Parent Relationship": "Outer", "Parallel Aware": false, "Async Capable": false, "Relation Name": "role_type", "Alias": "rt", "Startup Cost": 0.0, "Total Cost": 1.15, "Plan Rows": 1, "Plan Width": 4, "Filter": "((role)::text = 'writer'::text)"}]}]}, {"Node Type": "Index Scan", "Parent Relationship": "Inner", "Parallel Aware": false, "Async Capable": false, "Scan Direction": "Forward", "Index Name": "name_pkey", "Relation Name": "name", "Alias": "n", "Startup Cost": 0.43, "Total Cost": 0.46, "Plan Rows": 1, "Plan Width": 4, "Index Cond": "(id = ci.person_id)", "Filter": "(((name)::text ~~ '%B%'::text) AND ((name)::text !~~ 'Z%'::text))"}]}, {"Node Type": "Index Scan", "Parent Relationship": "Inner", "Parallel Aware": false, "Async Capable": false, "Scan Direction": "Forward", "Index Name": "title_pkey", "Relation Name": "title", "Alias": "t", "Startup Cost": 0.43, "Total Cost": 0.45, "Plan Rows": 1, "Plan Width": 21, "Index Cond": "(id = ci.movie_id)"}]}]}]}]}]}]}}, {"Plan": {"Node Type": "Aggregate", "Strategy": "Plain", "Partial Mode": "Simple", "Parallel Aware": false, "Async Capable": false, "Startup Cost": 70000860379.93, "Total Cost": 70000860379.94, "Plan Rows": 1, "Plan Width": 64, "Plans": [{"Node Type": "Hash Join", "Parent Relationship": "Outer", "Parallel Aware": false, "Async Capable": false, "Join Type": "Inner", "Startup Cost": 70000836566.34, "Total Cost": 70000860376.51, "Plan Rows": 684, "Plan Width": 33, "Inner Unique": false, "Hash Cond": "(an.person_id = n.id)", "Plans": [{"Node Type": "Seq Scan", "Parent Relationship": "Outer", "Parallel Aware": false, "Async Capable": false, "Relation Name": "aka_name", "Alias": "an", "Startup Cost": 10000000000.0, "Total Cost": 10000020429.43, "Plan Rows": 901343, "Plan Width": 20}, {"Node Type": "Hash", "Parent Relationship": "Inner", "Parallel Aware": false, "Async Capable": false, "Startup Cost": 60000836562.26, "Total Cost": 60000836562.26, "Plan Rows": 326, "Plan Width": 25, "Plans": [{"Node Type": "Nested Loop", "Parent Relationship": "Outer", "Parallel Aware": false, "Async Capable": false, "Join Type": "Inner", "Startup Cost": 60000071119.32, "Total Cost": 60000836562.26, "Plan Rows": 326, "Plan Width": 25, "Inner Unique": true, "Plans": [{"Node Type": "Nested Loop", "Parent Relationship": "Outer", "Parallel Aware": false, "Async Capable": false, "Join Type": "Inner", "Startup Cost": 50000071118.88, "Total Cost": 50000835111.16, "Plan Rows": 326, "Plan Width": 16, "Inner Unique": true, "Plans": [{"Node Type": "Hash Join", "Parent Relationship": "Outer", "Parallel Aware": false, "Async Capable": false, "Join Type": "Inner", "Startup Cost": 40000071118.44, "Total Cost": 40000822515.94, "Plan Rows": 2826, "Plan Width": 12, "Inner Unique": true, "Hash Cond": "(ci.role_id = rt.id)", "Plans": [{"Node Type": "Hash Join", "Parent Relationship": "Outer", "Parallel Aware": false, "Async Capable": false, "Join Type": "Inner", "Startup Cost": 30000071106.08, "Total Cost": 30000822383.12, "Plan Rows": 33913, "Plan Width": 16, "Inner Unique": false, "Hash Cond": "(ci.movie_id = mc.movie_id)", "Plans": [{"Node Type": "Seq Scan", "Parent Relationship": "Outer", "Parallel Aware": false, "Async Capable": false, "Relation Name": "cast_info", "Alias": "ci", "Startup Cost": 10000000000.0, "Total Cost": 10000615060.2, "Plan Rows": 36234020, "Plan Width": 12}, {"Node Type": "Hash", "Parent Relationship": "Inner", "Parallel Aware": false, "Async Capable": false, "Startup Cost": 20000071093.95, "Total Cost": 20000071093.95, "Plan Rows": 971, "Plan Width": 4, "Plans": [{"Node Type": "Hash Join", "Parent Relationship": "Outer", "Parallel Aware": false, "Async Capable": false, "Join Type": "Inner", "Startup Cost": 20000012572.37, "Total Cost": 20000071093.95, "Plan Rows": 971, "Plan Width": 4, "Inner Unique": true, "Hash Cond": "(mc.company_id = cn.id)", "Plans": [{"Node Type": "Seq Scan", "Parent Relationship": "Outer", "Parallel Aware": false, "Async Capable": false, "Relation Name": "movie_companies", "Alias": "mc", "Startup Cost": 10000000000.0, "Total Cost": 10000057960.93, "Plan Rows": 213572, "Plan Width": 8, "Filter": "(((note)::text ~~ '%(TV)%'::text) AND ((note)::text !~~ '%(2006)%'::text))"}, {"Node Type": "Hash", "Parent Relationship": "Inner", "Parallel Aware": false, "Async Capable": false, "Startup Cost": 10000012559.02, "Total Cost": 10000012559.02, "Plan Rows": 1068, "Plan Width": 4, "Plans": [{"Node Type": "Index Scan", "Parent Relationship": "Outer", "Parallel Aware": false, "Async Capable": false, "Scan Direction": "Forward", "Index Name": "company_name_pkey", "Relation Name": "company_name", "Alias": "cn", "Startup Cost": 10000000000.42, "Total Cost": 10000012559.02, "Plan Rows": 1068, "Plan Width": 4, "Filter": "((country_code)::text = '[pl]'::text)"}]}]}]}]}, {"Node Type": "Hash", "Parent Relationship": "Inner", "Parallel Aware": false, "Async Capable": false, "Startup Cost": 10000000012.34, "Total Cost": 10000000012.34, "Plan Rows": 1, "Plan Width": 4, "Plans": [{"Node Type": "Index Scan", "Parent Relationship": "Outer", "Parallel Aware": false, "Async Capable": false, "Scan Direction": "Forward", "Index Name": "role_type_pkey", "Relation Name": "role_type", "Alias": "rt", "Startup Cost": 10000000000.14, "Total Cost": 10000000012.34, "Plan Rows": 1, "Plan Width": 4, "Filter": "((role)::text = 'writer'::text)"}]}]}, {"Node Type": "Bitmap Heap Scan", "Parent Relationship": "Inner", "Parallel Aware": false, "Async Capable": false, "Relation Name": "name", "Alias": "n", "Startup Cost": 0.44, "Total Cost": 4.46, "Plan Rows": 1, "Plan Width": 4, "Recheck Cond": "(id = ci.person_id)", "Filter": "(((name)::text ~~ '%B%'::text) AND ((name)::text !~~ 'Z%'::text))", "Plans": [{"Node Type": "Bitmap Index Scan", "Parent Relationship": "Outer", "Parallel Aware": false, "Async Capable": false, "Index Name": "name_pkey", "Startup Cost": 0.0, "Total Cost": 0.44, "Plan Rows": 1, "Plan Width": 0, "Index Cond": "(id = ci.person_id)"}]}]}, {"Node Type": "Bitmap Heap Scan", "Parent Relationship": "Inner", "Parallel Aware": false, "Async Capable": false, "Relation Name": "title", "Alias": "t", "Startup Cost": 0.44, "Total Cost": 4.45, "Plan Rows": 1, "Plan Width": 21, "Recheck Cond": "(id = ci.movie_id)", "Plans": [{"Node Type": "Bitmap Index Scan", "Parent Relationship": "Outer", "Parallel Aware": false, "Async Capable": false, "Index Name": "title_pkey", "Startup Cost": 0.0, "Total Cost": 0.44, "Plan Rows": 1, "Plan Width": 0, "Index Cond": "(id = ci.movie_id)"}]}]}]}]}]}}, {"Plan": {"Node Type": "Aggregate", "Strategy": "Plain", "Partial Mode": "Simple", "Parallel Aware": false, "Async Capable": false, "Startup Cost": 30001145723.26, "Total Cost": 30001145723.27, "Plan Rows": 1, "Plan Width": 64, "Plans": [{"Node Type": "Hash Join", "Parent Relationship": "Outer", "Parallel Aware": false, "Async Capable": false, "Join Type": "Inner", "Startup Cost": 30001121909.66, "Total Cost": 30001145719.84, "Plan Rows": 684, "Plan Width": 33, "Inner Unique": false, "Hash Cond": "(an.person_id = n.id)", "Plans": [{"Node Type": "Seq Scan", "Parent Relationship": "Outer", "Parallel Aware": false, "Async Capable": false, "Relation Name": "aka_name", "Alias": "an", "Startup Cost": 10000000000.0, "Total Cost": 10000020429.43, "Plan Rows": 901343, "Plan Width": 20}, {"Node Type": "Hash", "Parent Relationship": "Inner", "Parallel Aware": false, "Async Capable": false, "Startup Cost": 20001121905.59, "Total Cost": 20001121905.59, "Plan Rows": 326, "Plan Width": 25, "Plans": [{"Node Type": "Hash Join", "Parent Relationship": "Outer", "Parallel Aware": false, "Async Capable": false, "Join Type": "Inner", "Startup Cost": 20000396045.59, "Total Cost": 20001121905.59, "Plan Rows": 326, "Plan Width": 25, "Inner Unique": true, "Hash Cond": "(ci.role_id = rt.id)", "Plans": [{"Node Type": "Hash Join", "Parent Relationship": "Outer", "Parallel Aware": false, "Async Capable": false, "Join Type": "Inner", "Startup Cost": 20000396033.24, "Total Cost": 20001121879.35, "Plan Rows": 3907, "Plan Width": 29, "Inner Unique": false, "Hash Cond": "(ci.movie_id = t.id)", "Plans": [{"Node Type": "Hash Join", "Parent Relationship": "Outer", "Parallel Aware": false, "Async Capable": false, "Join Type": "Inner", "Startup Cost": 10000205055.47, "Total Cost": 10000915230.07, "Plan Rows": 4174794, "Plan Width": 16, "Inner Unique": true, "Hash Cond": "(ci.person_id = n.id)", "Plans": [{"Node Type": "Seq Scan", "Parent Relationship": "Outer", "Parallel Aware": false, "Async Capable": false, "Relation Name": "cast_info", "Alias": "ci", "Startup Cost": 10000000000.0, "Total Cost": 10000615060.2, "Plan Rows": 36234020, "Plan Width": 12}, {"Node Type": "Hash", "Parent Relationship": "Inner", "Parallel Aware": false, "Async Capable": false, "Startup Cost": 199053.37, "Total Cost": 199053.37, "Plan Rows": 480168, "Plan Width": 4, "Plans": [{"Node Type": "Index Scan", "Parent Relationship": "Outer", "Parallel Aware": false, "Async Capable": false, "Scan Direction": "Forward", "Index Name": "name_pkey", "Relation Name": "name", "Alias": "n", "Startup Cost": 0.43, "Total Cost": 199053.37, "Plan Rows": 480168, "Plan Width": 4, "Filter": "(((name)::text ~~ '%B%'::text) AND ((name)::text !~~ 'Z%'::text))"}]}]}, {"Node Type": "Hash", "Parent Relationship": "Inner", "Parallel Aware": false, "Async Capable": false, "Startup Cost": 10000190965.63, "Total Cost": 10000190965.63, "Plan Rows": 971, "Plan Width": 25, "Plans": [{"Node Type": "Hash Join", "Parent Relationship": "Outer", "Parallel Aware": false, "Async Capable": false, "Join Type": "Inner", "Startup Cost": 10000071106.51, "Total Cost": 10000190965.63, "Plan Rows": 971, "Plan Width": 25, "Inner Unique": false, "Hash Cond": "(t.id = mc.movie_id)", "Plans": [{"Node Type": "Index Scan", "Parent Relationship": "Outer", "Parallel Aware": false, "Async Capable": false, "Scan Direction": "Forward", "Index Name": "title_pkey", "Relation Name": "title", "Alias": "t", "Startup Cost": 0.43, "Total Cost": 110368.67, "Plan Rows": 2528312, "Plan Width": 21}, {"Node Type": "Hash", "Parent Relationship": "Inner", "Parallel Aware": false, "Async Capable": false, "Startup Cost": 10000071093.95, "Total Cost": 10000071093.95, "Plan Rows": 971, "Plan Width": 4, "Plans": [{"Node Type": "Hash Join", "Parent Relationship": "Outer", "Parallel Aware": false, "Async Capable": false, "Join Type": "Inner", "Startup Cost": 10000012572.37, "Total Cost": 10000071093.95, "Plan Rows": 971, "Plan Width": 4, "Inner Unique": true, "Hash Cond": "(mc.company_id = cn.id)", "Plans": [{"Node Type": "Seq Scan", "Parent Relationship": "Outer", "Parallel Aware": false, "Async Capable": false, "Relation Name": "movie_companies", "Alias": "mc", "Startup Cost": 10000000000.0, "Total Cost": 10000057960.93, "Plan Rows": 213572, "Plan Width": 8, "Filter": "(((note)::text ~~ '%(TV)%'::text) AND ((note)::text !~~ '%(2006)%'::text))"}, {"Node Type": "Hash", "Parent Relationship": "Inner", "Parallel Aware": false, "Async Capable": false, "Startup Cost": 12559.02, "Total Cost": 12559.02, "Plan Rows": 1068, "Plan Width": 4, "Plans": [{"Node Type": "Index Scan", "Parent Relationship": "Outer", "Parallel Aware": false, "Async Capable": false, "Scan Direction": "Forward", "Index Name": "company_name_pkey", "Relation Name": "company_name", "Alias": "cn", "Startup Cost": 0.42, "Total Cost": 12559.02, "Plan Rows": 1068, "Plan Width": 4, "Filter": "((country_code)::text = '[pl]'::text)"}]}]}]}]}]}]}, {"Node Type": "Hash", "Parent Relationship": "Inner", "Parallel Aware": false, "Async Capable": false, "Startup Cost": 12.35, "Total Cost": 12.35, "Plan Rows": 1, "Plan Width": 4, "Plans": [{"Node Type": "Index Scan", "Parent Relationship": "Outer", "Parallel Aware": false, "Async Capable": false, "Scan Direction": "Forward", "Index Name": "role_type_pkey", "Relation Name": "role_type", "Alias": "rt", "Startup Cost": 0.14, "Total Cost": 12.35, "Plan Rows": 1, "Plan Width": 4, "Filter": "((role)::text = 'writer'::text)"}]}]}]}]}]}}, {"Plan": {"Node Type": "Aggregate", "Strategy": "Plain", "Partial Mode": "Simple", "Parallel Aware": false, "Async Capable": false, "Startup Cost": 30001158044.56, "Total Cost": 30001158044.57, "Plan Rows": 1, "Plan Width": 64, "Plans": [{"Node Type": "Hash Join", "Parent Relationship": "Outer", "Parallel Aware": false, "Async Capable": false, "Join Type": "Inner", "Startup Cost": 30001134230.97, "Total Cost": 30001158041.14, "Plan Rows": 684, "Plan Width": 33, "Inner Unique": false, "Hash Cond": "(an.person_id = n.id)", "Plans": [{"Node Type": "Seq Scan", "Parent Relationship": "Outer", "Parallel Aware": false, "Async Capable": false, "Relation Name": "aka_name", "Alias": "an", "Startup Cost": 10000000000.0, "Total Cost": 10000020429.43, "Plan Rows": 901343, "Plan Width": 20}, {"Node Type": "Hash", "Parent Relationship": "Inner", "Parallel Aware": false, "Async Capable": false, "Startup Cost": 20001134226.89, "Total Cost": 20001134226.89, "Plan Rows": 326, "Plan Width": 25, "Plans": [{"Node Type": "Merge Join", "Parent Relationship": "Outer", "Parallel Aware": false, "Async Capable": false, "Join Type": "Inner", "Startup Cost": 20000939111.7, "Total Cost": 20001134226.89, "Plan Rows": 326, "Plan Width": 25, "Inner Unique": true, "Merge Cond": "(ci.person_id = n.id)", "Plans": [{"Node Type": "Sort", "Parent Relationship": "Outer", "Parallel Aware": false, "Async Capable": false, "Startup Cost": 20000939111.27, "Total Cost": 20000939118.33, "Plan Rows": 2826, "Plan Width": 21, "Sort Key": ["ci.person_id"], "Plans": [{"Node Type": "Hash Join", "Parent Relationship": "Outer", "Parallel Aware": false, "Async Capable": false, "Join Type": "Inner", "Startup Cost": 20000187751.88, "Total Cost": 20000938949.27, "Plan Rows": 2826, "Plan Width": 21, "Inner Unique": true, "Hash Cond": "(ci.role_id = rt.id)", "Plans": [{"Node Type": "Hash Join", "Parent Relationship": "Outer", "Parallel Aware": false, "Async Capable": false, "Join Type": "Inner", "Startup Cost": 20000187739.52, "Total Cost": 20000938816.45, "Plan Rows": 33913, "Plan Width": 25, "Inner Unique": false, "Hash Cond": "(ci.movie_id = t.id)", "Plans": [{"Node Type": "Seq Scan", "Parent Relationship": "Outer", "Parallel Aware": false, "Async Capable": false, "Relation Name": "cast_info", "Alias": "ci", "Startup Cost": 10000000000.0, "Total Cost": 10000615060.2, "Plan Rows": 36234020, "Plan Width": 12}, {"Node Type": "Hash", "Parent Relationship": "Inner", "Parallel Aware": false, "Async Capable": false, "Startup Cost": 10000187727.38, "Total Cost": 10000187727.38, "Plan Rows": 971, "Plan Width": 25, "Plans": [{"Node Type": "Merge Join", "Parent Relationship": "Outer", "Parallel Aware": false, "Async Capable": false, "Join Type": "Inner", "Startup Cost": 10000071142.55, "Total Cost": 10000187727.38, "Plan Rows": 971, "Plan Width": 25, "Inner Unique": true, "Merge Cond": "(mc.movie_id = t.id)", "Plans": [{"Node Type": "Sort", "Parent Relationship": "Outer", "Parallel Aware": false, "Async Capable": false, "Startup Cost": 10000071142.12, "Total Cost": 10000071144.55, "Plan Rows": 971, "Plan Width": 4, "Sort Key": ["mc.movie_id"], "Plans": [{"Node Type": "Hash Join", "Parent Relationship": "Outer", "Parallel Aware": false, "Async Capable": false, "Join Type": "Inner", "Startup Cost": 10000012572.37, "Total Cost": 10000071093.95, "Plan Rows": 971, "Plan Width": 4, "Inner Unique": true, "Hash Cond": "(mc.company_id = cn.id)", "Plans": [{"Node Type": "Seq Scan", "Parent Relationship": "Outer", "Parallel Aware": false, "Async Capable": false, "Relation Name": "movie_companies", "Alias": "mc", "Startup Cost": 10000000000.0, "Total Cost": 10000057960.93, "Plan Rows": 213572, "Plan Width": 8, "Filter": "(((note)::text ~~ '%(TV)%'::text) AND ((note)::text !~~ '%(2006)%'::text))"}, {"Node Type": "Hash", "Parent Relationship": "Inner", "Parallel Aware": false, "Async Capable": false, "Startup Cost": 12559.02, "Total Cost": 12559.02, "Plan Rows": 1068, "Plan Width": 4, "Plans": [{"Node Type": "Index Scan", "Parent Relationship": "Outer", "Parallel Aware": false, "Async Capable": false, "Scan Direction": "Forward", "Index Name": "company_name_pkey", "Relation Name": "company_name", "Alias": "cn", "Startup Cost": 0.42, "Total Cost": 12559.02, "Plan Rows": 1068, "Plan Width": 4, "Filter": "((country_code)::text = '[pl]'::text)"}]}]}]}, {"Node Type": "Index Scan", "Parent Relationship": "Inner", "Parallel Aware": false, "Async Capable": false, "Scan Direction": "Forward", "Index Name": "title_pkey", "Relation Name": "title", "Alias": "t", "Startup Cost": 0.43, "Total Cost": 110368.67, "Plan Rows": 2528312, "Plan Width": 21}]}]}]}, {"Node Type": "Hash", "Parent Relationship": "Inner", "Parallel Aware": false, "Async Capable": false, "Startup Cost": 12.35, "Total Cost": 12.35, "Plan Rows": 1, "Plan Width": 4, "Plans": [{"Node Type": "Index Scan", "Parent Relationship": "Outer", "Parallel Aware": false, "Async Capable": false, "Scan Direction": "Forward", "Index Name": "role_type_pkey", "Relation Name": "role_type", "Alias": "rt", "Startup Cost": 0.14, "Total Cost": 12.35, "Plan Rows": 1, "Plan Width": 4, "Filter": "((role)::text = 'writer'::text)"}]}]}]}, {"Node Type": "Index Scan", "Parent Relationship": "Inner", "Parallel Aware": false, "Async Capable": false, "Scan Direction": "Forward", "Index Name": "name_pkey", "Relation Name": "name", "Alias": "n", "Startup Cost": 0.43, "Total Cost": 199053.37, "Plan Rows": 480168, "Plan Width": 4, "Filter": "(((name)::text ~~ '%B%'::text) AND ((name)::text !~~ 'Z%'::text))"}]}]}]}]}}, {"Plan": {"Node Type": "Aggregate", "Strategy": "Plain", "Partial Mode": "Simple", "Parallel Aware": false, "Async Capable": false, "Startup Cost": 30001055437.5, "Total Cost": 30001055437.51, "Plan Rows": 1, "Plan Width": 64, "Plans": [{"Node Type": "Nested Loop", "Parent Relationship": "Outer", "Parallel Aware": false, "Async Capable": false, "Join Type": "Inner", "Startup Cost": 30001048691.78, "Total Cost": 30001055434.08, "Plan Rows": 684, "Plan Width": 33, "Inner Unique": true, "Join Filter": "(n.id = an.person_id)", "Plans": [{"Node Type": "Merge Join", "Parent Relationship": "Outer", "Parallel Aware": false, "Async Capable": false, "Join Type": "Inner", "Startup Cost": 30001048691.35, "Total Cost": 30001052625.17, "Plan Rows": 5941, "Plan Width": 41, "Inner Unique": false, "Merge Cond": "(ci.person_id = an.person_id)", "Plans": [{"Node Type": "Sort", "Parent Relationship": "Outer", "Parallel Aware": false, "Async Capable": false, "Startup Cost": 20000939111.27, "Total Cost": 20000939118.33, "Plan Rows": 2826, "Plan Width": 21, "Sort Key": ["ci.person_id"], "Plans": [{"Node Type": "Hash Join", "Parent Relationship": "Outer", "Parallel Aware": false, "Async Capable": false, "Join Type": "Inner", "Startup Cost": 20000187751.88, "Total Cost": 20000938949.27, "Plan Rows": 2826, "Plan Width": 21, "Inner Unique": true, "Hash Cond": "(ci.role_id = rt.id)", "Plans": [{"Node Type": "Hash Join", "Parent Relationship": "Outer", "Parallel Aware": false, "Async Capable": false, "Join Type": "Inner", "Startup Cost": 20000187739.52, "Total Cost": 20000938816.45, "Plan Rows": 33913, "Plan Width": 25, "Inner Unique": false, "Hash Cond": "(ci.movie_id = t.id)", "Plans": [{"Node Type": "Seq Scan", "Parent Relationship": "Outer", "Parallel Aware": false, "Async Capable": false, "Relation Name": "cast_info", "Alias": "ci", "Startup Cost": 10000000000.0, "Total Cost": 10000615060.2, "Plan Rows": 36234020, "Plan Width": 12}, {"Node Type": "Hash", "Parent Relationship": "Inner", "Parallel Aware": false, "Async Capable": false, "Startup Cost": 10000187727.38, "Total Cost": 10000187727.38, "Plan Rows": 971, "Plan Width": 25, "Plans": [{"Node Type": "Merge Join", "Parent Relationship": "Outer", "Parallel Aware": false, "Async Capable": false, "Join Type": "Inner", "Startup Cost": 10000071142.55, "Total Cost": 10000187727.38, "Plan Rows": 971, "Plan Width": 25, "Inner Unique": true, "Merge Cond": "(mc.movie_id = t.id)", "Plans": [{"Node Type": "Sort", "Parent Relationship": "Outer", "Parallel Aware": false, "Async Capable": false, "Startup Cost": 10000071142.12, "Total Cost": 10000071144.55, "Plan Rows": 971, "Plan Width": 4, "Sort Key": ["mc.movie_id"], "Plans": [{"Node Type": "Hash Join", "Parent Relationship": "Outer", "Parallel Aware": false, "Async Capable": false, "Join Type": "Inner", "Startup Cost": 10000012572.37, "Total Cost": 10000071093.95, "Plan Rows": 971, "Plan Width": 4, "Inner Unique": true, "Hash Cond": "(mc.company_id = cn.id)", "Plans": [{"Node Type": "Seq Scan", "Parent Relationship": "Outer", "Parallel Aware": false, "Async Capable": false, "Relation Name": "movie_companies", "Alias": "mc", "Startup Cost": 10000000000.0, "Total Cost": 10000057960.93, "Plan Rows": 213572, "Plan Width": 8, "Filter": "(((note)::text ~~ '%(TV)%'::text) AND ((note)::text !~~ '%(2006)%'::text))"}, {"Node Type": "Hash", "Parent Relationship": "Inner", "Parallel Aware": false, "Async Capable": false, "Startup Cost": 12559.02, "Total Cost": 12559.02, "Plan Rows": 1068, "Plan Width": 4, "Plans": [{"Node Type": "Index Scan", "Parent Relationship": "Outer", "Parallel Aware": false, "Async Capable": false, "Scan Direction": "Forward", "Index Name": "company_name_pkey", "Relation Name": "company_name", "Alias": "cn", "Startup Cost": 0.42, "Total Cost": 12559.02, "Plan Rows": 1068, "Plan Width": 4, "Filter": "((country_code)::text = '[pl]'::text)"}]}]}]}, {"Node Type": "Index Scan", "Parent Relationship": "Inner", "Parallel Aware": false, "Async Capable": false, "Scan Direction": "Forward", "Index Name": "title_pkey", "Relation Name": "title", "Alias": "t", "Startup Cost": 0.43, "Total Cost": 110368.67, "Plan Rows": 2528312, "Plan Width": 21}]}]}]}, {"Node Type": "Hash", "Parent Relationship": "Inner", "Parallel Aware": false, "Async Capable": false, "Startup Cost": 12.35, "Total Cost": 12.35, "Plan Rows": 1, "Plan Width": 4, "Plans": [{"Node Type": "Index Scan", "Parent Relationship": "Outer", "Parallel Aware": false, "Async Capable": false, "Scan Direction": "Forward", "Index Name": "role_type_pkey", "Relation Name": "role_type", "Alias": "rt", "Startup Cost": 0.14, "Total Cost": 12.35, "Plan Rows": 1, "Plan Width": 4, "Filter": "((role)::text = 'writer'::text)"}]}]}]}, {"Node Type": "Sort", "Parent Relationship": "Inner", "Parallel Aware": false, "Async Capable": false, "Startup Cost": 10000109579.99, "Total Cost": 10000111833.35, "Plan Rows": 901343, "Plan Width": 20, "Sort Key": ["an.person_id"], "Plans": [{"Node Type": "Seq Scan", "Parent Relationship": "Outer", "Parallel Aware": false, "Async Capable": false, "Relation Name": "aka_name", "Alias": "an", "Startup Cost": 10000000000.0, "Total Cost": 10000020429.43, "Plan Rows": 901343, "Plan Width": 20}]}]}, {"Node Type": "Index Scan", "Parent Relationship": "Inner", "Parallel Aware": false, "Async Capable": false, "Scan Direction": "Forward", "Index Name": "name_pkey", "Relation Name": "name", "Alias": "n", "Startup Cost": 0.43, "Total Cost": 0.46, "Plan Rows": 1, "Plan Width": 4, "Index Cond": "(id = ci.person_id)", "Filter": "(((name)::text ~~ '%B%'::text) AND ((name)::text !~~ 'Z%'::text))"}]}]}}, {"Plan": {"Node Type": "Aggregate", "Strategy": "Plain", "Partial Mode": "Finalize", "Parallel Aware": false, "Async Capable": false, "Startup Cost": 501887.5, "Total Cost": 501887.51, "Plan Rows": 1, "Plan Width": 64, "Plans": [{"Node Type": "Gather", "Parent Relationship": "Outer", "Parallel Aware": false, "Async Capable": false, "Startup Cost": 501887.18, "Total Cost": 501887.49, "Plan Rows": 3, "Plan Width": 64, "Workers Planned": 3, "Single Copy": false, "Plans": [{"Node Type": "Aggregate", "Strategy": "Plain", "Partial Mode": "Partial", "Parent Relationship": "Outer", "Parallel Aware": false, "Async Capable": false, "Startup Cost": 500887.18, "Total Cost": 500887.19, "Plan Rows": 1, "Plan Width": 64, "Plans": [{"Node Type": "Hash Join", "Parent Relationship": "Outer", "Parallel Aware": true, "Async Capable": false, "Join Type": "Inner", "Startup Cost": 485472.12, "Total Cost": 500886.07, "Plan Rows": 221, "Plan Width": 33, "Inner Unique": false, "Hash Cond": "(an.person_id = n.id)", "Plans": [{"Node Type": "Seq Scan", "Parent Relationship": "Outer", "Parallel Aware": true, "Async Capable": false, "Relation Name": "aka_name", "Alias": "an", "Startup Cost": 0.0, "Total Cost": 14323.56, "Plan Rows": 290756, "Plan Width": 20}, {"Node Type": "Hash", "Parent Relationship": "Inner", "Parallel Aware": true, "Async Capable": false, "Startup Cost": 485471.1, "Total Cost": 485471.1, "Plan Rows": 82, "Plan Width": 25, "Plans": [{"Node Type": "Hash Join", "Parent Relationship": "Outer", "Parallel Aware": true, "Async Capable": false, "Join Type": "Inner", "Startup Cost": 440771.88, "Total Cost": 485471.1, "Plan Rows": 82, "Plan Width": 25, "Inner Unique": false, "Hash Cond": "(t.id = ci.movie_id)", "Plans": [{"Node Type": "Seq Scan", "Parent Relationship": "Outer", "Parallel Aware": true, "Async Capable": false, "Relation Name": "title", "Alias": "t", "Startup Cost": 0.0, "Total Cost": 42328.78, "Plan Rows": 632078, "Plan Width": 21}, {"Node Type": "Hash", "Parent Relationship": "Inner", "Parallel Aware": true, "Async Capable": false, "Startup Cost": 440771.21, "Total Cost": 440771.21, "Plan Rows": 54, "Plan Width": 16, "Plans": [{"Node Type": "Hash Join", "Parent Relationship": "Outer", "Parallel Aware": false, "Async Capable": false, "Join Type": "Inner", "Startup Cost": 109195.12, "Total Cost": 440771.21, "Plan Rows": 54, "Plan Width": 16, "Inner Unique": true, "Hash Cond": "(ci.role_id = rt.id)", "Plans": [{"Node Type": "Hash Join", "Parent Relationship": "Outer", "Parallel Aware": true, "Async Capable": false, "Join Type": "Inner", "Startup Cost": 109193.96, "Total Cost": 440767.74, "Plan Rows": 651, "Plan Width": 20, "Inner Unique": false, "Hash Cond": "(ci.movie_id = mc.movie_id)", "Plans": [{"Node Type": "Hash Join", "Parent Relationship": "Outer", "Parallel Aware": true, "Async Capable": false, "Join Type": "Inner", "Startup Cost": 72784.62, "Total Cost": 401747.04, "Plan Rows": 695799, "Plan Width": 16, "Inner Unique": true, "Hash Cond": "(ci.person_id = n.id)", "Plans": [{"Node Type": "Seq Scan", "Parent Relationship": "Outer", "Parallel Aware": true, "Async Capable": false, "Relation Name": "cast_info", "Alias": "ci", "Startup Cost": 0.0, "Total Cost": 313110.03, "Plan Rows": 6039003, "Plan Width": 12}, {"Node Type": "Hash", "Parent Relationship": "Inner", "Parallel Aware": true, "Async Capable": false, "Startup Cost": 71284.09, "Total Cost": 71284.09, "Plan Rows": 120042, "Plan Width": 4, "Plans": [{"Node Type": "Seq Scan", "Parent Relationship": "Outer", "Parallel Aware": true, "Async Capable": false, "Relation Name": "name", "Alias": "n", "Startup Cost": 0.0, "Total Cost": 71284.09, "Plan Rows": 120042, "Plan Width": 4, "Filter": "(((name)::text ~~ '%B%'::text) AND ((name)::text !~~ 'Z%'::text))"}]}]}, {"Node Type": "Hash", "Parent Relationship": "Inner", "Parallel Aware": true, "Async Capable": false, "Startup Cost": 36405.43, "Total Cost": 36405.43, "Plan Rows": 313, "Plan Width": 4, "Plans": [{"Node Type": "Hash Join", "Parent Relationship": "Outer", "Parallel Aware": true, "Async Capable": false, "Join Type": "Inner", "Startup Cost": 4775.77, "Total Cost": 36405.43, "Plan Rows": 313, "Plan Width": 4, "Inner Unique": true, "Hash Cond": "(mc.company_id = cn.id)", "Plans": [{"Node Type": "Seq Scan", "Parent Relationship": "Outer", "Parallel Aware": true, "Async Capable": false, "Relation Name": "movie_companies", "Alias": "mc", "Startup Cost": 0.0, "Total Cost": 31448.82, "Plan Rows": 68894, "Plan Width": 8, "Filter": "(((note)::text ~~ '%(TV)%'::text) AND ((note)::text !~~ '%(2006)%'::text))"}, {"Node Type": "Hash", "Parent Relationship": "Inner", "Parallel Aware": true, "Async Capable": false, "Startup Cost": 4767.92, "Total Cost": 4767.92, "Plan Rows": 628, "Plan Width": 4, "Plans": [{"Node Type": "Seq Scan", "Parent Relationship": "Outer", "Parallel Aware": true, "Async Capable": false, "Relation Name": "company_name", "Alias": "cn", "Startup Cost": 0.0, "Total Cost": 4767.92, "Plan Rows": 628, "Plan Width": 4, "Filter": "((country_code)::text = '[pl]'::text)"}]}]}]}]}, {"Node Type": "Hash", "Parent Relationship": "Inner", "Parallel Aware": false, "Async Capable": false, "Startup Cost": 1.15, "Total Cost": 1.15, "Plan Rows": 1, "Plan Width": 4, "Plans": [{"Node Type": "Seq Scan", "Parent Relationship": "Outer", "Parallel Aware": false, "Async Capable": false, "Relation Name": "role_type", "Alias": "rt", "Startup Cost": 0.0, "Total Cost": 1.15, "Plan Rows": 1, "Plan Width": 4, "Filter": "((role)::text = 'writer'::text)"}]}]}]}]}]}]}]}]}]}}, {"Plan": {"Node Type": "Aggregate", "Strategy": "Plain", "Partial Mode": "Simple", "Parallel Aware": false, "Async Capable": false, "Startup Cost": 30000849541.96, "Total Cost": 30000849541.97, "Plan Rows": 1, "Plan Width": 64, "Plans": [{"Node Type": "Nested Loop", "Parent Relationship": "Outer", "Parallel Aware": false, "Async Capable": false, "Join Type": "Inner", "Startup Cost": 30000822552.12, "Total Cost": 30000849538.54, "Plan Rows": 684, "Plan Width": 33, "Inner Unique": true, "Plans": [{"Node Type": "Nested Loop", "Parent Relationship": "Outer", "Parallel Aware": false, "Async Capable": false, "Join Type": "Inner", "Startup Cost": 30000822551.69, "Total Cost": 30000849229.05, "Plan Rows": 684, "Plan Width": 24, "Inner Unique": true, "Join Filter": "(n.id = an.person_id)", "Plans": [{"Node Type": "Hash Join", "Parent Relationship": "Outer", "Parallel Aware": false, "Async Capable": false, "Join Type": "Inner", "Startup Cost": 30000822551.26, "Total Cost": 30000846420.14, "Plan Rows": 5941, "Plan Width": 32, "Inner Unique": false, "Hash Cond": "(an.person_id = ci.person_id)", "Plans": [{"Node Type": "Seq Scan", "Parent Relationship": "Outer", "Parallel Aware": false, "Async Capable": false, "Relation Name": "aka_name", "Alias": "an", "Startup Cost": 10000000000.0, "Total Cost": 10000020429.43, "Plan Rows": 901343, "Plan Width": 20}, {"Node Type": "Hash", "Parent Relationship": "Inner", "Parallel Aware": false, "Async Capable": false, "Startup Cost": 20000822515.94, "Total Cost": 20000822515.94, "Plan Rows": 2826, "Plan Width": 12, "Plans": [{"Node Type": "Hash Join", "Parent Relationship": "Outer", "Parallel Aware": false, "Async Capable": false, "Join Type": "Inner", "Startup Cost": 20000071118.44, "Total Cost": 20000822515.94, "Plan Rows": 2826, "Plan Width": 12, "Inner Unique": true, "Hash Cond": "(ci.role_id = rt.id)", "Plans": [{"Node Type": "Hash Join", "Parent Relationship": "Outer", "Parallel Aware": false, "Async Capable": false, "Join Type": "Inner", "Startup Cost": 20000071106.08, "Total Cost": 20000822383.12, "Plan Rows": 33913, "Plan Width": 16, "Inner Unique": false, "Hash Cond": "(ci.movie_id = mc.movie_id)", "Plans": [{"Node Type": "Seq Scan", "Parent Relationship": "Outer", "Parallel Aware": false, "Async Capable": false, "Relation Name": "cast_info", "Alias": "ci", "Startup Cost": 10000000000.0, "Total Cost": 10000615060.2, "Plan Rows": 36234020, "Plan Width": 12}, {"Node Type": "Hash", "Parent Relationship": "Inner", "Parallel Aware": false, "Async Capable": false, "Startup Cost": 10000071093.95, "Total Cost": 10000071093.95, "Plan Rows": 971, "Plan Width": 4, "Plans": [{"Node Type": "Hash Join", "Parent Relationship": "Outer", "Parallel Aware": false, "Async Capable": false, "Join Type": "Inner", "Startup Cost": 10000012572.37, "Total Cost": 10000071093.95, "Plan Rows": 971, "Plan Width": 4, "Inner Unique": true, "Hash Cond": "(mc.company_id = cn.id)", "Plans": [{"Node Type": "Seq Scan", "Parent Relationship": "Outer", "Parallel Aware": false, "Async Capable": false, "Relation Name": "movie_companies", "Alias": "mc", "Startup Cost": 10000000000.0, "Total Cost": 10000057960.93, "Plan Rows": 213572, "Plan Width": 8, "Filter": "(((note)::text ~~ '%(TV)%'::text) AND ((note)::text !~~ '%(2006)%'::text))"}, {"Node Type": "Hash", "Parent Relationship": "Inner", "Parallel Aware": false, "Async Capable": false, "Startup Cost": 12559.02, "Total Cost": 12559.02, "Plan Rows": 1068, "Plan Width": 4, "Plans": [{"Node Type": "Index Scan", "Parent Relationship": "Outer", "Parallel Aware": false, "Async Capable": false, "Scan Direction": "Forward", "Index Name": "company_name_pkey", "Relation Name": "company_name", "Alias": "cn", "Startup Cost": 0.42, "Total Cost": 12559.02, "Plan Rows": 1068, "Plan Width": 4, "Filter": "((country_code)::text = '[pl]'::text)"}]}]}]}]}, {"Node Type": "Hash", "Parent Relationship": "Inner", "Parallel Aware": false, "Async Capable": false, "Startup Cost": 12.35, "Total Cost": 12.35, "Plan Rows": 1, "Plan Width": 4, "Plans": [{"Node Type": "Index Scan", "Parent Relationship": "Outer", "Parallel Aware": false, "Async Capable": false, "Scan Direction": "Forward", "Index Name": "role_type_pkey", "Relation Name": "role_type", "Alias": "rt", "Startup Cost": 0.14, "Total Cost": 12.35, "Plan Rows": 1, "Plan Width": 4, "Filter": "((role)::text = 'writer'::text)"}]}]}]}]}, {"Node Type": "Index Scan", "Parent Relationship": "Inner", "Parallel Aware": false, "Async Capable": false, "Scan Direction": "Forward", "Index Name": "name_pkey", "Relation Name": "name", "Alias": "n", "Startup Cost": 0.43, "Total Cost": 0.46, "Plan Rows": 1, "Plan Width": 4, "Index Cond": "(id = ci.person_id)", "Filter": "(((name)::text ~~ '%B%'::text) AND ((name)::text !~~ 'Z%'::text))"}]}, {"Node Type": "Index Scan", "Parent Relationship": "Inner", "Parallel Aware": false, "Async Capable": false, "Scan Direction": "Forward", "Index Name": "title_pkey", "Relation Name": "title", "Alias": "t", "Startup Cost": 0.43, "Total Cost": 0.45, "Plan Rows": 1, "Plan Width": 21, "Index Cond": "(id = ci.movie_id)"}]}]}}, {"Plan": {"Node Type": "Aggregate", "Strategy": "Plain", "Partial Mode": "Simple", "Parallel Aware": false, "Async Capable": false, "Startup Cost": 70001079181.34, "Total Cost": 70001079181.35, "Plan Rows": 1, "Plan Width": 64, "Plans": [{"Node Type": "Nested Loop", "Parent Relationship": "Outer", "Parallel Aware": false, "Async Capable": false, "Join Type": "Inner", "Startup Cost": 70001048691.79, "Total Cost": 70001079177.92, "Plan Rows": 684, "Plan Width": 33, "Inner Unique": true, "Join Filter": "(n.id = an.person_id)", "Plans": [{"Node Type": "Merge Join", "Parent Relationship": "Outer", "Parallel Aware": false, "Async Capable": false, "Join Type": "Inner", "Startup Cost": 60001048691.35, "Total Cost": 60001052625.17, "Plan Rows": 5941, "Plan Width": 41, "Inner Unique": false, "Merge Cond": "(ci.person_id = an.person_id)", "Plans": [{"Node Type": "Sort", "Parent Relationship": "Outer", "Parallel Aware": false, "Async Capable": false, "Startup Cost": 50000939111.27, "Total Cost": 50000939118.33, "Plan Rows": 2826, "Plan Width": 21, "Sort Key": ["ci.person_id"], "Plans": [{"Node Type": "Hash Join", "Parent Relationship": "Outer", "Parallel Aware": false, "Async Capable": false, "Join Type": "Inner", "Startup Cost": 50000187751.88, "Total Cost": 50000938949.27, "Plan Rows": 2826, "Plan Width": 21, "Inner Unique": true, "Hash Cond": "(ci.role_id = rt.id)", "Plans": [{"Node Type": "Hash Join", "Parent Relationship": "Outer", "Parallel Aware": false, "Async Capable": false, "Join Type": "Inner", "Startup Cost": 40000187739.52, "Total Cost": 40000938816.45, "Plan Rows": 33913, "Plan Width": 25, "Inner Unique": false, "Hash Cond": "(ci.movie_id = t.id)", "Plans": [{"Node Type": "Seq Scan", "Parent Relationship": "Outer", "Parallel Aware": false, "Async Capable": false, "Relation Name": "cast_info", "Alias": "ci", "Startup Cost": 10000000000.0, "Total Cost": 10000615060.2, "Plan Rows": 36234020, "Plan Width": 12}, {"Node Type": "Hash", "Parent Relationship": "Inner", "Parallel Aware": false, "Async Capable": false, "Startup Cost": 30000187727.38, "Total Cost": 30000187727.38, "Plan Rows": 971, "Plan Width": 25, "Plans": [{"Node Type": "Merge Join", "Parent Relationship": "Outer", "Parallel Aware": false, "Async Capable": false, "Join Type": "Inner", "Startup Cost": 30000071142.55, "Total Cost": 30000187727.38, "Plan Rows": 971, "Plan Width": 25, "Inner Unique": true, "Merge Cond": "(mc.movie_id = t.id)", "Plans": [{"Node Type": "Sort", "Parent Relationship": "Outer", "Parallel Aware": false, "Async Capable": false, "Startup Cost": 20000071142.12, "Total Cost": 20000071144.55, "Plan Rows": 971, "Plan Width": 4, "Sort Key": ["mc.movie_id"], "Plans": [{"Node Type": "Hash Join", "Parent Relationship": "Outer", "Parallel Aware": false, "Async Capable": false, "Join Type": "Inner", "Startup Cost": 20000012572.37, "Total Cost": 20000071093.95, "Plan Rows": 971, "Plan Width": 4, "Inner Unique": true, "Hash Cond": "(mc.company_id = cn.id)", "Plans": [{"Node Type": "Seq Scan", "Parent Relationship": "Outer", "Parallel Aware": false, "Async Capable": false, "Relation Name": "movie_companies", "Alias": "mc", "Startup Cost": 10000000000.0, "Total Cost": 10000057960.93, "Plan Rows": 213572, "Plan Width": 8, "Filter": "(((note)::text ~~ '%(TV)%'::text) AND ((note)::text !~~ '%(2006)%'::text))"}, {"Node Type": "Hash", "Parent Relationship": "Inner", "Parallel Aware": false, "Async Capable": false, "Startup Cost": 10000012559.02, "Total Cost": 10000012559.02, "Plan Rows": 1068, "Plan Width": 4, "Plans": [{"Node Type": "Index Scan", "Parent Relationship": "Outer", "Parallel Aware": false, "Async Capable": false, "Scan Direction": "Forward", "Index Name": "company_name_pkey", "Relation Name": "company_name", "Alias": "cn", "Startup Cost": 10000000000.42, "Total Cost": 10000012559.02, "Plan Rows": 1068, "Plan Width": 4, "Filter": "((country_code)::text = '[pl]'::text)"}]}]}]}, {"Node Type": "Index Scan", "Parent Relationship": "Inner", "Parallel Aware": false, "Async Capable": false, "Scan Direction": "Forward", "Index Name": "title_pkey", "Relation Name": "title", "Alias": "t", "Startup Cost": 10000000000.43, "Total Cost": 10000110368.67, "Plan Rows": 2528312, "Plan Width": 21}]}]}]}, {"Node Type": "Hash", "Parent Relationship": "Inner", "Parallel Aware": false, "Async Capable": false, "Startup Cost": 10000000012.34, "Total Cost": 10000000012.34, "Plan Rows": 1, "Plan Width": 4, "Plans": [{"Node Type": "Index Scan", "Parent Relationship": "Outer", "Parallel Aware": false, "Async Capable": false, "Scan Direction": "Forward", "Index Name": "role_type_pkey", "Relation Name": "role_type", "Alias": "rt", "Startup Cost": 10000000000.14, "Total Cost": 10000000012.34, "Plan Rows": 1, "Plan Width": 4, "Filter": "((role)::text = 'writer'::text)"}]}]}]}, {"Node Type": "Sort", "Parent Relationship": "Inner", "Parallel Aware": false, "Async Capable": false, "Startup Cost": 10000109579.99, "Total Cost": 10000111833.35, "Plan Rows": 901343, "Plan Width": 20, "Sort Key": ["an.person_id"], "Plans": [{"Node Type": "Seq Scan", "Parent Relationship": "Outer", "Parallel Aware": false, "Async Capable": false, "Relation Name": "aka_name", "Alias": "an", "Startup Cost": 10000000000.0, "Total Cost": 10000020429.43, "Plan Rows": 901343, "Plan Width": 20}]}]}, {"Node Type": "Bitmap Heap Scan", "Parent Relationship": "Inner", "Parallel Aware": false, "Async Capable": false, "Relation Name": "name", "Alias": "n", "Startup Cost": 0.44, "Total Cost": 4.46, "Plan Rows": 1, "Plan Width": 4, "Recheck Cond": "(id = ci.person_id)", "Filter": "(((name)::text ~~ '%B%'::text) AND ((name)::text !~~ 'Z%'::text))", "Plans": [{"Node Type": "Bitmap Index Scan", "Parent Relationship": "Outer", "Parallel Aware": false, "Async Capable": false, "Index Name": "name_pkey", "Startup Cost": 0.0, "Total Cost": 0.44, "Plan Rows": 1, "Plan Width": 0, "Index Cond": "(id = ci.person_id)"}]}]}]}}, {"Plan": {"Node Type": "Aggregate", "Strategy": "Plain", "Partial Mode": "Simple", "Parallel Aware": false, "Async Capable": false, "Startup Cost": 30001078478.33, "Total Cost": 30001078478.34, "Plan Rows": 1, "Plan Width": 64, "Plans": [{"Node Type": "Hash Join", "Parent Relationship": "Outer", "Parallel Aware": false, "Async Capable": false, "Join Type": "Inner", "Startup Cost": 30001054664.73, "Total Cost": 30001078474.91, "Plan Rows": 684, "Plan Width": 33, "Inner Unique": false, "Hash Cond": "(an.person_id = n.id)", "Plans": [{"Node Type": "Seq Scan", "Parent Relationship": "Outer", "Parallel Aware": false, "Async Capable": false, "Relation Name": "aka_name", "Alias": "an", "Startup Cost": 10000000000.0, "Total Cost": 10000020429.43, "Plan Rows": 901343, "Plan Width": 20}, {"Node Type": "Hash", "Parent Relationship": "Inner", "Parallel Aware": false, "Async Capable": false, "Startup Cost": 20001054660.66, "Total Cost": 20001054660.66, "Plan Rows": 326, "Plan Width": 25, "Plans": [{"Node Type": "Nested Loop", "Parent Relationship": "Outer", "Parallel Aware": false, "Async Capable": false, "Join Type": "Inner", "Startup Cost": 20000290091.38, "Total Cost": 20001054660.66, "Plan Rows": 326, "Plan Width": 25, "Inner Unique": true, "Plans": [{"Node Type": "Nested Loop", "Parent Relationship": "Outer", "Parallel Aware": false, "Async Capable": false, "Join Type": "Inner", "Startup Cost": 20000290090.94, "Total Cost": 20001042065.44, "Plan Rows": 2826, "Plan Width": 21, "Inner Unique": true, "Plans": [{"Node Type": "Hash Join", "Parent Relationship": "Outer", "Parallel Aware": false, "Async Capable": false, "Join Type": "Inner", "Startup Cost": 20000290090.79, "Total Cost": 20001041167.73, "Plan Rows": 33913, "Plan Width": 25, "Inner Unique": false, "Hash Cond": "(ci.movie_id = t.id)", "Plans": [{"Node Type": "Seq Scan", "Parent Relationship": "Outer", "Parallel Aware": false, "Async Capable": false, "Relation Name": "cast_info", "Alias": "ci", "Startup Cost": 10000000000.0, "Total Cost": 10000615060.2, "Plan Rows": 36234020, "Plan Width": 12}, {"Node Type": "Hash", "Parent Relationship": "Inner", "Parallel Aware": false, "Async Capable": false, "Startup Cost": 10000290078.65, "Total Cost": 10000290078.65, "Plan Rows": 971, "Plan Width": 25, "Plans": [{"Node Type": "Nested Loop", "Parent Relationship": "Outer", "Parallel Aware": false, "Async Capable": false, "Join Type": "Inner", "Startup Cost": 10000000001.06, "Total Cost": 10000290078.65, "Plan Rows": 971, "Plan Width": 25, "Inner Unique": true, "Plans": [{"Node Type": "Nested Loop", "Parent Relationship": "Outer", "Parallel Aware": false, "Async Capable": false, "Join Type": "Inner", "Startup Cost": 10000000000.45, "Total Cost": 10000285593.73, "Plan Rows": 971, "Plan Width": 4, "Inner Unique": true, "Plans": [{"Node Type": "Seq Scan", "Parent Relationship": "Outer", "Parallel Aware": false, "Async Capable": false, "Relation Name": "movie_companies", "Alias": "mc", "Startup Cost": 10000000000.0, "Total Cost": 10000057960.93, "Plan Rows": 213572, "Plan Width": 8, "Filter": "(((note)::text ~~ '%(TV)%'::text) AND ((note)::text !~~ '%(2006)%'::text))"}, {"Node Type": "Memoize", "Parent Relationship": "Inner", "Parallel Aware": false, "Async Capable": false, "Startup Cost": 0.45, "Total Cost": 4.47, "Plan Rows": 1, "Plan Width": 4, "Cache Key": "mc.company_id", "Cache Mode": "logical", "Plans": [{"Node Type": "Bitmap Heap Scan", "Parent Relationship": "Outer", "Parallel Aware": false, "Async Capable": false, "Relation Name": "company_name", "Alias": "cn", "Startup Cost": 0.44, "Total Cost": 4.46, "Plan Rows": 1, "Plan Width": 4, "Recheck Cond": "(id = mc.company_id)", "Filter": "((country_code)::text = '[pl]'::text)", "Plans": [{"Node Type": "Bitmap Index Scan", "Parent Relationship": "Outer", "Parallel Aware": false, "Async Capable": false, "Index Name": "company_name_pkey", "Startup Cost": 0.0, "Total Cost": 0.44, "Plan Rows": 1, "Plan Width": 0, "Index Cond": "(id = mc.company_id)"}]}]}]}, {"Node Type": "Bitmap Heap Scan", "Parent Relationship": "Inner", "Parallel Aware": false, "Async Capable": false, "Relation Name": "title", "Alias": "t", "Startup Cost": 0.61, "Total Cost": 4.62, "Plan Rows": 1, "Plan Width": 21, "Recheck Cond": "(id = mc.movie_id)", "Plans": [{"Node Type": "Bitmap Index Scan", "Parent Relationship": "Outer", "Parallel Aware": false, "Async Capable": false, "Index Name": "title_pkey", "Startup Cost": 0.0, "Total Cost": 0.61, "Plan Rows": 1, "Plan Width": 0, "Index Cond": "(id = mc.movie_id)"}]}]}]}]}, {"Node Type": "Memoize", "Parent Relationship": "Inner", "Parallel Aware": false, "Async Capable": false, "Startup Cost": 0.15, "Total Cost": 4.17, "Plan Rows": 1, "Plan Width": 4, "Cache Key": "ci.role_id", "Cache Mode": "logical", "Plans": [{"Node Type": "Bitmap Heap Scan", "Parent Relationship": "Outer", "Parallel Aware": false, "Async Capable": false, "Relation Name": "role_type", "Alias": "rt", "Startup Cost": 0.14, "Total Cost": 4.16, "Plan Rows": 1, "Plan Width": 4, "Recheck Cond": "(id = ci.role_id)", "Filter": "((role)::text = 'writer'::text)", "Plans": [{"Node Type": "Bitmap Index Scan", "Parent Relationship": "Outer", "Parallel Aware": false, "Async Capable": false, "Index Name": "role_type_pkey", "Startup Cost": 0.0, "Total Cost": 0.14, "Plan Rows": 1, "Plan Width": 0, "Index Cond": "(id = ci.role_id)"}]}]}]}, {"Node Type": "Bitmap Heap Scan", "Parent Relationship": "Inner", "Parallel Aware": false, "Async Capable": false, "Relation Name": "name", "Alias": "n", "Startup Cost": 0.44, "Total Cost": 4.46, "Plan Rows": 1, "Plan Width": 4, "Recheck Cond": "(id = ci.person_id)", "Filter": "(((name)::text ~~ '%B%'::text) AND ((name)::text !~~ 'Z%'::text))", "Plans": [{"Node Type": "Bitmap Index Scan", "Parent Relationship": "Outer", "Parallel Aware": false, "Async Capable": false, "Index Name": "name_pkey", "Startup Cost": 0.0, "Total Cost": 0.44, "Plan Rows": 1, "Plan Width": 0, "Index Cond": "(id = ci.person_id)"}]}]}]}]}]}}, {"Plan": {"Node Type": "Aggregate", "Strategy": "Plain", "Partial Mode": "Finalize", "Parallel Aware": false, "Async Capable": false, "Startup Cost": 390960.72, "Total Cost": 390960.73, "Plan Rows": 1, "Plan Width": 64, "Plans": [{"Node Type": "Gather", "Parent Relationship": "Outer", "Parallel Aware": false, "Async Capable": false, "Startup Cost": 390960.39, "Total Cost": 390960.7, "Plan Rows": 3, "Plan Width": 64, "Workers Planned": 3, "Single Copy": false, "Plans": [{"Node Type": "Aggregate", "Strategy": "Plain", "Partial Mode": "Partial", "Parent Relationship": "Outer", "Parallel Aware": false, "Async Capable": false, "Startup Cost": 389960.39, "Total Cost": 389960.4, "Plan Rows": 1, "Plan Width": 64, "Plans": [{"Node Type": "Hash Join", "Parent Relationship": "Outer", "Parallel Aware": true, "Async Capable": false, "Join Type": "Inner", "Startup Cost": 374545.36, "Total Cost": 389959.29, "Plan Rows": 221, "Plan Width": 33, "Inner Unique": false, "Hash Cond": "(an.person_id = n.id)", "Plans": [{"Node Type": "Seq Scan", "Parent Relationship": "Outer", "Parallel Aware": true, "Async Capable": false, "Relation Name": "aka_name", "Alias": "an", "Startup Cost": 0.0, "Total Cost": 14323.56, "Plan Rows": 290756, "Plan Width": 20}, {"Node Type": "Hash", "Parent Relationship": "Inner", "Parallel Aware": true, "Async Capable": false, "Startup Cost": 374544.68, "Total Cost": 374544.68, "Plan Rows": 54, "Plan Width": 25, "Plans": [{"Node Type": "Nested Loop", "Parent Relationship": "Outer", "Parallel Aware": false, "Async Capable": false, "Join Type": "Inner", "Startup Cost": 36411.39, "Total Cost": 374544.68, "Plan Rows": 54, "Plan Width": 25, "Inner Unique": true, "Plans": [{"Node Type": "Nested Loop", "Parent Relationship": "Outer", "Parallel Aware": false, "Async Capable": false, "Join Type": "Inner", "Startup Cost": 36410.95, "Total Cost": 374304.31, "Plan Rows": 54, "Plan Width": 16, "Inner Unique": true, "Plans": [{"Node Type": "Hash Join", "Parent Relationship": "Outer", "Parallel Aware": false, "Async Capable": false, "Join Type": "Inner", "Startup Cost": 36410.51, "Total Cost": 372205.11, "Plan Rows": 471, "Plan Width": 12, "Inner Unique": true, "Hash Cond": "(ci.role_id = rt.id)", "Plans": [{"Node Type": "Hash Join", "Parent Relationship": "Outer", "Parallel Aware": true, "Async Capable": false, "Join Type": "Inner", "Startup Cost": 36409.35, "Total Cost": 372183.87, "Plan Rows": 5652, "Plan Width": 16, "Inner Unique": false, "Hash Cond": "(ci.movie_id = mc.movie_id)", "Plans": [{"Node Type": "Seq Scan", "Parent Relationship": "Outer", "Parallel Aware": true, "Async Capable": false, "Relation Name": "cast_info", "Alias": "ci", "Startup Cost": 0.0, "Total Cost": 313110.03, "Plan Rows": 6039003, "Plan Width": 12}, {"Node Type": "Hash", "Parent Relationship": "Inner", "Parallel Aware": true, "Async Capable": false, "Startup Cost": 36405.43, "Total Cost": 36405.43, "Plan Rows": 313, "Plan Width": 4, "Plans": [{"Node Type": "Hash Join", "Parent Relationship": "Outer", "Parallel Aware": true, "Async Capable": false, "Join Type": "Inner", "Startup Cost": 4775.77, "Total Cost": 36405.43, "Plan Rows": 313, "Plan Width": 4, "Inner Unique": true, "Hash Cond": "(mc.company_id = cn.id)", "Plans": [{"Node Type": "Seq Scan", "Parent Relationship": "Outer", "Parallel Aware": true, "Async Capable": false, "Relation Name": "movie_companies", "Alias": "mc", "Startup Cost": 0.0, "Total Cost": 31448.82, "Plan Rows": 68894, "Plan Width": 8, "Filter": "(((note)::text ~~ '%(TV)%'::text) AND ((note)::text !~~ '%(2006)%'::text))"}, {"Node Type": "Hash", "Parent Relationship": "Inner", "Parallel Aware": true, "Async Capable": false, "Startup Cost": 4767.92, "Total Cost": 4767.92, "Plan Rows": 628, "Plan Width": 4, "Plans": [{"Node Type": "Seq Scan", "Parent Relationship": "Outer", "Parallel Aware": true, "Async Capable": false, "Relation Name": "company_name", "Alias": "cn", "Startup Cost": 0.0, "Total Cost": 4767.92, "Plan Rows": 628, "Plan Width": 4, "Filter": "((country_code)::text = '[pl]'::text)"}]}]}]}]}, {"Node Type": "Hash", "Parent Relationship": "Inner", "Parallel Aware": false, "Async Capable": false, "Startup Cost": 1.15, "Total Cost": 1.15, "Plan Rows": 1, "Plan Width": 4, "Plans": [{"Node Type": "Seq Scan", "Parent Relationship": "Outer", "Parallel Aware": false, "Async Capable": false, "Relation Name": "role_type", "Alias": "rt", "Startup Cost": 0.0, "Total Cost": 1.15, "Plan Rows": 1, "Plan Width": 4, "Filter": "((role)::text = 'writer'::text)"}]}]}, {"Node Type": "Bitmap Heap Scan", "Parent Relationship": "Inner", "Parallel Aware": false, "Async Capable": false, "Relation Name": "name", "Alias": "n", "Startup Cost": 0.44, "Total Cost": 4.46, "Plan Rows": 1, "Plan Width": 4, "Recheck Cond": "(id = ci.person_id)", "Filter": "(((name)::text ~~ '%B%'::text) AND ((name)::text !~~ 'Z%'::text))", "Plans": [{"Node Type": "Bitmap Index Scan", "Parent Relationship": "Outer", "Parallel Aware": false, "Async Capable": false, "Index Name": "name_pkey", "Startup Cost": 0.0, "Total Cost": 0.44, "Plan Rows": 1, "Plan Width": 0, "Index Cond": "(id = ci.person_id)"}]}]}, {"Node Type": "Bitmap Heap Scan", "Parent Relationship": "Inner", "Parallel Aware": false, "Async Capable": false, "Relation Name": "title", "Alias": "t", "Startup Cost": 0.44, "Total Cost": 4.45, "Plan Rows": 1, "Plan Width": 21, "Recheck Cond": "(id = ci.movie_id)", "Plans": [{"Node Type": "Bitmap Index Scan", "Parent Relationship": "Outer", "Parallel Aware": false, "Async Capable": false, "Index Name": "title_pkey", "Startup Cost": 0.0, "Total Cost": 0.44, "Plan Rows": 1, "Plan Width": 0, "Index Cond": "(id = ci.movie_id)"}]}]}]}]}]}]}]}}, {"Plan": {"Node Type": "Aggregate", "Strategy": "Plain", "Partial Mode": "Simple", "Parallel Aware": false, "Async Capable": false, "Startup Cost": 30001075644.61, "Total Cost": 30001075644.62, "Plan Rows": 1, "Plan Width": 64, "Plans": [{"Node Type": "Hash Join", "Parent Relationship": "Outer", "Parallel Aware": false, "Async Capable": false, "Join Type": "Inner", "Startup Cost": 30001051831.02, "Total Cost": 30001075641.19, "Plan Rows": 684, "Plan Width": 33, "Inner Unique": false, "Hash Cond": "(an.person_id = n.id)", "Plans": [{"Node Type": "Seq Scan", "Parent Relationship": "Outer", "Parallel Aware": false, "Async Capable": false, "Relation Name": "aka_name", "Alias": "an", "Startup Cost": 10000000000.0, "Total Cost": 10000020429.43, "Plan Rows": 901343, "Plan Width": 20}, {"Node Type": "Hash", "Parent Relationship": "Inner", "Parallel Aware": false, "Async Capable": false, "Startup Cost": 20001051826.94, "Total Cost": 20001051826.94, "Plan Rows": 326, "Plan Width": 25, "Plans": [{"Node Type": "Nested Loop", "Parent Relationship": "Outer", "Parallel Aware": false, "Async Capable": false, "Join Type": "Inner", "Startup Cost": 20000285606.9, "Total Cost": 20001051826.94, "Plan Rows": 326, "Plan Width": 25, "Inner Unique": true, "Plans": [{"Node Type": "Nested Loop", "Parent Relationship": "Outer", "Parallel Aware": false, "Async Capable": false, "Join Type": "Inner", "Startup Cost": 20000285606.46, "Total Cost": 20001050375.84, "Plan Rows": 326, "Plan Width": 16, "Inner Unique": true, "Plans": [{"Node Type": "Nested Loop", "Parent Relationship": "Outer", "Parallel Aware": false, "Async Capable": false, "Join Type": "Inner", "Startup Cost": 20000285606.02, "Total Cost": 20001037780.62, "Plan Rows": 2826, "Plan Width": 12, "Inner Unique": true, "Plans": [{"Node Type": "Hash Join", "Parent Relationship": "Outer", "Parallel Aware": false, "Async Capable": false, "Join Type": "Inner", "Startup Cost": 20000285605.87, "Total Cost": 20001036882.91, "Plan Rows": 33913, "Plan Width": 16, "Inner Unique": false, "Hash Cond": "(ci.movie_id = mc.movie_id)", "Plans": [{"Node Type": "Seq Scan", "Parent Relationship": "Outer", "Parallel Aware": false, "Async Capable": false, "Relation Name": "cast_info", "Alias": "ci", "Startup Cost": 10000000000.0, "Total Cost": 10000615060.2, "Plan Rows": 36234020, "Plan Width": 12}, {"Node Type": "Hash", "Parent Relationship": "Inner", "Parallel Aware": false, "Async Capable": false, "Startup Cost": 10000285593.73, "Total Cost": 10000285593.73, "Plan Rows": 971, "Plan Width": 4, "Plans": [{"Node Type": "Nested Loop", "Parent Relationship": "Outer", "Parallel Aware": false, "Async Capable": false, "Join Type": "Inner", "Startup Cost": 10000000000.45, "Total Cost": 10000285593.73, "Plan Rows": 971, "Plan Width": 4, "Inner Unique": true, "Plans": [{"Node Type": "Seq Scan", "Parent Relationship": "Outer", "Parallel Aware": false, "Async Capable": false, "Relation Name": "movie_companies", "Alias": "mc", "Startup Cost": 10000000000.0, "Total Cost": 10000057960.93, "Plan Rows": 213572, "Plan Width": 8, "Filter": "(((note)::text ~~ '%(TV)%'::text) AND ((note)::text !~~ '%(2006)%'::text))"}, {"Node Type": "Memoize", "Parent Relationship": "Inner", "Parallel Aware": false, "Async Capable": false, "Startup Cost": 0.45, "Total Cost": 4.47, "Plan Rows": 1, "Plan Width": 4, "Cache Key": "mc.company_id", "Cache Mode": "logical", "Plans": [{"Node Type": "Bitmap Heap Scan", "Parent Relationship": "Outer", "Parallel Aware": false, "Async Capable": false, "Relation Name": "company_name", "Alias": "cn", "Startup Cost": 0.44, "Total Cost": 4.46, "Plan Rows": 1, "Plan Width": 4, "Recheck Cond": "(id = mc.company_id)", "Filter": "((country_code)::text = '[pl]'::text)", "Plans": [{"Node Type": "Bitmap Index Scan", "Parent Relationship": "Outer", "Parallel Aware": false, "Async Capable": false, "Index Name": "company_name_pkey", "Startup Cost": 0.0, "Total Cost": 0.44, "Plan Rows": 1, "Plan Width": 0, "Index Cond": "(id = mc.company_id)"}]}]}]}]}]}, {"Node Type": "Memoize", "Parent Relationship": "Inner", "Parallel Aware": false, "Async Capable": false, "Startup Cost": 0.15, "Total Cost": 4.17, "Plan Rows": 1, "Plan Width": 4, "Cache Key": "ci.role_id", "Cache Mode": "logical", "Plans": [{"Node Type": "Bitmap Heap Scan", "Parent Relationship": "Outer", "Parallel Aware": false, "Async Capable": false, "Relation Name": "role_type", "Alias": "rt", "Startup Cost": 0.14, "Total Cost": 4.16, "Plan Rows": 1, "Plan Width": 4, "Recheck Cond": "(id = ci.role_id)", "Filter": "((role)::text = 'writer'::text)", "Plans": [{"Node Type": "Bitmap Index Scan", "Parent Relationship": "Outer", "Parallel Aware": false, "Async Capable": false, "Index Name": "role_type_pkey", "Startup Cost": 0.0, "Total Cost": 0.14, "Plan Rows": 1, "Plan Width": 0, "Index Cond": "(id = ci.role_id)"}]}]}]}, {"Node Type": "Bitmap Heap Scan", "Parent Relationship": "Inner", "Parallel Aware": false, "Async Capable": false, "Relation Name": "name", "Alias": "n", "Startup Cost": 0.44, "Total Cost": 4.46, "Plan Rows": 1, "Plan Width": 4, "Recheck Cond": "(id = ci.person_id)", "Filter": "(((name)::text ~~ '%B%'::text) AND ((name)::text !~~ 'Z%'::text))", "Plans": [{"Node Type": "Bitmap Index Scan", "Parent Relationship": "Outer", "Parallel Aware": false, "Async Capable": false, "Index Name": "name_pkey", "Startup Cost": 0.0, "Total Cost": 0.44, "Plan Rows": 1, "Plan Width": 0, "Index Cond": "(id = ci.person_id)"}]}]}, {"Node Type": "Bitmap Heap Scan", "Parent Relationship": "Inner", "Parallel Aware": false, "Async Capable": false, "Relation Name": "title", "Alias": "t", "Startup Cost": 0.44, "Total Cost": 4.45, "Plan Rows": 1, "Plan Width": 21, "Recheck Cond": "(id = ci.movie_id)", "Plans": [{"Node Type": "Bitmap Index Scan", "Parent Relationship": "Outer", "Parallel Aware": false, "Async Capable": false, "Index Name": "title_pkey", "Startup Cost": 0.0, "Total Cost": 0.44, "Plan Rows": 1, "Plan Width": 0, "Index Cond": "(id = ci.movie_id)"}]}]}]}]}]}}, {"Plan": {"Node Type": "Aggregate", "Strategy": "Plain", "Partial Mode": "Simple", "Parallel Aware": false, "Async Capable": false, "Startup Cost": 30006461060.79, "Total Cost": 30006461060.8, "Plan Rows": 1, "Plan Width": 64, "Plans": [{"Node Type": "Merge Join", "Parent Relationship": "Outer", "Parallel Aware": false, "Async Capable": false, "Join Type": "Inner", "Startup Cost": 30006284534.56, "Total Cost": 30006461057.37, "Plan Rows": 684, "Plan Width": 33, "Inner Unique": false, "Merge Cond": "(an.person_id = ci.person_id)", "Plans": [{"Node Type": "Merge Join", "Parent Relationship": "Outer", "Parallel Aware": false, "Async Capable": false, "Join Type": "Inner", "Startup Cost": 10000109580.51, "Total Cost": 10000315378.91, "Plan Rows": 103851, "Plan Width": 24, "Inner Unique": true, "Merge Cond": "(an.person_id = n.id)", "Plans": [{"Node Type": "Sort", "Parent Relationship": "Outer", "Parallel Aware": false, "Async Capable": false, "Startup Cost": 10000109579.99, "Total Cost": 10000111833.35, "Plan Rows": 901343, "Plan Width": 20, "Sort Key": ["an.person_id"], "Plans": [{"Node Type": "Seq Scan", "Parent Relationship": "Outer", "Parallel Aware": false, "Async Capable": false, "Relation Name": "aka_name", "Alias": "an", "Startup Cost": 10000000000.0, "Total Cost": 10000020429.43, "Plan Rows": 901343, "Plan Width": 20}]}, {"Node Type": "Index Scan", "Parent Relationship": "Inner", "Parallel Aware": false, "Async Capable": false, "Scan Direction": "Forward", "Index Name": "name_pkey", "Relation Name": "name", "Alias": "n", "Startup Cost": 0.43, "Total Cost": 199053.37, "Plan Rows": 480168, "Plan Width": 4, "Filter": "(((name)::text ~~ '%B%'::text) AND ((name)::text !~~ 'Z%'::text))"}]}, {"Node Type": "Sort", "Parent Relationship": "Inner", "Parallel Aware": false, "Async Capable": false, "Startup Cost": 20006174950.09, "Total Cost": 20006174957.15, "Plan Rows": 2826, "Plan Width": 21, "Sort Key": ["ci.person_id"], "Plans": [{"Node Type": "Merge Join", "Parent Relationship": "Outer", "Parallel Aware": false, "Async Capable": false, "Join Type": "Inner", "Startup Cost": 20006174578.05, "Total Cost": 20006174788.09, "Plan Rows": 2826, "Plan Width": 21, "Inner Unique": true, "Merge Cond": "(ci.role_id = rt.id)", "Plans": [{"Node Type": "Sort", "Parent Relationship": "Outer", "Parallel Aware": false, "Async Capable": false, "Startup Cost": 20006174577.92, "Total Cost": 20006174662.7, "Plan Rows": 33913, "Plan Width": 25, "Sort Key": ["ci.role_id"], "Plans": [{"Node Type": "Merge Join", "Parent Relationship": "Outer", "Parallel Aware": false, "Async Capable": false, "Join Type": "Inner", "Startup Cost": 20005874186.06, "Total Cost": 20006172026.04, "Plan Rows": 33913, "Plan Width": 25, "Inner Unique": false, "Merge Cond": "(ci.movie_id = t.id)", "Plans": [{"Node Type": "Sort", "Parent Relationship": "Outer", "Parallel Aware": false, "Async Capable": false, "Startup Cost": 10005783627.87, "Total Cost": 10005874212.92, "Plan Rows": 36234020, "Plan Width": 12, "Sort Key": ["ci.movie_id"], "Plans": [{"Node Type": "Seq Scan", "Parent Relationship": "Outer", "Parallel Aware": false, "Async Capable": false, "Relation Name": "cast_info", "Alias": "ci", "Startup Cost": 10000000000.0, "Total Cost": 10000615060.2, "Plan Rows": 36234020, "Plan Width": 12}]}, {"Node Type": "Materialize", "Parent Relationship": "Inner", "Parallel Aware": false, "Async Capable": false, "Startup Cost": 10000090554.57, "Total Cost": 10000207141.83, "Plan Rows": 971, "Plan Width": 25, "Plans": [{"Node Type": "Merge Join", "Parent Relationship": "Outer", "Parallel Aware": false, "Async Capable": false, "Join Type": "Inner", "Startup Cost": 10000090554.57, "Total Cost": 10000207139.4, "Plan Rows": 971, "Plan Width": 25, "Inner Unique": true, "Merge Cond": "(mc.movie_id = t.id)", "Plans": [{"Node Type": "Sort", "Parent Relationship": "Outer", "Parallel Aware": false, "Async Capable": false, "Startup Cost": 10000090554.14, "Total Cost": 10000090556.57, "Plan Rows": 971, "Plan Width": 4, "Sort Key": ["mc.movie_id"], "Plans": [{"Node Type": "Merge Join", "Parent Relationship": "Outer", "Parallel Aware": false, "Async Capable": false, "Join Type": "Inner", "Startup Cost": 10000076868.18, "Total Cost": 10000090505.96, "Plan Rows": 971, "Plan Width": 4, "Inner Unique": false, "Merge Cond": "(cn.id = mc.company_id)", "Plans": [{"Node Type": "Index Scan", "Parent Relationship": "Outer", "Parallel Aware": false, "Async Capable": false, "Scan Direction": "Forward", "Index Name": "company_name_pkey", "Relation Name": "company_name", "Alias": "cn", "Startup Cost": 0.42, "Total Cost": 12559.02, "Plan Rows": 1068, "Plan Width": 4, "Filter": "((country_code)::text = '[pl]'::text)"}, {"Node Type": "Sort", "Parent Relationship": "Inner", "Parallel Aware": false, "Async Capable": false, "Startup Cost": 10000076866.72, "Total Cost": 10000077400.65, "Plan Rows": 213572, "Plan Width": 8, "Sort Key": ["mc.company_id"], "Plans": [{"Node Type": "Seq Scan", "Parent Relationship": "Outer", "Parallel Aware": false, "Async Capable": false, "Relation Name": "movie_companies", "Alias": "mc", "Startup Cost": 10000000000.0, "Total Cost": 10000057960.93, "Plan Rows": 213572, "Plan Width": 8, "Filter": "(((note)::text ~~ '%(TV)%'::text) AND ((note)::text !~~ '%(2006)%'::text))"}]}]}]}, {"Node Type": "Index Scan", "Parent Relationship": "Inner", "Parallel Aware": false, "Async Capable": false, "Scan Direction": "Forward", "Index Name": "title_pkey", "Relation Name": "title", "Alias": "t", "Startup Cost": 0.43, "Total Cost": 110368.67, "Plan Rows": 2528312, "Plan Width": 21}]}]}]}]}, {"Node Type": "Index Scan", "Parent Relationship": "Inner", "Parallel Aware": false, "Async Capable": false, "Scan Direction": "Forward", "Index Name": "role_type_pkey", "Relation Name": "role_type", "Alias": "rt", "Startup Cost": 0.14, "Total Cost": 12.35, "Plan Rows": 1, "Plan Width": 4, "Filter": "((role)::text = 'writer'::text)"}]}]}]}]}}, {"Plan": {"Node Type": "Aggregate", "Strategy": "Plain", "Partial Mode": "Simple", "Parallel Aware": false, "Async Capable": false, "Startup Cost": 30001614826.27, "Total Cost": 30001614826.28, "Plan Rows": 1, "Plan Width": 64, "Plans": [{"Node Type": "Nested Loop", "Parent Relationship": "Outer", "Parallel Aware": false, "Async Capable": false, "Join Type": "Inner", "Startup Cost": 30001608080.54, "Total Cost": 30001614822.85, "Plan Rows": 684, "Plan Width": 33, "Inner Unique": true, "Join Filter": "(n.id = an.person_id)", "Plans": [{"Node Type": "Merge Join", "Parent Relationship": "Outer", "Parallel Aware": false, "Async Capable": false, "Join Type": "Inner", "Startup Cost": 30001608080.11, "Total Cost": 30001612013.93, "Plan Rows": 5941, "Plan Width": 41, "Inner Unique": false, "Merge Cond": "(ci.person_id = an.person_id)", "Plans": [{"Node Type": "Sort", "Parent Relationship": "Outer", "Parallel Aware": false, "Async Capable": false, "Startup Cost": 20001498500.03, "Total Cost": 20001498507.1, "Plan Rows": 2826, "Plan Width": 21, "Sort Key": ["ci.person_id"], "Plans": [{"Node Type": "Nested Loop", "Parent Relationship": "Outer", "Parallel Aware": false, "Async Capable": false, "Join Type": "Inner", "Startup Cost": 20001481930.63, "Total Cost": 20001498338.04, "Plan Rows": 2826, "Plan Width": 21, "Inner Unique": true, "Plans": [{"Node Type": "Merge Join", "Parent Relationship": "Outer", "Parallel Aware": false, "Async Capable": false, "Join Type": "Inner", "Startup Cost": 20001481930.2, "Total Cost": 20001497059.36, "Plan Rows": 2826, "Plan Width": 12, "Inner Unique": false, "Merge Cond": "(mc.movie_id = ci.movie_id)", "Plans": [{"Node Type": "Sort", "Parent Relationship": "Outer", "Parallel Aware": false, "Async Capable": false, "Startup Cost": 10000088944.93, "Total Cost": 10000088947.36, "Plan Rows": 971, "Plan Width": 4, "Sort Key": ["mc.movie_id"], "Plans": [{"Node Type": "Nested Loop", "Parent Relationship": "Outer", "Parallel Aware": false, "Async Capable": false, "Join Type": "Inner", "Startup Cost": 10000000000.43, "Total Cost": 10000088896.75, "Plan Rows": 971, "Plan Width": 4, "Inner Unique": true, "Plans": [{"Node Type": "Seq Scan", "Parent Relationship": "Outer", "Parallel Aware": false, "Async Capable": false, "Relation Name": "movie_companies", "Alias": "mc", "Startup Cost": 10000000000.0, "Total Cost": 10000057960.93, "Plan Rows": 213572, "Plan Width": 8, "Filter": "(((note)::text ~~ '%(TV)%'::text) AND ((note)::text !~~ '%(2006)%'::text))"}, {"Node Type": "Memoize", "Parent Relationship": "Inner", "Parallel Aware": false, "Async Capable": false, "Startup Cost": 0.43, "Total Cost": 0.52, "Plan Rows": 1, "Plan Width": 4, "Cache Key": "mc.company_id", "Cache Mode": "logical", "Plans": [{"Node Type": "Index Scan", "Parent Relationship": "Outer", "Parallel Aware": false, "Async Capable": false, "Scan Direction": "Forward", "Index Name": "company_name_pkey", "Relation Name": "company_name", "Alias": "cn", "Startup Cost": 0.42, "Total Cost": 0.51, "Plan Rows": 1, "Plan Width": 4, "Index Cond": "(id = mc.company_id)", "Filter": "((country_code)::text = '[pl]'::text)"}]}]}]}, {"Node Type": "Sort", "Parent Relationship": "Inner", "Parallel Aware": false, "Async Capable": false, "Startup Cost": 10001392984.97, "Total Cost": 10001400533.73, "Plan Rows": 3019502, "Plan Width": 8, "Sort Key": ["ci.movie_id"], "Plans": [{"Node Type": "Nested Loop", "Parent Relationship": "Outer", "Parallel Aware": false, "Async Capable": false, "Join Type": "Inner", "Startup Cost": 10000000000.14, "Total Cost": 10001067997.8, "Plan Rows": 3019502, "Plan Width": 8, "Inner Unique": false, "Join Filter": "(rt.id = ci.role_id)", "Plans": [{"Node Type": "Index Scan", "Parent Relationship": "Outer", "Parallel Aware": false, "Async Capable": false, "Scan Direction": "Forward", "Index Name": "role_type_pkey", "Relation Name": "role_type", "Alias": "rt", "Startup Cost": 0.14, "Total Cost": 12.35, "Plan Rows": 1, "Plan Width": 4, "Filter": "((role)::text = 'writer'::text)"}, {"Node Type": "Seq Scan", "Parent Relationship": "Inner", "Parallel Aware": false, "Async Capable": false, "Relation Name": "cast_info", "Alias": "ci", "Startup Cost": 10000000000.0, "Total Cost": 10000615060.2, "Plan Rows": 36234020, "Plan Width": 12}]}]}]}, {"Node Type": "Index Scan", "Parent Relationship": "Inner", "Parallel Aware": false, "Async Capable": false, "Scan Direction": "Forward", "Index Name": "title_pkey", "Relation Name": "title", "Alias": "t", "Startup Cost": 0.43, "Total Cost": 0.45, "Plan Rows": 1, "Plan Width": 21, "Index Cond": "(id = ci.movie_id)"}]}]}, {"Node Type": "Sort", "Parent Relationship": "Inner", "Parallel Aware": false, "Async Capable": false, "Startup Cost": 10000109579.99, "Total Cost": 10000111833.35, "Plan Rows": 901343, "Plan Width": 20, "Sort Key": ["an.person_id"], "Plans": [{"Node Type": "Seq Scan", "Parent Relationship": "Outer", "Parallel Aware": false, "Async Capable": false, "Relation Name": "aka_name", "Alias": "an", "Startup Cost": 10000000000.0, "Total Cost": 10000020429.43, "Plan Rows": 901343, "Plan Width": 20}]}]}, {"Node Type": "Index Scan", "Parent Relationship": "Inner", "Parallel Aware": false, "Async Capable": false, "Scan Direction": "Forward", "Index Name": "name_pkey", "Relation Name": "name", "Alias": "n", "Startup Cost": 0.43, "Total Cost": 0.46, "Plan Rows": 1, "Plan Width": 4, "Index Cond": "(id = ci.person_id)", "Filter": "(((name)::text ~~ '%B%'::text) AND ((name)::text !~~ 'Z%'::text))"}]}]}}, {"Plan": {"Node Type": "Aggregate", "Strategy": "Plain", "Partial Mode": "Finalize", "Parallel Aware": false, "Async Capable": false, "Startup Cost": 723421.53, "Total Cost": 723421.54, "Plan Rows": 1, "Plan Width": 64, "Plans": [{"Node Type": "Gather", "Parent Relationship": "Outer", "Parallel Aware": false, "Async Capable": false, "Startup Cost": 723420.89, "Total Cost": 723421.5, "Plan Rows": 6, "Plan Width": 64, "Workers Planned": 6, "Single Copy": false, "Plans": [{"Node Type": "Aggregate", "Strategy": "Plain", "Partial Mode": "Partial", "Parent Relationship": "Outer", "Parallel Aware": false, "Async Capable": false, "Startup Cost": 722420.89, "Total Cost": 722420.9, "Plan Rows": 1, "Plan Width": 64, "Plans": [{"Node Type": "Nested Loop", "Parent Relationship": "Outer", "Parallel Aware": false, "Async Capable": false, "Join Type": "Inner", "Startup Cost": 718028.99, "Total Cost": 722420.32, "Plan Rows": 114, "Plan Width": 33, "Inner Unique": true, "Plans": [{"Node Type": "Nested Loop", "Parent Relationship": "Outer", "Parallel Aware": false, "Async Capable": false, "Join Type": "Inner", "Startup Cost": 718028.56, "Total Cost": 722368.74, "Plan Rows": 114, "Plan Width": 24, "Inner Unique": true, "Join Filter": "(n.id = an.person_id)", "Plans": [{"Node Type": "Merge Join", "Parent Relationship": "Outer", "Parallel Aware": false, "Async Capable": false, "Join Type": "Inner", "Startup Cost": 718028.13, "Total Cost": 721900.67, "Plan Rows": 990, "Plan Width": 32, "Inner Unique": false, "Merge Cond": "(ci.person_id = an.person_id)", "Plans": [{"Node Type": "Sort", "Parent Relationship": "Outer", "Parallel Aware": false, "Async Capable": false, "Startup Cost": 608448.05, "Total Cost": 608449.23, "Plan Rows": 471, "Plan Width": 12, "Sort Key": ["ci.person_id"], "Plans": [{"Node Type": "Merge Join", "Parent Relationship": "Outer", "Parallel Aware": false, "Async Capable": false, "Join Type": "Inner", "Startup Cost": 607899.41, "Total Cost": 608427.14, "Plan Rows": 471, "Plan Width": 12, "Inner Unique": true, "Merge Cond": "(mc.company_id = cn.id)", "Plans": [{"Node Type": "Sort", "Parent Relationship": "Outer", "Parallel Aware": false, "Async Capable": false, "Startup Cost": 601867.72, "Total Cost": 602126.81, "Plan Rows": 103638, "Plan Width": 16, "Sort Key": ["mc.company_id"], "Plans": [{"Node Type": "Merge Join", "Parent Relationship": "Outer", "Parallel Aware": false, "Async Capable": false, "Join Type": "Inner", "Startup Cost": 588613.81, "Total Cost": 593234.05, "Plan Rows": 103638, "Plan Width": 16, "Inner Unique": false, "Merge Cond": "(ci.movie_id = mc.movie_id)", "Plans": [{"Node Type": "Sort", "Parent Relationship": "Outer", "Parallel Aware": false, "Async Capable": false, "Startup Cost": 511747.04, "Total Cost": 513005.17, "Plan Rows": 503250, "Plan Width": 8, "Sort Key": ["ci.movie_id"], "Plans": [{"Node Type": "Nested Loop", "Parent Relationship": "Outer", "Parallel Aware": false, "Async Capable": false, "Join Type": "Inner", "Startup Cost": 0.15, "Total Cost": 464086.96, "Plan Rows": 503250, "Plan Width": 8, "Inner Unique": true, "Plans": [{"Node Type": "Seq Scan", "Parent Relationship": "Outer", "Parallel Aware": true, "Async Capable": false, "Relation Name": "cast_info", "Alias": "ci", "Startup Cost": 0.0, "Total Cost": 313110.03, "Plan Rows": 6039003, "Plan Width": 12}, {"Node Type": "Memoize", "Parent Relationship": "Inner", "Parallel Aware": false, "Async Capable": false, "Startup Cost": 0.15, "Total Cost": 0.17, "Plan Rows": 1, "Plan Width": 4, "Cache Key": "ci.role_id", "Cache Mode": "logical", "Plans": [{"Node Type": "Index Scan", "Parent Relationship": "Outer", "Parallel Aware": false, "Async Capable": false, "Scan Direction": "Forward", "Index Name": "role_type_pkey", "Relation Name": "role_type", "Alias": "rt", "Startup Cost": 0.14, "Total Cost": 0.16, "Plan Rows": 1, "Plan Width": 4, "Index Cond": "(id = ci.role_id)", "Filter": "((role)::text = 'writer'::text)"}]}]}]}, {"Node Type": "Sort", "Parent Relationship": "Inner", "Parallel Aware": false, "Async Capable": false, "Startup Cost": 76866.72, "Total Cost": 77400.65, "Plan Rows": 213572, "Plan Width": 8, "Sort Key": ["mc.movie_id"], "Plans": [{"Node Type": "Seq Scan", "Parent Relationship": "Outer", "Parallel Aware": false, "Async Capable": false, "Relation Name": "movie_companies", "Alias": "mc", "Startup Cost": 0.0, "Total Cost": 57960.93, "Plan Rows": 213572, "Plan Width": 8, "Filter": "(((note)::text ~~ '%(TV)%'::text) AND ((note)::text !~~ '%(2006)%'::text))"}]}]}]}, {"Node Type": "Sort", "Parent Relationship": "Inner", "Parallel Aware": false, "Async Capable": false, "Startup Cost": 6031.19, "Total Cost": 6033.86, "Plan Rows": 1068, "Plan Width": 4, "Sort Key": ["cn.id"], "Plans": [{"Node Type": "Seq Scan", "Parent Relationship": "Outer", "Parallel Aware": false, "Async Capable": false, "Relation Name": "company_name", "Alias": "cn", "Startup Cost": 0.0, "Total Cost": 5977.46, "Plan Rows": 1068, "Plan Width": 4, "Filter": "((country_code)::text = '[pl]'::text)"}]}]}]}, {"Node Type": "Sort", "Parent Relationship": "Inner", "Parallel Aware": false, "Async Capable": false, "Startup Cost": 109579.99, "Total Cost": 111833.35, "Plan Rows": 901343, "Plan Width": 20, "Sort Key": ["an.person_id"], "Plans": [{"Node Type": "Seq Scan", "Parent Relationship": "Outer", "Parallel Aware": false, "Async Capable": false, "Relation Name": "aka_name", "Alias": "an", "Startup Cost": 0.0, "Total Cost": 20429.43, "Plan Rows": 901343, "Plan Width": 20}]}]}, {"Node Type": "Index Scan", "Parent Relationship": "Inner", "Parallel Aware": false, "Async Capable": false, "Scan Direction": "Forward", "Index Name": "name_pkey", "Relation Name": "name", "Alias": "n", "Startup Cost": 0.43, "Total Cost": 0.46, "Plan Rows": 1, "Plan Width": 4, "Index Cond": "(id = ci.person_id)", "Filter": "(((name)::text ~~ '%B%'::text) AND ((name)::text !~~ 'Z%'::text))"}]}, {"Node Type": "Index Scan", "Parent Relationship": "Inner", "Parallel Aware": false, "Async Capable": false, "Scan Direction": "Forward", "Index Name": "title_pkey", "Relation Name": "title", "Alias": "t", "Startup Cost": 0.43, "Total Cost": 0.45, "Plan Rows": 1, "Plan Width": 21, "Index Cond": "(id = ci.movie_id)"}]}]}]}]}}, {"Plan": {"Node Type": "Aggregate", "Strategy": "Plain", "Partial Mode": "Simple", "Parallel Aware": false, "Async Capable": false, "Startup Cost": 1601552.78, "Total Cost": 1601552.79, "Plan Rows": 1, "Plan Width": 64, "Plans": [{"Node Type": "Merge Join", "Parent Relationship": "Outer", "Parallel Aware": false, "Async Capable": false, "Join Type": "Inner", "Startup Cost": 1484960.8, "Total Cost": 1601549.36, "Plan Rows": 684, "Plan Width": 33, "Inner Unique": false, "Merge Cond": "(t.id = ci.movie_id)", "Plans": [{"Node Type": "Index Scan", "Parent Relationship": "Outer", "Parallel Aware": false, "Async Capable": false, "Scan Direction": "Forward", "Index Name": "title_pkey", "Relation Name": "title", "Alias": "t", "Startup Cost": 0.43, "Total Cost": 110368.67, "Plan Rows": 2528312, "Plan Width": 21}, {"Node Type": "Sort", "Parent Relationship": "Inner", "Parallel Aware": false, "Async Capable": false, "Startup Cost": 1484960.37, "Total Cost": 1484962.08, "Plan Rows": 684, "Plan Width": 24, "Sort Key": ["ci.movie_id"], "Plans": [{"Node Type": "Merge Join", "Parent Relationship": "Outer", "Parallel Aware": false, "Async Capable": false, "Join Type": "Inner", "Startup Cost": 1469492.77, "Total Cost": 1484928.16, "Plan Rows": 684, "Plan Width": 24, "Inner Unique": false, "Merge Cond": "(an.person_id = ci.person_id)", "Plans": [{"Node Type": "Gather Merge", "Parent Relationship": "Outer", "Parallel Aware": false, "Async Capable": false, "Startup Cost": 191991.68, "Total Cost": 209727.71, "Plan Rows": 103851, "Plan Width": 24, "Workers Planned": 4, "Plans": [{"Node Type": "Merge Join", "Parent Relationship": "Outer", "Parallel Aware": false, "Async Capable": false, "Join Type": "Inner", "Startup Cost": 190991.62, "Total Cost": 196358.0, "Plan Rows": 25963, "Plan Width": 24, "Inner Unique": false, "Merge Cond": "(n.id = an.person_id)", "Plans": [{"Node Type": "Sort", "Parent Relationship": "Outer", "Parallel Aware": false, "Async Capable": false, "Startup Cost": 81411.54, "Total Cost": 81711.65, "Plan Rows": 120042, "Plan Width": 4, "Sort Key": ["n.id"], "Plans": [{"Node Type": "Seq Scan", "Parent Relationship": "Outer", "Parallel Aware": true, "Async Capable": false, "Relation Name": "name", "Alias": "n", "Startup Cost": 0.0, "Total Cost": 71284.09, "Plan Rows": 120042, "Plan Width": 4, "Filter": "(((name)::text ~~ '%B%'::text) AND ((name)::text !~~ 'Z%'::text))"}]}, {"Node Type": "Sort", "Parent Relationship": "Inner", "Parallel Aware": false, "Async Capable": false, "Startup Cost": 109579.99, "Total Cost": 111833.35, "Plan Rows": 901343, "Plan Width": 20, "Sort Key": ["an.person_id"], "Plans": [{"Node Type": "Seq Scan", "Parent Relationship": "Outer", "Parallel Aware": false, "Async Capable": false, "Relation Name": "aka_name", "Alias": "an", "Startup Cost": 0.0, "Total Cost": 20429.43, "Plan Rows": 901343, "Plan Width": 20}]}]}]}, {"Node Type": "Sort", "Parent Relationship": "Inner", "Parallel Aware": false, "Async Capable": false, "Startup Cost": 1277500.74, "Total Cost": 1277507.8, "Plan Rows": 2826, "Plan Width": 12, "Sort Key": ["ci.person_id"], "Plans": [{"Node Type": "Gather", "Parent Relationship": "Outer", "Parallel Aware": false, "Async Capable": false, "Startup Cost": 1276528.41, "Total Cost": 1277338.74, "Plan Rows": 2826, "Plan Width": 12, "Workers Planned": 6, "Single Copy": false, "Plans": [{"Node Type": "Merge Join", "Parent Relationship": "Outer", "Parallel Aware": false, "Async Capable": false, "Join Type": "Inner", "Startup Cost": 1275528.41, "Total Cost": 1276056.14, "Plan Rows": 471, "Plan Width": 12, "Inner Unique": true, "Merge Cond": "(mc.company_id = cn.id)", "Plans": [{"Node Type": "Sort", "Parent Relationship": "Outer", "Parallel Aware": false, "Async Capable": false, "Startup Cost": 1269496.72, "Total Cost": 1269755.82, "Plan Rows": 103638, "Plan Width": 16, "Sort Key": ["mc.company_id"], "Plans": [{"Node Type": "Merge Join", "Parent Relationship": "Outer", "Parallel Aware": false, "Async Capable": false, "Join Type": "Inner", "Startup Cost": 1256242.81, "Total Cost": 1260863.06, "Plan Rows": 103638, "Plan Width": 16, "Inner Unique": false, "Merge Cond": "(ci.movie_id = mc.movie_id)", "Plans": [{"Node Type": "Sort", "Parent Relationship": "Outer", "Parallel Aware": false, "Async Capable": false, "Startup Cost": 1179376.05, "Total Cost": 1180634.17, "Plan Rows": 503250, "Plan Width": 8, "Sort Key": ["ci.movie_id"], "Plans": [{"Node Type": "Merge Join", "Parent Relationship": "Outer", "Parallel Aware": false, "Async Capable": false, "Join Type": "Inner", "Startup Cost": 1096488.45, "Total Cost": 1131715.97, "Plan Rows": 503250, "Plan Width": 8, "Inner Unique": true, "Merge Cond": "(ci.role_id = rt.id)", "Plans": [{"Node Type": "Sort", "Parent Relationship": "Outer", "Parallel Aware": false, "Async Capable": false, "Startup Cost": 1096487.29, "Total Cost": 1111584.79, "Plan Rows": 6039003, "Plan Width": 12, "Sort Key": ["ci.role_id"], "Plans": [{"Node Type": "Seq Scan", "Parent Relationship": "Outer", "Parallel Aware": true, "Async Capable": false, "Relation Name": "cast_info", "Alias": "ci", "Startup Cost": 0.0, "Total Cost": 313110.03, "Plan Rows": 6039003, "Plan Width": 12}]}, {"Node Type": "Sort", "Parent Relationship": "Inner", "Parallel Aware": false, "Async Capable": false, "Startup Cost": 1.16, "Total Cost": 1.16, "Plan Rows": 1, "Plan Width": 4, "Sort Key": ["rt.id"], "Plans": [{"Node Type": "Seq Scan", "Parent Relationship": "Outer", "Parallel Aware": false, "Async Capable": false, "Relation Name": "role_type", "Alias": "rt", "Startup Cost": 0.0, "Total Cost": 1.15, "Plan Rows": 1, "Plan Width": 4, "Filter": "((role)::text = 'writer'::text)"}]}]}]}, {"Node Type": "Sort", "Parent Relationship": "Inner", "Parallel Aware": false, "Async Capable": false, "Startup Cost": 76866.72, "Total Cost": 77400.65, "Plan Rows": 213572, "Plan Width": 8, "Sort Key": ["mc.movie_id"], "Plans": [{"Node Type": "Seq Scan", "Parent Relationship": "Outer", "Parallel Aware": false, "Async Capable": false, "Relation Name": "movie_companies", "Alias": "mc", "Startup Cost": 0.0, "Total Cost": 57960.93, "Plan Rows": 213572, "Plan Width": 8, "Filter": "(((note)::text ~~ '%(TV)%'::text) AND ((note)::text !~~ '%(2006)%'::text))"}]}]}]}, {"Node Type": "Sort", "Parent Relationship": "Inner", "Parallel Aware": false, "Async Capable": false, "Startup Cost": 6031.19, "Total Cost": 6033.86, "Plan Rows": 1068, "Plan Width": 4, "Sort Key": ["cn.id"], "Plans": [{"Node Type": "Seq Scan", "Parent Relationship": "Outer", "Parallel Aware": false, "Async Capable": false, "Relation Name": "company_name", "Alias": "cn", "Startup Cost": 0.0, "Total Cost": 5977.46, "Plan Rows": 1068, "Plan Width": 4, "Filter": "((country_code)::text = '[pl]'::text)"}]}]}]}]}]}]}]}]}}, {"Plan": {"Node Type": "Aggregate", "Strategy": "Plain", "Partial Mode": "Simple", "Parallel Aware": false, "Async Capable": false, "Startup Cost": 30049910122.6, "Total Cost": 30049910122.61, "Plan Rows": 1, "Plan Width": 64, "Plans": [{"Node Type": "Nested Loop", "Parent Relationship": "Outer", "Parallel Aware": false, "Async Capable": false, "Join Type": "Inner", "Startup Cost": 30000000001.44, "Total Cost": 30049910119.18, "Plan Rows": 684, "Plan Width": 33, "Inner Unique": true, "Plans": [{"Node Type": "Nested Loop", "Parent Relationship": "Outer", "Parallel Aware": false, "Async Capable": false, "Join Type": "Inner", "Startup Cost": 30000000001.01, "Total Cost": 30049909809.69, "Plan Rows": 684, "Plan Width": 24, "Inner Unique": false, "Join Filter": "(an.person_id = ci.person_id)", "Plans": [{"Node Type": "Nested Loop", "Parent Relationship": "Outer", "Parallel Aware": false, "Async Capable": false, "Join Type": "Inner", "Startup Cost": 10000000000.44, "Total Cost": 10000371615.13, "Plan Rows": 103851, "Plan Width": 24, "Inner Unique": true, "Plans": [{"Node Type": "Seq Scan", "Parent Relationship": "Outer", "Parallel Aware": false, "Async Capable": false, "Relation Name": "aka_name", "Alias": "an", "Startup Cost": 10000000000.0, "Total Cost": 10000020429.43, "Plan Rows": 901343, "Plan Width": 20}, {"Node Type": "Memoize", "Parent Relationship": "Inner", "Parallel Aware": false, "Async Capable": false, "Startup Cost": 0.44, "Total Cost": 0.78, "Plan Rows": 1, "Plan Width": 4, "Cache Key": "an.person_id", "Cache Mode": "logical", "Plans": [{"Node Type": "Index Scan", "Parent Relationship": "Outer", "Parallel Aware": false, "Async Capable": false, "Scan Direction": "Forward", "Index Name": "name_pkey", "Relation Name": "name", "Alias": "n", "Startup Cost": 0.43, "Total Cost": 0.77, "Plan Rows": 1, "Plan Width": 4, "Index Cond": "(id = an.person_id)", "Filter": "(((name)::text ~~ '%B%'::text) AND ((name)::text !~~ 'Z%'::text))"}]}]}, {"Node Type": "Materialize", "Parent Relationship": "Inner", "Parallel Aware": false, "Async Capable": false, "Startup Cost": 20000000000.57, "Total Cost": 20045135957.74, "Plan Rows": 2826, "Plan Width": 12, "Plans": [{"Node Type": "Nested Loop", "Parent Relationship": "Outer", "Parallel Aware": false, "Async Capable": false, "Join Type": "Inner", "Startup Cost": 20000000000.57, "Total Cost": 20045135943.61, "Plan Rows": 2826, "Plan Width": 12, "Inner Unique": false, "Join Filter": "(ci.movie_id = mc.movie_id)", "Plans": [{"Node Type": "Nested Loop", "Parent Relationship": "Outer", "Parallel Aware": false, "Async Capable": false, "Join Type": "Inner", "Startup Cost": 10000000000.14, "Total Cost": 10001067997.8, "Plan Rows": 3019502, "Plan Width": 8, "Inner Unique": false, "Join Filter": "(rt.id = ci.role_id)", "Plans": [{"Node Type": "Index Scan", "Parent Relationship": "Outer", "Parallel Aware": false, "Async Capable": false, "Scan Direction": "Forward", "Index Name": "role_type_pkey", "Relation Name": "role_type", "Alias": "rt", "Startup Cost": 0.14, "Total Cost": 12.35, "Plan Rows": 1, "Plan Width": 4, "Filter": "((role)::text = 'writer'::text)"}, {"Node Type": "Seq Scan", "Parent Relationship": "Inner", "Parallel Aware": false, "Async Capable": false, "Relation Name": "cast_info", "Alias": "ci", "Startup Cost": 10000000000.0, "Total Cost": 10000615060.2, "Plan Rows": 36234020, "Plan Width": 12}]}, {"Node Type": "Materialize", "Parent Relationship": "Inner", "Parallel Aware": false, "Async Capable": false, "Startup Cost": 10000000000.43, "Total Cost": 10000088901.61, "Plan Rows": 971, "Plan Width": 4, "Plans": [{"Node Type": "Nested Loop", "Parent Relationship": "Outer", "Parallel Aware": false, "Async Capable": false, "Join Type": "Inner", "Startup Cost": 10000000000.43, "Total Cost": 10000088896.75, "Plan Rows": 971, "Plan Width": 4, "Inner Unique": true, "Plans": [{"Node Type": "Seq Scan", "Parent Relationship": "Outer", "Parallel Aware": false, "Async Capable": false, "Relation Name": "movie_companies", "Alias": "mc", "Startup Cost": 10000000000.0, "Total Cost": 10000057960.93, "Plan Rows": 213572, "Plan Width": 8, "Filter": "(((note)::text ~~ '%(TV)%'::text) AND ((note)::text !~~ '%(2006)%'::text))"}, {"Node Type": "Memoize", "Parent Relationship": "Inner", "Parallel Aware": false, "Async Capable": false, "Startup Cost": 0.43, "Total Cost": 0.52, "Plan Rows": 1, "Plan Width": 4, "Cache Key": "mc.company_id", "Cache Mode": "logical", "Plans": [{"Node Type": "Index Scan", "Parent Relationship": "Outer", "Parallel Aware": false, "Async Capable": false, "Scan Direction": "Forward", "Index Name": "company_name_pkey", "Relation Name": "company_name", "Alias": "cn", "Startup Cost": 0.42, "Total Cost": 0.51, "Plan Rows": 1, "Plan Width": 4, "Index Cond": "(id = mc.company_id)", "Filter": "((country_code)::text = '[pl]'::text)"}]}]}]}]}]}]}, {"Node Type": "Index Scan", "Parent Relationship": "Inner", "Parallel Aware": false, "Async Capable": false, "Scan Direction": "Forward", "Index Name": "title_pkey", "Relation Name": "title", "Alias": "t", "Startup Cost": 0.43, "Total Cost": 0.45, "Plan Rows": 1, "Plan Width": 21, "Index Cond": "(id = ci.movie_id)"}]}]}}, {"Plan": {"Node Type": "Aggregate", "Strategy": "Plain", "Partial Mode": "Simple", "Parallel Aware": false, "Async Capable": false, "Startup Cost": 10217767.54, "Total Cost": 10217767.55, "Plan Rows": 1, "Plan Width": 64, "Plans": [{"Node Type": "Nested Loop", "Parent Relationship": "Outer", "Parallel Aware": false, "Async Capable": false, "Join Type": "Inner", "Startup Cost": 1001.44, "Total Cost": 10217764.12, "Plan Rows": 684, "Plan Width": 33, "Inner Unique": false, "Join Filter": "(n.id = an.person_id)", "Plans": [{"Node Type": "Seq Scan", "Parent Relationship": "Outer", "Parallel Aware": false, "Async Capable": false, "Relation Name": "aka_name", "Alias": "an", "Startup Cost": 0.0, "Total Cost": 20429.43, "Plan Rows": 901343, "Plan Width": 20}, {"Node Type": "Materialize", "Parent Relationship": "Inner", "Parallel Aware": false, "Async Capable": false, "Startup Cost": 1001.44, "Total Cost": 5789768.24, "Plan Rows": 326, "Plan Width": 25, "Plans": [{"Node Type": "Nested Loop", "Parent Relationship": "Outer", "Parallel Aware": false, "Async Capable": false, "Join Type": "Inner", "Startup Cost": 1001.44, "Total Cost": 5789766.61, "Plan Rows": 326, "Plan Width": 25, "Inner Unique": true, "Plans": [{"Node Type": "Nested Loop", "Parent Relationship": "Outer", "Parallel Aware": false, "Async Capable": false, "Join Type": "Inner", "Startup Cost": 1001.01, "Total Cost": 5789619.1, "Plan Rows": 326, "Plan Width": 16, "Inner Unique": false, "Join Filter": "(ci.movie_id = mc.movie_id)", "Plans": [{"Node Type": "Nested Loop", "Parent Relationship": "Outer", "Parallel Aware": false, "Async Capable": false, "Join Type": "Inner", "Startup Cost": 0.43, "Total Cost": 88896.75, "Plan Rows": 971, "Plan Width": 4, "Inner Unique": true, "Plans": [{"Node Type": "Seq Scan", "Parent Relationship": "Outer", "Parallel Aware": false, "Async Capable": false, "Relation Name": "movie_companies", "Alias": "mc", "Startup Cost": 0.0, "Total Cost": 57960.93, "Plan Rows": 213572, "Plan Width": 8, "Filter": "(((note)::text ~~ '%(TV)%'::text) AND ((note)::text !~~ '%(2006)%'::text))"}, {"Node Type": "Memoize", "Parent Relationship": "Inner", "Parallel Aware": false, "Async Capable": false, "Startup Cost": 0.43, "Total Cost": 0.52, "Plan Rows": 1, "Plan Width": 4, "Cache Key": "mc.company_id", "Cache Mode": "logical", "Plans": [{"Node Type": "Index Scan", "Parent Relationship": "Outer", "Parallel Aware": false, "Async Capable": false, "Scan Direction": "Forward", "Index Name": "company_name_pkey", "Relation Name": "company_name", "Alias": "cn", "Startup Cost": 0.42, "Total Cost": 0.51, "Plan Rows": 1, "Plan Width": 4, "Index Cond": "(id = mc.company_id)", "Filter": "((country_code)::text = '[pl]'::text)"}]}]}, {"Node Type": "Materialize", "Parent Relationship": "Inner", "Parallel Aware": false, "Async Capable": false, "Startup Cost": 1000.59, "Total Cost": 634428.6, "Plan Rows": 347900, "Plan Width": 12, "Plans": [{"Node Type": "Gather", "Parent Relationship": "Outer", "Parallel Aware": false, "Async Capable": false, "Startup Cost": 1000.59, "Total Cost": 632689.1, "Plan Rows": 347900, "Plan Width": 12, "Workers Planned": 6, "Single Copy": false, "Plans": [{"Node Type": "Nested Loop", "Parent Relationship": "Outer", "Parallel Aware": false, "Async Capable": false, "Join Type": "Inner", "Startup Cost": 0.58, "Total Cost": 596899.1, "Plan Rows": 57983, "Plan Width": 12, "Inner Unique": true, "Plans": [{"Node Type": "Nested Loop", "Parent Relationship": "Outer", "Parallel Aware": false, "Async Capable": false, "Join Type": "Inner", "Startup Cost": 0.15, "Total Cost": 464086.96, "Plan Rows": 503250, "Plan Width": 8, "Inner Unique": true, "Plans": [{"Node Type": "Seq Scan", "Parent Relationship": "Outer", "Parallel Aware": true, "Async Capable": false, "Relation Name": "cast_info", "Alias": "ci", "Startup Cost": 0.0, "Total Cost": 313110.03, "Plan Rows": 6039003, "Plan Width": 12}, {"Node Type": "Memoize", "Parent Relationship": "Inner", "Parallel Aware": false, "Async Capable": false, "Startup Cost": 0.15, "Total Cost": 0.17, "Plan Rows": 1, "Plan Width": 4, "Cache Key": "ci.role_id", "Cache Mode": "logical", "Plans": [{"Node Type": "Index Scan", "Parent Relationship": "Outer", "Parallel Aware": false, "Async Capable": false, "Scan Direction": "Forward", "Index Name": "role_type_pkey", "Relation Name": "role_type", "Alias": "rt", "Startup Cost": 0.14, "Total Cost": 0.16, "Plan Rows": 1, "Plan Width": 4, "Index Cond": "(id = ci.role_id)", "Filter": "((role)::text = 'writer'::text)"}]}]}, {"Node Type": "Memoize", "Parent Relationship": "Inner", "Parallel Aware": false, "Async Capable": false, "Startup Cost": 0.44, "Total Cost": 0.47, "Plan Rows": 1, "Plan Width": 4, "Cache Key": "ci.person_id", "Cache Mode": "logical", "Plans": [{"Node Type": "Index Scan", "Parent Relationship": "Outer", "Parallel Aware": false, "Async Capable": false, "Scan Direction": "Forward", "Index Name": "name_pkey", "Relation Name": "name", "Alias": "n", "Startup Cost": 0.43, "Total Cost": 0.46, "Plan Rows": 1, "Plan Width": 4, "Index Cond": "(id = ci.person_id)", "Filter": "(((name)::text ~~ '%B%'::text) AND ((name)::text !~~ 'Z%'::text))"}]}]}]}]}]}, {"Node Type": "Index Scan", "Parent Relationship": "Inner", "Parallel Aware": false, "Async Capable": false, "Scan Direction": "Forward", "Index Name": "title_pkey", "Relation Name": "title", "Alias": "t", "Startup Cost": 0.43, "Total Cost": 0.45, "Plan Rows": 1, "Plan Width": 21, "Index Cond": "(id = ci.movie_id)"}]}]}]}]}}, {"Plan": {"Node Type": "Aggregate", "Strategy": "Plain", "Partial Mode": "Simple", "Parallel Aware": false, "Async Capable": false, "Startup Cost": 70002104442.64, "Total Cost": 70002104442.65, "Plan Rows": 1, "Plan Width": 64, "Plans": [{"Node Type": "Nested Loop", "Parent Relationship": "Outer", "Parallel Aware": false, "Async Capable": false, "Join Type": "Inner", "Startup Cost": 70002073953.09, "Total Cost": 70002104439.22, "Plan Rows": 684, "Plan Width": 33, "Inner Unique": true, "Join Filter": "(n.id = an.person_id)", "Plans": [{"Node Type": "Merge Join", "Parent Relationship": "Outer", "Parallel Aware": false, "Async Capable": false, "Join Type": "Inner", "Startup Cost": 60002073952.65, "Total Cost": 60002077886.47, "Plan Rows": 5941, "Plan Width": 41, "Inner Unique": false, "Merge Cond": "(ci.person_id = an.person_id)", "Plans": [{"Node Type": "Sort", "Parent Relationship": "Outer", "Parallel Aware": false, "Async Capable": false, "Startup Cost": 50001964372.57, "Total Cost": 50001964379.64, "Plan Rows": 2826, "Plan Width": 21, "Sort Key": ["ci.person_id"], "Plans": [{"Node Type": "Nested Loop", "Parent Relationship": "Outer", "Parallel Aware": false, "Async Capable": false, "Join Type": "Inner", "Startup Cost": 50001936502.64, "Total Cost": 50001964210.58, "Plan Rows": 2826, "Plan Width": 21, "Inner Unique": true, "Plans": [{"Node Type": "Merge Join", "Parent Relationship": "Outer", "Parallel Aware": false, "Async Capable": false, "Join Type": "Inner", "Startup Cost": 40001936502.21, "Total Cost": 40001951631.36, "Plan Rows": 2826, "Plan Width": 12, "Inner Unique": false, "Merge Cond": "(mc.movie_id = ci.movie_id)", "Plans": [{"Node Type": "Sort", "Parent Relationship": "Outer", "Parallel Aware": false, "Async Capable": false, "Startup Cost": 20000090554.14, "Total Cost": 20000090556.57, "Plan Rows": 971, "Plan Width": 4, "Sort Key": ["mc.movie_id"], "Plans": [{"Node Type": "Merge Join", "Parent Relationship": "Outer", "Parallel Aware": false, "Async Capable": false, "Join Type": "Inner", "Startup Cost": 20000076868.18, "Total Cost": 20000090505.96, "Plan Rows": 971, "Plan Width": 4, "Inner Unique": false, "Merge Cond": "(cn.id = mc.company_id)", "Plans": [{"Node Type": "Index Scan", "Parent Relationship": "Outer", "Parallel Aware": false, "Async Capable": false, "Scan Direction": "Forward", "Index Name": "company_name_pkey", "Relation Name": "company_name", "Alias": "cn", "Startup Cost": 10000000000.42, "Total Cost": 10000012559.02, "Plan Rows": 1068, "Plan Width": 4, "Filter": "((country_code)::text = '[pl]'::text)"}, {"Node Type": "Sort", "Parent Relationship": "Inner", "Parallel Aware": false, "Async Capable": false, "Startup Cost": 10000076866.72, "Total Cost": 10000077400.65, "Plan Rows": 213572, "Plan Width": 8, "Sort Key": ["mc.company_id"], "Plans": [{"Node Type": "Seq Scan", "Parent Relationship": "Outer", "Parallel Aware": false, "Async Capable": false, "Relation Name": "movie_companies", "Alias": "mc", "Startup Cost": 10000000000.0, "Total Cost": 10000057960.93, "Plan Rows": 213572, "Plan Width": 8, "Filter": "(((note)::text ~~ '%(TV)%'::text) AND ((note)::text !~~ '%(2006)%'::text))"}]}]}]}, {"Node Type": "Sort", "Parent Relationship": "Inner", "Parallel Aware": false, "Async Capable": false, "Startup Cost": 20001845947.76, "Total Cost": 20001853496.52, "Plan Rows": 3019502, "Plan Width": 8, "Sort Key": ["ci.movie_id"], "Plans": [{"Node Type": "Nested Loop", "Parent Relationship": "Outer", "Parallel Aware": false, "Async Capable": false, "Join Type": "Inner", "Startup Cost": 20000000000.15, "Total Cost": 20001520960.59, "Plan Rows": 3019502, "Plan Width": 8, "Inner Unique": true, "Plans": [{"Node Type": "Seq Scan", "Parent Relationship": "Outer", "Parallel Aware": false, "Async Capable": false, "Relation Name": "cast_info", "Alias": "ci", "Startup Cost": 10000000000.0, "Total Cost": 10000615060.2, "Plan Rows": 36234020, "Plan Width": 12}, {"Node Type": "Memoize", "Parent Relationship": "Inner", "Parallel Aware": false, "Async Capable": false, "Startup Cost": 0.15, "Total Cost": 4.17, "Plan Rows": 1, "Plan Width": 4, "Cache Key": "ci.role_id", "Cache Mode": "logical", "Plans": [{"Node Type": "Bitmap Heap Scan", "Parent Relationship": "Outer", "Parallel Aware": false, "Async Capable": false, "Relation Name": "role_type", "Alias": "rt", "Startup Cost": 0.14, "Total Cost": 4.16, "Plan Rows": 1, "Plan Width": 4, "Recheck Cond": "(id = ci.role_id)", "Filter": "((role)::text = 'writer'::text)", "Plans": [{"Node Type": "Bitmap Index Scan", "Parent Relationship": "Outer", "Parallel Aware": false, "Async Capable": false, "Index Name": "role_type_pkey", "Startup Cost": 0.0, "Total Cost": 0.14, "Plan Rows": 1, "Plan Width": 0, "Index Cond": "(id = ci.role_id)"}]}]}]}]}]}, {"Node Type": "Bitmap Heap Scan", "Parent Relationship": "Inner", "Parallel Aware": false, "Async Capable": false, "Relation Name": "title", "Alias": "t", "Startup Cost": 0.44, "Total Cost": 4.45, "Plan Rows": 1, "Plan Width": 21, "Recheck Cond": "(id = ci.movie_id)", "Plans": [{"Node Type": "Bitmap Index Scan", "Parent Relationship": "Outer", "Parallel Aware": false, "Async Capable": false, "Index Name": "title_pkey", "Startup Cost": 0.0, "Total Cost": 0.44, "Plan Rows": 1, "Plan Width": 0, "Index Cond": "(id = ci.movie_id)"}]}]}]}, {"Node Type": "Sort", "Parent Relationship": "Inner", "Parallel Aware": false, "Async Capable": false, "Startup Cost": 10000109579.99, "Total Cost": 10000111833.35, "Plan Rows": 901343, "Plan Width": 20, "Sort Key": ["an.person_id"], "Plans": [{"Node Type": "Seq Scan", "Parent Relationship": "Outer", "Parallel Aware": false, "Async Capable": false, "Relation Name": "aka_name", "Alias": "an", "Startup Cost": 10000000000.0, "Total Cost": 10000020429.43, "Plan Rows": 901343, "Plan Width": 20}]}]}, {"Node Type": "Bitmap Heap Scan", "Parent Relationship": "Inner", "Parallel Aware": false, "Async Capable": false, "Relation Name": "name", "Alias": "n", "Startup Cost": 0.44, "Total Cost": 4.46, "Plan Rows": 1, "Plan Width": 4, "Recheck Cond": "(id = ci.person_id)", "Filter": "(((name)::text ~~ '%B%'::text) AND ((name)::text !~~ 'Z%'::text))", "Plans": [{"Node Type": "Bitmap Index Scan", "Parent Relationship": "Outer", "Parallel Aware": false, "Async Capable": false, "Index Name": "name_pkey", "Startup Cost": 0.0, "Total Cost": 0.44, "Plan Rows": 1, "Plan Width": 0, "Index Cond": "(id = ci.person_id)"}]}]}]}}, {"Plan": {"Node Type": "Aggregate", "Strategy": "Plain", "Partial Mode": "Simple", "Parallel Aware": false, "Async Capable": false, "Startup Cost": 30002274871.44, "Total Cost": 30002274871.45, "Plan Rows": 1, "Plan Width": 64, "Plans": [{"Node Type": "Merge Join", "Parent Relationship": "Outer", "Parallel Aware": false, "Async Capable": false, "Join Type": "Inner", "Startup Cost": 30002270359.14, "Total Cost": 30002274868.02, "Plan Rows": 684, "Plan Width": 33, "Inner Unique": false, "Merge Cond": "(n.id = an.person_id)", "Plans": [{"Node Type": "Sort", "Parent Relationship": "Outer", "Parallel Aware": false, "Async Capable": false, "Startup Cost": 20002160779.06, "Total Cost": 20002160779.88, "Plan Rows": 326, "Plan Width": 25, "Sort Key": ["ci.person_id"], "Plans": [{"Node Type": "Nested Loop", "Parent Relationship": "Outer", "Parallel Aware": false, "Async Capable": false, "Join Type": "Inner", "Startup Cost": 20002131590.85, "Total Cost": 20002160765.46, "Plan Rows": 326, "Plan Width": 25, "Inner Unique": true, "Plans": [{"Node Type": "Nested Loop", "Parent Relationship": "Outer", "Parallel Aware": false, "Async Capable": false, "Join Type": "Inner", "Startup Cost": 20002131590.41, "Total Cost": 20002159314.35, "Plan Rows": 326, "Plan Width": 16, "Inner Unique": true, "Plans": [{"Node Type": "Merge Join", "Parent Relationship": "Outer", "Parallel Aware": false, "Async Capable": false, "Join Type": "Inner", "Startup Cost": 20002131589.98, "Total Cost": 20002146719.13, "Plan Rows": 2826, "Plan Width": 12, "Inner Unique": false, "Merge Cond": "(mc.movie_id = ci.movie_id)", "Plans": [{"Node Type": "Sort", "Parent Relationship": "Outer", "Parallel Aware": false, "Async Capable": false, "Startup Cost": 10000285641.91, "Total Cost": 10000285644.34, "Plan Rows": 971, "Plan Width": 4, "Sort Key": ["mc.movie_id"], "Plans": [{"Node Type": "Nested Loop", "Parent Relationship": "Outer", "Parallel Aware": false, "Async Capable": false, "Join Type": "Inner", "Startup Cost": 10000000000.45, "Total Cost": 10000285593.73, "Plan Rows": 971, "Plan Width": 4, "Inner Unique": true, "Plans": [{"Node Type": "Seq Scan", "Parent Relationship": "Outer", "Parallel Aware": false, "Async Capable": false, "Relation Name": "movie_companies", "Alias": "mc", "Startup Cost": 10000000000.0, "Total Cost": 10000057960.93, "Plan Rows": 213572, "Plan Width": 8, "Filter": "(((note)::text ~~ '%(TV)%'::text) AND ((note)::text !~~ '%(2006)%'::text))"}, {"Node Type": "Memoize", "Parent Relationship": "Inner", "Parallel Aware": false, "Async Capable": false, "Startup Cost": 0.45, "Total Cost": 4.47, "Plan Rows": 1, "Plan Width": 4, "Cache Key": "mc.company_id", "Cache Mode": "logical", "Plans": [{"Node Type": "Bitmap Heap Scan", "Parent Relationship": "Outer", "Parallel Aware": false, "Async Capable": false, "Relation Name": "company_name", "Alias": "cn", "Startup Cost": 0.44, "Total Cost": 4.46, "Plan Rows": 1, "Plan Width": 4, "Recheck Cond": "(id = mc.company_id)", "Filter": "((country_code)::text = '[pl]'::text)", "Plans": [{"Node Type": "Bitmap Index Scan", "Parent Relationship": "Outer", "Parallel Aware": false, "Async Capable": false, "Index Name": "company_name_pkey", "Startup Cost": 0.0, "Total Cost": 0.44, "Plan Rows": 1, "Plan Width": 0, "Index Cond": "(id = mc.company_id)"}]}]}]}]}, {"Node Type": "Sort", "Parent Relationship": "Inner", "Parallel Aware": false, "Async Capable": false, "Startup Cost": 10001845947.76, "Total Cost": 10001853496.52, "Plan Rows": 3019502, "Plan Width": 8, "Sort Key": ["ci.movie_id"], "Plans": [{"Node Type": "Nested Loop", "Parent Relationship": "Outer", "Parallel Aware": false, "Async Capable": false, "Join Type": "Inner", "Startup Cost": 10000000000.15, "Total Cost": 10001520960.59, "Plan Rows": 3019502, "Plan Width": 8, "Inner Unique": true, "Plans": [{"Node Type": "Seq Scan", "Parent Relationship": "Outer", "Parallel Aware": false, "Async Capable": false, "Relation Name": "cast_info", "Alias": "ci", "Startup Cost": 10000000000.0, "Total Cost": 10000615060.2, "Plan Rows": 36234020, "Plan Width": 12}, {"Node Type": "Memoize", "Parent Relationship": "Inner", "Parallel Aware": false, "Async Capable": false, "Startup Cost": 0.15, "Total Cost": 4.17, "Plan Rows": 1, "Plan Width": 4, "Cache Key": "ci.role_id", "Cache Mode": "logical", "Plans": [{"Node Type": "Bitmap Heap Scan", "Parent Relationship": "Outer", "Parallel Aware": false, "Async Capable": false, "Relation Name": "role_type", "Alias": "rt", "Startup Cost": 0.14, "Total Cost": 4.16, "Plan Rows": 1, "Plan Width": 4, "Recheck Cond": "(id = ci.role_id)", "Filter": "((role)::text = 'writer'::text)", "Plans": [{"Node Type": "Bitmap Index Scan", "Parent Relationship": "Outer", "Parallel Aware": false, "Async Capable": false, "Index Name": "role_type_pkey", "Startup Cost": 0.0, "Total Cost": 0.14, "Plan Rows": 1, "Plan Width": 0, "Index Cond": "(id = ci.role_id)"}]}]}]}]}]}, {"Node Type": "Bitmap Heap Scan", "Parent Relationship": "Inner", "Parallel Aware": false, "Async Capable": false, "Relation Name": "name", "Alias": "n", "Startup Cost": 0.44, "Total Cost": 4.46, "Plan Rows": 1, "Plan Width": 4, "Recheck Cond": "(id = ci.person_id)", "Filter": "(((name)::text ~~ '%B%'::text) AND ((name)::text !~~ 'Z%'::text))", "Plans": [{"Node Type": "Bitmap Index Scan", "Parent Relationship": "Outer", "Parallel Aware": false, "Async Capable": false, "Index Name": "name_pkey", "Startup Cost": 0.0, "Total Cost": 0.44, "Plan Rows": 1, "Plan Width": 0, "Index Cond": "(id = ci.person_id)"}]}]}, {"Node Type": "Bitmap Heap Scan", "Parent Relationship": "Inner", "Parallel Aware": false, "Async Capable": false, "Relation Name": "title", "Alias": "t", "Startup Cost": 0.44, "Total Cost": 4.45, "Plan Rows": 1, "Plan Width": 21, "Recheck Cond": "(id = ci.movie_id)", "Plans": [{"Node Type": "Bitmap Index Scan", "Parent Relationship": "Outer", "Parallel Aware": false, "Async Capable": false, "Index Name": "title_pkey", "Startup Cost": 0.0, "Total Cost": 0.44, "Plan Rows": 1, "Plan Width": 0, "Index Cond": "(id = ci.movie_id)"}]}]}]}, {"Node Type": "Sort", "Parent Relationship": "Inner", "Parallel Aware": false, "Async Capable": false, "Startup Cost": 10000109579.99, "Total Cost": 10000111833.35, "Plan Rows": 901343, "Plan Width": 20, "Sort Key": ["an.person_id"], "Plans": [{"Node Type": "Seq Scan", "Parent Relationship": "Outer", "Parallel Aware": false, "Async Capable": false, "Relation Name": "aka_name", "Alias": "an", "Startup Cost": 10000000000.0, "Total Cost": 10000020429.43, "Plan Rows": 901343, "Plan Width": 20}]}]}]}}, {"Plan": {"Node Type": "Aggregate", "Strategy": "Plain", "Partial Mode": "Finalize", "Parallel Aware": false, "Async Capable": false, "Startup Cost": 1393485.48, "Total Cost": 1393485.49, "Plan Rows": 1, "Plan Width": 64, "Plans": [{"Node Type": "Gather", "Parent Relationship": "Outer", "Parallel Aware": false, "Async Capable": false, "Startup Cost": 1393484.84, "Total Cost": 1393485.45, "Plan Rows": 6, "Plan Width": 64, "Workers Planned": 6, "Single Copy": false, "Plans": [{"Node Type": "Aggregate", "Strategy": "Plain", "Partial Mode": "Partial", "Parent Relationship": "Outer", "Parallel Aware": false, "Async Capable": false, "Startup Cost": 1392484.84, "Total Cost": 1392484.85, "Plan Rows": 1, "Plan Width": 64, "Plans": [{"Node Type": "Merge Join", "Parent Relationship": "Outer", "Parallel Aware": false, "Async Capable": false, "Join Type": "Inner", "Startup Cost": 1387977.35, "Total Cost": 1392484.27, "Plan Rows": 114, "Plan Width": 33, "Inner Unique": false, "Merge Cond": "(n.id = an.person_id)", "Plans": [{"Node Type": "Sort", "Parent Relationship": "Outer", "Parallel Aware": false, "Async Capable": false, "Startup Cost": 1278397.27, "Total Cost": 1278397.4, "Plan Rows": 54, "Plan Width": 25, "Sort Key": ["ci.person_id"], "Plans": [{"Node Type": "Nested Loop", "Parent Relationship": "Outer", "Parallel Aware": false, "Async Capable": false, "Join Type": "Inner", "Startup Cost": 1275529.29, "Total Cost": 1278395.72, "Plan Rows": 54, "Plan Width": 25, "Inner Unique": true, "Plans": [{"Node Type": "Nested Loop", "Parent Relationship": "Outer", "Parallel Aware": false, "Async Capable": false, "Join Type": "Inner", "Startup Cost": 1275528.85, "Total Cost": 1278155.35, "Plan Rows": 54, "Plan Width": 16, "Inner Unique": true, "Plans": [{"Node Type": "Merge Join", "Parent Relationship": "Outer", "Parallel Aware": false, "Async Capable": false, "Join Type": "Inner", "Startup Cost": 1275528.41, "Total Cost": 1276056.14, "Plan Rows": 471, "Plan Width": 12, "Inner Unique": true, "Merge Cond": "(mc.company_id = cn.id)", "Plans": [{"Node Type": "Sort", "Parent Relationship": "Outer", "Parallel Aware": false, "Async Capable": false, "Startup Cost": 1269496.72, "Total Cost": 1269755.82, "Plan Rows": 103638, "Plan Width": 16, "Sort Key": ["mc.company_id"], "Plans": [{"Node Type": "Merge Join", "Parent Relationship": "Outer", "Parallel Aware": false, "Async Capable": false, "Join Type": "Inner", "Startup Cost": 1256242.81, "Total Cost": 1260863.06, "Plan Rows": 103638, "Plan Width": 16, "Inner Unique": false, "Merge Cond": "(ci.movie_id = mc.movie_id)", "Plans": [{"Node Type": "Sort", "Parent Relationship": "Outer", "Parallel Aware": false, "Async Capable": false, "Startup Cost": 1179376.05, "Total Cost": 1180634.17, "Plan Rows": 503250, "Plan Width": 8, "Sort Key": ["ci.movie_id"], "Plans": [{"Node Type": "Merge Join", "Parent Relationship": "Outer", "Parallel Aware": false, "Async Capable": false, "Join Type": "Inner", "Startup Cost": 1096488.45, "Total Cost": 1131715.97, "Plan Rows": 503250, "Plan Width": 8, "Inner Unique": true, "Merge Cond": "(ci.role_id = rt.id)", "Plans": [{"Node Type": "Sort", "Parent Relationship": "Outer", "Parallel Aware": false, "Async Capable": false, "Startup Cost": 1096487.29, "Total Cost": 1111584.79, "Plan Rows": 6039003, "Plan Width": 12, "Sort Key": ["ci.role_id"], "Plans": [{"Node Type": "Seq Scan", "Parent Relationship": "Outer", "Parallel Aware": true, "Async Capable": false, "Relation Name": "cast_info", "Alias": "ci", "Startup Cost": 0.0, "Total Cost": 313110.03, "Plan Rows": 6039003, "Plan Width": 12}]}, {"Node Type": "Sort", "Parent Relationship": "Inner", "Parallel Aware": false, "Async Capable": false, "Startup Cost": 1.16, "Total Cost": 1.16, "Plan Rows": 1, "Plan Width": 4, "Sort Key": ["rt.id"], "Plans": [{"Node Type": "Seq Scan", "Parent Relationship": "Outer", "Parallel Aware": false, "Async Capable": false, "Relation Name": "role_type", "Alias": "rt", "Startup Cost": 0.0, "Total Cost": 1.15, "Plan Rows": 1, "Plan Width": 4, "Filter": "((role)::text = 'writer'::text)"}]}]}]}, {"Node Type": "Sort", "Parent Relationship": "Inner", "Parallel Aware": false, "Async Capable": false, "Startup Cost": 76866.72, "Total Cost": 77400.65, "Plan Rows": 213572, "Plan Width": 8, "Sort Key": ["mc.movie_id"], "Plans": [{"Node Type": "Seq Scan", "Parent Relationship": "Outer", "Parallel Aware": false, "Async Capable": false, "Relation Name": "movie_companies", "Alias": "mc", "Startup Cost": 0.0, "Total Cost": 57960.93, "Plan Rows": 213572, "Plan Width": 8, "Filter": "(((note)::text ~~ '%(TV)%'::text) AND ((note)::text !~~ '%(2006)%'::text))"}]}]}]}, {"Node Type": "Sort", "Parent Relationship": "Inner", "Parallel Aware": false, "Async Capable": false, "Startup Cost": 6031.19, "Total Cost": 6033.86, "Plan Rows": 1068, "Plan Width": 4, "Sort Key": ["cn.id"], "Plans": [{"Node Type": "Seq Scan", "Parent Relationship": "Outer", "Parallel Aware": false, "Async Capable": false, "Relation Name": "company_name", "Alias": "cn", "Startup Cost": 0.0, "Total Cost": 5977.46, "Plan Rows": 1068, "Plan Width": 4, "Filter": "((country_code)::text = '[pl]'::text)"}]}]}, {"Node Type": "Bitmap Heap Scan", "Parent Relationship": "Inner", "Parallel Aware": false, "Async Capable": false, "Relation Name": "name", "Alias": "n", "Startup Cost": 0.44, "Total Cost": 4.46, "Plan Rows": 1, "Plan Width": 4, "Recheck Cond": "(id = ci.person_id)", "Filter": "(((name)::text ~~ '%B%'::text) AND ((name)::text !~~ 'Z%'::text))", "Plans": [{"Node Type": "Bitmap Index Scan", "Parent Relationship": "Outer", "Parallel Aware": false, "Async Capable": false, "Index Name": "name_pkey", "Startup Cost": 0.0, "Total Cost": 0.44, "Plan Rows": 1, "Plan Width": 0, "Index Cond": "(id = ci.person_id)"}]}]}, {"Node Type": "Bitmap Heap Scan", "Parent Relationship": "Inner", "Parallel Aware": false, "Async Capable": false, "Relation Name": "title", "Alias": "t", "Startup Cost": 0.44, "Total Cost": 4.45, "Plan Rows": 1, "Plan Width": 21, "Recheck Cond": "(id = ci.movie_id)", "Plans": [{"Node Type": "Bitmap Index Scan", "Parent Relationship": "Outer", "Parallel Aware": false, "Async Capable": false, "Index Name": "title_pkey", "Startup Cost": 0.0, "Total Cost": 0.44, "Plan Rows": 1, "Plan Width": 0, "Index Cond": "(id = ci.movie_id)"}]}]}]}, {"Node Type": "Sort", "Parent Relationship": "Inner", "Parallel Aware": false, "Async Capable": false, "Startup Cost": 109579.99, "Total Cost": 111833.35, "Plan Rows": 901343, "Plan Width": 20, "Sort Key": ["an.person_id"], "Plans": [{"Node Type": "Seq Scan", "Parent Relationship": "Outer", "Parallel Aware": false, "Async Capable": false, "Relation Name": "aka_name", "Alias": "an", "Startup Cost": 0.0, "Total Cost": 20429.43, "Plan Rows": 901343, "Plan Width": 20}]}]}]}]}]}}, {"Plan": {"Node Type": "Aggregate", "Strategy": "Plain", "Partial Mode": "Simple", "Parallel Aware": false, "Async Capable": false, "Startup Cost": 1735944.76, "Total Cost": 1735944.77, "Plan Rows": 1, "Plan Width": 64, "Plans": [{"Node Type": "Merge Join", "Parent Relationship": "Outer", "Parallel Aware": false, "Async Capable": false, "Join Type": "Inner", "Startup Cost": 1731432.46, "Total Cost": 1735941.34, "Plan Rows": 684, "Plan Width": 33, "Inner Unique": false, "Merge Cond": "(n.id = an.person_id)", "Plans": [{"Node Type": "Sort", "Parent Relationship": "Outer", "Parallel Aware": false, "Async Capable": false, "Startup Cost": 1621852.38, "Total Cost": 1621853.2, "Plan Rows": 326, "Plan Width": 25, "Sort Key": ["ci.person_id"], "Plans": [{"Node Type": "Merge Join", "Parent Relationship": "Outer", "Parallel Aware": false, "Async Capable": false, "Join Type": "Inner", "Startup Cost": 1620093.12, "Total Cost": 1621838.77, "Plan Rows": 326, "Plan Width": 25, "Inner Unique": false, "Merge Cond": "(ci.movie_id = t.id)", "Plans": [{"Node Type": "Sort", "Parent Relationship": "Outer", "Parallel Aware": false, "Async Capable": false, "Startup Cost": 1423595.01, "Total Cost": 1424464.76, "Plan Rows": 347900, "Plan Width": 12, "Sort Key": ["ci.movie_id"], "Plans": [{"Node Type": "Gather Merge", "Parent Relationship": "Outer", "Parallel Aware": false, "Async Capable": false, "Startup Cost": 1343856.05, "Total Cost": 1391573.75, "Plan Rows": 347900, "Plan Width": 12, "Workers Planned": 6, "Plans": [{"Node Type": "Merge Join", "Parent Relationship": "Outer", "Parallel Aware": false, "Async Capable": false, "Join Type": "Inner", "Startup Cost": 1342855.95, "Total Cost": 1348291.01, "Plan Rows": 57983, "Plan Width": 12, "Inner Unique": true, "Merge Cond": "(ci.person_id = n.id)", "Plans": [{"Node Type": "Sort", "Parent Relationship": "Outer", "Parallel Aware": false, "Async Capable": false, "Startup Cost": 1179376.05, "Total Cost": 1180634.17, "Plan Rows": 503250, "Plan Width": 8, "Sort Key": ["ci.person_id"], "Plans": [{"Node Type": "Merge Join", "Parent Relationship": "Outer", "Parallel Aware": false, "Async Capable": false, "Join Type": "Inner", "Startup Cost": 1096488.45, "Total Cost": 1131715.97, "Plan Rows": 503250, "Plan Width": 8, "Inner Unique": true, "Merge Cond": "(ci.role_id = rt.id)", "Plans": [{"Node Type": "Sort", "Parent Relationship": "Outer", "Parallel Aware": false, "Async Capable": false, "Startup Cost": 1096487.29, "Total Cost": 1111584.79, "Plan Rows": 6039003, "Plan Width": 12, "Sort Key": ["ci.role_id"], "Plans": [{"Node Type": "Seq Scan", "Parent Relationship": "Outer", "Parallel Aware": true, "Async Capable": false, "Relation Name": "cast_info", "Alias": "ci", "Startup Cost": 0.0, "Total Cost": 313110.03, "Plan Rows": 6039003, "Plan Width": 12}]}, {"Node Type": "Sort", "Parent Relationship": "Inner", "Parallel Aware": false, "Async Capable": false, "Startup Cost": 1.16, "Total Cost": 1.16, "Plan Rows": 1, "Plan Width": 4, "Sort Key": ["rt.id"], "Plans": [{"Node Type": "Seq Scan", "Parent Relationship": "Outer", "Parallel Aware": false, "Async Capable": false, "Relation Name": "role_type", "Alias": "rt", "Startup Cost": 0.0, "Total Cost": 1.15, "Plan Rows": 1, "Plan Width": 4, "Filter": "((role)::text = 'writer'::text)"}]}]}]}, {"Node Type": "Sort", "Parent Relationship": "Inner", "Parallel Aware": false, "Async Capable": false, "Startup Cost": 163479.85, "Total Cost": 164680.27, "Plan Rows": 480168, "Plan Width": 4, "Sort Key": ["n.id"], "Plans": [{"Node Type": "Seq Scan", "Parent Relationship": "Outer", "Parallel Aware": false, "Async Capable": false, "Relation Name": "name", "Alias": "n", "Startup Cost": 0.0, "Total Cost": 118168.36, "Plan Rows": 480168, "Plan Width": 4, "Filter": "(((name)::text ~~ '%B%'::text) AND ((name)::text !~~ 'Z%'::text))"}]}]}]}]}, {"Node Type": "Sort", "Parent Relationship": "Inner", "Parallel Aware": false, "Async Capable": false, "Startup Cost": 196498.07, "Total Cost": 196500.5, "Plan Rows": 971, "Plan Width": 25, "Sort Key": ["mc.movie_id"], "Plans": [{"Node Type": "Gather", "Parent Relationship": "Outer", "Parallel Aware": false, "Async Capable": false, "Startup Cost": 196078.33, "Total Cost": 196449.9, "Plan Rows": 971, "Plan Width": 25, "Workers Planned": 4, "Single Copy": false, "Plans": [{"Node Type": "Merge Join", "Parent Relationship": "Outer", "Parallel Aware": false, "Async Capable": false, "Join Type": "Inner", "Startup Cost": 195078.33, "Total Cost": 195352.8, "Plan Rows": 243, "Plan Width": 25, "Inner Unique": true, "Merge Cond": "(mc.company_id = cn.id)", "Plans": [{"Node Type": "Sort", "Parent Relationship": "Outer", "Parallel Aware": false, "Async Capable": false, "Startup Cost": 189046.88, "Total Cost": 189180.36, "Plan Rows": 53393, "Plan Width": 29, "Sort Key": ["mc.company_id"], "Plans": [{"Node Type": "Merge Join", "Parent Relationship": "Outer", "Parallel Aware": false, "Async Capable": false, "Join Type": "Inner", "Startup Cost": 180095.42, "Total Cost": 184854.36, "Plan Rows": 53393, "Plan Width": 29, "Inner Unique": false, "Merge Cond": "(t.id = mc.movie_id)", "Plans": [{"Node Type": "Sort", "Parent Relationship": "Outer", "Parallel Aware": false, "Async Capable": false, "Startup Cost": 103228.68, "Total Cost": 104808.88, "Plan Rows": 632078, "Plan Width": 21, "Sort Key": ["t.id"], "Plans": [{"Node Type": "Seq Scan", "Parent Relationship": "Outer", "Parallel Aware": true, "Async Capable": false, "Relation Name": "title", "Alias": "t", "Startup Cost": 0.0, "Total Cost": 42328.78, "Plan Rows": 632078, "Plan Width": 21}]}, {"Node Type": "Sort", "Parent Relationship": "Inner", "Parallel Aware": false, "Async Capable": false, "Startup Cost": 76866.72, "Total Cost": 77400.65, "Plan Rows": 213572, "Plan Width": 8, "Sort Key": ["mc.movie_id"], "Plans": [{"Node Type": "Seq Scan", "Parent Relationship": "Outer", "Parallel Aware": false, "Async Capable": false, "Relation Name": "movie_companies", "Alias": "mc", "Startup Cost": 0.0, "Total Cost": 57960.93, "Plan Rows": 213572, "Plan Width": 8, "Filter": "(((note)::text ~~ '%(TV)%'::text) AND ((note)::text !~~ '%(2006)%'::text))"}]}]}]}, {"Node Type": "Sort", "Parent Relationship": "Inner", "Parallel Aware": false, "Async Capable": false, "Startup Cost": 6031.19, "Total Cost": 6033.86, "Plan Rows": 1068, "Plan Width": 4, "Sort Key": ["cn.id"], "Plans": [{"Node Type": "Seq Scan", "Parent Relationship": "Outer", "Parallel Aware": false, "Async Capable": false, "Relation Name": "company_name", "Alias": "cn", "Startup Cost": 0.0, "Total Cost": 5977.46, "Plan Rows": 1068, "Plan Width": 4, "Filter": "((country_code)::text = '[pl]'::text)"}]}]}]}]}]}]}, {"Node Type": "Sort", "Parent Relationship": "Inner", "Parallel Aware": false, "Async Capable": false, "Startup Cost": 109579.99, "Total Cost": 111833.35, "Plan Rows": 901343, "Plan Width": 20, "Sort Key": ["an.person_id"], "Plans": [{"Node Type": "Seq Scan", "Parent Relationship": "Outer", "Parallel Aware": false, "Async Capable": false, "Relation Name": "aka_name", "Alias": "an", "Startup Cost": 0.0, "Total Cost": 20429.43, "Plan Rows": 901343, "Plan Width": 20}]}]}]}}, {"Plan": {"Node Type": "Aggregate", "Strategy": "Plain", "Partial Mode": "Simple", "Parallel Aware": false, "Async Capable": false, "Startup Cost": 30012542807.68, "Total Cost": 30012542807.69, "Plan Rows": 1, "Plan Width": 64, "Plans": [{"Node Type": "Nested Loop", "Parent Relationship": "Outer", "Parallel Aware": false, "Async Capable": false, "Join Type": "Inner", "Startup Cost": 30000000001.5, "Total Cost": 30012542804.26, "Plan Rows": 684, "Plan Width": 33, "Inner Unique": false, "Join Filter": "(n.id = an.person_id)", "Plans": [{"Node Type": "Seq Scan", "Parent Relationship": "Outer", "Parallel Aware": false, "Async Capable": false, "Relation Name": "aka_name", "Alias": "an", "Startup Cost": 10000000000.0, "Total Cost": 10000020429.43, "Plan Rows": 901343, "Plan Width": 20}, {"Node Type": "Materialize", "Parent Relationship": "Inner", "Parallel Aware": false, "Async Capable": false, "Startup Cost": 20000000001.5, "Total Cost": 20008114808.38, "Plan Rows": 326, "Plan Width": 25, "Plans": [{"Node Type": "Nested Loop", "Parent Relationship": "Outer", "Parallel Aware": false, "Async Capable": false, "Join Type": "Inner", "Startup Cost": 20000000001.5, "Total Cost": 20008114806.75, "Plan Rows": 326, "Plan Width": 25, "Inner Unique": true, "Plans": [{"Node Type": "Nested Loop", "Parent Relationship": "Outer", "Parallel Aware": false, "Async Capable": false, "Join Type": "Inner", "Startup Cost": 20000000001.06, "Total Cost": 20008113355.64, "Plan Rows": 326, "Plan Width": 16, "Inner Unique": false, "Join Filter": "(ci.movie_id = mc.movie_id)", "Plans": [{"Node Type": "Nested Loop", "Parent Relationship": "Outer", "Parallel Aware": false, "Async Capable": false, "Join Type": "Inner", "Startup Cost": 10000000000.6, "Total Cost": 10002760595.98, "Plan Rows": 347900, "Plan Width": 12, "Inner Unique": true, "Plans": [{"Node Type": "Nested Loop", "Parent Relationship": "Outer", "Parallel Aware": false, "Async Capable": false, "Join Type": "Inner", "Startup Cost": 10000000000.15, "Total Cost": 10001520960.59, "Plan Rows": 3019502, "Plan Width": 8, "Inner Unique": true, "Plans": [{"Node Type": "Seq Scan", "Parent Relationship": "Outer", "Parallel Aware": false, "Async Capable": false, "Relation Name": "cast_info", "Alias": "ci", "Startup Cost": 10000000000.0, "Total Cost": 10000615060.2, "Plan Rows": 36234020, "Plan Width": 12}, {"Node Type": "Memoize", "Parent Relationship": "Inner", "Parallel Aware": false, "Async Capable": false, "Startup Cost": 0.15, "Total Cost": 4.17, "Plan Rows": 1, "Plan Width": 4, "Cache Key": "ci.role_id", "Cache Mode": "logical", "Plans": [{"Node Type": "Bitmap Heap Scan", "Parent Relationship": "Outer", "Parallel Aware": false, "Async Capable": false, "Relation Name": "role_type", "Alias": "rt", "Startup Cost": 0.14, "Total Cost": 4.16, "Plan Rows": 1, "Plan Width": 4, "Recheck Cond": "(id = ci.role_id)", "Filter": "((role)::text = 'writer'::text)", "Plans": [{"Node Type": "Bitmap Index Scan", "Parent Relationship": "Outer", "Parallel Aware": false, "Async Capable": false, "Index Name": "role_type_pkey", "Startup Cost": 0.0, "Total Cost": 0.14, "Plan Rows": 1, "Plan Width": 0, "Index Cond": "(id = ci.role_id)"}]}]}]}, {"Node Type": "Memoize", "Parent Relationship": "Inner", "Parallel Aware": false, "Async Capable": false, "Startup Cost": 0.45, "Total Cost": 4.47, "Plan Rows": 1, "Plan Width": 4, "Cache Key": "ci.person_id", "Cache Mode": "logical", "Plans": [{"Node Type": "Bitmap Heap Scan", "Parent Relationship": "Outer", "Parallel Aware": false, "Async Capable": false, "Relation Name": "name", "Alias": "n", "Startup Cost": 0.44, "Total Cost": 4.46, "Plan Rows": 1, "Plan Width": 4, "Recheck Cond": "(id = ci.person_id)", "Filter": "(((name)::text ~~ '%B%'::text) AND ((name)::text !~~ 'Z%'::text))", "Plans": [{"Node Type": "Bitmap Index Scan", "Parent Relationship": "Outer", "Parallel Aware": false, "Async Capable": false, "Index Name": "name_pkey", "Startup Cost": 0.0, "Total Cost": 0.44, "Plan Rows": 1, "Plan Width": 0, "Index Cond": "(id = ci.person_id)"}]}]}]}, {"Node Type": "Materialize", "Parent Relationship": "Inner", "Parallel Aware": false, "Async Capable": false, "Startup Cost": 10000000000.45, "Total Cost": 10000285598.59, "Plan Rows": 971, "Plan Width": 4, "Plans": [{"Node Type": "Nested Loop", "Parent Relationship": "Outer", "Parallel Aware": false, "Async Capable": false, "Join Type": "Inner", "Startup Cost": 10000000000.45, "Total Cost": 10000285593.73, "Plan Rows": 971, "Plan Width": 4, "Inner Unique": true, "Plans": [{"Node Type": "Seq Scan", "Parent Relationship": "Outer", "Parallel Aware": false, "Async Capable": false, "Relation Name": "movie_companies", "Alias": "mc", "Startup Cost": 10000000000.0, "Total Cost": 10000057960.93, "Plan Rows": 213572, "Plan Width": 8, "Filter": "(((note)::text ~~ '%(TV)%'::text) AND ((note)::text !~~ '%(2006)%'::text))"}, {"Node Type": "Memoize", "Parent Relationship": "Inner", "Parallel Aware": false, "Async Capable": false, "Startup Cost": 0.45, "Total Cost": 4.47, "Plan Rows": 1, "Plan Width": 4, "Cache Key": "mc.company_id", "Cache Mode": "logical", "Plans": [{"Node Type": "Bitmap Heap Scan", "Parent Relationship": "Outer", "Parallel Aware": false, "Async Capable": false, "Relation Name": "company_name", "Alias": "cn", "Startup Cost": 0.44, "Total Cost": 4.46, "Plan Rows": 1, "Plan Width": 4, "Recheck Cond": "(id = mc.company_id)", "Filter": "((country_code)::text = '[pl]'::text)", "Plans": [{"Node Type": "Bitmap Index Scan", "Parent Relationship": "Outer", "Parallel Aware": false, "Async Capable": false, "Index Name": "company_name_pkey", "Startup Cost": 0.0, "Total Cost": 0.44, "Plan Rows": 1, "Plan Width": 0, "Index Cond": "(id = mc.company_id)"}]}]}]}]}]}, {"Node Type": "Bitmap Heap Scan", "Parent Relationship": "Inner", "Parallel Aware": false, "Async Capable": false, "Relation Name": "title", "Alias": "t", "Startup Cost": 0.44, "Total Cost": 4.45, "Plan Rows": 1, "Plan Width": 21, "Recheck Cond": "(id = ci.movie_id)", "Plans": [{"Node Type": "Bitmap Index Scan", "Parent Relationship": "Outer", "Parallel Aware": false, "Async Capable": false, "Index Name": "title_pkey", "Startup Cost": 0.0, "Total Cost": 0.44, "Plan Rows": 1, "Plan Width": 0, "Index Cond": "(id = ci.movie_id)"}]}]}]}]}]}}, {"Plan": {"Node Type": "Aggregate", "Strategy": "Plain", "Partial Mode": "Simple", "Parallel Aware": false, "Async Capable": false, "Startup Cost": 11881977.82, "Total Cost": 11881977.83, "Plan Rows": 1, "Plan Width": 64, "Plans": [{"Node Type": "Nested Loop", "Parent Relationship": "Outer", "Parallel Aware": false, "Async Capable": false, "Join Type": "Inner", "Startup Cost": 1001.34, "Total Cost": 11881974.4, "Plan Rows": 684, "Plan Width": 33, "Inner Unique": false, "Join Filter": "(n.id = an.person_id)", "Plans": [{"Node Type": "Seq Scan", "Parent Relationship": "Outer", "Parallel Aware": false, "Async Capable": false, "Relation Name": "aka_name", "Alias": "an", "Startup Cost": 0.0, "Total Cost": 20429.43, "Plan Rows": 901343, "Plan Width": 20}, {"Node Type": "Materialize", "Parent Relationship": "Inner", "Parallel Aware": false, "Async Capable": false, "Startup Cost": 1001.34, "Total Cost": 7453978.51, "Plan Rows": 326, "Plan Width": 25, "Plans": [{"Node Type": "Nested Loop", "Parent Relationship": "Outer", "Parallel Aware": false, "Async Capable": false, "Join Type": "Inner", "Startup Cost": 1001.34, "Total Cost": 7453976.88, "Plan Rows": 326, "Plan Width": 25, "Inner Unique": true, "Plans": [{"Node Type": "Nested Loop", "Parent Relationship": "Outer", "Parallel Aware": false, "Async Capable": false, "Join Type": "Inner", "Startup Cost": 1000.9, "Total Cost": 7452525.78, "Plan Rows": 326, "Plan Width": 16, "Inner Unique": false, "Join Filter": "(ci.movie_id = mc.movie_id)", "Plans": [{"Node Type": "Nested Loop", "Parent Relationship": "Outer", "Parallel Aware": false, "Async Capable": false, "Join Type": "Inner", "Startup Cost": 0.45, "Total Cost": 285593.73, "Plan Rows": 971, "Plan Width": 4, "Inner Unique": true, "Plans": [{"Node Type": "Seq Scan", "Parent Relationship": "Outer", "Parallel Aware": false, "Async Capable": false, "Relation Name": "movie_companies", "Alias": "mc", "Startup Cost": 0.0, "Total Cost": 57960.93, "Plan Rows": 213572, "Plan Width": 8, "Filter": "(((note)::text ~~ '%(TV)%'::text) AND ((note)::text !~~ '%(2006)%'::text))"}, {"Node Type": "Memoize", "Parent Relationship": "Inner", "Parallel Aware": false, "Async Capable": false, "Startup Cost": 0.45, "Total Cost": 4.47, "Plan Rows": 1, "Plan Width": 4, "Cache Key": "mc.company_id", "Cache Mode": "logical", "Plans": [{"Node Type": "Bitmap Heap Scan", "Parent Relationship": "Outer", "Parallel Aware": false, "Async Capable": false, "Relation Name": "company_name", "Alias": "cn", "Startup Cost": 0.44, "Total Cost": 4.46, "Plan Rows": 1, "Plan Width": 4, "Recheck Cond": "(id = mc.company_id)", "Filter": "((country_code)::text = '[pl]'::text)", "Plans": [{"Node Type": "Bitmap Index Scan", "Parent Relationship": "Outer", "Parallel Aware": false, "Async Capable": false, "Index Name": "company_name_pkey", "Startup Cost": 0.0, "Total Cost": 0.44, "Plan Rows": 1, "Plan Width": 0, "Index Cond": "(id = mc.company_id)"}]}]}]}, {"Node Type": "Materialize", "Parent Relationship": "Inner", "Parallel Aware": false, "Async Capable": false, "Startup Cost": 1000.45, "Total Cost": 2100638.29, "Plan Rows": 347900, "Plan Width": 12, "Plans": [{"Node Type": "Nested Loop", "Parent Relationship": "Outer", "Parallel Aware": false, "Async Capable": false, "Join Type": "Inner", "Startup Cost": 1000.45, "Total Cost": 2098898.79, "Plan Rows": 347900, "Plan Width": 12, "Inner Unique": false, "Join Filter": "(rt.id = ci.role_id)", "Plans": [{"Node Type": "Seq Scan", "Parent Relationship": "Outer", "Parallel Aware": false, "Async Capable": false, "Relation Name": "role_type", "Alias": "rt", "Startup Cost": 0.0, "Total Cost": 1.15, "Plan Rows": 1, "Plan Width": 4, "Filter": "((role)::text = 'writer'::text)"}, {"Node Type": "Gather", "Parent Relationship": "Inner", "Parallel Aware": false, "Async Capable": false, "Startup Cost": 1000.45, "Total Cost": 2046712.72, "Plan Rows": 4174794, "Plan Width": 16, "Workers Planned": 6, "Single Copy": false, "Plans": [{"Node Type": "Nested Loop", "Parent Relationship": "Outer", "Parallel Aware": false, "Async Capable": false, "Join Type": "Inner", "Startup Cost": 0.45, "Total Cost": 1628233.32, "Plan Rows": 695799, "Plan Width": 16, "Inner Unique": true, "Plans": [{"Node Type": "Seq Scan", "Parent Relationship": "Outer", "Parallel Aware": true, "Async Capable": false, "Relation Name": "cast_info", "Alias": "ci", "Startup Cost": 0.0, "Total Cost": 313110.03, "Plan Rows": 6039003, "Plan Width": 12}, {"Node Type": "Memoize", "Parent Relationship": "Inner", "Parallel Aware": false, "Async Capable": false, "Startup Cost": 0.45, "Total Cost": 4.47, "Plan Rows": 1, "Plan Width": 4, "Cache Key": "ci.person_id", "Cache Mode": "logical", "Plans": [{"Node Type": "Bitmap Heap Scan", "Parent Relationship": "Outer", "Parallel Aware": false, "Async Capable": false, "Relation Name": "name", "Alias": "n", "Startup Cost": 0.44, "Total Cost": 4.46, "Plan Rows": 1, "Plan Width": 4, "Recheck Cond": "(id = ci.person_id)", "Filter": "(((name)::text ~~ '%B%'::text) AND ((name)::text !~~ 'Z%'::text))", "Plans": [{"Node Type": "Bitmap Index Scan", "Parent Relationship": "Outer", "Parallel Aware": false, "Async Capable": false, "Index Name": "name_pkey", "Startup Cost": 0.0, "Total Cost": 0.44, "Plan Rows": 1, "Plan Width": 0, "Index Cond": "(id = ci.person_id)"}]}]}]}]}]}]}]}, {"Node Type": "Bitmap Heap Scan", "Parent Relationship": "Inner", "Parallel Aware": false, "Async Capable": false, "Relation Name": "title", "Alias": "t", "Startup Cost": 0.44, "Total Cost": 4.45, "Plan Rows": 1, "Plan Width": 21, "Recheck Cond": "(id = ci.movie_id)", "Plans": [{"Node Type": "Bitmap Index Scan", "Parent Relationship": "Outer", "Parallel Aware": false, "Async Capable": false, "Index Name": "title_pkey", "Startup Cost": 0.0, "Total Cost": 0.44, "Plan Rows": 1, "Plan Width": 0, "Index Cond": "(id = ci.movie_id)"}]}]}]}]}]}}]