[{"Plan": {"Node Type": "Aggregate", "Strategy": "Plain", "Partial Mode": "Simple", "Parallel Aware": false, "Async Capable": false, "Startup Cost": 376051.02, "Total Cost": 376051.03, "Plan Rows": 1, "Plan Width": 64, "Plans": [{"Node Type": "Gather", "Parent Relationship": "Outer", "Parallel Aware": false, "Async Capable": false, "Startup Cost": 345653.0, "Total Cost": 376051.01, "Plan Rows": 3, "Plan Width": 33, "Workers Planned": 3, "Single Copy": false, "Plans": [{"Node Type": "Nested Loop", "Parent Relationship": "Outer", "Parallel Aware": false, "Async Capable": false, "Join Type": "Inner", "Startup Cost": 344653.0, "Total Cost": 375050.71, "Plan Rows": 1, "Plan Width": 33, "Inner Unique": true, "Plans": [{"Node Type": "Nested Loop", "Parent Relationship": "Outer", "Parallel Aware": false, "Async Capable": false, "Join Type": "Inner", "Startup Cost": 344652.87, "Total Cost": 375050.55, "Plan Rows": 1, "Plan Width": 37, "Inner Unique": true, "Plans": [{"Node Type": "Hash Join", "Parent Relationship": "Outer", "Parallel Aware": true, "Async Capable": false, "Join Type": "Inner", "Startup Cost": 344652.45, "Total Cost": 375049.21, "Plan Rows": 3, "Plan Width": 41, "Inner Unique": false, "Hash Cond": "(mc.movie_id = t.id)", "Plans": [{"Node Type": "Seq Scan", "Parent Relationship": "Outer", "Parallel Aware": true, "Async Capable": false, "Relation Name": "movie_companies", "Alias": "mc", "Startup Cost": 0.0, "Total Cost": 27240.55, "Plan Rows": 841655, "Plan Width": 12}, {"Node Type": "Hash", "Parent Relationship": "Inner", "Parallel Aware": true, "Async Capable": false, "Startup Cost": 344652.44, "Total Cost": 344652.44, "Plan Rows": 1, "Plan Width": 41, "Plans": [{"Node Type": "Nested Loop", "Parent Relationship": "Outer", "Parallel Aware": false, "Async Capable": false, "Join Type": "Inner", "Startup Cost": 2.02, "Total Cost": 344652.44, "Plan Rows": 1, "Plan Width": 41, "Inner Unique": true, "Plans": [{"Node Type": "Nested Loop", "Parent Relationship": "Outer", "Parallel Aware": false, "Async Capable": false, "Join Type": "Inner", "Startup Cost": 1.59, "Total Cost": 344646.43, "Plan Rows": 1, "Plan Width": 29, "Inner Unique": true, "Plans": [{"Node Type": "Hash Join", "Parent Relationship": "Outer", "Parallel Aware": false, "Async Capable": false, "Join Type": "Inner", "Startup Cost": 1.16, "Total Cost": 343316.02, "Plan Rows": 230, "Plan Width": 8, "Inner Unique": true, "Hash Cond": "(ci.role_id = rt.id)", "Plans": [{"Node Type": "Seq Scan", "Parent Relationship": "Outer", "Parallel Aware": true, "Async Capable": false, "Relation Name": "cast_info", "Alias": "ci", "Startup Cost": 0.0, "Total Cost": 343305.05, "Plan Rows": 2763, "Plan Width": 12, "Filter": "(((note)::text ~~ '%(voice)%'::text) AND ((note)::text ~~ '%(voice)%'::text))"}, {"Node Type": "Hash", "Parent Relationship": "Inner", "Parallel Aware": false, "Async Capable": false, "Startup Cost": 1.15, "Total Cost": 1.15, "Plan Rows": 1, "Plan Width": 4, "Plans": [{"Node Type": "Seq Scan", "Parent Relationship": "Outer", "Parallel Aware": false, "Async Capable": false, "Relation Name": "role_type", "Alias": "rt", "Startup Cost": 0.0, "Total Cost": 1.15, "Plan Rows": 1, "Plan Width": 4, "Filter": "((role)::text = 'actress'::text)"}]}]}, {"Node Type": "Index Scan", "Parent Relationship": "Inner", "Parallel Aware": false, "Async Capable": false, "Scan Direction": "Forward", "Index Name": "title_pkey", "Relation Name": "title", "Alias": "t", "Startup Cost": 0.43, "Total Cost": 5.78, "Plan Rows": 1, "Plan Width": 21, "Index Cond": "(id = ci.movie_id)", "Filter": "(production_year = 1971)"}]}, {"Node Type": "Index Scan", "Parent Relationship": "Inner", "Parallel Aware": false, "Async Capable": false, "Scan Direction": "Forward", "Index Name": "char_name_pkey", "Relation Name": "char_name", "Alias": "chn", "Startup Cost": 0.43, "Total Cost": 6.01, "Plan Rows": 1, "Plan Width": 20, "Index Cond": "(id = ci.person_role_id)"}]}]}]}, {"Node Type": "Index Scan", "Parent Relationship": "Inner", "Parallel Aware": false, "Async Capable": false, "Scan Direction": "Forward", "Index Name": "company_name_pkey", "Relation Name": "company_name", "Alias": "cn", "Startup Cost": 0.42, "Total Cost": 0.45, "Plan Rows": 1, "Plan Width": 4, "Index Cond": "(id = mc.company_id)", "Filter": "((country_code)::text = '[us]'::text)"}]}, {"Node Type": "Index Only Scan", "Parent Relationship": "Inner", "Parallel Aware": false, "Async Capable": false, "Scan Direction": "Forward", "Index Name": "company_type_pkey", "Relation Name": "company_type", "Alias": "ct", "Startup Cost": 0.13, "Total Cost": 0.15, "Plan Rows": 1, "Plan Width": 4, "Index Cond": "(id = mc.company_type_id)"}]}]}]}}, {"Plan": {"Node Type": "Aggregate", "Strategy": "Plain", "Partial Mode": "Simple", "Parallel Aware": false, "Async Capable": false, "Startup Cost": 70000860135.05, "Total Cost": 70000860135.06, "Plan Rows": 1, "Plan Width": 64, "Plans": [{"Node Type": "Nested Loop", "Parent Relationship": "Outer", "Parallel Aware": false, "Async Capable": false, "Join Type": "Inner", "Startup Cost": 70000805381.55, "Total Cost": 70000860135.04, "Plan Rows": 3, "Plan Width": 33, "Inner Unique": true, "Plans": [{"Node Type": "Nested Loop", "Parent Relationship": "Outer", "Parallel Aware": false, "Async Capable": false, "Join Type": "Inner", "Startup Cost": 60000805381.41, "Total Cost": 60000860124.99, "Plan Rows": 3, "Plan Width": 37, "Inner Unique": true, "Plans": [{"Node Type": "Hash Join", "Parent Relationship": "Outer", "Parallel Aware": false, "Async Capable": false, "Join Type": "Inner", "Startup Cost": 50000805380.98, "Total Cost": 50000860080.55, "Plan Rows": 10, "Plan Width": 41, "Inner Unique": false, "Hash Cond": "(mc.movie_id = t.id)", "Plans": [{"Node Type": "Seq Scan", "Parent Relationship": "Outer", "Parallel Aware": false, "Async Capable": false, "Relation Name": "movie_companies", "Alias": "mc", "Startup Cost": 10000000000.0, "Total Cost": 10000044915.29, "Plan Rows": 2609129, "Plan Width": 12}, {"Node Type": "Hash", "Parent Relationship": "Inner", "Parallel Aware": false, "Async Capable": false, "Startup Cost": 40000805380.93, "Total Cost": 40000805380.93, "Plan Rows": 4, "Plan Width": 41, "Plans": [{"Node Type": "Nested Loop", "Parent Relationship": "Outer", "Parallel Aware": false, "Async Capable": false, "Join Type": "Inner", "Startup Cost": 40000000017.62, "Total Cost": 40000805380.93, "Plan Rows": 4, "Plan Width": 41, "Inner Unique": true, "Plans": [{"Node Type": "Nested Loop", "Parent Relationship": "Outer", "Parallel Aware": false, "Async Capable": false, "Join Type": "Inner", "Startup Cost": 30000000014.88, "Total Cost": 30000805326.92, "Plan Rows": 8, "Plan Width": 29, "Inner Unique": true, "Plans": [{"Node Type": "Hash Join", "Parent Relationship": "Outer", "Parallel Aware": false, "Async Capable": false, "Join Type": "Inner", "Startup Cost": 20000000012.36, "Total Cost": 20000796301.54, "Plan Rows": 1381, "Plan Width": 8, "Inner Unique": true, "Hash Cond": "(ci.role_id = rt.id)", "Plans": [{"Node Type": "Seq Scan", "Parent Relationship": "Outer", "Parallel Aware": false, "Async Capable": false, "Relation Name": "cast_info", "Alias": "ci", "Startup Cost": 10000000000.0, "Total Cost": 10000796230.3, "Plan Rows": 16577, "Plan Width": 12, "Filter": "(((note)::text ~~ '%(voice)%'::text) AND ((note)::text ~~ '%(voice)%'::text))"}, {"Node Type": "Hash", "Parent Relationship": "Inner", "Parallel Aware": false, "Async Capable": false, "Startup Cost": 10000000012.34, "Total Cost": 10000000012.34, "Plan Rows": 1, "Plan Width": 4, "Plans": [{"Node Type": "Index Scan", "Parent Relationship": "Outer", "Parallel Aware": false, "Async Capable": false, "Scan Direction": "Forward", "Index Name": "role_type_pkey", "Relation Name": "role_type", "Alias": "rt", "Startup Cost": 10000000000.14, "Total Cost": 10000000012.34, "Plan Rows": 1, "Plan Width": 4, "Filter": "((role)::text = 'actress'::text)"}]}]}, {"Node Type": "Bitmap Heap Scan", "Parent Relationship": "Inner", "Parallel Aware": false, "Async Capable": false, "Relation Name": "title", "Alias": "t", "Startup Cost": 2.52, "Total Cost": 6.54, "Plan Rows": 1, "Plan Width": 21, "Recheck Cond": "(id = ci.movie_id)", "Filter": "(production_year = 1971)", "Plans": [{"Node Type": "Bitmap Index Scan", "Parent Relationship": "Outer", "Parallel Aware": false, "Async Capable": false, "Index Name": "title_pkey", "Startup Cost": 0.0, "Total Cost": 2.52, "Plan Rows": 1, "Plan Width": 0, "Index Cond": "(id = ci.movie_id)"}]}]}, {"Node Type": "Bitmap Heap Scan", "Parent Relationship": "Inner", "Parallel Aware": false, "Async Capable": false, "Relation Name": "char_name", "Alias": "chn", "Startup Cost": 2.74, "Total Cost": 6.75, "Plan Rows": 1, "Plan Width": 20, "Recheck Cond": "(id = ci.person_role_id)", "Plans": [{"Node Type": "Bitmap Index Scan", "Parent Relationship": "Outer", "Parallel Aware": false, "Async Capable": false, "Index Name": "char_name_pkey", "Startup Cost": 0.0, "Total Cost": 2.74, "Plan Rows": 1, "Plan Width": 0, "Index Cond": "(id = ci.person_role_id)"}]}]}]}]}, {"Node Type": "Bitmap Heap Scan", "Parent Relationship": "Inner", "Parallel Aware": false, "Async Capable": false, "Relation Name": "company_name", "Alias": "cn", "Startup Cost": 0.43, "Total Cost": 4.44, "Plan Rows": 1, "Plan Width": 4, "Recheck Cond": "(id = mc.company_id)", "Filter": "((country_code)::text = '[us]'::text)", "Plans": [{"Node Type": "Bitmap Index Scan", "Parent Relationship": "Outer", "Parallel Aware": false, "Async Capable": false, "Index Name": "company_name_pkey", "Startup Cost": 0.0, "Total Cost": 0.43, "Plan Rows": 1, "Plan Width": 0, "Index Cond": "(id = mc.company_id)"}]}]}, {"Node Type": "Bitmap Heap Scan", "Parent Relationship": "Inner", "Parallel Aware": false, "Async Capable": false, "Relation Name": "company_type", "Alias": "ct", "Startup Cost": 0.14, "Total Cost": 4.15, "Plan Rows": 1, "Plan Width": 4, "Recheck Cond": "(id = mc.company_type_id)", "Plans": [{"Node Type": "Bitmap Index Scan", "Parent Relationship": "Outer", "Parallel Aware": false, "Async Capable": false, "Index Name": "company_type_pkey", "Startup Cost": 0.0, "Total Cost": 0.14, "Plan Rows": 1, "Plan Width": 0, "Index Cond": "(id = mc.company_type_id)"}]}]}]}}, {"Plan": {"Node Type": "Aggregate", "Strategy": "Plain", "Partial Mode": "Simple", "Parallel Aware": false, "Async Capable": false, "Startup Cost": 20001147221.99, "Total Cost": 20001147222.0, "Plan Rows": 1, "Plan Width": 64, "Plans": [{"Node Type": "Hash Join", "Parent Relationship": "Outer", "Parallel Aware": false, "Async Capable": false, "Join Type": "Inner", "Startup Cost": 20000983177.53, "Total Cost": 20001147221.97, "Plan Rows": 3, "Plan Width": 33, "Inner Unique": true, "Hash Cond": "(mc.company_type_id = ct.id)", "Plans": [{"Node Type": "Hash Join", "Parent Relationship": "Outer", "Parallel Aware": false, "Async Capable": false, "Join Type": "Inner", "Startup Cost": 20000983165.29, "Total Cost": 20001147209.72, "Plan Rows": 3, "Plan Width": 37, "Inner Unique": false, "Hash Cond": "(chn.id = ci.person_role_id)", "Plans": [{"Node Type": "Index Scan", "Parent Relationship": "Outer", "Parallel Aware": false, "Async Capable": false, "Scan Direction": "Forward", "Index Name": "char_name_pkey", "Relation Name": "char_name", "Alias": "chn", "Startup Cost": 0.43, "Total Cost": 128716.01, "Plan Rows": 3140339, "Plan Width": 20}, {"Node Type": "Hash", "Parent Relationship": "Inner", "Parallel Aware": false, "Async Capable": false, "Startup Cost": 20000983164.77, "Total Cost": 20000983164.77, "Plan Rows": 7, "Plan Width": 25, "Plans": [{"Node Type": "Hash Join", "Parent Relationship": "Outer", "Parallel Aware": false, "Async Capable": false, "Join Type": "Inner", "Startup Cost": 20000970287.7, "Total Cost": 20000983164.77, "Plan Rows": 7, "Plan Width": 25, "Inner Unique": false, "Hash Cond": "(cn.id = mc.company_id)", "Plans": [{"Node Type": "Index Scan", "Parent Relationship": "Outer", "Parallel Aware": false, "Async Capable": false, "Scan Direction": "Forward", "Index Name": "company_name_pkey", "Relation Name": "company_name", "Alias": "cn", "Startup Cost": 0.42, "Total Cost": 12559.02, "Plan Rows": 84906, "Plan Width": 4, "Filter": "((country_code)::text = '[us]'::text)"}, {"Node Type": "Hash", "Parent Relationship": "Inner", "Parallel Aware": false, "Async Capable": false, "Startup Cost": 20000970287.03, "Total Cost": 20000970287.03, "Plan Rows": 20, "Plan Width": 29, "Plans": [{"Node Type": "Hash Join", "Parent Relationship": "Outer", "Parallel Aware": false, "Async Capable": false, "Join Type": "Inner", "Startup Cost": 20000915587.43, "Total Cost": 20000970287.03, "Plan Rows": 20, "Plan Width": 29, "Inner Unique": false, "Hash Cond": "(mc.movie_id = t.id)", "Plans": [{"Node Type": "Seq Scan", "Parent Relationship": "Outer", "Parallel Aware": false, "Async Capable": false, "Relation Name": "movie_companies", "Alias": "mc", "Startup Cost": 10000000000.0, "Total Cost": 10000044915.29, "Plan Rows": 2609129, "Plan Width": 12}, {"Node Type": "Hash", "Parent Relationship": "Inner", "Parallel Aware": false, "Async Capable": false, "Startup Cost": 10000915587.33, "Total Cost": 10000915587.33, "Plan Rows": 8, "Plan Width": 29, "Plans": [{"Node Type": "Hash Join", "Parent Relationship": "Outer", "Parallel Aware": false, "Async Capable": false, "Join Type": "Inner", "Startup Cost": 10000796319.23, "Total Cost": 10000915587.33, "Plan Rows": 8, "Plan Width": 29, "Inner Unique": false, "Hash Cond": "(t.id = ci.movie_id)", "Plans": [{"Node Type": "Index Scan", "Parent Relationship": "Outer", "Parallel Aware": false, "Async Capable": false, "Scan Direction": "Forward", "Index Name": "title_pkey", "Relation Name": "title", "Alias": "t", "Startup Cost": 0.43, "Total Cost": 116689.45, "Plan Rows": 14428, "Plan Width": 21, "Filter": "(production_year = 1971)"}, {"Node Type": "Hash", "Parent Relationship": "Inner", "Parallel Aware": false, "Async Capable": false, "Startup Cost": 10000796301.54, "Total Cost": 10000796301.54, "Plan Rows": 1381, "Plan Width": 8, "Plans": [{"Node Type": "Hash Join", "Parent Relationship": "Outer", "Parallel Aware": false, "Async Capable": false, "Join Type": "Inner", "Startup Cost": 10000000012.36, "Total Cost": 10000796301.54, "Plan Rows": 1381, "Plan Width": 8, "Inner Unique": true, "Hash Cond": "(ci.role_id = rt.id)", "Plans": [{"Node Type": "Seq Scan", "Parent Relationship": "Outer", "Parallel Aware": false, "Async Capable": false, "Relation Name": "cast_info", "Alias": "ci", "Startup Cost": 10000000000.0, "Total Cost": 10000796230.3, "Plan Rows": 16577, "Plan Width": 12, "Filter": "(((note)::text ~~ '%(voice)%'::text) AND ((note)::text ~~ '%(voice)%'::text))"}, {"Node Type": "Hash", "Parent Relationship": "Inner", "Parallel Aware": false, "Async Capable": false, "Startup Cost": 12.35, "Total Cost": 12.35, "Plan Rows": 1, "Plan Width": 4, "Plans": [{"Node Type": "Index Scan", "Parent Relationship": "Outer", "Parallel Aware": false, "Async Capable": false, "Scan Direction": "Forward", "Index Name": "role_type_pkey", "Relation Name": "role_type", "Alias": "rt", "Startup Cost": 0.14, "Total Cost": 12.35, "Plan Rows": 1, "Plan Width": 4, "Filter": "((role)::text = 'actress'::text)"}]}]}]}]}]}]}]}]}]}]}, {"Node Type": "Hash", "Parent Relationship": "Inner", "Parallel Aware": false, "Async Capable": false, "Startup Cost": 12.19, "Total Cost": 12.19, "Plan Rows": 4, "Plan Width": 4, "Plans": [{"Node Type": "Index Only Scan", "Parent Relationship": "Outer", "Parallel Aware": false, "Async Capable": false, "Scan Direction": "Forward", "Index Name": "company_type_pkey", "Relation Name": "company_type", "Alias": "ct", "Startup Cost": 0.13, "Total Cost": 12.19, "Plan Rows": 4, "Plan Width": 4}]}]}]}}, {"Plan": {"Node Type": "Aggregate", "Strategy": "Plain", "Partial Mode": "Simple", "Parallel Aware": false, "Async Capable": false, "Startup Cost": 20001117043.67, "Total Cost": 20001117043.68, "Plan Rows": 1, "Plan Width": 64, "Plans": [{"Node Type": "Hash Join", "Parent Relationship": "Outer", "Parallel Aware": false, "Async Capable": false, "Join Type": "Inner", "Startup Cost": 20000980477.17, "Total Cost": 20001117043.66, "Plan Rows": 3, "Plan Width": 33, "Inner Unique": true, "Hash Cond": "(mc.company_type_id = ct.id)", "Plans": [{"Node Type": "Merge Join", "Parent Relationship": "Outer", "Parallel Aware": false, "Async Capable": false, "Join Type": "Inner", "Startup Cost": 20000980464.93, "Total Cost": 20001117031.4, "Plan Rows": 3, "Plan Width": 37, "Inner Unique": true, "Merge Cond": "(ci.person_role_id = chn.id)", "Plans": [{"Node Type": "Sort", "Parent Relationship": "Outer", "Parallel Aware": false, "Async Capable": false, "Startup Cost": 20000980464.5, "Total Cost": 20000980464.51, "Plan Rows": 7, "Plan Width": 25, "Sort Key": ["ci.person_role_id"], "Plans": [{"Node Type": "Merge Join", "Parent Relationship": "Outer", "Parallel Aware": false, "Async Capable": false, "Join Type": "Inner", "Startup Cost": 20000967693.36, "Total Cost": 20000980464.4, "Plan Rows": 7, "Plan Width": 25, "Inner Unique": true, "Merge Cond": "(mc.company_id = cn.id)", "Plans": [{"Node Type": "Sort", "Parent Relationship": "Outer", "Parallel Aware": false, "Async Capable": false, "Startup Cost": 20000967692.94, "Total Cost": 20000967692.99, "Plan Rows": 20, "Plan Width": 29, "Sort Key": ["mc.company_id"], "Plans": [{"Node Type": "Hash Join", "Parent Relationship": "Outer", "Parallel Aware": false, "Async Capable": false, "Join Type": "Inner", "Startup Cost": 20000912992.9, "Total Cost": 20000967692.51, "Plan Rows": 20, "Plan Width": 29, "Inner Unique": false, "Hash Cond": "(mc.movie_id = t.id)", "Plans": [{"Node Type": "Seq Scan", "Parent Relationship": "Outer", "Parallel Aware": false, "Async Capable": false, "Relation Name": "movie_companies", "Alias": "mc", "Startup Cost": 10000000000.0, "Total Cost": 10000044915.29, "Plan Rows": 2609129, "Plan Width": 12}, {"Node Type": "Hash", "Parent Relationship": "Inner", "Parallel Aware": false, "Async Capable": false, "Startup Cost": 10000912992.8, "Total Cost": 10000912992.8, "Plan Rows": 8, "Plan Width": 29, "Plans": [{"Node Type": "Merge Join", "Parent Relationship": "Outer", "Parallel Aware": false, "Async Capable": false, "Join Type": "Inner", "Startup Cost": 10000796374.0, "Total Cost": 10000912992.8, "Plan Rows": 8, "Plan Width": 29, "Inner Unique": false, "Merge Cond": "(t.id = ci.movie_id)", "Plans": [{"Node Type": "Index Scan", "Parent Relationship": "Outer", "Parallel Aware": false, "Async Capable": false, "Scan Direction": "Forward", "Index Name": "title_pkey", "Relation Name": "title", "Alias": "t", "Startup Cost": 0.43, "Total Cost": 116689.45, "Plan Rows": 14428, "Plan Width": 21, "Filter": "(production_year = 1971)"}, {"Node Type": "Sort", "Parent Relationship": "Inner", "Parallel Aware": false, "Async Capable": false, "Startup Cost": 10000796373.57, "Total Cost": 10000796377.02, "Plan Rows": 1381, "Plan Width": 8, "Sort Key": ["ci.movie_id"], "Plans": [{"Node Type": "Hash Join", "Parent Relationship": "Outer", "Parallel Aware": false, "Async Capable": false, "Join Type": "Inner", "Startup Cost": 10000000012.36, "Total Cost": 10000796301.54, "Plan Rows": 1381, "Plan Width": 8, "Inner Unique": true, "Hash Cond": "(ci.role_id = rt.id)", "Plans": [{"Node Type": "Seq Scan", "Parent Relationship": "Outer", "Parallel Aware": false, "Async Capable": false, "Relation Name": "cast_info", "Alias": "ci", "Startup Cost": 10000000000.0, "Total Cost": 10000796230.3, "Plan Rows": 16577, "Plan Width": 12, "Filter": "(((note)::text ~~ '%(voice)%'::text) AND ((note)::text ~~ '%(voice)%'::text))"}, {"Node Type": "Hash", "Parent Relationship": "Inner", "Parallel Aware": false, "Async Capable": false, "Startup Cost": 12.35, "Total Cost": 12.35, "Plan Rows": 1, "Plan Width": 4, "Plans": [{"Node Type": "Index Scan", "Parent Relationship": "Outer", "Parallel Aware": false, "Async Capable": false, "Scan Direction": "Forward", "Index Name": "role_type_pkey", "Relation Name": "role_type", "Alias": "rt", "Startup Cost": 0.14, "Total Cost": 12.35, "Plan Rows": 1, "Plan Width": 4, "Filter": "((role)::text = 'actress'::text)"}]}]}]}]}]}]}]}, {"Node Type": "Index Scan", "Parent Relationship": "Inner", "Parallel Aware": false, "Async Capable": false, "Scan Direction": "Forward", "Index Name": "company_name_pkey", "Relation Name": "company_name", "Alias": "cn", "Startup Cost": 0.42, "Total Cost": 12559.02, "Plan Rows": 84906, "Plan Width": 4, "Filter": "((country_code)::text = '[us]'::text)"}]}]}, {"Node Type": "Index Scan", "Parent Relationship": "Inner", "Parallel Aware": false, "Async Capable": false, "Scan Direction": "Forward", "Index Name": "char_name_pkey", "Relation Name": "char_name", "Alias": "chn", "Startup Cost": 0.43, "Total Cost": 128716.01, "Plan Rows": 3140339, "Plan Width": 20}]}, {"Node Type": "Hash", "Parent Relationship": "Inner", "Parallel Aware": false, "Async Capable": false, "Startup Cost": 12.19, "Total Cost": 12.19, "Plan Rows": 4, "Plan Width": 4, "Plans": [{"Node Type": "Index Only Scan", "Parent Relationship": "Outer", "Parallel Aware": false, "Async Capable": false, "Scan Direction": "Forward", "Index Name": "company_type_pkey", "Relation Name": "company_type", "Alias": "ct", "Startup Cost": 0.13, "Total Cost": 12.19, "Plan Rows": 4, "Plan Width": 4}]}]}]}}, {"Plan": {"Node Type": "Aggregate", "Strategy": "Plain", "Partial Mode": "Simple", "Parallel Aware": false, "Async Capable": false, "Startup Cost": 20000960731.37, "Total Cost": 20000960731.38, "Plan Rows": 1, "Plan Width": 64, "Plans": [{"Node Type": "Nested Loop", "Parent Relationship": "Outer", "Parallel Aware": false, "Async Capable": false, "Join Type": "Inner", "Startup Cost": 20000955305.04, "Total Cost": 20000960731.36, "Plan Rows": 3, "Plan Width": 33, "Inner Unique": true, "Plans": [{"Node Type": "Nested Loop", "Parent Relationship": "Outer", "Parallel Aware": false, "Async Capable": false, "Join Type": "Inner", "Startup Cost": 20000955304.91, "Total Cost": 20000960730.92, "Plan Rows": 3, "Plan Width": 37, "Inner Unique": true, "Plans": [{"Node Type": "Nested Loop", "Parent Relationship": "Outer", "Parallel Aware": false, "Async Capable": false, "Join Type": "Inner", "Startup Cost": 20000955304.48, "Total Cost": 20000960688.86, "Plan Rows": 7, "Plan Width": 25, "Inner Unique": true, "Plans": [{"Node Type": "Merge Join", "Parent Relationship": "Outer", "Parallel Aware": false, "Async Capable": false, "Join Type": "Inner", "Startup Cost": 20000955304.05, "Total Cost": 20000960036.99, "Plan Rows": 1256, "Plan Width": 16, "Inner Unique": false, "Merge Cond": "(ci.movie_id = mc.movie_id)", "Plans": [{"Node Type": "Sort", "Parent Relationship": "Outer", "Parallel Aware": false, "Async Capable": false, "Startup Cost": 10000796373.57, "Total Cost": 10000796377.02, "Plan Rows": 1381, "Plan Width": 8, "Sort Key": ["ci.movie_id"], "Plans": [{"Node Type": "Hash Join", "Parent Relationship": "Outer", "Parallel Aware": false, "Async Capable": false, "Join Type": "Inner", "Startup Cost": 10000000012.36, "Total Cost": 10000796301.54, "Plan Rows": 1381, "Plan Width": 8, "Inner Unique": true, "Hash Cond": "(ci.role_id = rt.id)", "Plans": [{"Node Type": "Seq Scan", "Parent Relationship": "Outer", "Parallel Aware": false, "Async Capable": false, "Relation Name": "cast_info", "Alias": "ci", "Startup Cost": 10000000000.0, "Total Cost": 10000796230.3, "Plan Rows": 16577, "Plan Width": 12, "Filter": "(((note)::text ~~ '%(voice)%'::text) AND ((note)::text ~~ '%(voice)%'::text))"}, {"Node Type": "Hash", "Parent Relationship": "Inner", "Parallel Aware": false, "Async Capable": false, "Startup Cost": 12.35, "Total Cost": 12.35, "Plan Rows": 1, "Plan Width": 4, "Plans": [{"Node Type": "Index Scan", "Parent Relationship": "Outer", "Parallel Aware": false, "Async Capable": false, "Scan Direction": "Forward", "Index Name": "role_type_pkey", "Relation Name": "role_type", "Alias": "rt", "Startup Cost": 0.14, "Total Cost": 12.35, "Plan Rows": 1, "Plan Width": 4, "Filter": "((role)::text = 'actress'::text)"}]}]}]}, {"Node Type": "Sort", "Parent Relationship": "Inner", "Parallel Aware": false, "Async Capable": false, "Startup Cost": 10000158930.49, "Total Cost": 10000161287.23, "Plan Rows": 942696, "Plan Width": 8, "Sort Key": ["mc.movie_id"], "Plans": [{"Node Type": "Hash Join", "Parent Relationship": "Outer", "Parallel Aware": false, "Async Capable": false, "Join Type": "Inner", "Startup Cost": 10000013620.35, "Total Cost": 10000065384.72, "Plan Rows": 942696, "Plan Width": 8, "Inner Unique": true, "Hash Cond": "(mc.company_id = cn.id)", "Plans": [{"Node Type": "Seq Scan", "Parent Relationship": "Outer", "Parallel Aware": false, "Async Capable": false, "Relation Name": "movie_companies", "Alias": "mc", "Startup Cost": 10000000000.0, "Total Cost": 10000044915.29, "Plan Rows": 2609129, "Plan Width": 12}, {"Node Type": "Hash", "Parent Relationship": "Inner", "Parallel Aware": false, "Async Capable": false, "Startup Cost": 12559.02, "Total Cost": 12559.02, "Plan Rows": 84906, "Plan Width": 4, "Plans": [{"Node Type": "Index Scan", "Parent Relationship": "Outer", "Parallel Aware": false, "Async Capable": false, "Scan Direction": "Forward", "Index Name": "company_name_pkey", "Relation Name": "company_name", "Alias": "cn", "Startup Cost": 0.42, "Total Cost": 12559.02, "Plan Rows": 84906, "Plan Width": 4, "Filter": "((country_code)::text = '[us]'::text)"}]}]}]}]}, {"Node Type": "Index Scan", "Parent Relationship": "Inner", "Parallel Aware": false, "Async Capable": false, "Scan Direction": "Forward", "Index Name": "title_pkey", "Relation Name": "title", "Alias": "t", "Startup Cost": 0.43, "Total Cost": 0.52, "Plan Rows": 1, "Plan Width": 21, "Index Cond": "(id = mc.movie_id)", "Filter": "(production_year = 1971)"}]}, {"Node Type": "Index Scan", "Parent Relationship": "Inner", "Parallel Aware": false, "Async Capable": false, "Scan Direction": "Forward", "Index Name": "char_name_pkey", "Relation Name": "char_name", "Alias": "chn", "Startup Cost": 0.43, "Total Cost": 6.01, "Plan Rows": 1, "Plan Width": 20, "Index Cond": "(id = ci.person_role_id)"}]}, {"Node Type": "Index Only Scan", "Parent Relationship": "Inner", "Parallel Aware": false, "Async Capable": false, "Scan Direction": "Forward", "Index Name": "company_type_pkey", "Relation Name": "company_type", "Alias": "ct", "Startup Cost": 0.13, "Total Cost": 0.15, "Plan Rows": 1, "Plan Width": 4, "Index Cond": "(id = mc.company_type_id)"}]}]}}, {"Plan": {"Node Type": "Aggregate", "Strategy": "Plain", "Partial Mode": "Finalize", "Parallel Aware": false, "Async Capable": false, "Startup Cost": 470863.77, "Total Cost": 470863.78, "Plan Rows": 1, "Plan Width": 64, "Plans": [{"Node Type": "Gather", "Parent Relationship": "Outer", "Parallel Aware": false, "Async Capable": false, "Startup Cost": 470863.66, "Total Cost": 470863.77, "Plan Rows": 1, "Plan Width": 64, "Workers Planned": 1, "Single Copy": false, "Plans": [{"Node Type": "Aggregate", "Strategy": "Plain", "Partial Mode": "Partial", "Parent Relationship": "Outer", "Parallel Aware": false, "Async Capable": false, "Startup Cost": 469863.66, "Total Cost": 469863.67, "Plan Rows": 1, "Plan Width": 64, "Plans": [{"Node Type": "Hash Join", "Parent Relationship": "Outer", "Parallel Aware": false, "Async Capable": false, "Join Type": "Inner", "Startup Cost": 464908.42, "Total Cost": 469863.65, "Plan Rows": 2, "Plan Width": 33, "Inner Unique": true, "Hash Cond": "(mc.company_type_id = ct.id)", "Plans": [{"Node Type": "Hash Join", "Parent Relationship": "Outer", "Parallel Aware": true, "Async Capable": false, "Join Type": "Inner", "Startup Cost": 464907.33, "Total Cost": 469862.55, "Plan Rows": 2, "Plan Width": 37, "Inner Unique": false, "Hash Cond": "(cn.id = mc.company_id)", "Plans": [{"Node Type": "Seq Scan", "Parent Relationship": "Outer", "Parallel Aware": true, "Async Capable": false, "Relation Name": "company_name", "Alias": "cn", "Startup Cost": 0.0, "Total Cost": 4767.92, "Plan Rows": 49945, "Plan Width": 4, "Filter": "((country_code)::text = '[us]'::text)"}, {"Node Type": "Hash", "Parent Relationship": "Inner", "Parallel Aware": true, "Async Capable": false, "Startup Cost": 464907.29, "Total Cost": 464907.29, "Plan Rows": 3, "Plan Width": 41, "Plans": [{"Node Type": "Hash Join", "Parent Relationship": "Outer", "Parallel Aware": true, "Async Capable": false, "Join Type": "Inner", "Startup Cost": 434510.53, "Total Cost": 464907.29, "Plan Rows": 3, "Plan Width": 41, "Inner Unique": false, "Hash Cond": "(mc.movie_id = t.id)", "Plans": [{"Node Type": "Seq Scan", "Parent Relationship": "Outer", "Parallel Aware": true, "Async Capable": false, "Relation Name": "movie_companies", "Alias": "mc", "Startup Cost": 0.0, "Total Cost": 27240.55, "Plan Rows": 841655, "Plan Width": 12}, {"Node Type": "Hash", "Parent Relationship": "Inner", "Parallel Aware": true, "Async Capable": false, "Startup Cost": 434510.52, "Total Cost": 434510.52, "Plan Rows": 1, "Plan Width": 41, "Plans": [{"Node Type": "Hash Join", "Parent Relationship": "Outer", "Parallel Aware": true, "Async Capable": false, "Join Type": "Inner", "Startup Cost": 387267.59, "Total Cost": 434510.52, "Plan Rows": 1, "Plan Width": 41, "Inner Unique": false, "Hash Cond": "(chn.id = ci.person_role_id)", "Plans": [{"Node Type": "Seq Scan", "Parent Relationship": "Outer", "Parallel Aware": true, "Async Capable": false, "Relation Name": "char_name", "Alias": "chn", "Startup Cost": 0.0, "Total Cost": 44298.85, "Plan Rows": 785085, "Plan Width": 20}, {"Node Type": "Hash", "Parent Relationship": "Inner", "Parallel Aware": true, "Async Capable": false, "Startup Cost": 387267.58, "Total Cost": 387267.58, "Plan Rows": 1, "Plan Width": 29, "Plans": [{"Node Type": "Hash Join", "Parent Relationship": "Outer", "Parallel Aware": false, "Async Capable": false, "Join Type": "Inner", "Startup Cost": 43955.22, "Total Cost": 387267.58, "Plan Rows": 1, "Plan Width": 29, "Inner Unique": true, "Hash Cond": "(ci.role_id = rt.id)", "Plans": [{"Node Type": "Hash Join", "Parent Relationship": "Outer", "Parallel Aware": true, "Async Capable": false, "Join Type": "Inner", "Startup Cost": 43954.06, "Total Cost": 387266.37, "Plan Rows": 16, "Plan Width": 33, "Inner Unique": true, "Hash Cond": "(ci.movie_id = t.id)", "Plans": [{"Node Type": "Seq Scan", "Parent Relationship": "Outer", "Parallel Aware": true, "Async Capable": false, "Relation Name": "cast_info", "Alias": "ci", "Startup Cost": 0.0, "Total Cost": 343305.05, "Plan Rows": 2763, "Plan Width": 12, "Filter": "(((note)::text ~~ '%(voice)%'::text) AND ((note)::text ~~ '%(voice)%'::text))"}, {"Node Type": "Hash", "Parent Relationship": "Inner", "Parallel Aware": true, "Async Capable": false, "Startup Cost": 43908.97, "Total Cost": 43908.97, "Plan Rows": 3607, "Plan Width": 21, "Plans": [{"Node Type": "Seq Scan", "Parent Relationship": "Outer", "Parallel Aware": true, "Async Capable": false, "Relation Name": "title", "Alias": "t", "Startup Cost": 0.0, "Total Cost": 43908.97, "Plan Rows": 3607, "Plan Width": 21, "Filter": "(production_year = 1971)"}]}]}, {"Node Type": "Hash", "Parent Relationship": "Inner", "Parallel Aware": false, "Async Capable": false, "Startup Cost": 1.15, "Total Cost": 1.15, "Plan Rows": 1, "Plan Width": 4, "Plans": [{"Node Type": "Seq Scan", "Parent Relationship": "Outer", "Parallel Aware": false, "Async Capable": false, "Relation Name": "role_type", "Alias": "rt", "Startup Cost": 0.0, "Total Cost": 1.15, "Plan Rows": 1, "Plan Width": 4, "Filter": "((role)::text = 'actress'::text)"}]}]}]}]}]}]}]}]}, {"Node Type": "Hash", "Parent Relationship": "Inner", "Parallel Aware": false, "Async Capable": false, "Startup Cost": 1.04, "Total Cost": 1.04, "Plan Rows": 4, "Plan Width": 4, "Plans": [{"Node Type": "Seq Scan", "Parent Relationship": "Outer", "Parallel Aware": false, "Async Capable": false, "Relation Name": "company_type", "Alias": "ct", "Startup Cost": 0.0, "Total Cost": 1.04, "Plan Rows": 4, "Plan Width": 4}]}]}]}]}]}}, {"Plan": {"Node Type": "Aggregate", "Strategy": "Plain", "Partial Mode": "Simple", "Parallel Aware": false, "Async Capable": false, "Startup Cost": 20000874278.74, "Total Cost": 20000874278.75, "Plan Rows": 1, "Plan Width": 64, "Plans": [{"Node Type": "Nested Loop", "Parent Relationship": "Outer", "Parallel Aware": false, "Async Capable": false, "Join Type": "Inner", "Startup Cost": 20000077181.77, "Total Cost": 20000874278.72, "Plan Rows": 3, "Plan Width": 33, "Inner Unique": true, "Plans": [{"Node Type": "Nested Loop", "Parent Relationship": "Outer", "Parallel Aware": false, "Async Capable": false, "Join Type": "Inner", "Startup Cost": 20000077181.64, "Total Cost": 20000874278.29, "Plan Rows": 3, "Plan Width": 37, "Inner Unique": true, "Plans": [{"Node Type": "Nested Loop", "Parent Relationship": "Outer", "Parallel Aware": false, "Async Capable": false, "Join Type": "Inner", "Startup Cost": 20000077181.21, "Total Cost": 20000874236.23, "Plan Rows": 7, "Plan Width": 25, "Inner Unique": true, "Plans": [{"Node Type": "Hash Join", "Parent Relationship": "Outer", "Parallel Aware": false, "Async Capable": false, "Join Type": "Inner", "Startup Cost": 20000077180.78, "Total Cost": 20000873584.36, "Plan Rows": 1256, "Plan Width": 16, "Inner Unique": false, "Hash Cond": "(ci.movie_id = mc.movie_id)", "Plans": [{"Node Type": "Hash Join", "Parent Relationship": "Outer", "Parallel Aware": false, "Async Capable": false, "Join Type": "Inner", "Startup Cost": 10000000012.36, "Total Cost": 10000796301.54, "Plan Rows": 1381, "Plan Width": 8, "Inner Unique": true, "Hash Cond": "(ci.role_id = rt.id)", "Plans": [{"Node Type": "Seq Scan", "Parent Relationship": "Outer", "Parallel Aware": false, "Async Capable": false, "Relation Name": "cast_info", "Alias": "ci", "Startup Cost": 10000000000.0, "Total Cost": 10000796230.3, "Plan Rows": 16577, "Plan Width": 12, "Filter": "(((note)::text ~~ '%(voice)%'::text) AND ((note)::text ~~ '%(voice)%'::text))"}, {"Node Type": "Hash", "Parent Relationship": "Inner", "Parallel Aware": false, "Async Capable": false, "Startup Cost": 12.35, "Total Cost": 12.35, "Plan Rows": 1, "Plan Width": 4, "Plans": [{"Node Type": "Index Scan", "Parent Relationship": "Outer", "Parallel Aware": false, "Async Capable": false, "Scan Direction": "Forward", "Index Name": "role_type_pkey", "Relation Name": "role_type", "Alias": "rt", "Startup Cost": 0.14, "Total Cost": 12.35, "Plan Rows": 1, "Plan Width": 4, "Filter": "((role)::text = 'actress'::text)"}]}]}, {"Node Type": "Hash", "Parent Relationship": "Inner", "Parallel Aware": false, "Async Capable": false, "Startup Cost": 10000065384.72, "Total Cost": 10000065384.72, "Plan Rows": 942696, "Plan Width": 8, "Plans": [{"Node Type": "Hash Join", "Parent Relationship": "Outer", "Parallel Aware": false, "Async Capable": false, "Join Type": "Inner", "Startup Cost": 10000013620.35, "Total Cost": 10000065384.72, "Plan Rows": 942696, "Plan Width": 8, "Inner Unique": true, "Hash Cond": "(mc.company_id = cn.id)", "Plans": [{"Node Type": "Seq Scan", "Parent Relationship": "Outer", "Parallel Aware": false, "Async Capable": false, "Relation Name": "movie_companies", "Alias": "mc", "Startup Cost": 10000000000.0, "Total Cost": 10000044915.29, "Plan Rows": 2609129, "Plan Width": 12}, {"Node Type": "Hash", "Parent Relationship": "Inner", "Parallel Aware": false, "Async Capable": false, "Startup Cost": 12559.02, "Total Cost": 12559.02, "Plan Rows": 84906, "Plan Width": 4, "Plans": [{"Node Type": "Index Scan", "Parent Relationship": "Outer", "Parallel Aware": false, "Async Capable": false, "Scan Direction": "Forward", "Index Name": "company_name_pkey", "Relation Name": "company_name", "Alias": "cn", "Startup Cost": 0.42, "Total Cost": 12559.02, "Plan Rows": 84906, "Plan Width": 4, "Filter": "((country_code)::text = '[us]'::text)"}]}]}]}]}, {"Node Type": "Index Scan", "Parent Relationship": "Inner", "Parallel Aware": false, "Async Capable": false, "Scan Direction": "Forward", "Index Name": "title_pkey", "Relation Name": "title", "Alias": "t", "Startup Cost": 0.43, "Total Cost": 0.52, "Plan Rows": 1, "Plan Width": 21, "Index Cond": "(id = mc.movie_id)", "Filter": "(production_year = 1971)"}]}, {"Node Type": "Index Scan", "Parent Relationship": "Inner", "Parallel Aware": false, "Async Capable": false, "Scan Direction": "Forward", "Index Name": "char_name_pkey", "Relation Name": "char_name", "Alias": "chn", "Startup Cost": 0.43, "Total Cost": 6.01, "Plan Rows": 1, "Plan Width": 20, "Index Cond": "(id = ci.person_role_id)"}]}, {"Node Type": "Index Only Scan", "Parent Relationship": "Inner", "Parallel Aware": false, "Async Capable": false, "Scan Direction": "Forward", "Index Name": "company_type_pkey", "Relation Name": "company_type", "Alias": "ct", "Startup Cost": 0.13, "Total Cost": 0.15, "Plan Rows": 1, "Plan Width": 4, "Index Cond": "(id = mc.company_type_id)"}]}]}}, {"Plan": {"Node Type": "Aggregate", "Strategy": "Plain", "Partial Mode": "Simple", "Parallel Aware": false, "Async Capable": false, "Startup Cost": 70000965704.31, "Total Cost": 70000965704.32, "Plan Rows": 1, "Plan Width": 64, "Plans": [{"Node Type": "Nested Loop", "Parent Relationship": "Outer", "Parallel Aware": false, "Async Capable": false, "Join Type": "Inner", "Startup Cost": 70000955307.38, "Total Cost": 70000965704.29, "Plan Rows": 3, "Plan Width": 33, "Inner Unique": true, "Plans": [{"Node Type": "Nested Loop", "Parent Relationship": "Outer", "Parallel Aware": false, "Async Capable": false, "Join Type": "Inner", "Startup Cost": 60000955307.25, "Total Cost": 60000965694.25, "Plan Rows": 3, "Plan Width": 37, "Inner Unique": true, "Plans": [{"Node Type": "Nested Loop", "Parent Relationship": "Outer", "Parallel Aware": false, "Async Capable": false, "Join Type": "Inner", "Startup Cost": 50000955304.51, "Total Cost": 50000965646.98, "Plan Rows": 7, "Plan Width": 25, "Inner Unique": true, "Plans": [{"Node Type": "Merge Join", "Parent Relationship": "Outer", "Parallel Aware": false, "Async Capable": false, "Join Type": "Inner", "Startup Cost": 40000955304.05, "Total Cost": 40000960036.99, "Plan Rows": 1256, "Plan Width": 16, "Inner Unique": false, "Merge Cond": "(ci.movie_id = mc.movie_id)", "Plans": [{"Node Type": "Sort", "Parent Relationship": "Outer", "Parallel Aware": false, "Async Capable": false, "Startup Cost": 20000796373.57, "Total Cost": 20000796377.02, "Plan Rows": 1381, "Plan Width": 8, "Sort Key": ["ci.movie_id"], "Plans": [{"Node Type": "Hash Join", "Parent Relationship": "Outer", "Parallel Aware": false, "Async Capable": false, "Join Type": "Inner", "Startup Cost": 20000000012.36, "Total Cost": 20000796301.54, "Plan Rows": 1381, "Plan Width": 8, "Inner Unique": true, "Hash Cond": "(ci.role_id = rt.id)", "Plans": [{"Node Type": "Seq Scan", "Parent Relationship": "Outer", "Parallel Aware": false, "Async Capable": false, "Relation Name": "cast_info", "Alias": "ci", "Startup Cost": 10000000000.0, "Total Cost": 10000796230.3, "Plan Rows": 16577, "Plan Width": 12, "Filter": "(((note)::text ~~ '%(voice)%'::text) AND ((note)::text ~~ '%(voice)%'::text))"}, {"Node Type": "Hash", "Parent Relationship": "Inner", "Parallel Aware": false, "Async Capable": false, "Startup Cost": 10000000012.34, "Total Cost": 10000000012.34, "Plan Rows": 1, "Plan Width": 4, "Plans": [{"Node Type": "Index Scan", "Parent Relationship": "Outer", "Parallel Aware": false, "Async Capable": false, "Scan Direction": "Forward", "Index Name": "role_type_pkey", "Relation Name": "role_type", "Alias": "rt", "Startup Cost": 10000000000.14, "Total Cost": 10000000012.34, "Plan Rows": 1, "Plan Width": 4, "Filter": "((role)::text = 'actress'::text)"}]}]}]}, {"Node Type": "Sort", "Parent Relationship": "Inner", "Parallel Aware": false, "Async Capable": false, "Startup Cost": 20000158930.49, "Total Cost": 20000161287.23, "Plan Rows": 942696, "Plan Width": 8, "Sort Key": ["mc.movie_id"], "Plans": [{"Node Type": "Hash Join", "Parent Relationship": "Outer", "Parallel Aware": false, "Async Capable": false, "Join Type": "Inner", "Startup Cost": 20000013620.35, "Total Cost": 20000065384.72, "Plan Rows": 942696, "Plan Width": 8, "Inner Unique": true, "Hash Cond": "(mc.company_id = cn.id)", "Plans": [{"Node Type": "Seq Scan", "Parent Relationship": "Outer", "Parallel Aware": false, "Async Capable": false, "Relation Name": "movie_companies", "Alias": "mc", "Startup Cost": 10000000000.0, "Total Cost": 10000044915.29, "Plan Rows": 2609129, "Plan Width": 12}, {"Node Type": "Hash", "Parent Relationship": "Inner", "Parallel Aware": false, "Async Capable": false, "Startup Cost": 10000012559.02, "Total Cost": 10000012559.02, "Plan Rows": 84906, "Plan Width": 4, "Plans": [{"Node Type": "Index Scan", "Parent Relationship": "Outer", "Parallel Aware": false, "Async Capable": false, "Scan Direction": "Forward", "Index Name": "company_name_pkey", "Relation Name": "company_name", "Alias": "cn", "Startup Cost": 10000000000.42, "Total Cost": 10000012559.02, "Plan Rows": 84906, "Plan Width": 4, "Filter": "((country_code)::text = '[us]'::text)"}]}]}]}]}, {"Node Type": "Bitmap Heap Scan", "Parent Relationship": "Inner", "Parallel Aware": false, "Async Capable": false, "Relation Name": "title", "Alias": "t", "Startup Cost": 0.45, "Total Cost": 4.47, "Plan Rows": 1, "Plan Width": 21, "Recheck Cond": "(id = mc.movie_id)", "Filter": "(production_year = 1971)", "Plans": [{"Node Type": "Bitmap Index Scan", "Parent Relationship": "Outer", "Parallel Aware": false, "Async Capable": false, "Index Name": "title_pkey", "Startup Cost": 0.0, "Total Cost": 0.45, "Plan Rows": 1, "Plan Width": 0, "Index Cond": "(id = mc.movie_id)"}]}]}, {"Node Type": "Bitmap Heap Scan", "Parent Relationship": "Inner", "Parallel Aware": false, "Async Capable": false, "Relation Name": "char_name", "Alias": "chn", "Startup Cost": 2.74, "Total Cost": 6.75, "Plan Rows": 1, "Plan Width": 20, "Recheck Cond": "(id = ci.person_role_id)", "Plans": [{"Node Type": "Bitmap Index Scan", "Parent Relationship": "Outer", "Parallel Aware": false, "Async Capable": false, "Index Name": "char_name_pkey", "Startup Cost": 0.0, "Total Cost": 2.74, "Plan Rows": 1, "Plan Width": 0, "Index Cond": "(id = ci.person_role_id)"}]}]}, {"Node Type": "Bitmap Heap Scan", "Parent Relationship": "Inner", "Parallel Aware": false, "Async Capable": false, "Relation Name": "company_type", "Alias": "ct", "Startup Cost": 0.14, "Total Cost": 4.15, "Plan Rows": 1, "Plan Width": 4, "Recheck Cond": "(id = mc.company_type_id)", "Plans": [{"Node Type": "Bitmap Index Scan", "Parent Relationship": "Outer", "Parallel Aware": false, "Async Capable": false, "Index Name": "company_type_pkey", "Startup Cost": 0.0, "Total Cost": 0.14, "Plan Rows": 1, "Plan Width": 0, "Index Cond": "(id = mc.company_type_id)"}]}]}]}}, {"Plan": {"Node Type": "Aggregate", "Strategy": "Plain", "Partial Mode": "Simple", "Parallel Aware": false, "Async Capable": false, "Startup Cost": 20000860528.13, "Total Cost": 20000860528.14, "Plan Rows": 1, "Plan Width": 64, "Plans": [{"Node Type": "Nested Loop", "Parent Relationship": "Outer", "Parallel Aware": false, "Async Capable": false, "Join Type": "Inner", "Startup Cost": 20000805774.63, "Total Cost": 20000860528.12, "Plan Rows": 3, "Plan Width": 33, "Inner Unique": true, "Plans": [{"Node Type": "Nested Loop", "Parent Relationship": "Outer", "Parallel Aware": false, "Async Capable": false, "Join Type": "Inner", "Startup Cost": 20000805774.49, "Total Cost": 20000860518.07, "Plan Rows": 3, "Plan Width": 37, "Inner Unique": true, "Plans": [{"Node Type": "Hash Join", "Parent Relationship": "Outer", "Parallel Aware": false, "Async Capable": false, "Join Type": "Inner", "Startup Cost": 20000805774.06, "Total Cost": 20000860473.63, "Plan Rows": 10, "Plan Width": 41, "Inner Unique": false, "Hash Cond": "(mc.movie_id = t.id)", "Plans": [{"Node Type": "Seq Scan", "Parent Relationship": "Outer", "Parallel Aware": false, "Async Capable": false, "Relation Name": "movie_companies", "Alias": "mc", "Startup Cost": 10000000000.0, "Total Cost": 10000044915.29, "Plan Rows": 2609129, "Plan Width": 12}, {"Node Type": "Hash", "Parent Relationship": "Inner", "Parallel Aware": false, "Async Capable": false, "Startup Cost": 10000805774.01, "Total Cost": 10000805774.01, "Plan Rows": 4, "Plan Width": 41, "Plans": [{"Node Type": "Nested Loop", "Parent Relationship": "Outer", "Parallel Aware": false, "Async Capable": false, "Join Type": "Inner", "Startup Cost": 10000000005.41, "Total Cost": 10000805774.01, "Plan Rows": 4, "Plan Width": 41, "Inner Unique": true, "Plans": [{"Node Type": "Nested Loop", "Parent Relationship": "Outer", "Parallel Aware": false, "Async Capable": false, "Join Type": "Inner", "Startup Cost": 10000000002.67, "Total Cost": 10000805720.0, "Plan Rows": 8, "Plan Width": 29, "Inner Unique": true, "Plans": [{"Node Type": "Nested Loop", "Parent Relationship": "Outer", "Parallel Aware": false, "Async Capable": false, "Join Type": "Inner", "Startup Cost": 10000000000.15, "Total Cost": 10000796694.62, "Plan Rows": 1381, "Plan Width": 8, "Inner Unique": true, "Plans": [{"Node Type": "Seq Scan", "Parent Relationship": "Outer", "Parallel Aware": false, "Async Capable": false, "Relation Name": "cast_info", "Alias": "ci", "Startup Cost": 10000000000.0, "Total Cost": 10000796230.3, "Plan Rows": 16577, "Plan Width": 12, "Filter": "(((note)::text ~~ '%(voice)%'::text) AND ((note)::text ~~ '%(voice)%'::text))"}, {"Node Type": "Memoize", "Parent Relationship": "Inner", "Parallel Aware": false, "Async Capable": false, "Startup Cost": 0.15, "Total Cost": 4.17, "Plan Rows": 1, "Plan Width": 4, "Cache Key": "ci.role_id", "Cache Mode": "logical", "Plans": [{"Node Type": "Bitmap Heap Scan", "Parent Relationship": "Outer", "Parallel Aware": false, "Async Capable": false, "Relation Name": "role_type", "Alias": "rt", "Startup Cost": 0.14, "Total Cost": 4.16, "Plan Rows": 1, "Plan Width": 4, "Recheck Cond": "(id = ci.role_id)", "Filter": "((role)::text = 'actress'::text)", "Plans": [{"Node Type": "Bitmap Index Scan", "Parent Relationship": "Outer", "Parallel Aware": false, "Async Capable": false, "Index Name": "role_type_pkey", "Startup Cost": 0.0, "Total Cost": 0.14, "Plan Rows": 1, "Plan Width": 0, "Index Cond": "(id = ci.role_id)"}]}]}]}, {"Node Type": "Bitmap Heap Scan", "Parent Relationship": "Inner", "Parallel Aware": false, "Async Capable": false, "Relation Name": "title", "Alias": "t", "Startup Cost": 2.52, "Total Cost": 6.54, "Plan Rows": 1, "Plan Width": 21, "Recheck Cond": "(id = ci.movie_id)", "Filter": "(production_year = 1971)", "Plans": [{"Node Type": "Bitmap Index Scan", "Parent Relationship": "Outer", "Parallel Aware": false, "Async Capable": false, "Index Name": "title_pkey", "Startup Cost": 0.0, "Total Cost": 2.52, "Plan Rows": 1, "Plan Width": 0, "Index Cond": "(id = ci.movie_id)"}]}]}, {"Node Type": "Bitmap Heap Scan", "Parent Relationship": "Inner", "Parallel Aware": false, "Async Capable": false, "Relation Name": "char_name", "Alias": "chn", "Startup Cost": 2.74, "Total Cost": 6.75, "Plan Rows": 1, "Plan Width": 20, "Recheck Cond": "(id = ci.person_role_id)", "Plans": [{"Node Type": "Bitmap Index Scan", "Parent Relationship": "Outer", "Parallel Aware": false, "Async Capable": false, "Index Name": "char_name_pkey", "Startup Cost": 0.0, "Total Cost": 2.74, "Plan Rows": 1, "Plan Width": 0, "Index Cond": "(id = ci.person_role_id)"}]}]}]}]}, {"Node Type": "Bitmap Heap Scan", "Parent Relationship": "Inner", "Parallel Aware": false, "Async Capable": false, "Relation Name": "company_name", "Alias": "cn", "Startup Cost": 0.43, "Total Cost": 4.44, "Plan Rows": 1, "Plan Width": 4, "Recheck Cond": "(id = mc.company_id)", "Filter": "((country_code)::text = '[us]'::text)", "Plans": [{"Node Type": "Bitmap Index Scan", "Parent Relationship": "Outer", "Parallel Aware": false, "Async Capable": false, "Index Name": "company_name_pkey", "Startup Cost": 0.0, "Total Cost": 0.43, "Plan Rows": 1, "Plan Width": 0, "Index Cond": "(id = mc.company_id)"}]}]}, {"Node Type": "Bitmap Heap Scan", "Parent Relationship": "Inner", "Parallel Aware": false, "Async Capable": false, "Relation Name": "company_type", "Alias": "ct", "Startup Cost": 0.14, "Total Cost": 4.15, "Plan Rows": 1, "Plan Width": 4, "Recheck Cond": "(id = mc.company_type_id)", "Plans": [{"Node Type": "Bitmap Index Scan", "Parent Relationship": "Outer", "Parallel Aware": false, "Async Capable": false, "Index Name": "company_type_pkey", "Startup Cost": 0.0, "Total Cost": 0.14, "Plan Rows": 1, "Plan Width": 0, "Index Cond": "(id = mc.company_type_id)"}]}]}]}}, {"Plan": {"Node Type": "Aggregate", "Strategy": "Plain", "Partial Mode": "Simple", "Parallel Aware": false, "Async Capable": false, "Startup Cost": 376237.43, "Total Cost": 376237.44, "Plan Rows": 1, "Plan Width": 64, "Plans": [{"Node Type": "Gather", "Parent Relationship": "Outer", "Parallel Aware": false, "Async Capable": false, "Startup Cost": 345826.36, "Total Cost": 376237.41, "Plan Rows": 3, "Plan Width": 33, "Workers Planned": 3, "Single Copy": false, "Plans": [{"Node Type": "Nested Loop", "Parent Relationship": "Outer", "Parallel Aware": false, "Async Capable": false, "Join Type": "Inner", "Startup Cost": 344826.36, "Total Cost": 375237.11, "Plan Rows": 1, "Plan Width": 33, "Inner Unique": true, "Join Filter": "(ct.id = mc.company_type_id)", "Plans": [{"Node Type": "Nested Loop", "Parent Relationship": "Outer", "Parallel Aware": false, "Async Capable": false, "Join Type": "Inner", "Startup Cost": 344826.36, "Total Cost": 375236.02, "Plan Rows": 1, "Plan Width": 37, "Inner Unique": true, "Plans": [{"Node Type": "Hash Join", "Parent Relationship": "Outer", "Parallel Aware": true, "Async Capable": false, "Join Type": "Inner", "Startup Cost": 344825.93, "Total Cost": 375222.69, "Plan Rows": 3, "Plan Width": 41, "Inner Unique": false, "Hash Cond": "(mc.movie_id = t.id)", "Plans": [{"Node Type": "Seq Scan", "Parent Relationship": "Outer", "Parallel Aware": true, "Async Capable": false, "Relation Name": "movie_companies", "Alias": "mc", "Startup Cost": 0.0, "Total Cost": 27240.55, "Plan Rows": 841655, "Plan Width": 12}, {"Node Type": "Hash", "Parent Relationship": "Inner", "Parallel Aware": true, "Async Capable": false, "Startup Cost": 344825.92, "Total Cost": 344825.92, "Plan Rows": 1, "Plan Width": 41, "Plans": [{"Node Type": "Nested Loop", "Parent Relationship": "Outer", "Parallel Aware": false, "Async Capable": false, "Join Type": "Inner", "Startup Cost": 6.42, "Total Cost": 344825.92, "Plan Rows": 1, "Plan Width": 41, "Inner Unique": true, "Plans": [{"Node Type": "Nested Loop", "Parent Relationship": "Outer", "Parallel Aware": false, "Async Capable": false, "Join Type": "Inner", "Startup Cost": 3.68, "Total Cost": 344819.17, "Plan Rows": 1, "Plan Width": 29, "Inner Unique": true, "Plans": [{"Node Type": "Hash Join", "Parent Relationship": "Outer", "Parallel Aware": false, "Async Capable": false, "Join Type": "Inner", "Startup Cost": 1.16, "Total Cost": 343316.02, "Plan Rows": 230, "Plan Width": 8, "Inner Unique": true, "Hash Cond": "(ci.role_id = rt.id)", "Plans": [{"Node Type": "Seq Scan", "Parent Relationship": "Outer", "Parallel Aware": true, "Async Capable": false, "Relation Name": "cast_info", "Alias": "ci", "Startup Cost": 0.0, "Total Cost": 343305.05, "Plan Rows": 2763, "Plan Width": 12, "Filter": "(((note)::text ~~ '%(voice)%'::text) AND ((note)::text ~~ '%(voice)%'::text))"}, {"Node Type": "Hash", "Parent Relationship": "Inner", "Parallel Aware": false, "Async Capable": false, "Startup Cost": 1.15, "Total Cost": 1.15, "Plan Rows": 1, "Plan Width": 4, "Plans": [{"Node Type": "Seq Scan", "Parent Relationship": "Outer", "Parallel Aware": false, "Async Capable": false, "Relation Name": "role_type", "Alias": "rt", "Startup Cost": 0.0, "Total Cost": 1.15, "Plan Rows": 1, "Plan Width": 4, "Filter": "((role)::text = 'actress'::text)"}]}]}, {"Node Type": "Bitmap Heap Scan", "Parent Relationship": "Inner", "Parallel Aware": false, "Async Capable": false, "Relation Name": "title", "Alias": "t", "Startup Cost": 2.52, "Total Cost": 6.54, "Plan Rows": 1, "Plan Width": 21, "Recheck Cond": "(id = ci.movie_id)", "Filter": "(production_year = 1971)", "Plans": [{"Node Type": "Bitmap Index Scan", "Parent Relationship": "Outer", "Parallel Aware": false, "Async Capable": false, "Index Name": "title_pkey", "Startup Cost": 0.0, "Total Cost": 2.52, "Plan Rows": 1, "Plan Width": 0, "Index Cond": "(id = ci.movie_id)"}]}]}, {"Node Type": "Bitmap Heap Scan", "Parent Relationship": "Inner", "Parallel Aware": false, "Async Capable": false, "Relation Name": "char_name", "Alias": "chn", "Startup Cost": 2.74, "Total Cost": 6.75, "Plan Rows": 1, "Plan Width": 20, "Recheck Cond": "(id = ci.person_role_id)", "Plans": [{"Node Type": "Bitmap Index Scan", "Parent Relationship": "Outer", "Parallel Aware": false, "Async Capable": false, "Index Name": "char_name_pkey", "Startup Cost": 0.0, "Total Cost": 2.74, "Plan Rows": 1, "Plan Width": 0, "Index Cond": "(id = ci.person_role_id)"}]}]}]}]}, {"Node Type": "Bitmap Heap Scan", "Parent Relationship": "Inner", "Parallel Aware": false, "Async Capable": false, "Relation Name": "company_name", "Alias": "cn", "Startup Cost": 0.43, "Total Cost": 4.44, "Plan Rows": 1, "Plan Width": 4, "Recheck Cond": "(id = mc.company_id)", "Filter": "((country_code)::text = '[us]'::text)", "Plans": [{"Node Type": "Bitmap Index Scan", "Parent Relationship": "Outer", "Parallel Aware": false, "Async Capable": false, "Index Name": "company_name_pkey", "Startup Cost": 0.0, "Total Cost": 0.43, "Plan Rows": 1, "Plan Width": 0, "Index Cond": "(id = mc.company_id)"}]}]}, {"Node Type": "Seq Scan", "Parent Relationship": "Inner", "Parallel Aware": false, "Async Capable": false, "Relation Name": "company_type", "Alias": "ct", "Startup Cost": 0.0, "Total Cost": 1.04, "Plan Rows": 4, "Plan Width": 4}]}]}]}}, {"Plan": {"Node Type": "Aggregate", "Strategy": "Plain", "Partial Mode": "Simple", "Parallel Aware": false, "Async Capable": false, "Startup Cost": 20001147221.99, "Total Cost": 20001147222.0, "Plan Rows": 1, "Plan Width": 64, "Plans": [{"Node Type": "Hash Join", "Parent Relationship": "Outer", "Parallel Aware": false, "Async Capable": false, "Join Type": "Inner", "Startup Cost": 20000983177.53, "Total Cost": 20001147221.97, "Plan Rows": 3, "Plan Width": 33, "Inner Unique": true, "Hash Cond": "(mc.company_type_id = ct.id)", "Plans": [{"Node Type": "Hash Join", "Parent Relationship": "Outer", "Parallel Aware": false, "Async Capable": false, "Join Type": "Inner", "Startup Cost": 20000983165.29, "Total Cost": 20001147209.72, "Plan Rows": 3, "Plan Width": 37, "Inner Unique": false, "Hash Cond": "(chn.id = ci.person_role_id)", "Plans": [{"Node Type": "Index Scan", "Parent Relationship": "Outer", "Parallel Aware": false, "Async Capable": false, "Scan Direction": "Forward", "Index Name": "char_name_pkey", "Relation Name": "char_name", "Alias": "chn", "Startup Cost": 0.43, "Total Cost": 128716.01, "Plan Rows": 3140339, "Plan Width": 20}, {"Node Type": "Hash", "Parent Relationship": "Inner", "Parallel Aware": false, "Async Capable": false, "Startup Cost": 20000983164.77, "Total Cost": 20000983164.77, "Plan Rows": 7, "Plan Width": 25, "Plans": [{"Node Type": "Hash Join", "Parent Relationship": "Outer", "Parallel Aware": false, "Async Capable": false, "Join Type": "Inner", "Startup Cost": 20000970287.7, "Total Cost": 20000983164.77, "Plan Rows": 7, "Plan Width": 25, "Inner Unique": false, "Hash Cond": "(cn.id = mc.company_id)", "Plans": [{"Node Type": "Index Scan", "Parent Relationship": "Outer", "Parallel Aware": false, "Async Capable": false, "Scan Direction": "Forward", "Index Name": "company_name_pkey", "Relation Name": "company_name", "Alias": "cn", "Startup Cost": 0.42, "Total Cost": 12559.02, "Plan Rows": 84906, "Plan Width": 4, "Filter": "((country_code)::text = '[us]'::text)"}, {"Node Type": "Hash", "Parent Relationship": "Inner", "Parallel Aware": false, "Async Capable": false, "Startup Cost": 20000970287.03, "Total Cost": 20000970287.03, "Plan Rows": 20, "Plan Width": 29, "Plans": [{"Node Type": "Hash Join", "Parent Relationship": "Outer", "Parallel Aware": false, "Async Capable": false, "Join Type": "Inner", "Startup Cost": 20000915587.43, "Total Cost": 20000970287.03, "Plan Rows": 20, "Plan Width": 29, "Inner Unique": false, "Hash Cond": "(mc.movie_id = t.id)", "Plans": [{"Node Type": "Seq Scan", "Parent Relationship": "Outer", "Parallel Aware": false, "Async Capable": false, "Relation Name": "movie_companies", "Alias": "mc", "Startup Cost": 10000000000.0, "Total Cost": 10000044915.29, "Plan Rows": 2609129, "Plan Width": 12}, {"Node Type": "Hash", "Parent Relationship": "Inner", "Parallel Aware": false, "Async Capable": false, "Startup Cost": 10000915587.33, "Total Cost": 10000915587.33, "Plan Rows": 8, "Plan Width": 29, "Plans": [{"Node Type": "Hash Join", "Parent Relationship": "Outer", "Parallel Aware": false, "Async Capable": false, "Join Type": "Inner", "Startup Cost": 10000796319.23, "Total Cost": 10000915587.33, "Plan Rows": 8, "Plan Width": 29, "Inner Unique": false, "Hash Cond": "(t.id = ci.movie_id)", "Plans": [{"Node Type": "Index Scan", "Parent Relationship": "Outer", "Parallel Aware": false, "Async Capable": false, "Scan Direction": "Forward", "Index Name": "title_pkey", "Relation Name": "title", "Alias": "t", "Startup Cost": 0.43, "Total Cost": 116689.45, "Plan Rows": 14428, "Plan Width": 21, "Filter": "(production_year = 1971)"}, {"Node Type": "Hash", "Parent Relationship": "Inner", "Parallel Aware": false, "Async Capable": false, "Startup Cost": 10000796301.54, "Total Cost": 10000796301.54, "Plan Rows": 1381, "Plan Width": 8, "Plans": [{"Node Type": "Hash Join", "Parent Relationship": "Outer", "Parallel Aware": false, "Async Capable": false, "Join Type": "Inner", "Startup Cost": 10000000012.36, "Total Cost": 10000796301.54, "Plan Rows": 1381, "Plan Width": 8, "Inner Unique": true, "Hash Cond": "(ci.role_id = rt.id)", "Plans": [{"Node Type": "Seq Scan", "Parent Relationship": "Outer", "Parallel Aware": false, "Async Capable": false, "Relation Name": "cast_info", "Alias": "ci", "Startup Cost": 10000000000.0, "Total Cost": 10000796230.3, "Plan Rows": 16577, "Plan Width": 12, "Filter": "(((note)::text ~~ '%(voice)%'::text) AND ((note)::text ~~ '%(voice)%'::text))"}, {"Node Type": "Hash", "Parent Relationship": "Inner", "Parallel Aware": false, "Async Capable": false, "Startup Cost": 12.35, "Total Cost": 12.35, "Plan Rows": 1, "Plan Width": 4, "Plans": [{"Node Type": "Index Scan", "Parent Relationship": "Outer", "Parallel Aware": false, "Async Capable": false, "Scan Direction": "Forward", "Index Name": "role_type_pkey", "Relation Name": "role_type", "Alias": "rt", "Startup Cost": 0.14, "Total Cost": 12.35, "Plan Rows": 1, "Plan Width": 4, "Filter": "((role)::text = 'actress'::text)"}]}]}]}]}]}]}]}]}]}]}, {"Node Type": "Hash", "Parent Relationship": "Inner", "Parallel Aware": false, "Async Capable": false, "Startup Cost": 12.19, "Total Cost": 12.19, "Plan Rows": 4, "Plan Width": 4, "Plans": [{"Node Type": "Index Scan", "Parent Relationship": "Outer", "Parallel Aware": false, "Async Capable": false, "Scan Direction": "Forward", "Index Name": "company_type_pkey", "Relation Name": "company_type", "Alias": "ct", "Startup Cost": 0.13, "Total Cost": 12.19, "Plan Rows": 4, "Plan Width": 4}]}]}]}}, {"Plan": {"Node Type": "Aggregate", "Strategy": "Plain", "Partial Mode": "Simple", "Parallel Aware": false, "Async Capable": false, "Startup Cost": 20001117043.67, "Total Cost": 20001117043.68, "Plan Rows": 1, "Plan Width": 64, "Plans": [{"Node Type": "Hash Join", "Parent Relationship": "Outer", "Parallel Aware": false, "Async Capable": false, "Join Type": "Inner", "Startup Cost": 20000980477.17, "Total Cost": 20001117043.66, "Plan Rows": 3, "Plan Width": 33, "Inner Unique": true, "Hash Cond": "(mc.company_type_id = ct.id)", "Plans": [{"Node Type": "Merge Join", "Parent Relationship": "Outer", "Parallel Aware": false, "Async Capable": false, "Join Type": "Inner", "Startup Cost": 20000980464.93, "Total Cost": 20001117031.4, "Plan Rows": 3, "Plan Width": 37, "Inner Unique": true, "Merge Cond": "(ci.person_role_id = chn.id)", "Plans": [{"Node Type": "Sort", "Parent Relationship": "Outer", "Parallel Aware": false, "Async Capable": false, "Startup Cost": 20000980464.5, "Total Cost": 20000980464.51, "Plan Rows": 7, "Plan Width": 25, "Sort Key": ["ci.person_role_id"], "Plans": [{"Node Type": "Merge Join", "Parent Relationship": "Outer", "Parallel Aware": false, "Async Capable": false, "Join Type": "Inner", "Startup Cost": 20000967693.36, "Total Cost": 20000980464.4, "Plan Rows": 7, "Plan Width": 25, "Inner Unique": true, "Merge Cond": "(mc.company_id = cn.id)", "Plans": [{"Node Type": "Sort", "Parent Relationship": "Outer", "Parallel Aware": false, "Async Capable": false, "Startup Cost": 20000967692.94, "Total Cost": 20000967692.99, "Plan Rows": 20, "Plan Width": 29, "Sort Key": ["mc.company_id"], "Plans": [{"Node Type": "Hash Join", "Parent Relationship": "Outer", "Parallel Aware": false, "Async Capable": false, "Join Type": "Inner", "Startup Cost": 20000912992.9, "Total Cost": 20000967692.51, "Plan Rows": 20, "Plan Width": 29, "Inner Unique": false, "Hash Cond": "(mc.movie_id = t.id)", "Plans": [{"Node Type": "Seq Scan", "Parent Relationship": "Outer", "Parallel Aware": false, "Async Capable": false, "Relation Name": "movie_companies", "Alias": "mc", "Startup Cost": 10000000000.0, "Total Cost": 10000044915.29, "Plan Rows": 2609129, "Plan Width": 12}, {"Node Type": "Hash", "Parent Relationship": "Inner", "Parallel Aware": false, "Async Capable": false, "Startup Cost": 10000912992.8, "Total Cost": 10000912992.8, "Plan Rows": 8, "Plan Width": 29, "Plans": [{"Node Type": "Merge Join", "Parent Relationship": "Outer", "Parallel Aware": false, "Async Capable": false, "Join Type": "Inner", "Startup Cost": 10000796374.0, "Total Cost": 10000912992.8, "Plan Rows": 8, "Plan Width": 29, "Inner Unique": false, "Merge Cond": "(t.id = ci.movie_id)", "Plans": [{"Node Type": "Index Scan", "Parent Relationship": "Outer", "Parallel Aware": false, "Async Capable": false, "Scan Direction": "Forward", "Index Name": "title_pkey", "Relation Name": "title", "Alias": "t", "Startup Cost": 0.43, "Total Cost": 116689.45, "Plan Rows": 14428, "Plan Width": 21, "Filter": "(production_year = 1971)"}, {"Node Type": "Sort", "Parent Relationship": "Inner", "Parallel Aware": false, "Async Capable": false, "Startup Cost": 10000796373.57, "Total Cost": 10000796377.02, "Plan Rows": 1381, "Plan Width": 8, "Sort Key": ["ci.movie_id"], "Plans": [{"Node Type": "Hash Join", "Parent Relationship": "Outer", "Parallel Aware": false, "Async Capable": false, "Join Type": "Inner", "Startup Cost": 10000000012.36, "Total Cost": 10000796301.54, "Plan Rows": 1381, "Plan Width": 8, "Inner Unique": true, "Hash Cond": "(ci.role_id = rt.id)", "Plans": [{"Node Type": "Seq Scan", "Parent Relationship": "Outer", "Parallel Aware": false, "Async Capable": false, "Relation Name": "cast_info", "Alias": "ci", "Startup Cost": 10000000000.0, "Total Cost": 10000796230.3, "Plan Rows": 16577, "Plan Width": 12, "Filter": "(((note)::text ~~ '%(voice)%'::text) AND ((note)::text ~~ '%(voice)%'::text))"}, {"Node Type": "Hash", "Parent Relationship": "Inner", "Parallel Aware": false, "Async Capable": false, "Startup Cost": 12.35, "Total Cost": 12.35, "Plan Rows": 1, "Plan Width": 4, "Plans": [{"Node Type": "Index Scan", "Parent Relationship": "Outer", "Parallel Aware": false, "Async Capable": false, "Scan Direction": "Forward", "Index Name": "role_type_pkey", "Relation Name": "role_type", "Alias": "rt", "Startup Cost": 0.14, "Total Cost": 12.35, "Plan Rows": 1, "Plan Width": 4, "Filter": "((role)::text = 'actress'::text)"}]}]}]}]}]}]}]}, {"Node Type": "Index Scan", "Parent Relationship": "Inner", "Parallel Aware": false, "Async Capable": false, "Scan Direction": "Forward", "Index Name": "company_name_pkey", "Relation Name": "company_name", "Alias": "cn", "Startup Cost": 0.42, "Total Cost": 12559.02, "Plan Rows": 84906, "Plan Width": 4, "Filter": "((country_code)::text = '[us]'::text)"}]}]}, {"Node Type": "Index Scan", "Parent Relationship": "Inner", "Parallel Aware": false, "Async Capable": false, "Scan Direction": "Forward", "Index Name": "char_name_pkey", "Relation Name": "char_name", "Alias": "chn", "Startup Cost": 0.43, "Total Cost": 128716.01, "Plan Rows": 3140339, "Plan Width": 20}]}, {"Node Type": "Hash", "Parent Relationship": "Inner", "Parallel Aware": false, "Async Capable": false, "Startup Cost": 12.19, "Total Cost": 12.19, "Plan Rows": 4, "Plan Width": 4, "Plans": [{"Node Type": "Index Scan", "Parent Relationship": "Outer", "Parallel Aware": false, "Async Capable": false, "Scan Direction": "Forward", "Index Name": "company_type_pkey", "Relation Name": "company_type", "Alias": "ct", "Startup Cost": 0.13, "Total Cost": 12.19, "Plan Rows": 4, "Plan Width": 4}]}]}]}}, {"Plan": {"Node Type": "Aggregate", "Strategy": "Plain", "Partial Mode": "Simple", "Parallel Aware": false, "Async Capable": false, "Startup Cost": 20000960731.37, "Total Cost": 20000960731.38, "Plan Rows": 1, "Plan Width": 64, "Plans": [{"Node Type": "Nested Loop", "Parent Relationship": "Outer", "Parallel Aware": false, "Async Capable": false, "Join Type": "Inner", "Startup Cost": 20000955305.04, "Total Cost": 20000960731.36, "Plan Rows": 3, "Plan Width": 33, "Inner Unique": true, "Plans": [{"Node Type": "Nested Loop", "Parent Relationship": "Outer", "Parallel Aware": false, "Async Capable": false, "Join Type": "Inner", "Startup Cost": 20000955304.91, "Total Cost": 20000960730.92, "Plan Rows": 3, "Plan Width": 37, "Inner Unique": true, "Plans": [{"Node Type": "Nested Loop", "Parent Relationship": "Outer", "Parallel Aware": false, "Async Capable": false, "Join Type": "Inner", "Startup Cost": 20000955304.48, "Total Cost": 20000960688.86, "Plan Rows": 7, "Plan Width": 25, "Inner Unique": true, "Plans": [{"Node Type": "Merge Join", "Parent Relationship": "Outer", "Parallel Aware": false, "Async Capable": false, "Join Type": "Inner", "Startup Cost": 20000955304.05, "Total Cost": 20000960036.99, "Plan Rows": 1256, "Plan Width": 16, "Inner Unique": false, "Merge Cond": "(ci.movie_id = mc.movie_id)", "Plans": [{"Node Type": "Sort", "Parent Relationship": "Outer", "Parallel Aware": false, "Async Capable": false, "Startup Cost": 10000796373.57, "Total Cost": 10000796377.02, "Plan Rows": 1381, "Plan Width": 8, "Sort Key": ["ci.movie_id"], "Plans": [{"Node Type": "Hash Join", "Parent Relationship": "Outer", "Parallel Aware": false, "Async Capable": false, "Join Type": "Inner", "Startup Cost": 10000000012.36, "Total Cost": 10000796301.54, "Plan Rows": 1381, "Plan Width": 8, "Inner Unique": true, "Hash Cond": "(ci.role_id = rt.id)", "Plans": [{"Node Type": "Seq Scan", "Parent Relationship": "Outer", "Parallel Aware": false, "Async Capable": false, "Relation Name": "cast_info", "Alias": "ci", "Startup Cost": 10000000000.0, "Total Cost": 10000796230.3, "Plan Rows": 16577, "Plan Width": 12, "Filter": "(((note)::text ~~ '%(voice)%'::text) AND ((note)::text ~~ '%(voice)%'::text))"}, {"Node Type": "Hash", "Parent Relationship": "Inner", "Parallel Aware": false, "Async Capable": false, "Startup Cost": 12.35, "Total Cost": 12.35, "Plan Rows": 1, "Plan Width": 4, "Plans": [{"Node Type": "Index Scan", "Parent Relationship": "Outer", "Parallel Aware": false, "Async Capable": false, "Scan Direction": "Forward", "Index Name": "role_type_pkey", "Relation Name": "role_type", "Alias": "rt", "Startup Cost": 0.14, "Total Cost": 12.35, "Plan Rows": 1, "Plan Width": 4, "Filter": "((role)::text = 'actress'::text)"}]}]}]}, {"Node Type": "Sort", "Parent Relationship": "Inner", "Parallel Aware": false, "Async Capable": false, "Startup Cost": 10000158930.49, "Total Cost": 10000161287.23, "Plan Rows": 942696, "Plan Width": 8, "Sort Key": ["mc.movie_id"], "Plans": [{"Node Type": "Hash Join", "Parent Relationship": "Outer", "Parallel Aware": false, "Async Capable": false, "Join Type": "Inner", "Startup Cost": 10000013620.35, "Total Cost": 10000065384.72, "Plan Rows": 942696, "Plan Width": 8, "Inner Unique": true, "Hash Cond": "(mc.company_id = cn.id)", "Plans": [{"Node Type": "Seq Scan", "Parent Relationship": "Outer", "Parallel Aware": false, "Async Capable": false, "Relation Name": "movie_companies", "Alias": "mc", "Startup Cost": 10000000000.0, "Total Cost": 10000044915.29, "Plan Rows": 2609129, "Plan Width": 12}, {"Node Type": "Hash", "Parent Relationship": "Inner", "Parallel Aware": false, "Async Capable": false, "Startup Cost": 12559.02, "Total Cost": 12559.02, "Plan Rows": 84906, "Plan Width": 4, "Plans": [{"Node Type": "Index Scan", "Parent Relationship": "Outer", "Parallel Aware": false, "Async Capable": false, "Scan Direction": "Forward", "Index Name": "company_name_pkey", "Relation Name": "company_name", "Alias": "cn", "Startup Cost": 0.42, "Total Cost": 12559.02, "Plan Rows": 84906, "Plan Width": 4, "Filter": "((country_code)::text = '[us]'::text)"}]}]}]}]}, {"Node Type": "Index Scan", "Parent Relationship": "Inner", "Parallel Aware": false, "Async Capable": false, "Scan Direction": "Forward", "Index Name": "title_pkey", "Relation Name": "title", "Alias": "t", "Startup Cost": 0.43, "Total Cost": 0.52, "Plan Rows": 1, "Plan Width": 21, "Index Cond": "(id = mc.movie_id)", "Filter": "(production_year = 1971)"}]}, {"Node Type": "Index Scan", "Parent Relationship": "Inner", "Parallel Aware": false, "Async Capable": false, "Scan Direction": "Forward", "Index Name": "char_name_pkey", "Relation Name": "char_name", "Alias": "chn", "Startup Cost": 0.43, "Total Cost": 6.01, "Plan Rows": 1, "Plan Width": 20, "Index Cond": "(id = ci.person_role_id)"}]}, {"Node Type": "Index Scan", "Parent Relationship": "Inner", "Parallel Aware": false, "Async Capable": false, "Scan Direction": "Forward", "Index Name": "company_type_pkey", "Relation Name": "company_type", "Alias": "ct", "Startup Cost": 0.13, "Total Cost": 0.15, "Plan Rows": 1, "Plan Width": 4, "Index Cond": "(id = mc.company_type_id)"}]}]}}, {"Plan": {"Node Type": "Aggregate", "Strategy": "Plain", "Partial Mode": "Simple", "Parallel Aware": false, "Async Capable": false, "Startup Cost": 376051.02, "Total Cost": 376051.03, "Plan Rows": 1, "Plan Width": 64, "Plans": [{"Node Type": "Gather", "Parent Relationship": "Outer", "Parallel Aware": false, "Async Capable": false, "Startup Cost": 345653.0, "Total Cost": 376051.01, "Plan Rows": 3, "Plan Width": 33, "Workers Planned": 3, "Single Copy": false, "Plans": [{"Node Type": "Nested Loop", "Parent Relationship": "Outer", "Parallel Aware": false, "Async Capable": false, "Join Type": "Inner", "Startup Cost": 344653.0, "Total Cost": 375050.71, "Plan Rows": 1, "Plan Width": 33, "Inner Unique": true, "Plans": [{"Node Type": "Nested Loop", "Parent Relationship": "Outer", "Parallel Aware": false, "Async Capable": false, "Join Type": "Inner", "Startup Cost": 344652.87, "Total Cost": 375050.55, "Plan Rows": 1, "Plan Width": 37, "Inner Unique": true, "Plans": [{"Node Type": "Hash Join", "Parent Relationship": "Outer", "Parallel Aware": true, "Async Capable": false, "Join Type": "Inner", "Startup Cost": 344652.45, "Total Cost": 375049.21, "Plan Rows": 3, "Plan Width": 41, "Inner Unique": false, "Hash Cond": "(mc.movie_id = t.id)", "Plans": [{"Node Type": "Seq Scan", "Parent Relationship": "Outer", "Parallel Aware": true, "Async Capable": false, "Relation Name": "movie_companies", "Alias": "mc", "Startup Cost": 0.0, "Total Cost": 27240.55, "Plan Rows": 841655, "Plan Width": 12}, {"Node Type": "Hash", "Parent Relationship": "Inner", "Parallel Aware": true, "Async Capable": false, "Startup Cost": 344652.44, "Total Cost": 344652.44, "Plan Rows": 1, "Plan Width": 41, "Plans": [{"Node Type": "Nested Loop", "Parent Relationship": "Outer", "Parallel Aware": false, "Async Capable": false, "Join Type": "Inner", "Startup Cost": 2.02, "Total Cost": 344652.44, "Plan Rows": 1, "Plan Width": 41, "Inner Unique": true, "Plans": [{"Node Type": "Nested Loop", "Parent Relationship": "Outer", "Parallel Aware": false, "Async Capable": false, "Join Type": "Inner", "Startup Cost": 1.59, "Total Cost": 344646.43, "Plan Rows": 1, "Plan Width": 29, "Inner Unique": true, "Plans": [{"Node Type": "Hash Join", "Parent Relationship": "Outer", "Parallel Aware": false, "Async Capable": false, "Join Type": "Inner", "Startup Cost": 1.16, "Total Cost": 343316.02, "Plan Rows": 230, "Plan Width": 8, "Inner Unique": true, "Hash Cond": "(ci.role_id = rt.id)", "Plans": [{"Node Type": "Seq Scan", "Parent Relationship": "Outer", "Parallel Aware": true, "Async Capable": false, "Relation Name": "cast_info", "Alias": "ci", "Startup Cost": 0.0, "Total Cost": 343305.05, "Plan Rows": 2763, "Plan Width": 12, "Filter": "(((note)::text ~~ '%(voice)%'::text) AND ((note)::text ~~ '%(voice)%'::text))"}, {"Node Type": "Hash", "Parent Relationship": "Inner", "Parallel Aware": false, "Async Capable": false, "Startup Cost": 1.15, "Total Cost": 1.15, "Plan Rows": 1, "Plan Width": 4, "Plans": [{"Node Type": "Seq Scan", "Parent Relationship": "Outer", "Parallel Aware": false, "Async Capable": false, "Relation Name": "role_type", "Alias": "rt", "Startup Cost": 0.0, "Total Cost": 1.15, "Plan Rows": 1, "Plan Width": 4, "Filter": "((role)::text = 'actress'::text)"}]}]}, {"Node Type": "Index Scan", "Parent Relationship": "Inner", "Parallel Aware": false, "Async Capable": false, "Scan Direction": "Forward", "Index Name": "title_pkey", "Relation Name": "title", "Alias": "t", "Startup Cost": 0.43, "Total Cost": 5.78, "Plan Rows": 1, "Plan Width": 21, "Index Cond": "(id = ci.movie_id)", "Filter": "(production_year = 1971)"}]}, {"Node Type": "Index Scan", "Parent Relationship": "Inner", "Parallel Aware": false, "Async Capable": false, "Scan Direction": "Forward", "Index Name": "char_name_pkey", "Relation Name": "char_name", "Alias": "chn", "Startup Cost": 0.43, "Total Cost": 6.01, "Plan Rows": 1, "Plan Width": 20, "Index Cond": "(id = ci.person_role_id)"}]}]}]}, {"Node Type": "Index Scan", "Parent Relationship": "Inner", "Parallel Aware": false, "Async Capable": false, "Scan Direction": "Forward", "Index Name": "company_name_pkey", "Relation Name": "company_name", "Alias": "cn", "Startup Cost": 0.42, "Total Cost": 0.45, "Plan Rows": 1, "Plan Width": 4, "Index Cond": "(id = mc.company_id)", "Filter": "((country_code)::text = '[us]'::text)"}]}, {"Node Type": "Index Scan", "Parent Relationship": "Inner", "Parallel Aware": false, "Async Capable": false, "Scan Direction": "Forward", "Index Name": "company_type_pkey", "Relation Name": "company_type", "Alias": "ct", "Startup Cost": 0.13, "Total Cost": 0.15, "Plan Rows": 1, "Plan Width": 4, "Index Cond": "(id = mc.company_type_id)"}]}]}]}}, {"Plan": {"Node Type": "Aggregate", "Strategy": "Plain", "Partial Mode": "Simple", "Parallel Aware": false, "Async Capable": false, "Startup Cost": 20000874278.74, "Total Cost": 20000874278.75, "Plan Rows": 1, "Plan Width": 64, "Plans": [{"Node Type": "Nested Loop", "Parent Relationship": "Outer", "Parallel Aware": false, "Async Capable": false, "Join Type": "Inner", "Startup Cost": 20000077181.77, "Total Cost": 20000874278.72, "Plan Rows": 3, "Plan Width": 33, "Inner Unique": true, "Plans": [{"Node Type": "Nested Loop", "Parent Relationship": "Outer", "Parallel Aware": false, "Async Capable": false, "Join Type": "Inner", "Startup Cost": 20000077181.64, "Total Cost": 20000874278.29, "Plan Rows": 3, "Plan Width": 37, "Inner Unique": true, "Plans": [{"Node Type": "Nested Loop", "Parent Relationship": "Outer", "Parallel Aware": false, "Async Capable": false, "Join Type": "Inner", "Startup Cost": 20000077181.21, "Total Cost": 20000874236.23, "Plan Rows": 7, "Plan Width": 25, "Inner Unique": true, "Plans": [{"Node Type": "Hash Join", "Parent Relationship": "Outer", "Parallel Aware": false, "Async Capable": false, "Join Type": "Inner", "Startup Cost": 20000077180.78, "Total Cost": 20000873584.36, "Plan Rows": 1256, "Plan Width": 16, "Inner Unique": false, "Hash Cond": "(ci.movie_id = mc.movie_id)", "Plans": [{"Node Type": "Hash Join", "Parent Relationship": "Outer", "Parallel Aware": false, "Async Capable": false, "Join Type": "Inner", "Startup Cost": 10000000012.36, "Total Cost": 10000796301.54, "Plan Rows": 1381, "Plan Width": 8, "Inner Unique": true, "Hash Cond": "(ci.role_id = rt.id)", "Plans": [{"Node Type": "Seq Scan", "Parent Relationship": "Outer", "Parallel Aware": false, "Async Capable": false, "Relation Name": "cast_info", "Alias": "ci", "Startup Cost": 10000000000.0, "Total Cost": 10000796230.3, "Plan Rows": 16577, "Plan Width": 12, "Filter": "(((note)::text ~~ '%(voice)%'::text) AND ((note)::text ~~ '%(voice)%'::text))"}, {"Node Type": "Hash", "Parent Relationship": "Inner", "Parallel Aware": false, "Async Capable": false, "Startup Cost": 12.35, "Total Cost": 12.35, "Plan Rows": 1, "Plan Width": 4, "Plans": [{"Node Type": "Index Scan", "Parent Relationship": "Outer", "Parallel Aware": false, "Async Capable": false, "Scan Direction": "Forward", "Index Name": "role_type_pkey", "Relation Name": "role_type", "Alias": "rt", "Startup Cost": 0.14, "Total Cost": 12.35, "Plan Rows": 1, "Plan Width": 4, "Filter": "((role)::text = 'actress'::text)"}]}]}, {"Node Type": "Hash", "Parent Relationship": "Inner", "Parallel Aware": false, "Async Capable": false, "Startup Cost": 10000065384.72, "Total Cost": 10000065384.72, "Plan Rows": 942696, "Plan Width": 8, "Plans": [{"Node Type": "Hash Join", "Parent Relationship": "Outer", "Parallel Aware": false, "Async Capable": false, "Join Type": "Inner", "Startup Cost": 10000013620.35, "Total Cost": 10000065384.72, "Plan Rows": 942696, "Plan Width": 8, "Inner Unique": true, "Hash Cond": "(mc.company_id = cn.id)", "Plans": [{"Node Type": "Seq Scan", "Parent Relationship": "Outer", "Parallel Aware": false, "Async Capable": false, "Relation Name": "movie_companies", "Alias": "mc", "Startup Cost": 10000000000.0, "Total Cost": 10000044915.29, "Plan Rows": 2609129, "Plan Width": 12}, {"Node Type": "Hash", "Parent Relationship": "Inner", "Parallel Aware": false, "Async Capable": false, "Startup Cost": 12559.02, "Total Cost": 12559.02, "Plan Rows": 84906, "Plan Width": 4, "Plans": [{"Node Type": "Index Scan", "Parent Relationship": "Outer", "Parallel Aware": false, "Async Capable": false, "Scan Direction": "Forward", "Index Name": "company_name_pkey", "Relation Name": "company_name", "Alias": "cn", "Startup Cost": 0.42, "Total Cost": 12559.02, "Plan Rows": 84906, "Plan Width": 4, "Filter": "((country_code)::text = '[us]'::text)"}]}]}]}]}, {"Node Type": "Index Scan", "Parent Relationship": "Inner", "Parallel Aware": false, "Async Capable": false, "Scan Direction": "Forward", "Index Name": "title_pkey", "Relation Name": "title", "Alias": "t", "Startup Cost": 0.43, "Total Cost": 0.52, "Plan Rows": 1, "Plan Width": 21, "Index Cond": "(id = mc.movie_id)", "Filter": "(production_year = 1971)"}]}, {"Node Type": "Index Scan", "Parent Relationship": "Inner", "Parallel Aware": false, "Async Capable": false, "Scan Direction": "Forward", "Index Name": "char_name_pkey", "Relation Name": "char_name", "Alias": "chn", "Startup Cost": 0.43, "Total Cost": 6.01, "Plan Rows": 1, "Plan Width": 20, "Index Cond": "(id = ci.person_role_id)"}]}, {"Node Type": "Index Scan", "Parent Relationship": "Inner", "Parallel Aware": false, "Async Capable": false, "Scan Direction": "Forward", "Index Name": "company_type_pkey", "Relation Name": "company_type", "Alias": "ct", "Startup Cost": 0.13, "Total Cost": 0.15, "Plan Rows": 1, "Plan Width": 4, "Index Cond": "(id = mc.company_type_id)"}]}]}}, {"Plan": {"Node Type": "Aggregate", "Strategy": "Plain", "Partial Mode": "Simple", "Parallel Aware": false, "Async Capable": false, "Startup Cost": 20001399495.01, "Total Cost": 20001399495.02, "Plan Rows": 1, "Plan Width": 64, "Plans": [{"Node Type": "Merge Join", "Parent Relationship": "Outer", "Parallel Aware": false, "Async Capable": false, "Join Type": "Inner", "Startup Cost": 20001262928.52, "Total Cost": 20001399495.0, "Plan Rows": 3, "Plan Width": 33, "Inner Unique": true, "Merge Cond": "(ci.person_role_id = chn.id)", "Plans": [{"Node Type": "Sort", "Parent Relationship": "Outer", "Parallel Aware": false, "Async Capable": false, "Startup Cost": 20001262928.09, "Total Cost": 20001262928.11, "Plan Rows": 7, "Plan Width": 21, "Sort Key": ["ci.person_role_id"], "Plans": [{"Node Type": "Merge Join", "Parent Relationship": "Outer", "Parallel Aware": false, "Async Capable": false, "Join Type": "Inner", "Startup Cost": 20001250156.96, "Total Cost": 20001262927.99, "Plan Rows": 7, "Plan Width": 21, "Inner Unique": true, "Merge Cond": "(mc.company_id = cn.id)", "Plans": [{"Node Type": "Sort", "Parent Relationship": "Outer", "Parallel Aware": false, "Async Capable": false, "Startup Cost": 20001250156.54, "Total Cost": 20001250156.59, "Plan Rows": 20, "Plan Width": 25, "Sort Key": ["mc.company_id"], "Plans": [{"Node Type": "Merge Join", "Parent Relationship": "Outer", "Parallel Aware": false, "Async Capable": false, "Join Type": "Inner", "Startup Cost": 20001250143.73, "Total Cost": 20001250156.1, "Plan Rows": 20, "Plan Width": 25, "Inner Unique": true, "Merge Cond": "(mc.company_type_id = ct.id)", "Plans": [{"Node Type": "Sort", "Parent Relationship": "Outer", "Parallel Aware": false, "Async Capable": false, "Startup Cost": 20001250143.6, "Total Cost": 20001250143.65, "Plan Rows": 20, "Plan Width": 29, "Sort Key": ["mc.company_type_id"], "Plans": [{"Node Type": "Merge Join", "Parent Relationship": "Outer", "Parallel Aware": false, "Async Capable": false, "Join Type": "Inner", "Startup Cost": 20001250129.57, "Total Cost": 20001250143.17, "Plan Rows": 20, "Plan Width": 29, "Inner Unique": true, "Merge Cond": "(ci.role_id = rt.id)", "Plans": [{"Node Type": "Sort", "Parent Relationship": "Outer", "Parallel Aware": false, "Async Capable": false, "Startup Cost": 20001250129.43, "Total Cost": 20001250130.03, "Plan Rows": 238, "Plan Width": 33, "Sort Key": ["ci.role_id"], "Plans": [{"Node Type": "Merge Join", "Parent Relationship": "Outer", "Parallel Aware": false, "Async Capable": false, "Join Type": "Inner", "Startup Cost": 20001120377.78, "Total Cost": 20001250120.04, "Plan Rows": 238, "Plan Width": 33, "Inner Unique": false, "Merge Cond": "(t.id = mc.movie_id)", "Plans": [{"Node Type": "Merge Join", "Parent Relationship": "Outer", "Parallel Aware": false, "Async Capable": false, "Join Type": "Inner", "Startup Cost": 10000797392.52, "Total Cost": 10000914088.18, "Plan Rows": 95, "Plan Width": 33, "Inner Unique": false, "Merge Cond": "(t.id = ci.movie_id)", "Plans": [{"Node Type": "Index Scan", "Parent Relationship": "Outer", "Parallel Aware": false, "Async Capable": false, "Scan Direction": "Forward", "Index Name": "title_pkey", "Relation Name": "title", "Alias": "t", "Startup Cost": 0.43, "Total Cost": 116689.45, "Plan Rows": 14428, "Plan Width": 21, "Filter": "(production_year = 1971)"}, {"Node Type": "Sort", "Parent Relationship": "Inner", "Parallel Aware": false, "Async Capable": false, "Startup Cost": 10000797392.09, "Total Cost": 10000797433.53, "Plan Rows": 16577, "Plan Width": 12, "Sort Key": ["ci.movie_id"], "Plans": [{"Node Type": "Seq Scan", "Parent Relationship": "Outer", "Parallel Aware": false, "Async Capable": false, "Relation Name": "cast_info", "Alias": "ci", "Startup Cost": 10000000000.0, "Total Cost": 10000796230.3, "Plan Rows": 16577, "Plan Width": 12, "Filter": "(((note)::text ~~ '%(voice)%'::text) AND ((note)::text ~~ '%(voice)%'::text))"}]}]}, {"Node Type": "Sort", "Parent Relationship": "Inner", "Parallel Aware": false, "Async Capable": false, "Startup Cost": 10000322985.0, "Total Cost": 10000329507.82, "Plan Rows": 2609129, "Plan Width": 12, "Sort Key": ["mc.movie_id"], "Plans": [{"Node Type": "Seq Scan", "Parent Relationship": "Outer", "Parallel Aware": false, "Async Capable": false, "Relation Name": "movie_companies", "Alias": "mc", "Startup Cost": 10000000000.0, "Total Cost": 10000044915.29, "Plan Rows": 2609129, "Plan Width": 12}]}]}]}, {"Node Type": "Index Scan", "Parent Relationship": "Inner", "Parallel Aware": false, "Async Capable": false, "Scan Direction": "Forward", "Index Name": "role_type_pkey", "Relation Name": "role_type", "Alias": "rt", "Startup Cost": 0.14, "Total Cost": 12.35, "Plan Rows": 1, "Plan Width": 4, "Filter": "((role)::text = 'actress'::text)"}]}]}, {"Node Type": "Index Only Scan", "Parent Relationship": "Inner", "Parallel Aware": false, "Async Capable": false, "Scan Direction": "Forward", "Index Name": "company_type_pkey", "Relation Name": "company_type", "Alias": "ct", "Startup Cost": 0.13, "Total Cost": 12.19, "Plan Rows": 4, "Plan Width": 4}]}]}, {"Node Type": "Index Scan", "Parent Relationship": "Inner", "Parallel Aware": false, "Async Capable": false, "Scan Direction": "Forward", "Index Name": "company_name_pkey", "Relation Name": "company_name", "Alias": "cn", "Startup Cost": 0.42, "Total Cost": 12559.02, "Plan Rows": 84906, "Plan Width": 4, "Filter": "((country_code)::text = '[us]'::text)"}]}]}, {"Node Type": "Index Scan", "Parent Relationship": "Inner", "Parallel Aware": false, "Async Capable": false, "Scan Direction": "Forward", "Index Name": "char_name_pkey", "Relation Name": "char_name", "Alias": "chn", "Startup Cost": 0.43, "Total Cost": 128716.01, "Plan Rows": 3140339, "Plan Width": 20}]}]}}, {"Plan": {"Node Type": "Aggregate", "Strategy": "Plain", "Partial Mode": "Simple", "Parallel Aware": false, "Async Capable": false, "Startup Cost": 20001028144.18, "Total Cost": 20001028144.19, "Plan Rows": 1, "Plan Width": 64, "Plans": [{"Node Type": "Nested Loop", "Parent Relationship": "Outer", "Parallel Aware": false, "Async Capable": false, "Join Type": "Inner", "Startup Cost": 20001022717.85, "Total Cost": 20001028144.16, "Plan Rows": 3, "Plan Width": 33, "Inner Unique": true, "Plans": [{"Node Type": "Nested Loop", "Parent Relationship": "Outer", "Parallel Aware": false, "Async Capable": false, "Join Type": "Inner", "Startup Cost": 20001022717.72, "Total Cost": 20001028143.73, "Plan Rows": 3, "Plan Width": 37, "Inner Unique": true, "Plans": [{"Node Type": "Nested Loop", "Parent Relationship": "Outer", "Parallel Aware": false, "Async Capable": false, "Join Type": "Inner", "Startup Cost": 20001022717.29, "Total Cost": 20001028101.67, "Plan Rows": 7, "Plan Width": 25, "Inner Unique": true, "Plans": [{"Node Type": "Merge Join", "Parent Relationship": "Outer", "Parallel Aware": false, "Async Capable": false, "Join Type": "Inner", "Startup Cost": 20001022716.86, "Total Cost": 20001027449.8, "Plan Rows": 1256, "Plan Width": 16, "Inner Unique": false, "Merge Cond": "(ci.movie_id = mc.movie_id)", "Plans": [{"Node Type": "Sort", "Parent Relationship": "Outer", "Parallel Aware": false, "Async Capable": false, "Startup Cost": 10000796521.89, "Total Cost": 10000796525.34, "Plan Rows": 1381, "Plan Width": 8, "Sort Key": ["ci.movie_id"], "Plans": [{"Node Type": "Nested Loop", "Parent Relationship": "Outer", "Parallel Aware": false, "Async Capable": false, "Join Type": "Inner", "Startup Cost": 10000000000.14, "Total Cost": 10000796449.86, "Plan Rows": 1381, "Plan Width": 8, "Inner Unique": false, "Join Filter": "(rt.id = ci.role_id)", "Plans": [{"Node Type": "Index Scan", "Parent Relationship": "Outer", "Parallel Aware": false, "Async Capable": false, "Scan Direction": "Forward", "Index Name": "role_type_pkey", "Relation Name": "role_type", "Alias": "rt", "Startup Cost": 0.14, "Total Cost": 12.35, "Plan Rows": 1, "Plan Width": 4, "Filter": "((role)::text = 'actress'::text)"}, {"Node Type": "Seq Scan", "Parent Relationship": "Inner", "Parallel Aware": false, "Async Capable": false, "Relation Name": "cast_info", "Alias": "ci", "Startup Cost": 10000000000.0, "Total Cost": 10000796230.3, "Plan Rows": 16577, "Plan Width": 12, "Filter": "(((note)::text ~~ '%(voice)%'::text) AND ((note)::text ~~ '%(voice)%'::text))"}]}]}, {"Node Type": "Sort", "Parent Relationship": "Inner", "Parallel Aware": false, "Async Capable": false, "Startup Cost": 10000226194.98, "Total Cost": 10000228551.72, "Plan Rows": 942696, "Plan Width": 8, "Sort Key": ["mc.movie_id"], "Plans": [{"Node Type": "Nested Loop", "Parent Relationship": "Outer", "Parallel Aware": false, "Async Capable": false, "Join Type": "Inner", "Startup Cost": 10000000000.43, "Total Cost": 10000132649.21, "Plan Rows": 942696, "Plan Width": 8, "Inner Unique": true, "Plans": [{"Node Type": "Seq Scan", "Parent Relationship": "Outer", "Parallel Aware": false, "Async Capable": false, "Relation Name": "movie_companies", "Alias": "mc", "Startup Cost": 10000000000.0, "Total Cost": 10000044915.29, "Plan Rows": 2609129, "Plan Width": 12}, {"Node Type": "Memoize", "Parent Relationship": "Inner", "Parallel Aware": false, "Async Capable": false, "Startup Cost": 0.43, "Total Cost": 0.46, "Plan Rows": 1, "Plan Width": 4, "Cache Key": "mc.company_id", "Cache Mode": "logical", "Plans": [{"Node Type": "Index Scan", "Parent Relationship": "Outer", "Parallel Aware": false, "Async Capable": false, "Scan Direction": "Forward", "Index Name": "company_name_pkey", "Relation Name": "company_name", "Alias": "cn", "Startup Cost": 0.42, "Total Cost": 0.45, "Plan Rows": 1, "Plan Width": 4, "Index Cond": "(id = mc.company_id)", "Filter": "((country_code)::text = '[us]'::text)"}]}]}]}]}, {"Node Type": "Index Scan", "Parent Relationship": "Inner", "Parallel Aware": false, "Async Capable": false, "Scan Direction": "Forward", "Index Name": "title_pkey", "Relation Name": "title", "Alias": "t", "Startup Cost": 0.43, "Total Cost": 0.52, "Plan Rows": 1, "Plan Width": 21, "Index Cond": "(id = mc.movie_id)", "Filter": "(production_year = 1971)"}]}, {"Node Type": "Index Scan", "Parent Relationship": "Inner", "Parallel Aware": false, "Async Capable": false, "Scan Direction": "Forward", "Index Name": "char_name_pkey", "Relation Name": "char_name", "Alias": "chn", "Startup Cost": 0.43, "Total Cost": 6.01, "Plan Rows": 1, "Plan Width": 20, "Index Cond": "(id = ci.person_role_id)"}]}, {"Node Type": "Index Only Scan", "Parent Relationship": "Inner", "Parallel Aware": false, "Async Capable": false, "Scan Direction": "Forward", "Index Name": "company_type_pkey", "Relation Name": "company_type", "Alias": "ct", "Startup Cost": 0.13, "Total Cost": 0.15, "Plan Rows": 1, "Plan Width": 4, "Index Cond": "(id = mc.company_type_id)"}]}]}}, {"Plan": {"Node Type": "Aggregate", "Strategy": "Plain", "Partial Mode": "Simple", "Parallel Aware": false, "Async Capable": false, "Startup Cost": 423243.17, "Total Cost": 423243.18, "Plan Rows": 1, "Plan Width": 64, "Plans": [{"Node Type": "Gather", "Parent Relationship": "Outer", "Parallel Aware": false, "Async Capable": false, "Startup Cost": 1001.55, "Total Cost": 423243.15, "Plan Rows": 3, "Plan Width": 33, "Workers Planned": 6, "Single Copy": false, "Plans": [{"Node Type": "Nested Loop", "Parent Relationship": "Outer", "Parallel Aware": false, "Async Capable": false, "Join Type": "Inner", "Startup Cost": 1.55, "Total Cost": 422242.85, "Plan Rows": 1, "Plan Width": 33, "Inner Unique": true, "Plans": [{"Node Type": "Nested Loop", "Parent Relationship": "Outer", "Parallel Aware": false, "Async Capable": false, "Join Type": "Inner", "Startup Cost": 1.42, "Total Cost": 422242.7, "Plan Rows": 1, "Plan Width": 37, "Inner Unique": true, "Plans": [{"Node Type": "Nested Loop", "Parent Relationship": "Outer", "Parallel Aware": false, "Async Capable": false, "Join Type": "Inner", "Startup Cost": 1.0, "Total Cost": 422241.81, "Plan Rows": 2, "Plan Width": 41, "Inner Unique": false, "Join Filter": "(t.id = mc.movie_id)", "Plans": [{"Node Type": "Nested Loop", "Parent Relationship": "Outer", "Parallel Aware": false, "Async Capable": false, "Join Type": "Inner", "Startup Cost": 1.0, "Total Cost": 344712.4, "Plan Rows": 1, "Plan Width": 41, "Inner Unique": true, "Plans": [{"Node Type": "Nested Loop", "Parent Relationship": "Outer", "Parallel Aware": false, "Async Capable": false, "Join Type": "Inner", "Startup Cost": 0.57, "Total Cost": 344706.4, "Plan Rows": 1, "Plan Width": 29, "Inner Unique": true, "Plans": [{"Node Type": "Nested Loop", "Parent Relationship": "Outer", "Parallel Aware": false, "Async Capable": false, "Join Type": "Inner", "Startup Cost": 0.15, "Total Cost": 343375.99, "Plan Rows": 230, "Plan Width": 8, "Inner Unique": true, "Plans": [{"Node Type": "Seq Scan", "Parent Relationship": "Outer", "Parallel Aware": true, "Async Capable": false, "Relation Name": "cast_info", "Alias": "ci", "Startup Cost": 0.0, "Total Cost": 343305.05, "Plan Rows": 2763, "Plan Width": 12, "Filter": "(((note)::text ~~ '%(voice)%'::text) AND ((note)::text ~~ '%(voice)%'::text))"}, {"Node Type": "Memoize", "Parent Relationship": "Inner", "Parallel Aware": false, "Async Capable": false, "Startup Cost": 0.15, "Total Cost": 0.17, "Plan Rows": 1, "Plan Width": 4, "Cache Key": "ci.role_id", "Cache Mode": "logical", "Plans": [{"Node Type": "Index Scan", "Parent Relationship": "Outer", "Parallel Aware": false, "Async Capable": false, "Scan Direction": "Forward", "Index Name": "role_type_pkey", "Relation Name": "role_type", "Alias": "rt", "Startup Cost": 0.14, "Total Cost": 0.16, "Plan Rows": 1, "Plan Width": 4, "Index Cond": "(id = ci.role_id)", "Filter": "((role)::text = 'actress'::text)"}]}]}, {"Node Type": "Index Scan", "Parent Relationship": "Inner", "Parallel Aware": false, "Async Capable": false, "Scan Direction": "Forward", "Index Name": "title_pkey", "Relation Name": "title", "Alias": "t", "Startup Cost": 0.43, "Total Cost": 5.78, "Plan Rows": 1, "Plan Width": 21, "Index Cond": "(id = ci.movie_id)", "Filter": "(production_year = 1971)"}]}, {"Node Type": "Index Scan", "Parent Relationship": "Inner", "Parallel Aware": false, "Async Capable": false, "Scan Direction": "Forward", "Index Name": "char_name_pkey", "Relation Name": "char_name", "Alias": "chn", "Startup Cost": 0.43, "Total Cost": 6.01, "Plan Rows": 1, "Plan Width": 20, "Index Cond": "(id = ci.person_role_id)"}]}, {"Node Type": "Seq Scan", "Parent Relationship": "Inner", "Parallel Aware": false, "Async Capable": false, "Relation Name": "movie_companies", "Alias": "mc", "Startup Cost": 0.0, "Total Cost": 44915.29, "Plan Rows": 2609129, "Plan Width": 12}]}, {"Node Type": "Index Scan", "Parent Relationship": "Inner", "Parallel Aware": false, "Async Capable": false, "Scan Direction": "Forward", "Index Name": "company_name_pkey", "Relation Name": "company_name", "Alias": "cn", "Startup Cost": 0.42, "Total Cost": 0.45, "Plan Rows": 1, "Plan Width": 4, "Index Cond": "(id = mc.company_id)", "Filter": "((country_code)::text = '[us]'::text)"}]}, {"Node Type": "Index Only Scan", "Parent Relationship": "Inner", "Parallel Aware": false, "Async Capable": false, "Scan Direction": "Forward", "Index Name": "company_type_pkey", "Relation Name": "company_type", "Alias": "ct", "Startup Cost": 0.13, "Total Cost": 0.15, "Plan Rows": 1, "Plan Width": 4, "Index Cond": "(id = mc.company_type_id)"}]}]}]}}, {"Plan": {"Node Type": "Aggregate", "Strategy": "Plain", "Partial Mode": "Simple", "Parallel Aware": false, "Async Capable": false, "Startup Cost": 679827.56, "Total Cost": 679827.57, "Plan Rows": 1, "Plan Width": 64, "Plans": [{"Node Type": "Merge Join", "Parent Relationship": "Outer", "Parallel Aware": false, "Async Capable": false, "Join Type": "Inner", "Startup Cost": 543261.07, "Total Cost": 679827.55, "Plan Rows": 3, "Plan Width": 33, "Inner Unique": false, "Merge Cond": "(chn.id = ci.person_role_id)", "Plans": [{"Node Type": "Index Scan", "Parent Relationship": "Outer", "Parallel Aware": false, "Async Capable": false, "Scan Direction": "Forward", "Index Name": "char_name_pkey", "Relation Name": "char_name", "Alias": "chn", "Startup Cost": 0.43, "Total Cost": 128716.01, "Plan Rows": 3140339, "Plan Width": 20}, {"Node Type": "Sort", "Parent Relationship": "Inner", "Parallel Aware": false, "Async Capable": false, "Startup Cost": 543260.64, "Total Cost": 543260.66, "Plan Rows": 7, "Plan Width": 21, "Sort Key": ["ci.person_role_id"], "Plans": [{"Node Type": "Merge Join", "Parent Relationship": "Outer", "Parallel Aware": false, "Async Capable": false, "Join Type": "Inner", "Startup Cost": 530489.51, "Total Cost": 543260.54, "Plan Rows": 7, "Plan Width": 21, "Inner Unique": false, "Merge Cond": "(cn.id = mc.company_id)", "Plans": [{"Node Type": "Index Scan", "Parent Relationship": "Outer", "Parallel Aware": false, "Async Capable": false, "Scan Direction": "Forward", "Index Name": "company_name_pkey", "Relation Name": "company_name", "Alias": "cn", "Startup Cost": 0.42, "Total Cost": 12559.02, "Plan Rows": 84906, "Plan Width": 4, "Filter": "((country_code)::text = '[us]'::text)"}, {"Node Type": "Sort", "Parent Relationship": "Inner", "Parallel Aware": false, "Async Capable": false, "Startup Cost": 530489.09, "Total Cost": 530489.14, "Plan Rows": 20, "Plan Width": 25, "Sort Key": ["mc.company_id"], "Plans": [{"Node Type": "Merge Join", "Parent Relationship": "Outer", "Parallel Aware": false, "Async Capable": false, "Join Type": "Inner", "Startup Cost": 530488.33, "Total Cost": 530488.65, "Plan Rows": 20, "Plan Width": 25, "Inner Unique": true, "Merge Cond": "(mc.company_type_id = ct.id)", "Plans": [{"Node Type": "Sort", "Parent Relationship": "Outer", "Parallel Aware": false, "Async Capable": false, "Startup Cost": 530487.25, "Total Cost": 530487.3, "Plan Rows": 20, "Plan Width": 29, "Sort Key": ["mc.company_type_id"], "Plans": [{"Node Type": "Merge Join", "Parent Relationship": "Outer", "Parallel Aware": false, "Async Capable": false, "Join Type": "Inner", "Startup Cost": 524370.62, "Total Cost": 530486.82, "Plan Rows": 20, "Plan Width": 29, "Inner Unique": false, "Merge Cond": "(t.id = ci.movie_id)", "Plans": [{"Node Type": "Gather Merge", "Parent Relationship": "Outer", "Parallel Aware": false, "Async Capable": false, "Startup Cost": 179680.23, "Total Cost": 185757.97, "Plan Rows": 14889, "Plan Width": 33, "Workers Planned": 3, "Plans": [{"Node Type": "Merge Join", "Parent Relationship": "Outer", "Parallel Aware": false, "Async Capable": false, "Join Type": "Inner", "Startup Cost": 178680.19, "Total Cost": 183008.47, "Plan Rows": 4803, "Plan Width": 33, "Inner Unique": true, "Merge Cond": "(mc.movie_id = t.id)", "Plans": [{"Node Type": "Sort", "Parent Relationship": "Outer", "Parallel Aware": false, "Async Capable": false, "Startup Cost": 110071.47, "Total Cost": 112175.61, "Plan Rows": 841655, "Plan Width": 12, "Sort Key": ["mc.movie_id"], "Plans": [{"Node Type": "Seq Scan", "Parent Relationship": "Outer", "Parallel Aware": true, "Async Capable": false, "Relation Name": "movie_companies", "Alias": "mc", "Startup Cost": 0.0, "Total Cost": 27240.55, "Plan Rows": 841655, "Plan Width": 12}]}, {"Node Type": "Sort", "Parent Relationship": "Inner", "Parallel Aware": false, "Async Capable": false, "Startup Cost": 68608.63, "Total Cost": 68644.7, "Plan Rows": 14428, "Plan Width": 21, "Sort Key": ["t.id"], "Plans": [{"Node Type": "Seq Scan", "Parent Relationship": "Outer", "Parallel Aware": false, "Async Capable": false, "Relation Name": "title", "Alias": "t", "Startup Cost": 0.0, "Total Cost": 67611.9, "Plan Rows": 14428, "Plan Width": 21, "Filter": "(production_year = 1971)"}]}]}]}, {"Node Type": "Sort", "Parent Relationship": "Inner", "Parallel Aware": false, "Async Capable": false, "Startup Cost": 344690.4, "Total Cost": 344693.85, "Plan Rows": 1381, "Plan Width": 8, "Sort Key": ["ci.movie_id"], "Plans": [{"Node Type": "Gather", "Parent Relationship": "Outer", "Parallel Aware": false, "Async Capable": false, "Startup Cost": 344464.14, "Total Cost": 344618.37, "Plan Rows": 1381, "Plan Width": 8, "Workers Planned": 6, "Single Copy": false, "Plans": [{"Node Type": "Merge Join", "Parent Relationship": "Outer", "Parallel Aware": false, "Async Capable": false, "Join Type": "Inner", "Startup Cost": 343464.14, "Total Cost": 343480.27, "Plan Rows": 230, "Plan Width": 8, "Inner Unique": true, "Merge Cond": "(ci.role_id = rt.id)", "Plans": [{"Node Type": "Sort", "Parent Relationship": "Outer", "Parallel Aware": false, "Async Capable": false, "Startup Cost": 343462.98, "Total Cost": 343469.89, "Plan Rows": 2763, "Plan Width": 12, "Sort Key": ["ci.role_id"], "Plans": [{"Node Type": "Seq Scan", "Parent Relationship": "Outer", "Parallel Aware": true, "Async Capable": false, "Relation Name": "cast_info", "Alias": "ci", "Startup Cost": 0.0, "Total Cost": 343305.05, "Plan Rows": 2763, "Plan Width": 12, "Filter": "(((note)::text ~~ '%(voice)%'::text) AND ((note)::text ~~ '%(voice)%'::text))"}]}, {"Node Type": "Sort", "Parent Relationship": "Inner", "Parallel Aware": false, "Async Capable": false, "Startup Cost": 1.16, "Total Cost": 1.16, "Plan Rows": 1, "Plan Width": 4, "Sort Key": ["rt.id"], "Plans": [{"Node Type": "Seq Scan", "Parent Relationship": "Outer", "Parallel Aware": false, "Async Capable": false, "Relation Name": "role_type", "Alias": "rt", "Startup Cost": 0.0, "Total Cost": 1.15, "Plan Rows": 1, "Plan Width": 4, "Filter": "((role)::text = 'actress'::text)"}]}]}]}]}]}]}, {"Node Type": "Sort", "Parent Relationship": "Inner", "Parallel Aware": false, "Async Capable": false, "Startup Cost": 1.08, "Total Cost": 1.09, "Plan Rows": 4, "Plan Width": 4, "Sort Key": ["ct.id"], "Plans": [{"Node Type": "Seq Scan", "Parent Relationship": "Outer", "Parallel Aware": false, "Async Capable": false, "Relation Name": "company_type", "Alias": "ct", "Startup Cost": 0.0, "Total Cost": 1.04, "Plan Rows": 4, "Plan Width": 4}]}]}]}]}]}]}]}}, {"Plan": {"Node Type": "Aggregate", "Strategy": "Plain", "Partial Mode": "Simple", "Parallel Aware": false, "Async Capable": false, "Startup Cost": 20001255002.22, "Total Cost": 20001255002.23, "Plan Rows": 1, "Plan Width": 64, "Plans": [{"Node Type": "Nested Loop", "Parent Relationship": "Outer", "Parallel Aware": false, "Async Capable": false, "Join Type": "Inner", "Startup Cost": 20000000001.56, "Total Cost": 20001255002.21, "Plan Rows": 3, "Plan Width": 33, "Inner Unique": true, "Plans": [{"Node Type": "Nested Loop", "Parent Relationship": "Outer", "Parallel Aware": false, "Async Capable": false, "Join Type": "Inner", "Startup Cost": 20000000001.43, "Total Cost": 20001255001.77, "Plan Rows": 3, "Plan Width": 37, "Inner Unique": false, "Join Filter": "(t.id = mc.movie_id)", "Plans": [{"Node Type": "Nested Loop", "Parent Relationship": "Outer", "Parallel Aware": false, "Async Capable": false, "Join Type": "Inner", "Startup Cost": 10000000000.43, "Total Cost": 10000132649.21, "Plan Rows": 942696, "Plan Width": 8, "Inner Unique": true, "Plans": [{"Node Type": "Seq Scan", "Parent Relationship": "Outer", "Parallel Aware": false, "Async Capable": false, "Relation Name": "movie_companies", "Alias": "mc", "Startup Cost": 10000000000.0, "Total Cost": 10000044915.29, "Plan Rows": 2609129, "Plan Width": 12}, {"Node Type": "Memoize", "Parent Relationship": "Inner", "Parallel Aware": false, "Async Capable": false, "Startup Cost": 0.43, "Total Cost": 0.46, "Plan Rows": 1, "Plan Width": 4, "Cache Key": "mc.company_id", "Cache Mode": "logical", "Plans": [{"Node Type": "Index Scan", "Parent Relationship": "Outer", "Parallel Aware": false, "Async Capable": false, "Scan Direction": "Forward", "Index Name": "company_name_pkey", "Relation Name": "company_name", "Alias": "cn", "Startup Cost": 0.42, "Total Cost": 0.45, "Plan Rows": 1, "Plan Width": 4, "Index Cond": "(id = mc.company_id)", "Filter": "((country_code)::text = '[us]'::text)"}]}]}, {"Node Type": "Materialize", "Parent Relationship": "Inner", "Parallel Aware": false, "Async Capable": false, "Startup Cost": 10000000001.0, "Total Cost": 10001065790.81, "Plan Rows": 4, "Plan Width": 41, "Plans": [{"Node Type": "Nested Loop", "Parent Relationship": "Outer", "Parallel Aware": false, "Async Capable": false, "Join Type": "Inner", "Startup Cost": 10000000001.0, "Total Cost": 10001065790.79, "Plan Rows": 4, "Plan Width": 41, "Inner Unique": false, "Join Filter": "(t.id = ci.movie_id)", "Plans": [{"Node Type": "Index Scan", "Parent Relationship": "Outer", "Parallel Aware": false, "Async Capable": false, "Scan Direction": "Forward", "Index Name": "title_pkey", "Relation Name": "title", "Alias": "t", "Startup Cost": 0.43, "Total Cost": 116689.45, "Plan Rows": 14428, "Plan Width": 21, "Filter": "(production_year = 1971)"}, {"Node Type": "Materialize", "Parent Relationship": "Inner", "Parallel Aware": false, "Async Capable": false, "Startup Cost": 10000000000.57, "Total Cost": 10000804750.87, "Plan Rows": 667, "Plan Width": 20, "Plans": [{"Node Type": "Nested Loop", "Parent Relationship": "Outer", "Parallel Aware": false, "Async Capable": false, "Join Type": "Inner", "Startup Cost": 10000000000.57, "Total Cost": 10000804747.54, "Plan Rows": 667, "Plan Width": 20, "Inner Unique": true, "Plans": [{"Node Type": "Nested Loop", "Parent Relationship": "Outer", "Parallel Aware": false, "Async Capable": false, "Join Type": "Inner", "Startup Cost": 10000000000.14, "Total Cost": 10000796449.86, "Plan Rows": 1381, "Plan Width": 8, "Inner Unique": false, "Join Filter": "(rt.id = ci.role_id)", "Plans": [{"Node Type": "Index Scan", "Parent Relationship": "Outer", "Parallel Aware": false, "Async Capable": false, "Scan Direction": "Forward", "Index Name": "role_type_pkey", "Relation Name": "role_type", "Alias": "rt", "Startup Cost": 0.14, "Total Cost": 12.35, "Plan Rows": 1, "Plan Width": 4, "Filter": "((role)::text = 'actress'::text)"}, {"Node Type": "Seq Scan", "Parent Relationship": "Inner", "Parallel Aware": false, "Async Capable": false, "Relation Name": "cast_info", "Alias": "ci", "Startup Cost": 10000000000.0, "Total Cost": 10000796230.3, "Plan Rows": 16577, "Plan Width": 12, "Filter": "(((note)::text ~~ '%(voice)%'::text) AND ((note)::text ~~ '%(voice)%'::text))"}]}, {"Node Type": "Index Scan", "Parent Relationship": "Inner", "Parallel Aware": false, "Async Capable": false, "Scan Direction": "Forward", "Index Name": "char_name_pkey", "Relation Name": "char_name", "Alias": "chn", "Startup Cost": 0.43, "Total Cost": 6.01, "Plan Rows": 1, "Plan Width": 20, "Index Cond": "(id = ci.person_role_id)"}]}]}]}]}]}, {"Node Type": "Index Only Scan", "Parent Relationship": "Inner", "Parallel Aware": false, "Async Capable": false, "Scan Direction": "Forward", "Index Name": "company_type_pkey", "Relation Name": "company_type", "Alias": "ct", "Startup Cost": 0.13, "Total Cost": 0.15, "Plan Rows": 1, "Plan Width": 4, "Index Cond": "(id = mc.company_type_id)"}]}]}}, {"Plan": {"Node Type": "Aggregate", "Strategy": "Plain", "Partial Mode": "Simple", "Parallel Aware": false, "Async Capable": false, "Startup Cost": 70001148506.41, "Total Cost": 70001148506.42, "Plan Rows": 1, "Plan Width": 64, "Plans": [{"Node Type": "Nested Loop", "Parent Relationship": "Outer", "Parallel Aware": false, "Async Capable": false, "Join Type": "Inner", "Startup Cost": 70001119755.4, "Total Cost": 70001148506.4, "Plan Rows": 3, "Plan Width": 33, "Inner Unique": true, "Plans": [{"Node Type": "Nested Loop", "Parent Relationship": "Outer", "Parallel Aware": false, "Async Capable": false, "Join Type": "Inner", "Startup Cost": 60001119755.26, "Total Cost": 60001148496.35, "Plan Rows": 3, "Plan Width": 37, "Inner Unique": true, "Plans": [{"Node Type": "Nested Loop", "Parent Relationship": "Outer", "Parallel Aware": false, "Async Capable": false, "Join Type": "Inner", "Startup Cost": 50001119752.52, "Total Cost": 50001148449.09, "Plan Rows": 7, "Plan Width": 25, "Inner Unique": true, "Plans": [{"Node Type": "Nested Loop", "Parent Relationship": "Outer", "Parallel Aware": false, "Async Capable": false, "Join Type": "Inner", "Startup Cost": 40001119752.1, "Total Cost": 40001148360.2, "Plan Rows": 20, "Plan Width": 29, "Inner Unique": true, "Plans": [{"Node Type": "Merge Join", "Parent Relationship": "Outer", "Parallel Aware": false, "Async Capable": false, "Join Type": "Inner", "Startup Cost": 30001119751.64, "Total Cost": 30001132838.93, "Plan Rows": 3475, "Plan Width": 20, "Inner Unique": false, "Merge Cond": "(ci.movie_id = mc.movie_id)", "Plans": [{"Node Type": "Sort", "Parent Relationship": "Outer", "Parallel Aware": false, "Async Capable": false, "Startup Cost": 20000796766.65, "Total Cost": 20000796770.1, "Plan Rows": 1381, "Plan Width": 8, "Sort Key": ["ci.movie_id"], "Plans": [{"Node Type": "Nested Loop", "Parent Relationship": "Outer", "Parallel Aware": false, "Async Capable": false, "Join Type": "Inner", "Startup Cost": 20000000000.15, "Total Cost": 20000796694.62, "Plan Rows": 1381, "Plan Width": 8, "Inner Unique": true, "Plans": [{"Node Type": "Seq Scan", "Parent Relationship": "Outer", "Parallel Aware": false, "Async Capable": false, "Relation Name": "cast_info", "Alias": "ci", "Startup Cost": 10000000000.0, "Total Cost": 10000796230.3, "Plan Rows": 16577, "Plan Width": 12, "Filter": "(((note)::text ~~ '%(voice)%'::text) AND ((note)::text ~~ '%(voice)%'::text))"}, {"Node Type": "Memoize", "Parent Relationship": "Inner", "Parallel Aware": false, "Async Capable": false, "Startup Cost": 0.15, "Total Cost": 4.17, "Plan Rows": 1, "Plan Width": 4, "Cache Key": "ci.role_id", "Cache Mode": "logical", "Plans": [{"Node Type": "Bitmap Heap Scan", "Parent Relationship": "Outer", "Parallel Aware": false, "Async Capable": false, "Relation Name": "role_type", "Alias": "rt", "Startup Cost": 0.14, "Total Cost": 4.16, "Plan Rows": 1, "Plan Width": 4, "Recheck Cond": "(id = ci.role_id)", "Filter": "((role)::text = 'actress'::text)", "Plans": [{"Node Type": "Bitmap Index Scan", "Parent Relationship": "Outer", "Parallel Aware": false, "Async Capable": false, "Index Name": "role_type_pkey", "Startup Cost": 0.0, "Total Cost": 0.14, "Plan Rows": 1, "Plan Width": 0, "Index Cond": "(id = ci.role_id)"}]}]}]}]}, {"Node Type": "Sort", "Parent Relationship": "Inner", "Parallel Aware": false, "Async Capable": false, "Startup Cost": 10000322985.0, "Total Cost": 10000329507.82, "Plan Rows": 2609129, "Plan Width": 12, "Sort Key": ["mc.movie_id"], "Plans": [{"Node Type": "Seq Scan", "Parent Relationship": "Outer", "Parallel Aware": false, "Async Capable": false, "Relation Name": "movie_companies", "Alias": "mc", "Startup Cost": 10000000000.0, "Total Cost": 10000044915.29, "Plan Rows": 2609129, "Plan Width": 12}]}]}, {"Node Type": "Bitmap Heap Scan", "Parent Relationship": "Inner", "Parallel Aware": false, "Async Capable": false, "Relation Name": "title", "Alias": "t", "Startup Cost": 0.45, "Total Cost": 4.47, "Plan Rows": 1, "Plan Width": 21, "Recheck Cond": "(id = mc.movie_id)", "Filter": "(production_year = 1971)", "Plans": [{"Node Type": "Bitmap Index Scan", "Parent Relationship": "Outer", "Parallel Aware": false, "Async Capable": false, "Index Name": "title_pkey", "Startup Cost": 0.0, "Total Cost": 0.45, "Plan Rows": 1, "Plan Width": 0, "Index Cond": "(id = mc.movie_id)"}]}]}, {"Node Type": "Bitmap Heap Scan", "Parent Relationship": "Inner", "Parallel Aware": false, "Async Capable": false, "Relation Name": "company_name", "Alias": "cn", "Startup Cost": 0.43, "Total Cost": 4.44, "Plan Rows": 1, "Plan Width": 4, "Recheck Cond": "(id = mc.company_id)", "Filter": "((country_code)::text = '[us]'::text)", "Plans": [{"Node Type": "Bitmap Index Scan", "Parent Relationship": "Outer", "Parallel Aware": false, "Async Capable": false, "Index Name": "company_name_pkey", "Startup Cost": 0.0, "Total Cost": 0.43, "Plan Rows": 1, "Plan Width": 0, "Index Cond": "(id = mc.company_id)"}]}]}, {"Node Type": "Bitmap Heap Scan", "Parent Relationship": "Inner", "Parallel Aware": false, "Async Capable": false, "Relation Name": "char_name", "Alias": "chn", "Startup Cost": 2.74, "Total Cost": 6.75, "Plan Rows": 1, "Plan Width": 20, "Recheck Cond": "(id = ci.person_role_id)", "Plans": [{"Node Type": "Bitmap Index Scan", "Parent Relationship": "Outer", "Parallel Aware": false, "Async Capable": false, "Index Name": "char_name_pkey", "Startup Cost": 0.0, "Total Cost": 2.74, "Plan Rows": 1, "Plan Width": 0, "Index Cond": "(id = ci.person_role_id)"}]}]}, {"Node Type": "Bitmap Heap Scan", "Parent Relationship": "Inner", "Parallel Aware": false, "Async Capable": false, "Relation Name": "company_type", "Alias": "ct", "Startup Cost": 0.14, "Total Cost": 4.15, "Plan Rows": 1, "Plan Width": 4, "Recheck Cond": "(id = mc.company_type_id)", "Plans": [{"Node Type": "Bitmap Index Scan", "Parent Relationship": "Outer", "Parallel Aware": false, "Async Capable": false, "Index Name": "company_type_pkey", "Startup Cost": 0.0, "Total Cost": 0.14, "Plan Rows": 1, "Plan Width": 0, "Index Cond": "(id = mc.company_type_id)"}]}]}]}}, {"Plan": {"Node Type": "Aggregate", "Strategy": "Plain", "Partial Mode": "Simple", "Parallel Aware": false, "Async Capable": false, "Startup Cost": 20001007291.56, "Total Cost": 20001007291.57, "Plan Rows": 1, "Plan Width": 64, "Plans": [{"Node Type": "Nested Loop", "Parent Relationship": "Outer", "Parallel Aware": false, "Async Capable": false, "Join Type": "Inner", "Startup Cost": 20000000005.98, "Total Cost": 20001007291.54, "Plan Rows": 3, "Plan Width": 33, "Inner Unique": true, "Plans": [{"Node Type": "Nested Loop", "Parent Relationship": "Outer", "Parallel Aware": false, "Async Capable": false, "Join Type": "Inner", "Startup Cost": 20000000005.84, "Total Cost": 20001007281.5, "Plan Rows": 3, "Plan Width": 37, "Inner Unique": true, "Plans": [{"Node Type": "Nested Loop", "Parent Relationship": "Outer", "Parallel Aware": false, "Async Capable": false, "Join Type": "Inner", "Startup Cost": 20000000005.41, "Total Cost": 20001007237.05, "Plan Rows": 10, "Plan Width": 41, "Inner Unique": false, "Join Filter": "(t.id = mc.movie_id)", "Plans": [{"Node Type": "Seq Scan", "Parent Relationship": "Outer", "Parallel Aware": false, "Async Capable": false, "Relation Name": "movie_companies", "Alias": "mc", "Startup Cost": 10000000000.0, "Total Cost": 10000044915.29, "Plan Rows": 2609129, "Plan Width": 12}, {"Node Type": "Materialize", "Parent Relationship": "Inner", "Parallel Aware": false, "Async Capable": false, "Startup Cost": 10000000005.41, "Total Cost": 10000805774.03, "Plan Rows": 4, "Plan Width": 41, "Plans": [{"Node Type": "Nested Loop", "Parent Relationship": "Outer", "Parallel Aware": false, "Async Capable": false, "Join Type": "Inner", "Startup Cost": 10000000005.41, "Total Cost": 10000805774.01, "Plan Rows": 4, "Plan Width": 41, "Inner Unique": true, "Plans": [{"Node Type": "Nested Loop", "Parent Relationship": "Outer", "Parallel Aware": false, "Async Capable": false, "Join Type": "Inner", "Startup Cost": 10000000002.67, "Total Cost": 10000805720.0, "Plan Rows": 8, "Plan Width": 29, "Inner Unique": true, "Plans": [{"Node Type": "Nested Loop", "Parent Relationship": "Outer", "Parallel Aware": false, "Async Capable": false, "Join Type": "Inner", "Startup Cost": 10000000000.15, "Total Cost": 10000796694.62, "Plan Rows": 1381, "Plan Width": 8, "Inner Unique": true, "Plans": [{"Node Type": "Seq Scan", "Parent Relationship": "Outer", "Parallel Aware": false, "Async Capable": false, "Relation Name": "cast_info", "Alias": "ci", "Startup Cost": 10000000000.0, "Total Cost": 10000796230.3, "Plan Rows": 16577, "Plan Width": 12, "Filter": "(((note)::text ~~ '%(voice)%'::text) AND ((note)::text ~~ '%(voice)%'::text))"}, {"Node Type": "Memoize", "Parent Relationship": "Inner", "Parallel Aware": false, "Async Capable": false, "Startup Cost": 0.15, "Total Cost": 4.17, "Plan Rows": 1, "Plan Width": 4, "Cache Key": "ci.role_id", "Cache Mode": "logical", "Plans": [{"Node Type": "Bitmap Heap Scan", "Parent Relationship": "Outer", "Parallel Aware": false, "Async Capable": false, "Relation Name": "role_type", "Alias": "rt", "Startup Cost": 0.14, "Total Cost": 4.16, "Plan Rows": 1, "Plan Width": 4, "Recheck Cond": "(id = ci.role_id)", "Filter": "((role)::text = 'actress'::text)", "Plans": [{"Node Type": "Bitmap Index Scan", "Parent Relationship": "Outer", "Parallel Aware": false, "Async Capable": false, "Index Name": "role_type_pkey", "Startup Cost": 0.0, "Total Cost": 0.14, "Plan Rows": 1, "Plan Width": 0, "Index Cond": "(id = ci.role_id)"}]}]}]}, {"Node Type": "Bitmap Heap Scan", "Parent Relationship": "Inner", "Parallel Aware": false, "Async Capable": false, "Relation Name": "title", "Alias": "t", "Startup Cost": 2.52, "Total Cost": 6.54, "Plan Rows": 1, "Plan Width": 21, "Recheck Cond": "(id = ci.movie_id)", "Filter": "(production_year = 1971)", "Plans": [{"Node Type": "Bitmap Index Scan", "Parent Relationship": "Outer", "Parallel Aware": false, "Async Capable": false, "Index Name": "title_pkey", "Startup Cost": 0.0, "Total Cost": 2.52, "Plan Rows": 1, "Plan Width": 0, "Index Cond": "(id = ci.movie_id)"}]}]}, {"Node Type": "Bitmap Heap Scan", "Parent Relationship": "Inner", "Parallel Aware": false, "Async Capable": false, "Relation Name": "char_name", "Alias": "chn", "Startup Cost": 2.74, "Total Cost": 6.75, "Plan Rows": 1, "Plan Width": 20, "Recheck Cond": "(id = ci.person_role_id)", "Plans": [{"Node Type": "Bitmap Index Scan", "Parent Relationship": "Outer", "Parallel Aware": false, "Async Capable": false, "Index Name": "char_name_pkey", "Startup Cost": 0.0, "Total Cost": 2.74, "Plan Rows": 1, "Plan Width": 0, "Index Cond": "(id = ci.person_role_id)"}]}]}]}]}, {"Node Type": "Bitmap Heap Scan", "Parent Relationship": "Inner", "Parallel Aware": false, "Async Capable": false, "Relation Name": "company_name", "Alias": "cn", "Startup Cost": 0.43, "Total Cost": 4.44, "Plan Rows": 1, "Plan Width": 4, "Recheck Cond": "(id = mc.company_id)", "Filter": "((country_code)::text = '[us]'::text)", "Plans": [{"Node Type": "Bitmap Index Scan", "Parent Relationship": "Outer", "Parallel Aware": false, "Async Capable": false, "Index Name": "company_name_pkey", "Startup Cost": 0.0, "Total Cost": 0.43, "Plan Rows": 1, "Plan Width": 0, "Index Cond": "(id = mc.company_id)"}]}]}, {"Node Type": "Bitmap Heap Scan", "Parent Relationship": "Inner", "Parallel Aware": false, "Async Capable": false, "Relation Name": "company_type", "Alias": "ct", "Startup Cost": 0.14, "Total Cost": 4.15, "Plan Rows": 1, "Plan Width": 4, "Recheck Cond": "(id = mc.company_type_id)", "Plans": [{"Node Type": "Bitmap Index Scan", "Parent Relationship": "Outer", "Parallel Aware": false, "Async Capable": false, "Index Name": "company_type_pkey", "Startup Cost": 0.0, "Total Cost": 0.14, "Plan Rows": 1, "Plan Width": 0, "Index Cond": "(id = mc.company_type_id)"}]}]}]}}, {"Plan": {"Node Type": "Aggregate", "Strategy": "Plain", "Partial Mode": "Simple", "Parallel Aware": false, "Async Capable": false, "Startup Cost": 423529.86, "Total Cost": 423529.87, "Plan Rows": 1, "Plan Width": 64, "Plans": [{"Node Type": "Gather", "Parent Relationship": "Outer", "Parallel Aware": false, "Async Capable": false, "Startup Cost": 344469.83, "Total Cost": 423529.84, "Plan Rows": 3, "Plan Width": 33, "Workers Planned": 6, "Single Copy": false, "Plans": [{"Node Type": "Nested Loop", "Parent Relationship": "Outer", "Parallel Aware": false, "Async Capable": false, "Join Type": "Inner", "Startup Cost": 343469.83, "Total Cost": 422529.54, "Plan Rows": 1, "Plan Width": 33, "Inner Unique": true, "Join Filter": "(ct.id = mc.company_type_id)", "Plans": [{"Node Type": "Nested Loop", "Parent Relationship": "Outer", "Parallel Aware": false, "Async Capable": false, "Join Type": "Inner", "Startup Cost": 343469.83, "Total Cost": 422528.45, "Plan Rows": 1, "Plan Width": 37, "Inner Unique": true, "Plans": [{"Node Type": "Nested Loop", "Parent Relationship": "Outer", "Parallel Aware": false, "Async Capable": false, "Join Type": "Inner", "Startup Cost": 343469.4, "Total Cost": 422519.56, "Plan Rows": 2, "Plan Width": 41, "Inner Unique": false, "Join Filter": "(t.id = mc.movie_id)", "Plans": [{"Node Type": "Nested Loop", "Parent Relationship": "Outer", "Parallel Aware": false, "Async Capable": false, "Join Type": "Inner", "Startup Cost": 343469.4, "Total Cost": 344990.16, "Plan Rows": 1, "Plan Width": 41, "Inner Unique": true, "Plans": [{"Node Type": "Nested Loop", "Parent Relationship": "Outer", "Parallel Aware": false, "Async Capable": false, "Join Type": "Inner", "Startup Cost": 343466.66, "Total Cost": 344983.41, "Plan Rows": 1, "Plan Width": 29, "Inner Unique": true, "Plans": [{"Node Type": "Merge Join", "Parent Relationship": "Outer", "Parallel Aware": false, "Async Capable": false, "Join Type": "Inner", "Startup Cost": 343464.14, "Total Cost": 343480.27, "Plan Rows": 230, "Plan Width": 8, "Inner Unique": true, "Merge Cond": "(ci.role_id = rt.id)", "Plans": [{"Node Type": "Sort", "Parent Relationship": "Outer", "Parallel Aware": false, "Async Capable": false, "Startup Cost": 343462.98, "Total Cost": 343469.89, "Plan Rows": 2763, "Plan Width": 12, "Sort Key": ["ci.role_id"], "Plans": [{"Node Type": "Seq Scan", "Parent Relationship": "Outer", "Parallel Aware": true, "Async Capable": false, "Relation Name": "cast_info", "Alias": "ci", "Startup Cost": 0.0, "Total Cost": 343305.05, "Plan Rows": 2763, "Plan Width": 12, "Filter": "(((note)::text ~~ '%(voice)%'::text) AND ((note)::text ~~ '%(voice)%'::text))"}]}, {"Node Type": "Sort", "Parent Relationship": "Inner", "Parallel Aware": false, "Async Capable": false, "Startup Cost": 1.16, "Total Cost": 1.16, "Plan Rows": 1, "Plan Width": 4, "Sort Key": ["rt.id"], "Plans": [{"Node Type": "Seq Scan", "Parent Relationship": "Outer", "Parallel Aware": false, "Async Capable": false, "Relation Name": "role_type", "Alias": "rt", "Startup Cost": 0.0, "Total Cost": 1.15, "Plan Rows": 1, "Plan Width": 4, "Filter": "((role)::text = 'actress'::text)"}]}]}, {"Node Type": "Bitmap Heap Scan", "Parent Relationship": "Inner", "Parallel Aware": false, "Async Capable": false, "Relation Name": "title", "Alias": "t", "Startup Cost": 2.52, "Total Cost": 6.54, "Plan Rows": 1, "Plan Width": 21, "Recheck Cond": "(id = ci.movie_id)", "Filter": "(production_year = 1971)", "Plans": [{"Node Type": "Bitmap Index Scan", "Parent Relationship": "Outer", "Parallel Aware": false, "Async Capable": false, "Index Name": "title_pkey", "Startup Cost": 0.0, "Total Cost": 2.52, "Plan Rows": 1, "Plan Width": 0, "Index Cond": "(id = ci.movie_id)"}]}]}, {"Node Type": "Bitmap Heap Scan", "Parent Relationship": "Inner", "Parallel Aware": false, "Async Capable": false, "Relation Name": "char_name", "Alias": "chn", "Startup Cost": 2.74, "Total Cost": 6.75, "Plan Rows": 1, "Plan Width": 20, "Recheck Cond": "(id = ci.person_role_id)", "Plans": [{"Node Type": "Bitmap Index Scan", "Parent Relationship": "Outer", "Parallel Aware": false, "Async Capable": false, "Index Name": "char_name_pkey", "Startup Cost": 0.0, "Total Cost": 2.74, "Plan Rows": 1, "Plan Width": 0, "Index Cond": "(id = ci.person_role_id)"}]}]}, {"Node Type": "Seq Scan", "Parent Relationship": "Inner", "Parallel Aware": false, "Async Capable": false, "Relation Name": "movie_companies", "Alias": "mc", "Startup Cost": 0.0, "Total Cost": 44915.29, "Plan Rows": 2609129, "Plan Width": 12}]}, {"Node Type": "Bitmap Heap Scan", "Parent Relationship": "Inner", "Parallel Aware": false, "Async Capable": false, "Relation Name": "company_name", "Alias": "cn", "Startup Cost": 0.43, "Total Cost": 4.44, "Plan Rows": 1, "Plan Width": 4, "Recheck Cond": "(id = mc.company_id)", "Filter": "((country_code)::text = '[us]'::text)", "Plans": [{"Node Type": "Bitmap Index Scan", "Parent Relationship": "Outer", "Parallel Aware": false, "Async Capable": false, "Index Name": "company_name_pkey", "Startup Cost": 0.0, "Total Cost": 0.43, "Plan Rows": 1, "Plan Width": 0, "Index Cond": "(id = mc.company_id)"}]}]}, {"Node Type": "Seq Scan", "Parent Relationship": "Inner", "Parallel Aware": false, "Async Capable": false, "Relation Name": "company_type", "Alias": "ct", "Startup Cost": 0.0, "Total Cost": 1.04, "Plan Rows": 4, "Plan Width": 4}]}]}]}}, {"Plan": {"Node Type": "Aggregate", "Strategy": "Plain", "Partial Mode": "Simple", "Parallel Aware": false, "Async Capable": false, "Startup Cost": 965728.39, "Total Cost": 965728.4, "Plan Rows": 1, "Plan Width": 64, "Plans": [{"Node Type": "Merge Join", "Parent Relationship": "Outer", "Parallel Aware": false, "Async Capable": false, "Join Type": "Inner", "Startup Cost": 950026.64, "Total Cost": 965728.38, "Plan Rows": 3, "Plan Width": 33, "Inner Unique": true, "Merge Cond": "(ci.person_role_id = chn.id)", "Plans": [{"Node Type": "Sort", "Parent Relationship": "Outer", "Parallel Aware": false, "Async Capable": false, "Startup Cost": 543293.59, "Total Cost": 543293.61, "Plan Rows": 7, "Plan Width": 21, "Sort Key": ["ci.person_role_id"], "Plans": [{"Node Type": "Merge Join", "Parent Relationship": "Outer", "Parallel Aware": false, "Async Capable": false, "Join Type": "Inner", "Startup Cost": 543293.37, "Total Cost": 543293.49, "Plan Rows": 7, "Plan Width": 21, "Inner Unique": true, "Merge Cond": "(mc.company_type_id = ct.id)", "Plans": [{"Node Type": "Sort", "Parent Relationship": "Outer", "Parallel Aware": false, "Async Capable": false, "Startup Cost": 543292.29, "Total Cost": 543292.3, "Plan Rows": 7, "Plan Width": 25, "Sort Key": ["mc.company_type_id"], "Plans": [{"Node Type": "Merge Join", "Parent Relationship": "Outer", "Parallel Aware": false, "Async Capable": false, "Join Type": "Inner", "Startup Cost": 543258.38, "Total Cost": 543292.19, "Plan Rows": 7, "Plan Width": 25, "Inner Unique": false, "Merge Cond": "(ci.movie_id = t.id)", "Plans": [{"Node Type": "Sort", "Parent Relationship": "Outer", "Parallel Aware": false, "Async Capable": false, "Startup Cost": 344690.4, "Total Cost": 344693.85, "Plan Rows": 1381, "Plan Width": 8, "Sort Key": ["ci.movie_id"], "Plans": [{"Node Type": "Gather", "Parent Relationship": "Outer", "Parallel Aware": false, "Async Capable": false, "Startup Cost": 344464.14, "Total Cost": 344618.37, "Plan Rows": 1381, "Plan Width": 8, "Workers Planned": 6, "Single Copy": false, "Plans": [{"Node Type": "Merge Join", "Parent Relationship": "Outer", "Parallel Aware": false, "Async Capable": false, "Join Type": "Inner", "Startup Cost": 343464.14, "Total Cost": 343480.27, "Plan Rows": 230, "Plan Width": 8, "Inner Unique": true, "Merge Cond": "(ci.role_id = rt.id)", "Plans": [{"Node Type": "Sort", "Parent Relationship": "Outer", "Parallel Aware": false, "Async Capable": false, "Startup Cost": 343462.98, "Total Cost": 343469.89, "Plan Rows": 2763, "Plan Width": 12, "Sort Key": ["ci.role_id"], "Plans": [{"Node Type": "Seq Scan", "Parent Relationship": "Outer", "Parallel Aware": true, "Async Capable": false, "Relation Name": "cast_info", "Alias": "ci", "Startup Cost": 0.0, "Total Cost": 343305.05, "Plan Rows": 2763, "Plan Width": 12, "Filter": "(((note)::text ~~ '%(voice)%'::text) AND ((note)::text ~~ '%(voice)%'::text))"}]}, {"Node Type": "Sort", "Parent Relationship": "Inner", "Parallel Aware": false, "Async Capable": false, "Startup Cost": 1.16, "Total Cost": 1.16, "Plan Rows": 1, "Plan Width": 4, "Sort Key": ["rt.id"], "Plans": [{"Node Type": "Seq Scan", "Parent Relationship": "Outer", "Parallel Aware": false, "Async Capable": false, "Relation Name": "role_type", "Alias": "rt", "Startup Cost": 0.0, "Total Cost": 1.15, "Plan Rows": 1, "Plan Width": 4, "Filter": "((role)::text = 'actress'::text)"}]}]}]}]}, {"Node Type": "Sort", "Parent Relationship": "Inner", "Parallel Aware": false, "Async Capable": false, "Startup Cost": 198567.98, "Total Cost": 198581.43, "Plan Rows": 5380, "Plan Width": 29, "Sort Key": ["mc.movie_id"], "Plans": [{"Node Type": "Gather", "Parent Relationship": "Outer", "Parallel Aware": false, "Async Capable": false, "Startup Cost": 197230.73, "Total Cost": 198234.6, "Plan Rows": 5380, "Plan Width": 29, "Workers Planned": 3, "Single Copy": false, "Plans": [{"Node Type": "Merge Join", "Parent Relationship": "Outer", "Parallel Aware": false, "Async Capable": false, "Join Type": "Inner", "Startup Cost": 196230.73, "Total Cost": 196696.6, "Plan Rows": 1735, "Plan Width": 29, "Inner Unique": true, "Merge Cond": "(mc.company_id = cn.id)", "Plans": [{"Node Type": "Sort", "Parent Relationship": "Outer", "Parallel Aware": false, "Async Capable": false, "Startup Cost": 183302.17, "Total Cost": 183314.18, "Plan Rows": 4803, "Plan Width": 33, "Sort Key": ["mc.company_id"], "Plans": [{"Node Type": "Merge Join", "Parent Relationship": "Outer", "Parallel Aware": false, "Async Capable": false, "Join Type": "Inner", "Startup Cost": 178680.19, "Total Cost": 183008.47, "Plan Rows": 4803, "Plan Width": 33, "Inner Unique": true, "Merge Cond": "(mc.movie_id = t.id)", "Plans": [{"Node Type": "Sort", "Parent Relationship": "Outer", "Parallel Aware": false, "Async Capable": false, "Startup Cost": 110071.47, "Total Cost": 112175.61, "Plan Rows": 841655, "Plan Width": 12, "Sort Key": ["mc.movie_id"], "Plans": [{"Node Type": "Seq Scan", "Parent Relationship": "Outer", "Parallel Aware": true, "Async Capable": false, "Relation Name": "movie_companies", "Alias": "mc", "Startup Cost": 0.0, "Total Cost": 27240.55, "Plan Rows": 841655, "Plan Width": 12}]}, {"Node Type": "Sort", "Parent Relationship": "Inner", "Parallel Aware": false, "Async Capable": false, "Startup Cost": 68608.63, "Total Cost": 68644.7, "Plan Rows": 14428, "Plan Width": 21, "Sort Key": ["t.id"], "Plans": [{"Node Type": "Seq Scan", "Parent Relationship": "Outer", "Parallel Aware": false, "Async Capable": false, "Relation Name": "title", "Alias": "t", "Startup Cost": 0.0, "Total Cost": 67611.9, "Plan Rows": 14428, "Plan Width": 21, "Filter": "(production_year = 1971)"}]}]}]}, {"Node Type": "Sort", "Parent Relationship": "Inner", "Parallel Aware": false, "Async Capable": false, "Startup Cost": 12928.54, "Total Cost": 13140.8, "Plan Rows": 84906, "Plan Width": 4, "Sort Key": ["cn.id"], "Plans": [{"Node Type": "Seq Scan", "Parent Relationship": "Outer", "Parallel Aware": false, "Async Capable": false, "Relation Name": "company_name", "Alias": "cn", "Startup Cost": 0.0, "Total Cost": 5977.46, "Plan Rows": 84906, "Plan Width": 4, "Filter": "((country_code)::text = '[us]'::text)"}]}]}]}]}]}]}, {"Node Type": "Sort", "Parent Relationship": "Inner", "Parallel Aware": false, "Async Capable": false, "Startup Cost": 1.08, "Total Cost": 1.09, "Plan Rows": 4, "Plan Width": 4, "Sort Key": ["ct.id"], "Plans": [{"Node Type": "Seq Scan", "Parent Relationship": "Outer", "Parallel Aware": false, "Async Capable": false, "Relation Name": "company_type", "Alias": "ct", "Startup Cost": 0.0, "Total Cost": 1.04, "Plan Rows": 4, "Plan Width": 4}]}]}]}, {"Node Type": "Sort", "Parent Relationship": "Inner", "Parallel Aware": false, "Async Capable": false, "Startup Cost": 406733.05, "Total Cost": 414583.9, "Plan Rows": 3140339, "Plan Width": 20, "Sort Key": ["chn.id"], "Plans": [{"Node Type": "Seq Scan", "Parent Relationship": "Outer", "Parallel Aware": false, "Async Capable": false, "Relation Name": "char_name", "Alias": "chn", "Startup Cost": 0.0, "Total Cost": 67851.39, "Plan Rows": 3140339, "Plan Width": 20}]}]}]}}, {"Plan": {"Node Type": "Aggregate", "Strategy": "Plain", "Partial Mode": "Simple", "Parallel Aware": false, "Async Capable": false, "Startup Cost": 426566.63, "Total Cost": 426566.64, "Plan Rows": 1, "Plan Width": 64, "Plans": [{"Node Type": "Gather", "Parent Relationship": "Outer", "Parallel Aware": false, "Async Capable": false, "Startup Cost": 1005.69, "Total Cost": 426566.61, "Plan Rows": 3, "Plan Width": 33, "Workers Planned": 6, "Single Copy": false, "Plans": [{"Node Type": "Nested Loop", "Parent Relationship": "Outer", "Parallel Aware": false, "Async Capable": false, "Join Type": "Inner", "Startup Cost": 5.69, "Total Cost": 425566.31, "Plan Rows": 1, "Plan Width": 33, "Inner Unique": true, "Join Filter": "(ct.id = mc.company_type_id)", "Plans": [{"Node Type": "Nested Loop", "Parent Relationship": "Outer", "Parallel Aware": false, "Async Capable": false, "Join Type": "Inner", "Startup Cost": 5.69, "Total Cost": 425565.22, "Plan Rows": 1, "Plan Width": 37, "Inner Unique": true, "Plans": [{"Node Type": "Nested Loop", "Parent Relationship": "Outer", "Parallel Aware": false, "Async Capable": false, "Join Type": "Inner", "Startup Cost": 5.26, "Total Cost": 425556.33, "Plan Rows": 2, "Plan Width": 41, "Inner Unique": false, "Join Filter": "(t.id = mc.movie_id)", "Plans": [{"Node Type": "Nested Loop", "Parent Relationship": "Outer", "Parallel Aware": false, "Async Capable": false, "Join Type": "Inner", "Startup Cost": 5.26, "Total Cost": 348026.93, "Plan Rows": 1, "Plan Width": 41, "Inner Unique": true, "Plans": [{"Node Type": "Nested Loop", "Parent Relationship": "Outer", "Parallel Aware": false, "Async Capable": false, "Join Type": "Inner", "Startup Cost": 2.52, "Total Cost": 348020.18, "Plan Rows": 1, "Plan Width": 29, "Inner Unique": true, "Plans": [{"Node Type": "Nested Loop", "Parent Relationship": "Outer", "Parallel Aware": false, "Async Capable": false, "Join Type": "Inner", "Startup Cost": 0.0, "Total Cost": 346517.04, "Plan Rows": 230, "Plan Width": 8, "Inner Unique": true, "Join Filter": "(rt.id = ci.role_id)", "Plans": [{"Node Type": "Seq Scan", "Parent Relationship": "Outer", "Parallel Aware": true, "Async Capable": false, "Relation Name": "cast_info", "Alias": "ci", "Startup Cost": 0.0, "Total Cost": 343305.05, "Plan Rows": 2763, "Plan Width": 12, "Filter": "(((note)::text ~~ '%(voice)%'::text) AND ((note)::text ~~ '%(voice)%'::text))"}, {"Node Type": "Seq Scan", "Parent Relationship": "Inner", "Parallel Aware": false, "Async Capable": false, "Relation Name": "role_type", "Alias": "rt", "Startup Cost": 0.0, "Total Cost": 1.15, "Plan Rows": 1, "Plan Width": 4, "Filter": "((role)::text = 'actress'::text)"}]}, {"Node Type": "Bitmap Heap Scan", "Parent Relationship": "Inner", "Parallel Aware": false, "Async Capable": false, "Relation Name": "title", "Alias": "t", "Startup Cost": 2.52, "Total Cost": 6.54, "Plan Rows": 1, "Plan Width": 21, "Recheck Cond": "(id = ci.movie_id)", "Filter": "(production_year = 1971)", "Plans": [{"Node Type": "Bitmap Index Scan", "Parent Relationship": "Outer", "Parallel Aware": false, "Async Capable": false, "Index Name": "title_pkey", "Startup Cost": 0.0, "Total Cost": 2.52, "Plan Rows": 1, "Plan Width": 0, "Index Cond": "(id = ci.movie_id)"}]}]}, {"Node Type": "Bitmap Heap Scan", "Parent Relationship": "Inner", "Parallel Aware": false, "Async Capable": false, "Relation Name": "char_name", "Alias": "chn", "Startup Cost": 2.74, "Total Cost": 6.75, "Plan Rows": 1, "Plan Width": 20, "Recheck Cond": "(id = ci.person_role_id)", "Plans": [{"Node Type": "Bitmap Index Scan", "Parent Relationship": "Outer", "Parallel Aware": false, "Async Capable": false, "Index Name": "char_name_pkey", "Startup Cost": 0.0, "Total Cost": 2.74, "Plan Rows": 1, "Plan Width": 0, "Index Cond": "(id = ci.person_role_id)"}]}]}, {"Node Type": "Seq Scan", "Parent Relationship": "Inner", "Parallel Aware": false, "Async Capable": false, "Relation Name": "movie_companies", "Alias": "mc", "Startup Cost": 0.0, "Total Cost": 44915.29, "Plan Rows": 2609129, "Plan Width": 12}]}, {"Node Type": "Bitmap Heap Scan", "Parent Relationship": "Inner", "Parallel Aware": false, "Async Capable": false, "Relation Name": "company_name", "Alias": "cn", "Startup Cost": 0.43, "Total Cost": 4.44, "Plan Rows": 1, "Plan Width": 4, "Recheck Cond": "(id = mc.company_id)", "Filter": "((country_code)::text = '[us]'::text)", "Plans": [{"Node Type": "Bitmap Index Scan", "Parent Relationship": "Outer", "Parallel Aware": false, "Async Capable": false, "Index Name": "company_name_pkey", "Startup Cost": 0.0, "Total Cost": 0.43, "Plan Rows": 1, "Plan Width": 0, "Index Cond": "(id = mc.company_id)"}]}]}, {"Node Type": "Seq Scan", "Parent Relationship": "Inner", "Parallel Aware": false, "Async Capable": false, "Relation Name": "company_type", "Alias": "ct", "Startup Cost": 0.0, "Total Cost": 1.04, "Plan Rows": 4, "Plan Width": 4}]}]}]}}, {"Plan": {"Node Type": "Aggregate", "Strategy": "Plain", "Partial Mode": "Simple", "Parallel Aware": false, "Async Capable": false, "Startup Cost": 20001399495.01, "Total Cost": 20001399495.02, "Plan Rows": 1, "Plan Width": 64, "Plans": [{"Node Type": "Merge Join", "Parent Relationship": "Outer", "Parallel Aware": false, "Async Capable": false, "Join Type": "Inner", "Startup Cost": 20001262928.52, "Total Cost": 20001399495.0, "Plan Rows": 3, "Plan Width": 33, "Inner Unique": true, "Merge Cond": "(ci.person_role_id = chn.id)", "Plans": [{"Node Type": "Sort", "Parent Relationship": "Outer", "Parallel Aware": false, "Async Capable": false, "Startup Cost": 20001262928.09, "Total Cost": 20001262928.11, "Plan Rows": 7, "Plan Width": 21, "Sort Key": ["ci.person_role_id"], "Plans": [{"Node Type": "Merge Join", "Parent Relationship": "Outer", "Parallel Aware": false, "Async Capable": false, "Join Type": "Inner", "Startup Cost": 20001250156.96, "Total Cost": 20001262927.99, "Plan Rows": 7, "Plan Width": 21, "Inner Unique": true, "Merge Cond": "(mc.company_id = cn.id)", "Plans": [{"Node Type": "Sort", "Parent Relationship": "Outer", "Parallel Aware": false, "Async Capable": false, "Startup Cost": 20001250156.54, "Total Cost": 20001250156.59, "Plan Rows": 20, "Plan Width": 25, "Sort Key": ["mc.company_id"], "Plans": [{"Node Type": "Merge Join", "Parent Relationship": "Outer", "Parallel Aware": false, "Async Capable": false, "Join Type": "Inner", "Startup Cost": 20001250143.73, "Total Cost": 20001250156.1, "Plan Rows": 20, "Plan Width": 25, "Inner Unique": true, "Merge Cond": "(mc.company_type_id = ct.id)", "Plans": [{"Node Type": "Sort", "Parent Relationship": "Outer", "Parallel Aware": false, "Async Capable": false, "Startup Cost": 20001250143.6, "Total Cost": 20001250143.65, "Plan Rows": 20, "Plan Width": 29, "Sort Key": ["mc.company_type_id"], "Plans": [{"Node Type": "Merge Join", "Parent Relationship": "Outer", "Parallel Aware": false, "Async Capable": false, "Join Type": "Inner", "Startup Cost": 20001250129.57, "Total Cost": 20001250143.17, "Plan Rows": 20, "Plan Width": 29, "Inner Unique": true, "Merge Cond": "(ci.role_id = rt.id)", "Plans": [{"Node Type": "Sort", "Parent Relationship": "Outer", "Parallel Aware": false, "Async Capable": false, "Startup Cost": 20001250129.43, "Total Cost": 20001250130.03, "Plan Rows": 238, "Plan Width": 33, "Sort Key": ["ci.role_id"], "Plans": [{"Node Type": "Merge Join", "Parent Relationship": "Outer", "Parallel Aware": false, "Async Capable": false, "Join Type": "Inner", "Startup Cost": 20001120377.78, "Total Cost": 20001250120.04, "Plan Rows": 238, "Plan Width": 33, "Inner Unique": false, "Merge Cond": "(t.id = mc.movie_id)", "Plans": [{"Node Type": "Merge Join", "Parent Relationship": "Outer", "Parallel Aware": false, "Async Capable": false, "Join Type": "Inner", "Startup Cost": 10000797392.52, "Total Cost": 10000914088.18, "Plan Rows": 95, "Plan Width": 33, "Inner Unique": false, "Merge Cond": "(t.id = ci.movie_id)", "Plans": [{"Node Type": "Index Scan", "Parent Relationship": "Outer", "Parallel Aware": false, "Async Capable": false, "Scan Direction": "Forward", "Index Name": "title_pkey", "Relation Name": "title", "Alias": "t", "Startup Cost": 0.43, "Total Cost": 116689.45, "Plan Rows": 14428, "Plan Width": 21, "Filter": "(production_year = 1971)"}, {"Node Type": "Sort", "Parent Relationship": "Inner", "Parallel Aware": false, "Async Capable": false, "Startup Cost": 10000797392.09, "Total Cost": 10000797433.53, "Plan Rows": 16577, "Plan Width": 12, "Sort Key": ["ci.movie_id"], "Plans": [{"Node Type": "Seq Scan", "Parent Relationship": "Outer", "Parallel Aware": false, "Async Capable": false, "Relation Name": "cast_info", "Alias": "ci", "Startup Cost": 10000000000.0, "Total Cost": 10000796230.3, "Plan Rows": 16577, "Plan Width": 12, "Filter": "(((note)::text ~~ '%(voice)%'::text) AND ((note)::text ~~ '%(voice)%'::text))"}]}]}, {"Node Type": "Sort", "Parent Relationship": "Inner", "Parallel Aware": false, "Async Capable": false, "Startup Cost": 10000322985.0, "Total Cost": 10000329507.82, "Plan Rows": 2609129, "Plan Width": 12, "Sort Key": ["mc.movie_id"], "Plans": [{"Node Type": "Seq Scan", "Parent Relationship": "Outer", "Parallel Aware": false, "Async Capable": false, "Relation Name": "movie_companies", "Alias": "mc", "Startup Cost": 10000000000.0, "Total Cost": 10000044915.29, "Plan Rows": 2609129, "Plan Width": 12}]}]}]}, {"Node Type": "Index Scan", "Parent Relationship": "Inner", "Parallel Aware": false, "Async Capable": false, "Scan Direction": "Forward", "Index Name": "role_type_pkey", "Relation Name": "role_type", "Alias": "rt", "Startup Cost": 0.14, "Total Cost": 12.35, "Plan Rows": 1, "Plan Width": 4, "Filter": "((role)::text = 'actress'::text)"}]}]}, {"Node Type": "Index Scan", "Parent Relationship": "Inner", "Parallel Aware": false, "Async Capable": false, "Scan Direction": "Forward", "Index Name": "company_type_pkey", "Relation Name": "company_type", "Alias": "ct", "Startup Cost": 0.13, "Total Cost": 12.19, "Plan Rows": 4, "Plan Width": 4}]}]}, {"Node Type": "Index Scan", "Parent Relationship": "Inner", "Parallel Aware": false, "Async Capable": false, "Scan Direction": "Forward", "Index Name": "company_name_pkey", "Relation Name": "company_name", "Alias": "cn", "Startup Cost": 0.42, "Total Cost": 12559.02, "Plan Rows": 84906, "Plan Width": 4, "Filter": "((country_code)::text = '[us]'::text)"}]}]}, {"Node Type": "Index Scan", "Parent Relationship": "Inner", "Parallel Aware": false, "Async Capable": false, "Scan Direction": "Forward", "Index Name": "char_name_pkey", "Relation Name": "char_name", "Alias": "chn", "Startup Cost": 0.43, "Total Cost": 128716.01, "Plan Rows": 3140339, "Plan Width": 20}]}]}}, {"Plan": {"Node Type": "Aggregate", "Strategy": "Plain", "Partial Mode": "Simple", "Parallel Aware": false, "Async Capable": false, "Startup Cost": 20001028144.18, "Total Cost": 20001028144.19, "Plan Rows": 1, "Plan Width": 64, "Plans": [{"Node Type": "Nested Loop", "Parent Relationship": "Outer", "Parallel Aware": false, "Async Capable": false, "Join Type": "Inner", "Startup Cost": 20001022717.85, "Total Cost": 20001028144.16, "Plan Rows": 3, "Plan Width": 33, "Inner Unique": true, "Plans": [{"Node Type": "Nested Loop", "Parent Relationship": "Outer", "Parallel Aware": false, "Async Capable": false, "Join Type": "Inner", "Startup Cost": 20001022717.72, "Total Cost": 20001028143.73, "Plan Rows": 3, "Plan Width": 37, "Inner Unique": true, "Plans": [{"Node Type": "Nested Loop", "Parent Relationship": "Outer", "Parallel Aware": false, "Async Capable": false, "Join Type": "Inner", "Startup Cost": 20001022717.29, "Total Cost": 20001028101.67, "Plan Rows": 7, "Plan Width": 25, "Inner Unique": true, "Plans": [{"Node Type": "Merge Join", "Parent Relationship": "Outer", "Parallel Aware": false, "Async Capable": false, "Join Type": "Inner", "Startup Cost": 20001022716.86, "Total Cost": 20001027449.8, "Plan Rows": 1256, "Plan Width": 16, "Inner Unique": false, "Merge Cond": "(ci.movie_id = mc.movie_id)", "Plans": [{"Node Type": "Sort", "Parent Relationship": "Outer", "Parallel Aware": false, "Async Capable": false, "Startup Cost": 10000796521.89, "Total Cost": 10000796525.34, "Plan Rows": 1381, "Plan Width": 8, "Sort Key": ["ci.movie_id"], "Plans": [{"Node Type": "Nested Loop", "Parent Relationship": "Outer", "Parallel Aware": false, "Async Capable": false, "Join Type": "Inner", "Startup Cost": 10000000000.14, "Total Cost": 10000796449.86, "Plan Rows": 1381, "Plan Width": 8, "Inner Unique": false, "Join Filter": "(rt.id = ci.role_id)", "Plans": [{"Node Type": "Index Scan", "Parent Relationship": "Outer", "Parallel Aware": false, "Async Capable": false, "Scan Direction": "Forward", "Index Name": "role_type_pkey", "Relation Name": "role_type", "Alias": "rt", "Startup Cost": 0.14, "Total Cost": 12.35, "Plan Rows": 1, "Plan Width": 4, "Filter": "((role)::text = 'actress'::text)"}, {"Node Type": "Seq Scan", "Parent Relationship": "Inner", "Parallel Aware": false, "Async Capable": false, "Relation Name": "cast_info", "Alias": "ci", "Startup Cost": 10000000000.0, "Total Cost": 10000796230.3, "Plan Rows": 16577, "Plan Width": 12, "Filter": "(((note)::text ~~ '%(voice)%'::text) AND ((note)::text ~~ '%(voice)%'::text))"}]}]}, {"Node Type": "Sort", "Parent Relationship": "Inner", "Parallel Aware": false, "Async Capable": false, "Startup Cost": 10000226194.98, "Total Cost": 10000228551.72, "Plan Rows": 942696, "Plan Width": 8, "Sort Key": ["mc.movie_id"], "Plans": [{"Node Type": "Nested Loop", "Parent Relationship": "Outer", "Parallel Aware": false, "Async Capable": false, "Join Type": "Inner", "Startup Cost": 10000000000.43, "Total Cost": 10000132649.21, "Plan Rows": 942696, "Plan Width": 8, "Inner Unique": true, "Plans": [{"Node Type": "Seq Scan", "Parent Relationship": "Outer", "Parallel Aware": false, "Async Capable": false, "Relation Name": "movie_companies", "Alias": "mc", "Startup Cost": 10000000000.0, "Total Cost": 10000044915.29, "Plan Rows": 2609129, "Plan Width": 12}, {"Node Type": "Memoize", "Parent Relationship": "Inner", "Parallel Aware": false, "Async Capable": false, "Startup Cost": 0.43, "Total Cost": 0.46, "Plan Rows": 1, "Plan Width": 4, "Cache Key": "mc.company_id", "Cache Mode": "logical", "Plans": [{"Node Type": "Index Scan", "Parent Relationship": "Outer", "Parallel Aware": false, "Async Capable": false, "Scan Direction": "Forward", "Index Name": "company_name_pkey", "Relation Name": "company_name", "Alias": "cn", "Startup Cost": 0.42, "Total Cost": 0.45, "Plan Rows": 1, "Plan Width": 4, "Index Cond": "(id = mc.company_id)", "Filter": "((country_code)::text = '[us]'::text)"}]}]}]}]}, {"Node Type": "Index Scan", "Parent Relationship": "Inner", "Parallel Aware": false, "Async Capable": false, "Scan Direction": "Forward", "Index Name": "title_pkey", "Relation Name": "title", "Alias": "t", "Startup Cost": 0.43, "Total Cost": 0.52, "Plan Rows": 1, "Plan Width": 21, "Index Cond": "(id = mc.movie_id)", "Filter": "(production_year = 1971)"}]}, {"Node Type": "Index Scan", "Parent Relationship": "Inner", "Parallel Aware": false, "Async Capable": false, "Scan Direction": "Forward", "Index Name": "char_name_pkey", "Relation Name": "char_name", "Alias": "chn", "Startup Cost": 0.43, "Total Cost": 6.01, "Plan Rows": 1, "Plan Width": 20, "Index Cond": "(id = ci.person_role_id)"}]}, {"Node Type": "Index Scan", "Parent Relationship": "Inner", "Parallel Aware": false, "Async Capable": false, "Scan Direction": "Forward", "Index Name": "company_type_pkey", "Relation Name": "company_type", "Alias": "ct", "Startup Cost": 0.13, "Total Cost": 0.15, "Plan Rows": 1, "Plan Width": 4, "Index Cond": "(id = mc.company_type_id)"}]}]}}, {"Plan": {"Node Type": "Aggregate", "Strategy": "Plain", "Partial Mode": "Simple", "Parallel Aware": false, "Async Capable": false, "Startup Cost": 423243.17, "Total Cost": 423243.18, "Plan Rows": 1, "Plan Width": 64, "Plans": [{"Node Type": "Gather", "Parent Relationship": "Outer", "Parallel Aware": false, "Async Capable": false, "Startup Cost": 1001.55, "Total Cost": 423243.15, "Plan Rows": 3, "Plan Width": 33, "Workers Planned": 6, "Single Copy": false, "Plans": [{"Node Type": "Nested Loop", "Parent Relationship": "Outer", "Parallel Aware": false, "Async Capable": false, "Join Type": "Inner", "Startup Cost": 1.55, "Total Cost": 422242.85, "Plan Rows": 1, "Plan Width": 33, "Inner Unique": true, "Plans": [{"Node Type": "Nested Loop", "Parent Relationship": "Outer", "Parallel Aware": false, "Async Capable": false, "Join Type": "Inner", "Startup Cost": 1.42, "Total Cost": 422242.7, "Plan Rows": 1, "Plan Width": 37, "Inner Unique": true, "Plans": [{"Node Type": "Nested Loop", "Parent Relationship": "Outer", "Parallel Aware": false, "Async Capable": false, "Join Type": "Inner", "Startup Cost": 1.0, "Total Cost": 422241.81, "Plan Rows": 2, "Plan Width": 41, "Inner Unique": false, "Join Filter": "(t.id = mc.movie_id)", "Plans": [{"Node Type": "Nested Loop", "Parent Relationship": "Outer", "Parallel Aware": false, "Async Capable": false, "Join Type": "Inner", "Startup Cost": 1.0, "Total Cost": 344712.4, "Plan Rows": 1, "Plan Width": 41, "Inner Unique": true, "Plans": [{"Node Type": "Nested Loop", "Parent Relationship": "Outer", "Parallel Aware": false, "Async Capable": false, "Join Type": "Inner", "Startup Cost": 0.57, "Total Cost": 344706.4, "Plan Rows": 1, "Plan Width": 29, "Inner Unique": true, "Plans": [{"Node Type": "Nested Loop", "Parent Relationship": "Outer", "Parallel Aware": false, "Async Capable": false, "Join Type": "Inner", "Startup Cost": 0.15, "Total Cost": 343375.99, "Plan Rows": 230, "Plan Width": 8, "Inner Unique": true, "Plans": [{"Node Type": "Seq Scan", "Parent Relationship": "Outer", "Parallel Aware": true, "Async Capable": false, "Relation Name": "cast_info", "Alias": "ci", "Startup Cost": 0.0, "Total Cost": 343305.05, "Plan Rows": 2763, "Plan Width": 12, "Filter": "(((note)::text ~~ '%(voice)%'::text) AND ((note)::text ~~ '%(voice)%'::text))"}, {"Node Type": "Memoize", "Parent Relationship": "Inner", "Parallel Aware": false, "Async Capable": false, "Startup Cost": 0.15, "Total Cost": 0.17, "Plan Rows": 1, "Plan Width": 4, "Cache Key": "ci.role_id", "Cache Mode": "logical", "Plans": [{"Node Type": "Index Scan", "Parent Relationship": "Outer", "Parallel Aware": false, "Async Capable": false, "Scan Direction": "Forward", "Index Name": "role_type_pkey", "Relation Name": "role_type", "Alias": "rt", "Startup Cost": 0.14, "Total Cost": 0.16, "Plan Rows": 1, "Plan Width": 4, "Index Cond": "(id = ci.role_id)", "Filter": "((role)::text = 'actress'::text)"}]}]}, {"Node Type": "Index Scan", "Parent Relationship": "Inner", "Parallel Aware": false, "Async Capable": false, "Scan Direction": "Forward", "Index Name": "title_pkey", "Relation Name": "title", "Alias": "t", "Startup Cost": 0.43, "Total Cost": 5.78, "Plan Rows": 1, "Plan Width": 21, "Index Cond": "(id = ci.movie_id)", "Filter": "(production_year = 1971)"}]}, {"Node Type": "Index Scan", "Parent Relationship": "Inner", "Parallel Aware": false, "Async Capable": false, "Scan Direction": "Forward", "Index Name": "char_name_pkey", "Relation Name": "char_name", "Alias": "chn", "Startup Cost": 0.43, "Total Cost": 6.01, "Plan Rows": 1, "Plan Width": 20, "Index Cond": "(id = ci.person_role_id)"}]}, {"Node Type": "Seq Scan", "Parent Relationship": "Inner", "Parallel Aware": false, "Async Capable": false, "Relation Name": "movie_companies", "Alias": "mc", "Startup Cost": 0.0, "Total Cost": 44915.29, "Plan Rows": 2609129, "Plan Width": 12}]}, {"Node Type": "Index Scan", "Parent Relationship": "Inner", "Parallel Aware": false, "Async Capable": false, "Scan Direction": "Forward", "Index Name": "company_name_pkey", "Relation Name": "company_name", "Alias": "cn", "Startup Cost": 0.42, "Total Cost": 0.45, "Plan Rows": 1, "Plan Width": 4, "Index Cond": "(id = mc.company_id)", "Filter": "((country_code)::text = '[us]'::text)"}]}, {"Node Type": "Index Scan", "Parent Relationship": "Inner", "Parallel Aware": false, "Async Capable": false, "Scan Direction": "Forward", "Index Name": "company_type_pkey", "Relation Name": "company_type", "Alias": "ct", "Startup Cost": 0.13, "Total Cost": 0.15, "Plan Rows": 1, "Plan Width": 4, "Index Cond": "(id = mc.company_type_id)"}]}]}]}}, {"Plan": {"Node Type": "Aggregate", "Strategy": "Plain", "Partial Mode": "Simple", "Parallel Aware": false, "Async Capable": false, "Startup Cost": 20001255002.22, "Total Cost": 20001255002.23, "Plan Rows": 1, "Plan Width": 64, "Plans": [{"Node Type": "Nested Loop", "Parent Relationship": "Outer", "Parallel Aware": false, "Async Capable": false, "Join Type": "Inner", "Startup Cost": 20000000001.56, "Total Cost": 20001255002.21, "Plan Rows": 3, "Plan Width": 33, "Inner Unique": true, "Plans": [{"Node Type": "Nested Loop", "Parent Relationship": "Outer", "Parallel Aware": false, "Async Capable": false, "Join Type": "Inner", "Startup Cost": 20000000001.43, "Total Cost": 20001255001.77, "Plan Rows": 3, "Plan Width": 37, "Inner Unique": false, "Join Filter": "(t.id = mc.movie_id)", "Plans": [{"Node Type": "Nested Loop", "Parent Relationship": "Outer", "Parallel Aware": false, "Async Capable": false, "Join Type": "Inner", "Startup Cost": 10000000000.43, "Total Cost": 10000132649.21, "Plan Rows": 942696, "Plan Width": 8, "Inner Unique": true, "Plans": [{"Node Type": "Seq Scan", "Parent Relationship": "Outer", "Parallel Aware": false, "Async Capable": false, "Relation Name": "movie_companies", "Alias": "mc", "Startup Cost": 10000000000.0, "Total Cost": 10000044915.29, "Plan Rows": 2609129, "Plan Width": 12}, {"Node Type": "Memoize", "Parent Relationship": "Inner", "Parallel Aware": false, "Async Capable": false, "Startup Cost": 0.43, "Total Cost": 0.46, "Plan Rows": 1, "Plan Width": 4, "Cache Key": "mc.company_id", "Cache Mode": "logical", "Plans": [{"Node Type": "Index Scan", "Parent Relationship": "Outer", "Parallel Aware": false, "Async Capable": false, "Scan Direction": "Forward", "Index Name": "company_name_pkey", "Relation Name": "company_name", "Alias": "cn", "Startup Cost": 0.42, "Total Cost": 0.45, "Plan Rows": 1, "Plan Width": 4, "Index Cond": "(id = mc.company_id)", "Filter": "((country_code)::text = '[us]'::text)"}]}]}, {"Node Type": "Materialize", "Parent Relationship": "Inner", "Parallel Aware": false, "Async Capable": false, "Startup Cost": 10000000001.0, "Total Cost": 10001065790.81, "Plan Rows": 4, "Plan Width": 41, "Plans": [{"Node Type": "Nested Loop", "Parent Relationship": "Outer", "Parallel Aware": false, "Async Capable": false, "Join Type": "Inner", "Startup Cost": 10000000001.0, "Total Cost": 10001065790.79, "Plan Rows": 4, "Plan Width": 41, "Inner Unique": false, "Join Filter": "(t.id = ci.movie_id)", "Plans": [{"Node Type": "Index Scan", "Parent Relationship": "Outer", "Parallel Aware": false, "Async Capable": false, "Scan Direction": "Forward", "Index Name": "title_pkey", "Relation Name": "title", "Alias": "t", "Startup Cost": 0.43, "Total Cost": 116689.45, "Plan Rows": 14428, "Plan Width": 21, "Filter": "(production_year = 1971)"}, {"Node Type": "Materialize", "Parent Relationship": "Inner", "Parallel Aware": false, "Async Capable": false, "Startup Cost": 10000000000.57, "Total Cost": 10000804750.87, "Plan Rows": 667, "Plan Width": 20, "Plans": [{"Node Type": "Nested Loop", "Parent Relationship": "Outer", "Parallel Aware": false, "Async Capable": false, "Join Type": "Inner", "Startup Cost": 10000000000.57, "Total Cost": 10000804747.54, "Plan Rows": 667, "Plan Width": 20, "Inner Unique": true, "Plans": [{"Node Type": "Nested Loop", "Parent Relationship": "Outer", "Parallel Aware": false, "Async Capable": false, "Join Type": "Inner", "Startup Cost": 10000000000.14, "Total Cost": 10000796449.86, "Plan Rows": 1381, "Plan Width": 8, "Inner Unique": false, "Join Filter": "(rt.id = ci.role_id)", "Plans": [{"Node Type": "Index Scan", "Parent Relationship": "Outer", "Parallel Aware": false, "Async Capable": false, "Scan Direction": "Forward", "Index Name": "role_type_pkey", "Relation Name": "role_type", "Alias": "rt", "Startup Cost": 0.14, "Total Cost": 12.35, "Plan Rows": 1, "Plan Width": 4, "Filter": "((role)::text = 'actress'::text)"}, {"Node Type": "Seq Scan", "Parent Relationship": "Inner", "Parallel Aware": false, "Async Capable": false, "Relation Name": "cast_info", "Alias": "ci", "Startup Cost": 10000000000.0, "Total Cost": 10000796230.3, "Plan Rows": 16577, "Plan Width": 12, "Filter": "(((note)::text ~~ '%(voice)%'::text) AND ((note)::text ~~ '%(voice)%'::text))"}]}, {"Node Type": "Index Scan", "Parent Relationship": "Inner", "Parallel Aware": false, "Async Capable": false, "Scan Direction": "Forward", "Index Name": "char_name_pkey", "Relation Name": "char_name", "Alias": "chn", "Startup Cost": 0.43, "Total Cost": 6.01, "Plan Rows": 1, "Plan Width": 20, "Index Cond": "(id = ci.person_role_id)"}]}]}]}]}]}, {"Node Type": "Index Scan", "Parent Relationship": "Inner", "Parallel Aware": false, "Async Capable": false, "Scan Direction": "Forward", "Index Name": "company_type_pkey", "Relation Name": "company_type", "Alias": "ct", "Startup Cost": 0.13, "Total Cost": 0.15, "Plan Rows": 1, "Plan Width": 4, "Index Cond": "(id = mc.company_type_id)"}]}]}}]