[{"Plan": {"Node Type": "Aggregate", "Strategy": "Plain", "Partial Mode": "Finalize", "Parallel Aware": false, "Async Capable": false, "Startup Cost": 48130.3, "Total Cost": 48130.31, "Plan Rows": 1, "Plan Width": 68, "Plans": [{"Node Type": "Gather", "Parent Relationship": "Outer", "Parallel Aware": false, "Async Capable": false, "Startup Cost": 48129.97, "Total Cost": 48130.28, "Plan Rows": 3, "Plan Width": 68, "Workers Planned": 3, "Single Copy": false, "Plans": [{"Node Type": "Aggregate", "Strategy": "Plain", "Partial Mode": "Partial", "Parent Relationship": "Outer", "Parallel Aware": false, "Async Capable": false, "Startup Cost": 47129.97, "Total Cost": 47129.98, "Plan Rows": 1, "Plan Width": 68, "Plans": [{"Node Type": "Nested Loop", "Parent Relationship": "Outer", "Parallel Aware": false, "Async Capable": false, "Join Type": "Inner", "Startup Cost": 15351.71, "Total Cost": 47128.3, "Plan Rows": 222, "Plan Width": 45, "Inner Unique": true, "Join Filter": "(t.id = mc.movie_id)", "Plans": [{"Node Type": "Hash Join", "Parent Relationship": "Outer", "Parallel Aware": false, "Async Capable": false, "Join Type": "Inner", "Startup Cost": 15351.28, "Total Cost": 46984.21, "Plan Rows": 243, "Plan Width": 32, "Inner Unique": true, "Hash Cond": "(mc.company_type_id = ct.id)", "Plans": [{"Node Type": "Hash Join", "Parent Relationship": "Outer", "Parallel Aware": true, "Async Capable": false, "Join Type": "Inner", "Startup Cost": 15350.21, "Total Cost": 46977.89, "Plan Rows": 973, "Plan Width": 36, "Inner Unique": false, "Hash Cond": "(mc.movie_id = mi_idx.movie_id)", "Plans": [{"Node Type": "Seq Scan", "Parent Relationship": "Outer", "Parallel Aware": true, "Async Capable": false, "Relation Name": "movie_companies", "Alias": "mc", "Startup Cost": 0.0, "Total Cost": 31448.82, "Plan Rows": 46617, "Plan Width": 32, "Filter": "(((note)::text !~~ '%(1994)%'::text) AND ((note)::text ~~ '%(theatrical)%'::text))"}, {"Node Type": "Hash", "Parent Relationship": "Inner", "Parallel Aware": true, "Async Capable": false, "Startup Cost": 15286.6, "Total Cost": 15286.6, "Plan Rows": 5089, "Plan Width": 4, "Plans": [{"Node Type": "Hash Join", "Parent Relationship": "Outer", "Parallel Aware": false, "Async Capable": false, "Join Type": "Inner", "Startup Cost": 2.43, "Total Cost": 15286.6, "Plan Rows": 5089, "Plan Width": 4, "Inner Unique": true, "Hash Cond": "(mi_idx.info_type_id = it.id)", "Plans": [{"Node Type": "Seq Scan", "Parent Relationship": "Outer", "Parallel Aware": true, "Async Capable": false, "Relation Name": "movie_info_idx", "Alias": "mi_idx", "Startup Cost": 0.0, "Total Cost": 13718.15, "Plan Rows": 575015, "Plan Width": 8}, {"Node Type": "Hash", "Parent Relationship": "Inner", "Parallel Aware": false, "Async Capable": false, "Startup Cost": 2.41, "Total Cost": 2.41, "Plan Rows": 1, "Plan Width": 4, "Plans": [{"Node Type": "Seq Scan", "Parent Relationship": "Outer", "Parallel Aware": false, "Async Capable": false, "Relation Name": "info_type", "Alias": "it", "Startup Cost": 0.0, "Total Cost": 2.41, "Plan Rows": 1, "Plan Width": 4, "Filter": "((info)::text = 'bottom 10 rank'::text)"}]}]}]}]}, {"Node Type": "Hash", "Parent Relationship": "Inner", "Parallel Aware": false, "Async Capable": false, "Startup Cost": 1.05, "Total Cost": 1.05, "Plan Rows": 1, "Plan Width": 4, "Plans": [{"Node Type": "Seq Scan", "Parent Relationship": "Outer", "Parallel Aware": false, "Async Capable": false, "Relation Name": "company_type", "Alias": "ct", "Startup Cost": 0.0, "Total Cost": 1.05, "Plan Rows": 1, "Plan Width": 4, "Filter": "((kind)::text = 'distributors'::text)"}]}]}, {"Node Type": "Index Scan", "Parent Relationship": "Inner", "Parallel Aware": false, "Async Capable": false, "Scan Direction": "Forward", "Index Name": "title_pkey", "Relation Name": "title", "Alias": "t", "Startup Cost": 0.43, "Total Cost": 0.58, "Plan Rows": 1, "Plan Width": 25, "Index Cond": "(id = mi_idx.movie_id)", "Filter": "(production_year >= 1947)"}]}]}]}]}}, {"Plan": {"Node Type": "Aggregate", "Strategy": "Plain", "Partial Mode": "Simple", "Parallel Aware": false, "Async Capable": false, "Startup Cost": 50000087646.77, "Total Cost": 50000087646.78, "Plan Rows": 1, "Plan Width": 68, "Plans": [{"Node Type": "Nested Loop", "Parent Relationship": "Outer", "Parallel Aware": false, "Async Capable": false, "Join Type": "Inner", "Startup Cost": 50000025706.28, "Total Cost": 50000087641.62, "Plan Rows": 687, "Plan Width": 45, "Inner Unique": true, "Join Filter": "(t.id = mc.movie_id)", "Plans": [{"Node Type": "Hash Join", "Parent Relationship": "Outer", "Parallel Aware": false, "Async Capable": false, "Join Type": "Inner", "Startup Cost": 40000025705.82, "Total Cost": 40000084255.14, "Plan Rows": 754, "Plan Width": 32, "Inner Unique": true, "Hash Cond": "(mc.company_type_id = ct.id)", "Plans": [{"Node Type": "Hash Join", "Parent Relationship": "Outer", "Parallel Aware": false, "Async Capable": false, "Join Type": "Inner", "Startup Cost": 30000025693.61, "Total Cost": 30000084226.63, "Plan Rows": 3016, "Plan Width": 36, "Inner Unique": false, "Hash Cond": "(mc.movie_id = mi_idx.movie_id)", "Plans": [{"Node Type": "Seq Scan", "Parent Relationship": "Outer", "Parallel Aware": false, "Async Capable": false, "Relation Name": "movie_companies", "Alias": "mc", "Startup Cost": 10000000000.0, "Total Cost": 10000057960.93, "Plan Rows": 144513, "Plan Width": 32, "Filter": "(((note)::text !~~ '%(1994)%'::text) AND ((note)::text ~~ '%(theatrical)%'::text))"}, {"Node Type": "Hash", "Parent Relationship": "Inner", "Parallel Aware": false, "Async Capable": false, "Startup Cost": 20000025540.94, "Total Cost": 20000025540.94, "Plan Rows": 12213, "Plan Width": 4, "Plans": [{"Node Type": "Hash Join", "Parent Relationship": "Outer", "Parallel Aware": false, "Async Capable": false, "Join Type": "Inner", "Startup Cost": 20000000014.13, "Total Cost": 20000025540.94, "Plan Rows": 12213, "Plan Width": 4, "Inner Unique": true, "Hash Cond": "(mi_idx.info_type_id = it.id)", "Plans": [{"Node Type": "Seq Scan", "Parent Relationship": "Outer", "Parallel Aware": false, "Async Capable": false, "Relation Name": "movie_info_idx", "Alias": "mi_idx", "Startup Cost": 10000000000.0, "Total Cost": 10000021768.35, "Plan Rows": 1380035, "Plan Width": 8}, {"Node Type": "Hash", "Parent Relationship": "Inner", "Parallel Aware": false, "Async Capable": false, "Startup Cost": 10000000014.12, "Total Cost": 10000000014.12, "Plan Rows": 1, "Plan Width": 4, "Plans": [{"Node Type": "Index Scan", "Parent Relationship": "Outer", "Parallel Aware": false, "Async Capable": false, "Scan Direction": "Forward", "Index Name": "info_type_pkey", "Relation Name": "info_type", "Alias": "it", "Startup Cost": 10000000000.14, "Total Cost": 10000000014.12, "Plan Rows": 1, "Plan Width": 4, "Filter": "((info)::text = 'bottom 10 rank'::text)"}]}]}]}]}, {"Node Type": "Hash", "Parent Relationship": "Inner", "Parallel Aware": false, "Async Capable": false, "Startup Cost": 10000000012.2, "Total Cost": 10000000012.2, "Plan Rows": 1, "Plan Width": 4, "Plans": [{"Node Type": "Index Scan", "Parent Relationship": "Outer", "Parallel Aware": false, "Async Capable": false, "Scan Direction": "Forward", "Index Name": "company_type_pkey", "Relation Name": "company_type", "Alias": "ct", "Startup Cost": 10000000000.13, "Total Cost": 10000000012.2, "Plan Rows": 1, "Plan Width": 4, "Filter": "((kind)::text = 'distributors'::text)"}]}]}, {"Node Type": "Bitmap Heap Scan", "Parent Relationship": "Inner", "Parallel Aware": false, "Async Capable": false, "Relation Name": "title", "Alias": "t", "Startup Cost": 0.46, "Total Cost": 4.48, "Plan Rows": 1, "Plan Width": 25, "Recheck Cond": "(id = mi_idx.movie_id)", "Filter": "(production_year >= 1947)", "Plans": [{"Node Type": "Bitmap Index Scan", "Parent Relationship": "Outer", "Parallel Aware": false, "Async Capable": false, "Index Name": "title_pkey", "Startup Cost": 0.0, "Total Cost": 0.46, "Plan Rows": 1, "Plan Width": 0, "Index Cond": "(id = mi_idx.movie_id)"}]}]}]}}, {"Plan": {"Node Type": "Aggregate", "Strategy": "Plain", "Partial Mode": "Simple", "Parallel Aware": false, "Async Capable": false, "Startup Cost": 20000209599.14, "Total Cost": 20000209599.15, "Plan Rows": 1, "Plan Width": 68, "Plans": [{"Node Type": "Hash Join", "Parent Relationship": "Outer", "Parallel Aware": false, "Async Capable": false, "Join Type": "Inner", "Startup Cost": 20000084265.0, "Total Cost": 20000209593.98, "Plan Rows": 687, "Plan Width": 45, "Inner Unique": false, "Hash Cond": "(t.id = mc.movie_id)", "Plans": [{"Node Type": "Index Scan", "Parent Relationship": "Outer", "Parallel Aware": false, "Async Capable": false, "Scan Direction": "Forward", "Index Name": "title_pkey", "Relation Name": "title", "Alias": "t", "Startup Cost": 0.43, "Total Cost": 116689.45, "Plan Rows": 2302160, "Plan Width": 25, "Filter": "(production_year >= 1947)"}, {"Node Type": "Hash", "Parent Relationship": "Inner", "Parallel Aware": false, "Async Capable": false, "Startup Cost": 20000084255.14, "Total Cost": 20000084255.14, "Plan Rows": 754, "Plan Width": 32, "Plans": [{"Node Type": "Hash Join", "Parent Relationship": "Outer", "Parallel Aware": false, "Async Capable": false, "Join Type": "Inner", "Startup Cost": 20000025705.82, "Total Cost": 20000084255.14, "Plan Rows": 754, "Plan Width": 32, "Inner Unique": true, "Hash Cond": "(mc.company_type_id = ct.id)", "Plans": [{"Node Type": "Hash Join", "Parent Relationship": "Outer", "Parallel Aware": false, "Async Capable": false, "Join Type": "Inner", "Startup Cost": 20000025693.61, "Total Cost": 20000084226.63, "Plan Rows": 3016, "Plan Width": 36, "Inner Unique": false, "Hash Cond": "(mc.movie_id = mi_idx.movie_id)", "Plans": [{"Node Type": "Seq Scan", "Parent Relationship": "Outer", "Parallel Aware": false, "Async Capable": false, "Relation Name": "movie_companies", "Alias": "mc", "Startup Cost": 10000000000.0, "Total Cost": 10000057960.93, "Plan Rows": 144513, "Plan Width": 32, "Filter": "(((note)::text !~~ '%(1994)%'::text) AND ((note)::text ~~ '%(theatrical)%'::text))"}, {"Node Type": "Hash", "Parent Relationship": "Inner", "Parallel Aware": false, "Async Capable": false, "Startup Cost": 10000025540.94, "Total Cost": 10000025540.94, "Plan Rows": 12213, "Plan Width": 4, "Plans": [{"Node Type": "Hash Join", "Parent Relationship": "Outer", "Parallel Aware": false, "Async Capable": false, "Join Type": "Inner", "Startup Cost": 10000000014.13, "Total Cost": 10000025540.94, "Plan Rows": 12213, "Plan Width": 4, "Inner Unique": true, "Hash Cond": "(mi_idx.info_type_id = it.id)", "Plans": [{"Node Type": "Seq Scan", "Parent Relationship": "Outer", "Parallel Aware": false, "Async Capable": false, "Relation Name": "movie_info_idx", "Alias": "mi_idx", "Startup Cost": 10000000000.0, "Total Cost": 10000021768.35, "Plan Rows": 1380035, "Plan Width": 8}, {"Node Type": "Hash", "Parent Relationship": "Inner", "Parallel Aware": false, "Async Capable": false, "Startup Cost": 14.12, "Total Cost": 14.12, "Plan Rows": 1, "Plan Width": 4, "Plans": [{"Node Type": "Index Scan", "Parent Relationship": "Outer", "Parallel Aware": false, "Async Capable": false, "Scan Direction": "Forward", "Index Name": "info_type_pkey", "Relation Name": "info_type", "Alias": "it", "Startup Cost": 0.14, "Total Cost": 14.12, "Plan Rows": 1, "Plan Width": 4, "Filter": "((info)::text = 'bottom 10 rank'::text)"}]}]}]}]}, {"Node Type": "Hash", "Parent Relationship": "Inner", "Parallel Aware": false, "Async Capable": false, "Startup Cost": 12.2, "Total Cost": 12.2, "Plan Rows": 1, "Plan Width": 4, "Plans": [{"Node Type": "Index Scan", "Parent Relationship": "Outer", "Parallel Aware": false, "Async Capable": false, "Scan Direction": "Forward", "Index Name": "company_type_pkey", "Relation Name": "company_type", "Alias": "ct", "Startup Cost": 0.13, "Total Cost": 12.2, "Plan Rows": 1, "Plan Width": 4, "Filter": "((kind)::text = 'distributors'::text)"}]}]}]}]}]}}, {"Plan": {"Node Type": "Aggregate", "Strategy": "Plain", "Partial Mode": "Simple", "Parallel Aware": false, "Async Capable": false, "Startup Cost": 20000207546.85, "Total Cost": 20000207546.86, "Plan Rows": 1, "Plan Width": 68, "Plans": [{"Node Type": "Hash Join", "Parent Relationship": "Outer", "Parallel Aware": false, "Async Capable": false, "Join Type": "Inner", "Startup Cost": 20000149017.63, "Total Cost": 20000207541.69, "Plan Rows": 687, "Plan Width": 45, "Inner Unique": true, "Hash Cond": "(mc.company_type_id = ct.id)", "Plans": [{"Node Type": "Hash Join", "Parent Relationship": "Outer", "Parallel Aware": false, "Async Capable": false, "Join Type": "Inner", "Startup Cost": 20000149005.42, "Total Cost": 20000207514.64, "Plan Rows": 2746, "Plan Width": 49, "Inner Unique": false, "Hash Cond": "(mc.movie_id = t.id)", "Plans": [{"Node Type": "Seq Scan", "Parent Relationship": "Outer", "Parallel Aware": false, "Async Capable": false, "Relation Name": "movie_companies", "Alias": "mc", "Startup Cost": 10000000000.0, "Total Cost": 10000057960.93, "Plan Rows": 144513, "Plan Width": 32, "Filter": "(((note)::text !~~ '%(1994)%'::text) AND ((note)::text ~~ '%(theatrical)%'::text))"}, {"Node Type": "Hash", "Parent Relationship": "Inner", "Parallel Aware": false, "Async Capable": false, "Startup Cost": 10000148866.41, "Total Cost": 10000148866.41, "Plan Rows": 11121, "Plan Width": 29, "Plans": [{"Node Type": "Merge Join", "Parent Relationship": "Outer", "Parallel Aware": false, "Async Capable": false, "Join Type": "Inner", "Startup Cost": 10000026372.9, "Total Cost": 10000148866.41, "Plan Rows": 11121, "Plan Width": 29, "Inner Unique": true, "Merge Cond": "(mi_idx.movie_id = t.id)", "Plans": [{"Node Type": "Sort", "Parent Relationship": "Outer", "Parallel Aware": false, "Async Capable": false, "Startup Cost": 10000026369.97, "Total Cost": 10000026400.5, "Plan Rows": 12213, "Plan Width": 4, "Sort Key": ["mi_idx.movie_id"], "Plans": [{"Node Type": "Hash Join", "Parent Relationship": "Outer", "Parallel Aware": false, "Async Capable": false, "Join Type": "Inner", "Startup Cost": 10000000014.13, "Total Cost": 10000025540.94, "Plan Rows": 12213, "Plan Width": 4, "Inner Unique": true, "Hash Cond": "(mi_idx.info_type_id = it.id)", "Plans": [{"Node Type": "Seq Scan", "Parent Relationship": "Outer", "Parallel Aware": false, "Async Capable": false, "Relation Name": "movie_info_idx", "Alias": "mi_idx", "Startup Cost": 10000000000.0, "Total Cost": 10000021768.35, "Plan Rows": 1380035, "Plan Width": 8}, {"Node Type": "Hash", "Parent Relationship": "Inner", "Parallel Aware": false, "Async Capable": false, "Startup Cost": 14.12, "Total Cost": 14.12, "Plan Rows": 1, "Plan Width": 4, "Plans": [{"Node Type": "Index Scan", "Parent Relationship": "Outer", "Parallel Aware": false, "Async Capable": false, "Scan Direction": "Forward", "Index Name": "info_type_pkey", "Relation Name": "info_type", "Alias": "it", "Startup Cost": 0.14, "Total Cost": 14.12, "Plan Rows": 1, "Plan Width": 4, "Filter": "((info)::text = 'bottom 10 rank'::text)"}]}]}]}, {"Node Type": "Index Scan", "Parent Relationship": "Inner", "Parallel Aware": false, "Async Capable": false, "Scan Direction": "Forward", "Index Name": "title_pkey", "Relation Name": "title", "Alias": "t", "Startup Cost": 0.43, "Total Cost": 116689.45, "Plan Rows": 2302160, "Plan Width": 25, "Filter": "(production_year >= 1947)"}]}]}]}, {"Node Type": "Hash", "Parent Relationship": "Inner", "Parallel Aware": false, "Async Capable": false, "Startup Cost": 12.2, "Total Cost": 12.2, "Plan Rows": 1, "Plan Width": 4, "Plans": [{"Node Type": "Index Scan", "Parent Relationship": "Outer", "Parallel Aware": false, "Async Capable": false, "Scan Direction": "Forward", "Index Name": "company_type_pkey", "Relation Name": "company_type", "Alias": "ct", "Startup Cost": 0.13, "Total Cost": 12.2, "Plan Rows": 1, "Plan Width": 4, "Filter": "((kind)::text = 'distributors'::text)"}]}]}]}}, {"Plan": {"Node Type": "Aggregate", "Strategy": "Plain", "Partial Mode": "Simple", "Parallel Aware": false, "Async Capable": false, "Startup Cost": 20000088560.91, "Total Cost": 20000088560.92, "Plan Rows": 1, "Plan Width": 68, "Plans": [{"Node Type": "Nested Loop", "Parent Relationship": "Outer", "Parallel Aware": false, "Async Capable": false, "Join Type": "Inner", "Startup Cost": 20000087859.86, "Total Cost": 20000088555.76, "Plan Rows": 687, "Plan Width": 45, "Inner Unique": true, "Join Filter": "(t.id = mc.movie_id)", "Plans": [{"Node Type": "Merge Join", "Parent Relationship": "Outer", "Parallel Aware": false, "Async Capable": false, "Join Type": "Inner", "Startup Cost": 20000087859.43, "Total Cost": 20000088108.67, "Plan Rows": 754, "Plan Width": 32, "Inner Unique": false, "Merge Cond": "(mc.movie_id = mi_idx.movie_id)", "Plans": [{"Node Type": "Sort", "Parent Relationship": "Outer", "Parallel Aware": false, "Async Capable": false, "Startup Cost": 10000061489.46, "Total Cost": 10000061579.78, "Plan Rows": 36128, "Plan Width": 28, "Sort Key": ["mc.movie_id"], "Plans": [{"Node Type": "Hash Join", "Parent Relationship": "Outer", "Parallel Aware": false, "Async Capable": false, "Join Type": "Inner", "Startup Cost": 10000000012.21, "Total Cost": 10000058754.42, "Plan Rows": 36128, "Plan Width": 28, "Inner Unique": true, "Hash Cond": "(mc.company_type_id = ct.id)", "Plans": [{"Node Type": "Seq Scan", "Parent Relationship": "Outer", "Parallel Aware": false, "Async Capable": false, "Relation Name": "movie_companies", "Alias": "mc", "Startup Cost": 10000000000.0, "Total Cost": 10000057960.93, "Plan Rows": 144513, "Plan Width": 32, "Filter": "(((note)::text !~~ '%(1994)%'::text) AND ((note)::text ~~ '%(theatrical)%'::text))"}, {"Node Type": "Hash", "Parent Relationship": "Inner", "Parallel Aware": false, "Async Capable": false, "Startup Cost": 12.2, "Total Cost": 12.2, "Plan Rows": 1, "Plan Width": 4, "Plans": [{"Node Type": "Index Scan", "Parent Relationship": "Outer", "Parallel Aware": false, "Async Capable": false, "Scan Direction": "Forward", "Index Name": "company_type_pkey", "Relation Name": "company_type", "Alias": "ct", "Startup Cost": 0.13, "Total Cost": 12.2, "Plan Rows": 1, "Plan Width": 4, "Filter": "((kind)::text = 'distributors'::text)"}]}]}]}, {"Node Type": "Sort", "Parent Relationship": "Inner", "Parallel Aware": false, "Async Capable": false, "Startup Cost": 10000026369.97, "Total Cost": 10000026400.5, "Plan Rows": 12213, "Plan Width": 4, "Sort Key": ["mi_idx.movie_id"], "Plans": [{"Node Type": "Hash Join", "Parent Relationship": "Outer", "Parallel Aware": false, "Async Capable": false, "Join Type": "Inner", "Startup Cost": 10000000014.13, "Total Cost": 10000025540.94, "Plan Rows": 12213, "Plan Width": 4, "Inner Unique": true, "Hash Cond": "(mi_idx.info_type_id = it.id)", "Plans": [{"Node Type": "Seq Scan", "Parent Relationship": "Outer", "Parallel Aware": false, "Async Capable": false, "Relation Name": "movie_info_idx", "Alias": "mi_idx", "Startup Cost": 10000000000.0, "Total Cost": 10000021768.35, "Plan Rows": 1380035, "Plan Width": 8}, {"Node Type": "Hash", "Parent Relationship": "Inner", "Parallel Aware": false, "Async Capable": false, "Startup Cost": 14.12, "Total Cost": 14.12, "Plan Rows": 1, "Plan Width": 4, "Plans": [{"Node Type": "Index Scan", "Parent Relationship": "Outer", "Parallel Aware": false, "Async Capable": false, "Scan Direction": "Forward", "Index Name": "info_type_pkey", "Relation Name": "info_type", "Alias": "it", "Startup Cost": 0.14, "Total Cost": 14.12, "Plan Rows": 1, "Plan Width": 4, "Filter": "((info)::text = 'bottom 10 rank'::text)"}]}]}]}]}, {"Node Type": "Index Scan", "Parent Relationship": "Inner", "Parallel Aware": false, "Async Capable": false, "Scan Direction": "Forward", "Index Name": "title_pkey", "Relation Name": "title", "Alias": "t", "Startup Cost": 0.43, "Total Cost": 0.58, "Plan Rows": 1, "Plan Width": 25, "Index Cond": "(id = mi_idx.movie_id)", "Filter": "(production_year >= 1947)"}]}]}}, {"Plan": {"Node Type": "Aggregate", "Strategy": "Plain", "Partial Mode": "Finalize", "Parallel Aware": false, "Async Capable": false, "Startup Cost": 94056.78, "Total Cost": 94056.79, "Plan Rows": 1, "Plan Width": 68, "Plans": [{"Node Type": "Gather", "Parent Relationship": "Outer", "Parallel Aware": false, "Async Capable": false, "Startup Cost": 94056.34, "Total Cost": 94056.75, "Plan Rows": 4, "Plan Width": 68, "Workers Planned": 4, "Single Copy": false, "Plans": [{"Node Type": "Aggregate", "Strategy": "Plain", "Partial Mode": "Partial", "Parent Relationship": "Outer", "Parallel Aware": false, "Async Capable": false, "Startup Cost": 93056.34, "Total Cost": 93056.35, "Plan Rows": 1, "Plan Width": 68, "Plans": [{"Node Type": "Hash Join", "Parent Relationship": "Outer", "Parallel Aware": true, "Async Capable": false, "Join Type": "Inner", "Startup Cost": 46987.25, "Total Cost": 93055.05, "Plan Rows": 172, "Plan Width": 45, "Inner Unique": false, "Hash Cond": "(t.id = mc.movie_id)", "Plans": [{"Node Type": "Seq Scan", "Parent Relationship": "Outer", "Parallel Aware": true, "Async Capable": false, "Relation Name": "title", "Alias": "t", "Startup Cost": 0.0, "Total Cost": 43908.97, "Plan Rows": 575540, "Plan Width": 25, "Filter": "(production_year >= 1947)"}, {"Node Type": "Hash", "Parent Relationship": "Inner", "Parallel Aware": true, "Async Capable": false, "Startup Cost": 46984.21, "Total Cost": 46984.21, "Plan Rows": 243, "Plan Width": 32, "Plans": [{"Node Type": "Hash Join", "Parent Relationship": "Outer", "Parallel Aware": false, "Async Capable": false, "Join Type": "Inner", "Startup Cost": 15351.28, "Total Cost": 46984.21, "Plan Rows": 243, "Plan Width": 32, "Inner Unique": true, "Hash Cond": "(mc.company_type_id = ct.id)", "Plans": [{"Node Type": "Hash Join", "Parent Relationship": "Outer", "Parallel Aware": true, "Async Capable": false, "Join Type": "Inner", "Startup Cost": 15350.21, "Total Cost": 46977.89, "Plan Rows": 973, "Plan Width": 36, "Inner Unique": false, "Hash Cond": "(mc.movie_id = mi_idx.movie_id)", "Plans": [{"Node Type": "Seq Scan", "Parent Relationship": "Outer", "Parallel Aware": true, "Async Capable": false, "Relation Name": "movie_companies", "Alias": "mc", "Startup Cost": 0.0, "Total Cost": 31448.82, "Plan Rows": 46617, "Plan Width": 32, "Filter": "(((note)::text !~~ '%(1994)%'::text) AND ((note)::text ~~ '%(theatrical)%'::text))"}, {"Node Type": "Hash", "Parent Relationship": "Inner", "Parallel Aware": true, "Async Capable": false, "Startup Cost": 15286.6, "Total Cost": 15286.6, "Plan Rows": 5089, "Plan Width": 4, "Plans": [{"Node Type": "Hash Join", "Parent Relationship": "Outer", "Parallel Aware": false, "Async Capable": false, "Join Type": "Inner", "Startup Cost": 2.43, "Total Cost": 15286.6, "Plan Rows": 5089, "Plan Width": 4, "Inner Unique": true, "Hash Cond": "(mi_idx.info_type_id = it.id)", "Plans": [{"Node Type": "Seq Scan", "Parent Relationship": "Outer", "Parallel Aware": true, "Async Capable": false, "Relation Name": "movie_info_idx", "Alias": "mi_idx", "Startup Cost": 0.0, "Total Cost": 13718.15, "Plan Rows": 575015, "Plan Width": 8}, {"Node Type": "Hash", "Parent Relationship": "Inner", "Parallel Aware": false, "Async Capable": false, "Startup Cost": 2.41, "Total Cost": 2.41, "Plan Rows": 1, "Plan Width": 4, "Plans": [{"Node Type": "Seq Scan", "Parent Relationship": "Outer", "Parallel Aware": false, "Async Capable": false, "Relation Name": "info_type", "Alias": "it", "Startup Cost": 0.0, "Total Cost": 2.41, "Plan Rows": 1, "Plan Width": 4, "Filter": "((info)::text = 'bottom 10 rank'::text)"}]}]}]}]}, {"Node Type": "Hash", "Parent Relationship": "Inner", "Parallel Aware": false, "Async Capable": false, "Startup Cost": 1.05, "Total Cost": 1.05, "Plan Rows": 1, "Plan Width": 4, "Plans": [{"Node Type": "Seq Scan", "Parent Relationship": "Outer", "Parallel Aware": false, "Async Capable": false, "Relation Name": "company_type", "Alias": "ct", "Startup Cost": 0.0, "Total Cost": 1.05, "Plan Rows": 1, "Plan Width": 4, "Filter": "((kind)::text = 'distributors'::text)"}]}]}]}]}]}]}]}}, {"Plan": {"Node Type": "Aggregate", "Strategy": "Plain", "Partial Mode": "Simple", "Parallel Aware": false, "Async Capable": false, "Startup Cost": 20000084707.39, "Total Cost": 20000084707.4, "Plan Rows": 1, "Plan Width": 68, "Plans": [{"Node Type": "Nested Loop", "Parent Relationship": "Outer", "Parallel Aware": false, "Async Capable": false, "Join Type": "Inner", "Startup Cost": 20000025706.25, "Total Cost": 20000084702.24, "Plan Rows": 687, "Plan Width": 45, "Inner Unique": true, "Join Filter": "(t.id = mc.movie_id)", "Plans": [{"Node Type": "Hash Join", "Parent Relationship": "Outer", "Parallel Aware": false, "Async Capable": false, "Join Type": "Inner", "Startup Cost": 20000025705.82, "Total Cost": 20000084255.14, "Plan Rows": 754, "Plan Width": 32, "Inner Unique": true, "Hash Cond": "(mc.company_type_id = ct.id)", "Plans": [{"Node Type": "Hash Join", "Parent Relationship": "Outer", "Parallel Aware": false, "Async Capable": false, "Join Type": "Inner", "Startup Cost": 20000025693.61, "Total Cost": 20000084226.63, "Plan Rows": 3016, "Plan Width": 36, "Inner Unique": false, "Hash Cond": "(mc.movie_id = mi_idx.movie_id)", "Plans": [{"Node Type": "Seq Scan", "Parent Relationship": "Outer", "Parallel Aware": false, "Async Capable": false, "Relation Name": "movie_companies", "Alias": "mc", "Startup Cost": 10000000000.0, "Total Cost": 10000057960.93, "Plan Rows": 144513, "Plan Width": 32, "Filter": "(((note)::text !~~ '%(1994)%'::text) AND ((note)::text ~~ '%(theatrical)%'::text))"}, {"Node Type": "Hash", "Parent Relationship": "Inner", "Parallel Aware": false, "Async Capable": false, "Startup Cost": 10000025540.94, "Total Cost": 10000025540.94, "Plan Rows": 12213, "Plan Width": 4, "Plans": [{"Node Type": "Hash Join", "Parent Relationship": "Outer", "Parallel Aware": false, "Async Capable": false, "Join Type": "Inner", "Startup Cost": 10000000014.13, "Total Cost": 10000025540.94, "Plan Rows": 12213, "Plan Width": 4, "Inner Unique": true, "Hash Cond": "(mi_idx.info_type_id = it.id)", "Plans": [{"Node Type": "Seq Scan", "Parent Relationship": "Outer", "Parallel Aware": false, "Async Capable": false, "Relation Name": "movie_info_idx", "Alias": "mi_idx", "Startup Cost": 10000000000.0, "Total Cost": 10000021768.35, "Plan Rows": 1380035, "Plan Width": 8}, {"Node Type": "Hash", "Parent Relationship": "Inner", "Parallel Aware": false, "Async Capable": false, "Startup Cost": 14.12, "Total Cost": 14.12, "Plan Rows": 1, "Plan Width": 4, "Plans": [{"Node Type": "Index Scan", "Parent Relationship": "Outer", "Parallel Aware": false, "Async Capable": false, "Scan Direction": "Forward", "Index Name": "info_type_pkey", "Relation Name": "info_type", "Alias": "it", "Startup Cost": 0.14, "Total Cost": 14.12, "Plan Rows": 1, "Plan Width": 4, "Filter": "((info)::text = 'bottom 10 rank'::text)"}]}]}]}]}, {"Node Type": "Hash", "Parent Relationship": "Inner", "Parallel Aware": false, "Async Capable": false, "Startup Cost": 12.2, "Total Cost": 12.2, "Plan Rows": 1, "Plan Width": 4, "Plans": [{"Node Type": "Index Scan", "Parent Relationship": "Outer", "Parallel Aware": false, "Async Capable": false, "Scan Direction": "Forward", "Index Name": "company_type_pkey", "Relation Name": "company_type", "Alias": "ct", "Startup Cost": 0.13, "Total Cost": 12.2, "Plan Rows": 1, "Plan Width": 4, "Filter": "((kind)::text = 'distributors'::text)"}]}]}, {"Node Type": "Index Scan", "Parent Relationship": "Inner", "Parallel Aware": false, "Async Capable": false, "Scan Direction": "Forward", "Index Name": "title_pkey", "Relation Name": "title", "Alias": "t", "Startup Cost": 0.43, "Total Cost": 0.58, "Plan Rows": 1, "Plan Width": 25, "Index Cond": "(id = mi_idx.movie_id)", "Filter": "(production_year >= 1947)"}]}]}}, {"Plan": {"Node Type": "Aggregate", "Strategy": "Plain", "Partial Mode": "Simple", "Parallel Aware": false, "Async Capable": false, "Startup Cost": 50000091500.29, "Total Cost": 50000091500.3, "Plan Rows": 1, "Plan Width": 68, "Plans": [{"Node Type": "Nested Loop", "Parent Relationship": "Outer", "Parallel Aware": false, "Async Capable": false, "Join Type": "Inner", "Startup Cost": 50000087859.89, "Total Cost": 50000091495.14, "Plan Rows": 687, "Plan Width": 45, "Inner Unique": true, "Join Filter": "(t.id = mc.movie_id)", "Plans": [{"Node Type": "Merge Join", "Parent Relationship": "Outer", "Parallel Aware": false, "Async Capable": false, "Join Type": "Inner", "Startup Cost": 40000087859.43, "Total Cost": 40000088108.67, "Plan Rows": 754, "Plan Width": 32, "Inner Unique": false, "Merge Cond": "(mc.movie_id = mi_idx.movie_id)", "Plans": [{"Node Type": "Sort", "Parent Relationship": "Outer", "Parallel Aware": false, "Async Capable": false, "Startup Cost": 20000061489.46, "Total Cost": 20000061579.78, "Plan Rows": 36128, "Plan Width": 28, "Sort Key": ["mc.movie_id"], "Plans": [{"Node Type": "Hash Join", "Parent Relationship": "Outer", "Parallel Aware": false, "Async Capable": false, "Join Type": "Inner", "Startup Cost": 20000000012.21, "Total Cost": 20000058754.42, "Plan Rows": 36128, "Plan Width": 28, "Inner Unique": true, "Hash Cond": "(mc.company_type_id = ct.id)", "Plans": [{"Node Type": "Seq Scan", "Parent Relationship": "Outer", "Parallel Aware": false, "Async Capable": false, "Relation Name": "movie_companies", "Alias": "mc", "Startup Cost": 10000000000.0, "Total Cost": 10000057960.93, "Plan Rows": 144513, "Plan Width": 32, "Filter": "(((note)::text !~~ '%(1994)%'::text) AND ((note)::text ~~ '%(theatrical)%'::text))"}, {"Node Type": "Hash", "Parent Relationship": "Inner", "Parallel Aware": false, "Async Capable": false, "Startup Cost": 10000000012.2, "Total Cost": 10000000012.2, "Plan Rows": 1, "Plan Width": 4, "Plans": [{"Node Type": "Index Scan", "Parent Relationship": "Outer", "Parallel Aware": false, "Async Capable": false, "Scan Direction": "Forward", "Index Name": "company_type_pkey", "Relation Name": "company_type", "Alias": "ct", "Startup Cost": 10000000000.13, "Total Cost": 10000000012.2, "Plan Rows": 1, "Plan Width": 4, "Filter": "((kind)::text = 'distributors'::text)"}]}]}]}, {"Node Type": "Sort", "Parent Relationship": "Inner", "Parallel Aware": false, "Async Capable": false, "Startup Cost": 20000026369.97, "Total Cost": 20000026400.5, "Plan Rows": 12213, "Plan Width": 4, "Sort Key": ["mi_idx.movie_id"], "Plans": [{"Node Type": "Hash Join", "Parent Relationship": "Outer", "Parallel Aware": false, "Async Capable": false, "Join Type": "Inner", "Startup Cost": 20000000014.13, "Total Cost": 20000025540.94, "Plan Rows": 12213, "Plan Width": 4, "Inner Unique": true, "Hash Cond": "(mi_idx.info_type_id = it.id)", "Plans": [{"Node Type": "Seq Scan", "Parent Relationship": "Outer", "Parallel Aware": false, "Async Capable": false, "Relation Name": "movie_info_idx", "Alias": "mi_idx", "Startup Cost": 10000000000.0, "Total Cost": 10000021768.35, "Plan Rows": 1380035, "Plan Width": 8}, {"Node Type": "Hash", "Parent Relationship": "Inner", "Parallel Aware": false, "Async Capable": false, "Startup Cost": 10000000014.12, "Total Cost": 10000000014.12, "Plan Rows": 1, "Plan Width": 4, "Plans": [{"Node Type": "Index Scan", "Parent Relationship": "Outer", "Parallel Aware": false, "Async Capable": false, "Scan Direction": "Forward", "Index Name": "info_type_pkey", "Relation Name": "info_type", "Alias": "it", "Startup Cost": 10000000000.14, "Total Cost": 10000000014.12, "Plan Rows": 1, "Plan Width": 4, "Filter": "((info)::text = 'bottom 10 rank'::text)"}]}]}]}]}, {"Node Type": "Bitmap Heap Scan", "Parent Relationship": "Inner", "Parallel Aware": false, "Async Capable": false, "Relation Name": "title", "Alias": "t", "Startup Cost": 0.46, "Total Cost": 4.48, "Plan Rows": 1, "Plan Width": 25, "Recheck Cond": "(id = mi_idx.movie_id)", "Filter": "(production_year >= 1947)", "Plans": [{"Node Type": "Bitmap Index Scan", "Parent Relationship": "Outer", "Parallel Aware": false, "Async Capable": false, "Index Name": "title_pkey", "Startup Cost": 0.0, "Total Cost": 0.46, "Plan Rows": 1, "Plan Width": 0, "Index Cond": "(id = mi_idx.movie_id)"}]}]}]}}, {"Plan": {"Node Type": "Aggregate", "Strategy": "Plain", "Partial Mode": "Simple", "Parallel Aware": false, "Async Capable": false, "Startup Cost": 20000125085.36, "Total Cost": 20000125085.37, "Plan Rows": 1, "Plan Width": 68, "Plans": [{"Node Type": "Nested Loop", "Parent Relationship": "Outer", "Parallel Aware": false, "Async Capable": false, "Join Type": "Inner", "Startup Cost": 20000121444.95, "Total Cost": 20000125080.2, "Plan Rows": 687, "Plan Width": 45, "Inner Unique": true, "Join Filter": "(t.id = mc.movie_id)", "Plans": [{"Node Type": "Merge Join", "Parent Relationship": "Outer", "Parallel Aware": false, "Async Capable": false, "Join Type": "Inner", "Startup Cost": 20000121444.49, "Total Cost": 20000121693.73, "Plan Rows": 754, "Plan Width": 32, "Inner Unique": false, "Merge Cond": "(mc.movie_id = mi_idx.movie_id)", "Plans": [{"Node Type": "Sort", "Parent Relationship": "Outer", "Parallel Aware": false, "Async Capable": false, "Startup Cost": 10000064321.25, "Total Cost": 10000064411.57, "Plan Rows": 36128, "Plan Width": 28, "Sort Key": ["mc.movie_id"], "Plans": [{"Node Type": "Nested Loop", "Parent Relationship": "Outer", "Parallel Aware": false, "Async Capable": false, "Join Type": "Inner", "Startup Cost": 10000000000.15, "Total Cost": 10000061586.21, "Plan Rows": 36128, "Plan Width": 28, "Inner Unique": true, "Plans": [{"Node Type": "Seq Scan", "Parent Relationship": "Outer", "Parallel Aware": false, "Async Capable": false, "Relation Name": "movie_companies", "Alias": "mc", "Startup Cost": 10000000000.0, "Total Cost": 10000057960.93, "Plan Rows": 144513, "Plan Width": 32, "Filter": "(((note)::text !~~ '%(1994)%'::text) AND ((note)::text ~~ '%(theatrical)%'::text))"}, {"Node Type": "Memoize", "Parent Relationship": "Inner", "Parallel Aware": false, "Async Capable": false, "Startup Cost": 0.15, "Total Cost": 4.16, "Plan Rows": 1, "Plan Width": 4, "Cache Key": "mc.company_type_id", "Cache Mode": "logical", "Plans": [{"Node Type": "Bitmap Heap Scan", "Parent Relationship": "Outer", "Parallel Aware": false, "Async Capable": false, "Relation Name": "company_type", "Alias": "ct", "Startup Cost": 0.14, "Total Cost": 4.15, "Plan Rows": 1, "Plan Width": 4, "Recheck Cond": "(id = mc.company_type_id)", "Filter": "((kind)::text = 'distributors'::text)", "Plans": [{"Node Type": "Bitmap Index Scan", "Parent Relationship": "Outer", "Parallel Aware": false, "Async Capable": false, "Index Name": "company_type_pkey", "Startup Cost": 0.0, "Total Cost": 0.14, "Plan Rows": 1, "Plan Width": 0, "Index Cond": "(id = mc.company_type_id)"}]}]}]}]}, {"Node Type": "Sort", "Parent Relationship": "Inner", "Parallel Aware": false, "Async Capable": false, "Startup Cost": 10000057123.24, "Total Cost": 10000057153.77, "Plan Rows": 12213, "Plan Width": 4, "Sort Key": ["mi_idx.movie_id"], "Plans": [{"Node Type": "Nested Loop", "Parent Relationship": "Outer", "Parallel Aware": false, "Async Capable": false, "Join Type": "Inner", "Startup Cost": 10000000000.16, "Total Cost": 10000056294.21, "Plan Rows": 12213, "Plan Width": 4, "Inner Unique": true, "Plans": [{"Node Type": "Seq Scan", "Parent Relationship": "Outer", "Parallel Aware": false, "Async Capable": false, "Relation Name": "movie_info_idx", "Alias": "mi_idx", "Startup Cost": 10000000000.0, "Total Cost": 10000021768.35, "Plan Rows": 1380035, "Plan Width": 8}, {"Node Type": "Memoize", "Parent Relationship": "Inner", "Parallel Aware": false, "Async Capable": false, "Startup Cost": 0.16, "Total Cost": 4.18, "Plan Rows": 1, "Plan Width": 4, "Cache Key": "mi_idx.info_type_id", "Cache Mode": "logical", "Plans": [{"Node Type": "Bitmap Heap Scan", "Parent Relationship": "Outer", "Parallel Aware": false, "Async Capable": false, "Relation Name": "info_type", "Alias": "it", "Startup Cost": 0.15, "Total Cost": 4.17, "Plan Rows": 1, "Plan Width": 4, "Recheck Cond": "(id = mi_idx.info_type_id)", "Filter": "((info)::text = 'bottom 10 rank'::text)", "Plans": [{"Node Type": "Bitmap Index Scan", "Parent Relationship": "Outer", "Parallel Aware": false, "Async Capable": false, "Index Name": "info_type_pkey", "Startup Cost": 0.0, "Total Cost": 0.15, "Plan Rows": 1, "Plan Width": 0, "Index Cond": "(id = mi_idx.info_type_id)"}]}]}]}]}]}, {"Node Type": "Bitmap Heap Scan", "Parent Relationship": "Inner", "Parallel Aware": false, "Async Capable": false, "Relation Name": "title", "Alias": "t", "Startup Cost": 0.46, "Total Cost": 4.48, "Plan Rows": 1, "Plan Width": 25, "Recheck Cond": "(id = mi_idx.movie_id)", "Filter": "(production_year >= 1947)", "Plans": [{"Node Type": "Bitmap Index Scan", "Parent Relationship": "Outer", "Parallel Aware": false, "Async Capable": false, "Index Name": "title_pkey", "Startup Cost": 0.0, "Total Cost": 0.46, "Plan Rows": 1, "Plan Width": 0, "Index Cond": "(id = mi_idx.movie_id)"}]}]}]}}, {"Plan": {"Node Type": "Aggregate", "Strategy": "Plain", "Partial Mode": "Finalize", "Parallel Aware": false, "Async Capable": false, "Startup Cost": 49077.61, "Total Cost": 49077.62, "Plan Rows": 1, "Plan Width": 68, "Plans": [{"Node Type": "Gather", "Parent Relationship": "Outer", "Parallel Aware": false, "Async Capable": false, "Startup Cost": 49077.28, "Total Cost": 49077.59, "Plan Rows": 3, "Plan Width": 68, "Workers Planned": 3, "Single Copy": false, "Plans": [{"Node Type": "Aggregate", "Strategy": "Plain", "Partial Mode": "Partial", "Parent Relationship": "Outer", "Parallel Aware": false, "Async Capable": false, "Startup Cost": 48077.28, "Total Cost": 48077.29, "Plan Rows": 1, "Plan Width": 68, "Plans": [{"Node Type": "Nested Loop", "Parent Relationship": "Outer", "Parallel Aware": false, "Async Capable": false, "Join Type": "Inner", "Startup Cost": 15351.74, "Total Cost": 48075.61, "Plan Rows": 222, "Plan Width": 45, "Inner Unique": true, "Join Filter": "(t.id = mc.movie_id)", "Plans": [{"Node Type": "Hash Join", "Parent Relationship": "Outer", "Parallel Aware": false, "Async Capable": false, "Join Type": "Inner", "Startup Cost": 15351.28, "Total Cost": 46984.21, "Plan Rows": 243, "Plan Width": 32, "Inner Unique": true, "Hash Cond": "(mc.company_type_id = ct.id)", "Plans": [{"Node Type": "Hash Join", "Parent Relationship": "Outer", "Parallel Aware": true, "Async Capable": false, "Join Type": "Inner", "Startup Cost": 15350.21, "Total Cost": 46977.89, "Plan Rows": 973, "Plan Width": 36, "Inner Unique": false, "Hash Cond": "(mc.movie_id = mi_idx.movie_id)", "Plans": [{"Node Type": "Seq Scan", "Parent Relationship": "Outer", "Parallel Aware": true, "Async Capable": false, "Relation Name": "movie_companies", "Alias": "mc", "Startup Cost": 0.0, "Total Cost": 31448.82, "Plan Rows": 46617, "Plan Width": 32, "Filter": "(((note)::text !~~ '%(1994)%'::text) AND ((note)::text ~~ '%(theatrical)%'::text))"}, {"Node Type": "Hash", "Parent Relationship": "Inner", "Parallel Aware": true, "Async Capable": false, "Startup Cost": 15286.6, "Total Cost": 15286.6, "Plan Rows": 5089, "Plan Width": 4, "Plans": [{"Node Type": "Hash Join", "Parent Relationship": "Outer", "Parallel Aware": false, "Async Capable": false, "Join Type": "Inner", "Startup Cost": 2.43, "Total Cost": 15286.6, "Plan Rows": 5089, "Plan Width": 4, "Inner Unique": true, "Hash Cond": "(mi_idx.info_type_id = it.id)", "Plans": [{"Node Type": "Seq Scan", "Parent Relationship": "Outer", "Parallel Aware": true, "Async Capable": false, "Relation Name": "movie_info_idx", "Alias": "mi_idx", "Startup Cost": 0.0, "Total Cost": 13718.15, "Plan Rows": 575015, "Plan Width": 8}, {"Node Type": "Hash", "Parent Relationship": "Inner", "Parallel Aware": false, "Async Capable": false, "Startup Cost": 2.41, "Total Cost": 2.41, "Plan Rows": 1, "Plan Width": 4, "Plans": [{"Node Type": "Seq Scan", "Parent Relationship": "Outer", "Parallel Aware": false, "Async Capable": false, "Relation Name": "info_type", "Alias": "it", "Startup Cost": 0.0, "Total Cost": 2.41, "Plan Rows": 1, "Plan Width": 4, "Filter": "((info)::text = 'bottom 10 rank'::text)"}]}]}]}]}, {"Node Type": "Hash", "Parent Relationship": "Inner", "Parallel Aware": false, "Async Capable": false, "Startup Cost": 1.05, "Total Cost": 1.05, "Plan Rows": 1, "Plan Width": 4, "Plans": [{"Node Type": "Seq Scan", "Parent Relationship": "Outer", "Parallel Aware": false, "Async Capable": false, "Relation Name": "company_type", "Alias": "ct", "Startup Cost": 0.0, "Total Cost": 1.05, "Plan Rows": 1, "Plan Width": 4, "Filter": "((kind)::text = 'distributors'::text)"}]}]}, {"Node Type": "Bitmap Heap Scan", "Parent Relationship": "Inner", "Parallel Aware": false, "Async Capable": false, "Relation Name": "title", "Alias": "t", "Startup Cost": 0.46, "Total Cost": 4.48, "Plan Rows": 1, "Plan Width": 25, "Recheck Cond": "(id = mi_idx.movie_id)", "Filter": "(production_year >= 1947)", "Plans": [{"Node Type": "Bitmap Index Scan", "Parent Relationship": "Outer", "Parallel Aware": false, "Async Capable": false, "Index Name": "title_pkey", "Startup Cost": 0.0, "Total Cost": 0.46, "Plan Rows": 1, "Plan Width": 0, "Index Cond": "(id = mi_idx.movie_id)"}]}]}]}]}]}}, {"Plan": {"Node Type": "Aggregate", "Strategy": "Plain", "Partial Mode": "Simple", "Parallel Aware": false, "Async Capable": false, "Startup Cost": 20000107229.55, "Total Cost": 20000107229.56, "Plan Rows": 1, "Plan Width": 68, "Plans": [{"Node Type": "Nested Loop", "Parent Relationship": "Outer", "Parallel Aware": false, "Async Capable": false, "Join Type": "Inner", "Startup Cost": 20000039019.56, "Total Cost": 20000107224.4, "Plan Rows": 687, "Plan Width": 45, "Inner Unique": true, "Join Filter": "(t.id = mc.movie_id)", "Plans": [{"Node Type": "Nested Loop", "Parent Relationship": "Outer", "Parallel Aware": false, "Async Capable": false, "Join Type": "Inner", "Startup Cost": 20000039019.1, "Total Cost": 20000103837.93, "Plan Rows": 754, "Plan Width": 32, "Inner Unique": true, "Plans": [{"Node Type": "Hash Join", "Parent Relationship": "Outer", "Parallel Aware": false, "Async Capable": false, "Join Type": "Inner", "Startup Cost": 20000039018.94, "Total Cost": 20000101682.84, "Plan Rows": 85204, "Plan Width": 36, "Inner Unique": false, "Hash Cond": "(mc.movie_id = mi_idx.movie_id)", "Plans": [{"Node Type": "Nested Loop", "Parent Relationship": "Outer", "Parallel Aware": false, "Async Capable": false, "Join Type": "Inner", "Startup Cost": 10000000000.15, "Total Cost": 10000061586.21, "Plan Rows": 36128, "Plan Width": 28, "Inner Unique": true, "Plans": [{"Node Type": "Seq Scan", "Parent Relationship": "Outer", "Parallel Aware": false, "Async Capable": false, "Relation Name": "movie_companies", "Alias": "mc", "Startup Cost": 10000000000.0, "Total Cost": 10000057960.93, "Plan Rows": 144513, "Plan Width": 32, "Filter": "(((note)::text !~~ '%(1994)%'::text) AND ((note)::text ~~ '%(theatrical)%'::text))"}, {"Node Type": "Memoize", "Parent Relationship": "Inner", "Parallel Aware": false, "Async Capable": false, "Startup Cost": 0.15, "Total Cost": 4.16, "Plan Rows": 1, "Plan Width": 4, "Cache Key": "mc.company_type_id", "Cache Mode": "logical", "Plans": [{"Node Type": "Bitmap Heap Scan", "Parent Relationship": "Outer", "Parallel Aware": false, "Async Capable": false, "Relation Name": "company_type", "Alias": "ct", "Startup Cost": 0.14, "Total Cost": 4.15, "Plan Rows": 1, "Plan Width": 4, "Recheck Cond": "(id = mc.company_type_id)", "Filter": "((kind)::text = 'distributors'::text)", "Plans": [{"Node Type": "Bitmap Index Scan", "Parent Relationship": "Outer", "Parallel Aware": false, "Async Capable": false, "Index Name": "company_type_pkey", "Startup Cost": 0.0, "Total Cost": 0.14, "Plan Rows": 1, "Plan Width": 0, "Index Cond": "(id = mc.company_type_id)"}]}]}]}, {"Node Type": "Hash", "Parent Relationship": "Inner", "Parallel Aware": false, "Async Capable": false, "Startup Cost": 10000021768.35, "Total Cost": 10000021768.35, "Plan Rows": 1380035, "Plan Width": 8, "Plans": [{"Node Type": "Seq Scan", "Parent Relationship": "Outer", "Parallel Aware": false, "Async Capable": false, "Relation Name": "movie_info_idx", "Alias": "mi_idx", "Startup Cost": 10000000000.0, "Total Cost": 10000021768.35, "Plan Rows": 1380035, "Plan Width": 8}]}]}, {"Node Type": "Memoize", "Parent Relationship": "Inner", "Parallel Aware": false, "Async Capable": false, "Startup Cost": 0.16, "Total Cost": 4.18, "Plan Rows": 1, "Plan Width": 4, "Cache Key": "mi_idx.info_type_id", "Cache Mode": "logical", "Plans": [{"Node Type": "Bitmap Heap Scan", "Parent Relationship": "Outer", "Parallel Aware": false, "Async Capable": false, "Relation Name": "info_type", "Alias": "it", "Startup Cost": 0.15, "Total Cost": 4.17, "Plan Rows": 1, "Plan Width": 4, "Recheck Cond": "(id = mi_idx.info_type_id)", "Filter": "((info)::text = 'bottom 10 rank'::text)", "Plans": [{"Node Type": "Bitmap Index Scan", "Parent Relationship": "Outer", "Parallel Aware": false, "Async Capable": false, "Index Name": "info_type_pkey", "Startup Cost": 0.0, "Total Cost": 0.15, "Plan Rows": 1, "Plan Width": 0, "Index Cond": "(id = mi_idx.info_type_id)"}]}]}]}, {"Node Type": "Bitmap Heap Scan", "Parent Relationship": "Inner", "Parallel Aware": false, "Async Capable": false, "Relation Name": "title", "Alias": "t", "Startup Cost": 0.46, "Total Cost": 4.48, "Plan Rows": 1, "Plan Width": 25, "Recheck Cond": "(id = mi_idx.movie_id)", "Filter": "(production_year >= 1947)", "Plans": [{"Node Type": "Bitmap Index Scan", "Parent Relationship": "Outer", "Parallel Aware": false, "Async Capable": false, "Index Name": "title_pkey", "Startup Cost": 0.0, "Total Cost": 0.46, "Plan Rows": 1, "Plan Width": 0, "Index Cond": "(id = mi_idx.movie_id)"}]}]}]}}, {"Plan": {"Node Type": "Aggregate", "Strategy": "Plain", "Partial Mode": "Simple", "Parallel Aware": false, "Async Capable": false, "Startup Cost": 20000364044.73, "Total Cost": 20000364044.74, "Plan Rows": 1, "Plan Width": 68, "Plans": [{"Node Type": "Merge Join", "Parent Relationship": "Outer", "Parallel Aware": false, "Async Capable": false, "Join Type": "Inner", "Startup Cost": 20000364006.91, "Total Cost": 20000364039.58, "Plan Rows": 687, "Plan Width": 45, "Inner Unique": true, "Merge Cond": "(mc.company_type_id = ct.id)", "Plans": [{"Node Type": "Sort", "Parent Relationship": "Outer", "Parallel Aware": false, "Async Capable": false, "Startup Cost": 20000364006.78, "Total Cost": 20000364013.65, "Plan Rows": 2746, "Plan Width": 49, "Sort Key": ["mc.company_type_id"], "Plans": [{"Node Type": "Merge Join", "Parent Relationship": "Outer", "Parallel Aware": false, "Async Capable": false, "Join Type": "Inner", "Startup Cost": 20000240720.91, "Total Cost": 20000363849.94, "Plan Rows": 2746, "Plan Width": 49, "Inner Unique": false, "Merge Cond": "(t.id = mc.movie_id)", "Plans": [{"Node Type": "Merge Join", "Parent Relationship": "Outer", "Parallel Aware": false, "Async Capable": false, "Join Type": "Inner", "Startup Cost": 10000170374.59, "Total Cost": 10000292868.1, "Plan Rows": 11121, "Plan Width": 29, "Inner Unique": true, "Merge Cond": "(mi_idx.movie_id = t.id)", "Plans": [{"Node Type": "Sort", "Parent Relationship": "Outer", "Parallel Aware": false, "Async Capable": false, "Startup Cost": 10000170371.66, "Total Cost": 10000170402.19, "Plan Rows": 12213, "Plan Width": 4, "Sort Key": ["mi_idx.movie_id"], "Plans": [{"Node Type": "Merge Join", "Parent Relationship": "Outer", "Parallel Aware": false, "Async Capable": false, "Join Type": "Inner", "Startup Cost": 10000162520.33, "Total Cost": 10000169542.63, "Plan Rows": 12213, "Plan Width": 4, "Inner Unique": false, "Merge Cond": "(it.id = mi_idx.info_type_id)", "Plans": [{"Node Type": "Index Scan", "Parent Relationship": "Outer", "Parallel Aware": false, "Async Capable": false, "Scan Direction": "Forward", "Index Name": "info_type_pkey", "Relation Name": "info_type", "Alias": "it", "Startup Cost": 0.14, "Total Cost": 14.12, "Plan Rows": 1, "Plan Width": 4, "Filter": "((info)::text = 'bottom 10 rank'::text)"}, {"Node Type": "Sort", "Parent Relationship": "Inner", "Parallel Aware": false, "Async Capable": false, "Startup Cost": 10000162506.21, "Total Cost": 10000165956.29, "Plan Rows": 1380035, "Plan Width": 8, "Sort Key": ["mi_idx.info_type_id"], "Plans": [{"Node Type": "Seq Scan", "Parent Relationship": "Outer", "Parallel Aware": false, "Async Capable": false, "Relation Name": "movie_info_idx", "Alias": "mi_idx", "Startup Cost": 10000000000.0, "Total Cost": 10000021768.35, "Plan Rows": 1380035, "Plan Width": 8}]}]}]}, {"Node Type": "Index Scan", "Parent Relationship": "Inner", "Parallel Aware": false, "Async Capable": false, "Scan Direction": "Forward", "Index Name": "title_pkey", "Relation Name": "title", "Alias": "t", "Startup Cost": 0.43, "Total Cost": 116689.45, "Plan Rows": 2302160, "Plan Width": 25, "Filter": "(production_year >= 1947)"}]}, {"Node Type": "Sort", "Parent Relationship": "Inner", "Parallel Aware": false, "Async Capable": false, "Startup Cost": 10000070346.31, "Total Cost": 10000070707.59, "Plan Rows": 144513, "Plan Width": 32, "Sort Key": ["mc.movie_id"], "Plans": [{"Node Type": "Seq Scan", "Parent Relationship": "Outer", "Parallel Aware": false, "Async Capable": false, "Relation Name": "movie_companies", "Alias": "mc", "Startup Cost": 10000000000.0, "Total Cost": 10000057960.93, "Plan Rows": 144513, "Plan Width": 32, "Filter": "(((note)::text !~~ '%(1994)%'::text) AND ((note)::text ~~ '%(theatrical)%'::text))"}]}]}]}, {"Node Type": "Index Scan", "Parent Relationship": "Inner", "Parallel Aware": false, "Async Capable": false, "Scan Direction": "Forward", "Index Name": "company_type_pkey", "Relation Name": "company_type", "Alias": "ct", "Startup Cost": 0.13, "Total Cost": 12.2, "Plan Rows": 1, "Plan Width": 4, "Filter": "((kind)::text = 'distributors'::text)"}]}]}}, {"Plan": {"Node Type": "Aggregate", "Strategy": "Plain", "Partial Mode": "Simple", "Parallel Aware": false, "Async Capable": false, "Startup Cost": 20000103078.01, "Total Cost": 20000103078.02, "Plan Rows": 1, "Plan Width": 68, "Plans": [{"Node Type": "Nested Loop", "Parent Relationship": "Outer", "Parallel Aware": false, "Async Capable": false, "Join Type": "Inner", "Startup Cost": 20000102376.95, "Total Cost": 20000103072.86, "Plan Rows": 687, "Plan Width": 45, "Inner Unique": true, "Join Filter": "(t.id = mc.movie_id)", "Plans": [{"Node Type": "Merge Join", "Parent Relationship": "Outer", "Parallel Aware": false, "Async Capable": false, "Join Type": "Inner", "Startup Cost": 20000102376.52, "Total Cost": 20000102625.76, "Plan Rows": 754, "Plan Width": 32, "Inner Unique": false, "Merge Cond": "(mc.movie_id = mi_idx.movie_id)", "Plans": [{"Node Type": "Sort", "Parent Relationship": "Outer", "Parallel Aware": false, "Async Capable": false, "Startup Cost": 10000062514.59, "Total Cost": 10000062604.91, "Plan Rows": 36128, "Plan Width": 28, "Sort Key": ["mc.movie_id"], "Plans": [{"Node Type": "Nested Loop", "Parent Relationship": "Outer", "Parallel Aware": false, "Async Capable": false, "Join Type": "Inner", "Startup Cost": 10000000000.13, "Total Cost": 10000059779.55, "Plan Rows": 36128, "Plan Width": 28, "Inner Unique": false, "Join Filter": "(ct.id = mc.company_type_id)", "Plans": [{"Node Type": "Index Scan", "Parent Relationship": "Outer", "Parallel Aware": false, "Async Capable": false, "Scan Direction": "Forward", "Index Name": "company_type_pkey", "Relation Name": "company_type", "Alias": "ct", "Startup Cost": 0.13, "Total Cost": 12.2, "Plan Rows": 1, "Plan Width": 4, "Filter": "((kind)::text = 'distributors'::text)"}, {"Node Type": "Seq Scan", "Parent Relationship": "Inner", "Parallel Aware": false, "Async Capable": false, "Relation Name": "movie_companies", "Alias": "mc", "Startup Cost": 10000000000.0, "Total Cost": 10000057960.93, "Plan Rows": 144513, "Plan Width": 32, "Filter": "(((note)::text !~~ '%(1994)%'::text) AND ((note)::text ~~ '%(theatrical)%'::text))"}]}]}, {"Node Type": "Sort", "Parent Relationship": "Inner", "Parallel Aware": false, "Async Capable": false, "Startup Cost": 10000039861.93, "Total Cost": 10000039892.47, "Plan Rows": 12213, "Plan Width": 4, "Sort Key": ["mi_idx.movie_id"], "Plans": [{"Node Type": "Nested Loop", "Parent Relationship": "Outer", "Parallel Aware": false, "Async Capable": false, "Join Type": "Inner", "Startup Cost": 10000000000.14, "Total Cost": 10000039032.91, "Plan Rows": 12213, "Plan Width": 4, "Inner Unique": false, "Join Filter": "(it.id = mi_idx.info_type_id)", "Plans": [{"Node Type": "Index Scan", "Parent Relationship": "Outer", "Parallel Aware": false, "Async Capable": false, "Scan Direction": "Forward", "Index Name": "info_type_pkey", "Relation Name": "info_type", "Alias": "it", "Startup Cost": 0.14, "Total Cost": 14.12, "Plan Rows": 1, "Plan Width": 4, "Filter": "((info)::text = 'bottom 10 rank'::text)"}, {"Node Type": "Seq Scan", "Parent Relationship": "Inner", "Parallel Aware": false, "Async Capable": false, "Relation Name": "movie_info_idx", "Alias": "mi_idx", "Startup Cost": 10000000000.0, "Total Cost": 10000021768.35, "Plan Rows": 1380035, "Plan Width": 8}]}]}]}, {"Node Type": "Index Scan", "Parent Relationship": "Inner", "Parallel Aware": false, "Async Capable": false, "Scan Direction": "Forward", "Index Name": "title_pkey", "Relation Name": "title", "Alias": "t", "Startup Cost": 0.43, "Total Cost": 0.58, "Plan Rows": 1, "Plan Width": 25, "Index Cond": "(id = mi_idx.movie_id)", "Filter": "(production_year >= 1947)"}]}]}}, {"Plan": {"Node Type": "Aggregate", "Strategy": "Plain", "Partial Mode": "Simple", "Parallel Aware": false, "Async Capable": false, "Startup Cost": 71808.83, "Total Cost": 71808.84, "Plan Rows": 1, "Plan Width": 68, "Plans": [{"Node Type": "Nested Loop", "Parent Relationship": "Outer", "Parallel Aware": false, "Async Capable": false, "Join Type": "Inner", "Startup Cost": 71107.77, "Total Cost": 71803.68, "Plan Rows": 687, "Plan Width": 45, "Inner Unique": true, "Join Filter": "(t.id = mc.movie_id)", "Plans": [{"Node Type": "Merge Join", "Parent Relationship": "Outer", "Parallel Aware": false, "Async Capable": false, "Join Type": "Inner", "Startup Cost": 71107.34, "Total Cost": 71356.58, "Plan Rows": 754, "Plan Width": 32, "Inner Unique": false, "Merge Cond": "(mc.movie_id = mi_idx.movie_id)", "Plans": [{"Node Type": "Sort", "Parent Relationship": "Outer", "Parallel Aware": false, "Async Capable": false, "Startup Cost": 39962.53, "Total Cost": 40052.85, "Plan Rows": 36128, "Plan Width": 28, "Sort Key": ["mc.movie_id"], "Plans": [{"Node Type": "Gather", "Parent Relationship": "Outer", "Parallel Aware": false, "Async Capable": false, "Startup Cost": 1000.14, "Total Cost": 37227.49, "Plan Rows": 36128, "Plan Width": 28, "Workers Planned": 3, "Single Copy": false, "Plans": [{"Node Type": "Nested Loop", "Parent Relationship": "Outer", "Parallel Aware": false, "Async Capable": false, "Join Type": "Inner", "Startup Cost": 0.14, "Total Cost": 32614.69, "Plan Rows": 11654, "Plan Width": 28, "Inner Unique": true, "Plans": [{"Node Type": "Seq Scan", "Parent Relationship": "Outer", "Parallel Aware": true, "Async Capable": false, "Relation Name": "movie_companies", "Alias": "mc", "Startup Cost": 0.0, "Total Cost": 31448.82, "Plan Rows": 46617, "Plan Width": 32, "Filter": "(((note)::text !~~ '%(1994)%'::text) AND ((note)::text ~~ '%(theatrical)%'::text))"}, {"Node Type": "Memoize", "Parent Relationship": "Inner", "Parallel Aware": false, "Async Capable": false, "Startup Cost": 0.14, "Total Cost": 0.16, "Plan Rows": 1, "Plan Width": 4, "Cache Key": "mc.company_type_id", "Cache Mode": "logical", "Plans": [{"Node Type": "Index Scan", "Parent Relationship": "Outer", "Parallel Aware": false, "Async Capable": false, "Scan Direction": "Forward", "Index Name": "company_type_pkey", "Relation Name": "company_type", "Alias": "ct", "Startup Cost": 0.13, "Total Cost": 0.15, "Plan Rows": 1, "Plan Width": 4, "Index Cond": "(id = mc.company_type_id)", "Filter": "((kind)::text = 'distributors'::text)"}]}]}]}]}, {"Node Type": "Sort", "Parent Relationship": "Inner", "Parallel Aware": false, "Async Capable": false, "Startup Cost": 31144.82, "Total Cost": 31175.35, "Plan Rows": 12213, "Plan Width": 4, "Sort Key": ["mi_idx.movie_id"], "Plans": [{"Node Type": "Gather", "Parent Relationship": "Outer", "Parallel Aware": false, "Async Capable": false, "Startup Cost": 1000.15, "Total Cost": 30315.79, "Plan Rows": 12213, "Plan Width": 4, "Workers Planned": 2, "Single Copy": false, "Plans": [{"Node Type": "Nested Loop", "Parent Relationship": "Outer", "Parallel Aware": false, "Async Capable": false, "Join Type": "Inner", "Startup Cost": 0.15, "Total Cost": 28094.49, "Plan Rows": 5089, "Plan Width": 4, "Inner Unique": true, "Plans": [{"Node Type": "Seq Scan", "Parent Relationship": "Outer", "Parallel Aware": true, "Async Capable": false, "Relation Name": "movie_info_idx", "Alias": "mi_idx", "Startup Cost": 0.0, "Total Cost": 13718.15, "Plan Rows": 575015, "Plan Width": 8}, {"Node Type": "Memoize", "Parent Relationship": "Inner", "Parallel Aware": false, "Async Capable": false, "Startup Cost": 0.15, "Total Cost": 0.17, "Plan Rows": 1, "Plan Width": 4, "Cache Key": "mi_idx.info_type_id", "Cache Mode": "logical", "Plans": [{"Node Type": "Index Scan", "Parent Relationship": "Outer", "Parallel Aware": false, "Async Capable": false, "Scan Direction": "Forward", "Index Name": "info_type_pkey", "Relation Name": "info_type", "Alias": "it", "Startup Cost": 0.14, "Total Cost": 0.16, "Plan Rows": 1, "Plan Width": 4, "Index Cond": "(id = mi_idx.info_type_id)", "Filter": "((info)::text = 'bottom 10 rank'::text)"}]}]}]}]}]}, {"Node Type": "Index Scan", "Parent Relationship": "Inner", "Parallel Aware": false, "Async Capable": false, "Scan Direction": "Forward", "Index Name": "title_pkey", "Relation Name": "title", "Alias": "t", "Startup Cost": 0.43, "Total Cost": 0.58, "Plan Rows": 1, "Plan Width": 25, "Index Cond": "(id = mi_idx.movie_id)", "Filter": "(production_year >= 1947)"}]}]}}, {"Plan": {"Node Type": "Aggregate", "Strategy": "Plain", "Partial Mode": "Simple", "Parallel Aware": false, "Async Capable": false, "Startup Cost": 240051.91, "Total Cost": 240051.92, "Plan Rows": 1, "Plan Width": 68, "Plans": [{"Node Type": "Merge Join", "Parent Relationship": "Outer", "Parallel Aware": false, "Async Capable": false, "Join Type": "Inner", "Startup Cost": 117468.96, "Total Cost": 240046.76, "Plan Rows": 687, "Plan Width": 45, "Inner Unique": true, "Merge Cond": "(mc.movie_id = t.id)", "Plans": [{"Node Type": "Merge Join", "Parent Relationship": "Outer", "Parallel Aware": false, "Async Capable": false, "Join Type": "Inner", "Startup Cost": 117468.53, "Total Cost": 117717.77, "Plan Rows": 754, "Plan Width": 32, "Inner Unique": false, "Merge Cond": "(mc.movie_id = mi_idx.movie_id)", "Plans": [{"Node Type": "Sort", "Parent Relationship": "Outer", "Parallel Aware": false, "Async Capable": false, "Startup Cost": 42762.16, "Total Cost": 42852.48, "Plan Rows": 36128, "Plan Width": 28, "Sort Key": ["mc.movie_id"], "Plans": [{"Node Type": "Gather", "Parent Relationship": "Outer", "Parallel Aware": false, "Async Capable": false, "Startup Cost": 36064.69, "Total Cost": 40027.12, "Plan Rows": 36128, "Plan Width": 28, "Workers Planned": 3, "Single Copy": false, "Plans": [{"Node Type": "Merge Join", "Parent Relationship": "Outer", "Parallel Aware": false, "Async Capable": false, "Join Type": "Inner", "Startup Cost": 35064.69, "Total Cost": 35414.32, "Plan Rows": 11654, "Plan Width": 28, "Inner Unique": true, "Merge Cond": "(mc.company_type_id = ct.id)", "Plans": [{"Node Type": "Sort", "Parent Relationship": "Outer", "Parallel Aware": false, "Async Capable": false, "Startup Cost": 35063.63, "Total Cost": 35180.17, "Plan Rows": 46617, "Plan Width": 32, "Sort Key": ["mc.company_type_id"], "Plans": [{"Node Type": "Seq Scan", "Parent Relationship": "Outer", "Parallel Aware": true, "Async Capable": false, "Relation Name": "movie_companies", "Alias": "mc", "Startup Cost": 0.0, "Total Cost": 31448.82, "Plan Rows": 46617, "Plan Width": 32, "Filter": "(((note)::text !~~ '%(1994)%'::text) AND ((note)::text ~~ '%(theatrical)%'::text))"}]}, {"Node Type": "Sort", "Parent Relationship": "Inner", "Parallel Aware": false, "Async Capable": false, "Startup Cost": 1.06, "Total Cost": 1.06, "Plan Rows": 1, "Plan Width": 4, "Sort Key": ["ct.id"], "Plans": [{"Node Type": "Seq Scan", "Parent Relationship": "Outer", "Parallel Aware": false, "Async Capable": false, "Relation Name": "company_type", "Alias": "ct", "Startup Cost": 0.0, "Total Cost": 1.05, "Plan Rows": 1, "Plan Width": 4, "Filter": "((kind)::text = 'distributors'::text)"}]}]}]}]}, {"Node Type": "Sort", "Parent Relationship": "Inner", "Parallel Aware": false, "Async Capable": false, "Startup Cost": 74706.37, "Total Cost": 74736.9, "Plan Rows": 12213, "Plan Width": 4, "Sort Key": ["mi_idx.movie_id"], "Plans": [{"Node Type": "Gather", "Parent Relationship": "Outer", "Parallel Aware": false, "Async Capable": false, "Startup Cost": 69730.08, "Total Cost": 73877.34, "Plan Rows": 12213, "Plan Width": 4, "Workers Planned": 2, "Single Copy": false, "Plans": [{"Node Type": "Merge Join", "Parent Relationship": "Outer", "Parallel Aware": false, "Async Capable": false, "Join Type": "Inner", "Startup Cost": 68730.08, "Total Cost": 71656.04, "Plan Rows": 5089, "Plan Width": 4, "Inner Unique": true, "Merge Cond": "(mi_idx.info_type_id = it.id)", "Plans": [{"Node Type": "Sort", "Parent Relationship": "Outer", "Parallel Aware": false, "Async Capable": false, "Startup Cost": 68727.65, "Total Cost": 70165.18, "Plan Rows": 575015, "Plan Width": 8, "Sort Key": ["mi_idx.info_type_id"], "Plans": [{"Node Type": "Seq Scan", "Parent Relationship": "Outer", "Parallel Aware": true, "Async Capable": false, "Relation Name": "movie_info_idx", "Alias": "mi_idx", "Startup Cost": 0.0, "Total Cost": 13718.15, "Plan Rows": 575015, "Plan Width": 8}]}, {"Node Type": "Sort", "Parent Relationship": "Inner", "Parallel Aware": false, "Async Capable": false, "Startup Cost": 2.42, "Total Cost": 2.43, "Plan Rows": 1, "Plan Width": 4, "Sort Key": ["it.id"], "Plans": [{"Node Type": "Seq Scan", "Parent Relationship": "Outer", "Parallel Aware": false, "Async Capable": false, "Relation Name": "info_type", "Alias": "it", "Startup Cost": 0.0, "Total Cost": 2.41, "Plan Rows": 1, "Plan Width": 4, "Filter": "((info)::text = 'bottom 10 rank'::text)"}]}]}]}]}]}, {"Node Type": "Index Scan", "Parent Relationship": "Inner", "Parallel Aware": false, "Async Capable": false, "Scan Direction": "Forward", "Index Name": "title_pkey", "Relation Name": "title", "Alias": "t", "Startup Cost": 0.43, "Total Cost": 116689.45, "Plan Rows": 2302160, "Plan Width": 25, "Filter": "(production_year >= 1947)"}]}]}}, {"Plan": {"Node Type": "Aggregate", "Strategy": "Plain", "Partial Mode": "Simple", "Parallel Aware": false, "Async Capable": false, "Startup Cost": 20006132626.93, "Total Cost": 20006132626.94, "Plan Rows": 1, "Plan Width": 68, "Plans": [{"Node Type": "Nested Loop", "Parent Relationship": "Outer", "Parallel Aware": false, "Async Capable": false, "Join Type": "Inner", "Startup Cost": 20000000000.7, "Total Cost": 20006132621.78, "Plan Rows": 687, "Plan Width": 45, "Inner Unique": false, "Join Filter": "(t.id = mc.movie_id)", "Plans": [{"Node Type": "Nested Loop", "Parent Relationship": "Outer", "Parallel Aware": false, "Async Capable": false, "Join Type": "Inner", "Startup Cost": 10000000000.13, "Total Cost": 10000059779.55, "Plan Rows": 36128, "Plan Width": 28, "Inner Unique": false, "Join Filter": "(ct.id = mc.company_type_id)", "Plans": [{"Node Type": "Index Scan", "Parent Relationship": "Outer", "Parallel Aware": false, "Async Capable": false, "Scan Direction": "Forward", "Index Name": "company_type_pkey", "Relation Name": "company_type", "Alias": "ct", "Startup Cost": 0.13, "Total Cost": 12.2, "Plan Rows": 1, "Plan Width": 4, "Filter": "((kind)::text = 'distributors'::text)"}, {"Node Type": "Seq Scan", "Parent Relationship": "Inner", "Parallel Aware": false, "Async Capable": false, "Relation Name": "movie_companies", "Alias": "mc", "Startup Cost": 10000000000.0, "Total Cost": 10000057960.93, "Plan Rows": 144513, "Plan Width": 32, "Filter": "(((note)::text !~~ '%(1994)%'::text) AND ((note)::text ~~ '%(theatrical)%'::text))"}]}, {"Node Type": "Materialize", "Parent Relationship": "Inner", "Parallel Aware": false, "Async Capable": false, "Startup Cost": 10000000000.57, "Total Cost": 10000046177.71, "Plan Rows": 11121, "Plan Width": 29, "Plans": [{"Node Type": "Nested Loop", "Parent Relationship": "Outer", "Parallel Aware": false, "Async Capable": false, "Join Type": "Inner", "Startup Cost": 10000000000.57, "Total Cost": 10000046122.11, "Plan Rows": 11121, "Plan Width": 29, "Inner Unique": true, "Plans": [{"Node Type": "Nested Loop", "Parent Relationship": "Outer", "Parallel Aware": false, "Async Capable": false, "Join Type": "Inner", "Startup Cost": 10000000000.14, "Total Cost": 10000039032.91, "Plan Rows": 12213, "Plan Width": 4, "Inner Unique": false, "Join Filter": "(it.id = mi_idx.info_type_id)", "Plans": [{"Node Type": "Index Scan", "Parent Relationship": "Outer", "Parallel Aware": false, "Async Capable": false, "Scan Direction": "Forward", "Index Name": "info_type_pkey", "Relation Name": "info_type", "Alias": "it", "Startup Cost": 0.14, "Total Cost": 14.12, "Plan Rows": 1, "Plan Width": 4, "Filter": "((info)::text = 'bottom 10 rank'::text)"}, {"Node Type": "Seq Scan", "Parent Relationship": "Inner", "Parallel Aware": false, "Async Capable": false, "Relation Name": "movie_info_idx", "Alias": "mi_idx", "Startup Cost": 10000000000.0, "Total Cost": 10000021768.35, "Plan Rows": 1380035, "Plan Width": 8}]}, {"Node Type": "Index Scan", "Parent Relationship": "Inner", "Parallel Aware": false, "Async Capable": false, "Scan Direction": "Forward", "Index Name": "title_pkey", "Relation Name": "title", "Alias": "t", "Startup Cost": 0.43, "Total Cost": 0.58, "Plan Rows": 1, "Plan Width": 25, "Index Cond": "(id = mi_idx.movie_id)", "Filter": "(production_year >= 1947)"}]}]}]}]}}, {"Plan": {"Node Type": "Aggregate", "Strategy": "Plain", "Partial Mode": "Simple", "Parallel Aware": false, "Async Capable": false, "Startup Cost": 6122159.24, "Total Cost": 6122159.25, "Plan Rows": 1, "Plan Width": 68, "Plans": [{"Node Type": "Nested Loop", "Parent Relationship": "Outer", "Parallel Aware": false, "Async Capable": false, "Join Type": "Inner", "Startup Cost": 1000.57, "Total Cost": 6122154.08, "Plan Rows": 687, "Plan Width": 45, "Inner Unique": false, "Join Filter": "(t.id = mi_idx.movie_id)", "Plans": [{"Node Type": "Nested Loop", "Parent Relationship": "Outer", "Parallel Aware": false, "Async Capable": false, "Join Type": "Inner", "Startup Cost": 0.0, "Total Cost": 39021.2, "Plan Rows": 12213, "Plan Width": 4, "Inner Unique": false, "Join Filter": "(it.id = mi_idx.info_type_id)", "Plans": [{"Node Type": "Seq Scan", "Parent Relationship": "Outer", "Parallel Aware": false, "Async Capable": false, "Relation Name": "info_type", "Alias": "it", "Startup Cost": 0.0, "Total Cost": 2.41, "Plan Rows": 1, "Plan Width": 4, "Filter": "((info)::text = 'bottom 10 rank'::text)"}, {"Node Type": "Seq Scan", "Parent Relationship": "Inner", "Parallel Aware": false, "Async Capable": false, "Relation Name": "movie_info_idx", "Alias": "mi_idx", "Startup Cost": 0.0, "Total Cost": 21768.35, "Plan Rows": 1380035, "Plan Width": 8}]}, {"Node Type": "Materialize", "Parent Relationship": "Inner", "Parallel Aware": false, "Async Capable": false, "Startup Cost": 1000.57, "Total Cost": 56832.4, "Plan Rows": 32896, "Plan Width": 53, "Plans": [{"Node Type": "Gather", "Parent Relationship": "Outer", "Parallel Aware": false, "Async Capable": false, "Startup Cost": 1000.57, "Total Cost": 56667.92, "Plan Rows": 32896, "Plan Width": 53, "Workers Planned": 3, "Single Copy": false, "Plans": [{"Node Type": "Nested Loop", "Parent Relationship": "Outer", "Parallel Aware": false, "Async Capable": false, "Join Type": "Inner", "Startup Cost": 0.57, "Total Cost": 52378.32, "Plan Rows": 10612, "Plan Width": 53, "Inner Unique": true, "Plans": [{"Node Type": "Nested Loop", "Parent Relationship": "Outer", "Parallel Aware": false, "Async Capable": false, "Join Type": "Inner", "Startup Cost": 0.14, "Total Cost": 32614.69, "Plan Rows": 11654, "Plan Width": 28, "Inner Unique": true, "Plans": [{"Node Type": "Seq Scan", "Parent Relationship": "Outer", "Parallel Aware": true, "Async Capable": false, "Relation Name": "movie_companies", "Alias": "mc", "Startup Cost": 0.0, "Total Cost": 31448.82, "Plan Rows": 46617, "Plan Width": 32, "Filter": "(((note)::text !~~ '%(1994)%'::text) AND ((note)::text ~~ '%(theatrical)%'::text))"}, {"Node Type": "Memoize", "Parent Relationship": "Inner", "Parallel Aware": false, "Async Capable": false, "Startup Cost": 0.14, "Total Cost": 0.16, "Plan Rows": 1, "Plan Width": 4, "Cache Key": "mc.company_type_id", "Cache Mode": "logical", "Plans": [{"Node Type": "Index Scan", "Parent Relationship": "Outer", "Parallel Aware": false, "Async Capable": false, "Scan Direction": "Forward", "Index Name": "company_type_pkey", "Relation Name": "company_type", "Alias": "ct", "Startup Cost": 0.13, "Total Cost": 0.15, "Plan Rows": 1, "Plan Width": 4, "Index Cond": "(id = mc.company_type_id)", "Filter": "((kind)::text = 'distributors'::text)"}]}]}, {"Node Type": "Index Scan", "Parent Relationship": "Inner", "Parallel Aware": false, "Async Capable": false, "Scan Direction": "Forward", "Index Name": "title_pkey", "Relation Name": "title", "Alias": "t", "Startup Cost": 0.43, "Total Cost": 1.7, "Plan Rows": 1, "Plan Width": 25, "Index Cond": "(id = mc.movie_id)", "Filter": "(production_year >= 1947)"}]}]}]}]}]}}, {"Plan": {"Node Type": "Aggregate", "Strategy": "Plain", "Partial Mode": "Simple", "Parallel Aware": false, "Async Capable": false, "Startup Cost": 50000125085.36, "Total Cost": 50000125085.37, "Plan Rows": 1, "Plan Width": 68, "Plans": [{"Node Type": "Nested Loop", "Parent Relationship": "Outer", "Parallel Aware": false, "Async Capable": false, "Join Type": "Inner", "Startup Cost": 50000121444.95, "Total Cost": 50000125080.2, "Plan Rows": 687, "Plan Width": 45, "Inner Unique": true, "Join Filter": "(t.id = mc.movie_id)", "Plans": [{"Node Type": "Merge Join", "Parent Relationship": "Outer", "Parallel Aware": false, "Async Capable": false, "Join Type": "Inner", "Startup Cost": 40000121444.49, "Total Cost": 40000121693.73, "Plan Rows": 754, "Plan Width": 32, "Inner Unique": false, "Merge Cond": "(mc.movie_id = mi_idx.movie_id)", "Plans": [{"Node Type": "Sort", "Parent Relationship": "Outer", "Parallel Aware": false, "Async Capable": false, "Startup Cost": 20000064321.25, "Total Cost": 20000064411.57, "Plan Rows": 36128, "Plan Width": 28, "Sort Key": ["mc.movie_id"], "Plans": [{"Node Type": "Nested Loop", "Parent Relationship": "Outer", "Parallel Aware": false, "Async Capable": false, "Join Type": "Inner", "Startup Cost": 20000000000.15, "Total Cost": 20000061586.21, "Plan Rows": 36128, "Plan Width": 28, "Inner Unique": true, "Plans": [{"Node Type": "Seq Scan", "Parent Relationship": "Outer", "Parallel Aware": false, "Async Capable": false, "Relation Name": "movie_companies", "Alias": "mc", "Startup Cost": 10000000000.0, "Total Cost": 10000057960.93, "Plan Rows": 144513, "Plan Width": 32, "Filter": "(((note)::text !~~ '%(1994)%'::text) AND ((note)::text ~~ '%(theatrical)%'::text))"}, {"Node Type": "Memoize", "Parent Relationship": "Inner", "Parallel Aware": false, "Async Capable": false, "Startup Cost": 0.15, "Total Cost": 4.16, "Plan Rows": 1, "Plan Width": 4, "Cache Key": "mc.company_type_id", "Cache Mode": "logical", "Plans": [{"Node Type": "Bitmap Heap Scan", "Parent Relationship": "Outer", "Parallel Aware": false, "Async Capable": false, "Relation Name": "company_type", "Alias": "ct", "Startup Cost": 0.14, "Total Cost": 4.15, "Plan Rows": 1, "Plan Width": 4, "Recheck Cond": "(id = mc.company_type_id)", "Filter": "((kind)::text = 'distributors'::text)", "Plans": [{"Node Type": "Bitmap Index Scan", "Parent Relationship": "Outer", "Parallel Aware": false, "Async Capable": false, "Index Name": "company_type_pkey", "Startup Cost": 0.0, "Total Cost": 0.14, "Plan Rows": 1, "Plan Width": 0, "Index Cond": "(id = mc.company_type_id)"}]}]}]}]}, {"Node Type": "Sort", "Parent Relationship": "Inner", "Parallel Aware": false, "Async Capable": false, "Startup Cost": 20000057123.24, "Total Cost": 20000057153.77, "Plan Rows": 12213, "Plan Width": 4, "Sort Key": ["mi_idx.movie_id"], "Plans": [{"Node Type": "Nested Loop", "Parent Relationship": "Outer", "Parallel Aware": false, "Async Capable": false, "Join Type": "Inner", "Startup Cost": 20000000000.16, "Total Cost": 20000056294.21, "Plan Rows": 12213, "Plan Width": 4, "Inner Unique": true, "Plans": [{"Node Type": "Seq Scan", "Parent Relationship": "Outer", "Parallel Aware": false, "Async Capable": false, "Relation Name": "movie_info_idx", "Alias": "mi_idx", "Startup Cost": 10000000000.0, "Total Cost": 10000021768.35, "Plan Rows": 1380035, "Plan Width": 8}, {"Node Type": "Memoize", "Parent Relationship": "Inner", "Parallel Aware": false, "Async Capable": false, "Startup Cost": 0.16, "Total Cost": 4.18, "Plan Rows": 1, "Plan Width": 4, "Cache Key": "mi_idx.info_type_id", "Cache Mode": "logical", "Plans": [{"Node Type": "Bitmap Heap Scan", "Parent Relationship": "Outer", "Parallel Aware": false, "Async Capable": false, "Relation Name": "info_type", "Alias": "it", "Startup Cost": 0.15, "Total Cost": 4.17, "Plan Rows": 1, "Plan Width": 4, "Recheck Cond": "(id = mi_idx.info_type_id)", "Filter": "((info)::text = 'bottom 10 rank'::text)", "Plans": [{"Node Type": "Bitmap Index Scan", "Parent Relationship": "Outer", "Parallel Aware": false, "Async Capable": false, "Index Name": "info_type_pkey", "Startup Cost": 0.0, "Total Cost": 0.15, "Plan Rows": 1, "Plan Width": 0, "Index Cond": "(id = mi_idx.info_type_id)"}]}]}]}]}]}, {"Node Type": "Bitmap Heap Scan", "Parent Relationship": "Inner", "Parallel Aware": false, "Async Capable": false, "Relation Name": "title", "Alias": "t", "Startup Cost": 0.46, "Total Cost": 4.48, "Plan Rows": 1, "Plan Width": 25, "Recheck Cond": "(id = mi_idx.movie_id)", "Filter": "(production_year >= 1947)", "Plans": [{"Node Type": "Bitmap Index Scan", "Parent Relationship": "Outer", "Parallel Aware": false, "Async Capable": false, "Index Name": "title_pkey", "Startup Cost": 0.0, "Total Cost": 0.46, "Plan Rows": 1, "Plan Width": 0, "Index Cond": "(id = mi_idx.movie_id)"}]}]}]}}, {"Plan": {"Node Type": "Aggregate", "Strategy": "Plain", "Partial Mode": "Finalize", "Parallel Aware": false, "Async Capable": false, "Startup Cost": 77367.78, "Total Cost": 77367.79, "Plan Rows": 1, "Plan Width": 68, "Plans": [{"Node Type": "Gather", "Parent Relationship": "Outer", "Parallel Aware": false, "Async Capable": false, "Startup Cost": 77367.45, "Total Cost": 77367.76, "Plan Rows": 3, "Plan Width": 68, "Workers Planned": 3, "Single Copy": false, "Plans": [{"Node Type": "Aggregate", "Strategy": "Plain", "Partial Mode": "Partial", "Parent Relationship": "Outer", "Parallel Aware": false, "Async Capable": false, "Startup Cost": 76367.45, "Total Cost": 76367.46, "Plan Rows": 1, "Plan Width": 68, "Plans": [{"Node Type": "Nested Loop", "Parent Relationship": "Outer", "Parallel Aware": false, "Async Capable": false, "Join Type": "Inner", "Startup Cost": 75267.55, "Total Cost": 76365.78, "Plan Rows": 222, "Plan Width": 45, "Inner Unique": true, "Join Filter": "(t.id = mc.movie_id)", "Plans": [{"Node Type": "Merge Join", "Parent Relationship": "Outer", "Parallel Aware": false, "Async Capable": false, "Join Type": "Inner", "Startup Cost": 75267.09, "Total Cost": 75274.39, "Plan Rows": 243, "Plan Width": 32, "Inner Unique": true, "Merge Cond": "(mc.company_type_id = ct.id)", "Plans": [{"Node Type": "Sort", "Parent Relationship": "Outer", "Parallel Aware": false, "Async Capable": false, "Startup Cost": 75266.03, "Total Cost": 75268.46, "Plan Rows": 973, "Plan Width": 36, "Sort Key": ["mc.company_type_id"], "Plans": [{"Node Type": "Merge Join", "Parent Relationship": "Outer", "Parallel Aware": false, "Async Capable": false, "Join Type": "Inner", "Startup Cost": 74913.86, "Total Cost": 75217.73, "Plan Rows": 973, "Plan Width": 36, "Inner Unique": false, "Merge Cond": "(mc.movie_id = mi_idx.movie_id)", "Plans": [{"Node Type": "Sort", "Parent Relationship": "Outer", "Parallel Aware": false, "Async Capable": false, "Startup Cost": 35063.63, "Total Cost": 35180.17, "Plan Rows": 46617, "Plan Width": 32, "Sort Key": ["mc.movie_id"], "Plans": [{"Node Type": "Seq Scan", "Parent Relationship": "Outer", "Parallel Aware": true, "Async Capable": false, "Relation Name": "movie_companies", "Alias": "mc", "Startup Cost": 0.0, "Total Cost": 31448.82, "Plan Rows": 46617, "Plan Width": 32, "Filter": "(((note)::text !~~ '%(1994)%'::text) AND ((note)::text ~~ '%(theatrical)%'::text))"}]}, {"Node Type": "Sort", "Parent Relationship": "Inner", "Parallel Aware": false, "Async Capable": false, "Startup Cost": 39850.23, "Total Cost": 39880.76, "Plan Rows": 12213, "Plan Width": 4, "Sort Key": ["mi_idx.movie_id"], "Plans": [{"Node Type": "Nested Loop", "Parent Relationship": "Outer", "Parallel Aware": false, "Async Capable": false, "Join Type": "Inner", "Startup Cost": 0.0, "Total Cost": 39021.2, "Plan Rows": 12213, "Plan Width": 4, "Inner Unique": false, "Join Filter": "(it.id = mi_idx.info_type_id)", "Plans": [{"Node Type": "Seq Scan", "Parent Relationship": "Outer", "Parallel Aware": false, "Async Capable": false, "Relation Name": "info_type", "Alias": "it", "Startup Cost": 0.0, "Total Cost": 2.41, "Plan Rows": 1, "Plan Width": 4, "Filter": "((info)::text = 'bottom 10 rank'::text)"}, {"Node Type": "Seq Scan", "Parent Relationship": "Inner", "Parallel Aware": false, "Async Capable": false, "Relation Name": "movie_info_idx", "Alias": "mi_idx", "Startup Cost": 0.0, "Total Cost": 21768.35, "Plan Rows": 1380035, "Plan Width": 8}]}]}]}]}, {"Node Type": "Sort", "Parent Relationship": "Inner", "Parallel Aware": false, "Async Capable": false, "Startup Cost": 1.06, "Total Cost": 1.06, "Plan Rows": 1, "Plan Width": 4, "Sort Key": ["ct.id"], "Plans": [{"Node Type": "Seq Scan", "Parent Relationship": "Outer", "Parallel Aware": false, "Async Capable": false, "Relation Name": "company_type", "Alias": "ct", "Startup Cost": 0.0, "Total Cost": 1.05, "Plan Rows": 1, "Plan Width": 4, "Filter": "((kind)::text = 'distributors'::text)"}]}]}, {"Node Type": "Bitmap Heap Scan", "Parent Relationship": "Inner", "Parallel Aware": false, "Async Capable": false, "Relation Name": "title", "Alias": "t", "Startup Cost": 0.46, "Total Cost": 4.48, "Plan Rows": 1, "Plan Width": 25, "Recheck Cond": "(id = mi_idx.movie_id)", "Filter": "(production_year >= 1947)", "Plans": [{"Node Type": "Bitmap Index Scan", "Parent Relationship": "Outer", "Parallel Aware": false, "Async Capable": false, "Index Name": "title_pkey", "Startup Cost": 0.0, "Total Cost": 0.46, "Plan Rows": 1, "Plan Width": 0, "Index Cond": "(id = mi_idx.movie_id)"}]}]}]}]}]}}, {"Plan": {"Node Type": "Aggregate", "Strategy": "Plain", "Partial Mode": "Simple", "Parallel Aware": false, "Async Capable": false, "Startup Cost": 257657.32, "Total Cost": 257657.33, "Plan Rows": 1, "Plan Width": 68, "Plans": [{"Node Type": "Merge Join", "Parent Relationship": "Outer", "Parallel Aware": false, "Async Capable": false, "Join Type": "Inner", "Startup Cost": 257425.2, "Total Cost": 257652.17, "Plan Rows": 687, "Plan Width": 45, "Inner Unique": false, "Merge Cond": "(mi_idx.movie_id = t.id)", "Plans": [{"Node Type": "Sort", "Parent Relationship": "Outer", "Parallel Aware": false, "Async Capable": false, "Startup Cost": 74706.37, "Total Cost": 74736.9, "Plan Rows": 12213, "Plan Width": 4, "Sort Key": ["mi_idx.movie_id"], "Plans": [{"Node Type": "Gather", "Parent Relationship": "Outer", "Parallel Aware": false, "Async Capable": false, "Startup Cost": 69730.08, "Total Cost": 73877.34, "Plan Rows": 12213, "Plan Width": 4, "Workers Planned": 2, "Single Copy": false, "Plans": [{"Node Type": "Merge Join", "Parent Relationship": "Outer", "Parallel Aware": false, "Async Capable": false, "Join Type": "Inner", "Startup Cost": 68730.08, "Total Cost": 71656.04, "Plan Rows": 5089, "Plan Width": 4, "Inner Unique": true, "Merge Cond": "(mi_idx.info_type_id = it.id)", "Plans": [{"Node Type": "Sort", "Parent Relationship": "Outer", "Parallel Aware": false, "Async Capable": false, "Startup Cost": 68727.65, "Total Cost": 70165.18, "Plan Rows": 575015, "Plan Width": 8, "Sort Key": ["mi_idx.info_type_id"], "Plans": [{"Node Type": "Seq Scan", "Parent Relationship": "Outer", "Parallel Aware": true, "Async Capable": false, "Relation Name": "movie_info_idx", "Alias": "mi_idx", "Startup Cost": 0.0, "Total Cost": 13718.15, "Plan Rows": 575015, "Plan Width": 8}]}, {"Node Type": "Sort", "Parent Relationship": "Inner", "Parallel Aware": false, "Async Capable": false, "Startup Cost": 2.42, "Total Cost": 2.43, "Plan Rows": 1, "Plan Width": 4, "Sort Key": ["it.id"], "Plans": [{"Node Type": "Seq Scan", "Parent Relationship": "Outer", "Parallel Aware": false, "Async Capable": false, "Relation Name": "info_type", "Alias": "it", "Startup Cost": 0.0, "Total Cost": 2.41, "Plan Rows": 1, "Plan Width": 4, "Filter": "((info)::text = 'bottom 10 rank'::text)"}]}]}]}]}, {"Node Type": "Sort", "Parent Relationship": "Inner", "Parallel Aware": false, "Async Capable": false, "Startup Cost": 182718.82, "Total Cost": 182801.06, "Plan Rows": 32896, "Plan Width": 53, "Sort Key": ["mc.movie_id"], "Plans": [{"Node Type": "Gather", "Parent Relationship": "Outer", "Parallel Aware": false, "Async Capable": false, "Startup Cost": 176714.37, "Total Cost": 180250.7, "Plan Rows": 32896, "Plan Width": 53, "Workers Planned": 4, "Single Copy": false, "Plans": [{"Node Type": "Merge Join", "Parent Relationship": "Outer", "Parallel Aware": false, "Async Capable": false, "Join Type": "Inner", "Startup Cost": 175714.37, "Total Cost": 175961.1, "Plan Rows": 8224, "Plan Width": 53, "Inner Unique": true, "Merge Cond": "(mc.company_type_id = ct.id)", "Plans": [{"Node Type": "Sort", "Parent Relationship": "Outer", "Parallel Aware": false, "Async Capable": false, "Startup Cost": 175713.31, "Total Cost": 175795.55, "Plan Rows": 32897, "Plan Width": 57, "Sort Key": ["mc.company_type_id"], "Plans": [{"Node Type": "Merge Join", "Parent Relationship": "Outer", "Parallel Aware": false, "Async Capable": false, "Join Type": "Inner", "Startup Cost": 169318.81, "Total Cost": 173245.1, "Plan Rows": 32897, "Plan Width": 57, "Inner Unique": false, "Merge Cond": "(t.id = mc.movie_id)", "Plans": [{"Node Type": "Sort", "Parent Relationship": "Outer", "Parallel Aware": false, "Async Capable": false, "Startup Cost": 98972.49, "Total Cost": 100411.34, "Plan Rows": 575540, "Plan Width": 25, "Sort Key": ["t.id"], "Plans": [{"Node Type": "Seq Scan", "Parent Relationship": "Outer", "Parallel Aware": true, "Async Capable": false, "Relation Name": "title", "Alias": "t", "Startup Cost": 0.0, "Total Cost": 43908.97, "Plan Rows": 575540, "Plan Width": 25, "Filter": "(production_year >= 1947)"}]}, {"Node Type": "Sort", "Parent Relationship": "Inner", "Parallel Aware": false, "Async Capable": false, "Startup Cost": 70346.31, "Total Cost": 70707.59, "Plan Rows": 144513, "Plan Width": 32, "Sort Key": ["mc.movie_id"], "Plans": [{"Node Type": "Seq Scan", "Parent Relationship": "Outer", "Parallel Aware": false, "Async Capable": false, "Relation Name": "movie_companies", "Alias": "mc", "Startup Cost": 0.0, "Total Cost": 57960.93, "Plan Rows": 144513, "Plan Width": 32, "Filter": "(((note)::text !~~ '%(1994)%'::text) AND ((note)::text ~~ '%(theatrical)%'::text))"}]}]}]}, {"Node Type": "Sort", "Parent Relationship": "Inner", "Parallel Aware": false, "Async Capable": false, "Startup Cost": 1.06, "Total Cost": 1.06, "Plan Rows": 1, "Plan Width": 4, "Sort Key": ["ct.id"], "Plans": [{"Node Type": "Seq Scan", "Parent Relationship": "Outer", "Parallel Aware": false, "Async Capable": false, "Relation Name": "company_type", "Alias": "ct", "Startup Cost": 0.0, "Total Cost": 1.05, "Plan Rows": 1, "Plan Width": 4, "Filter": "((kind)::text = 'distributors'::text)"}]}]}]}]}]}]}}, {"Plan": {"Node Type": "Aggregate", "Strategy": "Plain", "Partial Mode": "Simple", "Parallel Aware": false, "Async Capable": false, "Startup Cost": 20006199305.83, "Total Cost": 20006199305.84, "Plan Rows": 1, "Plan Width": 68, "Plans": [{"Node Type": "Nested Loop", "Parent Relationship": "Outer", "Parallel Aware": false, "Async Capable": false, "Join Type": "Inner", "Startup Cost": 20000000000.77, "Total Cost": 20006199300.68, "Plan Rows": 687, "Plan Width": 45, "Inner Unique": false, "Join Filter": "(t.id = mc.movie_id)", "Plans": [{"Node Type": "Nested Loop", "Parent Relationship": "Outer", "Parallel Aware": false, "Async Capable": false, "Join Type": "Inner", "Startup Cost": 10000000000.15, "Total Cost": 10000061586.21, "Plan Rows": 36128, "Plan Width": 28, "Inner Unique": true, "Plans": [{"Node Type": "Seq Scan", "Parent Relationship": "Outer", "Parallel Aware": false, "Async Capable": false, "Relation Name": "movie_companies", "Alias": "mc", "Startup Cost": 10000000000.0, "Total Cost": 10000057960.93, "Plan Rows": 144513, "Plan Width": 32, "Filter": "(((note)::text !~~ '%(1994)%'::text) AND ((note)::text ~~ '%(theatrical)%'::text))"}, {"Node Type": "Memoize", "Parent Relationship": "Inner", "Parallel Aware": false, "Async Capable": false, "Startup Cost": 0.15, "Total Cost": 4.16, "Plan Rows": 1, "Plan Width": 4, "Cache Key": "mc.company_type_id", "Cache Mode": "logical", "Plans": [{"Node Type": "Bitmap Heap Scan", "Parent Relationship": "Outer", "Parallel Aware": false, "Async Capable": false, "Relation Name": "company_type", "Alias": "ct", "Startup Cost": 0.14, "Total Cost": 4.15, "Plan Rows": 1, "Plan Width": 4, "Recheck Cond": "(id = mc.company_type_id)", "Filter": "((kind)::text = 'distributors'::text)", "Plans": [{"Node Type": "Bitmap Index Scan", "Parent Relationship": "Outer", "Parallel Aware": false, "Async Capable": false, "Index Name": "company_type_pkey", "Startup Cost": 0.0, "Total Cost": 0.14, "Plan Rows": 1, "Plan Width": 0, "Index Cond": "(id = mc.company_type_id)"}]}]}]}, {"Node Type": "Materialize", "Parent Relationship": "Inner", "Parallel Aware": false, "Async Capable": false, "Startup Cost": 10000000000.62, "Total Cost": 10000111049.95, "Plan Rows": 11121, "Plan Width": 29, "Plans": [{"Node Type": "Nested Loop", "Parent Relationship": "Outer", "Parallel Aware": false, "Async Capable": false, "Join Type": "Inner", "Startup Cost": 10000000000.62, "Total Cost": 10000110994.35, "Plan Rows": 11121, "Plan Width": 29, "Inner Unique": true, "Plans": [{"Node Type": "Nested Loop", "Parent Relationship": "Outer", "Parallel Aware": false, "Async Capable": false, "Join Type": "Inner", "Startup Cost": 10000000000.16, "Total Cost": 10000056294.21, "Plan Rows": 12213, "Plan Width": 4, "Inner Unique": true, "Plans": [{"Node Type": "Seq Scan", "Parent Relationship": "Outer", "Parallel Aware": false, "Async Capable": false, "Relation Name": "movie_info_idx", "Alias": "mi_idx", "Startup Cost": 10000000000.0, "Total Cost": 10000021768.35, "Plan Rows": 1380035, "Plan Width": 8}, {"Node Type": "Memoize", "Parent Relationship": "Inner", "Parallel Aware": false, "Async Capable": false, "Startup Cost": 0.16, "Total Cost": 4.18, "Plan Rows": 1, "Plan Width": 4, "Cache Key": "mi_idx.info_type_id", "Cache Mode": "logical", "Plans": [{"Node Type": "Bitmap Heap Scan", "Parent Relationship": "Outer", "Parallel Aware": false, "Async Capable": false, "Relation Name": "info_type", "Alias": "it", "Startup Cost": 0.15, "Total Cost": 4.17, "Plan Rows": 1, "Plan Width": 4, "Recheck Cond": "(id = mi_idx.info_type_id)", "Filter": "((info)::text = 'bottom 10 rank'::text)", "Plans": [{"Node Type": "Bitmap Index Scan", "Parent Relationship": "Outer", "Parallel Aware": false, "Async Capable": false, "Index Name": "info_type_pkey", "Startup Cost": 0.0, "Total Cost": 0.15, "Plan Rows": 1, "Plan Width": 0, "Index Cond": "(id = mi_idx.info_type_id)"}]}]}]}, {"Node Type": "Bitmap Heap Scan", "Parent Relationship": "Inner", "Parallel Aware": false, "Async Capable": false, "Relation Name": "title", "Alias": "t", "Startup Cost": 0.46, "Total Cost": 4.48, "Plan Rows": 1, "Plan Width": 25, "Recheck Cond": "(id = mi_idx.movie_id)", "Filter": "(production_year >= 1947)", "Plans": [{"Node Type": "Bitmap Index Scan", "Parent Relationship": "Outer", "Parallel Aware": false, "Async Capable": false, "Index Name": "title_pkey", "Startup Cost": 0.0, "Total Cost": 0.46, "Plan Rows": 1, "Plan Width": 0, "Index Cond": "(id = mi_idx.movie_id)"}]}]}]}]}]}}, {"Plan": {"Node Type": "Aggregate", "Strategy": "Plain", "Partial Mode": "Simple", "Parallel Aware": false, "Async Capable": false, "Startup Cost": 6169154.19, "Total Cost": 6169154.2, "Plan Rows": 1, "Plan Width": 68, "Plans": [{"Node Type": "Nested Loop", "Parent Relationship": "Outer", "Parallel Aware": false, "Async Capable": false, "Join Type": "Inner", "Startup Cost": 1000.46, "Total Cost": 6169149.04, "Plan Rows": 687, "Plan Width": 45, "Inner Unique": false, "Join Filter": "(t.id = mc.movie_id)", "Plans": [{"Node Type": "Nested Loop", "Parent Relationship": "Outer", "Parallel Aware": false, "Async Capable": false, "Join Type": "Inner", "Startup Cost": 1000.0, "Total Cost": 48707.58, "Plan Rows": 36128, "Plan Width": 28, "Inner Unique": false, "Join Filter": "(ct.id = mc.company_type_id)", "Plans": [{"Node Type": "Seq Scan", "Parent Relationship": "Outer", "Parallel Aware": false, "Async Capable": false, "Relation Name": "company_type", "Alias": "ct", "Startup Cost": 0.0, "Total Cost": 1.05, "Plan Rows": 1, "Plan Width": 4, "Filter": "((kind)::text = 'distributors'::text)"}, {"Node Type": "Gather", "Parent Relationship": "Inner", "Parallel Aware": false, "Async Capable": false, "Startup Cost": 1000.0, "Total Cost": 46900.12, "Plan Rows": 144513, "Plan Width": 32, "Workers Planned": 3, "Single Copy": false, "Plans": [{"Node Type": "Seq Scan", "Parent Relationship": "Outer", "Parallel Aware": true, "Async Capable": false, "Relation Name": "movie_companies", "Alias": "mc", "Startup Cost": 0.0, "Total Cost": 31448.82, "Plan Rows": 46617, "Plan Width": 32, "Filter": "(((note)::text !~~ '%(1994)%'::text) AND ((note)::text ~~ '%(theatrical)%'::text))"}]}]}, {"Node Type": "Materialize", "Parent Relationship": "Inner", "Parallel Aware": false, "Async Capable": false, "Startup Cost": 0.46, "Total Cost": 93776.94, "Plan Rows": 11121, "Plan Width": 29, "Plans": [{"Node Type": "Nested Loop", "Parent Relationship": "Outer", "Parallel Aware": false, "Async Capable": false, "Join Type": "Inner", "Startup Cost": 0.46, "Total Cost": 93721.33, "Plan Rows": 11121, "Plan Width": 29, "Inner Unique": true, "Plans": [{"Node Type": "Nested Loop", "Parent Relationship": "Outer", "Parallel Aware": false, "Async Capable": false, "Join Type": "Inner", "Startup Cost": 0.0, "Total Cost": 39021.2, "Plan Rows": 12213, "Plan Width": 4, "Inner Unique": false, "Join Filter": "(it.id = mi_idx.info_type_id)", "Plans": [{"Node Type": "Seq Scan", "Parent Relationship": "Outer", "Parallel Aware": false, "Async Capable": false, "Relation Name": "info_type", "Alias": "it", "Startup Cost": 0.0, "Total Cost": 2.41, "Plan Rows": 1, "Plan Width": 4, "Filter": "((info)::text = 'bottom 10 rank'::text)"}, {"Node Type": "Seq Scan", "Parent Relationship": "Inner", "Parallel Aware": false, "Async Capable": false, "Relation Name": "movie_info_idx", "Alias": "mi_idx", "Startup Cost": 0.0, "Total Cost": 21768.35, "Plan Rows": 1380035, "Plan Width": 8}]}, {"Node Type": "Bitmap Heap Scan", "Parent Relationship": "Inner", "Parallel Aware": false, "Async Capable": false, "Relation Name": "title", "Alias": "t", "Startup Cost": 0.46, "Total Cost": 4.48, "Plan Rows": 1, "Plan Width": 25, "Recheck Cond": "(id = mi_idx.movie_id)", "Filter": "(production_year >= 1947)", "Plans": [{"Node Type": "Bitmap Index Scan", "Parent Relationship": "Outer", "Parallel Aware": false, "Async Capable": false, "Index Name": "title_pkey", "Startup Cost": 0.0, "Total Cost": 0.46, "Plan Rows": 1, "Plan Width": 0, "Index Cond": "(id = mi_idx.movie_id)"}]}]}]}]}]}}]