[{"Plan": {"Node Type": "Aggregate", "Strategy": "Plain", "Partial Mode": "Finalize", "Parallel Aware": false, "Async Capable": false, "Startup Cost": 290407.46, "Total Cost": 290407.47, "Plan Rows": 1, "Plan Width": 64, "Plans": [{"Node Type": "Gather", "Parent Relationship": "Outer", "Parallel Aware": false, "Async Capable": false, "Startup Cost": 290407.24, "Total Cost": 290407.45, "Plan Rows": 2, "Plan Width": 64, "Workers Planned": 2, "Single Copy": false, "Plans": [{"Node Type": "Aggregate", "Strategy": "Plain", "Partial Mode": "Partial", "Parent Relationship": "Outer", "Parallel Aware": false, "Async Capable": false, "Startup Cost": 289407.24, "Total Cost": 289407.25, "Plan Rows": 1, "Plan Width": 64, "Plans": [{"Node Type": "Hash Join", "Parent Relationship": "Outer", "Parallel Aware": true, "Async Capable": false, "Join Type": "Inner", "Startup Cost": 281104.26, "Total Cost": 289407.2, "Plan Rows": 8, "Plan Width": 60, "Inner Unique": false, "Hash Cond": "(at.movie_id = t.id)", "Plans": [{"Node Type": "Seq Scan", "Parent Relationship": "Outer", "Parallel Aware": true, "Async Capable": false, "Relation Name": "aka_title", "Alias": "at", "Startup Cost": 0.0, "Total Cost": 7738.13, "Plan Rows": 150613, "Plan Width": 4}, {"Node Type": "Hash", "Parent Relationship": "Inner", "Parallel Aware": true, "Async Capable": false, "Startup Cost": 281104.23, "Total Cost": 281104.23, "Plan Rows": 2, "Plan Width": 76, "Plans": [{"Node Type": "Nested Loop", "Parent Relationship": "Outer", "Parallel Aware": false, "Async Capable": false, "Join Type": "Inner", "Startup Cost": 236557.95, "Total Cost": 281104.23, "Plan Rows": 2, "Plan Width": 76, "Inner Unique": true, "Plans": [{"Node Type": "Hash Join", "Parent Relationship": "Outer", "Parallel Aware": true, "Async Capable": false, "Join Type": "Inner", "Startup Cost": 236557.53, "Total Cost": 281103.36, "Plan Rows": 2, "Plan Width": 80, "Inner Unique": false, "Hash Cond": "(mk.movie_id = t.id)", "Plans": [{"Node Type": "Seq Scan", "Parent Relationship": "Outer", "Parallel Aware": true, "Async Capable": false, "Relation Name": "movie_keyword", "Alias": "mk", "Startup Cost": 0.0, "Total Cost": 39073.32, "Plan Rows": 1459332, "Plan Width": 8}, {"Node Type": "Hash", "Parent Relationship": "Inner", "Parallel Aware": true, "Async Capable": false, "Startup Cost": 236557.52, "Total Cost": 236557.52, "Plan Rows": 1, "Plan Width": 72, "Plans": [{"Node Type": "Nested Loop", "Parent Relationship": "Outer", "Parallel Aware": false, "Async Capable": false, "Join Type": "Inner", "Startup Cost": 206160.16, "Total Cost": 236557.52, "Plan Rows": 1, "Plan Width": 72, "Inner Unique": true, "Join Filter": "(t.id = mi.movie_id)", "Plans": [{"Node Type": "Nested Loop", "Parent Relationship": "Outer", "Parallel Aware": false, "Async Capable": false, "Join Type": "Inner", "Startup Cost": 206159.73, "Total Cost": 236556.99, "Plan Rows": 1, "Plan Width": 51, "Inner Unique": true, "Plans": [{"Node Type": "Nested Loop", "Parent Relationship": "Outer", "Parallel Aware": false, "Async Capable": false, "Join Type": "Inner", "Startup Cost": 206159.6, "Total Cost": 236556.83, "Plan Rows": 1, "Plan Width": 55, "Inner Unique": true, "Plans": [{"Node Type": "Hash Join", "Parent Relationship": "Outer", "Parallel Aware": true, "Async Capable": false, "Join Type": "Inner", "Startup Cost": 206159.18, "Total Cost": 236555.94, "Plan Rows": 2, "Plan Width": 59, "Inner Unique": false, "Hash Cond": "(mc.movie_id = mi.movie_id)", "Plans": [{"Node Type": "Seq Scan", "Parent Relationship": "Outer", "Parallel Aware": true, "Async Capable": false, "Relation Name": "movie_companies", "Alias": "mc", "Startup Cost": 0.0, "Total Cost": 27240.55, "Plan Rows": 841655, "Plan Width": 12}, {"Node Type": "Hash", "Parent Relationship": "Inner", "Parallel Aware": true, "Async Capable": false, "Startup Cost": 206159.17, "Total Cost": 206159.17, "Plan Rows": 1, "Plan Width": 47, "Plans": [{"Node Type": "Hash Join", "Parent Relationship": "Outer", "Parallel Aware": false, "Async Capable": false, "Join Type": "Inner", "Startup Cost": 2.43, "Total Cost": 206159.17, "Plan Rows": 1, "Plan Width": 47, "Inner Unique": true, "Hash Cond": "(mi.info_type_id = it1.id)", "Plans": [{"Node Type": "Seq Scan", "Parent Relationship": "Outer", "Parallel Aware": true, "Async Capable": false, "Relation Name": "movie_info", "Alias": "mi", "Startup Cost": 0.0, "Total Cost": 206156.59, "Plan Rows": 56, "Plan Width": 51, "Filter": "(((note)::text ~~ '%internet%'::text) AND ((info)::text ~~ 'USA:%200%'::text))"}, {"Node Type": "Hash", "Parent Relationship": "Inner", "Parallel Aware": false, "Async Capable": false, "Startup Cost": 2.41, "Total Cost": 2.41, "Plan Rows": 1, "Plan Width": 4, "Plans": [{"Node Type": "Seq Scan", "Parent Relationship": "Outer", "Parallel Aware": false, "Async Capable": false, "Relation Name": "info_type", "Alias": "it1", "Startup Cost": 0.0, "Total Cost": 2.41, "Plan Rows": 1, "Plan Width": 4, "Filter": "((info)::text = 'release dates'::text)"}]}]}]}]}, {"Node Type": "Index Scan", "Parent Relationship": "Inner", "Parallel Aware": false, "Async Capable": false, "Scan Direction": "Forward", "Index Name": "company_name_pkey", "Relation Name": "company_name", "Alias": "cn", "Startup Cost": 0.42, "Total Cost": 0.45, "Plan Rows": 1, "Plan Width": 4, "Index Cond": "(id = mc.company_id)", "Filter": "((country_code)::text = '[ru]'::text)"}]}, {"Node Type": "Index Only Scan", "Parent Relationship": "Inner", "Parallel Aware": false, "Async Capable": false, "Scan Direction": "Forward", "Index Name": "company_type_pkey", "Relation Name": "company_type", "Alias": "ct", "Startup Cost": 0.13, "Total Cost": 0.15, "Plan Rows": 1, "Plan Width": 4, "Index Cond": "(id = mc.company_type_id)"}]}, {"Node Type": "Index Scan", "Parent Relationship": "Inner", "Parallel Aware": false, "Async Capable": false, "Scan Direction": "Forward", "Index Name": "title_pkey", "Relation Name": "title", "Alias": "t", "Startup Cost": 0.43, "Total Cost": 0.52, "Plan Rows": 1, "Plan Width": 21, "Index Cond": "(id = mc.movie_id)", "Filter": "(production_year >= 1986)"}]}]}]}, {"Node Type": "Index Only Scan", "Parent Relationship": "Inner", "Parallel Aware": false, "Async Capable": false, "Scan Direction": "Forward", "Index Name": "keyword_pkey", "Relation Name": "keyword", "Alias": "k", "Startup Cost": 0.42, "Total Cost": 0.44, "Plan Rows": 1, "Plan Width": 4, "Index Cond": "(id = mk.keyword_id)"}]}]}]}]}]}]}}, {"Plan": {"Node Type": "Aggregate", "Strategy": "Plain", "Partial Mode": "Simple", "Parallel Aware": false, "Async Capable": false, "Startup Cost": 90000536864.39, "Total Cost": 90000536864.4, "Plan Rows": 1, "Plan Width": 64, "Plans": [{"Node Type": "Nested Loop", "Parent Relationship": "Outer", "Parallel Aware": false, "Async Capable": false, "Join Type": "Inner", "Startup Cost": 90000525650.9, "Total Cost": 90000536864.29, "Plan Rows": 20, "Plan Width": 60, "Inner Unique": true, "Plans": [{"Node Type": "Hash Join", "Parent Relationship": "Outer", "Parallel Aware": false, "Async Capable": false, "Join Type": "Inner", "Startup Cost": 80000525650.75, "Total Cost": 80000536853.0, "Plan Rows": 20, "Plan Width": 64, "Inner Unique": false, "Hash Cond": "(at.movie_id = t.id)", "Plans": [{"Node Type": "Seq Scan", "Parent Relationship": "Outer", "Parallel Aware": false, "Async Capable": false, "Relation Name": "aka_title", "Alias": "at", "Startup Cost": 10000000000.0, "Total Cost": 10000009846.72, "Plan Rows": 361472, "Plan Width": 4}, {"Node Type": "Hash", "Parent Relationship": "Inner", "Parallel Aware": false, "Async Capable": false, "Startup Cost": 70000525650.69, "Total Cost": 70000525650.69, "Plan Rows": 5, "Plan Width": 80, "Plans": [{"Node Type": "Nested Loop", "Parent Relationship": "Outer", "Parallel Aware": false, "Async Capable": false, "Join Type": "Inner", "Startup Cost": 70000438944.86, "Total Cost": 70000525650.69, "Plan Rows": 5, "Plan Width": 80, "Inner Unique": true, "Plans": [{"Node Type": "Hash Join", "Parent Relationship": "Outer", "Parallel Aware": false, "Async Capable": false, "Join Type": "Inner", "Startup Cost": 60000438944.43, "Total Cost": 60000525628.49, "Plan Rows": 5, "Plan Width": 84, "Inner Unique": false, "Hash Cond": "(mk.movie_id = t.id)", "Plans": [{"Node Type": "Seq Scan", "Parent Relationship": "Outer", "Parallel Aware": false, "Async Capable": false, "Relation Name": "movie_keyword", "Alias": "mk", "Startup Cost": 10000000000.0, "Total Cost": 10000069719.3, "Plan Rows": 4523930, "Plan Width": 8}, {"Node Type": "Hash", "Parent Relationship": "Inner", "Parallel Aware": false, "Async Capable": false, "Startup Cost": 50000438944.42, "Total Cost": 50000438944.42, "Plan Rows": 1, "Plan Width": 76, "Plans": [{"Node Type": "Nested Loop", "Parent Relationship": "Outer", "Parallel Aware": false, "Async Capable": false, "Join Type": "Inner", "Startup Cost": 50000384223.09, "Total Cost": 50000438944.42, "Plan Rows": 1, "Plan Width": 76, "Inner Unique": true, "Plans": [{"Node Type": "Hash Join", "Parent Relationship": "Outer", "Parallel Aware": false, "Async Capable": false, "Join Type": "Inner", "Startup Cost": 40000384222.66, "Total Cost": 40000438922.19, "Plan Rows": 5, "Plan Width": 80, "Inner Unique": false, "Hash Cond": "(mc.movie_id = t.id)", "Plans": [{"Node Type": "Seq Scan", "Parent Relationship": "Outer", "Parallel Aware": false, "Async Capable": false, "Relation Name": "movie_companies", "Alias": "mc", "Startup Cost": 10000000000.0, "Total Cost": 10000044915.29, "Plan Rows": 2609129, "Plan Width": 12}, {"Node Type": "Hash", "Parent Relationship": "Inner", "Parallel Aware": false, "Async Capable": false, "Startup Cost": 30000384222.64, "Total Cost": 30000384222.64, "Plan Rows": 1, "Plan Width": 68, "Plans": [{"Node Type": "Nested Loop", "Parent Relationship": "Outer", "Parallel Aware": false, "Async Capable": false, "Join Type": "Inner", "Startup Cost": 30000000018.51, "Total Cost": 30000384222.64, "Plan Rows": 1, "Plan Width": 68, "Inner Unique": true, "Plans": [{"Node Type": "Hash Join", "Parent Relationship": "Outer", "Parallel Aware": false, "Async Capable": false, "Join Type": "Inner", "Startup Cost": 20000000014.13, "Total Cost": 20000384205.85, "Plan Rows": 2, "Plan Width": 47, "Inner Unique": true, "Hash Cond": "(mi.info_type_id = it1.id)", "Plans": [{"Node Type": "Seq Scan", "Parent Relationship": "Outer", "Parallel Aware": false, "Async Capable": false, "Relation Name": "movie_info", "Alias": "mi", "Startup Cost": 10000000000.0, "Total Cost": 10000384190.97, "Plan Rows": 278, "Plan Width": 51, "Filter": "(((note)::text ~~ '%internet%'::text) AND ((info)::text ~~ 'USA:%200%'::text))"}, {"Node Type": "Hash", "Parent Relationship": "Inner", "Parallel Aware": false, "Async Capable": false, "Startup Cost": 10000000014.12, "Total Cost": 10000000014.12, "Plan Rows": 1, "Plan Width": 4, "Plans": [{"Node Type": "Index Scan", "Parent Relationship": "Outer", "Parallel Aware": false, "Async Capable": false, "Scan Direction": "Forward", "Index Name": "info_type_pkey", "Relation Name": "info_type", "Alias": "it1", "Startup Cost": 10000000000.14, "Total Cost": 10000000014.12, "Plan Rows": 1, "Plan Width": 4, "Filter": "((info)::text = 'release dates'::text)"}]}]}, {"Node Type": "Bitmap Heap Scan", "Parent Relationship": "Inner", "Parallel Aware": false, "Async Capable": false, "Relation Name": "title", "Alias": "t", "Startup Cost": 4.38, "Total Cost": 8.4, "Plan Rows": 1, "Plan Width": 21, "Recheck Cond": "(id = mi.movie_id)", "Filter": "(production_year >= 1986)", "Plans": [{"Node Type": "Bitmap Index Scan", "Parent Relationship": "Outer", "Parallel Aware": false, "Async Capable": false, "Index Name": "title_pkey", "Startup Cost": 0.0, "Total Cost": 4.38, "Plan Rows": 1, "Plan Width": 0, "Index Cond": "(id = mi.movie_id)"}]}]}]}]}, {"Node Type": "Bitmap Heap Scan", "Parent Relationship": "Inner", "Parallel Aware": false, "Async Capable": false, "Relation Name": "company_name", "Alias": "cn", "Startup Cost": 0.43, "Total Cost": 4.44, "Plan Rows": 1, "Plan Width": 4, "Recheck Cond": "(id = mc.company_id)", "Filter": "((country_code)::text = '[ru]'::text)", "Plans": [{"Node Type": "Bitmap Index Scan", "Parent Relationship": "Outer", "Parallel Aware": false, "Async Capable": false, "Index Name": "company_name_pkey", "Startup Cost": 0.0, "Total Cost": 0.43, "Plan Rows": 1, "Plan Width": 0, "Index Cond": "(id = mc.company_id)"}]}]}]}]}, {"Node Type": "Bitmap Heap Scan", "Parent Relationship": "Inner", "Parallel Aware": false, "Async Capable": false, "Relation Name": "keyword", "Alias": "k", "Startup Cost": 0.43, "Total Cost": 4.44, "Plan Rows": 1, "Plan Width": 4, "Recheck Cond": "(id = mk.keyword_id)", "Plans": [{"Node Type": "Bitmap Index Scan", "Parent Relationship": "Outer", "Parallel Aware": false, "Async Capable": false, "Index Name": "keyword_pkey", "Startup Cost": 0.0, "Total Cost": 0.43, "Plan Rows": 1, "Plan Width": 0, "Index Cond": "(id = mk.keyword_id)"}]}]}]}]}, {"Node Type": "Memoize", "Parent Relationship": "Inner", "Parallel Aware": false, "Async Capable": false, "Startup Cost": 0.15, "Total Cost": 4.16, "Plan Rows": 1, "Plan Width": 4, "Cache Key": "mc.company_type_id", "Cache Mode": "logical", "Plans": [{"Node Type": "Bitmap Heap Scan", "Parent Relationship": "Outer", "Parallel Aware": false, "Async Capable": false, "Relation Name": "company_type", "Alias": "ct", "Startup Cost": 0.14, "Total Cost": 4.15, "Plan Rows": 1, "Plan Width": 4, "Recheck Cond": "(id = mc.company_type_id)", "Plans": [{"Node Type": "Bitmap Index Scan", "Parent Relationship": "Outer", "Parallel Aware": false, "Async Capable": false, "Index Name": "company_type_pkey", "Startup Cost": 0.0, "Total Cost": 0.14, "Plan Rows": 1, "Plan Width": 0, "Index Cond": "(id = mc.company_type_id)"}]}]}]}]}}, {"Plan": {"Node Type": "Aggregate", "Strategy": "Plain", "Partial Mode": "Simple", "Parallel Aware": false, "Async Capable": false, "Startup Cost": 40000674767.86, "Total Cost": 40000674767.87, "Plan Rows": 1, "Plan Width": 64, "Plans": [{"Node Type": "Hash Join", "Parent Relationship": "Outer", "Parallel Aware": false, "Async Capable": false, "Join Type": "Inner", "Startup Cost": 40000551117.11, "Total Cost": 40000674767.76, "Plan Rows": 20, "Plan Width": 60, "Inner Unique": false, "Hash Cond": "(t.id = at.movie_id)", "Plans": [{"Node Type": "Index Scan", "Parent Relationship": "Outer", "Parallel Aware": false, "Async Capable": false, "Scan Direction": "Forward", "Index Name": "title_pkey", "Relation Name": "title", "Alias": "t", "Startup Cost": 0.43, "Total Cost": 116689.45, "Plan Rows": 1856383, "Plan Width": 21, "Filter": "(production_year >= 1986)"}, {"Node Type": "Hash", "Parent Relationship": "Inner", "Parallel Aware": false, "Async Capable": false, "Startup Cost": 40000551116.34, "Total Cost": 40000551116.34, "Plan Rows": 27, "Plan Width": 59, "Plans": [{"Node Type": "Hash Join", "Parent Relationship": "Outer", "Parallel Aware": false, "Async Capable": false, "Join Type": "Inner", "Startup Cost": 40000546523.48, "Total Cost": 40000551116.34, "Plan Rows": 27, "Plan Width": 59, "Inner Unique": false, "Hash Cond": "(k.id = mk.keyword_id)", "Plans": [{"Node Type": "Index Only Scan", "Parent Relationship": "Outer", "Parallel Aware": false, "Async Capable": false, "Scan Direction": "Forward", "Index Name": "keyword_pkey", "Relation Name": "keyword", "Alias": "k", "Startup Cost": 0.42, "Total Cost": 4089.87, "Plan Rows": 134170, "Plan Width": 4}, {"Node Type": "Hash", "Parent Relationship": "Inner", "Parallel Aware": false, "Async Capable": false, "Startup Cost": 40000546522.72, "Total Cost": 40000546522.72, "Plan Rows": 27, "Plan Width": 63, "Plans": [{"Node Type": "Hash Join", "Parent Relationship": "Outer", "Parallel Aware": false, "Async Capable": false, "Join Type": "Inner", "Startup Cost": 40000459838.41, "Total Cost": 40000546522.72, "Plan Rows": 27, "Plan Width": 63, "Inner Unique": false, "Hash Cond": "(mk.movie_id = at.movie_id)", "Plans": [{"Node Type": "Seq Scan", "Parent Relationship": "Outer", "Parallel Aware": false, "Async Capable": false, "Relation Name": "movie_keyword", "Alias": "mk", "Startup Cost": 10000000000.0, "Total Cost": 10000069719.3, "Plan Rows": 4523930, "Plan Width": 8}, {"Node Type": "Hash", "Parent Relationship": "Inner", "Parallel Aware": false, "Async Capable": false, "Startup Cost": 30000459838.4, "Total Cost": 30000459838.4, "Plan Rows": 1, "Plan Width": 55, "Plans": [{"Node Type": "Hash Join", "Parent Relationship": "Outer", "Parallel Aware": false, "Async Capable": false, "Join Type": "Inner", "Startup Cost": 30000448636.15, "Total Cost": 30000459838.4, "Plan Rows": 1, "Plan Width": 55, "Inner Unique": true, "Hash Cond": "(mc.company_type_id = ct.id)", "Plans": [{"Node Type": "Hash Join", "Parent Relationship": "Outer", "Parallel Aware": false, "Async Capable": false, "Join Type": "Inner", "Startup Cost": 30000448623.91, "Total Cost": 30000459826.16, "Plan Rows": 1, "Plan Width": 59, "Inner Unique": false, "Hash Cond": "(at.movie_id = mi.movie_id)", "Plans": [{"Node Type": "Seq Scan", "Parent Relationship": "Outer", "Parallel Aware": false, "Async Capable": false, "Relation Name": "aka_title", "Alias": "at", "Startup Cost": 10000000000.0, "Total Cost": 10000009846.72, "Plan Rows": 361472, "Plan Width": 4}, {"Node Type": "Hash", "Parent Relationship": "Inner", "Parallel Aware": false, "Async Capable": false, "Startup Cost": 20000448623.9, "Total Cost": 20000448623.9, "Plan Rows": 1, "Plan Width": 55, "Plans": [{"Node Type": "Hash Join", "Parent Relationship": "Outer", "Parallel Aware": false, "Async Capable": false, "Join Type": "Inner", "Startup Cost": 20000396782.29, "Total Cost": 20000448623.9, "Plan Rows": 1, "Plan Width": 55, "Inner Unique": false, "Hash Cond": "(mc.movie_id = mi.movie_id)", "Plans": [{"Node Type": "Hash Join", "Parent Relationship": "Outer", "Parallel Aware": false, "Async Capable": false, "Join Type": "Inner", "Startup Cost": 10000012576.41, "Total Cost": 10000064340.79, "Plan Rows": 15444, "Plan Width": 8, "Inner Unique": true, "Hash Cond": "(mc.company_id = cn.id)", "Plans": [{"Node Type": "Seq Scan", "Parent Relationship": "Outer", "Parallel Aware": false, "Async Capable": false, "Relation Name": "movie_companies", "Alias": "mc", "Startup Cost": 10000000000.0, "Total Cost": 10000044915.29, "Plan Rows": 2609129, "Plan Width": 12}, {"Node Type": "Hash", "Parent Relationship": "Inner", "Parallel Aware": false, "Async Capable": false, "Startup Cost": 12559.02, "Total Cost": 12559.02, "Plan Rows": 1391, "Plan Width": 4, "Plans": [{"Node Type": "Index Scan", "Parent Relationship": "Outer", "Parallel Aware": false, "Async Capable": false, "Scan Direction": "Forward", "Index Name": "company_name_pkey", "Relation Name": "company_name", "Alias": "cn", "Startup Cost": 0.42, "Total Cost": 12559.02, "Plan Rows": 1391, "Plan Width": 4, "Filter": "((country_code)::text = '[ru]'::text)"}]}]}, {"Node Type": "Hash", "Parent Relationship": "Inner", "Parallel Aware": false, "Async Capable": false, "Startup Cost": 10000384205.85, "Total Cost": 10000384205.85, "Plan Rows": 2, "Plan Width": 47, "Plans": [{"Node Type": "Hash Join", "Parent Relationship": "Outer", "Parallel Aware": false, "Async Capable": false, "Join Type": "Inner", "Startup Cost": 10000000014.13, "Total Cost": 10000384205.85, "Plan Rows": 2, "Plan Width": 47, "Inner Unique": true, "Hash Cond": "(mi.info_type_id = it1.id)", "Plans": [{"Node Type": "Seq Scan", "Parent Relationship": "Outer", "Parallel Aware": false, "Async Capable": false, "Relation Name": "movie_info", "Alias": "mi", "Startup Cost": 10000000000.0, "Total Cost": 10000384190.97, "Plan Rows": 278, "Plan Width": 51, "Filter": "(((note)::text ~~ '%internet%'::text) AND ((info)::text ~~ 'USA:%200%'::text))"}, {"Node Type": "Hash", "Parent Relationship": "Inner", "Parallel Aware": false, "Async Capable": false, "Startup Cost": 14.12, "Total Cost": 14.12, "Plan Rows": 1, "Plan Width": 4, "Plans": [{"Node Type": "Index Scan", "Parent Relationship": "Outer", "Parallel Aware": false, "Async Capable": false, "Scan Direction": "Forward", "Index Name": "info_type_pkey", "Relation Name": "info_type", "Alias": "it1", "Startup Cost": 0.14, "Total Cost": 14.12, "Plan Rows": 1, "Plan Width": 4, "Filter": "((info)::text = 'release dates'::text)"}]}]}]}]}]}]}, {"Node Type": "Hash", "Parent Relationship": "Inner", "Parallel Aware": false, "Async Capable": false, "Startup Cost": 12.19, "Total Cost": 12.19, "Plan Rows": 4, "Plan Width": 4, "Plans": [{"Node Type": "Index Only Scan", "Parent Relationship": "Outer", "Parallel Aware": false, "Async Capable": false, "Scan Direction": "Forward", "Index Name": "company_type_pkey", "Relation Name": "company_type", "Alias": "ct", "Startup Cost": 0.13, "Total Cost": 12.19, "Plan Rows": 4, "Plan Width": 4}]}]}]}]}]}]}]}]}]}}, {"Plan": {"Node Type": "Aggregate", "Strategy": "Plain", "Partial Mode": "Simple", "Parallel Aware": false, "Async Capable": false, "Startup Cost": 40000706991.8, "Total Cost": 40000706991.81, "Plan Rows": 1, "Plan Width": 64, "Plans": [{"Node Type": "Merge Join", "Parent Relationship": "Outer", "Parallel Aware": false, "Async Capable": false, "Join Type": "Inner", "Startup Cost": 40000702568.53, "Total Cost": 40000706991.7, "Plan Rows": 20, "Plan Width": 60, "Inner Unique": true, "Merge Cond": "(mk.keyword_id = k.id)", "Plans": [{"Node Type": "Sort", "Parent Relationship": "Outer", "Parallel Aware": false, "Async Capable": false, "Startup Cost": 40000702568.11, "Total Cost": 40000702568.16, "Plan Rows": 20, "Plan Width": 64, "Sort Key": ["mk.keyword_id"], "Plans": [{"Node Type": "Hash Join", "Parent Relationship": "Outer", "Parallel Aware": false, "Async Capable": false, "Join Type": "Inner", "Startup Cost": 40000615883.51, "Total Cost": 40000702567.68, "Plan Rows": 20, "Plan Width": 64, "Inner Unique": true, "Hash Cond": "(mc.company_type_id = ct.id)", "Plans": [{"Node Type": "Hash Join", "Parent Relationship": "Outer", "Parallel Aware": false, "Async Capable": false, "Join Type": "Inner", "Startup Cost": 40000615871.27, "Total Cost": 40000702555.33, "Plan Rows": 20, "Plan Width": 68, "Inner Unique": false, "Hash Cond": "(mk.movie_id = t.id)", "Plans": [{"Node Type": "Seq Scan", "Parent Relationship": "Outer", "Parallel Aware": false, "Async Capable": false, "Relation Name": "movie_keyword", "Alias": "mk", "Startup Cost": 10000000000.0, "Total Cost": 10000069719.3, "Plan Rows": 4523930, "Plan Width": 8}, {"Node Type": "Hash", "Parent Relationship": "Inner", "Parallel Aware": false, "Async Capable": false, "Startup Cost": 30000615871.26, "Total Cost": 30000615871.26, "Plan Rows": 1, "Plan Width": 80, "Plans": [{"Node Type": "Merge Join", "Parent Relationship": "Outer", "Parallel Aware": false, "Async Capable": false, "Join Type": "Inner", "Startup Cost": 30000492839.07, "Total Cost": 30000615871.26, "Plan Rows": 1, "Plan Width": 80, "Inner Unique": false, "Merge Cond": "(t.id = mi.movie_id)", "Plans": [{"Node Type": "Merge Join", "Parent Relationship": "Outer", "Parallel Aware": false, "Async Capable": false, "Join Type": "Inner", "Startup Cost": 20000108633.21, "Total Cost": 20000231753.23, "Plan Rows": 7011, "Plan Width": 33, "Inner Unique": false, "Merge Cond": "(t.id = at.movie_id)", "Plans": [{"Node Type": "Merge Join", "Parent Relationship": "Outer", "Parallel Aware": false, "Async Capable": false, "Join Type": "Inner", "Startup Cost": 10000065415.71, "Total Cost": 10000186812.85, "Plan Rows": 11340, "Plan Width": 29, "Inner Unique": true, "Merge Cond": "(mc.movie_id = t.id)", "Plans": [{"Node Type": "Sort", "Parent Relationship": "Outer", "Parallel Aware": false, "Async Capable": false, "Startup Cost": 10000065415.28, "Total Cost": 10000065453.89, "Plan Rows": 15444, "Plan Width": 8, "Sort Key": ["mc.movie_id"], "Plans": [{"Node Type": "Hash Join", "Parent Relationship": "Outer", "Parallel Aware": false, "Async Capable": false, "Join Type": "Inner", "Startup Cost": 10000012576.41, "Total Cost": 10000064340.79, "Plan Rows": 15444, "Plan Width": 8, "Inner Unique": true, "Hash Cond": "(mc.company_id = cn.id)", "Plans": [{"Node Type": "Seq Scan", "Parent Relationship": "Outer", "Parallel Aware": false, "Async Capable": false, "Relation Name": "movie_companies", "Alias": "mc", "Startup Cost": 10000000000.0, "Total Cost": 10000044915.29, "Plan Rows": 2609129, "Plan Width": 12}, {"Node Type": "Hash", "Parent Relationship": "Inner", "Parallel Aware": false, "Async Capable": false, "Startup Cost": 12559.02, "Total Cost": 12559.02, "Plan Rows": 1391, "Plan Width": 4, "Plans": [{"Node Type": "Index Scan", "Parent Relationship": "Outer", "Parallel Aware": false, "Async Capable": false, "Scan Direction": "Forward", "Index Name": "company_name_pkey", "Relation Name": "company_name", "Alias": "cn", "Startup Cost": 0.42, "Total Cost": 12559.02, "Plan Rows": 1391, "Plan Width": 4, "Filter": "((country_code)::text = '[ru]'::text)"}]}]}]}, {"Node Type": "Index Scan", "Parent Relationship": "Inner", "Parallel Aware": false, "Async Capable": false, "Scan Direction": "Forward", "Index Name": "title_pkey", "Relation Name": "title", "Alias": "t", "Startup Cost": 0.43, "Total Cost": 116689.45, "Plan Rows": 1856383, "Plan Width": 21, "Filter": "(production_year >= 1986)"}]}, {"Node Type": "Sort", "Parent Relationship": "Inner", "Parallel Aware": false, "Async Capable": false, "Startup Cost": 10000043216.96, "Total Cost": 10000044120.64, "Plan Rows": 361472, "Plan Width": 4, "Sort Key": ["at.movie_id"], "Plans": [{"Node Type": "Seq Scan", "Parent Relationship": "Outer", "Parallel Aware": false, "Async Capable": false, "Relation Name": "aka_title", "Alias": "at", "Startup Cost": 10000000000.0, "Total Cost": 10000009846.72, "Plan Rows": 361472, "Plan Width": 4}]}]}, {"Node Type": "Sort", "Parent Relationship": "Inner", "Parallel Aware": false, "Async Capable": false, "Startup Cost": 10000384205.86, "Total Cost": 10000384205.87, "Plan Rows": 2, "Plan Width": 47, "Sort Key": ["mi.movie_id"], "Plans": [{"Node Type": "Hash Join", "Parent Relationship": "Outer", "Parallel Aware": false, "Async Capable": false, "Join Type": "Inner", "Startup Cost": 10000000014.13, "Total Cost": 10000384205.85, "Plan Rows": 2, "Plan Width": 47, "Inner Unique": true, "Hash Cond": "(mi.info_type_id = it1.id)", "Plans": [{"Node Type": "Seq Scan", "Parent Relationship": "Outer", "Parallel Aware": false, "Async Capable": false, "Relation Name": "movie_info", "Alias": "mi", "Startup Cost": 10000000000.0, "Total Cost": 10000384190.97, "Plan Rows": 278, "Plan Width": 51, "Filter": "(((note)::text ~~ '%internet%'::text) AND ((info)::text ~~ 'USA:%200%'::text))"}, {"Node Type": "Hash", "Parent Relationship": "Inner", "Parallel Aware": false, "Async Capable": false, "Startup Cost": 14.12, "Total Cost": 14.12, "Plan Rows": 1, "Plan Width": 4, "Plans": [{"Node Type": "Index Scan", "Parent Relationship": "Outer", "Parallel Aware": false, "Async Capable": false, "Scan Direction": "Forward", "Index Name": "info_type_pkey", "Relation Name": "info_type", "Alias": "it1", "Startup Cost": 0.14, "Total Cost": 14.12, "Plan Rows": 1, "Plan Width": 4, "Filter": "((info)::text = 'release dates'::text)"}]}]}]}]}]}]}, {"Node Type": "Hash", "Parent Relationship": "Inner", "Parallel Aware": false, "Async Capable": false, "Startup Cost": 12.19, "Total Cost": 12.19, "Plan Rows": 4, "Plan Width": 4, "Plans": [{"Node Type": "Index Only Scan", "Parent Relationship": "Outer", "Parallel Aware": false, "Async Capable": false, "Scan Direction": "Forward", "Index Name": "company_type_pkey", "Relation Name": "company_type", "Alias": "ct", "Startup Cost": 0.13, "Total Cost": 12.19, "Plan Rows": 4, "Plan Width": 4}]}]}]}, {"Node Type": "Index Only Scan", "Parent Relationship": "Inner", "Parallel Aware": false, "Async Capable": false, "Scan Direction": "Forward", "Index Name": "keyword_pkey", "Relation Name": "keyword", "Alias": "k", "Startup Cost": 0.42, "Total Cost": 4089.87, "Plan Rows": 134170, "Plan Width": 4}]}]}}, {"Plan": {"Node Type": "Aggregate", "Strategy": "Plain", "Partial Mode": "Simple", "Parallel Aware": false, "Async Capable": false, "Startup Cost": 40000550756.24, "Total Cost": 40000550756.25, "Plan Rows": 1, "Plan Width": 64, "Plans": [{"Node Type": "Nested Loop", "Parent Relationship": "Outer", "Parallel Aware": false, "Async Capable": false, "Join Type": "Inner", "Startup Cost": 40000464063.75, "Total Cost": 40000550756.14, "Plan Rows": 20, "Plan Width": 60, "Inner Unique": true, "Plans": [{"Node Type": "Hash Join", "Parent Relationship": "Outer", "Parallel Aware": false, "Async Capable": false, "Join Type": "Inner", "Startup Cost": 40000464063.33, "Total Cost": 40000550747.38, "Plan Rows": 20, "Plan Width": 64, "Inner Unique": false, "Hash Cond": "(mk.movie_id = t.id)", "Plans": [{"Node Type": "Seq Scan", "Parent Relationship": "Outer", "Parallel Aware": false, "Async Capable": false, "Relation Name": "movie_keyword", "Alias": "mk", "Startup Cost": 10000000000.0, "Total Cost": 10000069719.3, "Plan Rows": 4523930, "Plan Width": 8}, {"Node Type": "Hash", "Parent Relationship": "Inner", "Parallel Aware": false, "Async Capable": false, "Startup Cost": 30000464063.31, "Total Cost": 30000464063.31, "Plan Rows": 1, "Plan Width": 76, "Plans": [{"Node Type": "Nested Loop", "Parent Relationship": "Outer", "Parallel Aware": false, "Async Capable": false, "Join Type": "Inner", "Startup Cost": 30000449618.24, "Total Cost": 30000464063.31, "Plan Rows": 1, "Plan Width": 76, "Inner Unique": true, "Join Filter": "(t.id = at.movie_id)", "Plans": [{"Node Type": "Nested Loop", "Parent Relationship": "Outer", "Parallel Aware": false, "Async Capable": false, "Join Type": "Inner", "Startup Cost": 30000449617.81, "Total Cost": 30000464062.78, "Plan Rows": 1, "Plan Width": 55, "Inner Unique": true, "Plans": [{"Node Type": "Nested Loop", "Parent Relationship": "Outer", "Parallel Aware": false, "Async Capable": false, "Join Type": "Inner", "Startup Cost": 30000449617.68, "Total Cost": 30000464062.63, "Plan Rows": 1, "Plan Width": 59, "Inner Unique": false, "Join Filter": "(at.movie_id = mi.movie_id)", "Plans": [{"Node Type": "Nested Loop", "Parent Relationship": "Outer", "Parallel Aware": false, "Async Capable": false, "Join Type": "Inner", "Startup Cost": 20000449617.68, "Total Cost": 20000449697.51, "Plan Rows": 1, "Plan Width": 55, "Inner Unique": true, "Plans": [{"Node Type": "Merge Join", "Parent Relationship": "Outer", "Parallel Aware": false, "Async Capable": false, "Join Type": "Inner", "Startup Cost": 20000449617.54, "Total Cost": 20000449696.21, "Plan Rows": 6, "Plan Width": 59, "Inner Unique": false, "Merge Cond": "(mc.movie_id = mi.movie_id)", "Plans": [{"Node Type": "Sort", "Parent Relationship": "Outer", "Parallel Aware": false, "Async Capable": false, "Startup Cost": 10000065415.28, "Total Cost": 10000065453.89, "Plan Rows": 15444, "Plan Width": 8, "Sort Key": ["mc.movie_id"], "Plans": [{"Node Type": "Hash Join", "Parent Relationship": "Outer", "Parallel Aware": false, "Async Capable": false, "Join Type": "Inner", "Startup Cost": 10000012576.41, "Total Cost": 10000064340.79, "Plan Rows": 15444, "Plan Width": 8, "Inner Unique": true, "Hash Cond": "(mc.company_id = cn.id)", "Plans": [{"Node Type": "Seq Scan", "Parent Relationship": "Outer", "Parallel Aware": false, "Async Capable": false, "Relation Name": "movie_companies", "Alias": "mc", "Startup Cost": 10000000000.0, "Total Cost": 10000044915.29, "Plan Rows": 2609129, "Plan Width": 12}, {"Node Type": "Hash", "Parent Relationship": "Inner", "Parallel Aware": false, "Async Capable": false, "Startup Cost": 12559.02, "Total Cost": 12559.02, "Plan Rows": 1391, "Plan Width": 4, "Plans": [{"Node Type": "Index Scan", "Parent Relationship": "Outer", "Parallel Aware": false, "Async Capable": false, "Scan Direction": "Forward", "Index Name": "company_name_pkey", "Relation Name": "company_name", "Alias": "cn", "Startup Cost": 0.42, "Total Cost": 12559.02, "Plan Rows": 1391, "Plan Width": 4, "Filter": "((country_code)::text = '[ru]'::text)"}]}]}]}, {"Node Type": "Sort", "Parent Relationship": "Inner", "Parallel Aware": false, "Async Capable": false, "Startup Cost": 10000384202.26, "Total Cost": 10000384202.95, "Plan Rows": 278, "Plan Width": 51, "Sort Key": ["mi.movie_id"], "Plans": [{"Node Type": "Seq Scan", "Parent Relationship": "Outer", "Parallel Aware": false, "Async Capable": false, "Relation Name": "movie_info", "Alias": "mi", "Startup Cost": 10000000000.0, "Total Cost": 10000384190.97, "Plan Rows": 278, "Plan Width": 51, "Filter": "(((note)::text ~~ '%internet%'::text) AND ((info)::text ~~ 'USA:%200%'::text))"}]}]}, {"Node Type": "Index Scan", "Parent Relationship": "Inner", "Parallel Aware": false, "Async Capable": false, "Scan Direction": "Forward", "Index Name": "info_type_pkey", "Relation Name": "info_type", "Alias": "it1", "Startup Cost": 0.14, "Total Cost": 0.21, "Plan Rows": 1, "Plan Width": 4, "Index Cond": "(id = mi.info_type_id)", "Filter": "((info)::text = 'release dates'::text)"}]}, {"Node Type": "Seq Scan", "Parent Relationship": "Inner", "Parallel Aware": false, "Async Capable": false, "Relation Name": "aka_title", "Alias": "at", "Startup Cost": 10000000000.0, "Total Cost": 10000009846.72, "Plan Rows": 361472, "Plan Width": 4}]}, {"Node Type": "Index Only Scan", "Parent Relationship": "Inner", "Parallel Aware": false, "Async Capable": false, "Scan Direction": "Forward", "Index Name": "company_type_pkey", "Relation Name": "company_type", "Alias": "ct", "Startup Cost": 0.13, "Total Cost": 0.15, "Plan Rows": 1, "Plan Width": 4, "Index Cond": "(id = mc.company_type_id)"}]}, {"Node Type": "Index Scan", "Parent Relationship": "Inner", "Parallel Aware": false, "Async Capable": false, "Scan Direction": "Forward", "Index Name": "title_pkey", "Relation Name": "title", "Alias": "t", "Startup Cost": 0.43, "Total Cost": 0.52, "Plan Rows": 1, "Plan Width": 21, "Index Cond": "(id = mc.movie_id)", "Filter": "(production_year >= 1986)"}]}]}]}, {"Node Type": "Index Only Scan", "Parent Relationship": "Inner", "Parallel Aware": false, "Async Capable": false, "Scan Direction": "Forward", "Index Name": "keyword_pkey", "Relation Name": "keyword", "Alias": "k", "Startup Cost": 0.42, "Total Cost": 0.44, "Plan Rows": 1, "Plan Width": 4, "Index Cond": "(id = mk.keyword_id)"}]}]}}, {"Plan": {"Node Type": "Aggregate", "Strategy": "Plain", "Partial Mode": "Finalize", "Parallel Aware": false, "Async Capable": false, "Startup Cost": 343422.36, "Total Cost": 343422.37, "Plan Rows": 1, "Plan Width": 64, "Plans": [{"Node Type": "Gather", "Parent Relationship": "Outer", "Parallel Aware": false, "Async Capable": false, "Startup Cost": 343422.14, "Total Cost": 343422.35, "Plan Rows": 2, "Plan Width": 64, "Workers Planned": 2, "Single Copy": false, "Plans": [{"Node Type": "Aggregate", "Strategy": "Plain", "Partial Mode": "Partial", "Parent Relationship": "Outer", "Parallel Aware": false, "Async Capable": false, "Startup Cost": 342422.14, "Total Cost": 342422.15, "Plan Rows": 1, "Plan Width": 64, "Plans": [{"Node Type": "Hash Join", "Parent Relationship": "Outer", "Parallel Aware": true, "Async Capable": false, "Join Type": "Inner", "Startup Cost": 334119.15, "Total Cost": 342422.1, "Plan Rows": 8, "Plan Width": 60, "Inner Unique": false, "Hash Cond": "(at.movie_id = t.id)", "Plans": [{"Node Type": "Seq Scan", "Parent Relationship": "Outer", "Parallel Aware": true, "Async Capable": false, "Relation Name": "aka_title", "Alias": "at", "Startup Cost": 0.0, "Total Cost": 7738.13, "Plan Rows": 150613, "Plan Width": 4}, {"Node Type": "Hash", "Parent Relationship": "Inner", "Parallel Aware": true, "Async Capable": false, "Startup Cost": 334119.13, "Total Cost": 334119.13, "Plan Rows": 2, "Plan Width": 76, "Plans": [{"Node Type": "Hash Join", "Parent Relationship": "Outer", "Parallel Aware": true, "Async Capable": false, "Join Type": "Inner", "Startup Cost": 330602.68, "Total Cost": 334119.13, "Plan Rows": 2, "Plan Width": 76, "Inner Unique": false, "Hash Cond": "(k.id = mk.keyword_id)", "Plans": [{"Node Type": "Index Only Scan", "Parent Relationship": "Outer", "Parallel Aware": true, "Async Capable": false, "Scan Direction": "Forward", "Index Name": "keyword_pkey", "Relation Name": "keyword", "Alias": "k", "Startup Cost": 0.42, "Total Cost": 3307.22, "Plan Rows": 55904, "Plan Width": 4}, {"Node Type": "Hash", "Parent Relationship": "Inner", "Parallel Aware": true, "Async Capable": false, "Startup Cost": 330602.24, "Total Cost": 330602.24, "Plan Rows": 2, "Plan Width": 80, "Plans": [{"Node Type": "Hash Join", "Parent Relationship": "Outer", "Parallel Aware": true, "Async Capable": false, "Join Type": "Inner", "Startup Cost": 286056.41, "Total Cost": 330602.24, "Plan Rows": 2, "Plan Width": 80, "Inner Unique": false, "Hash Cond": "(mk.movie_id = t.id)", "Plans": [{"Node Type": "Seq Scan", "Parent Relationship": "Outer", "Parallel Aware": true, "Async Capable": false, "Relation Name": "movie_keyword", "Alias": "mk", "Startup Cost": 0.0, "Total Cost": 39073.32, "Plan Rows": 1459332, "Plan Width": 8}, {"Node Type": "Hash", "Parent Relationship": "Inner", "Parallel Aware": true, "Async Capable": false, "Startup Cost": 286056.4, "Total Cost": 286056.4, "Plan Rows": 1, "Plan Width": 72, "Plans": [{"Node Type": "Hash Join", "Parent Relationship": "Outer", "Parallel Aware": true, "Async Capable": false, "Join Type": "Inner", "Startup Cost": 240407.05, "Total Cost": 286056.4, "Plan Rows": 1, "Plan Width": 72, "Inner Unique": false, "Hash Cond": "(t.id = mi.movie_id)", "Plans": [{"Node Type": "Seq Scan", "Parent Relationship": "Outer", "Parallel Aware": true, "Async Capable": false, "Relation Name": "title", "Alias": "t", "Startup Cost": 0.0, "Total Cost": 43908.97, "Plan Rows": 464096, "Plan Width": 21, "Filter": "(production_year >= 1986)"}, {"Node Type": "Hash", "Parent Relationship": "Inner", "Parallel Aware": true, "Async Capable": false, "Startup Cost": 240407.04, "Total Cost": 240407.04, "Plan Rows": 1, "Plan Width": 51, "Plans": [{"Node Type": "Hash Join", "Parent Relationship": "Outer", "Parallel Aware": false, "Async Capable": false, "Join Type": "Inner", "Startup Cost": 210938.41, "Total Cost": 240407.04, "Plan Rows": 1, "Plan Width": 51, "Inner Unique": true, "Hash Cond": "(mc.company_type_id = ct.id)", "Plans": [{"Node Type": "Hash Join", "Parent Relationship": "Outer", "Parallel Aware": true, "Async Capable": false, "Join Type": "Inner", "Startup Cost": 210937.32, "Total Cost": 240405.95, "Plan Rows": 1, "Plan Width": 55, "Inner Unique": false, "Hash Cond": "(mc.movie_id = mi.movie_id)", "Plans": [{"Node Type": "Hash Join", "Parent Relationship": "Outer", "Parallel Aware": true, "Async Capable": false, "Join Type": "Inner", "Startup Cost": 4778.14, "Total Cost": 34228.08, "Plan Rows": 4982, "Plan Width": 8, "Inner Unique": true, "Hash Cond": "(mc.company_id = cn.id)", "Plans": [{"Node Type": "Seq Scan", "Parent Relationship": "Outer", "Parallel Aware": true, "Async Capable": false, "Relation Name": "movie_companies", "Alias": "mc", "Startup Cost": 0.0, "Total Cost": 27240.55, "Plan Rows": 841655, "Plan Width": 12}, {"Node Type": "Hash", "Parent Relationship": "Inner", "Parallel Aware": true, "Async Capable": false, "Startup Cost": 4767.92, "Total Cost": 4767.92, "Plan Rows": 818, "Plan Width": 4, "Plans": [{"Node Type": "Seq Scan", "Parent Relationship": "Outer", "Parallel Aware": true, "Async Capable": false, "Relation Name": "company_name", "Alias": "cn", "Startup Cost": 0.0, "Total Cost": 4767.92, "Plan Rows": 818, "Plan Width": 4, "Filter": "((country_code)::text = '[ru]'::text)"}]}]}, {"Node Type": "Hash", "Parent Relationship": "Inner", "Parallel Aware": true, "Async Capable": false, "Startup Cost": 206159.17, "Total Cost": 206159.17, "Plan Rows": 1, "Plan Width": 47, "Plans": [{"Node Type": "Hash Join", "Parent Relationship": "Outer", "Parallel Aware": false, "Async Capable": false, "Join Type": "Inner", "Startup Cost": 2.43, "Total Cost": 206159.17, "Plan Rows": 1, "Plan Width": 47, "Inner Unique": true, "Hash Cond": "(mi.info_type_id = it1.id)", "Plans": [{"Node Type": "Seq Scan", "Parent Relationship": "Outer", "Parallel Aware": true, "Async Capable": false, "Relation Name": "movie_info", "Alias": "mi", "Startup Cost": 0.0, "Total Cost": 206156.59, "Plan Rows": 56, "Plan Width": 51, "Filter": "(((note)::text ~~ '%internet%'::text) AND ((info)::text ~~ 'USA:%200%'::text))"}, {"Node Type": "Hash", "Parent Relationship": "Inner", "Parallel Aware": false, "Async Capable": false, "Startup Cost": 2.41, "Total Cost": 2.41, "Plan Rows": 1, "Plan Width": 4, "Plans": [{"Node Type": "Seq Scan", "Parent Relationship": "Outer", "Parallel Aware": false, "Async Capable": false, "Relation Name": "info_type", "Alias": "it1", "Startup Cost": 0.0, "Total Cost": 2.41, "Plan Rows": 1, "Plan Width": 4, "Filter": "((info)::text = 'release dates'::text)"}]}]}]}]}, {"Node Type": "Hash", "Parent Relationship": "Inner", "Parallel Aware": false, "Async Capable": false, "Startup Cost": 1.04, "Total Cost": 1.04, "Plan Rows": 4, "Plan Width": 4, "Plans": [{"Node Type": "Seq Scan", "Parent Relationship": "Outer", "Parallel Aware": false, "Async Capable": false, "Relation Name": "company_type", "Alias": "ct", "Startup Cost": 0.0, "Total Cost": 1.04, "Plan Rows": 4, "Plan Width": 4}]}]}]}]}]}]}]}]}]}]}]}]}]}}, {"Plan": {"Node Type": "Aggregate", "Strategy": "Plain", "Partial Mode": "Simple", "Parallel Aware": false, "Async Capable": false, "Startup Cost": 40000537272.18, "Total Cost": 40000537272.19, "Plan Rows": 1, "Plan Width": 64, "Plans": [{"Node Type": "Nested Loop", "Parent Relationship": "Outer", "Parallel Aware": false, "Async Capable": false, "Join Type": "Inner", "Startup Cost": 40000450563.24, "Total Cost": 40000537272.08, "Plan Rows": 20, "Plan Width": 60, "Inner Unique": true, "Join Filter": "(t.id = at.movie_id)", "Plans": [{"Node Type": "Nested Loop", "Parent Relationship": "Outer", "Parallel Aware": false, "Async Capable": false, "Join Type": "Inner", "Startup Cost": 40000450562.81, "Total Cost": 40000537258.52, "Plan Rows": 27, "Plan Width": 59, "Inner Unique": true, "Plans": [{"Node Type": "Hash Join", "Parent Relationship": "Outer", "Parallel Aware": false, "Async Capable": false, "Join Type": "Inner", "Startup Cost": 40000450562.39, "Total Cost": 40000537246.7, "Plan Rows": 27, "Plan Width": 63, "Inner Unique": false, "Hash Cond": "(mk.movie_id = at.movie_id)", "Plans": [{"Node Type": "Seq Scan", "Parent Relationship": "Outer", "Parallel Aware": false, "Async Capable": false, "Relation Name": "movie_keyword", "Alias": "mk", "Startup Cost": 10000000000.0, "Total Cost": 10000069719.3, "Plan Rows": 4523930, "Plan Width": 8}, {"Node Type": "Hash", "Parent Relationship": "Inner", "Parallel Aware": false, "Async Capable": false, "Startup Cost": 30000450562.38, "Total Cost": 30000450562.38, "Plan Rows": 1, "Plan Width": 55, "Plans": [{"Node Type": "Nested Loop", "Parent Relationship": "Outer", "Parallel Aware": false, "Async Capable": false, "Join Type": "Inner", "Startup Cost": 30000395860.53, "Total Cost": 30000450562.38, "Plan Rows": 1, "Plan Width": 55, "Inner Unique": true, "Plans": [{"Node Type": "Nested Loop", "Parent Relationship": "Outer", "Parallel Aware": false, "Async Capable": false, "Join Type": "Inner", "Startup Cost": 30000395860.4, "Total Cost": 30000450562.22, "Plan Rows": 1, "Plan Width": 59, "Inner Unique": true, "Plans": [{"Node Type": "Hash Join", "Parent Relationship": "Outer", "Parallel Aware": false, "Async Capable": false, "Join Type": "Inner", "Startup Cost": 30000395859.98, "Total Cost": 30000450559.55, "Plan Rows": 6, "Plan Width": 63, "Inner Unique": false, "Hash Cond": "(mc.movie_id = at.movie_id)", "Plans": [{"Node Type": "Seq Scan", "Parent Relationship": "Outer", "Parallel Aware": false, "Async Capable": false, "Relation Name": "movie_companies", "Alias": "mc", "Startup Cost": 10000000000.0, "Total Cost": 10000044915.29, "Plan Rows": 2609129, "Plan Width": 12}, {"Node Type": "Hash", "Parent Relationship": "Inner", "Parallel Aware": false, "Async Capable": false, "Startup Cost": 20000395859.97, "Total Cost": 20000395859.97, "Plan Rows": 1, "Plan Width": 51, "Plans": [{"Node Type": "Hash Join", "Parent Relationship": "Outer", "Parallel Aware": false, "Async Capable": false, "Join Type": "Inner", "Startup Cost": 20000384205.88, "Total Cost": 20000395859.97, "Plan Rows": 1, "Plan Width": 51, "Inner Unique": false, "Hash Cond": "(at.movie_id = mi.movie_id)", "Plans": [{"Node Type": "Seq Scan", "Parent Relationship": "Outer", "Parallel Aware": false, "Async Capable": false, "Relation Name": "aka_title", "Alias": "at", "Startup Cost": 10000000000.0, "Total Cost": 10000009846.72, "Plan Rows": 361472, "Plan Width": 4}, {"Node Type": "Hash", "Parent Relationship": "Inner", "Parallel Aware": false, "Async Capable": false, "Startup Cost": 10000384205.85, "Total Cost": 10000384205.85, "Plan Rows": 2, "Plan Width": 47, "Plans": [{"Node Type": "Hash Join", "Parent Relationship": "Outer", "Parallel Aware": false, "Async Capable": false, "Join Type": "Inner", "Startup Cost": 10000000014.13, "Total Cost": 10000384205.85, "Plan Rows": 2, "Plan Width": 47, "Inner Unique": true, "Hash Cond": "(mi.info_type_id = it1.id)", "Plans": [{"Node Type": "Seq Scan", "Parent Relationship": "Outer", "Parallel Aware": false, "Async Capable": false, "Relation Name": "movie_info", "Alias": "mi", "Startup Cost": 10000000000.0, "Total Cost": 10000384190.97, "Plan Rows": 278, "Plan Width": 51, "Filter": "(((note)::text ~~ '%internet%'::text) AND ((info)::text ~~ 'USA:%200%'::text))"}, {"Node Type": "Hash", "Parent Relationship": "Inner", "Parallel Aware": false, "Async Capable": false, "Startup Cost": 14.12, "Total Cost": 14.12, "Plan Rows": 1, "Plan Width": 4, "Plans": [{"Node Type": "Index Scan", "Parent Relationship": "Outer", "Parallel Aware": false, "Async Capable": false, "Scan Direction": "Forward", "Index Name": "info_type_pkey", "Relation Name": "info_type", "Alias": "it1", "Startup Cost": 0.14, "Total Cost": 14.12, "Plan Rows": 1, "Plan Width": 4, "Filter": "((info)::text = 'release dates'::text)"}]}]}]}]}]}]}, {"Node Type": "Index Scan", "Parent Relationship": "Inner", "Parallel Aware": false, "Async Capable": false, "Scan Direction": "Forward", "Index Name": "company_name_pkey", "Relation Name": "company_name", "Alias": "cn", "Startup Cost": 0.42, "Total Cost": 0.45, "Plan Rows": 1, "Plan Width": 4, "Index Cond": "(id = mc.company_id)", "Filter": "((country_code)::text = '[ru]'::text)"}]}, {"Node Type": "Index Only Scan", "Parent Relationship": "Inner", "Parallel Aware": false, "Async Capable": false, "Scan Direction": "Forward", "Index Name": "company_type_pkey", "Relation Name": "company_type", "Alias": "ct", "Startup Cost": 0.13, "Total Cost": 0.15, "Plan Rows": 1, "Plan Width": 4, "Index Cond": "(id = mc.company_type_id)"}]}]}]}, {"Node Type": "Index Only Scan", "Parent Relationship": "Inner", "Parallel Aware": false, "Async Capable": false, "Scan Direction": "Forward", "Index Name": "keyword_pkey", "Relation Name": "keyword", "Alias": "k", "Startup Cost": 0.42, "Total Cost": 0.44, "Plan Rows": 1, "Plan Width": 4, "Index Cond": "(id = mk.keyword_id)"}]}, {"Node Type": "Index Scan", "Parent Relationship": "Inner", "Parallel Aware": false, "Async Capable": false, "Scan Direction": "Forward", "Index Name": "title_pkey", "Relation Name": "title", "Alias": "t", "Startup Cost": 0.43, "Total Cost": 0.49, "Plan Rows": 1, "Plan Width": 21, "Index Cond": "(id = mk.movie_id)", "Filter": "(production_year >= 1986)"}]}]}}, {"Plan": {"Node Type": "Aggregate", "Strategy": "Plain", "Partial Mode": "Simple", "Parallel Aware": false, "Async Capable": false, "Startup Cost": 90000581505.93, "Total Cost": 90000581505.94, "Plan Rows": 1, "Plan Width": 64, "Plans": [{"Node Type": "Nested Loop", "Parent Relationship": "Outer", "Parallel Aware": false, "Async Capable": false, "Join Type": "Inner", "Startup Cost": 90000494733.39, "Total Cost": 90000581505.83, "Plan Rows": 20, "Plan Width": 60, "Inner Unique": true, "Plans": [{"Node Type": "Hash Join", "Parent Relationship": "Outer", "Parallel Aware": false, "Async Capable": false, "Join Type": "Inner", "Startup Cost": 80000494732.96, "Total Cost": 80000581417.02, "Plan Rows": 20, "Plan Width": 64, "Inner Unique": false, "Hash Cond": "(mk.movie_id = t.id)", "Plans": [{"Node Type": "Seq Scan", "Parent Relationship": "Outer", "Parallel Aware": false, "Async Capable": false, "Relation Name": "movie_keyword", "Alias": "mk", "Startup Cost": 10000000000.0, "Total Cost": 10000069719.3, "Plan Rows": 4523930, "Plan Width": 8}, {"Node Type": "Hash", "Parent Relationship": "Inner", "Parallel Aware": false, "Async Capable": false, "Startup Cost": 70000494732.95, "Total Cost": 70000494732.95, "Plan Rows": 1, "Plan Width": 76, "Plans": [{"Node Type": "Nested Loop", "Parent Relationship": "Outer", "Parallel Aware": false, "Async Capable": false, "Join Type": "Inner", "Startup Cost": 70000492839.23, "Total Cost": 70000494732.95, "Plan Rows": 1, "Plan Width": 76, "Inner Unique": true, "Join Filter": "(t.id = at.movie_id)", "Plans": [{"Node Type": "Nested Loop", "Parent Relationship": "Outer", "Parallel Aware": false, "Async Capable": false, "Join Type": "Inner", "Startup Cost": 60000492838.78, "Total Cost": 60000494728.47, "Plan Rows": 1, "Plan Width": 55, "Inner Unique": true, "Plans": [{"Node Type": "Merge Join", "Parent Relationship": "Outer", "Parallel Aware": false, "Async Capable": false, "Join Type": "Inner", "Startup Cost": 50000492838.64, "Total Cost": 50000494722.72, "Plan Rows": 1, "Plan Width": 59, "Inner Unique": false, "Merge Cond": "(mi.movie_id = at.movie_id)", "Plans": [{"Node Type": "Merge Join", "Parent Relationship": "Outer", "Parallel Aware": false, "Async Capable": false, "Join Type": "Inner", "Startup Cost": 40000449621.15, "Total Cost": 40000449698.39, "Plan Rows": 1, "Plan Width": 55, "Inner Unique": false, "Merge Cond": "(mc.movie_id = mi.movie_id)", "Plans": [{"Node Type": "Sort", "Parent Relationship": "Outer", "Parallel Aware": false, "Async Capable": false, "Startup Cost": 20000065415.28, "Total Cost": 20000065453.89, "Plan Rows": 15444, "Plan Width": 8, "Sort Key": ["mc.movie_id"], "Plans": [{"Node Type": "Hash Join", "Parent Relationship": "Outer", "Parallel Aware": false, "Async Capable": false, "Join Type": "Inner", "Startup Cost": 20000012576.41, "Total Cost": 20000064340.79, "Plan Rows": 15444, "Plan Width": 8, "Inner Unique": true, "Hash Cond": "(mc.company_id = cn.id)", "Plans": [{"Node Type": "Seq Scan", "Parent Relationship": "Outer", "Parallel Aware": false, "Async Capable": false, "Relation Name": "movie_companies", "Alias": "mc", "Startup Cost": 10000000000.0, "Total Cost": 10000044915.29, "Plan Rows": 2609129, "Plan Width": 12}, {"Node Type": "Hash", "Parent Relationship": "Inner", "Parallel Aware": false, "Async Capable": false, "Startup Cost": 10000012559.02, "Total Cost": 10000012559.02, "Plan Rows": 1391, "Plan Width": 4, "Plans": [{"Node Type": "Index Scan", "Parent Relationship": "Outer", "Parallel Aware": false, "Async Capable": false, "Scan Direction": "Forward", "Index Name": "company_name_pkey", "Relation Name": "company_name", "Alias": "cn", "Startup Cost": 10000000000.42, "Total Cost": 10000012559.02, "Plan Rows": 1391, "Plan Width": 4, "Filter": "((country_code)::text = '[ru]'::text)"}]}]}]}, {"Node Type": "Sort", "Parent Relationship": "Inner", "Parallel Aware": false, "Async Capable": false, "Startup Cost": 20000384205.86, "Total Cost": 20000384205.87, "Plan Rows": 2, "Plan Width": 47, "Sort Key": ["mi.movie_id"], "Plans": [{"Node Type": "Hash Join", "Parent Relationship": "Outer", "Parallel Aware": false, "Async Capable": false, "Join Type": "Inner", "Startup Cost": 20000000014.13, "Total Cost": 20000384205.85, "Plan Rows": 2, "Plan Width": 47, "Inner Unique": true, "Hash Cond": "(mi.info_type_id = it1.id)", "Plans": [{"Node Type": "Seq Scan", "Parent Relationship": "Outer", "Parallel Aware": false, "Async Capable": false, "Relation Name": "movie_info", "Alias": "mi", "Startup Cost": 10000000000.0, "Total Cost": 10000384190.97, "Plan Rows": 278, "Plan Width": 51, "Filter": "(((note)::text ~~ '%internet%'::text) AND ((info)::text ~~ 'USA:%200%'::text))"}, {"Node Type": "Hash", "Parent Relationship": "Inner", "Parallel Aware": false, "Async Capable": false, "Startup Cost": 10000000014.12, "Total Cost": 10000000014.12, "Plan Rows": 1, "Plan Width": 4, "Plans": [{"Node Type": "Index Scan", "Parent Relationship": "Outer", "Parallel Aware": false, "Async Capable": false, "Scan Direction": "Forward", "Index Name": "info_type_pkey", "Relation Name": "info_type", "Alias": "it1", "Startup Cost": 10000000000.14, "Total Cost": 10000000014.12, "Plan Rows": 1, "Plan Width": 4, "Filter": "((info)::text = 'release dates'::text)"}]}]}]}]}, {"Node Type": "Sort", "Parent Relationship": "Inner", "Parallel Aware": false, "Async Capable": false, "Startup Cost": 10000043216.96, "Total Cost": 10000044120.64, "Plan Rows": 361472, "Plan Width": 4, "Sort Key": ["at.movie_id"], "Plans": [{"Node Type": "Seq Scan", "Parent Relationship": "Outer", "Parallel Aware": false, "Async Capable": false, "Relation Name": "aka_title", "Alias": "at", "Startup Cost": 10000000000.0, "Total Cost": 10000009846.72, "Plan Rows": 361472, "Plan Width": 4}]}]}, {"Node Type": "Bitmap Heap Scan", "Parent Relationship": "Inner", "Parallel Aware": false, "Async Capable": false, "Relation Name": "company_type", "Alias": "ct", "Startup Cost": 0.14, "Total Cost": 4.15, "Plan Rows": 1, "Plan Width": 4, "Recheck Cond": "(id = mc.company_type_id)", "Plans": [{"Node Type": "Bitmap Index Scan", "Parent Relationship": "Outer", "Parallel Aware": false, "Async Capable": false, "Index Name": "company_type_pkey", "Startup Cost": 0.0, "Total Cost": 0.14, "Plan Rows": 1, "Plan Width": 0, "Index Cond": "(id = mc.company_type_id)"}]}]}, {"Node Type": "Bitmap Heap Scan", "Parent Relationship": "Inner", "Parallel Aware": false, "Async Capable": false, "Relation Name": "title", "Alias": "t", "Startup Cost": 0.45, "Total Cost": 4.47, "Plan Rows": 1, "Plan Width": 21, "Recheck Cond": "(id = mc.movie_id)", "Filter": "(production_year >= 1986)", "Plans": [{"Node Type": "Bitmap Index Scan", "Parent Relationship": "Outer", "Parallel Aware": false, "Async Capable": false, "Index Name": "title_pkey", "Startup Cost": 0.0, "Total Cost": 0.45, "Plan Rows": 1, "Plan Width": 0, "Index Cond": "(id = mc.movie_id)"}]}]}]}]}, {"Node Type": "Bitmap Heap Scan", "Parent Relationship": "Inner", "Parallel Aware": false, "Async Capable": false, "Relation Name": "keyword", "Alias": "k", "Startup Cost": 0.43, "Total Cost": 4.44, "Plan Rows": 1, "Plan Width": 4, "Recheck Cond": "(id = mk.keyword_id)", "Plans": [{"Node Type": "Bitmap Index Scan", "Parent Relationship": "Outer", "Parallel Aware": false, "Async Capable": false, "Index Name": "keyword_pkey", "Startup Cost": 0.0, "Total Cost": 0.43, "Plan Rows": 1, "Plan Width": 0, "Index Cond": "(id = mk.keyword_id)"}]}]}]}}, {"Plan": {"Node Type": "Aggregate", "Strategy": "Plain", "Partial Mode": "Simple", "Parallel Aware": false, "Async Capable": false, "Startup Cost": 40000593849.46, "Total Cost": 40000593849.47, "Plan Rows": 1, "Plan Width": 64, "Plans": [{"Node Type": "Nested Loop", "Parent Relationship": "Outer", "Parallel Aware": false, "Async Capable": false, "Join Type": "Inner", "Startup Cost": 40000507076.91, "Total Cost": 40000593849.36, "Plan Rows": 20, "Plan Width": 60, "Inner Unique": true, "Plans": [{"Node Type": "Hash Join", "Parent Relationship": "Outer", "Parallel Aware": false, "Async Capable": false, "Join Type": "Inner", "Startup Cost": 40000507076.49, "Total Cost": 40000593760.54, "Plan Rows": 20, "Plan Width": 64, "Inner Unique": false, "Hash Cond": "(mk.movie_id = t.id)", "Plans": [{"Node Type": "Seq Scan", "Parent Relationship": "Outer", "Parallel Aware": false, "Async Capable": false, "Relation Name": "movie_keyword", "Alias": "mk", "Startup Cost": 10000000000.0, "Total Cost": 10000069719.3, "Plan Rows": 4523930, "Plan Width": 8}, {"Node Type": "Hash", "Parent Relationship": "Inner", "Parallel Aware": false, "Async Capable": false, "Startup Cost": 30000507076.47, "Total Cost": 30000507076.47, "Plan Rows": 1, "Plan Width": 76, "Plans": [{"Node Type": "Nested Loop", "Parent Relationship": "Outer", "Parallel Aware": false, "Async Capable": false, "Join Type": "Inner", "Startup Cost": 30000427713.24, "Total Cost": 30000507076.47, "Plan Rows": 1, "Plan Width": 76, "Inner Unique": true, "Plans": [{"Node Type": "Nested Loop", "Parent Relationship": "Outer", "Parallel Aware": false, "Async Capable": false, "Join Type": "Inner", "Startup Cost": 30000427713.11, "Total Cost": 30000507070.72, "Plan Rows": 1, "Plan Width": 80, "Inner Unique": true, "Plans": [{"Node Type": "Nested Loop", "Parent Relationship": "Outer", "Parallel Aware": false, "Async Capable": false, "Join Type": "Inner", "Startup Cost": 30000427712.68, "Total Cost": 30000507052.94, "Plan Rows": 4, "Plan Width": 84, "Inner Unique": false, "Join Filter": "(t.id = mc.movie_id)", "Plans": [{"Node Type": "Nested Loop", "Parent Relationship": "Outer", "Parallel Aware": false, "Async Capable": false, "Join Type": "Inner", "Startup Cost": 20000427712.68, "Total Cost": 20000429523.53, "Plan Rows": 1, "Plan Width": 72, "Inner Unique": true, "Plans": [{"Node Type": "Merge Join", "Parent Relationship": "Outer", "Parallel Aware": false, "Async Capable": false, "Join Type": "Inner", "Startup Cost": 20000427712.14, "Total Cost": 20000429518.98, "Plan Rows": 1, "Plan Width": 51, "Inner Unique": false, "Merge Cond": "(mi.movie_id = at.movie_id)", "Plans": [{"Node Type": "Sort", "Parent Relationship": "Outer", "Parallel Aware": false, "Async Capable": false, "Startup Cost": 10000384494.64, "Total Cost": 10000384494.65, "Plan Rows": 2, "Plan Width": 47, "Sort Key": ["mi.movie_id"], "Plans": [{"Node Type": "Nested Loop", "Parent Relationship": "Outer", "Parallel Aware": false, "Async Capable": false, "Join Type": "Inner", "Startup Cost": 10000000000.19, "Total Cost": 10000384494.63, "Plan Rows": 2, "Plan Width": 47, "Inner Unique": true, "Plans": [{"Node Type": "Seq Scan", "Parent Relationship": "Outer", "Parallel Aware": false, "Async Capable": false, "Relation Name": "movie_info", "Alias": "mi", "Startup Cost": 10000000000.0, "Total Cost": 10000384190.97, "Plan Rows": 278, "Plan Width": 51, "Filter": "(((note)::text ~~ '%internet%'::text) AND ((info)::text ~~ 'USA:%200%'::text))"}, {"Node Type": "Memoize", "Parent Relationship": "Inner", "Parallel Aware": false, "Async Capable": false, "Startup Cost": 0.19, "Total Cost": 4.2, "Plan Rows": 1, "Plan Width": 4, "Cache Key": "mi.info_type_id", "Cache Mode": "logical", "Plans": [{"Node Type": "Bitmap Heap Scan", "Parent Relationship": "Outer", "Parallel Aware": false, "Async Capable": false, "Relation Name": "info_type", "Alias": "it1", "Startup Cost": 0.18, "Total Cost": 4.19, "Plan Rows": 1, "Plan Width": 4, "Recheck Cond": "(id = mi.info_type_id)", "Filter": "((info)::text = 'release dates'::text)", "Plans": [{"Node Type": "Bitmap Index Scan", "Parent Relationship": "Outer", "Parallel Aware": false, "Async Capable": false, "Index Name": "info_type_pkey", "Startup Cost": 0.0, "Total Cost": 0.18, "Plan Rows": 1, "Plan Width": 0, "Index Cond": "(id = mi.info_type_id)"}]}]}]}]}, {"Node Type": "Sort", "Parent Relationship": "Inner", "Parallel Aware": false, "Async Capable": false, "Startup Cost": 10000043216.96, "Total Cost": 10000044120.64, "Plan Rows": 361472, "Plan Width": 4, "Sort Key": ["at.movie_id"], "Plans": [{"Node Type": "Seq Scan", "Parent Relationship": "Outer", "Parallel Aware": false, "Async Capable": false, "Relation Name": "aka_title", "Alias": "at", "Startup Cost": 10000000000.0, "Total Cost": 10000009846.72, "Plan Rows": 361472, "Plan Width": 4}]}]}, {"Node Type": "Bitmap Heap Scan", "Parent Relationship": "Inner", "Parallel Aware": false, "Async Capable": false, "Relation Name": "title", "Alias": "t", "Startup Cost": 0.54, "Total Cost": 4.55, "Plan Rows": 1, "Plan Width": 21, "Recheck Cond": "(id = at.movie_id)", "Filter": "(production_year >= 1986)", "Plans": [{"Node Type": "Bitmap Index Scan", "Parent Relationship": "Outer", "Parallel Aware": false, "Async Capable": false, "Index Name": "title_pkey", "Startup Cost": 0.0, "Total Cost": 0.54, "Plan Rows": 1, "Plan Width": 0, "Index Cond": "(id = at.movie_id)"}]}]}, {"Node Type": "Seq Scan", "Parent Relationship": "Inner", "Parallel Aware": false, "Async Capable": false, "Relation Name": "movie_companies", "Alias": "mc", "Startup Cost": 10000000000.0, "Total Cost": 10000044915.29, "Plan Rows": 2609129, "Plan Width": 12}]}, {"Node Type": "Bitmap Heap Scan", "Parent Relationship": "Inner", "Parallel Aware": false, "Async Capable": false, "Relation Name": "company_name", "Alias": "cn", "Startup Cost": 0.43, "Total Cost": 4.44, "Plan Rows": 1, "Plan Width": 4, "Recheck Cond": "(id = mc.company_id)", "Filter": "((country_code)::text = '[ru]'::text)", "Plans": [{"Node Type": "Bitmap Index Scan", "Parent Relationship": "Outer", "Parallel Aware": false, "Async Capable": false, "Index Name": "company_name_pkey", "Startup Cost": 0.0, "Total Cost": 0.43, "Plan Rows": 1, "Plan Width": 0, "Index Cond": "(id = mc.company_id)"}]}]}, {"Node Type": "Bitmap Heap Scan", "Parent Relationship": "Inner", "Parallel Aware": false, "Async Capable": false, "Relation Name": "company_type", "Alias": "ct", "Startup Cost": 0.14, "Total Cost": 4.15, "Plan Rows": 1, "Plan Width": 4, "Recheck Cond": "(id = mc.company_type_id)", "Plans": [{"Node Type": "Bitmap Index Scan", "Parent Relationship": "Outer", "Parallel Aware": false, "Async Capable": false, "Index Name": "company_type_pkey", "Startup Cost": 0.0, "Total Cost": 0.14, "Plan Rows": 1, "Plan Width": 0, "Index Cond": "(id = mc.company_type_id)"}]}]}]}]}, {"Node Type": "Bitmap Heap Scan", "Parent Relationship": "Inner", "Parallel Aware": false, "Async Capable": false, "Relation Name": "keyword", "Alias": "k", "Startup Cost": 0.43, "Total Cost": 4.44, "Plan Rows": 1, "Plan Width": 4, "Recheck Cond": "(id = mk.keyword_id)", "Plans": [{"Node Type": "Bitmap Index Scan", "Parent Relationship": "Outer", "Parallel Aware": false, "Async Capable": false, "Index Name": "keyword_pkey", "Startup Cost": 0.0, "Total Cost": 0.43, "Plan Rows": 1, "Plan Width": 0, "Index Cond": "(id = mk.keyword_id)"}]}]}]}}, {"Plan": {"Node Type": "Aggregate", "Strategy": "Plain", "Partial Mode": "Finalize", "Parallel Aware": false, "Async Capable": false, "Startup Cost": 290428.35, "Total Cost": 290428.36, "Plan Rows": 1, "Plan Width": 64, "Plans": [{"Node Type": "Gather", "Parent Relationship": "Outer", "Parallel Aware": false, "Async Capable": false, "Startup Cost": 290428.13, "Total Cost": 290428.34, "Plan Rows": 2, "Plan Width": 64, "Workers Planned": 2, "Single Copy": false, "Plans": [{"Node Type": "Aggregate", "Strategy": "Plain", "Partial Mode": "Partial", "Parent Relationship": "Outer", "Parallel Aware": false, "Async Capable": false, "Startup Cost": 289428.13, "Total Cost": 289428.14, "Plan Rows": 1, "Plan Width": 64, "Plans": [{"Node Type": "Hash Join", "Parent Relationship": "Outer", "Parallel Aware": true, "Async Capable": false, "Join Type": "Inner", "Startup Cost": 281125.15, "Total Cost": 289428.09, "Plan Rows": 8, "Plan Width": 60, "Inner Unique": false, "Hash Cond": "(at.movie_id = t.id)", "Plans": [{"Node Type": "Seq Scan", "Parent Relationship": "Outer", "Parallel Aware": true, "Async Capable": false, "Relation Name": "aka_title", "Alias": "at", "Startup Cost": 0.0, "Total Cost": 7738.13, "Plan Rows": 150613, "Plan Width": 4}, {"Node Type": "Hash", "Parent Relationship": "Inner", "Parallel Aware": true, "Async Capable": false, "Startup Cost": 281125.12, "Total Cost": 281125.12, "Plan Rows": 2, "Plan Width": 76, "Plans": [{"Node Type": "Nested Loop", "Parent Relationship": "Outer", "Parallel Aware": false, "Async Capable": false, "Join Type": "Inner", "Startup Cost": 236570.84, "Total Cost": 281125.12, "Plan Rows": 2, "Plan Width": 76, "Inner Unique": true, "Plans": [{"Node Type": "Hash Join", "Parent Relationship": "Outer", "Parallel Aware": true, "Async Capable": false, "Join Type": "Inner", "Startup Cost": 236570.42, "Total Cost": 281116.24, "Plan Rows": 2, "Plan Width": 80, "Inner Unique": false, "Hash Cond": "(mk.movie_id = t.id)", "Plans": [{"Node Type": "Seq Scan", "Parent Relationship": "Outer", "Parallel Aware": true, "Async Capable": false, "Relation Name": "movie_keyword", "Alias": "mk", "Startup Cost": 0.0, "Total Cost": 39073.32, "Plan Rows": 1459332, "Plan Width": 8}, {"Node Type": "Hash", "Parent Relationship": "Inner", "Parallel Aware": true, "Async Capable": false, "Startup Cost": 236570.4, "Total Cost": 236570.4, "Plan Rows": 1, "Plan Width": 72, "Plans": [{"Node Type": "Nested Loop", "Parent Relationship": "Outer", "Parallel Aware": false, "Async Capable": false, "Join Type": "Inner", "Startup Cost": 206160.06, "Total Cost": 236570.4, "Plan Rows": 1, "Plan Width": 72, "Inner Unique": true, "Join Filter": "(t.id = mi.movie_id)", "Plans": [{"Node Type": "Nested Loop", "Parent Relationship": "Outer", "Parallel Aware": false, "Async Capable": false, "Join Type": "Inner", "Startup Cost": 206159.61, "Total Cost": 236565.92, "Plan Rows": 1, "Plan Width": 51, "Inner Unique": true, "Join Filter": "(ct.id = mc.company_type_id)", "Plans": [{"Node Type": "Nested Loop", "Parent Relationship": "Outer", "Parallel Aware": false, "Async Capable": false, "Join Type": "Inner", "Startup Cost": 206159.61, "Total Cost": 236564.83, "Plan Rows": 1, "Plan Width": 55, "Inner Unique": true, "Plans": [{"Node Type": "Hash Join", "Parent Relationship": "Outer", "Parallel Aware": true, "Async Capable": false, "Join Type": "Inner", "Startup Cost": 206159.18, "Total Cost": 236555.94, "Plan Rows": 2, "Plan Width": 59, "Inner Unique": false, "Hash Cond": "(mc.movie_id = mi.movie_id)", "Plans": [{"Node Type": "Seq Scan", "Parent Relationship": "Outer", "Parallel Aware": true, "Async Capable": false, "Relation Name": "movie_companies", "Alias": "mc", "Startup Cost": 0.0, "Total Cost": 27240.55, "Plan Rows": 841655, "Plan Width": 12}, {"Node Type": "Hash", "Parent Relationship": "Inner", "Parallel Aware": true, "Async Capable": false, "Startup Cost": 206159.17, "Total Cost": 206159.17, "Plan Rows": 1, "Plan Width": 47, "Plans": [{"Node Type": "Hash Join", "Parent Relationship": "Outer", "Parallel Aware": false, "Async Capable": false, "Join Type": "Inner", "Startup Cost": 2.43, "Total Cost": 206159.17, "Plan Rows": 1, "Plan Width": 47, "Inner Unique": true, "Hash Cond": "(mi.info_type_id = it1.id)", "Plans": [{"Node Type": "Seq Scan", "Parent Relationship": "Outer", "Parallel Aware": true, "Async Capable": false, "Relation Name": "movie_info", "Alias": "mi", "Startup Cost": 0.0, "Total Cost": 206156.59, "Plan Rows": 56, "Plan Width": 51, "Filter": "(((note)::text ~~ '%internet%'::text) AND ((info)::text ~~ 'USA:%200%'::text))"}, {"Node Type": "Hash", "Parent Relationship": "Inner", "Parallel Aware": false, "Async Capable": false, "Startup Cost": 2.41, "Total Cost": 2.41, "Plan Rows": 1, "Plan Width": 4, "Plans": [{"Node Type": "Seq Scan", "Parent Relationship": "Outer", "Parallel Aware": false, "Async Capable": false, "Relation Name": "info_type", "Alias": "it1", "Startup Cost": 0.0, "Total Cost": 2.41, "Plan Rows": 1, "Plan Width": 4, "Filter": "((info)::text = 'release dates'::text)"}]}]}]}]}, {"Node Type": "Bitmap Heap Scan", "Parent Relationship": "Inner", "Parallel Aware": false, "Async Capable": false, "Relation Name": "company_name", "Alias": "cn", "Startup Cost": 0.43, "Total Cost": 4.44, "Plan Rows": 1, "Plan Width": 4, "Recheck Cond": "(id = mc.company_id)", "Filter": "((country_code)::text = '[ru]'::text)", "Plans": [{"Node Type": "Bitmap Index Scan", "Parent Relationship": "Outer", "Parallel Aware": false, "Async Capable": false, "Index Name": "company_name_pkey", "Startup Cost": 0.0, "Total Cost": 0.43, "Plan Rows": 1, "Plan Width": 0, "Index Cond": "(id = mc.company_id)"}]}]}, {"Node Type": "Seq Scan", "Parent Relationship": "Inner", "Parallel Aware": false, "Async Capable": false, "Relation Name": "company_type", "Alias": "ct", "Startup Cost": 0.0, "Total Cost": 1.04, "Plan Rows": 4, "Plan Width": 4}]}, {"Node Type": "Bitmap Heap Scan", "Parent Relationship": "Inner", "Parallel Aware": false, "Async Capable": false, "Relation Name": "title", "Alias": "t", "Startup Cost": 0.45, "Total Cost": 4.47, "Plan Rows": 1, "Plan Width": 21, "Recheck Cond": "(id = mc.movie_id)", "Filter": "(production_year >= 1986)", "Plans": [{"Node Type": "Bitmap Index Scan", "Parent Relationship": "Outer", "Parallel Aware": false, "Async Capable": false, "Index Name": "title_pkey", "Startup Cost": 0.0, "Total Cost": 0.45, "Plan Rows": 1, "Plan Width": 0, "Index Cond": "(id = mc.movie_id)"}]}]}]}]}, {"Node Type": "Bitmap Heap Scan", "Parent Relationship": "Inner", "Parallel Aware": false, "Async Capable": false, "Relation Name": "keyword", "Alias": "k", "Startup Cost": 0.43, "Total Cost": 4.44, "Plan Rows": 1, "Plan Width": 4, "Recheck Cond": "(id = mk.keyword_id)", "Plans": [{"Node Type": "Bitmap Index Scan", "Parent Relationship": "Outer", "Parallel Aware": false, "Async Capable": false, "Index Name": "keyword_pkey", "Startup Cost": 0.0, "Total Cost": 0.43, "Plan Rows": 1, "Plan Width": 0, "Index Cond": "(id = mk.keyword_id)"}]}]}]}]}]}]}]}}, {"Plan": {"Node Type": "Aggregate", "Strategy": "Plain", "Partial Mode": "Finalize", "Parallel Aware": false, "Async Capable": false, "Startup Cost": 343932.39, "Total Cost": 343932.4, "Plan Rows": 1, "Plan Width": 64, "Plans": [{"Node Type": "Gather", "Parent Relationship": "Outer", "Parallel Aware": false, "Async Capable": false, "Startup Cost": 343932.06, "Total Cost": 343932.37, "Plan Rows": 3, "Plan Width": 64, "Workers Planned": 3, "Single Copy": false, "Plans": [{"Node Type": "Aggregate", "Strategy": "Plain", "Partial Mode": "Partial", "Parent Relationship": "Outer", "Parallel Aware": false, "Async Capable": false, "Startup Cost": 342932.06, "Total Cost": 342932.07, "Plan Rows": 1, "Plan Width": 64, "Plans": [{"Node Type": "Hash Join", "Parent Relationship": "Outer", "Parallel Aware": false, "Async Capable": false, "Join Type": "Inner", "Startup Cost": 298386.19, "Total Cost": 342932.03, "Plan Rows": 6, "Plan Width": 60, "Inner Unique": true, "Hash Cond": "(mk.keyword_id = k.id)", "Plans": [{"Node Type": "Hash Join", "Parent Relationship": "Outer", "Parallel Aware": true, "Async Capable": false, "Join Type": "Inner", "Startup Cost": 294359.37, "Total Cost": 338905.19, "Plan Rows": 6, "Plan Width": 64, "Inner Unique": false, "Hash Cond": "(mk.movie_id = t.id)", "Plans": [{"Node Type": "Seq Scan", "Parent Relationship": "Outer", "Parallel Aware": true, "Async Capable": false, "Relation Name": "movie_keyword", "Alias": "mk", "Startup Cost": 0.0, "Total Cost": 39073.32, "Plan Rows": 1459332, "Plan Width": 8}, {"Node Type": "Hash", "Parent Relationship": "Inner", "Parallel Aware": true, "Async Capable": false, "Startup Cost": 294359.35, "Total Cost": 294359.35, "Plan Rows": 1, "Plan Width": 76, "Plans": [{"Node Type": "Hash Join", "Parent Relationship": "Outer", "Parallel Aware": true, "Async Capable": false, "Join Type": "Inner", "Startup Cost": 248710.01, "Total Cost": 294359.35, "Plan Rows": 1, "Plan Width": 76, "Inner Unique": false, "Hash Cond": "(t.id = at.movie_id)", "Plans": [{"Node Type": "Seq Scan", "Parent Relationship": "Outer", "Parallel Aware": true, "Async Capable": false, "Relation Name": "title", "Alias": "t", "Startup Cost": 0.0, "Total Cost": 43908.97, "Plan Rows": 464096, "Plan Width": 21, "Filter": "(production_year >= 1986)"}, {"Node Type": "Hash", "Parent Relationship": "Inner", "Parallel Aware": true, "Async Capable": false, "Startup Cost": 248710.0, "Total Cost": 248710.0, "Plan Rows": 1, "Plan Width": 55, "Plans": [{"Node Type": "Hash Join", "Parent Relationship": "Outer", "Parallel Aware": false, "Async Capable": false, "Join Type": "Inner", "Startup Cost": 240407.05, "Total Cost": 248710.0, "Plan Rows": 1, "Plan Width": 55, "Inner Unique": true, "Hash Cond": "(mc.company_type_id = ct.id)", "Plans": [{"Node Type": "Hash Join", "Parent Relationship": "Outer", "Parallel Aware": true, "Async Capable": false, "Join Type": "Inner", "Startup Cost": 240405.96, "Total Cost": 248708.9, "Plan Rows": 1, "Plan Width": 59, "Inner Unique": false, "Hash Cond": "(at.movie_id = mi.movie_id)", "Plans": [{"Node Type": "Seq Scan", "Parent Relationship": "Outer", "Parallel Aware": true, "Async Capable": false, "Relation Name": "aka_title", "Alias": "at", "Startup Cost": 0.0, "Total Cost": 7738.13, "Plan Rows": 150613, "Plan Width": 4}, {"Node Type": "Hash", "Parent Relationship": "Inner", "Parallel Aware": true, "Async Capable": false, "Startup Cost": 240405.95, "Total Cost": 240405.95, "Plan Rows": 1, "Plan Width": 55, "Plans": [{"Node Type": "Hash Join", "Parent Relationship": "Outer", "Parallel Aware": true, "Async Capable": false, "Join Type": "Inner", "Startup Cost": 210937.32, "Total Cost": 240405.95, "Plan Rows": 1, "Plan Width": 55, "Inner Unique": false, "Hash Cond": "(mc.movie_id = mi.movie_id)", "Plans": [{"Node Type": "Hash Join", "Parent Relationship": "Outer", "Parallel Aware": true, "Async Capable": false, "Join Type": "Inner", "Startup Cost": 4778.14, "Total Cost": 34228.08, "Plan Rows": 4982, "Plan Width": 8, "Inner Unique": true, "Hash Cond": "(mc.company_id = cn.id)", "Plans": [{"Node Type": "Seq Scan", "Parent Relationship": "Outer", "Parallel Aware": true, "Async Capable": false, "Relation Name": "movie_companies", "Alias": "mc", "Startup Cost": 0.0, "Total Cost": 27240.55, "Plan Rows": 841655, "Plan Width": 12}, {"Node Type": "Hash", "Parent Relationship": "Inner", "Parallel Aware": true, "Async Capable": false, "Startup Cost": 4767.92, "Total Cost": 4767.92, "Plan Rows": 818, "Plan Width": 4, "Plans": [{"Node Type": "Seq Scan", "Parent Relationship": "Outer", "Parallel Aware": true, "Async Capable": false, "Relation Name": "company_name", "Alias": "cn", "Startup Cost": 0.0, "Total Cost": 4767.92, "Plan Rows": 818, "Plan Width": 4, "Filter": "((country_code)::text = '[ru]'::text)"}]}]}, {"Node Type": "Hash", "Parent Relationship": "Inner", "Parallel Aware": true, "Async Capable": false, "Startup Cost": 206159.17, "Total Cost": 206159.17, "Plan Rows": 1, "Plan Width": 47, "Plans": [{"Node Type": "Hash Join", "Parent Relationship": "Outer", "Parallel Aware": false, "Async Capable": false, "Join Type": "Inner", "Startup Cost": 2.43, "Total Cost": 206159.17, "Plan Rows": 1, "Plan Width": 47, "Inner Unique": true, "Hash Cond": "(mi.info_type_id = it1.id)", "Plans": [{"Node Type": "Seq Scan", "Parent Relationship": "Outer", "Parallel Aware": true, "Async Capable": false, "Relation Name": "movie_info", "Alias": "mi", "Startup Cost": 0.0, "Total Cost": 206156.59, "Plan Rows": 56, "Plan Width": 51, "Filter": "(((note)::text ~~ '%internet%'::text) AND ((info)::text ~~ 'USA:%200%'::text))"}, {"Node Type": "Hash", "Parent Relationship": "Inner", "Parallel Aware": false, "Async Capable": false, "Startup Cost": 2.41, "Total Cost": 2.41, "Plan Rows": 1, "Plan Width": 4, "Plans": [{"Node Type": "Seq Scan", "Parent Relationship": "Outer", "Parallel Aware": false, "Async Capable": false, "Relation Name": "info_type", "Alias": "it1", "Startup Cost": 0.0, "Total Cost": 2.41, "Plan Rows": 1, "Plan Width": 4, "Filter": "((info)::text = 'release dates'::text)"}]}]}]}]}]}]}, {"Node Type": "Hash", "Parent Relationship": "Inner", "Parallel Aware": false, "Async Capable": false, "Startup Cost": 1.04, "Total Cost": 1.04, "Plan Rows": 4, "Plan Width": 4, "Plans": [{"Node Type": "Seq Scan", "Parent Relationship": "Outer", "Parallel Aware": false, "Async Capable": false, "Relation Name": "company_type", "Alias": "ct", "Startup Cost": 0.0, "Total Cost": 1.04, "Plan Rows": 4, "Plan Width": 4}]}]}]}]}]}]}, {"Node Type": "Hash", "Parent Relationship": "Inner", "Parallel Aware": false, "Async Capable": false, "Startup Cost": 2349.7, "Total Cost": 2349.7, "Plan Rows": 134170, "Plan Width": 4, "Plans": [{"Node Type": "Seq Scan", "Parent Relationship": "Outer", "Parallel Aware": false, "Async Capable": false, "Relation Name": "keyword", "Alias": "k", "Startup Cost": 0.0, "Total Cost": 2349.7, "Plan Rows": 134170, "Plan Width": 4}]}]}]}]}]}}, {"Plan": {"Node Type": "Aggregate", "Strategy": "Plain", "Partial Mode": "Simple", "Parallel Aware": false, "Async Capable": false, "Startup Cost": 40000537147.64, "Total Cost": 40000537147.65, "Plan Rows": 1, "Plan Width": 64, "Plans": [{"Node Type": "Hash Join", "Parent Relationship": "Outer", "Parallel Aware": false, "Async Capable": false, "Join Type": "Inner", "Startup Cost": 40000525945.29, "Total Cost": 40000537147.54, "Plan Rows": 20, "Plan Width": 60, "Inner Unique": false, "Hash Cond": "(at.movie_id = t.id)", "Plans": [{"Node Type": "Seq Scan", "Parent Relationship": "Outer", "Parallel Aware": false, "Async Capable": false, "Relation Name": "aka_title", "Alias": "at", "Startup Cost": 10000000000.0, "Total Cost": 10000009846.72, "Plan Rows": 361472, "Plan Width": 4}, {"Node Type": "Hash", "Parent Relationship": "Inner", "Parallel Aware": false, "Async Capable": false, "Startup Cost": 30000525945.23, "Total Cost": 30000525945.23, "Plan Rows": 5, "Plan Width": 76, "Plans": [{"Node Type": "Nested Loop", "Parent Relationship": "Outer", "Parallel Aware": false, "Async Capable": false, "Join Type": "Inner", "Startup Cost": 30000439239.39, "Total Cost": 30000525945.23, "Plan Rows": 5, "Plan Width": 76, "Inner Unique": true, "Plans": [{"Node Type": "Hash Join", "Parent Relationship": "Outer", "Parallel Aware": false, "Async Capable": false, "Join Type": "Inner", "Startup Cost": 30000439238.97, "Total Cost": 30000525923.02, "Plan Rows": 5, "Plan Width": 80, "Inner Unique": false, "Hash Cond": "(mk.movie_id = t.id)", "Plans": [{"Node Type": "Seq Scan", "Parent Relationship": "Outer", "Parallel Aware": false, "Async Capable": false, "Relation Name": "movie_keyword", "Alias": "mk", "Startup Cost": 10000000000.0, "Total Cost": 10000069719.3, "Plan Rows": 4523930, "Plan Width": 8}, {"Node Type": "Hash", "Parent Relationship": "Inner", "Parallel Aware": false, "Async Capable": false, "Startup Cost": 20000439238.95, "Total Cost": 20000439238.95, "Plan Rows": 1, "Plan Width": 72, "Plans": [{"Node Type": "Nested Loop", "Parent Relationship": "Outer", "Parallel Aware": false, "Async Capable": false, "Join Type": "Inner", "Startup Cost": 20000384512.0, "Total Cost": 20000439238.95, "Plan Rows": 1, "Plan Width": 72, "Inner Unique": true, "Plans": [{"Node Type": "Nested Loop", "Parent Relationship": "Outer", "Parallel Aware": false, "Async Capable": false, "Join Type": "Inner", "Startup Cost": 20000384511.87, "Total Cost": 20000439233.2, "Plan Rows": 1, "Plan Width": 76, "Inner Unique": true, "Plans": [{"Node Type": "Hash Join", "Parent Relationship": "Outer", "Parallel Aware": false, "Async Capable": false, "Join Type": "Inner", "Startup Cost": 20000384511.44, "Total Cost": 20000439210.97, "Plan Rows": 5, "Plan Width": 80, "Inner Unique": false, "Hash Cond": "(mc.movie_id = t.id)", "Plans": [{"Node Type": "Seq Scan", "Parent Relationship": "Outer", "Parallel Aware": false, "Async Capable": false, "Relation Name": "movie_companies", "Alias": "mc", "Startup Cost": 10000000000.0, "Total Cost": 10000044915.29, "Plan Rows": 2609129, "Plan Width": 12}, {"Node Type": "Hash", "Parent Relationship": "Inner", "Parallel Aware": false, "Async Capable": false, "Startup Cost": 10000384511.43, "Total Cost": 10000384511.43, "Plan Rows": 1, "Plan Width": 68, "Plans": [{"Node Type": "Nested Loop", "Parent Relationship": "Outer", "Parallel Aware": false, "Async Capable": false, "Join Type": "Inner", "Startup Cost": 10000000004.57, "Total Cost": 10000384511.43, "Plan Rows": 1, "Plan Width": 68, "Inner Unique": true, "Plans": [{"Node Type": "Nested Loop", "Parent Relationship": "Outer", "Parallel Aware": false, "Async Capable": false, "Join Type": "Inner", "Startup Cost": 10000000000.19, "Total Cost": 10000384494.63, "Plan Rows": 2, "Plan Width": 47, "Inner Unique": true, "Plans": [{"Node Type": "Seq Scan", "Parent Relationship": "Outer", "Parallel Aware": false, "Async Capable": false, "Relation Name": "movie_info", "Alias": "mi", "Startup Cost": 10000000000.0, "Total Cost": 10000384190.97, "Plan Rows": 278, "Plan Width": 51, "Filter": "(((note)::text ~~ '%internet%'::text) AND ((info)::text ~~ 'USA:%200%'::text))"}, {"Node Type": "Memoize", "Parent Relationship": "Inner", "Parallel Aware": false, "Async Capable": false, "Startup Cost": 0.19, "Total Cost": 4.2, "Plan Rows": 1, "Plan Width": 4, "Cache Key": "mi.info_type_id", "Cache Mode": "logical", "Plans": [{"Node Type": "Bitmap Heap Scan", "Parent Relationship": "Outer", "Parallel Aware": false, "Async Capable": false, "Relation Name": "info_type", "Alias": "it1", "Startup Cost": 0.18, "Total Cost": 4.19, "Plan Rows": 1, "Plan Width": 4, "Recheck Cond": "(id = mi.info_type_id)", "Filter": "((info)::text = 'release dates'::text)", "Plans": [{"Node Type": "Bitmap Index Scan", "Parent Relationship": "Outer", "Parallel Aware": false, "Async Capable": false, "Index Name": "info_type_pkey", "Startup Cost": 0.0, "Total Cost": 0.18, "Plan Rows": 1, "Plan Width": 0, "Index Cond": "(id = mi.info_type_id)"}]}]}]}, {"Node Type": "Bitmap Heap Scan", "Parent Relationship": "Inner", "Parallel Aware": false, "Async Capable": false, "Relation Name": "title", "Alias": "t", "Startup Cost": 4.38, "Total Cost": 8.4, "Plan Rows": 1, "Plan Width": 21, "Recheck Cond": "(id = mi.movie_id)", "Filter": "(production_year >= 1986)", "Plans": [{"Node Type": "Bitmap Index Scan", "Parent Relationship": "Outer", "Parallel Aware": false, "Async Capable": false, "Index Name": "title_pkey", "Startup Cost": 0.0, "Total Cost": 4.38, "Plan Rows": 1, "Plan Width": 0, "Index Cond": "(id = mi.movie_id)"}]}]}]}]}, {"Node Type": "Bitmap Heap Scan", "Parent Relationship": "Inner", "Parallel Aware": false, "Async Capable": false, "Relation Name": "company_name", "Alias": "cn", "Startup Cost": 0.43, "Total Cost": 4.44, "Plan Rows": 1, "Plan Width": 4, "Recheck Cond": "(id = mc.company_id)", "Filter": "((country_code)::text = '[ru]'::text)", "Plans": [{"Node Type": "Bitmap Index Scan", "Parent Relationship": "Outer", "Parallel Aware": false, "Async Capable": false, "Index Name": "company_name_pkey", "Startup Cost": 0.0, "Total Cost": 0.43, "Plan Rows": 1, "Plan Width": 0, "Index Cond": "(id = mc.company_id)"}]}]}, {"Node Type": "Bitmap Heap Scan", "Parent Relationship": "Inner", "Parallel Aware": false, "Async Capable": false, "Relation Name": "company_type", "Alias": "ct", "Startup Cost": 0.14, "Total Cost": 4.15, "Plan Rows": 1, "Plan Width": 4, "Recheck Cond": "(id = mc.company_type_id)", "Plans": [{"Node Type": "Bitmap Index Scan", "Parent Relationship": "Outer", "Parallel Aware": false, "Async Capable": false, "Index Name": "company_type_pkey", "Startup Cost": 0.0, "Total Cost": 0.14, "Plan Rows": 1, "Plan Width": 0, "Index Cond": "(id = mc.company_type_id)"}]}]}]}]}, {"Node Type": "Bitmap Heap Scan", "Parent Relationship": "Inner", "Parallel Aware": false, "Async Capable": false, "Relation Name": "keyword", "Alias": "k", "Startup Cost": 0.43, "Total Cost": 4.44, "Plan Rows": 1, "Plan Width": 4, "Recheck Cond": "(id = mk.keyword_id)", "Plans": [{"Node Type": "Bitmap Index Scan", "Parent Relationship": "Outer", "Parallel Aware": false, "Async Capable": false, "Index Name": "keyword_pkey", "Startup Cost": 0.0, "Total Cost": 0.43, "Plan Rows": 1, "Plan Width": 0, "Index Cond": "(id = mk.keyword_id)"}]}]}]}]}]}}, {"Plan": {"Node Type": "Aggregate", "Strategy": "Plain", "Partial Mode": "Simple", "Parallel Aware": false, "Async Capable": false, "Startup Cost": 40000675746.45, "Total Cost": 40000675746.46, "Plan Rows": 1, "Plan Width": 64, "Plans": [{"Node Type": "Hash Join", "Parent Relationship": "Outer", "Parallel Aware": false, "Async Capable": false, "Join Type": "Inner", "Startup Cost": 40000552095.7, "Total Cost": 40000675746.35, "Plan Rows": 20, "Plan Width": 60, "Inner Unique": false, "Hash Cond": "(t.id = at.movie_id)", "Plans": [{"Node Type": "Index Scan", "Parent Relationship": "Outer", "Parallel Aware": false, "Async Capable": false, "Scan Direction": "Forward", "Index Name": "title_pkey", "Relation Name": "title", "Alias": "t", "Startup Cost": 0.43, "Total Cost": 116689.45, "Plan Rows": 1856383, "Plan Width": 21, "Filter": "(production_year >= 1986)"}, {"Node Type": "Hash", "Parent Relationship": "Inner", "Parallel Aware": false, "Async Capable": false, "Startup Cost": 40000552094.93, "Total Cost": 40000552094.93, "Plan Rows": 27, "Plan Width": 59, "Plans": [{"Node Type": "Hash Join", "Parent Relationship": "Outer", "Parallel Aware": false, "Async Capable": false, "Join Type": "Inner", "Startup Cost": 40000546523.48, "Total Cost": 40000552094.93, "Plan Rows": 27, "Plan Width": 59, "Inner Unique": false, "Hash Cond": "(k.id = mk.keyword_id)", "Plans": [{"Node Type": "Index Scan", "Parent Relationship": "Outer", "Parallel Aware": false, "Async Capable": false, "Scan Direction": "Forward", "Index Name": "keyword_pkey", "Relation Name": "keyword", "Alias": "k", "Startup Cost": 0.42, "Total Cost": 5068.47, "Plan Rows": 134170, "Plan Width": 4}, {"Node Type": "Hash", "Parent Relationship": "Inner", "Parallel Aware": false, "Async Capable": false, "Startup Cost": 40000546522.72, "Total Cost": 40000546522.72, "Plan Rows": 27, "Plan Width": 63, "Plans": [{"Node Type": "Hash Join", "Parent Relationship": "Outer", "Parallel Aware": false, "Async Capable": false, "Join Type": "Inner", "Startup Cost": 40000459838.41, "Total Cost": 40000546522.72, "Plan Rows": 27, "Plan Width": 63, "Inner Unique": false, "Hash Cond": "(mk.movie_id = at.movie_id)", "Plans": [{"Node Type": "Seq Scan", "Parent Relationship": "Outer", "Parallel Aware": false, "Async Capable": false, "Relation Name": "movie_keyword", "Alias": "mk", "Startup Cost": 10000000000.0, "Total Cost": 10000069719.3, "Plan Rows": 4523930, "Plan Width": 8}, {"Node Type": "Hash", "Parent Relationship": "Inner", "Parallel Aware": false, "Async Capable": false, "Startup Cost": 30000459838.4, "Total Cost": 30000459838.4, "Plan Rows": 1, "Plan Width": 55, "Plans": [{"Node Type": "Hash Join", "Parent Relationship": "Outer", "Parallel Aware": false, "Async Capable": false, "Join Type": "Inner", "Startup Cost": 30000448636.15, "Total Cost": 30000459838.4, "Plan Rows": 1, "Plan Width": 55, "Inner Unique": true, "Hash Cond": "(mc.company_type_id = ct.id)", "Plans": [{"Node Type": "Hash Join", "Parent Relationship": "Outer", "Parallel Aware": false, "Async Capable": false, "Join Type": "Inner", "Startup Cost": 30000448623.91, "Total Cost": 30000459826.16, "Plan Rows": 1, "Plan Width": 59, "Inner Unique": false, "Hash Cond": "(at.movie_id = mi.movie_id)", "Plans": [{"Node Type": "Seq Scan", "Parent Relationship": "Outer", "Parallel Aware": false, "Async Capable": false, "Relation Name": "aka_title", "Alias": "at", "Startup Cost": 10000000000.0, "Total Cost": 10000009846.72, "Plan Rows": 361472, "Plan Width": 4}, {"Node Type": "Hash", "Parent Relationship": "Inner", "Parallel Aware": false, "Async Capable": false, "Startup Cost": 20000448623.9, "Total Cost": 20000448623.9, "Plan Rows": 1, "Plan Width": 55, "Plans": [{"Node Type": "Hash Join", "Parent Relationship": "Outer", "Parallel Aware": false, "Async Capable": false, "Join Type": "Inner", "Startup Cost": 20000396782.29, "Total Cost": 20000448623.9, "Plan Rows": 1, "Plan Width": 55, "Inner Unique": false, "Hash Cond": "(mc.movie_id = mi.movie_id)", "Plans": [{"Node Type": "Hash Join", "Parent Relationship": "Outer", "Parallel Aware": false, "Async Capable": false, "Join Type": "Inner", "Startup Cost": 10000012576.41, "Total Cost": 10000064340.79, "Plan Rows": 15444, "Plan Width": 8, "Inner Unique": true, "Hash Cond": "(mc.company_id = cn.id)", "Plans": [{"Node Type": "Seq Scan", "Parent Relationship": "Outer", "Parallel Aware": false, "Async Capable": false, "Relation Name": "movie_companies", "Alias": "mc", "Startup Cost": 10000000000.0, "Total Cost": 10000044915.29, "Plan Rows": 2609129, "Plan Width": 12}, {"Node Type": "Hash", "Parent Relationship": "Inner", "Parallel Aware": false, "Async Capable": false, "Startup Cost": 12559.02, "Total Cost": 12559.02, "Plan Rows": 1391, "Plan Width": 4, "Plans": [{"Node Type": "Index Scan", "Parent Relationship": "Outer", "Parallel Aware": false, "Async Capable": false, "Scan Direction": "Forward", "Index Name": "company_name_pkey", "Relation Name": "company_name", "Alias": "cn", "Startup Cost": 0.42, "Total Cost": 12559.02, "Plan Rows": 1391, "Plan Width": 4, "Filter": "((country_code)::text = '[ru]'::text)"}]}]}, {"Node Type": "Hash", "Parent Relationship": "Inner", "Parallel Aware": false, "Async Capable": false, "Startup Cost": 10000384205.85, "Total Cost": 10000384205.85, "Plan Rows": 2, "Plan Width": 47, "Plans": [{"Node Type": "Hash Join", "Parent Relationship": "Outer", "Parallel Aware": false, "Async Capable": false, "Join Type": "Inner", "Startup Cost": 10000000014.13, "Total Cost": 10000384205.85, "Plan Rows": 2, "Plan Width": 47, "Inner Unique": true, "Hash Cond": "(mi.info_type_id = it1.id)", "Plans": [{"Node Type": "Seq Scan", "Parent Relationship": "Outer", "Parallel Aware": false, "Async Capable": false, "Relation Name": "movie_info", "Alias": "mi", "Startup Cost": 10000000000.0, "Total Cost": 10000384190.97, "Plan Rows": 278, "Plan Width": 51, "Filter": "(((note)::text ~~ '%internet%'::text) AND ((info)::text ~~ 'USA:%200%'::text))"}, {"Node Type": "Hash", "Parent Relationship": "Inner", "Parallel Aware": false, "Async Capable": false, "Startup Cost": 14.12, "Total Cost": 14.12, "Plan Rows": 1, "Plan Width": 4, "Plans": [{"Node Type": "Index Scan", "Parent Relationship": "Outer", "Parallel Aware": false, "Async Capable": false, "Scan Direction": "Forward", "Index Name": "info_type_pkey", "Relation Name": "info_type", "Alias": "it1", "Startup Cost": 0.14, "Total Cost": 14.12, "Plan Rows": 1, "Plan Width": 4, "Filter": "((info)::text = 'release dates'::text)"}]}]}]}]}]}]}, {"Node Type": "Hash", "Parent Relationship": "Inner", "Parallel Aware": false, "Async Capable": false, "Startup Cost": 12.19, "Total Cost": 12.19, "Plan Rows": 4, "Plan Width": 4, "Plans": [{"Node Type": "Index Scan", "Parent Relationship": "Outer", "Parallel Aware": false, "Async Capable": false, "Scan Direction": "Forward", "Index Name": "company_type_pkey", "Relation Name": "company_type", "Alias": "ct", "Startup Cost": 0.13, "Total Cost": 12.19, "Plan Rows": 4, "Plan Width": 4}]}]}]}]}]}]}]}]}]}}, {"Plan": {"Node Type": "Aggregate", "Strategy": "Plain", "Partial Mode": "Simple", "Parallel Aware": false, "Async Capable": false, "Startup Cost": 40000707969.94, "Total Cost": 40000707969.95, "Plan Rows": 1, "Plan Width": 64, "Plans": [{"Node Type": "Merge Join", "Parent Relationship": "Outer", "Parallel Aware": false, "Async Capable": false, "Join Type": "Inner", "Startup Cost": 40000702568.53, "Total Cost": 40000707969.84, "Plan Rows": 20, "Plan Width": 60, "Inner Unique": true, "Merge Cond": "(mk.keyword_id = k.id)", "Plans": [{"Node Type": "Sort", "Parent Relationship": "Outer", "Parallel Aware": false, "Async Capable": false, "Startup Cost": 40000702568.11, "Total Cost": 40000702568.16, "Plan Rows": 20, "Plan Width": 64, "Sort Key": ["mk.keyword_id"], "Plans": [{"Node Type": "Hash Join", "Parent Relationship": "Outer", "Parallel Aware": false, "Async Capable": false, "Join Type": "Inner", "Startup Cost": 40000615883.51, "Total Cost": 40000702567.68, "Plan Rows": 20, "Plan Width": 64, "Inner Unique": true, "Hash Cond": "(mc.company_type_id = ct.id)", "Plans": [{"Node Type": "Hash Join", "Parent Relationship": "Outer", "Parallel Aware": false, "Async Capable": false, "Join Type": "Inner", "Startup Cost": 40000615871.27, "Total Cost": 40000702555.33, "Plan Rows": 20, "Plan Width": 68, "Inner Unique": false, "Hash Cond": "(mk.movie_id = t.id)", "Plans": [{"Node Type": "Seq Scan", "Parent Relationship": "Outer", "Parallel Aware": false, "Async Capable": false, "Relation Name": "movie_keyword", "Alias": "mk", "Startup Cost": 10000000000.0, "Total Cost": 10000069719.3, "Plan Rows": 4523930, "Plan Width": 8}, {"Node Type": "Hash", "Parent Relationship": "Inner", "Parallel Aware": false, "Async Capable": false, "Startup Cost": 30000615871.26, "Total Cost": 30000615871.26, "Plan Rows": 1, "Plan Width": 80, "Plans": [{"Node Type": "Merge Join", "Parent Relationship": "Outer", "Parallel Aware": false, "Async Capable": false, "Join Type": "Inner", "Startup Cost": 30000492839.07, "Total Cost": 30000615871.26, "Plan Rows": 1, "Plan Width": 80, "Inner Unique": false, "Merge Cond": "(t.id = mi.movie_id)", "Plans": [{"Node Type": "Merge Join", "Parent Relationship": "Outer", "Parallel Aware": false, "Async Capable": false, "Join Type": "Inner", "Startup Cost": 20000108633.21, "Total Cost": 20000231753.23, "Plan Rows": 7011, "Plan Width": 33, "Inner Unique": false, "Merge Cond": "(t.id = at.movie_id)", "Plans": [{"Node Type": "Merge Join", "Parent Relationship": "Outer", "Parallel Aware": false, "Async Capable": false, "Join Type": "Inner", "Startup Cost": 10000065415.71, "Total Cost": 10000186812.85, "Plan Rows": 11340, "Plan Width": 29, "Inner Unique": true, "Merge Cond": "(mc.movie_id = t.id)", "Plans": [{"Node Type": "Sort", "Parent Relationship": "Outer", "Parallel Aware": false, "Async Capable": false, "Startup Cost": 10000065415.28, "Total Cost": 10000065453.89, "Plan Rows": 15444, "Plan Width": 8, "Sort Key": ["mc.movie_id"], "Plans": [{"Node Type": "Hash Join", "Parent Relationship": "Outer", "Parallel Aware": false, "Async Capable": false, "Join Type": "Inner", "Startup Cost": 10000012576.41, "Total Cost": 10000064340.79, "Plan Rows": 15444, "Plan Width": 8, "Inner Unique": true, "Hash Cond": "(mc.company_id = cn.id)", "Plans": [{"Node Type": "Seq Scan", "Parent Relationship": "Outer", "Parallel Aware": false, "Async Capable": false, "Relation Name": "movie_companies", "Alias": "mc", "Startup Cost": 10000000000.0, "Total Cost": 10000044915.29, "Plan Rows": 2609129, "Plan Width": 12}, {"Node Type": "Hash", "Parent Relationship": "Inner", "Parallel Aware": false, "Async Capable": false, "Startup Cost": 12559.02, "Total Cost": 12559.02, "Plan Rows": 1391, "Plan Width": 4, "Plans": [{"Node Type": "Index Scan", "Parent Relationship": "Outer", "Parallel Aware": false, "Async Capable": false, "Scan Direction": "Forward", "Index Name": "company_name_pkey", "Relation Name": "company_name", "Alias": "cn", "Startup Cost": 0.42, "Total Cost": 12559.02, "Plan Rows": 1391, "Plan Width": 4, "Filter": "((country_code)::text = '[ru]'::text)"}]}]}]}, {"Node Type": "Index Scan", "Parent Relationship": "Inner", "Parallel Aware": false, "Async Capable": false, "Scan Direction": "Forward", "Index Name": "title_pkey", "Relation Name": "title", "Alias": "t", "Startup Cost": 0.43, "Total Cost": 116689.45, "Plan Rows": 1856383, "Plan Width": 21, "Filter": "(production_year >= 1986)"}]}, {"Node Type": "Sort", "Parent Relationship": "Inner", "Parallel Aware": false, "Async Capable": false, "Startup Cost": 10000043216.96, "Total Cost": 10000044120.64, "Plan Rows": 361472, "Plan Width": 4, "Sort Key": ["at.movie_id"], "Plans": [{"Node Type": "Seq Scan", "Parent Relationship": "Outer", "Parallel Aware": false, "Async Capable": false, "Relation Name": "aka_title", "Alias": "at", "Startup Cost": 10000000000.0, "Total Cost": 10000009846.72, "Plan Rows": 361472, "Plan Width": 4}]}]}, {"Node Type": "Sort", "Parent Relationship": "Inner", "Parallel Aware": false, "Async Capable": false, "Startup Cost": 10000384205.86, "Total Cost": 10000384205.87, "Plan Rows": 2, "Plan Width": 47, "Sort Key": ["mi.movie_id"], "Plans": [{"Node Type": "Hash Join", "Parent Relationship": "Outer", "Parallel Aware": false, "Async Capable": false, "Join Type": "Inner", "Startup Cost": 10000000014.13, "Total Cost": 10000384205.85, "Plan Rows": 2, "Plan Width": 47, "Inner Unique": true, "Hash Cond": "(mi.info_type_id = it1.id)", "Plans": [{"Node Type": "Seq Scan", "Parent Relationship": "Outer", "Parallel Aware": false, "Async Capable": false, "Relation Name": "movie_info", "Alias": "mi", "Startup Cost": 10000000000.0, "Total Cost": 10000384190.97, "Plan Rows": 278, "Plan Width": 51, "Filter": "(((note)::text ~~ '%internet%'::text) AND ((info)::text ~~ 'USA:%200%'::text))"}, {"Node Type": "Hash", "Parent Relationship": "Inner", "Parallel Aware": false, "Async Capable": false, "Startup Cost": 14.12, "Total Cost": 14.12, "Plan Rows": 1, "Plan Width": 4, "Plans": [{"Node Type": "Index Scan", "Parent Relationship": "Outer", "Parallel Aware": false, "Async Capable": false, "Scan Direction": "Forward", "Index Name": "info_type_pkey", "Relation Name": "info_type", "Alias": "it1", "Startup Cost": 0.14, "Total Cost": 14.12, "Plan Rows": 1, "Plan Width": 4, "Filter": "((info)::text = 'release dates'::text)"}]}]}]}]}]}]}, {"Node Type": "Hash", "Parent Relationship": "Inner", "Parallel Aware": false, "Async Capable": false, "Startup Cost": 12.19, "Total Cost": 12.19, "Plan Rows": 4, "Plan Width": 4, "Plans": [{"Node Type": "Index Scan", "Parent Relationship": "Outer", "Parallel Aware": false, "Async Capable": false, "Scan Direction": "Forward", "Index Name": "company_type_pkey", "Relation Name": "company_type", "Alias": "ct", "Startup Cost": 0.13, "Total Cost": 12.19, "Plan Rows": 4, "Plan Width": 4}]}]}]}, {"Node Type": "Index Scan", "Parent Relationship": "Inner", "Parallel Aware": false, "Async Capable": false, "Scan Direction": "Forward", "Index Name": "keyword_pkey", "Relation Name": "keyword", "Alias": "k", "Startup Cost": 0.42, "Total Cost": 5068.47, "Plan Rows": 134170, "Plan Width": 4}]}]}}, {"Plan": {"Node Type": "Aggregate", "Strategy": "Plain", "Partial Mode": "Simple", "Parallel Aware": false, "Async Capable": false, "Startup Cost": 40000550756.26, "Total Cost": 40000550756.27, "Plan Rows": 1, "Plan Width": 64, "Plans": [{"Node Type": "Nested Loop", "Parent Relationship": "Outer", "Parallel Aware": false, "Async Capable": false, "Join Type": "Inner", "Startup Cost": 40000464063.75, "Total Cost": 40000550756.16, "Plan Rows": 20, "Plan Width": 60, "Inner Unique": true, "Plans": [{"Node Type": "Hash Join", "Parent Relationship": "Outer", "Parallel Aware": false, "Async Capable": false, "Join Type": "Inner", "Startup Cost": 40000464063.33, "Total Cost": 40000550747.38, "Plan Rows": 20, "Plan Width": 64, "Inner Unique": false, "Hash Cond": "(mk.movie_id = t.id)", "Plans": [{"Node Type": "Seq Scan", "Parent Relationship": "Outer", "Parallel Aware": false, "Async Capable": false, "Relation Name": "movie_keyword", "Alias": "mk", "Startup Cost": 10000000000.0, "Total Cost": 10000069719.3, "Plan Rows": 4523930, "Plan Width": 8}, {"Node Type": "Hash", "Parent Relationship": "Inner", "Parallel Aware": false, "Async Capable": false, "Startup Cost": 30000464063.31, "Total Cost": 30000464063.31, "Plan Rows": 1, "Plan Width": 76, "Plans": [{"Node Type": "Nested Loop", "Parent Relationship": "Outer", "Parallel Aware": false, "Async Capable": false, "Join Type": "Inner", "Startup Cost": 30000449618.24, "Total Cost": 30000464063.31, "Plan Rows": 1, "Plan Width": 76, "Inner Unique": true, "Join Filter": "(t.id = at.movie_id)", "Plans": [{"Node Type": "Nested Loop", "Parent Relationship": "Outer", "Parallel Aware": false, "Async Capable": false, "Join Type": "Inner", "Startup Cost": 30000449617.81, "Total Cost": 30000464062.78, "Plan Rows": 1, "Plan Width": 55, "Inner Unique": true, "Plans": [{"Node Type": "Nested Loop", "Parent Relationship": "Outer", "Parallel Aware": false, "Async Capable": false, "Join Type": "Inner", "Startup Cost": 30000449617.68, "Total Cost": 30000464062.63, "Plan Rows": 1, "Plan Width": 59, "Inner Unique": false, "Join Filter": "(at.movie_id = mi.movie_id)", "Plans": [{"Node Type": "Nested Loop", "Parent Relationship": "Outer", "Parallel Aware": false, "Async Capable": false, "Join Type": "Inner", "Startup Cost": 20000449617.68, "Total Cost": 20000449697.51, "Plan Rows": 1, "Plan Width": 55, "Inner Unique": true, "Plans": [{"Node Type": "Merge Join", "Parent Relationship": "Outer", "Parallel Aware": false, "Async Capable": false, "Join Type": "Inner", "Startup Cost": 20000449617.54, "Total Cost": 20000449696.21, "Plan Rows": 6, "Plan Width": 59, "Inner Unique": false, "Merge Cond": "(mc.movie_id = mi.movie_id)", "Plans": [{"Node Type": "Sort", "Parent Relationship": "Outer", "Parallel Aware": false, "Async Capable": false, "Startup Cost": 10000065415.28, "Total Cost": 10000065453.89, "Plan Rows": 15444, "Plan Width": 8, "Sort Key": ["mc.movie_id"], "Plans": [{"Node Type": "Hash Join", "Parent Relationship": "Outer", "Parallel Aware": false, "Async Capable": false, "Join Type": "Inner", "Startup Cost": 10000012576.41, "Total Cost": 10000064340.79, "Plan Rows": 15444, "Plan Width": 8, "Inner Unique": true, "Hash Cond": "(mc.company_id = cn.id)", "Plans": [{"Node Type": "Seq Scan", "Parent Relationship": "Outer", "Parallel Aware": false, "Async Capable": false, "Relation Name": "movie_companies", "Alias": "mc", "Startup Cost": 10000000000.0, "Total Cost": 10000044915.29, "Plan Rows": 2609129, "Plan Width": 12}, {"Node Type": "Hash", "Parent Relationship": "Inner", "Parallel Aware": false, "Async Capable": false, "Startup Cost": 12559.02, "Total Cost": 12559.02, "Plan Rows": 1391, "Plan Width": 4, "Plans": [{"Node Type": "Index Scan", "Parent Relationship": "Outer", "Parallel Aware": false, "Async Capable": false, "Scan Direction": "Forward", "Index Name": "company_name_pkey", "Relation Name": "company_name", "Alias": "cn", "Startup Cost": 0.42, "Total Cost": 12559.02, "Plan Rows": 1391, "Plan Width": 4, "Filter": "((country_code)::text = '[ru]'::text)"}]}]}]}, {"Node Type": "Sort", "Parent Relationship": "Inner", "Parallel Aware": false, "Async Capable": false, "Startup Cost": 10000384202.26, "Total Cost": 10000384202.95, "Plan Rows": 278, "Plan Width": 51, "Sort Key": ["mi.movie_id"], "Plans": [{"Node Type": "Seq Scan", "Parent Relationship": "Outer", "Parallel Aware": false, "Async Capable": false, "Relation Name": "movie_info", "Alias": "mi", "Startup Cost": 10000000000.0, "Total Cost": 10000384190.97, "Plan Rows": 278, "Plan Width": 51, "Filter": "(((note)::text ~~ '%internet%'::text) AND ((info)::text ~~ 'USA:%200%'::text))"}]}]}, {"Node Type": "Index Scan", "Parent Relationship": "Inner", "Parallel Aware": false, "Async Capable": false, "Scan Direction": "Forward", "Index Name": "info_type_pkey", "Relation Name": "info_type", "Alias": "it1", "Startup Cost": 0.14, "Total Cost": 0.21, "Plan Rows": 1, "Plan Width": 4, "Index Cond": "(id = mi.info_type_id)", "Filter": "((info)::text = 'release dates'::text)"}]}, {"Node Type": "Seq Scan", "Parent Relationship": "Inner", "Parallel Aware": false, "Async Capable": false, "Relation Name": "aka_title", "Alias": "at", "Startup Cost": 10000000000.0, "Total Cost": 10000009846.72, "Plan Rows": 361472, "Plan Width": 4}]}, {"Node Type": "Index Scan", "Parent Relationship": "Inner", "Parallel Aware": false, "Async Capable": false, "Scan Direction": "Forward", "Index Name": "company_type_pkey", "Relation Name": "company_type", "Alias": "ct", "Startup Cost": 0.13, "Total Cost": 0.15, "Plan Rows": 1, "Plan Width": 4, "Index Cond": "(id = mc.company_type_id)"}]}, {"Node Type": "Index Scan", "Parent Relationship": "Inner", "Parallel Aware": false, "Async Capable": false, "Scan Direction": "Forward", "Index Name": "title_pkey", "Relation Name": "title", "Alias": "t", "Startup Cost": 0.43, "Total Cost": 0.52, "Plan Rows": 1, "Plan Width": 21, "Index Cond": "(id = mc.movie_id)", "Filter": "(production_year >= 1986)"}]}]}]}, {"Node Type": "Index Scan", "Parent Relationship": "Inner", "Parallel Aware": false, "Async Capable": false, "Scan Direction": "Forward", "Index Name": "keyword_pkey", "Relation Name": "keyword", "Alias": "k", "Startup Cost": 0.42, "Total Cost": 0.44, "Plan Rows": 1, "Plan Width": 4, "Index Cond": "(id = mk.keyword_id)"}]}]}}, {"Plan": {"Node Type": "Aggregate", "Strategy": "Plain", "Partial Mode": "Finalize", "Parallel Aware": false, "Async Capable": false, "Startup Cost": 290407.46, "Total Cost": 290407.47, "Plan Rows": 1, "Plan Width": 64, "Plans": [{"Node Type": "Gather", "Parent Relationship": "Outer", "Parallel Aware": false, "Async Capable": false, "Startup Cost": 290407.24, "Total Cost": 290407.45, "Plan Rows": 2, "Plan Width": 64, "Workers Planned": 2, "Single Copy": false, "Plans": [{"Node Type": "Aggregate", "Strategy": "Plain", "Partial Mode": "Partial", "Parent Relationship": "Outer", "Parallel Aware": false, "Async Capable": false, "Startup Cost": 289407.24, "Total Cost": 289407.25, "Plan Rows": 1, "Plan Width": 64, "Plans": [{"Node Type": "Hash Join", "Parent Relationship": "Outer", "Parallel Aware": true, "Async Capable": false, "Join Type": "Inner", "Startup Cost": 281104.26, "Total Cost": 289407.2, "Plan Rows": 8, "Plan Width": 60, "Inner Unique": false, "Hash Cond": "(at.movie_id = t.id)", "Plans": [{"Node Type": "Seq Scan", "Parent Relationship": "Outer", "Parallel Aware": true, "Async Capable": false, "Relation Name": "aka_title", "Alias": "at", "Startup Cost": 0.0, "Total Cost": 7738.13, "Plan Rows": 150613, "Plan Width": 4}, {"Node Type": "Hash", "Parent Relationship": "Inner", "Parallel Aware": true, "Async Capable": false, "Startup Cost": 281104.24, "Total Cost": 281104.24, "Plan Rows": 2, "Plan Width": 76, "Plans": [{"Node Type": "Nested Loop", "Parent Relationship": "Outer", "Parallel Aware": false, "Async Capable": false, "Join Type": "Inner", "Startup Cost": 236557.95, "Total Cost": 281104.24, "Plan Rows": 2, "Plan Width": 76, "Inner Unique": true, "Plans": [{"Node Type": "Hash Join", "Parent Relationship": "Outer", "Parallel Aware": true, "Async Capable": false, "Join Type": "Inner", "Startup Cost": 236557.53, "Total Cost": 281103.36, "Plan Rows": 2, "Plan Width": 80, "Inner Unique": false, "Hash Cond": "(mk.movie_id = t.id)", "Plans": [{"Node Type": "Seq Scan", "Parent Relationship": "Outer", "Parallel Aware": true, "Async Capable": false, "Relation Name": "movie_keyword", "Alias": "mk", "Startup Cost": 0.0, "Total Cost": 39073.32, "Plan Rows": 1459332, "Plan Width": 8}, {"Node Type": "Hash", "Parent Relationship": "Inner", "Parallel Aware": true, "Async Capable": false, "Startup Cost": 236557.52, "Total Cost": 236557.52, "Plan Rows": 1, "Plan Width": 72, "Plans": [{"Node Type": "Nested Loop", "Parent Relationship": "Outer", "Parallel Aware": false, "Async Capable": false, "Join Type": "Inner", "Startup Cost": 206160.16, "Total Cost": 236557.52, "Plan Rows": 1, "Plan Width": 72, "Inner Unique": true, "Join Filter": "(t.id = mi.movie_id)", "Plans": [{"Node Type": "Nested Loop", "Parent Relationship": "Outer", "Parallel Aware": false, "Async Capable": false, "Join Type": "Inner", "Startup Cost": 206159.73, "Total Cost": 236556.99, "Plan Rows": 1, "Plan Width": 51, "Inner Unique": true, "Plans": [{"Node Type": "Nested Loop", "Parent Relationship": "Outer", "Parallel Aware": false, "Async Capable": false, "Join Type": "Inner", "Startup Cost": 206159.6, "Total Cost": 236556.83, "Plan Rows": 1, "Plan Width": 55, "Inner Unique": true, "Plans": [{"Node Type": "Hash Join", "Parent Relationship": "Outer", "Parallel Aware": true, "Async Capable": false, "Join Type": "Inner", "Startup Cost": 206159.18, "Total Cost": 236555.94, "Plan Rows": 2, "Plan Width": 59, "Inner Unique": false, "Hash Cond": "(mc.movie_id = mi.movie_id)", "Plans": [{"Node Type": "Seq Scan", "Parent Relationship": "Outer", "Parallel Aware": true, "Async Capable": false, "Relation Name": "movie_companies", "Alias": "mc", "Startup Cost": 0.0, "Total Cost": 27240.55, "Plan Rows": 841655, "Plan Width": 12}, {"Node Type": "Hash", "Parent Relationship": "Inner", "Parallel Aware": true, "Async Capable": false, "Startup Cost": 206159.17, "Total Cost": 206159.17, "Plan Rows": 1, "Plan Width": 47, "Plans": [{"Node Type": "Hash Join", "Parent Relationship": "Outer", "Parallel Aware": false, "Async Capable": false, "Join Type": "Inner", "Startup Cost": 2.43, "Total Cost": 206159.17, "Plan Rows": 1, "Plan Width": 47, "Inner Unique": true, "Hash Cond": "(mi.info_type_id = it1.id)", "Plans": [{"Node Type": "Seq Scan", "Parent Relationship": "Outer", "Parallel Aware": true, "Async Capable": false, "Relation Name": "movie_info", "Alias": "mi", "Startup Cost": 0.0, "Total Cost": 206156.59, "Plan Rows": 56, "Plan Width": 51, "Filter": "(((note)::text ~~ '%internet%'::text) AND ((info)::text ~~ 'USA:%200%'::text))"}, {"Node Type": "Hash", "Parent Relationship": "Inner", "Parallel Aware": false, "Async Capable": false, "Startup Cost": 2.41, "Total Cost": 2.41, "Plan Rows": 1, "Plan Width": 4, "Plans": [{"Node Type": "Seq Scan", "Parent Relationship": "Outer", "Parallel Aware": false, "Async Capable": false, "Relation Name": "info_type", "Alias": "it1", "Startup Cost": 0.0, "Total Cost": 2.41, "Plan Rows": 1, "Plan Width": 4, "Filter": "((info)::text = 'release dates'::text)"}]}]}]}]}, {"Node Type": "Index Scan", "Parent Relationship": "Inner", "Parallel Aware": false, "Async Capable": false, "Scan Direction": "Forward", "Index Name": "company_name_pkey", "Relation Name": "company_name", "Alias": "cn", "Startup Cost": 0.42, "Total Cost": 0.45, "Plan Rows": 1, "Plan Width": 4, "Index Cond": "(id = mc.company_id)", "Filter": "((country_code)::text = '[ru]'::text)"}]}, {"Node Type": "Index Scan", "Parent Relationship": "Inner", "Parallel Aware": false, "Async Capable": false, "Scan Direction": "Forward", "Index Name": "company_type_pkey", "Relation Name": "company_type", "Alias": "ct", "Startup Cost": 0.13, "Total Cost": 0.15, "Plan Rows": 1, "Plan Width": 4, "Index Cond": "(id = mc.company_type_id)"}]}, {"Node Type": "Index Scan", "Parent Relationship": "Inner", "Parallel Aware": false, "Async Capable": false, "Scan Direction": "Forward", "Index Name": "title_pkey", "Relation Name": "title", "Alias": "t", "Startup Cost": 0.43, "Total Cost": 0.52, "Plan Rows": 1, "Plan Width": 21, "Index Cond": "(id = mc.movie_id)", "Filter": "(production_year >= 1986)"}]}]}]}, {"Node Type": "Index Scan", "Parent Relationship": "Inner", "Parallel Aware": false, "Async Capable": false, "Scan Direction": "Forward", "Index Name": "keyword_pkey", "Relation Name": "keyword", "Alias": "k", "Startup Cost": 0.42, "Total Cost": 0.44, "Plan Rows": 1, "Plan Width": 4, "Index Cond": "(id = mk.keyword_id)"}]}]}]}]}]}]}}, {"Plan": {"Node Type": "Aggregate", "Strategy": "Plain", "Partial Mode": "Simple", "Parallel Aware": false, "Async Capable": false, "Startup Cost": 40000537272.21, "Total Cost": 40000537272.22, "Plan Rows": 1, "Plan Width": 64, "Plans": [{"Node Type": "Nested Loop", "Parent Relationship": "Outer", "Parallel Aware": false, "Async Capable": false, "Join Type": "Inner", "Startup Cost": 40000450563.24, "Total Cost": 40000537272.11, "Plan Rows": 20, "Plan Width": 60, "Inner Unique": true, "Join Filter": "(t.id = at.movie_id)", "Plans": [{"Node Type": "Nested Loop", "Parent Relationship": "Outer", "Parallel Aware": false, "Async Capable": false, "Join Type": "Inner", "Startup Cost": 40000450562.81, "Total Cost": 40000537258.54, "Plan Rows": 27, "Plan Width": 59, "Inner Unique": true, "Plans": [{"Node Type": "Hash Join", "Parent Relationship": "Outer", "Parallel Aware": false, "Async Capable": false, "Join Type": "Inner", "Startup Cost": 40000450562.39, "Total Cost": 40000537246.7, "Plan Rows": 27, "Plan Width": 63, "Inner Unique": false, "Hash Cond": "(mk.movie_id = at.movie_id)", "Plans": [{"Node Type": "Seq Scan", "Parent Relationship": "Outer", "Parallel Aware": false, "Async Capable": false, "Relation Name": "movie_keyword", "Alias": "mk", "Startup Cost": 10000000000.0, "Total Cost": 10000069719.3, "Plan Rows": 4523930, "Plan Width": 8}, {"Node Type": "Hash", "Parent Relationship": "Inner", "Parallel Aware": false, "Async Capable": false, "Startup Cost": 30000450562.38, "Total Cost": 30000450562.38, "Plan Rows": 1, "Plan Width": 55, "Plans": [{"Node Type": "Nested Loop", "Parent Relationship": "Outer", "Parallel Aware": false, "Async Capable": false, "Join Type": "Inner", "Startup Cost": 30000395860.53, "Total Cost": 30000450562.38, "Plan Rows": 1, "Plan Width": 55, "Inner Unique": true, "Plans": [{"Node Type": "Nested Loop", "Parent Relationship": "Outer", "Parallel Aware": false, "Async Capable": false, "Join Type": "Inner", "Startup Cost": 30000395860.4, "Total Cost": 30000450562.22, "Plan Rows": 1, "Plan Width": 59, "Inner Unique": true, "Plans": [{"Node Type": "Hash Join", "Parent Relationship": "Outer", "Parallel Aware": false, "Async Capable": false, "Join Type": "Inner", "Startup Cost": 30000395859.98, "Total Cost": 30000450559.55, "Plan Rows": 6, "Plan Width": 63, "Inner Unique": false, "Hash Cond": "(mc.movie_id = at.movie_id)", "Plans": [{"Node Type": "Seq Scan", "Parent Relationship": "Outer", "Parallel Aware": false, "Async Capable": false, "Relation Name": "movie_companies", "Alias": "mc", "Startup Cost": 10000000000.0, "Total Cost": 10000044915.29, "Plan Rows": 2609129, "Plan Width": 12}, {"Node Type": "Hash", "Parent Relationship": "Inner", "Parallel Aware": false, "Async Capable": false, "Startup Cost": 20000395859.97, "Total Cost": 20000395859.97, "Plan Rows": 1, "Plan Width": 51, "Plans": [{"Node Type": "Hash Join", "Parent Relationship": "Outer", "Parallel Aware": false, "Async Capable": false, "Join Type": "Inner", "Startup Cost": 20000384205.88, "Total Cost": 20000395859.97, "Plan Rows": 1, "Plan Width": 51, "Inner Unique": false, "Hash Cond": "(at.movie_id = mi.movie_id)", "Plans": [{"Node Type": "Seq Scan", "Parent Relationship": "Outer", "Parallel Aware": false, "Async Capable": false, "Relation Name": "aka_title", "Alias": "at", "Startup Cost": 10000000000.0, "Total Cost": 10000009846.72, "Plan Rows": 361472, "Plan Width": 4}, {"Node Type": "Hash", "Parent Relationship": "Inner", "Parallel Aware": false, "Async Capable": false, "Startup Cost": 10000384205.85, "Total Cost": 10000384205.85, "Plan Rows": 2, "Plan Width": 47, "Plans": [{"Node Type": "Hash Join", "Parent Relationship": "Outer", "Parallel Aware": false, "Async Capable": false, "Join Type": "Inner", "Startup Cost": 10000000014.13, "Total Cost": 10000384205.85, "Plan Rows": 2, "Plan Width": 47, "Inner Unique": true, "Hash Cond": "(mi.info_type_id = it1.id)", "Plans": [{"Node Type": "Seq Scan", "Parent Relationship": "Outer", "Parallel Aware": false, "Async Capable": false, "Relation Name": "movie_info", "Alias": "mi", "Startup Cost": 10000000000.0, "Total Cost": 10000384190.97, "Plan Rows": 278, "Plan Width": 51, "Filter": "(((note)::text ~~ '%internet%'::text) AND ((info)::text ~~ 'USA:%200%'::text))"}, {"Node Type": "Hash", "Parent Relationship": "Inner", "Parallel Aware": false, "Async Capable": false, "Startup Cost": 14.12, "Total Cost": 14.12, "Plan Rows": 1, "Plan Width": 4, "Plans": [{"Node Type": "Index Scan", "Parent Relationship": "Outer", "Parallel Aware": false, "Async Capable": false, "Scan Direction": "Forward", "Index Name": "info_type_pkey", "Relation Name": "info_type", "Alias": "it1", "Startup Cost": 0.14, "Total Cost": 14.12, "Plan Rows": 1, "Plan Width": 4, "Filter": "((info)::text = 'release dates'::text)"}]}]}]}]}]}]}, {"Node Type": "Index Scan", "Parent Relationship": "Inner", "Parallel Aware": false, "Async Capable": false, "Scan Direction": "Forward", "Index Name": "company_name_pkey", "Relation Name": "company_name", "Alias": "cn", "Startup Cost": 0.42, "Total Cost": 0.45, "Plan Rows": 1, "Plan Width": 4, "Index Cond": "(id = mc.company_id)", "Filter": "((country_code)::text = '[ru]'::text)"}]}, {"Node Type": "Index Scan", "Parent Relationship": "Inner", "Parallel Aware": false, "Async Capable": false, "Scan Direction": "Forward", "Index Name": "company_type_pkey", "Relation Name": "company_type", "Alias": "ct", "Startup Cost": 0.13, "Total Cost": 0.15, "Plan Rows": 1, "Plan Width": 4, "Index Cond": "(id = mc.company_type_id)"}]}]}]}, {"Node Type": "Index Scan", "Parent Relationship": "Inner", "Parallel Aware": false, "Async Capable": false, "Scan Direction": "Forward", "Index Name": "keyword_pkey", "Relation Name": "keyword", "Alias": "k", "Startup Cost": 0.42, "Total Cost": 0.44, "Plan Rows": 1, "Plan Width": 4, "Index Cond": "(id = mk.keyword_id)"}]}, {"Node Type": "Index Scan", "Parent Relationship": "Inner", "Parallel Aware": false, "Async Capable": false, "Scan Direction": "Forward", "Index Name": "title_pkey", "Relation Name": "title", "Alias": "t", "Startup Cost": 0.43, "Total Cost": 0.49, "Plan Rows": 1, "Plan Width": 21, "Index Cond": "(id = mk.movie_id)", "Filter": "(production_year >= 1986)"}]}]}}, {"Plan": {"Node Type": "Aggregate", "Strategy": "Plain", "Partial Mode": "Simple", "Parallel Aware": false, "Async Capable": false, "Startup Cost": 40001495918.65, "Total Cost": 40001495918.66, "Plan Rows": 1, "Plan Width": 64, "Plans": [{"Node Type": "Merge Join", "Parent Relationship": "Outer", "Parallel Aware": false, "Async Capable": false, "Join Type": "Inner", "Startup Cost": 40001491495.38, "Total Cost": 40001495918.55, "Plan Rows": 20, "Plan Width": 60, "Inner Unique": true, "Merge Cond": "(mk.keyword_id = k.id)", "Plans": [{"Node Type": "Sort", "Parent Relationship": "Outer", "Parallel Aware": false, "Async Capable": false, "Startup Cost": 40001491494.96, "Total Cost": 40001491495.01, "Plan Rows": 20, "Plan Width": 64, "Sort Key": ["mk.keyword_id"], "Plans": [{"Node Type": "Merge Join", "Parent Relationship": "Outer", "Parallel Aware": false, "Async Capable": false, "Join Type": "Inner", "Startup Cost": 40001491482.16, "Total Cost": 40001491494.53, "Plan Rows": 20, "Plan Width": 64, "Inner Unique": true, "Merge Cond": "(mc.company_type_id = ct.id)", "Plans": [{"Node Type": "Sort", "Parent Relationship": "Outer", "Parallel Aware": false, "Async Capable": false, "Startup Cost": 40001491482.03, "Total Cost": 40001491482.08, "Plan Rows": 20, "Plan Width": 68, "Sort Key": ["mc.company_type_id"], "Plans": [{"Node Type": "Merge Join", "Parent Relationship": "Outer", "Parallel Aware": false, "Async Capable": false, "Join Type": "Inner", "Startup Cost": 40001478918.91, "Total Cost": 40001491481.6, "Plan Rows": 20, "Plan Width": 68, "Inner Unique": true, "Merge Cond": "(mc.company_id = cn.id)", "Plans": [{"Node Type": "Sort", "Parent Relationship": "Outer", "Parallel Aware": false, "Async Capable": false, "Startup Cost": 40001478918.49, "Total Cost": 40001478918.79, "Plan Rows": 119, "Plan Width": 72, "Sort Key": ["mc.company_id"], "Plans": [{"Node Type": "Merge Join", "Parent Relationship": "Outer", "Parallel Aware": false, "Async Capable": false, "Join Type": "Inner", "Startup Cost": 40001320241.15, "Total Cost": 40001478914.39, "Plan Rows": 119, "Plan Width": 72, "Inner Unique": true, "Merge Cond": "(at.movie_id = t.id)", "Plans": [{"Node Type": "Merge Join", "Parent Relationship": "Outer", "Parallel Aware": false, "Async Capable": false, "Join Type": "Inner", "Startup Cost": 40001320240.72, "Total Cost": 40001357710.69, "Plan Rows": 162, "Plan Width": 71, "Inner Unique": false, "Merge Cond": "(at.movie_id = mk.movie_id)", "Plans": [{"Node Type": "Merge Join", "Parent Relationship": "Outer", "Parallel Aware": false, "Async Capable": false, "Join Type": "Inner", "Startup Cost": 30000750420.29, "Total Cost": 30000765271.81, "Plan Rows": 6, "Plan Width": 63, "Inner Unique": false, "Merge Cond": "(at.movie_id = mc.movie_id)", "Plans": [{"Node Type": "Merge Join", "Parent Relationship": "Outer", "Parallel Aware": false, "Async Capable": false, "Join Type": "Inner", "Startup Cost": 20000427435.29, "Total Cost": 20000429242.13, "Plan Rows": 1, "Plan Width": 51, "Inner Unique": false, "Merge Cond": "(mi.movie_id = at.movie_id)", "Plans": [{"Node Type": "Sort", "Parent Relationship": "Outer", "Parallel Aware": false, "Async Capable": false, "Startup Cost": 10000384217.8, "Total Cost": 10000384217.8, "Plan Rows": 2, "Plan Width": 47, "Sort Key": ["mi.movie_id"], "Plans": [{"Node Type": "Merge Join", "Parent Relationship": "Outer", "Parallel Aware": false, "Async Capable": false, "Join Type": "Inner", "Startup Cost": 10000384202.4, "Total Cost": 10000384217.79, "Plan Rows": 2, "Plan Width": 47, "Inner Unique": false, "Merge Cond": "(it1.id = mi.info_type_id)", "Plans": [{"Node Type": "Index Scan", "Parent Relationship": "Outer", "Parallel Aware": false, "Async Capable": false, "Scan Direction": "Forward", "Index Name": "info_type_pkey", "Relation Name": "info_type", "Alias": "it1", "Startup Cost": 0.14, "Total Cost": 14.12, "Plan Rows": 1, "Plan Width": 4, "Filter": "((info)::text = 'release dates'::text)"}, {"Node Type": "Sort", "Parent Relationship": "Inner", "Parallel Aware": false, "Async Capable": false, "Startup Cost": 10000384202.26, "Total Cost": 10000384202.95, "Plan Rows": 278, "Plan Width": 51, "Sort Key": ["mi.info_type_id"], "Plans": [{"Node Type": "Seq Scan", "Parent Relationship": "Outer", "Parallel Aware": false, "Async Capable": false, "Relation Name": "movie_info", "Alias": "mi", "Startup Cost": 10000000000.0, "Total Cost": 10000384190.97, "Plan Rows": 278, "Plan Width": 51, "Filter": "(((note)::text ~~ '%internet%'::text) AND ((info)::text ~~ 'USA:%200%'::text))"}]}]}]}, {"Node Type": "Sort", "Parent Relationship": "Inner", "Parallel Aware": false, "Async Capable": false, "Startup Cost": 10000043216.96, "Total Cost": 10000044120.64, "Plan Rows": 361472, "Plan Width": 4, "Sort Key": ["at.movie_id"], "Plans": [{"Node Type": "Seq Scan", "Parent Relationship": "Outer", "Parallel Aware": false, "Async Capable": false, "Relation Name": "aka_title", "Alias": "at", "Startup Cost": 10000000000.0, "Total Cost": 10000009846.72, "Plan Rows": 361472, "Plan Width": 4}]}]}, {"Node Type": "Sort", "Parent Relationship": "Inner", "Parallel Aware": false, "Async Capable": false, "Startup Cost": 10000322985.0, "Total Cost": 10000329507.82, "Plan Rows": 2609129, "Plan Width": 12, "Sort Key": ["mc.movie_id"], "Plans": [{"Node Type": "Seq Scan", "Parent Relationship": "Outer", "Parallel Aware": false, "Async Capable": false, "Relation Name": "movie_companies", "Alias": "mc", "Startup Cost": 10000000000.0, "Total Cost": 10000044915.29, "Plan Rows": 2609129, "Plan Width": 12}]}]}, {"Node Type": "Sort", "Parent Relationship": "Inner", "Parallel Aware": false, "Async Capable": false, "Startup Cost": 10000569820.43, "Total Cost": 10000581130.25, "Plan Rows": 4523930, "Plan Width": 8, "Sort Key": ["mk.movie_id"], "Plans": [{"Node Type": "Seq Scan", "Parent Relationship": "Outer", "Parallel Aware": false, "Async Capable": false, "Relation Name": "movie_keyword", "Alias": "mk", "Startup Cost": 10000000000.0, "Total Cost": 10000069719.3, "Plan Rows": 4523930, "Plan Width": 8}]}]}, {"Node Type": "Index Scan", "Parent Relationship": "Inner", "Parallel Aware": false, "Async Capable": false, "Scan Direction": "Forward", "Index Name": "title_pkey", "Relation Name": "title", "Alias": "t", "Startup Cost": 0.43, "Total Cost": 116689.45, "Plan Rows": 1856383, "Plan Width": 21, "Filter": "(production_year >= 1986)"}]}]}, {"Node Type": "Index Scan", "Parent Relationship": "Inner", "Parallel Aware": false, "Async Capable": false, "Scan Direction": "Forward", "Index Name": "company_name_pkey", "Relation Name": "company_name", "Alias": "cn", "Startup Cost": 0.42, "Total Cost": 12559.02, "Plan Rows": 1391, "Plan Width": 4, "Filter": "((country_code)::text = '[ru]'::text)"}]}]}, {"Node Type": "Index Only Scan", "Parent Relationship": "Inner", "Parallel Aware": false, "Async Capable": false, "Scan Direction": "Forward", "Index Name": "company_type_pkey", "Relation Name": "company_type", "Alias": "ct", "Startup Cost": 0.13, "Total Cost": 12.19, "Plan Rows": 4, "Plan Width": 4}]}]}, {"Node Type": "Index Only Scan", "Parent Relationship": "Inner", "Parallel Aware": false, "Async Capable": false, "Scan Direction": "Forward", "Index Name": "keyword_pkey", "Relation Name": "keyword", "Alias": "k", "Startup Cost": 0.42, "Total Cost": 4089.87, "Plan Rows": 134170, "Plan Width": 4}]}]}}, {"Plan": {"Node Type": "Aggregate", "Strategy": "Plain", "Partial Mode": "Simple", "Parallel Aware": false, "Async Capable": false, "Startup Cost": 40000633042.96, "Total Cost": 40000633042.97, "Plan Rows": 1, "Plan Width": 64, "Plans": [{"Node Type": "Nested Loop", "Parent Relationship": "Outer", "Parallel Aware": false, "Async Capable": false, "Join Type": "Inner", "Startup Cost": 40000427427.47, "Total Cost": 40000633042.86, "Plan Rows": 20, "Plan Width": 60, "Inner Unique": true, "Plans": [{"Node Type": "Nested Loop", "Parent Relationship": "Outer", "Parallel Aware": false, "Async Capable": false, "Join Type": "Inner", "Startup Cost": 40000427427.05, "Total Cost": 40000633034.1, "Plan Rows": 20, "Plan Width": 64, "Inner Unique": false, "Join Filter": "(t.id = mk.movie_id)", "Plans": [{"Node Type": "Nested Loop", "Parent Relationship": "Outer", "Parallel Aware": false, "Async Capable": false, "Join Type": "Inner", "Startup Cost": 30000427427.05, "Total Cost": 30000506765.68, "Plan Rows": 1, "Plan Width": 76, "Inner Unique": true, "Join Filter": "(t.id = at.movie_id)", "Plans": [{"Node Type": "Nested Loop", "Parent Relationship": "Outer", "Parallel Aware": false, "Async Capable": false, "Join Type": "Inner", "Startup Cost": 30000427426.62, "Total Cost": 30000506765.14, "Plan Rows": 1, "Plan Width": 55, "Inner Unique": true, "Plans": [{"Node Type": "Nested Loop", "Parent Relationship": "Outer", "Parallel Aware": false, "Async Capable": false, "Join Type": "Inner", "Startup Cost": 30000427426.49, "Total Cost": 30000506764.99, "Plan Rows": 1, "Plan Width": 59, "Inner Unique": true, "Plans": [{"Node Type": "Nested Loop", "Parent Relationship": "Outer", "Parallel Aware": false, "Async Capable": false, "Join Type": "Inner", "Startup Cost": 30000427426.07, "Total Cost": 30000506762.31, "Plan Rows": 6, "Plan Width": 63, "Inner Unique": false, "Join Filter": "(at.movie_id = mc.movie_id)", "Plans": [{"Node Type": "Merge Join", "Parent Relationship": "Outer", "Parallel Aware": false, "Async Capable": false, "Join Type": "Inner", "Startup Cost": 20000427426.07, "Total Cost": 20000429232.91, "Plan Rows": 1, "Plan Width": 51, "Inner Unique": false, "Merge Cond": "(mi.movie_id = at.movie_id)", "Plans": [{"Node Type": "Sort", "Parent Relationship": "Outer", "Parallel Aware": false, "Async Capable": false, "Startup Cost": 10000384208.57, "Total Cost": 10000384208.58, "Plan Rows": 2, "Plan Width": 47, "Sort Key": ["mi.movie_id"], "Plans": [{"Node Type": "Nested Loop", "Parent Relationship": "Outer", "Parallel Aware": false, "Async Capable": false, "Join Type": "Inner", "Startup Cost": 10000000000.14, "Total Cost": 10000384208.56, "Plan Rows": 2, "Plan Width": 47, "Inner Unique": false, "Join Filter": "(it1.id = mi.info_type_id)", "Plans": [{"Node Type": "Index Scan", "Parent Relationship": "Outer", "Parallel Aware": false, "Async Capable": false, "Scan Direction": "Forward", "Index Name": "info_type_pkey", "Relation Name": "info_type", "Alias": "it1", "Startup Cost": 0.14, "Total Cost": 14.12, "Plan Rows": 1, "Plan Width": 4, "Filter": "((info)::text = 'release dates'::text)"}, {"Node Type": "Seq Scan", "Parent Relationship": "Inner", "Parallel Aware": false, "Async Capable": false, "Relation Name": "movie_info", "Alias": "mi", "Startup Cost": 10000000000.0, "Total Cost": 10000384190.97, "Plan Rows": 278, "Plan Width": 51, "Filter": "(((note)::text ~~ '%internet%'::text) AND ((info)::text ~~ 'USA:%200%'::text))"}]}]}, {"Node Type": "Sort", "Parent Relationship": "Inner", "Parallel Aware": false, "Async Capable": false, "Startup Cost": 10000043216.96, "Total Cost": 10000044120.64, "Plan Rows": 361472, "Plan Width": 4, "Sort Key": ["at.movie_id"], "Plans": [{"Node Type": "Seq Scan", "Parent Relationship": "Outer", "Parallel Aware": false, "Async Capable": false, "Relation Name": "aka_title", "Alias": "at", "Startup Cost": 10000000000.0, "Total Cost": 10000009846.72, "Plan Rows": 361472, "Plan Width": 4}]}]}, {"Node Type": "Seq Scan", "Parent Relationship": "Inner", "Parallel Aware": false, "Async Capable": false, "Relation Name": "movie_companies", "Alias": "mc", "Startup Cost": 10000000000.0, "Total Cost": 10000044915.29, "Plan Rows": 2609129, "Plan Width": 12}]}, {"Node Type": "Index Scan", "Parent Relationship": "Inner", "Parallel Aware": false, "Async Capable": false, "Scan Direction": "Forward", "Index Name": "company_name_pkey", "Relation Name": "company_name", "Alias": "cn", "Startup Cost": 0.42, "Total Cost": 0.45, "Plan Rows": 1, "Plan Width": 4, "Index Cond": "(id = mc.company_id)", "Filter": "((country_code)::text = '[ru]'::text)"}]}, {"Node Type": "Index Only Scan", "Parent Relationship": "Inner", "Parallel Aware": false, "Async Capable": false, "Scan Direction": "Forward", "Index Name": "company_type_pkey", "Relation Name": "company_type", "Alias": "ct", "Startup Cost": 0.13, "Total Cost": 0.15, "Plan Rows": 1, "Plan Width": 4, "Index Cond": "(id = mc.company_type_id)"}]}, {"Node Type": "Index Scan", "Parent Relationship": "Inner", "Parallel Aware": false, "Async Capable": false, "Scan Direction": "Forward", "Index Name": "title_pkey", "Relation Name": "title", "Alias": "t", "Startup Cost": 0.43, "Total Cost": 0.52, "Plan Rows": 1, "Plan Width": 21, "Index Cond": "(id = mc.movie_id)", "Filter": "(production_year >= 1986)"}]}, {"Node Type": "Seq Scan", "Parent Relationship": "Inner", "Parallel Aware": false, "Async Capable": false, "Relation Name": "movie_keyword", "Alias": "mk", "Startup Cost": 10000000000.0, "Total Cost": 10000069719.3, "Plan Rows": 4523930, "Plan Width": 8}]}, {"Node Type": "Index Only Scan", "Parent Relationship": "Inner", "Parallel Aware": false, "Async Capable": false, "Scan Direction": "Forward", "Index Name": "keyword_pkey", "Relation Name": "keyword", "Alias": "k", "Startup Cost": 0.42, "Total Cost": 0.44, "Plan Rows": 1, "Plan Width": 4, "Index Cond": "(id = mk.keyword_id)"}]}]}}, {"Plan": {"Node Type": "Aggregate", "Strategy": "Plain", "Partial Mode": "Simple", "Parallel Aware": false, "Async Capable": false, "Startup Cost": 421374.75, "Total Cost": 421374.76, "Plan Rows": 1, "Plan Width": 64, "Plans": [{"Node Type": "Nested Loop", "Parent Relationship": "Outer", "Parallel Aware": false, "Async Capable": false, "Join Type": "Inner", "Startup Cost": 2001.41, "Total Cost": 421374.65, "Plan Rows": 20, "Plan Width": 60, "Inner Unique": true, "Plans": [{"Node Type": "Nested Loop", "Parent Relationship": "Outer", "Parallel Aware": false, "Async Capable": false, "Join Type": "Inner", "Startup Cost": 2000.99, "Total Cost": 421365.89, "Plan Rows": 20, "Plan Width": 64, "Inner Unique": false, "Join Filter": "(t.id = mk.movie_id)", "Plans": [{"Node Type": "Nested Loop", "Parent Relationship": "Outer", "Parallel Aware": false, "Async Capable": false, "Join Type": "Inner", "Startup Cost": 2000.99, "Total Cost": 295097.46, "Plan Rows": 1, "Plan Width": 76, "Inner Unique": true, "Plans": [{"Node Type": "Nested Loop", "Parent Relationship": "Outer", "Parallel Aware": false, "Async Capable": false, "Join Type": "Inner", "Startup Cost": 2000.86, "Total Cost": 295097.31, "Plan Rows": 1, "Plan Width": 80, "Inner Unique": false, "Join Filter": "(t.id = at.movie_id)", "Plans": [{"Node Type": "Nested Loop", "Parent Relationship": "Outer", "Parallel Aware": false, "Async Capable": false, "Join Type": "Inner", "Startup Cost": 2000.86, "Total Cost": 280732.19, "Plan Rows": 1, "Plan Width": 76, "Inner Unique": false, "Join Filter": "(t.id = mc.movie_id)", "Plans": [{"Node Type": "Nested Loop", "Parent Relationship": "Outer", "Parallel Aware": false, "Async Capable": false, "Join Type": "Inner", "Startup Cost": 1000.43, "Total Cost": 207207.04, "Plan Rows": 1, "Plan Width": 68, "Inner Unique": true, "Plans": [{"Node Type": "Nested Loop", "Parent Relationship": "Outer", "Parallel Aware": false, "Async Capable": false, "Join Type": "Inner", "Startup Cost": 1000.0, "Total Cost": 207190.28, "Plan Rows": 2, "Plan Width": 47, "Inner Unique": false, "Join Filter": "(it1.id = mi.info_type_id)", "Plans": [{"Node Type": "Seq Scan", "Parent Relationship": "Outer", "Parallel Aware": false, "Async Capable": false, "Relation Name": "info_type", "Alias": "it1", "Startup Cost": 0.0, "Total Cost": 2.41, "Plan Rows": 1, "Plan Width": 4, "Filter": "((info)::text = 'release dates'::text)"}, {"Node Type": "Gather", "Parent Relationship": "Inner", "Parallel Aware": false, "Async Capable": false, "Startup Cost": 1000.0, "Total Cost": 207184.39, "Plan Rows": 278, "Plan Width": 51, "Workers Planned": 5, "Single Copy": false, "Plans": [{"Node Type": "Seq Scan", "Parent Relationship": "Outer", "Parallel Aware": true, "Async Capable": false, "Relation Name": "movie_info", "Alias": "mi", "Startup Cost": 0.0, "Total Cost": 206156.59, "Plan Rows": 56, "Plan Width": 51, "Filter": "(((note)::text ~~ '%internet%'::text) AND ((info)::text ~~ 'USA:%200%'::text))"}]}]}, {"Node Type": "Index Scan", "Parent Relationship": "Inner", "Parallel Aware": false, "Async Capable": false, "Scan Direction": "Forward", "Index Name": "title_pkey", "Relation Name": "title", "Alias": "t", "Startup Cost": 0.43, "Total Cost": 8.38, "Plan Rows": 1, "Plan Width": 21, "Index Cond": "(id = mi.movie_id)", "Filter": "(production_year >= 1986)"}]}, {"Node Type": "Gather", "Parent Relationship": "Inner", "Parallel Aware": false, "Async Capable": false, "Startup Cost": 1000.43, "Total Cost": 73332.1, "Plan Rows": 15444, "Plan Width": 8, "Workers Planned": 3, "Single Copy": false, "Plans": [{"Node Type": "Nested Loop", "Parent Relationship": "Outer", "Parallel Aware": false, "Async Capable": false, "Join Type": "Inner", "Startup Cost": 0.43, "Total Cost": 70787.7, "Plan Rows": 4982, "Plan Width": 8, "Inner Unique": true, "Plans": [{"Node Type": "Seq Scan", "Parent Relationship": "Outer", "Parallel Aware": true, "Async Capable": false, "Relation Name": "movie_companies", "Alias": "mc", "Startup Cost": 0.0, "Total Cost": 27240.55, "Plan Rows": 841655, "Plan Width": 12}, {"Node Type": "Memoize", "Parent Relationship": "Inner", "Parallel Aware": false, "Async Capable": false, "Startup Cost": 0.43, "Total Cost": 0.46, "Plan Rows": 1, "Plan Width": 4, "Cache Key": "mc.company_id", "Cache Mode": "logical", "Plans": [{"Node Type": "Index Scan", "Parent Relationship": "Outer", "Parallel Aware": false, "Async Capable": false, "Scan Direction": "Forward", "Index Name": "company_name_pkey", "Relation Name": "company_name", "Alias": "cn", "Startup Cost": 0.42, "Total Cost": 0.45, "Plan Rows": 1, "Plan Width": 4, "Index Cond": "(id = mc.company_id)", "Filter": "((country_code)::text = '[ru]'::text)"}]}]}]}]}, {"Node Type": "Seq Scan", "Parent Relationship": "Inner", "Parallel Aware": false, "Async Capable": false, "Relation Name": "aka_title", "Alias": "at", "Startup Cost": 0.0, "Total Cost": 9846.72, "Plan Rows": 361472, "Plan Width": 4}]}, {"Node Type": "Index Only Scan", "Parent Relationship": "Inner", "Parallel Aware": false, "Async Capable": false, "Scan Direction": "Forward", "Index Name": "company_type_pkey", "Relation Name": "company_type", "Alias": "ct", "Startup Cost": 0.13, "Total Cost": 0.15, "Plan Rows": 1, "Plan Width": 4, "Index Cond": "(id = mc.company_type_id)"}]}, {"Node Type": "Seq Scan", "Parent Relationship": "Inner", "Parallel Aware": false, "Async Capable": false, "Relation Name": "movie_keyword", "Alias": "mk", "Startup Cost": 0.0, "Total Cost": 69719.3, "Plan Rows": 4523930, "Plan Width": 8}]}, {"Node Type": "Index Only Scan", "Parent Relationship": "Inner", "Parallel Aware": false, "Async Capable": false, "Scan Direction": "Forward", "Index Name": "keyword_pkey", "Relation Name": "keyword", "Alias": "k", "Startup Cost": 0.42, "Total Cost": 0.44, "Plan Rows": 1, "Plan Width": 4, "Index Cond": "(id = mk.keyword_id)"}]}]}}, {"Plan": {"Node Type": "Aggregate", "Strategy": "Plain", "Partial Mode": "Simple", "Parallel Aware": false, "Async Capable": false, "Startup Cost": 874575.45, "Total Cost": 874575.46, "Plan Rows": 1, "Plan Width": 64, "Plans": [{"Node Type": "Merge Join", "Parent Relationship": "Outer", "Parallel Aware": false, "Async Capable": false, "Join Type": "Inner", "Startup Cost": 750746.1, "Total Cost": 874575.35, "Plan Rows": 20, "Plan Width": 60, "Inner Unique": false, "Merge Cond": "(t.id = mi.movie_id)", "Plans": [{"Node Type": "Gather Merge", "Parent Relationship": "Outer", "Parallel Aware": false, "Async Capable": false, "Startup Cost": 165292.88, "Total Cost": 289210.58, "Plan Rows": 7011, "Plan Width": 29, "Workers Planned": 3, "Plans": [{"Node Type": "Merge Join", "Parent Relationship": "Outer", "Parallel Aware": false, "Async Capable": false, "Join Type": "Inner", "Startup Cost": 164292.84, "Total Cost": 287386.74, "Plan Rows": 2262, "Plan Width": 29, "Inner Unique": true, "Merge Cond": "(at.movie_id = t.id)", "Plans": [{"Node Type": "Merge Join", "Parent Relationship": "Outer", "Parallel Aware": false, "Async Capable": false, "Join Type": "Inner", "Startup Cost": 164291.8, "Total Cost": 166154.33, "Plan Rows": 3080, "Plan Width": 8, "Inner Unique": false, "Merge Cond": "(mc.movie_id = at.movie_id)", "Plans": [{"Node Type": "Sort", "Parent Relationship": "Outer", "Parallel Aware": false, "Async Capable": false, "Startup Cost": 121074.3, "Total Cost": 121086.76, "Plan Rows": 4982, "Plan Width": 4, "Sort Key": ["mc.movie_id"], "Plans": [{"Node Type": "Merge Join", "Parent Relationship": "Outer", "Parallel Aware": false, "Async Capable": false, "Join Type": "Inner", "Startup Cost": 120693.6, "Total Cost": 120768.35, "Plan Rows": 4982, "Plan Width": 4, "Inner Unique": true, "Merge Cond": "(mc.company_type_id = ct.id)", "Plans": [{"Node Type": "Sort", "Parent Relationship": "Outer", "Parallel Aware": false, "Async Capable": false, "Startup Cost": 120692.52, "Total Cost": 120704.97, "Plan Rows": 4982, "Plan Width": 8, "Sort Key": ["mc.company_type_id"], "Plans": [{"Node Type": "Merge Join", "Parent Relationship": "Outer", "Parallel Aware": false, "Async Capable": false, "Join Type": "Inner", "Startup Cost": 116125.68, "Total Cost": 120386.56, "Plan Rows": 4982, "Plan Width": 8, "Inner Unique": true, "Merge Cond": "(mc.company_id = cn.id)", "Plans": [{"Node Type": "Sort", "Parent Relationship": "Outer", "Parallel Aware": false, "Async Capable": false, "Startup Cost": 110071.47, "Total Cost": 112175.61, "Plan Rows": 841655, "Plan Width": 12, "Sort Key": ["mc.company_id"], "Plans": [{"Node Type": "Seq Scan", "Parent Relationship": "Outer", "Parallel Aware": true, "Async Capable": false, "Relation Name": "movie_companies", "Alias": "mc", "Startup Cost": 0.0, "Total Cost": 27240.55, "Plan Rows": 841655, "Plan Width": 12}]}, {"Node Type": "Sort", "Parent Relationship": "Inner", "Parallel Aware": false, "Async Capable": false, "Startup Cost": 6050.09, "Total Cost": 6053.56, "Plan Rows": 1391, "Plan Width": 4, "Sort Key": ["cn.id"], "Plans": [{"Node Type": "Seq Scan", "Parent Relationship": "Outer", "Parallel Aware": false, "Async Capable": false, "Relation Name": "company_name", "Alias": "cn", "Startup Cost": 0.0, "Total Cost": 5977.46, "Plan Rows": 1391, "Plan Width": 4, "Filter": "((country_code)::text = '[ru]'::text)"}]}]}]}, {"Node Type": "Sort", "Parent Relationship": "Inner", "Parallel Aware": false, "Async Capable": false, "Startup Cost": 1.08, "Total Cost": 1.09, "Plan Rows": 4, "Plan Width": 4, "Sort Key": ["ct.id"], "Plans": [{"Node Type": "Seq Scan", "Parent Relationship": "Outer", "Parallel Aware": false, "Async Capable": false, "Relation Name": "company_type", "Alias": "ct", "Startup Cost": 0.0, "Total Cost": 1.04, "Plan Rows": 4, "Plan Width": 4}]}]}]}, {"Node Type": "Sort", "Parent Relationship": "Inner", "Parallel Aware": false, "Async Capable": false, "Startup Cost": 43216.96, "Total Cost": 44120.64, "Plan Rows": 361472, "Plan Width": 4, "Sort Key": ["at.movie_id"], "Plans": [{"Node Type": "Seq Scan", "Parent Relationship": "Outer", "Parallel Aware": false, "Async Capable": false, "Relation Name": "aka_title", "Alias": "at", "Startup Cost": 0.0, "Total Cost": 9846.72, "Plan Rows": 361472, "Plan Width": 4}]}]}, {"Node Type": "Index Scan", "Parent Relationship": "Inner", "Parallel Aware": false, "Async Capable": false, "Scan Direction": "Forward", "Index Name": "title_pkey", "Relation Name": "title", "Alias": "t", "Startup Cost": 0.43, "Total Cost": 116689.45, "Plan Rows": 1856383, "Plan Width": 21, "Filter": "(production_year >= 1986)"}]}]}, {"Node Type": "Sort", "Parent Relationship": "Inner", "Parallel Aware": false, "Async Capable": false, "Startup Cost": 585453.23, "Total Cost": 585453.26, "Plan Rows": 14, "Plan Width": 51, "Sort Key": ["mi.movie_id"], "Plans": [{"Node Type": "Merge Join", "Parent Relationship": "Outer", "Parallel Aware": false, "Async Capable": false, "Join Type": "Inner", "Startup Cost": 581029.89, "Total Cost": 585452.96, "Plan Rows": 14, "Plan Width": 51, "Inner Unique": false, "Merge Cond": "(k.id = mk.keyword_id)", "Plans": [{"Node Type": "Index Only Scan", "Parent Relationship": "Outer", "Parallel Aware": false, "Async Capable": false, "Scan Direction": "Forward", "Index Name": "keyword_pkey", "Relation Name": "keyword", "Alias": "k", "Startup Cost": 0.42, "Total Cost": 4089.87, "Plan Rows": 134170, "Plan Width": 4}, {"Node Type": "Sort", "Parent Relationship": "Inner", "Parallel Aware": false, "Async Capable": false, "Startup Cost": 581029.47, "Total Cost": 581029.5, "Plan Rows": 14, "Plan Width": 55, "Sort Key": ["mk.keyword_id"], "Plans": [{"Node Type": "Gather", "Parent Relationship": "Outer", "Parallel Aware": false, "Async Capable": false, "Startup Cost": 581024.7, "Total Cost": 581029.2, "Plan Rows": 14, "Plan Width": 55, "Workers Planned": 3, "Single Copy": false, "Plans": [{"Node Type": "Merge Join", "Parent Relationship": "Outer", "Parallel Aware": false, "Async Capable": false, "Join Type": "Inner", "Startup Cost": 580024.7, "Total Cost": 580027.8, "Plan Rows": 5, "Plan Width": 55, "Inner Unique": true, "Merge Cond": "(mi.info_type_id = it1.id)", "Plans": [{"Node Type": "Sort", "Parent Relationship": "Outer", "Parallel Aware": false, "Async Capable": false, "Startup Cost": 580022.28, "Total Cost": 580023.8, "Plan Rows": 608, "Plan Width": 59, "Sort Key": ["mi.info_type_id"], "Plans": [{"Node Type": "Merge Join", "Parent Relationship": "Outer", "Parallel Aware": false, "Async Capable": false, "Join Type": "Inner", "Startup Cost": 572688.39, "Total Cost": 579994.17, "Plan Rows": 608, "Plan Width": 59, "Inner Unique": false, "Merge Cond": "(mk.movie_id = mi.movie_id)", "Plans": [{"Node Type": "Sort", "Parent Relationship": "Outer", "Parallel Aware": false, "Async Capable": false, "Startup Cost": 188486.13, "Total Cost": 192134.46, "Plan Rows": 1459332, "Plan Width": 8, "Sort Key": ["mk.movie_id"], "Plans": [{"Node Type": "Seq Scan", "Parent Relationship": "Outer", "Parallel Aware": true, "Async Capable": false, "Relation Name": "movie_keyword", "Alias": "mk", "Startup Cost": 0.0, "Total Cost": 39073.32, "Plan Rows": 1459332, "Plan Width": 8}]}, {"Node Type": "Sort", "Parent Relationship": "Inner", "Parallel Aware": false, "Async Capable": false, "Startup Cost": 384202.26, "Total Cost": 384202.95, "Plan Rows": 278, "Plan Width": 51, "Sort Key": ["mi.movie_id"], "Plans": [{"Node Type": "Seq Scan", "Parent Relationship": "Outer", "Parallel Aware": false, "Async Capable": false, "Relation Name": "movie_info", "Alias": "mi", "Startup Cost": 0.0, "Total Cost": 384190.97, "Plan Rows": 278, "Plan Width": 51, "Filter": "(((note)::text ~~ '%internet%'::text) AND ((info)::text ~~ 'USA:%200%'::text))"}]}]}]}, {"Node Type": "Sort", "Parent Relationship": "Inner", "Parallel Aware": false, "Async Capable": false, "Startup Cost": 2.42, "Total Cost": 2.43, "Plan Rows": 1, "Plan Width": 4, "Sort Key": ["it1.id"], "Plans": [{"Node Type": "Seq Scan", "Parent Relationship": "Outer", "Parallel Aware": false, "Async Capable": false, "Relation Name": "info_type", "Alias": "it1", "Startup Cost": 0.0, "Total Cost": 2.41, "Plan Rows": 1, "Plan Width": 4, "Filter": "((info)::text = 'release dates'::text)"}]}]}]}]}]}]}]}]}}, {"Plan": {"Node Type": "Aggregate", "Strategy": "Plain", "Partial Mode": "Simple", "Parallel Aware": false, "Async Capable": false, "Startup Cost": 40000608725.6, "Total Cost": 40000608725.61, "Plan Rows": 1, "Plan Width": 64, "Plans": [{"Node Type": "Nested Loop", "Parent Relationship": "Outer", "Parallel Aware": false, "Async Capable": false, "Join Type": "Inner", "Startup Cost": 40000000001.54, "Total Cost": 40000608725.5, "Plan Rows": 20, "Plan Width": 60, "Inner Unique": true, "Join Filter": "(t.id = at.movie_id)", "Plans": [{"Node Type": "Nested Loop", "Parent Relationship": "Outer", "Parallel Aware": false, "Async Capable": false, "Join Type": "Inner", "Startup Cost": 40000000001.11, "Total Cost": 40000608711.93, "Plan Rows": 27, "Plan Width": 59, "Inner Unique": true, "Plans": [{"Node Type": "Nested Loop", "Parent Relationship": "Outer", "Parallel Aware": false, "Async Capable": false, "Join Type": "Inner", "Startup Cost": 40000000000.69, "Total Cost": 40000608700.11, "Plan Rows": 27, "Plan Width": 63, "Inner Unique": false, "Join Filter": "(at.movie_id = mk.movie_id)", "Plans": [{"Node Type": "Nested Loop", "Parent Relationship": "Outer", "Parallel Aware": false, "Async Capable": false, "Join Type": "Inner", "Startup Cost": 30000000000.69, "Total Cost": 30000482431.68, "Plan Rows": 1, "Plan Width": 55, "Inner Unique": true, "Plans": [{"Node Type": "Nested Loop", "Parent Relationship": "Outer", "Parallel Aware": false, "Async Capable": false, "Join Type": "Inner", "Startup Cost": 30000000000.56, "Total Cost": 30000482431.53, "Plan Rows": 1, "Plan Width": 59, "Inner Unique": true, "Plans": [{"Node Type": "Nested Loop", "Parent Relationship": "Outer", "Parallel Aware": false, "Async Capable": false, "Join Type": "Inner", "Startup Cost": 30000000000.14, "Total Cost": 30000482428.85, "Plan Rows": 6, "Plan Width": 63, "Inner Unique": false, "Join Filter": "(at.movie_id = mc.movie_id)", "Plans": [{"Node Type": "Nested Loop", "Parent Relationship": "Outer", "Parallel Aware": false, "Async Capable": false, "Join Type": "Inner", "Startup Cost": 20000000000.14, "Total Cost": 20000404899.45, "Plan Rows": 1, "Plan Width": 51, "Inner Unique": false, "Join Filter": "(at.movie_id = mi.movie_id)", "Plans": [{"Node Type": "Seq Scan", "Parent Relationship": "Outer", "Parallel Aware": false, "Async Capable": false, "Relation Name": "aka_title", "Alias": "at", "Startup Cost": 10000000000.0, "Total Cost": 10000009846.72, "Plan Rows": 361472, "Plan Width": 4}, {"Node Type": "Materialize", "Parent Relationship": "Inner", "Parallel Aware": false, "Async Capable": false, "Startup Cost": 10000000000.14, "Total Cost": 10000384208.57, "Plan Rows": 2, "Plan Width": 47, "Plans": [{"Node Type": "Nested Loop", "Parent Relationship": "Outer", "Parallel Aware": false, "Async Capable": false, "Join Type": "Inner", "Startup Cost": 10000000000.14, "Total Cost": 10000384208.56, "Plan Rows": 2, "Plan Width": 47, "Inner Unique": false, "Join Filter": "(it1.id = mi.info_type_id)", "Plans": [{"Node Type": "Index Scan", "Parent Relationship": "Outer", "Parallel Aware": false, "Async Capable": false, "Scan Direction": "Forward", "Index Name": "info_type_pkey", "Relation Name": "info_type", "Alias": "it1", "Startup Cost": 0.14, "Total Cost": 14.12, "Plan Rows": 1, "Plan Width": 4, "Filter": "((info)::text = 'release dates'::text)"}, {"Node Type": "Seq Scan", "Parent Relationship": "Inner", "Parallel Aware": false, "Async Capable": false, "Relation Name": "movie_info", "Alias": "mi", "Startup Cost": 10000000000.0, "Total Cost": 10000384190.97, "Plan Rows": 278, "Plan Width": 51, "Filter": "(((note)::text ~~ '%internet%'::text) AND ((info)::text ~~ 'USA:%200%'::text))"}]}]}]}, {"Node Type": "Seq Scan", "Parent Relationship": "Inner", "Parallel Aware": false, "Async Capable": false, "Relation Name": "movie_companies", "Alias": "mc", "Startup Cost": 10000000000.0, "Total Cost": 10000044915.29, "Plan Rows": 2609129, "Plan Width": 12}]}, {"Node Type": "Index Scan", "Parent Relationship": "Inner", "Parallel Aware": false, "Async Capable": false, "Scan Direction": "Forward", "Index Name": "company_name_pkey", "Relation Name": "company_name", "Alias": "cn", "Startup Cost": 0.42, "Total Cost": 0.45, "Plan Rows": 1, "Plan Width": 4, "Index Cond": "(id = mc.company_id)", "Filter": "((country_code)::text = '[ru]'::text)"}]}, {"Node Type": "Index Only Scan", "Parent Relationship": "Inner", "Parallel Aware": false, "Async Capable": false, "Scan Direction": "Forward", "Index Name": "company_type_pkey", "Relation Name": "company_type", "Alias": "ct", "Startup Cost": 0.13, "Total Cost": 0.15, "Plan Rows": 1, "Plan Width": 4, "Index Cond": "(id = mc.company_type_id)"}]}, {"Node Type": "Seq Scan", "Parent Relationship": "Inner", "Parallel Aware": false, "Async Capable": false, "Relation Name": "movie_keyword", "Alias": "mk", "Startup Cost": 10000000000.0, "Total Cost": 10000069719.3, "Plan Rows": 4523930, "Plan Width": 8}]}, {"Node Type": "Index Only Scan", "Parent Relationship": "Inner", "Parallel Aware": false, "Async Capable": false, "Scan Direction": "Forward", "Index Name": "keyword_pkey", "Relation Name": "keyword", "Alias": "k", "Startup Cost": 0.42, "Total Cost": 0.44, "Plan Rows": 1, "Plan Width": 4, "Index Cond": "(id = mk.keyword_id)"}]}, {"Node Type": "Index Scan", "Parent Relationship": "Inner", "Parallel Aware": false, "Async Capable": false, "Scan Direction": "Forward", "Index Name": "title_pkey", "Relation Name": "title", "Alias": "t", "Startup Cost": 0.43, "Total Cost": 0.49, "Plan Rows": 1, "Plan Width": 21, "Index Cond": "(id = mk.movie_id)", "Filter": "(production_year >= 1986)"}]}]}}, {"Plan": {"Node Type": "Aggregate", "Strategy": "Plain", "Partial Mode": "Finalize", "Parallel Aware": false, "Async Capable": false, "Startup Cost": 425333.22, "Total Cost": 425333.23, "Plan Rows": 1, "Plan Width": 64, "Plans": [{"Node Type": "Gather", "Parent Relationship": "Outer", "Parallel Aware": false, "Async Capable": false, "Startup Cost": 425332.68, "Total Cost": 425333.19, "Plan Rows": 5, "Plan Width": 64, "Workers Planned": 5, "Single Copy": false, "Plans": [{"Node Type": "Aggregate", "Strategy": "Plain", "Partial Mode": "Partial", "Parent Relationship": "Outer", "Parallel Aware": false, "Async Capable": false, "Startup Cost": 424332.68, "Total Cost": 424332.69, "Plan Rows": 1, "Plan Width": 64, "Plans": [{"Node Type": "Nested Loop", "Parent Relationship": "Outer", "Parallel Aware": false, "Async Capable": false, "Join Type": "Inner", "Startup Cost": 1.54, "Total Cost": 424332.66, "Plan Rows": 4, "Plan Width": 60, "Inner Unique": false, "Join Filter": "(t.id = at.movie_id)", "Plans": [{"Node Type": "Nested Loop", "Parent Relationship": "Outer", "Parallel Aware": false, "Async Capable": false, "Join Type": "Inner", "Startup Cost": 1.54, "Total Cost": 409967.54, "Plan Rows": 1, "Plan Width": 76, "Inner Unique": true, "Join Filter": "(t.id = mi.movie_id)", "Plans": [{"Node Type": "Nested Loop", "Parent Relationship": "Outer", "Parallel Aware": false, "Async Capable": false, "Join Type": "Inner", "Startup Cost": 1.11, "Total Cost": 409967.04, "Plan Rows": 1, "Plan Width": 55, "Inner Unique": true, "Plans": [{"Node Type": "Nested Loop", "Parent Relationship": "Outer", "Parallel Aware": false, "Async Capable": false, "Join Type": "Inner", "Startup Cost": 0.69, "Total Cost": 409966.6, "Plan Rows": 1, "Plan Width": 59, "Inner Unique": false, "Join Filter": "(mi.movie_id = mk.movie_id)", "Plans": [{"Node Type": "Nested Loop", "Parent Relationship": "Outer", "Parallel Aware": false, "Async Capable": false, "Join Type": "Inner", "Startup Cost": 0.69, "Total Cost": 283698.18, "Plan Rows": 1, "Plan Width": 51, "Inner Unique": true, "Plans": [{"Node Type": "Nested Loop", "Parent Relationship": "Outer", "Parallel Aware": false, "Async Capable": false, "Join Type": "Inner", "Startup Cost": 0.56, "Total Cost": 283698.02, "Plan Rows": 1, "Plan Width": 55, "Inner Unique": true, "Plans": [{"Node Type": "Nested Loop", "Parent Relationship": "Outer", "Parallel Aware": false, "Async Capable": false, "Join Type": "Inner", "Startup Cost": 0.14, "Total Cost": 283697.58, "Plan Rows": 1, "Plan Width": 59, "Inner Unique": false, "Join Filter": "(mc.movie_id = mi.movie_id)", "Plans": [{"Node Type": "Nested Loop", "Parent Relationship": "Outer", "Parallel Aware": false, "Async Capable": false, "Join Type": "Inner", "Startup Cost": 0.14, "Total Cost": 206168.17, "Plan Rows": 1, "Plan Width": 47, "Inner Unique": true, "Plans": [{"Node Type": "Seq Scan", "Parent Relationship": "Outer", "Parallel Aware": true, "Async Capable": false, "Relation Name": "movie_info", "Alias": "mi", "Startup Cost": 0.0, "Total Cost": 206156.59, "Plan Rows": 56, "Plan Width": 51, "Filter": "(((note)::text ~~ '%internet%'::text) AND ((info)::text ~~ 'USA:%200%'::text))"}, {"Node Type": "Index Scan", "Parent Relationship": "Inner", "Parallel Aware": false, "Async Capable": false, "Scan Direction": "Forward", "Index Name": "info_type_pkey", "Relation Name": "info_type", "Alias": "it1", "Startup Cost": 0.14, "Total Cost": 0.21, "Plan Rows": 1, "Plan Width": 4, "Index Cond": "(id = mi.info_type_id)", "Filter": "((info)::text = 'release dates'::text)"}]}, {"Node Type": "Seq Scan", "Parent Relationship": "Inner", "Parallel Aware": false, "Async Capable": false, "Relation Name": "movie_companies", "Alias": "mc", "Startup Cost": 0.0, "Total Cost": 44915.29, "Plan Rows": 2609129, "Plan Width": 12}]}, {"Node Type": "Index Scan", "Parent Relationship": "Inner", "Parallel Aware": false, "Async Capable": false, "Scan Direction": "Forward", "Index Name": "company_name_pkey", "Relation Name": "company_name", "Alias": "cn", "Startup Cost": 0.42, "Total Cost": 0.45, "Plan Rows": 1, "Plan Width": 4, "Index Cond": "(id = mc.company_id)", "Filter": "((country_code)::text = '[ru]'::text)"}]}, {"Node Type": "Index Only Scan", "Parent Relationship": "Inner", "Parallel Aware": false, "Async Capable": false, "Scan Direction": "Forward", "Index Name": "company_type_pkey", "Relation Name": "company_type", "Alias": "ct", "Startup Cost": 0.13, "Total Cost": 0.15, "Plan Rows": 1, "Plan Width": 4, "Index Cond": "(id = mc.company_type_id)"}]}, {"Node Type": "Seq Scan", "Parent Relationship": "Inner", "Parallel Aware": false, "Async Capable": false, "Relation Name": "movie_keyword", "Alias": "mk", "Startup Cost": 0.0, "Total Cost": 69719.3, "Plan Rows": 4523930, "Plan Width": 8}]}, {"Node Type": "Index Only Scan", "Parent Relationship": "Inner", "Parallel Aware": false, "Async Capable": false, "Scan Direction": "Forward", "Index Name": "keyword_pkey", "Relation Name": "keyword", "Alias": "k", "Startup Cost": 0.42, "Total Cost": 0.44, "Plan Rows": 1, "Plan Width": 4, "Index Cond": "(id = mk.keyword_id)"}]}, {"Node Type": "Index Scan", "Parent Relationship": "Inner", "Parallel Aware": false, "Async Capable": false, "Scan Direction": "Forward", "Index Name": "title_pkey", "Relation Name": "title", "Alias": "t", "Startup Cost": 0.43, "Total Cost": 0.49, "Plan Rows": 1, "Plan Width": 21, "Index Cond": "(id = mk.movie_id)", "Filter": "(production_year >= 1986)"}]}, {"Node Type": "Seq Scan", "Parent Relationship": "Inner", "Parallel Aware": false, "Async Capable": false, "Relation Name": "aka_title", "Alias": "at", "Startup Cost": 0.0, "Total Cost": 9846.72, "Plan Rows": 361472, "Plan Width": 4}]}]}]}]}}, {"Plan": {"Node Type": "Aggregate", "Strategy": "Plain", "Partial Mode": "Simple", "Parallel Aware": false, "Async Capable": false, "Startup Cost": 90001357263.92, "Total Cost": 90001357263.93, "Plan Rows": 1, "Plan Width": 64, "Plans": [{"Node Type": "Nested Loop", "Parent Relationship": "Outer", "Parallel Aware": false, "Async Capable": false, "Join Type": "Inner", "Startup Cost": 90001332723.12, "Total Cost": 90001357263.82, "Plan Rows": 20, "Plan Width": 60, "Inner Unique": true, "Plans": [{"Node Type": "Merge Join", "Parent Relationship": "Outer", "Parallel Aware": false, "Async Capable": false, "Join Type": "Inner", "Startup Cost": 80001332722.98, "Total Cost": 80001357252.53, "Plan Rows": 20, "Plan Width": 64, "Inner Unique": false, "Merge Cond": "(t.id = at.movie_id)", "Plans": [{"Node Type": "Nested Loop", "Parent Relationship": "Outer", "Parallel Aware": false, "Async Capable": false, "Join Type": "Inner", "Startup Cost": 70001289505.48, "Total Cost": 70001312228.2, "Plan Rows": 5, "Plan Width": 80, "Inner Unique": true, "Plans": [{"Node Type": "Merge Join", "Parent Relationship": "Outer", "Parallel Aware": false, "Async Capable": false, "Join Type": "Inner", "Startup Cost": 60001289505.05, "Total Cost": 60001312205.99, "Plan Rows": 5, "Plan Width": 84, "Inner Unique": false, "Merge Cond": "(t.id = mk.movie_id)", "Plans": [{"Node Type": "Nested Loop", "Parent Relationship": "Outer", "Parallel Aware": false, "Async Capable": false, "Join Type": "Inner", "Startup Cost": 50000719684.63, "Total Cost": 50000719765.89, "Plan Rows": 1, "Plan Width": 76, "Inner Unique": true, "Join Filter": "(t.id = mi.movie_id)", "Plans": [{"Node Type": "Merge Join", "Parent Relationship": "Outer", "Parallel Aware": false, "Async Capable": false, "Join Type": "Inner", "Startup Cost": 40000719684.18, "Total Cost": 40000719761.42, "Plan Rows": 1, "Plan Width": 55, "Inner Unique": false, "Merge Cond": "(mc.movie_id = mi.movie_id)", "Plans": [{"Node Type": "Sort", "Parent Relationship": "Outer", "Parallel Aware": false, "Async Capable": false, "Startup Cost": 20000335466.38, "Total Cost": 20000335504.99, "Plan Rows": 15444, "Plan Width": 8, "Sort Key": ["mc.movie_id"], "Plans": [{"Node Type": "Nested Loop", "Parent Relationship": "Outer", "Parallel Aware": false, "Async Capable": false, "Join Type": "Inner", "Startup Cost": 20000000000.44, "Total Cost": 20000334391.88, "Plan Rows": 15444, "Plan Width": 8, "Inner Unique": true, "Plans": [{"Node Type": "Seq Scan", "Parent Relationship": "Outer", "Parallel Aware": false, "Async Capable": false, "Relation Name": "movie_companies", "Alias": "mc", "Startup Cost": 10000000000.0, "Total Cost": 10000044915.29, "Plan Rows": 2609129, "Plan Width": 12}, {"Node Type": "Memoize", "Parent Relationship": "Inner", "Parallel Aware": false, "Async Capable": false, "Startup Cost": 0.44, "Total Cost": 4.45, "Plan Rows": 1, "Plan Width": 4, "Cache Key": "mc.company_id", "Cache Mode": "logical", "Plans": [{"Node Type": "Bitmap Heap Scan", "Parent Relationship": "Outer", "Parallel Aware": false, "Async Capable": false, "Relation Name": "company_name", "Alias": "cn", "Startup Cost": 0.43, "Total Cost": 4.44, "Plan Rows": 1, "Plan Width": 4, "Recheck Cond": "(id = mc.company_id)", "Filter": "((country_code)::text = '[ru]'::text)", "Plans": [{"Node Type": "Bitmap Index Scan", "Parent Relationship": "Outer", "Parallel Aware": false, "Async Capable": false, "Index Name": "company_name_pkey", "Startup Cost": 0.0, "Total Cost": 0.43, "Plan Rows": 1, "Plan Width": 0, "Index Cond": "(id = mc.company_id)"}]}]}]}]}, {"Node Type": "Sort", "Parent Relationship": "Inner", "Parallel Aware": false, "Async Capable": false, "Startup Cost": 20000384217.8, "Total Cost": 20000384217.8, "Plan Rows": 2, "Plan Width": 47, "Sort Key": ["mi.movie_id"], "Plans": [{"Node Type": "Merge Join", "Parent Relationship": "Outer", "Parallel Aware": false, "Async Capable": false, "Join Type": "Inner", "Startup Cost": 20000384202.4, "Total Cost": 20000384217.79, "Plan Rows": 2, "Plan Width": 47, "Inner Unique": false, "Merge Cond": "(it1.id = mi.info_type_id)", "Plans": [{"Node Type": "Index Scan", "Parent Relationship": "Outer", "Parallel Aware": false, "Async Capable": false, "Scan Direction": "Forward", "Index Name": "info_type_pkey", "Relation Name": "info_type", "Alias": "it1", "Startup Cost": 10000000000.14, "Total Cost": 10000000014.12, "Plan Rows": 1, "Plan Width": 4, "Filter": "((info)::text = 'release dates'::text)"}, {"Node Type": "Sort", "Parent Relationship": "Inner", "Parallel Aware": false, "Async Capable": false, "Startup Cost": 10000384202.26, "Total Cost": 10000384202.95, "Plan Rows": 278, "Plan Width": 51, "Sort Key": ["mi.info_type_id"], "Plans": [{"Node Type": "Seq Scan", "Parent Relationship": "Outer", "Parallel Aware": false, "Async Capable": false, "Relation Name": "movie_info", "Alias": "mi", "Startup Cost": 10000000000.0, "Total Cost": 10000384190.97, "Plan Rows": 278, "Plan Width": 51, "Filter": "(((note)::text ~~ '%internet%'::text) AND ((info)::text ~~ 'USA:%200%'::text))"}]}]}]}]}, {"Node Type": "Bitmap Heap Scan", "Parent Relationship": "Inner", "Parallel Aware": false, "Async Capable": false, "Relation Name": "title", "Alias": "t", "Startup Cost": 0.45, "Total Cost": 4.47, "Plan Rows": 1, "Plan Width": 21, "Recheck Cond": "(id = mc.movie_id)", "Filter": "(production_year >= 1986)", "Plans": [{"Node Type": "Bitmap Index Scan", "Parent Relationship": "Outer", "Parallel Aware": false, "Async Capable": false, "Index Name": "title_pkey", "Startup Cost": 0.0, "Total Cost": 0.45, "Plan Rows": 1, "Plan Width": 0, "Index Cond": "(id = mc.movie_id)"}]}]}, {"Node Type": "Sort", "Parent Relationship": "Inner", "Parallel Aware": false, "Async Capable": false, "Startup Cost": 10000569820.43, "Total Cost": 10000581130.25, "Plan Rows": 4523930, "Plan Width": 8, "Sort Key": ["mk.movie_id"], "Plans": [{"Node Type": "Seq Scan", "Parent Relationship": "Outer", "Parallel Aware": false, "Async Capable": false, "Relation Name": "movie_keyword", "Alias": "mk", "Startup Cost": 10000000000.0, "Total Cost": 10000069719.3, "Plan Rows": 4523930, "Plan Width": 8}]}]}, {"Node Type": "Bitmap Heap Scan", "Parent Relationship": "Inner", "Parallel Aware": false, "Async Capable": false, "Relation Name": "keyword", "Alias": "k", "Startup Cost": 0.43, "Total Cost": 4.44, "Plan Rows": 1, "Plan Width": 4, "Recheck Cond": "(id = mk.keyword_id)", "Plans": [{"Node Type": "Bitmap Index Scan", "Parent Relationship": "Outer", "Parallel Aware": false, "Async Capable": false, "Index Name": "keyword_pkey", "Startup Cost": 0.0, "Total Cost": 0.43, "Plan Rows": 1, "Plan Width": 0, "Index Cond": "(id = mk.keyword_id)"}]}]}, {"Node Type": "Sort", "Parent Relationship": "Inner", "Parallel Aware": false, "Async Capable": false, "Startup Cost": 10000043216.96, "Total Cost": 10000044120.64, "Plan Rows": 361472, "Plan Width": 4, "Sort Key": ["at.movie_id"], "Plans": [{"Node Type": "Seq Scan", "Parent Relationship": "Outer", "Parallel Aware": false, "Async Capable": false, "Relation Name": "aka_title", "Alias": "at", "Startup Cost": 10000000000.0, "Total Cost": 10000009846.72, "Plan Rows": 361472, "Plan Width": 4}]}]}, {"Node Type": "Memoize", "Parent Relationship": "Inner", "Parallel Aware": false, "Async Capable": false, "Startup Cost": 0.15, "Total Cost": 4.16, "Plan Rows": 1, "Plan Width": 4, "Cache Key": "mc.company_type_id", "Cache Mode": "logical", "Plans": [{"Node Type": "Bitmap Heap Scan", "Parent Relationship": "Outer", "Parallel Aware": false, "Async Capable": false, "Relation Name": "company_type", "Alias": "ct", "Startup Cost": 0.14, "Total Cost": 4.15, "Plan Rows": 1, "Plan Width": 4, "Recheck Cond": "(id = mc.company_type_id)", "Plans": [{"Node Type": "Bitmap Index Scan", "Parent Relationship": "Outer", "Parallel Aware": false, "Async Capable": false, "Index Name": "company_type_pkey", "Startup Cost": 0.0, "Total Cost": 0.14, "Plan Rows": 1, "Plan Width": 0, "Index Cond": "(id = mc.company_type_id)"}]}]}]}]}}, {"Plan": {"Node Type": "Aggregate", "Strategy": "Plain", "Partial Mode": "Simple", "Parallel Aware": false, "Async Capable": false, "Startup Cost": 40000633433.81, "Total Cost": 40000633433.82, "Plan Rows": 1, "Plan Width": 64, "Plans": [{"Node Type": "Nested Loop", "Parent Relationship": "Outer", "Parallel Aware": false, "Async Capable": false, "Join Type": "Inner", "Startup Cost": 40000427713.67, "Total Cost": 40000633433.71, "Plan Rows": 20, "Plan Width": 60, "Inner Unique": true, "Plans": [{"Node Type": "Nested Loop", "Parent Relationship": "Outer", "Parallel Aware": false, "Async Capable": false, "Join Type": "Inner", "Startup Cost": 40000427713.24, "Total Cost": 40000633344.9, "Plan Rows": 20, "Plan Width": 64, "Inner Unique": false, "Join Filter": "(t.id = mk.movie_id)", "Plans": [{"Node Type": "Nested Loop", "Parent Relationship": "Outer", "Parallel Aware": false, "Async Capable": false, "Join Type": "Inner", "Startup Cost": 30000427713.24, "Total Cost": 30000507076.47, "Plan Rows": 1, "Plan Width": 76, "Inner Unique": true, "Plans": [{"Node Type": "Nested Loop", "Parent Relationship": "Outer", "Parallel Aware": false, "Async Capable": false, "Join Type": "Inner", "Startup Cost": 30000427713.11, "Total Cost": 30000507070.72, "Plan Rows": 1, "Plan Width": 80, "Inner Unique": true, "Plans": [{"Node Type": "Nested Loop", "Parent Relationship": "Outer", "Parallel Aware": false, "Async Capable": false, "Join Type": "Inner", "Startup Cost": 30000427712.68, "Total Cost": 30000507052.94, "Plan Rows": 4, "Plan Width": 84, "Inner Unique": false, "Join Filter": "(t.id = mc.movie_id)", "Plans": [{"Node Type": "Nested Loop", "Parent Relationship": "Outer", "Parallel Aware": false, "Async Capable": false, "Join Type": "Inner", "Startup Cost": 20000427712.68, "Total Cost": 20000429523.53, "Plan Rows": 1, "Plan Width": 72, "Inner Unique": true, "Plans": [{"Node Type": "Merge Join", "Parent Relationship": "Outer", "Parallel Aware": false, "Async Capable": false, "Join Type": "Inner", "Startup Cost": 20000427712.14, "Total Cost": 20000429518.98, "Plan Rows": 1, "Plan Width": 51, "Inner Unique": false, "Merge Cond": "(mi.movie_id = at.movie_id)", "Plans": [{"Node Type": "Sort", "Parent Relationship": "Outer", "Parallel Aware": false, "Async Capable": false, "Startup Cost": 10000384494.64, "Total Cost": 10000384494.65, "Plan Rows": 2, "Plan Width": 47, "Sort Key": ["mi.movie_id"], "Plans": [{"Node Type": "Nested Loop", "Parent Relationship": "Outer", "Parallel Aware": false, "Async Capable": false, "Join Type": "Inner", "Startup Cost": 10000000000.19, "Total Cost": 10000384494.63, "Plan Rows": 2, "Plan Width": 47, "Inner Unique": true, "Plans": [{"Node Type": "Seq Scan", "Parent Relationship": "Outer", "Parallel Aware": false, "Async Capable": false, "Relation Name": "movie_info", "Alias": "mi", "Startup Cost": 10000000000.0, "Total Cost": 10000384190.97, "Plan Rows": 278, "Plan Width": 51, "Filter": "(((note)::text ~~ '%internet%'::text) AND ((info)::text ~~ 'USA:%200%'::text))"}, {"Node Type": "Memoize", "Parent Relationship": "Inner", "Parallel Aware": false, "Async Capable": false, "Startup Cost": 0.19, "Total Cost": 4.2, "Plan Rows": 1, "Plan Width": 4, "Cache Key": "mi.info_type_id", "Cache Mode": "logical", "Plans": [{"Node Type": "Bitmap Heap Scan", "Parent Relationship": "Outer", "Parallel Aware": false, "Async Capable": false, "Relation Name": "info_type", "Alias": "it1", "Startup Cost": 0.18, "Total Cost": 4.19, "Plan Rows": 1, "Plan Width": 4, "Recheck Cond": "(id = mi.info_type_id)", "Filter": "((info)::text = 'release dates'::text)", "Plans": [{"Node Type": "Bitmap Index Scan", "Parent Relationship": "Outer", "Parallel Aware": false, "Async Capable": false, "Index Name": "info_type_pkey", "Startup Cost": 0.0, "Total Cost": 0.18, "Plan Rows": 1, "Plan Width": 0, "Index Cond": "(id = mi.info_type_id)"}]}]}]}]}, {"Node Type": "Sort", "Parent Relationship": "Inner", "Parallel Aware": false, "Async Capable": false, "Startup Cost": 10000043216.96, "Total Cost": 10000044120.64, "Plan Rows": 361472, "Plan Width": 4, "Sort Key": ["at.movie_id"], "Plans": [{"Node Type": "Seq Scan", "Parent Relationship": "Outer", "Parallel Aware": false, "Async Capable": false, "Relation Name": "aka_title", "Alias": "at", "Startup Cost": 10000000000.0, "Total Cost": 10000009846.72, "Plan Rows": 361472, "Plan Width": 4}]}]}, {"Node Type": "Bitmap Heap Scan", "Parent Relationship": "Inner", "Parallel Aware": false, "Async Capable": false, "Relation Name": "title", "Alias": "t", "Startup Cost": 0.54, "Total Cost": 4.55, "Plan Rows": 1, "Plan Width": 21, "Recheck Cond": "(id = at.movie_id)", "Filter": "(production_year >= 1986)", "Plans": [{"Node Type": "Bitmap Index Scan", "Parent Relationship": "Outer", "Parallel Aware": false, "Async Capable": false, "Index Name": "title_pkey", "Startup Cost": 0.0, "Total Cost": 0.54, "Plan Rows": 1, "Plan Width": 0, "Index Cond": "(id = at.movie_id)"}]}]}, {"Node Type": "Seq Scan", "Parent Relationship": "Inner", "Parallel Aware": false, "Async Capable": false, "Relation Name": "movie_companies", "Alias": "mc", "Startup Cost": 10000000000.0, "Total Cost": 10000044915.29, "Plan Rows": 2609129, "Plan Width": 12}]}, {"Node Type": "Bitmap Heap Scan", "Parent Relationship": "Inner", "Parallel Aware": false, "Async Capable": false, "Relation Name": "company_name", "Alias": "cn", "Startup Cost": 0.43, "Total Cost": 4.44, "Plan Rows": 1, "Plan Width": 4, "Recheck Cond": "(id = mc.company_id)", "Filter": "((country_code)::text = '[ru]'::text)", "Plans": [{"Node Type": "Bitmap Index Scan", "Parent Relationship": "Outer", "Parallel Aware": false, "Async Capable": false, "Index Name": "company_name_pkey", "Startup Cost": 0.0, "Total Cost": 0.43, "Plan Rows": 1, "Plan Width": 0, "Index Cond": "(id = mc.company_id)"}]}]}, {"Node Type": "Bitmap Heap Scan", "Parent Relationship": "Inner", "Parallel Aware": false, "Async Capable": false, "Relation Name": "company_type", "Alias": "ct", "Startup Cost": 0.14, "Total Cost": 4.15, "Plan Rows": 1, "Plan Width": 4, "Recheck Cond": "(id = mc.company_type_id)", "Plans": [{"Node Type": "Bitmap Index Scan", "Parent Relationship": "Outer", "Parallel Aware": false, "Async Capable": false, "Index Name": "company_type_pkey", "Startup Cost": 0.0, "Total Cost": 0.14, "Plan Rows": 1, "Plan Width": 0, "Index Cond": "(id = mc.company_type_id)"}]}]}, {"Node Type": "Seq Scan", "Parent Relationship": "Inner", "Parallel Aware": false, "Async Capable": false, "Relation Name": "movie_keyword", "Alias": "mk", "Startup Cost": 10000000000.0, "Total Cost": 10000069719.3, "Plan Rows": 4523930, "Plan Width": 8}]}, {"Node Type": "Bitmap Heap Scan", "Parent Relationship": "Inner", "Parallel Aware": false, "Async Capable": false, "Relation Name": "keyword", "Alias": "k", "Startup Cost": 0.43, "Total Cost": 4.44, "Plan Rows": 1, "Plan Width": 4, "Recheck Cond": "(id = mk.keyword_id)", "Plans": [{"Node Type": "Bitmap Index Scan", "Parent Relationship": "Outer", "Parallel Aware": false, "Async Capable": false, "Index Name": "keyword_pkey", "Startup Cost": 0.0, "Total Cost": 0.43, "Plan Rows": 1, "Plan Width": 0, "Index Cond": "(id = mk.keyword_id)"}]}]}]}}, {"Plan": {"Node Type": "Aggregate", "Strategy": "Plain", "Partial Mode": "Finalize", "Parallel Aware": false, "Async Capable": false, "Startup Cost": 425338.9, "Total Cost": 425338.91, "Plan Rows": 1, "Plan Width": 64, "Plans": [{"Node Type": "Gather", "Parent Relationship": "Outer", "Parallel Aware": false, "Async Capable": false, "Startup Cost": 425338.36, "Total Cost": 425338.87, "Plan Rows": 5, "Plan Width": 64, "Workers Planned": 5, "Single Copy": false, "Plans": [{"Node Type": "Aggregate", "Strategy": "Plain", "Partial Mode": "Partial", "Parent Relationship": "Outer", "Parallel Aware": false, "Async Capable": false, "Startup Cost": 424338.36, "Total Cost": 424338.37, "Plan Rows": 1, "Plan Width": 64, "Plans": [{"Node Type": "Nested Loop", "Parent Relationship": "Outer", "Parallel Aware": false, "Async Capable": false, "Join Type": "Inner", "Startup Cost": 206161.95, "Total Cost": 424338.34, "Plan Rows": 4, "Plan Width": 60, "Inner Unique": false, "Join Filter": "(t.id = at.movie_id)", "Plans": [{"Node Type": "Nested Loop", "Parent Relationship": "Outer", "Parallel Aware": false, "Async Capable": false, "Join Type": "Inner", "Startup Cost": 206161.95, "Total Cost": 409973.22, "Plan Rows": 1, "Plan Width": 76, "Inner Unique": true, "Join Filter": "(t.id = mi.movie_id)", "Plans": [{"Node Type": "Nested Loop", "Parent Relationship": "Outer", "Parallel Aware": false, "Async Capable": false, "Join Type": "Inner", "Startup Cost": 206161.5, "Total Cost": 409968.75, "Plan Rows": 1, "Plan Width": 55, "Inner Unique": true, "Plans": [{"Node Type": "Nested Loop", "Parent Relationship": "Outer", "Parallel Aware": false, "Async Capable": false, "Join Type": "Inner", "Startup Cost": 206161.07, "Total Cost": 409964.31, "Plan Rows": 1, "Plan Width": 59, "Inner Unique": false, "Join Filter": "(mi.movie_id = mk.movie_id)", "Plans": [{"Node Type": "Nested Loop", "Parent Relationship": "Outer", "Parallel Aware": false, "Async Capable": false, "Join Type": "Inner", "Startup Cost": 206161.07, "Total Cost": 283695.88, "Plan Rows": 1, "Plan Width": 51, "Inner Unique": true, "Join Filter": "(ct.id = mc.company_type_id)", "Plans": [{"Node Type": "Nested Loop", "Parent Relationship": "Outer", "Parallel Aware": false, "Async Capable": false, "Join Type": "Inner", "Startup Cost": 206161.07, "Total Cost": 283694.79, "Plan Rows": 1, "Plan Width": 55, "Inner Unique": true, "Plans": [{"Node Type": "Nested Loop", "Parent Relationship": "Outer", "Parallel Aware": false, "Async Capable": false, "Join Type": "Inner", "Startup Cost": 206160.64, "Total Cost": 283690.34, "Plan Rows": 1, "Plan Width": 59, "Inner Unique": false, "Join Filter": "(mc.movie_id = mi.movie_id)", "Plans": [{"Node Type": "Merge Join", "Parent Relationship": "Outer", "Parallel Aware": false, "Async Capable": false, "Join Type": "Inner", "Startup Cost": 206160.64, "Total Cost": 206160.94, "Plan Rows": 1, "Plan Width": 47, "Inner Unique": true, "Merge Cond": "(mi.info_type_id = it1.id)", "Plans": [{"Node Type": "Sort", "Parent Relationship": "Outer", "Parallel Aware": false, "Async Capable": false, "Startup Cost": 206158.22, "Total Cost": 206158.36, "Plan Rows": 56, "Plan Width": 51, "Sort Key": ["mi.info_type_id"], "Plans": [{"Node Type": "Seq Scan", "Parent Relationship": "Outer", "Parallel Aware": true, "Async Capable": false, "Relation Name": "movie_info", "Alias": "mi", "Startup Cost": 0.0, "Total Cost": 206156.59, "Plan Rows": 56, "Plan Width": 51, "Filter": "(((note)::text ~~ '%internet%'::text) AND ((info)::text ~~ 'USA:%200%'::text))"}]}, {"Node Type": "Sort", "Parent Relationship": "Inner", "Parallel Aware": false, "Async Capable": false, "Startup Cost": 2.42, "Total Cost": 2.43, "Plan Rows": 1, "Plan Width": 4, "Sort Key": ["it1.id"], "Plans": [{"Node Type": "Seq Scan", "Parent Relationship": "Outer", "Parallel Aware": false, "Async Capable": false, "Relation Name": "info_type", "Alias": "it1", "Startup Cost": 0.0, "Total Cost": 2.41, "Plan Rows": 1, "Plan Width": 4, "Filter": "((info)::text = 'release dates'::text)"}]}]}, {"Node Type": "Seq Scan", "Parent Relationship": "Inner", "Parallel Aware": false, "Async Capable": false, "Relation Name": "movie_companies", "Alias": "mc", "Startup Cost": 0.0, "Total Cost": 44915.29, "Plan Rows": 2609129, "Plan Width": 12}]}, {"Node Type": "Bitmap Heap Scan", "Parent Relationship": "Inner", "Parallel Aware": false, "Async Capable": false, "Relation Name": "company_name", "Alias": "cn", "Startup Cost": 0.43, "Total Cost": 4.44, "Plan Rows": 1, "Plan Width": 4, "Recheck Cond": "(id = mc.company_id)", "Filter": "((country_code)::text = '[ru]'::text)", "Plans": [{"Node Type": "Bitmap Index Scan", "Parent Relationship": "Outer", "Parallel Aware": false, "Async Capable": false, "Index Name": "company_name_pkey", "Startup Cost": 0.0, "Total Cost": 0.43, "Plan Rows": 1, "Plan Width": 0, "Index Cond": "(id = mc.company_id)"}]}]}, {"Node Type": "Seq Scan", "Parent Relationship": "Inner", "Parallel Aware": false, "Async Capable": false, "Relation Name": "company_type", "Alias": "ct", "Startup Cost": 0.0, "Total Cost": 1.04, "Plan Rows": 4, "Plan Width": 4}]}, {"Node Type": "Seq Scan", "Parent Relationship": "Inner", "Parallel Aware": false, "Async Capable": false, "Relation Name": "movie_keyword", "Alias": "mk", "Startup Cost": 0.0, "Total Cost": 69719.3, "Plan Rows": 4523930, "Plan Width": 8}]}, {"Node Type": "Bitmap Heap Scan", "Parent Relationship": "Inner", "Parallel Aware": false, "Async Capable": false, "Relation Name": "keyword", "Alias": "k", "Startup Cost": 0.43, "Total Cost": 4.44, "Plan Rows": 1, "Plan Width": 4, "Recheck Cond": "(id = mk.keyword_id)", "Plans": [{"Node Type": "Bitmap Index Scan", "Parent Relationship": "Outer", "Parallel Aware": false, "Async Capable": false, "Index Name": "keyword_pkey", "Startup Cost": 0.0, "Total Cost": 0.43, "Plan Rows": 1, "Plan Width": 0, "Index Cond": "(id = mk.keyword_id)"}]}]}, {"Node Type": "Bitmap Heap Scan", "Parent Relationship": "Inner", "Parallel Aware": false, "Async Capable": false, "Relation Name": "title", "Alias": "t", "Startup Cost": 0.45, "Total Cost": 4.46, "Plan Rows": 1, "Plan Width": 21, "Recheck Cond": "(id = mk.movie_id)", "Filter": "(production_year >= 1986)", "Plans": [{"Node Type": "Bitmap Index Scan", "Parent Relationship": "Outer", "Parallel Aware": false, "Async Capable": false, "Index Name": "title_pkey", "Startup Cost": 0.0, "Total Cost": 0.45, "Plan Rows": 1, "Plan Width": 0, "Index Cond": "(id = mk.movie_id)"}]}]}, {"Node Type": "Seq Scan", "Parent Relationship": "Inner", "Parallel Aware": false, "Async Capable": false, "Relation Name": "aka_title", "Alias": "at", "Startup Cost": 0.0, "Total Cost": 9846.72, "Plan Rows": 361472, "Plan Width": 4}]}]}]}]}}, {"Plan": {"Node Type": "Aggregate", "Strategy": "Plain", "Partial Mode": "Simple", "Parallel Aware": false, "Async Capable": false, "Startup Cost": 888777.6, "Total Cost": 888777.61, "Plan Rows": 1, "Plan Width": 64, "Plans": [{"Node Type": "Merge Join", "Parent Relationship": "Outer", "Parallel Aware": false, "Async Capable": false, "Join Type": "Inner", "Startup Cost": 851671.54, "Total Cost": 888777.5, "Plan Rows": 20, "Plan Width": 60, "Inner Unique": false, "Merge Cond": "(t.id = mi.movie_id)", "Plans": [{"Node Type": "Merge Join", "Parent Relationship": "Outer", "Parallel Aware": false, "Async Capable": false, "Join Type": "Inner", "Startup Cost": 256194.64, "Total Cost": 293314.77, "Plan Rows": 7011, "Plan Width": 29, "Inner Unique": false, "Merge Cond": "(t.id = mc.movie_id)", "Plans": [{"Node Type": "Gather Merge", "Parent Relationship": "Outer", "Parallel Aware": false, "Async Capable": false, "Startup Cost": 131807.39, "Total Cost": 168208.29, "Plan Rows": 265407, "Plan Width": 25, "Workers Planned": 4, "Plans": [{"Node Type": "Merge Join", "Parent Relationship": "Outer", "Parallel Aware": false, "Async Capable": false, "Join Type": "Inner", "Startup Cost": 130807.33, "Total Cost": 135595.7, "Plan Rows": 66352, "Plan Width": 25, "Inner Unique": false, "Merge Cond": "(t.id = at.movie_id)", "Plans": [{"Node Type": "Sort", "Parent Relationship": "Outer", "Parallel Aware": false, "Async Capable": false, "Startup Cost": 87589.84, "Total Cost": 88750.08, "Plan Rows": 464096, "Plan Width": 21, "Sort Key": ["t.id"], "Plans": [{"Node Type": "Seq Scan", "Parent Relationship": "Outer", "Parallel Aware": true, "Async Capable": false, "Relation Name": "title", "Alias": "t", "Startup Cost": 0.0, "Total Cost": 43908.97, "Plan Rows": 464096, "Plan Width": 21, "Filter": "(production_year >= 1986)"}]}, {"Node Type": "Sort", "Parent Relationship": "Inner", "Parallel Aware": false, "Async Capable": false, "Startup Cost": 43216.96, "Total Cost": 44120.64, "Plan Rows": 361472, "Plan Width": 4, "Sort Key": ["at.movie_id"], "Plans": [{"Node Type": "Seq Scan", "Parent Relationship": "Outer", "Parallel Aware": false, "Async Capable": false, "Relation Name": "aka_title", "Alias": "at", "Startup Cost": 0.0, "Total Cost": 9846.72, "Plan Rows": 361472, "Plan Width": 4}]}]}]}, {"Node Type": "Sort", "Parent Relationship": "Inner", "Parallel Aware": false, "Async Capable": false, "Startup Cost": 124387.24, "Total Cost": 124425.85, "Plan Rows": 15444, "Plan Width": 4, "Sort Key": ["mc.movie_id"], "Plans": [{"Node Type": "Gather", "Parent Relationship": "Outer", "Parallel Aware": false, "Async Capable": false, "Startup Cost": 121693.6, "Total Cost": 123312.75, "Plan Rows": 15444, "Plan Width": 4, "Workers Planned": 3, "Single Copy": false, "Plans": [{"Node Type": "Merge Join", "Parent Relationship": "Outer", "Parallel Aware": false, "Async Capable": false, "Join Type": "Inner", "Startup Cost": 120693.6, "Total Cost": 120768.35, "Plan Rows": 4982, "Plan Width": 4, "Inner Unique": true, "Merge Cond": "(mc.company_type_id = ct.id)", "Plans": [{"Node Type": "Sort", "Parent Relationship": "Outer", "Parallel Aware": false, "Async Capable": false, "Startup Cost": 120692.52, "Total Cost": 120704.97, "Plan Rows": 4982, "Plan Width": 8, "Sort Key": ["mc.company_type_id"], "Plans": [{"Node Type": "Merge Join", "Parent Relationship": "Outer", "Parallel Aware": false, "Async Capable": false, "Join Type": "Inner", "Startup Cost": 116125.68, "Total Cost": 120386.56, "Plan Rows": 4982, "Plan Width": 8, "Inner Unique": true, "Merge Cond": "(mc.company_id = cn.id)", "Plans": [{"Node Type": "Sort", "Parent Relationship": "Outer", "Parallel Aware": false, "Async Capable": false, "Startup Cost": 110071.47, "Total Cost": 112175.61, "Plan Rows": 841655, "Plan Width": 12, "Sort Key": ["mc.company_id"], "Plans": [{"Node Type": "Seq Scan", "Parent Relationship": "Outer", "Parallel Aware": true, "Async Capable": false, "Relation Name": "movie_companies", "Alias": "mc", "Startup Cost": 0.0, "Total Cost": 27240.55, "Plan Rows": 841655, "Plan Width": 12}]}, {"Node Type": "Sort", "Parent Relationship": "Inner", "Parallel Aware": false, "Async Capable": false, "Startup Cost": 6050.09, "Total Cost": 6053.56, "Plan Rows": 1391, "Plan Width": 4, "Sort Key": ["cn.id"], "Plans": [{"Node Type": "Seq Scan", "Parent Relationship": "Outer", "Parallel Aware": false, "Async Capable": false, "Relation Name": "company_name", "Alias": "cn", "Startup Cost": 0.0, "Total Cost": 5977.46, "Plan Rows": 1391, "Plan Width": 4, "Filter": "((country_code)::text = '[ru]'::text)"}]}]}]}, {"Node Type": "Sort", "Parent Relationship": "Inner", "Parallel Aware": false, "Async Capable": false, "Startup Cost": 1.08, "Total Cost": 1.09, "Plan Rows": 4, "Plan Width": 4, "Sort Key": ["ct.id"], "Plans": [{"Node Type": "Seq Scan", "Parent Relationship": "Outer", "Parallel Aware": false, "Async Capable": false, "Relation Name": "company_type", "Alias": "ct", "Startup Cost": 0.0, "Total Cost": 1.04, "Plan Rows": 4, "Plan Width": 4}]}]}]}]}]}, {"Node Type": "Sort", "Parent Relationship": "Inner", "Parallel Aware": false, "Async Capable": false, "Startup Cost": 595476.9, "Total Cost": 595476.94, "Plan Rows": 14, "Plan Width": 51, "Sort Key": ["mi.movie_id"], "Plans": [{"Node Type": "Gather", "Parent Relationship": "Outer", "Parallel Aware": false, "Async Capable": false, "Startup Cost": 594804.62, "Total Cost": 595476.64, "Plan Rows": 14, "Plan Width": 51, "Workers Planned": 3, "Single Copy": false, "Plans": [{"Node Type": "Merge Join", "Parent Relationship": "Outer", "Parallel Aware": false, "Async Capable": false, "Join Type": "Inner", "Startup Cost": 593804.62, "Total Cost": 594475.24, "Plan Rows": 5, "Plan Width": 51, "Inner Unique": true, "Merge Cond": "(mk.keyword_id = k.id)", "Plans": [{"Node Type": "Sort", "Parent Relationship": "Outer", "Parallel Aware": false, "Async Capable": false, "Startup Cost": 580027.86, "Total Cost": 580027.87, "Plan Rows": 5, "Plan Width": 55, "Sort Key": ["mk.keyword_id"], "Plans": [{"Node Type": "Merge Join", "Parent Relationship": "Outer", "Parallel Aware": false, "Async Capable": false, "Join Type": "Inner", "Startup Cost": 580024.7, "Total Cost": 580027.8, "Plan Rows": 5, "Plan Width": 55, "Inner Unique": true, "Merge Cond": "(mi.info_type_id = it1.id)", "Plans": [{"Node Type": "Sort", "Parent Relationship": "Outer", "Parallel Aware": false, "Async Capable": false, "Startup Cost": 580022.28, "Total Cost": 580023.8, "Plan Rows": 608, "Plan Width": 59, "Sort Key": ["mi.info_type_id"], "Plans": [{"Node Type": "Merge Join", "Parent Relationship": "Outer", "Parallel Aware": false, "Async Capable": false, "Join Type": "Inner", "Startup Cost": 572688.39, "Total Cost": 579994.17, "Plan Rows": 608, "Plan Width": 59, "Inner Unique": false, "Merge Cond": "(mk.movie_id = mi.movie_id)", "Plans": [{"Node Type": "Sort", "Parent Relationship": "Outer", "Parallel Aware": false, "Async Capable": false, "Startup Cost": 188486.13, "Total Cost": 192134.46, "Plan Rows": 1459332, "Plan Width": 8, "Sort Key": ["mk.movie_id"], "Plans": [{"Node Type": "Seq Scan", "Parent Relationship": "Outer", "Parallel Aware": true, "Async Capable": false, "Relation Name": "movie_keyword", "Alias": "mk", "Startup Cost": 0.0, "Total Cost": 39073.32, "Plan Rows": 1459332, "Plan Width": 8}]}, {"Node Type": "Sort", "Parent Relationship": "Inner", "Parallel Aware": false, "Async Capable": false, "Startup Cost": 384202.26, "Total Cost": 384202.95, "Plan Rows": 278, "Plan Width": 51, "Sort Key": ["mi.movie_id"], "Plans": [{"Node Type": "Seq Scan", "Parent Relationship": "Outer", "Parallel Aware": false, "Async Capable": false, "Relation Name": "movie_info", "Alias": "mi", "Startup Cost": 0.0, "Total Cost": 384190.97, "Plan Rows": 278, "Plan Width": 51, "Filter": "(((note)::text ~~ '%internet%'::text) AND ((info)::text ~~ 'USA:%200%'::text))"}]}]}]}, {"Node Type": "Sort", "Parent Relationship": "Inner", "Parallel Aware": false, "Async Capable": false, "Startup Cost": 2.42, "Total Cost": 2.43, "Plan Rows": 1, "Plan Width": 4, "Sort Key": ["it1.id"], "Plans": [{"Node Type": "Seq Scan", "Parent Relationship": "Outer", "Parallel Aware": false, "Async Capable": false, "Relation Name": "info_type", "Alias": "it1", "Startup Cost": 0.0, "Total Cost": 2.41, "Plan Rows": 1, "Plan Width": 4, "Filter": "((info)::text = 'release dates'::text)"}]}]}]}, {"Node Type": "Sort", "Parent Relationship": "Inner", "Parallel Aware": false, "Async Capable": false, "Startup Cost": 13776.76, "Total Cost": 14112.18, "Plan Rows": 134170, "Plan Width": 4, "Sort Key": ["k.id"], "Plans": [{"Node Type": "Seq Scan", "Parent Relationship": "Outer", "Parallel Aware": false, "Async Capable": false, "Relation Name": "keyword", "Alias": "k", "Startup Cost": 0.0, "Total Cost": 2349.7, "Plan Rows": 134170, "Plan Width": 4}]}]}]}]}]}]}}, {"Plan": {"Node Type": "Aggregate", "Strategy": "Plain", "Partial Mode": "Simple", "Parallel Aware": false, "Async Capable": false, "Startup Cost": 40000602786.82, "Total Cost": 40000602786.83, "Plan Rows": 1, "Plan Width": 64, "Plans": [{"Node Type": "Nested Loop", "Parent Relationship": "Outer", "Parallel Aware": false, "Async Capable": false, "Join Type": "Inner", "Startup Cost": 40000000005.56, "Total Cost": 40000602786.72, "Plan Rows": 20, "Plan Width": 60, "Inner Unique": true, "Plans": [{"Node Type": "Nested Loop", "Parent Relationship": "Outer", "Parallel Aware": false, "Async Capable": false, "Join Type": "Inner", "Startup Cost": 40000000005.14, "Total Cost": 40000602697.91, "Plan Rows": 20, "Plan Width": 64, "Inner Unique": false, "Join Filter": "(t.id = mk.movie_id)", "Plans": [{"Node Type": "Nested Loop", "Parent Relationship": "Outer", "Parallel Aware": false, "Async Capable": false, "Join Type": "Inner", "Startup Cost": 30000000005.14, "Total Cost": 30000476429.49, "Plan Rows": 1, "Plan Width": 76, "Inner Unique": true, "Plans": [{"Node Type": "Nested Loop", "Parent Relationship": "Outer", "Parallel Aware": false, "Async Capable": false, "Join Type": "Inner", "Startup Cost": 30000000005.0, "Total Cost": 30000476423.73, "Plan Rows": 1, "Plan Width": 80, "Inner Unique": true, "Plans": [{"Node Type": "Nested Loop", "Parent Relationship": "Outer", "Parallel Aware": false, "Async Capable": false, "Join Type": "Inner", "Startup Cost": 30000000004.57, "Total Cost": 30000476405.95, "Plan Rows": 4, "Plan Width": 84, "Inner Unique": false, "Join Filter": "(t.id = mc.movie_id)", "Plans": [{"Node Type": "Nested Loop", "Parent Relationship": "Outer", "Parallel Aware": false, "Async Capable": false, "Join Type": "Inner", "Startup Cost": 20000000004.57, "Total Cost": 20000398876.55, "Plan Rows": 1, "Plan Width": 72, "Inner Unique": false, "Join Filter": "(t.id = at.movie_id)", "Plans": [{"Node Type": "Nested Loop", "Parent Relationship": "Outer", "Parallel Aware": false, "Async Capable": false, "Join Type": "Inner", "Startup Cost": 10000000004.57, "Total Cost": 10000384511.43, "Plan Rows": 1, "Plan Width": 68, "Inner Unique": true, "Plans": [{"Node Type": "Nested Loop", "Parent Relationship": "Outer", "Parallel Aware": false, "Async Capable": false, "Join Type": "Inner", "Startup Cost": 10000000000.19, "Total Cost": 10000384494.63, "Plan Rows": 2, "Plan Width": 47, "Inner Unique": true, "Plans": [{"Node Type": "Seq Scan", "Parent Relationship": "Outer", "Parallel Aware": false, "Async Capable": false, "Relation Name": "movie_info", "Alias": "mi", "Startup Cost": 10000000000.0, "Total Cost": 10000384190.97, "Plan Rows": 278, "Plan Width": 51, "Filter": "(((note)::text ~~ '%internet%'::text) AND ((info)::text ~~ 'USA:%200%'::text))"}, {"Node Type": "Memoize", "Parent Relationship": "Inner", "Parallel Aware": false, "Async Capable": false, "Startup Cost": 0.19, "Total Cost": 4.2, "Plan Rows": 1, "Plan Width": 4, "Cache Key": "mi.info_type_id", "Cache Mode": "logical", "Plans": [{"Node Type": "Bitmap Heap Scan", "Parent Relationship": "Outer", "Parallel Aware": false, "Async Capable": false, "Relation Name": "info_type", "Alias": "it1", "Startup Cost": 0.18, "Total Cost": 4.19, "Plan Rows": 1, "Plan Width": 4, "Recheck Cond": "(id = mi.info_type_id)", "Filter": "((info)::text = 'release dates'::text)", "Plans": [{"Node Type": "Bitmap Index Scan", "Parent Relationship": "Outer", "Parallel Aware": false, "Async Capable": false, "Index Name": "info_type_pkey", "Startup Cost": 0.0, "Total Cost": 0.18, "Plan Rows": 1, "Plan Width": 0, "Index Cond": "(id = mi.info_type_id)"}]}]}]}, {"Node Type": "Bitmap Heap Scan", "Parent Relationship": "Inner", "Parallel Aware": false, "Async Capable": false, "Relation Name": "title", "Alias": "t", "Startup Cost": 4.38, "Total Cost": 8.4, "Plan Rows": 1, "Plan Width": 21, "Recheck Cond": "(id = mi.movie_id)", "Filter": "(production_year >= 1986)", "Plans": [{"Node Type": "Bitmap Index Scan", "Parent Relationship": "Outer", "Parallel Aware": false, "Async Capable": false, "Index Name": "title_pkey", "Startup Cost": 0.0, "Total Cost": 4.38, "Plan Rows": 1, "Plan Width": 0, "Index Cond": "(id = mi.movie_id)"}]}]}, {"Node Type": "Seq Scan", "Parent Relationship": "Inner", "Parallel Aware": false, "Async Capable": false, "Relation Name": "aka_title", "Alias": "at", "Startup Cost": 10000000000.0, "Total Cost": 10000009846.72, "Plan Rows": 361472, "Plan Width": 4}]}, {"Node Type": "Seq Scan", "Parent Relationship": "Inner", "Parallel Aware": false, "Async Capable": false, "Relation Name": "movie_companies", "Alias": "mc", "Startup Cost": 10000000000.0, "Total Cost": 10000044915.29, "Plan Rows": 2609129, "Plan Width": 12}]}, {"Node Type": "Bitmap Heap Scan", "Parent Relationship": "Inner", "Parallel Aware": false, "Async Capable": false, "Relation Name": "company_name", "Alias": "cn", "Startup Cost": 0.43, "Total Cost": 4.44, "Plan Rows": 1, "Plan Width": 4, "Recheck Cond": "(id = mc.company_id)", "Filter": "((country_code)::text = '[ru]'::text)", "Plans": [{"Node Type": "Bitmap Index Scan", "Parent Relationship": "Outer", "Parallel Aware": false, "Async Capable": false, "Index Name": "company_name_pkey", "Startup Cost": 0.0, "Total Cost": 0.43, "Plan Rows": 1, "Plan Width": 0, "Index Cond": "(id = mc.company_id)"}]}]}, {"Node Type": "Bitmap Heap Scan", "Parent Relationship": "Inner", "Parallel Aware": false, "Async Capable": false, "Relation Name": "company_type", "Alias": "ct", "Startup Cost": 0.14, "Total Cost": 4.15, "Plan Rows": 1, "Plan Width": 4, "Recheck Cond": "(id = mc.company_type_id)", "Plans": [{"Node Type": "Bitmap Index Scan", "Parent Relationship": "Outer", "Parallel Aware": false, "Async Capable": false, "Index Name": "company_type_pkey", "Startup Cost": 0.0, "Total Cost": 0.14, "Plan Rows": 1, "Plan Width": 0, "Index Cond": "(id = mc.company_type_id)"}]}]}, {"Node Type": "Seq Scan", "Parent Relationship": "Inner", "Parallel Aware": false, "Async Capable": false, "Relation Name": "movie_keyword", "Alias": "mk", "Startup Cost": 10000000000.0, "Total Cost": 10000069719.3, "Plan Rows": 4523930, "Plan Width": 8}]}, {"Node Type": "Bitmap Heap Scan", "Parent Relationship": "Inner", "Parallel Aware": false, "Async Capable": false, "Relation Name": "keyword", "Alias": "k", "Startup Cost": 0.43, "Total Cost": 4.44, "Plan Rows": 1, "Plan Width": 4, "Recheck Cond": "(id = mk.keyword_id)", "Plans": [{"Node Type": "Bitmap Index Scan", "Parent Relationship": "Outer", "Parallel Aware": false, "Async Capable": false, "Index Name": "keyword_pkey", "Startup Cost": 0.0, "Total Cost": 0.43, "Plan Rows": 1, "Plan Width": 0, "Index Cond": "(id = mk.keyword_id)"}]}]}]}}, {"Plan": {"Node Type": "Aggregate", "Strategy": "Plain", "Partial Mode": "Finalize", "Parallel Aware": false, "Async Capable": false, "Startup Cost": 425470.35, "Total Cost": 425470.36, "Plan Rows": 1, "Plan Width": 64, "Plans": [{"Node Type": "Gather", "Parent Relationship": "Outer", "Parallel Aware": false, "Async Capable": false, "Startup Cost": 425469.82, "Total Cost": 425470.33, "Plan Rows": 5, "Plan Width": 64, "Workers Planned": 5, "Single Copy": false, "Plans": [{"Node Type": "Aggregate", "Strategy": "Plain", "Partial Mode": "Partial", "Parent Relationship": "Outer", "Parallel Aware": false, "Async Capable": false, "Startup Cost": 424469.82, "Total Cost": 424469.83, "Plan Rows": 1, "Plan Width": 64, "Plans": [{"Node Type": "Nested Loop", "Parent Relationship": "Outer", "Parallel Aware": false, "Async Capable": false, "Join Type": "Inner", "Startup Cost": 1.3, "Total Cost": 424469.8, "Plan Rows": 4, "Plan Width": 60, "Inner Unique": false, "Join Filter": "(t.id = at.movie_id)", "Plans": [{"Node Type": "Nested Loop", "Parent Relationship": "Outer", "Parallel Aware": false, "Async Capable": false, "Join Type": "Inner", "Startup Cost": 1.3, "Total Cost": 410104.68, "Plan Rows": 1, "Plan Width": 76, "Inner Unique": true, "Join Filter": "(t.id = mi.movie_id)", "Plans": [{"Node Type": "Nested Loop", "Parent Relationship": "Outer", "Parallel Aware": false, "Async Capable": false, "Join Type": "Inner", "Startup Cost": 0.86, "Total Cost": 410100.2, "Plan Rows": 1, "Plan Width": 55, "Inner Unique": true, "Plans": [{"Node Type": "Nested Loop", "Parent Relationship": "Outer", "Parallel Aware": false, "Async Capable": false, "Join Type": "Inner", "Startup Cost": 0.43, "Total Cost": 410095.76, "Plan Rows": 1, "Plan Width": 59, "Inner Unique": false, "Join Filter": "(mi.movie_id = mk.movie_id)", "Plans": [{"Node Type": "Nested Loop", "Parent Relationship": "Outer", "Parallel Aware": false, "Async Capable": false, "Join Type": "Inner", "Startup Cost": 0.43, "Total Cost": 283827.34, "Plan Rows": 1, "Plan Width": 51, "Inner Unique": true, "Join Filter": "(ct.id = mc.company_type_id)", "Plans": [{"Node Type": "Nested Loop", "Parent Relationship": "Outer", "Parallel Aware": false, "Async Capable": false, "Join Type": "Inner", "Startup Cost": 0.43, "Total Cost": 283826.25, "Plan Rows": 1, "Plan Width": 55, "Inner Unique": true, "Plans": [{"Node Type": "Nested Loop", "Parent Relationship": "Outer", "Parallel Aware": false, "Async Capable": false, "Join Type": "Inner", "Startup Cost": 0.0, "Total Cost": 283821.8, "Plan Rows": 1, "Plan Width": 59, "Inner Unique": false, "Join Filter": "(mc.movie_id = mi.movie_id)", "Plans": [{"Node Type": "Nested Loop", "Parent Relationship": "Outer", "Parallel Aware": false, "Async Capable": false, "Join Type": "Inner", "Startup Cost": 0.0, "Total Cost": 206292.39, "Plan Rows": 1, "Plan Width": 47, "Inner Unique": true, "Join Filter": "(it1.id = mi.info_type_id)", "Plans": [{"Node Type": "Seq Scan", "Parent Relationship": "Outer", "Parallel Aware": true, "Async Capable": false, "Relation Name": "movie_info", "Alias": "mi", "Startup Cost": 0.0, "Total Cost": 206156.59, "Plan Rows": 56, "Plan Width": 51, "Filter": "(((note)::text ~~ '%internet%'::text) AND ((info)::text ~~ 'USA:%200%'::text))"}, {"Node Type": "Seq Scan", "Parent Relationship": "Inner", "Parallel Aware": false, "Async Capable": false, "Relation Name": "info_type", "Alias": "it1", "Startup Cost": 0.0, "Total Cost": 2.41, "Plan Rows": 1, "Plan Width": 4, "Filter": "((info)::text = 'release dates'::text)"}]}, {"Node Type": "Seq Scan", "Parent Relationship": "Inner", "Parallel Aware": false, "Async Capable": false, "Relation Name": "movie_companies", "Alias": "mc", "Startup Cost": 0.0, "Total Cost": 44915.29, "Plan Rows": 2609129, "Plan Width": 12}]}, {"Node Type": "Bitmap Heap Scan", "Parent Relationship": "Inner", "Parallel Aware": false, "Async Capable": false, "Relation Name": "company_name", "Alias": "cn", "Startup Cost": 0.43, "Total Cost": 4.44, "Plan Rows": 1, "Plan Width": 4, "Recheck Cond": "(id = mc.company_id)", "Filter": "((country_code)::text = '[ru]'::text)", "Plans": [{"Node Type": "Bitmap Index Scan", "Parent Relationship": "Outer", "Parallel Aware": false, "Async Capable": false, "Index Name": "company_name_pkey", "Startup Cost": 0.0, "Total Cost": 0.43, "Plan Rows": 1, "Plan Width": 0, "Index Cond": "(id = mc.company_id)"}]}]}, {"Node Type": "Seq Scan", "Parent Relationship": "Inner", "Parallel Aware": false, "Async Capable": false, "Relation Name": "company_type", "Alias": "ct", "Startup Cost": 0.0, "Total Cost": 1.04, "Plan Rows": 4, "Plan Width": 4}]}, {"Node Type": "Seq Scan", "Parent Relationship": "Inner", "Parallel Aware": false, "Async Capable": false, "Relation Name": "movie_keyword", "Alias": "mk", "Startup Cost": 0.0, "Total Cost": 69719.3, "Plan Rows": 4523930, "Plan Width": 8}]}, {"Node Type": "Bitmap Heap Scan", "Parent Relationship": "Inner", "Parallel Aware": false, "Async Capable": false, "Relation Name": "keyword", "Alias": "k", "Startup Cost": 0.43, "Total Cost": 4.44, "Plan Rows": 1, "Plan Width": 4, "Recheck Cond": "(id = mk.keyword_id)", "Plans": [{"Node Type": "Bitmap Index Scan", "Parent Relationship": "Outer", "Parallel Aware": false, "Async Capable": false, "Index Name": "keyword_pkey", "Startup Cost": 0.0, "Total Cost": 0.43, "Plan Rows": 1, "Plan Width": 0, "Index Cond": "(id = mk.keyword_id)"}]}]}, {"Node Type": "Bitmap Heap Scan", "Parent Relationship": "Inner", "Parallel Aware": false, "Async Capable": false, "Relation Name": "title", "Alias": "t", "Startup Cost": 0.45, "Total Cost": 4.46, "Plan Rows": 1, "Plan Width": 21, "Recheck Cond": "(id = mk.movie_id)", "Filter": "(production_year >= 1986)", "Plans": [{"Node Type": "Bitmap Index Scan", "Parent Relationship": "Outer", "Parallel Aware": false, "Async Capable": false, "Index Name": "title_pkey", "Startup Cost": 0.0, "Total Cost": 0.45, "Plan Rows": 1, "Plan Width": 0, "Index Cond": "(id = mk.movie_id)"}]}]}, {"Node Type": "Seq Scan", "Parent Relationship": "Inner", "Parallel Aware": false, "Async Capable": false, "Relation Name": "aka_title", "Alias": "at", "Startup Cost": 0.0, "Total Cost": 9846.72, "Plan Rows": 361472, "Plan Width": 4}]}]}]}]}}, {"Plan": {"Node Type": "Aggregate", "Strategy": "Plain", "Partial Mode": "Simple", "Parallel Aware": false, "Async Capable": false, "Startup Cost": 40001496896.8, "Total Cost": 40001496896.81, "Plan Rows": 1, "Plan Width": 64, "Plans": [{"Node Type": "Merge Join", "Parent Relationship": "Outer", "Parallel Aware": false, "Async Capable": false, "Join Type": "Inner", "Startup Cost": 40001491495.38, "Total Cost": 40001496896.7, "Plan Rows": 20, "Plan Width": 60, "Inner Unique": true, "Merge Cond": "(mk.keyword_id = k.id)", "Plans": [{"Node Type": "Sort", "Parent Relationship": "Outer", "Parallel Aware": false, "Async Capable": false, "Startup Cost": 40001491494.96, "Total Cost": 40001491495.01, "Plan Rows": 20, "Plan Width": 64, "Sort Key": ["mk.keyword_id"], "Plans": [{"Node Type": "Merge Join", "Parent Relationship": "Outer", "Parallel Aware": false, "Async Capable": false, "Join Type": "Inner", "Startup Cost": 40001491482.16, "Total Cost": 40001491494.53, "Plan Rows": 20, "Plan Width": 64, "Inner Unique": true, "Merge Cond": "(mc.company_type_id = ct.id)", "Plans": [{"Node Type": "Sort", "Parent Relationship": "Outer", "Parallel Aware": false, "Async Capable": false, "Startup Cost": 40001491482.03, "Total Cost": 40001491482.08, "Plan Rows": 20, "Plan Width": 68, "Sort Key": ["mc.company_type_id"], "Plans": [{"Node Type": "Merge Join", "Parent Relationship": "Outer", "Parallel Aware": false, "Async Capable": false, "Join Type": "Inner", "Startup Cost": 40001478918.91, "Total Cost": 40001491481.6, "Plan Rows": 20, "Plan Width": 68, "Inner Unique": true, "Merge Cond": "(mc.company_id = cn.id)", "Plans": [{"Node Type": "Sort", "Parent Relationship": "Outer", "Parallel Aware": false, "Async Capable": false, "Startup Cost": 40001478918.49, "Total Cost": 40001478918.79, "Plan Rows": 119, "Plan Width": 72, "Sort Key": ["mc.company_id"], "Plans": [{"Node Type": "Merge Join", "Parent Relationship": "Outer", "Parallel Aware": false, "Async Capable": false, "Join Type": "Inner", "Startup Cost": 40001320241.15, "Total Cost": 40001478914.39, "Plan Rows": 119, "Plan Width": 72, "Inner Unique": true, "Merge Cond": "(at.movie_id = t.id)", "Plans": [{"Node Type": "Merge Join", "Parent Relationship": "Outer", "Parallel Aware": false, "Async Capable": false, "Join Type": "Inner", "Startup Cost": 40001320240.72, "Total Cost": 40001357710.69, "Plan Rows": 162, "Plan Width": 71, "Inner Unique": false, "Merge Cond": "(at.movie_id = mk.movie_id)", "Plans": [{"Node Type": "Merge Join", "Parent Relationship": "Outer", "Parallel Aware": false, "Async Capable": false, "Join Type": "Inner", "Startup Cost": 30000750420.29, "Total Cost": 30000765271.81, "Plan Rows": 6, "Plan Width": 63, "Inner Unique": false, "Merge Cond": "(at.movie_id = mc.movie_id)", "Plans": [{"Node Type": "Merge Join", "Parent Relationship": "Outer", "Parallel Aware": false, "Async Capable": false, "Join Type": "Inner", "Startup Cost": 20000427435.29, "Total Cost": 20000429242.13, "Plan Rows": 1, "Plan Width": 51, "Inner Unique": false, "Merge Cond": "(mi.movie_id = at.movie_id)", "Plans": [{"Node Type": "Sort", "Parent Relationship": "Outer", "Parallel Aware": false, "Async Capable": false, "Startup Cost": 10000384217.8, "Total Cost": 10000384217.8, "Plan Rows": 2, "Plan Width": 47, "Sort Key": ["mi.movie_id"], "Plans": [{"Node Type": "Merge Join", "Parent Relationship": "Outer", "Parallel Aware": false, "Async Capable": false, "Join Type": "Inner", "Startup Cost": 10000384202.4, "Total Cost": 10000384217.79, "Plan Rows": 2, "Plan Width": 47, "Inner Unique": false, "Merge Cond": "(it1.id = mi.info_type_id)", "Plans": [{"Node Type": "Index Scan", "Parent Relationship": "Outer", "Parallel Aware": false, "Async Capable": false, "Scan Direction": "Forward", "Index Name": "info_type_pkey", "Relation Name": "info_type", "Alias": "it1", "Startup Cost": 0.14, "Total Cost": 14.12, "Plan Rows": 1, "Plan Width": 4, "Filter": "((info)::text = 'release dates'::text)"}, {"Node Type": "Sort", "Parent Relationship": "Inner", "Parallel Aware": false, "Async Capable": false, "Startup Cost": 10000384202.26, "Total Cost": 10000384202.95, "Plan Rows": 278, "Plan Width": 51, "Sort Key": ["mi.info_type_id"], "Plans": [{"Node Type": "Seq Scan", "Parent Relationship": "Outer", "Parallel Aware": false, "Async Capable": false, "Relation Name": "movie_info", "Alias": "mi", "Startup Cost": 10000000000.0, "Total Cost": 10000384190.97, "Plan Rows": 278, "Plan Width": 51, "Filter": "(((note)::text ~~ '%internet%'::text) AND ((info)::text ~~ 'USA:%200%'::text))"}]}]}]}, {"Node Type": "Sort", "Parent Relationship": "Inner", "Parallel Aware": false, "Async Capable": false, "Startup Cost": 10000043216.96, "Total Cost": 10000044120.64, "Plan Rows": 361472, "Plan Width": 4, "Sort Key": ["at.movie_id"], "Plans": [{"Node Type": "Seq Scan", "Parent Relationship": "Outer", "Parallel Aware": false, "Async Capable": false, "Relation Name": "aka_title", "Alias": "at", "Startup Cost": 10000000000.0, "Total Cost": 10000009846.72, "Plan Rows": 361472, "Plan Width": 4}]}]}, {"Node Type": "Sort", "Parent Relationship": "Inner", "Parallel Aware": false, "Async Capable": false, "Startup Cost": 10000322985.0, "Total Cost": 10000329507.82, "Plan Rows": 2609129, "Plan Width": 12, "Sort Key": ["mc.movie_id"], "Plans": [{"Node Type": "Seq Scan", "Parent Relationship": "Outer", "Parallel Aware": false, "Async Capable": false, "Relation Name": "movie_companies", "Alias": "mc", "Startup Cost": 10000000000.0, "Total Cost": 10000044915.29, "Plan Rows": 2609129, "Plan Width": 12}]}]}, {"Node Type": "Sort", "Parent Relationship": "Inner", "Parallel Aware": false, "Async Capable": false, "Startup Cost": 10000569820.43, "Total Cost": 10000581130.25, "Plan Rows": 4523930, "Plan Width": 8, "Sort Key": ["mk.movie_id"], "Plans": [{"Node Type": "Seq Scan", "Parent Relationship": "Outer", "Parallel Aware": false, "Async Capable": false, "Relation Name": "movie_keyword", "Alias": "mk", "Startup Cost": 10000000000.0, "Total Cost": 10000069719.3, "Plan Rows": 4523930, "Plan Width": 8}]}]}, {"Node Type": "Index Scan", "Parent Relationship": "Inner", "Parallel Aware": false, "Async Capable": false, "Scan Direction": "Forward", "Index Name": "title_pkey", "Relation Name": "title", "Alias": "t", "Startup Cost": 0.43, "Total Cost": 116689.45, "Plan Rows": 1856383, "Plan Width": 21, "Filter": "(production_year >= 1986)"}]}]}, {"Node Type": "Index Scan", "Parent Relationship": "Inner", "Parallel Aware": false, "Async Capable": false, "Scan Direction": "Forward", "Index Name": "company_name_pkey", "Relation Name": "company_name", "Alias": "cn", "Startup Cost": 0.42, "Total Cost": 12559.02, "Plan Rows": 1391, "Plan Width": 4, "Filter": "((country_code)::text = '[ru]'::text)"}]}]}, {"Node Type": "Index Scan", "Parent Relationship": "Inner", "Parallel Aware": false, "Async Capable": false, "Scan Direction": "Forward", "Index Name": "company_type_pkey", "Relation Name": "company_type", "Alias": "ct", "Startup Cost": 0.13, "Total Cost": 12.19, "Plan Rows": 4, "Plan Width": 4}]}]}, {"Node Type": "Index Scan", "Parent Relationship": "Inner", "Parallel Aware": false, "Async Capable": false, "Scan Direction": "Forward", "Index Name": "keyword_pkey", "Relation Name": "keyword", "Alias": "k", "Startup Cost": 0.42, "Total Cost": 5068.47, "Plan Rows": 134170, "Plan Width": 4}]}]}}, {"Plan": {"Node Type": "Aggregate", "Strategy": "Plain", "Partial Mode": "Simple", "Parallel Aware": false, "Async Capable": false, "Startup Cost": 40000633042.98, "Total Cost": 40000633042.99, "Plan Rows": 1, "Plan Width": 64, "Plans": [{"Node Type": "Nested Loop", "Parent Relationship": "Outer", "Parallel Aware": false, "Async Capable": false, "Join Type": "Inner", "Startup Cost": 40000427427.47, "Total Cost": 40000633042.88, "Plan Rows": 20, "Plan Width": 60, "Inner Unique": true, "Plans": [{"Node Type": "Nested Loop", "Parent Relationship": "Outer", "Parallel Aware": false, "Async Capable": false, "Join Type": "Inner", "Startup Cost": 40000427427.05, "Total Cost": 40000633034.1, "Plan Rows": 20, "Plan Width": 64, "Inner Unique": false, "Join Filter": "(t.id = mk.movie_id)", "Plans": [{"Node Type": "Nested Loop", "Parent Relationship": "Outer", "Parallel Aware": false, "Async Capable": false, "Join Type": "Inner", "Startup Cost": 30000427427.05, "Total Cost": 30000506765.68, "Plan Rows": 1, "Plan Width": 76, "Inner Unique": true, "Join Filter": "(t.id = at.movie_id)", "Plans": [{"Node Type": "Nested Loop", "Parent Relationship": "Outer", "Parallel Aware": false, "Async Capable": false, "Join Type": "Inner", "Startup Cost": 30000427426.62, "Total Cost": 30000506765.14, "Plan Rows": 1, "Plan Width": 55, "Inner Unique": true, "Plans": [{"Node Type": "Nested Loop", "Parent Relationship": "Outer", "Parallel Aware": false, "Async Capable": false, "Join Type": "Inner", "Startup Cost": 30000427426.49, "Total Cost": 30000506764.99, "Plan Rows": 1, "Plan Width": 59, "Inner Unique": true, "Plans": [{"Node Type": "Nested Loop", "Parent Relationship": "Outer", "Parallel Aware": false, "Async Capable": false, "Join Type": "Inner", "Startup Cost": 30000427426.07, "Total Cost": 30000506762.31, "Plan Rows": 6, "Plan Width": 63, "Inner Unique": false, "Join Filter": "(at.movie_id = mc.movie_id)", "Plans": [{"Node Type": "Merge Join", "Parent Relationship": "Outer", "Parallel Aware": false, "Async Capable": false, "Join Type": "Inner", "Startup Cost": 20000427426.07, "Total Cost": 20000429232.91, "Plan Rows": 1, "Plan Width": 51, "Inner Unique": false, "Merge Cond": "(mi.movie_id = at.movie_id)", "Plans": [{"Node Type": "Sort", "Parent Relationship": "Outer", "Parallel Aware": false, "Async Capable": false, "Startup Cost": 10000384208.57, "Total Cost": 10000384208.58, "Plan Rows": 2, "Plan Width": 47, "Sort Key": ["mi.movie_id"], "Plans": [{"Node Type": "Nested Loop", "Parent Relationship": "Outer", "Parallel Aware": false, "Async Capable": false, "Join Type": "Inner", "Startup Cost": 10000000000.14, "Total Cost": 10000384208.56, "Plan Rows": 2, "Plan Width": 47, "Inner Unique": false, "Join Filter": "(it1.id = mi.info_type_id)", "Plans": [{"Node Type": "Index Scan", "Parent Relationship": "Outer", "Parallel Aware": false, "Async Capable": false, "Scan Direction": "Forward", "Index Name": "info_type_pkey", "Relation Name": "info_type", "Alias": "it1", "Startup Cost": 0.14, "Total Cost": 14.12, "Plan Rows": 1, "Plan Width": 4, "Filter": "((info)::text = 'release dates'::text)"}, {"Node Type": "Seq Scan", "Parent Relationship": "Inner", "Parallel Aware": false, "Async Capable": false, "Relation Name": "movie_info", "Alias": "mi", "Startup Cost": 10000000000.0, "Total Cost": 10000384190.97, "Plan Rows": 278, "Plan Width": 51, "Filter": "(((note)::text ~~ '%internet%'::text) AND ((info)::text ~~ 'USA:%200%'::text))"}]}]}, {"Node Type": "Sort", "Parent Relationship": "Inner", "Parallel Aware": false, "Async Capable": false, "Startup Cost": 10000043216.96, "Total Cost": 10000044120.64, "Plan Rows": 361472, "Plan Width": 4, "Sort Key": ["at.movie_id"], "Plans": [{"Node Type": "Seq Scan", "Parent Relationship": "Outer", "Parallel Aware": false, "Async Capable": false, "Relation Name": "aka_title", "Alias": "at", "Startup Cost": 10000000000.0, "Total Cost": 10000009846.72, "Plan Rows": 361472, "Plan Width": 4}]}]}, {"Node Type": "Seq Scan", "Parent Relationship": "Inner", "Parallel Aware": false, "Async Capable": false, "Relation Name": "movie_companies", "Alias": "mc", "Startup Cost": 10000000000.0, "Total Cost": 10000044915.29, "Plan Rows": 2609129, "Plan Width": 12}]}, {"Node Type": "Index Scan", "Parent Relationship": "Inner", "Parallel Aware": false, "Async Capable": false, "Scan Direction": "Forward", "Index Name": "company_name_pkey", "Relation Name": "company_name", "Alias": "cn", "Startup Cost": 0.42, "Total Cost": 0.45, "Plan Rows": 1, "Plan Width": 4, "Index Cond": "(id = mc.company_id)", "Filter": "((country_code)::text = '[ru]'::text)"}]}, {"Node Type": "Index Scan", "Parent Relationship": "Inner", "Parallel Aware": false, "Async Capable": false, "Scan Direction": "Forward", "Index Name": "company_type_pkey", "Relation Name": "company_type", "Alias": "ct", "Startup Cost": 0.13, "Total Cost": 0.15, "Plan Rows": 1, "Plan Width": 4, "Index Cond": "(id = mc.company_type_id)"}]}, {"Node Type": "Index Scan", "Parent Relationship": "Inner", "Parallel Aware": false, "Async Capable": false, "Scan Direction": "Forward", "Index Name": "title_pkey", "Relation Name": "title", "Alias": "t", "Startup Cost": 0.43, "Total Cost": 0.52, "Plan Rows": 1, "Plan Width": 21, "Index Cond": "(id = mc.movie_id)", "Filter": "(production_year >= 1986)"}]}, {"Node Type": "Seq Scan", "Parent Relationship": "Inner", "Parallel Aware": false, "Async Capable": false, "Relation Name": "movie_keyword", "Alias": "mk", "Startup Cost": 10000000000.0, "Total Cost": 10000069719.3, "Plan Rows": 4523930, "Plan Width": 8}]}, {"Node Type": "Index Scan", "Parent Relationship": "Inner", "Parallel Aware": false, "Async Capable": false, "Scan Direction": "Forward", "Index Name": "keyword_pkey", "Relation Name": "keyword", "Alias": "k", "Startup Cost": 0.42, "Total Cost": 0.44, "Plan Rows": 1, "Plan Width": 4, "Index Cond": "(id = mk.keyword_id)"}]}]}}, {"Plan": {"Node Type": "Aggregate", "Strategy": "Plain", "Partial Mode": "Simple", "Parallel Aware": false, "Async Capable": false, "Startup Cost": 421374.77, "Total Cost": 421374.78, "Plan Rows": 1, "Plan Width": 64, "Plans": [{"Node Type": "Nested Loop", "Parent Relationship": "Outer", "Parallel Aware": false, "Async Capable": false, "Join Type": "Inner", "Startup Cost": 2001.41, "Total Cost": 421374.67, "Plan Rows": 20, "Plan Width": 60, "Inner Unique": true, "Plans": [{"Node Type": "Nested Loop", "Parent Relationship": "Outer", "Parallel Aware": false, "Async Capable": false, "Join Type": "Inner", "Startup Cost": 2000.99, "Total Cost": 421365.89, "Plan Rows": 20, "Plan Width": 64, "Inner Unique": false, "Join Filter": "(t.id = mk.movie_id)", "Plans": [{"Node Type": "Nested Loop", "Parent Relationship": "Outer", "Parallel Aware": false, "Async Capable": false, "Join Type": "Inner", "Startup Cost": 2000.99, "Total Cost": 295097.46, "Plan Rows": 1, "Plan Width": 76, "Inner Unique": true, "Plans": [{"Node Type": "Nested Loop", "Parent Relationship": "Outer", "Parallel Aware": false, "Async Capable": false, "Join Type": "Inner", "Startup Cost": 2000.86, "Total Cost": 295097.31, "Plan Rows": 1, "Plan Width": 80, "Inner Unique": false, "Join Filter": "(t.id = at.movie_id)", "Plans": [{"Node Type": "Nested Loop", "Parent Relationship": "Outer", "Parallel Aware": false, "Async Capable": false, "Join Type": "Inner", "Startup Cost": 2000.86, "Total Cost": 280732.19, "Plan Rows": 1, "Plan Width": 76, "Inner Unique": false, "Join Filter": "(t.id = mc.movie_id)", "Plans": [{"Node Type": "Nested Loop", "Parent Relationship": "Outer", "Parallel Aware": false, "Async Capable": false, "Join Type": "Inner", "Startup Cost": 1000.43, "Total Cost": 207207.04, "Plan Rows": 1, "Plan Width": 68, "Inner Unique": true, "Plans": [{"Node Type": "Nested Loop", "Parent Relationship": "Outer", "Parallel Aware": false, "Async Capable": false, "Join Type": "Inner", "Startup Cost": 1000.0, "Total Cost": 207190.28, "Plan Rows": 2, "Plan Width": 47, "Inner Unique": false, "Join Filter": "(it1.id = mi.info_type_id)", "Plans": [{"Node Type": "Seq Scan", "Parent Relationship": "Outer", "Parallel Aware": false, "Async Capable": false, "Relation Name": "info_type", "Alias": "it1", "Startup Cost": 0.0, "Total Cost": 2.41, "Plan Rows": 1, "Plan Width": 4, "Filter": "((info)::text = 'release dates'::text)"}, {"Node Type": "Gather", "Parent Relationship": "Inner", "Parallel Aware": false, "Async Capable": false, "Startup Cost": 1000.0, "Total Cost": 207184.39, "Plan Rows": 278, "Plan Width": 51, "Workers Planned": 5, "Single Copy": false, "Plans": [{"Node Type": "Seq Scan", "Parent Relationship": "Outer", "Parallel Aware": true, "Async Capable": false, "Relation Name": "movie_info", "Alias": "mi", "Startup Cost": 0.0, "Total Cost": 206156.59, "Plan Rows": 56, "Plan Width": 51, "Filter": "(((note)::text ~~ '%internet%'::text) AND ((info)::text ~~ 'USA:%200%'::text))"}]}]}, {"Node Type": "Index Scan", "Parent Relationship": "Inner", "Parallel Aware": false, "Async Capable": false, "Scan Direction": "Forward", "Index Name": "title_pkey", "Relation Name": "title", "Alias": "t", "Startup Cost": 0.43, "Total Cost": 8.38, "Plan Rows": 1, "Plan Width": 21, "Index Cond": "(id = mi.movie_id)", "Filter": "(production_year >= 1986)"}]}, {"Node Type": "Gather", "Parent Relationship": "Inner", "Parallel Aware": false, "Async Capable": false, "Startup Cost": 1000.43, "Total Cost": 73332.1, "Plan Rows": 15444, "Plan Width": 8, "Workers Planned": 3, "Single Copy": false, "Plans": [{"Node Type": "Nested Loop", "Parent Relationship": "Outer", "Parallel Aware": false, "Async Capable": false, "Join Type": "Inner", "Startup Cost": 0.43, "Total Cost": 70787.7, "Plan Rows": 4982, "Plan Width": 8, "Inner Unique": true, "Plans": [{"Node Type": "Seq Scan", "Parent Relationship": "Outer", "Parallel Aware": true, "Async Capable": false, "Relation Name": "movie_companies", "Alias": "mc", "Startup Cost": 0.0, "Total Cost": 27240.55, "Plan Rows": 841655, "Plan Width": 12}, {"Node Type": "Memoize", "Parent Relationship": "Inner", "Parallel Aware": false, "Async Capable": false, "Startup Cost": 0.43, "Total Cost": 0.46, "Plan Rows": 1, "Plan Width": 4, "Cache Key": "mc.company_id", "Cache Mode": "logical", "Plans": [{"Node Type": "Index Scan", "Parent Relationship": "Outer", "Parallel Aware": false, "Async Capable": false, "Scan Direction": "Forward", "Index Name": "company_name_pkey", "Relation Name": "company_name", "Alias": "cn", "Startup Cost": 0.42, "Total Cost": 0.45, "Plan Rows": 1, "Plan Width": 4, "Index Cond": "(id = mc.company_id)", "Filter": "((country_code)::text = '[ru]'::text)"}]}]}]}]}, {"Node Type": "Seq Scan", "Parent Relationship": "Inner", "Parallel Aware": false, "Async Capable": false, "Relation Name": "aka_title", "Alias": "at", "Startup Cost": 0.0, "Total Cost": 9846.72, "Plan Rows": 361472, "Plan Width": 4}]}, {"Node Type": "Index Scan", "Parent Relationship": "Inner", "Parallel Aware": false, "Async Capable": false, "Scan Direction": "Forward", "Index Name": "company_type_pkey", "Relation Name": "company_type", "Alias": "ct", "Startup Cost": 0.13, "Total Cost": 0.15, "Plan Rows": 1, "Plan Width": 4, "Index Cond": "(id = mc.company_type_id)"}]}, {"Node Type": "Seq Scan", "Parent Relationship": "Inner", "Parallel Aware": false, "Async Capable": false, "Relation Name": "movie_keyword", "Alias": "mk", "Startup Cost": 0.0, "Total Cost": 69719.3, "Plan Rows": 4523930, "Plan Width": 8}]}, {"Node Type": "Index Scan", "Parent Relationship": "Inner", "Parallel Aware": false, "Async Capable": false, "Scan Direction": "Forward", "Index Name": "keyword_pkey", "Relation Name": "keyword", "Alias": "k", "Startup Cost": 0.42, "Total Cost": 0.44, "Plan Rows": 1, "Plan Width": 4, "Index Cond": "(id = mk.keyword_id)"}]}]}}, {"Plan": {"Node Type": "Aggregate", "Strategy": "Plain", "Partial Mode": "Simple", "Parallel Aware": false, "Async Capable": false, "Startup Cost": 875553.6, "Total Cost": 875553.61, "Plan Rows": 1, "Plan Width": 64, "Plans": [{"Node Type": "Merge Join", "Parent Relationship": "Outer", "Parallel Aware": false, "Async Capable": false, "Join Type": "Inner", "Startup Cost": 751724.25, "Total Cost": 875553.5, "Plan Rows": 20, "Plan Width": 60, "Inner Unique": false, "Merge Cond": "(t.id = mi.movie_id)", "Plans": [{"Node Type": "Gather Merge", "Parent Relationship": "Outer", "Parallel Aware": false, "Async Capable": false, "Startup Cost": 165292.88, "Total Cost": 289210.58, "Plan Rows": 7011, "Plan Width": 29, "Workers Planned": 3, "Plans": [{"Node Type": "Merge Join", "Parent Relationship": "Outer", "Parallel Aware": false, "Async Capable": false, "Join Type": "Inner", "Startup Cost": 164292.84, "Total Cost": 287386.74, "Plan Rows": 2262, "Plan Width": 29, "Inner Unique": true, "Merge Cond": "(at.movie_id = t.id)", "Plans": [{"Node Type": "Merge Join", "Parent Relationship": "Outer", "Parallel Aware": false, "Async Capable": false, "Join Type": "Inner", "Startup Cost": 164291.8, "Total Cost": 166154.33, "Plan Rows": 3080, "Plan Width": 8, "Inner Unique": false, "Merge Cond": "(mc.movie_id = at.movie_id)", "Plans": [{"Node Type": "Sort", "Parent Relationship": "Outer", "Parallel Aware": false, "Async Capable": false, "Startup Cost": 121074.3, "Total Cost": 121086.76, "Plan Rows": 4982, "Plan Width": 4, "Sort Key": ["mc.movie_id"], "Plans": [{"Node Type": "Merge Join", "Parent Relationship": "Outer", "Parallel Aware": false, "Async Capable": false, "Join Type": "Inner", "Startup Cost": 120693.6, "Total Cost": 120768.35, "Plan Rows": 4982, "Plan Width": 4, "Inner Unique": true, "Merge Cond": "(mc.company_type_id = ct.id)", "Plans": [{"Node Type": "Sort", "Parent Relationship": "Outer", "Parallel Aware": false, "Async Capable": false, "Startup Cost": 120692.52, "Total Cost": 120704.97, "Plan Rows": 4982, "Plan Width": 8, "Sort Key": ["mc.company_type_id"], "Plans": [{"Node Type": "Merge Join", "Parent Relationship": "Outer", "Parallel Aware": false, "Async Capable": false, "Join Type": "Inner", "Startup Cost": 116125.68, "Total Cost": 120386.56, "Plan Rows": 4982, "Plan Width": 8, "Inner Unique": true, "Merge Cond": "(mc.company_id = cn.id)", "Plans": [{"Node Type": "Sort", "Parent Relationship": "Outer", "Parallel Aware": false, "Async Capable": false, "Startup Cost": 110071.47, "Total Cost": 112175.61, "Plan Rows": 841655, "Plan Width": 12, "Sort Key": ["mc.company_id"], "Plans": [{"Node Type": "Seq Scan", "Parent Relationship": "Outer", "Parallel Aware": true, "Async Capable": false, "Relation Name": "movie_companies", "Alias": "mc", "Startup Cost": 0.0, "Total Cost": 27240.55, "Plan Rows": 841655, "Plan Width": 12}]}, {"Node Type": "Sort", "Parent Relationship": "Inner", "Parallel Aware": false, "Async Capable": false, "Startup Cost": 6050.09, "Total Cost": 6053.56, "Plan Rows": 1391, "Plan Width": 4, "Sort Key": ["cn.id"], "Plans": [{"Node Type": "Seq Scan", "Parent Relationship": "Outer", "Parallel Aware": false, "Async Capable": false, "Relation Name": "company_name", "Alias": "cn", "Startup Cost": 0.0, "Total Cost": 5977.46, "Plan Rows": 1391, "Plan Width": 4, "Filter": "((country_code)::text = '[ru]'::text)"}]}]}]}, {"Node Type": "Sort", "Parent Relationship": "Inner", "Parallel Aware": false, "Async Capable": false, "Startup Cost": 1.08, "Total Cost": 1.09, "Plan Rows": 4, "Plan Width": 4, "Sort Key": ["ct.id"], "Plans": [{"Node Type": "Seq Scan", "Parent Relationship": "Outer", "Parallel Aware": false, "Async Capable": false, "Relation Name": "company_type", "Alias": "ct", "Startup Cost": 0.0, "Total Cost": 1.04, "Plan Rows": 4, "Plan Width": 4}]}]}]}, {"Node Type": "Sort", "Parent Relationship": "Inner", "Parallel Aware": false, "Async Capable": false, "Startup Cost": 43216.96, "Total Cost": 44120.64, "Plan Rows": 361472, "Plan Width": 4, "Sort Key": ["at.movie_id"], "Plans": [{"Node Type": "Seq Scan", "Parent Relationship": "Outer", "Parallel Aware": false, "Async Capable": false, "Relation Name": "aka_title", "Alias": "at", "Startup Cost": 0.0, "Total Cost": 9846.72, "Plan Rows": 361472, "Plan Width": 4}]}]}, {"Node Type": "Index Scan", "Parent Relationship": "Inner", "Parallel Aware": false, "Async Capable": false, "Scan Direction": "Forward", "Index Name": "title_pkey", "Relation Name": "title", "Alias": "t", "Startup Cost": 0.43, "Total Cost": 116689.45, "Plan Rows": 1856383, "Plan Width": 21, "Filter": "(production_year >= 1986)"}]}]}, {"Node Type": "Sort", "Parent Relationship": "Inner", "Parallel Aware": false, "Async Capable": false, "Startup Cost": 586431.38, "Total Cost": 586431.41, "Plan Rows": 14, "Plan Width": 51, "Sort Key": ["mi.movie_id"], "Plans": [{"Node Type": "Merge Join", "Parent Relationship": "Outer", "Parallel Aware": false, "Async Capable": false, "Join Type": "Inner", "Startup Cost": 581029.89, "Total Cost": 586431.11, "Plan Rows": 14, "Plan Width": 51, "Inner Unique": false, "Merge Cond": "(k.id = mk.keyword_id)", "Plans": [{"Node Type": "Index Scan", "Parent Relationship": "Outer", "Parallel Aware": false, "Async Capable": false, "Scan Direction": "Forward", "Index Name": "keyword_pkey", "Relation Name": "keyword", "Alias": "k", "Startup Cost": 0.42, "Total Cost": 5068.47, "Plan Rows": 134170, "Plan Width": 4}, {"Node Type": "Sort", "Parent Relationship": "Inner", "Parallel Aware": false, "Async Capable": false, "Startup Cost": 581029.47, "Total Cost": 581029.5, "Plan Rows": 14, "Plan Width": 55, "Sort Key": ["mk.keyword_id"], "Plans": [{"Node Type": "Gather", "Parent Relationship": "Outer", "Parallel Aware": false, "Async Capable": false, "Startup Cost": 581024.7, "Total Cost": 581029.2, "Plan Rows": 14, "Plan Width": 55, "Workers Planned": 3, "Single Copy": false, "Plans": [{"Node Type": "Merge Join", "Parent Relationship": "Outer", "Parallel Aware": false, "Async Capable": false, "Join Type": "Inner", "Startup Cost": 580024.7, "Total Cost": 580027.8, "Plan Rows": 5, "Plan Width": 55, "Inner Unique": true, "Merge Cond": "(mi.info_type_id = it1.id)", "Plans": [{"Node Type": "Sort", "Parent Relationship": "Outer", "Parallel Aware": false, "Async Capable": false, "Startup Cost": 580022.28, "Total Cost": 580023.8, "Plan Rows": 608, "Plan Width": 59, "Sort Key": ["mi.info_type_id"], "Plans": [{"Node Type": "Merge Join", "Parent Relationship": "Outer", "Parallel Aware": false, "Async Capable": false, "Join Type": "Inner", "Startup Cost": 572688.39, "Total Cost": 579994.17, "Plan Rows": 608, "Plan Width": 59, "Inner Unique": false, "Merge Cond": "(mk.movie_id = mi.movie_id)", "Plans": [{"Node Type": "Sort", "Parent Relationship": "Outer", "Parallel Aware": false, "Async Capable": false, "Startup Cost": 188486.13, "Total Cost": 192134.46, "Plan Rows": 1459332, "Plan Width": 8, "Sort Key": ["mk.movie_id"], "Plans": [{"Node Type": "Seq Scan", "Parent Relationship": "Outer", "Parallel Aware": true, "Async Capable": false, "Relation Name": "movie_keyword", "Alias": "mk", "Startup Cost": 0.0, "Total Cost": 39073.32, "Plan Rows": 1459332, "Plan Width": 8}]}, {"Node Type": "Sort", "Parent Relationship": "Inner", "Parallel Aware": false, "Async Capable": false, "Startup Cost": 384202.26, "Total Cost": 384202.95, "Plan Rows": 278, "Plan Width": 51, "Sort Key": ["mi.movie_id"], "Plans": [{"Node Type": "Seq Scan", "Parent Relationship": "Outer", "Parallel Aware": false, "Async Capable": false, "Relation Name": "movie_info", "Alias": "mi", "Startup Cost": 0.0, "Total Cost": 384190.97, "Plan Rows": 278, "Plan Width": 51, "Filter": "(((note)::text ~~ '%internet%'::text) AND ((info)::text ~~ 'USA:%200%'::text))"}]}]}]}, {"Node Type": "Sort", "Parent Relationship": "Inner", "Parallel Aware": false, "Async Capable": false, "Startup Cost": 2.42, "Total Cost": 2.43, "Plan Rows": 1, "Plan Width": 4, "Sort Key": ["it1.id"], "Plans": [{"Node Type": "Seq Scan", "Parent Relationship": "Outer", "Parallel Aware": false, "Async Capable": false, "Relation Name": "info_type", "Alias": "it1", "Startup Cost": 0.0, "Total Cost": 2.41, "Plan Rows": 1, "Plan Width": 4, "Filter": "((info)::text = 'release dates'::text)"}]}]}]}]}]}]}]}]}}, {"Plan": {"Node Type": "Aggregate", "Strategy": "Plain", "Partial Mode": "Simple", "Parallel Aware": false, "Async Capable": false, "Startup Cost": 40000608725.62, "Total Cost": 40000608725.63, "Plan Rows": 1, "Plan Width": 64, "Plans": [{"Node Type": "Nested Loop", "Parent Relationship": "Outer", "Parallel Aware": false, "Async Capable": false, "Join Type": "Inner", "Startup Cost": 40000000001.54, "Total Cost": 40000608725.52, "Plan Rows": 20, "Plan Width": 60, "Inner Unique": true, "Join Filter": "(t.id = at.movie_id)", "Plans": [{"Node Type": "Nested Loop", "Parent Relationship": "Outer", "Parallel Aware": false, "Async Capable": false, "Join Type": "Inner", "Startup Cost": 40000000001.11, "Total Cost": 40000608711.96, "Plan Rows": 27, "Plan Width": 59, "Inner Unique": true, "Plans": [{"Node Type": "Nested Loop", "Parent Relationship": "Outer", "Parallel Aware": false, "Async Capable": false, "Join Type": "Inner", "Startup Cost": 40000000000.69, "Total Cost": 40000608700.11, "Plan Rows": 27, "Plan Width": 63, "Inner Unique": false, "Join Filter": "(at.movie_id = mk.movie_id)", "Plans": [{"Node Type": "Nested Loop", "Parent Relationship": "Outer", "Parallel Aware": false, "Async Capable": false, "Join Type": "Inner", "Startup Cost": 30000000000.69, "Total Cost": 30000482431.68, "Plan Rows": 1, "Plan Width": 55, "Inner Unique": true, "Plans": [{"Node Type": "Nested Loop", "Parent Relationship": "Outer", "Parallel Aware": false, "Async Capable": false, "Join Type": "Inner", "Startup Cost": 30000000000.56, "Total Cost": 30000482431.53, "Plan Rows": 1, "Plan Width": 59, "Inner Unique": true, "Plans": [{"Node Type": "Nested Loop", "Parent Relationship": "Outer", "Parallel Aware": false, "Async Capable": false, "Join Type": "Inner", "Startup Cost": 30000000000.14, "Total Cost": 30000482428.85, "Plan Rows": 6, "Plan Width": 63, "Inner Unique": false, "Join Filter": "(at.movie_id = mc.movie_id)", "Plans": [{"Node Type": "Nested Loop", "Parent Relationship": "Outer", "Parallel Aware": false, "Async Capable": false, "Join Type": "Inner", "Startup Cost": 20000000000.14, "Total Cost": 20000404899.45, "Plan Rows": 1, "Plan Width": 51, "Inner Unique": false, "Join Filter": "(at.movie_id = mi.movie_id)", "Plans": [{"Node Type": "Seq Scan", "Parent Relationship": "Outer", "Parallel Aware": false, "Async Capable": false, "Relation Name": "aka_title", "Alias": "at", "Startup Cost": 10000000000.0, "Total Cost": 10000009846.72, "Plan Rows": 361472, "Plan Width": 4}, {"Node Type": "Materialize", "Parent Relationship": "Inner", "Parallel Aware": false, "Async Capable": false, "Startup Cost": 10000000000.14, "Total Cost": 10000384208.57, "Plan Rows": 2, "Plan Width": 47, "Plans": [{"Node Type": "Nested Loop", "Parent Relationship": "Outer", "Parallel Aware": false, "Async Capable": false, "Join Type": "Inner", "Startup Cost": 10000000000.14, "Total Cost": 10000384208.56, "Plan Rows": 2, "Plan Width": 47, "Inner Unique": false, "Join Filter": "(it1.id = mi.info_type_id)", "Plans": [{"Node Type": "Index Scan", "Parent Relationship": "Outer", "Parallel Aware": false, "Async Capable": false, "Scan Direction": "Forward", "Index Name": "info_type_pkey", "Relation Name": "info_type", "Alias": "it1", "Startup Cost": 0.14, "Total Cost": 14.12, "Plan Rows": 1, "Plan Width": 4, "Filter": "((info)::text = 'release dates'::text)"}, {"Node Type": "Seq Scan", "Parent Relationship": "Inner", "Parallel Aware": false, "Async Capable": false, "Relation Name": "movie_info", "Alias": "mi", "Startup Cost": 10000000000.0, "Total Cost": 10000384190.97, "Plan Rows": 278, "Plan Width": 51, "Filter": "(((note)::text ~~ '%internet%'::text) AND ((info)::text ~~ 'USA:%200%'::text))"}]}]}]}, {"Node Type": "Seq Scan", "Parent Relationship": "Inner", "Parallel Aware": false, "Async Capable": false, "Relation Name": "movie_companies", "Alias": "mc", "Startup Cost": 10000000000.0, "Total Cost": 10000044915.29, "Plan Rows": 2609129, "Plan Width": 12}]}, {"Node Type": "Index Scan", "Parent Relationship": "Inner", "Parallel Aware": false, "Async Capable": false, "Scan Direction": "Forward", "Index Name": "company_name_pkey", "Relation Name": "company_name", "Alias": "cn", "Startup Cost": 0.42, "Total Cost": 0.45, "Plan Rows": 1, "Plan Width": 4, "Index Cond": "(id = mc.company_id)", "Filter": "((country_code)::text = '[ru]'::text)"}]}, {"Node Type": "Index Scan", "Parent Relationship": "Inner", "Parallel Aware": false, "Async Capable": false, "Scan Direction": "Forward", "Index Name": "company_type_pkey", "Relation Name": "company_type", "Alias": "ct", "Startup Cost": 0.13, "Total Cost": 0.15, "Plan Rows": 1, "Plan Width": 4, "Index Cond": "(id = mc.company_type_id)"}]}, {"Node Type": "Seq Scan", "Parent Relationship": "Inner", "Parallel Aware": false, "Async Capable": false, "Relation Name": "movie_keyword", "Alias": "mk", "Startup Cost": 10000000000.0, "Total Cost": 10000069719.3, "Plan Rows": 4523930, "Plan Width": 8}]}, {"Node Type": "Index Scan", "Parent Relationship": "Inner", "Parallel Aware": false, "Async Capable": false, "Scan Direction": "Forward", "Index Name": "keyword_pkey", "Relation Name": "keyword", "Alias": "k", "Startup Cost": 0.42, "Total Cost": 0.44, "Plan Rows": 1, "Plan Width": 4, "Index Cond": "(id = mk.keyword_id)"}]}, {"Node Type": "Index Scan", "Parent Relationship": "Inner", "Parallel Aware": false, "Async Capable": false, "Scan Direction": "Forward", "Index Name": "title_pkey", "Relation Name": "title", "Alias": "t", "Startup Cost": 0.43, "Total Cost": 0.49, "Plan Rows": 1, "Plan Width": 21, "Index Cond": "(id = mk.movie_id)", "Filter": "(production_year >= 1986)"}]}]}}, {"Plan": {"Node Type": "Aggregate", "Strategy": "Plain", "Partial Mode": "Finalize", "Parallel Aware": false, "Async Capable": false, "Startup Cost": 425333.22, "Total Cost": 425333.23, "Plan Rows": 1, "Plan Width": 64, "Plans": [{"Node Type": "Gather", "Parent Relationship": "Outer", "Parallel Aware": false, "Async Capable": false, "Startup Cost": 425332.68, "Total Cost": 425333.19, "Plan Rows": 5, "Plan Width": 64, "Workers Planned": 5, "Single Copy": false, "Plans": [{"Node Type": "Aggregate", "Strategy": "Plain", "Partial Mode": "Partial", "Parent Relationship": "Outer", "Parallel Aware": false, "Async Capable": false, "Startup Cost": 424332.68, "Total Cost": 424332.69, "Plan Rows": 1, "Plan Width": 64, "Plans": [{"Node Type": "Nested Loop", "Parent Relationship": "Outer", "Parallel Aware": false, "Async Capable": false, "Join Type": "Inner", "Startup Cost": 1.54, "Total Cost": 424332.66, "Plan Rows": 4, "Plan Width": 60, "Inner Unique": false, "Join Filter": "(t.id = at.movie_id)", "Plans": [{"Node Type": "Nested Loop", "Parent Relationship": "Outer", "Parallel Aware": false, "Async Capable": false, "Join Type": "Inner", "Startup Cost": 1.54, "Total Cost": 409967.54, "Plan Rows": 1, "Plan Width": 76, "Inner Unique": true, "Join Filter": "(t.id = mi.movie_id)", "Plans": [{"Node Type": "Nested Loop", "Parent Relationship": "Outer", "Parallel Aware": false, "Async Capable": false, "Join Type": "Inner", "Startup Cost": 1.11, "Total Cost": 409967.04, "Plan Rows": 1, "Plan Width": 55, "Inner Unique": true, "Plans": [{"Node Type": "Nested Loop", "Parent Relationship": "Outer", "Parallel Aware": false, "Async Capable": false, "Join Type": "Inner", "Startup Cost": 0.69, "Total Cost": 409966.6, "Plan Rows": 1, "Plan Width": 59, "Inner Unique": false, "Join Filter": "(mi.movie_id = mk.movie_id)", "Plans": [{"Node Type": "Nested Loop", "Parent Relationship": "Outer", "Parallel Aware": false, "Async Capable": false, "Join Type": "Inner", "Startup Cost": 0.69, "Total Cost": 283698.18, "Plan Rows": 1, "Plan Width": 51, "Inner Unique": true, "Plans": [{"Node Type": "Nested Loop", "Parent Relationship": "Outer", "Parallel Aware": false, "Async Capable": false, "Join Type": "Inner", "Startup Cost": 0.56, "Total Cost": 283698.02, "Plan Rows": 1, "Plan Width": 55, "Inner Unique": true, "Plans": [{"Node Type": "Nested Loop", "Parent Relationship": "Outer", "Parallel Aware": false, "Async Capable": false, "Join Type": "Inner", "Startup Cost": 0.14, "Total Cost": 283697.58, "Plan Rows": 1, "Plan Width": 59, "Inner Unique": false, "Join Filter": "(mc.movie_id = mi.movie_id)", "Plans": [{"Node Type": "Nested Loop", "Parent Relationship": "Outer", "Parallel Aware": false, "Async Capable": false, "Join Type": "Inner", "Startup Cost": 0.14, "Total Cost": 206168.17, "Plan Rows": 1, "Plan Width": 47, "Inner Unique": true, "Plans": [{"Node Type": "Seq Scan", "Parent Relationship": "Outer", "Parallel Aware": true, "Async Capable": false, "Relation Name": "movie_info", "Alias": "mi", "Startup Cost": 0.0, "Total Cost": 206156.59, "Plan Rows": 56, "Plan Width": 51, "Filter": "(((note)::text ~~ '%internet%'::text) AND ((info)::text ~~ 'USA:%200%'::text))"}, {"Node Type": "Index Scan", "Parent Relationship": "Inner", "Parallel Aware": false, "Async Capable": false, "Scan Direction": "Forward", "Index Name": "info_type_pkey", "Relation Name": "info_type", "Alias": "it1", "Startup Cost": 0.14, "Total Cost": 0.21, "Plan Rows": 1, "Plan Width": 4, "Index Cond": "(id = mi.info_type_id)", "Filter": "((info)::text = 'release dates'::text)"}]}, {"Node Type": "Seq Scan", "Parent Relationship": "Inner", "Parallel Aware": false, "Async Capable": false, "Relation Name": "movie_companies", "Alias": "mc", "Startup Cost": 0.0, "Total Cost": 44915.29, "Plan Rows": 2609129, "Plan Width": 12}]}, {"Node Type": "Index Scan", "Parent Relationship": "Inner", "Parallel Aware": false, "Async Capable": false, "Scan Direction": "Forward", "Index Name": "company_name_pkey", "Relation Name": "company_name", "Alias": "cn", "Startup Cost": 0.42, "Total Cost": 0.45, "Plan Rows": 1, "Plan Width": 4, "Index Cond": "(id = mc.company_id)", "Filter": "((country_code)::text = '[ru]'::text)"}]}, {"Node Type": "Index Scan", "Parent Relationship": "Inner", "Parallel Aware": false, "Async Capable": false, "Scan Direction": "Forward", "Index Name": "company_type_pkey", "Relation Name": "company_type", "Alias": "ct", "Startup Cost": 0.13, "Total Cost": 0.15, "Plan Rows": 1, "Plan Width": 4, "Index Cond": "(id = mc.company_type_id)"}]}, {"Node Type": "Seq Scan", "Parent Relationship": "Inner", "Parallel Aware": false, "Async Capable": false, "Relation Name": "movie_keyword", "Alias": "mk", "Startup Cost": 0.0, "Total Cost": 69719.3, "Plan Rows": 4523930, "Plan Width": 8}]}, {"Node Type": "Index Scan", "Parent Relationship": "Inner", "Parallel Aware": false, "Async Capable": false, "Scan Direction": "Forward", "Index Name": "keyword_pkey", "Relation Name": "keyword", "Alias": "k", "Startup Cost": 0.42, "Total Cost": 0.44, "Plan Rows": 1, "Plan Width": 4, "Index Cond": "(id = mk.keyword_id)"}]}, {"Node Type": "Index Scan", "Parent Relationship": "Inner", "Parallel Aware": false, "Async Capable": false, "Scan Direction": "Forward", "Index Name": "title_pkey", "Relation Name": "title", "Alias": "t", "Startup Cost": 0.43, "Total Cost": 0.49, "Plan Rows": 1, "Plan Width": 21, "Index Cond": "(id = mk.movie_id)", "Filter": "(production_year >= 1986)"}]}, {"Node Type": "Seq Scan", "Parent Relationship": "Inner", "Parallel Aware": false, "Async Capable": false, "Relation Name": "aka_title", "Alias": "at", "Startup Cost": 0.0, "Total Cost": 9846.72, "Plan Rows": 361472, "Plan Width": 4}]}]}]}]}}]