[{"Plan": {"Node Type": "Aggregate", "Strategy": "Plain", "Partial Mode": "Finalize", "Parallel Aware": false, "Async Capable": false, "Startup Cost": 385840.45, "Total Cost": 385840.46, "Plan Rows": 1, "Plan Width": 32, "Plans": [{"Node Type": "Gather", "Parent Relationship": "Outer", "Parallel Aware": false, "Async Capable": false, "Startup Cost": 385839.83, "Total Cost": 385840.44, "Plan Rows": 6, "Plan Width": 32, "Workers Planned": 6, "Single Copy": false, "Plans": [{"Node Type": "Aggregate", "Strategy": "Plain", "Partial Mode": "Partial", "Parent Relationship": "Outer", "Parallel Aware": false, "Async Capable": false, "Startup Cost": 384839.83, "Total Cost": 384839.84, "Plan Rows": 1, "Plan Width": 32, "Plans": [{"Node Type": "Nested Loop", "Parent Relationship": "Outer", "Parallel Aware": false, "Async Capable": false, "Join Type": "Inner", "Startup Cost": 49082.64, "Total Cost": 384839.82, "Plan Rows": 1, "Plan Width": 17, "Inner Unique": true, "Plans": [{"Node Type": "Nested Loop", "Parent Relationship": "Outer", "Parallel Aware": false, "Async Capable": false, "Join Type": "Inner", "Startup Cost": 49082.21, "Total Cost": 384839.37, "Plan Rows": 1, "Plan Width": 21, "Inner Unique": true, "Plans": [{"Node Type": "Hash Join", "Parent Relationship": "Outer", "Parallel Aware": false, "Async Capable": false, "Join Type": "Inner", "Startup Cost": 49081.78, "Total Cost": 384838.91, "Plan Rows": 1, "Plan Width": 25, "Inner Unique": false, "Hash Cond": "(t.id = cc.movie_id)", "Plans": [{"Node Type": "Hash Join", "Parent Relationship": "Outer", "Parallel Aware": true, "Async Capable": false, "Join Type": "Inner", "Startup Cost": 45974.36, "Total Cost": 381730.86, "Plan Rows": 166, "Plan Width": 37, "Inner Unique": false, "Hash Cond": "(ci.movie_id = t.id)", "Plans": [{"Node Type": "Seq Scan", "Parent Relationship": "Outer", "Parallel Aware": true, "Async Capable": false, "Relation Name": "cast_info", "Alias": "ci", "Startup Cost": 0.0, "Total Cost": 313110.03, "Plan Rows": 6039003, "Plan Width": 12}, {"Node Type": "Hash", "Parent Relationship": "Inner", "Parallel Aware": true, "Async Capable": false, "Startup Cost": 45974.25, "Total Cost": 45974.25, "Plan Rows": 9, "Plan Width": 25, "Plans": [{"Node Type": "Hash Join", "Parent Relationship": "Outer", "Parallel Aware": false, "Async Capable": false, "Join Type": "Inner", "Startup Cost": 3022.22, "Total Cost": 45974.25, "Plan Rows": 9, "Plan Width": 25, "Inner Unique": true, "Hash Cond": "(t.kind_id = kt.id)", "Plans": [{"Node Type": "Nested Loop", "Parent Relationship": "Outer", "Parallel Aware": false, "Async Capable": false, "Join Type": "Inner", "Startup Cost": 3021.12, "Total Cost": 45972.88, "Plan Rows": 65, "Plan Width": 29, "Inner Unique": true, "Plans": [{"Node Type": "Hash Join", "Parent Relationship": "Outer", "Parallel Aware": false, "Async Capable": false, "Join Type": "Inner", "Startup Cost": 3020.69, "Total Cost": 45924.88, "Plan Rows": 98, "Plan Width": 4, "Inner Unique": true, "Hash Cond": "(mk.keyword_id = k.id)", "Plans": [{"Node Type": "Seq Scan", "Parent Relationship": "Outer", "Parallel Aware": true, "Async Capable": false, "Relation Name": "movie_keyword", "Alias": "mk", "Startup Cost": 0.0, "Total Cost": 39073.32, "Plan Rows": 1459332, "Plan Width": 8}, {"Node Type": "Hash", "Parent Relationship": "Inner", "Parallel Aware": false, "Async Capable": false, "Startup Cost": 3020.57, "Total Cost": 3020.57, "Plan Rows": 9, "Plan Width": 4, "Plans": [{"Node Type": "Seq Scan", "Parent Relationship": "Outer", "Parallel Aware": false, "Async Capable": false, "Relation Name": "keyword", "Alias": "k", "Startup Cost": 0.02, "Total Cost": 3020.57, "Plan Rows": 9, "Plan Width": 4, "Filter": "((keyword)::text = ANY ('{\"10,000-mile-club\",alienation,based-on-comic,based-on-novel,blood,character-name-in-title,claw,computer-animated-movie,computer-animation}'::text[]))"}]}]}, {"Node Type": "Index Scan", "Parent Relationship": "Inner", "Parallel Aware": false, "Async Capable": false, "Scan Direction": "Forward", "Index Name": "title_pkey", "Relation Name": "title", "Alias": "t", "Startup Cost": 0.43, "Total Cost": 0.49, "Plan Rows": 1, "Plan Width": 25, "Index Cond": "(id = mk.movie_id)", "Filter": "(production_year <= 2007)"}]}, {"Node Type": "Hash", "Parent Relationship": "Inner", "Parallel Aware": false, "Async Capable": false, "Startup Cost": 1.09, "Total Cost": 1.09, "Plan Rows": 1, "Plan Width": 4, "Plans": [{"Node Type": "Seq Scan", "Parent Relationship": "Outer", "Parallel Aware": false, "Async Capable": false, "Relation Name": "kind_type", "Alias": "kt", "Startup Cost": 0.0, "Total Cost": 1.09, "Plan Rows": 1, "Plan Width": 4, "Filter": "((kind)::text = 'tv movie'::text)"}]}]}]}]}, {"Node Type": "Hash", "Parent Relationship": "Inner", "Parallel Aware": false, "Async Capable": false, "Startup Cost": 3001.88, "Total Cost": 3001.88, "Plan Rows": 8443, "Plan Width": 4, "Plans": [{"Node Type": "Hash Join", "Parent Relationship": "Outer", "Parallel Aware": false, "Async Capable": false, "Join Type": "Inner", "Startup Cost": 2.12, "Total Cost": 3001.88, "Plan Rows": 8443, "Plan Width": 4, "Inner Unique": true, "Hash Cond": "(cc.status_id = cct2.id)", "Plans": [{"Node Type": "Hash Join", "Parent Relationship": "Outer", "Parallel Aware": false, "Async Capable": false, "Join Type": "Inner", "Startup Cost": 1.06, "Total Cost": 2818.24, "Plan Rows": 33772, "Plan Width": 8, "Inner Unique": true, "Hash Cond": "(cc.subject_id = cct1.id)", "Plans": [{"Node Type": "Seq Scan", "Parent Relationship": "Outer", "Parallel Aware": false, "Async Capable": false, "Relation Name": "complete_cast", "Alias": "cc", "Startup Cost": 0.0, "Total Cost": 2086.86, "Plan Rows": 135086, "Plan Width": 12}, {"Node Type": "Hash", "Parent Relationship": "Inner", "Parallel Aware": false, "Async Capable": false, "Startup Cost": 1.05, "Total Cost": 1.05, "Plan Rows": 1, "Plan Width": 4, "Plans": [{"Node Type": "Seq Scan", "Parent Relationship": "Outer", "Parallel Aware": false, "Async Capable": false, "Relation Name": "comp_cast_type", "Alias": "cct1", "Startup Cost": 0.0, "Total Cost": 1.05, "Plan Rows": 1, "Plan Width": 4, "Filter": "((kind)::text = 'cast'::text)"}]}]}, {"Node Type": "Hash", "Parent Relationship": "Inner", "Parallel Aware": false, "Async Capable": false, "Startup Cost": 1.05, "Total Cost": 1.05, "Plan Rows": 1, "Plan Width": 4, "Plans": [{"Node Type": "Seq Scan", "Parent Relationship": "Outer", "Parallel Aware": false, "Async Capable": false, "Relation Name": "comp_cast_type", "Alias": "cct2", "Startup Cost": 0.0, "Total Cost": 1.05, "Plan Rows": 1, "Plan Width": 4, "Filter": "((kind)::text ~~ '%complete%'::text)"}]}]}]}]}, {"Node Type": "Index Scan", "Parent Relationship": "Inner", "Parallel Aware": false, "Async Capable": false, "Scan Direction": "Forward", "Index Name": "char_name_pkey", "Relation Name": "char_name", "Alias": "chn", "Startup Cost": 0.43, "Total Cost": 0.46, "Plan Rows": 1, "Plan Width": 4, "Index Cond": "(id = ci.person_role_id)", "Filter": "(((name)::text !~~ '%Tony%Stark%'::text) AND (((name)::text ~~ '%Iron%Man%'::text) OR ((name)::text ~~ '%Man%'::text)))"}]}, {"Node Type": "Index Only Scan", "Parent Relationship": "Inner", "Parallel Aware": false, "Async Capable": false, "Scan Direction": "Forward", "Index Name": "name_pkey", "Relation Name": "name", "Alias": "n", "Startup Cost": 0.43, "Total Cost": 0.45, "Plan Rows": 1, "Plan Width": 4, "Index Cond": "(id = ci.person_id)"}]}]}]}]}}, {"Plan": {"Node Type": "Aggregate", "Strategy": "Plain", "Partial Mode": "Simple", "Parallel Aware": false, "Async Capable": false, "Startup Cost": 100000841030.05, "Total Cost": 100000841030.06, "Plan Rows": 1, "Plan Width": 32, "Plans": [{"Node Type": "Nested Loop", "Parent Relationship": "Outer", "Parallel Aware": false, "Async Capable": false, "Join Type": "Inner", "Startup Cost": 100000090051.2, "Total Cost": 100000841030.04, "Plan Rows": 1, "Plan Width": 17, "Inner Unique": true, "Plans": [{"Node Type": "Nested Loop", "Parent Relationship": "Outer", "Parallel Aware": false, "Async Capable": false, "Join Type": "Inner", "Startup Cost": 90000090050.77, "Total Cost": 90000841025.59, "Plan Rows": 1, "Plan Width": 21, "Inner Unique": true, "Plans": [{"Node Type": "Hash Join", "Parent Relationship": "Outer", "Parallel Aware": false, "Async Capable": false, "Join Type": "Inner", "Startup Cost": 80000090050.33, "Total Cost": 80000840989.92, "Plan Rows": 8, "Plan Width": 25, "Inner Unique": true, "Hash Cond": "(t.kind_id = kt.id)", "Plans": [{"Node Type": "Hash Join", "Parent Relationship": "Outer", "Parallel Aware": false, "Async Capable": false, "Join Type": "Inner", "Startup Cost": 70000090038.06, "Total Cost": 70000840977.41, "Plan Rows": 57, "Plan Width": 29, "Inner Unique": false, "Hash Cond": "(ci.movie_id = t.id)", "Plans": [{"Node Type": "Seq Scan", "Parent Relationship": "Outer", "Parallel Aware": false, "Async Capable": false, "Relation Name": "cast_info", "Alias": "ci", "Startup Cost": 10000000000.0, "Total Cost": 10000615060.2, "Plan Rows": 36234020, "Plan Width": 12}, {"Node Type": "Hash", "Parent Relationship": "Inner", "Parallel Aware": false, "Async Capable": false, "Startup Cost": 60000090037.92, "Total Cost": 60000090037.92, "Plan Rows": 11, "Plan Width": 33, "Plans": [{"Node Type": "Nested Loop", "Parent Relationship": "Outer", "Parallel Aware": false, "Async Capable": false, "Join Type": "Inner", "Startup Cost": 60000087351.04, "Total Cost": 60000090037.92, "Plan Rows": 11, "Plan Width": 33, "Inner Unique": true, "Plans": [{"Node Type": "Nested Loop", "Parent Relationship": "Outer", "Parallel Aware": false, "Async Capable": false, "Join Type": "Inner", "Startup Cost": 50000087350.59, "Total Cost": 50000089962.09, "Plan Rows": 17, "Plan Width": 8, "Inner Unique": true, "Plans": [{"Node Type": "Hash Join", "Parent Relationship": "Outer", "Parallel Aware": false, "Async Capable": false, "Join Type": "Inner", "Startup Cost": 40000087350.44, "Total Cost": 40000089948.06, "Plan Rows": 68, "Plan Width": 12, "Inner Unique": true, "Hash Cond": "(cc.subject_id = cct1.id)", "Plans": [{"Node Type": "Hash Join", "Parent Relationship": "Outer", "Parallel Aware": false, "Async Capable": false, "Join Type": "Inner", "Startup Cost": 30000087338.23, "Total Cost": 30000089934.37, "Plan Rows": 272, "Plan Width": 16, "Inner Unique": false, "Hash Cond": "(cc.movie_id = mk.movie_id)", "Plans": [{"Node Type": "Seq Scan", "Parent Relationship": "Outer", "Parallel Aware": false, "Async Capable": false, "Relation Name": "complete_cast", "Alias": "cc", "Startup Cost": 10000000000.0, "Total Cost": 10000002086.86, "Plan Rows": 135086, "Plan Width": 12}, {"Node Type": "Hash", "Parent Relationship": "Inner", "Parallel Aware": false, "Async Capable": false, "Startup Cost": 20000087334.44, "Total Cost": 20000087334.44, "Plan Rows": 303, "Plan Width": 4, "Plans": [{"Node Type": "Hash Join", "Parent Relationship": "Outer", "Parallel Aware": false, "Async Capable": false, "Join Type": "Inner", "Startup Cost": 20000005739.45, "Total Cost": 20000087334.44, "Plan Rows": 303, "Plan Width": 4, "Inner Unique": true, "Hash Cond": "(mk.keyword_id = k.id)", "Plans": [{"Node Type": "Seq Scan", "Parent Relationship": "Outer", "Parallel Aware": false, "Async Capable": false, "Relation Name": "movie_keyword", "Alias": "mk", "Startup Cost": 10000000000.0, "Total Cost": 10000069719.3, "Plan Rows": 4523930, "Plan Width": 8}, {"Node Type": "Hash", "Parent Relationship": "Inner", "Parallel Aware": false, "Async Capable": false, "Startup Cost": 10000005739.34, "Total Cost": 10000005739.34, "Plan Rows": 9, "Plan Width": 4, "Plans": [{"Node Type": "Index Scan", "Parent Relationship": "Outer", "Parallel Aware": false, "Async Capable": false, "Scan Direction": "Forward", "Index Name": "keyword_pkey", "Relation Name": "keyword", "Alias": "k", "Startup Cost": 10000000000.44, "Total Cost": 10000005739.34, "Plan Rows": 9, "Plan Width": 4, "Filter": "((keyword)::text = ANY ('{\"10,000-mile-club\",alienation,based-on-comic,based-on-novel,blood,character-name-in-title,claw,computer-animated-movie,computer-animation}'::text[]))"}]}]}]}]}, {"Node Type": "Hash", "Parent Relationship": "Inner", "Parallel Aware": false, "Async Capable": false, "Startup Cost": 10000000012.2, "Total Cost": 10000000012.2, "Plan Rows": 1, "Plan Width": 4, "Plans": [{"Node Type": "Index Scan", "Parent Relationship": "Outer", "Parallel Aware": false, "Async Capable": false, "Scan Direction": "Forward", "Index Name": "comp_cast_type_pkey", "Relation Name": "comp_cast_type", "Alias": "cct1", "Startup Cost": 10000000000.13, "Total Cost": 10000000012.2, "Plan Rows": 1, "Plan Width": 4, "Filter": "((kind)::text = 'cast'::text)"}]}]}, {"Node Type": "Memoize", "Parent Relationship": "Inner", "Parallel Aware": false, "Async Capable": false, "Startup Cost": 0.15, "Total Cost": 4.16, "Plan Rows": 1, "Plan Width": 4, "Cache Key": "cc.status_id", "Cache Mode": "logical", "Plans": [{"Node Type": "Bitmap Heap Scan", "Parent Relationship": "Outer", "Parallel Aware": false, "Async Capable": false, "Relation Name": "comp_cast_type", "Alias": "cct2", "Startup Cost": 0.14, "Total Cost": 4.15, "Plan Rows": 1, "Plan Width": 4, "Recheck Cond": "(id = cc.status_id)", "Filter": "((kind)::text ~~ '%complete%'::text)", "Plans": [{"Node Type": "Bitmap Index Scan", "Parent Relationship": "Outer", "Parallel Aware": false, "Async Capable": false, "Index Name": "comp_cast_type_pkey", "Startup Cost": 0.0, "Total Cost": 0.14, "Plan Rows": 1, "Plan Width": 0, "Index Cond": "(id = cc.status_id)"}]}]}]}, {"Node Type": "Bitmap Heap Scan", "Parent Relationship": "Inner", "Parallel Aware": false, "Async Capable": false, "Relation Name": "title", "Alias": "t", "Startup Cost": 0.45, "Total Cost": 4.46, "Plan Rows": 1, "Plan Width": 25, "Recheck Cond": "(id = mk.movie_id)", "Filter": "(production_year <= 2007)", "Plans": [{"Node Type": "Bitmap Index Scan", "Parent Relationship": "Outer", "Parallel Aware": false, "Async Capable": false, "Index Name": "title_pkey", "Startup Cost": 0.0, "Total Cost": 0.45, "Plan Rows": 1, "Plan Width": 0, "Index Cond": "(id = mk.movie_id)"}]}]}]}]}, {"Node Type": "Hash", "Parent Relationship": "Inner", "Parallel Aware": false, "Async Capable": false, "Startup Cost": 10000000012.25, "Total Cost": 10000000012.25, "Plan Rows": 1, "Plan Width": 4, "Plans": [{"Node Type": "Index Scan", "Parent Relationship": "Outer", "Parallel Aware": false, "Async Capable": false, "Scan Direction": "Forward", "Index Name": "kind_type_pkey", "Relation Name": "kind_type", "Alias": "kt", "Startup Cost": 10000000000.13, "Total Cost": 10000000012.25, "Plan Rows": 1, "Plan Width": 4, "Filter": "((kind)::text = 'tv movie'::text)"}]}]}, {"Node Type": "Bitmap Heap Scan", "Parent Relationship": "Inner", "Parallel Aware": false, "Async Capable": false, "Relation Name": "char_name", "Alias": "chn", "Startup Cost": 0.44, "Total Cost": 4.46, "Plan Rows": 1, "Plan Width": 4, "Recheck Cond": "(id = ci.person_role_id)", "Filter": "(((name)::text !~~ '%Tony%Stark%'::text) AND (((name)::text ~~ '%Iron%Man%'::text) OR ((name)::text ~~ '%Man%'::text)))", "Plans": [{"Node Type": "Bitmap Index Scan", "Parent Relationship": "Outer", "Parallel Aware": false, "Async Capable": false, "Index Name": "char_name_pkey", "Startup Cost": 0.0, "Total Cost": 0.44, "Plan Rows": 1, "Plan Width": 0, "Index Cond": "(id = ci.person_role_id)"}]}]}, {"Node Type": "Bitmap Heap Scan", "Parent Relationship": "Inner", "Parallel Aware": false, "Async Capable": false, "Relation Name": "name", "Alias": "n", "Startup Cost": 0.44, "Total Cost": 4.45, "Plan Rows": 1, "Plan Width": 4, "Recheck Cond": "(id = ci.person_id)", "Plans": [{"Node Type": "Bitmap Index Scan", "Parent Relationship": "Outer", "Parallel Aware": false, "Async Capable": false, "Index Name": "name_pkey", "Startup Cost": 0.0, "Total Cost": 0.44, "Plan Rows": 1, "Plan Width": 0, "Index Cond": "(id = ci.person_id)"}]}]}]}}, {"Plan": {"Node Type": "Aggregate", "Strategy": "Plain", "Partial Mode": "Simple", "Parallel Aware": false, "Async Capable": false, "Startup Cost": 30001254537.85, "Total Cost": 30001254537.86, "Plan Rows": 1, "Plan Width": 32, "Plans": [{"Node Type": "Hash Join", "Parent Relationship": "Outer", "Parallel Aware": false, "Async Capable": false, "Join Type": "Inner", "Startup Cost": 30001102079.77, "Total Cost": 30001254537.85, "Plan Rows": 1, "Plan Width": 17, "Inner Unique": false, "Hash Cond": "(chn.id = ci.person_role_id)", "Plans": [{"Node Type": "Index Scan", "Parent Relationship": "Outer", "Parallel Aware": false, "Async Capable": false, "Scan Direction": "Forward", "Index Name": "char_name_pkey", "Relation Name": "char_name", "Alias": "chn", "Startup Cost": 0.43, "Total Cost": 152268.55, "Plan Rows": 50650, "Plan Width": 4, "Filter": "(((name)::text !~~ '%Tony%Stark%'::text) AND (((name)::text ~~ '%Iron%Man%'::text) OR ((name)::text ~~ '%Man%'::text)))"}, {"Node Type": "Hash", "Parent Relationship": "Inner", "Parallel Aware": false, "Async Capable": false, "Startup Cost": 30001102079.24, "Total Cost": 30001102079.24, "Plan Rows": 8, "Plan Width": 21, "Plans": [{"Node Type": "Hash Join", "Parent Relationship": "Outer", "Parallel Aware": false, "Async Capable": false, "Join Type": "Inner", "Startup Cost": 30000963848.98, "Total Cost": 30001102079.24, "Plan Rows": 8, "Plan Width": 21, "Inner Unique": true, "Hash Cond": "(t.kind_id = kt.id)", "Plans": [{"Node Type": "Hash Join", "Parent Relationship": "Outer", "Parallel Aware": false, "Async Capable": false, "Join Type": "Inner", "Startup Cost": 30000963836.71, "Total Cost": 30001102066.74, "Plan Rows": 57, "Plan Width": 25, "Inner Unique": false, "Hash Cond": "(n.id = ci.person_id)", "Plans": [{"Node Type": "Index Only Scan", "Parent Relationship": "Outer", "Parallel Aware": false, "Async Capable": false, "Scan Direction": "Forward", "Index Name": "name_pkey", "Relation Name": "name", "Alias": "n", "Startup Cost": 0.43, "Total Cost": 122601.8, "Plan Rows": 4167491, "Plan Width": 4}, {"Node Type": "Hash", "Parent Relationship": "Inner", "Parallel Aware": false, "Async Capable": false, "Startup Cost": 30000963835.57, "Total Cost": 30000963835.57, "Plan Rows": 57, "Plan Width": 29, "Plans": [{"Node Type": "Hash Join", "Parent Relationship": "Outer", "Parallel Aware": false, "Async Capable": false, "Join Type": "Inner", "Startup Cost": 30000212896.21, "Total Cost": 30000963835.57, "Plan Rows": 57, "Plan Width": 29, "Inner Unique": false, "Hash Cond": "(ci.movie_id = t.id)", "Plans": [{"Node Type": "Seq Scan", "Parent Relationship": "Outer", "Parallel Aware": false, "Async Capable": false, "Relation Name": "cast_info", "Alias": "ci", "Startup Cost": 10000000000.0, "Total Cost": 10000615060.2, "Plan Rows": 36234020, "Plan Width": 12}, {"Node Type": "Hash", "Parent Relationship": "Inner", "Parallel Aware": false, "Async Capable": false, "Startup Cost": 20000212896.08, "Total Cost": 20000212896.08, "Plan Rows": 11, "Plan Width": 33, "Plans": [{"Node Type": "Hash Join", "Parent Relationship": "Outer", "Parallel Aware": false, "Async Capable": false, "Join Type": "Inner", "Startup Cost": 20000089961.28, "Total Cost": 20000212896.08, "Plan Rows": 11, "Plan Width": 33, "Inner Unique": false, "Hash Cond": "(t.id = mk.movie_id)", "Plans": [{"Node Type": "Index Scan", "Parent Relationship": "Outer", "Parallel Aware": false, "Async Capable": false, "Scan Direction": "Forward", "Index Name": "title_pkey", "Relation Name": "title", "Alias": "t", "Startup Cost": 0.43, "Total Cost": 116689.45, "Plan Rows": 1665512, "Plan Width": 25, "Filter": "(production_year <= 2007)"}, {"Node Type": "Hash", "Parent Relationship": "Inner", "Parallel Aware": false, "Async Capable": false, "Startup Cost": 20000089960.64, "Total Cost": 20000089960.64, "Plan Rows": 17, "Plan Width": 8, "Plans": [{"Node Type": "Hash Join", "Parent Relationship": "Outer", "Parallel Aware": false, "Async Capable": false, "Join Type": "Inner", "Startup Cost": 20000087362.66, "Total Cost": 20000089960.64, "Plan Rows": 17, "Plan Width": 8, "Inner Unique": true, "Hash Cond": "(cc.status_id = cct2.id)", "Plans": [{"Node Type": "Hash Join", "Parent Relationship": "Outer", "Parallel Aware": false, "Async Capable": false, "Join Type": "Inner", "Startup Cost": 20000087350.44, "Total Cost": 20000089948.06, "Plan Rows": 68, "Plan Width": 12, "Inner Unique": true, "Hash Cond": "(cc.subject_id = cct1.id)", "Plans": [{"Node Type": "Hash Join", "Parent Relationship": "Outer", "Parallel Aware": false, "Async Capable": false, "Join Type": "Inner", "Startup Cost": 20000087338.23, "Total Cost": 20000089934.37, "Plan Rows": 272, "Plan Width": 16, "Inner Unique": false, "Hash Cond": "(cc.movie_id = mk.movie_id)", "Plans": [{"Node Type": "Seq Scan", "Parent Relationship": "Outer", "Parallel Aware": false, "Async Capable": false, "Relation Name": "complete_cast", "Alias": "cc", "Startup Cost": 10000000000.0, "Total Cost": 10000002086.86, "Plan Rows": 135086, "Plan Width": 12}, {"Node Type": "Hash", "Parent Relationship": "Inner", "Parallel Aware": false, "Async Capable": false, "Startup Cost": 10000087334.44, "Total Cost": 10000087334.44, "Plan Rows": 303, "Plan Width": 4, "Plans": [{"Node Type": "Hash Join", "Parent Relationship": "Outer", "Parallel Aware": false, "Async Capable": false, "Join Type": "Inner", "Startup Cost": 10000005739.45, "Total Cost": 10000087334.44, "Plan Rows": 303, "Plan Width": 4, "Inner Unique": true, "Hash Cond": "(mk.keyword_id = k.id)", "Plans": [{"Node Type": "Seq Scan", "Parent Relationship": "Outer", "Parallel Aware": false, "Async Capable": false, "Relation Name": "movie_keyword", "Alias": "mk", "Startup Cost": 10000000000.0, "Total Cost": 10000069719.3, "Plan Rows": 4523930, "Plan Width": 8}, {"Node Type": "Hash", "Parent Relationship": "Inner", "Parallel Aware": false, "Async Capable": false, "Startup Cost": 5739.34, "Total Cost": 5739.34, "Plan Rows": 9, "Plan Width": 4, "Plans": [{"Node Type": "Index Scan", "Parent Relationship": "Outer", "Parallel Aware": false, "Async Capable": false, "Scan Direction": "Forward", "Index Name": "keyword_pkey", "Relation Name": "keyword", "Alias": "k", "Startup Cost": 0.44, "Total Cost": 5739.34, "Plan Rows": 9, "Plan Width": 4, "Filter": "((keyword)::text = ANY ('{\"10,000-mile-club\",alienation,based-on-comic,based-on-novel,blood,character-name-in-title,claw,computer-animated-movie,computer-animation}'::text[]))"}]}]}]}]}, {"Node Type": "Hash", "Parent Relationship": "Inner", "Parallel Aware": false, "Async Capable": false, "Startup Cost": 12.2, "Total Cost": 12.2, "Plan Rows": 1, "Plan Width": 4, "Plans": [{"Node Type": "Index Scan", "Parent Relationship": "Outer", "Parallel Aware": false, "Async Capable": false, "Scan Direction": "Forward", "Index Name": "comp_cast_type_pkey", "Relation Name": "comp_cast_type", "Alias": "cct1", "Startup Cost": 0.13, "Total Cost": 12.2, "Plan Rows": 1, "Plan Width": 4, "Filter": "((kind)::text = 'cast'::text)"}]}]}, {"Node Type": "Hash", "Parent Relationship": "Inner", "Parallel Aware": false, "Async Capable": false, "Startup Cost": 12.2, "Total Cost": 12.2, "Plan Rows": 1, "Plan Width": 4, "Plans": [{"Node Type": "Index Scan", "Parent Relationship": "Outer", "Parallel Aware": false, "Async Capable": false, "Scan Direction": "Forward", "Index Name": "comp_cast_type_pkey", "Relation Name": "comp_cast_type", "Alias": "cct2", "Startup Cost": 0.13, "Total Cost": 12.2, "Plan Rows": 1, "Plan Width": 4, "Filter": "((kind)::text ~~ '%complete%'::text)"}]}]}]}]}]}]}]}]}, {"Node Type": "Hash", "Parent Relationship": "Inner", "Parallel Aware": false, "Async Capable": false, "Startup Cost": 12.26, "Total Cost": 12.26, "Plan Rows": 1, "Plan Width": 4, "Plans": [{"Node Type": "Index Scan", "Parent Relationship": "Outer", "Parallel Aware": false, "Async Capable": false, "Scan Direction": "Forward", "Index Name": "kind_type_pkey", "Relation Name": "kind_type", "Alias": "kt", "Startup Cost": 0.13, "Total Cost": 12.26, "Plan Rows": 1, "Plan Width": 4, "Filter": "((kind)::text = 'tv movie'::text)"}]}]}]}]}]}}, {"Plan": {"Node Type": "Aggregate", "Strategy": "Plain", "Partial Mode": "Simple", "Parallel Aware": false, "Async Capable": false, "Startup Cost": 30001244648.51, "Total Cost": 30001244648.52, "Plan Rows": 1, "Plan Width": 32, "Plans": [{"Node Type": "Hash Join", "Parent Relationship": "Outer", "Parallel Aware": false, "Async Capable": false, "Join Type": "Inner", "Startup Cost": 30001092253.61, "Total Cost": 30001244648.51, "Plan Rows": 1, "Plan Width": 17, "Inner Unique": true, "Hash Cond": "(t.kind_id = kt.id)", "Plans": [{"Node Type": "Merge Join", "Parent Relationship": "Outer", "Parallel Aware": false, "Async Capable": false, "Join Type": "Inner", "Startup Cost": 30001092241.35, "Total Cost": 30001244636.24, "Plan Rows": 1, "Plan Width": 21, "Inner Unique": false, "Merge Cond": "(chn.id = ci.person_role_id)", "Plans": [{"Node Type": "Index Scan", "Parent Relationship": "Outer", "Parallel Aware": false, "Async Capable": false, "Scan Direction": "Forward", "Index Name": "char_name_pkey", "Relation Name": "char_name", "Alias": "chn", "Startup Cost": 0.43, "Total Cost": 152268.55, "Plan Rows": 50650, "Plan Width": 4, "Filter": "(((name)::text !~~ '%Tony%Stark%'::text) AND (((name)::text ~~ '%Iron%Man%'::text) OR ((name)::text ~~ '%Man%'::text)))"}, {"Node Type": "Sort", "Parent Relationship": "Inner", "Parallel Aware": false, "Async Capable": false, "Startup Cost": 30001092240.91, "Total Cost": 30001092241.05, "Plan Rows": 57, "Plan Width": 25, "Sort Key": ["ci.person_role_id"], "Plans": [{"Node Type": "Merge Join", "Parent Relationship": "Outer", "Parallel Aware": false, "Async Capable": false, "Join Type": "Inner", "Startup Cost": 30000962642.99, "Total Cost": 30001092239.24, "Plan Rows": 57, "Plan Width": 25, "Inner Unique": true, "Merge Cond": "(ci.person_id = n.id)", "Plans": [{"Node Type": "Sort", "Parent Relationship": "Outer", "Parallel Aware": false, "Async Capable": false, "Startup Cost": 30000962642.56, "Total Cost": 30000962642.71, "Plan Rows": 57, "Plan Width": 29, "Sort Key": ["ci.person_id"], "Plans": [{"Node Type": "Hash Join", "Parent Relationship": "Outer", "Parallel Aware": false, "Async Capable": false, "Join Type": "Inner", "Startup Cost": 30000211701.55, "Total Cost": 30000962640.9, "Plan Rows": 57, "Plan Width": 29, "Inner Unique": false, "Hash Cond": "(ci.movie_id = t.id)", "Plans": [{"Node Type": "Seq Scan", "Parent Relationship": "Outer", "Parallel Aware": false, "Async Capable": false, "Relation Name": "cast_info", "Alias": "ci", "Startup Cost": 10000000000.0, "Total Cost": 10000615060.2, "Plan Rows": 36234020, "Plan Width": 12}, {"Node Type": "Hash", "Parent Relationship": "Inner", "Parallel Aware": false, "Async Capable": false, "Startup Cost": 20000211701.41, "Total Cost": 20000211701.41, "Plan Rows": 11, "Plan Width": 33, "Plans": [{"Node Type": "Merge Join", "Parent Relationship": "Outer", "Parallel Aware": false, "Async Capable": false, "Join Type": "Inner", "Startup Cost": 20000090924.5, "Total Cost": 20000211701.41, "Plan Rows": 11, "Plan Width": 33, "Inner Unique": true, "Merge Cond": "(mk.movie_id = t.id)", "Plans": [{"Node Type": "Merge Join", "Parent Relationship": "Outer", "Parallel Aware": false, "Async Capable": false, "Join Type": "Inner", "Startup Cost": 20000090921.75, "Total Cost": 20000090964.86, "Plan Rows": 17, "Plan Width": 8, "Inner Unique": false, "Merge Cond": "(mk.movie_id = cc.movie_id)", "Plans": [{"Node Type": "Sort", "Parent Relationship": "Outer", "Parallel Aware": false, "Async Capable": false, "Startup Cost": 10000087346.93, "Total Cost": 10000087347.69, "Plan Rows": 303, "Plan Width": 4, "Sort Key": ["mk.movie_id"], "Plans": [{"Node Type": "Hash Join", "Parent Relationship": "Outer", "Parallel Aware": false, "Async Capable": false, "Join Type": "Inner", "Startup Cost": 10000005739.45, "Total Cost": 10000087334.44, "Plan Rows": 303, "Plan Width": 4, "Inner Unique": true, "Hash Cond": "(mk.keyword_id = k.id)", "Plans": [{"Node Type": "Seq Scan", "Parent Relationship": "Outer", "Parallel Aware": false, "Async Capable": false, "Relation Name": "movie_keyword", "Alias": "mk", "Startup Cost": 10000000000.0, "Total Cost": 10000069719.3, "Plan Rows": 4523930, "Plan Width": 8}, {"Node Type": "Hash", "Parent Relationship": "Inner", "Parallel Aware": false, "Async Capable": false, "Startup Cost": 5739.34, "Total Cost": 5739.34, "Plan Rows": 9, "Plan Width": 4, "Plans": [{"Node Type": "Index Scan", "Parent Relationship": "Outer", "Parallel Aware": false, "Async Capable": false, "Scan Direction": "Forward", "Index Name": "keyword_pkey", "Relation Name": "keyword", "Alias": "k", "Startup Cost": 0.44, "Total Cost": 5739.34, "Plan Rows": 9, "Plan Width": 4, "Filter": "((keyword)::text = ANY ('{\"10,000-mile-club\",alienation,based-on-comic,based-on-novel,blood,character-name-in-title,claw,computer-animated-movie,computer-animation}'::text[]))"}]}]}]}, {"Node Type": "Sort", "Parent Relationship": "Inner", "Parallel Aware": false, "Async Capable": false, "Startup Cost": 10000003574.81, "Total Cost": 10000003595.92, "Plan Rows": 8443, "Plan Width": 4, "Sort Key": ["cc.movie_id"], "Plans": [{"Node Type": "Hash Join", "Parent Relationship": "Outer", "Parallel Aware": false, "Async Capable": false, "Join Type": "Inner", "Startup Cost": 10000000024.43, "Total Cost": 10000003024.18, "Plan Rows": 8443, "Plan Width": 4, "Inner Unique": true, "Hash Cond": "(cc.status_id = cct2.id)", "Plans": [{"Node Type": "Hash Join", "Parent Relationship": "Outer", "Parallel Aware": false, "Async Capable": false, "Join Type": "Inner", "Startup Cost": 10000000012.21, "Total Cost": 10000002829.39, "Plan Rows": 33772, "Plan Width": 8, "Inner Unique": true, "Hash Cond": "(cc.subject_id = cct1.id)", "Plans": [{"Node Type": "Seq Scan", "Parent Relationship": "Outer", "Parallel Aware": false, "Async Capable": false, "Relation Name": "complete_cast", "Alias": "cc", "Startup Cost": 10000000000.0, "Total Cost": 10000002086.86, "Plan Rows": 135086, "Plan Width": 12}, {"Node Type": "Hash", "Parent Relationship": "Inner", "Parallel Aware": false, "Async Capable": false, "Startup Cost": 12.2, "Total Cost": 12.2, "Plan Rows": 1, "Plan Width": 4, "Plans": [{"Node Type": "Index Scan", "Parent Relationship": "Outer", "Parallel Aware": false, "Async Capable": false, "Scan Direction": "Forward", "Index Name": "comp_cast_type_pkey", "Relation Name": "comp_cast_type", "Alias": "cct1", "Startup Cost": 0.13, "Total Cost": 12.2, "Plan Rows": 1, "Plan Width": 4, "Filter": "((kind)::text = 'cast'::text)"}]}]}, {"Node Type": "Hash", "Parent Relationship": "Inner", "Parallel Aware": false, "Async Capable": false, "Startup Cost": 12.2, "Total Cost": 12.2, "Plan Rows": 1, "Plan Width": 4, "Plans": [{"Node Type": "Index Scan", "Parent Relationship": "Outer", "Parallel Aware": false, "Async Capable": false, "Scan Direction": "Forward", "Index Name": "comp_cast_type_pkey", "Relation Name": "comp_cast_type", "Alias": "cct2", "Startup Cost": 0.13, "Total Cost": 12.2, "Plan Rows": 1, "Plan Width": 4, "Filter": "((kind)::text ~~ '%complete%'::text)"}]}]}]}]}, {"Node Type": "Index Scan", "Parent Relationship": "Inner", "Parallel Aware": false, "Async Capable": false, "Scan Direction": "Forward", "Index Name": "title_pkey", "Relation Name": "title", "Alias": "t", "Startup Cost": 0.43, "Total Cost": 116689.45, "Plan Rows": 1665512, "Plan Width": 25, "Filter": "(production_year <= 2007)"}]}]}]}]}, {"Node Type": "Index Only Scan", "Parent Relationship": "Inner", "Parallel Aware": false, "Async Capable": false, "Scan Direction": "Forward", "Index Name": "name_pkey", "Relation Name": "name", "Alias": "n", "Startup Cost": 0.43, "Total Cost": 122601.8, "Plan Rows": 4167491, "Plan Width": 4}]}]}]}, {"Node Type": "Hash", "Parent Relationship": "Inner", "Parallel Aware": false, "Async Capable": false, "Startup Cost": 12.26, "Total Cost": 12.26, "Plan Rows": 1, "Plan Width": 4, "Plans": [{"Node Type": "Index Scan", "Parent Relationship": "Outer", "Parallel Aware": false, "Async Capable": false, "Scan Direction": "Forward", "Index Name": "kind_type_pkey", "Relation Name": "kind_type", "Alias": "kt", "Startup Cost": 0.13, "Total Cost": 12.26, "Plan Rows": 1, "Plan Width": 4, "Filter": "((kind)::text = 'tv movie'::text)"}]}]}]}}, {"Plan": {"Node Type": "Aggregate", "Strategy": "Plain", "Partial Mode": "Simple", "Parallel Aware": false, "Async Capable": false, "Startup Cost": 30000841919.28, "Total Cost": 30000841919.29, "Plan Rows": 1, "Plan Width": 32, "Plans": [{"Node Type": "Nested Loop", "Parent Relationship": "Outer", "Parallel Aware": false, "Async Capable": false, "Join Type": "Inner", "Startup Cost": 30000090974.32, "Total Cost": 30000841919.28, "Plan Rows": 1, "Plan Width": 17, "Inner Unique": true, "Plans": [{"Node Type": "Nested Loop", "Parent Relationship": "Outer", "Parallel Aware": false, "Async Capable": false, "Join Type": "Inner", "Startup Cost": 30000090973.89, "Total Cost": 30000841918.83, "Plan Rows": 1, "Plan Width": 21, "Inner Unique": true, "Plans": [{"Node Type": "Nested Loop", "Parent Relationship": "Outer", "Parallel Aware": false, "Async Capable": false, "Join Type": "Inner", "Startup Cost": 30000090973.46, "Total Cost": 30000841915.15, "Plan Rows": 8, "Plan Width": 25, "Inner Unique": true, "Plans": [{"Node Type": "Hash Join", "Parent Relationship": "Outer", "Parallel Aware": false, "Async Capable": false, "Join Type": "Inner", "Startup Cost": 30000090973.32, "Total Cost": 30000841912.67, "Plan Rows": 57, "Plan Width": 29, "Inner Unique": false, "Hash Cond": "(ci.movie_id = t.id)", "Plans": [{"Node Type": "Seq Scan", "Parent Relationship": "Outer", "Parallel Aware": false, "Async Capable": false, "Relation Name": "cast_info", "Alias": "ci", "Startup Cost": 10000000000.0, "Total Cost": 10000615060.2, "Plan Rows": 36234020, "Plan Width": 12}, {"Node Type": "Hash", "Parent Relationship": "Inner", "Parallel Aware": false, "Async Capable": false, "Startup Cost": 20000090973.18, "Total Cost": 20000090973.18, "Plan Rows": 11, "Plan Width": 33, "Plans": [{"Node Type": "Nested Loop", "Parent Relationship": "Outer", "Parallel Aware": false, "Async Capable": false, "Join Type": "Inner", "Startup Cost": 20000090922.18, "Total Cost": 20000090973.18, "Plan Rows": 11, "Plan Width": 33, "Inner Unique": true, "Plans": [{"Node Type": "Merge Join", "Parent Relationship": "Outer", "Parallel Aware": false, "Async Capable": false, "Join Type": "Inner", "Startup Cost": 20000090921.75, "Total Cost": 20000090964.86, "Plan Rows": 17, "Plan Width": 8, "Inner Unique": false, "Merge Cond": "(mk.movie_id = cc.movie_id)", "Plans": [{"Node Type": "Sort", "Parent Relationship": "Outer", "Parallel Aware": false, "Async Capable": false, "Startup Cost": 10000087346.93, "Total Cost": 10000087347.69, "Plan Rows": 303, "Plan Width": 4, "Sort Key": ["mk.movie_id"], "Plans": [{"Node Type": "Hash Join", "Parent Relationship": "Outer", "Parallel Aware": false, "Async Capable": false, "Join Type": "Inner", "Startup Cost": 10000005739.45, "Total Cost": 10000087334.44, "Plan Rows": 303, "Plan Width": 4, "Inner Unique": true, "Hash Cond": "(mk.keyword_id = k.id)", "Plans": [{"Node Type": "Seq Scan", "Parent Relationship": "Outer", "Parallel Aware": false, "Async Capable": false, "Relation Name": "movie_keyword", "Alias": "mk", "Startup Cost": 10000000000.0, "Total Cost": 10000069719.3, "Plan Rows": 4523930, "Plan Width": 8}, {"Node Type": "Hash", "Parent Relationship": "Inner", "Parallel Aware": false, "Async Capable": false, "Startup Cost": 5739.34, "Total Cost": 5739.34, "Plan Rows": 9, "Plan Width": 4, "Plans": [{"Node Type": "Index Scan", "Parent Relationship": "Outer", "Parallel Aware": false, "Async Capable": false, "Scan Direction": "Forward", "Index Name": "keyword_pkey", "Relation Name": "keyword", "Alias": "k", "Startup Cost": 0.44, "Total Cost": 5739.34, "Plan Rows": 9, "Plan Width": 4, "Filter": "((keyword)::text = ANY ('{\"10,000-mile-club\",alienation,based-on-comic,based-on-novel,blood,character-name-in-title,claw,computer-animated-movie,computer-animation}'::text[]))"}]}]}]}, {"Node Type": "Sort", "Parent Relationship": "Inner", "Parallel Aware": false, "Async Capable": false, "Startup Cost": 10000003574.81, "Total Cost": 10000003595.92, "Plan Rows": 8443, "Plan Width": 4, "Sort Key": ["cc.movie_id"], "Plans": [{"Node Type": "Hash Join", "Parent Relationship": "Outer", "Parallel Aware": false, "Async Capable": false, "Join Type": "Inner", "Startup Cost": 10000000024.43, "Total Cost": 10000003024.18, "Plan Rows": 8443, "Plan Width": 4, "Inner Unique": true, "Hash Cond": "(cc.status_id = cct2.id)", "Plans": [{"Node Type": "Hash Join", "Parent Relationship": "Outer", "Parallel Aware": false, "Async Capable": false, "Join Type": "Inner", "Startup Cost": 10000000012.21, "Total Cost": 10000002829.39, "Plan Rows": 33772, "Plan Width": 8, "Inner Unique": true, "Hash Cond": "(cc.subject_id = cct1.id)", "Plans": [{"Node Type": "Seq Scan", "Parent Relationship": "Outer", "Parallel Aware": false, "Async Capable": false, "Relation Name": "complete_cast", "Alias": "cc", "Startup Cost": 10000000000.0, "Total Cost": 10000002086.86, "Plan Rows": 135086, "Plan Width": 12}, {"Node Type": "Hash", "Parent Relationship": "Inner", "Parallel Aware": false, "Async Capable": false, "Startup Cost": 12.2, "Total Cost": 12.2, "Plan Rows": 1, "Plan Width": 4, "Plans": [{"Node Type": "Index Scan", "Parent Relationship": "Outer", "Parallel Aware": false, "Async Capable": false, "Scan Direction": "Forward", "Index Name": "comp_cast_type_pkey", "Relation Name": "comp_cast_type", "Alias": "cct1", "Startup Cost": 0.13, "Total Cost": 12.2, "Plan Rows": 1, "Plan Width": 4, "Filter": "((kind)::text = 'cast'::text)"}]}]}, {"Node Type": "Hash", "Parent Relationship": "Inner", "Parallel Aware": false, "Async Capable": false, "Startup Cost": 12.2, "Total Cost": 12.2, "Plan Rows": 1, "Plan Width": 4, "Plans": [{"Node Type": "Index Scan", "Parent Relationship": "Outer", "Parallel Aware": false, "Async Capable": false, "Scan Direction": "Forward", "Index Name": "comp_cast_type_pkey", "Relation Name": "comp_cast_type", "Alias": "cct2", "Startup Cost": 0.13, "Total Cost": 12.2, "Plan Rows": 1, "Plan Width": 4, "Filter": "((kind)::text ~~ '%complete%'::text)"}]}]}]}]}, {"Node Type": "Index Scan", "Parent Relationship": "Inner", "Parallel Aware": false, "Async Capable": false, "Scan Direction": "Forward", "Index Name": "title_pkey", "Relation Name": "title", "Alias": "t", "Startup Cost": 0.43, "Total Cost": 0.49, "Plan Rows": 1, "Plan Width": 25, "Index Cond": "(id = mk.movie_id)", "Filter": "(production_year <= 2007)"}]}]}]}, {"Node Type": "Memoize", "Parent Relationship": "Inner", "Parallel Aware": false, "Async Capable": false, "Startup Cost": 0.14, "Total Cost": 0.16, "Plan Rows": 1, "Plan Width": 4, "Cache Key": "t.kind_id", "Cache Mode": "logical", "Plans": [{"Node Type": "Index Scan", "Parent Relationship": "Outer", "Parallel Aware": false, "Async Capable": false, "Scan Direction": "Forward", "Index Name": "kind_type_pkey", "Relation Name": "kind_type", "Alias": "kt", "Startup Cost": 0.13, "Total Cost": 0.15, "Plan Rows": 1, "Plan Width": 4, "Index Cond": "(id = t.kind_id)", "Filter": "((kind)::text = 'tv movie'::text)"}]}]}, {"Node Type": "Index Scan", "Parent Relationship": "Inner", "Parallel Aware": false, "Async Capable": false, "Scan Direction": "Forward", "Index Name": "char_name_pkey", "Relation Name": "char_name", "Alias": "chn", "Startup Cost": 0.43, "Total Cost": 0.46, "Plan Rows": 1, "Plan Width": 4, "Index Cond": "(id = ci.person_role_id)", "Filter": "(((name)::text !~~ '%Tony%Stark%'::text) AND (((name)::text ~~ '%Iron%Man%'::text) OR ((name)::text ~~ '%Man%'::text)))"}]}, {"Node Type": "Index Only Scan", "Parent Relationship": "Inner", "Parallel Aware": false, "Async Capable": false, "Scan Direction": "Forward", "Index Name": "name_pkey", "Relation Name": "name", "Alias": "n", "Startup Cost": 0.43, "Total Cost": 0.45, "Plan Rows": 1, "Plan Width": 4, "Index Cond": "(id = ci.person_id)"}]}]}}, {"Plan": {"Node Type": "Aggregate", "Strategy": "Plain", "Partial Mode": "Simple", "Parallel Aware": false, "Async Capable": false, "Startup Cost": 544971.29, "Total Cost": 544971.3, "Plan Rows": 1, "Plan Width": 32, "Plans": [{"Node Type": "Hash Join", "Parent Relationship": "Outer", "Parallel Aware": false, "Async Capable": false, "Join Type": "Inner", "Startup Cost": 474989.43, "Total Cost": 544971.29, "Plan Rows": 1, "Plan Width": 17, "Inner Unique": true, "Hash Cond": "(t.kind_id = kt.id)", "Plans": [{"Node Type": "Gather", "Parent Relationship": "Outer", "Parallel Aware": false, "Async Capable": false, "Startup Cost": 474988.33, "Total Cost": 544970.19, "Plan Rows": 1, "Plan Width": 21, "Workers Planned": 4, "Single Copy": false, "Plans": [{"Node Type": "Hash Join", "Parent Relationship": "Outer", "Parallel Aware": true, "Async Capable": false, "Join Type": "Inner", "Startup Cost": 473988.33, "Total Cost": 543970.09, "Plan Rows": 1, "Plan Width": 21, "Inner Unique": false, "Hash Cond": "(n.id = ci.person_id)", "Plans": [{"Node Type": "Seq Scan", "Parent Relationship": "Outer", "Parallel Aware": true, "Async Capable": false, "Relation Name": "name", "Alias": "n", "Startup Cost": 0.0, "Total Cost": 66074.73, "Plan Rows": 1041873, "Plan Width": 4}, {"Node Type": "Hash", "Parent Relationship": "Inner", "Parallel Aware": true, "Async Capable": false, "Startup Cost": 473988.32, "Total Cost": 473988.32, "Plan Rows": 1, "Plan Width": 25, "Plans": [{"Node Type": "Hash Join", "Parent Relationship": "Outer", "Parallel Aware": false, "Async Capable": false, "Join Type": "Inner", "Startup Cost": 428517.84, "Total Cost": 473988.32, "Plan Rows": 1, "Plan Width": 25, "Inner Unique": false, "Hash Cond": "(t.id = cc.movie_id)", "Plans": [{"Node Type": "Hash Join", "Parent Relationship": "Outer", "Parallel Aware": true, "Async Capable": false, "Join Type": "Inner", "Startup Cost": 425410.42, "Total Cost": 470880.84, "Plan Rows": 14, "Plan Width": 37, "Inner Unique": false, "Hash Cond": "(t.id = mk.movie_id)", "Plans": [{"Node Type": "Seq Scan", "Parent Relationship": "Outer", "Parallel Aware": true, "Async Capable": false, "Relation Name": "title", "Alias": "t", "Startup Cost": 0.0, "Total Cost": 43908.97, "Plan Rows": 416378, "Plan Width": 25, "Filter": "(production_year <= 2007)"}, {"Node Type": "Hash", "Parent Relationship": "Inner", "Parallel Aware": true, "Async Capable": false, "Startup Cost": 425410.25, "Total Cost": 425410.25, "Plan Rows": 14, "Plan Width": 12, "Plans": [{"Node Type": "Hash Join", "Parent Relationship": "Outer", "Parallel Aware": true, "Async Capable": false, "Join Type": "Inner", "Startup Cost": 96271.36, "Total Cost": 425410.25, "Plan Rows": 14, "Plan Width": 12, "Inner Unique": false, "Hash Cond": "(ci.movie_id = mk.movie_id)", "Plans": [{"Node Type": "Hash Join", "Parent Relationship": "Outer", "Parallel Aware": true, "Async Capable": false, "Join Type": "Inner", "Startup Cost": 50345.26, "Total Cost": 379307.69, "Plan Rows": 47046, "Plan Width": 8, "Inner Unique": true, "Hash Cond": "(ci.person_role_id = chn.id)", "Plans": [{"Node Type": "Seq Scan", "Parent Relationship": "Outer", "Parallel Aware": true, "Async Capable": false, "Relation Name": "cast_info", "Alias": "ci", "Startup Cost": 0.0, "Total Cost": 313110.03, "Plan Rows": 6039003, "Plan Width": 12}, {"Node Type": "Hash", "Parent Relationship": "Inner", "Parallel Aware": true, "Async Capable": false, "Startup Cost": 50186.98, "Total Cost": 50186.98, "Plan Rows": 12662, "Plan Width": 4, "Plans": [{"Node Type": "Seq Scan", "Parent Relationship": "Outer", "Parallel Aware": true, "Async Capable": false, "Relation Name": "char_name", "Alias": "chn", "Startup Cost": 0.0, "Total Cost": 50186.98, "Plan Rows": 12662, "Plan Width": 4, "Filter": "(((name)::text !~~ '%Tony%Stark%'::text) AND (((name)::text ~~ '%Iron%Man%'::text) OR ((name)::text ~~ '%Man%'::text)))"}]}]}, {"Node Type": "Hash", "Parent Relationship": "Inner", "Parallel Aware": true, "Async Capable": false, "Startup Cost": 45924.88, "Total Cost": 45924.88, "Plan Rows": 98, "Plan Width": 4, "Plans": [{"Node Type": "Hash Join", "Parent Relationship": "Outer", "Parallel Aware": false, "Async Capable": false, "Join Type": "Inner", "Startup Cost": 3020.69, "Total Cost": 45924.88, "Plan Rows": 98, "Plan Width": 4, "Inner Unique": true, "Hash Cond": "(mk.keyword_id = k.id)", "Plans": [{"Node Type": "Seq Scan", "Parent Relationship": "Outer", "Parallel Aware": true, "Async Capable": false, "Relation Name": "movie_keyword", "Alias": "mk", "Startup Cost": 0.0, "Total Cost": 39073.32, "Plan Rows": 1459332, "Plan Width": 8}, {"Node Type": "Hash", "Parent Relationship": "Inner", "Parallel Aware": false, "Async Capable": false, "Startup Cost": 3020.57, "Total Cost": 3020.57, "Plan Rows": 9, "Plan Width": 4, "Plans": [{"Node Type": "Seq Scan", "Parent Relationship": "Outer", "Parallel Aware": false, "Async Capable": false, "Relation Name": "keyword", "Alias": "k", "Startup Cost": 0.02, "Total Cost": 3020.57, "Plan Rows": 9, "Plan Width": 4, "Filter": "((keyword)::text = ANY ('{\"10,000-mile-club\",alienation,based-on-comic,based-on-novel,blood,character-name-in-title,claw,computer-animated-movie,computer-animation}'::text[]))"}]}]}]}]}]}]}, {"Node Type": "Hash", "Parent Relationship": "Inner", "Parallel Aware": false, "Async Capable": false, "Startup Cost": 3001.88, "Total Cost": 3001.88, "Plan Rows": 8443, "Plan Width": 4, "Plans": [{"Node Type": "Hash Join", "Parent Relationship": "Outer", "Parallel Aware": false, "Async Capable": false, "Join Type": "Inner", "Startup Cost": 2.12, "Total Cost": 3001.88, "Plan Rows": 8443, "Plan Width": 4, "Inner Unique": true, "Hash Cond": "(cc.status_id = cct2.id)", "Plans": [{"Node Type": "Hash Join", "Parent Relationship": "Outer", "Parallel Aware": false, "Async Capable": false, "Join Type": "Inner", "Startup Cost": 1.06, "Total Cost": 2818.24, "Plan Rows": 33772, "Plan Width": 8, "Inner Unique": true, "Hash Cond": "(cc.subject_id = cct1.id)", "Plans": [{"Node Type": "Seq Scan", "Parent Relationship": "Outer", "Parallel Aware": false, "Async Capable": false, "Relation Name": "complete_cast", "Alias": "cc", "Startup Cost": 0.0, "Total Cost": 2086.86, "Plan Rows": 135086, "Plan Width": 12}, {"Node Type": "Hash", "Parent Relationship": "Inner", "Parallel Aware": false, "Async Capable": false, "Startup Cost": 1.05, "Total Cost": 1.05, "Plan Rows": 1, "Plan Width": 4, "Plans": [{"Node Type": "Seq Scan", "Parent Relationship": "Outer", "Parallel Aware": false, "Async Capable": false, "Relation Name": "comp_cast_type", "Alias": "cct1", "Startup Cost": 0.0, "Total Cost": 1.05, "Plan Rows": 1, "Plan Width": 4, "Filter": "((kind)::text = 'cast'::text)"}]}]}, {"Node Type": "Hash", "Parent Relationship": "Inner", "Parallel Aware": false, "Async Capable": false, "Startup Cost": 1.05, "Total Cost": 1.05, "Plan Rows": 1, "Plan Width": 4, "Plans": [{"Node Type": "Seq Scan", "Parent Relationship": "Outer", "Parallel Aware": false, "Async Capable": false, "Relation Name": "comp_cast_type", "Alias": "cct2", "Startup Cost": 0.0, "Total Cost": 1.05, "Plan Rows": 1, "Plan Width": 4, "Filter": "((kind)::text ~~ '%complete%'::text)"}]}]}]}]}]}]}]}, {"Node Type": "Hash", "Parent Relationship": "Inner", "Parallel Aware": false, "Async Capable": false, "Startup Cost": 1.09, "Total Cost": 1.09, "Plan Rows": 1, "Plan Width": 4, "Plans": [{"Node Type": "Seq Scan", "Parent Relationship": "Outer", "Parallel Aware": false, "Async Capable": false, "Relation Name": "kind_type", "Alias": "kt", "Startup Cost": 0.0, "Total Cost": 1.09, "Plan Rows": 1, "Plan Width": 4, "Filter": "((kind)::text = 'tv movie'::text)"}]}]}]}}, {"Plan": {"Node Type": "Aggregate", "Strategy": "Plain", "Partial Mode": "Simple", "Parallel Aware": false, "Async Capable": false, "Startup Cost": 30000840928.36, "Total Cost": 30000840928.37, "Plan Rows": 1, "Plan Width": 32, "Plans": [{"Node Type": "Nested Loop", "Parent Relationship": "Outer", "Parallel Aware": false, "Async Capable": false, "Join Type": "Inner", "Startup Cost": 30000089945.39, "Total Cost": 30000840928.36, "Plan Rows": 1, "Plan Width": 17, "Inner Unique": true, "Plans": [{"Node Type": "Nested Loop", "Parent Relationship": "Outer", "Parallel Aware": false, "Async Capable": false, "Join Type": "Inner", "Startup Cost": 30000089945.26, "Total Cost": 30000840928.19, "Plan Rows": 1, "Plan Width": 21, "Inner Unique": true, "Join Filter": "(t.id = mk.movie_id)", "Plans": [{"Node Type": "Nested Loop", "Parent Relationship": "Outer", "Parallel Aware": false, "Async Capable": false, "Join Type": "Inner", "Startup Cost": 30000089944.83, "Total Cost": 30000840927.72, "Plan Rows": 1, "Plan Width": 12, "Inner Unique": true, "Plans": [{"Node Type": "Nested Loop", "Parent Relationship": "Outer", "Parallel Aware": false, "Async Capable": false, "Join Type": "Inner", "Startup Cost": 30000089944.4, "Total Cost": 30000840927.27, "Plan Rows": 1, "Plan Width": 16, "Inner Unique": true, "Plans": [{"Node Type": "Hash Join", "Parent Relationship": "Outer", "Parallel Aware": false, "Async Capable": false, "Join Type": "Inner", "Startup Cost": 30000089943.97, "Total Cost": 30000840887.69, "Plan Rows": 86, "Plan Width": 20, "Inner Unique": false, "Hash Cond": "(ci.movie_id = mk.movie_id)", "Plans": [{"Node Type": "Seq Scan", "Parent Relationship": "Outer", "Parallel Aware": false, "Async Capable": false, "Relation Name": "cast_info", "Alias": "ci", "Startup Cost": 10000000000.0, "Total Cost": 10000615060.2, "Plan Rows": 36234020, "Plan Width": 12}, {"Node Type": "Hash", "Parent Relationship": "Inner", "Parallel Aware": false, "Async Capable": false, "Startup Cost": 20000089943.76, "Total Cost": 20000089943.76, "Plan Rows": 17, "Plan Width": 8, "Plans": [{"Node Type": "Nested Loop", "Parent Relationship": "Outer", "Parallel Aware": false, "Async Capable": false, "Join Type": "Inner", "Startup Cost": 20000087338.51, "Total Cost": 20000089943.76, "Plan Rows": 17, "Plan Width": 8, "Inner Unique": true, "Plans": [{"Node Type": "Nested Loop", "Parent Relationship": "Outer", "Parallel Aware": false, "Async Capable": false, "Join Type": "Inner", "Startup Cost": 20000087338.37, "Total Cost": 20000089941.62, "Plan Rows": 68, "Plan Width": 12, "Inner Unique": true, "Plans": [{"Node Type": "Hash Join", "Parent Relationship": "Outer", "Parallel Aware": false, "Async Capable": false, "Join Type": "Inner", "Startup Cost": 20000087338.23, "Total Cost": 20000089934.37, "Plan Rows": 272, "Plan Width": 16, "Inner Unique": false, "Hash Cond": "(cc.movie_id = mk.movie_id)", "Plans": [{"Node Type": "Seq Scan", "Parent Relationship": "Outer", "Parallel Aware": false, "Async Capable": false, "Relation Name": "complete_cast", "Alias": "cc", "Startup Cost": 10000000000.0, "Total Cost": 10000002086.86, "Plan Rows": 135086, "Plan Width": 12}, {"Node Type": "Hash", "Parent Relationship": "Inner", "Parallel Aware": false, "Async Capable": false, "Startup Cost": 10000087334.44, "Total Cost": 10000087334.44, "Plan Rows": 303, "Plan Width": 4, "Plans": [{"Node Type": "Hash Join", "Parent Relationship": "Outer", "Parallel Aware": false, "Async Capable": false, "Join Type": "Inner", "Startup Cost": 10000005739.45, "Total Cost": 10000087334.44, "Plan Rows": 303, "Plan Width": 4, "Inner Unique": true, "Hash Cond": "(mk.keyword_id = k.id)", "Plans": [{"Node Type": "Seq Scan", "Parent Relationship": "Outer", "Parallel Aware": false, "Async Capable": false, "Relation Name": "movie_keyword", "Alias": "mk", "Startup Cost": 10000000000.0, "Total Cost": 10000069719.3, "Plan Rows": 4523930, "Plan Width": 8}, {"Node Type": "Hash", "Parent Relationship": "Inner", "Parallel Aware": false, "Async Capable": false, "Startup Cost": 5739.34, "Total Cost": 5739.34, "Plan Rows": 9, "Plan Width": 4, "Plans": [{"Node Type": "Index Scan", "Parent Relationship": "Outer", "Parallel Aware": false, "Async Capable": false, "Scan Direction": "Forward", "Index Name": "keyword_pkey", "Relation Name": "keyword", "Alias": "k", "Startup Cost": 0.44, "Total Cost": 5739.34, "Plan Rows": 9, "Plan Width": 4, "Filter": "((keyword)::text = ANY ('{\"10,000-mile-club\",alienation,based-on-comic,based-on-novel,blood,character-name-in-title,claw,computer-animated-movie,computer-animation}'::text[]))"}]}]}]}]}, {"Node Type": "Memoize", "Parent Relationship": "Inner", "Parallel Aware": false, "Async Capable": false, "Startup Cost": 0.14, "Total Cost": 0.16, "Plan Rows": 1, "Plan Width": 4, "Cache Key": "cc.subject_id", "Cache Mode": "logical", "Plans": [{"Node Type": "Index Scan", "Parent Relationship": "Outer", "Parallel Aware": false, "Async Capable": false, "Scan Direction": "Forward", "Index Name": "comp_cast_type_pkey", "Relation Name": "comp_cast_type", "Alias": "cct1", "Startup Cost": 0.13, "Total Cost": 0.15, "Plan Rows": 1, "Plan Width": 4, "Index Cond": "(id = cc.subject_id)", "Filter": "((kind)::text = 'cast'::text)"}]}]}, {"Node Type": "Memoize", "Parent Relationship": "Inner", "Parallel Aware": false, "Async Capable": false, "Startup Cost": 0.14, "Total Cost": 0.16, "Plan Rows": 1, "Plan Width": 4, "Cache Key": "cc.status_id", "Cache Mode": "logical", "Plans": [{"Node Type": "Index Scan", "Parent Relationship": "Outer", "Parallel Aware": false, "Async Capable": false, "Scan Direction": "Forward", "Index Name": "comp_cast_type_pkey", "Relation Name": "comp_cast_type", "Alias": "cct2", "Startup Cost": 0.13, "Total Cost": 0.15, "Plan Rows": 1, "Plan Width": 4, "Index Cond": "(id = cc.status_id)", "Filter": "((kind)::text ~~ '%complete%'::text)"}]}]}]}]}, {"Node Type": "Index Scan", "Parent Relationship": "Inner", "Parallel Aware": false, "Async Capable": false, "Scan Direction": "Forward", "Index Name": "char_name_pkey", "Relation Name": "char_name", "Alias": "chn", "Startup Cost": 0.43, "Total Cost": 0.46, "Plan Rows": 1, "Plan Width": 4, "Index Cond": "(id = ci.person_role_id)", "Filter": "(((name)::text !~~ '%Tony%Stark%'::text) AND (((name)::text ~~ '%Iron%Man%'::text) OR ((name)::text ~~ '%Man%'::text)))"}]}, {"Node Type": "Index Only Scan", "Parent Relationship": "Inner", "Parallel Aware": false, "Async Capable": false, "Scan Direction": "Forward", "Index Name": "name_pkey", "Relation Name": "name", "Alias": "n", "Startup Cost": 0.43, "Total Cost": 0.45, "Plan Rows": 1, "Plan Width": 4, "Index Cond": "(id = ci.person_id)"}]}, {"Node Type": "Index Scan", "Parent Relationship": "Inner", "Parallel Aware": false, "Async Capable": false, "Scan Direction": "Forward", "Index Name": "title_pkey", "Relation Name": "title", "Alias": "t", "Startup Cost": 0.43, "Total Cost": 0.45, "Plan Rows": 1, "Plan Width": 25, "Index Cond": "(id = ci.movie_id)", "Filter": "(production_year <= 2007)"}]}, {"Node Type": "Index Scan", "Parent Relationship": "Inner", "Parallel Aware": false, "Async Capable": false, "Scan Direction": "Forward", "Index Name": "kind_type_pkey", "Relation Name": "kind_type", "Alias": "kt", "Startup Cost": 0.13, "Total Cost": 0.15, "Plan Rows": 1, "Plan Width": 4, "Index Cond": "(id = t.kind_id)", "Filter": "((kind)::text = 'tv movie'::text)"}]}]}}, {"Plan": {"Node Type": "Aggregate", "Strategy": "Plain", "Partial Mode": "Finalize", "Parallel Aware": false, "Async Capable": false, "Startup Cost": 385793.64, "Total Cost": 385793.65, "Plan Rows": 1, "Plan Width": 32, "Plans": [{"Node Type": "Gather", "Parent Relationship": "Outer", "Parallel Aware": false, "Async Capable": false, "Startup Cost": 385793.02, "Total Cost": 385793.63, "Plan Rows": 6, "Plan Width": 32, "Workers Planned": 6, "Single Copy": false, "Plans": [{"Node Type": "Aggregate", "Strategy": "Plain", "Partial Mode": "Partial", "Parent Relationship": "Outer", "Parallel Aware": false, "Async Capable": false, "Startup Cost": 384793.02, "Total Cost": 384793.03, "Plan Rows": 1, "Plan Width": 32, "Plans": [{"Node Type": "Nested Loop", "Parent Relationship": "Outer", "Parallel Aware": false, "Async Capable": false, "Join Type": "Inner", "Startup Cost": 49036.65, "Total Cost": 384793.02, "Plan Rows": 1, "Plan Width": 17, "Inner Unique": true, "Plans": [{"Node Type": "Nested Loop", "Parent Relationship": "Outer", "Parallel Aware": false, "Async Capable": false, "Join Type": "Inner", "Startup Cost": 49036.22, "Total Cost": 384792.57, "Plan Rows": 1, "Plan Width": 21, "Inner Unique": true, "Plans": [{"Node Type": "Hash Join", "Parent Relationship": "Outer", "Parallel Aware": true, "Async Capable": false, "Join Type": "Inner", "Startup Cost": 49035.79, "Total Cost": 384792.11, "Plan Rows": 1, "Plan Width": 25, "Inner Unique": false, "Hash Cond": "(ci.movie_id = t.id)", "Plans": [{"Node Type": "Seq Scan", "Parent Relationship": "Outer", "Parallel Aware": true, "Async Capable": false, "Relation Name": "cast_info", "Alias": "ci", "Startup Cost": 0.0, "Total Cost": 313110.03, "Plan Rows": 6039003, "Plan Width": 12}, {"Node Type": "Hash", "Parent Relationship": "Inner", "Parallel Aware": true, "Async Capable": false, "Startup Cost": 49035.78, "Total Cost": 49035.78, "Plan Rows": 1, "Plan Width": 29, "Plans": [{"Node Type": "Nested Loop", "Parent Relationship": "Outer", "Parallel Aware": false, "Async Capable": false, "Join Type": "Inner", "Startup Cost": 6128.66, "Total Cost": 49035.78, "Plan Rows": 1, "Plan Width": 29, "Inner Unique": true, "Plans": [{"Node Type": "Nested Loop", "Parent Relationship": "Outer", "Parallel Aware": false, "Async Capable": false, "Join Type": "Inner", "Startup Cost": 6128.53, "Total Cost": 49035.16, "Plan Rows": 4, "Plan Width": 33, "Inner Unique": true, "Plans": [{"Node Type": "Hash Join", "Parent Relationship": "Outer", "Parallel Aware": false, "Async Capable": false, "Join Type": "Inner", "Startup Cost": 6128.1, "Total Cost": 49032.71, "Plan Rows": 5, "Plan Width": 8, "Inner Unique": false, "Hash Cond": "(mk.movie_id = cc.movie_id)", "Plans": [{"Node Type": "Hash Join", "Parent Relationship": "Outer", "Parallel Aware": false, "Async Capable": false, "Join Type": "Inner", "Startup Cost": 3020.69, "Total Cost": 45924.88, "Plan Rows": 98, "Plan Width": 4, "Inner Unique": true, "Hash Cond": "(mk.keyword_id = k.id)", "Plans": [{"Node Type": "Seq Scan", "Parent Relationship": "Outer", "Parallel Aware": true, "Async Capable": false, "Relation Name": "movie_keyword", "Alias": "mk", "Startup Cost": 0.0, "Total Cost": 39073.32, "Plan Rows": 1459332, "Plan Width": 8}, {"Node Type": "Hash", "Parent Relationship": "Inner", "Parallel Aware": false, "Async Capable": false, "Startup Cost": 3020.57, "Total Cost": 3020.57, "Plan Rows": 9, "Plan Width": 4, "Plans": [{"Node Type": "Seq Scan", "Parent Relationship": "Outer", "Parallel Aware": false, "Async Capable": false, "Relation Name": "keyword", "Alias": "k", "Startup Cost": 0.02, "Total Cost": 3020.57, "Plan Rows": 9, "Plan Width": 4, "Filter": "((keyword)::text = ANY ('{\"10,000-mile-club\",alienation,based-on-comic,based-on-novel,blood,character-name-in-title,claw,computer-animated-movie,computer-animation}'::text[]))"}]}]}, {"Node Type": "Hash", "Parent Relationship": "Inner", "Parallel Aware": false, "Async Capable": false, "Startup Cost": 3001.88, "Total Cost": 3001.88, "Plan Rows": 8443, "Plan Width": 4, "Plans": [{"Node Type": "Hash Join", "Parent Relationship": "Outer", "Parallel Aware": false, "Async Capable": false, "Join Type": "Inner", "Startup Cost": 2.12, "Total Cost": 3001.88, "Plan Rows": 8443, "Plan Width": 4, "Inner Unique": true, "Hash Cond": "(cc.status_id = cct2.id)", "Plans": [{"Node Type": "Hash Join", "Parent Relationship": "Outer", "Parallel Aware": false, "Async Capable": false, "Join Type": "Inner", "Startup Cost": 1.06, "Total Cost": 2818.24, "Plan Rows": 33772, "Plan Width": 8, "Inner Unique": true, "Hash Cond": "(cc.subject_id = cct1.id)", "Plans": [{"Node Type": "Seq Scan", "Parent Relationship": "Outer", "Parallel Aware": false, "Async Capable": false, "Relation Name": "complete_cast", "Alias": "cc", "Startup Cost": 0.0, "Total Cost": 2086.86, "Plan Rows": 135086, "Plan Width": 12}, {"Node Type": "Hash", "Parent Relationship": "Inner", "Parallel Aware": false, "Async Capable": false, "Startup Cost": 1.05, "Total Cost": 1.05, "Plan Rows": 1, "Plan Width": 4, "Plans": [{"Node Type": "Seq Scan", "Parent Relationship": "Outer", "Parallel Aware": false, "Async Capable": false, "Relation Name": "comp_cast_type", "Alias": "cct1", "Startup Cost": 0.0, "Total Cost": 1.05, "Plan Rows": 1, "Plan Width": 4, "Filter": "((kind)::text = 'cast'::text)"}]}]}, {"Node Type": "Hash", "Parent Relationship": "Inner", "Parallel Aware": false, "Async Capable": false, "Startup Cost": 1.05, "Total Cost": 1.05, "Plan Rows": 1, "Plan Width": 4, "Plans": [{"Node Type": "Seq Scan", "Parent Relationship": "Outer", "Parallel Aware": false, "Async Capable": false, "Relation Name": "comp_cast_type", "Alias": "cct2", "Startup Cost": 0.0, "Total Cost": 1.05, "Plan Rows": 1, "Plan Width": 4, "Filter": "((kind)::text ~~ '%complete%'::text)"}]}]}]}]}, {"Node Type": "Index Scan", "Parent Relationship": "Inner", "Parallel Aware": false, "Async Capable": false, "Scan Direction": "Forward", "Index Name": "title_pkey", "Relation Name": "title", "Alias": "t", "Startup Cost": 0.43, "Total Cost": 0.49, "Plan Rows": 1, "Plan Width": 25, "Index Cond": "(id = mk.movie_id)", "Filter": "(production_year <= 2007)"}]}, {"Node Type": "Index Scan", "Parent Relationship": "Inner", "Parallel Aware": false, "Async Capable": false, "Scan Direction": "Forward", "Index Name": "kind_type_pkey", "Relation Name": "kind_type", "Alias": "kt", "Startup Cost": 0.13, "Total Cost": 0.15, "Plan Rows": 1, "Plan Width": 4, "Index Cond": "(id = t.kind_id)", "Filter": "((kind)::text = 'tv movie'::text)"}]}]}]}, {"Node Type": "Index Scan", "Parent Relationship": "Inner", "Parallel Aware": false, "Async Capable": false, "Scan Direction": "Forward", "Index Name": "char_name_pkey", "Relation Name": "char_name", "Alias": "chn", "Startup Cost": 0.43, "Total Cost": 0.46, "Plan Rows": 1, "Plan Width": 4, "Index Cond": "(id = ci.person_role_id)", "Filter": "(((name)::text !~~ '%Tony%Stark%'::text) AND (((name)::text ~~ '%Iron%Man%'::text) OR ((name)::text ~~ '%Man%'::text)))"}]}, {"Node Type": "Index Only Scan", "Parent Relationship": "Inner", "Parallel Aware": false, "Async Capable": false, "Scan Direction": "Forward", "Index Name": "name_pkey", "Relation Name": "name", "Alias": "n", "Startup Cost": 0.43, "Total Cost": 0.45, "Plan Rows": 1, "Plan Width": 4, "Index Cond": "(id = ci.person_id)"}]}]}]}]}}, {"Plan": {"Node Type": "Aggregate", "Strategy": "Plain", "Partial Mode": "Finalize", "Parallel Aware": false, "Async Capable": false, "Startup Cost": 544970.6, "Total Cost": 544970.61, "Plan Rows": 1, "Plan Width": 32, "Plans": [{"Node Type": "Gather", "Parent Relationship": "Outer", "Parallel Aware": false, "Async Capable": false, "Startup Cost": 544970.18, "Total Cost": 544970.59, "Plan Rows": 4, "Plan Width": 32, "Workers Planned": 4, "Single Copy": false, "Plans": [{"Node Type": "Aggregate", "Strategy": "Plain", "Partial Mode": "Partial", "Parent Relationship": "Outer", "Parallel Aware": false, "Async Capable": false, "Startup Cost": 543970.18, "Total Cost": 543970.19, "Plan Rows": 1, "Plan Width": 32, "Plans": [{"Node Type": "Hash Join", "Parent Relationship": "Outer", "Parallel Aware": false, "Async Capable": false, "Join Type": "Inner", "Startup Cost": 498499.78, "Total Cost": 543970.18, "Plan Rows": 1, "Plan Width": 17, "Inner Unique": true, "Hash Cond": "(t.kind_id = kt.id)", "Plans": [{"Node Type": "Hash Join", "Parent Relationship": "Outer", "Parallel Aware": true, "Async Capable": false, "Join Type": "Inner", "Startup Cost": 498498.68, "Total Cost": 543969.08, "Plan Rows": 1, "Plan Width": 21, "Inner Unique": false, "Hash Cond": "(t.id = mk.movie_id)", "Plans": [{"Node Type": "Seq Scan", "Parent Relationship": "Outer", "Parallel Aware": true, "Async Capable": false, "Relation Name": "title", "Alias": "t", "Startup Cost": 0.0, "Total Cost": 43908.97, "Plan Rows": 416378, "Plan Width": 25, "Filter": "(production_year <= 2007)"}, {"Node Type": "Hash", "Parent Relationship": "Inner", "Parallel Aware": true, "Async Capable": false, "Startup Cost": 498498.66, "Total Cost": 498498.66, "Plan Rows": 1, "Plan Width": 12, "Plans": [{"Node Type": "Hash Join", "Parent Relationship": "Outer", "Parallel Aware": true, "Async Capable": false, "Join Type": "Inner", "Startup Cost": 428516.9, "Total Cost": 498498.66, "Plan Rows": 1, "Plan Width": 12, "Inner Unique": false, "Hash Cond": "(n.id = ci.person_id)", "Plans": [{"Node Type": "Seq Scan", "Parent Relationship": "Outer", "Parallel Aware": true, "Async Capable": false, "Relation Name": "name", "Alias": "n", "Startup Cost": 0.0, "Total Cost": 66074.73, "Plan Rows": 1041873, "Plan Width": 4}, {"Node Type": "Hash", "Parent Relationship": "Inner", "Parallel Aware": true, "Async Capable": false, "Startup Cost": 428516.89, "Total Cost": 428516.89, "Plan Rows": 1, "Plan Width": 16, "Plans": [{"Node Type": "Hash Join", "Parent Relationship": "Outer", "Parallel Aware": true, "Async Capable": false, "Join Type": "Inner", "Startup Cost": 99378.03, "Total Cost": 428516.89, "Plan Rows": 1, "Plan Width": 16, "Inner Unique": false, "Hash Cond": "(ci.movie_id = mk.movie_id)", "Plans": [{"Node Type": "Hash Join", "Parent Relationship": "Outer", "Parallel Aware": true, "Async Capable": false, "Join Type": "Inner", "Startup Cost": 50345.26, "Total Cost": 379307.69, "Plan Rows": 47046, "Plan Width": 8, "Inner Unique": true, "Hash Cond": "(ci.person_role_id = chn.id)", "Plans": [{"Node Type": "Seq Scan", "Parent Relationship": "Outer", "Parallel Aware": true, "Async Capable": false, "Relation Name": "cast_info", "Alias": "ci", "Startup Cost": 0.0, "Total Cost": 313110.03, "Plan Rows": 6039003, "Plan Width": 12}, {"Node Type": "Hash", "Parent Relationship": "Inner", "Parallel Aware": true, "Async Capable": false, "Startup Cost": 50186.98, "Total Cost": 50186.98, "Plan Rows": 12662, "Plan Width": 4, "Plans": [{"Node Type": "Seq Scan", "Parent Relationship": "Outer", "Parallel Aware": true, "Async Capable": false, "Relation Name": "char_name", "Alias": "chn", "Startup Cost": 0.0, "Total Cost": 50186.98, "Plan Rows": 12662, "Plan Width": 4, "Filter": "(((name)::text !~~ '%Tony%Stark%'::text) AND (((name)::text ~~ '%Iron%Man%'::text) OR ((name)::text ~~ '%Man%'::text)))"}]}]}, {"Node Type": "Hash", "Parent Relationship": "Inner", "Parallel Aware": true, "Async Capable": false, "Startup Cost": 49032.71, "Total Cost": 49032.71, "Plan Rows": 5, "Plan Width": 8, "Plans": [{"Node Type": "Hash Join", "Parent Relationship": "Outer", "Parallel Aware": false, "Async Capable": false, "Join Type": "Inner", "Startup Cost": 6128.1, "Total Cost": 49032.71, "Plan Rows": 5, "Plan Width": 8, "Inner Unique": false, "Hash Cond": "(mk.movie_id = cc.movie_id)", "Plans": [{"Node Type": "Hash Join", "Parent Relationship": "Outer", "Parallel Aware": false, "Async Capable": false, "Join Type": "Inner", "Startup Cost": 3020.69, "Total Cost": 45924.88, "Plan Rows": 98, "Plan Width": 4, "Inner Unique": true, "Hash Cond": "(mk.keyword_id = k.id)", "Plans": [{"Node Type": "Seq Scan", "Parent Relationship": "Outer", "Parallel Aware": true, "Async Capable": false, "Relation Name": "movie_keyword", "Alias": "mk", "Startup Cost": 0.0, "Total Cost": 39073.32, "Plan Rows": 1459332, "Plan Width": 8}, {"Node Type": "Hash", "Parent Relationship": "Inner", "Parallel Aware": false, "Async Capable": false, "Startup Cost": 3020.57, "Total Cost": 3020.57, "Plan Rows": 9, "Plan Width": 4, "Plans": [{"Node Type": "Seq Scan", "Parent Relationship": "Outer", "Parallel Aware": false, "Async Capable": false, "Relation Name": "keyword", "Alias": "k", "Startup Cost": 0.02, "Total Cost": 3020.57, "Plan Rows": 9, "Plan Width": 4, "Filter": "((keyword)::text = ANY ('{\"10,000-mile-club\",alienation,based-on-comic,based-on-novel,blood,character-name-in-title,claw,computer-animated-movie,computer-animation}'::text[]))"}]}]}, {"Node Type": "Hash", "Parent Relationship": "Inner", "Parallel Aware": false, "Async Capable": false, "Startup Cost": 3001.88, "Total Cost": 3001.88, "Plan Rows": 8443, "Plan Width": 4, "Plans": [{"Node Type": "Hash Join", "Parent Relationship": "Outer", "Parallel Aware": false, "Async Capable": false, "Join Type": "Inner", "Startup Cost": 2.12, "Total Cost": 3001.88, "Plan Rows": 8443, "Plan Width": 4, "Inner Unique": true, "Hash Cond": "(cc.status_id = cct2.id)", "Plans": [{"Node Type": "Hash Join", "Parent Relationship": "Outer", "Parallel Aware": false, "Async Capable": false, "Join Type": "Inner", "Startup Cost": 1.06, "Total Cost": 2818.24, "Plan Rows": 33772, "Plan Width": 8, "Inner Unique": true, "Hash Cond": "(cc.subject_id = cct1.id)", "Plans": [{"Node Type": "Seq Scan", "Parent Relationship": "Outer", "Parallel Aware": false, "Async Capable": false, "Relation Name": "complete_cast", "Alias": "cc", "Startup Cost": 0.0, "Total Cost": 2086.86, "Plan Rows": 135086, "Plan Width": 12}, {"Node Type": "Hash", "Parent Relationship": "Inner", "Parallel Aware": false, "Async Capable": false, "Startup Cost": 1.05, "Total Cost": 1.05, "Plan Rows": 1, "Plan Width": 4, "Plans": [{"Node Type": "Seq Scan", "Parent Relationship": "Outer", "Parallel Aware": false, "Async Capable": false, "Relation Name": "comp_cast_type", "Alias": "cct1", "Startup Cost": 0.0, "Total Cost": 1.05, "Plan Rows": 1, "Plan Width": 4, "Filter": "((kind)::text = 'cast'::text)"}]}]}, {"Node Type": "Hash", "Parent Relationship": "Inner", "Parallel Aware": false, "Async Capable": false, "Startup Cost": 1.05, "Total Cost": 1.05, "Plan Rows": 1, "Plan Width": 4, "Plans": [{"Node Type": "Seq Scan", "Parent Relationship": "Outer", "Parallel Aware": false, "Async Capable": false, "Relation Name": "comp_cast_type", "Alias": "cct2", "Startup Cost": 0.0, "Total Cost": 1.05, "Plan Rows": 1, "Plan Width": 4, "Filter": "((kind)::text ~~ '%complete%'::text)"}]}]}]}]}]}]}]}]}]}]}, {"Node Type": "Hash", "Parent Relationship": "Inner", "Parallel Aware": false, "Async Capable": false, "Startup Cost": 1.09, "Total Cost": 1.09, "Plan Rows": 1, "Plan Width": 4, "Plans": [{"Node Type": "Seq Scan", "Parent Relationship": "Outer", "Parallel Aware": false, "Async Capable": false, "Relation Name": "kind_type", "Alias": "kt", "Startup Cost": 0.0, "Total Cost": 1.09, "Plan Rows": 1, "Plan Width": 4, "Filter": "((kind)::text = 'tv movie'::text)"}]}]}]}]}]}}, {"Plan": {"Node Type": "Aggregate", "Strategy": "Plain", "Partial Mode": "Simple", "Parallel Aware": false, "Async Capable": false, "Startup Cost": 100000842032.81, "Total Cost": 100000842032.82, "Plan Rows": 1, "Plan Width": 32, "Plans": [{"Node Type": "Nested Loop", "Parent Relationship": "Outer", "Parallel Aware": false, "Async Capable": false, "Join Type": "Inner", "Startup Cost": 100000091053.97, "Total Cost": 100000842032.81, "Plan Rows": 1, "Plan Width": 17, "Inner Unique": true, "Plans": [{"Node Type": "Nested Loop", "Parent Relationship": "Outer", "Parallel Aware": false, "Async Capable": false, "Join Type": "Inner", "Startup Cost": 90000091053.53, "Total Cost": 90000842028.36, "Plan Rows": 1, "Plan Width": 21, "Inner Unique": true, "Plans": [{"Node Type": "Hash Join", "Parent Relationship": "Outer", "Parallel Aware": false, "Async Capable": false, "Join Type": "Inner", "Startup Cost": 80000091053.09, "Total Cost": 80000841992.69, "Plan Rows": 8, "Plan Width": 25, "Inner Unique": true, "Hash Cond": "(t.kind_id = kt.id)", "Plans": [{"Node Type": "Hash Join", "Parent Relationship": "Outer", "Parallel Aware": false, "Async Capable": false, "Join Type": "Inner", "Startup Cost": 70000091040.83, "Total Cost": 70000841980.18, "Plan Rows": 57, "Plan Width": 29, "Inner Unique": false, "Hash Cond": "(ci.movie_id = t.id)", "Plans": [{"Node Type": "Seq Scan", "Parent Relationship": "Outer", "Parallel Aware": false, "Async Capable": false, "Relation Name": "cast_info", "Alias": "ci", "Startup Cost": 10000000000.0, "Total Cost": 10000615060.2, "Plan Rows": 36234020, "Plan Width": 12}, {"Node Type": "Hash", "Parent Relationship": "Inner", "Parallel Aware": false, "Async Capable": false, "Startup Cost": 60000091040.69, "Total Cost": 60000091040.69, "Plan Rows": 11, "Plan Width": 33, "Plans": [{"Node Type": "Nested Loop", "Parent Relationship": "Outer", "Parallel Aware": false, "Async Capable": false, "Join Type": "Inner", "Startup Cost": 60000090922.19, "Total Cost": 60000091040.69, "Plan Rows": 11, "Plan Width": 33, "Inner Unique": true, "Plans": [{"Node Type": "Merge Join", "Parent Relationship": "Outer", "Parallel Aware": false, "Async Capable": false, "Join Type": "Inner", "Startup Cost": 50000090921.75, "Total Cost": 50000090964.86, "Plan Rows": 17, "Plan Width": 8, "Inner Unique": false, "Merge Cond": "(mk.movie_id = cc.movie_id)", "Plans": [{"Node Type": "Sort", "Parent Relationship": "Outer", "Parallel Aware": false, "Async Capable": false, "Startup Cost": 20000087346.93, "Total Cost": 20000087347.69, "Plan Rows": 303, "Plan Width": 4, "Sort Key": ["mk.movie_id"], "Plans": [{"Node Type": "Hash Join", "Parent Relationship": "Outer", "Parallel Aware": false, "Async Capable": false, "Join Type": "Inner", "Startup Cost": 20000005739.45, "Total Cost": 20000087334.44, "Plan Rows": 303, "Plan Width": 4, "Inner Unique": true, "Hash Cond": "(mk.keyword_id = k.id)", "Plans": [{"Node Type": "Seq Scan", "Parent Relationship": "Outer", "Parallel Aware": false, "Async Capable": false, "Relation Name": "movie_keyword", "Alias": "mk", "Startup Cost": 10000000000.0, "Total Cost": 10000069719.3, "Plan Rows": 4523930, "Plan Width": 8}, {"Node Type": "Hash", "Parent Relationship": "Inner", "Parallel Aware": false, "Async Capable": false, "Startup Cost": 10000005739.34, "Total Cost": 10000005739.34, "Plan Rows": 9, "Plan Width": 4, "Plans": [{"Node Type": "Index Scan", "Parent Relationship": "Outer", "Parallel Aware": false, "Async Capable": false, "Scan Direction": "Forward", "Index Name": "keyword_pkey", "Relation Name": "keyword", "Alias": "k", "Startup Cost": 10000000000.44, "Total Cost": 10000005739.34, "Plan Rows": 9, "Plan Width": 4, "Filter": "((keyword)::text = ANY ('{\"10,000-mile-club\",alienation,based-on-comic,based-on-novel,blood,character-name-in-title,claw,computer-animated-movie,computer-animation}'::text[]))"}]}]}]}, {"Node Type": "Sort", "Parent Relationship": "Inner", "Parallel Aware": false, "Async Capable": false, "Startup Cost": 30000003574.81, "Total Cost": 30000003595.92, "Plan Rows": 8443, "Plan Width": 4, "Sort Key": ["cc.movie_id"], "Plans": [{"Node Type": "Hash Join", "Parent Relationship": "Outer", "Parallel Aware": false, "Async Capable": false, "Join Type": "Inner", "Startup Cost": 30000000024.42, "Total Cost": 30000003024.18, "Plan Rows": 8443, "Plan Width": 4, "Inner Unique": true, "Hash Cond": "(cc.status_id = cct2.id)", "Plans": [{"Node Type": "Hash Join", "Parent Relationship": "Outer", "Parallel Aware": false, "Async Capable": false, "Join Type": "Inner", "Startup Cost": 20000000012.21, "Total Cost": 20000002829.39, "Plan Rows": 33772, "Plan Width": 8, "Inner Unique": true, "Hash Cond": "(cc.subject_id = cct1.id)", "Plans": [{"Node Type": "Seq Scan", "Parent Relationship": "Outer", "Parallel Aware": false, "Async Capable": false, "Relation Name": "complete_cast", "Alias": "cc", "Startup Cost": 10000000000.0, "Total Cost": 10000002086.86, "Plan Rows": 135086, "Plan Width": 12}, {"Node Type": "Hash", "Parent Relationship": "Inner", "Parallel Aware": false, "Async Capable": false, "Startup Cost": 10000000012.2, "Total Cost": 10000000012.2, "Plan Rows": 1, "Plan Width": 4, "Plans": [{"Node Type": "Index Scan", "Parent Relationship": "Outer", "Parallel Aware": false, "Async Capable": false, "Scan Direction": "Forward", "Index Name": "comp_cast_type_pkey", "Relation Name": "comp_cast_type", "Alias": "cct1", "Startup Cost": 10000000000.13, "Total Cost": 10000000012.2, "Plan Rows": 1, "Plan Width": 4, "Filter": "((kind)::text = 'cast'::text)"}]}]}, {"Node Type": "Hash", "Parent Relationship": "Inner", "Parallel Aware": false, "Async Capable": false, "Startup Cost": 10000000012.2, "Total Cost": 10000000012.2, "Plan Rows": 1, "Plan Width": 4, "Plans": [{"Node Type": "Index Scan", "Parent Relationship": "Outer", "Parallel Aware": false, "Async Capable": false, "Scan Direction": "Forward", "Index Name": "comp_cast_type_pkey", "Relation Name": "comp_cast_type", "Alias": "cct2", "Startup Cost": 10000000000.13, "Total Cost": 10000000012.2, "Plan Rows": 1, "Plan Width": 4, "Filter": "((kind)::text ~~ '%complete%'::text)"}]}]}]}]}, {"Node Type": "Bitmap Heap Scan", "Parent Relationship": "Inner", "Parallel Aware": false, "Async Capable": false, "Relation Name": "title", "Alias": "t", "Startup Cost": 0.45, "Total Cost": 4.46, "Plan Rows": 1, "Plan Width": 25, "Recheck Cond": "(id = mk.movie_id)", "Filter": "(production_year <= 2007)", "Plans": [{"Node Type": "Bitmap Index Scan", "Parent Relationship": "Outer", "Parallel Aware": false, "Async Capable": false, "Index Name": "title_pkey", "Startup Cost": 0.0, "Total Cost": 0.45, "Plan Rows": 1, "Plan Width": 0, "Index Cond": "(id = mk.movie_id)"}]}]}]}]}, {"Node Type": "Hash", "Parent Relationship": "Inner", "Parallel Aware": false, "Async Capable": false, "Startup Cost": 10000000012.25, "Total Cost": 10000000012.25, "Plan Rows": 1, "Plan Width": 4, "Plans": [{"Node Type": "Index Scan", "Parent Relationship": "Outer", "Parallel Aware": false, "Async Capable": false, "Scan Direction": "Forward", "Index Name": "kind_type_pkey", "Relation Name": "kind_type", "Alias": "kt", "Startup Cost": 10000000000.13, "Total Cost": 10000000012.25, "Plan Rows": 1, "Plan Width": 4, "Filter": "((kind)::text = 'tv movie'::text)"}]}]}, {"Node Type": "Bitmap Heap Scan", "Parent Relationship": "Inner", "Parallel Aware": false, "Async Capable": false, "Relation Name": "char_name", "Alias": "chn", "Startup Cost": 0.44, "Total Cost": 4.46, "Plan Rows": 1, "Plan Width": 4, "Recheck Cond": "(id = ci.person_role_id)", "Filter": "(((name)::text !~~ '%Tony%Stark%'::text) AND (((name)::text ~~ '%Iron%Man%'::text) OR ((name)::text ~~ '%Man%'::text)))", "Plans": [{"Node Type": "Bitmap Index Scan", "Parent Relationship": "Outer", "Parallel Aware": false, "Async Capable": false, "Index Name": "char_name_pkey", "Startup Cost": 0.0, "Total Cost": 0.44, "Plan Rows": 1, "Plan Width": 0, "Index Cond": "(id = ci.person_role_id)"}]}]}, {"Node Type": "Bitmap Heap Scan", "Parent Relationship": "Inner", "Parallel Aware": false, "Async Capable": false, "Relation Name": "name", "Alias": "n", "Startup Cost": 0.44, "Total Cost": 4.45, "Plan Rows": 1, "Plan Width": 4, "Recheck Cond": "(id = ci.person_id)", "Plans": [{"Node Type": "Bitmap Index Scan", "Parent Relationship": "Outer", "Parallel Aware": false, "Async Capable": false, "Index Name": "name_pkey", "Startup Cost": 0.0, "Total Cost": 0.44, "Plan Rows": 1, "Plan Width": 0, "Index Cond": "(id = ci.person_id)"}]}]}]}}, {"Plan": {"Node Type": "Aggregate", "Strategy": "Plain", "Partial Mode": "Simple", "Parallel Aware": false, "Async Capable": false, "Startup Cost": 30001087634.97, "Total Cost": 30001087634.98, "Plan Rows": 1, "Plan Width": 32, "Plans": [{"Node Type": "Nested Loop", "Parent Relationship": "Outer", "Parallel Aware": false, "Async Capable": false, "Join Type": "Inner", "Startup Cost": 30000336657.65, "Total Cost": 30001087634.97, "Plan Rows": 1, "Plan Width": 17, "Inner Unique": true, "Plans": [{"Node Type": "Nested Loop", "Parent Relationship": "Outer", "Parallel Aware": false, "Async Capable": false, "Join Type": "Inner", "Startup Cost": 30000336657.22, "Total Cost": 30001087630.51, "Plan Rows": 1, "Plan Width": 21, "Inner Unique": true, "Plans": [{"Node Type": "Hash Join", "Parent Relationship": "Outer", "Parallel Aware": false, "Async Capable": false, "Join Type": "Inner", "Startup Cost": 30000336656.78, "Total Cost": 30001087594.84, "Plan Rows": 8, "Plan Width": 25, "Inner Unique": false, "Hash Cond": "(ci.movie_id = t.id)", "Plans": [{"Node Type": "Seq Scan", "Parent Relationship": "Outer", "Parallel Aware": false, "Async Capable": false, "Relation Name": "cast_info", "Alias": "ci", "Startup Cost": 10000000000.0, "Total Cost": 10000615060.2, "Plan Rows": 36234020, "Plan Width": 12}, {"Node Type": "Hash", "Parent Relationship": "Inner", "Parallel Aware": false, "Async Capable": false, "Startup Cost": 20000336656.75, "Total Cost": 20000336656.75, "Plan Rows": 2, "Plan Width": 29, "Plans": [{"Node Type": "Nested Loop", "Parent Relationship": "Outer", "Parallel Aware": false, "Async Capable": false, "Join Type": "Inner", "Startup Cost": 20000336511.32, "Total Cost": 20000336656.75, "Plan Rows": 2, "Plan Width": 29, "Inner Unique": true, "Plans": [{"Node Type": "Nested Loop", "Parent Relationship": "Outer", "Parallel Aware": false, "Async Capable": false, "Join Type": "Inner", "Startup Cost": 20000336511.16, "Total Cost": 20000336629.66, "Plan Rows": 11, "Plan Width": 33, "Inner Unique": true, "Plans": [{"Node Type": "Merge Join", "Parent Relationship": "Outer", "Parallel Aware": false, "Async Capable": false, "Join Type": "Inner", "Startup Cost": 20000336510.72, "Total Cost": 20000336553.83, "Plan Rows": 17, "Plan Width": 8, "Inner Unique": false, "Merge Cond": "(mk.movie_id = cc.movie_id)", "Plans": [{"Node Type": "Sort", "Parent Relationship": "Outer", "Parallel Aware": false, "Async Capable": false, "Startup Cost": 10000329626.87, "Total Cost": 10000329627.63, "Plan Rows": 303, "Plan Width": 4, "Sort Key": ["mk.movie_id"], "Plans": [{"Node Type": "Nested Loop", "Parent Relationship": "Outer", "Parallel Aware": false, "Async Capable": false, "Join Type": "Inner", "Startup Cost": 10000000000.46, "Total Cost": 10000329614.38, "Plan Rows": 303, "Plan Width": 4, "Inner Unique": true, "Plans": [{"Node Type": "Seq Scan", "Parent Relationship": "Outer", "Parallel Aware": false, "Async Capable": false, "Relation Name": "movie_keyword", "Alias": "mk", "Startup Cost": 10000000000.0, "Total Cost": 10000069719.3, "Plan Rows": 4523930, "Plan Width": 8}, {"Node Type": "Memoize", "Parent Relationship": "Inner", "Parallel Aware": false, "Async Capable": false, "Startup Cost": 0.46, "Total Cost": 4.48, "Plan Rows": 1, "Plan Width": 4, "Cache Key": "mk.keyword_id", "Cache Mode": "logical", "Plans": [{"Node Type": "Bitmap Heap Scan", "Parent Relationship": "Outer", "Parallel Aware": false, "Async Capable": false, "Relation Name": "keyword", "Alias": "k", "Startup Cost": 0.45, "Total Cost": 4.47, "Plan Rows": 1, "Plan Width": 4, "Recheck Cond": "(id = mk.keyword_id)", "Filter": "((keyword)::text = ANY ('{\"10,000-mile-club\",alienation,based-on-comic,based-on-novel,blood,character-name-in-title,claw,computer-animated-movie,computer-animation}'::text[]))", "Plans": [{"Node Type": "Bitmap Index Scan", "Parent Relationship": "Outer", "Parallel Aware": false, "Async Capable": false, "Index Name": "keyword_pkey", "Startup Cost": 0.0, "Total Cost": 0.43, "Plan Rows": 1, "Plan Width": 0, "Index Cond": "(id = mk.keyword_id)"}]}]}]}]}, {"Node Type": "Sort", "Parent Relationship": "Inner", "Parallel Aware": false, "Async Capable": false, "Startup Cost": 10000006883.85, "Total Cost": 10000006904.96, "Plan Rows": 8443, "Plan Width": 4, "Sort Key": ["cc.movie_id"], "Plans": [{"Node Type": "Nested Loop", "Parent Relationship": "Outer", "Parallel Aware": false, "Async Capable": false, "Join Type": "Inner", "Startup Cost": 10000000000.3, "Total Cost": 10000006333.22, "Plan Rows": 8443, "Plan Width": 4, "Inner Unique": true, "Plans": [{"Node Type": "Nested Loop", "Parent Relationship": "Outer", "Parallel Aware": false, "Async Capable": false, "Join Type": "Inner", "Startup Cost": 10000000000.15, "Total Cost": 10000005476.46, "Plan Rows": 33772, "Plan Width": 8, "Inner Unique": true, "Plans": [{"Node Type": "Seq Scan", "Parent Relationship": "Outer", "Parallel Aware": false, "Async Capable": false, "Relation Name": "complete_cast", "Alias": "cc", "Startup Cost": 10000000000.0, "Total Cost": 10000002086.86, "Plan Rows": 135086, "Plan Width": 12}, {"Node Type": "Memoize", "Parent Relationship": "Inner", "Parallel Aware": false, "Async Capable": false, "Startup Cost": 0.15, "Total Cost": 4.16, "Plan Rows": 1, "Plan Width": 4, "Cache Key": "cc.subject_id", "Cache Mode": "logical", "Plans": [{"Node Type": "Bitmap Heap Scan", "Parent Relationship": "Outer", "Parallel Aware": false, "Async Capable": false, "Relation Name": "comp_cast_type", "Alias": "cct1", "Startup Cost": 0.14, "Total Cost": 4.15, "Plan Rows": 1, "Plan Width": 4, "Recheck Cond": "(id = cc.subject_id)", "Filter": "((kind)::text = 'cast'::text)", "Plans": [{"Node Type": "Bitmap Index Scan", "Parent Relationship": "Outer", "Parallel Aware": false, "Async Capable": false, "Index Name": "comp_cast_type_pkey", "Startup Cost": 0.0, "Total Cost": 0.14, "Plan Rows": 1, "Plan Width": 0, "Index Cond": "(id = cc.subject_id)"}]}]}]}, {"Node Type": "Memoize", "Parent Relationship": "Inner", "Parallel Aware": false, "Async Capable": false, "Startup Cost": 0.15, "Total Cost": 4.16, "Plan Rows": 1, "Plan Width": 4, "Cache Key": "cc.status_id", "Cache Mode": "logical", "Plans": [{"Node Type": "Bitmap Heap Scan", "Parent Relationship": "Outer", "Parallel Aware": false, "Async Capable": false, "Relation Name": "comp_cast_type", "Alias": "cct2", "Startup Cost": 0.14, "Total Cost": 4.15, "Plan Rows": 1, "Plan Width": 4, "Recheck Cond": "(id = cc.status_id)", "Filter": "((kind)::text ~~ '%complete%'::text)", "Plans": [{"Node Type": "Bitmap Index Scan", "Parent Relationship": "Outer", "Parallel Aware": false, "Async Capable": false, "Index Name": "comp_cast_type_pkey", "Startup Cost": 0.0, "Total Cost": 0.14, "Plan Rows": 1, "Plan Width": 0, "Index Cond": "(id = cc.status_id)"}]}]}]}]}]}, {"Node Type": "Bitmap Heap Scan", "Parent Relationship": "Inner", "Parallel Aware": false, "Async Capable": false, "Relation Name": "title", "Alias": "t", "Startup Cost": 0.45, "Total Cost": 4.46, "Plan Rows": 1, "Plan Width": 25, "Recheck Cond": "(id = mk.movie_id)", "Filter": "(production_year <= 2007)", "Plans": [{"Node Type": "Bitmap Index Scan", "Parent Relationship": "Outer", "Parallel Aware": false, "Async Capable": false, "Index Name": "title_pkey", "Startup Cost": 0.0, "Total Cost": 0.45, "Plan Rows": 1, "Plan Width": 0, "Index Cond": "(id = mk.movie_id)"}]}]}, {"Node Type": "Memoize", "Parent Relationship": "Inner", "Parallel Aware": false, "Async Capable": false, "Startup Cost": 0.15, "Total Cost": 4.17, "Plan Rows": 1, "Plan Width": 4, "Cache Key": "t.kind_id", "Cache Mode": "logical", "Plans": [{"Node Type": "Bitmap Heap Scan", "Parent Relationship": "Outer", "Parallel Aware": false, "Async Capable": false, "Relation Name": "kind_type", "Alias": "kt", "Startup Cost": 0.14, "Total Cost": 4.16, "Plan Rows": 1, "Plan Width": 4, "Recheck Cond": "(id = t.kind_id)", "Filter": "((kind)::text = 'tv movie'::text)", "Plans": [{"Node Type": "Bitmap Index Scan", "Parent Relationship": "Outer", "Parallel Aware": false, "Async Capable": false, "Index Name": "kind_type_pkey", "Startup Cost": 0.0, "Total Cost": 0.14, "Plan Rows": 1, "Plan Width": 0, "Index Cond": "(id = t.kind_id)"}]}]}]}]}]}, {"Node Type": "Bitmap Heap Scan", "Parent Relationship": "Inner", "Parallel Aware": false, "Async Capable": false, "Relation Name": "char_name", "Alias": "chn", "Startup Cost": 0.44, "Total Cost": 4.46, "Plan Rows": 1, "Plan Width": 4, "Recheck Cond": "(id = ci.person_role_id)", "Filter": "(((name)::text !~~ '%Tony%Stark%'::text) AND (((name)::text ~~ '%Iron%Man%'::text) OR ((name)::text ~~ '%Man%'::text)))", "Plans": [{"Node Type": "Bitmap Index Scan", "Parent Relationship": "Outer", "Parallel Aware": false, "Async Capable": false, "Index Name": "char_name_pkey", "Startup Cost": 0.0, "Total Cost": 0.44, "Plan Rows": 1, "Plan Width": 0, "Index Cond": "(id = ci.person_role_id)"}]}]}, {"Node Type": "Bitmap Heap Scan", "Parent Relationship": "Inner", "Parallel Aware": false, "Async Capable": false, "Relation Name": "name", "Alias": "n", "Startup Cost": 0.44, "Total Cost": 4.45, "Plan Rows": 1, "Plan Width": 4, "Recheck Cond": "(id = ci.person_id)", "Plans": [{"Node Type": "Bitmap Index Scan", "Parent Relationship": "Outer", "Parallel Aware": false, "Async Capable": false, "Index Name": "name_pkey", "Startup Cost": 0.0, "Total Cost": 0.44, "Plan Rows": 1, "Plan Width": 0, "Index Cond": "(id = ci.person_id)"}]}]}]}}, {"Plan": {"Node Type": "Aggregate", "Strategy": "Plain", "Partial Mode": "Finalize", "Parallel Aware": false, "Async Capable": false, "Startup Cost": 386032.14, "Total Cost": 386032.15, "Plan Rows": 1, "Plan Width": 32, "Plans": [{"Node Type": "Gather", "Parent Relationship": "Outer", "Parallel Aware": false, "Async Capable": false, "Startup Cost": 386031.52, "Total Cost": 386032.13, "Plan Rows": 6, "Plan Width": 32, "Workers Planned": 6, "Single Copy": false, "Plans": [{"Node Type": "Aggregate", "Strategy": "Plain", "Partial Mode": "Partial", "Parent Relationship": "Outer", "Parallel Aware": false, "Async Capable": false, "Startup Cost": 385031.52, "Total Cost": 385031.53, "Plan Rows": 1, "Plan Width": 32, "Plans": [{"Node Type": "Nested Loop", "Parent Relationship": "Outer", "Parallel Aware": false, "Async Capable": false, "Join Type": "Inner", "Startup Cost": 49267.11, "Total Cost": 385031.52, "Plan Rows": 1, "Plan Width": 17, "Inner Unique": true, "Plans": [{"Node Type": "Nested Loop", "Parent Relationship": "Outer", "Parallel Aware": false, "Async Capable": false, "Join Type": "Inner", "Startup Cost": 49266.67, "Total Cost": 385027.06, "Plan Rows": 1, "Plan Width": 21, "Inner Unique": true, "Plans": [{"Node Type": "Hash Join", "Parent Relationship": "Outer", "Parallel Aware": false, "Async Capable": false, "Join Type": "Inner", "Startup Cost": 49266.24, "Total Cost": 385022.6, "Plan Rows": 1, "Plan Width": 25, "Inner Unique": true, "Hash Cond": "(cc.status_id = cct2.id)", "Plans": [{"Node Type": "Hash Join", "Parent Relationship": "Outer", "Parallel Aware": true, "Async Capable": false, "Join Type": "Inner", "Startup Cost": 49265.17, "Total Cost": 385021.52, "Plan Rows": 5, "Plan Width": 29, "Inner Unique": false, "Hash Cond": "(ci.movie_id = t.id)", "Plans": [{"Node Type": "Seq Scan", "Parent Relationship": "Outer", "Parallel Aware": true, "Async Capable": false, "Relation Name": "cast_info", "Alias": "ci", "Startup Cost": 0.0, "Total Cost": 313110.03, "Plan Rows": 6039003, "Plan Width": 12}, {"Node Type": "Hash", "Parent Relationship": "Inner", "Parallel Aware": true, "Async Capable": false, "Startup Cost": 49265.15, "Total Cost": 49265.15, "Plan Rows": 2, "Plan Width": 33, "Plans": [{"Node Type": "Hash Join", "Parent Relationship": "Outer", "Parallel Aware": false, "Async Capable": false, "Join Type": "Inner", "Startup Cost": 6262.62, "Total Cost": 49265.15, "Plan Rows": 2, "Plan Width": 33, "Inner Unique": true, "Hash Cond": "(t.kind_id = kt.id)", "Plans": [{"Node Type": "Nested Loop", "Parent Relationship": "Outer", "Parallel Aware": false, "Async Capable": false, "Join Type": "Inner", "Startup Cost": 6261.52, "Total Cost": 49263.99, "Plan Rows": 15, "Plan Width": 37, "Inner Unique": true, "Plans": [{"Node Type": "Hash Join", "Parent Relationship": "Outer", "Parallel Aware": false, "Async Capable": false, "Join Type": "Inner", "Startup Cost": 6261.07, "Total Cost": 49165.85, "Plan Rows": 22, "Plan Width": 12, "Inner Unique": false, "Hash Cond": "(mk.movie_id = cc.movie_id)", "Plans": [{"Node Type": "Hash Join", "Parent Relationship": "Outer", "Parallel Aware": false, "Async Capable": false, "Join Type": "Inner", "Startup Cost": 3020.69, "Total Cost": 45924.88, "Plan Rows": 98, "Plan Width": 4, "Inner Unique": true, "Hash Cond": "(mk.keyword_id = k.id)", "Plans": [{"Node Type": "Seq Scan", "Parent Relationship": "Outer", "Parallel Aware": true, "Async Capable": false, "Relation Name": "movie_keyword", "Alias": "mk", "Startup Cost": 0.0, "Total Cost": 39073.32, "Plan Rows": 1459332, "Plan Width": 8}, {"Node Type": "Hash", "Parent Relationship": "Inner", "Parallel Aware": false, "Async Capable": false, "Startup Cost": 3020.57, "Total Cost": 3020.57, "Plan Rows": 9, "Plan Width": 4, "Plans": [{"Node Type": "Seq Scan", "Parent Relationship": "Outer", "Parallel Aware": false, "Async Capable": false, "Relation Name": "keyword", "Alias": "k", "Startup Cost": 0.02, "Total Cost": 3020.57, "Plan Rows": 9, "Plan Width": 4, "Filter": "((keyword)::text = ANY ('{\"10,000-mile-club\",alienation,based-on-comic,based-on-novel,blood,character-name-in-title,claw,computer-animated-movie,computer-animation}'::text[]))"}]}]}, {"Node Type": "Hash", "Parent Relationship": "Inner", "Parallel Aware": false, "Async Capable": false, "Startup Cost": 2818.24, "Total Cost": 2818.24, "Plan Rows": 33772, "Plan Width": 8, "Plans": [{"Node Type": "Hash Join", "Parent Relationship": "Outer", "Parallel Aware": false, "Async Capable": false, "Join Type": "Inner", "Startup Cost": 1.06, "Total Cost": 2818.24, "Plan Rows": 33772, "Plan Width": 8, "Inner Unique": true, "Hash Cond": "(cc.subject_id = cct1.id)", "Plans": [{"Node Type": "Seq Scan", "Parent Relationship": "Outer", "Parallel Aware": false, "Async Capable": false, "Relation Name": "complete_cast", "Alias": "cc", "Startup Cost": 0.0, "Total Cost": 2086.86, "Plan Rows": 135086, "Plan Width": 12}, {"Node Type": "Hash", "Parent Relationship": "Inner", "Parallel Aware": false, "Async Capable": false, "Startup Cost": 1.05, "Total Cost": 1.05, "Plan Rows": 1, "Plan Width": 4, "Plans": [{"Node Type": "Seq Scan", "Parent Relationship": "Outer", "Parallel Aware": false, "Async Capable": false, "Relation Name": "comp_cast_type", "Alias": "cct1", "Startup Cost": 0.0, "Total Cost": 1.05, "Plan Rows": 1, "Plan Width": 4, "Filter": "((kind)::text = 'cast'::text)"}]}]}]}]}, {"Node Type": "Bitmap Heap Scan", "Parent Relationship": "Inner", "Parallel Aware": false, "Async Capable": false, "Relation Name": "title", "Alias": "t", "Startup Cost": 0.45, "Total Cost": 4.46, "Plan Rows": 1, "Plan Width": 25, "Recheck Cond": "(id = mk.movie_id)", "Filter": "(production_year <= 2007)", "Plans": [{"Node Type": "Bitmap Index Scan", "Parent Relationship": "Outer", "Parallel Aware": false, "Async Capable": false, "Index Name": "title_pkey", "Startup Cost": 0.0, "Total Cost": 0.45, "Plan Rows": 1, "Plan Width": 0, "Index Cond": "(id = mk.movie_id)"}]}]}, {"Node Type": "Hash", "Parent Relationship": "Inner", "Parallel Aware": false, "Async Capable": false, "Startup Cost": 1.09, "Total Cost": 1.09, "Plan Rows": 1, "Plan Width": 4, "Plans": [{"Node Type": "Seq Scan", "Parent Relationship": "Outer", "Parallel Aware": false, "Async Capable": false, "Relation Name": "kind_type", "Alias": "kt", "Startup Cost": 0.0, "Total Cost": 1.09, "Plan Rows": 1, "Plan Width": 4, "Filter": "((kind)::text = 'tv movie'::text)"}]}]}]}]}, {"Node Type": "Hash", "Parent Relationship": "Inner", "Parallel Aware": false, "Async Capable": false, "Startup Cost": 1.05, "Total Cost": 1.05, "Plan Rows": 1, "Plan Width": 4, "Plans": [{"Node Type": "Seq Scan", "Parent Relationship": "Outer", "Parallel Aware": false, "Async Capable": false, "Relation Name": "comp_cast_type", "Alias": "cct2", "Startup Cost": 0.0, "Total Cost": 1.05, "Plan Rows": 1, "Plan Width": 4, "Filter": "((kind)::text ~~ '%complete%'::text)"}]}]}, {"Node Type": "Bitmap Heap Scan", "Parent Relationship": "Inner", "Parallel Aware": false, "Async Capable": false, "Relation Name": "char_name", "Alias": "chn", "Startup Cost": 0.44, "Total Cost": 4.46, "Plan Rows": 1, "Plan Width": 4, "Recheck Cond": "(id = ci.person_role_id)", "Filter": "(((name)::text !~~ '%Tony%Stark%'::text) AND (((name)::text ~~ '%Iron%Man%'::text) OR ((name)::text ~~ '%Man%'::text)))", "Plans": [{"Node Type": "Bitmap Index Scan", "Parent Relationship": "Outer", "Parallel Aware": false, "Async Capable": false, "Index Name": "char_name_pkey", "Startup Cost": 0.0, "Total Cost": 0.44, "Plan Rows": 1, "Plan Width": 0, "Index Cond": "(id = ci.person_role_id)"}]}]}, {"Node Type": "Bitmap Heap Scan", "Parent Relationship": "Inner", "Parallel Aware": false, "Async Capable": false, "Relation Name": "name", "Alias": "n", "Startup Cost": 0.44, "Total Cost": 4.45, "Plan Rows": 1, "Plan Width": 4, "Recheck Cond": "(id = ci.person_id)", "Plans": [{"Node Type": "Bitmap Index Scan", "Parent Relationship": "Outer", "Parallel Aware": false, "Async Capable": false, "Index Name": "name_pkey", "Startup Cost": 0.0, "Total Cost": 0.44, "Plan Rows": 1, "Plan Width": 0, "Index Cond": "(id = ci.person_id)"}]}]}]}]}]}}, {"Plan": {"Node Type": "Aggregate", "Strategy": "Plain", "Partial Mode": "Simple", "Parallel Aware": false, "Async Capable": false, "Startup Cost": 30000990421.64, "Total Cost": 30000990421.65, "Plan Rows": 1, "Plan Width": 32, "Plans": [{"Node Type": "Nested Loop", "Parent Relationship": "Outer", "Parallel Aware": false, "Async Capable": false, "Join Type": "Inner", "Startup Cost": 30000239444.32, "Total Cost": 30000990421.63, "Plan Rows": 1, "Plan Width": 17, "Inner Unique": true, "Plans": [{"Node Type": "Nested Loop", "Parent Relationship": "Outer", "Parallel Aware": false, "Async Capable": false, "Join Type": "Inner", "Startup Cost": 30000239443.88, "Total Cost": 30000990417.18, "Plan Rows": 1, "Plan Width": 21, "Inner Unique": true, "Plans": [{"Node Type": "Hash Join", "Parent Relationship": "Outer", "Parallel Aware": false, "Async Capable": false, "Join Type": "Inner", "Startup Cost": 30000239443.45, "Total Cost": 30000990381.51, "Plan Rows": 8, "Plan Width": 25, "Inner Unique": false, "Hash Cond": "(ci.movie_id = t.id)", "Plans": [{"Node Type": "Seq Scan", "Parent Relationship": "Outer", "Parallel Aware": false, "Async Capable": false, "Relation Name": "cast_info", "Alias": "ci", "Startup Cost": 10000000000.0, "Total Cost": 10000615060.2, "Plan Rows": 36234020, "Plan Width": 12}, {"Node Type": "Hash", "Parent Relationship": "Inner", "Parallel Aware": false, "Async Capable": false, "Startup Cost": 20000239443.42, "Total Cost": 20000239443.42, "Plan Rows": 2, "Plan Width": 29, "Plans": [{"Node Type": "Nested Loop", "Parent Relationship": "Outer", "Parallel Aware": false, "Async Capable": false, "Join Type": "Inner", "Startup Cost": 20000046357.08, "Total Cost": 20000239443.42, "Plan Rows": 2, "Plan Width": 29, "Inner Unique": true, "Plans": [{"Node Type": "Hash Join", "Parent Relationship": "Outer", "Parallel Aware": false, "Async Capable": false, "Join Type": "Inner", "Startup Cost": 20000046356.63, "Total Cost": 20000133054.9, "Plan Rows": 23810, "Plan Width": 33, "Inner Unique": false, "Hash Cond": "(mk.movie_id = t.id)", "Plans": [{"Node Type": "Seq Scan", "Parent Relationship": "Outer", "Parallel Aware": false, "Async Capable": false, "Relation Name": "movie_keyword", "Alias": "mk", "Startup Cost": 10000000000.0, "Total Cost": 10000069719.3, "Plan Rows": 4523930, "Plan Width": 8}, {"Node Type": "Hash", "Parent Relationship": "Inner", "Parallel Aware": false, "Async Capable": false, "Startup Cost": 10000046346.7, "Total Cost": 10000046346.7, "Plan Rows": 795, "Plan Width": 25, "Plans": [{"Node Type": "Nested Loop", "Parent Relationship": "Outer", "Parallel Aware": false, "Async Capable": false, "Join Type": "Inner", "Startup Cost": 10000000001.15, "Total Cost": 10000046346.7, "Plan Rows": 795, "Plan Width": 25, "Inner Unique": true, "Plans": [{"Node Type": "Nested Loop", "Parent Relationship": "Outer", "Parallel Aware": false, "Async Capable": false, "Join Type": "Inner", "Startup Cost": 10000000001.0, "Total Cost": 10000046178.57, "Plan Rows": 5562, "Plan Width": 29, "Inner Unique": true, "Plans": [{"Node Type": "Nested Loop", "Parent Relationship": "Outer", "Parallel Aware": false, "Async Capable": false, "Join Type": "Inner", "Startup Cost": 10000000000.3, "Total Cost": 10000006333.22, "Plan Rows": 8443, "Plan Width": 4, "Inner Unique": true, "Plans": [{"Node Type": "Nested Loop", "Parent Relationship": "Outer", "Parallel Aware": false, "Async Capable": false, "Join Type": "Inner", "Startup Cost": 10000000000.15, "Total Cost": 10000005476.46, "Plan Rows": 33772, "Plan Width": 8, "Inner Unique": true, "Plans": [{"Node Type": "Seq Scan", "Parent Relationship": "Outer", "Parallel Aware": false, "Async Capable": false, "Relation Name": "complete_cast", "Alias": "cc", "Startup Cost": 10000000000.0, "Total Cost": 10000002086.86, "Plan Rows": 135086, "Plan Width": 12}, {"Node Type": "Memoize", "Parent Relationship": "Inner", "Parallel Aware": false, "Async Capable": false, "Startup Cost": 0.15, "Total Cost": 4.16, "Plan Rows": 1, "Plan Width": 4, "Cache Key": "cc.subject_id", "Cache Mode": "logical", "Plans": [{"Node Type": "Bitmap Heap Scan", "Parent Relationship": "Outer", "Parallel Aware": false, "Async Capable": false, "Relation Name": "comp_cast_type", "Alias": "cct1", "Startup Cost": 0.14, "Total Cost": 4.15, "Plan Rows": 1, "Plan Width": 4, "Recheck Cond": "(id = cc.subject_id)", "Filter": "((kind)::text = 'cast'::text)", "Plans": [{"Node Type": "Bitmap Index Scan", "Parent Relationship": "Outer", "Parallel Aware": false, "Async Capable": false, "Index Name": "comp_cast_type_pkey", "Startup Cost": 0.0, "Total Cost": 0.14, "Plan Rows": 1, "Plan Width": 0, "Index Cond": "(id = cc.subject_id)"}]}]}]}, {"Node Type": "Memoize", "Parent Relationship": "Inner", "Parallel Aware": false, "Async Capable": false, "Startup Cost": 0.15, "Total Cost": 4.16, "Plan Rows": 1, "Plan Width": 4, "Cache Key": "cc.status_id", "Cache Mode": "logical", "Plans": [{"Node Type": "Bitmap Heap Scan", "Parent Relationship": "Outer", "Parallel Aware": false, "Async Capable": false, "Relation Name": "comp_cast_type", "Alias": "cct2", "Startup Cost": 0.14, "Total Cost": 4.15, "Plan Rows": 1, "Plan Width": 4, "Recheck Cond": "(id = cc.status_id)", "Filter": "((kind)::text ~~ '%complete%'::text)", "Plans": [{"Node Type": "Bitmap Index Scan", "Parent Relationship": "Outer", "Parallel Aware": false, "Async Capable": false, "Index Name": "comp_cast_type_pkey", "Startup Cost": 0.0, "Total Cost": 0.14, "Plan Rows": 1, "Plan Width": 0, "Index Cond": "(id = cc.status_id)"}]}]}]}, {"Node Type": "Bitmap Heap Scan", "Parent Relationship": "Inner", "Parallel Aware": false, "Async Capable": false, "Relation Name": "title", "Alias": "t", "Startup Cost": 0.7, "Total Cost": 4.72, "Plan Rows": 1, "Plan Width": 25, "Recheck Cond": "(id = cc.movie_id)", "Filter": "(production_year <= 2007)", "Plans": [{"Node Type": "Bitmap Index Scan", "Parent Relationship": "Outer", "Parallel Aware": false, "Async Capable": false, "Index Name": "title_pkey", "Startup Cost": 0.0, "Total Cost": 0.7, "Plan Rows": 1, "Plan Width": 0, "Index Cond": "(id = cc.movie_id)"}]}]}, {"Node Type": "Memoize", "Parent Relationship": "Inner", "Parallel Aware": false, "Async Capable": false, "Startup Cost": 0.15, "Total Cost": 4.17, "Plan Rows": 1, "Plan Width": 4, "Cache Key": "t.kind_id", "Cache Mode": "logical", "Plans": [{"Node Type": "Bitmap Heap Scan", "Parent Relationship": "Outer", "Parallel Aware": false, "Async Capable": false, "Relation Name": "kind_type", "Alias": "kt", "Startup Cost": 0.14, "Total Cost": 4.16, "Plan Rows": 1, "Plan Width": 4, "Recheck Cond": "(id = t.kind_id)", "Filter": "((kind)::text = 'tv movie'::text)", "Plans": [{"Node Type": "Bitmap Index Scan", "Parent Relationship": "Outer", "Parallel Aware": false, "Async Capable": false, "Index Name": "kind_type_pkey", "Startup Cost": 0.0, "Total Cost": 0.14, "Plan Rows": 1, "Plan Width": 0, "Index Cond": "(id = t.kind_id)"}]}]}]}]}]}, {"Node Type": "Bitmap Heap Scan", "Parent Relationship": "Inner", "Parallel Aware": false, "Async Capable": false, "Relation Name": "keyword", "Alias": "k", "Startup Cost": 0.45, "Total Cost": 4.47, "Plan Rows": 1, "Plan Width": 4, "Recheck Cond": "(id = mk.keyword_id)", "Filter": "((keyword)::text = ANY ('{\"10,000-mile-club\",alienation,based-on-comic,based-on-novel,blood,character-name-in-title,claw,computer-animated-movie,computer-animation}'::text[]))", "Plans": [{"Node Type": "Bitmap Index Scan", "Parent Relationship": "Outer", "Parallel Aware": false, "Async Capable": false, "Index Name": "keyword_pkey", "Startup Cost": 0.0, "Total Cost": 0.43, "Plan Rows": 1, "Plan Width": 0, "Index Cond": "(id = mk.keyword_id)"}]}]}]}]}, {"Node Type": "Bitmap Heap Scan", "Parent Relationship": "Inner", "Parallel Aware": false, "Async Capable": false, "Relation Name": "char_name", "Alias": "chn", "Startup Cost": 0.44, "Total Cost": 4.46, "Plan Rows": 1, "Plan Width": 4, "Recheck Cond": "(id = ci.person_role_id)", "Filter": "(((name)::text !~~ '%Tony%Stark%'::text) AND (((name)::text ~~ '%Iron%Man%'::text) OR ((name)::text ~~ '%Man%'::text)))", "Plans": [{"Node Type": "Bitmap Index Scan", "Parent Relationship": "Outer", "Parallel Aware": false, "Async Capable": false, "Index Name": "char_name_pkey", "Startup Cost": 0.0, "Total Cost": 0.44, "Plan Rows": 1, "Plan Width": 0, "Index Cond": "(id = ci.person_role_id)"}]}]}, {"Node Type": "Bitmap Heap Scan", "Parent Relationship": "Inner", "Parallel Aware": false, "Async Capable": false, "Relation Name": "name", "Alias": "n", "Startup Cost": 0.44, "Total Cost": 4.45, "Plan Rows": 1, "Plan Width": 4, "Recheck Cond": "(id = ci.person_id)", "Plans": [{"Node Type": "Bitmap Index Scan", "Parent Relationship": "Outer", "Parallel Aware": false, "Async Capable": false, "Index Name": "name_pkey", "Startup Cost": 0.0, "Total Cost": 0.44, "Plan Rows": 1, "Plan Width": 0, "Index Cond": "(id = ci.person_id)"}]}]}]}}, {"Plan": {"Node Type": "Aggregate", "Strategy": "Plain", "Partial Mode": "Finalize", "Parallel Aware": false, "Async Capable": false, "Startup Cost": 385822.0, "Total Cost": 385822.01, "Plan Rows": 1, "Plan Width": 32, "Plans": [{"Node Type": "Gather", "Parent Relationship": "Outer", "Parallel Aware": false, "Async Capable": false, "Startup Cost": 385821.38, "Total Cost": 385821.99, "Plan Rows": 6, "Plan Width": 32, "Workers Planned": 6, "Single Copy": false, "Plans": [{"Node Type": "Aggregate", "Strategy": "Plain", "Partial Mode": "Partial", "Parent Relationship": "Outer", "Parallel Aware": false, "Async Capable": false, "Startup Cost": 384821.38, "Total Cost": 384821.39, "Plan Rows": 1, "Plan Width": 32, "Plans": [{"Node Type": "Nested Loop", "Parent Relationship": "Outer", "Parallel Aware": false, "Async Capable": false, "Join Type": "Inner", "Startup Cost": 49057.03, "Total Cost": 384821.37, "Plan Rows": 1, "Plan Width": 17, "Inner Unique": true, "Plans": [{"Node Type": "Nested Loop", "Parent Relationship": "Outer", "Parallel Aware": false, "Async Capable": false, "Join Type": "Inner", "Startup Cost": 49056.59, "Total Cost": 384816.92, "Plan Rows": 1, "Plan Width": 21, "Inner Unique": true, "Plans": [{"Node Type": "Hash Join", "Parent Relationship": "Outer", "Parallel Aware": true, "Async Capable": false, "Join Type": "Inner", "Startup Cost": 49056.15, "Total Cost": 384812.46, "Plan Rows": 1, "Plan Width": 25, "Inner Unique": false, "Hash Cond": "(ci.movie_id = t.id)", "Plans": [{"Node Type": "Seq Scan", "Parent Relationship": "Outer", "Parallel Aware": true, "Async Capable": false, "Relation Name": "cast_info", "Alias": "ci", "Startup Cost": 0.0, "Total Cost": 313110.03, "Plan Rows": 6039003, "Plan Width": 12}, {"Node Type": "Hash", "Parent Relationship": "Inner", "Parallel Aware": true, "Async Capable": false, "Startup Cost": 49056.14, "Total Cost": 49056.14, "Plan Rows": 1, "Plan Width": 29, "Plans": [{"Node Type": "Hash Join", "Parent Relationship": "Outer", "Parallel Aware": false, "Async Capable": false, "Join Type": "Inner", "Startup Cost": 6129.65, "Total Cost": 49056.14, "Plan Rows": 1, "Plan Width": 29, "Inner Unique": true, "Hash Cond": "(t.kind_id = kt.id)", "Plans": [{"Node Type": "Nested Loop", "Parent Relationship": "Outer", "Parallel Aware": false, "Async Capable": false, "Join Type": "Inner", "Startup Cost": 6128.55, "Total Cost": 49055.01, "Plan Rows": 4, "Plan Width": 33, "Inner Unique": true, "Plans": [{"Node Type": "Hash Join", "Parent Relationship": "Outer", "Parallel Aware": false, "Async Capable": false, "Join Type": "Inner", "Startup Cost": 6128.1, "Total Cost": 49032.71, "Plan Rows": 5, "Plan Width": 8, "Inner Unique": false, "Hash Cond": "(mk.movie_id = cc.movie_id)", "Plans": [{"Node Type": "Hash Join", "Parent Relationship": "Outer", "Parallel Aware": false, "Async Capable": false, "Join Type": "Inner", "Startup Cost": 3020.69, "Total Cost": 45924.88, "Plan Rows": 98, "Plan Width": 4, "Inner Unique": true, "Hash Cond": "(mk.keyword_id = k.id)", "Plans": [{"Node Type": "Seq Scan", "Parent Relationship": "Outer", "Parallel Aware": true, "Async Capable": false, "Relation Name": "movie_keyword", "Alias": "mk", "Startup Cost": 0.0, "Total Cost": 39073.32, "Plan Rows": 1459332, "Plan Width": 8}, {"Node Type": "Hash", "Parent Relationship": "Inner", "Parallel Aware": false, "Async Capable": false, "Startup Cost": 3020.57, "Total Cost": 3020.57, "Plan Rows": 9, "Plan Width": 4, "Plans": [{"Node Type": "Seq Scan", "Parent Relationship": "Outer", "Parallel Aware": false, "Async Capable": false, "Relation Name": "keyword", "Alias": "k", "Startup Cost": 0.02, "Total Cost": 3020.57, "Plan Rows": 9, "Plan Width": 4, "Filter": "((keyword)::text = ANY ('{\"10,000-mile-club\",alienation,based-on-comic,based-on-novel,blood,character-name-in-title,claw,computer-animated-movie,computer-animation}'::text[]))"}]}]}, {"Node Type": "Hash", "Parent Relationship": "Inner", "Parallel Aware": false, "Async Capable": false, "Startup Cost": 3001.88, "Total Cost": 3001.88, "Plan Rows": 8443, "Plan Width": 4, "Plans": [{"Node Type": "Hash Join", "Parent Relationship": "Outer", "Parallel Aware": false, "Async Capable": false, "Join Type": "Inner", "Startup Cost": 2.12, "Total Cost": 3001.88, "Plan Rows": 8443, "Plan Width": 4, "Inner Unique": true, "Hash Cond": "(cc.status_id = cct2.id)", "Plans": [{"Node Type": "Hash Join", "Parent Relationship": "Outer", "Parallel Aware": false, "Async Capable": false, "Join Type": "Inner", "Startup Cost": 1.06, "Total Cost": 2818.24, "Plan Rows": 33772, "Plan Width": 8, "Inner Unique": true, "Hash Cond": "(cc.subject_id = cct1.id)", "Plans": [{"Node Type": "Seq Scan", "Parent Relationship": "Outer", "Parallel Aware": false, "Async Capable": false, "Relation Name": "complete_cast", "Alias": "cc", "Startup Cost": 0.0, "Total Cost": 2086.86, "Plan Rows": 135086, "Plan Width": 12}, {"Node Type": "Hash", "Parent Relationship": "Inner", "Parallel Aware": false, "Async Capable": false, "Startup Cost": 1.05, "Total Cost": 1.05, "Plan Rows": 1, "Plan Width": 4, "Plans": [{"Node Type": "Seq Scan", "Parent Relationship": "Outer", "Parallel Aware": false, "Async Capable": false, "Relation Name": "comp_cast_type", "Alias": "cct1", "Startup Cost": 0.0, "Total Cost": 1.05, "Plan Rows": 1, "Plan Width": 4, "Filter": "((kind)::text = 'cast'::text)"}]}]}, {"Node Type": "Hash", "Parent Relationship": "Inner", "Parallel Aware": false, "Async Capable": false, "Startup Cost": 1.05, "Total Cost": 1.05, "Plan Rows": 1, "Plan Width": 4, "Plans": [{"Node Type": "Seq Scan", "Parent Relationship": "Outer", "Parallel Aware": false, "Async Capable": false, "Relation Name": "comp_cast_type", "Alias": "cct2", "Startup Cost": 0.0, "Total Cost": 1.05, "Plan Rows": 1, "Plan Width": 4, "Filter": "((kind)::text ~~ '%complete%'::text)"}]}]}]}]}, {"Node Type": "Bitmap Heap Scan", "Parent Relationship": "Inner", "Parallel Aware": false, "Async Capable": false, "Relation Name": "title", "Alias": "t", "Startup Cost": 0.45, "Total Cost": 4.46, "Plan Rows": 1, "Plan Width": 25, "Recheck Cond": "(id = mk.movie_id)", "Filter": "(production_year <= 2007)", "Plans": [{"Node Type": "Bitmap Index Scan", "Parent Relationship": "Outer", "Parallel Aware": false, "Async Capable": false, "Index Name": "title_pkey", "Startup Cost": 0.0, "Total Cost": 0.45, "Plan Rows": 1, "Plan Width": 0, "Index Cond": "(id = mk.movie_id)"}]}]}, {"Node Type": "Hash", "Parent Relationship": "Inner", "Parallel Aware": false, "Async Capable": false, "Startup Cost": 1.09, "Total Cost": 1.09, "Plan Rows": 1, "Plan Width": 4, "Plans": [{"Node Type": "Seq Scan", "Parent Relationship": "Outer", "Parallel Aware": false, "Async Capable": false, "Relation Name": "kind_type", "Alias": "kt", "Startup Cost": 0.0, "Total Cost": 1.09, "Plan Rows": 1, "Plan Width": 4, "Filter": "((kind)::text = 'tv movie'::text)"}]}]}]}]}, {"Node Type": "Bitmap Heap Scan", "Parent Relationship": "Inner", "Parallel Aware": false, "Async Capable": false, "Relation Name": "char_name", "Alias": "chn", "Startup Cost": 0.44, "Total Cost": 4.46, "Plan Rows": 1, "Plan Width": 4, "Recheck Cond": "(id = ci.person_role_id)", "Filter": "(((name)::text !~~ '%Tony%Stark%'::text) AND (((name)::text ~~ '%Iron%Man%'::text) OR ((name)::text ~~ '%Man%'::text)))", "Plans": [{"Node Type": "Bitmap Index Scan", "Parent Relationship": "Outer", "Parallel Aware": false, "Async Capable": false, "Index Name": "char_name_pkey", "Startup Cost": 0.0, "Total Cost": 0.44, "Plan Rows": 1, "Plan Width": 0, "Index Cond": "(id = ci.person_role_id)"}]}]}, {"Node Type": "Bitmap Heap Scan", "Parent Relationship": "Inner", "Parallel Aware": false, "Async Capable": false, "Relation Name": "name", "Alias": "n", "Startup Cost": 0.44, "Total Cost": 4.45, "Plan Rows": 1, "Plan Width": 4, "Recheck Cond": "(id = ci.person_id)", "Plans": [{"Node Type": "Bitmap Index Scan", "Parent Relationship": "Outer", "Parallel Aware": false, "Async Capable": false, "Index Name": "name_pkey", "Startup Cost": 0.0, "Total Cost": 0.44, "Plan Rows": 1, "Plan Width": 0, "Index Cond": "(id = ci.person_id)"}]}]}]}]}]}}, {"Plan": {"Node Type": "Aggregate", "Strategy": "Plain", "Partial Mode": "Simple", "Parallel Aware": false, "Async Capable": false, "Startup Cost": 30001310150.71, "Total Cost": 30001310150.72, "Plan Rows": 1, "Plan Width": 32, "Plans": [{"Node Type": "Hash Join", "Parent Relationship": "Outer", "Parallel Aware": false, "Async Capable": false, "Join Type": "Inner", "Startup Cost": 30001116307.12, "Total Cost": 30001310150.7, "Plan Rows": 1, "Plan Width": 17, "Inner Unique": false, "Hash Cond": "(n.id = ci.person_id)", "Plans": [{"Node Type": "Index Scan", "Parent Relationship": "Outer", "Parallel Aware": false, "Async Capable": false, "Scan Direction": "Forward", "Index Name": "name_pkey", "Relation Name": "name", "Alias": "n", "Startup Cost": 0.43, "Total Cost": 178215.91, "Plan Rows": 4167491, "Plan Width": 4}, {"Node Type": "Hash", "Parent Relationship": "Inner", "Parallel Aware": false, "Async Capable": false, "Startup Cost": 30001116306.68, "Total Cost": 30001116306.68, "Plan Rows": 1, "Plan Width": 21, "Plans": [{"Node Type": "Hash Join", "Parent Relationship": "Outer", "Parallel Aware": false, "Async Capable": false, "Join Type": "Inner", "Startup Cost": 30000963848.6, "Total Cost": 30001116306.68, "Plan Rows": 1, "Plan Width": 21, "Inner Unique": false, "Hash Cond": "(chn.id = ci.person_role_id)", "Plans": [{"Node Type": "Index Scan", "Parent Relationship": "Outer", "Parallel Aware": false, "Async Capable": false, "Scan Direction": "Forward", "Index Name": "char_name_pkey", "Relation Name": "char_name", "Alias": "chn", "Startup Cost": 0.43, "Total Cost": 152268.55, "Plan Rows": 50650, "Plan Width": 4, "Filter": "(((name)::text !~~ '%Tony%Stark%'::text) AND (((name)::text ~~ '%Iron%Man%'::text) OR ((name)::text ~~ '%Man%'::text)))"}, {"Node Type": "Hash", "Parent Relationship": "Inner", "Parallel Aware": false, "Async Capable": false, "Startup Cost": 30000963848.07, "Total Cost": 30000963848.07, "Plan Rows": 8, "Plan Width": 25, "Plans": [{"Node Type": "Hash Join", "Parent Relationship": "Outer", "Parallel Aware": false, "Async Capable": false, "Join Type": "Inner", "Startup Cost": 30000212908.48, "Total Cost": 30000963848.07, "Plan Rows": 8, "Plan Width": 25, "Inner Unique": true, "Hash Cond": "(t.kind_id = kt.id)", "Plans": [{"Node Type": "Hash Join", "Parent Relationship": "Outer", "Parallel Aware": false, "Async Capable": false, "Join Type": "Inner", "Startup Cost": 30000212896.21, "Total Cost": 30000963835.57, "Plan Rows": 57, "Plan Width": 29, "Inner Unique": false, "Hash Cond": "(ci.movie_id = t.id)", "Plans": [{"Node Type": "Seq Scan", "Parent Relationship": "Outer", "Parallel Aware": false, "Async Capable": false, "Relation Name": "cast_info", "Alias": "ci", "Startup Cost": 10000000000.0, "Total Cost": 10000615060.2, "Plan Rows": 36234020, "Plan Width": 12}, {"Node Type": "Hash", "Parent Relationship": "Inner", "Parallel Aware": false, "Async Capable": false, "Startup Cost": 20000212896.08, "Total Cost": 20000212896.08, "Plan Rows": 11, "Plan Width": 33, "Plans": [{"Node Type": "Hash Join", "Parent Relationship": "Outer", "Parallel Aware": false, "Async Capable": false, "Join Type": "Inner", "Startup Cost": 20000089961.28, "Total Cost": 20000212896.08, "Plan Rows": 11, "Plan Width": 33, "Inner Unique": false, "Hash Cond": "(t.id = mk.movie_id)", "Plans": [{"Node Type": "Index Scan", "Parent Relationship": "Outer", "Parallel Aware": false, "Async Capable": false, "Scan Direction": "Forward", "Index Name": "title_pkey", "Relation Name": "title", "Alias": "t", "Startup Cost": 0.43, "Total Cost": 116689.45, "Plan Rows": 1665512, "Plan Width": 25, "Filter": "(production_year <= 2007)"}, {"Node Type": "Hash", "Parent Relationship": "Inner", "Parallel Aware": false, "Async Capable": false, "Startup Cost": 20000089960.64, "Total Cost": 20000089960.64, "Plan Rows": 17, "Plan Width": 8, "Plans": [{"Node Type": "Hash Join", "Parent Relationship": "Outer", "Parallel Aware": false, "Async Capable": false, "Join Type": "Inner", "Startup Cost": 20000087362.66, "Total Cost": 20000089960.64, "Plan Rows": 17, "Plan Width": 8, "Inner Unique": true, "Hash Cond": "(cc.status_id = cct2.id)", "Plans": [{"Node Type": "Hash Join", "Parent Relationship": "Outer", "Parallel Aware": false, "Async Capable": false, "Join Type": "Inner", "Startup Cost": 20000087350.44, "Total Cost": 20000089948.06, "Plan Rows": 68, "Plan Width": 12, "Inner Unique": true, "Hash Cond": "(cc.subject_id = cct1.id)", "Plans": [{"Node Type": "Hash Join", "Parent Relationship": "Outer", "Parallel Aware": false, "Async Capable": false, "Join Type": "Inner", "Startup Cost": 20000087338.23, "Total Cost": 20000089934.37, "Plan Rows": 272, "Plan Width": 16, "Inner Unique": false, "Hash Cond": "(cc.movie_id = mk.movie_id)", "Plans": [{"Node Type": "Seq Scan", "Parent Relationship": "Outer", "Parallel Aware": false, "Async Capable": false, "Relation Name": "complete_cast", "Alias": "cc", "Startup Cost": 10000000000.0, "Total Cost": 10000002086.86, "Plan Rows": 135086, "Plan Width": 12}, {"Node Type": "Hash", "Parent Relationship": "Inner", "Parallel Aware": false, "Async Capable": false, "Startup Cost": 10000087334.44, "Total Cost": 10000087334.44, "Plan Rows": 303, "Plan Width": 4, "Plans": [{"Node Type": "Hash Join", "Parent Relationship": "Outer", "Parallel Aware": false, "Async Capable": false, "Join Type": "Inner", "Startup Cost": 10000005739.45, "Total Cost": 10000087334.44, "Plan Rows": 303, "Plan Width": 4, "Inner Unique": true, "Hash Cond": "(mk.keyword_id = k.id)", "Plans": [{"Node Type": "Seq Scan", "Parent Relationship": "Outer", "Parallel Aware": false, "Async Capable": false, "Relation Name": "movie_keyword", "Alias": "mk", "Startup Cost": 10000000000.0, "Total Cost": 10000069719.3, "Plan Rows": 4523930, "Plan Width": 8}, {"Node Type": "Hash", "Parent Relationship": "Inner", "Parallel Aware": false, "Async Capable": false, "Startup Cost": 5739.34, "Total Cost": 5739.34, "Plan Rows": 9, "Plan Width": 4, "Plans": [{"Node Type": "Index Scan", "Parent Relationship": "Outer", "Parallel Aware": false, "Async Capable": false, "Scan Direction": "Forward", "Index Name": "keyword_pkey", "Relation Name": "keyword", "Alias": "k", "Startup Cost": 0.44, "Total Cost": 5739.34, "Plan Rows": 9, "Plan Width": 4, "Filter": "((keyword)::text = ANY ('{\"10,000-mile-club\",alienation,based-on-comic,based-on-novel,blood,character-name-in-title,claw,computer-animated-movie,computer-animation}'::text[]))"}]}]}]}]}, {"Node Type": "Hash", "Parent Relationship": "Inner", "Parallel Aware": false, "Async Capable": false, "Startup Cost": 12.2, "Total Cost": 12.2, "Plan Rows": 1, "Plan Width": 4, "Plans": [{"Node Type": "Index Scan", "Parent Relationship": "Outer", "Parallel Aware": false, "Async Capable": false, "Scan Direction": "Forward", "Index Name": "comp_cast_type_pkey", "Relation Name": "comp_cast_type", "Alias": "cct1", "Startup Cost": 0.13, "Total Cost": 12.2, "Plan Rows": 1, "Plan Width": 4, "Filter": "((kind)::text = 'cast'::text)"}]}]}, {"Node Type": "Hash", "Parent Relationship": "Inner", "Parallel Aware": false, "Async Capable": false, "Startup Cost": 12.2, "Total Cost": 12.2, "Plan Rows": 1, "Plan Width": 4, "Plans": [{"Node Type": "Index Scan", "Parent Relationship": "Outer", "Parallel Aware": false, "Async Capable": false, "Scan Direction": "Forward", "Index Name": "comp_cast_type_pkey", "Relation Name": "comp_cast_type", "Alias": "cct2", "Startup Cost": 0.13, "Total Cost": 12.2, "Plan Rows": 1, "Plan Width": 4, "Filter": "((kind)::text ~~ '%complete%'::text)"}]}]}]}]}]}]}, {"Node Type": "Hash", "Parent Relationship": "Inner", "Parallel Aware": false, "Async Capable": false, "Startup Cost": 12.26, "Total Cost": 12.26, "Plan Rows": 1, "Plan Width": 4, "Plans": [{"Node Type": "Index Scan", "Parent Relationship": "Outer", "Parallel Aware": false, "Async Capable": false, "Scan Direction": "Forward", "Index Name": "kind_type_pkey", "Relation Name": "kind_type", "Alias": "kt", "Startup Cost": 0.13, "Total Cost": 12.26, "Plan Rows": 1, "Plan Width": 4, "Filter": "((kind)::text = 'tv movie'::text)"}]}]}]}]}]}]}]}}, {"Plan": {"Node Type": "Aggregate", "Strategy": "Plain", "Partial Mode": "Simple", "Parallel Aware": false, "Async Capable": false, "Startup Cost": 30001298828.31, "Total Cost": 30001298828.32, "Plan Rows": 1, "Plan Width": 32, "Plans": [{"Node Type": "Hash Join", "Parent Relationship": "Outer", "Parallel Aware": false, "Async Capable": false, "Join Type": "Inner", "Startup Cost": 30001115050.6, "Total Cost": 30001298828.31, "Plan Rows": 1, "Plan Width": 17, "Inner Unique": true, "Hash Cond": "(t.kind_id = kt.id)", "Plans": [{"Node Type": "Merge Join", "Parent Relationship": "Outer", "Parallel Aware": false, "Async Capable": false, "Join Type": "Inner", "Startup Cost": 30001115038.33, "Total Cost": 30001298816.04, "Plan Rows": 1, "Plan Width": 21, "Inner Unique": true, "Merge Cond": "(ci.person_id = n.id)", "Plans": [{"Node Type": "Sort", "Parent Relationship": "Outer", "Parallel Aware": false, "Async Capable": false, "Startup Cost": 30001115037.9, "Total Cost": 30001115037.91, "Plan Rows": 1, "Plan Width": 25, "Sort Key": ["ci.person_id"], "Plans": [{"Node Type": "Merge Join", "Parent Relationship": "Outer", "Parallel Aware": false, "Async Capable": false, "Join Type": "Inner", "Startup Cost": 30000962643.0, "Total Cost": 30001115037.89, "Plan Rows": 1, "Plan Width": 25, "Inner Unique": false, "Merge Cond": "(chn.id = ci.person_role_id)", "Plans": [{"Node Type": "Index Scan", "Parent Relationship": "Outer", "Parallel Aware": false, "Async Capable": false, "Scan Direction": "Forward", "Index Name": "char_name_pkey", "Relation Name": "char_name", "Alias": "chn", "Startup Cost": 0.43, "Total Cost": 152268.55, "Plan Rows": 50650, "Plan Width": 4, "Filter": "(((name)::text !~~ '%Tony%Stark%'::text) AND (((name)::text ~~ '%Iron%Man%'::text) OR ((name)::text ~~ '%Man%'::text)))"}, {"Node Type": "Sort", "Parent Relationship": "Inner", "Parallel Aware": false, "Async Capable": false, "Startup Cost": 30000962642.56, "Total Cost": 30000962642.71, "Plan Rows": 57, "Plan Width": 29, "Sort Key": ["ci.person_role_id"], "Plans": [{"Node Type": "Hash Join", "Parent Relationship": "Outer", "Parallel Aware": false, "Async Capable": false, "Join Type": "Inner", "Startup Cost": 30000211701.55, "Total Cost": 30000962640.9, "Plan Rows": 57, "Plan Width": 29, "Inner Unique": false, "Hash Cond": "(ci.movie_id = t.id)", "Plans": [{"Node Type": "Seq Scan", "Parent Relationship": "Outer", "Parallel Aware": false, "Async Capable": false, "Relation Name": "cast_info", "Alias": "ci", "Startup Cost": 10000000000.0, "Total Cost": 10000615060.2, "Plan Rows": 36234020, "Plan Width": 12}, {"Node Type": "Hash", "Parent Relationship": "Inner", "Parallel Aware": false, "Async Capable": false, "Startup Cost": 20000211701.41, "Total Cost": 20000211701.41, "Plan Rows": 11, "Plan Width": 33, "Plans": [{"Node Type": "Merge Join", "Parent Relationship": "Outer", "Parallel Aware": false, "Async Capable": false, "Join Type": "Inner", "Startup Cost": 20000090924.5, "Total Cost": 20000211701.41, "Plan Rows": 11, "Plan Width": 33, "Inner Unique": true, "Merge Cond": "(mk.movie_id = t.id)", "Plans": [{"Node Type": "Merge Join", "Parent Relationship": "Outer", "Parallel Aware": false, "Async Capable": false, "Join Type": "Inner", "Startup Cost": 20000090921.75, "Total Cost": 20000090964.86, "Plan Rows": 17, "Plan Width": 8, "Inner Unique": false, "Merge Cond": "(mk.movie_id = cc.movie_id)", "Plans": [{"Node Type": "Sort", "Parent Relationship": "Outer", "Parallel Aware": false, "Async Capable": false, "Startup Cost": 10000087346.93, "Total Cost": 10000087347.69, "Plan Rows": 303, "Plan Width": 4, "Sort Key": ["mk.movie_id"], "Plans": [{"Node Type": "Hash Join", "Parent Relationship": "Outer", "Parallel Aware": false, "Async Capable": false, "Join Type": "Inner", "Startup Cost": 10000005739.45, "Total Cost": 10000087334.44, "Plan Rows": 303, "Plan Width": 4, "Inner Unique": true, "Hash Cond": "(mk.keyword_id = k.id)", "Plans": [{"Node Type": "Seq Scan", "Parent Relationship": "Outer", "Parallel Aware": false, "Async Capable": false, "Relation Name": "movie_keyword", "Alias": "mk", "Startup Cost": 10000000000.0, "Total Cost": 10000069719.3, "Plan Rows": 4523930, "Plan Width": 8}, {"Node Type": "Hash", "Parent Relationship": "Inner", "Parallel Aware": false, "Async Capable": false, "Startup Cost": 5739.34, "Total Cost": 5739.34, "Plan Rows": 9, "Plan Width": 4, "Plans": [{"Node Type": "Index Scan", "Parent Relationship": "Outer", "Parallel Aware": false, "Async Capable": false, "Scan Direction": "Forward", "Index Name": "keyword_pkey", "Relation Name": "keyword", "Alias": "k", "Startup Cost": 0.44, "Total Cost": 5739.34, "Plan Rows": 9, "Plan Width": 4, "Filter": "((keyword)::text = ANY ('{\"10,000-mile-club\",alienation,based-on-comic,based-on-novel,blood,character-name-in-title,claw,computer-animated-movie,computer-animation}'::text[]))"}]}]}]}, {"Node Type": "Sort", "Parent Relationship": "Inner", "Parallel Aware": false, "Async Capable": false, "Startup Cost": 10000003574.81, "Total Cost": 10000003595.92, "Plan Rows": 8443, "Plan Width": 4, "Sort Key": ["cc.movie_id"], "Plans": [{"Node Type": "Hash Join", "Parent Relationship": "Outer", "Parallel Aware": false, "Async Capable": false, "Join Type": "Inner", "Startup Cost": 10000000024.43, "Total Cost": 10000003024.18, "Plan Rows": 8443, "Plan Width": 4, "Inner Unique": true, "Hash Cond": "(cc.status_id = cct2.id)", "Plans": [{"Node Type": "Hash Join", "Parent Relationship": "Outer", "Parallel Aware": false, "Async Capable": false, "Join Type": "Inner", "Startup Cost": 10000000012.21, "Total Cost": 10000002829.39, "Plan Rows": 33772, "Plan Width": 8, "Inner Unique": true, "Hash Cond": "(cc.subject_id = cct1.id)", "Plans": [{"Node Type": "Seq Scan", "Parent Relationship": "Outer", "Parallel Aware": false, "Async Capable": false, "Relation Name": "complete_cast", "Alias": "cc", "Startup Cost": 10000000000.0, "Total Cost": 10000002086.86, "Plan Rows": 135086, "Plan Width": 12}, {"Node Type": "Hash", "Parent Relationship": "Inner", "Parallel Aware": false, "Async Capable": false, "Startup Cost": 12.2, "Total Cost": 12.2, "Plan Rows": 1, "Plan Width": 4, "Plans": [{"Node Type": "Index Scan", "Parent Relationship": "Outer", "Parallel Aware": false, "Async Capable": false, "Scan Direction": "Forward", "Index Name": "comp_cast_type_pkey", "Relation Name": "comp_cast_type", "Alias": "cct1", "Startup Cost": 0.13, "Total Cost": 12.2, "Plan Rows": 1, "Plan Width": 4, "Filter": "((kind)::text = 'cast'::text)"}]}]}, {"Node Type": "Hash", "Parent Relationship": "Inner", "Parallel Aware": false, "Async Capable": false, "Startup Cost": 12.2, "Total Cost": 12.2, "Plan Rows": 1, "Plan Width": 4, "Plans": [{"Node Type": "Index Scan", "Parent Relationship": "Outer", "Parallel Aware": false, "Async Capable": false, "Scan Direction": "Forward", "Index Name": "comp_cast_type_pkey", "Relation Name": "comp_cast_type", "Alias": "cct2", "Startup Cost": 0.13, "Total Cost": 12.2, "Plan Rows": 1, "Plan Width": 4, "Filter": "((kind)::text ~~ '%complete%'::text)"}]}]}]}]}, {"Node Type": "Index Scan", "Parent Relationship": "Inner", "Parallel Aware": false, "Async Capable": false, "Scan Direction": "Forward", "Index Name": "title_pkey", "Relation Name": "title", "Alias": "t", "Startup Cost": 0.43, "Total Cost": 116689.45, "Plan Rows": 1665512, "Plan Width": 25, "Filter": "(production_year <= 2007)"}]}]}]}]}]}]}, {"Node Type": "Index Scan", "Parent Relationship": "Inner", "Parallel Aware": false, "Async Capable": false, "Scan Direction": "Forward", "Index Name": "name_pkey", "Relation Name": "name", "Alias": "n", "Startup Cost": 0.43, "Total Cost": 178215.91, "Plan Rows": 4167491, "Plan Width": 4}]}, {"Node Type": "Hash", "Parent Relationship": "Inner", "Parallel Aware": false, "Async Capable": false, "Startup Cost": 12.26, "Total Cost": 12.26, "Plan Rows": 1, "Plan Width": 4, "Plans": [{"Node Type": "Index Scan", "Parent Relationship": "Outer", "Parallel Aware": false, "Async Capable": false, "Scan Direction": "Forward", "Index Name": "kind_type_pkey", "Relation Name": "kind_type", "Alias": "kt", "Startup Cost": 0.13, "Total Cost": 12.26, "Plan Rows": 1, "Plan Width": 4, "Filter": "((kind)::text = 'tv movie'::text)"}]}]}]}}, {"Plan": {"Node Type": "Aggregate", "Strategy": "Plain", "Partial Mode": "Simple", "Parallel Aware": false, "Async Capable": false, "Startup Cost": 30000841919.29, "Total Cost": 30000841919.3, "Plan Rows": 1, "Plan Width": 32, "Plans": [{"Node Type": "Nested Loop", "Parent Relationship": "Outer", "Parallel Aware": false, "Async Capable": false, "Join Type": "Inner", "Startup Cost": 30000090974.32, "Total Cost": 30000841919.28, "Plan Rows": 1, "Plan Width": 17, "Inner Unique": true, "Plans": [{"Node Type": "Nested Loop", "Parent Relationship": "Outer", "Parallel Aware": false, "Async Capable": false, "Join Type": "Inner", "Startup Cost": 30000090973.89, "Total Cost": 30000841918.83, "Plan Rows": 1, "Plan Width": 21, "Inner Unique": true, "Plans": [{"Node Type": "Nested Loop", "Parent Relationship": "Outer", "Parallel Aware": false, "Async Capable": false, "Join Type": "Inner", "Startup Cost": 30000090973.46, "Total Cost": 30000841915.15, "Plan Rows": 8, "Plan Width": 25, "Inner Unique": true, "Plans": [{"Node Type": "Hash Join", "Parent Relationship": "Outer", "Parallel Aware": false, "Async Capable": false, "Join Type": "Inner", "Startup Cost": 30000090973.32, "Total Cost": 30000841912.67, "Plan Rows": 57, "Plan Width": 29, "Inner Unique": false, "Hash Cond": "(ci.movie_id = t.id)", "Plans": [{"Node Type": "Seq Scan", "Parent Relationship": "Outer", "Parallel Aware": false, "Async Capable": false, "Relation Name": "cast_info", "Alias": "ci", "Startup Cost": 10000000000.0, "Total Cost": 10000615060.2, "Plan Rows": 36234020, "Plan Width": 12}, {"Node Type": "Hash", "Parent Relationship": "Inner", "Parallel Aware": false, "Async Capable": false, "Startup Cost": 20000090973.18, "Total Cost": 20000090973.18, "Plan Rows": 11, "Plan Width": 33, "Plans": [{"Node Type": "Nested Loop", "Parent Relationship": "Outer", "Parallel Aware": false, "Async Capable": false, "Join Type": "Inner", "Startup Cost": 20000090922.18, "Total Cost": 20000090973.18, "Plan Rows": 11, "Plan Width": 33, "Inner Unique": true, "Plans": [{"Node Type": "Merge Join", "Parent Relationship": "Outer", "Parallel Aware": false, "Async Capable": false, "Join Type": "Inner", "Startup Cost": 20000090921.75, "Total Cost": 20000090964.86, "Plan Rows": 17, "Plan Width": 8, "Inner Unique": false, "Merge Cond": "(mk.movie_id = cc.movie_id)", "Plans": [{"Node Type": "Sort", "Parent Relationship": "Outer", "Parallel Aware": false, "Async Capable": false, "Startup Cost": 10000087346.93, "Total Cost": 10000087347.69, "Plan Rows": 303, "Plan Width": 4, "Sort Key": ["mk.movie_id"], "Plans": [{"Node Type": "Hash Join", "Parent Relationship": "Outer", "Parallel Aware": false, "Async Capable": false, "Join Type": "Inner", "Startup Cost": 10000005739.45, "Total Cost": 10000087334.44, "Plan Rows": 303, "Plan Width": 4, "Inner Unique": true, "Hash Cond": "(mk.keyword_id = k.id)", "Plans": [{"Node Type": "Seq Scan", "Parent Relationship": "Outer", "Parallel Aware": false, "Async Capable": false, "Relation Name": "movie_keyword", "Alias": "mk", "Startup Cost": 10000000000.0, "Total Cost": 10000069719.3, "Plan Rows": 4523930, "Plan Width": 8}, {"Node Type": "Hash", "Parent Relationship": "Inner", "Parallel Aware": false, "Async Capable": false, "Startup Cost": 5739.34, "Total Cost": 5739.34, "Plan Rows": 9, "Plan Width": 4, "Plans": [{"Node Type": "Index Scan", "Parent Relationship": "Outer", "Parallel Aware": false, "Async Capable": false, "Scan Direction": "Forward", "Index Name": "keyword_pkey", "Relation Name": "keyword", "Alias": "k", "Startup Cost": 0.44, "Total Cost": 5739.34, "Plan Rows": 9, "Plan Width": 4, "Filter": "((keyword)::text = ANY ('{\"10,000-mile-club\",alienation,based-on-comic,based-on-novel,blood,character-name-in-title,claw,computer-animated-movie,computer-animation}'::text[]))"}]}]}]}, {"Node Type": "Sort", "Parent Relationship": "Inner", "Parallel Aware": false, "Async Capable": false, "Startup Cost": 10000003574.81, "Total Cost": 10000003595.92, "Plan Rows": 8443, "Plan Width": 4, "Sort Key": ["cc.movie_id"], "Plans": [{"Node Type": "Hash Join", "Parent Relationship": "Outer", "Parallel Aware": false, "Async Capable": false, "Join Type": "Inner", "Startup Cost": 10000000024.43, "Total Cost": 10000003024.18, "Plan Rows": 8443, "Plan Width": 4, "Inner Unique": true, "Hash Cond": "(cc.status_id = cct2.id)", "Plans": [{"Node Type": "Hash Join", "Parent Relationship": "Outer", "Parallel Aware": false, "Async Capable": false, "Join Type": "Inner", "Startup Cost": 10000000012.21, "Total Cost": 10000002829.39, "Plan Rows": 33772, "Plan Width": 8, "Inner Unique": true, "Hash Cond": "(cc.subject_id = cct1.id)", "Plans": [{"Node Type": "Seq Scan", "Parent Relationship": "Outer", "Parallel Aware": false, "Async Capable": false, "Relation Name": "complete_cast", "Alias": "cc", "Startup Cost": 10000000000.0, "Total Cost": 10000002086.86, "Plan Rows": 135086, "Plan Width": 12}, {"Node Type": "Hash", "Parent Relationship": "Inner", "Parallel Aware": false, "Async Capable": false, "Startup Cost": 12.2, "Total Cost": 12.2, "Plan Rows": 1, "Plan Width": 4, "Plans": [{"Node Type": "Index Scan", "Parent Relationship": "Outer", "Parallel Aware": false, "Async Capable": false, "Scan Direction": "Forward", "Index Name": "comp_cast_type_pkey", "Relation Name": "comp_cast_type", "Alias": "cct1", "Startup Cost": 0.13, "Total Cost": 12.2, "Plan Rows": 1, "Plan Width": 4, "Filter": "((kind)::text = 'cast'::text)"}]}]}, {"Node Type": "Hash", "Parent Relationship": "Inner", "Parallel Aware": false, "Async Capable": false, "Startup Cost": 12.2, "Total Cost": 12.2, "Plan Rows": 1, "Plan Width": 4, "Plans": [{"Node Type": "Index Scan", "Parent Relationship": "Outer", "Parallel Aware": false, "Async Capable": false, "Scan Direction": "Forward", "Index Name": "comp_cast_type_pkey", "Relation Name": "comp_cast_type", "Alias": "cct2", "Startup Cost": 0.13, "Total Cost": 12.2, "Plan Rows": 1, "Plan Width": 4, "Filter": "((kind)::text ~~ '%complete%'::text)"}]}]}]}]}, {"Node Type": "Index Scan", "Parent Relationship": "Inner", "Parallel Aware": false, "Async Capable": false, "Scan Direction": "Forward", "Index Name": "title_pkey", "Relation Name": "title", "Alias": "t", "Startup Cost": 0.43, "Total Cost": 0.49, "Plan Rows": 1, "Plan Width": 25, "Index Cond": "(id = mk.movie_id)", "Filter": "(production_year <= 2007)"}]}]}]}, {"Node Type": "Memoize", "Parent Relationship": "Inner", "Parallel Aware": false, "Async Capable": false, "Startup Cost": 0.14, "Total Cost": 0.16, "Plan Rows": 1, "Plan Width": 4, "Cache Key": "t.kind_id", "Cache Mode": "logical", "Plans": [{"Node Type": "Index Scan", "Parent Relationship": "Outer", "Parallel Aware": false, "Async Capable": false, "Scan Direction": "Forward", "Index Name": "kind_type_pkey", "Relation Name": "kind_type", "Alias": "kt", "Startup Cost": 0.13, "Total Cost": 0.15, "Plan Rows": 1, "Plan Width": 4, "Index Cond": "(id = t.kind_id)", "Filter": "((kind)::text = 'tv movie'::text)"}]}]}, {"Node Type": "Index Scan", "Parent Relationship": "Inner", "Parallel Aware": false, "Async Capable": false, "Scan Direction": "Forward", "Index Name": "char_name_pkey", "Relation Name": "char_name", "Alias": "chn", "Startup Cost": 0.43, "Total Cost": 0.46, "Plan Rows": 1, "Plan Width": 4, "Index Cond": "(id = ci.person_role_id)", "Filter": "(((name)::text !~~ '%Tony%Stark%'::text) AND (((name)::text ~~ '%Iron%Man%'::text) OR ((name)::text ~~ '%Man%'::text)))"}]}, {"Node Type": "Index Scan", "Parent Relationship": "Inner", "Parallel Aware": false, "Async Capable": false, "Scan Direction": "Forward", "Index Name": "name_pkey", "Relation Name": "name", "Alias": "n", "Startup Cost": 0.43, "Total Cost": 0.46, "Plan Rows": 1, "Plan Width": 4, "Index Cond": "(id = ci.person_id)"}]}]}}, {"Plan": {"Node Type": "Aggregate", "Strategy": "Plain", "Partial Mode": "Finalize", "Parallel Aware": false, "Async Capable": false, "Startup Cost": 385840.46, "Total Cost": 385840.47, "Plan Rows": 1, "Plan Width": 32, "Plans": [{"Node Type": "Gather", "Parent Relationship": "Outer", "Parallel Aware": false, "Async Capable": false, "Startup Cost": 385839.83, "Total Cost": 385840.44, "Plan Rows": 6, "Plan Width": 32, "Workers Planned": 6, "Single Copy": false, "Plans": [{"Node Type": "Aggregate", "Strategy": "Plain", "Partial Mode": "Partial", "Parent Relationship": "Outer", "Parallel Aware": false, "Async Capable": false, "Startup Cost": 384839.83, "Total Cost": 384839.84, "Plan Rows": 1, "Plan Width": 32, "Plans": [{"Node Type": "Nested Loop", "Parent Relationship": "Outer", "Parallel Aware": false, "Async Capable": false, "Join Type": "Inner", "Startup Cost": 49082.64, "Total Cost": 384839.83, "Plan Rows": 1, "Plan Width": 17, "Inner Unique": true, "Plans": [{"Node Type": "Nested Loop", "Parent Relationship": "Outer", "Parallel Aware": false, "Async Capable": false, "Join Type": "Inner", "Startup Cost": 49082.21, "Total Cost": 384839.37, "Plan Rows": 1, "Plan Width": 21, "Inner Unique": true, "Plans": [{"Node Type": "Hash Join", "Parent Relationship": "Outer", "Parallel Aware": false, "Async Capable": false, "Join Type": "Inner", "Startup Cost": 49081.78, "Total Cost": 384838.91, "Plan Rows": 1, "Plan Width": 25, "Inner Unique": false, "Hash Cond": "(t.id = cc.movie_id)", "Plans": [{"Node Type": "Hash Join", "Parent Relationship": "Outer", "Parallel Aware": true, "Async Capable": false, "Join Type": "Inner", "Startup Cost": 45974.36, "Total Cost": 381730.86, "Plan Rows": 166, "Plan Width": 37, "Inner Unique": false, "Hash Cond": "(ci.movie_id = t.id)", "Plans": [{"Node Type": "Seq Scan", "Parent Relationship": "Outer", "Parallel Aware": true, "Async Capable": false, "Relation Name": "cast_info", "Alias": "ci", "Startup Cost": 0.0, "Total Cost": 313110.03, "Plan Rows": 6039003, "Plan Width": 12}, {"Node Type": "Hash", "Parent Relationship": "Inner", "Parallel Aware": true, "Async Capable": false, "Startup Cost": 45974.25, "Total Cost": 45974.25, "Plan Rows": 9, "Plan Width": 25, "Plans": [{"Node Type": "Hash Join", "Parent Relationship": "Outer", "Parallel Aware": false, "Async Capable": false, "Join Type": "Inner", "Startup Cost": 3022.22, "Total Cost": 45974.25, "Plan Rows": 9, "Plan Width": 25, "Inner Unique": true, "Hash Cond": "(t.kind_id = kt.id)", "Plans": [{"Node Type": "Nested Loop", "Parent Relationship": "Outer", "Parallel Aware": false, "Async Capable": false, "Join Type": "Inner", "Startup Cost": 3021.12, "Total Cost": 45972.88, "Plan Rows": 65, "Plan Width": 29, "Inner Unique": true, "Plans": [{"Node Type": "Hash Join", "Parent Relationship": "Outer", "Parallel Aware": false, "Async Capable": false, "Join Type": "Inner", "Startup Cost": 3020.69, "Total Cost": 45924.88, "Plan Rows": 98, "Plan Width": 4, "Inner Unique": true, "Hash Cond": "(mk.keyword_id = k.id)", "Plans": [{"Node Type": "Seq Scan", "Parent Relationship": "Outer", "Parallel Aware": true, "Async Capable": false, "Relation Name": "movie_keyword", "Alias": "mk", "Startup Cost": 0.0, "Total Cost": 39073.32, "Plan Rows": 1459332, "Plan Width": 8}, {"Node Type": "Hash", "Parent Relationship": "Inner", "Parallel Aware": false, "Async Capable": false, "Startup Cost": 3020.57, "Total Cost": 3020.57, "Plan Rows": 9, "Plan Width": 4, "Plans": [{"Node Type": "Seq Scan", "Parent Relationship": "Outer", "Parallel Aware": false, "Async Capable": false, "Relation Name": "keyword", "Alias": "k", "Startup Cost": 0.02, "Total Cost": 3020.57, "Plan Rows": 9, "Plan Width": 4, "Filter": "((keyword)::text = ANY ('{\"10,000-mile-club\",alienation,based-on-comic,based-on-novel,blood,character-name-in-title,claw,computer-animated-movie,computer-animation}'::text[]))"}]}]}, {"Node Type": "Index Scan", "Parent Relationship": "Inner", "Parallel Aware": false, "Async Capable": false, "Scan Direction": "Forward", "Index Name": "title_pkey", "Relation Name": "title", "Alias": "t", "Startup Cost": 0.43, "Total Cost": 0.49, "Plan Rows": 1, "Plan Width": 25, "Index Cond": "(id = mk.movie_id)", "Filter": "(production_year <= 2007)"}]}, {"Node Type": "Hash", "Parent Relationship": "Inner", "Parallel Aware": false, "Async Capable": false, "Startup Cost": 1.09, "Total Cost": 1.09, "Plan Rows": 1, "Plan Width": 4, "Plans": [{"Node Type": "Seq Scan", "Parent Relationship": "Outer", "Parallel Aware": false, "Async Capable": false, "Relation Name": "kind_type", "Alias": "kt", "Startup Cost": 0.0, "Total Cost": 1.09, "Plan Rows": 1, "Plan Width": 4, "Filter": "((kind)::text = 'tv movie'::text)"}]}]}]}]}, {"Node Type": "Hash", "Parent Relationship": "Inner", "Parallel Aware": false, "Async Capable": false, "Startup Cost": 3001.88, "Total Cost": 3001.88, "Plan Rows": 8443, "Plan Width": 4, "Plans": [{"Node Type": "Hash Join", "Parent Relationship": "Outer", "Parallel Aware": false, "Async Capable": false, "Join Type": "Inner", "Startup Cost": 2.12, "Total Cost": 3001.88, "Plan Rows": 8443, "Plan Width": 4, "Inner Unique": true, "Hash Cond": "(cc.status_id = cct2.id)", "Plans": [{"Node Type": "Hash Join", "Parent Relationship": "Outer", "Parallel Aware": false, "Async Capable": false, "Join Type": "Inner", "Startup Cost": 1.06, "Total Cost": 2818.24, "Plan Rows": 33772, "Plan Width": 8, "Inner Unique": true, "Hash Cond": "(cc.subject_id = cct1.id)", "Plans": [{"Node Type": "Seq Scan", "Parent Relationship": "Outer", "Parallel Aware": false, "Async Capable": false, "Relation Name": "complete_cast", "Alias": "cc", "Startup Cost": 0.0, "Total Cost": 2086.86, "Plan Rows": 135086, "Plan Width": 12}, {"Node Type": "Hash", "Parent Relationship": "Inner", "Parallel Aware": false, "Async Capable": false, "Startup Cost": 1.05, "Total Cost": 1.05, "Plan Rows": 1, "Plan Width": 4, "Plans": [{"Node Type": "Seq Scan", "Parent Relationship": "Outer", "Parallel Aware": false, "Async Capable": false, "Relation Name": "comp_cast_type", "Alias": "cct1", "Startup Cost": 0.0, "Total Cost": 1.05, "Plan Rows": 1, "Plan Width": 4, "Filter": "((kind)::text = 'cast'::text)"}]}]}, {"Node Type": "Hash", "Parent Relationship": "Inner", "Parallel Aware": false, "Async Capable": false, "Startup Cost": 1.05, "Total Cost": 1.05, "Plan Rows": 1, "Plan Width": 4, "Plans": [{"Node Type": "Seq Scan", "Parent Relationship": "Outer", "Parallel Aware": false, "Async Capable": false, "Relation Name": "comp_cast_type", "Alias": "cct2", "Startup Cost": 0.0, "Total Cost": 1.05, "Plan Rows": 1, "Plan Width": 4, "Filter": "((kind)::text ~~ '%complete%'::text)"}]}]}]}]}, {"Node Type": "Index Scan", "Parent Relationship": "Inner", "Parallel Aware": false, "Async Capable": false, "Scan Direction": "Forward", "Index Name": "char_name_pkey", "Relation Name": "char_name", "Alias": "chn", "Startup Cost": 0.43, "Total Cost": 0.46, "Plan Rows": 1, "Plan Width": 4, "Index Cond": "(id = ci.person_role_id)", "Filter": "(((name)::text !~~ '%Tony%Stark%'::text) AND (((name)::text ~~ '%Iron%Man%'::text) OR ((name)::text ~~ '%Man%'::text)))"}]}, {"Node Type": "Index Scan", "Parent Relationship": "Inner", "Parallel Aware": false, "Async Capable": false, "Scan Direction": "Forward", "Index Name": "name_pkey", "Relation Name": "name", "Alias": "n", "Startup Cost": 0.43, "Total Cost": 0.46, "Plan Rows": 1, "Plan Width": 4, "Index Cond": "(id = ci.person_id)"}]}]}]}]}}, {"Plan": {"Node Type": "Aggregate", "Strategy": "Plain", "Partial Mode": "Simple", "Parallel Aware": false, "Async Capable": false, "Startup Cost": 30000840928.37, "Total Cost": 30000840928.38, "Plan Rows": 1, "Plan Width": 32, "Plans": [{"Node Type": "Nested Loop", "Parent Relationship": "Outer", "Parallel Aware": false, "Async Capable": false, "Join Type": "Inner", "Startup Cost": 30000089945.39, "Total Cost": 30000840928.37, "Plan Rows": 1, "Plan Width": 17, "Inner Unique": true, "Plans": [{"Node Type": "Nested Loop", "Parent Relationship": "Outer", "Parallel Aware": false, "Async Capable": false, "Join Type": "Inner", "Startup Cost": 30000089945.26, "Total Cost": 30000840928.19, "Plan Rows": 1, "Plan Width": 21, "Inner Unique": true, "Join Filter": "(t.id = mk.movie_id)", "Plans": [{"Node Type": "Nested Loop", "Parent Relationship": "Outer", "Parallel Aware": false, "Async Capable": false, "Join Type": "Inner", "Startup Cost": 30000089944.83, "Total Cost": 30000840927.73, "Plan Rows": 1, "Plan Width": 12, "Inner Unique": true, "Plans": [{"Node Type": "Nested Loop", "Parent Relationship": "Outer", "Parallel Aware": false, "Async Capable": false, "Join Type": "Inner", "Startup Cost": 30000089944.4, "Total Cost": 30000840927.27, "Plan Rows": 1, "Plan Width": 16, "Inner Unique": true, "Plans": [{"Node Type": "Hash Join", "Parent Relationship": "Outer", "Parallel Aware": false, "Async Capable": false, "Join Type": "Inner", "Startup Cost": 30000089943.97, "Total Cost": 30000840887.69, "Plan Rows": 86, "Plan Width": 20, "Inner Unique": false, "Hash Cond": "(ci.movie_id = mk.movie_id)", "Plans": [{"Node Type": "Seq Scan", "Parent Relationship": "Outer", "Parallel Aware": false, "Async Capable": false, "Relation Name": "cast_info", "Alias": "ci", "Startup Cost": 10000000000.0, "Total Cost": 10000615060.2, "Plan Rows": 36234020, "Plan Width": 12}, {"Node Type": "Hash", "Parent Relationship": "Inner", "Parallel Aware": false, "Async Capable": false, "Startup Cost": 20000089943.76, "Total Cost": 20000089943.76, "Plan Rows": 17, "Plan Width": 8, "Plans": [{"Node Type": "Nested Loop", "Parent Relationship": "Outer", "Parallel Aware": false, "Async Capable": false, "Join Type": "Inner", "Startup Cost": 20000087338.51, "Total Cost": 20000089943.76, "Plan Rows": 17, "Plan Width": 8, "Inner Unique": true, "Plans": [{"Node Type": "Nested Loop", "Parent Relationship": "Outer", "Parallel Aware": false, "Async Capable": false, "Join Type": "Inner", "Startup Cost": 20000087338.37, "Total Cost": 20000089941.62, "Plan Rows": 68, "Plan Width": 12, "Inner Unique": true, "Plans": [{"Node Type": "Hash Join", "Parent Relationship": "Outer", "Parallel Aware": false, "Async Capable": false, "Join Type": "Inner", "Startup Cost": 20000087338.23, "Total Cost": 20000089934.37, "Plan Rows": 272, "Plan Width": 16, "Inner Unique": false, "Hash Cond": "(cc.movie_id = mk.movie_id)", "Plans": [{"Node Type": "Seq Scan", "Parent Relationship": "Outer", "Parallel Aware": false, "Async Capable": false, "Relation Name": "complete_cast", "Alias": "cc", "Startup Cost": 10000000000.0, "Total Cost": 10000002086.86, "Plan Rows": 135086, "Plan Width": 12}, {"Node Type": "Hash", "Parent Relationship": "Inner", "Parallel Aware": false, "Async Capable": false, "Startup Cost": 10000087334.44, "Total Cost": 10000087334.44, "Plan Rows": 303, "Plan Width": 4, "Plans": [{"Node Type": "Hash Join", "Parent Relationship": "Outer", "Parallel Aware": false, "Async Capable": false, "Join Type": "Inner", "Startup Cost": 10000005739.45, "Total Cost": 10000087334.44, "Plan Rows": 303, "Plan Width": 4, "Inner Unique": true, "Hash Cond": "(mk.keyword_id = k.id)", "Plans": [{"Node Type": "Seq Scan", "Parent Relationship": "Outer", "Parallel Aware": false, "Async Capable": false, "Relation Name": "movie_keyword", "Alias": "mk", "Startup Cost": 10000000000.0, "Total Cost": 10000069719.3, "Plan Rows": 4523930, "Plan Width": 8}, {"Node Type": "Hash", "Parent Relationship": "Inner", "Parallel Aware": false, "Async Capable": false, "Startup Cost": 5739.34, "Total Cost": 5739.34, "Plan Rows": 9, "Plan Width": 4, "Plans": [{"Node Type": "Index Scan", "Parent Relationship": "Outer", "Parallel Aware": false, "Async Capable": false, "Scan Direction": "Forward", "Index Name": "keyword_pkey", "Relation Name": "keyword", "Alias": "k", "Startup Cost": 0.44, "Total Cost": 5739.34, "Plan Rows": 9, "Plan Width": 4, "Filter": "((keyword)::text = ANY ('{\"10,000-mile-club\",alienation,based-on-comic,based-on-novel,blood,character-name-in-title,claw,computer-animated-movie,computer-animation}'::text[]))"}]}]}]}]}, {"Node Type": "Memoize", "Parent Relationship": "Inner", "Parallel Aware": false, "Async Capable": false, "Startup Cost": 0.14, "Total Cost": 0.16, "Plan Rows": 1, "Plan Width": 4, "Cache Key": "cc.subject_id", "Cache Mode": "logical", "Plans": [{"Node Type": "Index Scan", "Parent Relationship": "Outer", "Parallel Aware": false, "Async Capable": false, "Scan Direction": "Forward", "Index Name": "comp_cast_type_pkey", "Relation Name": "comp_cast_type", "Alias": "cct1", "Startup Cost": 0.13, "Total Cost": 0.15, "Plan Rows": 1, "Plan Width": 4, "Index Cond": "(id = cc.subject_id)", "Filter": "((kind)::text = 'cast'::text)"}]}]}, {"Node Type": "Memoize", "Parent Relationship": "Inner", "Parallel Aware": false, "Async Capable": false, "Startup Cost": 0.14, "Total Cost": 0.16, "Plan Rows": 1, "Plan Width": 4, "Cache Key": "cc.status_id", "Cache Mode": "logical", "Plans": [{"Node Type": "Index Scan", "Parent Relationship": "Outer", "Parallel Aware": false, "Async Capable": false, "Scan Direction": "Forward", "Index Name": "comp_cast_type_pkey", "Relation Name": "comp_cast_type", "Alias": "cct2", "Startup Cost": 0.13, "Total Cost": 0.15, "Plan Rows": 1, "Plan Width": 4, "Index Cond": "(id = cc.status_id)", "Filter": "((kind)::text ~~ '%complete%'::text)"}]}]}]}]}, {"Node Type": "Index Scan", "Parent Relationship": "Inner", "Parallel Aware": false, "Async Capable": false, "Scan Direction": "Forward", "Index Name": "char_name_pkey", "Relation Name": "char_name", "Alias": "chn", "Startup Cost": 0.43, "Total Cost": 0.46, "Plan Rows": 1, "Plan Width": 4, "Index Cond": "(id = ci.person_role_id)", "Filter": "(((name)::text !~~ '%Tony%Stark%'::text) AND (((name)::text ~~ '%Iron%Man%'::text) OR ((name)::text ~~ '%Man%'::text)))"}]}, {"Node Type": "Index Scan", "Parent Relationship": "Inner", "Parallel Aware": false, "Async Capable": false, "Scan Direction": "Forward", "Index Name": "name_pkey", "Relation Name": "name", "Alias": "n", "Startup Cost": 0.43, "Total Cost": 0.46, "Plan Rows": 1, "Plan Width": 4, "Index Cond": "(id = ci.person_id)"}]}, {"Node Type": "Index Scan", "Parent Relationship": "Inner", "Parallel Aware": false, "Async Capable": false, "Scan Direction": "Forward", "Index Name": "title_pkey", "Relation Name": "title", "Alias": "t", "Startup Cost": 0.43, "Total Cost": 0.45, "Plan Rows": 1, "Plan Width": 25, "Index Cond": "(id = ci.movie_id)", "Filter": "(production_year <= 2007)"}]}, {"Node Type": "Index Scan", "Parent Relationship": "Inner", "Parallel Aware": false, "Async Capable": false, "Scan Direction": "Forward", "Index Name": "kind_type_pkey", "Relation Name": "kind_type", "Alias": "kt", "Startup Cost": 0.13, "Total Cost": 0.15, "Plan Rows": 1, "Plan Width": 4, "Index Cond": "(id = t.kind_id)", "Filter": "((kind)::text = 'tv movie'::text)"}]}]}}, {"Plan": {"Node Type": "Aggregate", "Strategy": "Plain", "Partial Mode": "Finalize", "Parallel Aware": false, "Async Capable": false, "Startup Cost": 385793.65, "Total Cost": 385793.66, "Plan Rows": 1, "Plan Width": 32, "Plans": [{"Node Type": "Gather", "Parent Relationship": "Outer", "Parallel Aware": false, "Async Capable": false, "Startup Cost": 385793.02, "Total Cost": 385793.63, "Plan Rows": 6, "Plan Width": 32, "Workers Planned": 6, "Single Copy": false, "Plans": [{"Node Type": "Aggregate", "Strategy": "Plain", "Partial Mode": "Partial", "Parent Relationship": "Outer", "Parallel Aware": false, "Async Capable": false, "Startup Cost": 384793.02, "Total Cost": 384793.03, "Plan Rows": 1, "Plan Width": 32, "Plans": [{"Node Type": "Nested Loop", "Parent Relationship": "Outer", "Parallel Aware": false, "Async Capable": false, "Join Type": "Inner", "Startup Cost": 49036.65, "Total Cost": 384793.02, "Plan Rows": 1, "Plan Width": 17, "Inner Unique": true, "Plans": [{"Node Type": "Nested Loop", "Parent Relationship": "Outer", "Parallel Aware": false, "Async Capable": false, "Join Type": "Inner", "Startup Cost": 49036.22, "Total Cost": 384792.57, "Plan Rows": 1, "Plan Width": 21, "Inner Unique": true, "Plans": [{"Node Type": "Hash Join", "Parent Relationship": "Outer", "Parallel Aware": true, "Async Capable": false, "Join Type": "Inner", "Startup Cost": 49035.79, "Total Cost": 384792.11, "Plan Rows": 1, "Plan Width": 25, "Inner Unique": false, "Hash Cond": "(ci.movie_id = t.id)", "Plans": [{"Node Type": "Seq Scan", "Parent Relationship": "Outer", "Parallel Aware": true, "Async Capable": false, "Relation Name": "cast_info", "Alias": "ci", "Startup Cost": 0.0, "Total Cost": 313110.03, "Plan Rows": 6039003, "Plan Width": 12}, {"Node Type": "Hash", "Parent Relationship": "Inner", "Parallel Aware": true, "Async Capable": false, "Startup Cost": 49035.78, "Total Cost": 49035.78, "Plan Rows": 1, "Plan Width": 29, "Plans": [{"Node Type": "Nested Loop", "Parent Relationship": "Outer", "Parallel Aware": false, "Async Capable": false, "Join Type": "Inner", "Startup Cost": 6128.66, "Total Cost": 49035.78, "Plan Rows": 1, "Plan Width": 29, "Inner Unique": true, "Plans": [{"Node Type": "Nested Loop", "Parent Relationship": "Outer", "Parallel Aware": false, "Async Capable": false, "Join Type": "Inner", "Startup Cost": 6128.53, "Total Cost": 49035.16, "Plan Rows": 4, "Plan Width": 33, "Inner Unique": true, "Plans": [{"Node Type": "Hash Join", "Parent Relationship": "Outer", "Parallel Aware": false, "Async Capable": false, "Join Type": "Inner", "Startup Cost": 6128.1, "Total Cost": 49032.71, "Plan Rows": 5, "Plan Width": 8, "Inner Unique": false, "Hash Cond": "(mk.movie_id = cc.movie_id)", "Plans": [{"Node Type": "Hash Join", "Parent Relationship": "Outer", "Parallel Aware": false, "Async Capable": false, "Join Type": "Inner", "Startup Cost": 3020.69, "Total Cost": 45924.88, "Plan Rows": 98, "Plan Width": 4, "Inner Unique": true, "Hash Cond": "(mk.keyword_id = k.id)", "Plans": [{"Node Type": "Seq Scan", "Parent Relationship": "Outer", "Parallel Aware": true, "Async Capable": false, "Relation Name": "movie_keyword", "Alias": "mk", "Startup Cost": 0.0, "Total Cost": 39073.32, "Plan Rows": 1459332, "Plan Width": 8}, {"Node Type": "Hash", "Parent Relationship": "Inner", "Parallel Aware": false, "Async Capable": false, "Startup Cost": 3020.57, "Total Cost": 3020.57, "Plan Rows": 9, "Plan Width": 4, "Plans": [{"Node Type": "Seq Scan", "Parent Relationship": "Outer", "Parallel Aware": false, "Async Capable": false, "Relation Name": "keyword", "Alias": "k", "Startup Cost": 0.02, "Total Cost": 3020.57, "Plan Rows": 9, "Plan Width": 4, "Filter": "((keyword)::text = ANY ('{\"10,000-mile-club\",alienation,based-on-comic,based-on-novel,blood,character-name-in-title,claw,computer-animated-movie,computer-animation}'::text[]))"}]}]}, {"Node Type": "Hash", "Parent Relationship": "Inner", "Parallel Aware": false, "Async Capable": false, "Startup Cost": 3001.88, "Total Cost": 3001.88, "Plan Rows": 8443, "Plan Width": 4, "Plans": [{"Node Type": "Hash Join", "Parent Relationship": "Outer", "Parallel Aware": false, "Async Capable": false, "Join Type": "Inner", "Startup Cost": 2.12, "Total Cost": 3001.88, "Plan Rows": 8443, "Plan Width": 4, "Inner Unique": true, "Hash Cond": "(cc.status_id = cct2.id)", "Plans": [{"Node Type": "Hash Join", "Parent Relationship": "Outer", "Parallel Aware": false, "Async Capable": false, "Join Type": "Inner", "Startup Cost": 1.06, "Total Cost": 2818.24, "Plan Rows": 33772, "Plan Width": 8, "Inner Unique": true, "Hash Cond": "(cc.subject_id = cct1.id)", "Plans": [{"Node Type": "Seq Scan", "Parent Relationship": "Outer", "Parallel Aware": false, "Async Capable": false, "Relation Name": "complete_cast", "Alias": "cc", "Startup Cost": 0.0, "Total Cost": 2086.86, "Plan Rows": 135086, "Plan Width": 12}, {"Node Type": "Hash", "Parent Relationship": "Inner", "Parallel Aware": false, "Async Capable": false, "Startup Cost": 1.05, "Total Cost": 1.05, "Plan Rows": 1, "Plan Width": 4, "Plans": [{"Node Type": "Seq Scan", "Parent Relationship": "Outer", "Parallel Aware": false, "Async Capable": false, "Relation Name": "comp_cast_type", "Alias": "cct1", "Startup Cost": 0.0, "Total Cost": 1.05, "Plan Rows": 1, "Plan Width": 4, "Filter": "((kind)::text = 'cast'::text)"}]}]}, {"Node Type": "Hash", "Parent Relationship": "Inner", "Parallel Aware": false, "Async Capable": false, "Startup Cost": 1.05, "Total Cost": 1.05, "Plan Rows": 1, "Plan Width": 4, "Plans": [{"Node Type": "Seq Scan", "Parent Relationship": "Outer", "Parallel Aware": false, "Async Capable": false, "Relation Name": "comp_cast_type", "Alias": "cct2", "Startup Cost": 0.0, "Total Cost": 1.05, "Plan Rows": 1, "Plan Width": 4, "Filter": "((kind)::text ~~ '%complete%'::text)"}]}]}]}]}, {"Node Type": "Index Scan", "Parent Relationship": "Inner", "Parallel Aware": false, "Async Capable": false, "Scan Direction": "Forward", "Index Name": "title_pkey", "Relation Name": "title", "Alias": "t", "Startup Cost": 0.43, "Total Cost": 0.49, "Plan Rows": 1, "Plan Width": 25, "Index Cond": "(id = mk.movie_id)", "Filter": "(production_year <= 2007)"}]}, {"Node Type": "Index Scan", "Parent Relationship": "Inner", "Parallel Aware": false, "Async Capable": false, "Scan Direction": "Forward", "Index Name": "kind_type_pkey", "Relation Name": "kind_type", "Alias": "kt", "Startup Cost": 0.13, "Total Cost": 0.15, "Plan Rows": 1, "Plan Width": 4, "Index Cond": "(id = t.kind_id)", "Filter": "((kind)::text = 'tv movie'::text)"}]}]}]}, {"Node Type": "Index Scan", "Parent Relationship": "Inner", "Parallel Aware": false, "Async Capable": false, "Scan Direction": "Forward", "Index Name": "char_name_pkey", "Relation Name": "char_name", "Alias": "chn", "Startup Cost": 0.43, "Total Cost": 0.46, "Plan Rows": 1, "Plan Width": 4, "Index Cond": "(id = ci.person_role_id)", "Filter": "(((name)::text !~~ '%Tony%Stark%'::text) AND (((name)::text ~~ '%Iron%Man%'::text) OR ((name)::text ~~ '%Man%'::text)))"}]}, {"Node Type": "Index Scan", "Parent Relationship": "Inner", "Parallel Aware": false, "Async Capable": false, "Scan Direction": "Forward", "Index Name": "name_pkey", "Relation Name": "name", "Alias": "n", "Startup Cost": 0.43, "Total Cost": 0.46, "Plan Rows": 1, "Plan Width": 4, "Index Cond": "(id = ci.person_id)"}]}]}]}]}}, {"Plan": {"Node Type": "Aggregate", "Strategy": "Plain", "Partial Mode": "Simple", "Parallel Aware": false, "Async Capable": false, "Startup Cost": 30006959901.27, "Total Cost": 30006959901.28, "Plan Rows": 1, "Plan Width": 32, "Plans": [{"Node Type": "Merge Join", "Parent Relationship": "Outer", "Parallel Aware": false, "Async Capable": false, "Join Type": "Inner", "Startup Cost": 30006830305.85, "Total Cost": 30006959901.26, "Plan Rows": 1, "Plan Width": 17, "Inner Unique": true, "Merge Cond": "(ci.person_id = n.id)", "Plans": [{"Node Type": "Sort", "Parent Relationship": "Outer", "Parallel Aware": false, "Async Capable": false, "Startup Cost": 30006830305.42, "Total Cost": 30006830305.43, "Plan Rows": 1, "Plan Width": 21, "Sort Key": ["ci.person_id"], "Plans": [{"Node Type": "Merge Join", "Parent Relationship": "Outer", "Parallel Aware": false, "Async Capable": false, "Join Type": "Inner", "Startup Cost": 30006830293.27, "Total Cost": 30006830305.41, "Plan Rows": 1, "Plan Width": 21, "Inner Unique": true, "Merge Cond": "(t.kind_id = kt.id)", "Plans": [{"Node Type": "Sort", "Parent Relationship": "Outer", "Parallel Aware": false, "Async Capable": false, "Startup Cost": 30006830293.14, "Total Cost": 30006830293.14, "Plan Rows": 1, "Plan Width": 25, "Sort Key": ["t.kind_id"], "Plans": [{"Node Type": "Merge Join", "Parent Relationship": "Outer", "Parallel Aware": false, "Async Capable": false, "Join Type": "Inner", "Startup Cost": 30006830281.03, "Total Cost": 30006830293.13, "Plan Rows": 1, "Plan Width": 25, "Inner Unique": true, "Merge Cond": "(cc.status_id = cct2.id)", "Plans": [{"Node Type": "Sort", "Parent Relationship": "Outer", "Parallel Aware": false, "Async Capable": false, "Startup Cost": 30006830280.9, "Total Cost": 30006830280.91, "Plan Rows": 2, "Plan Width": 29, "Sort Key": ["cc.status_id"], "Plans": [{"Node Type": "Merge Join", "Parent Relationship": "Outer", "Parallel Aware": false, "Async Capable": false, "Join Type": "Inner", "Startup Cost": 30006830268.77, "Total Cost": 30006830280.89, "Plan Rows": 2, "Plan Width": 29, "Inner Unique": true, "Merge Cond": "(cc.subject_id = cct1.id)", "Plans": [{"Node Type": "Sort", "Parent Relationship": "Outer", "Parallel Aware": false, "Async Capable": false, "Startup Cost": 30006830268.64, "Total Cost": 30006830268.65, "Plan Rows": 7, "Plan Width": 33, "Sort Key": ["cc.subject_id"], "Plans": [{"Node Type": "Merge Join", "Parent Relationship": "Outer", "Parallel Aware": false, "Async Capable": false, "Join Type": "Inner", "Startup Cost": 30006707457.39, "Total Cost": 30006830268.54, "Plan Rows": 7, "Plan Width": 33, "Inner Unique": true, "Merge Cond": "(mk.movie_id = t.id)", "Plans": [{"Node Type": "Merge Join", "Parent Relationship": "Outer", "Parallel Aware": false, "Async Capable": false, "Join Type": "Inner", "Startup Cost": 30006707454.64, "Total Cost": 30006709532.04, "Plan Rows": 11, "Plan Width": 24, "Inner Unique": false, "Merge Cond": "(mk.movie_id = cc.movie_id)", "Plans": [{"Node Type": "Merge Join", "Parent Relationship": "Outer", "Parallel Aware": false, "Async Capable": false, "Join Type": "Inner", "Startup Cost": 20006693856.08, "Total Cost": 20006695269.75, "Plan Rows": 83, "Plan Width": 12, "Inner Unique": false, "Merge Cond": "(ci.movie_id = mk.movie_id)", "Plans": [{"Node Type": "Sort", "Parent Relationship": "Outer", "Parallel Aware": false, "Async Capable": false, "Startup Cost": 10006095661.09, "Total Cost": 10006096366.79, "Plan Rows": 282279, "Plan Width": 8, "Sort Key": ["ci.movie_id"], "Plans": [{"Node Type": "Merge Join", "Parent Relationship": "Outer", "Parallel Aware": false, "Async Capable": false, "Join Type": "Inner", "Startup Cost": 10005790215.69, "Total Cost": 10006070105.3, "Plan Rows": 282279, "Plan Width": 8, "Inner Unique": false, "Merge Cond": "(chn.id = ci.person_role_id)", "Plans": [{"Node Type": "Index Scan", "Parent Relationship": "Outer", "Parallel Aware": false, "Async Capable": false, "Scan Direction": "Forward", "Index Name": "char_name_pkey", "Relation Name": "char_name", "Alias": "chn", "Startup Cost": 0.43, "Total Cost": 152268.55, "Plan Rows": 50650, "Plan Width": 4, "Filter": "(((name)::text !~~ '%Tony%Stark%'::text) AND (((name)::text ~~ '%Iron%Man%'::text) OR ((name)::text ~~ '%Man%'::text)))"}, {"Node Type": "Materialize", "Parent Relationship": "Inner", "Parallel Aware": false, "Async Capable": false, "Startup Cost": 10005783627.87, "Total Cost": 10005964797.97, "Plan Rows": 36234020, "Plan Width": 12, "Plans": [{"Node Type": "Sort", "Parent Relationship": "Outer", "Parallel Aware": false, "Async Capable": false, "Startup Cost": 10005783627.87, "Total Cost": 10005874212.92, "Plan Rows": 36234020, "Plan Width": 12, "Sort Key": ["ci.person_role_id"], "Plans": [{"Node Type": "Seq Scan", "Parent Relationship": "Outer", "Parallel Aware": false, "Async Capable": false, "Relation Name": "cast_info", "Alias": "ci", "Startup Cost": 10000000000.0, "Total Cost": 10000615060.2, "Plan Rows": 36234020, "Plan Width": 12}]}]}]}]}, {"Node Type": "Sort", "Parent Relationship": "Inner", "Parallel Aware": false, "Async Capable": false, "Startup Cost": 10000598194.95, "Total Cost": 10000598195.71, "Plan Rows": 303, "Plan Width": 4, "Sort Key": ["mk.movie_id"], "Plans": [{"Node Type": "Merge Join", "Parent Relationship": "Outer", "Parallel Aware": false, "Async Capable": false, "Join Type": "Inner", "Startup Cost": 10000569821.15, "Total Cost": 10000598182.47, "Plan Rows": 303, "Plan Width": 4, "Inner Unique": false, "Merge Cond": "(k.id = mk.keyword_id)", "Plans": [{"Node Type": "Index Scan", "Parent Relationship": "Outer", "Parallel Aware": false, "Async Capable": false, "Scan Direction": "Forward", "Index Name": "keyword_pkey", "Relation Name": "keyword", "Alias": "k", "Startup Cost": 0.44, "Total Cost": 5739.34, "Plan Rows": 9, "Plan Width": 4, "Filter": "((keyword)::text = ANY ('{\"10,000-mile-club\",alienation,based-on-comic,based-on-novel,blood,character-name-in-title,claw,computer-animated-movie,computer-animation}'::text[]))"}, {"Node Type": "Sort", "Parent Relationship": "Inner", "Parallel Aware": false, "Async Capable": false, "Startup Cost": 10000569820.43, "Total Cost": 10000581130.25, "Plan Rows": 4523930, "Plan Width": 8, "Sort Key": ["mk.keyword_id"], "Plans": [{"Node Type": "Seq Scan", "Parent Relationship": "Outer", "Parallel Aware": false, "Async Capable": false, "Relation Name": "movie_keyword", "Alias": "mk", "Startup Cost": 10000000000.0, "Total Cost": 10000069719.3, "Plan Rows": 4523930, "Plan Width": 8}]}]}]}]}, {"Node Type": "Sort", "Parent Relationship": "Inner", "Parallel Aware": false, "Async Capable": false, "Startup Cost": 10000013598.56, "Total Cost": 10000013936.28, "Plan Rows": 135086, "Plan Width": 12, "Sort Key": ["cc.movie_id"], "Plans": [{"Node Type": "Seq Scan", "Parent Relationship": "Outer", "Parallel Aware": false, "Async Capable": false, "Relation Name": "complete_cast", "Alias": "cc", "Startup Cost": 10000000000.0, "Total Cost": 10000002086.86, "Plan Rows": 135086, "Plan Width": 12}]}]}, {"Node Type": "Index Scan", "Parent Relationship": "Inner", "Parallel Aware": false, "Async Capable": false, "Scan Direction": "Forward", "Index Name": "title_pkey", "Relation Name": "title", "Alias": "t", "Startup Cost": 0.43, "Total Cost": 116689.45, "Plan Rows": 1665512, "Plan Width": 25, "Filter": "(production_year <= 2007)"}]}]}, {"Node Type": "Index Scan", "Parent Relationship": "Inner", "Parallel Aware": false, "Async Capable": false, "Scan Direction": "Forward", "Index Name": "comp_cast_type_pkey", "Relation Name": "comp_cast_type", "Alias": "cct1", "Startup Cost": 0.13, "Total Cost": 12.2, "Plan Rows": 1, "Plan Width": 4, "Filter": "((kind)::text = 'cast'::text)"}]}]}, {"Node Type": "Index Scan", "Parent Relationship": "Inner", "Parallel Aware": false, "Async Capable": false, "Scan Direction": "Forward", "Index Name": "comp_cast_type_pkey", "Relation Name": "comp_cast_type", "Alias": "cct2", "Startup Cost": 0.13, "Total Cost": 12.2, "Plan Rows": 1, "Plan Width": 4, "Filter": "((kind)::text ~~ '%complete%'::text)"}]}]}, {"Node Type": "Index Scan", "Parent Relationship": "Inner", "Parallel Aware": false, "Async Capable": false, "Scan Direction": "Forward", "Index Name": "kind_type_pkey", "Relation Name": "kind_type", "Alias": "kt", "Startup Cost": 0.13, "Total Cost": 12.26, "Plan Rows": 1, "Plan Width": 4, "Filter": "((kind)::text = 'tv movie'::text)"}]}]}, {"Node Type": "Index Only Scan", "Parent Relationship": "Inner", "Parallel Aware": false, "Async Capable": false, "Scan Direction": "Forward", "Index Name": "name_pkey", "Relation Name": "name", "Alias": "n", "Startup Cost": 0.43, "Total Cost": 122601.8, "Plan Rows": 4167491, "Plan Width": 4}]}]}}, {"Plan": {"Node Type": "Aggregate", "Strategy": "Plain", "Partial Mode": "Simple", "Parallel Aware": false, "Async Capable": false, "Startup Cost": 30001768763.61, "Total Cost": 30001768763.62, "Plan Rows": 1, "Plan Width": 32, "Plans": [{"Node Type": "Nested Loop", "Parent Relationship": "Outer", "Parallel Aware": false, "Async Capable": false, "Join Type": "Inner", "Startup Cost": 30000202924.67, "Total Cost": 30001768763.6, "Plan Rows": 1, "Plan Width": 17, "Inner Unique": true, "Plans": [{"Node Type": "Nested Loop", "Parent Relationship": "Outer", "Parallel Aware": false, "Async Capable": false, "Join Type": "Inner", "Startup Cost": 30000202924.24, "Total Cost": 30001768763.15, "Plan Rows": 1, "Plan Width": 21, "Inner Unique": false, "Join Filter": "(t.id = ci.movie_id)", "Plans": [{"Node Type": "Nested Loop", "Parent Relationship": "Outer", "Parallel Aware": false, "Async Capable": false, "Join Type": "Inner", "Startup Cost": 10000000000.44, "Total Cost": 10001557318.41, "Plan Rows": 282279, "Plan Width": 8, "Inner Unique": true, "Plans": [{"Node Type": "Seq Scan", "Parent Relationship": "Outer", "Parallel Aware": false, "Async Capable": false, "Relation Name": "cast_info", "Alias": "ci", "Startup Cost": 10000000000.0, "Total Cost": 10000615060.2, "Plan Rows": 36234020, "Plan Width": 12}, {"Node Type": "Memoize", "Parent Relationship": "Inner", "Parallel Aware": false, "Async Capable": false, "Startup Cost": 0.44, "Total Cost": 0.47, "Plan Rows": 1, "Plan Width": 4, "Cache Key": "ci.person_role_id", "Cache Mode": "logical", "Plans": [{"Node Type": "Index Scan", "Parent Relationship": "Outer", "Parallel Aware": false, "Async Capable": false, "Scan Direction": "Forward", "Index Name": "char_name_pkey", "Relation Name": "char_name", "Alias": "chn", "Startup Cost": 0.43, "Total Cost": 0.46, "Plan Rows": 1, "Plan Width": 4, "Index Cond": "(id = ci.person_role_id)", "Filter": "(((name)::text !~~ '%Tony%Stark%'::text) AND (((name)::text ~~ '%Iron%Man%'::text) OR ((name)::text ~~ '%Man%'::text)))"}]}]}, {"Node Type": "Materialize", "Parent Relationship": "Inner", "Parallel Aware": false, "Async Capable": false, "Startup Cost": 20000202923.8, "Total Cost": 20000202976.38, "Plan Rows": 2, "Plan Width": 29, "Plans": [{"Node Type": "Nested Loop", "Parent Relationship": "Outer", "Parallel Aware": false, "Async Capable": false, "Join Type": "Inner", "Startup Cost": 20000202923.8, "Total Cost": 20000202976.37, "Plan Rows": 2, "Plan Width": 29, "Inner Unique": true, "Plans": [{"Node Type": "Nested Loop", "Parent Relationship": "Outer", "Parallel Aware": false, "Async Capable": false, "Join Type": "Inner", "Startup Cost": 20000202923.67, "Total Cost": 20000202974.68, "Plan Rows": 11, "Plan Width": 33, "Inner Unique": true, "Plans": [{"Node Type": "Merge Join", "Parent Relationship": "Outer", "Parallel Aware": false, "Async Capable": false, "Join Type": "Inner", "Startup Cost": 20000202923.24, "Total Cost": 20000202966.35, "Plan Rows": 17, "Plan Width": 8, "Inner Unique": false, "Merge Cond": "(mk.movie_id = cc.movie_id)", "Plans": [{"Node Type": "Sort", "Parent Relationship": "Outer", "Parallel Aware": false, "Async Capable": false, "Startup Cost": 10000198150.62, "Total Cost": 10000198151.38, "Plan Rows": 303, "Plan Width": 4, "Sort Key": ["mk.movie_id"], "Plans": [{"Node Type": "Nested Loop", "Parent Relationship": "Outer", "Parallel Aware": false, "Async Capable": false, "Join Type": "Inner", "Startup Cost": 10000000000.45, "Total Cost": 10000198138.13, "Plan Rows": 303, "Plan Width": 4, "Inner Unique": true, "Plans": [{"Node Type": "Seq Scan", "Parent Relationship": "Outer", "Parallel Aware": false, "Async Capable": false, "Relation Name": "movie_keyword", "Alias": "mk", "Startup Cost": 10000000000.0, "Total Cost": 10000069719.3, "Plan Rows": 4523930, "Plan Width": 8}, {"Node Type": "Memoize", "Parent Relationship": "Inner", "Parallel Aware": false, "Async Capable": false, "Startup Cost": 0.45, "Total Cost": 0.48, "Plan Rows": 1, "Plan Width": 4, "Cache Key": "mk.keyword_id", "Cache Mode": "logical", "Plans": [{"Node Type": "Index Scan", "Parent Relationship": "Outer", "Parallel Aware": false, "Async Capable": false, "Scan Direction": "Forward", "Index Name": "keyword_pkey", "Relation Name": "keyword", "Alias": "k", "Startup Cost": 0.44, "Total Cost": 0.47, "Plan Rows": 1, "Plan Width": 4, "Index Cond": "(id = mk.keyword_id)", "Filter": "((keyword)::text = ANY ('{\"10,000-mile-club\",alienation,based-on-comic,based-on-novel,blood,character-name-in-title,claw,computer-animated-movie,computer-animation}'::text[]))"}]}]}]}, {"Node Type": "Sort", "Parent Relationship": "Inner", "Parallel Aware": false, "Async Capable": false, "Startup Cost": 10000004772.62, "Total Cost": 10000004793.73, "Plan Rows": 8443, "Plan Width": 4, "Sort Key": ["cc.movie_id"], "Plans": [{"Node Type": "Nested Loop", "Parent Relationship": "Outer", "Parallel Aware": false, "Async Capable": false, "Join Type": "Inner", "Startup Cost": 10000000000.26, "Total Cost": 10000004221.98, "Plan Rows": 8443, "Plan Width": 4, "Inner Unique": false, "Join Filter": "(cct2.id = cc.status_id)", "Plans": [{"Node Type": "Index Scan", "Parent Relationship": "Outer", "Parallel Aware": false, "Async Capable": false, "Scan Direction": "Forward", "Index Name": "comp_cast_type_pkey", "Relation Name": "comp_cast_type", "Alias": "cct2", "Startup Cost": 0.13, "Total Cost": 12.2, "Plan Rows": 1, "Plan Width": 4, "Filter": "((kind)::text ~~ '%complete%'::text)"}, {"Node Type": "Nested Loop", "Parent Relationship": "Inner", "Parallel Aware": false, "Async Capable": false, "Join Type": "Inner", "Startup Cost": 10000000000.13, "Total Cost": 10000003787.64, "Plan Rows": 33772, "Plan Width": 8, "Inner Unique": false, "Join Filter": "(cct1.id = cc.subject_id)", "Plans": [{"Node Type": "Index Scan", "Parent Relationship": "Outer", "Parallel Aware": false, "Async Capable": false, "Scan Direction": "Forward", "Index Name": "comp_cast_type_pkey", "Relation Name": "comp_cast_type", "Alias": "cct1", "Startup Cost": 0.13, "Total Cost": 12.2, "Plan Rows": 1, "Plan Width": 4, "Filter": "((kind)::text = 'cast'::text)"}, {"Node Type": "Seq Scan", "Parent Relationship": "Inner", "Parallel Aware": false, "Async Capable": false, "Relation Name": "complete_cast", "Alias": "cc", "Startup Cost": 10000000000.0, "Total Cost": 10000002086.86, "Plan Rows": 135086, "Plan Width": 12}]}]}]}]}, {"Node Type": "Index Scan", "Parent Relationship": "Inner", "Parallel Aware": false, "Async Capable": false, "Scan Direction": "Forward", "Index Name": "title_pkey", "Relation Name": "title", "Alias": "t", "Startup Cost": 0.43, "Total Cost": 0.49, "Plan Rows": 1, "Plan Width": 25, "Index Cond": "(id = mk.movie_id)", "Filter": "(production_year <= 2007)"}]}, {"Node Type": "Index Scan", "Parent Relationship": "Inner", "Parallel Aware": false, "Async Capable": false, "Scan Direction": "Forward", "Index Name": "kind_type_pkey", "Relation Name": "kind_type", "Alias": "kt", "Startup Cost": 0.13, "Total Cost": 0.15, "Plan Rows": 1, "Plan Width": 4, "Index Cond": "(id = t.kind_id)", "Filter": "((kind)::text = 'tv movie'::text)"}]}]}]}, {"Node Type": "Index Only Scan", "Parent Relationship": "Inner", "Parallel Aware": false, "Async Capable": false, "Scan Direction": "Forward", "Index Name": "name_pkey", "Relation Name": "name", "Alias": "n", "Startup Cost": 0.43, "Total Cost": 0.45, "Plan Rows": 1, "Plan Width": 4, "Index Cond": "(id = ci.person_id)"}]}]}}, {"Plan": {"Node Type": "Aggregate", "Strategy": "Plain", "Partial Mode": "Simple", "Parallel Aware": false, "Async Capable": false, "Startup Cost": 603273.32, "Total Cost": 603273.33, "Plan Rows": 1, "Plan Width": 32, "Plans": [{"Node Type": "Nested Loop", "Parent Relationship": "Outer", "Parallel Aware": false, "Async Capable": false, "Join Type": "Inner", "Startup Cost": 510895.98, "Total Cost": 603273.32, "Plan Rows": 1, "Plan Width": 17, "Inner Unique": true, "Plans": [{"Node Type": "Nested Loop", "Parent Relationship": "Outer", "Parallel Aware": false, "Async Capable": false, "Join Type": "Inner", "Startup Cost": 510895.55, "Total Cost": 603272.87, "Plan Rows": 1, "Plan Width": 21, "Inner Unique": false, "Join Filter": "(t.id = mk.movie_id)", "Plans": [{"Node Type": "Gather", "Parent Relationship": "Outer", "Parallel Aware": false, "Async Capable": false, "Startup Cost": 1000.45, "Total Cost": 91907.77, "Plan Rows": 303, "Plan Width": 4, "Workers Planned": 3, "Single Copy": false, "Plans": [{"Node Type": "Nested Loop", "Parent Relationship": "Outer", "Parallel Aware": false, "Async Capable": false, "Join Type": "Inner", "Startup Cost": 0.45, "Total Cost": 90877.47, "Plan Rows": 98, "Plan Width": 4, "Inner Unique": true, "Plans": [{"Node Type": "Seq Scan", "Parent Relationship": "Outer", "Parallel Aware": true, "Async Capable": false, "Relation Name": "movie_keyword", "Alias": "mk", "Startup Cost": 0.0, "Total Cost": 39073.32, "Plan Rows": 1459332, "Plan Width": 8}, {"Node Type": "Memoize", "Parent Relationship": "Inner", "Parallel Aware": false, "Async Capable": false, "Startup Cost": 0.45, "Total Cost": 0.48, "Plan Rows": 1, "Plan Width": 4, "Cache Key": "mk.keyword_id", "Cache Mode": "logical", "Plans": [{"Node Type": "Index Scan", "Parent Relationship": "Outer", "Parallel Aware": false, "Async Capable": false, "Scan Direction": "Forward", "Index Name": "keyword_pkey", "Relation Name": "keyword", "Alias": "k", "Startup Cost": 0.44, "Total Cost": 0.47, "Plan Rows": 1, "Plan Width": 4, "Index Cond": "(id = mk.keyword_id)", "Filter": "((keyword)::text = ANY ('{\"10,000-mile-club\",alienation,based-on-comic,based-on-novel,blood,character-name-in-title,claw,computer-animated-movie,computer-animation}'::text[]))"}]}]}]}, {"Node Type": "Materialize", "Parent Relationship": "Inner", "Parallel Aware": false, "Async Capable": false, "Startup Cost": 509895.09, "Total Cost": 510383.92, "Plan Rows": 216, "Plan Width": 33, "Plans": [{"Node Type": "Gather Merge", "Parent Relationship": "Outer", "Parallel Aware": false, "Async Capable": false, "Startup Cost": 509895.09, "Total Cost": 510382.84, "Plan Rows": 216, "Plan Width": 33, "Workers Planned": 6, "Plans": [{"Node Type": "Nested Loop", "Parent Relationship": "Outer", "Parallel Aware": false, "Async Capable": false, "Join Type": "Inner", "Startup Cost": 508894.99, "Total Cost": 509356.49, "Plan Rows": 36, "Plan Width": 33, "Inner Unique": true, "Plans": [{"Node Type": "Nested Loop", "Parent Relationship": "Outer", "Parallel Aware": false, "Async Capable": false, "Join Type": "Inner", "Startup Cost": 508894.85, "Total Cost": 509349.13, "Plan Rows": 252, "Plan Width": 37, "Inner Unique": true, "Plans": [{"Node Type": "Merge Join", "Parent Relationship": "Outer", "Parallel Aware": false, "Async Capable": false, "Join Type": "Inner", "Startup Cost": 508894.42, "Total Cost": 509174.88, "Plan Rows": 383, "Plan Width": 12, "Inner Unique": false, "Merge Cond": "(ci.movie_id = cc.movie_id)", "Plans": [{"Node Type": "Sort", "Parent Relationship": "Outer", "Parallel Aware": false, "Async Capable": false, "Startup Cost": 504144.07, "Total Cost": 504261.69, "Plan Rows": 47046, "Plan Width": 8, "Sort Key": ["ci.movie_id"], "Plans": [{"Node Type": "Nested Loop", "Parent Relationship": "Outer", "Parallel Aware": false, "Async Capable": false, "Join Type": "Inner", "Startup Cost": 0.44, "Total Cost": 500492.89, "Plan Rows": 47046, "Plan Width": 8, "Inner Unique": true, "Plans": [{"Node Type": "Seq Scan", "Parent Relationship": "Outer", "Parallel Aware": true, "Async Capable": false, "Relation Name": "cast_info", "Alias": "ci", "Startup Cost": 0.0, "Total Cost": 313110.03, "Plan Rows": 6039003, "Plan Width": 12}, {"Node Type": "Memoize", "Parent Relationship": "Inner", "Parallel Aware": false, "Async Capable": false, "Startup Cost": 0.44, "Total Cost": 0.47, "Plan Rows": 1, "Plan Width": 4, "Cache Key": "ci.person_role_id", "Cache Mode": "logical", "Plans": [{"Node Type": "Index Scan", "Parent Relationship": "Outer", "Parallel Aware": false, "Async Capable": false, "Scan Direction": "Forward", "Index Name": "char_name_pkey", "Relation Name": "char_name", "Alias": "chn", "Startup Cost": 0.43, "Total Cost": 0.46, "Plan Rows": 1, "Plan Width": 4, "Index Cond": "(id = ci.person_role_id)", "Filter": "(((name)::text !~~ '%Tony%Stark%'::text) AND (((name)::text ~~ '%Iron%Man%'::text) OR ((name)::text ~~ '%Man%'::text)))"}]}]}]}, {"Node Type": "Sort", "Parent Relationship": "Inner", "Parallel Aware": false, "Async Capable": false, "Startup Cost": 4750.32, "Total Cost": 4771.43, "Plan Rows": 8443, "Plan Width": 4, "Sort Key": ["cc.movie_id"], "Plans": [{"Node Type": "Nested Loop", "Parent Relationship": "Outer", "Parallel Aware": false, "Async Capable": false, "Join Type": "Inner", "Startup Cost": 0.0, "Total Cost": 4199.69, "Plan Rows": 8443, "Plan Width": 4, "Inner Unique": false, "Join Filter": "(cct2.id = cc.status_id)", "Plans": [{"Node Type": "Seq Scan", "Parent Relationship": "Outer", "Parallel Aware": false, "Async Capable": false, "Relation Name": "comp_cast_type", "Alias": "cct2", "Startup Cost": 0.0, "Total Cost": 1.05, "Plan Rows": 1, "Plan Width": 4, "Filter": "((kind)::text ~~ '%complete%'::text)"}, {"Node Type": "Nested Loop", "Parent Relationship": "Inner", "Parallel Aware": false, "Async Capable": false, "Join Type": "Inner", "Startup Cost": 0.0, "Total Cost": 3776.49, "Plan Rows": 33772, "Plan Width": 8, "Inner Unique": false, "Join Filter": "(cct1.id = cc.subject_id)", "Plans": [{"Node Type": "Seq Scan", "Parent Relationship": "Outer", "Parallel Aware": false, "Async Capable": false, "Relation Name": "comp_cast_type", "Alias": "cct1", "Startup Cost": 0.0, "Total Cost": 1.05, "Plan Rows": 1, "Plan Width": 4, "Filter": "((kind)::text = 'cast'::text)"}, {"Node Type": "Seq Scan", "Parent Relationship": "Inner", "Parallel Aware": false, "Async Capable": false, "Relation Name": "complete_cast", "Alias": "cc", "Startup Cost": 0.0, "Total Cost": 2086.86, "Plan Rows": 135086, "Plan Width": 12}]}]}]}]}, {"Node Type": "Index Scan", "Parent Relationship": "Inner", "Parallel Aware": false, "Async Capable": false, "Scan Direction": "Forward", "Index Name": "title_pkey", "Relation Name": "title", "Alias": "t", "Startup Cost": 0.43, "Total Cost": 0.45, "Plan Rows": 1, "Plan Width": 25, "Index Cond": "(id = ci.movie_id)", "Filter": "(production_year <= 2007)"}]}, {"Node Type": "Memoize", "Parent Relationship": "Inner", "Parallel Aware": false, "Async Capable": false, "Startup Cost": 0.14, "Total Cost": 0.16, "Plan Rows": 1, "Plan Width": 4, "Cache Key": "t.kind_id", "Cache Mode": "logical", "Plans": [{"Node Type": "Index Scan", "Parent Relationship": "Outer", "Parallel Aware": false, "Async Capable": false, "Scan Direction": "Forward", "Index Name": "kind_type_pkey", "Relation Name": "kind_type", "Alias": "kt", "Startup Cost": 0.13, "Total Cost": 0.15, "Plan Rows": 1, "Plan Width": 4, "Index Cond": "(id = t.kind_id)", "Filter": "((kind)::text = 'tv movie'::text)"}]}]}]}]}]}, {"Node Type": "Index Only Scan", "Parent Relationship": "Inner", "Parallel Aware": false, "Async Capable": false, "Scan Direction": "Forward", "Index Name": "name_pkey", "Relation Name": "name", "Alias": "n", "Startup Cost": 0.43, "Total Cost": 0.45, "Plan Rows": 1, "Plan Width": 4, "Index Cond": "(id = ci.person_id)"}]}]}}, {"Plan": {"Node Type": "Aggregate", "Strategy": "Plain", "Partial Mode": "Simple", "Parallel Aware": false, "Async Capable": false, "Startup Cost": 1664128.75, "Total Cost": 1664128.76, "Plan Rows": 1, "Plan Width": 32, "Plans": [{"Node Type": "Merge Join", "Parent Relationship": "Outer", "Parallel Aware": false, "Async Capable": false, "Join Type": "Inner", "Startup Cost": 1534533.33, "Total Cost": 1664128.75, "Plan Rows": 1, "Plan Width": 17, "Inner Unique": false, "Merge Cond": "(n.id = ci.person_id)", "Plans": [{"Node Type": "Index Only Scan", "Parent Relationship": "Outer", "Parallel Aware": false, "Async Capable": false, "Scan Direction": "Forward", "Index Name": "name_pkey", "Relation Name": "name", "Alias": "n", "Startup Cost": 0.43, "Total Cost": 122601.8, "Plan Rows": 4167491, "Plan Width": 4}, {"Node Type": "Sort", "Parent Relationship": "Inner", "Parallel Aware": false, "Async Capable": false, "Startup Cost": 1534532.9, "Total Cost": 1534532.91, "Plan Rows": 1, "Plan Width": 21, "Sort Key": ["ci.person_id"], "Plans": [{"Node Type": "Merge Join", "Parent Relationship": "Outer", "Parallel Aware": false, "Async Capable": false, "Join Type": "Inner", "Startup Cost": 1534530.29, "Total Cost": 1534532.89, "Plan Rows": 1, "Plan Width": 21, "Inner Unique": false, "Merge Cond": "(mk.movie_id = t.id)", "Plans": [{"Node Type": "Sort", "Parent Relationship": "Outer", "Parallel Aware": false, "Async Capable": false, "Startup Cost": 199847.32, "Total Cost": 199848.08, "Plan Rows": 303, "Plan Width": 4, "Sort Key": ["mk.movie_id"], "Plans": [{"Node Type": "Gather", "Parent Relationship": "Outer", "Parallel Aware": false, "Async Capable": false, "Startup Cost": 192506.93, "Total Cost": 199834.83, "Plan Rows": 303, "Plan Width": 4, "Workers Planned": 3, "Single Copy": false, "Plans": [{"Node Type": "Merge Join", "Parent Relationship": "Outer", "Parallel Aware": false, "Async Capable": false, "Join Type": "Inner", "Startup Cost": 191506.93, "Total Cost": 198804.53, "Plan Rows": 98, "Plan Width": 4, "Inner Unique": true, "Merge Cond": "(mk.keyword_id = k.id)", "Plans": [{"Node Type": "Sort", "Parent Relationship": "Outer", "Parallel Aware": false, "Async Capable": false, "Startup Cost": 188486.13, "Total Cost": 192134.46, "Plan Rows": 1459332, "Plan Width": 8, "Sort Key": ["mk.keyword_id"], "Plans": [{"Node Type": "Seq Scan", "Parent Relationship": "Outer", "Parallel Aware": true, "Async Capable": false, "Relation Name": "movie_keyword", "Alias": "mk", "Startup Cost": 0.0, "Total Cost": 39073.32, "Plan Rows": 1459332, "Plan Width": 8}]}, {"Node Type": "Sort", "Parent Relationship": "Inner", "Parallel Aware": false, "Async Capable": false, "Startup Cost": 3020.72, "Total Cost": 3020.74, "Plan Rows": 9, "Plan Width": 4, "Sort Key": ["k.id"], "Plans": [{"Node Type": "Seq Scan", "Parent Relationship": "Outer", "Parallel Aware": false, "Async Capable": false, "Relation Name": "keyword", "Alias": "k", "Startup Cost": 0.02, "Total Cost": 3020.57, "Plan Rows": 9, "Plan Width": 4, "Filter": "((keyword)::text = ANY ('{\"10,000-mile-club\",alienation,based-on-comic,based-on-novel,blood,character-name-in-title,claw,computer-animated-movie,computer-animation}'::text[]))"}]}]}]}]}, {"Node Type": "Sort", "Parent Relationship": "Inner", "Parallel Aware": false, "Async Capable": false, "Startup Cost": 1334682.97, "Total Cost": 1334683.51, "Plan Rows": 216, "Plan Width": 33, "Sort Key": ["cc.movie_id"], "Plans": [{"Node Type": "Merge Join", "Parent Relationship": "Outer", "Parallel Aware": false, "Async Capable": false, "Join Type": "Inner", "Startup Cost": 1334357.19, "Total Cost": 1334674.59, "Plan Rows": 216, "Plan Width": 33, "Inner Unique": true, "Merge Cond": "(ci.person_role_id = chn.id)", "Plans": [{"Node Type": "Sort", "Parent Relationship": "Outer", "Parallel Aware": false, "Async Capable": false, "Startup Cost": 1274142.3, "Total Cost": 1274211.7, "Plan Rows": 27760, "Plan Width": 37, "Sort Key": ["ci.person_role_id"], "Plans": [{"Node Type": "Gather", "Parent Relationship": "Outer", "Parallel Aware": false, "Async Capable": false, "Startup Cost": 1269109.3, "Total Cost": 1272093.51, "Plan Rows": 27760, "Plan Width": 37, "Workers Planned": 6, "Single Copy": false, "Plans": [{"Node Type": "Merge Join", "Parent Relationship": "Outer", "Parallel Aware": false, "Async Capable": false, "Join Type": "Inner", "Startup Cost": 1268109.3, "Total Cost": 1268317.51, "Plan Rows": 4627, "Plan Width": 37, "Inner Unique": true, "Merge Cond": "(t.kind_id = kt.id)", "Plans": [{"Node Type": "Sort", "Parent Relationship": "Outer", "Parallel Aware": false, "Async Capable": false, "Startup Cost": 1268108.2, "Total Cost": 1268189.17, "Plan Rows": 32387, "Plan Width": 41, "Sort Key": ["t.kind_id"], "Plans": [{"Node Type": "Merge Join", "Parent Relationship": "Outer", "Parallel Aware": false, "Async Capable": false, "Join Type": "Inner", "Startup Cost": 1114459.91, "Total Cost": 1265681.91, "Plan Rows": 32387, "Plan Width": 41, "Inner Unique": false, "Merge Cond": "(ci.movie_id = t.id)", "Plans": [{"Node Type": "Sort", "Parent Relationship": "Outer", "Parallel Aware": false, "Async Capable": false, "Startup Cost": 1096487.29, "Total Cost": 1111584.79, "Plan Rows": 6039003, "Plan Width": 12, "Sort Key": ["ci.movie_id"], "Plans": [{"Node Type": "Seq Scan", "Parent Relationship": "Outer", "Parallel Aware": true, "Async Capable": false, "Relation Name": "cast_info", "Alias": "ci", "Startup Cost": 0.0, "Total Cost": 313110.03, "Plan Rows": 6039003, "Plan Width": 12}]}, {"Node Type": "Materialize", "Parent Relationship": "Inner", "Parallel Aware": false, "Async Capable": false, "Startup Cost": 17972.02, "Total Cost": 138922.98, "Plan Rows": 5562, "Plan Width": 29, "Plans": [{"Node Type": "Merge Join", "Parent Relationship": "Outer", "Parallel Aware": false, "Async Capable": false, "Join Type": "Inner", "Startup Cost": 17972.02, "Total Cost": 138909.07, "Plan Rows": 5562, "Plan Width": 29, "Inner Unique": false, "Merge Cond": "(t.id = cc.movie_id)", "Plans": [{"Node Type": "Index Scan", "Parent Relationship": "Outer", "Parallel Aware": false, "Async Capable": false, "Scan Direction": "Forward", "Index Name": "title_pkey", "Relation Name": "title", "Alias": "t", "Startup Cost": 0.43, "Total Cost": 116689.45, "Plan Rows": 1665512, "Plan Width": 25, "Filter": "(production_year <= 2007)"}, {"Node Type": "Sort", "Parent Relationship": "Inner", "Parallel Aware": false, "Async Capable": false, "Startup Cost": 17958.02, "Total Cost": 17979.13, "Plan Rows": 8443, "Plan Width": 4, "Sort Key": ["cc.movie_id"], "Plans": [{"Node Type": "Merge Join", "Parent Relationship": "Outer", "Parallel Aware": false, "Async Capable": false, "Join Type": "Inner", "Startup Cost": 17154.09, "Total Cost": 17407.39, "Plan Rows": 8443, "Plan Width": 4, "Inner Unique": true, "Merge Cond": "(cc.status_id = cct2.id)", "Plans": [{"Node Type": "Sort", "Parent Relationship": "Outer", "Parallel Aware": false, "Async Capable": false, "Startup Cost": 17153.03, "Total Cost": 17237.46, "Plan Rows": 33772, "Plan Width": 8, "Sort Key": ["cc.status_id"], "Plans": [{"Node Type": "Merge Join", "Parent Relationship": "Outer", "Parallel Aware": false, "Async Capable": false, "Join Type": "Inner", "Startup Cost": 13599.62, "Total Cost": 14612.78, "Plan Rows": 33772, "Plan Width": 8, "Inner Unique": true, "Merge Cond": "(cc.subject_id = cct1.id)", "Plans": [{"Node Type": "Sort", "Parent Relationship": "Outer", "Parallel Aware": false, "Async Capable": false, "Startup Cost": 13598.56, "Total Cost": 13936.28, "Plan Rows": 135086, "Plan Width": 12, "Sort Key": ["cc.subject_id"], "Plans": [{"Node Type": "Seq Scan", "Parent Relationship": "Outer", "Parallel Aware": false, "Async Capable": false, "Relation Name": "complete_cast", "Alias": "cc", "Startup Cost": 0.0, "Total Cost": 2086.86, "Plan Rows": 135086, "Plan Width": 12}]}, {"Node Type": "Sort", "Parent Relationship": "Inner", "Parallel Aware": false, "Async Capable": false, "Startup Cost": 1.06, "Total Cost": 1.06, "Plan Rows": 1, "Plan Width": 4, "Sort Key": ["cct1.id"], "Plans": [{"Node Type": "Seq Scan", "Parent Relationship": "Outer", "Parallel Aware": false, "Async Capable": false, "Relation Name": "comp_cast_type", "Alias": "cct1", "Startup Cost": 0.0, "Total Cost": 1.05, "Plan Rows": 1, "Plan Width": 4, "Filter": "((kind)::text = 'cast'::text)"}]}]}]}, {"Node Type": "Sort", "Parent Relationship": "Inner", "Parallel Aware": false, "Async Capable": false, "Startup Cost": 1.06, "Total Cost": 1.06, "Plan Rows": 1, "Plan Width": 4, "Sort Key": ["cct2.id"], "Plans": [{"Node Type": "Seq Scan", "Parent Relationship": "Outer", "Parallel Aware": false, "Async Capable": false, "Relation Name": "comp_cast_type", "Alias": "cct2", "Startup Cost": 0.0, "Total Cost": 1.05, "Plan Rows": 1, "Plan Width": 4, "Filter": "((kind)::text ~~ '%complete%'::text)"}]}]}]}]}]}]}]}, {"Node Type": "Sort", "Parent Relationship": "Inner", "Parallel Aware": false, "Async Capable": false, "Startup Cost": 1.1, "Total Cost": 1.1, "Plan Rows": 1, "Plan Width": 4, "Sort Key": ["kt.id"], "Plans": [{"Node Type": "Seq Scan", "Parent Relationship": "Outer", "Parallel Aware": false, "Async Capable": false, "Relation Name": "kind_type", "Alias": "kt", "Startup Cost": 0.0, "Total Cost": 1.09, "Plan Rows": 1, "Plan Width": 4, "Filter": "((kind)::text = 'tv movie'::text)"}]}]}]}]}, {"Node Type": "Sort", "Parent Relationship": "Inner", "Parallel Aware": false, "Async Capable": false, "Startup Cost": 60209.84, "Total Cost": 60336.47, "Plan Rows": 50650, "Plan Width": 4, "Sort Key": ["chn.id"], "Plans": [{"Node Type": "Gather", "Parent Relationship": "Outer", "Parallel Aware": false, "Async Capable": false, "Startup Cost": 1000.0, "Total Cost": 56251.98, "Plan Rows": 50650, "Plan Width": 4, "Workers Planned": 4, "Single Copy": false, "Plans": [{"Node Type": "Seq Scan", "Parent Relationship": "Outer", "Parallel Aware": true, "Async Capable": false, "Relation Name": "char_name", "Alias": "chn", "Startup Cost": 0.0, "Total Cost": 50186.98, "Plan Rows": 12662, "Plan Width": 4, "Filter": "(((name)::text !~~ '%Tony%Stark%'::text) AND (((name)::text ~~ '%Iron%Man%'::text) OR ((name)::text ~~ '%Man%'::text)))"}]}]}]}]}]}]}]}]}}, {"Plan": {"Node Type": "Aggregate", "Strategy": "Plain", "Partial Mode": "Simple", "Parallel Aware": false, "Async Capable": false, "Startup Cost": 30001870035.0, "Total Cost": 30001870035.01, "Plan Rows": 1, "Plan Width": 32, "Plans": [{"Node Type": "Nested Loop", "Parent Relationship": "Outer", "Parallel Aware": false, "Async Capable": false, "Join Type": "Inner", "Startup Cost": 30000000002.14, "Total Cost": 30001870034.99, "Plan Rows": 1, "Plan Width": 17, "Inner Unique": true, "Plans": [{"Node Type": "Nested Loop", "Parent Relationship": "Outer", "Parallel Aware": false, "Async Capable": false, "Join Type": "Inner", "Startup Cost": 30000000002.01, "Total Cost": 30001870034.82, "Plan Rows": 1, "Plan Width": 21, "Inner Unique": true, "Join Filter": "(t.id = mk.movie_id)", "Plans": [{"Node Type": "Nested Loop", "Parent Relationship": "Outer", "Parallel Aware": false, "Async Capable": false, "Join Type": "Inner", "Startup Cost": 30000000001.58, "Total Cost": 30001870034.35, "Plan Rows": 1, "Plan Width": 12, "Inner Unique": true, "Plans": [{"Node Type": "Nested Loop", "Parent Relationship": "Outer", "Parallel Aware": false, "Async Capable": false, "Join Type": "Inner", "Startup Cost": 30000000001.15, "Total Cost": 30001870033.9, "Plan Rows": 1, "Plan Width": 16, "Inner Unique": false, "Join Filter": "(ci.movie_id = mk.movie_id)", "Plans": [{"Node Type": "Nested Loop", "Parent Relationship": "Outer", "Parallel Aware": false, "Async Capable": false, "Join Type": "Inner", "Startup Cost": 10000000000.44, "Total Cost": 10001557318.41, "Plan Rows": 282279, "Plan Width": 8, "Inner Unique": true, "Plans": [{"Node Type": "Seq Scan", "Parent Relationship": "Outer", "Parallel Aware": false, "Async Capable": false, "Relation Name": "cast_info", "Alias": "ci", "Startup Cost": 10000000000.0, "Total Cost": 10000615060.2, "Plan Rows": 36234020, "Plan Width": 12}, {"Node Type": "Memoize", "Parent Relationship": "Inner", "Parallel Aware": false, "Async Capable": false, "Startup Cost": 0.44, "Total Cost": 0.47, "Plan Rows": 1, "Plan Width": 4, "Cache Key": "ci.person_role_id", "Cache Mode": "logical", "Plans": [{"Node Type": "Index Scan", "Parent Relationship": "Outer", "Parallel Aware": false, "Async Capable": false, "Scan Direction": "Forward", "Index Name": "char_name_pkey", "Relation Name": "char_name", "Alias": "chn", "Startup Cost": 0.43, "Total Cost": 0.46, "Plan Rows": 1, "Plan Width": 4, "Index Cond": "(id = ci.person_role_id)", "Filter": "(((name)::text !~~ '%Tony%Stark%'::text) AND (((name)::text ~~ '%Iron%Man%'::text) OR ((name)::text ~~ '%Man%'::text)))"}]}]}, {"Node Type": "Materialize", "Parent Relationship": "Inner", "Parallel Aware": false, "Async Capable": false, "Startup Cost": 20000000000.71, "Total Cost": 20000240734.39, "Plan Rows": 17, "Plan Width": 8, "Plans": [{"Node Type": "Nested Loop", "Parent Relationship": "Outer", "Parallel Aware": false, "Async Capable": false, "Join Type": "Inner", "Startup Cost": 20000000000.71, "Total Cost": 20000240734.31, "Plan Rows": 17, "Plan Width": 8, "Inner Unique": false, "Join Filter": "(cc.movie_id = mk.movie_id)", "Plans": [{"Node Type": "Nested Loop", "Parent Relationship": "Outer", "Parallel Aware": false, "Async Capable": false, "Join Type": "Inner", "Startup Cost": 10000000000.26, "Total Cost": 10000004221.98, "Plan Rows": 8443, "Plan Width": 4, "Inner Unique": false, "Join Filter": "(cct2.id = cc.status_id)", "Plans": [{"Node Type": "Index Scan", "Parent Relationship": "Outer", "Parallel Aware": false, "Async Capable": false, "Scan Direction": "Forward", "Index Name": "comp_cast_type_pkey", "Relation Name": "comp_cast_type", "Alias": "cct2", "Startup Cost": 0.13, "Total Cost": 12.2, "Plan Rows": 1, "Plan Width": 4, "Filter": "((kind)::text ~~ '%complete%'::text)"}, {"Node Type": "Nested Loop", "Parent Relationship": "Inner", "Parallel Aware": false, "Async Capable": false, "Join Type": "Inner", "Startup Cost": 10000000000.13, "Total Cost": 10000003787.64, "Plan Rows": 33772, "Plan Width": 8, "Inner Unique": false, "Join Filter": "(cct1.id = cc.subject_id)", "Plans": [{"Node Type": "Index Scan", "Parent Relationship": "Outer", "Parallel Aware": false, "Async Capable": false, "Scan Direction": "Forward", "Index Name": "comp_cast_type_pkey", "Relation Name": "comp_cast_type", "Alias": "cct1", "Startup Cost": 0.13, "Total Cost": 12.2, "Plan Rows": 1, "Plan Width": 4, "Filter": "((kind)::text = 'cast'::text)"}, {"Node Type": "Seq Scan", "Parent Relationship": "Inner", "Parallel Aware": false, "Async Capable": false, "Relation Name": "complete_cast", "Alias": "cc", "Startup Cost": 10000000000.0, "Total Cost": 10000002086.86, "Plan Rows": 135086, "Plan Width": 12}]}]}, {"Node Type": "Materialize", "Parent Relationship": "Inner", "Parallel Aware": false, "Async Capable": false, "Startup Cost": 10000000000.45, "Total Cost": 10000198139.65, "Plan Rows": 303, "Plan Width": 4, "Plans": [{"Node Type": "Nested Loop", "Parent Relationship": "Outer", "Parallel Aware": false, "Async Capable": false, "Join Type": "Inner", "Startup Cost": 10000000000.45, "Total Cost": 10000198138.13, "Plan Rows": 303, "Plan Width": 4, "Inner Unique": true, "Plans": [{"Node Type": "Seq Scan", "Parent Relationship": "Outer", "Parallel Aware": false, "Async Capable": false, "Relation Name": "movie_keyword", "Alias": "mk", "Startup Cost": 10000000000.0, "Total Cost": 10000069719.3, "Plan Rows": 4523930, "Plan Width": 8}, {"Node Type": "Memoize", "Parent Relationship": "Inner", "Parallel Aware": false, "Async Capable": false, "Startup Cost": 0.45, "Total Cost": 0.48, "Plan Rows": 1, "Plan Width": 4, "Cache Key": "mk.keyword_id", "Cache Mode": "logical", "Plans": [{"Node Type": "Index Scan", "Parent Relationship": "Outer", "Parallel Aware": false, "Async Capable": false, "Scan Direction": "Forward", "Index Name": "keyword_pkey", "Relation Name": "keyword", "Alias": "k", "Startup Cost": 0.44, "Total Cost": 0.47, "Plan Rows": 1, "Plan Width": 4, "Index Cond": "(id = mk.keyword_id)", "Filter": "((keyword)::text = ANY ('{\"10,000-mile-club\",alienation,based-on-comic,based-on-novel,blood,character-name-in-title,claw,computer-animated-movie,computer-animation}'::text[]))"}]}]}]}]}]}]}, {"Node Type": "Index Only Scan", "Parent Relationship": "Inner", "Parallel Aware": false, "Async Capable": false, "Scan Direction": "Forward", "Index Name": "name_pkey", "Relation Name": "name", "Alias": "n", "Startup Cost": 0.43, "Total Cost": 0.45, "Plan Rows": 1, "Plan Width": 4, "Index Cond": "(id = ci.person_id)"}]}, {"Node Type": "Index Scan", "Parent Relationship": "Inner", "Parallel Aware": false, "Async Capable": false, "Scan Direction": "Forward", "Index Name": "title_pkey", "Relation Name": "title", "Alias": "t", "Startup Cost": 0.43, "Total Cost": 0.45, "Plan Rows": 1, "Plan Width": 25, "Index Cond": "(id = ci.movie_id)", "Filter": "(production_year <= 2007)"}]}, {"Node Type": "Index Scan", "Parent Relationship": "Inner", "Parallel Aware": false, "Async Capable": false, "Scan Direction": "Forward", "Index Name": "kind_type_pkey", "Relation Name": "kind_type", "Alias": "kt", "Startup Cost": 0.13, "Total Cost": 0.15, "Plan Rows": 1, "Plan Width": 4, "Index Cond": "(id = t.kind_id)", "Filter": "((kind)::text = 'tv movie'::text)"}]}]}}, {"Plan": {"Node Type": "Aggregate", "Strategy": "Plain", "Partial Mode": "Simple", "Parallel Aware": false, "Async Capable": false, "Startup Cost": 637993.12, "Total Cost": 637993.13, "Plan Rows": 1, "Plan Width": 32, "Plans": [{"Node Type": "Nested Loop", "Parent Relationship": "Outer", "Parallel Aware": false, "Async Capable": false, "Join Type": "Inner", "Startup Cost": 2001.9, "Total Cost": 637993.12, "Plan Rows": 1, "Plan Width": 17, "Inner Unique": true, "Plans": [{"Node Type": "Nested Loop", "Parent Relationship": "Outer", "Parallel Aware": false, "Async Capable": false, "Join Type": "Inner", "Startup Cost": 2001.47, "Total Cost": 637992.67, "Plan Rows": 1, "Plan Width": 21, "Inner Unique": false, "Join Filter": "(t.id = ci.movie_id)", "Plans": [{"Node Type": "Gather", "Parent Relationship": "Outer", "Parallel Aware": false, "Async Capable": false, "Startup Cost": 1000.44, "Total Cost": 529720.79, "Plan Rows": 282279, "Plan Width": 8, "Workers Planned": 6, "Single Copy": false, "Plans": [{"Node Type": "Nested Loop", "Parent Relationship": "Outer", "Parallel Aware": false, "Async Capable": false, "Join Type": "Inner", "Startup Cost": 0.44, "Total Cost": 500492.89, "Plan Rows": 47046, "Plan Width": 8, "Inner Unique": true, "Plans": [{"Node Type": "Seq Scan", "Parent Relationship": "Outer", "Parallel Aware": true, "Async Capable": false, "Relation Name": "cast_info", "Alias": "ci", "Startup Cost": 0.0, "Total Cost": 313110.03, "Plan Rows": 6039003, "Plan Width": 12}, {"Node Type": "Memoize", "Parent Relationship": "Inner", "Parallel Aware": false, "Async Capable": false, "Startup Cost": 0.44, "Total Cost": 0.47, "Plan Rows": 1, "Plan Width": 4, "Cache Key": "ci.person_role_id", "Cache Mode": "logical", "Plans": [{"Node Type": "Index Scan", "Parent Relationship": "Outer", "Parallel Aware": false, "Async Capable": false, "Scan Direction": "Forward", "Index Name": "char_name_pkey", "Relation Name": "char_name", "Alias": "chn", "Startup Cost": 0.43, "Total Cost": 0.46, "Plan Rows": 1, "Plan Width": 4, "Index Cond": "(id = ci.person_role_id)", "Filter": "(((name)::text !~~ '%Tony%Stark%'::text) AND (((name)::text ~~ '%Iron%Man%'::text) OR ((name)::text ~~ '%Man%'::text)))"}]}]}]}, {"Node Type": "Materialize", "Parent Relationship": "Inner", "Parallel Aware": false, "Async Capable": false, "Startup Cost": 1001.02, "Total Cost": 99803.52, "Plan Rows": 2, "Plan Width": 29, "Plans": [{"Node Type": "Nested Loop", "Parent Relationship": "Outer", "Parallel Aware": false, "Async Capable": false, "Join Type": "Inner", "Startup Cost": 1001.02, "Total Cost": 99803.51, "Plan Rows": 2, "Plan Width": 29, "Inner Unique": false, "Join Filter": "(t.id = cc.movie_id)", "Plans": [{"Node Type": "Nested Loop", "Parent Relationship": "Outer", "Parallel Aware": false, "Async Capable": false, "Join Type": "Inner", "Startup Cost": 0.0, "Total Cost": 4199.69, "Plan Rows": 8443, "Plan Width": 4, "Inner Unique": false, "Join Filter": "(cct2.id = cc.status_id)", "Plans": [{"Node Type": "Seq Scan", "Parent Relationship": "Outer", "Parallel Aware": false, "Async Capable": false, "Relation Name": "comp_cast_type", "Alias": "cct2", "Startup Cost": 0.0, "Total Cost": 1.05, "Plan Rows": 1, "Plan Width": 4, "Filter": "((kind)::text ~~ '%complete%'::text)"}, {"Node Type": "Nested Loop", "Parent Relationship": "Inner", "Parallel Aware": false, "Async Capable": false, "Join Type": "Inner", "Startup Cost": 0.0, "Total Cost": 3776.49, "Plan Rows": 33772, "Plan Width": 8, "Inner Unique": false, "Join Filter": "(cct1.id = cc.subject_id)", "Plans": [{"Node Type": "Seq Scan", "Parent Relationship": "Outer", "Parallel Aware": false, "Async Capable": false, "Relation Name": "comp_cast_type", "Alias": "cct1", "Startup Cost": 0.0, "Total Cost": 1.05, "Plan Rows": 1, "Plan Width": 4, "Filter": "((kind)::text = 'cast'::text)"}, {"Node Type": "Seq Scan", "Parent Relationship": "Inner", "Parallel Aware": false, "Async Capable": false, "Relation Name": "complete_cast", "Alias": "cc", "Startup Cost": 0.0, "Total Cost": 2086.86, "Plan Rows": 135086, "Plan Width": 12}]}]}, {"Node Type": "Materialize", "Parent Relationship": "Inner", "Parallel Aware": false, "Async Capable": false, "Startup Cost": 1001.02, "Total Cost": 91931.19, "Plan Rows": 29, "Plan Width": 25, "Plans": [{"Node Type": "Gather", "Parent Relationship": "Outer", "Parallel Aware": false, "Async Capable": false, "Startup Cost": 1001.02, "Total Cost": 91931.05, "Plan Rows": 29, "Plan Width": 25, "Workers Planned": 3, "Single Copy": false, "Plans": [{"Node Type": "Nested Loop", "Parent Relationship": "Outer", "Parallel Aware": false, "Async Capable": false, "Join Type": "Inner", "Startup Cost": 1.03, "Total Cost": 90928.15, "Plan Rows": 9, "Plan Width": 25, "Inner Unique": true, "Plans": [{"Node Type": "Nested Loop", "Parent Relationship": "Outer", "Parallel Aware": false, "Async Capable": false, "Join Type": "Inner", "Startup Cost": 0.88, "Total Cost": 90925.47, "Plan Rows": 65, "Plan Width": 29, "Inner Unique": true, "Plans": [{"Node Type": "Nested Loop", "Parent Relationship": "Outer", "Parallel Aware": false, "Async Capable": false, "Join Type": "Inner", "Startup Cost": 0.45, "Total Cost": 90877.47, "Plan Rows": 98, "Plan Width": 4, "Inner Unique": true, "Plans": [{"Node Type": "Seq Scan", "Parent Relationship": "Outer", "Parallel Aware": true, "Async Capable": false, "Relation Name": "movie_keyword", "Alias": "mk", "Startup Cost": 0.0, "Total Cost": 39073.32, "Plan Rows": 1459332, "Plan Width": 8}, {"Node Type": "Memoize", "Parent Relationship": "Inner", "Parallel Aware": false, "Async Capable": false, "Startup Cost": 0.45, "Total Cost": 0.48, "Plan Rows": 1, "Plan Width": 4, "Cache Key": "mk.keyword_id", "Cache Mode": "logical", "Plans": [{"Node Type": "Index Scan", "Parent Relationship": "Outer", "Parallel Aware": false, "Async Capable": false, "Scan Direction": "Forward", "Index Name": "keyword_pkey", "Relation Name": "keyword", "Alias": "k", "Startup Cost": 0.44, "Total Cost": 0.47, "Plan Rows": 1, "Plan Width": 4, "Index Cond": "(id = mk.keyword_id)", "Filter": "((keyword)::text = ANY ('{\"10,000-mile-club\",alienation,based-on-comic,based-on-novel,blood,character-name-in-title,claw,computer-animated-movie,computer-animation}'::text[]))"}]}]}, {"Node Type": "Index Scan", "Parent Relationship": "Inner", "Parallel Aware": false, "Async Capable": false, "Scan Direction": "Forward", "Index Name": "title_pkey", "Relation Name": "title", "Alias": "t", "Startup Cost": 0.43, "Total Cost": 0.49, "Plan Rows": 1, "Plan Width": 25, "Index Cond": "(id = mk.movie_id)", "Filter": "(production_year <= 2007)"}]}, {"Node Type": "Memoize", "Parent Relationship": "Inner", "Parallel Aware": false, "Async Capable": false, "Startup Cost": 0.14, "Total Cost": 0.16, "Plan Rows": 1, "Plan Width": 4, "Cache Key": "t.kind_id", "Cache Mode": "logical", "Plans": [{"Node Type": "Index Scan", "Parent Relationship": "Outer", "Parallel Aware": false, "Async Capable": false, "Scan Direction": "Forward", "Index Name": "kind_type_pkey", "Relation Name": "kind_type", "Alias": "kt", "Startup Cost": 0.13, "Total Cost": 0.15, "Plan Rows": 1, "Plan Width": 4, "Index Cond": "(id = t.kind_id)", "Filter": "((kind)::text = 'tv movie'::text)"}]}]}]}]}]}]}]}, {"Node Type": "Index Only Scan", "Parent Relationship": "Inner", "Parallel Aware": false, "Async Capable": false, "Scan Direction": "Forward", "Index Name": "name_pkey", "Relation Name": "name", "Alias": "n", "Startup Cost": 0.43, "Total Cost": 0.45, "Plan Rows": 1, "Plan Width": 4, "Index Cond": "(id = ci.person_id)"}]}]}}, {"Plan": {"Node Type": "Aggregate", "Strategy": "Plain", "Partial Mode": "Simple", "Parallel Aware": false, "Async Capable": false, "Startup Cost": 100002237163.81, "Total Cost": 100002237163.82, "Plan Rows": 1, "Plan Width": 32, "Plans": [{"Node Type": "Nested Loop", "Parent Relationship": "Outer", "Parallel Aware": false, "Async Capable": false, "Join Type": "Inner", "Startup Cost": 100002235693.16, "Total Cost": 100002237163.81, "Plan Rows": 1, "Plan Width": 17, "Inner Unique": true, "Plans": [{"Node Type": "Nested Loop", "Parent Relationship": "Outer", "Parallel Aware": false, "Async Capable": false, "Join Type": "Inner", "Startup Cost": 90002235693.02, "Total Cost": 90002237155.64, "Plan Rows": 1, "Plan Width": 21, "Inner Unique": true, "Join Filter": "(t.id = mk.movie_id)", "Plans": [{"Node Type": "Nested Loop", "Parent Relationship": "Outer", "Parallel Aware": false, "Async Capable": false, "Join Type": "Inner", "Startup Cost": 80002235692.58, "Total Cost": 80002237151.17, "Plan Rows": 1, "Plan Width": 12, "Inner Unique": true, "Plans": [{"Node Type": "Merge Join", "Parent Relationship": "Outer", "Parallel Aware": false, "Async Capable": false, "Join Type": "Inner", "Startup Cost": 70002235692.14, "Total Cost": 70002237146.72, "Plan Rows": 1, "Plan Width": 16, "Inner Unique": false, "Merge Cond": "(ci.movie_id = mk.movie_id)", "Plans": [{"Node Type": "Sort", "Parent Relationship": "Outer", "Parallel Aware": false, "Async Capable": false, "Startup Cost": 20001899181.39, "Total Cost": 20001899887.09, "Plan Rows": 282279, "Plan Width": 8, "Sort Key": ["ci.movie_id"], "Plans": [{"Node Type": "Nested Loop", "Parent Relationship": "Outer", "Parallel Aware": false, "Async Capable": false, "Join Type": "Inner", "Startup Cost": 20000000000.45, "Total Cost": 20001873625.6, "Plan Rows": 282279, "Plan Width": 8, "Inner Unique": true, "Plans": [{"Node Type": "Seq Scan", "Parent Relationship": "Outer", "Parallel Aware": false, "Async Capable": false, "Relation Name": "cast_info", "Alias": "ci", "Startup Cost": 10000000000.0, "Total Cost": 10000615060.2, "Plan Rows": 36234020, "Plan Width": 12}, {"Node Type": "Memoize", "Parent Relationship": "Inner", "Parallel Aware": false, "Async Capable": false, "Startup Cost": 0.45, "Total Cost": 4.47, "Plan Rows": 1, "Plan Width": 4, "Cache Key": "ci.person_role_id", "Cache Mode": "logical", "Plans": [{"Node Type": "Bitmap Heap Scan", "Parent Relationship": "Outer", "Parallel Aware": false, "Async Capable": false, "Relation Name": "char_name", "Alias": "chn", "Startup Cost": 0.44, "Total Cost": 4.46, "Plan Rows": 1, "Plan Width": 4, "Recheck Cond": "(id = ci.person_role_id)", "Filter": "(((name)::text !~~ '%Tony%Stark%'::text) AND (((name)::text ~~ '%Iron%Man%'::text) OR ((name)::text ~~ '%Man%'::text)))", "Plans": [{"Node Type": "Bitmap Index Scan", "Parent Relationship": "Outer", "Parallel Aware": false, "Async Capable": false, "Index Name": "char_name_pkey", "Startup Cost": 0.0, "Total Cost": 0.44, "Plan Rows": 1, "Plan Width": 0, "Index Cond": "(id = ci.person_role_id)"}]}]}]}]}, {"Node Type": "Materialize", "Parent Relationship": "Inner", "Parallel Aware": false, "Async Capable": false, "Startup Cost": 50000336510.72, "Total Cost": 50000336553.87, "Plan Rows": 17, "Plan Width": 8, "Plans": [{"Node Type": "Merge Join", "Parent Relationship": "Outer", "Parallel Aware": false, "Async Capable": false, "Join Type": "Inner", "Startup Cost": 50000336510.72, "Total Cost": 50000336553.83, "Plan Rows": 17, "Plan Width": 8, "Inner Unique": false, "Merge Cond": "(mk.movie_id = cc.movie_id)", "Plans": [{"Node Type": "Sort", "Parent Relationship": "Outer", "Parallel Aware": false, "Async Capable": false, "Startup Cost": 20000329626.87, "Total Cost": 20000329627.63, "Plan Rows": 303, "Plan Width": 4, "Sort Key": ["mk.movie_id"], "Plans": [{"Node Type": "Nested Loop", "Parent Relationship": "Outer", "Parallel Aware": false, "Async Capable": false, "Join Type": "Inner", "Startup Cost": 20000000000.46, "Total Cost": 20000329614.38, "Plan Rows": 303, "Plan Width": 4, "Inner Unique": true, "Plans": [{"Node Type": "Seq Scan", "Parent Relationship": "Outer", "Parallel Aware": false, "Async Capable": false, "Relation Name": "movie_keyword", "Alias": "mk", "Startup Cost": 10000000000.0, "Total Cost": 10000069719.3, "Plan Rows": 4523930, "Plan Width": 8}, {"Node Type": "Memoize", "Parent Relationship": "Inner", "Parallel Aware": false, "Async Capable": false, "Startup Cost": 0.46, "Total Cost": 4.48, "Plan Rows": 1, "Plan Width": 4, "Cache Key": "mk.keyword_id", "Cache Mode": "logical", "Plans": [{"Node Type": "Bitmap Heap Scan", "Parent Relationship": "Outer", "Parallel Aware": false, "Async Capable": false, "Relation Name": "keyword", "Alias": "k", "Startup Cost": 0.45, "Total Cost": 4.47, "Plan Rows": 1, "Plan Width": 4, "Recheck Cond": "(id = mk.keyword_id)", "Filter": "((keyword)::text = ANY ('{\"10,000-mile-club\",alienation,based-on-comic,based-on-novel,blood,character-name-in-title,claw,computer-animated-movie,computer-animation}'::text[]))", "Plans": [{"Node Type": "Bitmap Index Scan", "Parent Relationship": "Outer", "Parallel Aware": false, "Async Capable": false, "Index Name": "keyword_pkey", "Startup Cost": 0.0, "Total Cost": 0.43, "Plan Rows": 1, "Plan Width": 0, "Index Cond": "(id = mk.keyword_id)"}]}]}]}]}, {"Node Type": "Sort", "Parent Relationship": "Inner", "Parallel Aware": false, "Async Capable": false, "Startup Cost": 30000006883.85, "Total Cost": 30000006904.96, "Plan Rows": 8443, "Plan Width": 4, "Sort Key": ["cc.movie_id"], "Plans": [{"Node Type": "Nested Loop", "Parent Relationship": "Outer", "Parallel Aware": false, "Async Capable": false, "Join Type": "Inner", "Startup Cost": 30000000000.3, "Total Cost": 30000006333.22, "Plan Rows": 8443, "Plan Width": 4, "Inner Unique": true, "Plans": [{"Node Type": "Nested Loop", "Parent Relationship": "Outer", "Parallel Aware": false, "Async Capable": false, "Join Type": "Inner", "Startup Cost": 20000000000.15, "Total Cost": 20000005476.46, "Plan Rows": 33772, "Plan Width": 8, "Inner Unique": true, "Plans": [{"Node Type": "Seq Scan", "Parent Relationship": "Outer", "Parallel Aware": false, "Async Capable": false, "Relation Name": "complete_cast", "Alias": "cc", "Startup Cost": 10000000000.0, "Total Cost": 10000002086.86, "Plan Rows": 135086, "Plan Width": 12}, {"Node Type": "Memoize", "Parent Relationship": "Inner", "Parallel Aware": false, "Async Capable": false, "Startup Cost": 0.15, "Total Cost": 4.16, "Plan Rows": 1, "Plan Width": 4, "Cache Key": "cc.subject_id", "Cache Mode": "logical", "Plans": [{"Node Type": "Bitmap Heap Scan", "Parent Relationship": "Outer", "Parallel Aware": false, "Async Capable": false, "Relation Name": "comp_cast_type", "Alias": "cct1", "Startup Cost": 0.14, "Total Cost": 4.15, "Plan Rows": 1, "Plan Width": 4, "Recheck Cond": "(id = cc.subject_id)", "Filter": "((kind)::text = 'cast'::text)", "Plans": [{"Node Type": "Bitmap Index Scan", "Parent Relationship": "Outer", "Parallel Aware": false, "Async Capable": false, "Index Name": "comp_cast_type_pkey", "Startup Cost": 0.0, "Total Cost": 0.14, "Plan Rows": 1, "Plan Width": 0, "Index Cond": "(id = cc.subject_id)"}]}]}]}, {"Node Type": "Memoize", "Parent Relationship": "Inner", "Parallel Aware": false, "Async Capable": false, "Startup Cost": 0.15, "Total Cost": 4.16, "Plan Rows": 1, "Plan Width": 4, "Cache Key": "cc.status_id", "Cache Mode": "logical", "Plans": [{"Node Type": "Bitmap Heap Scan", "Parent Relationship": "Outer", "Parallel Aware": false, "Async Capable": false, "Relation Name": "comp_cast_type", "Alias": "cct2", "Startup Cost": 0.14, "Total Cost": 4.15, "Plan Rows": 1, "Plan Width": 4, "Recheck Cond": "(id = cc.status_id)", "Filter": "((kind)::text ~~ '%complete%'::text)", "Plans": [{"Node Type": "Bitmap Index Scan", "Parent Relationship": "Outer", "Parallel Aware": false, "Async Capable": false, "Index Name": "comp_cast_type_pkey", "Startup Cost": 0.0, "Total Cost": 0.14, "Plan Rows": 1, "Plan Width": 0, "Index Cond": "(id = cc.status_id)"}]}]}]}]}]}]}]}, {"Node Type": "Bitmap Heap Scan", "Parent Relationship": "Inner", "Parallel Aware": false, "Async Capable": false, "Relation Name": "name", "Alias": "n", "Startup Cost": 0.44, "Total Cost": 4.45, "Plan Rows": 1, "Plan Width": 4, "Recheck Cond": "(id = ci.person_id)", "Plans": [{"Node Type": "Bitmap Index Scan", "Parent Relationship": "Outer", "Parallel Aware": false, "Async Capable": false, "Index Name": "name_pkey", "Startup Cost": 0.0, "Total Cost": 0.44, "Plan Rows": 1, "Plan Width": 0, "Index Cond": "(id = ci.person_id)"}]}]}, {"Node Type": "Bitmap Heap Scan", "Parent Relationship": "Inner", "Parallel Aware": false, "Async Capable": false, "Relation Name": "title", "Alias": "t", "Startup Cost": 0.44, "Total Cost": 4.45, "Plan Rows": 1, "Plan Width": 25, "Recheck Cond": "(id = ci.movie_id)", "Filter": "(production_year <= 2007)", "Plans": [{"Node Type": "Bitmap Index Scan", "Parent Relationship": "Outer", "Parallel Aware": false, "Async Capable": false, "Index Name": "title_pkey", "Startup Cost": 0.0, "Total Cost": 0.44, "Plan Rows": 1, "Plan Width": 0, "Index Cond": "(id = ci.movie_id)"}]}]}, {"Node Type": "Bitmap Heap Scan", "Parent Relationship": "Inner", "Parallel Aware": false, "Async Capable": false, "Relation Name": "kind_type", "Alias": "kt", "Startup Cost": 0.14, "Total Cost": 4.16, "Plan Rows": 1, "Plan Width": 4, "Recheck Cond": "(id = t.kind_id)", "Filter": "((kind)::text = 'tv movie'::text)", "Plans": [{"Node Type": "Bitmap Index Scan", "Parent Relationship": "Outer", "Parallel Aware": false, "Async Capable": false, "Index Name": "kind_type_pkey", "Startup Cost": 0.0, "Total Cost": 0.14, "Plan Rows": 1, "Plan Width": 0, "Index Cond": "(id = t.kind_id)"}]}]}]}}, {"Plan": {"Node Type": "Aggregate", "Strategy": "Plain", "Partial Mode": "Simple", "Parallel Aware": false, "Async Capable": false, "Startup Cost": 30002038777.68, "Total Cost": 30002038777.69, "Plan Rows": 1, "Plan Width": 32, "Plans": [{"Node Type": "Nested Loop", "Parent Relationship": "Outer", "Parallel Aware": false, "Async Capable": false, "Join Type": "Inner", "Startup Cost": 30000336512.19, "Total Cost": 30002038777.68, "Plan Rows": 1, "Plan Width": 17, "Inner Unique": true, "Plans": [{"Node Type": "Nested Loop", "Parent Relationship": "Outer", "Parallel Aware": false, "Async Capable": false, "Join Type": "Inner", "Startup Cost": 30000336511.75, "Total Cost": 30002038773.23, "Plan Rows": 1, "Plan Width": 21, "Inner Unique": true, "Plans": [{"Node Type": "Nested Loop", "Parent Relationship": "Outer", "Parallel Aware": false, "Async Capable": false, "Join Type": "Inner", "Startup Cost": 30000336511.32, "Total Cost": 30002038737.56, "Plan Rows": 8, "Plan Width": 25, "Inner Unique": false, "Join Filter": "(t.id = ci.movie_id)", "Plans": [{"Node Type": "Seq Scan", "Parent Relationship": "Outer", "Parallel Aware": false, "Async Capable": false, "Relation Name": "cast_info", "Alias": "ci", "Startup Cost": 10000000000.0, "Total Cost": 10000615060.2, "Plan Rows": 36234020, "Plan Width": 12}, {"Node Type": "Materialize", "Parent Relationship": "Inner", "Parallel Aware": false, "Async Capable": false, "Startup Cost": 20000336511.32, "Total Cost": 20000336656.76, "Plan Rows": 2, "Plan Width": 29, "Plans": [{"Node Type": "Nested Loop", "Parent Relationship": "Outer", "Parallel Aware": false, "Async Capable": false, "Join Type": "Inner", "Startup Cost": 20000336511.32, "Total Cost": 20000336656.75, "Plan Rows": 2, "Plan Width": 29, "Inner Unique": true, "Plans": [{"Node Type": "Nested Loop", "Parent Relationship": "Outer", "Parallel Aware": false, "Async Capable": false, "Join Type": "Inner", "Startup Cost": 20000336511.16, "Total Cost": 20000336629.66, "Plan Rows": 11, "Plan Width": 33, "Inner Unique": true, "Plans": [{"Node Type": "Merge Join", "Parent Relationship": "Outer", "Parallel Aware": false, "Async Capable": false, "Join Type": "Inner", "Startup Cost": 20000336510.72, "Total Cost": 20000336553.83, "Plan Rows": 17, "Plan Width": 8, "Inner Unique": false, "Merge Cond": "(mk.movie_id = cc.movie_id)", "Plans": [{"Node Type": "Sort", "Parent Relationship": "Outer", "Parallel Aware": false, "Async Capable": false, "Startup Cost": 10000329626.87, "Total Cost": 10000329627.63, "Plan Rows": 303, "Plan Width": 4, "Sort Key": ["mk.movie_id"], "Plans": [{"Node Type": "Nested Loop", "Parent Relationship": "Outer", "Parallel Aware": false, "Async Capable": false, "Join Type": "Inner", "Startup Cost": 10000000000.46, "Total Cost": 10000329614.38, "Plan Rows": 303, "Plan Width": 4, "Inner Unique": true, "Plans": [{"Node Type": "Seq Scan", "Parent Relationship": "Outer", "Parallel Aware": false, "Async Capable": false, "Relation Name": "movie_keyword", "Alias": "mk", "Startup Cost": 10000000000.0, "Total Cost": 10000069719.3, "Plan Rows": 4523930, "Plan Width": 8}, {"Node Type": "Memoize", "Parent Relationship": "Inner", "Parallel Aware": false, "Async Capable": false, "Startup Cost": 0.46, "Total Cost": 4.48, "Plan Rows": 1, "Plan Width": 4, "Cache Key": "mk.keyword_id", "Cache Mode": "logical", "Plans": [{"Node Type": "Bitmap Heap Scan", "Parent Relationship": "Outer", "Parallel Aware": false, "Async Capable": false, "Relation Name": "keyword", "Alias": "k", "Startup Cost": 0.45, "Total Cost": 4.47, "Plan Rows": 1, "Plan Width": 4, "Recheck Cond": "(id = mk.keyword_id)", "Filter": "((keyword)::text = ANY ('{\"10,000-mile-club\",alienation,based-on-comic,based-on-novel,blood,character-name-in-title,claw,computer-animated-movie,computer-animation}'::text[]))", "Plans": [{"Node Type": "Bitmap Index Scan", "Parent Relationship": "Outer", "Parallel Aware": false, "Async Capable": false, "Index Name": "keyword_pkey", "Startup Cost": 0.0, "Total Cost": 0.43, "Plan Rows": 1, "Plan Width": 0, "Index Cond": "(id = mk.keyword_id)"}]}]}]}]}, {"Node Type": "Sort", "Parent Relationship": "Inner", "Parallel Aware": false, "Async Capable": false, "Startup Cost": 10000006883.85, "Total Cost": 10000006904.96, "Plan Rows": 8443, "Plan Width": 4, "Sort Key": ["cc.movie_id"], "Plans": [{"Node Type": "Nested Loop", "Parent Relationship": "Outer", "Parallel Aware": false, "Async Capable": false, "Join Type": "Inner", "Startup Cost": 10000000000.3, "Total Cost": 10000006333.22, "Plan Rows": 8443, "Plan Width": 4, "Inner Unique": true, "Plans": [{"Node Type": "Nested Loop", "Parent Relationship": "Outer", "Parallel Aware": false, "Async Capable": false, "Join Type": "Inner", "Startup Cost": 10000000000.15, "Total Cost": 10000005476.46, "Plan Rows": 33772, "Plan Width": 8, "Inner Unique": true, "Plans": [{"Node Type": "Seq Scan", "Parent Relationship": "Outer", "Parallel Aware": false, "Async Capable": false, "Relation Name": "complete_cast", "Alias": "cc", "Startup Cost": 10000000000.0, "Total Cost": 10000002086.86, "Plan Rows": 135086, "Plan Width": 12}, {"Node Type": "Memoize", "Parent Relationship": "Inner", "Parallel Aware": false, "Async Capable": false, "Startup Cost": 0.15, "Total Cost": 4.16, "Plan Rows": 1, "Plan Width": 4, "Cache Key": "cc.subject_id", "Cache Mode": "logical", "Plans": [{"Node Type": "Bitmap Heap Scan", "Parent Relationship": "Outer", "Parallel Aware": false, "Async Capable": false, "Relation Name": "comp_cast_type", "Alias": "cct1", "Startup Cost": 0.14, "Total Cost": 4.15, "Plan Rows": 1, "Plan Width": 4, "Recheck Cond": "(id = cc.subject_id)", "Filter": "((kind)::text = 'cast'::text)", "Plans": [{"Node Type": "Bitmap Index Scan", "Parent Relationship": "Outer", "Parallel Aware": false, "Async Capable": false, "Index Name": "comp_cast_type_pkey", "Startup Cost": 0.0, "Total Cost": 0.14, "Plan Rows": 1, "Plan Width": 0, "Index Cond": "(id = cc.subject_id)"}]}]}]}, {"Node Type": "Memoize", "Parent Relationship": "Inner", "Parallel Aware": false, "Async Capable": false, "Startup Cost": 0.15, "Total Cost": 4.16, "Plan Rows": 1, "Plan Width": 4, "Cache Key": "cc.status_id", "Cache Mode": "logical", "Plans": [{"Node Type": "Bitmap Heap Scan", "Parent Relationship": "Outer", "Parallel Aware": false, "Async Capable": false, "Relation Name": "comp_cast_type", "Alias": "cct2", "Startup Cost": 0.14, "Total Cost": 4.15, "Plan Rows": 1, "Plan Width": 4, "Recheck Cond": "(id = cc.status_id)", "Filter": "((kind)::text ~~ '%complete%'::text)", "Plans": [{"Node Type": "Bitmap Index Scan", "Parent Relationship": "Outer", "Parallel Aware": false, "Async Capable": false, "Index Name": "comp_cast_type_pkey", "Startup Cost": 0.0, "Total Cost": 0.14, "Plan Rows": 1, "Plan Width": 0, "Index Cond": "(id = cc.status_id)"}]}]}]}]}]}, {"Node Type": "Bitmap Heap Scan", "Parent Relationship": "Inner", "Parallel Aware": false, "Async Capable": false, "Relation Name": "title", "Alias": "t", "Startup Cost": 0.45, "Total Cost": 4.46, "Plan Rows": 1, "Plan Width": 25, "Recheck Cond": "(id = mk.movie_id)", "Filter": "(production_year <= 2007)", "Plans": [{"Node Type": "Bitmap Index Scan", "Parent Relationship": "Outer", "Parallel Aware": false, "Async Capable": false, "Index Name": "title_pkey", "Startup Cost": 0.0, "Total Cost": 0.45, "Plan Rows": 1, "Plan Width": 0, "Index Cond": "(id = mk.movie_id)"}]}]}, {"Node Type": "Memoize", "Parent Relationship": "Inner", "Parallel Aware": false, "Async Capable": false, "Startup Cost": 0.15, "Total Cost": 4.17, "Plan Rows": 1, "Plan Width": 4, "Cache Key": "t.kind_id", "Cache Mode": "logical", "Plans": [{"Node Type": "Bitmap Heap Scan", "Parent Relationship": "Outer", "Parallel Aware": false, "Async Capable": false, "Relation Name": "kind_type", "Alias": "kt", "Startup Cost": 0.14, "Total Cost": 4.16, "Plan Rows": 1, "Plan Width": 4, "Recheck Cond": "(id = t.kind_id)", "Filter": "((kind)::text = 'tv movie'::text)", "Plans": [{"Node Type": "Bitmap Index Scan", "Parent Relationship": "Outer", "Parallel Aware": false, "Async Capable": false, "Index Name": "kind_type_pkey", "Startup Cost": 0.0, "Total Cost": 0.14, "Plan Rows": 1, "Plan Width": 0, "Index Cond": "(id = t.kind_id)"}]}]}]}]}]}, {"Node Type": "Bitmap Heap Scan", "Parent Relationship": "Inner", "Parallel Aware": false, "Async Capable": false, "Relation Name": "char_name", "Alias": "chn", "Startup Cost": 0.44, "Total Cost": 4.46, "Plan Rows": 1, "Plan Width": 4, "Recheck Cond": "(id = ci.person_role_id)", "Filter": "(((name)::text !~~ '%Tony%Stark%'::text) AND (((name)::text ~~ '%Iron%Man%'::text) OR ((name)::text ~~ '%Man%'::text)))", "Plans": [{"Node Type": "Bitmap Index Scan", "Parent Relationship": "Outer", "Parallel Aware": false, "Async Capable": false, "Index Name": "char_name_pkey", "Startup Cost": 0.0, "Total Cost": 0.44, "Plan Rows": 1, "Plan Width": 0, "Index Cond": "(id = ci.person_role_id)"}]}]}, {"Node Type": "Bitmap Heap Scan", "Parent Relationship": "Inner", "Parallel Aware": false, "Async Capable": false, "Relation Name": "name", "Alias": "n", "Startup Cost": 0.44, "Total Cost": 4.45, "Plan Rows": 1, "Plan Width": 4, "Recheck Cond": "(id = ci.person_id)", "Plans": [{"Node Type": "Bitmap Index Scan", "Parent Relationship": "Outer", "Parallel Aware": false, "Async Capable": false, "Index Name": "name_pkey", "Startup Cost": 0.0, "Total Cost": 0.44, "Plan Rows": 1, "Plan Width": 0, "Index Cond": "(id = ci.person_id)"}]}]}]}}, {"Plan": {"Node Type": "Aggregate", "Strategy": "Plain", "Partial Mode": "Simple", "Parallel Aware": false, "Async Capable": false, "Startup Cost": 1026626.02, "Total Cost": 1026626.03, "Plan Rows": 1, "Plan Width": 32, "Plans": [{"Node Type": "Nested Loop", "Parent Relationship": "Outer", "Parallel Aware": false, "Async Capable": false, "Join Type": "Inner", "Startup Cost": 1026049.87, "Total Cost": 1026626.02, "Plan Rows": 1, "Plan Width": 17, "Inner Unique": true, "Join Filter": "(kt.id = t.kind_id)", "Plans": [{"Node Type": "Nested Loop", "Parent Relationship": "Outer", "Parallel Aware": false, "Async Capable": false, "Join Type": "Inner", "Startup Cost": 1026049.87, "Total Cost": 1026624.92, "Plan Rows": 1, "Plan Width": 21, "Inner Unique": true, "Plans": [{"Node Type": "Nested Loop", "Parent Relationship": "Outer", "Parallel Aware": false, "Async Capable": false, "Join Type": "Inner", "Startup Cost": 1026049.43, "Total Cost": 1026620.46, "Plan Rows": 1, "Plan Width": 12, "Inner Unique": true, "Plans": [{"Node Type": "Merge Join", "Parent Relationship": "Outer", "Parallel Aware": false, "Async Capable": false, "Join Type": "Inner", "Startup Cost": 1026048.99, "Total Cost": 1026616.0, "Plan Rows": 1, "Plan Width": 16, "Inner Unique": false, "Merge Cond": "(ci.movie_id = mk.movie_id)", "Plans": [{"Node Type": "Gather Merge", "Parent Relationship": "Outer", "Parallel Aware": false, "Async Capable": false, "Startup Cost": 826201.67, "Total Cost": 826761.42, "Plan Rows": 2298, "Plan Width": 12, "Workers Planned": 6, "Plans": [{"Node Type": "Merge Join", "Parent Relationship": "Outer", "Parallel Aware": false, "Async Capable": false, "Join Type": "Inner", "Startup Cost": 825201.57, "Total Cost": 825482.03, "Plan Rows": 383, "Plan Width": 12, "Inner Unique": false, "Merge Cond": "(ci.movie_id = cc.movie_id)", "Plans": [{"Node Type": "Sort", "Parent Relationship": "Outer", "Parallel Aware": false, "Async Capable": false, "Startup Cost": 820451.22, "Total Cost": 820568.84, "Plan Rows": 47046, "Plan Width": 8, "Sort Key": ["ci.movie_id"], "Plans": [{"Node Type": "Nested Loop", "Parent Relationship": "Outer", "Parallel Aware": false, "Async Capable": false, "Join Type": "Inner", "Startup Cost": 0.45, "Total Cost": 816800.03, "Plan Rows": 47046, "Plan Width": 8, "Inner Unique": true, "Plans": [{"Node Type": "Seq Scan", "Parent Relationship": "Outer", "Parallel Aware": true, "Async Capable": false, "Relation Name": "cast_info", "Alias": "ci", "Startup Cost": 0.0, "Total Cost": 313110.03, "Plan Rows": 6039003, "Plan Width": 12}, {"Node Type": "Memoize", "Parent Relationship": "Inner", "Parallel Aware": false, "Async Capable": false, "Startup Cost": 0.45, "Total Cost": 4.47, "Plan Rows": 1, "Plan Width": 4, "Cache Key": "ci.person_role_id", "Cache Mode": "logical", "Plans": [{"Node Type": "Bitmap Heap Scan", "Parent Relationship": "Outer", "Parallel Aware": false, "Async Capable": false, "Relation Name": "char_name", "Alias": "chn", "Startup Cost": 0.44, "Total Cost": 4.46, "Plan Rows": 1, "Plan Width": 4, "Recheck Cond": "(id = ci.person_role_id)", "Filter": "(((name)::text !~~ '%Tony%Stark%'::text) AND (((name)::text ~~ '%Iron%Man%'::text) OR ((name)::text ~~ '%Man%'::text)))", "Plans": [{"Node Type": "Bitmap Index Scan", "Parent Relationship": "Outer", "Parallel Aware": false, "Async Capable": false, "Index Name": "char_name_pkey", "Startup Cost": 0.0, "Total Cost": 0.44, "Plan Rows": 1, "Plan Width": 0, "Index Cond": "(id = ci.person_role_id)"}]}]}]}]}, {"Node Type": "Sort", "Parent Relationship": "Inner", "Parallel Aware": false, "Async Capable": false, "Startup Cost": 4750.32, "Total Cost": 4771.43, "Plan Rows": 8443, "Plan Width": 4, "Sort Key": ["cc.movie_id"], "Plans": [{"Node Type": "Nested Loop", "Parent Relationship": "Outer", "Parallel Aware": false, "Async Capable": false, "Join Type": "Inner", "Startup Cost": 0.0, "Total Cost": 4199.69, "Plan Rows": 8443, "Plan Width": 4, "Inner Unique": false, "Join Filter": "(cct2.id = cc.status_id)", "Plans": [{"Node Type": "Seq Scan", "Parent Relationship": "Outer", "Parallel Aware": false, "Async Capable": false, "Relation Name": "comp_cast_type", "Alias": "cct2", "Startup Cost": 0.0, "Total Cost": 1.05, "Plan Rows": 1, "Plan Width": 4, "Filter": "((kind)::text ~~ '%complete%'::text)"}, {"Node Type": "Nested Loop", "Parent Relationship": "Inner", "Parallel Aware": false, "Async Capable": false, "Join Type": "Inner", "Startup Cost": 0.0, "Total Cost": 3776.49, "Plan Rows": 33772, "Plan Width": 8, "Inner Unique": false, "Join Filter": "(cct1.id = cc.subject_id)", "Plans": [{"Node Type": "Seq Scan", "Parent Relationship": "Outer", "Parallel Aware": false, "Async Capable": false, "Relation Name": "comp_cast_type", "Alias": "cct1", "Startup Cost": 0.0, "Total Cost": 1.05, "Plan Rows": 1, "Plan Width": 4, "Filter": "((kind)::text = 'cast'::text)"}, {"Node Type": "Seq Scan", "Parent Relationship": "Inner", "Parallel Aware": false, "Async Capable": false, "Relation Name": "complete_cast", "Alias": "cc", "Startup Cost": 0.0, "Total Cost": 2086.86, "Plan Rows": 135086, "Plan Width": 12}]}]}]}]}]}, {"Node Type": "Sort", "Parent Relationship": "Inner", "Parallel Aware": false, "Async Capable": false, "Startup Cost": 199847.32, "Total Cost": 199848.08, "Plan Rows": 303, "Plan Width": 4, "Sort Key": ["mk.movie_id"], "Plans": [{"Node Type": "Gather", "Parent Relationship": "Outer", "Parallel Aware": false, "Async Capable": false, "Startup Cost": 192506.93, "Total Cost": 199834.83, "Plan Rows": 303, "Plan Width": 4, "Workers Planned": 3, "Single Copy": false, "Plans": [{"Node Type": "Merge Join", "Parent Relationship": "Outer", "Parallel Aware": false, "Async Capable": false, "Join Type": "Inner", "Startup Cost": 191506.93, "Total Cost": 198804.53, "Plan Rows": 98, "Plan Width": 4, "Inner Unique": true, "Merge Cond": "(mk.keyword_id = k.id)", "Plans": [{"Node Type": "Sort", "Parent Relationship": "Outer", "Parallel Aware": false, "Async Capable": false, "Startup Cost": 188486.13, "Total Cost": 192134.46, "Plan Rows": 1459332, "Plan Width": 8, "Sort Key": ["mk.keyword_id"], "Plans": [{"Node Type": "Seq Scan", "Parent Relationship": "Outer", "Parallel Aware": true, "Async Capable": false, "Relation Name": "movie_keyword", "Alias": "mk", "Startup Cost": 0.0, "Total Cost": 39073.32, "Plan Rows": 1459332, "Plan Width": 8}]}, {"Node Type": "Sort", "Parent Relationship": "Inner", "Parallel Aware": false, "Async Capable": false, "Startup Cost": 3020.72, "Total Cost": 3020.74, "Plan Rows": 9, "Plan Width": 4, "Sort Key": ["k.id"], "Plans": [{"Node Type": "Seq Scan", "Parent Relationship": "Outer", "Parallel Aware": false, "Async Capable": false, "Relation Name": "keyword", "Alias": "k", "Startup Cost": 0.02, "Total Cost": 3020.57, "Plan Rows": 9, "Plan Width": 4, "Filter": "((keyword)::text = ANY ('{\"10,000-mile-club\",alienation,based-on-comic,based-on-novel,blood,character-name-in-title,claw,computer-animated-movie,computer-animation}'::text[]))"}]}]}]}]}]}, {"Node Type": "Bitmap Heap Scan", "Parent Relationship": "Inner", "Parallel Aware": false, "Async Capable": false, "Relation Name": "name", "Alias": "n", "Startup Cost": 0.44, "Total Cost": 4.45, "Plan Rows": 1, "Plan Width": 4, "Recheck Cond": "(id = ci.person_id)", "Plans": [{"Node Type": "Bitmap Index Scan", "Parent Relationship": "Outer", "Parallel Aware": false, "Async Capable": false, "Index Name": "name_pkey", "Startup Cost": 0.0, "Total Cost": 0.44, "Plan Rows": 1, "Plan Width": 0, "Index Cond": "(id = ci.person_id)"}]}]}, {"Node Type": "Bitmap Heap Scan", "Parent Relationship": "Inner", "Parallel Aware": false, "Async Capable": false, "Relation Name": "title", "Alias": "t", "Startup Cost": 0.45, "Total Cost": 4.46, "Plan Rows": 1, "Plan Width": 25, "Recheck Cond": "(id = mk.movie_id)", "Filter": "(production_year <= 2007)", "Plans": [{"Node Type": "Bitmap Index Scan", "Parent Relationship": "Outer", "Parallel Aware": false, "Async Capable": false, "Index Name": "title_pkey", "Startup Cost": 0.0, "Total Cost": 0.45, "Plan Rows": 1, "Plan Width": 0, "Index Cond": "(id = mk.movie_id)"}]}]}, {"Node Type": "Seq Scan", "Parent Relationship": "Inner", "Parallel Aware": false, "Async Capable": false, "Relation Name": "kind_type", "Alias": "kt", "Startup Cost": 0.0, "Total Cost": 1.09, "Plan Rows": 1, "Plan Width": 4, "Filter": "((kind)::text = 'tv movie'::text)"}]}]}}, {"Plan": {"Node Type": "Aggregate", "Strategy": "Plain", "Partial Mode": "Simple", "Parallel Aware": false, "Async Capable": false, "Startup Cost": 2138723.41, "Total Cost": 2138723.42, "Plan Rows": 1, "Plan Width": 32, "Plans": [{"Node Type": "Merge Join", "Parent Relationship": "Outer", "Parallel Aware": false, "Async Capable": false, "Join Type": "Inner", "Startup Cost": 2118422.41, "Total Cost": 2138723.41, "Plan Rows": 1, "Plan Width": 17, "Inner Unique": true, "Merge Cond": "(ci.person_id = n.id)", "Plans": [{"Node Type": "Sort", "Parent Relationship": "Outer", "Parallel Aware": false, "Async Capable": false, "Startup Cost": 1562860.29, "Total Cost": 1562860.29, "Plan Rows": 1, "Plan Width": 21, "Sort Key": ["ci.person_id"], "Plans": [{"Node Type": "Merge Join", "Parent Relationship": "Outer", "Parallel Aware": false, "Async Capable": false, "Join Type": "Inner", "Startup Cost": 1561104.77, "Total Cost": 1562860.28, "Plan Rows": 1, "Plan Width": 21, "Inner Unique": false, "Merge Cond": "(mk.movie_id = t.id)", "Plans": [{"Node Type": "Merge Join", "Parent Relationship": "Outer", "Parallel Aware": false, "Async Capable": false, "Join Type": "Inner", "Startup Cost": 1429613.83, "Total Cost": 1430180.85, "Plan Rows": 1, "Plan Width": 16, "Inner Unique": false, "Merge Cond": "(ci.movie_id = mk.movie_id)", "Plans": [{"Node Type": "Gather Merge", "Parent Relationship": "Outer", "Parallel Aware": false, "Async Capable": false, "Startup Cost": 1229766.52, "Total Cost": 1230326.26, "Plan Rows": 2298, "Plan Width": 12, "Workers Planned": 6, "Plans": [{"Node Type": "Merge Join", "Parent Relationship": "Outer", "Parallel Aware": false, "Async Capable": false, "Join Type": "Inner", "Startup Cost": 1228766.42, "Total Cost": 1229046.87, "Plan Rows": 383, "Plan Width": 12, "Inner Unique": false, "Merge Cond": "(ci.movie_id = cc.movie_id)", "Plans": [{"Node Type": "Sort", "Parent Relationship": "Outer", "Parallel Aware": false, "Async Capable": false, "Startup Cost": 1210808.36, "Total Cost": 1210925.98, "Plan Rows": 47046, "Plan Width": 8, "Sort Key": ["ci.movie_id"], "Plans": [{"Node Type": "Merge Join", "Parent Relationship": "Outer", "Parallel Aware": false, "Async Capable": false, "Join Type": "Inner", "Startup Cost": 1192946.98, "Total Cost": 1207157.17, "Plan Rows": 47046, "Plan Width": 8, "Inner Unique": true, "Merge Cond": "(ci.person_role_id = chn.id)", "Plans": [{"Node Type": "Sort", "Parent Relationship": "Outer", "Parallel Aware": false, "Async Capable": false, "Startup Cost": 1096487.29, "Total Cost": 1111584.79, "Plan Rows": 6039003, "Plan Width": 12, "Sort Key": ["ci.person_role_id"], "Plans": [{"Node Type": "Seq Scan", "Parent Relationship": "Outer", "Parallel Aware": true, "Async Capable": false, "Relation Name": "cast_info", "Alias": "ci", "Startup Cost": 0.0, "Total Cost": 313110.03, "Plan Rows": 6039003, "Plan Width": 12}]}, {"Node Type": "Sort", "Parent Relationship": "Inner", "Parallel Aware": false, "Async Capable": false, "Startup Cost": 95361.79, "Total Cost": 95488.42, "Plan Rows": 50650, "Plan Width": 4, "Sort Key": ["chn.id"], "Plans": [{"Node Type": "Seq Scan", "Parent Relationship": "Outer", "Parallel Aware": false, "Async Capable": false, "Relation Name": "char_name", "Alias": "chn", "Startup Cost": 0.0, "Total Cost": 91403.93, "Plan Rows": 50650, "Plan Width": 4, "Filter": "(((name)::text !~~ '%Tony%Stark%'::text) AND (((name)::text ~~ '%Iron%Man%'::text) OR ((name)::text ~~ '%Man%'::text)))"}]}]}]}, {"Node Type": "Sort", "Parent Relationship": "Inner", "Parallel Aware": false, "Async Capable": false, "Startup Cost": 17958.02, "Total Cost": 17979.13, "Plan Rows": 8443, "Plan Width": 4, "Sort Key": ["cc.movie_id"], "Plans": [{"Node Type": "Merge Join", "Parent Relationship": "Outer", "Parallel Aware": false, "Async Capable": false, "Join Type": "Inner", "Startup Cost": 17154.09, "Total Cost": 17407.39, "Plan Rows": 8443, "Plan Width": 4, "Inner Unique": true, "Merge Cond": "(cc.status_id = cct2.id)", "Plans": [{"Node Type": "Sort", "Parent Relationship": "Outer", "Parallel Aware": false, "Async Capable": false, "Startup Cost": 17153.03, "Total Cost": 17237.46, "Plan Rows": 33772, "Plan Width": 8, "Sort Key": ["cc.status_id"], "Plans": [{"Node Type": "Merge Join", "Parent Relationship": "Outer", "Parallel Aware": false, "Async Capable": false, "Join Type": "Inner", "Startup Cost": 13599.62, "Total Cost": 14612.78, "Plan Rows": 33772, "Plan Width": 8, "Inner Unique": true, "Merge Cond": "(cc.subject_id = cct1.id)", "Plans": [{"Node Type": "Sort", "Parent Relationship": "Outer", "Parallel Aware": false, "Async Capable": false, "Startup Cost": 13598.56, "Total Cost": 13936.28, "Plan Rows": 135086, "Plan Width": 12, "Sort Key": ["cc.subject_id"], "Plans": [{"Node Type": "Seq Scan", "Parent Relationship": "Outer", "Parallel Aware": false, "Async Capable": false, "Relation Name": "complete_cast", "Alias": "cc", "Startup Cost": 0.0, "Total Cost": 2086.86, "Plan Rows": 135086, "Plan Width": 12}]}, {"Node Type": "Sort", "Parent Relationship": "Inner", "Parallel Aware": false, "Async Capable": false, "Startup Cost": 1.06, "Total Cost": 1.06, "Plan Rows": 1, "Plan Width": 4, "Sort Key": ["cct1.id"], "Plans": [{"Node Type": "Seq Scan", "Parent Relationship": "Outer", "Parallel Aware": false, "Async Capable": false, "Relation Name": "comp_cast_type", "Alias": "cct1", "Startup Cost": 0.0, "Total Cost": 1.05, "Plan Rows": 1, "Plan Width": 4, "Filter": "((kind)::text = 'cast'::text)"}]}]}]}, {"Node Type": "Sort", "Parent Relationship": "Inner", "Parallel Aware": false, "Async Capable": false, "Startup Cost": 1.06, "Total Cost": 1.06, "Plan Rows": 1, "Plan Width": 4, "Sort Key": ["cct2.id"], "Plans": [{"Node Type": "Seq Scan", "Parent Relationship": "Outer", "Parallel Aware": false, "Async Capable": false, "Relation Name": "comp_cast_type", "Alias": "cct2", "Startup Cost": 0.0, "Total Cost": 1.05, "Plan Rows": 1, "Plan Width": 4, "Filter": "((kind)::text ~~ '%complete%'::text)"}]}]}]}]}]}, {"Node Type": "Sort", "Parent Relationship": "Inner", "Parallel Aware": false, "Async Capable": false, "Startup Cost": 199847.32, "Total Cost": 199848.08, "Plan Rows": 303, "Plan Width": 4, "Sort Key": ["mk.movie_id"], "Plans": [{"Node Type": "Gather", "Parent Relationship": "Outer", "Parallel Aware": false, "Async Capable": false, "Startup Cost": 192506.93, "Total Cost": 199834.83, "Plan Rows": 303, "Plan Width": 4, "Workers Planned": 3, "Single Copy": false, "Plans": [{"Node Type": "Merge Join", "Parent Relationship": "Outer", "Parallel Aware": false, "Async Capable": false, "Join Type": "Inner", "Startup Cost": 191506.93, "Total Cost": 198804.53, "Plan Rows": 98, "Plan Width": 4, "Inner Unique": true, "Merge Cond": "(mk.keyword_id = k.id)", "Plans": [{"Node Type": "Sort", "Parent Relationship": "Outer", "Parallel Aware": false, "Async Capable": false, "Startup Cost": 188486.13, "Total Cost": 192134.46, "Plan Rows": 1459332, "Plan Width": 8, "Sort Key": ["mk.keyword_id"], "Plans": [{"Node Type": "Seq Scan", "Parent Relationship": "Outer", "Parallel Aware": true, "Async Capable": false, "Relation Name": "movie_keyword", "Alias": "mk", "Startup Cost": 0.0, "Total Cost": 39073.32, "Plan Rows": 1459332, "Plan Width": 8}]}, {"Node Type": "Sort", "Parent Relationship": "Inner", "Parallel Aware": false, "Async Capable": false, "Startup Cost": 3020.72, "Total Cost": 3020.74, "Plan Rows": 9, "Plan Width": 4, "Sort Key": ["k.id"], "Plans": [{"Node Type": "Seq Scan", "Parent Relationship": "Outer", "Parallel Aware": false, "Async Capable": false, "Relation Name": "keyword", "Alias": "k", "Startup Cost": 0.02, "Total Cost": 3020.57, "Plan Rows": 9, "Plan Width": 4, "Filter": "((keyword)::text = ANY ('{\"10,000-mile-club\",alienation,based-on-comic,based-on-novel,blood,character-name-in-title,claw,computer-animated-movie,computer-animation}'::text[]))"}]}]}]}]}]}, {"Node Type": "Sort", "Parent Relationship": "Inner", "Parallel Aware": false, "Async Capable": false, "Startup Cost": 131490.91, "Total Cost": 132085.74, "Plan Rows": 237930, "Plan Width": 21, "Sort Key": ["t.id"], "Plans": [{"Node Type": "Gather", "Parent Relationship": "Outer", "Parallel Aware": false, "Async Capable": false, "Startup Cost": 83773.83, "Total Cost": 110243.55, "Plan Rows": 237930, "Plan Width": 21, "Workers Planned": 4, "Single Copy": false, "Plans": [{"Node Type": "Merge Join", "Parent Relationship": "Outer", "Parallel Aware": false, "Async Capable": false, "Join Type": "Inner", "Startup Cost": 82773.83, "Total Cost": 85450.55, "Plan Rows": 59482, "Plan Width": 21, "Inner Unique": true, "Merge Cond": "(t.kind_id = kt.id)", "Plans": [{"Node Type": "Sort", "Parent Relationship": "Outer", "Parallel Aware": false, "Async Capable": false, "Startup Cost": 82772.73, "Total Cost": 83813.67, "Plan Rows": 416378, "Plan Width": 25, "Sort Key": ["t.kind_id"], "Plans": [{"Node Type": "Seq Scan", "Parent Relationship": "Outer", "Parallel Aware": true, "Async Capable": false, "Relation Name": "title", "Alias": "t", "Startup Cost": 0.0, "Total Cost": 43908.97, "Plan Rows": 416378, "Plan Width": 25, "Filter": "(production_year <= 2007)"}]}, {"Node Type": "Sort", "Parent Relationship": "Inner", "Parallel Aware": false, "Async Capable": false, "Startup Cost": 1.1, "Total Cost": 1.1, "Plan Rows": 1, "Plan Width": 4, "Sort Key": ["kt.id"], "Plans": [{"Node Type": "Seq Scan", "Parent Relationship": "Outer", "Parallel Aware": false, "Async Capable": false, "Relation Name": "kind_type", "Alias": "kt", "Startup Cost": 0.0, "Total Cost": 1.09, "Plan Rows": 1, "Plan Width": 4, "Filter": "((kind)::text = 'tv movie'::text)"}]}]}]}]}]}]}, {"Node Type": "Sort", "Parent Relationship": "Inner", "Parallel Aware": false, "Async Capable": false, "Startup Cost": 555562.12, "Total Cost": 565980.85, "Plan Rows": 4167491, "Plan Width": 4, "Sort Key": ["n.id"], "Plans": [{"Node Type": "Seq Scan", "Parent Relationship": "Outer", "Parallel Aware": false, "Async Capable": false, "Relation Name": "name", "Alias": "n", "Startup Cost": 0.0, "Total Cost": 97330.91, "Plan Rows": 4167491, "Plan Width": 4}]}]}]}}, {"Plan": {"Node Type": "Aggregate", "Strategy": "Plain", "Partial Mode": "Simple", "Parallel Aware": false, "Async Capable": false, "Startup Cost": 30002043126.86, "Total Cost": 30002043126.87, "Plan Rows": 1, "Plan Width": 32, "Plans": [{"Node Type": "Nested Loop", "Parent Relationship": "Outer", "Parallel Aware": false, "Async Capable": false, "Join Type": "Inner", "Startup Cost": 30000000002.23, "Total Cost": 30002043126.86, "Plan Rows": 1, "Plan Width": 17, "Inner Unique": true, "Plans": [{"Node Type": "Nested Loop", "Parent Relationship": "Outer", "Parallel Aware": false, "Async Capable": false, "Join Type": "Inner", "Startup Cost": 30000000001.79, "Total Cost": 30002043122.4, "Plan Rows": 1, "Plan Width": 21, "Inner Unique": true, "Plans": [{"Node Type": "Nested Loop", "Parent Relationship": "Outer", "Parallel Aware": false, "Async Capable": false, "Join Type": "Inner", "Startup Cost": 30000000001.35, "Total Cost": 30002043086.73, "Plan Rows": 8, "Plan Width": 25, "Inner Unique": false, "Join Filter": "(t.id = ci.movie_id)", "Plans": [{"Node Type": "Seq Scan", "Parent Relationship": "Outer", "Parallel Aware": false, "Async Capable": false, "Relation Name": "cast_info", "Alias": "ci", "Startup Cost": 10000000000.0, "Total Cost": 10000615060.2, "Plan Rows": 36234020, "Plan Width": 12}, {"Node Type": "Materialize", "Parent Relationship": "Inner", "Parallel Aware": false, "Async Capable": false, "Startup Cost": 20000000001.35, "Total Cost": 20000341005.94, "Plan Rows": 2, "Plan Width": 29, "Plans": [{"Node Type": "Nested Loop", "Parent Relationship": "Outer", "Parallel Aware": false, "Async Capable": false, "Join Type": "Inner", "Startup Cost": 20000000001.35, "Total Cost": 20000341005.93, "Plan Rows": 2, "Plan Width": 29, "Inner Unique": false, "Join Filter": "(t.id = cc.movie_id)", "Plans": [{"Node Type": "Nested Loop", "Parent Relationship": "Outer", "Parallel Aware": false, "Async Capable": false, "Join Type": "Inner", "Startup Cost": 10000000000.3, "Total Cost": 10000006333.22, "Plan Rows": 8443, "Plan Width": 4, "Inner Unique": true, "Plans": [{"Node Type": "Nested Loop", "Parent Relationship": "Outer", "Parallel Aware": false, "Async Capable": false, "Join Type": "Inner", "Startup Cost": 10000000000.15, "Total Cost": 10000005476.46, "Plan Rows": 33772, "Plan Width": 8, "Inner Unique": true, "Plans": [{"Node Type": "Seq Scan", "Parent Relationship": "Outer", "Parallel Aware": false, "Async Capable": false, "Relation Name": "complete_cast", "Alias": "cc", "Startup Cost": 10000000000.0, "Total Cost": 10000002086.86, "Plan Rows": 135086, "Plan Width": 12}, {"Node Type": "Memoize", "Parent Relationship": "Inner", "Parallel Aware": false, "Async Capable": false, "Startup Cost": 0.15, "Total Cost": 4.16, "Plan Rows": 1, "Plan Width": 4, "Cache Key": "cc.subject_id", "Cache Mode": "logical", "Plans": [{"Node Type": "Bitmap Heap Scan", "Parent Relationship": "Outer", "Parallel Aware": false, "Async Capable": false, "Relation Name": "comp_cast_type", "Alias": "cct1", "Startup Cost": 0.14, "Total Cost": 4.15, "Plan Rows": 1, "Plan Width": 4, "Recheck Cond": "(id = cc.subject_id)", "Filter": "((kind)::text = 'cast'::text)", "Plans": [{"Node Type": "Bitmap Index Scan", "Parent Relationship": "Outer", "Parallel Aware": false, "Async Capable": false, "Index Name": "comp_cast_type_pkey", "Startup Cost": 0.0, "Total Cost": 0.14, "Plan Rows": 1, "Plan Width": 0, "Index Cond": "(id = cc.subject_id)"}]}]}]}, {"Node Type": "Memoize", "Parent Relationship": "Inner", "Parallel Aware": false, "Async Capable": false, "Startup Cost": 0.15, "Total Cost": 4.16, "Plan Rows": 1, "Plan Width": 4, "Cache Key": "cc.status_id", "Cache Mode": "logical", "Plans": [{"Node Type": "Bitmap Heap Scan", "Parent Relationship": "Outer", "Parallel Aware": false, "Async Capable": false, "Relation Name": "comp_cast_type", "Alias": "cct2", "Startup Cost": 0.14, "Total Cost": 4.15, "Plan Rows": 1, "Plan Width": 4, "Recheck Cond": "(id = cc.status_id)", "Filter": "((kind)::text ~~ '%complete%'::text)", "Plans": [{"Node Type": "Bitmap Index Scan", "Parent Relationship": "Outer", "Parallel Aware": false, "Async Capable": false, "Index Name": "comp_cast_type_pkey", "Startup Cost": 0.0, "Total Cost": 0.14, "Plan Rows": 1, "Plan Width": 0, "Index Cond": "(id = cc.status_id)"}]}]}]}, {"Node Type": "Materialize", "Parent Relationship": "Inner", "Parallel Aware": false, "Async Capable": false, "Startup Cost": 10000000001.06, "Total Cost": 10000331000.08, "Plan Rows": 29, "Plan Width": 25, "Plans": [{"Node Type": "Nested Loop", "Parent Relationship": "Outer", "Parallel Aware": false, "Async Capable": false, "Join Type": "Inner", "Startup Cost": 10000000001.06, "Total Cost": 10000330999.93, "Plan Rows": 29, "Plan Width": 25, "Inner Unique": true, "Plans": [{"Node Type": "Nested Loop", "Parent Relationship": "Outer", "Parallel Aware": false, "Async Capable": false, "Join Type": "Inner", "Startup Cost": 10000000000.91, "Total Cost": 10000330965.98, "Plan Rows": 200, "Plan Width": 29, "Inner Unique": true, "Plans": [{"Node Type": "Nested Loop", "Parent Relationship": "Outer", "Parallel Aware": false, "Async Capable": false, "Join Type": "Inner", "Startup Cost": 10000000000.46, "Total Cost": 10000329614.38, "Plan Rows": 303, "Plan Width": 4, "Inner Unique": true, "Plans": [{"Node Type": "Seq Scan", "Parent Relationship": "Outer", "Parallel Aware": false, "Async Capable": false, "Relation Name": "movie_keyword", "Alias": "mk", "Startup Cost": 10000000000.0, "Total Cost": 10000069719.3, "Plan Rows": 4523930, "Plan Width": 8}, {"Node Type": "Memoize", "Parent Relationship": "Inner", "Parallel Aware": false, "Async Capable": false, "Startup Cost": 0.46, "Total Cost": 4.48, "Plan Rows": 1, "Plan Width": 4, "Cache Key": "mk.keyword_id", "Cache Mode": "logical", "Plans": [{"Node Type": "Bitmap Heap Scan", "Parent Relationship": "Outer", "Parallel Aware": false, "Async Capable": false, "Relation Name": "keyword", "Alias": "k", "Startup Cost": 0.45, "Total Cost": 4.47, "Plan Rows": 1, "Plan Width": 4, "Recheck Cond": "(id = mk.keyword_id)", "Filter": "((keyword)::text = ANY ('{\"10,000-mile-club\",alienation,based-on-comic,based-on-novel,blood,character-name-in-title,claw,computer-animated-movie,computer-animation}'::text[]))", "Plans": [{"Node Type": "Bitmap Index Scan", "Parent Relationship": "Outer", "Parallel Aware": false, "Async Capable": false, "Index Name": "keyword_pkey", "Startup Cost": 0.0, "Total Cost": 0.43, "Plan Rows": 1, "Plan Width": 0, "Index Cond": "(id = mk.keyword_id)"}]}]}]}, {"Node Type": "Bitmap Heap Scan", "Parent Relationship": "Inner", "Parallel Aware": false, "Async Capable": false, "Relation Name": "title", "Alias": "t", "Startup Cost": 0.45, "Total Cost": 4.46, "Plan Rows": 1, "Plan Width": 25, "Recheck Cond": "(id = mk.movie_id)", "Filter": "(production_year <= 2007)", "Plans": [{"Node Type": "Bitmap Index Scan", "Parent Relationship": "Outer", "Parallel Aware": false, "Async Capable": false, "Index Name": "title_pkey", "Startup Cost": 0.0, "Total Cost": 0.45, "Plan Rows": 1, "Plan Width": 0, "Index Cond": "(id = mk.movie_id)"}]}]}, {"Node Type": "Memoize", "Parent Relationship": "Inner", "Parallel Aware": false, "Async Capable": false, "Startup Cost": 0.15, "Total Cost": 4.17, "Plan Rows": 1, "Plan Width": 4, "Cache Key": "t.kind_id", "Cache Mode": "logical", "Plans": [{"Node Type": "Bitmap Heap Scan", "Parent Relationship": "Outer", "Parallel Aware": false, "Async Capable": false, "Relation Name": "kind_type", "Alias": "kt", "Startup Cost": 0.14, "Total Cost": 4.16, "Plan Rows": 1, "Plan Width": 4, "Recheck Cond": "(id = t.kind_id)", "Filter": "((kind)::text = 'tv movie'::text)", "Plans": [{"Node Type": "Bitmap Index Scan", "Parent Relationship": "Outer", "Parallel Aware": false, "Async Capable": false, "Index Name": "kind_type_pkey", "Startup Cost": 0.0, "Total Cost": 0.14, "Plan Rows": 1, "Plan Width": 0, "Index Cond": "(id = t.kind_id)"}]}]}]}]}]}]}]}, {"Node Type": "Bitmap Heap Scan", "Parent Relationship": "Inner", "Parallel Aware": false, "Async Capable": false, "Relation Name": "char_name", "Alias": "chn", "Startup Cost": 0.44, "Total Cost": 4.46, "Plan Rows": 1, "Plan Width": 4, "Recheck Cond": "(id = ci.person_role_id)", "Filter": "(((name)::text !~~ '%Tony%Stark%'::text) AND (((name)::text ~~ '%Iron%Man%'::text) OR ((name)::text ~~ '%Man%'::text)))", "Plans": [{"Node Type": "Bitmap Index Scan", "Parent Relationship": "Outer", "Parallel Aware": false, "Async Capable": false, "Index Name": "char_name_pkey", "Startup Cost": 0.0, "Total Cost": 0.44, "Plan Rows": 1, "Plan Width": 0, "Index Cond": "(id = ci.person_role_id)"}]}]}, {"Node Type": "Bitmap Heap Scan", "Parent Relationship": "Inner", "Parallel Aware": false, "Async Capable": false, "Relation Name": "name", "Alias": "n", "Startup Cost": 0.44, "Total Cost": 4.45, "Plan Rows": 1, "Plan Width": 4, "Recheck Cond": "(id = ci.person_id)", "Plans": [{"Node Type": "Bitmap Index Scan", "Parent Relationship": "Outer", "Parallel Aware": false, "Async Capable": false, "Index Name": "name_pkey", "Startup Cost": 0.0, "Total Cost": 0.44, "Plan Rows": 1, "Plan Width": 0, "Index Cond": "(id = ci.person_id)"}]}]}]}}, {"Plan": {"Node Type": "Aggregate", "Strategy": "Plain", "Partial Mode": "Simple", "Parallel Aware": false, "Async Capable": false, "Startup Cost": 1086187.62, "Total Cost": 1086187.63, "Plan Rows": 1, "Plan Width": 32, "Plans": [{"Node Type": "Nested Loop", "Parent Relationship": "Outer", "Parallel Aware": false, "Async Capable": false, "Join Type": "Inner", "Startup Cost": 2001.79, "Total Cost": 1086187.62, "Plan Rows": 1, "Plan Width": 17, "Inner Unique": true, "Plans": [{"Node Type": "Nested Loop", "Parent Relationship": "Outer", "Parallel Aware": false, "Async Capable": false, "Join Type": "Inner", "Startup Cost": 2001.36, "Total Cost": 1086183.17, "Plan Rows": 1, "Plan Width": 21, "Inner Unique": false, "Join Filter": "(t.id = ci.movie_id)", "Plans": [{"Node Type": "Gather", "Parent Relationship": "Outer", "Parallel Aware": false, "Async Capable": false, "Startup Cost": 1000.45, "Total Cost": 846027.93, "Plan Rows": 282279, "Plan Width": 8, "Workers Planned": 6, "Single Copy": false, "Plans": [{"Node Type": "Nested Loop", "Parent Relationship": "Outer", "Parallel Aware": false, "Async Capable": false, "Join Type": "Inner", "Startup Cost": 0.45, "Total Cost": 816800.03, "Plan Rows": 47046, "Plan Width": 8, "Inner Unique": true, "Plans": [{"Node Type": "Seq Scan", "Parent Relationship": "Outer", "Parallel Aware": true, "Async Capable": false, "Relation Name": "cast_info", "Alias": "ci", "Startup Cost": 0.0, "Total Cost": 313110.03, "Plan Rows": 6039003, "Plan Width": 12}, {"Node Type": "Memoize", "Parent Relationship": "Inner", "Parallel Aware": false, "Async Capable": false, "Startup Cost": 0.45, "Total Cost": 4.47, "Plan Rows": 1, "Plan Width": 4, "Cache Key": "ci.person_role_id", "Cache Mode": "logical", "Plans": [{"Node Type": "Bitmap Heap Scan", "Parent Relationship": "Outer", "Parallel Aware": false, "Async Capable": false, "Relation Name": "char_name", "Alias": "chn", "Startup Cost": 0.44, "Total Cost": 4.46, "Plan Rows": 1, "Plan Width": 4, "Recheck Cond": "(id = ci.person_role_id)", "Filter": "(((name)::text !~~ '%Tony%Stark%'::text) AND (((name)::text ~~ '%Iron%Man%'::text) OR ((name)::text ~~ '%Man%'::text)))", "Plans": [{"Node Type": "Bitmap Index Scan", "Parent Relationship": "Outer", "Parallel Aware": false, "Async Capable": false, "Index Name": "char_name_pkey", "Startup Cost": 0.0, "Total Cost": 0.44, "Plan Rows": 1, "Plan Width": 0, "Index Cond": "(id = ci.person_role_id)"}]}]}]}]}, {"Node Type": "Materialize", "Parent Relationship": "Inner", "Parallel Aware": false, "Async Capable": false, "Startup Cost": 1000.91, "Total Cost": 231686.87, "Plan Rows": 2, "Plan Width": 29, "Plans": [{"Node Type": "Nested Loop", "Parent Relationship": "Outer", "Parallel Aware": false, "Async Capable": false, "Join Type": "Inner", "Startup Cost": 1000.91, "Total Cost": 231686.86, "Plan Rows": 2, "Plan Width": 29, "Inner Unique": false, "Join Filter": "(t.id = cc.movie_id)", "Plans": [{"Node Type": "Nested Loop", "Parent Relationship": "Outer", "Parallel Aware": false, "Async Capable": false, "Join Type": "Inner", "Startup Cost": 0.0, "Total Cost": 4199.69, "Plan Rows": 8443, "Plan Width": 4, "Inner Unique": false, "Join Filter": "(cct2.id = cc.status_id)", "Plans": [{"Node Type": "Seq Scan", "Parent Relationship": "Outer", "Parallel Aware": false, "Async Capable": false, "Relation Name": "comp_cast_type", "Alias": "cct2", "Startup Cost": 0.0, "Total Cost": 1.05, "Plan Rows": 1, "Plan Width": 4, "Filter": "((kind)::text ~~ '%complete%'::text)"}, {"Node Type": "Nested Loop", "Parent Relationship": "Inner", "Parallel Aware": false, "Async Capable": false, "Join Type": "Inner", "Startup Cost": 0.0, "Total Cost": 3776.49, "Plan Rows": 33772, "Plan Width": 8, "Inner Unique": false, "Join Filter": "(cct1.id = cc.subject_id)", "Plans": [{"Node Type": "Seq Scan", "Parent Relationship": "Outer", "Parallel Aware": false, "Async Capable": false, "Relation Name": "comp_cast_type", "Alias": "cct1", "Startup Cost": 0.0, "Total Cost": 1.05, "Plan Rows": 1, "Plan Width": 4, "Filter": "((kind)::text = 'cast'::text)"}, {"Node Type": "Seq Scan", "Parent Relationship": "Inner", "Parallel Aware": false, "Async Capable": false, "Relation Name": "complete_cast", "Alias": "cc", "Startup Cost": 0.0, "Total Cost": 2086.86, "Plan Rows": 135086, "Plan Width": 12}]}]}, {"Node Type": "Materialize", "Parent Relationship": "Inner", "Parallel Aware": false, "Async Capable": false, "Startup Cost": 1000.91, "Total Cost": 223814.54, "Plan Rows": 29, "Plan Width": 25, "Plans": [{"Node Type": "Nested Loop", "Parent Relationship": "Outer", "Parallel Aware": false, "Async Capable": false, "Join Type": "Inner", "Startup Cost": 1000.91, "Total Cost": 223814.4, "Plan Rows": 29, "Plan Width": 25, "Inner Unique": false, "Join Filter": "(kt.id = t.kind_id)", "Plans": [{"Node Type": "Seq Scan", "Parent Relationship": "Outer", "Parallel Aware": false, "Async Capable": false, "Relation Name": "kind_type", "Alias": "kt", "Startup Cost": 0.0, "Total Cost": 1.09, "Plan Rows": 1, "Plan Width": 4, "Filter": "((kind)::text = 'tv movie'::text)"}, {"Node Type": "Gather", "Parent Relationship": "Inner", "Parallel Aware": false, "Async Capable": false, "Startup Cost": 1000.91, "Total Cost": 223810.81, "Plan Rows": 200, "Plan Width": 29, "Workers Planned": 3, "Single Copy": false, "Plans": [{"Node Type": "Nested Loop", "Parent Relationship": "Outer", "Parallel Aware": false, "Async Capable": false, "Join Type": "Inner", "Startup Cost": 0.91, "Total Cost": 222790.81, "Plan Rows": 65, "Plan Width": 29, "Inner Unique": true, "Plans": [{"Node Type": "Nested Loop", "Parent Relationship": "Outer", "Parallel Aware": false, "Async Capable": false, "Join Type": "Inner", "Startup Cost": 0.46, "Total Cost": 222353.66, "Plan Rows": 98, "Plan Width": 4, "Inner Unique": true, "Plans": [{"Node Type": "Seq Scan", "Parent Relationship": "Outer", "Parallel Aware": true, "Async Capable": false, "Relation Name": "movie_keyword", "Alias": "mk", "Startup Cost": 0.0, "Total Cost": 39073.32, "Plan Rows": 1459332, "Plan Width": 8}, {"Node Type": "Memoize", "Parent Relationship": "Inner", "Parallel Aware": false, "Async Capable": false, "Startup Cost": 0.46, "Total Cost": 4.48, "Plan Rows": 1, "Plan Width": 4, "Cache Key": "mk.keyword_id", "Cache Mode": "logical", "Plans": [{"Node Type": "Bitmap Heap Scan", "Parent Relationship": "Outer", "Parallel Aware": false, "Async Capable": false, "Relation Name": "keyword", "Alias": "k", "Startup Cost": 0.45, "Total Cost": 4.47, "Plan Rows": 1, "Plan Width": 4, "Recheck Cond": "(id = mk.keyword_id)", "Filter": "((keyword)::text = ANY ('{\"10,000-mile-club\",alienation,based-on-comic,based-on-novel,blood,character-name-in-title,claw,computer-animated-movie,computer-animation}'::text[]))", "Plans": [{"Node Type": "Bitmap Index Scan", "Parent Relationship": "Outer", "Parallel Aware": false, "Async Capable": false, "Index Name": "keyword_pkey", "Startup Cost": 0.0, "Total Cost": 0.43, "Plan Rows": 1, "Plan Width": 0, "Index Cond": "(id = mk.keyword_id)"}]}]}]}, {"Node Type": "Bitmap Heap Scan", "Parent Relationship": "Inner", "Parallel Aware": false, "Async Capable": false, "Relation Name": "title", "Alias": "t", "Startup Cost": 0.45, "Total Cost": 4.46, "Plan Rows": 1, "Plan Width": 25, "Recheck Cond": "(id = mk.movie_id)", "Filter": "(production_year <= 2007)", "Plans": [{"Node Type": "Bitmap Index Scan", "Parent Relationship": "Outer", "Parallel Aware": false, "Async Capable": false, "Index Name": "title_pkey", "Startup Cost": 0.0, "Total Cost": 0.45, "Plan Rows": 1, "Plan Width": 0, "Index Cond": "(id = mk.movie_id)"}]}]}]}]}]}]}]}]}, {"Node Type": "Bitmap Heap Scan", "Parent Relationship": "Inner", "Parallel Aware": false, "Async Capable": false, "Relation Name": "name", "Alias": "n", "Startup Cost": 0.44, "Total Cost": 4.45, "Plan Rows": 1, "Plan Width": 4, "Recheck Cond": "(id = ci.person_id)", "Plans": [{"Node Type": "Bitmap Index Scan", "Parent Relationship": "Outer", "Parallel Aware": false, "Async Capable": false, "Index Name": "name_pkey", "Startup Cost": 0.0, "Total Cost": 0.44, "Plan Rows": 1, "Plan Width": 0, "Index Cond": "(id = ci.person_id)"}]}]}]}}, {"Plan": {"Node Type": "Aggregate", "Strategy": "Plain", "Partial Mode": "Simple", "Parallel Aware": false, "Async Capable": false, "Startup Cost": 30007014083.56, "Total Cost": 30007014083.57, "Plan Rows": 1, "Plan Width": 32, "Plans": [{"Node Type": "Merge Join", "Parent Relationship": "Outer", "Parallel Aware": false, "Async Capable": false, "Join Type": "Inner", "Startup Cost": 30006830305.85, "Total Cost": 30007014083.56, "Plan Rows": 1, "Plan Width": 17, "Inner Unique": true, "Merge Cond": "(ci.person_id = n.id)", "Plans": [{"Node Type": "Sort", "Parent Relationship": "Outer", "Parallel Aware": false, "Async Capable": false, "Startup Cost": 30006830305.42, "Total Cost": 30006830305.43, "Plan Rows": 1, "Plan Width": 21, "Sort Key": ["ci.person_id"], "Plans": [{"Node Type": "Merge Join", "Parent Relationship": "Outer", "Parallel Aware": false, "Async Capable": false, "Join Type": "Inner", "Startup Cost": 30006830293.27, "Total Cost": 30006830305.41, "Plan Rows": 1, "Plan Width": 21, "Inner Unique": true, "Merge Cond": "(t.kind_id = kt.id)", "Plans": [{"Node Type": "Sort", "Parent Relationship": "Outer", "Parallel Aware": false, "Async Capable": false, "Startup Cost": 30006830293.14, "Total Cost": 30006830293.14, "Plan Rows": 1, "Plan Width": 25, "Sort Key": ["t.kind_id"], "Plans": [{"Node Type": "Merge Join", "Parent Relationship": "Outer", "Parallel Aware": false, "Async Capable": false, "Join Type": "Inner", "Startup Cost": 30006830281.03, "Total Cost": 30006830293.13, "Plan Rows": 1, "Plan Width": 25, "Inner Unique": true, "Merge Cond": "(cc.status_id = cct2.id)", "Plans": [{"Node Type": "Sort", "Parent Relationship": "Outer", "Parallel Aware": false, "Async Capable": false, "Startup Cost": 30006830280.9, "Total Cost": 30006830280.91, "Plan Rows": 2, "Plan Width": 29, "Sort Key": ["cc.status_id"], "Plans": [{"Node Type": "Merge Join", "Parent Relationship": "Outer", "Parallel Aware": false, "Async Capable": false, "Join Type": "Inner", "Startup Cost": 30006830268.77, "Total Cost": 30006830280.89, "Plan Rows": 2, "Plan Width": 29, "Inner Unique": true, "Merge Cond": "(cc.subject_id = cct1.id)", "Plans": [{"Node Type": "Sort", "Parent Relationship": "Outer", "Parallel Aware": false, "Async Capable": false, "Startup Cost": 30006830268.64, "Total Cost": 30006830268.65, "Plan Rows": 7, "Plan Width": 33, "Sort Key": ["cc.subject_id"], "Plans": [{"Node Type": "Merge Join", "Parent Relationship": "Outer", "Parallel Aware": false, "Async Capable": false, "Join Type": "Inner", "Startup Cost": 30006707457.39, "Total Cost": 30006830268.54, "Plan Rows": 7, "Plan Width": 33, "Inner Unique": true, "Merge Cond": "(mk.movie_id = t.id)", "Plans": [{"Node Type": "Merge Join", "Parent Relationship": "Outer", "Parallel Aware": false, "Async Capable": false, "Join Type": "Inner", "Startup Cost": 30006707454.64, "Total Cost": 30006709532.04, "Plan Rows": 11, "Plan Width": 24, "Inner Unique": false, "Merge Cond": "(mk.movie_id = cc.movie_id)", "Plans": [{"Node Type": "Merge Join", "Parent Relationship": "Outer", "Parallel Aware": false, "Async Capable": false, "Join Type": "Inner", "Startup Cost": 20006693856.08, "Total Cost": 20006695269.75, "Plan Rows": 83, "Plan Width": 12, "Inner Unique": false, "Merge Cond": "(ci.movie_id = mk.movie_id)", "Plans": [{"Node Type": "Sort", "Parent Relationship": "Outer", "Parallel Aware": false, "Async Capable": false, "Startup Cost": 10006095661.09, "Total Cost": 10006096366.79, "Plan Rows": 282279, "Plan Width": 8, "Sort Key": ["ci.movie_id"], "Plans": [{"Node Type": "Merge Join", "Parent Relationship": "Outer", "Parallel Aware": false, "Async Capable": false, "Join Type": "Inner", "Startup Cost": 10005790215.69, "Total Cost": 10006070105.3, "Plan Rows": 282279, "Plan Width": 8, "Inner Unique": false, "Merge Cond": "(chn.id = ci.person_role_id)", "Plans": [{"Node Type": "Index Scan", "Parent Relationship": "Outer", "Parallel Aware": false, "Async Capable": false, "Scan Direction": "Forward", "Index Name": "char_name_pkey", "Relation Name": "char_name", "Alias": "chn", "Startup Cost": 0.43, "Total Cost": 152268.55, "Plan Rows": 50650, "Plan Width": 4, "Filter": "(((name)::text !~~ '%Tony%Stark%'::text) AND (((name)::text ~~ '%Iron%Man%'::text) OR ((name)::text ~~ '%Man%'::text)))"}, {"Node Type": "Materialize", "Parent Relationship": "Inner", "Parallel Aware": false, "Async Capable": false, "Startup Cost": 10005783627.87, "Total Cost": 10005964797.97, "Plan Rows": 36234020, "Plan Width": 12, "Plans": [{"Node Type": "Sort", "Parent Relationship": "Outer", "Parallel Aware": false, "Async Capable": false, "Startup Cost": 10005783627.87, "Total Cost": 10005874212.92, "Plan Rows": 36234020, "Plan Width": 12, "Sort Key": ["ci.person_role_id"], "Plans": [{"Node Type": "Seq Scan", "Parent Relationship": "Outer", "Parallel Aware": false, "Async Capable": false, "Relation Name": "cast_info", "Alias": "ci", "Startup Cost": 10000000000.0, "Total Cost": 10000615060.2, "Plan Rows": 36234020, "Plan Width": 12}]}]}]}]}, {"Node Type": "Sort", "Parent Relationship": "Inner", "Parallel Aware": false, "Async Capable": false, "Startup Cost": 10000598194.95, "Total Cost": 10000598195.71, "Plan Rows": 303, "Plan Width": 4, "Sort Key": ["mk.movie_id"], "Plans": [{"Node Type": "Merge Join", "Parent Relationship": "Outer", "Parallel Aware": false, "Async Capable": false, "Join Type": "Inner", "Startup Cost": 10000569821.15, "Total Cost": 10000598182.47, "Plan Rows": 303, "Plan Width": 4, "Inner Unique": false, "Merge Cond": "(k.id = mk.keyword_id)", "Plans": [{"Node Type": "Index Scan", "Parent Relationship": "Outer", "Parallel Aware": false, "Async Capable": false, "Scan Direction": "Forward", "Index Name": "keyword_pkey", "Relation Name": "keyword", "Alias": "k", "Startup Cost": 0.44, "Total Cost": 5739.34, "Plan Rows": 9, "Plan Width": 4, "Filter": "((keyword)::text = ANY ('{\"10,000-mile-club\",alienation,based-on-comic,based-on-novel,blood,character-name-in-title,claw,computer-animated-movie,computer-animation}'::text[]))"}, {"Node Type": "Sort", "Parent Relationship": "Inner", "Parallel Aware": false, "Async Capable": false, "Startup Cost": 10000569820.43, "Total Cost": 10000581130.25, "Plan Rows": 4523930, "Plan Width": 8, "Sort Key": ["mk.keyword_id"], "Plans": [{"Node Type": "Seq Scan", "Parent Relationship": "Outer", "Parallel Aware": false, "Async Capable": false, "Relation Name": "movie_keyword", "Alias": "mk", "Startup Cost": 10000000000.0, "Total Cost": 10000069719.3, "Plan Rows": 4523930, "Plan Width": 8}]}]}]}]}, {"Node Type": "Sort", "Parent Relationship": "Inner", "Parallel Aware": false, "Async Capable": false, "Startup Cost": 10000013598.56, "Total Cost": 10000013936.28, "Plan Rows": 135086, "Plan Width": 12, "Sort Key": ["cc.movie_id"], "Plans": [{"Node Type": "Seq Scan", "Parent Relationship": "Outer", "Parallel Aware": false, "Async Capable": false, "Relation Name": "complete_cast", "Alias": "cc", "Startup Cost": 10000000000.0, "Total Cost": 10000002086.86, "Plan Rows": 135086, "Plan Width": 12}]}]}, {"Node Type": "Index Scan", "Parent Relationship": "Inner", "Parallel Aware": false, "Async Capable": false, "Scan Direction": "Forward", "Index Name": "title_pkey", "Relation Name": "title", "Alias": "t", "Startup Cost": 0.43, "Total Cost": 116689.45, "Plan Rows": 1665512, "Plan Width": 25, "Filter": "(production_year <= 2007)"}]}]}, {"Node Type": "Index Scan", "Parent Relationship": "Inner", "Parallel Aware": false, "Async Capable": false, "Scan Direction": "Forward", "Index Name": "comp_cast_type_pkey", "Relation Name": "comp_cast_type", "Alias": "cct1", "Startup Cost": 0.13, "Total Cost": 12.2, "Plan Rows": 1, "Plan Width": 4, "Filter": "((kind)::text = 'cast'::text)"}]}]}, {"Node Type": "Index Scan", "Parent Relationship": "Inner", "Parallel Aware": false, "Async Capable": false, "Scan Direction": "Forward", "Index Name": "comp_cast_type_pkey", "Relation Name": "comp_cast_type", "Alias": "cct2", "Startup Cost": 0.13, "Total Cost": 12.2, "Plan Rows": 1, "Plan Width": 4, "Filter": "((kind)::text ~~ '%complete%'::text)"}]}]}, {"Node Type": "Index Scan", "Parent Relationship": "Inner", "Parallel Aware": false, "Async Capable": false, "Scan Direction": "Forward", "Index Name": "kind_type_pkey", "Relation Name": "kind_type", "Alias": "kt", "Startup Cost": 0.13, "Total Cost": 12.26, "Plan Rows": 1, "Plan Width": 4, "Filter": "((kind)::text = 'tv movie'::text)"}]}]}, {"Node Type": "Index Scan", "Parent Relationship": "Inner", "Parallel Aware": false, "Async Capable": false, "Scan Direction": "Forward", "Index Name": "name_pkey", "Relation Name": "name", "Alias": "n", "Startup Cost": 0.43, "Total Cost": 178215.91, "Plan Rows": 4167491, "Plan Width": 4}]}]}}, {"Plan": {"Node Type": "Aggregate", "Strategy": "Plain", "Partial Mode": "Simple", "Parallel Aware": false, "Async Capable": false, "Startup Cost": 30001768763.61, "Total Cost": 30001768763.62, "Plan Rows": 1, "Plan Width": 32, "Plans": [{"Node Type": "Nested Loop", "Parent Relationship": "Outer", "Parallel Aware": false, "Async Capable": false, "Join Type": "Inner", "Startup Cost": 30000202924.67, "Total Cost": 30001768763.61, "Plan Rows": 1, "Plan Width": 17, "Inner Unique": true, "Plans": [{"Node Type": "Nested Loop", "Parent Relationship": "Outer", "Parallel Aware": false, "Async Capable": false, "Join Type": "Inner", "Startup Cost": 30000202924.24, "Total Cost": 30001768763.15, "Plan Rows": 1, "Plan Width": 21, "Inner Unique": false, "Join Filter": "(t.id = ci.movie_id)", "Plans": [{"Node Type": "Nested Loop", "Parent Relationship": "Outer", "Parallel Aware": false, "Async Capable": false, "Join Type": "Inner", "Startup Cost": 10000000000.44, "Total Cost": 10001557318.41, "Plan Rows": 282279, "Plan Width": 8, "Inner Unique": true, "Plans": [{"Node Type": "Seq Scan", "Parent Relationship": "Outer", "Parallel Aware": false, "Async Capable": false, "Relation Name": "cast_info", "Alias": "ci", "Startup Cost": 10000000000.0, "Total Cost": 10000615060.2, "Plan Rows": 36234020, "Plan Width": 12}, {"Node Type": "Memoize", "Parent Relationship": "Inner", "Parallel Aware": false, "Async Capable": false, "Startup Cost": 0.44, "Total Cost": 0.47, "Plan Rows": 1, "Plan Width": 4, "Cache Key": "ci.person_role_id", "Cache Mode": "logical", "Plans": [{"Node Type": "Index Scan", "Parent Relationship": "Outer", "Parallel Aware": false, "Async Capable": false, "Scan Direction": "Forward", "Index Name": "char_name_pkey", "Relation Name": "char_name", "Alias": "chn", "Startup Cost": 0.43, "Total Cost": 0.46, "Plan Rows": 1, "Plan Width": 4, "Index Cond": "(id = ci.person_role_id)", "Filter": "(((name)::text !~~ '%Tony%Stark%'::text) AND (((name)::text ~~ '%Iron%Man%'::text) OR ((name)::text ~~ '%Man%'::text)))"}]}]}, {"Node Type": "Materialize", "Parent Relationship": "Inner", "Parallel Aware": false, "Async Capable": false, "Startup Cost": 20000202923.8, "Total Cost": 20000202976.38, "Plan Rows": 2, "Plan Width": 29, "Plans": [{"Node Type": "Nested Loop", "Parent Relationship": "Outer", "Parallel Aware": false, "Async Capable": false, "Join Type": "Inner", "Startup Cost": 20000202923.8, "Total Cost": 20000202976.37, "Plan Rows": 2, "Plan Width": 29, "Inner Unique": true, "Plans": [{"Node Type": "Nested Loop", "Parent Relationship": "Outer", "Parallel Aware": false, "Async Capable": false, "Join Type": "Inner", "Startup Cost": 20000202923.67, "Total Cost": 20000202974.68, "Plan Rows": 11, "Plan Width": 33, "Inner Unique": true, "Plans": [{"Node Type": "Merge Join", "Parent Relationship": "Outer", "Parallel Aware": false, "Async Capable": false, "Join Type": "Inner", "Startup Cost": 20000202923.24, "Total Cost": 20000202966.35, "Plan Rows": 17, "Plan Width": 8, "Inner Unique": false, "Merge Cond": "(mk.movie_id = cc.movie_id)", "Plans": [{"Node Type": "Sort", "Parent Relationship": "Outer", "Parallel Aware": false, "Async Capable": false, "Startup Cost": 10000198150.62, "Total Cost": 10000198151.38, "Plan Rows": 303, "Plan Width": 4, "Sort Key": ["mk.movie_id"], "Plans": [{"Node Type": "Nested Loop", "Parent Relationship": "Outer", "Parallel Aware": false, "Async Capable": false, "Join Type": "Inner", "Startup Cost": 10000000000.45, "Total Cost": 10000198138.13, "Plan Rows": 303, "Plan Width": 4, "Inner Unique": true, "Plans": [{"Node Type": "Seq Scan", "Parent Relationship": "Outer", "Parallel Aware": false, "Async Capable": false, "Relation Name": "movie_keyword", "Alias": "mk", "Startup Cost": 10000000000.0, "Total Cost": 10000069719.3, "Plan Rows": 4523930, "Plan Width": 8}, {"Node Type": "Memoize", "Parent Relationship": "Inner", "Parallel Aware": false, "Async Capable": false, "Startup Cost": 0.45, "Total Cost": 0.48, "Plan Rows": 1, "Plan Width": 4, "Cache Key": "mk.keyword_id", "Cache Mode": "logical", "Plans": [{"Node Type": "Index Scan", "Parent Relationship": "Outer", "Parallel Aware": false, "Async Capable": false, "Scan Direction": "Forward", "Index Name": "keyword_pkey", "Relation Name": "keyword", "Alias": "k", "Startup Cost": 0.44, "Total Cost": 0.47, "Plan Rows": 1, "Plan Width": 4, "Index Cond": "(id = mk.keyword_id)", "Filter": "((keyword)::text = ANY ('{\"10,000-mile-club\",alienation,based-on-comic,based-on-novel,blood,character-name-in-title,claw,computer-animated-movie,computer-animation}'::text[]))"}]}]}]}, {"Node Type": "Sort", "Parent Relationship": "Inner", "Parallel Aware": false, "Async Capable": false, "Startup Cost": 10000004772.62, "Total Cost": 10000004793.73, "Plan Rows": 8443, "Plan Width": 4, "Sort Key": ["cc.movie_id"], "Plans": [{"Node Type": "Nested Loop", "Parent Relationship": "Outer", "Parallel Aware": false, "Async Capable": false, "Join Type": "Inner", "Startup Cost": 10000000000.26, "Total Cost": 10000004221.98, "Plan Rows": 8443, "Plan Width": 4, "Inner Unique": false, "Join Filter": "(cct2.id = cc.status_id)", "Plans": [{"Node Type": "Index Scan", "Parent Relationship": "Outer", "Parallel Aware": false, "Async Capable": false, "Scan Direction": "Forward", "Index Name": "comp_cast_type_pkey", "Relation Name": "comp_cast_type", "Alias": "cct2", "Startup Cost": 0.13, "Total Cost": 12.2, "Plan Rows": 1, "Plan Width": 4, "Filter": "((kind)::text ~~ '%complete%'::text)"}, {"Node Type": "Nested Loop", "Parent Relationship": "Inner", "Parallel Aware": false, "Async Capable": false, "Join Type": "Inner", "Startup Cost": 10000000000.13, "Total Cost": 10000003787.64, "Plan Rows": 33772, "Plan Width": 8, "Inner Unique": false, "Join Filter": "(cct1.id = cc.subject_id)", "Plans": [{"Node Type": "Index Scan", "Parent Relationship": "Outer", "Parallel Aware": false, "Async Capable": false, "Scan Direction": "Forward", "Index Name": "comp_cast_type_pkey", "Relation Name": "comp_cast_type", "Alias": "cct1", "Startup Cost": 0.13, "Total Cost": 12.2, "Plan Rows": 1, "Plan Width": 4, "Filter": "((kind)::text = 'cast'::text)"}, {"Node Type": "Seq Scan", "Parent Relationship": "Inner", "Parallel Aware": false, "Async Capable": false, "Relation Name": "complete_cast", "Alias": "cc", "Startup Cost": 10000000000.0, "Total Cost": 10000002086.86, "Plan Rows": 135086, "Plan Width": 12}]}]}]}]}, {"Node Type": "Index Scan", "Parent Relationship": "Inner", "Parallel Aware": false, "Async Capable": false, "Scan Direction": "Forward", "Index Name": "title_pkey", "Relation Name": "title", "Alias": "t", "Startup Cost": 0.43, "Total Cost": 0.49, "Plan Rows": 1, "Plan Width": 25, "Index Cond": "(id = mk.movie_id)", "Filter": "(production_year <= 2007)"}]}, {"Node Type": "Index Scan", "Parent Relationship": "Inner", "Parallel Aware": false, "Async Capable": false, "Scan Direction": "Forward", "Index Name": "kind_type_pkey", "Relation Name": "kind_type", "Alias": "kt", "Startup Cost": 0.13, "Total Cost": 0.15, "Plan Rows": 1, "Plan Width": 4, "Index Cond": "(id = t.kind_id)", "Filter": "((kind)::text = 'tv movie'::text)"}]}]}]}, {"Node Type": "Index Scan", "Parent Relationship": "Inner", "Parallel Aware": false, "Async Capable": false, "Scan Direction": "Forward", "Index Name": "name_pkey", "Relation Name": "name", "Alias": "n", "Startup Cost": 0.43, "Total Cost": 0.46, "Plan Rows": 1, "Plan Width": 4, "Index Cond": "(id = ci.person_id)"}]}]}}, {"Plan": {"Node Type": "Aggregate", "Strategy": "Plain", "Partial Mode": "Simple", "Parallel Aware": false, "Async Capable": false, "Startup Cost": 603273.33, "Total Cost": 603273.34, "Plan Rows": 1, "Plan Width": 32, "Plans": [{"Node Type": "Nested Loop", "Parent Relationship": "Outer", "Parallel Aware": false, "Async Capable": false, "Join Type": "Inner", "Startup Cost": 510895.98, "Total Cost": 603273.33, "Plan Rows": 1, "Plan Width": 17, "Inner Unique": true, "Plans": [{"Node Type": "Nested Loop", "Parent Relationship": "Outer", "Parallel Aware": false, "Async Capable": false, "Join Type": "Inner", "Startup Cost": 510895.55, "Total Cost": 603272.87, "Plan Rows": 1, "Plan Width": 21, "Inner Unique": false, "Join Filter": "(t.id = mk.movie_id)", "Plans": [{"Node Type": "Gather", "Parent Relationship": "Outer", "Parallel Aware": false, "Async Capable": false, "Startup Cost": 1000.45, "Total Cost": 91907.77, "Plan Rows": 303, "Plan Width": 4, "Workers Planned": 3, "Single Copy": false, "Plans": [{"Node Type": "Nested Loop", "Parent Relationship": "Outer", "Parallel Aware": false, "Async Capable": false, "Join Type": "Inner", "Startup Cost": 0.45, "Total Cost": 90877.47, "Plan Rows": 98, "Plan Width": 4, "Inner Unique": true, "Plans": [{"Node Type": "Seq Scan", "Parent Relationship": "Outer", "Parallel Aware": true, "Async Capable": false, "Relation Name": "movie_keyword", "Alias": "mk", "Startup Cost": 0.0, "Total Cost": 39073.32, "Plan Rows": 1459332, "Plan Width": 8}, {"Node Type": "Memoize", "Parent Relationship": "Inner", "Parallel Aware": false, "Async Capable": false, "Startup Cost": 0.45, "Total Cost": 0.48, "Plan Rows": 1, "Plan Width": 4, "Cache Key": "mk.keyword_id", "Cache Mode": "logical", "Plans": [{"Node Type": "Index Scan", "Parent Relationship": "Outer", "Parallel Aware": false, "Async Capable": false, "Scan Direction": "Forward", "Index Name": "keyword_pkey", "Relation Name": "keyword", "Alias": "k", "Startup Cost": 0.44, "Total Cost": 0.47, "Plan Rows": 1, "Plan Width": 4, "Index Cond": "(id = mk.keyword_id)", "Filter": "((keyword)::text = ANY ('{\"10,000-mile-club\",alienation,based-on-comic,based-on-novel,blood,character-name-in-title,claw,computer-animated-movie,computer-animation}'::text[]))"}]}]}]}, {"Node Type": "Materialize", "Parent Relationship": "Inner", "Parallel Aware": false, "Async Capable": false, "Startup Cost": 509895.09, "Total Cost": 510383.92, "Plan Rows": 216, "Plan Width": 33, "Plans": [{"Node Type": "Gather Merge", "Parent Relationship": "Outer", "Parallel Aware": false, "Async Capable": false, "Startup Cost": 509895.09, "Total Cost": 510382.84, "Plan Rows": 216, "Plan Width": 33, "Workers Planned": 6, "Plans": [{"Node Type": "Nested Loop", "Parent Relationship": "Outer", "Parallel Aware": false, "Async Capable": false, "Join Type": "Inner", "Startup Cost": 508894.99, "Total Cost": 509356.49, "Plan Rows": 36, "Plan Width": 33, "Inner Unique": true, "Plans": [{"Node Type": "Nested Loop", "Parent Relationship": "Outer", "Parallel Aware": false, "Async Capable": false, "Join Type": "Inner", "Startup Cost": 508894.85, "Total Cost": 509349.13, "Plan Rows": 252, "Plan Width": 37, "Inner Unique": true, "Plans": [{"Node Type": "Merge Join", "Parent Relationship": "Outer", "Parallel Aware": false, "Async Capable": false, "Join Type": "Inner", "Startup Cost": 508894.42, "Total Cost": 509174.88, "Plan Rows": 383, "Plan Width": 12, "Inner Unique": false, "Merge Cond": "(ci.movie_id = cc.movie_id)", "Plans": [{"Node Type": "Sort", "Parent Relationship": "Outer", "Parallel Aware": false, "Async Capable": false, "Startup Cost": 504144.07, "Total Cost": 504261.69, "Plan Rows": 47046, "Plan Width": 8, "Sort Key": ["ci.movie_id"], "Plans": [{"Node Type": "Nested Loop", "Parent Relationship": "Outer", "Parallel Aware": false, "Async Capable": false, "Join Type": "Inner", "Startup Cost": 0.44, "Total Cost": 500492.89, "Plan Rows": 47046, "Plan Width": 8, "Inner Unique": true, "Plans": [{"Node Type": "Seq Scan", "Parent Relationship": "Outer", "Parallel Aware": true, "Async Capable": false, "Relation Name": "cast_info", "Alias": "ci", "Startup Cost": 0.0, "Total Cost": 313110.03, "Plan Rows": 6039003, "Plan Width": 12}, {"Node Type": "Memoize", "Parent Relationship": "Inner", "Parallel Aware": false, "Async Capable": false, "Startup Cost": 0.44, "Total Cost": 0.47, "Plan Rows": 1, "Plan Width": 4, "Cache Key": "ci.person_role_id", "Cache Mode": "logical", "Plans": [{"Node Type": "Index Scan", "Parent Relationship": "Outer", "Parallel Aware": false, "Async Capable": false, "Scan Direction": "Forward", "Index Name": "char_name_pkey", "Relation Name": "char_name", "Alias": "chn", "Startup Cost": 0.43, "Total Cost": 0.46, "Plan Rows": 1, "Plan Width": 4, "Index Cond": "(id = ci.person_role_id)", "Filter": "(((name)::text !~~ '%Tony%Stark%'::text) AND (((name)::text ~~ '%Iron%Man%'::text) OR ((name)::text ~~ '%Man%'::text)))"}]}]}]}, {"Node Type": "Sort", "Parent Relationship": "Inner", "Parallel Aware": false, "Async Capable": false, "Startup Cost": 4750.32, "Total Cost": 4771.43, "Plan Rows": 8443, "Plan Width": 4, "Sort Key": ["cc.movie_id"], "Plans": [{"Node Type": "Nested Loop", "Parent Relationship": "Outer", "Parallel Aware": false, "Async Capable": false, "Join Type": "Inner", "Startup Cost": 0.0, "Total Cost": 4199.69, "Plan Rows": 8443, "Plan Width": 4, "Inner Unique": false, "Join Filter": "(cct2.id = cc.status_id)", "Plans": [{"Node Type": "Seq Scan", "Parent Relationship": "Outer", "Parallel Aware": false, "Async Capable": false, "Relation Name": "comp_cast_type", "Alias": "cct2", "Startup Cost": 0.0, "Total Cost": 1.05, "Plan Rows": 1, "Plan Width": 4, "Filter": "((kind)::text ~~ '%complete%'::text)"}, {"Node Type": "Nested Loop", "Parent Relationship": "Inner", "Parallel Aware": false, "Async Capable": false, "Join Type": "Inner", "Startup Cost": 0.0, "Total Cost": 3776.49, "Plan Rows": 33772, "Plan Width": 8, "Inner Unique": false, "Join Filter": "(cct1.id = cc.subject_id)", "Plans": [{"Node Type": "Seq Scan", "Parent Relationship": "Outer", "Parallel Aware": false, "Async Capable": false, "Relation Name": "comp_cast_type", "Alias": "cct1", "Startup Cost": 0.0, "Total Cost": 1.05, "Plan Rows": 1, "Plan Width": 4, "Filter": "((kind)::text = 'cast'::text)"}, {"Node Type": "Seq Scan", "Parent Relationship": "Inner", "Parallel Aware": false, "Async Capable": false, "Relation Name": "complete_cast", "Alias": "cc", "Startup Cost": 0.0, "Total Cost": 2086.86, "Plan Rows": 135086, "Plan Width": 12}]}]}]}]}, {"Node Type": "Index Scan", "Parent Relationship": "Inner", "Parallel Aware": false, "Async Capable": false, "Scan Direction": "Forward", "Index Name": "title_pkey", "Relation Name": "title", "Alias": "t", "Startup Cost": 0.43, "Total Cost": 0.45, "Plan Rows": 1, "Plan Width": 25, "Index Cond": "(id = ci.movie_id)", "Filter": "(production_year <= 2007)"}]}, {"Node Type": "Memoize", "Parent Relationship": "Inner", "Parallel Aware": false, "Async Capable": false, "Startup Cost": 0.14, "Total Cost": 0.16, "Plan Rows": 1, "Plan Width": 4, "Cache Key": "t.kind_id", "Cache Mode": "logical", "Plans": [{"Node Type": "Index Scan", "Parent Relationship": "Outer", "Parallel Aware": false, "Async Capable": false, "Scan Direction": "Forward", "Index Name": "kind_type_pkey", "Relation Name": "kind_type", "Alias": "kt", "Startup Cost": 0.13, "Total Cost": 0.15, "Plan Rows": 1, "Plan Width": 4, "Index Cond": "(id = t.kind_id)", "Filter": "((kind)::text = 'tv movie'::text)"}]}]}]}]}]}, {"Node Type": "Index Scan", "Parent Relationship": "Inner", "Parallel Aware": false, "Async Capable": false, "Scan Direction": "Forward", "Index Name": "name_pkey", "Relation Name": "name", "Alias": "n", "Startup Cost": 0.43, "Total Cost": 0.46, "Plan Rows": 1, "Plan Width": 4, "Index Cond": "(id = ci.person_id)"}]}]}}, {"Plan": {"Node Type": "Aggregate", "Strategy": "Plain", "Partial Mode": "Simple", "Parallel Aware": false, "Async Capable": false, "Startup Cost": 1718311.04, "Total Cost": 1718311.05, "Plan Rows": 1, "Plan Width": 32, "Plans": [{"Node Type": "Merge Join", "Parent Relationship": "Outer", "Parallel Aware": false, "Async Capable": false, "Join Type": "Inner", "Startup Cost": 1534533.33, "Total Cost": 1718311.04, "Plan Rows": 1, "Plan Width": 17, "Inner Unique": false, "Merge Cond": "(n.id = ci.person_id)", "Plans": [{"Node Type": "Index Scan", "Parent Relationship": "Outer", "Parallel Aware": false, "Async Capable": false, "Scan Direction": "Forward", "Index Name": "name_pkey", "Relation Name": "name", "Alias": "n", "Startup Cost": 0.43, "Total Cost": 178215.91, "Plan Rows": 4167491, "Plan Width": 4}, {"Node Type": "Sort", "Parent Relationship": "Inner", "Parallel Aware": false, "Async Capable": false, "Startup Cost": 1534532.9, "Total Cost": 1534532.91, "Plan Rows": 1, "Plan Width": 21, "Sort Key": ["ci.person_id"], "Plans": [{"Node Type": "Merge Join", "Parent Relationship": "Outer", "Parallel Aware": false, "Async Capable": false, "Join Type": "Inner", "Startup Cost": 1534530.29, "Total Cost": 1534532.89, "Plan Rows": 1, "Plan Width": 21, "Inner Unique": false, "Merge Cond": "(mk.movie_id = t.id)", "Plans": [{"Node Type": "Sort", "Parent Relationship": "Outer", "Parallel Aware": false, "Async Capable": false, "Startup Cost": 199847.32, "Total Cost": 199848.08, "Plan Rows": 303, "Plan Width": 4, "Sort Key": ["mk.movie_id"], "Plans": [{"Node Type": "Gather", "Parent Relationship": "Outer", "Parallel Aware": false, "Async Capable": false, "Startup Cost": 192506.93, "Total Cost": 199834.83, "Plan Rows": 303, "Plan Width": 4, "Workers Planned": 3, "Single Copy": false, "Plans": [{"Node Type": "Merge Join", "Parent Relationship": "Outer", "Parallel Aware": false, "Async Capable": false, "Join Type": "Inner", "Startup Cost": 191506.93, "Total Cost": 198804.53, "Plan Rows": 98, "Plan Width": 4, "Inner Unique": true, "Merge Cond": "(mk.keyword_id = k.id)", "Plans": [{"Node Type": "Sort", "Parent Relationship": "Outer", "Parallel Aware": false, "Async Capable": false, "Startup Cost": 188486.13, "Total Cost": 192134.46, "Plan Rows": 1459332, "Plan Width": 8, "Sort Key": ["mk.keyword_id"], "Plans": [{"Node Type": "Seq Scan", "Parent Relationship": "Outer", "Parallel Aware": true, "Async Capable": false, "Relation Name": "movie_keyword", "Alias": "mk", "Startup Cost": 0.0, "Total Cost": 39073.32, "Plan Rows": 1459332, "Plan Width": 8}]}, {"Node Type": "Sort", "Parent Relationship": "Inner", "Parallel Aware": false, "Async Capable": false, "Startup Cost": 3020.72, "Total Cost": 3020.74, "Plan Rows": 9, "Plan Width": 4, "Sort Key": ["k.id"], "Plans": [{"Node Type": "Seq Scan", "Parent Relationship": "Outer", "Parallel Aware": false, "Async Capable": false, "Relation Name": "keyword", "Alias": "k", "Startup Cost": 0.02, "Total Cost": 3020.57, "Plan Rows": 9, "Plan Width": 4, "Filter": "((keyword)::text = ANY ('{\"10,000-mile-club\",alienation,based-on-comic,based-on-novel,blood,character-name-in-title,claw,computer-animated-movie,computer-animation}'::text[]))"}]}]}]}]}, {"Node Type": "Sort", "Parent Relationship": "Inner", "Parallel Aware": false, "Async Capable": false, "Startup Cost": 1334682.97, "Total Cost": 1334683.51, "Plan Rows": 216, "Plan Width": 33, "Sort Key": ["cc.movie_id"], "Plans": [{"Node Type": "Merge Join", "Parent Relationship": "Outer", "Parallel Aware": false, "Async Capable": false, "Join Type": "Inner", "Startup Cost": 1334357.19, "Total Cost": 1334674.59, "Plan Rows": 216, "Plan Width": 33, "Inner Unique": true, "Merge Cond": "(ci.person_role_id = chn.id)", "Plans": [{"Node Type": "Sort", "Parent Relationship": "Outer", "Parallel Aware": false, "Async Capable": false, "Startup Cost": 1274142.3, "Total Cost": 1274211.7, "Plan Rows": 27760, "Plan Width": 37, "Sort Key": ["ci.person_role_id"], "Plans": [{"Node Type": "Gather", "Parent Relationship": "Outer", "Parallel Aware": false, "Async Capable": false, "Startup Cost": 1269109.3, "Total Cost": 1272093.51, "Plan Rows": 27760, "Plan Width": 37, "Workers Planned": 6, "Single Copy": false, "Plans": [{"Node Type": "Merge Join", "Parent Relationship": "Outer", "Parallel Aware": false, "Async Capable": false, "Join Type": "Inner", "Startup Cost": 1268109.3, "Total Cost": 1268317.51, "Plan Rows": 4627, "Plan Width": 37, "Inner Unique": true, "Merge Cond": "(t.kind_id = kt.id)", "Plans": [{"Node Type": "Sort", "Parent Relationship": "Outer", "Parallel Aware": false, "Async Capable": false, "Startup Cost": 1268108.2, "Total Cost": 1268189.17, "Plan Rows": 32387, "Plan Width": 41, "Sort Key": ["t.kind_id"], "Plans": [{"Node Type": "Merge Join", "Parent Relationship": "Outer", "Parallel Aware": false, "Async Capable": false, "Join Type": "Inner", "Startup Cost": 1114459.91, "Total Cost": 1265681.91, "Plan Rows": 32387, "Plan Width": 41, "Inner Unique": false, "Merge Cond": "(ci.movie_id = t.id)", "Plans": [{"Node Type": "Sort", "Parent Relationship": "Outer", "Parallel Aware": false, "Async Capable": false, "Startup Cost": 1096487.29, "Total Cost": 1111584.79, "Plan Rows": 6039003, "Plan Width": 12, "Sort Key": ["ci.movie_id"], "Plans": [{"Node Type": "Seq Scan", "Parent Relationship": "Outer", "Parallel Aware": true, "Async Capable": false, "Relation Name": "cast_info", "Alias": "ci", "Startup Cost": 0.0, "Total Cost": 313110.03, "Plan Rows": 6039003, "Plan Width": 12}]}, {"Node Type": "Materialize", "Parent Relationship": "Inner", "Parallel Aware": false, "Async Capable": false, "Startup Cost": 17972.02, "Total Cost": 138922.98, "Plan Rows": 5562, "Plan Width": 29, "Plans": [{"Node Type": "Merge Join", "Parent Relationship": "Outer", "Parallel Aware": false, "Async Capable": false, "Join Type": "Inner", "Startup Cost": 17972.02, "Total Cost": 138909.07, "Plan Rows": 5562, "Plan Width": 29, "Inner Unique": false, "Merge Cond": "(t.id = cc.movie_id)", "Plans": [{"Node Type": "Index Scan", "Parent Relationship": "Outer", "Parallel Aware": false, "Async Capable": false, "Scan Direction": "Forward", "Index Name": "title_pkey", "Relation Name": "title", "Alias": "t", "Startup Cost": 0.43, "Total Cost": 116689.45, "Plan Rows": 1665512, "Plan Width": 25, "Filter": "(production_year <= 2007)"}, {"Node Type": "Sort", "Parent Relationship": "Inner", "Parallel Aware": false, "Async Capable": false, "Startup Cost": 17958.02, "Total Cost": 17979.13, "Plan Rows": 8443, "Plan Width": 4, "Sort Key": ["cc.movie_id"], "Plans": [{"Node Type": "Merge Join", "Parent Relationship": "Outer", "Parallel Aware": false, "Async Capable": false, "Join Type": "Inner", "Startup Cost": 17154.09, "Total Cost": 17407.39, "Plan Rows": 8443, "Plan Width": 4, "Inner Unique": true, "Merge Cond": "(cc.status_id = cct2.id)", "Plans": [{"Node Type": "Sort", "Parent Relationship": "Outer", "Parallel Aware": false, "Async Capable": false, "Startup Cost": 17153.03, "Total Cost": 17237.46, "Plan Rows": 33772, "Plan Width": 8, "Sort Key": ["cc.status_id"], "Plans": [{"Node Type": "Merge Join", "Parent Relationship": "Outer", "Parallel Aware": false, "Async Capable": false, "Join Type": "Inner", "Startup Cost": 13599.62, "Total Cost": 14612.78, "Plan Rows": 33772, "Plan Width": 8, "Inner Unique": true, "Merge Cond": "(cc.subject_id = cct1.id)", "Plans": [{"Node Type": "Sort", "Parent Relationship": "Outer", "Parallel Aware": false, "Async Capable": false, "Startup Cost": 13598.56, "Total Cost": 13936.28, "Plan Rows": 135086, "Plan Width": 12, "Sort Key": ["cc.subject_id"], "Plans": [{"Node Type": "Seq Scan", "Parent Relationship": "Outer", "Parallel Aware": false, "Async Capable": false, "Relation Name": "complete_cast", "Alias": "cc", "Startup Cost": 0.0, "Total Cost": 2086.86, "Plan Rows": 135086, "Plan Width": 12}]}, {"Node Type": "Sort", "Parent Relationship": "Inner", "Parallel Aware": false, "Async Capable": false, "Startup Cost": 1.06, "Total Cost": 1.06, "Plan Rows": 1, "Plan Width": 4, "Sort Key": ["cct1.id"], "Plans": [{"Node Type": "Seq Scan", "Parent Relationship": "Outer", "Parallel Aware": false, "Async Capable": false, "Relation Name": "comp_cast_type", "Alias": "cct1", "Startup Cost": 0.0, "Total Cost": 1.05, "Plan Rows": 1, "Plan Width": 4, "Filter": "((kind)::text = 'cast'::text)"}]}]}]}, {"Node Type": "Sort", "Parent Relationship": "Inner", "Parallel Aware": false, "Async Capable": false, "Startup Cost": 1.06, "Total Cost": 1.06, "Plan Rows": 1, "Plan Width": 4, "Sort Key": ["cct2.id"], "Plans": [{"Node Type": "Seq Scan", "Parent Relationship": "Outer", "Parallel Aware": false, "Async Capable": false, "Relation Name": "comp_cast_type", "Alias": "cct2", "Startup Cost": 0.0, "Total Cost": 1.05, "Plan Rows": 1, "Plan Width": 4, "Filter": "((kind)::text ~~ '%complete%'::text)"}]}]}]}]}]}]}]}, {"Node Type": "Sort", "Parent Relationship": "Inner", "Parallel Aware": false, "Async Capable": false, "Startup Cost": 1.1, "Total Cost": 1.1, "Plan Rows": 1, "Plan Width": 4, "Sort Key": ["kt.id"], "Plans": [{"Node Type": "Seq Scan", "Parent Relationship": "Outer", "Parallel Aware": false, "Async Capable": false, "Relation Name": "kind_type", "Alias": "kt", "Startup Cost": 0.0, "Total Cost": 1.09, "Plan Rows": 1, "Plan Width": 4, "Filter": "((kind)::text = 'tv movie'::text)"}]}]}]}]}, {"Node Type": "Sort", "Parent Relationship": "Inner", "Parallel Aware": false, "Async Capable": false, "Startup Cost": 60209.84, "Total Cost": 60336.47, "Plan Rows": 50650, "Plan Width": 4, "Sort Key": ["chn.id"], "Plans": [{"Node Type": "Gather", "Parent Relationship": "Outer", "Parallel Aware": false, "Async Capable": false, "Startup Cost": 1000.0, "Total Cost": 56251.98, "Plan Rows": 50650, "Plan Width": 4, "Workers Planned": 4, "Single Copy": false, "Plans": [{"Node Type": "Seq Scan", "Parent Relationship": "Outer", "Parallel Aware": true, "Async Capable": false, "Relation Name": "char_name", "Alias": "chn", "Startup Cost": 0.0, "Total Cost": 50186.98, "Plan Rows": 12662, "Plan Width": 4, "Filter": "(((name)::text !~~ '%Tony%Stark%'::text) AND (((name)::text ~~ '%Iron%Man%'::text) OR ((name)::text ~~ '%Man%'::text)))"}]}]}]}]}]}]}]}]}}, {"Plan": {"Node Type": "Aggregate", "Strategy": "Plain", "Partial Mode": "Simple", "Parallel Aware": false, "Async Capable": false, "Startup Cost": 30001870035.0, "Total Cost": 30001870035.01, "Plan Rows": 1, "Plan Width": 32, "Plans": [{"Node Type": "Nested Loop", "Parent Relationship": "Outer", "Parallel Aware": false, "Async Capable": false, "Join Type": "Inner", "Startup Cost": 30000000002.14, "Total Cost": 30001870035.0, "Plan Rows": 1, "Plan Width": 17, "Inner Unique": true, "Plans": [{"Node Type": "Nested Loop", "Parent Relationship": "Outer", "Parallel Aware": false, "Async Capable": false, "Join Type": "Inner", "Startup Cost": 30000000002.01, "Total Cost": 30001870034.83, "Plan Rows": 1, "Plan Width": 21, "Inner Unique": true, "Join Filter": "(t.id = mk.movie_id)", "Plans": [{"Node Type": "Nested Loop", "Parent Relationship": "Outer", "Parallel Aware": false, "Async Capable": false, "Join Type": "Inner", "Startup Cost": 30000000001.58, "Total Cost": 30001870034.36, "Plan Rows": 1, "Plan Width": 12, "Inner Unique": true, "Plans": [{"Node Type": "Nested Loop", "Parent Relationship": "Outer", "Parallel Aware": false, "Async Capable": false, "Join Type": "Inner", "Startup Cost": 30000000001.15, "Total Cost": 30001870033.9, "Plan Rows": 1, "Plan Width": 16, "Inner Unique": false, "Join Filter": "(ci.movie_id = mk.movie_id)", "Plans": [{"Node Type": "Nested Loop", "Parent Relationship": "Outer", "Parallel Aware": false, "Async Capable": false, "Join Type": "Inner", "Startup Cost": 10000000000.44, "Total Cost": 10001557318.41, "Plan Rows": 282279, "Plan Width": 8, "Inner Unique": true, "Plans": [{"Node Type": "Seq Scan", "Parent Relationship": "Outer", "Parallel Aware": false, "Async Capable": false, "Relation Name": "cast_info", "Alias": "ci", "Startup Cost": 10000000000.0, "Total Cost": 10000615060.2, "Plan Rows": 36234020, "Plan Width": 12}, {"Node Type": "Memoize", "Parent Relationship": "Inner", "Parallel Aware": false, "Async Capable": false, "Startup Cost": 0.44, "Total Cost": 0.47, "Plan Rows": 1, "Plan Width": 4, "Cache Key": "ci.person_role_id", "Cache Mode": "logical", "Plans": [{"Node Type": "Index Scan", "Parent Relationship": "Outer", "Parallel Aware": false, "Async Capable": false, "Scan Direction": "Forward", "Index Name": "char_name_pkey", "Relation Name": "char_name", "Alias": "chn", "Startup Cost": 0.43, "Total Cost": 0.46, "Plan Rows": 1, "Plan Width": 4, "Index Cond": "(id = ci.person_role_id)", "Filter": "(((name)::text !~~ '%Tony%Stark%'::text) AND (((name)::text ~~ '%Iron%Man%'::text) OR ((name)::text ~~ '%Man%'::text)))"}]}]}, {"Node Type": "Materialize", "Parent Relationship": "Inner", "Parallel Aware": false, "Async Capable": false, "Startup Cost": 20000000000.71, "Total Cost": 20000240734.39, "Plan Rows": 17, "Plan Width": 8, "Plans": [{"Node Type": "Nested Loop", "Parent Relationship": "Outer", "Parallel Aware": false, "Async Capable": false, "Join Type": "Inner", "Startup Cost": 20000000000.71, "Total Cost": 20000240734.31, "Plan Rows": 17, "Plan Width": 8, "Inner Unique": false, "Join Filter": "(cc.movie_id = mk.movie_id)", "Plans": [{"Node Type": "Nested Loop", "Parent Relationship": "Outer", "Parallel Aware": false, "Async Capable": false, "Join Type": "Inner", "Startup Cost": 10000000000.26, "Total Cost": 10000004221.98, "Plan Rows": 8443, "Plan Width": 4, "Inner Unique": false, "Join Filter": "(cct2.id = cc.status_id)", "Plans": [{"Node Type": "Index Scan", "Parent Relationship": "Outer", "Parallel Aware": false, "Async Capable": false, "Scan Direction": "Forward", "Index Name": "comp_cast_type_pkey", "Relation Name": "comp_cast_type", "Alias": "cct2", "Startup Cost": 0.13, "Total Cost": 12.2, "Plan Rows": 1, "Plan Width": 4, "Filter": "((kind)::text ~~ '%complete%'::text)"}, {"Node Type": "Nested Loop", "Parent Relationship": "Inner", "Parallel Aware": false, "Async Capable": false, "Join Type": "Inner", "Startup Cost": 10000000000.13, "Total Cost": 10000003787.64, "Plan Rows": 33772, "Plan Width": 8, "Inner Unique": false, "Join Filter": "(cct1.id = cc.subject_id)", "Plans": [{"Node Type": "Index Scan", "Parent Relationship": "Outer", "Parallel Aware": false, "Async Capable": false, "Scan Direction": "Forward", "Index Name": "comp_cast_type_pkey", "Relation Name": "comp_cast_type", "Alias": "cct1", "Startup Cost": 0.13, "Total Cost": 12.2, "Plan Rows": 1, "Plan Width": 4, "Filter": "((kind)::text = 'cast'::text)"}, {"Node Type": "Seq Scan", "Parent Relationship": "Inner", "Parallel Aware": false, "Async Capable": false, "Relation Name": "complete_cast", "Alias": "cc", "Startup Cost": 10000000000.0, "Total Cost": 10000002086.86, "Plan Rows": 135086, "Plan Width": 12}]}]}, {"Node Type": "Materialize", "Parent Relationship": "Inner", "Parallel Aware": false, "Async Capable": false, "Startup Cost": 10000000000.45, "Total Cost": 10000198139.65, "Plan Rows": 303, "Plan Width": 4, "Plans": [{"Node Type": "Nested Loop", "Parent Relationship": "Outer", "Parallel Aware": false, "Async Capable": false, "Join Type": "Inner", "Startup Cost": 10000000000.45, "Total Cost": 10000198138.13, "Plan Rows": 303, "Plan Width": 4, "Inner Unique": true, "Plans": [{"Node Type": "Seq Scan", "Parent Relationship": "Outer", "Parallel Aware": false, "Async Capable": false, "Relation Name": "movie_keyword", "Alias": "mk", "Startup Cost": 10000000000.0, "Total Cost": 10000069719.3, "Plan Rows": 4523930, "Plan Width": 8}, {"Node Type": "Memoize", "Parent Relationship": "Inner", "Parallel Aware": false, "Async Capable": false, "Startup Cost": 0.45, "Total Cost": 0.48, "Plan Rows": 1, "Plan Width": 4, "Cache Key": "mk.keyword_id", "Cache Mode": "logical", "Plans": [{"Node Type": "Index Scan", "Parent Relationship": "Outer", "Parallel Aware": false, "Async Capable": false, "Scan Direction": "Forward", "Index Name": "keyword_pkey", "Relation Name": "keyword", "Alias": "k", "Startup Cost": 0.44, "Total Cost": 0.47, "Plan Rows": 1, "Plan Width": 4, "Index Cond": "(id = mk.keyword_id)", "Filter": "((keyword)::text = ANY ('{\"10,000-mile-club\",alienation,based-on-comic,based-on-novel,blood,character-name-in-title,claw,computer-animated-movie,computer-animation}'::text[]))"}]}]}]}]}]}]}, {"Node Type": "Index Scan", "Parent Relationship": "Inner", "Parallel Aware": false, "Async Capable": false, "Scan Direction": "Forward", "Index Name": "name_pkey", "Relation Name": "name", "Alias": "n", "Startup Cost": 0.43, "Total Cost": 0.46, "Plan Rows": 1, "Plan Width": 4, "Index Cond": "(id = ci.person_id)"}]}, {"Node Type": "Index Scan", "Parent Relationship": "Inner", "Parallel Aware": false, "Async Capable": false, "Scan Direction": "Forward", "Index Name": "title_pkey", "Relation Name": "title", "Alias": "t", "Startup Cost": 0.43, "Total Cost": 0.45, "Plan Rows": 1, "Plan Width": 25, "Index Cond": "(id = ci.movie_id)", "Filter": "(production_year <= 2007)"}]}, {"Node Type": "Index Scan", "Parent Relationship": "Inner", "Parallel Aware": false, "Async Capable": false, "Scan Direction": "Forward", "Index Name": "kind_type_pkey", "Relation Name": "kind_type", "Alias": "kt", "Startup Cost": 0.13, "Total Cost": 0.15, "Plan Rows": 1, "Plan Width": 4, "Index Cond": "(id = t.kind_id)", "Filter": "((kind)::text = 'tv movie'::text)"}]}]}}, {"Plan": {"Node Type": "Aggregate", "Strategy": "Plain", "Partial Mode": "Simple", "Parallel Aware": false, "Async Capable": false, "Startup Cost": 637993.13, "Total Cost": 637993.14, "Plan Rows": 1, "Plan Width": 32, "Plans": [{"Node Type": "Nested Loop", "Parent Relationship": "Outer", "Parallel Aware": false, "Async Capable": false, "Join Type": "Inner", "Startup Cost": 2001.9, "Total Cost": 637993.13, "Plan Rows": 1, "Plan Width": 17, "Inner Unique": true, "Plans": [{"Node Type": "Nested Loop", "Parent Relationship": "Outer", "Parallel Aware": false, "Async Capable": false, "Join Type": "Inner", "Startup Cost": 2001.47, "Total Cost": 637992.67, "Plan Rows": 1, "Plan Width": 21, "Inner Unique": false, "Join Filter": "(t.id = ci.movie_id)", "Plans": [{"Node Type": "Gather", "Parent Relationship": "Outer", "Parallel Aware": false, "Async Capable": false, "Startup Cost": 1000.44, "Total Cost": 529720.79, "Plan Rows": 282279, "Plan Width": 8, "Workers Planned": 6, "Single Copy": false, "Plans": [{"Node Type": "Nested Loop", "Parent Relationship": "Outer", "Parallel Aware": false, "Async Capable": false, "Join Type": "Inner", "Startup Cost": 0.44, "Total Cost": 500492.89, "Plan Rows": 47046, "Plan Width": 8, "Inner Unique": true, "Plans": [{"Node Type": "Seq Scan", "Parent Relationship": "Outer", "Parallel Aware": true, "Async Capable": false, "Relation Name": "cast_info", "Alias": "ci", "Startup Cost": 0.0, "Total Cost": 313110.03, "Plan Rows": 6039003, "Plan Width": 12}, {"Node Type": "Memoize", "Parent Relationship": "Inner", "Parallel Aware": false, "Async Capable": false, "Startup Cost": 0.44, "Total Cost": 0.47, "Plan Rows": 1, "Plan Width": 4, "Cache Key": "ci.person_role_id", "Cache Mode": "logical", "Plans": [{"Node Type": "Index Scan", "Parent Relationship": "Outer", "Parallel Aware": false, "Async Capable": false, "Scan Direction": "Forward", "Index Name": "char_name_pkey", "Relation Name": "char_name", "Alias": "chn", "Startup Cost": 0.43, "Total Cost": 0.46, "Plan Rows": 1, "Plan Width": 4, "Index Cond": "(id = ci.person_role_id)", "Filter": "(((name)::text !~~ '%Tony%Stark%'::text) AND (((name)::text ~~ '%Iron%Man%'::text) OR ((name)::text ~~ '%Man%'::text)))"}]}]}]}, {"Node Type": "Materialize", "Parent Relationship": "Inner", "Parallel Aware": false, "Async Capable": false, "Startup Cost": 1001.02, "Total Cost": 99803.52, "Plan Rows": 2, "Plan Width": 29, "Plans": [{"Node Type": "Nested Loop", "Parent Relationship": "Outer", "Parallel Aware": false, "Async Capable": false, "Join Type": "Inner", "Startup Cost": 1001.02, "Total Cost": 99803.51, "Plan Rows": 2, "Plan Width": 29, "Inner Unique": false, "Join Filter": "(t.id = cc.movie_id)", "Plans": [{"Node Type": "Nested Loop", "Parent Relationship": "Outer", "Parallel Aware": false, "Async Capable": false, "Join Type": "Inner", "Startup Cost": 0.0, "Total Cost": 4199.69, "Plan Rows": 8443, "Plan Width": 4, "Inner Unique": false, "Join Filter": "(cct2.id = cc.status_id)", "Plans": [{"Node Type": "Seq Scan", "Parent Relationship": "Outer", "Parallel Aware": false, "Async Capable": false, "Relation Name": "comp_cast_type", "Alias": "cct2", "Startup Cost": 0.0, "Total Cost": 1.05, "Plan Rows": 1, "Plan Width": 4, "Filter": "((kind)::text ~~ '%complete%'::text)"}, {"Node Type": "Nested Loop", "Parent Relationship": "Inner", "Parallel Aware": false, "Async Capable": false, "Join Type": "Inner", "Startup Cost": 0.0, "Total Cost": 3776.49, "Plan Rows": 33772, "Plan Width": 8, "Inner Unique": false, "Join Filter": "(cct1.id = cc.subject_id)", "Plans": [{"Node Type": "Seq Scan", "Parent Relationship": "Outer", "Parallel Aware": false, "Async Capable": false, "Relation Name": "comp_cast_type", "Alias": "cct1", "Startup Cost": 0.0, "Total Cost": 1.05, "Plan Rows": 1, "Plan Width": 4, "Filter": "((kind)::text = 'cast'::text)"}, {"Node Type": "Seq Scan", "Parent Relationship": "Inner", "Parallel Aware": false, "Async Capable": false, "Relation Name": "complete_cast", "Alias": "cc", "Startup Cost": 0.0, "Total Cost": 2086.86, "Plan Rows": 135086, "Plan Width": 12}]}]}, {"Node Type": "Materialize", "Parent Relationship": "Inner", "Parallel Aware": false, "Async Capable": false, "Startup Cost": 1001.02, "Total Cost": 91931.19, "Plan Rows": 29, "Plan Width": 25, "Plans": [{"Node Type": "Gather", "Parent Relationship": "Outer", "Parallel Aware": false, "Async Capable": false, "Startup Cost": 1001.02, "Total Cost": 91931.05, "Plan Rows": 29, "Plan Width": 25, "Workers Planned": 3, "Single Copy": false, "Plans": [{"Node Type": "Nested Loop", "Parent Relationship": "Outer", "Parallel Aware": false, "Async Capable": false, "Join Type": "Inner", "Startup Cost": 1.03, "Total Cost": 90928.15, "Plan Rows": 9, "Plan Width": 25, "Inner Unique": true, "Plans": [{"Node Type": "Nested Loop", "Parent Relationship": "Outer", "Parallel Aware": false, "Async Capable": false, "Join Type": "Inner", "Startup Cost": 0.88, "Total Cost": 90925.47, "Plan Rows": 65, "Plan Width": 29, "Inner Unique": true, "Plans": [{"Node Type": "Nested Loop", "Parent Relationship": "Outer", "Parallel Aware": false, "Async Capable": false, "Join Type": "Inner", "Startup Cost": 0.45, "Total Cost": 90877.47, "Plan Rows": 98, "Plan Width": 4, "Inner Unique": true, "Plans": [{"Node Type": "Seq Scan", "Parent Relationship": "Outer", "Parallel Aware": true, "Async Capable": false, "Relation Name": "movie_keyword", "Alias": "mk", "Startup Cost": 0.0, "Total Cost": 39073.32, "Plan Rows": 1459332, "Plan Width": 8}, {"Node Type": "Memoize", "Parent Relationship": "Inner", "Parallel Aware": false, "Async Capable": false, "Startup Cost": 0.45, "Total Cost": 0.48, "Plan Rows": 1, "Plan Width": 4, "Cache Key": "mk.keyword_id", "Cache Mode": "logical", "Plans": [{"Node Type": "Index Scan", "Parent Relationship": "Outer", "Parallel Aware": false, "Async Capable": false, "Scan Direction": "Forward", "Index Name": "keyword_pkey", "Relation Name": "keyword", "Alias": "k", "Startup Cost": 0.44, "Total Cost": 0.47, "Plan Rows": 1, "Plan Width": 4, "Index Cond": "(id = mk.keyword_id)", "Filter": "((keyword)::text = ANY ('{\"10,000-mile-club\",alienation,based-on-comic,based-on-novel,blood,character-name-in-title,claw,computer-animated-movie,computer-animation}'::text[]))"}]}]}, {"Node Type": "Index Scan", "Parent Relationship": "Inner", "Parallel Aware": false, "Async Capable": false, "Scan Direction": "Forward", "Index Name": "title_pkey", "Relation Name": "title", "Alias": "t", "Startup Cost": 0.43, "Total Cost": 0.49, "Plan Rows": 1, "Plan Width": 25, "Index Cond": "(id = mk.movie_id)", "Filter": "(production_year <= 2007)"}]}, {"Node Type": "Memoize", "Parent Relationship": "Inner", "Parallel Aware": false, "Async Capable": false, "Startup Cost": 0.14, "Total Cost": 0.16, "Plan Rows": 1, "Plan Width": 4, "Cache Key": "t.kind_id", "Cache Mode": "logical", "Plans": [{"Node Type": "Index Scan", "Parent Relationship": "Outer", "Parallel Aware": false, "Async Capable": false, "Scan Direction": "Forward", "Index Name": "kind_type_pkey", "Relation Name": "kind_type", "Alias": "kt", "Startup Cost": 0.13, "Total Cost": 0.15, "Plan Rows": 1, "Plan Width": 4, "Index Cond": "(id = t.kind_id)", "Filter": "((kind)::text = 'tv movie'::text)"}]}]}]}]}]}]}]}, {"Node Type": "Index Scan", "Parent Relationship": "Inner", "Parallel Aware": false, "Async Capable": false, "Scan Direction": "Forward", "Index Name": "name_pkey", "Relation Name": "name", "Alias": "n", "Startup Cost": 0.43, "Total Cost": 0.46, "Plan Rows": 1, "Plan Width": 4, "Index Cond": "(id = ci.person_id)"}]}]}}]