[{"Plan": {"Node Type": "Aggregate", "Strategy": "Plain", "Partial Mode": "Finalize", "Parallel Aware": false, "Async Capable": false, "Startup Cost": 255097.43, "Total Cost": 255097.44, "Plan Rows": 1, "Plan Width": 32, "Plans": [{"Node Type": "Gather", "Parent Relationship": "Outer", "Parallel Aware": false, "Async Capable": false, "Startup Cost": 255096.91, "Total Cost": 255097.42, "Plan Rows": 5, "Plan Width": 32, "Workers Planned": 5, "Single Copy": false, "Plans": [{"Node Type": "Aggregate", "Strategy": "Plain", "Partial Mode": "Partial", "Parent Relationship": "Outer", "Parallel Aware": false, "Async Capable": false, "Startup Cost": 254096.91, "Total Cost": 254096.92, "Plan Rows": 1, "Plan Width": 32, "Plans": [{"Node Type": "Hash Join", "Parent Relationship": "Outer", "Parallel Aware": true, "Async Capable": false, "Join Type": "Inner", "Startup Cost": 47061.36, "Total Cost": 254089.26, "Plan Rows": 3059, "Plan Width": 17, "Inner Unique": false, "Hash Cond": "(mi.movie_id = t.id)", "Plans": [{"Node Type": "Seq Scan", "Parent Relationship": "Outer", "Parallel Aware": true, "Async Capable": false, "Relation Name": "movie_info", "Alias": "mi", "Startup Cost": 0.02, "Total Cost": 206156.62, "Plan Rows": 231655, "Plan Width": 4, "Filter": "((info)::text = ANY ('{Action,American,Bulgaria,Crime,Denish,Denmark,Drama,English,Family}'::text[]))"}, {"Node Type": "Hash", "Parent Relationship": "Inner", "Parallel Aware": true, "Async Capable": false, "Startup Cost": 47025.83, "Total Cost": 47025.83, "Plan Rows": 2841, "Plan Width": 25, "Plans": [{"Node Type": "Nested Loop", "Parent Relationship": "Outer", "Parallel Aware": false, "Async Capable": false, "Join Type": "Inner", "Startup Cost": 2688.92, "Total Cost": 47025.83, "Plan Rows": 2841, "Plan Width": 25, "Inner Unique": true, "Plans": [{"Node Type": "Hash Join", "Parent Relationship": "Outer", "Parallel Aware": false, "Async Capable": false, "Join Type": "Inner", "Startup Cost": 2688.49, "Total Cost": 45592.68, "Plan Rows": 2926, "Plan Width": 4, "Inner Unique": true, "Hash Cond": "(mk.keyword_id = k.id)", "Plans": [{"Node Type": "Seq Scan", "Parent Relationship": "Outer", "Parallel Aware": true, "Async Capable": false, "Relation Name": "movie_keyword", "Alias": "mk", "Startup Cost": 0.0, "Total Cost": 39073.32, "Plan Rows": 1459332, "Plan Width": 8}, {"Node Type": "Hash", "Parent Relationship": "Inner", "Parallel Aware": false, "Async Capable": false, "Startup Cost": 2685.12, "Total Cost": 2685.12, "Plan Rows": 269, "Plan Width": 4, "Plans": [{"Node Type": "Seq Scan", "Parent Relationship": "Outer", "Parallel Aware": false, "Async Capable": false, "Relation Name": "keyword", "Alias": "k", "Startup Cost": 0.0, "Total Cost": 2685.12, "Plan Rows": 269, "Plan Width": 4, "Filter": "((keyword)::text ~~ '%sequel%'::text)"}]}]}, {"Node Type": "Index Scan", "Parent Relationship": "Inner", "Parallel Aware": false, "Async Capable": false, "Scan Direction": "Forward", "Index Name": "title_pkey", "Relation Name": "title", "Alias": "t", "Startup Cost": 0.43, "Total Cost": 0.49, "Plan Rows": 1, "Plan Width": 21, "Index Cond": "(id = mk.movie_id)", "Filter": "(production_year >= 1888)"}]}]}]}]}]}]}}, {"Plan": {"Node Type": "Aggregate", "Strategy": "Plain", "Partial Mode": "Simple", "Parallel Aware": false, "Async Capable": false, "Startup Cost": 40000516184.05, "Total Cost": 40000516184.06, "Plan Rows": 1, "Plan Width": 32, "Plans": [{"Node Type": "Hash Join", "Parent Relationship": "Outer", "Parallel Aware": false, "Async Capable": false, "Join Type": "Inner", "Startup Cost": 40000127570.99, "Total Cost": 40000516145.82, "Plan Rows": 15293, "Plan Width": 17, "Inner Unique": false, "Hash Cond": "(mi.movie_id = t.id)", "Plans": [{"Node Type": "Seq Scan", "Parent Relationship": "Outer", "Parallel Aware": false, "Async Capable": false, "Relation Name": "movie_info", "Alias": "mi", "Startup Cost": 10000000000.02, "Total Cost": 10000384190.99, "Plan Rows": 1158273, "Plan Width": 4, "Filter": "((info)::text = ANY ('{Action,American,Bulgaria,Crime,Denish,Denmark,Drama,English,Family}'::text[]))"}, {"Node Type": "Hash", "Parent Relationship": "Inner", "Parallel Aware": false, "Async Capable": false, "Startup Cost": 30000127460.89, "Total Cost": 30000127460.89, "Plan Rows": 8806, "Plan Width": 25, "Plans": [{"Node Type": "Nested Loop", "Parent Relationship": "Outer", "Parallel Aware": false, "Async Capable": false, "Join Type": "Inner", "Startup Cost": 30000005407.7, "Total Cost": 30000127460.89, "Plan Rows": 8806, "Plan Width": 25, "Inner Unique": true, "Plans": [{"Node Type": "Hash Join", "Parent Relationship": "Outer", "Parallel Aware": false, "Async Capable": false, "Join Type": "Inner", "Startup Cost": 20000005407.25, "Total Cost": 20000087002.25, "Plan Rows": 9070, "Plan Width": 4, "Inner Unique": true, "Hash Cond": "(mk.keyword_id = k.id)", "Plans": [{"Node Type": "Seq Scan", "Parent Relationship": "Outer", "Parallel Aware": false, "Async Capable": false, "Relation Name": "movie_keyword", "Alias": "mk", "Startup Cost": 10000000000.0, "Total Cost": 10000069719.3, "Plan Rows": 4523930, "Plan Width": 8}, {"Node Type": "Hash", "Parent Relationship": "Inner", "Parallel Aware": false, "Async Capable": false, "Startup Cost": 10000005403.89, "Total Cost": 10000005403.89, "Plan Rows": 269, "Plan Width": 4, "Plans": [{"Node Type": "Index Scan", "Parent Relationship": "Outer", "Parallel Aware": false, "Async Capable": false, "Scan Direction": "Forward", "Index Name": "keyword_pkey", "Relation Name": "keyword", "Alias": "k", "Startup Cost": 10000000000.42, "Total Cost": 10000005403.89, "Plan Rows": 269, "Plan Width": 4, "Filter": "((keyword)::text ~~ '%sequel%'::text)"}]}]}, {"Node Type": "Bitmap Heap Scan", "Parent Relationship": "Inner", "Parallel Aware": false, "Async Capable": false, "Relation Name": "title", "Alias": "t", "Startup Cost": 0.45, "Total Cost": 4.46, "Plan Rows": 1, "Plan Width": 21, "Recheck Cond": "(id = mk.movie_id)", "Filter": "(production_year >= 1888)", "Plans": [{"Node Type": "Bitmap Index Scan", "Parent Relationship": "Outer", "Parallel Aware": false, "Async Capable": false, "Index Name": "title_pkey", "Startup Cost": 0.0, "Total Cost": 0.45, "Plan Rows": 1, "Plan Width": 0, "Index Cond": "(id = mk.movie_id)"}]}]}]}]}]}}, {"Plan": {"Node Type": "Aggregate", "Strategy": "Plain", "Partial Mode": "Simple", "Parallel Aware": false, "Async Capable": false, "Startup Cost": 20000601821.56, "Total Cost": 20000601821.57, "Plan Rows": 1, "Plan Width": 32, "Plans": [{"Node Type": "Hash Join", "Parent Relationship": "Outer", "Parallel Aware": false, "Async Capable": false, "Join Type": "Inner", "Startup Cost": 20000213208.49, "Total Cost": 20000601783.33, "Plan Rows": 15293, "Plan Width": 17, "Inner Unique": false, "Hash Cond": "(mi.movie_id = t.id)", "Plans": [{"Node Type": "Seq Scan", "Parent Relationship": "Outer", "Parallel Aware": false, "Async Capable": false, "Relation Name": "movie_info", "Alias": "mi", "Startup Cost": 10000000000.02, "Total Cost": 10000384190.99, "Plan Rows": 1158273, "Plan Width": 4, "Filter": "((info)::text = ANY ('{Action,American,Bulgaria,Crime,Denish,Denmark,Drama,English,Family}'::text[]))"}, {"Node Type": "Hash", "Parent Relationship": "Inner", "Parallel Aware": false, "Async Capable": false, "Startup Cost": 10000213098.4, "Total Cost": 10000213098.4, "Plan Rows": 8806, "Plan Width": 25, "Plans": [{"Node Type": "Hash Join", "Parent Relationship": "Outer", "Parallel Aware": false, "Async Capable": false, "Join Type": "Inner", "Startup Cost": 10000087116.05, "Total Cost": 10000213098.4, "Plan Rows": 8806, "Plan Width": 25, "Inner Unique": false, "Hash Cond": "(t.id = mk.movie_id)", "Plans": [{"Node Type": "Index Scan", "Parent Relationship": "Outer", "Parallel Aware": false, "Async Capable": false, "Scan Direction": "Forward", "Index Name": "title_pkey", "Relation Name": "title", "Alias": "t", "Startup Cost": 0.43, "Total Cost": 116689.45, "Plan Rows": 2454738, "Plan Width": 21, "Filter": "(production_year >= 1888)"}, {"Node Type": "Hash", "Parent Relationship": "Inner", "Parallel Aware": false, "Async Capable": false, "Startup Cost": 10000087002.25, "Total Cost": 10000087002.25, "Plan Rows": 9070, "Plan Width": 4, "Plans": [{"Node Type": "Hash Join", "Parent Relationship": "Outer", "Parallel Aware": false, "Async Capable": false, "Join Type": "Inner", "Startup Cost": 10000005407.25, "Total Cost": 10000087002.25, "Plan Rows": 9070, "Plan Width": 4, "Inner Unique": true, "Hash Cond": "(mk.keyword_id = k.id)", "Plans": [{"Node Type": "Seq Scan", "Parent Relationship": "Outer", "Parallel Aware": false, "Async Capable": false, "Relation Name": "movie_keyword", "Alias": "mk", "Startup Cost": 10000000000.0, "Total Cost": 10000069719.3, "Plan Rows": 4523930, "Plan Width": 8}, {"Node Type": "Hash", "Parent Relationship": "Inner", "Parallel Aware": false, "Async Capable": false, "Startup Cost": 5403.89, "Total Cost": 5403.89, "Plan Rows": 269, "Plan Width": 4, "Plans": [{"Node Type": "Index Scan", "Parent Relationship": "Outer", "Parallel Aware": false, "Async Capable": false, "Scan Direction": "Forward", "Index Name": "keyword_pkey", "Relation Name": "keyword", "Alias": "k", "Startup Cost": 0.42, "Total Cost": 5403.89, "Plan Rows": 269, "Plan Width": 4, "Filter": "((keyword)::text ~~ '%sequel%'::text)"}]}]}]}]}]}]}]}}, {"Plan": {"Node Type": "Aggregate", "Strategy": "Plain", "Partial Mode": "Simple", "Parallel Aware": false, "Async Capable": false, "Startup Cost": 20000599162.59, "Total Cost": 20000599162.6, "Plan Rows": 1, "Plan Width": 32, "Plans": [{"Node Type": "Hash Join", "Parent Relationship": "Outer", "Parallel Aware": false, "Async Capable": false, "Join Type": "Inner", "Startup Cost": 20000210549.52, "Total Cost": 20000599124.35, "Plan Rows": 15293, "Plan Width": 17, "Inner Unique": false, "Hash Cond": "(mi.movie_id = t.id)", "Plans": [{"Node Type": "Seq Scan", "Parent Relationship": "Outer", "Parallel Aware": false, "Async Capable": false, "Relation Name": "movie_info", "Alias": "mi", "Startup Cost": 10000000000.02, "Total Cost": 10000384190.99, "Plan Rows": 1158273, "Plan Width": 4, "Filter": "((info)::text = ANY ('{Action,American,Bulgaria,Crime,Denish,Denmark,Drama,English,Family}'::text[]))"}, {"Node Type": "Hash", "Parent Relationship": "Inner", "Parallel Aware": false, "Async Capable": false, "Startup Cost": 10000210439.42, "Total Cost": 10000210439.42, "Plan Rows": 8806, "Plan Width": 25, "Plans": [{"Node Type": "Merge Join", "Parent Relationship": "Outer", "Parallel Aware": false, "Async Capable": false, "Join Type": "Inner", "Startup Cost": 10000087601.29, "Total Cost": 10000210439.42, "Plan Rows": 8806, "Plan Width": 25, "Inner Unique": true, "Merge Cond": "(mk.movie_id = t.id)", "Plans": [{"Node Type": "Sort", "Parent Relationship": "Outer", "Parallel Aware": false, "Async Capable": false, "Startup Cost": 10000087598.46, "Total Cost": 10000087621.13, "Plan Rows": 9070, "Plan Width": 4, "Sort Key": ["mk.movie_id"], "Plans": [{"Node Type": "Hash Join", "Parent Relationship": "Outer", "Parallel Aware": false, "Async Capable": false, "Join Type": "Inner", "Startup Cost": 10000005407.25, "Total Cost": 10000087002.25, "Plan Rows": 9070, "Plan Width": 4, "Inner Unique": true, "Hash Cond": "(mk.keyword_id = k.id)", "Plans": [{"Node Type": "Seq Scan", "Parent Relationship": "Outer", "Parallel Aware": false, "Async Capable": false, "Relation Name": "movie_keyword", "Alias": "mk", "Startup Cost": 10000000000.0, "Total Cost": 10000069719.3, "Plan Rows": 4523930, "Plan Width": 8}, {"Node Type": "Hash", "Parent Relationship": "Inner", "Parallel Aware": false, "Async Capable": false, "Startup Cost": 5403.89, "Total Cost": 5403.89, "Plan Rows": 269, "Plan Width": 4, "Plans": [{"Node Type": "Index Scan", "Parent Relationship": "Outer", "Parallel Aware": false, "Async Capable": false, "Scan Direction": "Forward", "Index Name": "keyword_pkey", "Relation Name": "keyword", "Alias": "k", "Startup Cost": 0.42, "Total Cost": 5403.89, "Plan Rows": 269, "Plan Width": 4, "Filter": "((keyword)::text ~~ '%sequel%'::text)"}]}]}]}, {"Node Type": "Index Scan", "Parent Relationship": "Inner", "Parallel Aware": false, "Async Capable": false, "Scan Direction": "Forward", "Index Name": "title_pkey", "Relation Name": "title", "Alias": "t", "Startup Cost": 0.43, "Total Cost": 116689.45, "Plan Rows": 2454738, "Plan Width": 21, "Filter": "(production_year >= 1888)"}]}]}]}]}}, {"Plan": {"Node Type": "Aggregate", "Strategy": "Plain", "Partial Mode": "Finalize", "Parallel Aware": false, "Async Capable": false, "Startup Cost": 302211.0, "Total Cost": 302211.01, "Plan Rows": 1, "Plan Width": 32, "Plans": [{"Node Type": "Gather", "Parent Relationship": "Outer", "Parallel Aware": false, "Async Capable": false, "Startup Cost": 302210.47, "Total Cost": 302210.98, "Plan Rows": 5, "Plan Width": 32, "Workers Planned": 5, "Single Copy": false, "Plans": [{"Node Type": "Aggregate", "Strategy": "Plain", "Partial Mode": "Partial", "Parent Relationship": "Outer", "Parallel Aware": false, "Async Capable": false, "Startup Cost": 301210.47, "Total Cost": 301210.48, "Plan Rows": 1, "Plan Width": 32, "Plans": [{"Node Type": "Hash Join", "Parent Relationship": "Outer", "Parallel Aware": true, "Async Capable": false, "Join Type": "Inner", "Startup Cost": 94175.51, "Total Cost": 301202.83, "Plan Rows": 3059, "Plan Width": 17, "Inner Unique": false, "Hash Cond": "(mi.movie_id = t.id)", "Plans": [{"Node Type": "Seq Scan", "Parent Relationship": "Outer", "Parallel Aware": true, "Async Capable": false, "Relation Name": "movie_info", "Alias": "mi", "Startup Cost": 0.02, "Total Cost": 206156.62, "Plan Rows": 231655, "Plan Width": 4, "Filter": "((info)::text = ANY ('{Action,American,Bulgaria,Crime,Denish,Denmark,Drama,English,Family}'::text[]))"}, {"Node Type": "Hash", "Parent Relationship": "Inner", "Parallel Aware": true, "Async Capable": false, "Startup Cost": 94147.96, "Total Cost": 94147.96, "Plan Rows": 2202, "Plan Width": 25, "Plans": [{"Node Type": "Hash Join", "Parent Relationship": "Outer", "Parallel Aware": true, "Async Capable": false, "Join Type": "Inner", "Startup Cost": 45629.25, "Total Cost": 94147.96, "Plan Rows": 2202, "Plan Width": 25, "Inner Unique": false, "Hash Cond": "(t.id = mk.movie_id)", "Plans": [{"Node Type": "Seq Scan", "Parent Relationship": "Outer", "Parallel Aware": true, "Async Capable": false, "Relation Name": "title", "Alias": "t", "Startup Cost": 0.0, "Total Cost": 43908.97, "Plan Rows": 613684, "Plan Width": 21, "Filter": "(production_year >= 1888)"}, {"Node Type": "Hash", "Parent Relationship": "Inner", "Parallel Aware": true, "Async Capable": false, "Startup Cost": 45592.68, "Total Cost": 45592.68, "Plan Rows": 2926, "Plan Width": 4, "Plans": [{"Node Type": "Hash Join", "Parent Relationship": "Outer", "Parallel Aware": false, "Async Capable": false, "Join Type": "Inner", "Startup Cost": 2688.49, "Total Cost": 45592.68, "Plan Rows": 2926, "Plan Width": 4, "Inner Unique": true, "Hash Cond": "(mk.keyword_id = k.id)", "Plans": [{"Node Type": "Seq Scan", "Parent Relationship": "Outer", "Parallel Aware": true, "Async Capable": false, "Relation Name": "movie_keyword", "Alias": "mk", "Startup Cost": 0.0, "Total Cost": 39073.32, "Plan Rows": 1459332, "Plan Width": 8}, {"Node Type": "Hash", "Parent Relationship": "Inner", "Parallel Aware": false, "Async Capable": false, "Startup Cost": 2685.12, "Total Cost": 2685.12, "Plan Rows": 269, "Plan Width": 4, "Plans": [{"Node Type": "Seq Scan", "Parent Relationship": "Outer", "Parallel Aware": false, "Async Capable": false, "Relation Name": "keyword", "Alias": "k", "Startup Cost": 0.0, "Total Cost": 2685.12, "Plan Rows": 269, "Plan Width": 4, "Filter": "((keyword)::text ~~ '%sequel%'::text)"}]}]}]}]}]}]}]}]}]}}, {"Plan": {"Node Type": "Aggregate", "Strategy": "Plain", "Partial Mode": "Simple", "Parallel Aware": false, "Async Capable": false, "Startup Cost": 20000480167.88, "Total Cost": 20000480167.89, "Plan Rows": 1, "Plan Width": 32, "Plans": [{"Node Type": "Hash Join", "Parent Relationship": "Outer", "Parallel Aware": false, "Async Capable": false, "Join Type": "Inner", "Startup Cost": 20000091554.81, "Total Cost": 20000480129.65, "Plan Rows": 15293, "Plan Width": 17, "Inner Unique": false, "Hash Cond": "(mi.movie_id = t.id)", "Plans": [{"Node Type": "Seq Scan", "Parent Relationship": "Outer", "Parallel Aware": false, "Async Capable": false, "Relation Name": "movie_info", "Alias": "mi", "Startup Cost": 10000000000.02, "Total Cost": 10000384190.99, "Plan Rows": 1158273, "Plan Width": 4, "Filter": "((info)::text = ANY ('{Action,American,Bulgaria,Crime,Denish,Denmark,Drama,English,Family}'::text[]))"}, {"Node Type": "Hash", "Parent Relationship": "Inner", "Parallel Aware": false, "Async Capable": false, "Startup Cost": 10000091444.72, "Total Cost": 10000091444.72, "Plan Rows": 8806, "Plan Width": 25, "Plans": [{"Node Type": "Nested Loop", "Parent Relationship": "Outer", "Parallel Aware": false, "Async Capable": false, "Join Type": "Inner", "Startup Cost": 10000005407.68, "Total Cost": 10000091444.72, "Plan Rows": 8806, "Plan Width": 25, "Inner Unique": true, "Plans": [{"Node Type": "Hash Join", "Parent Relationship": "Outer", "Parallel Aware": false, "Async Capable": false, "Join Type": "Inner", "Startup Cost": 10000005407.25, "Total Cost": 10000087002.25, "Plan Rows": 9070, "Plan Width": 4, "Inner Unique": true, "Hash Cond": "(mk.keyword_id = k.id)", "Plans": [{"Node Type": "Seq Scan", "Parent Relationship": "Outer", "Parallel Aware": false, "Async Capable": false, "Relation Name": "movie_keyword", "Alias": "mk", "Startup Cost": 10000000000.0, "Total Cost": 10000069719.3, "Plan Rows": 4523930, "Plan Width": 8}, {"Node Type": "Hash", "Parent Relationship": "Inner", "Parallel Aware": false, "Async Capable": false, "Startup Cost": 5403.89, "Total Cost": 5403.89, "Plan Rows": 269, "Plan Width": 4, "Plans": [{"Node Type": "Index Scan", "Parent Relationship": "Outer", "Parallel Aware": false, "Async Capable": false, "Scan Direction": "Forward", "Index Name": "keyword_pkey", "Relation Name": "keyword", "Alias": "k", "Startup Cost": 0.42, "Total Cost": 5403.89, "Plan Rows": 269, "Plan Width": 4, "Filter": "((keyword)::text ~~ '%sequel%'::text)"}]}]}, {"Node Type": "Index Scan", "Parent Relationship": "Inner", "Parallel Aware": false, "Async Capable": false, "Scan Direction": "Forward", "Index Name": "title_pkey", "Relation Name": "title", "Alias": "t", "Startup Cost": 0.43, "Total Cost": 0.49, "Plan Rows": 1, "Plan Width": 21, "Index Cond": "(id = mk.movie_id)", "Filter": "(production_year >= 1888)"}]}]}]}]}}, {"Plan": {"Node Type": "Aggregate", "Strategy": "Plain", "Partial Mode": "Simple", "Parallel Aware": false, "Async Capable": false, "Startup Cost": 40000599162.59, "Total Cost": 40000599162.6, "Plan Rows": 1, "Plan Width": 32, "Plans": [{"Node Type": "Hash Join", "Parent Relationship": "Outer", "Parallel Aware": false, "Async Capable": false, "Join Type": "Inner", "Startup Cost": 40000210549.52, "Total Cost": 40000599124.35, "Plan Rows": 15293, "Plan Width": 17, "Inner Unique": false, "Hash Cond": "(mi.movie_id = t.id)", "Plans": [{"Node Type": "Seq Scan", "Parent Relationship": "Outer", "Parallel Aware": false, "Async Capable": false, "Relation Name": "movie_info", "Alias": "mi", "Startup Cost": 10000000000.02, "Total Cost": 10000384190.99, "Plan Rows": 1158273, "Plan Width": 4, "Filter": "((info)::text = ANY ('{Action,American,Bulgaria,Crime,Denish,Denmark,Drama,English,Family}'::text[]))"}, {"Node Type": "Hash", "Parent Relationship": "Inner", "Parallel Aware": false, "Async Capable": false, "Startup Cost": 30000210439.42, "Total Cost": 30000210439.42, "Plan Rows": 8806, "Plan Width": 25, "Plans": [{"Node Type": "Merge Join", "Parent Relationship": "Outer", "Parallel Aware": false, "Async Capable": false, "Join Type": "Inner", "Startup Cost": 30000087601.29, "Total Cost": 30000210439.42, "Plan Rows": 8806, "Plan Width": 25, "Inner Unique": true, "Merge Cond": "(mk.movie_id = t.id)", "Plans": [{"Node Type": "Sort", "Parent Relationship": "Outer", "Parallel Aware": false, "Async Capable": false, "Startup Cost": 20000087598.46, "Total Cost": 20000087621.13, "Plan Rows": 9070, "Plan Width": 4, "Sort Key": ["mk.movie_id"], "Plans": [{"Node Type": "Hash Join", "Parent Relationship": "Outer", "Parallel Aware": false, "Async Capable": false, "Join Type": "Inner", "Startup Cost": 20000005407.25, "Total Cost": 20000087002.25, "Plan Rows": 9070, "Plan Width": 4, "Inner Unique": true, "Hash Cond": "(mk.keyword_id = k.id)", "Plans": [{"Node Type": "Seq Scan", "Parent Relationship": "Outer", "Parallel Aware": false, "Async Capable": false, "Relation Name": "movie_keyword", "Alias": "mk", "Startup Cost": 10000000000.0, "Total Cost": 10000069719.3, "Plan Rows": 4523930, "Plan Width": 8}, {"Node Type": "Hash", "Parent Relationship": "Inner", "Parallel Aware": false, "Async Capable": false, "Startup Cost": 10000005403.89, "Total Cost": 10000005403.89, "Plan Rows": 269, "Plan Width": 4, "Plans": [{"Node Type": "Index Scan", "Parent Relationship": "Outer", "Parallel Aware": false, "Async Capable": false, "Scan Direction": "Forward", "Index Name": "keyword_pkey", "Relation Name": "keyword", "Alias": "k", "Startup Cost": 10000000000.42, "Total Cost": 10000005403.89, "Plan Rows": 269, "Plan Width": 4, "Filter": "((keyword)::text ~~ '%sequel%'::text)"}]}]}]}, {"Node Type": "Index Scan", "Parent Relationship": "Inner", "Parallel Aware": false, "Async Capable": false, "Scan Direction": "Forward", "Index Name": "title_pkey", "Relation Name": "title", "Alias": "t", "Startup Cost": 10000000000.43, "Total Cost": 10000116689.45, "Plan Rows": 2454738, "Plan Width": 21, "Filter": "(production_year >= 1888)"}]}]}]}]}}, {"Plan": {"Node Type": "Aggregate", "Strategy": "Plain", "Partial Mode": "Simple", "Parallel Aware": false, "Async Capable": false, "Startup Cost": 20000757974.55, "Total Cost": 20000757974.56, "Plan Rows": 1, "Plan Width": 32, "Plans": [{"Node Type": "Hash Join", "Parent Relationship": "Outer", "Parallel Aware": false, "Async Capable": false, "Join Type": "Inner", "Startup Cost": 20000369361.48, "Total Cost": 20000757936.32, "Plan Rows": 15293, "Plan Width": 17, "Inner Unique": false, "Hash Cond": "(mi.movie_id = t.id)", "Plans": [{"Node Type": "Seq Scan", "Parent Relationship": "Outer", "Parallel Aware": false, "Async Capable": false, "Relation Name": "movie_info", "Alias": "mi", "Startup Cost": 10000000000.02, "Total Cost": 10000384190.99, "Plan Rows": 1158273, "Plan Width": 4, "Filter": "((info)::text = ANY ('{Action,American,Bulgaria,Crime,Denish,Denmark,Drama,English,Family}'::text[]))"}, {"Node Type": "Hash", "Parent Relationship": "Inner", "Parallel Aware": false, "Async Capable": false, "Startup Cost": 10000369251.39, "Total Cost": 10000369251.39, "Plan Rows": 8806, "Plan Width": 25, "Plans": [{"Node Type": "Nested Loop", "Parent Relationship": "Outer", "Parallel Aware": false, "Async Capable": false, "Join Type": "Inner", "Startup Cost": 10000000000.88, "Total Cost": 10000369251.39, "Plan Rows": 8806, "Plan Width": 25, "Inner Unique": true, "Plans": [{"Node Type": "Nested Loop", "Parent Relationship": "Outer", "Parallel Aware": false, "Async Capable": false, "Join Type": "Inner", "Startup Cost": 10000000000.44, "Total Cost": 10000328792.74, "Plan Rows": 9070, "Plan Width": 4, "Inner Unique": true, "Plans": [{"Node Type": "Seq Scan", "Parent Relationship": "Outer", "Parallel Aware": false, "Async Capable": false, "Relation Name": "movie_keyword", "Alias": "mk", "Startup Cost": 10000000000.0, "Total Cost": 10000069719.3, "Plan Rows": 4523930, "Plan Width": 8}, {"Node Type": "Memoize", "Parent Relationship": "Inner", "Parallel Aware": false, "Async Capable": false, "Startup Cost": 0.44, "Total Cost": 4.45, "Plan Rows": 1, "Plan Width": 4, "Cache Key": "mk.keyword_id", "Cache Mode": "logical", "Plans": [{"Node Type": "Bitmap Heap Scan", "Parent Relationship": "Outer", "Parallel Aware": false, "Async Capable": false, "Relation Name": "keyword", "Alias": "k", "Startup Cost": 0.43, "Total Cost": 4.44, "Plan Rows": 1, "Plan Width": 4, "Recheck Cond": "(id = mk.keyword_id)", "Filter": "((keyword)::text ~~ '%sequel%'::text)", "Plans": [{"Node Type": "Bitmap Index Scan", "Parent Relationship": "Outer", "Parallel Aware": false, "Async Capable": false, "Index Name": "keyword_pkey", "Startup Cost": 0.0, "Total Cost": 0.43, "Plan Rows": 1, "Plan Width": 0, "Index Cond": "(id = mk.keyword_id)"}]}]}]}, {"Node Type": "Bitmap Heap Scan", "Parent Relationship": "Inner", "Parallel Aware": false, "Async Capable": false, "Relation Name": "title", "Alias": "t", "Startup Cost": 0.45, "Total Cost": 4.46, "Plan Rows": 1, "Plan Width": 21, "Recheck Cond": "(id = mk.movie_id)", "Filter": "(production_year >= 1888)", "Plans": [{"Node Type": "Bitmap Index Scan", "Parent Relationship": "Outer", "Parallel Aware": false, "Async Capable": false, "Index Name": "title_pkey", "Startup Cost": 0.0, "Total Cost": 0.45, "Plan Rows": 1, "Plan Width": 0, "Index Cond": "(id = mk.movie_id)"}]}]}]}]}]}}, {"Plan": {"Node Type": "Aggregate", "Strategy": "Plain", "Partial Mode": "Finalize", "Parallel Aware": false, "Async Capable": false, "Startup Cost": 266716.32, "Total Cost": 266716.33, "Plan Rows": 1, "Plan Width": 32, "Plans": [{"Node Type": "Gather", "Parent Relationship": "Outer", "Parallel Aware": false, "Async Capable": false, "Startup Cost": 266715.8, "Total Cost": 266716.31, "Plan Rows": 5, "Plan Width": 32, "Workers Planned": 5, "Single Copy": false, "Plans": [{"Node Type": "Aggregate", "Strategy": "Plain", "Partial Mode": "Partial", "Parent Relationship": "Outer", "Parallel Aware": false, "Async Capable": false, "Startup Cost": 265715.8, "Total Cost": 265715.81, "Plan Rows": 1, "Plan Width": 32, "Plans": [{"Node Type": "Hash Join", "Parent Relationship": "Outer", "Parallel Aware": true, "Async Capable": false, "Join Type": "Inner", "Startup Cost": 58680.25, "Total Cost": 265708.15, "Plan Rows": 3059, "Plan Width": 17, "Inner Unique": false, "Hash Cond": "(mi.movie_id = t.id)", "Plans": [{"Node Type": "Seq Scan", "Parent Relationship": "Outer", "Parallel Aware": true, "Async Capable": false, "Relation Name": "movie_info", "Alias": "mi", "Startup Cost": 0.02, "Total Cost": 206156.62, "Plan Rows": 231655, "Plan Width": 4, "Filter": "((info)::text = ANY ('{Action,American,Bulgaria,Crime,Denish,Denmark,Drama,English,Family}'::text[]))"}, {"Node Type": "Hash", "Parent Relationship": "Inner", "Parallel Aware": true, "Async Capable": false, "Startup Cost": 58644.72, "Total Cost": 58644.72, "Plan Rows": 2841, "Plan Width": 25, "Plans": [{"Node Type": "Nested Loop", "Parent Relationship": "Outer", "Parallel Aware": false, "Async Capable": false, "Join Type": "Inner", "Startup Cost": 2688.93, "Total Cost": 58644.72, "Plan Rows": 2841, "Plan Width": 25, "Inner Unique": true, "Plans": [{"Node Type": "Hash Join", "Parent Relationship": "Outer", "Parallel Aware": false, "Async Capable": false, "Join Type": "Inner", "Startup Cost": 2688.49, "Total Cost": 45592.68, "Plan Rows": 2926, "Plan Width": 4, "Inner Unique": true, "Hash Cond": "(mk.keyword_id = k.id)", "Plans": [{"Node Type": "Seq Scan", "Parent Relationship": "Outer", "Parallel Aware": true, "Async Capable": false, "Relation Name": "movie_keyword", "Alias": "mk", "Startup Cost": 0.0, "Total Cost": 39073.32, "Plan Rows": 1459332, "Plan Width": 8}, {"Node Type": "Hash", "Parent Relationship": "Inner", "Parallel Aware": false, "Async Capable": false, "Startup Cost": 2685.12, "Total Cost": 2685.12, "Plan Rows": 269, "Plan Width": 4, "Plans": [{"Node Type": "Seq Scan", "Parent Relationship": "Outer", "Parallel Aware": false, "Async Capable": false, "Relation Name": "keyword", "Alias": "k", "Startup Cost": 0.0, "Total Cost": 2685.12, "Plan Rows": 269, "Plan Width": 4, "Filter": "((keyword)::text ~~ '%sequel%'::text)"}]}]}, {"Node Type": "Bitmap Heap Scan", "Parent Relationship": "Inner", "Parallel Aware": false, "Async Capable": false, "Relation Name": "title", "Alias": "t", "Startup Cost": 0.45, "Total Cost": 4.46, "Plan Rows": 1, "Plan Width": 21, "Recheck Cond": "(id = mk.movie_id)", "Filter": "(production_year >= 1888)", "Plans": [{"Node Type": "Bitmap Index Scan", "Parent Relationship": "Outer", "Parallel Aware": false, "Async Capable": false, "Index Name": "title_pkey", "Startup Cost": 0.0, "Total Cost": 0.45, "Plan Rows": 1, "Plan Width": 0, "Index Cond": "(id = mk.movie_id)"}]}]}]}]}]}]}]}}, {"Plan": {"Node Type": "Aggregate", "Strategy": "Plain", "Partial Mode": "Simple", "Parallel Aware": false, "Async Capable": false, "Startup Cost": 20001228016.41, "Total Cost": 20001228016.42, "Plan Rows": 1, "Plan Width": 32, "Plans": [{"Node Type": "Merge Join", "Parent Relationship": "Outer", "Parallel Aware": false, "Async Capable": false, "Join Type": "Inner", "Startup Cost": 20001099384.1, "Total Cost": 20001227978.18, "Plan Rows": 15293, "Plan Width": 17, "Inner Unique": false, "Merge Cond": "(t.id = mi.movie_id)", "Plans": [{"Node Type": "Merge Join", "Parent Relationship": "Outer", "Parallel Aware": false, "Async Capable": false, "Join Type": "Inner", "Startup Cost": 10000598534.38, "Total Cost": 10000721372.51, "Plan Rows": 8806, "Plan Width": 25, "Inner Unique": true, "Merge Cond": "(mk.movie_id = t.id)", "Plans": [{"Node Type": "Sort", "Parent Relationship": "Outer", "Parallel Aware": false, "Async Capable": false, "Startup Cost": 10000598531.55, "Total Cost": 10000598554.22, "Plan Rows": 9070, "Plan Width": 4, "Sort Key": ["mk.movie_id"], "Plans": [{"Node Type": "Merge Join", "Parent Relationship": "Outer", "Parallel Aware": false, "Async Capable": false, "Join Type": "Inner", "Startup Cost": 10000569821.13, "Total Cost": 10000597935.34, "Plan Rows": 9070, "Plan Width": 4, "Inner Unique": false, "Merge Cond": "(k.id = mk.keyword_id)", "Plans": [{"Node Type": "Index Scan", "Parent Relationship": "Outer", "Parallel Aware": false, "Async Capable": false, "Scan Direction": "Forward", "Index Name": "keyword_pkey", "Relation Name": "keyword", "Alias": "k", "Startup Cost": 0.42, "Total Cost": 5403.89, "Plan Rows": 269, "Plan Width": 4, "Filter": "((keyword)::text ~~ '%sequel%'::text)"}, {"Node Type": "Sort", "Parent Relationship": "Inner", "Parallel Aware": false, "Async Capable": false, "Startup Cost": 10000569820.43, "Total Cost": 10000581130.25, "Plan Rows": 4523930, "Plan Width": 8, "Sort Key": ["mk.keyword_id"], "Plans": [{"Node Type": "Seq Scan", "Parent Relationship": "Outer", "Parallel Aware": false, "Async Capable": false, "Relation Name": "movie_keyword", "Alias": "mk", "Startup Cost": 10000000000.0, "Total Cost": 10000069719.3, "Plan Rows": 4523930, "Plan Width": 8}]}]}]}, {"Node Type": "Index Scan", "Parent Relationship": "Inner", "Parallel Aware": false, "Async Capable": false, "Scan Direction": "Forward", "Index Name": "title_pkey", "Relation Name": "title", "Alias": "t", "Startup Cost": 0.43, "Total Cost": 116689.45, "Plan Rows": 2454738, "Plan Width": 21, "Filter": "(production_year >= 1888)"}]}, {"Node Type": "Sort", "Parent Relationship": "Inner", "Parallel Aware": false, "Async Capable": false, "Startup Cost": 10000500849.61, "Total Cost": 10000503745.29, "Plan Rows": 1158273, "Plan Width": 4, "Sort Key": ["mi.movie_id"], "Plans": [{"Node Type": "Seq Scan", "Parent Relationship": "Outer", "Parallel Aware": false, "Async Capable": false, "Relation Name": "movie_info", "Alias": "mi", "Startup Cost": 10000000000.02, "Total Cost": 10000384190.99, "Plan Rows": 1158273, "Plan Width": 4, "Filter": "((info)::text = ANY ('{Action,American,Bulgaria,Crime,Denish,Denmark,Drama,English,Family}'::text[]))"}]}]}]}}, {"Plan": {"Node Type": "Aggregate", "Strategy": "Plain", "Partial Mode": "Simple", "Parallel Aware": false, "Async Capable": false, "Startup Cost": 20000712705.48, "Total Cost": 20000712705.49, "Plan Rows": 1, "Plan Width": 32, "Plans": [{"Node Type": "Nested Loop", "Parent Relationship": "Outer", "Parallel Aware": false, "Async Capable": false, "Join Type": "Inner", "Startup Cost": 20000698763.05, "Total Cost": 20000712667.25, "Plan Rows": 15293, "Plan Width": 17, "Inner Unique": true, "Join Filter": "(t.id = mi.movie_id)", "Plans": [{"Node Type": "Merge Join", "Parent Relationship": "Outer", "Parallel Aware": false, "Async Capable": false, "Join Type": "Inner", "Startup Cost": 20000698762.62, "Total Cost": 20000704755.55, "Plan Rows": 15751, "Plan Width": 8, "Inner Unique": false, "Merge Cond": "(mk.movie_id = mi.movie_id)", "Plans": [{"Node Type": "Sort", "Parent Relationship": "Outer", "Parallel Aware": false, "Async Capable": false, "Startup Cost": 10000197912.89, "Total Cost": 10000197935.57, "Plan Rows": 9070, "Plan Width": 4, "Sort Key": ["mk.movie_id"], "Plans": [{"Node Type": "Nested Loop", "Parent Relationship": "Outer", "Parallel Aware": false, "Async Capable": false, "Join Type": "Inner", "Startup Cost": 10000000000.43, "Total Cost": 10000197316.68, "Plan Rows": 9070, "Plan Width": 4, "Inner Unique": true, "Plans": [{"Node Type": "Seq Scan", "Parent Relationship": "Outer", "Parallel Aware": false, "Async Capable": false, "Relation Name": "movie_keyword", "Alias": "mk", "Startup Cost": 10000000000.0, "Total Cost": 10000069719.3, "Plan Rows": 4523930, "Plan Width": 8}, {"Node Type": "Memoize", "Parent Relationship": "Inner", "Parallel Aware": false, "Async Capable": false, "Startup Cost": 0.43, "Total Cost": 0.45, "Plan Rows": 1, "Plan Width": 4, "Cache Key": "mk.keyword_id", "Cache Mode": "logical", "Plans": [{"Node Type": "Index Scan", "Parent Relationship": "Outer", "Parallel Aware": false, "Async Capable": false, "Scan Direction": "Forward", "Index Name": "keyword_pkey", "Relation Name": "keyword", "Alias": "k", "Startup Cost": 0.42, "Total Cost": 0.44, "Plan Rows": 1, "Plan Width": 4, "Index Cond": "(id = mk.keyword_id)", "Filter": "((keyword)::text ~~ '%sequel%'::text)"}]}]}]}, {"Node Type": "Sort", "Parent Relationship": "Inner", "Parallel Aware": false, "Async Capable": false, "Startup Cost": 10000500849.61, "Total Cost": 10000503745.29, "Plan Rows": 1158273, "Plan Width": 4, "Sort Key": ["mi.movie_id"], "Plans": [{"Node Type": "Seq Scan", "Parent Relationship": "Outer", "Parallel Aware": false, "Async Capable": false, "Relation Name": "movie_info", "Alias": "mi", "Startup Cost": 10000000000.02, "Total Cost": 10000384190.99, "Plan Rows": 1158273, "Plan Width": 4, "Filter": "((info)::text = ANY ('{Action,American,Bulgaria,Crime,Denish,Denmark,Drama,English,Family}'::text[]))"}]}]}, {"Node Type": "Index Scan", "Parent Relationship": "Inner", "Parallel Aware": false, "Async Capable": false, "Scan Direction": "Forward", "Index Name": "title_pkey", "Relation Name": "title", "Alias": "t", "Startup Cost": 0.43, "Total Cost": 0.49, "Plan Rows": 1, "Plan Width": 21, "Index Cond": "(id = mk.movie_id)", "Filter": "(production_year >= 1888)"}]}]}}, {"Plan": {"Node Type": "Aggregate", "Strategy": "Plain", "Partial Mode": "Finalize", "Parallel Aware": false, "Async Capable": false, "Startup Cost": 428537.15, "Total Cost": 428537.16, "Plan Rows": 1, "Plan Width": 32, "Plans": [{"Node Type": "Gather", "Parent Relationship": "Outer", "Parallel Aware": false, "Async Capable": false, "Startup Cost": 428536.62, "Total Cost": 428537.13, "Plan Rows": 5, "Plan Width": 32, "Workers Planned": 5, "Single Copy": false, "Plans": [{"Node Type": "Aggregate", "Strategy": "Plain", "Partial Mode": "Partial", "Parent Relationship": "Outer", "Parallel Aware": false, "Async Capable": false, "Startup Cost": 427536.62, "Total Cost": 427536.63, "Plan Rows": 1, "Plan Width": 32, "Plans": [{"Node Type": "Nested Loop", "Parent Relationship": "Outer", "Parallel Aware": false, "Async Capable": false, "Join Type": "Inner", "Startup Cost": 424712.3, "Total Cost": 427528.98, "Plan Rows": 3059, "Plan Width": 17, "Inner Unique": true, "Join Filter": "(t.id = mi.movie_id)", "Plans": [{"Node Type": "Merge Join", "Parent Relationship": "Outer", "Parallel Aware": false, "Async Capable": false, "Join Type": "Inner", "Startup Cost": 424711.87, "Total Cost": 425946.74, "Plan Rows": 3150, "Plan Width": 8, "Inner Unique": false, "Merge Cond": "(mi.movie_id = mk.movie_id)", "Plans": [{"Node Type": "Sort", "Parent Relationship": "Outer", "Parallel Aware": false, "Async Capable": false, "Startup Cost": 226798.95, "Total Cost": 227378.09, "Plan Rows": 231655, "Plan Width": 4, "Sort Key": ["mi.movie_id"], "Plans": [{"Node Type": "Seq Scan", "Parent Relationship": "Outer", "Parallel Aware": true, "Async Capable": false, "Relation Name": "movie_info", "Alias": "mi", "Startup Cost": 0.02, "Total Cost": 206156.62, "Plan Rows": 231655, "Plan Width": 4, "Filter": "((info)::text = ANY ('{Action,American,Bulgaria,Crime,Denish,Denmark,Drama,English,Family}'::text[]))"}]}, {"Node Type": "Sort", "Parent Relationship": "Inner", "Parallel Aware": false, "Async Capable": false, "Startup Cost": 197912.89, "Total Cost": 197935.57, "Plan Rows": 9070, "Plan Width": 4, "Sort Key": ["mk.movie_id"], "Plans": [{"Node Type": "Nested Loop", "Parent Relationship": "Outer", "Parallel Aware": false, "Async Capable": false, "Join Type": "Inner", "Startup Cost": 0.43, "Total Cost": 197316.68, "Plan Rows": 9070, "Plan Width": 4, "Inner Unique": true, "Plans": [{"Node Type": "Seq Scan", "Parent Relationship": "Outer", "Parallel Aware": false, "Async Capable": false, "Relation Name": "movie_keyword", "Alias": "mk", "Startup Cost": 0.0, "Total Cost": 69719.3, "Plan Rows": 4523930, "Plan Width": 8}, {"Node Type": "Memoize", "Parent Relationship": "Inner", "Parallel Aware": false, "Async Capable": false, "Startup Cost": 0.43, "Total Cost": 0.45, "Plan Rows": 1, "Plan Width": 4, "Cache Key": "mk.keyword_id", "Cache Mode": "logical", "Plans": [{"Node Type": "Index Scan", "Parent Relationship": "Outer", "Parallel Aware": false, "Async Capable": false, "Scan Direction": "Forward", "Index Name": "keyword_pkey", "Relation Name": "keyword", "Alias": "k", "Startup Cost": 0.42, "Total Cost": 0.44, "Plan Rows": 1, "Plan Width": 4, "Index Cond": "(id = mk.keyword_id)", "Filter": "((keyword)::text ~~ '%sequel%'::text)"}]}]}]}]}, {"Node Type": "Index Scan", "Parent Relationship": "Inner", "Parallel Aware": false, "Async Capable": false, "Scan Direction": "Forward", "Index Name": "title_pkey", "Relation Name": "title", "Alias": "t", "Startup Cost": 0.43, "Total Cost": 0.49, "Plan Rows": 1, "Plan Width": 21, "Index Cond": "(id = mk.movie_id)", "Filter": "(production_year >= 1888)"}]}]}]}]}}, {"Plan": {"Node Type": "Aggregate", "Strategy": "Plain", "Partial Mode": "Simple", "Parallel Aware": false, "Async Capable": false, "Startup Cost": 769290.37, "Total Cost": 769290.38, "Plan Rows": 1, "Plan Width": 32, "Plans": [{"Node Type": "Merge Join", "Parent Relationship": "Outer", "Parallel Aware": false, "Async Capable": false, "Join Type": "Inner", "Startup Cost": 640658.07, "Total Cost": 769252.14, "Plan Rows": 15293, "Plan Width": 17, "Inner Unique": false, "Merge Cond": "(t.id = mi.movie_id)", "Plans": [{"Node Type": "Merge Join", "Parent Relationship": "Outer", "Parallel Aware": false, "Async Capable": false, "Join Type": "Inner", "Startup Cost": 201015.42, "Total Cost": 323853.55, "Plan Rows": 8806, "Plan Width": 25, "Inner Unique": false, "Merge Cond": "(t.id = mk.movie_id)", "Plans": [{"Node Type": "Index Scan", "Parent Relationship": "Outer", "Parallel Aware": false, "Async Capable": false, "Scan Direction": "Forward", "Index Name": "title_pkey", "Relation Name": "title", "Alias": "t", "Startup Cost": 0.43, "Total Cost": 116689.45, "Plan Rows": 2454738, "Plan Width": 21, "Filter": "(production_year >= 1888)"}, {"Node Type": "Sort", "Parent Relationship": "Inner", "Parallel Aware": false, "Async Capable": false, "Startup Cost": 201012.59, "Total Cost": 201035.26, "Plan Rows": 9070, "Plan Width": 4, "Sort Key": ["mk.movie_id"], "Plans": [{"Node Type": "Gather", "Parent Relationship": "Outer", "Parallel Aware": false, "Async Capable": false, "Startup Cost": 192182.2, "Total Cost": 200416.38, "Plan Rows": 9070, "Plan Width": 4, "Workers Planned": 3, "Single Copy": false, "Plans": [{"Node Type": "Merge Join", "Parent Relationship": "Outer", "Parallel Aware": false, "Async Capable": false, "Join Type": "Inner", "Startup Cost": 191182.2, "Total Cost": 198509.38, "Plan Rows": 2926, "Plan Width": 4, "Inner Unique": true, "Merge Cond": "(mk.keyword_id = k.id)", "Plans": [{"Node Type": "Sort", "Parent Relationship": "Outer", "Parallel Aware": false, "Async Capable": false, "Startup Cost": 188486.13, "Total Cost": 192134.46, "Plan Rows": 1459332, "Plan Width": 8, "Sort Key": ["mk.keyword_id"], "Plans": [{"Node Type": "Seq Scan", "Parent Relationship": "Outer", "Parallel Aware": true, "Async Capable": false, "Relation Name": "movie_keyword", "Alias": "mk", "Startup Cost": 0.0, "Total Cost": 39073.32, "Plan Rows": 1459332, "Plan Width": 8}]}, {"Node Type": "Sort", "Parent Relationship": "Inner", "Parallel Aware": false, "Async Capable": false, "Startup Cost": 2695.98, "Total Cost": 2696.65, "Plan Rows": 269, "Plan Width": 4, "Sort Key": ["k.id"], "Plans": [{"Node Type": "Seq Scan", "Parent Relationship": "Outer", "Parallel Aware": false, "Async Capable": false, "Relation Name": "keyword", "Alias": "k", "Startup Cost": 0.0, "Total Cost": 2685.12, "Plan Rows": 269, "Plan Width": 4, "Filter": "((keyword)::text ~~ '%sequel%'::text)"}]}]}]}]}]}, {"Node Type": "Sort", "Parent Relationship": "Inner", "Parallel Aware": false, "Async Capable": false, "Startup Cost": 439642.53, "Total Cost": 442538.21, "Plan Rows": 1158273, "Plan Width": 4, "Sort Key": ["mi.movie_id"], "Plans": [{"Node Type": "Gather", "Parent Relationship": "Outer", "Parallel Aware": false, "Async Capable": false, "Startup Cost": 1000.02, "Total Cost": 322983.92, "Plan Rows": 1158273, "Plan Width": 4, "Workers Planned": 5, "Single Copy": false, "Plans": [{"Node Type": "Seq Scan", "Parent Relationship": "Outer", "Parallel Aware": true, "Async Capable": false, "Relation Name": "movie_info", "Alias": "mi", "Startup Cost": 0.02, "Total Cost": 206156.62, "Plan Rows": 231655, "Plan Width": 4, "Filter": "((info)::text = ANY ('{Action,American,Bulgaria,Crime,Denish,Denmark,Drama,English,Family}'::text[]))"}]}]}]}]}}, {"Plan": {"Node Type": "Aggregate", "Strategy": "Plain", "Partial Mode": "Simple", "Parallel Aware": false, "Async Capable": false, "Startup Cost": 20153582290.96, "Total Cost": 20153582290.97, "Plan Rows": 1, "Plan Width": 32, "Plans": [{"Node Type": "Nested Loop", "Parent Relationship": "Outer", "Parallel Aware": false, "Async Capable": false, "Join Type": "Inner", "Startup Cost": 20000000000.88, "Total Cost": 20153582252.73, "Plan Rows": 15293, "Plan Width": 17, "Inner Unique": false, "Join Filter": "(t.id = mi.movie_id)", "Plans": [{"Node Type": "Seq Scan", "Parent Relationship": "Outer", "Parallel Aware": false, "Async Capable": false, "Relation Name": "movie_info", "Alias": "mi", "Startup Cost": 10000000000.02, "Total Cost": 10000384190.99, "Plan Rows": 1158273, "Plan Width": 4, "Filter": "((info)::text = ANY ('{Action,American,Bulgaria,Crime,Denish,Denmark,Drama,English,Family}'::text[]))"}, {"Node Type": "Materialize", "Parent Relationship": "Inner", "Parallel Aware": false, "Async Capable": false, "Startup Cost": 10000000000.86, "Total Cost": 10000201803.18, "Plan Rows": 8806, "Plan Width": 25, "Plans": [{"Node Type": "Nested Loop", "Parent Relationship": "Outer", "Parallel Aware": false, "Async Capable": false, "Join Type": "Inner", "Startup Cost": 10000000000.86, "Total Cost": 10000201759.15, "Plan Rows": 8806, "Plan Width": 25, "Inner Unique": true, "Plans": [{"Node Type": "Nested Loop", "Parent Relationship": "Outer", "Parallel Aware": false, "Async Capable": false, "Join Type": "Inner", "Startup Cost": 10000000000.43, "Total Cost": 10000197316.68, "Plan Rows": 9070, "Plan Width": 4, "Inner Unique": true, "Plans": [{"Node Type": "Seq Scan", "Parent Relationship": "Outer", "Parallel Aware": false, "Async Capable": false, "Relation Name": "movie_keyword", "Alias": "mk", "Startup Cost": 10000000000.0, "Total Cost": 10000069719.3, "Plan Rows": 4523930, "Plan Width": 8}, {"Node Type": "Memoize", "Parent Relationship": "Inner", "Parallel Aware": false, "Async Capable": false, "Startup Cost": 0.43, "Total Cost": 0.45, "Plan Rows": 1, "Plan Width": 4, "Cache Key": "mk.keyword_id", "Cache Mode": "logical", "Plans": [{"Node Type": "Index Scan", "Parent Relationship": "Outer", "Parallel Aware": false, "Async Capable": false, "Scan Direction": "Forward", "Index Name": "keyword_pkey", "Relation Name": "keyword", "Alias": "k", "Startup Cost": 0.42, "Total Cost": 0.44, "Plan Rows": 1, "Plan Width": 4, "Index Cond": "(id = mk.keyword_id)", "Filter": "((keyword)::text ~~ '%sequel%'::text)"}]}]}, {"Node Type": "Index Scan", "Parent Relationship": "Inner", "Parallel Aware": false, "Async Capable": false, "Scan Direction": "Forward", "Index Name": "title_pkey", "Relation Name": "title", "Alias": "t", "Startup Cost": 0.43, "Total Cost": 0.49, "Plan Rows": 1, "Plan Width": 21, "Index Cond": "(id = mk.movie_id)", "Filter": "(production_year >= 1888)"}]}]}]}]}}, {"Plan": {"Node Type": "Aggregate", "Strategy": "Plain", "Partial Mode": "Simple", "Parallel Aware": false, "Async Capable": false, "Startup Cost": 153473901.65, "Total Cost": 153473901.66, "Plan Rows": 1, "Plan Width": 32, "Plans": [{"Node Type": "Nested Loop", "Parent Relationship": "Outer", "Parallel Aware": false, "Async Capable": false, "Join Type": "Inner", "Startup Cost": 1000.88, "Total Cost": 153473863.42, "Plan Rows": 15293, "Plan Width": 17, "Inner Unique": false, "Join Filter": "(t.id = mi.movie_id)", "Plans": [{"Node Type": "Seq Scan", "Parent Relationship": "Outer", "Parallel Aware": false, "Async Capable": false, "Relation Name": "movie_info", "Alias": "mi", "Startup Cost": 0.02, "Total Cost": 384190.99, "Plan Rows": 1158273, "Plan Width": 4, "Filter": "((info)::text = ANY ('{Action,American,Bulgaria,Crime,Denish,Denmark,Drama,English,Family}'::text[]))"}, {"Node Type": "Materialize", "Parent Relationship": "Inner", "Parallel Aware": false, "Async Capable": false, "Startup Cost": 1000.86, "Total Cost": 93413.87, "Plan Rows": 8806, "Plan Width": 25, "Plans": [{"Node Type": "Gather", "Parent Relationship": "Outer", "Parallel Aware": false, "Async Capable": false, "Startup Cost": 1000.86, "Total Cost": 93369.84, "Plan Rows": 8806, "Plan Width": 25, "Workers Planned": 3, "Single Copy": false, "Plans": [{"Node Type": "Nested Loop", "Parent Relationship": "Outer", "Parallel Aware": false, "Async Capable": false, "Join Type": "Inner", "Startup Cost": 0.86, "Total Cost": 91489.24, "Plan Rows": 2841, "Plan Width": 25, "Inner Unique": true, "Plans": [{"Node Type": "Nested Loop", "Parent Relationship": "Outer", "Parallel Aware": false, "Async Capable": false, "Join Type": "Inner", "Startup Cost": 0.43, "Total Cost": 90056.09, "Plan Rows": 2926, "Plan Width": 4, "Inner Unique": true, "Plans": [{"Node Type": "Seq Scan", "Parent Relationship": "Outer", "Parallel Aware": true, "Async Capable": false, "Relation Name": "movie_keyword", "Alias": "mk", "Startup Cost": 0.0, "Total Cost": 39073.32, "Plan Rows": 1459332, "Plan Width": 8}, {"Node Type": "Memoize", "Parent Relationship": "Inner", "Parallel Aware": false, "Async Capable": false, "Startup Cost": 0.43, "Total Cost": 0.45, "Plan Rows": 1, "Plan Width": 4, "Cache Key": "mk.keyword_id", "Cache Mode": "logical", "Plans": [{"Node Type": "Index Scan", "Parent Relationship": "Outer", "Parallel Aware": false, "Async Capable": false, "Scan Direction": "Forward", "Index Name": "keyword_pkey", "Relation Name": "keyword", "Alias": "k", "Startup Cost": 0.42, "Total Cost": 0.44, "Plan Rows": 1, "Plan Width": 4, "Index Cond": "(id = mk.keyword_id)", "Filter": "((keyword)::text ~~ '%sequel%'::text)"}]}]}, {"Node Type": "Index Scan", "Parent Relationship": "Inner", "Parallel Aware": false, "Async Capable": false, "Scan Direction": "Forward", "Index Name": "title_pkey", "Relation Name": "title", "Alias": "t", "Startup Cost": 0.43, "Total Cost": 0.49, "Plan Rows": 1, "Plan Width": 21, "Index Cond": "(id = mk.movie_id)", "Filter": "(production_year >= 1888)"}]}]}]}]}]}}, {"Plan": {"Node Type": "Aggregate", "Strategy": "Plain", "Partial Mode": "Simple", "Parallel Aware": false, "Async Capable": false, "Startup Cost": 40000906727.38, "Total Cost": 40000906727.39, "Plan Rows": 1, "Plan Width": 32, "Plans": [{"Node Type": "Nested Loop", "Parent Relationship": "Outer", "Parallel Aware": false, "Async Capable": false, "Join Type": "Inner", "Startup Cost": 40000830239.12, "Total Cost": 40000906689.15, "Plan Rows": 15293, "Plan Width": 17, "Inner Unique": true, "Join Filter": "(t.id = mi.movie_id)", "Plans": [{"Node Type": "Merge Join", "Parent Relationship": "Outer", "Parallel Aware": false, "Async Capable": false, "Join Type": "Inner", "Startup Cost": 30000830238.68, "Total Cost": 30000836231.61, "Plan Rows": 15751, "Plan Width": 8, "Inner Unique": false, "Merge Cond": "(mk.movie_id = mi.movie_id)", "Plans": [{"Node Type": "Sort", "Parent Relationship": "Outer", "Parallel Aware": false, "Async Capable": false, "Startup Cost": 20000329388.95, "Total Cost": 20000329411.63, "Plan Rows": 9070, "Plan Width": 4, "Sort Key": ["mk.movie_id"], "Plans": [{"Node Type": "Nested Loop", "Parent Relationship": "Outer", "Parallel Aware": false, "Async Capable": false, "Join Type": "Inner", "Startup Cost": 20000000000.44, "Total Cost": 20000328792.74, "Plan Rows": 9070, "Plan Width": 4, "Inner Unique": true, "Plans": [{"Node Type": "Seq Scan", "Parent Relationship": "Outer", "Parallel Aware": false, "Async Capable": false, "Relation Name": "movie_keyword", "Alias": "mk", "Startup Cost": 10000000000.0, "Total Cost": 10000069719.3, "Plan Rows": 4523930, "Plan Width": 8}, {"Node Type": "Memoize", "Parent Relationship": "Inner", "Parallel Aware": false, "Async Capable": false, "Startup Cost": 0.44, "Total Cost": 4.45, "Plan Rows": 1, "Plan Width": 4, "Cache Key": "mk.keyword_id", "Cache Mode": "logical", "Plans": [{"Node Type": "Bitmap Heap Scan", "Parent Relationship": "Outer", "Parallel Aware": false, "Async Capable": false, "Relation Name": "keyword", "Alias": "k", "Startup Cost": 0.43, "Total Cost": 4.44, "Plan Rows": 1, "Plan Width": 4, "Recheck Cond": "(id = mk.keyword_id)", "Filter": "((keyword)::text ~~ '%sequel%'::text)", "Plans": [{"Node Type": "Bitmap Index Scan", "Parent Relationship": "Outer", "Parallel Aware": false, "Async Capable": false, "Index Name": "keyword_pkey", "Startup Cost": 0.0, "Total Cost": 0.43, "Plan Rows": 1, "Plan Width": 0, "Index Cond": "(id = mk.keyword_id)"}]}]}]}]}, {"Node Type": "Sort", "Parent Relationship": "Inner", "Parallel Aware": false, "Async Capable": false, "Startup Cost": 10000500849.61, "Total Cost": 10000503745.29, "Plan Rows": 1158273, "Plan Width": 4, "Sort Key": ["mi.movie_id"], "Plans": [{"Node Type": "Seq Scan", "Parent Relationship": "Outer", "Parallel Aware": false, "Async Capable": false, "Relation Name": "movie_info", "Alias": "mi", "Startup Cost": 10000000000.02, "Total Cost": 10000384190.99, "Plan Rows": 1158273, "Plan Width": 4, "Filter": "((info)::text = ANY ('{Action,American,Bulgaria,Crime,Denish,Denmark,Drama,English,Family}'::text[]))"}]}]}, {"Node Type": "Bitmap Heap Scan", "Parent Relationship": "Inner", "Parallel Aware": false, "Async Capable": false, "Relation Name": "title", "Alias": "t", "Startup Cost": 0.45, "Total Cost": 4.46, "Plan Rows": 1, "Plan Width": 21, "Recheck Cond": "(id = mk.movie_id)", "Filter": "(production_year >= 1888)", "Plans": [{"Node Type": "Bitmap Index Scan", "Parent Relationship": "Outer", "Parallel Aware": false, "Async Capable": false, "Index Name": "title_pkey", "Startup Cost": 0.0, "Total Cost": 0.45, "Plan Rows": 1, "Plan Width": 0, "Index Cond": "(id = mk.movie_id)"}]}]}]}}, {"Plan": {"Node Type": "Aggregate", "Strategy": "Plain", "Partial Mode": "Simple", "Parallel Aware": false, "Async Capable": false, "Startup Cost": 20000876591.91, "Total Cost": 20000876591.92, "Plan Rows": 1, "Plan Width": 32, "Plans": [{"Node Type": "Merge Join", "Parent Relationship": "Outer", "Parallel Aware": false, "Async Capable": false, "Join Type": "Inner", "Startup Cost": 20000870678.09, "Total Cost": 20000876553.67, "Plan Rows": 15293, "Plan Width": 17, "Inner Unique": false, "Merge Cond": "(t.id = mi.movie_id)", "Plans": [{"Node Type": "Sort", "Parent Relationship": "Outer", "Parallel Aware": false, "Async Capable": false, "Startup Cost": 10000369828.37, "Total Cost": 10000369850.38, "Plan Rows": 8806, "Plan Width": 25, "Sort Key": ["mk.movie_id"], "Plans": [{"Node Type": "Nested Loop", "Parent Relationship": "Outer", "Parallel Aware": false, "Async Capable": false, "Join Type": "Inner", "Startup Cost": 10000000000.88, "Total Cost": 10000369251.39, "Plan Rows": 8806, "Plan Width": 25, "Inner Unique": true, "Plans": [{"Node Type": "Nested Loop", "Parent Relationship": "Outer", "Parallel Aware": false, "Async Capable": false, "Join Type": "Inner", "Startup Cost": 10000000000.44, "Total Cost": 10000328792.74, "Plan Rows": 9070, "Plan Width": 4, "Inner Unique": true, "Plans": [{"Node Type": "Seq Scan", "Parent Relationship": "Outer", "Parallel Aware": false, "Async Capable": false, "Relation Name": "movie_keyword", "Alias": "mk", "Startup Cost": 10000000000.0, "Total Cost": 10000069719.3, "Plan Rows": 4523930, "Plan Width": 8}, {"Node Type": "Memoize", "Parent Relationship": "Inner", "Parallel Aware": false, "Async Capable": false, "Startup Cost": 0.44, "Total Cost": 4.45, "Plan Rows": 1, "Plan Width": 4, "Cache Key": "mk.keyword_id", "Cache Mode": "logical", "Plans": [{"Node Type": "Bitmap Heap Scan", "Parent Relationship": "Outer", "Parallel Aware": false, "Async Capable": false, "Relation Name": "keyword", "Alias": "k", "Startup Cost": 0.43, "Total Cost": 4.44, "Plan Rows": 1, "Plan Width": 4, "Recheck Cond": "(id = mk.keyword_id)", "Filter": "((keyword)::text ~~ '%sequel%'::text)", "Plans": [{"Node Type": "Bitmap Index Scan", "Parent Relationship": "Outer", "Parallel Aware": false, "Async Capable": false, "Index Name": "keyword_pkey", "Startup Cost": 0.0, "Total Cost": 0.43, "Plan Rows": 1, "Plan Width": 0, "Index Cond": "(id = mk.keyword_id)"}]}]}]}, {"Node Type": "Bitmap Heap Scan", "Parent Relationship": "Inner", "Parallel Aware": false, "Async Capable": false, "Relation Name": "title", "Alias": "t", "Startup Cost": 0.45, "Total Cost": 4.46, "Plan Rows": 1, "Plan Width": 21, "Recheck Cond": "(id = mk.movie_id)", "Filter": "(production_year >= 1888)", "Plans": [{"Node Type": "Bitmap Index Scan", "Parent Relationship": "Outer", "Parallel Aware": false, "Async Capable": false, "Index Name": "title_pkey", "Startup Cost": 0.0, "Total Cost": 0.45, "Plan Rows": 1, "Plan Width": 0, "Index Cond": "(id = mk.movie_id)"}]}]}]}, {"Node Type": "Sort", "Parent Relationship": "Inner", "Parallel Aware": false, "Async Capable": false, "Startup Cost": 10000500849.61, "Total Cost": 10000503745.29, "Plan Rows": 1158273, "Plan Width": 4, "Sort Key": ["mi.movie_id"], "Plans": [{"Node Type": "Seq Scan", "Parent Relationship": "Outer", "Parallel Aware": false, "Async Capable": false, "Relation Name": "movie_info", "Alias": "mi", "Startup Cost": 10000000000.02, "Total Cost": 10000384190.99, "Plan Rows": 1158273, "Plan Width": 4, "Filter": "((info)::text = ANY ('{Action,American,Bulgaria,Crime,Denish,Denmark,Drama,English,Family}'::text[]))"}]}]}]}}, {"Plan": {"Node Type": "Aggregate", "Strategy": "Plain", "Partial Mode": "Finalize", "Parallel Aware": false, "Async Capable": false, "Startup Cost": 572521.58, "Total Cost": 572521.59, "Plan Rows": 1, "Plan Width": 32, "Plans": [{"Node Type": "Gather", "Parent Relationship": "Outer", "Parallel Aware": false, "Async Capable": false, "Startup Cost": 572521.06, "Total Cost": 572521.57, "Plan Rows": 5, "Plan Width": 32, "Workers Planned": 5, "Single Copy": false, "Plans": [{"Node Type": "Aggregate", "Strategy": "Plain", "Partial Mode": "Partial", "Parent Relationship": "Outer", "Parallel Aware": false, "Async Capable": false, "Startup Cost": 571521.06, "Total Cost": 571521.07, "Plan Rows": 1, "Plan Width": 32, "Plans": [{"Node Type": "Nested Loop", "Parent Relationship": "Outer", "Parallel Aware": false, "Async Capable": false, "Join Type": "Inner", "Startup Cost": 556188.38, "Total Cost": 571513.41, "Plan Rows": 3059, "Plan Width": 17, "Inner Unique": true, "Join Filter": "(t.id = mi.movie_id)", "Plans": [{"Node Type": "Merge Join", "Parent Relationship": "Outer", "Parallel Aware": false, "Async Capable": false, "Join Type": "Inner", "Startup Cost": 556187.93, "Total Cost": 557422.8, "Plan Rows": 3150, "Plan Width": 8, "Inner Unique": false, "Merge Cond": "(mi.movie_id = mk.movie_id)", "Plans": [{"Node Type": "Sort", "Parent Relationship": "Outer", "Parallel Aware": false, "Async Capable": false, "Startup Cost": 226798.95, "Total Cost": 227378.09, "Plan Rows": 231655, "Plan Width": 4, "Sort Key": ["mi.movie_id"], "Plans": [{"Node Type": "Seq Scan", "Parent Relationship": "Outer", "Parallel Aware": true, "Async Capable": false, "Relation Name": "movie_info", "Alias": "mi", "Startup Cost": 0.02, "Total Cost": 206156.62, "Plan Rows": 231655, "Plan Width": 4, "Filter": "((info)::text = ANY ('{Action,American,Bulgaria,Crime,Denish,Denmark,Drama,English,Family}'::text[]))"}]}, {"Node Type": "Sort", "Parent Relationship": "Inner", "Parallel Aware": false, "Async Capable": false, "Startup Cost": 329388.95, "Total Cost": 329411.63, "Plan Rows": 9070, "Plan Width": 4, "Sort Key": ["mk.movie_id"], "Plans": [{"Node Type": "Nested Loop", "Parent Relationship": "Outer", "Parallel Aware": false, "Async Capable": false, "Join Type": "Inner", "Startup Cost": 0.44, "Total Cost": 328792.74, "Plan Rows": 9070, "Plan Width": 4, "Inner Unique": true, "Plans": [{"Node Type": "Seq Scan", "Parent Relationship": "Outer", "Parallel Aware": false, "Async Capable": false, "Relation Name": "movie_keyword", "Alias": "mk", "Startup Cost": 0.0, "Total Cost": 69719.3, "Plan Rows": 4523930, "Plan Width": 8}, {"Node Type": "Memoize", "Parent Relationship": "Inner", "Parallel Aware": false, "Async Capable": false, "Startup Cost": 0.44, "Total Cost": 4.45, "Plan Rows": 1, "Plan Width": 4, "Cache Key": "mk.keyword_id", "Cache Mode": "logical", "Plans": [{"Node Type": "Bitmap Heap Scan", "Parent Relationship": "Outer", "Parallel Aware": false, "Async Capable": false, "Relation Name": "keyword", "Alias": "k", "Startup Cost": 0.43, "Total Cost": 4.44, "Plan Rows": 1, "Plan Width": 4, "Recheck Cond": "(id = mk.keyword_id)", "Filter": "((keyword)::text ~~ '%sequel%'::text)", "Plans": [{"Node Type": "Bitmap Index Scan", "Parent Relationship": "Outer", "Parallel Aware": false, "Async Capable": false, "Index Name": "keyword_pkey", "Startup Cost": 0.0, "Total Cost": 0.43, "Plan Rows": 1, "Plan Width": 0, "Index Cond": "(id = mk.keyword_id)"}]}]}]}]}]}, {"Node Type": "Bitmap Heap Scan", "Parent Relationship": "Inner", "Parallel Aware": false, "Async Capable": false, "Relation Name": "title", "Alias": "t", "Startup Cost": 0.45, "Total Cost": 4.46, "Plan Rows": 1, "Plan Width": 21, "Recheck Cond": "(id = mk.movie_id)", "Filter": "(production_year >= 1888)", "Plans": [{"Node Type": "Bitmap Index Scan", "Parent Relationship": "Outer", "Parallel Aware": false, "Async Capable": false, "Index Name": "title_pkey", "Startup Cost": 0.0, "Total Cost": 0.45, "Plan Rows": 1, "Plan Width": 0, "Index Cond": "(id = mk.movie_id)"}]}]}]}]}]}}, {"Plan": {"Node Type": "Aggregate", "Strategy": "Plain", "Partial Mode": "Simple", "Parallel Aware": false, "Async Capable": false, "Startup Cost": 910842.12, "Total Cost": 910842.13, "Plan Rows": 1, "Plan Width": 32, "Plans": [{"Node Type": "Merge Join", "Parent Relationship": "Outer", "Parallel Aware": false, "Async Capable": false, "Join Type": "Inner", "Startup Cost": 756961.86, "Total Cost": 910803.88, "Plan Rows": 15293, "Plan Width": 17, "Inner Unique": false, "Merge Cond": "(t.id = mk.movie_id)", "Plans": [{"Node Type": "Gather Merge", "Parent Relationship": "Outer", "Parallel Aware": false, "Async Capable": false, "Startup Cost": 555946.26, "Total Cost": 707042.96, "Plan Rows": 1124567, "Plan Width": 25, "Workers Planned": 5, "Plans": [{"Node Type": "Merge Join", "Parent Relationship": "Outer", "Parallel Aware": false, "Async Capable": false, "Join Type": "Inner", "Startup Cost": 554946.18, "Total Cost": 570617.11, "Plan Rows": 224913, "Plan Width": 25, "Inner Unique": true, "Merge Cond": "(mi.movie_id = t.id)", "Plans": [{"Node Type": "Sort", "Parent Relationship": "Outer", "Parallel Aware": false, "Async Capable": false, "Startup Cost": 226798.95, "Total Cost": 227378.09, "Plan Rows": 231655, "Plan Width": 4, "Sort Key": ["mi.movie_id"], "Plans": [{"Node Type": "Seq Scan", "Parent Relationship": "Outer", "Parallel Aware": true, "Async Capable": false, "Relation Name": "movie_info", "Alias": "mi", "Startup Cost": 0.02, "Total Cost": 206156.62, "Plan Rows": 231655, "Plan Width": 4, "Filter": "((info)::text = ANY ('{Action,American,Bulgaria,Crime,Denish,Denmark,Drama,English,Family}'::text[]))"}]}, {"Node Type": "Sort", "Parent Relationship": "Inner", "Parallel Aware": false, "Async Capable": false, "Startup Cost": 328147.21, "Total Cost": 334284.05, "Plan Rows": 2454738, "Plan Width": 21, "Sort Key": ["t.id"], "Plans": [{"Node Type": "Seq Scan", "Parent Relationship": "Outer", "Parallel Aware": false, "Async Capable": false, "Relation Name": "title", "Alias": "t", "Startup Cost": 0.0, "Total Cost": 67611.9, "Plan Rows": 2454738, "Plan Width": 21, "Filter": "(production_year >= 1888)"}]}]}]}, {"Node Type": "Sort", "Parent Relationship": "Inner", "Parallel Aware": false, "Async Capable": false, "Startup Cost": 201012.59, "Total Cost": 201035.26, "Plan Rows": 9070, "Plan Width": 4, "Sort Key": ["mk.movie_id"], "Plans": [{"Node Type": "Gather", "Parent Relationship": "Outer", "Parallel Aware": false, "Async Capable": false, "Startup Cost": 192182.2, "Total Cost": 200416.38, "Plan Rows": 9070, "Plan Width": 4, "Workers Planned": 3, "Single Copy": false, "Plans": [{"Node Type": "Merge Join", "Parent Relationship": "Outer", "Parallel Aware": false, "Async Capable": false, "Join Type": "Inner", "Startup Cost": 191182.2, "Total Cost": 198509.38, "Plan Rows": 2926, "Plan Width": 4, "Inner Unique": true, "Merge Cond": "(mk.keyword_id = k.id)", "Plans": [{"Node Type": "Sort", "Parent Relationship": "Outer", "Parallel Aware": false, "Async Capable": false, "Startup Cost": 188486.13, "Total Cost": 192134.46, "Plan Rows": 1459332, "Plan Width": 8, "Sort Key": ["mk.keyword_id"], "Plans": [{"Node Type": "Seq Scan", "Parent Relationship": "Outer", "Parallel Aware": true, "Async Capable": false, "Relation Name": "movie_keyword", "Alias": "mk", "Startup Cost": 0.0, "Total Cost": 39073.32, "Plan Rows": 1459332, "Plan Width": 8}]}, {"Node Type": "Sort", "Parent Relationship": "Inner", "Parallel Aware": false, "Async Capable": false, "Startup Cost": 2695.98, "Total Cost": 2696.65, "Plan Rows": 269, "Plan Width": 4, "Sort Key": ["k.id"], "Plans": [{"Node Type": "Seq Scan", "Parent Relationship": "Outer", "Parallel Aware": false, "Async Capable": false, "Relation Name": "keyword", "Alias": "k", "Startup Cost": 0.0, "Total Cost": 2685.12, "Plan Rows": 269, "Plan Width": 4, "Filter": "((keyword)::text ~~ '%sequel%'::text)"}]}]}]}]}]}]}}, {"Plan": {"Node Type": "Aggregate", "Strategy": "Plain", "Partial Mode": "Simple", "Parallel Aware": false, "Async Capable": false, "Startup Cost": 20153749783.2, "Total Cost": 20153749783.21, "Plan Rows": 1, "Plan Width": 32, "Plans": [{"Node Type": "Nested Loop", "Parent Relationship": "Outer", "Parallel Aware": false, "Async Capable": false, "Join Type": "Inner", "Startup Cost": 20000000000.91, "Total Cost": 20153749744.96, "Plan Rows": 15293, "Plan Width": 17, "Inner Unique": false, "Join Filter": "(t.id = mi.movie_id)", "Plans": [{"Node Type": "Seq Scan", "Parent Relationship": "Outer", "Parallel Aware": false, "Async Capable": false, "Relation Name": "movie_info", "Alias": "mi", "Startup Cost": 10000000000.02, "Total Cost": 10000384190.99, "Plan Rows": 1158273, "Plan Width": 4, "Filter": "((info)::text = ANY ('{Action,American,Bulgaria,Crime,Denish,Denmark,Drama,English,Family}'::text[]))"}, {"Node Type": "Materialize", "Parent Relationship": "Inner", "Parallel Aware": false, "Async Capable": false, "Startup Cost": 10000000000.88, "Total Cost": 10000369295.42, "Plan Rows": 8806, "Plan Width": 25, "Plans": [{"Node Type": "Nested Loop", "Parent Relationship": "Outer", "Parallel Aware": false, "Async Capable": false, "Join Type": "Inner", "Startup Cost": 10000000000.88, "Total Cost": 10000369251.39, "Plan Rows": 8806, "Plan Width": 25, "Inner Unique": true, "Plans": [{"Node Type": "Nested Loop", "Parent Relationship": "Outer", "Parallel Aware": false, "Async Capable": false, "Join Type": "Inner", "Startup Cost": 10000000000.44, "Total Cost": 10000328792.74, "Plan Rows": 9070, "Plan Width": 4, "Inner Unique": true, "Plans": [{"Node Type": "Seq Scan", "Parent Relationship": "Outer", "Parallel Aware": false, "Async Capable": false, "Relation Name": "movie_keyword", "Alias": "mk", "Startup Cost": 10000000000.0, "Total Cost": 10000069719.3, "Plan Rows": 4523930, "Plan Width": 8}, {"Node Type": "Memoize", "Parent Relationship": "Inner", "Parallel Aware": false, "Async Capable": false, "Startup Cost": 0.44, "Total Cost": 4.45, "Plan Rows": 1, "Plan Width": 4, "Cache Key": "mk.keyword_id", "Cache Mode": "logical", "Plans": [{"Node Type": "Bitmap Heap Scan", "Parent Relationship": "Outer", "Parallel Aware": false, "Async Capable": false, "Relation Name": "keyword", "Alias": "k", "Startup Cost": 0.43, "Total Cost": 4.44, "Plan Rows": 1, "Plan Width": 4, "Recheck Cond": "(id = mk.keyword_id)", "Filter": "((keyword)::text ~~ '%sequel%'::text)", "Plans": [{"Node Type": "Bitmap Index Scan", "Parent Relationship": "Outer", "Parallel Aware": false, "Async Capable": false, "Index Name": "keyword_pkey", "Startup Cost": 0.0, "Total Cost": 0.43, "Plan Rows": 1, "Plan Width": 0, "Index Cond": "(id = mk.keyword_id)"}]}]}]}, {"Node Type": "Bitmap Heap Scan", "Parent Relationship": "Inner", "Parallel Aware": false, "Async Capable": false, "Relation Name": "title", "Alias": "t", "Startup Cost": 0.45, "Total Cost": 4.46, "Plan Rows": 1, "Plan Width": 21, "Recheck Cond": "(id = mk.movie_id)", "Filter": "(production_year >= 1888)", "Plans": [{"Node Type": "Bitmap Index Scan", "Parent Relationship": "Outer", "Parallel Aware": false, "Async Capable": false, "Index Name": "title_pkey", "Startup Cost": 0.0, "Total Cost": 0.45, "Plan Rows": 1, "Plan Width": 0, "Index Cond": "(id = mk.movie_id)"}]}]}]}]}]}}, {"Plan": {"Node Type": "Aggregate", "Strategy": "Plain", "Partial Mode": "Simple", "Parallel Aware": false, "Async Capable": false, "Startup Cost": 153616996.54, "Total Cost": 153616996.55, "Plan Rows": 1, "Plan Width": 32, "Plans": [{"Node Type": "Nested Loop", "Parent Relationship": "Outer", "Parallel Aware": false, "Async Capable": false, "Join Type": "Inner", "Startup Cost": 1000.91, "Total Cost": 153616958.3, "Plan Rows": 15293, "Plan Width": 17, "Inner Unique": false, "Join Filter": "(t.id = mi.movie_id)", "Plans": [{"Node Type": "Seq Scan", "Parent Relationship": "Outer", "Parallel Aware": false, "Async Capable": false, "Relation Name": "movie_info", "Alias": "mi", "Startup Cost": 0.02, "Total Cost": 384190.99, "Plan Rows": 1158273, "Plan Width": 4, "Filter": "((info)::text = ANY ('{Action,American,Bulgaria,Crime,Denish,Denmark,Drama,English,Family}'::text[]))"}, {"Node Type": "Materialize", "Parent Relationship": "Inner", "Parallel Aware": false, "Async Capable": false, "Startup Cost": 1000.88, "Total Cost": 236508.76, "Plan Rows": 8806, "Plan Width": 25, "Plans": [{"Node Type": "Gather", "Parent Relationship": "Outer", "Parallel Aware": false, "Async Capable": false, "Startup Cost": 1000.88, "Total Cost": 236464.73, "Plan Rows": 8806, "Plan Width": 25, "Workers Planned": 3, "Single Copy": false, "Plans": [{"Node Type": "Nested Loop", "Parent Relationship": "Outer", "Parallel Aware": false, "Async Capable": false, "Join Type": "Inner", "Startup Cost": 0.88, "Total Cost": 234584.13, "Plan Rows": 2841, "Plan Width": 25, "Inner Unique": true, "Plans": [{"Node Type": "Nested Loop", "Parent Relationship": "Outer", "Parallel Aware": false, "Async Capable": false, "Join Type": "Inner", "Startup Cost": 0.44, "Total Cost": 221532.09, "Plan Rows": 2926, "Plan Width": 4, "Inner Unique": true, "Plans": [{"Node Type": "Seq Scan", "Parent Relationship": "Outer", "Parallel Aware": true, "Async Capable": false, "Relation Name": "movie_keyword", "Alias": "mk", "Startup Cost": 0.0, "Total Cost": 39073.32, "Plan Rows": 1459332, "Plan Width": 8}, {"Node Type": "Memoize", "Parent Relationship": "Inner", "Parallel Aware": false, "Async Capable": false, "Startup Cost": 0.44, "Total Cost": 4.45, "Plan Rows": 1, "Plan Width": 4, "Cache Key": "mk.keyword_id", "Cache Mode": "logical", "Plans": [{"Node Type": "Bitmap Heap Scan", "Parent Relationship": "Outer", "Parallel Aware": false, "Async Capable": false, "Relation Name": "keyword", "Alias": "k", "Startup Cost": 0.43, "Total Cost": 4.44, "Plan Rows": 1, "Plan Width": 4, "Recheck Cond": "(id = mk.keyword_id)", "Filter": "((keyword)::text ~~ '%sequel%'::text)", "Plans": [{"Node Type": "Bitmap Index Scan", "Parent Relationship": "Outer", "Parallel Aware": false, "Async Capable": false, "Index Name": "keyword_pkey", "Startup Cost": 0.0, "Total Cost": 0.43, "Plan Rows": 1, "Plan Width": 0, "Index Cond": "(id = mk.keyword_id)"}]}]}]}, {"Node Type": "Bitmap Heap Scan", "Parent Relationship": "Inner", "Parallel Aware": false, "Async Capable": false, "Relation Name": "title", "Alias": "t", "Startup Cost": 0.45, "Total Cost": 4.46, "Plan Rows": 1, "Plan Width": 21, "Recheck Cond": "(id = mk.movie_id)", "Filter": "(production_year >= 1888)", "Plans": [{"Node Type": "Bitmap Index Scan", "Parent Relationship": "Outer", "Parallel Aware": false, "Async Capable": false, "Index Name": "title_pkey", "Startup Cost": 0.0, "Total Cost": 0.45, "Plan Rows": 1, "Plan Width": 0, "Index Cond": "(id = mk.movie_id)"}]}]}]}]}]}]}}]