[{"Plan": {"Node Type": "Aggregate", "Strategy": "Plain", "Partial Mode": "Simple", "Parallel Aware": false, "Async Capable": false, "Startup Cost": 260724.21, "Total Cost": 260724.22, "Plan Rows": 1, "Plan Width": 64, "Plans": [{"Node Type": "Gather", "Parent Relationship": "Outer", "Parallel Aware": false, "Async Capable": false, "Startup Cost": 216178.25, "Total Cost": 260724.21, "Plan Rows": 1, "Plan Width": 22, "Workers Planned": 3, "Single Copy": false, "Plans": [{"Node Type": "Nested Loop", "Parent Relationship": "Outer", "Parallel Aware": false, "Async Capable": false, "Join Type": "Inner", "Startup Cost": 215178.25, "Total Cost": 259724.11, "Plan Rows": 1, "Plan Width": 22, "Inner Unique": true, "Plans": [{"Node Type": "Hash Join", "Parent Relationship": "Outer", "Parallel Aware": true, "Async Capable": false, "Join Type": "Inner", "Startup Cost": 215177.82, "Total Cost": 259723.65, "Plan Rows": 1, "Plan Width": 26, "Inner Unique": false, "Hash Cond": "(mk.movie_id = t.id)", "Plans": [{"Node Type": "Seq Scan", "Parent Relationship": "Outer", "Parallel Aware": true, "Async Capable": false, "Relation Name": "movie_keyword", "Alias": "mk", "Startup Cost": 0.0, "Total Cost": 39073.32, "Plan Rows": 1459332, "Plan Width": 8}, {"Node Type": "Hash", "Parent Relationship": "Inner", "Parallel Aware": true, "Async Capable": false, "Startup Cost": 215177.81, "Total Cost": 215177.81, "Plan Rows": 1, "Plan Width": 34, "Plans": [{"Node Type": "Nested Loop", "Parent Relationship": "Outer", "Parallel Aware": false, "Async Capable": false, "Join Type": "Inner", "Startup Cost": 198751.54, "Total Cost": 215177.81, "Plan Rows": 1, "Plan Width": 34, "Inner Unique": true, "Plans": [{"Node Type": "Nested Loop", "Parent Relationship": "Outer", "Parallel Aware": false, "Async Capable": false, "Join Type": "Inner", "Startup Cost": 198751.4, "Total Cost": 215177.63, "Plan Rows": 1, "Plan Width": 38, "Inner Unique": true, "Join Filter": "(t.id = mi.movie_id)", "Plans": [{"Node Type": "Hash Join", "Parent Relationship": "Outer", "Parallel Aware": true, "Async Capable": false, "Join Type": "Inner", "Startup Cost": 198750.97, "Total Cost": 215177.0, "Plan Rows": 1, "Plan Width": 13, "Inner Unique": false, "Hash Cond": "(mi_idx.movie_id = mi.movie_id)", "Plans": [{"Node Type": "Hash Join", "Parent Relationship": "Outer", "Parallel Aware": false, "Async Capable": false, "Join Type": "Inner", "Startup Cost": 2.43, "Total Cost": 16383.65, "Plan Rows": 3982, "Plan Width": 9, "Inner Unique": true, "Hash Cond": "(mi_idx.info_type_id = it2.id)", "Plans": [{"Node Type": "Seq Scan", "Parent Relationship": "Outer", "Parallel Aware": true, "Async Capable": false, "Relation Name": "movie_info_idx", "Alias": "mi_idx", "Startup Cost": 0.0, "Total Cost": 15155.68, "Plan Rows": 449997, "Plan Width": 13, "Filter": "((info)::text <= '6.5'::text)"}, {"Node Type": "Hash", "Parent Relationship": "Inner", "Parallel Aware": false, "Async Capable": false, "Startup Cost": 2.41, "Total Cost": 2.41, "Plan Rows": 1, "Plan Width": 4, "Plans": [{"Node Type": "Seq Scan", "Parent Relationship": "Outer", "Parallel Aware": false, "Async Capable": false, "Relation Name": "info_type", "Alias": "it2", "Startup Cost": 0.0, "Total Cost": 2.41, "Plan Rows": 1, "Plan Width": 4, "Filter": "((info)::text = 'rating'::text)"}]}]}, {"Node Type": "Hash", "Parent Relationship": "Inner", "Parallel Aware": true, "Async Capable": false, "Startup Cost": 198748.25, "Total Cost": 198748.25, "Plan Rows": 24, "Plan Width": 4, "Plans": [{"Node Type": "Hash Join", "Parent Relationship": "Outer", "Parallel Aware": false, "Async Capable": false, "Join Type": "Inner", "Startup Cost": 2.43, "Total Cost": 198748.25, "Plan Rows": 24, "Plan Width": 4, "Inner Unique": true, "Hash Cond": "(mi.info_type_id = it1.id)", "Plans": [{"Node Type": "Seq Scan", "Parent Relationship": "Outer", "Parallel Aware": true, "Async Capable": false, "Relation Name": "movie_info", "Alias": "mi", "Startup Cost": 0.0, "Total Cost": 198738.49, "Plan Rows": 2690, "Plan Width": 8, "Filter": "((info)::text = 'Western'::text)"}, {"Node Type": "Hash", "Parent Relationship": "Inner", "Parallel Aware": false, "Async Capable": false, "Startup Cost": 2.41, "Total Cost": 2.41, "Plan Rows": 1, "Plan Width": 4, "Plans": [{"Node Type": "Seq Scan", "Parent Relationship": "Outer", "Parallel Aware": false, "Async Capable": false, "Relation Name": "info_type", "Alias": "it1", "Startup Cost": 0.0, "Total Cost": 2.41, "Plan Rows": 1, "Plan Width": 4, "Filter": "((info)::text = 'genres'::text)"}]}]}]}]}, {"Node Type": "Index Scan", "Parent Relationship": "Inner", "Parallel Aware": false, "Async Capable": false, "Scan Direction": "Forward", "Index Name": "title_pkey", "Relation Name": "title", "Alias": "t", "Startup Cost": 0.43, "Total Cost": 0.62, "Plan Rows": 1, "Plan Width": 25, "Index Cond": "(id = mi_idx.movie_id)", "Filter": "(production_year >= 1906)"}]}, {"Node Type": "Index Scan", "Parent Relationship": "Inner", "Parallel Aware": false, "Async Capable": false, "Scan Direction": "Forward", "Index Name": "kind_type_pkey", "Relation Name": "kind_type", "Alias": "kt", "Startup Cost": 0.13, "Total Cost": 0.15, "Plan Rows": 1, "Plan Width": 4, "Index Cond": "(id = t.kind_id)", "Filter": "((kind)::text = 'tv movie'::text)"}]}]}]}, {"Node Type": "Memoize", "Parent Relationship": "Inner", "Parallel Aware": false, "Async Capable": false, "Startup Cost": 0.43, "Total Cost": 0.45, "Plan Rows": 1, "Plan Width": 4, "Cache Key": "mk.keyword_id", "Cache Mode": "logical", "Plans": [{"Node Type": "Index Scan", "Parent Relationship": "Outer", "Parallel Aware": false, "Async Capable": false, "Scan Direction": "Forward", "Index Name": "keyword_pkey", "Relation Name": "keyword", "Alias": "k", "Startup Cost": 0.42, "Total Cost": 0.44, "Plan Rows": 1, "Plan Width": 4, "Index Cond": "(id = mk.keyword_id)", "Filter": "((keyword)::text = 'violence'::text)"}]}]}]}]}}, {"Plan": {"Node Type": "Aggregate", "Strategy": "Plain", "Partial Mode": "Simple", "Parallel Aware": false, "Async Capable": false, "Startup Cost": 80000462163.37, "Total Cost": 80000462163.38, "Plan Rows": 1, "Plan Width": 64, "Plans": [{"Node Type": "Nested Loop", "Parent Relationship": "Outer", "Parallel Aware": false, "Async Capable": false, "Join Type": "Inner", "Startup Cost": 80000375466.76, "Total Cost": 80000462163.37, "Plan Rows": 1, "Plan Width": 22, "Inner Unique": true, "Plans": [{"Node Type": "Hash Join", "Parent Relationship": "Outer", "Parallel Aware": false, "Async Capable": false, "Join Type": "Inner", "Startup Cost": 70000375466.33, "Total Cost": 70000462150.47, "Plan Rows": 2, "Plan Width": 26, "Inner Unique": true, "Hash Cond": "(t.kind_id = kt.id)", "Plans": [{"Node Type": "Hash Join", "Parent Relationship": "Outer", "Parallel Aware": false, "Async Capable": false, "Join Type": "Inner", "Startup Cost": 60000375454.06, "Total Cost": 60000462138.14, "Plan Rows": 14, "Plan Width": 30, "Inner Unique": false, "Hash Cond": "(mk.movie_id = t.id)", "Plans": [{"Node Type": "Seq Scan", "Parent Relationship": "Outer", "Parallel Aware": false, "Async Capable": false, "Relation Name": "movie_keyword", "Alias": "mk", "Startup Cost": 10000000000.0, "Total Cost": 10000069719.3, "Plan Rows": 4523930, "Plan Width": 8}, {"Node Type": "Hash", "Parent Relationship": "Inner", "Parallel Aware": false, "Async Capable": false, "Startup Cost": 50000375454.04, "Total Cost": 50000375454.04, "Plan Rows": 2, "Plan Width": 38, "Plans": [{"Node Type": "Nested Loop", "Parent Relationship": "Outer", "Parallel Aware": false, "Async Capable": false, "Join Type": "Inner", "Startup Cost": 50000028307.94, "Total Cost": 50000375454.04, "Plan Rows": 2, "Plan Width": 38, "Inner Unique": true, "Join Filter": "(t.id = mi.movie_id)", "Plans": [{"Node Type": "Hash Join", "Parent Relationship": "Outer", "Parallel Aware": false, "Async Capable": false, "Join Type": "Inner", "Startup Cost": 40000028307.47, "Total Cost": 40000375445.04, "Plan Rows": 2, "Plan Width": 13, "Inner Unique": false, "Hash Cond": "(mi.movie_id = mi_idx.movie_id)", "Plans": [{"Node Type": "Hash Join", "Parent Relationship": "Outer", "Parallel Aware": false, "Async Capable": false, "Join Type": "Inner", "Startup Cost": 20000000014.13, "Total Cost": 20000347151.24, "Plan Rows": 119, "Plan Width": 4, "Inner Unique": true, "Hash Cond": "(mi.info_type_id = it1.id)", "Plans": [{"Node Type": "Seq Scan", "Parent Relationship": "Outer", "Parallel Aware": false, "Async Capable": false, "Relation Name": "movie_info", "Alias": "mi", "Startup Cost": 10000000000.0, "Total Cost": 10000347100.48, "Plan Rows": 13451, "Plan Width": 8, "Filter": "((info)::text = 'Western'::text)"}, {"Node Type": "Hash", "Parent Relationship": "Inner", "Parallel Aware": false, "Async Capable": false, "Startup Cost": 10000000014.12, "Total Cost": 10000000014.12, "Plan Rows": 1, "Plan Width": 4, "Plans": [{"Node Type": "Index Scan", "Parent Relationship": "Outer", "Parallel Aware": false, "Async Capable": false, "Scan Direction": "Forward", "Index Name": "info_type_pkey", "Relation Name": "info_type", "Alias": "it1", "Startup Cost": 10000000000.14, "Total Cost": 10000000014.12, "Plan Rows": 1, "Plan Width": 4, "Filter": "((info)::text = 'genres'::text)"}]}]}, {"Node Type": "Hash", "Parent Relationship": "Inner", "Parallel Aware": false, "Async Capable": false, "Startup Cost": 20000028173.87, "Total Cost": 20000028173.87, "Plan Rows": 9557, "Plan Width": 9, "Plans": [{"Node Type": "Hash Join", "Parent Relationship": "Outer", "Parallel Aware": false, "Async Capable": false, "Join Type": "Inner", "Startup Cost": 20000000014.13, "Total Cost": 20000028173.87, "Plan Rows": 9557, "Plan Width": 9, "Inner Unique": true, "Hash Cond": "(mi_idx.info_type_id = it2.id)", "Plans": [{"Node Type": "Seq Scan", "Parent Relationship": "Outer", "Parallel Aware": false, "Async Capable": false, "Relation Name": "movie_info_idx", "Alias": "mi_idx", "Startup Cost": 10000000000.0, "Total Cost": 10000025218.44, "Plan Rows": 1079992, "Plan Width": 13, "Filter": "((info)::text <= '6.5'::text)"}, {"Node Type": "Hash", "Parent Relationship": "Inner", "Parallel Aware": false, "Async Capable": false, "Startup Cost": 10000000014.12, "Total Cost": 10000000014.12, "Plan Rows": 1, "Plan Width": 4, "Plans": [{"Node Type": "Index Scan", "Parent Relationship": "Outer", "Parallel Aware": false, "Async Capable": false, "Scan Direction": "Forward", "Index Name": "info_type_pkey", "Relation Name": "info_type", "Alias": "it2", "Startup Cost": 10000000000.14, "Total Cost": 10000000014.12, "Plan Rows": 1, "Plan Width": 4, "Filter": "((info)::text = 'rating'::text)"}]}]}]}]}, {"Node Type": "Bitmap Heap Scan", "Parent Relationship": "Inner", "Parallel Aware": false, "Async Capable": false, "Relation Name": "title", "Alias": "t", "Startup Cost": 0.47, "Total Cost": 4.49, "Plan Rows": 1, "Plan Width": 25, "Recheck Cond": "(id = mi_idx.movie_id)", "Filter": "(production_year >= 1906)", "Plans": [{"Node Type": "Bitmap Index Scan", "Parent Relationship": "Outer", "Parallel Aware": false, "Async Capable": false, "Index Name": "title_pkey", "Startup Cost": 0.0, "Total Cost": 0.47, "Plan Rows": 1, "Plan Width": 0, "Index Cond": "(id = mi_idx.movie_id)"}]}]}]}]}, {"Node Type": "Hash", "Parent Relationship": "Inner", "Parallel Aware": false, "Async Capable": false, "Startup Cost": 10000000012.25, "Total Cost": 10000000012.25, "Plan Rows": 1, "Plan Width": 4, "Plans": [{"Node Type": "Index Scan", "Parent Relationship": "Outer", "Parallel Aware": false, "Async Capable": false, "Scan Direction": "Forward", "Index Name": "kind_type_pkey", "Relation Name": "kind_type", "Alias": "kt", "Startup Cost": 10000000000.13, "Total Cost": 10000000012.25, "Plan Rows": 1, "Plan Width": 4, "Filter": "((kind)::text = 'tv movie'::text)"}]}]}, {"Node Type": "Bitmap Heap Scan", "Parent Relationship": "Inner", "Parallel Aware": false, "Async Capable": false, "Relation Name": "keyword", "Alias": "k", "Startup Cost": 0.43, "Total Cost": 4.44, "Plan Rows": 1, "Plan Width": 4, "Recheck Cond": "(id = mk.keyword_id)", "Filter": "((keyword)::text = 'violence'::text)", "Plans": [{"Node Type": "Bitmap Index Scan", "Parent Relationship": "Outer", "Parallel Aware": false, "Async Capable": false, "Index Name": "keyword_pkey", "Startup Cost": 0.0, "Total Cost": 0.43, "Plan Rows": 1, "Plan Width": 0, "Index Cond": "(id = mk.keyword_id)"}]}]}]}}, {"Plan": {"Node Type": "Aggregate", "Strategy": "Plain", "Partial Mode": "Simple", "Parallel Aware": false, "Async Capable": false, "Startup Cost": 30000588208.22, "Total Cost": 30000588208.22, "Plan Rows": 1, "Plan Width": 64, "Plans": [{"Node Type": "Hash Join", "Parent Relationship": "Outer", "Parallel Aware": false, "Async Capable": false, "Join Type": "Inner", "Startup Cost": 30000241070.64, "Total Cost": 30000588208.21, "Plan Rows": 1, "Plan Width": 22, "Inner Unique": true, "Hash Cond": "(t.kind_id = kt.id)", "Plans": [{"Node Type": "Hash Join", "Parent Relationship": "Outer", "Parallel Aware": false, "Async Capable": false, "Join Type": "Inner", "Startup Cost": 30000241058.38, "Total Cost": 30000588195.94, "Plan Rows": 1, "Plan Width": 26, "Inner Unique": false, "Hash Cond": "(mi.movie_id = t.id)", "Plans": [{"Node Type": "Hash Join", "Parent Relationship": "Outer", "Parallel Aware": false, "Async Capable": false, "Join Type": "Inner", "Startup Cost": 10000000014.13, "Total Cost": 10000347151.24, "Plan Rows": 119, "Plan Width": 4, "Inner Unique": true, "Hash Cond": "(mi.info_type_id = it1.id)", "Plans": [{"Node Type": "Seq Scan", "Parent Relationship": "Outer", "Parallel Aware": false, "Async Capable": false, "Relation Name": "movie_info", "Alias": "mi", "Startup Cost": 10000000000.0, "Total Cost": 10000347100.48, "Plan Rows": 13451, "Plan Width": 8, "Filter": "((info)::text = 'Western'::text)"}, {"Node Type": "Hash", "Parent Relationship": "Inner", "Parallel Aware": false, "Async Capable": false, "Startup Cost": 14.12, "Total Cost": 14.12, "Plan Rows": 1, "Plan Width": 4, "Plans": [{"Node Type": "Index Scan", "Parent Relationship": "Outer", "Parallel Aware": false, "Async Capable": false, "Scan Direction": "Forward", "Index Name": "info_type_pkey", "Relation Name": "info_type", "Alias": "it1", "Startup Cost": 0.14, "Total Cost": 14.12, "Plan Rows": 1, "Plan Width": 4, "Filter": "((info)::text = 'genres'::text)"}]}]}, {"Node Type": "Hash", "Parent Relationship": "Inner", "Parallel Aware": false, "Async Capable": false, "Startup Cost": 20000241044.23, "Total Cost": 20000241044.23, "Plan Rows": 1, "Plan Width": 38, "Plans": [{"Node Type": "Hash Join", "Parent Relationship": "Outer", "Parallel Aware": false, "Async Capable": false, "Join Type": "Inner", "Startup Cost": 20000115209.48, "Total Cost": 20000241044.23, "Plan Rows": 1, "Plan Width": 38, "Inner Unique": false, "Hash Cond": "(t.id = mk.movie_id)", "Plans": [{"Node Type": "Index Scan", "Parent Relationship": "Outer", "Parallel Aware": false, "Async Capable": false, "Scan Direction": "Forward", "Index Name": "title_pkey", "Relation Name": "title", "Alias": "t", "Startup Cost": 0.43, "Total Cost": 116689.45, "Plan Rows": 2438859, "Plan Width": 25, "Filter": "(production_year >= 1906)"}, {"Node Type": "Hash", "Parent Relationship": "Inner", "Parallel Aware": false, "Async Capable": false, "Startup Cost": 20000115209.04, "Total Cost": 20000115209.04, "Plan Rows": 1, "Plan Width": 13, "Plans": [{"Node Type": "Hash Join", "Parent Relationship": "Outer", "Parallel Aware": false, "Async Capable": false, "Join Type": "Inner", "Startup Cost": 20000087013.45, "Total Cost": 20000115209.04, "Plan Rows": 1, "Plan Width": 13, "Inner Unique": false, "Hash Cond": "(mi_idx.movie_id = mk.movie_id)", "Plans": [{"Node Type": "Hash Join", "Parent Relationship": "Outer", "Parallel Aware": false, "Async Capable": false, "Join Type": "Inner", "Startup Cost": 10000000014.13, "Total Cost": 10000028173.87, "Plan Rows": 9557, "Plan Width": 9, "Inner Unique": true, "Hash Cond": "(mi_idx.info_type_id = it2.id)", "Plans": [{"Node Type": "Seq Scan", "Parent Relationship": "Outer", "Parallel Aware": false, "Async Capable": false, "Relation Name": "movie_info_idx", "Alias": "mi_idx", "Startup Cost": 10000000000.0, "Total Cost": 10000025218.44, "Plan Rows": 1079992, "Plan Width": 13, "Filter": "((info)::text <= '6.5'::text)"}, {"Node Type": "Hash", "Parent Relationship": "Inner", "Parallel Aware": false, "Async Capable": false, "Startup Cost": 14.12, "Total Cost": 14.12, "Plan Rows": 1, "Plan Width": 4, "Plans": [{"Node Type": "Index Scan", "Parent Relationship": "Outer", "Parallel Aware": false, "Async Capable": false, "Scan Direction": "Forward", "Index Name": "info_type_pkey", "Relation Name": "info_type", "Alias": "it2", "Startup Cost": 0.14, "Total Cost": 14.12, "Plan Rows": 1, "Plan Width": 4, "Filter": "((info)::text = 'rating'::text)"}]}]}, {"Node Type": "Hash", "Parent Relationship": "Inner", "Parallel Aware": false, "Async Capable": false, "Startup Cost": 10000086998.9, "Total Cost": 10000086998.9, "Plan Rows": 34, "Plan Width": 4, "Plans": [{"Node Type": "Hash Join", "Parent Relationship": "Outer", "Parallel Aware": false, "Async Capable": false, "Join Type": "Inner", "Startup Cost": 10000005403.9, "Total Cost": 10000086998.9, "Plan Rows": 34, "Plan Width": 4, "Inner Unique": true, "Hash Cond": "(mk.keyword_id = k.id)", "Plans": [{"Node Type": "Seq Scan", "Parent Relationship": "Outer", "Parallel Aware": false, "Async Capable": false, "Relation Name": "movie_keyword", "Alias": "mk", "Startup Cost": 10000000000.0, "Total Cost": 10000069719.3, "Plan Rows": 4523930, "Plan Width": 8}, {"Node Type": "Hash", "Parent Relationship": "Inner", "Parallel Aware": false, "Async Capable": false, "Startup Cost": 5403.89, "Total Cost": 5403.89, "Plan Rows": 1, "Plan Width": 4, "Plans": [{"Node Type": "Index Scan", "Parent Relationship": "Outer", "Parallel Aware": false, "Async Capable": false, "Scan Direction": "Forward", "Index Name": "keyword_pkey", "Relation Name": "keyword", "Alias": "k", "Startup Cost": 0.42, "Total Cost": 5403.89, "Plan Rows": 1, "Plan Width": 4, "Filter": "((keyword)::text = 'violence'::text)"}]}]}]}]}]}]}]}]}, {"Node Type": "Hash", "Parent Relationship": "Inner", "Parallel Aware": false, "Async Capable": false, "Startup Cost": 12.26, "Total Cost": 12.26, "Plan Rows": 1, "Plan Width": 4, "Plans": [{"Node Type": "Index Scan", "Parent Relationship": "Outer", "Parallel Aware": false, "Async Capable": false, "Scan Direction": "Forward", "Index Name": "kind_type_pkey", "Relation Name": "kind_type", "Alias": "kt", "Startup Cost": 0.13, "Total Cost": 12.26, "Plan Rows": 1, "Plan Width": 4, "Filter": "((kind)::text = 'tv movie'::text)"}]}]}]}}, {"Plan": {"Node Type": "Aggregate", "Strategy": "Plain", "Partial Mode": "Simple", "Parallel Aware": false, "Async Capable": false, "Startup Cost": 30000585046.26, "Total Cost": 30000585046.27, "Plan Rows": 1, "Plan Width": 64, "Plans": [{"Node Type": "Hash Join", "Parent Relationship": "Outer", "Parallel Aware": false, "Async Capable": false, "Join Type": "Inner", "Startup Cost": 30000556850.67, "Total Cost": 30000585046.25, "Plan Rows": 1, "Plan Width": 22, "Inner Unique": true, "Hash Cond": "(t.kind_id = kt.id)", "Plans": [{"Node Type": "Hash Join", "Parent Relationship": "Outer", "Parallel Aware": false, "Async Capable": false, "Join Type": "Inner", "Startup Cost": 30000556838.4, "Total Cost": 30000585033.98, "Plan Rows": 1, "Plan Width": 26, "Inner Unique": false, "Hash Cond": "(mi_idx.movie_id = t.id)", "Plans": [{"Node Type": "Hash Join", "Parent Relationship": "Outer", "Parallel Aware": false, "Async Capable": false, "Join Type": "Inner", "Startup Cost": 10000000014.13, "Total Cost": 10000028173.87, "Plan Rows": 9557, "Plan Width": 9, "Inner Unique": true, "Hash Cond": "(mi_idx.info_type_id = it2.id)", "Plans": [{"Node Type": "Seq Scan", "Parent Relationship": "Outer", "Parallel Aware": false, "Async Capable": false, "Relation Name": "movie_info_idx", "Alias": "mi_idx", "Startup Cost": 10000000000.0, "Total Cost": 10000025218.44, "Plan Rows": 1079992, "Plan Width": 13, "Filter": "((info)::text <= '6.5'::text)"}, {"Node Type": "Hash", "Parent Relationship": "Inner", "Parallel Aware": false, "Async Capable": false, "Startup Cost": 14.12, "Total Cost": 14.12, "Plan Rows": 1, "Plan Width": 4, "Plans": [{"Node Type": "Index Scan", "Parent Relationship": "Outer", "Parallel Aware": false, "Async Capable": false, "Scan Direction": "Forward", "Index Name": "info_type_pkey", "Relation Name": "info_type", "Alias": "it2", "Startup Cost": 0.14, "Total Cost": 14.12, "Plan Rows": 1, "Plan Width": 4, "Filter": "((info)::text = 'rating'::text)"}]}]}, {"Node Type": "Hash", "Parent Relationship": "Inner", "Parallel Aware": false, "Async Capable": false, "Startup Cost": 20000556824.25, "Total Cost": 20000556824.25, "Plan Rows": 1, "Plan Width": 33, "Plans": [{"Node Type": "Merge Join", "Parent Relationship": "Outer", "Parallel Aware": false, "Async Capable": false, "Join Type": "Inner", "Startup Cost": 20000434157.9, "Total Cost": 20000556824.25, "Plan Rows": 1, "Plan Width": 33, "Inner Unique": false, "Merge Cond": "(mi.movie_id = t.id)", "Plans": [{"Node Type": "Sort", "Parent Relationship": "Outer", "Parallel Aware": false, "Async Capable": false, "Startup Cost": 10000347155.34, "Total Cost": 10000347155.64, "Plan Rows": 119, "Plan Width": 4, "Sort Key": ["mi.movie_id"], "Plans": [{"Node Type": "Hash Join", "Parent Relationship": "Outer", "Parallel Aware": false, "Async Capable": false, "Join Type": "Inner", "Startup Cost": 10000000014.13, "Total Cost": 10000347151.24, "Plan Rows": 119, "Plan Width": 4, "Inner Unique": true, "Hash Cond": "(mi.info_type_id = it1.id)", "Plans": [{"Node Type": "Seq Scan", "Parent Relationship": "Outer", "Parallel Aware": false, "Async Capable": false, "Relation Name": "movie_info", "Alias": "mi", "Startup Cost": 10000000000.0, "Total Cost": 10000347100.48, "Plan Rows": 13451, "Plan Width": 8, "Filter": "((info)::text = 'Western'::text)"}, {"Node Type": "Hash", "Parent Relationship": "Inner", "Parallel Aware": false, "Async Capable": false, "Startup Cost": 14.12, "Total Cost": 14.12, "Plan Rows": 1, "Plan Width": 4, "Plans": [{"Node Type": "Index Scan", "Parent Relationship": "Outer", "Parallel Aware": false, "Async Capable": false, "Scan Direction": "Forward", "Index Name": "info_type_pkey", "Relation Name": "info_type", "Alias": "it1", "Startup Cost": 0.14, "Total Cost": 14.12, "Plan Rows": 1, "Plan Width": 4, "Filter": "((info)::text = 'genres'::text)"}]}]}]}, {"Node Type": "Materialize", "Parent Relationship": "Inner", "Parallel Aware": false, "Async Capable": false, "Startup Cost": 10000087002.56, "Total Cost": 10000209668.22, "Plan Rows": 33, "Plan Width": 29, "Plans": [{"Node Type": "Merge Join", "Parent Relationship": "Outer", "Parallel Aware": false, "Async Capable": false, "Join Type": "Inner", "Startup Cost": 10000087002.56, "Total Cost": 10000209668.14, "Plan Rows": 33, "Plan Width": 29, "Inner Unique": true, "Merge Cond": "(mk.movie_id = t.id)", "Plans": [{"Node Type": "Sort", "Parent Relationship": "Outer", "Parallel Aware": false, "Async Capable": false, "Startup Cost": 10000086999.76, "Total Cost": 10000086999.85, "Plan Rows": 34, "Plan Width": 4, "Sort Key": ["mk.movie_id"], "Plans": [{"Node Type": "Hash Join", "Parent Relationship": "Outer", "Parallel Aware": false, "Async Capable": false, "Join Type": "Inner", "Startup Cost": 10000005403.9, "Total Cost": 10000086998.9, "Plan Rows": 34, "Plan Width": 4, "Inner Unique": true, "Hash Cond": "(mk.keyword_id = k.id)", "Plans": [{"Node Type": "Seq Scan", "Parent Relationship": "Outer", "Parallel Aware": false, "Async Capable": false, "Relation Name": "movie_keyword", "Alias": "mk", "Startup Cost": 10000000000.0, "Total Cost": 10000069719.3, "Plan Rows": 4523930, "Plan Width": 8}, {"Node Type": "Hash", "Parent Relationship": "Inner", "Parallel Aware": false, "Async Capable": false, "Startup Cost": 5403.89, "Total Cost": 5403.89, "Plan Rows": 1, "Plan Width": 4, "Plans": [{"Node Type": "Index Scan", "Parent Relationship": "Outer", "Parallel Aware": false, "Async Capable": false, "Scan Direction": "Forward", "Index Name": "keyword_pkey", "Relation Name": "keyword", "Alias": "k", "Startup Cost": 0.42, "Total Cost": 5403.89, "Plan Rows": 1, "Plan Width": 4, "Filter": "((keyword)::text = 'violence'::text)"}]}]}]}, {"Node Type": "Index Scan", "Parent Relationship": "Inner", "Parallel Aware": false, "Async Capable": false, "Scan Direction": "Forward", "Index Name": "title_pkey", "Relation Name": "title", "Alias": "t", "Startup Cost": 0.43, "Total Cost": 116689.45, "Plan Rows": 2438859, "Plan Width": 25, "Filter": "(production_year >= 1906)"}]}]}]}]}]}, {"Node Type": "Hash", "Parent Relationship": "Inner", "Parallel Aware": false, "Async Capable": false, "Startup Cost": 12.26, "Total Cost": 12.26, "Plan Rows": 1, "Plan Width": 4, "Plans": [{"Node Type": "Index Scan", "Parent Relationship": "Outer", "Parallel Aware": false, "Async Capable": false, "Scan Direction": "Forward", "Index Name": "kind_type_pkey", "Relation Name": "kind_type", "Alias": "kt", "Startup Cost": 0.13, "Total Cost": 12.26, "Plan Rows": 1, "Plan Width": 4, "Filter": "((kind)::text = 'tv movie'::text)"}]}]}]}}, {"Plan": {"Node Type": "Aggregate", "Strategy": "Plain", "Partial Mode": "Simple", "Parallel Aware": false, "Async Capable": false, "Startup Cost": 30000462366.29, "Total Cost": 30000462366.3, "Plan Rows": 1, "Plan Width": 64, "Plans": [{"Node Type": "Nested Loop", "Parent Relationship": "Outer", "Parallel Aware": false, "Async Capable": false, "Join Type": "Inner", "Startup Cost": 30000434170.66, "Total Cost": 30000462366.29, "Plan Rows": 1, "Plan Width": 22, "Inner Unique": true, "Plans": [{"Node Type": "Hash Join", "Parent Relationship": "Outer", "Parallel Aware": false, "Async Capable": false, "Join Type": "Inner", "Startup Cost": 30000434170.53, "Total Cost": 30000462366.11, "Plan Rows": 1, "Plan Width": 26, "Inner Unique": false, "Hash Cond": "(mi_idx.movie_id = t.id)", "Plans": [{"Node Type": "Hash Join", "Parent Relationship": "Outer", "Parallel Aware": false, "Async Capable": false, "Join Type": "Inner", "Startup Cost": 10000000014.13, "Total Cost": 10000028173.87, "Plan Rows": 9557, "Plan Width": 9, "Inner Unique": true, "Hash Cond": "(mi_idx.info_type_id = it2.id)", "Plans": [{"Node Type": "Seq Scan", "Parent Relationship": "Outer", "Parallel Aware": false, "Async Capable": false, "Relation Name": "movie_info_idx", "Alias": "mi_idx", "Startup Cost": 10000000000.0, "Total Cost": 10000025218.44, "Plan Rows": 1079992, "Plan Width": 13, "Filter": "((info)::text <= '6.5'::text)"}, {"Node Type": "Hash", "Parent Relationship": "Inner", "Parallel Aware": false, "Async Capable": false, "Startup Cost": 14.12, "Total Cost": 14.12, "Plan Rows": 1, "Plan Width": 4, "Plans": [{"Node Type": "Index Scan", "Parent Relationship": "Outer", "Parallel Aware": false, "Async Capable": false, "Scan Direction": "Forward", "Index Name": "info_type_pkey", "Relation Name": "info_type", "Alias": "it2", "Startup Cost": 0.14, "Total Cost": 14.12, "Plan Rows": 1, "Plan Width": 4, "Filter": "((info)::text = 'rating'::text)"}]}]}, {"Node Type": "Hash", "Parent Relationship": "Inner", "Parallel Aware": false, "Async Capable": false, "Startup Cost": 20000434156.38, "Total Cost": 20000434156.38, "Plan Rows": 1, "Plan Width": 33, "Plans": [{"Node Type": "Nested Loop", "Parent Relationship": "Outer", "Parallel Aware": false, "Async Capable": false, "Join Type": "Inner", "Startup Cost": 20000434155.53, "Total Cost": 20000434156.38, "Plan Rows": 1, "Plan Width": 33, "Inner Unique": true, "Join Filter": "(t.id = mi.movie_id)", "Plans": [{"Node Type": "Merge Join", "Parent Relationship": "Outer", "Parallel Aware": false, "Async Capable": false, "Join Type": "Inner", "Startup Cost": 20000434155.1, "Total Cost": 20000434155.88, "Plan Rows": 1, "Plan Width": 8, "Inner Unique": false, "Merge Cond": "(mi.movie_id = mk.movie_id)", "Plans": [{"Node Type": "Sort", "Parent Relationship": "Outer", "Parallel Aware": false, "Async Capable": false, "Startup Cost": 10000347155.34, "Total Cost": 10000347155.64, "Plan Rows": 119, "Plan Width": 4, "Sort Key": ["mi.movie_id"], "Plans": [{"Node Type": "Hash Join", "Parent Relationship": "Outer", "Parallel Aware": false, "Async Capable": false, "Join Type": "Inner", "Startup Cost": 10000000014.13, "Total Cost": 10000347151.24, "Plan Rows": 119, "Plan Width": 4, "Inner Unique": true, "Hash Cond": "(mi.info_type_id = it1.id)", "Plans": [{"Node Type": "Seq Scan", "Parent Relationship": "Outer", "Parallel Aware": false, "Async Capable": false, "Relation Name": "movie_info", "Alias": "mi", "Startup Cost": 10000000000.0, "Total Cost": 10000347100.48, "Plan Rows": 13451, "Plan Width": 8, "Filter": "((info)::text = 'Western'::text)"}, {"Node Type": "Hash", "Parent Relationship": "Inner", "Parallel Aware": false, "Async Capable": false, "Startup Cost": 14.12, "Total Cost": 14.12, "Plan Rows": 1, "Plan Width": 4, "Plans": [{"Node Type": "Index Scan", "Parent Relationship": "Outer", "Parallel Aware": false, "Async Capable": false, "Scan Direction": "Forward", "Index Name": "info_type_pkey", "Relation Name": "info_type", "Alias": "it1", "Startup Cost": 0.14, "Total Cost": 14.12, "Plan Rows": 1, "Plan Width": 4, "Filter": "((info)::text = 'genres'::text)"}]}]}]}, {"Node Type": "Sort", "Parent Relationship": "Inner", "Parallel Aware": false, "Async Capable": false, "Startup Cost": 10000086999.76, "Total Cost": 10000086999.85, "Plan Rows": 34, "Plan Width": 4, "Sort Key": ["mk.movie_id"], "Plans": [{"Node Type": "Hash Join", "Parent Relationship": "Outer", "Parallel Aware": false, "Async Capable": false, "Join Type": "Inner", "Startup Cost": 10000005403.9, "Total Cost": 10000086998.9, "Plan Rows": 34, "Plan Width": 4, "Inner Unique": true, "Hash Cond": "(mk.keyword_id = k.id)", "Plans": [{"Node Type": "Seq Scan", "Parent Relationship": "Outer", "Parallel Aware": false, "Async Capable": false, "Relation Name": "movie_keyword", "Alias": "mk", "Startup Cost": 10000000000.0, "Total Cost": 10000069719.3, "Plan Rows": 4523930, "Plan Width": 8}, {"Node Type": "Hash", "Parent Relationship": "Inner", "Parallel Aware": false, "Async Capable": false, "Startup Cost": 5403.89, "Total Cost": 5403.89, "Plan Rows": 1, "Plan Width": 4, "Plans": [{"Node Type": "Index Scan", "Parent Relationship": "Outer", "Parallel Aware": false, "Async Capable": false, "Scan Direction": "Forward", "Index Name": "keyword_pkey", "Relation Name": "keyword", "Alias": "k", "Startup Cost": 0.42, "Total Cost": 5403.89, "Plan Rows": 1, "Plan Width": 4, "Filter": "((keyword)::text = 'violence'::text)"}]}]}]}]}, {"Node Type": "Index Scan", "Parent Relationship": "Inner", "Parallel Aware": false, "Async Capable": false, "Scan Direction": "Forward", "Index Name": "title_pkey", "Relation Name": "title", "Alias": "t", "Startup Cost": 0.43, "Total Cost": 0.49, "Plan Rows": 1, "Plan Width": 25, "Index Cond": "(id = mk.movie_id)", "Filter": "(production_year >= 1906)"}]}]}]}, {"Node Type": "Index Scan", "Parent Relationship": "Inner", "Parallel Aware": false, "Async Capable": false, "Scan Direction": "Forward", "Index Name": "kind_type_pkey", "Relation Name": "kind_type", "Alias": "kt", "Startup Cost": 0.13, "Total Cost": 0.15, "Plan Rows": 1, "Plan Width": 4, "Index Cond": "(id = t.kind_id)", "Filter": "((kind)::text = 'tv movie'::text)"}]}]}}, {"Plan": {"Node Type": "Aggregate", "Strategy": "Plain", "Partial Mode": "Finalize", "Parallel Aware": false, "Async Capable": false, "Startup Cost": 307933.39, "Total Cost": 307933.4, "Plan Rows": 1, "Plan Width": 64, "Plans": [{"Node Type": "Gather", "Parent Relationship": "Outer", "Parallel Aware": false, "Async Capable": false, "Startup Cost": 307932.96, "Total Cost": 307933.37, "Plan Rows": 4, "Plan Width": 64, "Workers Planned": 4, "Single Copy": false, "Plans": [{"Node Type": "Aggregate", "Strategy": "Plain", "Partial Mode": "Partial", "Parent Relationship": "Outer", "Parallel Aware": false, "Async Capable": false, "Startup Cost": 306932.96, "Total Cost": 306932.97, "Plan Rows": 1, "Plan Width": 64, "Plans": [{"Node Type": "Hash Join", "Parent Relationship": "Outer", "Parallel Aware": false, "Async Capable": false, "Join Type": "Inner", "Startup Cost": 260737.53, "Total Cost": 306932.95, "Plan Rows": 1, "Plan Width": 22, "Inner Unique": true, "Hash Cond": "(t.kind_id = kt.id)", "Plans": [{"Node Type": "Hash Join", "Parent Relationship": "Outer", "Parallel Aware": true, "Async Capable": false, "Join Type": "Inner", "Startup Cost": 260736.43, "Total Cost": 306931.85, "Plan Rows": 1, "Plan Width": 26, "Inner Unique": false, "Hash Cond": "(t.id = mi.movie_id)", "Plans": [{"Node Type": "Seq Scan", "Parent Relationship": "Outer", "Parallel Aware": true, "Async Capable": false, "Relation Name": "title", "Alias": "t", "Startup Cost": 0.0, "Total Cost": 43908.97, "Plan Rows": 609715, "Plan Width": 25, "Filter": "(production_year >= 1906)"}, {"Node Type": "Hash", "Parent Relationship": "Inner", "Parallel Aware": true, "Async Capable": false, "Startup Cost": 260736.42, "Total Cost": 260736.42, "Plan Rows": 1, "Plan Width": 17, "Plans": [{"Node Type": "Hash Join", "Parent Relationship": "Outer", "Parallel Aware": true, "Async Capable": false, "Join Type": "Inner", "Startup Cost": 61990.5, "Total Cost": 260736.42, "Plan Rows": 1, "Plan Width": 17, "Inner Unique": false, "Hash Cond": "(mi.movie_id = mk.movie_id)", "Plans": [{"Node Type": "Hash Join", "Parent Relationship": "Outer", "Parallel Aware": false, "Async Capable": false, "Join Type": "Inner", "Startup Cost": 2.43, "Total Cost": 198748.25, "Plan Rows": 24, "Plan Width": 4, "Inner Unique": true, "Hash Cond": "(mi.info_type_id = it1.id)", "Plans": [{"Node Type": "Seq Scan", "Parent Relationship": "Outer", "Parallel Aware": true, "Async Capable": false, "Relation Name": "movie_info", "Alias": "mi", "Startup Cost": 0.0, "Total Cost": 198738.49, "Plan Rows": 2690, "Plan Width": 8, "Filter": "((info)::text = 'Western'::text)"}, {"Node Type": "Hash", "Parent Relationship": "Inner", "Parallel Aware": false, "Async Capable": false, "Startup Cost": 2.41, "Total Cost": 2.41, "Plan Rows": 1, "Plan Width": 4, "Plans": [{"Node Type": "Seq Scan", "Parent Relationship": "Outer", "Parallel Aware": false, "Async Capable": false, "Relation Name": "info_type", "Alias": "it1", "Startup Cost": 0.0, "Total Cost": 2.41, "Plan Rows": 1, "Plan Width": 4, "Filter": "((info)::text = 'genres'::text)"}]}]}, {"Node Type": "Hash", "Parent Relationship": "Inner", "Parallel Aware": true, "Async Capable": false, "Startup Cost": 61988.06, "Total Cost": 61988.06, "Plan Rows": 1, "Plan Width": 13, "Plans": [{"Node Type": "Hash Join", "Parent Relationship": "Outer", "Parallel Aware": true, "Async Capable": false, "Join Type": "Inner", "Startup Cost": 45591.89, "Total Cost": 61988.06, "Plan Rows": 1, "Plan Width": 13, "Inner Unique": false, "Hash Cond": "(mi_idx.movie_id = mk.movie_id)", "Plans": [{"Node Type": "Hash Join", "Parent Relationship": "Outer", "Parallel Aware": false, "Async Capable": false, "Join Type": "Inner", "Startup Cost": 2.43, "Total Cost": 16383.65, "Plan Rows": 3982, "Plan Width": 9, "Inner Unique": true, "Hash Cond": "(mi_idx.info_type_id = it2.id)", "Plans": [{"Node Type": "Seq Scan", "Parent Relationship": "Outer", "Parallel Aware": true, "Async Capable": false, "Relation Name": "movie_info_idx", "Alias": "mi_idx", "Startup Cost": 0.0, "Total Cost": 15155.68, "Plan Rows": 449997, "Plan Width": 13, "Filter": "((info)::text <= '6.5'::text)"}, {"Node Type": "Hash", "Parent Relationship": "Inner", "Parallel Aware": false, "Async Capable": false, "Startup Cost": 2.41, "Total Cost": 2.41, "Plan Rows": 1, "Plan Width": 4, "Plans": [{"Node Type": "Seq Scan", "Parent Relationship": "Outer", "Parallel Aware": false, "Async Capable": false, "Relation Name": "info_type", "Alias": "it2", "Startup Cost": 0.0, "Total Cost": 2.41, "Plan Rows": 1, "Plan Width": 4, "Filter": "((info)::text = 'rating'::text)"}]}]}, {"Node Type": "Hash", "Parent Relationship": "Inner", "Parallel Aware": true, "Async Capable": false, "Startup Cost": 45589.33, "Total Cost": 45589.33, "Plan Rows": 11, "Plan Width": 4, "Plans": [{"Node Type": "Hash Join", "Parent Relationship": "Outer", "Parallel Aware": false, "Async Capable": false, "Join Type": "Inner", "Startup Cost": 2685.14, "Total Cost": 45589.33, "Plan Rows": 11, "Plan Width": 4, "Inner Unique": true, "Hash Cond": "(mk.keyword_id = k.id)", "Plans": [{"Node Type": "Seq Scan", "Parent Relationship": "Outer", "Parallel Aware": true, "Async Capable": false, "Relation Name": "movie_keyword", "Alias": "mk", "Startup Cost": 0.0, "Total Cost": 39073.32, "Plan Rows": 1459332, "Plan Width": 8}, {"Node Type": "Hash", "Parent Relationship": "Inner", "Parallel Aware": false, "Async Capable": false, "Startup Cost": 2685.12, "Total Cost": 2685.12, "Plan Rows": 1, "Plan Width": 4, "Plans": [{"Node Type": "Seq Scan", "Parent Relationship": "Outer", "Parallel Aware": false, "Async Capable": false, "Relation Name": "keyword", "Alias": "k", "Startup Cost": 0.0, "Total Cost": 2685.12, "Plan Rows": 1, "Plan Width": 4, "Filter": "((keyword)::text = 'violence'::text)"}]}]}]}]}]}]}]}]}, {"Node Type": "Hash", "Parent Relationship": "Inner", "Parallel Aware": false, "Async Capable": false, "Startup Cost": 1.09, "Total Cost": 1.09, "Plan Rows": 1, "Plan Width": 4, "Plans": [{"Node Type": "Seq Scan", "Parent Relationship": "Outer", "Parallel Aware": false, "Async Capable": false, "Relation Name": "kind_type", "Alias": "kt", "Startup Cost": 0.0, "Total Cost": 1.09, "Plan Rows": 1, "Plan Width": 4, "Filter": "((kind)::text = 'tv movie'::text)"}]}]}]}]}]}}, {"Plan": {"Node Type": "Aggregate", "Strategy": "Plain", "Partial Mode": "Simple", "Parallel Aware": false, "Async Capable": false, "Startup Cost": 30000462136.12, "Total Cost": 30000462136.13, "Plan Rows": 1, "Plan Width": 64, "Plans": [{"Node Type": "Nested Loop", "Parent Relationship": "Outer", "Parallel Aware": false, "Async Capable": false, "Join Type": "Inner", "Startup Cost": 30000375446.05, "Total Cost": 30000462136.12, "Plan Rows": 1, "Plan Width": 22, "Inner Unique": true, "Plans": [{"Node Type": "Nested Loop", "Parent Relationship": "Outer", "Parallel Aware": false, "Async Capable": false, "Join Type": "Inner", "Startup Cost": 30000375445.91, "Total Cost": 30000462135.94, "Plan Rows": 1, "Plan Width": 26, "Inner Unique": true, "Join Filter": "(t.id = mi.movie_id)", "Plans": [{"Node Type": "Nested Loop", "Parent Relationship": "Outer", "Parallel Aware": false, "Async Capable": false, "Join Type": "Inner", "Startup Cost": 30000375445.48, "Total Cost": 30000462135.44, "Plan Rows": 1, "Plan Width": 17, "Inner Unique": true, "Plans": [{"Node Type": "Hash Join", "Parent Relationship": "Outer", "Parallel Aware": false, "Async Capable": false, "Join Type": "Inner", "Startup Cost": 30000375445.06, "Total Cost": 30000462129.24, "Plan Rows": 14, "Plan Width": 21, "Inner Unique": false, "Hash Cond": "(mk.movie_id = mi.movie_id)", "Plans": [{"Node Type": "Seq Scan", "Parent Relationship": "Outer", "Parallel Aware": false, "Async Capable": false, "Relation Name": "movie_keyword", "Alias": "mk", "Startup Cost": 10000000000.0, "Total Cost": 10000069719.3, "Plan Rows": 4523930, "Plan Width": 8}, {"Node Type": "Hash", "Parent Relationship": "Inner", "Parallel Aware": false, "Async Capable": false, "Startup Cost": 20000375445.04, "Total Cost": 20000375445.04, "Plan Rows": 2, "Plan Width": 13, "Plans": [{"Node Type": "Hash Join", "Parent Relationship": "Outer", "Parallel Aware": false, "Async Capable": false, "Join Type": "Inner", "Startup Cost": 20000028307.47, "Total Cost": 20000375445.04, "Plan Rows": 2, "Plan Width": 13, "Inner Unique": false, "Hash Cond": "(mi.movie_id = mi_idx.movie_id)", "Plans": [{"Node Type": "Hash Join", "Parent Relationship": "Outer", "Parallel Aware": false, "Async Capable": false, "Join Type": "Inner", "Startup Cost": 10000000014.13, "Total Cost": 10000347151.24, "Plan Rows": 119, "Plan Width": 4, "Inner Unique": true, "Hash Cond": "(mi.info_type_id = it1.id)", "Plans": [{"Node Type": "Seq Scan", "Parent Relationship": "Outer", "Parallel Aware": false, "Async Capable": false, "Relation Name": "movie_info", "Alias": "mi", "Startup Cost": 10000000000.0, "Total Cost": 10000347100.48, "Plan Rows": 13451, "Plan Width": 8, "Filter": "((info)::text = 'Western'::text)"}, {"Node Type": "Hash", "Parent Relationship": "Inner", "Parallel Aware": false, "Async Capable": false, "Startup Cost": 14.12, "Total Cost": 14.12, "Plan Rows": 1, "Plan Width": 4, "Plans": [{"Node Type": "Index Scan", "Parent Relationship": "Outer", "Parallel Aware": false, "Async Capable": false, "Scan Direction": "Forward", "Index Name": "info_type_pkey", "Relation Name": "info_type", "Alias": "it1", "Startup Cost": 0.14, "Total Cost": 14.12, "Plan Rows": 1, "Plan Width": 4, "Filter": "((info)::text = 'genres'::text)"}]}]}, {"Node Type": "Hash", "Parent Relationship": "Inner", "Parallel Aware": false, "Async Capable": false, "Startup Cost": 10000028173.87, "Total Cost": 10000028173.87, "Plan Rows": 9557, "Plan Width": 9, "Plans": [{"Node Type": "Hash Join", "Parent Relationship": "Outer", "Parallel Aware": false, "Async Capable": false, "Join Type": "Inner", "Startup Cost": 10000000014.13, "Total Cost": 10000028173.87, "Plan Rows": 9557, "Plan Width": 9, "Inner Unique": true, "Hash Cond": "(mi_idx.info_type_id = it2.id)", "Plans": [{"Node Type": "Seq Scan", "Parent Relationship": "Outer", "Parallel Aware": false, "Async Capable": false, "Relation Name": "movie_info_idx", "Alias": "mi_idx", "Startup Cost": 10000000000.0, "Total Cost": 10000025218.44, "Plan Rows": 1079992, "Plan Width": 13, "Filter": "((info)::text <= '6.5'::text)"}, {"Node Type": "Hash", "Parent Relationship": "Inner", "Parallel Aware": false, "Async Capable": false, "Startup Cost": 14.12, "Total Cost": 14.12, "Plan Rows": 1, "Plan Width": 4, "Plans": [{"Node Type": "Index Scan", "Parent Relationship": "Outer", "Parallel Aware": false, "Async Capable": false, "Scan Direction": "Forward", "Index Name": "info_type_pkey", "Relation Name": "info_type", "Alias": "it2", "Startup Cost": 0.14, "Total Cost": 14.12, "Plan Rows": 1, "Plan Width": 4, "Filter": "((info)::text = 'rating'::text)"}]}]}]}]}]}]}, {"Node Type": "Index Scan", "Parent Relationship": "Inner", "Parallel Aware": false, "Async Capable": false, "Scan Direction": "Forward", "Index Name": "keyword_pkey", "Relation Name": "keyword", "Alias": "k", "Startup Cost": 0.42, "Total Cost": 0.44, "Plan Rows": 1, "Plan Width": 4, "Index Cond": "(id = mk.keyword_id)", "Filter": "((keyword)::text = 'violence'::text)"}]}, {"Node Type": "Index Scan", "Parent Relationship": "Inner", "Parallel Aware": false, "Async Capable": false, "Scan Direction": "Forward", "Index Name": "title_pkey", "Relation Name": "title", "Alias": "t", "Startup Cost": 0.43, "Total Cost": 0.49, "Plan Rows": 1, "Plan Width": 25, "Index Cond": "(id = mk.movie_id)", "Filter": "(production_year >= 1906)"}]}, {"Node Type": "Index Scan", "Parent Relationship": "Inner", "Parallel Aware": false, "Async Capable": false, "Scan Direction": "Forward", "Index Name": "kind_type_pkey", "Relation Name": "kind_type", "Alias": "kt", "Startup Cost": 0.13, "Total Cost": 0.15, "Plan Rows": 1, "Plan Width": 4, "Index Cond": "(id = t.kind_id)", "Filter": "((kind)::text = 'tv movie'::text)"}]}]}}, {"Plan": {"Node Type": "Aggregate", "Strategy": "Plain", "Partial Mode": "Simple", "Parallel Aware": false, "Async Capable": false, "Startup Cost": 80000462378.26, "Total Cost": 80000462378.27, "Plan Rows": 1, "Plan Width": 64, "Plans": [{"Node Type": "Nested Loop", "Parent Relationship": "Outer", "Parallel Aware": false, "Async Capable": false, "Join Type": "Inner", "Startup Cost": 80000434174.64, "Total Cost": 80000462378.26, "Plan Rows": 1, "Plan Width": 22, "Inner Unique": true, "Plans": [{"Node Type": "Hash Join", "Parent Relationship": "Outer", "Parallel Aware": false, "Async Capable": false, "Join Type": "Inner", "Startup Cost": 70000434174.5, "Total Cost": 70000462370.08, "Plan Rows": 1, "Plan Width": 26, "Inner Unique": false, "Hash Cond": "(mi_idx.movie_id = t.id)", "Plans": [{"Node Type": "Hash Join", "Parent Relationship": "Outer", "Parallel Aware": false, "Async Capable": false, "Join Type": "Inner", "Startup Cost": 20000000014.13, "Total Cost": 20000028173.87, "Plan Rows": 9557, "Plan Width": 9, "Inner Unique": true, "Hash Cond": "(mi_idx.info_type_id = it2.id)", "Plans": [{"Node Type": "Seq Scan", "Parent Relationship": "Outer", "Parallel Aware": false, "Async Capable": false, "Relation Name": "movie_info_idx", "Alias": "mi_idx", "Startup Cost": 10000000000.0, "Total Cost": 10000025218.44, "Plan Rows": 1079992, "Plan Width": 13, "Filter": "((info)::text <= '6.5'::text)"}, {"Node Type": "Hash", "Parent Relationship": "Inner", "Parallel Aware": false, "Async Capable": false, "Startup Cost": 10000000014.12, "Total Cost": 10000000014.12, "Plan Rows": 1, "Plan Width": 4, "Plans": [{"Node Type": "Index Scan", "Parent Relationship": "Outer", "Parallel Aware": false, "Async Capable": false, "Scan Direction": "Forward", "Index Name": "info_type_pkey", "Relation Name": "info_type", "Alias": "it2", "Startup Cost": 10000000000.14, "Total Cost": 10000000014.12, "Plan Rows": 1, "Plan Width": 4, "Filter": "((info)::text = 'rating'::text)"}]}]}, {"Node Type": "Hash", "Parent Relationship": "Inner", "Parallel Aware": false, "Async Capable": false, "Startup Cost": 50000434160.35, "Total Cost": 50000434160.35, "Plan Rows": 1, "Plan Width": 33, "Plans": [{"Node Type": "Nested Loop", "Parent Relationship": "Outer", "Parallel Aware": false, "Async Capable": false, "Join Type": "Inner", "Startup Cost": 50000434155.55, "Total Cost": 50000434160.35, "Plan Rows": 1, "Plan Width": 33, "Inner Unique": true, "Join Filter": "(t.id = mi.movie_id)", "Plans": [{"Node Type": "Merge Join", "Parent Relationship": "Outer", "Parallel Aware": false, "Async Capable": false, "Join Type": "Inner", "Startup Cost": 40000434155.1, "Total Cost": 40000434155.88, "Plan Rows": 1, "Plan Width": 8, "Inner Unique": false, "Merge Cond": "(mi.movie_id = mk.movie_id)", "Plans": [{"Node Type": "Sort", "Parent Relationship": "Outer", "Parallel Aware": false, "Async Capable": false, "Startup Cost": 20000347155.34, "Total Cost": 20000347155.64, "Plan Rows": 119, "Plan Width": 4, "Sort Key": ["mi.movie_id"], "Plans": [{"Node Type": "Hash Join", "Parent Relationship": "Outer", "Parallel Aware": false, "Async Capable": false, "Join Type": "Inner", "Startup Cost": 20000000014.13, "Total Cost": 20000347151.24, "Plan Rows": 119, "Plan Width": 4, "Inner Unique": true, "Hash Cond": "(mi.info_type_id = it1.id)", "Plans": [{"Node Type": "Seq Scan", "Parent Relationship": "Outer", "Parallel Aware": false, "Async Capable": false, "Relation Name": "movie_info", "Alias": "mi", "Startup Cost": 10000000000.0, "Total Cost": 10000347100.48, "Plan Rows": 13451, "Plan Width": 8, "Filter": "((info)::text = 'Western'::text)"}, {"Node Type": "Hash", "Parent Relationship": "Inner", "Parallel Aware": false, "Async Capable": false, "Startup Cost": 10000000014.12, "Total Cost": 10000000014.12, "Plan Rows": 1, "Plan Width": 4, "Plans": [{"Node Type": "Index Scan", "Parent Relationship": "Outer", "Parallel Aware": false, "Async Capable": false, "Scan Direction": "Forward", "Index Name": "info_type_pkey", "Relation Name": "info_type", "Alias": "it1", "Startup Cost": 10000000000.14, "Total Cost": 10000000014.12, "Plan Rows": 1, "Plan Width": 4, "Filter": "((info)::text = 'genres'::text)"}]}]}]}, {"Node Type": "Sort", "Parent Relationship": "Inner", "Parallel Aware": false, "Async Capable": false, "Startup Cost": 20000086999.76, "Total Cost": 20000086999.85, "Plan Rows": 34, "Plan Width": 4, "Sort Key": ["mk.movie_id"], "Plans": [{"Node Type": "Hash Join", "Parent Relationship": "Outer", "Parallel Aware": false, "Async Capable": false, "Join Type": "Inner", "Startup Cost": 20000005403.9, "Total Cost": 20000086998.9, "Plan Rows": 34, "Plan Width": 4, "Inner Unique": true, "Hash Cond": "(mk.keyword_id = k.id)", "Plans": [{"Node Type": "Seq Scan", "Parent Relationship": "Outer", "Parallel Aware": false, "Async Capable": false, "Relation Name": "movie_keyword", "Alias": "mk", "Startup Cost": 10000000000.0, "Total Cost": 10000069719.3, "Plan Rows": 4523930, "Plan Width": 8}, {"Node Type": "Hash", "Parent Relationship": "Inner", "Parallel Aware": false, "Async Capable": false, "Startup Cost": 10000005403.89, "Total Cost": 10000005403.89, "Plan Rows": 1, "Plan Width": 4, "Plans": [{"Node Type": "Index Scan", "Parent Relationship": "Outer", "Parallel Aware": false, "Async Capable": false, "Scan Direction": "Forward", "Index Name": "keyword_pkey", "Relation Name": "keyword", "Alias": "k", "Startup Cost": 10000000000.42, "Total Cost": 10000005403.89, "Plan Rows": 1, "Plan Width": 4, "Filter": "((keyword)::text = 'violence'::text)"}]}]}]}]}, {"Node Type": "Bitmap Heap Scan", "Parent Relationship": "Inner", "Parallel Aware": false, "Async Capable": false, "Relation Name": "title", "Alias": "t", "Startup Cost": 0.45, "Total Cost": 4.46, "Plan Rows": 1, "Plan Width": 25, "Recheck Cond": "(id = mk.movie_id)", "Filter": "(production_year >= 1906)", "Plans": [{"Node Type": "Bitmap Index Scan", "Parent Relationship": "Outer", "Parallel Aware": false, "Async Capable": false, "Index Name": "title_pkey", "Startup Cost": 0.0, "Total Cost": 0.45, "Plan Rows": 1, "Plan Width": 0, "Index Cond": "(id = mk.movie_id)"}]}]}]}]}, {"Node Type": "Bitmap Heap Scan", "Parent Relationship": "Inner", "Parallel Aware": false, "Async Capable": false, "Relation Name": "kind_type", "Alias": "kt", "Startup Cost": 0.14, "Total Cost": 4.16, "Plan Rows": 1, "Plan Width": 4, "Recheck Cond": "(id = t.kind_id)", "Filter": "((kind)::text = 'tv movie'::text)", "Plans": [{"Node Type": "Bitmap Index Scan", "Parent Relationship": "Outer", "Parallel Aware": false, "Async Capable": false, "Index Name": "kind_type_pkey", "Startup Cost": 0.0, "Total Cost": 0.14, "Plan Rows": 1, "Plan Width": 0, "Index Cond": "(id = t.kind_id)"}]}]}]}}, {"Plan": {"Node Type": "Aggregate", "Strategy": "Plain", "Partial Mode": "Simple", "Parallel Aware": false, "Async Capable": false, "Startup Cost": 30000487374.58, "Total Cost": 30000487374.59, "Plan Rows": 1, "Plan Width": 64, "Plans": [{"Node Type": "Nested Loop", "Parent Relationship": "Outer", "Parallel Aware": false, "Async Capable": false, "Join Type": "Inner", "Startup Cost": 30000400682.02, "Total Cost": 30000487374.57, "Plan Rows": 1, "Plan Width": 22, "Inner Unique": true, "Plans": [{"Node Type": "Hash Join", "Parent Relationship": "Outer", "Parallel Aware": false, "Async Capable": false, "Join Type": "Inner", "Startup Cost": 30000400681.59, "Total Cost": 30000487365.64, "Plan Rows": 2, "Plan Width": 26, "Inner Unique": false, "Hash Cond": "(mk.movie_id = t.id)", "Plans": [{"Node Type": "Seq Scan", "Parent Relationship": "Outer", "Parallel Aware": false, "Async Capable": false, "Relation Name": "movie_keyword", "Alias": "mk", "Startup Cost": 10000000000.0, "Total Cost": 10000069719.3, "Plan Rows": 4523930, "Plan Width": 8}, {"Node Type": "Hash", "Parent Relationship": "Inner", "Parallel Aware": false, "Async Capable": false, "Startup Cost": 20000400681.57, "Total Cost": 20000400681.57, "Plan Rows": 1, "Plan Width": 34, "Plans": [{"Node Type": "Nested Loop", "Parent Relationship": "Outer", "Parallel Aware": false, "Async Capable": false, "Join Type": "Inner", "Startup Cost": 20000400616.44, "Total Cost": 20000400681.57, "Plan Rows": 1, "Plan Width": 34, "Inner Unique": true, "Plans": [{"Node Type": "Nested Loop", "Parent Relationship": "Outer", "Parallel Aware": false, "Async Capable": false, "Join Type": "Inner", "Startup Cost": 20000400616.29, "Total Cost": 20000400673.22, "Plan Rows": 2, "Plan Width": 38, "Inner Unique": true, "Join Filter": "(t.id = mi.movie_id)", "Plans": [{"Node Type": "Merge Join", "Parent Relationship": "Outer", "Parallel Aware": false, "Async Capable": false, "Join Type": "Inner", "Startup Cost": 20000400615.82, "Total Cost": 20000400664.22, "Plan Rows": 2, "Plan Width": 13, "Inner Unique": false, "Merge Cond": "(mi.movie_id = mi_idx.movie_id)", "Plans": [{"Node Type": "Sort", "Parent Relationship": "Outer", "Parallel Aware": false, "Async Capable": false, "Startup Cost": 10000347740.77, "Total Cost": 10000347741.06, "Plan Rows": 119, "Plan Width": 4, "Sort Key": ["mi.movie_id"], "Plans": [{"Node Type": "Nested Loop", "Parent Relationship": "Outer", "Parallel Aware": false, "Async Capable": false, "Join Type": "Inner", "Startup Cost": 10000000000.16, "Total Cost": 10000347736.66, "Plan Rows": 119, "Plan Width": 4, "Inner Unique": true, "Plans": [{"Node Type": "Seq Scan", "Parent Relationship": "Outer", "Parallel Aware": false, "Async Capable": false, "Relation Name": "movie_info", "Alias": "mi", "Startup Cost": 10000000000.0, "Total Cost": 10000347100.48, "Plan Rows": 13451, "Plan Width": 8, "Filter": "((info)::text = 'Western'::text)"}, {"Node Type": "Memoize", "Parent Relationship": "Inner", "Parallel Aware": false, "Async Capable": false, "Startup Cost": 0.16, "Total Cost": 4.18, "Plan Rows": 1, "Plan Width": 4, "Cache Key": "mi.info_type_id", "Cache Mode": "logical", "Plans": [{"Node Type": "Bitmap Heap Scan", "Parent Relationship": "Outer", "Parallel Aware": false, "Async Capable": false, "Relation Name": "info_type", "Alias": "it1", "Startup Cost": 0.15, "Total Cost": 4.17, "Plan Rows": 1, "Plan Width": 4, "Recheck Cond": "(id = mi.info_type_id)", "Filter": "((info)::text = 'genres'::text)", "Plans": [{"Node Type": "Bitmap Index Scan", "Parent Relationship": "Outer", "Parallel Aware": false, "Async Capable": false, "Index Name": "info_type_pkey", "Startup Cost": 0.0, "Total Cost": 0.15, "Plan Rows": 1, "Plan Width": 0, "Index Cond": "(id = mi.info_type_id)"}]}]}]}]}, {"Node Type": "Sort", "Parent Relationship": "Inner", "Parallel Aware": false, "Async Capable": false, "Startup Cost": 10000052875.05, "Total Cost": 10000052898.95, "Plan Rows": 9557, "Plan Width": 9, "Sort Key": ["mi_idx.movie_id"], "Plans": [{"Node Type": "Nested Loop", "Parent Relationship": "Outer", "Parallel Aware": false, "Async Capable": false, "Join Type": "Inner", "Startup Cost": 10000000000.16, "Total Cost": 10000052243.22, "Plan Rows": 9557, "Plan Width": 9, "Inner Unique": true, "Plans": [{"Node Type": "Seq Scan", "Parent Relationship": "Outer", "Parallel Aware": false, "Async Capable": false, "Relation Name": "movie_info_idx", "Alias": "mi_idx", "Startup Cost": 10000000000.0, "Total Cost": 10000025218.44, "Plan Rows": 1079992, "Plan Width": 13, "Filter": "((info)::text <= '6.5'::text)"}, {"Node Type": "Memoize", "Parent Relationship": "Inner", "Parallel Aware": false, "Async Capable": false, "Startup Cost": 0.16, "Total Cost": 4.18, "Plan Rows": 1, "Plan Width": 4, "Cache Key": "mi_idx.info_type_id", "Cache Mode": "logical", "Plans": [{"Node Type": "Bitmap Heap Scan", "Parent Relationship": "Outer", "Parallel Aware": false, "Async Capable": false, "Relation Name": "info_type", "Alias": "it2", "Startup Cost": 0.15, "Total Cost": 4.17, "Plan Rows": 1, "Plan Width": 4, "Recheck Cond": "(id = mi_idx.info_type_id)", "Filter": "((info)::text = 'rating'::text)", "Plans": [{"Node Type": "Bitmap Index Scan", "Parent Relationship": "Outer", "Parallel Aware": false, "Async Capable": false, "Index Name": "info_type_pkey", "Startup Cost": 0.0, "Total Cost": 0.15, "Plan Rows": 1, "Plan Width": 0, "Index Cond": "(id = mi_idx.info_type_id)"}]}]}]}]}]}, {"Node Type": "Bitmap Heap Scan", "Parent Relationship": "Inner", "Parallel Aware": false, "Async Capable": false, "Relation Name": "title", "Alias": "t", "Startup Cost": 0.47, "Total Cost": 4.49, "Plan Rows": 1, "Plan Width": 25, "Recheck Cond": "(id = mi_idx.movie_id)", "Filter": "(production_year >= 1906)", "Plans": [{"Node Type": "Bitmap Index Scan", "Parent Relationship": "Outer", "Parallel Aware": false, "Async Capable": false, "Index Name": "title_pkey", "Startup Cost": 0.0, "Total Cost": 0.47, "Plan Rows": 1, "Plan Width": 0, "Index Cond": "(id = mi_idx.movie_id)"}]}]}, {"Node Type": "Memoize", "Parent Relationship": "Inner", "Parallel Aware": false, "Async Capable": false, "Startup Cost": 0.15, "Total Cost": 4.17, "Plan Rows": 1, "Plan Width": 4, "Cache Key": "t.kind_id", "Cache Mode": "logical", "Plans": [{"Node Type": "Bitmap Heap Scan", "Parent Relationship": "Outer", "Parallel Aware": false, "Async Capable": false, "Relation Name": "kind_type", "Alias": "kt", "Startup Cost": 0.14, "Total Cost": 4.16, "Plan Rows": 1, "Plan Width": 4, "Recheck Cond": "(id = t.kind_id)", "Filter": "((kind)::text = 'tv movie'::text)", "Plans": [{"Node Type": "Bitmap Index Scan", "Parent Relationship": "Outer", "Parallel Aware": false, "Async Capable": false, "Index Name": "kind_type_pkey", "Startup Cost": 0.0, "Total Cost": 0.14, "Plan Rows": 1, "Plan Width": 0, "Index Cond": "(id = t.kind_id)"}]}]}]}]}]}, {"Node Type": "Memoize", "Parent Relationship": "Inner", "Parallel Aware": false, "Async Capable": false, "Startup Cost": 0.44, "Total Cost": 4.45, "Plan Rows": 1, "Plan Width": 4, "Cache Key": "mk.keyword_id", "Cache Mode": "logical", "Plans": [{"Node Type": "Bitmap Heap Scan", "Parent Relationship": "Outer", "Parallel Aware": false, "Async Capable": false, "Relation Name": "keyword", "Alias": "k", "Startup Cost": 0.43, "Total Cost": 4.44, "Plan Rows": 1, "Plan Width": 4, "Recheck Cond": "(id = mk.keyword_id)", "Filter": "((keyword)::text = 'violence'::text)", "Plans": [{"Node Type": "Bitmap Index Scan", "Parent Relationship": "Outer", "Parallel Aware": false, "Async Capable": false, "Index Name": "keyword_pkey", "Startup Cost": 0.0, "Total Cost": 0.43, "Plan Rows": 1, "Plan Width": 0, "Index Cond": "(id = mk.keyword_id)"}]}]}]}]}}, {"Plan": {"Node Type": "Aggregate", "Strategy": "Plain", "Partial Mode": "Simple", "Parallel Aware": false, "Async Capable": false, "Startup Cost": 260733.01, "Total Cost": 260733.02, "Plan Rows": 1, "Plan Width": 64, "Plans": [{"Node Type": "Gather", "Parent Relationship": "Outer", "Parallel Aware": false, "Async Capable": false, "Startup Cost": 216183.05, "Total Cost": 260733.01, "Plan Rows": 1, "Plan Width": 22, "Workers Planned": 3, "Single Copy": false, "Plans": [{"Node Type": "Nested Loop", "Parent Relationship": "Outer", "Parallel Aware": false, "Async Capable": false, "Join Type": "Inner", "Startup Cost": 215183.05, "Total Cost": 259732.91, "Plan Rows": 1, "Plan Width": 22, "Inner Unique": true, "Plans": [{"Node Type": "Hash Join", "Parent Relationship": "Outer", "Parallel Aware": true, "Async Capable": false, "Join Type": "Inner", "Startup Cost": 215182.62, "Total Cost": 259728.44, "Plan Rows": 1, "Plan Width": 26, "Inner Unique": false, "Hash Cond": "(mk.movie_id = t.id)", "Plans": [{"Node Type": "Seq Scan", "Parent Relationship": "Outer", "Parallel Aware": true, "Async Capable": false, "Relation Name": "movie_keyword", "Alias": "mk", "Startup Cost": 0.0, "Total Cost": 39073.32, "Plan Rows": 1459332, "Plan Width": 8}, {"Node Type": "Hash", "Parent Relationship": "Inner", "Parallel Aware": true, "Async Capable": false, "Startup Cost": 215182.6, "Total Cost": 215182.6, "Plan Rows": 1, "Plan Width": 34, "Plans": [{"Node Type": "Nested Loop", "Parent Relationship": "Outer", "Parallel Aware": false, "Async Capable": false, "Join Type": "Inner", "Startup Cost": 198751.44, "Total Cost": 215182.6, "Plan Rows": 1, "Plan Width": 34, "Inner Unique": true, "Join Filter": "(kt.id = t.kind_id)", "Plans": [{"Node Type": "Nested Loop", "Parent Relationship": "Outer", "Parallel Aware": false, "Async Capable": false, "Join Type": "Inner", "Startup Cost": 198751.44, "Total Cost": 215181.5, "Plan Rows": 1, "Plan Width": 38, "Inner Unique": true, "Join Filter": "(t.id = mi.movie_id)", "Plans": [{"Node Type": "Hash Join", "Parent Relationship": "Outer", "Parallel Aware": true, "Async Capable": false, "Join Type": "Inner", "Startup Cost": 198750.97, "Total Cost": 215177.0, "Plan Rows": 1, "Plan Width": 13, "Inner Unique": false, "Hash Cond": "(mi_idx.movie_id = mi.movie_id)", "Plans": [{"Node Type": "Hash Join", "Parent Relationship": "Outer", "Parallel Aware": false, "Async Capable": false, "Join Type": "Inner", "Startup Cost": 2.43, "Total Cost": 16383.65, "Plan Rows": 3982, "Plan Width": 9, "Inner Unique": true, "Hash Cond": "(mi_idx.info_type_id = it2.id)", "Plans": [{"Node Type": "Seq Scan", "Parent Relationship": "Outer", "Parallel Aware": true, "Async Capable": false, "Relation Name": "movie_info_idx", "Alias": "mi_idx", "Startup Cost": 0.0, "Total Cost": 15155.68, "Plan Rows": 449997, "Plan Width": 13, "Filter": "((info)::text <= '6.5'::text)"}, {"Node Type": "Hash", "Parent Relationship": "Inner", "Parallel Aware": false, "Async Capable": false, "Startup Cost": 2.41, "Total Cost": 2.41, "Plan Rows": 1, "Plan Width": 4, "Plans": [{"Node Type": "Seq Scan", "Parent Relationship": "Outer", "Parallel Aware": false, "Async Capable": false, "Relation Name": "info_type", "Alias": "it2", "Startup Cost": 0.0, "Total Cost": 2.41, "Plan Rows": 1, "Plan Width": 4, "Filter": "((info)::text = 'rating'::text)"}]}]}, {"Node Type": "Hash", "Parent Relationship": "Inner", "Parallel Aware": true, "Async Capable": false, "Startup Cost": 198748.25, "Total Cost": 198748.25, "Plan Rows": 24, "Plan Width": 4, "Plans": [{"Node Type": "Hash Join", "Parent Relationship": "Outer", "Parallel Aware": false, "Async Capable": false, "Join Type": "Inner", "Startup Cost": 2.43, "Total Cost": 198748.25, "Plan Rows": 24, "Plan Width": 4, "Inner Unique": true, "Hash Cond": "(mi.info_type_id = it1.id)", "Plans": [{"Node Type": "Seq Scan", "Parent Relationship": "Outer", "Parallel Aware": true, "Async Capable": false, "Relation Name": "movie_info", "Alias": "mi", "Startup Cost": 0.0, "Total Cost": 198738.49, "Plan Rows": 2690, "Plan Width": 8, "Filter": "((info)::text = 'Western'::text)"}, {"Node Type": "Hash", "Parent Relationship": "Inner", "Parallel Aware": false, "Async Capable": false, "Startup Cost": 2.41, "Total Cost": 2.41, "Plan Rows": 1, "Plan Width": 4, "Plans": [{"Node Type": "Seq Scan", "Parent Relationship": "Outer", "Parallel Aware": false, "Async Capable": false, "Relation Name": "info_type", "Alias": "it1", "Startup Cost": 0.0, "Total Cost": 2.41, "Plan Rows": 1, "Plan Width": 4, "Filter": "((info)::text = 'genres'::text)"}]}]}]}]}, {"Node Type": "Bitmap Heap Scan", "Parent Relationship": "Inner", "Parallel Aware": false, "Async Capable": false, "Relation Name": "title", "Alias": "t", "Startup Cost": 0.47, "Total Cost": 4.49, "Plan Rows": 1, "Plan Width": 25, "Recheck Cond": "(id = mi_idx.movie_id)", "Filter": "(production_year >= 1906)", "Plans": [{"Node Type": "Bitmap Index Scan", "Parent Relationship": "Outer", "Parallel Aware": false, "Async Capable": false, "Index Name": "title_pkey", "Startup Cost": 0.0, "Total Cost": 0.47, "Plan Rows": 1, "Plan Width": 0, "Index Cond": "(id = mi_idx.movie_id)"}]}]}, {"Node Type": "Seq Scan", "Parent Relationship": "Inner", "Parallel Aware": false, "Async Capable": false, "Relation Name": "kind_type", "Alias": "kt", "Startup Cost": 0.0, "Total Cost": 1.09, "Plan Rows": 1, "Plan Width": 4, "Filter": "((kind)::text = 'tv movie'::text)"}]}]}]}, {"Node Type": "Memoize", "Parent Relationship": "Inner", "Parallel Aware": false, "Async Capable": false, "Startup Cost": 0.44, "Total Cost": 4.45, "Plan Rows": 1, "Plan Width": 4, "Cache Key": "mk.keyword_id", "Cache Mode": "logical", "Plans": [{"Node Type": "Bitmap Heap Scan", "Parent Relationship": "Outer", "Parallel Aware": false, "Async Capable": false, "Relation Name": "keyword", "Alias": "k", "Startup Cost": 0.43, "Total Cost": 4.44, "Plan Rows": 1, "Plan Width": 4, "Recheck Cond": "(id = mk.keyword_id)", "Filter": "((keyword)::text = 'violence'::text)", "Plans": [{"Node Type": "Bitmap Index Scan", "Parent Relationship": "Outer", "Parallel Aware": false, "Async Capable": false, "Index Name": "keyword_pkey", "Startup Cost": 0.0, "Total Cost": 0.43, "Plan Rows": 1, "Plan Width": 0, "Index Cond": "(id = mk.keyword_id)"}]}]}]}]}]}}, {"Plan": {"Node Type": "Aggregate", "Strategy": "Plain", "Partial Mode": "Simple", "Parallel Aware": false, "Async Capable": false, "Startup Cost": 30000464539.99, "Total Cost": 30000464540.0, "Plan Rows": 1, "Plan Width": 64, "Plans": [{"Node Type": "Nested Loop", "Parent Relationship": "Outer", "Parallel Aware": false, "Async Capable": false, "Join Type": "Inner", "Startup Cost": 30000377847.44, "Total Cost": 30000464539.99, "Plan Rows": 1, "Plan Width": 22, "Inner Unique": true, "Plans": [{"Node Type": "Hash Join", "Parent Relationship": "Outer", "Parallel Aware": false, "Async Capable": false, "Join Type": "Inner", "Startup Cost": 30000377847.0, "Total Cost": 30000464531.06, "Plan Rows": 2, "Plan Width": 26, "Inner Unique": false, "Hash Cond": "(mk.movie_id = t.id)", "Plans": [{"Node Type": "Seq Scan", "Parent Relationship": "Outer", "Parallel Aware": false, "Async Capable": false, "Relation Name": "movie_keyword", "Alias": "mk", "Startup Cost": 10000000000.0, "Total Cost": 10000069719.3, "Plan Rows": 4523930, "Plan Width": 8}, {"Node Type": "Hash", "Parent Relationship": "Inner", "Parallel Aware": false, "Async Capable": false, "Startup Cost": 20000377846.99, "Total Cost": 20000377846.99, "Plan Rows": 1, "Plan Width": 34, "Plans": [{"Node Type": "Nested Loop", "Parent Relationship": "Outer", "Parallel Aware": false, "Async Capable": false, "Join Type": "Inner", "Startup Cost": 20000348540.77, "Total Cost": 20000377846.99, "Plan Rows": 1, "Plan Width": 34, "Inner Unique": true, "Plans": [{"Node Type": "Nested Loop", "Parent Relationship": "Outer", "Parallel Aware": false, "Async Capable": false, "Join Type": "Inner", "Startup Cost": 20000348540.62, "Total Cost": 20000377838.63, "Plan Rows": 2, "Plan Width": 38, "Inner Unique": true, "Plans": [{"Node Type": "Hash Join", "Parent Relationship": "Outer", "Parallel Aware": false, "Async Capable": false, "Join Type": "Inner", "Startup Cost": 20000348540.46, "Total Cost": 20000377809.36, "Plan Rows": 176, "Plan Width": 42, "Inner Unique": false, "Hash Cond": "(mi_idx.movie_id = t.id)", "Plans": [{"Node Type": "Seq Scan", "Parent Relationship": "Outer", "Parallel Aware": false, "Async Capable": false, "Relation Name": "movie_info_idx", "Alias": "mi_idx", "Startup Cost": 10000000000.0, "Total Cost": 10000025218.44, "Plan Rows": 1079992, "Plan Width": 13, "Filter": "((info)::text <= '6.5'::text)"}, {"Node Type": "Hash", "Parent Relationship": "Inner", "Parallel Aware": false, "Async Capable": false, "Startup Cost": 10000348539.03, "Total Cost": 10000348539.03, "Plan Rows": 115, "Plan Width": 29, "Plans": [{"Node Type": "Nested Loop", "Parent Relationship": "Outer", "Parallel Aware": false, "Async Capable": false, "Join Type": "Inner", "Startup Cost": 10000000002.89, "Total Cost": 10000348539.03, "Plan Rows": 115, "Plan Width": 29, "Inner Unique": true, "Plans": [{"Node Type": "Nested Loop", "Parent Relationship": "Outer", "Parallel Aware": false, "Async Capable": false, "Join Type": "Inner", "Startup Cost": 10000000000.16, "Total Cost": 10000347736.66, "Plan Rows": 119, "Plan Width": 4, "Inner Unique": true, "Plans": [{"Node Type": "Seq Scan", "Parent Relationship": "Outer", "Parallel Aware": false, "Async Capable": false, "Relation Name": "movie_info", "Alias": "mi", "Startup Cost": 10000000000.0, "Total Cost": 10000347100.48, "Plan Rows": 13451, "Plan Width": 8, "Filter": "((info)::text = 'Western'::text)"}, {"Node Type": "Memoize", "Parent Relationship": "Inner", "Parallel Aware": false, "Async Capable": false, "Startup Cost": 0.16, "Total Cost": 4.18, "Plan Rows": 1, "Plan Width": 4, "Cache Key": "mi.info_type_id", "Cache Mode": "logical", "Plans": [{"Node Type": "Bitmap Heap Scan", "Parent Relationship": "Outer", "Parallel Aware": false, "Async Capable": false, "Relation Name": "info_type", "Alias": "it1", "Startup Cost": 0.15, "Total Cost": 4.17, "Plan Rows": 1, "Plan Width": 4, "Recheck Cond": "(id = mi.info_type_id)", "Filter": "((info)::text = 'genres'::text)", "Plans": [{"Node Type": "Bitmap Index Scan", "Parent Relationship": "Outer", "Parallel Aware": false, "Async Capable": false, "Index Name": "info_type_pkey", "Startup Cost": 0.0, "Total Cost": 0.15, "Plan Rows": 1, "Plan Width": 0, "Index Cond": "(id = mi.info_type_id)"}]}]}]}, {"Node Type": "Bitmap Heap Scan", "Parent Relationship": "Inner", "Parallel Aware": false, "Async Capable": false, "Relation Name": "title", "Alias": "t", "Startup Cost": 2.73, "Total Cost": 6.74, "Plan Rows": 1, "Plan Width": 25, "Recheck Cond": "(id = mi.movie_id)", "Filter": "(production_year >= 1906)", "Plans": [{"Node Type": "Bitmap Index Scan", "Parent Relationship": "Outer", "Parallel Aware": false, "Async Capable": false, "Index Name": "title_pkey", "Startup Cost": 0.0, "Total Cost": 2.73, "Plan Rows": 1, "Plan Width": 0, "Index Cond": "(id = mi.movie_id)"}]}]}]}]}, {"Node Type": "Memoize", "Parent Relationship": "Inner", "Parallel Aware": false, "Async Capable": false, "Startup Cost": 0.16, "Total Cost": 4.18, "Plan Rows": 1, "Plan Width": 4, "Cache Key": "mi_idx.info_type_id", "Cache Mode": "logical", "Plans": [{"Node Type": "Bitmap Heap Scan", "Parent Relationship": "Outer", "Parallel Aware": false, "Async Capable": false, "Relation Name": "info_type", "Alias": "it2", "Startup Cost": 0.15, "Total Cost": 4.17, "Plan Rows": 1, "Plan Width": 4, "Recheck Cond": "(id = mi_idx.info_type_id)", "Filter": "((info)::text = 'rating'::text)", "Plans": [{"Node Type": "Bitmap Index Scan", "Parent Relationship": "Outer", "Parallel Aware": false, "Async Capable": false, "Index Name": "info_type_pkey", "Startup Cost": 0.0, "Total Cost": 0.15, "Plan Rows": 1, "Plan Width": 0, "Index Cond": "(id = mi_idx.info_type_id)"}]}]}]}, {"Node Type": "Memoize", "Parent Relationship": "Inner", "Parallel Aware": false, "Async Capable": false, "Startup Cost": 0.15, "Total Cost": 4.17, "Plan Rows": 1, "Plan Width": 4, "Cache Key": "t.kind_id", "Cache Mode": "logical", "Plans": [{"Node Type": "Bitmap Heap Scan", "Parent Relationship": "Outer", "Parallel Aware": false, "Async Capable": false, "Relation Name": "kind_type", "Alias": "kt", "Startup Cost": 0.14, "Total Cost": 4.16, "Plan Rows": 1, "Plan Width": 4, "Recheck Cond": "(id = t.kind_id)", "Filter": "((kind)::text = 'tv movie'::text)", "Plans": [{"Node Type": "Bitmap Index Scan", "Parent Relationship": "Outer", "Parallel Aware": false, "Async Capable": false, "Index Name": "kind_type_pkey", "Startup Cost": 0.0, "Total Cost": 0.14, "Plan Rows": 1, "Plan Width": 0, "Index Cond": "(id = t.kind_id)"}]}]}]}]}]}, {"Node Type": "Memoize", "Parent Relationship": "Inner", "Parallel Aware": false, "Async Capable": false, "Startup Cost": 0.44, "Total Cost": 4.45, "Plan Rows": 1, "Plan Width": 4, "Cache Key": "mk.keyword_id", "Cache Mode": "logical", "Plans": [{"Node Type": "Bitmap Heap Scan", "Parent Relationship": "Outer", "Parallel Aware": false, "Async Capable": false, "Relation Name": "keyword", "Alias": "k", "Startup Cost": 0.43, "Total Cost": 4.44, "Plan Rows": 1, "Plan Width": 4, "Recheck Cond": "(id = mk.keyword_id)", "Filter": "((keyword)::text = 'violence'::text)", "Plans": [{"Node Type": "Bitmap Index Scan", "Parent Relationship": "Outer", "Parallel Aware": false, "Async Capable": false, "Index Name": "keyword_pkey", "Startup Cost": 0.0, "Total Cost": 0.43, "Plan Rows": 1, "Plan Width": 0, "Index Cond": "(id = mk.keyword_id)"}]}]}]}]}}, {"Plan": {"Node Type": "Aggregate", "Strategy": "Plain", "Partial Mode": "Simple", "Parallel Aware": false, "Async Capable": false, "Startup Cost": 30001207402.32, "Total Cost": 30001207402.33, "Plan Rows": 1, "Plan Width": 64, "Plans": [{"Node Type": "Merge Join", "Parent Relationship": "Outer", "Parallel Aware": false, "Async Capable": false, "Join Type": "Inner", "Startup Cost": 30001201998.82, "Total Cost": 30001207402.32, "Plan Rows": 1, "Plan Width": 22, "Inner Unique": true, "Merge Cond": "(mk.keyword_id = k.id)", "Plans": [{"Node Type": "Sort", "Parent Relationship": "Outer", "Parallel Aware": false, "Async Capable": false, "Startup Cost": 30001201998.4, "Total Cost": 30001201998.41, "Plan Rows": 2, "Plan Width": 26, "Sort Key": ["mk.keyword_id"], "Plans": [{"Node Type": "Merge Join", "Parent Relationship": "Outer", "Parallel Aware": false, "Async Capable": false, "Join Type": "Inner", "Startup Cost": 30001201986.18, "Total Cost": 30001201998.39, "Plan Rows": 2, "Plan Width": 26, "Inner Unique": true, "Merge Cond": "(t.kind_id = kt.id)", "Plans": [{"Node Type": "Sort", "Parent Relationship": "Outer", "Parallel Aware": false, "Async Capable": false, "Startup Cost": 30001201986.05, "Total Cost": 30001201986.08, "Plan Rows": 14, "Plan Width": 30, "Sort Key": ["t.kind_id"], "Plans": [{"Node Type": "Merge Join", "Parent Relationship": "Outer", "Parallel Aware": false, "Async Capable": false, "Join Type": "Inner", "Startup Cost": 30001201979.72, "Total Cost": 30001201985.78, "Plan Rows": 14, "Plan Width": 30, "Inner Unique": true, "Merge Cond": "(mi_idx.info_type_id = it2.id)", "Plans": [{"Node Type": "Sort", "Parent Relationship": "Outer", "Parallel Aware": false, "Async Capable": false, "Startup Cost": 30001201965.6, "Total Cost": 30001201968.57, "Plan Rows": 1190, "Plan Width": 34, "Sort Key": ["mi_idx.info_type_id"], "Plans": [{"Node Type": "Merge Join", "Parent Relationship": "Outer", "Parallel Aware": false, "Async Capable": false, "Join Type": "Inner", "Startup Cost": 30001051378.05, "Total Cost": 30001201904.81, "Plan Rows": 1190, "Plan Width": 34, "Inner Unique": false, "Merge Cond": "(t.id = mi_idx.movie_id)", "Plans": [{"Node Type": "Merge Join", "Parent Relationship": "Outer", "Parallel Aware": false, "Async Capable": false, "Join Type": "Inner", "Startup Cost": 20000917930.43, "Total Cost": 20001063238.74, "Plan Rows": 778, "Plan Width": 37, "Inner Unique": false, "Merge Cond": "(t.id = mk.movie_id)", "Plans": [{"Node Type": "Merge Join", "Parent Relationship": "Outer", "Parallel Aware": false, "Async Capable": false, "Join Type": "Inner", "Startup Cost": 10000348110.01, "Total Cost": 10000470796.32, "Plan Rows": 115, "Plan Width": 29, "Inner Unique": true, "Merge Cond": "(mi.movie_id = t.id)", "Plans": [{"Node Type": "Sort", "Parent Relationship": "Outer", "Parallel Aware": false, "Async Capable": false, "Startup Cost": 10000348109.58, "Total Cost": 10000348109.87, "Plan Rows": 119, "Plan Width": 4, "Sort Key": ["mi.movie_id"], "Plans": [{"Node Type": "Merge Join", "Parent Relationship": "Outer", "Parallel Aware": false, "Async Capable": false, "Join Type": "Inner", "Startup Cost": 10000348023.05, "Total Cost": 10000348105.47, "Plan Rows": 119, "Plan Width": 4, "Inner Unique": false, "Merge Cond": "(it1.id = mi.info_type_id)", "Plans": [{"Node Type": "Index Scan", "Parent Relationship": "Outer", "Parallel Aware": false, "Async Capable": false, "Scan Direction": "Forward", "Index Name": "info_type_pkey", "Relation Name": "info_type", "Alias": "it1", "Startup Cost": 0.14, "Total Cost": 14.12, "Plan Rows": 1, "Plan Width": 4, "Filter": "((info)::text = 'genres'::text)"}, {"Node Type": "Sort", "Parent Relationship": "Inner", "Parallel Aware": false, "Async Capable": false, "Startup Cost": 10000348022.91, "Total Cost": 10000348056.53, "Plan Rows": 13451, "Plan Width": 8, "Sort Key": ["mi.info_type_id"], "Plans": [{"Node Type": "Seq Scan", "Parent Relationship": "Outer", "Parallel Aware": false, "Async Capable": false, "Relation Name": "movie_info", "Alias": "mi", "Startup Cost": 10000000000.0, "Total Cost": 10000347100.48, "Plan Rows": 13451, "Plan Width": 8, "Filter": "((info)::text = 'Western'::text)"}]}]}]}, {"Node Type": "Index Scan", "Parent Relationship": "Inner", "Parallel Aware": false, "Async Capable": false, "Scan Direction": "Forward", "Index Name": "title_pkey", "Relation Name": "title", "Alias": "t", "Startup Cost": 0.43, "Total Cost": 116689.45, "Plan Rows": 2438859, "Plan Width": 25, "Filter": "(production_year >= 1906)"}]}, {"Node Type": "Sort", "Parent Relationship": "Inner", "Parallel Aware": false, "Async Capable": false, "Startup Cost": 10000569820.43, "Total Cost": 10000581130.25, "Plan Rows": 4523930, "Plan Width": 8, "Sort Key": ["mk.movie_id"], "Plans": [{"Node Type": "Seq Scan", "Parent Relationship": "Outer", "Parallel Aware": false, "Async Capable": false, "Relation Name": "movie_keyword", "Alias": "mk", "Startup Cost": 10000000000.0, "Total Cost": 10000069719.3, "Plan Rows": 4523930, "Plan Width": 8}]}]}, {"Node Type": "Sort", "Parent Relationship": "Inner", "Parallel Aware": false, "Async Capable": false, "Startup Cost": 10000133447.62, "Total Cost": 10000136147.6, "Plan Rows": 1079992, "Plan Width": 13, "Sort Key": ["mi_idx.movie_id"], "Plans": [{"Node Type": "Seq Scan", "Parent Relationship": "Outer", "Parallel Aware": false, "Async Capable": false, "Relation Name": "movie_info_idx", "Alias": "mi_idx", "Startup Cost": 10000000000.0, "Total Cost": 10000025218.44, "Plan Rows": 1079992, "Plan Width": 13, "Filter": "((info)::text <= '6.5'::text)"}]}]}]}, {"Node Type": "Index Scan", "Parent Relationship": "Inner", "Parallel Aware": false, "Async Capable": false, "Scan Direction": "Forward", "Index Name": "info_type_pkey", "Relation Name": "info_type", "Alias": "it2", "Startup Cost": 0.14, "Total Cost": 14.12, "Plan Rows": 1, "Plan Width": 4, "Filter": "((info)::text = 'rating'::text)"}]}]}, {"Node Type": "Index Scan", "Parent Relationship": "Inner", "Parallel Aware": false, "Async Capable": false, "Scan Direction": "Forward", "Index Name": "kind_type_pkey", "Relation Name": "kind_type", "Alias": "kt", "Startup Cost": 0.13, "Total Cost": 12.26, "Plan Rows": 1, "Plan Width": 4, "Filter": "((kind)::text = 'tv movie'::text)"}]}]}, {"Node Type": "Index Scan", "Parent Relationship": "Inner", "Parallel Aware": false, "Async Capable": false, "Scan Direction": "Forward", "Index Name": "keyword_pkey", "Relation Name": "keyword", "Alias": "k", "Startup Cost": 0.42, "Total Cost": 5403.89, "Plan Rows": 1, "Plan Width": 4, "Filter": "((keyword)::text = 'violence'::text)"}]}]}}, {"Plan": {"Node Type": "Aggregate", "Strategy": "Plain", "Partial Mode": "Simple", "Parallel Aware": false, "Async Capable": false, "Startup Cost": 30000512970.44, "Total Cost": 30000512970.45, "Plan Rows": 1, "Plan Width": 64, "Plans": [{"Node Type": "Nested Loop", "Parent Relationship": "Outer", "Parallel Aware": false, "Async Capable": false, "Join Type": "Inner", "Startup Cost": 30000386652.1, "Total Cost": 30000512970.43, "Plan Rows": 1, "Plan Width": 22, "Inner Unique": true, "Plans": [{"Node Type": "Nested Loop", "Parent Relationship": "Outer", "Parallel Aware": false, "Async Capable": false, "Join Type": "Inner", "Startup Cost": 30000386651.68, "Total Cost": 30000512969.53, "Plan Rows": 2, "Plan Width": 26, "Inner Unique": false, "Join Filter": "(t.id = mk.movie_id)", "Plans": [{"Node Type": "Nested Loop", "Parent Relationship": "Outer", "Parallel Aware": false, "Async Capable": false, "Join Type": "Inner", "Startup Cost": 20000386651.68, "Total Cost": 20000386701.11, "Plan Rows": 1, "Plan Width": 34, "Inner Unique": true, "Plans": [{"Node Type": "Nested Loop", "Parent Relationship": "Outer", "Parallel Aware": false, "Async Capable": false, "Join Type": "Inner", "Startup Cost": 20000386651.55, "Total Cost": 20000386700.78, "Plan Rows": 2, "Plan Width": 38, "Inner Unique": true, "Join Filter": "(t.id = mi.movie_id)", "Plans": [{"Node Type": "Merge Join", "Parent Relationship": "Outer", "Parallel Aware": false, "Async Capable": false, "Join Type": "Inner", "Startup Cost": 20000386651.12, "Total Cost": 20000386699.52, "Plan Rows": 2, "Plan Width": 13, "Inner Unique": false, "Merge Cond": "(mi.movie_id = mi_idx.movie_id)", "Plans": [{"Node Type": "Sort", "Parent Relationship": "Outer", "Parallel Aware": false, "Async Capable": false, "Startup Cost": 10000347286.83, "Total Cost": 10000347287.13, "Plan Rows": 119, "Plan Width": 4, "Sort Key": ["mi.movie_id"], "Plans": [{"Node Type": "Nested Loop", "Parent Relationship": "Outer", "Parallel Aware": false, "Async Capable": false, "Join Type": "Inner", "Startup Cost": 10000000000.14, "Total Cost": 10000347282.73, "Plan Rows": 119, "Plan Width": 4, "Inner Unique": false, "Join Filter": "(it1.id = mi.info_type_id)", "Plans": [{"Node Type": "Index Scan", "Parent Relationship": "Outer", "Parallel Aware": false, "Async Capable": false, "Scan Direction": "Forward", "Index Name": "info_type_pkey", "Relation Name": "info_type", "Alias": "it1", "Startup Cost": 0.14, "Total Cost": 14.12, "Plan Rows": 1, "Plan Width": 4, "Filter": "((info)::text = 'genres'::text)"}, {"Node Type": "Seq Scan", "Parent Relationship": "Inner", "Parallel Aware": false, "Async Capable": false, "Relation Name": "movie_info", "Alias": "mi", "Startup Cost": 10000000000.0, "Total Cost": 10000347100.48, "Plan Rows": 13451, "Plan Width": 8, "Filter": "((info)::text = 'Western'::text)"}]}]}, {"Node Type": "Sort", "Parent Relationship": "Inner", "Parallel Aware": false, "Async Capable": false, "Startup Cost": 10000039364.29, "Total Cost": 10000039388.18, "Plan Rows": 9557, "Plan Width": 9, "Sort Key": ["mi_idx.movie_id"], "Plans": [{"Node Type": "Nested Loop", "Parent Relationship": "Outer", "Parallel Aware": false, "Async Capable": false, "Join Type": "Inner", "Startup Cost": 10000000000.14, "Total Cost": 10000038732.46, "Plan Rows": 9557, "Plan Width": 9, "Inner Unique": false, "Join Filter": "(it2.id = mi_idx.info_type_id)", "Plans": [{"Node Type": "Index Scan", "Parent Relationship": "Outer", "Parallel Aware": false, "Async Capable": false, "Scan Direction": "Forward", "Index Name": "info_type_pkey", "Relation Name": "info_type", "Alias": "it2", "Startup Cost": 0.14, "Total Cost": 14.12, "Plan Rows": 1, "Plan Width": 4, "Filter": "((info)::text = 'rating'::text)"}, {"Node Type": "Seq Scan", "Parent Relationship": "Inner", "Parallel Aware": false, "Async Capable": false, "Relation Name": "movie_info_idx", "Alias": "mi_idx", "Startup Cost": 10000000000.0, "Total Cost": 10000025218.44, "Plan Rows": 1079992, "Plan Width": 13, "Filter": "((info)::text <= '6.5'::text)"}]}]}]}, {"Node Type": "Index Scan", "Parent Relationship": "Inner", "Parallel Aware": false, "Async Capable": false, "Scan Direction": "Forward", "Index Name": "title_pkey", "Relation Name": "title", "Alias": "t", "Startup Cost": 0.43, "Total Cost": 0.62, "Plan Rows": 1, "Plan Width": 25, "Index Cond": "(id = mi_idx.movie_id)", "Filter": "(production_year >= 1906)"}]}, {"Node Type": "Index Scan", "Parent Relationship": "Inner", "Parallel Aware": false, "Async Capable": false, "Scan Direction": "Forward", "Index Name": "kind_type_pkey", "Relation Name": "kind_type", "Alias": "kt", "Startup Cost": 0.13, "Total Cost": 0.15, "Plan Rows": 1, "Plan Width": 4, "Index Cond": "(id = t.kind_id)", "Filter": "((kind)::text = 'tv movie'::text)"}]}, {"Node Type": "Seq Scan", "Parent Relationship": "Inner", "Parallel Aware": false, "Async Capable": false, "Relation Name": "movie_keyword", "Alias": "mk", "Startup Cost": 10000000000.0, "Total Cost": 10000069719.3, "Plan Rows": 4523930, "Plan Width": 8}]}, {"Node Type": "Index Scan", "Parent Relationship": "Inner", "Parallel Aware": false, "Async Capable": false, "Scan Direction": "Forward", "Index Name": "keyword_pkey", "Relation Name": "keyword", "Alias": "k", "Startup Cost": 0.42, "Total Cost": 0.44, "Plan Rows": 1, "Plan Width": 4, "Index Cond": "(id = mk.keyword_id)", "Filter": "((keyword)::text = 'violence'::text)"}]}]}}, {"Plan": {"Node Type": "Aggregate", "Strategy": "Plain", "Partial Mode": "Simple", "Parallel Aware": false, "Async Capable": false, "Startup Cost": 319383.49, "Total Cost": 319383.5, "Plan Rows": 1, "Plan Width": 64, "Plans": [{"Node Type": "Nested Loop", "Parent Relationship": "Outer", "Parallel Aware": false, "Async Capable": false, "Join Type": "Inner", "Startup Cost": 3001.31, "Total Cost": 319383.48, "Plan Rows": 1, "Plan Width": 22, "Inner Unique": false, "Join Filter": "(t.id = mi_idx.movie_id)", "Plans": [{"Node Type": "Nested Loop", "Parent Relationship": "Outer", "Parallel Aware": false, "Async Capable": false, "Join Type": "Inner", "Startup Cost": 2001.16, "Total Cost": 290901.74, "Plan Rows": 1, "Plan Width": 29, "Inner Unique": false, "Join Filter": "(t.id = mi.movie_id)", "Plans": [{"Node Type": "Gather", "Parent Relationship": "Outer", "Parallel Aware": false, "Async Capable": false, "Startup Cost": 1000.15, "Total Cost": 199829.4, "Plan Rows": 119, "Plan Width": 4, "Workers Planned": 5, "Single Copy": false, "Plans": [{"Node Type": "Nested Loop", "Parent Relationship": "Outer", "Parallel Aware": false, "Async Capable": false, "Join Type": "Inner", "Startup Cost": 0.15, "Total Cost": 198817.5, "Plan Rows": 24, "Plan Width": 4, "Inner Unique": true, "Plans": [{"Node Type": "Seq Scan", "Parent Relationship": "Outer", "Parallel Aware": true, "Async Capable": false, "Relation Name": "movie_info", "Alias": "mi", "Startup Cost": 0.0, "Total Cost": 198738.49, "Plan Rows": 2690, "Plan Width": 8, "Filter": "((info)::text = 'Western'::text)"}, {"Node Type": "Memoize", "Parent Relationship": "Inner", "Parallel Aware": false, "Async Capable": false, "Startup Cost": 0.15, "Total Cost": 0.17, "Plan Rows": 1, "Plan Width": 4, "Cache Key": "mi.info_type_id", "Cache Mode": "logical", "Plans": [{"Node Type": "Index Scan", "Parent Relationship": "Outer", "Parallel Aware": false, "Async Capable": false, "Scan Direction": "Forward", "Index Name": "info_type_pkey", "Relation Name": "info_type", "Alias": "it1", "Startup Cost": 0.14, "Total Cost": 0.16, "Plan Rows": 1, "Plan Width": 4, "Index Cond": "(id = mi.info_type_id)", "Filter": "((info)::text = 'genres'::text)"}]}]}]}, {"Node Type": "Materialize", "Parent Relationship": "Inner", "Parallel Aware": false, "Async Capable": false, "Startup Cost": 1001.0, "Total Cost": 91063.43, "Plan Rows": 5, "Plan Width": 25, "Plans": [{"Node Type": "Gather", "Parent Relationship": "Outer", "Parallel Aware": false, "Async Capable": false, "Startup Cost": 1001.0, "Total Cost": 91063.4, "Plan Rows": 5, "Plan Width": 25, "Workers Planned": 3, "Single Copy": false, "Plans": [{"Node Type": "Nested Loop", "Parent Relationship": "Outer", "Parallel Aware": false, "Async Capable": false, "Join Type": "Inner", "Startup Cost": 1.0, "Total Cost": 90062.9, "Plan Rows": 2, "Plan Width": 25, "Inner Unique": true, "Plans": [{"Node Type": "Nested Loop", "Parent Relationship": "Outer", "Parallel Aware": false, "Async Capable": false, "Join Type": "Inner", "Startup Cost": 0.86, "Total Cost": 90061.65, "Plan Rows": 11, "Plan Width": 29, "Inner Unique": true, "Plans": [{"Node Type": "Nested Loop", "Parent Relationship": "Outer", "Parallel Aware": false, "Async Capable": false, "Join Type": "Inner", "Startup Cost": 0.43, "Total Cost": 90056.26, "Plan Rows": 11, "Plan Width": 4, "Inner Unique": true, "Plans": [{"Node Type": "Seq Scan", "Parent Relationship": "Outer", "Parallel Aware": true, "Async Capable": false, "Relation Name": "movie_keyword", "Alias": "mk", "Startup Cost": 0.0, "Total Cost": 39073.32, "Plan Rows": 1459332, "Plan Width": 8}, {"Node Type": "Memoize", "Parent Relationship": "Inner", "Parallel Aware": false, "Async Capable": false, "Startup Cost": 0.43, "Total Cost": 0.45, "Plan Rows": 1, "Plan Width": 4, "Cache Key": "mk.keyword_id", "Cache Mode": "logical", "Plans": [{"Node Type": "Index Scan", "Parent Relationship": "Outer", "Parallel Aware": false, "Async Capable": false, "Scan Direction": "Forward", "Index Name": "keyword_pkey", "Relation Name": "keyword", "Alias": "k", "Startup Cost": 0.42, "Total Cost": 0.44, "Plan Rows": 1, "Plan Width": 4, "Index Cond": "(id = mk.keyword_id)", "Filter": "((keyword)::text = 'violence'::text)"}]}]}, {"Node Type": "Index Scan", "Parent Relationship": "Inner", "Parallel Aware": false, "Async Capable": false, "Scan Direction": "Forward", "Index Name": "title_pkey", "Relation Name": "title", "Alias": "t", "Startup Cost": 0.43, "Total Cost": 0.49, "Plan Rows": 1, "Plan Width": 25, "Index Cond": "(id = mk.movie_id)", "Filter": "(production_year >= 1906)"}]}, {"Node Type": "Memoize", "Parent Relationship": "Inner", "Parallel Aware": false, "Async Capable": false, "Startup Cost": 0.14, "Total Cost": 0.16, "Plan Rows": 1, "Plan Width": 4, "Cache Key": "t.kind_id", "Cache Mode": "logical", "Plans": [{"Node Type": "Index Scan", "Parent Relationship": "Outer", "Parallel Aware": false, "Async Capable": false, "Scan Direction": "Forward", "Index Name": "kind_type_pkey", "Relation Name": "kind_type", "Alias": "kt", "Startup Cost": 0.13, "Total Cost": 0.15, "Plan Rows": 1, "Plan Width": 4, "Index Cond": "(id = t.kind_id)", "Filter": "((kind)::text = 'tv movie'::text)"}]}]}]}]}]}, {"Node Type": "Gather", "Parent Relationship": "Inner", "Parallel Aware": false, "Async Capable": false, "Startup Cost": 1000.15, "Total Cost": 28362.28, "Plan Rows": 9557, "Plan Width": 9, "Workers Planned": 2, "Single Copy": false, "Plans": [{"Node Type": "Nested Loop", "Parent Relationship": "Outer", "Parallel Aware": false, "Async Capable": false, "Join Type": "Inner", "Startup Cost": 0.15, "Total Cost": 26406.58, "Plan Rows": 3982, "Plan Width": 9, "Inner Unique": true, "Plans": [{"Node Type": "Seq Scan", "Parent Relationship": "Outer", "Parallel Aware": true, "Async Capable": false, "Relation Name": "movie_info_idx", "Alias": "mi_idx", "Startup Cost": 0.0, "Total Cost": 15155.68, "Plan Rows": 449997, "Plan Width": 13, "Filter": "((info)::text <= '6.5'::text)"}, {"Node Type": "Memoize", "Parent Relationship": "Inner", "Parallel Aware": false, "Async Capable": false, "Startup Cost": 0.15, "Total Cost": 0.17, "Plan Rows": 1, "Plan Width": 4, "Cache Key": "mi_idx.info_type_id", "Cache Mode": "logical", "Plans": [{"Node Type": "Index Scan", "Parent Relationship": "Outer", "Parallel Aware": false, "Async Capable": false, "Scan Direction": "Forward", "Index Name": "info_type_pkey", "Relation Name": "info_type", "Alias": "it2", "Startup Cost": 0.14, "Total Cost": 0.16, "Plan Rows": 1, "Plan Width": 4, "Index Cond": "(id = mi_idx.info_type_id)", "Filter": "((info)::text = 'rating'::text)"}]}]}]}]}]}}, {"Plan": {"Node Type": "Aggregate", "Strategy": "Plain", "Partial Mode": "Simple", "Parallel Aware": false, "Async Capable": false, "Startup Cost": 584395.93, "Total Cost": 584395.94, "Plan Rows": 1, "Plan Width": 64, "Plans": [{"Node Type": "Merge Join", "Parent Relationship": "Outer", "Parallel Aware": false, "Async Capable": false, "Join Type": "Inner", "Startup Cost": 584395.9, "Total Cost": 584395.93, "Plan Rows": 1, "Plan Width": 22, "Inner Unique": true, "Merge Cond": "(t.kind_id = kt.id)", "Plans": [{"Node Type": "Sort", "Parent Relationship": "Outer", "Parallel Aware": false, "Async Capable": false, "Startup Cost": 584394.81, "Total Cost": 584394.81, "Plan Rows": 1, "Plan Width": 26, "Sort Key": ["t.kind_id"], "Plans": [{"Node Type": "Merge Join", "Parent Relationship": "Outer", "Parallel Aware": false, "Async Capable": false, "Join Type": "Inner", "Startup Cost": 461688.28, "Total Cost": 584394.8, "Plan Rows": 1, "Plan Width": 26, "Inner Unique": false, "Merge Cond": "(t.id = mi.movie_id)", "Plans": [{"Node Type": "Merge Join", "Parent Relationship": "Outer", "Parallel Aware": false, "Async Capable": false, "Join Type": "Inner", "Startup Cost": 261764.42, "Total Cost": 384470.33, "Plan Rows": 1, "Plan Width": 38, "Inner Unique": false, "Merge Cond": "(t.id = mk.movie_id)", "Plans": [{"Node Type": "Merge Join", "Parent Relationship": "Outer", "Parallel Aware": false, "Async Capable": false, "Join Type": "Inner", "Startup Cost": 62292.11, "Total Cost": 185094.7, "Plan Rows": 9219, "Plan Width": 34, "Inner Unique": false, "Merge Cond": "(t.id = mi_idx.movie_id)", "Plans": [{"Node Type": "Index Scan", "Parent Relationship": "Outer", "Parallel Aware": false, "Async Capable": false, "Scan Direction": "Forward", "Index Name": "title_pkey", "Relation Name": "title", "Alias": "t", "Startup Cost": 0.43, "Total Cost": 116689.45, "Plan Rows": 2438859, "Plan Width": 25, "Filter": "(production_year >= 1906)"}, {"Node Type": "Sort", "Parent Relationship": "Inner", "Parallel Aware": false, "Async Capable": false, "Startup Cost": 62289.17, "Total Cost": 62313.06, "Plan Rows": 9557, "Plan Width": 9, "Sort Key": ["mi_idx.movie_id"], "Plans": [{"Node Type": "Gather", "Parent Relationship": "Outer", "Parallel Aware": false, "Async Capable": false, "Startup Cost": 58411.83, "Total Cost": 61657.34, "Plan Rows": 9557, "Plan Width": 9, "Workers Planned": 2, "Single Copy": false, "Plans": [{"Node Type": "Merge Join", "Parent Relationship": "Outer", "Parallel Aware": false, "Async Capable": false, "Join Type": "Inner", "Startup Cost": 57411.83, "Total Cost": 59701.64, "Plan Rows": 3982, "Plan Width": 9, "Inner Unique": true, "Merge Cond": "(mi_idx.info_type_id = it2.id)", "Plans": [{"Node Type": "Sort", "Parent Relationship": "Outer", "Parallel Aware": false, "Async Capable": false, "Startup Cost": 57409.4, "Total Cost": 58534.39, "Plan Rows": 449997, "Plan Width": 13, "Sort Key": ["mi_idx.info_type_id"], "Plans": [{"Node Type": "Seq Scan", "Parent Relationship": "Outer", "Parallel Aware": true, "Async Capable": false, "Relation Name": "movie_info_idx", "Alias": "mi_idx", "Startup Cost": 0.0, "Total Cost": 15155.68, "Plan Rows": 449997, "Plan Width": 13, "Filter": "((info)::text <= '6.5'::text)"}]}, {"Node Type": "Sort", "Parent Relationship": "Inner", "Parallel Aware": false, "Async Capable": false, "Startup Cost": 2.42, "Total Cost": 2.43, "Plan Rows": 1, "Plan Width": 4, "Sort Key": ["it2.id"], "Plans": [{"Node Type": "Seq Scan", "Parent Relationship": "Outer", "Parallel Aware": false, "Async Capable": false, "Relation Name": "info_type", "Alias": "it2", "Startup Cost": 0.0, "Total Cost": 2.41, "Plan Rows": 1, "Plan Width": 4, "Filter": "((info)::text = 'rating'::text)"}]}]}]}]}]}, {"Node Type": "Sort", "Parent Relationship": "Inner", "Parallel Aware": false, "Async Capable": false, "Startup Cost": 199472.31, "Total Cost": 199472.39, "Plan Rows": 34, "Plan Width": 4, "Sort Key": ["mk.movie_id"], "Plans": [{"Node Type": "Gather", "Parent Relationship": "Outer", "Parallel Aware": false, "Async Capable": false, "Startup Cost": 192171.35, "Total Cost": 199471.44, "Plan Rows": 34, "Plan Width": 4, "Workers Planned": 3, "Single Copy": false, "Plans": [{"Node Type": "Merge Join", "Parent Relationship": "Outer", "Parallel Aware": false, "Async Capable": false, "Join Type": "Inner", "Startup Cost": 191171.35, "Total Cost": 198468.04, "Plan Rows": 11, "Plan Width": 4, "Inner Unique": true, "Merge Cond": "(mk.keyword_id = k.id)", "Plans": [{"Node Type": "Sort", "Parent Relationship": "Outer", "Parallel Aware": false, "Async Capable": false, "Startup Cost": 188486.13, "Total Cost": 192134.46, "Plan Rows": 1459332, "Plan Width": 8, "Sort Key": ["mk.keyword_id"], "Plans": [{"Node Type": "Seq Scan", "Parent Relationship": "Outer", "Parallel Aware": true, "Async Capable": false, "Relation Name": "movie_keyword", "Alias": "mk", "Startup Cost": 0.0, "Total Cost": 39073.32, "Plan Rows": 1459332, "Plan Width": 8}]}, {"Node Type": "Sort", "Parent Relationship": "Inner", "Parallel Aware": false, "Async Capable": false, "Startup Cost": 2685.14, "Total Cost": 2685.14, "Plan Rows": 1, "Plan Width": 4, "Sort Key": ["k.id"], "Plans": [{"Node Type": "Seq Scan", "Parent Relationship": "Outer", "Parallel Aware": false, "Async Capable": false, "Relation Name": "keyword", "Alias": "k", "Startup Cost": 0.0, "Total Cost": 2685.12, "Plan Rows": 1, "Plan Width": 4, "Filter": "((keyword)::text = 'violence'::text)"}]}]}]}]}]}, {"Node Type": "Sort", "Parent Relationship": "Inner", "Parallel Aware": false, "Async Capable": false, "Startup Cost": 199923.86, "Total Cost": 199924.16, "Plan Rows": 119, "Plan Width": 4, "Sort Key": ["mi.movie_id"], "Plans": [{"Node Type": "Gather", "Parent Relationship": "Outer", "Parallel Aware": false, "Async Capable": false, "Startup Cost": 199894.16, "Total Cost": 199919.76, "Plan Rows": 119, "Plan Width": 4, "Workers Planned": 5, "Single Copy": false, "Plans": [{"Node Type": "Merge Join", "Parent Relationship": "Outer", "Parallel Aware": false, "Async Capable": false, "Join Type": "Inner", "Startup Cost": 198894.16, "Total Cost": 198907.86, "Plan Rows": 24, "Plan Width": 4, "Inner Unique": true, "Merge Cond": "(mi.info_type_id = it1.id)", "Plans": [{"Node Type": "Sort", "Parent Relationship": "Outer", "Parallel Aware": false, "Async Capable": false, "Startup Cost": 198891.74, "Total Cost": 198898.46, "Plan Rows": 2690, "Plan Width": 8, "Sort Key": ["mi.info_type_id"], "Plans": [{"Node Type": "Seq Scan", "Parent Relationship": "Outer", "Parallel Aware": true, "Async Capable": false, "Relation Name": "movie_info", "Alias": "mi", "Startup Cost": 0.0, "Total Cost": 198738.49, "Plan Rows": 2690, "Plan Width": 8, "Filter": "((info)::text = 'Western'::text)"}]}, {"Node Type": "Sort", "Parent Relationship": "Inner", "Parallel Aware": false, "Async Capable": false, "Startup Cost": 2.42, "Total Cost": 2.43, "Plan Rows": 1, "Plan Width": 4, "Sort Key": ["it1.id"], "Plans": [{"Node Type": "Seq Scan", "Parent Relationship": "Outer", "Parallel Aware": false, "Async Capable": false, "Relation Name": "info_type", "Alias": "it1", "Startup Cost": 0.0, "Total Cost": 2.41, "Plan Rows": 1, "Plan Width": 4, "Filter": "((info)::text = 'genres'::text)"}]}]}]}]}]}]}, {"Node Type": "Sort", "Parent Relationship": "Inner", "Parallel Aware": false, "Async Capable": false, "Startup Cost": 1.1, "Total Cost": 1.1, "Plan Rows": 1, "Plan Width": 4, "Sort Key": ["kt.id"], "Plans": [{"Node Type": "Seq Scan", "Parent Relationship": "Outer", "Parallel Aware": false, "Async Capable": false, "Relation Name": "kind_type", "Alias": "kt", "Startup Cost": 0.0, "Total Cost": 1.09, "Plan Rows": 1, "Plan Width": 4, "Filter": "((kind)::text = 'tv movie'::text)"}]}]}]}}, {"Plan": {"Node Type": "Aggregate", "Strategy": "Plain", "Partial Mode": "Simple", "Parallel Aware": false, "Async Capable": false, "Startup Cost": 30000517735.02, "Total Cost": 30000517735.03, "Plan Rows": 1, "Plan Width": 64, "Plans": [{"Node Type": "Nested Loop", "Parent Relationship": "Outer", "Parallel Aware": false, "Async Capable": false, "Join Type": "Inner", "Startup Cost": 30000000001.27, "Total Cost": 30000517735.02, "Plan Rows": 1, "Plan Width": 22, "Inner Unique": true, "Plans": [{"Node Type": "Nested Loop", "Parent Relationship": "Outer", "Parallel Aware": false, "Async Capable": false, "Join Type": "Inner", "Startup Cost": 30000000001.14, "Total Cost": 30000517734.85, "Plan Rows": 1, "Plan Width": 26, "Inner Unique": true, "Join Filter": "(t.id = mi.movie_id)", "Plans": [{"Node Type": "Nested Loop", "Parent Relationship": "Outer", "Parallel Aware": false, "Async Capable": false, "Join Type": "Inner", "Startup Cost": 30000000000.71, "Total Cost": 30000517734.34, "Plan Rows": 1, "Plan Width": 17, "Inner Unique": true, "Plans": [{"Node Type": "Nested Loop", "Parent Relationship": "Outer", "Parallel Aware": false, "Async Capable": false, "Join Type": "Inner", "Startup Cost": 30000000000.56, "Total Cost": 30000517734.16, "Plan Rows": 1, "Plan Width": 21, "Inner Unique": false, "Join Filter": "(mi.movie_id = mi_idx.movie_id)", "Plans": [{"Node Type": "Nested Loop", "Parent Relationship": "Outer", "Parallel Aware": false, "Async Capable": false, "Join Type": "Inner", "Startup Cost": 20000000000.56, "Total Cost": 20000479015.82, "Plan Rows": 1, "Plan Width": 8, "Inner Unique": false, "Join Filter": "(mi.movie_id = mk.movie_id)", "Plans": [{"Node Type": "Nested Loop", "Parent Relationship": "Outer", "Parallel Aware": false, "Async Capable": false, "Join Type": "Inner", "Startup Cost": 10000000000.14, "Total Cost": 10000347282.73, "Plan Rows": 119, "Plan Width": 4, "Inner Unique": false, "Join Filter": "(it1.id = mi.info_type_id)", "Plans": [{"Node Type": "Index Scan", "Parent Relationship": "Outer", "Parallel Aware": false, "Async Capable": false, "Scan Direction": "Forward", "Index Name": "info_type_pkey", "Relation Name": "info_type", "Alias": "it1", "Startup Cost": 0.14, "Total Cost": 14.12, "Plan Rows": 1, "Plan Width": 4, "Filter": "((info)::text = 'genres'::text)"}, {"Node Type": "Seq Scan", "Parent Relationship": "Inner", "Parallel Aware": false, "Async Capable": false, "Relation Name": "movie_info", "Alias": "mi", "Startup Cost": 10000000000.0, "Total Cost": 10000347100.48, "Plan Rows": 13451, "Plan Width": 8, "Filter": "((info)::text = 'Western'::text)"}]}, {"Node Type": "Materialize", "Parent Relationship": "Inner", "Parallel Aware": false, "Async Capable": false, "Startup Cost": 10000000000.42, "Total Cost": 10000131672.49, "Plan Rows": 34, "Plan Width": 4, "Plans": [{"Node Type": "Nested Loop", "Parent Relationship": "Outer", "Parallel Aware": false, "Async Capable": false, "Join Type": "Inner", "Startup Cost": 10000000000.42, "Total Cost": 10000131672.32, "Plan Rows": 34, "Plan Width": 4, "Inner Unique": false, "Join Filter": "(k.id = mk.keyword_id)", "Plans": [{"Node Type": "Index Scan", "Parent Relationship": "Outer", "Parallel Aware": false, "Async Capable": false, "Scan Direction": "Forward", "Index Name": "keyword_pkey", "Relation Name": "keyword", "Alias": "k", "Startup Cost": 0.42, "Total Cost": 5403.89, "Plan Rows": 1, "Plan Width": 4, "Filter": "((keyword)::text = 'violence'::text)"}, {"Node Type": "Seq Scan", "Parent Relationship": "Inner", "Parallel Aware": false, "Async Capable": false, "Relation Name": "movie_keyword", "Alias": "mk", "Startup Cost": 10000000000.0, "Total Cost": 10000069719.3, "Plan Rows": 4523930, "Plan Width": 8}]}]}]}, {"Node Type": "Seq Scan", "Parent Relationship": "Inner", "Parallel Aware": false, "Async Capable": false, "Relation Name": "movie_info_idx", "Alias": "mi_idx", "Startup Cost": 10000000000.0, "Total Cost": 10000025218.44, "Plan Rows": 1079992, "Plan Width": 13, "Filter": "((info)::text <= '6.5'::text)"}]}, {"Node Type": "Index Scan", "Parent Relationship": "Inner", "Parallel Aware": false, "Async Capable": false, "Scan Direction": "Forward", "Index Name": "info_type_pkey", "Relation Name": "info_type", "Alias": "it2", "Startup Cost": 0.14, "Total Cost": 0.16, "Plan Rows": 1, "Plan Width": 4, "Index Cond": "(id = mi_idx.info_type_id)", "Filter": "((info)::text = 'rating'::text)"}]}, {"Node Type": "Index Scan", "Parent Relationship": "Inner", "Parallel Aware": false, "Async Capable": false, "Scan Direction": "Forward", "Index Name": "title_pkey", "Relation Name": "title", "Alias": "t", "Startup Cost": 0.43, "Total Cost": 0.49, "Plan Rows": 1, "Plan Width": 25, "Index Cond": "(id = mk.movie_id)", "Filter": "(production_year >= 1906)"}]}, {"Node Type": "Index Scan", "Parent Relationship": "Inner", "Parallel Aware": false, "Async Capable": false, "Scan Direction": "Forward", "Index Name": "kind_type_pkey", "Relation Name": "kind_type", "Alias": "kt", "Startup Cost": 0.13, "Total Cost": 0.15, "Plan Rows": 1, "Plan Width": 4, "Index Cond": "(id = t.kind_id)", "Filter": "((kind)::text = 'tv movie'::text)"}]}]}}, {"Plan": {"Node Type": "Aggregate", "Strategy": "Plain", "Partial Mode": "Simple", "Parallel Aware": false, "Async Capable": false, "Startup Cost": 80000729472.14, "Total Cost": 80000729472.15, "Plan Rows": 1, "Plan Width": 64, "Plans": [{"Node Type": "Nested Loop", "Parent Relationship": "Outer", "Parallel Aware": false, "Async Capable": false, "Join Type": "Inner", "Startup Cost": 80000729411.5, "Total Cost": 80000729472.14, "Plan Rows": 1, "Plan Width": 22, "Inner Unique": true, "Plans": [{"Node Type": "Nested Loop", "Parent Relationship": "Outer", "Parallel Aware": false, "Async Capable": false, "Join Type": "Inner", "Startup Cost": 70000729411.36, "Total Cost": 70000729463.97, "Plan Rows": 1, "Plan Width": 26, "Inner Unique": true, "Join Filter": "(t.id = mi.movie_id)", "Plans": [{"Node Type": "Merge Join", "Parent Relationship": "Outer", "Parallel Aware": false, "Async Capable": false, "Join Type": "Inner", "Startup Cost": 60000729410.92, "Total Cost": 60000729459.49, "Plan Rows": 1, "Plan Width": 17, "Inner Unique": false, "Merge Cond": "(mi.movie_id = mk.movie_id)", "Plans": [{"Node Type": "Sort", "Parent Relationship": "Outer", "Parallel Aware": false, "Async Capable": false, "Startup Cost": 20000347740.77, "Total Cost": 20000347741.06, "Plan Rows": 119, "Plan Width": 4, "Sort Key": ["mi.movie_id"], "Plans": [{"Node Type": "Nested Loop", "Parent Relationship": "Outer", "Parallel Aware": false, "Async Capable": false, "Join Type": "Inner", "Startup Cost": 20000000000.16, "Total Cost": 20000347736.66, "Plan Rows": 119, "Plan Width": 4, "Inner Unique": true, "Plans": [{"Node Type": "Seq Scan", "Parent Relationship": "Outer", "Parallel Aware": false, "Async Capable": false, "Relation Name": "movie_info", "Alias": "mi", "Startup Cost": 10000000000.0, "Total Cost": 10000347100.48, "Plan Rows": 13451, "Plan Width": 8, "Filter": "((info)::text = 'Western'::text)"}, {"Node Type": "Memoize", "Parent Relationship": "Inner", "Parallel Aware": false, "Async Capable": false, "Startup Cost": 0.16, "Total Cost": 4.18, "Plan Rows": 1, "Plan Width": 4, "Cache Key": "mi.info_type_id", "Cache Mode": "logical", "Plans": [{"Node Type": "Bitmap Heap Scan", "Parent Relationship": "Outer", "Parallel Aware": false, "Async Capable": false, "Relation Name": "info_type", "Alias": "it1", "Startup Cost": 0.15, "Total Cost": 4.17, "Plan Rows": 1, "Plan Width": 4, "Recheck Cond": "(id = mi.info_type_id)", "Filter": "((info)::text = 'genres'::text)", "Plans": [{"Node Type": "Bitmap Index Scan", "Parent Relationship": "Outer", "Parallel Aware": false, "Async Capable": false, "Index Name": "info_type_pkey", "Startup Cost": 0.0, "Total Cost": 0.15, "Plan Rows": 1, "Plan Width": 0, "Index Cond": "(id = mi.info_type_id)"}]}]}]}]}, {"Node Type": "Materialize", "Parent Relationship": "Inner", "Parallel Aware": false, "Async Capable": false, "Startup Cost": 40000381670.15, "Total Cost": 40000381718.12, "Plan Rows": 1, "Plan Width": 13, "Plans": [{"Node Type": "Merge Join", "Parent Relationship": "Outer", "Parallel Aware": false, "Async Capable": false, "Join Type": "Inner", "Startup Cost": 40000381670.15, "Total Cost": 40000381718.12, "Plan Rows": 1, "Plan Width": 13, "Inner Unique": false, "Merge Cond": "(mi_idx.movie_id = mk.movie_id)", "Plans": [{"Node Type": "Sort", "Parent Relationship": "Outer", "Parallel Aware": false, "Async Capable": false, "Startup Cost": 20000052875.05, "Total Cost": 20000052898.95, "Plan Rows": 9557, "Plan Width": 9, "Sort Key": ["mi_idx.movie_id"], "Plans": [{"Node Type": "Nested Loop", "Parent Relationship": "Outer", "Parallel Aware": false, "Async Capable": false, "Join Type": "Inner", "Startup Cost": 20000000000.16, "Total Cost": 20000052243.22, "Plan Rows": 9557, "Plan Width": 9, "Inner Unique": true, "Plans": [{"Node Type": "Seq Scan", "Parent Relationship": "Outer", "Parallel Aware": false, "Async Capable": false, "Relation Name": "movie_info_idx", "Alias": "mi_idx", "Startup Cost": 10000000000.0, "Total Cost": 10000025218.44, "Plan Rows": 1079992, "Plan Width": 13, "Filter": "((info)::text <= '6.5'::text)"}, {"Node Type": "Memoize", "Parent Relationship": "Inner", "Parallel Aware": false, "Async Capable": false, "Startup Cost": 0.16, "Total Cost": 4.18, "Plan Rows": 1, "Plan Width": 4, "Cache Key": "mi_idx.info_type_id", "Cache Mode": "logical", "Plans": [{"Node Type": "Bitmap Heap Scan", "Parent Relationship": "Outer", "Parallel Aware": false, "Async Capable": false, "Relation Name": "info_type", "Alias": "it2", "Startup Cost": 0.15, "Total Cost": 4.17, "Plan Rows": 1, "Plan Width": 4, "Recheck Cond": "(id = mi_idx.info_type_id)", "Filter": "((info)::text = 'rating'::text)", "Plans": [{"Node Type": "Bitmap Index Scan", "Parent Relationship": "Outer", "Parallel Aware": false, "Async Capable": false, "Index Name": "info_type_pkey", "Startup Cost": 0.0, "Total Cost": 0.15, "Plan Rows": 1, "Plan Width": 0, "Index Cond": "(id = mi_idx.info_type_id)"}]}]}]}]}, {"Node Type": "Sort", "Parent Relationship": "Inner", "Parallel Aware": false, "Async Capable": false, "Startup Cost": 20000328795.1, "Total Cost": 20000328795.18, "Plan Rows": 34, "Plan Width": 4, "Sort Key": ["mk.movie_id"], "Plans": [{"Node Type": "Nested Loop", "Parent Relationship": "Outer", "Parallel Aware": false, "Async Capable": false, "Join Type": "Inner", "Startup Cost": 20000000000.44, "Total Cost": 20000328794.23, "Plan Rows": 34, "Plan Width": 4, "Inner Unique": true, "Plans": [{"Node Type": "Seq Scan", "Parent Relationship": "Outer", "Parallel Aware": false, "Async Capable": false, "Relation Name": "movie_keyword", "Alias": "mk", "Startup Cost": 10000000000.0, "Total Cost": 10000069719.3, "Plan Rows": 4523930, "Plan Width": 8}, {"Node Type": "Memoize", "Parent Relationship": "Inner", "Parallel Aware": false, "Async Capable": false, "Startup Cost": 0.44, "Total Cost": 4.45, "Plan Rows": 1, "Plan Width": 4, "Cache Key": "mk.keyword_id", "Cache Mode": "logical", "Plans": [{"Node Type": "Bitmap Heap Scan", "Parent Relationship": "Outer", "Parallel Aware": false, "Async Capable": false, "Relation Name": "keyword", "Alias": "k", "Startup Cost": 0.43, "Total Cost": 4.44, "Plan Rows": 1, "Plan Width": 4, "Recheck Cond": "(id = mk.keyword_id)", "Filter": "((keyword)::text = 'violence'::text)", "Plans": [{"Node Type": "Bitmap Index Scan", "Parent Relationship": "Outer", "Parallel Aware": false, "Async Capable": false, "Index Name": "keyword_pkey", "Startup Cost": 0.0, "Total Cost": 0.43, "Plan Rows": 1, "Plan Width": 0, "Index Cond": "(id = mk.keyword_id)"}]}]}]}]}]}]}]}, {"Node Type": "Bitmap Heap Scan", "Parent Relationship": "Inner", "Parallel Aware": false, "Async Capable": false, "Relation Name": "title", "Alias": "t", "Startup Cost": 0.45, "Total Cost": 4.46, "Plan Rows": 1, "Plan Width": 25, "Recheck Cond": "(id = mk.movie_id)", "Filter": "(production_year >= 1906)", "Plans": [{"Node Type": "Bitmap Index Scan", "Parent Relationship": "Outer", "Parallel Aware": false, "Async Capable": false, "Index Name": "title_pkey", "Startup Cost": 0.0, "Total Cost": 0.45, "Plan Rows": 1, "Plan Width": 0, "Index Cond": "(id = mk.movie_id)"}]}]}, {"Node Type": "Bitmap Heap Scan", "Parent Relationship": "Inner", "Parallel Aware": false, "Async Capable": false, "Relation Name": "kind_type", "Alias": "kt", "Startup Cost": 0.14, "Total Cost": 4.16, "Plan Rows": 1, "Plan Width": 4, "Recheck Cond": "(id = t.kind_id)", "Filter": "((kind)::text = 'tv movie'::text)", "Plans": [{"Node Type": "Bitmap Index Scan", "Parent Relationship": "Outer", "Parallel Aware": false, "Async Capable": false, "Index Name": "kind_type_pkey", "Startup Cost": 0.0, "Total Cost": 0.14, "Plan Rows": 1, "Plan Width": 0, "Index Cond": "(id = t.kind_id)"}]}]}]}}, {"Plan": {"Node Type": "Aggregate", "Strategy": "Plain", "Partial Mode": "Simple", "Parallel Aware": false, "Async Capable": false, "Startup Cost": 30000526958.93, "Total Cost": 30000526958.94, "Plan Rows": 1, "Plan Width": 64, "Plans": [{"Node Type": "Nested Loop", "Parent Relationship": "Outer", "Parallel Aware": false, "Async Capable": false, "Join Type": "Inner", "Startup Cost": 30000400616.88, "Total Cost": 30000526958.93, "Plan Rows": 1, "Plan Width": 22, "Inner Unique": true, "Plans": [{"Node Type": "Nested Loop", "Parent Relationship": "Outer", "Parallel Aware": false, "Async Capable": false, "Join Type": "Inner", "Startup Cost": 30000400616.44, "Total Cost": 30000526950.0, "Plan Rows": 2, "Plan Width": 26, "Inner Unique": false, "Join Filter": "(t.id = mk.movie_id)", "Plans": [{"Node Type": "Nested Loop", "Parent Relationship": "Outer", "Parallel Aware": false, "Async Capable": false, "Join Type": "Inner", "Startup Cost": 20000400616.44, "Total Cost": 20000400681.57, "Plan Rows": 1, "Plan Width": 34, "Inner Unique": true, "Plans": [{"Node Type": "Nested Loop", "Parent Relationship": "Outer", "Parallel Aware": false, "Async Capable": false, "Join Type": "Inner", "Startup Cost": 20000400616.29, "Total Cost": 20000400673.22, "Plan Rows": 2, "Plan Width": 38, "Inner Unique": true, "Join Filter": "(t.id = mi.movie_id)", "Plans": [{"Node Type": "Merge Join", "Parent Relationship": "Outer", "Parallel Aware": false, "Async Capable": false, "Join Type": "Inner", "Startup Cost": 20000400615.82, "Total Cost": 20000400664.22, "Plan Rows": 2, "Plan Width": 13, "Inner Unique": false, "Merge Cond": "(mi.movie_id = mi_idx.movie_id)", "Plans": [{"Node Type": "Sort", "Parent Relationship": "Outer", "Parallel Aware": false, "Async Capable": false, "Startup Cost": 10000347740.77, "Total Cost": 10000347741.06, "Plan Rows": 119, "Plan Width": 4, "Sort Key": ["mi.movie_id"], "Plans": [{"Node Type": "Nested Loop", "Parent Relationship": "Outer", "Parallel Aware": false, "Async Capable": false, "Join Type": "Inner", "Startup Cost": 10000000000.16, "Total Cost": 10000347736.66, "Plan Rows": 119, "Plan Width": 4, "Inner Unique": true, "Plans": [{"Node Type": "Seq Scan", "Parent Relationship": "Outer", "Parallel Aware": false, "Async Capable": false, "Relation Name": "movie_info", "Alias": "mi", "Startup Cost": 10000000000.0, "Total Cost": 10000347100.48, "Plan Rows": 13451, "Plan Width": 8, "Filter": "((info)::text = 'Western'::text)"}, {"Node Type": "Memoize", "Parent Relationship": "Inner", "Parallel Aware": false, "Async Capable": false, "Startup Cost": 0.16, "Total Cost": 4.18, "Plan Rows": 1, "Plan Width": 4, "Cache Key": "mi.info_type_id", "Cache Mode": "logical", "Plans": [{"Node Type": "Bitmap Heap Scan", "Parent Relationship": "Outer", "Parallel Aware": false, "Async Capable": false, "Relation Name": "info_type", "Alias": "it1", "Startup Cost": 0.15, "Total Cost": 4.17, "Plan Rows": 1, "Plan Width": 4, "Recheck Cond": "(id = mi.info_type_id)", "Filter": "((info)::text = 'genres'::text)", "Plans": [{"Node Type": "Bitmap Index Scan", "Parent Relationship": "Outer", "Parallel Aware": false, "Async Capable": false, "Index Name": "info_type_pkey", "Startup Cost": 0.0, "Total Cost": 0.15, "Plan Rows": 1, "Plan Width": 0, "Index Cond": "(id = mi.info_type_id)"}]}]}]}]}, {"Node Type": "Sort", "Parent Relationship": "Inner", "Parallel Aware": false, "Async Capable": false, "Startup Cost": 10000052875.05, "Total Cost": 10000052898.95, "Plan Rows": 9557, "Plan Width": 9, "Sort Key": ["mi_idx.movie_id"], "Plans": [{"Node Type": "Nested Loop", "Parent Relationship": "Outer", "Parallel Aware": false, "Async Capable": false, "Join Type": "Inner", "Startup Cost": 10000000000.16, "Total Cost": 10000052243.22, "Plan Rows": 9557, "Plan Width": 9, "Inner Unique": true, "Plans": [{"Node Type": "Seq Scan", "Parent Relationship": "Outer", "Parallel Aware": false, "Async Capable": false, "Relation Name": "movie_info_idx", "Alias": "mi_idx", "Startup Cost": 10000000000.0, "Total Cost": 10000025218.44, "Plan Rows": 1079992, "Plan Width": 13, "Filter": "((info)::text <= '6.5'::text)"}, {"Node Type": "Memoize", "Parent Relationship": "Inner", "Parallel Aware": false, "Async Capable": false, "Startup Cost": 0.16, "Total Cost": 4.18, "Plan Rows": 1, "Plan Width": 4, "Cache Key": "mi_idx.info_type_id", "Cache Mode": "logical", "Plans": [{"Node Type": "Bitmap Heap Scan", "Parent Relationship": "Outer", "Parallel Aware": false, "Async Capable": false, "Relation Name": "info_type", "Alias": "it2", "Startup Cost": 0.15, "Total Cost": 4.17, "Plan Rows": 1, "Plan Width": 4, "Recheck Cond": "(id = mi_idx.info_type_id)", "Filter": "((info)::text = 'rating'::text)", "Plans": [{"Node Type": "Bitmap Index Scan", "Parent Relationship": "Outer", "Parallel Aware": false, "Async Capable": false, "Index Name": "info_type_pkey", "Startup Cost": 0.0, "Total Cost": 0.15, "Plan Rows": 1, "Plan Width": 0, "Index Cond": "(id = mi_idx.info_type_id)"}]}]}]}]}]}, {"Node Type": "Bitmap Heap Scan", "Parent Relationship": "Inner", "Parallel Aware": false, "Async Capable": false, "Relation Name": "title", "Alias": "t", "Startup Cost": 0.47, "Total Cost": 4.49, "Plan Rows": 1, "Plan Width": 25, "Recheck Cond": "(id = mi_idx.movie_id)", "Filter": "(production_year >= 1906)", "Plans": [{"Node Type": "Bitmap Index Scan", "Parent Relationship": "Outer", "Parallel Aware": false, "Async Capable": false, "Index Name": "title_pkey", "Startup Cost": 0.0, "Total Cost": 0.47, "Plan Rows": 1, "Plan Width": 0, "Index Cond": "(id = mi_idx.movie_id)"}]}]}, {"Node Type": "Memoize", "Parent Relationship": "Inner", "Parallel Aware": false, "Async Capable": false, "Startup Cost": 0.15, "Total Cost": 4.17, "Plan Rows": 1, "Plan Width": 4, "Cache Key": "t.kind_id", "Cache Mode": "logical", "Plans": [{"Node Type": "Bitmap Heap Scan", "Parent Relationship": "Outer", "Parallel Aware": false, "Async Capable": false, "Relation Name": "kind_type", "Alias": "kt", "Startup Cost": 0.14, "Total Cost": 4.16, "Plan Rows": 1, "Plan Width": 4, "Recheck Cond": "(id = t.kind_id)", "Filter": "((kind)::text = 'tv movie'::text)", "Plans": [{"Node Type": "Bitmap Index Scan", "Parent Relationship": "Outer", "Parallel Aware": false, "Async Capable": false, "Index Name": "kind_type_pkey", "Startup Cost": 0.0, "Total Cost": 0.14, "Plan Rows": 1, "Plan Width": 0, "Index Cond": "(id = t.kind_id)"}]}]}]}, {"Node Type": "Seq Scan", "Parent Relationship": "Inner", "Parallel Aware": false, "Async Capable": false, "Relation Name": "movie_keyword", "Alias": "mk", "Startup Cost": 10000000000.0, "Total Cost": 10000069719.3, "Plan Rows": 4523930, "Plan Width": 8}]}, {"Node Type": "Memoize", "Parent Relationship": "Inner", "Parallel Aware": false, "Async Capable": false, "Startup Cost": 0.44, "Total Cost": 4.45, "Plan Rows": 1, "Plan Width": 4, "Cache Key": "mk.keyword_id", "Cache Mode": "logical", "Plans": [{"Node Type": "Bitmap Heap Scan", "Parent Relationship": "Outer", "Parallel Aware": false, "Async Capable": false, "Relation Name": "keyword", "Alias": "k", "Startup Cost": 0.43, "Total Cost": 4.44, "Plan Rows": 1, "Plan Width": 4, "Recheck Cond": "(id = mk.keyword_id)", "Filter": "((keyword)::text = 'violence'::text)", "Plans": [{"Node Type": "Bitmap Index Scan", "Parent Relationship": "Outer", "Parallel Aware": false, "Async Capable": false, "Index Name": "keyword_pkey", "Startup Cost": 0.0, "Total Cost": 0.43, "Plan Rows": 1, "Plan Width": 0, "Index Cond": "(id = mk.keyword_id)"}]}]}]}]}}, {"Plan": {"Node Type": "Aggregate", "Strategy": "Plain", "Partial Mode": "Finalize", "Parallel Aware": false, "Async Capable": false, "Startup Cost": 365587.93, "Total Cost": 365587.94, "Plan Rows": 1, "Plan Width": 64, "Plans": [{"Node Type": "Gather", "Parent Relationship": "Outer", "Parallel Aware": false, "Async Capable": false, "Startup Cost": 365587.39, "Total Cost": 365587.9, "Plan Rows": 5, "Plan Width": 64, "Workers Planned": 5, "Single Copy": false, "Plans": [{"Node Type": "Aggregate", "Strategy": "Plain", "Partial Mode": "Partial", "Parent Relationship": "Outer", "Parallel Aware": false, "Async Capable": false, "Startup Cost": 364587.39, "Total Cost": 364587.4, "Plan Rows": 1, "Plan Width": 64, "Plans": [{"Node Type": "Nested Loop", "Parent Relationship": "Outer", "Parallel Aware": false, "Async Capable": false, "Join Type": "Inner", "Startup Cost": 238261.9, "Total Cost": 364587.39, "Plan Rows": 1, "Plan Width": 22, "Inner Unique": true, "Plans": [{"Node Type": "Nested Loop", "Parent Relationship": "Outer", "Parallel Aware": false, "Async Capable": false, "Join Type": "Inner", "Startup Cost": 238261.46, "Total Cost": 364582.92, "Plan Rows": 1, "Plan Width": 26, "Inner Unique": false, "Join Filter": "(t.id = mk.movie_id)", "Plans": [{"Node Type": "Nested Loop", "Parent Relationship": "Outer", "Parallel Aware": false, "Async Capable": false, "Join Type": "Inner", "Startup Cost": 238261.46, "Total Cost": 238314.5, "Plan Rows": 1, "Plan Width": 34, "Inner Unique": true, "Join Filter": "(kt.id = t.kind_id)", "Plans": [{"Node Type": "Nested Loop", "Parent Relationship": "Outer", "Parallel Aware": false, "Async Capable": false, "Join Type": "Inner", "Startup Cost": 238261.46, "Total Cost": 238313.4, "Plan Rows": 1, "Plan Width": 38, "Inner Unique": true, "Join Filter": "(t.id = mi.movie_id)", "Plans": [{"Node Type": "Merge Join", "Parent Relationship": "Outer", "Parallel Aware": false, "Async Capable": false, "Join Type": "Inner", "Startup Cost": 238260.99, "Total Cost": 238308.9, "Plan Rows": 1, "Plan Width": 13, "Inner Unique": false, "Merge Cond": "(mi.movie_id = mi_idx.movie_id)", "Plans": [{"Node Type": "Sort", "Parent Relationship": "Outer", "Parallel Aware": false, "Async Capable": false, "Startup Cost": 198908.41, "Total Cost": 198908.47, "Plan Rows": 24, "Plan Width": 4, "Sort Key": ["mi.movie_id"], "Plans": [{"Node Type": "Merge Join", "Parent Relationship": "Outer", "Parallel Aware": false, "Async Capable": false, "Join Type": "Inner", "Startup Cost": 198894.16, "Total Cost": 198907.86, "Plan Rows": 24, "Plan Width": 4, "Inner Unique": true, "Merge Cond": "(mi.info_type_id = it1.id)", "Plans": [{"Node Type": "Sort", "Parent Relationship": "Outer", "Parallel Aware": false, "Async Capable": false, "Startup Cost": 198891.74, "Total Cost": 198898.46, "Plan Rows": 2690, "Plan Width": 8, "Sort Key": ["mi.info_type_id"], "Plans": [{"Node Type": "Seq Scan", "Parent Relationship": "Outer", "Parallel Aware": true, "Async Capable": false, "Relation Name": "movie_info", "Alias": "mi", "Startup Cost": 0.0, "Total Cost": 198738.49, "Plan Rows": 2690, "Plan Width": 8, "Filter": "((info)::text = 'Western'::text)"}]}, {"Node Type": "Sort", "Parent Relationship": "Inner", "Parallel Aware": false, "Async Capable": false, "Startup Cost": 2.42, "Total Cost": 2.43, "Plan Rows": 1, "Plan Width": 4, "Sort Key": ["it1.id"], "Plans": [{"Node Type": "Seq Scan", "Parent Relationship": "Outer", "Parallel Aware": false, "Async Capable": false, "Relation Name": "info_type", "Alias": "it1", "Startup Cost": 0.0, "Total Cost": 2.41, "Plan Rows": 1, "Plan Width": 4, "Filter": "((info)::text = 'genres'::text)"}]}]}]}, {"Node Type": "Sort", "Parent Relationship": "Inner", "Parallel Aware": false, "Async Capable": false, "Startup Cost": 39352.58, "Total Cost": 39376.47, "Plan Rows": 9557, "Plan Width": 9, "Sort Key": ["mi_idx.movie_id"], "Plans": [{"Node Type": "Nested Loop", "Parent Relationship": "Outer", "Parallel Aware": false, "Async Capable": false, "Join Type": "Inner", "Startup Cost": 0.0, "Total Cost": 38720.75, "Plan Rows": 9557, "Plan Width": 9, "Inner Unique": false, "Join Filter": "(it2.id = mi_idx.info_type_id)", "Plans": [{"Node Type": "Seq Scan", "Parent Relationship": "Outer", "Parallel Aware": false, "Async Capable": false, "Relation Name": "info_type", "Alias": "it2", "Startup Cost": 0.0, "Total Cost": 2.41, "Plan Rows": 1, "Plan Width": 4, "Filter": "((info)::text = 'rating'::text)"}, {"Node Type": "Seq Scan", "Parent Relationship": "Inner", "Parallel Aware": false, "Async Capable": false, "Relation Name": "movie_info_idx", "Alias": "mi_idx", "Startup Cost": 0.0, "Total Cost": 25218.44, "Plan Rows": 1079992, "Plan Width": 13, "Filter": "((info)::text <= '6.5'::text)"}]}]}]}, {"Node Type": "Bitmap Heap Scan", "Parent Relationship": "Inner", "Parallel Aware": false, "Async Capable": false, "Relation Name": "title", "Alias": "t", "Startup Cost": 0.47, "Total Cost": 4.49, "Plan Rows": 1, "Plan Width": 25, "Recheck Cond": "(id = mi_idx.movie_id)", "Filter": "(production_year >= 1906)", "Plans": [{"Node Type": "Bitmap Index Scan", "Parent Relationship": "Outer", "Parallel Aware": false, "Async Capable": false, "Index Name": "title_pkey", "Startup Cost": 0.0, "Total Cost": 0.47, "Plan Rows": 1, "Plan Width": 0, "Index Cond": "(id = mi_idx.movie_id)"}]}]}, {"Node Type": "Seq Scan", "Parent Relationship": "Inner", "Parallel Aware": false, "Async Capable": false, "Relation Name": "kind_type", "Alias": "kt", "Startup Cost": 0.0, "Total Cost": 1.09, "Plan Rows": 1, "Plan Width": 4, "Filter": "((kind)::text = 'tv movie'::text)"}]}, {"Node Type": "Seq Scan", "Parent Relationship": "Inner", "Parallel Aware": false, "Async Capable": false, "Relation Name": "movie_keyword", "Alias": "mk", "Startup Cost": 0.0, "Total Cost": 69719.3, "Plan Rows": 4523930, "Plan Width": 8}]}, {"Node Type": "Memoize", "Parent Relationship": "Inner", "Parallel Aware": false, "Async Capable": false, "Startup Cost": 0.44, "Total Cost": 4.45, "Plan Rows": 1, "Plan Width": 4, "Cache Key": "mk.keyword_id", "Cache Mode": "logical", "Plans": [{"Node Type": "Bitmap Heap Scan", "Parent Relationship": "Outer", "Parallel Aware": false, "Async Capable": false, "Relation Name": "keyword", "Alias": "k", "Startup Cost": 0.43, "Total Cost": 4.44, "Plan Rows": 1, "Plan Width": 4, "Recheck Cond": "(id = mk.keyword_id)", "Filter": "((keyword)::text = 'violence'::text)", "Plans": [{"Node Type": "Bitmap Index Scan", "Parent Relationship": "Outer", "Parallel Aware": false, "Async Capable": false, "Index Name": "keyword_pkey", "Startup Cost": 0.0, "Total Cost": 0.43, "Plan Rows": 1, "Plan Width": 0, "Index Cond": "(id = mk.keyword_id)"}]}]}]}]}]}]}}, {"Plan": {"Node Type": "Aggregate", "Strategy": "Plain", "Partial Mode": "Simple", "Parallel Aware": false, "Async Capable": false, "Startup Cost": 637803.27, "Total Cost": 637803.28, "Plan Rows": 1, "Plan Width": 64, "Plans": [{"Node Type": "Merge Join", "Parent Relationship": "Outer", "Parallel Aware": false, "Async Capable": false, "Join Type": "Inner", "Startup Cost": 636014.36, "Total Cost": 637803.26, "Plan Rows": 1, "Plan Width": 22, "Inner Unique": false, "Merge Cond": "(t.id = mi.movie_id)", "Plans": [{"Node Type": "Merge Join", "Parent Relationship": "Outer", "Parallel Aware": false, "Async Capable": false, "Join Type": "Inner", "Startup Cost": 436090.5, "Total Cost": 437878.8, "Plan Rows": 1, "Plan Width": 34, "Inner Unique": false, "Merge Cond": "(mk.movie_id = t.id)", "Plans": [{"Node Type": "Merge Join", "Parent Relationship": "Outer", "Parallel Aware": false, "Async Capable": false, "Join Type": "Inner", "Startup Cost": 261761.47, "Total Cost": 261809.44, "Plan Rows": 1, "Plan Width": 13, "Inner Unique": false, "Merge Cond": "(mi_idx.movie_id = mk.movie_id)", "Plans": [{"Node Type": "Sort", "Parent Relationship": "Outer", "Parallel Aware": false, "Async Capable": false, "Startup Cost": 62289.17, "Total Cost": 62313.06, "Plan Rows": 9557, "Plan Width": 9, "Sort Key": ["mi_idx.movie_id"], "Plans": [{"Node Type": "Gather", "Parent Relationship": "Outer", "Parallel Aware": false, "Async Capable": false, "Startup Cost": 58411.83, "Total Cost": 61657.34, "Plan Rows": 9557, "Plan Width": 9, "Workers Planned": 2, "Single Copy": false, "Plans": [{"Node Type": "Merge Join", "Parent Relationship": "Outer", "Parallel Aware": false, "Async Capable": false, "Join Type": "Inner", "Startup Cost": 57411.83, "Total Cost": 59701.64, "Plan Rows": 3982, "Plan Width": 9, "Inner Unique": true, "Merge Cond": "(mi_idx.info_type_id = it2.id)", "Plans": [{"Node Type": "Sort", "Parent Relationship": "Outer", "Parallel Aware": false, "Async Capable": false, "Startup Cost": 57409.4, "Total Cost": 58534.39, "Plan Rows": 449997, "Plan Width": 13, "Sort Key": ["mi_idx.info_type_id"], "Plans": [{"Node Type": "Seq Scan", "Parent Relationship": "Outer", "Parallel Aware": true, "Async Capable": false, "Relation Name": "movie_info_idx", "Alias": "mi_idx", "Startup Cost": 0.0, "Total Cost": 15155.68, "Plan Rows": 449997, "Plan Width": 13, "Filter": "((info)::text <= '6.5'::text)"}]}, {"Node Type": "Sort", "Parent Relationship": "Inner", "Parallel Aware": false, "Async Capable": false, "Startup Cost": 2.42, "Total Cost": 2.43, "Plan Rows": 1, "Plan Width": 4, "Sort Key": ["it2.id"], "Plans": [{"Node Type": "Seq Scan", "Parent Relationship": "Outer", "Parallel Aware": false, "Async Capable": false, "Relation Name": "info_type", "Alias": "it2", "Startup Cost": 0.0, "Total Cost": 2.41, "Plan Rows": 1, "Plan Width": 4, "Filter": "((info)::text = 'rating'::text)"}]}]}]}]}, {"Node Type": "Sort", "Parent Relationship": "Inner", "Parallel Aware": false, "Async Capable": false, "Startup Cost": 199472.31, "Total Cost": 199472.39, "Plan Rows": 34, "Plan Width": 4, "Sort Key": ["mk.movie_id"], "Plans": [{"Node Type": "Gather", "Parent Relationship": "Outer", "Parallel Aware": false, "Async Capable": false, "Startup Cost": 192171.35, "Total Cost": 199471.44, "Plan Rows": 34, "Plan Width": 4, "Workers Planned": 3, "Single Copy": false, "Plans": [{"Node Type": "Merge Join", "Parent Relationship": "Outer", "Parallel Aware": false, "Async Capable": false, "Join Type": "Inner", "Startup Cost": 191171.35, "Total Cost": 198468.04, "Plan Rows": 11, "Plan Width": 4, "Inner Unique": true, "Merge Cond": "(mk.keyword_id = k.id)", "Plans": [{"Node Type": "Sort", "Parent Relationship": "Outer", "Parallel Aware": false, "Async Capable": false, "Startup Cost": 188486.13, "Total Cost": 192134.46, "Plan Rows": 1459332, "Plan Width": 8, "Sort Key": ["mk.keyword_id"], "Plans": [{"Node Type": "Seq Scan", "Parent Relationship": "Outer", "Parallel Aware": true, "Async Capable": false, "Relation Name": "movie_keyword", "Alias": "mk", "Startup Cost": 0.0, "Total Cost": 39073.32, "Plan Rows": 1459332, "Plan Width": 8}]}, {"Node Type": "Sort", "Parent Relationship": "Inner", "Parallel Aware": false, "Async Capable": false, "Startup Cost": 2685.14, "Total Cost": 2685.14, "Plan Rows": 1, "Plan Width": 4, "Sort Key": ["k.id"], "Plans": [{"Node Type": "Seq Scan", "Parent Relationship": "Outer", "Parallel Aware": false, "Async Capable": false, "Relation Name": "keyword", "Alias": "k", "Startup Cost": 0.0, "Total Cost": 2685.12, "Plan Rows": 1, "Plan Width": 4, "Filter": "((keyword)::text = 'violence'::text)"}]}]}]}]}]}, {"Node Type": "Sort", "Parent Relationship": "Inner", "Parallel Aware": false, "Async Capable": false, "Startup Cost": 174328.99, "Total Cost": 175200.01, "Plan Rows": 348408, "Plan Width": 21, "Sort Key": ["t.id"], "Plans": [{"Node Type": "Gather", "Parent Relationship": "Outer", "Parallel Aware": false, "Async Capable": false, "Startup Cost": 103496.9, "Total Cost": 142257.3, "Plan Rows": 348408, "Plan Width": 21, "Workers Planned": 4, "Single Copy": false, "Plans": [{"Node Type": "Merge Join", "Parent Relationship": "Outer", "Parallel Aware": false, "Async Capable": false, "Join Type": "Inner", "Startup Cost": 102496.9, "Total Cost": 106416.5, "Plan Rows": 87102, "Plan Width": 21, "Inner Unique": true, "Merge Cond": "(t.kind_id = kt.id)", "Plans": [{"Node Type": "Sort", "Parent Relationship": "Outer", "Parallel Aware": false, "Async Capable": false, "Startup Cost": 102495.8, "Total Cost": 104020.09, "Plan Rows": 609715, "Plan Width": 25, "Sort Key": ["t.kind_id"], "Plans": [{"Node Type": "Seq Scan", "Parent Relationship": "Outer", "Parallel Aware": true, "Async Capable": false, "Relation Name": "title", "Alias": "t", "Startup Cost": 0.0, "Total Cost": 43908.97, "Plan Rows": 609715, "Plan Width": 25, "Filter": "(production_year >= 1906)"}]}, {"Node Type": "Sort", "Parent Relationship": "Inner", "Parallel Aware": false, "Async Capable": false, "Startup Cost": 1.1, "Total Cost": 1.1, "Plan Rows": 1, "Plan Width": 4, "Sort Key": ["kt.id"], "Plans": [{"Node Type": "Seq Scan", "Parent Relationship": "Outer", "Parallel Aware": false, "Async Capable": false, "Relation Name": "kind_type", "Alias": "kt", "Startup Cost": 0.0, "Total Cost": 1.09, "Plan Rows": 1, "Plan Width": 4, "Filter": "((kind)::text = 'tv movie'::text)"}]}]}]}]}]}, {"Node Type": "Sort", "Parent Relationship": "Inner", "Parallel Aware": false, "Async Capable": false, "Startup Cost": 199923.86, "Total Cost": 199924.16, "Plan Rows": 119, "Plan Width": 4, "Sort Key": ["mi.movie_id"], "Plans": [{"Node Type": "Gather", "Parent Relationship": "Outer", "Parallel Aware": false, "Async Capable": false, "Startup Cost": 199894.16, "Total Cost": 199919.76, "Plan Rows": 119, "Plan Width": 4, "Workers Planned": 5, "Single Copy": false, "Plans": [{"Node Type": "Merge Join", "Parent Relationship": "Outer", "Parallel Aware": false, "Async Capable": false, "Join Type": "Inner", "Startup Cost": 198894.16, "Total Cost": 198907.86, "Plan Rows": 24, "Plan Width": 4, "Inner Unique": true, "Merge Cond": "(mi.info_type_id = it1.id)", "Plans": [{"Node Type": "Sort", "Parent Relationship": "Outer", "Parallel Aware": false, "Async Capable": false, "Startup Cost": 198891.74, "Total Cost": 198898.46, "Plan Rows": 2690, "Plan Width": 8, "Sort Key": ["mi.info_type_id"], "Plans": [{"Node Type": "Seq Scan", "Parent Relationship": "Outer", "Parallel Aware": true, "Async Capable": false, "Relation Name": "movie_info", "Alias": "mi", "Startup Cost": 0.0, "Total Cost": 198738.49, "Plan Rows": 2690, "Plan Width": 8, "Filter": "((info)::text = 'Western'::text)"}]}, {"Node Type": "Sort", "Parent Relationship": "Inner", "Parallel Aware": false, "Async Capable": false, "Startup Cost": 2.42, "Total Cost": 2.43, "Plan Rows": 1, "Plan Width": 4, "Sort Key": ["it1.id"], "Plans": [{"Node Type": "Seq Scan", "Parent Relationship": "Outer", "Parallel Aware": false, "Async Capable": false, "Relation Name": "info_type", "Alias": "it1", "Startup Cost": 0.0, "Total Cost": 2.41, "Plan Rows": 1, "Plan Width": 4, "Filter": "((info)::text = 'genres'::text)"}]}]}]}]}]}]}}, {"Plan": {"Node Type": "Aggregate", "Strategy": "Plain", "Partial Mode": "Simple", "Parallel Aware": false, "Async Capable": false, "Startup Cost": 30000529385.07, "Total Cost": 30000529385.08, "Plan Rows": 1, "Plan Width": 64, "Plans": [{"Node Type": "Nested Loop", "Parent Relationship": "Outer", "Parallel Aware": false, "Async Capable": false, "Join Type": "Inner", "Startup Cost": 30000000003.64, "Total Cost": 30000529385.07, "Plan Rows": 1, "Plan Width": 22, "Inner Unique": true, "Plans": [{"Node Type": "Nested Loop", "Parent Relationship": "Outer", "Parallel Aware": false, "Async Capable": false, "Join Type": "Inner", "Startup Cost": 30000000003.2, "Total Cost": 30000529376.14, "Plan Rows": 2, "Plan Width": 26, "Inner Unique": false, "Join Filter": "(t.id = mk.movie_id)", "Plans": [{"Node Type": "Nested Loop", "Parent Relationship": "Outer", "Parallel Aware": false, "Async Capable": false, "Join Type": "Inner", "Startup Cost": 20000000003.2, "Total Cost": 20000403107.71, "Plan Rows": 1, "Plan Width": 34, "Inner Unique": false, "Join Filter": "(t.id = mi_idx.movie_id)", "Plans": [{"Node Type": "Nested Loop", "Parent Relationship": "Outer", "Parallel Aware": false, "Async Capable": false, "Join Type": "Inner", "Startup Cost": 10000000000.16, "Total Cost": 10000052243.22, "Plan Rows": 9557, "Plan Width": 9, "Inner Unique": true, "Plans": [{"Node Type": "Seq Scan", "Parent Relationship": "Outer", "Parallel Aware": false, "Async Capable": false, "Relation Name": "movie_info_idx", "Alias": "mi_idx", "Startup Cost": 10000000000.0, "Total Cost": 10000025218.44, "Plan Rows": 1079992, "Plan Width": 13, "Filter": "((info)::text <= '6.5'::text)"}, {"Node Type": "Memoize", "Parent Relationship": "Inner", "Parallel Aware": false, "Async Capable": false, "Startup Cost": 0.16, "Total Cost": 4.18, "Plan Rows": 1, "Plan Width": 4, "Cache Key": "mi_idx.info_type_id", "Cache Mode": "logical", "Plans": [{"Node Type": "Bitmap Heap Scan", "Parent Relationship": "Outer", "Parallel Aware": false, "Async Capable": false, "Relation Name": "info_type", "Alias": "it2", "Startup Cost": 0.15, "Total Cost": 4.17, "Plan Rows": 1, "Plan Width": 4, "Recheck Cond": "(id = mi_idx.info_type_id)", "Filter": "((info)::text = 'rating'::text)", "Plans": [{"Node Type": "Bitmap Index Scan", "Parent Relationship": "Outer", "Parallel Aware": false, "Async Capable": false, "Index Name": "info_type_pkey", "Startup Cost": 0.0, "Total Cost": 0.15, "Plan Rows": 1, "Plan Width": 0, "Index Cond": "(id = mi_idx.info_type_id)"}]}]}]}, {"Node Type": "Materialize", "Parent Relationship": "Inner", "Parallel Aware": false, "Async Capable": false, "Startup Cost": 10000000003.04, "Total Cost": 10000348570.85, "Plan Rows": 16, "Plan Width": 25, "Plans": [{"Node Type": "Nested Loop", "Parent Relationship": "Outer", "Parallel Aware": false, "Async Capable": false, "Join Type": "Inner", "Startup Cost": 10000000003.04, "Total Cost": 10000348570.77, "Plan Rows": 16, "Plan Width": 25, "Inner Unique": true, "Plans": [{"Node Type": "Nested Loop", "Parent Relationship": "Outer", "Parallel Aware": false, "Async Capable": false, "Join Type": "Inner", "Startup Cost": 10000000002.89, "Total Cost": 10000348539.03, "Plan Rows": 115, "Plan Width": 29, "Inner Unique": true, "Plans": [{"Node Type": "Nested Loop", "Parent Relationship": "Outer", "Parallel Aware": false, "Async Capable": false, "Join Type": "Inner", "Startup Cost": 10000000000.16, "Total Cost": 10000347736.66, "Plan Rows": 119, "Plan Width": 4, "Inner Unique": true, "Plans": [{"Node Type": "Seq Scan", "Parent Relationship": "Outer", "Parallel Aware": false, "Async Capable": false, "Relation Name": "movie_info", "Alias": "mi", "Startup Cost": 10000000000.0, "Total Cost": 10000347100.48, "Plan Rows": 13451, "Plan Width": 8, "Filter": "((info)::text = 'Western'::text)"}, {"Node Type": "Memoize", "Parent Relationship": "Inner", "Parallel Aware": false, "Async Capable": false, "Startup Cost": 0.16, "Total Cost": 4.18, "Plan Rows": 1, "Plan Width": 4, "Cache Key": "mi.info_type_id", "Cache Mode": "logical", "Plans": [{"Node Type": "Bitmap Heap Scan", "Parent Relationship": "Outer", "Parallel Aware": false, "Async Capable": false, "Relation Name": "info_type", "Alias": "it1", "Startup Cost": 0.15, "Total Cost": 4.17, "Plan Rows": 1, "Plan Width": 4, "Recheck Cond": "(id = mi.info_type_id)", "Filter": "((info)::text = 'genres'::text)", "Plans": [{"Node Type": "Bitmap Index Scan", "Parent Relationship": "Outer", "Parallel Aware": false, "Async Capable": false, "Index Name": "info_type_pkey", "Startup Cost": 0.0, "Total Cost": 0.15, "Plan Rows": 1, "Plan Width": 0, "Index Cond": "(id = mi.info_type_id)"}]}]}]}, {"Node Type": "Bitmap Heap Scan", "Parent Relationship": "Inner", "Parallel Aware": false, "Async Capable": false, "Relation Name": "title", "Alias": "t", "Startup Cost": 2.73, "Total Cost": 6.74, "Plan Rows": 1, "Plan Width": 25, "Recheck Cond": "(id = mi.movie_id)", "Filter": "(production_year >= 1906)", "Plans": [{"Node Type": "Bitmap Index Scan", "Parent Relationship": "Outer", "Parallel Aware": false, "Async Capable": false, "Index Name": "title_pkey", "Startup Cost": 0.0, "Total Cost": 2.73, "Plan Rows": 1, "Plan Width": 0, "Index Cond": "(id = mi.movie_id)"}]}]}, {"Node Type": "Memoize", "Parent Relationship": "Inner", "Parallel Aware": false, "Async Capable": false, "Startup Cost": 0.15, "Total Cost": 4.17, "Plan Rows": 1, "Plan Width": 4, "Cache Key": "t.kind_id", "Cache Mode": "logical", "Plans": [{"Node Type": "Bitmap Heap Scan", "Parent Relationship": "Outer", "Parallel Aware": false, "Async Capable": false, "Relation Name": "kind_type", "Alias": "kt", "Startup Cost": 0.14, "Total Cost": 4.16, "Plan Rows": 1, "Plan Width": 4, "Recheck Cond": "(id = t.kind_id)", "Filter": "((kind)::text = 'tv movie'::text)", "Plans": [{"Node Type": "Bitmap Index Scan", "Parent Relationship": "Outer", "Parallel Aware": false, "Async Capable": false, "Index Name": "kind_type_pkey", "Startup Cost": 0.0, "Total Cost": 0.14, "Plan Rows": 1, "Plan Width": 0, "Index Cond": "(id = t.kind_id)"}]}]}]}]}]}, {"Node Type": "Seq Scan", "Parent Relationship": "Inner", "Parallel Aware": false, "Async Capable": false, "Relation Name": "movie_keyword", "Alias": "mk", "Startup Cost": 10000000000.0, "Total Cost": 10000069719.3, "Plan Rows": 4523930, "Plan Width": 8}]}, {"Node Type": "Memoize", "Parent Relationship": "Inner", "Parallel Aware": false, "Async Capable": false, "Startup Cost": 0.44, "Total Cost": 4.45, "Plan Rows": 1, "Plan Width": 4, "Cache Key": "mk.keyword_id", "Cache Mode": "logical", "Plans": [{"Node Type": "Bitmap Heap Scan", "Parent Relationship": "Outer", "Parallel Aware": false, "Async Capable": false, "Relation Name": "keyword", "Alias": "k", "Startup Cost": 0.43, "Total Cost": 4.44, "Plan Rows": 1, "Plan Width": 4, "Recheck Cond": "(id = mk.keyword_id)", "Filter": "((keyword)::text = 'violence'::text)", "Plans": [{"Node Type": "Bitmap Index Scan", "Parent Relationship": "Outer", "Parallel Aware": false, "Async Capable": false, "Index Name": "keyword_pkey", "Startup Cost": 0.0, "Total Cost": 0.43, "Plan Rows": 1, "Plan Width": 0, "Index Cond": "(id = mk.keyword_id)"}]}]}]}]}}, {"Plan": {"Node Type": "Aggregate", "Strategy": "Plain", "Partial Mode": "Simple", "Parallel Aware": false, "Async Capable": false, "Startup Cost": 368994.81, "Total Cost": 368994.82, "Plan Rows": 1, "Plan Width": 64, "Plans": [{"Node Type": "Nested Loop", "Parent Relationship": "Outer", "Parallel Aware": false, "Async Capable": false, "Join Type": "Inner", "Startup Cost": 1000.45, "Total Cost": 368994.81, "Plan Rows": 1, "Plan Width": 22, "Inner Unique": true, "Join Filter": "(kt.id = t.kind_id)", "Plans": [{"Node Type": "Nested Loop", "Parent Relationship": "Outer", "Parallel Aware": false, "Async Capable": false, "Join Type": "Inner", "Startup Cost": 1000.45, "Total Cost": 368993.71, "Plan Rows": 1, "Plan Width": 26, "Inner Unique": true, "Join Filter": "(t.id = mi.movie_id)", "Plans": [{"Node Type": "Nested Loop", "Parent Relationship": "Outer", "Parallel Aware": false, "Async Capable": false, "Join Type": "Inner", "Startup Cost": 1000.0, "Total Cost": 368989.23, "Plan Rows": 1, "Plan Width": 17, "Inner Unique": true, "Join Filter": "(it2.id = mi_idx.info_type_id)", "Plans": [{"Node Type": "Nested Loop", "Parent Relationship": "Outer", "Parallel Aware": false, "Async Capable": false, "Join Type": "Inner", "Startup Cost": 1000.0, "Total Cost": 368986.81, "Plan Rows": 1, "Plan Width": 21, "Inner Unique": false, "Join Filter": "(mi.movie_id = mi_idx.movie_id)", "Plans": [{"Node Type": "Nested Loop", "Parent Relationship": "Outer", "Parallel Aware": false, "Async Capable": false, "Join Type": "Inner", "Startup Cost": 1000.0, "Total Cost": 330268.47, "Plan Rows": 1, "Plan Width": 8, "Inner Unique": false, "Join Filter": "(mi.movie_id = mk.movie_id)", "Plans": [{"Node Type": "Nested Loop", "Parent Relationship": "Outer", "Parallel Aware": false, "Async Capable": false, "Join Type": "Inner", "Startup Cost": 1000.0, "Total Cost": 201254.15, "Plan Rows": 119, "Plan Width": 4, "Inner Unique": false, "Join Filter": "(it1.id = mi.info_type_id)", "Plans": [{"Node Type": "Seq Scan", "Parent Relationship": "Outer", "Parallel Aware": false, "Async Capable": false, "Relation Name": "info_type", "Alias": "it1", "Startup Cost": 0.0, "Total Cost": 2.41, "Plan Rows": 1, "Plan Width": 4, "Filter": "((info)::text = 'genres'::text)"}, {"Node Type": "Gather", "Parent Relationship": "Inner", "Parallel Aware": false, "Async Capable": false, "Startup Cost": 1000.0, "Total Cost": 201083.6, "Plan Rows": 13451, "Plan Width": 8, "Workers Planned": 5, "Single Copy": false, "Plans": [{"Node Type": "Seq Scan", "Parent Relationship": "Outer", "Parallel Aware": true, "Async Capable": false, "Relation Name": "movie_info", "Alias": "mi", "Startup Cost": 0.0, "Total Cost": 198738.49, "Plan Rows": 2690, "Plan Width": 8, "Filter": "((info)::text = 'Western'::text)"}]}]}, {"Node Type": "Materialize", "Parent Relationship": "Inner", "Parallel Aware": false, "Async Capable": false, "Startup Cost": 0.0, "Total Cost": 128953.72, "Plan Rows": 34, "Plan Width": 4, "Plans": [{"Node Type": "Nested Loop", "Parent Relationship": "Outer", "Parallel Aware": false, "Async Capable": false, "Join Type": "Inner", "Startup Cost": 0.0, "Total Cost": 128953.55, "Plan Rows": 34, "Plan Width": 4, "Inner Unique": false, "Join Filter": "(k.id = mk.keyword_id)", "Plans": [{"Node Type": "Seq Scan", "Parent Relationship": "Outer", "Parallel Aware": false, "Async Capable": false, "Relation Name": "keyword", "Alias": "k", "Startup Cost": 0.0, "Total Cost": 2685.12, "Plan Rows": 1, "Plan Width": 4, "Filter": "((keyword)::text = 'violence'::text)"}, {"Node Type": "Seq Scan", "Parent Relationship": "Inner", "Parallel Aware": false, "Async Capable": false, "Relation Name": "movie_keyword", "Alias": "mk", "Startup Cost": 0.0, "Total Cost": 69719.3, "Plan Rows": 4523930, "Plan Width": 8}]}]}]}, {"Node Type": "Seq Scan", "Parent Relationship": "Inner", "Parallel Aware": false, "Async Capable": false, "Relation Name": "movie_info_idx", "Alias": "mi_idx", "Startup Cost": 0.0, "Total Cost": 25218.44, "Plan Rows": 1079992, "Plan Width": 13, "Filter": "((info)::text <= '6.5'::text)"}]}, {"Node Type": "Seq Scan", "Parent Relationship": "Inner", "Parallel Aware": false, "Async Capable": false, "Relation Name": "info_type", "Alias": "it2", "Startup Cost": 0.0, "Total Cost": 2.41, "Plan Rows": 1, "Plan Width": 4, "Filter": "((info)::text = 'rating'::text)"}]}, {"Node Type": "Bitmap Heap Scan", "Parent Relationship": "Inner", "Parallel Aware": false, "Async Capable": false, "Relation Name": "title", "Alias": "t", "Startup Cost": 0.45, "Total Cost": 4.46, "Plan Rows": 1, "Plan Width": 25, "Recheck Cond": "(id = mk.movie_id)", "Filter": "(production_year >= 1906)", "Plans": [{"Node Type": "Bitmap Index Scan", "Parent Relationship": "Outer", "Parallel Aware": false, "Async Capable": false, "Index Name": "title_pkey", "Startup Cost": 0.0, "Total Cost": 0.45, "Plan Rows": 1, "Plan Width": 0, "Index Cond": "(id = mk.movie_id)"}]}]}, {"Node Type": "Seq Scan", "Parent Relationship": "Inner", "Parallel Aware": false, "Async Capable": false, "Relation Name": "kind_type", "Alias": "kt", "Startup Cost": 0.0, "Total Cost": 1.09, "Plan Rows": 1, "Plan Width": 4, "Filter": "((kind)::text = 'tv movie'::text)"}]}]}}]