[{"Plan": {"Node Type": "Aggregate", "Strategy": "Plain", "Partial Mode": "Finalize", "Parallel Aware": false, "Async Capable": false, "Startup Cost": 265630.92, "Total Cost": 265630.93, "Plan Rows": 1, "Plan Width": 32, "Plans": [{"Node Type": "Gather", "Parent Relationship": "Outer", "Parallel Aware": false, "Async Capable": false, "Startup Cost": 265630.4, "Total Cost": 265630.91, "Plan Rows": 5, "Plan Width": 32, "Workers Planned": 5, "Single Copy": false, "Plans": [{"Node Type": "Aggregate", "Strategy": "Plain", "Partial Mode": "Partial", "Parent Relationship": "Outer", "Parallel Aware": false, "Async Capable": false, "Startup Cost": 264630.4, "Total Cost": 264630.41, "Plan Rows": 1, "Plan Width": 32, "Plans": [{"Node Type": "Hash Join", "Parent Relationship": "Outer", "Parallel Aware": false, "Async Capable": false, "Join Type": "Inner", "Startup Cost": 30573.36, "Total Cost": 264593.52, "Plan Rows": 14751, "Plan Width": 17, "Inner Unique": true, "Hash Cond": "(mi.info_type_id = it.id)", "Plans": [{"Node Type": "Nested Loop", "Parent Relationship": "Outer", "Parallel Aware": false, "Async Capable": false, "Join Type": "Inner", "Startup Cost": 30569.82, "Total Cost": 264549.8, "Plan Rows": 14751, "Plan Width": 21, "Inner Unique": true, "Plans": [{"Node Type": "Hash Join", "Parent Relationship": "Outer", "Parallel Aware": true, "Async Capable": false, "Join Type": "Inner", "Startup Cost": 30569.39, "Total Cost": 241422.81, "Plan Rows": 38695, "Plan Width": 12, "Inner Unique": false, "Hash Cond": "(mi.movie_id = mc.movie_id)", "Plans": [{"Node Type": "Seq Scan", "Parent Relationship": "Outer", "Parallel Aware": true, "Async Capable": false, "Relation Name": "movie_info", "Alias": "mi", "Startup Cost": 0.03, "Total Cost": 206156.62, "Plan Rows": 243840, "Plan Width": 8, "Filter": "((info)::text = ANY ('{Action,American,Bulgaria,Crime,Denish,Denmark,Drama,English,Family,German}'::text[]))"}, {"Node Type": "Hash", "Parent Relationship": "Inner", "Parallel Aware": true, "Async Capable": false, "Startup Cost": 30121.15, "Total Cost": 30121.15, "Plan Rows": 35857, "Plan Width": 4, "Plans": [{"Node Type": "Hash Join", "Parent Relationship": "Outer", "Parallel Aware": false, "Async Capable": false, "Join Type": "Inner", "Startup Cost": 1.06, "Total Cost": 30121.15, "Plan Rows": 35857, "Plan Width": 4, "Inner Unique": true, "Hash Cond": "(mc.company_type_id = ct.id)", "Plans": [{"Node Type": "Seq Scan", "Parent Relationship": "Outer", "Parallel Aware": true, "Async Capable": false, "Relation Name": "movie_companies", "Alias": "mc", "Startup Cost": 0.0, "Total Cost": 29344.68, "Plan Rows": 143429, "Plan Width": 8, "Filter": "((note)::text ~~ '%(200%)%'::text)"}, {"Node Type": "Hash", "Parent Relationship": "Inner", "Parallel Aware": false, "Async Capable": false, "Startup Cost": 1.05, "Total Cost": 1.05, "Plan Rows": 1, "Plan Width": 4, "Plans": [{"Node Type": "Seq Scan", "Parent Relationship": "Outer", "Parallel Aware": false, "Async Capable": false, "Relation Name": "company_type", "Alias": "ct", "Startup Cost": 0.0, "Total Cost": 1.05, "Plan Rows": 1, "Plan Width": 4, "Filter": "((kind)::text = 'distributors'::text)"}]}]}]}]}, {"Node Type": "Index Scan", "Parent Relationship": "Inner", "Parallel Aware": false, "Async Capable": false, "Scan Direction": "Forward", "Index Name": "title_pkey", "Relation Name": "title", "Alias": "t", "Startup Cost": 0.43, "Total Cost": 0.6, "Plan Rows": 1, "Plan Width": 21, "Index Cond": "(id = mi.movie_id)", "Filter": "(production_year <= 1998)"}]}, {"Node Type": "Hash", "Parent Relationship": "Inner", "Parallel Aware": false, "Async Capable": false, "Startup Cost": 2.13, "Total Cost": 2.13, "Plan Rows": 113, "Plan Width": 4, "Plans": [{"Node Type": "Seq Scan", "Parent Relationship": "Outer", "Parallel Aware": false, "Async Capable": false, "Relation Name": "info_type", "Alias": "it", "Startup Cost": 0.0, "Total Cost": 2.13, "Plan Rows": 113, "Plan Width": 4}]}]}]}]}]}}, {"Plan": {"Node Type": "Aggregate", "Strategy": "Plain", "Partial Mode": "Simple", "Parallel Aware": false, "Async Capable": false, "Startup Cost": 50000572168.01, "Total Cost": 50000572168.02, "Plan Rows": 1, "Plan Width": 32, "Plans": [{"Node Type": "Hash Join", "Parent Relationship": "Outer", "Parallel Aware": false, "Async Capable": false, "Join Type": "Inner", "Startup Cost": 50000182815.46, "Total Cost": 50000571983.63, "Plan Rows": 73753, "Plan Width": 17, "Inner Unique": true, "Hash Cond": "(mi.info_type_id = it.id)", "Plans": [{"Node Type": "Hash Join", "Parent Relationship": "Outer", "Parallel Aware": false, "Async Capable": false, "Join Type": "Inner", "Startup Cost": 40000182800.21, "Total Cost": 40000571767.51, "Plan Rows": 73753, "Plan Width": 21, "Inner Unique": false, "Hash Cond": "(mi.movie_id = t.id)", "Plans": [{"Node Type": "Seq Scan", "Parent Relationship": "Outer", "Parallel Aware": false, "Async Capable": false, "Relation Name": "movie_info", "Alias": "mi", "Startup Cost": 10000000000.02, "Total Cost": 10000384190.99, "Plan Rows": 1219200, "Plan Width": 8, "Filter": "((info)::text = ANY ('{Action,American,Bulgaria,Crime,Denish,Denmark,Drama,English,Family,German}'::text[]))"}, {"Node Type": "Hash", "Parent Relationship": "Inner", "Parallel Aware": false, "Async Capable": false, "Startup Cost": 30000182270.53, "Total Cost": 30000182270.53, "Plan Rows": 42373, "Plan Width": 25, "Plans": [{"Node Type": "Hash Join", "Parent Relationship": "Outer", "Parallel Aware": false, "Async Capable": false, "Join Type": "Inner", "Startup Cost": 30000128748.95, "Total Cost": 30000182270.53, "Plan Rows": 42373, "Plan Width": 25, "Inner Unique": true, "Hash Cond": "(mc.company_type_id = ct.id)", "Plans": [{"Node Type": "Hash Join", "Parent Relationship": "Outer", "Parallel Aware": false, "Async Capable": false, "Join Type": "Inner", "Startup Cost": 20000128736.73, "Total Cost": 20000181342.0, "Plan Rows": 169491, "Plan Width": 29, "Inner Unique": true, "Hash Cond": "(mc.movie_id = t.id)", "Plans": [{"Node Type": "Seq Scan", "Parent Relationship": "Outer", "Parallel Aware": false, "Async Capable": false, "Relation Name": "movie_companies", "Alias": "mc", "Startup Cost": 10000000000.0, "Total Cost": 10000051438.11, "Plan Rows": 444630, "Plan Width": 8, "Filter": "((note)::text ~~ '%(200%)%'::text)"}, {"Node Type": "Hash", "Parent Relationship": "Inner", "Parallel Aware": false, "Async Capable": false, "Startup Cost": 10000116689.45, "Total Cost": 10000116689.45, "Plan Rows": 963783, "Plan Width": 21, "Plans": [{"Node Type": "Index Scan", "Parent Relationship": "Outer", "Parallel Aware": false, "Async Capable": false, "Scan Direction": "Forward", "Index Name": "title_pkey", "Relation Name": "title", "Alias": "t", "Startup Cost": 10000000000.43, "Total Cost": 10000116689.45, "Plan Rows": 963783, "Plan Width": 21, "Filter": "(production_year <= 1998)"}]}]}, {"Node Type": "Hash", "Parent Relationship": "Inner", "Parallel Aware": false, "Async Capable": false, "Startup Cost": 10000000012.2, "Total Cost": 10000000012.2, "Plan Rows": 1, "Plan Width": 4, "Plans": [{"Node Type": "Index Scan", "Parent Relationship": "Outer", "Parallel Aware": false, "Async Capable": false, "Scan Direction": "Forward", "Index Name": "company_type_pkey", "Relation Name": "company_type", "Alias": "ct", "Startup Cost": 10000000000.13, "Total Cost": 10000000012.2, "Plan Rows": 1, "Plan Width": 4, "Filter": "((kind)::text = 'distributors'::text)"}]}]}]}]}, {"Node Type": "Hash", "Parent Relationship": "Inner", "Parallel Aware": false, "Async Capable": false, "Startup Cost": 10000000013.84, "Total Cost": 10000000013.84, "Plan Rows": 113, "Plan Width": 4, "Plans": [{"Node Type": "Index Only Scan", "Parent Relationship": "Outer", "Parallel Aware": false, "Async Capable": false, "Scan Direction": "Forward", "Index Name": "info_type_pkey", "Relation Name": "info_type", "Alias": "it", "Startup Cost": 10000000000.14, "Total Cost": 10000000013.84, "Plan Rows": 113, "Plan Width": 4}]}]}]}}, {"Plan": {"Node Type": "Aggregate", "Strategy": "Plain", "Partial Mode": "Simple", "Parallel Aware": false, "Async Capable": false, "Startup Cost": 20000572168.01, "Total Cost": 20000572168.02, "Plan Rows": 1, "Plan Width": 32, "Plans": [{"Node Type": "Hash Join", "Parent Relationship": "Outer", "Parallel Aware": false, "Async Capable": false, "Join Type": "Inner", "Startup Cost": 20000182815.46, "Total Cost": 20000571983.63, "Plan Rows": 73753, "Plan Width": 17, "Inner Unique": true, "Hash Cond": "(mi.info_type_id = it.id)", "Plans": [{"Node Type": "Hash Join", "Parent Relationship": "Outer", "Parallel Aware": false, "Async Capable": false, "Join Type": "Inner", "Startup Cost": 20000182800.21, "Total Cost": 20000571767.51, "Plan Rows": 73753, "Plan Width": 21, "Inner Unique": false, "Hash Cond": "(mi.movie_id = t.id)", "Plans": [{"Node Type": "Seq Scan", "Parent Relationship": "Outer", "Parallel Aware": false, "Async Capable": false, "Relation Name": "movie_info", "Alias": "mi", "Startup Cost": 10000000000.02, "Total Cost": 10000384190.99, "Plan Rows": 1219200, "Plan Width": 8, "Filter": "((info)::text = ANY ('{Action,American,Bulgaria,Crime,Denish,Denmark,Drama,English,Family,German}'::text[]))"}, {"Node Type": "Hash", "Parent Relationship": "Inner", "Parallel Aware": false, "Async Capable": false, "Startup Cost": 10000182270.53, "Total Cost": 10000182270.53, "Plan Rows": 42373, "Plan Width": 25, "Plans": [{"Node Type": "Hash Join", "Parent Relationship": "Outer", "Parallel Aware": false, "Async Capable": false, "Join Type": "Inner", "Startup Cost": 10000128748.95, "Total Cost": 10000182270.53, "Plan Rows": 42373, "Plan Width": 25, "Inner Unique": true, "Hash Cond": "(mc.company_type_id = ct.id)", "Plans": [{"Node Type": "Hash Join", "Parent Relationship": "Outer", "Parallel Aware": false, "Async Capable": false, "Join Type": "Inner", "Startup Cost": 10000128736.73, "Total Cost": 10000181342.0, "Plan Rows": 169491, "Plan Width": 29, "Inner Unique": true, "Hash Cond": "(mc.movie_id = t.id)", "Plans": [{"Node Type": "Seq Scan", "Parent Relationship": "Outer", "Parallel Aware": false, "Async Capable": false, "Relation Name": "movie_companies", "Alias": "mc", "Startup Cost": 10000000000.0, "Total Cost": 10000051438.11, "Plan Rows": 444630, "Plan Width": 8, "Filter": "((note)::text ~~ '%(200%)%'::text)"}, {"Node Type": "Hash", "Parent Relationship": "Inner", "Parallel Aware": false, "Async Capable": false, "Startup Cost": 116689.45, "Total Cost": 116689.45, "Plan Rows": 963783, "Plan Width": 21, "Plans": [{"Node Type": "Index Scan", "Parent Relationship": "Outer", "Parallel Aware": false, "Async Capable": false, "Scan Direction": "Forward", "Index Name": "title_pkey", "Relation Name": "title", "Alias": "t", "Startup Cost": 0.43, "Total Cost": 116689.45, "Plan Rows": 963783, "Plan Width": 21, "Filter": "(production_year <= 1998)"}]}]}, {"Node Type": "Hash", "Parent Relationship": "Inner", "Parallel Aware": false, "Async Capable": false, "Startup Cost": 12.2, "Total Cost": 12.2, "Plan Rows": 1, "Plan Width": 4, "Plans": [{"Node Type": "Index Scan", "Parent Relationship": "Outer", "Parallel Aware": false, "Async Capable": false, "Scan Direction": "Forward", "Index Name": "company_type_pkey", "Relation Name": "company_type", "Alias": "ct", "Startup Cost": 0.13, "Total Cost": 12.2, "Plan Rows": 1, "Plan Width": 4, "Filter": "((kind)::text = 'distributors'::text)"}]}]}]}]}, {"Node Type": "Hash", "Parent Relationship": "Inner", "Parallel Aware": false, "Async Capable": false, "Startup Cost": 13.84, "Total Cost": 13.84, "Plan Rows": 113, "Plan Width": 4, "Plans": [{"Node Type": "Index Only Scan", "Parent Relationship": "Outer", "Parallel Aware": false, "Async Capable": false, "Scan Direction": "Forward", "Index Name": "info_type_pkey", "Relation Name": "info_type", "Alias": "it", "Startup Cost": 0.14, "Total Cost": 13.84, "Plan Rows": 113, "Plan Width": 4}]}]}]}}, {"Plan": {"Node Type": "Aggregate", "Strategy": "Plain", "Partial Mode": "Simple", "Parallel Aware": false, "Async Capable": false, "Startup Cost": 20000573025.09, "Total Cost": 20000573025.1, "Plan Rows": 1, "Plan Width": 32, "Plans": [{"Node Type": "Hash Join", "Parent Relationship": "Outer", "Parallel Aware": false, "Async Capable": false, "Join Type": "Inner", "Startup Cost": 20000183672.54, "Total Cost": 20000572840.7, "Plan Rows": 73753, "Plan Width": 17, "Inner Unique": true, "Hash Cond": "(mi.info_type_id = it.id)", "Plans": [{"Node Type": "Hash Join", "Parent Relationship": "Outer", "Parallel Aware": false, "Async Capable": false, "Join Type": "Inner", "Startup Cost": 20000183657.29, "Total Cost": 20000572624.59, "Plan Rows": 73753, "Plan Width": 21, "Inner Unique": false, "Hash Cond": "(mi.movie_id = t.id)", "Plans": [{"Node Type": "Seq Scan", "Parent Relationship": "Outer", "Parallel Aware": false, "Async Capable": false, "Relation Name": "movie_info", "Alias": "mi", "Startup Cost": 10000000000.02, "Total Cost": 10000384190.99, "Plan Rows": 1219200, "Plan Width": 8, "Filter": "((info)::text = ANY ('{Action,American,Bulgaria,Crime,Denish,Denmark,Drama,English,Family,German}'::text[]))"}, {"Node Type": "Hash", "Parent Relationship": "Inner", "Parallel Aware": false, "Async Capable": false, "Startup Cost": 10000183127.6, "Total Cost": 10000183127.6, "Plan Rows": 42373, "Plan Width": 25, "Plans": [{"Node Type": "Merge Join", "Parent Relationship": "Outer", "Parallel Aware": false, "Async Capable": false, "Join Type": "Inner", "Startup Cost": 10000063170.84, "Total Cost": 10000183127.6, "Plan Rows": 42373, "Plan Width": 25, "Inner Unique": true, "Merge Cond": "(mc.movie_id = t.id)", "Plans": [{"Node Type": "Sort", "Parent Relationship": "Outer", "Parallel Aware": false, "Async Capable": false, "Startup Cost": 10000063170.4, "Total Cost": 10000063448.3, "Plan Rows": 111158, "Plan Width": 4, "Sort Key": ["mc.movie_id"], "Plans": [{"Node Type": "Hash Join", "Parent Relationship": "Outer", "Parallel Aware": false, "Async Capable": false, "Join Type": "Inner", "Startup Cost": 10000000012.21, "Total Cost": 10000053854.11, "Plan Rows": 111158, "Plan Width": 4, "Inner Unique": true, "Hash Cond": "(mc.company_type_id = ct.id)", "Plans": [{"Node Type": "Seq Scan", "Parent Relationship": "Outer", "Parallel Aware": false, "Async Capable": false, "Relation Name": "movie_companies", "Alias": "mc", "Startup Cost": 10000000000.0, "Total Cost": 10000051438.11, "Plan Rows": 444630, "Plan Width": 8, "Filter": "((note)::text ~~ '%(200%)%'::text)"}, {"Node Type": "Hash", "Parent Relationship": "Inner", "Parallel Aware": false, "Async Capable": false, "Startup Cost": 12.2, "Total Cost": 12.2, "Plan Rows": 1, "Plan Width": 4, "Plans": [{"Node Type": "Index Scan", "Parent Relationship": "Outer", "Parallel Aware": false, "Async Capable": false, "Scan Direction": "Forward", "Index Name": "company_type_pkey", "Relation Name": "company_type", "Alias": "ct", "Startup Cost": 0.13, "Total Cost": 12.2, "Plan Rows": 1, "Plan Width": 4, "Filter": "((kind)::text = 'distributors'::text)"}]}]}]}, {"Node Type": "Index Scan", "Parent Relationship": "Inner", "Parallel Aware": false, "Async Capable": false, "Scan Direction": "Forward", "Index Name": "title_pkey", "Relation Name": "title", "Alias": "t", "Startup Cost": 0.43, "Total Cost": 116689.45, "Plan Rows": 963783, "Plan Width": 21, "Filter": "(production_year <= 1998)"}]}]}]}, {"Node Type": "Hash", "Parent Relationship": "Inner", "Parallel Aware": false, "Async Capable": false, "Startup Cost": 13.84, "Total Cost": 13.84, "Plan Rows": 113, "Plan Width": 4, "Plans": [{"Node Type": "Index Only Scan", "Parent Relationship": "Outer", "Parallel Aware": false, "Async Capable": false, "Scan Direction": "Forward", "Index Name": "info_type_pkey", "Relation Name": "info_type", "Alias": "it", "Startup Cost": 0.14, "Total Cost": 13.84, "Plan Rows": 113, "Plan Width": 4}]}]}]}}, {"Plan": {"Node Type": "Aggregate", "Strategy": "Plain", "Partial Mode": "Finalize", "Parallel Aware": false, "Async Capable": false, "Startup Cost": 285274.82, "Total Cost": 285274.83, "Plan Rows": 1, "Plan Width": 32, "Plans": [{"Node Type": "Gather", "Parent Relationship": "Outer", "Parallel Aware": false, "Async Capable": false, "Startup Cost": 285274.29, "Total Cost": 285274.8, "Plan Rows": 5, "Plan Width": 32, "Workers Planned": 5, "Single Copy": false, "Plans": [{"Node Type": "Aggregate", "Strategy": "Plain", "Partial Mode": "Partial", "Parent Relationship": "Outer", "Parallel Aware": false, "Async Capable": false, "Startup Cost": 284274.29, "Total Cost": 284274.3, "Plan Rows": 1, "Plan Width": 32, "Plans": [{"Node Type": "Hash Join", "Parent Relationship": "Outer", "Parallel Aware": false, "Async Capable": false, "Join Type": "Inner", "Startup Cost": 77113.06, "Total Cost": 284237.42, "Plan Rows": 14751, "Plan Width": 17, "Inner Unique": true, "Hash Cond": "(mi.info_type_id = it.id)", "Plans": [{"Node Type": "Hash Join", "Parent Relationship": "Outer", "Parallel Aware": true, "Async Capable": false, "Join Type": "Inner", "Startup Cost": 77109.52, "Total Cost": 284193.7, "Plan Rows": 14751, "Plan Width": 21, "Inner Unique": false, "Hash Cond": "(mi.movie_id = t.id)", "Plans": [{"Node Type": "Seq Scan", "Parent Relationship": "Outer", "Parallel Aware": true, "Async Capable": false, "Relation Name": "movie_info", "Alias": "mi", "Startup Cost": 0.03, "Total Cost": 206156.62, "Plan Rows": 243840, "Plan Width": 8, "Filter": "((info)::text = ANY ('{Action,American,Bulgaria,Crime,Denish,Denmark,Drama,English,Family,German}'::text[]))"}, {"Node Type": "Hash", "Parent Relationship": "Inner", "Parallel Aware": true, "Async Capable": false, "Startup Cost": 76938.63, "Total Cost": 76938.63, "Plan Rows": 13669, "Plan Width": 25, "Plans": [{"Node Type": "Hash Join", "Parent Relationship": "Outer", "Parallel Aware": false, "Async Capable": false, "Join Type": "Inner", "Startup Cost": 46921.86, "Total Cost": 76938.63, "Plan Rows": 13669, "Plan Width": 25, "Inner Unique": true, "Hash Cond": "(mc.company_type_id = ct.id)", "Plans": [{"Node Type": "Hash Join", "Parent Relationship": "Outer", "Parallel Aware": true, "Async Capable": false, "Join Type": "Inner", "Startup Cost": 46920.8, "Total Cost": 76641.98, "Plan Rows": 54675, "Plan Width": 29, "Inner Unique": true, "Hash Cond": "(mc.movie_id = t.id)", "Plans": [{"Node Type": "Seq Scan", "Parent Relationship": "Outer", "Parallel Aware": true, "Async Capable": false, "Relation Name": "movie_companies", "Alias": "mc", "Startup Cost": 0.0, "Total Cost": 29344.68, "Plan Rows": 143429, "Plan Width": 8, "Filter": "((note)::text ~~ '%(200%)%'::text)"}, {"Node Type": "Hash", "Parent Relationship": "Inner", "Parallel Aware": true, "Async Capable": false, "Startup Cost": 43908.97, "Total Cost": 43908.97, "Plan Rows": 240946, "Plan Width": 21, "Plans": [{"Node Type": "Seq Scan", "Parent Relationship": "Outer", "Parallel Aware": true, "Async Capable": false, "Relation Name": "title", "Alias": "t", "Startup Cost": 0.0, "Total Cost": 43908.97, "Plan Rows": 240946, "Plan Width": 21, "Filter": "(production_year <= 1998)"}]}]}, {"Node Type": "Hash", "Parent Relationship": "Inner", "Parallel Aware": false, "Async Capable": false, "Startup Cost": 1.05, "Total Cost": 1.05, "Plan Rows": 1, "Plan Width": 4, "Plans": [{"Node Type": "Seq Scan", "Parent Relationship": "Outer", "Parallel Aware": false, "Async Capable": false, "Relation Name": "company_type", "Alias": "ct", "Startup Cost": 0.0, "Total Cost": 1.05, "Plan Rows": 1, "Plan Width": 4, "Filter": "((kind)::text = 'distributors'::text)"}]}]}]}]}, {"Node Type": "Hash", "Parent Relationship": "Inner", "Parallel Aware": false, "Async Capable": false, "Startup Cost": 2.13, "Total Cost": 2.13, "Plan Rows": 113, "Plan Width": 4, "Plans": [{"Node Type": "Seq Scan", "Parent Relationship": "Outer", "Parallel Aware": false, "Async Capable": false, "Relation Name": "info_type", "Alias": "it", "Startup Cost": 0.0, "Total Cost": 2.13, "Plan Rows": 113, "Plan Width": 4}]}]}]}]}]}}, {"Plan": {"Node Type": "Aggregate", "Strategy": "Plain", "Partial Mode": "Simple", "Parallel Aware": false, "Async Capable": false, "Startup Cost": 20000538783.9, "Total Cost": 20000538783.91, "Plan Rows": 1, "Plan Width": 32, "Plans": [{"Node Type": "Hash Join", "Parent Relationship": "Outer", "Parallel Aware": false, "Async Capable": false, "Join Type": "Inner", "Startup Cost": 20000149431.35, "Total Cost": 20000538599.52, "Plan Rows": 73753, "Plan Width": 17, "Inner Unique": true, "Hash Cond": "(mi.info_type_id = it.id)", "Plans": [{"Node Type": "Hash Join", "Parent Relationship": "Outer", "Parallel Aware": false, "Async Capable": false, "Join Type": "Inner", "Startup Cost": 20000149416.1, "Total Cost": 20000538383.4, "Plan Rows": 73753, "Plan Width": 21, "Inner Unique": false, "Hash Cond": "(mi.movie_id = t.id)", "Plans": [{"Node Type": "Seq Scan", "Parent Relationship": "Outer", "Parallel Aware": false, "Async Capable": false, "Relation Name": "movie_info", "Alias": "mi", "Startup Cost": 10000000000.02, "Total Cost": 10000384190.99, "Plan Rows": 1219200, "Plan Width": 8, "Filter": "((info)::text = ANY ('{Action,American,Bulgaria,Crime,Denish,Denmark,Drama,English,Family,German}'::text[]))"}, {"Node Type": "Hash", "Parent Relationship": "Inner", "Parallel Aware": false, "Async Capable": false, "Startup Cost": 10000148886.41, "Total Cost": 10000148886.41, "Plan Rows": 42373, "Plan Width": 25, "Plans": [{"Node Type": "Nested Loop", "Parent Relationship": "Outer", "Parallel Aware": false, "Async Capable": false, "Join Type": "Inner", "Startup Cost": 10000000012.64, "Total Cost": 10000148886.41, "Plan Rows": 42373, "Plan Width": 25, "Inner Unique": true, "Plans": [{"Node Type": "Hash Join", "Parent Relationship": "Outer", "Parallel Aware": false, "Async Capable": false, "Join Type": "Inner", "Startup Cost": 10000000012.21, "Total Cost": 10000053854.11, "Plan Rows": 111158, "Plan Width": 4, "Inner Unique": true, "Hash Cond": "(mc.company_type_id = ct.id)", "Plans": [{"Node Type": "Seq Scan", "Parent Relationship": "Outer", "Parallel Aware": false, "Async Capable": false, "Relation Name": "movie_companies", "Alias": "mc", "Startup Cost": 10000000000.0, "Total Cost": 10000051438.11, "Plan Rows": 444630, "Plan Width": 8, "Filter": "((note)::text ~~ '%(200%)%'::text)"}, {"Node Type": "Hash", "Parent Relationship": "Inner", "Parallel Aware": false, "Async Capable": false, "Startup Cost": 12.2, "Total Cost": 12.2, "Plan Rows": 1, "Plan Width": 4, "Plans": [{"Node Type": "Index Scan", "Parent Relationship": "Outer", "Parallel Aware": false, "Async Capable": false, "Scan Direction": "Forward", "Index Name": "company_type_pkey", "Relation Name": "company_type", "Alias": "ct", "Startup Cost": 0.13, "Total Cost": 12.2, "Plan Rows": 1, "Plan Width": 4, "Filter": "((kind)::text = 'distributors'::text)"}]}]}, {"Node Type": "Index Scan", "Parent Relationship": "Inner", "Parallel Aware": false, "Async Capable": false, "Scan Direction": "Forward", "Index Name": "title_pkey", "Relation Name": "title", "Alias": "t", "Startup Cost": 0.43, "Total Cost": 0.85, "Plan Rows": 1, "Plan Width": 21, "Index Cond": "(id = mc.movie_id)", "Filter": "(production_year <= 1998)"}]}]}]}, {"Node Type": "Hash", "Parent Relationship": "Inner", "Parallel Aware": false, "Async Capable": false, "Startup Cost": 13.84, "Total Cost": 13.84, "Plan Rows": 113, "Plan Width": 4, "Plans": [{"Node Type": "Index Only Scan", "Parent Relationship": "Outer", "Parallel Aware": false, "Async Capable": false, "Scan Direction": "Forward", "Index Name": "info_type_pkey", "Relation Name": "info_type", "Alias": "it", "Startup Cost": 0.14, "Total Cost": 13.84, "Plan Rows": 113, "Plan Width": 4}]}]}]}}, {"Plan": {"Node Type": "Aggregate", "Strategy": "Plain", "Partial Mode": "Simple", "Parallel Aware": false, "Async Capable": false, "Startup Cost": 50000573025.09, "Total Cost": 50000573025.1, "Plan Rows": 1, "Plan Width": 32, "Plans": [{"Node Type": "Hash Join", "Parent Relationship": "Outer", "Parallel Aware": false, "Async Capable": false, "Join Type": "Inner", "Startup Cost": 50000183672.54, "Total Cost": 50000572840.7, "Plan Rows": 73753, "Plan Width": 17, "Inner Unique": true, "Hash Cond": "(mi.info_type_id = it.id)", "Plans": [{"Node Type": "Hash Join", "Parent Relationship": "Outer", "Parallel Aware": false, "Async Capable": false, "Join Type": "Inner", "Startup Cost": 40000183657.29, "Total Cost": 40000572624.59, "Plan Rows": 73753, "Plan Width": 21, "Inner Unique": false, "Hash Cond": "(mi.movie_id = t.id)", "Plans": [{"Node Type": "Seq Scan", "Parent Relationship": "Outer", "Parallel Aware": false, "Async Capable": false, "Relation Name": "movie_info", "Alias": "mi", "Startup Cost": 10000000000.02, "Total Cost": 10000384190.99, "Plan Rows": 1219200, "Plan Width": 8, "Filter": "((info)::text = ANY ('{Action,American,Bulgaria,Crime,Denish,Denmark,Drama,English,Family,German}'::text[]))"}, {"Node Type": "Hash", "Parent Relationship": "Inner", "Parallel Aware": false, "Async Capable": false, "Startup Cost": 30000183127.6, "Total Cost": 30000183127.6, "Plan Rows": 42373, "Plan Width": 25, "Plans": [{"Node Type": "Merge Join", "Parent Relationship": "Outer", "Parallel Aware": false, "Async Capable": false, "Join Type": "Inner", "Startup Cost": 30000063170.84, "Total Cost": 30000183127.6, "Plan Rows": 42373, "Plan Width": 25, "Inner Unique": true, "Merge Cond": "(mc.movie_id = t.id)", "Plans": [{"Node Type": "Sort", "Parent Relationship": "Outer", "Parallel Aware": false, "Async Capable": false, "Startup Cost": 20000063170.4, "Total Cost": 20000063448.3, "Plan Rows": 111158, "Plan Width": 4, "Sort Key": ["mc.movie_id"], "Plans": [{"Node Type": "Hash Join", "Parent Relationship": "Outer", "Parallel Aware": false, "Async Capable": false, "Join Type": "Inner", "Startup Cost": 20000000012.21, "Total Cost": 20000053854.11, "Plan Rows": 111158, "Plan Width": 4, "Inner Unique": true, "Hash Cond": "(mc.company_type_id = ct.id)", "Plans": [{"Node Type": "Seq Scan", "Parent Relationship": "Outer", "Parallel Aware": false, "Async Capable": false, "Relation Name": "movie_companies", "Alias": "mc", "Startup Cost": 10000000000.0, "Total Cost": 10000051438.11, "Plan Rows": 444630, "Plan Width": 8, "Filter": "((note)::text ~~ '%(200%)%'::text)"}, {"Node Type": "Hash", "Parent Relationship": "Inner", "Parallel Aware": false, "Async Capable": false, "Startup Cost": 10000000012.2, "Total Cost": 10000000012.2, "Plan Rows": 1, "Plan Width": 4, "Plans": [{"Node Type": "Index Scan", "Parent Relationship": "Outer", "Parallel Aware": false, "Async Capable": false, "Scan Direction": "Forward", "Index Name": "company_type_pkey", "Relation Name": "company_type", "Alias": "ct", "Startup Cost": 10000000000.13, "Total Cost": 10000000012.2, "Plan Rows": 1, "Plan Width": 4, "Filter": "((kind)::text = 'distributors'::text)"}]}]}]}, {"Node Type": "Index Scan", "Parent Relationship": "Inner", "Parallel Aware": false, "Async Capable": false, "Scan Direction": "Forward", "Index Name": "title_pkey", "Relation Name": "title", "Alias": "t", "Startup Cost": 10000000000.43, "Total Cost": 10000116689.45, "Plan Rows": 963783, "Plan Width": 21, "Filter": "(production_year <= 1998)"}]}]}]}, {"Node Type": "Hash", "Parent Relationship": "Inner", "Parallel Aware": false, "Async Capable": false, "Startup Cost": 10000000013.84, "Total Cost": 10000000013.84, "Plan Rows": 113, "Plan Width": 4, "Plans": [{"Node Type": "Index Only Scan", "Parent Relationship": "Outer", "Parallel Aware": false, "Async Capable": false, "Scan Direction": "Forward", "Index Name": "info_type_pkey", "Relation Name": "info_type", "Alias": "it", "Startup Cost": 10000000000.14, "Total Cost": 10000000013.84, "Plan Rows": 113, "Plan Width": 4}]}]}]}}, {"Plan": {"Node Type": "Aggregate", "Strategy": "Plain", "Partial Mode": "Simple", "Parallel Aware": false, "Async Capable": false, "Startup Cost": 20000958340.94, "Total Cost": 20000958340.95, "Plan Rows": 1, "Plan Width": 32, "Plans": [{"Node Type": "Nested Loop", "Parent Relationship": "Outer", "Parallel Aware": false, "Async Capable": false, "Join Type": "Inner", "Startup Cost": 20000567057.99, "Total Cost": 20000958156.56, "Plan Rows": 73753, "Plan Width": 17, "Inner Unique": true, "Plans": [{"Node Type": "Hash Join", "Parent Relationship": "Outer", "Parallel Aware": false, "Async Capable": false, "Join Type": "Inner", "Startup Cost": 20000567057.83, "Total Cost": 20000956025.13, "Plan Rows": 73753, "Plan Width": 21, "Inner Unique": false, "Hash Cond": "(mi.movie_id = t.id)", "Plans": [{"Node Type": "Seq Scan", "Parent Relationship": "Outer", "Parallel Aware": false, "Async Capable": false, "Relation Name": "movie_info", "Alias": "mi", "Startup Cost": 10000000000.02, "Total Cost": 10000384190.99, "Plan Rows": 1219200, "Plan Width": 8, "Filter": "((info)::text = ANY ('{Action,American,Bulgaria,Crime,Denish,Denmark,Drama,English,Family,German}'::text[]))"}, {"Node Type": "Hash", "Parent Relationship": "Inner", "Parallel Aware": false, "Async Capable": false, "Startup Cost": 10000566528.14, "Total Cost": 10000566528.14, "Plan Rows": 42373, "Plan Width": 25, "Plans": [{"Node Type": "Nested Loop", "Parent Relationship": "Outer", "Parallel Aware": false, "Async Capable": false, "Join Type": "Inner", "Startup Cost": 10000000000.67, "Total Cost": 10000566528.14, "Plan Rows": 42373, "Plan Width": 25, "Inner Unique": true, "Plans": [{"Node Type": "Nested Loop", "Parent Relationship": "Outer", "Parallel Aware": false, "Async Capable": false, "Join Type": "Inner", "Startup Cost": 10000000000.15, "Total Cost": 10000062566.32, "Plan Rows": 111158, "Plan Width": 4, "Inner Unique": true, "Plans": [{"Node Type": "Seq Scan", "Parent Relationship": "Outer", "Parallel Aware": false, "Async Capable": false, "Relation Name": "movie_companies", "Alias": "mc", "Startup Cost": 10000000000.0, "Total Cost": 10000051438.11, "Plan Rows": 444630, "Plan Width": 8, "Filter": "((note)::text ~~ '%(200%)%'::text)"}, {"Node Type": "Memoize", "Parent Relationship": "Inner", "Parallel Aware": false, "Async Capable": false, "Startup Cost": 0.15, "Total Cost": 4.16, "Plan Rows": 1, "Plan Width": 4, "Cache Key": "mc.company_type_id", "Cache Mode": "logical", "Plans": [{"Node Type": "Bitmap Heap Scan", "Parent Relationship": "Outer", "Parallel Aware": false, "Async Capable": false, "Relation Name": "company_type", "Alias": "ct", "Startup Cost": 0.14, "Total Cost": 4.15, "Plan Rows": 1, "Plan Width": 4, "Recheck Cond": "(id = mc.company_type_id)", "Filter": "((kind)::text = 'distributors'::text)", "Plans": [{"Node Type": "Bitmap Index Scan", "Parent Relationship": "Outer", "Parallel Aware": false, "Async Capable": false, "Index Name": "company_type_pkey", "Startup Cost": 0.0, "Total Cost": 0.14, "Plan Rows": 1, "Plan Width": 0, "Index Cond": "(id = mc.company_type_id)"}]}]}]}, {"Node Type": "Bitmap Heap Scan", "Parent Relationship": "Inner", "Parallel Aware": false, "Async Capable": false, "Relation Name": "title", "Alias": "t", "Startup Cost": 0.52, "Total Cost": 4.53, "Plan Rows": 1, "Plan Width": 21, "Recheck Cond": "(id = mc.movie_id)", "Filter": "(production_year <= 1998)", "Plans": [{"Node Type": "Bitmap Index Scan", "Parent Relationship": "Outer", "Parallel Aware": false, "Async Capable": false, "Index Name": "title_pkey", "Startup Cost": 0.0, "Total Cost": 0.52, "Plan Rows": 1, "Plan Width": 0, "Index Cond": "(id = mc.movie_id)"}]}]}]}]}, {"Node Type": "Memoize", "Parent Relationship": "Inner", "Parallel Aware": false, "Async Capable": false, "Startup Cost": 0.16, "Total Cost": 4.17, "Plan Rows": 1, "Plan Width": 4, "Cache Key": "mi.info_type_id", "Cache Mode": "logical", "Plans": [{"Node Type": "Bitmap Heap Scan", "Parent Relationship": "Outer", "Parallel Aware": false, "Async Capable": false, "Relation Name": "info_type", "Alias": "it", "Startup Cost": 0.15, "Total Cost": 4.16, "Plan Rows": 1, "Plan Width": 4, "Recheck Cond": "(id = mi.info_type_id)", "Plans": [{"Node Type": "Bitmap Index Scan", "Parent Relationship": "Outer", "Parallel Aware": false, "Async Capable": false, "Index Name": "info_type_pkey", "Startup Cost": 0.0, "Total Cost": 0.15, "Plan Rows": 1, "Plan Width": 0, "Index Cond": "(id = mi.info_type_id)"}]}]}]}]}}, {"Plan": {"Node Type": "Aggregate", "Strategy": "Plain", "Partial Mode": "Simple", "Parallel Aware": false, "Async Capable": false, "Startup Cost": 20000572168.01, "Total Cost": 20000572168.02, "Plan Rows": 1, "Plan Width": 32, "Plans": [{"Node Type": "Hash Join", "Parent Relationship": "Outer", "Parallel Aware": false, "Async Capable": false, "Join Type": "Inner", "Startup Cost": 20000182815.46, "Total Cost": 20000571983.63, "Plan Rows": 73753, "Plan Width": 17, "Inner Unique": true, "Hash Cond": "(mi.info_type_id = it.id)", "Plans": [{"Node Type": "Hash Join", "Parent Relationship": "Outer", "Parallel Aware": false, "Async Capable": false, "Join Type": "Inner", "Startup Cost": 20000182800.21, "Total Cost": 20000571767.51, "Plan Rows": 73753, "Plan Width": 21, "Inner Unique": false, "Hash Cond": "(mi.movie_id = t.id)", "Plans": [{"Node Type": "Seq Scan", "Parent Relationship": "Outer", "Parallel Aware": false, "Async Capable": false, "Relation Name": "movie_info", "Alias": "mi", "Startup Cost": 10000000000.02, "Total Cost": 10000384190.99, "Plan Rows": 1219200, "Plan Width": 8, "Filter": "((info)::text = ANY ('{Action,American,Bulgaria,Crime,Denish,Denmark,Drama,English,Family,German}'::text[]))"}, {"Node Type": "Hash", "Parent Relationship": "Inner", "Parallel Aware": false, "Async Capable": false, "Startup Cost": 10000182270.53, "Total Cost": 10000182270.53, "Plan Rows": 42373, "Plan Width": 25, "Plans": [{"Node Type": "Hash Join", "Parent Relationship": "Outer", "Parallel Aware": false, "Async Capable": false, "Join Type": "Inner", "Startup Cost": 10000128748.95, "Total Cost": 10000182270.53, "Plan Rows": 42373, "Plan Width": 25, "Inner Unique": true, "Hash Cond": "(mc.company_type_id = ct.id)", "Plans": [{"Node Type": "Hash Join", "Parent Relationship": "Outer", "Parallel Aware": false, "Async Capable": false, "Join Type": "Inner", "Startup Cost": 10000128736.73, "Total Cost": 10000181342.0, "Plan Rows": 169491, "Plan Width": 29, "Inner Unique": true, "Hash Cond": "(mc.movie_id = t.id)", "Plans": [{"Node Type": "Seq Scan", "Parent Relationship": "Outer", "Parallel Aware": false, "Async Capable": false, "Relation Name": "movie_companies", "Alias": "mc", "Startup Cost": 10000000000.0, "Total Cost": 10000051438.11, "Plan Rows": 444630, "Plan Width": 8, "Filter": "((note)::text ~~ '%(200%)%'::text)"}, {"Node Type": "Hash", "Parent Relationship": "Inner", "Parallel Aware": false, "Async Capable": false, "Startup Cost": 116689.45, "Total Cost": 116689.45, "Plan Rows": 963783, "Plan Width": 21, "Plans": [{"Node Type": "Index Scan", "Parent Relationship": "Outer", "Parallel Aware": false, "Async Capable": false, "Scan Direction": "Forward", "Index Name": "title_pkey", "Relation Name": "title", "Alias": "t", "Startup Cost": 0.43, "Total Cost": 116689.45, "Plan Rows": 963783, "Plan Width": 21, "Filter": "(production_year <= 1998)"}]}]}, {"Node Type": "Hash", "Parent Relationship": "Inner", "Parallel Aware": false, "Async Capable": false, "Startup Cost": 12.2, "Total Cost": 12.2, "Plan Rows": 1, "Plan Width": 4, "Plans": [{"Node Type": "Index Scan", "Parent Relationship": "Outer", "Parallel Aware": false, "Async Capable": false, "Scan Direction": "Forward", "Index Name": "company_type_pkey", "Relation Name": "company_type", "Alias": "ct", "Startup Cost": 0.13, "Total Cost": 12.2, "Plan Rows": 1, "Plan Width": 4, "Filter": "((kind)::text = 'distributors'::text)"}]}]}]}]}, {"Node Type": "Hash", "Parent Relationship": "Inner", "Parallel Aware": false, "Async Capable": false, "Startup Cost": 13.84, "Total Cost": 13.84, "Plan Rows": 113, "Plan Width": 4, "Plans": [{"Node Type": "Index Scan", "Parent Relationship": "Outer", "Parallel Aware": false, "Async Capable": false, "Scan Direction": "Forward", "Index Name": "info_type_pkey", "Relation Name": "info_type", "Alias": "it", "Startup Cost": 0.14, "Total Cost": 13.84, "Plan Rows": 113, "Plan Width": 4}]}]}]}}, {"Plan": {"Node Type": "Aggregate", "Strategy": "Plain", "Partial Mode": "Simple", "Parallel Aware": false, "Async Capable": false, "Startup Cost": 20000573025.09, "Total Cost": 20000573025.1, "Plan Rows": 1, "Plan Width": 32, "Plans": [{"Node Type": "Hash Join", "Parent Relationship": "Outer", "Parallel Aware": false, "Async Capable": false, "Join Type": "Inner", "Startup Cost": 20000183672.54, "Total Cost": 20000572840.7, "Plan Rows": 73753, "Plan Width": 17, "Inner Unique": true, "Hash Cond": "(mi.info_type_id = it.id)", "Plans": [{"Node Type": "Hash Join", "Parent Relationship": "Outer", "Parallel Aware": false, "Async Capable": false, "Join Type": "Inner", "Startup Cost": 20000183657.29, "Total Cost": 20000572624.59, "Plan Rows": 73753, "Plan Width": 21, "Inner Unique": false, "Hash Cond": "(mi.movie_id = t.id)", "Plans": [{"Node Type": "Seq Scan", "Parent Relationship": "Outer", "Parallel Aware": false, "Async Capable": false, "Relation Name": "movie_info", "Alias": "mi", "Startup Cost": 10000000000.02, "Total Cost": 10000384190.99, "Plan Rows": 1219200, "Plan Width": 8, "Filter": "((info)::text = ANY ('{Action,American,Bulgaria,Crime,Denish,Denmark,Drama,English,Family,German}'::text[]))"}, {"Node Type": "Hash", "Parent Relationship": "Inner", "Parallel Aware": false, "Async Capable": false, "Startup Cost": 10000183127.6, "Total Cost": 10000183127.6, "Plan Rows": 42373, "Plan Width": 25, "Plans": [{"Node Type": "Merge Join", "Parent Relationship": "Outer", "Parallel Aware": false, "Async Capable": false, "Join Type": "Inner", "Startup Cost": 10000063170.84, "Total Cost": 10000183127.6, "Plan Rows": 42373, "Plan Width": 25, "Inner Unique": true, "Merge Cond": "(mc.movie_id = t.id)", "Plans": [{"Node Type": "Sort", "Parent Relationship": "Outer", "Parallel Aware": false, "Async Capable": false, "Startup Cost": 10000063170.4, "Total Cost": 10000063448.3, "Plan Rows": 111158, "Plan Width": 4, "Sort Key": ["mc.movie_id"], "Plans": [{"Node Type": "Hash Join", "Parent Relationship": "Outer", "Parallel Aware": false, "Async Capable": false, "Join Type": "Inner", "Startup Cost": 10000000012.21, "Total Cost": 10000053854.11, "Plan Rows": 111158, "Plan Width": 4, "Inner Unique": true, "Hash Cond": "(mc.company_type_id = ct.id)", "Plans": [{"Node Type": "Seq Scan", "Parent Relationship": "Outer", "Parallel Aware": false, "Async Capable": false, "Relation Name": "movie_companies", "Alias": "mc", "Startup Cost": 10000000000.0, "Total Cost": 10000051438.11, "Plan Rows": 444630, "Plan Width": 8, "Filter": "((note)::text ~~ '%(200%)%'::text)"}, {"Node Type": "Hash", "Parent Relationship": "Inner", "Parallel Aware": false, "Async Capable": false, "Startup Cost": 12.2, "Total Cost": 12.2, "Plan Rows": 1, "Plan Width": 4, "Plans": [{"Node Type": "Index Scan", "Parent Relationship": "Outer", "Parallel Aware": false, "Async Capable": false, "Scan Direction": "Forward", "Index Name": "company_type_pkey", "Relation Name": "company_type", "Alias": "ct", "Startup Cost": 0.13, "Total Cost": 12.2, "Plan Rows": 1, "Plan Width": 4, "Filter": "((kind)::text = 'distributors'::text)"}]}]}]}, {"Node Type": "Index Scan", "Parent Relationship": "Inner", "Parallel Aware": false, "Async Capable": false, "Scan Direction": "Forward", "Index Name": "title_pkey", "Relation Name": "title", "Alias": "t", "Startup Cost": 0.43, "Total Cost": 116689.45, "Plan Rows": 963783, "Plan Width": 21, "Filter": "(production_year <= 1998)"}]}]}]}, {"Node Type": "Hash", "Parent Relationship": "Inner", "Parallel Aware": false, "Async Capable": false, "Startup Cost": 13.84, "Total Cost": 13.84, "Plan Rows": 113, "Plan Width": 4, "Plans": [{"Node Type": "Index Scan", "Parent Relationship": "Outer", "Parallel Aware": false, "Async Capable": false, "Scan Direction": "Forward", "Index Name": "info_type_pkey", "Relation Name": "info_type", "Alias": "it", "Startup Cost": 0.14, "Total Cost": 13.84, "Plan Rows": 113, "Plan Width": 4}]}]}]}}, {"Plan": {"Node Type": "Aggregate", "Strategy": "Plain", "Partial Mode": "Simple", "Parallel Aware": false, "Async Capable": false, "Startup Cost": 20000538783.9, "Total Cost": 20000538783.91, "Plan Rows": 1, "Plan Width": 32, "Plans": [{"Node Type": "Hash Join", "Parent Relationship": "Outer", "Parallel Aware": false, "Async Capable": false, "Join Type": "Inner", "Startup Cost": 20000149431.35, "Total Cost": 20000538599.52, "Plan Rows": 73753, "Plan Width": 17, "Inner Unique": true, "Hash Cond": "(mi.info_type_id = it.id)", "Plans": [{"Node Type": "Hash Join", "Parent Relationship": "Outer", "Parallel Aware": false, "Async Capable": false, "Join Type": "Inner", "Startup Cost": 20000149416.1, "Total Cost": 20000538383.4, "Plan Rows": 73753, "Plan Width": 21, "Inner Unique": false, "Hash Cond": "(mi.movie_id = t.id)", "Plans": [{"Node Type": "Seq Scan", "Parent Relationship": "Outer", "Parallel Aware": false, "Async Capable": false, "Relation Name": "movie_info", "Alias": "mi", "Startup Cost": 10000000000.02, "Total Cost": 10000384190.99, "Plan Rows": 1219200, "Plan Width": 8, "Filter": "((info)::text = ANY ('{Action,American,Bulgaria,Crime,Denish,Denmark,Drama,English,Family,German}'::text[]))"}, {"Node Type": "Hash", "Parent Relationship": "Inner", "Parallel Aware": false, "Async Capable": false, "Startup Cost": 10000148886.41, "Total Cost": 10000148886.41, "Plan Rows": 42373, "Plan Width": 25, "Plans": [{"Node Type": "Nested Loop", "Parent Relationship": "Outer", "Parallel Aware": false, "Async Capable": false, "Join Type": "Inner", "Startup Cost": 10000000012.64, "Total Cost": 10000148886.41, "Plan Rows": 42373, "Plan Width": 25, "Inner Unique": true, "Plans": [{"Node Type": "Hash Join", "Parent Relationship": "Outer", "Parallel Aware": false, "Async Capable": false, "Join Type": "Inner", "Startup Cost": 10000000012.21, "Total Cost": 10000053854.11, "Plan Rows": 111158, "Plan Width": 4, "Inner Unique": true, "Hash Cond": "(mc.company_type_id = ct.id)", "Plans": [{"Node Type": "Seq Scan", "Parent Relationship": "Outer", "Parallel Aware": false, "Async Capable": false, "Relation Name": "movie_companies", "Alias": "mc", "Startup Cost": 10000000000.0, "Total Cost": 10000051438.11, "Plan Rows": 444630, "Plan Width": 8, "Filter": "((note)::text ~~ '%(200%)%'::text)"}, {"Node Type": "Hash", "Parent Relationship": "Inner", "Parallel Aware": false, "Async Capable": false, "Startup Cost": 12.2, "Total Cost": 12.2, "Plan Rows": 1, "Plan Width": 4, "Plans": [{"Node Type": "Index Scan", "Parent Relationship": "Outer", "Parallel Aware": false, "Async Capable": false, "Scan Direction": "Forward", "Index Name": "company_type_pkey", "Relation Name": "company_type", "Alias": "ct", "Startup Cost": 0.13, "Total Cost": 12.2, "Plan Rows": 1, "Plan Width": 4, "Filter": "((kind)::text = 'distributors'::text)"}]}]}, {"Node Type": "Index Scan", "Parent Relationship": "Inner", "Parallel Aware": false, "Async Capable": false, "Scan Direction": "Forward", "Index Name": "title_pkey", "Relation Name": "title", "Alias": "t", "Startup Cost": 0.43, "Total Cost": 0.85, "Plan Rows": 1, "Plan Width": 21, "Index Cond": "(id = mc.movie_id)", "Filter": "(production_year <= 1998)"}]}]}]}, {"Node Type": "Hash", "Parent Relationship": "Inner", "Parallel Aware": false, "Async Capable": false, "Startup Cost": 13.84, "Total Cost": 13.84, "Plan Rows": 113, "Plan Width": 4, "Plans": [{"Node Type": "Index Scan", "Parent Relationship": "Outer", "Parallel Aware": false, "Async Capable": false, "Scan Direction": "Forward", "Index Name": "info_type_pkey", "Relation Name": "info_type", "Alias": "it", "Startup Cost": 0.14, "Total Cost": 13.84, "Plan Rows": 113, "Plan Width": 4}]}]}]}}, {"Plan": {"Node Type": "Aggregate", "Strategy": "Plain", "Partial Mode": "Simple", "Parallel Aware": false, "Async Capable": false, "Startup Cost": 20000746781.32, "Total Cost": 20000746781.33, "Plan Rows": 1, "Plan Width": 32, "Plans": [{"Node Type": "Merge Join", "Parent Relationship": "Outer", "Parallel Aware": false, "Async Capable": false, "Join Type": "Inner", "Startup Cost": 20000745477.03, "Total Cost": 20000746596.93, "Plan Rows": 73753, "Plan Width": 17, "Inner Unique": true, "Merge Cond": "(mi.info_type_id = it.id)", "Plans": [{"Node Type": "Sort", "Parent Relationship": "Outer", "Parallel Aware": false, "Async Capable": false, "Startup Cost": 20000745476.89, "Total Cost": 20000745661.27, "Plan Rows": 73753, "Plan Width": 21, "Sort Key": ["mi.info_type_id"], "Plans": [{"Node Type": "Merge Join", "Parent Relationship": "Outer", "Parallel Aware": false, "Async Capable": false, "Join Type": "Inner", "Startup Cost": 20000613250.08, "Total Cost": 20000739513.81, "Plan Rows": 73753, "Plan Width": 21, "Inner Unique": false, "Merge Cond": "(t.id = mi.movie_id)", "Plans": [{"Node Type": "Merge Join", "Parent Relationship": "Outer", "Parallel Aware": false, "Async Capable": false, "Join Type": "Inner", "Startup Cost": 10000105813.06, "Total Cost": 10000225769.82, "Plan Rows": 42373, "Plan Width": 25, "Inner Unique": true, "Merge Cond": "(mc.movie_id = t.id)", "Plans": [{"Node Type": "Sort", "Parent Relationship": "Outer", "Parallel Aware": false, "Async Capable": false, "Startup Cost": 10000105812.62, "Total Cost": 10000106090.52, "Plan Rows": 111158, "Plan Width": 4, "Sort Key": ["mc.movie_id"], "Plans": [{"Node Type": "Merge Join", "Parent Relationship": "Outer", "Parallel Aware": false, "Async Capable": false, "Join Type": "Inner", "Startup Cost": 10000093149.53, "Total Cost": 10000096496.33, "Plan Rows": 111158, "Plan Width": 4, "Inner Unique": false, "Merge Cond": "(ct.id = mc.company_type_id)", "Plans": [{"Node Type": "Index Scan", "Parent Relationship": "Outer", "Parallel Aware": false, "Async Capable": false, "Scan Direction": "Forward", "Index Name": "company_type_pkey", "Relation Name": "company_type", "Alias": "ct", "Startup Cost": 0.13, "Total Cost": 12.2, "Plan Rows": 1, "Plan Width": 4, "Filter": "((kind)::text = 'distributors'::text)"}, {"Node Type": "Sort", "Parent Relationship": "Inner", "Parallel Aware": false, "Async Capable": false, "Startup Cost": 10000093149.4, "Total Cost": 10000094260.97, "Plan Rows": 444630, "Plan Width": 8, "Sort Key": ["mc.company_type_id"], "Plans": [{"Node Type": "Seq Scan", "Parent Relationship": "Outer", "Parallel Aware": false, "Async Capable": false, "Relation Name": "movie_companies", "Alias": "mc", "Startup Cost": 10000000000.0, "Total Cost": 10000051438.11, "Plan Rows": 444630, "Plan Width": 8, "Filter": "((note)::text ~~ '%(200%)%'::text)"}]}]}]}, {"Node Type": "Index Scan", "Parent Relationship": "Inner", "Parallel Aware": false, "Async Capable": false, "Scan Direction": "Forward", "Index Name": "title_pkey", "Relation Name": "title", "Alias": "t", "Startup Cost": 0.43, "Total Cost": 116689.45, "Plan Rows": 963783, "Plan Width": 21, "Filter": "(production_year <= 1998)"}]}, {"Node Type": "Sort", "Parent Relationship": "Inner", "Parallel Aware": false, "Async Capable": false, "Startup Cost": 10000507436.9, "Total Cost": 10000510484.9, "Plan Rows": 1219200, "Plan Width": 8, "Sort Key": ["mi.movie_id"], "Plans": [{"Node Type": "Seq Scan", "Parent Relationship": "Outer", "Parallel Aware": false, "Async Capable": false, "Relation Name": "movie_info", "Alias": "mi", "Startup Cost": 10000000000.02, "Total Cost": 10000384190.99, "Plan Rows": 1219200, "Plan Width": 8, "Filter": "((info)::text = ANY ('{Action,American,Bulgaria,Crime,Denish,Denmark,Drama,English,Family,German}'::text[]))"}]}]}]}, {"Node Type": "Index Only Scan", "Parent Relationship": "Inner", "Parallel Aware": false, "Async Capable": false, "Scan Direction": "Forward", "Index Name": "info_type_pkey", "Relation Name": "info_type", "Alias": "it", "Startup Cost": 0.14, "Total Cost": 13.84, "Plan Rows": 113, "Plan Width": 4}]}]}}, {"Plan": {"Node Type": "Aggregate", "Strategy": "Plain", "Partial Mode": "Simple", "Parallel Aware": false, "Async Capable": false, "Startup Cost": 20000700012.48, "Total Cost": 20000700012.49, "Plan Rows": 1, "Plan Width": 32, "Plans": [{"Node Type": "Nested Loop", "Parent Relationship": "Outer", "Parallel Aware": false, "Async Capable": false, "Join Type": "Inner", "Startup Cost": 20000573761.97, "Total Cost": 20000699828.1, "Plan Rows": 73753, "Plan Width": 17, "Inner Unique": true, "Plans": [{"Node Type": "Nested Loop", "Parent Relationship": "Outer", "Parallel Aware": false, "Async Capable": false, "Join Type": "Inner", "Startup Cost": 20000573761.82, "Total Cost": 20000697982.4, "Plan Rows": 73753, "Plan Width": 21, "Inner Unique": true, "Plans": [{"Node Type": "Merge Join", "Parent Relationship": "Outer", "Parallel Aware": false, "Async Capable": false, "Join Type": "Inner", "Startup Cost": 20000573761.39, "Total Cost": 20000582346.25, "Plan Rows": 193477, "Plan Width": 12, "Inner Unique": false, "Merge Cond": "(mc.movie_id = mi.movie_id)", "Plans": [{"Node Type": "Sort", "Parent Relationship": "Outer", "Parallel Aware": false, "Async Capable": false, "Startup Cost": 10000066324.48, "Total Cost": 10000066602.37, "Plan Rows": 111158, "Plan Width": 4, "Sort Key": ["mc.movie_id"], "Plans": [{"Node Type": "Nested Loop", "Parent Relationship": "Outer", "Parallel Aware": false, "Async Capable": false, "Join Type": "Inner", "Startup Cost": 10000000000.13, "Total Cost": 10000057008.19, "Plan Rows": 111158, "Plan Width": 4, "Inner Unique": false, "Join Filter": "(ct.id = mc.company_type_id)", "Plans": [{"Node Type": "Index Scan", "Parent Relationship": "Outer", "Parallel Aware": false, "Async Capable": false, "Scan Direction": "Forward", "Index Name": "company_type_pkey", "Relation Name": "company_type", "Alias": "ct", "Startup Cost": 0.13, "Total Cost": 12.2, "Plan Rows": 1, "Plan Width": 4, "Filter": "((kind)::text = 'distributors'::text)"}, {"Node Type": "Seq Scan", "Parent Relationship": "Inner", "Parallel Aware": false, "Async Capable": false, "Relation Name": "movie_companies", "Alias": "mc", "Startup Cost": 10000000000.0, "Total Cost": 10000051438.11, "Plan Rows": 444630, "Plan Width": 8, "Filter": "((note)::text ~~ '%(200%)%'::text)"}]}]}, {"Node Type": "Sort", "Parent Relationship": "Inner", "Parallel Aware": false, "Async Capable": false, "Startup Cost": 10000507436.9, "Total Cost": 10000510484.9, "Plan Rows": 1219200, "Plan Width": 8, "Sort Key": ["mi.movie_id"], "Plans": [{"Node Type": "Seq Scan", "Parent Relationship": "Outer", "Parallel Aware": false, "Async Capable": false, "Relation Name": "movie_info", "Alias": "mi", "Startup Cost": 10000000000.02, "Total Cost": 10000384190.99, "Plan Rows": 1219200, "Plan Width": 8, "Filter": "((info)::text = ANY ('{Action,American,Bulgaria,Crime,Denish,Denmark,Drama,English,Family,German}'::text[]))"}]}]}, {"Node Type": "Index Scan", "Parent Relationship": "Inner", "Parallel Aware": false, "Async Capable": false, "Scan Direction": "Forward", "Index Name": "title_pkey", "Relation Name": "title", "Alias": "t", "Startup Cost": 0.43, "Total Cost": 0.6, "Plan Rows": 1, "Plan Width": 21, "Index Cond": "(id = mi.movie_id)", "Filter": "(production_year <= 1998)"}]}, {"Node Type": "Memoize", "Parent Relationship": "Inner", "Parallel Aware": false, "Async Capable": false, "Startup Cost": 0.15, "Total Cost": 0.17, "Plan Rows": 1, "Plan Width": 4, "Cache Key": "mi.info_type_id", "Cache Mode": "logical", "Plans": [{"Node Type": "Index Only Scan", "Parent Relationship": "Outer", "Parallel Aware": false, "Async Capable": false, "Scan Direction": "Forward", "Index Name": "info_type_pkey", "Relation Name": "info_type", "Alias": "it", "Startup Cost": 0.14, "Total Cost": 0.16, "Plan Rows": 1, "Plan Width": 4, "Index Cond": "(id = mi.info_type_id)"}]}]}]}}, {"Plan": {"Node Type": "Aggregate", "Strategy": "Plain", "Partial Mode": "Finalize", "Parallel Aware": false, "Async Capable": false, "Startup Cost": 320992.57, "Total Cost": 320992.58, "Plan Rows": 1, "Plan Width": 32, "Plans": [{"Node Type": "Gather", "Parent Relationship": "Outer", "Parallel Aware": false, "Async Capable": false, "Startup Cost": 320992.05, "Total Cost": 320992.56, "Plan Rows": 5, "Plan Width": 32, "Workers Planned": 5, "Single Copy": false, "Plans": [{"Node Type": "Aggregate", "Strategy": "Plain", "Partial Mode": "Partial", "Parent Relationship": "Outer", "Parallel Aware": false, "Async Capable": false, "Startup Cost": 319992.05, "Total Cost": 319992.06, "Plan Rows": 1, "Plan Width": 32, "Plans": [{"Node Type": "Nested Loop", "Parent Relationship": "Outer", "Parallel Aware": false, "Async Capable": false, "Join Type": "Inner", "Startup Cost": 294288.83, "Total Cost": 319955.17, "Plan Rows": 14751, "Plan Width": 17, "Inner Unique": true, "Plans": [{"Node Type": "Nested Loop", "Parent Relationship": "Outer", "Parallel Aware": false, "Async Capable": false, "Join Type": "Inner", "Startup Cost": 294288.67, "Total Cost": 319576.83, "Plan Rows": 14751, "Plan Width": 21, "Inner Unique": true, "Plans": [{"Node Type": "Merge Join", "Parent Relationship": "Outer", "Parallel Aware": false, "Async Capable": false, "Join Type": "Inner", "Startup Cost": 294288.24, "Total Cost": 296449.83, "Plan Rows": 38695, "Plan Width": 12, "Inner Unique": false, "Merge Cond": "(mi.movie_id = mc.movie_id)", "Plans": [{"Node Type": "Sort", "Parent Relationship": "Outer", "Parallel Aware": false, "Async Capable": false, "Startup Cost": 227974.9, "Total Cost": 228584.5, "Plan Rows": 243840, "Plan Width": 8, "Sort Key": ["mi.movie_id"], "Plans": [{"Node Type": "Seq Scan", "Parent Relationship": "Outer", "Parallel Aware": true, "Async Capable": false, "Relation Name": "movie_info", "Alias": "mi", "Startup Cost": 0.03, "Total Cost": 206156.62, "Plan Rows": 243840, "Plan Width": 8, "Filter": "((info)::text = ANY ('{Action,American,Bulgaria,Crime,Denish,Denmark,Drama,English,Family,German}'::text[]))"}]}, {"Node Type": "Sort", "Parent Relationship": "Inner", "Parallel Aware": false, "Async Capable": false, "Startup Cost": 66313.33, "Total Cost": 66591.22, "Plan Rows": 111158, "Plan Width": 4, "Sort Key": ["mc.movie_id"], "Plans": [{"Node Type": "Nested Loop", "Parent Relationship": "Outer", "Parallel Aware": false, "Async Capable": false, "Join Type": "Inner", "Startup Cost": 0.0, "Total Cost": 56997.04, "Plan Rows": 111158, "Plan Width": 4, "Inner Unique": false, "Join Filter": "(ct.id = mc.company_type_id)", "Plans": [{"Node Type": "Seq Scan", "Parent Relationship": "Outer", "Parallel Aware": false, "Async Capable": false, "Relation Name": "company_type", "Alias": "ct", "Startup Cost": 0.0, "Total Cost": 1.05, "Plan Rows": 1, "Plan Width": 4, "Filter": "((kind)::text = 'distributors'::text)"}, {"Node Type": "Seq Scan", "Parent Relationship": "Inner", "Parallel Aware": false, "Async Capable": false, "Relation Name": "movie_companies", "Alias": "mc", "Startup Cost": 0.0, "Total Cost": 51438.11, "Plan Rows": 444630, "Plan Width": 8, "Filter": "((note)::text ~~ '%(200%)%'::text)"}]}]}]}, {"Node Type": "Index Scan", "Parent Relationship": "Inner", "Parallel Aware": false, "Async Capable": false, "Scan Direction": "Forward", "Index Name": "title_pkey", "Relation Name": "title", "Alias": "t", "Startup Cost": 0.43, "Total Cost": 0.6, "Plan Rows": 1, "Plan Width": 21, "Index Cond": "(id = mi.movie_id)", "Filter": "(production_year <= 1998)"}]}, {"Node Type": "Memoize", "Parent Relationship": "Inner", "Parallel Aware": false, "Async Capable": false, "Startup Cost": 0.15, "Total Cost": 0.17, "Plan Rows": 1, "Plan Width": 4, "Cache Key": "mi.info_type_id", "Cache Mode": "logical", "Plans": [{"Node Type": "Index Only Scan", "Parent Relationship": "Outer", "Parallel Aware": false, "Async Capable": false, "Scan Direction": "Forward", "Index Name": "info_type_pkey", "Relation Name": "info_type", "Alias": "it", "Startup Cost": 0.14, "Total Cost": 0.16, "Plan Rows": 1, "Plan Width": 4, "Index Cond": "(id = mi.info_type_id)"}]}]}]}]}]}}, {"Plan": {"Node Type": "Aggregate", "Strategy": "Plain", "Partial Mode": "Finalize", "Parallel Aware": false, "Async Capable": false, "Startup Cost": 453497.14, "Total Cost": 453497.15, "Plan Rows": 1, "Plan Width": 32, "Plans": [{"Node Type": "Gather", "Parent Relationship": "Outer", "Parallel Aware": false, "Async Capable": false, "Startup Cost": 453496.62, "Total Cost": 453497.13, "Plan Rows": 5, "Plan Width": 32, "Workers Planned": 5, "Single Copy": false, "Plans": [{"Node Type": "Aggregate", "Strategy": "Plain", "Partial Mode": "Partial", "Parent Relationship": "Outer", "Parallel Aware": false, "Async Capable": false, "Startup Cost": 452496.62, "Total Cost": 452496.63, "Plan Rows": 1, "Plan Width": 32, "Plans": [{"Node Type": "Merge Join", "Parent Relationship": "Outer", "Parallel Aware": false, "Async Capable": false, "Join Type": "Inner", "Startup Cost": 452237.93, "Total Cost": 452459.74, "Plan Rows": 14751, "Plan Width": 17, "Inner Unique": true, "Merge Cond": "(mi.info_type_id = it.id)", "Plans": [{"Node Type": "Sort", "Parent Relationship": "Outer", "Parallel Aware": false, "Async Capable": false, "Startup Cost": 452231.94, "Total Cost": 452268.82, "Plan Rows": 14751, "Plan Width": 21, "Sort Key": ["mi.info_type_id"], "Plans": [{"Node Type": "Merge Join", "Parent Relationship": "Outer", "Parallel Aware": false, "Async Capable": false, "Join Type": "Inner", "Startup Cost": 450768.03, "Total Cost": 451210.55, "Plan Rows": 14751, "Plan Width": 21, "Inner Unique": true, "Merge Cond": "(mc.company_type_id = ct.id)", "Plans": [{"Node Type": "Sort", "Parent Relationship": "Outer", "Parallel Aware": false, "Async Capable": false, "Startup Cost": 450766.97, "Total Cost": 450914.47, "Plan Rows": 59002, "Plan Width": 25, "Sort Key": ["mc.company_type_id"], "Plans": [{"Node Type": "Merge Join", "Parent Relationship": "Outer", "Parallel Aware": false, "Async Capable": false, "Join Type": "Inner", "Startup Cost": 321124.88, "Total Cost": 446091.51, "Plan Rows": 59002, "Plan Width": 25, "Inner Unique": true, "Merge Cond": "(mi.movie_id = t.id)", "Plans": [{"Node Type": "Merge Join", "Parent Relationship": "Outer", "Parallel Aware": false, "Async Capable": false, "Join Type": "Inner", "Startup Cost": 321124.35, "Total Cost": 326114.12, "Plan Rows": 154781, "Plan Width": 16, "Inner Unique": false, "Merge Cond": "(mi.movie_id = mc.movie_id)", "Plans": [{"Node Type": "Sort", "Parent Relationship": "Outer", "Parallel Aware": false, "Async Capable": false, "Startup Cost": 227974.9, "Total Cost": 228584.5, "Plan Rows": 243840, "Plan Width": 8, "Sort Key": ["mi.movie_id"], "Plans": [{"Node Type": "Seq Scan", "Parent Relationship": "Outer", "Parallel Aware": true, "Async Capable": false, "Relation Name": "movie_info", "Alias": "mi", "Startup Cost": 0.03, "Total Cost": 206156.62, "Plan Rows": 243840, "Plan Width": 8, "Filter": "((info)::text = ANY ('{Action,American,Bulgaria,Crime,Denish,Denmark,Drama,English,Family,German}'::text[]))"}]}, {"Node Type": "Sort", "Parent Relationship": "Inner", "Parallel Aware": false, "Async Capable": false, "Startup Cost": 93149.4, "Total Cost": 94260.97, "Plan Rows": 444630, "Plan Width": 8, "Sort Key": ["mc.movie_id"], "Plans": [{"Node Type": "Seq Scan", "Parent Relationship": "Outer", "Parallel Aware": false, "Async Capable": false, "Relation Name": "movie_companies", "Alias": "mc", "Startup Cost": 0.0, "Total Cost": 51438.11, "Plan Rows": 444630, "Plan Width": 8, "Filter": "((note)::text ~~ '%(200%)%'::text)"}]}]}, {"Node Type": "Index Scan", "Parent Relationship": "Inner", "Parallel Aware": false, "Async Capable": false, "Scan Direction": "Forward", "Index Name": "title_pkey", "Relation Name": "title", "Alias": "t", "Startup Cost": 0.43, "Total Cost": 116689.45, "Plan Rows": 963783, "Plan Width": 21, "Filter": "(production_year <= 1998)"}]}]}, {"Node Type": "Sort", "Parent Relationship": "Inner", "Parallel Aware": false, "Async Capable": false, "Startup Cost": 1.06, "Total Cost": 1.06, "Plan Rows": 1, "Plan Width": 4, "Sort Key": ["ct.id"], "Plans": [{"Node Type": "Seq Scan", "Parent Relationship": "Outer", "Parallel Aware": false, "Async Capable": false, "Relation Name": "company_type", "Alias": "ct", "Startup Cost": 0.0, "Total Cost": 1.05, "Plan Rows": 1, "Plan Width": 4, "Filter": "((kind)::text = 'distributors'::text)"}]}]}]}, {"Node Type": "Sort", "Parent Relationship": "Inner", "Parallel Aware": false, "Async Capable": false, "Startup Cost": 5.98, "Total Cost": 6.27, "Plan Rows": 113, "Plan Width": 4, "Sort Key": ["it.id"], "Plans": [{"Node Type": "Seq Scan", "Parent Relationship": "Outer", "Parallel Aware": false, "Async Capable": false, "Relation Name": "info_type", "Alias": "it", "Startup Cost": 0.0, "Total Cost": 2.13, "Plan Rows": 113, "Plan Width": 4}]}]}]}]}]}}, {"Plan": {"Node Type": "Aggregate", "Strategy": "Plain", "Partial Mode": "Simple", "Parallel Aware": false, "Async Capable": false, "Startup Cost": 20775455791.51, "Total Cost": 20775455791.52, "Plan Rows": 1, "Plan Width": 32, "Plans": [{"Node Type": "Nested Loop", "Parent Relationship": "Outer", "Parallel Aware": false, "Async Capable": false, "Join Type": "Inner", "Startup Cost": 20000000000.74, "Total Cost": 20775455607.12, "Plan Rows": 73753, "Plan Width": 17, "Inner Unique": true, "Plans": [{"Node Type": "Nested Loop", "Parent Relationship": "Outer", "Parallel Aware": false, "Async Capable": false, "Join Type": "Inner", "Startup Cost": 20000000000.58, "Total Cost": 20775453761.42, "Plan Rows": 73753, "Plan Width": 21, "Inner Unique": false, "Join Filter": "(t.id = mi.movie_id)", "Plans": [{"Node Type": "Seq Scan", "Parent Relationship": "Outer", "Parallel Aware": false, "Async Capable": false, "Relation Name": "movie_info", "Alias": "mi", "Startup Cost": 10000000000.02, "Total Cost": 10000384190.99, "Plan Rows": 1219200, "Plan Width": 8, "Filter": "((info)::text = ANY ('{Action,American,Bulgaria,Crime,Denish,Denmark,Drama,English,Family,German}'::text[]))"}, {"Node Type": "Materialize", "Parent Relationship": "Inner", "Parallel Aware": false, "Async Capable": false, "Startup Cost": 10000000000.56, "Total Cost": 10000152252.35, "Plan Rows": 42373, "Plan Width": 25, "Plans": [{"Node Type": "Nested Loop", "Parent Relationship": "Outer", "Parallel Aware": false, "Async Capable": false, "Join Type": "Inner", "Startup Cost": 10000000000.56, "Total Cost": 10000152040.49, "Plan Rows": 42373, "Plan Width": 25, "Inner Unique": true, "Plans": [{"Node Type": "Nested Loop", "Parent Relationship": "Outer", "Parallel Aware": false, "Async Capable": false, "Join Type": "Inner", "Startup Cost": 10000000000.13, "Total Cost": 10000057008.19, "Plan Rows": 111158, "Plan Width": 4, "Inner Unique": false, "Join Filter": "(ct.id = mc.company_type_id)", "Plans": [{"Node Type": "Index Scan", "Parent Relationship": "Outer", "Parallel Aware": false, "Async Capable": false, "Scan Direction": "Forward", "Index Name": "company_type_pkey", "Relation Name": "company_type", "Alias": "ct", "Startup Cost": 0.13, "Total Cost": 12.2, "Plan Rows": 1, "Plan Width": 4, "Filter": "((kind)::text = 'distributors'::text)"}, {"Node Type": "Seq Scan", "Parent Relationship": "Inner", "Parallel Aware": false, "Async Capable": false, "Relation Name": "movie_companies", "Alias": "mc", "Startup Cost": 10000000000.0, "Total Cost": 10000051438.11, "Plan Rows": 444630, "Plan Width": 8, "Filter": "((note)::text ~~ '%(200%)%'::text)"}]}, {"Node Type": "Index Scan", "Parent Relationship": "Inner", "Parallel Aware": false, "Async Capable": false, "Scan Direction": "Forward", "Index Name": "title_pkey", "Relation Name": "title", "Alias": "t", "Startup Cost": 0.43, "Total Cost": 0.85, "Plan Rows": 1, "Plan Width": 21, "Index Cond": "(id = mc.movie_id)", "Filter": "(production_year <= 1998)"}]}]}]}, {"Node Type": "Memoize", "Parent Relationship": "Inner", "Parallel Aware": false, "Async Capable": false, "Startup Cost": 0.15, "Total Cost": 0.17, "Plan Rows": 1, "Plan Width": 4, "Cache Key": "mi.info_type_id", "Cache Mode": "logical", "Plans": [{"Node Type": "Index Only Scan", "Parent Relationship": "Outer", "Parallel Aware": false, "Async Capable": false, "Scan Direction": "Forward", "Index Name": "info_type_pkey", "Relation Name": "info_type", "Alias": "it", "Startup Cost": 0.14, "Total Cost": 0.16, "Plan Rows": 1, "Plan Width": 4, "Index Cond": "(id = mi.info_type_id)"}]}]}]}}, {"Plan": {"Node Type": "Aggregate", "Strategy": "Plain", "Partial Mode": "Simple", "Parallel Aware": false, "Async Capable": false, "Startup Cost": 775372574.39, "Total Cost": 775372574.4, "Plan Rows": 1, "Plan Width": 32, "Plans": [{"Node Type": "Nested Loop", "Parent Relationship": "Outer", "Parallel Aware": false, "Async Capable": false, "Join Type": "Inner", "Startup Cost": 1000.75, "Total Cost": 775372390.01, "Plan Rows": 73753, "Plan Width": 17, "Inner Unique": true, "Plans": [{"Node Type": "Nested Loop", "Parent Relationship": "Outer", "Parallel Aware": false, "Async Capable": false, "Join Type": "Inner", "Startup Cost": 1000.6, "Total Cost": 775370544.3, "Plan Rows": 73753, "Plan Width": 21, "Inner Unique": false, "Join Filter": "(t.id = mi.movie_id)", "Plans": [{"Node Type": "Seq Scan", "Parent Relationship": "Outer", "Parallel Aware": false, "Async Capable": false, "Relation Name": "movie_info", "Alias": "mi", "Startup Cost": 0.03, "Total Cost": 384190.99, "Plan Rows": 1219200, "Plan Width": 8, "Filter": "((info)::text = ANY ('{Action,American,Bulgaria,Crime,Denish,Denmark,Drama,English,Family,German}'::text[]))"}, {"Node Type": "Materialize", "Parent Relationship": "Inner", "Parallel Aware": false, "Async Capable": false, "Startup Cost": 1000.57, "Total Cost": 69035.24, "Plan Rows": 42373, "Plan Width": 25, "Plans": [{"Node Type": "Gather", "Parent Relationship": "Outer", "Parallel Aware": false, "Async Capable": false, "Startup Cost": 1000.57, "Total Cost": 68823.37, "Plan Rows": 42373, "Plan Width": 25, "Workers Planned": 3, "Single Copy": false, "Plans": [{"Node Type": "Nested Loop", "Parent Relationship": "Outer", "Parallel Aware": false, "Async Capable": false, "Join Type": "Inner", "Startup Cost": 0.57, "Total Cost": 63586.07, "Plan Rows": 13669, "Plan Width": 25, "Inner Unique": true, "Plans": [{"Node Type": "Nested Loop", "Parent Relationship": "Outer", "Parallel Aware": false, "Async Capable": false, "Join Type": "Inner", "Startup Cost": 0.14, "Total Cost": 32930.85, "Plan Rows": 35857, "Plan Width": 4, "Inner Unique": true, "Plans": [{"Node Type": "Seq Scan", "Parent Relationship": "Outer", "Parallel Aware": true, "Async Capable": false, "Relation Name": "movie_companies", "Alias": "mc", "Startup Cost": 0.0, "Total Cost": 29344.68, "Plan Rows": 143429, "Plan Width": 8, "Filter": "((note)::text ~~ '%(200%)%'::text)"}, {"Node Type": "Memoize", "Parent Relationship": "Inner", "Parallel Aware": false, "Async Capable": false, "Startup Cost": 0.14, "Total Cost": 0.16, "Plan Rows": 1, "Plan Width": 4, "Cache Key": "mc.company_type_id", "Cache Mode": "logical", "Plans": [{"Node Type": "Index Scan", "Parent Relationship": "Outer", "Parallel Aware": false, "Async Capable": false, "Scan Direction": "Forward", "Index Name": "company_type_pkey", "Relation Name": "company_type", "Alias": "ct", "Startup Cost": 0.13, "Total Cost": 0.15, "Plan Rows": 1, "Plan Width": 4, "Index Cond": "(id = mc.company_type_id)", "Filter": "((kind)::text = 'distributors'::text)"}]}]}, {"Node Type": "Index Scan", "Parent Relationship": "Inner", "Parallel Aware": false, "Async Capable": false, "Scan Direction": "Forward", "Index Name": "title_pkey", "Relation Name": "title", "Alias": "t", "Startup Cost": 0.43, "Total Cost": 0.85, "Plan Rows": 1, "Plan Width": 21, "Index Cond": "(id = mc.movie_id)", "Filter": "(production_year <= 1998)"}]}]}]}]}, {"Node Type": "Memoize", "Parent Relationship": "Inner", "Parallel Aware": false, "Async Capable": false, "Startup Cost": 0.15, "Total Cost": 0.17, "Plan Rows": 1, "Plan Width": 4, "Cache Key": "mi.info_type_id", "Cache Mode": "logical", "Plans": [{"Node Type": "Index Only Scan", "Parent Relationship": "Outer", "Parallel Aware": false, "Async Capable": false, "Scan Direction": "Forward", "Index Name": "info_type_pkey", "Relation Name": "info_type", "Alias": "it", "Startup Cost": 0.14, "Total Cost": 0.16, "Plan Rows": 1, "Plan Width": 4, "Index Cond": "(id = mi.info_type_id)"}]}]}]}}, {"Plan": {"Node Type": "Aggregate", "Strategy": "Plain", "Partial Mode": "Simple", "Parallel Aware": false, "Async Capable": false, "Startup Cost": 50000707899.61, "Total Cost": 50000707899.62, "Plan Rows": 1, "Plan Width": 32, "Plans": [{"Node Type": "Nested Loop", "Parent Relationship": "Outer", "Parallel Aware": false, "Async Capable": false, "Join Type": "Inner", "Startup Cost": 50000579320.22, "Total Cost": 50000707715.22, "Plan Rows": 73753, "Plan Width": 17, "Inner Unique": true, "Plans": [{"Node Type": "Merge Join", "Parent Relationship": "Outer", "Parallel Aware": false, "Async Capable": false, "Join Type": "Inner", "Startup Cost": 40000579320.06, "Total Cost": 40000705583.79, "Plan Rows": 73753, "Plan Width": 21, "Inner Unique": false, "Merge Cond": "(t.id = mi.movie_id)", "Plans": [{"Node Type": "Merge Join", "Parent Relationship": "Outer", "Parallel Aware": false, "Async Capable": false, "Join Type": "Inner", "Startup Cost": 30000071883.05, "Total Cost": 30000191839.8, "Plan Rows": 42373, "Plan Width": 25, "Inner Unique": true, "Merge Cond": "(mc.movie_id = t.id)", "Plans": [{"Node Type": "Sort", "Parent Relationship": "Outer", "Parallel Aware": false, "Async Capable": false, "Startup Cost": 20000071882.61, "Total Cost": 20000072160.5, "Plan Rows": 111158, "Plan Width": 4, "Sort Key": ["mc.movie_id"], "Plans": [{"Node Type": "Nested Loop", "Parent Relationship": "Outer", "Parallel Aware": false, "Async Capable": false, "Join Type": "Inner", "Startup Cost": 20000000000.15, "Total Cost": 20000062566.32, "Plan Rows": 111158, "Plan Width": 4, "Inner Unique": true, "Plans": [{"Node Type": "Seq Scan", "Parent Relationship": "Outer", "Parallel Aware": false, "Async Capable": false, "Relation Name": "movie_companies", "Alias": "mc", "Startup Cost": 10000000000.0, "Total Cost": 10000051438.11, "Plan Rows": 444630, "Plan Width": 8, "Filter": "((note)::text ~~ '%(200%)%'::text)"}, {"Node Type": "Memoize", "Parent Relationship": "Inner", "Parallel Aware": false, "Async Capable": false, "Startup Cost": 0.15, "Total Cost": 4.16, "Plan Rows": 1, "Plan Width": 4, "Cache Key": "mc.company_type_id", "Cache Mode": "logical", "Plans": [{"Node Type": "Bitmap Heap Scan", "Parent Relationship": "Outer", "Parallel Aware": false, "Async Capable": false, "Relation Name": "company_type", "Alias": "ct", "Startup Cost": 0.14, "Total Cost": 4.15, "Plan Rows": 1, "Plan Width": 4, "Recheck Cond": "(id = mc.company_type_id)", "Filter": "((kind)::text = 'distributors'::text)", "Plans": [{"Node Type": "Bitmap Index Scan", "Parent Relationship": "Outer", "Parallel Aware": false, "Async Capable": false, "Index Name": "company_type_pkey", "Startup Cost": 0.0, "Total Cost": 0.14, "Plan Rows": 1, "Plan Width": 0, "Index Cond": "(id = mc.company_type_id)"}]}]}]}]}, {"Node Type": "Index Scan", "Parent Relationship": "Inner", "Parallel Aware": false, "Async Capable": false, "Scan Direction": "Forward", "Index Name": "title_pkey", "Relation Name": "title", "Alias": "t", "Startup Cost": 10000000000.43, "Total Cost": 10000116689.45, "Plan Rows": 963783, "Plan Width": 21, "Filter": "(production_year <= 1998)"}]}, {"Node Type": "Sort", "Parent Relationship": "Inner", "Parallel Aware": false, "Async Capable": false, "Startup Cost": 10000507436.9, "Total Cost": 10000510484.9, "Plan Rows": 1219200, "Plan Width": 8, "Sort Key": ["mi.movie_id"], "Plans": [{"Node Type": "Seq Scan", "Parent Relationship": "Outer", "Parallel Aware": false, "Async Capable": false, "Relation Name": "movie_info", "Alias": "mi", "Startup Cost": 10000000000.02, "Total Cost": 10000384190.99, "Plan Rows": 1219200, "Plan Width": 8, "Filter": "((info)::text = ANY ('{Action,American,Bulgaria,Crime,Denish,Denmark,Drama,English,Family,German}'::text[]))"}]}]}, {"Node Type": "Memoize", "Parent Relationship": "Inner", "Parallel Aware": false, "Async Capable": false, "Startup Cost": 0.16, "Total Cost": 4.17, "Plan Rows": 1, "Plan Width": 4, "Cache Key": "mi.info_type_id", "Cache Mode": "logical", "Plans": [{"Node Type": "Bitmap Heap Scan", "Parent Relationship": "Outer", "Parallel Aware": false, "Async Capable": false, "Relation Name": "info_type", "Alias": "it", "Startup Cost": 0.15, "Total Cost": 4.16, "Plan Rows": 1, "Plan Width": 4, "Recheck Cond": "(id = mi.info_type_id)", "Plans": [{"Node Type": "Bitmap Index Scan", "Parent Relationship": "Outer", "Parallel Aware": false, "Async Capable": false, "Index Name": "info_type_pkey", "Startup Cost": 0.0, "Total Cost": 0.15, "Plan Rows": 1, "Plan Width": 0, "Index Cond": "(id = mi.info_type_id)"}]}]}]}]}}, {"Plan": {"Node Type": "Aggregate", "Strategy": "Plain", "Partial Mode": "Simple", "Parallel Aware": false, "Async Capable": false, "Startup Cost": 20001086049.42, "Total Cost": 20001086049.43, "Plan Rows": 1, "Plan Width": 32, "Plans": [{"Node Type": "Nested Loop", "Parent Relationship": "Outer", "Parallel Aware": false, "Async Capable": false, "Join Type": "Inner", "Startup Cost": 20001077221.86, "Total Cost": 20001085865.04, "Plan Rows": 73753, "Plan Width": 17, "Inner Unique": true, "Plans": [{"Node Type": "Merge Join", "Parent Relationship": "Outer", "Parallel Aware": false, "Async Capable": false, "Join Type": "Inner", "Startup Cost": 20001077221.7, "Total Cost": 20001083733.6, "Plan Rows": 73753, "Plan Width": 21, "Inner Unique": false, "Merge Cond": "(t.id = mi.movie_id)", "Plans": [{"Node Type": "Sort", "Parent Relationship": "Outer", "Parallel Aware": false, "Async Capable": false, "Startup Cost": 10000569784.69, "Total Cost": 10000569890.62, "Plan Rows": 42373, "Plan Width": 25, "Sort Key": ["mc.movie_id"], "Plans": [{"Node Type": "Nested Loop", "Parent Relationship": "Outer", "Parallel Aware": false, "Async Capable": false, "Join Type": "Inner", "Startup Cost": 10000000000.67, "Total Cost": 10000566528.14, "Plan Rows": 42373, "Plan Width": 25, "Inner Unique": true, "Plans": [{"Node Type": "Nested Loop", "Parent Relationship": "Outer", "Parallel Aware": false, "Async Capable": false, "Join Type": "Inner", "Startup Cost": 10000000000.15, "Total Cost": 10000062566.32, "Plan Rows": 111158, "Plan Width": 4, "Inner Unique": true, "Plans": [{"Node Type": "Seq Scan", "Parent Relationship": "Outer", "Parallel Aware": false, "Async Capable": false, "Relation Name": "movie_companies", "Alias": "mc", "Startup Cost": 10000000000.0, "Total Cost": 10000051438.11, "Plan Rows": 444630, "Plan Width": 8, "Filter": "((note)::text ~~ '%(200%)%'::text)"}, {"Node Type": "Memoize", "Parent Relationship": "Inner", "Parallel Aware": false, "Async Capable": false, "Startup Cost": 0.15, "Total Cost": 4.16, "Plan Rows": 1, "Plan Width": 4, "Cache Key": "mc.company_type_id", "Cache Mode": "logical", "Plans": [{"Node Type": "Bitmap Heap Scan", "Parent Relationship": "Outer", "Parallel Aware": false, "Async Capable": false, "Relation Name": "company_type", "Alias": "ct", "Startup Cost": 0.14, "Total Cost": 4.15, "Plan Rows": 1, "Plan Width": 4, "Recheck Cond": "(id = mc.company_type_id)", "Filter": "((kind)::text = 'distributors'::text)", "Plans": [{"Node Type": "Bitmap Index Scan", "Parent Relationship": "Outer", "Parallel Aware": false, "Async Capable": false, "Index Name": "company_type_pkey", "Startup Cost": 0.0, "Total Cost": 0.14, "Plan Rows": 1, "Plan Width": 0, "Index Cond": "(id = mc.company_type_id)"}]}]}]}, {"Node Type": "Bitmap Heap Scan", "Parent Relationship": "Inner", "Parallel Aware": false, "Async Capable": false, "Relation Name": "title", "Alias": "t", "Startup Cost": 0.52, "Total Cost": 4.53, "Plan Rows": 1, "Plan Width": 21, "Recheck Cond": "(id = mc.movie_id)", "Filter": "(production_year <= 1998)", "Plans": [{"Node Type": "Bitmap Index Scan", "Parent Relationship": "Outer", "Parallel Aware": false, "Async Capable": false, "Index Name": "title_pkey", "Startup Cost": 0.0, "Total Cost": 0.52, "Plan Rows": 1, "Plan Width": 0, "Index Cond": "(id = mc.movie_id)"}]}]}]}, {"Node Type": "Sort", "Parent Relationship": "Inner", "Parallel Aware": false, "Async Capable": false, "Startup Cost": 10000507436.9, "Total Cost": 10000510484.9, "Plan Rows": 1219200, "Plan Width": 8, "Sort Key": ["mi.movie_id"], "Plans": [{"Node Type": "Seq Scan", "Parent Relationship": "Outer", "Parallel Aware": false, "Async Capable": false, "Relation Name": "movie_info", "Alias": "mi", "Startup Cost": 10000000000.02, "Total Cost": 10000384190.99, "Plan Rows": 1219200, "Plan Width": 8, "Filter": "((info)::text = ANY ('{Action,American,Bulgaria,Crime,Denish,Denmark,Drama,English,Family,German}'::text[]))"}]}]}, {"Node Type": "Memoize", "Parent Relationship": "Inner", "Parallel Aware": false, "Async Capable": false, "Startup Cost": 0.16, "Total Cost": 4.17, "Plan Rows": 1, "Plan Width": 4, "Cache Key": "mi.info_type_id", "Cache Mode": "logical", "Plans": [{"Node Type": "Bitmap Heap Scan", "Parent Relationship": "Outer", "Parallel Aware": false, "Async Capable": false, "Relation Name": "info_type", "Alias": "it", "Startup Cost": 0.15, "Total Cost": 4.16, "Plan Rows": 1, "Plan Width": 4, "Recheck Cond": "(id = mi.info_type_id)", "Plans": [{"Node Type": "Bitmap Index Scan", "Parent Relationship": "Outer", "Parallel Aware": false, "Async Capable": false, "Index Name": "info_type_pkey", "Startup Cost": 0.0, "Total Cost": 0.15, "Plan Rows": 1, "Plan Width": 0, "Index Cond": "(id = mi.info_type_id)"}]}]}]}]}}, {"Plan": {"Node Type": "Aggregate", "Strategy": "Plain", "Partial Mode": "Finalize", "Parallel Aware": false, "Async Capable": false, "Startup Cost": 466614.43, "Total Cost": 466614.44, "Plan Rows": 1, "Plan Width": 32, "Plans": [{"Node Type": "Gather", "Parent Relationship": "Outer", "Parallel Aware": false, "Async Capable": false, "Startup Cost": 466613.9, "Total Cost": 466614.41, "Plan Rows": 5, "Plan Width": 32, "Workers Planned": 5, "Single Copy": false, "Plans": [{"Node Type": "Aggregate", "Strategy": "Plain", "Partial Mode": "Partial", "Parent Relationship": "Outer", "Parallel Aware": false, "Async Capable": false, "Startup Cost": 465613.9, "Total Cost": 465613.91, "Plan Rows": 1, "Plan Width": 32, "Plans": [{"Node Type": "Nested Loop", "Parent Relationship": "Outer", "Parallel Aware": false, "Async Capable": false, "Join Type": "Inner", "Startup Cost": 457692.44, "Total Cost": 465577.03, "Plan Rows": 14751, "Plan Width": 17, "Inner Unique": true, "Plans": [{"Node Type": "Merge Join", "Parent Relationship": "Outer", "Parallel Aware": false, "Async Capable": false, "Join Type": "Inner", "Startup Cost": 457692.28, "Total Cost": 464912.97, "Plan Rows": 14751, "Plan Width": 21, "Inner Unique": true, "Merge Cond": "(mi.movie_id = t.id)", "Plans": [{"Node Type": "Merge Join", "Parent Relationship": "Outer", "Parallel Aware": false, "Async Capable": false, "Join Type": "Inner", "Startup Cost": 294288.24, "Total Cost": 296449.83, "Plan Rows": 38695, "Plan Width": 12, "Inner Unique": false, "Merge Cond": "(mi.movie_id = mc.movie_id)", "Plans": [{"Node Type": "Sort", "Parent Relationship": "Outer", "Parallel Aware": false, "Async Capable": false, "Startup Cost": 227974.9, "Total Cost": 228584.5, "Plan Rows": 243840, "Plan Width": 8, "Sort Key": ["mi.movie_id"], "Plans": [{"Node Type": "Seq Scan", "Parent Relationship": "Outer", "Parallel Aware": true, "Async Capable": false, "Relation Name": "movie_info", "Alias": "mi", "Startup Cost": 0.03, "Total Cost": 206156.62, "Plan Rows": 243840, "Plan Width": 8, "Filter": "((info)::text = ANY ('{Action,American,Bulgaria,Crime,Denish,Denmark,Drama,English,Family,German}'::text[]))"}]}, {"Node Type": "Sort", "Parent Relationship": "Inner", "Parallel Aware": false, "Async Capable": false, "Startup Cost": 66313.33, "Total Cost": 66591.22, "Plan Rows": 111158, "Plan Width": 4, "Sort Key": ["mc.movie_id"], "Plans": [{"Node Type": "Nested Loop", "Parent Relationship": "Outer", "Parallel Aware": false, "Async Capable": false, "Join Type": "Inner", "Startup Cost": 0.0, "Total Cost": 56997.04, "Plan Rows": 111158, "Plan Width": 4, "Inner Unique": false, "Join Filter": "(ct.id = mc.company_type_id)", "Plans": [{"Node Type": "Seq Scan", "Parent Relationship": "Outer", "Parallel Aware": false, "Async Capable": false, "Relation Name": "company_type", "Alias": "ct", "Startup Cost": 0.0, "Total Cost": 1.05, "Plan Rows": 1, "Plan Width": 4, "Filter": "((kind)::text = 'distributors'::text)"}, {"Node Type": "Seq Scan", "Parent Relationship": "Inner", "Parallel Aware": false, "Async Capable": false, "Relation Name": "movie_companies", "Alias": "mc", "Startup Cost": 0.0, "Total Cost": 51438.11, "Plan Rows": 444630, "Plan Width": 8, "Filter": "((note)::text ~~ '%(200%)%'::text)"}]}]}]}, {"Node Type": "Sort", "Parent Relationship": "Inner", "Parallel Aware": false, "Async Capable": false, "Startup Cost": 163403.97, "Total Cost": 165813.43, "Plan Rows": 963783, "Plan Width": 21, "Sort Key": ["t.id"], "Plans": [{"Node Type": "Seq Scan", "Parent Relationship": "Outer", "Parallel Aware": false, "Async Capable": false, "Relation Name": "title", "Alias": "t", "Startup Cost": 0.0, "Total Cost": 67611.9, "Plan Rows": 963783, "Plan Width": 21, "Filter": "(production_year <= 1998)"}]}]}, {"Node Type": "Memoize", "Parent Relationship": "Inner", "Parallel Aware": false, "Async Capable": false, "Startup Cost": 0.16, "Total Cost": 4.17, "Plan Rows": 1, "Plan Width": 4, "Cache Key": "mi.info_type_id", "Cache Mode": "logical", "Plans": [{"Node Type": "Bitmap Heap Scan", "Parent Relationship": "Outer", "Parallel Aware": false, "Async Capable": false, "Relation Name": "info_type", "Alias": "it", "Startup Cost": 0.15, "Total Cost": 4.16, "Plan Rows": 1, "Plan Width": 4, "Recheck Cond": "(id = mi.info_type_id)", "Plans": [{"Node Type": "Bitmap Index Scan", "Parent Relationship": "Outer", "Parallel Aware": false, "Async Capable": false, "Index Name": "info_type_pkey", "Startup Cost": 0.0, "Total Cost": 0.15, "Plan Rows": 1, "Plan Width": 0, "Index Cond": "(id = mi.info_type_id)"}]}]}]}]}]}]}}, {"Plan": {"Node Type": "Aggregate", "Strategy": "Plain", "Partial Mode": "Finalize", "Parallel Aware": false, "Async Capable": false, "Startup Cost": 501509.18, "Total Cost": 501509.19, "Plan Rows": 1, "Plan Width": 32, "Plans": [{"Node Type": "Gather", "Parent Relationship": "Outer", "Parallel Aware": false, "Async Capable": false, "Startup Cost": 501508.66, "Total Cost": 501509.17, "Plan Rows": 5, "Plan Width": 32, "Workers Planned": 5, "Single Copy": false, "Plans": [{"Node Type": "Aggregate", "Strategy": "Plain", "Partial Mode": "Partial", "Parent Relationship": "Outer", "Parallel Aware": false, "Async Capable": false, "Startup Cost": 500508.66, "Total Cost": 500508.67, "Plan Rows": 1, "Plan Width": 32, "Plans": [{"Node Type": "Merge Join", "Parent Relationship": "Outer", "Parallel Aware": false, "Async Capable": false, "Join Type": "Inner", "Startup Cost": 500249.97, "Total Cost": 500471.78, "Plan Rows": 14751, "Plan Width": 17, "Inner Unique": true, "Merge Cond": "(mi.info_type_id = it.id)", "Plans": [{"Node Type": "Sort", "Parent Relationship": "Outer", "Parallel Aware": false, "Async Capable": false, "Startup Cost": 500243.98, "Total Cost": 500280.86, "Plan Rows": 14751, "Plan Width": 21, "Sort Key": ["mi.info_type_id"], "Plans": [{"Node Type": "Merge Join", "Parent Relationship": "Outer", "Parallel Aware": false, "Async Capable": false, "Join Type": "Inner", "Startup Cost": 498780.07, "Total Cost": 499222.59, "Plan Rows": 14751, "Plan Width": 21, "Inner Unique": true, "Merge Cond": "(mc.company_type_id = ct.id)", "Plans": [{"Node Type": "Sort", "Parent Relationship": "Outer", "Parallel Aware": false, "Async Capable": false, "Startup Cost": 498779.01, "Total Cost": 498926.51, "Plan Rows": 59002, "Plan Width": 25, "Sort Key": ["mc.company_type_id"], "Plans": [{"Node Type": "Merge Join", "Parent Relationship": "Outer", "Parallel Aware": false, "Async Capable": false, "Join Type": "Inner", "Startup Cost": 484528.35, "Total Cost": 494103.55, "Plan Rows": 59002, "Plan Width": 25, "Inner Unique": false, "Merge Cond": "(t.id = mc.movie_id)", "Plans": [{"Node Type": "Merge Join", "Parent Relationship": "Outer", "Parallel Aware": false, "Async Capable": false, "Join Type": "Inner", "Startup Cost": 391378.9, "Total Cost": 398342.52, "Plan Rows": 92951, "Plan Width": 29, "Inner Unique": true, "Merge Cond": "(mi.movie_id = t.id)", "Plans": [{"Node Type": "Sort", "Parent Relationship": "Outer", "Parallel Aware": false, "Async Capable": false, "Startup Cost": 227974.9, "Total Cost": 228584.5, "Plan Rows": 243840, "Plan Width": 8, "Sort Key": ["mi.movie_id"], "Plans": [{"Node Type": "Seq Scan", "Parent Relationship": "Outer", "Parallel Aware": true, "Async Capable": false, "Relation Name": "movie_info", "Alias": "mi", "Startup Cost": 0.03, "Total Cost": 206156.62, "Plan Rows": 243840, "Plan Width": 8, "Filter": "((info)::text = ANY ('{Action,American,Bulgaria,Crime,Denish,Denmark,Drama,English,Family,German}'::text[]))"}]}, {"Node Type": "Sort", "Parent Relationship": "Inner", "Parallel Aware": false, "Async Capable": false, "Startup Cost": 163403.97, "Total Cost": 165813.43, "Plan Rows": 963783, "Plan Width": 21, "Sort Key": ["t.id"], "Plans": [{"Node Type": "Seq Scan", "Parent Relationship": "Outer", "Parallel Aware": false, "Async Capable": false, "Relation Name": "title", "Alias": "t", "Startup Cost": 0.0, "Total Cost": 67611.9, "Plan Rows": 963783, "Plan Width": 21, "Filter": "(production_year <= 1998)"}]}]}, {"Node Type": "Sort", "Parent Relationship": "Inner", "Parallel Aware": false, "Async Capable": false, "Startup Cost": 93149.4, "Total Cost": 94260.97, "Plan Rows": 444630, "Plan Width": 8, "Sort Key": ["mc.movie_id"], "Plans": [{"Node Type": "Seq Scan", "Parent Relationship": "Outer", "Parallel Aware": false, "Async Capable": false, "Relation Name": "movie_companies", "Alias": "mc", "Startup Cost": 0.0, "Total Cost": 51438.11, "Plan Rows": 444630, "Plan Width": 8, "Filter": "((note)::text ~~ '%(200%)%'::text)"}]}]}]}, {"Node Type": "Sort", "Parent Relationship": "Inner", "Parallel Aware": false, "Async Capable": false, "Startup Cost": 1.06, "Total Cost": 1.06, "Plan Rows": 1, "Plan Width": 4, "Sort Key": ["ct.id"], "Plans": [{"Node Type": "Seq Scan", "Parent Relationship": "Outer", "Parallel Aware": false, "Async Capable": false, "Relation Name": "company_type", "Alias": "ct", "Startup Cost": 0.0, "Total Cost": 1.05, "Plan Rows": 1, "Plan Width": 4, "Filter": "((kind)::text = 'distributors'::text)"}]}]}]}, {"Node Type": "Sort", "Parent Relationship": "Inner", "Parallel Aware": false, "Async Capable": false, "Startup Cost": 5.98, "Total Cost": 6.27, "Plan Rows": 113, "Plan Width": 4, "Sort Key": ["it.id"], "Plans": [{"Node Type": "Seq Scan", "Parent Relationship": "Outer", "Parallel Aware": false, "Async Capable": false, "Relation Name": "info_type", "Alias": "it", "Startup Cost": 0.0, "Total Cost": 2.13, "Plan Rows": 113, "Plan Width": 4}]}]}]}]}]}}, {"Plan": {"Node Type": "Aggregate", "Strategy": "Plain", "Partial Mode": "Simple", "Parallel Aware": false, "Async Capable": false, "Startup Cost": 20775870564.88, "Total Cost": 20775870564.89, "Plan Rows": 1, "Plan Width": 32, "Plans": [{"Node Type": "Nested Loop", "Parent Relationship": "Outer", "Parallel Aware": false, "Async Capable": false, "Join Type": "Inner", "Startup Cost": 20000000000.85, "Total Cost": 20775870380.5, "Plan Rows": 73753, "Plan Width": 17, "Inner Unique": true, "Plans": [{"Node Type": "Nested Loop", "Parent Relationship": "Outer", "Parallel Aware": false, "Async Capable": false, "Join Type": "Inner", "Startup Cost": 20000000000.69, "Total Cost": 20775868249.07, "Plan Rows": 73753, "Plan Width": 21, "Inner Unique": false, "Join Filter": "(t.id = mi.movie_id)", "Plans": [{"Node Type": "Seq Scan", "Parent Relationship": "Outer", "Parallel Aware": false, "Async Capable": false, "Relation Name": "movie_info", "Alias": "mi", "Startup Cost": 10000000000.02, "Total Cost": 10000384190.99, "Plan Rows": 1219200, "Plan Width": 8, "Filter": "((info)::text = ANY ('{Action,American,Bulgaria,Crime,Denish,Denmark,Drama,English,Family,German}'::text[]))"}, {"Node Type": "Materialize", "Parent Relationship": "Inner", "Parallel Aware": false, "Async Capable": false, "Startup Cost": 10000000000.67, "Total Cost": 10000566740.01, "Plan Rows": 42373, "Plan Width": 25, "Plans": [{"Node Type": "Nested Loop", "Parent Relationship": "Outer", "Parallel Aware": false, "Async Capable": false, "Join Type": "Inner", "Startup Cost": 10000000000.67, "Total Cost": 10000566528.14, "Plan Rows": 42373, "Plan Width": 25, "Inner Unique": true, "Plans": [{"Node Type": "Nested Loop", "Parent Relationship": "Outer", "Parallel Aware": false, "Async Capable": false, "Join Type": "Inner", "Startup Cost": 10000000000.15, "Total Cost": 10000062566.32, "Plan Rows": 111158, "Plan Width": 4, "Inner Unique": true, "Plans": [{"Node Type": "Seq Scan", "Parent Relationship": "Outer", "Parallel Aware": false, "Async Capable": false, "Relation Name": "movie_companies", "Alias": "mc", "Startup Cost": 10000000000.0, "Total Cost": 10000051438.11, "Plan Rows": 444630, "Plan Width": 8, "Filter": "((note)::text ~~ '%(200%)%'::text)"}, {"Node Type": "Memoize", "Parent Relationship": "Inner", "Parallel Aware": false, "Async Capable": false, "Startup Cost": 0.15, "Total Cost": 4.16, "Plan Rows": 1, "Plan Width": 4, "Cache Key": "mc.company_type_id", "Cache Mode": "logical", "Plans": [{"Node Type": "Bitmap Heap Scan", "Parent Relationship": "Outer", "Parallel Aware": false, "Async Capable": false, "Relation Name": "company_type", "Alias": "ct", "Startup Cost": 0.14, "Total Cost": 4.15, "Plan Rows": 1, "Plan Width": 4, "Recheck Cond": "(id = mc.company_type_id)", "Filter": "((kind)::text = 'distributors'::text)", "Plans": [{"Node Type": "Bitmap Index Scan", "Parent Relationship": "Outer", "Parallel Aware": false, "Async Capable": false, "Index Name": "company_type_pkey", "Startup Cost": 0.0, "Total Cost": 0.14, "Plan Rows": 1, "Plan Width": 0, "Index Cond": "(id = mc.company_type_id)"}]}]}]}, {"Node Type": "Bitmap Heap Scan", "Parent Relationship": "Inner", "Parallel Aware": false, "Async Capable": false, "Relation Name": "title", "Alias": "t", "Startup Cost": 0.52, "Total Cost": 4.53, "Plan Rows": 1, "Plan Width": 21, "Recheck Cond": "(id = mc.movie_id)", "Filter": "(production_year <= 1998)", "Plans": [{"Node Type": "Bitmap Index Scan", "Parent Relationship": "Outer", "Parallel Aware": false, "Async Capable": false, "Index Name": "title_pkey", "Startup Cost": 0.0, "Total Cost": 0.52, "Plan Rows": 1, "Plan Width": 0, "Index Cond": "(id = mc.movie_id)"}]}]}]}]}, {"Node Type": "Memoize", "Parent Relationship": "Inner", "Parallel Aware": false, "Async Capable": false, "Startup Cost": 0.16, "Total Cost": 4.17, "Plan Rows": 1, "Plan Width": 4, "Cache Key": "mi.info_type_id", "Cache Mode": "logical", "Plans": [{"Node Type": "Bitmap Heap Scan", "Parent Relationship": "Outer", "Parallel Aware": false, "Async Capable": false, "Relation Name": "info_type", "Alias": "it", "Startup Cost": 0.15, "Total Cost": 4.16, "Plan Rows": 1, "Plan Width": 4, "Recheck Cond": "(id = mi.info_type_id)", "Plans": [{"Node Type": "Bitmap Index Scan", "Parent Relationship": "Outer", "Parallel Aware": false, "Async Capable": false, "Index Name": "info_type_pkey", "Startup Cost": 0.0, "Total Cost": 0.15, "Plan Rows": 1, "Plan Width": 0, "Index Cond": "(id = mi.info_type_id)"}]}]}]}]}}, {"Plan": {"Node Type": "Aggregate", "Strategy": "Plain", "Partial Mode": "Simple", "Parallel Aware": false, "Async Capable": false, "Startup Cost": 778156804.19, "Total Cost": 778156804.2, "Plan Rows": 1, "Plan Width": 32, "Plans": [{"Node Type": "Nested Loop", "Parent Relationship": "Outer", "Parallel Aware": false, "Async Capable": false, "Join Type": "Inner", "Startup Cost": 0.5, "Total Cost": 778156619.81, "Plan Rows": 73753, "Plan Width": 17, "Inner Unique": true, "Join Filter": "(it.id = mi.info_type_id)", "Plans": [{"Node Type": "Nested Loop", "Parent Relationship": "Outer", "Parallel Aware": false, "Async Capable": false, "Join Type": "Inner", "Startup Cost": 0.5, "Total Cost": 778032693.48, "Plan Rows": 73753, "Plan Width": 21, "Inner Unique": false, "Join Filter": "(t.id = mc.movie_id)", "Plans": [{"Node Type": "Nested Loop", "Parent Relationship": "Outer", "Parallel Aware": false, "Async Capable": false, "Join Type": "Inner", "Startup Cost": 0.5, "Total Cost": 3058541.56, "Plan Rows": 464754, "Plan Width": 29, "Inner Unique": true, "Plans": [{"Node Type": "Seq Scan", "Parent Relationship": "Outer", "Parallel Aware": false, "Async Capable": false, "Relation Name": "movie_info", "Alias": "mi", "Startup Cost": 0.03, "Total Cost": 384190.99, "Plan Rows": 1219200, "Plan Width": 8, "Filter": "((info)::text = ANY ('{Action,American,Bulgaria,Crime,Denish,Denmark,Drama,English,Family,German}'::text[]))"}, {"Node Type": "Memoize", "Parent Relationship": "Inner", "Parallel Aware": false, "Async Capable": false, "Startup Cost": 0.48, "Total Cost": 4.49, "Plan Rows": 1, "Plan Width": 21, "Cache Key": "mi.movie_id", "Cache Mode": "logical", "Plans": [{"Node Type": "Bitmap Heap Scan", "Parent Relationship": "Outer", "Parallel Aware": false, "Async Capable": false, "Relation Name": "title", "Alias": "t", "Startup Cost": 0.47, "Total Cost": 4.48, "Plan Rows": 1, "Plan Width": 21, "Recheck Cond": "(id = mi.movie_id)", "Filter": "(production_year <= 1998)", "Plans": [{"Node Type": "Bitmap Index Scan", "Parent Relationship": "Outer", "Parallel Aware": false, "Async Capable": false, "Index Name": "title_pkey", "Startup Cost": 0.0, "Total Cost": 0.47, "Plan Rows": 1, "Plan Width": 0, "Index Cond": "(id = mi.movie_id)"}]}]}]}, {"Node Type": "Materialize", "Parent Relationship": "Inner", "Parallel Aware": false, "Async Capable": false, "Startup Cost": 0.0, "Total Cost": 57552.83, "Plan Rows": 111158, "Plan Width": 4, "Plans": [{"Node Type": "Nested Loop", "Parent Relationship": "Outer", "Parallel Aware": false, "Async Capable": false, "Join Type": "Inner", "Startup Cost": 0.0, "Total Cost": 56997.04, "Plan Rows": 111158, "Plan Width": 4, "Inner Unique": false, "Join Filter": "(ct.id = mc.company_type_id)", "Plans": [{"Node Type": "Seq Scan", "Parent Relationship": "Outer", "Parallel Aware": false, "Async Capable": false, "Relation Name": "company_type", "Alias": "ct", "Startup Cost": 0.0, "Total Cost": 1.05, "Plan Rows": 1, "Plan Width": 4, "Filter": "((kind)::text = 'distributors'::text)"}, {"Node Type": "Seq Scan", "Parent Relationship": "Inner", "Parallel Aware": false, "Async Capable": false, "Relation Name": "movie_companies", "Alias": "mc", "Startup Cost": 0.0, "Total Cost": 51438.11, "Plan Rows": 444630, "Plan Width": 8, "Filter": "((note)::text ~~ '%(200%)%'::text)"}]}]}]}, {"Node Type": "Materialize", "Parent Relationship": "Inner", "Parallel Aware": false, "Async Capable": false, "Startup Cost": 0.0, "Total Cost": 2.69, "Plan Rows": 113, "Plan Width": 4, "Plans": [{"Node Type": "Seq Scan", "Parent Relationship": "Outer", "Parallel Aware": false, "Async Capable": false, "Relation Name": "info_type", "Alias": "it", "Startup Cost": 0.0, "Total Cost": 2.13, "Plan Rows": 113, "Plan Width": 4}]}]}]}}, {"Plan": {"Node Type": "Aggregate", "Strategy": "Plain", "Partial Mode": "Simple", "Parallel Aware": false, "Async Capable": false, "Startup Cost": 20000746781.32, "Total Cost": 20000746781.33, "Plan Rows": 1, "Plan Width": 32, "Plans": [{"Node Type": "Merge Join", "Parent Relationship": "Outer", "Parallel Aware": false, "Async Capable": false, "Join Type": "Inner", "Startup Cost": 20000745477.03, "Total Cost": 20000746596.93, "Plan Rows": 73753, "Plan Width": 17, "Inner Unique": true, "Merge Cond": "(mi.info_type_id = it.id)", "Plans": [{"Node Type": "Sort", "Parent Relationship": "Outer", "Parallel Aware": false, "Async Capable": false, "Startup Cost": 20000745476.89, "Total Cost": 20000745661.27, "Plan Rows": 73753, "Plan Width": 21, "Sort Key": ["mi.info_type_id"], "Plans": [{"Node Type": "Merge Join", "Parent Relationship": "Outer", "Parallel Aware": false, "Async Capable": false, "Join Type": "Inner", "Startup Cost": 20000613250.08, "Total Cost": 20000739513.81, "Plan Rows": 73753, "Plan Width": 21, "Inner Unique": false, "Merge Cond": "(t.id = mi.movie_id)", "Plans": [{"Node Type": "Merge Join", "Parent Relationship": "Outer", "Parallel Aware": false, "Async Capable": false, "Join Type": "Inner", "Startup Cost": 10000105813.06, "Total Cost": 10000225769.82, "Plan Rows": 42373, "Plan Width": 25, "Inner Unique": true, "Merge Cond": "(mc.movie_id = t.id)", "Plans": [{"Node Type": "Sort", "Parent Relationship": "Outer", "Parallel Aware": false, "Async Capable": false, "Startup Cost": 10000105812.62, "Total Cost": 10000106090.52, "Plan Rows": 111158, "Plan Width": 4, "Sort Key": ["mc.movie_id"], "Plans": [{"Node Type": "Merge Join", "Parent Relationship": "Outer", "Parallel Aware": false, "Async Capable": false, "Join Type": "Inner", "Startup Cost": 10000093149.53, "Total Cost": 10000096496.33, "Plan Rows": 111158, "Plan Width": 4, "Inner Unique": false, "Merge Cond": "(ct.id = mc.company_type_id)", "Plans": [{"Node Type": "Index Scan", "Parent Relationship": "Outer", "Parallel Aware": false, "Async Capable": false, "Scan Direction": "Forward", "Index Name": "company_type_pkey", "Relation Name": "company_type", "Alias": "ct", "Startup Cost": 0.13, "Total Cost": 12.2, "Plan Rows": 1, "Plan Width": 4, "Filter": "((kind)::text = 'distributors'::text)"}, {"Node Type": "Sort", "Parent Relationship": "Inner", "Parallel Aware": false, "Async Capable": false, "Startup Cost": 10000093149.4, "Total Cost": 10000094260.97, "Plan Rows": 444630, "Plan Width": 8, "Sort Key": ["mc.company_type_id"], "Plans": [{"Node Type": "Seq Scan", "Parent Relationship": "Outer", "Parallel Aware": false, "Async Capable": false, "Relation Name": "movie_companies", "Alias": "mc", "Startup Cost": 10000000000.0, "Total Cost": 10000051438.11, "Plan Rows": 444630, "Plan Width": 8, "Filter": "((note)::text ~~ '%(200%)%'::text)"}]}]}]}, {"Node Type": "Index Scan", "Parent Relationship": "Inner", "Parallel Aware": false, "Async Capable": false, "Scan Direction": "Forward", "Index Name": "title_pkey", "Relation Name": "title", "Alias": "t", "Startup Cost": 0.43, "Total Cost": 116689.45, "Plan Rows": 963783, "Plan Width": 21, "Filter": "(production_year <= 1998)"}]}, {"Node Type": "Sort", "Parent Relationship": "Inner", "Parallel Aware": false, "Async Capable": false, "Startup Cost": 10000507436.9, "Total Cost": 10000510484.9, "Plan Rows": 1219200, "Plan Width": 8, "Sort Key": ["mi.movie_id"], "Plans": [{"Node Type": "Seq Scan", "Parent Relationship": "Outer", "Parallel Aware": false, "Async Capable": false, "Relation Name": "movie_info", "Alias": "mi", "Startup Cost": 10000000000.02, "Total Cost": 10000384190.99, "Plan Rows": 1219200, "Plan Width": 8, "Filter": "((info)::text = ANY ('{Action,American,Bulgaria,Crime,Denish,Denmark,Drama,English,Family,German}'::text[]))"}]}]}]}, {"Node Type": "Index Scan", "Parent Relationship": "Inner", "Parallel Aware": false, "Async Capable": false, "Scan Direction": "Forward", "Index Name": "info_type_pkey", "Relation Name": "info_type", "Alias": "it", "Startup Cost": 0.14, "Total Cost": 13.84, "Plan Rows": 113, "Plan Width": 4}]}]}}, {"Plan": {"Node Type": "Aggregate", "Strategy": "Plain", "Partial Mode": "Simple", "Parallel Aware": false, "Async Capable": false, "Startup Cost": 20000700012.48, "Total Cost": 20000700012.49, "Plan Rows": 1, "Plan Width": 32, "Plans": [{"Node Type": "Nested Loop", "Parent Relationship": "Outer", "Parallel Aware": false, "Async Capable": false, "Join Type": "Inner", "Startup Cost": 20000573761.97, "Total Cost": 20000699828.1, "Plan Rows": 73753, "Plan Width": 17, "Inner Unique": true, "Plans": [{"Node Type": "Nested Loop", "Parent Relationship": "Outer", "Parallel Aware": false, "Async Capable": false, "Join Type": "Inner", "Startup Cost": 20000573761.82, "Total Cost": 20000697982.4, "Plan Rows": 73753, "Plan Width": 21, "Inner Unique": true, "Plans": [{"Node Type": "Merge Join", "Parent Relationship": "Outer", "Parallel Aware": false, "Async Capable": false, "Join Type": "Inner", "Startup Cost": 20000573761.39, "Total Cost": 20000582346.25, "Plan Rows": 193477, "Plan Width": 12, "Inner Unique": false, "Merge Cond": "(mc.movie_id = mi.movie_id)", "Plans": [{"Node Type": "Sort", "Parent Relationship": "Outer", "Parallel Aware": false, "Async Capable": false, "Startup Cost": 10000066324.48, "Total Cost": 10000066602.37, "Plan Rows": 111158, "Plan Width": 4, "Sort Key": ["mc.movie_id"], "Plans": [{"Node Type": "Nested Loop", "Parent Relationship": "Outer", "Parallel Aware": false, "Async Capable": false, "Join Type": "Inner", "Startup Cost": 10000000000.13, "Total Cost": 10000057008.19, "Plan Rows": 111158, "Plan Width": 4, "Inner Unique": false, "Join Filter": "(ct.id = mc.company_type_id)", "Plans": [{"Node Type": "Index Scan", "Parent Relationship": "Outer", "Parallel Aware": false, "Async Capable": false, "Scan Direction": "Forward", "Index Name": "company_type_pkey", "Relation Name": "company_type", "Alias": "ct", "Startup Cost": 0.13, "Total Cost": 12.2, "Plan Rows": 1, "Plan Width": 4, "Filter": "((kind)::text = 'distributors'::text)"}, {"Node Type": "Seq Scan", "Parent Relationship": "Inner", "Parallel Aware": false, "Async Capable": false, "Relation Name": "movie_companies", "Alias": "mc", "Startup Cost": 10000000000.0, "Total Cost": 10000051438.11, "Plan Rows": 444630, "Plan Width": 8, "Filter": "((note)::text ~~ '%(200%)%'::text)"}]}]}, {"Node Type": "Sort", "Parent Relationship": "Inner", "Parallel Aware": false, "Async Capable": false, "Startup Cost": 10000507436.9, "Total Cost": 10000510484.9, "Plan Rows": 1219200, "Plan Width": 8, "Sort Key": ["mi.movie_id"], "Plans": [{"Node Type": "Seq Scan", "Parent Relationship": "Outer", "Parallel Aware": false, "Async Capable": false, "Relation Name": "movie_info", "Alias": "mi", "Startup Cost": 10000000000.02, "Total Cost": 10000384190.99, "Plan Rows": 1219200, "Plan Width": 8, "Filter": "((info)::text = ANY ('{Action,American,Bulgaria,Crime,Denish,Denmark,Drama,English,Family,German}'::text[]))"}]}]}, {"Node Type": "Index Scan", "Parent Relationship": "Inner", "Parallel Aware": false, "Async Capable": false, "Scan Direction": "Forward", "Index Name": "title_pkey", "Relation Name": "title", "Alias": "t", "Startup Cost": 0.43, "Total Cost": 0.6, "Plan Rows": 1, "Plan Width": 21, "Index Cond": "(id = mi.movie_id)", "Filter": "(production_year <= 1998)"}]}, {"Node Type": "Memoize", "Parent Relationship": "Inner", "Parallel Aware": false, "Async Capable": false, "Startup Cost": 0.15, "Total Cost": 0.17, "Plan Rows": 1, "Plan Width": 4, "Cache Key": "mi.info_type_id", "Cache Mode": "logical", "Plans": [{"Node Type": "Index Scan", "Parent Relationship": "Outer", "Parallel Aware": false, "Async Capable": false, "Scan Direction": "Forward", "Index Name": "info_type_pkey", "Relation Name": "info_type", "Alias": "it", "Startup Cost": 0.14, "Total Cost": 0.16, "Plan Rows": 1, "Plan Width": 4, "Index Cond": "(id = mi.info_type_id)"}]}]}]}}, {"Plan": {"Node Type": "Aggregate", "Strategy": "Plain", "Partial Mode": "Finalize", "Parallel Aware": false, "Async Capable": false, "Startup Cost": 320992.57, "Total Cost": 320992.58, "Plan Rows": 1, "Plan Width": 32, "Plans": [{"Node Type": "Gather", "Parent Relationship": "Outer", "Parallel Aware": false, "Async Capable": false, "Startup Cost": 320992.05, "Total Cost": 320992.56, "Plan Rows": 5, "Plan Width": 32, "Workers Planned": 5, "Single Copy": false, "Plans": [{"Node Type": "Aggregate", "Strategy": "Plain", "Partial Mode": "Partial", "Parent Relationship": "Outer", "Parallel Aware": false, "Async Capable": false, "Startup Cost": 319992.05, "Total Cost": 319992.06, "Plan Rows": 1, "Plan Width": 32, "Plans": [{"Node Type": "Nested Loop", "Parent Relationship": "Outer", "Parallel Aware": false, "Async Capable": false, "Join Type": "Inner", "Startup Cost": 294288.83, "Total Cost": 319955.17, "Plan Rows": 14751, "Plan Width": 17, "Inner Unique": true, "Plans": [{"Node Type": "Nested Loop", "Parent Relationship": "Outer", "Parallel Aware": false, "Async Capable": false, "Join Type": "Inner", "Startup Cost": 294288.67, "Total Cost": 319576.83, "Plan Rows": 14751, "Plan Width": 21, "Inner Unique": true, "Plans": [{"Node Type": "Merge Join", "Parent Relationship": "Outer", "Parallel Aware": false, "Async Capable": false, "Join Type": "Inner", "Startup Cost": 294288.24, "Total Cost": 296449.83, "Plan Rows": 38695, "Plan Width": 12, "Inner Unique": false, "Merge Cond": "(mi.movie_id = mc.movie_id)", "Plans": [{"Node Type": "Sort", "Parent Relationship": "Outer", "Parallel Aware": false, "Async Capable": false, "Startup Cost": 227974.9, "Total Cost": 228584.5, "Plan Rows": 243840, "Plan Width": 8, "Sort Key": ["mi.movie_id"], "Plans": [{"Node Type": "Seq Scan", "Parent Relationship": "Outer", "Parallel Aware": true, "Async Capable": false, "Relation Name": "movie_info", "Alias": "mi", "Startup Cost": 0.03, "Total Cost": 206156.62, "Plan Rows": 243840, "Plan Width": 8, "Filter": "((info)::text = ANY ('{Action,American,Bulgaria,Crime,Denish,Denmark,Drama,English,Family,German}'::text[]))"}]}, {"Node Type": "Sort", "Parent Relationship": "Inner", "Parallel Aware": false, "Async Capable": false, "Startup Cost": 66313.33, "Total Cost": 66591.22, "Plan Rows": 111158, "Plan Width": 4, "Sort Key": ["mc.movie_id"], "Plans": [{"Node Type": "Nested Loop", "Parent Relationship": "Outer", "Parallel Aware": false, "Async Capable": false, "Join Type": "Inner", "Startup Cost": 0.0, "Total Cost": 56997.04, "Plan Rows": 111158, "Plan Width": 4, "Inner Unique": false, "Join Filter": "(ct.id = mc.company_type_id)", "Plans": [{"Node Type": "Seq Scan", "Parent Relationship": "Outer", "Parallel Aware": false, "Async Capable": false, "Relation Name": "company_type", "Alias": "ct", "Startup Cost": 0.0, "Total Cost": 1.05, "Plan Rows": 1, "Plan Width": 4, "Filter": "((kind)::text = 'distributors'::text)"}, {"Node Type": "Seq Scan", "Parent Relationship": "Inner", "Parallel Aware": false, "Async Capable": false, "Relation Name": "movie_companies", "Alias": "mc", "Startup Cost": 0.0, "Total Cost": 51438.11, "Plan Rows": 444630, "Plan Width": 8, "Filter": "((note)::text ~~ '%(200%)%'::text)"}]}]}]}, {"Node Type": "Index Scan", "Parent Relationship": "Inner", "Parallel Aware": false, "Async Capable": false, "Scan Direction": "Forward", "Index Name": "title_pkey", "Relation Name": "title", "Alias": "t", "Startup Cost": 0.43, "Total Cost": 0.6, "Plan Rows": 1, "Plan Width": 21, "Index Cond": "(id = mi.movie_id)", "Filter": "(production_year <= 1998)"}]}, {"Node Type": "Memoize", "Parent Relationship": "Inner", "Parallel Aware": false, "Async Capable": false, "Startup Cost": 0.15, "Total Cost": 0.17, "Plan Rows": 1, "Plan Width": 4, "Cache Key": "mi.info_type_id", "Cache Mode": "logical", "Plans": [{"Node Type": "Index Scan", "Parent Relationship": "Outer", "Parallel Aware": false, "Async Capable": false, "Scan Direction": "Forward", "Index Name": "info_type_pkey", "Relation Name": "info_type", "Alias": "it", "Startup Cost": 0.14, "Total Cost": 0.16, "Plan Rows": 1, "Plan Width": 4, "Index Cond": "(id = mi.info_type_id)"}]}]}]}]}]}}, {"Plan": {"Node Type": "Aggregate", "Strategy": "Plain", "Partial Mode": "Simple", "Parallel Aware": false, "Async Capable": false, "Startup Cost": 20775455791.51, "Total Cost": 20775455791.52, "Plan Rows": 1, "Plan Width": 32, "Plans": [{"Node Type": "Nested Loop", "Parent Relationship": "Outer", "Parallel Aware": false, "Async Capable": false, "Join Type": "Inner", "Startup Cost": 20000000000.74, "Total Cost": 20775455607.12, "Plan Rows": 73753, "Plan Width": 17, "Inner Unique": true, "Plans": [{"Node Type": "Nested Loop", "Parent Relationship": "Outer", "Parallel Aware": false, "Async Capable": false, "Join Type": "Inner", "Startup Cost": 20000000000.58, "Total Cost": 20775453761.42, "Plan Rows": 73753, "Plan Width": 21, "Inner Unique": false, "Join Filter": "(t.id = mi.movie_id)", "Plans": [{"Node Type": "Seq Scan", "Parent Relationship": "Outer", "Parallel Aware": false, "Async Capable": false, "Relation Name": "movie_info", "Alias": "mi", "Startup Cost": 10000000000.02, "Total Cost": 10000384190.99, "Plan Rows": 1219200, "Plan Width": 8, "Filter": "((info)::text = ANY ('{Action,American,Bulgaria,Crime,Denish,Denmark,Drama,English,Family,German}'::text[]))"}, {"Node Type": "Materialize", "Parent Relationship": "Inner", "Parallel Aware": false, "Async Capable": false, "Startup Cost": 10000000000.56, "Total Cost": 10000152252.35, "Plan Rows": 42373, "Plan Width": 25, "Plans": [{"Node Type": "Nested Loop", "Parent Relationship": "Outer", "Parallel Aware": false, "Async Capable": false, "Join Type": "Inner", "Startup Cost": 10000000000.56, "Total Cost": 10000152040.49, "Plan Rows": 42373, "Plan Width": 25, "Inner Unique": true, "Plans": [{"Node Type": "Nested Loop", "Parent Relationship": "Outer", "Parallel Aware": false, "Async Capable": false, "Join Type": "Inner", "Startup Cost": 10000000000.13, "Total Cost": 10000057008.19, "Plan Rows": 111158, "Plan Width": 4, "Inner Unique": false, "Join Filter": "(ct.id = mc.company_type_id)", "Plans": [{"Node Type": "Index Scan", "Parent Relationship": "Outer", "Parallel Aware": false, "Async Capable": false, "Scan Direction": "Forward", "Index Name": "company_type_pkey", "Relation Name": "company_type", "Alias": "ct", "Startup Cost": 0.13, "Total Cost": 12.2, "Plan Rows": 1, "Plan Width": 4, "Filter": "((kind)::text = 'distributors'::text)"}, {"Node Type": "Seq Scan", "Parent Relationship": "Inner", "Parallel Aware": false, "Async Capable": false, "Relation Name": "movie_companies", "Alias": "mc", "Startup Cost": 10000000000.0, "Total Cost": 10000051438.11, "Plan Rows": 444630, "Plan Width": 8, "Filter": "((note)::text ~~ '%(200%)%'::text)"}]}, {"Node Type": "Index Scan", "Parent Relationship": "Inner", "Parallel Aware": false, "Async Capable": false, "Scan Direction": "Forward", "Index Name": "title_pkey", "Relation Name": "title", "Alias": "t", "Startup Cost": 0.43, "Total Cost": 0.85, "Plan Rows": 1, "Plan Width": 21, "Index Cond": "(id = mc.movie_id)", "Filter": "(production_year <= 1998)"}]}]}]}, {"Node Type": "Memoize", "Parent Relationship": "Inner", "Parallel Aware": false, "Async Capable": false, "Startup Cost": 0.15, "Total Cost": 0.17, "Plan Rows": 1, "Plan Width": 4, "Cache Key": "mi.info_type_id", "Cache Mode": "logical", "Plans": [{"Node Type": "Index Scan", "Parent Relationship": "Outer", "Parallel Aware": false, "Async Capable": false, "Scan Direction": "Forward", "Index Name": "info_type_pkey", "Relation Name": "info_type", "Alias": "it", "Startup Cost": 0.14, "Total Cost": 0.16, "Plan Rows": 1, "Plan Width": 4, "Index Cond": "(id = mi.info_type_id)"}]}]}]}}, {"Plan": {"Node Type": "Aggregate", "Strategy": "Plain", "Partial Mode": "Simple", "Parallel Aware": false, "Async Capable": false, "Startup Cost": 775372574.39, "Total Cost": 775372574.4, "Plan Rows": 1, "Plan Width": 32, "Plans": [{"Node Type": "Nested Loop", "Parent Relationship": "Outer", "Parallel Aware": false, "Async Capable": false, "Join Type": "Inner", "Startup Cost": 1000.75, "Total Cost": 775372390.01, "Plan Rows": 73753, "Plan Width": 17, "Inner Unique": true, "Plans": [{"Node Type": "Nested Loop", "Parent Relationship": "Outer", "Parallel Aware": false, "Async Capable": false, "Join Type": "Inner", "Startup Cost": 1000.6, "Total Cost": 775370544.3, "Plan Rows": 73753, "Plan Width": 21, "Inner Unique": false, "Join Filter": "(t.id = mi.movie_id)", "Plans": [{"Node Type": "Seq Scan", "Parent Relationship": "Outer", "Parallel Aware": false, "Async Capable": false, "Relation Name": "movie_info", "Alias": "mi", "Startup Cost": 0.03, "Total Cost": 384190.99, "Plan Rows": 1219200, "Plan Width": 8, "Filter": "((info)::text = ANY ('{Action,American,Bulgaria,Crime,Denish,Denmark,Drama,English,Family,German}'::text[]))"}, {"Node Type": "Materialize", "Parent Relationship": "Inner", "Parallel Aware": false, "Async Capable": false, "Startup Cost": 1000.57, "Total Cost": 69035.24, "Plan Rows": 42373, "Plan Width": 25, "Plans": [{"Node Type": "Gather", "Parent Relationship": "Outer", "Parallel Aware": false, "Async Capable": false, "Startup Cost": 1000.57, "Total Cost": 68823.37, "Plan Rows": 42373, "Plan Width": 25, "Workers Planned": 3, "Single Copy": false, "Plans": [{"Node Type": "Nested Loop", "Parent Relationship": "Outer", "Parallel Aware": false, "Async Capable": false, "Join Type": "Inner", "Startup Cost": 0.57, "Total Cost": 63586.07, "Plan Rows": 13669, "Plan Width": 25, "Inner Unique": true, "Plans": [{"Node Type": "Nested Loop", "Parent Relationship": "Outer", "Parallel Aware": false, "Async Capable": false, "Join Type": "Inner", "Startup Cost": 0.14, "Total Cost": 32930.85, "Plan Rows": 35857, "Plan Width": 4, "Inner Unique": true, "Plans": [{"Node Type": "Seq Scan", "Parent Relationship": "Outer", "Parallel Aware": true, "Async Capable": false, "Relation Name": "movie_companies", "Alias": "mc", "Startup Cost": 0.0, "Total Cost": 29344.68, "Plan Rows": 143429, "Plan Width": 8, "Filter": "((note)::text ~~ '%(200%)%'::text)"}, {"Node Type": "Memoize", "Parent Relationship": "Inner", "Parallel Aware": false, "Async Capable": false, "Startup Cost": 0.14, "Total Cost": 0.16, "Plan Rows": 1, "Plan Width": 4, "Cache Key": "mc.company_type_id", "Cache Mode": "logical", "Plans": [{"Node Type": "Index Scan", "Parent Relationship": "Outer", "Parallel Aware": false, "Async Capable": false, "Scan Direction": "Forward", "Index Name": "company_type_pkey", "Relation Name": "company_type", "Alias": "ct", "Startup Cost": 0.13, "Total Cost": 0.15, "Plan Rows": 1, "Plan Width": 4, "Index Cond": "(id = mc.company_type_id)", "Filter": "((kind)::text = 'distributors'::text)"}]}]}, {"Node Type": "Index Scan", "Parent Relationship": "Inner", "Parallel Aware": false, "Async Capable": false, "Scan Direction": "Forward", "Index Name": "title_pkey", "Relation Name": "title", "Alias": "t", "Startup Cost": 0.43, "Total Cost": 0.85, "Plan Rows": 1, "Plan Width": 21, "Index Cond": "(id = mc.movie_id)", "Filter": "(production_year <= 1998)"}]}]}]}]}, {"Node Type": "Memoize", "Parent Relationship": "Inner", "Parallel Aware": false, "Async Capable": false, "Startup Cost": 0.15, "Total Cost": 0.17, "Plan Rows": 1, "Plan Width": 4, "Cache Key": "mi.info_type_id", "Cache Mode": "logical", "Plans": [{"Node Type": "Index Scan", "Parent Relationship": "Outer", "Parallel Aware": false, "Async Capable": false, "Scan Direction": "Forward", "Index Name": "info_type_pkey", "Relation Name": "info_type", "Alias": "it", "Startup Cost": 0.14, "Total Cost": 0.16, "Plan Rows": 1, "Plan Width": 4, "Index Cond": "(id = mi.info_type_id)"}]}]}]}}]