[{"Plan": {"Node Type": "Aggregate", "Strategy": "Plain", "Partial Mode": "Finalize", "Parallel Aware": false, "Async Capable": false, "Startup Cost": 385640.11, "Total Cost": 385640.12, "Plan Rows": 1, "Plan Width": 32, "Plans": [{"Node Type": "Gather", "Parent Relationship": "Outer", "Parallel Aware": false, "Async Capable": false, "Startup Cost": 385639.48, "Total Cost": 385640.09, "Plan Rows": 6, "Plan Width": 32, "Workers Planned": 6, "Single Copy": false, "Plans": [{"Node Type": "Aggregate", "Strategy": "Plain", "Partial Mode": "Partial", "Parent Relationship": "Outer", "Parallel Aware": false, "Async Capable": false, "Startup Cost": 384639.48, "Total Cost": 384639.49, "Plan Rows": 1, "Plan Width": 32, "Plans": [{"Node Type": "Nested Loop", "Parent Relationship": "Outer", "Parallel Aware": false, "Async Capable": false, "Join Type": "Inner", "Startup Cost": 48882.77, "Total Cost": 384639.48, "Plan Rows": 1, "Plan Width": 17, "Inner Unique": true, "Plans": [{"Node Type": "Nested Loop", "Parent Relationship": "Outer", "Parallel Aware": false, "Async Capable": false, "Join Type": "Inner", "Startup Cost": 48882.34, "Total Cost": 384639.03, "Plan Rows": 1, "Plan Width": 21, "Inner Unique": true, "Plans": [{"Node Type": "Hash Join", "Parent Relationship": "Outer", "Parallel Aware": false, "Async Capable": false, "Join Type": "Inner", "Startup Cost": 48881.91, "Total Cost": 384638.57, "Plan Rows": 1, "Plan Width": 25, "Inner Unique": false, "Hash Cond": "(t.id = cc.movie_id)", "Plans": [{"Node Type": "Hash Join", "Parent Relationship": "Outer", "Parallel Aware": true, "Async Capable": false, "Join Type": "Inner", "Startup Cost": 45774.49, "Total Cost": 381530.89, "Plan Rows": 69, "Plan Width": 37, "Inner Unique": false, "Hash Cond": "(ci.movie_id = t.id)", "Plans": [{"Node Type": "Seq Scan", "Parent Relationship": "Outer", "Parallel Aware": true, "Async Capable": false, "Relation Name": "cast_info", "Alias": "ci", "Startup Cost": 0.0, "Total Cost": 313110.03, "Plan Rows": 6039003, "Plan Width": 12}, {"Node Type": "Hash", "Parent Relationship": "Inner", "Parallel Aware": true, "Async Capable": false, "Startup Cost": 45774.44, "Total Cost": 45774.44, "Plan Rows": 4, "Plan Width": 25, "Plans": [{"Node Type": "Hash Join", "Parent Relationship": "Outer", "Parallel Aware": false, "Async Capable": false, "Join Type": "Inner", "Startup Cost": 2854.4, "Total Cost": 45774.44, "Plan Rows": 4, "Plan Width": 25, "Inner Unique": true, "Hash Cond": "(t.kind_id = kt.id)", "Plans": [{"Node Type": "Nested Loop", "Parent Relationship": "Outer", "Parallel Aware": false, "Async Capable": false, "Join Type": "Inner", "Startup Cost": 2853.3, "Total Cost": 45773.23, "Plan Rows": 26, "Plan Width": 29, "Inner Unique": true, "Plans": [{"Node Type": "Hash Join", "Parent Relationship": "Outer", "Parallel Aware": false, "Async Capable": false, "Join Type": "Inner", "Startup Cost": 2852.88, "Total Cost": 45757.07, "Plan Rows": 33, "Plan Width": 4, "Inner Unique": true, "Hash Cond": "(mk.keyword_id = k.id)", "Plans": [{"Node Type": "Seq Scan", "Parent Relationship": "Outer", "Parallel Aware": true, "Async Capable": false, "Relation Name": "movie_keyword", "Alias": "mk", "Startup Cost": 0.0, "Total Cost": 39073.32, "Plan Rows": 1459332, "Plan Width": 8}, {"Node Type": "Hash", "Parent Relationship": "Inner", "Parallel Aware": false, "Async Capable": false, "Startup Cost": 2852.84, "Total Cost": 2852.84, "Plan Rows": 3, "Plan Width": 4, "Plans": [{"Node Type": "Seq Scan", "Parent Relationship": "Outer", "Parallel Aware": false, "Async Capable": false, "Relation Name": "keyword", "Alias": "k", "Startup Cost": 0.0, "Total Cost": 2852.84, "Plan Rows": 3, "Plan Width": 4, "Filter": "((keyword)::text = ANY ('{\"10,000-mile-club\",alienation,based-on-comic}'::text[]))"}]}]}, {"Node Type": "Index Scan", "Parent Relationship": "Inner", "Parallel Aware": false, "Async Capable": false, "Scan Direction": "Forward", "Index Name": "title_pkey", "Relation Name": "title", "Alias": "t", "Startup Cost": 0.43, "Total Cost": 0.49, "Plan Rows": 1, "Plan Width": 25, "Index Cond": "(id = mk.movie_id)", "Filter": "(production_year >= 1972)"}]}, {"Node Type": "Hash", "Parent Relationship": "Inner", "Parallel Aware": false, "Async Capable": false, "Startup Cost": 1.09, "Total Cost": 1.09, "Plan Rows": 1, "Plan Width": 4, "Plans": [{"Node Type": "Seq Scan", "Parent Relationship": "Outer", "Parallel Aware": false, "Async Capable": false, "Relation Name": "kind_type", "Alias": "kt", "Startup Cost": 0.0, "Total Cost": 1.09, "Plan Rows": 1, "Plan Width": 4, "Filter": "((kind)::text = 'movie'::text)"}]}]}]}]}, {"Node Type": "Hash", "Parent Relationship": "Inner", "Parallel Aware": false, "Async Capable": false, "Startup Cost": 3001.88, "Total Cost": 3001.88, "Plan Rows": 8443, "Plan Width": 4, "Plans": [{"Node Type": "Hash Join", "Parent Relationship": "Outer", "Parallel Aware": false, "Async Capable": false, "Join Type": "Inner", "Startup Cost": 2.12, "Total Cost": 3001.88, "Plan Rows": 8443, "Plan Width": 4, "Inner Unique": true, "Hash Cond": "(cc.status_id = cct2.id)", "Plans": [{"Node Type": "Hash Join", "Parent Relationship": "Outer", "Parallel Aware": false, "Async Capable": false, "Join Type": "Inner", "Startup Cost": 1.06, "Total Cost": 2818.24, "Plan Rows": 33772, "Plan Width": 8, "Inner Unique": true, "Hash Cond": "(cc.subject_id = cct1.id)", "Plans": [{"Node Type": "Seq Scan", "Parent Relationship": "Outer", "Parallel Aware": false, "Async Capable": false, "Relation Name": "complete_cast", "Alias": "cc", "Startup Cost": 0.0, "Total Cost": 2086.86, "Plan Rows": 135086, "Plan Width": 12}, {"Node Type": "Hash", "Parent Relationship": "Inner", "Parallel Aware": false, "Async Capable": false, "Startup Cost": 1.05, "Total Cost": 1.05, "Plan Rows": 1, "Plan Width": 4, "Plans": [{"Node Type": "Seq Scan", "Parent Relationship": "Outer", "Parallel Aware": false, "Async Capable": false, "Relation Name": "comp_cast_type", "Alias": "cct1", "Startup Cost": 0.0, "Total Cost": 1.05, "Plan Rows": 1, "Plan Width": 4, "Filter": "((kind)::text = 'cast'::text)"}]}]}, {"Node Type": "Hash", "Parent Relationship": "Inner", "Parallel Aware": false, "Async Capable": false, "Startup Cost": 1.05, "Total Cost": 1.05, "Plan Rows": 1, "Plan Width": 4, "Plans": [{"Node Type": "Seq Scan", "Parent Relationship": "Outer", "Parallel Aware": false, "Async Capable": false, "Relation Name": "comp_cast_type", "Alias": "cct2", "Startup Cost": 0.0, "Total Cost": 1.05, "Plan Rows": 1, "Plan Width": 4, "Filter": "((kind)::text ~~ '%complete%'::text)"}]}]}]}]}, {"Node Type": "Index Scan", "Parent Relationship": "Inner", "Parallel Aware": false, "Async Capable": false, "Scan Direction": "Forward", "Index Name": "char_name_pkey", "Relation Name": "char_name", "Alias": "chn", "Startup Cost": 0.43, "Total Cost": 0.46, "Plan Rows": 1, "Plan Width": 4, "Index Cond": "(id = ci.person_role_id)", "Filter": "(((name)::text !~~ '%Sherlock%'::text) AND (((name)::text ~~ '%Iron%Man%'::text) OR ((name)::text ~~ '%Man%'::text)))"}]}, {"Node Type": "Index Only Scan", "Parent Relationship": "Inner", "Parallel Aware": false, "Async Capable": false, "Scan Direction": "Forward", "Index Name": "name_pkey", "Relation Name": "name", "Alias": "n", "Startup Cost": 0.43, "Total Cost": 0.45, "Plan Rows": 1, "Plan Width": 4, "Index Cond": "(id = ci.person_id)"}]}]}]}]}}, {"Plan": {"Node Type": "Aggregate", "Strategy": "Plain", "Partial Mode": "Simple", "Parallel Aware": false, "Async Capable": false, "Startup Cost": 100000840785.05, "Total Cost": 100000840785.06, "Plan Rows": 1, "Plan Width": 32, "Plans": [{"Node Type": "Nested Loop", "Parent Relationship": "Outer", "Parallel Aware": false, "Async Capable": false, "Join Type": "Inner", "Startup Cost": 100000089829.51, "Total Cost": 100000840785.05, "Plan Rows": 1, "Plan Width": 17, "Inner Unique": true, "Plans": [{"Node Type": "Nested Loop", "Parent Relationship": "Outer", "Parallel Aware": false, "Async Capable": false, "Join Type": "Inner", "Startup Cost": 90000089829.07, "Total Cost": 90000840780.6, "Plan Rows": 1, "Plan Width": 21, "Inner Unique": true, "Plans": [{"Node Type": "Hash Join", "Parent Relationship": "Outer", "Parallel Aware": false, "Async Capable": false, "Join Type": "Inner", "Startup Cost": 80000089828.63, "Total Cost": 80000840767.22, "Plan Rows": 3, "Plan Width": 25, "Inner Unique": true, "Hash Cond": "(t.kind_id = kt.id)", "Plans": [{"Node Type": "Hash Join", "Parent Relationship": "Outer", "Parallel Aware": false, "Async Capable": false, "Join Type": "Inner", "Startup Cost": 70000089816.36, "Total Cost": 70000840754.86, "Plan Rows": 24, "Plan Width": 29, "Inner Unique": false, "Hash Cond": "(ci.movie_id = t.id)", "Plans": [{"Node Type": "Seq Scan", "Parent Relationship": "Outer", "Parallel Aware": false, "Async Capable": false, "Relation Name": "cast_info", "Alias": "ci", "Startup Cost": 10000000000.0, "Total Cost": 10000615060.2, "Plan Rows": 36234020, "Plan Width": 12}, {"Node Type": "Hash", "Parent Relationship": "Inner", "Parallel Aware": false, "Async Capable": false, "Startup Cost": 60000089816.3, "Total Cost": 60000089816.3, "Plan Rows": 5, "Plan Width": 33, "Plans": [{"Node Type": "Nested Loop", "Parent Relationship": "Outer", "Parallel Aware": false, "Async Capable": false, "Join Type": "Inner", "Startup Cost": 60000087168.64, "Total Cost": 60000089816.3, "Plan Rows": 5, "Plan Width": 33, "Inner Unique": true, "Plans": [{"Node Type": "Nested Loop", "Parent Relationship": "Outer", "Parallel Aware": false, "Async Capable": false, "Join Type": "Inner", "Startup Cost": 50000087168.19, "Total Cost": 50000089789.53, "Plan Rows": 6, "Plan Width": 8, "Inner Unique": true, "Plans": [{"Node Type": "Nested Loop", "Parent Relationship": "Outer", "Parallel Aware": false, "Async Capable": false, "Join Type": "Inner", "Startup Cost": 40000087168.05, "Total Cost": 40000089776.87, "Plan Rows": 23, "Plan Width": 12, "Inner Unique": true, "Plans": [{"Node Type": "Hash Join", "Parent Relationship": "Outer", "Parallel Aware": false, "Async Capable": false, "Join Type": "Inner", "Startup Cost": 30000087167.9, "Total Cost": 30000089762.23, "Plan Rows": 91, "Plan Width": 16, "Inner Unique": false, "Hash Cond": "(cc.movie_id = mk.movie_id)", "Plans": [{"Node Type": "Seq Scan", "Parent Relationship": "Outer", "Parallel Aware": false, "Async Capable": false, "Relation Name": "complete_cast", "Alias": "cc", "Startup Cost": 10000000000.0, "Total Cost": 10000002086.86, "Plan Rows": 135086, "Plan Width": 12}, {"Node Type": "Hash", "Parent Relationship": "Inner", "Parallel Aware": false, "Async Capable": false, "Startup Cost": 20000087166.63, "Total Cost": 20000087166.63, "Plan Rows": 101, "Plan Width": 4, "Plans": [{"Node Type": "Hash Join", "Parent Relationship": "Outer", "Parallel Aware": false, "Async Capable": false, "Join Type": "Inner", "Startup Cost": 20000005571.64, "Total Cost": 20000087166.63, "Plan Rows": 101, "Plan Width": 4, "Inner Unique": true, "Hash Cond": "(mk.keyword_id = k.id)", "Plans": [{"Node Type": "Seq Scan", "Parent Relationship": "Outer", "Parallel Aware": false, "Async Capable": false, "Relation Name": "movie_keyword", "Alias": "mk", "Startup Cost": 10000000000.0, "Total Cost": 10000069719.3, "Plan Rows": 4523930, "Plan Width": 8}, {"Node Type": "Hash", "Parent Relationship": "Inner", "Parallel Aware": false, "Async Capable": false, "Startup Cost": 10000005571.6, "Total Cost": 10000005571.6, "Plan Rows": 3, "Plan Width": 4, "Plans": [{"Node Type": "Index Scan", "Parent Relationship": "Outer", "Parallel Aware": false, "Async Capable": false, "Scan Direction": "Forward", "Index Name": "keyword_pkey", "Relation Name": "keyword", "Alias": "k", "Startup Cost": 10000000000.42, "Total Cost": 10000005571.6, "Plan Rows": 3, "Plan Width": 4, "Filter": "((keyword)::text = ANY ('{\"10,000-mile-club\",alienation,based-on-comic}'::text[]))"}]}]}]}]}, {"Node Type": "Memoize", "Parent Relationship": "Inner", "Parallel Aware": false, "Async Capable": false, "Startup Cost": 0.15, "Total Cost": 4.16, "Plan Rows": 1, "Plan Width": 4, "Cache Key": "cc.subject_id", "Cache Mode": "logical", "Plans": [{"Node Type": "Bitmap Heap Scan", "Parent Relationship": "Outer", "Parallel Aware": false, "Async Capable": false, "Relation Name": "comp_cast_type", "Alias": "cct1", "Startup Cost": 0.14, "Total Cost": 4.15, "Plan Rows": 1, "Plan Width": 4, "Recheck Cond": "(id = cc.subject_id)", "Filter": "((kind)::text = 'cast'::text)", "Plans": [{"Node Type": "Bitmap Index Scan", "Parent Relationship": "Outer", "Parallel Aware": false, "Async Capable": false, "Index Name": "comp_cast_type_pkey", "Startup Cost": 0.0, "Total Cost": 0.14, "Plan Rows": 1, "Plan Width": 0, "Index Cond": "(id = cc.subject_id)"}]}]}]}, {"Node Type": "Memoize", "Parent Relationship": "Inner", "Parallel Aware": false, "Async Capable": false, "Startup Cost": 0.15, "Total Cost": 4.16, "Plan Rows": 1, "Plan Width": 4, "Cache Key": "cc.status_id", "Cache Mode": "logical", "Plans": [{"Node Type": "Bitmap Heap Scan", "Parent Relationship": "Outer", "Parallel Aware": false, "Async Capable": false, "Relation Name": "comp_cast_type", "Alias": "cct2", "Startup Cost": 0.14, "Total Cost": 4.15, "Plan Rows": 1, "Plan Width": 4, "Recheck Cond": "(id = cc.status_id)", "Filter": "((kind)::text ~~ '%complete%'::text)", "Plans": [{"Node Type": "Bitmap Index Scan", "Parent Relationship": "Outer", "Parallel Aware": false, "Async Capable": false, "Index Name": "comp_cast_type_pkey", "Startup Cost": 0.0, "Total Cost": 0.14, "Plan Rows": 1, "Plan Width": 0, "Index Cond": "(id = cc.status_id)"}]}]}]}, {"Node Type": "Bitmap Heap Scan", "Parent Relationship": "Inner", "Parallel Aware": false, "Async Capable": false, "Relation Name": "title", "Alias": "t", "Startup Cost": 0.45, "Total Cost": 4.46, "Plan Rows": 1, "Plan Width": 25, "Recheck Cond": "(id = mk.movie_id)", "Filter": "(production_year >= 1972)", "Plans": [{"Node Type": "Bitmap Index Scan", "Parent Relationship": "Outer", "Parallel Aware": false, "Async Capable": false, "Index Name": "title_pkey", "Startup Cost": 0.0, "Total Cost": 0.45, "Plan Rows": 1, "Plan Width": 0, "Index Cond": "(id = mk.movie_id)"}]}]}]}]}, {"Node Type": "Hash", "Parent Relationship": "Inner", "Parallel Aware": false, "Async Capable": false, "Startup Cost": 10000000012.25, "Total Cost": 10000000012.25, "Plan Rows": 1, "Plan Width": 4, "Plans": [{"Node Type": "Index Scan", "Parent Relationship": "Outer", "Parallel Aware": false, "Async Capable": false, "Scan Direction": "Forward", "Index Name": "kind_type_pkey", "Relation Name": "kind_type", "Alias": "kt", "Startup Cost": 10000000000.13, "Total Cost": 10000000012.25, "Plan Rows": 1, "Plan Width": 4, "Filter": "((kind)::text = 'movie'::text)"}]}]}, {"Node Type": "Bitmap Heap Scan", "Parent Relationship": "Inner", "Parallel Aware": false, "Async Capable": false, "Relation Name": "char_name", "Alias": "chn", "Startup Cost": 0.44, "Total Cost": 4.46, "Plan Rows": 1, "Plan Width": 4, "Recheck Cond": "(id = ci.person_role_id)", "Filter": "(((name)::text !~~ '%Sherlock%'::text) AND (((name)::text ~~ '%Iron%Man%'::text) OR ((name)::text ~~ '%Man%'::text)))", "Plans": [{"Node Type": "Bitmap Index Scan", "Parent Relationship": "Outer", "Parallel Aware": false, "Async Capable": false, "Index Name": "char_name_pkey", "Startup Cost": 0.0, "Total Cost": 0.44, "Plan Rows": 1, "Plan Width": 0, "Index Cond": "(id = ci.person_role_id)"}]}]}, {"Node Type": "Bitmap Heap Scan", "Parent Relationship": "Inner", "Parallel Aware": false, "Async Capable": false, "Relation Name": "name", "Alias": "n", "Startup Cost": 0.44, "Total Cost": 4.45, "Plan Rows": 1, "Plan Width": 4, "Recheck Cond": "(id = ci.person_id)", "Plans": [{"Node Type": "Bitmap Index Scan", "Parent Relationship": "Outer", "Parallel Aware": false, "Async Capable": false, "Index Name": "name_pkey", "Startup Cost": 0.0, "Total Cost": 0.44, "Plan Rows": 1, "Plan Width": 0, "Index Cond": "(id = ci.person_id)"}]}]}]}}, {"Plan": {"Node Type": "Aggregate", "Strategy": "Plain", "Partial Mode": "Simple", "Parallel Aware": false, "Async Capable": false, "Startup Cost": 30001255858.25, "Total Cost": 30001255858.26, "Plan Rows": 1, "Plan Width": 32, "Plans": [{"Node Type": "Hash Join", "Parent Relationship": "Outer", "Parallel Aware": false, "Async Capable": false, "Join Type": "Inner", "Startup Cost": 30001103400.17, "Total Cost": 30001255858.25, "Plan Rows": 1, "Plan Width": 17, "Inner Unique": false, "Hash Cond": "(chn.id = ci.person_role_id)", "Plans": [{"Node Type": "Index Scan", "Parent Relationship": "Outer", "Parallel Aware": false, "Async Capable": false, "Scan Direction": "Forward", "Index Name": "char_name_pkey", "Relation Name": "char_name", "Alias": "chn", "Startup Cost": 0.43, "Total Cost": 152268.55, "Plan Rows": 50650, "Plan Width": 4, "Filter": "(((name)::text !~~ '%Sherlock%'::text) AND (((name)::text ~~ '%Iron%Man%'::text) OR ((name)::text ~~ '%Man%'::text)))"}, {"Node Type": "Hash", "Parent Relationship": "Inner", "Parallel Aware": false, "Async Capable": false, "Startup Cost": 30001103399.71, "Total Cost": 30001103399.71, "Plan Rows": 3, "Plan Width": 21, "Plans": [{"Node Type": "Hash Join", "Parent Relationship": "Outer", "Parallel Aware": false, "Async Capable": false, "Join Type": "Inner", "Startup Cost": 30000965169.91, "Total Cost": 30001103399.71, "Plan Rows": 3, "Plan Width": 21, "Inner Unique": true, "Hash Cond": "(t.kind_id = kt.id)", "Plans": [{"Node Type": "Hash Join", "Parent Relationship": "Outer", "Parallel Aware": false, "Async Capable": false, "Join Type": "Inner", "Startup Cost": 30000965157.65, "Total Cost": 30001103387.34, "Plan Rows": 24, "Plan Width": 25, "Inner Unique": false, "Hash Cond": "(n.id = ci.person_id)", "Plans": [{"Node Type": "Index Only Scan", "Parent Relationship": "Outer", "Parallel Aware": false, "Async Capable": false, "Scan Direction": "Forward", "Index Name": "name_pkey", "Relation Name": "name", "Alias": "n", "Startup Cost": 0.43, "Total Cost": 122601.8, "Plan Rows": 4167491, "Plan Width": 4}, {"Node Type": "Hash", "Parent Relationship": "Inner", "Parallel Aware": false, "Async Capable": false, "Startup Cost": 30000965156.92, "Total Cost": 30000965156.92, "Plan Rows": 24, "Plan Width": 29, "Plans": [{"Node Type": "Hash Join", "Parent Relationship": "Outer", "Parallel Aware": false, "Async Capable": false, "Join Type": "Inner", "Startup Cost": 30000214218.42, "Total Cost": 30000965156.92, "Plan Rows": 24, "Plan Width": 29, "Inner Unique": false, "Hash Cond": "(ci.movie_id = t.id)", "Plans": [{"Node Type": "Seq Scan", "Parent Relationship": "Outer", "Parallel Aware": false, "Async Capable": false, "Relation Name": "cast_info", "Alias": "ci", "Startup Cost": 10000000000.0, "Total Cost": 10000615060.2, "Plan Rows": 36234020, "Plan Width": 12}, {"Node Type": "Hash", "Parent Relationship": "Inner", "Parallel Aware": false, "Async Capable": false, "Startup Cost": 20000214218.36, "Total Cost": 20000214218.36, "Plan Rows": 5, "Plan Width": 33, "Plans": [{"Node Type": "Hash Join", "Parent Relationship": "Outer", "Parallel Aware": false, "Async Capable": false, "Join Type": "Inner", "Startup Cost": 20000089787.78, "Total Cost": 20000214218.36, "Plan Rows": 5, "Plan Width": 33, "Inner Unique": false, "Hash Cond": "(t.id = mk.movie_id)", "Plans": [{"Node Type": "Index Scan", "Parent Relationship": "Outer", "Parallel Aware": false, "Async Capable": false, "Scan Direction": "Forward", "Index Name": "title_pkey", "Relation Name": "title", "Alias": "t", "Startup Cost": 0.43, "Total Cost": 116689.45, "Plan Rows": 2064403, "Plan Width": 25, "Filter": "(production_year >= 1972)"}, {"Node Type": "Hash", "Parent Relationship": "Inner", "Parallel Aware": false, "Async Capable": false, "Startup Cost": 20000089787.28, "Total Cost": 20000089787.28, "Plan Rows": 6, "Plan Width": 8, "Plans": [{"Node Type": "Hash Join", "Parent Relationship": "Outer", "Parallel Aware": false, "Async Capable": false, "Join Type": "Inner", "Startup Cost": 20000087192.32, "Total Cost": 20000089787.28, "Plan Rows": 6, "Plan Width": 8, "Inner Unique": true, "Hash Cond": "(cc.status_id = cct2.id)", "Plans": [{"Node Type": "Hash Join", "Parent Relationship": "Outer", "Parallel Aware": false, "Async Capable": false, "Join Type": "Inner", "Startup Cost": 20000087180.11, "Total Cost": 20000089774.94, "Plan Rows": 23, "Plan Width": 12, "Inner Unique": true, "Hash Cond": "(cc.subject_id = cct1.id)", "Plans": [{"Node Type": "Hash Join", "Parent Relationship": "Outer", "Parallel Aware": false, "Async Capable": false, "Join Type": "Inner", "Startup Cost": 20000087167.9, "Total Cost": 20000089762.23, "Plan Rows": 91, "Plan Width": 16, "Inner Unique": false, "Hash Cond": "(cc.movie_id = mk.movie_id)", "Plans": [{"Node Type": "Seq Scan", "Parent Relationship": "Outer", "Parallel Aware": false, "Async Capable": false, "Relation Name": "complete_cast", "Alias": "cc", "Startup Cost": 10000000000.0, "Total Cost": 10000002086.86, "Plan Rows": 135086, "Plan Width": 12}, {"Node Type": "Hash", "Parent Relationship": "Inner", "Parallel Aware": false, "Async Capable": false, "Startup Cost": 10000087166.63, "Total Cost": 10000087166.63, "Plan Rows": 101, "Plan Width": 4, "Plans": [{"Node Type": "Hash Join", "Parent Relationship": "Outer", "Parallel Aware": false, "Async Capable": false, "Join Type": "Inner", "Startup Cost": 10000005571.64, "Total Cost": 10000087166.63, "Plan Rows": 101, "Plan Width": 4, "Inner Unique": true, "Hash Cond": "(mk.keyword_id = k.id)", "Plans": [{"Node Type": "Seq Scan", "Parent Relationship": "Outer", "Parallel Aware": false, "Async Capable": false, "Relation Name": "movie_keyword", "Alias": "mk", "Startup Cost": 10000000000.0, "Total Cost": 10000069719.3, "Plan Rows": 4523930, "Plan Width": 8}, {"Node Type": "Hash", "Parent Relationship": "Inner", "Parallel Aware": false, "Async Capable": false, "Startup Cost": 5571.6, "Total Cost": 5571.6, "Plan Rows": 3, "Plan Width": 4, "Plans": [{"Node Type": "Index Scan", "Parent Relationship": "Outer", "Parallel Aware": false, "Async Capable": false, "Scan Direction": "Forward", "Index Name": "keyword_pkey", "Relation Name": "keyword", "Alias": "k", "Startup Cost": 0.42, "Total Cost": 5571.6, "Plan Rows": 3, "Plan Width": 4, "Filter": "((keyword)::text = ANY ('{\"10,000-mile-club\",alienation,based-on-comic}'::text[]))"}]}]}]}]}, {"Node Type": "Hash", "Parent Relationship": "Inner", "Parallel Aware": false, "Async Capable": false, "Startup Cost": 12.2, "Total Cost": 12.2, "Plan Rows": 1, "Plan Width": 4, "Plans": [{"Node Type": "Index Scan", "Parent Relationship": "Outer", "Parallel Aware": false, "Async Capable": false, "Scan Direction": "Forward", "Index Name": "comp_cast_type_pkey", "Relation Name": "comp_cast_type", "Alias": "cct1", "Startup Cost": 0.13, "Total Cost": 12.2, "Plan Rows": 1, "Plan Width": 4, "Filter": "((kind)::text = 'cast'::text)"}]}]}, {"Node Type": "Hash", "Parent Relationship": "Inner", "Parallel Aware": false, "Async Capable": false, "Startup Cost": 12.2, "Total Cost": 12.2, "Plan Rows": 1, "Plan Width": 4, "Plans": [{"Node Type": "Index Scan", "Parent Relationship": "Outer", "Parallel Aware": false, "Async Capable": false, "Scan Direction": "Forward", "Index Name": "comp_cast_type_pkey", "Relation Name": "comp_cast_type", "Alias": "cct2", "Startup Cost": 0.13, "Total Cost": 12.2, "Plan Rows": 1, "Plan Width": 4, "Filter": "((kind)::text ~~ '%complete%'::text)"}]}]}]}]}]}]}]}]}, {"Node Type": "Hash", "Parent Relationship": "Inner", "Parallel Aware": false, "Async Capable": false, "Startup Cost": 12.26, "Total Cost": 12.26, "Plan Rows": 1, "Plan Width": 4, "Plans": [{"Node Type": "Index Scan", "Parent Relationship": "Outer", "Parallel Aware": false, "Async Capable": false, "Scan Direction": "Forward", "Index Name": "kind_type_pkey", "Relation Name": "kind_type", "Alias": "kt", "Startup Cost": 0.13, "Total Cost": 12.26, "Plan Rows": 1, "Plan Width": 4, "Filter": "((kind)::text = 'movie'::text)"}]}]}]}]}]}}, {"Plan": {"Node Type": "Aggregate", "Strategy": "Plain", "Partial Mode": "Simple", "Parallel Aware": false, "Async Capable": false, "Startup Cost": 30001245462.87, "Total Cost": 30001245462.88, "Plan Rows": 1, "Plan Width": 32, "Plans": [{"Node Type": "Hash Join", "Parent Relationship": "Outer", "Parallel Aware": false, "Async Capable": false, "Join Type": "Inner", "Startup Cost": 30001093068.05, "Total Cost": 30001245462.87, "Plan Rows": 1, "Plan Width": 17, "Inner Unique": true, "Hash Cond": "(t.kind_id = kt.id)", "Plans": [{"Node Type": "Merge Join", "Parent Relationship": "Outer", "Parallel Aware": false, "Async Capable": false, "Join Type": "Inner", "Startup Cost": 30001093055.78, "Total Cost": 30001245450.6, "Plan Rows": 1, "Plan Width": 21, "Inner Unique": false, "Merge Cond": "(chn.id = ci.person_role_id)", "Plans": [{"Node Type": "Index Scan", "Parent Relationship": "Outer", "Parallel Aware": false, "Async Capable": false, "Scan Direction": "Forward", "Index Name": "char_name_pkey", "Relation Name": "char_name", "Alias": "chn", "Startup Cost": 0.43, "Total Cost": 152268.55, "Plan Rows": 50650, "Plan Width": 4, "Filter": "(((name)::text !~~ '%Sherlock%'::text) AND (((name)::text ~~ '%Iron%Man%'::text) OR ((name)::text ~~ '%Man%'::text)))"}, {"Node Type": "Sort", "Parent Relationship": "Inner", "Parallel Aware": false, "Async Capable": false, "Startup Cost": 30001093055.35, "Total Cost": 30001093055.41, "Plan Rows": 24, "Plan Width": 25, "Sort Key": ["ci.person_role_id"], "Plans": [{"Node Type": "Merge Join", "Parent Relationship": "Outer", "Parallel Aware": false, "Async Capable": false, "Join Type": "Inner", "Startup Cost": 30000963459.04, "Total Cost": 30001093054.8, "Plan Rows": 24, "Plan Width": 25, "Inner Unique": true, "Merge Cond": "(ci.person_id = n.id)", "Plans": [{"Node Type": "Sort", "Parent Relationship": "Outer", "Parallel Aware": false, "Async Capable": false, "Startup Cost": 30000963458.61, "Total Cost": 30000963458.67, "Plan Rows": 24, "Plan Width": 29, "Sort Key": ["ci.person_id"], "Plans": [{"Node Type": "Hash Join", "Parent Relationship": "Outer", "Parallel Aware": false, "Async Capable": false, "Join Type": "Inner", "Startup Cost": 30000212519.57, "Total Cost": 30000963458.06, "Plan Rows": 24, "Plan Width": 29, "Inner Unique": false, "Hash Cond": "(ci.movie_id = t.id)", "Plans": [{"Node Type": "Seq Scan", "Parent Relationship": "Outer", "Parallel Aware": false, "Async Capable": false, "Relation Name": "cast_info", "Alias": "ci", "Startup Cost": 10000000000.0, "Total Cost": 10000615060.2, "Plan Rows": 36234020, "Plan Width": 12}, {"Node Type": "Hash", "Parent Relationship": "Inner", "Parallel Aware": false, "Async Capable": false, "Startup Cost": 20000212519.5, "Total Cost": 20000212519.5, "Plan Rows": 5, "Plan Width": 33, "Plans": [{"Node Type": "Merge Join", "Parent Relationship": "Outer", "Parallel Aware": false, "Async Capable": false, "Join Type": "Inner", "Startup Cost": 20000090747.6, "Total Cost": 20000212519.5, "Plan Rows": 5, "Plan Width": 33, "Inner Unique": true, "Merge Cond": "(mk.movie_id = t.id)", "Plans": [{"Node Type": "Merge Join", "Parent Relationship": "Outer", "Parallel Aware": false, "Async Capable": false, "Join Type": "Inner", "Startup Cost": 20000090744.81, "Total Cost": 20000090786.8, "Plan Rows": 6, "Plan Width": 8, "Inner Unique": false, "Merge Cond": "(mk.movie_id = cc.movie_id)", "Plans": [{"Node Type": "Sort", "Parent Relationship": "Outer", "Parallel Aware": false, "Async Capable": false, "Startup Cost": 10000087170.0, "Total Cost": 10000087170.25, "Plan Rows": 101, "Plan Width": 4, "Sort Key": ["mk.movie_id"], "Plans": [{"Node Type": "Hash Join", "Parent Relationship": "Outer", "Parallel Aware": false, "Async Capable": false, "Join Type": "Inner", "Startup Cost": 10000005571.64, "Total Cost": 10000087166.63, "Plan Rows": 101, "Plan Width": 4, "Inner Unique": true, "Hash Cond": "(mk.keyword_id = k.id)", "Plans": [{"Node Type": "Seq Scan", "Parent Relationship": "Outer", "Parallel Aware": false, "Async Capable": false, "Relation Name": "movie_keyword", "Alias": "mk", "Startup Cost": 10000000000.0, "Total Cost": 10000069719.3, "Plan Rows": 4523930, "Plan Width": 8}, {"Node Type": "Hash", "Parent Relationship": "Inner", "Parallel Aware": false, "Async Capable": false, "Startup Cost": 5571.6, "Total Cost": 5571.6, "Plan Rows": 3, "Plan Width": 4, "Plans": [{"Node Type": "Index Scan", "Parent Relationship": "Outer", "Parallel Aware": false, "Async Capable": false, "Scan Direction": "Forward", "Index Name": "keyword_pkey", "Relation Name": "keyword", "Alias": "k", "Startup Cost": 0.42, "Total Cost": 5571.6, "Plan Rows": 3, "Plan Width": 4, "Filter": "((keyword)::text = ANY ('{\"10,000-mile-club\",alienation,based-on-comic}'::text[]))"}]}]}]}, {"Node Type": "Sort", "Parent Relationship": "Inner", "Parallel Aware": false, "Async Capable": false, "Startup Cost": 10000003574.81, "Total Cost": 10000003595.92, "Plan Rows": 8443, "Plan Width": 4, "Sort Key": ["cc.movie_id"], "Plans": [{"Node Type": "Hash Join", "Parent Relationship": "Outer", "Parallel Aware": false, "Async Capable": false, "Join Type": "Inner", "Startup Cost": 10000000024.43, "Total Cost": 10000003024.18, "Plan Rows": 8443, "Plan Width": 4, "Inner Unique": true, "Hash Cond": "(cc.status_id = cct2.id)", "Plans": [{"Node Type": "Hash Join", "Parent Relationship": "Outer", "Parallel Aware": false, "Async Capable": false, "Join Type": "Inner", "Startup Cost": 10000000012.21, "Total Cost": 10000002829.39, "Plan Rows": 33772, "Plan Width": 8, "Inner Unique": true, "Hash Cond": "(cc.subject_id = cct1.id)", "Plans": [{"Node Type": "Seq Scan", "Parent Relationship": "Outer", "Parallel Aware": false, "Async Capable": false, "Relation Name": "complete_cast", "Alias": "cc", "Startup Cost": 10000000000.0, "Total Cost": 10000002086.86, "Plan Rows": 135086, "Plan Width": 12}, {"Node Type": "Hash", "Parent Relationship": "Inner", "Parallel Aware": false, "Async Capable": false, "Startup Cost": 12.2, "Total Cost": 12.2, "Plan Rows": 1, "Plan Width": 4, "Plans": [{"Node Type": "Index Scan", "Parent Relationship": "Outer", "Parallel Aware": false, "Async Capable": false, "Scan Direction": "Forward", "Index Name": "comp_cast_type_pkey", "Relation Name": "comp_cast_type", "Alias": "cct1", "Startup Cost": 0.13, "Total Cost": 12.2, "Plan Rows": 1, "Plan Width": 4, "Filter": "((kind)::text = 'cast'::text)"}]}]}, {"Node Type": "Hash", "Parent Relationship": "Inner", "Parallel Aware": false, "Async Capable": false, "Startup Cost": 12.2, "Total Cost": 12.2, "Plan Rows": 1, "Plan Width": 4, "Plans": [{"Node Type": "Index Scan", "Parent Relationship": "Outer", "Parallel Aware": false, "Async Capable": false, "Scan Direction": "Forward", "Index Name": "comp_cast_type_pkey", "Relation Name": "comp_cast_type", "Alias": "cct2", "Startup Cost": 0.13, "Total Cost": 12.2, "Plan Rows": 1, "Plan Width": 4, "Filter": "((kind)::text ~~ '%complete%'::text)"}]}]}]}]}, {"Node Type": "Index Scan", "Parent Relationship": "Inner", "Parallel Aware": false, "Async Capable": false, "Scan Direction": "Forward", "Index Name": "title_pkey", "Relation Name": "title", "Alias": "t", "Startup Cost": 0.43, "Total Cost": 116689.45, "Plan Rows": 2064403, "Plan Width": 25, "Filter": "(production_year >= 1972)"}]}]}]}]}, {"Node Type": "Index Only Scan", "Parent Relationship": "Inner", "Parallel Aware": false, "Async Capable": false, "Scan Direction": "Forward", "Index Name": "name_pkey", "Relation Name": "name", "Alias": "n", "Startup Cost": 0.43, "Total Cost": 122601.8, "Plan Rows": 4167491, "Plan Width": 4}]}]}]}, {"Node Type": "Hash", "Parent Relationship": "Inner", "Parallel Aware": false, "Async Capable": false, "Startup Cost": 12.26, "Total Cost": 12.26, "Plan Rows": 1, "Plan Width": 4, "Plans": [{"Node Type": "Index Scan", "Parent Relationship": "Outer", "Parallel Aware": false, "Async Capable": false, "Scan Direction": "Forward", "Index Name": "kind_type_pkey", "Relation Name": "kind_type", "Alias": "kt", "Startup Cost": 0.13, "Total Cost": 12.26, "Plan Rows": 1, "Plan Width": 4, "Filter": "((kind)::text = 'movie'::text)"}]}]}]}}, {"Plan": {"Node Type": "Aggregate", "Strategy": "Plain", "Partial Mode": "Simple", "Parallel Aware": false, "Async Capable": false, "Startup Cost": 30000841730.27, "Total Cost": 30000841730.28, "Plan Rows": 1, "Plan Width": 32, "Plans": [{"Node Type": "Nested Loop", "Parent Relationship": "Outer", "Parallel Aware": false, "Async Capable": false, "Join Type": "Inner", "Startup Cost": 30000090791.38, "Total Cost": 30000841730.27, "Plan Rows": 1, "Plan Width": 17, "Inner Unique": true, "Plans": [{"Node Type": "Nested Loop", "Parent Relationship": "Outer", "Parallel Aware": false, "Async Capable": false, "Join Type": "Inner", "Startup Cost": 30000090790.95, "Total Cost": 30000841729.82, "Plan Rows": 1, "Plan Width": 21, "Inner Unique": true, "Plans": [{"Node Type": "Hash Join", "Parent Relationship": "Outer", "Parallel Aware": false, "Async Capable": false, "Join Type": "Inner", "Startup Cost": 30000090790.52, "Total Cost": 30000841728.44, "Plan Rows": 3, "Plan Width": 25, "Inner Unique": false, "Hash Cond": "(ci.movie_id = t.id)", "Plans": [{"Node Type": "Seq Scan", "Parent Relationship": "Outer", "Parallel Aware": false, "Async Capable": false, "Relation Name": "cast_info", "Alias": "ci", "Startup Cost": 10000000000.0, "Total Cost": 10000615060.2, "Plan Rows": 36234020, "Plan Width": 12}, {"Node Type": "Hash", "Parent Relationship": "Inner", "Parallel Aware": false, "Async Capable": false, "Startup Cost": 20000090790.51, "Total Cost": 20000090790.51, "Plan Rows": 1, "Plan Width": 29, "Plans": [{"Node Type": "Nested Loop", "Parent Relationship": "Outer", "Parallel Aware": false, "Async Capable": false, "Join Type": "Inner", "Startup Cost": 20000090745.37, "Total Cost": 20000090790.51, "Plan Rows": 1, "Plan Width": 29, "Inner Unique": true, "Plans": [{"Node Type": "Nested Loop", "Parent Relationship": "Outer", "Parallel Aware": false, "Async Capable": false, "Join Type": "Inner", "Startup Cost": 20000090745.24, "Total Cost": 20000090789.74, "Plan Rows": 5, "Plan Width": 33, "Inner Unique": true, "Plans": [{"Node Type": "Merge Join", "Parent Relationship": "Outer", "Parallel Aware": false, "Async Capable": false, "Join Type": "Inner", "Startup Cost": 20000090744.81, "Total Cost": 20000090786.8, "Plan Rows": 6, "Plan Width": 8, "Inner Unique": false, "Merge Cond": "(mk.movie_id = cc.movie_id)", "Plans": [{"Node Type": "Sort", "Parent Relationship": "Outer", "Parallel Aware": false, "Async Capable": false, "Startup Cost": 10000087170.0, "Total Cost": 10000087170.25, "Plan Rows": 101, "Plan Width": 4, "Sort Key": ["mk.movie_id"], "Plans": [{"Node Type": "Hash Join", "Parent Relationship": "Outer", "Parallel Aware": false, "Async Capable": false, "Join Type": "Inner", "Startup Cost": 10000005571.64, "Total Cost": 10000087166.63, "Plan Rows": 101, "Plan Width": 4, "Inner Unique": true, "Hash Cond": "(mk.keyword_id = k.id)", "Plans": [{"Node Type": "Seq Scan", "Parent Relationship": "Outer", "Parallel Aware": false, "Async Capable": false, "Relation Name": "movie_keyword", "Alias": "mk", "Startup Cost": 10000000000.0, "Total Cost": 10000069719.3, "Plan Rows": 4523930, "Plan Width": 8}, {"Node Type": "Hash", "Parent Relationship": "Inner", "Parallel Aware": false, "Async Capable": false, "Startup Cost": 5571.6, "Total Cost": 5571.6, "Plan Rows": 3, "Plan Width": 4, "Plans": [{"Node Type": "Index Scan", "Parent Relationship": "Outer", "Parallel Aware": false, "Async Capable": false, "Scan Direction": "Forward", "Index Name": "keyword_pkey", "Relation Name": "keyword", "Alias": "k", "Startup Cost": 0.42, "Total Cost": 5571.6, "Plan Rows": 3, "Plan Width": 4, "Filter": "((keyword)::text = ANY ('{\"10,000-mile-club\",alienation,based-on-comic}'::text[]))"}]}]}]}, {"Node Type": "Sort", "Parent Relationship": "Inner", "Parallel Aware": false, "Async Capable": false, "Startup Cost": 10000003574.81, "Total Cost": 10000003595.92, "Plan Rows": 8443, "Plan Width": 4, "Sort Key": ["cc.movie_id"], "Plans": [{"Node Type": "Hash Join", "Parent Relationship": "Outer", "Parallel Aware": false, "Async Capable": false, "Join Type": "Inner", "Startup Cost": 10000000024.43, "Total Cost": 10000003024.18, "Plan Rows": 8443, "Plan Width": 4, "Inner Unique": true, "Hash Cond": "(cc.status_id = cct2.id)", "Plans": [{"Node Type": "Hash Join", "Parent Relationship": "Outer", "Parallel Aware": false, "Async Capable": false, "Join Type": "Inner", "Startup Cost": 10000000012.21, "Total Cost": 10000002829.39, "Plan Rows": 33772, "Plan Width": 8, "Inner Unique": true, "Hash Cond": "(cc.subject_id = cct1.id)", "Plans": [{"Node Type": "Seq Scan", "Parent Relationship": "Outer", "Parallel Aware": false, "Async Capable": false, "Relation Name": "complete_cast", "Alias": "cc", "Startup Cost": 10000000000.0, "Total Cost": 10000002086.86, "Plan Rows": 135086, "Plan Width": 12}, {"Node Type": "Hash", "Parent Relationship": "Inner", "Parallel Aware": false, "Async Capable": false, "Startup Cost": 12.2, "Total Cost": 12.2, "Plan Rows": 1, "Plan Width": 4, "Plans": [{"Node Type": "Index Scan", "Parent Relationship": "Outer", "Parallel Aware": false, "Async Capable": false, "Scan Direction": "Forward", "Index Name": "comp_cast_type_pkey", "Relation Name": "comp_cast_type", "Alias": "cct1", "Startup Cost": 0.13, "Total Cost": 12.2, "Plan Rows": 1, "Plan Width": 4, "Filter": "((kind)::text = 'cast'::text)"}]}]}, {"Node Type": "Hash", "Parent Relationship": "Inner", "Parallel Aware": false, "Async Capable": false, "Startup Cost": 12.2, "Total Cost": 12.2, "Plan Rows": 1, "Plan Width": 4, "Plans": [{"Node Type": "Index Scan", "Parent Relationship": "Outer", "Parallel Aware": false, "Async Capable": false, "Scan Direction": "Forward", "Index Name": "comp_cast_type_pkey", "Relation Name": "comp_cast_type", "Alias": "cct2", "Startup Cost": 0.13, "Total Cost": 12.2, "Plan Rows": 1, "Plan Width": 4, "Filter": "((kind)::text ~~ '%complete%'::text)"}]}]}]}]}, {"Node Type": "Index Scan", "Parent Relationship": "Inner", "Parallel Aware": false, "Async Capable": false, "Scan Direction": "Forward", "Index Name": "title_pkey", "Relation Name": "title", "Alias": "t", "Startup Cost": 0.43, "Total Cost": 0.49, "Plan Rows": 1, "Plan Width": 25, "Index Cond": "(id = mk.movie_id)", "Filter": "(production_year >= 1972)"}]}, {"Node Type": "Index Scan", "Parent Relationship": "Inner", "Parallel Aware": false, "Async Capable": false, "Scan Direction": "Forward", "Index Name": "kind_type_pkey", "Relation Name": "kind_type", "Alias": "kt", "Startup Cost": 0.13, "Total Cost": 0.15, "Plan Rows": 1, "Plan Width": 4, "Index Cond": "(id = t.kind_id)", "Filter": "((kind)::text = 'movie'::text)"}]}]}]}, {"Node Type": "Index Scan", "Parent Relationship": "Inner", "Parallel Aware": false, "Async Capable": false, "Scan Direction": "Forward", "Index Name": "char_name_pkey", "Relation Name": "char_name", "Alias": "chn", "Startup Cost": 0.43, "Total Cost": 0.46, "Plan Rows": 1, "Plan Width": 4, "Index Cond": "(id = ci.person_role_id)", "Filter": "(((name)::text !~~ '%Sherlock%'::text) AND (((name)::text ~~ '%Iron%Man%'::text) OR ((name)::text ~~ '%Man%'::text)))"}]}, {"Node Type": "Index Only Scan", "Parent Relationship": "Inner", "Parallel Aware": false, "Async Capable": false, "Scan Direction": "Forward", "Index Name": "name_pkey", "Relation Name": "name", "Alias": "n", "Startup Cost": 0.43, "Total Cost": 0.45, "Plan Rows": 1, "Plan Width": 4, "Index Cond": "(id = ci.person_id)"}]}]}}, {"Plan": {"Node Type": "Aggregate", "Strategy": "Plain", "Partial Mode": "Simple", "Parallel Aware": false, "Async Capable": false, "Startup Cost": 545176.45, "Total Cost": 545176.46, "Plan Rows": 1, "Plan Width": 32, "Plans": [{"Node Type": "Hash Join", "Parent Relationship": "Outer", "Parallel Aware": false, "Async Capable": false, "Join Type": "Inner", "Startup Cost": 475194.58, "Total Cost": 545176.45, "Plan Rows": 1, "Plan Width": 17, "Inner Unique": true, "Hash Cond": "(t.kind_id = kt.id)", "Plans": [{"Node Type": "Gather", "Parent Relationship": "Outer", "Parallel Aware": false, "Async Capable": false, "Startup Cost": 475193.48, "Total Cost": 545175.35, "Plan Rows": 1, "Plan Width": 21, "Workers Planned": 4, "Single Copy": false, "Plans": [{"Node Type": "Hash Join", "Parent Relationship": "Outer", "Parallel Aware": true, "Async Capable": false, "Join Type": "Inner", "Startup Cost": 474193.48, "Total Cost": 544175.25, "Plan Rows": 1, "Plan Width": 21, "Inner Unique": false, "Hash Cond": "(n.id = ci.person_id)", "Plans": [{"Node Type": "Seq Scan", "Parent Relationship": "Outer", "Parallel Aware": true, "Async Capable": false, "Relation Name": "name", "Alias": "n", "Startup Cost": 0.0, "Total Cost": 66074.73, "Plan Rows": 1041873, "Plan Width": 4}, {"Node Type": "Hash", "Parent Relationship": "Inner", "Parallel Aware": true, "Async Capable": false, "Startup Cost": 474193.47, "Total Cost": 474193.47, "Plan Rows": 1, "Plan Width": 25, "Plans": [{"Node Type": "Hash Join", "Parent Relationship": "Outer", "Parallel Aware": false, "Async Capable": false, "Join Type": "Inner", "Startup Cost": 428349.08, "Total Cost": 474193.47, "Plan Rows": 1, "Plan Width": 25, "Inner Unique": false, "Hash Cond": "(t.id = cc.movie_id)", "Plans": [{"Node Type": "Hash Join", "Parent Relationship": "Outer", "Parallel Aware": true, "Async Capable": false, "Join Type": "Inner", "Startup Cost": 425241.66, "Total Cost": 471086.02, "Plan Rows": 6, "Plan Width": 37, "Inner Unique": false, "Hash Cond": "(t.id = mk.movie_id)", "Plans": [{"Node Type": "Seq Scan", "Parent Relationship": "Outer", "Parallel Aware": true, "Async Capable": false, "Relation Name": "title", "Alias": "t", "Startup Cost": 0.0, "Total Cost": 43908.97, "Plan Rows": 516101, "Plan Width": 25, "Filter": "(production_year >= 1972)"}, {"Node Type": "Hash", "Parent Relationship": "Inner", "Parallel Aware": true, "Async Capable": false, "Startup Cost": 425241.6, "Total Cost": 425241.6, "Plan Rows": 5, "Plan Width": 12, "Plans": [{"Node Type": "Hash Join", "Parent Relationship": "Outer", "Parallel Aware": true, "Async Capable": false, "Join Type": "Inner", "Startup Cost": 96102.74, "Total Cost": 425241.6, "Plan Rows": 5, "Plan Width": 12, "Inner Unique": false, "Hash Cond": "(ci.movie_id = mk.movie_id)", "Plans": [{"Node Type": "Hash Join", "Parent Relationship": "Outer", "Parallel Aware": true, "Async Capable": false, "Join Type": "Inner", "Startup Cost": 50345.26, "Total Cost": 379307.69, "Plan Rows": 47046, "Plan Width": 8, "Inner Unique": true, "Hash Cond": "(ci.person_role_id = chn.id)", "Plans": [{"Node Type": "Seq Scan", "Parent Relationship": "Outer", "Parallel Aware": true, "Async Capable": false, "Relation Name": "cast_info", "Alias": "ci", "Startup Cost": 0.0, "Total Cost": 313110.03, "Plan Rows": 6039003, "Plan Width": 12}, {"Node Type": "Hash", "Parent Relationship": "Inner", "Parallel Aware": true, "Async Capable": false, "Startup Cost": 50186.98, "Total Cost": 50186.98, "Plan Rows": 12662, "Plan Width": 4, "Plans": [{"Node Type": "Seq Scan", "Parent Relationship": "Outer", "Parallel Aware": true, "Async Capable": false, "Relation Name": "char_name", "Alias": "chn", "Startup Cost": 0.0, "Total Cost": 50186.98, "Plan Rows": 12662, "Plan Width": 4, "Filter": "(((name)::text !~~ '%Sherlock%'::text) AND (((name)::text ~~ '%Iron%Man%'::text) OR ((name)::text ~~ '%Man%'::text)))"}]}]}, {"Node Type": "Hash", "Parent Relationship": "Inner", "Parallel Aware": true, "Async Capable": false, "Startup Cost": 45757.07, "Total Cost": 45757.07, "Plan Rows": 33, "Plan Width": 4, "Plans": [{"Node Type": "Hash Join", "Parent Relationship": "Outer", "Parallel Aware": false, "Async Capable": false, "Join Type": "Inner", "Startup Cost": 2852.88, "Total Cost": 45757.07, "Plan Rows": 33, "Plan Width": 4, "Inner Unique": true, "Hash Cond": "(mk.keyword_id = k.id)", "Plans": [{"Node Type": "Seq Scan", "Parent Relationship": "Outer", "Parallel Aware": true, "Async Capable": false, "Relation Name": "movie_keyword", "Alias": "mk", "Startup Cost": 0.0, "Total Cost": 39073.32, "Plan Rows": 1459332, "Plan Width": 8}, {"Node Type": "Hash", "Parent Relationship": "Inner", "Parallel Aware": false, "Async Capable": false, "Startup Cost": 2852.84, "Total Cost": 2852.84, "Plan Rows": 3, "Plan Width": 4, "Plans": [{"Node Type": "Seq Scan", "Parent Relationship": "Outer", "Parallel Aware": false, "Async Capable": false, "Relation Name": "keyword", "Alias": "k", "Startup Cost": 0.0, "Total Cost": 2852.84, "Plan Rows": 3, "Plan Width": 4, "Filter": "((keyword)::text = ANY ('{\"10,000-mile-club\",alienation,based-on-comic}'::text[]))"}]}]}]}]}]}]}, {"Node Type": "Hash", "Parent Relationship": "Inner", "Parallel Aware": false, "Async Capable": false, "Startup Cost": 3001.88, "Total Cost": 3001.88, "Plan Rows": 8443, "Plan Width": 4, "Plans": [{"Node Type": "Hash Join", "Parent Relationship": "Outer", "Parallel Aware": false, "Async Capable": false, "Join Type": "Inner", "Startup Cost": 2.12, "Total Cost": 3001.88, "Plan Rows": 8443, "Plan Width": 4, "Inner Unique": true, "Hash Cond": "(cc.status_id = cct2.id)", "Plans": [{"Node Type": "Hash Join", "Parent Relationship": "Outer", "Parallel Aware": false, "Async Capable": false, "Join Type": "Inner", "Startup Cost": 1.06, "Total Cost": 2818.24, "Plan Rows": 33772, "Plan Width": 8, "Inner Unique": true, "Hash Cond": "(cc.subject_id = cct1.id)", "Plans": [{"Node Type": "Seq Scan", "Parent Relationship": "Outer", "Parallel Aware": false, "Async Capable": false, "Relation Name": "complete_cast", "Alias": "cc", "Startup Cost": 0.0, "Total Cost": 2086.86, "Plan Rows": 135086, "Plan Width": 12}, {"Node Type": "Hash", "Parent Relationship": "Inner", "Parallel Aware": false, "Async Capable": false, "Startup Cost": 1.05, "Total Cost": 1.05, "Plan Rows": 1, "Plan Width": 4, "Plans": [{"Node Type": "Seq Scan", "Parent Relationship": "Outer", "Parallel Aware": false, "Async Capable": false, "Relation Name": "comp_cast_type", "Alias": "cct1", "Startup Cost": 0.0, "Total Cost": 1.05, "Plan Rows": 1, "Plan Width": 4, "Filter": "((kind)::text = 'cast'::text)"}]}]}, {"Node Type": "Hash", "Parent Relationship": "Inner", "Parallel Aware": false, "Async Capable": false, "Startup Cost": 1.05, "Total Cost": 1.05, "Plan Rows": 1, "Plan Width": 4, "Plans": [{"Node Type": "Seq Scan", "Parent Relationship": "Outer", "Parallel Aware": false, "Async Capable": false, "Relation Name": "comp_cast_type", "Alias": "cct2", "Startup Cost": 0.0, "Total Cost": 1.05, "Plan Rows": 1, "Plan Width": 4, "Filter": "((kind)::text ~~ '%complete%'::text)"}]}]}]}]}]}]}]}, {"Node Type": "Hash", "Parent Relationship": "Inner", "Parallel Aware": false, "Async Capable": false, "Startup Cost": 1.09, "Total Cost": 1.09, "Plan Rows": 1, "Plan Width": 4, "Plans": [{"Node Type": "Seq Scan", "Parent Relationship": "Outer", "Parallel Aware": false, "Async Capable": false, "Relation Name": "kind_type", "Alias": "kt", "Startup Cost": 0.0, "Total Cost": 1.09, "Plan Rows": 1, "Plan Width": 4, "Filter": "((kind)::text = 'movie'::text)"}]}]}]}}, {"Plan": {"Node Type": "Aggregate", "Strategy": "Plain", "Partial Mode": "Simple", "Parallel Aware": false, "Async Capable": false, "Startup Cost": 30000840720.34, "Total Cost": 30000840720.35, "Plan Rows": 1, "Plan Width": 32, "Plans": [{"Node Type": "Nested Loop", "Parent Relationship": "Outer", "Parallel Aware": false, "Async Capable": false, "Join Type": "Inner", "Startup Cost": 30000089767.45, "Total Cost": 30000840720.34, "Plan Rows": 1, "Plan Width": 17, "Inner Unique": true, "Plans": [{"Node Type": "Nested Loop", "Parent Relationship": "Outer", "Parallel Aware": false, "Async Capable": false, "Join Type": "Inner", "Startup Cost": 30000089767.32, "Total Cost": 30000840720.17, "Plan Rows": 1, "Plan Width": 21, "Inner Unique": true, "Join Filter": "(t.id = mk.movie_id)", "Plans": [{"Node Type": "Nested Loop", "Parent Relationship": "Outer", "Parallel Aware": false, "Async Capable": false, "Join Type": "Inner", "Startup Cost": 30000089766.89, "Total Cost": 30000840719.7, "Plan Rows": 1, "Plan Width": 12, "Inner Unique": true, "Plans": [{"Node Type": "Nested Loop", "Parent Relationship": "Outer", "Parallel Aware": false, "Async Capable": false, "Join Type": "Inner", "Startup Cost": 30000089766.46, "Total Cost": 30000840719.25, "Plan Rows": 1, "Plan Width": 16, "Inner Unique": true, "Plans": [{"Node Type": "Hash Join", "Parent Relationship": "Outer", "Parallel Aware": false, "Async Capable": false, "Join Type": "Inner", "Startup Cost": 30000089766.03, "Total Cost": 30000840705.9, "Plan Rows": 29, "Plan Width": 20, "Inner Unique": false, "Hash Cond": "(ci.movie_id = mk.movie_id)", "Plans": [{"Node Type": "Seq Scan", "Parent Relationship": "Outer", "Parallel Aware": false, "Async Capable": false, "Relation Name": "cast_info", "Alias": "ci", "Startup Cost": 10000000000.0, "Total Cost": 10000615060.2, "Plan Rows": 36234020, "Plan Width": 12}, {"Node Type": "Hash", "Parent Relationship": "Inner", "Parallel Aware": false, "Async Capable": false, "Startup Cost": 20000089765.95, "Total Cost": 20000089765.95, "Plan Rows": 6, "Plan Width": 8, "Plans": [{"Node Type": "Nested Loop", "Parent Relationship": "Outer", "Parallel Aware": false, "Async Capable": false, "Join Type": "Inner", "Startup Cost": 20000087168.18, "Total Cost": 20000089765.95, "Plan Rows": 6, "Plan Width": 8, "Inner Unique": true, "Plans": [{"Node Type": "Nested Loop", "Parent Relationship": "Outer", "Parallel Aware": false, "Async Capable": false, "Join Type": "Inner", "Startup Cost": 20000087168.04, "Total Cost": 20000089764.95, "Plan Rows": 23, "Plan Width": 12, "Inner Unique": true, "Plans": [{"Node Type": "Hash Join", "Parent Relationship": "Outer", "Parallel Aware": false, "Async Capable": false, "Join Type": "Inner", "Startup Cost": 20000087167.9, "Total Cost": 20000089762.23, "Plan Rows": 91, "Plan Width": 16, "Inner Unique": false, "Hash Cond": "(cc.movie_id = mk.movie_id)", "Plans": [{"Node Type": "Seq Scan", "Parent Relationship": "Outer", "Parallel Aware": false, "Async Capable": false, "Relation Name": "complete_cast", "Alias": "cc", "Startup Cost": 10000000000.0, "Total Cost": 10000002086.86, "Plan Rows": 135086, "Plan Width": 12}, {"Node Type": "Hash", "Parent Relationship": "Inner", "Parallel Aware": false, "Async Capable": false, "Startup Cost": 10000087166.63, "Total Cost": 10000087166.63, "Plan Rows": 101, "Plan Width": 4, "Plans": [{"Node Type": "Hash Join", "Parent Relationship": "Outer", "Parallel Aware": false, "Async Capable": false, "Join Type": "Inner", "Startup Cost": 10000005571.64, "Total Cost": 10000087166.63, "Plan Rows": 101, "Plan Width": 4, "Inner Unique": true, "Hash Cond": "(mk.keyword_id = k.id)", "Plans": [{"Node Type": "Seq Scan", "Parent Relationship": "Outer", "Parallel Aware": false, "Async Capable": false, "Relation Name": "movie_keyword", "Alias": "mk", "Startup Cost": 10000000000.0, "Total Cost": 10000069719.3, "Plan Rows": 4523930, "Plan Width": 8}, {"Node Type": "Hash", "Parent Relationship": "Inner", "Parallel Aware": false, "Async Capable": false, "Startup Cost": 5571.6, "Total Cost": 5571.6, "Plan Rows": 3, "Plan Width": 4, "Plans": [{"Node Type": "Index Scan", "Parent Relationship": "Outer", "Parallel Aware": false, "Async Capable": false, "Scan Direction": "Forward", "Index Name": "keyword_pkey", "Relation Name": "keyword", "Alias": "k", "Startup Cost": 0.42, "Total Cost": 5571.6, "Plan Rows": 3, "Plan Width": 4, "Filter": "((keyword)::text = ANY ('{\"10,000-mile-club\",alienation,based-on-comic}'::text[]))"}]}]}]}]}, {"Node Type": "Memoize", "Parent Relationship": "Inner", "Parallel Aware": false, "Async Capable": false, "Startup Cost": 0.14, "Total Cost": 0.16, "Plan Rows": 1, "Plan Width": 4, "Cache Key": "cc.subject_id", "Cache Mode": "logical", "Plans": [{"Node Type": "Index Scan", "Parent Relationship": "Outer", "Parallel Aware": false, "Async Capable": false, "Scan Direction": "Forward", "Index Name": "comp_cast_type_pkey", "Relation Name": "comp_cast_type", "Alias": "cct1", "Startup Cost": 0.13, "Total Cost": 0.15, "Plan Rows": 1, "Plan Width": 4, "Index Cond": "(id = cc.subject_id)", "Filter": "((kind)::text = 'cast'::text)"}]}]}, {"Node Type": "Memoize", "Parent Relationship": "Inner", "Parallel Aware": false, "Async Capable": false, "Startup Cost": 0.14, "Total Cost": 0.16, "Plan Rows": 1, "Plan Width": 4, "Cache Key": "cc.status_id", "Cache Mode": "logical", "Plans": [{"Node Type": "Index Scan", "Parent Relationship": "Outer", "Parallel Aware": false, "Async Capable": false, "Scan Direction": "Forward", "Index Name": "comp_cast_type_pkey", "Relation Name": "comp_cast_type", "Alias": "cct2", "Startup Cost": 0.13, "Total Cost": 0.15, "Plan Rows": 1, "Plan Width": 4, "Index Cond": "(id = cc.status_id)", "Filter": "((kind)::text ~~ '%complete%'::text)"}]}]}]}]}, {"Node Type": "Index Scan", "Parent Relationship": "Inner", "Parallel Aware": false, "Async Capable": false, "Scan Direction": "Forward", "Index Name": "char_name_pkey", "Relation Name": "char_name", "Alias": "chn", "Startup Cost": 0.43, "Total Cost": 0.46, "Plan Rows": 1, "Plan Width": 4, "Index Cond": "(id = ci.person_role_id)", "Filter": "(((name)::text !~~ '%Sherlock%'::text) AND (((name)::text ~~ '%Iron%Man%'::text) OR ((name)::text ~~ '%Man%'::text)))"}]}, {"Node Type": "Index Only Scan", "Parent Relationship": "Inner", "Parallel Aware": false, "Async Capable": false, "Scan Direction": "Forward", "Index Name": "name_pkey", "Relation Name": "name", "Alias": "n", "Startup Cost": 0.43, "Total Cost": 0.45, "Plan Rows": 1, "Plan Width": 4, "Index Cond": "(id = ci.person_id)"}]}, {"Node Type": "Index Scan", "Parent Relationship": "Inner", "Parallel Aware": false, "Async Capable": false, "Scan Direction": "Forward", "Index Name": "title_pkey", "Relation Name": "title", "Alias": "t", "Startup Cost": 0.43, "Total Cost": 0.45, "Plan Rows": 1, "Plan Width": 25, "Index Cond": "(id = ci.movie_id)", "Filter": "(production_year >= 1972)"}]}, {"Node Type": "Index Scan", "Parent Relationship": "Inner", "Parallel Aware": false, "Async Capable": false, "Scan Direction": "Forward", "Index Name": "kind_type_pkey", "Relation Name": "kind_type", "Alias": "kt", "Startup Cost": 0.13, "Total Cost": 0.15, "Plan Rows": 1, "Plan Width": 4, "Index Cond": "(id = t.kind_id)", "Filter": "((kind)::text = 'movie'::text)"}]}]}}, {"Plan": {"Node Type": "Aggregate", "Strategy": "Plain", "Partial Mode": "Finalize", "Parallel Aware": false, "Async Capable": false, "Startup Cost": 385623.8, "Total Cost": 385623.81, "Plan Rows": 1, "Plan Width": 32, "Plans": [{"Node Type": "Gather", "Parent Relationship": "Outer", "Parallel Aware": false, "Async Capable": false, "Startup Cost": 385623.17, "Total Cost": 385623.78, "Plan Rows": 6, "Plan Width": 32, "Workers Planned": 6, "Single Copy": false, "Plans": [{"Node Type": "Aggregate", "Strategy": "Plain", "Partial Mode": "Partial", "Parent Relationship": "Outer", "Parallel Aware": false, "Async Capable": false, "Startup Cost": 384623.17, "Total Cost": 384623.18, "Plan Rows": 1, "Plan Width": 32, "Plans": [{"Node Type": "Nested Loop", "Parent Relationship": "Outer", "Parallel Aware": false, "Async Capable": false, "Join Type": "Inner", "Startup Cost": 48866.8, "Total Cost": 384623.17, "Plan Rows": 1, "Plan Width": 17, "Inner Unique": true, "Plans": [{"Node Type": "Nested Loop", "Parent Relationship": "Outer", "Parallel Aware": false, "Async Capable": false, "Join Type": "Inner", "Startup Cost": 48866.37, "Total Cost": 384622.72, "Plan Rows": 1, "Plan Width": 21, "Inner Unique": true, "Plans": [{"Node Type": "Hash Join", "Parent Relationship": "Outer", "Parallel Aware": true, "Async Capable": false, "Join Type": "Inner", "Startup Cost": 48865.94, "Total Cost": 384622.26, "Plan Rows": 1, "Plan Width": 25, "Inner Unique": false, "Hash Cond": "(ci.movie_id = t.id)", "Plans": [{"Node Type": "Seq Scan", "Parent Relationship": "Outer", "Parallel Aware": true, "Async Capable": false, "Relation Name": "cast_info", "Alias": "ci", "Startup Cost": 0.0, "Total Cost": 313110.03, "Plan Rows": 6039003, "Plan Width": 12}, {"Node Type": "Hash", "Parent Relationship": "Inner", "Parallel Aware": true, "Async Capable": false, "Startup Cost": 48865.93, "Total Cost": 48865.93, "Plan Rows": 1, "Plan Width": 29, "Plans": [{"Node Type": "Nested Loop", "Parent Relationship": "Outer", "Parallel Aware": false, "Async Capable": false, "Join Type": "Inner", "Startup Cost": 5960.85, "Total Cost": 48865.93, "Plan Rows": 1, "Plan Width": 29, "Inner Unique": true, "Plans": [{"Node Type": "Nested Loop", "Parent Relationship": "Outer", "Parallel Aware": false, "Async Capable": false, "Join Type": "Inner", "Startup Cost": 5960.72, "Total Cost": 48865.61, "Plan Rows": 2, "Plan Width": 33, "Inner Unique": true, "Plans": [{"Node Type": "Hash Join", "Parent Relationship": "Outer", "Parallel Aware": false, "Async Capable": false, "Join Type": "Inner", "Startup Cost": 5960.29, "Total Cost": 48864.63, "Plan Rows": 2, "Plan Width": 8, "Inner Unique": false, "Hash Cond": "(mk.movie_id = cc.movie_id)", "Plans": [{"Node Type": "Hash Join", "Parent Relationship": "Outer", "Parallel Aware": false, "Async Capable": false, "Join Type": "Inner", "Startup Cost": 2852.88, "Total Cost": 45757.07, "Plan Rows": 33, "Plan Width": 4, "Inner Unique": true, "Hash Cond": "(mk.keyword_id = k.id)", "Plans": [{"Node Type": "Seq Scan", "Parent Relationship": "Outer", "Parallel Aware": true, "Async Capable": false, "Relation Name": "movie_keyword", "Alias": "mk", "Startup Cost": 0.0, "Total Cost": 39073.32, "Plan Rows": 1459332, "Plan Width": 8}, {"Node Type": "Hash", "Parent Relationship": "Inner", "Parallel Aware": false, "Async Capable": false, "Startup Cost": 2852.84, "Total Cost": 2852.84, "Plan Rows": 3, "Plan Width": 4, "Plans": [{"Node Type": "Seq Scan", "Parent Relationship": "Outer", "Parallel Aware": false, "Async Capable": false, "Relation Name": "keyword", "Alias": "k", "Startup Cost": 0.0, "Total Cost": 2852.84, "Plan Rows": 3, "Plan Width": 4, "Filter": "((keyword)::text = ANY ('{\"10,000-mile-club\",alienation,based-on-comic}'::text[]))"}]}]}, {"Node Type": "Hash", "Parent Relationship": "Inner", "Parallel Aware": false, "Async Capable": false, "Startup Cost": 3001.88, "Total Cost": 3001.88, "Plan Rows": 8443, "Plan Width": 4, "Plans": [{"Node Type": "Hash Join", "Parent Relationship": "Outer", "Parallel Aware": false, "Async Capable": false, "Join Type": "Inner", "Startup Cost": 2.12, "Total Cost": 3001.88, "Plan Rows": 8443, "Plan Width": 4, "Inner Unique": true, "Hash Cond": "(cc.status_id = cct2.id)", "Plans": [{"Node Type": "Hash Join", "Parent Relationship": "Outer", "Parallel Aware": false, "Async Capable": false, "Join Type": "Inner", "Startup Cost": 1.06, "Total Cost": 2818.24, "Plan Rows": 33772, "Plan Width": 8, "Inner Unique": true, "Hash Cond": "(cc.subject_id = cct1.id)", "Plans": [{"Node Type": "Seq Scan", "Parent Relationship": "Outer", "Parallel Aware": false, "Async Capable": false, "Relation Name": "complete_cast", "Alias": "cc", "Startup Cost": 0.0, "Total Cost": 2086.86, "Plan Rows": 135086, "Plan Width": 12}, {"Node Type": "Hash", "Parent Relationship": "Inner", "Parallel Aware": false, "Async Capable": false, "Startup Cost": 1.05, "Total Cost": 1.05, "Plan Rows": 1, "Plan Width": 4, "Plans": [{"Node Type": "Seq Scan", "Parent Relationship": "Outer", "Parallel Aware": false, "Async Capable": false, "Relation Name": "comp_cast_type", "Alias": "cct1", "Startup Cost": 0.0, "Total Cost": 1.05, "Plan Rows": 1, "Plan Width": 4, "Filter": "((kind)::text = 'cast'::text)"}]}]}, {"Node Type": "Hash", "Parent Relationship": "Inner", "Parallel Aware": false, "Async Capable": false, "Startup Cost": 1.05, "Total Cost": 1.05, "Plan Rows": 1, "Plan Width": 4, "Plans": [{"Node Type": "Seq Scan", "Parent Relationship": "Outer", "Parallel Aware": false, "Async Capable": false, "Relation Name": "comp_cast_type", "Alias": "cct2", "Startup Cost": 0.0, "Total Cost": 1.05, "Plan Rows": 1, "Plan Width": 4, "Filter": "((kind)::text ~~ '%complete%'::text)"}]}]}]}]}, {"Node Type": "Index Scan", "Parent Relationship": "Inner", "Parallel Aware": false, "Async Capable": false, "Scan Direction": "Forward", "Index Name": "title_pkey", "Relation Name": "title", "Alias": "t", "Startup Cost": 0.43, "Total Cost": 0.49, "Plan Rows": 1, "Plan Width": 25, "Index Cond": "(id = mk.movie_id)", "Filter": "(production_year >= 1972)"}]}, {"Node Type": "Index Scan", "Parent Relationship": "Inner", "Parallel Aware": false, "Async Capable": false, "Scan Direction": "Forward", "Index Name": "kind_type_pkey", "Relation Name": "kind_type", "Alias": "kt", "Startup Cost": 0.13, "Total Cost": 0.15, "Plan Rows": 1, "Plan Width": 4, "Index Cond": "(id = t.kind_id)", "Filter": "((kind)::text = 'movie'::text)"}]}]}]}, {"Node Type": "Index Scan", "Parent Relationship": "Inner", "Parallel Aware": false, "Async Capable": false, "Scan Direction": "Forward", "Index Name": "char_name_pkey", "Relation Name": "char_name", "Alias": "chn", "Startup Cost": 0.43, "Total Cost": 0.46, "Plan Rows": 1, "Plan Width": 4, "Index Cond": "(id = ci.person_role_id)", "Filter": "(((name)::text !~~ '%Sherlock%'::text) AND (((name)::text ~~ '%Iron%Man%'::text) OR ((name)::text ~~ '%Man%'::text)))"}]}, {"Node Type": "Index Only Scan", "Parent Relationship": "Inner", "Parallel Aware": false, "Async Capable": false, "Scan Direction": "Forward", "Index Name": "name_pkey", "Relation Name": "name", "Alias": "n", "Startup Cost": 0.43, "Total Cost": 0.45, "Plan Rows": 1, "Plan Width": 4, "Index Cond": "(id = ci.person_id)"}]}]}]}]}}, {"Plan": {"Node Type": "Aggregate", "Strategy": "Plain", "Partial Mode": "Finalize", "Parallel Aware": false, "Async Capable": false, "Startup Cost": 545176.44, "Total Cost": 545176.45, "Plan Rows": 1, "Plan Width": 32, "Plans": [{"Node Type": "Gather", "Parent Relationship": "Outer", "Parallel Aware": false, "Async Capable": false, "Startup Cost": 545176.02, "Total Cost": 545176.43, "Plan Rows": 4, "Plan Width": 32, "Workers Planned": 4, "Single Copy": false, "Plans": [{"Node Type": "Aggregate", "Strategy": "Plain", "Partial Mode": "Partial", "Parent Relationship": "Outer", "Parallel Aware": false, "Async Capable": false, "Startup Cost": 544176.02, "Total Cost": 544176.03, "Plan Rows": 1, "Plan Width": 32, "Plans": [{"Node Type": "Hash Join", "Parent Relationship": "Outer", "Parallel Aware": false, "Async Capable": false, "Join Type": "Inner", "Startup Cost": 498331.66, "Total Cost": 544176.02, "Plan Rows": 1, "Plan Width": 17, "Inner Unique": true, "Hash Cond": "(t.kind_id = kt.id)", "Plans": [{"Node Type": "Hash Join", "Parent Relationship": "Outer", "Parallel Aware": true, "Async Capable": false, "Join Type": "Inner", "Startup Cost": 498330.56, "Total Cost": 544174.92, "Plan Rows": 1, "Plan Width": 21, "Inner Unique": false, "Hash Cond": "(t.id = mk.movie_id)", "Plans": [{"Node Type": "Seq Scan", "Parent Relationship": "Outer", "Parallel Aware": true, "Async Capable": false, "Relation Name": "title", "Alias": "t", "Startup Cost": 0.0, "Total Cost": 43908.97, "Plan Rows": 516101, "Plan Width": 25, "Filter": "(production_year >= 1972)"}, {"Node Type": "Hash", "Parent Relationship": "Inner", "Parallel Aware": true, "Async Capable": false, "Startup Cost": 498330.54, "Total Cost": 498330.54, "Plan Rows": 1, "Plan Width": 12, "Plans": [{"Node Type": "Hash Join", "Parent Relationship": "Outer", "Parallel Aware": true, "Async Capable": false, "Join Type": "Inner", "Startup Cost": 428348.78, "Total Cost": 498330.54, "Plan Rows": 1, "Plan Width": 12, "Inner Unique": false, "Hash Cond": "(n.id = ci.person_id)", "Plans": [{"Node Type": "Seq Scan", "Parent Relationship": "Outer", "Parallel Aware": true, "Async Capable": false, "Relation Name": "name", "Alias": "n", "Startup Cost": 0.0, "Total Cost": 66074.73, "Plan Rows": 1041873, "Plan Width": 4}, {"Node Type": "Hash", "Parent Relationship": "Inner", "Parallel Aware": true, "Async Capable": false, "Startup Cost": 428348.77, "Total Cost": 428348.77, "Plan Rows": 1, "Plan Width": 16, "Plans": [{"Node Type": "Hash Join", "Parent Relationship": "Outer", "Parallel Aware": true, "Async Capable": false, "Join Type": "Inner", "Startup Cost": 99209.91, "Total Cost": 428348.77, "Plan Rows": 1, "Plan Width": 16, "Inner Unique": false, "Hash Cond": "(ci.movie_id = mk.movie_id)", "Plans": [{"Node Type": "Hash Join", "Parent Relationship": "Outer", "Parallel Aware": true, "Async Capable": false, "Join Type": "Inner", "Startup Cost": 50345.26, "Total Cost": 379307.69, "Plan Rows": 47046, "Plan Width": 8, "Inner Unique": true, "Hash Cond": "(ci.person_role_id = chn.id)", "Plans": [{"Node Type": "Seq Scan", "Parent Relationship": "Outer", "Parallel Aware": true, "Async Capable": false, "Relation Name": "cast_info", "Alias": "ci", "Startup Cost": 0.0, "Total Cost": 313110.03, "Plan Rows": 6039003, "Plan Width": 12}, {"Node Type": "Hash", "Parent Relationship": "Inner", "Parallel Aware": true, "Async Capable": false, "Startup Cost": 50186.98, "Total Cost": 50186.98, "Plan Rows": 12662, "Plan Width": 4, "Plans": [{"Node Type": "Seq Scan", "Parent Relationship": "Outer", "Parallel Aware": true, "Async Capable": false, "Relation Name": "char_name", "Alias": "chn", "Startup Cost": 0.0, "Total Cost": 50186.98, "Plan Rows": 12662, "Plan Width": 4, "Filter": "(((name)::text !~~ '%Sherlock%'::text) AND (((name)::text ~~ '%Iron%Man%'::text) OR ((name)::text ~~ '%Man%'::text)))"}]}]}, {"Node Type": "Hash", "Parent Relationship": "Inner", "Parallel Aware": true, "Async Capable": false, "Startup Cost": 48864.63, "Total Cost": 48864.63, "Plan Rows": 2, "Plan Width": 8, "Plans": [{"Node Type": "Hash Join", "Parent Relationship": "Outer", "Parallel Aware": false, "Async Capable": false, "Join Type": "Inner", "Startup Cost": 5960.29, "Total Cost": 48864.63, "Plan Rows": 2, "Plan Width": 8, "Inner Unique": false, "Hash Cond": "(mk.movie_id = cc.movie_id)", "Plans": [{"Node Type": "Hash Join", "Parent Relationship": "Outer", "Parallel Aware": false, "Async Capable": false, "Join Type": "Inner", "Startup Cost": 2852.88, "Total Cost": 45757.07, "Plan Rows": 33, "Plan Width": 4, "Inner Unique": true, "Hash Cond": "(mk.keyword_id = k.id)", "Plans": [{"Node Type": "Seq Scan", "Parent Relationship": "Outer", "Parallel Aware": true, "Async Capable": false, "Relation Name": "movie_keyword", "Alias": "mk", "Startup Cost": 0.0, "Total Cost": 39073.32, "Plan Rows": 1459332, "Plan Width": 8}, {"Node Type": "Hash", "Parent Relationship": "Inner", "Parallel Aware": false, "Async Capable": false, "Startup Cost": 2852.84, "Total Cost": 2852.84, "Plan Rows": 3, "Plan Width": 4, "Plans": [{"Node Type": "Seq Scan", "Parent Relationship": "Outer", "Parallel Aware": false, "Async Capable": false, "Relation Name": "keyword", "Alias": "k", "Startup Cost": 0.0, "Total Cost": 2852.84, "Plan Rows": 3, "Plan Width": 4, "Filter": "((keyword)::text = ANY ('{\"10,000-mile-club\",alienation,based-on-comic}'::text[]))"}]}]}, {"Node Type": "Hash", "Parent Relationship": "Inner", "Parallel Aware": false, "Async Capable": false, "Startup Cost": 3001.88, "Total Cost": 3001.88, "Plan Rows": 8443, "Plan Width": 4, "Plans": [{"Node Type": "Hash Join", "Parent Relationship": "Outer", "Parallel Aware": false, "Async Capable": false, "Join Type": "Inner", "Startup Cost": 2.12, "Total Cost": 3001.88, "Plan Rows": 8443, "Plan Width": 4, "Inner Unique": true, "Hash Cond": "(cc.status_id = cct2.id)", "Plans": [{"Node Type": "Hash Join", "Parent Relationship": "Outer", "Parallel Aware": false, "Async Capable": false, "Join Type": "Inner", "Startup Cost": 1.06, "Total Cost": 2818.24, "Plan Rows": 33772, "Plan Width": 8, "Inner Unique": true, "Hash Cond": "(cc.subject_id = cct1.id)", "Plans": [{"Node Type": "Seq Scan", "Parent Relationship": "Outer", "Parallel Aware": false, "Async Capable": false, "Relation Name": "complete_cast", "Alias": "cc", "Startup Cost": 0.0, "Total Cost": 2086.86, "Plan Rows": 135086, "Plan Width": 12}, {"Node Type": "Hash", "Parent Relationship": "Inner", "Parallel Aware": false, "Async Capable": false, "Startup Cost": 1.05, "Total Cost": 1.05, "Plan Rows": 1, "Plan Width": 4, "Plans": [{"Node Type": "Seq Scan", "Parent Relationship": "Outer", "Parallel Aware": false, "Async Capable": false, "Relation Name": "comp_cast_type", "Alias": "cct1", "Startup Cost": 0.0, "Total Cost": 1.05, "Plan Rows": 1, "Plan Width": 4, "Filter": "((kind)::text = 'cast'::text)"}]}]}, {"Node Type": "Hash", "Parent Relationship": "Inner", "Parallel Aware": false, "Async Capable": false, "Startup Cost": 1.05, "Total Cost": 1.05, "Plan Rows": 1, "Plan Width": 4, "Plans": [{"Node Type": "Seq Scan", "Parent Relationship": "Outer", "Parallel Aware": false, "Async Capable": false, "Relation Name": "comp_cast_type", "Alias": "cct2", "Startup Cost": 0.0, "Total Cost": 1.05, "Plan Rows": 1, "Plan Width": 4, "Filter": "((kind)::text ~~ '%complete%'::text)"}]}]}]}]}]}]}]}]}]}]}, {"Node Type": "Hash", "Parent Relationship": "Inner", "Parallel Aware": false, "Async Capable": false, "Startup Cost": 1.09, "Total Cost": 1.09, "Plan Rows": 1, "Plan Width": 4, "Plans": [{"Node Type": "Seq Scan", "Parent Relationship": "Outer", "Parallel Aware": false, "Async Capable": false, "Relation Name": "kind_type", "Alias": "kt", "Startup Cost": 0.0, "Total Cost": 1.09, "Plan Rows": 1, "Plan Width": 4, "Filter": "((kind)::text = 'movie'::text)"}]}]}]}]}]}}, {"Plan": {"Node Type": "Aggregate", "Strategy": "Plain", "Partial Mode": "Simple", "Parallel Aware": false, "Async Capable": false, "Startup Cost": 100000841782.32, "Total Cost": 100000841782.33, "Plan Rows": 1, "Plan Width": 32, "Plans": [{"Node Type": "Nested Loop", "Parent Relationship": "Outer", "Parallel Aware": false, "Async Capable": false, "Join Type": "Inner", "Startup Cost": 100000090826.77, "Total Cost": 100000841782.31, "Plan Rows": 1, "Plan Width": 17, "Inner Unique": true, "Plans": [{"Node Type": "Nested Loop", "Parent Relationship": "Outer", "Parallel Aware": false, "Async Capable": false, "Join Type": "Inner", "Startup Cost": 90000090826.33, "Total Cost": 90000841777.86, "Plan Rows": 1, "Plan Width": 21, "Inner Unique": true, "Plans": [{"Node Type": "Hash Join", "Parent Relationship": "Outer", "Parallel Aware": false, "Async Capable": false, "Join Type": "Inner", "Startup Cost": 80000090825.89, "Total Cost": 80000841764.49, "Plan Rows": 3, "Plan Width": 25, "Inner Unique": true, "Hash Cond": "(t.kind_id = kt.id)", "Plans": [{"Node Type": "Hash Join", "Parent Relationship": "Outer", "Parallel Aware": false, "Async Capable": false, "Join Type": "Inner", "Startup Cost": 70000090813.63, "Total Cost": 70000841752.12, "Plan Rows": 24, "Plan Width": 29, "Inner Unique": false, "Hash Cond": "(ci.movie_id = t.id)", "Plans": [{"Node Type": "Seq Scan", "Parent Relationship": "Outer", "Parallel Aware": false, "Async Capable": false, "Relation Name": "cast_info", "Alias": "ci", "Startup Cost": 10000000000.0, "Total Cost": 10000615060.2, "Plan Rows": 36234020, "Plan Width": 12}, {"Node Type": "Hash", "Parent Relationship": "Inner", "Parallel Aware": false, "Async Capable": false, "Startup Cost": 60000090813.56, "Total Cost": 60000090813.56, "Plan Rows": 5, "Plan Width": 33, "Plans": [{"Node Type": "Nested Loop", "Parent Relationship": "Outer", "Parallel Aware": false, "Async Capable": false, "Join Type": "Inner", "Startup Cost": 60000090745.26, "Total Cost": 60000090813.56, "Plan Rows": 5, "Plan Width": 33, "Inner Unique": true, "Plans": [{"Node Type": "Merge Join", "Parent Relationship": "Outer", "Parallel Aware": false, "Async Capable": false, "Join Type": "Inner", "Startup Cost": 50000090744.81, "Total Cost": 50000090786.8, "Plan Rows": 6, "Plan Width": 8, "Inner Unique": false, "Merge Cond": "(mk.movie_id = cc.movie_id)", "Plans": [{"Node Type": "Sort", "Parent Relationship": "Outer", "Parallel Aware": false, "Async Capable": false, "Startup Cost": 20000087170.0, "Total Cost": 20000087170.25, "Plan Rows": 101, "Plan Width": 4, "Sort Key": ["mk.movie_id"], "Plans": [{"Node Type": "Hash Join", "Parent Relationship": "Outer", "Parallel Aware": false, "Async Capable": false, "Join Type": "Inner", "Startup Cost": 20000005571.64, "Total Cost": 20000087166.63, "Plan Rows": 101, "Plan Width": 4, "Inner Unique": true, "Hash Cond": "(mk.keyword_id = k.id)", "Plans": [{"Node Type": "Seq Scan", "Parent Relationship": "Outer", "Parallel Aware": false, "Async Capable": false, "Relation Name": "movie_keyword", "Alias": "mk", "Startup Cost": 10000000000.0, "Total Cost": 10000069719.3, "Plan Rows": 4523930, "Plan Width": 8}, {"Node Type": "Hash", "Parent Relationship": "Inner", "Parallel Aware": false, "Async Capable": false, "Startup Cost": 10000005571.6, "Total Cost": 10000005571.6, "Plan Rows": 3, "Plan Width": 4, "Plans": [{"Node Type": "Index Scan", "Parent Relationship": "Outer", "Parallel Aware": false, "Async Capable": false, "Scan Direction": "Forward", "Index Name": "keyword_pkey", "Relation Name": "keyword", "Alias": "k", "Startup Cost": 10000000000.42, "Total Cost": 10000005571.6, "Plan Rows": 3, "Plan Width": 4, "Filter": "((keyword)::text = ANY ('{\"10,000-mile-club\",alienation,based-on-comic}'::text[]))"}]}]}]}, {"Node Type": "Sort", "Parent Relationship": "Inner", "Parallel Aware": false, "Async Capable": false, "Startup Cost": 30000003574.81, "Total Cost": 30000003595.92, "Plan Rows": 8443, "Plan Width": 4, "Sort Key": ["cc.movie_id"], "Plans": [{"Node Type": "Hash Join", "Parent Relationship": "Outer", "Parallel Aware": false, "Async Capable": false, "Join Type": "Inner", "Startup Cost": 30000000024.42, "Total Cost": 30000003024.18, "Plan Rows": 8443, "Plan Width": 4, "Inner Unique": true, "Hash Cond": "(cc.status_id = cct2.id)", "Plans": [{"Node Type": "Hash Join", "Parent Relationship": "Outer", "Parallel Aware": false, "Async Capable": false, "Join Type": "Inner", "Startup Cost": 20000000012.21, "Total Cost": 20000002829.39, "Plan Rows": 33772, "Plan Width": 8, "Inner Unique": true, "Hash Cond": "(cc.subject_id = cct1.id)", "Plans": [{"Node Type": "Seq Scan", "Parent Relationship": "Outer", "Parallel Aware": false, "Async Capable": false, "Relation Name": "complete_cast", "Alias": "cc", "Startup Cost": 10000000000.0, "Total Cost": 10000002086.86, "Plan Rows": 135086, "Plan Width": 12}, {"Node Type": "Hash", "Parent Relationship": "Inner", "Parallel Aware": false, "Async Capable": false, "Startup Cost": 10000000012.2, "Total Cost": 10000000012.2, "Plan Rows": 1, "Plan Width": 4, "Plans": [{"Node Type": "Index Scan", "Parent Relationship": "Outer", "Parallel Aware": false, "Async Capable": false, "Scan Direction": "Forward", "Index Name": "comp_cast_type_pkey", "Relation Name": "comp_cast_type", "Alias": "cct1", "Startup Cost": 10000000000.13, "Total Cost": 10000000012.2, "Plan Rows": 1, "Plan Width": 4, "Filter": "((kind)::text = 'cast'::text)"}]}]}, {"Node Type": "Hash", "Parent Relationship": "Inner", "Parallel Aware": false, "Async Capable": false, "Startup Cost": 10000000012.2, "Total Cost": 10000000012.2, "Plan Rows": 1, "Plan Width": 4, "Plans": [{"Node Type": "Index Scan", "Parent Relationship": "Outer", "Parallel Aware": false, "Async Capable": false, "Scan Direction": "Forward", "Index Name": "comp_cast_type_pkey", "Relation Name": "comp_cast_type", "Alias": "cct2", "Startup Cost": 10000000000.13, "Total Cost": 10000000012.2, "Plan Rows": 1, "Plan Width": 4, "Filter": "((kind)::text ~~ '%complete%'::text)"}]}]}]}]}, {"Node Type": "Bitmap Heap Scan", "Parent Relationship": "Inner", "Parallel Aware": false, "Async Capable": false, "Relation Name": "title", "Alias": "t", "Startup Cost": 0.45, "Total Cost": 4.46, "Plan Rows": 1, "Plan Width": 25, "Recheck Cond": "(id = mk.movie_id)", "Filter": "(production_year >= 1972)", "Plans": [{"Node Type": "Bitmap Index Scan", "Parent Relationship": "Outer", "Parallel Aware": false, "Async Capable": false, "Index Name": "title_pkey", "Startup Cost": 0.0, "Total Cost": 0.45, "Plan Rows": 1, "Plan Width": 0, "Index Cond": "(id = mk.movie_id)"}]}]}]}]}, {"Node Type": "Hash", "Parent Relationship": "Inner", "Parallel Aware": false, "Async Capable": false, "Startup Cost": 10000000012.25, "Total Cost": 10000000012.25, "Plan Rows": 1, "Plan Width": 4, "Plans": [{"Node Type": "Index Scan", "Parent Relationship": "Outer", "Parallel Aware": false, "Async Capable": false, "Scan Direction": "Forward", "Index Name": "kind_type_pkey", "Relation Name": "kind_type", "Alias": "kt", "Startup Cost": 10000000000.13, "Total Cost": 10000000012.25, "Plan Rows": 1, "Plan Width": 4, "Filter": "((kind)::text = 'movie'::text)"}]}]}, {"Node Type": "Bitmap Heap Scan", "Parent Relationship": "Inner", "Parallel Aware": false, "Async Capable": false, "Relation Name": "char_name", "Alias": "chn", "Startup Cost": 0.44, "Total Cost": 4.46, "Plan Rows": 1, "Plan Width": 4, "Recheck Cond": "(id = ci.person_role_id)", "Filter": "(((name)::text !~~ '%Sherlock%'::text) AND (((name)::text ~~ '%Iron%Man%'::text) OR ((name)::text ~~ '%Man%'::text)))", "Plans": [{"Node Type": "Bitmap Index Scan", "Parent Relationship": "Outer", "Parallel Aware": false, "Async Capable": false, "Index Name": "char_name_pkey", "Startup Cost": 0.0, "Total Cost": 0.44, "Plan Rows": 1, "Plan Width": 0, "Index Cond": "(id = ci.person_role_id)"}]}]}, {"Node Type": "Bitmap Heap Scan", "Parent Relationship": "Inner", "Parallel Aware": false, "Async Capable": false, "Relation Name": "name", "Alias": "n", "Startup Cost": 0.44, "Total Cost": 4.45, "Plan Rows": 1, "Plan Width": 4, "Recheck Cond": "(id = ci.person_id)", "Plans": [{"Node Type": "Bitmap Index Scan", "Parent Relationship": "Outer", "Parallel Aware": false, "Async Capable": false, "Index Name": "name_pkey", "Startup Cost": 0.0, "Total Cost": 0.44, "Plan Rows": 1, "Plan Width": 0, "Index Cond": "(id = ci.person_id)"}]}]}]}}, {"Plan": {"Node Type": "Aggregate", "Strategy": "Plain", "Partial Mode": "Simple", "Parallel Aware": false, "Async Capable": false, "Startup Cost": 30001086767.06, "Total Cost": 30001086767.07, "Plan Rows": 1, "Plan Width": 32, "Plans": [{"Node Type": "Nested Loop", "Parent Relationship": "Outer", "Parallel Aware": false, "Async Capable": false, "Join Type": "Inner", "Startup Cost": 30000335812.19, "Total Cost": 30001086767.06, "Plan Rows": 1, "Plan Width": 17, "Inner Unique": true, "Plans": [{"Node Type": "Nested Loop", "Parent Relationship": "Outer", "Parallel Aware": false, "Async Capable": false, "Join Type": "Inner", "Startup Cost": 30000335811.75, "Total Cost": 30001086762.61, "Plan Rows": 1, "Plan Width": 21, "Inner Unique": true, "Plans": [{"Node Type": "Hash Join", "Parent Relationship": "Outer", "Parallel Aware": false, "Async Capable": false, "Join Type": "Inner", "Startup Cost": 30000335811.31, "Total Cost": 30001086749.23, "Plan Rows": 3, "Plan Width": 25, "Inner Unique": false, "Hash Cond": "(ci.movie_id = t.id)", "Plans": [{"Node Type": "Seq Scan", "Parent Relationship": "Outer", "Parallel Aware": false, "Async Capable": false, "Relation Name": "cast_info", "Alias": "ci", "Startup Cost": 10000000000.0, "Total Cost": 10000615060.2, "Plan Rows": 36234020, "Plan Width": 12}, {"Node Type": "Hash", "Parent Relationship": "Inner", "Parallel Aware": false, "Async Capable": false, "Startup Cost": 20000335811.3, "Total Cost": 20000335811.3, "Plan Rows": 1, "Plan Width": 29, "Plans": [{"Node Type": "Nested Loop", "Parent Relationship": "Outer", "Parallel Aware": false, "Async Capable": false, "Join Type": "Inner", "Startup Cost": 20000335722.35, "Total Cost": 20000335811.3, "Plan Rows": 1, "Plan Width": 29, "Inner Unique": true, "Plans": [{"Node Type": "Nested Loop", "Parent Relationship": "Outer", "Parallel Aware": false, "Async Capable": false, "Join Type": "Inner", "Startup Cost": 20000335722.21, "Total Cost": 20000335790.52, "Plan Rows": 5, "Plan Width": 33, "Inner Unique": true, "Plans": [{"Node Type": "Merge Join", "Parent Relationship": "Outer", "Parallel Aware": false, "Async Capable": false, "Join Type": "Inner", "Startup Cost": 20000335721.76, "Total Cost": 20000335763.75, "Plan Rows": 6, "Plan Width": 8, "Inner Unique": false, "Merge Cond": "(mk.movie_id = cc.movie_id)", "Plans": [{"Node Type": "Sort", "Parent Relationship": "Outer", "Parallel Aware": false, "Async Capable": false, "Startup Cost": 10000328837.91, "Total Cost": 10000328838.16, "Plan Rows": 101, "Plan Width": 4, "Sort Key": ["mk.movie_id"], "Plans": [{"Node Type": "Nested Loop", "Parent Relationship": "Outer", "Parallel Aware": false, "Async Capable": false, "Join Type": "Inner", "Startup Cost": 10000000000.44, "Total Cost": 10000328834.55, "Plan Rows": 101, "Plan Width": 4, "Inner Unique": true, "Plans": [{"Node Type": "Seq Scan", "Parent Relationship": "Outer", "Parallel Aware": false, "Async Capable": false, "Relation Name": "movie_keyword", "Alias": "mk", "Startup Cost": 10000000000.0, "Total Cost": 10000069719.3, "Plan Rows": 4523930, "Plan Width": 8}, {"Node Type": "Memoize", "Parent Relationship": "Inner", "Parallel Aware": false, "Async Capable": false, "Startup Cost": 0.44, "Total Cost": 4.45, "Plan Rows": 1, "Plan Width": 4, "Cache Key": "mk.keyword_id", "Cache Mode": "logical", "Plans": [{"Node Type": "Bitmap Heap Scan", "Parent Relationship": "Outer", "Parallel Aware": false, "Async Capable": false, "Relation Name": "keyword", "Alias": "k", "Startup Cost": 0.43, "Total Cost": 4.44, "Plan Rows": 1, "Plan Width": 4, "Recheck Cond": "(id = mk.keyword_id)", "Filter": "((keyword)::text = ANY ('{\"10,000-mile-club\",alienation,based-on-comic}'::text[]))", "Plans": [{"Node Type": "Bitmap Index Scan", "Parent Relationship": "Outer", "Parallel Aware": false, "Async Capable": false, "Index Name": "keyword_pkey", "Startup Cost": 0.0, "Total Cost": 0.43, "Plan Rows": 1, "Plan Width": 0, "Index Cond": "(id = mk.keyword_id)"}]}]}]}]}, {"Node Type": "Sort", "Parent Relationship": "Inner", "Parallel Aware": false, "Async Capable": false, "Startup Cost": 10000006883.85, "Total Cost": 10000006904.96, "Plan Rows": 8443, "Plan Width": 4, "Sort Key": ["cc.movie_id"], "Plans": [{"Node Type": "Nested Loop", "Parent Relationship": "Outer", "Parallel Aware": false, "Async Capable": false, "Join Type": "Inner", "Startup Cost": 10000000000.3, "Total Cost": 10000006333.22, "Plan Rows": 8443, "Plan Width": 4, "Inner Unique": true, "Plans": [{"Node Type": "Nested Loop", "Parent Relationship": "Outer", "Parallel Aware": false, "Async Capable": false, "Join Type": "Inner", "Startup Cost": 10000000000.15, "Total Cost": 10000005476.46, "Plan Rows": 33772, "Plan Width": 8, "Inner Unique": true, "Plans": [{"Node Type": "Seq Scan", "Parent Relationship": "Outer", "Parallel Aware": false, "Async Capable": false, "Relation Name": "complete_cast", "Alias": "cc", "Startup Cost": 10000000000.0, "Total Cost": 10000002086.86, "Plan Rows": 135086, "Plan Width": 12}, {"Node Type": "Memoize", "Parent Relationship": "Inner", "Parallel Aware": false, "Async Capable": false, "Startup Cost": 0.15, "Total Cost": 4.16, "Plan Rows": 1, "Plan Width": 4, "Cache Key": "cc.subject_id", "Cache Mode": "logical", "Plans": [{"Node Type": "Bitmap Heap Scan", "Parent Relationship": "Outer", "Parallel Aware": false, "Async Capable": false, "Relation Name": "comp_cast_type", "Alias": "cct1", "Startup Cost": 0.14, "Total Cost": 4.15, "Plan Rows": 1, "Plan Width": 4, "Recheck Cond": "(id = cc.subject_id)", "Filter": "((kind)::text = 'cast'::text)", "Plans": [{"Node Type": "Bitmap Index Scan", "Parent Relationship": "Outer", "Parallel Aware": false, "Async Capable": false, "Index Name": "comp_cast_type_pkey", "Startup Cost": 0.0, "Total Cost": 0.14, "Plan Rows": 1, "Plan Width": 0, "Index Cond": "(id = cc.subject_id)"}]}]}]}, {"Node Type": "Memoize", "Parent Relationship": "Inner", "Parallel Aware": false, "Async Capable": false, "Startup Cost": 0.15, "Total Cost": 4.16, "Plan Rows": 1, "Plan Width": 4, "Cache Key": "cc.status_id", "Cache Mode": "logical", "Plans": [{"Node Type": "Bitmap Heap Scan", "Parent Relationship": "Outer", "Parallel Aware": false, "Async Capable": false, "Relation Name": "comp_cast_type", "Alias": "cct2", "Startup Cost": 0.14, "Total Cost": 4.15, "Plan Rows": 1, "Plan Width": 4, "Recheck Cond": "(id = cc.status_id)", "Filter": "((kind)::text ~~ '%complete%'::text)", "Plans": [{"Node Type": "Bitmap Index Scan", "Parent Relationship": "Outer", "Parallel Aware": false, "Async Capable": false, "Index Name": "comp_cast_type_pkey", "Startup Cost": 0.0, "Total Cost": 0.14, "Plan Rows": 1, "Plan Width": 0, "Index Cond": "(id = cc.status_id)"}]}]}]}]}]}, {"Node Type": "Bitmap Heap Scan", "Parent Relationship": "Inner", "Parallel Aware": false, "Async Capable": false, "Relation Name": "title", "Alias": "t", "Startup Cost": 0.45, "Total Cost": 4.46, "Plan Rows": 1, "Plan Width": 25, "Recheck Cond": "(id = mk.movie_id)", "Filter": "(production_year >= 1972)", "Plans": [{"Node Type": "Bitmap Index Scan", "Parent Relationship": "Outer", "Parallel Aware": false, "Async Capable": false, "Index Name": "title_pkey", "Startup Cost": 0.0, "Total Cost": 0.45, "Plan Rows": 1, "Plan Width": 0, "Index Cond": "(id = mk.movie_id)"}]}]}, {"Node Type": "Bitmap Heap Scan", "Parent Relationship": "Inner", "Parallel Aware": false, "Async Capable": false, "Relation Name": "kind_type", "Alias": "kt", "Startup Cost": 0.14, "Total Cost": 4.16, "Plan Rows": 1, "Plan Width": 4, "Recheck Cond": "(id = t.kind_id)", "Filter": "((kind)::text = 'movie'::text)", "Plans": [{"Node Type": "Bitmap Index Scan", "Parent Relationship": "Outer", "Parallel Aware": false, "Async Capable": false, "Index Name": "kind_type_pkey", "Startup Cost": 0.0, "Total Cost": 0.14, "Plan Rows": 1, "Plan Width": 0, "Index Cond": "(id = t.kind_id)"}]}]}]}]}, {"Node Type": "Bitmap Heap Scan", "Parent Relationship": "Inner", "Parallel Aware": false, "Async Capable": false, "Relation Name": "char_name", "Alias": "chn", "Startup Cost": 0.44, "Total Cost": 4.46, "Plan Rows": 1, "Plan Width": 4, "Recheck Cond": "(id = ci.person_role_id)", "Filter": "(((name)::text !~~ '%Sherlock%'::text) AND (((name)::text ~~ '%Iron%Man%'::text) OR ((name)::text ~~ '%Man%'::text)))", "Plans": [{"Node Type": "Bitmap Index Scan", "Parent Relationship": "Outer", "Parallel Aware": false, "Async Capable": false, "Index Name": "char_name_pkey", "Startup Cost": 0.0, "Total Cost": 0.44, "Plan Rows": 1, "Plan Width": 0, "Index Cond": "(id = ci.person_role_id)"}]}]}, {"Node Type": "Bitmap Heap Scan", "Parent Relationship": "Inner", "Parallel Aware": false, "Async Capable": false, "Relation Name": "name", "Alias": "n", "Startup Cost": 0.44, "Total Cost": 4.45, "Plan Rows": 1, "Plan Width": 4, "Recheck Cond": "(id = ci.person_id)", "Plans": [{"Node Type": "Bitmap Index Scan", "Parent Relationship": "Outer", "Parallel Aware": false, "Async Capable": false, "Index Name": "name_pkey", "Startup Cost": 0.0, "Total Cost": 0.44, "Plan Rows": 1, "Plan Width": 0, "Index Cond": "(id = ci.person_id)"}]}]}]}}, {"Plan": {"Node Type": "Aggregate", "Strategy": "Plain", "Partial Mode": "Finalize", "Parallel Aware": false, "Async Capable": false, "Startup Cost": 385779.15, "Total Cost": 385779.16, "Plan Rows": 1, "Plan Width": 32, "Plans": [{"Node Type": "Gather", "Parent Relationship": "Outer", "Parallel Aware": false, "Async Capable": false, "Startup Cost": 385778.53, "Total Cost": 385779.14, "Plan Rows": 6, "Plan Width": 32, "Workers Planned": 6, "Single Copy": false, "Plans": [{"Node Type": "Aggregate", "Strategy": "Plain", "Partial Mode": "Partial", "Parent Relationship": "Outer", "Parallel Aware": false, "Async Capable": false, "Startup Cost": 384778.53, "Total Cost": 384778.54, "Plan Rows": 1, "Plan Width": 32, "Plans": [{"Node Type": "Nested Loop", "Parent Relationship": "Outer", "Parallel Aware": false, "Async Capable": false, "Join Type": "Inner", "Startup Cost": 49013.83, "Total Cost": 384778.52, "Plan Rows": 1, "Plan Width": 17, "Inner Unique": true, "Plans": [{"Node Type": "Nested Loop", "Parent Relationship": "Outer", "Parallel Aware": false, "Async Capable": false, "Join Type": "Inner", "Startup Cost": 49013.39, "Total Cost": 384774.07, "Plan Rows": 1, "Plan Width": 21, "Inner Unique": true, "Plans": [{"Node Type": "Hash Join", "Parent Relationship": "Outer", "Parallel Aware": false, "Async Capable": false, "Join Type": "Inner", "Startup Cost": 49012.95, "Total Cost": 384769.61, "Plan Rows": 1, "Plan Width": 25, "Inner Unique": false, "Hash Cond": "(t.id = cc.movie_id)", "Plans": [{"Node Type": "Hash Join", "Parent Relationship": "Outer", "Parallel Aware": true, "Async Capable": false, "Join Type": "Inner", "Startup Cost": 45905.53, "Total Cost": 381661.93, "Plan Rows": 69, "Plan Width": 37, "Inner Unique": false, "Hash Cond": "(ci.movie_id = t.id)", "Plans": [{"Node Type": "Seq Scan", "Parent Relationship": "Outer", "Parallel Aware": true, "Async Capable": false, "Relation Name": "cast_info", "Alias": "ci", "Startup Cost": 0.0, "Total Cost": 313110.03, "Plan Rows": 6039003, "Plan Width": 12}, {"Node Type": "Hash", "Parent Relationship": "Inner", "Parallel Aware": true, "Async Capable": false, "Startup Cost": 45905.48, "Total Cost": 45905.48, "Plan Rows": 4, "Plan Width": 25, "Plans": [{"Node Type": "Hash Join", "Parent Relationship": "Outer", "Parallel Aware": false, "Async Capable": false, "Join Type": "Inner", "Startup Cost": 2854.42, "Total Cost": 45905.48, "Plan Rows": 4, "Plan Width": 25, "Inner Unique": true, "Hash Cond": "(t.kind_id = kt.id)", "Plans": [{"Node Type": "Nested Loop", "Parent Relationship": "Outer", "Parallel Aware": false, "Async Capable": false, "Join Type": "Inner", "Startup Cost": 2853.32, "Total Cost": 45904.27, "Plan Rows": 26, "Plan Width": 29, "Inner Unique": true, "Plans": [{"Node Type": "Hash Join", "Parent Relationship": "Outer", "Parallel Aware": false, "Async Capable": false, "Join Type": "Inner", "Startup Cost": 2852.88, "Total Cost": 45757.07, "Plan Rows": 33, "Plan Width": 4, "Inner Unique": true, "Hash Cond": "(mk.keyword_id = k.id)", "Plans": [{"Node Type": "Seq Scan", "Parent Relationship": "Outer", "Parallel Aware": true, "Async Capable": false, "Relation Name": "movie_keyword", "Alias": "mk", "Startup Cost": 0.0, "Total Cost": 39073.32, "Plan Rows": 1459332, "Plan Width": 8}, {"Node Type": "Hash", "Parent Relationship": "Inner", "Parallel Aware": false, "Async Capable": false, "Startup Cost": 2852.84, "Total Cost": 2852.84, "Plan Rows": 3, "Plan Width": 4, "Plans": [{"Node Type": "Seq Scan", "Parent Relationship": "Outer", "Parallel Aware": false, "Async Capable": false, "Relation Name": "keyword", "Alias": "k", "Startup Cost": 0.0, "Total Cost": 2852.84, "Plan Rows": 3, "Plan Width": 4, "Filter": "((keyword)::text = ANY ('{\"10,000-mile-club\",alienation,based-on-comic}'::text[]))"}]}]}, {"Node Type": "Bitmap Heap Scan", "Parent Relationship": "Inner", "Parallel Aware": false, "Async Capable": false, "Relation Name": "title", "Alias": "t", "Startup Cost": 0.45, "Total Cost": 4.46, "Plan Rows": 1, "Plan Width": 25, "Recheck Cond": "(id = mk.movie_id)", "Filter": "(production_year >= 1972)", "Plans": [{"Node Type": "Bitmap Index Scan", "Parent Relationship": "Outer", "Parallel Aware": false, "Async Capable": false, "Index Name": "title_pkey", "Startup Cost": 0.0, "Total Cost": 0.45, "Plan Rows": 1, "Plan Width": 0, "Index Cond": "(id = mk.movie_id)"}]}]}, {"Node Type": "Hash", "Parent Relationship": "Inner", "Parallel Aware": false, "Async Capable": false, "Startup Cost": 1.09, "Total Cost": 1.09, "Plan Rows": 1, "Plan Width": 4, "Plans": [{"Node Type": "Seq Scan", "Parent Relationship": "Outer", "Parallel Aware": false, "Async Capable": false, "Relation Name": "kind_type", "Alias": "kt", "Startup Cost": 0.0, "Total Cost": 1.09, "Plan Rows": 1, "Plan Width": 4, "Filter": "((kind)::text = 'movie'::text)"}]}]}]}]}, {"Node Type": "Hash", "Parent Relationship": "Inner", "Parallel Aware": false, "Async Capable": false, "Startup Cost": 3001.88, "Total Cost": 3001.88, "Plan Rows": 8443, "Plan Width": 4, "Plans": [{"Node Type": "Hash Join", "Parent Relationship": "Outer", "Parallel Aware": false, "Async Capable": false, "Join Type": "Inner", "Startup Cost": 2.12, "Total Cost": 3001.88, "Plan Rows": 8443, "Plan Width": 4, "Inner Unique": true, "Hash Cond": "(cc.status_id = cct2.id)", "Plans": [{"Node Type": "Hash Join", "Parent Relationship": "Outer", "Parallel Aware": false, "Async Capable": false, "Join Type": "Inner", "Startup Cost": 1.06, "Total Cost": 2818.24, "Plan Rows": 33772, "Plan Width": 8, "Inner Unique": true, "Hash Cond": "(cc.subject_id = cct1.id)", "Plans": [{"Node Type": "Seq Scan", "Parent Relationship": "Outer", "Parallel Aware": false, "Async Capable": false, "Relation Name": "complete_cast", "Alias": "cc", "Startup Cost": 0.0, "Total Cost": 2086.86, "Plan Rows": 135086, "Plan Width": 12}, {"Node Type": "Hash", "Parent Relationship": "Inner", "Parallel Aware": false, "Async Capable": false, "Startup Cost": 1.05, "Total Cost": 1.05, "Plan Rows": 1, "Plan Width": 4, "Plans": [{"Node Type": "Seq Scan", "Parent Relationship": "Outer", "Parallel Aware": false, "Async Capable": false, "Relation Name": "comp_cast_type", "Alias": "cct1", "Startup Cost": 0.0, "Total Cost": 1.05, "Plan Rows": 1, "Plan Width": 4, "Filter": "((kind)::text = 'cast'::text)"}]}]}, {"Node Type": "Hash", "Parent Relationship": "Inner", "Parallel Aware": false, "Async Capable": false, "Startup Cost": 1.05, "Total Cost": 1.05, "Plan Rows": 1, "Plan Width": 4, "Plans": [{"Node Type": "Seq Scan", "Parent Relationship": "Outer", "Parallel Aware": false, "Async Capable": false, "Relation Name": "comp_cast_type", "Alias": "cct2", "Startup Cost": 0.0, "Total Cost": 1.05, "Plan Rows": 1, "Plan Width": 4, "Filter": "((kind)::text ~~ '%complete%'::text)"}]}]}]}]}, {"Node Type": "Bitmap Heap Scan", "Parent Relationship": "Inner", "Parallel Aware": false, "Async Capable": false, "Relation Name": "char_name", "Alias": "chn", "Startup Cost": 0.44, "Total Cost": 4.46, "Plan Rows": 1, "Plan Width": 4, "Recheck Cond": "(id = ci.person_role_id)", "Filter": "(((name)::text !~~ '%Sherlock%'::text) AND (((name)::text ~~ '%Iron%Man%'::text) OR ((name)::text ~~ '%Man%'::text)))", "Plans": [{"Node Type": "Bitmap Index Scan", "Parent Relationship": "Outer", "Parallel Aware": false, "Async Capable": false, "Index Name": "char_name_pkey", "Startup Cost": 0.0, "Total Cost": 0.44, "Plan Rows": 1, "Plan Width": 0, "Index Cond": "(id = ci.person_role_id)"}]}]}, {"Node Type": "Bitmap Heap Scan", "Parent Relationship": "Inner", "Parallel Aware": false, "Async Capable": false, "Relation Name": "name", "Alias": "n", "Startup Cost": 0.44, "Total Cost": 4.45, "Plan Rows": 1, "Plan Width": 4, "Recheck Cond": "(id = ci.person_id)", "Plans": [{"Node Type": "Bitmap Index Scan", "Parent Relationship": "Outer", "Parallel Aware": false, "Async Capable": false, "Index Name": "name_pkey", "Startup Cost": 0.0, "Total Cost": 0.44, "Plan Rows": 1, "Plan Width": 0, "Index Cond": "(id = ci.person_id)"}]}]}]}]}]}}, {"Plan": {"Node Type": "Aggregate", "Strategy": "Plain", "Partial Mode": "Simple", "Parallel Aware": false, "Async Capable": false, "Startup Cost": 30000998998.33, "Total Cost": 30000998998.34, "Plan Rows": 1, "Plan Width": 32, "Plans": [{"Node Type": "Nested Loop", "Parent Relationship": "Outer", "Parallel Aware": false, "Async Capable": false, "Join Type": "Inner", "Startup Cost": 30000248043.46, "Total Cost": 30000998998.33, "Plan Rows": 1, "Plan Width": 17, "Inner Unique": true, "Plans": [{"Node Type": "Nested Loop", "Parent Relationship": "Outer", "Parallel Aware": false, "Async Capable": false, "Join Type": "Inner", "Startup Cost": 30000248043.02, "Total Cost": 30000998993.88, "Plan Rows": 1, "Plan Width": 21, "Inner Unique": true, "Plans": [{"Node Type": "Hash Join", "Parent Relationship": "Outer", "Parallel Aware": false, "Async Capable": false, "Join Type": "Inner", "Startup Cost": 30000248042.58, "Total Cost": 30000998980.5, "Plan Rows": 3, "Plan Width": 25, "Inner Unique": false, "Hash Cond": "(ci.movie_id = t.id)", "Plans": [{"Node Type": "Seq Scan", "Parent Relationship": "Outer", "Parallel Aware": false, "Async Capable": false, "Relation Name": "cast_info", "Alias": "ci", "Startup Cost": 10000000000.0, "Total Cost": 10000615060.2, "Plan Rows": 36234020, "Plan Width": 12}, {"Node Type": "Hash", "Parent Relationship": "Inner", "Parallel Aware": false, "Async Capable": false, "Startup Cost": 20000248042.57, "Total Cost": 20000248042.57, "Plan Rows": 1, "Plan Width": 29, "Plans": [{"Node Type": "Nested Loop", "Parent Relationship": "Outer", "Parallel Aware": false, "Async Capable": false, "Join Type": "Inner", "Startup Cost": 20000006439.78, "Total Cost": 20000248042.57, "Plan Rows": 1, "Plan Width": 29, "Inner Unique": true, "Plans": [{"Node Type": "Nested Loop", "Parent Relationship": "Outer", "Parallel Aware": false, "Async Capable": false, "Join Type": "Inner", "Startup Cost": 20000006439.64, "Total Cost": 20000248021.78, "Plan Rows": 5, "Plan Width": 33, "Inner Unique": true, "Plans": [{"Node Type": "Nested Loop", "Parent Relationship": "Outer", "Parallel Aware": false, "Async Capable": false, "Join Type": "Inner", "Startup Cost": 20000006439.19, "Total Cost": 20000247995.02, "Plan Rows": 6, "Plan Width": 8, "Inner Unique": true, "Plans": [{"Node Type": "Hash Join", "Parent Relationship": "Outer", "Parallel Aware": false, "Async Capable": false, "Join Type": "Inner", "Startup Cost": 20000006438.75, "Total Cost": 20000095652.95, "Plan Rows": 253016, "Plan Width": 12, "Inner Unique": false, "Hash Cond": "(mk.movie_id = cc.movie_id)", "Plans": [{"Node Type": "Seq Scan", "Parent Relationship": "Outer", "Parallel Aware": false, "Async Capable": false, "Relation Name": "movie_keyword", "Alias": "mk", "Startup Cost": 10000000000.0, "Total Cost": 10000069719.3, "Plan Rows": 4523930, "Plan Width": 8}, {"Node Type": "Hash", "Parent Relationship": "Inner", "Parallel Aware": false, "Async Capable": false, "Startup Cost": 10000006333.22, "Total Cost": 10000006333.22, "Plan Rows": 8443, "Plan Width": 4, "Plans": [{"Node Type": "Nested Loop", "Parent Relationship": "Outer", "Parallel Aware": false, "Async Capable": false, "Join Type": "Inner", "Startup Cost": 10000000000.3, "Total Cost": 10000006333.22, "Plan Rows": 8443, "Plan Width": 4, "Inner Unique": true, "Plans": [{"Node Type": "Nested Loop", "Parent Relationship": "Outer", "Parallel Aware": false, "Async Capable": false, "Join Type": "Inner", "Startup Cost": 10000000000.15, "Total Cost": 10000005476.46, "Plan Rows": 33772, "Plan Width": 8, "Inner Unique": true, "Plans": [{"Node Type": "Seq Scan", "Parent Relationship": "Outer", "Parallel Aware": false, "Async Capable": false, "Relation Name": "complete_cast", "Alias": "cc", "Startup Cost": 10000000000.0, "Total Cost": 10000002086.86, "Plan Rows": 135086, "Plan Width": 12}, {"Node Type": "Memoize", "Parent Relationship": "Inner", "Parallel Aware": false, "Async Capable": false, "Startup Cost": 0.15, "Total Cost": 4.16, "Plan Rows": 1, "Plan Width": 4, "Cache Key": "cc.subject_id", "Cache Mode": "logical", "Plans": [{"Node Type": "Bitmap Heap Scan", "Parent Relationship": "Outer", "Parallel Aware": false, "Async Capable": false, "Relation Name": "comp_cast_type", "Alias": "cct1", "Startup Cost": 0.14, "Total Cost": 4.15, "Plan Rows": 1, "Plan Width": 4, "Recheck Cond": "(id = cc.subject_id)", "Filter": "((kind)::text = 'cast'::text)", "Plans": [{"Node Type": "Bitmap Index Scan", "Parent Relationship": "Outer", "Parallel Aware": false, "Async Capable": false, "Index Name": "comp_cast_type_pkey", "Startup Cost": 0.0, "Total Cost": 0.14, "Plan Rows": 1, "Plan Width": 0, "Index Cond": "(id = cc.subject_id)"}]}]}]}, {"Node Type": "Memoize", "Parent Relationship": "Inner", "Parallel Aware": false, "Async Capable": false, "Startup Cost": 0.15, "Total Cost": 4.16, "Plan Rows": 1, "Plan Width": 4, "Cache Key": "cc.status_id", "Cache Mode": "logical", "Plans": [{"Node Type": "Bitmap Heap Scan", "Parent Relationship": "Outer", "Parallel Aware": false, "Async Capable": false, "Relation Name": "comp_cast_type", "Alias": "cct2", "Startup Cost": 0.14, "Total Cost": 4.15, "Plan Rows": 1, "Plan Width": 4, "Recheck Cond": "(id = cc.status_id)", "Filter": "((kind)::text ~~ '%complete%'::text)", "Plans": [{"Node Type": "Bitmap Index Scan", "Parent Relationship": "Outer", "Parallel Aware": false, "Async Capable": false, "Index Name": "comp_cast_type_pkey", "Startup Cost": 0.0, "Total Cost": 0.14, "Plan Rows": 1, "Plan Width": 0, "Index Cond": "(id = cc.status_id)"}]}]}]}]}]}, {"Node Type": "Memoize", "Parent Relationship": "Inner", "Parallel Aware": false, "Async Capable": false, "Startup Cost": 0.44, "Total Cost": 4.45, "Plan Rows": 1, "Plan Width": 4, "Cache Key": "mk.keyword_id", "Cache Mode": "logical", "Plans": [{"Node Type": "Bitmap Heap Scan", "Parent Relationship": "Outer", "Parallel Aware": false, "Async Capable": false, "Relation Name": "keyword", "Alias": "k", "Startup Cost": 0.43, "Total Cost": 4.44, "Plan Rows": 1, "Plan Width": 4, "Recheck Cond": "(id = mk.keyword_id)", "Filter": "((keyword)::text = ANY ('{\"10,000-mile-club\",alienation,based-on-comic}'::text[]))", "Plans": [{"Node Type": "Bitmap Index Scan", "Parent Relationship": "Outer", "Parallel Aware": false, "Async Capable": false, "Index Name": "keyword_pkey", "Startup Cost": 0.0, "Total Cost": 0.43, "Plan Rows": 1, "Plan Width": 0, "Index Cond": "(id = mk.keyword_id)"}]}]}]}, {"Node Type": "Bitmap Heap Scan", "Parent Relationship": "Inner", "Parallel Aware": false, "Async Capable": false, "Relation Name": "title", "Alias": "t", "Startup Cost": 0.45, "Total Cost": 4.46, "Plan Rows": 1, "Plan Width": 25, "Recheck Cond": "(id = mk.movie_id)", "Filter": "(production_year >= 1972)", "Plans": [{"Node Type": "Bitmap Index Scan", "Parent Relationship": "Outer", "Parallel Aware": false, "Async Capable": false, "Index Name": "title_pkey", "Startup Cost": 0.0, "Total Cost": 0.45, "Plan Rows": 1, "Plan Width": 0, "Index Cond": "(id = mk.movie_id)"}]}]}, {"Node Type": "Bitmap Heap Scan", "Parent Relationship": "Inner", "Parallel Aware": false, "Async Capable": false, "Relation Name": "kind_type", "Alias": "kt", "Startup Cost": 0.14, "Total Cost": 4.16, "Plan Rows": 1, "Plan Width": 4, "Recheck Cond": "(id = t.kind_id)", "Filter": "((kind)::text = 'movie'::text)", "Plans": [{"Node Type": "Bitmap Index Scan", "Parent Relationship": "Outer", "Parallel Aware": false, "Async Capable": false, "Index Name": "kind_type_pkey", "Startup Cost": 0.0, "Total Cost": 0.14, "Plan Rows": 1, "Plan Width": 0, "Index Cond": "(id = t.kind_id)"}]}]}]}]}, {"Node Type": "Bitmap Heap Scan", "Parent Relationship": "Inner", "Parallel Aware": false, "Async Capable": false, "Relation Name": "char_name", "Alias": "chn", "Startup Cost": 0.44, "Total Cost": 4.46, "Plan Rows": 1, "Plan Width": 4, "Recheck Cond": "(id = ci.person_role_id)", "Filter": "(((name)::text !~~ '%Sherlock%'::text) AND (((name)::text ~~ '%Iron%Man%'::text) OR ((name)::text ~~ '%Man%'::text)))", "Plans": [{"Node Type": "Bitmap Index Scan", "Parent Relationship": "Outer", "Parallel Aware": false, "Async Capable": false, "Index Name": "char_name_pkey", "Startup Cost": 0.0, "Total Cost": 0.44, "Plan Rows": 1, "Plan Width": 0, "Index Cond": "(id = ci.person_role_id)"}]}]}, {"Node Type": "Bitmap Heap Scan", "Parent Relationship": "Inner", "Parallel Aware": false, "Async Capable": false, "Relation Name": "name", "Alias": "n", "Startup Cost": 0.44, "Total Cost": 4.45, "Plan Rows": 1, "Plan Width": 4, "Recheck Cond": "(id = ci.person_id)", "Plans": [{"Node Type": "Bitmap Index Scan", "Parent Relationship": "Outer", "Parallel Aware": false, "Async Capable": false, "Index Name": "name_pkey", "Startup Cost": 0.0, "Total Cost": 0.44, "Plan Rows": 1, "Plan Width": 0, "Index Cond": "(id = ci.person_id)"}]}]}]}}, {"Plan": {"Node Type": "Aggregate", "Strategy": "Plain", "Partial Mode": "Finalize", "Parallel Aware": false, "Async Capable": false, "Startup Cost": 385640.52, "Total Cost": 385640.53, "Plan Rows": 1, "Plan Width": 32, "Plans": [{"Node Type": "Gather", "Parent Relationship": "Outer", "Parallel Aware": false, "Async Capable": false, "Startup Cost": 385639.89, "Total Cost": 385640.5, "Plan Rows": 6, "Plan Width": 32, "Workers Planned": 6, "Single Copy": false, "Plans": [{"Node Type": "Aggregate", "Strategy": "Plain", "Partial Mode": "Partial", "Parent Relationship": "Outer", "Parallel Aware": false, "Async Capable": false, "Startup Cost": 384639.89, "Total Cost": 384639.9, "Plan Rows": 1, "Plan Width": 32, "Plans": [{"Node Type": "Nested Loop", "Parent Relationship": "Outer", "Parallel Aware": false, "Async Capable": false, "Join Type": "Inner", "Startup Cost": 48875.54, "Total Cost": 384639.89, "Plan Rows": 1, "Plan Width": 17, "Inner Unique": true, "Plans": [{"Node Type": "Nested Loop", "Parent Relationship": "Outer", "Parallel Aware": false, "Async Capable": false, "Join Type": "Inner", "Startup Cost": 48875.1, "Total Cost": 384635.44, "Plan Rows": 1, "Plan Width": 21, "Inner Unique": true, "Plans": [{"Node Type": "Hash Join", "Parent Relationship": "Outer", "Parallel Aware": true, "Async Capable": false, "Join Type": "Inner", "Startup Cost": 48874.67, "Total Cost": 384630.98, "Plan Rows": 1, "Plan Width": 25, "Inner Unique": false, "Hash Cond": "(ci.movie_id = t.id)", "Plans": [{"Node Type": "Seq Scan", "Parent Relationship": "Outer", "Parallel Aware": true, "Async Capable": false, "Relation Name": "cast_info", "Alias": "ci", "Startup Cost": 0.0, "Total Cost": 313110.03, "Plan Rows": 6039003, "Plan Width": 12}, {"Node Type": "Hash", "Parent Relationship": "Inner", "Parallel Aware": true, "Async Capable": false, "Startup Cost": 48874.65, "Total Cost": 48874.65, "Plan Rows": 1, "Plan Width": 29, "Plans": [{"Node Type": "Hash Join", "Parent Relationship": "Outer", "Parallel Aware": false, "Async Capable": false, "Join Type": "Inner", "Startup Cost": 5961.84, "Total Cost": 48874.65, "Plan Rows": 1, "Plan Width": 29, "Inner Unique": true, "Hash Cond": "(t.kind_id = kt.id)", "Plans": [{"Node Type": "Nested Loop", "Parent Relationship": "Outer", "Parallel Aware": false, "Async Capable": false, "Join Type": "Inner", "Startup Cost": 5960.74, "Total Cost": 48873.55, "Plan Rows": 2, "Plan Width": 33, "Inner Unique": true, "Plans": [{"Node Type": "Hash Join", "Parent Relationship": "Outer", "Parallel Aware": false, "Async Capable": false, "Join Type": "Inner", "Startup Cost": 5960.29, "Total Cost": 48864.63, "Plan Rows": 2, "Plan Width": 8, "Inner Unique": false, "Hash Cond": "(mk.movie_id = cc.movie_id)", "Plans": [{"Node Type": "Hash Join", "Parent Relationship": "Outer", "Parallel Aware": false, "Async Capable": false, "Join Type": "Inner", "Startup Cost": 2852.88, "Total Cost": 45757.07, "Plan Rows": 33, "Plan Width": 4, "Inner Unique": true, "Hash Cond": "(mk.keyword_id = k.id)", "Plans": [{"Node Type": "Seq Scan", "Parent Relationship": "Outer", "Parallel Aware": true, "Async Capable": false, "Relation Name": "movie_keyword", "Alias": "mk", "Startup Cost": 0.0, "Total Cost": 39073.32, "Plan Rows": 1459332, "Plan Width": 8}, {"Node Type": "Hash", "Parent Relationship": "Inner", "Parallel Aware": false, "Async Capable": false, "Startup Cost": 2852.84, "Total Cost": 2852.84, "Plan Rows": 3, "Plan Width": 4, "Plans": [{"Node Type": "Seq Scan", "Parent Relationship": "Outer", "Parallel Aware": false, "Async Capable": false, "Relation Name": "keyword", "Alias": "k", "Startup Cost": 0.0, "Total Cost": 2852.84, "Plan Rows": 3, "Plan Width": 4, "Filter": "((keyword)::text = ANY ('{\"10,000-mile-club\",alienation,based-on-comic}'::text[]))"}]}]}, {"Node Type": "Hash", "Parent Relationship": "Inner", "Parallel Aware": false, "Async Capable": false, "Startup Cost": 3001.88, "Total Cost": 3001.88, "Plan Rows": 8443, "Plan Width": 4, "Plans": [{"Node Type": "Hash Join", "Parent Relationship": "Outer", "Parallel Aware": false, "Async Capable": false, "Join Type": "Inner", "Startup Cost": 2.12, "Total Cost": 3001.88, "Plan Rows": 8443, "Plan Width": 4, "Inner Unique": true, "Hash Cond": "(cc.status_id = cct2.id)", "Plans": [{"Node Type": "Hash Join", "Parent Relationship": "Outer", "Parallel Aware": false, "Async Capable": false, "Join Type": "Inner", "Startup Cost": 1.06, "Total Cost": 2818.24, "Plan Rows": 33772, "Plan Width": 8, "Inner Unique": true, "Hash Cond": "(cc.subject_id = cct1.id)", "Plans": [{"Node Type": "Seq Scan", "Parent Relationship": "Outer", "Parallel Aware": false, "Async Capable": false, "Relation Name": "complete_cast", "Alias": "cc", "Startup Cost": 0.0, "Total Cost": 2086.86, "Plan Rows": 135086, "Plan Width": 12}, {"Node Type": "Hash", "Parent Relationship": "Inner", "Parallel Aware": false, "Async Capable": false, "Startup Cost": 1.05, "Total Cost": 1.05, "Plan Rows": 1, "Plan Width": 4, "Plans": [{"Node Type": "Seq Scan", "Parent Relationship": "Outer", "Parallel Aware": false, "Async Capable": false, "Relation Name": "comp_cast_type", "Alias": "cct1", "Startup Cost": 0.0, "Total Cost": 1.05, "Plan Rows": 1, "Plan Width": 4, "Filter": "((kind)::text = 'cast'::text)"}]}]}, {"Node Type": "Hash", "Parent Relationship": "Inner", "Parallel Aware": false, "Async Capable": false, "Startup Cost": 1.05, "Total Cost": 1.05, "Plan Rows": 1, "Plan Width": 4, "Plans": [{"Node Type": "Seq Scan", "Parent Relationship": "Outer", "Parallel Aware": false, "Async Capable": false, "Relation Name": "comp_cast_type", "Alias": "cct2", "Startup Cost": 0.0, "Total Cost": 1.05, "Plan Rows": 1, "Plan Width": 4, "Filter": "((kind)::text ~~ '%complete%'::text)"}]}]}]}]}, {"Node Type": "Bitmap Heap Scan", "Parent Relationship": "Inner", "Parallel Aware": false, "Async Capable": false, "Relation Name": "title", "Alias": "t", "Startup Cost": 0.45, "Total Cost": 4.46, "Plan Rows": 1, "Plan Width": 25, "Recheck Cond": "(id = mk.movie_id)", "Filter": "(production_year >= 1972)", "Plans": [{"Node Type": "Bitmap Index Scan", "Parent Relationship": "Outer", "Parallel Aware": false, "Async Capable": false, "Index Name": "title_pkey", "Startup Cost": 0.0, "Total Cost": 0.45, "Plan Rows": 1, "Plan Width": 0, "Index Cond": "(id = mk.movie_id)"}]}]}, {"Node Type": "Hash", "Parent Relationship": "Inner", "Parallel Aware": false, "Async Capable": false, "Startup Cost": 1.09, "Total Cost": 1.09, "Plan Rows": 1, "Plan Width": 4, "Plans": [{"Node Type": "Seq Scan", "Parent Relationship": "Outer", "Parallel Aware": false, "Async Capable": false, "Relation Name": "kind_type", "Alias": "kt", "Startup Cost": 0.0, "Total Cost": 1.09, "Plan Rows": 1, "Plan Width": 4, "Filter": "((kind)::text = 'movie'::text)"}]}]}]}]}, {"Node Type": "Bitmap Heap Scan", "Parent Relationship": "Inner", "Parallel Aware": false, "Async Capable": false, "Relation Name": "char_name", "Alias": "chn", "Startup Cost": 0.44, "Total Cost": 4.46, "Plan Rows": 1, "Plan Width": 4, "Recheck Cond": "(id = ci.person_role_id)", "Filter": "(((name)::text !~~ '%Sherlock%'::text) AND (((name)::text ~~ '%Iron%Man%'::text) OR ((name)::text ~~ '%Man%'::text)))", "Plans": [{"Node Type": "Bitmap Index Scan", "Parent Relationship": "Outer", "Parallel Aware": false, "Async Capable": false, "Index Name": "char_name_pkey", "Startup Cost": 0.0, "Total Cost": 0.44, "Plan Rows": 1, "Plan Width": 0, "Index Cond": "(id = ci.person_role_id)"}]}]}, {"Node Type": "Bitmap Heap Scan", "Parent Relationship": "Inner", "Parallel Aware": false, "Async Capable": false, "Relation Name": "name", "Alias": "n", "Startup Cost": 0.44, "Total Cost": 4.45, "Plan Rows": 1, "Plan Width": 4, "Recheck Cond": "(id = ci.person_id)", "Plans": [{"Node Type": "Bitmap Index Scan", "Parent Relationship": "Outer", "Parallel Aware": false, "Async Capable": false, "Index Name": "name_pkey", "Startup Cost": 0.0, "Total Cost": 0.44, "Plan Rows": 1, "Plan Width": 0, "Index Cond": "(id = ci.person_id)"}]}]}]}]}]}}, {"Plan": {"Node Type": "Aggregate", "Strategy": "Plain", "Partial Mode": "Simple", "Parallel Aware": false, "Async Capable": false, "Startup Cost": 30001311471.85, "Total Cost": 30001311471.86, "Plan Rows": 1, "Plan Width": 32, "Plans": [{"Node Type": "Hash Join", "Parent Relationship": "Outer", "Parallel Aware": false, "Async Capable": false, "Join Type": "Inner", "Startup Cost": 30001117628.26, "Total Cost": 30001311471.85, "Plan Rows": 1, "Plan Width": 17, "Inner Unique": false, "Hash Cond": "(n.id = ci.person_id)", "Plans": [{"Node Type": "Index Scan", "Parent Relationship": "Outer", "Parallel Aware": false, "Async Capable": false, "Scan Direction": "Forward", "Index Name": "name_pkey", "Relation Name": "name", "Alias": "n", "Startup Cost": 0.43, "Total Cost": 178215.91, "Plan Rows": 4167491, "Plan Width": 4}, {"Node Type": "Hash", "Parent Relationship": "Inner", "Parallel Aware": false, "Async Capable": false, "Startup Cost": 30001117627.82, "Total Cost": 30001117627.82, "Plan Rows": 1, "Plan Width": 21, "Plans": [{"Node Type": "Hash Join", "Parent Relationship": "Outer", "Parallel Aware": false, "Async Capable": false, "Join Type": "Inner", "Startup Cost": 30000965169.75, "Total Cost": 30001117627.82, "Plan Rows": 1, "Plan Width": 21, "Inner Unique": false, "Hash Cond": "(chn.id = ci.person_role_id)", "Plans": [{"Node Type": "Index Scan", "Parent Relationship": "Outer", "Parallel Aware": false, "Async Capable": false, "Scan Direction": "Forward", "Index Name": "char_name_pkey", "Relation Name": "char_name", "Alias": "chn", "Startup Cost": 0.43, "Total Cost": 152268.55, "Plan Rows": 50650, "Plan Width": 4, "Filter": "(((name)::text !~~ '%Sherlock%'::text) AND (((name)::text ~~ '%Iron%Man%'::text) OR ((name)::text ~~ '%Man%'::text)))"}, {"Node Type": "Hash", "Parent Relationship": "Inner", "Parallel Aware": false, "Async Capable": false, "Startup Cost": 30000965169.28, "Total Cost": 30000965169.28, "Plan Rows": 3, "Plan Width": 25, "Plans": [{"Node Type": "Hash Join", "Parent Relationship": "Outer", "Parallel Aware": false, "Async Capable": false, "Join Type": "Inner", "Startup Cost": 30000214230.69, "Total Cost": 30000965169.28, "Plan Rows": 3, "Plan Width": 25, "Inner Unique": true, "Hash Cond": "(t.kind_id = kt.id)", "Plans": [{"Node Type": "Hash Join", "Parent Relationship": "Outer", "Parallel Aware": false, "Async Capable": false, "Join Type": "Inner", "Startup Cost": 30000214218.42, "Total Cost": 30000965156.92, "Plan Rows": 24, "Plan Width": 29, "Inner Unique": false, "Hash Cond": "(ci.movie_id = t.id)", "Plans": [{"Node Type": "Seq Scan", "Parent Relationship": "Outer", "Parallel Aware": false, "Async Capable": false, "Relation Name": "cast_info", "Alias": "ci", "Startup Cost": 10000000000.0, "Total Cost": 10000615060.2, "Plan Rows": 36234020, "Plan Width": 12}, {"Node Type": "Hash", "Parent Relationship": "Inner", "Parallel Aware": false, "Async Capable": false, "Startup Cost": 20000214218.36, "Total Cost": 20000214218.36, "Plan Rows": 5, "Plan Width": 33, "Plans": [{"Node Type": "Hash Join", "Parent Relationship": "Outer", "Parallel Aware": false, "Async Capable": false, "Join Type": "Inner", "Startup Cost": 20000089787.78, "Total Cost": 20000214218.36, "Plan Rows": 5, "Plan Width": 33, "Inner Unique": false, "Hash Cond": "(t.id = mk.movie_id)", "Plans": [{"Node Type": "Index Scan", "Parent Relationship": "Outer", "Parallel Aware": false, "Async Capable": false, "Scan Direction": "Forward", "Index Name": "title_pkey", "Relation Name": "title", "Alias": "t", "Startup Cost": 0.43, "Total Cost": 116689.45, "Plan Rows": 2064403, "Plan Width": 25, "Filter": "(production_year >= 1972)"}, {"Node Type": "Hash", "Parent Relationship": "Inner", "Parallel Aware": false, "Async Capable": false, "Startup Cost": 20000089787.28, "Total Cost": 20000089787.28, "Plan Rows": 6, "Plan Width": 8, "Plans": [{"Node Type": "Hash Join", "Parent Relationship": "Outer", "Parallel Aware": false, "Async Capable": false, "Join Type": "Inner", "Startup Cost": 20000087192.32, "Total Cost": 20000089787.28, "Plan Rows": 6, "Plan Width": 8, "Inner Unique": true, "Hash Cond": "(cc.status_id = cct2.id)", "Plans": [{"Node Type": "Hash Join", "Parent Relationship": "Outer", "Parallel Aware": false, "Async Capable": false, "Join Type": "Inner", "Startup Cost": 20000087180.11, "Total Cost": 20000089774.94, "Plan Rows": 23, "Plan Width": 12, "Inner Unique": true, "Hash Cond": "(cc.subject_id = cct1.id)", "Plans": [{"Node Type": "Hash Join", "Parent Relationship": "Outer", "Parallel Aware": false, "Async Capable": false, "Join Type": "Inner", "Startup Cost": 20000087167.9, "Total Cost": 20000089762.23, "Plan Rows": 91, "Plan Width": 16, "Inner Unique": false, "Hash Cond": "(cc.movie_id = mk.movie_id)", "Plans": [{"Node Type": "Seq Scan", "Parent Relationship": "Outer", "Parallel Aware": false, "Async Capable": false, "Relation Name": "complete_cast", "Alias": "cc", "Startup Cost": 10000000000.0, "Total Cost": 10000002086.86, "Plan Rows": 135086, "Plan Width": 12}, {"Node Type": "Hash", "Parent Relationship": "Inner", "Parallel Aware": false, "Async Capable": false, "Startup Cost": 10000087166.63, "Total Cost": 10000087166.63, "Plan Rows": 101, "Plan Width": 4, "Plans": [{"Node Type": "Hash Join", "Parent Relationship": "Outer", "Parallel Aware": false, "Async Capable": false, "Join Type": "Inner", "Startup Cost": 10000005571.64, "Total Cost": 10000087166.63, "Plan Rows": 101, "Plan Width": 4, "Inner Unique": true, "Hash Cond": "(mk.keyword_id = k.id)", "Plans": [{"Node Type": "Seq Scan", "Parent Relationship": "Outer", "Parallel Aware": false, "Async Capable": false, "Relation Name": "movie_keyword", "Alias": "mk", "Startup Cost": 10000000000.0, "Total Cost": 10000069719.3, "Plan Rows": 4523930, "Plan Width": 8}, {"Node Type": "Hash", "Parent Relationship": "Inner", "Parallel Aware": false, "Async Capable": false, "Startup Cost": 5571.6, "Total Cost": 5571.6, "Plan Rows": 3, "Plan Width": 4, "Plans": [{"Node Type": "Index Scan", "Parent Relationship": "Outer", "Parallel Aware": false, "Async Capable": false, "Scan Direction": "Forward", "Index Name": "keyword_pkey", "Relation Name": "keyword", "Alias": "k", "Startup Cost": 0.42, "Total Cost": 5571.6, "Plan Rows": 3, "Plan Width": 4, "Filter": "((keyword)::text = ANY ('{\"10,000-mile-club\",alienation,based-on-comic}'::text[]))"}]}]}]}]}, {"Node Type": "Hash", "Parent Relationship": "Inner", "Parallel Aware": false, "Async Capable": false, "Startup Cost": 12.2, "Total Cost": 12.2, "Plan Rows": 1, "Plan Width": 4, "Plans": [{"Node Type": "Index Scan", "Parent Relationship": "Outer", "Parallel Aware": false, "Async Capable": false, "Scan Direction": "Forward", "Index Name": "comp_cast_type_pkey", "Relation Name": "comp_cast_type", "Alias": "cct1", "Startup Cost": 0.13, "Total Cost": 12.2, "Plan Rows": 1, "Plan Width": 4, "Filter": "((kind)::text = 'cast'::text)"}]}]}, {"Node Type": "Hash", "Parent Relationship": "Inner", "Parallel Aware": false, "Async Capable": false, "Startup Cost": 12.2, "Total Cost": 12.2, "Plan Rows": 1, "Plan Width": 4, "Plans": [{"Node Type": "Index Scan", "Parent Relationship": "Outer", "Parallel Aware": false, "Async Capable": false, "Scan Direction": "Forward", "Index Name": "comp_cast_type_pkey", "Relation Name": "comp_cast_type", "Alias": "cct2", "Startup Cost": 0.13, "Total Cost": 12.2, "Plan Rows": 1, "Plan Width": 4, "Filter": "((kind)::text ~~ '%complete%'::text)"}]}]}]}]}]}]}, {"Node Type": "Hash", "Parent Relationship": "Inner", "Parallel Aware": false, "Async Capable": false, "Startup Cost": 12.26, "Total Cost": 12.26, "Plan Rows": 1, "Plan Width": 4, "Plans": [{"Node Type": "Index Scan", "Parent Relationship": "Outer", "Parallel Aware": false, "Async Capable": false, "Scan Direction": "Forward", "Index Name": "kind_type_pkey", "Relation Name": "kind_type", "Alias": "kt", "Startup Cost": 0.13, "Total Cost": 12.26, "Plan Rows": 1, "Plan Width": 4, "Filter": "((kind)::text = 'movie'::text)"}]}]}]}]}]}]}]}}, {"Plan": {"Node Type": "Aggregate", "Strategy": "Plain", "Partial Mode": "Simple", "Parallel Aware": false, "Async Capable": false, "Startup Cost": 30001299644.28, "Total Cost": 30001299644.29, "Plan Rows": 1, "Plan Width": 32, "Plans": [{"Node Type": "Hash Join", "Parent Relationship": "Outer", "Parallel Aware": false, "Async Capable": false, "Join Type": "Inner", "Startup Cost": 30001115866.57, "Total Cost": 30001299644.28, "Plan Rows": 1, "Plan Width": 17, "Inner Unique": true, "Hash Cond": "(t.kind_id = kt.id)", "Plans": [{"Node Type": "Merge Join", "Parent Relationship": "Outer", "Parallel Aware": false, "Async Capable": false, "Join Type": "Inner", "Startup Cost": 30001115854.3, "Total Cost": 30001299632.01, "Plan Rows": 1, "Plan Width": 21, "Inner Unique": true, "Merge Cond": "(ci.person_id = n.id)", "Plans": [{"Node Type": "Sort", "Parent Relationship": "Outer", "Parallel Aware": false, "Async Capable": false, "Startup Cost": 30001115853.87, "Total Cost": 30001115853.88, "Plan Rows": 1, "Plan Width": 25, "Sort Key": ["ci.person_id"], "Plans": [{"Node Type": "Merge Join", "Parent Relationship": "Outer", "Parallel Aware": false, "Async Capable": false, "Join Type": "Inner", "Startup Cost": 30000963459.05, "Total Cost": 30001115853.86, "Plan Rows": 1, "Plan Width": 25, "Inner Unique": false, "Merge Cond": "(chn.id = ci.person_role_id)", "Plans": [{"Node Type": "Index Scan", "Parent Relationship": "Outer", "Parallel Aware": false, "Async Capable": false, "Scan Direction": "Forward", "Index Name": "char_name_pkey", "Relation Name": "char_name", "Alias": "chn", "Startup Cost": 0.43, "Total Cost": 152268.55, "Plan Rows": 50650, "Plan Width": 4, "Filter": "(((name)::text !~~ '%Sherlock%'::text) AND (((name)::text ~~ '%Iron%Man%'::text) OR ((name)::text ~~ '%Man%'::text)))"}, {"Node Type": "Sort", "Parent Relationship": "Inner", "Parallel Aware": false, "Async Capable": false, "Startup Cost": 30000963458.61, "Total Cost": 30000963458.67, "Plan Rows": 24, "Plan Width": 29, "Sort Key": ["ci.person_role_id"], "Plans": [{"Node Type": "Hash Join", "Parent Relationship": "Outer", "Parallel Aware": false, "Async Capable": false, "Join Type": "Inner", "Startup Cost": 30000212519.57, "Total Cost": 30000963458.06, "Plan Rows": 24, "Plan Width": 29, "Inner Unique": false, "Hash Cond": "(ci.movie_id = t.id)", "Plans": [{"Node Type": "Seq Scan", "Parent Relationship": "Outer", "Parallel Aware": false, "Async Capable": false, "Relation Name": "cast_info", "Alias": "ci", "Startup Cost": 10000000000.0, "Total Cost": 10000615060.2, "Plan Rows": 36234020, "Plan Width": 12}, {"Node Type": "Hash", "Parent Relationship": "Inner", "Parallel Aware": false, "Async Capable": false, "Startup Cost": 20000212519.5, "Total Cost": 20000212519.5, "Plan Rows": 5, "Plan Width": 33, "Plans": [{"Node Type": "Merge Join", "Parent Relationship": "Outer", "Parallel Aware": false, "Async Capable": false, "Join Type": "Inner", "Startup Cost": 20000090747.6, "Total Cost": 20000212519.5, "Plan Rows": 5, "Plan Width": 33, "Inner Unique": true, "Merge Cond": "(mk.movie_id = t.id)", "Plans": [{"Node Type": "Merge Join", "Parent Relationship": "Outer", "Parallel Aware": false, "Async Capable": false, "Join Type": "Inner", "Startup Cost": 20000090744.81, "Total Cost": 20000090786.8, "Plan Rows": 6, "Plan Width": 8, "Inner Unique": false, "Merge Cond": "(mk.movie_id = cc.movie_id)", "Plans": [{"Node Type": "Sort", "Parent Relationship": "Outer", "Parallel Aware": false, "Async Capable": false, "Startup Cost": 10000087170.0, "Total Cost": 10000087170.25, "Plan Rows": 101, "Plan Width": 4, "Sort Key": ["mk.movie_id"], "Plans": [{"Node Type": "Hash Join", "Parent Relationship": "Outer", "Parallel Aware": false, "Async Capable": false, "Join Type": "Inner", "Startup Cost": 10000005571.64, "Total Cost": 10000087166.63, "Plan Rows": 101, "Plan Width": 4, "Inner Unique": true, "Hash Cond": "(mk.keyword_id = k.id)", "Plans": [{"Node Type": "Seq Scan", "Parent Relationship": "Outer", "Parallel Aware": false, "Async Capable": false, "Relation Name": "movie_keyword", "Alias": "mk", "Startup Cost": 10000000000.0, "Total Cost": 10000069719.3, "Plan Rows": 4523930, "Plan Width": 8}, {"Node Type": "Hash", "Parent Relationship": "Inner", "Parallel Aware": false, "Async Capable": false, "Startup Cost": 5571.6, "Total Cost": 5571.6, "Plan Rows": 3, "Plan Width": 4, "Plans": [{"Node Type": "Index Scan", "Parent Relationship": "Outer", "Parallel Aware": false, "Async Capable": false, "Scan Direction": "Forward", "Index Name": "keyword_pkey", "Relation Name": "keyword", "Alias": "k", "Startup Cost": 0.42, "Total Cost": 5571.6, "Plan Rows": 3, "Plan Width": 4, "Filter": "((keyword)::text = ANY ('{\"10,000-mile-club\",alienation,based-on-comic}'::text[]))"}]}]}]}, {"Node Type": "Sort", "Parent Relationship": "Inner", "Parallel Aware": false, "Async Capable": false, "Startup Cost": 10000003574.81, "Total Cost": 10000003595.92, "Plan Rows": 8443, "Plan Width": 4, "Sort Key": ["cc.movie_id"], "Plans": [{"Node Type": "Hash Join", "Parent Relationship": "Outer", "Parallel Aware": false, "Async Capable": false, "Join Type": "Inner", "Startup Cost": 10000000024.43, "Total Cost": 10000003024.18, "Plan Rows": 8443, "Plan Width": 4, "Inner Unique": true, "Hash Cond": "(cc.status_id = cct2.id)", "Plans": [{"Node Type": "Hash Join", "Parent Relationship": "Outer", "Parallel Aware": false, "Async Capable": false, "Join Type": "Inner", "Startup Cost": 10000000012.21, "Total Cost": 10000002829.39, "Plan Rows": 33772, "Plan Width": 8, "Inner Unique": true, "Hash Cond": "(cc.subject_id = cct1.id)", "Plans": [{"Node Type": "Seq Scan", "Parent Relationship": "Outer", "Parallel Aware": false, "Async Capable": false, "Relation Name": "complete_cast", "Alias": "cc", "Startup Cost": 10000000000.0, "Total Cost": 10000002086.86, "Plan Rows": 135086, "Plan Width": 12}, {"Node Type": "Hash", "Parent Relationship": "Inner", "Parallel Aware": false, "Async Capable": false, "Startup Cost": 12.2, "Total Cost": 12.2, "Plan Rows": 1, "Plan Width": 4, "Plans": [{"Node Type": "Index Scan", "Parent Relationship": "Outer", "Parallel Aware": false, "Async Capable": false, "Scan Direction": "Forward", "Index Name": "comp_cast_type_pkey", "Relation Name": "comp_cast_type", "Alias": "cct1", "Startup Cost": 0.13, "Total Cost": 12.2, "Plan Rows": 1, "Plan Width": 4, "Filter": "((kind)::text = 'cast'::text)"}]}]}, {"Node Type": "Hash", "Parent Relationship": "Inner", "Parallel Aware": false, "Async Capable": false, "Startup Cost": 12.2, "Total Cost": 12.2, "Plan Rows": 1, "Plan Width": 4, "Plans": [{"Node Type": "Index Scan", "Parent Relationship": "Outer", "Parallel Aware": false, "Async Capable": false, "Scan Direction": "Forward", "Index Name": "comp_cast_type_pkey", "Relation Name": "comp_cast_type", "Alias": "cct2", "Startup Cost": 0.13, "Total Cost": 12.2, "Plan Rows": 1, "Plan Width": 4, "Filter": "((kind)::text ~~ '%complete%'::text)"}]}]}]}]}, {"Node Type": "Index Scan", "Parent Relationship": "Inner", "Parallel Aware": false, "Async Capable": false, "Scan Direction": "Forward", "Index Name": "title_pkey", "Relation Name": "title", "Alias": "t", "Startup Cost": 0.43, "Total Cost": 116689.45, "Plan Rows": 2064403, "Plan Width": 25, "Filter": "(production_year >= 1972)"}]}]}]}]}]}]}, {"Node Type": "Index Scan", "Parent Relationship": "Inner", "Parallel Aware": false, "Async Capable": false, "Scan Direction": "Forward", "Index Name": "name_pkey", "Relation Name": "name", "Alias": "n", "Startup Cost": 0.43, "Total Cost": 178215.91, "Plan Rows": 4167491, "Plan Width": 4}]}, {"Node Type": "Hash", "Parent Relationship": "Inner", "Parallel Aware": false, "Async Capable": false, "Startup Cost": 12.26, "Total Cost": 12.26, "Plan Rows": 1, "Plan Width": 4, "Plans": [{"Node Type": "Index Scan", "Parent Relationship": "Outer", "Parallel Aware": false, "Async Capable": false, "Scan Direction": "Forward", "Index Name": "kind_type_pkey", "Relation Name": "kind_type", "Alias": "kt", "Startup Cost": 0.13, "Total Cost": 12.26, "Plan Rows": 1, "Plan Width": 4, "Filter": "((kind)::text = 'movie'::text)"}]}]}]}}, {"Plan": {"Node Type": "Aggregate", "Strategy": "Plain", "Partial Mode": "Simple", "Parallel Aware": false, "Async Capable": false, "Startup Cost": 30000841730.28, "Total Cost": 30000841730.29, "Plan Rows": 1, "Plan Width": 32, "Plans": [{"Node Type": "Nested Loop", "Parent Relationship": "Outer", "Parallel Aware": false, "Async Capable": false, "Join Type": "Inner", "Startup Cost": 30000090791.38, "Total Cost": 30000841730.27, "Plan Rows": 1, "Plan Width": 17, "Inner Unique": true, "Plans": [{"Node Type": "Nested Loop", "Parent Relationship": "Outer", "Parallel Aware": false, "Async Capable": false, "Join Type": "Inner", "Startup Cost": 30000090790.95, "Total Cost": 30000841729.82, "Plan Rows": 1, "Plan Width": 21, "Inner Unique": true, "Plans": [{"Node Type": "Hash Join", "Parent Relationship": "Outer", "Parallel Aware": false, "Async Capable": false, "Join Type": "Inner", "Startup Cost": 30000090790.52, "Total Cost": 30000841728.44, "Plan Rows": 3, "Plan Width": 25, "Inner Unique": false, "Hash Cond": "(ci.movie_id = t.id)", "Plans": [{"Node Type": "Seq Scan", "Parent Relationship": "Outer", "Parallel Aware": false, "Async Capable": false, "Relation Name": "cast_info", "Alias": "ci", "Startup Cost": 10000000000.0, "Total Cost": 10000615060.2, "Plan Rows": 36234020, "Plan Width": 12}, {"Node Type": "Hash", "Parent Relationship": "Inner", "Parallel Aware": false, "Async Capable": false, "Startup Cost": 20000090790.51, "Total Cost": 20000090790.51, "Plan Rows": 1, "Plan Width": 29, "Plans": [{"Node Type": "Nested Loop", "Parent Relationship": "Outer", "Parallel Aware": false, "Async Capable": false, "Join Type": "Inner", "Startup Cost": 20000090745.37, "Total Cost": 20000090790.51, "Plan Rows": 1, "Plan Width": 29, "Inner Unique": true, "Plans": [{"Node Type": "Nested Loop", "Parent Relationship": "Outer", "Parallel Aware": false, "Async Capable": false, "Join Type": "Inner", "Startup Cost": 20000090745.24, "Total Cost": 20000090789.74, "Plan Rows": 5, "Plan Width": 33, "Inner Unique": true, "Plans": [{"Node Type": "Merge Join", "Parent Relationship": "Outer", "Parallel Aware": false, "Async Capable": false, "Join Type": "Inner", "Startup Cost": 20000090744.81, "Total Cost": 20000090786.8, "Plan Rows": 6, "Plan Width": 8, "Inner Unique": false, "Merge Cond": "(mk.movie_id = cc.movie_id)", "Plans": [{"Node Type": "Sort", "Parent Relationship": "Outer", "Parallel Aware": false, "Async Capable": false, "Startup Cost": 10000087170.0, "Total Cost": 10000087170.25, "Plan Rows": 101, "Plan Width": 4, "Sort Key": ["mk.movie_id"], "Plans": [{"Node Type": "Hash Join", "Parent Relationship": "Outer", "Parallel Aware": false, "Async Capable": false, "Join Type": "Inner", "Startup Cost": 10000005571.64, "Total Cost": 10000087166.63, "Plan Rows": 101, "Plan Width": 4, "Inner Unique": true, "Hash Cond": "(mk.keyword_id = k.id)", "Plans": [{"Node Type": "Seq Scan", "Parent Relationship": "Outer", "Parallel Aware": false, "Async Capable": false, "Relation Name": "movie_keyword", "Alias": "mk", "Startup Cost": 10000000000.0, "Total Cost": 10000069719.3, "Plan Rows": 4523930, "Plan Width": 8}, {"Node Type": "Hash", "Parent Relationship": "Inner", "Parallel Aware": false, "Async Capable": false, "Startup Cost": 5571.6, "Total Cost": 5571.6, "Plan Rows": 3, "Plan Width": 4, "Plans": [{"Node Type": "Index Scan", "Parent Relationship": "Outer", "Parallel Aware": false, "Async Capable": false, "Scan Direction": "Forward", "Index Name": "keyword_pkey", "Relation Name": "keyword", "Alias": "k", "Startup Cost": 0.42, "Total Cost": 5571.6, "Plan Rows": 3, "Plan Width": 4, "Filter": "((keyword)::text = ANY ('{\"10,000-mile-club\",alienation,based-on-comic}'::text[]))"}]}]}]}, {"Node Type": "Sort", "Parent Relationship": "Inner", "Parallel Aware": false, "Async Capable": false, "Startup Cost": 10000003574.81, "Total Cost": 10000003595.92, "Plan Rows": 8443, "Plan Width": 4, "Sort Key": ["cc.movie_id"], "Plans": [{"Node Type": "Hash Join", "Parent Relationship": "Outer", "Parallel Aware": false, "Async Capable": false, "Join Type": "Inner", "Startup Cost": 10000000024.43, "Total Cost": 10000003024.18, "Plan Rows": 8443, "Plan Width": 4, "Inner Unique": true, "Hash Cond": "(cc.status_id = cct2.id)", "Plans": [{"Node Type": "Hash Join", "Parent Relationship": "Outer", "Parallel Aware": false, "Async Capable": false, "Join Type": "Inner", "Startup Cost": 10000000012.21, "Total Cost": 10000002829.39, "Plan Rows": 33772, "Plan Width": 8, "Inner Unique": true, "Hash Cond": "(cc.subject_id = cct1.id)", "Plans": [{"Node Type": "Seq Scan", "Parent Relationship": "Outer", "Parallel Aware": false, "Async Capable": false, "Relation Name": "complete_cast", "Alias": "cc", "Startup Cost": 10000000000.0, "Total Cost": 10000002086.86, "Plan Rows": 135086, "Plan Width": 12}, {"Node Type": "Hash", "Parent Relationship": "Inner", "Parallel Aware": false, "Async Capable": false, "Startup Cost": 12.2, "Total Cost": 12.2, "Plan Rows": 1, "Plan Width": 4, "Plans": [{"Node Type": "Index Scan", "Parent Relationship": "Outer", "Parallel Aware": false, "Async Capable": false, "Scan Direction": "Forward", "Index Name": "comp_cast_type_pkey", "Relation Name": "comp_cast_type", "Alias": "cct1", "Startup Cost": 0.13, "Total Cost": 12.2, "Plan Rows": 1, "Plan Width": 4, "Filter": "((kind)::text = 'cast'::text)"}]}]}, {"Node Type": "Hash", "Parent Relationship": "Inner", "Parallel Aware": false, "Async Capable": false, "Startup Cost": 12.2, "Total Cost": 12.2, "Plan Rows": 1, "Plan Width": 4, "Plans": [{"Node Type": "Index Scan", "Parent Relationship": "Outer", "Parallel Aware": false, "Async Capable": false, "Scan Direction": "Forward", "Index Name": "comp_cast_type_pkey", "Relation Name": "comp_cast_type", "Alias": "cct2", "Startup Cost": 0.13, "Total Cost": 12.2, "Plan Rows": 1, "Plan Width": 4, "Filter": "((kind)::text ~~ '%complete%'::text)"}]}]}]}]}, {"Node Type": "Index Scan", "Parent Relationship": "Inner", "Parallel Aware": false, "Async Capable": false, "Scan Direction": "Forward", "Index Name": "title_pkey", "Relation Name": "title", "Alias": "t", "Startup Cost": 0.43, "Total Cost": 0.49, "Plan Rows": 1, "Plan Width": 25, "Index Cond": "(id = mk.movie_id)", "Filter": "(production_year >= 1972)"}]}, {"Node Type": "Index Scan", "Parent Relationship": "Inner", "Parallel Aware": false, "Async Capable": false, "Scan Direction": "Forward", "Index Name": "kind_type_pkey", "Relation Name": "kind_type", "Alias": "kt", "Startup Cost": 0.13, "Total Cost": 0.15, "Plan Rows": 1, "Plan Width": 4, "Index Cond": "(id = t.kind_id)", "Filter": "((kind)::text = 'movie'::text)"}]}]}]}, {"Node Type": "Index Scan", "Parent Relationship": "Inner", "Parallel Aware": false, "Async Capable": false, "Scan Direction": "Forward", "Index Name": "char_name_pkey", "Relation Name": "char_name", "Alias": "chn", "Startup Cost": 0.43, "Total Cost": 0.46, "Plan Rows": 1, "Plan Width": 4, "Index Cond": "(id = ci.person_role_id)", "Filter": "(((name)::text !~~ '%Sherlock%'::text) AND (((name)::text ~~ '%Iron%Man%'::text) OR ((name)::text ~~ '%Man%'::text)))"}]}, {"Node Type": "Index Scan", "Parent Relationship": "Inner", "Parallel Aware": false, "Async Capable": false, "Scan Direction": "Forward", "Index Name": "name_pkey", "Relation Name": "name", "Alias": "n", "Startup Cost": 0.43, "Total Cost": 0.46, "Plan Rows": 1, "Plan Width": 4, "Index Cond": "(id = ci.person_id)"}]}]}}, {"Plan": {"Node Type": "Aggregate", "Strategy": "Plain", "Partial Mode": "Finalize", "Parallel Aware": false, "Async Capable": false, "Startup Cost": 385640.12, "Total Cost": 385640.13, "Plan Rows": 1, "Plan Width": 32, "Plans": [{"Node Type": "Gather", "Parent Relationship": "Outer", "Parallel Aware": false, "Async Capable": false, "Startup Cost": 385639.49, "Total Cost": 385640.1, "Plan Rows": 6, "Plan Width": 32, "Workers Planned": 6, "Single Copy": false, "Plans": [{"Node Type": "Aggregate", "Strategy": "Plain", "Partial Mode": "Partial", "Parent Relationship": "Outer", "Parallel Aware": false, "Async Capable": false, "Startup Cost": 384639.49, "Total Cost": 384639.5, "Plan Rows": 1, "Plan Width": 32, "Plans": [{"Node Type": "Nested Loop", "Parent Relationship": "Outer", "Parallel Aware": false, "Async Capable": false, "Join Type": "Inner", "Startup Cost": 48882.77, "Total Cost": 384639.49, "Plan Rows": 1, "Plan Width": 17, "Inner Unique": true, "Plans": [{"Node Type": "Nested Loop", "Parent Relationship": "Outer", "Parallel Aware": false, "Async Capable": false, "Join Type": "Inner", "Startup Cost": 48882.34, "Total Cost": 384639.03, "Plan Rows": 1, "Plan Width": 21, "Inner Unique": true, "Plans": [{"Node Type": "Hash Join", "Parent Relationship": "Outer", "Parallel Aware": false, "Async Capable": false, "Join Type": "Inner", "Startup Cost": 48881.91, "Total Cost": 384638.57, "Plan Rows": 1, "Plan Width": 25, "Inner Unique": false, "Hash Cond": "(t.id = cc.movie_id)", "Plans": [{"Node Type": "Hash Join", "Parent Relationship": "Outer", "Parallel Aware": true, "Async Capable": false, "Join Type": "Inner", "Startup Cost": 45774.49, "Total Cost": 381530.89, "Plan Rows": 69, "Plan Width": 37, "Inner Unique": false, "Hash Cond": "(ci.movie_id = t.id)", "Plans": [{"Node Type": "Seq Scan", "Parent Relationship": "Outer", "Parallel Aware": true, "Async Capable": false, "Relation Name": "cast_info", "Alias": "ci", "Startup Cost": 0.0, "Total Cost": 313110.03, "Plan Rows": 6039003, "Plan Width": 12}, {"Node Type": "Hash", "Parent Relationship": "Inner", "Parallel Aware": true, "Async Capable": false, "Startup Cost": 45774.44, "Total Cost": 45774.44, "Plan Rows": 4, "Plan Width": 25, "Plans": [{"Node Type": "Hash Join", "Parent Relationship": "Outer", "Parallel Aware": false, "Async Capable": false, "Join Type": "Inner", "Startup Cost": 2854.4, "Total Cost": 45774.44, "Plan Rows": 4, "Plan Width": 25, "Inner Unique": true, "Hash Cond": "(t.kind_id = kt.id)", "Plans": [{"Node Type": "Nested Loop", "Parent Relationship": "Outer", "Parallel Aware": false, "Async Capable": false, "Join Type": "Inner", "Startup Cost": 2853.3, "Total Cost": 45773.23, "Plan Rows": 26, "Plan Width": 29, "Inner Unique": true, "Plans": [{"Node Type": "Hash Join", "Parent Relationship": "Outer", "Parallel Aware": false, "Async Capable": false, "Join Type": "Inner", "Startup Cost": 2852.88, "Total Cost": 45757.07, "Plan Rows": 33, "Plan Width": 4, "Inner Unique": true, "Hash Cond": "(mk.keyword_id = k.id)", "Plans": [{"Node Type": "Seq Scan", "Parent Relationship": "Outer", "Parallel Aware": true, "Async Capable": false, "Relation Name": "movie_keyword", "Alias": "mk", "Startup Cost": 0.0, "Total Cost": 39073.32, "Plan Rows": 1459332, "Plan Width": 8}, {"Node Type": "Hash", "Parent Relationship": "Inner", "Parallel Aware": false, "Async Capable": false, "Startup Cost": 2852.84, "Total Cost": 2852.84, "Plan Rows": 3, "Plan Width": 4, "Plans": [{"Node Type": "Seq Scan", "Parent Relationship": "Outer", "Parallel Aware": false, "Async Capable": false, "Relation Name": "keyword", "Alias": "k", "Startup Cost": 0.0, "Total Cost": 2852.84, "Plan Rows": 3, "Plan Width": 4, "Filter": "((keyword)::text = ANY ('{\"10,000-mile-club\",alienation,based-on-comic}'::text[]))"}]}]}, {"Node Type": "Index Scan", "Parent Relationship": "Inner", "Parallel Aware": false, "Async Capable": false, "Scan Direction": "Forward", "Index Name": "title_pkey", "Relation Name": "title", "Alias": "t", "Startup Cost": 0.43, "Total Cost": 0.49, "Plan Rows": 1, "Plan Width": 25, "Index Cond": "(id = mk.movie_id)", "Filter": "(production_year >= 1972)"}]}, {"Node Type": "Hash", "Parent Relationship": "Inner", "Parallel Aware": false, "Async Capable": false, "Startup Cost": 1.09, "Total Cost": 1.09, "Plan Rows": 1, "Plan Width": 4, "Plans": [{"Node Type": "Seq Scan", "Parent Relationship": "Outer", "Parallel Aware": false, "Async Capable": false, "Relation Name": "kind_type", "Alias": "kt", "Startup Cost": 0.0, "Total Cost": 1.09, "Plan Rows": 1, "Plan Width": 4, "Filter": "((kind)::text = 'movie'::text)"}]}]}]}]}, {"Node Type": "Hash", "Parent Relationship": "Inner", "Parallel Aware": false, "Async Capable": false, "Startup Cost": 3001.88, "Total Cost": 3001.88, "Plan Rows": 8443, "Plan Width": 4, "Plans": [{"Node Type": "Hash Join", "Parent Relationship": "Outer", "Parallel Aware": false, "Async Capable": false, "Join Type": "Inner", "Startup Cost": 2.12, "Total Cost": 3001.88, "Plan Rows": 8443, "Plan Width": 4, "Inner Unique": true, "Hash Cond": "(cc.status_id = cct2.id)", "Plans": [{"Node Type": "Hash Join", "Parent Relationship": "Outer", "Parallel Aware": false, "Async Capable": false, "Join Type": "Inner", "Startup Cost": 1.06, "Total Cost": 2818.24, "Plan Rows": 33772, "Plan Width": 8, "Inner Unique": true, "Hash Cond": "(cc.subject_id = cct1.id)", "Plans": [{"Node Type": "Seq Scan", "Parent Relationship": "Outer", "Parallel Aware": false, "Async Capable": false, "Relation Name": "complete_cast", "Alias": "cc", "Startup Cost": 0.0, "Total Cost": 2086.86, "Plan Rows": 135086, "Plan Width": 12}, {"Node Type": "Hash", "Parent Relationship": "Inner", "Parallel Aware": false, "Async Capable": false, "Startup Cost": 1.05, "Total Cost": 1.05, "Plan Rows": 1, "Plan Width": 4, "Plans": [{"Node Type": "Seq Scan", "Parent Relationship": "Outer", "Parallel Aware": false, "Async Capable": false, "Relation Name": "comp_cast_type", "Alias": "cct1", "Startup Cost": 0.0, "Total Cost": 1.05, "Plan Rows": 1, "Plan Width": 4, "Filter": "((kind)::text = 'cast'::text)"}]}]}, {"Node Type": "Hash", "Parent Relationship": "Inner", "Parallel Aware": false, "Async Capable": false, "Startup Cost": 1.05, "Total Cost": 1.05, "Plan Rows": 1, "Plan Width": 4, "Plans": [{"Node Type": "Seq Scan", "Parent Relationship": "Outer", "Parallel Aware": false, "Async Capable": false, "Relation Name": "comp_cast_type", "Alias": "cct2", "Startup Cost": 0.0, "Total Cost": 1.05, "Plan Rows": 1, "Plan Width": 4, "Filter": "((kind)::text ~~ '%complete%'::text)"}]}]}]}]}, {"Node Type": "Index Scan", "Parent Relationship": "Inner", "Parallel Aware": false, "Async Capable": false, "Scan Direction": "Forward", "Index Name": "char_name_pkey", "Relation Name": "char_name", "Alias": "chn", "Startup Cost": 0.43, "Total Cost": 0.46, "Plan Rows": 1, "Plan Width": 4, "Index Cond": "(id = ci.person_role_id)", "Filter": "(((name)::text !~~ '%Sherlock%'::text) AND (((name)::text ~~ '%Iron%Man%'::text) OR ((name)::text ~~ '%Man%'::text)))"}]}, {"Node Type": "Index Scan", "Parent Relationship": "Inner", "Parallel Aware": false, "Async Capable": false, "Scan Direction": "Forward", "Index Name": "name_pkey", "Relation Name": "name", "Alias": "n", "Startup Cost": 0.43, "Total Cost": 0.46, "Plan Rows": 1, "Plan Width": 4, "Index Cond": "(id = ci.person_id)"}]}]}]}]}}, {"Plan": {"Node Type": "Aggregate", "Strategy": "Plain", "Partial Mode": "Simple", "Parallel Aware": false, "Async Capable": false, "Startup Cost": 30000840720.35, "Total Cost": 30000840720.36, "Plan Rows": 1, "Plan Width": 32, "Plans": [{"Node Type": "Nested Loop", "Parent Relationship": "Outer", "Parallel Aware": false, "Async Capable": false, "Join Type": "Inner", "Startup Cost": 30000089767.45, "Total Cost": 30000840720.35, "Plan Rows": 1, "Plan Width": 17, "Inner Unique": true, "Plans": [{"Node Type": "Nested Loop", "Parent Relationship": "Outer", "Parallel Aware": false, "Async Capable": false, "Join Type": "Inner", "Startup Cost": 30000089767.32, "Total Cost": 30000840720.17, "Plan Rows": 1, "Plan Width": 21, "Inner Unique": true, "Join Filter": "(t.id = mk.movie_id)", "Plans": [{"Node Type": "Nested Loop", "Parent Relationship": "Outer", "Parallel Aware": false, "Async Capable": false, "Join Type": "Inner", "Startup Cost": 30000089766.89, "Total Cost": 30000840719.71, "Plan Rows": 1, "Plan Width": 12, "Inner Unique": true, "Plans": [{"Node Type": "Nested Loop", "Parent Relationship": "Outer", "Parallel Aware": false, "Async Capable": false, "Join Type": "Inner", "Startup Cost": 30000089766.46, "Total Cost": 30000840719.25, "Plan Rows": 1, "Plan Width": 16, "Inner Unique": true, "Plans": [{"Node Type": "Hash Join", "Parent Relationship": "Outer", "Parallel Aware": false, "Async Capable": false, "Join Type": "Inner", "Startup Cost": 30000089766.03, "Total Cost": 30000840705.9, "Plan Rows": 29, "Plan Width": 20, "Inner Unique": false, "Hash Cond": "(ci.movie_id = mk.movie_id)", "Plans": [{"Node Type": "Seq Scan", "Parent Relationship": "Outer", "Parallel Aware": false, "Async Capable": false, "Relation Name": "cast_info", "Alias": "ci", "Startup Cost": 10000000000.0, "Total Cost": 10000615060.2, "Plan Rows": 36234020, "Plan Width": 12}, {"Node Type": "Hash", "Parent Relationship": "Inner", "Parallel Aware": false, "Async Capable": false, "Startup Cost": 20000089765.95, "Total Cost": 20000089765.95, "Plan Rows": 6, "Plan Width": 8, "Plans": [{"Node Type": "Nested Loop", "Parent Relationship": "Outer", "Parallel Aware": false, "Async Capable": false, "Join Type": "Inner", "Startup Cost": 20000087168.18, "Total Cost": 20000089765.95, "Plan Rows": 6, "Plan Width": 8, "Inner Unique": true, "Plans": [{"Node Type": "Nested Loop", "Parent Relationship": "Outer", "Parallel Aware": false, "Async Capable": false, "Join Type": "Inner", "Startup Cost": 20000087168.04, "Total Cost": 20000089764.95, "Plan Rows": 23, "Plan Width": 12, "Inner Unique": true, "Plans": [{"Node Type": "Hash Join", "Parent Relationship": "Outer", "Parallel Aware": false, "Async Capable": false, "Join Type": "Inner", "Startup Cost": 20000087167.9, "Total Cost": 20000089762.23, "Plan Rows": 91, "Plan Width": 16, "Inner Unique": false, "Hash Cond": "(cc.movie_id = mk.movie_id)", "Plans": [{"Node Type": "Seq Scan", "Parent Relationship": "Outer", "Parallel Aware": false, "Async Capable": false, "Relation Name": "complete_cast", "Alias": "cc", "Startup Cost": 10000000000.0, "Total Cost": 10000002086.86, "Plan Rows": 135086, "Plan Width": 12}, {"Node Type": "Hash", "Parent Relationship": "Inner", "Parallel Aware": false, "Async Capable": false, "Startup Cost": 10000087166.63, "Total Cost": 10000087166.63, "Plan Rows": 101, "Plan Width": 4, "Plans": [{"Node Type": "Hash Join", "Parent Relationship": "Outer", "Parallel Aware": false, "Async Capable": false, "Join Type": "Inner", "Startup Cost": 10000005571.64, "Total Cost": 10000087166.63, "Plan Rows": 101, "Plan Width": 4, "Inner Unique": true, "Hash Cond": "(mk.keyword_id = k.id)", "Plans": [{"Node Type": "Seq Scan", "Parent Relationship": "Outer", "Parallel Aware": false, "Async Capable": false, "Relation Name": "movie_keyword", "Alias": "mk", "Startup Cost": 10000000000.0, "Total Cost": 10000069719.3, "Plan Rows": 4523930, "Plan Width": 8}, {"Node Type": "Hash", "Parent Relationship": "Inner", "Parallel Aware": false, "Async Capable": false, "Startup Cost": 5571.6, "Total Cost": 5571.6, "Plan Rows": 3, "Plan Width": 4, "Plans": [{"Node Type": "Index Scan", "Parent Relationship": "Outer", "Parallel Aware": false, "Async Capable": false, "Scan Direction": "Forward", "Index Name": "keyword_pkey", "Relation Name": "keyword", "Alias": "k", "Startup Cost": 0.42, "Total Cost": 5571.6, "Plan Rows": 3, "Plan Width": 4, "Filter": "((keyword)::text = ANY ('{\"10,000-mile-club\",alienation,based-on-comic}'::text[]))"}]}]}]}]}, {"Node Type": "Memoize", "Parent Relationship": "Inner", "Parallel Aware": false, "Async Capable": false, "Startup Cost": 0.14, "Total Cost": 0.16, "Plan Rows": 1, "Plan Width": 4, "Cache Key": "cc.subject_id", "Cache Mode": "logical", "Plans": [{"Node Type": "Index Scan", "Parent Relationship": "Outer", "Parallel Aware": false, "Async Capable": false, "Scan Direction": "Forward", "Index Name": "comp_cast_type_pkey", "Relation Name": "comp_cast_type", "Alias": "cct1", "Startup Cost": 0.13, "Total Cost": 0.15, "Plan Rows": 1, "Plan Width": 4, "Index Cond": "(id = cc.subject_id)", "Filter": "((kind)::text = 'cast'::text)"}]}]}, {"Node Type": "Memoize", "Parent Relationship": "Inner", "Parallel Aware": false, "Async Capable": false, "Startup Cost": 0.14, "Total Cost": 0.16, "Plan Rows": 1, "Plan Width": 4, "Cache Key": "cc.status_id", "Cache Mode": "logical", "Plans": [{"Node Type": "Index Scan", "Parent Relationship": "Outer", "Parallel Aware": false, "Async Capable": false, "Scan Direction": "Forward", "Index Name": "comp_cast_type_pkey", "Relation Name": "comp_cast_type", "Alias": "cct2", "Startup Cost": 0.13, "Total Cost": 0.15, "Plan Rows": 1, "Plan Width": 4, "Index Cond": "(id = cc.status_id)", "Filter": "((kind)::text ~~ '%complete%'::text)"}]}]}]}]}, {"Node Type": "Index Scan", "Parent Relationship": "Inner", "Parallel Aware": false, "Async Capable": false, "Scan Direction": "Forward", "Index Name": "char_name_pkey", "Relation Name": "char_name", "Alias": "chn", "Startup Cost": 0.43, "Total Cost": 0.46, "Plan Rows": 1, "Plan Width": 4, "Index Cond": "(id = ci.person_role_id)", "Filter": "(((name)::text !~~ '%Sherlock%'::text) AND (((name)::text ~~ '%Iron%Man%'::text) OR ((name)::text ~~ '%Man%'::text)))"}]}, {"Node Type": "Index Scan", "Parent Relationship": "Inner", "Parallel Aware": false, "Async Capable": false, "Scan Direction": "Forward", "Index Name": "name_pkey", "Relation Name": "name", "Alias": "n", "Startup Cost": 0.43, "Total Cost": 0.46, "Plan Rows": 1, "Plan Width": 4, "Index Cond": "(id = ci.person_id)"}]}, {"Node Type": "Index Scan", "Parent Relationship": "Inner", "Parallel Aware": false, "Async Capable": false, "Scan Direction": "Forward", "Index Name": "title_pkey", "Relation Name": "title", "Alias": "t", "Startup Cost": 0.43, "Total Cost": 0.45, "Plan Rows": 1, "Plan Width": 25, "Index Cond": "(id = ci.movie_id)", "Filter": "(production_year >= 1972)"}]}, {"Node Type": "Index Scan", "Parent Relationship": "Inner", "Parallel Aware": false, "Async Capable": false, "Scan Direction": "Forward", "Index Name": "kind_type_pkey", "Relation Name": "kind_type", "Alias": "kt", "Startup Cost": 0.13, "Total Cost": 0.15, "Plan Rows": 1, "Plan Width": 4, "Index Cond": "(id = t.kind_id)", "Filter": "((kind)::text = 'movie'::text)"}]}]}}, {"Plan": {"Node Type": "Aggregate", "Strategy": "Plain", "Partial Mode": "Finalize", "Parallel Aware": false, "Async Capable": false, "Startup Cost": 385623.8, "Total Cost": 385623.81, "Plan Rows": 1, "Plan Width": 32, "Plans": [{"Node Type": "Gather", "Parent Relationship": "Outer", "Parallel Aware": false, "Async Capable": false, "Startup Cost": 385623.18, "Total Cost": 385623.79, "Plan Rows": 6, "Plan Width": 32, "Workers Planned": 6, "Single Copy": false, "Plans": [{"Node Type": "Aggregate", "Strategy": "Plain", "Partial Mode": "Partial", "Parent Relationship": "Outer", "Parallel Aware": false, "Async Capable": false, "Startup Cost": 384623.18, "Total Cost": 384623.19, "Plan Rows": 1, "Plan Width": 32, "Plans": [{"Node Type": "Nested Loop", "Parent Relationship": "Outer", "Parallel Aware": false, "Async Capable": false, "Join Type": "Inner", "Startup Cost": 48866.8, "Total Cost": 384623.17, "Plan Rows": 1, "Plan Width": 17, "Inner Unique": true, "Plans": [{"Node Type": "Nested Loop", "Parent Relationship": "Outer", "Parallel Aware": false, "Async Capable": false, "Join Type": "Inner", "Startup Cost": 48866.37, "Total Cost": 384622.72, "Plan Rows": 1, "Plan Width": 21, "Inner Unique": true, "Plans": [{"Node Type": "Hash Join", "Parent Relationship": "Outer", "Parallel Aware": true, "Async Capable": false, "Join Type": "Inner", "Startup Cost": 48865.94, "Total Cost": 384622.26, "Plan Rows": 1, "Plan Width": 25, "Inner Unique": false, "Hash Cond": "(ci.movie_id = t.id)", "Plans": [{"Node Type": "Seq Scan", "Parent Relationship": "Outer", "Parallel Aware": true, "Async Capable": false, "Relation Name": "cast_info", "Alias": "ci", "Startup Cost": 0.0, "Total Cost": 313110.03, "Plan Rows": 6039003, "Plan Width": 12}, {"Node Type": "Hash", "Parent Relationship": "Inner", "Parallel Aware": true, "Async Capable": false, "Startup Cost": 48865.93, "Total Cost": 48865.93, "Plan Rows": 1, "Plan Width": 29, "Plans": [{"Node Type": "Nested Loop", "Parent Relationship": "Outer", "Parallel Aware": false, "Async Capable": false, "Join Type": "Inner", "Startup Cost": 5960.85, "Total Cost": 48865.93, "Plan Rows": 1, "Plan Width": 29, "Inner Unique": true, "Plans": [{"Node Type": "Nested Loop", "Parent Relationship": "Outer", "Parallel Aware": false, "Async Capable": false, "Join Type": "Inner", "Startup Cost": 5960.72, "Total Cost": 48865.61, "Plan Rows": 2, "Plan Width": 33, "Inner Unique": true, "Plans": [{"Node Type": "Hash Join", "Parent Relationship": "Outer", "Parallel Aware": false, "Async Capable": false, "Join Type": "Inner", "Startup Cost": 5960.29, "Total Cost": 48864.63, "Plan Rows": 2, "Plan Width": 8, "Inner Unique": false, "Hash Cond": "(mk.movie_id = cc.movie_id)", "Plans": [{"Node Type": "Hash Join", "Parent Relationship": "Outer", "Parallel Aware": false, "Async Capable": false, "Join Type": "Inner", "Startup Cost": 2852.88, "Total Cost": 45757.07, "Plan Rows": 33, "Plan Width": 4, "Inner Unique": true, "Hash Cond": "(mk.keyword_id = k.id)", "Plans": [{"Node Type": "Seq Scan", "Parent Relationship": "Outer", "Parallel Aware": true, "Async Capable": false, "Relation Name": "movie_keyword", "Alias": "mk", "Startup Cost": 0.0, "Total Cost": 39073.32, "Plan Rows": 1459332, "Plan Width": 8}, {"Node Type": "Hash", "Parent Relationship": "Inner", "Parallel Aware": false, "Async Capable": false, "Startup Cost": 2852.84, "Total Cost": 2852.84, "Plan Rows": 3, "Plan Width": 4, "Plans": [{"Node Type": "Seq Scan", "Parent Relationship": "Outer", "Parallel Aware": false, "Async Capable": false, "Relation Name": "keyword", "Alias": "k", "Startup Cost": 0.0, "Total Cost": 2852.84, "Plan Rows": 3, "Plan Width": 4, "Filter": "((keyword)::text = ANY ('{\"10,000-mile-club\",alienation,based-on-comic}'::text[]))"}]}]}, {"Node Type": "Hash", "Parent Relationship": "Inner", "Parallel Aware": false, "Async Capable": false, "Startup Cost": 3001.88, "Total Cost": 3001.88, "Plan Rows": 8443, "Plan Width": 4, "Plans": [{"Node Type": "Hash Join", "Parent Relationship": "Outer", "Parallel Aware": false, "Async Capable": false, "Join Type": "Inner", "Startup Cost": 2.12, "Total Cost": 3001.88, "Plan Rows": 8443, "Plan Width": 4, "Inner Unique": true, "Hash Cond": "(cc.status_id = cct2.id)", "Plans": [{"Node Type": "Hash Join", "Parent Relationship": "Outer", "Parallel Aware": false, "Async Capable": false, "Join Type": "Inner", "Startup Cost": 1.06, "Total Cost": 2818.24, "Plan Rows": 33772, "Plan Width": 8, "Inner Unique": true, "Hash Cond": "(cc.subject_id = cct1.id)", "Plans": [{"Node Type": "Seq Scan", "Parent Relationship": "Outer", "Parallel Aware": false, "Async Capable": false, "Relation Name": "complete_cast", "Alias": "cc", "Startup Cost": 0.0, "Total Cost": 2086.86, "Plan Rows": 135086, "Plan Width": 12}, {"Node Type": "Hash", "Parent Relationship": "Inner", "Parallel Aware": false, "Async Capable": false, "Startup Cost": 1.05, "Total Cost": 1.05, "Plan Rows": 1, "Plan Width": 4, "Plans": [{"Node Type": "Seq Scan", "Parent Relationship": "Outer", "Parallel Aware": false, "Async Capable": false, "Relation Name": "comp_cast_type", "Alias": "cct1", "Startup Cost": 0.0, "Total Cost": 1.05, "Plan Rows": 1, "Plan Width": 4, "Filter": "((kind)::text = 'cast'::text)"}]}]}, {"Node Type": "Hash", "Parent Relationship": "Inner", "Parallel Aware": false, "Async Capable": false, "Startup Cost": 1.05, "Total Cost": 1.05, "Plan Rows": 1, "Plan Width": 4, "Plans": [{"Node Type": "Seq Scan", "Parent Relationship": "Outer", "Parallel Aware": false, "Async Capable": false, "Relation Name": "comp_cast_type", "Alias": "cct2", "Startup Cost": 0.0, "Total Cost": 1.05, "Plan Rows": 1, "Plan Width": 4, "Filter": "((kind)::text ~~ '%complete%'::text)"}]}]}]}]}, {"Node Type": "Index Scan", "Parent Relationship": "Inner", "Parallel Aware": false, "Async Capable": false, "Scan Direction": "Forward", "Index Name": "title_pkey", "Relation Name": "title", "Alias": "t", "Startup Cost": 0.43, "Total Cost": 0.49, "Plan Rows": 1, "Plan Width": 25, "Index Cond": "(id = mk.movie_id)", "Filter": "(production_year >= 1972)"}]}, {"Node Type": "Index Scan", "Parent Relationship": "Inner", "Parallel Aware": false, "Async Capable": false, "Scan Direction": "Forward", "Index Name": "kind_type_pkey", "Relation Name": "kind_type", "Alias": "kt", "Startup Cost": 0.13, "Total Cost": 0.15, "Plan Rows": 1, "Plan Width": 4, "Index Cond": "(id = t.kind_id)", "Filter": "((kind)::text = 'movie'::text)"}]}]}]}, {"Node Type": "Index Scan", "Parent Relationship": "Inner", "Parallel Aware": false, "Async Capable": false, "Scan Direction": "Forward", "Index Name": "char_name_pkey", "Relation Name": "char_name", "Alias": "chn", "Startup Cost": 0.43, "Total Cost": 0.46, "Plan Rows": 1, "Plan Width": 4, "Index Cond": "(id = ci.person_role_id)", "Filter": "(((name)::text !~~ '%Sherlock%'::text) AND (((name)::text ~~ '%Iron%Man%'::text) OR ((name)::text ~~ '%Man%'::text)))"}]}, {"Node Type": "Index Scan", "Parent Relationship": "Inner", "Parallel Aware": false, "Async Capable": false, "Scan Direction": "Forward", "Index Name": "name_pkey", "Relation Name": "name", "Alias": "n", "Startup Cost": 0.43, "Total Cost": 0.46, "Plan Rows": 1, "Plan Width": 4, "Index Cond": "(id = ci.person_id)"}]}]}]}]}}, {"Plan": {"Node Type": "Aggregate", "Strategy": "Plain", "Partial Mode": "Simple", "Parallel Aware": false, "Async Capable": false, "Startup Cost": 30006960716.26, "Total Cost": 30006960716.27, "Plan Rows": 1, "Plan Width": 32, "Plans": [{"Node Type": "Merge Join", "Parent Relationship": "Outer", "Parallel Aware": false, "Async Capable": false, "Join Type": "Inner", "Startup Cost": 30006831120.84, "Total Cost": 30006960716.26, "Plan Rows": 1, "Plan Width": 17, "Inner Unique": true, "Merge Cond": "(ci.person_id = n.id)", "Plans": [{"Node Type": "Sort", "Parent Relationship": "Outer", "Parallel Aware": false, "Async Capable": false, "Startup Cost": 30006831120.41, "Total Cost": 30006831120.42, "Plan Rows": 1, "Plan Width": 21, "Sort Key": ["ci.person_id"], "Plans": [{"Node Type": "Merge Join", "Parent Relationship": "Outer", "Parallel Aware": false, "Async Capable": false, "Join Type": "Inner", "Startup Cost": 30006831108.26, "Total Cost": 30006831120.4, "Plan Rows": 1, "Plan Width": 21, "Inner Unique": true, "Merge Cond": "(t.kind_id = kt.id)", "Plans": [{"Node Type": "Sort", "Parent Relationship": "Outer", "Parallel Aware": false, "Async Capable": false, "Startup Cost": 30006831108.13, "Total Cost": 30006831108.13, "Plan Rows": 1, "Plan Width": 25, "Sort Key": ["t.kind_id"], "Plans": [{"Node Type": "Merge Join", "Parent Relationship": "Outer", "Parallel Aware": false, "Async Capable": false, "Join Type": "Inner", "Startup Cost": 30006831096.03, "Total Cost": 30006831108.12, "Plan Rows": 1, "Plan Width": 25, "Inner Unique": true, "Merge Cond": "(cc.status_id = cct2.id)", "Plans": [{"Node Type": "Sort", "Parent Relationship": "Outer", "Parallel Aware": false, "Async Capable": false, "Startup Cost": 30006831095.9, "Total Cost": 30006831095.9, "Plan Rows": 1, "Plan Width": 29, "Sort Key": ["cc.status_id"], "Plans": [{"Node Type": "Merge Join", "Parent Relationship": "Outer", "Parallel Aware": false, "Async Capable": false, "Join Type": "Inner", "Startup Cost": 30006831083.79, "Total Cost": 30006831095.89, "Plan Rows": 1, "Plan Width": 29, "Inner Unique": true, "Merge Cond": "(cc.subject_id = cct1.id)", "Plans": [{"Node Type": "Sort", "Parent Relationship": "Outer", "Parallel Aware": false, "Async Capable": false, "Startup Cost": 30006831083.66, "Total Cost": 30006831083.67, "Plan Rows": 3, "Plan Width": 33, "Sort Key": ["cc.subject_id"], "Plans": [{"Node Type": "Merge Join", "Parent Relationship": "Outer", "Parallel Aware": false, "Async Capable": false, "Join Type": "Inner", "Startup Cost": 30006707278.54, "Total Cost": 30006831083.64, "Plan Rows": 3, "Plan Width": 33, "Inner Unique": true, "Merge Cond": "(mk.movie_id = t.id)", "Plans": [{"Node Type": "Merge Join", "Parent Relationship": "Outer", "Parallel Aware": false, "Async Capable": false, "Join Type": "Inner", "Startup Cost": 30006707275.75, "Total Cost": 30006709350.96, "Plan Rows": 4, "Plan Width": 24, "Inner Unique": false, "Merge Cond": "(mk.movie_id = cc.movie_id)", "Plans": [{"Node Type": "Merge Join", "Parent Relationship": "Outer", "Parallel Aware": false, "Async Capable": false, "Join Type": "Inner", "Startup Cost": 20006693677.18, "Total Cost": 20006695089.29, "Plan Rows": 28, "Plan Width": 12, "Inner Unique": false, "Merge Cond": "(ci.movie_id = mk.movie_id)", "Plans": [{"Node Type": "Sort", "Parent Relationship": "Outer", "Parallel Aware": false, "Async Capable": false, "Startup Cost": 10006095661.09, "Total Cost": 10006096366.79, "Plan Rows": 282279, "Plan Width": 8, "Sort Key": ["ci.movie_id"], "Plans": [{"Node Type": "Merge Join", "Parent Relationship": "Outer", "Parallel Aware": false, "Async Capable": false, "Join Type": "Inner", "Startup Cost": 10005790215.69, "Total Cost": 10006070105.3, "Plan Rows": 282279, "Plan Width": 8, "Inner Unique": false, "Merge Cond": "(chn.id = ci.person_role_id)", "Plans": [{"Node Type": "Index Scan", "Parent Relationship": "Outer", "Parallel Aware": false, "Async Capable": false, "Scan Direction": "Forward", "Index Name": "char_name_pkey", "Relation Name": "char_name", "Alias": "chn", "Startup Cost": 0.43, "Total Cost": 152268.55, "Plan Rows": 50650, "Plan Width": 4, "Filter": "(((name)::text !~~ '%Sherlock%'::text) AND (((name)::text ~~ '%Iron%Man%'::text) OR ((name)::text ~~ '%Man%'::text)))"}, {"Node Type": "Materialize", "Parent Relationship": "Inner", "Parallel Aware": false, "Async Capable": false, "Startup Cost": 10005783627.87, "Total Cost": 10005964797.97, "Plan Rows": 36234020, "Plan Width": 12, "Plans": [{"Node Type": "Sort", "Parent Relationship": "Outer", "Parallel Aware": false, "Async Capable": false, "Startup Cost": 10005783627.87, "Total Cost": 10005874212.92, "Plan Rows": 36234020, "Plan Width": 12, "Sort Key": ["ci.person_role_id"], "Plans": [{"Node Type": "Seq Scan", "Parent Relationship": "Outer", "Parallel Aware": false, "Async Capable": false, "Relation Name": "cast_info", "Alias": "ci", "Startup Cost": 10000000000.0, "Total Cost": 10000615060.2, "Plan Rows": 36234020, "Plan Width": 12}]}]}]}]}, {"Node Type": "Sort", "Parent Relationship": "Inner", "Parallel Aware": false, "Async Capable": false, "Startup Cost": 10000598016.06, "Total Cost": 10000598016.31, "Plan Rows": 101, "Plan Width": 4, "Sort Key": ["mk.movie_id"], "Plans": [{"Node Type": "Merge Join", "Parent Relationship": "Outer", "Parallel Aware": false, "Async Capable": false, "Join Type": "Inner", "Startup Cost": 10000569821.13, "Total Cost": 10000598012.7, "Plan Rows": 101, "Plan Width": 4, "Inner Unique": false, "Merge Cond": "(k.id = mk.keyword_id)", "Plans": [{"Node Type": "Index Scan", "Parent Relationship": "Outer", "Parallel Aware": false, "Async Capable": false, "Scan Direction": "Forward", "Index Name": "keyword_pkey", "Relation Name": "keyword", "Alias": "k", "Startup Cost": 0.42, "Total Cost": 5571.6, "Plan Rows": 3, "Plan Width": 4, "Filter": "((keyword)::text = ANY ('{\"10,000-mile-club\",alienation,based-on-comic}'::text[]))"}, {"Node Type": "Sort", "Parent Relationship": "Inner", "Parallel Aware": false, "Async Capable": false, "Startup Cost": 10000569820.43, "Total Cost": 10000581130.25, "Plan Rows": 4523930, "Plan Width": 8, "Sort Key": ["mk.keyword_id"], "Plans": [{"Node Type": "Seq Scan", "Parent Relationship": "Outer", "Parallel Aware": false, "Async Capable": false, "Relation Name": "movie_keyword", "Alias": "mk", "Startup Cost": 10000000000.0, "Total Cost": 10000069719.3, "Plan Rows": 4523930, "Plan Width": 8}]}]}]}]}, {"Node Type": "Sort", "Parent Relationship": "Inner", "Parallel Aware": false, "Async Capable": false, "Startup Cost": 10000013598.56, "Total Cost": 10000013936.28, "Plan Rows": 135086, "Plan Width": 12, "Sort Key": ["cc.movie_id"], "Plans": [{"Node Type": "Seq Scan", "Parent Relationship": "Outer", "Parallel Aware": false, "Async Capable": false, "Relation Name": "complete_cast", "Alias": "cc", "Startup Cost": 10000000000.0, "Total Cost": 10000002086.86, "Plan Rows": 135086, "Plan Width": 12}]}]}, {"Node Type": "Index Scan", "Parent Relationship": "Inner", "Parallel Aware": false, "Async Capable": false, "Scan Direction": "Forward", "Index Name": "title_pkey", "Relation Name": "title", "Alias": "t", "Startup Cost": 0.43, "Total Cost": 116689.45, "Plan Rows": 2064403, "Plan Width": 25, "Filter": "(production_year >= 1972)"}]}]}, {"Node Type": "Index Scan", "Parent Relationship": "Inner", "Parallel Aware": false, "Async Capable": false, "Scan Direction": "Forward", "Index Name": "comp_cast_type_pkey", "Relation Name": "comp_cast_type", "Alias": "cct1", "Startup Cost": 0.13, "Total Cost": 12.2, "Plan Rows": 1, "Plan Width": 4, "Filter": "((kind)::text = 'cast'::text)"}]}]}, {"Node Type": "Index Scan", "Parent Relationship": "Inner", "Parallel Aware": false, "Async Capable": false, "Scan Direction": "Forward", "Index Name": "comp_cast_type_pkey", "Relation Name": "comp_cast_type", "Alias": "cct2", "Startup Cost": 0.13, "Total Cost": 12.2, "Plan Rows": 1, "Plan Width": 4, "Filter": "((kind)::text ~~ '%complete%'::text)"}]}]}, {"Node Type": "Index Scan", "Parent Relationship": "Inner", "Parallel Aware": false, "Async Capable": false, "Scan Direction": "Forward", "Index Name": "kind_type_pkey", "Relation Name": "kind_type", "Alias": "kt", "Startup Cost": 0.13, "Total Cost": 12.26, "Plan Rows": 1, "Plan Width": 4, "Filter": "((kind)::text = 'movie'::text)"}]}]}, {"Node Type": "Index Only Scan", "Parent Relationship": "Inner", "Parallel Aware": false, "Async Capable": false, "Scan Direction": "Forward", "Index Name": "name_pkey", "Relation Name": "name", "Alias": "n", "Startup Cost": 0.43, "Total Cost": 122601.8, "Plan Rows": 4167491, "Plan Width": 4}]}]}}, {"Plan": {"Node Type": "Aggregate", "Strategy": "Plain", "Partial Mode": "Simple", "Parallel Aware": false, "Async Capable": false, "Startup Cost": 30001270166.97, "Total Cost": 30001270166.98, "Plan Rows": 1, "Plan Width": 32, "Plans": [{"Node Type": "Nested Loop", "Parent Relationship": "Outer", "Parallel Aware": false, "Async Capable": false, "Join Type": "Inner", "Startup Cost": 30000202135.41, "Total Cost": 30001270166.97, "Plan Rows": 1, "Plan Width": 17, "Inner Unique": true, "Plans": [{"Node Type": "Nested Loop", "Parent Relationship": "Outer", "Parallel Aware": false, "Async Capable": false, "Join Type": "Inner", "Startup Cost": 30000202134.98, "Total Cost": 30001270166.52, "Plan Rows": 1, "Plan Width": 21, "Inner Unique": true, "Plans": [{"Node Type": "Nested Loop", "Parent Relationship": "Outer", "Parallel Aware": false, "Async Capable": false, "Join Type": "Inner", "Startup Cost": 30000202134.55, "Total Cost": 30001270165.14, "Plan Rows": 3, "Plan Width": 25, "Inner Unique": false, "Join Filter": "(t.id = ci.movie_id)", "Plans": [{"Node Type": "Nested Loop", "Parent Relationship": "Outer", "Parallel Aware": false, "Async Capable": false, "Join Type": "Inner", "Startup Cost": 20000202134.55, "Total Cost": 20000202179.69, "Plan Rows": 1, "Plan Width": 29, "Inner Unique": true, "Plans": [{"Node Type": "Nested Loop", "Parent Relationship": "Outer", "Parallel Aware": false, "Async Capable": false, "Join Type": "Inner", "Startup Cost": 20000202134.42, "Total Cost": 20000202178.91, "Plan Rows": 5, "Plan Width": 33, "Inner Unique": true, "Plans": [{"Node Type": "Merge Join", "Parent Relationship": "Outer", "Parallel Aware": false, "Async Capable": false, "Join Type": "Inner", "Startup Cost": 20000202133.99, "Total Cost": 20000202175.98, "Plan Rows": 6, "Plan Width": 8, "Inner Unique": false, "Merge Cond": "(mk.movie_id = cc.movie_id)", "Plans": [{"Node Type": "Sort", "Parent Relationship": "Outer", "Parallel Aware": false, "Async Capable": false, "Startup Cost": 10000197361.37, "Total Cost": 10000197361.62, "Plan Rows": 101, "Plan Width": 4, "Sort Key": ["mk.movie_id"], "Plans": [{"Node Type": "Nested Loop", "Parent Relationship": "Outer", "Parallel Aware": false, "Async Capable": false, "Join Type": "Inner", "Startup Cost": 10000000000.43, "Total Cost": 10000197358.0, "Plan Rows": 101, "Plan Width": 4, "Inner Unique": true, "Plans": [{"Node Type": "Seq Scan", "Parent Relationship": "Outer", "Parallel Aware": false, "Async Capable": false, "Relation Name": "movie_keyword", "Alias": "mk", "Startup Cost": 10000000000.0, "Total Cost": 10000069719.3, "Plan Rows": 4523930, "Plan Width": 8}, {"Node Type": "Memoize", "Parent Relationship": "Inner", "Parallel Aware": false, "Async Capable": false, "Startup Cost": 0.43, "Total Cost": 0.45, "Plan Rows": 1, "Plan Width": 4, "Cache Key": "mk.keyword_id", "Cache Mode": "logical", "Plans": [{"Node Type": "Index Scan", "Parent Relationship": "Outer", "Parallel Aware": false, "Async Capable": false, "Scan Direction": "Forward", "Index Name": "keyword_pkey", "Relation Name": "keyword", "Alias": "k", "Startup Cost": 0.42, "Total Cost": 0.44, "Plan Rows": 1, "Plan Width": 4, "Index Cond": "(id = mk.keyword_id)", "Filter": "((keyword)::text = ANY ('{\"10,000-mile-club\",alienation,based-on-comic}'::text[]))"}]}]}]}, {"Node Type": "Sort", "Parent Relationship": "Inner", "Parallel Aware": false, "Async Capable": false, "Startup Cost": 10000004772.62, "Total Cost": 10000004793.73, "Plan Rows": 8443, "Plan Width": 4, "Sort Key": ["cc.movie_id"], "Plans": [{"Node Type": "Nested Loop", "Parent Relationship": "Outer", "Parallel Aware": false, "Async Capable": false, "Join Type": "Inner", "Startup Cost": 10000000000.26, "Total Cost": 10000004221.98, "Plan Rows": 8443, "Plan Width": 4, "Inner Unique": false, "Join Filter": "(cct2.id = cc.status_id)", "Plans": [{"Node Type": "Index Scan", "Parent Relationship": "Outer", "Parallel Aware": false, "Async Capable": false, "Scan Direction": "Forward", "Index Name": "comp_cast_type_pkey", "Relation Name": "comp_cast_type", "Alias": "cct2", "Startup Cost": 0.13, "Total Cost": 12.2, "Plan Rows": 1, "Plan Width": 4, "Filter": "((kind)::text ~~ '%complete%'::text)"}, {"Node Type": "Nested Loop", "Parent Relationship": "Inner", "Parallel Aware": false, "Async Capable": false, "Join Type": "Inner", "Startup Cost": 10000000000.13, "Total Cost": 10000003787.64, "Plan Rows": 33772, "Plan Width": 8, "Inner Unique": false, "Join Filter": "(cct1.id = cc.subject_id)", "Plans": [{"Node Type": "Index Scan", "Parent Relationship": "Outer", "Parallel Aware": false, "Async Capable": false, "Scan Direction": "Forward", "Index Name": "comp_cast_type_pkey", "Relation Name": "comp_cast_type", "Alias": "cct1", "Startup Cost": 0.13, "Total Cost": 12.2, "Plan Rows": 1, "Plan Width": 4, "Filter": "((kind)::text = 'cast'::text)"}, {"Node Type": "Seq Scan", "Parent Relationship": "Inner", "Parallel Aware": false, "Async Capable": false, "Relation Name": "complete_cast", "Alias": "cc", "Startup Cost": 10000000000.0, "Total Cost": 10000002086.86, "Plan Rows": 135086, "Plan Width": 12}]}]}]}]}, {"Node Type": "Index Scan", "Parent Relationship": "Inner", "Parallel Aware": false, "Async Capable": false, "Scan Direction": "Forward", "Index Name": "title_pkey", "Relation Name": "title", "Alias": "t", "Startup Cost": 0.43, "Total Cost": 0.49, "Plan Rows": 1, "Plan Width": 25, "Index Cond": "(id = mk.movie_id)", "Filter": "(production_year >= 1972)"}]}, {"Node Type": "Index Scan", "Parent Relationship": "Inner", "Parallel Aware": false, "Async Capable": false, "Scan Direction": "Forward", "Index Name": "kind_type_pkey", "Relation Name": "kind_type", "Alias": "kt", "Startup Cost": 0.13, "Total Cost": 0.15, "Plan Rows": 1, "Plan Width": 4, "Index Cond": "(id = t.kind_id)", "Filter": "((kind)::text = 'movie'::text)"}]}, {"Node Type": "Seq Scan", "Parent Relationship": "Inner", "Parallel Aware": false, "Async Capable": false, "Relation Name": "cast_info", "Alias": "ci", "Startup Cost": 10000000000.0, "Total Cost": 10000615060.2, "Plan Rows": 36234020, "Plan Width": 12}]}, {"Node Type": "Index Scan", "Parent Relationship": "Inner", "Parallel Aware": false, "Async Capable": false, "Scan Direction": "Forward", "Index Name": "char_name_pkey", "Relation Name": "char_name", "Alias": "chn", "Startup Cost": 0.43, "Total Cost": 0.46, "Plan Rows": 1, "Plan Width": 4, "Index Cond": "(id = ci.person_role_id)", "Filter": "(((name)::text !~~ '%Sherlock%'::text) AND (((name)::text ~~ '%Iron%Man%'::text) OR ((name)::text ~~ '%Man%'::text)))"}]}, {"Node Type": "Index Only Scan", "Parent Relationship": "Inner", "Parallel Aware": false, "Async Capable": false, "Scan Direction": "Forward", "Index Name": "name_pkey", "Relation Name": "name", "Alias": "n", "Startup Cost": 0.43, "Total Cost": 0.45, "Plan Rows": 1, "Plan Width": 4, "Index Cond": "(id = ci.person_id)"}]}]}}, {"Plan": {"Node Type": "Aggregate", "Strategy": "Plain", "Partial Mode": "Simple", "Parallel Aware": false, "Async Capable": false, "Startup Cost": 601904.75, "Total Cost": 601904.76, "Plan Rows": 1, "Plan Width": 32, "Plans": [{"Node Type": "Nested Loop", "Parent Relationship": "Outer", "Parallel Aware": false, "Async Capable": false, "Join Type": "Inner", "Startup Cost": 510895.95, "Total Cost": 601904.75, "Plan Rows": 1, "Plan Width": 17, "Inner Unique": true, "Plans": [{"Node Type": "Nested Loop", "Parent Relationship": "Outer", "Parallel Aware": false, "Async Capable": false, "Join Type": "Inner", "Startup Cost": 510895.52, "Total Cost": 601904.3, "Plan Rows": 1, "Plan Width": 21, "Inner Unique": false, "Join Filter": "(t.id = mk.movie_id)", "Plans": [{"Node Type": "Gather Merge", "Parent Relationship": "Outer", "Parallel Aware": false, "Async Capable": false, "Startup Cost": 509895.09, "Total Cost": 510390.69, "Plan Rows": 268, "Plan Width": 33, "Workers Planned": 6, "Plans": [{"Node Type": "Nested Loop", "Parent Relationship": "Outer", "Parallel Aware": false, "Async Capable": false, "Join Type": "Inner", "Startup Cost": 508894.99, "Total Cost": 509358.02, "Plan Rows": 45, "Plan Width": 33, "Inner Unique": true, "Plans": [{"Node Type": "Nested Loop", "Parent Relationship": "Outer", "Parallel Aware": false, "Async Capable": false, "Join Type": "Inner", "Startup Cost": 508894.85, "Total Cost": 509349.13, "Plan Rows": 313, "Plan Width": 37, "Inner Unique": true, "Plans": [{"Node Type": "Merge Join", "Parent Relationship": "Outer", "Parallel Aware": false, "Async Capable": false, "Join Type": "Inner", "Startup Cost": 508894.42, "Total Cost": 509174.88, "Plan Rows": 383, "Plan Width": 12, "Inner Unique": false, "Merge Cond": "(ci.movie_id = cc.movie_id)", "Plans": [{"Node Type": "Sort", "Parent Relationship": "Outer", "Parallel Aware": false, "Async Capable": false, "Startup Cost": 504144.07, "Total Cost": 504261.69, "Plan Rows": 47046, "Plan Width": 8, "Sort Key": ["ci.movie_id"], "Plans": [{"Node Type": "Nested Loop", "Parent Relationship": "Outer", "Parallel Aware": false, "Async Capable": false, "Join Type": "Inner", "Startup Cost": 0.44, "Total Cost": 500492.89, "Plan Rows": 47046, "Plan Width": 8, "Inner Unique": true, "Plans": [{"Node Type": "Seq Scan", "Parent Relationship": "Outer", "Parallel Aware": true, "Async Capable": false, "Relation Name": "cast_info", "Alias": "ci", "Startup Cost": 0.0, "Total Cost": 313110.03, "Plan Rows": 6039003, "Plan Width": 12}, {"Node Type": "Memoize", "Parent Relationship": "Inner", "Parallel Aware": false, "Async Capable": false, "Startup Cost": 0.44, "Total Cost": 0.47, "Plan Rows": 1, "Plan Width": 4, "Cache Key": "ci.person_role_id", "Cache Mode": "logical", "Plans": [{"Node Type": "Index Scan", "Parent Relationship": "Outer", "Parallel Aware": false, "Async Capable": false, "Scan Direction": "Forward", "Index Name": "char_name_pkey", "Relation Name": "char_name", "Alias": "chn", "Startup Cost": 0.43, "Total Cost": 0.46, "Plan Rows": 1, "Plan Width": 4, "Index Cond": "(id = ci.person_role_id)", "Filter": "(((name)::text !~~ '%Sherlock%'::text) AND (((name)::text ~~ '%Iron%Man%'::text) OR ((name)::text ~~ '%Man%'::text)))"}]}]}]}, {"Node Type": "Sort", "Parent Relationship": "Inner", "Parallel Aware": false, "Async Capable": false, "Startup Cost": 4750.32, "Total Cost": 4771.43, "Plan Rows": 8443, "Plan Width": 4, "Sort Key": ["cc.movie_id"], "Plans": [{"Node Type": "Nested Loop", "Parent Relationship": "Outer", "Parallel Aware": false, "Async Capable": false, "Join Type": "Inner", "Startup Cost": 0.0, "Total Cost": 4199.69, "Plan Rows": 8443, "Plan Width": 4, "Inner Unique": false, "Join Filter": "(cct2.id = cc.status_id)", "Plans": [{"Node Type": "Seq Scan", "Parent Relationship": "Outer", "Parallel Aware": false, "Async Capable": false, "Relation Name": "comp_cast_type", "Alias": "cct2", "Startup Cost": 0.0, "Total Cost": 1.05, "Plan Rows": 1, "Plan Width": 4, "Filter": "((kind)::text ~~ '%complete%'::text)"}, {"Node Type": "Nested Loop", "Parent Relationship": "Inner", "Parallel Aware": false, "Async Capable": false, "Join Type": "Inner", "Startup Cost": 0.0, "Total Cost": 3776.49, "Plan Rows": 33772, "Plan Width": 8, "Inner Unique": false, "Join Filter": "(cct1.id = cc.subject_id)", "Plans": [{"Node Type": "Seq Scan", "Parent Relationship": "Outer", "Parallel Aware": false, "Async Capable": false, "Relation Name": "comp_cast_type", "Alias": "cct1", "Startup Cost": 0.0, "Total Cost": 1.05, "Plan Rows": 1, "Plan Width": 4, "Filter": "((kind)::text = 'cast'::text)"}, {"Node Type": "Seq Scan", "Parent Relationship": "Inner", "Parallel Aware": false, "Async Capable": false, "Relation Name": "complete_cast", "Alias": "cc", "Startup Cost": 0.0, "Total Cost": 2086.86, "Plan Rows": 135086, "Plan Width": 12}]}]}]}]}, {"Node Type": "Index Scan", "Parent Relationship": "Inner", "Parallel Aware": false, "Async Capable": false, "Scan Direction": "Forward", "Index Name": "title_pkey", "Relation Name": "title", "Alias": "t", "Startup Cost": 0.43, "Total Cost": 0.45, "Plan Rows": 1, "Plan Width": 25, "Index Cond": "(id = ci.movie_id)", "Filter": "(production_year >= 1972)"}]}, {"Node Type": "Memoize", "Parent Relationship": "Inner", "Parallel Aware": false, "Async Capable": false, "Startup Cost": 0.14, "Total Cost": 0.16, "Plan Rows": 1, "Plan Width": 4, "Cache Key": "t.kind_id", "Cache Mode": "logical", "Plans": [{"Node Type": "Index Scan", "Parent Relationship": "Outer", "Parallel Aware": false, "Async Capable": false, "Scan Direction": "Forward", "Index Name": "kind_type_pkey", "Relation Name": "kind_type", "Alias": "kt", "Startup Cost": 0.13, "Total Cost": 0.15, "Plan Rows": 1, "Plan Width": 4, "Index Cond": "(id = t.kind_id)", "Filter": "((kind)::text = 'movie'::text)"}]}]}]}, {"Node Type": "Materialize", "Parent Relationship": "Inner", "Parallel Aware": false, "Async Capable": false, "Startup Cost": 1000.43, "Total Cost": 91107.85, "Plan Rows": 101, "Plan Width": 4, "Plans": [{"Node Type": "Gather", "Parent Relationship": "Outer", "Parallel Aware": false, "Async Capable": false, "Startup Cost": 1000.43, "Total Cost": 91107.34, "Plan Rows": 101, "Plan Width": 4, "Workers Planned": 3, "Single Copy": false, "Plans": [{"Node Type": "Nested Loop", "Parent Relationship": "Outer", "Parallel Aware": false, "Async Capable": false, "Join Type": "Inner", "Startup Cost": 0.43, "Total Cost": 90097.24, "Plan Rows": 33, "Plan Width": 4, "Inner Unique": true, "Plans": [{"Node Type": "Seq Scan", "Parent Relationship": "Outer", "Parallel Aware": true, "Async Capable": false, "Relation Name": "movie_keyword", "Alias": "mk", "Startup Cost": 0.0, "Total Cost": 39073.32, "Plan Rows": 1459332, "Plan Width": 8}, {"Node Type": "Memoize", "Parent Relationship": "Inner", "Parallel Aware": false, "Async Capable": false, "Startup Cost": 0.43, "Total Cost": 0.45, "Plan Rows": 1, "Plan Width": 4, "Cache Key": "mk.keyword_id", "Cache Mode": "logical", "Plans": [{"Node Type": "Index Scan", "Parent Relationship": "Outer", "Parallel Aware": false, "Async Capable": false, "Scan Direction": "Forward", "Index Name": "keyword_pkey", "Relation Name": "keyword", "Alias": "k", "Startup Cost": 0.42, "Total Cost": 0.44, "Plan Rows": 1, "Plan Width": 4, "Index Cond": "(id = mk.keyword_id)", "Filter": "((keyword)::text = ANY ('{\"10,000-mile-club\",alienation,based-on-comic}'::text[]))"}]}]}]}]}]}, {"Node Type": "Index Only Scan", "Parent Relationship": "Inner", "Parallel Aware": false, "Async Capable": false, "Scan Direction": "Forward", "Index Name": "name_pkey", "Relation Name": "name", "Alias": "n", "Startup Cost": 0.43, "Total Cost": 0.45, "Plan Rows": 1, "Plan Width": 4, "Index Cond": "(id = ci.person_id)"}]}]}}, {"Plan": {"Node Type": "Aggregate", "Strategy": "Plain", "Partial Mode": "Simple", "Parallel Aware": false, "Async Capable": false, "Startup Cost": 1666894.39, "Total Cost": 1666894.4, "Plan Rows": 1, "Plan Width": 32, "Plans": [{"Node Type": "Merge Join", "Parent Relationship": "Outer", "Parallel Aware": false, "Async Capable": false, "Join Type": "Inner", "Startup Cost": 1537298.98, "Total Cost": 1666894.39, "Plan Rows": 1, "Plan Width": 17, "Inner Unique": false, "Merge Cond": "(n.id = ci.person_id)", "Plans": [{"Node Type": "Index Only Scan", "Parent Relationship": "Outer", "Parallel Aware": false, "Async Capable": false, "Scan Direction": "Forward", "Index Name": "name_pkey", "Relation Name": "name", "Alias": "n", "Startup Cost": 0.43, "Total Cost": 122601.8, "Plan Rows": 4167491, "Plan Width": 4}, {"Node Type": "Sort", "Parent Relationship": "Inner", "Parallel Aware": false, "Async Capable": false, "Startup Cost": 1537298.55, "Total Cost": 1537298.55, "Plan Rows": 1, "Plan Width": 21, "Sort Key": ["ci.person_id"], "Plans": [{"Node Type": "Merge Join", "Parent Relationship": "Outer", "Parallel Aware": false, "Async Capable": false, "Join Type": "Inner", "Startup Cost": 1537296.68, "Total Cost": 1537298.54, "Plan Rows": 1, "Plan Width": 21, "Inner Unique": false, "Merge Cond": "(mk.movie_id = t.id)", "Plans": [{"Node Type": "Sort", "Parent Relationship": "Outer", "Parallel Aware": false, "Async Capable": false, "Startup Cost": 199649.46, "Total Cost": 199649.71, "Plan Rows": 101, "Plan Width": 4, "Sort Key": ["mk.movie_id"], "Plans": [{"Node Type": "Gather", "Parent Relationship": "Outer", "Parallel Aware": false, "Async Capable": false, "Startup Cost": 192339.08, "Total Cost": 199646.1, "Plan Rows": 101, "Plan Width": 4, "Workers Planned": 3, "Single Copy": false, "Plans": [{"Node Type": "Merge Join", "Parent Relationship": "Outer", "Parallel Aware": false, "Async Capable": false, "Join Type": "Inner", "Startup Cost": 191339.08, "Total Cost": 198636.0, "Plan Rows": 33, "Plan Width": 4, "Inner Unique": true, "Merge Cond": "(mk.keyword_id = k.id)", "Plans": [{"Node Type": "Sort", "Parent Relationship": "Outer", "Parallel Aware": false, "Async Capable": false, "Startup Cost": 188486.13, "Total Cost": 192134.46, "Plan Rows": 1459332, "Plan Width": 8, "Sort Key": ["mk.keyword_id"], "Plans": [{"Node Type": "Seq Scan", "Parent Relationship": "Outer", "Parallel Aware": true, "Async Capable": false, "Relation Name": "movie_keyword", "Alias": "mk", "Startup Cost": 0.0, "Total Cost": 39073.32, "Plan Rows": 1459332, "Plan Width": 8}]}, {"Node Type": "Sort", "Parent Relationship": "Inner", "Parallel Aware": false, "Async Capable": false, "Startup Cost": 2852.86, "Total Cost": 2852.87, "Plan Rows": 3, "Plan Width": 4, "Sort Key": ["k.id"], "Plans": [{"Node Type": "Seq Scan", "Parent Relationship": "Outer", "Parallel Aware": false, "Async Capable": false, "Relation Name": "keyword", "Alias": "k", "Startup Cost": 0.0, "Total Cost": 2852.84, "Plan Rows": 3, "Plan Width": 4, "Filter": "((keyword)::text = ANY ('{\"10,000-mile-club\",alienation,based-on-comic}'::text[]))"}]}]}]}]}, {"Node Type": "Sort", "Parent Relationship": "Inner", "Parallel Aware": false, "Async Capable": false, "Startup Cost": 1337647.22, "Total Cost": 1337647.89, "Plan Rows": 268, "Plan Width": 33, "Sort Key": ["cc.movie_id"], "Plans": [{"Node Type": "Merge Join", "Parent Relationship": "Outer", "Parallel Aware": false, "Async Capable": false, "Join Type": "Inner", "Startup Cost": 1337303.64, "Total Cost": 1337636.41, "Plan Rows": 268, "Plan Width": 33, "Inner Unique": true, "Merge Cond": "(ci.person_role_id = chn.id)", "Plans": [{"Node Type": "Sort", "Parent Relationship": "Outer", "Parallel Aware": false, "Async Capable": false, "Startup Cost": 1277087.54, "Total Cost": 1277173.56, "Plan Rows": 34409, "Plan Width": 37, "Sort Key": ["ci.person_role_id"], "Plans": [{"Node Type": "Gather", "Parent Relationship": "Outer", "Parallel Aware": false, "Async Capable": false, "Startup Cost": 1270795.76, "Total Cost": 1274494.74, "Plan Rows": 34409, "Plan Width": 37, "Workers Planned": 6, "Single Copy": false, "Plans": [{"Node Type": "Merge Join", "Parent Relationship": "Outer", "Parallel Aware": false, "Async Capable": false, "Join Type": "Inner", "Startup Cost": 1269795.76, "Total Cost": 1270053.84, "Plan Rows": 5735, "Plan Width": 37, "Inner Unique": true, "Merge Cond": "(t.kind_id = kt.id)", "Plans": [{"Node Type": "Sort", "Parent Relationship": "Outer", "Parallel Aware": false, "Async Capable": false, "Startup Cost": 1269794.66, "Total Cost": 1269895.02, "Plan Rows": 40144, "Plan Width": 41, "Sort Key": ["t.kind_id"], "Plans": [{"Node Type": "Merge Join", "Parent Relationship": "Outer", "Parallel Aware": false, "Async Capable": false, "Join Type": "Inner", "Startup Cost": 1114460.04, "Total Cost": 1266725.07, "Plan Rows": 40144, "Plan Width": 41, "Inner Unique": false, "Merge Cond": "(ci.movie_id = t.id)", "Plans": [{"Node Type": "Sort", "Parent Relationship": "Outer", "Parallel Aware": false, "Async Capable": false, "Startup Cost": 1096487.29, "Total Cost": 1111584.79, "Plan Rows": 6039003, "Plan Width": 12, "Sort Key": ["ci.movie_id"], "Plans": [{"Node Type": "Seq Scan", "Parent Relationship": "Outer", "Parallel Aware": true, "Async Capable": false, "Relation Name": "cast_info", "Alias": "ci", "Startup Cost": 0.0, "Total Cost": 313110.03, "Plan Rows": 6039003, "Plan Width": 12}]}, {"Node Type": "Materialize", "Parent Relationship": "Inner", "Parallel Aware": false, "Async Capable": false, "Startup Cost": 17972.15, "Total Cost": 139936.86, "Plan Rows": 6894, "Plan Width": 29, "Plans": [{"Node Type": "Merge Join", "Parent Relationship": "Outer", "Parallel Aware": false, "Async Capable": false, "Join Type": "Inner", "Startup Cost": 17972.15, "Total Cost": 139919.62, "Plan Rows": 6894, "Plan Width": 29, "Inner Unique": false, "Merge Cond": "(t.id = cc.movie_id)", "Plans": [{"Node Type": "Index Scan", "Parent Relationship": "Outer", "Parallel Aware": false, "Async Capable": false, "Scan Direction": "Forward", "Index Name": "title_pkey", "Relation Name": "title", "Alias": "t", "Startup Cost": 0.43, "Total Cost": 116689.45, "Plan Rows": 2064403, "Plan Width": 25, "Filter": "(production_year >= 1972)"}, {"Node Type": "Sort", "Parent Relationship": "Inner", "Parallel Aware": false, "Async Capable": false, "Startup Cost": 17958.02, "Total Cost": 17979.13, "Plan Rows": 8443, "Plan Width": 4, "Sort Key": ["cc.movie_id"], "Plans": [{"Node Type": "Merge Join", "Parent Relationship": "Outer", "Parallel Aware": false, "Async Capable": false, "Join Type": "Inner", "Startup Cost": 17154.09, "Total Cost": 17407.39, "Plan Rows": 8443, "Plan Width": 4, "Inner Unique": true, "Merge Cond": "(cc.status_id = cct2.id)", "Plans": [{"Node Type": "Sort", "Parent Relationship": "Outer", "Parallel Aware": false, "Async Capable": false, "Startup Cost": 17153.03, "Total Cost": 17237.46, "Plan Rows": 33772, "Plan Width": 8, "Sort Key": ["cc.status_id"], "Plans": [{"Node Type": "Merge Join", "Parent Relationship": "Outer", "Parallel Aware": false, "Async Capable": false, "Join Type": "Inner", "Startup Cost": 13599.62, "Total Cost": 14612.78, "Plan Rows": 33772, "Plan Width": 8, "Inner Unique": true, "Merge Cond": "(cc.subject_id = cct1.id)", "Plans": [{"Node Type": "Sort", "Parent Relationship": "Outer", "Parallel Aware": false, "Async Capable": false, "Startup Cost": 13598.56, "Total Cost": 13936.28, "Plan Rows": 135086, "Plan Width": 12, "Sort Key": ["cc.subject_id"], "Plans": [{"Node Type": "Seq Scan", "Parent Relationship": "Outer", "Parallel Aware": false, "Async Capable": false, "Relation Name": "complete_cast", "Alias": "cc", "Startup Cost": 0.0, "Total Cost": 2086.86, "Plan Rows": 135086, "Plan Width": 12}]}, {"Node Type": "Sort", "Parent Relationship": "Inner", "Parallel Aware": false, "Async Capable": false, "Startup Cost": 1.06, "Total Cost": 1.06, "Plan Rows": 1, "Plan Width": 4, "Sort Key": ["cct1.id"], "Plans": [{"Node Type": "Seq Scan", "Parent Relationship": "Outer", "Parallel Aware": false, "Async Capable": false, "Relation Name": "comp_cast_type", "Alias": "cct1", "Startup Cost": 0.0, "Total Cost": 1.05, "Plan Rows": 1, "Plan Width": 4, "Filter": "((kind)::text = 'cast'::text)"}]}]}]}, {"Node Type": "Sort", "Parent Relationship": "Inner", "Parallel Aware": false, "Async Capable": false, "Startup Cost": 1.06, "Total Cost": 1.06, "Plan Rows": 1, "Plan Width": 4, "Sort Key": ["cct2.id"], "Plans": [{"Node Type": "Seq Scan", "Parent Relationship": "Outer", "Parallel Aware": false, "Async Capable": false, "Relation Name": "comp_cast_type", "Alias": "cct2", "Startup Cost": 0.0, "Total Cost": 1.05, "Plan Rows": 1, "Plan Width": 4, "Filter": "((kind)::text ~~ '%complete%'::text)"}]}]}]}]}]}]}]}, {"Node Type": "Sort", "Parent Relationship": "Inner", "Parallel Aware": false, "Async Capable": false, "Startup Cost": 1.1, "Total Cost": 1.1, "Plan Rows": 1, "Plan Width": 4, "Sort Key": ["kt.id"], "Plans": [{"Node Type": "Seq Scan", "Parent Relationship": "Outer", "Parallel Aware": false, "Async Capable": false, "Relation Name": "kind_type", "Alias": "kt", "Startup Cost": 0.0, "Total Cost": 1.09, "Plan Rows": 1, "Plan Width": 4, "Filter": "((kind)::text = 'movie'::text)"}]}]}]}]}, {"Node Type": "Sort", "Parent Relationship": "Inner", "Parallel Aware": false, "Async Capable": false, "Startup Cost": 60209.84, "Total Cost": 60336.47, "Plan Rows": 50650, "Plan Width": 4, "Sort Key": ["chn.id"], "Plans": [{"Node Type": "Gather", "Parent Relationship": "Outer", "Parallel Aware": false, "Async Capable": false, "Startup Cost": 1000.0, "Total Cost": 56251.98, "Plan Rows": 50650, "Plan Width": 4, "Workers Planned": 4, "Single Copy": false, "Plans": [{"Node Type": "Seq Scan", "Parent Relationship": "Outer", "Parallel Aware": true, "Async Capable": false, "Relation Name": "char_name", "Alias": "chn", "Startup Cost": 0.0, "Total Cost": 50186.98, "Plan Rows": 12662, "Plan Width": 4, "Filter": "(((name)::text !~~ '%Sherlock%'::text) AND (((name)::text ~~ '%Iron%Man%'::text) OR ((name)::text ~~ '%Man%'::text)))"}]}]}]}]}]}]}]}]}}, {"Plan": {"Node Type": "Aggregate", "Strategy": "Plain", "Partial Mode": "Simple", "Parallel Aware": false, "Async Capable": false, "Startup Cost": 30001456568.78, "Total Cost": 30001456568.79, "Plan Rows": 1, "Plan Width": 32, "Plans": [{"Node Type": "Nested Loop", "Parent Relationship": "Outer", "Parallel Aware": false, "Async Capable": false, "Join Type": "Inner", "Startup Cost": 30000000002.11, "Total Cost": 30001456568.78, "Plan Rows": 1, "Plan Width": 17, "Inner Unique": true, "Plans": [{"Node Type": "Nested Loop", "Parent Relationship": "Outer", "Parallel Aware": false, "Async Capable": false, "Join Type": "Inner", "Startup Cost": 30000000001.68, "Total Cost": 30001456568.33, "Plan Rows": 1, "Plan Width": 21, "Inner Unique": true, "Plans": [{"Node Type": "Nested Loop", "Parent Relationship": "Outer", "Parallel Aware": false, "Async Capable": false, "Join Type": "Inner", "Startup Cost": 30000000001.25, "Total Cost": 30001456566.95, "Plan Rows": 3, "Plan Width": 25, "Inner Unique": false, "Join Filter": "(t.id = ci.movie_id)", "Plans": [{"Node Type": "Nested Loop", "Parent Relationship": "Outer", "Parallel Aware": false, "Async Capable": false, "Join Type": "Inner", "Startup Cost": 20000000001.25, "Total Cost": 20000388581.5, "Plan Rows": 1, "Plan Width": 29, "Inner Unique": false, "Join Filter": "(t.id = mk.movie_id)", "Plans": [{"Node Type": "Nested Loop", "Parent Relationship": "Outer", "Parallel Aware": false, "Async Capable": false, "Join Type": "Inner", "Startup Cost": 0.56, "Total Cost": 147667.75, "Plan Rows": 294915, "Plan Width": 21, "Inner Unique": true, "Join Filter": "(kt.id = t.kind_id)", "Plans": [{"Node Type": "Index Scan", "Parent Relationship": "Outer", "Parallel Aware": false, "Async Capable": false, "Scan Direction": "Forward", "Index Name": "title_pkey", "Relation Name": "title", "Alias": "t", "Startup Cost": 0.43, "Total Cost": 116689.45, "Plan Rows": 2064403, "Plan Width": 25, "Filter": "(production_year >= 1972)"}, {"Node Type": "Materialize", "Parent Relationship": "Inner", "Parallel Aware": false, "Async Capable": false, "Startup Cost": 0.13, "Total Cost": 12.26, "Plan Rows": 1, "Plan Width": 4, "Plans": [{"Node Type": "Index Scan", "Parent Relationship": "Outer", "Parallel Aware": false, "Async Capable": false, "Scan Direction": "Forward", "Index Name": "kind_type_pkey", "Relation Name": "kind_type", "Alias": "kt", "Startup Cost": 0.13, "Total Cost": 12.26, "Plan Rows": 1, "Plan Width": 4, "Filter": "((kind)::text = 'movie'::text)"}]}]}, {"Node Type": "Materialize", "Parent Relationship": "Inner", "Parallel Aware": false, "Async Capable": false, "Startup Cost": 20000000000.69, "Total Cost": 20000214371.42, "Plan Rows": 6, "Plan Width": 8, "Plans": [{"Node Type": "Nested Loop", "Parent Relationship": "Outer", "Parallel Aware": false, "Async Capable": false, "Join Type": "Inner", "Startup Cost": 20000000000.69, "Total Cost": 20000214371.39, "Plan Rows": 6, "Plan Width": 8, "Inner Unique": false, "Join Filter": "(cc.movie_id = mk.movie_id)", "Plans": [{"Node Type": "Nested Loop", "Parent Relationship": "Outer", "Parallel Aware": false, "Async Capable": false, "Join Type": "Inner", "Startup Cost": 10000000000.26, "Total Cost": 10000004221.98, "Plan Rows": 8443, "Plan Width": 4, "Inner Unique": false, "Join Filter": "(cct2.id = cc.status_id)", "Plans": [{"Node Type": "Index Scan", "Parent Relationship": "Outer", "Parallel Aware": false, "Async Capable": false, "Scan Direction": "Forward", "Index Name": "comp_cast_type_pkey", "Relation Name": "comp_cast_type", "Alias": "cct2", "Startup Cost": 0.13, "Total Cost": 12.2, "Plan Rows": 1, "Plan Width": 4, "Filter": "((kind)::text ~~ '%complete%'::text)"}, {"Node Type": "Nested Loop", "Parent Relationship": "Inner", "Parallel Aware": false, "Async Capable": false, "Join Type": "Inner", "Startup Cost": 10000000000.13, "Total Cost": 10000003787.64, "Plan Rows": 33772, "Plan Width": 8, "Inner Unique": false, "Join Filter": "(cct1.id = cc.subject_id)", "Plans": [{"Node Type": "Index Scan", "Parent Relationship": "Outer", "Parallel Aware": false, "Async Capable": false, "Scan Direction": "Forward", "Index Name": "comp_cast_type_pkey", "Relation Name": "comp_cast_type", "Alias": "cct1", "Startup Cost": 0.13, "Total Cost": 12.2, "Plan Rows": 1, "Plan Width": 4, "Filter": "((kind)::text = 'cast'::text)"}, {"Node Type": "Seq Scan", "Parent Relationship": "Inner", "Parallel Aware": false, "Async Capable": false, "Relation Name": "complete_cast", "Alias": "cc", "Startup Cost": 10000000000.0, "Total Cost": 10000002086.86, "Plan Rows": 135086, "Plan Width": 12}]}]}, {"Node Type": "Materialize", "Parent Relationship": "Inner", "Parallel Aware": false, "Async Capable": false, "Startup Cost": 10000000000.43, "Total Cost": 10000197358.51, "Plan Rows": 101, "Plan Width": 4, "Plans": [{"Node Type": "Nested Loop", "Parent Relationship": "Outer", "Parallel Aware": false, "Async Capable": false, "Join Type": "Inner", "Startup Cost": 10000000000.43, "Total Cost": 10000197358.0, "Plan Rows": 101, "Plan Width": 4, "Inner Unique": true, "Plans": [{"Node Type": "Seq Scan", "Parent Relationship": "Outer", "Parallel Aware": false, "Async Capable": false, "Relation Name": "movie_keyword", "Alias": "mk", "Startup Cost": 10000000000.0, "Total Cost": 10000069719.3, "Plan Rows": 4523930, "Plan Width": 8}, {"Node Type": "Memoize", "Parent Relationship": "Inner", "Parallel Aware": false, "Async Capable": false, "Startup Cost": 0.43, "Total Cost": 0.45, "Plan Rows": 1, "Plan Width": 4, "Cache Key": "mk.keyword_id", "Cache Mode": "logical", "Plans": [{"Node Type": "Index Scan", "Parent Relationship": "Outer", "Parallel Aware": false, "Async Capable": false, "Scan Direction": "Forward", "Index Name": "keyword_pkey", "Relation Name": "keyword", "Alias": "k", "Startup Cost": 0.42, "Total Cost": 0.44, "Plan Rows": 1, "Plan Width": 4, "Index Cond": "(id = mk.keyword_id)", "Filter": "((keyword)::text = ANY ('{\"10,000-mile-club\",alienation,based-on-comic}'::text[]))"}]}]}]}]}]}]}, {"Node Type": "Seq Scan", "Parent Relationship": "Inner", "Parallel Aware": false, "Async Capable": false, "Relation Name": "cast_info", "Alias": "ci", "Startup Cost": 10000000000.0, "Total Cost": 10000615060.2, "Plan Rows": 36234020, "Plan Width": 12}]}, {"Node Type": "Index Scan", "Parent Relationship": "Inner", "Parallel Aware": false, "Async Capable": false, "Scan Direction": "Forward", "Index Name": "char_name_pkey", "Relation Name": "char_name", "Alias": "chn", "Startup Cost": 0.43, "Total Cost": 0.46, "Plan Rows": 1, "Plan Width": 4, "Index Cond": "(id = ci.person_role_id)", "Filter": "(((name)::text !~~ '%Sherlock%'::text) AND (((name)::text ~~ '%Iron%Man%'::text) OR ((name)::text ~~ '%Man%'::text)))"}]}, {"Node Type": "Index Only Scan", "Parent Relationship": "Inner", "Parallel Aware": false, "Async Capable": false, "Scan Direction": "Forward", "Index Name": "name_pkey", "Relation Name": "name", "Alias": "n", "Startup Cost": 0.43, "Total Cost": 0.45, "Plan Rows": 1, "Plan Width": 4, "Index Cond": "(id = ci.person_id)"}]}]}}, {"Plan": {"Node Type": "Aggregate", "Strategy": "Plain", "Partial Mode": "Simple", "Parallel Aware": false, "Async Capable": false, "Startup Cost": 630085.46, "Total Cost": 630085.47, "Plan Rows": 1, "Plan Width": 32, "Plans": [{"Node Type": "Nested Loop", "Parent Relationship": "Outer", "Parallel Aware": false, "Async Capable": false, "Join Type": "Inner", "Startup Cost": 2001.87, "Total Cost": 630085.46, "Plan Rows": 1, "Plan Width": 17, "Inner Unique": true, "Plans": [{"Node Type": "Nested Loop", "Parent Relationship": "Outer", "Parallel Aware": false, "Async Capable": false, "Join Type": "Inner", "Startup Cost": 2001.44, "Total Cost": 630085.01, "Plan Rows": 1, "Plan Width": 21, "Inner Unique": false, "Join Filter": "(t.id = ci.movie_id)", "Plans": [{"Node Type": "Nested Loop", "Parent Relationship": "Outer", "Parallel Aware": false, "Async Capable": false, "Join Type": "Inner", "Startup Cost": 1001.0, "Total Cost": 96835.74, "Plan Rows": 1, "Plan Width": 29, "Inner Unique": false, "Join Filter": "(t.id = cc.movie_id)", "Plans": [{"Node Type": "Nested Loop", "Parent Relationship": "Outer", "Parallel Aware": false, "Async Capable": false, "Join Type": "Inner", "Startup Cost": 0.0, "Total Cost": 4199.69, "Plan Rows": 8443, "Plan Width": 4, "Inner Unique": false, "Join Filter": "(cct2.id = cc.status_id)", "Plans": [{"Node Type": "Seq Scan", "Parent Relationship": "Outer", "Parallel Aware": false, "Async Capable": false, "Relation Name": "comp_cast_type", "Alias": "cct2", "Startup Cost": 0.0, "Total Cost": 1.05, "Plan Rows": 1, "Plan Width": 4, "Filter": "((kind)::text ~~ '%complete%'::text)"}, {"Node Type": "Nested Loop", "Parent Relationship": "Inner", "Parallel Aware": false, "Async Capable": false, "Join Type": "Inner", "Startup Cost": 0.0, "Total Cost": 3776.49, "Plan Rows": 33772, "Plan Width": 8, "Inner Unique": false, "Join Filter": "(cct1.id = cc.subject_id)", "Plans": [{"Node Type": "Seq Scan", "Parent Relationship": "Outer", "Parallel Aware": false, "Async Capable": false, "Relation Name": "comp_cast_type", "Alias": "cct1", "Startup Cost": 0.0, "Total Cost": 1.05, "Plan Rows": 1, "Plan Width": 4, "Filter": "((kind)::text = 'cast'::text)"}, {"Node Type": "Seq Scan", "Parent Relationship": "Inner", "Parallel Aware": false, "Async Capable": false, "Relation Name": "complete_cast", "Alias": "cc", "Startup Cost": 0.0, "Total Cost": 2086.86, "Plan Rows": 135086, "Plan Width": 12}]}]}, {"Node Type": "Materialize", "Parent Relationship": "Inner", "Parallel Aware": false, "Async Capable": false, "Startup Cost": 1001.0, "Total Cost": 91116.34, "Plan Rows": 12, "Plan Width": 25, "Plans": [{"Node Type": "Gather", "Parent Relationship": "Outer", "Parallel Aware": false, "Async Capable": false, "Startup Cost": 1001.0, "Total Cost": 91116.28, "Plan Rows": 12, "Plan Width": 25, "Workers Planned": 3, "Single Copy": false, "Plans": [{"Node Type": "Nested Loop", "Parent Relationship": "Outer", "Parallel Aware": false, "Async Capable": false, "Join Type": "Inner", "Startup Cost": 1.0, "Total Cost": 90115.08, "Plan Rows": 4, "Plan Width": 25, "Inner Unique": true, "Plans": [{"Node Type": "Nested Loop", "Parent Relationship": "Outer", "Parallel Aware": false, "Async Capable": false, "Join Type": "Inner", "Startup Cost": 0.86, "Total Cost": 90113.41, "Plan Rows": 26, "Plan Width": 29, "Inner Unique": true, "Plans": [{"Node Type": "Nested Loop", "Parent Relationship": "Outer", "Parallel Aware": false, "Async Capable": false, "Join Type": "Inner", "Startup Cost": 0.43, "Total Cost": 90097.24, "Plan Rows": 33, "Plan Width": 4, "Inner Unique": true, "Plans": [{"Node Type": "Seq Scan", "Parent Relationship": "Outer", "Parallel Aware": true, "Async Capable": false, "Relation Name": "movie_keyword", "Alias": "mk", "Startup Cost": 0.0, "Total Cost": 39073.32, "Plan Rows": 1459332, "Plan Width": 8}, {"Node Type": "Memoize", "Parent Relationship": "Inner", "Parallel Aware": false, "Async Capable": false, "Startup Cost": 0.43, "Total Cost": 0.45, "Plan Rows": 1, "Plan Width": 4, "Cache Key": "mk.keyword_id", "Cache Mode": "logical", "Plans": [{"Node Type": "Index Scan", "Parent Relationship": "Outer", "Parallel Aware": false, "Async Capable": false, "Scan Direction": "Forward", "Index Name": "keyword_pkey", "Relation Name": "keyword", "Alias": "k", "Startup Cost": 0.42, "Total Cost": 0.44, "Plan Rows": 1, "Plan Width": 4, "Index Cond": "(id = mk.keyword_id)", "Filter": "((keyword)::text = ANY ('{\"10,000-mile-club\",alienation,based-on-comic}'::text[]))"}]}]}, {"Node Type": "Index Scan", "Parent Relationship": "Inner", "Parallel Aware": false, "Async Capable": false, "Scan Direction": "Forward", "Index Name": "title_pkey", "Relation Name": "title", "Alias": "t", "Startup Cost": 0.43, "Total Cost": 0.49, "Plan Rows": 1, "Plan Width": 25, "Index Cond": "(id = mk.movie_id)", "Filter": "(production_year >= 1972)"}]}, {"Node Type": "Memoize", "Parent Relationship": "Inner", "Parallel Aware": false, "Async Capable": false, "Startup Cost": 0.14, "Total Cost": 0.16, "Plan Rows": 1, "Plan Width": 4, "Cache Key": "t.kind_id", "Cache Mode": "logical", "Plans": [{"Node Type": "Index Scan", "Parent Relationship": "Outer", "Parallel Aware": false, "Async Capable": false, "Scan Direction": "Forward", "Index Name": "kind_type_pkey", "Relation Name": "kind_type", "Alias": "kt", "Startup Cost": 0.13, "Total Cost": 0.15, "Plan Rows": 1, "Plan Width": 4, "Index Cond": "(id = t.kind_id)", "Filter": "((kind)::text = 'movie'::text)"}]}]}]}]}]}, {"Node Type": "Gather", "Parent Relationship": "Inner", "Parallel Aware": false, "Async Capable": false, "Startup Cost": 1000.44, "Total Cost": 529720.79, "Plan Rows": 282279, "Plan Width": 8, "Workers Planned": 6, "Single Copy": false, "Plans": [{"Node Type": "Nested Loop", "Parent Relationship": "Outer", "Parallel Aware": false, "Async Capable": false, "Join Type": "Inner", "Startup Cost": 0.44, "Total Cost": 500492.89, "Plan Rows": 47046, "Plan Width": 8, "Inner Unique": true, "Plans": [{"Node Type": "Seq Scan", "Parent Relationship": "Outer", "Parallel Aware": true, "Async Capable": false, "Relation Name": "cast_info", "Alias": "ci", "Startup Cost": 0.0, "Total Cost": 313110.03, "Plan Rows": 6039003, "Plan Width": 12}, {"Node Type": "Memoize", "Parent Relationship": "Inner", "Parallel Aware": false, "Async Capable": false, "Startup Cost": 0.44, "Total Cost": 0.47, "Plan Rows": 1, "Plan Width": 4, "Cache Key": "ci.person_role_id", "Cache Mode": "logical", "Plans": [{"Node Type": "Index Scan", "Parent Relationship": "Outer", "Parallel Aware": false, "Async Capable": false, "Scan Direction": "Forward", "Index Name": "char_name_pkey", "Relation Name": "char_name", "Alias": "chn", "Startup Cost": 0.43, "Total Cost": 0.46, "Plan Rows": 1, "Plan Width": 4, "Index Cond": "(id = ci.person_role_id)", "Filter": "(((name)::text !~~ '%Sherlock%'::text) AND (((name)::text ~~ '%Iron%Man%'::text) OR ((name)::text ~~ '%Man%'::text)))"}]}]}]}]}, {"Node Type": "Index Only Scan", "Parent Relationship": "Inner", "Parallel Aware": false, "Async Capable": false, "Scan Direction": "Forward", "Index Name": "name_pkey", "Relation Name": "name", "Alias": "n", "Startup Cost": 0.43, "Total Cost": 0.45, "Plan Rows": 1, "Plan Width": 4, "Index Cond": "(id = ci.person_id)"}]}]}}, {"Plan": {"Node Type": "Aggregate", "Strategy": "Plain", "Partial Mode": "Simple", "Parallel Aware": false, "Async Capable": false, "Startup Cost": 100002236373.65, "Total Cost": 100002236373.66, "Plan Rows": 1, "Plan Width": 32, "Plans": [{"Node Type": "Nested Loop", "Parent Relationship": "Outer", "Parallel Aware": false, "Async Capable": false, "Join Type": "Inner", "Startup Cost": 100002234904.2, "Total Cost": 100002236373.65, "Plan Rows": 1, "Plan Width": 17, "Inner Unique": true, "Plans": [{"Node Type": "Nested Loop", "Parent Relationship": "Outer", "Parallel Aware": false, "Async Capable": false, "Join Type": "Inner", "Startup Cost": 90002234904.06, "Total Cost": 90002236365.48, "Plan Rows": 1, "Plan Width": 21, "Inner Unique": true, "Join Filter": "(t.id = mk.movie_id)", "Plans": [{"Node Type": "Nested Loop", "Parent Relationship": "Outer", "Parallel Aware": false, "Async Capable": false, "Join Type": "Inner", "Startup Cost": 80002234903.62, "Total Cost": 80002236361.01, "Plan Rows": 1, "Plan Width": 12, "Inner Unique": true, "Plans": [{"Node Type": "Merge Join", "Parent Relationship": "Outer", "Parallel Aware": false, "Async Capable": false, "Join Type": "Inner", "Startup Cost": 70002234903.19, "Total Cost": 70002236356.56, "Plan Rows": 1, "Plan Width": 16, "Inner Unique": false, "Merge Cond": "(ci.movie_id = mk.movie_id)", "Plans": [{"Node Type": "Sort", "Parent Relationship": "Outer", "Parallel Aware": false, "Async Capable": false, "Startup Cost": 20001899181.39, "Total Cost": 20001899887.09, "Plan Rows": 282279, "Plan Width": 8, "Sort Key": ["ci.movie_id"], "Plans": [{"Node Type": "Nested Loop", "Parent Relationship": "Outer", "Parallel Aware": false, "Async Capable": false, "Join Type": "Inner", "Startup Cost": 20000000000.45, "Total Cost": 20001873625.6, "Plan Rows": 282279, "Plan Width": 8, "Inner Unique": true, "Plans": [{"Node Type": "Seq Scan", "Parent Relationship": "Outer", "Parallel Aware": false, "Async Capable": false, "Relation Name": "cast_info", "Alias": "ci", "Startup Cost": 10000000000.0, "Total Cost": 10000615060.2, "Plan Rows": 36234020, "Plan Width": 12}, {"Node Type": "Memoize", "Parent Relationship": "Inner", "Parallel Aware": false, "Async Capable": false, "Startup Cost": 0.45, "Total Cost": 4.47, "Plan Rows": 1, "Plan Width": 4, "Cache Key": "ci.person_role_id", "Cache Mode": "logical", "Plans": [{"Node Type": "Bitmap Heap Scan", "Parent Relationship": "Outer", "Parallel Aware": false, "Async Capable": false, "Relation Name": "char_name", "Alias": "chn", "Startup Cost": 0.44, "Total Cost": 4.46, "Plan Rows": 1, "Plan Width": 4, "Recheck Cond": "(id = ci.person_role_id)", "Filter": "(((name)::text !~~ '%Sherlock%'::text) AND (((name)::text ~~ '%Iron%Man%'::text) OR ((name)::text ~~ '%Man%'::text)))", "Plans": [{"Node Type": "Bitmap Index Scan", "Parent Relationship": "Outer", "Parallel Aware": false, "Async Capable": false, "Index Name": "char_name_pkey", "Startup Cost": 0.0, "Total Cost": 0.44, "Plan Rows": 1, "Plan Width": 0, "Index Cond": "(id = ci.person_role_id)"}]}]}]}]}, {"Node Type": "Materialize", "Parent Relationship": "Inner", "Parallel Aware": false, "Async Capable": false, "Startup Cost": 50000335721.76, "Total Cost": 50000335763.77, "Plan Rows": 6, "Plan Width": 8, "Plans": [{"Node Type": "Merge Join", "Parent Relationship": "Outer", "Parallel Aware": false, "Async Capable": false, "Join Type": "Inner", "Startup Cost": 50000335721.76, "Total Cost": 50000335763.75, "Plan Rows": 6, "Plan Width": 8, "Inner Unique": false, "Merge Cond": "(mk.movie_id = cc.movie_id)", "Plans": [{"Node Type": "Sort", "Parent Relationship": "Outer", "Parallel Aware": false, "Async Capable": false, "Startup Cost": 20000328837.91, "Total Cost": 20000328838.16, "Plan Rows": 101, "Plan Width": 4, "Sort Key": ["mk.movie_id"], "Plans": [{"Node Type": "Nested Loop", "Parent Relationship": "Outer", "Parallel Aware": false, "Async Capable": false, "Join Type": "Inner", "Startup Cost": 20000000000.44, "Total Cost": 20000328834.55, "Plan Rows": 101, "Plan Width": 4, "Inner Unique": true, "Plans": [{"Node Type": "Seq Scan", "Parent Relationship": "Outer", "Parallel Aware": false, "Async Capable": false, "Relation Name": "movie_keyword", "Alias": "mk", "Startup Cost": 10000000000.0, "Total Cost": 10000069719.3, "Plan Rows": 4523930, "Plan Width": 8}, {"Node Type": "Memoize", "Parent Relationship": "Inner", "Parallel Aware": false, "Async Capable": false, "Startup Cost": 0.44, "Total Cost": 4.45, "Plan Rows": 1, "Plan Width": 4, "Cache Key": "mk.keyword_id", "Cache Mode": "logical", "Plans": [{"Node Type": "Bitmap Heap Scan", "Parent Relationship": "Outer", "Parallel Aware": false, "Async Capable": false, "Relation Name": "keyword", "Alias": "k", "Startup Cost": 0.43, "Total Cost": 4.44, "Plan Rows": 1, "Plan Width": 4, "Recheck Cond": "(id = mk.keyword_id)", "Filter": "((keyword)::text = ANY ('{\"10,000-mile-club\",alienation,based-on-comic}'::text[]))", "Plans": [{"Node Type": "Bitmap Index Scan", "Parent Relationship": "Outer", "Parallel Aware": false, "Async Capable": false, "Index Name": "keyword_pkey", "Startup Cost": 0.0, "Total Cost": 0.43, "Plan Rows": 1, "Plan Width": 0, "Index Cond": "(id = mk.keyword_id)"}]}]}]}]}, {"Node Type": "Sort", "Parent Relationship": "Inner", "Parallel Aware": false, "Async Capable": false, "Startup Cost": 30000006883.85, "Total Cost": 30000006904.96, "Plan Rows": 8443, "Plan Width": 4, "Sort Key": ["cc.movie_id"], "Plans": [{"Node Type": "Nested Loop", "Parent Relationship": "Outer", "Parallel Aware": false, "Async Capable": false, "Join Type": "Inner", "Startup Cost": 30000000000.3, "Total Cost": 30000006333.22, "Plan Rows": 8443, "Plan Width": 4, "Inner Unique": true, "Plans": [{"Node Type": "Nested Loop", "Parent Relationship": "Outer", "Parallel Aware": false, "Async Capable": false, "Join Type": "Inner", "Startup Cost": 20000000000.15, "Total Cost": 20000005476.46, "Plan Rows": 33772, "Plan Width": 8, "Inner Unique": true, "Plans": [{"Node Type": "Seq Scan", "Parent Relationship": "Outer", "Parallel Aware": false, "Async Capable": false, "Relation Name": "complete_cast", "Alias": "cc", "Startup Cost": 10000000000.0, "Total Cost": 10000002086.86, "Plan Rows": 135086, "Plan Width": 12}, {"Node Type": "Memoize", "Parent Relationship": "Inner", "Parallel Aware": false, "Async Capable": false, "Startup Cost": 0.15, "Total Cost": 4.16, "Plan Rows": 1, "Plan Width": 4, "Cache Key": "cc.subject_id", "Cache Mode": "logical", "Plans": [{"Node Type": "Bitmap Heap Scan", "Parent Relationship": "Outer", "Parallel Aware": false, "Async Capable": false, "Relation Name": "comp_cast_type", "Alias": "cct1", "Startup Cost": 0.14, "Total Cost": 4.15, "Plan Rows": 1, "Plan Width": 4, "Recheck Cond": "(id = cc.subject_id)", "Filter": "((kind)::text = 'cast'::text)", "Plans": [{"Node Type": "Bitmap Index Scan", "Parent Relationship": "Outer", "Parallel Aware": false, "Async Capable": false, "Index Name": "comp_cast_type_pkey", "Startup Cost": 0.0, "Total Cost": 0.14, "Plan Rows": 1, "Plan Width": 0, "Index Cond": "(id = cc.subject_id)"}]}]}]}, {"Node Type": "Memoize", "Parent Relationship": "Inner", "Parallel Aware": false, "Async Capable": false, "Startup Cost": 0.15, "Total Cost": 4.16, "Plan Rows": 1, "Plan Width": 4, "Cache Key": "cc.status_id", "Cache Mode": "logical", "Plans": [{"Node Type": "Bitmap Heap Scan", "Parent Relationship": "Outer", "Parallel Aware": false, "Async Capable": false, "Relation Name": "comp_cast_type", "Alias": "cct2", "Startup Cost": 0.14, "Total Cost": 4.15, "Plan Rows": 1, "Plan Width": 4, "Recheck Cond": "(id = cc.status_id)", "Filter": "((kind)::text ~~ '%complete%'::text)", "Plans": [{"Node Type": "Bitmap Index Scan", "Parent Relationship": "Outer", "Parallel Aware": false, "Async Capable": false, "Index Name": "comp_cast_type_pkey", "Startup Cost": 0.0, "Total Cost": 0.14, "Plan Rows": 1, "Plan Width": 0, "Index Cond": "(id = cc.status_id)"}]}]}]}]}]}]}]}, {"Node Type": "Bitmap Heap Scan", "Parent Relationship": "Inner", "Parallel Aware": false, "Async Capable": false, "Relation Name": "name", "Alias": "n", "Startup Cost": 0.44, "Total Cost": 4.45, "Plan Rows": 1, "Plan Width": 4, "Recheck Cond": "(id = ci.person_id)", "Plans": [{"Node Type": "Bitmap Index Scan", "Parent Relationship": "Outer", "Parallel Aware": false, "Async Capable": false, "Index Name": "name_pkey", "Startup Cost": 0.0, "Total Cost": 0.44, "Plan Rows": 1, "Plan Width": 0, "Index Cond": "(id = ci.person_id)"}]}]}, {"Node Type": "Bitmap Heap Scan", "Parent Relationship": "Inner", "Parallel Aware": false, "Async Capable": false, "Relation Name": "title", "Alias": "t", "Startup Cost": 0.44, "Total Cost": 4.45, "Plan Rows": 1, "Plan Width": 25, "Recheck Cond": "(id = ci.movie_id)", "Filter": "(production_year >= 1972)", "Plans": [{"Node Type": "Bitmap Index Scan", "Parent Relationship": "Outer", "Parallel Aware": false, "Async Capable": false, "Index Name": "title_pkey", "Startup Cost": 0.0, "Total Cost": 0.44, "Plan Rows": 1, "Plan Width": 0, "Index Cond": "(id = ci.movie_id)"}]}]}, {"Node Type": "Bitmap Heap Scan", "Parent Relationship": "Inner", "Parallel Aware": false, "Async Capable": false, "Relation Name": "kind_type", "Alias": "kt", "Startup Cost": 0.14, "Total Cost": 4.16, "Plan Rows": 1, "Plan Width": 4, "Recheck Cond": "(id = t.kind_id)", "Filter": "((kind)::text = 'movie'::text)", "Plans": [{"Node Type": "Bitmap Index Scan", "Parent Relationship": "Outer", "Parallel Aware": false, "Async Capable": false, "Index Name": "kind_type_pkey", "Startup Cost": 0.0, "Total Cost": 0.14, "Plan Rows": 1, "Plan Width": 0, "Index Cond": "(id = t.kind_id)"}]}]}]}}, {"Plan": {"Node Type": "Aggregate", "Strategy": "Plain", "Partial Mode": "Simple", "Parallel Aware": false, "Async Capable": false, "Startup Cost": 30001403814.58, "Total Cost": 30001403814.59, "Plan Rows": 1, "Plan Width": 32, "Plans": [{"Node Type": "Nested Loop", "Parent Relationship": "Outer", "Parallel Aware": false, "Async Capable": false, "Join Type": "Inner", "Startup Cost": 30000335723.23, "Total Cost": 30001403814.58, "Plan Rows": 1, "Plan Width": 17, "Inner Unique": true, "Plans": [{"Node Type": "Nested Loop", "Parent Relationship": "Outer", "Parallel Aware": false, "Async Capable": false, "Join Type": "Inner", "Startup Cost": 30000335722.79, "Total Cost": 30001403810.13, "Plan Rows": 1, "Plan Width": 21, "Inner Unique": true, "Plans": [{"Node Type": "Nested Loop", "Parent Relationship": "Outer", "Parallel Aware": false, "Async Capable": false, "Join Type": "Inner", "Startup Cost": 30000335722.35, "Total Cost": 30001403796.75, "Plan Rows": 3, "Plan Width": 25, "Inner Unique": false, "Join Filter": "(t.id = ci.movie_id)", "Plans": [{"Node Type": "Nested Loop", "Parent Relationship": "Outer", "Parallel Aware": false, "Async Capable": false, "Join Type": "Inner", "Startup Cost": 20000335722.35, "Total Cost": 20000335811.3, "Plan Rows": 1, "Plan Width": 29, "Inner Unique": true, "Plans": [{"Node Type": "Nested Loop", "Parent Relationship": "Outer", "Parallel Aware": false, "Async Capable": false, "Join Type": "Inner", "Startup Cost": 20000335722.21, "Total Cost": 20000335790.52, "Plan Rows": 5, "Plan Width": 33, "Inner Unique": true, "Plans": [{"Node Type": "Merge Join", "Parent Relationship": "Outer", "Parallel Aware": false, "Async Capable": false, "Join Type": "Inner", "Startup Cost": 20000335721.76, "Total Cost": 20000335763.75, "Plan Rows": 6, "Plan Width": 8, "Inner Unique": false, "Merge Cond": "(mk.movie_id = cc.movie_id)", "Plans": [{"Node Type": "Sort", "Parent Relationship": "Outer", "Parallel Aware": false, "Async Capable": false, "Startup Cost": 10000328837.91, "Total Cost": 10000328838.16, "Plan Rows": 101, "Plan Width": 4, "Sort Key": ["mk.movie_id"], "Plans": [{"Node Type": "Nested Loop", "Parent Relationship": "Outer", "Parallel Aware": false, "Async Capable": false, "Join Type": "Inner", "Startup Cost": 10000000000.44, "Total Cost": 10000328834.55, "Plan Rows": 101, "Plan Width": 4, "Inner Unique": true, "Plans": [{"Node Type": "Seq Scan", "Parent Relationship": "Outer", "Parallel Aware": false, "Async Capable": false, "Relation Name": "movie_keyword", "Alias": "mk", "Startup Cost": 10000000000.0, "Total Cost": 10000069719.3, "Plan Rows": 4523930, "Plan Width": 8}, {"Node Type": "Memoize", "Parent Relationship": "Inner", "Parallel Aware": false, "Async Capable": false, "Startup Cost": 0.44, "Total Cost": 4.45, "Plan Rows": 1, "Plan Width": 4, "Cache Key": "mk.keyword_id", "Cache Mode": "logical", "Plans": [{"Node Type": "Bitmap Heap Scan", "Parent Relationship": "Outer", "Parallel Aware": false, "Async Capable": false, "Relation Name": "keyword", "Alias": "k", "Startup Cost": 0.43, "Total Cost": 4.44, "Plan Rows": 1, "Plan Width": 4, "Recheck Cond": "(id = mk.keyword_id)", "Filter": "((keyword)::text = ANY ('{\"10,000-mile-club\",alienation,based-on-comic}'::text[]))", "Plans": [{"Node Type": "Bitmap Index Scan", "Parent Relationship": "Outer", "Parallel Aware": false, "Async Capable": false, "Index Name": "keyword_pkey", "Startup Cost": 0.0, "Total Cost": 0.43, "Plan Rows": 1, "Plan Width": 0, "Index Cond": "(id = mk.keyword_id)"}]}]}]}]}, {"Node Type": "Sort", "Parent Relationship": "Inner", "Parallel Aware": false, "Async Capable": false, "Startup Cost": 10000006883.85, "Total Cost": 10000006904.96, "Plan Rows": 8443, "Plan Width": 4, "Sort Key": ["cc.movie_id"], "Plans": [{"Node Type": "Nested Loop", "Parent Relationship": "Outer", "Parallel Aware": false, "Async Capable": false, "Join Type": "Inner", "Startup Cost": 10000000000.3, "Total Cost": 10000006333.22, "Plan Rows": 8443, "Plan Width": 4, "Inner Unique": true, "Plans": [{"Node Type": "Nested Loop", "Parent Relationship": "Outer", "Parallel Aware": false, "Async Capable": false, "Join Type": "Inner", "Startup Cost": 10000000000.15, "Total Cost": 10000005476.46, "Plan Rows": 33772, "Plan Width": 8, "Inner Unique": true, "Plans": [{"Node Type": "Seq Scan", "Parent Relationship": "Outer", "Parallel Aware": false, "Async Capable": false, "Relation Name": "complete_cast", "Alias": "cc", "Startup Cost": 10000000000.0, "Total Cost": 10000002086.86, "Plan Rows": 135086, "Plan Width": 12}, {"Node Type": "Memoize", "Parent Relationship": "Inner", "Parallel Aware": false, "Async Capable": false, "Startup Cost": 0.15, "Total Cost": 4.16, "Plan Rows": 1, "Plan Width": 4, "Cache Key": "cc.subject_id", "Cache Mode": "logical", "Plans": [{"Node Type": "Bitmap Heap Scan", "Parent Relationship": "Outer", "Parallel Aware": false, "Async Capable": false, "Relation Name": "comp_cast_type", "Alias": "cct1", "Startup Cost": 0.14, "Total Cost": 4.15, "Plan Rows": 1, "Plan Width": 4, "Recheck Cond": "(id = cc.subject_id)", "Filter": "((kind)::text = 'cast'::text)", "Plans": [{"Node Type": "Bitmap Index Scan", "Parent Relationship": "Outer", "Parallel Aware": false, "Async Capable": false, "Index Name": "comp_cast_type_pkey", "Startup Cost": 0.0, "Total Cost": 0.14, "Plan Rows": 1, "Plan Width": 0, "Index Cond": "(id = cc.subject_id)"}]}]}]}, {"Node Type": "Memoize", "Parent Relationship": "Inner", "Parallel Aware": false, "Async Capable": false, "Startup Cost": 0.15, "Total Cost": 4.16, "Plan Rows": 1, "Plan Width": 4, "Cache Key": "cc.status_id", "Cache Mode": "logical", "Plans": [{"Node Type": "Bitmap Heap Scan", "Parent Relationship": "Outer", "Parallel Aware": false, "Async Capable": false, "Relation Name": "comp_cast_type", "Alias": "cct2", "Startup Cost": 0.14, "Total Cost": 4.15, "Plan Rows": 1, "Plan Width": 4, "Recheck Cond": "(id = cc.status_id)", "Filter": "((kind)::text ~~ '%complete%'::text)", "Plans": [{"Node Type": "Bitmap Index Scan", "Parent Relationship": "Outer", "Parallel Aware": false, "Async Capable": false, "Index Name": "comp_cast_type_pkey", "Startup Cost": 0.0, "Total Cost": 0.14, "Plan Rows": 1, "Plan Width": 0, "Index Cond": "(id = cc.status_id)"}]}]}]}]}]}, {"Node Type": "Bitmap Heap Scan", "Parent Relationship": "Inner", "Parallel Aware": false, "Async Capable": false, "Relation Name": "title", "Alias": "t", "Startup Cost": 0.45, "Total Cost": 4.46, "Plan Rows": 1, "Plan Width": 25, "Recheck Cond": "(id = mk.movie_id)", "Filter": "(production_year >= 1972)", "Plans": [{"Node Type": "Bitmap Index Scan", "Parent Relationship": "Outer", "Parallel Aware": false, "Async Capable": false, "Index Name": "title_pkey", "Startup Cost": 0.0, "Total Cost": 0.45, "Plan Rows": 1, "Plan Width": 0, "Index Cond": "(id = mk.movie_id)"}]}]}, {"Node Type": "Bitmap Heap Scan", "Parent Relationship": "Inner", "Parallel Aware": false, "Async Capable": false, "Relation Name": "kind_type", "Alias": "kt", "Startup Cost": 0.14, "Total Cost": 4.16, "Plan Rows": 1, "Plan Width": 4, "Recheck Cond": "(id = t.kind_id)", "Filter": "((kind)::text = 'movie'::text)", "Plans": [{"Node Type": "Bitmap Index Scan", "Parent Relationship": "Outer", "Parallel Aware": false, "Async Capable": false, "Index Name": "kind_type_pkey", "Startup Cost": 0.0, "Total Cost": 0.14, "Plan Rows": 1, "Plan Width": 0, "Index Cond": "(id = t.kind_id)"}]}]}, {"Node Type": "Seq Scan", "Parent Relationship": "Inner", "Parallel Aware": false, "Async Capable": false, "Relation Name": "cast_info", "Alias": "ci", "Startup Cost": 10000000000.0, "Total Cost": 10000615060.2, "Plan Rows": 36234020, "Plan Width": 12}]}, {"Node Type": "Bitmap Heap Scan", "Parent Relationship": "Inner", "Parallel Aware": false, "Async Capable": false, "Relation Name": "char_name", "Alias": "chn", "Startup Cost": 0.44, "Total Cost": 4.46, "Plan Rows": 1, "Plan Width": 4, "Recheck Cond": "(id = ci.person_role_id)", "Filter": "(((name)::text !~~ '%Sherlock%'::text) AND (((name)::text ~~ '%Iron%Man%'::text) OR ((name)::text ~~ '%Man%'::text)))", "Plans": [{"Node Type": "Bitmap Index Scan", "Parent Relationship": "Outer", "Parallel Aware": false, "Async Capable": false, "Index Name": "char_name_pkey", "Startup Cost": 0.0, "Total Cost": 0.44, "Plan Rows": 1, "Plan Width": 0, "Index Cond": "(id = ci.person_role_id)"}]}]}, {"Node Type": "Bitmap Heap Scan", "Parent Relationship": "Inner", "Parallel Aware": false, "Async Capable": false, "Relation Name": "name", "Alias": "n", "Startup Cost": 0.44, "Total Cost": 4.45, "Plan Rows": 1, "Plan Width": 4, "Recheck Cond": "(id = ci.person_id)", "Plans": [{"Node Type": "Bitmap Index Scan", "Parent Relationship": "Outer", "Parallel Aware": false, "Async Capable": false, "Index Name": "name_pkey", "Startup Cost": 0.0, "Total Cost": 0.44, "Plan Rows": 1, "Plan Width": 0, "Index Cond": "(id = ci.person_id)"}]}]}]}}, {"Plan": {"Node Type": "Aggregate", "Strategy": "Plain", "Partial Mode": "Simple", "Parallel Aware": false, "Async Capable": false, "Startup Cost": 1026427.15, "Total Cost": 1026427.16, "Plan Rows": 1, "Plan Width": 32, "Plans": [{"Node Type": "Nested Loop", "Parent Relationship": "Outer", "Parallel Aware": false, "Async Capable": false, "Join Type": "Inner", "Startup Cost": 1025852.01, "Total Cost": 1026427.15, "Plan Rows": 1, "Plan Width": 17, "Inner Unique": true, "Join Filter": "(kt.id = t.kind_id)", "Plans": [{"Node Type": "Nested Loop", "Parent Relationship": "Outer", "Parallel Aware": false, "Async Capable": false, "Join Type": "Inner", "Startup Cost": 1025852.01, "Total Cost": 1026426.05, "Plan Rows": 1, "Plan Width": 21, "Inner Unique": true, "Plans": [{"Node Type": "Nested Loop", "Parent Relationship": "Outer", "Parallel Aware": false, "Async Capable": false, "Join Type": "Inner", "Startup Cost": 1025851.57, "Total Cost": 1026421.59, "Plan Rows": 1, "Plan Width": 12, "Inner Unique": true, "Plans": [{"Node Type": "Merge Join", "Parent Relationship": "Outer", "Parallel Aware": false, "Async Capable": false, "Join Type": "Inner", "Startup Cost": 1025851.13, "Total Cost": 1026417.14, "Plan Rows": 1, "Plan Width": 16, "Inner Unique": false, "Merge Cond": "(ci.movie_id = mk.movie_id)", "Plans": [{"Node Type": "Gather Merge", "Parent Relationship": "Outer", "Parallel Aware": false, "Async Capable": false, "Startup Cost": 826201.67, "Total Cost": 826761.42, "Plan Rows": 2298, "Plan Width": 12, "Workers Planned": 6, "Plans": [{"Node Type": "Merge Join", "Parent Relationship": "Outer", "Parallel Aware": false, "Async Capable": false, "Join Type": "Inner", "Startup Cost": 825201.57, "Total Cost": 825482.03, "Plan Rows": 383, "Plan Width": 12, "Inner Unique": false, "Merge Cond": "(ci.movie_id = cc.movie_id)", "Plans": [{"Node Type": "Sort", "Parent Relationship": "Outer", "Parallel Aware": false, "Async Capable": false, "Startup Cost": 820451.22, "Total Cost": 820568.84, "Plan Rows": 47046, "Plan Width": 8, "Sort Key": ["ci.movie_id"], "Plans": [{"Node Type": "Nested Loop", "Parent Relationship": "Outer", "Parallel Aware": false, "Async Capable": false, "Join Type": "Inner", "Startup Cost": 0.45, "Total Cost": 816800.03, "Plan Rows": 47046, "Plan Width": 8, "Inner Unique": true, "Plans": [{"Node Type": "Seq Scan", "Parent Relationship": "Outer", "Parallel Aware": true, "Async Capable": false, "Relation Name": "cast_info", "Alias": "ci", "Startup Cost": 0.0, "Total Cost": 313110.03, "Plan Rows": 6039003, "Plan Width": 12}, {"Node Type": "Memoize", "Parent Relationship": "Inner", "Parallel Aware": false, "Async Capable": false, "Startup Cost": 0.45, "Total Cost": 4.47, "Plan Rows": 1, "Plan Width": 4, "Cache Key": "ci.person_role_id", "Cache Mode": "logical", "Plans": [{"Node Type": "Bitmap Heap Scan", "Parent Relationship": "Outer", "Parallel Aware": false, "Async Capable": false, "Relation Name": "char_name", "Alias": "chn", "Startup Cost": 0.44, "Total Cost": 4.46, "Plan Rows": 1, "Plan Width": 4, "Recheck Cond": "(id = ci.person_role_id)", "Filter": "(((name)::text !~~ '%Sherlock%'::text) AND (((name)::text ~~ '%Iron%Man%'::text) OR ((name)::text ~~ '%Man%'::text)))", "Plans": [{"Node Type": "Bitmap Index Scan", "Parent Relationship": "Outer", "Parallel Aware": false, "Async Capable": false, "Index Name": "char_name_pkey", "Startup Cost": 0.0, "Total Cost": 0.44, "Plan Rows": 1, "Plan Width": 0, "Index Cond": "(id = ci.person_role_id)"}]}]}]}]}, {"Node Type": "Sort", "Parent Relationship": "Inner", "Parallel Aware": false, "Async Capable": false, "Startup Cost": 4750.32, "Total Cost": 4771.43, "Plan Rows": 8443, "Plan Width": 4, "Sort Key": ["cc.movie_id"], "Plans": [{"Node Type": "Nested Loop", "Parent Relationship": "Outer", "Parallel Aware": false, "Async Capable": false, "Join Type": "Inner", "Startup Cost": 0.0, "Total Cost": 4199.69, "Plan Rows": 8443, "Plan Width": 4, "Inner Unique": false, "Join Filter": "(cct2.id = cc.status_id)", "Plans": [{"Node Type": "Seq Scan", "Parent Relationship": "Outer", "Parallel Aware": false, "Async Capable": false, "Relation Name": "comp_cast_type", "Alias": "cct2", "Startup Cost": 0.0, "Total Cost": 1.05, "Plan Rows": 1, "Plan Width": 4, "Filter": "((kind)::text ~~ '%complete%'::text)"}, {"Node Type": "Nested Loop", "Parent Relationship": "Inner", "Parallel Aware": false, "Async Capable": false, "Join Type": "Inner", "Startup Cost": 0.0, "Total Cost": 3776.49, "Plan Rows": 33772, "Plan Width": 8, "Inner Unique": false, "Join Filter": "(cct1.id = cc.subject_id)", "Plans": [{"Node Type": "Seq Scan", "Parent Relationship": "Outer", "Parallel Aware": false, "Async Capable": false, "Relation Name": "comp_cast_type", "Alias": "cct1", "Startup Cost": 0.0, "Total Cost": 1.05, "Plan Rows": 1, "Plan Width": 4, "Filter": "((kind)::text = 'cast'::text)"}, {"Node Type": "Seq Scan", "Parent Relationship": "Inner", "Parallel Aware": false, "Async Capable": false, "Relation Name": "complete_cast", "Alias": "cc", "Startup Cost": 0.0, "Total Cost": 2086.86, "Plan Rows": 135086, "Plan Width": 12}]}]}]}]}]}, {"Node Type": "Sort", "Parent Relationship": "Inner", "Parallel Aware": false, "Async Capable": false, "Startup Cost": 199649.46, "Total Cost": 199649.71, "Plan Rows": 101, "Plan Width": 4, "Sort Key": ["mk.movie_id"], "Plans": [{"Node Type": "Gather", "Parent Relationship": "Outer", "Parallel Aware": false, "Async Capable": false, "Startup Cost": 192339.08, "Total Cost": 199646.1, "Plan Rows": 101, "Plan Width": 4, "Workers Planned": 3, "Single Copy": false, "Plans": [{"Node Type": "Merge Join", "Parent Relationship": "Outer", "Parallel Aware": false, "Async Capable": false, "Join Type": "Inner", "Startup Cost": 191339.08, "Total Cost": 198636.0, "Plan Rows": 33, "Plan Width": 4, "Inner Unique": true, "Merge Cond": "(mk.keyword_id = k.id)", "Plans": [{"Node Type": "Sort", "Parent Relationship": "Outer", "Parallel Aware": false, "Async Capable": false, "Startup Cost": 188486.13, "Total Cost": 192134.46, "Plan Rows": 1459332, "Plan Width": 8, "Sort Key": ["mk.keyword_id"], "Plans": [{"Node Type": "Seq Scan", "Parent Relationship": "Outer", "Parallel Aware": true, "Async Capable": false, "Relation Name": "movie_keyword", "Alias": "mk", "Startup Cost": 0.0, "Total Cost": 39073.32, "Plan Rows": 1459332, "Plan Width": 8}]}, {"Node Type": "Sort", "Parent Relationship": "Inner", "Parallel Aware": false, "Async Capable": false, "Startup Cost": 2852.86, "Total Cost": 2852.87, "Plan Rows": 3, "Plan Width": 4, "Sort Key": ["k.id"], "Plans": [{"Node Type": "Seq Scan", "Parent Relationship": "Outer", "Parallel Aware": false, "Async Capable": false, "Relation Name": "keyword", "Alias": "k", "Startup Cost": 0.0, "Total Cost": 2852.84, "Plan Rows": 3, "Plan Width": 4, "Filter": "((keyword)::text = ANY ('{\"10,000-mile-club\",alienation,based-on-comic}'::text[]))"}]}]}]}]}]}, {"Node Type": "Bitmap Heap Scan", "Parent Relationship": "Inner", "Parallel Aware": false, "Async Capable": false, "Relation Name": "name", "Alias": "n", "Startup Cost": 0.44, "Total Cost": 4.45, "Plan Rows": 1, "Plan Width": 4, "Recheck Cond": "(id = ci.person_id)", "Plans": [{"Node Type": "Bitmap Index Scan", "Parent Relationship": "Outer", "Parallel Aware": false, "Async Capable": false, "Index Name": "name_pkey", "Startup Cost": 0.0, "Total Cost": 0.44, "Plan Rows": 1, "Plan Width": 0, "Index Cond": "(id = ci.person_id)"}]}]}, {"Node Type": "Bitmap Heap Scan", "Parent Relationship": "Inner", "Parallel Aware": false, "Async Capable": false, "Relation Name": "title", "Alias": "t", "Startup Cost": 0.45, "Total Cost": 4.46, "Plan Rows": 1, "Plan Width": 25, "Recheck Cond": "(id = mk.movie_id)", "Filter": "(production_year >= 1972)", "Plans": [{"Node Type": "Bitmap Index Scan", "Parent Relationship": "Outer", "Parallel Aware": false, "Async Capable": false, "Index Name": "title_pkey", "Startup Cost": 0.0, "Total Cost": 0.45, "Plan Rows": 1, "Plan Width": 0, "Index Cond": "(id = mk.movie_id)"}]}]}, {"Node Type": "Seq Scan", "Parent Relationship": "Inner", "Parallel Aware": false, "Async Capable": false, "Relation Name": "kind_type", "Alias": "kt", "Startup Cost": 0.0, "Total Cost": 1.09, "Plan Rows": 1, "Plan Width": 4, "Filter": "((kind)::text = 'movie'::text)"}]}]}}, {"Plan": {"Node Type": "Aggregate", "Strategy": "Plain", "Partial Mode": "Simple", "Parallel Aware": false, "Async Capable": false, "Startup Cost": 2152563.28, "Total Cost": 2152563.29, "Plan Rows": 1, "Plan Width": 32, "Plans": [{"Node Type": "Merge Join", "Parent Relationship": "Outer", "Parallel Aware": false, "Async Capable": false, "Join Type": "Inner", "Startup Cost": 2132262.28, "Total Cost": 2152563.27, "Plan Rows": 1, "Plan Width": 17, "Inner Unique": true, "Merge Cond": "(ci.person_id = n.id)", "Plans": [{"Node Type": "Sort", "Parent Relationship": "Outer", "Parallel Aware": false, "Async Capable": false, "Startup Cost": 1576700.15, "Total Cost": 1576700.16, "Plan Rows": 1, "Plan Width": 21, "Sort Key": ["ci.person_id"], "Plans": [{"Node Type": "Merge Join", "Parent Relationship": "Outer", "Parallel Aware": false, "Async Capable": false, "Join Type": "Inner", "Startup Cost": 1575283.33, "Total Cost": 1576700.14, "Plan Rows": 1, "Plan Width": 21, "Inner Unique": false, "Merge Cond": "(t.id = ci.movie_id)", "Plans": [{"Node Type": "Merge Join", "Parent Relationship": "Outer", "Parallel Aware": false, "Async Capable": false, "Join Type": "Inner", "Startup Cost": 313342.43, "Total Cost": 313347.87, "Plan Rows": 1, "Plan Width": 29, "Inner Unique": false, "Merge Cond": "(mk.movie_id = t.id)", "Plans": [{"Node Type": "Sort", "Parent Relationship": "Outer", "Parallel Aware": false, "Async Capable": false, "Startup Cost": 199649.46, "Total Cost": 199649.71, "Plan Rows": 101, "Plan Width": 4, "Sort Key": ["mk.movie_id"], "Plans": [{"Node Type": "Gather", "Parent Relationship": "Outer", "Parallel Aware": false, "Async Capable": false, "Startup Cost": 192339.08, "Total Cost": 199646.1, "Plan Rows": 101, "Plan Width": 4, "Workers Planned": 3, "Single Copy": false, "Plans": [{"Node Type": "Merge Join", "Parent Relationship": "Outer", "Parallel Aware": false, "Async Capable": false, "Join Type": "Inner", "Startup Cost": 191339.08, "Total Cost": 198636.0, "Plan Rows": 33, "Plan Width": 4, "Inner Unique": true, "Merge Cond": "(mk.keyword_id = k.id)", "Plans": [{"Node Type": "Sort", "Parent Relationship": "Outer", "Parallel Aware": false, "Async Capable": false, "Startup Cost": 188486.13, "Total Cost": 192134.46, "Plan Rows": 1459332, "Plan Width": 8, "Sort Key": ["mk.keyword_id"], "Plans": [{"Node Type": "Seq Scan", "Parent Relationship": "Outer", "Parallel Aware": true, "Async Capable": false, "Relation Name": "movie_keyword", "Alias": "mk", "Startup Cost": 0.0, "Total Cost": 39073.32, "Plan Rows": 1459332, "Plan Width": 8}]}, {"Node Type": "Sort", "Parent Relationship": "Inner", "Parallel Aware": false, "Async Capable": false, "Startup Cost": 2852.86, "Total Cost": 2852.87, "Plan Rows": 3, "Plan Width": 4, "Sort Key": ["k.id"], "Plans": [{"Node Type": "Seq Scan", "Parent Relationship": "Outer", "Parallel Aware": false, "Async Capable": false, "Relation Name": "keyword", "Alias": "k", "Startup Cost": 0.0, "Total Cost": 2852.84, "Plan Rows": 3, "Plan Width": 4, "Filter": "((keyword)::text = ANY ('{\"10,000-mile-club\",alienation,based-on-comic}'::text[]))"}]}]}]}]}, {"Node Type": "Sort", "Parent Relationship": "Inner", "Parallel Aware": false, "Async Capable": false, "Startup Cost": 113692.97, "Total Cost": 113695.43, "Plan Rows": 985, "Plan Width": 25, "Sort Key": ["cc.movie_id"], "Plans": [{"Node Type": "Gather", "Parent Relationship": "Outer", "Parallel Aware": false, "Async Capable": false, "Startup Cost": 113538.11, "Total Cost": 113644.0, "Plan Rows": 985, "Plan Width": 25, "Workers Planned": 4, "Single Copy": false, "Plans": [{"Node Type": "Merge Join", "Parent Relationship": "Outer", "Parallel Aware": false, "Async Capable": false, "Join Type": "Inner", "Startup Cost": 112538.11, "Total Cost": 112545.5, "Plan Rows": 246, "Plan Width": 25, "Inner Unique": true, "Merge Cond": "(cc.status_id = cct2.id)", "Plans": [{"Node Type": "Sort", "Parent Relationship": "Outer", "Parallel Aware": false, "Async Capable": false, "Startup Cost": 112537.05, "Total Cost": 112539.51, "Plan Rows": 985, "Plan Width": 29, "Sort Key": ["cc.status_id"], "Plans": [{"Node Type": "Merge Join", "Parent Relationship": "Outer", "Parallel Aware": false, "Async Capable": false, "Join Type": "Inner", "Startup Cost": 112458.52, "Total Cost": 112488.07, "Plan Rows": 985, "Plan Width": 29, "Inner Unique": true, "Merge Cond": "(cc.subject_id = cct1.id)", "Plans": [{"Node Type": "Sort", "Parent Relationship": "Outer", "Parallel Aware": false, "Async Capable": false, "Startup Cost": 112457.46, "Total Cost": 112467.31, "Plan Rows": 3939, "Plan Width": 33, "Sort Key": ["cc.subject_id"], "Plans": [{"Node Type": "Merge Join", "Parent Relationship": "Outer", "Parallel Aware": false, "Async Capable": false, "Join Type": "Inner", "Startup Cost": 112044.96, "Total Cost": 112222.23, "Plan Rows": 3939, "Plan Width": 33, "Inner Unique": true, "Merge Cond": "(t.kind_id = kt.id)", "Plans": [{"Node Type": "Sort", "Parent Relationship": "Outer", "Parallel Aware": false, "Async Capable": false, "Startup Cost": 112043.86, "Total Cost": 112112.8, "Plan Rows": 27575, "Plan Width": 37, "Sort Key": ["t.kind_id"], "Plans": [{"Node Type": "Merge Join", "Parent Relationship": "Outer", "Parallel Aware": false, "Async Capable": false, "Join Type": "Inner", "Startup Cost": 106478.83, "Total Cost": 110010.06, "Plan Rows": 27575, "Plan Width": 37, "Inner Unique": false, "Merge Cond": "(t.id = cc.movie_id)", "Plans": [{"Node Type": "Sort", "Parent Relationship": "Outer", "Parallel Aware": false, "Async Capable": false, "Startup Cost": 92879.98, "Total Cost": 94170.23, "Plan Rows": 516101, "Plan Width": 25, "Sort Key": ["t.id"], "Plans": [{"Node Type": "Seq Scan", "Parent Relationship": "Outer", "Parallel Aware": true, "Async Capable": false, "Relation Name": "title", "Alias": "t", "Startup Cost": 0.0, "Total Cost": 43908.97, "Plan Rows": 516101, "Plan Width": 25, "Filter": "(production_year >= 1972)"}]}, {"Node Type": "Sort", "Parent Relationship": "Inner", "Parallel Aware": false, "Async Capable": false, "Startup Cost": 13598.56, "Total Cost": 13936.28, "Plan Rows": 135086, "Plan Width": 12, "Sort Key": ["cc.movie_id"], "Plans": [{"Node Type": "Seq Scan", "Parent Relationship": "Outer", "Parallel Aware": false, "Async Capable": false, "Relation Name": "complete_cast", "Alias": "cc", "Startup Cost": 0.0, "Total Cost": 2086.86, "Plan Rows": 135086, "Plan Width": 12}]}]}]}, {"Node Type": "Sort", "Parent Relationship": "Inner", "Parallel Aware": false, "Async Capable": false, "Startup Cost": 1.1, "Total Cost": 1.1, "Plan Rows": 1, "Plan Width": 4, "Sort Key": ["kt.id"], "Plans": [{"Node Type": "Seq Scan", "Parent Relationship": "Outer", "Parallel Aware": false, "Async Capable": false, "Relation Name": "kind_type", "Alias": "kt", "Startup Cost": 0.0, "Total Cost": 1.09, "Plan Rows": 1, "Plan Width": 4, "Filter": "((kind)::text = 'movie'::text)"}]}]}]}, {"Node Type": "Sort", "Parent Relationship": "Inner", "Parallel Aware": false, "Async Capable": false, "Startup Cost": 1.06, "Total Cost": 1.06, "Plan Rows": 1, "Plan Width": 4, "Sort Key": ["cct1.id"], "Plans": [{"Node Type": "Seq Scan", "Parent Relationship": "Outer", "Parallel Aware": false, "Async Capable": false, "Relation Name": "comp_cast_type", "Alias": "cct1", "Startup Cost": 0.0, "Total Cost": 1.05, "Plan Rows": 1, "Plan Width": 4, "Filter": "((kind)::text = 'cast'::text)"}]}]}]}, {"Node Type": "Sort", "Parent Relationship": "Inner", "Parallel Aware": false, "Async Capable": false, "Startup Cost": 1.06, "Total Cost": 1.06, "Plan Rows": 1, "Plan Width": 4, "Sort Key": ["cct2.id"], "Plans": [{"Node Type": "Seq Scan", "Parent Relationship": "Outer", "Parallel Aware": false, "Async Capable": false, "Relation Name": "comp_cast_type", "Alias": "cct2", "Startup Cost": 0.0, "Total Cost": 1.05, "Plan Rows": 1, "Plan Width": 4, "Filter": "((kind)::text ~~ '%complete%'::text)"}]}]}]}]}]}, {"Node Type": "Sort", "Parent Relationship": "Inner", "Parallel Aware": false, "Async Capable": false, "Startup Cost": 1261940.87, "Total Cost": 1262646.57, "Plan Rows": 282279, "Plan Width": 8, "Sort Key": ["ci.movie_id"], "Plans": [{"Node Type": "Gather", "Parent Relationship": "Outer", "Parallel Aware": false, "Async Capable": false, "Startup Cost": 1193946.98, "Total Cost": 1236385.07, "Plan Rows": 282279, "Plan Width": 8, "Workers Planned": 6, "Single Copy": false, "Plans": [{"Node Type": "Merge Join", "Parent Relationship": "Outer", "Parallel Aware": false, "Async Capable": false, "Join Type": "Inner", "Startup Cost": 1192946.98, "Total Cost": 1207157.17, "Plan Rows": 47046, "Plan Width": 8, "Inner Unique": true, "Merge Cond": "(ci.person_role_id = chn.id)", "Plans": [{"Node Type": "Sort", "Parent Relationship": "Outer", "Parallel Aware": false, "Async Capable": false, "Startup Cost": 1096487.29, "Total Cost": 1111584.79, "Plan Rows": 6039003, "Plan Width": 12, "Sort Key": ["ci.person_role_id"], "Plans": [{"Node Type": "Seq Scan", "Parent Relationship": "Outer", "Parallel Aware": true, "Async Capable": false, "Relation Name": "cast_info", "Alias": "ci", "Startup Cost": 0.0, "Total Cost": 313110.03, "Plan Rows": 6039003, "Plan Width": 12}]}, {"Node Type": "Sort", "Parent Relationship": "Inner", "Parallel Aware": false, "Async Capable": false, "Startup Cost": 95361.79, "Total Cost": 95488.42, "Plan Rows": 50650, "Plan Width": 4, "Sort Key": ["chn.id"], "Plans": [{"Node Type": "Seq Scan", "Parent Relationship": "Outer", "Parallel Aware": false, "Async Capable": false, "Relation Name": "char_name", "Alias": "chn", "Startup Cost": 0.0, "Total Cost": 91403.93, "Plan Rows": 50650, "Plan Width": 4, "Filter": "(((name)::text !~~ '%Sherlock%'::text) AND (((name)::text ~~ '%Iron%Man%'::text) OR ((name)::text ~~ '%Man%'::text)))"}]}]}]}]}]}]}, {"Node Type": "Sort", "Parent Relationship": "Inner", "Parallel Aware": false, "Async Capable": false, "Startup Cost": 555562.12, "Total Cost": 565980.85, "Plan Rows": 4167491, "Plan Width": 4, "Sort Key": ["n.id"], "Plans": [{"Node Type": "Seq Scan", "Parent Relationship": "Outer", "Parallel Aware": false, "Async Capable": false, "Relation Name": "name", "Alias": "n", "Startup Cost": 0.0, "Total Cost": 97330.91, "Plan Rows": 4167491, "Plan Width": 4}]}]}]}}, {"Plan": {"Node Type": "Aggregate", "Strategy": "Plain", "Partial Mode": "Simple", "Parallel Aware": false, "Async Capable": false, "Startup Cost": 30001405172.18, "Total Cost": 30001405172.19, "Plan Rows": 1, "Plan Width": 32, "Plans": [{"Node Type": "Nested Loop", "Parent Relationship": "Outer", "Parallel Aware": false, "Async Capable": false, "Join Type": "Inner", "Startup Cost": 30000000002.21, "Total Cost": 30001405172.17, "Plan Rows": 1, "Plan Width": 17, "Inner Unique": true, "Plans": [{"Node Type": "Nested Loop", "Parent Relationship": "Outer", "Parallel Aware": false, "Async Capable": false, "Join Type": "Inner", "Startup Cost": 30000000001.77, "Total Cost": 30001405167.72, "Plan Rows": 1, "Plan Width": 21, "Inner Unique": true, "Plans": [{"Node Type": "Nested Loop", "Parent Relationship": "Outer", "Parallel Aware": false, "Async Capable": false, "Join Type": "Inner", "Startup Cost": 30000000001.33, "Total Cost": 30001405154.35, "Plan Rows": 3, "Plan Width": 25, "Inner Unique": false, "Join Filter": "(t.id = ci.movie_id)", "Plans": [{"Node Type": "Nested Loop", "Parent Relationship": "Outer", "Parallel Aware": false, "Async Capable": false, "Join Type": "Inner", "Startup Cost": 20000000001.33, "Total Cost": 20000337168.9, "Plan Rows": 1, "Plan Width": 29, "Inner Unique": false, "Join Filter": "(t.id = cc.movie_id)", "Plans": [{"Node Type": "Nested Loop", "Parent Relationship": "Outer", "Parallel Aware": false, "Async Capable": false, "Join Type": "Inner", "Startup Cost": 10000000000.3, "Total Cost": 10000006333.22, "Plan Rows": 8443, "Plan Width": 4, "Inner Unique": true, "Plans": [{"Node Type": "Nested Loop", "Parent Relationship": "Outer", "Parallel Aware": false, "Async Capable": false, "Join Type": "Inner", "Startup Cost": 10000000000.15, "Total Cost": 10000005476.46, "Plan Rows": 33772, "Plan Width": 8, "Inner Unique": true, "Plans": [{"Node Type": "Seq Scan", "Parent Relationship": "Outer", "Parallel Aware": false, "Async Capable": false, "Relation Name": "complete_cast", "Alias": "cc", "Startup Cost": 10000000000.0, "Total Cost": 10000002086.86, "Plan Rows": 135086, "Plan Width": 12}, {"Node Type": "Memoize", "Parent Relationship": "Inner", "Parallel Aware": false, "Async Capable": false, "Startup Cost": 0.15, "Total Cost": 4.16, "Plan Rows": 1, "Plan Width": 4, "Cache Key": "cc.subject_id", "Cache Mode": "logical", "Plans": [{"Node Type": "Bitmap Heap Scan", "Parent Relationship": "Outer", "Parallel Aware": false, "Async Capable": false, "Relation Name": "comp_cast_type", "Alias": "cct1", "Startup Cost": 0.14, "Total Cost": 4.15, "Plan Rows": 1, "Plan Width": 4, "Recheck Cond": "(id = cc.subject_id)", "Filter": "((kind)::text = 'cast'::text)", "Plans": [{"Node Type": "Bitmap Index Scan", "Parent Relationship": "Outer", "Parallel Aware": false, "Async Capable": false, "Index Name": "comp_cast_type_pkey", "Startup Cost": 0.0, "Total Cost": 0.14, "Plan Rows": 1, "Plan Width": 0, "Index Cond": "(id = cc.subject_id)"}]}]}]}, {"Node Type": "Memoize", "Parent Relationship": "Inner", "Parallel Aware": false, "Async Capable": false, "Startup Cost": 0.15, "Total Cost": 4.16, "Plan Rows": 1, "Plan Width": 4, "Cache Key": "cc.status_id", "Cache Mode": "logical", "Plans": [{"Node Type": "Bitmap Heap Scan", "Parent Relationship": "Outer", "Parallel Aware": false, "Async Capable": false, "Relation Name": "comp_cast_type", "Alias": "cct2", "Startup Cost": 0.14, "Total Cost": 4.15, "Plan Rows": 1, "Plan Width": 4, "Recheck Cond": "(id = cc.status_id)", "Filter": "((kind)::text ~~ '%complete%'::text)", "Plans": [{"Node Type": "Bitmap Index Scan", "Parent Relationship": "Outer", "Parallel Aware": false, "Async Capable": false, "Index Name": "comp_cast_type_pkey", "Startup Cost": 0.0, "Total Cost": 0.14, "Plan Rows": 1, "Plan Width": 0, "Index Cond": "(id = cc.status_id)"}]}]}]}, {"Node Type": "Materialize", "Parent Relationship": "Inner", "Parallel Aware": false, "Async Capable": false, "Startup Cost": 10000000001.03, "Total Cost": 10000329315.97, "Plan Rows": 12, "Plan Width": 25, "Plans": [{"Node Type": "Nested Loop", "Parent Relationship": "Outer", "Parallel Aware": false, "Async Capable": false, "Join Type": "Inner", "Startup Cost": 10000000001.03, "Total Cost": 10000329315.91, "Plan Rows": 12, "Plan Width": 25, "Inner Unique": true, "Plans": [{"Node Type": "Nested Loop", "Parent Relationship": "Outer", "Parallel Aware": false, "Async Capable": false, "Join Type": "Inner", "Startup Cost": 10000000000.88, "Total Cost": 10000329285.08, "Plan Rows": 82, "Plan Width": 29, "Inner Unique": true, "Plans": [{"Node Type": "Nested Loop", "Parent Relationship": "Outer", "Parallel Aware": false, "Async Capable": false, "Join Type": "Inner", "Startup Cost": 10000000000.44, "Total Cost": 10000328834.55, "Plan Rows": 101, "Plan Width": 4, "Inner Unique": true, "Plans": [{"Node Type": "Seq Scan", "Parent Relationship": "Outer", "Parallel Aware": false, "Async Capable": false, "Relation Name": "movie_keyword", "Alias": "mk", "Startup Cost": 10000000000.0, "Total Cost": 10000069719.3, "Plan Rows": 4523930, "Plan Width": 8}, {"Node Type": "Memoize", "Parent Relationship": "Inner", "Parallel Aware": false, "Async Capable": false, "Startup Cost": 0.44, "Total Cost": 4.45, "Plan Rows": 1, "Plan Width": 4, "Cache Key": "mk.keyword_id", "Cache Mode": "logical", "Plans": [{"Node Type": "Bitmap Heap Scan", "Parent Relationship": "Outer", "Parallel Aware": false, "Async Capable": false, "Relation Name": "keyword", "Alias": "k", "Startup Cost": 0.43, "Total Cost": 4.44, "Plan Rows": 1, "Plan Width": 4, "Recheck Cond": "(id = mk.keyword_id)", "Filter": "((keyword)::text = ANY ('{\"10,000-mile-club\",alienation,based-on-comic}'::text[]))", "Plans": [{"Node Type": "Bitmap Index Scan", "Parent Relationship": "Outer", "Parallel Aware": false, "Async Capable": false, "Index Name": "keyword_pkey", "Startup Cost": 0.0, "Total Cost": 0.43, "Plan Rows": 1, "Plan Width": 0, "Index Cond": "(id = mk.keyword_id)"}]}]}]}, {"Node Type": "Bitmap Heap Scan", "Parent Relationship": "Inner", "Parallel Aware": false, "Async Capable": false, "Relation Name": "title", "Alias": "t", "Startup Cost": 0.45, "Total Cost": 4.46, "Plan Rows": 1, "Plan Width": 25, "Recheck Cond": "(id = mk.movie_id)", "Filter": "(production_year >= 1972)", "Plans": [{"Node Type": "Bitmap Index Scan", "Parent Relationship": "Outer", "Parallel Aware": false, "Async Capable": false, "Index Name": "title_pkey", "Startup Cost": 0.0, "Total Cost": 0.45, "Plan Rows": 1, "Plan Width": 0, "Index Cond": "(id = mk.movie_id)"}]}]}, {"Node Type": "Memoize", "Parent Relationship": "Inner", "Parallel Aware": false, "Async Capable": false, "Startup Cost": 0.15, "Total Cost": 4.17, "Plan Rows": 1, "Plan Width": 4, "Cache Key": "t.kind_id", "Cache Mode": "logical", "Plans": [{"Node Type": "Bitmap Heap Scan", "Parent Relationship": "Outer", "Parallel Aware": false, "Async Capable": false, "Relation Name": "kind_type", "Alias": "kt", "Startup Cost": 0.14, "Total Cost": 4.16, "Plan Rows": 1, "Plan Width": 4, "Recheck Cond": "(id = t.kind_id)", "Filter": "((kind)::text = 'movie'::text)", "Plans": [{"Node Type": "Bitmap Index Scan", "Parent Relationship": "Outer", "Parallel Aware": false, "Async Capable": false, "Index Name": "kind_type_pkey", "Startup Cost": 0.0, "Total Cost": 0.14, "Plan Rows": 1, "Plan Width": 0, "Index Cond": "(id = t.kind_id)"}]}]}]}]}]}, {"Node Type": "Seq Scan", "Parent Relationship": "Inner", "Parallel Aware": false, "Async Capable": false, "Relation Name": "cast_info", "Alias": "ci", "Startup Cost": 10000000000.0, "Total Cost": 10000615060.2, "Plan Rows": 36234020, "Plan Width": 12}]}, {"Node Type": "Bitmap Heap Scan", "Parent Relationship": "Inner", "Parallel Aware": false, "Async Capable": false, "Relation Name": "char_name", "Alias": "chn", "Startup Cost": 0.44, "Total Cost": 4.46, "Plan Rows": 1, "Plan Width": 4, "Recheck Cond": "(id = ci.person_role_id)", "Filter": "(((name)::text !~~ '%Sherlock%'::text) AND (((name)::text ~~ '%Iron%Man%'::text) OR ((name)::text ~~ '%Man%'::text)))", "Plans": [{"Node Type": "Bitmap Index Scan", "Parent Relationship": "Outer", "Parallel Aware": false, "Async Capable": false, "Index Name": "char_name_pkey", "Startup Cost": 0.0, "Total Cost": 0.44, "Plan Rows": 1, "Plan Width": 0, "Index Cond": "(id = ci.person_role_id)"}]}]}, {"Node Type": "Bitmap Heap Scan", "Parent Relationship": "Inner", "Parallel Aware": false, "Async Capable": false, "Relation Name": "name", "Alias": "n", "Startup Cost": 0.44, "Total Cost": 4.45, "Plan Rows": 1, "Plan Width": 4, "Recheck Cond": "(id = ci.person_id)", "Plans": [{"Node Type": "Bitmap Index Scan", "Parent Relationship": "Outer", "Parallel Aware": false, "Async Capable": false, "Index Name": "name_pkey", "Startup Cost": 0.0, "Total Cost": 0.44, "Plan Rows": 1, "Plan Width": 0, "Index Cond": "(id = ci.person_id)"}]}]}]}}, {"Plan": {"Node Type": "Aggregate", "Strategy": "Plain", "Partial Mode": "Simple", "Parallel Aware": false, "Async Capable": false, "Startup Cost": 1078011.57, "Total Cost": 1078011.58, "Plan Rows": 1, "Plan Width": 32, "Plans": [{"Node Type": "Nested Loop", "Parent Relationship": "Outer", "Parallel Aware": false, "Async Capable": false, "Join Type": "Inner", "Startup Cost": 2001.77, "Total Cost": 1078011.57, "Plan Rows": 1, "Plan Width": 17, "Inner Unique": true, "Plans": [{"Node Type": "Nested Loop", "Parent Relationship": "Outer", "Parallel Aware": false, "Async Capable": false, "Join Type": "Inner", "Startup Cost": 2001.33, "Total Cost": 1078007.12, "Plan Rows": 1, "Plan Width": 21, "Inner Unique": false, "Join Filter": "(t.id = ci.movie_id)", "Plans": [{"Node Type": "Nested Loop", "Parent Relationship": "Outer", "Parallel Aware": false, "Async Capable": false, "Join Type": "Inner", "Startup Cost": 1000.88, "Total Cost": 228450.7, "Plan Rows": 1, "Plan Width": 29, "Inner Unique": false, "Join Filter": "(t.id = cc.movie_id)", "Plans": [{"Node Type": "Nested Loop", "Parent Relationship": "Outer", "Parallel Aware": false, "Async Capable": false, "Join Type": "Inner", "Startup Cost": 0.0, "Total Cost": 4199.69, "Plan Rows": 8443, "Plan Width": 4, "Inner Unique": false, "Join Filter": "(cct2.id = cc.status_id)", "Plans": [{"Node Type": "Seq Scan", "Parent Relationship": "Outer", "Parallel Aware": false, "Async Capable": false, "Relation Name": "comp_cast_type", "Alias": "cct2", "Startup Cost": 0.0, "Total Cost": 1.05, "Plan Rows": 1, "Plan Width": 4, "Filter": "((kind)::text ~~ '%complete%'::text)"}, {"Node Type": "Nested Loop", "Parent Relationship": "Inner", "Parallel Aware": false, "Async Capable": false, "Join Type": "Inner", "Startup Cost": 0.0, "Total Cost": 3776.49, "Plan Rows": 33772, "Plan Width": 8, "Inner Unique": false, "Join Filter": "(cct1.id = cc.subject_id)", "Plans": [{"Node Type": "Seq Scan", "Parent Relationship": "Outer", "Parallel Aware": false, "Async Capable": false, "Relation Name": "comp_cast_type", "Alias": "cct1", "Startup Cost": 0.0, "Total Cost": 1.05, "Plan Rows": 1, "Plan Width": 4, "Filter": "((kind)::text = 'cast'::text)"}, {"Node Type": "Seq Scan", "Parent Relationship": "Inner", "Parallel Aware": false, "Async Capable": false, "Relation Name": "complete_cast", "Alias": "cc", "Startup Cost": 0.0, "Total Cost": 2086.86, "Plan Rows": 135086, "Plan Width": 12}]}]}, {"Node Type": "Materialize", "Parent Relationship": "Inner", "Parallel Aware": false, "Async Capable": false, "Startup Cost": 1000.88, "Total Cost": 222731.3, "Plan Rows": 12, "Plan Width": 25, "Plans": [{"Node Type": "Nested Loop", "Parent Relationship": "Outer", "Parallel Aware": false, "Async Capable": false, "Join Type": "Inner", "Startup Cost": 1000.88, "Total Cost": 222731.24, "Plan Rows": 12, "Plan Width": 25, "Inner Unique": false, "Join Filter": "(kt.id = t.kind_id)", "Plans": [{"Node Type": "Seq Scan", "Parent Relationship": "Outer", "Parallel Aware": false, "Async Capable": false, "Relation Name": "kind_type", "Alias": "kt", "Startup Cost": 0.0, "Total Cost": 1.09, "Plan Rows": 1, "Plan Width": 4, "Filter": "((kind)::text = 'movie'::text)"}, {"Node Type": "Gather", "Parent Relationship": "Inner", "Parallel Aware": false, "Async Capable": false, "Startup Cost": 1000.88, "Total Cost": 222729.13, "Plan Rows": 82, "Plan Width": 29, "Workers Planned": 3, "Single Copy": false, "Plans": [{"Node Type": "Nested Loop", "Parent Relationship": "Outer", "Parallel Aware": false, "Async Capable": false, "Join Type": "Inner", "Startup Cost": 0.88, "Total Cost": 221720.93, "Plan Rows": 26, "Plan Width": 29, "Inner Unique": true, "Plans": [{"Node Type": "Nested Loop", "Parent Relationship": "Outer", "Parallel Aware": false, "Async Capable": false, "Join Type": "Inner", "Startup Cost": 0.44, "Total Cost": 221573.73, "Plan Rows": 33, "Plan Width": 4, "Inner Unique": true, "Plans": [{"Node Type": "Seq Scan", "Parent Relationship": "Outer", "Parallel Aware": true, "Async Capable": false, "Relation Name": "movie_keyword", "Alias": "mk", "Startup Cost": 0.0, "Total Cost": 39073.32, "Plan Rows": 1459332, "Plan Width": 8}, {"Node Type": "Memoize", "Parent Relationship": "Inner", "Parallel Aware": false, "Async Capable": false, "Startup Cost": 0.44, "Total Cost": 4.45, "Plan Rows": 1, "Plan Width": 4, "Cache Key": "mk.keyword_id", "Cache Mode": "logical", "Plans": [{"Node Type": "Bitmap Heap Scan", "Parent Relationship": "Outer", "Parallel Aware": false, "Async Capable": false, "Relation Name": "keyword", "Alias": "k", "Startup Cost": 0.43, "Total Cost": 4.44, "Plan Rows": 1, "Plan Width": 4, "Recheck Cond": "(id = mk.keyword_id)", "Filter": "((keyword)::text = ANY ('{\"10,000-mile-club\",alienation,based-on-comic}'::text[]))", "Plans": [{"Node Type": "Bitmap Index Scan", "Parent Relationship": "Outer", "Parallel Aware": false, "Async Capable": false, "Index Name": "keyword_pkey", "Startup Cost": 0.0, "Total Cost": 0.43, "Plan Rows": 1, "Plan Width": 0, "Index Cond": "(id = mk.keyword_id)"}]}]}]}, {"Node Type": "Bitmap Heap Scan", "Parent Relationship": "Inner", "Parallel Aware": false, "Async Capable": false, "Relation Name": "title", "Alias": "t", "Startup Cost": 0.45, "Total Cost": 4.46, "Plan Rows": 1, "Plan Width": 25, "Recheck Cond": "(id = mk.movie_id)", "Filter": "(production_year >= 1972)", "Plans": [{"Node Type": "Bitmap Index Scan", "Parent Relationship": "Outer", "Parallel Aware": false, "Async Capable": false, "Index Name": "title_pkey", "Startup Cost": 0.0, "Total Cost": 0.45, "Plan Rows": 1, "Plan Width": 0, "Index Cond": "(id = mk.movie_id)"}]}]}]}]}]}]}, {"Node Type": "Gather", "Parent Relationship": "Inner", "Parallel Aware": false, "Async Capable": false, "Startup Cost": 1000.45, "Total Cost": 846027.93, "Plan Rows": 282279, "Plan Width": 8, "Workers Planned": 6, "Single Copy": false, "Plans": [{"Node Type": "Nested Loop", "Parent Relationship": "Outer", "Parallel Aware": false, "Async Capable": false, "Join Type": "Inner", "Startup Cost": 0.45, "Total Cost": 816800.03, "Plan Rows": 47046, "Plan Width": 8, "Inner Unique": true, "Plans": [{"Node Type": "Seq Scan", "Parent Relationship": "Outer", "Parallel Aware": true, "Async Capable": false, "Relation Name": "cast_info", "Alias": "ci", "Startup Cost": 0.0, "Total Cost": 313110.03, "Plan Rows": 6039003, "Plan Width": 12}, {"Node Type": "Memoize", "Parent Relationship": "Inner", "Parallel Aware": false, "Async Capable": false, "Startup Cost": 0.45, "Total Cost": 4.47, "Plan Rows": 1, "Plan Width": 4, "Cache Key": "ci.person_role_id", "Cache Mode": "logical", "Plans": [{"Node Type": "Bitmap Heap Scan", "Parent Relationship": "Outer", "Parallel Aware": false, "Async Capable": false, "Relation Name": "char_name", "Alias": "chn", "Startup Cost": 0.44, "Total Cost": 4.46, "Plan Rows": 1, "Plan Width": 4, "Recheck Cond": "(id = ci.person_role_id)", "Filter": "(((name)::text !~~ '%Sherlock%'::text) AND (((name)::text ~~ '%Iron%Man%'::text) OR ((name)::text ~~ '%Man%'::text)))", "Plans": [{"Node Type": "Bitmap Index Scan", "Parent Relationship": "Outer", "Parallel Aware": false, "Async Capable": false, "Index Name": "char_name_pkey", "Startup Cost": 0.0, "Total Cost": 0.44, "Plan Rows": 1, "Plan Width": 0, "Index Cond": "(id = ci.person_role_id)"}]}]}]}]}]}, {"Node Type": "Bitmap Heap Scan", "Parent Relationship": "Inner", "Parallel Aware": false, "Async Capable": false, "Relation Name": "name", "Alias": "n", "Startup Cost": 0.44, "Total Cost": 4.45, "Plan Rows": 1, "Plan Width": 4, "Recheck Cond": "(id = ci.person_id)", "Plans": [{"Node Type": "Bitmap Index Scan", "Parent Relationship": "Outer", "Parallel Aware": false, "Async Capable": false, "Index Name": "name_pkey", "Startup Cost": 0.0, "Total Cost": 0.44, "Plan Rows": 1, "Plan Width": 0, "Index Cond": "(id = ci.person_id)"}]}]}]}}, {"Plan": {"Node Type": "Aggregate", "Strategy": "Plain", "Partial Mode": "Simple", "Parallel Aware": false, "Async Capable": false, "Startup Cost": 30007014898.55, "Total Cost": 30007014898.56, "Plan Rows": 1, "Plan Width": 32, "Plans": [{"Node Type": "Merge Join", "Parent Relationship": "Outer", "Parallel Aware": false, "Async Capable": false, "Join Type": "Inner", "Startup Cost": 30006831120.84, "Total Cost": 30007014898.55, "Plan Rows": 1, "Plan Width": 17, "Inner Unique": true, "Merge Cond": "(ci.person_id = n.id)", "Plans": [{"Node Type": "Sort", "Parent Relationship": "Outer", "Parallel Aware": false, "Async Capable": false, "Startup Cost": 30006831120.41, "Total Cost": 30006831120.42, "Plan Rows": 1, "Plan Width": 21, "Sort Key": ["ci.person_id"], "Plans": [{"Node Type": "Merge Join", "Parent Relationship": "Outer", "Parallel Aware": false, "Async Capable": false, "Join Type": "Inner", "Startup Cost": 30006831108.26, "Total Cost": 30006831120.4, "Plan Rows": 1, "Plan Width": 21, "Inner Unique": true, "Merge Cond": "(t.kind_id = kt.id)", "Plans": [{"Node Type": "Sort", "Parent Relationship": "Outer", "Parallel Aware": false, "Async Capable": false, "Startup Cost": 30006831108.13, "Total Cost": 30006831108.13, "Plan Rows": 1, "Plan Width": 25, "Sort Key": ["t.kind_id"], "Plans": [{"Node Type": "Merge Join", "Parent Relationship": "Outer", "Parallel Aware": false, "Async Capable": false, "Join Type": "Inner", "Startup Cost": 30006831096.03, "Total Cost": 30006831108.12, "Plan Rows": 1, "Plan Width": 25, "Inner Unique": true, "Merge Cond": "(cc.status_id = cct2.id)", "Plans": [{"Node Type": "Sort", "Parent Relationship": "Outer", "Parallel Aware": false, "Async Capable": false, "Startup Cost": 30006831095.9, "Total Cost": 30006831095.9, "Plan Rows": 1, "Plan Width": 29, "Sort Key": ["cc.status_id"], "Plans": [{"Node Type": "Merge Join", "Parent Relationship": "Outer", "Parallel Aware": false, "Async Capable": false, "Join Type": "Inner", "Startup Cost": 30006831083.79, "Total Cost": 30006831095.89, "Plan Rows": 1, "Plan Width": 29, "Inner Unique": true, "Merge Cond": "(cc.subject_id = cct1.id)", "Plans": [{"Node Type": "Sort", "Parent Relationship": "Outer", "Parallel Aware": false, "Async Capable": false, "Startup Cost": 30006831083.66, "Total Cost": 30006831083.67, "Plan Rows": 3, "Plan Width": 33, "Sort Key": ["cc.subject_id"], "Plans": [{"Node Type": "Merge Join", "Parent Relationship": "Outer", "Parallel Aware": false, "Async Capable": false, "Join Type": "Inner", "Startup Cost": 30006707278.54, "Total Cost": 30006831083.64, "Plan Rows": 3, "Plan Width": 33, "Inner Unique": true, "Merge Cond": "(mk.movie_id = t.id)", "Plans": [{"Node Type": "Merge Join", "Parent Relationship": "Outer", "Parallel Aware": false, "Async Capable": false, "Join Type": "Inner", "Startup Cost": 30006707275.75, "Total Cost": 30006709350.96, "Plan Rows": 4, "Plan Width": 24, "Inner Unique": false, "Merge Cond": "(mk.movie_id = cc.movie_id)", "Plans": [{"Node Type": "Merge Join", "Parent Relationship": "Outer", "Parallel Aware": false, "Async Capable": false, "Join Type": "Inner", "Startup Cost": 20006693677.18, "Total Cost": 20006695089.29, "Plan Rows": 28, "Plan Width": 12, "Inner Unique": false, "Merge Cond": "(ci.movie_id = mk.movie_id)", "Plans": [{"Node Type": "Sort", "Parent Relationship": "Outer", "Parallel Aware": false, "Async Capable": false, "Startup Cost": 10006095661.09, "Total Cost": 10006096366.79, "Plan Rows": 282279, "Plan Width": 8, "Sort Key": ["ci.movie_id"], "Plans": [{"Node Type": "Merge Join", "Parent Relationship": "Outer", "Parallel Aware": false, "Async Capable": false, "Join Type": "Inner", "Startup Cost": 10005790215.69, "Total Cost": 10006070105.3, "Plan Rows": 282279, "Plan Width": 8, "Inner Unique": false, "Merge Cond": "(chn.id = ci.person_role_id)", "Plans": [{"Node Type": "Index Scan", "Parent Relationship": "Outer", "Parallel Aware": false, "Async Capable": false, "Scan Direction": "Forward", "Index Name": "char_name_pkey", "Relation Name": "char_name", "Alias": "chn", "Startup Cost": 0.43, "Total Cost": 152268.55, "Plan Rows": 50650, "Plan Width": 4, "Filter": "(((name)::text !~~ '%Sherlock%'::text) AND (((name)::text ~~ '%Iron%Man%'::text) OR ((name)::text ~~ '%Man%'::text)))"}, {"Node Type": "Materialize", "Parent Relationship": "Inner", "Parallel Aware": false, "Async Capable": false, "Startup Cost": 10005783627.87, "Total Cost": 10005964797.97, "Plan Rows": 36234020, "Plan Width": 12, "Plans": [{"Node Type": "Sort", "Parent Relationship": "Outer", "Parallel Aware": false, "Async Capable": false, "Startup Cost": 10005783627.87, "Total Cost": 10005874212.92, "Plan Rows": 36234020, "Plan Width": 12, "Sort Key": ["ci.person_role_id"], "Plans": [{"Node Type": "Seq Scan", "Parent Relationship": "Outer", "Parallel Aware": false, "Async Capable": false, "Relation Name": "cast_info", "Alias": "ci", "Startup Cost": 10000000000.0, "Total Cost": 10000615060.2, "Plan Rows": 36234020, "Plan Width": 12}]}]}]}]}, {"Node Type": "Sort", "Parent Relationship": "Inner", "Parallel Aware": false, "Async Capable": false, "Startup Cost": 10000598016.06, "Total Cost": 10000598016.31, "Plan Rows": 101, "Plan Width": 4, "Sort Key": ["mk.movie_id"], "Plans": [{"Node Type": "Merge Join", "Parent Relationship": "Outer", "Parallel Aware": false, "Async Capable": false, "Join Type": "Inner", "Startup Cost": 10000569821.13, "Total Cost": 10000598012.7, "Plan Rows": 101, "Plan Width": 4, "Inner Unique": false, "Merge Cond": "(k.id = mk.keyword_id)", "Plans": [{"Node Type": "Index Scan", "Parent Relationship": "Outer", "Parallel Aware": false, "Async Capable": false, "Scan Direction": "Forward", "Index Name": "keyword_pkey", "Relation Name": "keyword", "Alias": "k", "Startup Cost": 0.42, "Total Cost": 5571.6, "Plan Rows": 3, "Plan Width": 4, "Filter": "((keyword)::text = ANY ('{\"10,000-mile-club\",alienation,based-on-comic}'::text[]))"}, {"Node Type": "Sort", "Parent Relationship": "Inner", "Parallel Aware": false, "Async Capable": false, "Startup Cost": 10000569820.43, "Total Cost": 10000581130.25, "Plan Rows": 4523930, "Plan Width": 8, "Sort Key": ["mk.keyword_id"], "Plans": [{"Node Type": "Seq Scan", "Parent Relationship": "Outer", "Parallel Aware": false, "Async Capable": false, "Relation Name": "movie_keyword", "Alias": "mk", "Startup Cost": 10000000000.0, "Total Cost": 10000069719.3, "Plan Rows": 4523930, "Plan Width": 8}]}]}]}]}, {"Node Type": "Sort", "Parent Relationship": "Inner", "Parallel Aware": false, "Async Capable": false, "Startup Cost": 10000013598.56, "Total Cost": 10000013936.28, "Plan Rows": 135086, "Plan Width": 12, "Sort Key": ["cc.movie_id"], "Plans": [{"Node Type": "Seq Scan", "Parent Relationship": "Outer", "Parallel Aware": false, "Async Capable": false, "Relation Name": "complete_cast", "Alias": "cc", "Startup Cost": 10000000000.0, "Total Cost": 10000002086.86, "Plan Rows": 135086, "Plan Width": 12}]}]}, {"Node Type": "Index Scan", "Parent Relationship": "Inner", "Parallel Aware": false, "Async Capable": false, "Scan Direction": "Forward", "Index Name": "title_pkey", "Relation Name": "title", "Alias": "t", "Startup Cost": 0.43, "Total Cost": 116689.45, "Plan Rows": 2064403, "Plan Width": 25, "Filter": "(production_year >= 1972)"}]}]}, {"Node Type": "Index Scan", "Parent Relationship": "Inner", "Parallel Aware": false, "Async Capable": false, "Scan Direction": "Forward", "Index Name": "comp_cast_type_pkey", "Relation Name": "comp_cast_type", "Alias": "cct1", "Startup Cost": 0.13, "Total Cost": 12.2, "Plan Rows": 1, "Plan Width": 4, "Filter": "((kind)::text = 'cast'::text)"}]}]}, {"Node Type": "Index Scan", "Parent Relationship": "Inner", "Parallel Aware": false, "Async Capable": false, "Scan Direction": "Forward", "Index Name": "comp_cast_type_pkey", "Relation Name": "comp_cast_type", "Alias": "cct2", "Startup Cost": 0.13, "Total Cost": 12.2, "Plan Rows": 1, "Plan Width": 4, "Filter": "((kind)::text ~~ '%complete%'::text)"}]}]}, {"Node Type": "Index Scan", "Parent Relationship": "Inner", "Parallel Aware": false, "Async Capable": false, "Scan Direction": "Forward", "Index Name": "kind_type_pkey", "Relation Name": "kind_type", "Alias": "kt", "Startup Cost": 0.13, "Total Cost": 12.26, "Plan Rows": 1, "Plan Width": 4, "Filter": "((kind)::text = 'movie'::text)"}]}]}, {"Node Type": "Index Scan", "Parent Relationship": "Inner", "Parallel Aware": false, "Async Capable": false, "Scan Direction": "Forward", "Index Name": "name_pkey", "Relation Name": "name", "Alias": "n", "Startup Cost": 0.43, "Total Cost": 178215.91, "Plan Rows": 4167491, "Plan Width": 4}]}]}}, {"Plan": {"Node Type": "Aggregate", "Strategy": "Plain", "Partial Mode": "Simple", "Parallel Aware": false, "Async Capable": false, "Startup Cost": 30001270166.98, "Total Cost": 30001270166.99, "Plan Rows": 1, "Plan Width": 32, "Plans": [{"Node Type": "Nested Loop", "Parent Relationship": "Outer", "Parallel Aware": false, "Async Capable": false, "Join Type": "Inner", "Startup Cost": 30000202135.41, "Total Cost": 30001270166.97, "Plan Rows": 1, "Plan Width": 17, "Inner Unique": true, "Plans": [{"Node Type": "Nested Loop", "Parent Relationship": "Outer", "Parallel Aware": false, "Async Capable": false, "Join Type": "Inner", "Startup Cost": 30000202134.98, "Total Cost": 30001270166.52, "Plan Rows": 1, "Plan Width": 21, "Inner Unique": true, "Plans": [{"Node Type": "Nested Loop", "Parent Relationship": "Outer", "Parallel Aware": false, "Async Capable": false, "Join Type": "Inner", "Startup Cost": 30000202134.55, "Total Cost": 30001270165.14, "Plan Rows": 3, "Plan Width": 25, "Inner Unique": false, "Join Filter": "(t.id = ci.movie_id)", "Plans": [{"Node Type": "Nested Loop", "Parent Relationship": "Outer", "Parallel Aware": false, "Async Capable": false, "Join Type": "Inner", "Startup Cost": 20000202134.55, "Total Cost": 20000202179.69, "Plan Rows": 1, "Plan Width": 29, "Inner Unique": true, "Plans": [{"Node Type": "Nested Loop", "Parent Relationship": "Outer", "Parallel Aware": false, "Async Capable": false, "Join Type": "Inner", "Startup Cost": 20000202134.42, "Total Cost": 20000202178.91, "Plan Rows": 5, "Plan Width": 33, "Inner Unique": true, "Plans": [{"Node Type": "Merge Join", "Parent Relationship": "Outer", "Parallel Aware": false, "Async Capable": false, "Join Type": "Inner", "Startup Cost": 20000202133.99, "Total Cost": 20000202175.98, "Plan Rows": 6, "Plan Width": 8, "Inner Unique": false, "Merge Cond": "(mk.movie_id = cc.movie_id)", "Plans": [{"Node Type": "Sort", "Parent Relationship": "Outer", "Parallel Aware": false, "Async Capable": false, "Startup Cost": 10000197361.37, "Total Cost": 10000197361.62, "Plan Rows": 101, "Plan Width": 4, "Sort Key": ["mk.movie_id"], "Plans": [{"Node Type": "Nested Loop", "Parent Relationship": "Outer", "Parallel Aware": false, "Async Capable": false, "Join Type": "Inner", "Startup Cost": 10000000000.43, "Total Cost": 10000197358.0, "Plan Rows": 101, "Plan Width": 4, "Inner Unique": true, "Plans": [{"Node Type": "Seq Scan", "Parent Relationship": "Outer", "Parallel Aware": false, "Async Capable": false, "Relation Name": "movie_keyword", "Alias": "mk", "Startup Cost": 10000000000.0, "Total Cost": 10000069719.3, "Plan Rows": 4523930, "Plan Width": 8}, {"Node Type": "Memoize", "Parent Relationship": "Inner", "Parallel Aware": false, "Async Capable": false, "Startup Cost": 0.43, "Total Cost": 0.45, "Plan Rows": 1, "Plan Width": 4, "Cache Key": "mk.keyword_id", "Cache Mode": "logical", "Plans": [{"Node Type": "Index Scan", "Parent Relationship": "Outer", "Parallel Aware": false, "Async Capable": false, "Scan Direction": "Forward", "Index Name": "keyword_pkey", "Relation Name": "keyword", "Alias": "k", "Startup Cost": 0.42, "Total Cost": 0.44, "Plan Rows": 1, "Plan Width": 4, "Index Cond": "(id = mk.keyword_id)", "Filter": "((keyword)::text = ANY ('{\"10,000-mile-club\",alienation,based-on-comic}'::text[]))"}]}]}]}, {"Node Type": "Sort", "Parent Relationship": "Inner", "Parallel Aware": false, "Async Capable": false, "Startup Cost": 10000004772.62, "Total Cost": 10000004793.73, "Plan Rows": 8443, "Plan Width": 4, "Sort Key": ["cc.movie_id"], "Plans": [{"Node Type": "Nested Loop", "Parent Relationship": "Outer", "Parallel Aware": false, "Async Capable": false, "Join Type": "Inner", "Startup Cost": 10000000000.26, "Total Cost": 10000004221.98, "Plan Rows": 8443, "Plan Width": 4, "Inner Unique": false, "Join Filter": "(cct2.id = cc.status_id)", "Plans": [{"Node Type": "Index Scan", "Parent Relationship": "Outer", "Parallel Aware": false, "Async Capable": false, "Scan Direction": "Forward", "Index Name": "comp_cast_type_pkey", "Relation Name": "comp_cast_type", "Alias": "cct2", "Startup Cost": 0.13, "Total Cost": 12.2, "Plan Rows": 1, "Plan Width": 4, "Filter": "((kind)::text ~~ '%complete%'::text)"}, {"Node Type": "Nested Loop", "Parent Relationship": "Inner", "Parallel Aware": false, "Async Capable": false, "Join Type": "Inner", "Startup Cost": 10000000000.13, "Total Cost": 10000003787.64, "Plan Rows": 33772, "Plan Width": 8, "Inner Unique": false, "Join Filter": "(cct1.id = cc.subject_id)", "Plans": [{"Node Type": "Index Scan", "Parent Relationship": "Outer", "Parallel Aware": false, "Async Capable": false, "Scan Direction": "Forward", "Index Name": "comp_cast_type_pkey", "Relation Name": "comp_cast_type", "Alias": "cct1", "Startup Cost": 0.13, "Total Cost": 12.2, "Plan Rows": 1, "Plan Width": 4, "Filter": "((kind)::text = 'cast'::text)"}, {"Node Type": "Seq Scan", "Parent Relationship": "Inner", "Parallel Aware": false, "Async Capable": false, "Relation Name": "complete_cast", "Alias": "cc", "Startup Cost": 10000000000.0, "Total Cost": 10000002086.86, "Plan Rows": 135086, "Plan Width": 12}]}]}]}]}, {"Node Type": "Index Scan", "Parent Relationship": "Inner", "Parallel Aware": false, "Async Capable": false, "Scan Direction": "Forward", "Index Name": "title_pkey", "Relation Name": "title", "Alias": "t", "Startup Cost": 0.43, "Total Cost": 0.49, "Plan Rows": 1, "Plan Width": 25, "Index Cond": "(id = mk.movie_id)", "Filter": "(production_year >= 1972)"}]}, {"Node Type": "Index Scan", "Parent Relationship": "Inner", "Parallel Aware": false, "Async Capable": false, "Scan Direction": "Forward", "Index Name": "kind_type_pkey", "Relation Name": "kind_type", "Alias": "kt", "Startup Cost": 0.13, "Total Cost": 0.15, "Plan Rows": 1, "Plan Width": 4, "Index Cond": "(id = t.kind_id)", "Filter": "((kind)::text = 'movie'::text)"}]}, {"Node Type": "Seq Scan", "Parent Relationship": "Inner", "Parallel Aware": false, "Async Capable": false, "Relation Name": "cast_info", "Alias": "ci", "Startup Cost": 10000000000.0, "Total Cost": 10000615060.2, "Plan Rows": 36234020, "Plan Width": 12}]}, {"Node Type": "Index Scan", "Parent Relationship": "Inner", "Parallel Aware": false, "Async Capable": false, "Scan Direction": "Forward", "Index Name": "char_name_pkey", "Relation Name": "char_name", "Alias": "chn", "Startup Cost": 0.43, "Total Cost": 0.46, "Plan Rows": 1, "Plan Width": 4, "Index Cond": "(id = ci.person_role_id)", "Filter": "(((name)::text !~~ '%Sherlock%'::text) AND (((name)::text ~~ '%Iron%Man%'::text) OR ((name)::text ~~ '%Man%'::text)))"}]}, {"Node Type": "Index Scan", "Parent Relationship": "Inner", "Parallel Aware": false, "Async Capable": false, "Scan Direction": "Forward", "Index Name": "name_pkey", "Relation Name": "name", "Alias": "n", "Startup Cost": 0.43, "Total Cost": 0.46, "Plan Rows": 1, "Plan Width": 4, "Index Cond": "(id = ci.person_id)"}]}]}}, {"Plan": {"Node Type": "Aggregate", "Strategy": "Plain", "Partial Mode": "Simple", "Parallel Aware": false, "Async Capable": false, "Startup Cost": 601904.76, "Total Cost": 601904.77, "Plan Rows": 1, "Plan Width": 32, "Plans": [{"Node Type": "Nested Loop", "Parent Relationship": "Outer", "Parallel Aware": false, "Async Capable": false, "Join Type": "Inner", "Startup Cost": 510895.95, "Total Cost": 601904.76, "Plan Rows": 1, "Plan Width": 17, "Inner Unique": true, "Plans": [{"Node Type": "Nested Loop", "Parent Relationship": "Outer", "Parallel Aware": false, "Async Capable": false, "Join Type": "Inner", "Startup Cost": 510895.52, "Total Cost": 601904.3, "Plan Rows": 1, "Plan Width": 21, "Inner Unique": false, "Join Filter": "(t.id = mk.movie_id)", "Plans": [{"Node Type": "Gather Merge", "Parent Relationship": "Outer", "Parallel Aware": false, "Async Capable": false, "Startup Cost": 509895.09, "Total Cost": 510390.69, "Plan Rows": 268, "Plan Width": 33, "Workers Planned": 6, "Plans": [{"Node Type": "Nested Loop", "Parent Relationship": "Outer", "Parallel Aware": false, "Async Capable": false, "Join Type": "Inner", "Startup Cost": 508894.99, "Total Cost": 509358.02, "Plan Rows": 45, "Plan Width": 33, "Inner Unique": true, "Plans": [{"Node Type": "Nested Loop", "Parent Relationship": "Outer", "Parallel Aware": false, "Async Capable": false, "Join Type": "Inner", "Startup Cost": 508894.85, "Total Cost": 509349.13, "Plan Rows": 313, "Plan Width": 37, "Inner Unique": true, "Plans": [{"Node Type": "Merge Join", "Parent Relationship": "Outer", "Parallel Aware": false, "Async Capable": false, "Join Type": "Inner", "Startup Cost": 508894.42, "Total Cost": 509174.88, "Plan Rows": 383, "Plan Width": 12, "Inner Unique": false, "Merge Cond": "(ci.movie_id = cc.movie_id)", "Plans": [{"Node Type": "Sort", "Parent Relationship": "Outer", "Parallel Aware": false, "Async Capable": false, "Startup Cost": 504144.07, "Total Cost": 504261.69, "Plan Rows": 47046, "Plan Width": 8, "Sort Key": ["ci.movie_id"], "Plans": [{"Node Type": "Nested Loop", "Parent Relationship": "Outer", "Parallel Aware": false, "Async Capable": false, "Join Type": "Inner", "Startup Cost": 0.44, "Total Cost": 500492.89, "Plan Rows": 47046, "Plan Width": 8, "Inner Unique": true, "Plans": [{"Node Type": "Seq Scan", "Parent Relationship": "Outer", "Parallel Aware": true, "Async Capable": false, "Relation Name": "cast_info", "Alias": "ci", "Startup Cost": 0.0, "Total Cost": 313110.03, "Plan Rows": 6039003, "Plan Width": 12}, {"Node Type": "Memoize", "Parent Relationship": "Inner", "Parallel Aware": false, "Async Capable": false, "Startup Cost": 0.44, "Total Cost": 0.47, "Plan Rows": 1, "Plan Width": 4, "Cache Key": "ci.person_role_id", "Cache Mode": "logical", "Plans": [{"Node Type": "Index Scan", "Parent Relationship": "Outer", "Parallel Aware": false, "Async Capable": false, "Scan Direction": "Forward", "Index Name": "char_name_pkey", "Relation Name": "char_name", "Alias": "chn", "Startup Cost": 0.43, "Total Cost": 0.46, "Plan Rows": 1, "Plan Width": 4, "Index Cond": "(id = ci.person_role_id)", "Filter": "(((name)::text !~~ '%Sherlock%'::text) AND (((name)::text ~~ '%Iron%Man%'::text) OR ((name)::text ~~ '%Man%'::text)))"}]}]}]}, {"Node Type": "Sort", "Parent Relationship": "Inner", "Parallel Aware": false, "Async Capable": false, "Startup Cost": 4750.32, "Total Cost": 4771.43, "Plan Rows": 8443, "Plan Width": 4, "Sort Key": ["cc.movie_id"], "Plans": [{"Node Type": "Nested Loop", "Parent Relationship": "Outer", "Parallel Aware": false, "Async Capable": false, "Join Type": "Inner", "Startup Cost": 0.0, "Total Cost": 4199.69, "Plan Rows": 8443, "Plan Width": 4, "Inner Unique": false, "Join Filter": "(cct2.id = cc.status_id)", "Plans": [{"Node Type": "Seq Scan", "Parent Relationship": "Outer", "Parallel Aware": false, "Async Capable": false, "Relation Name": "comp_cast_type", "Alias": "cct2", "Startup Cost": 0.0, "Total Cost": 1.05, "Plan Rows": 1, "Plan Width": 4, "Filter": "((kind)::text ~~ '%complete%'::text)"}, {"Node Type": "Nested Loop", "Parent Relationship": "Inner", "Parallel Aware": false, "Async Capable": false, "Join Type": "Inner", "Startup Cost": 0.0, "Total Cost": 3776.49, "Plan Rows": 33772, "Plan Width": 8, "Inner Unique": false, "Join Filter": "(cct1.id = cc.subject_id)", "Plans": [{"Node Type": "Seq Scan", "Parent Relationship": "Outer", "Parallel Aware": false, "Async Capable": false, "Relation Name": "comp_cast_type", "Alias": "cct1", "Startup Cost": 0.0, "Total Cost": 1.05, "Plan Rows": 1, "Plan Width": 4, "Filter": "((kind)::text = 'cast'::text)"}, {"Node Type": "Seq Scan", "Parent Relationship": "Inner", "Parallel Aware": false, "Async Capable": false, "Relation Name": "complete_cast", "Alias": "cc", "Startup Cost": 0.0, "Total Cost": 2086.86, "Plan Rows": 135086, "Plan Width": 12}]}]}]}]}, {"Node Type": "Index Scan", "Parent Relationship": "Inner", "Parallel Aware": false, "Async Capable": false, "Scan Direction": "Forward", "Index Name": "title_pkey", "Relation Name": "title", "Alias": "t", "Startup Cost": 0.43, "Total Cost": 0.45, "Plan Rows": 1, "Plan Width": 25, "Index Cond": "(id = ci.movie_id)", "Filter": "(production_year >= 1972)"}]}, {"Node Type": "Memoize", "Parent Relationship": "Inner", "Parallel Aware": false, "Async Capable": false, "Startup Cost": 0.14, "Total Cost": 0.16, "Plan Rows": 1, "Plan Width": 4, "Cache Key": "t.kind_id", "Cache Mode": "logical", "Plans": [{"Node Type": "Index Scan", "Parent Relationship": "Outer", "Parallel Aware": false, "Async Capable": false, "Scan Direction": "Forward", "Index Name": "kind_type_pkey", "Relation Name": "kind_type", "Alias": "kt", "Startup Cost": 0.13, "Total Cost": 0.15, "Plan Rows": 1, "Plan Width": 4, "Index Cond": "(id = t.kind_id)", "Filter": "((kind)::text = 'movie'::text)"}]}]}]}, {"Node Type": "Materialize", "Parent Relationship": "Inner", "Parallel Aware": false, "Async Capable": false, "Startup Cost": 1000.43, "Total Cost": 91107.85, "Plan Rows": 101, "Plan Width": 4, "Plans": [{"Node Type": "Gather", "Parent Relationship": "Outer", "Parallel Aware": false, "Async Capable": false, "Startup Cost": 1000.43, "Total Cost": 91107.34, "Plan Rows": 101, "Plan Width": 4, "Workers Planned": 3, "Single Copy": false, "Plans": [{"Node Type": "Nested Loop", "Parent Relationship": "Outer", "Parallel Aware": false, "Async Capable": false, "Join Type": "Inner", "Startup Cost": 0.43, "Total Cost": 90097.24, "Plan Rows": 33, "Plan Width": 4, "Inner Unique": true, "Plans": [{"Node Type": "Seq Scan", "Parent Relationship": "Outer", "Parallel Aware": true, "Async Capable": false, "Relation Name": "movie_keyword", "Alias": "mk", "Startup Cost": 0.0, "Total Cost": 39073.32, "Plan Rows": 1459332, "Plan Width": 8}, {"Node Type": "Memoize", "Parent Relationship": "Inner", "Parallel Aware": false, "Async Capable": false, "Startup Cost": 0.43, "Total Cost": 0.45, "Plan Rows": 1, "Plan Width": 4, "Cache Key": "mk.keyword_id", "Cache Mode": "logical", "Plans": [{"Node Type": "Index Scan", "Parent Relationship": "Outer", "Parallel Aware": false, "Async Capable": false, "Scan Direction": "Forward", "Index Name": "keyword_pkey", "Relation Name": "keyword", "Alias": "k", "Startup Cost": 0.42, "Total Cost": 0.44, "Plan Rows": 1, "Plan Width": 4, "Index Cond": "(id = mk.keyword_id)", "Filter": "((keyword)::text = ANY ('{\"10,000-mile-club\",alienation,based-on-comic}'::text[]))"}]}]}]}]}]}, {"Node Type": "Index Scan", "Parent Relationship": "Inner", "Parallel Aware": false, "Async Capable": false, "Scan Direction": "Forward", "Index Name": "name_pkey", "Relation Name": "name", "Alias": "n", "Startup Cost": 0.43, "Total Cost": 0.46, "Plan Rows": 1, "Plan Width": 4, "Index Cond": "(id = ci.person_id)"}]}]}}, {"Plan": {"Node Type": "Aggregate", "Strategy": "Plain", "Partial Mode": "Simple", "Parallel Aware": false, "Async Capable": false, "Startup Cost": 1721076.69, "Total Cost": 1721076.7, "Plan Rows": 1, "Plan Width": 32, "Plans": [{"Node Type": "Merge Join", "Parent Relationship": "Outer", "Parallel Aware": false, "Async Capable": false, "Join Type": "Inner", "Startup Cost": 1537298.98, "Total Cost": 1721076.68, "Plan Rows": 1, "Plan Width": 17, "Inner Unique": false, "Merge Cond": "(n.id = ci.person_id)", "Plans": [{"Node Type": "Index Scan", "Parent Relationship": "Outer", "Parallel Aware": false, "Async Capable": false, "Scan Direction": "Forward", "Index Name": "name_pkey", "Relation Name": "name", "Alias": "n", "Startup Cost": 0.43, "Total Cost": 178215.91, "Plan Rows": 4167491, "Plan Width": 4}, {"Node Type": "Sort", "Parent Relationship": "Inner", "Parallel Aware": false, "Async Capable": false, "Startup Cost": 1537298.55, "Total Cost": 1537298.55, "Plan Rows": 1, "Plan Width": 21, "Sort Key": ["ci.person_id"], "Plans": [{"Node Type": "Merge Join", "Parent Relationship": "Outer", "Parallel Aware": false, "Async Capable": false, "Join Type": "Inner", "Startup Cost": 1537296.68, "Total Cost": 1537298.54, "Plan Rows": 1, "Plan Width": 21, "Inner Unique": false, "Merge Cond": "(mk.movie_id = t.id)", "Plans": [{"Node Type": "Sort", "Parent Relationship": "Outer", "Parallel Aware": false, "Async Capable": false, "Startup Cost": 199649.46, "Total Cost": 199649.71, "Plan Rows": 101, "Plan Width": 4, "Sort Key": ["mk.movie_id"], "Plans": [{"Node Type": "Gather", "Parent Relationship": "Outer", "Parallel Aware": false, "Async Capable": false, "Startup Cost": 192339.08, "Total Cost": 199646.1, "Plan Rows": 101, "Plan Width": 4, "Workers Planned": 3, "Single Copy": false, "Plans": [{"Node Type": "Merge Join", "Parent Relationship": "Outer", "Parallel Aware": false, "Async Capable": false, "Join Type": "Inner", "Startup Cost": 191339.08, "Total Cost": 198636.0, "Plan Rows": 33, "Plan Width": 4, "Inner Unique": true, "Merge Cond": "(mk.keyword_id = k.id)", "Plans": [{"Node Type": "Sort", "Parent Relationship": "Outer", "Parallel Aware": false, "Async Capable": false, "Startup Cost": 188486.13, "Total Cost": 192134.46, "Plan Rows": 1459332, "Plan Width": 8, "Sort Key": ["mk.keyword_id"], "Plans": [{"Node Type": "Seq Scan", "Parent Relationship": "Outer", "Parallel Aware": true, "Async Capable": false, "Relation Name": "movie_keyword", "Alias": "mk", "Startup Cost": 0.0, "Total Cost": 39073.32, "Plan Rows": 1459332, "Plan Width": 8}]}, {"Node Type": "Sort", "Parent Relationship": "Inner", "Parallel Aware": false, "Async Capable": false, "Startup Cost": 2852.86, "Total Cost": 2852.87, "Plan Rows": 3, "Plan Width": 4, "Sort Key": ["k.id"], "Plans": [{"Node Type": "Seq Scan", "Parent Relationship": "Outer", "Parallel Aware": false, "Async Capable": false, "Relation Name": "keyword", "Alias": "k", "Startup Cost": 0.0, "Total Cost": 2852.84, "Plan Rows": 3, "Plan Width": 4, "Filter": "((keyword)::text = ANY ('{\"10,000-mile-club\",alienation,based-on-comic}'::text[]))"}]}]}]}]}, {"Node Type": "Sort", "Parent Relationship": "Inner", "Parallel Aware": false, "Async Capable": false, "Startup Cost": 1337647.22, "Total Cost": 1337647.89, "Plan Rows": 268, "Plan Width": 33, "Sort Key": ["cc.movie_id"], "Plans": [{"Node Type": "Merge Join", "Parent Relationship": "Outer", "Parallel Aware": false, "Async Capable": false, "Join Type": "Inner", "Startup Cost": 1337303.64, "Total Cost": 1337636.41, "Plan Rows": 268, "Plan Width": 33, "Inner Unique": true, "Merge Cond": "(ci.person_role_id = chn.id)", "Plans": [{"Node Type": "Sort", "Parent Relationship": "Outer", "Parallel Aware": false, "Async Capable": false, "Startup Cost": 1277087.54, "Total Cost": 1277173.56, "Plan Rows": 34409, "Plan Width": 37, "Sort Key": ["ci.person_role_id"], "Plans": [{"Node Type": "Gather", "Parent Relationship": "Outer", "Parallel Aware": false, "Async Capable": false, "Startup Cost": 1270795.76, "Total Cost": 1274494.74, "Plan Rows": 34409, "Plan Width": 37, "Workers Planned": 6, "Single Copy": false, "Plans": [{"Node Type": "Merge Join", "Parent Relationship": "Outer", "Parallel Aware": false, "Async Capable": false, "Join Type": "Inner", "Startup Cost": 1269795.76, "Total Cost": 1270053.84, "Plan Rows": 5735, "Plan Width": 37, "Inner Unique": true, "Merge Cond": "(t.kind_id = kt.id)", "Plans": [{"Node Type": "Sort", "Parent Relationship": "Outer", "Parallel Aware": false, "Async Capable": false, "Startup Cost": 1269794.66, "Total Cost": 1269895.02, "Plan Rows": 40144, "Plan Width": 41, "Sort Key": ["t.kind_id"], "Plans": [{"Node Type": "Merge Join", "Parent Relationship": "Outer", "Parallel Aware": false, "Async Capable": false, "Join Type": "Inner", "Startup Cost": 1114460.04, "Total Cost": 1266725.07, "Plan Rows": 40144, "Plan Width": 41, "Inner Unique": false, "Merge Cond": "(ci.movie_id = t.id)", "Plans": [{"Node Type": "Sort", "Parent Relationship": "Outer", "Parallel Aware": false, "Async Capable": false, "Startup Cost": 1096487.29, "Total Cost": 1111584.79, "Plan Rows": 6039003, "Plan Width": 12, "Sort Key": ["ci.movie_id"], "Plans": [{"Node Type": "Seq Scan", "Parent Relationship": "Outer", "Parallel Aware": true, "Async Capable": false, "Relation Name": "cast_info", "Alias": "ci", "Startup Cost": 0.0, "Total Cost": 313110.03, "Plan Rows": 6039003, "Plan Width": 12}]}, {"Node Type": "Materialize", "Parent Relationship": "Inner", "Parallel Aware": false, "Async Capable": false, "Startup Cost": 17972.15, "Total Cost": 139936.86, "Plan Rows": 6894, "Plan Width": 29, "Plans": [{"Node Type": "Merge Join", "Parent Relationship": "Outer", "Parallel Aware": false, "Async Capable": false, "Join Type": "Inner", "Startup Cost": 17972.15, "Total Cost": 139919.62, "Plan Rows": 6894, "Plan Width": 29, "Inner Unique": false, "Merge Cond": "(t.id = cc.movie_id)", "Plans": [{"Node Type": "Index Scan", "Parent Relationship": "Outer", "Parallel Aware": false, "Async Capable": false, "Scan Direction": "Forward", "Index Name": "title_pkey", "Relation Name": "title", "Alias": "t", "Startup Cost": 0.43, "Total Cost": 116689.45, "Plan Rows": 2064403, "Plan Width": 25, "Filter": "(production_year >= 1972)"}, {"Node Type": "Sort", "Parent Relationship": "Inner", "Parallel Aware": false, "Async Capable": false, "Startup Cost": 17958.02, "Total Cost": 17979.13, "Plan Rows": 8443, "Plan Width": 4, "Sort Key": ["cc.movie_id"], "Plans": [{"Node Type": "Merge Join", "Parent Relationship": "Outer", "Parallel Aware": false, "Async Capable": false, "Join Type": "Inner", "Startup Cost": 17154.09, "Total Cost": 17407.39, "Plan Rows": 8443, "Plan Width": 4, "Inner Unique": true, "Merge Cond": "(cc.status_id = cct2.id)", "Plans": [{"Node Type": "Sort", "Parent Relationship": "Outer", "Parallel Aware": false, "Async Capable": false, "Startup Cost": 17153.03, "Total Cost": 17237.46, "Plan Rows": 33772, "Plan Width": 8, "Sort Key": ["cc.status_id"], "Plans": [{"Node Type": "Merge Join", "Parent Relationship": "Outer", "Parallel Aware": false, "Async Capable": false, "Join Type": "Inner", "Startup Cost": 13599.62, "Total Cost": 14612.78, "Plan Rows": 33772, "Plan Width": 8, "Inner Unique": true, "Merge Cond": "(cc.subject_id = cct1.id)", "Plans": [{"Node Type": "Sort", "Parent Relationship": "Outer", "Parallel Aware": false, "Async Capable": false, "Startup Cost": 13598.56, "Total Cost": 13936.28, "Plan Rows": 135086, "Plan Width": 12, "Sort Key": ["cc.subject_id"], "Plans": [{"Node Type": "Seq Scan", "Parent Relationship": "Outer", "Parallel Aware": false, "Async Capable": false, "Relation Name": "complete_cast", "Alias": "cc", "Startup Cost": 0.0, "Total Cost": 2086.86, "Plan Rows": 135086, "Plan Width": 12}]}, {"Node Type": "Sort", "Parent Relationship": "Inner", "Parallel Aware": false, "Async Capable": false, "Startup Cost": 1.06, "Total Cost": 1.06, "Plan Rows": 1, "Plan Width": 4, "Sort Key": ["cct1.id"], "Plans": [{"Node Type": "Seq Scan", "Parent Relationship": "Outer", "Parallel Aware": false, "Async Capable": false, "Relation Name": "comp_cast_type", "Alias": "cct1", "Startup Cost": 0.0, "Total Cost": 1.05, "Plan Rows": 1, "Plan Width": 4, "Filter": "((kind)::text = 'cast'::text)"}]}]}]}, {"Node Type": "Sort", "Parent Relationship": "Inner", "Parallel Aware": false, "Async Capable": false, "Startup Cost": 1.06, "Total Cost": 1.06, "Plan Rows": 1, "Plan Width": 4, "Sort Key": ["cct2.id"], "Plans": [{"Node Type": "Seq Scan", "Parent Relationship": "Outer", "Parallel Aware": false, "Async Capable": false, "Relation Name": "comp_cast_type", "Alias": "cct2", "Startup Cost": 0.0, "Total Cost": 1.05, "Plan Rows": 1, "Plan Width": 4, "Filter": "((kind)::text ~~ '%complete%'::text)"}]}]}]}]}]}]}]}, {"Node Type": "Sort", "Parent Relationship": "Inner", "Parallel Aware": false, "Async Capable": false, "Startup Cost": 1.1, "Total Cost": 1.1, "Plan Rows": 1, "Plan Width": 4, "Sort Key": ["kt.id"], "Plans": [{"Node Type": "Seq Scan", "Parent Relationship": "Outer", "Parallel Aware": false, "Async Capable": false, "Relation Name": "kind_type", "Alias": "kt", "Startup Cost": 0.0, "Total Cost": 1.09, "Plan Rows": 1, "Plan Width": 4, "Filter": "((kind)::text = 'movie'::text)"}]}]}]}]}, {"Node Type": "Sort", "Parent Relationship": "Inner", "Parallel Aware": false, "Async Capable": false, "Startup Cost": 60209.84, "Total Cost": 60336.47, "Plan Rows": 50650, "Plan Width": 4, "Sort Key": ["chn.id"], "Plans": [{"Node Type": "Gather", "Parent Relationship": "Outer", "Parallel Aware": false, "Async Capable": false, "Startup Cost": 1000.0, "Total Cost": 56251.98, "Plan Rows": 50650, "Plan Width": 4, "Workers Planned": 4, "Single Copy": false, "Plans": [{"Node Type": "Seq Scan", "Parent Relationship": "Outer", "Parallel Aware": true, "Async Capable": false, "Relation Name": "char_name", "Alias": "chn", "Startup Cost": 0.0, "Total Cost": 50186.98, "Plan Rows": 12662, "Plan Width": 4, "Filter": "(((name)::text !~~ '%Sherlock%'::text) AND (((name)::text ~~ '%Iron%Man%'::text) OR ((name)::text ~~ '%Man%'::text)))"}]}]}]}]}]}]}]}]}}, {"Plan": {"Node Type": "Aggregate", "Strategy": "Plain", "Partial Mode": "Simple", "Parallel Aware": false, "Async Capable": false, "Startup Cost": 30001456568.79, "Total Cost": 30001456568.8, "Plan Rows": 1, "Plan Width": 32, "Plans": [{"Node Type": "Nested Loop", "Parent Relationship": "Outer", "Parallel Aware": false, "Async Capable": false, "Join Type": "Inner", "Startup Cost": 30000000002.11, "Total Cost": 30001456568.79, "Plan Rows": 1, "Plan Width": 17, "Inner Unique": true, "Plans": [{"Node Type": "Nested Loop", "Parent Relationship": "Outer", "Parallel Aware": false, "Async Capable": false, "Join Type": "Inner", "Startup Cost": 30000000001.68, "Total Cost": 30001456568.33, "Plan Rows": 1, "Plan Width": 21, "Inner Unique": true, "Plans": [{"Node Type": "Nested Loop", "Parent Relationship": "Outer", "Parallel Aware": false, "Async Capable": false, "Join Type": "Inner", "Startup Cost": 30000000001.25, "Total Cost": 30001456566.95, "Plan Rows": 3, "Plan Width": 25, "Inner Unique": false, "Join Filter": "(t.id = ci.movie_id)", "Plans": [{"Node Type": "Nested Loop", "Parent Relationship": "Outer", "Parallel Aware": false, "Async Capable": false, "Join Type": "Inner", "Startup Cost": 20000000001.25, "Total Cost": 20000388581.5, "Plan Rows": 1, "Plan Width": 29, "Inner Unique": false, "Join Filter": "(t.id = mk.movie_id)", "Plans": [{"Node Type": "Nested Loop", "Parent Relationship": "Outer", "Parallel Aware": false, "Async Capable": false, "Join Type": "Inner", "Startup Cost": 0.56, "Total Cost": 147667.75, "Plan Rows": 294915, "Plan Width": 21, "Inner Unique": true, "Join Filter": "(kt.id = t.kind_id)", "Plans": [{"Node Type": "Index Scan", "Parent Relationship": "Outer", "Parallel Aware": false, "Async Capable": false, "Scan Direction": "Forward", "Index Name": "title_pkey", "Relation Name": "title", "Alias": "t", "Startup Cost": 0.43, "Total Cost": 116689.45, "Plan Rows": 2064403, "Plan Width": 25, "Filter": "(production_year >= 1972)"}, {"Node Type": "Materialize", "Parent Relationship": "Inner", "Parallel Aware": false, "Async Capable": false, "Startup Cost": 0.13, "Total Cost": 12.26, "Plan Rows": 1, "Plan Width": 4, "Plans": [{"Node Type": "Index Scan", "Parent Relationship": "Outer", "Parallel Aware": false, "Async Capable": false, "Scan Direction": "Forward", "Index Name": "kind_type_pkey", "Relation Name": "kind_type", "Alias": "kt", "Startup Cost": 0.13, "Total Cost": 12.26, "Plan Rows": 1, "Plan Width": 4, "Filter": "((kind)::text = 'movie'::text)"}]}]}, {"Node Type": "Materialize", "Parent Relationship": "Inner", "Parallel Aware": false, "Async Capable": false, "Startup Cost": 20000000000.69, "Total Cost": 20000214371.42, "Plan Rows": 6, "Plan Width": 8, "Plans": [{"Node Type": "Nested Loop", "Parent Relationship": "Outer", "Parallel Aware": false, "Async Capable": false, "Join Type": "Inner", "Startup Cost": 20000000000.69, "Total Cost": 20000214371.39, "Plan Rows": 6, "Plan Width": 8, "Inner Unique": false, "Join Filter": "(cc.movie_id = mk.movie_id)", "Plans": [{"Node Type": "Nested Loop", "Parent Relationship": "Outer", "Parallel Aware": false, "Async Capable": false, "Join Type": "Inner", "Startup Cost": 10000000000.26, "Total Cost": 10000004221.98, "Plan Rows": 8443, "Plan Width": 4, "Inner Unique": false, "Join Filter": "(cct2.id = cc.status_id)", "Plans": [{"Node Type": "Index Scan", "Parent Relationship": "Outer", "Parallel Aware": false, "Async Capable": false, "Scan Direction": "Forward", "Index Name": "comp_cast_type_pkey", "Relation Name": "comp_cast_type", "Alias": "cct2", "Startup Cost": 0.13, "Total Cost": 12.2, "Plan Rows": 1, "Plan Width": 4, "Filter": "((kind)::text ~~ '%complete%'::text)"}, {"Node Type": "Nested Loop", "Parent Relationship": "Inner", "Parallel Aware": false, "Async Capable": false, "Join Type": "Inner", "Startup Cost": 10000000000.13, "Total Cost": 10000003787.64, "Plan Rows": 33772, "Plan Width": 8, "Inner Unique": false, "Join Filter": "(cct1.id = cc.subject_id)", "Plans": [{"Node Type": "Index Scan", "Parent Relationship": "Outer", "Parallel Aware": false, "Async Capable": false, "Scan Direction": "Forward", "Index Name": "comp_cast_type_pkey", "Relation Name": "comp_cast_type", "Alias": "cct1", "Startup Cost": 0.13, "Total Cost": 12.2, "Plan Rows": 1, "Plan Width": 4, "Filter": "((kind)::text = 'cast'::text)"}, {"Node Type": "Seq Scan", "Parent Relationship": "Inner", "Parallel Aware": false, "Async Capable": false, "Relation Name": "complete_cast", "Alias": "cc", "Startup Cost": 10000000000.0, "Total Cost": 10000002086.86, "Plan Rows": 135086, "Plan Width": 12}]}]}, {"Node Type": "Materialize", "Parent Relationship": "Inner", "Parallel Aware": false, "Async Capable": false, "Startup Cost": 10000000000.43, "Total Cost": 10000197358.51, "Plan Rows": 101, "Plan Width": 4, "Plans": [{"Node Type": "Nested Loop", "Parent Relationship": "Outer", "Parallel Aware": false, "Async Capable": false, "Join Type": "Inner", "Startup Cost": 10000000000.43, "Total Cost": 10000197358.0, "Plan Rows": 101, "Plan Width": 4, "Inner Unique": true, "Plans": [{"Node Type": "Seq Scan", "Parent Relationship": "Outer", "Parallel Aware": false, "Async Capable": false, "Relation Name": "movie_keyword", "Alias": "mk", "Startup Cost": 10000000000.0, "Total Cost": 10000069719.3, "Plan Rows": 4523930, "Plan Width": 8}, {"Node Type": "Memoize", "Parent Relationship": "Inner", "Parallel Aware": false, "Async Capable": false, "Startup Cost": 0.43, "Total Cost": 0.45, "Plan Rows": 1, "Plan Width": 4, "Cache Key": "mk.keyword_id", "Cache Mode": "logical", "Plans": [{"Node Type": "Index Scan", "Parent Relationship": "Outer", "Parallel Aware": false, "Async Capable": false, "Scan Direction": "Forward", "Index Name": "keyword_pkey", "Relation Name": "keyword", "Alias": "k", "Startup Cost": 0.42, "Total Cost": 0.44, "Plan Rows": 1, "Plan Width": 4, "Index Cond": "(id = mk.keyword_id)", "Filter": "((keyword)::text = ANY ('{\"10,000-mile-club\",alienation,based-on-comic}'::text[]))"}]}]}]}]}]}]}, {"Node Type": "Seq Scan", "Parent Relationship": "Inner", "Parallel Aware": false, "Async Capable": false, "Relation Name": "cast_info", "Alias": "ci", "Startup Cost": 10000000000.0, "Total Cost": 10000615060.2, "Plan Rows": 36234020, "Plan Width": 12}]}, {"Node Type": "Index Scan", "Parent Relationship": "Inner", "Parallel Aware": false, "Async Capable": false, "Scan Direction": "Forward", "Index Name": "char_name_pkey", "Relation Name": "char_name", "Alias": "chn", "Startup Cost": 0.43, "Total Cost": 0.46, "Plan Rows": 1, "Plan Width": 4, "Index Cond": "(id = ci.person_role_id)", "Filter": "(((name)::text !~~ '%Sherlock%'::text) AND (((name)::text ~~ '%Iron%Man%'::text) OR ((name)::text ~~ '%Man%'::text)))"}]}, {"Node Type": "Index Scan", "Parent Relationship": "Inner", "Parallel Aware": false, "Async Capable": false, "Scan Direction": "Forward", "Index Name": "name_pkey", "Relation Name": "name", "Alias": "n", "Startup Cost": 0.43, "Total Cost": 0.46, "Plan Rows": 1, "Plan Width": 4, "Index Cond": "(id = ci.person_id)"}]}]}}, {"Plan": {"Node Type": "Aggregate", "Strategy": "Plain", "Partial Mode": "Simple", "Parallel Aware": false, "Async Capable": false, "Startup Cost": 630085.47, "Total Cost": 630085.48, "Plan Rows": 1, "Plan Width": 32, "Plans": [{"Node Type": "Nested Loop", "Parent Relationship": "Outer", "Parallel Aware": false, "Async Capable": false, "Join Type": "Inner", "Startup Cost": 2001.87, "Total Cost": 630085.47, "Plan Rows": 1, "Plan Width": 17, "Inner Unique": true, "Plans": [{"Node Type": "Nested Loop", "Parent Relationship": "Outer", "Parallel Aware": false, "Async Capable": false, "Join Type": "Inner", "Startup Cost": 2001.44, "Total Cost": 630085.01, "Plan Rows": 1, "Plan Width": 21, "Inner Unique": false, "Join Filter": "(t.id = ci.movie_id)", "Plans": [{"Node Type": "Nested Loop", "Parent Relationship": "Outer", "Parallel Aware": false, "Async Capable": false, "Join Type": "Inner", "Startup Cost": 1001.0, "Total Cost": 96835.74, "Plan Rows": 1, "Plan Width": 29, "Inner Unique": false, "Join Filter": "(t.id = cc.movie_id)", "Plans": [{"Node Type": "Nested Loop", "Parent Relationship": "Outer", "Parallel Aware": false, "Async Capable": false, "Join Type": "Inner", "Startup Cost": 0.0, "Total Cost": 4199.69, "Plan Rows": 8443, "Plan Width": 4, "Inner Unique": false, "Join Filter": "(cct2.id = cc.status_id)", "Plans": [{"Node Type": "Seq Scan", "Parent Relationship": "Outer", "Parallel Aware": false, "Async Capable": false, "Relation Name": "comp_cast_type", "Alias": "cct2", "Startup Cost": 0.0, "Total Cost": 1.05, "Plan Rows": 1, "Plan Width": 4, "Filter": "((kind)::text ~~ '%complete%'::text)"}, {"Node Type": "Nested Loop", "Parent Relationship": "Inner", "Parallel Aware": false, "Async Capable": false, "Join Type": "Inner", "Startup Cost": 0.0, "Total Cost": 3776.49, "Plan Rows": 33772, "Plan Width": 8, "Inner Unique": false, "Join Filter": "(cct1.id = cc.subject_id)", "Plans": [{"Node Type": "Seq Scan", "Parent Relationship": "Outer", "Parallel Aware": false, "Async Capable": false, "Relation Name": "comp_cast_type", "Alias": "cct1", "Startup Cost": 0.0, "Total Cost": 1.05, "Plan Rows": 1, "Plan Width": 4, "Filter": "((kind)::text = 'cast'::text)"}, {"Node Type": "Seq Scan", "Parent Relationship": "Inner", "Parallel Aware": false, "Async Capable": false, "Relation Name": "complete_cast", "Alias": "cc", "Startup Cost": 0.0, "Total Cost": 2086.86, "Plan Rows": 135086, "Plan Width": 12}]}]}, {"Node Type": "Materialize", "Parent Relationship": "Inner", "Parallel Aware": false, "Async Capable": false, "Startup Cost": 1001.0, "Total Cost": 91116.34, "Plan Rows": 12, "Plan Width": 25, "Plans": [{"Node Type": "Gather", "Parent Relationship": "Outer", "Parallel Aware": false, "Async Capable": false, "Startup Cost": 1001.0, "Total Cost": 91116.28, "Plan Rows": 12, "Plan Width": 25, "Workers Planned": 3, "Single Copy": false, "Plans": [{"Node Type": "Nested Loop", "Parent Relationship": "Outer", "Parallel Aware": false, "Async Capable": false, "Join Type": "Inner", "Startup Cost": 1.0, "Total Cost": 90115.08, "Plan Rows": 4, "Plan Width": 25, "Inner Unique": true, "Plans": [{"Node Type": "Nested Loop", "Parent Relationship": "Outer", "Parallel Aware": false, "Async Capable": false, "Join Type": "Inner", "Startup Cost": 0.86, "Total Cost": 90113.41, "Plan Rows": 26, "Plan Width": 29, "Inner Unique": true, "Plans": [{"Node Type": "Nested Loop", "Parent Relationship": "Outer", "Parallel Aware": false, "Async Capable": false, "Join Type": "Inner", "Startup Cost": 0.43, "Total Cost": 90097.24, "Plan Rows": 33, "Plan Width": 4, "Inner Unique": true, "Plans": [{"Node Type": "Seq Scan", "Parent Relationship": "Outer", "Parallel Aware": true, "Async Capable": false, "Relation Name": "movie_keyword", "Alias": "mk", "Startup Cost": 0.0, "Total Cost": 39073.32, "Plan Rows": 1459332, "Plan Width": 8}, {"Node Type": "Memoize", "Parent Relationship": "Inner", "Parallel Aware": false, "Async Capable": false, "Startup Cost": 0.43, "Total Cost": 0.45, "Plan Rows": 1, "Plan Width": 4, "Cache Key": "mk.keyword_id", "Cache Mode": "logical", "Plans": [{"Node Type": "Index Scan", "Parent Relationship": "Outer", "Parallel Aware": false, "Async Capable": false, "Scan Direction": "Forward", "Index Name": "keyword_pkey", "Relation Name": "keyword", "Alias": "k", "Startup Cost": 0.42, "Total Cost": 0.44, "Plan Rows": 1, "Plan Width": 4, "Index Cond": "(id = mk.keyword_id)", "Filter": "((keyword)::text = ANY ('{\"10,000-mile-club\",alienation,based-on-comic}'::text[]))"}]}]}, {"Node Type": "Index Scan", "Parent Relationship": "Inner", "Parallel Aware": false, "Async Capable": false, "Scan Direction": "Forward", "Index Name": "title_pkey", "Relation Name": "title", "Alias": "t", "Startup Cost": 0.43, "Total Cost": 0.49, "Plan Rows": 1, "Plan Width": 25, "Index Cond": "(id = mk.movie_id)", "Filter": "(production_year >= 1972)"}]}, {"Node Type": "Memoize", "Parent Relationship": "Inner", "Parallel Aware": false, "Async Capable": false, "Startup Cost": 0.14, "Total Cost": 0.16, "Plan Rows": 1, "Plan Width": 4, "Cache Key": "t.kind_id", "Cache Mode": "logical", "Plans": [{"Node Type": "Index Scan", "Parent Relationship": "Outer", "Parallel Aware": false, "Async Capable": false, "Scan Direction": "Forward", "Index Name": "kind_type_pkey", "Relation Name": "kind_type", "Alias": "kt", "Startup Cost": 0.13, "Total Cost": 0.15, "Plan Rows": 1, "Plan Width": 4, "Index Cond": "(id = t.kind_id)", "Filter": "((kind)::text = 'movie'::text)"}]}]}]}]}]}, {"Node Type": "Gather", "Parent Relationship": "Inner", "Parallel Aware": false, "Async Capable": false, "Startup Cost": 1000.44, "Total Cost": 529720.79, "Plan Rows": 282279, "Plan Width": 8, "Workers Planned": 6, "Single Copy": false, "Plans": [{"Node Type": "Nested Loop", "Parent Relationship": "Outer", "Parallel Aware": false, "Async Capable": false, "Join Type": "Inner", "Startup Cost": 0.44, "Total Cost": 500492.89, "Plan Rows": 47046, "Plan Width": 8, "Inner Unique": true, "Plans": [{"Node Type": "Seq Scan", "Parent Relationship": "Outer", "Parallel Aware": true, "Async Capable": false, "Relation Name": "cast_info", "Alias": "ci", "Startup Cost": 0.0, "Total Cost": 313110.03, "Plan Rows": 6039003, "Plan Width": 12}, {"Node Type": "Memoize", "Parent Relationship": "Inner", "Parallel Aware": false, "Async Capable": false, "Startup Cost": 0.44, "Total Cost": 0.47, "Plan Rows": 1, "Plan Width": 4, "Cache Key": "ci.person_role_id", "Cache Mode": "logical", "Plans": [{"Node Type": "Index Scan", "Parent Relationship": "Outer", "Parallel Aware": false, "Async Capable": false, "Scan Direction": "Forward", "Index Name": "char_name_pkey", "Relation Name": "char_name", "Alias": "chn", "Startup Cost": 0.43, "Total Cost": 0.46, "Plan Rows": 1, "Plan Width": 4, "Index Cond": "(id = ci.person_role_id)", "Filter": "(((name)::text !~~ '%Sherlock%'::text) AND (((name)::text ~~ '%Iron%Man%'::text) OR ((name)::text ~~ '%Man%'::text)))"}]}]}]}]}, {"Node Type": "Index Scan", "Parent Relationship": "Inner", "Parallel Aware": false, "Async Capable": false, "Scan Direction": "Forward", "Index Name": "name_pkey", "Relation Name": "name", "Alias": "n", "Startup Cost": 0.43, "Total Cost": 0.46, "Plan Rows": 1, "Plan Width": 4, "Index Cond": "(id = ci.person_id)"}]}]}}]