[{"Plan": {"Node Type": "Aggregate", "Strategy": "Plain", "Partial Mode": "Simple", "Parallel Aware": false, "Async Capable": false, "Startup Cost": 635342.06, "Total Cost": 635342.07, "Plan Rows": 1, "Plan Width": 96, "Plans": [{"Node Type": "Nested Loop", "Parent Relationship": "Outer", "Parallel Aware": false, "Async Capable": false, "Join Type": "Inner", "Startup Cost": 604945.16, "Total Cost": 635342.05, "Plan Rows": 1, "Plan Width": 48, "Inner Unique": true, "Plans": [{"Node Type": "Gather", "Parent Relationship": "Outer", "Parallel Aware": false, "Async Capable": false, "Startup Cost": 604944.74, "Total Cost": 635341.61, "Plan Rows": 1, "Plan Width": 52, "Workers Planned": 3, "Single Copy": false, "Plans": [{"Node Type": "Hash Join", "Parent Relationship": "Outer", "Parallel Aware": true, "Async Capable": false, "Join Type": "Inner", "Startup Cost": 603944.74, "Total Cost": 634341.51, "Plan Rows": 1, "Plan Width": 52, "Inner Unique": false, "Hash Cond": "(mc.movie_id = t.id)", "Plans": [{"Node Type": "Seq Scan", "Parent Relationship": "Outer", "Parallel Aware": true, "Async Capable": false, "Relation Name": "movie_companies", "Alias": "mc", "Startup Cost": 0.0, "Total Cost": 27240.55, "Plan Rows": 841655, "Plan Width": 8}, {"Node Type": "Hash", "Parent Relationship": "Inner", "Parallel Aware": true, "Async Capable": false, "Startup Cost": 603944.73, "Total Cost": 603944.73, "Plan Rows": 1, "Plan Width": 64, "Plans": [{"Node Type": "Hash Join", "Parent Relationship": "Outer", "Parallel Aware": true, "Async Capable": false, "Join Type": "Inner", "Startup Cost": 588530.83, "Total Cost": 603944.73, "Plan Rows": 1, "Plan Width": 64, "Inner Unique": false, "Hash Cond": "(an.person_id = n.id)", "Plans": [{"Node Type": "Seq Scan", "Parent Relationship": "Outer", "Parallel Aware": true, "Async Capable": false, "Relation Name": "aka_name", "Alias": "an", "Startup Cost": 0.0, "Total Cost": 14323.56, "Plan Rows": 290756, "Plan Width": 4}, {"Node Type": "Hash", "Parent Relationship": "Inner", "Parallel Aware": true, "Async Capable": false, "Startup Cost": 588530.82, "Total Cost": 588530.82, "Plan Rows": 1, "Plan Width": 72, "Plans": [{"Node Type": "Nested Loop", "Parent Relationship": "Outer", "Parallel Aware": false, "Async Capable": false, "Join Type": "Inner", "Startup Cost": 543984.96, "Total Cost": 588530.82, "Plan Rows": 1, "Plan Width": 72, "Inner Unique": true, "Plans": [{"Node Type": "Hash Join", "Parent Relationship": "Outer", "Parallel Aware": true, "Async Capable": false, "Join Type": "Inner", "Startup Cost": 543984.54, "Total Cost": 588530.36, "Plan Rows": 1, "Plan Width": 76, "Inner Unique": false, "Hash Cond": "(mk.movie_id = t.id)", "Plans": [{"Node Type": "Seq Scan", "Parent Relationship": "Outer", "Parallel Aware": true, "Async Capable": false, "Relation Name": "movie_keyword", "Alias": "mk", "Startup Cost": 0.0, "Total Cost": 39073.32, "Plan Rows": 1459332, "Plan Width": 8}, {"Node Type": "Hash", "Parent Relationship": "Inner", "Parallel Aware": true, "Async Capable": false, "Startup Cost": 543984.52, "Total Cost": 543984.52, "Plan Rows": 1, "Plan Width": 68, "Plans": [{"Node Type": "Nested Loop", "Parent Relationship": "Outer", "Parallel Aware": false, "Async Capable": false, "Join Type": "Inner", "Startup Cost": 206602.83, "Total Cost": 543984.52, "Plan Rows": 1, "Plan Width": 68, "Inner Unique": true, "Plans": [{"Node Type": "Hash Join", "Parent Relationship": "Outer", "Parallel Aware": false, "Async Capable": false, "Join Type": "Inner", "Startup Cost": 206602.4, "Total Cost": 543981.69, "Plan Rows": 5, "Plan Width": 49, "Inner Unique": true, "Hash Cond": "(ci.role_id = rt.id)", "Plans": [{"Node Type": "Nested Loop", "Parent Relationship": "Outer", "Parallel Aware": false, "Async Capable": false, "Join Type": "Inner", "Startup Cost": 206601.24, "Total Cost": 543980.32, "Plan Rows": 59, "Plan Width": 53, "Inner Unique": true, "Plans": [{"Node Type": "Hash Join", "Parent Relationship": "Outer", "Parallel Aware": true, "Async Capable": false, "Join Type": "Inner", "Startup Cost": 206600.81, "Total Cost": 543915.87, "Plan Rows": 123, "Plan Width": 41, "Inner Unique": false, "Hash Cond": "(ci.movie_id = t.id)", "Plans": [{"Node Type": "Seq Scan", "Parent Relationship": "Outer", "Parallel Aware": true, "Async Capable": false, "Relation Name": "cast_info", "Alias": "ci", "Startup Cost": 0.0, "Total Cost": 335756.3, "Plan Rows": 415604, "Plan Width": 16, "Filter": "((note)::text = ANY ('{\"(executive producer)\",\"(head writer)\",(producer)}'::text[]))"}, {"Node Type": "Hash", "Parent Relationship": "Inner", "Parallel Aware": true, "Async Capable": false, "Startup Cost": 206598.93, "Total Cost": 206598.93, "Plan Rows": 150, "Plan Width": 25, "Plans": [{"Node Type": "Nested Loop", "Parent Relationship": "Outer", "Parallel Aware": false, "Async Capable": false, "Join Type": "Inner", "Startup Cost": 2.86, "Total Cost": 206598.93, "Plan Rows": 150, "Plan Width": 25, "Inner Unique": true, "Plans": [{"Node Type": "Hash Join", "Parent Relationship": "Outer", "Parallel Aware": false, "Async Capable": false, "Join Type": "Inner", "Startup Cost": 2.43, "Total Cost": 206207.89, "Plan Rows": 159, "Plan Width": 4, "Inner Unique": true, "Hash Cond": "(mi.info_type_id = it.id)", "Plans": [{"Node Type": "Seq Scan", "Parent Relationship": "Outer", "Parallel Aware": true, "Async Capable": false, "Relation Name": "movie_info", "Alias": "mi", "Startup Cost": 0.0, "Total Cost": 206156.59, "Plan Rows": 17943, "Plan Width": 8, "Filter": "(((info)::text ~~ 'Japan:%200%'::text) OR ((info)::text ~~ 'Japan:%2007%'::text))"}, {"Node Type": "Hash", "Parent Relationship": "Inner", "Parallel Aware": false, "Async Capable": false, "Startup Cost": 2.41, "Total Cost": 2.41, "Plan Rows": 1, "Plan Width": 4, "Plans": [{"Node Type": "Seq Scan", "Parent Relationship": "Outer", "Parallel Aware": false, "Async Capable": false, "Relation Name": "info_type", "Alias": "it", "Startup Cost": 0.0, "Total Cost": 2.41, "Plan Rows": 1, "Plan Width": 4, "Filter": "((info)::text = 'budget'::text)"}]}]}, {"Node Type": "Index Scan", "Parent Relationship": "Inner", "Parallel Aware": false, "Async Capable": false, "Scan Direction": "Forward", "Index Name": "title_pkey", "Relation Name": "title", "Alias": "t", "Startup Cost": 0.43, "Total Cost": 2.46, "Plan Rows": 1, "Plan Width": 21, "Index Cond": "(id = mi.movie_id)", "Filter": "((production_year >= 1917) AND (production_year <= 2014))"}]}]}]}, {"Node Type": "Index Scan", "Parent Relationship": "Inner", "Parallel Aware": false, "Async Capable": false, "Scan Direction": "Forward", "Index Name": "char_name_pkey", "Relation Name": "char_name", "Alias": "chn", "Startup Cost": 0.43, "Total Cost": 0.52, "Plan Rows": 1, "Plan Width": 20, "Index Cond": "(id = ci.person_role_id)"}]}, {"Node Type": "Hash", "Parent Relationship": "Inner", "Parallel Aware": false, "Async Capable": false, "Startup Cost": 1.15, "Total Cost": 1.15, "Plan Rows": 1, "Plan Width": 4, "Plans": [{"Node Type": "Seq Scan", "Parent Relationship": "Outer", "Parallel Aware": false, "Async Capable": false, "Relation Name": "role_type", "Alias": "rt", "Startup Cost": 0.0, "Total Cost": 1.15, "Plan Rows": 1, "Plan Width": 4, "Filter": "((role)::text = 'costume designer'::text)"}]}]}, {"Node Type": "Index Scan", "Parent Relationship": "Inner", "Parallel Aware": false, "Async Capable": false, "Scan Direction": "Forward", "Index Name": "name_pkey", "Relation Name": "name", "Alias": "n", "Startup Cost": 0.43, "Total Cost": 0.57, "Plan Rows": 1, "Plan Width": 19, "Index Cond": "(id = ci.person_id)", "Filter": "(((name)::text ~~ '%Downey%Robert%'::text) AND ((gender)::text = 'f'::text))"}]}]}]}, {"Node Type": "Index Scan", "Parent Relationship": "Inner", "Parallel Aware": false, "Async Capable": false, "Scan Direction": "Forward", "Index Name": "keyword_pkey", "Relation Name": "keyword", "Alias": "k", "Startup Cost": 0.42, "Total Cost": 0.44, "Plan Rows": 1, "Plan Width": 4, "Index Cond": "(id = mk.keyword_id)", "Filter": "((keyword)::text = ANY ('{\"10,000-mile-club\",alienation,based-on-comic,based-on-novel}'::text[]))"}]}]}]}]}]}]}, {"Node Type": "Index Scan", "Parent Relationship": "Inner", "Parallel Aware": false, "Async Capable": false, "Scan Direction": "Forward", "Index Name": "company_name_pkey", "Relation Name": "company_name", "Alias": "cn", "Startup Cost": 0.42, "Total Cost": 0.45, "Plan Rows": 1, "Plan Width": 4, "Index Cond": "(id = mc.company_id)", "Filter": "((country_code)::text = '[nl]'::text)"}]}]}}, {"Plan": {"Node Type": "Aggregate", "Strategy": "Plain", "Partial Mode": "Simple", "Parallel Aware": false, "Async Capable": false, "Startup Cost": 120001310706.34, "Total Cost": 120001310706.35, "Plan Rows": 1, "Plan Width": 96, "Plans": [{"Node Type": "Hash Join", "Parent Relationship": "Outer", "Parallel Aware": false, "Async Capable": false, "Join Type": "Inner", "Startup Cost": 120001286896.86, "Total Cost": 120001310706.33, "Plan Rows": 1, "Plan Width": 48, "Inner Unique": false, "Hash Cond": "(an.person_id = n.id)", "Plans": [{"Node Type": "Seq Scan", "Parent Relationship": "Outer", "Parallel Aware": false, "Async Capable": false, "Relation Name": "aka_name", "Alias": "an", "Startup Cost": 10000000000.0, "Total Cost": 10000020429.43, "Plan Rows": 901343, "Plan Width": 4}, {"Node Type": "Hash", "Parent Relationship": "Inner", "Parallel Aware": false, "Async Capable": false, "Startup Cost": 110001286896.84, "Total Cost": 110001286896.84, "Plan Rows": 1, "Plan Width": 56, "Plans": [{"Node Type": "Nested Loop", "Parent Relationship": "Outer", "Parallel Aware": false, "Async Capable": false, "Join Type": "Inner", "Startup Cost": 110001232193.29, "Total Cost": 110001286896.84, "Plan Rows": 1, "Plan Width": 56, "Inner Unique": true, "Plans": [{"Node Type": "Hash Join", "Parent Relationship": "Outer", "Parallel Aware": false, "Async Capable": false, "Join Type": "Inner", "Startup Cost": 100001232192.86, "Total Cost": 100001286892.4, "Plan Rows": 1, "Plan Width": 60, "Inner Unique": false, "Hash Cond": "(mc.movie_id = t.id)", "Plans": [{"Node Type": "Seq Scan", "Parent Relationship": "Outer", "Parallel Aware": false, "Async Capable": false, "Relation Name": "movie_companies", "Alias": "mc", "Startup Cost": 10000000000.0, "Total Cost": 10000044915.29, "Plan Rows": 2609129, "Plan Width": 8}, {"Node Type": "Hash", "Parent Relationship": "Inner", "Parallel Aware": false, "Async Capable": false, "Startup Cost": 90001232192.85, "Total Cost": 90001232192.85, "Plan Rows": 1, "Plan Width": 72, "Plans": [{"Node Type": "Nested Loop", "Parent Relationship": "Outer", "Parallel Aware": false, "Async Capable": false, "Join Type": "Inner", "Startup Cost": 90000471879.32, "Total Cost": 90001232192.85, "Plan Rows": 1, "Plan Width": 72, "Inner Unique": true, "Join Filter": "(t.id = mi.movie_id)", "Plans": [{"Node Type": "Nested Loop", "Parent Relationship": "Outer", "Parallel Aware": false, "Async Capable": false, "Join Type": "Inner", "Startup Cost": 80000471878.87, "Total Cost": 80001232188.37, "Plan Rows": 1, "Plan Width": 51, "Inner Unique": true, "Plans": [{"Node Type": "Nested Loop", "Parent Relationship": "Outer", "Parallel Aware": false, "Async Capable": false, "Join Type": "Inner", "Startup Cost": 70000471878.41, "Total Cost": 70001232183.81, "Plan Rows": 1, "Plan Width": 32, "Inner Unique": true, "Plans": [{"Node Type": "Nested Loop", "Parent Relationship": "Outer", "Parallel Aware": false, "Async Capable": false, "Join Type": "Inner", "Startup Cost": 60000471878.27, "Total Cost": 60001232175.64, "Plan Rows": 1, "Plan Width": 36, "Inner Unique": true, "Plans": [{"Node Type": "Hash Join", "Parent Relationship": "Outer", "Parallel Aware": false, "Async Capable": false, "Join Type": "Inner", "Startup Cost": 50000471877.81, "Total Cost": 50001232166.7, "Plan Rows": 2, "Plan Width": 24, "Inner Unique": false, "Hash Cond": "(ci.movie_id = mi.movie_id)", "Plans": [{"Node Type": "Seq Scan", "Parent Relationship": "Outer", "Parallel Aware": false, "Async Capable": false, "Relation Name": "cast_info", "Alias": "ci", "Startup Cost": 10000000000.0, "Total Cost": 10000750937.77, "Plan Rows": 2493625, "Plan Width": 16, "Filter": "((note)::text = ANY ('{\"(executive producer)\",\"(head writer)\",(producer)}'::text[]))"}, {"Node Type": "Hash", "Parent Relationship": "Inner", "Parallel Aware": false, "Async Capable": false, "Startup Cost": 40000471877.8, "Total Cost": 40000471877.8, "Plan Rows": 1, "Plan Width": 8, "Plans": [{"Node Type": "Hash Join", "Parent Relationship": "Outer", "Parallel Aware": false, "Async Capable": false, "Join Type": "Inner", "Startup Cost": 40000087350.18, "Total Cost": 40000471877.8, "Plan Rows": 1, "Plan Width": 8, "Inner Unique": true, "Hash Cond": "(mi.info_type_id = it.id)", "Plans": [{"Node Type": "Hash Join", "Parent Relationship": "Outer", "Parallel Aware": false, "Async Capable": false, "Join Type": "Inner", "Startup Cost": 30000087336.05, "Total Cost": 30000471863.62, "Plan Rows": 18, "Plan Width": 12, "Inner Unique": false, "Hash Cond": "(mi.movie_id = mk.movie_id)", "Plans": [{"Node Type": "Seq Scan", "Parent Relationship": "Outer", "Parallel Aware": false, "Async Capable": false, "Relation Name": "movie_info", "Alias": "mi", "Startup Cost": 10000000000.0, "Total Cost": 10000384190.97, "Plan Rows": 89713, "Plan Width": 8, "Filter": "(((info)::text ~~ 'Japan:%200%'::text) OR ((info)::text ~~ 'Japan:%2007%'::text))"}, {"Node Type": "Hash", "Parent Relationship": "Inner", "Parallel Aware": false, "Async Capable": false, "Startup Cost": 20000087334.36, "Total Cost": 20000087334.36, "Plan Rows": 135, "Plan Width": 4, "Plans": [{"Node Type": "Hash Join", "Parent Relationship": "Outer", "Parallel Aware": false, "Async Capable": false, "Join Type": "Inner", "Startup Cost": 20000005739.37, "Total Cost": 20000087334.36, "Plan Rows": 135, "Plan Width": 4, "Inner Unique": true, "Hash Cond": "(mk.keyword_id = k.id)", "Plans": [{"Node Type": "Seq Scan", "Parent Relationship": "Outer", "Parallel Aware": false, "Async Capable": false, "Relation Name": "movie_keyword", "Alias": "mk", "Startup Cost": 10000000000.0, "Total Cost": 10000069719.3, "Plan Rows": 4523930, "Plan Width": 8}, {"Node Type": "Hash", "Parent Relationship": "Inner", "Parallel Aware": false, "Async Capable": false, "Startup Cost": 10000005739.32, "Total Cost": 10000005739.32, "Plan Rows": 4, "Plan Width": 4, "Plans": [{"Node Type": "Index Scan", "Parent Relationship": "Outer", "Parallel Aware": false, "Async Capable": false, "Scan Direction": "Forward", "Index Name": "keyword_pkey", "Relation Name": "keyword", "Alias": "k", "Startup Cost": 10000000000.42, "Total Cost": 10000005739.32, "Plan Rows": 4, "Plan Width": 4, "Filter": "((keyword)::text = ANY ('{\"10,000-mile-club\",alienation,based-on-comic,based-on-novel}'::text[]))"}]}]}]}]}, {"Node Type": "Hash", "Parent Relationship": "Inner", "Parallel Aware": false, "Async Capable": false, "Startup Cost": 10000000014.12, "Total Cost": 10000000014.12, "Plan Rows": 1, "Plan Width": 4, "Plans": [{"Node Type": "Index Scan", "Parent Relationship": "Outer", "Parallel Aware": false, "Async Capable": false, "Scan Direction": "Forward", "Index Name": "info_type_pkey", "Relation Name": "info_type", "Alias": "it", "Startup Cost": 10000000000.14, "Total Cost": 10000000014.12, "Plan Rows": 1, "Plan Width": 4, "Filter": "((info)::text = 'budget'::text)"}]}]}]}]}, {"Node Type": "Bitmap Heap Scan", "Parent Relationship": "Inner", "Parallel Aware": false, "Async Capable": false, "Relation Name": "char_name", "Alias": "chn", "Startup Cost": 0.46, "Total Cost": 4.47, "Plan Rows": 1, "Plan Width": 20, "Recheck Cond": "(id = ci.person_role_id)", "Plans": [{"Node Type": "Bitmap Index Scan", "Parent Relationship": "Outer", "Parallel Aware": false, "Async Capable": false, "Index Name": "char_name_pkey", "Startup Cost": 0.0, "Total Cost": 0.46, "Plan Rows": 1, "Plan Width": 0, "Index Cond": "(id = ci.person_role_id)"}]}]}, {"Node Type": "Bitmap Heap Scan", "Parent Relationship": "Inner", "Parallel Aware": false, "Async Capable": false, "Relation Name": "role_type", "Alias": "rt", "Startup Cost": 0.14, "Total Cost": 4.16, "Plan Rows": 1, "Plan Width": 4, "Recheck Cond": "(id = ci.role_id)", "Filter": "((role)::text = 'costume designer'::text)", "Plans": [{"Node Type": "Bitmap Index Scan", "Parent Relationship": "Outer", "Parallel Aware": false, "Async Capable": false, "Index Name": "role_type_pkey", "Startup Cost": 0.0, "Total Cost": 0.14, "Plan Rows": 1, "Plan Width": 0, "Index Cond": "(id = ci.role_id)"}]}]}, {"Node Type": "Bitmap Heap Scan", "Parent Relationship": "Inner", "Parallel Aware": false, "Async Capable": false, "Relation Name": "name", "Alias": "n", "Startup Cost": 0.46, "Total Cost": 4.48, "Plan Rows": 1, "Plan Width": 19, "Recheck Cond": "(id = ci.person_id)", "Filter": "(((name)::text ~~ '%Downey%Robert%'::text) AND ((gender)::text = 'f'::text))", "Plans": [{"Node Type": "Bitmap Index Scan", "Parent Relationship": "Outer", "Parallel Aware": false, "Async Capable": false, "Index Name": "name_pkey", "Startup Cost": 0.0, "Total Cost": 0.46, "Plan Rows": 1, "Plan Width": 0, "Index Cond": "(id = ci.person_id)"}]}]}, {"Node Type": "Bitmap Heap Scan", "Parent Relationship": "Inner", "Parallel Aware": false, "Async Capable": false, "Relation Name": "title", "Alias": "t", "Startup Cost": 0.45, "Total Cost": 4.46, "Plan Rows": 1, "Plan Width": 21, "Recheck Cond": "(id = mk.movie_id)", "Filter": "((production_year >= 1917) AND (production_year <= 2014))", "Plans": [{"Node Type": "Bitmap Index Scan", "Parent Relationship": "Outer", "Parallel Aware": false, "Async Capable": false, "Index Name": "title_pkey", "Startup Cost": 0.0, "Total Cost": 0.45, "Plan Rows": 1, "Plan Width": 0, "Index Cond": "(id = mk.movie_id)"}]}]}]}]}, {"Node Type": "Bitmap Heap Scan", "Parent Relationship": "Inner", "Parallel Aware": false, "Async Capable": false, "Relation Name": "company_name", "Alias": "cn", "Startup Cost": 0.43, "Total Cost": 4.44, "Plan Rows": 1, "Plan Width": 4, "Recheck Cond": "(id = mc.company_id)", "Filter": "((country_code)::text = '[nl]'::text)", "Plans": [{"Node Type": "Bitmap Index Scan", "Parent Relationship": "Outer", "Parallel Aware": false, "Async Capable": false, "Index Name": "company_name_pkey", "Startup Cost": 0.0, "Total Cost": 0.43, "Plan Rows": 1, "Plan Width": 0, "Index Cond": "(id = mc.company_id)"}]}]}]}]}]}}, {"Plan": {"Node Type": "Aggregate", "Strategy": "Plain", "Partial Mode": "Simple", "Parallel Aware": false, "Async Capable": false, "Startup Cost": 50001794743.84, "Total Cost": 50001794743.85, "Plan Rows": 1, "Plan Width": 96, "Plans": [{"Node Type": "Hash Join", "Parent Relationship": "Outer", "Parallel Aware": false, "Async Capable": false, "Join Type": "Inner", "Startup Cost": 50001770934.36, "Total Cost": 50001794743.84, "Plan Rows": 1, "Plan Width": 48, "Inner Unique": false, "Hash Cond": "(an.person_id = n.id)", "Plans": [{"Node Type": "Seq Scan", "Parent Relationship": "Outer", "Parallel Aware": false, "Async Capable": false, "Relation Name": "aka_name", "Alias": "an", "Startup Cost": 10000000000.0, "Total Cost": 10000020429.43, "Plan Rows": 901343, "Plan Width": 4}, {"Node Type": "Hash", "Parent Relationship": "Inner", "Parallel Aware": false, "Async Capable": false, "Startup Cost": 40001770934.35, "Total Cost": 40001770934.35, "Plan Rows": 1, "Plan Width": 56, "Plans": [{"Node Type": "Hash Join", "Parent Relationship": "Outer", "Parallel Aware": false, "Async Capable": false, "Join Type": "Inner", "Startup Cost": 40001638992.93, "Total Cost": 40001770934.35, "Plan Rows": 1, "Plan Width": 56, "Inner Unique": true, "Hash Cond": "(ci.role_id = rt.id)", "Plans": [{"Node Type": "Hash Join", "Parent Relationship": "Outer", "Parallel Aware": false, "Async Capable": false, "Join Type": "Inner", "Startup Cost": 40001638980.57, "Total Cost": 40001770921.99, "Plan Rows": 1, "Plan Width": 60, "Inner Unique": false, "Hash Cond": "(t.id = mi.movie_id)", "Plans": [{"Node Type": "Index Scan", "Parent Relationship": "Outer", "Parallel Aware": false, "Async Capable": false, "Scan Direction": "Forward", "Index Name": "title_pkey", "Relation Name": "title", "Alias": "t", "Startup Cost": 0.43, "Total Cost": 123010.23, "Plan Rows": 2381762, "Plan Width": 21, "Filter": "((production_year >= 1917) AND (production_year <= 2014))"}, {"Node Type": "Hash", "Parent Relationship": "Inner", "Parallel Aware": false, "Async Capable": false, "Startup Cost": 40001638980.13, "Total Cost": 40001638980.13, "Plan Rows": 1, "Plan Width": 59, "Plans": [{"Node Type": "Hash Join", "Parent Relationship": "Outer", "Parallel Aware": false, "Async Capable": false, "Join Type": "Inner", "Startup Cost": 40001626413.0, "Total Cost": 40001638980.13, "Plan Rows": 1, "Plan Width": 59, "Inner Unique": false, "Hash Cond": "(cn.id = mc.company_id)", "Plans": [{"Node Type": "Index Scan", "Parent Relationship": "Outer", "Parallel Aware": false, "Async Capable": false, "Scan Direction": "Forward", "Index Name": "company_name_pkey", "Relation Name": "company_name", "Alias": "cn", "Startup Cost": 0.42, "Total Cost": 12559.02, "Plan Rows": 2272, "Plan Width": 4, "Filter": "((country_code)::text = '[nl]'::text)"}, {"Node Type": "Hash", "Parent Relationship": "Inner", "Parallel Aware": false, "Async Capable": false, "Startup Cost": 40001626412.57, "Total Cost": 40001626412.57, "Plan Rows": 1, "Plan Width": 63, "Plans": [{"Node Type": "Hash Join", "Parent Relationship": "Outer", "Parallel Aware": false, "Async Capable": false, "Join Type": "Inner", "Startup Cost": 40001485920.7, "Total Cost": 40001626412.57, "Plan Rows": 1, "Plan Width": 63, "Inner Unique": false, "Hash Cond": "(chn.id = ci.person_role_id)", "Plans": [{"Node Type": "Index Scan", "Parent Relationship": "Outer", "Parallel Aware": false, "Async Capable": false, "Scan Direction": "Forward", "Index Name": "char_name_pkey", "Relation Name": "char_name", "Alias": "chn", "Startup Cost": 0.43, "Total Cost": 128716.01, "Plan Rows": 3140339, "Plan Width": 20}, {"Node Type": "Hash", "Parent Relationship": "Inner", "Parallel Aware": false, "Async Capable": false, "Startup Cost": 40001485920.26, "Total Cost": 40001485920.26, "Plan Rows": 1, "Plan Width": 51, "Plans": [{"Node Type": "Hash Join", "Parent Relationship": "Outer", "Parallel Aware": false, "Async Capable": false, "Join Type": "Inner", "Startup Cost": 40001286866.95, "Total Cost": 40001485920.26, "Plan Rows": 1, "Plan Width": 51, "Inner Unique": false, "Hash Cond": "(n.id = ci.person_id)", "Plans": [{"Node Type": "Index Scan", "Parent Relationship": "Outer", "Parallel Aware": false, "Async Capable": false, "Scan Direction": "Forward", "Index Name": "name_pkey", "Relation Name": "name", "Alias": "n", "Startup Cost": 0.43, "Total Cost": 199053.37, "Plan Rows": 96, "Plan Width": 19, "Filter": "(((name)::text ~~ '%Downey%Robert%'::text) AND ((gender)::text = 'f'::text))"}, {"Node Type": "Hash", "Parent Relationship": "Inner", "Parallel Aware": false, "Async Capable": false, "Startup Cost": 40001286866.4, "Total Cost": 40001286866.4, "Plan Rows": 10, "Plan Width": 32, "Plans": [{"Node Type": "Hash Join", "Parent Relationship": "Outer", "Parallel Aware": false, "Async Capable": false, "Join Type": "Inner", "Startup Cost": 40000526577.43, "Total Cost": 40001286866.4, "Plan Rows": 10, "Plan Width": 32, "Inner Unique": false, "Hash Cond": "(ci.movie_id = mi.movie_id)", "Plans": [{"Node Type": "Seq Scan", "Parent Relationship": "Outer", "Parallel Aware": false, "Async Capable": false, "Relation Name": "cast_info", "Alias": "ci", "Startup Cost": 10000000000.0, "Total Cost": 10000750937.77, "Plan Rows": 2493625, "Plan Width": 16, "Filter": "((note)::text = ANY ('{\"(executive producer)\",\"(head writer)\",(producer)}'::text[]))"}, {"Node Type": "Hash", "Parent Relationship": "Inner", "Parallel Aware": false, "Async Capable": false, "Startup Cost": 30000526577.38, "Total Cost": 30000526577.38, "Plan Rows": 4, "Plan Width": 16, "Plans": [{"Node Type": "Hash Join", "Parent Relationship": "Outer", "Parallel Aware": false, "Async Capable": false, "Join Type": "Inner", "Startup Cost": 30000471877.81, "Total Cost": 30000526577.38, "Plan Rows": 4, "Plan Width": 16, "Inner Unique": false, "Hash Cond": "(mc.movie_id = mi.movie_id)", "Plans": [{"Node Type": "Seq Scan", "Parent Relationship": "Outer", "Parallel Aware": false, "Async Capable": false, "Relation Name": "movie_companies", "Alias": "mc", "Startup Cost": 10000000000.0, "Total Cost": 10000044915.29, "Plan Rows": 2609129, "Plan Width": 8}, {"Node Type": "Hash", "Parent Relationship": "Inner", "Parallel Aware": false, "Async Capable": false, "Startup Cost": 20000471877.8, "Total Cost": 20000471877.8, "Plan Rows": 1, "Plan Width": 8, "Plans": [{"Node Type": "Hash Join", "Parent Relationship": "Outer", "Parallel Aware": false, "Async Capable": false, "Join Type": "Inner", "Startup Cost": 20000087350.18, "Total Cost": 20000471877.8, "Plan Rows": 1, "Plan Width": 8, "Inner Unique": true, "Hash Cond": "(mi.info_type_id = it.id)", "Plans": [{"Node Type": "Hash Join", "Parent Relationship": "Outer", "Parallel Aware": false, "Async Capable": false, "Join Type": "Inner", "Startup Cost": 20000087336.05, "Total Cost": 20000471863.62, "Plan Rows": 18, "Plan Width": 12, "Inner Unique": false, "Hash Cond": "(mi.movie_id = mk.movie_id)", "Plans": [{"Node Type": "Seq Scan", "Parent Relationship": "Outer", "Parallel Aware": false, "Async Capable": false, "Relation Name": "movie_info", "Alias": "mi", "Startup Cost": 10000000000.0, "Total Cost": 10000384190.97, "Plan Rows": 89713, "Plan Width": 8, "Filter": "(((info)::text ~~ 'Japan:%200%'::text) OR ((info)::text ~~ 'Japan:%2007%'::text))"}, {"Node Type": "Hash", "Parent Relationship": "Inner", "Parallel Aware": false, "Async Capable": false, "Startup Cost": 10000087334.36, "Total Cost": 10000087334.36, "Plan Rows": 135, "Plan Width": 4, "Plans": [{"Node Type": "Hash Join", "Parent Relationship": "Outer", "Parallel Aware": false, "Async Capable": false, "Join Type": "Inner", "Startup Cost": 10000005739.37, "Total Cost": 10000087334.36, "Plan Rows": 135, "Plan Width": 4, "Inner Unique": true, "Hash Cond": "(mk.keyword_id = k.id)", "Plans": [{"Node Type": "Seq Scan", "Parent Relationship": "Outer", "Parallel Aware": false, "Async Capable": false, "Relation Name": "movie_keyword", "Alias": "mk", "Startup Cost": 10000000000.0, "Total Cost": 10000069719.3, "Plan Rows": 4523930, "Plan Width": 8}, {"Node Type": "Hash", "Parent Relationship": "Inner", "Parallel Aware": false, "Async Capable": false, "Startup Cost": 5739.32, "Total Cost": 5739.32, "Plan Rows": 4, "Plan Width": 4, "Plans": [{"Node Type": "Index Scan", "Parent Relationship": "Outer", "Parallel Aware": false, "Async Capable": false, "Scan Direction": "Forward", "Index Name": "keyword_pkey", "Relation Name": "keyword", "Alias": "k", "Startup Cost": 0.42, "Total Cost": 5739.32, "Plan Rows": 4, "Plan Width": 4, "Filter": "((keyword)::text = ANY ('{\"10,000-mile-club\",alienation,based-on-comic,based-on-novel}'::text[]))"}]}]}]}]}, {"Node Type": "Hash", "Parent Relationship": "Inner", "Parallel Aware": false, "Async Capable": false, "Startup Cost": 14.12, "Total Cost": 14.12, "Plan Rows": 1, "Plan Width": 4, "Plans": [{"Node Type": "Index Scan", "Parent Relationship": "Outer", "Parallel Aware": false, "Async Capable": false, "Scan Direction": "Forward", "Index Name": "info_type_pkey", "Relation Name": "info_type", "Alias": "it", "Startup Cost": 0.14, "Total Cost": 14.12, "Plan Rows": 1, "Plan Width": 4, "Filter": "((info)::text = 'budget'::text)"}]}]}]}]}]}]}]}]}]}]}]}]}]}]}, {"Node Type": "Hash", "Parent Relationship": "Inner", "Parallel Aware": false, "Async Capable": false, "Startup Cost": 12.35, "Total Cost": 12.35, "Plan Rows": 1, "Plan Width": 4, "Plans": [{"Node Type": "Index Scan", "Parent Relationship": "Outer", "Parallel Aware": false, "Async Capable": false, "Scan Direction": "Forward", "Index Name": "role_type_pkey", "Relation Name": "role_type", "Alias": "rt", "Startup Cost": 0.14, "Total Cost": 12.35, "Plan Rows": 1, "Plan Width": 4, "Filter": "((role)::text = 'costume designer'::text)"}]}]}]}]}]}}, {"Plan": {"Node Type": "Aggregate", "Strategy": "Plain", "Partial Mode": "Simple", "Parallel Aware": false, "Async Capable": false, "Startup Cost": 50002059132.49, "Total Cost": 50002059132.5, "Plan Rows": 1, "Plan Width": 96, "Plans": [{"Node Type": "Hash Join", "Parent Relationship": "Outer", "Parallel Aware": false, "Async Capable": false, "Join Type": "Inner", "Startup Cost": 50002035323.0, "Total Cost": 50002059132.48, "Plan Rows": 1, "Plan Width": 48, "Inner Unique": false, "Hash Cond": "(an.person_id = n.id)", "Plans": [{"Node Type": "Seq Scan", "Parent Relationship": "Outer", "Parallel Aware": false, "Async Capable": false, "Relation Name": "aka_name", "Alias": "an", "Startup Cost": 10000000000.0, "Total Cost": 10000020429.43, "Plan Rows": 901343, "Plan Width": 4}, {"Node Type": "Hash", "Parent Relationship": "Inner", "Parallel Aware": false, "Async Capable": false, "Startup Cost": 40002035322.99, "Total Cost": 40002035322.99, "Plan Rows": 1, "Plan Width": 56, "Plans": [{"Node Type": "Merge Join", "Parent Relationship": "Outer", "Parallel Aware": false, "Async Capable": false, "Join Type": "Inner", "Startup Cost": 40002022758.69, "Total Cost": 40002035322.99, "Plan Rows": 1, "Plan Width": 56, "Inner Unique": false, "Merge Cond": "(cn.id = mc.company_id)", "Plans": [{"Node Type": "Index Scan", "Parent Relationship": "Outer", "Parallel Aware": false, "Async Capable": false, "Scan Direction": "Forward", "Index Name": "company_name_pkey", "Relation Name": "company_name", "Alias": "cn", "Startup Cost": 0.42, "Total Cost": 12559.02, "Plan Rows": 2272, "Plan Width": 4, "Filter": "((country_code)::text = '[nl]'::text)"}, {"Node Type": "Sort", "Parent Relationship": "Inner", "Parallel Aware": false, "Async Capable": false, "Startup Cost": 40002022758.27, "Total Cost": 40002022758.28, "Plan Rows": 1, "Plan Width": 60, "Sort Key": ["mc.company_id"], "Plans": [{"Node Type": "Hash Join", "Parent Relationship": "Outer", "Parallel Aware": false, "Async Capable": false, "Join Type": "Inner", "Startup Cost": 40001968058.73, "Total Cost": 40002022758.26, "Plan Rows": 1, "Plan Width": 60, "Inner Unique": false, "Hash Cond": "(mc.movie_id = t.id)", "Plans": [{"Node Type": "Seq Scan", "Parent Relationship": "Outer", "Parallel Aware": false, "Async Capable": false, "Relation Name": "movie_companies", "Alias": "mc", "Startup Cost": 10000000000.0, "Total Cost": 10000044915.29, "Plan Rows": 2609129, "Plan Width": 8}, {"Node Type": "Hash", "Parent Relationship": "Inner", "Parallel Aware": false, "Async Capable": false, "Startup Cost": 30001968058.71, "Total Cost": 30001968058.71, "Plan Rows": 1, "Plan Width": 72, "Plans": [{"Node Type": "Hash Join", "Parent Relationship": "Outer", "Parallel Aware": false, "Async Capable": false, "Join Type": "Inner", "Startup Cost": 30001831492.27, "Total Cost": 30001968058.71, "Plan Rows": 1, "Plan Width": 72, "Inner Unique": true, "Hash Cond": "(ci.role_id = rt.id)", "Plans": [{"Node Type": "Merge Join", "Parent Relationship": "Outer", "Parallel Aware": false, "Async Capable": false, "Join Type": "Inner", "Startup Cost": 30001831479.91, "Total Cost": 30001968046.35, "Plan Rows": 1, "Plan Width": 76, "Inner Unique": true, "Merge Cond": "(ci.person_role_id = chn.id)", "Plans": [{"Node Type": "Sort", "Parent Relationship": "Outer", "Parallel Aware": false, "Async Capable": false, "Startup Cost": 30001831479.48, "Total Cost": 30001831479.48, "Plan Rows": 1, "Plan Width": 64, "Sort Key": ["ci.person_role_id"], "Plans": [{"Node Type": "Hash Join", "Parent Relationship": "Outer", "Parallel Aware": false, "Async Capable": false, "Join Type": "Inner", "Startup Cost": 30001831030.89, "Total Cost": 30001831479.47, "Plan Rows": 1, "Plan Width": 64, "Inner Unique": true, "Hash Cond": "(mi.info_type_id = it.id)", "Plans": [{"Node Type": "Merge Join", "Parent Relationship": "Outer", "Parallel Aware": false, "Async Capable": false, "Join Type": "Inner", "Startup Cost": 30001831016.76, "Total Cost": 30001831465.33, "Plan Rows": 1, "Plan Width": 68, "Inner Unique": false, "Merge Cond": "(t.id = mi.movie_id)", "Plans": [{"Node Type": "Sort", "Parent Relationship": "Outer", "Parallel Aware": false, "Async Capable": false, "Startup Cost": 20001439445.53, "Total Cost": 20001439445.53, "Plan Rows": 1, "Plan Width": 60, "Sort Key": ["mk.movie_id"], "Plans": [{"Node Type": "Merge Join", "Parent Relationship": "Outer", "Parallel Aware": false, "Async Capable": false, "Join Type": "Inner", "Startup Cost": 20001244538.64, "Total Cost": 20001439445.52, "Plan Rows": 1, "Plan Width": 60, "Inner Unique": false, "Merge Cond": "(n.id = ci.person_id)", "Plans": [{"Node Type": "Index Scan", "Parent Relationship": "Outer", "Parallel Aware": false, "Async Capable": false, "Scan Direction": "Forward", "Index Name": "name_pkey", "Relation Name": "name", "Alias": "n", "Startup Cost": 0.43, "Total Cost": 199053.37, "Plan Rows": 96, "Plan Width": 19, "Filter": "(((name)::text ~~ '%Downey%Robert%'::text) AND ((gender)::text = 'f'::text))"}, {"Node Type": "Sort", "Parent Relationship": "Inner", "Parallel Aware": false, "Async Capable": false, "Startup Cost": 20001244538.21, "Total Cost": 20001244538.53, "Plan Rows": 125, "Plan Width": 41, "Sort Key": ["ci.person_id"], "Plans": [{"Node Type": "Merge Join", "Parent Relationship": "Outer", "Parallel Aware": false, "Async Capable": false, "Join Type": "Inner", "Startup Cost": 20001103225.41, "Total Cost": 20001244533.86, "Plan Rows": 125, "Plan Width": 41, "Inner Unique": false, "Merge Cond": "(t.id = ci.movie_id)", "Plans": [{"Node Type": "Merge Join", "Parent Relationship": "Outer", "Parallel Aware": false, "Async Capable": false, "Join Type": "Inner", "Startup Cost": 10000087342.06, "Total Cost": 10000216181.07, "Plan Rows": 127, "Plan Width": 25, "Inner Unique": true, "Merge Cond": "(mk.movie_id = t.id)", "Plans": [{"Node Type": "Sort", "Parent Relationship": "Outer", "Parallel Aware": false, "Async Capable": false, "Startup Cost": 10000087339.14, "Total Cost": 10000087339.47, "Plan Rows": 135, "Plan Width": 4, "Sort Key": ["mk.movie_id"], "Plans": [{"Node Type": "Hash Join", "Parent Relationship": "Outer", "Parallel Aware": false, "Async Capable": false, "Join Type": "Inner", "Startup Cost": 10000005739.37, "Total Cost": 10000087334.36, "Plan Rows": 135, "Plan Width": 4, "Inner Unique": true, "Hash Cond": "(mk.keyword_id = k.id)", "Plans": [{"Node Type": "Seq Scan", "Parent Relationship": "Outer", "Parallel Aware": false, "Async Capable": false, "Relation Name": "movie_keyword", "Alias": "mk", "Startup Cost": 10000000000.0, "Total Cost": 10000069719.3, "Plan Rows": 4523930, "Plan Width": 8}, {"Node Type": "Hash", "Parent Relationship": "Inner", "Parallel Aware": false, "Async Capable": false, "Startup Cost": 5739.32, "Total Cost": 5739.32, "Plan Rows": 4, "Plan Width": 4, "Plans": [{"Node Type": "Index Scan", "Parent Relationship": "Outer", "Parallel Aware": false, "Async Capable": false, "Scan Direction": "Forward", "Index Name": "keyword_pkey", "Relation Name": "keyword", "Alias": "k", "Startup Cost": 0.42, "Total Cost": 5739.32, "Plan Rows": 4, "Plan Width": 4, "Filter": "((keyword)::text = ANY ('{\"10,000-mile-club\",alienation,based-on-comic,based-on-novel}'::text[]))"}]}]}]}, {"Node Type": "Index Scan", "Parent Relationship": "Inner", "Parallel Aware": false, "Async Capable": false, "Scan Direction": "Forward", "Index Name": "title_pkey", "Relation Name": "title", "Alias": "t", "Startup Cost": 0.43, "Total Cost": 123010.23, "Plan Rows": 2381762, "Plan Width": 21, "Filter": "((production_year >= 1917) AND (production_year <= 2014))"}]}, {"Node Type": "Sort", "Parent Relationship": "Inner", "Parallel Aware": false, "Async Capable": false, "Startup Cost": 10001015883.1, "Total Cost": 10001022117.16, "Plan Rows": 2493625, "Plan Width": 16, "Sort Key": ["ci.movie_id"], "Plans": [{"Node Type": "Seq Scan", "Parent Relationship": "Outer", "Parallel Aware": false, "Async Capable": false, "Relation Name": "cast_info", "Alias": "ci", "Startup Cost": 10000000000.0, "Total Cost": 10000750937.77, "Plan Rows": 2493625, "Plan Width": 16, "Filter": "((note)::text = ANY ('{\"(executive producer)\",\"(head writer)\",(producer)}'::text[]))"}]}]}]}]}]}, {"Node Type": "Sort", "Parent Relationship": "Inner", "Parallel Aware": false, "Async Capable": false, "Startup Cost": 10000391571.22, "Total Cost": 10000391795.51, "Plan Rows": 89713, "Plan Width": 8, "Sort Key": ["mi.movie_id"], "Plans": [{"Node Type": "Seq Scan", "Parent Relationship": "Outer", "Parallel Aware": false, "Async Capable": false, "Relation Name": "movie_info", "Alias": "mi", "Startup Cost": 10000000000.0, "Total Cost": 10000384190.97, "Plan Rows": 89713, "Plan Width": 8, "Filter": "(((info)::text ~~ 'Japan:%200%'::text) OR ((info)::text ~~ 'Japan:%2007%'::text))"}]}]}, {"Node Type": "Hash", "Parent Relationship": "Inner", "Parallel Aware": false, "Async Capable": false, "Startup Cost": 14.12, "Total Cost": 14.12, "Plan Rows": 1, "Plan Width": 4, "Plans": [{"Node Type": "Index Scan", "Parent Relationship": "Outer", "Parallel Aware": false, "Async Capable": false, "Scan Direction": "Forward", "Index Name": "info_type_pkey", "Relation Name": "info_type", "Alias": "it", "Startup Cost": 0.14, "Total Cost": 14.12, "Plan Rows": 1, "Plan Width": 4, "Filter": "((info)::text = 'budget'::text)"}]}]}]}, {"Node Type": "Index Scan", "Parent Relationship": "Inner", "Parallel Aware": false, "Async Capable": false, "Scan Direction": "Forward", "Index Name": "char_name_pkey", "Relation Name": "char_name", "Alias": "chn", "Startup Cost": 0.43, "Total Cost": 128716.01, "Plan Rows": 3140339, "Plan Width": 20}]}, {"Node Type": "Hash", "Parent Relationship": "Inner", "Parallel Aware": false, "Async Capable": false, "Startup Cost": 12.35, "Total Cost": 12.35, "Plan Rows": 1, "Plan Width": 4, "Plans": [{"Node Type": "Index Scan", "Parent Relationship": "Outer", "Parallel Aware": false, "Async Capable": false, "Scan Direction": "Forward", "Index Name": "role_type_pkey", "Relation Name": "role_type", "Alias": "rt", "Startup Cost": 0.14, "Total Cost": 12.35, "Plan Rows": 1, "Plan Width": 4, "Filter": "((role)::text = 'costume designer'::text)"}]}]}]}]}]}]}]}]}]}}, {"Plan": {"Node Type": "Aggregate", "Strategy": "Plain", "Partial Mode": "Simple", "Parallel Aware": false, "Async Capable": false, "Startup Cost": 50001365898.22, "Total Cost": 50001365898.23, "Plan Rows": 1, "Plan Width": 96, "Plans": [{"Node Type": "Nested Loop", "Parent Relationship": "Outer", "Parallel Aware": false, "Async Capable": false, "Join Type": "Inner", "Startup Cost": 50001311198.61, "Total Cost": 50001365898.21, "Plan Rows": 1, "Plan Width": 48, "Inner Unique": true, "Plans": [{"Node Type": "Nested Loop", "Parent Relationship": "Outer", "Parallel Aware": false, "Async Capable": false, "Join Type": "Inner", "Startup Cost": 50001311198.47, "Total Cost": 50001365898.03, "Plan Rows": 1, "Plan Width": 52, "Inner Unique": true, "Plans": [{"Node Type": "Hash Join", "Parent Relationship": "Outer", "Parallel Aware": false, "Async Capable": false, "Join Type": "Inner", "Startup Cost": 50001311198.05, "Total Cost": 50001365897.59, "Plan Rows": 1, "Plan Width": 56, "Inner Unique": false, "Hash Cond": "(mc.movie_id = t.id)", "Plans": [{"Node Type": "Seq Scan", "Parent Relationship": "Outer", "Parallel Aware": false, "Async Capable": false, "Relation Name": "movie_companies", "Alias": "mc", "Startup Cost": 10000000000.0, "Total Cost": 10000044915.29, "Plan Rows": 2609129, "Plan Width": 8}, {"Node Type": "Hash", "Parent Relationship": "Inner", "Parallel Aware": false, "Async Capable": false, "Startup Cost": 40001311198.04, "Total Cost": 40001311198.04, "Plan Rows": 1, "Plan Width": 68, "Plans": [{"Node Type": "Nested Loop", "Parent Relationship": "Outer", "Parallel Aware": false, "Async Capable": false, "Join Type": "Inner", "Startup Cost": 40000478911.8, "Total Cost": 40001311198.04, "Plan Rows": 1, "Plan Width": 68, "Inner Unique": true, "Plans": [{"Node Type": "Nested Loop", "Parent Relationship": "Outer", "Parallel Aware": false, "Async Capable": false, "Join Type": "Inner", "Startup Cost": 40000478911.37, "Total Cost": 40001311196.91, "Plan Rows": 2, "Plan Width": 61, "Inner Unique": true, "Join Filter": "(t.id = mi.movie_id)", "Plans": [{"Node Type": "Nested Loop", "Parent Relationship": "Outer", "Parallel Aware": false, "Async Capable": false, "Join Type": "Inner", "Startup Cost": 40000478910.94, "Total Cost": 40001311195.9, "Plan Rows": 2, "Plan Width": 40, "Inner Unique": true, "Plans": [{"Node Type": "Nested Loop", "Parent Relationship": "Outer", "Parallel Aware": false, "Async Capable": false, "Join Type": "Inner", "Startup Cost": 40000478910.51, "Total Cost": 40001311193.8, "Plan Rows": 4, "Plan Width": 28, "Inner Unique": false, "Join Filter": "(an.person_id = ci.person_id)", "Plans": [{"Node Type": "Nested Loop", "Parent Relationship": "Outer", "Parallel Aware": false, "Async Capable": false, "Join Type": "Inner", "Startup Cost": 30000478910.51, "Total Cost": 30001261470.72, "Plan Rows": 2, "Plan Width": 24, "Inner Unique": false, "Join Filter": "(mi.movie_id = ci.movie_id)", "Plans": [{"Node Type": "Nested Loop", "Parent Relationship": "Outer", "Parallel Aware": false, "Async Capable": false, "Join Type": "Inner", "Startup Cost": 20000478910.51, "Total Cost": 20000479362.64, "Plan Rows": 1, "Plan Width": 8, "Inner Unique": true, "Plans": [{"Node Type": "Merge Join", "Parent Relationship": "Outer", "Parallel Aware": false, "Async Capable": false, "Join Type": "Inner", "Startup Cost": 20000478910.37, "Total Cost": 20000479359.69, "Plan Rows": 18, "Plan Width": 12, "Inner Unique": false, "Merge Cond": "(mk.movie_id = mi.movie_id)", "Plans": [{"Node Type": "Sort", "Parent Relationship": "Outer", "Parallel Aware": false, "Async Capable": false, "Startup Cost": 10000087339.14, "Total Cost": 10000087339.47, "Plan Rows": 135, "Plan Width": 4, "Sort Key": ["mk.movie_id"], "Plans": [{"Node Type": "Hash Join", "Parent Relationship": "Outer", "Parallel Aware": false, "Async Capable": false, "Join Type": "Inner", "Startup Cost": 10000005739.37, "Total Cost": 10000087334.36, "Plan Rows": 135, "Plan Width": 4, "Inner Unique": true, "Hash Cond": "(mk.keyword_id = k.id)", "Plans": [{"Node Type": "Seq Scan", "Parent Relationship": "Outer", "Parallel Aware": false, "Async Capable": false, "Relation Name": "movie_keyword", "Alias": "mk", "Startup Cost": 10000000000.0, "Total Cost": 10000069719.3, "Plan Rows": 4523930, "Plan Width": 8}, {"Node Type": "Hash", "Parent Relationship": "Inner", "Parallel Aware": false, "Async Capable": false, "Startup Cost": 5739.32, "Total Cost": 5739.32, "Plan Rows": 4, "Plan Width": 4, "Plans": [{"Node Type": "Index Scan", "Parent Relationship": "Outer", "Parallel Aware": false, "Async Capable": false, "Scan Direction": "Forward", "Index Name": "keyword_pkey", "Relation Name": "keyword", "Alias": "k", "Startup Cost": 0.42, "Total Cost": 5739.32, "Plan Rows": 4, "Plan Width": 4, "Filter": "((keyword)::text = ANY ('{\"10,000-mile-club\",alienation,based-on-comic,based-on-novel}'::text[]))"}]}]}]}, {"Node Type": "Sort", "Parent Relationship": "Inner", "Parallel Aware": false, "Async Capable": false, "Startup Cost": 10000391571.22, "Total Cost": 10000391795.51, "Plan Rows": 89713, "Plan Width": 8, "Sort Key": ["mi.movie_id"], "Plans": [{"Node Type": "Seq Scan", "Parent Relationship": "Outer", "Parallel Aware": false, "Async Capable": false, "Relation Name": "movie_info", "Alias": "mi", "Startup Cost": 10000000000.0, "Total Cost": 10000384190.97, "Plan Rows": 89713, "Plan Width": 8, "Filter": "(((info)::text ~~ 'Japan:%200%'::text) OR ((info)::text ~~ 'Japan:%2007%'::text))"}]}]}, {"Node Type": "Index Scan", "Parent Relationship": "Inner", "Parallel Aware": false, "Async Capable": false, "Scan Direction": "Forward", "Index Name": "info_type_pkey", "Relation Name": "info_type", "Alias": "it", "Startup Cost": 0.14, "Total Cost": 0.16, "Plan Rows": 1, "Plan Width": 4, "Index Cond": "(id = mi.info_type_id)", "Filter": "((info)::text = 'budget'::text)"}]}, {"Node Type": "Seq Scan", "Parent Relationship": "Inner", "Parallel Aware": false, "Async Capable": false, "Relation Name": "cast_info", "Alias": "ci", "Startup Cost": 10000000000.0, "Total Cost": 10000750937.77, "Plan Rows": 2493625, "Plan Width": 16, "Filter": "((note)::text = ANY ('{\"(executive producer)\",\"(head writer)\",(producer)}'::text[]))"}]}, {"Node Type": "Materialize", "Parent Relationship": "Inner", "Parallel Aware": false, "Async Capable": false, "Startup Cost": 10000000000.0, "Total Cost": 10000024936.15, "Plan Rows": 901343, "Plan Width": 4, "Plans": [{"Node Type": "Seq Scan", "Parent Relationship": "Outer", "Parallel Aware": false, "Async Capable": false, "Relation Name": "aka_name", "Alias": "an", "Startup Cost": 10000000000.0, "Total Cost": 10000020429.43, "Plan Rows": 901343, "Plan Width": 4}]}]}, {"Node Type": "Index Scan", "Parent Relationship": "Inner", "Parallel Aware": false, "Async Capable": false, "Scan Direction": "Forward", "Index Name": "char_name_pkey", "Relation Name": "char_name", "Alias": "chn", "Startup Cost": 0.43, "Total Cost": 0.52, "Plan Rows": 1, "Plan Width": 20, "Index Cond": "(id = ci.person_role_id)"}]}, {"Node Type": "Index Scan", "Parent Relationship": "Inner", "Parallel Aware": false, "Async Capable": false, "Scan Direction": "Forward", "Index Name": "title_pkey", "Relation Name": "title", "Alias": "t", "Startup Cost": 0.43, "Total Cost": 0.49, "Plan Rows": 1, "Plan Width": 21, "Index Cond": "(id = mk.movie_id)", "Filter": "((production_year >= 1917) AND (production_year <= 2014))"}]}, {"Node Type": "Index Scan", "Parent Relationship": "Inner", "Parallel Aware": false, "Async Capable": false, "Scan Direction": "Forward", "Index Name": "name_pkey", "Relation Name": "name", "Alias": "n", "Startup Cost": 0.43, "Total Cost": 0.57, "Plan Rows": 1, "Plan Width": 19, "Index Cond": "(id = ci.person_id)", "Filter": "(((name)::text ~~ '%Downey%Robert%'::text) AND ((gender)::text = 'f'::text))"}]}]}]}, {"Node Type": "Index Scan", "Parent Relationship": "Inner", "Parallel Aware": false, "Async Capable": false, "Scan Direction": "Forward", "Index Name": "company_name_pkey", "Relation Name": "company_name", "Alias": "cn", "Startup Cost": 0.42, "Total Cost": 0.45, "Plan Rows": 1, "Plan Width": 4, "Index Cond": "(id = mc.company_id)", "Filter": "((country_code)::text = '[nl]'::text)"}]}, {"Node Type": "Index Scan", "Parent Relationship": "Inner", "Parallel Aware": false, "Async Capable": false, "Scan Direction": "Forward", "Index Name": "role_type_pkey", "Relation Name": "role_type", "Alias": "rt", "Startup Cost": 0.14, "Total Cost": 0.16, "Plan Rows": 1, "Plan Width": 4, "Index Cond": "(id = ci.role_id)", "Filter": "((role)::text = 'costume designer'::text)"}]}]}}, {"Plan": {"Node Type": "Aggregate", "Strategy": "Plain", "Partial Mode": "Simple", "Parallel Aware": false, "Async Capable": false, "Startup Cost": 806973.76, "Total Cost": 806973.77, "Plan Rows": 1, "Plan Width": 96, "Plans": [{"Node Type": "Hash Join", "Parent Relationship": "Outer", "Parallel Aware": false, "Async Capable": false, "Join Type": "Inner", "Startup Cost": 759730.73, "Total Cost": 806973.76, "Plan Rows": 1, "Plan Width": 48, "Inner Unique": true, "Hash Cond": "(ci.role_id = rt.id)", "Plans": [{"Node Type": "Gather", "Parent Relationship": "Outer", "Parallel Aware": false, "Async Capable": false, "Startup Cost": 759729.56, "Total Cost": 806972.59, "Plan Rows": 1, "Plan Width": 52, "Workers Planned": 4, "Single Copy": false, "Plans": [{"Node Type": "Hash Join", "Parent Relationship": "Outer", "Parallel Aware": true, "Async Capable": false, "Join Type": "Inner", "Startup Cost": 758729.56, "Total Cost": 805972.49, "Plan Rows": 1, "Plan Width": 52, "Inner Unique": false, "Hash Cond": "(chn.id = ci.person_role_id)", "Plans": [{"Node Type": "Seq Scan", "Parent Relationship": "Outer", "Parallel Aware": true, "Async Capable": false, "Relation Name": "char_name", "Alias": "chn", "Startup Cost": 0.0, "Total Cost": 44298.85, "Plan Rows": 785085, "Plan Width": 20}, {"Node Type": "Hash", "Parent Relationship": "Inner", "Parallel Aware": true, "Async Capable": false, "Startup Cost": 758729.55, "Total Cost": 758729.55, "Plan Rows": 1, "Plan Width": 40, "Plans": [{"Node Type": "Hash Join", "Parent Relationship": "Outer", "Parallel Aware": true, "Async Capable": false, "Join Type": "Inner", "Startup Cost": 743642.72, "Total Cost": 758729.55, "Plan Rows": 1, "Plan Width": 40, "Inner Unique": false, "Hash Cond": "(n.id = ci.person_id)", "Plans": [{"Node Type": "Hash Join", "Parent Relationship": "Outer", "Parallel Aware": true, "Async Capable": false, "Join Type": "Inner", "Startup Cost": 71284.39, "Total Cost": 86371.18, "Plan Rows": 7, "Plan Width": 23, "Inner Unique": true, "Hash Cond": "(an.person_id = n.id)", "Plans": [{"Node Type": "Seq Scan", "Parent Relationship": "Outer", "Parallel Aware": true, "Async Capable": false, "Relation Name": "aka_name", "Alias": "an", "Startup Cost": 0.0, "Total Cost": 14323.56, "Plan Rows": 290756, "Plan Width": 4}, {"Node Type": "Hash", "Parent Relationship": "Inner", "Parallel Aware": true, "Async Capable": false, "Startup Cost": 71284.09, "Total Cost": 71284.09, "Plan Rows": 24, "Plan Width": 19, "Plans": [{"Node Type": "Seq Scan", "Parent Relationship": "Outer", "Parallel Aware": true, "Async Capable": false, "Relation Name": "name", "Alias": "n", "Startup Cost": 0.0, "Total Cost": 71284.09, "Plan Rows": 24, "Plan Width": 19, "Filter": "(((name)::text ~~ '%Downey%Robert%'::text) AND ((gender)::text = 'f'::text))"}]}]}, {"Node Type": "Hash", "Parent Relationship": "Inner", "Parallel Aware": true, "Async Capable": false, "Startup Cost": 672358.32, "Total Cost": 672358.32, "Plan Rows": 1, "Plan Width": 29, "Plans": [{"Node Type": "Hash Join", "Parent Relationship": "Outer", "Parallel Aware": true, "Async Capable": false, "Join Type": "Inner", "Startup Cost": 335043.5, "Total Cost": 672358.32, "Plan Rows": 1, "Plan Width": 29, "Inner Unique": false, "Hash Cond": "(ci.movie_id = t.id)", "Plans": [{"Node Type": "Seq Scan", "Parent Relationship": "Outer", "Parallel Aware": true, "Async Capable": false, "Relation Name": "cast_info", "Alias": "ci", "Startup Cost": 0.0, "Total Cost": 335756.3, "Plan Rows": 415604, "Plan Width": 16, "Filter": "((note)::text = ANY ('{\"(executive producer)\",\"(head writer)\",(producer)}'::text[]))"}, {"Node Type": "Hash", "Parent Relationship": "Inner", "Parallel Aware": true, "Async Capable": false, "Startup Cost": 335043.49, "Total Cost": 335043.49, "Plan Rows": 1, "Plan Width": 33, "Plans": [{"Node Type": "Hash Join", "Parent Relationship": "Outer", "Parallel Aware": true, "Async Capable": false, "Join Type": "Inner", "Startup Cost": 330270.55, "Total Cost": 335043.49, "Plan Rows": 1, "Plan Width": 33, "Inner Unique": false, "Hash Cond": "(cn.id = mc.company_id)", "Plans": [{"Node Type": "Seq Scan", "Parent Relationship": "Outer", "Parallel Aware": true, "Async Capable": false, "Relation Name": "company_name", "Alias": "cn", "Startup Cost": 0.0, "Total Cost": 4767.92, "Plan Rows": 1336, "Plan Width": 4, "Filter": "((country_code)::text = '[nl]'::text)"}, {"Node Type": "Hash", "Parent Relationship": "Inner", "Parallel Aware": true, "Async Capable": false, "Startup Cost": 330270.53, "Total Cost": 330270.53, "Plan Rows": 1, "Plan Width": 37, "Plans": [{"Node Type": "Hash Join", "Parent Relationship": "Outer", "Parallel Aware": true, "Async Capable": false, "Join Type": "Inner", "Startup Cost": 282548.45, "Total Cost": 330270.53, "Plan Rows": 1, "Plan Width": 37, "Inner Unique": false, "Hash Cond": "(t.id = mi.movie_id)", "Plans": [{"Node Type": "Seq Scan", "Parent Relationship": "Outer", "Parallel Aware": true, "Async Capable": false, "Relation Name": "title", "Alias": "t", "Startup Cost": 0.0, "Total Cost": 45489.17, "Plan Rows": 595440, "Plan Width": 21, "Filter": "((production_year >= 1917) AND (production_year <= 2014))"}, {"Node Type": "Hash", "Parent Relationship": "Inner", "Parallel Aware": true, "Async Capable": false, "Startup Cost": 282548.44, "Total Cost": 282548.44, "Plan Rows": 1, "Plan Width": 16, "Plans": [{"Node Type": "Hash Join", "Parent Relationship": "Outer", "Parallel Aware": true, "Async Capable": false, "Join Type": "Inner", "Startup Cost": 252151.68, "Total Cost": 282548.44, "Plan Rows": 1, "Plan Width": 16, "Inner Unique": false, "Hash Cond": "(mc.movie_id = mi.movie_id)", "Plans": [{"Node Type": "Seq Scan", "Parent Relationship": "Outer", "Parallel Aware": true, "Async Capable": false, "Relation Name": "movie_companies", "Alias": "mc", "Startup Cost": 0.0, "Total Cost": 27240.55, "Plan Rows": 841655, "Plan Width": 8}, {"Node Type": "Hash", "Parent Relationship": "Inner", "Parallel Aware": true, "Async Capable": false, "Startup Cost": 252151.67, "Total Cost": 252151.67, "Plan Rows": 1, "Plan Width": 8, "Plans": [{"Node Type": "Hash Join", "Parent Relationship": "Outer", "Parallel Aware": false, "Async Capable": false, "Join Type": "Inner", "Startup Cost": 45927.77, "Total Cost": 252151.67, "Plan Rows": 1, "Plan Width": 8, "Inner Unique": true, "Hash Cond": "(mi.info_type_id = it.id)", "Plans": [{"Node Type": "Hash Join", "Parent Relationship": "Outer", "Parallel Aware": true, "Async Capable": false, "Join Type": "Inner", "Startup Cost": 45925.34, "Total Cost": 252149.23, "Plan Rows": 4, "Plan Width": 12, "Inner Unique": false, "Hash Cond": "(mi.movie_id = mk.movie_id)", "Plans": [{"Node Type": "Seq Scan", "Parent Relationship": "Outer", "Parallel Aware": true, "Async Capable": false, "Relation Name": "movie_info", "Alias": "mi", "Startup Cost": 0.0, "Total Cost": 206156.59, "Plan Rows": 17943, "Plan Width": 8, "Filter": "(((info)::text ~~ 'Japan:%200%'::text) OR ((info)::text ~~ 'Japan:%2007%'::text))"}, {"Node Type": "Hash", "Parent Relationship": "Inner", "Parallel Aware": true, "Async Capable": false, "Startup Cost": 45924.79, "Total Cost": 45924.79, "Plan Rows": 44, "Plan Width": 4, "Plans": [{"Node Type": "Hash Join", "Parent Relationship": "Outer", "Parallel Aware": false, "Async Capable": false, "Join Type": "Inner", "Startup Cost": 3020.6, "Total Cost": 45924.79, "Plan Rows": 44, "Plan Width": 4, "Inner Unique": true, "Hash Cond": "(mk.keyword_id = k.id)", "Plans": [{"Node Type": "Seq Scan", "Parent Relationship": "Outer", "Parallel Aware": true, "Async Capable": false, "Relation Name": "movie_keyword", "Alias": "mk", "Startup Cost": 0.0, "Total Cost": 39073.32, "Plan Rows": 1459332, "Plan Width": 8}, {"Node Type": "Hash", "Parent Relationship": "Inner", "Parallel Aware": false, "Async Capable": false, "Startup Cost": 3020.55, "Total Cost": 3020.55, "Plan Rows": 4, "Plan Width": 4, "Plans": [{"Node Type": "Seq Scan", "Parent Relationship": "Outer", "Parallel Aware": false, "Async Capable": false, "Relation Name": "keyword", "Alias": "k", "Startup Cost": 0.0, "Total Cost": 3020.55, "Plan Rows": 4, "Plan Width": 4, "Filter": "((keyword)::text = ANY ('{\"10,000-mile-club\",alienation,based-on-comic,based-on-novel}'::text[]))"}]}]}]}]}, {"Node Type": "Hash", "Parent Relationship": "Inner", "Parallel Aware": false, "Async Capable": false, "Startup Cost": 2.41, "Total Cost": 2.41, "Plan Rows": 1, "Plan Width": 4, "Plans": [{"Node Type": "Seq Scan", "Parent Relationship": "Outer", "Parallel Aware": false, "Async Capable": false, "Relation Name": "info_type", "Alias": "it", "Startup Cost": 0.0, "Total Cost": 2.41, "Plan Rows": 1, "Plan Width": 4, "Filter": "((info)::text = 'budget'::text)"}]}]}]}]}]}]}]}]}]}]}]}]}]}]}]}, {"Node Type": "Hash", "Parent Relationship": "Inner", "Parallel Aware": false, "Async Capable": false, "Startup Cost": 1.15, "Total Cost": 1.15, "Plan Rows": 1, "Plan Width": 4, "Plans": [{"Node Type": "Seq Scan", "Parent Relationship": "Outer", "Parallel Aware": false, "Async Capable": false, "Relation Name": "role_type", "Alias": "rt", "Startup Cost": 0.0, "Total Cost": 1.15, "Plan Rows": 1, "Plan Width": 4, "Filter": "((role)::text = 'costume designer'::text)"}]}]}]}}, {"Plan": {"Node Type": "Aggregate", "Strategy": "Plain", "Partial Mode": "Simple", "Parallel Aware": false, "Async Capable": false, "Startup Cost": 50001310673.28, "Total Cost": 50001310673.29, "Plan Rows": 1, "Plan Width": 96, "Plans": [{"Node Type": "Nested Loop", "Parent Relationship": "Outer", "Parallel Aware": false, "Async Capable": false, "Join Type": "Inner", "Startup Cost": 50001286861.88, "Total Cost": 50001310673.28, "Plan Rows": 1, "Plan Width": 48, "Inner Unique": true, "Plans": [{"Node Type": "Nested Loop", "Parent Relationship": "Outer", "Parallel Aware": false, "Async Capable": false, "Join Type": "Inner", "Startup Cost": 50001286861.45, "Total Cost": 50001310672.71, "Plan Rows": 1, "Plan Width": 41, "Inner Unique": true, "Plans": [{"Node Type": "Nested Loop", "Parent Relationship": "Outer", "Parallel Aware": false, "Async Capable": false, "Join Type": "Inner", "Startup Cost": 50001286861.03, "Total Cost": 50001310672.26, "Plan Rows": 1, "Plan Width": 45, "Inner Unique": true, "Join Filter": "(t.id = mi.movie_id)", "Plans": [{"Node Type": "Nested Loop", "Parent Relationship": "Outer", "Parallel Aware": false, "Async Capable": false, "Join Type": "Inner", "Startup Cost": 50001286860.6, "Total Cost": 50001310671.76, "Plan Rows": 1, "Plan Width": 44, "Inner Unique": true, "Plans": [{"Node Type": "Hash Join", "Parent Relationship": "Outer", "Parallel Aware": false, "Async Capable": false, "Join Type": "Inner", "Startup Cost": 50001286860.47, "Total Cost": 50001310670.04, "Plan Rows": 11, "Plan Width": 48, "Inner Unique": false, "Hash Cond": "(an.person_id = ci.person_id)", "Plans": [{"Node Type": "Seq Scan", "Parent Relationship": "Outer", "Parallel Aware": false, "Async Capable": false, "Relation Name": "aka_name", "Alias": "an", "Startup Cost": 10000000000.0, "Total Cost": 10000020429.43, "Plan Rows": 901343, "Plan Width": 4}, {"Node Type": "Hash", "Parent Relationship": "Inner", "Parallel Aware": false, "Async Capable": false, "Startup Cost": 40001286860.4, "Total Cost": 40001286860.4, "Plan Rows": 5, "Plan Width": 44, "Plans": [{"Node Type": "Nested Loop", "Parent Relationship": "Outer", "Parallel Aware": false, "Async Capable": false, "Join Type": "Inner", "Startup Cost": 40000526566.62, "Total Cost": 40001286860.4, "Plan Rows": 5, "Plan Width": 44, "Inner Unique": true, "Plans": [{"Node Type": "Hash Join", "Parent Relationship": "Outer", "Parallel Aware": false, "Async Capable": false, "Join Type": "Inner", "Startup Cost": 40000526566.19, "Total Cost": 40001286855.16, "Plan Rows": 10, "Plan Width": 32, "Inner Unique": false, "Hash Cond": "(ci.movie_id = mi.movie_id)", "Plans": [{"Node Type": "Seq Scan", "Parent Relationship": "Outer", "Parallel Aware": false, "Async Capable": false, "Relation Name": "cast_info", "Alias": "ci", "Startup Cost": 10000000000.0, "Total Cost": 10000750937.77, "Plan Rows": 2493625, "Plan Width": 16, "Filter": "((note)::text = ANY ('{\"(executive producer)\",\"(head writer)\",(producer)}'::text[]))"}, {"Node Type": "Hash", "Parent Relationship": "Inner", "Parallel Aware": false, "Async Capable": false, "Startup Cost": 30000526566.14, "Total Cost": 30000526566.14, "Plan Rows": 4, "Plan Width": 16, "Plans": [{"Node Type": "Hash Join", "Parent Relationship": "Outer", "Parallel Aware": false, "Async Capable": false, "Join Type": "Inner", "Startup Cost": 30000471866.58, "Total Cost": 30000526566.14, "Plan Rows": 4, "Plan Width": 16, "Inner Unique": false, "Hash Cond": "(mc.movie_id = mi.movie_id)", "Plans": [{"Node Type": "Seq Scan", "Parent Relationship": "Outer", "Parallel Aware": false, "Async Capable": false, "Relation Name": "movie_companies", "Alias": "mc", "Startup Cost": 10000000000.0, "Total Cost": 10000044915.29, "Plan Rows": 2609129, "Plan Width": 8}, {"Node Type": "Hash", "Parent Relationship": "Inner", "Parallel Aware": false, "Async Capable": false, "Startup Cost": 20000471866.57, "Total Cost": 20000471866.57, "Plan Rows": 1, "Plan Width": 8, "Plans": [{"Node Type": "Nested Loop", "Parent Relationship": "Outer", "Parallel Aware": false, "Async Capable": false, "Join Type": "Inner", "Startup Cost": 20000087336.19, "Total Cost": 20000471866.57, "Plan Rows": 1, "Plan Width": 8, "Inner Unique": true, "Plans": [{"Node Type": "Hash Join", "Parent Relationship": "Outer", "Parallel Aware": false, "Async Capable": false, "Join Type": "Inner", "Startup Cost": 20000087336.05, "Total Cost": 20000471863.62, "Plan Rows": 18, "Plan Width": 12, "Inner Unique": false, "Hash Cond": "(mi.movie_id = mk.movie_id)", "Plans": [{"Node Type": "Seq Scan", "Parent Relationship": "Outer", "Parallel Aware": false, "Async Capable": false, "Relation Name": "movie_info", "Alias": "mi", "Startup Cost": 10000000000.0, "Total Cost": 10000384190.97, "Plan Rows": 89713, "Plan Width": 8, "Filter": "(((info)::text ~~ 'Japan:%200%'::text) OR ((info)::text ~~ 'Japan:%2007%'::text))"}, {"Node Type": "Hash", "Parent Relationship": "Inner", "Parallel Aware": false, "Async Capable": false, "Startup Cost": 10000087334.36, "Total Cost": 10000087334.36, "Plan Rows": 135, "Plan Width": 4, "Plans": [{"Node Type": "Hash Join", "Parent Relationship": "Outer", "Parallel Aware": false, "Async Capable": false, "Join Type": "Inner", "Startup Cost": 10000005739.37, "Total Cost": 10000087334.36, "Plan Rows": 135, "Plan Width": 4, "Inner Unique": true, "Hash Cond": "(mk.keyword_id = k.id)", "Plans": [{"Node Type": "Seq Scan", "Parent Relationship": "Outer", "Parallel Aware": false, "Async Capable": false, "Relation Name": "movie_keyword", "Alias": "mk", "Startup Cost": 10000000000.0, "Total Cost": 10000069719.3, "Plan Rows": 4523930, "Plan Width": 8}, {"Node Type": "Hash", "Parent Relationship": "Inner", "Parallel Aware": false, "Async Capable": false, "Startup Cost": 5739.32, "Total Cost": 5739.32, "Plan Rows": 4, "Plan Width": 4, "Plans": [{"Node Type": "Index Scan", "Parent Relationship": "Outer", "Parallel Aware": false, "Async Capable": false, "Scan Direction": "Forward", "Index Name": "keyword_pkey", "Relation Name": "keyword", "Alias": "k", "Startup Cost": 0.42, "Total Cost": 5739.32, "Plan Rows": 4, "Plan Width": 4, "Filter": "((keyword)::text = ANY ('{\"10,000-mile-club\",alienation,based-on-comic,based-on-novel}'::text[]))"}]}]}]}]}, {"Node Type": "Index Scan", "Parent Relationship": "Inner", "Parallel Aware": false, "Async Capable": false, "Scan Direction": "Forward", "Index Name": "info_type_pkey", "Relation Name": "info_type", "Alias": "it", "Startup Cost": 0.14, "Total Cost": 0.16, "Plan Rows": 1, "Plan Width": 4, "Index Cond": "(id = mi.info_type_id)", "Filter": "((info)::text = 'budget'::text)"}]}]}]}]}]}, {"Node Type": "Index Scan", "Parent Relationship": "Inner", "Parallel Aware": false, "Async Capable": false, "Scan Direction": "Forward", "Index Name": "char_name_pkey", "Relation Name": "char_name", "Alias": "chn", "Startup Cost": 0.43, "Total Cost": 0.52, "Plan Rows": 1, "Plan Width": 20, "Index Cond": "(id = ci.person_role_id)"}]}]}]}, {"Node Type": "Index Scan", "Parent Relationship": "Inner", "Parallel Aware": false, "Async Capable": false, "Scan Direction": "Forward", "Index Name": "role_type_pkey", "Relation Name": "role_type", "Alias": "rt", "Startup Cost": 0.14, "Total Cost": 0.16, "Plan Rows": 1, "Plan Width": 4, "Index Cond": "(id = ci.role_id)", "Filter": "((role)::text = 'costume designer'::text)"}]}, {"Node Type": "Index Scan", "Parent Relationship": "Inner", "Parallel Aware": false, "Async Capable": false, "Scan Direction": "Forward", "Index Name": "title_pkey", "Relation Name": "title", "Alias": "t", "Startup Cost": 0.43, "Total Cost": 0.49, "Plan Rows": 1, "Plan Width": 21, "Index Cond": "(id = mk.movie_id)", "Filter": "((production_year >= 1917) AND (production_year <= 2014))"}]}, {"Node Type": "Index Scan", "Parent Relationship": "Inner", "Parallel Aware": false, "Async Capable": false, "Scan Direction": "Forward", "Index Name": "company_name_pkey", "Relation Name": "company_name", "Alias": "cn", "Startup Cost": 0.42, "Total Cost": 0.45, "Plan Rows": 1, "Plan Width": 4, "Index Cond": "(id = mc.company_id)", "Filter": "((country_code)::text = '[nl]'::text)"}]}, {"Node Type": "Index Scan", "Parent Relationship": "Inner", "Parallel Aware": false, "Async Capable": false, "Scan Direction": "Forward", "Index Name": "name_pkey", "Relation Name": "name", "Alias": "n", "Startup Cost": 0.43, "Total Cost": 0.57, "Plan Rows": 1, "Plan Width": 19, "Index Cond": "(id = ci.person_id)", "Filter": "(((name)::text ~~ '%Downey%Robert%'::text) AND ((gender)::text = 'f'::text))"}]}]}}, {"Plan": {"Node Type": "Aggregate", "Strategy": "Plain", "Partial Mode": "Simple", "Parallel Aware": false, "Async Capable": false, "Startup Cost": 806973.76, "Total Cost": 806973.77, "Plan Rows": 1, "Plan Width": 96, "Plans": [{"Node Type": "Hash Join", "Parent Relationship": "Outer", "Parallel Aware": false, "Async Capable": false, "Join Type": "Inner", "Startup Cost": 759730.73, "Total Cost": 806973.76, "Plan Rows": 1, "Plan Width": 48, "Inner Unique": true, "Hash Cond": "(ci.role_id = rt.id)", "Plans": [{"Node Type": "Gather", "Parent Relationship": "Outer", "Parallel Aware": false, "Async Capable": false, "Startup Cost": 759729.56, "Total Cost": 806972.59, "Plan Rows": 1, "Plan Width": 52, "Workers Planned": 4, "Single Copy": false, "Plans": [{"Node Type": "Hash Join", "Parent Relationship": "Outer", "Parallel Aware": true, "Async Capable": false, "Join Type": "Inner", "Startup Cost": 758729.56, "Total Cost": 805972.49, "Plan Rows": 1, "Plan Width": 52, "Inner Unique": false, "Hash Cond": "(chn.id = ci.person_role_id)", "Plans": [{"Node Type": "Seq Scan", "Parent Relationship": "Outer", "Parallel Aware": true, "Async Capable": false, "Relation Name": "char_name", "Alias": "chn", "Startup Cost": 0.0, "Total Cost": 44298.85, "Plan Rows": 785085, "Plan Width": 20}, {"Node Type": "Hash", "Parent Relationship": "Inner", "Parallel Aware": true, "Async Capable": false, "Startup Cost": 758729.55, "Total Cost": 758729.55, "Plan Rows": 1, "Plan Width": 40, "Plans": [{"Node Type": "Hash Join", "Parent Relationship": "Outer", "Parallel Aware": true, "Async Capable": false, "Join Type": "Inner", "Startup Cost": 743642.72, "Total Cost": 758729.55, "Plan Rows": 1, "Plan Width": 40, "Inner Unique": false, "Hash Cond": "(n.id = ci.person_id)", "Plans": [{"Node Type": "Hash Join", "Parent Relationship": "Outer", "Parallel Aware": true, "Async Capable": false, "Join Type": "Inner", "Startup Cost": 71284.39, "Total Cost": 86371.18, "Plan Rows": 7, "Plan Width": 23, "Inner Unique": true, "Hash Cond": "(an.person_id = n.id)", "Plans": [{"Node Type": "Seq Scan", "Parent Relationship": "Outer", "Parallel Aware": true, "Async Capable": false, "Relation Name": "aka_name", "Alias": "an", "Startup Cost": 0.0, "Total Cost": 14323.56, "Plan Rows": 290756, "Plan Width": 4}, {"Node Type": "Hash", "Parent Relationship": "Inner", "Parallel Aware": true, "Async Capable": false, "Startup Cost": 71284.09, "Total Cost": 71284.09, "Plan Rows": 24, "Plan Width": 19, "Plans": [{"Node Type": "Seq Scan", "Parent Relationship": "Outer", "Parallel Aware": true, "Async Capable": false, "Relation Name": "name", "Alias": "n", "Startup Cost": 0.0, "Total Cost": 71284.09, "Plan Rows": 24, "Plan Width": 19, "Filter": "(((name)::text ~~ '%Downey%Robert%'::text) AND ((gender)::text = 'f'::text))"}]}]}, {"Node Type": "Hash", "Parent Relationship": "Inner", "Parallel Aware": true, "Async Capable": false, "Startup Cost": 672358.32, "Total Cost": 672358.32, "Plan Rows": 1, "Plan Width": 29, "Plans": [{"Node Type": "Hash Join", "Parent Relationship": "Outer", "Parallel Aware": true, "Async Capable": false, "Join Type": "Inner", "Startup Cost": 335043.5, "Total Cost": 672358.32, "Plan Rows": 1, "Plan Width": 29, "Inner Unique": false, "Hash Cond": "(ci.movie_id = t.id)", "Plans": [{"Node Type": "Seq Scan", "Parent Relationship": "Outer", "Parallel Aware": true, "Async Capable": false, "Relation Name": "cast_info", "Alias": "ci", "Startup Cost": 0.0, "Total Cost": 335756.3, "Plan Rows": 415604, "Plan Width": 16, "Filter": "((note)::text = ANY ('{\"(executive producer)\",\"(head writer)\",(producer)}'::text[]))"}, {"Node Type": "Hash", "Parent Relationship": "Inner", "Parallel Aware": true, "Async Capable": false, "Startup Cost": 335043.49, "Total Cost": 335043.49, "Plan Rows": 1, "Plan Width": 33, "Plans": [{"Node Type": "Hash Join", "Parent Relationship": "Outer", "Parallel Aware": true, "Async Capable": false, "Join Type": "Inner", "Startup Cost": 287321.41, "Total Cost": 335043.49, "Plan Rows": 1, "Plan Width": 33, "Inner Unique": false, "Hash Cond": "(t.id = mi.movie_id)", "Plans": [{"Node Type": "Seq Scan", "Parent Relationship": "Outer", "Parallel Aware": true, "Async Capable": false, "Relation Name": "title", "Alias": "t", "Startup Cost": 0.0, "Total Cost": 45489.17, "Plan Rows": 595440, "Plan Width": 21, "Filter": "((production_year >= 1917) AND (production_year <= 2014))"}, {"Node Type": "Hash", "Parent Relationship": "Inner", "Parallel Aware": true, "Async Capable": false, "Startup Cost": 287321.39, "Total Cost": 287321.39, "Plan Rows": 1, "Plan Width": 12, "Plans": [{"Node Type": "Hash Join", "Parent Relationship": "Outer", "Parallel Aware": true, "Async Capable": false, "Join Type": "Inner", "Startup Cost": 282548.45, "Total Cost": 287321.39, "Plan Rows": 1, "Plan Width": 12, "Inner Unique": false, "Hash Cond": "(cn.id = mc.company_id)", "Plans": [{"Node Type": "Seq Scan", "Parent Relationship": "Outer", "Parallel Aware": true, "Async Capable": false, "Relation Name": "company_name", "Alias": "cn", "Startup Cost": 0.0, "Total Cost": 4767.92, "Plan Rows": 1336, "Plan Width": 4, "Filter": "((country_code)::text = '[nl]'::text)"}, {"Node Type": "Hash", "Parent Relationship": "Inner", "Parallel Aware": true, "Async Capable": false, "Startup Cost": 282548.44, "Total Cost": 282548.44, "Plan Rows": 1, "Plan Width": 16, "Plans": [{"Node Type": "Hash Join", "Parent Relationship": "Outer", "Parallel Aware": true, "Async Capable": false, "Join Type": "Inner", "Startup Cost": 252151.68, "Total Cost": 282548.44, "Plan Rows": 1, "Plan Width": 16, "Inner Unique": false, "Hash Cond": "(mc.movie_id = mi.movie_id)", "Plans": [{"Node Type": "Seq Scan", "Parent Relationship": "Outer", "Parallel Aware": true, "Async Capable": false, "Relation Name": "movie_companies", "Alias": "mc", "Startup Cost": 0.0, "Total Cost": 27240.55, "Plan Rows": 841655, "Plan Width": 8}, {"Node Type": "Hash", "Parent Relationship": "Inner", "Parallel Aware": true, "Async Capable": false, "Startup Cost": 252151.67, "Total Cost": 252151.67, "Plan Rows": 1, "Plan Width": 8, "Plans": [{"Node Type": "Hash Join", "Parent Relationship": "Outer", "Parallel Aware": false, "Async Capable": false, "Join Type": "Inner", "Startup Cost": 45927.77, "Total Cost": 252151.67, "Plan Rows": 1, "Plan Width": 8, "Inner Unique": true, "Hash Cond": "(mi.info_type_id = it.id)", "Plans": [{"Node Type": "Hash Join", "Parent Relationship": "Outer", "Parallel Aware": true, "Async Capable": false, "Join Type": "Inner", "Startup Cost": 45925.34, "Total Cost": 252149.23, "Plan Rows": 4, "Plan Width": 12, "Inner Unique": false, "Hash Cond": "(mi.movie_id = mk.movie_id)", "Plans": [{"Node Type": "Seq Scan", "Parent Relationship": "Outer", "Parallel Aware": true, "Async Capable": false, "Relation Name": "movie_info", "Alias": "mi", "Startup Cost": 0.0, "Total Cost": 206156.59, "Plan Rows": 17943, "Plan Width": 8, "Filter": "(((info)::text ~~ 'Japan:%200%'::text) OR ((info)::text ~~ 'Japan:%2007%'::text))"}, {"Node Type": "Hash", "Parent Relationship": "Inner", "Parallel Aware": true, "Async Capable": false, "Startup Cost": 45924.79, "Total Cost": 45924.79, "Plan Rows": 44, "Plan Width": 4, "Plans": [{"Node Type": "Hash Join", "Parent Relationship": "Outer", "Parallel Aware": false, "Async Capable": false, "Join Type": "Inner", "Startup Cost": 3020.6, "Total Cost": 45924.79, "Plan Rows": 44, "Plan Width": 4, "Inner Unique": true, "Hash Cond": "(mk.keyword_id = k.id)", "Plans": [{"Node Type": "Seq Scan", "Parent Relationship": "Outer", "Parallel Aware": true, "Async Capable": false, "Relation Name": "movie_keyword", "Alias": "mk", "Startup Cost": 0.0, "Total Cost": 39073.32, "Plan Rows": 1459332, "Plan Width": 8}, {"Node Type": "Hash", "Parent Relationship": "Inner", "Parallel Aware": false, "Async Capable": false, "Startup Cost": 3020.55, "Total Cost": 3020.55, "Plan Rows": 4, "Plan Width": 4, "Plans": [{"Node Type": "Seq Scan", "Parent Relationship": "Outer", "Parallel Aware": false, "Async Capable": false, "Relation Name": "keyword", "Alias": "k", "Startup Cost": 0.0, "Total Cost": 3020.55, "Plan Rows": 4, "Plan Width": 4, "Filter": "((keyword)::text = ANY ('{\"10,000-mile-club\",alienation,based-on-comic,based-on-novel}'::text[]))"}]}]}]}]}, {"Node Type": "Hash", "Parent Relationship": "Inner", "Parallel Aware": false, "Async Capable": false, "Startup Cost": 2.41, "Total Cost": 2.41, "Plan Rows": 1, "Plan Width": 4, "Plans": [{"Node Type": "Seq Scan", "Parent Relationship": "Outer", "Parallel Aware": false, "Async Capable": false, "Relation Name": "info_type", "Alias": "it", "Startup Cost": 0.0, "Total Cost": 2.41, "Plan Rows": 1, "Plan Width": 4, "Filter": "((info)::text = 'budget'::text)"}]}]}]}]}]}]}]}]}]}]}]}]}]}]}]}, {"Node Type": "Hash", "Parent Relationship": "Inner", "Parallel Aware": false, "Async Capable": false, "Startup Cost": 1.15, "Total Cost": 1.15, "Plan Rows": 1, "Plan Width": 4, "Plans": [{"Node Type": "Seq Scan", "Parent Relationship": "Outer", "Parallel Aware": false, "Async Capable": false, "Relation Name": "role_type", "Alias": "rt", "Startup Cost": 0.0, "Total Cost": 1.15, "Plan Rows": 1, "Plan Width": 4, "Filter": "((role)::text = 'costume designer'::text)"}]}]}]}}, {"Plan": {"Node Type": "Aggregate", "Strategy": "Plain", "Partial Mode": "Simple", "Parallel Aware": false, "Async Capable": false, "Startup Cost": 120001586329.57, "Total Cost": 120001586329.58, "Plan Rows": 1, "Plan Width": 96, "Plans": [{"Node Type": "Hash Join", "Parent Relationship": "Outer", "Parallel Aware": false, "Async Capable": false, "Join Type": "Inner", "Startup Cost": 120001562520.08, "Total Cost": 120001586329.56, "Plan Rows": 1, "Plan Width": 48, "Inner Unique": false, "Hash Cond": "(an.person_id = n.id)", "Plans": [{"Node Type": "Seq Scan", "Parent Relationship": "Outer", "Parallel Aware": false, "Async Capable": false, "Relation Name": "aka_name", "Alias": "an", "Startup Cost": 10000000000.0, "Total Cost": 10000020429.43, "Plan Rows": 901343, "Plan Width": 4}, {"Node Type": "Hash", "Parent Relationship": "Inner", "Parallel Aware": false, "Async Capable": false, "Startup Cost": 110001562520.07, "Total Cost": 110001562520.07, "Plan Rows": 1, "Plan Width": 56, "Plans": [{"Node Type": "Nested Loop", "Parent Relationship": "Outer", "Parallel Aware": false, "Async Capable": false, "Join Type": "Inner", "Startup Cost": 110001507816.52, "Total Cost": 110001562520.07, "Plan Rows": 1, "Plan Width": 56, "Inner Unique": true, "Plans": [{"Node Type": "Hash Join", "Parent Relationship": "Outer", "Parallel Aware": false, "Async Capable": false, "Join Type": "Inner", "Startup Cost": 100001507816.09, "Total Cost": 100001562515.62, "Plan Rows": 1, "Plan Width": 60, "Inner Unique": false, "Hash Cond": "(mc.movie_id = t.id)", "Plans": [{"Node Type": "Seq Scan", "Parent Relationship": "Outer", "Parallel Aware": false, "Async Capable": false, "Relation Name": "movie_companies", "Alias": "mc", "Startup Cost": 10000000000.0, "Total Cost": 10000044915.29, "Plan Rows": 2609129, "Plan Width": 8}, {"Node Type": "Hash", "Parent Relationship": "Inner", "Parallel Aware": false, "Async Capable": false, "Startup Cost": 90001507816.08, "Total Cost": 90001507816.08, "Plan Rows": 1, "Plan Width": 72, "Plans": [{"Node Type": "Nested Loop", "Parent Relationship": "Outer", "Parallel Aware": false, "Async Capable": false, "Join Type": "Inner", "Startup Cost": 90001494795.38, "Total Cost": 90001507816.08, "Plan Rows": 1, "Plan Width": 72, "Inner Unique": true, "Join Filter": "(t.id = mi.movie_id)", "Plans": [{"Node Type": "Nested Loop", "Parent Relationship": "Outer", "Parallel Aware": false, "Async Capable": false, "Join Type": "Inner", "Startup Cost": 80001494794.93, "Total Cost": 80001507811.6, "Plan Rows": 1, "Plan Width": 51, "Inner Unique": true, "Plans": [{"Node Type": "Nested Loop", "Parent Relationship": "Outer", "Parallel Aware": false, "Async Capable": false, "Join Type": "Inner", "Startup Cost": 70001494794.47, "Total Cost": 70001507807.04, "Plan Rows": 1, "Plan Width": 32, "Inner Unique": true, "Plans": [{"Node Type": "Nested Loop", "Parent Relationship": "Outer", "Parallel Aware": false, "Async Capable": false, "Join Type": "Inner", "Startup Cost": 60001494794.33, "Total Cost": 60001507798.87, "Plan Rows": 1, "Plan Width": 36, "Inner Unique": true, "Plans": [{"Node Type": "Merge Join", "Parent Relationship": "Outer", "Parallel Aware": false, "Async Capable": false, "Join Type": "Inner", "Startup Cost": 50001494793.87, "Total Cost": 50001507789.93, "Plan Rows": 2, "Plan Width": 24, "Inner Unique": false, "Merge Cond": "(mi.movie_id = ci.movie_id)", "Plans": [{"Node Type": "Nested Loop", "Parent Relationship": "Outer", "Parallel Aware": false, "Async Capable": false, "Join Type": "Inner", "Startup Cost": 40000478910.52, "Total Cost": 40000479438.68, "Plan Rows": 1, "Plan Width": 8, "Inner Unique": true, "Plans": [{"Node Type": "Merge Join", "Parent Relationship": "Outer", "Parallel Aware": false, "Async Capable": false, "Join Type": "Inner", "Startup Cost": 30000478910.37, "Total Cost": 30000479359.69, "Plan Rows": 18, "Plan Width": 12, "Inner Unique": false, "Merge Cond": "(mk.movie_id = mi.movie_id)", "Plans": [{"Node Type": "Sort", "Parent Relationship": "Outer", "Parallel Aware": false, "Async Capable": false, "Startup Cost": 20000087339.14, "Total Cost": 20000087339.47, "Plan Rows": 135, "Plan Width": 4, "Sort Key": ["mk.movie_id"], "Plans": [{"Node Type": "Hash Join", "Parent Relationship": "Outer", "Parallel Aware": false, "Async Capable": false, "Join Type": "Inner", "Startup Cost": 20000005739.37, "Total Cost": 20000087334.36, "Plan Rows": 135, "Plan Width": 4, "Inner Unique": true, "Hash Cond": "(mk.keyword_id = k.id)", "Plans": [{"Node Type": "Seq Scan", "Parent Relationship": "Outer", "Parallel Aware": false, "Async Capable": false, "Relation Name": "movie_keyword", "Alias": "mk", "Startup Cost": 10000000000.0, "Total Cost": 10000069719.3, "Plan Rows": 4523930, "Plan Width": 8}, {"Node Type": "Hash", "Parent Relationship": "Inner", "Parallel Aware": false, "Async Capable": false, "Startup Cost": 10000005739.32, "Total Cost": 10000005739.32, "Plan Rows": 4, "Plan Width": 4, "Plans": [{"Node Type": "Index Scan", "Parent Relationship": "Outer", "Parallel Aware": false, "Async Capable": false, "Scan Direction": "Forward", "Index Name": "keyword_pkey", "Relation Name": "keyword", "Alias": "k", "Startup Cost": 10000000000.42, "Total Cost": 10000005739.32, "Plan Rows": 4, "Plan Width": 4, "Filter": "((keyword)::text = ANY ('{\"10,000-mile-club\",alienation,based-on-comic,based-on-novel}'::text[]))"}]}]}]}, {"Node Type": "Sort", "Parent Relationship": "Inner", "Parallel Aware": false, "Async Capable": false, "Startup Cost": 10000391571.22, "Total Cost": 10000391795.51, "Plan Rows": 89713, "Plan Width": 8, "Sort Key": ["mi.movie_id"], "Plans": [{"Node Type": "Seq Scan", "Parent Relationship": "Outer", "Parallel Aware": false, "Async Capable": false, "Relation Name": "movie_info", "Alias": "mi", "Startup Cost": 10000000000.0, "Total Cost": 10000384190.97, "Plan Rows": 89713, "Plan Width": 8, "Filter": "(((info)::text ~~ 'Japan:%200%'::text) OR ((info)::text ~~ 'Japan:%2007%'::text))"}]}]}, {"Node Type": "Bitmap Heap Scan", "Parent Relationship": "Inner", "Parallel Aware": false, "Async Capable": false, "Relation Name": "info_type", "Alias": "it", "Startup Cost": 0.15, "Total Cost": 4.17, "Plan Rows": 1, "Plan Width": 4, "Recheck Cond": "(id = mi.info_type_id)", "Filter": "((info)::text = 'budget'::text)", "Plans": [{"Node Type": "Bitmap Index Scan", "Parent Relationship": "Outer", "Parallel Aware": false, "Async Capable": false, "Index Name": "info_type_pkey", "Startup Cost": 0.0, "Total Cost": 0.15, "Plan Rows": 1, "Plan Width": 0, "Index Cond": "(id = mi.info_type_id)"}]}]}, {"Node Type": "Sort", "Parent Relationship": "Inner", "Parallel Aware": false, "Async Capable": false, "Startup Cost": 10001015883.1, "Total Cost": 10001022117.16, "Plan Rows": 2493625, "Plan Width": 16, "Sort Key": ["ci.movie_id"], "Plans": [{"Node Type": "Seq Scan", "Parent Relationship": "Outer", "Parallel Aware": false, "Async Capable": false, "Relation Name": "cast_info", "Alias": "ci", "Startup Cost": 10000000000.0, "Total Cost": 10000750937.77, "Plan Rows": 2493625, "Plan Width": 16, "Filter": "((note)::text = ANY ('{\"(executive producer)\",\"(head writer)\",(producer)}'::text[]))"}]}]}, {"Node Type": "Bitmap Heap Scan", "Parent Relationship": "Inner", "Parallel Aware": false, "Async Capable": false, "Relation Name": "char_name", "Alias": "chn", "Startup Cost": 0.46, "Total Cost": 4.47, "Plan Rows": 1, "Plan Width": 20, "Recheck Cond": "(id = ci.person_role_id)", "Plans": [{"Node Type": "Bitmap Index Scan", "Parent Relationship": "Outer", "Parallel Aware": false, "Async Capable": false, "Index Name": "char_name_pkey", "Startup Cost": 0.0, "Total Cost": 0.46, "Plan Rows": 1, "Plan Width": 0, "Index Cond": "(id = ci.person_role_id)"}]}]}, {"Node Type": "Bitmap Heap Scan", "Parent Relationship": "Inner", "Parallel Aware": false, "Async Capable": false, "Relation Name": "role_type", "Alias": "rt", "Startup Cost": 0.14, "Total Cost": 4.16, "Plan Rows": 1, "Plan Width": 4, "Recheck Cond": "(id = ci.role_id)", "Filter": "((role)::text = 'costume designer'::text)", "Plans": [{"Node Type": "Bitmap Index Scan", "Parent Relationship": "Outer", "Parallel Aware": false, "Async Capable": false, "Index Name": "role_type_pkey", "Startup Cost": 0.0, "Total Cost": 0.14, "Plan Rows": 1, "Plan Width": 0, "Index Cond": "(id = ci.role_id)"}]}]}, {"Node Type": "Bitmap Heap Scan", "Parent Relationship": "Inner", "Parallel Aware": false, "Async Capable": false, "Relation Name": "name", "Alias": "n", "Startup Cost": 0.46, "Total Cost": 4.48, "Plan Rows": 1, "Plan Width": 19, "Recheck Cond": "(id = ci.person_id)", "Filter": "(((name)::text ~~ '%Downey%Robert%'::text) AND ((gender)::text = 'f'::text))", "Plans": [{"Node Type": "Bitmap Index Scan", "Parent Relationship": "Outer", "Parallel Aware": false, "Async Capable": false, "Index Name": "name_pkey", "Startup Cost": 0.0, "Total Cost": 0.46, "Plan Rows": 1, "Plan Width": 0, "Index Cond": "(id = ci.person_id)"}]}]}, {"Node Type": "Bitmap Heap Scan", "Parent Relationship": "Inner", "Parallel Aware": false, "Async Capable": false, "Relation Name": "title", "Alias": "t", "Startup Cost": 0.45, "Total Cost": 4.46, "Plan Rows": 1, "Plan Width": 21, "Recheck Cond": "(id = mk.movie_id)", "Filter": "((production_year >= 1917) AND (production_year <= 2014))", "Plans": [{"Node Type": "Bitmap Index Scan", "Parent Relationship": "Outer", "Parallel Aware": false, "Async Capable": false, "Index Name": "title_pkey", "Startup Cost": 0.0, "Total Cost": 0.45, "Plan Rows": 1, "Plan Width": 0, "Index Cond": "(id = mk.movie_id)"}]}]}]}]}, {"Node Type": "Bitmap Heap Scan", "Parent Relationship": "Inner", "Parallel Aware": false, "Async Capable": false, "Relation Name": "company_name", "Alias": "cn", "Startup Cost": 0.43, "Total Cost": 4.44, "Plan Rows": 1, "Plan Width": 4, "Recheck Cond": "(id = mc.company_id)", "Filter": "((country_code)::text = '[nl]'::text)", "Plans": [{"Node Type": "Bitmap Index Scan", "Parent Relationship": "Outer", "Parallel Aware": false, "Async Capable": false, "Index Name": "company_name_pkey", "Startup Cost": 0.0, "Total Cost": 0.43, "Plan Rows": 1, "Plan Width": 0, "Index Cond": "(id = mc.company_id)"}]}]}]}]}]}}, {"Plan": {"Node Type": "Aggregate", "Strategy": "Plain", "Partial Mode": "Simple", "Parallel Aware": false, "Async Capable": false, "Startup Cost": 50001493532.03, "Total Cost": 50001493532.04, "Plan Rows": 1, "Plan Width": 96, "Plans": [{"Node Type": "Nested Loop", "Parent Relationship": "Outer", "Parallel Aware": false, "Async Capable": false, "Join Type": "Inner", "Startup Cost": 50001469714.51, "Total Cost": 50001493532.02, "Plan Rows": 1, "Plan Width": 48, "Inner Unique": true, "Plans": [{"Node Type": "Hash Join", "Parent Relationship": "Outer", "Parallel Aware": false, "Async Capable": false, "Join Type": "Inner", "Startup Cost": 50001469714.36, "Total Cost": 50001493523.84, "Plan Rows": 1, "Plan Width": 52, "Inner Unique": false, "Hash Cond": "(an.person_id = n.id)", "Plans": [{"Node Type": "Seq Scan", "Parent Relationship": "Outer", "Parallel Aware": false, "Async Capable": false, "Relation Name": "aka_name", "Alias": "an", "Startup Cost": 10000000000.0, "Total Cost": 10000020429.43, "Plan Rows": 901343, "Plan Width": 4}, {"Node Type": "Hash", "Parent Relationship": "Inner", "Parallel Aware": false, "Async Capable": false, "Startup Cost": 40001469714.35, "Total Cost": 40001469714.35, "Plan Rows": 1, "Plan Width": 60, "Plans": [{"Node Type": "Nested Loop", "Parent Relationship": "Outer", "Parallel Aware": false, "Async Capable": false, "Join Type": "Inner", "Startup Cost": 40001382993.93, "Total Cost": 40001469714.35, "Plan Rows": 1, "Plan Width": 60, "Inner Unique": true, "Plans": [{"Node Type": "Nested Loop", "Parent Relationship": "Outer", "Parallel Aware": false, "Async Capable": false, "Join Type": "Inner", "Startup Cost": 40001382993.5, "Total Cost": 40001469709.9, "Plan Rows": 1, "Plan Width": 64, "Inner Unique": true, "Plans": [{"Node Type": "Hash Join", "Parent Relationship": "Outer", "Parallel Aware": false, "Async Capable": false, "Join Type": "Inner", "Startup Cost": 40001382993.07, "Total Cost": 40001469677.18, "Plan Rows": 7, "Plan Width": 68, "Inner Unique": false, "Hash Cond": "(mk.movie_id = t.id)", "Plans": [{"Node Type": "Seq Scan", "Parent Relationship": "Outer", "Parallel Aware": false, "Async Capable": false, "Relation Name": "movie_keyword", "Alias": "mk", "Startup Cost": 10000000000.0, "Total Cost": 10000069719.3, "Plan Rows": 4523930, "Plan Width": 8}, {"Node Type": "Hash", "Parent Relationship": "Inner", "Parallel Aware": false, "Async Capable": false, "Startup Cost": 30001382993.02, "Total Cost": 30001382993.02, "Plan Rows": 4, "Plan Width": 80, "Plans": [{"Node Type": "Nested Loop", "Parent Relationship": "Outer", "Parallel Aware": false, "Async Capable": false, "Join Type": "Inner", "Startup Cost": 30001223254.86, "Total Cost": 30001382993.02, "Plan Rows": 4, "Plan Width": 80, "Inner Unique": true, "Join Filter": "(t.id = mi.movie_id)", "Plans": [{"Node Type": "Nested Loop", "Parent Relationship": "Outer", "Parallel Aware": false, "Async Capable": false, "Join Type": "Inner", "Startup Cost": 30001223254.4, "Total Cost": 30001382975.09, "Plan Rows": 4, "Plan Width": 59, "Inner Unique": false, "Join Filter": "(mc.movie_id = mi.movie_id)", "Plans": [{"Node Type": "Nested Loop", "Parent Relationship": "Outer", "Parallel Aware": false, "Async Capable": false, "Join Type": "Inner", "Startup Cost": 20001223254.4, "Total Cost": 20001305445.69, "Plan Rows": 1, "Plan Width": 51, "Inner Unique": true, "Plans": [{"Node Type": "Nested Loop", "Parent Relationship": "Outer", "Parallel Aware": false, "Async Capable": false, "Join Type": "Inner", "Startup Cost": 20001223253.95, "Total Cost": 20001305441.22, "Plan Rows": 1, "Plan Width": 39, "Inner Unique": true, "Plans": [{"Node Type": "Merge Join", "Parent Relationship": "Outer", "Parallel Aware": false, "Async Capable": false, "Join Type": "Inner", "Startup Cost": 20001223253.49, "Total Cost": 20001224920.72, "Plan Rows": 17976, "Plan Width": 20, "Inner Unique": false, "Merge Cond": "(mi.movie_id = ci.movie_id)", "Plans": [{"Node Type": "Sort", "Parent Relationship": "Outer", "Parallel Aware": false, "Async Capable": false, "Startup Cost": 10000391571.22, "Total Cost": 10000391795.51, "Plan Rows": 89713, "Plan Width": 8, "Sort Key": ["mi.movie_id"], "Plans": [{"Node Type": "Seq Scan", "Parent Relationship": "Outer", "Parallel Aware": false, "Async Capable": false, "Relation Name": "movie_info", "Alias": "mi", "Startup Cost": 10000000000.0, "Total Cost": 10000384190.97, "Plan Rows": 89713, "Plan Width": 8, "Filter": "(((info)::text ~~ 'Japan:%200%'::text) OR ((info)::text ~~ 'Japan:%2007%'::text))"}]}, {"Node Type": "Sort", "Parent Relationship": "Inner", "Parallel Aware": false, "Async Capable": false, "Startup Cost": 10000831682.24, "Total Cost": 10000832201.75, "Plan Rows": 207802, "Plan Width": 12, "Sort Key": ["ci.movie_id"], "Plans": [{"Node Type": "Nested Loop", "Parent Relationship": "Outer", "Parallel Aware": false, "Async Capable": false, "Join Type": "Inner", "Startup Cost": 10000000000.15, "Total Cost": 10000813328.29, "Plan Rows": 207802, "Plan Width": 12, "Inner Unique": true, "Plans": [{"Node Type": "Seq Scan", "Parent Relationship": "Outer", "Parallel Aware": false, "Async Capable": false, "Relation Name": "cast_info", "Alias": "ci", "Startup Cost": 10000000000.0, "Total Cost": 10000750937.77, "Plan Rows": 2493625, "Plan Width": 16, "Filter": "((note)::text = ANY ('{\"(executive producer)\",\"(head writer)\",(producer)}'::text[]))"}, {"Node Type": "Memoize", "Parent Relationship": "Inner", "Parallel Aware": false, "Async Capable": false, "Startup Cost": 0.15, "Total Cost": 4.17, "Plan Rows": 1, "Plan Width": 4, "Cache Key": "ci.role_id", "Cache Mode": "logical", "Plans": [{"Node Type": "Bitmap Heap Scan", "Parent Relationship": "Outer", "Parallel Aware": false, "Async Capable": false, "Relation Name": "role_type", "Alias": "rt", "Startup Cost": 0.14, "Total Cost": 4.16, "Plan Rows": 1, "Plan Width": 4, "Recheck Cond": "(id = ci.role_id)", "Filter": "((role)::text = 'costume designer'::text)", "Plans": [{"Node Type": "Bitmap Index Scan", "Parent Relationship": "Outer", "Parallel Aware": false, "Async Capable": false, "Index Name": "role_type_pkey", "Startup Cost": 0.0, "Total Cost": 0.14, "Plan Rows": 1, "Plan Width": 0, "Index Cond": "(id = ci.role_id)"}]}]}]}]}]}, {"Node Type": "Bitmap Heap Scan", "Parent Relationship": "Inner", "Parallel Aware": false, "Async Capable": false, "Relation Name": "name", "Alias": "n", "Startup Cost": 0.46, "Total Cost": 4.48, "Plan Rows": 1, "Plan Width": 19, "Recheck Cond": "(id = ci.person_id)", "Filter": "(((name)::text ~~ '%Downey%Robert%'::text) AND ((gender)::text = 'f'::text))", "Plans": [{"Node Type": "Bitmap Index Scan", "Parent Relationship": "Outer", "Parallel Aware": false, "Async Capable": false, "Index Name": "name_pkey", "Startup Cost": 0.0, "Total Cost": 0.46, "Plan Rows": 1, "Plan Width": 0, "Index Cond": "(id = ci.person_id)"}]}]}, {"Node Type": "Bitmap Heap Scan", "Parent Relationship": "Inner", "Parallel Aware": false, "Async Capable": false, "Relation Name": "char_name", "Alias": "chn", "Startup Cost": 0.46, "Total Cost": 4.47, "Plan Rows": 1, "Plan Width": 20, "Recheck Cond": "(id = ci.person_role_id)", "Plans": [{"Node Type": "Bitmap Index Scan", "Parent Relationship": "Outer", "Parallel Aware": false, "Async Capable": false, "Index Name": "char_name_pkey", "Startup Cost": 0.0, "Total Cost": 0.46, "Plan Rows": 1, "Plan Width": 0, "Index Cond": "(id = ci.person_role_id)"}]}]}, {"Node Type": "Seq Scan", "Parent Relationship": "Inner", "Parallel Aware": false, "Async Capable": false, "Relation Name": "movie_companies", "Alias": "mc", "Startup Cost": 10000000000.0, "Total Cost": 10000044915.29, "Plan Rows": 2609129, "Plan Width": 8}]}, {"Node Type": "Bitmap Heap Scan", "Parent Relationship": "Inner", "Parallel Aware": false, "Async Capable": false, "Relation Name": "title", "Alias": "t", "Startup Cost": 0.45, "Total Cost": 4.47, "Plan Rows": 1, "Plan Width": 21, "Recheck Cond": "(id = mc.movie_id)", "Filter": "((production_year >= 1917) AND (production_year <= 2014))", "Plans": [{"Node Type": "Bitmap Index Scan", "Parent Relationship": "Outer", "Parallel Aware": false, "Async Capable": false, "Index Name": "title_pkey", "Startup Cost": 0.0, "Total Cost": 0.45, "Plan Rows": 1, "Plan Width": 0, "Index Cond": "(id = mc.movie_id)"}]}]}]}]}, {"Node Type": "Bitmap Heap Scan", "Parent Relationship": "Inner", "Parallel Aware": false, "Async Capable": false, "Relation Name": "keyword", "Alias": "k", "Startup Cost": 0.43, "Total Cost": 4.45, "Plan Rows": 1, "Plan Width": 4, "Recheck Cond": "(id = mk.keyword_id)", "Filter": "((keyword)::text = ANY ('{\"10,000-mile-club\",alienation,based-on-comic,based-on-novel}'::text[]))", "Plans": [{"Node Type": "Bitmap Index Scan", "Parent Relationship": "Outer", "Parallel Aware": false, "Async Capable": false, "Index Name": "keyword_pkey", "Startup Cost": 0.0, "Total Cost": 0.43, "Plan Rows": 1, "Plan Width": 0, "Index Cond": "(id = mk.keyword_id)"}]}]}, {"Node Type": "Bitmap Heap Scan", "Parent Relationship": "Inner", "Parallel Aware": false, "Async Capable": false, "Relation Name": "company_name", "Alias": "cn", "Startup Cost": 0.43, "Total Cost": 4.44, "Plan Rows": 1, "Plan Width": 4, "Recheck Cond": "(id = mc.company_id)", "Filter": "((country_code)::text = '[nl]'::text)", "Plans": [{"Node Type": "Bitmap Index Scan", "Parent Relationship": "Outer", "Parallel Aware": false, "Async Capable": false, "Index Name": "company_name_pkey", "Startup Cost": 0.0, "Total Cost": 0.43, "Plan Rows": 1, "Plan Width": 0, "Index Cond": "(id = mc.company_id)"}]}]}]}]}, {"Node Type": "Bitmap Heap Scan", "Parent Relationship": "Inner", "Parallel Aware": false, "Async Capable": false, "Relation Name": "info_type", "Alias": "it", "Startup Cost": 0.15, "Total Cost": 4.17, "Plan Rows": 1, "Plan Width": 4, "Recheck Cond": "(id = mi.info_type_id)", "Filter": "((info)::text = 'budget'::text)", "Plans": [{"Node Type": "Bitmap Index Scan", "Parent Relationship": "Outer", "Parallel Aware": false, "Async Capable": false, "Index Name": "info_type_pkey", "Startup Cost": 0.0, "Total Cost": 0.15, "Plan Rows": 1, "Plan Width": 0, "Index Cond": "(id = mi.info_type_id)"}]}]}]}}, {"Plan": {"Node Type": "Aggregate", "Strategy": "Plain", "Partial Mode": "Simple", "Parallel Aware": false, "Async Capable": false, "Startup Cost": 636236.03, "Total Cost": 636236.04, "Plan Rows": 1, "Plan Width": 96, "Plans": [{"Node Type": "Nested Loop", "Parent Relationship": "Outer", "Parallel Aware": false, "Async Capable": false, "Join Type": "Inner", "Startup Cost": 605835.15, "Total Cost": 636236.03, "Plan Rows": 1, "Plan Width": 48, "Inner Unique": true, "Plans": [{"Node Type": "Gather", "Parent Relationship": "Outer", "Parallel Aware": false, "Async Capable": false, "Startup Cost": 605834.72, "Total Cost": 636231.58, "Plan Rows": 1, "Plan Width": 52, "Workers Planned": 3, "Single Copy": false, "Plans": [{"Node Type": "Hash Join", "Parent Relationship": "Outer", "Parallel Aware": true, "Async Capable": false, "Join Type": "Inner", "Startup Cost": 604834.72, "Total Cost": 635231.48, "Plan Rows": 1, "Plan Width": 52, "Inner Unique": false, "Hash Cond": "(mc.movie_id = t.id)", "Plans": [{"Node Type": "Seq Scan", "Parent Relationship": "Outer", "Parallel Aware": true, "Async Capable": false, "Relation Name": "movie_companies", "Alias": "mc", "Startup Cost": 0.0, "Total Cost": 27240.55, "Plan Rows": 841655, "Plan Width": 8}, {"Node Type": "Hash", "Parent Relationship": "Inner", "Parallel Aware": true, "Async Capable": false, "Startup Cost": 604834.71, "Total Cost": 604834.71, "Plan Rows": 1, "Plan Width": 64, "Plans": [{"Node Type": "Hash Join", "Parent Relationship": "Outer", "Parallel Aware": true, "Async Capable": false, "Join Type": "Inner", "Startup Cost": 589420.8, "Total Cost": 604834.71, "Plan Rows": 1, "Plan Width": 64, "Inner Unique": false, "Hash Cond": "(an.person_id = n.id)", "Plans": [{"Node Type": "Seq Scan", "Parent Relationship": "Outer", "Parallel Aware": true, "Async Capable": false, "Relation Name": "aka_name", "Alias": "an", "Startup Cost": 0.0, "Total Cost": 14323.56, "Plan Rows": 290756, "Plan Width": 4}, {"Node Type": "Hash", "Parent Relationship": "Inner", "Parallel Aware": true, "Async Capable": false, "Startup Cost": 589420.79, "Total Cost": 589420.79, "Plan Rows": 1, "Plan Width": 72, "Plans": [{"Node Type": "Nested Loop", "Parent Relationship": "Outer", "Parallel Aware": false, "Async Capable": false, "Join Type": "Inner", "Startup Cost": 544870.93, "Total Cost": 589420.79, "Plan Rows": 1, "Plan Width": 72, "Inner Unique": true, "Plans": [{"Node Type": "Hash Join", "Parent Relationship": "Outer", "Parallel Aware": true, "Async Capable": false, "Join Type": "Inner", "Startup Cost": 544870.5, "Total Cost": 589416.32, "Plan Rows": 1, "Plan Width": 76, "Inner Unique": false, "Hash Cond": "(mk.movie_id = t.id)", "Plans": [{"Node Type": "Seq Scan", "Parent Relationship": "Outer", "Parallel Aware": true, "Async Capable": false, "Relation Name": "movie_keyword", "Alias": "mk", "Startup Cost": 0.0, "Total Cost": 39073.32, "Plan Rows": 1459332, "Plan Width": 8}, {"Node Type": "Hash", "Parent Relationship": "Inner", "Parallel Aware": true, "Async Capable": false, "Startup Cost": 544870.48, "Total Cost": 544870.48, "Plan Rows": 1, "Plan Width": 68, "Plans": [{"Node Type": "Nested Loop", "Parent Relationship": "Outer", "Parallel Aware": false, "Async Capable": false, "Join Type": "Inner", "Startup Cost": 206984.05, "Total Cost": 544870.48, "Plan Rows": 1, "Plan Width": 68, "Inner Unique": true, "Plans": [{"Node Type": "Hash Join", "Parent Relationship": "Outer", "Parallel Aware": false, "Async Capable": false, "Join Type": "Inner", "Startup Cost": 206983.59, "Total Cost": 544848.0, "Plan Rows": 5, "Plan Width": 49, "Inner Unique": true, "Hash Cond": "(ci.role_id = rt.id)", "Plans": [{"Node Type": "Nested Loop", "Parent Relationship": "Outer", "Parallel Aware": false, "Async Capable": false, "Join Type": "Inner", "Startup Cost": 206982.43, "Total Cost": 544846.63, "Plan Rows": 59, "Plan Width": 53, "Inner Unique": true, "Plans": [{"Node Type": "Hash Join", "Parent Relationship": "Outer", "Parallel Aware": true, "Async Capable": false, "Join Type": "Inner", "Startup Cost": 206981.97, "Total Cost": 544297.03, "Plan Rows": 123, "Plan Width": 41, "Inner Unique": false, "Hash Cond": "(ci.movie_id = t.id)", "Plans": [{"Node Type": "Seq Scan", "Parent Relationship": "Outer", "Parallel Aware": true, "Async Capable": false, "Relation Name": "cast_info", "Alias": "ci", "Startup Cost": 0.0, "Total Cost": 335756.3, "Plan Rows": 415604, "Plan Width": 16, "Filter": "((note)::text = ANY ('{\"(executive producer)\",\"(head writer)\",(producer)}'::text[]))"}, {"Node Type": "Hash", "Parent Relationship": "Inner", "Parallel Aware": true, "Async Capable": false, "Startup Cost": 206980.1, "Total Cost": 206980.1, "Plan Rows": 150, "Plan Width": 25, "Plans": [{"Node Type": "Nested Loop", "Parent Relationship": "Outer", "Parallel Aware": false, "Async Capable": false, "Join Type": "Inner", "Startup Cost": 3.26, "Total Cost": 206980.1, "Plan Rows": 150, "Plan Width": 25, "Inner Unique": true, "Plans": [{"Node Type": "Hash Join", "Parent Relationship": "Outer", "Parallel Aware": false, "Async Capable": false, "Join Type": "Inner", "Startup Cost": 2.43, "Total Cost": 206207.89, "Plan Rows": 159, "Plan Width": 4, "Inner Unique": true, "Hash Cond": "(mi.info_type_id = it.id)", "Plans": [{"Node Type": "Seq Scan", "Parent Relationship": "Outer", "Parallel Aware": true, "Async Capable": false, "Relation Name": "movie_info", "Alias": "mi", "Startup Cost": 0.0, "Total Cost": 206156.59, "Plan Rows": 17943, "Plan Width": 8, "Filter": "(((info)::text ~~ 'Japan:%200%'::text) OR ((info)::text ~~ 'Japan:%2007%'::text))"}, {"Node Type": "Hash", "Parent Relationship": "Inner", "Parallel Aware": false, "Async Capable": false, "Startup Cost": 2.41, "Total Cost": 2.41, "Plan Rows": 1, "Plan Width": 4, "Plans": [{"Node Type": "Seq Scan", "Parent Relationship": "Outer", "Parallel Aware": false, "Async Capable": false, "Relation Name": "info_type", "Alias": "it", "Startup Cost": 0.0, "Total Cost": 2.41, "Plan Rows": 1, "Plan Width": 4, "Filter": "((info)::text = 'budget'::text)"}]}]}, {"Node Type": "Bitmap Heap Scan", "Parent Relationship": "Inner", "Parallel Aware": false, "Async Capable": false, "Relation Name": "title", "Alias": "t", "Startup Cost": 0.84, "Total Cost": 4.86, "Plan Rows": 1, "Plan Width": 21, "Recheck Cond": "(id = mi.movie_id)", "Filter": "((production_year >= 1917) AND (production_year <= 2014))", "Plans": [{"Node Type": "Bitmap Index Scan", "Parent Relationship": "Outer", "Parallel Aware": false, "Async Capable": false, "Index Name": "title_pkey", "Startup Cost": 0.0, "Total Cost": 0.84, "Plan Rows": 1, "Plan Width": 0, "Index Cond": "(id = mi.movie_id)"}]}]}]}]}, {"Node Type": "Bitmap Heap Scan", "Parent Relationship": "Inner", "Parallel Aware": false, "Async Capable": false, "Relation Name": "char_name", "Alias": "chn", "Startup Cost": 0.46, "Total Cost": 4.47, "Plan Rows": 1, "Plan Width": 20, "Recheck Cond": "(id = ci.person_role_id)", "Plans": [{"Node Type": "Bitmap Index Scan", "Parent Relationship": "Outer", "Parallel Aware": false, "Async Capable": false, "Index Name": "char_name_pkey", "Startup Cost": 0.0, "Total Cost": 0.46, "Plan Rows": 1, "Plan Width": 0, "Index Cond": "(id = ci.person_role_id)"}]}]}, {"Node Type": "Hash", "Parent Relationship": "Inner", "Parallel Aware": false, "Async Capable": false, "Startup Cost": 1.15, "Total Cost": 1.15, "Plan Rows": 1, "Plan Width": 4, "Plans": [{"Node Type": "Seq Scan", "Parent Relationship": "Outer", "Parallel Aware": false, "Async Capable": false, "Relation Name": "role_type", "Alias": "rt", "Startup Cost": 0.0, "Total Cost": 1.15, "Plan Rows": 1, "Plan Width": 4, "Filter": "((role)::text = 'costume designer'::text)"}]}]}, {"Node Type": "Bitmap Heap Scan", "Parent Relationship": "Inner", "Parallel Aware": false, "Async Capable": false, "Relation Name": "name", "Alias": "n", "Startup Cost": 0.46, "Total Cost": 4.48, "Plan Rows": 1, "Plan Width": 19, "Recheck Cond": "(id = ci.person_id)", "Filter": "(((name)::text ~~ '%Downey%Robert%'::text) AND ((gender)::text = 'f'::text))", "Plans": [{"Node Type": "Bitmap Index Scan", "Parent Relationship": "Outer", "Parallel Aware": false, "Async Capable": false, "Index Name": "name_pkey", "Startup Cost": 0.0, "Total Cost": 0.46, "Plan Rows": 1, "Plan Width": 0, "Index Cond": "(id = ci.person_id)"}]}]}]}]}, {"Node Type": "Memoize", "Parent Relationship": "Inner", "Parallel Aware": false, "Async Capable": false, "Startup Cost": 0.44, "Total Cost": 4.46, "Plan Rows": 1, "Plan Width": 4, "Cache Key": "mk.keyword_id", "Cache Mode": "logical", "Plans": [{"Node Type": "Bitmap Heap Scan", "Parent Relationship": "Outer", "Parallel Aware": false, "Async Capable": false, "Relation Name": "keyword", "Alias": "k", "Startup Cost": 0.43, "Total Cost": 4.45, "Plan Rows": 1, "Plan Width": 4, "Recheck Cond": "(id = mk.keyword_id)", "Filter": "((keyword)::text = ANY ('{\"10,000-mile-club\",alienation,based-on-comic,based-on-novel}'::text[]))", "Plans": [{"Node Type": "Bitmap Index Scan", "Parent Relationship": "Outer", "Parallel Aware": false, "Async Capable": false, "Index Name": "keyword_pkey", "Startup Cost": 0.0, "Total Cost": 0.43, "Plan Rows": 1, "Plan Width": 0, "Index Cond": "(id = mk.keyword_id)"}]}]}]}]}]}]}]}]}, {"Node Type": "Bitmap Heap Scan", "Parent Relationship": "Inner", "Parallel Aware": false, "Async Capable": false, "Relation Name": "company_name", "Alias": "cn", "Startup Cost": 0.43, "Total Cost": 4.44, "Plan Rows": 1, "Plan Width": 4, "Recheck Cond": "(id = mc.company_id)", "Filter": "((country_code)::text = '[nl]'::text)", "Plans": [{"Node Type": "Bitmap Index Scan", "Parent Relationship": "Outer", "Parallel Aware": false, "Async Capable": false, "Index Name": "company_name_pkey", "Startup Cost": 0.0, "Total Cost": 0.43, "Plan Rows": 1, "Plan Width": 0, "Index Cond": "(id = mc.company_id)"}]}]}]}}, {"Plan": {"Node Type": "Aggregate", "Strategy": "Plain", "Partial Mode": "Simple", "Parallel Aware": false, "Async Capable": false, "Startup Cost": 50001319332.58, "Total Cost": 50001319332.59, "Plan Rows": 1, "Plan Width": 96, "Plans": [{"Node Type": "Nested Loop", "Parent Relationship": "Outer", "Parallel Aware": false, "Async Capable": false, "Join Type": "Inner", "Startup Cost": 50001232634.35, "Total Cost": 50001319332.58, "Plan Rows": 1, "Plan Width": 48, "Inner Unique": true, "Plans": [{"Node Type": "Nested Loop", "Parent Relationship": "Outer", "Parallel Aware": false, "Async Capable": false, "Join Type": "Inner", "Startup Cost": 50001232633.89, "Total Cost": 50001319328.01, "Plan Rows": 1, "Plan Width": 41, "Inner Unique": true, "Plans": [{"Node Type": "Hash Join", "Parent Relationship": "Outer", "Parallel Aware": false, "Async Capable": false, "Join Type": "Inner", "Startup Cost": 50001232633.46, "Total Cost": 50001319317.52, "Plan Rows": 2, "Plan Width": 45, "Inner Unique": false, "Hash Cond": "(mk.movie_id = t.id)", "Plans": [{"Node Type": "Seq Scan", "Parent Relationship": "Outer", "Parallel Aware": false, "Async Capable": false, "Relation Name": "movie_keyword", "Alias": "mk", "Startup Cost": 10000000000.0, "Total Cost": 10000069719.3, "Plan Rows": 4523930, "Plan Width": 8}, {"Node Type": "Hash", "Parent Relationship": "Inner", "Parallel Aware": false, "Async Capable": false, "Startup Cost": 40001232633.45, "Total Cost": 40001232633.45, "Plan Rows": 1, "Plan Width": 57, "Plans": [{"Node Type": "Nested Loop", "Parent Relationship": "Outer", "Parallel Aware": false, "Async Capable": false, "Join Type": "Inner", "Startup Cost": 40001177649.28, "Total Cost": 40001232633.45, "Plan Rows": 1, "Plan Width": 57, "Inner Unique": true, "Plans": [{"Node Type": "Hash Join", "Parent Relationship": "Outer", "Parallel Aware": false, "Async Capable": false, "Join Type": "Inner", "Startup Cost": 40001177648.86, "Total Cost": 40001232349.02, "Plan Rows": 64, "Plan Width": 61, "Inner Unique": false, "Hash Cond": "(mc.movie_id = t.id)", "Plans": [{"Node Type": "Seq Scan", "Parent Relationship": "Outer", "Parallel Aware": false, "Async Capable": false, "Relation Name": "movie_companies", "Alias": "mc", "Startup Cost": 10000000000.0, "Total Cost": 10000044915.29, "Plan Rows": 2609129, "Plan Width": 8}, {"Node Type": "Hash", "Parent Relationship": "Inner", "Parallel Aware": false, "Async Capable": false, "Startup Cost": 30001177648.08, "Total Cost": 30001177648.08, "Plan Rows": 62, "Plan Width": 53, "Plans": [{"Node Type": "Nested Loop", "Parent Relationship": "Outer", "Parallel Aware": false, "Async Capable": false, "Join Type": "Inner", "Startup Cost": 30001150905.31, "Total Cost": 30001177648.08, "Plan Rows": 62, "Plan Width": 53, "Inner Unique": true, "Plans": [{"Node Type": "Nested Loop", "Parent Relationship": "Outer", "Parallel Aware": false, "Async Capable": false, "Join Type": "Inner", "Startup Cost": 30001150904.86, "Total Cost": 30001177071.67, "Plan Rows": 129, "Plan Width": 41, "Inner Unique": true, "Plans": [{"Node Type": "Hash Join", "Parent Relationship": "Outer", "Parallel Aware": false, "Async Capable": false, "Join Type": "Inner", "Startup Cost": 30001150904.71, "Total Cost": 30001176983.04, "Plan Rows": 1551, "Plan Width": 45, "Inner Unique": false, "Hash Cond": "(an.person_id = ci.person_id)", "Plans": [{"Node Type": "Seq Scan", "Parent Relationship": "Outer", "Parallel Aware": false, "Async Capable": false, "Relation Name": "aka_name", "Alias": "an", "Startup Cost": 10000000000.0, "Total Cost": 10000020429.43, "Plan Rows": 901343, "Plan Width": 4}, {"Node Type": "Hash", "Parent Relationship": "Inner", "Parallel Aware": false, "Async Capable": false, "Startup Cost": 20001150895.48, "Total Cost": 20001150895.48, "Plan Rows": 738, "Plan Width": 41, "Plans": [{"Node Type": "Hash Join", "Parent Relationship": "Outer", "Parallel Aware": false, "Async Capable": false, "Join Type": "Inner", "Startup Cost": 20000390599.23, "Total Cost": 20001150895.48, "Plan Rows": 738, "Plan Width": 41, "Inner Unique": false, "Hash Cond": "(ci.movie_id = t.id)", "Plans": [{"Node Type": "Seq Scan", "Parent Relationship": "Outer", "Parallel Aware": false, "Async Capable": false, "Relation Name": "cast_info", "Alias": "ci", "Startup Cost": 10000000000.0, "Total Cost": 10000750937.77, "Plan Rows": 2493625, "Plan Width": 16, "Filter": "((note)::text = ANY ('{\"(executive producer)\",\"(head writer)\",(producer)}'::text[]))"}, {"Node Type": "Hash", "Parent Relationship": "Inner", "Parallel Aware": false, "Async Capable": false, "Startup Cost": 10000390589.88, "Total Cost": 10000390589.88, "Plan Rows": 748, "Plan Width": 25, "Plans": [{"Node Type": "Nested Loop", "Parent Relationship": "Outer", "Parallel Aware": false, "Async Capable": false, "Join Type": "Inner", "Startup Cost": 10000000001.0, "Total Cost": 10000390589.88, "Plan Rows": 748, "Plan Width": 25, "Inner Unique": true, "Plans": [{"Node Type": "Nested Loop", "Parent Relationship": "Outer", "Parallel Aware": false, "Async Capable": false, "Join Type": "Inner", "Startup Cost": 10000000000.16, "Total Cost": 10000386733.69, "Plan Rows": 794, "Plan Width": 4, "Inner Unique": true, "Plans": [{"Node Type": "Seq Scan", "Parent Relationship": "Outer", "Parallel Aware": false, "Async Capable": false, "Relation Name": "movie_info", "Alias": "mi", "Startup Cost": 10000000000.0, "Total Cost": 10000384190.97, "Plan Rows": 89713, "Plan Width": 8, "Filter": "(((info)::text ~~ 'Japan:%200%'::text) OR ((info)::text ~~ 'Japan:%2007%'::text))"}, {"Node Type": "Memoize", "Parent Relationship": "Inner", "Parallel Aware": false, "Async Capable": false, "Startup Cost": 0.16, "Total Cost": 4.18, "Plan Rows": 1, "Plan Width": 4, "Cache Key": "mi.info_type_id", "Cache Mode": "logical", "Plans": [{"Node Type": "Bitmap Heap Scan", "Parent Relationship": "Outer", "Parallel Aware": false, "Async Capable": false, "Relation Name": "info_type", "Alias": "it", "Startup Cost": 0.15, "Total Cost": 4.17, "Plan Rows": 1, "Plan Width": 4, "Recheck Cond": "(id = mi.info_type_id)", "Filter": "((info)::text = 'budget'::text)", "Plans": [{"Node Type": "Bitmap Index Scan", "Parent Relationship": "Outer", "Parallel Aware": false, "Async Capable": false, "Index Name": "info_type_pkey", "Startup Cost": 0.0, "Total Cost": 0.15, "Plan Rows": 1, "Plan Width": 0, "Index Cond": "(id = mi.info_type_id)"}]}]}]}, {"Node Type": "Bitmap Heap Scan", "Parent Relationship": "Inner", "Parallel Aware": false, "Async Capable": false, "Relation Name": "title", "Alias": "t", "Startup Cost": 0.84, "Total Cost": 4.86, "Plan Rows": 1, "Plan Width": 21, "Recheck Cond": "(id = mi.movie_id)", "Filter": "((production_year >= 1917) AND (production_year <= 2014))", "Plans": [{"Node Type": "Bitmap Index Scan", "Parent Relationship": "Outer", "Parallel Aware": false, "Async Capable": false, "Index Name": "title_pkey", "Startup Cost": 0.0, "Total Cost": 0.84, "Plan Rows": 1, "Plan Width": 0, "Index Cond": "(id = mi.movie_id)"}]}]}]}]}]}]}, {"Node Type": "Memoize", "Parent Relationship": "Inner", "Parallel Aware": false, "Async Capable": false, "Startup Cost": 0.15, "Total Cost": 4.17, "Plan Rows": 1, "Plan Width": 4, "Cache Key": "ci.role_id", "Cache Mode": "logical", "Plans": [{"Node Type": "Bitmap Heap Scan", "Parent Relationship": "Outer", "Parallel Aware": false, "Async Capable": false, "Relation Name": "role_type", "Alias": "rt", "Startup Cost": 0.14, "Total Cost": 4.16, "Plan Rows": 1, "Plan Width": 4, "Recheck Cond": "(id = ci.role_id)", "Filter": "((role)::text = 'costume designer'::text)", "Plans": [{"Node Type": "Bitmap Index Scan", "Parent Relationship": "Outer", "Parallel Aware": false, "Async Capable": false, "Index Name": "role_type_pkey", "Startup Cost": 0.0, "Total Cost": 0.14, "Plan Rows": 1, "Plan Width": 0, "Index Cond": "(id = ci.role_id)"}]}]}]}, {"Node Type": "Bitmap Heap Scan", "Parent Relationship": "Inner", "Parallel Aware": false, "Async Capable": false, "Relation Name": "char_name", "Alias": "chn", "Startup Cost": 0.46, "Total Cost": 4.47, "Plan Rows": 1, "Plan Width": 20, "Recheck Cond": "(id = ci.person_role_id)", "Plans": [{"Node Type": "Bitmap Index Scan", "Parent Relationship": "Outer", "Parallel Aware": false, "Async Capable": false, "Index Name": "char_name_pkey", "Startup Cost": 0.0, "Total Cost": 0.46, "Plan Rows": 1, "Plan Width": 0, "Index Cond": "(id = ci.person_role_id)"}]}]}]}]}, {"Node Type": "Bitmap Heap Scan", "Parent Relationship": "Inner", "Parallel Aware": false, "Async Capable": false, "Relation Name": "company_name", "Alias": "cn", "Startup Cost": 0.43, "Total Cost": 4.44, "Plan Rows": 1, "Plan Width": 4, "Recheck Cond": "(id = mc.company_id)", "Filter": "((country_code)::text = '[nl]'::text)", "Plans": [{"Node Type": "Bitmap Index Scan", "Parent Relationship": "Outer", "Parallel Aware": false, "Async Capable": false, "Index Name": "company_name_pkey", "Startup Cost": 0.0, "Total Cost": 0.43, "Plan Rows": 1, "Plan Width": 0, "Index Cond": "(id = mc.company_id)"}]}]}]}]}, {"Node Type": "Bitmap Heap Scan", "Parent Relationship": "Inner", "Parallel Aware": false, "Async Capable": false, "Relation Name": "keyword", "Alias": "k", "Startup Cost": 0.43, "Total Cost": 4.45, "Plan Rows": 1, "Plan Width": 4, "Recheck Cond": "(id = mk.keyword_id)", "Filter": "((keyword)::text = ANY ('{\"10,000-mile-club\",alienation,based-on-comic,based-on-novel}'::text[]))", "Plans": [{"Node Type": "Bitmap Index Scan", "Parent Relationship": "Outer", "Parallel Aware": false, "Async Capable": false, "Index Name": "keyword_pkey", "Startup Cost": 0.0, "Total Cost": 0.43, "Plan Rows": 1, "Plan Width": 0, "Index Cond": "(id = mk.keyword_id)"}]}]}, {"Node Type": "Bitmap Heap Scan", "Parent Relationship": "Inner", "Parallel Aware": false, "Async Capable": false, "Relation Name": "name", "Alias": "n", "Startup Cost": 0.46, "Total Cost": 4.48, "Plan Rows": 1, "Plan Width": 19, "Recheck Cond": "(id = ci.person_id)", "Filter": "(((name)::text ~~ '%Downey%Robert%'::text) AND ((gender)::text = 'f'::text))", "Plans": [{"Node Type": "Bitmap Index Scan", "Parent Relationship": "Outer", "Parallel Aware": false, "Async Capable": false, "Index Name": "name_pkey", "Startup Cost": 0.0, "Total Cost": 0.46, "Plan Rows": 1, "Plan Width": 0, "Index Cond": "(id = ci.person_id)"}]}]}]}}, {"Plan": {"Node Type": "Aggregate", "Strategy": "Plain", "Partial Mode": "Simple", "Parallel Aware": false, "Async Capable": false, "Startup Cost": 50002935805.4, "Total Cost": 50002935805.41, "Plan Rows": 1, "Plan Width": 96, "Plans": [{"Node Type": "Merge Join", "Parent Relationship": "Outer", "Parallel Aware": false, "Async Capable": false, "Join Type": "Inner", "Startup Cost": 50002930066.47, "Total Cost": 50002935805.39, "Plan Rows": 1, "Plan Width": 48, "Inner Unique": false, "Merge Cond": "(k.id = mk.keyword_id)", "Plans": [{"Node Type": "Index Scan", "Parent Relationship": "Outer", "Parallel Aware": false, "Async Capable": false, "Scan Direction": "Forward", "Index Name": "keyword_pkey", "Relation Name": "keyword", "Alias": "k", "Startup Cost": 0.42, "Total Cost": 5739.32, "Plan Rows": 4, "Plan Width": 4, "Filter": "((keyword)::text = ANY ('{\"10,000-mile-club\",alienation,based-on-comic,based-on-novel}'::text[]))"}, {"Node Type": "Sort", "Parent Relationship": "Inner", "Parallel Aware": false, "Async Capable": false, "Startup Cost": 50002930066.05, "Total Cost": 50002930066.05, "Plan Rows": 2, "Plan Width": 52, "Sort Key": ["mk.keyword_id"], "Plans": [{"Node Type": "Merge Join", "Parent Relationship": "Outer", "Parallel Aware": false, "Async Capable": false, "Join Type": "Inner", "Startup Cost": 50002907446.36, "Total Cost": 50002930066.04, "Plan Rows": 2, "Plan Width": 52, "Inner Unique": false, "Merge Cond": "(t.id = mk.movie_id)", "Plans": [{"Node Type": "Sort", "Parent Relationship": "Outer", "Parallel Aware": false, "Async Capable": false, "Startup Cost": 40002337625.94, "Total Cost": 40002337625.94, "Plan Rows": 1, "Plan Width": 64, "Sort Key": ["mi.movie_id"], "Plans": [{"Node Type": "Merge Join", "Parent Relationship": "Outer", "Parallel Aware": false, "Async Capable": false, "Join Type": "Inner", "Startup Cost": 40002325061.63, "Total Cost": 40002337625.93, "Plan Rows": 1, "Plan Width": 64, "Inner Unique": true, "Merge Cond": "(mc.company_id = cn.id)", "Plans": [{"Node Type": "Sort", "Parent Relationship": "Outer", "Parallel Aware": false, "Async Capable": false, "Startup Cost": 40002325061.21, "Total Cost": 40002325061.21, "Plan Rows": 1, "Plan Width": 68, "Sort Key": ["mc.company_id"], "Plans": [{"Node Type": "Merge Join", "Parent Relationship": "Outer", "Parallel Aware": false, "Async Capable": false, "Join Type": "Inner", "Startup Cost": 40002325048.97, "Total Cost": 40002325061.2, "Plan Rows": 1, "Plan Width": 68, "Inner Unique": true, "Merge Cond": "(ci.role_id = rt.id)", "Plans": [{"Node Type": "Sort", "Parent Relationship": "Outer", "Parallel Aware": false, "Async Capable": false, "Startup Cost": 40002325048.83, "Total Cost": 40002325048.84, "Plan Rows": 1, "Plan Width": 72, "Sort Key": ["ci.role_id"], "Plans": [{"Node Type": "Merge Join", "Parent Relationship": "Outer", "Parallel Aware": false, "Async Capable": false, "Join Type": "Inner", "Startup Cost": 40002188482.37, "Total Cost": 40002325048.82, "Plan Rows": 1, "Plan Width": 72, "Inner Unique": true, "Merge Cond": "(ci.person_role_id = chn.id)", "Plans": [{"Node Type": "Sort", "Parent Relationship": "Outer", "Parallel Aware": false, "Async Capable": false, "Startup Cost": 40002188481.94, "Total Cost": 40002188481.95, "Plan Rows": 1, "Plan Width": 60, "Sort Key": ["ci.person_role_id"], "Plans": [{"Node Type": "Merge Join", "Parent Relationship": "Outer", "Parallel Aware": false, "Async Capable": false, "Join Type": "Inner", "Startup Cost": 40001994611.47, "Total Cost": 40002188481.93, "Plan Rows": 1, "Plan Width": 60, "Inner Unique": false, "Merge Cond": "(n.id = ci.person_id)", "Plans": [{"Node Type": "Merge Join", "Parent Relationship": "Outer", "Parallel Aware": false, "Async Capable": false, "Join Type": "Inner", "Startup Cost": 10000109580.51, "Total Cost": 10000313140.43, "Plan Rows": 21, "Plan Width": 23, "Inner Unique": false, "Merge Cond": "(n.id = an.person_id)", "Plans": [{"Node Type": "Index Scan", "Parent Relationship": "Outer", "Parallel Aware": false, "Async Capable": false, "Scan Direction": "Forward", "Index Name": "name_pkey", "Relation Name": "name", "Alias": "n", "Startup Cost": 0.43, "Total Cost": 199053.37, "Plan Rows": 96, "Plan Width": 19, "Filter": "(((name)::text ~~ '%Downey%Robert%'::text) AND ((gender)::text = 'f'::text))"}, {"Node Type": "Sort", "Parent Relationship": "Inner", "Parallel Aware": false, "Async Capable": false, "Startup Cost": 10000109579.99, "Total Cost": 10000111833.35, "Plan Rows": 901343, "Plan Width": 4, "Sort Key": ["an.person_id"], "Plans": [{"Node Type": "Seq Scan", "Parent Relationship": "Outer", "Parallel Aware": false, "Async Capable": false, "Relation Name": "aka_name", "Alias": "an", "Startup Cost": 10000000000.0, "Total Cost": 10000020429.43, "Plan Rows": 901343, "Plan Width": 4}]}]}, {"Node Type": "Sort", "Parent Relationship": "Inner", "Parallel Aware": false, "Async Capable": false, "Startup Cost": 30001885030.97, "Total Cost": 30001885032.87, "Plan Rows": 761, "Plan Width": 49, "Sort Key": ["ci.person_id"], "Plans": [{"Node Type": "Merge Join", "Parent Relationship": "Outer", "Parallel Aware": false, "Async Capable": false, "Join Type": "Inner", "Startup Cost": 30001730949.13, "Total Cost": 30001884994.54, "Plan Rows": 761, "Plan Width": 49, "Inner Unique": false, "Merge Cond": "(t.id = ci.movie_id)", "Plans": [{"Node Type": "Merge Join", "Parent Relationship": "Outer", "Parallel Aware": false, "Async Capable": false, "Join Type": "Inner", "Startup Cost": 20000715065.78, "Total Cost": 20000856817.4, "Plan Rows": 772, "Plan Width": 33, "Inner Unique": false, "Merge Cond": "(t.id = mc.movie_id)", "Plans": [{"Node Type": "Merge Join", "Parent Relationship": "Outer", "Parallel Aware": false, "Async Capable": false, "Join Type": "Inner", "Startup Cost": 10000392080.52, "Total Cost": 10000520949.45, "Plan Rows": 748, "Plan Width": 25, "Inner Unique": true, "Merge Cond": "(mi.movie_id = t.id)", "Plans": [{"Node Type": "Sort", "Parent Relationship": "Outer", "Parallel Aware": false, "Async Capable": false, "Startup Cost": 10000392080.09, "Total Cost": 10000392082.08, "Plan Rows": 794, "Plan Width": 4, "Sort Key": ["mi.movie_id"], "Plans": [{"Node Type": "Merge Join", "Parent Relationship": "Outer", "Parallel Aware": false, "Async Capable": false, "Join Type": "Inner", "Startup Cost": 10000391571.37, "Total Cost": 10000392041.85, "Plan Rows": 794, "Plan Width": 4, "Inner Unique": false, "Merge Cond": "(it.id = mi.info_type_id)", "Plans": [{"Node Type": "Index Scan", "Parent Relationship": "Outer", "Parallel Aware": false, "Async Capable": false, "Scan Direction": "Forward", "Index Name": "info_type_pkey", "Relation Name": "info_type", "Alias": "it", "Startup Cost": 0.14, "Total Cost": 14.12, "Plan Rows": 1, "Plan Width": 4, "Filter": "((info)::text = 'budget'::text)"}, {"Node Type": "Sort", "Parent Relationship": "Inner", "Parallel Aware": false, "Async Capable": false, "Startup Cost": 10000391571.22, "Total Cost": 10000391795.51, "Plan Rows": 89713, "Plan Width": 8, "Sort Key": ["mi.info_type_id"], "Plans": [{"Node Type": "Seq Scan", "Parent Relationship": "Outer", "Parallel Aware": false, "Async Capable": false, "Relation Name": "movie_info", "Alias": "mi", "Startup Cost": 10000000000.0, "Total Cost": 10000384190.97, "Plan Rows": 89713, "Plan Width": 8, "Filter": "(((info)::text ~~ 'Japan:%200%'::text) OR ((info)::text ~~ 'Japan:%2007%'::text))"}]}]}]}, {"Node Type": "Index Scan", "Parent Relationship": "Inner", "Parallel Aware": false, "Async Capable": false, "Scan Direction": "Forward", "Index Name": "title_pkey", "Relation Name": "title", "Alias": "t", "Startup Cost": 0.43, "Total Cost": 123010.23, "Plan Rows": 2381762, "Plan Width": 21, "Filter": "((production_year >= 1917) AND (production_year <= 2014))"}]}, {"Node Type": "Sort", "Parent Relationship": "Inner", "Parallel Aware": false, "Async Capable": false, "Startup Cost": 10000322985.0, "Total Cost": 10000329507.82, "Plan Rows": 2609129, "Plan Width": 8, "Sort Key": ["mc.movie_id"], "Plans": [{"Node Type": "Seq Scan", "Parent Relationship": "Outer", "Parallel Aware": false, "Async Capable": false, "Relation Name": "movie_companies", "Alias": "mc", "Startup Cost": 10000000000.0, "Total Cost": 10000044915.29, "Plan Rows": 2609129, "Plan Width": 8}]}]}, {"Node Type": "Sort", "Parent Relationship": "Inner", "Parallel Aware": false, "Async Capable": false, "Startup Cost": 10001015883.1, "Total Cost": 10001022117.16, "Plan Rows": 2493625, "Plan Width": 16, "Sort Key": ["ci.movie_id"], "Plans": [{"Node Type": "Seq Scan", "Parent Relationship": "Outer", "Parallel Aware": false, "Async Capable": false, "Relation Name": "cast_info", "Alias": "ci", "Startup Cost": 10000000000.0, "Total Cost": 10000750937.77, "Plan Rows": 2493625, "Plan Width": 16, "Filter": "((note)::text = ANY ('{\"(executive producer)\",\"(head writer)\",(producer)}'::text[]))"}]}]}]}]}]}, {"Node Type": "Index Scan", "Parent Relationship": "Inner", "Parallel Aware": false, "Async Capable": false, "Scan Direction": "Forward", "Index Name": "char_name_pkey", "Relation Name": "char_name", "Alias": "chn", "Startup Cost": 0.43, "Total Cost": 128716.01, "Plan Rows": 3140339, "Plan Width": 20}]}]}, {"Node Type": "Index Scan", "Parent Relationship": "Inner", "Parallel Aware": false, "Async Capable": false, "Scan Direction": "Forward", "Index Name": "role_type_pkey", "Relation Name": "role_type", "Alias": "rt", "Startup Cost": 0.14, "Total Cost": 12.35, "Plan Rows": 1, "Plan Width": 4, "Filter": "((role)::text = 'costume designer'::text)"}]}]}, {"Node Type": "Index Scan", "Parent Relationship": "Inner", "Parallel Aware": false, "Async Capable": false, "Scan Direction": "Forward", "Index Name": "company_name_pkey", "Relation Name": "company_name", "Alias": "cn", "Startup Cost": 0.42, "Total Cost": 12559.02, "Plan Rows": 2272, "Plan Width": 4, "Filter": "((country_code)::text = '[nl]'::text)"}]}]}, {"Node Type": "Sort", "Parent Relationship": "Inner", "Parallel Aware": false, "Async Capable": false, "Startup Cost": 10000569820.43, "Total Cost": 10000581130.25, "Plan Rows": 4523930, "Plan Width": 8, "Sort Key": ["mk.movie_id"], "Plans": [{"Node Type": "Seq Scan", "Parent Relationship": "Outer", "Parallel Aware": false, "Async Capable": false, "Relation Name": "movie_keyword", "Alias": "mk", "Startup Cost": 10000000000.0, "Total Cost": 10000069719.3, "Plan Rows": 4523930, "Plan Width": 8}]}]}]}]}]}}, {"Plan": {"Node Type": "Aggregate", "Strategy": "Plain", "Partial Mode": "Simple", "Parallel Aware": false, "Async Capable": false, "Startup Cost": 50001447920.91, "Total Cost": 50001447920.92, "Plan Rows": 1, "Plan Width": 96, "Plans": [{"Node Type": "Nested Loop", "Parent Relationship": "Outer", "Parallel Aware": false, "Async Capable": false, "Join Type": "Inner", "Startup Cost": 50001192047.9, "Total Cost": 50001447920.9, "Plan Rows": 1, "Plan Width": 48, "Inner Unique": true, "Plans": [{"Node Type": "Nested Loop", "Parent Relationship": "Outer", "Parallel Aware": false, "Async Capable": false, "Join Type": "Inner", "Startup Cost": 50001192047.48, "Total Cost": 50001447920.46, "Plan Rows": 1, "Plan Width": 52, "Inner Unique": false, "Join Filter": "(t.id = mc.movie_id)", "Plans": [{"Node Type": "Nested Loop", "Parent Relationship": "Outer", "Parallel Aware": false, "Async Capable": false, "Join Type": "Inner", "Startup Cost": 40001192047.48, "Total Cost": 40001370391.05, "Plan Rows": 1, "Plan Width": 64, "Inner Unique": true, "Plans": [{"Node Type": "Nested Loop", "Parent Relationship": "Outer", "Parallel Aware": false, "Async Capable": false, "Join Type": "Inner", "Startup Cost": 40001192047.34, "Total Cost": 40001370390.87, "Plan Rows": 1, "Plan Width": 68, "Inner Unique": true, "Plans": [{"Node Type": "Nested Loop", "Parent Relationship": "Outer", "Parallel Aware": false, "Async Capable": false, "Join Type": "Inner", "Startup Cost": 40001192046.92, "Total Cost": 40001370389.97, "Plan Rows": 2, "Plan Width": 72, "Inner Unique": false, "Join Filter": "(t.id = mk.movie_id)", "Plans": [{"Node Type": "Nested Loop", "Parent Relationship": "Outer", "Parallel Aware": false, "Async Capable": false, "Join Type": "Inner", "Startup Cost": 30001192046.92, "Total Cost": 30001244121.55, "Plan Rows": 1, "Plan Width": 64, "Inner Unique": false, "Join Filter": "(n.id = an.person_id)", "Plans": [{"Node Type": "Nested Loop", "Parent Relationship": "Outer", "Parallel Aware": false, "Async Capable": false, "Join Type": "Inner", "Startup Cost": 20001192046.92, "Total Cost": 20001212425.33, "Plan Rows": 1, "Plan Width": 72, "Inner Unique": true, "Plans": [{"Node Type": "Nested Loop", "Parent Relationship": "Outer", "Parallel Aware": false, "Async Capable": false, "Join Type": "Inner", "Startup Cost": 20001192046.49, "Total Cost": 20001207796.62, "Plan Rows": 8180, "Plan Width": 53, "Inner Unique": true, "Join Filter": "(t.id = mi.movie_id)", "Plans": [{"Node Type": "Nested Loop", "Parent Relationship": "Outer", "Parallel Aware": false, "Async Capable": false, "Join Type": "Inner", "Startup Cost": 20001192046.06, "Total Cost": 20001203132.1, "Plan Rows": 8683, "Plan Width": 32, "Inner Unique": true, "Plans": [{"Node Type": "Merge Join", "Parent Relationship": "Outer", "Parallel Aware": false, "Async Capable": false, "Join Type": "Inner", "Startup Cost": 20001192045.63, "Total Cost": 20001193712.87, "Plan Rows": 17976, "Plan Width": 20, "Inner Unique": false, "Merge Cond": "(mi.movie_id = ci.movie_id)", "Plans": [{"Node Type": "Sort", "Parent Relationship": "Outer", "Parallel Aware": false, "Async Capable": false, "Startup Cost": 10000391571.22, "Total Cost": 10000391795.51, "Plan Rows": 89713, "Plan Width": 8, "Sort Key": ["mi.movie_id"], "Plans": [{"Node Type": "Seq Scan", "Parent Relationship": "Outer", "Parallel Aware": false, "Async Capable": false, "Relation Name": "movie_info", "Alias": "mi", "Startup Cost": 10000000000.0, "Total Cost": 10000384190.97, "Plan Rows": 89713, "Plan Width": 8, "Filter": "(((info)::text ~~ 'Japan:%200%'::text) OR ((info)::text ~~ 'Japan:%2007%'::text))"}]}, {"Node Type": "Sort", "Parent Relationship": "Inner", "Parallel Aware": false, "Async Capable": false, "Startup Cost": 10000800474.39, "Total Cost": 10000800993.89, "Plan Rows": 207802, "Plan Width": 12, "Sort Key": ["ci.movie_id"], "Plans": [{"Node Type": "Nested Loop", "Parent Relationship": "Outer", "Parallel Aware": false, "Async Capable": false, "Join Type": "Inner", "Startup Cost": 10000000000.14, "Total Cost": 10000782120.43, "Plan Rows": 207802, "Plan Width": 12, "Inner Unique": false, "Join Filter": "(rt.id = ci.role_id)", "Plans": [{"Node Type": "Index Scan", "Parent Relationship": "Outer", "Parallel Aware": false, "Async Capable": false, "Scan Direction": "Forward", "Index Name": "role_type_pkey", "Relation Name": "role_type", "Alias": "rt", "Startup Cost": 0.14, "Total Cost": 12.35, "Plan Rows": 1, "Plan Width": 4, "Filter": "((role)::text = 'costume designer'::text)"}, {"Node Type": "Seq Scan", "Parent Relationship": "Inner", "Parallel Aware": false, "Async Capable": false, "Relation Name": "cast_info", "Alias": "ci", "Startup Cost": 10000000000.0, "Total Cost": 10000750937.77, "Plan Rows": 2493625, "Plan Width": 16, "Filter": "((note)::text = ANY ('{\"(executive producer)\",\"(head writer)\",(producer)}'::text[]))"}]}]}]}, {"Node Type": "Index Scan", "Parent Relationship": "Inner", "Parallel Aware": false, "Async Capable": false, "Scan Direction": "Forward", "Index Name": "char_name_pkey", "Relation Name": "char_name", "Alias": "chn", "Startup Cost": 0.43, "Total Cost": 0.52, "Plan Rows": 1, "Plan Width": 20, "Index Cond": "(id = ci.person_role_id)"}]}, {"Node Type": "Index Scan", "Parent Relationship": "Inner", "Parallel Aware": false, "Async Capable": false, "Scan Direction": "Forward", "Index Name": "title_pkey", "Relation Name": "title", "Alias": "t", "Startup Cost": 0.43, "Total Cost": 0.52, "Plan Rows": 1, "Plan Width": 21, "Index Cond": "(id = ci.movie_id)", "Filter": "((production_year >= 1917) AND (production_year <= 2014))"}]}, {"Node Type": "Index Scan", "Parent Relationship": "Inner", "Parallel Aware": false, "Async Capable": false, "Scan Direction": "Forward", "Index Name": "name_pkey", "Relation Name": "name", "Alias": "n", "Startup Cost": 0.43, "Total Cost": 0.57, "Plan Rows": 1, "Plan Width": 19, "Index Cond": "(id = ci.person_id)", "Filter": "(((name)::text ~~ '%Downey%Robert%'::text) AND ((gender)::text = 'f'::text))"}]}, {"Node Type": "Seq Scan", "Parent Relationship": "Inner", "Parallel Aware": false, "Async Capable": false, "Relation Name": "aka_name", "Alias": "an", "Startup Cost": 10000000000.0, "Total Cost": 10000020429.43, "Plan Rows": 901343, "Plan Width": 4}]}, {"Node Type": "Seq Scan", "Parent Relationship": "Inner", "Parallel Aware": false, "Async Capable": false, "Relation Name": "movie_keyword", "Alias": "mk", "Startup Cost": 10000000000.0, "Total Cost": 10000069719.3, "Plan Rows": 4523930, "Plan Width": 8}]}, {"Node Type": "Index Scan", "Parent Relationship": "Inner", "Parallel Aware": false, "Async Capable": false, "Scan Direction": "Forward", "Index Name": "keyword_pkey", "Relation Name": "keyword", "Alias": "k", "Startup Cost": 0.42, "Total Cost": 0.44, "Plan Rows": 1, "Plan Width": 4, "Index Cond": "(id = mk.keyword_id)", "Filter": "((keyword)::text = ANY ('{\"10,000-mile-club\",alienation,based-on-comic,based-on-novel}'::text[]))"}]}, {"Node Type": "Index Scan", "Parent Relationship": "Inner", "Parallel Aware": false, "Async Capable": false, "Scan Direction": "Forward", "Index Name": "info_type_pkey", "Relation Name": "info_type", "Alias": "it", "Startup Cost": 0.14, "Total Cost": 0.16, "Plan Rows": 1, "Plan Width": 4, "Index Cond": "(id = mi.info_type_id)", "Filter": "((info)::text = 'budget'::text)"}]}, {"Node Type": "Seq Scan", "Parent Relationship": "Inner", "Parallel Aware": false, "Async Capable": false, "Relation Name": "movie_companies", "Alias": "mc", "Startup Cost": 10000000000.0, "Total Cost": 10000044915.29, "Plan Rows": 2609129, "Plan Width": 8}]}, {"Node Type": "Index Scan", "Parent Relationship": "Inner", "Parallel Aware": false, "Async Capable": false, "Scan Direction": "Forward", "Index Name": "company_name_pkey", "Relation Name": "company_name", "Alias": "cn", "Startup Cost": 0.42, "Total Cost": 0.45, "Plan Rows": 1, "Plan Width": 4, "Index Cond": "(id = mc.company_id)", "Filter": "((country_code)::text = '[nl]'::text)"}]}]}}, {"Plan": {"Node Type": "Aggregate", "Strategy": "Plain", "Partial Mode": "Simple", "Parallel Aware": false, "Async Capable": false, "Startup Cost": 819492.13, "Total Cost": 819492.14, "Plan Rows": 1, "Plan Width": 96, "Plans": [{"Node Type": "Nested Loop", "Parent Relationship": "Outer", "Parallel Aware": false, "Async Capable": false, "Join Type": "Inner", "Startup Cost": 2002.42, "Total Cost": 819492.13, "Plan Rows": 1, "Plan Width": 48, "Inner Unique": true, "Plans": [{"Node Type": "Nested Loop", "Parent Relationship": "Outer", "Parallel Aware": false, "Async Capable": false, "Join Type": "Inner", "Startup Cost": 2002.28, "Total Cost": 819491.94, "Plan Rows": 1, "Plan Width": 52, "Inner Unique": true, "Plans": [{"Node Type": "Nested Loop", "Parent Relationship": "Outer", "Parallel Aware": false, "Async Capable": false, "Join Type": "Inner", "Startup Cost": 2001.86, "Total Cost": 819491.5, "Plan Rows": 1, "Plan Width": 56, "Inner Unique": false, "Join Filter": "(t.id = mc.movie_id)", "Plans": [{"Node Type": "Nested Loop", "Parent Relationship": "Outer", "Parallel Aware": false, "Async Capable": false, "Join Type": "Inner", "Startup Cost": 2001.86, "Total Cost": 741962.09, "Plan Rows": 1, "Plan Width": 68, "Inner Unique": false, "Join Filter": "(n.id = an.person_id)", "Plans": [{"Node Type": "Nested Loop", "Parent Relationship": "Outer", "Parallel Aware": false, "Async Capable": false, "Join Type": "Inner", "Startup Cost": 2001.86, "Total Cost": 710265.88, "Plan Rows": 1, "Plan Width": 76, "Inner Unique": true, "Join Filter": "(t.id = mi.movie_id)", "Plans": [{"Node Type": "Nested Loop", "Parent Relationship": "Outer", "Parallel Aware": false, "Async Capable": false, "Join Type": "Inner", "Startup Cost": 2001.42, "Total Cost": 710265.37, "Plan Rows": 1, "Plan Width": 55, "Inner Unique": false, "Join Filter": "(mi.movie_id = ci.movie_id)", "Plans": [{"Node Type": "Gather", "Parent Relationship": "Outer", "Parallel Aware": false, "Async Capable": false, "Startup Cost": 1001.42, "Total Cost": 493016.07, "Plan Rows": 1, "Plan Width": 47, "Workers Planned": 6, "Single Copy": false, "Plans": [{"Node Type": "Nested Loop", "Parent Relationship": "Outer", "Parallel Aware": false, "Async Capable": false, "Join Type": "Inner", "Startup Cost": 1.42, "Total Cost": 492015.97, "Plan Rows": 1, "Plan Width": 47, "Inner Unique": true, "Plans": [{"Node Type": "Nested Loop", "Parent Relationship": "Outer", "Parallel Aware": false, "Async Capable": false, "Join Type": "Inner", "Startup Cost": 1.0, "Total Cost": 492015.07, "Plan Rows": 2, "Plan Width": 51, "Inner Unique": false, "Join Filter": "(ci.movie_id = mk.movie_id)", "Plans": [{"Node Type": "Nested Loop", "Parent Relationship": "Outer", "Parallel Aware": false, "Async Capable": false, "Join Type": "Inner", "Startup Cost": 1.0, "Total Cost": 365746.64, "Plan Rows": 1, "Plan Width": 43, "Inner Unique": true, "Plans": [{"Node Type": "Nested Loop", "Parent Relationship": "Outer", "Parallel Aware": false, "Async Capable": false, "Join Type": "Inner", "Startup Cost": 0.57, "Total Cost": 365746.12, "Plan Rows": 1, "Plan Width": 31, "Inner Unique": true, "Plans": [{"Node Type": "Nested Loop", "Parent Relationship": "Outer", "Parallel Aware": false, "Async Capable": false, "Join Type": "Inner", "Startup Cost": 0.15, "Total Cost": 346148.25, "Plan Rows": 34634, "Plan Width": 12, "Inner Unique": true, "Plans": [{"Node Type": "Seq Scan", "Parent Relationship": "Outer", "Parallel Aware": true, "Async Capable": false, "Relation Name": "cast_info", "Alias": "ci", "Startup Cost": 0.0, "Total Cost": 335756.3, "Plan Rows": 415604, "Plan Width": 16, "Filter": "((note)::text = ANY ('{\"(executive producer)\",\"(head writer)\",(producer)}'::text[]))"}, {"Node Type": "Memoize", "Parent Relationship": "Inner", "Parallel Aware": false, "Async Capable": false, "Startup Cost": 0.15, "Total Cost": 0.17, "Plan Rows": 1, "Plan Width": 4, "Cache Key": "ci.role_id", "Cache Mode": "logical", "Plans": [{"Node Type": "Index Scan", "Parent Relationship": "Outer", "Parallel Aware": false, "Async Capable": false, "Scan Direction": "Forward", "Index Name": "role_type_pkey", "Relation Name": "role_type", "Alias": "rt", "Startup Cost": 0.14, "Total Cost": 0.16, "Plan Rows": 1, "Plan Width": 4, "Index Cond": "(id = ci.role_id)", "Filter": "((role)::text = 'costume designer'::text)"}]}]}, {"Node Type": "Index Scan", "Parent Relationship": "Inner", "Parallel Aware": false, "Async Capable": false, "Scan Direction": "Forward", "Index Name": "name_pkey", "Relation Name": "name", "Alias": "n", "Startup Cost": 0.43, "Total Cost": 0.57, "Plan Rows": 1, "Plan Width": 19, "Index Cond": "(id = ci.person_id)", "Filter": "(((name)::text ~~ '%Downey%Robert%'::text) AND ((gender)::text = 'f'::text))"}]}, {"Node Type": "Index Scan", "Parent Relationship": "Inner", "Parallel Aware": false, "Async Capable": false, "Scan Direction": "Forward", "Index Name": "char_name_pkey", "Relation Name": "char_name", "Alias": "chn", "Startup Cost": 0.43, "Total Cost": 0.52, "Plan Rows": 1, "Plan Width": 20, "Index Cond": "(id = ci.person_role_id)"}]}, {"Node Type": "Seq Scan", "Parent Relationship": "Inner", "Parallel Aware": false, "Async Capable": false, "Relation Name": "movie_keyword", "Alias": "mk", "Startup Cost": 0.0, "Total Cost": 69719.3, "Plan Rows": 4523930, "Plan Width": 8}]}, {"Node Type": "Index Scan", "Parent Relationship": "Inner", "Parallel Aware": false, "Async Capable": false, "Scan Direction": "Forward", "Index Name": "keyword_pkey", "Relation Name": "keyword", "Alias": "k", "Startup Cost": 0.42, "Total Cost": 0.44, "Plan Rows": 1, "Plan Width": 4, "Index Cond": "(id = mk.keyword_id)", "Filter": "((keyword)::text = ANY ('{\"10,000-mile-club\",alienation,based-on-comic,based-on-novel}'::text[]))"}]}]}, {"Node Type": "Gather", "Parent Relationship": "Inner", "Parallel Aware": false, "Async Capable": false, "Startup Cost": 1000.0, "Total Cost": 216127.89, "Plan Rows": 89713, "Plan Width": 8, "Workers Planned": 5, "Single Copy": false, "Plans": [{"Node Type": "Seq Scan", "Parent Relationship": "Outer", "Parallel Aware": true, "Async Capable": false, "Relation Name": "movie_info", "Alias": "mi", "Startup Cost": 0.0, "Total Cost": 206156.59, "Plan Rows": 17943, "Plan Width": 8, "Filter": "(((info)::text ~~ 'Japan:%200%'::text) OR ((info)::text ~~ 'Japan:%2007%'::text))"}]}]}, {"Node Type": "Index Scan", "Parent Relationship": "Inner", "Parallel Aware": false, "Async Capable": false, "Scan Direction": "Forward", "Index Name": "title_pkey", "Relation Name": "title", "Alias": "t", "Startup Cost": 0.43, "Total Cost": 0.49, "Plan Rows": 1, "Plan Width": 21, "Index Cond": "(id = mk.movie_id)", "Filter": "((production_year >= 1917) AND (production_year <= 2014))"}]}, {"Node Type": "Seq Scan", "Parent Relationship": "Inner", "Parallel Aware": false, "Async Capable": false, "Relation Name": "aka_name", "Alias": "an", "Startup Cost": 0.0, "Total Cost": 20429.43, "Plan Rows": 901343, "Plan Width": 4}]}, {"Node Type": "Seq Scan", "Parent Relationship": "Inner", "Parallel Aware": false, "Async Capable": false, "Relation Name": "movie_companies", "Alias": "mc", "Startup Cost": 0.0, "Total Cost": 44915.29, "Plan Rows": 2609129, "Plan Width": 8}]}, {"Node Type": "Index Scan", "Parent Relationship": "Inner", "Parallel Aware": false, "Async Capable": false, "Scan Direction": "Forward", "Index Name": "company_name_pkey", "Relation Name": "company_name", "Alias": "cn", "Startup Cost": 0.42, "Total Cost": 0.45, "Plan Rows": 1, "Plan Width": 4, "Index Cond": "(id = mc.company_id)", "Filter": "((country_code)::text = '[nl]'::text)"}]}, {"Node Type": "Index Scan", "Parent Relationship": "Inner", "Parallel Aware": false, "Async Capable": false, "Scan Direction": "Forward", "Index Name": "info_type_pkey", "Relation Name": "info_type", "Alias": "it", "Startup Cost": 0.14, "Total Cost": 0.16, "Plan Rows": 1, "Plan Width": 4, "Index Cond": "(id = mi.info_type_id)", "Filter": "((info)::text = 'budget'::text)"}]}]}}, {"Plan": {"Node Type": "Aggregate", "Strategy": "Plain", "Partial Mode": "Simple", "Parallel Aware": false, "Async Capable": false, "Startup Cost": 1965926.65, "Total Cost": 1965926.66, "Plan Rows": 1, "Plan Width": 96, "Plans": [{"Node Type": "Merge Join", "Parent Relationship": "Outer", "Parallel Aware": false, "Async Capable": false, "Join Type": "Inner", "Startup Cost": 1829360.19, "Total Cost": 1965926.64, "Plan Rows": 1, "Plan Width": 48, "Inner Unique": false, "Merge Cond": "(chn.id = ci.person_role_id)", "Plans": [{"Node Type": "Index Scan", "Parent Relationship": "Outer", "Parallel Aware": false, "Async Capable": false, "Scan Direction": "Forward", "Index Name": "char_name_pkey", "Relation Name": "char_name", "Alias": "chn", "Startup Cost": 0.43, "Total Cost": 128716.01, "Plan Rows": 3140339, "Plan Width": 20}, {"Node Type": "Sort", "Parent Relationship": "Inner", "Parallel Aware": false, "Async Capable": false, "Startup Cost": 1829359.76, "Total Cost": 1829359.77, "Plan Rows": 1, "Plan Width": 36, "Sort Key": ["ci.person_role_id"], "Plans": [{"Node Type": "Merge Join", "Parent Relationship": "Outer", "Parallel Aware": false, "Async Capable": false, "Join Type": "Inner", "Startup Cost": 1829348.38, "Total Cost": 1829359.75, "Plan Rows": 1, "Plan Width": 36, "Inner Unique": false, "Merge Cond": "(cn.id = mc.company_id)", "Plans": [{"Node Type": "Sort", "Parent Relationship": "Outer", "Parallel Aware": false, "Async Capable": false, "Startup Cost": 6104.12, "Total Cost": 6109.8, "Plan Rows": 2272, "Plan Width": 4, "Sort Key": ["cn.id"], "Plans": [{"Node Type": "Seq Scan", "Parent Relationship": "Outer", "Parallel Aware": false, "Async Capable": false, "Relation Name": "company_name", "Alias": "cn", "Startup Cost": 0.0, "Total Cost": 5977.46, "Plan Rows": 2272, "Plan Width": 4, "Filter": "((country_code)::text = '[nl]'::text)"}]}, {"Node Type": "Sort", "Parent Relationship": "Inner", "Parallel Aware": false, "Async Capable": false, "Startup Cost": 1823244.25, "Total Cost": 1823244.26, "Plan Rows": 1, "Plan Width": 40, "Sort Key": ["mc.company_id"], "Plans": [{"Node Type": "Merge Join", "Parent Relationship": "Outer", "Parallel Aware": false, "Async Capable": false, "Join Type": "Inner", "Startup Cost": 1810198.84, "Total Cost": 1823244.24, "Plan Rows": 1, "Plan Width": 40, "Inner Unique": false, "Merge Cond": "(t.id = mc.movie_id)", "Plans": [{"Node Type": "Sort", "Parent Relationship": "Outer", "Parallel Aware": false, "Async Capable": false, "Startup Cost": 1487213.58, "Total Cost": 1487213.59, "Plan Rows": 1, "Plan Width": 52, "Sort Key": ["mk.movie_id"], "Plans": [{"Node Type": "Merge Join", "Parent Relationship": "Outer", "Parallel Aware": false, "Async Capable": false, "Join Type": "Inner", "Startup Cost": 1487213.55, "Total Cost": 1487213.57, "Plan Rows": 1, "Plan Width": 52, "Inner Unique": false, "Merge Cond": "(it.id = mi.info_type_id)", "Plans": [{"Node Type": "Sort", "Parent Relationship": "Outer", "Parallel Aware": false, "Async Capable": false, "Startup Cost": 2.42, "Total Cost": 2.43, "Plan Rows": 1, "Plan Width": 4, "Sort Key": ["it.id"], "Plans": [{"Node Type": "Seq Scan", "Parent Relationship": "Outer", "Parallel Aware": false, "Async Capable": false, "Relation Name": "info_type", "Alias": "it", "Startup Cost": 0.0, "Total Cost": 2.41, "Plan Rows": 1, "Plan Width": 4, "Filter": "((info)::text = 'budget'::text)"}]}, {"Node Type": "Sort", "Parent Relationship": "Inner", "Parallel Aware": false, "Async Capable": false, "Startup Cost": 1487211.12, "Total Cost": 1487211.13, "Plan Rows": 1, "Plan Width": 56, "Sort Key": ["mi.info_type_id"], "Plans": [{"Node Type": "Merge Join", "Parent Relationship": "Outer", "Parallel Aware": false, "Async Capable": false, "Join Type": "Inner", "Startup Cost": 1357920.7, "Total Cost": 1487211.11, "Plan Rows": 1, "Plan Width": 56, "Inner Unique": false, "Merge Cond": "(t.id = mi.movie_id)", "Plans": [{"Node Type": "Merge Join", "Parent Relationship": "Outer", "Parallel Aware": false, "Async Capable": false, "Join Type": "Inner", "Startup Cost": 1134412.54, "Total Cost": 1263254.39, "Plan Rows": 1, "Plan Width": 48, "Inner Unique": false, "Merge Cond": "(t.id = ci.movie_id)", "Plans": [{"Node Type": "Index Scan", "Parent Relationship": "Outer", "Parallel Aware": false, "Async Capable": false, "Scan Direction": "Forward", "Index Name": "title_pkey", "Relation Name": "title", "Alias": "t", "Startup Cost": 0.43, "Total Cost": 123010.23, "Plan Rows": 2381762, "Plan Width": 21, "Filter": "((production_year >= 1917) AND (production_year <= 2014))"}, {"Node Type": "Sort", "Parent Relationship": "Inner", "Parallel Aware": false, "Async Capable": false, "Startup Cost": 1134412.11, "Total Cost": 1134412.12, "Plan Rows": 1, "Plan Width": 27, "Sort Key": ["mk.movie_id"], "Plans": [{"Node Type": "Merge Join", "Parent Relationship": "Outer", "Parallel Aware": false, "Async Capable": false, "Join Type": "Inner", "Startup Cost": 1134412.08, "Total Cost": 1134412.1, "Plan Rows": 1, "Plan Width": 27, "Inner Unique": false, "Merge Cond": "(rt.id = ci.role_id)", "Plans": [{"Node Type": "Sort", "Parent Relationship": "Outer", "Parallel Aware": false, "Async Capable": false, "Startup Cost": 1.16, "Total Cost": 1.16, "Plan Rows": 1, "Plan Width": 4, "Sort Key": ["rt.id"], "Plans": [{"Node Type": "Seq Scan", "Parent Relationship": "Outer", "Parallel Aware": false, "Async Capable": false, "Relation Name": "role_type", "Alias": "rt", "Startup Cost": 0.0, "Total Cost": 1.15, "Plan Rows": 1, "Plan Width": 4, "Filter": "((role)::text = 'costume designer'::text)"}]}, {"Node Type": "Sort", "Parent Relationship": "Inner", "Parallel Aware": false, "Async Capable": false, "Startup Cost": 1134410.92, "Total Cost": 1134410.92, "Plan Rows": 1, "Plan Width": 31, "Sort Key": ["ci.role_id"], "Plans": [{"Node Type": "Merge Join", "Parent Relationship": "Outer", "Parallel Aware": false, "Async Capable": false, "Join Type": "Inner", "Startup Cost": 1133021.85, "Total Cost": 1134410.91, "Plan Rows": 1, "Plan Width": 31, "Inner Unique": false, "Merge Cond": "(n.id = ci.person_id)", "Plans": [{"Node Type": "Gather Merge", "Parent Relationship": "Outer", "Parallel Aware": false, "Async Capable": false, "Startup Cost": 159880.46, "Total Cost": 161337.2, "Plan Rows": 21, "Plan Width": 23, "Workers Planned": 3, "Plans": [{"Node Type": "Merge Join", "Parent Relationship": "Outer", "Parallel Aware": false, "Async Capable": false, "Join Type": "Inner", "Startup Cost": 158880.42, "Total Cost": 160334.69, "Plan Rows": 7, "Plan Width": 23, "Inner Unique": true, "Merge Cond": "(an.person_id = n.id)", "Plans": [{"Node Type": "Sort", "Parent Relationship": "Outer", "Parallel Aware": false, "Async Capable": false, "Startup Cost": 40708.86, "Total Cost": 41435.75, "Plan Rows": 290756, "Plan Width": 4, "Sort Key": ["an.person_id"], "Plans": [{"Node Type": "Seq Scan", "Parent Relationship": "Outer", "Parallel Aware": true, "Async Capable": false, "Relation Name": "aka_name", "Alias": "an", "Startup Cost": 0.0, "Total Cost": 14323.56, "Plan Rows": 290756, "Plan Width": 4}]}, {"Node Type": "Sort", "Parent Relationship": "Inner", "Parallel Aware": false, "Async Capable": false, "Startup Cost": 118171.53, "Total Cost": 118171.77, "Plan Rows": 96, "Plan Width": 19, "Sort Key": ["n.id"], "Plans": [{"Node Type": "Seq Scan", "Parent Relationship": "Outer", "Parallel Aware": false, "Async Capable": false, "Relation Name": "name", "Alias": "n", "Startup Cost": 0.0, "Total Cost": 118168.36, "Plan Rows": 96, "Plan Width": 19, "Filter": "(((name)::text ~~ '%Downey%Robert%'::text) AND ((gender)::text = 'f'::text))"}]}]}]}, {"Node Type": "Sort", "Parent Relationship": "Inner", "Parallel Aware": false, "Async Capable": false, "Startup Cost": 973141.39, "Total Cost": 973142.2, "Plan Rows": 325, "Plan Width": 20, "Sort Key": ["ci.person_id"], "Plans": [{"Node Type": "Gather Merge", "Parent Relationship": "Outer", "Parallel Aware": false, "Async Capable": false, "Startup Cost": 971009.18, "Total Cost": 973127.83, "Plan Rows": 325, "Plan Width": 20, "Workers Planned": 6, "Plans": [{"Node Type": "Merge Join", "Parent Relationship": "Outer", "Parallel Aware": false, "Async Capable": false, "Join Type": "Inner", "Startup Cost": 970009.08, "Total Cost": 972088.23, "Plan Rows": 54, "Plan Width": 20, "Inner Unique": false, "Merge Cond": "(ci.movie_id = mk.movie_id)", "Plans": [{"Node Type": "Sort", "Parent Relationship": "Outer", "Parallel Aware": false, "Async Capable": false, "Startup Cost": 374542.23, "Total Cost": 375581.24, "Plan Rows": 415604, "Plan Width": 16, "Sort Key": ["ci.movie_id"], "Plans": [{"Node Type": "Seq Scan", "Parent Relationship": "Outer", "Parallel Aware": true, "Async Capable": false, "Relation Name": "cast_info", "Alias": "ci", "Startup Cost": 0.0, "Total Cost": 335756.3, "Plan Rows": 415604, "Plan Width": 16, "Filter": "((note)::text = ANY ('{\"(executive producer)\",\"(head writer)\",(producer)}'::text[]))"}]}, {"Node Type": "Sort", "Parent Relationship": "Inner", "Parallel Aware": false, "Async Capable": false, "Startup Cost": 595466.81, "Total Cost": 595467.15, "Plan Rows": 135, "Plan Width": 4, "Sort Key": ["mk.movie_id"], "Plans": [{"Node Type": "Merge Join", "Parent Relationship": "Outer", "Parallel Aware": false, "Async Capable": false, "Join Type": "Inner", "Startup Cost": 572841.3, "Total Cost": 595462.04, "Plan Rows": 135, "Plan Width": 4, "Inner Unique": false, "Merge Cond": "(k.id = mk.keyword_id)", "Plans": [{"Node Type": "Sort", "Parent Relationship": "Outer", "Parallel Aware": false, "Async Capable": false, "Startup Cost": 3020.59, "Total Cost": 3020.6, "Plan Rows": 4, "Plan Width": 4, "Sort Key": ["k.id"], "Plans": [{"Node Type": "Seq Scan", "Parent Relationship": "Outer", "Parallel Aware": false, "Async Capable": false, "Relation Name": "keyword", "Alias": "k", "Startup Cost": 0.0, "Total Cost": 3020.55, "Plan Rows": 4, "Plan Width": 4, "Filter": "((keyword)::text = ANY ('{\"10,000-mile-club\",alienation,based-on-comic,based-on-novel}'::text[]))"}]}, {"Node Type": "Sort", "Parent Relationship": "Inner", "Parallel Aware": false, "Async Capable": false, "Startup Cost": 569820.43, "Total Cost": 581130.25, "Plan Rows": 4523930, "Plan Width": 8, "Sort Key": ["mk.keyword_id"], "Plans": [{"Node Type": "Seq Scan", "Parent Relationship": "Outer", "Parallel Aware": false, "Async Capable": false, "Relation Name": "movie_keyword", "Alias": "mk", "Startup Cost": 0.0, "Total Cost": 69719.3, "Plan Rows": 4523930, "Plan Width": 8}]}]}]}]}]}]}]}]}]}]}]}, {"Node Type": "Sort", "Parent Relationship": "Inner", "Parallel Aware": false, "Async Capable": false, "Startup Cost": 223508.15, "Total Cost": 223732.43, "Plan Rows": 89713, "Plan Width": 8, "Sort Key": ["mi.movie_id"], "Plans": [{"Node Type": "Gather", "Parent Relationship": "Outer", "Parallel Aware": false, "Async Capable": false, "Startup Cost": 1000.0, "Total Cost": 216127.89, "Plan Rows": 89713, "Plan Width": 8, "Workers Planned": 5, "Single Copy": false, "Plans": [{"Node Type": "Seq Scan", "Parent Relationship": "Outer", "Parallel Aware": true, "Async Capable": false, "Relation Name": "movie_info", "Alias": "mi", "Startup Cost": 0.0, "Total Cost": 206156.59, "Plan Rows": 17943, "Plan Width": 8, "Filter": "(((info)::text ~~ 'Japan:%200%'::text) OR ((info)::text ~~ 'Japan:%2007%'::text))"}]}]}]}]}]}]}, {"Node Type": "Sort", "Parent Relationship": "Inner", "Parallel Aware": false, "Async Capable": false, "Startup Cost": 322985.0, "Total Cost": 329507.82, "Plan Rows": 2609129, "Plan Width": 8, "Sort Key": ["mc.movie_id"], "Plans": [{"Node Type": "Seq Scan", "Parent Relationship": "Outer", "Parallel Aware": false, "Async Capable": false, "Relation Name": "movie_companies", "Alias": "mc", "Startup Cost": 0.0, "Total Cost": 44915.29, "Plan Rows": 2609129, "Plan Width": 8}]}]}]}]}]}]}]}}, {"Plan": {"Node Type": "Aggregate", "Strategy": "Plain", "Partial Mode": "Simple", "Parallel Aware": false, "Async Capable": false, "Startup Cost": 50001809187.51, "Total Cost": 50001809187.52, "Plan Rows": 1, "Plan Width": 96, "Plans": [{"Node Type": "Nested Loop", "Parent Relationship": "Outer", "Parallel Aware": false, "Async Capable": false, "Join Type": "Inner", "Startup Cost": 50000000002.42, "Total Cost": 50001809187.51, "Plan Rows": 1, "Plan Width": 48, "Inner Unique": true, "Join Filter": "(t.id = mi.movie_id)", "Plans": [{"Node Type": "Nested Loop", "Parent Relationship": "Outer", "Parallel Aware": false, "Async Capable": false, "Join Type": "Inner", "Startup Cost": 50000000001.99, "Total Cost": 50001809187.0, "Plan Rows": 1, "Plan Width": 47, "Inner Unique": true, "Plans": [{"Node Type": "Nested Loop", "Parent Relationship": "Outer", "Parallel Aware": false, "Async Capable": false, "Join Type": "Inner", "Startup Cost": 50000000001.57, "Total Cost": 50001809183.88, "Plan Rows": 7, "Plan Width": 51, "Inner Unique": false, "Join Filter": "(mi.movie_id = mk.movie_id)", "Plans": [{"Node Type": "Nested Loop", "Parent Relationship": "Outer", "Parallel Aware": false, "Async Capable": false, "Join Type": "Inner", "Startup Cost": 40000000001.57, "Total Cost": 40001682915.46, "Plan Rows": 1, "Plan Width": 43, "Inner Unique": true, "Plans": [{"Node Type": "Nested Loop", "Parent Relationship": "Outer", "Parallel Aware": false, "Async Capable": false, "Join Type": "Inner", "Startup Cost": 40000000001.43, "Total Cost": 40001682915.28, "Plan Rows": 1, "Plan Width": 47, "Inner Unique": false, "Join Filter": "(mc.movie_id = mi.movie_id)", "Plans": [{"Node Type": "Nested Loop", "Parent Relationship": "Outer", "Parallel Aware": false, "Async Capable": false, "Join Type": "Inner", "Startup Cost": 30000000001.42, "Total Cost": 30001297602.89, "Plan Rows": 1, "Plan Width": 39, "Inner Unique": true, "Plans": [{"Node Type": "Nested Loop", "Parent Relationship": "Outer", "Parallel Aware": false, "Async Capable": false, "Join Type": "Inner", "Startup Cost": 30000000001.01, "Total Cost": 30001297601.56, "Plan Rows": 3, "Plan Width": 43, "Inner Unique": false, "Join Filter": "(ci.movie_id = mc.movie_id)", "Plans": [{"Node Type": "Nested Loop", "Parent Relationship": "Outer", "Parallel Aware": false, "Async Capable": false, "Join Type": "Inner", "Startup Cost": 20000000001.01, "Total Cost": 20001220072.15, "Plan Rows": 1, "Plan Width": 35, "Inner Unique": false, "Join Filter": "(n.id = an.person_id)", "Plans": [{"Node Type": "Seq Scan", "Parent Relationship": "Outer", "Parallel Aware": false, "Async Capable": false, "Relation Name": "aka_name", "Alias": "an", "Startup Cost": 10000000000.0, "Total Cost": 10000020429.43, "Plan Rows": 901343, "Plan Width": 4}, {"Node Type": "Materialize", "Parent Relationship": "Inner", "Parallel Aware": false, "Async Capable": false, "Startup Cost": 10000000001.01, "Total Cost": 10001172602.44, "Plan Rows": 2, "Plan Width": 43, "Plans": [{"Node Type": "Nested Loop", "Parent Relationship": "Outer", "Parallel Aware": false, "Async Capable": false, "Join Type": "Inner", "Startup Cost": 10000000001.01, "Total Cost": 10001172602.43, "Plan Rows": 2, "Plan Width": 43, "Inner Unique": false, "Join Filter": "(n.id = ci.person_id)", "Plans": [{"Node Type": "Index Scan", "Parent Relationship": "Outer", "Parallel Aware": false, "Async Capable": false, "Scan Direction": "Forward", "Index Name": "name_pkey", "Relation Name": "name", "Alias": "n", "Startup Cost": 0.43, "Total Cost": 199053.37, "Plan Rows": 96, "Plan Width": 19, "Filter": "(((name)::text ~~ '%Downey%Robert%'::text) AND ((gender)::text = 'f'::text))"}, {"Node Type": "Materialize", "Parent Relationship": "Inner", "Parallel Aware": false, "Async Capable": false, "Startup Cost": 10000000000.58, "Total Cost": 10000829265.75, "Plan Rows": 100371, "Plan Width": 24, "Plans": [{"Node Type": "Nested Loop", "Parent Relationship": "Outer", "Parallel Aware": false, "Async Capable": false, "Join Type": "Inner", "Startup Cost": 10000000000.58, "Total Cost": 10000828763.89, "Plan Rows": 100371, "Plan Width": 24, "Inner Unique": true, "Plans": [{"Node Type": "Nested Loop", "Parent Relationship": "Outer", "Parallel Aware": false, "Async Capable": false, "Join Type": "Inner", "Startup Cost": 10000000000.14, "Total Cost": 10000782120.43, "Plan Rows": 207802, "Plan Width": 12, "Inner Unique": false, "Join Filter": "(rt.id = ci.role_id)", "Plans": [{"Node Type": "Index Scan", "Parent Relationship": "Outer", "Parallel Aware": false, "Async Capable": false, "Scan Direction": "Forward", "Index Name": "role_type_pkey", "Relation Name": "role_type", "Alias": "rt", "Startup Cost": 0.14, "Total Cost": 12.35, "Plan Rows": 1, "Plan Width": 4, "Filter": "((role)::text = 'costume designer'::text)"}, {"Node Type": "Seq Scan", "Parent Relationship": "Inner", "Parallel Aware": false, "Async Capable": false, "Relation Name": "cast_info", "Alias": "ci", "Startup Cost": 10000000000.0, "Total Cost": 10000750937.77, "Plan Rows": 2493625, "Plan Width": 16, "Filter": "((note)::text = ANY ('{\"(executive producer)\",\"(head writer)\",(producer)}'::text[]))"}]}, {"Node Type": "Memoize", "Parent Relationship": "Inner", "Parallel Aware": false, "Async Capable": false, "Startup Cost": 0.44, "Total Cost": 0.53, "Plan Rows": 1, "Plan Width": 20, "Cache Key": "ci.person_role_id", "Cache Mode": "logical", "Plans": [{"Node Type": "Index Scan", "Parent Relationship": "Outer", "Parallel Aware": false, "Async Capable": false, "Scan Direction": "Forward", "Index Name": "char_name_pkey", "Relation Name": "char_name", "Alias": "chn", "Startup Cost": 0.43, "Total Cost": 0.52, "Plan Rows": 1, "Plan Width": 20, "Index Cond": "(id = ci.person_role_id)"}]}]}]}]}]}]}, {"Node Type": "Seq Scan", "Parent Relationship": "Inner", "Parallel Aware": false, "Async Capable": false, "Relation Name": "movie_companies", "Alias": "mc", "Startup Cost": 10000000000.0, "Total Cost": 10000044915.29, "Plan Rows": 2609129, "Plan Width": 8}]}, {"Node Type": "Index Scan", "Parent Relationship": "Inner", "Parallel Aware": false, "Async Capable": false, "Scan Direction": "Forward", "Index Name": "company_name_pkey", "Relation Name": "company_name", "Alias": "cn", "Startup Cost": 0.42, "Total Cost": 0.45, "Plan Rows": 1, "Plan Width": 4, "Index Cond": "(id = mc.company_id)", "Filter": "((country_code)::text = '[nl]'::text)"}]}, {"Node Type": "Seq Scan", "Parent Relationship": "Inner", "Parallel Aware": false, "Async Capable": false, "Relation Name": "movie_info", "Alias": "mi", "Startup Cost": 10000000000.0, "Total Cost": 10000384190.97, "Plan Rows": 89713, "Plan Width": 8, "Filter": "(((info)::text ~~ 'Japan:%200%'::text) OR ((info)::text ~~ 'Japan:%2007%'::text))"}]}, {"Node Type": "Index Scan", "Parent Relationship": "Inner", "Parallel Aware": false, "Async Capable": false, "Scan Direction": "Forward", "Index Name": "info_type_pkey", "Relation Name": "info_type", "Alias": "it", "Startup Cost": 0.14, "Total Cost": 0.16, "Plan Rows": 1, "Plan Width": 4, "Index Cond": "(id = mi.info_type_id)", "Filter": "((info)::text = 'budget'::text)"}]}, {"Node Type": "Seq Scan", "Parent Relationship": "Inner", "Parallel Aware": false, "Async Capable": false, "Relation Name": "movie_keyword", "Alias": "mk", "Startup Cost": 10000000000.0, "Total Cost": 10000069719.3, "Plan Rows": 4523930, "Plan Width": 8}]}, {"Node Type": "Index Scan", "Parent Relationship": "Inner", "Parallel Aware": false, "Async Capable": false, "Scan Direction": "Forward", "Index Name": "keyword_pkey", "Relation Name": "keyword", "Alias": "k", "Startup Cost": 0.42, "Total Cost": 0.44, "Plan Rows": 1, "Plan Width": 4, "Index Cond": "(id = mk.keyword_id)", "Filter": "((keyword)::text = ANY ('{\"10,000-mile-club\",alienation,based-on-comic,based-on-novel}'::text[]))"}]}, {"Node Type": "Index Scan", "Parent Relationship": "Inner", "Parallel Aware": false, "Async Capable": false, "Scan Direction": "Forward", "Index Name": "title_pkey", "Relation Name": "title", "Alias": "t", "Startup Cost": 0.43, "Total Cost": 0.49, "Plan Rows": 1, "Plan Width": 21, "Index Cond": "(id = mk.movie_id)", "Filter": "((production_year >= 1917) AND (production_year <= 2014))"}]}]}}, {"Plan": {"Node Type": "Aggregate", "Strategy": "Plain", "Partial Mode": "Simple", "Parallel Aware": false, "Async Capable": false, "Startup Cost": 819494.21, "Total Cost": 819494.22, "Plan Rows": 1, "Plan Width": 96, "Plans": [{"Node Type": "Nested Loop", "Parent Relationship": "Outer", "Parallel Aware": false, "Async Capable": false, "Join Type": "Inner", "Startup Cost": 2002.42, "Total Cost": 819494.2, "Plan Rows": 1, "Plan Width": 48, "Inner Unique": true, "Plans": [{"Node Type": "Nested Loop", "Parent Relationship": "Outer", "Parallel Aware": false, "Async Capable": false, "Join Type": "Inner", "Startup Cost": 2002.28, "Total Cost": 819494.02, "Plan Rows": 1, "Plan Width": 52, "Inner Unique": false, "Join Filter": "(t.id = mi.movie_id)", "Plans": [{"Node Type": "Nested Loop", "Parent Relationship": "Outer", "Parallel Aware": false, "Async Capable": false, "Join Type": "Inner", "Startup Cost": 1002.27, "Total Cost": 602244.71, "Plan Rows": 1, "Plan Width": 64, "Inner Unique": true, "Plans": [{"Node Type": "Nested Loop", "Parent Relationship": "Outer", "Parallel Aware": false, "Async Capable": false, "Join Type": "Inner", "Startup Cost": 1001.86, "Total Cost": 602244.27, "Plan Rows": 1, "Plan Width": 68, "Inner Unique": false, "Join Filter": "(t.id = mc.movie_id)", "Plans": [{"Node Type": "Nested Loop", "Parent Relationship": "Outer", "Parallel Aware": false, "Async Capable": false, "Join Type": "Inner", "Startup Cost": 1001.86, "Total Cost": 524714.86, "Plan Rows": 1, "Plan Width": 60, "Inner Unique": false, "Join Filter": "(n.id = an.person_id)", "Plans": [{"Node Type": "Gather", "Parent Relationship": "Outer", "Parallel Aware": false, "Async Capable": false, "Startup Cost": 1001.86, "Total Cost": 493018.65, "Plan Rows": 1, "Plan Width": 68, "Workers Planned": 6, "Single Copy": false, "Plans": [{"Node Type": "Nested Loop", "Parent Relationship": "Outer", "Parallel Aware": false, "Async Capable": false, "Join Type": "Inner", "Startup Cost": 1.85, "Total Cost": 492018.55, "Plan Rows": 1, "Plan Width": 68, "Inner Unique": true, "Plans": [{"Node Type": "Nested Loop", "Parent Relationship": "Outer", "Parallel Aware": false, "Async Capable": false, "Join Type": "Inner", "Startup Cost": 1.43, "Total Cost": 492017.65, "Plan Rows": 2, "Plan Width": 72, "Inner Unique": true, "Join Filter": "(t.id = ci.movie_id)", "Plans": [{"Node Type": "Nested Loop", "Parent Relationship": "Outer", "Parallel Aware": false, "Async Capable": false, "Join Type": "Inner", "Startup Cost": 1.0, "Total Cost": 492016.64, "Plan Rows": 2, "Plan Width": 51, "Inner Unique": true, "Plans": [{"Node Type": "Nested Loop", "Parent Relationship": "Outer", "Parallel Aware": false, "Async Capable": false, "Join Type": "Inner", "Startup Cost": 0.57, "Total Cost": 492014.54, "Plan Rows": 4, "Plan Width": 39, "Inner Unique": false, "Join Filter": "(ci.movie_id = mk.movie_id)", "Plans": [{"Node Type": "Nested Loop", "Parent Relationship": "Outer", "Parallel Aware": false, "Async Capable": false, "Join Type": "Inner", "Startup Cost": 0.57, "Total Cost": 365746.12, "Plan Rows": 1, "Plan Width": 31, "Inner Unique": true, "Plans": [{"Node Type": "Nested Loop", "Parent Relationship": "Outer", "Parallel Aware": false, "Async Capable": false, "Join Type": "Inner", "Startup Cost": 0.15, "Total Cost": 346148.25, "Plan Rows": 34634, "Plan Width": 12, "Inner Unique": true, "Plans": [{"Node Type": "Seq Scan", "Parent Relationship": "Outer", "Parallel Aware": true, "Async Capable": false, "Relation Name": "cast_info", "Alias": "ci", "Startup Cost": 0.0, "Total Cost": 335756.3, "Plan Rows": 415604, "Plan Width": 16, "Filter": "((note)::text = ANY ('{\"(executive producer)\",\"(head writer)\",(producer)}'::text[]))"}, {"Node Type": "Memoize", "Parent Relationship": "Inner", "Parallel Aware": false, "Async Capable": false, "Startup Cost": 0.15, "Total Cost": 0.17, "Plan Rows": 1, "Plan Width": 4, "Cache Key": "ci.role_id", "Cache Mode": "logical", "Plans": [{"Node Type": "Index Scan", "Parent Relationship": "Outer", "Parallel Aware": false, "Async Capable": false, "Scan Direction": "Forward", "Index Name": "role_type_pkey", "Relation Name": "role_type", "Alias": "rt", "Startup Cost": 0.14, "Total Cost": 0.16, "Plan Rows": 1, "Plan Width": 4, "Index Cond": "(id = ci.role_id)", "Filter": "((role)::text = 'costume designer'::text)"}]}]}, {"Node Type": "Index Scan", "Parent Relationship": "Inner", "Parallel Aware": false, "Async Capable": false, "Scan Direction": "Forward", "Index Name": "name_pkey", "Relation Name": "name", "Alias": "n", "Startup Cost": 0.43, "Total Cost": 0.57, "Plan Rows": 1, "Plan Width": 19, "Index Cond": "(id = ci.person_id)", "Filter": "(((name)::text ~~ '%Downey%Robert%'::text) AND ((gender)::text = 'f'::text))"}]}, {"Node Type": "Seq Scan", "Parent Relationship": "Inner", "Parallel Aware": false, "Async Capable": false, "Relation Name": "movie_keyword", "Alias": "mk", "Startup Cost": 0.0, "Total Cost": 69719.3, "Plan Rows": 4523930, "Plan Width": 8}]}, {"Node Type": "Index Scan", "Parent Relationship": "Inner", "Parallel Aware": false, "Async Capable": false, "Scan Direction": "Forward", "Index Name": "char_name_pkey", "Relation Name": "char_name", "Alias": "chn", "Startup Cost": 0.43, "Total Cost": 0.52, "Plan Rows": 1, "Plan Width": 20, "Index Cond": "(id = ci.person_role_id)"}]}, {"Node Type": "Index Scan", "Parent Relationship": "Inner", "Parallel Aware": false, "Async Capable": false, "Scan Direction": "Forward", "Index Name": "title_pkey", "Relation Name": "title", "Alias": "t", "Startup Cost": 0.43, "Total Cost": 0.49, "Plan Rows": 1, "Plan Width": 21, "Index Cond": "(id = mk.movie_id)", "Filter": "((production_year >= 1917) AND (production_year <= 2014))"}]}, {"Node Type": "Index Scan", "Parent Relationship": "Inner", "Parallel Aware": false, "Async Capable": false, "Scan Direction": "Forward", "Index Name": "keyword_pkey", "Relation Name": "keyword", "Alias": "k", "Startup Cost": 0.42, "Total Cost": 0.44, "Plan Rows": 1, "Plan Width": 4, "Index Cond": "(id = mk.keyword_id)", "Filter": "((keyword)::text = ANY ('{\"10,000-mile-club\",alienation,based-on-comic,based-on-novel}'::text[]))"}]}]}, {"Node Type": "Seq Scan", "Parent Relationship": "Inner", "Parallel Aware": false, "Async Capable": false, "Relation Name": "aka_name", "Alias": "an", "Startup Cost": 0.0, "Total Cost": 20429.43, "Plan Rows": 901343, "Plan Width": 4}]}, {"Node Type": "Seq Scan", "Parent Relationship": "Inner", "Parallel Aware": false, "Async Capable": false, "Relation Name": "movie_companies", "Alias": "mc", "Startup Cost": 0.0, "Total Cost": 44915.29, "Plan Rows": 2609129, "Plan Width": 8}]}, {"Node Type": "Index Scan", "Parent Relationship": "Inner", "Parallel Aware": false, "Async Capable": false, "Scan Direction": "Forward", "Index Name": "company_name_pkey", "Relation Name": "company_name", "Alias": "cn", "Startup Cost": 0.42, "Total Cost": 0.45, "Plan Rows": 1, "Plan Width": 4, "Index Cond": "(id = mc.company_id)", "Filter": "((country_code)::text = '[nl]'::text)"}]}, {"Node Type": "Gather", "Parent Relationship": "Inner", "Parallel Aware": false, "Async Capable": false, "Startup Cost": 1000.0, "Total Cost": 216127.89, "Plan Rows": 89713, "Plan Width": 8, "Workers Planned": 5, "Single Copy": false, "Plans": [{"Node Type": "Seq Scan", "Parent Relationship": "Outer", "Parallel Aware": true, "Async Capable": false, "Relation Name": "movie_info", "Alias": "mi", "Startup Cost": 0.0, "Total Cost": 206156.59, "Plan Rows": 17943, "Plan Width": 8, "Filter": "(((info)::text ~~ 'Japan:%200%'::text) OR ((info)::text ~~ 'Japan:%2007%'::text))"}]}]}, {"Node Type": "Index Scan", "Parent Relationship": "Inner", "Parallel Aware": false, "Async Capable": false, "Scan Direction": "Forward", "Index Name": "info_type_pkey", "Relation Name": "info_type", "Alias": "it", "Startup Cost": 0.14, "Total Cost": 0.16, "Plan Rows": 1, "Plan Width": 4, "Index Cond": "(id = mi.info_type_id)", "Filter": "((info)::text = 'budget'::text)"}]}]}}, {"Plan": {"Node Type": "Aggregate", "Strategy": "Plain", "Partial Mode": "Simple", "Parallel Aware": false, "Async Capable": false, "Startup Cost": 120002198906.29, "Total Cost": 120002198906.3, "Plan Rows": 1, "Plan Width": 96, "Plans": [{"Node Type": "Nested Loop", "Parent Relationship": "Outer", "Parallel Aware": false, "Async Capable": false, "Join Type": "Inner", "Startup Cost": 120002194988.11, "Total Cost": 120002198906.28, "Plan Rows": 1, "Plan Width": 48, "Inner Unique": true, "Plans": [{"Node Type": "Nested Loop", "Parent Relationship": "Outer", "Parallel Aware": false, "Async Capable": false, "Join Type": "Inner", "Startup Cost": 110002194987.65, "Total Cost": 110002198901.72, "Plan Rows": 1, "Plan Width": 41, "Inner Unique": true, "Plans": [{"Node Type": "Nested Loop", "Parent Relationship": "Outer", "Parallel Aware": false, "Async Capable": false, "Join Type": "Inner", "Startup Cost": 100002194987.22, "Total Cost": 100002198897.27, "Plan Rows": 1, "Plan Width": 45, "Inner Unique": true, "Join Filter": "(t.id = mi.movie_id)", "Plans": [{"Node Type": "Nested Loop", "Parent Relationship": "Outer", "Parallel Aware": false, "Async Capable": false, "Join Type": "Inner", "Startup Cost": 90002194986.77, "Total Cost": 90002198892.8, "Plan Rows": 1, "Plan Width": 44, "Inner Unique": true, "Plans": [{"Node Type": "Merge Join", "Parent Relationship": "Outer", "Parallel Aware": false, "Async Capable": false, "Join Type": "Inner", "Startup Cost": 80002194986.63, "Total Cost": 80002198847.05, "Plan Rows": 11, "Plan Width": 48, "Inner Unique": false, "Merge Cond": "(ci.person_id = an.person_id)", "Plans": [{"Node Type": "Sort", "Parent Relationship": "Outer", "Parallel Aware": false, "Async Capable": false, "Startup Cost": 70002085406.55, "Total Cost": 70002085406.56, "Plan Rows": 5, "Plan Width": 44, "Sort Key": ["ci.person_id"], "Plans": [{"Node Type": "Nested Loop", "Parent Relationship": "Outer", "Parallel Aware": false, "Async Capable": false, "Join Type": "Inner", "Startup Cost": 70002059320.69, "Total Cost": 70002085406.49, "Plan Rows": 5, "Plan Width": 44, "Inner Unique": true, "Plans": [{"Node Type": "Merge Join", "Parent Relationship": "Outer", "Parallel Aware": false, "Async Capable": false, "Join Type": "Inner", "Startup Cost": 60002059320.24, "Total Cost": 60002085361.81, "Plan Rows": 10, "Plan Width": 32, "Inner Unique": false, "Merge Cond": "(mi.movie_id = ci.movie_id)", "Plans": [{"Node Type": "Merge Join", "Parent Relationship": "Outer", "Parallel Aware": false, "Async Capable": false, "Join Type": "Inner", "Startup Cost": 50001043436.89, "Total Cost": 50001057010.47, "Plan Rows": 4, "Plan Width": 16, "Inner Unique": false, "Merge Cond": "(mi.movie_id = mc.movie_id)", "Plans": [{"Node Type": "Nested Loop", "Parent Relationship": "Outer", "Parallel Aware": false, "Async Capable": false, "Join Type": "Inner", "Startup Cost": 40000720451.63, "Total Cost": 40000720979.79, "Plan Rows": 1, "Plan Width": 8, "Inner Unique": true, "Plans": [{"Node Type": "Merge Join", "Parent Relationship": "Outer", "Parallel Aware": false, "Async Capable": false, "Join Type": "Inner", "Startup Cost": 30000720451.48, "Total Cost": 30000720900.8, "Plan Rows": 18, "Plan Width": 12, "Inner Unique": false, "Merge Cond": "(mk.movie_id = mi.movie_id)", "Plans": [{"Node Type": "Sort", "Parent Relationship": "Outer", "Parallel Aware": false, "Async Capable": false, "Startup Cost": 20000328880.24, "Total Cost": 20000328880.58, "Plan Rows": 135, "Plan Width": 4, "Sort Key": ["mk.movie_id"], "Plans": [{"Node Type": "Nested Loop", "Parent Relationship": "Outer", "Parallel Aware": false, "Async Capable": false, "Join Type": "Inner", "Startup Cost": 20000000000.44, "Total Cost": 20000328875.47, "Plan Rows": 135, "Plan Width": 4, "Inner Unique": true, "Plans": [{"Node Type": "Seq Scan", "Parent Relationship": "Outer", "Parallel Aware": false, "Async Capable": false, "Relation Name": "movie_keyword", "Alias": "mk", "Startup Cost": 10000000000.0, "Total Cost": 10000069719.3, "Plan Rows": 4523930, "Plan Width": 8}, {"Node Type": "Memoize", "Parent Relationship": "Inner", "Parallel Aware": false, "Async Capable": false, "Startup Cost": 0.44, "Total Cost": 4.46, "Plan Rows": 1, "Plan Width": 4, "Cache Key": "mk.keyword_id", "Cache Mode": "logical", "Plans": [{"Node Type": "Bitmap Heap Scan", "Parent Relationship": "Outer", "Parallel Aware": false, "Async Capable": false, "Relation Name": "keyword", "Alias": "k", "Startup Cost": 0.43, "Total Cost": 4.45, "Plan Rows": 1, "Plan Width": 4, "Recheck Cond": "(id = mk.keyword_id)", "Filter": "((keyword)::text = ANY ('{\"10,000-mile-club\",alienation,based-on-comic,based-on-novel}'::text[]))", "Plans": [{"Node Type": "Bitmap Index Scan", "Parent Relationship": "Outer", "Parallel Aware": false, "Async Capable": false, "Index Name": "keyword_pkey", "Startup Cost": 0.0, "Total Cost": 0.43, "Plan Rows": 1, "Plan Width": 0, "Index Cond": "(id = mk.keyword_id)"}]}]}]}]}, {"Node Type": "Sort", "Parent Relationship": "Inner", "Parallel Aware": false, "Async Capable": false, "Startup Cost": 10000391571.22, "Total Cost": 10000391795.51, "Plan Rows": 89713, "Plan Width": 8, "Sort Key": ["mi.movie_id"], "Plans": [{"Node Type": "Seq Scan", "Parent Relationship": "Outer", "Parallel Aware": false, "Async Capable": false, "Relation Name": "movie_info", "Alias": "mi", "Startup Cost": 10000000000.0, "Total Cost": 10000384190.97, "Plan Rows": 89713, "Plan Width": 8, "Filter": "(((info)::text ~~ 'Japan:%200%'::text) OR ((info)::text ~~ 'Japan:%2007%'::text))"}]}]}, {"Node Type": "Bitmap Heap Scan", "Parent Relationship": "Inner", "Parallel Aware": false, "Async Capable": false, "Relation Name": "info_type", "Alias": "it", "Startup Cost": 0.15, "Total Cost": 4.17, "Plan Rows": 1, "Plan Width": 4, "Recheck Cond": "(id = mi.info_type_id)", "Filter": "((info)::text = 'budget'::text)", "Plans": [{"Node Type": "Bitmap Index Scan", "Parent Relationship": "Outer", "Parallel Aware": false, "Async Capable": false, "Index Name": "info_type_pkey", "Startup Cost": 0.0, "Total Cost": 0.15, "Plan Rows": 1, "Plan Width": 0, "Index Cond": "(id = mi.info_type_id)"}]}]}, {"Node Type": "Sort", "Parent Relationship": "Inner", "Parallel Aware": false, "Async Capable": false, "Startup Cost": 10000322985.0, "Total Cost": 10000329507.82, "Plan Rows": 2609129, "Plan Width": 8, "Sort Key": ["mc.movie_id"], "Plans": [{"Node Type": "Seq Scan", "Parent Relationship": "Outer", "Parallel Aware": false, "Async Capable": false, "Relation Name": "movie_companies", "Alias": "mc", "Startup Cost": 10000000000.0, "Total Cost": 10000044915.29, "Plan Rows": 2609129, "Plan Width": 8}]}]}, {"Node Type": "Sort", "Parent Relationship": "Inner", "Parallel Aware": false, "Async Capable": false, "Startup Cost": 10001015883.1, "Total Cost": 10001022117.16, "Plan Rows": 2493625, "Plan Width": 16, "Sort Key": ["ci.movie_id"], "Plans": [{"Node Type": "Seq Scan", "Parent Relationship": "Outer", "Parallel Aware": false, "Async Capable": false, "Relation Name": "cast_info", "Alias": "ci", "Startup Cost": 10000000000.0, "Total Cost": 10000750937.77, "Plan Rows": 2493625, "Plan Width": 16, "Filter": "((note)::text = ANY ('{\"(executive producer)\",\"(head writer)\",(producer)}'::text[]))"}]}]}, {"Node Type": "Bitmap Heap Scan", "Parent Relationship": "Inner", "Parallel Aware": false, "Async Capable": false, "Relation Name": "char_name", "Alias": "chn", "Startup Cost": 0.46, "Total Cost": 4.47, "Plan Rows": 1, "Plan Width": 20, "Recheck Cond": "(id = ci.person_role_id)", "Plans": [{"Node Type": "Bitmap Index Scan", "Parent Relationship": "Outer", "Parallel Aware": false, "Async Capable": false, "Index Name": "char_name_pkey", "Startup Cost": 0.0, "Total Cost": 0.46, "Plan Rows": 1, "Plan Width": 0, "Index Cond": "(id = ci.person_role_id)"}]}]}]}, {"Node Type": "Sort", "Parent Relationship": "Inner", "Parallel Aware": false, "Async Capable": false, "Startup Cost": 10000109579.99, "Total Cost": 10000111833.35, "Plan Rows": 901343, "Plan Width": 4, "Sort Key": ["an.person_id"], "Plans": [{"Node Type": "Seq Scan", "Parent Relationship": "Outer", "Parallel Aware": false, "Async Capable": false, "Relation Name": "aka_name", "Alias": "an", "Startup Cost": 10000000000.0, "Total Cost": 10000020429.43, "Plan Rows": 901343, "Plan Width": 4}]}]}, {"Node Type": "Bitmap Heap Scan", "Parent Relationship": "Inner", "Parallel Aware": false, "Async Capable": false, "Relation Name": "role_type", "Alias": "rt", "Startup Cost": 0.14, "Total Cost": 4.16, "Plan Rows": 1, "Plan Width": 4, "Recheck Cond": "(id = ci.role_id)", "Filter": "((role)::text = 'costume designer'::text)", "Plans": [{"Node Type": "Bitmap Index Scan", "Parent Relationship": "Outer", "Parallel Aware": false, "Async Capable": false, "Index Name": "role_type_pkey", "Startup Cost": 0.0, "Total Cost": 0.14, "Plan Rows": 1, "Plan Width": 0, "Index Cond": "(id = ci.role_id)"}]}]}, {"Node Type": "Bitmap Heap Scan", "Parent Relationship": "Inner", "Parallel Aware": false, "Async Capable": false, "Relation Name": "title", "Alias": "t", "Startup Cost": 0.45, "Total Cost": 4.46, "Plan Rows": 1, "Plan Width": 21, "Recheck Cond": "(id = mk.movie_id)", "Filter": "((production_year >= 1917) AND (production_year <= 2014))", "Plans": [{"Node Type": "Bitmap Index Scan", "Parent Relationship": "Outer", "Parallel Aware": false, "Async Capable": false, "Index Name": "title_pkey", "Startup Cost": 0.0, "Total Cost": 0.45, "Plan Rows": 1, "Plan Width": 0, "Index Cond": "(id = mk.movie_id)"}]}]}, {"Node Type": "Bitmap Heap Scan", "Parent Relationship": "Inner", "Parallel Aware": false, "Async Capable": false, "Relation Name": "company_name", "Alias": "cn", "Startup Cost": 0.43, "Total Cost": 4.44, "Plan Rows": 1, "Plan Width": 4, "Recheck Cond": "(id = mc.company_id)", "Filter": "((country_code)::text = '[nl]'::text)", "Plans": [{"Node Type": "Bitmap Index Scan", "Parent Relationship": "Outer", "Parallel Aware": false, "Async Capable": false, "Index Name": "company_name_pkey", "Startup Cost": 0.0, "Total Cost": 0.43, "Plan Rows": 1, "Plan Width": 0, "Index Cond": "(id = mc.company_id)"}]}]}, {"Node Type": "Bitmap Heap Scan", "Parent Relationship": "Inner", "Parallel Aware": false, "Async Capable": false, "Relation Name": "name", "Alias": "n", "Startup Cost": 0.46, "Total Cost": 4.48, "Plan Rows": 1, "Plan Width": 19, "Recheck Cond": "(id = ci.person_id)", "Filter": "(((name)::text ~~ '%Downey%Robert%'::text) AND ((gender)::text = 'f'::text))", "Plans": [{"Node Type": "Bitmap Index Scan", "Parent Relationship": "Outer", "Parallel Aware": false, "Async Capable": false, "Index Name": "name_pkey", "Startup Cost": 0.0, "Total Cost": 0.46, "Plan Rows": 1, "Plan Width": 0, "Index Cond": "(id = ci.person_id)"}]}]}]}}, {"Plan": {"Node Type": "Aggregate", "Strategy": "Plain", "Partial Mode": "Simple", "Parallel Aware": false, "Async Capable": false, "Startup Cost": 50001612340.53, "Total Cost": 50001612340.54, "Plan Rows": 1, "Plan Width": 96, "Plans": [{"Node Type": "Nested Loop", "Parent Relationship": "Outer", "Parallel Aware": false, "Async Capable": false, "Join Type": "Inner", "Startup Cost": 50000720453.57, "Total Cost": 50001612340.52, "Plan Rows": 1, "Plan Width": 48, "Inner Unique": false, "Join Filter": "(n.id = an.person_id)", "Plans": [{"Node Type": "Nested Loop", "Parent Relationship": "Outer", "Parallel Aware": false, "Async Capable": false, "Join Type": "Inner", "Startup Cost": 40000720453.57, "Total Cost": 40001580644.3, "Plan Rows": 1, "Plan Width": 56, "Inner Unique": true, "Plans": [{"Node Type": "Nested Loop", "Parent Relationship": "Outer", "Parallel Aware": false, "Async Capable": false, "Join Type": "Inner", "Startup Cost": 40000720453.14, "Total Cost": 40001580639.86, "Plan Rows": 1, "Plan Width": 60, "Inner Unique": false, "Join Filter": "(t.id = mc.movie_id)", "Plans": [{"Node Type": "Nested Loop", "Parent Relationship": "Outer", "Parallel Aware": false, "Async Capable": false, "Join Type": "Inner", "Startup Cost": 30000720453.14, "Total Cost": 30001503110.45, "Plan Rows": 1, "Plan Width": 72, "Inner Unique": true, "Join Filter": "(t.id = mi.movie_id)", "Plans": [{"Node Type": "Nested Loop", "Parent Relationship": "Outer", "Parallel Aware": false, "Async Capable": false, "Join Type": "Inner", "Startup Cost": 30000720452.7, "Total Cost": 30001503105.98, "Plan Rows": 1, "Plan Width": 51, "Inner Unique": true, "Plans": [{"Node Type": "Nested Loop", "Parent Relationship": "Outer", "Parallel Aware": false, "Async Capable": false, "Join Type": "Inner", "Startup Cost": 30000720452.24, "Total Cost": 30001503101.41, "Plan Rows": 1, "Plan Width": 32, "Inner Unique": true, "Plans": [{"Node Type": "Nested Loop", "Parent Relationship": "Outer", "Parallel Aware": false, "Async Capable": false, "Join Type": "Inner", "Startup Cost": 30000720452.09, "Total Cost": 30001503093.24, "Plan Rows": 1, "Plan Width": 36, "Inner Unique": true, "Plans": [{"Node Type": "Nested Loop", "Parent Relationship": "Outer", "Parallel Aware": false, "Async Capable": false, "Join Type": "Inner", "Startup Cost": 30000720451.64, "Total Cost": 30001503084.31, "Plan Rows": 2, "Plan Width": 24, "Inner Unique": false, "Join Filter": "(mi.movie_id = ci.movie_id)", "Plans": [{"Node Type": "Nested Loop", "Parent Relationship": "Outer", "Parallel Aware": false, "Async Capable": false, "Join Type": "Inner", "Startup Cost": 20000720451.64, "Total Cost": 20000720976.22, "Plan Rows": 1, "Plan Width": 8, "Inner Unique": true, "Plans": [{"Node Type": "Merge Join", "Parent Relationship": "Outer", "Parallel Aware": false, "Async Capable": false, "Join Type": "Inner", "Startup Cost": 20000720451.48, "Total Cost": 20000720900.8, "Plan Rows": 18, "Plan Width": 12, "Inner Unique": false, "Merge Cond": "(mk.movie_id = mi.movie_id)", "Plans": [{"Node Type": "Sort", "Parent Relationship": "Outer", "Parallel Aware": false, "Async Capable": false, "Startup Cost": 10000328880.24, "Total Cost": 10000328880.58, "Plan Rows": 135, "Plan Width": 4, "Sort Key": ["mk.movie_id"], "Plans": [{"Node Type": "Nested Loop", "Parent Relationship": "Outer", "Parallel Aware": false, "Async Capable": false, "Join Type": "Inner", "Startup Cost": 10000000000.44, "Total Cost": 10000328875.47, "Plan Rows": 135, "Plan Width": 4, "Inner Unique": true, "Plans": [{"Node Type": "Seq Scan", "Parent Relationship": "Outer", "Parallel Aware": false, "Async Capable": false, "Relation Name": "movie_keyword", "Alias": "mk", "Startup Cost": 10000000000.0, "Total Cost": 10000069719.3, "Plan Rows": 4523930, "Plan Width": 8}, {"Node Type": "Memoize", "Parent Relationship": "Inner", "Parallel Aware": false, "Async Capable": false, "Startup Cost": 0.44, "Total Cost": 4.46, "Plan Rows": 1, "Plan Width": 4, "Cache Key": "mk.keyword_id", "Cache Mode": "logical", "Plans": [{"Node Type": "Bitmap Heap Scan", "Parent Relationship": "Outer", "Parallel Aware": false, "Async Capable": false, "Relation Name": "keyword", "Alias": "k", "Startup Cost": 0.43, "Total Cost": 4.45, "Plan Rows": 1, "Plan Width": 4, "Recheck Cond": "(id = mk.keyword_id)", "Filter": "((keyword)::text = ANY ('{\"10,000-mile-club\",alienation,based-on-comic,based-on-novel}'::text[]))", "Plans": [{"Node Type": "Bitmap Index Scan", "Parent Relationship": "Outer", "Parallel Aware": false, "Async Capable": false, "Index Name": "keyword_pkey", "Startup Cost": 0.0, "Total Cost": 0.43, "Plan Rows": 1, "Plan Width": 0, "Index Cond": "(id = mk.keyword_id)"}]}]}]}]}, {"Node Type": "Sort", "Parent Relationship": "Inner", "Parallel Aware": false, "Async Capable": false, "Startup Cost": 10000391571.22, "Total Cost": 10000391795.51, "Plan Rows": 89713, "Plan Width": 8, "Sort Key": ["mi.movie_id"], "Plans": [{"Node Type": "Seq Scan", "Parent Relationship": "Outer", "Parallel Aware": false, "Async Capable": false, "Relation Name": "movie_info", "Alias": "mi", "Startup Cost": 10000000000.0, "Total Cost": 10000384190.97, "Plan Rows": 89713, "Plan Width": 8, "Filter": "(((info)::text ~~ 'Japan:%200%'::text) OR ((info)::text ~~ 'Japan:%2007%'::text))"}]}]}, {"Node Type": "Memoize", "Parent Relationship": "Inner", "Parallel Aware": false, "Async Capable": false, "Startup Cost": 0.16, "Total Cost": 4.18, "Plan Rows": 1, "Plan Width": 4, "Cache Key": "mi.info_type_id", "Cache Mode": "logical", "Plans": [{"Node Type": "Bitmap Heap Scan", "Parent Relationship": "Outer", "Parallel Aware": false, "Async Capable": false, "Relation Name": "info_type", "Alias": "it", "Startup Cost": 0.15, "Total Cost": 4.17, "Plan Rows": 1, "Plan Width": 4, "Recheck Cond": "(id = mi.info_type_id)", "Filter": "((info)::text = 'budget'::text)", "Plans": [{"Node Type": "Bitmap Index Scan", "Parent Relationship": "Outer", "Parallel Aware": false, "Async Capable": false, "Index Name": "info_type_pkey", "Startup Cost": 0.0, "Total Cost": 0.15, "Plan Rows": 1, "Plan Width": 0, "Index Cond": "(id = mi.info_type_id)"}]}]}]}, {"Node Type": "Seq Scan", "Parent Relationship": "Inner", "Parallel Aware": false, "Async Capable": false, "Relation Name": "cast_info", "Alias": "ci", "Startup Cost": 10000000000.0, "Total Cost": 10000750937.77, "Plan Rows": 2493625, "Plan Width": 16, "Filter": "((note)::text = ANY ('{\"(executive producer)\",\"(head writer)\",(producer)}'::text[]))"}]}, {"Node Type": "Bitmap Heap Scan", "Parent Relationship": "Inner", "Parallel Aware": false, "Async Capable": false, "Relation Name": "char_name", "Alias": "chn", "Startup Cost": 0.46, "Total Cost": 4.47, "Plan Rows": 1, "Plan Width": 20, "Recheck Cond": "(id = ci.person_role_id)", "Plans": [{"Node Type": "Bitmap Index Scan", "Parent Relationship": "Outer", "Parallel Aware": false, "Async Capable": false, "Index Name": "char_name_pkey", "Startup Cost": 0.0, "Total Cost": 0.46, "Plan Rows": 1, "Plan Width": 0, "Index Cond": "(id = ci.person_role_id)"}]}]}, {"Node Type": "Bitmap Heap Scan", "Parent Relationship": "Inner", "Parallel Aware": false, "Async Capable": false, "Relation Name": "role_type", "Alias": "rt", "Startup Cost": 0.14, "Total Cost": 4.16, "Plan Rows": 1, "Plan Width": 4, "Recheck Cond": "(id = ci.role_id)", "Filter": "((role)::text = 'costume designer'::text)", "Plans": [{"Node Type": "Bitmap Index Scan", "Parent Relationship": "Outer", "Parallel Aware": false, "Async Capable": false, "Index Name": "role_type_pkey", "Startup Cost": 0.0, "Total Cost": 0.14, "Plan Rows": 1, "Plan Width": 0, "Index Cond": "(id = ci.role_id)"}]}]}, {"Node Type": "Bitmap Heap Scan", "Parent Relationship": "Inner", "Parallel Aware": false, "Async Capable": false, "Relation Name": "name", "Alias": "n", "Startup Cost": 0.46, "Total Cost": 4.48, "Plan Rows": 1, "Plan Width": 19, "Recheck Cond": "(id = ci.person_id)", "Filter": "(((name)::text ~~ '%Downey%Robert%'::text) AND ((gender)::text = 'f'::text))", "Plans": [{"Node Type": "Bitmap Index Scan", "Parent Relationship": "Outer", "Parallel Aware": false, "Async Capable": false, "Index Name": "name_pkey", "Startup Cost": 0.0, "Total Cost": 0.46, "Plan Rows": 1, "Plan Width": 0, "Index Cond": "(id = ci.person_id)"}]}]}, {"Node Type": "Bitmap Heap Scan", "Parent Relationship": "Inner", "Parallel Aware": false, "Async Capable": false, "Relation Name": "title", "Alias": "t", "Startup Cost": 0.45, "Total Cost": 4.46, "Plan Rows": 1, "Plan Width": 21, "Recheck Cond": "(id = mk.movie_id)", "Filter": "((production_year >= 1917) AND (production_year <= 2014))", "Plans": [{"Node Type": "Bitmap Index Scan", "Parent Relationship": "Outer", "Parallel Aware": false, "Async Capable": false, "Index Name": "title_pkey", "Startup Cost": 0.0, "Total Cost": 0.45, "Plan Rows": 1, "Plan Width": 0, "Index Cond": "(id = mk.movie_id)"}]}]}, {"Node Type": "Seq Scan", "Parent Relationship": "Inner", "Parallel Aware": false, "Async Capable": false, "Relation Name": "movie_companies", "Alias": "mc", "Startup Cost": 10000000000.0, "Total Cost": 10000044915.29, "Plan Rows": 2609129, "Plan Width": 8}]}, {"Node Type": "Bitmap Heap Scan", "Parent Relationship": "Inner", "Parallel Aware": false, "Async Capable": false, "Relation Name": "company_name", "Alias": "cn", "Startup Cost": 0.43, "Total Cost": 4.44, "Plan Rows": 1, "Plan Width": 4, "Recheck Cond": "(id = mc.company_id)", "Filter": "((country_code)::text = '[nl]'::text)", "Plans": [{"Node Type": "Bitmap Index Scan", "Parent Relationship": "Outer", "Parallel Aware": false, "Async Capable": false, "Index Name": "company_name_pkey", "Startup Cost": 0.0, "Total Cost": 0.43, "Plan Rows": 1, "Plan Width": 0, "Index Cond": "(id = mc.company_id)"}]}]}, {"Node Type": "Seq Scan", "Parent Relationship": "Inner", "Parallel Aware": false, "Async Capable": false, "Relation Name": "aka_name", "Alias": "an", "Startup Cost": 10000000000.0, "Total Cost": 10000020429.43, "Plan Rows": 901343, "Plan Width": 4}]}]}}, {"Plan": {"Node Type": "Aggregate", "Strategy": "Plain", "Partial Mode": "Simple", "Parallel Aware": false, "Async Capable": false, "Startup Cost": 948567.7, "Total Cost": 948567.71, "Plan Rows": 1, "Plan Width": 96, "Plans": [{"Node Type": "Nested Loop", "Parent Relationship": "Outer", "Parallel Aware": false, "Async Capable": false, "Join Type": "Inner", "Startup Cost": 494715.57, "Total Cost": 948567.7, "Plan Rows": 1, "Plan Width": 48, "Inner Unique": false, "Join Filter": "(it.id = mi.info_type_id)", "Plans": [{"Node Type": "Seq Scan", "Parent Relationship": "Outer", "Parallel Aware": false, "Async Capable": false, "Relation Name": "info_type", "Alias": "it", "Startup Cost": 0.0, "Total Cost": 2.41, "Plan Rows": 1, "Plan Width": 4, "Filter": "((info)::text = 'budget'::text)"}, {"Node Type": "Nested Loop", "Parent Relationship": "Inner", "Parallel Aware": false, "Async Capable": false, "Join Type": "Inner", "Startup Cost": 494715.57, "Total Cost": 948565.27, "Plan Rows": 1, "Plan Width": 52, "Inner Unique": false, "Join Filter": "(t.id = mi.movie_id)", "Plans": [{"Node Type": "Nested Loop", "Parent Relationship": "Outer", "Parallel Aware": false, "Async Capable": false, "Join Type": "Inner", "Startup Cost": 493715.57, "Total Cost": 731315.96, "Plan Rows": 1, "Plan Width": 64, "Inner Unique": true, "Plans": [{"Node Type": "Gather", "Parent Relationship": "Outer", "Parallel Aware": false, "Async Capable": false, "Startup Cost": 493715.12, "Total Cost": 731311.49, "Plan Rows": 1, "Plan Width": 43, "Workers Planned": 6, "Single Copy": false, "Plans": [{"Node Type": "Nested Loop", "Parent Relationship": "Outer", "Parallel Aware": false, "Async Capable": false, "Join Type": "Inner", "Startup Cost": 492715.12, "Total Cost": 730311.39, "Plan Rows": 1, "Plan Width": 43, "Inner Unique": true, "Plans": [{"Node Type": "Nested Loop", "Parent Relationship": "Outer", "Parallel Aware": false, "Async Capable": false, "Join Type": "Inner", "Startup Cost": 492714.68, "Total Cost": 730306.93, "Plan Rows": 1, "Plan Width": 47, "Inner Unique": false, "Join Filter": "(mc.movie_id = mk.movie_id)", "Plans": [{"Node Type": "Nested Loop", "Parent Relationship": "Outer", "Parallel Aware": false, "Async Capable": false, "Join Type": "Inner", "Startup Cost": 492714.68, "Total Cost": 604038.5, "Plan Rows": 1, "Plan Width": 39, "Inner Unique": true, "Plans": [{"Node Type": "Nested Loop", "Parent Relationship": "Outer", "Parallel Aware": false, "Async Capable": false, "Join Type": "Inner", "Startup Cost": 492714.25, "Total Cost": 604034.06, "Plan Rows": 1, "Plan Width": 43, "Inner Unique": false, "Join Filter": "(ci.movie_id = mc.movie_id)", "Plans": [{"Node Type": "Nested Loop", "Parent Relationship": "Outer", "Parallel Aware": false, "Async Capable": false, "Join Type": "Inner", "Startup Cost": 492714.25, "Total Cost": 526504.65, "Plan Rows": 1, "Plan Width": 35, "Inner Unique": true, "Plans": [{"Node Type": "Nested Loop", "Parent Relationship": "Outer", "Parallel Aware": false, "Async Capable": false, "Join Type": "Inner", "Startup Cost": 492713.79, "Total Cost": 526500.19, "Plan Rows": 1, "Plan Width": 23, "Inner Unique": false, "Join Filter": "(n.id = an.person_id)", "Plans": [{"Node Type": "Nested Loop", "Parent Relationship": "Outer", "Parallel Aware": false, "Async Capable": false, "Join Type": "Inner", "Startup Cost": 492713.79, "Total Cost": 494803.97, "Plan Rows": 1, "Plan Width": 31, "Inner Unique": true, "Join Filter": "(rt.id = ci.role_id)", "Plans": [{"Node Type": "Merge Join", "Parent Relationship": "Outer", "Parallel Aware": false, "Async Capable": false, "Join Type": "Inner", "Startup Cost": 492713.79, "Total Cost": 494792.34, "Plan Rows": 10, "Plan Width": 35, "Inner Unique": true, "Merge Cond": "(ci.person_id = n.id)", "Plans": [{"Node Type": "Sort", "Parent Relationship": "Outer", "Parallel Aware": false, "Async Capable": false, "Startup Cost": 374542.23, "Total Cost": 375581.24, "Plan Rows": 415604, "Plan Width": 16, "Sort Key": ["ci.person_id"], "Plans": [{"Node Type": "Seq Scan", "Parent Relationship": "Outer", "Parallel Aware": true, "Async Capable": false, "Relation Name": "cast_info", "Alias": "ci", "Startup Cost": 0.0, "Total Cost": 335756.3, "Plan Rows": 415604, "Plan Width": 16, "Filter": "((note)::text = ANY ('{\"(executive producer)\",\"(head writer)\",(producer)}'::text[]))"}]}, {"Node Type": "Sort", "Parent Relationship": "Inner", "Parallel Aware": false, "Async Capable": false, "Startup Cost": 118171.53, "Total Cost": 118171.77, "Plan Rows": 96, "Plan Width": 19, "Sort Key": ["n.id"], "Plans": [{"Node Type": "Seq Scan", "Parent Relationship": "Outer", "Parallel Aware": false, "Async Capable": false, "Relation Name": "name", "Alias": "n", "Startup Cost": 0.0, "Total Cost": 118168.36, "Plan Rows": 96, "Plan Width": 19, "Filter": "(((name)::text ~~ '%Downey%Robert%'::text) AND ((gender)::text = 'f'::text))"}]}]}, {"Node Type": "Seq Scan", "Parent Relationship": "Inner", "Parallel Aware": false, "Async Capable": false, "Relation Name": "role_type", "Alias": "rt", "Startup Cost": 0.0, "Total Cost": 1.15, "Plan Rows": 1, "Plan Width": 4, "Filter": "((role)::text = 'costume designer'::text)"}]}, {"Node Type": "Seq Scan", "Parent Relationship": "Inner", "Parallel Aware": false, "Async Capable": false, "Relation Name": "aka_name", "Alias": "an", "Startup Cost": 0.0, "Total Cost": 20429.43, "Plan Rows": 901343, "Plan Width": 4}]}, {"Node Type": "Bitmap Heap Scan", "Parent Relationship": "Inner", "Parallel Aware": false, "Async Capable": false, "Relation Name": "char_name", "Alias": "chn", "Startup Cost": 0.46, "Total Cost": 4.47, "Plan Rows": 1, "Plan Width": 20, "Recheck Cond": "(id = ci.person_role_id)", "Plans": [{"Node Type": "Bitmap Index Scan", "Parent Relationship": "Outer", "Parallel Aware": false, "Async Capable": false, "Index Name": "char_name_pkey", "Startup Cost": 0.0, "Total Cost": 0.46, "Plan Rows": 1, "Plan Width": 0, "Index Cond": "(id = ci.person_role_id)"}]}]}, {"Node Type": "Seq Scan", "Parent Relationship": "Inner", "Parallel Aware": false, "Async Capable": false, "Relation Name": "movie_companies", "Alias": "mc", "Startup Cost": 0.0, "Total Cost": 44915.29, "Plan Rows": 2609129, "Plan Width": 8}]}, {"Node Type": "Bitmap Heap Scan", "Parent Relationship": "Inner", "Parallel Aware": false, "Async Capable": false, "Relation Name": "company_name", "Alias": "cn", "Startup Cost": 0.43, "Total Cost": 4.44, "Plan Rows": 1, "Plan Width": 4, "Recheck Cond": "(id = mc.company_id)", "Filter": "((country_code)::text = '[nl]'::text)", "Plans": [{"Node Type": "Bitmap Index Scan", "Parent Relationship": "Outer", "Parallel Aware": false, "Async Capable": false, "Index Name": "company_name_pkey", "Startup Cost": 0.0, "Total Cost": 0.43, "Plan Rows": 1, "Plan Width": 0, "Index Cond": "(id = mc.company_id)"}]}]}, {"Node Type": "Seq Scan", "Parent Relationship": "Inner", "Parallel Aware": false, "Async Capable": false, "Relation Name": "movie_keyword", "Alias": "mk", "Startup Cost": 0.0, "Total Cost": 69719.3, "Plan Rows": 4523930, "Plan Width": 8}]}, {"Node Type": "Memoize", "Parent Relationship": "Inner", "Parallel Aware": false, "Async Capable": false, "Startup Cost": 0.44, "Total Cost": 4.46, "Plan Rows": 1, "Plan Width": 4, "Cache Key": "mk.keyword_id", "Cache Mode": "logical", "Plans": [{"Node Type": "Bitmap Heap Scan", "Parent Relationship": "Outer", "Parallel Aware": false, "Async Capable": false, "Relation Name": "keyword", "Alias": "k", "Startup Cost": 0.43, "Total Cost": 4.45, "Plan Rows": 1, "Plan Width": 4, "Recheck Cond": "(id = mk.keyword_id)", "Filter": "((keyword)::text = ANY ('{\"10,000-mile-club\",alienation,based-on-comic,based-on-novel}'::text[]))", "Plans": [{"Node Type": "Bitmap Index Scan", "Parent Relationship": "Outer", "Parallel Aware": false, "Async Capable": false, "Index Name": "keyword_pkey", "Startup Cost": 0.0, "Total Cost": 0.43, "Plan Rows": 1, "Plan Width": 0, "Index Cond": "(id = mk.keyword_id)"}]}]}]}]}, {"Node Type": "Bitmap Heap Scan", "Parent Relationship": "Inner", "Parallel Aware": false, "Async Capable": false, "Relation Name": "title", "Alias": "t", "Startup Cost": 0.45, "Total Cost": 4.47, "Plan Rows": 1, "Plan Width": 21, "Recheck Cond": "(id = mc.movie_id)", "Filter": "((production_year >= 1917) AND (production_year <= 2014))", "Plans": [{"Node Type": "Bitmap Index Scan", "Parent Relationship": "Outer", "Parallel Aware": false, "Async Capable": false, "Index Name": "title_pkey", "Startup Cost": 0.0, "Total Cost": 0.45, "Plan Rows": 1, "Plan Width": 0, "Index Cond": "(id = mc.movie_id)"}]}]}, {"Node Type": "Gather", "Parent Relationship": "Inner", "Parallel Aware": false, "Async Capable": false, "Startup Cost": 1000.0, "Total Cost": 216127.89, "Plan Rows": 89713, "Plan Width": 8, "Workers Planned": 5, "Single Copy": false, "Plans": [{"Node Type": "Seq Scan", "Parent Relationship": "Outer", "Parallel Aware": true, "Async Capable": false, "Relation Name": "movie_info", "Alias": "mi", "Startup Cost": 0.0, "Total Cost": 206156.59, "Plan Rows": 17943, "Plan Width": 8, "Filter": "(((info)::text ~~ 'Japan:%200%'::text) OR ((info)::text ~~ 'Japan:%2007%'::text))"}]}]}]}]}}, {"Plan": {"Node Type": "Aggregate", "Strategy": "Plain", "Partial Mode": "Simple", "Parallel Aware": false, "Async Capable": false, "Startup Cost": 2461053.12, "Total Cost": 2461053.13, "Plan Rows": 1, "Plan Width": 96, "Plans": [{"Node Type": "Merge Join", "Parent Relationship": "Outer", "Parallel Aware": false, "Async Capable": false, "Join Type": "Inner", "Startup Cost": 2461053.09, "Total Cost": 2461053.12, "Plan Rows": 1, "Plan Width": 48, "Inner Unique": true, "Merge Cond": "(ci.role_id = rt.id)", "Plans": [{"Node Type": "Sort", "Parent Relationship": "Outer", "Parallel Aware": false, "Async Capable": false, "Startup Cost": 2461051.93, "Total Cost": 2461051.94, "Plan Rows": 1, "Plan Width": 52, "Sort Key": ["ci.role_id"], "Plans": [{"Node Type": "Merge Join", "Parent Relationship": "Outer", "Parallel Aware": false, "Async Capable": false, "Join Type": "Inner", "Startup Cost": 2461051.9, "Total Cost": 2461051.92, "Plan Rows": 1, "Plan Width": 52, "Inner Unique": false, "Merge Cond": "(it.id = mi.info_type_id)", "Plans": [{"Node Type": "Sort", "Parent Relationship": "Outer", "Parallel Aware": false, "Async Capable": false, "Startup Cost": 2.42, "Total Cost": 2.43, "Plan Rows": 1, "Plan Width": 4, "Sort Key": ["it.id"], "Plans": [{"Node Type": "Seq Scan", "Parent Relationship": "Outer", "Parallel Aware": false, "Async Capable": false, "Relation Name": "info_type", "Alias": "it", "Startup Cost": 0.0, "Total Cost": 2.41, "Plan Rows": 1, "Plan Width": 4, "Filter": "((info)::text = 'budget'::text)"}]}, {"Node Type": "Sort", "Parent Relationship": "Inner", "Parallel Aware": false, "Async Capable": false, "Startup Cost": 2461049.47, "Total Cost": 2461049.48, "Plan Rows": 1, "Plan Width": 56, "Sort Key": ["mi.info_type_id"], "Plans": [{"Node Type": "Merge Join", "Parent Relationship": "Outer", "Parallel Aware": false, "Async Capable": false, "Join Type": "Inner", "Startup Cost": 2448704.19, "Total Cost": 2461049.46, "Plan Rows": 1, "Plan Width": 56, "Inner Unique": false, "Merge Cond": "(t.id = mi.movie_id)", "Plans": [{"Node Type": "Merge Join", "Parent Relationship": "Outer", "Parallel Aware": false, "Async Capable": false, "Join Type": "Inner", "Startup Cost": 2225196.03, "Total Cost": 2237092.74, "Plan Rows": 1, "Plan Width": 68, "Inner Unique": true, "Merge Cond": "(mc.movie_id = t.id)", "Plans": [{"Node Type": "Sort", "Parent Relationship": "Outer", "Parallel Aware": false, "Async Capable": false, "Startup Cost": 1898991.91, "Total Cost": 1898991.92, "Plan Rows": 1, "Plan Width": 47, "Sort Key": ["mk.movie_id"], "Plans": [{"Node Type": "Merge Join", "Parent Relationship": "Outer", "Parallel Aware": false, "Async Capable": false, "Join Type": "Inner", "Startup Cost": 1898980.52, "Total Cost": 1898991.9, "Plan Rows": 1, "Plan Width": 47, "Inner Unique": false, "Merge Cond": "(cn.id = mc.company_id)", "Plans": [{"Node Type": "Sort", "Parent Relationship": "Outer", "Parallel Aware": false, "Async Capable": false, "Startup Cost": 6104.12, "Total Cost": 6109.8, "Plan Rows": 2272, "Plan Width": 4, "Sort Key": ["cn.id"], "Plans": [{"Node Type": "Seq Scan", "Parent Relationship": "Outer", "Parallel Aware": false, "Async Capable": false, "Relation Name": "company_name", "Alias": "cn", "Startup Cost": 0.0, "Total Cost": 5977.46, "Plan Rows": 2272, "Plan Width": 4, "Filter": "((country_code)::text = '[nl]'::text)"}]}, {"Node Type": "Sort", "Parent Relationship": "Inner", "Parallel Aware": false, "Async Capable": false, "Startup Cost": 1892876.39, "Total Cost": 1892876.4, "Plan Rows": 3, "Plan Width": 51, "Sort Key": ["mc.company_id"], "Plans": [{"Node Type": "Merge Join", "Parent Relationship": "Outer", "Parallel Aware": false, "Async Capable": false, "Join Type": "Inner", "Startup Cost": 1879830.69, "Total Cost": 1892876.37, "Plan Rows": 3, "Plan Width": 51, "Inner Unique": false, "Merge Cond": "(ci.movie_id = mc.movie_id)", "Plans": [{"Node Type": "Sort", "Parent Relationship": "Outer", "Parallel Aware": false, "Async Capable": false, "Startup Cost": 1556845.69, "Total Cost": 1556845.69, "Plan Rows": 1, "Plan Width": 43, "Sort Key": ["mk.movie_id"], "Plans": [{"Node Type": "Merge Join", "Parent Relationship": "Outer", "Parallel Aware": false, "Async Capable": false, "Join Type": "Inner", "Startup Cost": 1541143.96, "Total Cost": 1556845.68, "Plan Rows": 1, "Plan Width": 43, "Inner Unique": false, "Merge Cond": "(chn.id = ci.person_role_id)", "Plans": [{"Node Type": "Sort", "Parent Relationship": "Outer", "Parallel Aware": false, "Async Capable": false, "Startup Cost": 406733.05, "Total Cost": 414583.9, "Plan Rows": 3140339, "Plan Width": 20, "Sort Key": ["chn.id"], "Plans": [{"Node Type": "Seq Scan", "Parent Relationship": "Outer", "Parallel Aware": false, "Async Capable": false, "Relation Name": "char_name", "Alias": "chn", "Startup Cost": 0.0, "Total Cost": 67851.39, "Plan Rows": 3140339, "Plan Width": 20}]}, {"Node Type": "Sort", "Parent Relationship": "Inner", "Parallel Aware": false, "Async Capable": false, "Startup Cost": 1134410.92, "Total Cost": 1134410.92, "Plan Rows": 1, "Plan Width": 31, "Sort Key": ["ci.person_role_id"], "Plans": [{"Node Type": "Merge Join", "Parent Relationship": "Outer", "Parallel Aware": false, "Async Capable": false, "Join Type": "Inner", "Startup Cost": 1133021.85, "Total Cost": 1134410.91, "Plan Rows": 1, "Plan Width": 31, "Inner Unique": false, "Merge Cond": "(n.id = ci.person_id)", "Plans": [{"Node Type": "Gather Merge", "Parent Relationship": "Outer", "Parallel Aware": false, "Async Capable": false, "Startup Cost": 159880.46, "Total Cost": 161337.2, "Plan Rows": 21, "Plan Width": 23, "Workers Planned": 3, "Plans": [{"Node Type": "Merge Join", "Parent Relationship": "Outer", "Parallel Aware": false, "Async Capable": false, "Join Type": "Inner", "Startup Cost": 158880.42, "Total Cost": 160334.69, "Plan Rows": 7, "Plan Width": 23, "Inner Unique": true, "Merge Cond": "(an.person_id = n.id)", "Plans": [{"Node Type": "Sort", "Parent Relationship": "Outer", "Parallel Aware": false, "Async Capable": false, "Startup Cost": 40708.86, "Total Cost": 41435.75, "Plan Rows": 290756, "Plan Width": 4, "Sort Key": ["an.person_id"], "Plans": [{"Node Type": "Seq Scan", "Parent Relationship": "Outer", "Parallel Aware": true, "Async Capable": false, "Relation Name": "aka_name", "Alias": "an", "Startup Cost": 0.0, "Total Cost": 14323.56, "Plan Rows": 290756, "Plan Width": 4}]}, {"Node Type": "Sort", "Parent Relationship": "Inner", "Parallel Aware": false, "Async Capable": false, "Startup Cost": 118171.53, "Total Cost": 118171.77, "Plan Rows": 96, "Plan Width": 19, "Sort Key": ["n.id"], "Plans": [{"Node Type": "Seq Scan", "Parent Relationship": "Outer", "Parallel Aware": false, "Async Capable": false, "Relation Name": "name", "Alias": "n", "Startup Cost": 0.0, "Total Cost": 118168.36, "Plan Rows": 96, "Plan Width": 19, "Filter": "(((name)::text ~~ '%Downey%Robert%'::text) AND ((gender)::text = 'f'::text))"}]}]}]}, {"Node Type": "Sort", "Parent Relationship": "Inner", "Parallel Aware": false, "Async Capable": false, "Startup Cost": 973141.39, "Total Cost": 973142.2, "Plan Rows": 325, "Plan Width": 20, "Sort Key": ["ci.person_id"], "Plans": [{"Node Type": "Gather Merge", "Parent Relationship": "Outer", "Parallel Aware": false, "Async Capable": false, "Startup Cost": 971009.18, "Total Cost": 973127.83, "Plan Rows": 325, "Plan Width": 20, "Workers Planned": 6, "Plans": [{"Node Type": "Merge Join", "Parent Relationship": "Outer", "Parallel Aware": false, "Async Capable": false, "Join Type": "Inner", "Startup Cost": 970009.08, "Total Cost": 972088.23, "Plan Rows": 54, "Plan Width": 20, "Inner Unique": false, "Merge Cond": "(ci.movie_id = mk.movie_id)", "Plans": [{"Node Type": "Sort", "Parent Relationship": "Outer", "Parallel Aware": false, "Async Capable": false, "Startup Cost": 374542.23, "Total Cost": 375581.24, "Plan Rows": 415604, "Plan Width": 16, "Sort Key": ["ci.movie_id"], "Plans": [{"Node Type": "Seq Scan", "Parent Relationship": "Outer", "Parallel Aware": true, "Async Capable": false, "Relation Name": "cast_info", "Alias": "ci", "Startup Cost": 0.0, "Total Cost": 335756.3, "Plan Rows": 415604, "Plan Width": 16, "Filter": "((note)::text = ANY ('{\"(executive producer)\",\"(head writer)\",(producer)}'::text[]))"}]}, {"Node Type": "Sort", "Parent Relationship": "Inner", "Parallel Aware": false, "Async Capable": false, "Startup Cost": 595466.81, "Total Cost": 595467.15, "Plan Rows": 135, "Plan Width": 4, "Sort Key": ["mk.movie_id"], "Plans": [{"Node Type": "Merge Join", "Parent Relationship": "Outer", "Parallel Aware": false, "Async Capable": false, "Join Type": "Inner", "Startup Cost": 572841.3, "Total Cost": 595462.04, "Plan Rows": 135, "Plan Width": 4, "Inner Unique": false, "Merge Cond": "(k.id = mk.keyword_id)", "Plans": [{"Node Type": "Sort", "Parent Relationship": "Outer", "Parallel Aware": false, "Async Capable": false, "Startup Cost": 3020.59, "Total Cost": 3020.6, "Plan Rows": 4, "Plan Width": 4, "Sort Key": ["k.id"], "Plans": [{"Node Type": "Seq Scan", "Parent Relationship": "Outer", "Parallel Aware": false, "Async Capable": false, "Relation Name": "keyword", "Alias": "k", "Startup Cost": 0.0, "Total Cost": 3020.55, "Plan Rows": 4, "Plan Width": 4, "Filter": "((keyword)::text = ANY ('{\"10,000-mile-club\",alienation,based-on-comic,based-on-novel}'::text[]))"}]}, {"Node Type": "Sort", "Parent Relationship": "Inner", "Parallel Aware": false, "Async Capable": false, "Startup Cost": 569820.43, "Total Cost": 581130.25, "Plan Rows": 4523930, "Plan Width": 8, "Sort Key": ["mk.keyword_id"], "Plans": [{"Node Type": "Seq Scan", "Parent Relationship": "Outer", "Parallel Aware": false, "Async Capable": false, "Relation Name": "movie_keyword", "Alias": "mk", "Startup Cost": 0.0, "Total Cost": 69719.3, "Plan Rows": 4523930, "Plan Width": 8}]}]}]}]}]}]}]}]}]}]}, {"Node Type": "Sort", "Parent Relationship": "Inner", "Parallel Aware": false, "Async Capable": false, "Startup Cost": 322985.0, "Total Cost": 329507.82, "Plan Rows": 2609129, "Plan Width": 8, "Sort Key": ["mc.movie_id"], "Plans": [{"Node Type": "Seq Scan", "Parent Relationship": "Outer", "Parallel Aware": false, "Async Capable": false, "Relation Name": "movie_companies", "Alias": "mc", "Startup Cost": 0.0, "Total Cost": 44915.29, "Plan Rows": 2609129, "Plan Width": 8}]}]}]}]}]}, {"Node Type": "Sort", "Parent Relationship": "Inner", "Parallel Aware": false, "Async Capable": false, "Startup Cost": 326204.12, "Total Cost": 332158.53, "Plan Rows": 2381762, "Plan Width": 21, "Sort Key": ["t.id"], "Plans": [{"Node Type": "Seq Scan", "Parent Relationship": "Outer", "Parallel Aware": false, "Async Capable": false, "Relation Name": "title", "Alias": "t", "Startup Cost": 0.0, "Total Cost": 73932.68, "Plan Rows": 2381762, "Plan Width": 21, "Filter": "((production_year >= 1917) AND (production_year <= 2014))"}]}]}, {"Node Type": "Sort", "Parent Relationship": "Inner", "Parallel Aware": false, "Async Capable": false, "Startup Cost": 223508.15, "Total Cost": 223732.43, "Plan Rows": 89713, "Plan Width": 8, "Sort Key": ["mi.movie_id"], "Plans": [{"Node Type": "Gather", "Parent Relationship": "Outer", "Parallel Aware": false, "Async Capable": false, "Startup Cost": 1000.0, "Total Cost": 216127.89, "Plan Rows": 89713, "Plan Width": 8, "Workers Planned": 5, "Single Copy": false, "Plans": [{"Node Type": "Seq Scan", "Parent Relationship": "Outer", "Parallel Aware": true, "Async Capable": false, "Relation Name": "movie_info", "Alias": "mi", "Startup Cost": 0.0, "Total Cost": 206156.59, "Plan Rows": 17943, "Plan Width": 8, "Filter": "(((info)::text ~~ 'Japan:%200%'::text) OR ((info)::text ~~ 'Japan:%2007%'::text))"}]}]}]}]}]}]}, {"Node Type": "Sort", "Parent Relationship": "Inner", "Parallel Aware": false, "Async Capable": false, "Startup Cost": 1.16, "Total Cost": 1.16, "Plan Rows": 1, "Plan Width": 4, "Sort Key": ["rt.id"], "Plans": [{"Node Type": "Seq Scan", "Parent Relationship": "Outer", "Parallel Aware": false, "Async Capable": false, "Relation Name": "role_type", "Alias": "rt", "Startup Cost": 0.0, "Total Cost": 1.15, "Plan Rows": 1, "Plan Width": 4, "Filter": "((role)::text = 'costume designer'::text)"}]}]}]}}, {"Plan": {"Node Type": "Aggregate", "Strategy": "Plain", "Partial Mode": "Simple", "Parallel Aware": false, "Async Capable": false, "Startup Cost": 50001786175.33, "Total Cost": 50001786175.34, "Plan Rows": 1, "Plan Width": 96, "Plans": [{"Node Type": "Nested Loop", "Parent Relationship": "Outer", "Parallel Aware": false, "Async Capable": false, "Join Type": "Inner", "Startup Cost": 50000000002.53, "Total Cost": 50001786175.32, "Plan Rows": 1, "Plan Width": 48, "Inner Unique": false, "Join Filter": "(n.id = an.person_id)", "Plans": [{"Node Type": "Nested Loop", "Parent Relationship": "Outer", "Parallel Aware": false, "Async Capable": false, "Join Type": "Inner", "Startup Cost": 40000000002.53, "Total Cost": 40001754479.11, "Plan Rows": 1, "Plan Width": 56, "Inner Unique": true, "Plans": [{"Node Type": "Nested Loop", "Parent Relationship": "Outer", "Parallel Aware": false, "Async Capable": false, "Join Type": "Inner", "Startup Cost": 40000000002.1, "Total Cost": 40001754474.66, "Plan Rows": 1, "Plan Width": 60, "Inner Unique": false, "Join Filter": "(t.id = mc.movie_id)", "Plans": [{"Node Type": "Nested Loop", "Parent Relationship": "Outer", "Parallel Aware": false, "Async Capable": false, "Join Type": "Inner", "Startup Cost": 30000000002.1, "Total Cost": 30001676945.26, "Plan Rows": 1, "Plan Width": 72, "Inner Unique": true, "Plans": [{"Node Type": "Nested Loop", "Parent Relationship": "Outer", "Parallel Aware": false, "Async Capable": false, "Join Type": "Inner", "Startup Cost": 30000000001.96, "Total Cost": 30001676937.08, "Plan Rows": 1, "Plan Width": 76, "Inner Unique": true, "Plans": [{"Node Type": "Nested Loop", "Parent Relationship": "Outer", "Parallel Aware": false, "Async Capable": false, "Join Type": "Inner", "Startup Cost": 30000000001.5, "Total Cost": 30001676932.52, "Plan Rows": 1, "Plan Width": 57, "Inner Unique": true, "Join Filter": "(t.id = mi.movie_id)", "Plans": [{"Node Type": "Nested Loop", "Parent Relationship": "Outer", "Parallel Aware": false, "Async Capable": false, "Join Type": "Inner", "Startup Cost": 30000000001.05, "Total Cost": 30001676928.04, "Plan Rows": 1, "Plan Width": 36, "Inner Unique": true, "Plans": [{"Node Type": "Nested Loop", "Parent Relationship": "Outer", "Parallel Aware": false, "Async Capable": false, "Join Type": "Inner", "Startup Cost": 30000000000.6, "Total Cost": 30001676919.11, "Plan Rows": 2, "Plan Width": 24, "Inner Unique": false, "Join Filter": "(mi.movie_id = ci.movie_id)", "Plans": [{"Node Type": "Nested Loop", "Parent Relationship": "Outer", "Parallel Aware": false, "Async Capable": false, "Join Type": "Inner", "Startup Cost": 20000000000.6, "Total Cost": 20000894811.02, "Plan Rows": 1, "Plan Width": 8, "Inner Unique": true, "Plans": [{"Node Type": "Nested Loop", "Parent Relationship": "Outer", "Parallel Aware": false, "Async Capable": false, "Join Type": "Inner", "Startup Cost": 20000000000.44, "Total Cost": 20000894735.6, "Plan Rows": 18, "Plan Width": 12, "Inner Unique": false, "Join Filter": "(mi.movie_id = mk.movie_id)", "Plans": [{"Node Type": "Seq Scan", "Parent Relationship": "Outer", "Parallel Aware": false, "Async Capable": false, "Relation Name": "movie_info", "Alias": "mi", "Startup Cost": 10000000000.0, "Total Cost": 10000384190.97, "Plan Rows": 89713, "Plan Width": 8, "Filter": "(((info)::text ~~ 'Japan:%200%'::text) OR ((info)::text ~~ 'Japan:%2007%'::text))"}, {"Node Type": "Materialize", "Parent Relationship": "Inner", "Parallel Aware": false, "Async Capable": false, "Startup Cost": 10000000000.44, "Total Cost": 10000328876.14, "Plan Rows": 135, "Plan Width": 4, "Plans": [{"Node Type": "Nested Loop", "Parent Relationship": "Outer", "Parallel Aware": false, "Async Capable": false, "Join Type": "Inner", "Startup Cost": 10000000000.44, "Total Cost": 10000328875.47, "Plan Rows": 135, "Plan Width": 4, "Inner Unique": true, "Plans": [{"Node Type": "Seq Scan", "Parent Relationship": "Outer", "Parallel Aware": false, "Async Capable": false, "Relation Name": "movie_keyword", "Alias": "mk", "Startup Cost": 10000000000.0, "Total Cost": 10000069719.3, "Plan Rows": 4523930, "Plan Width": 8}, {"Node Type": "Memoize", "Parent Relationship": "Inner", "Parallel Aware": false, "Async Capable": false, "Startup Cost": 0.44, "Total Cost": 4.46, "Plan Rows": 1, "Plan Width": 4, "Cache Key": "mk.keyword_id", "Cache Mode": "logical", "Plans": [{"Node Type": "Bitmap Heap Scan", "Parent Relationship": "Outer", "Parallel Aware": false, "Async Capable": false, "Relation Name": "keyword", "Alias": "k", "Startup Cost": 0.43, "Total Cost": 4.45, "Plan Rows": 1, "Plan Width": 4, "Recheck Cond": "(id = mk.keyword_id)", "Filter": "((keyword)::text = ANY ('{\"10,000-mile-club\",alienation,based-on-comic,based-on-novel}'::text[]))", "Plans": [{"Node Type": "Bitmap Index Scan", "Parent Relationship": "Outer", "Parallel Aware": false, "Async Capable": false, "Index Name": "keyword_pkey", "Startup Cost": 0.0, "Total Cost": 0.43, "Plan Rows": 1, "Plan Width": 0, "Index Cond": "(id = mk.keyword_id)"}]}]}]}]}]}, {"Node Type": "Memoize", "Parent Relationship": "Inner", "Parallel Aware": false, "Async Capable": false, "Startup Cost": 0.16, "Total Cost": 4.18, "Plan Rows": 1, "Plan Width": 4, "Cache Key": "mi.info_type_id", "Cache Mode": "logical", "Plans": [{"Node Type": "Bitmap Heap Scan", "Parent Relationship": "Outer", "Parallel Aware": false, "Async Capable": false, "Relation Name": "info_type", "Alias": "it", "Startup Cost": 0.15, "Total Cost": 4.17, "Plan Rows": 1, "Plan Width": 4, "Recheck Cond": "(id = mi.info_type_id)", "Filter": "((info)::text = 'budget'::text)", "Plans": [{"Node Type": "Bitmap Index Scan", "Parent Relationship": "Outer", "Parallel Aware": false, "Async Capable": false, "Index Name": "info_type_pkey", "Startup Cost": 0.0, "Total Cost": 0.15, "Plan Rows": 1, "Plan Width": 0, "Index Cond": "(id = mi.info_type_id)"}]}]}]}, {"Node Type": "Seq Scan", "Parent Relationship": "Inner", "Parallel Aware": false, "Async Capable": false, "Relation Name": "cast_info", "Alias": "ci", "Startup Cost": 10000000000.0, "Total Cost": 10000750937.77, "Plan Rows": 2493625, "Plan Width": 16, "Filter": "((note)::text = ANY ('{\"(executive producer)\",\"(head writer)\",(producer)}'::text[]))"}]}, {"Node Type": "Bitmap Heap Scan", "Parent Relationship": "Inner", "Parallel Aware": false, "Async Capable": false, "Relation Name": "char_name", "Alias": "chn", "Startup Cost": 0.46, "Total Cost": 4.47, "Plan Rows": 1, "Plan Width": 20, "Recheck Cond": "(id = ci.person_role_id)", "Plans": [{"Node Type": "Bitmap Index Scan", "Parent Relationship": "Outer", "Parallel Aware": false, "Async Capable": false, "Index Name": "char_name_pkey", "Startup Cost": 0.0, "Total Cost": 0.46, "Plan Rows": 1, "Plan Width": 0, "Index Cond": "(id = ci.person_role_id)"}]}]}, {"Node Type": "Bitmap Heap Scan", "Parent Relationship": "Inner", "Parallel Aware": false, "Async Capable": false, "Relation Name": "title", "Alias": "t", "Startup Cost": 0.45, "Total Cost": 4.46, "Plan Rows": 1, "Plan Width": 21, "Recheck Cond": "(id = mk.movie_id)", "Filter": "((production_year >= 1917) AND (production_year <= 2014))", "Plans": [{"Node Type": "Bitmap Index Scan", "Parent Relationship": "Outer", "Parallel Aware": false, "Async Capable": false, "Index Name": "title_pkey", "Startup Cost": 0.0, "Total Cost": 0.45, "Plan Rows": 1, "Plan Width": 0, "Index Cond": "(id = mk.movie_id)"}]}]}, {"Node Type": "Bitmap Heap Scan", "Parent Relationship": "Inner", "Parallel Aware": false, "Async Capable": false, "Relation Name": "name", "Alias": "n", "Startup Cost": 0.46, "Total Cost": 4.48, "Plan Rows": 1, "Plan Width": 19, "Recheck Cond": "(id = ci.person_id)", "Filter": "(((name)::text ~~ '%Downey%Robert%'::text) AND ((gender)::text = 'f'::text))", "Plans": [{"Node Type": "Bitmap Index Scan", "Parent Relationship": "Outer", "Parallel Aware": false, "Async Capable": false, "Index Name": "name_pkey", "Startup Cost": 0.0, "Total Cost": 0.46, "Plan Rows": 1, "Plan Width": 0, "Index Cond": "(id = ci.person_id)"}]}]}, {"Node Type": "Bitmap Heap Scan", "Parent Relationship": "Inner", "Parallel Aware": false, "Async Capable": false, "Relation Name": "role_type", "Alias": "rt", "Startup Cost": 0.14, "Total Cost": 4.16, "Plan Rows": 1, "Plan Width": 4, "Recheck Cond": "(id = ci.role_id)", "Filter": "((role)::text = 'costume designer'::text)", "Plans": [{"Node Type": "Bitmap Index Scan", "Parent Relationship": "Outer", "Parallel Aware": false, "Async Capable": false, "Index Name": "role_type_pkey", "Startup Cost": 0.0, "Total Cost": 0.14, "Plan Rows": 1, "Plan Width": 0, "Index Cond": "(id = ci.role_id)"}]}]}, {"Node Type": "Seq Scan", "Parent Relationship": "Inner", "Parallel Aware": false, "Async Capable": false, "Relation Name": "movie_companies", "Alias": "mc", "Startup Cost": 10000000000.0, "Total Cost": 10000044915.29, "Plan Rows": 2609129, "Plan Width": 8}]}, {"Node Type": "Bitmap Heap Scan", "Parent Relationship": "Inner", "Parallel Aware": false, "Async Capable": false, "Relation Name": "company_name", "Alias": "cn", "Startup Cost": 0.43, "Total Cost": 4.44, "Plan Rows": 1, "Plan Width": 4, "Recheck Cond": "(id = mc.company_id)", "Filter": "((country_code)::text = '[nl]'::text)", "Plans": [{"Node Type": "Bitmap Index Scan", "Parent Relationship": "Outer", "Parallel Aware": false, "Async Capable": false, "Index Name": "company_name_pkey", "Startup Cost": 0.0, "Total Cost": 0.43, "Plan Rows": 1, "Plan Width": 0, "Index Cond": "(id = mc.company_id)"}]}]}, {"Node Type": "Seq Scan", "Parent Relationship": "Inner", "Parallel Aware": false, "Async Capable": false, "Relation Name": "aka_name", "Alias": "an", "Startup Cost": 10000000000.0, "Total Cost": 10000020429.43, "Plan Rows": 901343, "Plan Width": 4}]}]}}, {"Plan": {"Node Type": "Aggregate", "Strategy": "Plain", "Partial Mode": "Simple", "Parallel Aware": false, "Async Capable": false, "Startup Cost": 1346966.19, "Total Cost": 1346966.2, "Plan Rows": 1, "Plan Width": 96, "Plans": [{"Node Type": "Nested Loop", "Parent Relationship": "Outer", "Parallel Aware": false, "Async Capable": false, "Join Type": "Inner", "Startup Cost": 3002.23, "Total Cost": 1346966.18, "Plan Rows": 1, "Plan Width": 48, "Inner Unique": false, "Join Filter": "(n.id = an.person_id)", "Plans": [{"Node Type": "Nested Loop", "Parent Relationship": "Outer", "Parallel Aware": false, "Async Capable": false, "Join Type": "Inner", "Startup Cost": 3002.23, "Total Cost": 1315269.97, "Plan Rows": 1, "Plan Width": 56, "Inner Unique": true, "Plans": [{"Node Type": "Nested Loop", "Parent Relationship": "Outer", "Parallel Aware": false, "Async Capable": false, "Join Type": "Inner", "Startup Cost": 3001.8, "Total Cost": 1315265.52, "Plan Rows": 1, "Plan Width": 60, "Inner Unique": false, "Join Filter": "(t.id = mc.movie_id)", "Plans": [{"Node Type": "Nested Loop", "Parent Relationship": "Outer", "Parallel Aware": false, "Async Capable": false, "Join Type": "Inner", "Startup Cost": 3001.8, "Total Cost": 1237736.12, "Plan Rows": 1, "Plan Width": 72, "Inner Unique": true, "Join Filter": "(t.id = mi.movie_id)", "Plans": [{"Node Type": "Nested Loop", "Parent Relationship": "Outer", "Parallel Aware": false, "Async Capable": false, "Join Type": "Inner", "Startup Cost": 3001.36, "Total Cost": 1237731.64, "Plan Rows": 1, "Plan Width": 51, "Inner Unique": true, "Plans": [{"Node Type": "Nested Loop", "Parent Relationship": "Outer", "Parallel Aware": false, "Async Capable": false, "Join Type": "Inner", "Startup Cost": 3000.89, "Total Cost": 1237727.08, "Plan Rows": 1, "Plan Width": 32, "Inner Unique": false, "Join Filter": "(rt.id = ci.role_id)", "Plans": [{"Node Type": "Seq Scan", "Parent Relationship": "Outer", "Parallel Aware": false, "Async Capable": false, "Relation Name": "role_type", "Alias": "rt", "Startup Cost": 0.0, "Total Cost": 1.15, "Plan Rows": 1, "Plan Width": 4, "Filter": "((role)::text = 'costume designer'::text)"}, {"Node Type": "Nested Loop", "Parent Relationship": "Inner", "Parallel Aware": false, "Async Capable": false, "Join Type": "Inner", "Startup Cost": 3000.89, "Total Cost": 1237725.92, "Plan Rows": 1, "Plan Width": 36, "Inner Unique": true, "Plans": [{"Node Type": "Nested Loop", "Parent Relationship": "Outer", "Parallel Aware": false, "Async Capable": false, "Join Type": "Inner", "Startup Cost": 3000.44, "Total Cost": 1237716.98, "Plan Rows": 2, "Plan Width": 24, "Inner Unique": false, "Join Filter": "(mi.movie_id = ci.movie_id)", "Plans": [{"Node Type": "Nested Loop", "Parent Relationship": "Outer", "Parallel Aware": false, "Async Capable": false, "Join Type": "Inner", "Startup Cost": 2000.44, "Total Cost": 620427.87, "Plan Rows": 1, "Plan Width": 8, "Inner Unique": false, "Join Filter": "(it.id = mi.info_type_id)", "Plans": [{"Node Type": "Seq Scan", "Parent Relationship": "Outer", "Parallel Aware": false, "Async Capable": false, "Relation Name": "info_type", "Alias": "it", "Startup Cost": 0.0, "Total Cost": 2.41, "Plan Rows": 1, "Plan Width": 4, "Filter": "((info)::text = 'budget'::text)"}, {"Node Type": "Nested Loop", "Parent Relationship": "Inner", "Parallel Aware": false, "Async Capable": false, "Join Type": "Inner", "Startup Cost": 2000.44, "Total Cost": 620425.23, "Plan Rows": 18, "Plan Width": 12, "Inner Unique": false, "Join Filter": "(mi.movie_id = mk.movie_id)", "Plans": [{"Node Type": "Gather", "Parent Relationship": "Outer", "Parallel Aware": false, "Async Capable": false, "Startup Cost": 1000.0, "Total Cost": 216127.89, "Plan Rows": 89713, "Plan Width": 8, "Workers Planned": 5, "Single Copy": false, "Plans": [{"Node Type": "Seq Scan", "Parent Relationship": "Outer", "Parallel Aware": true, "Async Capable": false, "Relation Name": "movie_info", "Alias": "mi", "Startup Cost": 0.0, "Total Cost": 206156.59, "Plan Rows": 17943, "Plan Width": 8, "Filter": "(((info)::text ~~ 'Japan:%200%'::text) OR ((info)::text ~~ 'Japan:%2007%'::text))"}]}, {"Node Type": "Materialize", "Parent Relationship": "Inner", "Parallel Aware": false, "Async Capable": false, "Startup Cost": 1000.44, "Total Cost": 222628.85, "Plan Rows": 135, "Plan Width": 4, "Plans": [{"Node Type": "Gather", "Parent Relationship": "Outer", "Parallel Aware": false, "Async Capable": false, "Startup Cost": 1000.44, "Total Cost": 222628.18, "Plan Rows": 135, "Plan Width": 4, "Workers Planned": 3, "Single Copy": false, "Plans": [{"Node Type": "Nested Loop", "Parent Relationship": "Outer", "Parallel Aware": false, "Async Capable": false, "Join Type": "Inner", "Startup Cost": 0.44, "Total Cost": 221614.68, "Plan Rows": 44, "Plan Width": 4, "Inner Unique": true, "Plans": [{"Node Type": "Seq Scan", "Parent Relationship": "Outer", "Parallel Aware": true, "Async Capable": false, "Relation Name": "movie_keyword", "Alias": "mk", "Startup Cost": 0.0, "Total Cost": 39073.32, "Plan Rows": 1459332, "Plan Width": 8}, {"Node Type": "Memoize", "Parent Relationship": "Inner", "Parallel Aware": false, "Async Capable": false, "Startup Cost": 0.44, "Total Cost": 4.46, "Plan Rows": 1, "Plan Width": 4, "Cache Key": "mk.keyword_id", "Cache Mode": "logical", "Plans": [{"Node Type": "Bitmap Heap Scan", "Parent Relationship": "Outer", "Parallel Aware": false, "Async Capable": false, "Relation Name": "keyword", "Alias": "k", "Startup Cost": 0.43, "Total Cost": 4.45, "Plan Rows": 1, "Plan Width": 4, "Recheck Cond": "(id = mk.keyword_id)", "Filter": "((keyword)::text = ANY ('{\"10,000-mile-club\",alienation,based-on-comic,based-on-novel}'::text[]))", "Plans": [{"Node Type": "Bitmap Index Scan", "Parent Relationship": "Outer", "Parallel Aware": false, "Async Capable": false, "Index Name": "keyword_pkey", "Startup Cost": 0.0, "Total Cost": 0.43, "Plan Rows": 1, "Plan Width": 0, "Index Cond": "(id = mk.keyword_id)"}]}]}]}]}]}]}]}, {"Node Type": "Gather", "Parent Relationship": "Inner", "Parallel Aware": false, "Async Capable": false, "Startup Cost": 1000.0, "Total Cost": 586118.8, "Plan Rows": 2493625, "Plan Width": 16, "Workers Planned": 6, "Single Copy": false, "Plans": [{"Node Type": "Seq Scan", "Parent Relationship": "Outer", "Parallel Aware": true, "Async Capable": false, "Relation Name": "cast_info", "Alias": "ci", "Startup Cost": 0.0, "Total Cost": 335756.3, "Plan Rows": 415604, "Plan Width": 16, "Filter": "((note)::text = ANY ('{\"(executive producer)\",\"(head writer)\",(producer)}'::text[]))"}]}]}, {"Node Type": "Bitmap Heap Scan", "Parent Relationship": "Inner", "Parallel Aware": false, "Async Capable": false, "Relation Name": "char_name", "Alias": "chn", "Startup Cost": 0.46, "Total Cost": 4.47, "Plan Rows": 1, "Plan Width": 20, "Recheck Cond": "(id = ci.person_role_id)", "Plans": [{"Node Type": "Bitmap Index Scan", "Parent Relationship": "Outer", "Parallel Aware": false, "Async Capable": false, "Index Name": "char_name_pkey", "Startup Cost": 0.0, "Total Cost": 0.46, "Plan Rows": 1, "Plan Width": 0, "Index Cond": "(id = ci.person_role_id)"}]}]}]}, {"Node Type": "Bitmap Heap Scan", "Parent Relationship": "Inner", "Parallel Aware": false, "Async Capable": false, "Relation Name": "name", "Alias": "n", "Startup Cost": 0.46, "Total Cost": 4.48, "Plan Rows": 1, "Plan Width": 19, "Recheck Cond": "(id = ci.person_id)", "Filter": "(((name)::text ~~ '%Downey%Robert%'::text) AND ((gender)::text = 'f'::text))", "Plans": [{"Node Type": "Bitmap Index Scan", "Parent Relationship": "Outer", "Parallel Aware": false, "Async Capable": false, "Index Name": "name_pkey", "Startup Cost": 0.0, "Total Cost": 0.46, "Plan Rows": 1, "Plan Width": 0, "Index Cond": "(id = ci.person_id)"}]}]}, {"Node Type": "Bitmap Heap Scan", "Parent Relationship": "Inner", "Parallel Aware": false, "Async Capable": false, "Relation Name": "title", "Alias": "t", "Startup Cost": 0.45, "Total Cost": 4.46, "Plan Rows": 1, "Plan Width": 21, "Recheck Cond": "(id = mk.movie_id)", "Filter": "((production_year >= 1917) AND (production_year <= 2014))", "Plans": [{"Node Type": "Bitmap Index Scan", "Parent Relationship": "Outer", "Parallel Aware": false, "Async Capable": false, "Index Name": "title_pkey", "Startup Cost": 0.0, "Total Cost": 0.45, "Plan Rows": 1, "Plan Width": 0, "Index Cond": "(id = mk.movie_id)"}]}]}, {"Node Type": "Seq Scan", "Parent Relationship": "Inner", "Parallel Aware": false, "Async Capable": false, "Relation Name": "movie_companies", "Alias": "mc", "Startup Cost": 0.0, "Total Cost": 44915.29, "Plan Rows": 2609129, "Plan Width": 8}]}, {"Node Type": "Bitmap Heap Scan", "Parent Relationship": "Inner", "Parallel Aware": false, "Async Capable": false, "Relation Name": "company_name", "Alias": "cn", "Startup Cost": 0.43, "Total Cost": 4.44, "Plan Rows": 1, "Plan Width": 4, "Recheck Cond": "(id = mc.company_id)", "Filter": "((country_code)::text = '[nl]'::text)", "Plans": [{"Node Type": "Bitmap Index Scan", "Parent Relationship": "Outer", "Parallel Aware": false, "Async Capable": false, "Index Name": "company_name_pkey", "Startup Cost": 0.0, "Total Cost": 0.43, "Plan Rows": 1, "Plan Width": 0, "Index Cond": "(id = mc.company_id)"}]}]}, {"Node Type": "Seq Scan", "Parent Relationship": "Inner", "Parallel Aware": false, "Async Capable": false, "Relation Name": "aka_name", "Alias": "an", "Startup Cost": 0.0, "Total Cost": 20429.43, "Plan Rows": 901343, "Plan Width": 4}]}]}}]