[{"Plan": {"Node Type": "Aggregate", "Strategy": "Plain", "Partial Mode": "Finalize", "Parallel Aware": false, "Async Capable": false, "Startup Cost": 400913.62, "Total Cost": 400913.63, "Plan Rows": 1, "Plan Width": 8, "Actual Rows": 1, "Actual Loops": 1, "Plans": [{"Node Type": "Gather", "Parent Relationship": "Outer", "Parallel Aware": false, "Async Capable": false, "Startup Cost": 400913.41, "Total Cost": 400913.62, "Plan Rows": 2, "Plan Width": 8, "Actual Rows": 3, "Actual Loops": 1, "Workers Planned": 2, "Workers Launched": 2, "Single Copy": false, "Plans": [{"Node Type": "Aggregate", "Strategy": "Plain", "Partial Mode": "Partial", "Parent Relationship": "Outer", "Parallel Aware": false, "Async Capable": false, "Startup Cost": 399913.41, "Total Cost": 399913.42, "Plan Rows": 1, "Plan Width": 8, "Actual Rows": 1, "Actual Loops": 3, "Workers": [], "Plans": [{"Node Type": "Hash Join", "Parent Relationship": "Outer", "Parallel Aware": true, "Async Capable": false, "Join Type": "Inner", "Startup Cost": 2079.56, "Total Cost": 399913.29, "Plan Rows": 47, "Plan Width": 0, "Actual Rows": 2741, "Actual Loops": 3, "Inner Unique": true, "Hash Cond": "(store_sales.ss_sold_date_sk = date_dim.d_date_sk)", "Workers": [], "Plans": [{"Node Type": "Nested Loop", "Parent Relationship": "Outer", "Parallel Aware": false, "Async Capable": false, "Join Type": "Inner", "Startup Cost": 10.78, "Total Cost": 397546.79, "Plan Rows": 113416, "Plan Width": 4, "Actual Rows": 90694, "Actual Loops": 3, "Inner Unique": false, "Workers": [], "Plans": [{"Node Type": "Seq Scan", "Parent Relationship": "Outer", "Parallel Aware": true, "Async Capable": false, "Relation Name": "item", "Alias": "item", "Startup Cost": 0.0, "Total Cost": 7575.25, "Plan Rows": 402, "Plan Width": 4, "Actual Rows": 321, "Actual Loops": 3, "Filter": "(i_manager_id = 49)", "Rows Removed by Filter": 33679, "Workers": []}, {"Node Type": "Bitmap Heap Scan", "Parent Relationship": "Inner", "Parallel Aware": false, "Async Capable": false, "Relation Name": "store_sales", "Alias": "store_sales", "Startup Cost": 10.78, "Total Cost": 966.97, "Plan Rows": 311, "Plan Width": 8, "Actual Rows": 282, "Actual Loops": 964, "Recheck Cond": "(ss_item_sk = item.i_item_sk)", "Rows Removed by Index Recheck": 0, "Exact Heap Blocks": 125505, "Lossy Heap Blocks": 0, "Workers": [], "Plans": [{"Node Type": "Bitmap Index Scan", "Parent Relationship": "Outer", "Parallel Aware": false, "Async Capable": false, "Index Name": "store_sales_pkey", "Startup Cost": 0.0, "Total Cost": 10.7, "Plan Rows": 311, "Plan Width": 0, "Actual Rows": 282, "Actual Loops": 964, "Index Cond": "(ss_item_sk = item.i_item_sk)", "Workers": []}]}]}, {"Node Type": "Hash", "Parent Relationship": "Inner", "Parallel Aware": true, "Async Capable": false, "Startup Cost": 2068.55, "Total Cost": 2068.55, "Plan Rows": 18, "Plan Width": 4, "Actual Rows": 10, "Actual Loops": 3, "Hash Buckets": 1024, "Original Hash Buckets": 1024, "Hash Batches": 1, "Original Hash Batches": 1, "Peak Memory Usage": 40, "Workers": [], "Plans": [{"Node Type": "Seq Scan", "Parent Relationship": "Outer", "Parallel Aware": true, "Async Capable": false, "Relation Name": "date_dim", "Alias": "date_dim", "Startup Cost": 0.0, "Total Cost": 2068.55, "Plan Rows": 18, "Plan Width": 4, "Actual Rows": 10, "Actual Loops": 3, "Filter": "((d_moy = 11) AND (d_year = 1999))", "Rows Removed by Filter": 24340, "Workers": []}]}]}]}]}]}, "Planning Time": 1.953, "Triggers": [], "Execution Time": 1036.839}, {"Plan": {"Node Type": "Aggregate", "Strategy": "Plain", "Partial Mode": "Simple", "Parallel Aware": false, "Async Capable": false, "Startup Cost": 30000949544.92, "Total Cost": 30000949544.93, "Plan Rows": 1, "Plan Width": 8, "Actual Rows": 1, "Actual Loops": 1, "Plans": [{"Node Type": "Hash Join", "Parent Relationship": "Outer", "Parallel Aware": false, "Async Capable": false, "Join Type": "Inner", "Startup Cost": 30000003707.72, "Total Cost": 30000949544.64, "Plan Rows": 112, "Plan Width": 0, "Actual Rows": 8224, "Actual Loops": 1, "Inner Unique": true, "Hash Cond": "(store_sales.ss_sold_date_sk = date_dim.d_date_sk)", "Plans": [{"Node Type": "Nested Loop", "Parent Relationship": "Outer", "Parallel Aware": false, "Async Capable": false, "Join Type": "Inner", "Startup Cost": 20000000011.07, "Total Cost": 20000945133.43, "Plan Rows": 272198, "Plan Width": 4, "Actual Rows": 272081, "Actual Loops": 1, "Inner Unique": false, "Plans": [{"Node Type": "Index Scan", "Parent Relationship": "Outer", "Parallel Aware": false, "Async Capable": false, "Scan Direction": "Forward", "Index Name": "item_pkey", "Relation Name": "item", "Alias": "item", "Startup Cost": 10000000000.29, "Total Cost": 10000009977.8, "Plan Rows": 964, "Plan Width": 4, "Actual Rows": 964, "Actual Loops": 1, "Filter": "(i_manager_id = 49)", "Rows Removed by Filter": 101036}, {"Node Type": "Bitmap Heap Scan", "Parent Relationship": "Inner", "Parallel Aware": false, "Async Capable": false, "Relation Name": "store_sales", "Alias": "store_sales", "Startup Cost": 10.78, "Total Cost": 966.97, "Plan Rows": 311, "Plan Width": 8, "Actual Rows": 282, "Actual Loops": 964, "Recheck Cond": "(ss_item_sk = item.i_item_sk)", "Rows Removed by Index Recheck": 0, "Exact Heap Blocks": 271998, "Lossy Heap Blocks": 0, "Plans": [{"Node Type": "Bitmap Index Scan", "Parent Relationship": "Outer", "Parallel Aware": false, "Async Capable": false, "Index Name": "store_sales_pkey", "Startup Cost": 0.0, "Total Cost": 10.7, "Plan Rows": 311, "Plan Width": 0, "Actual Rows": 282, "Actual Loops": 964, "Index Cond": "(ss_item_sk = item.i_item_sk)"}]}]}, {"Node Type": "Hash", "Parent Relationship": "Inner", "Parallel Aware": false, "Async Capable": false, "Startup Cost": 10000003696.27, "Total Cost": 10000003696.27, "Plan Rows": 30, "Plan Width": 4, "Actual Rows": 30, "Actual Loops": 1, "Hash Buckets": 1024, "Original Hash Buckets": 1024, "Hash Batches": 1, "Original Hash Batches": 1, "Peak Memory Usage": 10, "Plans": [{"Node Type": "Index Scan", "Parent Relationship": "Outer", "Parallel Aware": false, "Async Capable": false, "Scan Direction": "Forward", "Index Name": "date_dim_pkey", "Relation Name": "date_dim", "Alias": "date_dim", "Startup Cost": 10000000000.29, "Total Cost": 10000003696.27, "Plan Rows": 30, "Plan Width": 4, "Actual Rows": 30, "Actual Loops": 1, "Filter": "((d_moy = 11) AND (d_year = 1999))", "Rows Removed by Filter": 73019}]}]}]}, "Planning Time": 0.838, "Triggers": [], "Execution Time": 2690.899}, {"Plan": {"Node Type": "Aggregate", "Strategy": "Plain", "Partial Mode": "Finalize", "Parallel Aware": false, "Async Capable": false, "Startup Cost": 2736590.57, "Total Cost": 2736590.58, "Plan Rows": 1, "Plan Width": 8, "Plans": [{"Node Type": "Gather", "Parent Relationship": "Outer", "Parallel Aware": false, "Async Capable": false, "Startup Cost": 2736589.95, "Total Cost": 2736590.56, "Plan Rows": 6, "Plan Width": 8, "Workers Planned": 6, "Single Copy": false, "Plans": [{"Node Type": "Aggregate", "Strategy": "Plain", "Partial Mode": "Partial", "Parent Relationship": "Outer", "Parallel Aware": false, "Async Capable": false, "Startup Cost": 2735589.95, "Total Cost": 2735589.96, "Plan Rows": 1, "Plan Width": 8, "Plans": [{"Node Type": "Hash Join", "Parent Relationship": "Outer", "Parallel Aware": true, "Async Capable": false, "Join Type": "Inner", "Startup Cost": 12484.83, "Total Cost": 2735589.9, "Plan Rows": 19, "Plan Width": 0, "Inner Unique": true, "Hash Cond": "(store_sales.ss_item_sk = item.i_item_sk)", "Plans": [{"Node Type": "Hash Join", "Parent Relationship": "Outer", "Parallel Aware": true, "Async Capable": false, "Join Type": "Inner", "Startup Cost": 3245.75, "Total Cost": 2726345.65, "Plan Rows": 1971, "Plan Width": 4, "Inner Unique": true, "Hash Cond": "(store_sales.ss_sold_date_sk = date_dim.d_date_sk)", "Plans": [{"Node Type": "Index Scan", "Parent Relationship": "Outer", "Parallel Aware": true, "Async Capable": false, "Scan Direction": "Forward", "Index Name": "store_sales_pkey", "Relation Name": "store_sales", "Alias": "store_sales", "Startup Cost": 0.44, "Total Cost": 2710499.19, "Plan Rows": 4800169, "Plan Width": 8}, {"Node Type": "Hash", "Parent Relationship": "Inner", "Parallel Aware": true, "Async Capable": false, "Startup Cost": 3245.09, "Total Cost": 3245.09, "Plan Rows": 18, "Plan Width": 4, "Plans": [{"Node Type": "Index Scan", "Parent Relationship": "Outer", "Parallel Aware": true, "Async Capable": false, "Scan Direction": "Forward", "Index Name": "date_dim_pkey", "Relation Name": "date_dim", "Alias": "date_dim", "Startup Cost": 0.29, "Total Cost": 3245.09, "Plan Rows": 18, "Plan Width": 4, "Filter": "((d_moy = 11) AND (d_year = 1999))"}]}]}, {"Node Type": "Hash", "Parent Relationship": "Inner", "Parallel Aware": true, "Async Capable": false, "Startup Cost": 9234.05, "Total Cost": 9234.05, "Plan Rows": 402, "Plan Width": 4, "Plans": [{"Node Type": "Index Scan", "Parent Relationship": "Outer", "Parallel Aware": true, "Async Capable": false, "Scan Direction": "Forward", "Index Name": "item_pkey", "Relation Name": "item", "Alias": "item", "Startup Cost": 0.29, "Total Cost": 9234.05, "Plan Rows": 402, "Plan Width": 4, "Filter": "(i_manager_id = 49)"}]}]}]}]}]}}, {"Plan": {"Node Type": "Aggregate", "Strategy": "Plain", "Partial Mode": "Finalize", "Parallel Aware": false, "Async Capable": false, "Startup Cost": 403616.27, "Total Cost": 403616.28, "Plan Rows": 1, "Plan Width": 8, "Actual Rows": 1, "Actual Loops": 1, "Plans": [{"Node Type": "Gather", "Parent Relationship": "Outer", "Parallel Aware": false, "Async Capable": false, "Startup Cost": 403616.05, "Total Cost": 403616.26, "Plan Rows": 2, "Plan Width": 8, "Actual Rows": 3, "Actual Loops": 1, "Workers Planned": 2, "Workers Launched": 2, "Single Copy": false, "Plans": [{"Node Type": "Aggregate", "Strategy": "Plain", "Partial Mode": "Partial", "Parent Relationship": "Outer", "Parallel Aware": false, "Async Capable": false, "Startup Cost": 402616.05, "Total Cost": 402616.06, "Plan Rows": 1, "Plan Width": 8, "Actual Rows": 1, "Actual Loops": 3, "Workers": [], "Plans": [{"Node Type": "Nested Loop", "Parent Relationship": "Outer", "Parallel Aware": false, "Async Capable": false, "Join Type": "Inner", "Startup Cost": 11.38, "Total Cost": 402615.94, "Plan Rows": 47, "Plan Width": 0, "Actual Rows": 2741, "Actual Loops": 3, "Inner Unique": true, "Workers": [], "Plans": [{"Node Type": "Nested Loop", "Parent Relationship": "Outer", "Parallel Aware": false, "Async Capable": false, "Join Type": "Inner", "Startup Cost": 11.07, "Total Cost": 399205.59, "Plan Rows": 113416, "Plan Width": 4, "Actual Rows": 90694, "Actual Loops": 3, "Inner Unique": false, "Workers": [], "Plans": [{"Node Type": "Index Scan", "Parent Relationship": "Outer", "Parallel Aware": true, "Async Capable": false, "Scan Direction": "Forward", "Index Name": "item_pkey", "Relation Name": "item", "Alias": "item", "Startup Cost": 0.29, "Total Cost": 9234.05, "Plan Rows": 402, "Plan Width": 4, "Actual Rows": 321, "Actual Loops": 3, "Filter": "(i_manager_id = 49)", "Rows Removed by Filter": 33679, "Workers": []}, {"Node Type": "Bitmap Heap Scan", "Parent Relationship": "Inner", "Parallel Aware": false, "Async Capable": false, "Relation Name": "store_sales", "Alias": "store_sales", "Startup Cost": 10.78, "Total Cost": 966.97, "Plan Rows": 311, "Plan Width": 8, "Actual Rows": 282, "Actual Loops": 964, "Recheck Cond": "(ss_item_sk = item.i_item_sk)", "Rows Removed by Index Recheck": 0, "Exact Heap Blocks": 124733, "Lossy Heap Blocks": 0, "Workers": [], "Plans": [{"Node Type": "Bitmap Index Scan", "Parent Relationship": "Outer", "Parallel Aware": false, "Async Capable": false, "Index Name": "store_sales_pkey", "Startup Cost": 0.0, "Total Cost": 10.7, "Plan Rows": 311, "Plan Width": 0, "Actual Rows": 282, "Actual Loops": 964, "Index Cond": "(ss_item_sk = item.i_item_sk)", "Workers": []}]}]}, {"Node Type": "Memoize", "Parent Relationship": "Inner", "Parallel Aware": false, "Async Capable": false, "Startup Cost": 0.3, "Total Cost": 0.33, "Plan Rows": 1, "Plan Width": 4, "Actual Rows": 0, "Actual Loops": 272081, "Cache Key": "store_sales.ss_sold_date_sk", "Cache Mode": "logical", "Cache Hits": 122949, "Cache Misses": 1824, "Cache Evictions": 0, "Cache Overflows": 0, "Peak Memory Usage": 123, "Workers": [{"Worker Number": 0, "Cache Hits": 68059, "Cache Misses": 1824, "Cache Evictions": 0, "Cache Overflows": 0, "Peak Memory Usage": 123}, {"Worker Number": 1, "Cache Hits": 75601, "Cache Misses": 1824, "Cache Evictions": 0, "Cache Overflows": 0, "Peak Memory Usage": 123}], "Plans": [{"Node Type": "Index Scan", "Parent Relationship": "Outer", "Parallel Aware": false, "Async Capable": false, "Scan Direction": "Forward", "Index Name": "date_dim_pkey", "Relation Name": "date_dim", "Alias": "date_dim", "Startup Cost": 0.29, "Total Cost": 0.32, "Plan Rows": 1, "Plan Width": 4, "Actual Rows": 0, "Actual Loops": 5472, "Index Cond": "(d_date_sk = store_sales.ss_sold_date_sk)", "Rows Removed by Index Recheck": 0, "Filter": "((d_moy = 11) AND (d_year = 1999))", "Rows Removed by Filter": 1, "Workers": []}]}]}]}]}]}, "Planning Time": 1.731, "Triggers": [], "Execution Time": 1052.383}, {"Plan": {"Node Type": "Aggregate", "Strategy": "Plain", "Partial Mode": "Finalize", "Parallel Aware": false, "Async Capable": false, "Startup Cost": 588705.73, "Total Cost": 588705.74, "Plan Rows": 1, "Plan Width": 8, "Actual Rows": 1, "Actual Loops": 1, "Plans": [{"Node Type": "Gather", "Parent Relationship": "Outer", "Parallel Aware": false, "Async Capable": false, "Startup Cost": 588705.11, "Total Cost": 588705.72, "Plan Rows": 6, "Plan Width": 8, "Actual Rows": 7, "Actual Loops": 1, "Workers Planned": 6, "Workers Launched": 6, "Single Copy": false, "Plans": [{"Node Type": "Aggregate", "Strategy": "Plain", "Partial Mode": "Partial", "Parent Relationship": "Outer", "Parallel Aware": false, "Async Capable": false, "Startup Cost": 587705.11, "Total Cost": 587705.12, "Plan Rows": 1, "Plan Width": 8, "Actual Rows": 1, "Actual Loops": 7, "Workers": [], "Plans": [{"Node Type": "Hash Join", "Parent Relationship": "Outer", "Parallel Aware": true, "Async Capable": false, "Join Type": "Inner", "Startup Cost": 9649.05, "Total Cost": 587705.06, "Plan Rows": 19, "Plan Width": 0, "Actual Rows": 1175, "Actual Loops": 7, "Inner Unique": true, "Hash Cond": "(store_sales.ss_item_sk = item.i_item_sk)", "Workers": [], "Plans": [{"Node Type": "Hash Join", "Parent Relationship": "Outer", "Parallel Aware": true, "Async Capable": false, "Join Type": "Inner", "Startup Cost": 2068.78, "Total Cost": 580119.61, "Plan Rows": 1971, "Plan Width": 4, "Actual Rows": 125684, "Actual Loops": 7, "Inner Unique": true, "Hash Cond": "(store_sales.ss_sold_date_sk = date_dim.d_date_sk)", "Workers": [], "Plans": [{"Node Type": "Seq Scan", "Parent Relationship": "Outer", "Parallel Aware": true, "Async Capable": false, "Relation Name": "store_sales", "Alias": "store_sales", "Startup Cost": 0.0, "Total Cost": 565449.69, "Plan Rows": 4800169, "Plan Width": 8, "Actual Rows": 4114427, "Actual Loops": 7, "Workers": []}, {"Node Type": "Hash", "Parent Relationship": "Inner", "Parallel Aware": true, "Async Capable": false, "Startup Cost": 2068.55, "Total Cost": 2068.55, "Plan Rows": 18, "Plan Width": 4, "Actual Rows": 4, "Actual Loops": 7, "Hash Buckets": 1024, "Original Hash Buckets": 1024, "Hash Batches": 1, "Original Hash Batches": 1, "Peak Memory Usage": 40, "Workers": [], "Plans": [{"Node Type": "Seq Scan", "Parent Relationship": "Outer", "Parallel Aware": true, "Async Capable": false, "Relation Name": "date_dim", "Alias": "date_dim", "Startup Cost": 0.0, "Total Cost": 2068.55, "Plan Rows": 18, "Plan Width": 4, "Actual Rows": 4, "Actual Loops": 7, "Filter": "((d_moy = 11) AND (d_year = 1999))", "Rows Removed by Filter": 10431, "Workers": []}]}]}, {"Node Type": "Hash", "Parent Relationship": "Inner", "Parallel Aware": true, "Async Capable": false, "Startup Cost": 7575.25, "Total Cost": 7575.25, "Plan Rows": 402, "Plan Width": 4, "Actual Rows": 138, "Actual Loops": 7, "Hash Buckets": 1024, "Original Hash Buckets": 1024, "Hash Batches": 1, "Original Hash Batches": 1, "Peak Memory Usage": 232, "Workers": [], "Plans": [{"Node Type": "Seq Scan", "Parent Relationship": "Outer", "Parallel Aware": true, "Async Capable": false, "Relation Name": "item", "Alias": "item", "Startup Cost": 0.0, "Total Cost": 7575.25, "Plan Rows": 402, "Plan Width": 4, "Actual Rows": 138, "Actual Loops": 7, "Filter": "(i_manager_id = 49)", "Rows Removed by Filter": 14434, "Workers": []}]}]}]}]}]}, "Planning Time": 1.706, "Triggers": [], "Execution Time": 855.383}, {"Plan": {"Node Type": "Aggregate", "Strategy": "Plain", "Partial Mode": "Simple", "Parallel Aware": false, "Async Capable": false, "Startup Cost": 10000959814.1, "Total Cost": 10000959814.11, "Plan Rows": 1, "Plan Width": 8, "Actual Rows": 1, "Actual Loops": 1, "Plans": [{"Node Type": "Nested Loop", "Parent Relationship": "Outer", "Parallel Aware": false, "Async Capable": false, "Join Type": "Inner", "Startup Cost": 10000000011.38, "Total Cost": 10000959813.82, "Plan Rows": 112, "Plan Width": 0, "Actual Rows": 8224, "Actual Loops": 1, "Inner Unique": true, "Plans": [{"Node Type": "Nested Loop", "Parent Relationship": "Outer", "Parallel Aware": false, "Async Capable": false, "Join Type": "Inner", "Startup Cost": 10000000011.07, "Total Cost": 10000945133.43, "Plan Rows": 272198, "Plan Width": 4, "Actual Rows": 272081, "Actual Loops": 1, "Inner Unique": false, "Plans": [{"Node Type": "Index Scan", "Parent Relationship": "Outer", "Parallel Aware": false, "Async Capable": false, "Scan Direction": "Forward", "Index Name": "item_pkey", "Relation Name": "item", "Alias": "item", "Startup Cost": 10000000000.29, "Total Cost": 10000009977.8, "Plan Rows": 964, "Plan Width": 4, "Actual Rows": 964, "Actual Loops": 1, "Filter": "(i_manager_id = 49)", "Rows Removed by Filter": 101036}, {"Node Type": "Bitmap Heap Scan", "Parent Relationship": "Inner", "Parallel Aware": false, "Async Capable": false, "Relation Name": "store_sales", "Alias": "store_sales", "Startup Cost": 10.78, "Total Cost": 966.97, "Plan Rows": 311, "Plan Width": 8, "Actual Rows": 282, "Actual Loops": 964, "Recheck Cond": "(ss_item_sk = item.i_item_sk)", "Rows Removed by Index Recheck": 0, "Exact Heap Blocks": 271998, "Lossy Heap Blocks": 0, "Plans": [{"Node Type": "Bitmap Index Scan", "Parent Relationship": "Outer", "Parallel Aware": false, "Async Capable": false, "Index Name": "store_sales_pkey", "Startup Cost": 0.0, "Total Cost": 10.7, "Plan Rows": 311, "Plan Width": 0, "Actual Rows": 282, "Actual Loops": 964, "Index Cond": "(ss_item_sk = item.i_item_sk)"}]}]}, {"Node Type": "Memoize", "Parent Relationship": "Inner", "Parallel Aware": false, "Async Capable": false, "Startup Cost": 0.31, "Total Cost": 4.33, "Plan Rows": 1, "Plan Width": 4, "Actual Rows": 0, "Actual Loops": 272081, "Cache Key": "store_sales.ss_sold_date_sk", "Cache Mode": "logical", "Cache Hits": 270257, "Cache Misses": 1824, "Cache Evictions": 0, "Cache Overflows": 0, "Peak Memory Usage": 123, "Plans": [{"Node Type": "Bitmap Heap Scan", "Parent Relationship": "Outer", "Parallel Aware": false, "Async Capable": false, "Relation Name": "date_dim", "Alias": "date_dim", "Startup Cost": 0.3, "Total Cost": 4.32, "Plan Rows": 1, "Plan Width": 4, "Actual Rows": 0, "Actual Loops": 1824, "Recheck Cond": "(d_date_sk = store_sales.ss_sold_date_sk)", "Rows Removed by Index Recheck": 0, "Filter": "((d_moy = 11) AND (d_year = 1999))", "Rows Removed by Filter": 1, "Exact Heap Blocks": 1823, "Lossy Heap Blocks": 0, "Plans": [{"Node Type": "Bitmap Index Scan", "Parent Relationship": "Outer", "Parallel Aware": false, "Async Capable": false, "Index Name": "date_dim_pkey", "Startup Cost": 0.0, "Total Cost": 0.3, "Plan Rows": 1, "Plan Width": 0, "Actual Rows": 1, "Actual Loops": 1824, "Index Cond": "(d_date_sk = store_sales.ss_sold_date_sk)"}]}]}]}]}, "Planning Time": 1.197, "Triggers": [], "Execution Time": 2706.07}, {"Plan": {"Node Type": "Aggregate", "Strategy": "Plain", "Partial Mode": "Finalize", "Parallel Aware": false, "Async Capable": false, "Startup Cost": 2739518.39, "Total Cost": 2739518.4, "Plan Rows": 1, "Plan Width": 8, "Plans": [{"Node Type": "Gather", "Parent Relationship": "Outer", "Parallel Aware": false, "Async Capable": false, "Startup Cost": 2739517.77, "Total Cost": 2739518.38, "Plan Rows": 6, "Plan Width": 8, "Workers Planned": 6, "Single Copy": false, "Plans": [{"Node Type": "Aggregate", "Strategy": "Plain", "Partial Mode": "Partial", "Parent Relationship": "Outer", "Parallel Aware": false, "Async Capable": false, "Startup Cost": 2738517.77, "Total Cost": 2738517.78, "Plan Rows": 1, "Plan Width": 8, "Plans": [{"Node Type": "Merge Join", "Parent Relationship": "Outer", "Parallel Aware": false, "Async Capable": false, "Join Type": "Inner", "Startup Cost": 2738290.71, "Total Cost": 2738517.72, "Plan Rows": 19, "Plan Width": 0, "Inner Unique": true, "Merge Cond": "(store_sales.ss_sold_date_sk = date_dim.d_date_sk)", "Plans": [{"Node Type": "Sort", "Parent Relationship": "Outer", "Parallel Aware": false, "Async Capable": false, "Startup Cost": 2736442.39, "Total Cost": 2736555.81, "Plan Rows": 45366, "Plan Width": 4, "Sort Key": ["store_sales.ss_sold_date_sk"], "Plans": [{"Node Type": "Merge Join", "Parent Relationship": "Outer", "Parallel Aware": false, "Async Capable": false, "Join Type": "Inner", "Startup Cost": 0.73, "Total Cost": 2732933.49, "Plan Rows": 45366, "Plan Width": 4, "Inner Unique": true, "Merge Cond": "(store_sales.ss_item_sk = item.i_item_sk)", "Plans": [{"Node Type": "Index Scan", "Parent Relationship": "Outer", "Parallel Aware": true, "Async Capable": false, "Scan Direction": "Forward", "Index Name": "store_sales_pkey", "Relation Name": "store_sales", "Alias": "store_sales", "Startup Cost": 0.44, "Total Cost": 2710499.19, "Plan Rows": 4800169, "Plan Width": 8}, {"Node Type": "Index Scan", "Parent Relationship": "Inner", "Parallel Aware": false, "Async Capable": false, "Scan Direction": "Forward", "Index Name": "item_pkey", "Relation Name": "item", "Alias": "item", "Startup Cost": 0.29, "Total Cost": 9977.8, "Plan Rows": 964, "Plan Width": 4, "Filter": "(i_manager_id = 49)"}]}]}, {"Node Type": "Index Scan", "Parent Relationship": "Inner", "Parallel Aware": false, "Async Capable": false, "Scan Direction": "Forward", "Index Name": "date_dim_pkey", "Relation Name": "date_dim", "Alias": "date_dim", "Startup Cost": 0.29, "Total Cost": 3696.27, "Plan Rows": 30, "Plan Width": 4, "Filter": "((d_moy = 11) AND (d_year = 1999))"}]}]}]}]}}, {"Plan": {"Node Type": "Aggregate", "Strategy": "Plain", "Partial Mode": "Finalize", "Parallel Aware": false, "Async Capable": false, "Startup Cost": 401957.47, "Total Cost": 401957.48, "Plan Rows": 1, "Plan Width": 8, "Actual Rows": 1, "Actual Loops": 1, "Plans": [{"Node Type": "Gather", "Parent Relationship": "Outer", "Parallel Aware": false, "Async Capable": false, "Startup Cost": 401957.25, "Total Cost": 401957.46, "Plan Rows": 2, "Plan Width": 8, "Actual Rows": 3, "Actual Loops": 1, "Workers Planned": 2, "Workers Launched": 2, "Single Copy": false, "Plans": [{"Node Type": "Aggregate", "Strategy": "Plain", "Partial Mode": "Partial", "Parent Relationship": "Outer", "Parallel Aware": false, "Async Capable": false, "Startup Cost": 400957.25, "Total Cost": 400957.26, "Plan Rows": 1, "Plan Width": 8, "Actual Rows": 1, "Actual Loops": 3, "Workers": [], "Plans": [{"Node Type": "Nested Loop", "Parent Relationship": "Outer", "Parallel Aware": false, "Async Capable": false, "Join Type": "Inner", "Startup Cost": 11.08, "Total Cost": 400957.14, "Plan Rows": 47, "Plan Width": 0, "Actual Rows": 2741, "Actual Loops": 3, "Inner Unique": true, "Workers": [], "Plans": [{"Node Type": "Nested Loop", "Parent Relationship": "Outer", "Parallel Aware": false, "Async Capable": false, "Join Type": "Inner", "Startup Cost": 10.78, "Total Cost": 397546.79, "Plan Rows": 113416, "Plan Width": 4, "Actual Rows": 90694, "Actual Loops": 3, "Inner Unique": false, "Workers": [], "Plans": [{"Node Type": "Seq Scan", "Parent Relationship": "Outer", "Parallel Aware": true, "Async Capable": false, "Relation Name": "item", "Alias": "item", "Startup Cost": 0.0, "Total Cost": 7575.25, "Plan Rows": 402, "Plan Width": 4, "Actual Rows": 321, "Actual Loops": 3, "Filter": "(i_manager_id = 49)", "Rows Removed by Filter": 33679, "Workers": []}, {"Node Type": "Bitmap Heap Scan", "Parent Relationship": "Inner", "Parallel Aware": false, "Async Capable": false, "Relation Name": "store_sales", "Alias": "store_sales", "Startup Cost": 10.78, "Total Cost": 966.97, "Plan Rows": 311, "Plan Width": 8, "Actual Rows": 282, "Actual Loops": 964, "Recheck Cond": "(ss_item_sk = item.i_item_sk)", "Rows Removed by Index Recheck": 0, "Exact Heap Blocks": 125327, "Lossy Heap Blocks": 0, "Workers": [], "Plans": [{"Node Type": "Bitmap Index Scan", "Parent Relationship": "Outer", "Parallel Aware": false, "Async Capable": false, "Index Name": "store_sales_pkey", "Startup Cost": 0.0, "Total Cost": 10.7, "Plan Rows": 311, "Plan Width": 0, "Actual Rows": 282, "Actual Loops": 964, "Index Cond": "(ss_item_sk = item.i_item_sk)", "Workers": []}]}]}, {"Node Type": "Memoize", "Parent Relationship": "Inner", "Parallel Aware": false, "Async Capable": false, "Startup Cost": 0.3, "Total Cost": 0.33, "Plan Rows": 1, "Plan Width": 4, "Actual Rows": 0, "Actual Loops": 272081, "Cache Key": "store_sales.ss_sold_date_sk", "Cache Mode": "logical", "Cache Hits": 123546, "Cache Misses": 1824, "Cache Evictions": 0, "Cache Overflows": 0, "Peak Memory Usage": 123, "Workers": [{"Worker Number": 0, "Cache Hits": 67985, "Cache Misses": 1824, "Cache Evictions": 0, "Cache Overflows": 0, "Peak Memory Usage": 123}, {"Worker Number": 1, "Cache Hits": 75078, "Cache Misses": 1824, "Cache Evictions": 0, "Cache Overflows": 0, "Peak Memory Usage": 123}], "Plans": [{"Node Type": "Index Scan", "Parent Relationship": "Outer", "Parallel Aware": false, "Async Capable": false, "Scan Direction": "Forward", "Index Name": "date_dim_pkey", "Relation Name": "date_dim", "Alias": "date_dim", "Startup Cost": 0.29, "Total Cost": 0.32, "Plan Rows": 1, "Plan Width": 4, "Actual Rows": 0, "Actual Loops": 5472, "Index Cond": "(d_date_sk = store_sales.ss_sold_date_sk)", "Rows Removed by Index Recheck": 0, "Filter": "((d_moy = 11) AND (d_year = 1999))", "Rows Removed by Filter": 1, "Workers": []}]}]}]}]}]}, "Planning Time": 1.831, "Triggers": [], "Execution Time": 1050.632}, {"Plan": {"Node Type": "Aggregate", "Strategy": "Plain", "Partial Mode": "Finalize", "Parallel Aware": false, "Async Capable": false, "Startup Cost": 1134170.53, "Total Cost": 1134170.54, "Plan Rows": 1, "Plan Width": 8, "Actual Rows": 1, "Actual Loops": 1, "Plans": [{"Node Type": "Gather", "Parent Relationship": "Outer", "Parallel Aware": false, "Async Capable": false, "Startup Cost": 1134169.91, "Total Cost": 1134170.52, "Plan Rows": 6, "Plan Width": 8, "Actual Rows": 7, "Actual Loops": 1, "Workers Planned": 6, "Workers Launched": 6, "Single Copy": false, "Plans": [{"Node Type": "Aggregate", "Strategy": "Plain", "Partial Mode": "Partial", "Parent Relationship": "Outer", "Parallel Aware": false, "Async Capable": false, "Startup Cost": 1133169.91, "Total Cost": 1133169.92, "Plan Rows": 1, "Plan Width": 8, "Actual Rows": 1, "Actual Loops": 7, "Workers": [], "Plans": [{"Node Type": "Merge Join", "Parent Relationship": "Outer", "Parallel Aware": false, "Async Capable": false, "Join Type": "Inner", "Startup Cost": 1133155.0, "Total Cost": 1133169.86, "Plan Rows": 19, "Plan Width": 0, "Actual Rows": 1175, "Actual Loops": 7, "Inner Unique": true, "Merge Cond": "(store_sales.ss_item_sk = item.i_item_sk)", "Workers": [], "Plans": [{"Node Type": "Sort", "Parent Relationship": "Outer", "Parallel Aware": false, "Async Capable": false, "Startup Cost": 1124788.22, "Total Cost": 1124793.14, "Plan Rows": 1971, "Plan Width": 4, "Actual Rows": 125660, "Actual Loops": 7, "Sort Key": ["store_sales.ss_item_sk"], "Sort Method": "quicksort", "Sort Space Used": 3073, "Sort Space Type": "Memory", "Workers": [{"Worker Number": 0, "Sort Method": "quicksort", "Sort Space Used": 3073, "Sort Space Type": "Memory"}, {"Worker Number": 1, "Sort Method": "quicksort", "Sort Space Used": 6145, "Sort Space Type": "Memory"}, {"Worker Number": 2, "Sort Method": "quicksort", "Sort Space Used": 6145, "Sort Space Type": "Memory"}, {"Worker Number": 3, "Sort Method": "quicksort", "Sort Space Used": 6145, "Sort Space Type": "Memory"}, {"Worker Number": 4, "Sort Method": "quicksort", "Sort Space Used": 3073, "Sort Space Type": "Memory"}, {"Worker Number": 5, "Sort Method": "quicksort", "Sort Space Used": 6145, "Sort Space Type": "Memory"}], "Plans": [{"Node Type": "Merge Join", "Parent Relationship": "Outer", "Parallel Aware": false, "Async Capable": false, "Join Type": "Inner", "Startup Cost": 1100660.68, "Total Cost": 1124680.36, "Plan Rows": 1971, "Plan Width": 4, "Actual Rows": 125684, "Actual Loops": 7, "Inner Unique": true, "Merge Cond": "(store_sales.ss_sold_date_sk = date_dim.d_date_sk)", "Workers": [], "Plans": [{"Node Type": "Sort", "Parent Relationship": "Outer", "Parallel Aware": false, "Async Capable": false, "Startup Cost": 1098140.13, "Total Cost": 1110140.56, "Plan Rows": 4800169, "Plan Width": 8, "Actual Rows": 1430893, "Actual Loops": 7, "Sort Key": ["store_sales.ss_sold_date_sk"], "Sort Method": "external merge", "Sort Space Used": 67232, "Sort Space Type": "Disk", "Workers": [{"Worker Number": 0, "Sort Method": "external merge", "Sort Space Used": 61880, "Sort Space Type": "Disk"}, {"Worker Number": 1, "Sort Method": "external merge", "Sort Space Used": 77312, "Sort Space Type": "Disk"}, {"Worker Number": 2, "Sort Method": "external merge", "Sort Space Used": 77288, "Sort Space Type": "Disk"}, {"Worker Number": 3, "Sort Method": "external merge", "Sort Space Used": 78648, "Sort Space Type": "Disk"}, {"Worker Number": 4, "Sort Method": "external merge", "Sort Space Used": 61864, "Sort Space Type": "Disk"}, {"Worker Number": 5, "Sort Method": "external merge", "Sort Space Used": 78032, "Sort Space Type": "Disk"}], "Plans": [{"Node Type": "Seq Scan", "Parent Relationship": "Outer", "Parallel Aware": true, "Async Capable": false, "Relation Name": "store_sales", "Alias": "store_sales", "Startup Cost": 0.0, "Total Cost": 565449.69, "Plan Rows": 4800169, "Plan Width": 8, "Actual Rows": 4114427, "Actual Loops": 7, "Workers": []}]}, {"Node Type": "Sort", "Parent Relationship": "Inner", "Parallel Aware": false, "Async Capable": false, "Startup Cost": 2520.47, "Total Cost": 2520.55, "Plan Rows": 30, "Plan Width": 4, "Actual Rows": 30, "Actual Loops": 7, "Sort Key": ["date_dim.d_date_sk"], "Sort Method": "quicksort", "Sort Space Used": 25, "Sort Space Type": "Memory", "Workers": [{"Worker Number": 0, "Sort Method": "quicksort", "Sort Space Used": 25, "Sort Space Type": "Memory"}, {"Worker Number": 1, "Sort Method": "quicksort", "Sort Space Used": 25, "Sort Space Type": "Memory"}, {"Worker Number": 2, "Sort Method": "quicksort", "Sort Space Used": 25, "Sort Space Type": "Memory"}, {"Worker Number": 3, "Sort Method": "quicksort", "Sort Space Used": 25, "Sort Space Type": "Memory"}, {"Worker Number": 4, "Sort Method": "quicksort", "Sort Space Used": 25, "Sort Space Type": "Memory"}, {"Worker Number": 5, "Sort Method": "quicksort", "Sort Space Used": 25, "Sort Space Type": "Memory"}], "Plans": [{"Node Type": "Seq Scan", "Parent Relationship": "Outer", "Parallel Aware": false, "Async Capable": false, "Relation Name": "date_dim", "Alias": "date_dim", "Startup Cost": 0.0, "Total Cost": 2519.73, "Plan Rows": 30, "Plan Width": 4, "Actual Rows": 30, "Actual Loops": 7, "Filter": "((d_moy = 11) AND (d_year = 1999))", "Rows Removed by Filter": 73019, "Workers": []}]}]}]}, {"Node Type": "Sort", "Parent Relationship": "Inner", "Parallel Aware": false, "Async Capable": false, "Startup Cost": 8366.78, "Total Cost": 8369.19, "Plan Rows": 964, "Plan Width": 4, "Actual Rows": 964, "Actual Loops": 7, "Sort Key": ["item.i_item_sk"], "Sort Method": "quicksort", "Sort Space Used": 25, "Sort Space Type": "Memory", "Workers": [{"Worker Number": 0, "Sort Method": "quicksort", "Sort Space Used": 25, "Sort Space Type": "Memory"}, {"Worker Number": 1, "Sort Method": "quicksort", "Sort Space Used": 25, "Sort Space Type": "Memory"}, {"Worker Number": 2, "Sort Method": "quicksort", "Sort Space Used": 25, "Sort Space Type": "Memory"}, {"Worker Number": 3, "Sort Method": "quicksort", "Sort Space Used": 25, "Sort Space Type": "Memory"}, {"Worker Number": 4, "Sort Method": "quicksort", "Sort Space Used": 25, "Sort Space Type": "Memory"}, {"Worker Number": 5, "Sort Method": "quicksort", "Sort Space Used": 25, "Sort Space Type": "Memory"}], "Plans": [{"Node Type": "Seq Scan", "Parent Relationship": "Outer", "Parallel Aware": false, "Async Capable": false, "Relation Name": "item", "Alias": "item", "Startup Cost": 0.0, "Total Cost": 8319.0, "Plan Rows": 964, "Plan Width": 4, "Actual Rows": 964, "Actual Loops": 7, "Filter": "(i_manager_id = 49)", "Rows Removed by Filter": 101036, "Workers": []}]}]}]}]}]}, "Planning Time": 1.195, "Triggers": [], "Execution Time": 2052.316}, {"Plan": {"Node Type": "Aggregate", "Strategy": "Plain", "Partial Mode": "Simple", "Parallel Aware": false, "Async Capable": false, "Startup Cost": 30000959814.1, "Total Cost": 30000959814.11, "Plan Rows": 1, "Plan Width": 8, "Actual Rows": 1, "Actual Loops": 1, "Plans": [{"Node Type": "Nested Loop", "Parent Relationship": "Outer", "Parallel Aware": false, "Async Capable": false, "Join Type": "Inner", "Startup Cost": 30000000011.38, "Total Cost": 30000959813.82, "Plan Rows": 112, "Plan Width": 0, "Actual Rows": 8224, "Actual Loops": 1, "Inner Unique": true, "Plans": [{"Node Type": "Nested Loop", "Parent Relationship": "Outer", "Parallel Aware": false, "Async Capable": false, "Join Type": "Inner", "Startup Cost": 20000000011.07, "Total Cost": 20000945133.43, "Plan Rows": 272198, "Plan Width": 4, "Actual Rows": 272081, "Actual Loops": 1, "Inner Unique": false, "Plans": [{"Node Type": "Index Scan", "Parent Relationship": "Outer", "Parallel Aware": false, "Async Capable": false, "Scan Direction": "Forward", "Index Name": "item_pkey", "Relation Name": "item", "Alias": "item", "Startup Cost": 10000000000.29, "Total Cost": 10000009977.8, "Plan Rows": 964, "Plan Width": 4, "Actual Rows": 964, "Actual Loops": 1, "Filter": "(i_manager_id = 49)", "Rows Removed by Filter": 101036}, {"Node Type": "Bitmap Heap Scan", "Parent Relationship": "Inner", "Parallel Aware": false, "Async Capable": false, "Relation Name": "store_sales", "Alias": "store_sales", "Startup Cost": 10.78, "Total Cost": 966.97, "Plan Rows": 311, "Plan Width": 8, "Actual Rows": 282, "Actual Loops": 964, "Recheck Cond": "(ss_item_sk = item.i_item_sk)", "Rows Removed by Index Recheck": 0, "Exact Heap Blocks": 271998, "Lossy Heap Blocks": 0, "Plans": [{"Node Type": "Bitmap Index Scan", "Parent Relationship": "Outer", "Parallel Aware": false, "Async Capable": false, "Index Name": "store_sales_pkey", "Startup Cost": 0.0, "Total Cost": 10.7, "Plan Rows": 311, "Plan Width": 0, "Actual Rows": 282, "Actual Loops": 964, "Index Cond": "(ss_item_sk = item.i_item_sk)"}]}]}, {"Node Type": "Memoize", "Parent Relationship": "Inner", "Parallel Aware": false, "Async Capable": false, "Startup Cost": 0.31, "Total Cost": 4.33, "Plan Rows": 1, "Plan Width": 4, "Actual Rows": 0, "Actual Loops": 272081, "Cache Key": "store_sales.ss_sold_date_sk", "Cache Mode": "logical", "Cache Hits": 270257, "Cache Misses": 1824, "Cache Evictions": 0, "Cache Overflows": 0, "Peak Memory Usage": 123, "Plans": [{"Node Type": "Bitmap Heap Scan", "Parent Relationship": "Outer", "Parallel Aware": false, "Async Capable": false, "Relation Name": "date_dim", "Alias": "date_dim", "Startup Cost": 0.3, "Total Cost": 4.32, "Plan Rows": 1, "Plan Width": 4, "Actual Rows": 0, "Actual Loops": 1824, "Recheck Cond": "(d_date_sk = store_sales.ss_sold_date_sk)", "Rows Removed by Index Recheck": 0, "Filter": "((d_moy = 11) AND (d_year = 1999))", "Rows Removed by Filter": 1, "Exact Heap Blocks": 1823, "Lossy Heap Blocks": 0, "Plans": [{"Node Type": "Bitmap Index Scan", "Parent Relationship": "Outer", "Parallel Aware": false, "Async Capable": false, "Index Name": "date_dim_pkey", "Startup Cost": 0.0, "Total Cost": 0.3, "Plan Rows": 1, "Plan Width": 0, "Actual Rows": 1, "Actual Loops": 1824, "Index Cond": "(d_date_sk = store_sales.ss_sold_date_sk)"}]}]}]}]}, "Planning Time": 1.446, "Triggers": [], "Execution Time": 2640.158}, {"Plan": {"Node Type": "Aggregate", "Strategy": "Plain", "Partial Mode": "Finalize", "Parallel Aware": false, "Async Capable": false, "Startup Cost": 409258.0, "Total Cost": 409258.01, "Plan Rows": 1, "Plan Width": 8, "Actual Rows": 1, "Actual Loops": 1, "Plans": [{"Node Type": "Gather", "Parent Relationship": "Outer", "Parallel Aware": false, "Async Capable": false, "Startup Cost": 409257.78, "Total Cost": 409257.99, "Plan Rows": 2, "Plan Width": 8, "Actual Rows": 3, "Actual Loops": 1, "Workers Planned": 2, "Workers Launched": 2, "Single Copy": false, "Plans": [{"Node Type": "Aggregate", "Strategy": "Plain", "Partial Mode": "Partial", "Parent Relationship": "Outer", "Parallel Aware": false, "Async Capable": false, "Startup Cost": 408257.78, "Total Cost": 408257.79, "Plan Rows": 1, "Plan Width": 8, "Actual Rows": 1, "Actual Loops": 3, "Workers": [], "Plans": [{"Node Type": "Nested Loop", "Parent Relationship": "Outer", "Parallel Aware": false, "Async Capable": false, "Join Type": "Inner", "Startup Cost": 11.09, "Total Cost": 408257.67, "Plan Rows": 47, "Plan Width": 0, "Actual Rows": 2741, "Actual Loops": 3, "Inner Unique": true, "Workers": [], "Plans": [{"Node Type": "Nested Loop", "Parent Relationship": "Outer", "Parallel Aware": false, "Async Capable": false, "Join Type": "Inner", "Startup Cost": 10.78, "Total Cost": 397546.79, "Plan Rows": 113416, "Plan Width": 4, "Actual Rows": 90694, "Actual Loops": 3, "Inner Unique": false, "Workers": [], "Plans": [{"Node Type": "Seq Scan", "Parent Relationship": "Outer", "Parallel Aware": true, "Async Capable": false, "Relation Name": "item", "Alias": "item", "Startup Cost": 0.0, "Total Cost": 7575.25, "Plan Rows": 402, "Plan Width": 4, "Actual Rows": 321, "Actual Loops": 3, "Filter": "(i_manager_id = 49)", "Rows Removed by Filter": 33679, "Workers": []}, {"Node Type": "Bitmap Heap Scan", "Parent Relationship": "Inner", "Parallel Aware": false, "Async Capable": false, "Relation Name": "store_sales", "Alias": "store_sales", "Startup Cost": 10.78, "Total Cost": 966.97, "Plan Rows": 311, "Plan Width": 8, "Actual Rows": 282, "Actual Loops": 964, "Recheck Cond": "(ss_item_sk = item.i_item_sk)", "Rows Removed by Index Recheck": 0, "Exact Heap Blocks": 124609, "Lossy Heap Blocks": 0, "Workers": [], "Plans": [{"Node Type": "Bitmap Index Scan", "Parent Relationship": "Outer", "Parallel Aware": false, "Async Capable": false, "Index Name": "store_sales_pkey", "Startup Cost": 0.0, "Total Cost": 10.7, "Plan Rows": 311, "Plan Width": 0, "Actual Rows": 282, "Actual Loops": 964, "Index Cond": "(ss_item_sk = item.i_item_sk)", "Workers": []}]}]}, {"Node Type": "Memoize", "Parent Relationship": "Inner", "Parallel Aware": false, "Async Capable": false, "Startup Cost": 0.31, "Total Cost": 4.33, "Plan Rows": 1, "Plan Width": 4, "Actual Rows": 0, "Actual Loops": 272081, "Cache Key": "store_sales.ss_sold_date_sk", "Cache Mode": "logical", "Cache Hits": 122825, "Cache Misses": 1824, "Cache Evictions": 0, "Cache Overflows": 0, "Peak Memory Usage": 123, "Workers": [{"Worker Number": 0, "Cache Hits": 67354, "Cache Misses": 1824, "Cache Evictions": 0, "Cache Overflows": 0, "Peak Memory Usage": 123}, {"Worker Number": 1, "Cache Hits": 76430, "Cache Misses": 1824, "Cache Evictions": 0, "Cache Overflows": 0, "Peak Memory Usage": 123}], "Plans": [{"Node Type": "Bitmap Heap Scan", "Parent Relationship": "Outer", "Parallel Aware": false, "Async Capable": false, "Relation Name": "date_dim", "Alias": "date_dim", "Startup Cost": 0.3, "Total Cost": 4.32, "Plan Rows": 1, "Plan Width": 4, "Actual Rows": 0, "Actual Loops": 5472, "Recheck Cond": "(d_date_sk = store_sales.ss_sold_date_sk)", "Rows Removed by Index Recheck": 0, "Filter": "((d_moy = 11) AND (d_year = 1999))", "Rows Removed by Filter": 1, "Exact Heap Blocks": 1823, "Lossy Heap Blocks": 0, "Workers": [], "Plans": [{"Node Type": "Bitmap Index Scan", "Parent Relationship": "Outer", "Parallel Aware": false, "Async Capable": false, "Index Name": "date_dim_pkey", "Startup Cost": 0.0, "Total Cost": 0.3, "Plan Rows": 1, "Plan Width": 0, "Actual Rows": 1, "Actual Loops": 5472, "Index Cond": "(d_date_sk = store_sales.ss_sold_date_sk)", "Workers": []}]}]}]}]}]}]}, "Planning Time": 1.713, "Triggers": [], "Execution Time": 1052.502}]