[{"Plan": {"Node Type": "Aggregate", "Strategy": "Plain", "Partial Mode": "Simple", "Parallel Aware": false, "Async Capable": false, "Startup Cost": 34378.02, "Total Cost": 34378.03, "Plan Rows": 1, "Plan Width": 8, "Actual Rows": 1, "Actual Loops": 1, "Plans": [{"Node Type": "Nested Loop", "Parent Relationship": "Outer", "Parallel Aware": false, "Async Capable": false, "Join Type": "Inner", "Startup Cost": 1001.57, "Total Cost": 34378.02, "Plan Rows": 1, "Plan Width": 0, "Actual Rows": 0, "Actual Loops": 1, "Inner Unique": true, "Plans": [{"Node Type": "Nested Loop", "Parent Relationship": "Outer", "Parallel Aware": false, "Async Capable": false, "Join Type": "Inner", "Startup Cost": 1001.29, "Total Cost": 34369.7, "Plan Rows": 1, "Plan Width": 4, "Actual Rows": 0, "Actual Loops": 1, "Inner Unique": true, "Plans": [{"Node Type": "Nested Loop", "Parent Relationship": "Outer", "Parallel Aware": false, "Async Capable": false, "Join Type": "Inner", "Startup Cost": 1000.86, "Total Cost": 34361.25, "Plan Rows": 1, "Plan Width": 8, "Actual Rows": 0, "Actual Loops": 1, "Inner Unique": true, "Plans": [{"Node Type": "Nested Loop", "Parent Relationship": "Outer", "Parallel Aware": false, "Async Capable": false, "Join Type": "Inner", "Startup Cost": 1000.44, "Total Cost": 34352.81, "Plan Rows": 1, "Plan Width": 12, "Actual Rows": 0, "Actual Loops": 1, "Inner Unique": true, "Plans": [{"Node Type": "Gather", "Parent Relationship": "Outer", "Parallel Aware": false, "Async Capable": false, "Startup Cost": 1000.3, "Total Cost": 34352.65, "Plan Rows": 1, "Plan Width": 16, "Actual Rows": 0, "Actual Loops": 1, "Workers Planned": 4, "Workers Launched": 4, "Single Copy": false, "Plans": [{"Node Type": "Nested Loop", "Parent Relationship": "Outer", "Parallel Aware": false, "Async Capable": false, "Join Type": "Inner", "Startup Cost": 0.3, "Total Cost": 33352.55, "Plan Rows": 1, "Plan Width": 16, "Actual Rows": 0, "Actual Loops": 5, "Inner Unique": true, "Workers": [], "Plans": [{"Node Type": "Hash Join", "Parent Relationship": "Outer", "Parallel Aware": false, "Async Capable": false, "Join Type": "Inner", "Startup Cost": 0.01, "Total Cost": 33352.23, "Plan Rows": 1, "Plan Width": 20, "Actual Rows": 0, "Actual Loops": 5, "Inner Unique": true, "Hash Cond": "(catalog_returns.cr_returning_customer_sk = customer.c_customer_sk)", "Workers": [], "Plans": [{"Node Type": "Seq Scan", "Parent Relationship": "Outer", "Parallel Aware": true, "Async Capable": false, "Relation Name": "catalog_returns", "Alias": "catalog_returns", "Startup Cost": 0.0, "Total Cost": 32407.37, "Plan Rows": 359937, "Plan Width": 12, "Actual Rows": 0, "Actual Loops": 0, "Workers": []}, {"Node Type": "Hash", "Parent Relationship": "Inner", "Parallel Aware": false, "Async Capable": false, "Startup Cost": 0.0, "Total Cost": 0.0, "Plan Rows": 1, "Plan Width": 16, "Actual Rows": 0, "Actual Loops": 5, "Hash Buckets": 1024, "Original Hash Buckets": 1024, "Hash Batches": 1, "Original Hash Batches": 1, "Peak Memory Usage": 8, "Workers": [], "Plans": [{"Node Type": "Seq Scan", "Parent Relationship": "Outer", "Parallel Aware": false, "Async Capable": false, "Relation Name": "customer", "Alias": "customer", "Startup Cost": 0.0, "Total Cost": 0.0, "Plan Rows": 1, "Plan Width": 16, "Actual Rows": 0, "Actual Loops": 5, "Workers": []}]}]}, {"Node Type": "Index Scan", "Parent Relationship": "Inner", "Parallel Aware": false, "Async Capable": false, "Scan Direction": "Forward", "Index Name": "date_dim_pkey", "Relation Name": "date_dim", "Alias": "date_dim", "Startup Cost": 0.29, "Total Cost": 0.32, "Plan Rows": 1, "Plan Width": 4, "Actual Rows": 0, "Actual Loops": 0, "Index Cond": "(d_date_sk = catalog_returns.cr_returned_date_sk)", "Rows Removed by Index Recheck": 0, "Filter": "((d_year = 2000) AND (d_moy = 11))", "Rows Removed by Filter": 0, "Workers": []}]}]}, {"Node Type": "Index Only Scan", "Parent Relationship": "Inner", "Parallel Aware": false, "Async Capable": false, "Scan Direction": "Forward", "Index Name": "call_center_pkey", "Relation Name": "call_center", "Alias": "call_center", "Startup Cost": 0.14, "Total Cost": 0.16, "Plan Rows": 1, "Plan Width": 4, "Actual Rows": 0, "Actual Loops": 0, "Index Cond": "(cc_call_center_sk = catalog_returns.cr_call_center_sk)", "Rows Removed by Index Recheck": 0, "Heap Fetches": 0}]}, {"Node Type": "Index Scan", "Parent Relationship": "Inner", "Parallel Aware": false, "Async Capable": false, "Scan Direction": "Forward", "Index Name": "customer_address_pkey", "Relation Name": "customer_address", "Alias": "customer_address", "Startup Cost": 0.42, "Total Cost": 8.44, "Plan Rows": 1, "Plan Width": 4, "Actual Rows": 0, "Actual Loops": 0, "Index Cond": "(ca_address_sk = customer.c_current_addr_sk)", "Rows Removed by Index Recheck": 0, "Filter": "(ca_gmt_offset = '-7'::numeric)", "Rows Removed by Filter": 0}]}, {"Node Type": "Index Scan", "Parent Relationship": "Inner", "Parallel Aware": false, "Async Capable": false, "Scan Direction": "Forward", "Index Name": "customer_demographics_pkey", "Relation Name": "customer_demographics", "Alias": "customer_demographics", "Startup Cost": 0.43, "Total Cost": 8.46, "Plan Rows": 1, "Plan Width": 4, "Actual Rows": 0, "Actual Loops": 0, "Index Cond": "(cd_demo_sk = customer.c_current_cdemo_sk)", "Rows Removed by Index Recheck": 0, "Filter": "(((cd_marital_status = 'M'::bpchar) AND (cd_education_status = 'Unknown'::bpchar)) OR ((cd_marital_status = 'W'::bpchar) AND (cd_education_status = 'Advanced Degree'::bpchar)))", "Rows Removed by Filter": 0}]}, {"Node Type": "Index Scan", "Parent Relationship": "Inner", "Parallel Aware": false, "Async Capable": false, "Scan Direction": "Forward", "Index Name": "household_demographics_pkey", "Relation Name": "household_demographics", "Alias": "household_demographics", "Startup Cost": 0.28, "Total Cost": 8.3, "Plan Rows": 1, "Plan Width": 4, "Actual Rows": 0, "Actual Loops": 0, "Index Cond": "(hd_demo_sk = customer.c_current_hdemo_sk)", "Rows Removed by Index Recheck": 0, "Filter": "(hd_buy_potential ~~ '501-1000%'::text)", "Rows Removed by Filter": 0}]}]}, "Planning Time": 0.817, "Triggers": [], "Execution Time": 10.635}, {"Plan": {"Node Type": "Aggregate", "Strategy": "Plain", "Partial Mode": "Simple", "Parallel Aware": false, "Async Capable": false, "Startup Cost": 70000047040.25, "Total Cost": 70000047040.26, "Plan Rows": 1, "Plan Width": 8, "Actual Rows": 1, "Actual Loops": 1, "Plans": [{"Node Type": "Nested Loop", "Parent Relationship": "Outer", "Parallel Aware": false, "Async Capable": false, "Join Type": "Inner", "Startup Cost": 70000000021.75, "Total Cost": 70000047040.25, "Plan Rows": 1, "Plan Width": 0, "Actual Rows": 0, "Actual Loops": 1, "Inner Unique": true, "Plans": [{"Node Type": "Nested Loop", "Parent Relationship": "Outer", "Parallel Aware": false, "Async Capable": false, "Join Type": "Inner", "Startup Cost": 60000000017.46, "Total Cost": 60000047031.94, "Plan Rows": 1, "Plan Width": 4, "Actual Rows": 0, "Actual Loops": 1, "Inner Unique": true, "Plans": [{"Node Type": "Nested Loop", "Parent Relationship": "Outer", "Parallel Aware": false, "Async Capable": false, "Join Type": "Inner", "Startup Cost": 50000000013.03, "Total Cost": 50000047023.48, "Plan Rows": 1, "Plan Width": 8, "Actual Rows": 0, "Actual Loops": 1, "Inner Unique": true, "Plans": [{"Node Type": "Nested Loop", "Parent Relationship": "Outer", "Parallel Aware": false, "Async Capable": false, "Join Type": "Inner", "Startup Cost": 40000000008.6, "Total Cost": 40000047015.04, "Plan Rows": 1, "Plan Width": 12, "Actual Rows": 0, "Actual Loops": 1, "Inner Unique": true, "Plans": [{"Node Type": "Nested Loop", "Parent Relationship": "Outer", "Parallel Aware": false, "Async Capable": false, "Join Type": "Inner", "Startup Cost": 30000000008.45, "Total Cost": 30000047010.56, "Plan Rows": 1, "Plan Width": 16, "Actual Rows": 0, "Actual Loops": 1, "Inner Unique": true, "Plans": [{"Node Type": "Hash Join", "Parent Relationship": "Outer", "Parallel Aware": false, "Async Capable": false, "Join Type": "Inner", "Startup Cost": 20000000008.15, "Total Cost": 20000046993.03, "Plan Rows": 4, "Plan Width": 20, "Actual Rows": 0, "Actual Loops": 1, "Inner Unique": true, "Hash Cond": "(catalog_returns.cr_returning_customer_sk = customer.c_customer_sk)", "Plans": [{"Node Type": "Seq Scan", "Parent Relationship": "Outer", "Parallel Aware": false, "Async Capable": false, "Relation Name": "catalog_returns", "Alias": "catalog_returns", "Startup Cost": 10000000000.0, "Total Cost": 10000043205.49, "Plan Rows": 1439749, "Plan Width": 12, "Actual Rows": 1, "Actual Loops": 1}, {"Node Type": "Hash", "Parent Relationship": "Inner", "Parallel Aware": false, "Async Capable": false, "Startup Cost": 10000000008.14, "Total Cost": 10000000008.14, "Plan Rows": 1, "Plan Width": 16, "Actual Rows": 0, "Actual Loops": 1, "Hash Buckets": 1024, "Original Hash Buckets": 1024, "Hash Batches": 1, "Original Hash Batches": 1, "Peak Memory Usage": 8, "Plans": [{"Node Type": "Index Scan", "Parent Relationship": "Outer", "Parallel Aware": false, "Async Capable": false, "Scan Direction": "Forward", "Index Name": "customer_pkey", "Relation Name": "customer", "Alias": "customer", "Startup Cost": 10000000000.12, "Total Cost": 10000000008.14, "Plan Rows": 1, "Plan Width": 16, "Actual Rows": 0, "Actual Loops": 1}]}]}, {"Node Type": "Bitmap Heap Scan", "Parent Relationship": "Inner", "Parallel Aware": false, "Async Capable": false, "Relation Name": "date_dim", "Alias": "date_dim", "Startup Cost": 0.3, "Total Cost": 4.32, "Plan Rows": 1, "Plan Width": 4, "Actual Rows": 0, "Actual Loops": 0, "Recheck Cond": "(d_date_sk = catalog_returns.cr_returned_date_sk)", "Rows Removed by Index Recheck": 0, "Filter": "((d_year = 2000) AND (d_moy = 11))", "Rows Removed by Filter": 0, "Exact Heap Blocks": 0, "Lossy Heap Blocks": 0, "Plans": [{"Node Type": "Bitmap Index Scan", "Parent Relationship": "Outer", "Parallel Aware": false, "Async Capable": false, "Index Name": "date_dim_pkey", "Startup Cost": 0.0, "Total Cost": 0.3, "Plan Rows": 1, "Plan Width": 0, "Actual Rows": 0, "Actual Loops": 0, "Index Cond": "(d_date_sk = catalog_returns.cr_returned_date_sk)"}]}]}, {"Node Type": "Bitmap Heap Scan", "Parent Relationship": "Inner", "Parallel Aware": false, "Async Capable": false, "Relation Name": "call_center", "Alias": "call_center", "Startup Cost": 0.15, "Total Cost": 4.16, "Plan Rows": 1, "Plan Width": 4, "Actual Rows": 0, "Actual Loops": 0, "Recheck Cond": "(cc_call_center_sk = catalog_returns.cr_call_center_sk)", "Rows Removed by Index Recheck": 0, "Exact Heap Blocks": 0, "Lossy Heap Blocks": 0, "Plans": [{"Node Type": "Bitmap Index Scan", "Parent Relationship": "Outer", "Parallel Aware": false, "Async Capable": false, "Index Name": "call_center_pkey", "Startup Cost": 0.0, "Total Cost": 0.15, "Plan Rows": 1, "Plan Width": 0, "Actual Rows": 0, "Actual Loops": 0, "Index Cond": "(cc_call_center_sk = catalog_returns.cr_call_center_sk)"}]}]}, {"Node Type": "Bitmap Heap Scan", "Parent Relationship": "Inner", "Parallel Aware": false, "Async Capable": false, "Relation Name": "customer_address", "Alias": "customer_address", "Startup Cost": 4.43, "Total Cost": 8.44, "Plan Rows": 1, "Plan Width": 4, "Actual Rows": 0, "Actual Loops": 0, "Recheck Cond": "(ca_address_sk = customer.c_current_addr_sk)", "Rows Removed by Index Recheck": 0, "Filter": "(ca_gmt_offset = '-7'::numeric)", "Rows Removed by Filter": 0, "Exact Heap Blocks": 0, "Lossy Heap Blocks": 0, "Plans": [{"Node Type": "Bitmap Index Scan", "Parent Relationship": "Outer", "Parallel Aware": false, "Async Capable": false, "Index Name": "customer_address_pkey", "Startup Cost": 0.0, "Total Cost": 4.43, "Plan Rows": 1, "Plan Width": 0, "Actual Rows": 0, "Actual Loops": 0, "Index Cond": "(ca_address_sk = customer.c_current_addr_sk)"}]}]}, {"Node Type": "Bitmap Heap Scan", "Parent Relationship": "Inner", "Parallel Aware": false, "Async Capable": false, "Relation Name": "customer_demographics", "Alias": "customer_demographics", "Startup Cost": 4.44, "Total Cost": 8.46, "Plan Rows": 1, "Plan Width": 4, "Actual Rows": 0, "Actual Loops": 0, "Recheck Cond": "(cd_demo_sk = customer.c_current_cdemo_sk)", "Rows Removed by Index Recheck": 0, "Filter": "(((cd_marital_status = 'M'::bpchar) AND (cd_education_status = 'Unknown'::bpchar)) OR ((cd_marital_status = 'W'::bpchar) AND (cd_education_status = 'Advanced Degree'::bpchar)))", "Rows Removed by Filter": 0, "Exact Heap Blocks": 0, "Lossy Heap Blocks": 0, "Plans": [{"Node Type": "Bitmap Index Scan", "Parent Relationship": "Outer", "Parallel Aware": false, "Async Capable": false, "Index Name": "customer_demographics_pkey", "Startup Cost": 0.0, "Total Cost": 4.44, "Plan Rows": 1, "Plan Width": 0, "Actual Rows": 0, "Actual Loops": 0, "Index Cond": "(cd_demo_sk = customer.c_current_cdemo_sk)"}]}]}, {"Node Type": "Bitmap Heap Scan", "Parent Relationship": "Inner", "Parallel Aware": false, "Async Capable": false, "Relation Name": "household_demographics", "Alias": "household_demographics", "Startup Cost": 4.29, "Total Cost": 8.31, "Plan Rows": 1, "Plan Width": 4, "Actual Rows": 0, "Actual Loops": 0, "Recheck Cond": "(hd_demo_sk = customer.c_current_hdemo_sk)", "Rows Removed by Index Recheck": 0, "Filter": "(hd_buy_potential ~~ '501-1000%'::text)", "Rows Removed by Filter": 0, "Exact Heap Blocks": 0, "Lossy Heap Blocks": 0, "Plans": [{"Node Type": "Bitmap Index Scan", "Parent Relationship": "Outer", "Parallel Aware": false, "Async Capable": false, "Index Name": "household_demographics_pkey", "Startup Cost": 0.0, "Total Cost": 4.29, "Plan Rows": 1, "Plan Width": 0, "Actual Rows": 0, "Actual Loops": 0, "Index Cond": "(hd_demo_sk = customer.c_current_hdemo_sk)"}]}]}]}, "Planning Time": 0.86, "Triggers": [], "Execution Time": 0.099}, {"Plan": {"Node Type": "Aggregate", "Strategy": "Plain", "Partial Mode": "Simple", "Parallel Aware": false, "Async Capable": false, "Startup Cost": 10000155052.73, "Total Cost": 10000155052.74, "Plan Rows": 1, "Plan Width": 8, "Actual Rows": 1, "Actual Loops": 1, "Plans": [{"Node Type": "Hash Join", "Parent Relationship": "Outer", "Parallel Aware": false, "Async Capable": false, "Join Type": "Inner", "Startup Cost": 10000063696.46, "Total Cost": 10000155052.73, "Plan Rows": 1, "Plan Width": 0, "Actual Rows": 0, "Actual Loops": 1, "Inner Unique": false, "Hash Cond": "(customer_demographics.cd_demo_sk = customer.c_current_cdemo_sk)", "Plans": [{"Node Type": "Index Scan", "Parent Relationship": "Outer", "Parallel Aware": false, "Async Capable": false, "Scan Direction": "Forward", "Index Name": "customer_demographics_pkey", "Relation Name": "customer_demographics", "Alias": "customer_demographics", "Startup Cost": 0.43, "Total Cost": 90951.43, "Plan Rows": 108068, "Plan Width": 4, "Actual Rows": 1, "Actual Loops": 1, "Filter": "(((cd_marital_status = 'M'::bpchar) AND (cd_education_status = 'Unknown'::bpchar)) OR ((cd_marital_status = 'W'::bpchar) AND (cd_education_status = 'Advanced Degree'::bpchar)))", "Rows Removed by Filter": 56}, {"Node Type": "Hash", "Parent Relationship": "Inner", "Parallel Aware": false, "Async Capable": false, "Startup Cost": 10000063696.02, "Total Cost": 10000063696.02, "Plan Rows": 1, "Plan Width": 4, "Actual Rows": 0, "Actual Loops": 1, "Hash Buckets": 1024, "Original Hash Buckets": 1024, "Hash Batches": 1, "Original Hash Batches": 1, "Peak Memory Usage": 8, "Plans": [{"Node Type": "Hash Join", "Parent Relationship": "Outer", "Parallel Aware": false, "Async Capable": false, "Join Type": "Inner", "Startup Cost": 10000050978.52, "Total Cost": 10000063696.02, "Plan Rows": 1, "Plan Width": 4, "Actual Rows": 0, "Actual Loops": 1, "Inner Unique": false, "Hash Cond": "(customer_address.ca_address_sk = customer.c_current_addr_sk)", "Plans": [{"Node Type": "Index Scan", "Parent Relationship": "Outer", "Parallel Aware": false, "Async Capable": false, "Scan Direction": "Forward", "Index Name": "customer_address_pkey", "Relation Name": "customer_address", "Alias": "customer_address", "Startup Cost": 0.42, "Total Cost": 12615.12, "Plan Rows": 27412, "Plan Width": 4, "Actual Rows": 1, "Actual Loops": 1, "Filter": "(ca_gmt_offset = '-7'::numeric)", "Rows Removed by Filter": 0}, {"Node Type": "Hash", "Parent Relationship": "Inner", "Parallel Aware": false, "Async Capable": false, "Startup Cost": 10000050978.09, "Total Cost": 10000050978.09, "Plan Rows": 1, "Plan Width": 8, "Actual Rows": 0, "Actual Loops": 1, "Hash Buckets": 1024, "Original Hash Buckets": 1024, "Hash Batches": 1, "Original Hash Batches": 1, "Peak Memory Usage": 8, "Plans": [{"Node Type": "Hash Join", "Parent Relationship": "Outer", "Parallel Aware": false, "Async Capable": false, "Join Type": "Inner", "Startup Cost": 10000047281.98, "Total Cost": 10000050978.09, "Plan Rows": 1, "Plan Width": 8, "Actual Rows": 0, "Actual Loops": 1, "Inner Unique": false, "Hash Cond": "(date_dim.d_date_sk = catalog_returns.cr_returned_date_sk)", "Plans": [{"Node Type": "Index Scan", "Parent Relationship": "Outer", "Parallel Aware": false, "Async Capable": false, "Scan Direction": "Forward", "Index Name": "date_dim_pkey", "Relation Name": "date_dim", "Alias": "date_dim", "Startup Cost": 0.29, "Total Cost": 3696.27, "Plan Rows": 30, "Plan Width": 4, "Actual Rows": 1, "Actual Loops": 1, "Filter": "((d_year = 2000) AND (d_moy = 11))", "Rows Removed by Filter": 36828}, {"Node Type": "Hash", "Parent Relationship": "Inner", "Parallel Aware": false, "Async Capable": false, "Startup Cost": 10000047281.68, "Total Cost": 10000047281.68, "Plan Rows": 1, "Plan Width": 12, "Actual Rows": 0, "Actual Loops": 1, "Hash Buckets": 1024, "Original Hash Buckets": 1024, "Hash Batches": 1, "Original Hash Batches": 1, "Peak Memory Usage": 8, "Plans": [{"Node Type": "Hash Join", "Parent Relationship": "Outer", "Parallel Aware": false, "Async Capable": false, "Join Type": "Inner", "Startup Cost": 10000047007.17, "Total Cost": 10000047281.68, "Plan Rows": 1, "Plan Width": 12, "Actual Rows": 0, "Actual Loops": 1, "Inner Unique": false, "Hash Cond": "(household_demographics.hd_demo_sk = customer.c_current_hdemo_sk)", "Plans": [{"Node Type": "Index Scan", "Parent Relationship": "Outer", "Parallel Aware": false, "Async Capable": false, "Scan Direction": "Forward", "Index Name": "household_demographics_pkey", "Relation Name": "household_demographics", "Alias": "household_demographics", "Startup Cost": 0.28, "Total Cost": 270.28, "Plan Rows": 1200, "Plan Width": 4, "Actual Rows": 1, "Actual Loops": 1, "Filter": "(hd_buy_potential ~~ '501-1000%'::text)", "Rows Removed by Filter": 19}, {"Node Type": "Hash", "Parent Relationship": "Inner", "Parallel Aware": false, "Async Capable": false, "Startup Cost": 10000047006.84, "Total Cost": 10000047006.84, "Plan Rows": 4, "Plan Width": 16, "Actual Rows": 0, "Actual Loops": 1, "Hash Buckets": 1024, "Original Hash Buckets": 1024, "Hash Batches": 1, "Original Hash Batches": 1, "Peak Memory Usage": 8, "Plans": [{"Node Type": "Hash Join", "Parent Relationship": "Outer", "Parallel Aware": false, "Async Capable": false, "Join Type": "Inner", "Startup Cost": 10000000021.95, "Total Cost": 10000047006.84, "Plan Rows": 4, "Plan Width": 16, "Actual Rows": 0, "Actual Loops": 1, "Inner Unique": true, "Hash Cond": "(catalog_returns.cr_call_center_sk = call_center.cc_call_center_sk)", "Plans": [{"Node Type": "Hash Join", "Parent Relationship": "Outer", "Parallel Aware": false, "Async Capable": false, "Join Type": "Inner", "Startup Cost": 10000000008.15, "Total Cost": 10000046993.03, "Plan Rows": 4, "Plan Width": 20, "Actual Rows": 0, "Actual Loops": 1, "Inner Unique": true, "Hash Cond": "(catalog_returns.cr_returning_customer_sk = customer.c_customer_sk)", "Plans": [{"Node Type": "Seq Scan", "Parent Relationship": "Outer", "Parallel Aware": false, "Async Capable": false, "Relation Name": "catalog_returns", "Alias": "catalog_returns", "Startup Cost": 10000000000.0, "Total Cost": 10000043205.49, "Plan Rows": 1439749, "Plan Width": 12, "Actual Rows": 0, "Actual Loops": 0}, {"Node Type": "Hash", "Parent Relationship": "Inner", "Parallel Aware": false, "Async Capable": false, "Startup Cost": 8.14, "Total Cost": 8.14, "Plan Rows": 1, "Plan Width": 16, "Actual Rows": 0, "Actual Loops": 1, "Hash Buckets": 1024, "Original Hash Buckets": 1024, "Hash Batches": 1, "Original Hash Batches": 1, "Peak Memory Usage": 8, "Plans": [{"Node Type": "Index Scan", "Parent Relationship": "Outer", "Parallel Aware": false, "Async Capable": false, "Scan Direction": "Forward", "Index Name": "customer_pkey", "Relation Name": "customer", "Alias": "customer", "Startup Cost": 0.12, "Total Cost": 8.14, "Plan Rows": 1, "Plan Width": 16, "Actual Rows": 0, "Actual Loops": 1}]}]}, {"Node Type": "Hash", "Parent Relationship": "Inner", "Parallel Aware": false, "Async Capable": false, "Startup Cost": 13.5, "Total Cost": 13.5, "Plan Rows": 24, "Plan Width": 4, "Actual Rows": 24, "Actual Loops": 1, "Hash Buckets": 1024, "Original Hash Buckets": 1024, "Hash Batches": 1, "Original Hash Batches": 1, "Peak Memory Usage": 9, "Plans": [{"Node Type": "Index Only Scan", "Parent Relationship": "Outer", "Parallel Aware": false, "Async Capable": false, "Scan Direction": "Forward", "Index Name": "call_center_pkey", "Relation Name": "call_center", "Alias": "call_center", "Startup Cost": 0.14, "Total Cost": 13.5, "Plan Rows": 24, "Plan Width": 4, "Actual Rows": 24, "Actual Loops": 1, "Heap Fetches": 24}]}]}]}]}]}]}]}]}]}]}]}, "Planning Time": 0.462, "Triggers": [], "Execution Time": 9.636}, {"Plan": {"Node Type": "Aggregate", "Strategy": "Plain", "Partial Mode": "Simple", "Parallel Aware": false, "Async Capable": false, "Startup Cost": 10000153157.04, "Total Cost": 10000153157.05, "Plan Rows": 1, "Plan Width": 8, "Actual Rows": 1, "Actual Loops": 1, "Plans": [{"Node Type": "Merge Join", "Parent Relationship": "Outer", "Parallel Aware": false, "Async Capable": false, "Join Type": "Inner", "Startup Cost": 10000061935.85, "Total Cost": 10000153157.04, "Plan Rows": 1, "Plan Width": 0, "Actual Rows": 0, "Actual Loops": 1, "Inner Unique": false, "Merge Cond": "(customer_demographics.cd_demo_sk = customer.c_current_cdemo_sk)", "Plans": [{"Node Type": "Index Scan", "Parent Relationship": "Outer", "Parallel Aware": false, "Async Capable": false, "Scan Direction": "Forward", "Index Name": "customer_demographics_pkey", "Relation Name": "customer_demographics", "Alias": "customer_demographics", "Startup Cost": 0.43, "Total Cost": 90951.43, "Plan Rows": 108068, "Plan Width": 4, "Actual Rows": 1, "Actual Loops": 1, "Filter": "(((cd_marital_status = 'M'::bpchar) AND (cd_education_status = 'Unknown'::bpchar)) OR ((cd_marital_status = 'W'::bpchar) AND (cd_education_status = 'Advanced Degree'::bpchar)))", "Rows Removed by Filter": 56}, {"Node Type": "Sort", "Parent Relationship": "Inner", "Parallel Aware": false, "Async Capable": false, "Startup Cost": 10000061935.42, "Total Cost": 10000061935.43, "Plan Rows": 1, "Plan Width": 4, "Actual Rows": 0, "Actual Loops": 1, "Sort Key": ["customer.c_current_cdemo_sk"], "Sort Method": "quicksort", "Sort Space Used": 25, "Sort Space Type": "Memory", "Plans": [{"Node Type": "Merge Join", "Parent Relationship": "Outer", "Parallel Aware": false, "Async Capable": false, "Join Type": "Inner", "Startup Cost": 10000049252.17, "Total Cost": 10000061935.41, "Plan Rows": 1, "Plan Width": 4, "Actual Rows": 0, "Actual Loops": 1, "Inner Unique": true, "Merge Cond": "(customer.c_current_addr_sk = customer_address.ca_address_sk)", "Plans": [{"Node Type": "Sort", "Parent Relationship": "Outer", "Parallel Aware": false, "Async Capable": false, "Startup Cost": 10000049251.75, "Total Cost": 10000049251.75, "Plan Rows": 1, "Plan Width": 8, "Actual Rows": 0, "Actual Loops": 1, "Sort Key": ["customer.c_current_addr_sk"], "Sort Method": "quicksort", "Sort Space Used": 25, "Sort Space Type": "Memory", "Plans": [{"Node Type": "Merge Join", "Parent Relationship": "Outer", "Parallel Aware": false, "Async Capable": false, "Join Type": "Inner", "Startup Cost": 10000048978.72, "Total Cost": 10000049251.74, "Plan Rows": 1, "Plan Width": 8, "Actual Rows": 0, "Actual Loops": 1, "Inner Unique": true, "Merge Cond": "(customer.c_current_hdemo_sk = household_demographics.hd_demo_sk)", "Plans": [{"Node Type": "Sort", "Parent Relationship": "Outer", "Parallel Aware": false, "Async Capable": false, "Startup Cost": 10000048978.44, "Total Cost": 10000048978.44, "Plan Rows": 1, "Plan Width": 12, "Actual Rows": 0, "Actual Loops": 1, "Sort Key": ["customer.c_current_hdemo_sk"], "Sort Method": "quicksort", "Sort Space Used": 25, "Sort Space Type": "Memory", "Plans": [{"Node Type": "Merge Join", "Parent Relationship": "Outer", "Parallel Aware": false, "Async Capable": false, "Join Type": "Inner", "Startup Cost": 10000048855.2, "Total Cost": 10000048978.43, "Plan Rows": 1, "Plan Width": 12, "Actual Rows": 0, "Actual Loops": 1, "Inner Unique": true, "Merge Cond": "(catalog_returns.cr_returned_date_sk = date_dim.d_date_sk)", "Plans": [{"Node Type": "Sort", "Parent Relationship": "Outer", "Parallel Aware": false, "Async Capable": false, "Startup Cost": 10000047006.88, "Total Cost": 10000047006.89, "Plan Rows": 4, "Plan Width": 16, "Actual Rows": 0, "Actual Loops": 1, "Sort Key": ["catalog_returns.cr_returned_date_sk"], "Sort Method": "quicksort", "Sort Space Used": 25, "Sort Space Type": "Memory", "Plans": [{"Node Type": "Hash Join", "Parent Relationship": "Outer", "Parallel Aware": false, "Async Capable": false, "Join Type": "Inner", "Startup Cost": 10000000021.95, "Total Cost": 10000047006.84, "Plan Rows": 4, "Plan Width": 16, "Actual Rows": 0, "Actual Loops": 1, "Inner Unique": true, "Hash Cond": "(catalog_returns.cr_call_center_sk = call_center.cc_call_center_sk)", "Plans": [{"Node Type": "Hash Join", "Parent Relationship": "Outer", "Parallel Aware": false, "Async Capable": false, "Join Type": "Inner", "Startup Cost": 10000000008.15, "Total Cost": 10000046993.03, "Plan Rows": 4, "Plan Width": 20, "Actual Rows": 0, "Actual Loops": 1, "Inner Unique": true, "Hash Cond": "(catalog_returns.cr_returning_customer_sk = customer.c_customer_sk)", "Plans": [{"Node Type": "Seq Scan", "Parent Relationship": "Outer", "Parallel Aware": false, "Async Capable": false, "Relation Name": "catalog_returns", "Alias": "catalog_returns", "Startup Cost": 10000000000.0, "Total Cost": 10000043205.49, "Plan Rows": 1439749, "Plan Width": 12, "Actual Rows": 0, "Actual Loops": 0}, {"Node Type": "Hash", "Parent Relationship": "Inner", "Parallel Aware": false, "Async Capable": false, "Startup Cost": 8.14, "Total Cost": 8.14, "Plan Rows": 1, "Plan Width": 16, "Actual Rows": 0, "Actual Loops": 1, "Hash Buckets": 1024, "Original Hash Buckets": 1024, "Hash Batches": 1, "Original Hash Batches": 1, "Peak Memory Usage": 8, "Plans": [{"Node Type": "Index Scan", "Parent Relationship": "Outer", "Parallel Aware": false, "Async Capable": false, "Scan Direction": "Forward", "Index Name": "customer_pkey", "Relation Name": "customer", "Alias": "customer", "Startup Cost": 0.12, "Total Cost": 8.14, "Plan Rows": 1, "Plan Width": 16, "Actual Rows": 0, "Actual Loops": 1}]}]}, {"Node Type": "Hash", "Parent Relationship": "Inner", "Parallel Aware": false, "Async Capable": false, "Startup Cost": 13.5, "Total Cost": 13.5, "Plan Rows": 24, "Plan Width": 4, "Actual Rows": 24, "Actual Loops": 1, "Hash Buckets": 1024, "Original Hash Buckets": 1024, "Hash Batches": 1, "Original Hash Batches": 1, "Peak Memory Usage": 9, "Plans": [{"Node Type": "Index Only Scan", "Parent Relationship": "Outer", "Parallel Aware": false, "Async Capable": false, "Scan Direction": "Forward", "Index Name": "call_center_pkey", "Relation Name": "call_center", "Alias": "call_center", "Startup Cost": 0.14, "Total Cost": 13.5, "Plan Rows": 24, "Plan Width": 4, "Actual Rows": 24, "Actual Loops": 1, "Heap Fetches": 24}]}]}]}, {"Node Type": "Index Scan", "Parent Relationship": "Inner", "Parallel Aware": false, "Async Capable": false, "Scan Direction": "Forward", "Index Name": "date_dim_pkey", "Relation Name": "date_dim", "Alias": "date_dim", "Startup Cost": 0.29, "Total Cost": 3696.27, "Plan Rows": 30, "Plan Width": 4, "Actual Rows": 0, "Actual Loops": 0, "Filter": "((d_year = 2000) AND (d_moy = 11))", "Rows Removed by Filter": 0}]}]}, {"Node Type": "Index Scan", "Parent Relationship": "Inner", "Parallel Aware": false, "Async Capable": false, "Scan Direction": "Forward", "Index Name": "household_demographics_pkey", "Relation Name": "household_demographics", "Alias": "household_demographics", "Startup Cost": 0.28, "Total Cost": 270.28, "Plan Rows": 1200, "Plan Width": 4, "Actual Rows": 0, "Actual Loops": 0, "Filter": "(hd_buy_potential ~~ '501-1000%'::text)", "Rows Removed by Filter": 0}]}]}, {"Node Type": "Index Scan", "Parent Relationship": "Inner", "Parallel Aware": false, "Async Capable": false, "Scan Direction": "Forward", "Index Name": "customer_address_pkey", "Relation Name": "customer_address", "Alias": "customer_address", "Startup Cost": 0.42, "Total Cost": 12615.12, "Plan Rows": 27412, "Plan Width": 4, "Actual Rows": 0, "Actual Loops": 0, "Filter": "(ca_gmt_offset = '-7'::numeric)", "Rows Removed by Filter": 0}]}]}]}]}, "Planning Time": 0.656, "Triggers": [], "Execution Time": 0.14}, {"Plan": {"Node Type": "Aggregate", "Strategy": "Plain", "Partial Mode": "Simple", "Parallel Aware": false, "Async Capable": false, "Startup Cost": 10000047020.14, "Total Cost": 10000047020.15, "Plan Rows": 1, "Plan Width": 8, "Actual Rows": 1, "Actual Loops": 1, "Plans": [{"Node Type": "Nested Loop", "Parent Relationship": "Outer", "Parallel Aware": false, "Async Capable": false, "Join Type": "Inner", "Startup Cost": 10000000009.71, "Total Cost": 10000047020.14, "Plan Rows": 1, "Plan Width": 0, "Actual Rows": 0, "Actual Loops": 1, "Inner Unique": true, "Plans": [{"Node Type": "Nested Loop", "Parent Relationship": "Outer", "Parallel Aware": false, "Async Capable": false, "Join Type": "Inner", "Startup Cost": 10000000009.43, "Total Cost": 10000047011.83, "Plan Rows": 1, "Plan Width": 4, "Actual Rows": 0, "Actual Loops": 1, "Inner Unique": true, "Plans": [{"Node Type": "Nested Loop", "Parent Relationship": "Outer", "Parallel Aware": false, "Async Capable": false, "Join Type": "Inner", "Startup Cost": 10000000009.0, "Total Cost": 10000047003.37, "Plan Rows": 1, "Plan Width": 8, "Actual Rows": 0, "Actual Loops": 1, "Inner Unique": true, "Plans": [{"Node Type": "Nested Loop", "Parent Relationship": "Outer", "Parallel Aware": false, "Async Capable": false, "Join Type": "Inner", "Startup Cost": 10000000008.58, "Total Cost": 10000046994.93, "Plan Rows": 1, "Plan Width": 12, "Actual Rows": 0, "Actual Loops": 1, "Inner Unique": true, "Plans": [{"Node Type": "Nested Loop", "Parent Relationship": "Outer", "Parallel Aware": false, "Async Capable": false, "Join Type": "Inner", "Startup Cost": 10000000008.29, "Total Cost": 10000046993.65, "Plan Rows": 4, "Plan Width": 16, "Actual Rows": 0, "Actual Loops": 1, "Inner Unique": true, "Plans": [{"Node Type": "Hash Join", "Parent Relationship": "Outer", "Parallel Aware": false, "Async Capable": false, "Join Type": "Inner", "Startup Cost": 10000000008.15, "Total Cost": 10000046993.03, "Plan Rows": 4, "Plan Width": 20, "Actual Rows": 0, "Actual Loops": 1, "Inner Unique": true, "Hash Cond": "(catalog_returns.cr_returning_customer_sk = customer.c_customer_sk)", "Plans": [{"Node Type": "Seq Scan", "Parent Relationship": "Outer", "Parallel Aware": false, "Async Capable": false, "Relation Name": "catalog_returns", "Alias": "catalog_returns", "Startup Cost": 10000000000.0, "Total Cost": 10000043205.49, "Plan Rows": 1439749, "Plan Width": 12, "Actual Rows": 0, "Actual Loops": 0}, {"Node Type": "Hash", "Parent Relationship": "Inner", "Parallel Aware": false, "Async Capable": false, "Startup Cost": 8.14, "Total Cost": 8.14, "Plan Rows": 1, "Plan Width": 16, "Actual Rows": 0, "Actual Loops": 1, "Hash Buckets": 1024, "Original Hash Buckets": 1024, "Hash Batches": 1, "Original Hash Batches": 1, "Peak Memory Usage": 8, "Plans": [{"Node Type": "Index Scan", "Parent Relationship": "Outer", "Parallel Aware": false, "Async Capable": false, "Scan Direction": "Forward", "Index Name": "customer_pkey", "Relation Name": "customer", "Alias": "customer", "Startup Cost": 0.12, "Total Cost": 8.14, "Plan Rows": 1, "Plan Width": 16, "Actual Rows": 0, "Actual Loops": 1}]}]}, {"Node Type": "Index Only Scan", "Parent Relationship": "Inner", "Parallel Aware": false, "Async Capable": false, "Scan Direction": "Forward", "Index Name": "call_center_pkey", "Relation Name": "call_center", "Alias": "call_center", "Startup Cost": 0.14, "Total Cost": 0.16, "Plan Rows": 1, "Plan Width": 4, "Actual Rows": 0, "Actual Loops": 0, "Index Cond": "(cc_call_center_sk = catalog_returns.cr_call_center_sk)", "Rows Removed by Index Recheck": 0, "Heap Fetches": 0}]}, {"Node Type": "Index Scan", "Parent Relationship": "Inner", "Parallel Aware": false, "Async Capable": false, "Scan Direction": "Forward", "Index Name": "date_dim_pkey", "Relation Name": "date_dim", "Alias": "date_dim", "Startup Cost": 0.29, "Total Cost": 0.32, "Plan Rows": 1, "Plan Width": 4, "Actual Rows": 0, "Actual Loops": 0, "Index Cond": "(d_date_sk = catalog_returns.cr_returned_date_sk)", "Rows Removed by Index Recheck": 0, "Filter": "((d_year = 2000) AND (d_moy = 11))", "Rows Removed by Filter": 0}]}, {"Node Type": "Index Scan", "Parent Relationship": "Inner", "Parallel Aware": false, "Async Capable": false, "Scan Direction": "Forward", "Index Name": "customer_address_pkey", "Relation Name": "customer_address", "Alias": "customer_address", "Startup Cost": 0.42, "Total Cost": 8.44, "Plan Rows": 1, "Plan Width": 4, "Actual Rows": 0, "Actual Loops": 0, "Index Cond": "(ca_address_sk = customer.c_current_addr_sk)", "Rows Removed by Index Recheck": 0, "Filter": "(ca_gmt_offset = '-7'::numeric)", "Rows Removed by Filter": 0}]}, {"Node Type": "Index Scan", "Parent Relationship": "Inner", "Parallel Aware": false, "Async Capable": false, "Scan Direction": "Forward", "Index Name": "customer_demographics_pkey", "Relation Name": "customer_demographics", "Alias": "customer_demographics", "Startup Cost": 0.43, "Total Cost": 8.46, "Plan Rows": 1, "Plan Width": 4, "Actual Rows": 0, "Actual Loops": 0, "Index Cond": "(cd_demo_sk = customer.c_current_cdemo_sk)", "Rows Removed by Index Recheck": 0, "Filter": "(((cd_marital_status = 'M'::bpchar) AND (cd_education_status = 'Unknown'::bpchar)) OR ((cd_marital_status = 'W'::bpchar) AND (cd_education_status = 'Advanced Degree'::bpchar)))", "Rows Removed by Filter": 0}]}, {"Node Type": "Index Scan", "Parent Relationship": "Inner", "Parallel Aware": false, "Async Capable": false, "Scan Direction": "Forward", "Index Name": "household_demographics_pkey", "Relation Name": "household_demographics", "Alias": "household_demographics", "Startup Cost": 0.28, "Total Cost": 8.3, "Plan Rows": 1, "Plan Width": 4, "Actual Rows": 0, "Actual Loops": 0, "Index Cond": "(hd_demo_sk = customer.c_current_hdemo_sk)", "Rows Removed by Index Recheck": 0, "Filter": "(hd_buy_potential ~~ '501-1000%'::text)", "Rows Removed by Filter": 0}]}]}, "Planning Time": 0.61, "Triggers": [], "Execution Time": 0.039}, {"Plan": {"Node Type": "Aggregate", "Strategy": "Plain", "Partial Mode": "Simple", "Parallel Aware": false, "Async Capable": false, "Startup Cost": 77783.73, "Total Cost": 77783.74, "Plan Rows": 1, "Plan Width": 8, "Actual Rows": 1, "Actual Loops": 1, "Plans": [{"Node Type": "Hash Join", "Parent Relationship": "Outer", "Parallel Aware": false, "Async Capable": false, "Join Type": "Inner", "Startup Cost": 43404.63, "Total Cost": 77783.73, "Plan Rows": 1, "Plan Width": 0, "Actual Rows": 0, "Actual Loops": 1, "Inner Unique": true, "Hash Cond": "(catalog_returns.cr_call_center_sk = call_center.cc_call_center_sk)", "Plans": [{"Node Type": "Gather", "Parent Relationship": "Outer", "Parallel Aware": false, "Async Capable": false, "Startup Cost": 43402.09, "Total Cost": 77781.19, "Plan Rows": 1, "Plan Width": 4, "Actual Rows": 0, "Actual Loops": 1, "Workers Planned": 3, "Workers Launched": 3, "Single Copy": false, "Plans": [{"Node Type": "Hash Join", "Parent Relationship": "Outer", "Parallel Aware": true, "Async Capable": false, "Join Type": "Inner", "Startup Cost": 42402.09, "Total Cost": 76781.09, "Plan Rows": 1, "Plan Width": 4, "Actual Rows": 0, "Actual Loops": 4, "Inner Unique": false, "Hash Cond": "(customer_demographics.cd_demo_sk = customer.c_current_cdemo_sk)", "Workers": [], "Plans": [{"Node Type": "Seq Scan", "Parent Relationship": "Outer", "Parallel Aware": true, "Async Capable": false, "Relation Name": "customer_demographics", "Alias": "customer_demographics", "Startup Cost": 0.0, "Total Cost": 34248.26, "Plan Rows": 34861, "Plan Width": 4, "Actual Rows": 0, "Actual Loops": 0, "Filter": "(((cd_marital_status = 'M'::bpchar) AND (cd_education_status = 'Unknown'::bpchar)) OR ((cd_marital_status = 'W'::bpchar) AND (cd_education_status = 'Advanced Degree'::bpchar)))", "Rows Removed by Filter": 0, "Workers": []}, {"Node Type": "Hash", "Parent Relationship": "Inner", "Parallel Aware": true, "Async Capable": false, "Startup Cost": 42402.08, "Total Cost": 42402.08, "Plan Rows": 1, "Plan Width": 8, "Actual Rows": 0, "Actual Loops": 4, "Hash Buckets": 1024, "Original Hash Buckets": 1024, "Hash Batches": 1, "Original Hash Batches": 1, "Peak Memory Usage": 0, "Workers": [], "Plans": [{"Node Type": "Hash Join", "Parent Relationship": "Outer", "Parallel Aware": true, "Async Capable": false, "Join Type": "Inner", "Startup Cost": 35569.15, "Total Cost": 42402.08, "Plan Rows": 1, "Plan Width": 8, "Actual Rows": 0, "Actual Loops": 1, "Inner Unique": false, "Hash Cond": "(customer_address.ca_address_sk = customer.c_current_addr_sk)", "Workers": [], "Plans": [{"Node Type": "Seq Scan", "Parent Relationship": "Outer", "Parallel Aware": true, "Async Capable": false, "Relation Name": "customer_address", "Alias": "customer_address", "Startup Cost": 0.0, "Total Cost": 6790.08, "Plan Rows": 11422, "Plan Width": 4, "Actual Rows": 0, "Actual Loops": 0, "Filter": "(ca_gmt_offset = '-7'::numeric)", "Rows Removed by Filter": 0, "Workers": []}, {"Node Type": "Hash", "Parent Relationship": "Inner", "Parallel Aware": true, "Async Capable": false, "Startup Cost": 35569.14, "Total Cost": 35569.14, "Plan Rows": 1, "Plan Width": 12, "Actual Rows": 0, "Actual Loops": 1, "Hash Buckets": 1024, "Original Hash Buckets": 1024, "Hash Batches": 1, "Original Hash Batches": 1, "Peak Memory Usage": 0, "Workers": [], "Plans": [{"Node Type": "Hash Join", "Parent Relationship": "Outer", "Parallel Aware": false, "Async Capable": false, "Join Type": "Inner", "Startup Cost": 2216.31, "Total Cost": 35569.14, "Plan Rows": 1, "Plan Width": 12, "Actual Rows": 0, "Actual Loops": 1, "Inner Unique": false, "Hash Cond": "(catalog_returns.cr_returning_customer_sk = customer.c_customer_sk)", "Workers": [], "Plans": [{"Node Type": "Hash Join", "Parent Relationship": "Outer", "Parallel Aware": true, "Async Capable": false, "Join Type": "Inner", "Startup Cost": 2068.78, "Total Cost": 35421.04, "Plan Rows": 148, "Plan Width": 8, "Actual Rows": 0, "Actual Loops": 0, "Inner Unique": true, "Hash Cond": "(catalog_returns.cr_returned_date_sk = date_dim.d_date_sk)", "Workers": [], "Plans": [{"Node Type": "Seq Scan", "Parent Relationship": "Outer", "Parallel Aware": true, "Async Capable": false, "Relation Name": "catalog_returns", "Alias": "catalog_returns", "Startup Cost": 0.0, "Total Cost": 32407.37, "Plan Rows": 359937, "Plan Width": 12, "Actual Rows": 0, "Actual Loops": 0, "Workers": []}, {"Node Type": "Hash", "Parent Relationship": "Inner", "Parallel Aware": true, "Async Capable": false, "Startup Cost": 2068.55, "Total Cost": 2068.55, "Plan Rows": 18, "Plan Width": 4, "Actual Rows": 0, "Actual Loops": 0, "Workers": [], "Plans": [{"Node Type": "Seq Scan", "Parent Relationship": "Outer", "Parallel Aware": true, "Async Capable": false, "Relation Name": "date_dim", "Alias": "date_dim", "Startup Cost": 0.0, "Total Cost": 2068.55, "Plan Rows": 18, "Plan Width": 4, "Actual Rows": 0, "Actual Loops": 0, "Filter": "((d_year = 2000) AND (d_moy = 11))", "Rows Removed by Filter": 0, "Workers": []}]}]}, {"Node Type": "Hash", "Parent Relationship": "Inner", "Parallel Aware": false, "Async Capable": false, "Startup Cost": 147.52, "Total Cost": 147.52, "Plan Rows": 1, "Plan Width": 12, "Actual Rows": 0, "Actual Loops": 1, "Hash Buckets": 1024, "Original Hash Buckets": 1024, "Hash Batches": 1, "Original Hash Batches": 1, "Peak Memory Usage": 8, "Workers": [], "Plans": [{"Node Type": "Hash Join", "Parent Relationship": "Outer", "Parallel Aware": false, "Async Capable": false, "Join Type": "Inner", "Startup Cost": 0.01, "Total Cost": 147.52, "Plan Rows": 1, "Plan Width": 12, "Actual Rows": 0, "Actual Loops": 1, "Inner Unique": false, "Hash Cond": "(household_demographics.hd_demo_sk = customer.c_current_hdemo_sk)", "Workers": [], "Plans": [{"Node Type": "Seq Scan", "Parent Relationship": "Outer", "Parallel Aware": false, "Async Capable": false, "Relation Name": "household_demographics", "Alias": "household_demographics", "Startup Cost": 0.0, "Total Cost": 143.0, "Plan Rows": 1200, "Plan Width": 4, "Actual Rows": 0, "Actual Loops": 0, "Filter": "(hd_buy_potential ~~ '501-1000%'::text)", "Rows Removed by Filter": 0, "Workers": []}, {"Node Type": "Hash", "Parent Relationship": "Inner", "Parallel Aware": false, "Async Capable": false, "Startup Cost": 0.0, "Total Cost": 0.0, "Plan Rows": 1, "Plan Width": 16, "Actual Rows": 0, "Actual Loops": 1, "Hash Buckets": 1024, "Original Hash Buckets": 1024, "Hash Batches": 1, "Original Hash Batches": 1, "Peak Memory Usage": 8, "Workers": [], "Plans": [{"Node Type": "Seq Scan", "Parent Relationship": "Outer", "Parallel Aware": false, "Async Capable": false, "Relation Name": "customer", "Alias": "customer", "Startup Cost": 0.0, "Total Cost": 0.0, "Plan Rows": 1, "Plan Width": 16, "Actual Rows": 0, "Actual Loops": 1, "Workers": []}]}]}]}]}]}]}]}]}]}, {"Node Type": "Hash", "Parent Relationship": "Inner", "Parallel Aware": false, "Async Capable": false, "Startup Cost": 2.24, "Total Cost": 2.24, "Plan Rows": 24, "Plan Width": 4, "Actual Rows": 24, "Actual Loops": 1, "Hash Buckets": 1024, "Original Hash Buckets": 1024, "Hash Batches": 1, "Original Hash Batches": 1, "Peak Memory Usage": 9, "Plans": [{"Node Type": "Seq Scan", "Parent Relationship": "Outer", "Parallel Aware": false, "Async Capable": false, "Relation Name": "call_center", "Alias": "call_center", "Startup Cost": 0.0, "Total Cost": 2.24, "Plan Rows": 24, "Plan Width": 4, "Actual Rows": 24, "Actual Loops": 1}]}]}]}, "Planning Time": 0.898, "Triggers": [], "Execution Time": 13.126}, {"Plan": {"Node Type": "Aggregate", "Strategy": "Plain", "Partial Mode": "Simple", "Parallel Aware": false, "Async Capable": false, "Startup Cost": 10000090621.27, "Total Cost": 10000090621.28, "Plan Rows": 1, "Plan Width": 8, "Actual Rows": 1, "Actual Loops": 1, "Plans": [{"Node Type": "Nested Loop", "Parent Relationship": "Outer", "Parallel Aware": false, "Async Capable": false, "Join Type": "Inner", "Startup Cost": 10000000013.74, "Total Cost": 10000090621.27, "Plan Rows": 1, "Plan Width": 0, "Actual Rows": 0, "Actual Loops": 1, "Inner Unique": true, "Plans": [{"Node Type": "Nested Loop", "Parent Relationship": "Outer", "Parallel Aware": false, "Async Capable": false, "Join Type": "Inner", "Startup Cost": 10000000009.45, "Total Cost": 10000090612.96, "Plan Rows": 1, "Plan Width": 4, "Actual Rows": 0, "Actual Loops": 1, "Inner Unique": true, "Plans": [{"Node Type": "Nested Loop", "Parent Relationship": "Outer", "Parallel Aware": false, "Async Capable": false, "Join Type": "Inner", "Startup Cost": 10000000005.02, "Total Cost": 10000090604.5, "Plan Rows": 1, "Plan Width": 8, "Actual Rows": 0, "Actual Loops": 1, "Inner Unique": true, "Plans": [{"Node Type": "Nested Loop", "Parent Relationship": "Outer", "Parallel Aware": false, "Async Capable": false, "Join Type": "Inner", "Startup Cost": 10000000000.59, "Total Cost": 10000090596.05, "Plan Rows": 1, "Plan Width": 12, "Actual Rows": 0, "Actual Loops": 1, "Inner Unique": true, "Plans": [{"Node Type": "Nested Loop", "Parent Relationship": "Outer", "Parallel Aware": false, "Async Capable": false, "Join Type": "Inner", "Startup Cost": 10000000000.44, "Total Cost": 10000090591.58, "Plan Rows": 1, "Plan Width": 16, "Actual Rows": 0, "Actual Loops": 1, "Inner Unique": true, "Plans": [{"Node Type": "Nested Loop", "Parent Relationship": "Outer", "Parallel Aware": false, "Async Capable": false, "Join Type": "Inner", "Startup Cost": 10000000000.31, "Total Cost": 10000088137.72, "Plan Rows": 591, "Plan Width": 8, "Actual Rows": 19425, "Actual Loops": 1, "Inner Unique": true, "Plans": [{"Node Type": "Seq Scan", "Parent Relationship": "Outer", "Parallel Aware": false, "Async Capable": false, "Relation Name": "catalog_returns", "Alias": "catalog_returns", "Startup Cost": 10000000000.0, "Total Cost": 10000043205.49, "Plan Rows": 1439749, "Plan Width": 12, "Actual Rows": 1439749, "Actual Loops": 1}, {"Node Type": "Memoize", "Parent Relationship": "Inner", "Parallel Aware": false, "Async Capable": false, "Startup Cost": 0.31, "Total Cost": 4.33, "Plan Rows": 1, "Plan Width": 4, "Actual Rows": 0, "Actual Loops": 1439749, "Cache Key": "catalog_returns.cr_returned_date_sk", "Cache Mode": "logical", "Cache Hits": 1437657, "Cache Misses": 2092, "Cache Evictions": 0, "Cache Overflows": 0, "Peak Memory Usage": 140, "Plans": [{"Node Type": "Bitmap Heap Scan", "Parent Relationship": "Outer", "Parallel Aware": false, "Async Capable": false, "Relation Name": "date_dim", "Alias": "date_dim", "Startup Cost": 0.3, "Total Cost": 4.32, "Plan Rows": 1, "Plan Width": 4, "Actual Rows": 0, "Actual Loops": 2092, "Recheck Cond": "(d_date_sk = catalog_returns.cr_returned_date_sk)", "Rows Removed by Index Recheck": 0, "Filter": "((d_year = 2000) AND (d_moy = 11))", "Rows Removed by Filter": 1, "Exact Heap Blocks": 2092, "Lossy Heap Blocks": 0, "Plans": [{"Node Type": "Bitmap Index Scan", "Parent Relationship": "Outer", "Parallel Aware": false, "Async Capable": false, "Index Name": "date_dim_pkey", "Startup Cost": 0.0, "Total Cost": 0.3, "Plan Rows": 1, "Plan Width": 0, "Actual Rows": 1, "Actual Loops": 2092, "Index Cond": "(d_date_sk = catalog_returns.cr_returned_date_sk)"}]}]}]}, {"Node Type": "Bitmap Heap Scan", "Parent Relationship": "Inner", "Parallel Aware": false, "Async Capable": false, "Relation Name": "customer", "Alias": "customer", "Startup Cost": 0.13, "Total Cost": 4.15, "Plan Rows": 1, "Plan Width": 16, "Actual Rows": 0, "Actual Loops": 19425, "Recheck Cond": "(c_customer_sk = catalog_returns.cr_returning_customer_sk)", "Rows Removed by Index Recheck": 0, "Exact Heap Blocks": 0, "Lossy Heap Blocks": 0, "Plans": [{"Node Type": "Bitmap Index Scan", "Parent Relationship": "Outer", "Parallel Aware": false, "Async Capable": false, "Index Name": "customer_pkey", "Startup Cost": 0.0, "Total Cost": 0.13, "Plan Rows": 1, "Plan Width": 0, "Actual Rows": 0, "Actual Loops": 19425, "Index Cond": "(c_customer_sk = catalog_returns.cr_returning_customer_sk)"}]}]}, {"Node Type": "Bitmap Heap Scan", "Parent Relationship": "Inner", "Parallel Aware": false, "Async Capable": false, "Relation Name": "call_center", "Alias": "call_center", "Startup Cost": 0.15, "Total Cost": 4.16, "Plan Rows": 1, "Plan Width": 4, "Actual Rows": 0, "Actual Loops": 0, "Recheck Cond": "(cc_call_center_sk = catalog_returns.cr_call_center_sk)", "Rows Removed by Index Recheck": 0, "Exact Heap Blocks": 0, "Lossy Heap Blocks": 0, "Plans": [{"Node Type": "Bitmap Index Scan", "Parent Relationship": "Outer", "Parallel Aware": false, "Async Capable": false, "Index Name": "call_center_pkey", "Startup Cost": 0.0, "Total Cost": 0.15, "Plan Rows": 1, "Plan Width": 0, "Actual Rows": 0, "Actual Loops": 0, "Index Cond": "(cc_call_center_sk = catalog_returns.cr_call_center_sk)"}]}]}, {"Node Type": "Bitmap Heap Scan", "Parent Relationship": "Inner", "Parallel Aware": false, "Async Capable": false, "Relation Name": "customer_address", "Alias": "customer_address", "Startup Cost": 4.43, "Total Cost": 8.44, "Plan Rows": 1, "Plan Width": 4, "Actual Rows": 0, "Actual Loops": 0, "Recheck Cond": "(ca_address_sk = customer.c_current_addr_sk)", "Rows Removed by Index Recheck": 0, "Filter": "(ca_gmt_offset = '-7'::numeric)", "Rows Removed by Filter": 0, "Exact Heap Blocks": 0, "Lossy Heap Blocks": 0, "Plans": [{"Node Type": "Bitmap Index Scan", "Parent Relationship": "Outer", "Parallel Aware": false, "Async Capable": false, "Index Name": "customer_address_pkey", "Startup Cost": 0.0, "Total Cost": 4.43, "Plan Rows": 1, "Plan Width": 0, "Actual Rows": 0, "Actual Loops": 0, "Index Cond": "(ca_address_sk = customer.c_current_addr_sk)"}]}]}, {"Node Type": "Bitmap Heap Scan", "Parent Relationship": "Inner", "Parallel Aware": false, "Async Capable": false, "Relation Name": "customer_demographics", "Alias": "customer_demographics", "Startup Cost": 4.44, "Total Cost": 8.46, "Plan Rows": 1, "Plan Width": 4, "Actual Rows": 0, "Actual Loops": 0, "Recheck Cond": "(cd_demo_sk = customer.c_current_cdemo_sk)", "Rows Removed by Index Recheck": 0, "Filter": "(((cd_marital_status = 'M'::bpchar) AND (cd_education_status = 'Unknown'::bpchar)) OR ((cd_marital_status = 'W'::bpchar) AND (cd_education_status = 'Advanced Degree'::bpchar)))", "Rows Removed by Filter": 0, "Exact Heap Blocks": 0, "Lossy Heap Blocks": 0, "Plans": [{"Node Type": "Bitmap Index Scan", "Parent Relationship": "Outer", "Parallel Aware": false, "Async Capable": false, "Index Name": "customer_demographics_pkey", "Startup Cost": 0.0, "Total Cost": 4.44, "Plan Rows": 1, "Plan Width": 0, "Actual Rows": 0, "Actual Loops": 0, "Index Cond": "(cd_demo_sk = customer.c_current_cdemo_sk)"}]}]}, {"Node Type": "Bitmap Heap Scan", "Parent Relationship": "Inner", "Parallel Aware": false, "Async Capable": false, "Relation Name": "household_demographics", "Alias": "household_demographics", "Startup Cost": 4.29, "Total Cost": 8.31, "Plan Rows": 1, "Plan Width": 4, "Actual Rows": 0, "Actual Loops": 0, "Recheck Cond": "(hd_demo_sk = customer.c_current_hdemo_sk)", "Rows Removed by Index Recheck": 0, "Filter": "(hd_buy_potential ~~ '501-1000%'::text)", "Rows Removed by Filter": 0, "Exact Heap Blocks": 0, "Lossy Heap Blocks": 0, "Plans": [{"Node Type": "Bitmap Index Scan", "Parent Relationship": "Outer", "Parallel Aware": false, "Async Capable": false, "Index Name": "household_demographics_pkey", "Startup Cost": 0.0, "Total Cost": 4.29, "Plan Rows": 1, "Plan Width": 0, "Actual Rows": 0, "Actual Loops": 0, "Index Cond": "(hd_demo_sk = customer.c_current_hdemo_sk)"}]}]}]}, "Planning Time": 1.192, "Triggers": [], "Execution Time": 1124.94}, {"Plan": {"Node Type": "Aggregate", "Strategy": "Plain", "Partial Mode": "Simple", "Parallel Aware": false, "Async Capable": false, "Startup Cost": 34384.42, "Total Cost": 34384.43, "Plan Rows": 1, "Plan Width": 8, "Actual Rows": 1, "Actual Loops": 1, "Plans": [{"Node Type": "Nested Loop", "Parent Relationship": "Outer", "Parallel Aware": false, "Async Capable": false, "Join Type": "Inner", "Startup Cost": 1013.48, "Total Cost": 34384.42, "Plan Rows": 1, "Plan Width": 0, "Actual Rows": 0, "Actual Loops": 1, "Inner Unique": true, "Plans": [{"Node Type": "Nested Loop", "Parent Relationship": "Outer", "Parallel Aware": false, "Async Capable": false, "Join Type": "Inner", "Startup Cost": 1009.19, "Total Cost": 34376.11, "Plan Rows": 1, "Plan Width": 4, "Actual Rows": 0, "Actual Loops": 1, "Inner Unique": true, "Plans": [{"Node Type": "Nested Loop", "Parent Relationship": "Outer", "Parallel Aware": false, "Async Capable": false, "Join Type": "Inner", "Startup Cost": 1004.75, "Total Cost": 34367.65, "Plan Rows": 1, "Plan Width": 8, "Actual Rows": 0, "Actual Loops": 1, "Inner Unique": true, "Plans": [{"Node Type": "Nested Loop", "Parent Relationship": "Outer", "Parallel Aware": false, "Async Capable": false, "Join Type": "Inner", "Startup Cost": 1000.32, "Total Cost": 34359.21, "Plan Rows": 1, "Plan Width": 12, "Actual Rows": 0, "Actual Loops": 1, "Inner Unique": true, "Join Filter": "(call_center.cc_call_center_sk = catalog_returns.cr_call_center_sk)", "Rows Removed by Join Filter": 0, "Plans": [{"Node Type": "Gather", "Parent Relationship": "Outer", "Parallel Aware": false, "Async Capable": false, "Startup Cost": 1000.32, "Total Cost": 34356.67, "Plan Rows": 1, "Plan Width": 16, "Actual Rows": 0, "Actual Loops": 1, "Workers Planned": 4, "Workers Launched": 4, "Single Copy": false, "Plans": [{"Node Type": "Nested Loop", "Parent Relationship": "Outer", "Parallel Aware": false, "Async Capable": false, "Join Type": "Inner", "Startup Cost": 0.32, "Total Cost": 33356.57, "Plan Rows": 1, "Plan Width": 16, "Actual Rows": 0, "Actual Loops": 5, "Inner Unique": true, "Workers": [], "Plans": [{"Node Type": "Hash Join", "Parent Relationship": "Outer", "Parallel Aware": false, "Async Capable": false, "Join Type": "Inner", "Startup Cost": 0.01, "Total Cost": 33352.23, "Plan Rows": 1, "Plan Width": 20, "Actual Rows": 0, "Actual Loops": 5, "Inner Unique": true, "Hash Cond": "(catalog_returns.cr_returning_customer_sk = customer.c_customer_sk)", "Workers": [], "Plans": [{"Node Type": "Seq Scan", "Parent Relationship": "Outer", "Parallel Aware": true, "Async Capable": false, "Relation Name": "catalog_returns", "Alias": "catalog_returns", "Startup Cost": 0.0, "Total Cost": 32407.37, "Plan Rows": 359937, "Plan Width": 12, "Actual Rows": 0, "Actual Loops": 0, "Workers": []}, {"Node Type": "Hash", "Parent Relationship": "Inner", "Parallel Aware": false, "Async Capable": false, "Startup Cost": 0.0, "Total Cost": 0.0, "Plan Rows": 1, "Plan Width": 16, "Actual Rows": 0, "Actual Loops": 5, "Hash Buckets": 1024, "Original Hash Buckets": 1024, "Hash Batches": 1, "Original Hash Batches": 1, "Peak Memory Usage": 8, "Workers": [], "Plans": [{"Node Type": "Seq Scan", "Parent Relationship": "Outer", "Parallel Aware": false, "Async Capable": false, "Relation Name": "customer", "Alias": "customer", "Startup Cost": 0.0, "Total Cost": 0.0, "Plan Rows": 1, "Plan Width": 16, "Actual Rows": 0, "Actual Loops": 5, "Workers": []}]}]}, {"Node Type": "Memoize", "Parent Relationship": "Inner", "Parallel Aware": false, "Async Capable": false, "Startup Cost": 0.31, "Total Cost": 4.33, "Plan Rows": 1, "Plan Width": 4, "Actual Rows": 0, "Actual Loops": 0, "Cache Key": "catalog_returns.cr_returned_date_sk", "Cache Mode": "logical", "Workers": [], "Plans": [{"Node Type": "Bitmap Heap Scan", "Parent Relationship": "Outer", "Parallel Aware": false, "Async Capable": false, "Relation Name": "date_dim", "Alias": "date_dim", "Startup Cost": 0.3, "Total Cost": 4.32, "Plan Rows": 1, "Plan Width": 4, "Actual Rows": 0, "Actual Loops": 0, "Recheck Cond": "(d_date_sk = catalog_returns.cr_returned_date_sk)", "Rows Removed by Index Recheck": 0, "Filter": "((d_year = 2000) AND (d_moy = 11))", "Rows Removed by Filter": 0, "Exact Heap Blocks": 0, "Lossy Heap Blocks": 0, "Workers": [], "Plans": [{"Node Type": "Bitmap Index Scan", "Parent Relationship": "Outer", "Parallel Aware": false, "Async Capable": false, "Index Name": "date_dim_pkey", "Startup Cost": 0.0, "Total Cost": 0.3, "Plan Rows": 1, "Plan Width": 0, "Actual Rows": 0, "Actual Loops": 0, "Index Cond": "(d_date_sk = catalog_returns.cr_returned_date_sk)", "Workers": []}]}]}]}]}, {"Node Type": "Seq Scan", "Parent Relationship": "Inner", "Parallel Aware": false, "Async Capable": false, "Relation Name": "call_center", "Alias": "call_center", "Startup Cost": 0.0, "Total Cost": 2.24, "Plan Rows": 24, "Plan Width": 4, "Actual Rows": 0, "Actual Loops": 0}]}, {"Node Type": "Bitmap Heap Scan", "Parent Relationship": "Inner", "Parallel Aware": false, "Async Capable": false, "Relation Name": "customer_address", "Alias": "customer_address", "Startup Cost": 4.43, "Total Cost": 8.44, "Plan Rows": 1, "Plan Width": 4, "Actual Rows": 0, "Actual Loops": 0, "Recheck Cond": "(ca_address_sk = customer.c_current_addr_sk)", "Rows Removed by Index Recheck": 0, "Filter": "(ca_gmt_offset = '-7'::numeric)", "Rows Removed by Filter": 0, "Exact Heap Blocks": 0, "Lossy Heap Blocks": 0, "Plans": [{"Node Type": "Bitmap Index Scan", "Parent Relationship": "Outer", "Parallel Aware": false, "Async Capable": false, "Index Name": "customer_address_pkey", "Startup Cost": 0.0, "Total Cost": 4.43, "Plan Rows": 1, "Plan Width": 0, "Actual Rows": 0, "Actual Loops": 0, "Index Cond": "(ca_address_sk = customer.c_current_addr_sk)"}]}]}, {"Node Type": "Bitmap Heap Scan", "Parent Relationship": "Inner", "Parallel Aware": false, "Async Capable": false, "Relation Name": "customer_demographics", "Alias": "customer_demographics", "Startup Cost": 4.44, "Total Cost": 8.46, "Plan Rows": 1, "Plan Width": 4, "Actual Rows": 0, "Actual Loops": 0, "Recheck Cond": "(cd_demo_sk = customer.c_current_cdemo_sk)", "Rows Removed by Index Recheck": 0, "Filter": "(((cd_marital_status = 'M'::bpchar) AND (cd_education_status = 'Unknown'::bpchar)) OR ((cd_marital_status = 'W'::bpchar) AND (cd_education_status = 'Advanced Degree'::bpchar)))", "Rows Removed by Filter": 0, "Exact Heap Blocks": 0, "Lossy Heap Blocks": 0, "Plans": [{"Node Type": "Bitmap Index Scan", "Parent Relationship": "Outer", "Parallel Aware": false, "Async Capable": false, "Index Name": "customer_demographics_pkey", "Startup Cost": 0.0, "Total Cost": 4.44, "Plan Rows": 1, "Plan Width": 0, "Actual Rows": 0, "Actual Loops": 0, "Index Cond": "(cd_demo_sk = customer.c_current_cdemo_sk)"}]}]}, {"Node Type": "Bitmap Heap Scan", "Parent Relationship": "Inner", "Parallel Aware": false, "Async Capable": false, "Relation Name": "household_demographics", "Alias": "household_demographics", "Startup Cost": 4.29, "Total Cost": 8.31, "Plan Rows": 1, "Plan Width": 4, "Actual Rows": 0, "Actual Loops": 0, "Recheck Cond": "(hd_demo_sk = customer.c_current_hdemo_sk)", "Rows Removed by Index Recheck": 0, "Filter": "(hd_buy_potential ~~ '501-1000%'::text)", "Rows Removed by Filter": 0, "Exact Heap Blocks": 0, "Lossy Heap Blocks": 0, "Plans": [{"Node Type": "Bitmap Index Scan", "Parent Relationship": "Outer", "Parallel Aware": false, "Async Capable": false, "Index Name": "household_demographics_pkey", "Startup Cost": 0.0, "Total Cost": 4.29, "Plan Rows": 1, "Plan Width": 0, "Actual Rows": 0, "Actual Loops": 0, "Index Cond": "(hd_demo_sk = customer.c_current_hdemo_sk)"}]}]}]}, "Planning Time": 1.075, "Triggers": [], "Execution Time": 11.904}, {"Plan": {"Node Type": "Aggregate", "Strategy": "Plain", "Partial Mode": "Simple", "Parallel Aware": false, "Async Capable": false, "Startup Cost": 10000155052.73, "Total Cost": 10000155052.74, "Plan Rows": 1, "Plan Width": 8, "Actual Rows": 1, "Actual Loops": 1, "Plans": [{"Node Type": "Hash Join", "Parent Relationship": "Outer", "Parallel Aware": false, "Async Capable": false, "Join Type": "Inner", "Startup Cost": 10000063696.46, "Total Cost": 10000155052.73, "Plan Rows": 1, "Plan Width": 0, "Actual Rows": 0, "Actual Loops": 1, "Inner Unique": false, "Hash Cond": "(customer_demographics.cd_demo_sk = customer.c_current_cdemo_sk)", "Plans": [{"Node Type": "Index Scan", "Parent Relationship": "Outer", "Parallel Aware": false, "Async Capable": false, "Scan Direction": "Forward", "Index Name": "customer_demographics_pkey", "Relation Name": "customer_demographics", "Alias": "customer_demographics", "Startup Cost": 0.43, "Total Cost": 90951.43, "Plan Rows": 108068, "Plan Width": 4, "Actual Rows": 1, "Actual Loops": 1, "Filter": "(((cd_marital_status = 'M'::bpchar) AND (cd_education_status = 'Unknown'::bpchar)) OR ((cd_marital_status = 'W'::bpchar) AND (cd_education_status = 'Advanced Degree'::bpchar)))", "Rows Removed by Filter": 56}, {"Node Type": "Hash", "Parent Relationship": "Inner", "Parallel Aware": false, "Async Capable": false, "Startup Cost": 10000063696.02, "Total Cost": 10000063696.02, "Plan Rows": 1, "Plan Width": 4, "Actual Rows": 0, "Actual Loops": 1, "Hash Buckets": 1024, "Original Hash Buckets": 1024, "Hash Batches": 1, "Original Hash Batches": 1, "Peak Memory Usage": 8, "Plans": [{"Node Type": "Hash Join", "Parent Relationship": "Outer", "Parallel Aware": false, "Async Capable": false, "Join Type": "Inner", "Startup Cost": 10000050978.52, "Total Cost": 10000063696.02, "Plan Rows": 1, "Plan Width": 4, "Actual Rows": 0, "Actual Loops": 1, "Inner Unique": false, "Hash Cond": "(customer_address.ca_address_sk = customer.c_current_addr_sk)", "Plans": [{"Node Type": "Index Scan", "Parent Relationship": "Outer", "Parallel Aware": false, "Async Capable": false, "Scan Direction": "Forward", "Index Name": "customer_address_pkey", "Relation Name": "customer_address", "Alias": "customer_address", "Startup Cost": 0.42, "Total Cost": 12615.12, "Plan Rows": 27412, "Plan Width": 4, "Actual Rows": 1, "Actual Loops": 1, "Filter": "(ca_gmt_offset = '-7'::numeric)", "Rows Removed by Filter": 0}, {"Node Type": "Hash", "Parent Relationship": "Inner", "Parallel Aware": false, "Async Capable": false, "Startup Cost": 10000050978.09, "Total Cost": 10000050978.09, "Plan Rows": 1, "Plan Width": 8, "Actual Rows": 0, "Actual Loops": 1, "Hash Buckets": 1024, "Original Hash Buckets": 1024, "Hash Batches": 1, "Original Hash Batches": 1, "Peak Memory Usage": 8, "Plans": [{"Node Type": "Hash Join", "Parent Relationship": "Outer", "Parallel Aware": false, "Async Capable": false, "Join Type": "Inner", "Startup Cost": 10000047281.98, "Total Cost": 10000050978.09, "Plan Rows": 1, "Plan Width": 8, "Actual Rows": 0, "Actual Loops": 1, "Inner Unique": false, "Hash Cond": "(date_dim.d_date_sk = catalog_returns.cr_returned_date_sk)", "Plans": [{"Node Type": "Index Scan", "Parent Relationship": "Outer", "Parallel Aware": false, "Async Capable": false, "Scan Direction": "Forward", "Index Name": "date_dim_pkey", "Relation Name": "date_dim", "Alias": "date_dim", "Startup Cost": 0.29, "Total Cost": 3696.27, "Plan Rows": 30, "Plan Width": 4, "Actual Rows": 1, "Actual Loops": 1, "Filter": "((d_year = 2000) AND (d_moy = 11))", "Rows Removed by Filter": 36828}, {"Node Type": "Hash", "Parent Relationship": "Inner", "Parallel Aware": false, "Async Capable": false, "Startup Cost": 10000047281.68, "Total Cost": 10000047281.68, "Plan Rows": 1, "Plan Width": 12, "Actual Rows": 0, "Actual Loops": 1, "Hash Buckets": 1024, "Original Hash Buckets": 1024, "Hash Batches": 1, "Original Hash Batches": 1, "Peak Memory Usage": 8, "Plans": [{"Node Type": "Hash Join", "Parent Relationship": "Outer", "Parallel Aware": false, "Async Capable": false, "Join Type": "Inner", "Startup Cost": 10000047007.17, "Total Cost": 10000047281.68, "Plan Rows": 1, "Plan Width": 12, "Actual Rows": 0, "Actual Loops": 1, "Inner Unique": false, "Hash Cond": "(household_demographics.hd_demo_sk = customer.c_current_hdemo_sk)", "Plans": [{"Node Type": "Index Scan", "Parent Relationship": "Outer", "Parallel Aware": false, "Async Capable": false, "Scan Direction": "Forward", "Index Name": "household_demographics_pkey", "Relation Name": "household_demographics", "Alias": "household_demographics", "Startup Cost": 0.28, "Total Cost": 270.28, "Plan Rows": 1200, "Plan Width": 4, "Actual Rows": 1, "Actual Loops": 1, "Filter": "(hd_buy_potential ~~ '501-1000%'::text)", "Rows Removed by Filter": 19}, {"Node Type": "Hash", "Parent Relationship": "Inner", "Parallel Aware": false, "Async Capable": false, "Startup Cost": 10000047006.84, "Total Cost": 10000047006.84, "Plan Rows": 4, "Plan Width": 16, "Actual Rows": 0, "Actual Loops": 1, "Hash Buckets": 1024, "Original Hash Buckets": 1024, "Hash Batches": 1, "Original Hash Batches": 1, "Peak Memory Usage": 8, "Plans": [{"Node Type": "Hash Join", "Parent Relationship": "Outer", "Parallel Aware": false, "Async Capable": false, "Join Type": "Inner", "Startup Cost": 10000000021.95, "Total Cost": 10000047006.84, "Plan Rows": 4, "Plan Width": 16, "Actual Rows": 0, "Actual Loops": 1, "Inner Unique": true, "Hash Cond": "(catalog_returns.cr_call_center_sk = call_center.cc_call_center_sk)", "Plans": [{"Node Type": "Hash Join", "Parent Relationship": "Outer", "Parallel Aware": false, "Async Capable": false, "Join Type": "Inner", "Startup Cost": 10000000008.15, "Total Cost": 10000046993.03, "Plan Rows": 4, "Plan Width": 20, "Actual Rows": 0, "Actual Loops": 1, "Inner Unique": true, "Hash Cond": "(catalog_returns.cr_returning_customer_sk = customer.c_customer_sk)", "Plans": [{"Node Type": "Seq Scan", "Parent Relationship": "Outer", "Parallel Aware": false, "Async Capable": false, "Relation Name": "catalog_returns", "Alias": "catalog_returns", "Startup Cost": 10000000000.0, "Total Cost": 10000043205.49, "Plan Rows": 1439749, "Plan Width": 12, "Actual Rows": 0, "Actual Loops": 0}, {"Node Type": "Hash", "Parent Relationship": "Inner", "Parallel Aware": false, "Async Capable": false, "Startup Cost": 8.14, "Total Cost": 8.14, "Plan Rows": 1, "Plan Width": 16, "Actual Rows": 0, "Actual Loops": 1, "Hash Buckets": 1024, "Original Hash Buckets": 1024, "Hash Batches": 1, "Original Hash Batches": 1, "Peak Memory Usage": 8, "Plans": [{"Node Type": "Index Scan", "Parent Relationship": "Outer", "Parallel Aware": false, "Async Capable": false, "Scan Direction": "Forward", "Index Name": "customer_pkey", "Relation Name": "customer", "Alias": "customer", "Startup Cost": 0.12, "Total Cost": 8.14, "Plan Rows": 1, "Plan Width": 16, "Actual Rows": 0, "Actual Loops": 1}]}]}, {"Node Type": "Hash", "Parent Relationship": "Inner", "Parallel Aware": false, "Async Capable": false, "Startup Cost": 13.5, "Total Cost": 13.5, "Plan Rows": 24, "Plan Width": 4, "Actual Rows": 24, "Actual Loops": 1, "Hash Buckets": 1024, "Original Hash Buckets": 1024, "Hash Batches": 1, "Original Hash Batches": 1, "Peak Memory Usage": 9, "Plans": [{"Node Type": "Index Scan", "Parent Relationship": "Outer", "Parallel Aware": false, "Async Capable": false, "Scan Direction": "Forward", "Index Name": "call_center_pkey", "Relation Name": "call_center", "Alias": "call_center", "Startup Cost": 0.14, "Total Cost": 13.5, "Plan Rows": 24, "Plan Width": 4, "Actual Rows": 24, "Actual Loops": 1}]}]}]}]}]}]}]}]}]}]}]}, "Planning Time": 0.642, "Triggers": [], "Execution Time": 9.842}, {"Plan": {"Node Type": "Aggregate", "Strategy": "Plain", "Partial Mode": "Simple", "Parallel Aware": false, "Async Capable": false, "Startup Cost": 10000153157.04, "Total Cost": 10000153157.05, "Plan Rows": 1, "Plan Width": 8, "Actual Rows": 1, "Actual Loops": 1, "Plans": [{"Node Type": "Merge Join", "Parent Relationship": "Outer", "Parallel Aware": false, "Async Capable": false, "Join Type": "Inner", "Startup Cost": 10000061935.85, "Total Cost": 10000153157.04, "Plan Rows": 1, "Plan Width": 0, "Actual Rows": 0, "Actual Loops": 1, "Inner Unique": false, "Merge Cond": "(customer_demographics.cd_demo_sk = customer.c_current_cdemo_sk)", "Plans": [{"Node Type": "Index Scan", "Parent Relationship": "Outer", "Parallel Aware": false, "Async Capable": false, "Scan Direction": "Forward", "Index Name": "customer_demographics_pkey", "Relation Name": "customer_demographics", "Alias": "customer_demographics", "Startup Cost": 0.43, "Total Cost": 90951.43, "Plan Rows": 108068, "Plan Width": 4, "Actual Rows": 1, "Actual Loops": 1, "Filter": "(((cd_marital_status = 'M'::bpchar) AND (cd_education_status = 'Unknown'::bpchar)) OR ((cd_marital_status = 'W'::bpchar) AND (cd_education_status = 'Advanced Degree'::bpchar)))", "Rows Removed by Filter": 56}, {"Node Type": "Sort", "Parent Relationship": "Inner", "Parallel Aware": false, "Async Capable": false, "Startup Cost": 10000061935.42, "Total Cost": 10000061935.43, "Plan Rows": 1, "Plan Width": 4, "Actual Rows": 0, "Actual Loops": 1, "Sort Key": ["customer.c_current_cdemo_sk"], "Sort Method": "quicksort", "Sort Space Used": 25, "Sort Space Type": "Memory", "Plans": [{"Node Type": "Merge Join", "Parent Relationship": "Outer", "Parallel Aware": false, "Async Capable": false, "Join Type": "Inner", "Startup Cost": 10000049252.17, "Total Cost": 10000061935.41, "Plan Rows": 1, "Plan Width": 4, "Actual Rows": 0, "Actual Loops": 1, "Inner Unique": true, "Merge Cond": "(customer.c_current_addr_sk = customer_address.ca_address_sk)", "Plans": [{"Node Type": "Sort", "Parent Relationship": "Outer", "Parallel Aware": false, "Async Capable": false, "Startup Cost": 10000049251.75, "Total Cost": 10000049251.75, "Plan Rows": 1, "Plan Width": 8, "Actual Rows": 0, "Actual Loops": 1, "Sort Key": ["customer.c_current_addr_sk"], "Sort Method": "quicksort", "Sort Space Used": 25, "Sort Space Type": "Memory", "Plans": [{"Node Type": "Merge Join", "Parent Relationship": "Outer", "Parallel Aware": false, "Async Capable": false, "Join Type": "Inner", "Startup Cost": 10000048978.72, "Total Cost": 10000049251.74, "Plan Rows": 1, "Plan Width": 8, "Actual Rows": 0, "Actual Loops": 1, "Inner Unique": true, "Merge Cond": "(customer.c_current_hdemo_sk = household_demographics.hd_demo_sk)", "Plans": [{"Node Type": "Sort", "Parent Relationship": "Outer", "Parallel Aware": false, "Async Capable": false, "Startup Cost": 10000048978.44, "Total Cost": 10000048978.44, "Plan Rows": 1, "Plan Width": 12, "Actual Rows": 0, "Actual Loops": 1, "Sort Key": ["customer.c_current_hdemo_sk"], "Sort Method": "quicksort", "Sort Space Used": 25, "Sort Space Type": "Memory", "Plans": [{"Node Type": "Merge Join", "Parent Relationship": "Outer", "Parallel Aware": false, "Async Capable": false, "Join Type": "Inner", "Startup Cost": 10000048855.2, "Total Cost": 10000048978.43, "Plan Rows": 1, "Plan Width": 12, "Actual Rows": 0, "Actual Loops": 1, "Inner Unique": true, "Merge Cond": "(catalog_returns.cr_returned_date_sk = date_dim.d_date_sk)", "Plans": [{"Node Type": "Sort", "Parent Relationship": "Outer", "Parallel Aware": false, "Async Capable": false, "Startup Cost": 10000047006.88, "Total Cost": 10000047006.89, "Plan Rows": 4, "Plan Width": 16, "Actual Rows": 0, "Actual Loops": 1, "Sort Key": ["catalog_returns.cr_returned_date_sk"], "Sort Method": "quicksort", "Sort Space Used": 25, "Sort Space Type": "Memory", "Plans": [{"Node Type": "Hash Join", "Parent Relationship": "Outer", "Parallel Aware": false, "Async Capable": false, "Join Type": "Inner", "Startup Cost": 10000000021.95, "Total Cost": 10000047006.84, "Plan Rows": 4, "Plan Width": 16, "Actual Rows": 0, "Actual Loops": 1, "Inner Unique": true, "Hash Cond": "(catalog_returns.cr_call_center_sk = call_center.cc_call_center_sk)", "Plans": [{"Node Type": "Hash Join", "Parent Relationship": "Outer", "Parallel Aware": false, "Async Capable": false, "Join Type": "Inner", "Startup Cost": 10000000008.15, "Total Cost": 10000046993.03, "Plan Rows": 4, "Plan Width": 20, "Actual Rows": 0, "Actual Loops": 1, "Inner Unique": true, "Hash Cond": "(catalog_returns.cr_returning_customer_sk = customer.c_customer_sk)", "Plans": [{"Node Type": "Seq Scan", "Parent Relationship": "Outer", "Parallel Aware": false, "Async Capable": false, "Relation Name": "catalog_returns", "Alias": "catalog_returns", "Startup Cost": 10000000000.0, "Total Cost": 10000043205.49, "Plan Rows": 1439749, "Plan Width": 12, "Actual Rows": 0, "Actual Loops": 0}, {"Node Type": "Hash", "Parent Relationship": "Inner", "Parallel Aware": false, "Async Capable": false, "Startup Cost": 8.14, "Total Cost": 8.14, "Plan Rows": 1, "Plan Width": 16, "Actual Rows": 0, "Actual Loops": 1, "Hash Buckets": 1024, "Original Hash Buckets": 1024, "Hash Batches": 1, "Original Hash Batches": 1, "Peak Memory Usage": 8, "Plans": [{"Node Type": "Index Scan", "Parent Relationship": "Outer", "Parallel Aware": false, "Async Capable": false, "Scan Direction": "Forward", "Index Name": "customer_pkey", "Relation Name": "customer", "Alias": "customer", "Startup Cost": 0.12, "Total Cost": 8.14, "Plan Rows": 1, "Plan Width": 16, "Actual Rows": 0, "Actual Loops": 1}]}]}, {"Node Type": "Hash", "Parent Relationship": "Inner", "Parallel Aware": false, "Async Capable": false, "Startup Cost": 13.5, "Total Cost": 13.5, "Plan Rows": 24, "Plan Width": 4, "Actual Rows": 24, "Actual Loops": 1, "Hash Buckets": 1024, "Original Hash Buckets": 1024, "Hash Batches": 1, "Original Hash Batches": 1, "Peak Memory Usage": 9, "Plans": [{"Node Type": "Index Scan", "Parent Relationship": "Outer", "Parallel Aware": false, "Async Capable": false, "Scan Direction": "Forward", "Index Name": "call_center_pkey", "Relation Name": "call_center", "Alias": "call_center", "Startup Cost": 0.14, "Total Cost": 13.5, "Plan Rows": 24, "Plan Width": 4, "Actual Rows": 24, "Actual Loops": 1}]}]}]}, {"Node Type": "Index Scan", "Parent Relationship": "Inner", "Parallel Aware": false, "Async Capable": false, "Scan Direction": "Forward", "Index Name": "date_dim_pkey", "Relation Name": "date_dim", "Alias": "date_dim", "Startup Cost": 0.29, "Total Cost": 3696.27, "Plan Rows": 30, "Plan Width": 4, "Actual Rows": 0, "Actual Loops": 0, "Filter": "((d_year = 2000) AND (d_moy = 11))", "Rows Removed by Filter": 0}]}]}, {"Node Type": "Index Scan", "Parent Relationship": "Inner", "Parallel Aware": false, "Async Capable": false, "Scan Direction": "Forward", "Index Name": "household_demographics_pkey", "Relation Name": "household_demographics", "Alias": "household_demographics", "Startup Cost": 0.28, "Total Cost": 270.28, "Plan Rows": 1200, "Plan Width": 4, "Actual Rows": 0, "Actual Loops": 0, "Filter": "(hd_buy_potential ~~ '501-1000%'::text)", "Rows Removed by Filter": 0}]}]}, {"Node Type": "Index Scan", "Parent Relationship": "Inner", "Parallel Aware": false, "Async Capable": false, "Scan Direction": "Forward", "Index Name": "customer_address_pkey", "Relation Name": "customer_address", "Alias": "customer_address", "Startup Cost": 0.42, "Total Cost": 12615.12, "Plan Rows": 27412, "Plan Width": 4, "Actual Rows": 0, "Actual Loops": 0, "Filter": "(ca_gmt_offset = '-7'::numeric)", "Rows Removed by Filter": 0}]}]}]}]}, "Planning Time": 0.744, "Triggers": [], "Execution Time": 0.135}, {"Plan": {"Node Type": "Aggregate", "Strategy": "Plain", "Partial Mode": "Simple", "Parallel Aware": false, "Async Capable": false, "Startup Cost": 10000047020.14, "Total Cost": 10000047020.15, "Plan Rows": 1, "Plan Width": 8, "Actual Rows": 1, "Actual Loops": 1, "Plans": [{"Node Type": "Nested Loop", "Parent Relationship": "Outer", "Parallel Aware": false, "Async Capable": false, "Join Type": "Inner", "Startup Cost": 10000000009.71, "Total Cost": 10000047020.14, "Plan Rows": 1, "Plan Width": 0, "Actual Rows": 0, "Actual Loops": 1, "Inner Unique": true, "Plans": [{"Node Type": "Nested Loop", "Parent Relationship": "Outer", "Parallel Aware": false, "Async Capable": false, "Join Type": "Inner", "Startup Cost": 10000000009.43, "Total Cost": 10000047011.83, "Plan Rows": 1, "Plan Width": 4, "Actual Rows": 0, "Actual Loops": 1, "Inner Unique": true, "Plans": [{"Node Type": "Nested Loop", "Parent Relationship": "Outer", "Parallel Aware": false, "Async Capable": false, "Join Type": "Inner", "Startup Cost": 10000000009.0, "Total Cost": 10000047003.37, "Plan Rows": 1, "Plan Width": 8, "Actual Rows": 0, "Actual Loops": 1, "Inner Unique": true, "Plans": [{"Node Type": "Nested Loop", "Parent Relationship": "Outer", "Parallel Aware": false, "Async Capable": false, "Join Type": "Inner", "Startup Cost": 10000000008.58, "Total Cost": 10000046994.93, "Plan Rows": 1, "Plan Width": 12, "Actual Rows": 0, "Actual Loops": 1, "Inner Unique": true, "Plans": [{"Node Type": "Nested Loop", "Parent Relationship": "Outer", "Parallel Aware": false, "Async Capable": false, "Join Type": "Inner", "Startup Cost": 10000000008.29, "Total Cost": 10000046993.65, "Plan Rows": 4, "Plan Width": 16, "Actual Rows": 0, "Actual Loops": 1, "Inner Unique": true, "Plans": [{"Node Type": "Hash Join", "Parent Relationship": "Outer", "Parallel Aware": false, "Async Capable": false, "Join Type": "Inner", "Startup Cost": 10000000008.15, "Total Cost": 10000046993.03, "Plan Rows": 4, "Plan Width": 20, "Actual Rows": 0, "Actual Loops": 1, "Inner Unique": true, "Hash Cond": "(catalog_returns.cr_returning_customer_sk = customer.c_customer_sk)", "Plans": [{"Node Type": "Seq Scan", "Parent Relationship": "Outer", "Parallel Aware": false, "Async Capable": false, "Relation Name": "catalog_returns", "Alias": "catalog_returns", "Startup Cost": 10000000000.0, "Total Cost": 10000043205.49, "Plan Rows": 1439749, "Plan Width": 12, "Actual Rows": 0, "Actual Loops": 0}, {"Node Type": "Hash", "Parent Relationship": "Inner", "Parallel Aware": false, "Async Capable": false, "Startup Cost": 8.14, "Total Cost": 8.14, "Plan Rows": 1, "Plan Width": 16, "Actual Rows": 0, "Actual Loops": 1, "Hash Buckets": 1024, "Original Hash Buckets": 1024, "Hash Batches": 1, "Original Hash Batches": 1, "Peak Memory Usage": 8, "Plans": [{"Node Type": "Index Scan", "Parent Relationship": "Outer", "Parallel Aware": false, "Async Capable": false, "Scan Direction": "Forward", "Index Name": "customer_pkey", "Relation Name": "customer", "Alias": "customer", "Startup Cost": 0.12, "Total Cost": 8.14, "Plan Rows": 1, "Plan Width": 16, "Actual Rows": 0, "Actual Loops": 1}]}]}, {"Node Type": "Index Scan", "Parent Relationship": "Inner", "Parallel Aware": false, "Async Capable": false, "Scan Direction": "Forward", "Index Name": "call_center_pkey", "Relation Name": "call_center", "Alias": "call_center", "Startup Cost": 0.14, "Total Cost": 0.16, "Plan Rows": 1, "Plan Width": 4, "Actual Rows": 0, "Actual Loops": 0, "Index Cond": "(cc_call_center_sk = catalog_returns.cr_call_center_sk)", "Rows Removed by Index Recheck": 0}]}, {"Node Type": "Index Scan", "Parent Relationship": "Inner", "Parallel Aware": false, "Async Capable": false, "Scan Direction": "Forward", "Index Name": "date_dim_pkey", "Relation Name": "date_dim", "Alias": "date_dim", "Startup Cost": 0.29, "Total Cost": 0.32, "Plan Rows": 1, "Plan Width": 4, "Actual Rows": 0, "Actual Loops": 0, "Index Cond": "(d_date_sk = catalog_returns.cr_returned_date_sk)", "Rows Removed by Index Recheck": 0, "Filter": "((d_year = 2000) AND (d_moy = 11))", "Rows Removed by Filter": 0}]}, {"Node Type": "Index Scan", "Parent Relationship": "Inner", "Parallel Aware": false, "Async Capable": false, "Scan Direction": "Forward", "Index Name": "customer_address_pkey", "Relation Name": "customer_address", "Alias": "customer_address", "Startup Cost": 0.42, "Total Cost": 8.44, "Plan Rows": 1, "Plan Width": 4, "Actual Rows": 0, "Actual Loops": 0, "Index Cond": "(ca_address_sk = customer.c_current_addr_sk)", "Rows Removed by Index Recheck": 0, "Filter": "(ca_gmt_offset = '-7'::numeric)", "Rows Removed by Filter": 0}]}, {"Node Type": "Index Scan", "Parent Relationship": "Inner", "Parallel Aware": false, "Async Capable": false, "Scan Direction": "Forward", "Index Name": "customer_demographics_pkey", "Relation Name": "customer_demographics", "Alias": "customer_demographics", "Startup Cost": 0.43, "Total Cost": 8.46, "Plan Rows": 1, "Plan Width": 4, "Actual Rows": 0, "Actual Loops": 0, "Index Cond": "(cd_demo_sk = customer.c_current_cdemo_sk)", "Rows Removed by Index Recheck": 0, "Filter": "(((cd_marital_status = 'M'::bpchar) AND (cd_education_status = 'Unknown'::bpchar)) OR ((cd_marital_status = 'W'::bpchar) AND (cd_education_status = 'Advanced Degree'::bpchar)))", "Rows Removed by Filter": 0}]}, {"Node Type": "Index Scan", "Parent Relationship": "Inner", "Parallel Aware": false, "Async Capable": false, "Scan Direction": "Forward", "Index Name": "household_demographics_pkey", "Relation Name": "household_demographics", "Alias": "household_demographics", "Startup Cost": 0.28, "Total Cost": 8.3, "Plan Rows": 1, "Plan Width": 4, "Actual Rows": 0, "Actual Loops": 0, "Index Cond": "(hd_demo_sk = customer.c_current_hdemo_sk)", "Rows Removed by Index Recheck": 0, "Filter": "(hd_buy_potential ~~ '501-1000%'::text)", "Rows Removed by Filter": 0}]}]}, "Planning Time": 0.644, "Triggers": [], "Execution Time": 0.049}, {"Plan": {"Node Type": "Aggregate", "Strategy": "Plain", "Partial Mode": "Simple", "Parallel Aware": false, "Async Capable": false, "Startup Cost": 34378.02, "Total Cost": 34378.03, "Plan Rows": 1, "Plan Width": 8, "Actual Rows": 1, "Actual Loops": 1, "Plans": [{"Node Type": "Nested Loop", "Parent Relationship": "Outer", "Parallel Aware": false, "Async Capable": false, "Join Type": "Inner", "Startup Cost": 1001.57, "Total Cost": 34378.02, "Plan Rows": 1, "Plan Width": 0, "Actual Rows": 0, "Actual Loops": 1, "Inner Unique": true, "Plans": [{"Node Type": "Nested Loop", "Parent Relationship": "Outer", "Parallel Aware": false, "Async Capable": false, "Join Type": "Inner", "Startup Cost": 1001.29, "Total Cost": 34369.7, "Plan Rows": 1, "Plan Width": 4, "Actual Rows": 0, "Actual Loops": 1, "Inner Unique": true, "Plans": [{"Node Type": "Nested Loop", "Parent Relationship": "Outer", "Parallel Aware": false, "Async Capable": false, "Join Type": "Inner", "Startup Cost": 1000.86, "Total Cost": 34361.25, "Plan Rows": 1, "Plan Width": 8, "Actual Rows": 0, "Actual Loops": 1, "Inner Unique": true, "Plans": [{"Node Type": "Nested Loop", "Parent Relationship": "Outer", "Parallel Aware": false, "Async Capable": false, "Join Type": "Inner", "Startup Cost": 1000.44, "Total Cost": 34352.81, "Plan Rows": 1, "Plan Width": 12, "Actual Rows": 0, "Actual Loops": 1, "Inner Unique": true, "Plans": [{"Node Type": "Gather", "Parent Relationship": "Outer", "Parallel Aware": false, "Async Capable": false, "Startup Cost": 1000.3, "Total Cost": 34352.65, "Plan Rows": 1, "Plan Width": 16, "Actual Rows": 0, "Actual Loops": 1, "Workers Planned": 4, "Workers Launched": 4, "Single Copy": false, "Plans": [{"Node Type": "Nested Loop", "Parent Relationship": "Outer", "Parallel Aware": false, "Async Capable": false, "Join Type": "Inner", "Startup Cost": 0.3, "Total Cost": 33352.55, "Plan Rows": 1, "Plan Width": 16, "Actual Rows": 0, "Actual Loops": 5, "Inner Unique": true, "Workers": [], "Plans": [{"Node Type": "Hash Join", "Parent Relationship": "Outer", "Parallel Aware": false, "Async Capable": false, "Join Type": "Inner", "Startup Cost": 0.01, "Total Cost": 33352.23, "Plan Rows": 1, "Plan Width": 20, "Actual Rows": 0, "Actual Loops": 5, "Inner Unique": true, "Hash Cond": "(catalog_returns.cr_returning_customer_sk = customer.c_customer_sk)", "Workers": [], "Plans": [{"Node Type": "Seq Scan", "Parent Relationship": "Outer", "Parallel Aware": true, "Async Capable": false, "Relation Name": "catalog_returns", "Alias": "catalog_returns", "Startup Cost": 0.0, "Total Cost": 32407.37, "Plan Rows": 359937, "Plan Width": 12, "Actual Rows": 0, "Actual Loops": 0, "Workers": []}, {"Node Type": "Hash", "Parent Relationship": "Inner", "Parallel Aware": false, "Async Capable": false, "Startup Cost": 0.0, "Total Cost": 0.0, "Plan Rows": 1, "Plan Width": 16, "Actual Rows": 0, "Actual Loops": 5, "Hash Buckets": 1024, "Original Hash Buckets": 1024, "Hash Batches": 1, "Original Hash Batches": 1, "Peak Memory Usage": 8, "Workers": [], "Plans": [{"Node Type": "Seq Scan", "Parent Relationship": "Outer", "Parallel Aware": false, "Async Capable": false, "Relation Name": "customer", "Alias": "customer", "Startup Cost": 0.0, "Total Cost": 0.0, "Plan Rows": 1, "Plan Width": 16, "Actual Rows": 0, "Actual Loops": 5, "Workers": []}]}]}, {"Node Type": "Index Scan", "Parent Relationship": "Inner", "Parallel Aware": false, "Async Capable": false, "Scan Direction": "Forward", "Index Name": "date_dim_pkey", "Relation Name": "date_dim", "Alias": "date_dim", "Startup Cost": 0.29, "Total Cost": 0.32, "Plan Rows": 1, "Plan Width": 4, "Actual Rows": 0, "Actual Loops": 0, "Index Cond": "(d_date_sk = catalog_returns.cr_returned_date_sk)", "Rows Removed by Index Recheck": 0, "Filter": "((d_year = 2000) AND (d_moy = 11))", "Rows Removed by Filter": 0, "Workers": []}]}]}, {"Node Type": "Index Scan", "Parent Relationship": "Inner", "Parallel Aware": false, "Async Capable": false, "Scan Direction": "Forward", "Index Name": "call_center_pkey", "Relation Name": "call_center", "Alias": "call_center", "Startup Cost": 0.14, "Total Cost": 0.16, "Plan Rows": 1, "Plan Width": 4, "Actual Rows": 0, "Actual Loops": 0, "Index Cond": "(cc_call_center_sk = catalog_returns.cr_call_center_sk)", "Rows Removed by Index Recheck": 0}]}, {"Node Type": "Index Scan", "Parent Relationship": "Inner", "Parallel Aware": false, "Async Capable": false, "Scan Direction": "Forward", "Index Name": "customer_address_pkey", "Relation Name": "customer_address", "Alias": "customer_address", "Startup Cost": 0.42, "Total Cost": 8.44, "Plan Rows": 1, "Plan Width": 4, "Actual Rows": 0, "Actual Loops": 0, "Index Cond": "(ca_address_sk = customer.c_current_addr_sk)", "Rows Removed by Index Recheck": 0, "Filter": "(ca_gmt_offset = '-7'::numeric)", "Rows Removed by Filter": 0}]}, {"Node Type": "Index Scan", "Parent Relationship": "Inner", "Parallel Aware": false, "Async Capable": false, "Scan Direction": "Forward", "Index Name": "customer_demographics_pkey", "Relation Name": "customer_demographics", "Alias": "customer_demographics", "Startup Cost": 0.43, "Total Cost": 8.46, "Plan Rows": 1, "Plan Width": 4, "Actual Rows": 0, "Actual Loops": 0, "Index Cond": "(cd_demo_sk = customer.c_current_cdemo_sk)", "Rows Removed by Index Recheck": 0, "Filter": "(((cd_marital_status = 'M'::bpchar) AND (cd_education_status = 'Unknown'::bpchar)) OR ((cd_marital_status = 'W'::bpchar) AND (cd_education_status = 'Advanced Degree'::bpchar)))", "Rows Removed by Filter": 0}]}, {"Node Type": "Index Scan", "Parent Relationship": "Inner", "Parallel Aware": false, "Async Capable": false, "Scan Direction": "Forward", "Index Name": "household_demographics_pkey", "Relation Name": "household_demographics", "Alias": "household_demographics", "Startup Cost": 0.28, "Total Cost": 8.3, "Plan Rows": 1, "Plan Width": 4, "Actual Rows": 0, "Actual Loops": 0, "Index Cond": "(hd_demo_sk = customer.c_current_hdemo_sk)", "Rows Removed by Index Recheck": 0, "Filter": "(hd_buy_potential ~~ '501-1000%'::text)", "Rows Removed by Filter": 0}]}]}, "Planning Time": 0.844, "Triggers": [], "Execution Time": 11.304}, {"Plan": {"Node Type": "Aggregate", "Strategy": "Plain", "Partial Mode": "Simple", "Parallel Aware": false, "Async Capable": false, "Startup Cost": 10000303843.78, "Total Cost": 10000303843.79, "Plan Rows": 1, "Plan Width": 8, "Actual Rows": 1, "Actual Loops": 1, "Plans": [{"Node Type": "Merge Join", "Parent Relationship": "Outer", "Parallel Aware": false, "Async Capable": false, "Join Type": "Inner", "Startup Cost": 10000212622.59, "Total Cost": 10000303843.78, "Plan Rows": 1, "Plan Width": 0, "Actual Rows": 0, "Actual Loops": 1, "Inner Unique": false, "Merge Cond": "(customer_demographics.cd_demo_sk = customer.c_current_cdemo_sk)", "Plans": [{"Node Type": "Index Scan", "Parent Relationship": "Outer", "Parallel Aware": false, "Async Capable": false, "Scan Direction": "Forward", "Index Name": "customer_demographics_pkey", "Relation Name": "customer_demographics", "Alias": "customer_demographics", "Startup Cost": 0.43, "Total Cost": 90951.43, "Plan Rows": 108068, "Plan Width": 4, "Actual Rows": 1, "Actual Loops": 1, "Filter": "(((cd_marital_status = 'M'::bpchar) AND (cd_education_status = 'Unknown'::bpchar)) OR ((cd_marital_status = 'W'::bpchar) AND (cd_education_status = 'Advanced Degree'::bpchar)))", "Rows Removed by Filter": 56}, {"Node Type": "Sort", "Parent Relationship": "Inner", "Parallel Aware": false, "Async Capable": false, "Startup Cost": 10000212622.17, "Total Cost": 10000212622.17, "Plan Rows": 1, "Plan Width": 4, "Actual Rows": 0, "Actual Loops": 1, "Sort Key": ["customer.c_current_cdemo_sk"], "Sort Method": "quicksort", "Sort Space Used": 25, "Sort Space Type": "Memory", "Plans": [{"Node Type": "Merge Join", "Parent Relationship": "Outer", "Parallel Aware": false, "Async Capable": false, "Join Type": "Inner", "Startup Cost": 10000199938.91, "Total Cost": 10000212622.16, "Plan Rows": 1, "Plan Width": 4, "Actual Rows": 0, "Actual Loops": 1, "Inner Unique": true, "Merge Cond": "(customer.c_current_addr_sk = customer_address.ca_address_sk)", "Plans": [{"Node Type": "Sort", "Parent Relationship": "Outer", "Parallel Aware": false, "Async Capable": false, "Startup Cost": 10000199938.49, "Total Cost": 10000199938.5, "Plan Rows": 1, "Plan Width": 8, "Actual Rows": 0, "Actual Loops": 1, "Sort Key": ["customer.c_current_addr_sk"], "Sort Method": "quicksort", "Sort Space Used": 25, "Sort Space Type": "Memory", "Plans": [{"Node Type": "Merge Join", "Parent Relationship": "Outer", "Parallel Aware": false, "Async Capable": false, "Join Type": "Inner", "Startup Cost": 10000199665.46, "Total Cost": 10000199938.48, "Plan Rows": 1, "Plan Width": 8, "Actual Rows": 0, "Actual Loops": 1, "Inner Unique": true, "Merge Cond": "(customer.c_current_hdemo_sk = household_demographics.hd_demo_sk)", "Plans": [{"Node Type": "Sort", "Parent Relationship": "Outer", "Parallel Aware": false, "Async Capable": false, "Startup Cost": 10000199665.18, "Total Cost": 10000199665.19, "Plan Rows": 1, "Plan Width": 12, "Actual Rows": 0, "Actual Loops": 1, "Sort Key": ["customer.c_current_hdemo_sk"], "Sort Method": "quicksort", "Sort Space Used": 25, "Sort Space Type": "Memory", "Plans": [{"Node Type": "Merge Join", "Parent Relationship": "Outer", "Parallel Aware": false, "Async Capable": false, "Join Type": "Inner", "Startup Cost": 10000199541.94, "Total Cost": 10000199665.17, "Plan Rows": 1, "Plan Width": 12, "Actual Rows": 0, "Actual Loops": 1, "Inner Unique": true, "Merge Cond": "(catalog_returns.cr_returned_date_sk = date_dim.d_date_sk)", "Plans": [{"Node Type": "Sort", "Parent Relationship": "Outer", "Parallel Aware": false, "Async Capable": false, "Startup Cost": 10000197693.62, "Total Cost": 10000197693.63, "Plan Rows": 4, "Plan Width": 16, "Actual Rows": 0, "Actual Loops": 1, "Sort Key": ["catalog_returns.cr_returned_date_sk"], "Sort Method": "quicksort", "Sort Space Used": 25, "Sort Space Type": "Memory", "Plans": [{"Node Type": "Merge Join", "Parent Relationship": "Outer", "Parallel Aware": false, "Async Capable": false, "Join Type": "Inner", "Startup Cost": 10000197680.1, "Total Cost": 10000197693.58, "Plan Rows": 4, "Plan Width": 16, "Actual Rows": 0, "Actual Loops": 1, "Inner Unique": true, "Merge Cond": "(catalog_returns.cr_call_center_sk = call_center.cc_call_center_sk)", "Plans": [{"Node Type": "Sort", "Parent Relationship": "Outer", "Parallel Aware": false, "Async Capable": false, "Startup Cost": 10000197679.96, "Total Cost": 10000197679.97, "Plan Rows": 4, "Plan Width": 20, "Actual Rows": 0, "Actual Loops": 1, "Sort Key": ["catalog_returns.cr_call_center_sk"], "Sort Method": "quicksort", "Sort Space Used": 25, "Sort Space Type": "Memory", "Plans": [{"Node Type": "Merge Join", "Parent Relationship": "Outer", "Parallel Aware": false, "Async Capable": false, "Join Type": "Inner", "Startup Cost": 10000190473.12, "Total Cost": 10000197679.92, "Plan Rows": 4, "Plan Width": 20, "Actual Rows": 0, "Actual Loops": 1, "Inner Unique": true, "Merge Cond": "(catalog_returns.cr_returning_customer_sk = customer.c_customer_sk)", "Plans": [{"Node Type": "Sort", "Parent Relationship": "Outer", "Parallel Aware": false, "Async Capable": false, "Startup Cost": 10000190472.99, "Total Cost": 10000194072.37, "Plan Rows": 1439749, "Plan Width": 12, "Actual Rows": 1, "Actual Loops": 1, "Sort Key": ["catalog_returns.cr_returning_customer_sk"], "Sort Method": "quicksort", "Sort Space Used": 105055, "Sort Space Type": "Memory", "Plans": [{"Node Type": "Seq Scan", "Parent Relationship": "Outer", "Parallel Aware": false, "Async Capable": false, "Relation Name": "catalog_returns", "Alias": "catalog_returns", "Startup Cost": 10000000000.0, "Total Cost": 10000043205.49, "Plan Rows": 1439749, "Plan Width": 12, "Actual Rows": 1439749, "Actual Loops": 1}]}, {"Node Type": "Index Scan", "Parent Relationship": "Inner", "Parallel Aware": false, "Async Capable": false, "Scan Direction": "Forward", "Index Name": "customer_pkey", "Relation Name": "customer", "Alias": "customer", "Startup Cost": 0.12, "Total Cost": 8.14, "Plan Rows": 1, "Plan Width": 16, "Actual Rows": 0, "Actual Loops": 1}]}]}, {"Node Type": "Index Only Scan", "Parent Relationship": "Inner", "Parallel Aware": false, "Async Capable": false, "Scan Direction": "Forward", "Index Name": "call_center_pkey", "Relation Name": "call_center", "Alias": "call_center", "Startup Cost": 0.14, "Total Cost": 13.5, "Plan Rows": 24, "Plan Width": 4, "Actual Rows": 0, "Actual Loops": 0, "Heap Fetches": 0}]}]}, {"Node Type": "Index Scan", "Parent Relationship": "Inner", "Parallel Aware": false, "Async Capable": false, "Scan Direction": "Forward", "Index Name": "date_dim_pkey", "Relation Name": "date_dim", "Alias": "date_dim", "Startup Cost": 0.29, "Total Cost": 3696.27, "Plan Rows": 30, "Plan Width": 4, "Actual Rows": 0, "Actual Loops": 0, "Filter": "((d_year = 2000) AND (d_moy = 11))", "Rows Removed by Filter": 0}]}]}, {"Node Type": "Index Scan", "Parent Relationship": "Inner", "Parallel Aware": false, "Async Capable": false, "Scan Direction": "Forward", "Index Name": "household_demographics_pkey", "Relation Name": "household_demographics", "Alias": "household_demographics", "Startup Cost": 0.28, "Total Cost": 270.28, "Plan Rows": 1200, "Plan Width": 4, "Actual Rows": 0, "Actual Loops": 0, "Filter": "(hd_buy_potential ~~ '501-1000%'::text)", "Rows Removed by Filter": 0}]}]}, {"Node Type": "Index Scan", "Parent Relationship": "Inner", "Parallel Aware": false, "Async Capable": false, "Scan Direction": "Forward", "Index Name": "customer_address_pkey", "Relation Name": "customer_address", "Alias": "customer_address", "Startup Cost": 0.42, "Total Cost": 12615.12, "Plan Rows": 27412, "Plan Width": 4, "Actual Rows": 0, "Actual Loops": 0, "Filter": "(ca_gmt_offset = '-7'::numeric)", "Rows Removed by Filter": 0}]}]}]}]}, "Planning Time": 1.742, "Triggers": [], "Execution Time": 1062.979}, {"Plan": {"Node Type": "Aggregate", "Strategy": "Plain", "Partial Mode": "Simple", "Parallel Aware": false, "Async Capable": false, "Startup Cost": 10000061236.18, "Total Cost": 10000061236.19, "Plan Rows": 1, "Plan Width": 8, "Actual Rows": 1, "Actual Loops": 1, "Plans": [{"Node Type": "Nested Loop", "Parent Relationship": "Outer", "Parallel Aware": false, "Async Capable": false, "Join Type": "Inner", "Startup Cost": 10000000001.68, "Total Cost": 10000061236.18, "Plan Rows": 1, "Plan Width": 0, "Actual Rows": 0, "Actual Loops": 1, "Inner Unique": true, "Plans": [{"Node Type": "Nested Loop", "Parent Relationship": "Outer", "Parallel Aware": false, "Async Capable": false, "Join Type": "Inner", "Startup Cost": 10000000001.4, "Total Cost": 10000061227.87, "Plan Rows": 1, "Plan Width": 4, "Actual Rows": 0, "Actual Loops": 1, "Inner Unique": true, "Plans": [{"Node Type": "Nested Loop", "Parent Relationship": "Outer", "Parallel Aware": false, "Async Capable": false, "Join Type": "Inner", "Startup Cost": 10000000000.98, "Total Cost": 10000061219.41, "Plan Rows": 1, "Plan Width": 8, "Actual Rows": 0, "Actual Loops": 1, "Inner Unique": true, "Plans": [{"Node Type": "Nested Loop", "Parent Relationship": "Outer", "Parallel Aware": false, "Async Capable": false, "Join Type": "Inner", "Startup Cost": 10000000000.68, "Total Cost": 10000061219.09, "Plan Rows": 1, "Plan Width": 12, "Actual Rows": 0, "Actual Loops": 1, "Inner Unique": true, "Plans": [{"Node Type": "Nested Loop", "Parent Relationship": "Outer", "Parallel Aware": false, "Async Capable": false, "Join Type": "Inner", "Startup Cost": 10000000000.55, "Total Cost": 10000061218.93, "Plan Rows": 1, "Plan Width": 16, "Actual Rows": 0, "Actual Loops": 1, "Inner Unique": false, "Join Filter": "(customer.c_customer_sk = catalog_returns.cr_returning_customer_sk)", "Rows Removed by Join Filter": 0, "Plans": [{"Node Type": "Nested Loop", "Parent Relationship": "Outer", "Parallel Aware": false, "Async Capable": false, "Join Type": "Inner", "Startup Cost": 0.54, "Total Cost": 16.58, "Plan Rows": 1, "Plan Width": 12, "Actual Rows": 0, "Actual Loops": 1, "Inner Unique": true, "Plans": [{"Node Type": "Index Scan", "Parent Relationship": "Outer", "Parallel Aware": false, "Async Capable": false, "Scan Direction": "Forward", "Index Name": "customer_pkey", "Relation Name": "customer", "Alias": "customer", "Startup Cost": 0.12, "Total Cost": 8.14, "Plan Rows": 1, "Plan Width": 16, "Actual Rows": 0, "Actual Loops": 1}, {"Node Type": "Index Scan", "Parent Relationship": "Inner", "Parallel Aware": false, "Async Capable": false, "Scan Direction": "Forward", "Index Name": "customer_address_pkey", "Relation Name": "customer_address", "Alias": "customer_address", "Startup Cost": 0.42, "Total Cost": 8.44, "Plan Rows": 1, "Plan Width": 4, "Actual Rows": 0, "Actual Loops": 0, "Index Cond": "(ca_address_sk = customer.c_current_addr_sk)", "Rows Removed by Index Recheck": 0, "Filter": "(ca_gmt_offset = '-7'::numeric)", "Rows Removed by Filter": 0}]}, {"Node Type": "Seq Scan", "Parent Relationship": "Inner", "Parallel Aware": false, "Async Capable": false, "Relation Name": "catalog_returns", "Alias": "catalog_returns", "Startup Cost": 10000000000.0, "Total Cost": 10000043205.49, "Plan Rows": 1439749, "Plan Width": 12, "Actual Rows": 0, "Actual Loops": 0}]}, {"Node Type": "Index Only Scan", "Parent Relationship": "Inner", "Parallel Aware": false, "Async Capable": false, "Scan Direction": "Forward", "Index Name": "call_center_pkey", "Relation Name": "call_center", "Alias": "call_center", "Startup Cost": 0.14, "Total Cost": 0.16, "Plan Rows": 1, "Plan Width": 4, "Actual Rows": 0, "Actual Loops": 0, "Index Cond": "(cc_call_center_sk = catalog_returns.cr_call_center_sk)", "Rows Removed by Index Recheck": 0, "Heap Fetches": 0}]}, {"Node Type": "Index Scan", "Parent Relationship": "Inner", "Parallel Aware": false, "Async Capable": false, "Scan Direction": "Forward", "Index Name": "date_dim_pkey", "Relation Name": "date_dim", "Alias": "date_dim", "Startup Cost": 0.29, "Total Cost": 0.32, "Plan Rows": 1, "Plan Width": 4, "Actual Rows": 0, "Actual Loops": 0, "Index Cond": "(d_date_sk = catalog_returns.cr_returned_date_sk)", "Rows Removed by Index Recheck": 0, "Filter": "((d_year = 2000) AND (d_moy = 11))", "Rows Removed by Filter": 0}]}, {"Node Type": "Index Scan", "Parent Relationship": "Inner", "Parallel Aware": false, "Async Capable": false, "Scan Direction": "Forward", "Index Name": "customer_demographics_pkey", "Relation Name": "customer_demographics", "Alias": "customer_demographics", "Startup Cost": 0.43, "Total Cost": 8.46, "Plan Rows": 1, "Plan Width": 4, "Actual Rows": 0, "Actual Loops": 0, "Index Cond": "(cd_demo_sk = customer.c_current_cdemo_sk)", "Rows Removed by Index Recheck": 0, "Filter": "(((cd_marital_status = 'M'::bpchar) AND (cd_education_status = 'Unknown'::bpchar)) OR ((cd_marital_status = 'W'::bpchar) AND (cd_education_status = 'Advanced Degree'::bpchar)))", "Rows Removed by Filter": 0}]}, {"Node Type": "Index Scan", "Parent Relationship": "Inner", "Parallel Aware": false, "Async Capable": false, "Scan Direction": "Forward", "Index Name": "household_demographics_pkey", "Relation Name": "household_demographics", "Alias": "household_demographics", "Startup Cost": 0.28, "Total Cost": 8.3, "Plan Rows": 1, "Plan Width": 4, "Actual Rows": 0, "Actual Loops": 0, "Index Cond": "(hd_demo_sk = customer.c_current_hdemo_sk)", "Rows Removed by Index Recheck": 0, "Filter": "(hd_buy_potential ~~ '501-1000%'::text)", "Rows Removed by Filter": 0}]}]}, "Planning Time": 1.152, "Triggers": [], "Execution Time": 0.072}, {"Plan": {"Node Type": "Aggregate", "Strategy": "Plain", "Partial Mode": "Simple", "Parallel Aware": false, "Async Capable": false, "Startup Cost": 37932.38, "Total Cost": 37932.39, "Plan Rows": 1, "Plan Width": 8, "Actual Rows": 1, "Actual Loops": 1, "Plans": [{"Node Type": "Nested Loop", "Parent Relationship": "Outer", "Parallel Aware": false, "Async Capable": false, "Join Type": "Inner", "Startup Cost": 1001.56, "Total Cost": 37932.37, "Plan Rows": 1, "Plan Width": 0, "Actual Rows": 0, "Actual Loops": 1, "Inner Unique": true, "Plans": [{"Node Type": "Nested Loop", "Parent Relationship": "Outer", "Parallel Aware": false, "Async Capable": false, "Join Type": "Inner", "Startup Cost": 1001.28, "Total Cost": 37924.06, "Plan Rows": 1, "Plan Width": 4, "Actual Rows": 0, "Actual Loops": 1, "Inner Unique": true, "Plans": [{"Node Type": "Nested Loop", "Parent Relationship": "Outer", "Parallel Aware": false, "Async Capable": false, "Join Type": "Inner", "Startup Cost": 1000.85, "Total Cost": 37915.6, "Plan Rows": 1, "Plan Width": 8, "Actual Rows": 0, "Actual Loops": 1, "Inner Unique": true, "Plans": [{"Node Type": "Nested Loop", "Parent Relationship": "Outer", "Parallel Aware": false, "Async Capable": false, "Join Type": "Inner", "Startup Cost": 1000.43, "Total Cost": 37907.16, "Plan Rows": 1, "Plan Width": 12, "Actual Rows": 0, "Actual Loops": 1, "Inner Unique": true, "Plans": [{"Node Type": "Gather", "Parent Relationship": "Outer", "Parallel Aware": false, "Async Capable": false, "Startup Cost": 1000.29, "Total Cost": 37907.01, "Plan Rows": 1, "Plan Width": 16, "Actual Rows": 0, "Actual Loops": 1, "Workers Planned": 4, "Workers Launched": 4, "Single Copy": false, "Plans": [{"Node Type": "Nested Loop", "Parent Relationship": "Outer", "Parallel Aware": false, "Async Capable": false, "Join Type": "Inner", "Startup Cost": 0.29, "Total Cost": 36906.91, "Plan Rows": 1, "Plan Width": 16, "Actual Rows": 0, "Actual Loops": 5, "Inner Unique": true, "Workers": [], "Plans": [{"Node Type": "Nested Loop", "Parent Relationship": "Outer", "Parallel Aware": false, "Async Capable": false, "Join Type": "Inner", "Startup Cost": 0.0, "Total Cost": 36906.58, "Plan Rows": 1, "Plan Width": 20, "Actual Rows": 0, "Actual Loops": 5, "Inner Unique": true, "Join Filter": "(customer.c_customer_sk = catalog_returns.cr_returning_customer_sk)", "Rows Removed by Join Filter": 0, "Workers": [], "Plans": [{"Node Type": "Seq Scan", "Parent Relationship": "Outer", "Parallel Aware": true, "Async Capable": false, "Relation Name": "catalog_returns", "Alias": "catalog_returns", "Startup Cost": 0.0, "Total Cost": 32407.37, "Plan Rows": 359937, "Plan Width": 12, "Actual Rows": 287950, "Actual Loops": 5, "Workers": []}, {"Node Type": "Seq Scan", "Parent Relationship": "Inner", "Parallel Aware": false, "Async Capable": false, "Relation Name": "customer", "Alias": "customer", "Startup Cost": 0.0, "Total Cost": 0.0, "Plan Rows": 1, "Plan Width": 16, "Actual Rows": 0, "Actual Loops": 1439749, "Workers": []}]}, {"Node Type": "Index Scan", "Parent Relationship": "Inner", "Parallel Aware": false, "Async Capable": false, "Scan Direction": "Forward", "Index Name": "date_dim_pkey", "Relation Name": "date_dim", "Alias": "date_dim", "Startup Cost": 0.29, "Total Cost": 0.32, "Plan Rows": 1, "Plan Width": 4, "Actual Rows": 0, "Actual Loops": 0, "Index Cond": "(d_date_sk = catalog_returns.cr_returned_date_sk)", "Rows Removed by Index Recheck": 0, "Filter": "((d_year = 2000) AND (d_moy = 11))", "Rows Removed by Filter": 0, "Workers": []}]}]}, {"Node Type": "Index Only Scan", "Parent Relationship": "Inner", "Parallel Aware": false, "Async Capable": false, "Scan Direction": "Forward", "Index Name": "call_center_pkey", "Relation Name": "call_center", "Alias": "call_center", "Startup Cost": 0.14, "Total Cost": 0.16, "Plan Rows": 1, "Plan Width": 4, "Actual Rows": 0, "Actual Loops": 0, "Index Cond": "(cc_call_center_sk = catalog_returns.cr_call_center_sk)", "Rows Removed by Index Recheck": 0, "Heap Fetches": 0}]}, {"Node Type": "Index Scan", "Parent Relationship": "Inner", "Parallel Aware": false, "Async Capable": false, "Scan Direction": "Forward", "Index Name": "customer_address_pkey", "Relation Name": "customer_address", "Alias": "customer_address", "Startup Cost": 0.42, "Total Cost": 8.44, "Plan Rows": 1, "Plan Width": 4, "Actual Rows": 0, "Actual Loops": 0, "Index Cond": "(ca_address_sk = customer.c_current_addr_sk)", "Rows Removed by Index Recheck": 0, "Filter": "(ca_gmt_offset = '-7'::numeric)", "Rows Removed by Filter": 0}]}, {"Node Type": "Index Scan", "Parent Relationship": "Inner", "Parallel Aware": false, "Async Capable": false, "Scan Direction": "Forward", "Index Name": "customer_demographics_pkey", "Relation Name": "customer_demographics", "Alias": "customer_demographics", "Startup Cost": 0.43, "Total Cost": 8.46, "Plan Rows": 1, "Plan Width": 4, "Actual Rows": 0, "Actual Loops": 0, "Index Cond": "(cd_demo_sk = customer.c_current_cdemo_sk)", "Rows Removed by Index Recheck": 0, "Filter": "(((cd_marital_status = 'M'::bpchar) AND (cd_education_status = 'Unknown'::bpchar)) OR ((cd_marital_status = 'W'::bpchar) AND (cd_education_status = 'Advanced Degree'::bpchar)))", "Rows Removed by Filter": 0}]}, {"Node Type": "Index Scan", "Parent Relationship": "Inner", "Parallel Aware": false, "Async Capable": false, "Scan Direction": "Forward", "Index Name": "household_demographics_pkey", "Relation Name": "household_demographics", "Alias": "household_demographics", "Startup Cost": 0.28, "Total Cost": 8.3, "Plan Rows": 1, "Plan Width": 4, "Actual Rows": 0, "Actual Loops": 0, "Index Cond": "(hd_demo_sk = customer.c_current_hdemo_sk)", "Rows Removed by Index Recheck": 0, "Filter": "(hd_buy_potential ~~ '501-1000%'::text)", "Rows Removed by Filter": 0}]}]}, "Planning Time": 0.914, "Triggers": [], "Execution Time": 201.788}, {"Plan": {"Node Type": "Aggregate", "Strategy": "Plain", "Partial Mode": "Simple", "Parallel Aware": false, "Async Capable": false, "Startup Cost": 120072.73, "Total Cost": 120072.74, "Plan Rows": 1, "Plan Width": 8, "Actual Rows": 1, "Actual Loops": 1, "Plans": [{"Node Type": "Merge Join", "Parent Relationship": "Outer", "Parallel Aware": false, "Async Capable": false, "Join Type": "Inner", "Startup Cost": 119935.65, "Total Cost": 120072.73, "Plan Rows": 1, "Plan Width": 0, "Actual Rows": 0, "Actual Loops": 1, "Inner Unique": true, "Merge Cond": "(customer.c_current_addr_sk = customer_address.ca_address_sk)", "Plans": [{"Node Type": "Sort", "Parent Relationship": "Outer", "Parallel Aware": false, "Async Capable": false, "Startup Cost": 109302.04, "Total Cost": 109302.05, "Plan Rows": 1, "Plan Width": 4, "Actual Rows": 0, "Actual Loops": 1, "Sort Key": ["customer.c_current_addr_sk"], "Sort Method": "quicksort", "Sort Space Used": 25, "Sort Space Type": "Memory", "Plans": [{"Node Type": "Merge Join", "Parent Relationship": "Outer", "Parallel Aware": false, "Async Capable": false, "Join Type": "Inner", "Startup Cost": 109296.01, "Total Cost": 109302.03, "Plan Rows": 1, "Plan Width": 4, "Actual Rows": 0, "Actual Loops": 1, "Inner Unique": true, "Merge Cond": "(customer.c_current_hdemo_sk = household_demographics.hd_demo_sk)", "Plans": [{"Node Type": "Sort", "Parent Relationship": "Outer", "Parallel Aware": false, "Async Capable": false, "Startup Cost": 109091.64, "Total Cost": 109091.64, "Plan Rows": 1, "Plan Width": 8, "Actual Rows": 0, "Actual Loops": 1, "Sort Key": ["customer.c_current_hdemo_sk"], "Sort Method": "quicksort", "Sort Space Used": 25, "Sort Space Type": "Memory", "Plans": [{"Node Type": "Merge Join", "Parent Relationship": "Outer", "Parallel Aware": false, "Async Capable": false, "Join Type": "Inner", "Startup Cost": 109091.49, "Total Cost": 109091.63, "Plan Rows": 1, "Plan Width": 8, "Actual Rows": 0, "Actual Loops": 1, "Inner Unique": true, "Merge Cond": "(catalog_returns.cr_call_center_sk = call_center.cc_call_center_sk)", "Plans": [{"Node Type": "Sort", "Parent Relationship": "Outer", "Parallel Aware": false, "Async Capable": false, "Startup Cost": 109088.7, "Total Cost": 109088.71, "Plan Rows": 1, "Plan Width": 12, "Actual Rows": 0, "Actual Loops": 1, "Sort Key": ["catalog_returns.cr_call_center_sk"], "Sort Method": "quicksort", "Sort Space Used": 25, "Sort Space Type": "Memory", "Plans": [{"Node Type": "Merge Join", "Parent Relationship": "Outer", "Parallel Aware": false, "Async Capable": false, "Join Type": "Inner", "Startup Cost": 109085.72, "Total Cost": 109088.69, "Plan Rows": 1, "Plan Width": 12, "Actual Rows": 0, "Actual Loops": 1, "Inner Unique": false, "Merge Cond": "(catalog_returns.cr_returning_customer_sk = customer.c_customer_sk)", "Plans": [{"Node Type": "Sort", "Parent Relationship": "Outer", "Parallel Aware": false, "Async Capable": false, "Startup Cost": 71032.87, "Total Cost": 71034.35, "Plan Rows": 591, "Plan Width": 8, "Actual Rows": 1, "Actual Loops": 1, "Sort Key": ["catalog_returns.cr_returning_customer_sk"], "Sort Method": "quicksort", "Sort Space Used": 1374, "Sort Space Type": "Memory", "Plans": [{"Node Type": "Gather", "Parent Relationship": "Outer", "Parallel Aware": false, "Async Capable": false, "Startup Cost": 69145.4, "Total Cost": 71005.67, "Plan Rows": 591, "Plan Width": 8, "Actual Rows": 19425, "Actual Loops": 1, "Workers Planned": 4, "Workers Launched": 4, "Single Copy": false, "Plans": [{"Node Type": "Merge Join", "Parent Relationship": "Outer", "Parallel Aware": false, "Async Capable": false, "Join Type": "Inner", "Startup Cost": 68145.4, "Total Cost": 69946.57, "Plan Rows": 148, "Plan Width": 8, "Actual Rows": 3885, "Actual Loops": 5, "Inner Unique": true, "Merge Cond": "(catalog_returns.cr_returned_date_sk = date_dim.d_date_sk)", "Workers": [], "Plans": [{"Node Type": "Sort", "Parent Relationship": "Outer", "Parallel Aware": false, "Async Capable": false, "Startup Cost": 65624.85, "Total Cost": 66524.69, "Plan Rows": 359937, "Plan Width": 12, "Actual Rows": 134492, "Actual Loops": 5, "Sort Key": ["catalog_returns.cr_returned_date_sk"], "Sort Method": "quicksort", "Sort Space Used": 27708, "Sort Space Type": "Memory", "Workers": [{"Worker Number": 0, "Sort Method": "quicksort", "Sort Space Used": 15567, "Sort Space Type": "Memory"}, {"Worker Number": 1, "Sort Method": "quicksort", "Sort Space Used": 22514, "Sort Space Type": "Memory"}, {"Worker Number": 2, "Sort Method": "quicksort", "Sort Space Used": 22628, "Sort Space Type": "Memory"}, {"Worker Number": 3, "Sort Method": "quicksort", "Sort Space Used": 22784, "Sort Space Type": "Memory"}], "Plans": [{"Node Type": "Seq Scan", "Parent Relationship": "Outer", "Parallel Aware": true, "Async Capable": false, "Relation Name": "catalog_returns", "Alias": "catalog_returns", "Startup Cost": 0.0, "Total Cost": 32407.37, "Plan Rows": 359937, "Plan Width": 12, "Actual Rows": 287950, "Actual Loops": 5, "Workers": []}]}, {"Node Type": "Sort", "Parent Relationship": "Inner", "Parallel Aware": false, "Async Capable": false, "Startup Cost": 2520.47, "Total Cost": 2520.55, "Plan Rows": 30, "Plan Width": 4, "Actual Rows": 30, "Actual Loops": 5, "Sort Key": ["date_dim.d_date_sk"], "Sort Method": "quicksort", "Sort Space Used": 25, "Sort Space Type": "Memory", "Workers": [{"Worker Number": 0, "Sort Method": "quicksort", "Sort Space Used": 25, "Sort Space Type": "Memory"}, {"Worker Number": 1, "Sort Method": "quicksort", "Sort Space Used": 25, "Sort Space Type": "Memory"}, {"Worker Number": 2, "Sort Method": "quicksort", "Sort Space Used": 25, "Sort Space Type": "Memory"}, {"Worker Number": 3, "Sort Method": "quicksort", "Sort Space Used": 25, "Sort Space Type": "Memory"}], "Plans": [{"Node Type": "Seq Scan", "Parent Relationship": "Outer", "Parallel Aware": false, "Async Capable": false, "Relation Name": "date_dim", "Alias": "date_dim", "Startup Cost": 0.0, "Total Cost": 2519.73, "Plan Rows": 30, "Plan Width": 4, "Actual Rows": 30, "Actual Loops": 5, "Filter": "((d_year = 2000) AND (d_moy = 11))", "Rows Removed by Filter": 73019, "Workers": []}]}]}]}]}, {"Node Type": "Sort", "Parent Relationship": "Inner", "Parallel Aware": false, "Async Capable": false, "Startup Cost": 38052.85, "Total Cost": 38052.85, "Plan Rows": 1, "Plan Width": 12, "Actual Rows": 0, "Actual Loops": 1, "Sort Key": ["customer.c_customer_sk"], "Sort Method": "quicksort", "Sort Space Used": 25, "Sort Space Type": "Memory", "Plans": [{"Node Type": "Gather", "Parent Relationship": "Outer", "Parallel Aware": false, "Async Capable": false, "Startup Cost": 37878.41, "Total Cost": 38052.84, "Plan Rows": 1, "Plan Width": 12, "Actual Rows": 0, "Actual Loops": 1, "Workers Planned": 3, "Workers Launched": 3, "Single Copy": false, "Plans": [{"Node Type": "Merge Join", "Parent Relationship": "Outer", "Parallel Aware": false, "Async Capable": false, "Join Type": "Inner", "Startup Cost": 36878.41, "Total Cost": 37052.74, "Plan Rows": 1, "Plan Width": 12, "Actual Rows": 0, "Actual Loops": 4, "Inner Unique": false, "Merge Cond": "(customer_demographics.cd_demo_sk = customer.c_current_cdemo_sk)", "Workers": [], "Plans": [{"Node Type": "Sort", "Parent Relationship": "Outer", "Parallel Aware": false, "Async Capable": false, "Startup Cost": 36878.4, "Total Cost": 36965.56, "Plan Rows": 34861, "Plan Width": 4, "Actual Rows": 1, "Actual Loops": 4, "Sort Key": ["customer_demographics.cd_demo_sk"], "Sort Method": "quicksort", "Sort Space Used": 1537, "Sort Space Type": "Memory", "Workers": [{"Worker Number": 0, "Sort Method": "quicksort", "Sort Space Used": 769, "Sort Space Type": "Memory"}, {"Worker Number": 1, "Sort Method": "quicksort", "Sort Space Used": 769, "Sort Space Type": "Memory"}, {"Worker Number": 2, "Sort Method": "quicksort", "Sort Space Used": 769, "Sort Space Type": "Memory"}], "Plans": [{"Node Type": "Seq Scan", "Parent Relationship": "Outer", "Parallel Aware": true, "Async Capable": false, "Relation Name": "customer_demographics", "Alias": "customer_demographics", "Startup Cost": 0.0, "Total Cost": 34248.26, "Plan Rows": 34861, "Plan Width": 4, "Actual Rows": 27440, "Actual Loops": 4, "Filter": "(((cd_marital_status = 'M'::bpchar) AND (cd_education_status = 'Unknown'::bpchar)) OR ((cd_marital_status = 'W'::bpchar) AND (cd_education_status = 'Advanced Degree'::bpchar)))", "Rows Removed by Filter": 452760, "Workers": []}]}, {"Node Type": "Sort", "Parent Relationship": "Inner", "Parallel Aware": false, "Async Capable": false, "Startup Cost": 0.01, "Total Cost": 0.02, "Plan Rows": 1, "Plan Width": 16, "Actual Rows": 0, "Actual Loops": 4, "Sort Key": ["customer.c_current_cdemo_sk"], "Sort Method": "quicksort", "Sort Space Used": 25, "Sort Space Type": "Memory", "Workers": [{"Worker Number": 0, "Sort Method": "quicksort", "Sort Space Used": 25, "Sort Space Type": "Memory"}, {"Worker Number": 1, "Sort Method": "quicksort", "Sort Space Used": 25, "Sort Space Type": "Memory"}, {"Worker Number": 2, "Sort Method": "quicksort", "Sort Space Used": 25, "Sort Space Type": "Memory"}], "Plans": [{"Node Type": "Seq Scan", "Parent Relationship": "Outer", "Parallel Aware": false, "Async Capable": false, "Relation Name": "customer", "Alias": "customer", "Startup Cost": 0.0, "Total Cost": 0.0, "Plan Rows": 1, "Plan Width": 16, "Actual Rows": 0, "Actual Loops": 4, "Workers": []}]}]}]}]}]}]}, {"Node Type": "Sort", "Parent Relationship": "Inner", "Parallel Aware": false, "Async Capable": false, "Startup Cost": 2.79, "Total Cost": 2.85, "Plan Rows": 24, "Plan Width": 4, "Actual Rows": 0, "Actual Loops": 0, "Sort Key": ["call_center.cc_call_center_sk"], "Plans": [{"Node Type": "Seq Scan", "Parent Relationship": "Outer", "Parallel Aware": false, "Async Capable": false, "Relation Name": "call_center", "Alias": "call_center", "Startup Cost": 0.0, "Total Cost": 2.24, "Plan Rows": 24, "Plan Width": 4, "Actual Rows": 0, "Actual Loops": 0}]}]}]}, {"Node Type": "Sort", "Parent Relationship": "Inner", "Parallel Aware": false, "Async Capable": false, "Startup Cost": 204.37, "Total Cost": 207.37, "Plan Rows": 1200, "Plan Width": 4, "Actual Rows": 0, "Actual Loops": 0, "Sort Key": ["household_demographics.hd_demo_sk"], "Plans": [{"Node Type": "Seq Scan", "Parent Relationship": "Outer", "Parallel Aware": false, "Async Capable": false, "Relation Name": "household_demographics", "Alias": "household_demographics", "Startup Cost": 0.0, "Total Cost": 143.0, "Plan Rows": 1200, "Plan Width": 4, "Actual Rows": 0, "Actual Loops": 0, "Filter": "(hd_buy_potential ~~ '501-1000%'::text)", "Rows Removed by Filter": 0}]}]}]}, {"Node Type": "Sort", "Parent Relationship": "Inner", "Parallel Aware": false, "Async Capable": false, "Startup Cost": 10633.61, "Total Cost": 10702.14, "Plan Rows": 27412, "Plan Width": 4, "Actual Rows": 0, "Actual Loops": 0, "Sort Key": ["customer_address.ca_address_sk"], "Plans": [{"Node Type": "Seq Scan", "Parent Relationship": "Outer", "Parallel Aware": false, "Async Capable": false, "Relation Name": "customer_address", "Alias": "customer_address", "Startup Cost": 0.0, "Total Cost": 8613.0, "Plan Rows": 27412, "Plan Width": 4, "Actual Rows": 0, "Actual Loops": 0, "Filter": "(ca_gmt_offset = '-7'::numeric)", "Rows Removed by Filter": 0}]}]}]}, "Planning Time": 2.151, "Triggers": [], "Execution Time": 401.295}, {"Plan": {"Node Type": "Aggregate", "Strategy": "Plain", "Partial Mode": "Simple", "Parallel Aware": false, "Async Capable": false, "Startup Cost": 70000088205.73, "Total Cost": 70000088205.74, "Plan Rows": 1, "Plan Width": 8, "Actual Rows": 1, "Actual Loops": 1, "Plans": [{"Node Type": "Nested Loop", "Parent Relationship": "Outer", "Parallel Aware": false, "Async Capable": false, "Join Type": "Inner", "Startup Cost": 70000088178.35, "Total Cost": 70000088205.73, "Plan Rows": 1, "Plan Width": 0, "Actual Rows": 0, "Actual Loops": 1, "Inner Unique": true, "Plans": [{"Node Type": "Nested Loop", "Parent Relationship": "Outer", "Parallel Aware": false, "Async Capable": false, "Join Type": "Inner", "Startup Cost": 60000088174.06, "Total Cost": 60000088197.41, "Plan Rows": 1, "Plan Width": 4, "Actual Rows": 0, "Actual Loops": 1, "Inner Unique": true, "Plans": [{"Node Type": "Nested Loop", "Parent Relationship": "Outer", "Parallel Aware": false, "Async Capable": false, "Join Type": "Inner", "Startup Cost": 50000088169.62, "Total Cost": 50000088188.96, "Plan Rows": 1, "Plan Width": 8, "Actual Rows": 0, "Actual Loops": 1, "Inner Unique": true, "Plans": [{"Node Type": "Nested Loop", "Parent Relationship": "Outer", "Parallel Aware": false, "Async Capable": false, "Join Type": "Inner", "Startup Cost": 40000088165.2, "Total Cost": 40000088180.51, "Plan Rows": 1, "Plan Width": 12, "Actual Rows": 0, "Actual Loops": 1, "Inner Unique": true, "Plans": [{"Node Type": "Merge Join", "Parent Relationship": "Outer", "Parallel Aware": false, "Async Capable": false, "Join Type": "Inner", "Startup Cost": 30000088165.05, "Total Cost": 30000088176.03, "Plan Rows": 1, "Plan Width": 16, "Actual Rows": 0, "Actual Loops": 1, "Inner Unique": true, "Merge Cond": "(catalog_returns.cr_returning_customer_sk = customer.c_customer_sk)", "Plans": [{"Node Type": "Sort", "Parent Relationship": "Outer", "Parallel Aware": false, "Async Capable": false, "Startup Cost": 20000088164.93, "Total Cost": 20000088166.4, "Plan Rows": 591, "Plan Width": 8, "Actual Rows": 1, "Actual Loops": 1, "Sort Key": ["catalog_returns.cr_returning_customer_sk"], "Sort Method": "quicksort", "Sort Space Used": 1374, "Sort Space Type": "Memory", "Plans": [{"Node Type": "Nested Loop", "Parent Relationship": "Outer", "Parallel Aware": false, "Async Capable": false, "Join Type": "Inner", "Startup Cost": 20000000000.31, "Total Cost": 20000088137.72, "Plan Rows": 591, "Plan Width": 8, "Actual Rows": 19425, "Actual Loops": 1, "Inner Unique": true, "Plans": [{"Node Type": "Seq Scan", "Parent Relationship": "Outer", "Parallel Aware": false, "Async Capable": false, "Relation Name": "catalog_returns", "Alias": "catalog_returns", "Startup Cost": 10000000000.0, "Total Cost": 10000043205.49, "Plan Rows": 1439749, "Plan Width": 12, "Actual Rows": 1439749, "Actual Loops": 1}, {"Node Type": "Memoize", "Parent Relationship": "Inner", "Parallel Aware": false, "Async Capable": false, "Startup Cost": 0.31, "Total Cost": 4.33, "Plan Rows": 1, "Plan Width": 4, "Actual Rows": 0, "Actual Loops": 1439749, "Cache Key": "catalog_returns.cr_returned_date_sk", "Cache Mode": "logical", "Cache Hits": 1437657, "Cache Misses": 2092, "Cache Evictions": 0, "Cache Overflows": 0, "Peak Memory Usage": 140, "Plans": [{"Node Type": "Bitmap Heap Scan", "Parent Relationship": "Outer", "Parallel Aware": false, "Async Capable": false, "Relation Name": "date_dim", "Alias": "date_dim", "Startup Cost": 0.3, "Total Cost": 4.32, "Plan Rows": 1, "Plan Width": 4, "Actual Rows": 0, "Actual Loops": 2092, "Recheck Cond": "(d_date_sk = catalog_returns.cr_returned_date_sk)", "Rows Removed by Index Recheck": 0, "Filter": "((d_year = 2000) AND (d_moy = 11))", "Rows Removed by Filter": 1, "Exact Heap Blocks": 2092, "Lossy Heap Blocks": 0, "Plans": [{"Node Type": "Bitmap Index Scan", "Parent Relationship": "Outer", "Parallel Aware": false, "Async Capable": false, "Index Name": "date_dim_pkey", "Startup Cost": 0.0, "Total Cost": 0.3, "Plan Rows": 1, "Plan Width": 0, "Actual Rows": 1, "Actual Loops": 2092, "Index Cond": "(d_date_sk = catalog_returns.cr_returned_date_sk)"}]}]}]}]}, {"Node Type": "Index Scan", "Parent Relationship": "Inner", "Parallel Aware": false, "Async Capable": false, "Scan Direction": "Forward", "Index Name": "customer_pkey", "Relation Name": "customer", "Alias": "customer", "Startup Cost": 10000000000.12, "Total Cost": 10000000008.14, "Plan Rows": 1, "Plan Width": 16, "Actual Rows": 0, "Actual Loops": 1}]}, {"Node Type": "Bitmap Heap Scan", "Parent Relationship": "Inner", "Parallel Aware": false, "Async Capable": false, "Relation Name": "call_center", "Alias": "call_center", "Startup Cost": 0.15, "Total Cost": 4.16, "Plan Rows": 1, "Plan Width": 4, "Actual Rows": 0, "Actual Loops": 0, "Recheck Cond": "(cc_call_center_sk = catalog_returns.cr_call_center_sk)", "Rows Removed by Index Recheck": 0, "Exact Heap Blocks": 0, "Lossy Heap Blocks": 0, "Plans": [{"Node Type": "Bitmap Index Scan", "Parent Relationship": "Outer", "Parallel Aware": false, "Async Capable": false, "Index Name": "call_center_pkey", "Startup Cost": 0.0, "Total Cost": 0.15, "Plan Rows": 1, "Plan Width": 0, "Actual Rows": 0, "Actual Loops": 0, "Index Cond": "(cc_call_center_sk = catalog_returns.cr_call_center_sk)"}]}]}, {"Node Type": "Bitmap Heap Scan", "Parent Relationship": "Inner", "Parallel Aware": false, "Async Capable": false, "Relation Name": "customer_address", "Alias": "customer_address", "Startup Cost": 4.43, "Total Cost": 8.44, "Plan Rows": 1, "Plan Width": 4, "Actual Rows": 0, "Actual Loops": 0, "Recheck Cond": "(ca_address_sk = customer.c_current_addr_sk)", "Rows Removed by Index Recheck": 0, "Filter": "(ca_gmt_offset = '-7'::numeric)", "Rows Removed by Filter": 0, "Exact Heap Blocks": 0, "Lossy Heap Blocks": 0, "Plans": [{"Node Type": "Bitmap Index Scan", "Parent Relationship": "Outer", "Parallel Aware": false, "Async Capable": false, "Index Name": "customer_address_pkey", "Startup Cost": 0.0, "Total Cost": 4.43, "Plan Rows": 1, "Plan Width": 0, "Actual Rows": 0, "Actual Loops": 0, "Index Cond": "(ca_address_sk = customer.c_current_addr_sk)"}]}]}, {"Node Type": "Bitmap Heap Scan", "Parent Relationship": "Inner", "Parallel Aware": false, "Async Capable": false, "Relation Name": "customer_demographics", "Alias": "customer_demographics", "Startup Cost": 4.44, "Total Cost": 8.46, "Plan Rows": 1, "Plan Width": 4, "Actual Rows": 0, "Actual Loops": 0, "Recheck Cond": "(cd_demo_sk = customer.c_current_cdemo_sk)", "Rows Removed by Index Recheck": 0, "Filter": "(((cd_marital_status = 'M'::bpchar) AND (cd_education_status = 'Unknown'::bpchar)) OR ((cd_marital_status = 'W'::bpchar) AND (cd_education_status = 'Advanced Degree'::bpchar)))", "Rows Removed by Filter": 0, "Exact Heap Blocks": 0, "Lossy Heap Blocks": 0, "Plans": [{"Node Type": "Bitmap Index Scan", "Parent Relationship": "Outer", "Parallel Aware": false, "Async Capable": false, "Index Name": "customer_demographics_pkey", "Startup Cost": 0.0, "Total Cost": 4.44, "Plan Rows": 1, "Plan Width": 0, "Actual Rows": 0, "Actual Loops": 0, "Index Cond": "(cd_demo_sk = customer.c_current_cdemo_sk)"}]}]}, {"Node Type": "Bitmap Heap Scan", "Parent Relationship": "Inner", "Parallel Aware": false, "Async Capable": false, "Relation Name": "household_demographics", "Alias": "household_demographics", "Startup Cost": 4.29, "Total Cost": 8.31, "Plan Rows": 1, "Plan Width": 4, "Actual Rows": 0, "Actual Loops": 0, "Recheck Cond": "(hd_demo_sk = customer.c_current_hdemo_sk)", "Rows Removed by Index Recheck": 0, "Filter": "(hd_buy_potential ~~ '501-1000%'::text)", "Rows Removed by Filter": 0, "Exact Heap Blocks": 0, "Lossy Heap Blocks": 0, "Plans": [{"Node Type": "Bitmap Index Scan", "Parent Relationship": "Outer", "Parallel Aware": false, "Async Capable": false, "Index Name": "household_demographics_pkey", "Startup Cost": 0.0, "Total Cost": 4.29, "Plan Rows": 1, "Plan Width": 0, "Actual Rows": 0, "Actual Loops": 0, "Index Cond": "(hd_demo_sk = customer.c_current_hdemo_sk)"}]}]}]}, "Planning Time": 1.745, "Triggers": [], "Execution Time": 1008.635}, {"Plan": {"Node Type": "Aggregate", "Strategy": "Plain", "Partial Mode": "Simple", "Parallel Aware": false, "Async Capable": false, "Startup Cost": 37938.78, "Total Cost": 37938.79, "Plan Rows": 1, "Plan Width": 8, "Actual Rows": 1, "Actual Loops": 1, "Plans": [{"Node Type": "Nested Loop", "Parent Relationship": "Outer", "Parallel Aware": false, "Async Capable": false, "Join Type": "Inner", "Startup Cost": 1013.46, "Total Cost": 37938.78, "Plan Rows": 1, "Plan Width": 0, "Actual Rows": 0, "Actual Loops": 1, "Inner Unique": true, "Plans": [{"Node Type": "Nested Loop", "Parent Relationship": "Outer", "Parallel Aware": false, "Async Capable": false, "Join Type": "Inner", "Startup Cost": 1009.17, "Total Cost": 37930.46, "Plan Rows": 1, "Plan Width": 4, "Actual Rows": 0, "Actual Loops": 1, "Inner Unique": true, "Plans": [{"Node Type": "Nested Loop", "Parent Relationship": "Outer", "Parallel Aware": false, "Async Capable": false, "Join Type": "Inner", "Startup Cost": 1004.74, "Total Cost": 37922.01, "Plan Rows": 1, "Plan Width": 8, "Actual Rows": 0, "Actual Loops": 1, "Inner Unique": true, "Plans": [{"Node Type": "Nested Loop", "Parent Relationship": "Outer", "Parallel Aware": false, "Async Capable": false, "Join Type": "Inner", "Startup Cost": 1000.31, "Total Cost": 37913.56, "Plan Rows": 1, "Plan Width": 12, "Actual Rows": 0, "Actual Loops": 1, "Inner Unique": true, "Join Filter": "(call_center.cc_call_center_sk = catalog_returns.cr_call_center_sk)", "Rows Removed by Join Filter": 0, "Plans": [{"Node Type": "Gather", "Parent Relationship": "Outer", "Parallel Aware": false, "Async Capable": false, "Startup Cost": 1000.31, "Total Cost": 37911.02, "Plan Rows": 1, "Plan Width": 16, "Actual Rows": 0, "Actual Loops": 1, "Workers Planned": 4, "Workers Launched": 4, "Single Copy": false, "Plans": [{"Node Type": "Nested Loop", "Parent Relationship": "Outer", "Parallel Aware": false, "Async Capable": false, "Join Type": "Inner", "Startup Cost": 0.31, "Total Cost": 36910.92, "Plan Rows": 1, "Plan Width": 16, "Actual Rows": 0, "Actual Loops": 5, "Inner Unique": true, "Workers": [], "Plans": [{"Node Type": "Nested Loop", "Parent Relationship": "Outer", "Parallel Aware": false, "Async Capable": false, "Join Type": "Inner", "Startup Cost": 0.0, "Total Cost": 36906.58, "Plan Rows": 1, "Plan Width": 20, "Actual Rows": 0, "Actual Loops": 5, "Inner Unique": true, "Join Filter": "(customer.c_customer_sk = catalog_returns.cr_returning_customer_sk)", "Rows Removed by Join Filter": 0, "Workers": [], "Plans": [{"Node Type": "Seq Scan", "Parent Relationship": "Outer", "Parallel Aware": true, "Async Capable": false, "Relation Name": "catalog_returns", "Alias": "catalog_returns", "Startup Cost": 0.0, "Total Cost": 32407.37, "Plan Rows": 359937, "Plan Width": 12, "Actual Rows": 287950, "Actual Loops": 5, "Workers": []}, {"Node Type": "Seq Scan", "Parent Relationship": "Inner", "Parallel Aware": false, "Async Capable": false, "Relation Name": "customer", "Alias": "customer", "Startup Cost": 0.0, "Total Cost": 0.0, "Plan Rows": 1, "Plan Width": 16, "Actual Rows": 0, "Actual Loops": 1439749, "Workers": []}]}, {"Node Type": "Memoize", "Parent Relationship": "Inner", "Parallel Aware": false, "Async Capable": false, "Startup Cost": 0.31, "Total Cost": 4.33, "Plan Rows": 1, "Plan Width": 4, "Actual Rows": 0, "Actual Loops": 0, "Cache Key": "catalog_returns.cr_returned_date_sk", "Cache Mode": "logical", "Workers": [], "Plans": [{"Node Type": "Bitmap Heap Scan", "Parent Relationship": "Outer", "Parallel Aware": false, "Async Capable": false, "Relation Name": "date_dim", "Alias": "date_dim", "Startup Cost": 0.3, "Total Cost": 4.32, "Plan Rows": 1, "Plan Width": 4, "Actual Rows": 0, "Actual Loops": 0, "Recheck Cond": "(d_date_sk = catalog_returns.cr_returned_date_sk)", "Rows Removed by Index Recheck": 0, "Filter": "((d_year = 2000) AND (d_moy = 11))", "Rows Removed by Filter": 0, "Exact Heap Blocks": 0, "Lossy Heap Blocks": 0, "Workers": [], "Plans": [{"Node Type": "Bitmap Index Scan", "Parent Relationship": "Outer", "Parallel Aware": false, "Async Capable": false, "Index Name": "date_dim_pkey", "Startup Cost": 0.0, "Total Cost": 0.3, "Plan Rows": 1, "Plan Width": 0, "Actual Rows": 0, "Actual Loops": 0, "Index Cond": "(d_date_sk = catalog_returns.cr_returned_date_sk)", "Workers": []}]}]}]}]}, {"Node Type": "Seq Scan", "Parent Relationship": "Inner", "Parallel Aware": false, "Async Capable": false, "Relation Name": "call_center", "Alias": "call_center", "Startup Cost": 0.0, "Total Cost": 2.24, "Plan Rows": 24, "Plan Width": 4, "Actual Rows": 0, "Actual Loops": 0}]}, {"Node Type": "Bitmap Heap Scan", "Parent Relationship": "Inner", "Parallel Aware": false, "Async Capable": false, "Relation Name": "customer_address", "Alias": "customer_address", "Startup Cost": 4.43, "Total Cost": 8.44, "Plan Rows": 1, "Plan Width": 4, "Actual Rows": 0, "Actual Loops": 0, "Recheck Cond": "(ca_address_sk = customer.c_current_addr_sk)", "Rows Removed by Index Recheck": 0, "Filter": "(ca_gmt_offset = '-7'::numeric)", "Rows Removed by Filter": 0, "Exact Heap Blocks": 0, "Lossy Heap Blocks": 0, "Plans": [{"Node Type": "Bitmap Index Scan", "Parent Relationship": "Outer", "Parallel Aware": false, "Async Capable": false, "Index Name": "customer_address_pkey", "Startup Cost": 0.0, "Total Cost": 4.43, "Plan Rows": 1, "Plan Width": 0, "Actual Rows": 0, "Actual Loops": 0, "Index Cond": "(ca_address_sk = customer.c_current_addr_sk)"}]}]}, {"Node Type": "Bitmap Heap Scan", "Parent Relationship": "Inner", "Parallel Aware": false, "Async Capable": false, "Relation Name": "customer_demographics", "Alias": "customer_demographics", "Startup Cost": 4.44, "Total Cost": 8.46, "Plan Rows": 1, "Plan Width": 4, "Actual Rows": 0, "Actual Loops": 0, "Recheck Cond": "(cd_demo_sk = customer.c_current_cdemo_sk)", "Rows Removed by Index Recheck": 0, "Filter": "(((cd_marital_status = 'M'::bpchar) AND (cd_education_status = 'Unknown'::bpchar)) OR ((cd_marital_status = 'W'::bpchar) AND (cd_education_status = 'Advanced Degree'::bpchar)))", "Rows Removed by Filter": 0, "Exact Heap Blocks": 0, "Lossy Heap Blocks": 0, "Plans": [{"Node Type": "Bitmap Index Scan", "Parent Relationship": "Outer", "Parallel Aware": false, "Async Capable": false, "Index Name": "customer_demographics_pkey", "Startup Cost": 0.0, "Total Cost": 4.44, "Plan Rows": 1, "Plan Width": 0, "Actual Rows": 0, "Actual Loops": 0, "Index Cond": "(cd_demo_sk = customer.c_current_cdemo_sk)"}]}]}, {"Node Type": "Bitmap Heap Scan", "Parent Relationship": "Inner", "Parallel Aware": false, "Async Capable": false, "Relation Name": "household_demographics", "Alias": "household_demographics", "Startup Cost": 4.29, "Total Cost": 8.31, "Plan Rows": 1, "Plan Width": 4, "Actual Rows": 0, "Actual Loops": 0, "Recheck Cond": "(hd_demo_sk = customer.c_current_hdemo_sk)", "Rows Removed by Index Recheck": 0, "Filter": "(hd_buy_potential ~~ '501-1000%'::text)", "Rows Removed by Filter": 0, "Exact Heap Blocks": 0, "Lossy Heap Blocks": 0, "Plans": [{"Node Type": "Bitmap Index Scan", "Parent Relationship": "Outer", "Parallel Aware": false, "Async Capable": false, "Index Name": "household_demographics_pkey", "Startup Cost": 0.0, "Total Cost": 4.29, "Plan Rows": 1, "Plan Width": 0, "Actual Rows": 0, "Actual Loops": 0, "Index Cond": "(hd_demo_sk = customer.c_current_hdemo_sk)"}]}]}]}, "Planning Time": 1.754, "Triggers": [], "Execution Time": 195.298}, {"Plan": {"Node Type": "Aggregate", "Strategy": "Plain", "Partial Mode": "Simple", "Parallel Aware": false, "Async Capable": false, "Startup Cost": 10000303843.78, "Total Cost": 10000303843.79, "Plan Rows": 1, "Plan Width": 8, "Actual Rows": 1, "Actual Loops": 1, "Plans": [{"Node Type": "Merge Join", "Parent Relationship": "Outer", "Parallel Aware": false, "Async Capable": false, "Join Type": "Inner", "Startup Cost": 10000212622.59, "Total Cost": 10000303843.78, "Plan Rows": 1, "Plan Width": 0, "Actual Rows": 0, "Actual Loops": 1, "Inner Unique": false, "Merge Cond": "(customer_demographics.cd_demo_sk = customer.c_current_cdemo_sk)", "Plans": [{"Node Type": "Index Scan", "Parent Relationship": "Outer", "Parallel Aware": false, "Async Capable": false, "Scan Direction": "Forward", "Index Name": "customer_demographics_pkey", "Relation Name": "customer_demographics", "Alias": "customer_demographics", "Startup Cost": 0.43, "Total Cost": 90951.43, "Plan Rows": 108068, "Plan Width": 4, "Actual Rows": 1, "Actual Loops": 1, "Filter": "(((cd_marital_status = 'M'::bpchar) AND (cd_education_status = 'Unknown'::bpchar)) OR ((cd_marital_status = 'W'::bpchar) AND (cd_education_status = 'Advanced Degree'::bpchar)))", "Rows Removed by Filter": 56}, {"Node Type": "Sort", "Parent Relationship": "Inner", "Parallel Aware": false, "Async Capable": false, "Startup Cost": 10000212622.17, "Total Cost": 10000212622.17, "Plan Rows": 1, "Plan Width": 4, "Actual Rows": 0, "Actual Loops": 1, "Sort Key": ["customer.c_current_cdemo_sk"], "Sort Method": "quicksort", "Sort Space Used": 25, "Sort Space Type": "Memory", "Plans": [{"Node Type": "Merge Join", "Parent Relationship": "Outer", "Parallel Aware": false, "Async Capable": false, "Join Type": "Inner", "Startup Cost": 10000199938.91, "Total Cost": 10000212622.16, "Plan Rows": 1, "Plan Width": 4, "Actual Rows": 0, "Actual Loops": 1, "Inner Unique": true, "Merge Cond": "(customer.c_current_addr_sk = customer_address.ca_address_sk)", "Plans": [{"Node Type": "Sort", "Parent Relationship": "Outer", "Parallel Aware": false, "Async Capable": false, "Startup Cost": 10000199938.49, "Total Cost": 10000199938.5, "Plan Rows": 1, "Plan Width": 8, "Actual Rows": 0, "Actual Loops": 1, "Sort Key": ["customer.c_current_addr_sk"], "Sort Method": "quicksort", "Sort Space Used": 25, "Sort Space Type": "Memory", "Plans": [{"Node Type": "Merge Join", "Parent Relationship": "Outer", "Parallel Aware": false, "Async Capable": false, "Join Type": "Inner", "Startup Cost": 10000199665.46, "Total Cost": 10000199938.48, "Plan Rows": 1, "Plan Width": 8, "Actual Rows": 0, "Actual Loops": 1, "Inner Unique": true, "Merge Cond": "(customer.c_current_hdemo_sk = household_demographics.hd_demo_sk)", "Plans": [{"Node Type": "Sort", "Parent Relationship": "Outer", "Parallel Aware": false, "Async Capable": false, "Startup Cost": 10000199665.18, "Total Cost": 10000199665.19, "Plan Rows": 1, "Plan Width": 12, "Actual Rows": 0, "Actual Loops": 1, "Sort Key": ["customer.c_current_hdemo_sk"], "Sort Method": "quicksort", "Sort Space Used": 25, "Sort Space Type": "Memory", "Plans": [{"Node Type": "Merge Join", "Parent Relationship": "Outer", "Parallel Aware": false, "Async Capable": false, "Join Type": "Inner", "Startup Cost": 10000199541.94, "Total Cost": 10000199665.17, "Plan Rows": 1, "Plan Width": 12, "Actual Rows": 0, "Actual Loops": 1, "Inner Unique": true, "Merge Cond": "(catalog_returns.cr_returned_date_sk = date_dim.d_date_sk)", "Plans": [{"Node Type": "Sort", "Parent Relationship": "Outer", "Parallel Aware": false, "Async Capable": false, "Startup Cost": 10000197693.62, "Total Cost": 10000197693.63, "Plan Rows": 4, "Plan Width": 16, "Actual Rows": 0, "Actual Loops": 1, "Sort Key": ["catalog_returns.cr_returned_date_sk"], "Sort Method": "quicksort", "Sort Space Used": 25, "Sort Space Type": "Memory", "Plans": [{"Node Type": "Merge Join", "Parent Relationship": "Outer", "Parallel Aware": false, "Async Capable": false, "Join Type": "Inner", "Startup Cost": 10000197680.1, "Total Cost": 10000197693.58, "Plan Rows": 4, "Plan Width": 16, "Actual Rows": 0, "Actual Loops": 1, "Inner Unique": true, "Merge Cond": "(catalog_returns.cr_call_center_sk = call_center.cc_call_center_sk)", "Plans": [{"Node Type": "Sort", "Parent Relationship": "Outer", "Parallel Aware": false, "Async Capable": false, "Startup Cost": 10000197679.96, "Total Cost": 10000197679.97, "Plan Rows": 4, "Plan Width": 20, "Actual Rows": 0, "Actual Loops": 1, "Sort Key": ["catalog_returns.cr_call_center_sk"], "Sort Method": "quicksort", "Sort Space Used": 25, "Sort Space Type": "Memory", "Plans": [{"Node Type": "Merge Join", "Parent Relationship": "Outer", "Parallel Aware": false, "Async Capable": false, "Join Type": "Inner", "Startup Cost": 10000190473.12, "Total Cost": 10000197679.92, "Plan Rows": 4, "Plan Width": 20, "Actual Rows": 0, "Actual Loops": 1, "Inner Unique": true, "Merge Cond": "(catalog_returns.cr_returning_customer_sk = customer.c_customer_sk)", "Plans": [{"Node Type": "Sort", "Parent Relationship": "Outer", "Parallel Aware": false, "Async Capable": false, "Startup Cost": 10000190472.99, "Total Cost": 10000194072.37, "Plan Rows": 1439749, "Plan Width": 12, "Actual Rows": 1, "Actual Loops": 1, "Sort Key": ["catalog_returns.cr_returning_customer_sk"], "Sort Method": "quicksort", "Sort Space Used": 105055, "Sort Space Type": "Memory", "Plans": [{"Node Type": "Seq Scan", "Parent Relationship": "Outer", "Parallel Aware": false, "Async Capable": false, "Relation Name": "catalog_returns", "Alias": "catalog_returns", "Startup Cost": 10000000000.0, "Total Cost": 10000043205.49, "Plan Rows": 1439749, "Plan Width": 12, "Actual Rows": 1439749, "Actual Loops": 1}]}, {"Node Type": "Index Scan", "Parent Relationship": "Inner", "Parallel Aware": false, "Async Capable": false, "Scan Direction": "Forward", "Index Name": "customer_pkey", "Relation Name": "customer", "Alias": "customer", "Startup Cost": 0.12, "Total Cost": 8.14, "Plan Rows": 1, "Plan Width": 16, "Actual Rows": 0, "Actual Loops": 1}]}]}, {"Node Type": "Index Scan", "Parent Relationship": "Inner", "Parallel Aware": false, "Async Capable": false, "Scan Direction": "Forward", "Index Name": "call_center_pkey", "Relation Name": "call_center", "Alias": "call_center", "Startup Cost": 0.14, "Total Cost": 13.5, "Plan Rows": 24, "Plan Width": 4, "Actual Rows": 0, "Actual Loops": 0}]}]}, {"Node Type": "Index Scan", "Parent Relationship": "Inner", "Parallel Aware": false, "Async Capable": false, "Scan Direction": "Forward", "Index Name": "date_dim_pkey", "Relation Name": "date_dim", "Alias": "date_dim", "Startup Cost": 0.29, "Total Cost": 3696.27, "Plan Rows": 30, "Plan Width": 4, "Actual Rows": 0, "Actual Loops": 0, "Filter": "((d_year = 2000) AND (d_moy = 11))", "Rows Removed by Filter": 0}]}]}, {"Node Type": "Index Scan", "Parent Relationship": "Inner", "Parallel Aware": false, "Async Capable": false, "Scan Direction": "Forward", "Index Name": "household_demographics_pkey", "Relation Name": "household_demographics", "Alias": "household_demographics", "Startup Cost": 0.28, "Total Cost": 270.28, "Plan Rows": 1200, "Plan Width": 4, "Actual Rows": 0, "Actual Loops": 0, "Filter": "(hd_buy_potential ~~ '501-1000%'::text)", "Rows Removed by Filter": 0}]}]}, {"Node Type": "Index Scan", "Parent Relationship": "Inner", "Parallel Aware": false, "Async Capable": false, "Scan Direction": "Forward", "Index Name": "customer_address_pkey", "Relation Name": "customer_address", "Alias": "customer_address", "Startup Cost": 0.42, "Total Cost": 12615.12, "Plan Rows": 27412, "Plan Width": 4, "Actual Rows": 0, "Actual Loops": 0, "Filter": "(ca_gmt_offset = '-7'::numeric)", "Rows Removed by Filter": 0}]}]}]}]}, "Planning Time": 1.608, "Triggers": [], "Execution Time": 1066.481}, {"Plan": {"Node Type": "Aggregate", "Strategy": "Plain", "Partial Mode": "Simple", "Parallel Aware": false, "Async Capable": false, "Startup Cost": 10000061236.18, "Total Cost": 10000061236.19, "Plan Rows": 1, "Plan Width": 8, "Actual Rows": 1, "Actual Loops": 1, "Plans": [{"Node Type": "Nested Loop", "Parent Relationship": "Outer", "Parallel Aware": false, "Async Capable": false, "Join Type": "Inner", "Startup Cost": 10000000001.68, "Total Cost": 10000061236.18, "Plan Rows": 1, "Plan Width": 0, "Actual Rows": 0, "Actual Loops": 1, "Inner Unique": true, "Plans": [{"Node Type": "Nested Loop", "Parent Relationship": "Outer", "Parallel Aware": false, "Async Capable": false, "Join Type": "Inner", "Startup Cost": 10000000001.4, "Total Cost": 10000061227.87, "Plan Rows": 1, "Plan Width": 4, "Actual Rows": 0, "Actual Loops": 1, "Inner Unique": true, "Plans": [{"Node Type": "Nested Loop", "Parent Relationship": "Outer", "Parallel Aware": false, "Async Capable": false, "Join Type": "Inner", "Startup Cost": 10000000000.98, "Total Cost": 10000061219.41, "Plan Rows": 1, "Plan Width": 8, "Actual Rows": 0, "Actual Loops": 1, "Inner Unique": true, "Plans": [{"Node Type": "Nested Loop", "Parent Relationship": "Outer", "Parallel Aware": false, "Async Capable": false, "Join Type": "Inner", "Startup Cost": 10000000000.68, "Total Cost": 10000061219.09, "Plan Rows": 1, "Plan Width": 12, "Actual Rows": 0, "Actual Loops": 1, "Inner Unique": true, "Plans": [{"Node Type": "Nested Loop", "Parent Relationship": "Outer", "Parallel Aware": false, "Async Capable": false, "Join Type": "Inner", "Startup Cost": 10000000000.55, "Total Cost": 10000061218.93, "Plan Rows": 1, "Plan Width": 16, "Actual Rows": 0, "Actual Loops": 1, "Inner Unique": false, "Join Filter": "(customer.c_customer_sk = catalog_returns.cr_returning_customer_sk)", "Rows Removed by Join Filter": 0, "Plans": [{"Node Type": "Nested Loop", "Parent Relationship": "Outer", "Parallel Aware": false, "Async Capable": false, "Join Type": "Inner", "Startup Cost": 0.54, "Total Cost": 16.58, "Plan Rows": 1, "Plan Width": 12, "Actual Rows": 0, "Actual Loops": 1, "Inner Unique": true, "Plans": [{"Node Type": "Index Scan", "Parent Relationship": "Outer", "Parallel Aware": false, "Async Capable": false, "Scan Direction": "Forward", "Index Name": "customer_pkey", "Relation Name": "customer", "Alias": "customer", "Startup Cost": 0.12, "Total Cost": 8.14, "Plan Rows": 1, "Plan Width": 16, "Actual Rows": 0, "Actual Loops": 1}, {"Node Type": "Index Scan", "Parent Relationship": "Inner", "Parallel Aware": false, "Async Capable": false, "Scan Direction": "Forward", "Index Name": "customer_address_pkey", "Relation Name": "customer_address", "Alias": "customer_address", "Startup Cost": 0.42, "Total Cost": 8.44, "Plan Rows": 1, "Plan Width": 4, "Actual Rows": 0, "Actual Loops": 0, "Index Cond": "(ca_address_sk = customer.c_current_addr_sk)", "Rows Removed by Index Recheck": 0, "Filter": "(ca_gmt_offset = '-7'::numeric)", "Rows Removed by Filter": 0}]}, {"Node Type": "Seq Scan", "Parent Relationship": "Inner", "Parallel Aware": false, "Async Capable": false, "Relation Name": "catalog_returns", "Alias": "catalog_returns", "Startup Cost": 10000000000.0, "Total Cost": 10000043205.49, "Plan Rows": 1439749, "Plan Width": 12, "Actual Rows": 0, "Actual Loops": 0}]}, {"Node Type": "Index Scan", "Parent Relationship": "Inner", "Parallel Aware": false, "Async Capable": false, "Scan Direction": "Forward", "Index Name": "call_center_pkey", "Relation Name": "call_center", "Alias": "call_center", "Startup Cost": 0.14, "Total Cost": 0.16, "Plan Rows": 1, "Plan Width": 4, "Actual Rows": 0, "Actual Loops": 0, "Index Cond": "(cc_call_center_sk = catalog_returns.cr_call_center_sk)", "Rows Removed by Index Recheck": 0}]}, {"Node Type": "Index Scan", "Parent Relationship": "Inner", "Parallel Aware": false, "Async Capable": false, "Scan Direction": "Forward", "Index Name": "date_dim_pkey", "Relation Name": "date_dim", "Alias": "date_dim", "Startup Cost": 0.29, "Total Cost": 0.32, "Plan Rows": 1, "Plan Width": 4, "Actual Rows": 0, "Actual Loops": 0, "Index Cond": "(d_date_sk = catalog_returns.cr_returned_date_sk)", "Rows Removed by Index Recheck": 0, "Filter": "((d_year = 2000) AND (d_moy = 11))", "Rows Removed by Filter": 0}]}, {"Node Type": "Index Scan", "Parent Relationship": "Inner", "Parallel Aware": false, "Async Capable": false, "Scan Direction": "Forward", "Index Name": "customer_demographics_pkey", "Relation Name": "customer_demographics", "Alias": "customer_demographics", "Startup Cost": 0.43, "Total Cost": 8.46, "Plan Rows": 1, "Plan Width": 4, "Actual Rows": 0, "Actual Loops": 0, "Index Cond": "(cd_demo_sk = customer.c_current_cdemo_sk)", "Rows Removed by Index Recheck": 0, "Filter": "(((cd_marital_status = 'M'::bpchar) AND (cd_education_status = 'Unknown'::bpchar)) OR ((cd_marital_status = 'W'::bpchar) AND (cd_education_status = 'Advanced Degree'::bpchar)))", "Rows Removed by Filter": 0}]}, {"Node Type": "Index Scan", "Parent Relationship": "Inner", "Parallel Aware": false, "Async Capable": false, "Scan Direction": "Forward", "Index Name": "household_demographics_pkey", "Relation Name": "household_demographics", "Alias": "household_demographics", "Startup Cost": 0.28, "Total Cost": 8.3, "Plan Rows": 1, "Plan Width": 4, "Actual Rows": 0, "Actual Loops": 0, "Index Cond": "(hd_demo_sk = customer.c_current_hdemo_sk)", "Rows Removed by Index Recheck": 0, "Filter": "(hd_buy_potential ~~ '501-1000%'::text)", "Rows Removed by Filter": 0}]}]}, "Planning Time": 1.185, "Triggers": [], "Execution Time": 0.08}, {"Plan": {"Node Type": "Aggregate", "Strategy": "Plain", "Partial Mode": "Simple", "Parallel Aware": false, "Async Capable": false, "Startup Cost": 37932.38, "Total Cost": 37932.39, "Plan Rows": 1, "Plan Width": 8, "Actual Rows": 1, "Actual Loops": 1, "Plans": [{"Node Type": "Nested Loop", "Parent Relationship": "Outer", "Parallel Aware": false, "Async Capable": false, "Join Type": "Inner", "Startup Cost": 1001.56, "Total Cost": 37932.37, "Plan Rows": 1, "Plan Width": 0, "Actual Rows": 0, "Actual Loops": 1, "Inner Unique": true, "Plans": [{"Node Type": "Nested Loop", "Parent Relationship": "Outer", "Parallel Aware": false, "Async Capable": false, "Join Type": "Inner", "Startup Cost": 1001.28, "Total Cost": 37924.06, "Plan Rows": 1, "Plan Width": 4, "Actual Rows": 0, "Actual Loops": 1, "Inner Unique": true, "Plans": [{"Node Type": "Nested Loop", "Parent Relationship": "Outer", "Parallel Aware": false, "Async Capable": false, "Join Type": "Inner", "Startup Cost": 1000.85, "Total Cost": 37915.6, "Plan Rows": 1, "Plan Width": 8, "Actual Rows": 0, "Actual Loops": 1, "Inner Unique": true, "Plans": [{"Node Type": "Nested Loop", "Parent Relationship": "Outer", "Parallel Aware": false, "Async Capable": false, "Join Type": "Inner", "Startup Cost": 1000.43, "Total Cost": 37907.16, "Plan Rows": 1, "Plan Width": 12, "Actual Rows": 0, "Actual Loops": 1, "Inner Unique": true, "Plans": [{"Node Type": "Gather", "Parent Relationship": "Outer", "Parallel Aware": false, "Async Capable": false, "Startup Cost": 1000.29, "Total Cost": 37907.01, "Plan Rows": 1, "Plan Width": 16, "Actual Rows": 0, "Actual Loops": 1, "Workers Planned": 4, "Workers Launched": 4, "Single Copy": false, "Plans": [{"Node Type": "Nested Loop", "Parent Relationship": "Outer", "Parallel Aware": false, "Async Capable": false, "Join Type": "Inner", "Startup Cost": 0.29, "Total Cost": 36906.91, "Plan Rows": 1, "Plan Width": 16, "Actual Rows": 0, "Actual Loops": 5, "Inner Unique": true, "Workers": [], "Plans": [{"Node Type": "Nested Loop", "Parent Relationship": "Outer", "Parallel Aware": false, "Async Capable": false, "Join Type": "Inner", "Startup Cost": 0.0, "Total Cost": 36906.58, "Plan Rows": 1, "Plan Width": 20, "Actual Rows": 0, "Actual Loops": 5, "Inner Unique": true, "Join Filter": "(customer.c_customer_sk = catalog_returns.cr_returning_customer_sk)", "Rows Removed by Join Filter": 0, "Workers": [], "Plans": [{"Node Type": "Seq Scan", "Parent Relationship": "Outer", "Parallel Aware": true, "Async Capable": false, "Relation Name": "catalog_returns", "Alias": "catalog_returns", "Startup Cost": 0.0, "Total Cost": 32407.37, "Plan Rows": 359937, "Plan Width": 12, "Actual Rows": 287950, "Actual Loops": 5, "Workers": []}, {"Node Type": "Seq Scan", "Parent Relationship": "Inner", "Parallel Aware": false, "Async Capable": false, "Relation Name": "customer", "Alias": "customer", "Startup Cost": 0.0, "Total Cost": 0.0, "Plan Rows": 1, "Plan Width": 16, "Actual Rows": 0, "Actual Loops": 1439749, "Workers": []}]}, {"Node Type": "Index Scan", "Parent Relationship": "Inner", "Parallel Aware": false, "Async Capable": false, "Scan Direction": "Forward", "Index Name": "date_dim_pkey", "Relation Name": "date_dim", "Alias": "date_dim", "Startup Cost": 0.29, "Total Cost": 0.32, "Plan Rows": 1, "Plan Width": 4, "Actual Rows": 0, "Actual Loops": 0, "Index Cond": "(d_date_sk = catalog_returns.cr_returned_date_sk)", "Rows Removed by Index Recheck": 0, "Filter": "((d_year = 2000) AND (d_moy = 11))", "Rows Removed by Filter": 0, "Workers": []}]}]}, {"Node Type": "Index Scan", "Parent Relationship": "Inner", "Parallel Aware": false, "Async Capable": false, "Scan Direction": "Forward", "Index Name": "call_center_pkey", "Relation Name": "call_center", "Alias": "call_center", "Startup Cost": 0.14, "Total Cost": 0.16, "Plan Rows": 1, "Plan Width": 4, "Actual Rows": 0, "Actual Loops": 0, "Index Cond": "(cc_call_center_sk = catalog_returns.cr_call_center_sk)", "Rows Removed by Index Recheck": 0}]}, {"Node Type": "Index Scan", "Parent Relationship": "Inner", "Parallel Aware": false, "Async Capable": false, "Scan Direction": "Forward", "Index Name": "customer_address_pkey", "Relation Name": "customer_address", "Alias": "customer_address", "Startup Cost": 0.42, "Total Cost": 8.44, "Plan Rows": 1, "Plan Width": 4, "Actual Rows": 0, "Actual Loops": 0, "Index Cond": "(ca_address_sk = customer.c_current_addr_sk)", "Rows Removed by Index Recheck": 0, "Filter": "(ca_gmt_offset = '-7'::numeric)", "Rows Removed by Filter": 0}]}, {"Node Type": "Index Scan", "Parent Relationship": "Inner", "Parallel Aware": false, "Async Capable": false, "Scan Direction": "Forward", "Index Name": "customer_demographics_pkey", "Relation Name": "customer_demographics", "Alias": "customer_demographics", "Startup Cost": 0.43, "Total Cost": 8.46, "Plan Rows": 1, "Plan Width": 4, "Actual Rows": 0, "Actual Loops": 0, "Index Cond": "(cd_demo_sk = customer.c_current_cdemo_sk)", "Rows Removed by Index Recheck": 0, "Filter": "(((cd_marital_status = 'M'::bpchar) AND (cd_education_status = 'Unknown'::bpchar)) OR ((cd_marital_status = 'W'::bpchar) AND (cd_education_status = 'Advanced Degree'::bpchar)))", "Rows Removed by Filter": 0}]}, {"Node Type": "Index Scan", "Parent Relationship": "Inner", "Parallel Aware": false, "Async Capable": false, "Scan Direction": "Forward", "Index Name": "household_demographics_pkey", "Relation Name": "household_demographics", "Alias": "household_demographics", "Startup Cost": 0.28, "Total Cost": 8.3, "Plan Rows": 1, "Plan Width": 4, "Actual Rows": 0, "Actual Loops": 0, "Index Cond": "(hd_demo_sk = customer.c_current_hdemo_sk)", "Rows Removed by Index Recheck": 0, "Filter": "(hd_buy_potential ~~ '501-1000%'::text)", "Rows Removed by Filter": 0}]}]}, "Planning Time": 1.083, "Triggers": [], "Execution Time": 200.263}]