[{"Plan": {"Node Type": "Aggregate", "Strategy": "Plain", "Partial Mode": "Finalize", "Parallel Aware": false, "Async Capable": false, "Startup Cost": 581686.77, "Total Cost": 581686.78, "Plan Rows": 1, "Plan Width": 8, "Actual Rows": 1, "Actual Loops": 1, "Plans": [{"Node Type": "Gather", "Parent Relationship": "Outer", "Parallel Aware": false, "Async Capable": false, "Startup Cost": 581686.15, "Total Cost": 581686.76, "Plan Rows": 6, "Plan Width": 8, "Actual Rows": 7, "Actual Loops": 1, "Workers Planned": 6, "Workers Launched": 6, "Single Copy": false, "Plans": [{"Node Type": "Aggregate", "Strategy": "Plain", "Partial Mode": "Partial", "Parent Relationship": "Outer", "Parallel Aware": false, "Async Capable": false, "Startup Cost": 580686.15, "Total Cost": 580686.16, "Plan Rows": 1, "Plan Width": 8, "Actual Rows": 1, "Actual Loops": 7, "Workers": [], "Plans": [{"Node Type": "Hash Join", "Parent Relationship": "Outer", "Parallel Aware": false, "Async Capable": false, "Join Type": "Inner", "Startup Cost": 2342.04, "Total Cost": 580682.71, "Plan Rows": 1373, "Plan Width": 0, "Actual Rows": 1004, "Actual Loops": 7, "Inner Unique": true, "Hash Cond": "(store_sales.ss_store_sk = store.s_store_sk)", "Workers": [], "Plans": [{"Node Type": "Hash Join", "Parent Relationship": "Outer", "Parallel Aware": false, "Async Capable": false, "Join Type": "Inner", "Startup Cost": 2335.59, "Total Cost": 580648.97, "Plan Rows": 10000, "Plan Width": 4, "Actual Rows": 7541, "Actual Loops": 7, "Inner Unique": true, "Hash Cond": "(store_sales.ss_hdemo_sk = household_demographics.hd_demo_sk)", "Workers": [], "Plans": [{"Node Type": "Hash Join", "Parent Relationship": "Outer", "Parallel Aware": true, "Async Capable": false, "Join Type": "Inner", "Startup Cost": 2183.59, "Total Cost": 580234.31, "Plan Rows": 100004, "Plan Width": 8, "Actual Rows": 78248, "Actual Loops": 7, "Inner Unique": true, "Hash Cond": "(store_sales.ss_sold_time_sk = time_dim.t_time_sk)", "Workers": [], "Plans": [{"Node Type": "Seq Scan", "Parent Relationship": "Outer", "Parallel Aware": true, "Async Capable": false, "Relation Name": "store_sales", "Alias": "store_sales", "Startup Cost": 0.0, "Total Cost": 565449.69, "Plan Rows": 4800169, "Plan Width": 12, "Actual Rows": 4114427, "Actual Loops": 7, "Workers": []}, {"Node Type": "Hash", "Parent Relationship": "Inner", "Parallel Aware": true, "Async Capable": false, "Startup Cost": 2170.35, "Total Cost": 2170.35, "Plan Rows": 1059, "Plan Width": 4, "Actual Rows": 257, "Actual Loops": 7, "Hash Buckets": 2048, "Original Hash Buckets": 2048, "Hash Batches": 1, "Original Hash Batches": 1, "Peak Memory Usage": 240, "Workers": [], "Plans": [{"Node Type": "Seq Scan", "Parent Relationship": "Outer", "Parallel Aware": true, "Async Capable": false, "Relation Name": "time_dim", "Alias": "time_dim", "Startup Cost": 0.0, "Total Cost": 2170.35, "Plan Rows": 1059, "Plan Width": 4, "Actual Rows": 257, "Actual Loops": 7, "Filter": "((t_minute >= 30) AND (t_hour = 15))", "Rows Removed by Filter": 12086, "Workers": []}]}]}, {"Node Type": "Hash", "Parent Relationship": "Inner", "Parallel Aware": false, "Async Capable": false, "Startup Cost": 143.0, "Total Cost": 143.0, "Plan Rows": 720, "Plan Width": 4, "Actual Rows": 720, "Actual Loops": 7, "Hash Buckets": 1024, "Original Hash Buckets": 1024, "Hash Batches": 1, "Original Hash Batches": 1, "Peak Memory Usage": 34, "Workers": [], "Plans": [{"Node Type": "Seq Scan", "Parent Relationship": "Outer", "Parallel Aware": false, "Async Capable": false, "Relation Name": "household_demographics", "Alias": "household_demographics", "Startup Cost": 0.0, "Total Cost": 143.0, "Plan Rows": 720, "Plan Width": 4, "Actual Rows": 720, "Actual Loops": 7, "Filter": "(hd_dep_count = 2)", "Rows Removed by Filter": 6480, "Workers": []}]}]}, {"Node Type": "Hash", "Parent Relationship": "Inner", "Parallel Aware": false, "Async Capable": false, "Startup Cost": 6.28, "Total Cost": 6.28, "Plan Rows": 14, "Plan Width": 4, "Actual Rows": 14, "Actual Loops": 7, "Hash Buckets": 1024, "Original Hash Buckets": 1024, "Hash Batches": 1, "Original Hash Batches": 1, "Peak Memory Usage": 9, "Workers": [], "Plans": [{"Node Type": "Seq Scan", "Parent Relationship": "Outer", "Parallel Aware": false, "Async Capable": false, "Relation Name": "store", "Alias": "store", "Startup Cost": 0.0, "Total Cost": 6.28, "Plan Rows": 14, "Plan Width": 4, "Actual Rows": 14, "Actual Loops": 7, "Filter": "((s_store_name)::text = 'ese'::text)", "Rows Removed by Filter": 88, "Workers": []}]}]}]}]}]}, "Planning Time": 1.663, "Triggers": [], "Execution Time": 961.617}, {"Plan": {"Node Type": "Aggregate", "Strategy": "Plain", "Partial Mode": "Simple", "Parallel Aware": false, "Async Capable": false, "Startup Cost": 40000887235.82, "Total Cost": 40000887235.83, "Plan Rows": 1, "Plan Width": 8, "Plans": [{"Node Type": "Hash Join", "Parent Relationship": "Outer", "Parallel Aware": false, "Async Capable": false, "Join Type": "Inner", "Startup Cost": 40000004411.19, "Total Cost": 40000887215.23, "Plan Rows": 8236, "Plan Width": 0, "Inner Unique": true, "Hash Cond": "(store_sales.ss_store_sk = store.s_store_sk)", "Plans": [{"Node Type": "Hash Join", "Parent Relationship": "Outer", "Parallel Aware": false, "Async Capable": false, "Join Type": "Inner", "Startup Cost": 30000004393.09, "Total Cost": 30000887033.37, "Plan Rows": 60002, "Plan Width": 4, "Inner Unique": true, "Hash Cond": "(store_sales.ss_hdemo_sk = household_demographics.hd_demo_sk)", "Plans": [{"Node Type": "Hash Join", "Parent Relationship": "Outer", "Parallel Aware": false, "Async Capable": false, "Join Type": "Inner", "Startup Cost": 20000004113.8, "Total Cost": 20000885178.14, "Plan Rows": 600021, "Plan Width": 8, "Inner Unique": true, "Hash Cond": "(store_sales.ss_sold_time_sk = time_dim.t_time_sk)", "Plans": [{"Node Type": "Seq Scan", "Parent Relationship": "Outer", "Parallel Aware": false, "Async Capable": false, "Relation Name": "store_sales", "Alias": "store_sales", "Startup Cost": 10000000000.0, "Total Cost": 10000805458.14, "Plan Rows": 28801014, "Plan Width": 12}, {"Node Type": "Hash", "Parent Relationship": "Inner", "Parallel Aware": false, "Async Capable": false, "Startup Cost": 10000004091.3, "Total Cost": 10000004091.3, "Plan Rows": 1800, "Plan Width": 4, "Plans": [{"Node Type": "Index Scan", "Parent Relationship": "Outer", "Parallel Aware": false, "Async Capable": false, "Scan Direction": "Forward", "Index Name": "time_dim_pkey", "Relation Name": "time_dim", "Alias": "time_dim", "Startup Cost": 10000000000.29, "Total Cost": 10000004091.3, "Plan Rows": 1800, "Plan Width": 4, "Filter": "((t_minute >= 30) AND (t_hour = 15))"}]}]}, {"Node Type": "Hash", "Parent Relationship": "Inner", "Parallel Aware": false, "Async Capable": false, "Startup Cost": 10000000270.28, "Total Cost": 10000000270.28, "Plan Rows": 720, "Plan Width": 4, "Plans": [{"Node Type": "Index Scan", "Parent Relationship": "Outer", "Parallel Aware": false, "Async Capable": false, "Scan Direction": "Forward", "Index Name": "household_demographics_pkey", "Relation Name": "household_demographics", "Alias": "household_demographics", "Startup Cost": 10000000000.28, "Total Cost": 10000000270.28, "Plan Rows": 720, "Plan Width": 4, "Filter": "(hd_dep_count = 2)"}]}]}, {"Node Type": "Hash", "Parent Relationship": "Inner", "Parallel Aware": false, "Async Capable": false, "Startup Cost": 10000000017.93, "Total Cost": 10000000017.93, "Plan Rows": 14, "Plan Width": 4, "Plans": [{"Node Type": "Index Scan", "Parent Relationship": "Outer", "Parallel Aware": false, "Async Capable": false, "Scan Direction": "Forward", "Index Name": "store_pkey", "Relation Name": "store", "Alias": "store", "Startup Cost": 10000000000.14, "Total Cost": 10000000017.93, "Plan Rows": 14, "Plan Width": 4, "Filter": "((s_store_name)::text = 'ese'::text)"}]}]}]}}, {"Plan": {"Node Type": "Aggregate", "Strategy": "Plain", "Partial Mode": "Simple", "Parallel Aware": false, "Async Capable": false, "Startup Cost": 10000887235.82, "Total Cost": 10000887235.83, "Plan Rows": 1, "Plan Width": 8, "Plans": [{"Node Type": "Hash Join", "Parent Relationship": "Outer", "Parallel Aware": false, "Async Capable": false, "Join Type": "Inner", "Startup Cost": 10000004411.19, "Total Cost": 10000887215.23, "Plan Rows": 8236, "Plan Width": 0, "Inner Unique": true, "Hash Cond": "(store_sales.ss_store_sk = store.s_store_sk)", "Plans": [{"Node Type": "Hash Join", "Parent Relationship": "Outer", "Parallel Aware": false, "Async Capable": false, "Join Type": "Inner", "Startup Cost": 10000004393.09, "Total Cost": 10000887033.37, "Plan Rows": 60002, "Plan Width": 4, "Inner Unique": true, "Hash Cond": "(store_sales.ss_hdemo_sk = household_demographics.hd_demo_sk)", "Plans": [{"Node Type": "Hash Join", "Parent Relationship": "Outer", "Parallel Aware": false, "Async Capable": false, "Join Type": "Inner", "Startup Cost": 10000004113.8, "Total Cost": 10000885178.14, "Plan Rows": 600021, "Plan Width": 8, "Inner Unique": true, "Hash Cond": "(store_sales.ss_sold_time_sk = time_dim.t_time_sk)", "Plans": [{"Node Type": "Seq Scan", "Parent Relationship": "Outer", "Parallel Aware": false, "Async Capable": false, "Relation Name": "store_sales", "Alias": "store_sales", "Startup Cost": 10000000000.0, "Total Cost": 10000805458.14, "Plan Rows": 28801014, "Plan Width": 12}, {"Node Type": "Hash", "Parent Relationship": "Inner", "Parallel Aware": false, "Async Capable": false, "Startup Cost": 4091.3, "Total Cost": 4091.3, "Plan Rows": 1800, "Plan Width": 4, "Plans": [{"Node Type": "Index Scan", "Parent Relationship": "Outer", "Parallel Aware": false, "Async Capable": false, "Scan Direction": "Forward", "Index Name": "time_dim_pkey", "Relation Name": "time_dim", "Alias": "time_dim", "Startup Cost": 0.29, "Total Cost": 4091.3, "Plan Rows": 1800, "Plan Width": 4, "Filter": "((t_minute >= 30) AND (t_hour = 15))"}]}]}, {"Node Type": "Hash", "Parent Relationship": "Inner", "Parallel Aware": false, "Async Capable": false, "Startup Cost": 270.28, "Total Cost": 270.28, "Plan Rows": 720, "Plan Width": 4, "Plans": [{"Node Type": "Index Scan", "Parent Relationship": "Outer", "Parallel Aware": false, "Async Capable": false, "Scan Direction": "Forward", "Index Name": "household_demographics_pkey", "Relation Name": "household_demographics", "Alias": "household_demographics", "Startup Cost": 0.28, "Total Cost": 270.28, "Plan Rows": 720, "Plan Width": 4, "Filter": "(hd_dep_count = 2)"}]}]}, {"Node Type": "Hash", "Parent Relationship": "Inner", "Parallel Aware": false, "Async Capable": false, "Startup Cost": 17.93, "Total Cost": 17.93, "Plan Rows": 14, "Plan Width": 4, "Plans": [{"Node Type": "Index Scan", "Parent Relationship": "Outer", "Parallel Aware": false, "Async Capable": false, "Scan Direction": "Forward", "Index Name": "store_pkey", "Relation Name": "store", "Alias": "store", "Startup Cost": 0.14, "Total Cost": 17.93, "Plan Rows": 14, "Plan Width": 4, "Filter": "((s_store_name)::text = 'ese'::text)"}]}]}]}}, {"Plan": {"Node Type": "Aggregate", "Strategy": "Plain", "Partial Mode": "Simple", "Parallel Aware": false, "Async Capable": false, "Startup Cost": 10001765987.24, "Total Cost": 10001765987.25, "Plan Rows": 1, "Plan Width": 8, "Plans": [{"Node Type": "Nested Loop", "Parent Relationship": "Outer", "Parallel Aware": false, "Async Capable": false, "Join Type": "Inner", "Startup Cost": 10000000000.77, "Total Cost": 10001765966.65, "Plan Rows": 8236, "Plan Width": 0, "Inner Unique": true, "Plans": [{"Node Type": "Nested Loop", "Parent Relationship": "Outer", "Parallel Aware": false, "Async Capable": false, "Join Type": "Inner", "Startup Cost": 10000000000.61, "Total Cost": 10001764258.99, "Plan Rows": 60002, "Plan Width": 4, "Inner Unique": true, "Plans": [{"Node Type": "Nested Loop", "Parent Relationship": "Outer", "Parallel Aware": false, "Async Capable": false, "Join Type": "Inner", "Startup Cost": 10000000000.31, "Total Cost": 10001718261.43, "Plan Rows": 600021, "Plan Width": 8, "Inner Unique": true, "Plans": [{"Node Type": "Seq Scan", "Parent Relationship": "Outer", "Parallel Aware": false, "Async Capable": false, "Relation Name": "store_sales", "Alias": "store_sales", "Startup Cost": 10000000000.0, "Total Cost": 10000805458.14, "Plan Rows": 28801014, "Plan Width": 12}, {"Node Type": "Memoize", "Parent Relationship": "Inner", "Parallel Aware": false, "Async Capable": false, "Startup Cost": 0.31, "Total Cost": 4.33, "Plan Rows": 1, "Plan Width": 4, "Cache Key": "store_sales.ss_sold_time_sk", "Cache Mode": "logical", "Plans": [{"Node Type": "Bitmap Heap Scan", "Parent Relationship": "Outer", "Parallel Aware": false, "Async Capable": false, "Relation Name": "time_dim", "Alias": "time_dim", "Startup Cost": 0.3, "Total Cost": 4.32, "Plan Rows": 1, "Plan Width": 4, "Recheck Cond": "(t_time_sk = store_sales.ss_sold_time_sk)", "Filter": "((t_minute >= 30) AND (t_hour = 15))", "Plans": [{"Node Type": "Bitmap Index Scan", "Parent Relationship": "Outer", "Parallel Aware": false, "Async Capable": false, "Index Name": "time_dim_pkey", "Startup Cost": 0.0, "Total Cost": 0.3, "Plan Rows": 1, "Plan Width": 0, "Index Cond": "(t_time_sk = store_sales.ss_sold_time_sk)"}]}]}]}, {"Node Type": "Memoize", "Parent Relationship": "Inner", "Parallel Aware": false, "Async Capable": false, "Startup Cost": 0.3, "Total Cost": 4.32, "Plan Rows": 1, "Plan Width": 4, "Cache Key": "store_sales.ss_hdemo_sk", "Cache Mode": "logical", "Plans": [{"Node Type": "Bitmap Heap Scan", "Parent Relationship": "Outer", "Parallel Aware": false, "Async Capable": false, "Relation Name": "household_demographics", "Alias": "household_demographics", "Startup Cost": 0.29, "Total Cost": 4.31, "Plan Rows": 1, "Plan Width": 4, "Recheck Cond": "(hd_demo_sk = store_sales.ss_hdemo_sk)", "Filter": "(hd_dep_count = 2)", "Plans": [{"Node Type": "Bitmap Index Scan", "Parent Relationship": "Outer", "Parallel Aware": false, "Async Capable": false, "Index Name": "household_demographics_pkey", "Startup Cost": 0.0, "Total Cost": 0.29, "Plan Rows": 1, "Plan Width": 0, "Index Cond": "(hd_demo_sk = store_sales.ss_hdemo_sk)"}]}]}]}, {"Node Type": "Memoize", "Parent Relationship": "Inner", "Parallel Aware": false, "Async Capable": false, "Startup Cost": 0.16, "Total Cost": 4.18, "Plan Rows": 1, "Plan Width": 4, "Cache Key": "store_sales.ss_store_sk", "Cache Mode": "logical", "Plans": [{"Node Type": "Bitmap Heap Scan", "Parent Relationship": "Outer", "Parallel Aware": false, "Async Capable": false, "Relation Name": "store", "Alias": "store", "Startup Cost": 0.15, "Total Cost": 4.17, "Plan Rows": 1, "Plan Width": 4, "Recheck Cond": "(s_store_sk = store_sales.ss_store_sk)", "Filter": "((s_store_name)::text = 'ese'::text)", "Plans": [{"Node Type": "Bitmap Index Scan", "Parent Relationship": "Outer", "Parallel Aware": false, "Async Capable": false, "Index Name": "store_pkey", "Startup Cost": 0.0, "Total Cost": 0.15, "Plan Rows": 1, "Plan Width": 0, "Index Cond": "(s_store_sk = store_sales.ss_store_sk)"}]}]}]}]}}, {"Plan": {"Node Type": "Aggregate", "Strategy": "Plain", "Partial Mode": "Simple", "Parallel Aware": false, "Async Capable": false, "Startup Cost": 10005085836.93, "Total Cost": 10005085836.94, "Plan Rows": 1, "Plan Width": 8, "Plans": [{"Node Type": "Merge Join", "Parent Relationship": "Outer", "Parallel Aware": false, "Async Capable": false, "Join Type": "Inner", "Startup Cost": 10005085433.45, "Total Cost": 10005085816.34, "Plan Rows": 8236, "Plan Width": 0, "Inner Unique": true, "Merge Cond": "(store_sales.ss_store_sk = store.s_store_sk)", "Plans": [{"Node Type": "Sort", "Parent Relationship": "Outer", "Parallel Aware": false, "Async Capable": false, "Startup Cost": 10005085433.31, "Total Cost": 10005085583.31, "Plan Rows": 60002, "Plan Width": 4, "Sort Key": ["store_sales.ss_store_sk"], "Plans": [{"Node Type": "Merge Join", "Parent Relationship": "Outer", "Parallel Aware": false, "Async Capable": false, "Join Type": "Inner", "Startup Cost": 10005076958.28, "Total Cost": 10005080671.33, "Plan Rows": 60002, "Plan Width": 4, "Inner Unique": true, "Merge Cond": "(store_sales.ss_hdemo_sk = household_demographics.hd_demo_sk)", "Plans": [{"Node Type": "Sort", "Parent Relationship": "Outer", "Parallel Aware": false, "Async Capable": false, "Startup Cost": 10005076957.95, "Total Cost": 10005078458.0, "Plan Rows": 600021, "Plan Width": 8, "Sort Key": ["store_sales.ss_hdemo_sk"], "Plans": [{"Node Type": "Merge Join", "Parent Relationship": "Outer", "Parallel Aware": false, "Async Capable": false, "Join Type": "Inner", "Startup Cost": 10004867418.98, "Total Cost": 10005019371.97, "Plan Rows": 600021, "Plan Width": 8, "Inner Unique": true, "Merge Cond": "(store_sales.ss_sold_time_sk = time_dim.t_time_sk)", "Plans": [{"Node Type": "Sort", "Parent Relationship": "Outer", "Parallel Aware": false, "Async Capable": false, "Startup Cost": 10004866053.52, "Total Cost": 10004938056.05, "Plan Rows": 28801014, "Plan Width": 12, "Sort Key": ["store_sales.ss_sold_time_sk"], "Plans": [{"Node Type": "Seq Scan", "Parent Relationship": "Outer", "Parallel Aware": false, "Async Capable": false, "Relation Name": "store_sales", "Alias": "store_sales", "Startup Cost": 10000000000.0, "Total Cost": 10000805458.14, "Plan Rows": 28801014, "Plan Width": 12}]}, {"Node Type": "Index Scan", "Parent Relationship": "Inner", "Parallel Aware": false, "Async Capable": false, "Scan Direction": "Forward", "Index Name": "time_dim_pkey", "Relation Name": "time_dim", "Alias": "time_dim", "Startup Cost": 0.29, "Total Cost": 4091.3, "Plan Rows": 1800, "Plan Width": 4, "Filter": "((t_minute >= 30) AND (t_hour = 15))"}]}]}, {"Node Type": "Index Scan", "Parent Relationship": "Inner", "Parallel Aware": false, "Async Capable": false, "Scan Direction": "Forward", "Index Name": "household_demographics_pkey", "Relation Name": "household_demographics", "Alias": "household_demographics", "Startup Cost": 0.28, "Total Cost": 270.28, "Plan Rows": 720, "Plan Width": 4, "Filter": "(hd_dep_count = 2)"}]}]}, {"Node Type": "Index Scan", "Parent Relationship": "Inner", "Parallel Aware": false, "Async Capable": false, "Scan Direction": "Forward", "Index Name": "store_pkey", "Relation Name": "store", "Alias": "store", "Startup Cost": 0.14, "Total Cost": 17.93, "Plan Rows": 14, "Plan Width": 4, "Filter": "((s_store_name)::text = 'ese'::text)"}]}]}}, {"Plan": {"Node Type": "Aggregate", "Strategy": "Plain", "Partial Mode": "Simple", "Parallel Aware": false, "Async Capable": false, "Startup Cost": 10001558252.8, "Total Cost": 10001558252.81, "Plan Rows": 1, "Plan Width": 8, "Plans": [{"Node Type": "Nested Loop", "Parent Relationship": "Outer", "Parallel Aware": false, "Async Capable": false, "Join Type": "Inner", "Startup Cost": 10000000000.75, "Total Cost": 10001558232.21, "Plan Rows": 8236, "Plan Width": 0, "Inner Unique": true, "Plans": [{"Node Type": "Nested Loop", "Parent Relationship": "Outer", "Parallel Aware": false, "Async Capable": false, "Join Type": "Inner", "Startup Cost": 10000000000.59, "Total Cost": 10001556731.03, "Plan Rows": 60002, "Plan Width": 4, "Inner Unique": true, "Plans": [{"Node Type": "Nested Loop", "Parent Relationship": "Outer", "Parallel Aware": false, "Async Capable": false, "Join Type": "Inner", "Startup Cost": 10000000000.3, "Total Cost": 10001539553.35, "Plan Rows": 600021, "Plan Width": 8, "Inner Unique": true, "Plans": [{"Node Type": "Seq Scan", "Parent Relationship": "Outer", "Parallel Aware": false, "Async Capable": false, "Relation Name": "store_sales", "Alias": "store_sales", "Startup Cost": 10000000000.0, "Total Cost": 10000805458.14, "Plan Rows": 28801014, "Plan Width": 12}, {"Node Type": "Memoize", "Parent Relationship": "Inner", "Parallel Aware": false, "Async Capable": false, "Startup Cost": 0.3, "Total Cost": 0.33, "Plan Rows": 1, "Plan Width": 4, "Cache Key": "store_sales.ss_sold_time_sk", "Cache Mode": "logical", "Plans": [{"Node Type": "Index Scan", "Parent Relationship": "Outer", "Parallel Aware": false, "Async Capable": false, "Scan Direction": "Forward", "Index Name": "time_dim_pkey", "Relation Name": "time_dim", "Alias": "time_dim", "Startup Cost": 0.29, "Total Cost": 0.32, "Plan Rows": 1, "Plan Width": 4, "Index Cond": "(t_time_sk = store_sales.ss_sold_time_sk)", "Filter": "((t_minute >= 30) AND (t_hour = 15))"}]}]}, {"Node Type": "Memoize", "Parent Relationship": "Inner", "Parallel Aware": false, "Async Capable": false, "Startup Cost": 0.29, "Total Cost": 0.31, "Plan Rows": 1, "Plan Width": 4, "Cache Key": "store_sales.ss_hdemo_sk", "Cache Mode": "logical", "Plans": [{"Node Type": "Index Scan", "Parent Relationship": "Outer", "Parallel Aware": false, "Async Capable": false, "Scan Direction": "Forward", "Index Name": "household_demographics_pkey", "Relation Name": "household_demographics", "Alias": "household_demographics", "Startup Cost": 0.28, "Total Cost": 0.3, "Plan Rows": 1, "Plan Width": 4, "Index Cond": "(hd_demo_sk = store_sales.ss_hdemo_sk)", "Filter": "(hd_dep_count = 2)"}]}]}, {"Node Type": "Memoize", "Parent Relationship": "Inner", "Parallel Aware": false, "Async Capable": false, "Startup Cost": 0.15, "Total Cost": 0.17, "Plan Rows": 1, "Plan Width": 4, "Cache Key": "store_sales.ss_store_sk", "Cache Mode": "logical", "Plans": [{"Node Type": "Index Scan", "Parent Relationship": "Outer", "Parallel Aware": false, "Async Capable": false, "Scan Direction": "Forward", "Index Name": "store_pkey", "Relation Name": "store", "Alias": "store", "Startup Cost": 0.14, "Total Cost": 0.16, "Plan Rows": 1, "Plan Width": 4, "Index Cond": "(s_store_sk = store_sales.ss_store_sk)", "Filter": "((s_store_name)::text = 'ese'::text)"}]}]}]}}, {"Plan": {"Node Type": "Aggregate", "Strategy": "Plain", "Partial Mode": "Finalize", "Parallel Aware": false, "Async Capable": false, "Startup Cost": 704230.95, "Total Cost": 704230.96, "Plan Rows": 1, "Plan Width": 8, "Actual Rows": 1, "Actual Loops": 1, "Plans": [{"Node Type": "Gather", "Parent Relationship": "Outer", "Parallel Aware": false, "Async Capable": false, "Startup Cost": 704230.33, "Total Cost": 704230.94, "Plan Rows": 6, "Plan Width": 8, "Actual Rows": 7, "Actual Loops": 1, "Workers Planned": 6, "Workers Launched": 6, "Single Copy": false, "Plans": [{"Node Type": "Aggregate", "Strategy": "Plain", "Partial Mode": "Partial", "Parent Relationship": "Outer", "Parallel Aware": false, "Async Capable": false, "Startup Cost": 703230.33, "Total Cost": 703230.34, "Plan Rows": 1, "Plan Width": 8, "Actual Rows": 1, "Actual Loops": 7, "Workers": [], "Plans": [{"Node Type": "Merge Join", "Parent Relationship": "Outer", "Parallel Aware": false, "Async Capable": false, "Join Type": "Inner", "Startup Cost": 703144.58, "Total Cost": 703226.9, "Plan Rows": 1373, "Plan Width": 0, "Actual Rows": 1004, "Actual Loops": 7, "Inner Unique": true, "Merge Cond": "(store_sales.ss_hdemo_sk = household_demographics.hd_demo_sk)", "Workers": [], "Plans": [{"Node Type": "Sort", "Parent Relationship": "Outer", "Parallel Aware": false, "Async Capable": false, "Startup Cost": 702967.41, "Total Cost": 703001.72, "Plan Rows": 13726, "Plan Width": 4, "Actual Rows": 9183, "Actual Loops": 7, "Sort Key": ["store_sales.ss_hdemo_sk"], "Sort Method": "quicksort", "Sort Space Used": 385, "Sort Space Type": "Memory", "Workers": [{"Worker Number": 0, "Sort Method": "quicksort", "Sort Space Used": 385, "Sort Space Type": "Memory"}, {"Worker Number": 1, "Sort Method": "quicksort", "Sort Space Used": 385, "Sort Space Type": "Memory"}, {"Worker Number": 2, "Sort Method": "quicksort", "Sort Space Used": 385, "Sort Space Type": "Memory"}, {"Worker Number": 3, "Sort Method": "quicksort", "Sort Space Used": 385, "Sort Space Type": "Memory"}, {"Worker Number": 4, "Sort Method": "quicksort", "Sort Space Used": 385, "Sort Space Type": "Memory"}, {"Worker Number": 5, "Sort Method": "quicksort", "Sort Space Used": 385, "Sort Space Type": "Memory"}], "Plans": [{"Node Type": "Nested Loop", "Parent Relationship": "Outer", "Parallel Aware": false, "Async Capable": false, "Join Type": "Inner", "Startup Cost": 0.46, "Total Cost": 702024.11, "Plan Rows": 13726, "Plan Width": 4, "Actual Rows": 10494, "Actual Loops": 7, "Inner Unique": true, "Workers": [], "Plans": [{"Node Type": "Nested Loop", "Parent Relationship": "Outer", "Parallel Aware": false, "Async Capable": false, "Join Type": "Inner", "Startup Cost": 0.3, "Total Cost": 699527.74, "Plan Rows": 100004, "Plan Width": 8, "Actual Rows": 78248, "Actual Loops": 7, "Inner Unique": true, "Workers": [], "Plans": [{"Node Type": "Seq Scan", "Parent Relationship": "Outer", "Parallel Aware": true, "Async Capable": false, "Relation Name": "store_sales", "Alias": "store_sales", "Startup Cost": 0.0, "Total Cost": 565449.69, "Plan Rows": 4800169, "Plan Width": 12, "Actual Rows": 4114427, "Actual Loops": 7, "Workers": []}, {"Node Type": "Memoize", "Parent Relationship": "Inner", "Parallel Aware": false, "Async Capable": false, "Startup Cost": 0.3, "Total Cost": 0.33, "Plan Rows": 1, "Plan Width": 4, "Actual Rows": 0, "Actual Loops": 28800991, "Cache Key": "store_sales.ss_sold_time_sk", "Cache Mode": "logical", "Cache Hits": 4582810, "Cache Misses": 46610, "Cache Evictions": 0, "Cache Overflows": 0, "Peak Memory Usage": 3158, "Workers": [{"Worker Number": 0, "Cache Hits": 4597962, "Cache Misses": 46599, "Cache Evictions": 0, "Cache Overflows": 0, "Peak Memory Usage": 3158}, {"Worker Number": 1, "Cache Hits": 3663441, "Cache Misses": 46330, "Cache Evictions": 0, "Cache Overflows": 0, "Peak Memory Usage": 3138}, {"Worker Number": 2, "Cache Hits": 3672159, "Cache Misses": 46322, "Cache Evictions": 0, "Cache Overflows": 0, "Peak Memory Usage": 3137}, {"Worker Number": 3, "Cache Hits": 4591391, "Cache Misses": 46605, "Cache Evictions": 0, "Cache Overflows": 0, "Peak Memory Usage": 3158}, {"Worker Number": 4, "Cache Hits": 3687733, "Cache Misses": 46311, "Cache Evictions": 0, "Cache Overflows": 0, "Peak Memory Usage": 3137}, {"Worker Number": 5, "Cache Hits": 3680374, "Cache Misses": 46344, "Cache Evictions": 0, "Cache Overflows": 0, "Peak Memory Usage": 3139}], "Plans": [{"Node Type": "Index Scan", "Parent Relationship": "Outer", "Parallel Aware": false, "Async Capable": false, "Scan Direction": "Forward", "Index Name": "time_dim_pkey", "Relation Name": "time_dim", "Alias": "time_dim", "Startup Cost": 0.29, "Total Cost": 0.32, "Plan Rows": 1, "Plan Width": 4, "Actual Rows": 0, "Actual Loops": 325121, "Index Cond": "(t_time_sk = store_sales.ss_sold_time_sk)", "Rows Removed by Index Recheck": 0, "Filter": "((t_minute >= 30) AND (t_hour = 15))", "Rows Removed by Filter": 1, "Workers": []}]}]}, {"Node Type": "Memoize", "Parent Relationship": "Inner", "Parallel Aware": false, "Async Capable": false, "Startup Cost": 0.15, "Total Cost": 0.17, "Plan Rows": 1, "Plan Width": 4, "Actual Rows": 0, "Actual Loops": 547733, "Cache Key": "store_sales.ss_store_sk", "Cache Mode": "logical", "Cache Hits": 90132, "Cache Misses": 52, "Cache Evictions": 0, "Cache Overflows": 0, "Peak Memory Usage": 4, "Workers": [{"Worker Number": 0, "Cache Hits": 91051, "Cache Misses": 52, "Cache Evictions": 0, "Cache Overflows": 0, "Peak Memory Usage": 4}, {"Worker Number": 1, "Cache Hits": 68070, "Cache Misses": 52, "Cache Evictions": 0, "Cache Overflows": 0, "Peak Memory Usage": 4}, {"Worker Number": 2, "Cache Hits": 69499, "Cache Misses": 52, "Cache Evictions": 0, "Cache Overflows": 0, "Peak Memory Usage": 4}, {"Worker Number": 3, "Cache Hits": 88991, "Cache Misses": 52, "Cache Evictions": 0, "Cache Overflows": 0, "Peak Memory Usage": 4}, {"Worker Number": 4, "Cache Hits": 68892, "Cache Misses": 52, "Cache Evictions": 0, "Cache Overflows": 0, "Peak Memory Usage": 4}, {"Worker Number": 5, "Cache Hits": 70734, "Cache Misses": 52, "Cache Evictions": 0, "Cache Overflows": 0, "Peak Memory Usage": 4}], "Plans": [{"Node Type": "Index Scan", "Parent Relationship": "Outer", "Parallel Aware": false, "Async Capable": false, "Scan Direction": "Forward", "Index Name": "store_pkey", "Relation Name": "store", "Alias": "store", "Startup Cost": 0.14, "Total Cost": 0.16, "Plan Rows": 1, "Plan Width": 4, "Actual Rows": 0, "Actual Loops": 364, "Index Cond": "(s_store_sk = store_sales.ss_store_sk)", "Rows Removed by Index Recheck": 0, "Filter": "((s_store_name)::text = 'ese'::text)", "Rows Removed by Filter": 1, "Workers": []}]}]}]}, {"Node Type": "Sort", "Parent Relationship": "Inner", "Parallel Aware": false, "Async Capable": false, "Startup Cost": 177.17, "Total Cost": 178.97, "Plan Rows": 720, "Plan Width": 4, "Actual Rows": 720, "Actual Loops": 7, "Sort Key": ["household_demographics.hd_demo_sk"], "Sort Method": "quicksort", "Sort Space Used": 25, "Sort Space Type": "Memory", "Workers": [{"Worker Number": 0, "Sort Method": "quicksort", "Sort Space Used": 25, "Sort Space Type": "Memory"}, {"Worker Number": 1, "Sort Method": "quicksort", "Sort Space Used": 25, "Sort Space Type": "Memory"}, {"Worker Number": 2, "Sort Method": "quicksort", "Sort Space Used": 25, "Sort Space Type": "Memory"}, {"Worker Number": 3, "Sort Method": "quicksort", "Sort Space Used": 25, "Sort Space Type": "Memory"}, {"Worker Number": 4, "Sort Method": "quicksort", "Sort Space Used": 25, "Sort Space Type": "Memory"}, {"Worker Number": 5, "Sort Method": "quicksort", "Sort Space Used": 25, "Sort Space Type": "Memory"}], "Plans": [{"Node Type": "Seq Scan", "Parent Relationship": "Outer", "Parallel Aware": false, "Async Capable": false, "Relation Name": "household_demographics", "Alias": "household_demographics", "Startup Cost": 0.0, "Total Cost": 143.0, "Plan Rows": 720, "Plan Width": 4, "Actual Rows": 720, "Actual Loops": 7, "Filter": "(hd_dep_count = 2)", "Rows Removed by Filter": 6480, "Workers": []}]}]}]}]}]}, "Planning Time": 1.82, "Triggers": [], "Execution Time": 2666.308}, {"Plan": {"Node Type": "Aggregate", "Strategy": "Plain", "Partial Mode": "Finalize", "Parallel Aware": false, "Async Capable": false, "Startup Cost": 1136700.5, "Total Cost": 1136700.51, "Plan Rows": 1, "Plan Width": 8, "Actual Rows": 1, "Actual Loops": 1, "Plans": [{"Node Type": "Gather", "Parent Relationship": "Outer", "Parallel Aware": false, "Async Capable": false, "Startup Cost": 1136699.87, "Total Cost": 1136700.48, "Plan Rows": 6, "Plan Width": 8, "Actual Rows": 7, "Actual Loops": 1, "Workers Planned": 6, "Workers Launched": 6, "Single Copy": false, "Plans": [{"Node Type": "Aggregate", "Strategy": "Plain", "Partial Mode": "Partial", "Parent Relationship": "Outer", "Parallel Aware": false, "Async Capable": false, "Startup Cost": 1135699.87, "Total Cost": 1135699.88, "Plan Rows": 1, "Plan Width": 8, "Actual Rows": 1, "Actual Loops": 7, "Workers": [], "Plans": [{"Node Type": "Merge Join", "Parent Relationship": "Outer", "Parallel Aware": false, "Async Capable": false, "Join Type": "Inner", "Startup Cost": 1135635.53, "Total Cost": 1135696.44, "Plan Rows": 1373, "Plan Width": 0, "Actual Rows": 1004, "Actual Loops": 7, "Inner Unique": true, "Merge Cond": "(store_sales.ss_store_sk = store.s_store_sk)", "Workers": [], "Plans": [{"Node Type": "Sort", "Parent Relationship": "Outer", "Parallel Aware": false, "Async Capable": false, "Startup Cost": 1135628.99, "Total Cost": 1135653.99, "Plan Rows": 10000, "Plan Width": 4, "Actual Rows": 6993, "Actual Loops": 7, "Sort Key": ["store_sales.ss_store_sk"], "Sort Method": "quicksort", "Sort Space Used": 385, "Sort Space Type": "Memory", "Workers": [{"Worker Number": 0, "Sort Method": "quicksort", "Sort Space Used": 193, "Sort Space Type": "Memory"}, {"Worker Number": 1, "Sort Method": "quicksort", "Sort Space Used": 193, "Sort Space Type": "Memory"}, {"Worker Number": 2, "Sort Method": "quicksort", "Sort Space Used": 193, "Sort Space Type": "Memory"}, {"Worker Number": 3, "Sort Method": "quicksort", "Sort Space Used": 193, "Sort Space Type": "Memory"}, {"Worker Number": 4, "Sort Method": "quicksort", "Sort Space Used": 193, "Sort Space Type": "Memory"}, {"Worker Number": 5, "Sort Method": "quicksort", "Sort Space Used": 193, "Sort Space Type": "Memory"}], "Plans": [{"Node Type": "Merge Join", "Parent Relationship": "Outer", "Parallel Aware": false, "Async Capable": false, "Join Type": "Inner", "Startup Cost": 1134387.46, "Total Cost": 1134964.6, "Plan Rows": 10000, "Plan Width": 4, "Actual Rows": 7541, "Actual Loops": 7, "Inner Unique": true, "Merge Cond": "(store_sales.ss_hdemo_sk = household_demographics.hd_demo_sk)", "Workers": [], "Plans": [{"Node Type": "Sort", "Parent Relationship": "Outer", "Parallel Aware": false, "Async Capable": false, "Startup Cost": 1134210.28, "Total Cost": 1134460.29, "Plan Rows": 100004, "Plan Width": 8, "Actual Rows": 67493, "Actual Loops": 7, "Sort Key": ["store_sales.ss_hdemo_sk"], "Sort Method": "quicksort", "Sort Space Used": 6123, "Sort Space Type": "Memory", "Workers": [{"Worker Number": 0, "Sort Method": "quicksort", "Sort Space Used": 5333, "Sort Space Type": "Memory"}, {"Worker Number": 1, "Sort Method": "quicksort", "Sort Space Used": 5398, "Sort Space Type": "Memory"}, {"Worker Number": 2, "Sort Method": "quicksort", "Sort Space Used": 5304, "Sort Space Type": "Memory"}, {"Worker Number": 3, "Sort Method": "quicksort", "Sort Space Used": 5546, "Sort Space Type": "Memory"}, {"Worker Number": 4, "Sort Method": "quicksort", "Sort Space Used": 5533, "Sort Space Type": "Memory"}, {"Worker Number": 5, "Sort Method": "quicksort", "Sort Space Used": 5337, "Sort Space Type": "Memory"}], "Plans": [{"Node Type": "Merge Join", "Parent Relationship": "Outer", "Parallel Aware": false, "Async Capable": false, "Join Type": "Inner", "Startup Cost": 1100944.46, "Total Cost": 1125905.1, "Plan Rows": 100004, "Plan Width": 8, "Actual Rows": 78248, "Actual Loops": 7, "Inner Unique": true, "Merge Cond": "(store_sales.ss_sold_time_sk = time_dim.t_time_sk)", "Workers": [], "Plans": [{"Node Type": "Sort", "Parent Relationship": "Outer", "Parallel Aware": false, "Async Capable": false, "Startup Cost": 1098140.13, "Total Cost": 1110140.56, "Plan Rows": 4800169, "Plan Width": 12, "Actual Rows": 2512978, "Actual Loops": 7, "Sort Key": ["store_sales.ss_sold_time_sk"], "Sort Method": "external merge", "Sort Space Used": 106032, "Sort Space Type": "Disk", "Workers": [{"Worker Number": 0, "Sort Method": "external merge", "Sort Space Used": 79792, "Sort Space Type": "Disk"}, {"Worker Number": 1, "Sort Method": "external merge", "Sort Space Used": 81136, "Sort Space Type": "Disk"}, {"Worker Number": 2, "Sort Method": "external merge", "Sort Space Used": 80432, "Sort Space Type": "Disk"}, {"Worker Number": 3, "Sort Method": "external merge", "Sort Space Used": 88200, "Sort Space Type": "Disk"}, {"Worker Number": 4, "Sort Method": "external merge", "Sort Space Used": 87976, "Sort Space Type": "Disk"}, {"Worker Number": 5, "Sort Method": "external merge", "Sort Space Used": 81256, "Sort Space Type": "Disk"}], "Plans": [{"Node Type": "Seq Scan", "Parent Relationship": "Outer", "Parallel Aware": true, "Async Capable": false, "Relation Name": "store_sales", "Alias": "store_sales", "Startup Cost": 0.0, "Total Cost": 565449.69, "Plan Rows": 4800169, "Plan Width": 12, "Actual Rows": 4114427, "Actual Loops": 7, "Workers": []}]}, {"Node Type": "Sort", "Parent Relationship": "Inner", "Parallel Aware": false, "Async Capable": false, "Startup Cost": 2801.32, "Total Cost": 2805.82, "Plan Rows": 1800, "Plan Width": 4, "Actual Rows": 1800, "Actual Loops": 7, "Sort Key": ["time_dim.t_time_sk"], "Sort Method": "quicksort", "Sort Space Used": 49, "Sort Space Type": "Memory", "Workers": [{"Worker Number": 0, "Sort Method": "quicksort", "Sort Space Used": 49, "Sort Space Type": "Memory"}, {"Worker Number": 1, "Sort Method": "quicksort", "Sort Space Used": 49, "Sort Space Type": "Memory"}, {"Worker Number": 2, "Sort Method": "quicksort", "Sort Space Used": 49, "Sort Space Type": "Memory"}, {"Worker Number": 3, "Sort Method": "quicksort", "Sort Space Used": 49, "Sort Space Type": "Memory"}, {"Worker Number": 4, "Sort Method": "quicksort", "Sort Space Used": 49, "Sort Space Type": "Memory"}, {"Worker Number": 5, "Sort Method": "quicksort", "Sort Space Used": 49, "Sort Space Type": "Memory"}], "Plans": [{"Node Type": "Seq Scan", "Parent Relationship": "Outer", "Parallel Aware": false, "Async Capable": false, "Relation Name": "time_dim", "Alias": "time_dim", "Startup Cost": 0.0, "Total Cost": 2704.0, "Plan Rows": 1800, "Plan Width": 4, "Actual Rows": 1800, "Actual Loops": 7, "Filter": "((t_minute >= 30) AND (t_hour = 15))", "Rows Removed by Filter": 84600, "Workers": []}]}]}]}, {"Node Type": "Sort", "Parent Relationship": "Inner", "Parallel Aware": false, "Async Capable": false, "Startup Cost": 177.17, "Total Cost": 178.97, "Plan Rows": 720, "Plan Width": 4, "Actual Rows": 720, "Actual Loops": 7, "Sort Key": ["household_demographics.hd_demo_sk"], "Sort Method": "quicksort", "Sort Space Used": 25, "Sort Space Type": "Memory", "Workers": [{"Worker Number": 0, "Sort Method": "quicksort", "Sort Space Used": 25, "Sort Space Type": "Memory"}, {"Worker Number": 1, "Sort Method": "quicksort", "Sort Space Used": 25, "Sort Space Type": "Memory"}, {"Worker Number": 2, "Sort Method": "quicksort", "Sort Space Used": 25, "Sort Space Type": "Memory"}, {"Worker Number": 3, "Sort Method": "quicksort", "Sort Space Used": 25, "Sort Space Type": "Memory"}, {"Worker Number": 4, "Sort Method": "quicksort", "Sort Space Used": 25, "Sort Space Type": "Memory"}, {"Worker Number": 5, "Sort Method": "quicksort", "Sort Space Used": 25, "Sort Space Type": "Memory"}], "Plans": [{"Node Type": "Seq Scan", "Parent Relationship": "Outer", "Parallel Aware": false, "Async Capable": false, "Relation Name": "household_demographics", "Alias": "household_demographics", "Startup Cost": 0.0, "Total Cost": 143.0, "Plan Rows": 720, "Plan Width": 4, "Actual Rows": 720, "Actual Loops": 7, "Filter": "(hd_dep_count = 2)", "Rows Removed by Filter": 6480, "Workers": []}]}]}]}, {"Node Type": "Sort", "Parent Relationship": "Inner", "Parallel Aware": false, "Async Capable": false, "Startup Cost": 6.54, "Total Cost": 6.58, "Plan Rows": 14, "Plan Width": 4, "Actual Rows": 14, "Actual Loops": 7, "Sort Key": ["store.s_store_sk"], "Sort Method": "quicksort", "Sort Space Used": 25, "Sort Space Type": "Memory", "Workers": [{"Worker Number": 0, "Sort Method": "quicksort", "Sort Space Used": 25, "Sort Space Type": "Memory"}, {"Worker Number": 1, "Sort Method": "quicksort", "Sort Space Used": 25, "Sort Space Type": "Memory"}, {"Worker Number": 2, "Sort Method": "quicksort", "Sort Space Used": 25, "Sort Space Type": "Memory"}, {"Worker Number": 3, "Sort Method": "quicksort", "Sort Space Used": 25, "Sort Space Type": "Memory"}, {"Worker Number": 4, "Sort Method": "quicksort", "Sort Space Used": 25, "Sort Space Type": "Memory"}, {"Worker Number": 5, "Sort Method": "quicksort", "Sort Space Used": 25, "Sort Space Type": "Memory"}], "Plans": [{"Node Type": "Seq Scan", "Parent Relationship": "Outer", "Parallel Aware": false, "Async Capable": false, "Relation Name": "store", "Alias": "store", "Startup Cost": 0.0, "Total Cost": 6.28, "Plan Rows": 14, "Plan Width": 4, "Actual Rows": 14, "Actual Loops": 7, "Filter": "((s_store_name)::text = 'ese'::text)", "Rows Removed by Filter": 88, "Workers": []}]}]}]}]}]}, "Planning Time": 1.265, "Triggers": [], "Execution Time": 2606.025}, {"Plan": {"Node Type": "Aggregate", "Strategy": "Plain", "Partial Mode": "Finalize", "Parallel Aware": false, "Async Capable": false, "Startup Cost": 705467.25, "Total Cost": 705467.26, "Plan Rows": 1, "Plan Width": 8, "Actual Rows": 1, "Actual Loops": 1, "Plans": [{"Node Type": "Gather", "Parent Relationship": "Outer", "Parallel Aware": false, "Async Capable": false, "Startup Cost": 705466.63, "Total Cost": 705467.24, "Plan Rows": 6, "Plan Width": 8, "Actual Rows": 7, "Actual Loops": 1, "Workers Planned": 6, "Workers Launched": 6, "Single Copy": false, "Plans": [{"Node Type": "Aggregate", "Strategy": "Plain", "Partial Mode": "Partial", "Parent Relationship": "Outer", "Parallel Aware": false, "Async Capable": false, "Startup Cost": 704466.63, "Total Cost": 704466.64, "Plan Rows": 1, "Plan Width": 8, "Actual Rows": 1, "Actual Loops": 7, "Workers": [], "Plans": [{"Node Type": "Nested Loop", "Parent Relationship": "Outer", "Parallel Aware": false, "Async Capable": false, "Join Type": "Inner", "Startup Cost": 0.75, "Total Cost": 704463.2, "Plan Rows": 1373, "Plan Width": 0, "Actual Rows": 1004, "Actual Loops": 7, "Inner Unique": true, "Workers": [], "Plans": [{"Node Type": "Nested Loop", "Parent Relationship": "Outer", "Parallel Aware": false, "Async Capable": false, "Join Type": "Inner", "Startup Cost": 0.59, "Total Cost": 704205.98, "Plan Rows": 10000, "Plan Width": 4, "Actual Rows": 7541, "Actual Loops": 7, "Inner Unique": true, "Workers": [], "Plans": [{"Node Type": "Nested Loop", "Parent Relationship": "Outer", "Parallel Aware": false, "Async Capable": false, "Join Type": "Inner", "Startup Cost": 0.3, "Total Cost": 699527.74, "Plan Rows": 100004, "Plan Width": 8, "Actual Rows": 78248, "Actual Loops": 7, "Inner Unique": true, "Workers": [], "Plans": [{"Node Type": "Seq Scan", "Parent Relationship": "Outer", "Parallel Aware": true, "Async Capable": false, "Relation Name": "store_sales", "Alias": "store_sales", "Startup Cost": 0.0, "Total Cost": 565449.69, "Plan Rows": 4800169, "Plan Width": 12, "Actual Rows": 4114427, "Actual Loops": 7, "Workers": []}, {"Node Type": "Memoize", "Parent Relationship": "Inner", "Parallel Aware": false, "Async Capable": false, "Startup Cost": 0.3, "Total Cost": 0.33, "Plan Rows": 1, "Plan Width": 4, "Actual Rows": 0, "Actual Loops": 28800991, "Cache Key": "store_sales.ss_sold_time_sk", "Cache Mode": "logical", "Cache Hits": 4568662, "Cache Misses": 46608, "Cache Evictions": 0, "Cache Overflows": 0, "Peak Memory Usage": 3158, "Workers": [{"Worker Number": 0, "Cache Hits": 4380311, "Cache Misses": 46539, "Cache Evictions": 0, "Cache Overflows": 0, "Peak Memory Usage": 3153}, {"Worker Number": 1, "Cache Hits": 3727218, "Cache Misses": 46365, "Cache Evictions": 0, "Cache Overflows": 0, "Peak Memory Usage": 3141}, {"Worker Number": 2, "Cache Hits": 3708507, "Cache Misses": 46330, "Cache Evictions": 0, "Cache Overflows": 0, "Peak Memory Usage": 3138}, {"Worker Number": 3, "Cache Hits": 3744154, "Cache Misses": 46370, "Cache Evictions": 0, "Cache Overflows": 0, "Peak Memory Usage": 3141}, {"Worker Number": 4, "Cache Hits": 4598343, "Cache Misses": 46586, "Cache Evictions": 0, "Cache Overflows": 0, "Peak Memory Usage": 3157}, {"Worker Number": 5, "Cache Hits": 3748656, "Cache Misses": 46342, "Cache Evictions": 0, "Cache Overflows": 0, "Peak Memory Usage": 3140}], "Plans": [{"Node Type": "Index Scan", "Parent Relationship": "Outer", "Parallel Aware": false, "Async Capable": false, "Scan Direction": "Forward", "Index Name": "time_dim_pkey", "Relation Name": "time_dim", "Alias": "time_dim", "Startup Cost": 0.29, "Total Cost": 0.32, "Plan Rows": 1, "Plan Width": 4, "Actual Rows": 0, "Actual Loops": 325140, "Index Cond": "(t_time_sk = store_sales.ss_sold_time_sk)", "Rows Removed by Index Recheck": 0, "Filter": "((t_minute >= 30) AND (t_hour = 15))", "Rows Removed by Filter": 1, "Workers": []}]}]}, {"Node Type": "Memoize", "Parent Relationship": "Inner", "Parallel Aware": false, "Async Capable": false, "Startup Cost": 0.29, "Total Cost": 0.31, "Plan Rows": 1, "Plan Width": 4, "Actual Rows": 0, "Actual Loops": 547733, "Cache Key": "store_sales.ss_hdemo_sk", "Cache Mode": "logical", "Cache Hits": 84519, "Cache Misses": 4701, "Cache Evictions": 0, "Cache Overflows": 0, "Peak Memory Usage": 330, "Workers": [{"Worker Number": 0, "Cache Hits": 79152, "Cache Misses": 4604, "Cache Evictions": 0, "Cache Overflows": 0, "Peak Memory Usage": 322}, {"Worker Number": 1, "Cache Hits": 67101, "Cache Misses": 4140, "Cache Evictions": 0, "Cache Overflows": 0, "Peak Memory Usage": 290}, {"Worker Number": 2, "Cache Hits": 66597, "Cache Misses": 4149, "Cache Evictions": 0, "Cache Overflows": 0, "Peak Memory Usage": 290}, {"Worker Number": 3, "Cache Hits": 67299, "Cache Misses": 4201, "Cache Evictions": 0, "Cache Overflows": 0, "Peak Memory Usage": 294}, {"Worker Number": 4, "Cache Hits": 83614, "Cache Misses": 4730, "Cache Evictions": 0, "Cache Overflows": 0, "Peak Memory Usage": 331}, {"Worker Number": 5, "Cache Hits": 68704, "Cache Misses": 4222, "Cache Evictions": 0, "Cache Overflows": 0, "Peak Memory Usage": 295}], "Plans": [{"Node Type": "Index Scan", "Parent Relationship": "Outer", "Parallel Aware": false, "Async Capable": false, "Scan Direction": "Forward", "Index Name": "household_demographics_pkey", "Relation Name": "household_demographics", "Alias": "household_demographics", "Startup Cost": 0.28, "Total Cost": 0.3, "Plan Rows": 1, "Plan Width": 4, "Actual Rows": 0, "Actual Loops": 30747, "Index Cond": "(hd_demo_sk = store_sales.ss_hdemo_sk)", "Rows Removed by Index Recheck": 0, "Filter": "(hd_dep_count = 2)", "Rows Removed by Filter": 1, "Workers": []}]}]}, {"Node Type": "Memoize", "Parent Relationship": "Inner", "Parallel Aware": false, "Async Capable": false, "Startup Cost": 0.15, "Total Cost": 0.17, "Plan Rows": 1, "Plan Width": 4, "Actual Rows": 0, "Actual Loops": 52785, "Cache Key": "store_sales.ss_store_sk", "Cache Mode": "logical", "Cache Hits": 8515, "Cache Misses": 52, "Cache Evictions": 0, "Cache Overflows": 0, "Peak Memory Usage": 4, "Workers": [{"Worker Number": 0, "Cache Hits": 8166, "Cache Misses": 52, "Cache Evictions": 0, "Cache Overflows": 0, "Peak Memory Usage": 4}, {"Worker Number": 1, "Cache Hits": 7320, "Cache Misses": 52, "Cache Evictions": 0, "Cache Overflows": 0, "Peak Memory Usage": 4}, {"Worker Number": 2, "Cache Hits": 6734, "Cache Misses": 52, "Cache Evictions": 0, "Cache Overflows": 0, "Peak Memory Usage": 4}, {"Worker Number": 3, "Cache Hits": 6650, "Cache Misses": 52, "Cache Evictions": 0, "Cache Overflows": 0, "Peak Memory Usage": 4}, {"Worker Number": 4, "Cache Hits": 8196, "Cache Misses": 52, "Cache Evictions": 0, "Cache Overflows": 0, "Peak Memory Usage": 4}, {"Worker Number": 5, "Cache Hits": 6840, "Cache Misses": 52, "Cache Evictions": 0, "Cache Overflows": 0, "Peak Memory Usage": 4}], "Plans": [{"Node Type": "Index Scan", "Parent Relationship": "Outer", "Parallel Aware": false, "Async Capable": false, "Scan Direction": "Forward", "Index Name": "store_pkey", "Relation Name": "store", "Alias": "store", "Startup Cost": 0.14, "Total Cost": 0.16, "Plan Rows": 1, "Plan Width": 4, "Actual Rows": 0, "Actual Loops": 364, "Index Cond": "(s_store_sk = store_sales.ss_store_sk)", "Rows Removed by Index Recheck": 0, "Filter": "((s_store_name)::text = 'ese'::text)", "Rows Removed by Filter": 1, "Workers": []}]}]}]}]}]}, "Planning Time": 1.045, "Triggers": [], "Execution Time": 2715.94}, {"Plan": {"Node Type": "Aggregate", "Strategy": "Plain", "Partial Mode": "Simple", "Parallel Aware": false, "Async Capable": false, "Startup Cost": 40001670700.25, "Total Cost": 40001670700.26, "Plan Rows": 1, "Plan Width": 8, "Plans": [{"Node Type": "Merge Join", "Parent Relationship": "Outer", "Parallel Aware": false, "Async Capable": false, "Join Type": "Inner", "Startup Cost": 40001666406.08, "Total Cost": 40001670679.66, "Plan Rows": 8236, "Plan Width": 0, "Inner Unique": true, "Merge Cond": "(store_sales.ss_sold_time_sk = time_dim.t_time_sk)", "Plans": [{"Node Type": "Sort", "Parent Relationship": "Outer", "Parallel Aware": false, "Async Capable": false, "Startup Cost": 30001665040.62, "Total Cost": 30001666028.89, "Plan Rows": 395308, "Plan Width": 4, "Sort Key": ["store_sales.ss_sold_time_sk"], "Plans": [{"Node Type": "Nested Loop", "Parent Relationship": "Outer", "Parallel Aware": false, "Async Capable": false, "Join Type": "Inner", "Startup Cost": 30000000000.46, "Total Cost": 30001628291.57, "Plan Rows": 395308, "Plan Width": 4, "Inner Unique": true, "Plans": [{"Node Type": "Nested Loop", "Parent Relationship": "Outer", "Parallel Aware": false, "Async Capable": false, "Join Type": "Inner", "Startup Cost": 20000000000.3, "Total Cost": 20001556424.58, "Plan Rows": 2880101, "Plan Width": 8, "Inner Unique": true, "Plans": [{"Node Type": "Seq Scan", "Parent Relationship": "Outer", "Parallel Aware": false, "Async Capable": false, "Relation Name": "store_sales", "Alias": "store_sales", "Startup Cost": 10000000000.0, "Total Cost": 10000805458.14, "Plan Rows": 28801014, "Plan Width": 12}, {"Node Type": "Memoize", "Parent Relationship": "Inner", "Parallel Aware": false, "Async Capable": false, "Startup Cost": 0.3, "Total Cost": 4.32, "Plan Rows": 1, "Plan Width": 4, "Cache Key": "store_sales.ss_hdemo_sk", "Cache Mode": "logical", "Plans": [{"Node Type": "Bitmap Heap Scan", "Parent Relationship": "Outer", "Parallel Aware": false, "Async Capable": false, "Relation Name": "household_demographics", "Alias": "household_demographics", "Startup Cost": 0.29, "Total Cost": 4.31, "Plan Rows": 1, "Plan Width": 4, "Recheck Cond": "(hd_demo_sk = store_sales.ss_hdemo_sk)", "Filter": "(hd_dep_count = 2)", "Plans": [{"Node Type": "Bitmap Index Scan", "Parent Relationship": "Outer", "Parallel Aware": false, "Async Capable": false, "Index Name": "household_demographics_pkey", "Startup Cost": 0.0, "Total Cost": 0.29, "Plan Rows": 1, "Plan Width": 0, "Index Cond": "(hd_demo_sk = store_sales.ss_hdemo_sk)"}]}]}]}, {"Node Type": "Memoize", "Parent Relationship": "Inner", "Parallel Aware": false, "Async Capable": false, "Startup Cost": 0.16, "Total Cost": 4.18, "Plan Rows": 1, "Plan Width": 4, "Cache Key": "store_sales.ss_store_sk", "Cache Mode": "logical", "Plans": [{"Node Type": "Bitmap Heap Scan", "Parent Relationship": "Outer", "Parallel Aware": false, "Async Capable": false, "Relation Name": "store", "Alias": "store", "Startup Cost": 0.15, "Total Cost": 4.17, "Plan Rows": 1, "Plan Width": 4, "Recheck Cond": "(s_store_sk = store_sales.ss_store_sk)", "Filter": "((s_store_name)::text = 'ese'::text)", "Plans": [{"Node Type": "Bitmap Index Scan", "Parent Relationship": "Outer", "Parallel Aware": false, "Async Capable": false, "Index Name": "store_pkey", "Startup Cost": 0.0, "Total Cost": 0.15, "Plan Rows": 1, "Plan Width": 0, "Index Cond": "(s_store_sk = store_sales.ss_store_sk)"}]}]}]}]}, {"Node Type": "Index Scan", "Parent Relationship": "Inner", "Parallel Aware": false, "Async Capable": false, "Scan Direction": "Forward", "Index Name": "time_dim_pkey", "Relation Name": "time_dim", "Alias": "time_dim", "Startup Cost": 10000000000.29, "Total Cost": 10000004091.3, "Plan Rows": 1800, "Plan Width": 4, "Filter": "((t_minute >= 30) AND (t_hour = 15))"}]}]}}, {"Plan": {"Node Type": "Aggregate", "Strategy": "Plain", "Partial Mode": "Finalize", "Parallel Aware": false, "Async Capable": false, "Startup Cost": 738028.73, "Total Cost": 738028.74, "Plan Rows": 1, "Plan Width": 8, "Actual Rows": 1, "Actual Loops": 1, "Plans": [{"Node Type": "Gather", "Parent Relationship": "Outer", "Parallel Aware": false, "Async Capable": false, "Startup Cost": 738028.11, "Total Cost": 738028.72, "Plan Rows": 6, "Plan Width": 8, "Actual Rows": 7, "Actual Loops": 1, "Workers Planned": 6, "Workers Launched": 6, "Single Copy": false, "Plans": [{"Node Type": "Aggregate", "Strategy": "Plain", "Partial Mode": "Partial", "Parent Relationship": "Outer", "Parallel Aware": false, "Async Capable": false, "Startup Cost": 737028.11, "Total Cost": 737028.12, "Plan Rows": 1, "Plan Width": 8, "Actual Rows": 1, "Actual Loops": 7, "Workers": [], "Plans": [{"Node Type": "Merge Join", "Parent Relationship": "Outer", "Parallel Aware": false, "Async Capable": false, "Join Type": "Inner", "Startup Cost": 736677.27, "Total Cost": 737024.68, "Plan Rows": 1373, "Plan Width": 0, "Actual Rows": 1004, "Actual Loops": 7, "Inner Unique": true, "Merge Cond": "(store_sales.ss_sold_time_sk = time_dim.t_time_sk)", "Workers": [], "Plans": [{"Node Type": "Sort", "Parent Relationship": "Outer", "Parallel Aware": false, "Async Capable": false, "Startup Cost": 733872.94, "Total Cost": 734037.66, "Plan Rows": 65885, "Plan Width": 4, "Actual Rows": 33174, "Actual Loops": 7, "Sort Key": ["store_sales.ss_sold_time_sk"], "Sort Method": "quicksort", "Sort Space Used": 1537, "Sort Space Type": "Memory", "Workers": [{"Worker Number": 0, "Sort Method": "quicksort", "Sort Space Used": 1537, "Sort Space Type": "Memory"}, {"Worker Number": 1, "Sort Method": "quicksort", "Sort Space Used": 1537, "Sort Space Type": "Memory"}, {"Worker Number": 2, "Sort Method": "quicksort", "Sort Space Used": 1537, "Sort Space Type": "Memory"}, {"Worker Number": 3, "Sort Method": "quicksort", "Sort Space Used": 1537, "Sort Space Type": "Memory"}, {"Worker Number": 4, "Sort Method": "quicksort", "Sort Space Used": 1537, "Sort Space Type": "Memory"}, {"Worker Number": 5, "Sort Method": "quicksort", "Sort Space Used": 1537, "Sort Space Type": "Memory"}], "Plans": [{"Node Type": "Nested Loop", "Parent Relationship": "Outer", "Parallel Aware": false, "Async Capable": false, "Join Type": "Inner", "Startup Cost": 0.46, "Total Cost": 728599.62, "Plan Rows": 65885, "Plan Width": 4, "Actual Rows": 52357, "Actual Loops": 7, "Inner Unique": true, "Workers": [], "Plans": [{"Node Type": "Nested Loop", "Parent Relationship": "Outer", "Parallel Aware": false, "Async Capable": false, "Join Type": "Inner", "Startup Cost": 0.3, "Total Cost": 716442.68, "Plan Rows": 480017, "Plan Width": 8, "Actual Rows": 392743, "Actual Loops": 7, "Inner Unique": true, "Workers": [], "Plans": [{"Node Type": "Seq Scan", "Parent Relationship": "Outer", "Parallel Aware": true, "Async Capable": false, "Relation Name": "store_sales", "Alias": "store_sales", "Startup Cost": 0.0, "Total Cost": 565449.69, "Plan Rows": 4800169, "Plan Width": 12, "Actual Rows": 4114427, "Actual Loops": 7, "Workers": []}, {"Node Type": "Memoize", "Parent Relationship": "Inner", "Parallel Aware": false, "Async Capable": false, "Startup Cost": 0.3, "Total Cost": 4.32, "Plan Rows": 1, "Plan Width": 4, "Actual Rows": 0, "Actual Loops": 28800991, "Cache Key": "store_sales.ss_hdemo_sk", "Cache Mode": "logical", "Cache Hits": 4517432, "Cache Misses": 7201, "Cache Evictions": 0, "Cache Overflows": 0, "Peak Memory Usage": 504, "Workers": [{"Worker Number": 0, "Cache Hits": 3906770, "Cache Misses": 7201, "Cache Evictions": 0, "Cache Overflows": 0, "Peak Memory Usage": 504}, {"Worker Number": 1, "Cache Hits": 4343774, "Cache Misses": 7201, "Cache Evictions": 0, "Cache Overflows": 0, "Peak Memory Usage": 504}, {"Worker Number": 2, "Cache Hits": 3870648, "Cache Misses": 7201, "Cache Evictions": 0, "Cache Overflows": 0, "Peak Memory Usage": 504}, {"Worker Number": 3, "Cache Hits": 3880799, "Cache Misses": 7201, "Cache Evictions": 0, "Cache Overflows": 0, "Peak Memory Usage": 504}, {"Worker Number": 4, "Cache Hits": 4336365, "Cache Misses": 7201, "Cache Evictions": 0, "Cache Overflows": 0, "Peak Memory Usage": 504}, {"Worker Number": 5, "Cache Hits": 3894796, "Cache Misses": 7201, "Cache Evictions": 0, "Cache Overflows": 0, "Peak Memory Usage": 504}], "Plans": [{"Node Type": "Bitmap Heap Scan", "Parent Relationship": "Outer", "Parallel Aware": false, "Async Capable": false, "Relation Name": "household_demographics", "Alias": "household_demographics", "Startup Cost": 0.29, "Total Cost": 4.31, "Plan Rows": 1, "Plan Width": 4, "Actual Rows": 0, "Actual Loops": 50407, "Recheck Cond": "(hd_demo_sk = store_sales.ss_hdemo_sk)", "Rows Removed by Index Recheck": 0, "Filter": "(hd_dep_count = 2)", "Rows Removed by Filter": 1, "Exact Heap Blocks": 7200, "Lossy Heap Blocks": 0, "Workers": [], "Plans": [{"Node Type": "Bitmap Index Scan", "Parent Relationship": "Outer", "Parallel Aware": false, "Async Capable": false, "Index Name": "household_demographics_pkey", "Startup Cost": 0.0, "Total Cost": 0.29, "Plan Rows": 1, "Plan Width": 0, "Actual Rows": 1, "Actual Loops": 50407, "Index Cond": "(hd_demo_sk = store_sales.ss_hdemo_sk)", "Workers": []}]}]}]}, {"Node Type": "Memoize", "Parent Relationship": "Inner", "Parallel Aware": false, "Async Capable": false, "Startup Cost": 0.16, "Total Cost": 4.18, "Plan Rows": 1, "Plan Width": 4, "Actual Rows": 0, "Actual Loops": 2749202, "Cache Key": "store_sales.ss_store_sk", "Cache Mode": "logical", "Cache Hits": 431436, "Cache Misses": 52, "Cache Evictions": 0, "Cache Overflows": 0, "Peak Memory Usage": 4, "Workers": [{"Worker Number": 0, "Cache Hits": 374865, "Cache Misses": 52, "Cache Evictions": 0, "Cache Overflows": 0, "Peak Memory Usage": 4}, {"Worker Number": 1, "Cache Hits": 413093, "Cache Misses": 52, "Cache Evictions": 0, "Cache Overflows": 0, "Peak Memory Usage": 4}, {"Worker Number": 2, "Cache Hits": 367741, "Cache Misses": 52, "Cache Evictions": 0, "Cache Overflows": 0, "Peak Memory Usage": 4}, {"Worker Number": 3, "Cache Hits": 374884, "Cache Misses": 52, "Cache Evictions": 0, "Cache Overflows": 0, "Peak Memory Usage": 4}, {"Worker Number": 4, "Cache Hits": 413112, "Cache Misses": 52, "Cache Evictions": 0, "Cache Overflows": 0, "Peak Memory Usage": 4}, {"Worker Number": 5, "Cache Hits": 373707, "Cache Misses": 52, "Cache Evictions": 0, "Cache Overflows": 0, "Peak Memory Usage": 4}], "Plans": [{"Node Type": "Bitmap Heap Scan", "Parent Relationship": "Outer", "Parallel Aware": false, "Async Capable": false, "Relation Name": "store", "Alias": "store", "Startup Cost": 0.15, "Total Cost": 4.17, "Plan Rows": 1, "Plan Width": 4, "Actual Rows": 0, "Actual Loops": 364, "Recheck Cond": "(s_store_sk = store_sales.ss_store_sk)", "Rows Removed by Index Recheck": 0, "Filter": "((s_store_name)::text = 'ese'::text)", "Rows Removed by Filter": 1, "Exact Heap Blocks": 51, "Lossy Heap Blocks": 0, "Workers": [], "Plans": [{"Node Type": "Bitmap Index Scan", "Parent Relationship": "Outer", "Parallel Aware": false, "Async Capable": false, "Index Name": "store_pkey", "Startup Cost": 0.0, "Total Cost": 0.15, "Plan Rows": 1, "Plan Width": 0, "Actual Rows": 1, "Actual Loops": 364, "Index Cond": "(s_store_sk = store_sales.ss_store_sk)", "Workers": []}]}]}]}]}, {"Node Type": "Sort", "Parent Relationship": "Inner", "Parallel Aware": false, "Async Capable": false, "Startup Cost": 2801.32, "Total Cost": 2805.82, "Plan Rows": 1800, "Plan Width": 4, "Actual Rows": 1800, "Actual Loops": 7, "Sort Key": ["time_dim.t_time_sk"], "Sort Method": "quicksort", "Sort Space Used": 49, "Sort Space Type": "Memory", "Workers": [{"Worker Number": 0, "Sort Method": "quicksort", "Sort Space Used": 49, "Sort Space Type": "Memory"}, {"Worker Number": 1, "Sort Method": "quicksort", "Sort Space Used": 49, "Sort Space Type": "Memory"}, {"Worker Number": 2, "Sort Method": "quicksort", "Sort Space Used": 49, "Sort Space Type": "Memory"}, {"Worker Number": 3, "Sort Method": "quicksort", "Sort Space Used": 49, "Sort Space Type": "Memory"}, {"Worker Number": 4, "Sort Method": "quicksort", "Sort Space Used": 49, "Sort Space Type": "Memory"}, {"Worker Number": 5, "Sort Method": "quicksort", "Sort Space Used": 49, "Sort Space Type": "Memory"}], "Plans": [{"Node Type": "Seq Scan", "Parent Relationship": "Outer", "Parallel Aware": false, "Async Capable": false, "Relation Name": "time_dim", "Alias": "time_dim", "Startup Cost": 0.0, "Total Cost": 2704.0, "Plan Rows": 1800, "Plan Width": 4, "Actual Rows": 1800, "Actual Loops": 7, "Filter": "((t_minute >= 30) AND (t_hour = 15))", "Rows Removed by Filter": 84600, "Workers": []}]}]}]}]}]}, "Planning Time": 1.637, "Triggers": [], "Execution Time": 2131.058}, {"Plan": {"Node Type": "Aggregate", "Strategy": "Plain", "Partial Mode": "Finalize", "Parallel Aware": false, "Async Capable": false, "Startup Cost": 913201.5, "Total Cost": 913201.51, "Plan Rows": 1, "Plan Width": 8, "Actual Rows": 1, "Actual Loops": 1, "Plans": [{"Node Type": "Gather", "Parent Relationship": "Outer", "Parallel Aware": false, "Async Capable": false, "Startup Cost": 913200.87, "Total Cost": 913201.48, "Plan Rows": 6, "Plan Width": 8, "Actual Rows": 7, "Actual Loops": 1, "Workers Planned": 6, "Workers Launched": 6, "Single Copy": false, "Plans": [{"Node Type": "Aggregate", "Strategy": "Plain", "Partial Mode": "Partial", "Parent Relationship": "Outer", "Parallel Aware": false, "Async Capable": false, "Startup Cost": 912200.87, "Total Cost": 912200.88, "Plan Rows": 1, "Plan Width": 8, "Actual Rows": 1, "Actual Loops": 7, "Workers": [], "Plans": [{"Node Type": "Nested Loop", "Parent Relationship": "Outer", "Parallel Aware": false, "Async Capable": false, "Join Type": "Inner", "Startup Cost": 0.77, "Total Cost": 912197.44, "Plan Rows": 1373, "Plan Width": 0, "Actual Rows": 1004, "Actual Loops": 7, "Inner Unique": true, "Workers": [], "Plans": [{"Node Type": "Nested Loop", "Parent Relationship": "Outer", "Parallel Aware": false, "Async Capable": false, "Join Type": "Inner", "Startup Cost": 0.61, "Total Cost": 911733.76, "Plan Rows": 10000, "Plan Width": 4, "Actual Rows": 7541, "Actual Loops": 7, "Inner Unique": true, "Workers": [], "Plans": [{"Node Type": "Nested Loop", "Parent Relationship": "Outer", "Parallel Aware": false, "Async Capable": false, "Join Type": "Inner", "Startup Cost": 0.31, "Total Cost": 878235.79, "Plan Rows": 100004, "Plan Width": 8, "Actual Rows": 78248, "Actual Loops": 7, "Inner Unique": true, "Workers": [], "Plans": [{"Node Type": "Seq Scan", "Parent Relationship": "Outer", "Parallel Aware": true, "Async Capable": false, "Relation Name": "store_sales", "Alias": "store_sales", "Startup Cost": 0.0, "Total Cost": 565449.69, "Plan Rows": 4800169, "Plan Width": 12, "Actual Rows": 4114427, "Actual Loops": 7, "Workers": []}, {"Node Type": "Memoize", "Parent Relationship": "Inner", "Parallel Aware": false, "Async Capable": false, "Startup Cost": 0.31, "Total Cost": 4.33, "Plan Rows": 1, "Plan Width": 4, "Actual Rows": 0, "Actual Loops": 28800991, "Cache Key": "store_sales.ss_sold_time_sk", "Cache Mode": "logical", "Cache Hits": 4871271, "Cache Misses": 46656, "Cache Evictions": 0, "Cache Overflows": 0, "Peak Memory Usage": 3161, "Workers": [{"Worker Number": 0, "Cache Hits": 4587421, "Cache Misses": 46609, "Cache Evictions": 0, "Cache Overflows": 0, "Peak Memory Usage": 3158}, {"Worker Number": 1, "Cache Hits": 3613011, "Cache Misses": 46298, "Cache Evictions": 0, "Cache Overflows": 0, "Peak Memory Usage": 3136}, {"Worker Number": 2, "Cache Hits": 3618804, "Cache Misses": 46290, "Cache Evictions": 0, "Cache Overflows": 0, "Peak Memory Usage": 3135}, {"Worker Number": 3, "Cache Hits": 3600490, "Cache Misses": 46311, "Cache Evictions": 0, "Cache Overflows": 0, "Peak Memory Usage": 3137}, {"Worker Number": 4, "Cache Hits": 4562071, "Cache Misses": 46582, "Cache Evictions": 0, "Cache Overflows": 0, "Peak Memory Usage": 3156}, {"Worker Number": 5, "Cache Hits": 3622872, "Cache Misses": 46305, "Cache Evictions": 0, "Cache Overflows": 0, "Peak Memory Usage": 3137}], "Plans": [{"Node Type": "Bitmap Heap Scan", "Parent Relationship": "Outer", "Parallel Aware": false, "Async Capable": false, "Relation Name": "time_dim", "Alias": "time_dim", "Startup Cost": 0.3, "Total Cost": 4.32, "Plan Rows": 1, "Plan Width": 4, "Actual Rows": 0, "Actual Loops": 325051, "Recheck Cond": "(t_time_sk = store_sales.ss_sold_time_sk)", "Rows Removed by Index Recheck": 0, "Filter": "((t_minute >= 30) AND (t_hour = 15))", "Rows Removed by Filter": 1, "Exact Heap Blocks": 46655, "Lossy Heap Blocks": 0, "Workers": [], "Plans": [{"Node Type": "Bitmap Index Scan", "Parent Relationship": "Outer", "Parallel Aware": false, "Async Capable": false, "Index Name": "time_dim_pkey", "Startup Cost": 0.0, "Total Cost": 0.3, "Plan Rows": 1, "Plan Width": 0, "Actual Rows": 1, "Actual Loops": 325051, "Index Cond": "(t_time_sk = store_sales.ss_sold_time_sk)", "Workers": []}]}]}]}, {"Node Type": "Memoize", "Parent Relationship": "Inner", "Parallel Aware": false, "Async Capable": false, "Startup Cost": 0.3, "Total Cost": 4.32, "Plan Rows": 1, "Plan Width": 4, "Actual Rows": 0, "Actual Loops": 547733, "Cache Key": "store_sales.ss_hdemo_sk", "Cache Mode": "logical", "Cache Hits": 87131, "Cache Misses": 4867, "Cache Evictions": 0, "Cache Overflows": 0, "Peak Memory Usage": 341, "Workers": [{"Worker Number": 0, "Cache Hits": 82392, "Cache Misses": 4713, "Cache Evictions": 0, "Cache Overflows": 0, "Peak Memory Usage": 330}, {"Worker Number": 1, "Cache Hits": 65519, "Cache Misses": 4118, "Cache Evictions": 0, "Cache Overflows": 0, "Peak Memory Usage": 288}, {"Worker Number": 2, "Cache Hits": 65540, "Cache Misses": 4105, "Cache Evictions": 0, "Cache Overflows": 0, "Peak Memory Usage": 288}, {"Worker Number": 3, "Cache Hits": 66218, "Cache Misses": 4140, "Cache Evictions": 0, "Cache Overflows": 0, "Peak Memory Usage": 290}, {"Worker Number": 4, "Cache Hits": 83325, "Cache Misses": 4759, "Cache Evictions": 0, "Cache Overflows": 0, "Peak Memory Usage": 333}, {"Worker Number": 5, "Cache Hits": 66770, "Cache Misses": 4136, "Cache Evictions": 0, "Cache Overflows": 0, "Peak Memory Usage": 290}], "Plans": [{"Node Type": "Bitmap Heap Scan", "Parent Relationship": "Outer", "Parallel Aware": false, "Async Capable": false, "Relation Name": "household_demographics", "Alias": "household_demographics", "Startup Cost": 0.29, "Total Cost": 4.31, "Plan Rows": 1, "Plan Width": 4, "Actual Rows": 0, "Actual Loops": 30838, "Recheck Cond": "(hd_demo_sk = store_sales.ss_hdemo_sk)", "Rows Removed by Index Recheck": 0, "Filter": "(hd_dep_count = 2)", "Rows Removed by Filter": 1, "Exact Heap Blocks": 4866, "Lossy Heap Blocks": 0, "Workers": [], "Plans": [{"Node Type": "Bitmap Index Scan", "Parent Relationship": "Outer", "Parallel Aware": false, "Async Capable": false, "Index Name": "household_demographics_pkey", "Startup Cost": 0.0, "Total Cost": 0.29, "Plan Rows": 1, "Plan Width": 0, "Actual Rows": 1, "Actual Loops": 30838, "Index Cond": "(hd_demo_sk = store_sales.ss_hdemo_sk)", "Workers": []}]}]}]}, {"Node Type": "Memoize", "Parent Relationship": "Inner", "Parallel Aware": false, "Async Capable": false, "Startup Cost": 0.16, "Total Cost": 4.18, "Plan Rows": 1, "Plan Width": 4, "Actual Rows": 0, "Actual Loops": 52785, "Cache Key": "store_sales.ss_store_sk", "Cache Mode": "logical", "Cache Hits": 8783, "Cache Misses": 52, "Cache Evictions": 0, "Cache Overflows": 0, "Peak Memory Usage": 4, "Workers": [{"Worker Number": 0, "Cache Hits": 8356, "Cache Misses": 52, "Cache Evictions": 0, "Cache Overflows": 0, "Peak Memory Usage": 4}, {"Worker Number": 1, "Cache Hits": 6298, "Cache Misses": 52, "Cache Evictions": 0, "Cache Overflows": 0, "Peak Memory Usage": 4}, {"Worker Number": 2, "Cache Hits": 6874, "Cache Misses": 52, "Cache Evictions": 0, "Cache Overflows": 0, "Peak Memory Usage": 4}, {"Worker Number": 3, "Cache Hits": 6841, "Cache Misses": 52, "Cache Evictions": 0, "Cache Overflows": 0, "Peak Memory Usage": 4}, {"Worker Number": 4, "Cache Hits": 8512, "Cache Misses": 52, "Cache Evictions": 0, "Cache Overflows": 0, "Peak Memory Usage": 4}, {"Worker Number": 5, "Cache Hits": 6757, "Cache Misses": 52, "Cache Evictions": 0, "Cache Overflows": 0, "Peak Memory Usage": 4}], "Plans": [{"Node Type": "Bitmap Heap Scan", "Parent Relationship": "Outer", "Parallel Aware": false, "Async Capable": false, "Relation Name": "store", "Alias": "store", "Startup Cost": 0.15, "Total Cost": 4.17, "Plan Rows": 1, "Plan Width": 4, "Actual Rows": 0, "Actual Loops": 364, "Recheck Cond": "(s_store_sk = store_sales.ss_store_sk)", "Rows Removed by Index Recheck": 0, "Filter": "((s_store_name)::text = 'ese'::text)", "Rows Removed by Filter": 1, "Exact Heap Blocks": 51, "Lossy Heap Blocks": 0, "Workers": [], "Plans": [{"Node Type": "Bitmap Index Scan", "Parent Relationship": "Outer", "Parallel Aware": false, "Async Capable": false, "Index Name": "store_pkey", "Startup Cost": 0.0, "Total Cost": 0.15, "Plan Rows": 1, "Plan Width": 0, "Actual Rows": 1, "Actual Loops": 364, "Index Cond": "(s_store_sk = store_sales.ss_store_sk)", "Workers": []}]}]}]}]}]}]}, "Planning Time": 1.096, "Triggers": [], "Execution Time": 2737.669}]