[{"Plan": {"Node Type": "Aggregate", "Strategy": "Plain", "Partial Mode": "Finalize", "Parallel Aware": false, "Async Capable": false, "Startup Cost": 209192.06, "Total Cost": 209192.07, "Plan Rows": 1, "Plan Width": 8, "Actual Rows": 1, "Actual Loops": 1, "Plans": [{"Node Type": "Gather", "Parent Relationship": "Outer", "Parallel Aware": false, "Async Capable": false, "Startup Cost": 209191.54, "Total Cost": 209192.05, "Plan Rows": 5, "Plan Width": 8, "Actual Rows": 6, "Actual Loops": 1, "Workers Planned": 5, "Workers Launched": 5, "Single Copy": false, "Plans": [{"Node Type": "Aggregate", "Strategy": "Plain", "Partial Mode": "Partial", "Parent Relationship": "Outer", "Parallel Aware": false, "Async Capable": false, "Startup Cost": 208191.54, "Total Cost": 208191.55, "Plan Rows": 1, "Plan Width": 8, "Actual Rows": 1, "Actual Loops": 6, "Workers": [], "Plans": [{"Node Type": "Hash Join", "Parent Relationship": "Outer", "Parallel Aware": false, "Async Capable": false, "Join Type": "Inner", "Startup Cost": 2077.93, "Total Cost": 208173.01, "Plan Rows": 7410, "Plan Width": 0, "Actual Rows": 239997, "Actual Loops": 6, "Inner Unique": true, "Hash Cond": "(web_sales.ws_web_site_sk = web_site.web_site_sk)", "Workers": [], "Plans": [{"Node Type": "Hash Join", "Parent Relationship": "Outer", "Parallel Aware": false, "Async Capable": false, "Join Type": "Inner", "Startup Cost": 2073.99, "Total Cost": 208147.66, "Plan Rows": 7410, "Plan Width": 4, "Actual Rows": 240004, "Actual Loops": 6, "Inner Unique": true, "Hash Cond": "(web_sales.ws_ship_mode_sk = ship_mode.sm_ship_mode_sk)", "Workers": [], "Plans": [{"Node Type": "Hash Join", "Parent Relationship": "Outer", "Parallel Aware": false, "Async Capable": false, "Join Type": "Inner", "Startup Cost": 2072.54, "Total Cost": 208122.64, "Plan Rows": 7410, "Plan Width": 8, "Actual Rows": 240020, "Actual Loops": 6, "Inner Unique": true, "Hash Cond": "(web_sales.ws_warehouse_sk = warehouse.w_warehouse_sk)", "Workers": [], "Plans": [{"Node Type": "Hash Join", "Parent Relationship": "Outer", "Parallel Aware": true, "Async Capable": false, "Join Type": "Inner", "Startup Cost": 2071.31, "Total Cost": 208093.72, "Plan Rows": 7410, "Plan Width": 12, "Actual Rows": 240046, "Actual Loops": 6, "Inner Unique": true, "Hash Cond": "(web_sales.ws_ship_date_sk = date_dim.d_date_sk)", "Workers": [], "Plans": [{"Node Type": "Seq Scan", "Parent Relationship": "Outer", "Parallel Aware": true, "Async Capable": false, "Relation Name": "web_sales", "Alias": "web_sales", "Startup Cost": 0.0, "Total Cost": 202243.39, "Plan Rows": 1439539, "Plan Width": 16, "Actual Rows": 1199594, "Actual Loops": 6, "Workers": []}, {"Node Type": "Hash", "Parent Relationship": "Inner", "Parallel Aware": true, "Async Capable": false, "Startup Cost": 2068.55, "Total Cost": 2068.55, "Plan Rows": 221, "Plan Width": 4, "Actual Rows": 61, "Actual Loops": 6, "Hash Buckets": 1024, "Original Hash Buckets": 1024, "Hash Batches": 1, "Original Hash Batches": 1, "Peak Memory Usage": 136, "Workers": [], "Plans": [{"Node Type": "Seq Scan", "Parent Relationship": "Outer", "Parallel Aware": true, "Async Capable": false, "Relation Name": "date_dim", "Alias": "date_dim", "Startup Cost": 0.0, "Total Cost": 2068.55, "Plan Rows": 221, "Plan Width": 4, "Actual Rows": 61, "Actual Loops": 6, "Filter": "((d_month_seq >= 1186) AND (d_month_seq <= 1197))", "Rows Removed by Filter": 12114, "Workers": []}]}]}, {"Node Type": "Hash", "Parent Relationship": "Inner", "Parallel Aware": false, "Async Capable": false, "Startup Cost": 1.1, "Total Cost": 1.1, "Plan Rows": 10, "Plan Width": 4, "Actual Rows": 10, "Actual Loops": 6, "Hash Buckets": 1024, "Original Hash Buckets": 1024, "Hash Batches": 1, "Original Hash Batches": 1, "Peak Memory Usage": 9, "Workers": [], "Plans": [{"Node Type": "Seq Scan", "Parent Relationship": "Outer", "Parallel Aware": false, "Async Capable": false, "Relation Name": "warehouse", "Alias": "warehouse", "Startup Cost": 0.0, "Total Cost": 1.1, "Plan Rows": 10, "Plan Width": 4, "Actual Rows": 10, "Actual Loops": 6, "Workers": []}]}]}, {"Node Type": "Hash", "Parent Relationship": "Inner", "Parallel Aware": false, "Async Capable": false, "Startup Cost": 1.2, "Total Cost": 1.2, "Plan Rows": 20, "Plan Width": 4, "Actual Rows": 20, "Actual Loops": 6, "Hash Buckets": 1024, "Original Hash Buckets": 1024, "Hash Batches": 1, "Original Hash Batches": 1, "Peak Memory Usage": 9, "Workers": [], "Plans": [{"Node Type": "Seq Scan", "Parent Relationship": "Outer", "Parallel Aware": false, "Async Capable": false, "Relation Name": "ship_mode", "Alias": "ship_mode", "Startup Cost": 0.0, "Total Cost": 1.2, "Plan Rows": 20, "Plan Width": 4, "Actual Rows": 20, "Actual Loops": 6, "Workers": []}]}]}, {"Node Type": "Hash", "Parent Relationship": "Inner", "Parallel Aware": false, "Async Capable": false, "Startup Cost": 3.42, "Total Cost": 3.42, "Plan Rows": 42, "Plan Width": 4, "Actual Rows": 42, "Actual Loops": 6, "Hash Buckets": 1024, "Original Hash Buckets": 1024, "Hash Batches": 1, "Original Hash Batches": 1, "Peak Memory Usage": 10, "Workers": [], "Plans": [{"Node Type": "Seq Scan", "Parent Relationship": "Outer", "Parallel Aware": false, "Async Capable": false, "Relation Name": "web_site", "Alias": "web_site", "Startup Cost": 0.0, "Total Cost": 3.42, "Plan Rows": 42, "Plan Width": 4, "Actual Rows": 42, "Actual Loops": 6, "Workers": []}]}]}]}]}]}, "Planning Time": 1.836, "Triggers": [], "Execution Time": 475.803}, {"Plan": {"Node Type": "Aggregate", "Strategy": "Plain", "Partial Mode": "Simple", "Parallel Aware": false, "Async Capable": false, "Startup Cost": 50000282917.39, "Total Cost": 50000282917.4, "Plan Rows": 1, "Plan Width": 8, "Actual Rows": 1, "Actual Loops": 1, "Plans": [{"Node Type": "Hash Join", "Parent Relationship": "Outer", "Parallel Aware": false, "Async Capable": false, "Join Type": "Inner", "Startup Cost": 50000003741.36, "Total Cost": 50000282824.77, "Plan Rows": 37048, "Plan Width": 0, "Actual Rows": 1439982, "Actual Loops": 1, "Inner Unique": true, "Hash Cond": "(web_sales.ws_web_site_sk = web_site.web_site_sk)", "Plans": [{"Node Type": "Hash Join", "Parent Relationship": "Outer", "Parallel Aware": false, "Async Capable": false, "Join Type": "Inner", "Startup Cost": 40000003726.07, "Total Cost": 40000282702.41, "Plan Rows": 37048, "Plan Width": 4, "Actual Rows": 1440026, "Actual Loops": 1, "Inner Unique": true, "Hash Cond": "(web_sales.ws_ship_mode_sk = ship_mode.sm_ship_mode_sk)", "Plans": [{"Node Type": "Hash Join", "Parent Relationship": "Outer", "Parallel Aware": false, "Async Capable": false, "Join Type": "Inner", "Startup Cost": 30000003713.38, "Total Cost": 30000282571.87, "Plan Rows": 37048, "Plan Width": 8, "Actual Rows": 1440119, "Actual Loops": 1, "Inner Unique": true, "Hash Cond": "(web_sales.ws_warehouse_sk = warehouse.w_warehouse_sk)", "Plans": [{"Node Type": "Hash Join", "Parent Relationship": "Outer", "Parallel Aware": false, "Async Capable": false, "Join Type": "Inner", "Startup Cost": 20000003700.97, "Total Cost": 20000282421.0, "Plan Rows": 37048, "Plan Width": 12, "Actual Rows": 1440276, "Actual Loops": 1, "Inner Unique": true, "Hash Cond": "(web_sales.ws_ship_date_sk = date_dim.d_date_sk)", "Plans": [{"Node Type": "Seq Scan", "Parent Relationship": "Outer", "Parallel Aware": false, "Async Capable": false, "Relation Name": "web_sales", "Alias": "web_sales", "Startup Cost": 10000000000.0, "Total Cost": 10000259824.97, "Plan Rows": 7197697, "Plan Width": 16, "Actual Rows": 7197566, "Actual Loops": 1}, {"Node Type": "Hash", "Parent Relationship": "Inner", "Parallel Aware": false, "Async Capable": false, "Startup Cost": 10000003696.27, "Total Cost": 10000003696.27, "Plan Rows": 376, "Plan Width": 4, "Actual Rows": 365, "Actual Loops": 1, "Hash Buckets": 1024, "Original Hash Buckets": 1024, "Hash Batches": 1, "Original Hash Batches": 1, "Peak Memory Usage": 21, "Plans": [{"Node Type": "Index Scan", "Parent Relationship": "Outer", "Parallel Aware": false, "Async Capable": false, "Scan Direction": "Forward", "Index Name": "date_dim_pkey", "Relation Name": "date_dim", "Alias": "date_dim", "Startup Cost": 10000000000.29, "Total Cost": 10000003696.27, "Plan Rows": 376, "Plan Width": 4, "Actual Rows": 365, "Actual Loops": 1, "Filter": "((d_month_seq >= 1186) AND (d_month_seq <= 1197))", "Rows Removed by Filter": 72684}]}]}, {"Node Type": "Hash", "Parent Relationship": "Inner", "Parallel Aware": false, "Async Capable": false, "Startup Cost": 10000000012.28, "Total Cost": 10000000012.28, "Plan Rows": 10, "Plan Width": 4, "Actual Rows": 10, "Actual Loops": 1, "Hash Buckets": 1024, "Original Hash Buckets": 1024, "Hash Batches": 1, "Original Hash Batches": 1, "Peak Memory Usage": 9, "Plans": [{"Node Type": "Index Only Scan", "Parent Relationship": "Outer", "Parallel Aware": false, "Async Capable": false, "Scan Direction": "Forward", "Index Name": "warehouse_pkey", "Relation Name": "warehouse", "Alias": "warehouse", "Startup Cost": 10000000000.14, "Total Cost": 10000000012.28, "Plan Rows": 10, "Plan Width": 4, "Actual Rows": 10, "Actual Loops": 1, "Heap Fetches": 10}]}]}, {"Node Type": "Hash", "Parent Relationship": "Inner", "Parallel Aware": false, "Async Capable": false, "Startup Cost": 10000000012.44, "Total Cost": 10000000012.44, "Plan Rows": 20, "Plan Width": 4, "Actual Rows": 20, "Actual Loops": 1, "Hash Buckets": 1024, "Original Hash Buckets": 1024, "Hash Batches": 1, "Original Hash Batches": 1, "Peak Memory Usage": 9, "Plans": [{"Node Type": "Index Only Scan", "Parent Relationship": "Outer", "Parallel Aware": false, "Async Capable": false, "Scan Direction": "Forward", "Index Name": "ship_mode_pkey", "Relation Name": "ship_mode", "Alias": "ship_mode", "Startup Cost": 10000000000.14, "Total Cost": 10000000012.44, "Plan Rows": 20, "Plan Width": 4, "Actual Rows": 20, "Actual Loops": 1, "Heap Fetches": 20}]}]}, {"Node Type": "Hash", "Parent Relationship": "Inner", "Parallel Aware": false, "Async Capable": false, "Startup Cost": 10000000014.77, "Total Cost": 10000000014.77, "Plan Rows": 42, "Plan Width": 4, "Actual Rows": 42, "Actual Loops": 1, "Hash Buckets": 1024, "Original Hash Buckets": 1024, "Hash Batches": 1, "Original Hash Batches": 1, "Peak Memory Usage": 10, "Plans": [{"Node Type": "Index Only Scan", "Parent Relationship": "Outer", "Parallel Aware": false, "Async Capable": false, "Scan Direction": "Forward", "Index Name": "web_site_pkey", "Relation Name": "web_site", "Alias": "web_site", "Startup Cost": 10000000000.14, "Total Cost": 10000000014.77, "Plan Rows": 42, "Plan Width": 4, "Actual Rows": 42, "Actual Loops": 1, "Heap Fetches": 42}]}]}]}, "Planning Time": 1.305, "Triggers": [], "Execution Time": 3944.907}, {"Plan": {"Node Type": "Aggregate", "Strategy": "Plain", "Partial Mode": "Simple", "Parallel Aware": false, "Async Capable": false, "Startup Cost": 10000282917.39, "Total Cost": 10000282917.4, "Plan Rows": 1, "Plan Width": 8, "Actual Rows": 1, "Actual Loops": 1, "Plans": [{"Node Type": "Hash Join", "Parent Relationship": "Outer", "Parallel Aware": false, "Async Capable": false, "Join Type": "Inner", "Startup Cost": 10000003741.36, "Total Cost": 10000282824.77, "Plan Rows": 37048, "Plan Width": 0, "Actual Rows": 1439982, "Actual Loops": 1, "Inner Unique": true, "Hash Cond": "(web_sales.ws_web_site_sk = web_site.web_site_sk)", "Plans": [{"Node Type": "Hash Join", "Parent Relationship": "Outer", "Parallel Aware": false, "Async Capable": false, "Join Type": "Inner", "Startup Cost": 10000003726.07, "Total Cost": 10000282702.41, "Plan Rows": 37048, "Plan Width": 4, "Actual Rows": 1440026, "Actual Loops": 1, "Inner Unique": true, "Hash Cond": "(web_sales.ws_ship_mode_sk = ship_mode.sm_ship_mode_sk)", "Plans": [{"Node Type": "Hash Join", "Parent Relationship": "Outer", "Parallel Aware": false, "Async Capable": false, "Join Type": "Inner", "Startup Cost": 10000003713.38, "Total Cost": 10000282571.87, "Plan Rows": 37048, "Plan Width": 8, "Actual Rows": 1440119, "Actual Loops": 1, "Inner Unique": true, "Hash Cond": "(web_sales.ws_warehouse_sk = warehouse.w_warehouse_sk)", "Plans": [{"Node Type": "Hash Join", "Parent Relationship": "Outer", "Parallel Aware": false, "Async Capable": false, "Join Type": "Inner", "Startup Cost": 10000003700.97, "Total Cost": 10000282421.0, "Plan Rows": 37048, "Plan Width": 12, "Actual Rows": 1440276, "Actual Loops": 1, "Inner Unique": true, "Hash Cond": "(web_sales.ws_ship_date_sk = date_dim.d_date_sk)", "Plans": [{"Node Type": "Seq Scan", "Parent Relationship": "Outer", "Parallel Aware": false, "Async Capable": false, "Relation Name": "web_sales", "Alias": "web_sales", "Startup Cost": 10000000000.0, "Total Cost": 10000259824.97, "Plan Rows": 7197697, "Plan Width": 16, "Actual Rows": 7197566, "Actual Loops": 1}, {"Node Type": "Hash", "Parent Relationship": "Inner", "Parallel Aware": false, "Async Capable": false, "Startup Cost": 3696.27, "Total Cost": 3696.27, "Plan Rows": 376, "Plan Width": 4, "Actual Rows": 365, "Actual Loops": 1, "Hash Buckets": 1024, "Original Hash Buckets": 1024, "Hash Batches": 1, "Original Hash Batches": 1, "Peak Memory Usage": 21, "Plans": [{"Node Type": "Index Scan", "Parent Relationship": "Outer", "Parallel Aware": false, "Async Capable": false, "Scan Direction": "Forward", "Index Name": "date_dim_pkey", "Relation Name": "date_dim", "Alias": "date_dim", "Startup Cost": 0.29, "Total Cost": 3696.27, "Plan Rows": 376, "Plan Width": 4, "Actual Rows": 365, "Actual Loops": 1, "Filter": "((d_month_seq >= 1186) AND (d_month_seq <= 1197))", "Rows Removed by Filter": 72684}]}]}, {"Node Type": "Hash", "Parent Relationship": "Inner", "Parallel Aware": false, "Async Capable": false, "Startup Cost": 12.29, "Total Cost": 12.29, "Plan Rows": 10, "Plan Width": 4, "Actual Rows": 10, "Actual Loops": 1, "Hash Buckets": 1024, "Original Hash Buckets": 1024, "Hash Batches": 1, "Original Hash Batches": 1, "Peak Memory Usage": 9, "Plans": [{"Node Type": "Index Only Scan", "Parent Relationship": "Outer", "Parallel Aware": false, "Async Capable": false, "Scan Direction": "Forward", "Index Name": "warehouse_pkey", "Relation Name": "warehouse", "Alias": "warehouse", "Startup Cost": 0.14, "Total Cost": 12.29, "Plan Rows": 10, "Plan Width": 4, "Actual Rows": 10, "Actual Loops": 1, "Heap Fetches": 10}]}]}, {"Node Type": "Hash", "Parent Relationship": "Inner", "Parallel Aware": false, "Async Capable": false, "Startup Cost": 12.44, "Total Cost": 12.44, "Plan Rows": 20, "Plan Width": 4, "Actual Rows": 20, "Actual Loops": 1, "Hash Buckets": 1024, "Original Hash Buckets": 1024, "Hash Batches": 1, "Original Hash Batches": 1, "Peak Memory Usage": 9, "Plans": [{"Node Type": "Index Only Scan", "Parent Relationship": "Outer", "Parallel Aware": false, "Async Capable": false, "Scan Direction": "Forward", "Index Name": "ship_mode_pkey", "Relation Name": "ship_mode", "Alias": "ship_mode", "Startup Cost": 0.14, "Total Cost": 12.44, "Plan Rows": 20, "Plan Width": 4, "Actual Rows": 20, "Actual Loops": 1, "Heap Fetches": 20}]}]}, {"Node Type": "Hash", "Parent Relationship": "Inner", "Parallel Aware": false, "Async Capable": false, "Startup Cost": 14.77, "Total Cost": 14.77, "Plan Rows": 42, "Plan Width": 4, "Actual Rows": 42, "Actual Loops": 1, "Hash Buckets": 1024, "Original Hash Buckets": 1024, "Hash Batches": 1, "Original Hash Batches": 1, "Peak Memory Usage": 10, "Plans": [{"Node Type": "Index Only Scan", "Parent Relationship": "Outer", "Parallel Aware": false, "Async Capable": false, "Scan Direction": "Forward", "Index Name": "web_site_pkey", "Relation Name": "web_site", "Alias": "web_site", "Startup Cost": 0.14, "Total Cost": 14.77, "Plan Rows": 42, "Plan Width": 4, "Actual Rows": 42, "Actual Loops": 1, "Heap Fetches": 42}]}]}]}, "Planning Time": 1.186, "Triggers": [], "Execution Time": 3918.301}, {"Plan": {"Node Type": "Aggregate", "Strategy": "Plain", "Partial Mode": "Simple", "Parallel Aware": false, "Async Capable": false, "Startup Cost": 10000451253.21, "Total Cost": 10000451253.22, "Plan Rows": 1, "Plan Width": 8, "Plans": [{"Node Type": "Nested Loop", "Parent Relationship": "Outer", "Parallel Aware": false, "Async Capable": false, "Join Type": "Inner", "Startup Cost": 10000000000.78, "Total Cost": 10000451160.59, "Plan Rows": 37048, "Plan Width": 0, "Inner Unique": true, "Plans": [{"Node Type": "Nested Loop", "Parent Relationship": "Outer", "Parallel Aware": false, "Async Capable": false, "Join Type": "Inner", "Startup Cost": 10000000000.62, "Total Cost": 10000450071.95, "Plan Rows": 37048, "Plan Width": 4, "Inner Unique": true, "Plans": [{"Node Type": "Nested Loop", "Parent Relationship": "Outer", "Parallel Aware": false, "Async Capable": false, "Join Type": "Inner", "Startup Cost": 10000000000.46, "Total Cost": 10000449087.21, "Plan Rows": 37048, "Plan Width": 8, "Inner Unique": true, "Plans": [{"Node Type": "Nested Loop", "Parent Relationship": "Outer", "Parallel Aware": false, "Async Capable": false, "Join Type": "Inner", "Startup Cost": 10000000000.31, "Total Cost": 10000448164.05, "Plan Rows": 37048, "Plan Width": 12, "Inner Unique": true, "Plans": [{"Node Type": "Seq Scan", "Parent Relationship": "Outer", "Parallel Aware": false, "Async Capable": false, "Relation Name": "web_sales", "Alias": "web_sales", "Startup Cost": 10000000000.0, "Total Cost": 10000259824.97, "Plan Rows": 7197697, "Plan Width": 16}, {"Node Type": "Memoize", "Parent Relationship": "Inner", "Parallel Aware": false, "Async Capable": false, "Startup Cost": 0.31, "Total Cost": 4.33, "Plan Rows": 1, "Plan Width": 4, "Cache Key": "web_sales.ws_ship_date_sk", "Cache Mode": "logical", "Plans": [{"Node Type": "Bitmap Heap Scan", "Parent Relationship": "Outer", "Parallel Aware": false, "Async Capable": false, "Relation Name": "date_dim", "Alias": "date_dim", "Startup Cost": 0.3, "Total Cost": 4.32, "Plan Rows": 1, "Plan Width": 4, "Recheck Cond": "(d_date_sk = web_sales.ws_ship_date_sk)", "Filter": "((d_month_seq >= 1186) AND (d_month_seq <= 1197))", "Plans": [{"Node Type": "Bitmap Index Scan", "Parent Relationship": "Outer", "Parallel Aware": false, "Async Capable": false, "Index Name": "date_dim_pkey", "Startup Cost": 0.0, "Total Cost": 0.3, "Plan Rows": 1, "Plan Width": 0, "Index Cond": "(d_date_sk = web_sales.ws_ship_date_sk)"}]}]}]}, {"Node Type": "Memoize", "Parent Relationship": "Inner", "Parallel Aware": false, "Async Capable": false, "Startup Cost": 0.15, "Total Cost": 4.17, "Plan Rows": 1, "Plan Width": 4, "Cache Key": "web_sales.ws_warehouse_sk", "Cache Mode": "logical", "Plans": [{"Node Type": "Bitmap Heap Scan", "Parent Relationship": "Outer", "Parallel Aware": false, "Async Capable": false, "Relation Name": "warehouse", "Alias": "warehouse", "Startup Cost": 0.14, "Total Cost": 4.16, "Plan Rows": 1, "Plan Width": 4, "Recheck Cond": "(w_warehouse_sk = web_sales.ws_warehouse_sk)", "Plans": [{"Node Type": "Bitmap Index Scan", "Parent Relationship": "Outer", "Parallel Aware": false, "Async Capable": false, "Index Name": "warehouse_pkey", "Startup Cost": 0.0, "Total Cost": 0.14, "Plan Rows": 1, "Plan Width": 0, "Index Cond": "(w_warehouse_sk = web_sales.ws_warehouse_sk)"}]}]}]}, {"Node Type": "Memoize", "Parent Relationship": "Inner", "Parallel Aware": false, "Async Capable": false, "Startup Cost": 0.16, "Total Cost": 4.17, "Plan Rows": 1, "Plan Width": 4, "Cache Key": "web_sales.ws_ship_mode_sk", "Cache Mode": "logical", "Plans": [{"Node Type": "Bitmap Heap Scan", "Parent Relationship": "Outer", "Parallel Aware": false, "Async Capable": false, "Relation Name": "ship_mode", "Alias": "ship_mode", "Startup Cost": 0.15, "Total Cost": 4.16, "Plan Rows": 1, "Plan Width": 4, "Recheck Cond": "(sm_ship_mode_sk = web_sales.ws_ship_mode_sk)", "Plans": [{"Node Type": "Bitmap Index Scan", "Parent Relationship": "Outer", "Parallel Aware": false, "Async Capable": false, "Index Name": "ship_mode_pkey", "Startup Cost": 0.0, "Total Cost": 0.15, "Plan Rows": 1, "Plan Width": 0, "Index Cond": "(sm_ship_mode_sk = web_sales.ws_ship_mode_sk)"}]}]}]}, {"Node Type": "Memoize", "Parent Relationship": "Inner", "Parallel Aware": false, "Async Capable": false, "Startup Cost": 0.16, "Total Cost": 4.17, "Plan Rows": 1, "Plan Width": 4, "Cache Key": "web_sales.ws_web_site_sk", "Cache Mode": "logical", "Plans": [{"Node Type": "Bitmap Heap Scan", "Parent Relationship": "Outer", "Parallel Aware": false, "Async Capable": false, "Relation Name": "web_site", "Alias": "web_site", "Startup Cost": 0.15, "Total Cost": 4.16, "Plan Rows": 1, "Plan Width": 4, "Recheck Cond": "(web_site_sk = web_sales.ws_web_site_sk)", "Plans": [{"Node Type": "Bitmap Index Scan", "Parent Relationship": "Outer", "Parallel Aware": false, "Async Capable": false, "Index Name": "web_site_pkey", "Startup Cost": 0.0, "Total Cost": 0.15, "Plan Rows": 1, "Plan Width": 0, "Index Cond": "(web_site_sk = web_sales.ws_web_site_sk)"}]}]}]}]}}, {"Plan": {"Node Type": "Aggregate", "Strategy": "Plain", "Partial Mode": "Simple", "Parallel Aware": false, "Async Capable": false, "Startup Cost": 10000282917.39, "Total Cost": 10000282917.4, "Plan Rows": 1, "Plan Width": 8, "Actual Rows": 1, "Actual Loops": 1, "Plans": [{"Node Type": "Hash Join", "Parent Relationship": "Outer", "Parallel Aware": false, "Async Capable": false, "Join Type": "Inner", "Startup Cost": 10000003741.36, "Total Cost": 10000282824.77, "Plan Rows": 37048, "Plan Width": 0, "Actual Rows": 1439982, "Actual Loops": 1, "Inner Unique": true, "Hash Cond": "(web_sales.ws_web_site_sk = web_site.web_site_sk)", "Plans": [{"Node Type": "Hash Join", "Parent Relationship": "Outer", "Parallel Aware": false, "Async Capable": false, "Join Type": "Inner", "Startup Cost": 10000003726.07, "Total Cost": 10000282702.41, "Plan Rows": 37048, "Plan Width": 4, "Actual Rows": 1440026, "Actual Loops": 1, "Inner Unique": true, "Hash Cond": "(web_sales.ws_ship_mode_sk = ship_mode.sm_ship_mode_sk)", "Plans": [{"Node Type": "Hash Join", "Parent Relationship": "Outer", "Parallel Aware": false, "Async Capable": false, "Join Type": "Inner", "Startup Cost": 10000003713.38, "Total Cost": 10000282571.87, "Plan Rows": 37048, "Plan Width": 8, "Actual Rows": 1440119, "Actual Loops": 1, "Inner Unique": true, "Hash Cond": "(web_sales.ws_warehouse_sk = warehouse.w_warehouse_sk)", "Plans": [{"Node Type": "Hash Join", "Parent Relationship": "Outer", "Parallel Aware": false, "Async Capable": false, "Join Type": "Inner", "Startup Cost": 10000003700.97, "Total Cost": 10000282421.0, "Plan Rows": 37048, "Plan Width": 12, "Actual Rows": 1440276, "Actual Loops": 1, "Inner Unique": true, "Hash Cond": "(web_sales.ws_ship_date_sk = date_dim.d_date_sk)", "Plans": [{"Node Type": "Seq Scan", "Parent Relationship": "Outer", "Parallel Aware": false, "Async Capable": false, "Relation Name": "web_sales", "Alias": "web_sales", "Startup Cost": 10000000000.0, "Total Cost": 10000259824.97, "Plan Rows": 7197697, "Plan Width": 16, "Actual Rows": 7197566, "Actual Loops": 1}, {"Node Type": "Hash", "Parent Relationship": "Inner", "Parallel Aware": false, "Async Capable": false, "Startup Cost": 3696.27, "Total Cost": 3696.27, "Plan Rows": 376, "Plan Width": 4, "Actual Rows": 365, "Actual Loops": 1, "Hash Buckets": 1024, "Original Hash Buckets": 1024, "Hash Batches": 1, "Original Hash Batches": 1, "Peak Memory Usage": 21, "Plans": [{"Node Type": "Index Scan", "Parent Relationship": "Outer", "Parallel Aware": false, "Async Capable": false, "Scan Direction": "Forward", "Index Name": "date_dim_pkey", "Relation Name": "date_dim", "Alias": "date_dim", "Startup Cost": 0.29, "Total Cost": 3696.27, "Plan Rows": 376, "Plan Width": 4, "Actual Rows": 365, "Actual Loops": 1, "Filter": "((d_month_seq >= 1186) AND (d_month_seq <= 1197))", "Rows Removed by Filter": 72684}]}]}, {"Node Type": "Hash", "Parent Relationship": "Inner", "Parallel Aware": false, "Async Capable": false, "Startup Cost": 12.29, "Total Cost": 12.29, "Plan Rows": 10, "Plan Width": 4, "Actual Rows": 10, "Actual Loops": 1, "Hash Buckets": 1024, "Original Hash Buckets": 1024, "Hash Batches": 1, "Original Hash Batches": 1, "Peak Memory Usage": 9, "Plans": [{"Node Type": "Index Scan", "Parent Relationship": "Outer", "Parallel Aware": false, "Async Capable": false, "Scan Direction": "Forward", "Index Name": "warehouse_pkey", "Relation Name": "warehouse", "Alias": "warehouse", "Startup Cost": 0.14, "Total Cost": 12.29, "Plan Rows": 10, "Plan Width": 4, "Actual Rows": 10, "Actual Loops": 1}]}]}, {"Node Type": "Hash", "Parent Relationship": "Inner", "Parallel Aware": false, "Async Capable": false, "Startup Cost": 12.44, "Total Cost": 12.44, "Plan Rows": 20, "Plan Width": 4, "Actual Rows": 20, "Actual Loops": 1, "Hash Buckets": 1024, "Original Hash Buckets": 1024, "Hash Batches": 1, "Original Hash Batches": 1, "Peak Memory Usage": 9, "Plans": [{"Node Type": "Index Scan", "Parent Relationship": "Outer", "Parallel Aware": false, "Async Capable": false, "Scan Direction": "Forward", "Index Name": "ship_mode_pkey", "Relation Name": "ship_mode", "Alias": "ship_mode", "Startup Cost": 0.14, "Total Cost": 12.44, "Plan Rows": 20, "Plan Width": 4, "Actual Rows": 20, "Actual Loops": 1}]}]}, {"Node Type": "Hash", "Parent Relationship": "Inner", "Parallel Aware": false, "Async Capable": false, "Startup Cost": 14.77, "Total Cost": 14.77, "Plan Rows": 42, "Plan Width": 4, "Actual Rows": 42, "Actual Loops": 1, "Hash Buckets": 1024, "Original Hash Buckets": 1024, "Hash Batches": 1, "Original Hash Batches": 1, "Peak Memory Usage": 10, "Plans": [{"Node Type": "Index Scan", "Parent Relationship": "Outer", "Parallel Aware": false, "Async Capable": false, "Scan Direction": "Forward", "Index Name": "web_site_pkey", "Relation Name": "web_site", "Alias": "web_site", "Startup Cost": 0.14, "Total Cost": 14.77, "Plan Rows": 42, "Plan Width": 4, "Actual Rows": 42, "Actual Loops": 1}]}]}]}, "Planning Time": 1.306, "Triggers": [], "Execution Time": 3846.384}, {"Plan": {"Node Type": "Aggregate", "Strategy": "Plain", "Partial Mode": "Simple", "Parallel Aware": false, "Async Capable": false, "Startup Cost": 10001251121.32, "Total Cost": 10001251121.33, "Plan Rows": 1, "Plan Width": 8, "Plans": [{"Node Type": "Merge Join", "Parent Relationship": "Outer", "Parallel Aware": false, "Async Capable": false, "Join Type": "Inner", "Startup Cost": 10001250458.36, "Total Cost": 10001251028.7, "Plan Rows": 37048, "Plan Width": 0, "Inner Unique": true, "Merge Cond": "(web_sales.ws_web_site_sk = web_site.web_site_sk)", "Plans": [{"Node Type": "Sort", "Parent Relationship": "Outer", "Parallel Aware": false, "Async Capable": false, "Startup Cost": 10001250458.22, "Total Cost": 10001250550.84, "Plan Rows": 37048, "Plan Width": 4, "Sort Key": ["web_sales.ws_web_site_sk"], "Plans": [{"Node Type": "Merge Join", "Parent Relationship": "Outer", "Parallel Aware": false, "Async Capable": false, "Join Type": "Inner", "Startup Cost": 10001247078.88, "Total Cost": 10001247646.81, "Plan Rows": 37048, "Plan Width": 4, "Inner Unique": true, "Merge Cond": "(web_sales.ws_ship_mode_sk = ship_mode.sm_ship_mode_sk)", "Plans": [{"Node Type": "Sort", "Parent Relationship": "Outer", "Parallel Aware": false, "Async Capable": false, "Startup Cost": 10001247078.74, "Total Cost": 10001247171.36, "Plan Rows": 37048, "Plan Width": 8, "Sort Key": ["web_sales.ws_ship_mode_sk"], "Plans": [{"Node Type": "Merge Join", "Parent Relationship": "Outer", "Parallel Aware": false, "Async Capable": false, "Join Type": "Inner", "Startup Cost": 10001243699.57, "Total Cost": 10001244267.33, "Plan Rows": 37048, "Plan Width": 8, "Inner Unique": true, "Merge Cond": "(web_sales.ws_warehouse_sk = warehouse.w_warehouse_sk)", "Plans": [{"Node Type": "Sort", "Parent Relationship": "Outer", "Parallel Aware": false, "Async Capable": false, "Startup Cost": 10001243699.44, "Total Cost": 10001243792.06, "Plan Rows": 37048, "Plan Width": 12, "Sort Key": ["web_sales.ws_warehouse_sk"], "Plans": [{"Node Type": "Merge Join", "Parent Relationship": "Outer", "Parallel Aware": false, "Async Capable": false, "Join Type": "Inner", "Startup Cost": 10001204430.83, "Total Cost": 10001240888.03, "Plan Rows": 37048, "Plan Width": 12, "Inner Unique": true, "Merge Cond": "(web_sales.ws_ship_date_sk = date_dim.d_date_sk)", "Plans": [{"Node Type": "Sort", "Parent Relationship": "Outer", "Parallel Aware": false, "Async Capable": false, "Startup Cost": 10001202621.41, "Total Cost": 10001220615.65, "Plan Rows": 7197697, "Plan Width": 16, "Sort Key": ["web_sales.ws_ship_date_sk"], "Plans": [{"Node Type": "Seq Scan", "Parent Relationship": "Outer", "Parallel Aware": false, "Async Capable": false, "Relation Name": "web_sales", "Alias": "web_sales", "Startup Cost": 10000000000.0, "Total Cost": 10000259824.97, "Plan Rows": 7197697, "Plan Width": 16}]}, {"Node Type": "Index Scan", "Parent Relationship": "Inner", "Parallel Aware": false, "Async Capable": false, "Scan Direction": "Forward", "Index Name": "date_dim_pkey", "Relation Name": "date_dim", "Alias": "date_dim", "Startup Cost": 0.29, "Total Cost": 3696.27, "Plan Rows": 376, "Plan Width": 4, "Filter": "((d_month_seq >= 1186) AND (d_month_seq <= 1197))"}]}]}, {"Node Type": "Index Only Scan", "Parent Relationship": "Inner", "Parallel Aware": false, "Async Capable": false, "Scan Direction": "Forward", "Index Name": "warehouse_pkey", "Relation Name": "warehouse", "Alias": "warehouse", "Startup Cost": 0.14, "Total Cost": 12.29, "Plan Rows": 10, "Plan Width": 4}]}]}, {"Node Type": "Index Only Scan", "Parent Relationship": "Inner", "Parallel Aware": false, "Async Capable": false, "Scan Direction": "Forward", "Index Name": "ship_mode_pkey", "Relation Name": "ship_mode", "Alias": "ship_mode", "Startup Cost": 0.14, "Total Cost": 12.44, "Plan Rows": 20, "Plan Width": 4}]}]}, {"Node Type": "Index Only Scan", "Parent Relationship": "Inner", "Parallel Aware": false, "Async Capable": false, "Scan Direction": "Forward", "Index Name": "web_site_pkey", "Relation Name": "web_site", "Alias": "web_site", "Startup Cost": 0.14, "Total Cost": 14.77, "Plan Rows": 42, "Plan Width": 4}]}]}}, {"Plan": {"Node Type": "Aggregate", "Strategy": "Plain", "Partial Mode": "Simple", "Parallel Aware": false, "Async Capable": false, "Startup Cost": 10000443180.0, "Total Cost": 10000443180.01, "Plan Rows": 1, "Plan Width": 8, "Plans": [{"Node Type": "Nested Loop", "Parent Relationship": "Outer", "Parallel Aware": false, "Async Capable": false, "Join Type": "Inner", "Startup Cost": 10000000000.74, "Total Cost": 10000443087.38, "Plan Rows": 37048, "Plan Width": 0, "Inner Unique": true, "Plans": [{"Node Type": "Nested Loop", "Parent Relationship": "Outer", "Parallel Aware": false, "Async Capable": false, "Join Type": "Inner", "Startup Cost": 10000000000.59, "Total Cost": 10000442167.04, "Plan Rows": 37048, "Plan Width": 4, "Inner Unique": true, "Plans": [{"Node Type": "Nested Loop", "Parent Relationship": "Outer", "Parallel Aware": false, "Async Capable": false, "Join Type": "Inner", "Startup Cost": 10000000000.45, "Total Cost": 10000441262.74, "Plan Rows": 37048, "Plan Width": 8, "Inner Unique": true, "Plans": [{"Node Type": "Nested Loop", "Parent Relationship": "Outer", "Parallel Aware": false, "Async Capable": false, "Join Type": "Inner", "Startup Cost": 10000000000.3, "Total Cost": 10000440380.34, "Plan Rows": 37048, "Plan Width": 12, "Inner Unique": true, "Plans": [{"Node Type": "Seq Scan", "Parent Relationship": "Outer", "Parallel Aware": false, "Async Capable": false, "Relation Name": "web_sales", "Alias": "web_sales", "Startup Cost": 10000000000.0, "Total Cost": 10000259824.97, "Plan Rows": 7197697, "Plan Width": 16}, {"Node Type": "Memoize", "Parent Relationship": "Inner", "Parallel Aware": false, "Async Capable": false, "Startup Cost": 0.3, "Total Cost": 0.33, "Plan Rows": 1, "Plan Width": 4, "Cache Key": "web_sales.ws_ship_date_sk", "Cache Mode": "logical", "Plans": [{"Node Type": "Index Scan", "Parent Relationship": "Outer", "Parallel Aware": false, "Async Capable": false, "Scan Direction": "Forward", "Index Name": "date_dim_pkey", "Relation Name": "date_dim", "Alias": "date_dim", "Startup Cost": 0.29, "Total Cost": 0.32, "Plan Rows": 1, "Plan Width": 4, "Index Cond": "(d_date_sk = web_sales.ws_ship_date_sk)", "Filter": "((d_month_seq >= 1186) AND (d_month_seq <= 1197))"}]}]}, {"Node Type": "Memoize", "Parent Relationship": "Inner", "Parallel Aware": false, "Async Capable": false, "Startup Cost": 0.15, "Total Cost": 0.16, "Plan Rows": 1, "Plan Width": 4, "Cache Key": "web_sales.ws_warehouse_sk", "Cache Mode": "logical", "Plans": [{"Node Type": "Index Only Scan", "Parent Relationship": "Outer", "Parallel Aware": false, "Async Capable": false, "Scan Direction": "Forward", "Index Name": "warehouse_pkey", "Relation Name": "warehouse", "Alias": "warehouse", "Startup Cost": 0.14, "Total Cost": 0.15, "Plan Rows": 1, "Plan Width": 4, "Index Cond": "(w_warehouse_sk = web_sales.ws_warehouse_sk)"}]}]}, {"Node Type": "Memoize", "Parent Relationship": "Inner", "Parallel Aware": false, "Async Capable": false, "Startup Cost": 0.15, "Total Cost": 0.17, "Plan Rows": 1, "Plan Width": 4, "Cache Key": "web_sales.ws_ship_mode_sk", "Cache Mode": "logical", "Plans": [{"Node Type": "Index Only Scan", "Parent Relationship": "Outer", "Parallel Aware": false, "Async Capable": false, "Scan Direction": "Forward", "Index Name": "ship_mode_pkey", "Relation Name": "ship_mode", "Alias": "ship_mode", "Startup Cost": 0.14, "Total Cost": 0.16, "Plan Rows": 1, "Plan Width": 4, "Index Cond": "(sm_ship_mode_sk = web_sales.ws_ship_mode_sk)"}]}]}, {"Node Type": "Memoize", "Parent Relationship": "Inner", "Parallel Aware": false, "Async Capable": false, "Startup Cost": 0.15, "Total Cost": 0.17, "Plan Rows": 1, "Plan Width": 4, "Cache Key": "web_sales.ws_web_site_sk", "Cache Mode": "logical", "Plans": [{"Node Type": "Index Only Scan", "Parent Relationship": "Outer", "Parallel Aware": false, "Async Capable": false, "Scan Direction": "Forward", "Index Name": "web_site_pkey", "Relation Name": "web_site", "Alias": "web_site", "Startup Cost": 0.14, "Total Cost": 0.16, "Plan Rows": 1, "Plan Width": 4, "Index Cond": "(web_site_sk = web_sales.ws_web_site_sk)"}]}]}]}}, {"Plan": {"Node Type": "Aggregate", "Strategy": "Plain", "Partial Mode": "Finalize", "Parallel Aware": false, "Async Capable": false, "Startup Cost": 240415.8, "Total Cost": 240415.81, "Plan Rows": 1, "Plan Width": 8, "Actual Rows": 1, "Actual Loops": 1, "Plans": [{"Node Type": "Gather", "Parent Relationship": "Outer", "Parallel Aware": false, "Async Capable": false, "Startup Cost": 240415.28, "Total Cost": 240415.79, "Plan Rows": 5, "Plan Width": 8, "Actual Rows": 6, "Actual Loops": 1, "Workers Planned": 5, "Workers Launched": 5, "Single Copy": false, "Plans": [{"Node Type": "Aggregate", "Strategy": "Plain", "Partial Mode": "Partial", "Parent Relationship": "Outer", "Parallel Aware": false, "Async Capable": false, "Startup Cost": 239415.28, "Total Cost": 239415.29, "Plan Rows": 1, "Plan Width": 8, "Actual Rows": 1, "Actual Loops": 6, "Workers": [], "Plans": [{"Node Type": "Nested Loop", "Parent Relationship": "Outer", "Parallel Aware": false, "Async Capable": false, "Join Type": "Inner", "Startup Cost": 0.74, "Total Cost": 239396.76, "Plan Rows": 7410, "Plan Width": 0, "Actual Rows": 239997, "Actual Loops": 6, "Inner Unique": true, "Workers": [], "Plans": [{"Node Type": "Nested Loop", "Parent Relationship": "Outer", "Parallel Aware": false, "Async Capable": false, "Join Type": "Inner", "Startup Cost": 0.59, "Total Cost": 239207.27, "Plan Rows": 7410, "Plan Width": 4, "Actual Rows": 240004, "Actual Loops": 6, "Inner Unique": true, "Workers": [], "Plans": [{"Node Type": "Nested Loop", "Parent Relationship": "Outer", "Parallel Aware": false, "Async Capable": false, "Join Type": "Inner", "Startup Cost": 0.45, "Total Cost": 239023.81, "Plan Rows": 7410, "Plan Width": 8, "Actual Rows": 240020, "Actual Loops": 6, "Inner Unique": true, "Workers": [], "Plans": [{"Node Type": "Nested Loop", "Parent Relationship": "Outer", "Parallel Aware": false, "Async Capable": false, "Join Type": "Inner", "Startup Cost": 0.3, "Total Cost": 238846.0, "Plan Rows": 7410, "Plan Width": 12, "Actual Rows": 240046, "Actual Loops": 6, "Inner Unique": true, "Workers": [], "Plans": [{"Node Type": "Seq Scan", "Parent Relationship": "Outer", "Parallel Aware": true, "Async Capable": false, "Relation Name": "web_sales", "Alias": "web_sales", "Startup Cost": 0.0, "Total Cost": 202243.39, "Plan Rows": 1439539, "Plan Width": 16, "Actual Rows": 1199594, "Actual Loops": 6, "Workers": []}, {"Node Type": "Memoize", "Parent Relationship": "Inner", "Parallel Aware": false, "Async Capable": false, "Startup Cost": 0.3, "Total Cost": 0.33, "Plan Rows": 1, "Plan Width": 4, "Actual Rows": 0, "Actual Loops": 7197566, "Cache Key": "web_sales.ws_ship_date_sk", "Cache Mode": "logical", "Cache Hits": 1299840, "Cache Misses": 1947, "Cache Evictions": 0, "Cache Overflows": 0, "Peak Memory Usage": 143, "Workers": [{"Worker Number": 0, "Cache Hits": 1195627, "Cache Misses": 1947, "Cache Evictions": 0, "Cache Overflows": 0, "Peak Memory Usage": 143}, {"Worker Number": 1, "Cache Hits": 1145647, "Cache Misses": 1947, "Cache Evictions": 0, "Cache Overflows": 0, "Peak Memory Usage": 143}, {"Worker Number": 2, "Cache Hits": 1201852, "Cache Misses": 1947, "Cache Evictions": 0, "Cache Overflows": 0, "Peak Memory Usage": 143}, {"Worker Number": 3, "Cache Hits": 1153514, "Cache Misses": 1947, "Cache Evictions": 0, "Cache Overflows": 0, "Peak Memory Usage": 143}, {"Worker Number": 4, "Cache Hits": 1189404, "Cache Misses": 1947, "Cache Evictions": 0, "Cache Overflows": 0, "Peak Memory Usage": 143}], "Plans": [{"Node Type": "Index Scan", "Parent Relationship": "Outer", "Parallel Aware": false, "Async Capable": false, "Scan Direction": "Forward", "Index Name": "date_dim_pkey", "Relation Name": "date_dim", "Alias": "date_dim", "Startup Cost": 0.29, "Total Cost": 0.32, "Plan Rows": 1, "Plan Width": 4, "Actual Rows": 0, "Actual Loops": 11682, "Index Cond": "(d_date_sk = web_sales.ws_ship_date_sk)", "Rows Removed by Index Recheck": 0, "Filter": "((d_month_seq >= 1186) AND (d_month_seq <= 1197))", "Rows Removed by Filter": 1, "Workers": []}]}]}, {"Node Type": "Memoize", "Parent Relationship": "Inner", "Parallel Aware": false, "Async Capable": false, "Startup Cost": 0.15, "Total Cost": 0.16, "Plan Rows": 1, "Plan Width": 4, "Actual Rows": 1, "Actual Loops": 1440276, "Cache Key": "web_sales.ws_warehouse_sk", "Cache Mode": "logical", "Cache Hits": 259347, "Cache Misses": 11, "Cache Evictions": 0, "Cache Overflows": 0, "Peak Memory Usage": 2, "Workers": [{"Worker Number": 0, "Cache Hits": 241025, "Cache Misses": 11, "Cache Evictions": 0, "Cache Overflows": 0, "Peak Memory Usage": 2}, {"Worker Number": 1, "Cache Hits": 229464, "Cache Misses": 11, "Cache Evictions": 0, "Cache Overflows": 0, "Peak Memory Usage": 2}, {"Worker Number": 2, "Cache Hits": 239871, "Cache Misses": 11, "Cache Evictions": 0, "Cache Overflows": 0, "Peak Memory Usage": 2}, {"Worker Number": 3, "Cache Hits": 230407, "Cache Misses": 11, "Cache Evictions": 0, "Cache Overflows": 0, "Peak Memory Usage": 2}, {"Worker Number": 4, "Cache Hits": 240096, "Cache Misses": 11, "Cache Evictions": 0, "Cache Overflows": 0, "Peak Memory Usage": 2}], "Plans": [{"Node Type": "Index Only Scan", "Parent Relationship": "Outer", "Parallel Aware": false, "Async Capable": false, "Scan Direction": "Forward", "Index Name": "warehouse_pkey", "Relation Name": "warehouse", "Alias": "warehouse", "Startup Cost": 0.14, "Total Cost": 0.15, "Plan Rows": 1, "Plan Width": 4, "Actual Rows": 1, "Actual Loops": 66, "Index Cond": "(w_warehouse_sk = web_sales.ws_warehouse_sk)", "Rows Removed by Index Recheck": 0, "Heap Fetches": 60, "Workers": []}]}]}, {"Node Type": "Memoize", "Parent Relationship": "Inner", "Parallel Aware": false, "Async Capable": false, "Startup Cost": 0.15, "Total Cost": 0.17, "Plan Rows": 1, "Plan Width": 4, "Actual Rows": 1, "Actual Loops": 1440119, "Cache Key": "web_sales.ws_ship_mode_sk", "Cache Mode": "logical", "Cache Hits": 259307, "Cache Misses": 21, "Cache Evictions": 0, "Cache Overflows": 0, "Peak Memory Usage": 3, "Workers": [{"Worker Number": 0, "Cache Hits": 240989, "Cache Misses": 21, "Cache Evictions": 0, "Cache Overflows": 0, "Peak Memory Usage": 3}, {"Worker Number": 1, "Cache Hits": 229431, "Cache Misses": 21, "Cache Evictions": 0, "Cache Overflows": 0, "Peak Memory Usage": 3}, {"Worker Number": 2, "Cache Hits": 239829, "Cache Misses": 21, "Cache Evictions": 0, "Cache Overflows": 0, "Peak Memory Usage": 3}, {"Worker Number": 3, "Cache Hits": 230372, "Cache Misses": 21, "Cache Evictions": 0, "Cache Overflows": 0, "Peak Memory Usage": 3}, {"Worker Number": 4, "Cache Hits": 240065, "Cache Misses": 21, "Cache Evictions": 0, "Cache Overflows": 0, "Peak Memory Usage": 3}], "Plans": [{"Node Type": "Index Only Scan", "Parent Relationship": "Outer", "Parallel Aware": false, "Async Capable": false, "Scan Direction": "Forward", "Index Name": "ship_mode_pkey", "Relation Name": "ship_mode", "Alias": "ship_mode", "Startup Cost": 0.14, "Total Cost": 0.16, "Plan Rows": 1, "Plan Width": 4, "Actual Rows": 1, "Actual Loops": 126, "Index Cond": "(sm_ship_mode_sk = web_sales.ws_ship_mode_sk)", "Rows Removed by Index Recheck": 0, "Heap Fetches": 120, "Workers": []}]}]}, {"Node Type": "Memoize", "Parent Relationship": "Inner", "Parallel Aware": false, "Async Capable": false, "Startup Cost": 0.15, "Total Cost": 0.17, "Plan Rows": 1, "Plan Width": 4, "Actual Rows": 1, "Actual Loops": 1440026, "Cache Key": "web_sales.ws_web_site_sk", "Cache Mode": "logical", "Cache Hits": 259286, "Cache Misses": 22, "Cache Evictions": 0, "Cache Overflows": 0, "Peak Memory Usage": 3, "Workers": [{"Worker Number": 0, "Cache Hits": 240968, "Cache Misses": 22, "Cache Evictions": 0, "Cache Overflows": 0, "Peak Memory Usage": 3}, {"Worker Number": 1, "Cache Hits": 229414, "Cache Misses": 22, "Cache Evictions": 0, "Cache Overflows": 0, "Peak Memory Usage": 3}, {"Worker Number": 2, "Cache Hits": 239811, "Cache Misses": 22, "Cache Evictions": 0, "Cache Overflows": 0, "Peak Memory Usage": 3}, {"Worker Number": 3, "Cache Hits": 230361, "Cache Misses": 22, "Cache Evictions": 0, "Cache Overflows": 0, "Peak Memory Usage": 3}, {"Worker Number": 4, "Cache Hits": 240054, "Cache Misses": 22, "Cache Evictions": 0, "Cache Overflows": 0, "Peak Memory Usage": 3}], "Plans": [{"Node Type": "Index Only Scan", "Parent Relationship": "Outer", "Parallel Aware": false, "Async Capable": false, "Scan Direction": "Forward", "Index Name": "web_site_pkey", "Relation Name": "web_site", "Alias": "web_site", "Startup Cost": 0.14, "Total Cost": 0.16, "Plan Rows": 1, "Plan Width": 4, "Actual Rows": 1, "Actual Loops": 132, "Index Cond": "(web_site_sk = web_sales.ws_web_site_sk)", "Rows Removed by Index Recheck": 0, "Heap Fetches": 126, "Workers": []}]}]}]}]}]}, "Planning Time": 2.062, "Triggers": [], "Execution Time": 764.329}, {"Plan": {"Node Type": "Aggregate", "Strategy": "Plain", "Partial Mode": "Finalize", "Parallel Aware": false, "Async Capable": false, "Startup Cost": 362085.55, "Total Cost": 362085.56, "Plan Rows": 1, "Plan Width": 8, "Actual Rows": 1, "Actual Loops": 1, "Plans": [{"Node Type": "Gather", "Parent Relationship": "Outer", "Parallel Aware": false, "Async Capable": false, "Startup Cost": 362085.02, "Total Cost": 362085.53, "Plan Rows": 5, "Plan Width": 8, "Actual Rows": 6, "Actual Loops": 1, "Workers Planned": 5, "Workers Launched": 5, "Single Copy": false, "Plans": [{"Node Type": "Aggregate", "Strategy": "Plain", "Partial Mode": "Partial", "Parent Relationship": "Outer", "Parallel Aware": false, "Async Capable": false, "Startup Cost": 361085.02, "Total Cost": 361085.03, "Plan Rows": 1, "Plan Width": 8, "Actual Rows": 1, "Actual Loops": 6, "Workers": [], "Plans": [{"Node Type": "Merge Join", "Parent Relationship": "Outer", "Parallel Aware": false, "Async Capable": false, "Join Type": "Inner", "Startup Cost": 360955.17, "Total Cost": 361066.5, "Plan Rows": 7410, "Plan Width": 0, "Actual Rows": 239997, "Actual Loops": 6, "Inner Unique": true, "Merge Cond": "(web_sales.ws_web_site_sk = web_site.web_site_sk)", "Workers": [], "Plans": [{"Node Type": "Sort", "Parent Relationship": "Outer", "Parallel Aware": false, "Async Capable": false, "Startup Cost": 360950.62, "Total Cost": 360969.14, "Plan Rows": 7410, "Plan Width": 4, "Actual Rows": 239998, "Actual Loops": 6, "Sort Key": ["web_sales.ws_web_site_sk"], "Sort Method": "quicksort", "Sort Space Used": 12289, "Sort Space Type": "Memory", "Workers": [{"Worker Number": 0, "Sort Method": "quicksort", "Sort Space Used": 6145, "Sort Space Type": "Memory"}, {"Worker Number": 1, "Sort Method": "quicksort", "Sort Space Used": 6145, "Sort Space Type": "Memory"}, {"Worker Number": 2, "Sort Method": "quicksort", "Sort Space Used": 6145, "Sort Space Type": "Memory"}, {"Worker Number": 3, "Sort Method": "quicksort", "Sort Space Used": 6145, "Sort Space Type": "Memory"}, {"Worker Number": 4, "Sort Method": "quicksort", "Sort Space Used": 6145, "Sort Space Type": "Memory"}], "Plans": [{"Node Type": "Merge Join", "Parent Relationship": "Outer", "Parallel Aware": false, "Async Capable": false, "Join Type": "Inner", "Startup Cost": 360363.11, "Total Cost": 360474.33, "Plan Rows": 7410, "Plan Width": 4, "Actual Rows": 240004, "Actual Loops": 6, "Inner Unique": true, "Merge Cond": "(web_sales.ws_ship_mode_sk = ship_mode.sm_ship_mode_sk)", "Workers": [], "Plans": [{"Node Type": "Sort", "Parent Relationship": "Outer", "Parallel Aware": false, "Async Capable": false, "Startup Cost": 360361.48, "Total Cost": 360380.0, "Plan Rows": 7410, "Plan Width": 8, "Actual Rows": 240005, "Actual Loops": 6, "Sort Key": ["web_sales.ws_ship_mode_sk"], "Sort Method": "quicksort", "Sort Space Used": 21246, "Sort Space Type": "Memory", "Workers": [{"Worker Number": 0, "Sort Method": "quicksort", "Sort Space Used": 12920, "Sort Space Type": "Memory"}, {"Worker Number": 1, "Sort Method": "quicksort", "Sort Space Used": 13705, "Sort Space Type": "Memory"}, {"Worker Number": 2, "Sort Method": "quicksort", "Sort Space Used": 13613, "Sort Space Type": "Memory"}, {"Worker Number": 3, "Sort Method": "quicksort", "Sort Space Used": 13013, "Sort Space Type": "Memory"}, {"Worker Number": 4, "Sort Method": "quicksort", "Sort Space Used": 13517, "Sort Space Type": "Memory"}], "Plans": [{"Node Type": "Merge Join", "Parent Relationship": "Outer", "Parallel Aware": false, "Async Capable": false, "Join Type": "Inner", "Startup Cost": 359774.02, "Total Cost": 359885.19, "Plan Rows": 7410, "Plan Width": 8, "Actual Rows": 240020, "Actual Loops": 6, "Inner Unique": true, "Merge Cond": "(web_sales.ws_warehouse_sk = warehouse.w_warehouse_sk)", "Workers": [], "Plans": [{"Node Type": "Sort", "Parent Relationship": "Outer", "Parallel Aware": false, "Async Capable": false, "Startup Cost": 359772.75, "Total Cost": 359791.28, "Plan Rows": 7410, "Plan Width": 12, "Actual Rows": 240021, "Actual Loops": 6, "Sort Key": ["web_sales.ws_warehouse_sk"], "Sort Method": "quicksort", "Sort Space Used": 23487, "Sort Space Type": "Memory", "Workers": [{"Worker Number": 0, "Sort Method": "quicksort", "Sort Space Used": 14614, "Sort Space Type": "Memory"}, {"Worker Number": 1, "Sort Method": "quicksort", "Sort Space Used": 15596, "Sort Space Type": "Memory"}, {"Worker Number": 2, "Sort Method": "quicksort", "Sort Space Used": 15481, "Sort Space Type": "Memory"}, {"Worker Number": 3, "Sort Method": "quicksort", "Sort Space Used": 14731, "Sort Space Type": "Memory"}, {"Worker Number": 4, "Sort Method": "quicksort", "Sort Space Used": 15361, "Sort Space Type": "Memory"}], "Plans": [{"Node Type": "Merge Join", "Parent Relationship": "Outer", "Parallel Aware": false, "Async Capable": false, "Join Type": "Inner", "Startup Cost": 352024.64, "Total Cost": 359296.47, "Plan Rows": 7410, "Plan Width": 12, "Actual Rows": 240046, "Actual Loops": 6, "Inner Unique": true, "Merge Cond": "(web_sales.ws_ship_date_sk = date_dim.d_date_sk)", "Workers": [], "Plans": [{"Node Type": "Sort", "Parent Relationship": "Outer", "Parallel Aware": false, "Async Capable": false, "Startup Cost": 349487.9, "Total Cost": 353086.75, "Plan Rows": 1439539, "Plan Width": 16, "Actual Rows": 347451, "Actual Loops": 6, "Sort Key": ["web_sales.ws_ship_date_sk"], "Sort Method": "quicksort", "Sort Space Used": 105196, "Sort Space Type": "Memory", "Workers": [{"Worker Number": 0, "Sort Method": "quicksort", "Sort Space Used": 91803, "Sort Space Type": "Memory"}, {"Worker Number": 1, "Sort Method": "quicksort", "Sort Space Used": 95943, "Sort Space Type": "Memory"}, {"Worker Number": 2, "Sort Method": "quicksort", "Sort Space Used": 95905, "Sort Space Type": "Memory"}, {"Worker Number": 3, "Sort Method": "quicksort", "Sort Space Used": 91669, "Sort Space Type": "Memory"}, {"Worker Number": 4, "Sort Method": "quicksort", "Sort Space Used": 95533, "Sort Space Type": "Memory"}], "Plans": [{"Node Type": "Seq Scan", "Parent Relationship": "Outer", "Parallel Aware": true, "Async Capable": false, "Relation Name": "web_sales", "Alias": "web_sales", "Startup Cost": 0.0, "Total Cost": 202243.39, "Plan Rows": 1439539, "Plan Width": 16, "Actual Rows": 1199594, "Actual Loops": 6, "Workers": []}]}, {"Node Type": "Sort", "Parent Relationship": "Inner", "Parallel Aware": false, "Async Capable": false, "Startup Cost": 2535.82, "Total Cost": 2536.76, "Plan Rows": 376, "Plan Width": 4, "Actual Rows": 365, "Actual Loops": 6, "Sort Key": ["date_dim.d_date_sk"], "Sort Method": "quicksort", "Sort Space Used": 25, "Sort Space Type": "Memory", "Workers": [{"Worker Number": 0, "Sort Method": "quicksort", "Sort Space Used": 25, "Sort Space Type": "Memory"}, {"Worker Number": 1, "Sort Method": "quicksort", "Sort Space Used": 25, "Sort Space Type": "Memory"}, {"Worker Number": 2, "Sort Method": "quicksort", "Sort Space Used": 25, "Sort Space Type": "Memory"}, {"Worker Number": 3, "Sort Method": "quicksort", "Sort Space Used": 25, "Sort Space Type": "Memory"}, {"Worker Number": 4, "Sort Method": "quicksort", "Sort Space Used": 25, "Sort Space Type": "Memory"}], "Plans": [{"Node Type": "Seq Scan", "Parent Relationship": "Outer", "Parallel Aware": false, "Async Capable": false, "Relation Name": "date_dim", "Alias": "date_dim", "Startup Cost": 0.0, "Total Cost": 2519.73, "Plan Rows": 376, "Plan Width": 4, "Actual Rows": 365, "Actual Loops": 6, "Filter": "((d_month_seq >= 1186) AND (d_month_seq <= 1197))", "Rows Removed by Filter": 72684, "Workers": []}]}]}]}, {"Node Type": "Sort", "Parent Relationship": "Inner", "Parallel Aware": false, "Async Capable": false, "Startup Cost": 1.27, "Total Cost": 1.29, "Plan Rows": 10, "Plan Width": 4, "Actual Rows": 10, "Actual Loops": 6, "Sort Key": ["warehouse.w_warehouse_sk"], "Sort Method": "quicksort", "Sort Space Used": 25, "Sort Space Type": "Memory", "Workers": [{"Worker Number": 0, "Sort Method": "quicksort", "Sort Space Used": 25, "Sort Space Type": "Memory"}, {"Worker Number": 1, "Sort Method": "quicksort", "Sort Space Used": 25, "Sort Space Type": "Memory"}, {"Worker Number": 2, "Sort Method": "quicksort", "Sort Space Used": 25, "Sort Space Type": "Memory"}, {"Worker Number": 3, "Sort Method": "quicksort", "Sort Space Used": 25, "Sort Space Type": "Memory"}, {"Worker Number": 4, "Sort Method": "quicksort", "Sort Space Used": 25, "Sort Space Type": "Memory"}], "Plans": [{"Node Type": "Seq Scan", "Parent Relationship": "Outer", "Parallel Aware": false, "Async Capable": false, "Relation Name": "warehouse", "Alias": "warehouse", "Startup Cost": 0.0, "Total Cost": 1.1, "Plan Rows": 10, "Plan Width": 4, "Actual Rows": 10, "Actual Loops": 6, "Workers": []}]}]}]}, {"Node Type": "Sort", "Parent Relationship": "Inner", "Parallel Aware": false, "Async Capable": false, "Startup Cost": 1.63, "Total Cost": 1.68, "Plan Rows": 20, "Plan Width": 4, "Actual Rows": 20, "Actual Loops": 6, "Sort Key": ["ship_mode.sm_ship_mode_sk"], "Sort Method": "quicksort", "Sort Space Used": 25, "Sort Space Type": "Memory", "Workers": [{"Worker Number": 0, "Sort Method": "quicksort", "Sort Space Used": 25, "Sort Space Type": "Memory"}, {"Worker Number": 1, "Sort Method": "quicksort", "Sort Space Used": 25, "Sort Space Type": "Memory"}, {"Worker Number": 2, "Sort Method": "quicksort", "Sort Space Used": 25, "Sort Space Type": "Memory"}, {"Worker Number": 3, "Sort Method": "quicksort", "Sort Space Used": 25, "Sort Space Type": "Memory"}, {"Worker Number": 4, "Sort Method": "quicksort", "Sort Space Used": 25, "Sort Space Type": "Memory"}], "Plans": [{"Node Type": "Seq Scan", "Parent Relationship": "Outer", "Parallel Aware": false, "Async Capable": false, "Relation Name": "ship_mode", "Alias": "ship_mode", "Startup Cost": 0.0, "Total Cost": 1.2, "Plan Rows": 20, "Plan Width": 4, "Actual Rows": 20, "Actual Loops": 6, "Workers": []}]}]}]}, {"Node Type": "Sort", "Parent Relationship": "Inner", "Parallel Aware": false, "Async Capable": false, "Startup Cost": 4.55, "Total Cost": 4.66, "Plan Rows": 42, "Plan Width": 4, "Actual Rows": 40, "Actual Loops": 6, "Sort Key": ["web_site.web_site_sk"], "Sort Method": "quicksort", "Sort Space Used": 25, "Sort Space Type": "Memory", "Workers": [{"Worker Number": 0, "Sort Method": "quicksort", "Sort Space Used": 25, "Sort Space Type": "Memory"}, {"Worker Number": 1, "Sort Method": "quicksort", "Sort Space Used": 25, "Sort Space Type": "Memory"}, {"Worker Number": 2, "Sort Method": "quicksort", "Sort Space Used": 25, "Sort Space Type": "Memory"}, {"Worker Number": 3, "Sort Method": "quicksort", "Sort Space Used": 25, "Sort Space Type": "Memory"}, {"Worker Number": 4, "Sort Method": "quicksort", "Sort Space Used": 25, "Sort Space Type": "Memory"}], "Plans": [{"Node Type": "Seq Scan", "Parent Relationship": "Outer", "Parallel Aware": false, "Async Capable": false, "Relation Name": "web_site", "Alias": "web_site", "Startup Cost": 0.0, "Total Cost": 3.42, "Plan Rows": 42, "Plan Width": 4, "Actual Rows": 42, "Actual Loops": 6, "Workers": []}]}]}]}]}]}, "Planning Time": 1.261, "Triggers": [], "Execution Time": 1225.468}, {"Plan": {"Node Type": "Aggregate", "Strategy": "Plain", "Partial Mode": "Simple", "Parallel Aware": false, "Async Capable": false, "Startup Cost": 50000451253.21, "Total Cost": 50000451253.22, "Plan Rows": 1, "Plan Width": 8, "Plans": [{"Node Type": "Nested Loop", "Parent Relationship": "Outer", "Parallel Aware": false, "Async Capable": false, "Join Type": "Inner", "Startup Cost": 50000000000.78, "Total Cost": 50000451160.59, "Plan Rows": 37048, "Plan Width": 0, "Inner Unique": true, "Plans": [{"Node Type": "Nested Loop", "Parent Relationship": "Outer", "Parallel Aware": false, "Async Capable": false, "Join Type": "Inner", "Startup Cost": 40000000000.62, "Total Cost": 40000450071.95, "Plan Rows": 37048, "Plan Width": 4, "Inner Unique": true, "Plans": [{"Node Type": "Nested Loop", "Parent Relationship": "Outer", "Parallel Aware": false, "Async Capable": false, "Join Type": "Inner", "Startup Cost": 30000000000.46, "Total Cost": 30000449087.21, "Plan Rows": 37048, "Plan Width": 8, "Inner Unique": true, "Plans": [{"Node Type": "Nested Loop", "Parent Relationship": "Outer", "Parallel Aware": false, "Async Capable": false, "Join Type": "Inner", "Startup Cost": 20000000000.31, "Total Cost": 20000448164.05, "Plan Rows": 37048, "Plan Width": 12, "Inner Unique": true, "Plans": [{"Node Type": "Seq Scan", "Parent Relationship": "Outer", "Parallel Aware": false, "Async Capable": false, "Relation Name": "web_sales", "Alias": "web_sales", "Startup Cost": 10000000000.0, "Total Cost": 10000259824.97, "Plan Rows": 7197697, "Plan Width": 16}, {"Node Type": "Memoize", "Parent Relationship": "Inner", "Parallel Aware": false, "Async Capable": false, "Startup Cost": 0.31, "Total Cost": 4.33, "Plan Rows": 1, "Plan Width": 4, "Cache Key": "web_sales.ws_ship_date_sk", "Cache Mode": "logical", "Plans": [{"Node Type": "Bitmap Heap Scan", "Parent Relationship": "Outer", "Parallel Aware": false, "Async Capable": false, "Relation Name": "date_dim", "Alias": "date_dim", "Startup Cost": 0.3, "Total Cost": 4.32, "Plan Rows": 1, "Plan Width": 4, "Recheck Cond": "(d_date_sk = web_sales.ws_ship_date_sk)", "Filter": "((d_month_seq >= 1186) AND (d_month_seq <= 1197))", "Plans": [{"Node Type": "Bitmap Index Scan", "Parent Relationship": "Outer", "Parallel Aware": false, "Async Capable": false, "Index Name": "date_dim_pkey", "Startup Cost": 0.0, "Total Cost": 0.3, "Plan Rows": 1, "Plan Width": 0, "Index Cond": "(d_date_sk = web_sales.ws_ship_date_sk)"}]}]}]}, {"Node Type": "Memoize", "Parent Relationship": "Inner", "Parallel Aware": false, "Async Capable": false, "Startup Cost": 0.15, "Total Cost": 4.17, "Plan Rows": 1, "Plan Width": 4, "Cache Key": "web_sales.ws_warehouse_sk", "Cache Mode": "logical", "Plans": [{"Node Type": "Bitmap Heap Scan", "Parent Relationship": "Outer", "Parallel Aware": false, "Async Capable": false, "Relation Name": "warehouse", "Alias": "warehouse", "Startup Cost": 0.14, "Total Cost": 4.16, "Plan Rows": 1, "Plan Width": 4, "Recheck Cond": "(w_warehouse_sk = web_sales.ws_warehouse_sk)", "Plans": [{"Node Type": "Bitmap Index Scan", "Parent Relationship": "Outer", "Parallel Aware": false, "Async Capable": false, "Index Name": "warehouse_pkey", "Startup Cost": 0.0, "Total Cost": 0.14, "Plan Rows": 1, "Plan Width": 0, "Index Cond": "(w_warehouse_sk = web_sales.ws_warehouse_sk)"}]}]}]}, {"Node Type": "Memoize", "Parent Relationship": "Inner", "Parallel Aware": false, "Async Capable": false, "Startup Cost": 0.16, "Total Cost": 4.17, "Plan Rows": 1, "Plan Width": 4, "Cache Key": "web_sales.ws_ship_mode_sk", "Cache Mode": "logical", "Plans": [{"Node Type": "Bitmap Heap Scan", "Parent Relationship": "Outer", "Parallel Aware": false, "Async Capable": false, "Relation Name": "ship_mode", "Alias": "ship_mode", "Startup Cost": 0.15, "Total Cost": 4.16, "Plan Rows": 1, "Plan Width": 4, "Recheck Cond": "(sm_ship_mode_sk = web_sales.ws_ship_mode_sk)", "Plans": [{"Node Type": "Bitmap Index Scan", "Parent Relationship": "Outer", "Parallel Aware": false, "Async Capable": false, "Index Name": "ship_mode_pkey", "Startup Cost": 0.0, "Total Cost": 0.15, "Plan Rows": 1, "Plan Width": 0, "Index Cond": "(sm_ship_mode_sk = web_sales.ws_ship_mode_sk)"}]}]}]}, {"Node Type": "Memoize", "Parent Relationship": "Inner", "Parallel Aware": false, "Async Capable": false, "Startup Cost": 0.16, "Total Cost": 4.17, "Plan Rows": 1, "Plan Width": 4, "Cache Key": "web_sales.ws_web_site_sk", "Cache Mode": "logical", "Plans": [{"Node Type": "Bitmap Heap Scan", "Parent Relationship": "Outer", "Parallel Aware": false, "Async Capable": false, "Relation Name": "web_site", "Alias": "web_site", "Startup Cost": 0.15, "Total Cost": 4.16, "Plan Rows": 1, "Plan Width": 4, "Recheck Cond": "(web_site_sk = web_sales.ws_web_site_sk)", "Plans": [{"Node Type": "Bitmap Index Scan", "Parent Relationship": "Outer", "Parallel Aware": false, "Async Capable": false, "Index Name": "web_site_pkey", "Startup Cost": 0.0, "Total Cost": 0.15, "Plan Rows": 1, "Plan Width": 0, "Index Cond": "(web_site_sk = web_sales.ws_web_site_sk)"}]}]}]}]}}, {"Plan": {"Node Type": "Aggregate", "Strategy": "Plain", "Partial Mode": "Finalize", "Parallel Aware": false, "Async Capable": false, "Startup Cost": 248488.99, "Total Cost": 248489.0, "Plan Rows": 1, "Plan Width": 8, "Actual Rows": 1, "Actual Loops": 1, "Plans": [{"Node Type": "Gather", "Parent Relationship": "Outer", "Parallel Aware": false, "Async Capable": false, "Startup Cost": 248488.47, "Total Cost": 248488.98, "Plan Rows": 5, "Plan Width": 8, "Actual Rows": 6, "Actual Loops": 1, "Workers Planned": 5, "Workers Launched": 5, "Single Copy": false, "Plans": [{"Node Type": "Aggregate", "Strategy": "Plain", "Partial Mode": "Partial", "Parent Relationship": "Outer", "Parallel Aware": false, "Async Capable": false, "Startup Cost": 247488.47, "Total Cost": 247488.48, "Plan Rows": 1, "Plan Width": 8, "Actual Rows": 1, "Actual Loops": 6, "Workers": [], "Plans": [{"Node Type": "Nested Loop", "Parent Relationship": "Outer", "Parallel Aware": false, "Async Capable": false, "Join Type": "Inner", "Startup Cost": 0.78, "Total Cost": 247469.94, "Plan Rows": 7410, "Plan Width": 0, "Actual Rows": 239997, "Actual Loops": 6, "Inner Unique": true, "Workers": [], "Plans": [{"Node Type": "Nested Loop", "Parent Relationship": "Outer", "Parallel Aware": false, "Async Capable": false, "Join Type": "Inner", "Startup Cost": 0.62, "Total Cost": 247112.16, "Plan Rows": 7410, "Plan Width": 4, "Actual Rows": 240004, "Actual Loops": 6, "Inner Unique": true, "Workers": [], "Plans": [{"Node Type": "Nested Loop", "Parent Relationship": "Outer", "Parallel Aware": false, "Async Capable": false, "Join Type": "Inner", "Startup Cost": 0.46, "Total Cost": 246848.26, "Plan Rows": 7410, "Plan Width": 8, "Actual Rows": 240020, "Actual Loops": 6, "Inner Unique": true, "Workers": [], "Plans": [{"Node Type": "Nested Loop", "Parent Relationship": "Outer", "Parallel Aware": false, "Async Capable": false, "Join Type": "Inner", "Startup Cost": 0.31, "Total Cost": 246629.69, "Plan Rows": 7410, "Plan Width": 12, "Actual Rows": 240046, "Actual Loops": 6, "Inner Unique": true, "Workers": [], "Plans": [{"Node Type": "Seq Scan", "Parent Relationship": "Outer", "Parallel Aware": true, "Async Capable": false, "Relation Name": "web_sales", "Alias": "web_sales", "Startup Cost": 0.0, "Total Cost": 202243.39, "Plan Rows": 1439539, "Plan Width": 16, "Actual Rows": 1199594, "Actual Loops": 6, "Workers": []}, {"Node Type": "Memoize", "Parent Relationship": "Inner", "Parallel Aware": false, "Async Capable": false, "Startup Cost": 0.31, "Total Cost": 4.33, "Plan Rows": 1, "Plan Width": 4, "Actual Rows": 0, "Actual Loops": 7197566, "Cache Key": "web_sales.ws_ship_date_sk", "Cache Mode": "logical", "Cache Hits": 1260431, "Cache Misses": 1947, "Cache Evictions": 0, "Cache Overflows": 0, "Peak Memory Usage": 143, "Workers": [{"Worker Number": 0, "Cache Hits": 1201451, "Cache Misses": 1947, "Cache Evictions": 0, "Cache Overflows": 0, "Peak Memory Usage": 143}, {"Worker Number": 1, "Cache Hits": 1209474, "Cache Misses": 1947, "Cache Evictions": 0, "Cache Overflows": 0, "Peak Memory Usage": 143}, {"Worker Number": 2, "Cache Hits": 1160471, "Cache Misses": 1947, "Cache Evictions": 0, "Cache Overflows": 0, "Peak Memory Usage": 143}, {"Worker Number": 3, "Cache Hits": 1149019, "Cache Misses": 1947, "Cache Evictions": 0, "Cache Overflows": 0, "Peak Memory Usage": 143}, {"Worker Number": 4, "Cache Hits": 1205038, "Cache Misses": 1947, "Cache Evictions": 0, "Cache Overflows": 0, "Peak Memory Usage": 143}], "Plans": [{"Node Type": "Bitmap Heap Scan", "Parent Relationship": "Outer", "Parallel Aware": false, "Async Capable": false, "Relation Name": "date_dim", "Alias": "date_dim", "Startup Cost": 0.3, "Total Cost": 4.32, "Plan Rows": 1, "Plan Width": 4, "Actual Rows": 0, "Actual Loops": 11682, "Recheck Cond": "(d_date_sk = web_sales.ws_ship_date_sk)", "Rows Removed by Index Recheck": 0, "Filter": "((d_month_seq >= 1186) AND (d_month_seq <= 1197))", "Rows Removed by Filter": 1, "Exact Heap Blocks": 1946, "Lossy Heap Blocks": 0, "Workers": [], "Plans": [{"Node Type": "Bitmap Index Scan", "Parent Relationship": "Outer", "Parallel Aware": false, "Async Capable": false, "Index Name": "date_dim_pkey", "Startup Cost": 0.0, "Total Cost": 0.3, "Plan Rows": 1, "Plan Width": 0, "Actual Rows": 1, "Actual Loops": 11682, "Index Cond": "(d_date_sk = web_sales.ws_ship_date_sk)", "Workers": []}]}]}]}, {"Node Type": "Memoize", "Parent Relationship": "Inner", "Parallel Aware": false, "Async Capable": false, "Startup Cost": 0.15, "Total Cost": 4.17, "Plan Rows": 1, "Plan Width": 4, "Actual Rows": 1, "Actual Loops": 1440276, "Cache Key": "web_sales.ws_warehouse_sk", "Cache Mode": "logical", "Cache Hits": 252470, "Cache Misses": 11, "Cache Evictions": 0, "Cache Overflows": 0, "Peak Memory Usage": 2, "Workers": [{"Worker Number": 0, "Cache Hits": 238670, "Cache Misses": 11, "Cache Evictions": 0, "Cache Overflows": 0, "Peak Memory Usage": 2}, {"Worker Number": 1, "Cache Hits": 243052, "Cache Misses": 11, "Cache Evictions": 0, "Cache Overflows": 0, "Peak Memory Usage": 2}, {"Worker Number": 2, "Cache Hits": 233634, "Cache Misses": 11, "Cache Evictions": 0, "Cache Overflows": 0, "Peak Memory Usage": 2}, {"Worker Number": 3, "Cache Hits": 231184, "Cache Misses": 11, "Cache Evictions": 0, "Cache Overflows": 0, "Peak Memory Usage": 2}, {"Worker Number": 4, "Cache Hits": 241200, "Cache Misses": 11, "Cache Evictions": 0, "Cache Overflows": 0, "Peak Memory Usage": 2}], "Plans": [{"Node Type": "Bitmap Heap Scan", "Parent Relationship": "Outer", "Parallel Aware": false, "Async Capable": false, "Relation Name": "warehouse", "Alias": "warehouse", "Startup Cost": 0.14, "Total Cost": 4.16, "Plan Rows": 1, "Plan Width": 4, "Actual Rows": 1, "Actual Loops": 66, "Recheck Cond": "(w_warehouse_sk = web_sales.ws_warehouse_sk)", "Rows Removed by Index Recheck": 0, "Exact Heap Blocks": 10, "Lossy Heap Blocks": 0, "Workers": [], "Plans": [{"Node Type": "Bitmap Index Scan", "Parent Relationship": "Outer", "Parallel Aware": false, "Async Capable": false, "Index Name": "warehouse_pkey", "Startup Cost": 0.0, "Total Cost": 0.14, "Plan Rows": 1, "Plan Width": 0, "Actual Rows": 1, "Actual Loops": 66, "Index Cond": "(w_warehouse_sk = web_sales.ws_warehouse_sk)", "Workers": []}]}]}]}, {"Node Type": "Memoize", "Parent Relationship": "Inner", "Parallel Aware": false, "Async Capable": false, "Startup Cost": 0.16, "Total Cost": 4.17, "Plan Rows": 1, "Plan Width": 4, "Actual Rows": 1, "Actual Loops": 1440119, "Cache Key": "web_sales.ws_ship_mode_sk", "Cache Mode": "logical", "Cache Hits": 252433, "Cache Misses": 21, "Cache Evictions": 0, "Cache Overflows": 0, "Peak Memory Usage": 3, "Workers": [{"Worker Number": 0, "Cache Hits": 238633, "Cache Misses": 21, "Cache Evictions": 0, "Cache Overflows": 0, "Peak Memory Usage": 3}, {"Worker Number": 1, "Cache Hits": 243021, "Cache Misses": 21, "Cache Evictions": 0, "Cache Overflows": 0, "Peak Memory Usage": 3}, {"Worker Number": 2, "Cache Hits": 233602, "Cache Misses": 21, "Cache Evictions": 0, "Cache Overflows": 0, "Peak Memory Usage": 3}, {"Worker Number": 3, "Cache Hits": 231143, "Cache Misses": 21, "Cache Evictions": 0, "Cache Overflows": 0, "Peak Memory Usage": 3}, {"Worker Number": 4, "Cache Hits": 241161, "Cache Misses": 21, "Cache Evictions": 0, "Cache Overflows": 0, "Peak Memory Usage": 3}], "Plans": [{"Node Type": "Bitmap Heap Scan", "Parent Relationship": "Outer", "Parallel Aware": false, "Async Capable": false, "Relation Name": "ship_mode", "Alias": "ship_mode", "Startup Cost": 0.15, "Total Cost": 4.16, "Plan Rows": 1, "Plan Width": 4, "Actual Rows": 1, "Actual Loops": 126, "Recheck Cond": "(sm_ship_mode_sk = web_sales.ws_ship_mode_sk)", "Rows Removed by Index Recheck": 0, "Exact Heap Blocks": 20, "Lossy Heap Blocks": 0, "Workers": [], "Plans": [{"Node Type": "Bitmap Index Scan", "Parent Relationship": "Outer", "Parallel Aware": false, "Async Capable": false, "Index Name": "ship_mode_pkey", "Startup Cost": 0.0, "Total Cost": 0.15, "Plan Rows": 1, "Plan Width": 0, "Actual Rows": 1, "Actual Loops": 126, "Index Cond": "(sm_ship_mode_sk = web_sales.ws_ship_mode_sk)", "Workers": []}]}]}]}, {"Node Type": "Memoize", "Parent Relationship": "Inner", "Parallel Aware": false, "Async Capable": false, "Startup Cost": 0.16, "Total Cost": 4.17, "Plan Rows": 1, "Plan Width": 4, "Actual Rows": 1, "Actual Loops": 1440026, "Cache Key": "web_sales.ws_web_site_sk", "Cache Mode": "logical", "Cache Hits": 252413, "Cache Misses": 22, "Cache Evictions": 0, "Cache Overflows": 0, "Peak Memory Usage": 3, "Workers": [{"Worker Number": 0, "Cache Hits": 238618, "Cache Misses": 22, "Cache Evictions": 0, "Cache Overflows": 0, "Peak Memory Usage": 3}, {"Worker Number": 1, "Cache Hits": 243006, "Cache Misses": 22, "Cache Evictions": 0, "Cache Overflows": 0, "Peak Memory Usage": 3}, {"Worker Number": 2, "Cache Hits": 233586, "Cache Misses": 22, "Cache Evictions": 0, "Cache Overflows": 0, "Peak Memory Usage": 3}, {"Worker Number": 3, "Cache Hits": 231128, "Cache Misses": 22, "Cache Evictions": 0, "Cache Overflows": 0, "Peak Memory Usage": 3}, {"Worker Number": 4, "Cache Hits": 241143, "Cache Misses": 22, "Cache Evictions": 0, "Cache Overflows": 0, "Peak Memory Usage": 3}], "Plans": [{"Node Type": "Bitmap Heap Scan", "Parent Relationship": "Outer", "Parallel Aware": false, "Async Capable": false, "Relation Name": "web_site", "Alias": "web_site", "Startup Cost": 0.15, "Total Cost": 4.16, "Plan Rows": 1, "Plan Width": 4, "Actual Rows": 1, "Actual Loops": 132, "Recheck Cond": "(web_site_sk = web_sales.ws_web_site_sk)", "Rows Removed by Index Recheck": 0, "Exact Heap Blocks": 21, "Lossy Heap Blocks": 0, "Workers": [], "Plans": [{"Node Type": "Bitmap Index Scan", "Parent Relationship": "Outer", "Parallel Aware": false, "Async Capable": false, "Index Name": "web_site_pkey", "Startup Cost": 0.0, "Total Cost": 0.15, "Plan Rows": 1, "Plan Width": 0, "Actual Rows": 1, "Actual Loops": 132, "Index Cond": "(web_site_sk = web_sales.ws_web_site_sk)", "Workers": []}]}]}]}]}]}]}, "Planning Time": 1.853, "Triggers": [], "Execution Time": 727.203}, {"Plan": {"Node Type": "Aggregate", "Strategy": "Plain", "Partial Mode": "Simple", "Parallel Aware": false, "Async Capable": false, "Startup Cost": 10001251121.32, "Total Cost": 10001251121.33, "Plan Rows": 1, "Plan Width": 8, "Plans": [{"Node Type": "Merge Join", "Parent Relationship": "Outer", "Parallel Aware": false, "Async Capable": false, "Join Type": "Inner", "Startup Cost": 10001250458.36, "Total Cost": 10001251028.7, "Plan Rows": 37048, "Plan Width": 0, "Inner Unique": true, "Merge Cond": "(web_sales.ws_web_site_sk = web_site.web_site_sk)", "Plans": [{"Node Type": "Sort", "Parent Relationship": "Outer", "Parallel Aware": false, "Async Capable": false, "Startup Cost": 10001250458.22, "Total Cost": 10001250550.84, "Plan Rows": 37048, "Plan Width": 4, "Sort Key": ["web_sales.ws_web_site_sk"], "Plans": [{"Node Type": "Merge Join", "Parent Relationship": "Outer", "Parallel Aware": false, "Async Capable": false, "Join Type": "Inner", "Startup Cost": 10001247078.88, "Total Cost": 10001247646.81, "Plan Rows": 37048, "Plan Width": 4, "Inner Unique": true, "Merge Cond": "(web_sales.ws_ship_mode_sk = ship_mode.sm_ship_mode_sk)", "Plans": [{"Node Type": "Sort", "Parent Relationship": "Outer", "Parallel Aware": false, "Async Capable": false, "Startup Cost": 10001247078.74, "Total Cost": 10001247171.36, "Plan Rows": 37048, "Plan Width": 8, "Sort Key": ["web_sales.ws_ship_mode_sk"], "Plans": [{"Node Type": "Merge Join", "Parent Relationship": "Outer", "Parallel Aware": false, "Async Capable": false, "Join Type": "Inner", "Startup Cost": 10001243699.57, "Total Cost": 10001244267.33, "Plan Rows": 37048, "Plan Width": 8, "Inner Unique": true, "Merge Cond": "(web_sales.ws_warehouse_sk = warehouse.w_warehouse_sk)", "Plans": [{"Node Type": "Sort", "Parent Relationship": "Outer", "Parallel Aware": false, "Async Capable": false, "Startup Cost": 10001243699.44, "Total Cost": 10001243792.06, "Plan Rows": 37048, "Plan Width": 12, "Sort Key": ["web_sales.ws_warehouse_sk"], "Plans": [{"Node Type": "Merge Join", "Parent Relationship": "Outer", "Parallel Aware": false, "Async Capable": false, "Join Type": "Inner", "Startup Cost": 10001204430.83, "Total Cost": 10001240888.03, "Plan Rows": 37048, "Plan Width": 12, "Inner Unique": true, "Merge Cond": "(web_sales.ws_ship_date_sk = date_dim.d_date_sk)", "Plans": [{"Node Type": "Sort", "Parent Relationship": "Outer", "Parallel Aware": false, "Async Capable": false, "Startup Cost": 10001202621.41, "Total Cost": 10001220615.65, "Plan Rows": 7197697, "Plan Width": 16, "Sort Key": ["web_sales.ws_ship_date_sk"], "Plans": [{"Node Type": "Seq Scan", "Parent Relationship": "Outer", "Parallel Aware": false, "Async Capable": false, "Relation Name": "web_sales", "Alias": "web_sales", "Startup Cost": 10000000000.0, "Total Cost": 10000259824.97, "Plan Rows": 7197697, "Plan Width": 16}]}, {"Node Type": "Index Scan", "Parent Relationship": "Inner", "Parallel Aware": false, "Async Capable": false, "Scan Direction": "Forward", "Index Name": "date_dim_pkey", "Relation Name": "date_dim", "Alias": "date_dim", "Startup Cost": 0.29, "Total Cost": 3696.27, "Plan Rows": 376, "Plan Width": 4, "Filter": "((d_month_seq >= 1186) AND (d_month_seq <= 1197))"}]}]}, {"Node Type": "Index Scan", "Parent Relationship": "Inner", "Parallel Aware": false, "Async Capable": false, "Scan Direction": "Forward", "Index Name": "warehouse_pkey", "Relation Name": "warehouse", "Alias": "warehouse", "Startup Cost": 0.14, "Total Cost": 12.29, "Plan Rows": 10, "Plan Width": 4}]}]}, {"Node Type": "Index Scan", "Parent Relationship": "Inner", "Parallel Aware": false, "Async Capable": false, "Scan Direction": "Forward", "Index Name": "ship_mode_pkey", "Relation Name": "ship_mode", "Alias": "ship_mode", "Startup Cost": 0.14, "Total Cost": 12.44, "Plan Rows": 20, "Plan Width": 4}]}]}, {"Node Type": "Index Scan", "Parent Relationship": "Inner", "Parallel Aware": false, "Async Capable": false, "Scan Direction": "Forward", "Index Name": "web_site_pkey", "Relation Name": "web_site", "Alias": "web_site", "Startup Cost": 0.14, "Total Cost": 14.77, "Plan Rows": 42, "Plan Width": 4}]}]}}, {"Plan": {"Node Type": "Aggregate", "Strategy": "Plain", "Partial Mode": "Simple", "Parallel Aware": false, "Async Capable": false, "Startup Cost": 10000443180.0, "Total Cost": 10000443180.01, "Plan Rows": 1, "Plan Width": 8, "Plans": [{"Node Type": "Nested Loop", "Parent Relationship": "Outer", "Parallel Aware": false, "Async Capable": false, "Join Type": "Inner", "Startup Cost": 10000000000.74, "Total Cost": 10000443087.38, "Plan Rows": 37048, "Plan Width": 0, "Inner Unique": true, "Plans": [{"Node Type": "Nested Loop", "Parent Relationship": "Outer", "Parallel Aware": false, "Async Capable": false, "Join Type": "Inner", "Startup Cost": 10000000000.59, "Total Cost": 10000442167.04, "Plan Rows": 37048, "Plan Width": 4, "Inner Unique": true, "Plans": [{"Node Type": "Nested Loop", "Parent Relationship": "Outer", "Parallel Aware": false, "Async Capable": false, "Join Type": "Inner", "Startup Cost": 10000000000.45, "Total Cost": 10000441262.74, "Plan Rows": 37048, "Plan Width": 8, "Inner Unique": true, "Plans": [{"Node Type": "Nested Loop", "Parent Relationship": "Outer", "Parallel Aware": false, "Async Capable": false, "Join Type": "Inner", "Startup Cost": 10000000000.3, "Total Cost": 10000440380.34, "Plan Rows": 37048, "Plan Width": 12, "Inner Unique": true, "Plans": [{"Node Type": "Seq Scan", "Parent Relationship": "Outer", "Parallel Aware": false, "Async Capable": false, "Relation Name": "web_sales", "Alias": "web_sales", "Startup Cost": 10000000000.0, "Total Cost": 10000259824.97, "Plan Rows": 7197697, "Plan Width": 16}, {"Node Type": "Memoize", "Parent Relationship": "Inner", "Parallel Aware": false, "Async Capable": false, "Startup Cost": 0.3, "Total Cost": 0.33, "Plan Rows": 1, "Plan Width": 4, "Cache Key": "web_sales.ws_ship_date_sk", "Cache Mode": "logical", "Plans": [{"Node Type": "Index Scan", "Parent Relationship": "Outer", "Parallel Aware": false, "Async Capable": false, "Scan Direction": "Forward", "Index Name": "date_dim_pkey", "Relation Name": "date_dim", "Alias": "date_dim", "Startup Cost": 0.29, "Total Cost": 0.32, "Plan Rows": 1, "Plan Width": 4, "Index Cond": "(d_date_sk = web_sales.ws_ship_date_sk)", "Filter": "((d_month_seq >= 1186) AND (d_month_seq <= 1197))"}]}]}, {"Node Type": "Memoize", "Parent Relationship": "Inner", "Parallel Aware": false, "Async Capable": false, "Startup Cost": 0.15, "Total Cost": 0.16, "Plan Rows": 1, "Plan Width": 4, "Cache Key": "web_sales.ws_warehouse_sk", "Cache Mode": "logical", "Plans": [{"Node Type": "Index Scan", "Parent Relationship": "Outer", "Parallel Aware": false, "Async Capable": false, "Scan Direction": "Forward", "Index Name": "warehouse_pkey", "Relation Name": "warehouse", "Alias": "warehouse", "Startup Cost": 0.14, "Total Cost": 0.15, "Plan Rows": 1, "Plan Width": 4, "Index Cond": "(w_warehouse_sk = web_sales.ws_warehouse_sk)"}]}]}, {"Node Type": "Memoize", "Parent Relationship": "Inner", "Parallel Aware": false, "Async Capable": false, "Startup Cost": 0.15, "Total Cost": 0.17, "Plan Rows": 1, "Plan Width": 4, "Cache Key": "web_sales.ws_ship_mode_sk", "Cache Mode": "logical", "Plans": [{"Node Type": "Index Scan", "Parent Relationship": "Outer", "Parallel Aware": false, "Async Capable": false, "Scan Direction": "Forward", "Index Name": "ship_mode_pkey", "Relation Name": "ship_mode", "Alias": "ship_mode", "Startup Cost": 0.14, "Total Cost": 0.16, "Plan Rows": 1, "Plan Width": 4, "Index Cond": "(sm_ship_mode_sk = web_sales.ws_ship_mode_sk)"}]}]}, {"Node Type": "Memoize", "Parent Relationship": "Inner", "Parallel Aware": false, "Async Capable": false, "Startup Cost": 0.15, "Total Cost": 0.17, "Plan Rows": 1, "Plan Width": 4, "Cache Key": "web_sales.ws_web_site_sk", "Cache Mode": "logical", "Plans": [{"Node Type": "Index Scan", "Parent Relationship": "Outer", "Parallel Aware": false, "Async Capable": false, "Scan Direction": "Forward", "Index Name": "web_site_pkey", "Relation Name": "web_site", "Alias": "web_site", "Startup Cost": 0.14, "Total Cost": 0.16, "Plan Rows": 1, "Plan Width": 4, "Index Cond": "(web_site_sk = web_sales.ws_web_site_sk)"}]}]}]}}, {"Plan": {"Node Type": "Aggregate", "Strategy": "Plain", "Partial Mode": "Finalize", "Parallel Aware": false, "Async Capable": false, "Startup Cost": 240415.8, "Total Cost": 240415.81, "Plan Rows": 1, "Plan Width": 8, "Actual Rows": 1, "Actual Loops": 1, "Plans": [{"Node Type": "Gather", "Parent Relationship": "Outer", "Parallel Aware": false, "Async Capable": false, "Startup Cost": 240415.28, "Total Cost": 240415.79, "Plan Rows": 5, "Plan Width": 8, "Actual Rows": 6, "Actual Loops": 1, "Workers Planned": 5, "Workers Launched": 5, "Single Copy": false, "Plans": [{"Node Type": "Aggregate", "Strategy": "Plain", "Partial Mode": "Partial", "Parent Relationship": "Outer", "Parallel Aware": false, "Async Capable": false, "Startup Cost": 239415.28, "Total Cost": 239415.29, "Plan Rows": 1, "Plan Width": 8, "Actual Rows": 1, "Actual Loops": 6, "Workers": [], "Plans": [{"Node Type": "Nested Loop", "Parent Relationship": "Outer", "Parallel Aware": false, "Async Capable": false, "Join Type": "Inner", "Startup Cost": 0.74, "Total Cost": 239396.76, "Plan Rows": 7410, "Plan Width": 0, "Actual Rows": 239997, "Actual Loops": 6, "Inner Unique": true, "Workers": [], "Plans": [{"Node Type": "Nested Loop", "Parent Relationship": "Outer", "Parallel Aware": false, "Async Capable": false, "Join Type": "Inner", "Startup Cost": 0.59, "Total Cost": 239207.27, "Plan Rows": 7410, "Plan Width": 4, "Actual Rows": 240004, "Actual Loops": 6, "Inner Unique": true, "Workers": [], "Plans": [{"Node Type": "Nested Loop", "Parent Relationship": "Outer", "Parallel Aware": false, "Async Capable": false, "Join Type": "Inner", "Startup Cost": 0.45, "Total Cost": 239023.81, "Plan Rows": 7410, "Plan Width": 8, "Actual Rows": 240020, "Actual Loops": 6, "Inner Unique": true, "Workers": [], "Plans": [{"Node Type": "Nested Loop", "Parent Relationship": "Outer", "Parallel Aware": false, "Async Capable": false, "Join Type": "Inner", "Startup Cost": 0.3, "Total Cost": 238846.0, "Plan Rows": 7410, "Plan Width": 12, "Actual Rows": 240046, "Actual Loops": 6, "Inner Unique": true, "Workers": [], "Plans": [{"Node Type": "Seq Scan", "Parent Relationship": "Outer", "Parallel Aware": true, "Async Capable": false, "Relation Name": "web_sales", "Alias": "web_sales", "Startup Cost": 0.0, "Total Cost": 202243.39, "Plan Rows": 1439539, "Plan Width": 16, "Actual Rows": 1199594, "Actual Loops": 6, "Workers": []}, {"Node Type": "Memoize", "Parent Relationship": "Inner", "Parallel Aware": false, "Async Capable": false, "Startup Cost": 0.3, "Total Cost": 0.33, "Plan Rows": 1, "Plan Width": 4, "Actual Rows": 0, "Actual Loops": 7197566, "Cache Key": "web_sales.ws_ship_date_sk", "Cache Mode": "logical", "Cache Hits": 1309873, "Cache Misses": 1946, "Cache Evictions": 0, "Cache Overflows": 0, "Peak Memory Usage": 143, "Workers": [{"Worker Number": 0, "Cache Hits": 1137626, "Cache Misses": 1947, "Cache Evictions": 0, "Cache Overflows": 0, "Peak Memory Usage": 143}, {"Worker Number": 1, "Cache Hits": 1195086, "Cache Misses": 1947, "Cache Evictions": 0, "Cache Overflows": 0, "Peak Memory Usage": 143}, {"Worker Number": 2, "Cache Hits": 1188916, "Cache Misses": 1947, "Cache Evictions": 0, "Cache Overflows": 0, "Peak Memory Usage": 143}, {"Worker Number": 3, "Cache Hits": 1147497, "Cache Misses": 1947, "Cache Evictions": 0, "Cache Overflows": 0, "Peak Memory Usage": 143}, {"Worker Number": 4, "Cache Hits": 1206887, "Cache Misses": 1947, "Cache Evictions": 0, "Cache Overflows": 0, "Peak Memory Usage": 143}], "Plans": [{"Node Type": "Index Scan", "Parent Relationship": "Outer", "Parallel Aware": false, "Async Capable": false, "Scan Direction": "Forward", "Index Name": "date_dim_pkey", "Relation Name": "date_dim", "Alias": "date_dim", "Startup Cost": 0.29, "Total Cost": 0.32, "Plan Rows": 1, "Plan Width": 4, "Actual Rows": 0, "Actual Loops": 11681, "Index Cond": "(d_date_sk = web_sales.ws_ship_date_sk)", "Rows Removed by Index Recheck": 0, "Filter": "((d_month_seq >= 1186) AND (d_month_seq <= 1197))", "Rows Removed by Filter": 1, "Workers": []}]}]}, {"Node Type": "Memoize", "Parent Relationship": "Inner", "Parallel Aware": false, "Async Capable": false, "Startup Cost": 0.15, "Total Cost": 0.16, "Plan Rows": 1, "Plan Width": 4, "Actual Rows": 1, "Actual Loops": 1440276, "Cache Key": "web_sales.ws_warehouse_sk", "Cache Mode": "logical", "Cache Hits": 260894, "Cache Misses": 11, "Cache Evictions": 0, "Cache Overflows": 0, "Peak Memory Usage": 2, "Workers": [{"Worker Number": 0, "Cache Hits": 227787, "Cache Misses": 11, "Cache Evictions": 0, "Cache Overflows": 0, "Peak Memory Usage": 2}, {"Worker Number": 1, "Cache Hits": 240256, "Cache Misses": 11, "Cache Evictions": 0, "Cache Overflows": 0, "Peak Memory Usage": 2}, {"Worker Number": 2, "Cache Hits": 237716, "Cache Misses": 11, "Cache Evictions": 0, "Cache Overflows": 0, "Peak Memory Usage": 2}, {"Worker Number": 3, "Cache Hits": 232229, "Cache Misses": 11, "Cache Evictions": 0, "Cache Overflows": 0, "Peak Memory Usage": 2}, {"Worker Number": 4, "Cache Hits": 241328, "Cache Misses": 11, "Cache Evictions": 0, "Cache Overflows": 0, "Peak Memory Usage": 2}], "Plans": [{"Node Type": "Index Scan", "Parent Relationship": "Outer", "Parallel Aware": false, "Async Capable": false, "Scan Direction": "Forward", "Index Name": "warehouse_pkey", "Relation Name": "warehouse", "Alias": "warehouse", "Startup Cost": 0.14, "Total Cost": 0.15, "Plan Rows": 1, "Plan Width": 4, "Actual Rows": 1, "Actual Loops": 66, "Index Cond": "(w_warehouse_sk = web_sales.ws_warehouse_sk)", "Rows Removed by Index Recheck": 0, "Workers": []}]}]}, {"Node Type": "Memoize", "Parent Relationship": "Inner", "Parallel Aware": false, "Async Capable": false, "Startup Cost": 0.15, "Total Cost": 0.17, "Plan Rows": 1, "Plan Width": 4, "Actual Rows": 1, "Actual Loops": 1440119, "Cache Key": "web_sales.ws_ship_mode_sk", "Cache Mode": "logical", "Cache Hits": 260856, "Cache Misses": 21, "Cache Evictions": 0, "Cache Overflows": 0, "Peak Memory Usage": 3, "Workers": [{"Worker Number": 0, "Cache Hits": 227744, "Cache Misses": 21, "Cache Evictions": 0, "Cache Overflows": 0, "Peak Memory Usage": 3}, {"Worker Number": 1, "Cache Hits": 240224, "Cache Misses": 21, "Cache Evictions": 0, "Cache Overflows": 0, "Peak Memory Usage": 3}, {"Worker Number": 2, "Cache Hits": 237688, "Cache Misses": 21, "Cache Evictions": 0, "Cache Overflows": 0, "Peak Memory Usage": 3}, {"Worker Number": 3, "Cache Hits": 232188, "Cache Misses": 21, "Cache Evictions": 0, "Cache Overflows": 0, "Peak Memory Usage": 3}, {"Worker Number": 4, "Cache Hits": 241293, "Cache Misses": 21, "Cache Evictions": 0, "Cache Overflows": 0, "Peak Memory Usage": 3}], "Plans": [{"Node Type": "Index Scan", "Parent Relationship": "Outer", "Parallel Aware": false, "Async Capable": false, "Scan Direction": "Forward", "Index Name": "ship_mode_pkey", "Relation Name": "ship_mode", "Alias": "ship_mode", "Startup Cost": 0.14, "Total Cost": 0.16, "Plan Rows": 1, "Plan Width": 4, "Actual Rows": 1, "Actual Loops": 126, "Index Cond": "(sm_ship_mode_sk = web_sales.ws_ship_mode_sk)", "Rows Removed by Index Recheck": 0, "Workers": []}]}]}, {"Node Type": "Memoize", "Parent Relationship": "Inner", "Parallel Aware": false, "Async Capable": false, "Startup Cost": 0.15, "Total Cost": 0.17, "Plan Rows": 1, "Plan Width": 4, "Actual Rows": 1, "Actual Loops": 1440026, "Cache Key": "web_sales.ws_web_site_sk", "Cache Mode": "logical", "Cache Hits": 260837, "Cache Misses": 22, "Cache Evictions": 0, "Cache Overflows": 0, "Peak Memory Usage": 3, "Workers": [{"Worker Number": 0, "Cache Hits": 227730, "Cache Misses": 22, "Cache Evictions": 0, "Cache Overflows": 0, "Peak Memory Usage": 3}, {"Worker Number": 1, "Cache Hits": 240209, "Cache Misses": 22, "Cache Evictions": 0, "Cache Overflows": 0, "Peak Memory Usage": 3}, {"Worker Number": 2, "Cache Hits": 237668, "Cache Misses": 22, "Cache Evictions": 0, "Cache Overflows": 0, "Peak Memory Usage": 3}, {"Worker Number": 3, "Cache Hits": 232174, "Cache Misses": 22, "Cache Evictions": 0, "Cache Overflows": 0, "Peak Memory Usage": 3}, {"Worker Number": 4, "Cache Hits": 241276, "Cache Misses": 22, "Cache Evictions": 0, "Cache Overflows": 0, "Peak Memory Usage": 3}], "Plans": [{"Node Type": "Index Scan", "Parent Relationship": "Outer", "Parallel Aware": false, "Async Capable": false, "Scan Direction": "Forward", "Index Name": "web_site_pkey", "Relation Name": "web_site", "Alias": "web_site", "Startup Cost": 0.14, "Total Cost": 0.16, "Plan Rows": 1, "Plan Width": 4, "Actual Rows": 1, "Actual Loops": 132, "Index Cond": "(web_site_sk = web_sales.ws_web_site_sk)", "Rows Removed by Index Recheck": 0, "Workers": []}]}]}]}]}]}, "Planning Time": 1.769, "Triggers": [], "Execution Time": 760.176}]