[{"Plan": {"Node Type": "Aggregate", "Strategy": "Plain", "Partial Mode": "Finalize", "Parallel Aware": false, "Async Capable": false, "Startup Cost": 407494.61, "Total Cost": 407494.62, "Plan Rows": 1, "Plan Width": 8, "Actual Rows": 1, "Actual Loops": 1, "Plans": [{"Node Type": "Gather", "Parent Relationship": "Outer", "Parallel Aware": false, "Async Capable": false, "Startup Cost": 407493.99, "Total Cost": 407494.6, "Plan Rows": 6, "Plan Width": 8, "Actual Rows": 7, "Actual Loops": 1, "Workers Planned": 6, "Workers Launched": 6, "Single Copy": false, "Plans": [{"Node Type": "Aggregate", "Strategy": "Plain", "Partial Mode": "Partial", "Parent Relationship": "Outer", "Parallel Aware": false, "Async Capable": false, "Startup Cost": 406493.99, "Total Cost": 406494.0, "Plan Rows": 1, "Plan Width": 8, "Actual Rows": 1, "Actual Loops": 7, "Workers": [], "Plans": [{"Node Type": "Hash Join", "Parent Relationship": "Outer", "Parallel Aware": false, "Async Capable": false, "Join Type": "Inner", "Startup Cost": 2076.53, "Total Cost": 406463.1, "Plan Rows": 12354, "Plan Width": 0, "Actual Rows": 405246, "Actual Loops": 7, "Inner Unique": true, "Hash Cond": "(catalog_sales.cs_call_center_sk = call_center.cc_call_center_sk)", "Workers": [], "Plans": [{"Node Type": "Hash Join", "Parent Relationship": "Outer", "Parallel Aware": false, "Async Capable": false, "Join Type": "Inner", "Startup Cost": 2073.99, "Total Cost": 406422.44, "Plan Rows": 12354, "Plan Width": 4, "Actual Rows": 405494, "Actual Loops": 7, "Inner Unique": true, "Hash Cond": "(catalog_sales.cs_ship_mode_sk = ship_mode.sm_ship_mode_sk)", "Workers": [], "Plans": [{"Node Type": "Hash Join", "Parent Relationship": "Outer", "Parallel Aware": false, "Async Capable": false, "Join Type": "Inner", "Startup Cost": 2072.54, "Total Cost": 406381.72, "Plan Rows": 12354, "Plan Width": 8, "Actual Rows": 406007, "Actual Loops": 7, "Inner Unique": true, "Hash Cond": "(catalog_sales.cs_warehouse_sk = warehouse.w_warehouse_sk)", "Workers": [], "Plans": [{"Node Type": "Hash Join", "Parent Relationship": "Outer", "Parallel Aware": true, "Async Capable": false, "Join Type": "Inner", "Startup Cost": 2071.31, "Total Cost": 406334.38, "Plan Rows": 12354, "Plan Width": 12, "Actual Rows": 407027, "Actual Loops": 7, "Inner Unique": true, "Hash Cond": "(catalog_sales.cs_ship_date_sk = date_dim.d_date_sk)", "Workers": [], "Plans": [{"Node Type": "Seq Scan", "Parent Relationship": "Outer", "Parallel Aware": true, "Async Capable": false, "Relation Name": "catalog_sales", "Alias": "catalog_sales", "Startup Cost": 0.0, "Total Cost": 397962.14, "Plan Rows": 2400214, "Plan Width": 16, "Actual Rows": 2057323, "Actual Loops": 7, "Workers": []}, {"Node Type": "Hash", "Parent Relationship": "Inner", "Parallel Aware": true, "Async Capable": false, "Startup Cost": 2068.55, "Total Cost": 2068.55, "Plan Rows": 221, "Plan Width": 4, "Actual Rows": 52, "Actual Loops": 7, "Hash Buckets": 1024, "Original Hash Buckets": 1024, "Hash Batches": 1, "Original Hash Batches": 1, "Peak Memory Usage": 232, "Workers": [], "Plans": [{"Node Type": "Seq Scan", "Parent Relationship": "Outer", "Parallel Aware": true, "Async Capable": false, "Relation Name": "date_dim", "Alias": "date_dim", "Startup Cost": 0.0, "Total Cost": 2068.55, "Plan Rows": 221, "Plan Width": 4, "Actual Rows": 52, "Actual Loops": 7, "Filter": "((d_month_seq >= 1183) AND (d_month_seq <= 1194))", "Rows Removed by Filter": 10383, "Workers": []}]}]}, {"Node Type": "Hash", "Parent Relationship": "Inner", "Parallel Aware": false, "Async Capable": false, "Startup Cost": 1.1, "Total Cost": 1.1, "Plan Rows": 10, "Plan Width": 4, "Actual Rows": 10, "Actual Loops": 7, "Hash Buckets": 1024, "Original Hash Buckets": 1024, "Hash Batches": 1, "Original Hash Batches": 1, "Peak Memory Usage": 9, "Workers": [], "Plans": [{"Node Type": "Seq Scan", "Parent Relationship": "Outer", "Parallel Aware": false, "Async Capable": false, "Relation Name": "warehouse", "Alias": "warehouse", "Startup Cost": 0.0, "Total Cost": 1.1, "Plan Rows": 10, "Plan Width": 4, "Actual Rows": 10, "Actual Loops": 7, "Workers": []}]}]}, {"Node Type": "Hash", "Parent Relationship": "Inner", "Parallel Aware": false, "Async Capable": false, "Startup Cost": 1.2, "Total Cost": 1.2, "Plan Rows": 20, "Plan Width": 4, "Actual Rows": 20, "Actual Loops": 7, "Hash Buckets": 1024, "Original Hash Buckets": 1024, "Hash Batches": 1, "Original Hash Batches": 1, "Peak Memory Usage": 9, "Workers": [], "Plans": [{"Node Type": "Seq Scan", "Parent Relationship": "Outer", "Parallel Aware": false, "Async Capable": false, "Relation Name": "ship_mode", "Alias": "ship_mode", "Startup Cost": 0.0, "Total Cost": 1.2, "Plan Rows": 20, "Plan Width": 4, "Actual Rows": 20, "Actual Loops": 7, "Workers": []}]}]}, {"Node Type": "Hash", "Parent Relationship": "Inner", "Parallel Aware": false, "Async Capable": false, "Startup Cost": 2.24, "Total Cost": 2.24, "Plan Rows": 24, "Plan Width": 4, "Actual Rows": 24, "Actual Loops": 7, "Hash Buckets": 1024, "Original Hash Buckets": 1024, "Hash Batches": 1, "Original Hash Batches": 1, "Peak Memory Usage": 9, "Workers": [], "Plans": [{"Node Type": "Seq Scan", "Parent Relationship": "Outer", "Parallel Aware": false, "Async Capable": false, "Relation Name": "call_center", "Alias": "call_center", "Startup Cost": 0.0, "Total Cost": 2.24, "Plan Rows": 24, "Plan Width": 4, "Actual Rows": 24, "Actual Loops": 7, "Workers": []}]}]}]}]}]}, "Planning Time": 1.647, "Triggers": [], "Execution Time": 603.803}, {"Plan": {"Node Type": "Aggregate", "Strategy": "Plain", "Partial Mode": "Simple", "Parallel Aware": false, "Async Capable": false, "Startup Cost": 50000560444.6, "Total Cost": 50000560444.61, "Plan Rows": 1, "Plan Width": 8, "Plans": [{"Node Type": "Hash Join", "Parent Relationship": "Outer", "Parallel Aware": false, "Async Capable": false, "Join Type": "Inner", "Startup Cost": 50000003739.87, "Total Cost": 50000560259.28, "Plan Rows": 74127, "Plan Width": 0, "Inner Unique": true, "Hash Cond": "(catalog_sales.cs_call_center_sk = call_center.cc_call_center_sk)", "Plans": [{"Node Type": "Hash Join", "Parent Relationship": "Outer", "Parallel Aware": false, "Async Capable": false, "Join Type": "Inner", "Startup Cost": 40000003726.07, "Total Cost": 40000560016.7, "Plan Rows": 74127, "Plan Width": 4, "Inner Unique": true, "Hash Cond": "(catalog_sales.cs_ship_mode_sk = ship_mode.sm_ship_mode_sk)", "Plans": [{"Node Type": "Hash Join", "Parent Relationship": "Outer", "Parallel Aware": false, "Async Capable": false, "Join Type": "Inner", "Startup Cost": 30000003713.38, "Total Cost": 30000559768.4, "Plan Rows": 74127, "Plan Width": 8, "Inner Unique": true, "Hash Cond": "(catalog_sales.cs_warehouse_sk = warehouse.w_warehouse_sk)", "Plans": [{"Node Type": "Hash Join", "Parent Relationship": "Outer", "Parallel Aware": false, "Async Capable": false, "Join Type": "Inner", "Startup Cost": 20000003700.97, "Total Cost": 20000559479.34, "Plan Rows": 74127, "Plan Width": 12, "Inner Unique": true, "Hash Cond": "(catalog_sales.cs_ship_date_sk = date_dim.d_date_sk)", "Plans": [{"Node Type": "Seq Scan", "Parent Relationship": "Outer", "Parallel Aware": false, "Async Capable": false, "Relation Name": "catalog_sales", "Alias": "catalog_sales", "Startup Cost": 10000000000.0, "Total Cost": 10000517972.82, "Plan Rows": 14401282, "Plan Width": 16}, {"Node Type": "Hash", "Parent Relationship": "Inner", "Parallel Aware": false, "Async Capable": false, "Startup Cost": 10000003696.27, "Total Cost": 10000003696.27, "Plan Rows": 376, "Plan Width": 4, "Plans": [{"Node Type": "Index Scan", "Parent Relationship": "Outer", "Parallel Aware": false, "Async Capable": false, "Scan Direction": "Forward", "Index Name": "date_dim_pkey", "Relation Name": "date_dim", "Alias": "date_dim", "Startup Cost": 10000000000.29, "Total Cost": 10000003696.27, "Plan Rows": 376, "Plan Width": 4, "Filter": "((d_month_seq >= 1183) AND (d_month_seq <= 1194))"}]}]}, {"Node Type": "Hash", "Parent Relationship": "Inner", "Parallel Aware": false, "Async Capable": false, "Startup Cost": 10000000012.28, "Total Cost": 10000000012.28, "Plan Rows": 10, "Plan Width": 4, "Plans": [{"Node Type": "Index Only Scan", "Parent Relationship": "Outer", "Parallel Aware": false, "Async Capable": false, "Scan Direction": "Forward", "Index Name": "warehouse_pkey", "Relation Name": "warehouse", "Alias": "warehouse", "Startup Cost": 10000000000.14, "Total Cost": 10000000012.28, "Plan Rows": 10, "Plan Width": 4}]}]}, {"Node Type": "Hash", "Parent Relationship": "Inner", "Parallel Aware": false, "Async Capable": false, "Startup Cost": 10000000012.44, "Total Cost": 10000000012.44, "Plan Rows": 20, "Plan Width": 4, "Plans": [{"Node Type": "Index Only Scan", "Parent Relationship": "Outer", "Parallel Aware": false, "Async Capable": false, "Scan Direction": "Forward", "Index Name": "ship_mode_pkey", "Relation Name": "ship_mode", "Alias": "ship_mode", "Startup Cost": 10000000000.14, "Total Cost": 10000000012.44, "Plan Rows": 20, "Plan Width": 4}]}]}, {"Node Type": "Hash", "Parent Relationship": "Inner", "Parallel Aware": false, "Async Capable": false, "Startup Cost": 10000000013.5, "Total Cost": 10000000013.5, "Plan Rows": 24, "Plan Width": 4, "Plans": [{"Node Type": "Index Only Scan", "Parent Relationship": "Outer", "Parallel Aware": false, "Async Capable": false, "Scan Direction": "Forward", "Index Name": "call_center_pkey", "Relation Name": "call_center", "Alias": "call_center", "Startup Cost": 10000000000.14, "Total Cost": 10000000013.5, "Plan Rows": 24, "Plan Width": 4}]}]}]}}, {"Plan": {"Node Type": "Aggregate", "Strategy": "Plain", "Partial Mode": "Simple", "Parallel Aware": false, "Async Capable": false, "Startup Cost": 10000560444.6, "Total Cost": 10000560444.61, "Plan Rows": 1, "Plan Width": 8, "Plans": [{"Node Type": "Hash Join", "Parent Relationship": "Outer", "Parallel Aware": false, "Async Capable": false, "Join Type": "Inner", "Startup Cost": 10000003739.87, "Total Cost": 10000560259.28, "Plan Rows": 74127, "Plan Width": 0, "Inner Unique": true, "Hash Cond": "(catalog_sales.cs_call_center_sk = call_center.cc_call_center_sk)", "Plans": [{"Node Type": "Hash Join", "Parent Relationship": "Outer", "Parallel Aware": false, "Async Capable": false, "Join Type": "Inner", "Startup Cost": 10000003726.07, "Total Cost": 10000560016.7, "Plan Rows": 74127, "Plan Width": 4, "Inner Unique": true, "Hash Cond": "(catalog_sales.cs_ship_mode_sk = ship_mode.sm_ship_mode_sk)", "Plans": [{"Node Type": "Hash Join", "Parent Relationship": "Outer", "Parallel Aware": false, "Async Capable": false, "Join Type": "Inner", "Startup Cost": 10000003713.38, "Total Cost": 10000559768.4, "Plan Rows": 74127, "Plan Width": 8, "Inner Unique": true, "Hash Cond": "(catalog_sales.cs_warehouse_sk = warehouse.w_warehouse_sk)", "Plans": [{"Node Type": "Hash Join", "Parent Relationship": "Outer", "Parallel Aware": false, "Async Capable": false, "Join Type": "Inner", "Startup Cost": 10000003700.97, "Total Cost": 10000559479.34, "Plan Rows": 74127, "Plan Width": 12, "Inner Unique": true, "Hash Cond": "(catalog_sales.cs_ship_date_sk = date_dim.d_date_sk)", "Plans": [{"Node Type": "Seq Scan", "Parent Relationship": "Outer", "Parallel Aware": false, "Async Capable": false, "Relation Name": "catalog_sales", "Alias": "catalog_sales", "Startup Cost": 10000000000.0, "Total Cost": 10000517972.82, "Plan Rows": 14401282, "Plan Width": 16}, {"Node Type": "Hash", "Parent Relationship": "Inner", "Parallel Aware": false, "Async Capable": false, "Startup Cost": 3696.27, "Total Cost": 3696.27, "Plan Rows": 376, "Plan Width": 4, "Plans": [{"Node Type": "Index Scan", "Parent Relationship": "Outer", "Parallel Aware": false, "Async Capable": false, "Scan Direction": "Forward", "Index Name": "date_dim_pkey", "Relation Name": "date_dim", "Alias": "date_dim", "Startup Cost": 0.29, "Total Cost": 3696.27, "Plan Rows": 376, "Plan Width": 4, "Filter": "((d_month_seq >= 1183) AND (d_month_seq <= 1194))"}]}]}, {"Node Type": "Hash", "Parent Relationship": "Inner", "Parallel Aware": false, "Async Capable": false, "Startup Cost": 12.29, "Total Cost": 12.29, "Plan Rows": 10, "Plan Width": 4, "Plans": [{"Node Type": "Index Only Scan", "Parent Relationship": "Outer", "Parallel Aware": false, "Async Capable": false, "Scan Direction": "Forward", "Index Name": "warehouse_pkey", "Relation Name": "warehouse", "Alias": "warehouse", "Startup Cost": 0.14, "Total Cost": 12.29, "Plan Rows": 10, "Plan Width": 4}]}]}, {"Node Type": "Hash", "Parent Relationship": "Inner", "Parallel Aware": false, "Async Capable": false, "Startup Cost": 12.44, "Total Cost": 12.44, "Plan Rows": 20, "Plan Width": 4, "Plans": [{"Node Type": "Index Only Scan", "Parent Relationship": "Outer", "Parallel Aware": false, "Async Capable": false, "Scan Direction": "Forward", "Index Name": "ship_mode_pkey", "Relation Name": "ship_mode", "Alias": "ship_mode", "Startup Cost": 0.14, "Total Cost": 12.44, "Plan Rows": 20, "Plan Width": 4}]}]}, {"Node Type": "Hash", "Parent Relationship": "Inner", "Parallel Aware": false, "Async Capable": false, "Startup Cost": 13.5, "Total Cost": 13.5, "Plan Rows": 24, "Plan Width": 4, "Plans": [{"Node Type": "Index Only Scan", "Parent Relationship": "Outer", "Parallel Aware": false, "Async Capable": false, "Scan Direction": "Forward", "Index Name": "call_center_pkey", "Relation Name": "call_center", "Alias": "call_center", "Startup Cost": 0.14, "Total Cost": 13.5, "Plan Rows": 24, "Plan Width": 4}]}]}]}}, {"Plan": {"Node Type": "Aggregate", "Strategy": "Plain", "Partial Mode": "Simple", "Parallel Aware": false, "Async Capable": false, "Startup Cost": 10000892110.47, "Total Cost": 10000892110.48, "Plan Rows": 1, "Plan Width": 8, "Plans": [{"Node Type": "Nested Loop", "Parent Relationship": "Outer", "Parallel Aware": false, "Async Capable": false, "Join Type": "Inner", "Startup Cost": 10000000000.77, "Total Cost": 10000891925.16, "Plan Rows": 74127, "Plan Width": 0, "Inner Unique": true, "Plans": [{"Node Type": "Nested Loop", "Parent Relationship": "Outer", "Parallel Aware": false, "Async Capable": false, "Join Type": "Inner", "Startup Cost": 10000000000.62, "Total Cost": 10000890014.14, "Plan Rows": 74127, "Plan Width": 4, "Inner Unique": true, "Plans": [{"Node Type": "Nested Loop", "Parent Relationship": "Outer", "Parallel Aware": false, "Async Capable": false, "Join Type": "Inner", "Startup Cost": 10000000000.46, "Total Cost": 10000888127.32, "Plan Rows": 74127, "Plan Width": 8, "Inner Unique": true, "Plans": [{"Node Type": "Nested Loop", "Parent Relationship": "Outer", "Parallel Aware": false, "Async Capable": false, "Join Type": "Inner", "Startup Cost": 10000000000.31, "Total Cost": 10000886322.25, "Plan Rows": 74127, "Plan Width": 12, "Inner Unique": true, "Plans": [{"Node Type": "Seq Scan", "Parent Relationship": "Outer", "Parallel Aware": false, "Async Capable": false, "Relation Name": "catalog_sales", "Alias": "catalog_sales", "Startup Cost": 10000000000.0, "Total Cost": 10000517972.82, "Plan Rows": 14401282, "Plan Width": 16}, {"Node Type": "Memoize", "Parent Relationship": "Inner", "Parallel Aware": false, "Async Capable": false, "Startup Cost": 0.31, "Total Cost": 4.33, "Plan Rows": 1, "Plan Width": 4, "Cache Key": "catalog_sales.cs_ship_date_sk", "Cache Mode": "logical", "Plans": [{"Node Type": "Bitmap Heap Scan", "Parent Relationship": "Outer", "Parallel Aware": false, "Async Capable": false, "Relation Name": "date_dim", "Alias": "date_dim", "Startup Cost": 0.3, "Total Cost": 4.32, "Plan Rows": 1, "Plan Width": 4, "Recheck Cond": "(d_date_sk = catalog_sales.cs_ship_date_sk)", "Filter": "((d_month_seq >= 1183) AND (d_month_seq <= 1194))", "Plans": [{"Node Type": "Bitmap Index Scan", "Parent Relationship": "Outer", "Parallel Aware": false, "Async Capable": false, "Index Name": "date_dim_pkey", "Startup Cost": 0.0, "Total Cost": 0.3, "Plan Rows": 1, "Plan Width": 0, "Index Cond": "(d_date_sk = catalog_sales.cs_ship_date_sk)"}]}]}]}, {"Node Type": "Memoize", "Parent Relationship": "Inner", "Parallel Aware": false, "Async Capable": false, "Startup Cost": 0.15, "Total Cost": 4.17, "Plan Rows": 1, "Plan Width": 4, "Cache Key": "catalog_sales.cs_warehouse_sk", "Cache Mode": "logical", "Plans": [{"Node Type": "Bitmap Heap Scan", "Parent Relationship": "Outer", "Parallel Aware": false, "Async Capable": false, "Relation Name": "warehouse", "Alias": "warehouse", "Startup Cost": 0.14, "Total Cost": 4.16, "Plan Rows": 1, "Plan Width": 4, "Recheck Cond": "(w_warehouse_sk = catalog_sales.cs_warehouse_sk)", "Plans": [{"Node Type": "Bitmap Index Scan", "Parent Relationship": "Outer", "Parallel Aware": false, "Async Capable": false, "Index Name": "warehouse_pkey", "Startup Cost": 0.0, "Total Cost": 0.14, "Plan Rows": 1, "Plan Width": 0, "Index Cond": "(w_warehouse_sk = catalog_sales.cs_warehouse_sk)"}]}]}]}, {"Node Type": "Memoize", "Parent Relationship": "Inner", "Parallel Aware": false, "Async Capable": false, "Startup Cost": 0.16, "Total Cost": 4.17, "Plan Rows": 1, "Plan Width": 4, "Cache Key": "catalog_sales.cs_ship_mode_sk", "Cache Mode": "logical", "Plans": [{"Node Type": "Bitmap Heap Scan", "Parent Relationship": "Outer", "Parallel Aware": false, "Async Capable": false, "Relation Name": "ship_mode", "Alias": "ship_mode", "Startup Cost": 0.15, "Total Cost": 4.16, "Plan Rows": 1, "Plan Width": 4, "Recheck Cond": "(sm_ship_mode_sk = catalog_sales.cs_ship_mode_sk)", "Plans": [{"Node Type": "Bitmap Index Scan", "Parent Relationship": "Outer", "Parallel Aware": false, "Async Capable": false, "Index Name": "ship_mode_pkey", "Startup Cost": 0.0, "Total Cost": 0.15, "Plan Rows": 1, "Plan Width": 0, "Index Cond": "(sm_ship_mode_sk = catalog_sales.cs_ship_mode_sk)"}]}]}]}, {"Node Type": "Memoize", "Parent Relationship": "Inner", "Parallel Aware": false, "Async Capable": false, "Startup Cost": 0.16, "Total Cost": 4.17, "Plan Rows": 1, "Plan Width": 4, "Cache Key": "catalog_sales.cs_call_center_sk", "Cache Mode": "logical", "Plans": [{"Node Type": "Bitmap Heap Scan", "Parent Relationship": "Outer", "Parallel Aware": false, "Async Capable": false, "Relation Name": "call_center", "Alias": "call_center", "Startup Cost": 0.15, "Total Cost": 4.16, "Plan Rows": 1, "Plan Width": 4, "Recheck Cond": "(cc_call_center_sk = catalog_sales.cs_call_center_sk)", "Plans": [{"Node Type": "Bitmap Index Scan", "Parent Relationship": "Outer", "Parallel Aware": false, "Async Capable": false, "Index Name": "call_center_pkey", "Startup Cost": 0.0, "Total Cost": 0.15, "Plan Rows": 1, "Plan Width": 0, "Index Cond": "(cc_call_center_sk = catalog_sales.cs_call_center_sk)"}]}]}]}]}}, {"Plan": {"Node Type": "Aggregate", "Strategy": "Plain", "Partial Mode": "Simple", "Parallel Aware": false, "Async Capable": false, "Startup Cost": 10000560444.6, "Total Cost": 10000560444.61, "Plan Rows": 1, "Plan Width": 8, "Plans": [{"Node Type": "Hash Join", "Parent Relationship": "Outer", "Parallel Aware": false, "Async Capable": false, "Join Type": "Inner", "Startup Cost": 10000003739.87, "Total Cost": 10000560259.28, "Plan Rows": 74127, "Plan Width": 0, "Inner Unique": true, "Hash Cond": "(catalog_sales.cs_call_center_sk = call_center.cc_call_center_sk)", "Plans": [{"Node Type": "Hash Join", "Parent Relationship": "Outer", "Parallel Aware": false, "Async Capable": false, "Join Type": "Inner", "Startup Cost": 10000003726.07, "Total Cost": 10000560016.7, "Plan Rows": 74127, "Plan Width": 4, "Inner Unique": true, "Hash Cond": "(catalog_sales.cs_ship_mode_sk = ship_mode.sm_ship_mode_sk)", "Plans": [{"Node Type": "Hash Join", "Parent Relationship": "Outer", "Parallel Aware": false, "Async Capable": false, "Join Type": "Inner", "Startup Cost": 10000003713.38, "Total Cost": 10000559768.4, "Plan Rows": 74127, "Plan Width": 8, "Inner Unique": true, "Hash Cond": "(catalog_sales.cs_warehouse_sk = warehouse.w_warehouse_sk)", "Plans": [{"Node Type": "Hash Join", "Parent Relationship": "Outer", "Parallel Aware": false, "Async Capable": false, "Join Type": "Inner", "Startup Cost": 10000003700.97, "Total Cost": 10000559479.34, "Plan Rows": 74127, "Plan Width": 12, "Inner Unique": true, "Hash Cond": "(catalog_sales.cs_ship_date_sk = date_dim.d_date_sk)", "Plans": [{"Node Type": "Seq Scan", "Parent Relationship": "Outer", "Parallel Aware": false, "Async Capable": false, "Relation Name": "catalog_sales", "Alias": "catalog_sales", "Startup Cost": 10000000000.0, "Total Cost": 10000517972.82, "Plan Rows": 14401282, "Plan Width": 16}, {"Node Type": "Hash", "Parent Relationship": "Inner", "Parallel Aware": false, "Async Capable": false, "Startup Cost": 3696.27, "Total Cost": 3696.27, "Plan Rows": 376, "Plan Width": 4, "Plans": [{"Node Type": "Index Scan", "Parent Relationship": "Outer", "Parallel Aware": false, "Async Capable": false, "Scan Direction": "Forward", "Index Name": "date_dim_pkey", "Relation Name": "date_dim", "Alias": "date_dim", "Startup Cost": 0.29, "Total Cost": 3696.27, "Plan Rows": 376, "Plan Width": 4, "Filter": "((d_month_seq >= 1183) AND (d_month_seq <= 1194))"}]}]}, {"Node Type": "Hash", "Parent Relationship": "Inner", "Parallel Aware": false, "Async Capable": false, "Startup Cost": 12.29, "Total Cost": 12.29, "Plan Rows": 10, "Plan Width": 4, "Plans": [{"Node Type": "Index Scan", "Parent Relationship": "Outer", "Parallel Aware": false, "Async Capable": false, "Scan Direction": "Forward", "Index Name": "warehouse_pkey", "Relation Name": "warehouse", "Alias": "warehouse", "Startup Cost": 0.14, "Total Cost": 12.29, "Plan Rows": 10, "Plan Width": 4}]}]}, {"Node Type": "Hash", "Parent Relationship": "Inner", "Parallel Aware": false, "Async Capable": false, "Startup Cost": 12.44, "Total Cost": 12.44, "Plan Rows": 20, "Plan Width": 4, "Plans": [{"Node Type": "Index Scan", "Parent Relationship": "Outer", "Parallel Aware": false, "Async Capable": false, "Scan Direction": "Forward", "Index Name": "ship_mode_pkey", "Relation Name": "ship_mode", "Alias": "ship_mode", "Startup Cost": 0.14, "Total Cost": 12.44, "Plan Rows": 20, "Plan Width": 4}]}]}, {"Node Type": "Hash", "Parent Relationship": "Inner", "Parallel Aware": false, "Async Capable": false, "Startup Cost": 13.5, "Total Cost": 13.5, "Plan Rows": 24, "Plan Width": 4, "Plans": [{"Node Type": "Index Scan", "Parent Relationship": "Outer", "Parallel Aware": false, "Async Capable": false, "Scan Direction": "Forward", "Index Name": "call_center_pkey", "Relation Name": "call_center", "Alias": "call_center", "Startup Cost": 0.14, "Total Cost": 13.5, "Plan Rows": 24, "Plan Width": 4}]}]}]}}, {"Plan": {"Node Type": "Aggregate", "Strategy": "Plain", "Partial Mode": "Simple", "Parallel Aware": false, "Async Capable": false, "Startup Cost": 10002572563.08, "Total Cost": 10002572563.09, "Plan Rows": 1, "Plan Width": 8, "Plans": [{"Node Type": "Merge Join", "Parent Relationship": "Outer", "Parallel Aware": false, "Async Capable": false, "Join Type": "Inner", "Startup Cost": 10002571257.71, "Total Cost": 10002572377.76, "Plan Rows": 74127, "Plan Width": 0, "Inner Unique": true, "Merge Cond": "(catalog_sales.cs_call_center_sk = call_center.cc_call_center_sk)", "Plans": [{"Node Type": "Sort", "Parent Relationship": "Outer", "Parallel Aware": false, "Async Capable": false, "Startup Cost": 10002571257.58, "Total Cost": 10002571442.89, "Plan Rows": 74127, "Plan Width": 4, "Sort Key": ["catalog_sales.cs_call_center_sk"], "Plans": [{"Node Type": "Merge Join", "Parent Relationship": "Outer", "Parallel Aware": false, "Async Capable": false, "Join Type": "Inner", "Startup Cost": 10002564142.68, "Total Cost": 10002565261.55, "Plan Rows": 74127, "Plan Width": 4, "Inner Unique": true, "Merge Cond": "(catalog_sales.cs_ship_mode_sk = ship_mode.sm_ship_mode_sk)", "Plans": [{"Node Type": "Sort", "Parent Relationship": "Outer", "Parallel Aware": false, "Async Capable": false, "Startup Cost": 10002564142.54, "Total Cost": 10002564327.86, "Plan Rows": 74127, "Plan Width": 8, "Sort Key": ["catalog_sales.cs_ship_mode_sk"], "Plans": [{"Node Type": "Merge Join", "Parent Relationship": "Outer", "Parallel Aware": false, "Async Capable": false, "Join Type": "Inner", "Startup Cost": 10002557027.75, "Total Cost": 10002558146.52, "Plan Rows": 74127, "Plan Width": 8, "Inner Unique": true, "Merge Cond": "(catalog_sales.cs_warehouse_sk = warehouse.w_warehouse_sk)", "Plans": [{"Node Type": "Sort", "Parent Relationship": "Outer", "Parallel Aware": false, "Async Capable": false, "Startup Cost": 10002557027.61, "Total Cost": 10002557212.93, "Plan Rows": 74127, "Plan Width": 12, "Sort Key": ["catalog_sales.cs_warehouse_sk"], "Plans": [{"Node Type": "Merge Join", "Parent Relationship": "Outer", "Parallel Aware": false, "Async Capable": false, "Join Type": "Inner", "Startup Cost": 10002478189.13, "Total Cost": 10002551031.59, "Plan Rows": 74127, "Plan Width": 12, "Inner Unique": true, "Merge Cond": "(catalog_sales.cs_ship_date_sk = date_dim.d_date_sk)", "Plans": [{"Node Type": "Sort", "Parent Relationship": "Outer", "Parallel Aware": false, "Async Capable": false, "Startup Cost": 10002476379.71, "Total Cost": 10002512382.91, "Plan Rows": 14401282, "Plan Width": 16, "Sort Key": ["catalog_sales.cs_ship_date_sk"], "Plans": [{"Node Type": "Seq Scan", "Parent Relationship": "Outer", "Parallel Aware": false, "Async Capable": false, "Relation Name": "catalog_sales", "Alias": "catalog_sales", "Startup Cost": 10000000000.0, "Total Cost": 10000517972.82, "Plan Rows": 14401282, "Plan Width": 16}]}, {"Node Type": "Index Scan", "Parent Relationship": "Inner", "Parallel Aware": false, "Async Capable": false, "Scan Direction": "Forward", "Index Name": "date_dim_pkey", "Relation Name": "date_dim", "Alias": "date_dim", "Startup Cost": 0.29, "Total Cost": 3696.27, "Plan Rows": 376, "Plan Width": 4, "Filter": "((d_month_seq >= 1183) AND (d_month_seq <= 1194))"}]}]}, {"Node Type": "Index Only Scan", "Parent Relationship": "Inner", "Parallel Aware": false, "Async Capable": false, "Scan Direction": "Forward", "Index Name": "warehouse_pkey", "Relation Name": "warehouse", "Alias": "warehouse", "Startup Cost": 0.14, "Total Cost": 12.29, "Plan Rows": 10, "Plan Width": 4}]}]}, {"Node Type": "Index Only Scan", "Parent Relationship": "Inner", "Parallel Aware": false, "Async Capable": false, "Scan Direction": "Forward", "Index Name": "ship_mode_pkey", "Relation Name": "ship_mode", "Alias": "ship_mode", "Startup Cost": 0.14, "Total Cost": 12.44, "Plan Rows": 20, "Plan Width": 4}]}]}, {"Node Type": "Index Only Scan", "Parent Relationship": "Inner", "Parallel Aware": false, "Async Capable": false, "Scan Direction": "Forward", "Index Name": "call_center_pkey", "Relation Name": "call_center", "Alias": "call_center", "Startup Cost": 0.14, "Total Cost": 13.5, "Plan Rows": 24, "Plan Width": 4}]}]}}, {"Plan": {"Node Type": "Aggregate", "Strategy": "Plain", "Partial Mode": "Simple", "Parallel Aware": false, "Async Capable": false, "Startup Cost": 10000884180.4, "Total Cost": 10000884180.41, "Plan Rows": 1, "Plan Width": 8, "Plans": [{"Node Type": "Nested Loop", "Parent Relationship": "Outer", "Parallel Aware": false, "Async Capable": false, "Join Type": "Inner", "Startup Cost": 10000000000.74, "Total Cost": 10000883995.08, "Plan Rows": 74127, "Plan Width": 0, "Inner Unique": true, "Plans": [{"Node Type": "Nested Loop", "Parent Relationship": "Outer", "Parallel Aware": false, "Async Capable": false, "Join Type": "Inner", "Startup Cost": 10000000000.59, "Total Cost": 10000882180.47, "Plan Rows": 74127, "Plan Width": 4, "Inner Unique": true, "Plans": [{"Node Type": "Nested Loop", "Parent Relationship": "Outer", "Parallel Aware": false, "Async Capable": false, "Join Type": "Inner", "Startup Cost": 10000000000.45, "Total Cost": 10000880374.11, "Plan Rows": 74127, "Plan Width": 8, "Inner Unique": true, "Plans": [{"Node Type": "Nested Loop", "Parent Relationship": "Outer", "Parallel Aware": false, "Async Capable": false, "Join Type": "Inner", "Startup Cost": 10000000000.3, "Total Cost": 10000878609.82, "Plan Rows": 74127, "Plan Width": 12, "Inner Unique": true, "Plans": [{"Node Type": "Seq Scan", "Parent Relationship": "Outer", "Parallel Aware": false, "Async Capable": false, "Relation Name": "catalog_sales", "Alias": "catalog_sales", "Startup Cost": 10000000000.0, "Total Cost": 10000517972.82, "Plan Rows": 14401282, "Plan Width": 16}, {"Node Type": "Memoize", "Parent Relationship": "Inner", "Parallel Aware": false, "Async Capable": false, "Startup Cost": 0.3, "Total Cost": 0.33, "Plan Rows": 1, "Plan Width": 4, "Cache Key": "catalog_sales.cs_ship_date_sk", "Cache Mode": "logical", "Plans": [{"Node Type": "Index Scan", "Parent Relationship": "Outer", "Parallel Aware": false, "Async Capable": false, "Scan Direction": "Forward", "Index Name": "date_dim_pkey", "Relation Name": "date_dim", "Alias": "date_dim", "Startup Cost": 0.29, "Total Cost": 0.32, "Plan Rows": 1, "Plan Width": 4, "Index Cond": "(d_date_sk = catalog_sales.cs_ship_date_sk)", "Filter": "((d_month_seq >= 1183) AND (d_month_seq <= 1194))"}]}]}, {"Node Type": "Memoize", "Parent Relationship": "Inner", "Parallel Aware": false, "Async Capable": false, "Startup Cost": 0.15, "Total Cost": 0.16, "Plan Rows": 1, "Plan Width": 4, "Cache Key": "catalog_sales.cs_warehouse_sk", "Cache Mode": "logical", "Plans": [{"Node Type": "Index Only Scan", "Parent Relationship": "Outer", "Parallel Aware": false, "Async Capable": false, "Scan Direction": "Forward", "Index Name": "warehouse_pkey", "Relation Name": "warehouse", "Alias": "warehouse", "Startup Cost": 0.14, "Total Cost": 0.15, "Plan Rows": 1, "Plan Width": 4, "Index Cond": "(w_warehouse_sk = catalog_sales.cs_warehouse_sk)"}]}]}, {"Node Type": "Memoize", "Parent Relationship": "Inner", "Parallel Aware": false, "Async Capable": false, "Startup Cost": 0.15, "Total Cost": 0.17, "Plan Rows": 1, "Plan Width": 4, "Cache Key": "catalog_sales.cs_ship_mode_sk", "Cache Mode": "logical", "Plans": [{"Node Type": "Index Only Scan", "Parent Relationship": "Outer", "Parallel Aware": false, "Async Capable": false, "Scan Direction": "Forward", "Index Name": "ship_mode_pkey", "Relation Name": "ship_mode", "Alias": "ship_mode", "Startup Cost": 0.14, "Total Cost": 0.16, "Plan Rows": 1, "Plan Width": 4, "Index Cond": "(sm_ship_mode_sk = catalog_sales.cs_ship_mode_sk)"}]}]}, {"Node Type": "Memoize", "Parent Relationship": "Inner", "Parallel Aware": false, "Async Capable": false, "Startup Cost": 0.15, "Total Cost": 0.17, "Plan Rows": 1, "Plan Width": 4, "Cache Key": "catalog_sales.cs_call_center_sk", "Cache Mode": "logical", "Plans": [{"Node Type": "Index Only Scan", "Parent Relationship": "Outer", "Parallel Aware": false, "Async Capable": false, "Scan Direction": "Forward", "Index Name": "call_center_pkey", "Relation Name": "call_center", "Alias": "call_center", "Startup Cost": 0.14, "Total Cost": 0.16, "Plan Rows": 1, "Plan Width": 4, "Index Cond": "(cc_call_center_sk = catalog_sales.cs_call_center_sk)"}]}]}]}}, {"Plan": {"Node Type": "Aggregate", "Strategy": "Plain", "Partial Mode": "Finalize", "Parallel Aware": false, "Async Capable": false, "Startup Cost": 460511.16, "Total Cost": 460511.17, "Plan Rows": 1, "Plan Width": 8, "Actual Rows": 1, "Actual Loops": 1, "Plans": [{"Node Type": "Gather", "Parent Relationship": "Outer", "Parallel Aware": false, "Async Capable": false, "Startup Cost": 460510.54, "Total Cost": 460511.15, "Plan Rows": 6, "Plan Width": 8, "Actual Rows": 7, "Actual Loops": 1, "Workers Planned": 6, "Workers Launched": 6, "Single Copy": false, "Plans": [{"Node Type": "Aggregate", "Strategy": "Plain", "Partial Mode": "Partial", "Parent Relationship": "Outer", "Parallel Aware": false, "Async Capable": false, "Startup Cost": 459510.54, "Total Cost": 459510.55, "Plan Rows": 1, "Plan Width": 8, "Actual Rows": 1, "Actual Loops": 7, "Workers": [], "Plans": [{"Node Type": "Nested Loop", "Parent Relationship": "Outer", "Parallel Aware": false, "Async Capable": false, "Join Type": "Inner", "Startup Cost": 0.74, "Total Cost": 459479.65, "Plan Rows": 12354, "Plan Width": 0, "Actual Rows": 405246, "Actual Loops": 7, "Inner Unique": true, "Workers": [], "Plans": [{"Node Type": "Nested Loop", "Parent Relationship": "Outer", "Parallel Aware": false, "Async Capable": false, "Join Type": "Inner", "Startup Cost": 0.59, "Total Cost": 459174.01, "Plan Rows": 12354, "Plan Width": 4, "Actual Rows": 405494, "Actual Loops": 7, "Inner Unique": true, "Workers": [], "Plans": [{"Node Type": "Nested Loop", "Parent Relationship": "Outer", "Parallel Aware": false, "Async Capable": false, "Join Type": "Inner", "Startup Cost": 0.45, "Total Cost": 458870.28, "Plan Rows": 12354, "Plan Width": 8, "Actual Rows": 406007, "Actual Loops": 7, "Inner Unique": true, "Workers": [], "Plans": [{"Node Type": "Nested Loop", "Parent Relationship": "Outer", "Parallel Aware": false, "Async Capable": false, "Join Type": "Inner", "Startup Cost": 0.3, "Total Cost": 458574.86, "Plan Rows": 12354, "Plan Width": 12, "Actual Rows": 407027, "Actual Loops": 7, "Inner Unique": true, "Workers": [], "Plans": [{"Node Type": "Seq Scan", "Parent Relationship": "Outer", "Parallel Aware": true, "Async Capable": false, "Relation Name": "catalog_sales", "Alias": "catalog_sales", "Startup Cost": 0.0, "Total Cost": 397962.14, "Plan Rows": 2400214, "Plan Width": 16, "Actual Rows": 2057323, "Actual Loops": 7, "Workers": []}, {"Node Type": "Memoize", "Parent Relationship": "Inner", "Parallel Aware": false, "Async Capable": false, "Startup Cost": 0.3, "Total Cost": 0.33, "Plan Rows": 1, "Plan Width": 4, "Actual Rows": 0, "Actual Loops": 14401261, "Cache Key": "catalog_sales.cs_ship_date_sk", "Cache Mode": "logical", "Cache Hits": 2127466, "Cache Misses": 1928, "Cache Evictions": 0, "Cache Overflows": 0, "Peak Memory Usage": 141, "Workers": [{"Worker Number": 0, "Cache Hits": 2124902, "Cache Misses": 1916, "Cache Evictions": 0, "Cache Overflows": 0, "Peak Memory Usage": 141}, {"Worker Number": 1, "Cache Hits": 1866820, "Cache Misses": 1909, "Cache Evictions": 0, "Cache Overflows": 0, "Peak Memory Usage": 140}, {"Worker Number": 2, "Cache Hits": 2140082, "Cache Misses": 1913, "Cache Evictions": 0, "Cache Overflows": 0, "Peak Memory Usage": 140}, {"Worker Number": 3, "Cache Hits": 1835186, "Cache Misses": 1922, "Cache Evictions": 0, "Cache Overflows": 0, "Peak Memory Usage": 141}, {"Worker Number": 4, "Cache Hits": 2134779, "Cache Misses": 1918, "Cache Evictions": 0, "Cache Overflows": 0, "Peak Memory Usage": 141}, {"Worker Number": 5, "Cache Hits": 2158600, "Cache Misses": 1920, "Cache Evictions": 0, "Cache Overflows": 0, "Peak Memory Usage": 141}], "Plans": [{"Node Type": "Index Scan", "Parent Relationship": "Outer", "Parallel Aware": false, "Async Capable": false, "Scan Direction": "Forward", "Index Name": "date_dim_pkey", "Relation Name": "date_dim", "Alias": "date_dim", "Startup Cost": 0.29, "Total Cost": 0.32, "Plan Rows": 1, "Plan Width": 4, "Actual Rows": 0, "Actual Loops": 13426, "Index Cond": "(d_date_sk = catalog_sales.cs_ship_date_sk)", "Rows Removed by Index Recheck": 0, "Filter": "((d_month_seq >= 1183) AND (d_month_seq <= 1194))", "Rows Removed by Filter": 1, "Workers": []}]}]}, {"Node Type": "Memoize", "Parent Relationship": "Inner", "Parallel Aware": false, "Async Capable": false, "Startup Cost": 0.15, "Total Cost": 0.16, "Plan Rows": 1, "Plan Width": 4, "Actual Rows": 1, "Actual Loops": 2849191, "Cache Key": "catalog_sales.cs_warehouse_sk", "Cache Mode": "logical", "Cache Hits": 438029, "Cache Misses": 11, "Cache Evictions": 0, "Cache Overflows": 0, "Peak Memory Usage": 2, "Workers": [{"Worker Number": 0, "Cache Hits": 407134, "Cache Misses": 11, "Cache Evictions": 0, "Cache Overflows": 0, "Peak Memory Usage": 2}, {"Worker Number": 1, "Cache Hits": 388312, "Cache Misses": 11, "Cache Evictions": 0, "Cache Overflows": 0, "Peak Memory Usage": 2}, {"Worker Number": 2, "Cache Hits": 409939, "Cache Misses": 11, "Cache Evictions": 0, "Cache Overflows": 0, "Peak Memory Usage": 2}, {"Worker Number": 3, "Cache Hits": 386950, "Cache Misses": 11, "Cache Evictions": 0, "Cache Overflows": 0, "Peak Memory Usage": 2}, {"Worker Number": 4, "Cache Hits": 409397, "Cache Misses": 11, "Cache Evictions": 0, "Cache Overflows": 0, "Peak Memory Usage": 2}, {"Worker Number": 5, "Cache Hits": 409353, "Cache Misses": 11, "Cache Evictions": 0, "Cache Overflows": 0, "Peak Memory Usage": 2}], "Plans": [{"Node Type": "Index Only Scan", "Parent Relationship": "Outer", "Parallel Aware": false, "Async Capable": false, "Scan Direction": "Forward", "Index Name": "warehouse_pkey", "Relation Name": "warehouse", "Alias": "warehouse", "Startup Cost": 0.14, "Total Cost": 0.15, "Plan Rows": 1, "Plan Width": 4, "Actual Rows": 1, "Actual Loops": 77, "Index Cond": "(w_warehouse_sk = catalog_sales.cs_warehouse_sk)", "Rows Removed by Index Recheck": 0, "Heap Fetches": 70, "Workers": []}]}]}, {"Node Type": "Memoize", "Parent Relationship": "Inner", "Parallel Aware": false, "Async Capable": false, "Startup Cost": 0.15, "Total Cost": 0.17, "Plan Rows": 1, "Plan Width": 4, "Actual Rows": 1, "Actual Loops": 2842046, "Cache Key": "catalog_sales.cs_ship_mode_sk", "Cache Mode": "logical", "Cache Hits": 436890, "Cache Misses": 21, "Cache Evictions": 0, "Cache Overflows": 0, "Peak Memory Usage": 3, "Workers": [{"Worker Number": 0, "Cache Hits": 406114, "Cache Misses": 21, "Cache Evictions": 0, "Cache Overflows": 0, "Peak Memory Usage": 3}, {"Worker Number": 1, "Cache Hits": 387281, "Cache Misses": 21, "Cache Evictions": 0, "Cache Overflows": 0, "Peak Memory Usage": 3}, {"Worker Number": 2, "Cache Hits": 408896, "Cache Misses": 21, "Cache Evictions": 0, "Cache Overflows": 0, "Peak Memory Usage": 3}, {"Worker Number": 3, "Cache Hits": 385991, "Cache Misses": 21, "Cache Evictions": 0, "Cache Overflows": 0, "Peak Memory Usage": 3}, {"Worker Number": 4, "Cache Hits": 408371, "Cache Misses": 21, "Cache Evictions": 0, "Cache Overflows": 0, "Peak Memory Usage": 3}, {"Worker Number": 5, "Cache Hits": 408356, "Cache Misses": 21, "Cache Evictions": 0, "Cache Overflows": 0, "Peak Memory Usage": 3}], "Plans": [{"Node Type": "Index Only Scan", "Parent Relationship": "Outer", "Parallel Aware": false, "Async Capable": false, "Scan Direction": "Forward", "Index Name": "ship_mode_pkey", "Relation Name": "ship_mode", "Alias": "ship_mode", "Startup Cost": 0.14, "Total Cost": 0.16, "Plan Rows": 1, "Plan Width": 4, "Actual Rows": 1, "Actual Loops": 147, "Index Cond": "(sm_ship_mode_sk = catalog_sales.cs_ship_mode_sk)", "Rows Removed by Index Recheck": 0, "Heap Fetches": 140, "Workers": []}]}]}, {"Node Type": "Memoize", "Parent Relationship": "Inner", "Parallel Aware": false, "Async Capable": false, "Startup Cost": 0.15, "Total Cost": 0.17, "Plan Rows": 1, "Plan Width": 4, "Actual Rows": 1, "Actual Loops": 2838460, "Cache Key": "catalog_sales.cs_call_center_sk", "Cache Mode": "logical", "Cache Hits": 436353, "Cache Misses": 13, "Cache Evictions": 0, "Cache Overflows": 0, "Peak Memory Usage": 2, "Workers": [{"Worker Number": 0, "Cache Hits": 405605, "Cache Misses": 13, "Cache Evictions": 0, "Cache Overflows": 0, "Peak Memory Usage": 2}, {"Worker Number": 1, "Cache Hits": 386793, "Cache Misses": 13, "Cache Evictions": 0, "Cache Overflows": 0, "Peak Memory Usage": 2}, {"Worker Number": 2, "Cache Hits": 408392, "Cache Misses": 13, "Cache Evictions": 0, "Cache Overflows": 0, "Peak Memory Usage": 2}, {"Worker Number": 3, "Cache Hits": 385534, "Cache Misses": 13, "Cache Evictions": 0, "Cache Overflows": 0, "Peak Memory Usage": 2}, {"Worker Number": 4, "Cache Hits": 407867, "Cache Misses": 13, "Cache Evictions": 0, "Cache Overflows": 0, "Peak Memory Usage": 2}, {"Worker Number": 5, "Cache Hits": 407825, "Cache Misses": 13, "Cache Evictions": 0, "Cache Overflows": 0, "Peak Memory Usage": 2}], "Plans": [{"Node Type": "Index Only Scan", "Parent Relationship": "Outer", "Parallel Aware": false, "Async Capable": false, "Scan Direction": "Forward", "Index Name": "call_center_pkey", "Relation Name": "call_center", "Alias": "call_center", "Startup Cost": 0.14, "Total Cost": 0.16, "Plan Rows": 1, "Plan Width": 4, "Actual Rows": 1, "Actual Loops": 91, "Index Cond": "(cc_call_center_sk = catalog_sales.cs_call_center_sk)", "Rows Removed by Index Recheck": 0, "Heap Fetches": 84, "Workers": []}]}]}]}]}]}, "Planning Time": 1.418, "Triggers": [], "Execution Time": 1126.315}, {"Plan": {"Node Type": "Aggregate", "Strategy": "Plain", "Partial Mode": "Finalize", "Parallel Aware": false, "Async Capable": false, "Startup Cost": 671091.99, "Total Cost": 671092.0, "Plan Rows": 1, "Plan Width": 8, "Actual Rows": 1, "Actual Loops": 1, "Plans": [{"Node Type": "Gather", "Parent Relationship": "Outer", "Parallel Aware": false, "Async Capable": false, "Startup Cost": 671091.37, "Total Cost": 671091.98, "Plan Rows": 6, "Plan Width": 8, "Actual Rows": 7, "Actual Loops": 1, "Workers Planned": 6, "Workers Launched": 6, "Single Copy": false, "Plans": [{"Node Type": "Aggregate", "Strategy": "Plain", "Partial Mode": "Partial", "Parent Relationship": "Outer", "Parallel Aware": false, "Async Capable": false, "Startup Cost": 670091.37, "Total Cost": 670091.38, "Plan Rows": 1, "Plan Width": 8, "Actual Rows": 1, "Actual Loops": 7, "Workers": [], "Plans": [{"Node Type": "Merge Join", "Parent Relationship": "Outer", "Parallel Aware": false, "Async Capable": false, "Join Type": "Inner", "Startup Cost": 669875.94, "Total Cost": 670060.48, "Plan Rows": 12354, "Plan Width": 0, "Actual Rows": 405246, "Actual Loops": 7, "Inner Unique": true, "Merge Cond": "(catalog_sales.cs_call_center_sk = call_center.cc_call_center_sk)", "Workers": [], "Plans": [{"Node Type": "Sort", "Parent Relationship": "Outer", "Parallel Aware": false, "Async Capable": false, "Startup Cost": 669873.15, "Total Cost": 669904.03, "Plan Rows": 12354, "Plan Width": 4, "Actual Rows": 405247, "Actual Loops": 7, "Sort Key": ["catalog_sales.cs_call_center_sk"], "Sort Method": "quicksort", "Sort Space Used": 12289, "Sort Space Type": "Memory", "Workers": [{"Worker Number": 0, "Sort Method": "quicksort", "Sort Space Used": 12289, "Sort Space Type": "Memory"}, {"Worker Number": 1, "Sort Method": "quicksort", "Sort Space Used": 12289, "Sort Space Type": "Memory"}, {"Worker Number": 2, "Sort Method": "quicksort", "Sort Space Used": 12289, "Sort Space Type": "Memory"}, {"Worker Number": 3, "Sort Method": "quicksort", "Sort Space Used": 12289, "Sort Space Type": "Memory"}, {"Worker Number": 4, "Sort Method": "quicksort", "Sort Space Used": 12289, "Sort Space Type": "Memory"}, {"Worker Number": 5, "Sort Method": "quicksort", "Sort Space Used": 12289, "Sort Space Type": "Memory"}], "Plans": [{"Node Type": "Merge Join", "Parent Relationship": "Outer", "Parallel Aware": false, "Async Capable": false, "Join Type": "Inner", "Startup Cost": 668849.02, "Total Cost": 669033.53, "Plan Rows": 12354, "Plan Width": 4, "Actual Rows": 405494, "Actual Loops": 7, "Inner Unique": true, "Merge Cond": "(catalog_sales.cs_ship_mode_sk = ship_mode.sm_ship_mode_sk)", "Workers": [], "Plans": [{"Node Type": "Sort", "Parent Relationship": "Outer", "Parallel Aware": false, "Async Capable": false, "Startup Cost": 668847.38, "Total Cost": 668878.27, "Plan Rows": 12354, "Plan Width": 8, "Actual Rows": 405495, "Actual Loops": 7, "Sort Key": ["catalog_sales.cs_ship_mode_sk"], "Sort Method": "quicksort", "Sort Space Used": 26189, "Sort Space Type": "Memory", "Workers": [{"Worker Number": 0, "Sort Method": "quicksort", "Sort Space Used": 23232, "Sort Space Type": "Memory"}, {"Worker Number": 1, "Sort Method": "quicksort", "Sort Space Used": 25705, "Sort Space Type": "Memory"}, {"Worker Number": 2, "Sort Method": "quicksort", "Sort Space Used": 25587, "Sort Space Type": "Memory"}, {"Worker Number": 3, "Sort Method": "quicksort", "Sort Space Used": 22882, "Sort Space Type": "Memory"}, {"Worker Number": 4, "Sort Method": "quicksort", "Sort Space Used": 25477, "Sort Space Type": "Memory"}, {"Worker Number": 5, "Sort Method": "quicksort", "Sort Space Used": 25748, "Sort Space Type": "Memory"}], "Plans": [{"Node Type": "Merge Join", "Parent Relationship": "Outer", "Parallel Aware": false, "Async Capable": false, "Join Type": "Inner", "Startup Cost": 667823.29, "Total Cost": 668007.76, "Plan Rows": 12354, "Plan Width": 8, "Actual Rows": 406007, "Actual Loops": 7, "Inner Unique": true, "Merge Cond": "(catalog_sales.cs_warehouse_sk = warehouse.w_warehouse_sk)", "Workers": [], "Plans": [{"Node Type": "Sort", "Parent Relationship": "Outer", "Parallel Aware": false, "Async Capable": false, "Startup Cost": 667822.02, "Total Cost": 667852.91, "Plan Rows": 12354, "Plan Width": 12, "Actual Rows": 406008, "Actual Loops": 7, "Sort Key": ["catalog_sales.cs_warehouse_sk"], "Sort Method": "quicksort", "Sort Space Used": 29693, "Sort Space Type": "Memory", "Workers": [{"Worker Number": 0, "Sort Method": "quicksort", "Sort Space Used": 25989, "Sort Space Type": "Memory"}, {"Worker Number": 1, "Sort Method": "quicksort", "Sort Space Used": 29086, "Sort Space Type": "Memory"}, {"Worker Number": 2, "Sort Method": "quicksort", "Sort Space Used": 28940, "Sort Space Type": "Memory"}, {"Worker Number": 3, "Sort Method": "quicksort", "Sort Space Used": 25552, "Sort Space Type": "Memory"}, {"Worker Number": 4, "Sort Method": "quicksort", "Sort Space Used": 28802, "Sort Space Type": "Memory"}, {"Worker Number": 5, "Sort Method": "quicksort", "Sort Space Used": 29142, "Sort Space Type": "Memory"}], "Plans": [{"Node Type": "Merge Join", "Parent Relationship": "Outer", "Parallel Aware": false, "Async Capable": false, "Join Type": "Inner", "Startup Cost": 654858.33, "Total Cost": 666982.4, "Plan Rows": 12354, "Plan Width": 12, "Actual Rows": 407027, "Actual Loops": 7, "Inner Unique": true, "Merge Cond": "(catalog_sales.cs_ship_date_sk = date_dim.d_date_sk)", "Workers": [], "Plans": [{"Node Type": "Sort", "Parent Relationship": "Outer", "Parallel Aware": false, "Async Capable": false, "Startup Cost": 652321.59, "Total Cost": 658322.13, "Plan Rows": 2400214, "Plan Width": 16, "Actual Rows": 514170, "Actual Loops": 7, "Sort Key": ["catalog_sales.cs_ship_date_sk"], "Sort Method": "quicksort", "Sort Space Used": 154752, "Sort Space Type": "Memory", "Workers": [{"Worker Number": 0, "Sort Method": "quicksort", "Sort Space Used": 120384, "Sort Space Type": "Memory"}, {"Worker Number": 1, "Sort Method": "quicksort", "Sort Space Used": 157699, "Sort Space Type": "Memory"}, {"Worker Number": 2, "Sort Method": "quicksort", "Sort Space Used": 157221, "Sort Space Type": "Memory"}, {"Worker Number": 3, "Sort Method": "quicksort", "Sort Space Used": 118802, "Sort Space Type": "Memory"}, {"Worker Number": 4, "Sort Method": "quicksort", "Sort Space Used": 157145, "Sort Space Type": "Memory"}, {"Worker Number": 5, "Sort Method": "quicksort", "Sort Space Used": 156846, "Sort Space Type": "Memory"}], "Plans": [{"Node Type": "Seq Scan", "Parent Relationship": "Outer", "Parallel Aware": true, "Async Capable": false, "Relation Name": "catalog_sales", "Alias": "catalog_sales", "Startup Cost": 0.0, "Total Cost": 397962.14, "Plan Rows": 2400214, "Plan Width": 16, "Actual Rows": 2057323, "Actual Loops": 7, "Workers": []}]}, {"Node Type": "Sort", "Parent Relationship": "Inner", "Parallel Aware": false, "Async Capable": false, "Startup Cost": 2535.82, "Total Cost": 2536.76, "Plan Rows": 376, "Plan Width": 4, "Actual Rows": 365, "Actual Loops": 7, "Sort Key": ["date_dim.d_date_sk"], "Sort Method": "quicksort", "Sort Space Used": 25, "Sort Space Type": "Memory", "Workers": [{"Worker Number": 0, "Sort Method": "quicksort", "Sort Space Used": 25, "Sort Space Type": "Memory"}, {"Worker Number": 1, "Sort Method": "quicksort", "Sort Space Used": 25, "Sort Space Type": "Memory"}, {"Worker Number": 2, "Sort Method": "quicksort", "Sort Space Used": 25, "Sort Space Type": "Memory"}, {"Worker Number": 3, "Sort Method": "quicksort", "Sort Space Used": 25, "Sort Space Type": "Memory"}, {"Worker Number": 4, "Sort Method": "quicksort", "Sort Space Used": 25, "Sort Space Type": "Memory"}, {"Worker Number": 5, "Sort Method": "quicksort", "Sort Space Used": 25, "Sort Space Type": "Memory"}], "Plans": [{"Node Type": "Seq Scan", "Parent Relationship": "Outer", "Parallel Aware": false, "Async Capable": false, "Relation Name": "date_dim", "Alias": "date_dim", "Startup Cost": 0.0, "Total Cost": 2519.73, "Plan Rows": 376, "Plan Width": 4, "Actual Rows": 365, "Actual Loops": 7, "Filter": "((d_month_seq >= 1183) AND (d_month_seq <= 1194))", "Rows Removed by Filter": 72684, "Workers": []}]}]}]}, {"Node Type": "Sort", "Parent Relationship": "Inner", "Parallel Aware": false, "Async Capable": false, "Startup Cost": 1.27, "Total Cost": 1.29, "Plan Rows": 10, "Plan Width": 4, "Actual Rows": 10, "Actual Loops": 7, "Sort Key": ["warehouse.w_warehouse_sk"], "Sort Method": "quicksort", "Sort Space Used": 25, "Sort Space Type": "Memory", "Workers": [{"Worker Number": 0, "Sort Method": "quicksort", "Sort Space Used": 25, "Sort Space Type": "Memory"}, {"Worker Number": 1, "Sort Method": "quicksort", "Sort Space Used": 25, "Sort Space Type": "Memory"}, {"Worker Number": 2, "Sort Method": "quicksort", "Sort Space Used": 25, "Sort Space Type": "Memory"}, {"Worker Number": 3, "Sort Method": "quicksort", "Sort Space Used": 25, "Sort Space Type": "Memory"}, {"Worker Number": 4, "Sort Method": "quicksort", "Sort Space Used": 25, "Sort Space Type": "Memory"}, {"Worker Number": 5, "Sort Method": "quicksort", "Sort Space Used": 25, "Sort Space Type": "Memory"}], "Plans": [{"Node Type": "Seq Scan", "Parent Relationship": "Outer", "Parallel Aware": false, "Async Capable": false, "Relation Name": "warehouse", "Alias": "warehouse", "Startup Cost": 0.0, "Total Cost": 1.1, "Plan Rows": 10, "Plan Width": 4, "Actual Rows": 10, "Actual Loops": 7, "Workers": []}]}]}]}, {"Node Type": "Sort", "Parent Relationship": "Inner", "Parallel Aware": false, "Async Capable": false, "Startup Cost": 1.63, "Total Cost": 1.68, "Plan Rows": 20, "Plan Width": 4, "Actual Rows": 20, "Actual Loops": 7, "Sort Key": ["ship_mode.sm_ship_mode_sk"], "Sort Method": "quicksort", "Sort Space Used": 25, "Sort Space Type": "Memory", "Workers": [{"Worker Number": 0, "Sort Method": "quicksort", "Sort Space Used": 25, "Sort Space Type": "Memory"}, {"Worker Number": 1, "Sort Method": "quicksort", "Sort Space Used": 25, "Sort Space Type": "Memory"}, {"Worker Number": 2, "Sort Method": "quicksort", "Sort Space Used": 25, "Sort Space Type": "Memory"}, {"Worker Number": 3, "Sort Method": "quicksort", "Sort Space Used": 25, "Sort Space Type": "Memory"}, {"Worker Number": 4, "Sort Method": "quicksort", "Sort Space Used": 25, "Sort Space Type": "Memory"}, {"Worker Number": 5, "Sort Method": "quicksort", "Sort Space Used": 25, "Sort Space Type": "Memory"}], "Plans": [{"Node Type": "Seq Scan", "Parent Relationship": "Outer", "Parallel Aware": false, "Async Capable": false, "Relation Name": "ship_mode", "Alias": "ship_mode", "Startup Cost": 0.0, "Total Cost": 1.2, "Plan Rows": 20, "Plan Width": 4, "Actual Rows": 20, "Actual Loops": 7, "Workers": []}]}]}]}, {"Node Type": "Sort", "Parent Relationship": "Inner", "Parallel Aware": false, "Async Capable": false, "Startup Cost": 2.79, "Total Cost": 2.85, "Plan Rows": 24, "Plan Width": 4, "Actual Rows": 22, "Actual Loops": 7, "Sort Key": ["call_center.cc_call_center_sk"], "Sort Method": "quicksort", "Sort Space Used": 25, "Sort Space Type": "Memory", "Workers": [{"Worker Number": 0, "Sort Method": "quicksort", "Sort Space Used": 25, "Sort Space Type": "Memory"}, {"Worker Number": 1, "Sort Method": "quicksort", "Sort Space Used": 25, "Sort Space Type": "Memory"}, {"Worker Number": 2, "Sort Method": "quicksort", "Sort Space Used": 25, "Sort Space Type": "Memory"}, {"Worker Number": 3, "Sort Method": "quicksort", "Sort Space Used": 25, "Sort Space Type": "Memory"}, {"Worker Number": 4, "Sort Method": "quicksort", "Sort Space Used": 25, "Sort Space Type": "Memory"}, {"Worker Number": 5, "Sort Method": "quicksort", "Sort Space Used": 25, "Sort Space Type": "Memory"}], "Plans": [{"Node Type": "Seq Scan", "Parent Relationship": "Outer", "Parallel Aware": false, "Async Capable": false, "Relation Name": "call_center", "Alias": "call_center", "Startup Cost": 0.0, "Total Cost": 2.24, "Plan Rows": 24, "Plan Width": 4, "Actual Rows": 24, "Actual Loops": 7, "Workers": []}]}]}]}]}]}, "Planning Time": 1.333, "Triggers": [], "Execution Time": 1674.753}, {"Plan": {"Node Type": "Aggregate", "Strategy": "Plain", "Partial Mode": "Simple", "Parallel Aware": false, "Async Capable": false, "Startup Cost": 50000892110.47, "Total Cost": 50000892110.48, "Plan Rows": 1, "Plan Width": 8, "Plans": [{"Node Type": "Nested Loop", "Parent Relationship": "Outer", "Parallel Aware": false, "Async Capable": false, "Join Type": "Inner", "Startup Cost": 50000000000.77, "Total Cost": 50000891925.16, "Plan Rows": 74127, "Plan Width": 0, "Inner Unique": true, "Plans": [{"Node Type": "Nested Loop", "Parent Relationship": "Outer", "Parallel Aware": false, "Async Capable": false, "Join Type": "Inner", "Startup Cost": 40000000000.62, "Total Cost": 40000890014.14, "Plan Rows": 74127, "Plan Width": 4, "Inner Unique": true, "Plans": [{"Node Type": "Nested Loop", "Parent Relationship": "Outer", "Parallel Aware": false, "Async Capable": false, "Join Type": "Inner", "Startup Cost": 30000000000.46, "Total Cost": 30000888127.32, "Plan Rows": 74127, "Plan Width": 8, "Inner Unique": true, "Plans": [{"Node Type": "Nested Loop", "Parent Relationship": "Outer", "Parallel Aware": false, "Async Capable": false, "Join Type": "Inner", "Startup Cost": 20000000000.31, "Total Cost": 20000886322.25, "Plan Rows": 74127, "Plan Width": 12, "Inner Unique": true, "Plans": [{"Node Type": "Seq Scan", "Parent Relationship": "Outer", "Parallel Aware": false, "Async Capable": false, "Relation Name": "catalog_sales", "Alias": "catalog_sales", "Startup Cost": 10000000000.0, "Total Cost": 10000517972.82, "Plan Rows": 14401282, "Plan Width": 16}, {"Node Type": "Memoize", "Parent Relationship": "Inner", "Parallel Aware": false, "Async Capable": false, "Startup Cost": 0.31, "Total Cost": 4.33, "Plan Rows": 1, "Plan Width": 4, "Cache Key": "catalog_sales.cs_ship_date_sk", "Cache Mode": "logical", "Plans": [{"Node Type": "Bitmap Heap Scan", "Parent Relationship": "Outer", "Parallel Aware": false, "Async Capable": false, "Relation Name": "date_dim", "Alias": "date_dim", "Startup Cost": 0.3, "Total Cost": 4.32, "Plan Rows": 1, "Plan Width": 4, "Recheck Cond": "(d_date_sk = catalog_sales.cs_ship_date_sk)", "Filter": "((d_month_seq >= 1183) AND (d_month_seq <= 1194))", "Plans": [{"Node Type": "Bitmap Index Scan", "Parent Relationship": "Outer", "Parallel Aware": false, "Async Capable": false, "Index Name": "date_dim_pkey", "Startup Cost": 0.0, "Total Cost": 0.3, "Plan Rows": 1, "Plan Width": 0, "Index Cond": "(d_date_sk = catalog_sales.cs_ship_date_sk)"}]}]}]}, {"Node Type": "Memoize", "Parent Relationship": "Inner", "Parallel Aware": false, "Async Capable": false, "Startup Cost": 0.15, "Total Cost": 4.17, "Plan Rows": 1, "Plan Width": 4, "Cache Key": "catalog_sales.cs_warehouse_sk", "Cache Mode": "logical", "Plans": [{"Node Type": "Bitmap Heap Scan", "Parent Relationship": "Outer", "Parallel Aware": false, "Async Capable": false, "Relation Name": "warehouse", "Alias": "warehouse", "Startup Cost": 0.14, "Total Cost": 4.16, "Plan Rows": 1, "Plan Width": 4, "Recheck Cond": "(w_warehouse_sk = catalog_sales.cs_warehouse_sk)", "Plans": [{"Node Type": "Bitmap Index Scan", "Parent Relationship": "Outer", "Parallel Aware": false, "Async Capable": false, "Index Name": "warehouse_pkey", "Startup Cost": 0.0, "Total Cost": 0.14, "Plan Rows": 1, "Plan Width": 0, "Index Cond": "(w_warehouse_sk = catalog_sales.cs_warehouse_sk)"}]}]}]}, {"Node Type": "Memoize", "Parent Relationship": "Inner", "Parallel Aware": false, "Async Capable": false, "Startup Cost": 0.16, "Total Cost": 4.17, "Plan Rows": 1, "Plan Width": 4, "Cache Key": "catalog_sales.cs_ship_mode_sk", "Cache Mode": "logical", "Plans": [{"Node Type": "Bitmap Heap Scan", "Parent Relationship": "Outer", "Parallel Aware": false, "Async Capable": false, "Relation Name": "ship_mode", "Alias": "ship_mode", "Startup Cost": 0.15, "Total Cost": 4.16, "Plan Rows": 1, "Plan Width": 4, "Recheck Cond": "(sm_ship_mode_sk = catalog_sales.cs_ship_mode_sk)", "Plans": [{"Node Type": "Bitmap Index Scan", "Parent Relationship": "Outer", "Parallel Aware": false, "Async Capable": false, "Index Name": "ship_mode_pkey", "Startup Cost": 0.0, "Total Cost": 0.15, "Plan Rows": 1, "Plan Width": 0, "Index Cond": "(sm_ship_mode_sk = catalog_sales.cs_ship_mode_sk)"}]}]}]}, {"Node Type": "Memoize", "Parent Relationship": "Inner", "Parallel Aware": false, "Async Capable": false, "Startup Cost": 0.16, "Total Cost": 4.17, "Plan Rows": 1, "Plan Width": 4, "Cache Key": "catalog_sales.cs_call_center_sk", "Cache Mode": "logical", "Plans": [{"Node Type": "Bitmap Heap Scan", "Parent Relationship": "Outer", "Parallel Aware": false, "Async Capable": false, "Relation Name": "call_center", "Alias": "call_center", "Startup Cost": 0.15, "Total Cost": 4.16, "Plan Rows": 1, "Plan Width": 4, "Recheck Cond": "(cc_call_center_sk = catalog_sales.cs_call_center_sk)", "Plans": [{"Node Type": "Bitmap Index Scan", "Parent Relationship": "Outer", "Parallel Aware": false, "Async Capable": false, "Index Name": "call_center_pkey", "Startup Cost": 0.0, "Total Cost": 0.15, "Plan Rows": 1, "Plan Width": 0, "Index Cond": "(cc_call_center_sk = catalog_sales.cs_call_center_sk)"}]}]}]}]}}, {"Plan": {"Node Type": "Aggregate", "Strategy": "Plain", "Partial Mode": "Finalize", "Parallel Aware": false, "Async Capable": false, "Startup Cost": 468441.22, "Total Cost": 468441.23, "Plan Rows": 1, "Plan Width": 8, "Actual Rows": 1, "Actual Loops": 1, "Plans": [{"Node Type": "Gather", "Parent Relationship": "Outer", "Parallel Aware": false, "Async Capable": false, "Startup Cost": 468440.6, "Total Cost": 468441.21, "Plan Rows": 6, "Plan Width": 8, "Actual Rows": 7, "Actual Loops": 1, "Workers Planned": 6, "Workers Launched": 6, "Single Copy": false, "Plans": [{"Node Type": "Aggregate", "Strategy": "Plain", "Partial Mode": "Partial", "Parent Relationship": "Outer", "Parallel Aware": false, "Async Capable": false, "Startup Cost": 467440.6, "Total Cost": 467440.61, "Plan Rows": 1, "Plan Width": 8, "Actual Rows": 1, "Actual Loops": 7, "Workers": [], "Plans": [{"Node Type": "Nested Loop", "Parent Relationship": "Outer", "Parallel Aware": false, "Async Capable": false, "Join Type": "Inner", "Startup Cost": 0.77, "Total Cost": 467409.71, "Plan Rows": 12354, "Plan Width": 0, "Actual Rows": 405246, "Actual Loops": 7, "Inner Unique": true, "Workers": [], "Plans": [{"Node Type": "Nested Loop", "Parent Relationship": "Outer", "Parallel Aware": false, "Async Capable": false, "Join Type": "Inner", "Startup Cost": 0.62, "Total Cost": 467007.67, "Plan Rows": 12354, "Plan Width": 4, "Actual Rows": 405494, "Actual Loops": 7, "Inner Unique": true, "Workers": [], "Plans": [{"Node Type": "Nested Loop", "Parent Relationship": "Outer", "Parallel Aware": false, "Async Capable": false, "Join Type": "Inner", "Startup Cost": 0.46, "Total Cost": 466623.48, "Plan Rows": 12354, "Plan Width": 8, "Actual Rows": 406007, "Actual Loops": 7, "Inner Unique": true, "Workers": [], "Plans": [{"Node Type": "Nested Loop", "Parent Relationship": "Outer", "Parallel Aware": false, "Async Capable": false, "Join Type": "Inner", "Startup Cost": 0.31, "Total Cost": 466287.29, "Plan Rows": 12354, "Plan Width": 12, "Actual Rows": 407027, "Actual Loops": 7, "Inner Unique": true, "Workers": [], "Plans": [{"Node Type": "Seq Scan", "Parent Relationship": "Outer", "Parallel Aware": true, "Async Capable": false, "Relation Name": "catalog_sales", "Alias": "catalog_sales", "Startup Cost": 0.0, "Total Cost": 397962.14, "Plan Rows": 2400214, "Plan Width": 16, "Actual Rows": 2057323, "Actual Loops": 7, "Workers": []}, {"Node Type": "Memoize", "Parent Relationship": "Inner", "Parallel Aware": false, "Async Capable": false, "Startup Cost": 0.31, "Total Cost": 4.33, "Plan Rows": 1, "Plan Width": 4, "Actual Rows": 0, "Actual Loops": 14401261, "Cache Key": "catalog_sales.cs_ship_date_sk", "Cache Mode": "logical", "Cache Hits": 2157533, "Cache Misses": 1928, "Cache Evictions": 0, "Cache Overflows": 0, "Peak Memory Usage": 141, "Workers": [{"Worker Number": 0, "Cache Hits": 1911073, "Cache Misses": 1922, "Cache Evictions": 0, "Cache Overflows": 0, "Peak Memory Usage": 141}, {"Worker Number": 1, "Cache Hits": 2179083, "Cache Misses": 1911, "Cache Evictions": 0, "Cache Overflows": 0, "Peak Memory Usage": 140}, {"Worker Number": 2, "Cache Hits": 1907937, "Cache Misses": 1918, "Cache Evictions": 0, "Cache Overflows": 0, "Peak Memory Usage": 141}, {"Worker Number": 3, "Cache Hits": 1902329, "Cache Misses": 1924, "Cache Evictions": 0, "Cache Overflows": 0, "Peak Memory Usage": 141}, {"Worker Number": 4, "Cache Hits": 2165204, "Cache Misses": 1916, "Cache Evictions": 0, "Cache Overflows": 0, "Peak Memory Usage": 141}, {"Worker Number": 5, "Cache Hits": 2164670, "Cache Misses": 1913, "Cache Evictions": 0, "Cache Overflows": 0, "Peak Memory Usage": 140}], "Plans": [{"Node Type": "Bitmap Heap Scan", "Parent Relationship": "Outer", "Parallel Aware": false, "Async Capable": false, "Relation Name": "date_dim", "Alias": "date_dim", "Startup Cost": 0.3, "Total Cost": 4.32, "Plan Rows": 1, "Plan Width": 4, "Actual Rows": 0, "Actual Loops": 13432, "Recheck Cond": "(d_date_sk = catalog_sales.cs_ship_date_sk)", "Rows Removed by Index Recheck": 0, "Filter": "((d_month_seq >= 1183) AND (d_month_seq <= 1194))", "Rows Removed by Filter": 1, "Exact Heap Blocks": 1927, "Lossy Heap Blocks": 0, "Workers": [], "Plans": [{"Node Type": "Bitmap Index Scan", "Parent Relationship": "Outer", "Parallel Aware": false, "Async Capable": false, "Index Name": "date_dim_pkey", "Startup Cost": 0.0, "Total Cost": 0.3, "Plan Rows": 1, "Plan Width": 0, "Actual Rows": 1, "Actual Loops": 13432, "Index Cond": "(d_date_sk = catalog_sales.cs_ship_date_sk)", "Workers": []}]}]}]}, {"Node Type": "Memoize", "Parent Relationship": "Inner", "Parallel Aware": false, "Async Capable": false, "Startup Cost": 0.15, "Total Cost": 4.17, "Plan Rows": 1, "Plan Width": 4, "Actual Rows": 1, "Actual Loops": 2849191, "Cache Key": "catalog_sales.cs_warehouse_sk", "Cache Mode": "logical", "Cache Hits": 438785, "Cache Misses": 11, "Cache Evictions": 0, "Cache Overflows": 0, "Peak Memory Usage": 2, "Workers": [{"Worker Number": 0, "Cache Hits": 391233, "Cache Misses": 11, "Cache Evictions": 0, "Cache Overflows": 0, "Peak Memory Usage": 2}, {"Worker Number": 1, "Cache Hits": 413816, "Cache Misses": 11, "Cache Evictions": 0, "Cache Overflows": 0, "Peak Memory Usage": 2}, {"Worker Number": 2, "Cache Hits": 390946, "Cache Misses": 11, "Cache Evictions": 0, "Cache Overflows": 0, "Peak Memory Usage": 2}, {"Worker Number": 3, "Cache Hits": 388234, "Cache Misses": 11, "Cache Evictions": 0, "Cache Overflows": 0, "Peak Memory Usage": 2}, {"Worker Number": 4, "Cache Hits": 412085, "Cache Misses": 11, "Cache Evictions": 0, "Cache Overflows": 0, "Peak Memory Usage": 2}, {"Worker Number": 5, "Cache Hits": 414015, "Cache Misses": 11, "Cache Evictions": 0, "Cache Overflows": 0, "Peak Memory Usage": 2}], "Plans": [{"Node Type": "Bitmap Heap Scan", "Parent Relationship": "Outer", "Parallel Aware": false, "Async Capable": false, "Relation Name": "warehouse", "Alias": "warehouse", "Startup Cost": 0.14, "Total Cost": 4.16, "Plan Rows": 1, "Plan Width": 4, "Actual Rows": 1, "Actual Loops": 77, "Recheck Cond": "(w_warehouse_sk = catalog_sales.cs_warehouse_sk)", "Rows Removed by Index Recheck": 0, "Exact Heap Blocks": 10, "Lossy Heap Blocks": 0, "Workers": [], "Plans": [{"Node Type": "Bitmap Index Scan", "Parent Relationship": "Outer", "Parallel Aware": false, "Async Capable": false, "Index Name": "warehouse_pkey", "Startup Cost": 0.0, "Total Cost": 0.14, "Plan Rows": 1, "Plan Width": 0, "Actual Rows": 1, "Actual Loops": 77, "Index Cond": "(w_warehouse_sk = catalog_sales.cs_warehouse_sk)", "Workers": []}]}]}]}, {"Node Type": "Memoize", "Parent Relationship": "Inner", "Parallel Aware": false, "Async Capable": false, "Startup Cost": 0.16, "Total Cost": 4.17, "Plan Rows": 1, "Plan Width": 4, "Actual Rows": 1, "Actual Loops": 2842046, "Cache Key": "catalog_sales.cs_ship_mode_sk", "Cache Mode": "logical", "Cache Hits": 437714, "Cache Misses": 21, "Cache Evictions": 0, "Cache Overflows": 0, "Peak Memory Usage": 3, "Workers": [{"Worker Number": 0, "Cache Hits": 390217, "Cache Misses": 21, "Cache Evictions": 0, "Cache Overflows": 0, "Peak Memory Usage": 3}, {"Worker Number": 1, "Cache Hits": 412717, "Cache Misses": 21, "Cache Evictions": 0, "Cache Overflows": 0, "Peak Memory Usage": 3}, {"Worker Number": 2, "Cache Hits": 389984, "Cache Misses": 21, "Cache Evictions": 0, "Cache Overflows": 0, "Peak Memory Usage": 3}, {"Worker Number": 3, "Cache Hits": 387223, "Cache Misses": 21, "Cache Evictions": 0, "Cache Overflows": 0, "Peak Memory Usage": 3}, {"Worker Number": 4, "Cache Hits": 411033, "Cache Misses": 21, "Cache Evictions": 0, "Cache Overflows": 0, "Peak Memory Usage": 3}, {"Worker Number": 5, "Cache Hits": 413011, "Cache Misses": 21, "Cache Evictions": 0, "Cache Overflows": 0, "Peak Memory Usage": 3}], "Plans": [{"Node Type": "Bitmap Heap Scan", "Parent Relationship": "Outer", "Parallel Aware": false, "Async Capable": false, "Relation Name": "ship_mode", "Alias": "ship_mode", "Startup Cost": 0.15, "Total Cost": 4.16, "Plan Rows": 1, "Plan Width": 4, "Actual Rows": 1, "Actual Loops": 147, "Recheck Cond": "(sm_ship_mode_sk = catalog_sales.cs_ship_mode_sk)", "Rows Removed by Index Recheck": 0, "Exact Heap Blocks": 20, "Lossy Heap Blocks": 0, "Workers": [], "Plans": [{"Node Type": "Bitmap Index Scan", "Parent Relationship": "Outer", "Parallel Aware": false, "Async Capable": false, "Index Name": "ship_mode_pkey", "Startup Cost": 0.0, "Total Cost": 0.15, "Plan Rows": 1, "Plan Width": 0, "Actual Rows": 1, "Actual Loops": 147, "Index Cond": "(sm_ship_mode_sk = catalog_sales.cs_ship_mode_sk)", "Workers": []}]}]}]}, {"Node Type": "Memoize", "Parent Relationship": "Inner", "Parallel Aware": false, "Async Capable": false, "Startup Cost": 0.16, "Total Cost": 4.17, "Plan Rows": 1, "Plan Width": 4, "Actual Rows": 1, "Actual Loops": 2838460, "Cache Key": "catalog_sales.cs_call_center_sk", "Cache Mode": "logical", "Cache Hits": 437150, "Cache Misses": 13, "Cache Evictions": 0, "Cache Overflows": 0, "Peak Memory Usage": 2, "Workers": [{"Worker Number": 0, "Cache Hits": 389748, "Cache Misses": 13, "Cache Evictions": 0, "Cache Overflows": 0, "Peak Memory Usage": 2}, {"Worker Number": 1, "Cache Hits": 412210, "Cache Misses": 13, "Cache Evictions": 0, "Cache Overflows": 0, "Peak Memory Usage": 2}, {"Worker Number": 2, "Cache Hits": 389518, "Cache Misses": 13, "Cache Evictions": 0, "Cache Overflows": 0, "Peak Memory Usage": 2}, {"Worker Number": 3, "Cache Hits": 386708, "Cache Misses": 13, "Cache Evictions": 0, "Cache Overflows": 0, "Peak Memory Usage": 2}, {"Worker Number": 4, "Cache Hits": 410543, "Cache Misses": 13, "Cache Evictions": 0, "Cache Overflows": 0, "Peak Memory Usage": 2}, {"Worker Number": 5, "Cache Hits": 412492, "Cache Misses": 13, "Cache Evictions": 0, "Cache Overflows": 0, "Peak Memory Usage": 2}], "Plans": [{"Node Type": "Bitmap Heap Scan", "Parent Relationship": "Outer", "Parallel Aware": false, "Async Capable": false, "Relation Name": "call_center", "Alias": "call_center", "Startup Cost": 0.15, "Total Cost": 4.16, "Plan Rows": 1, "Plan Width": 4, "Actual Rows": 1, "Actual Loops": 91, "Recheck Cond": "(cc_call_center_sk = catalog_sales.cs_call_center_sk)", "Rows Removed by Index Recheck": 0, "Exact Heap Blocks": 12, "Lossy Heap Blocks": 0, "Workers": [], "Plans": [{"Node Type": "Bitmap Index Scan", "Parent Relationship": "Outer", "Parallel Aware": false, "Async Capable": false, "Index Name": "call_center_pkey", "Startup Cost": 0.0, "Total Cost": 0.15, "Plan Rows": 1, "Plan Width": 0, "Actual Rows": 1, "Actual Loops": 91, "Index Cond": "(cc_call_center_sk = catalog_sales.cs_call_center_sk)", "Workers": []}]}]}]}]}]}]}, "Planning Time": 1.749, "Triggers": [], "Execution Time": 1170.304}, {"Plan": {"Node Type": "Aggregate", "Strategy": "Plain", "Partial Mode": "Simple", "Parallel Aware": false, "Async Capable": false, "Startup Cost": 10002572563.08, "Total Cost": 10002572563.09, "Plan Rows": 1, "Plan Width": 8, "Plans": [{"Node Type": "Merge Join", "Parent Relationship": "Outer", "Parallel Aware": false, "Async Capable": false, "Join Type": "Inner", "Startup Cost": 10002571257.71, "Total Cost": 10002572377.76, "Plan Rows": 74127, "Plan Width": 0, "Inner Unique": true, "Merge Cond": "(catalog_sales.cs_call_center_sk = call_center.cc_call_center_sk)", "Plans": [{"Node Type": "Sort", "Parent Relationship": "Outer", "Parallel Aware": false, "Async Capable": false, "Startup Cost": 10002571257.58, "Total Cost": 10002571442.89, "Plan Rows": 74127, "Plan Width": 4, "Sort Key": ["catalog_sales.cs_call_center_sk"], "Plans": [{"Node Type": "Merge Join", "Parent Relationship": "Outer", "Parallel Aware": false, "Async Capable": false, "Join Type": "Inner", "Startup Cost": 10002564142.68, "Total Cost": 10002565261.55, "Plan Rows": 74127, "Plan Width": 4, "Inner Unique": true, "Merge Cond": "(catalog_sales.cs_ship_mode_sk = ship_mode.sm_ship_mode_sk)", "Plans": [{"Node Type": "Sort", "Parent Relationship": "Outer", "Parallel Aware": false, "Async Capable": false, "Startup Cost": 10002564142.54, "Total Cost": 10002564327.86, "Plan Rows": 74127, "Plan Width": 8, "Sort Key": ["catalog_sales.cs_ship_mode_sk"], "Plans": [{"Node Type": "Merge Join", "Parent Relationship": "Outer", "Parallel Aware": false, "Async Capable": false, "Join Type": "Inner", "Startup Cost": 10002557027.75, "Total Cost": 10002558146.52, "Plan Rows": 74127, "Plan Width": 8, "Inner Unique": true, "Merge Cond": "(catalog_sales.cs_warehouse_sk = warehouse.w_warehouse_sk)", "Plans": [{"Node Type": "Sort", "Parent Relationship": "Outer", "Parallel Aware": false, "Async Capable": false, "Startup Cost": 10002557027.61, "Total Cost": 10002557212.93, "Plan Rows": 74127, "Plan Width": 12, "Sort Key": ["catalog_sales.cs_warehouse_sk"], "Plans": [{"Node Type": "Merge Join", "Parent Relationship": "Outer", "Parallel Aware": false, "Async Capable": false, "Join Type": "Inner", "Startup Cost": 10002478189.13, "Total Cost": 10002551031.59, "Plan Rows": 74127, "Plan Width": 12, "Inner Unique": true, "Merge Cond": "(catalog_sales.cs_ship_date_sk = date_dim.d_date_sk)", "Plans": [{"Node Type": "Sort", "Parent Relationship": "Outer", "Parallel Aware": false, "Async Capable": false, "Startup Cost": 10002476379.71, "Total Cost": 10002512382.91, "Plan Rows": 14401282, "Plan Width": 16, "Sort Key": ["catalog_sales.cs_ship_date_sk"], "Plans": [{"Node Type": "Seq Scan", "Parent Relationship": "Outer", "Parallel Aware": false, "Async Capable": false, "Relation Name": "catalog_sales", "Alias": "catalog_sales", "Startup Cost": 10000000000.0, "Total Cost": 10000517972.82, "Plan Rows": 14401282, "Plan Width": 16}]}, {"Node Type": "Index Scan", "Parent Relationship": "Inner", "Parallel Aware": false, "Async Capable": false, "Scan Direction": "Forward", "Index Name": "date_dim_pkey", "Relation Name": "date_dim", "Alias": "date_dim", "Startup Cost": 0.29, "Total Cost": 3696.27, "Plan Rows": 376, "Plan Width": 4, "Filter": "((d_month_seq >= 1183) AND (d_month_seq <= 1194))"}]}]}, {"Node Type": "Index Scan", "Parent Relationship": "Inner", "Parallel Aware": false, "Async Capable": false, "Scan Direction": "Forward", "Index Name": "warehouse_pkey", "Relation Name": "warehouse", "Alias": "warehouse", "Startup Cost": 0.14, "Total Cost": 12.29, "Plan Rows": 10, "Plan Width": 4}]}]}, {"Node Type": "Index Scan", "Parent Relationship": "Inner", "Parallel Aware": false, "Async Capable": false, "Scan Direction": "Forward", "Index Name": "ship_mode_pkey", "Relation Name": "ship_mode", "Alias": "ship_mode", "Startup Cost": 0.14, "Total Cost": 12.44, "Plan Rows": 20, "Plan Width": 4}]}]}, {"Node Type": "Index Scan", "Parent Relationship": "Inner", "Parallel Aware": false, "Async Capable": false, "Scan Direction": "Forward", "Index Name": "call_center_pkey", "Relation Name": "call_center", "Alias": "call_center", "Startup Cost": 0.14, "Total Cost": 13.5, "Plan Rows": 24, "Plan Width": 4}]}]}}, {"Plan": {"Node Type": "Aggregate", "Strategy": "Plain", "Partial Mode": "Simple", "Parallel Aware": false, "Async Capable": false, "Startup Cost": 10000884180.4, "Total Cost": 10000884180.41, "Plan Rows": 1, "Plan Width": 8, "Plans": [{"Node Type": "Nested Loop", "Parent Relationship": "Outer", "Parallel Aware": false, "Async Capable": false, "Join Type": "Inner", "Startup Cost": 10000000000.74, "Total Cost": 10000883995.08, "Plan Rows": 74127, "Plan Width": 0, "Inner Unique": true, "Plans": [{"Node Type": "Nested Loop", "Parent Relationship": "Outer", "Parallel Aware": false, "Async Capable": false, "Join Type": "Inner", "Startup Cost": 10000000000.59, "Total Cost": 10000882180.47, "Plan Rows": 74127, "Plan Width": 4, "Inner Unique": true, "Plans": [{"Node Type": "Nested Loop", "Parent Relationship": "Outer", "Parallel Aware": false, "Async Capable": false, "Join Type": "Inner", "Startup Cost": 10000000000.45, "Total Cost": 10000880374.11, "Plan Rows": 74127, "Plan Width": 8, "Inner Unique": true, "Plans": [{"Node Type": "Nested Loop", "Parent Relationship": "Outer", "Parallel Aware": false, "Async Capable": false, "Join Type": "Inner", "Startup Cost": 10000000000.3, "Total Cost": 10000878609.82, "Plan Rows": 74127, "Plan Width": 12, "Inner Unique": true, "Plans": [{"Node Type": "Seq Scan", "Parent Relationship": "Outer", "Parallel Aware": false, "Async Capable": false, "Relation Name": "catalog_sales", "Alias": "catalog_sales", "Startup Cost": 10000000000.0, "Total Cost": 10000517972.82, "Plan Rows": 14401282, "Plan Width": 16}, {"Node Type": "Memoize", "Parent Relationship": "Inner", "Parallel Aware": false, "Async Capable": false, "Startup Cost": 0.3, "Total Cost": 0.33, "Plan Rows": 1, "Plan Width": 4, "Cache Key": "catalog_sales.cs_ship_date_sk", "Cache Mode": "logical", "Plans": [{"Node Type": "Index Scan", "Parent Relationship": "Outer", "Parallel Aware": false, "Async Capable": false, "Scan Direction": "Forward", "Index Name": "date_dim_pkey", "Relation Name": "date_dim", "Alias": "date_dim", "Startup Cost": 0.29, "Total Cost": 0.32, "Plan Rows": 1, "Plan Width": 4, "Index Cond": "(d_date_sk = catalog_sales.cs_ship_date_sk)", "Filter": "((d_month_seq >= 1183) AND (d_month_seq <= 1194))"}]}]}, {"Node Type": "Memoize", "Parent Relationship": "Inner", "Parallel Aware": false, "Async Capable": false, "Startup Cost": 0.15, "Total Cost": 0.16, "Plan Rows": 1, "Plan Width": 4, "Cache Key": "catalog_sales.cs_warehouse_sk", "Cache Mode": "logical", "Plans": [{"Node Type": "Index Scan", "Parent Relationship": "Outer", "Parallel Aware": false, "Async Capable": false, "Scan Direction": "Forward", "Index Name": "warehouse_pkey", "Relation Name": "warehouse", "Alias": "warehouse", "Startup Cost": 0.14, "Total Cost": 0.15, "Plan Rows": 1, "Plan Width": 4, "Index Cond": "(w_warehouse_sk = catalog_sales.cs_warehouse_sk)"}]}]}, {"Node Type": "Memoize", "Parent Relationship": "Inner", "Parallel Aware": false, "Async Capable": false, "Startup Cost": 0.15, "Total Cost": 0.17, "Plan Rows": 1, "Plan Width": 4, "Cache Key": "catalog_sales.cs_ship_mode_sk", "Cache Mode": "logical", "Plans": [{"Node Type": "Index Scan", "Parent Relationship": "Outer", "Parallel Aware": false, "Async Capable": false, "Scan Direction": "Forward", "Index Name": "ship_mode_pkey", "Relation Name": "ship_mode", "Alias": "ship_mode", "Startup Cost": 0.14, "Total Cost": 0.16, "Plan Rows": 1, "Plan Width": 4, "Index Cond": "(sm_ship_mode_sk = catalog_sales.cs_ship_mode_sk)"}]}]}, {"Node Type": "Memoize", "Parent Relationship": "Inner", "Parallel Aware": false, "Async Capable": false, "Startup Cost": 0.15, "Total Cost": 0.17, "Plan Rows": 1, "Plan Width": 4, "Cache Key": "catalog_sales.cs_call_center_sk", "Cache Mode": "logical", "Plans": [{"Node Type": "Index Scan", "Parent Relationship": "Outer", "Parallel Aware": false, "Async Capable": false, "Scan Direction": "Forward", "Index Name": "call_center_pkey", "Relation Name": "call_center", "Alias": "call_center", "Startup Cost": 0.14, "Total Cost": 0.16, "Plan Rows": 1, "Plan Width": 4, "Index Cond": "(cc_call_center_sk = catalog_sales.cs_call_center_sk)"}]}]}]}}, {"Plan": {"Node Type": "Aggregate", "Strategy": "Plain", "Partial Mode": "Finalize", "Parallel Aware": false, "Async Capable": false, "Startup Cost": 460511.16, "Total Cost": 460511.17, "Plan Rows": 1, "Plan Width": 8, "Actual Rows": 1, "Actual Loops": 1, "Plans": [{"Node Type": "Gather", "Parent Relationship": "Outer", "Parallel Aware": false, "Async Capable": false, "Startup Cost": 460510.54, "Total Cost": 460511.15, "Plan Rows": 6, "Plan Width": 8, "Actual Rows": 7, "Actual Loops": 1, "Workers Planned": 6, "Workers Launched": 6, "Single Copy": false, "Plans": [{"Node Type": "Aggregate", "Strategy": "Plain", "Partial Mode": "Partial", "Parent Relationship": "Outer", "Parallel Aware": false, "Async Capable": false, "Startup Cost": 459510.54, "Total Cost": 459510.55, "Plan Rows": 1, "Plan Width": 8, "Actual Rows": 1, "Actual Loops": 7, "Workers": [], "Plans": [{"Node Type": "Nested Loop", "Parent Relationship": "Outer", "Parallel Aware": false, "Async Capable": false, "Join Type": "Inner", "Startup Cost": 0.74, "Total Cost": 459479.65, "Plan Rows": 12354, "Plan Width": 0, "Actual Rows": 405246, "Actual Loops": 7, "Inner Unique": true, "Workers": [], "Plans": [{"Node Type": "Nested Loop", "Parent Relationship": "Outer", "Parallel Aware": false, "Async Capable": false, "Join Type": "Inner", "Startup Cost": 0.59, "Total Cost": 459174.01, "Plan Rows": 12354, "Plan Width": 4, "Actual Rows": 405494, "Actual Loops": 7, "Inner Unique": true, "Workers": [], "Plans": [{"Node Type": "Nested Loop", "Parent Relationship": "Outer", "Parallel Aware": false, "Async Capable": false, "Join Type": "Inner", "Startup Cost": 0.45, "Total Cost": 458870.28, "Plan Rows": 12354, "Plan Width": 8, "Actual Rows": 406007, "Actual Loops": 7, "Inner Unique": true, "Workers": [], "Plans": [{"Node Type": "Nested Loop", "Parent Relationship": "Outer", "Parallel Aware": false, "Async Capable": false, "Join Type": "Inner", "Startup Cost": 0.3, "Total Cost": 458574.86, "Plan Rows": 12354, "Plan Width": 12, "Actual Rows": 407027, "Actual Loops": 7, "Inner Unique": true, "Workers": [], "Plans": [{"Node Type": "Seq Scan", "Parent Relationship": "Outer", "Parallel Aware": true, "Async Capable": false, "Relation Name": "catalog_sales", "Alias": "catalog_sales", "Startup Cost": 0.0, "Total Cost": 397962.14, "Plan Rows": 2400214, "Plan Width": 16, "Actual Rows": 2057323, "Actual Loops": 7, "Workers": []}, {"Node Type": "Memoize", "Parent Relationship": "Inner", "Parallel Aware": false, "Async Capable": false, "Startup Cost": 0.3, "Total Cost": 0.33, "Plan Rows": 1, "Plan Width": 4, "Actual Rows": 0, "Actual Loops": 14401261, "Cache Key": "catalog_sales.cs_ship_date_sk", "Cache Mode": "logical", "Cache Hits": 2087619, "Cache Misses": 1928, "Cache Evictions": 0, "Cache Overflows": 0, "Peak Memory Usage": 141, "Workers": [{"Worker Number": 0, "Cache Hits": 2089687, "Cache Misses": 1911, "Cache Evictions": 0, "Cache Overflows": 0, "Peak Memory Usage": 140}, {"Worker Number": 1, "Cache Hits": 2146635, "Cache Misses": 1918, "Cache Evictions": 0, "Cache Overflows": 0, "Peak Memory Usage": 141}, {"Worker Number": 2, "Cache Hits": 2073406, "Cache Misses": 1920, "Cache Evictions": 0, "Cache Overflows": 0, "Peak Memory Usage": 141}, {"Worker Number": 3, "Cache Hits": 1858558, "Cache Misses": 1913, "Cache Evictions": 0, "Cache Overflows": 0, "Peak Memory Usage": 140}, {"Worker Number": 4, "Cache Hits": 2160442, "Cache Misses": 1922, "Cache Evictions": 0, "Cache Overflows": 0, "Peak Memory Usage": 141}, {"Worker Number": 5, "Cache Hits": 1971478, "Cache Misses": 1924, "Cache Evictions": 0, "Cache Overflows": 0, "Peak Memory Usage": 141}], "Plans": [{"Node Type": "Index Scan", "Parent Relationship": "Outer", "Parallel Aware": false, "Async Capable": false, "Scan Direction": "Forward", "Index Name": "date_dim_pkey", "Relation Name": "date_dim", "Alias": "date_dim", "Startup Cost": 0.29, "Total Cost": 0.32, "Plan Rows": 1, "Plan Width": 4, "Actual Rows": 0, "Actual Loops": 13436, "Index Cond": "(d_date_sk = catalog_sales.cs_ship_date_sk)", "Rows Removed by Index Recheck": 0, "Filter": "((d_month_seq >= 1183) AND (d_month_seq <= 1194))", "Rows Removed by Filter": 1, "Workers": []}]}]}, {"Node Type": "Memoize", "Parent Relationship": "Inner", "Parallel Aware": false, "Async Capable": false, "Startup Cost": 0.15, "Total Cost": 0.16, "Plan Rows": 1, "Plan Width": 4, "Actual Rows": 1, "Actual Loops": 2849191, "Cache Key": "catalog_sales.cs_warehouse_sk", "Cache Mode": "logical", "Cache Hits": 442489, "Cache Misses": 11, "Cache Evictions": 0, "Cache Overflows": 0, "Peak Memory Usage": 2, "Workers": [{"Worker Number": 0, "Cache Hits": 389942, "Cache Misses": 11, "Cache Evictions": 0, "Cache Overflows": 0, "Peak Memory Usage": 2}, {"Worker Number": 1, "Cache Hits": 415830, "Cache Misses": 11, "Cache Evictions": 0, "Cache Overflows": 0, "Peak Memory Usage": 2}, {"Worker Number": 2, "Cache Hits": 386799, "Cache Misses": 11, "Cache Evictions": 0, "Cache Overflows": 0, "Peak Memory Usage": 2}, {"Worker Number": 3, "Cache Hits": 393731, "Cache Misses": 11, "Cache Evictions": 0, "Cache Overflows": 0, "Peak Memory Usage": 2}, {"Worker Number": 4, "Cache Hits": 420782, "Cache Misses": 11, "Cache Evictions": 0, "Cache Overflows": 0, "Peak Memory Usage": 2}, {"Worker Number": 5, "Cache Hits": 399541, "Cache Misses": 11, "Cache Evictions": 0, "Cache Overflows": 0, "Peak Memory Usage": 2}], "Plans": [{"Node Type": "Index Scan", "Parent Relationship": "Outer", "Parallel Aware": false, "Async Capable": false, "Scan Direction": "Forward", "Index Name": "warehouse_pkey", "Relation Name": "warehouse", "Alias": "warehouse", "Startup Cost": 0.14, "Total Cost": 0.15, "Plan Rows": 1, "Plan Width": 4, "Actual Rows": 1, "Actual Loops": 77, "Index Cond": "(w_warehouse_sk = catalog_sales.cs_warehouse_sk)", "Rows Removed by Index Recheck": 0, "Workers": []}]}]}, {"Node Type": "Memoize", "Parent Relationship": "Inner", "Parallel Aware": false, "Async Capable": false, "Startup Cost": 0.15, "Total Cost": 0.17, "Plan Rows": 1, "Plan Width": 4, "Actual Rows": 1, "Actual Loops": 2842046, "Cache Key": "catalog_sales.cs_ship_mode_sk", "Cache Mode": "logical", "Cache Hits": 441371, "Cache Misses": 21, "Cache Evictions": 0, "Cache Overflows": 0, "Peak Memory Usage": 3, "Workers": [{"Worker Number": 0, "Cache Hits": 388959, "Cache Misses": 21, "Cache Evictions": 0, "Cache Overflows": 0, "Peak Memory Usage": 3}, {"Worker Number": 1, "Cache Hits": 414805, "Cache Misses": 21, "Cache Evictions": 0, "Cache Overflows": 0, "Peak Memory Usage": 3}, {"Worker Number": 2, "Cache Hits": 385843, "Cache Misses": 21, "Cache Evictions": 0, "Cache Overflows": 0, "Peak Memory Usage": 3}, {"Worker Number": 3, "Cache Hits": 392707, "Cache Misses": 21, "Cache Evictions": 0, "Cache Overflows": 0, "Peak Memory Usage": 3}, {"Worker Number": 4, "Cache Hits": 419733, "Cache Misses": 21, "Cache Evictions": 0, "Cache Overflows": 0, "Peak Memory Usage": 3}, {"Worker Number": 5, "Cache Hits": 398481, "Cache Misses": 21, "Cache Evictions": 0, "Cache Overflows": 0, "Peak Memory Usage": 3}], "Plans": [{"Node Type": "Index Scan", "Parent Relationship": "Outer", "Parallel Aware": false, "Async Capable": false, "Scan Direction": "Forward", "Index Name": "ship_mode_pkey", "Relation Name": "ship_mode", "Alias": "ship_mode", "Startup Cost": 0.14, "Total Cost": 0.16, "Plan Rows": 1, "Plan Width": 4, "Actual Rows": 1, "Actual Loops": 147, "Index Cond": "(sm_ship_mode_sk = catalog_sales.cs_ship_mode_sk)", "Rows Removed by Index Recheck": 0, "Workers": []}]}]}, {"Node Type": "Memoize", "Parent Relationship": "Inner", "Parallel Aware": false, "Async Capable": false, "Startup Cost": 0.15, "Total Cost": 0.17, "Plan Rows": 1, "Plan Width": 4, "Actual Rows": 1, "Actual Loops": 2838460, "Cache Key": "catalog_sales.cs_call_center_sk", "Cache Mode": "logical", "Cache Hits": 440858, "Cache Misses": 13, "Cache Evictions": 0, "Cache Overflows": 0, "Peak Memory Usage": 2, "Workers": [{"Worker Number": 0, "Cache Hits": 388476, "Cache Misses": 13, "Cache Evictions": 0, "Cache Overflows": 0, "Peak Memory Usage": 2}, {"Worker Number": 1, "Cache Hits": 414283, "Cache Misses": 13, "Cache Evictions": 0, "Cache Overflows": 0, "Peak Memory Usage": 2}, {"Worker Number": 2, "Cache Hits": 385384, "Cache Misses": 13, "Cache Evictions": 0, "Cache Overflows": 0, "Peak Memory Usage": 2}, {"Worker Number": 3, "Cache Hits": 392188, "Cache Misses": 13, "Cache Evictions": 0, "Cache Overflows": 0, "Peak Memory Usage": 2}, {"Worker Number": 4, "Cache Hits": 419217, "Cache Misses": 13, "Cache Evictions": 0, "Cache Overflows": 0, "Peak Memory Usage": 2}, {"Worker Number": 5, "Cache Hits": 397963, "Cache Misses": 13, "Cache Evictions": 0, "Cache Overflows": 0, "Peak Memory Usage": 2}], "Plans": [{"Node Type": "Index Scan", "Parent Relationship": "Outer", "Parallel Aware": false, "Async Capable": false, "Scan Direction": "Forward", "Index Name": "call_center_pkey", "Relation Name": "call_center", "Alias": "call_center", "Startup Cost": 0.14, "Total Cost": 0.16, "Plan Rows": 1, "Plan Width": 4, "Actual Rows": 1, "Actual Loops": 91, "Index Cond": "(cc_call_center_sk = catalog_sales.cs_call_center_sk)", "Rows Removed by Index Recheck": 0, "Workers": []}]}]}]}]}]}, "Planning Time": 1.659, "Triggers": [], "Execution Time": 1123.889}]