[{"Plan": {"Node Type": "Aggregate", "Strategy": "Plain", "Partial Mode": "Finalize", "Parallel Aware": false, "Async Capable": false, "Startup Cost": 413394.91, "Total Cost": 413394.92, "Plan Rows": 1, "Plan Width": 8, "Actual Rows": 1, "Actual Loops": 1, "Plans": [{"Node Type": "Gather", "Parent Relationship": "Outer", "Parallel Aware": false, "Async Capable": false, "Startup Cost": 413394.28, "Total Cost": 413394.89, "Plan Rows": 6, "Plan Width": 8, "Actual Rows": 7, "Actual Loops": 1, "Workers Planned": 6, "Workers Launched": 6, "Single Copy": false, "Plans": [{"Node Type": "Aggregate", "Strategy": "Plain", "Partial Mode": "Partial", "Parent Relationship": "Outer", "Parallel Aware": false, "Async Capable": false, "Startup Cost": 412394.28, "Total Cost": 412394.29, "Plan Rows": 1, "Plan Width": 8, "Actual Rows": 1, "Actual Loops": 7, "Workers": [], "Plans": [{"Node Type": "Nested Loop", "Parent Relationship": "Outer", "Parallel Aware": false, "Async Capable": false, "Join Type": "Inner", "Startup Cost": 1965.8, "Total Cost": 412394.07, "Plan Rows": 83, "Plan Width": 0, "Actual Rows": 2705, "Actual Loops": 7, "Inner Unique": true, "Workers": [], "Plans": [{"Node Type": "Nested Loop", "Parent Relationship": "Outer", "Parallel Aware": false, "Async Capable": false, "Join Type": "Inner", "Startup Cost": 1965.51, "Total Cost": 412368.34, "Plan Rows": 83, "Plan Width": 4, "Actual Rows": 2705, "Actual Loops": 7, "Inner Unique": true, "Workers": [], "Plans": [{"Node Type": "Nested Loop", "Parent Relationship": "Outer", "Parallel Aware": false, "Async Capable": false, "Join Type": "Inner", "Startup Cost": 1965.08, "Total Cost": 412324.07, "Plan Rows": 83, "Plan Width": 8, "Actual Rows": 2757, "Actual Loops": 7, "Inner Unique": true, "Workers": [], "Plans": [{"Node Type": "Nested Loop", "Parent Relationship": "Outer", "Parallel Aware": false, "Async Capable": false, "Join Type": "Inner", "Startup Cost": 1964.66, "Total Cost": 412100.01, "Plan Rows": 408, "Plan Width": 12, "Actual Rows": 13732, "Actual Loops": 7, "Inner Unique": true, "Workers": [], "Plans": [{"Node Type": "Nested Loop", "Parent Relationship": "Outer", "Parallel Aware": false, "Async Capable": false, "Join Type": "Inner", "Startup Cost": 1964.24, "Total Cost": 411714.08, "Plan Rows": 854, "Plan Width": 8, "Actual Rows": 28841, "Actual Loops": 7, "Inner Unique": true, "Workers": [], "Plans": [{"Node Type": "Hash Join", "Parent Relationship": "Outer", "Parallel Aware": true, "Async Capable": false, "Join Type": "Inner", "Startup Cost": 1963.81, "Total Cost": 406226.88, "Plan Rows": 11993, "Plan Width": 12, "Actual Rows": 407514, "Actual Loops": 7, "Inner Unique": true, "Hash Cond": "(catalog_sales.cs_sold_date_sk = date_dim.d_date_sk)", "Workers": [], "Plans": [{"Node Type": "Seq Scan", "Parent Relationship": "Outer", "Parallel Aware": true, "Async Capable": false, "Relation Name": "catalog_sales", "Alias": "catalog_sales", "Startup Cost": 0.0, "Total Cost": 397962.14, "Plan Rows": 2400214, "Plan Width": 16, "Actual Rows": 2057323, "Actual Loops": 7, "Workers": []}, {"Node Type": "Hash", "Parent Relationship": "Inner", "Parallel Aware": true, "Async Capable": false, "Startup Cost": 1961.12, "Total Cost": 1961.12, "Plan Rows": 215, "Plan Width": 4, "Actual Rows": 52, "Actual Loops": 7, "Hash Buckets": 1024, "Original Hash Buckets": 1024, "Hash Batches": 1, "Original Hash Batches": 1, "Peak Memory Usage": 136, "Workers": [], "Plans": [{"Node Type": "Seq Scan", "Parent Relationship": "Outer", "Parallel Aware": true, "Async Capable": false, "Relation Name": "date_dim", "Alias": "date_dim", "Startup Cost": 0.0, "Total Cost": 1961.12, "Plan Rows": 215, "Plan Width": 4, "Actual Rows": 73, "Actual Loops": 5, "Filter": "(d_year = 2001)", "Rows Removed by Filter": 14537, "Workers": []}]}]}, {"Node Type": "Index Scan", "Parent Relationship": "Inner", "Parallel Aware": false, "Async Capable": false, "Scan Direction": "Forward", "Index Name": "customer_demographics_pkey", "Relation Name": "customer_demographics", "Alias": "cd1", "Startup Cost": 0.43, "Total Cost": 0.46, "Plan Rows": 1, "Plan Width": 4, "Actual Rows": 0, "Actual Loops": 2852599, "Index Cond": "(cd_demo_sk = catalog_sales.cs_bill_cdemo_sk)", "Rows Removed by Index Recheck": 0, "Filter": "((cd_gender = 'M'::bpchar) AND (cd_education_status = '4 yr Degree'::bpchar))", "Rows Removed by Filter": 1, "Workers": []}]}, {"Node Type": "Index Scan", "Parent Relationship": "Inner", "Parallel Aware": false, "Async Capable": false, "Scan Direction": "Forward", "Index Name": "customer_pkey", "Relation Name": "customer", "Alias": "customer", "Startup Cost": 0.42, "Total Cost": 0.45, "Plan Rows": 1, "Plan Width": 12, "Actual Rows": 0, "Actual Loops": 201886, "Index Cond": "(c_customer_sk = catalog_sales.cs_bill_customer_sk)", "Rows Removed by Index Recheck": 0, "Filter": "(c_birth_month = ANY ('{10,12,9,2,4,8}'::integer[]))", "Rows Removed by Filter": 1, "Workers": []}]}, {"Node Type": "Index Scan", "Parent Relationship": "Inner", "Parallel Aware": false, "Async Capable": false, "Scan Direction": "Forward", "Index Name": "customer_address_pkey", "Relation Name": "customer_address", "Alias": "customer_address", "Startup Cost": 0.42, "Total Cost": 0.55, "Plan Rows": 1, "Plan Width": 4, "Actual Rows": 0, "Actual Loops": 96124, "Index Cond": "(ca_address_sk = customer.c_current_addr_sk)", "Rows Removed by Index Recheck": 0, "Filter": "(ca_state = ANY ('{GA,KY,TN,MN,SD,MO,MD}'::bpchar[]))", "Rows Removed by Filter": 1, "Workers": []}]}, {"Node Type": "Index Only Scan", "Parent Relationship": "Inner", "Parallel Aware": false, "Async Capable": false, "Scan Direction": "Forward", "Index Name": "customer_demographics_pkey", "Relation Name": "customer_demographics", "Alias": "cd2", "Startup Cost": 0.43, "Total Cost": 0.53, "Plan Rows": 1, "Plan Width": 4, "Actual Rows": 1, "Actual Loops": 19300, "Index Cond": "(cd_demo_sk = customer.c_current_cdemo_sk)", "Rows Removed by Index Recheck": 0, "Heap Fetches": 0, "Workers": []}]}, {"Node Type": "Index Only Scan", "Parent Relationship": "Inner", "Parallel Aware": false, "Async Capable": false, "Scan Direction": "Forward", "Index Name": "item_pkey", "Relation Name": "item", "Alias": "item", "Startup Cost": 0.29, "Total Cost": 0.31, "Plan Rows": 1, "Plan Width": 4, "Actual Rows": 1, "Actual Loops": 18936, "Index Cond": "(i_item_sk = catalog_sales.cs_item_sk)", "Rows Removed by Index Recheck": 0, "Heap Fetches": 0, "Workers": []}]}]}]}]}, "Planning Time": 5.253, "Triggers": [], "Execution Time": 2241.776}, {"Plan": {"Node Type": "Aggregate", "Strategy": "Plain", "Partial Mode": "Simple", "Parallel Aware": false, "Async Capable": false, "Startup Cost": 70002097574.26, "Total Cost": 70002097574.27, "Plan Rows": 1, "Plan Width": 8, "Plans": [{"Node Type": "Nested Loop", "Parent Relationship": "Outer", "Parallel Aware": false, "Async Capable": false, "Join Type": "Inner", "Startup Cost": 70002030358.56, "Total Cost": 70002097573.02, "Plan Rows": 496, "Plan Width": 0, "Inner Unique": true, "Plans": [{"Node Type": "Nested Loop", "Parent Relationship": "Outer", "Parallel Aware": false, "Async Capable": false, "Join Type": "Inner", "Startup Cost": 60002030358.04, "Total Cost": 60002095323.39, "Plan Rows": 496, "Plan Width": 4, "Inner Unique": true, "Plans": [{"Node Type": "Hash Join", "Parent Relationship": "Outer", "Parallel Aware": false, "Async Capable": false, "Join Type": "Inner", "Startup Cost": 50002030357.6, "Total Cost": 50002064286.43, "Plan Rows": 6968, "Plan Width": 8, "Inner Unique": true, "Hash Cond": "(customer.c_current_addr_sk = customer_address.ca_address_sk)", "Plans": [{"Node Type": "Hash Join", "Parent Relationship": "Outer", "Parallel Aware": false, "Async Capable": false, "Join Type": "Inner", "Startup Cost": 40002015546.48, "Total Cost": 40002049385.08, "Plan Rows": 34372, "Plan Width": 12, "Inner Unique": false, "Hash Cond": "(customer.c_customer_sk = catalog_sales.cs_bill_customer_sk)", "Plans": [{"Node Type": "Index Scan", "Parent Relationship": "Outer", "Parallel Aware": false, "Async Capable": false, "Scan Direction": "Forward", "Index Name": "customer_pkey", "Relation Name": "customer", "Alias": "customer", "Startup Cost": 10000000000.42, "Total Cost": 10000031995.3, "Plan Rows": 240000, "Plan Width": 12, "Filter": "(c_birth_month = ANY ('{10,12,9,2,4,8}'::integer[]))"}, {"Node Type": "Hash", "Parent Relationship": "Inner", "Parallel Aware": false, "Async Capable": false, "Startup Cost": 30002014646.58, "Total Cost": 30002014646.58, "Plan Rows": 71958, "Plan Width": 8, "Plans": [{"Node Type": "Hash Join", "Parent Relationship": "Outer", "Parallel Aware": false, "Async Capable": false, "Join Type": "Inner", "Startup Cost": 30000007488.05, "Total Cost": 30002014646.58, "Plan Rows": 71958, "Plan Width": 8, "Inner Unique": true, "Hash Cond": "(catalog_sales.cs_sold_date_sk = date_dim.d_date_sk)", "Plans": [{"Node Type": "Hash Join", "Parent Relationship": "Outer", "Parallel Aware": false, "Async Capable": false, "Join Type": "Inner", "Startup Cost": 20000003969.84, "Total Cost": 20001973322.82, "Plan Rows": 14401282, "Plan Width": 12, "Inner Unique": true, "Hash Cond": "(catalog_sales.cs_item_sk = item.i_item_sk)", "Plans": [{"Node Type": "Index Scan", "Parent Relationship": "Outer", "Parallel Aware": false, "Async Capable": false, "Scan Direction": "Forward", "Index Name": "catalog_sales_pkey", "Relation Name": "catalog_sales", "Alias": "catalog_sales", "Startup Cost": 10000000000.43, "Total Cost": 10001931548.49, "Plan Rows": 14401282, "Plan Width": 16}, {"Node Type": "Hash", "Parent Relationship": "Inner", "Parallel Aware": false, "Async Capable": false, "Startup Cost": 10000002694.4, "Total Cost": 10000002694.4, "Plan Rows": 102000, "Plan Width": 4, "Plans": [{"Node Type": "Index Only Scan", "Parent Relationship": "Outer", "Parallel Aware": false, "Async Capable": false, "Scan Direction": "Forward", "Index Name": "item_pkey", "Relation Name": "item", "Alias": "item", "Startup Cost": 10000000000.29, "Total Cost": 10000002694.4, "Plan Rows": 102000, "Plan Width": 4}]}]}, {"Node Type": "Hash", "Parent Relationship": "Inner", "Parallel Aware": false, "Async Capable": false, "Startup Cost": 10000003513.65, "Total Cost": 10000003513.65, "Plan Rows": 365, "Plan Width": 4, "Plans": [{"Node Type": "Index Scan", "Parent Relationship": "Outer", "Parallel Aware": false, "Async Capable": false, "Scan Direction": "Forward", "Index Name": "date_dim_pkey", "Relation Name": "date_dim", "Alias": "date_dim", "Startup Cost": 10000000000.29, "Total Cost": 10000003513.65, "Plan Rows": 365, "Plan Width": 4, "Filter": "(d_year = 2001)"}]}]}]}]}, {"Node Type": "Hash", "Parent Relationship": "Inner", "Parallel Aware": false, "Async Capable": false, "Startup Cost": 10000014177.62, "Total Cost": 10000014177.62, "Plan Rows": 50680, "Plan Width": 4, "Plans": [{"Node Type": "Index Scan", "Parent Relationship": "Outer", "Parallel Aware": false, "Async Capable": false, "Scan Direction": "Forward", "Index Name": "customer_address_pkey", "Relation Name": "customer_address", "Alias": "customer_address", "Startup Cost": 10000000000.42, "Total Cost": 10000014177.62, "Plan Rows": 50680, "Plan Width": 4, "Filter": "(ca_state = ANY ('{GA,KY,TN,MN,SD,MO,MD}'::bpchar[]))"}]}]}, {"Node Type": "Bitmap Heap Scan", "Parent Relationship": "Inner", "Parallel Aware": false, "Async Capable": false, "Relation Name": "customer_demographics", "Alias": "cd1", "Startup Cost": 0.44, "Total Cost": 4.45, "Plan Rows": 1, "Plan Width": 4, "Recheck Cond": "(cd_demo_sk = catalog_sales.cs_bill_cdemo_sk)", "Filter": "((cd_gender = 'M'::bpchar) AND (cd_education_status = '4 yr Degree'::bpchar))", "Plans": [{"Node Type": "Bitmap Index Scan", "Parent Relationship": "Outer", "Parallel Aware": false, "Async Capable": false, "Index Name": "customer_demographics_pkey", "Startup Cost": 0.0, "Total Cost": 0.44, "Plan Rows": 1, "Plan Width": 0, "Index Cond": "(cd_demo_sk = catalog_sales.cs_bill_cdemo_sk)"}]}]}, {"Node Type": "Bitmap Heap Scan", "Parent Relationship": "Inner", "Parallel Aware": false, "Async Capable": false, "Relation Name": "customer_demographics", "Alias": "cd2", "Startup Cost": 0.52, "Total Cost": 4.54, "Plan Rows": 1, "Plan Width": 4, "Recheck Cond": "(cd_demo_sk = customer.c_current_cdemo_sk)", "Plans": [{"Node Type": "Bitmap Index Scan", "Parent Relationship": "Outer", "Parallel Aware": false, "Async Capable": false, "Index Name": "customer_demographics_pkey", "Startup Cost": 0.0, "Total Cost": 0.52, "Plan Rows": 1, "Plan Width": 0, "Index Cond": "(cd_demo_sk = customer.c_current_cdemo_sk)"}]}]}]}}, {"Plan": {"Node Type": "Aggregate", "Strategy": "Plain", "Partial Mode": "Finalize", "Parallel Aware": false, "Async Capable": false, "Startup Cost": 1960295.93, "Total Cost": 1960295.94, "Plan Rows": 1, "Plan Width": 8, "Plans": [{"Node Type": "Gather", "Parent Relationship": "Outer", "Parallel Aware": false, "Async Capable": false, "Startup Cost": 1960295.72, "Total Cost": 1960295.93, "Plan Rows": 2, "Plan Width": 8, "Workers Planned": 2, "Single Copy": false, "Plans": [{"Node Type": "Aggregate", "Strategy": "Plain", "Partial Mode": "Partial", "Parent Relationship": "Outer", "Parallel Aware": false, "Async Capable": false, "Startup Cost": 1959295.72, "Total Cost": 1959295.73, "Plan Rows": 1, "Plan Width": 8, "Plans": [{"Node Type": "Hash Join", "Parent Relationship": "Outer", "Parallel Aware": true, "Async Capable": false, "Join Type": "Inner", "Startup Cost": 1957036.31, "Total Cost": 1959295.2, "Plan Rows": 207, "Plan Width": 0, "Inner Unique": false, "Hash Cond": "(item.i_item_sk = catalog_sales.cs_item_sk)", "Plans": [{"Node Type": "Index Only Scan", "Parent Relationship": "Outer", "Parallel Aware": true, "Async Capable": false, "Scan Direction": "Forward", "Index Name": "item_pkey", "Relation Name": "item", "Alias": "item", "Startup Cost": 0.29, "Total Cost": 2099.4, "Plan Rows": 42500, "Plan Width": 4}, {"Node Type": "Hash", "Parent Relationship": "Inner", "Parallel Aware": true, "Async Capable": false, "Startup Cost": 1957034.78, "Total Cost": 1957034.78, "Plan Rows": 99, "Plan Width": 4, "Plans": [{"Node Type": "Hash Join", "Parent Relationship": "Outer", "Parallel Aware": true, "Async Capable": false, "Join Type": "Inner", "Startup Cost": 1921044.18, "Total Cost": 1957034.78, "Plan Rows": 99, "Plan Width": 4, "Inner Unique": false, "Hash Cond": "(cd2.cd_demo_sk = customer.c_current_cdemo_sk)", "Plans": [{"Node Type": "Index Only Scan", "Parent Relationship": "Outer", "Parallel Aware": true, "Async Capable": false, "Scan Direction": "Forward", "Index Name": "customer_demographics_pkey", "Relation Name": "customer_demographics", "Alias": "cd2", "Startup Cost": 0.43, "Total Cost": 34550.03, "Plan Rows": 384160, "Plan Width": 4}, {"Node Type": "Hash", "Parent Relationship": "Inner", "Parallel Aware": true, "Async Capable": false, "Startup Cost": 1921041.16, "Total Cost": 1921041.16, "Plan Rows": 207, "Plan Width": 8, "Plans": [{"Node Type": "Hash Join", "Parent Relationship": "Outer", "Parallel Aware": true, "Async Capable": false, "Join Type": "Inner", "Startup Cost": 1909518.48, "Total Cost": 1921041.16, "Plan Rows": 207, "Plan Width": 8, "Inner Unique": false, "Hash Cond": "(customer_address.ca_address_sk = customer.c_current_addr_sk)", "Plans": [{"Node Type": "Index Scan", "Parent Relationship": "Outer", "Parallel Aware": true, "Async Capable": false, "Scan Direction": "Forward", "Index Name": "customer_address_pkey", "Relation Name": "customer_address", "Alias": "customer_address", "Startup Cost": 0.42, "Total Cost": 11443.24, "Plan Rows": 21117, "Plan Width": 4, "Filter": "(ca_state = ANY ('{GA,KY,TN,MN,SD,MO,MD}'::bpchar[]))"}, {"Node Type": "Hash", "Parent Relationship": "Inner", "Parallel Aware": true, "Async Capable": false, "Startup Cost": 1909508.2, "Total Cost": 1909508.2, "Plan Rows": 789, "Plan Width": 12, "Plans": [{"Node Type": "Hash Join", "Parent Relationship": "Outer", "Parallel Aware": true, "Async Capable": false, "Join Type": "Inner", "Startup Cost": 1883147.86, "Total Cost": 1909508.2, "Plan Rows": 789, "Plan Width": 12, "Inner Unique": false, "Hash Cond": "(customer.c_customer_sk = catalog_sales.cs_bill_customer_sk)", "Plans": [{"Node Type": "Index Scan", "Parent Relationship": "Outer", "Parallel Aware": true, "Async Capable": false, "Scan Direction": "Forward", "Index Name": "customer_pkey", "Relation Name": "customer", "Alias": "customer", "Startup Cost": 0.42, "Total Cost": 26067.89, "Plan Rows": 77419, "Plan Width": 12, "Filter": "(c_birth_month = ANY ('{10,12,9,2,4,8}'::integer[]))"}, {"Node Type": "Hash", "Parent Relationship": "Inner", "Parallel Aware": true, "Async Capable": false, "Startup Cost": 1883126.78, "Total Cost": 1883126.78, "Plan Rows": 1653, "Plan Width": 8, "Plans": [{"Node Type": "Hash Join", "Parent Relationship": "Outer", "Parallel Aware": true, "Async Capable": false, "Join Type": "Inner", "Startup Cost": 1821129.42, "Total Cost": 1883126.78, "Plan Rows": 1653, "Plan Width": 8, "Inner Unique": false, "Hash Cond": "(cd1.cd_demo_sk = catalog_sales.cs_bill_cdemo_sk)", "Plans": [{"Node Type": "Index Scan", "Parent Relationship": "Outer", "Parallel Aware": true, "Async Capable": false, "Scan Direction": "Forward", "Index Name": "customer_demographics_pkey", "Relation Name": "customer_demographics", "Alias": "cd1", "Startup Cost": 0.43, "Total Cost": 61829.62, "Plan Rows": 44112, "Plan Width": 4, "Filter": "((cd_gender = 'M'::bpchar) AND (cd_education_status = '4 yr Degree'::bpchar))"}, {"Node Type": "Hash", "Parent Relationship": "Inner", "Parallel Aware": true, "Async Capable": false, "Startup Cost": 1820979.08, "Total Cost": 1820979.08, "Plan Rows": 11993, "Plan Width": 12, "Plans": [{"Node Type": "Hash Join", "Parent Relationship": "Outer", "Parallel Aware": true, "Async Capable": false, "Join Type": "Inner", "Startup Cost": 3140.78, "Total Cost": 1820979.08, "Plan Rows": 11993, "Plan Width": 12, "Inner Unique": true, "Hash Cond": "(catalog_sales.cs_sold_date_sk = date_dim.d_date_sk)", "Plans": [{"Node Type": "Index Scan", "Parent Relationship": "Outer", "Parallel Aware": true, "Async Capable": false, "Scan Direction": "Forward", "Index Name": "catalog_sales_pkey", "Relation Name": "catalog_sales", "Alias": "catalog_sales", "Startup Cost": 0.43, "Total Cost": 1811537.81, "Plan Rows": 2400214, "Plan Width": 16}, {"Node Type": "Hash", "Parent Relationship": "Inner", "Parallel Aware": true, "Async Capable": false, "Startup Cost": 3137.66, "Total Cost": 3137.66, "Plan Rows": 215, "Plan Width": 4, "Plans": [{"Node Type": "Index Scan", "Parent Relationship": "Outer", "Parallel Aware": true, "Async Capable": false, "Scan Direction": "Forward", "Index Name": "date_dim_pkey", "Relation Name": "date_dim", "Alias": "date_dim", "Startup Cost": 0.29, "Total Cost": 3137.66, "Plan Rows": 215, "Plan Width": 4, "Filter": "(d_year = 2001)"}]}]}]}]}]}]}]}]}]}]}]}]}]}]}]}}, {"Plan": {"Node Type": "Aggregate", "Strategy": "Plain", "Partial Mode": "Finalize", "Parallel Aware": false, "Async Capable": false, "Startup Cost": 948405.61, "Total Cost": 948405.62, "Plan Rows": 1, "Plan Width": 8, "Plans": [{"Node Type": "Gather", "Parent Relationship": "Outer", "Parallel Aware": false, "Async Capable": false, "Startup Cost": 948405.39, "Total Cost": 948405.6, "Plan Rows": 2, "Plan Width": 8, "Workers Planned": 2, "Single Copy": false, "Plans": [{"Node Type": "Aggregate", "Strategy": "Plain", "Partial Mode": "Partial", "Parent Relationship": "Outer", "Parallel Aware": false, "Async Capable": false, "Startup Cost": 947405.39, "Total Cost": 947405.4, "Plan Rows": 1, "Plan Width": 8, "Plans": [{"Node Type": "Nested Loop", "Parent Relationship": "Outer", "Parallel Aware": false, "Async Capable": false, "Join Type": "Inner", "Startup Cost": 3142.77, "Total Cost": 947404.88, "Plan Rows": 207, "Plan Width": 0, "Inner Unique": true, "Plans": [{"Node Type": "Nested Loop", "Parent Relationship": "Outer", "Parallel Aware": false, "Async Capable": false, "Join Type": "Inner", "Startup Cost": 3142.35, "Total Cost": 947294.49, "Plan Rows": 207, "Plan Width": 4, "Inner Unique": true, "Plans": [{"Node Type": "Nested Loop", "Parent Relationship": "Outer", "Parallel Aware": false, "Async Capable": false, "Join Type": "Inner", "Startup Cost": 3141.93, "Total Cost": 946734.34, "Plan Rows": 1020, "Plan Width": 8, "Inner Unique": true, "Plans": [{"Node Type": "Nested Loop", "Parent Relationship": "Outer", "Parallel Aware": false, "Async Capable": false, "Join Type": "Inner", "Startup Cost": 3141.5, "Total Cost": 945769.51, "Plan Rows": 2135, "Plan Width": 4, "Inner Unique": true, "Plans": [{"Node Type": "Hash Join", "Parent Relationship": "Outer", "Parallel Aware": true, "Async Capable": false, "Join Type": "Inner", "Startup Cost": 3141.08, "Total Cost": 932051.73, "Plan Rows": 29982, "Plan Width": 8, "Inner Unique": true, "Hash Cond": "(catalog_sales.cs_sold_date_sk = date_dim.d_date_sk)", "Plans": [{"Node Type": "Nested Loop", "Parent Relationship": "Outer", "Parallel Aware": false, "Async Capable": false, "Join Type": "Inner", "Startup Cost": 0.73, "Total Cost": 913159.07, "Plan Rows": 6000534, "Plan Width": 12, "Inner Unique": false, "Plans": [{"Node Type": "Index Only Scan", "Parent Relationship": "Outer", "Parallel Aware": true, "Async Capable": false, "Scan Direction": "Forward", "Index Name": "item_pkey", "Relation Name": "item", "Alias": "item", "Startup Cost": 0.29, "Total Cost": 2099.4, "Plan Rows": 42500, "Plan Width": 4}, {"Node Type": "Index Scan", "Parent Relationship": "Inner", "Parallel Aware": false, "Async Capable": false, "Scan Direction": "Forward", "Index Name": "catalog_sales_pkey", "Relation Name": "catalog_sales", "Alias": "catalog_sales", "Startup Cost": 0.43, "Total Cost": 19.89, "Plan Rows": 155, "Plan Width": 16, "Index Cond": "(cs_item_sk = item.i_item_sk)"}]}, {"Node Type": "Hash", "Parent Relationship": "Inner", "Parallel Aware": true, "Async Capable": false, "Startup Cost": 3137.66, "Total Cost": 3137.66, "Plan Rows": 215, "Plan Width": 4, "Plans": [{"Node Type": "Index Scan", "Parent Relationship": "Outer", "Parallel Aware": true, "Async Capable": false, "Scan Direction": "Forward", "Index Name": "date_dim_pkey", "Relation Name": "date_dim", "Alias": "date_dim", "Startup Cost": 0.29, "Total Cost": 3137.66, "Plan Rows": 215, "Plan Width": 4, "Filter": "(d_year = 2001)"}]}]}, {"Node Type": "Index Scan", "Parent Relationship": "Inner", "Parallel Aware": false, "Async Capable": false, "Scan Direction": "Forward", "Index Name": "customer_demographics_pkey", "Relation Name": "customer_demographics", "Alias": "cd1", "Startup Cost": 0.43, "Total Cost": 0.46, "Plan Rows": 1, "Plan Width": 4, "Index Cond": "(cd_demo_sk = catalog_sales.cs_bill_cdemo_sk)", "Filter": "((cd_gender = 'M'::bpchar) AND (cd_education_status = '4 yr Degree'::bpchar))"}]}, {"Node Type": "Index Scan", "Parent Relationship": "Inner", "Parallel Aware": false, "Async Capable": false, "Scan Direction": "Forward", "Index Name": "customer_pkey", "Relation Name": "customer", "Alias": "customer", "Startup Cost": 0.42, "Total Cost": 0.45, "Plan Rows": 1, "Plan Width": 12, "Index Cond": "(c_customer_sk = catalog_sales.cs_bill_customer_sk)", "Filter": "(c_birth_month = ANY ('{10,12,9,2,4,8}'::integer[]))"}]}, {"Node Type": "Index Scan", "Parent Relationship": "Inner", "Parallel Aware": false, "Async Capable": false, "Scan Direction": "Forward", "Index Name": "customer_address_pkey", "Relation Name": "customer_address", "Alias": "customer_address", "Startup Cost": 0.42, "Total Cost": 0.55, "Plan Rows": 1, "Plan Width": 4, "Index Cond": "(ca_address_sk = customer.c_current_addr_sk)", "Filter": "(ca_state = ANY ('{GA,KY,TN,MN,SD,MO,MD}'::bpchar[]))"}]}, {"Node Type": "Index Only Scan", "Parent Relationship": "Inner", "Parallel Aware": false, "Async Capable": false, "Scan Direction": "Forward", "Index Name": "customer_demographics_pkey", "Relation Name": "customer_demographics", "Alias": "cd2", "Startup Cost": 0.43, "Total Cost": 0.53, "Plan Rows": 1, "Plan Width": 4, "Index Cond": "(cd_demo_sk = customer.c_current_cdemo_sk)"}]}]}]}]}}, {"Plan": {"Node Type": "Aggregate", "Strategy": "Plain", "Partial Mode": "Finalize", "Parallel Aware": false, "Async Capable": false, "Startup Cost": 496322.33, "Total Cost": 496322.34, "Plan Rows": 1, "Plan Width": 8, "Actual Rows": 1, "Actual Loops": 1, "Plans": [{"Node Type": "Gather", "Parent Relationship": "Outer", "Parallel Aware": false, "Async Capable": false, "Startup Cost": 496322.11, "Total Cost": 496322.32, "Plan Rows": 2, "Plan Width": 8, "Actual Rows": 3, "Actual Loops": 1, "Workers Planned": 2, "Workers Launched": 2, "Single Copy": false, "Plans": [{"Node Type": "Aggregate", "Strategy": "Plain", "Partial Mode": "Partial", "Parent Relationship": "Outer", "Parallel Aware": false, "Async Capable": false, "Startup Cost": 495322.11, "Total Cost": 495322.12, "Plan Rows": 1, "Plan Width": 8, "Actual Rows": 1, "Actual Loops": 3, "Workers": [], "Plans": [{"Node Type": "Hash Join", "Parent Relationship": "Outer", "Parallel Aware": true, "Async Capable": false, "Join Type": "Inner", "Startup Cost": 493062.44, "Total Cost": 495321.6, "Plan Rows": 207, "Plan Width": 0, "Actual Rows": 6312, "Actual Loops": 3, "Inner Unique": false, "Hash Cond": "(item.i_item_sk = catalog_sales.cs_item_sk)", "Workers": [], "Plans": [{"Node Type": "Index Only Scan", "Parent Relationship": "Outer", "Parallel Aware": true, "Async Capable": false, "Scan Direction": "Forward", "Index Name": "item_pkey", "Relation Name": "item", "Alias": "item", "Startup Cost": 0.29, "Total Cost": 2099.4, "Plan Rows": 42500, "Plan Width": 4, "Actual Rows": 34000, "Actual Loops": 3, "Heap Fetches": 0, "Workers": []}, {"Node Type": "Hash", "Parent Relationship": "Inner", "Parallel Aware": true, "Async Capable": false, "Startup Cost": 493060.15, "Total Cost": 493060.15, "Plan Rows": 160, "Plan Width": 4, "Actual Rows": 6312, "Actual Loops": 3, "Hash Buckets": 32768, "Original Hash Buckets": 1024, "Hash Batches": 1, "Original Hash Batches": 1, "Peak Memory Usage": 1336, "Workers": [], "Plans": [{"Node Type": "Hash Join", "Parent Relationship": "Outer", "Parallel Aware": true, "Async Capable": false, "Join Type": "Inner", "Startup Cost": 462683.83, "Total Cost": 493060.15, "Plan Rows": 160, "Plan Width": 4, "Actual Rows": 6312, "Actual Loops": 3, "Inner Unique": false, "Hash Cond": "(cd2.cd_demo_sk = customer.c_current_cdemo_sk)", "Workers": [], "Plans": [{"Node Type": "Seq Scan", "Parent Relationship": "Outer", "Parallel Aware": true, "Async Capable": false, "Relation Name": "customer_demographics", "Alias": "cd2", "Startup Cost": 0.0, "Total Cost": 28052.13, "Plan Rows": 619613, "Plan Width": 4, "Actual Rows": 640267, "Actual Loops": 3, "Workers": []}, {"Node Type": "Hash", "Parent Relationship": "Inner", "Parallel Aware": true, "Async Capable": false, "Startup Cost": 462681.24, "Total Cost": 462681.24, "Plan Rows": 207, "Plan Width": 8, "Actual Rows": 6433, "Actual Loops": 3, "Hash Buckets": 32768, "Original Hash Buckets": 1024, "Hash Batches": 1, "Original Hash Batches": 1, "Peak Memory Usage": 1336, "Workers": [], "Plans": [{"Node Type": "Hash Join", "Parent Relationship": "Outer", "Parallel Aware": true, "Async Capable": false, "Join Type": "Inner", "Startup Cost": 455160.26, "Total Cost": 462681.24, "Plan Rows": 207, "Plan Width": 8, "Actual Rows": 6433, "Actual Loops": 3, "Inner Unique": false, "Hash Cond": "(customer_address.ca_address_sk = customer.c_current_addr_sk)", "Workers": [], "Plans": [{"Node Type": "Seq Scan", "Parent Relationship": "Outer", "Parallel Aware": true, "Async Capable": false, "Relation Name": "customer_address", "Alias": "customer_address", "Startup Cost": 0.0, "Total Cost": 7441.12, "Plan Rows": 21117, "Plan Width": 4, "Actual Rows": 16882, "Actual Loops": 3, "Filter": "(ca_state = ANY ('{GA,KY,TN,MN,SD,MO,MD}'::bpchar[]))", "Rows Removed by Filter": 66451, "Workers": []}, {"Node Type": "Hash", "Parent Relationship": "Inner", "Parallel Aware": true, "Async Capable": false, "Startup Cost": 455150.4, "Total Cost": 455150.4, "Plan Rows": 789, "Plan Width": 12, "Actual Rows": 32041, "Actual Loops": 3, "Hash Buckets": 131072, "Original Hash Buckets": 4096, "Hash Batches": 1, "Original Hash Batches": 1, "Peak Memory Usage": 6560, "Workers": [], "Plans": [{"Node Type": "Hash Join", "Parent Relationship": "Outer", "Parallel Aware": true, "Async Capable": false, "Join Type": "Inner", "Startup Cost": 437770.95, "Total Cost": 455150.4, "Plan Rows": 789, "Plan Width": 12, "Actual Rows": 32041, "Actual Loops": 3, "Inner Unique": false, "Hash Cond": "(customer.c_customer_sk = catalog_sales.cs_bill_customer_sk)", "Workers": [], "Plans": [{"Node Type": "Seq Scan", "Parent Relationship": "Outer", "Parallel Aware": true, "Async Capable": false, "Relation Name": "customer", "Alias": "customer", "Startup Cost": 0.0, "Total Cost": 17086.58, "Plan Rows": 77419, "Plan Width": 12, "Actual Rows": 79894, "Actual Loops": 3, "Filter": "(c_birth_month = ANY ('{10,12,9,2,4,8}'::integer[]))", "Rows Removed by Filter": 86773, "Workers": []}, {"Node Type": "Hash", "Parent Relationship": "Inner", "Parallel Aware": true, "Async Capable": false, "Startup Cost": 437750.28, "Total Cost": 437750.28, "Plan Rows": 1653, "Plan Width": 8, "Actual Rows": 67295, "Actual Loops": 3, "Hash Buckets": 262144, "Original Hash Buckets": 8192, "Hash Batches": 1, "Original Hash Batches": 1, "Peak Memory Usage": 11968, "Workers": [], "Plans": [{"Node Type": "Hash Join", "Parent Relationship": "Outer", "Parallel Aware": true, "Async Capable": false, "Join Type": "Inner", "Startup Cost": 406376.79, "Total Cost": 437750.28, "Plan Rows": 1653, "Plan Width": 8, "Actual Rows": 67295, "Actual Loops": 3, "Inner Unique": false, "Hash Cond": "(cd1.cd_demo_sk = catalog_sales.cs_bill_cdemo_sk)", "Workers": [], "Plans": [{"Node Type": "Seq Scan", "Parent Relationship": "Outer", "Parallel Aware": true, "Async Capable": false, "Relation Name": "customer_demographics", "Alias": "cd1", "Startup Cost": 0.0, "Total Cost": 31150.19, "Plan Rows": 44112, "Plan Width": 4, "Actual Rows": 45733, "Actual Loops": 3, "Filter": "((cd_gender = 'M'::bpchar) AND (cd_education_status = '4 yr Degree'::bpchar))", "Rows Removed by Filter": 594533, "Workers": []}, {"Node Type": "Hash", "Parent Relationship": "Inner", "Parallel Aware": true, "Async Capable": false, "Startup Cost": 406226.88, "Total Cost": 406226.88, "Plan Rows": 11993, "Plan Width": 12, "Actual Rows": 950866, "Actual Loops": 3, "Hash Buckets": 4194304, "Original Hash Buckets": 131072, "Hash Batches": 1, "Original Hash Batches": 1, "Peak Memory Usage": 198080, "Workers": [], "Plans": [{"Node Type": "Hash Join", "Parent Relationship": "Outer", "Parallel Aware": true, "Async Capable": false, "Join Type": "Inner", "Startup Cost": 1963.81, "Total Cost": 406226.88, "Plan Rows": 11993, "Plan Width": 12, "Actual Rows": 950866, "Actual Loops": 3, "Inner Unique": true, "Hash Cond": "(catalog_sales.cs_sold_date_sk = date_dim.d_date_sk)", "Workers": [], "Plans": [{"Node Type": "Seq Scan", "Parent Relationship": "Outer", "Parallel Aware": true, "Async Capable": false, "Relation Name": "catalog_sales", "Alias": "catalog_sales", "Startup Cost": 0.0, "Total Cost": 397962.14, "Plan Rows": 2400214, "Plan Width": 16, "Actual Rows": 4800420, "Actual Loops": 3, "Workers": []}, {"Node Type": "Hash", "Parent Relationship": "Inner", "Parallel Aware": true, "Async Capable": false, "Startup Cost": 1961.12, "Total Cost": 1961.12, "Plan Rows": 215, "Plan Width": 4, "Actual Rows": 122, "Actual Loops": 3, "Hash Buckets": 1024, "Original Hash Buckets": 1024, "Hash Batches": 1, "Original Hash Batches": 1, "Peak Memory Usage": 104, "Workers": [], "Plans": [{"Node Type": "Seq Scan", "Parent Relationship": "Outer", "Parallel Aware": true, "Async Capable": false, "Relation Name": "date_dim", "Alias": "date_dim", "Startup Cost": 0.0, "Total Cost": 1961.12, "Plan Rows": 215, "Plan Width": 4, "Actual Rows": 122, "Actual Loops": 3, "Filter": "(d_year = 2001)", "Rows Removed by Filter": 24228, "Workers": []}]}]}]}]}]}]}]}]}]}]}]}]}]}]}]}, "Planning Time": 4.093, "Triggers": [], "Execution Time": 4312.409}, {"Plan": {"Node Type": "Aggregate", "Strategy": "Plain", "Partial Mode": "Simple", "Parallel Aware": false, "Async Capable": false, "Startup Cost": 10002658122.38, "Total Cost": 10002658122.39, "Plan Rows": 1, "Plan Width": 8, "Plans": [{"Node Type": "Nested Loop", "Parent Relationship": "Outer", "Parallel Aware": false, "Async Capable": false, "Join Type": "Inner", "Startup Cost": 10000000002.88, "Total Cost": 10002658121.14, "Plan Rows": 496, "Plan Width": 0, "Inner Unique": true, "Plans": [{"Node Type": "Nested Loop", "Parent Relationship": "Outer", "Parallel Aware": false, "Async Capable": false, "Join Type": "Inner", "Startup Cost": 10000000002.57, "Total Cost": 10002655981.97, "Plan Rows": 496, "Plan Width": 4, "Inner Unique": true, "Plans": [{"Node Type": "Nested Loop", "Parent Relationship": "Outer", "Parallel Aware": false, "Async Capable": false, "Join Type": "Inner", "Startup Cost": 10000000002.05, "Total Cost": 10002653732.34, "Plan Rows": 496, "Plan Width": 8, "Inner Unique": true, "Plans": [{"Node Type": "Nested Loop", "Parent Relationship": "Outer", "Parallel Aware": false, "Async Capable": false, "Join Type": "Inner", "Startup Cost": 10000000001.61, "Total Cost": 10002642817.62, "Plan Rows": 2447, "Plan Width": 12, "Inner Unique": true, "Plans": [{"Node Type": "Nested Loop", "Parent Relationship": "Outer", "Parallel Aware": false, "Async Capable": false, "Join Type": "Inner", "Startup Cost": 10000000001.18, "Total Cost": 10002620016.68, "Plan Rows": 5123, "Plan Width": 8, "Inner Unique": true, "Plans": [{"Node Type": "Nested Loop", "Parent Relationship": "Outer", "Parallel Aware": false, "Async Capable": false, "Join Type": "Inner", "Startup Cost": 10000000000.75, "Total Cost": 10002299500.41, "Plan Rows": 71958, "Plan Width": 12, "Inner Unique": true, "Plans": [{"Node Type": "Index Scan", "Parent Relationship": "Outer", "Parallel Aware": false, "Async Capable": false, "Scan Direction": "Forward", "Index Name": "catalog_sales_pkey", "Relation Name": "catalog_sales", "Alias": "catalog_sales", "Startup Cost": 10000000000.43, "Total Cost": 10001931548.49, "Plan Rows": 14401282, "Plan Width": 16}, {"Node Type": "Memoize", "Parent Relationship": "Inner", "Parallel Aware": false, "Async Capable": false, "Startup Cost": 0.31, "Total Cost": 4.33, "Plan Rows": 1, "Plan Width": 4, "Cache Key": "catalog_sales.cs_sold_date_sk", "Cache Mode": "logical", "Plans": [{"Node Type": "Bitmap Heap Scan", "Parent Relationship": "Outer", "Parallel Aware": false, "Async Capable": false, "Relation Name": "date_dim", "Alias": "date_dim", "Startup Cost": 0.3, "Total Cost": 4.32, "Plan Rows": 1, "Plan Width": 4, "Recheck Cond": "(d_date_sk = catalog_sales.cs_sold_date_sk)", "Filter": "(d_year = 2001)", "Plans": [{"Node Type": "Bitmap Index Scan", "Parent Relationship": "Outer", "Parallel Aware": false, "Async Capable": false, "Index Name": "date_dim_pkey", "Startup Cost": 0.0, "Total Cost": 0.3, "Plan Rows": 1, "Plan Width": 0, "Index Cond": "(d_date_sk = catalog_sales.cs_sold_date_sk)"}]}]}]}, {"Node Type": "Bitmap Heap Scan", "Parent Relationship": "Inner", "Parallel Aware": false, "Async Capable": false, "Relation Name": "customer_demographics", "Alias": "cd1", "Startup Cost": 0.44, "Total Cost": 4.45, "Plan Rows": 1, "Plan Width": 4, "Recheck Cond": "(cd_demo_sk = catalog_sales.cs_bill_cdemo_sk)", "Filter": "((cd_gender = 'M'::bpchar) AND (cd_education_status = '4 yr Degree'::bpchar))", "Plans": [{"Node Type": "Bitmap Index Scan", "Parent Relationship": "Outer", "Parallel Aware": false, "Async Capable": false, "Index Name": "customer_demographics_pkey", "Startup Cost": 0.0, "Total Cost": 0.44, "Plan Rows": 1, "Plan Width": 0, "Index Cond": "(cd_demo_sk = catalog_sales.cs_bill_cdemo_sk)"}]}]}, {"Node Type": "Bitmap Heap Scan", "Parent Relationship": "Inner", "Parallel Aware": false, "Async Capable": false, "Relation Name": "customer", "Alias": "customer", "Startup Cost": 0.43, "Total Cost": 4.45, "Plan Rows": 1, "Plan Width": 12, "Recheck Cond": "(c_customer_sk = catalog_sales.cs_bill_customer_sk)", "Filter": "(c_birth_month = ANY ('{10,12,9,2,4,8}'::integer[]))", "Plans": [{"Node Type": "Bitmap Index Scan", "Parent Relationship": "Outer", "Parallel Aware": false, "Async Capable": false, "Index Name": "customer_pkey", "Startup Cost": 0.0, "Total Cost": 0.43, "Plan Rows": 1, "Plan Width": 0, "Index Cond": "(c_customer_sk = catalog_sales.cs_bill_customer_sk)"}]}]}, {"Node Type": "Bitmap Heap Scan", "Parent Relationship": "Inner", "Parallel Aware": false, "Async Capable": false, "Relation Name": "customer_address", "Alias": "customer_address", "Startup Cost": 0.44, "Total Cost": 4.46, "Plan Rows": 1, "Plan Width": 4, "Recheck Cond": "(ca_address_sk = customer.c_current_addr_sk)", "Filter": "(ca_state = ANY ('{GA,KY,TN,MN,SD,MO,MD}'::bpchar[]))", "Plans": [{"Node Type": "Bitmap Index Scan", "Parent Relationship": "Outer", "Parallel Aware": false, "Async Capable": false, "Index Name": "customer_address_pkey", "Startup Cost": 0.0, "Total Cost": 0.44, "Plan Rows": 1, "Plan Width": 0, "Index Cond": "(ca_address_sk = customer.c_current_addr_sk)"}]}]}, {"Node Type": "Bitmap Heap Scan", "Parent Relationship": "Inner", "Parallel Aware": false, "Async Capable": false, "Relation Name": "customer_demographics", "Alias": "cd2", "Startup Cost": 0.52, "Total Cost": 4.54, "Plan Rows": 1, "Plan Width": 4, "Recheck Cond": "(cd_demo_sk = customer.c_current_cdemo_sk)", "Plans": [{"Node Type": "Bitmap Index Scan", "Parent Relationship": "Outer", "Parallel Aware": false, "Async Capable": false, "Index Name": "customer_demographics_pkey", "Startup Cost": 0.0, "Total Cost": 0.52, "Plan Rows": 1, "Plan Width": 0, "Index Cond": "(cd_demo_sk = customer.c_current_cdemo_sk)"}]}]}, {"Node Type": "Bitmap Heap Scan", "Parent Relationship": "Inner", "Parallel Aware": false, "Async Capable": false, "Relation Name": "item", "Alias": "item", "Startup Cost": 0.3, "Total Cost": 4.31, "Plan Rows": 1, "Plan Width": 4, "Recheck Cond": "(catalog_sales.cs_item_sk = i_item_sk)", "Plans": [{"Node Type": "Bitmap Index Scan", "Parent Relationship": "Outer", "Parallel Aware": false, "Async Capable": false, "Index Name": "item_pkey", "Startup Cost": 0.0, "Total Cost": 0.3, "Plan Rows": 1, "Plan Width": 0, "Index Cond": "(i_item_sk = catalog_sales.cs_item_sk)"}]}]}]}}, {"Plan": {"Node Type": "Aggregate", "Strategy": "Plain", "Partial Mode": "Finalize", "Parallel Aware": false, "Async Capable": false, "Startup Cost": 443863.82, "Total Cost": 443863.83, "Plan Rows": 1, "Plan Width": 8, "Actual Rows": 1, "Actual Loops": 1, "Plans": [{"Node Type": "Gather", "Parent Relationship": "Outer", "Parallel Aware": false, "Async Capable": false, "Startup Cost": 443863.5, "Total Cost": 443863.81, "Plan Rows": 3, "Plan Width": 8, "Actual Rows": 4, "Actual Loops": 1, "Workers Planned": 3, "Workers Launched": 3, "Single Copy": false, "Plans": [{"Node Type": "Aggregate", "Strategy": "Plain", "Partial Mode": "Partial", "Parent Relationship": "Outer", "Parallel Aware": false, "Async Capable": false, "Startup Cost": 442863.5, "Total Cost": 442863.51, "Plan Rows": 1, "Plan Width": 8, "Actual Rows": 1, "Actual Loops": 4, "Workers": [], "Plans": [{"Node Type": "Nested Loop", "Parent Relationship": "Outer", "Parallel Aware": false, "Async Capable": false, "Join Type": "Inner", "Startup Cost": 414083.14, "Total Cost": 442863.1, "Plan Rows": 160, "Plan Width": 0, "Actual Rows": 4734, "Actual Loops": 4, "Inner Unique": true, "Workers": [], "Plans": [{"Node Type": "Nested Loop", "Parent Relationship": "Outer", "Parallel Aware": false, "Async Capable": false, "Join Type": "Inner", "Startup Cost": 414082.84, "Total Cost": 442173.05, "Plan Rows": 160, "Plan Width": 4, "Actual Rows": 4734, "Actual Loops": 4, "Inner Unique": true, "Workers": [], "Plans": [{"Node Type": "Nested Loop", "Parent Relationship": "Outer", "Parallel Aware": false, "Async Capable": false, "Join Type": "Inner", "Startup Cost": 414082.31, "Total Cost": 441447.36, "Plan Rows": 160, "Plan Width": 8, "Actual Rows": 4825, "Actual Loops": 4, "Inner Unique": true, "Workers": [], "Plans": [{"Node Type": "Hash Join", "Parent Relationship": "Outer", "Parallel Aware": true, "Async Capable": false, "Join Type": "Inner", "Startup Cost": 414081.88, "Total Cost": 431434.29, "Plan Rows": 2248, "Plan Width": 12, "Actual Rows": 69556, "Actual Loops": 4, "Inner Unique": false, "Hash Cond": "(customer.c_customer_sk = catalog_sales.cs_bill_customer_sk)", "Workers": [], "Plans": [{"Node Type": "Hash Join", "Parent Relationship": "Outer", "Parallel Aware": true, "Async Capable": false, "Join Type": "Inner", "Startup Cost": 7705.09, "Total Cost": 24994.89, "Plan Rows": 15695, "Plan Width": 8, "Actual Rows": 12159, "Actual Loops": 4, "Inner Unique": true, "Hash Cond": "(customer.c_current_addr_sk = customer_address.ca_address_sk)", "Workers": [], "Plans": [{"Node Type": "Seq Scan", "Parent Relationship": "Outer", "Parallel Aware": true, "Async Capable": false, "Relation Name": "customer", "Alias": "customer", "Startup Cost": 0.0, "Total Cost": 17086.58, "Plan Rows": 77419, "Plan Width": 12, "Actual Rows": 59920, "Actual Loops": 4, "Filter": "(c_birth_month = ANY ('{10,12,9,2,4,8}'::integer[]))", "Rows Removed by Filter": 65080, "Workers": []}, {"Node Type": "Hash", "Parent Relationship": "Inner", "Parallel Aware": true, "Async Capable": false, "Startup Cost": 7441.12, "Total Cost": 7441.12, "Plan Rows": 21117, "Plan Width": 4, "Actual Rows": 12662, "Actual Loops": 4, "Hash Buckets": 65536, "Original Hash Buckets": 65536, "Hash Batches": 1, "Original Hash Batches": 1, "Peak Memory Usage": 2528, "Workers": [], "Plans": [{"Node Type": "Seq Scan", "Parent Relationship": "Outer", "Parallel Aware": true, "Async Capable": false, "Relation Name": "customer_address", "Alias": "customer_address", "Startup Cost": 0.0, "Total Cost": 7441.12, "Plan Rows": 21117, "Plan Width": 4, "Actual Rows": 12662, "Actual Loops": 4, "Filter": "(ca_state = ANY ('{GA,KY,TN,MN,SD,MO,MD}'::bpchar[]))", "Rows Removed by Filter": 49838, "Workers": []}]}]}, {"Node Type": "Hash", "Parent Relationship": "Inner", "Parallel Aware": true, "Async Capable": false, "Startup Cost": 406226.88, "Total Cost": 406226.88, "Plan Rows": 11993, "Plan Width": 12, "Actual Rows": 713150, "Actual Loops": 4, "Hash Buckets": 4194304, "Original Hash Buckets": 131072, "Hash Batches": 1, "Original Hash Batches": 1, "Peak Memory Usage": 198080, "Workers": [], "Plans": [{"Node Type": "Hash Join", "Parent Relationship": "Outer", "Parallel Aware": true, "Async Capable": false, "Join Type": "Inner", "Startup Cost": 1963.81, "Total Cost": 406226.88, "Plan Rows": 11993, "Plan Width": 12, "Actual Rows": 713150, "Actual Loops": 4, "Inner Unique": true, "Hash Cond": "(catalog_sales.cs_sold_date_sk = date_dim.d_date_sk)", "Workers": [], "Plans": [{"Node Type": "Seq Scan", "Parent Relationship": "Outer", "Parallel Aware": true, "Async Capable": false, "Relation Name": "catalog_sales", "Alias": "catalog_sales", "Startup Cost": 0.0, "Total Cost": 397962.14, "Plan Rows": 2400214, "Plan Width": 16, "Actual Rows": 3600315, "Actual Loops": 4, "Workers": []}, {"Node Type": "Hash", "Parent Relationship": "Inner", "Parallel Aware": true, "Async Capable": false, "Startup Cost": 1961.12, "Total Cost": 1961.12, "Plan Rows": 215, "Plan Width": 4, "Actual Rows": 91, "Actual Loops": 4, "Hash Buckets": 1024, "Original Hash Buckets": 1024, "Hash Batches": 1, "Original Hash Batches": 1, "Peak Memory Usage": 40, "Workers": [], "Plans": [{"Node Type": "Seq Scan", "Parent Relationship": "Outer", "Parallel Aware": true, "Async Capable": false, "Relation Name": "date_dim", "Alias": "date_dim", "Startup Cost": 0.0, "Total Cost": 1961.12, "Plan Rows": 215, "Plan Width": 4, "Actual Rows": 91, "Actual Loops": 4, "Filter": "(d_year = 2001)", "Rows Removed by Filter": 18171, "Workers": []}]}]}]}]}, {"Node Type": "Bitmap Heap Scan", "Parent Relationship": "Inner", "Parallel Aware": false, "Async Capable": false, "Relation Name": "customer_demographics", "Alias": "cd1", "Startup Cost": 0.44, "Total Cost": 4.45, "Plan Rows": 1, "Plan Width": 4, "Actual Rows": 0, "Actual Loops": 278224, "Recheck Cond": "(cd_demo_sk = catalog_sales.cs_bill_cdemo_sk)", "Rows Removed by Index Recheck": 0, "Filter": "((cd_gender = 'M'::bpchar) AND (cd_education_status = '4 yr Degree'::bpchar))", "Rows Removed by Filter": 1, "Exact Heap Blocks": 72863, "Lossy Heap Blocks": 0, "Workers": [], "Plans": [{"Node Type": "Bitmap Index Scan", "Parent Relationship": "Outer", "Parallel Aware": false, "Async Capable": false, "Index Name": "customer_demographics_pkey", "Startup Cost": 0.0, "Total Cost": 0.44, "Plan Rows": 1, "Plan Width": 0, "Actual Rows": 1, "Actual Loops": 278224, "Index Cond": "(cd_demo_sk = catalog_sales.cs_bill_cdemo_sk)", "Workers": []}]}]}, {"Node Type": "Bitmap Heap Scan", "Parent Relationship": "Inner", "Parallel Aware": false, "Async Capable": false, "Relation Name": "customer_demographics", "Alias": "cd2", "Startup Cost": 0.52, "Total Cost": 4.54, "Plan Rows": 1, "Plan Width": 4, "Actual Rows": 1, "Actual Loops": 19300, "Recheck Cond": "(cd_demo_sk = customer.c_current_cdemo_sk)", "Rows Removed by Index Recheck": 0, "Exact Heap Blocks": 4895, "Lossy Heap Blocks": 0, "Workers": [], "Plans": [{"Node Type": "Bitmap Index Scan", "Parent Relationship": "Outer", "Parallel Aware": false, "Async Capable": false, "Index Name": "customer_demographics_pkey", "Startup Cost": 0.0, "Total Cost": 0.52, "Plan Rows": 1, "Plan Width": 0, "Actual Rows": 1, "Actual Loops": 19300, "Index Cond": "(cd_demo_sk = customer.c_current_cdemo_sk)", "Workers": []}]}]}, {"Node Type": "Bitmap Heap Scan", "Parent Relationship": "Inner", "Parallel Aware": false, "Async Capable": false, "Relation Name": "item", "Alias": "item", "Startup Cost": 0.3, "Total Cost": 4.31, "Plan Rows": 1, "Plan Width": 4, "Actual Rows": 1, "Actual Loops": 18936, "Recheck Cond": "(catalog_sales.cs_item_sk = i_item_sk)", "Rows Removed by Index Recheck": 0, "Exact Heap Blocks": 4895, "Lossy Heap Blocks": 0, "Workers": [], "Plans": [{"Node Type": "Bitmap Index Scan", "Parent Relationship": "Outer", "Parallel Aware": false, "Async Capable": false, "Index Name": "item_pkey", "Startup Cost": 0.0, "Total Cost": 0.3, "Plan Rows": 1, "Plan Width": 0, "Actual Rows": 1, "Actual Loops": 18936, "Index Cond": "(i_item_sk = catalog_sales.cs_item_sk)", "Workers": []}]}]}]}]}]}, "Planning Time": 4.647, "Triggers": [], "Execution Time": 2690.762}, {"Plan": {"Node Type": "Aggregate", "Strategy": "Plain", "Partial Mode": "Finalize", "Parallel Aware": false, "Async Capable": false, "Startup Cost": 501691.93, "Total Cost": 501691.94, "Plan Rows": 1, "Plan Width": 8, "Actual Rows": 1, "Actual Loops": 1, "Plans": [{"Node Type": "Gather", "Parent Relationship": "Outer", "Parallel Aware": false, "Async Capable": false, "Startup Cost": 501691.71, "Total Cost": 501691.92, "Plan Rows": 2, "Plan Width": 8, "Actual Rows": 3, "Actual Loops": 1, "Workers Planned": 2, "Workers Launched": 2, "Single Copy": false, "Plans": [{"Node Type": "Aggregate", "Strategy": "Plain", "Partial Mode": "Partial", "Parent Relationship": "Outer", "Parallel Aware": false, "Async Capable": false, "Startup Cost": 500691.71, "Total Cost": 500691.72, "Plan Rows": 1, "Plan Width": 8, "Actual Rows": 1, "Actual Loops": 3, "Workers": [], "Plans": [{"Node Type": "Hash Join", "Parent Relationship": "Outer", "Parallel Aware": true, "Async Capable": false, "Join Type": "Inner", "Startup Cost": 493062.15, "Total Cost": 500691.2, "Plan Rows": 207, "Plan Width": 0, "Actual Rows": 6312, "Actual Loops": 3, "Inner Unique": false, "Hash Cond": "(item.i_item_sk = catalog_sales.cs_item_sk)", "Workers": [], "Plans": [{"Node Type": "Seq Scan", "Parent Relationship": "Outer", "Parallel Aware": true, "Async Capable": false, "Relation Name": "item", "Alias": "item", "Startup Cost": 0.0, "Total Cost": 7469.0, "Plan Rows": 42500, "Plan Width": 4, "Actual Rows": 34000, "Actual Loops": 3, "Workers": []}, {"Node Type": "Hash", "Parent Relationship": "Inner", "Parallel Aware": true, "Async Capable": false, "Startup Cost": 493060.15, "Total Cost": 493060.15, "Plan Rows": 160, "Plan Width": 4, "Actual Rows": 6312, "Actual Loops": 3, "Hash Buckets": 32768, "Original Hash Buckets": 1024, "Hash Batches": 1, "Original Hash Batches": 1, "Peak Memory Usage": 1336, "Workers": [], "Plans": [{"Node Type": "Hash Join", "Parent Relationship": "Outer", "Parallel Aware": true, "Async Capable": false, "Join Type": "Inner", "Startup Cost": 462683.83, "Total Cost": 493060.15, "Plan Rows": 160, "Plan Width": 4, "Actual Rows": 6312, "Actual Loops": 3, "Inner Unique": false, "Hash Cond": "(cd2.cd_demo_sk = customer.c_current_cdemo_sk)", "Workers": [], "Plans": [{"Node Type": "Seq Scan", "Parent Relationship": "Outer", "Parallel Aware": true, "Async Capable": false, "Relation Name": "customer_demographics", "Alias": "cd2", "Startup Cost": 0.0, "Total Cost": 28052.13, "Plan Rows": 619613, "Plan Width": 4, "Actual Rows": 640267, "Actual Loops": 3, "Workers": []}, {"Node Type": "Hash", "Parent Relationship": "Inner", "Parallel Aware": true, "Async Capable": false, "Startup Cost": 462681.24, "Total Cost": 462681.24, "Plan Rows": 207, "Plan Width": 8, "Actual Rows": 6433, "Actual Loops": 3, "Hash Buckets": 32768, "Original Hash Buckets": 1024, "Hash Batches": 1, "Original Hash Batches": 1, "Peak Memory Usage": 1336, "Workers": [], "Plans": [{"Node Type": "Hash Join", "Parent Relationship": "Outer", "Parallel Aware": true, "Async Capable": false, "Join Type": "Inner", "Startup Cost": 455160.26, "Total Cost": 462681.24, "Plan Rows": 207, "Plan Width": 8, "Actual Rows": 6433, "Actual Loops": 3, "Inner Unique": false, "Hash Cond": "(customer_address.ca_address_sk = customer.c_current_addr_sk)", "Workers": [], "Plans": [{"Node Type": "Seq Scan", "Parent Relationship": "Outer", "Parallel Aware": true, "Async Capable": false, "Relation Name": "customer_address", "Alias": "customer_address", "Startup Cost": 0.0, "Total Cost": 7441.12, "Plan Rows": 21117, "Plan Width": 4, "Actual Rows": 16882, "Actual Loops": 3, "Filter": "(ca_state = ANY ('{GA,KY,TN,MN,SD,MO,MD}'::bpchar[]))", "Rows Removed by Filter": 66451, "Workers": []}, {"Node Type": "Hash", "Parent Relationship": "Inner", "Parallel Aware": true, "Async Capable": false, "Startup Cost": 455150.4, "Total Cost": 455150.4, "Plan Rows": 789, "Plan Width": 12, "Actual Rows": 32041, "Actual Loops": 3, "Hash Buckets": 131072, "Original Hash Buckets": 4096, "Hash Batches": 1, "Original Hash Batches": 1, "Peak Memory Usage": 6592, "Workers": [], "Plans": [{"Node Type": "Hash Join", "Parent Relationship": "Outer", "Parallel Aware": true, "Async Capable": false, "Join Type": "Inner", "Startup Cost": 437770.95, "Total Cost": 455150.4, "Plan Rows": 789, "Plan Width": 12, "Actual Rows": 32041, "Actual Loops": 3, "Inner Unique": false, "Hash Cond": "(customer.c_customer_sk = catalog_sales.cs_bill_customer_sk)", "Workers": [], "Plans": [{"Node Type": "Seq Scan", "Parent Relationship": "Outer", "Parallel Aware": true, "Async Capable": false, "Relation Name": "customer", "Alias": "customer", "Startup Cost": 0.0, "Total Cost": 17086.58, "Plan Rows": 77419, "Plan Width": 12, "Actual Rows": 79894, "Actual Loops": 3, "Filter": "(c_birth_month = ANY ('{10,12,9,2,4,8}'::integer[]))", "Rows Removed by Filter": 86773, "Workers": []}, {"Node Type": "Hash", "Parent Relationship": "Inner", "Parallel Aware": true, "Async Capable": false, "Startup Cost": 437750.28, "Total Cost": 437750.28, "Plan Rows": 1653, "Plan Width": 8, "Actual Rows": 67295, "Actual Loops": 3, "Hash Buckets": 262144, "Original Hash Buckets": 8192, "Hash Batches": 1, "Original Hash Batches": 1, "Peak Memory Usage": 11936, "Workers": [], "Plans": [{"Node Type": "Hash Join", "Parent Relationship": "Outer", "Parallel Aware": true, "Async Capable": false, "Join Type": "Inner", "Startup Cost": 406376.79, "Total Cost": 437750.28, "Plan Rows": 1653, "Plan Width": 8, "Actual Rows": 67295, "Actual Loops": 3, "Inner Unique": false, "Hash Cond": "(cd1.cd_demo_sk = catalog_sales.cs_bill_cdemo_sk)", "Workers": [], "Plans": [{"Node Type": "Seq Scan", "Parent Relationship": "Outer", "Parallel Aware": true, "Async Capable": false, "Relation Name": "customer_demographics", "Alias": "cd1", "Startup Cost": 0.0, "Total Cost": 31150.19, "Plan Rows": 44112, "Plan Width": 4, "Actual Rows": 45733, "Actual Loops": 3, "Filter": "((cd_gender = 'M'::bpchar) AND (cd_education_status = '4 yr Degree'::bpchar))", "Rows Removed by Filter": 594533, "Workers": []}, {"Node Type": "Hash", "Parent Relationship": "Inner", "Parallel Aware": true, "Async Capable": false, "Startup Cost": 406226.88, "Total Cost": 406226.88, "Plan Rows": 11993, "Plan Width": 12, "Actual Rows": 950866, "Actual Loops": 3, "Hash Buckets": 4194304, "Original Hash Buckets": 131072, "Hash Batches": 1, "Original Hash Batches": 1, "Peak Memory Usage": 198080, "Workers": [], "Plans": [{"Node Type": "Hash Join", "Parent Relationship": "Outer", "Parallel Aware": true, "Async Capable": false, "Join Type": "Inner", "Startup Cost": 1963.81, "Total Cost": 406226.88, "Plan Rows": 11993, "Plan Width": 12, "Actual Rows": 950866, "Actual Loops": 3, "Inner Unique": true, "Hash Cond": "(catalog_sales.cs_sold_date_sk = date_dim.d_date_sk)", "Workers": [], "Plans": [{"Node Type": "Seq Scan", "Parent Relationship": "Outer", "Parallel Aware": true, "Async Capable": false, "Relation Name": "catalog_sales", "Alias": "catalog_sales", "Startup Cost": 0.0, "Total Cost": 397962.14, "Plan Rows": 2400214, "Plan Width": 16, "Actual Rows": 4800420, "Actual Loops": 3, "Workers": []}, {"Node Type": "Hash", "Parent Relationship": "Inner", "Parallel Aware": true, "Async Capable": false, "Startup Cost": 1961.12, "Total Cost": 1961.12, "Plan Rows": 215, "Plan Width": 4, "Actual Rows": 122, "Actual Loops": 3, "Hash Buckets": 1024, "Original Hash Buckets": 1024, "Hash Batches": 1, "Original Hash Batches": 1, "Peak Memory Usage": 40, "Workers": [], "Plans": [{"Node Type": "Seq Scan", "Parent Relationship": "Outer", "Parallel Aware": true, "Async Capable": false, "Relation Name": "date_dim", "Alias": "date_dim", "Startup Cost": 0.0, "Total Cost": 1961.12, "Plan Rows": 215, "Plan Width": 4, "Actual Rows": 122, "Actual Loops": 3, "Filter": "(d_year = 2001)", "Rows Removed by Filter": 24228, "Workers": []}]}]}]}]}]}]}]}]}]}]}]}]}]}]}]}, "Planning Time": 3.449, "Triggers": [], "Execution Time": 2553.345}, {"Plan": {"Node Type": "Aggregate", "Strategy": "Plain", "Partial Mode": "Finalize", "Parallel Aware": false, "Async Capable": false, "Startup Cost": 1992390.07, "Total Cost": 1992390.08, "Plan Rows": 1, "Plan Width": 8, "Plans": [{"Node Type": "Gather", "Parent Relationship": "Outer", "Parallel Aware": false, "Async Capable": false, "Startup Cost": 1992389.86, "Total Cost": 1992390.07, "Plan Rows": 2, "Plan Width": 8, "Workers Planned": 2, "Single Copy": false, "Plans": [{"Node Type": "Aggregate", "Strategy": "Plain", "Partial Mode": "Partial", "Parent Relationship": "Outer", "Parallel Aware": false, "Async Capable": false, "Startup Cost": 1991389.86, "Total Cost": 1991389.87, "Plan Rows": 1, "Plan Width": 8, "Plans": [{"Node Type": "Hash Join", "Parent Relationship": "Outer", "Parallel Aware": true, "Async Capable": false, "Join Type": "Inner", "Startup Cost": 1982101.79, "Total Cost": 1991389.34, "Plan Rows": 207, "Plan Width": 0, "Inner Unique": false, "Hash Cond": "(item.i_item_sk = catalog_sales.cs_item_sk)", "Plans": [{"Node Type": "Index Scan", "Parent Relationship": "Outer", "Parallel Aware": true, "Async Capable": false, "Scan Direction": "Forward", "Index Name": "item_pkey", "Relation Name": "item", "Alias": "item", "Startup Cost": 0.29, "Total Cost": 9127.8, "Plan Rows": 42500, "Plan Width": 4}, {"Node Type": "Hash", "Parent Relationship": "Inner", "Parallel Aware": true, "Async Capable": false, "Startup Cost": 1982099.49, "Total Cost": 1982099.49, "Plan Rows": 160, "Plan Width": 4, "Plans": [{"Node Type": "Hash Join", "Parent Relationship": "Outer", "Parallel Aware": true, "Async Capable": false, "Join Type": "Inner", "Startup Cost": 1921044.18, "Total Cost": 1982099.49, "Plan Rows": 160, "Plan Width": 4, "Inner Unique": false, "Hash Cond": "(cd2.cd_demo_sk = customer.c_current_cdemo_sk)", "Plans": [{"Node Type": "Index Scan", "Parent Relationship": "Outer", "Parallel Aware": true, "Async Capable": false, "Scan Direction": "Forward", "Index Name": "customer_demographics_pkey", "Relation Name": "customer_demographics", "Alias": "cd2", "Startup Cost": 0.43, "Total Cost": 58731.56, "Plan Rows": 619613, "Plan Width": 4}, {"Node Type": "Hash", "Parent Relationship": "Inner", "Parallel Aware": true, "Async Capable": false, "Startup Cost": 1921041.16, "Total Cost": 1921041.16, "Plan Rows": 207, "Plan Width": 8, "Plans": [{"Node Type": "Hash Join", "Parent Relationship": "Outer", "Parallel Aware": true, "Async Capable": false, "Join Type": "Inner", "Startup Cost": 1909518.48, "Total Cost": 1921041.16, "Plan Rows": 207, "Plan Width": 8, "Inner Unique": false, "Hash Cond": "(customer_address.ca_address_sk = customer.c_current_addr_sk)", "Plans": [{"Node Type": "Index Scan", "Parent Relationship": "Outer", "Parallel Aware": true, "Async Capable": false, "Scan Direction": "Forward", "Index Name": "customer_address_pkey", "Relation Name": "customer_address", "Alias": "customer_address", "Startup Cost": 0.42, "Total Cost": 11443.24, "Plan Rows": 21117, "Plan Width": 4, "Filter": "(ca_state = ANY ('{GA,KY,TN,MN,SD,MO,MD}'::bpchar[]))"}, {"Node Type": "Hash", "Parent Relationship": "Inner", "Parallel Aware": true, "Async Capable": false, "Startup Cost": 1909508.2, "Total Cost": 1909508.2, "Plan Rows": 789, "Plan Width": 12, "Plans": [{"Node Type": "Hash Join", "Parent Relationship": "Outer", "Parallel Aware": true, "Async Capable": false, "Join Type": "Inner", "Startup Cost": 1883147.86, "Total Cost": 1909508.2, "Plan Rows": 789, "Plan Width": 12, "Inner Unique": false, "Hash Cond": "(customer.c_customer_sk = catalog_sales.cs_bill_customer_sk)", "Plans": [{"Node Type": "Index Scan", "Parent Relationship": "Outer", "Parallel Aware": true, "Async Capable": false, "Scan Direction": "Forward", "Index Name": "customer_pkey", "Relation Name": "customer", "Alias": "customer", "Startup Cost": 0.42, "Total Cost": 26067.89, "Plan Rows": 77419, "Plan Width": 12, "Filter": "(c_birth_month = ANY ('{10,12,9,2,4,8}'::integer[]))"}, {"Node Type": "Hash", "Parent Relationship": "Inner", "Parallel Aware": true, "Async Capable": false, "Startup Cost": 1883126.78, "Total Cost": 1883126.78, "Plan Rows": 1653, "Plan Width": 8, "Plans": [{"Node Type": "Hash Join", "Parent Relationship": "Outer", "Parallel Aware": true, "Async Capable": false, "Join Type": "Inner", "Startup Cost": 1821129.42, "Total Cost": 1883126.78, "Plan Rows": 1653, "Plan Width": 8, "Inner Unique": false, "Hash Cond": "(cd1.cd_demo_sk = catalog_sales.cs_bill_cdemo_sk)", "Plans": [{"Node Type": "Index Scan", "Parent Relationship": "Outer", "Parallel Aware": true, "Async Capable": false, "Scan Direction": "Forward", "Index Name": "customer_demographics_pkey", "Relation Name": "customer_demographics", "Alias": "cd1", "Startup Cost": 0.43, "Total Cost": 61829.62, "Plan Rows": 44112, "Plan Width": 4, "Filter": "((cd_gender = 'M'::bpchar) AND (cd_education_status = '4 yr Degree'::bpchar))"}, {"Node Type": "Hash", "Parent Relationship": "Inner", "Parallel Aware": true, "Async Capable": false, "Startup Cost": 1820979.08, "Total Cost": 1820979.08, "Plan Rows": 11993, "Plan Width": 12, "Plans": [{"Node Type": "Hash Join", "Parent Relationship": "Outer", "Parallel Aware": true, "Async Capable": false, "Join Type": "Inner", "Startup Cost": 3140.78, "Total Cost": 1820979.08, "Plan Rows": 11993, "Plan Width": 12, "Inner Unique": true, "Hash Cond": "(catalog_sales.cs_sold_date_sk = date_dim.d_date_sk)", "Plans": [{"Node Type": "Index Scan", "Parent Relationship": "Outer", "Parallel Aware": true, "Async Capable": false, "Scan Direction": "Forward", "Index Name": "catalog_sales_pkey", "Relation Name": "catalog_sales", "Alias": "catalog_sales", "Startup Cost": 0.43, "Total Cost": 1811537.81, "Plan Rows": 2400214, "Plan Width": 16}, {"Node Type": "Hash", "Parent Relationship": "Inner", "Parallel Aware": true, "Async Capable": false, "Startup Cost": 3137.66, "Total Cost": 3137.66, "Plan Rows": 215, "Plan Width": 4, "Plans": [{"Node Type": "Index Scan", "Parent Relationship": "Outer", "Parallel Aware": true, "Async Capable": false, "Scan Direction": "Forward", "Index Name": "date_dim_pkey", "Relation Name": "date_dim", "Alias": "date_dim", "Startup Cost": 0.29, "Total Cost": 3137.66, "Plan Rows": 215, "Plan Width": 4, "Filter": "(d_year = 2001)"}]}]}]}]}]}]}]}]}]}]}]}]}]}]}]}}, {"Plan": {"Node Type": "Aggregate", "Strategy": "Plain", "Partial Mode": "Finalize", "Parallel Aware": false, "Async Capable": false, "Startup Cost": 955509.31, "Total Cost": 955509.32, "Plan Rows": 1, "Plan Width": 8, "Plans": [{"Node Type": "Gather", "Parent Relationship": "Outer", "Parallel Aware": false, "Async Capable": false, "Startup Cost": 955509.1, "Total Cost": 955509.31, "Plan Rows": 2, "Plan Width": 8, "Workers Planned": 2, "Single Copy": false, "Plans": [{"Node Type": "Aggregate", "Strategy": "Plain", "Partial Mode": "Partial", "Parent Relationship": "Outer", "Parallel Aware": false, "Async Capable": false, "Startup Cost": 954509.1, "Total Cost": 954509.11, "Plan Rows": 1, "Plan Width": 8, "Plans": [{"Node Type": "Nested Loop", "Parent Relationship": "Outer", "Parallel Aware": false, "Async Capable": false, "Join Type": "Inner", "Startup Cost": 3142.77, "Total Cost": 954508.58, "Plan Rows": 207, "Plan Width": 0, "Inner Unique": true, "Plans": [{"Node Type": "Nested Loop", "Parent Relationship": "Outer", "Parallel Aware": false, "Async Capable": false, "Join Type": "Inner", "Startup Cost": 3142.35, "Total Cost": 954322.89, "Plan Rows": 207, "Plan Width": 4, "Inner Unique": true, "Plans": [{"Node Type": "Nested Loop", "Parent Relationship": "Outer", "Parallel Aware": false, "Async Capable": false, "Join Type": "Inner", "Startup Cost": 3141.93, "Total Cost": 953762.74, "Plan Rows": 1020, "Plan Width": 8, "Inner Unique": true, "Plans": [{"Node Type": "Nested Loop", "Parent Relationship": "Outer", "Parallel Aware": false, "Async Capable": false, "Join Type": "Inner", "Startup Cost": 3141.5, "Total Cost": 952797.91, "Plan Rows": 2135, "Plan Width": 4, "Inner Unique": true, "Plans": [{"Node Type": "Hash Join", "Parent Relationship": "Outer", "Parallel Aware": true, "Async Capable": false, "Join Type": "Inner", "Startup Cost": 3141.08, "Total Cost": 939080.13, "Plan Rows": 29982, "Plan Width": 8, "Inner Unique": true, "Hash Cond": "(catalog_sales.cs_sold_date_sk = date_dim.d_date_sk)", "Plans": [{"Node Type": "Nested Loop", "Parent Relationship": "Outer", "Parallel Aware": false, "Async Capable": false, "Join Type": "Inner", "Startup Cost": 0.73, "Total Cost": 920187.46, "Plan Rows": 6000534, "Plan Width": 12, "Inner Unique": false, "Plans": [{"Node Type": "Index Scan", "Parent Relationship": "Outer", "Parallel Aware": true, "Async Capable": false, "Scan Direction": "Forward", "Index Name": "item_pkey", "Relation Name": "item", "Alias": "item", "Startup Cost": 0.29, "Total Cost": 9127.8, "Plan Rows": 42500, "Plan Width": 4}, {"Node Type": "Index Scan", "Parent Relationship": "Inner", "Parallel Aware": false, "Async Capable": false, "Scan Direction": "Forward", "Index Name": "catalog_sales_pkey", "Relation Name": "catalog_sales", "Alias": "catalog_sales", "Startup Cost": 0.43, "Total Cost": 19.89, "Plan Rows": 155, "Plan Width": 16, "Index Cond": "(cs_item_sk = item.i_item_sk)"}]}, {"Node Type": "Hash", "Parent Relationship": "Inner", "Parallel Aware": true, "Async Capable": false, "Startup Cost": 3137.66, "Total Cost": 3137.66, "Plan Rows": 215, "Plan Width": 4, "Plans": [{"Node Type": "Index Scan", "Parent Relationship": "Outer", "Parallel Aware": true, "Async Capable": false, "Scan Direction": "Forward", "Index Name": "date_dim_pkey", "Relation Name": "date_dim", "Alias": "date_dim", "Startup Cost": 0.29, "Total Cost": 3137.66, "Plan Rows": 215, "Plan Width": 4, "Filter": "(d_year = 2001)"}]}]}, {"Node Type": "Index Scan", "Parent Relationship": "Inner", "Parallel Aware": false, "Async Capable": false, "Scan Direction": "Forward", "Index Name": "customer_demographics_pkey", "Relation Name": "customer_demographics", "Alias": "cd1", "Startup Cost": 0.43, "Total Cost": 0.46, "Plan Rows": 1, "Plan Width": 4, "Index Cond": "(cd_demo_sk = catalog_sales.cs_bill_cdemo_sk)", "Filter": "((cd_gender = 'M'::bpchar) AND (cd_education_status = '4 yr Degree'::bpchar))"}]}, {"Node Type": "Index Scan", "Parent Relationship": "Inner", "Parallel Aware": false, "Async Capable": false, "Scan Direction": "Forward", "Index Name": "customer_pkey", "Relation Name": "customer", "Alias": "customer", "Startup Cost": 0.42, "Total Cost": 0.45, "Plan Rows": 1, "Plan Width": 12, "Index Cond": "(c_customer_sk = catalog_sales.cs_bill_customer_sk)", "Filter": "(c_birth_month = ANY ('{10,12,9,2,4,8}'::integer[]))"}]}, {"Node Type": "Index Scan", "Parent Relationship": "Inner", "Parallel Aware": false, "Async Capable": false, "Scan Direction": "Forward", "Index Name": "customer_address_pkey", "Relation Name": "customer_address", "Alias": "customer_address", "Startup Cost": 0.42, "Total Cost": 0.55, "Plan Rows": 1, "Plan Width": 4, "Index Cond": "(ca_address_sk = customer.c_current_addr_sk)", "Filter": "(ca_state = ANY ('{GA,KY,TN,MN,SD,MO,MD}'::bpchar[]))"}]}, {"Node Type": "Index Scan", "Parent Relationship": "Inner", "Parallel Aware": false, "Async Capable": false, "Scan Direction": "Forward", "Index Name": "customer_demographics_pkey", "Relation Name": "customer_demographics", "Alias": "cd2", "Startup Cost": 0.43, "Total Cost": 0.9, "Plan Rows": 1, "Plan Width": 4, "Index Cond": "(cd_demo_sk = customer.c_current_cdemo_sk)"}]}]}]}]}}, {"Plan": {"Node Type": "Aggregate", "Strategy": "Plain", "Partial Mode": "Finalize", "Parallel Aware": false, "Async Capable": false, "Startup Cost": 413425.26, "Total Cost": 413425.27, "Plan Rows": 1, "Plan Width": 8, "Actual Rows": 1, "Actual Loops": 1, "Plans": [{"Node Type": "Gather", "Parent Relationship": "Outer", "Parallel Aware": false, "Async Capable": false, "Startup Cost": 413424.64, "Total Cost": 413425.25, "Plan Rows": 6, "Plan Width": 8, "Actual Rows": 7, "Actual Loops": 1, "Workers Planned": 6, "Workers Launched": 6, "Single Copy": false, "Plans": [{"Node Type": "Aggregate", "Strategy": "Plain", "Partial Mode": "Partial", "Parent Relationship": "Outer", "Parallel Aware": false, "Async Capable": false, "Startup Cost": 412424.64, "Total Cost": 412424.65, "Plan Rows": 1, "Plan Width": 8, "Actual Rows": 1, "Actual Loops": 7, "Workers": [], "Plans": [{"Node Type": "Nested Loop", "Parent Relationship": "Outer", "Parallel Aware": false, "Async Capable": false, "Join Type": "Inner", "Startup Cost": 1965.8, "Total Cost": 412424.43, "Plan Rows": 83, "Plan Width": 0, "Actual Rows": 2705, "Actual Loops": 7, "Inner Unique": true, "Workers": [], "Plans": [{"Node Type": "Nested Loop", "Parent Relationship": "Outer", "Parallel Aware": false, "Async Capable": false, "Join Type": "Inner", "Startup Cost": 1965.51, "Total Cost": 412398.53, "Plan Rows": 83, "Plan Width": 4, "Actual Rows": 2705, "Actual Loops": 7, "Inner Unique": true, "Workers": [], "Plans": [{"Node Type": "Nested Loop", "Parent Relationship": "Outer", "Parallel Aware": false, "Async Capable": false, "Join Type": "Inner", "Startup Cost": 1965.08, "Total Cost": 412324.07, "Plan Rows": 83, "Plan Width": 8, "Actual Rows": 2757, "Actual Loops": 7, "Inner Unique": true, "Workers": [], "Plans": [{"Node Type": "Nested Loop", "Parent Relationship": "Outer", "Parallel Aware": false, "Async Capable": false, "Join Type": "Inner", "Startup Cost": 1964.66, "Total Cost": 412100.01, "Plan Rows": 408, "Plan Width": 12, "Actual Rows": 13732, "Actual Loops": 7, "Inner Unique": true, "Workers": [], "Plans": [{"Node Type": "Nested Loop", "Parent Relationship": "Outer", "Parallel Aware": false, "Async Capable": false, "Join Type": "Inner", "Startup Cost": 1964.24, "Total Cost": 411714.08, "Plan Rows": 854, "Plan Width": 8, "Actual Rows": 28841, "Actual Loops": 7, "Inner Unique": true, "Workers": [], "Plans": [{"Node Type": "Hash Join", "Parent Relationship": "Outer", "Parallel Aware": true, "Async Capable": false, "Join Type": "Inner", "Startup Cost": 1963.81, "Total Cost": 406226.88, "Plan Rows": 11993, "Plan Width": 12, "Actual Rows": 407514, "Actual Loops": 7, "Inner Unique": true, "Hash Cond": "(catalog_sales.cs_sold_date_sk = date_dim.d_date_sk)", "Workers": [], "Plans": [{"Node Type": "Seq Scan", "Parent Relationship": "Outer", "Parallel Aware": true, "Async Capable": false, "Relation Name": "catalog_sales", "Alias": "catalog_sales", "Startup Cost": 0.0, "Total Cost": 397962.14, "Plan Rows": 2400214, "Plan Width": 16, "Actual Rows": 2057323, "Actual Loops": 7, "Workers": []}, {"Node Type": "Hash", "Parent Relationship": "Inner", "Parallel Aware": true, "Async Capable": false, "Startup Cost": 1961.12, "Total Cost": 1961.12, "Plan Rows": 215, "Plan Width": 4, "Actual Rows": 52, "Actual Loops": 7, "Hash Buckets": 1024, "Original Hash Buckets": 1024, "Hash Batches": 1, "Original Hash Batches": 1, "Peak Memory Usage": 232, "Workers": [], "Plans": [{"Node Type": "Seq Scan", "Parent Relationship": "Outer", "Parallel Aware": true, "Async Capable": false, "Relation Name": "date_dim", "Alias": "date_dim", "Startup Cost": 0.0, "Total Cost": 1961.12, "Plan Rows": 215, "Plan Width": 4, "Actual Rows": 52, "Actual Loops": 7, "Filter": "(d_year = 2001)", "Rows Removed by Filter": 10383, "Workers": []}]}]}, {"Node Type": "Index Scan", "Parent Relationship": "Inner", "Parallel Aware": false, "Async Capable": false, "Scan Direction": "Forward", "Index Name": "customer_demographics_pkey", "Relation Name": "customer_demographics", "Alias": "cd1", "Startup Cost": 0.43, "Total Cost": 0.46, "Plan Rows": 1, "Plan Width": 4, "Actual Rows": 0, "Actual Loops": 2852599, "Index Cond": "(cd_demo_sk = catalog_sales.cs_bill_cdemo_sk)", "Rows Removed by Index Recheck": 0, "Filter": "((cd_gender = 'M'::bpchar) AND (cd_education_status = '4 yr Degree'::bpchar))", "Rows Removed by Filter": 1, "Workers": []}]}, {"Node Type": "Index Scan", "Parent Relationship": "Inner", "Parallel Aware": false, "Async Capable": false, "Scan Direction": "Forward", "Index Name": "customer_pkey", "Relation Name": "customer", "Alias": "customer", "Startup Cost": 0.42, "Total Cost": 0.45, "Plan Rows": 1, "Plan Width": 12, "Actual Rows": 0, "Actual Loops": 201886, "Index Cond": "(c_customer_sk = catalog_sales.cs_bill_customer_sk)", "Rows Removed by Index Recheck": 0, "Filter": "(c_birth_month = ANY ('{10,12,9,2,4,8}'::integer[]))", "Rows Removed by Filter": 1, "Workers": []}]}, {"Node Type": "Index Scan", "Parent Relationship": "Inner", "Parallel Aware": false, "Async Capable": false, "Scan Direction": "Forward", "Index Name": "customer_address_pkey", "Relation Name": "customer_address", "Alias": "customer_address", "Startup Cost": 0.42, "Total Cost": 0.55, "Plan Rows": 1, "Plan Width": 4, "Actual Rows": 0, "Actual Loops": 96124, "Index Cond": "(ca_address_sk = customer.c_current_addr_sk)", "Rows Removed by Index Recheck": 0, "Filter": "(ca_state = ANY ('{GA,KY,TN,MN,SD,MO,MD}'::bpchar[]))", "Rows Removed by Filter": 1, "Workers": []}]}, {"Node Type": "Index Scan", "Parent Relationship": "Inner", "Parallel Aware": false, "Async Capable": false, "Scan Direction": "Forward", "Index Name": "customer_demographics_pkey", "Relation Name": "customer_demographics", "Alias": "cd2", "Startup Cost": 0.43, "Total Cost": 0.9, "Plan Rows": 1, "Plan Width": 4, "Actual Rows": 1, "Actual Loops": 19300, "Index Cond": "(cd_demo_sk = customer.c_current_cdemo_sk)", "Rows Removed by Index Recheck": 0, "Workers": []}]}, {"Node Type": "Index Scan", "Parent Relationship": "Inner", "Parallel Aware": false, "Async Capable": false, "Scan Direction": "Forward", "Index Name": "item_pkey", "Relation Name": "item", "Alias": "item", "Startup Cost": 0.29, "Total Cost": 0.31, "Plan Rows": 1, "Plan Width": 4, "Actual Rows": 1, "Actual Loops": 18936, "Index Cond": "(i_item_sk = catalog_sales.cs_item_sk)", "Rows Removed by Index Recheck": 0, "Workers": []}]}]}]}]}, "Planning Time": 5.07, "Triggers": [], "Execution Time": 2193.048}, {"Plan": {"Node Type": "Aggregate", "Strategy": "Plain", "Partial Mode": "Simple", "Parallel Aware": false, "Async Capable": false, "Startup Cost": 2267766.91, "Total Cost": 2267766.92, "Plan Rows": 1, "Plan Width": 8, "Plans": [{"Node Type": "Merge Join", "Parent Relationship": "Outer", "Parallel Aware": false, "Async Capable": false, "Join Type": "Inner", "Startup Cost": 2189487.11, "Total Cost": 2267765.67, "Plan Rows": 496, "Plan Width": 0, "Inner Unique": false, "Merge Cond": "(cd1.cd_demo_sk = catalog_sales.cs_bill_cdemo_sk)", "Plans": [{"Node Type": "Gather Merge", "Parent Relationship": "Outer", "Parallel Aware": false, "Async Capable": false, "Startup Cost": 1000.47, "Total Cost": 78897.55, "Plan Rows": 136748, "Plan Width": 4, "Workers Planned": 3, "Plans": [{"Node Type": "Index Scan", "Parent Relationship": "Outer", "Parallel Aware": true, "Async Capable": false, "Scan Direction": "Forward", "Index Name": "customer_demographics_pkey", "Relation Name": "customer_demographics", "Alias": "cd1", "Startup Cost": 0.43, "Total Cost": 61829.62, "Plan Rows": 44112, "Plan Width": 4, "Filter": "((cd_gender = 'M'::bpchar) AND (cd_education_status = '4 yr Degree'::bpchar))"}]}, {"Node Type": "Sort", "Parent Relationship": "Inner", "Parallel Aware": false, "Async Capable": false, "Startup Cost": 2188486.64, "Total Cost": 2188504.06, "Plan Rows": 6968, "Plan Width": 4, "Sort Key": ["catalog_sales.cs_bill_cdemo_sk"], "Plans": [{"Node Type": "Merge Join", "Parent Relationship": "Outer", "Parallel Aware": false, "Async Capable": false, "Join Type": "Inner", "Startup Cost": 2133222.97, "Total Cost": 2188041.86, "Plan Rows": 6968, "Plan Width": 4, "Inner Unique": true, "Merge Cond": "(customer.c_current_cdemo_sk = cd2.cd_demo_sk)", "Plans": [{"Node Type": "Sort", "Parent Relationship": "Outer", "Parallel Aware": false, "Async Capable": false, "Startup Cost": 2133222.54, "Total Cost": 2133239.96, "Plan Rows": 6968, "Plan Width": 8, "Sort Key": ["customer.c_current_cdemo_sk"], "Plans": [{"Node Type": "Gather", "Parent Relationship": "Outer", "Parallel Aware": false, "Async Capable": false, "Startup Cost": 2129114.43, "Total Cost": 2132777.75, "Plan Rows": 6968, "Plan Width": 8, "Workers Planned": 6, "Single Copy": false, "Plans": [{"Node Type": "Merge Join", "Parent Relationship": "Outer", "Parallel Aware": false, "Async Capable": false, "Join Type": "Inner", "Startup Cost": 2128114.43, "Total Cost": 2131080.95, "Plan Rows": 1161, "Plan Width": 8, "Inner Unique": true, "Merge Cond": "(catalog_sales.cs_item_sk = item.i_item_sk)", "Plans": [{"Node Type": "Sort", "Parent Relationship": "Outer", "Parallel Aware": false, "Async Capable": false, "Startup Cost": 2128114.14, "Total Cost": 2128117.04, "Plan Rows": 1161, "Plan Width": 12, "Sort Key": ["catalog_sales.cs_item_sk"], "Plans": [{"Node Type": "Merge Join", "Parent Relationship": "Outer", "Parallel Aware": false, "Async Capable": false, "Join Type": "Inner", "Startup Cost": 2113710.88, "Total Cost": 2128055.03, "Plan Rows": 1161, "Plan Width": 12, "Inner Unique": true, "Merge Cond": "(customer.c_current_addr_sk = customer_address.ca_address_sk)", "Plans": [{"Node Type": "Sort", "Parent Relationship": "Outer", "Parallel Aware": false, "Async Capable": false, "Startup Cost": 2113710.46, "Total Cost": 2113724.78, "Plan Rows": 5729, "Plan Width": 16, "Sort Key": ["customer.c_current_addr_sk"], "Plans": [{"Node Type": "Merge Join", "Parent Relationship": "Outer", "Parallel Aware": false, "Async Capable": false, "Join Type": "Inner", "Startup Cost": 2080641.01, "Total Cost": 2113352.85, "Plan Rows": 5729, "Plan Width": 16, "Inner Unique": true, "Merge Cond": "(catalog_sales.cs_bill_customer_sk = customer.c_customer_sk)", "Plans": [{"Node Type": "Sort", "Parent Relationship": "Outer", "Parallel Aware": false, "Async Capable": false, "Startup Cost": 2080640.59, "Total Cost": 2080670.57, "Plan Rows": 11993, "Plan Width": 12, "Sort Key": ["catalog_sales.cs_bill_customer_sk"], "Plans": [{"Node Type": "Merge Join", "Parent Relationship": "Outer", "Parallel Aware": false, "Async Capable": false, "Join Type": "Inner", "Startup Cost": 2067620.99, "Total Cost": 2079828.07, "Plan Rows": 11993, "Plan Width": 12, "Inner Unique": true, "Merge Cond": "(catalog_sales.cs_sold_date_sk = date_dim.d_date_sk)", "Plans": [{"Node Type": "Sort", "Parent Relationship": "Outer", "Parallel Aware": false, "Async Capable": false, "Startup Cost": 2065897.26, "Total Cost": 2071897.8, "Plan Rows": 2400214, "Plan Width": 16, "Sort Key": ["catalog_sales.cs_sold_date_sk"], "Plans": [{"Node Type": "Index Scan", "Parent Relationship": "Outer", "Parallel Aware": true, "Async Capable": false, "Scan Direction": "Forward", "Index Name": "catalog_sales_pkey", "Relation Name": "catalog_sales", "Alias": "catalog_sales", "Startup Cost": 0.43, "Total Cost": 1811537.81, "Plan Rows": 2400214, "Plan Width": 16}]}, {"Node Type": "Index Scan", "Parent Relationship": "Inner", "Parallel Aware": false, "Async Capable": false, "Scan Direction": "Forward", "Index Name": "date_dim_pkey", "Relation Name": "date_dim", "Alias": "date_dim", "Startup Cost": 0.29, "Total Cost": 3513.65, "Plan Rows": 365, "Plan Width": 4, "Filter": "(d_year = 2001)"}]}]}, {"Node Type": "Index Scan", "Parent Relationship": "Inner", "Parallel Aware": false, "Async Capable": false, "Scan Direction": "Forward", "Index Name": "customer_pkey", "Relation Name": "customer", "Alias": "customer", "Startup Cost": 0.42, "Total Cost": 31995.3, "Plan Rows": 240000, "Plan Width": 12, "Filter": "(c_birth_month = ANY ('{10,12,9,2,4,8}'::integer[]))"}]}]}, {"Node Type": "Index Scan", "Parent Relationship": "Inner", "Parallel Aware": false, "Async Capable": false, "Scan Direction": "Forward", "Index Name": "customer_address_pkey", "Relation Name": "customer_address", "Alias": "customer_address", "Startup Cost": 0.42, "Total Cost": 14177.62, "Plan Rows": 50680, "Plan Width": 4, "Filter": "(ca_state = ANY ('{GA,KY,TN,MN,SD,MO,MD}'::bpchar[]))"}]}]}, {"Node Type": "Index Only Scan", "Parent Relationship": "Inner", "Parallel Aware": false, "Async Capable": false, "Scan Direction": "Forward", "Index Name": "item_pkey", "Relation Name": "item", "Alias": "item", "Startup Cost": 0.29, "Total Cost": 2694.4, "Plan Rows": 102000, "Plan Width": 4}]}]}]}, {"Node Type": "Index Only Scan", "Parent Relationship": "Inner", "Parallel Aware": false, "Async Capable": false, "Scan Direction": "Forward", "Index Name": "customer_demographics_pkey", "Relation Name": "customer_demographics", "Alias": "cd2", "Startup Cost": 0.43, "Total Cost": 49916.43, "Plan Rows": 1920800, "Plan Width": 4}]}]}]}]}}, {"Plan": {"Node Type": "Aggregate", "Strategy": "Plain", "Partial Mode": "Finalize", "Parallel Aware": false, "Async Capable": false, "Startup Cost": 1080099.65, "Total Cost": 1080099.66, "Plan Rows": 1, "Plan Width": 8, "Plans": [{"Node Type": "Gather", "Parent Relationship": "Outer", "Parallel Aware": false, "Async Capable": false, "Startup Cost": 1080099.43, "Total Cost": 1080099.64, "Plan Rows": 2, "Plan Width": 8, "Workers Planned": 2, "Single Copy": false, "Plans": [{"Node Type": "Aggregate", "Strategy": "Plain", "Partial Mode": "Partial", "Parent Relationship": "Outer", "Parallel Aware": false, "Async Capable": false, "Startup Cost": 1079099.43, "Total Cost": 1079099.44, "Plan Rows": 1, "Plan Width": 8, "Plans": [{"Node Type": "Nested Loop", "Parent Relationship": "Outer", "Parallel Aware": false, "Async Capable": false, "Join Type": "Inner", "Startup Cost": 2.73, "Total Cost": 1079098.91, "Plan Rows": 207, "Plan Width": 0, "Inner Unique": true, "Plans": [{"Node Type": "Nested Loop", "Parent Relationship": "Outer", "Parallel Aware": false, "Async Capable": false, "Join Type": "Inner", "Startup Cost": 2.3, "Total Cost": 1078988.52, "Plan Rows": 207, "Plan Width": 4, "Inner Unique": true, "Plans": [{"Node Type": "Nested Loop", "Parent Relationship": "Outer", "Parallel Aware": false, "Async Capable": false, "Join Type": "Inner", "Startup Cost": 1.88, "Total Cost": 1078428.37, "Plan Rows": 1020, "Plan Width": 8, "Inner Unique": true, "Plans": [{"Node Type": "Nested Loop", "Parent Relationship": "Outer", "Parallel Aware": false, "Async Capable": false, "Join Type": "Inner", "Startup Cost": 1.46, "Total Cost": 1077463.54, "Plan Rows": 2135, "Plan Width": 4, "Inner Unique": true, "Plans": [{"Node Type": "Nested Loop", "Parent Relationship": "Outer", "Parallel Aware": false, "Async Capable": false, "Join Type": "Inner", "Startup Cost": 1.03, "Total Cost": 1063745.77, "Plan Rows": 29982, "Plan Width": 8, "Inner Unique": true, "Plans": [{"Node Type": "Nested Loop", "Parent Relationship": "Outer", "Parallel Aware": false, "Async Capable": false, "Join Type": "Inner", "Startup Cost": 0.73, "Total Cost": 913159.07, "Plan Rows": 6000534, "Plan Width": 12, "Inner Unique": false, "Plans": [{"Node Type": "Index Only Scan", "Parent Relationship": "Outer", "Parallel Aware": true, "Async Capable": false, "Scan Direction": "Forward", "Index Name": "item_pkey", "Relation Name": "item", "Alias": "item", "Startup Cost": 0.29, "Total Cost": 2099.4, "Plan Rows": 42500, "Plan Width": 4}, {"Node Type": "Index Scan", "Parent Relationship": "Inner", "Parallel Aware": false, "Async Capable": false, "Scan Direction": "Forward", "Index Name": "catalog_sales_pkey", "Relation Name": "catalog_sales", "Alias": "catalog_sales", "Startup Cost": 0.43, "Total Cost": 19.89, "Plan Rows": 155, "Plan Width": 16, "Index Cond": "(cs_item_sk = item.i_item_sk)"}]}, {"Node Type": "Memoize", "Parent Relationship": "Inner", "Parallel Aware": false, "Async Capable": false, "Startup Cost": 0.3, "Total Cost": 0.32, "Plan Rows": 1, "Plan Width": 4, "Cache Key": "catalog_sales.cs_sold_date_sk", "Cache Mode": "logical", "Plans": [{"Node Type": "Index Scan", "Parent Relationship": "Outer", "Parallel Aware": false, "Async Capable": false, "Scan Direction": "Forward", "Index Name": "date_dim_pkey", "Relation Name": "date_dim", "Alias": "date_dim", "Startup Cost": 0.29, "Total Cost": 0.31, "Plan Rows": 1, "Plan Width": 4, "Index Cond": "(d_date_sk = catalog_sales.cs_sold_date_sk)", "Filter": "(d_year = 2001)"}]}]}, {"Node Type": "Index Scan", "Parent Relationship": "Inner", "Parallel Aware": false, "Async Capable": false, "Scan Direction": "Forward", "Index Name": "customer_demographics_pkey", "Relation Name": "customer_demographics", "Alias": "cd1", "Startup Cost": 0.43, "Total Cost": 0.46, "Plan Rows": 1, "Plan Width": 4, "Index Cond": "(cd_demo_sk = catalog_sales.cs_bill_cdemo_sk)", "Filter": "((cd_gender = 'M'::bpchar) AND (cd_education_status = '4 yr Degree'::bpchar))"}]}, {"Node Type": "Index Scan", "Parent Relationship": "Inner", "Parallel Aware": false, "Async Capable": false, "Scan Direction": "Forward", "Index Name": "customer_pkey", "Relation Name": "customer", "Alias": "customer", "Startup Cost": 0.42, "Total Cost": 0.45, "Plan Rows": 1, "Plan Width": 12, "Index Cond": "(c_customer_sk = catalog_sales.cs_bill_customer_sk)", "Filter": "(c_birth_month = ANY ('{10,12,9,2,4,8}'::integer[]))"}]}, {"Node Type": "Index Scan", "Parent Relationship": "Inner", "Parallel Aware": false, "Async Capable": false, "Scan Direction": "Forward", "Index Name": "customer_address_pkey", "Relation Name": "customer_address", "Alias": "customer_address", "Startup Cost": 0.42, "Total Cost": 0.55, "Plan Rows": 1, "Plan Width": 4, "Index Cond": "(ca_address_sk = customer.c_current_addr_sk)", "Filter": "(ca_state = ANY ('{GA,KY,TN,MN,SD,MO,MD}'::bpchar[]))"}]}, {"Node Type": "Index Only Scan", "Parent Relationship": "Inner", "Parallel Aware": false, "Async Capable": false, "Scan Direction": "Forward", "Index Name": "customer_demographics_pkey", "Relation Name": "customer_demographics", "Alias": "cd2", "Startup Cost": 0.43, "Total Cost": 0.53, "Plan Rows": 1, "Plan Width": 4, "Index Cond": "(cd_demo_sk = customer.c_current_cdemo_sk)"}]}]}]}]}}, {"Plan": {"Node Type": "Aggregate", "Strategy": "Plain", "Partial Mode": "Finalize", "Parallel Aware": false, "Async Capable": false, "Startup Cost": 465709.6, "Total Cost": 465709.61, "Plan Rows": 1, "Plan Width": 8, "Actual Rows": 1, "Actual Loops": 1, "Plans": [{"Node Type": "Gather", "Parent Relationship": "Outer", "Parallel Aware": false, "Async Capable": false, "Startup Cost": 465708.97, "Total Cost": 465709.58, "Plan Rows": 6, "Plan Width": 8, "Actual Rows": 7, "Actual Loops": 1, "Workers Planned": 6, "Workers Launched": 6, "Single Copy": false, "Plans": [{"Node Type": "Aggregate", "Strategy": "Plain", "Partial Mode": "Partial", "Parent Relationship": "Outer", "Parallel Aware": false, "Async Capable": false, "Startup Cost": 464708.97, "Total Cost": 464708.98, "Plan Rows": 1, "Plan Width": 8, "Actual Rows": 1, "Actual Loops": 7, "Workers": [], "Plans": [{"Node Type": "Nested Loop", "Parent Relationship": "Outer", "Parallel Aware": false, "Async Capable": false, "Join Type": "Inner", "Startup Cost": 2.29, "Total Cost": 464708.76, "Plan Rows": 83, "Plan Width": 0, "Actual Rows": 2705, "Actual Loops": 7, "Inner Unique": true, "Workers": [], "Plans": [{"Node Type": "Nested Loop", "Parent Relationship": "Outer", "Parallel Aware": false, "Async Capable": false, "Join Type": "Inner", "Startup Cost": 2.0, "Total Cost": 464683.03, "Plan Rows": 83, "Plan Width": 4, "Actual Rows": 2705, "Actual Loops": 7, "Inner Unique": true, "Workers": [], "Plans": [{"Node Type": "Nested Loop", "Parent Relationship": "Outer", "Parallel Aware": false, "Async Capable": false, "Join Type": "Inner", "Startup Cost": 1.57, "Total Cost": 464638.76, "Plan Rows": 83, "Plan Width": 8, "Actual Rows": 2757, "Actual Loops": 7, "Inner Unique": true, "Workers": [], "Plans": [{"Node Type": "Nested Loop", "Parent Relationship": "Outer", "Parallel Aware": false, "Async Capable": false, "Join Type": "Inner", "Startup Cost": 1.15, "Total Cost": 464414.7, "Plan Rows": 408, "Plan Width": 12, "Actual Rows": 13732, "Actual Loops": 7, "Inner Unique": true, "Workers": [], "Plans": [{"Node Type": "Nested Loop", "Parent Relationship": "Outer", "Parallel Aware": false, "Async Capable": false, "Join Type": "Inner", "Startup Cost": 0.73, "Total Cost": 464028.77, "Plan Rows": 854, "Plan Width": 8, "Actual Rows": 28841, "Actual Loops": 7, "Inner Unique": true, "Workers": [], "Plans": [{"Node Type": "Nested Loop", "Parent Relationship": "Outer", "Parallel Aware": false, "Async Capable": false, "Join Type": "Inner", "Startup Cost": 0.3, "Total Cost": 458541.57, "Plan Rows": 11993, "Plan Width": 12, "Actual Rows": 407514, "Actual Loops": 7, "Inner Unique": true, "Workers": [], "Plans": [{"Node Type": "Seq Scan", "Parent Relationship": "Outer", "Parallel Aware": true, "Async Capable": false, "Relation Name": "catalog_sales", "Alias": "catalog_sales", "Startup Cost": 0.0, "Total Cost": 397962.14, "Plan Rows": 2400214, "Plan Width": 16, "Actual Rows": 2057323, "Actual Loops": 7, "Workers": []}, {"Node Type": "Memoize", "Parent Relationship": "Inner", "Parallel Aware": false, "Async Capable": false, "Startup Cost": 0.3, "Total Cost": 0.32, "Plan Rows": 1, "Plan Width": 4, "Actual Rows": 0, "Actual Loops": 14401261, "Cache Key": "catalog_sales.cs_sold_date_sk", "Cache Mode": "logical", "Cache Hits": 2138459, "Cache Misses": 536, "Cache Evictions": 0, "Cache Overflows": 0, "Peak Memory Usage": 39, "Workers": [{"Worker Number": 0, "Cache Hits": 2207173, "Cache Misses": 536, "Cache Evictions": 0, "Cache Overflows": 0, "Peak Memory Usage": 40}, {"Worker Number": 1, "Cache Hits": 1876161, "Cache Misses": 458, "Cache Evictions": 0, "Cache Overflows": 0, "Peak Memory Usage": 34}, {"Worker Number": 2, "Cache Hits": 2219934, "Cache Misses": 554, "Cache Evictions": 0, "Cache Overflows": 0, "Peak Memory Usage": 41}, {"Worker Number": 3, "Cache Hits": 1929473, "Cache Misses": 486, "Cache Evictions": 0, "Cache Overflows": 0, "Peak Memory Usage": 36}, {"Worker Number": 4, "Cache Hits": 2163191, "Cache Misses": 528, "Cache Evictions": 0, "Cache Overflows": 0, "Peak Memory Usage": 39}, {"Worker Number": 5, "Cache Hits": 1863313, "Cache Misses": 459, "Cache Evictions": 0, "Cache Overflows": 0, "Peak Memory Usage": 34}], "Plans": [{"Node Type": "Index Scan", "Parent Relationship": "Outer", "Parallel Aware": false, "Async Capable": false, "Scan Direction": "Forward", "Index Name": "date_dim_pkey", "Relation Name": "date_dim", "Alias": "date_dim", "Startup Cost": 0.29, "Total Cost": 0.31, "Plan Rows": 1, "Plan Width": 4, "Actual Rows": 0, "Actual Loops": 3557, "Index Cond": "(d_date_sk = catalog_sales.cs_sold_date_sk)", "Rows Removed by Index Recheck": 0, "Filter": "(d_year = 2001)", "Rows Removed by Filter": 1, "Workers": []}]}]}, {"Node Type": "Index Scan", "Parent Relationship": "Inner", "Parallel Aware": false, "Async Capable": false, "Scan Direction": "Forward", "Index Name": "customer_demographics_pkey", "Relation Name": "customer_demographics", "Alias": "cd1", "Startup Cost": 0.43, "Total Cost": 0.46, "Plan Rows": 1, "Plan Width": 4, "Actual Rows": 0, "Actual Loops": 2852599, "Index Cond": "(cd_demo_sk = catalog_sales.cs_bill_cdemo_sk)", "Rows Removed by Index Recheck": 0, "Filter": "((cd_gender = 'M'::bpchar) AND (cd_education_status = '4 yr Degree'::bpchar))", "Rows Removed by Filter": 1, "Workers": []}]}, {"Node Type": "Index Scan", "Parent Relationship": "Inner", "Parallel Aware": false, "Async Capable": false, "Scan Direction": "Forward", "Index Name": "customer_pkey", "Relation Name": "customer", "Alias": "customer", "Startup Cost": 0.42, "Total Cost": 0.45, "Plan Rows": 1, "Plan Width": 12, "Actual Rows": 0, "Actual Loops": 201886, "Index Cond": "(c_customer_sk = catalog_sales.cs_bill_customer_sk)", "Rows Removed by Index Recheck": 0, "Filter": "(c_birth_month = ANY ('{10,12,9,2,4,8}'::integer[]))", "Rows Removed by Filter": 1, "Workers": []}]}, {"Node Type": "Index Scan", "Parent Relationship": "Inner", "Parallel Aware": false, "Async Capable": false, "Scan Direction": "Forward", "Index Name": "customer_address_pkey", "Relation Name": "customer_address", "Alias": "customer_address", "Startup Cost": 0.42, "Total Cost": 0.55, "Plan Rows": 1, "Plan Width": 4, "Actual Rows": 0, "Actual Loops": 96124, "Index Cond": "(ca_address_sk = customer.c_current_addr_sk)", "Rows Removed by Index Recheck": 0, "Filter": "(ca_state = ANY ('{GA,KY,TN,MN,SD,MO,MD}'::bpchar[]))", "Rows Removed by Filter": 1, "Workers": []}]}, {"Node Type": "Index Only Scan", "Parent Relationship": "Inner", "Parallel Aware": false, "Async Capable": false, "Scan Direction": "Forward", "Index Name": "customer_demographics_pkey", "Relation Name": "customer_demographics", "Alias": "cd2", "Startup Cost": 0.43, "Total Cost": 0.53, "Plan Rows": 1, "Plan Width": 4, "Actual Rows": 1, "Actual Loops": 19300, "Index Cond": "(cd_demo_sk = customer.c_current_cdemo_sk)", "Rows Removed by Index Recheck": 0, "Heap Fetches": 0, "Workers": []}]}, {"Node Type": "Index Only Scan", "Parent Relationship": "Inner", "Parallel Aware": false, "Async Capable": false, "Scan Direction": "Forward", "Index Name": "item_pkey", "Relation Name": "item", "Alias": "item", "Startup Cost": 0.29, "Total Cost": 0.31, "Plan Rows": 1, "Plan Width": 4, "Actual Rows": 1, "Actual Loops": 18936, "Index Cond": "(i_item_sk = catalog_sales.cs_item_sk)", "Rows Removed by Index Recheck": 0, "Heap Fetches": 0, "Workers": []}]}]}]}]}, "Planning Time": 4.662, "Triggers": [], "Execution Time": 2711.177}, {"Plan": {"Node Type": "Aggregate", "Strategy": "Plain", "Partial Mode": "Simple", "Parallel Aware": false, "Async Capable": false, "Startup Cost": 837378.73, "Total Cost": 837378.74, "Plan Rows": 1, "Plan Width": 8, "Actual Rows": 1, "Actual Loops": 1, "Plans": [{"Node Type": "Merge Join", "Parent Relationship": "Outer", "Parallel Aware": false, "Async Capable": false, "Join Type": "Inner", "Startup Cost": 782652.31, "Total Cost": 837377.49, "Plan Rows": 496, "Plan Width": 0, "Actual Rows": 18936, "Actual Loops": 1, "Inner Unique": false, "Merge Cond": "(cd2.cd_demo_sk = customer.c_current_cdemo_sk)", "Plans": [{"Node Type": "Index Only Scan", "Parent Relationship": "Outer", "Parallel Aware": false, "Async Capable": false, "Scan Direction": "Forward", "Index Name": "customer_demographics_pkey", "Relation Name": "customer_demographics", "Alias": "cd2", "Startup Cost": 0.43, "Total Cost": 49916.43, "Plan Rows": 1920800, "Plan Width": 4, "Actual Rows": 1920671, "Actual Loops": 1, "Heap Fetches": 0}, {"Node Type": "Sort", "Parent Relationship": "Inner", "Parallel Aware": false, "Async Capable": false, "Startup Cost": 782651.88, "Total Cost": 782653.12, "Plan Rows": 496, "Plan Width": 4, "Actual Rows": 18937, "Actual Loops": 1, "Sort Key": ["customer.c_current_cdemo_sk"], "Sort Method": "quicksort", "Sort Space Used": 769, "Sort Space Type": "Memory", "Plans": [{"Node Type": "Merge Join", "Parent Relationship": "Outer", "Parallel Aware": false, "Async Capable": false, "Join Type": "Inner", "Startup Cost": 768308.58, "Total Cost": 782629.68, "Plan Rows": 496, "Plan Width": 4, "Actual Rows": 19300, "Actual Loops": 1, "Inner Unique": false, "Merge Cond": "(customer_address.ca_address_sk = customer.c_current_addr_sk)", "Plans": [{"Node Type": "Index Scan", "Parent Relationship": "Outer", "Parallel Aware": false, "Async Capable": false, "Scan Direction": "Forward", "Index Name": "customer_address_pkey", "Relation Name": "customer_address", "Alias": "customer_address", "Startup Cost": 0.42, "Total Cost": 14177.62, "Plan Rows": 50680, "Plan Width": 4, "Actual Rows": 50638, "Actual Loops": 1, "Filter": "(ca_state = ANY ('{GA,KY,TN,MN,SD,MO,MD}'::bpchar[]))", "Rows Removed by Filter": 199314}, {"Node Type": "Sort", "Parent Relationship": "Inner", "Parallel Aware": false, "Async Capable": false, "Startup Cost": 768308.16, "Total Cost": 768314.28, "Plan Rows": 2447, "Plan Width": 8, "Actual Rows": 96124, "Actual Loops": 1, "Sort Key": ["customer.c_current_addr_sk"], "Sort Method": "quicksort", "Sort Space Used": 6076, "Sort Space Type": "Memory", "Plans": [{"Node Type": "Merge Join", "Parent Relationship": "Outer", "Parallel Aware": false, "Async Capable": false, "Join Type": "Inner", "Startup Cost": 735525.59, "Total Cost": 768170.44, "Plan Rows": 2447, "Plan Width": 8, "Actual Rows": 96124, "Actual Loops": 1, "Inner Unique": false, "Merge Cond": "(customer.c_customer_sk = catalog_sales.cs_bill_customer_sk)", "Plans": [{"Node Type": "Index Scan", "Parent Relationship": "Outer", "Parallel Aware": false, "Async Capable": false, "Scan Direction": "Forward", "Index Name": "customer_pkey", "Relation Name": "customer", "Alias": "customer", "Startup Cost": 0.42, "Total Cost": 31995.3, "Plan Rows": 240000, "Plan Width": 12, "Actual Rows": 239679, "Actual Loops": 1, "Filter": "(c_birth_month = ANY ('{10,12,9,2,4,8}'::integer[]))", "Rows Removed by Filter": 260317}, {"Node Type": "Sort", "Parent Relationship": "Inner", "Parallel Aware": false, "Async Capable": false, "Startup Cost": 735525.17, "Total Cost": 735537.98, "Plan Rows": 5123, "Plan Width": 4, "Actual Rows": 201643, "Actual Loops": 1, "Sort Key": ["catalog_sales.cs_bill_customer_sk"], "Sort Method": "quicksort", "Sort Space Used": 6145, "Sort Space Type": "Memory", "Plans": [{"Node Type": "Gather", "Parent Relationship": "Outer", "Parallel Aware": false, "Async Capable": false, "Startup Cost": 731735.3, "Total Cost": 735209.52, "Plan Rows": 5123, "Plan Width": 4, "Actual Rows": 201886, "Actual Loops": 1, "Workers Planned": 6, "Workers Launched": 6, "Single Copy": false, "Plans": [{"Node Type": "Merge Join", "Parent Relationship": "Outer", "Parallel Aware": false, "Async Capable": false, "Join Type": "Inner", "Startup Cost": 730735.3, "Total Cost": 733697.22, "Plan Rows": 854, "Plan Width": 4, "Actual Rows": 28841, "Actual Loops": 7, "Inner Unique": true, "Merge Cond": "(catalog_sales.cs_item_sk = item.i_item_sk)", "Workers": [], "Plans": [{"Node Type": "Sort", "Parent Relationship": "Outer", "Parallel Aware": false, "Async Capable": false, "Startup Cost": 730735.01, "Total Cost": 730737.15, "Plan Rows": 854, "Plan Width": 8, "Actual Rows": 28841, "Actual Loops": 7, "Sort Key": ["catalog_sales.cs_item_sk"], "Sort Method": "quicksort", "Sort Space Used": 1679, "Sort Space Type": "Memory", "Workers": [{"Worker Number": 0, "Sort Method": "quicksort", "Sort Space Used": 1586, "Sort Space Type": "Memory"}, {"Worker Number": 1, "Sort Method": "quicksort", "Sort Space Used": 1700, "Sort Space Type": "Memory"}, {"Worker Number": 2, "Sort Method": "quicksort", "Sort Space Used": 1607, "Sort Space Type": "Memory"}, {"Worker Number": 3, "Sort Method": "quicksort", "Sort Space Used": 1710, "Sort Space Type": "Memory"}, {"Worker Number": 4, "Sort Method": "quicksort", "Sort Space Used": 1726, "Sort Space Type": "Memory"}, {"Worker Number": 5, "Sort Method": "quicksort", "Sort Space Used": 1680, "Sort Space Type": "Memory"}], "Plans": [{"Node Type": "Merge Join", "Parent Relationship": "Outer", "Parallel Aware": false, "Async Capable": false, "Join Type": "Inner", "Startup Cost": 729941.52, "Total Cost": 730693.43, "Plan Rows": 854, "Plan Width": 8, "Actual Rows": 28841, "Actual Loops": 7, "Inner Unique": true, "Merge Cond": "(catalog_sales.cs_bill_cdemo_sk = cd1.cd_demo_sk)", "Workers": [], "Plans": [{"Node Type": "Sort", "Parent Relationship": "Outer", "Parallel Aware": false, "Async Capable": false, "Startup Cost": 667608.12, "Total Cost": 667638.1, "Plan Rows": 11993, "Plan Width": 12, "Actual Rows": 406493, "Actual Loops": 7, "Sort Key": ["catalog_sales.cs_bill_cdemo_sk"], "Sort Method": "quicksort", "Sort Space Used": 27989, "Sort Space Type": "Memory", "Workers": [{"Worker Number": 0, "Sort Method": "quicksort", "Sort Space Used": 26839, "Sort Space Type": "Memory"}, {"Worker Number": 1, "Sort Method": "quicksort", "Sort Space Used": 28754, "Sort Space Type": "Memory"}, {"Worker Number": 2, "Sort Method": "quicksort", "Sort Space Used": 26839, "Sort Space Type": "Memory"}, {"Worker Number": 3, "Sort Method": "quicksort", "Sort Space Used": 29051, "Sort Space Type": "Memory"}, {"Worker Number": 4, "Sort Method": "quicksort", "Sort Space Used": 29138, "Sort Space Type": "Memory"}, {"Worker Number": 5, "Sort Method": "quicksort", "Sort Space Used": 28757, "Sort Space Type": "Memory"}], "Plans": [{"Node Type": "Merge Join", "Parent Relationship": "Outer", "Parallel Aware": false, "Async Capable": false, "Join Type": "Inner", "Startup Cost": 654675.14, "Total Cost": 666795.6, "Plan Rows": 11993, "Plan Width": 12, "Actual Rows": 407514, "Actual Loops": 7, "Inner Unique": true, "Merge Cond": "(catalog_sales.cs_sold_date_sk = date_dim.d_date_sk)", "Workers": [], "Plans": [{"Node Type": "Sort", "Parent Relationship": "Outer", "Parallel Aware": false, "Async Capable": false, "Startup Cost": 652321.59, "Total Cost": 658322.13, "Plan Rows": 2400214, "Plan Width": 16, "Actual Rows": 1631749, "Actual Loops": 7, "Sort Key": ["catalog_sales.cs_sold_date_sk"], "Sort Method": "quicksort", "Sort Space Used": 160007, "Sort Space Type": "Memory", "Workers": [{"Worker Number": 0, "Sort Method": "quicksort", "Sort Space Used": 120346, "Sort Space Type": "Memory"}, {"Worker Number": 1, "Sort Method": "quicksort", "Sort Space Used": 128859, "Sort Space Type": "Memory"}, {"Worker Number": 2, "Sort Method": "quicksort", "Sort Space Used": 123368, "Sort Space Type": "Memory"}, {"Worker Number": 3, "Sort Method": "quicksort", "Sort Space Used": 129336, "Sort Space Type": "Memory"}, {"Worker Number": 4, "Sort Method": "quicksort", "Sort Space Used": 157404, "Sort Space Type": "Memory"}, {"Worker Number": 5, "Sort Method": "quicksort", "Sort Space Used": 156911, "Sort Space Type": "Memory"}], "Plans": [{"Node Type": "Seq Scan", "Parent Relationship": "Outer", "Parallel Aware": true, "Async Capable": false, "Relation Name": "catalog_sales", "Alias": "catalog_sales", "Startup Cost": 0.0, "Total Cost": 397962.14, "Plan Rows": 2400214, "Plan Width": 16, "Actual Rows": 2057323, "Actual Loops": 7, "Workers": []}]}, {"Node Type": "Sort", "Parent Relationship": "Inner", "Parallel Aware": false, "Async Capable": false, "Startup Cost": 2352.65, "Total Cost": 2353.56, "Plan Rows": 365, "Plan Width": 4, "Actual Rows": 365, "Actual Loops": 7, "Sort Key": ["date_dim.d_date_sk"], "Sort Method": "quicksort", "Sort Space Used": 25, "Sort Space Type": "Memory", "Workers": [{"Worker Number": 0, "Sort Method": "quicksort", "Sort Space Used": 25, "Sort Space Type": "Memory"}, {"Worker Number": 1, "Sort Method": "quicksort", "Sort Space Used": 25, "Sort Space Type": "Memory"}, {"Worker Number": 2, "Sort Method": "quicksort", "Sort Space Used": 25, "Sort Space Type": "Memory"}, {"Worker Number": 3, "Sort Method": "quicksort", "Sort Space Used": 25, "Sort Space Type": "Memory"}, {"Worker Number": 4, "Sort Method": "quicksort", "Sort Space Used": 25, "Sort Space Type": "Memory"}, {"Worker Number": 5, "Sort Method": "quicksort", "Sort Space Used": 25, "Sort Space Type": "Memory"}], "Plans": [{"Node Type": "Seq Scan", "Parent Relationship": "Outer", "Parallel Aware": false, "Async Capable": false, "Relation Name": "date_dim", "Alias": "date_dim", "Startup Cost": 0.0, "Total Cost": 2337.11, "Plan Rows": 365, "Plan Width": 4, "Actual Rows": 365, "Actual Loops": 7, "Filter": "(d_year = 2001)", "Rows Removed by Filter": 72684, "Workers": []}]}]}]}, {"Node Type": "Sort", "Parent Relationship": "Inner", "Parallel Aware": false, "Async Capable": false, "Startup Cost": 62333.4, "Total Cost": 62675.27, "Plan Rows": 136748, "Plan Width": 4, "Actual Rows": 137198, "Actual Loops": 7, "Sort Key": ["cd1.cd_demo_sk"], "Sort Method": "quicksort", "Sort Space Used": 6145, "Sort Space Type": "Memory", "Workers": [{"Worker Number": 0, "Sort Method": "quicksort", "Sort Space Used": 6145, "Sort Space Type": "Memory"}, {"Worker Number": 1, "Sort Method": "quicksort", "Sort Space Used": 6145, "Sort Space Type": "Memory"}, {"Worker Number": 2, "Sort Method": "quicksort", "Sort Space Used": 6145, "Sort Space Type": "Memory"}, {"Worker Number": 3, "Sort Method": "quicksort", "Sort Space Used": 6145, "Sort Space Type": "Memory"}, {"Worker Number": 4, "Sort Method": "quicksort", "Sort Space Used": 6145, "Sort Space Type": "Memory"}, {"Worker Number": 5, "Sort Method": "quicksort", "Sort Space Used": 6145, "Sort Space Type": "Memory"}], "Plans": [{"Node Type": "Seq Scan", "Parent Relationship": "Outer", "Parallel Aware": false, "Async Capable": false, "Relation Name": "customer_demographics", "Alias": "cd1", "Startup Cost": 0.0, "Total Cost": 50668.0, "Plan Rows": 136748, "Plan Width": 4, "Actual Rows": 137200, "Actual Loops": 7, "Filter": "((cd_gender = 'M'::bpchar) AND (cd_education_status = '4 yr Degree'::bpchar))", "Rows Removed by Filter": 1783600, "Workers": []}]}]}]}, {"Node Type": "Index Only Scan", "Parent Relationship": "Inner", "Parallel Aware": false, "Async Capable": false, "Scan Direction": "Forward", "Index Name": "item_pkey", "Relation Name": "item", "Alias": "item", "Startup Cost": 0.29, "Total Cost": 2694.4, "Plan Rows": 102000, "Plan Width": 4, "Actual Rows": 101995, "Actual Loops": 7, "Heap Fetches": 0, "Workers": []}]}]}]}]}]}]}]}]}]}, "Planning Time": 3.553, "Triggers": [], "Execution Time": 2358.454}, {"Plan": {"Node Type": "Aggregate", "Strategy": "Plain", "Partial Mode": "Simple", "Parallel Aware": false, "Async Capable": false, "Startup Cost": 70002392874.95, "Total Cost": 70002392874.96, "Plan Rows": 1, "Plan Width": 8, "Plans": [{"Node Type": "Nested Loop", "Parent Relationship": "Outer", "Parallel Aware": false, "Async Capable": false, "Join Type": "Inner", "Startup Cost": 70002345042.65, "Total Cost": 70002392873.71, "Plan Rows": 496, "Plan Width": 0, "Inner Unique": true, "Plans": [{"Node Type": "Nested Loop", "Parent Relationship": "Outer", "Parallel Aware": false, "Async Capable": false, "Join Type": "Inner", "Startup Cost": 60002345042.13, "Total Cost": 60002390624.08, "Plan Rows": 496, "Plan Width": 4, "Inner Unique": true, "Plans": [{"Node Type": "Merge Join", "Parent Relationship": "Outer", "Parallel Aware": false, "Async Capable": false, "Join Type": "Inner", "Startup Cost": 50002345041.69, "Total Cost": 50002359587.12, "Plan Rows": 6968, "Plan Width": 8, "Inner Unique": true, "Merge Cond": "(customer.c_current_addr_sk = customer_address.ca_address_sk)", "Plans": [{"Node Type": "Sort", "Parent Relationship": "Outer", "Parallel Aware": false, "Async Capable": false, "Startup Cost": 40002345041.27, "Total Cost": 40002345127.2, "Plan Rows": 34372, "Plan Width": 12, "Sort Key": ["customer.c_current_addr_sk"], "Plans": [{"Node Type": "Merge Join", "Parent Relationship": "Outer", "Parallel Aware": false, "Async Capable": false, "Join Type": "Inner", "Startup Cost": 40002309154.88, "Total Cost": 40002342451.52, "Plan Rows": 34372, "Plan Width": 12, "Inner Unique": true, "Merge Cond": "(catalog_sales.cs_bill_customer_sk = customer.c_customer_sk)", "Plans": [{"Node Type": "Sort", "Parent Relationship": "Outer", "Parallel Aware": false, "Async Capable": false, "Startup Cost": 30002309154.45, "Total Cost": 30002309334.35, "Plan Rows": 71958, "Plan Width": 8, "Sort Key": ["catalog_sales.cs_bill_customer_sk"], "Plans": [{"Node Type": "Merge Join", "Parent Relationship": "Outer", "Parallel Aware": false, "Async Capable": false, "Join Type": "Inner", "Startup Cost": 30000000001.04, "Total Cost": 30002303349.29, "Plan Rows": 71958, "Plan Width": 8, "Inner Unique": true, "Merge Cond": "(catalog_sales.cs_item_sk = item.i_item_sk)", "Plans": [{"Node Type": "Nested Loop", "Parent Relationship": "Outer", "Parallel Aware": false, "Async Capable": false, "Join Type": "Inner", "Startup Cost": 20000000000.75, "Total Cost": 20002299500.41, "Plan Rows": 71958, "Plan Width": 12, "Inner Unique": true, "Plans": [{"Node Type": "Index Scan", "Parent Relationship": "Outer", "Parallel Aware": false, "Async Capable": false, "Scan Direction": "Forward", "Index Name": "catalog_sales_pkey", "Relation Name": "catalog_sales", "Alias": "catalog_sales", "Startup Cost": 10000000000.43, "Total Cost": 10001931548.49, "Plan Rows": 14401282, "Plan Width": 16}, {"Node Type": "Memoize", "Parent Relationship": "Inner", "Parallel Aware": false, "Async Capable": false, "Startup Cost": 0.31, "Total Cost": 4.33, "Plan Rows": 1, "Plan Width": 4, "Cache Key": "catalog_sales.cs_sold_date_sk", "Cache Mode": "logical", "Plans": [{"Node Type": "Bitmap Heap Scan", "Parent Relationship": "Outer", "Parallel Aware": false, "Async Capable": false, "Relation Name": "date_dim", "Alias": "date_dim", "Startup Cost": 0.3, "Total Cost": 4.32, "Plan Rows": 1, "Plan Width": 4, "Recheck Cond": "(d_date_sk = catalog_sales.cs_sold_date_sk)", "Filter": "(d_year = 2001)", "Plans": [{"Node Type": "Bitmap Index Scan", "Parent Relationship": "Outer", "Parallel Aware": false, "Async Capable": false, "Index Name": "date_dim_pkey", "Startup Cost": 0.0, "Total Cost": 0.3, "Plan Rows": 1, "Plan Width": 0, "Index Cond": "(d_date_sk = catalog_sales.cs_sold_date_sk)"}]}]}]}, {"Node Type": "Index Only Scan", "Parent Relationship": "Inner", "Parallel Aware": false, "Async Capable": false, "Scan Direction": "Forward", "Index Name": "item_pkey", "Relation Name": "item", "Alias": "item", "Startup Cost": 10000000000.29, "Total Cost": 10000002694.4, "Plan Rows": 102000, "Plan Width": 4}]}]}, {"Node Type": "Index Scan", "Parent Relationship": "Inner", "Parallel Aware": false, "Async Capable": false, "Scan Direction": "Forward", "Index Name": "customer_pkey", "Relation Name": "customer", "Alias": "customer", "Startup Cost": 10000000000.42, "Total Cost": 10000031995.3, "Plan Rows": 240000, "Plan Width": 12, "Filter": "(c_birth_month = ANY ('{10,12,9,2,4,8}'::integer[]))"}]}]}, {"Node Type": "Index Scan", "Parent Relationship": "Inner", "Parallel Aware": false, "Async Capable": false, "Scan Direction": "Forward", "Index Name": "customer_address_pkey", "Relation Name": "customer_address", "Alias": "customer_address", "Startup Cost": 10000000000.42, "Total Cost": 10000014177.62, "Plan Rows": 50680, "Plan Width": 4, "Filter": "(ca_state = ANY ('{GA,KY,TN,MN,SD,MO,MD}'::bpchar[]))"}]}, {"Node Type": "Bitmap Heap Scan", "Parent Relationship": "Inner", "Parallel Aware": false, "Async Capable": false, "Relation Name": "customer_demographics", "Alias": "cd1", "Startup Cost": 0.44, "Total Cost": 4.45, "Plan Rows": 1, "Plan Width": 4, "Recheck Cond": "(cd_demo_sk = catalog_sales.cs_bill_cdemo_sk)", "Filter": "((cd_gender = 'M'::bpchar) AND (cd_education_status = '4 yr Degree'::bpchar))", "Plans": [{"Node Type": "Bitmap Index Scan", "Parent Relationship": "Outer", "Parallel Aware": false, "Async Capable": false, "Index Name": "customer_demographics_pkey", "Startup Cost": 0.0, "Total Cost": 0.44, "Plan Rows": 1, "Plan Width": 0, "Index Cond": "(cd_demo_sk = catalog_sales.cs_bill_cdemo_sk)"}]}]}, {"Node Type": "Bitmap Heap Scan", "Parent Relationship": "Inner", "Parallel Aware": false, "Async Capable": false, "Relation Name": "customer_demographics", "Alias": "cd2", "Startup Cost": 0.52, "Total Cost": 4.54, "Plan Rows": 1, "Plan Width": 4, "Recheck Cond": "(cd_demo_sk = customer.c_current_cdemo_sk)", "Plans": [{"Node Type": "Bitmap Index Scan", "Parent Relationship": "Outer", "Parallel Aware": false, "Async Capable": false, "Index Name": "customer_demographics_pkey", "Startup Cost": 0.0, "Total Cost": 0.52, "Plan Rows": 1, "Plan Width": 0, "Index Cond": "(cd_demo_sk = customer.c_current_cdemo_sk)"}]}]}]}}, {"Plan": {"Node Type": "Aggregate", "Strategy": "Plain", "Partial Mode": "Finalize", "Parallel Aware": false, "Async Capable": false, "Startup Cost": 526665.18, "Total Cost": 526665.19, "Plan Rows": 1, "Plan Width": 8, "Actual Rows": 1, "Actual Loops": 1, "Plans": [{"Node Type": "Gather", "Parent Relationship": "Outer", "Parallel Aware": false, "Async Capable": false, "Startup Cost": 526664.55, "Total Cost": 526665.16, "Plan Rows": 6, "Plan Width": 8, "Actual Rows": 7, "Actual Loops": 1, "Workers Planned": 6, "Workers Launched": 6, "Single Copy": false, "Plans": [{"Node Type": "Aggregate", "Strategy": "Plain", "Partial Mode": "Partial", "Parent Relationship": "Outer", "Parallel Aware": false, "Async Capable": false, "Startup Cost": 525664.55, "Total Cost": 525664.56, "Plan Rows": 1, "Plan Width": 8, "Actual Rows": 1, "Actual Loops": 7, "Workers": [], "Plans": [{"Node Type": "Nested Loop", "Parent Relationship": "Outer", "Parallel Aware": false, "Async Capable": false, "Join Type": "Inner", "Startup Cost": 2.44, "Total Cost": 525664.34, "Plan Rows": 83, "Plan Width": 0, "Actual Rows": 2705, "Actual Loops": 7, "Inner Unique": true, "Workers": [], "Plans": [{"Node Type": "Nested Loop", "Parent Relationship": "Outer", "Parallel Aware": false, "Async Capable": false, "Join Type": "Inner", "Startup Cost": 2.14, "Total Cost": 525306.38, "Plan Rows": 83, "Plan Width": 4, "Actual Rows": 2705, "Actual Loops": 7, "Inner Unique": true, "Workers": [], "Plans": [{"Node Type": "Nested Loop", "Parent Relationship": "Outer", "Parallel Aware": false, "Async Capable": false, "Join Type": "Inner", "Startup Cost": 1.62, "Total Cost": 524929.93, "Plan Rows": 83, "Plan Width": 8, "Actual Rows": 2757, "Actual Loops": 7, "Inner Unique": true, "Workers": [], "Plans": [{"Node Type": "Nested Loop", "Parent Relationship": "Outer", "Parallel Aware": false, "Async Capable": false, "Join Type": "Inner", "Startup Cost": 1.18, "Total Cost": 523110.06, "Plan Rows": 408, "Plan Width": 12, "Actual Rows": 13732, "Actual Loops": 7, "Inner Unique": true, "Workers": [], "Plans": [{"Node Type": "Nested Loop", "Parent Relationship": "Outer", "Parallel Aware": false, "Async Capable": false, "Join Type": "Inner", "Startup Cost": 0.75, "Total Cost": 519309.17, "Plan Rows": 854, "Plan Width": 8, "Actual Rows": 28841, "Actual Loops": 7, "Inner Unique": true, "Workers": [], "Plans": [{"Node Type": "Nested Loop", "Parent Relationship": "Outer", "Parallel Aware": false, "Async Capable": false, "Join Type": "Inner", "Startup Cost": 0.31, "Total Cost": 465889.79, "Plan Rows": 11993, "Plan Width": 12, "Actual Rows": 407514, "Actual Loops": 7, "Inner Unique": true, "Workers": [], "Plans": [{"Node Type": "Seq Scan", "Parent Relationship": "Outer", "Parallel Aware": true, "Async Capable": false, "Relation Name": "catalog_sales", "Alias": "catalog_sales", "Startup Cost": 0.0, "Total Cost": 397962.14, "Plan Rows": 2400214, "Plan Width": 16, "Actual Rows": 2057323, "Actual Loops": 7, "Workers": []}, {"Node Type": "Memoize", "Parent Relationship": "Inner", "Parallel Aware": false, "Async Capable": false, "Startup Cost": 0.31, "Total Cost": 4.33, "Plan Rows": 1, "Plan Width": 4, "Actual Rows": 0, "Actual Loops": 14401261, "Cache Key": "catalog_sales.cs_sold_date_sk", "Cache Mode": "logical", "Cache Hits": 2014138, "Cache Misses": 516, "Cache Evictions": 0, "Cache Overflows": 0, "Peak Memory Usage": 38, "Workers": [{"Worker Number": 0, "Cache Hits": 1817052, "Cache Misses": 451, "Cache Evictions": 0, "Cache Overflows": 0, "Peak Memory Usage": 34}, {"Worker Number": 1, "Cache Hits": 2123161, "Cache Misses": 521, "Cache Evictions": 0, "Cache Overflows": 0, "Peak Memory Usage": 39}, {"Worker Number": 2, "Cache Hits": 2204911, "Cache Misses": 543, "Cache Evictions": 0, "Cache Overflows": 0, "Peak Memory Usage": 40}, {"Worker Number": 3, "Cache Hits": 2163226, "Cache Misses": 526, "Cache Evictions": 0, "Cache Overflows": 0, "Peak Memory Usage": 39}, {"Worker Number": 4, "Cache Hits": 1880793, "Cache Misses": 461, "Cache Evictions": 0, "Cache Overflows": 0, "Peak Memory Usage": 34}, {"Worker Number": 5, "Cache Hits": 2194423, "Cache Misses": 539, "Cache Evictions": 0, "Cache Overflows": 0, "Peak Memory Usage": 40}], "Plans": [{"Node Type": "Bitmap Heap Scan", "Parent Relationship": "Outer", "Parallel Aware": false, "Async Capable": false, "Relation Name": "date_dim", "Alias": "date_dim", "Startup Cost": 0.3, "Total Cost": 4.32, "Plan Rows": 1, "Plan Width": 4, "Actual Rows": 0, "Actual Loops": 3557, "Recheck Cond": "(d_date_sk = catalog_sales.cs_sold_date_sk)", "Rows Removed by Index Recheck": 0, "Filter": "(d_year = 2001)", "Rows Removed by Filter": 1, "Exact Heap Blocks": 515, "Lossy Heap Blocks": 0, "Workers": [], "Plans": [{"Node Type": "Bitmap Index Scan", "Parent Relationship": "Outer", "Parallel Aware": false, "Async Capable": false, "Index Name": "date_dim_pkey", "Startup Cost": 0.0, "Total Cost": 0.3, "Plan Rows": 1, "Plan Width": 0, "Actual Rows": 1, "Actual Loops": 3557, "Index Cond": "(d_date_sk = catalog_sales.cs_sold_date_sk)", "Workers": []}]}]}]}, {"Node Type": "Bitmap Heap Scan", "Parent Relationship": "Inner", "Parallel Aware": false, "Async Capable": false, "Relation Name": "customer_demographics", "Alias": "cd1", "Startup Cost": 0.44, "Total Cost": 4.45, "Plan Rows": 1, "Plan Width": 4, "Actual Rows": 0, "Actual Loops": 2852599, "Recheck Cond": "(cd_demo_sk = catalog_sales.cs_bill_cdemo_sk)", "Rows Removed by Index Recheck": 0, "Filter": "((cd_gender = 'M'::bpchar) AND (cd_education_status = '4 yr Degree'::bpchar))", "Rows Removed by Filter": 1, "Exact Heap Blocks": 403923, "Lossy Heap Blocks": 0, "Workers": [], "Plans": [{"Node Type": "Bitmap Index Scan", "Parent Relationship": "Outer", "Parallel Aware": false, "Async Capable": false, "Index Name": "customer_demographics_pkey", "Startup Cost": 0.0, "Total Cost": 0.44, "Plan Rows": 1, "Plan Width": 0, "Actual Rows": 1, "Actual Loops": 2852599, "Index Cond": "(cd_demo_sk = catalog_sales.cs_bill_cdemo_sk)", "Workers": []}]}]}, {"Node Type": "Bitmap Heap Scan", "Parent Relationship": "Inner", "Parallel Aware": false, "Async Capable": false, "Relation Name": "customer", "Alias": "customer", "Startup Cost": 0.43, "Total Cost": 4.45, "Plan Rows": 1, "Plan Width": 12, "Actual Rows": 0, "Actual Loops": 201886, "Recheck Cond": "(c_customer_sk = catalog_sales.cs_bill_customer_sk)", "Rows Removed by Index Recheck": 0, "Filter": "(c_birth_month = ANY ('{10,12,9,2,4,8}'::integer[]))", "Rows Removed by Filter": 1, "Exact Heap Blocks": 29044, "Lossy Heap Blocks": 0, "Workers": [], "Plans": [{"Node Type": "Bitmap Index Scan", "Parent Relationship": "Outer", "Parallel Aware": false, "Async Capable": false, "Index Name": "customer_pkey", "Startup Cost": 0.0, "Total Cost": 0.43, "Plan Rows": 1, "Plan Width": 0, "Actual Rows": 1, "Actual Loops": 201886, "Index Cond": "(c_customer_sk = catalog_sales.cs_bill_customer_sk)", "Workers": []}]}]}, {"Node Type": "Bitmap Heap Scan", "Parent Relationship": "Inner", "Parallel Aware": false, "Async Capable": false, "Relation Name": "customer_address", "Alias": "customer_address", "Startup Cost": 0.44, "Total Cost": 4.46, "Plan Rows": 1, "Plan Width": 4, "Actual Rows": 0, "Actual Loops": 96124, "Recheck Cond": "(ca_address_sk = customer.c_current_addr_sk)", "Rows Removed by Index Recheck": 0, "Filter": "(ca_state = ANY ('{GA,KY,TN,MN,SD,MO,MD}'::bpchar[]))", "Rows Removed by Filter": 1, "Exact Heap Blocks": 13534, "Lossy Heap Blocks": 0, "Workers": [], "Plans": [{"Node Type": "Bitmap Index Scan", "Parent Relationship": "Outer", "Parallel Aware": false, "Async Capable": false, "Index Name": "customer_address_pkey", "Startup Cost": 0.0, "Total Cost": 0.44, "Plan Rows": 1, "Plan Width": 0, "Actual Rows": 1, "Actual Loops": 96124, "Index Cond": "(ca_address_sk = customer.c_current_addr_sk)", "Workers": []}]}]}, {"Node Type": "Bitmap Heap Scan", "Parent Relationship": "Inner", "Parallel Aware": false, "Async Capable": false, "Relation Name": "customer_demographics", "Alias": "cd2", "Startup Cost": 0.52, "Total Cost": 4.54, "Plan Rows": 1, "Plan Width": 4, "Actual Rows": 1, "Actual Loops": 19300, "Recheck Cond": "(cd_demo_sk = customer.c_current_cdemo_sk)", "Rows Removed by Index Recheck": 0, "Exact Heap Blocks": 2460, "Lossy Heap Blocks": 0, "Workers": [], "Plans": [{"Node Type": "Bitmap Index Scan", "Parent Relationship": "Outer", "Parallel Aware": false, "Async Capable": false, "Index Name": "customer_demographics_pkey", "Startup Cost": 0.0, "Total Cost": 0.52, "Plan Rows": 1, "Plan Width": 0, "Actual Rows": 1, "Actual Loops": 19300, "Index Cond": "(cd_demo_sk = customer.c_current_cdemo_sk)", "Workers": []}]}]}, {"Node Type": "Bitmap Heap Scan", "Parent Relationship": "Inner", "Parallel Aware": false, "Async Capable": false, "Relation Name": "item", "Alias": "item", "Startup Cost": 0.3, "Total Cost": 4.31, "Plan Rows": 1, "Plan Width": 4, "Actual Rows": 1, "Actual Loops": 18936, "Recheck Cond": "(catalog_sales.cs_item_sk = i_item_sk)", "Rows Removed by Index Recheck": 0, "Exact Heap Blocks": 2460, "Lossy Heap Blocks": 0, "Workers": [], "Plans": [{"Node Type": "Bitmap Index Scan", "Parent Relationship": "Outer", "Parallel Aware": false, "Async Capable": false, "Index Name": "item_pkey", "Startup Cost": 0.0, "Total Cost": 0.3, "Plan Rows": 1, "Plan Width": 0, "Actual Rows": 1, "Actual Loops": 18936, "Index Cond": "(i_item_sk = catalog_sales.cs_item_sk)", "Workers": []}]}]}]}]}]}, "Planning Time": 4.484, "Triggers": [], "Execution Time": 3089.313}, {"Plan": {"Node Type": "Aggregate", "Strategy": "Plain", "Partial Mode": "Simple", "Parallel Aware": false, "Async Capable": false, "Startup Cost": 915009.59, "Total Cost": 915009.6, "Plan Rows": 1, "Plan Width": 8, "Actual Rows": 1, "Actual Loops": 1, "Plans": [{"Node Type": "Merge Join", "Parent Relationship": "Outer", "Parallel Aware": false, "Async Capable": false, "Join Type": "Inner", "Startup Cost": 914490.91, "Total Cost": 915008.35, "Plan Rows": 496, "Plan Width": 0, "Actual Rows": 18936, "Actual Loops": 1, "Inner Unique": true, "Merge Cond": "(catalog_sales.cs_item_sk = item.i_item_sk)", "Plans": [{"Node Type": "Sort", "Parent Relationship": "Outer", "Parallel Aware": false, "Async Capable": false, "Startup Cost": 897941.43, "Total Cost": 897942.67, "Plan Rows": 496, "Plan Width": 4, "Actual Rows": 18936, "Actual Loops": 1, "Sort Key": ["catalog_sales.cs_item_sk"], "Sort Method": "quicksort", "Sort Space Used": 769, "Sort Space Type": "Memory", "Plans": [{"Node Type": "Merge Join", "Parent Relationship": "Outer", "Parallel Aware": false, "Async Capable": false, "Join Type": "Inner", "Startup Cost": 897645.5, "Total Cost": 897919.22, "Plan Rows": 496, "Plan Width": 4, "Actual Rows": 18936, "Actual Loops": 1, "Inner Unique": false, "Merge Cond": "(catalog_sales.cs_bill_customer_sk = customer.c_customer_sk)", "Plans": [{"Node Type": "Sort", "Parent Relationship": "Outer", "Parallel Aware": false, "Async Capable": false, "Startup Cost": 732521.38, "Total Cost": 732534.18, "Plan Rows": 5123, "Plan Width": 8, "Actual Rows": 201643, "Actual Loops": 1, "Sort Key": ["catalog_sales.cs_bill_customer_sk"], "Sort Method": "quicksort", "Sort Space Used": 12453, "Sort Space Type": "Memory", "Plans": [{"Node Type": "Gather", "Parent Relationship": "Outer", "Parallel Aware": false, "Async Capable": false, "Startup Cost": 730941.52, "Total Cost": 732205.73, "Plan Rows": 5123, "Plan Width": 8, "Actual Rows": 201886, "Actual Loops": 1, "Workers Planned": 6, "Workers Launched": 6, "Single Copy": false, "Plans": [{"Node Type": "Merge Join", "Parent Relationship": "Outer", "Parallel Aware": false, "Async Capable": false, "Join Type": "Inner", "Startup Cost": 729941.52, "Total Cost": 730693.43, "Plan Rows": 854, "Plan Width": 8, "Actual Rows": 28841, "Actual Loops": 7, "Inner Unique": true, "Merge Cond": "(catalog_sales.cs_bill_cdemo_sk = cd1.cd_demo_sk)", "Workers": [], "Plans": [{"Node Type": "Sort", "Parent Relationship": "Outer", "Parallel Aware": false, "Async Capable": false, "Startup Cost": 667608.12, "Total Cost": 667638.1, "Plan Rows": 11993, "Plan Width": 12, "Actual Rows": 406493, "Actual Loops": 7, "Sort Key": ["catalog_sales.cs_bill_cdemo_sk"], "Sort Method": "quicksort", "Sort Space Used": 29519, "Sort Space Type": "Memory", "Workers": [{"Worker Number": 0, "Sort Method": "quicksort", "Sort Space Used": 26838, "Sort Space Type": "Memory"}, {"Worker Number": 1, "Sort Method": "quicksort", "Sort Space Used": 26943, "Sort Space Type": "Memory"}, {"Worker Number": 2, "Sort Method": "quicksort", "Sort Space Used": 28756, "Sort Space Type": "Memory"}, {"Worker Number": 3, "Sort Method": "quicksort", "Sort Space Used": 27227, "Sort Space Type": "Memory"}, {"Worker Number": 4, "Sort Method": "quicksort", "Sort Space Used": 28751, "Sort Space Type": "Memory"}, {"Worker Number": 5, "Sort Method": "quicksort", "Sort Space Used": 29332, "Sort Space Type": "Memory"}], "Plans": [{"Node Type": "Merge Join", "Parent Relationship": "Outer", "Parallel Aware": false, "Async Capable": false, "Join Type": "Inner", "Startup Cost": 654675.14, "Total Cost": 666795.6, "Plan Rows": 11993, "Plan Width": 12, "Actual Rows": 407514, "Actual Loops": 7, "Inner Unique": true, "Merge Cond": "(catalog_sales.cs_sold_date_sk = date_dim.d_date_sk)", "Workers": [], "Plans": [{"Node Type": "Sort", "Parent Relationship": "Outer", "Parallel Aware": false, "Async Capable": false, "Startup Cost": 652321.59, "Total Cost": 658322.13, "Plan Rows": 2400214, "Plan Width": 16, "Actual Rows": 1631749, "Actual Loops": 7, "Sort Key": ["catalog_sales.cs_sold_date_sk"], "Sort Method": "quicksort", "Sort Space Used": 158123, "Sort Space Type": "Memory", "Workers": [{"Worker Number": 0, "Sort Method": "quicksort", "Sort Space Used": 123365, "Sort Space Type": "Memory"}, {"Worker Number": 1, "Sort Method": "quicksort", "Sort Space Used": 123149, "Sort Space Type": "Memory"}, {"Worker Number": 2, "Sort Method": "quicksort", "Sort Space Used": 157710, "Sort Space Type": "Memory"}, {"Worker Number": 3, "Sort Method": "quicksort", "Sort Space Used": 121455, "Sort Space Type": "Memory"}, {"Worker Number": 4, "Sort Method": "quicksort", "Sort Space Used": 158013, "Sort Space Type": "Memory"}, {"Worker Number": 5, "Sort Method": "quicksort", "Sort Space Used": 157808, "Sort Space Type": "Memory"}], "Plans": [{"Node Type": "Seq Scan", "Parent Relationship": "Outer", "Parallel Aware": true, "Async Capable": false, "Relation Name": "catalog_sales", "Alias": "catalog_sales", "Startup Cost": 0.0, "Total Cost": 397962.14, "Plan Rows": 2400214, "Plan Width": 16, "Actual Rows": 2057323, "Actual Loops": 7, "Workers": []}]}, {"Node Type": "Sort", "Parent Relationship": "Inner", "Parallel Aware": false, "Async Capable": false, "Startup Cost": 2352.65, "Total Cost": 2353.56, "Plan Rows": 365, "Plan Width": 4, "Actual Rows": 365, "Actual Loops": 7, "Sort Key": ["date_dim.d_date_sk"], "Sort Method": "quicksort", "Sort Space Used": 25, "Sort Space Type": "Memory", "Workers": [{"Worker Number": 0, "Sort Method": "quicksort", "Sort Space Used": 25, "Sort Space Type": "Memory"}, {"Worker Number": 1, "Sort Method": "quicksort", "Sort Space Used": 25, "Sort Space Type": "Memory"}, {"Worker Number": 2, "Sort Method": "quicksort", "Sort Space Used": 25, "Sort Space Type": "Memory"}, {"Worker Number": 3, "Sort Method": "quicksort", "Sort Space Used": 25, "Sort Space Type": "Memory"}, {"Worker Number": 4, "Sort Method": "quicksort", "Sort Space Used": 25, "Sort Space Type": "Memory"}, {"Worker Number": 5, "Sort Method": "quicksort", "Sort Space Used": 25, "Sort Space Type": "Memory"}], "Plans": [{"Node Type": "Seq Scan", "Parent Relationship": "Outer", "Parallel Aware": false, "Async Capable": false, "Relation Name": "date_dim", "Alias": "date_dim", "Startup Cost": 0.0, "Total Cost": 2337.11, "Plan Rows": 365, "Plan Width": 4, "Actual Rows": 365, "Actual Loops": 7, "Filter": "(d_year = 2001)", "Rows Removed by Filter": 72684, "Workers": []}]}]}]}, {"Node Type": "Sort", "Parent Relationship": "Inner", "Parallel Aware": false, "Async Capable": false, "Startup Cost": 62333.4, "Total Cost": 62675.27, "Plan Rows": 136748, "Plan Width": 4, "Actual Rows": 137198, "Actual Loops": 7, "Sort Key": ["cd1.cd_demo_sk"], "Sort Method": "quicksort", "Sort Space Used": 6145, "Sort Space Type": "Memory", "Workers": [{"Worker Number": 0, "Sort Method": "quicksort", "Sort Space Used": 6145, "Sort Space Type": "Memory"}, {"Worker Number": 1, "Sort Method": "quicksort", "Sort Space Used": 6145, "Sort Space Type": "Memory"}, {"Worker Number": 2, "Sort Method": "quicksort", "Sort Space Used": 6145, "Sort Space Type": "Memory"}, {"Worker Number": 3, "Sort Method": "quicksort", "Sort Space Used": 6145, "Sort Space Type": "Memory"}, {"Worker Number": 4, "Sort Method": "quicksort", "Sort Space Used": 6145, "Sort Space Type": "Memory"}, {"Worker Number": 5, "Sort Method": "quicksort", "Sort Space Used": 6145, "Sort Space Type": "Memory"}], "Plans": [{"Node Type": "Seq Scan", "Parent Relationship": "Outer", "Parallel Aware": false, "Async Capable": false, "Relation Name": "customer_demographics", "Alias": "cd1", "Startup Cost": 0.0, "Total Cost": 50668.0, "Plan Rows": 136748, "Plan Width": 4, "Actual Rows": 137200, "Actual Loops": 7, "Filter": "((cd_gender = 'M'::bpchar) AND (cd_education_status = '4 yr Degree'::bpchar))", "Rows Removed by Filter": 1783600, "Workers": []}]}]}]}]}, {"Node Type": "Sort", "Parent Relationship": "Inner", "Parallel Aware": false, "Async Capable": false, "Startup Cost": 165124.13, "Total Cost": 165245.76, "Plan Rows": 48653, "Plan Width": 4, "Actual Rows": 64633, "Actual Loops": 1, "Sort Key": ["customer.c_customer_sk"], "Sort Method": "quicksort", "Sort Space Used": 1537, "Sort Space Type": "Memory", "Plans": [{"Node Type": "Gather", "Parent Relationship": "Outer", "Parallel Aware": false, "Async Capable": false, "Startup Cost": 152986.76, "Total Cost": 161336.43, "Plan Rows": 48653, "Plan Width": 4, "Actual Rows": 47794, "Actual Loops": 1, "Workers Planned": 3, "Workers Launched": 3, "Single Copy": false, "Plans": [{"Node Type": "Merge Join", "Parent Relationship": "Outer", "Parallel Aware": false, "Async Capable": false, "Join Type": "Inner", "Startup Cost": 151986.76, "Total Cost": 155471.13, "Plan Rows": 15695, "Plan Width": 4, "Actual Rows": 11948, "Actual Loops": 4, "Inner Unique": false, "Merge Cond": "(cd2.cd_demo_sk = customer.c_current_cdemo_sk)", "Workers": [], "Plans": [{"Node Type": "Sort", "Parent Relationship": "Outer", "Parallel Aware": false, "Async Capable": false, "Startup Cost": 87662.02, "Total Cost": 89211.05, "Plan Rows": 619613, "Plan Width": 4, "Actual Rows": 480188, "Actual Loops": 4, "Sort Key": ["cd2.cd_demo_sk"], "Sort Method": "quicksort", "Sort Space Used": 24577, "Sort Space Type": "Memory", "Workers": [{"Worker Number": 0, "Sort Method": "quicksort", "Sort Space Used": 12289, "Sort Space Type": "Memory"}, {"Worker Number": 1, "Sort Method": "quicksort", "Sort Space Used": 12289, "Sort Space Type": "Memory"}, {"Worker Number": 2, "Sort Method": "quicksort", "Sort Space Used": 12289, "Sort Space Type": "Memory"}], "Plans": [{"Node Type": "Seq Scan", "Parent Relationship": "Outer", "Parallel Aware": true, "Async Capable": false, "Relation Name": "customer_demographics", "Alias": "cd2", "Startup Cost": 0.0, "Total Cost": 28052.13, "Plan Rows": 619613, "Plan Width": 4, "Actual Rows": 480200, "Actual Loops": 4, "Workers": []}]}, {"Node Type": "Sort", "Parent Relationship": "Inner", "Parallel Aware": false, "Async Capable": false, "Startup Cost": 64324.73, "Total Cost": 64446.36, "Plan Rows": 48653, "Plan Width": 8, "Actual Rows": 47791, "Actual Loops": 4, "Sort Key": ["customer.c_current_cdemo_sk"], "Sort Method": "quicksort", "Sort Space Used": 3056, "Sort Space Type": "Memory", "Workers": [{"Worker Number": 0, "Sort Method": "quicksort", "Sort Space Used": 3056, "Sort Space Type": "Memory"}, {"Worker Number": 1, "Sort Method": "quicksort", "Sort Space Used": 3056, "Sort Space Type": "Memory"}, {"Worker Number": 2, "Sort Method": "quicksort", "Sort Space Used": 3056, "Sort Space Type": "Memory"}], "Plans": [{"Node Type": "Merge Join", "Parent Relationship": "Outer", "Parallel Aware": false, "Async Capable": false, "Join Type": "Inner", "Startup Cost": 58597.16, "Total Cost": 60537.04, "Plan Rows": 48653, "Plan Width": 8, "Actual Rows": 48635, "Actual Loops": 4, "Inner Unique": true, "Merge Cond": "(customer.c_current_addr_sk = customer_address.ca_address_sk)", "Workers": [], "Plans": [{"Node Type": "Sort", "Parent Relationship": "Outer", "Parallel Aware": false, "Async Capable": false, "Startup Cost": 44461.21, "Total Cost": 45061.21, "Plan Rows": 240000, "Plan Width": 12, "Actual Rows": 239679, "Actual Loops": 4, "Sort Key": ["customer.c_current_addr_sk"], "Sort Method": "quicksort", "Sort Space Used": 15474, "Sort Space Type": "Memory", "Workers": [{"Worker Number": 0, "Sort Method": "quicksort", "Sort Space Used": 15474, "Sort Space Type": "Memory"}, {"Worker Number": 1, "Sort Method": "quicksort", "Sort Space Used": 15474, "Sort Space Type": "Memory"}, {"Worker Number": 2, "Sort Method": "quicksort", "Sort Space Used": 15474, "Sort Space Type": "Memory"}], "Plans": [{"Node Type": "Seq Scan", "Parent Relationship": "Outer", "Parallel Aware": false, "Async Capable": false, "Relation Name": "customer", "Alias": "customer", "Startup Cost": 0.0, "Total Cost": 23014.0, "Plan Rows": 240000, "Plan Width": 12, "Actual Rows": 239682, "Actual Loops": 4, "Filter": "(c_birth_month = ANY ('{10,12,9,2,4,8}'::integer[]))", "Rows Removed by Filter": 260318, "Workers": []}]}, {"Node Type": "Sort", "Parent Relationship": "Inner", "Parallel Aware": false, "Async Capable": false, "Startup Cost": 14135.92, "Total Cost": 14262.62, "Plan Rows": 50680, "Plan Width": 4, "Actual Rows": 50647, "Actual Loops": 4, "Sort Key": ["customer_address.ca_address_sk"], "Sort Method": "quicksort", "Sort Space Used": 1537, "Sort Space Type": "Memory", "Workers": [{"Worker Number": 0, "Sort Method": "quicksort", "Sort Space Used": 1537, "Sort Space Type": "Memory"}, {"Worker Number": 1, "Sort Method": "quicksort", "Sort Space Used": 1537, "Sort Space Type": "Memory"}, {"Worker Number": 2, "Sort Method": "quicksort", "Sort Space Used": 1537, "Sort Space Type": "Memory"}], "Plans": [{"Node Type": "Seq Scan", "Parent Relationship": "Outer", "Parallel Aware": false, "Async Capable": false, "Relation Name": "customer_address", "Alias": "customer_address", "Startup Cost": 0.0, "Total Cost": 10175.5, "Plan Rows": 50680, "Plan Width": 4, "Actual Rows": 50647, "Actual Loops": 4, "Filter": "(ca_state = ANY ('{GA,KY,TN,MN,SD,MO,MD}'::bpchar[]))", "Rows Removed by Filter": 199353, "Workers": []}]}]}]}]}]}]}]}]}, {"Node Type": "Sort", "Parent Relationship": "Inner", "Parallel Aware": false, "Async Capable": false, "Startup Cost": 16549.49, "Total Cost": 16804.49, "Plan Rows": 102000, "Plan Width": 4, "Actual Rows": 101995, "Actual Loops": 1, "Sort Key": ["item.i_item_sk"], "Sort Method": "quicksort", "Sort Space Used": 3073, "Sort Space Type": "Memory", "Plans": [{"Node Type": "Seq Scan", "Parent Relationship": "Outer", "Parallel Aware": false, "Async Capable": false, "Relation Name": "item", "Alias": "item", "Startup Cost": 0.0, "Total Cost": 8064.0, "Plan Rows": 102000, "Plan Width": 4, "Actual Rows": 102000, "Actual Loops": 1}]}]}]}, "Planning Time": 3.394, "Triggers": [], "Execution Time": 2650.228}, {"Plan": {"Node Type": "Aggregate", "Strategy": "Plain", "Partial Mode": "Simple", "Parallel Aware": false, "Async Capable": false, "Startup Cost": 2296106.03, "Total Cost": 2296106.04, "Plan Rows": 1, "Plan Width": 8, "Plans": [{"Node Type": "Merge Join", "Parent Relationship": "Outer", "Parallel Aware": false, "Async Capable": false, "Join Type": "Inner", "Startup Cost": 2219552.6, "Total Cost": 2296104.79, "Plan Rows": 496, "Plan Width": 0, "Inner Unique": true, "Merge Cond": "(customer.c_current_cdemo_sk = cd2.cd_demo_sk)", "Plans": [{"Node Type": "Sort", "Parent Relationship": "Outer", "Parallel Aware": false, "Async Capable": false, "Startup Cost": 2219552.18, "Total Cost": 2219553.42, "Plan Rows": 496, "Plan Width": 4, "Sort Key": ["customer.c_current_cdemo_sk"], "Plans": [{"Node Type": "Merge Join", "Parent Relationship": "Outer", "Parallel Aware": false, "Async Capable": false, "Join Type": "Inner", "Startup Cost": 2141251.41, "Total Cost": 2219529.97, "Plan Rows": 496, "Plan Width": 4, "Inner Unique": false, "Merge Cond": "(cd1.cd_demo_sk = catalog_sales.cs_bill_cdemo_sk)", "Plans": [{"Node Type": "Gather Merge", "Parent Relationship": "Outer", "Parallel Aware": false, "Async Capable": false, "Startup Cost": 1000.47, "Total Cost": 78897.55, "Plan Rows": 136748, "Plan Width": 4, "Workers Planned": 3, "Plans": [{"Node Type": "Index Scan", "Parent Relationship": "Outer", "Parallel Aware": true, "Async Capable": false, "Scan Direction": "Forward", "Index Name": "customer_demographics_pkey", "Relation Name": "customer_demographics", "Alias": "cd1", "Startup Cost": 0.43, "Total Cost": 61829.62, "Plan Rows": 44112, "Plan Width": 4, "Filter": "((cd_gender = 'M'::bpchar) AND (cd_education_status = '4 yr Degree'::bpchar))"}]}, {"Node Type": "Sort", "Parent Relationship": "Inner", "Parallel Aware": false, "Async Capable": false, "Startup Cost": 2140250.94, "Total Cost": 2140268.36, "Plan Rows": 6968, "Plan Width": 8, "Sort Key": ["catalog_sales.cs_bill_cdemo_sk"], "Plans": [{"Node Type": "Gather", "Parent Relationship": "Outer", "Parallel Aware": false, "Async Capable": false, "Startup Cost": 2129114.43, "Total Cost": 2139806.15, "Plan Rows": 6968, "Plan Width": 8, "Workers Planned": 6, "Single Copy": false, "Plans": [{"Node Type": "Merge Join", "Parent Relationship": "Outer", "Parallel Aware": false, "Async Capable": false, "Join Type": "Inner", "Startup Cost": 2128114.43, "Total Cost": 2138109.35, "Plan Rows": 1161, "Plan Width": 8, "Inner Unique": true, "Merge Cond": "(catalog_sales.cs_item_sk = item.i_item_sk)", "Plans": [{"Node Type": "Sort", "Parent Relationship": "Outer", "Parallel Aware": false, "Async Capable": false, "Startup Cost": 2128114.14, "Total Cost": 2128117.04, "Plan Rows": 1161, "Plan Width": 12, "Sort Key": ["catalog_sales.cs_item_sk"], "Plans": [{"Node Type": "Merge Join", "Parent Relationship": "Outer", "Parallel Aware": false, "Async Capable": false, "Join Type": "Inner", "Startup Cost": 2113710.88, "Total Cost": 2128055.03, "Plan Rows": 1161, "Plan Width": 12, "Inner Unique": true, "Merge Cond": "(customer.c_current_addr_sk = customer_address.ca_address_sk)", "Plans": [{"Node Type": "Sort", "Parent Relationship": "Outer", "Parallel Aware": false, "Async Capable": false, "Startup Cost": 2113710.46, "Total Cost": 2113724.78, "Plan Rows": 5729, "Plan Width": 16, "Sort Key": ["customer.c_current_addr_sk"], "Plans": [{"Node Type": "Merge Join", "Parent Relationship": "Outer", "Parallel Aware": false, "Async Capable": false, "Join Type": "Inner", "Startup Cost": 2080641.01, "Total Cost": 2113352.85, "Plan Rows": 5729, "Plan Width": 16, "Inner Unique": true, "Merge Cond": "(catalog_sales.cs_bill_customer_sk = customer.c_customer_sk)", "Plans": [{"Node Type": "Sort", "Parent Relationship": "Outer", "Parallel Aware": false, "Async Capable": false, "Startup Cost": 2080640.59, "Total Cost": 2080670.57, "Plan Rows": 11993, "Plan Width": 12, "Sort Key": ["catalog_sales.cs_bill_customer_sk"], "Plans": [{"Node Type": "Merge Join", "Parent Relationship": "Outer", "Parallel Aware": false, "Async Capable": false, "Join Type": "Inner", "Startup Cost": 2067620.99, "Total Cost": 2079828.07, "Plan Rows": 11993, "Plan Width": 12, "Inner Unique": true, "Merge Cond": "(catalog_sales.cs_sold_date_sk = date_dim.d_date_sk)", "Plans": [{"Node Type": "Sort", "Parent Relationship": "Outer", "Parallel Aware": false, "Async Capable": false, "Startup Cost": 2065897.26, "Total Cost": 2071897.8, "Plan Rows": 2400214, "Plan Width": 16, "Sort Key": ["catalog_sales.cs_sold_date_sk"], "Plans": [{"Node Type": "Index Scan", "Parent Relationship": "Outer", "Parallel Aware": true, "Async Capable": false, "Scan Direction": "Forward", "Index Name": "catalog_sales_pkey", "Relation Name": "catalog_sales", "Alias": "catalog_sales", "Startup Cost": 0.43, "Total Cost": 1811537.81, "Plan Rows": 2400214, "Plan Width": 16}]}, {"Node Type": "Index Scan", "Parent Relationship": "Inner", "Parallel Aware": false, "Async Capable": false, "Scan Direction": "Forward", "Index Name": "date_dim_pkey", "Relation Name": "date_dim", "Alias": "date_dim", "Startup Cost": 0.29, "Total Cost": 3513.65, "Plan Rows": 365, "Plan Width": 4, "Filter": "(d_year = 2001)"}]}]}, {"Node Type": "Index Scan", "Parent Relationship": "Inner", "Parallel Aware": false, "Async Capable": false, "Scan Direction": "Forward", "Index Name": "customer_pkey", "Relation Name": "customer", "Alias": "customer", "Startup Cost": 0.42, "Total Cost": 31995.3, "Plan Rows": 240000, "Plan Width": 12, "Filter": "(c_birth_month = ANY ('{10,12,9,2,4,8}'::integer[]))"}]}]}, {"Node Type": "Index Scan", "Parent Relationship": "Inner", "Parallel Aware": false, "Async Capable": false, "Scan Direction": "Forward", "Index Name": "customer_address_pkey", "Relation Name": "customer_address", "Alias": "customer_address", "Startup Cost": 0.42, "Total Cost": 14177.62, "Plan Rows": 50680, "Plan Width": 4, "Filter": "(ca_state = ANY ('{GA,KY,TN,MN,SD,MO,MD}'::bpchar[]))"}]}]}, {"Node Type": "Index Scan", "Parent Relationship": "Inner", "Parallel Aware": false, "Async Capable": false, "Scan Direction": "Forward", "Index Name": "item_pkey", "Relation Name": "item", "Alias": "item", "Startup Cost": 0.29, "Total Cost": 9722.8, "Plan Rows": 102000, "Plan Width": 4}]}]}]}]}]}, {"Node Type": "Index Scan", "Parent Relationship": "Inner", "Parallel Aware": false, "Async Capable": false, "Scan Direction": "Forward", "Index Name": "customer_demographics_pkey", "Relation Name": "customer_demographics", "Alias": "cd2", "Startup Cost": 0.43, "Total Cost": 71743.43, "Plan Rows": 1920800, "Plan Width": 4}]}]}}, {"Plan": {"Node Type": "Aggregate", "Strategy": "Plain", "Partial Mode": "Finalize", "Parallel Aware": false, "Async Capable": false, "Startup Cost": 1087203.35, "Total Cost": 1087203.36, "Plan Rows": 1, "Plan Width": 8, "Plans": [{"Node Type": "Gather", "Parent Relationship": "Outer", "Parallel Aware": false, "Async Capable": false, "Startup Cost": 1087203.13, "Total Cost": 1087203.34, "Plan Rows": 2, "Plan Width": 8, "Workers Planned": 2, "Single Copy": false, "Plans": [{"Node Type": "Aggregate", "Strategy": "Plain", "Partial Mode": "Partial", "Parent Relationship": "Outer", "Parallel Aware": false, "Async Capable": false, "Startup Cost": 1086203.13, "Total Cost": 1086203.14, "Plan Rows": 1, "Plan Width": 8, "Plans": [{"Node Type": "Nested Loop", "Parent Relationship": "Outer", "Parallel Aware": false, "Async Capable": false, "Join Type": "Inner", "Startup Cost": 2.73, "Total Cost": 1086202.62, "Plan Rows": 207, "Plan Width": 0, "Inner Unique": true, "Plans": [{"Node Type": "Nested Loop", "Parent Relationship": "Outer", "Parallel Aware": false, "Async Capable": false, "Join Type": "Inner", "Startup Cost": 2.3, "Total Cost": 1086016.92, "Plan Rows": 207, "Plan Width": 4, "Inner Unique": true, "Plans": [{"Node Type": "Nested Loop", "Parent Relationship": "Outer", "Parallel Aware": false, "Async Capable": false, "Join Type": "Inner", "Startup Cost": 1.88, "Total Cost": 1085456.77, "Plan Rows": 1020, "Plan Width": 8, "Inner Unique": true, "Plans": [{"Node Type": "Nested Loop", "Parent Relationship": "Outer", "Parallel Aware": false, "Async Capable": false, "Join Type": "Inner", "Startup Cost": 1.46, "Total Cost": 1084491.94, "Plan Rows": 2135, "Plan Width": 4, "Inner Unique": true, "Plans": [{"Node Type": "Nested Loop", "Parent Relationship": "Outer", "Parallel Aware": false, "Async Capable": false, "Join Type": "Inner", "Startup Cost": 1.03, "Total Cost": 1070774.17, "Plan Rows": 29982, "Plan Width": 8, "Inner Unique": true, "Plans": [{"Node Type": "Nested Loop", "Parent Relationship": "Outer", "Parallel Aware": false, "Async Capable": false, "Join Type": "Inner", "Startup Cost": 0.73, "Total Cost": 920187.46, "Plan Rows": 6000534, "Plan Width": 12, "Inner Unique": false, "Plans": [{"Node Type": "Index Scan", "Parent Relationship": "Outer", "Parallel Aware": true, "Async Capable": false, "Scan Direction": "Forward", "Index Name": "item_pkey", "Relation Name": "item", "Alias": "item", "Startup Cost": 0.29, "Total Cost": 9127.8, "Plan Rows": 42500, "Plan Width": 4}, {"Node Type": "Index Scan", "Parent Relationship": "Inner", "Parallel Aware": false, "Async Capable": false, "Scan Direction": "Forward", "Index Name": "catalog_sales_pkey", "Relation Name": "catalog_sales", "Alias": "catalog_sales", "Startup Cost": 0.43, "Total Cost": 19.89, "Plan Rows": 155, "Plan Width": 16, "Index Cond": "(cs_item_sk = item.i_item_sk)"}]}, {"Node Type": "Memoize", "Parent Relationship": "Inner", "Parallel Aware": false, "Async Capable": false, "Startup Cost": 0.3, "Total Cost": 0.32, "Plan Rows": 1, "Plan Width": 4, "Cache Key": "catalog_sales.cs_sold_date_sk", "Cache Mode": "logical", "Plans": [{"Node Type": "Index Scan", "Parent Relationship": "Outer", "Parallel Aware": false, "Async Capable": false, "Scan Direction": "Forward", "Index Name": "date_dim_pkey", "Relation Name": "date_dim", "Alias": "date_dim", "Startup Cost": 0.29, "Total Cost": 0.31, "Plan Rows": 1, "Plan Width": 4, "Index Cond": "(d_date_sk = catalog_sales.cs_sold_date_sk)", "Filter": "(d_year = 2001)"}]}]}, {"Node Type": "Index Scan", "Parent Relationship": "Inner", "Parallel Aware": false, "Async Capable": false, "Scan Direction": "Forward", "Index Name": "customer_demographics_pkey", "Relation Name": "customer_demographics", "Alias": "cd1", "Startup Cost": 0.43, "Total Cost": 0.46, "Plan Rows": 1, "Plan Width": 4, "Index Cond": "(cd_demo_sk = catalog_sales.cs_bill_cdemo_sk)", "Filter": "((cd_gender = 'M'::bpchar) AND (cd_education_status = '4 yr Degree'::bpchar))"}]}, {"Node Type": "Index Scan", "Parent Relationship": "Inner", "Parallel Aware": false, "Async Capable": false, "Scan Direction": "Forward", "Index Name": "customer_pkey", "Relation Name": "customer", "Alias": "customer", "Startup Cost": 0.42, "Total Cost": 0.45, "Plan Rows": 1, "Plan Width": 12, "Index Cond": "(c_customer_sk = catalog_sales.cs_bill_customer_sk)", "Filter": "(c_birth_month = ANY ('{10,12,9,2,4,8}'::integer[]))"}]}, {"Node Type": "Index Scan", "Parent Relationship": "Inner", "Parallel Aware": false, "Async Capable": false, "Scan Direction": "Forward", "Index Name": "customer_address_pkey", "Relation Name": "customer_address", "Alias": "customer_address", "Startup Cost": 0.42, "Total Cost": 0.55, "Plan Rows": 1, "Plan Width": 4, "Index Cond": "(ca_address_sk = customer.c_current_addr_sk)", "Filter": "(ca_state = ANY ('{GA,KY,TN,MN,SD,MO,MD}'::bpchar[]))"}]}, {"Node Type": "Index Scan", "Parent Relationship": "Inner", "Parallel Aware": false, "Async Capable": false, "Scan Direction": "Forward", "Index Name": "customer_demographics_pkey", "Relation Name": "customer_demographics", "Alias": "cd2", "Startup Cost": 0.43, "Total Cost": 0.9, "Plan Rows": 1, "Plan Width": 4, "Index Cond": "(cd_demo_sk = customer.c_current_cdemo_sk)"}]}]}]}]}}, {"Plan": {"Node Type": "Aggregate", "Strategy": "Plain", "Partial Mode": "Finalize", "Parallel Aware": false, "Async Capable": false, "Startup Cost": 465739.95, "Total Cost": 465739.96, "Plan Rows": 1, "Plan Width": 8, "Actual Rows": 1, "Actual Loops": 1, "Plans": [{"Node Type": "Gather", "Parent Relationship": "Outer", "Parallel Aware": false, "Async Capable": false, "Startup Cost": 465739.33, "Total Cost": 465739.94, "Plan Rows": 6, "Plan Width": 8, "Actual Rows": 7, "Actual Loops": 1, "Workers Planned": 6, "Workers Launched": 6, "Single Copy": false, "Plans": [{"Node Type": "Aggregate", "Strategy": "Plain", "Partial Mode": "Partial", "Parent Relationship": "Outer", "Parallel Aware": false, "Async Capable": false, "Startup Cost": 464739.33, "Total Cost": 464739.34, "Plan Rows": 1, "Plan Width": 8, "Actual Rows": 1, "Actual Loops": 7, "Workers": [], "Plans": [{"Node Type": "Nested Loop", "Parent Relationship": "Outer", "Parallel Aware": false, "Async Capable": false, "Join Type": "Inner", "Startup Cost": 2.29, "Total Cost": 464739.12, "Plan Rows": 83, "Plan Width": 0, "Actual Rows": 2705, "Actual Loops": 7, "Inner Unique": true, "Workers": [], "Plans": [{"Node Type": "Nested Loop", "Parent Relationship": "Outer", "Parallel Aware": false, "Async Capable": false, "Join Type": "Inner", "Startup Cost": 2.0, "Total Cost": 464713.22, "Plan Rows": 83, "Plan Width": 4, "Actual Rows": 2705, "Actual Loops": 7, "Inner Unique": true, "Workers": [], "Plans": [{"Node Type": "Nested Loop", "Parent Relationship": "Outer", "Parallel Aware": false, "Async Capable": false, "Join Type": "Inner", "Startup Cost": 1.57, "Total Cost": 464638.76, "Plan Rows": 83, "Plan Width": 8, "Actual Rows": 2757, "Actual Loops": 7, "Inner Unique": true, "Workers": [], "Plans": [{"Node Type": "Nested Loop", "Parent Relationship": "Outer", "Parallel Aware": false, "Async Capable": false, "Join Type": "Inner", "Startup Cost": 1.15, "Total Cost": 464414.7, "Plan Rows": 408, "Plan Width": 12, "Actual Rows": 13732, "Actual Loops": 7, "Inner Unique": true, "Workers": [], "Plans": [{"Node Type": "Nested Loop", "Parent Relationship": "Outer", "Parallel Aware": false, "Async Capable": false, "Join Type": "Inner", "Startup Cost": 0.73, "Total Cost": 464028.77, "Plan Rows": 854, "Plan Width": 8, "Actual Rows": 28841, "Actual Loops": 7, "Inner Unique": true, "Workers": [], "Plans": [{"Node Type": "Nested Loop", "Parent Relationship": "Outer", "Parallel Aware": false, "Async Capable": false, "Join Type": "Inner", "Startup Cost": 0.3, "Total Cost": 458541.57, "Plan Rows": 11993, "Plan Width": 12, "Actual Rows": 407514, "Actual Loops": 7, "Inner Unique": true, "Workers": [], "Plans": [{"Node Type": "Seq Scan", "Parent Relationship": "Outer", "Parallel Aware": true, "Async Capable": false, "Relation Name": "catalog_sales", "Alias": "catalog_sales", "Startup Cost": 0.0, "Total Cost": 397962.14, "Plan Rows": 2400214, "Plan Width": 16, "Actual Rows": 2057323, "Actual Loops": 7, "Workers": []}, {"Node Type": "Memoize", "Parent Relationship": "Inner", "Parallel Aware": false, "Async Capable": false, "Startup Cost": 0.3, "Total Cost": 0.32, "Plan Rows": 1, "Plan Width": 4, "Actual Rows": 0, "Actual Loops": 14401261, "Cache Key": "catalog_sales.cs_sold_date_sk", "Cache Mode": "logical", "Cache Hits": 2038845, "Cache Misses": 507, "Cache Evictions": 0, "Cache Overflows": 0, "Peak Memory Usage": 37, "Workers": [{"Worker Number": 0, "Cache Hits": 1920908, "Cache Misses": 475, "Cache Evictions": 0, "Cache Overflows": 0, "Peak Memory Usage": 35}, {"Worker Number": 1, "Cache Hits": 2218604, "Cache Misses": 545, "Cache Evictions": 0, "Cache Overflows": 0, "Peak Memory Usage": 40}, {"Worker Number": 2, "Cache Hits": 2304135, "Cache Misses": 575, "Cache Evictions": 0, "Cache Overflows": 0, "Peak Memory Usage": 43}, {"Worker Number": 3, "Cache Hits": 1824239, "Cache Misses": 450, "Cache Evictions": 0, "Cache Overflows": 0, "Peak Memory Usage": 33}, {"Worker Number": 4, "Cache Hits": 2231719, "Cache Misses": 546, "Cache Evictions": 0, "Cache Overflows": 0, "Peak Memory Usage": 40}, {"Worker Number": 5, "Cache Hits": 1859254, "Cache Misses": 459, "Cache Evictions": 0, "Cache Overflows": 0, "Peak Memory Usage": 34}], "Plans": [{"Node Type": "Index Scan", "Parent Relationship": "Outer", "Parallel Aware": false, "Async Capable": false, "Scan Direction": "Forward", "Index Name": "date_dim_pkey", "Relation Name": "date_dim", "Alias": "date_dim", "Startup Cost": 0.29, "Total Cost": 0.31, "Plan Rows": 1, "Plan Width": 4, "Actual Rows": 0, "Actual Loops": 3557, "Index Cond": "(d_date_sk = catalog_sales.cs_sold_date_sk)", "Rows Removed by Index Recheck": 0, "Filter": "(d_year = 2001)", "Rows Removed by Filter": 1, "Workers": []}]}]}, {"Node Type": "Index Scan", "Parent Relationship": "Inner", "Parallel Aware": false, "Async Capable": false, "Scan Direction": "Forward", "Index Name": "customer_demographics_pkey", "Relation Name": "customer_demographics", "Alias": "cd1", "Startup Cost": 0.43, "Total Cost": 0.46, "Plan Rows": 1, "Plan Width": 4, "Actual Rows": 0, "Actual Loops": 2852599, "Index Cond": "(cd_demo_sk = catalog_sales.cs_bill_cdemo_sk)", "Rows Removed by Index Recheck": 0, "Filter": "((cd_gender = 'M'::bpchar) AND (cd_education_status = '4 yr Degree'::bpchar))", "Rows Removed by Filter": 1, "Workers": []}]}, {"Node Type": "Index Scan", "Parent Relationship": "Inner", "Parallel Aware": false, "Async Capable": false, "Scan Direction": "Forward", "Index Name": "customer_pkey", "Relation Name": "customer", "Alias": "customer", "Startup Cost": 0.42, "Total Cost": 0.45, "Plan Rows": 1, "Plan Width": 12, "Actual Rows": 0, "Actual Loops": 201886, "Index Cond": "(c_customer_sk = catalog_sales.cs_bill_customer_sk)", "Rows Removed by Index Recheck": 0, "Filter": "(c_birth_month = ANY ('{10,12,9,2,4,8}'::integer[]))", "Rows Removed by Filter": 1, "Workers": []}]}, {"Node Type": "Index Scan", "Parent Relationship": "Inner", "Parallel Aware": false, "Async Capable": false, "Scan Direction": "Forward", "Index Name": "customer_address_pkey", "Relation Name": "customer_address", "Alias": "customer_address", "Startup Cost": 0.42, "Total Cost": 0.55, "Plan Rows": 1, "Plan Width": 4, "Actual Rows": 0, "Actual Loops": 96124, "Index Cond": "(ca_address_sk = customer.c_current_addr_sk)", "Rows Removed by Index Recheck": 0, "Filter": "(ca_state = ANY ('{GA,KY,TN,MN,SD,MO,MD}'::bpchar[]))", "Rows Removed by Filter": 1, "Workers": []}]}, {"Node Type": "Index Scan", "Parent Relationship": "Inner", "Parallel Aware": false, "Async Capable": false, "Scan Direction": "Forward", "Index Name": "customer_demographics_pkey", "Relation Name": "customer_demographics", "Alias": "cd2", "Startup Cost": 0.43, "Total Cost": 0.9, "Plan Rows": 1, "Plan Width": 4, "Actual Rows": 1, "Actual Loops": 19300, "Index Cond": "(cd_demo_sk = customer.c_current_cdemo_sk)", "Rows Removed by Index Recheck": 0, "Workers": []}]}, {"Node Type": "Index Scan", "Parent Relationship": "Inner", "Parallel Aware": false, "Async Capable": false, "Scan Direction": "Forward", "Index Name": "item_pkey", "Relation Name": "item", "Alias": "item", "Startup Cost": 0.29, "Total Cost": 0.31, "Plan Rows": 1, "Plan Width": 4, "Actual Rows": 1, "Actual Loops": 18936, "Index Cond": "(i_item_sk = catalog_sales.cs_item_sk)", "Rows Removed by Index Recheck": 0, "Workers": []}]}]}]}]}, "Planning Time": 2.594, "Triggers": [], "Execution Time": 3217.584}, {"Plan": {"Node Type": "Aggregate", "Strategy": "Plain", "Partial Mode": "Simple", "Parallel Aware": false, "Async Capable": false, "Startup Cost": 866209.39, "Total Cost": 866209.4, "Plan Rows": 1, "Plan Width": 8, "Actual Rows": 1, "Actual Loops": 1, "Plans": [{"Node Type": "Merge Join", "Parent Relationship": "Outer", "Parallel Aware": false, "Async Capable": false, "Join Type": "Inner", "Startup Cost": 789655.96, "Total Cost": 866208.15, "Plan Rows": 496, "Plan Width": 0, "Actual Rows": 18936, "Actual Loops": 1, "Inner Unique": false, "Merge Cond": "(cd2.cd_demo_sk = customer.c_current_cdemo_sk)", "Plans": [{"Node Type": "Index Scan", "Parent Relationship": "Outer", "Parallel Aware": false, "Async Capable": false, "Scan Direction": "Forward", "Index Name": "customer_demographics_pkey", "Relation Name": "customer_demographics", "Alias": "cd2", "Startup Cost": 0.43, "Total Cost": 71743.43, "Plan Rows": 1920800, "Plan Width": 4, "Actual Rows": 1920671, "Actual Loops": 1}, {"Node Type": "Sort", "Parent Relationship": "Inner", "Parallel Aware": false, "Async Capable": false, "Startup Cost": 789655.54, "Total Cost": 789656.78, "Plan Rows": 496, "Plan Width": 4, "Actual Rows": 18937, "Actual Loops": 1, "Sort Key": ["customer.c_current_cdemo_sk"], "Sort Method": "quicksort", "Sort Space Used": 769, "Sort Space Type": "Memory", "Plans": [{"Node Type": "Merge Join", "Parent Relationship": "Outer", "Parallel Aware": false, "Async Capable": false, "Join Type": "Inner", "Startup Cost": 779648.38, "Total Cost": 789633.33, "Plan Rows": 496, "Plan Width": 4, "Actual Rows": 19300, "Actual Loops": 1, "Inner Unique": false, "Merge Cond": "(item.i_item_sk = catalog_sales.cs_item_sk)", "Plans": [{"Node Type": "Index Scan", "Parent Relationship": "Outer", "Parallel Aware": false, "Async Capable": false, "Scan Direction": "Forward", "Index Name": "item_pkey", "Relation Name": "item", "Alias": "item", "Startup Cost": 0.29, "Total Cost": 9722.8, "Plan Rows": 102000, "Plan Width": 4, "Actual Rows": 101996, "Actual Loops": 1}, {"Node Type": "Sort", "Parent Relationship": "Inner", "Parallel Aware": false, "Async Capable": false, "Startup Cost": 779648.09, "Total Cost": 779649.33, "Plan Rows": 496, "Plan Width": 8, "Actual Rows": 19300, "Actual Loops": 1, "Sort Key": ["catalog_sales.cs_item_sk"], "Sort Method": "quicksort", "Sort Space Used": 1372, "Sort Space Type": "Memory", "Plans": [{"Node Type": "Merge Join", "Parent Relationship": "Outer", "Parallel Aware": false, "Async Capable": false, "Join Type": "Inner", "Startup Cost": 765304.79, "Total Cost": 779625.88, "Plan Rows": 496, "Plan Width": 8, "Actual Rows": 19300, "Actual Loops": 1, "Inner Unique": false, "Merge Cond": "(customer_address.ca_address_sk = customer.c_current_addr_sk)", "Plans": [{"Node Type": "Index Scan", "Parent Relationship": "Outer", "Parallel Aware": false, "Async Capable": false, "Scan Direction": "Forward", "Index Name": "customer_address_pkey", "Relation Name": "customer_address", "Alias": "customer_address", "Startup Cost": 0.42, "Total Cost": 14177.62, "Plan Rows": 50680, "Plan Width": 4, "Actual Rows": 50638, "Actual Loops": 1, "Filter": "(ca_state = ANY ('{GA,KY,TN,MN,SD,MO,MD}'::bpchar[]))", "Rows Removed by Filter": 199314}, {"Node Type": "Sort", "Parent Relationship": "Inner", "Parallel Aware": false, "Async Capable": false, "Startup Cost": 765304.37, "Total Cost": 765310.49, "Plan Rows": 2447, "Plan Width": 12, "Actual Rows": 96124, "Actual Loops": 1, "Sort Key": ["customer.c_current_addr_sk"], "Sort Method": "quicksort", "Sort Space Used": 6815, "Sort Space Type": "Memory", "Plans": [{"Node Type": "Merge Join", "Parent Relationship": "Outer", "Parallel Aware": false, "Async Capable": false, "Join Type": "Inner", "Startup Cost": 732521.8, "Total Cost": 765166.64, "Plan Rows": 2447, "Plan Width": 12, "Actual Rows": 96124, "Actual Loops": 1, "Inner Unique": false, "Merge Cond": "(customer.c_customer_sk = catalog_sales.cs_bill_customer_sk)", "Plans": [{"Node Type": "Index Scan", "Parent Relationship": "Outer", "Parallel Aware": false, "Async Capable": false, "Scan Direction": "Forward", "Index Name": "customer_pkey", "Relation Name": "customer", "Alias": "customer", "Startup Cost": 0.42, "Total Cost": 31995.3, "Plan Rows": 240000, "Plan Width": 12, "Actual Rows": 239679, "Actual Loops": 1, "Filter": "(c_birth_month = ANY ('{10,12,9,2,4,8}'::integer[]))", "Rows Removed by Filter": 260317}, {"Node Type": "Sort", "Parent Relationship": "Inner", "Parallel Aware": false, "Async Capable": false, "Startup Cost": 732521.38, "Total Cost": 732534.18, "Plan Rows": 5123, "Plan Width": 8, "Actual Rows": 201643, "Actual Loops": 1, "Sort Key": ["catalog_sales.cs_bill_customer_sk"], "Sort Method": "quicksort", "Sort Space Used": 12453, "Sort Space Type": "Memory", "Plans": [{"Node Type": "Gather", "Parent Relationship": "Outer", "Parallel Aware": false, "Async Capable": false, "Startup Cost": 730941.52, "Total Cost": 732205.73, "Plan Rows": 5123, "Plan Width": 8, "Actual Rows": 201886, "Actual Loops": 1, "Workers Planned": 6, "Workers Launched": 6, "Single Copy": false, "Plans": [{"Node Type": "Merge Join", "Parent Relationship": "Outer", "Parallel Aware": false, "Async Capable": false, "Join Type": "Inner", "Startup Cost": 729941.52, "Total Cost": 730693.43, "Plan Rows": 854, "Plan Width": 8, "Actual Rows": 28841, "Actual Loops": 7, "Inner Unique": true, "Merge Cond": "(catalog_sales.cs_bill_cdemo_sk = cd1.cd_demo_sk)", "Workers": [], "Plans": [{"Node Type": "Sort", "Parent Relationship": "Outer", "Parallel Aware": false, "Async Capable": false, "Startup Cost": 667608.12, "Total Cost": 667638.1, "Plan Rows": 11993, "Plan Width": 12, "Actual Rows": 406493, "Actual Loops": 7, "Sort Key": ["catalog_sales.cs_bill_cdemo_sk"], "Sort Method": "quicksort", "Sort Space Used": 29521, "Sort Space Type": "Memory", "Workers": [{"Worker Number": 0, "Sort Method": "quicksort", "Sort Space Used": 27222, "Sort Space Type": "Memory"}, {"Worker Number": 1, "Sort Method": "quicksort", "Sort Space Used": 29136, "Sort Space Type": "Memory"}, {"Worker Number": 2, "Sort Method": "quicksort", "Sort Space Used": 29904, "Sort Space Type": "Memory"}, {"Worker Number": 3, "Sort Method": "quicksort", "Sort Space Used": 26943, "Sort Space Type": "Memory"}, {"Worker Number": 4, "Sort Method": "quicksort", "Sort Space Used": 27418, "Sort Space Type": "Memory"}, {"Worker Number": 5, "Sort Method": "quicksort", "Sort Space Used": 27221, "Sort Space Type": "Memory"}], "Plans": [{"Node Type": "Merge Join", "Parent Relationship": "Outer", "Parallel Aware": false, "Async Capable": false, "Join Type": "Inner", "Startup Cost": 654675.14, "Total Cost": 666795.6, "Plan Rows": 11993, "Plan Width": 12, "Actual Rows": 407514, "Actual Loops": 7, "Inner Unique": true, "Merge Cond": "(catalog_sales.cs_sold_date_sk = date_dim.d_date_sk)", "Workers": [], "Plans": [{"Node Type": "Sort", "Parent Relationship": "Outer", "Parallel Aware": false, "Async Capable": false, "Startup Cost": 652321.59, "Total Cost": 658322.13, "Plan Rows": 2400214, "Plan Width": 16, "Actual Rows": 1631749, "Actual Loops": 7, "Sort Key": ["catalog_sales.cs_sold_date_sk"], "Sort Method": "quicksort", "Sort Space Used": 156608, "Sort Space Type": "Memory", "Workers": [{"Worker Number": 0, "Sort Method": "quicksort", "Sort Space Used": 121682, "Sort Space Type": "Memory"}, {"Worker Number": 1, "Sort Method": "quicksort", "Sort Space Used": 155763, "Sort Space Type": "Memory"}, {"Worker Number": 2, "Sort Method": "quicksort", "Sort Space Used": 156523, "Sort Space Type": "Memory"}, {"Worker Number": 3, "Sort Method": "quicksort", "Sort Space Used": 123040, "Sort Space Type": "Memory"}, {"Worker Number": 4, "Sort Method": "quicksort", "Sort Space Used": 160956, "Sort Space Type": "Memory"}, {"Worker Number": 5, "Sort Method": "quicksort", "Sort Space Used": 125050, "Sort Space Type": "Memory"}], "Plans": [{"Node Type": "Seq Scan", "Parent Relationship": "Outer", "Parallel Aware": true, "Async Capable": false, "Relation Name": "catalog_sales", "Alias": "catalog_sales", "Startup Cost": 0.0, "Total Cost": 397962.14, "Plan Rows": 2400214, "Plan Width": 16, "Actual Rows": 2057323, "Actual Loops": 7, "Workers": []}]}, {"Node Type": "Sort", "Parent Relationship": "Inner", "Parallel Aware": false, "Async Capable": false, "Startup Cost": 2352.65, "Total Cost": 2353.56, "Plan Rows": 365, "Plan Width": 4, "Actual Rows": 365, "Actual Loops": 7, "Sort Key": ["date_dim.d_date_sk"], "Sort Method": "quicksort", "Sort Space Used": 25, "Sort Space Type": "Memory", "Workers": [{"Worker Number": 0, "Sort Method": "quicksort", "Sort Space Used": 25, "Sort Space Type": "Memory"}, {"Worker Number": 1, "Sort Method": "quicksort", "Sort Space Used": 25, "Sort Space Type": "Memory"}, {"Worker Number": 2, "Sort Method": "quicksort", "Sort Space Used": 25, "Sort Space Type": "Memory"}, {"Worker Number": 3, "Sort Method": "quicksort", "Sort Space Used": 25, "Sort Space Type": "Memory"}, {"Worker Number": 4, "Sort Method": "quicksort", "Sort Space Used": 25, "Sort Space Type": "Memory"}, {"Worker Number": 5, "Sort Method": "quicksort", "Sort Space Used": 25, "Sort Space Type": "Memory"}], "Plans": [{"Node Type": "Seq Scan", "Parent Relationship": "Outer", "Parallel Aware": false, "Async Capable": false, "Relation Name": "date_dim", "Alias": "date_dim", "Startup Cost": 0.0, "Total Cost": 2337.11, "Plan Rows": 365, "Plan Width": 4, "Actual Rows": 365, "Actual Loops": 7, "Filter": "(d_year = 2001)", "Rows Removed by Filter": 72684, "Workers": []}]}]}]}, {"Node Type": "Sort", "Parent Relationship": "Inner", "Parallel Aware": false, "Async Capable": false, "Startup Cost": 62333.4, "Total Cost": 62675.27, "Plan Rows": 136748, "Plan Width": 4, "Actual Rows": 137199, "Actual Loops": 7, "Sort Key": ["cd1.cd_demo_sk"], "Sort Method": "quicksort", "Sort Space Used": 6145, "Sort Space Type": "Memory", "Workers": [{"Worker Number": 0, "Sort Method": "quicksort", "Sort Space Used": 6145, "Sort Space Type": "Memory"}, {"Worker Number": 1, "Sort Method": "quicksort", "Sort Space Used": 6145, "Sort Space Type": "Memory"}, {"Worker Number": 2, "Sort Method": "quicksort", "Sort Space Used": 6145, "Sort Space Type": "Memory"}, {"Worker Number": 3, "Sort Method": "quicksort", "Sort Space Used": 6145, "Sort Space Type": "Memory"}, {"Worker Number": 4, "Sort Method": "quicksort", "Sort Space Used": 6145, "Sort Space Type": "Memory"}, {"Worker Number": 5, "Sort Method": "quicksort", "Sort Space Used": 6145, "Sort Space Type": "Memory"}], "Plans": [{"Node Type": "Seq Scan", "Parent Relationship": "Outer", "Parallel Aware": false, "Async Capable": false, "Relation Name": "customer_demographics", "Alias": "cd1", "Startup Cost": 0.0, "Total Cost": 50668.0, "Plan Rows": 136748, "Plan Width": 4, "Actual Rows": 137200, "Actual Loops": 7, "Filter": "((cd_gender = 'M'::bpchar) AND (cd_education_status = '4 yr Degree'::bpchar))", "Rows Removed by Filter": 1783600, "Workers": []}]}]}]}]}]}]}]}]}]}]}]}]}, "Planning Time": 2.981, "Triggers": [], "Execution Time": 2907.672}]