{"Plan": {"Node Type": "Aggregate", "Strategy": "Plain", "Partial Mode": "Finalize", "Parallel Aware": false, "Async Capable": false, "Startup Cost": 390837.03, "Total Cost": 390837.04, "Plan Rows": 1, "Plan Width": 8, "Actual Rows": 1, "Actual Loops": 1, "Plans": [{"Node Type": "Gather", "Parent Relationship": "Outer", "Parallel Aware": false, "Async Capable": false, "Startup Cost": 390836.82, "Total Cost": 390837.03, "Plan Rows": 2, "Plan Width": 8, "Actual Rows": 3, "Actual Loops": 1, "Workers Planned": 2, "Workers Launched": 2, "Single Copy": false, "Plans": [{"Node Type": "Aggregate", "Strategy": "Plain", "Partial Mode": "Partial", "Parent Relationship": "Outer", "Parallel Aware": false, "Async Capable": false, "Startup Cost": 389836.82, "Total Cost": 389836.83, "Plan Rows": 1, "Plan Width": 8, "Actual Rows": 1, "Actual Loops": 3, "Workers": [], "Plans": [{"Node Type": "Hash Join", "Parent Relationship": "Outer", "Parallel Aware": false, "Async Capable": false, "Join Type": "Inner", "Startup Cost": 2087.7, "Total Cost": 389836.71, "Plan Rows": 44, "Plan Width": 0, "Actual Rows": 2608, "Actual Loops": 3, "Inner Unique": true, "Hash Cond": "(store_sales.ss_store_sk = store.s_store_sk)", "Join Filter": "(substr((customer_address.ca_zip)::text, 1, 5) <> substr((store.s_zip)::text, 1, 5))", "Rows Removed by Join Filter": 136, "Workers": [], "Plans": [{"Node Type": "Nested Loop", "Parent Relationship": "Outer", "Parallel Aware": false, "Async Capable": false, "Join Type": "Inner", "Startup Cost": 2080.4, "Total Cost": 389829.3, "Plan Rows": 45, "Plan Width": 15, "Actual Rows": 2775, "Actual Loops": 3, "Inner Unique": true, "Workers": [], "Plans": [{"Node Type": "Nested Loop", "Parent Relationship": "Outer", "Parallel Aware": false, "Async Capable": false, "Join Type": "Inner", "Startup Cost": 2079.98, "Total Cost": 389807.39, "Plan Rows": 45, "Plan Width": 8, "Actual Rows": 2775, "Actual Loops": 3, "Inner Unique": true, "Workers": [], "Plans": [{"Node Type": "Hash Join", "Parent Relationship": "Outer", "Parallel Aware": true, "Async Capable": false, "Join Type": "Inner", "Startup Cost": 2079.56, "Total Cost": 389786.6, "Plan Rows": 47, "Plan Width": 8, "Actual Rows": 2841, "Actual Loops": 3, "Inner Unique": true, "Hash Cond": "(store_sales.ss_sold_date_sk = date_dim.d_date_sk)", "Workers": [], "Plans": [{"Node Type": "Nested Loop", "Parent Relationship": "Outer", "Parallel Aware": false, "Async Capable": false, "Join Type": "Inner", "Startup Cost": 10.78, "Total Cost": 387428.75, "Plan Rows": 110122, "Plan Width": 12, "Actual Rows": 86999, "Actual Loops": 3, "Inner Unique": false, "Workers": [], "Plans": [{"Node Type": "Seq Scan", "Parent Relationship": "Outer", "Parallel Aware": true, "Async Capable": false, "Relation Name": "item", "Alias": "item", "Startup Cost": 0.0, "Total Cost": 7575.25, "Plan Rows": 390, "Plan Width": 4, "Actual Rows": 312, "Actual Loops": 3, "Filter": "(i_manager_id = 41)", "Rows Removed by Filter": 33688, "Workers": []}, {"Node Type": "Bitmap Heap Scan", "Parent Relationship": "Inner", "Parallel Aware": false, "Async Capable": false, "Relation Name": "store_sales", "Alias": "store_sales", "Startup Cost": 10.78, "Total Cost": 970.87, "Plan Rows": 311, "Plan Width": 16, "Actual Rows": 279, "Actual Loops": 936, "Recheck Cond": "(ss_item_sk = item.i_item_sk)", "Rows Removed by Index Recheck": 0, "Exact Heap Blocks": 128419, "Lossy Heap Blocks": 0, "Workers": [], "Plans": [{"Node Type": "Bitmap Index Scan", "Parent Relationship": "Outer", "Parallel Aware": false, "Async Capable": false, "Index Name": "store_sales_pkey", "Startup Cost": 0.0, "Total Cost": 10.71, "Plan Rows": 311, "Plan Width": 0, "Actual Rows": 279, "Actual Loops": 936, "Index Cond": "(ss_item_sk = item.i_item_sk)", "Workers": []}]}]}, {"Node Type": "Hash", "Parent Relationship": "Inner", "Parallel Aware": true, "Async Capable": false, "Startup Cost": 2068.55, "Total Cost": 2068.55, "Plan Rows": 18, "Plan Width": 4, "Actual Rows": 10, "Actual Loops": 3, "Hash Buckets": 1024, "Original Hash Buckets": 1024, "Hash Batches": 1, "Original Hash Batches": 1, "Peak Memory Usage": 72, "Workers": [], "Plans": [{"Node Type": "Seq Scan", "Parent Relationship": "Outer", "Parallel Aware": true, "Async Capable": false, "Relation Name": "date_dim", "Alias": "date_dim", "Startup Cost": 0.0, "Total Cost": 2068.55, "Plan Rows": 18, "Plan Width": 4, "Actual Rows": 10, "Actual Loops": 3, "Filter": "((d_moy = 12) AND (d_year = 1998))", "Rows Removed by Filter": 24339, "Workers": []}]}]}, {"Node Type": "Index Scan", "Parent Relationship": "Inner", "Parallel Aware": false, "Async Capable": false, "Scan Direction": "Forward", "Index Name": "customer_pkey", "Relation Name": "customer", "Alias": "customer", "Startup Cost": 0.42, "Total Cost": 0.44, "Plan Rows": 1, "Plan Width": 8, "Actual Rows": 1, "Actual Loops": 8524, "Index Cond": "(c_customer_sk = store_sales.ss_customer_sk)", "Rows Removed by Index Recheck": 0, "Workers": []}]}, {"Node Type": "Index Scan", "Parent Relationship": "Inner", "Parallel Aware": false, "Async Capable": false, "Scan Direction": "Forward", "Index Name": "customer_address_pkey", "Relation Name": "customer_address", "Alias": "customer_address", "Startup Cost": 0.42, "Total Cost": 0.49, "Plan Rows": 1, "Plan Width": 15, "Actual Rows": 1, "Actual Loops": 8324, "Index Cond": "(ca_address_sk = customer.c_current_addr_sk)", "Rows Removed by Index Recheck": 0, "Workers": []}]}, {"Node Type": "Hash", "Parent Relationship": "Inner", "Parallel Aware": false, "Async Capable": false, "Startup Cost": 6.02, "Total Cost": 6.02, "Plan Rows": 102, "Plan Width": 15, "Actual Rows": 102, "Actual Loops": 3, "Hash Buckets": 1024, "Original Hash Buckets": 1024, "Hash Batches": 1, "Original Hash Batches": 1, "Peak Memory Usage": 13, "Workers": [], "Plans": [{"Node Type": "Seq Scan", "Parent Relationship": "Outer", "Parallel Aware": false, "Async Capable": false, "Relation Name": "store", "Alias": "store", "Startup Cost": 0.0, "Total Cost": 6.02, "Plan Rows": 102, "Plan Width": 15, "Actual Rows": 102, "Actual Loops": 3, "Workers": []}]}]}]}]}]}, "Planning Time": 4.004, "Triggers": [], "Execution Time": 989.091}