{"Plan": {"Node Type": "Aggregate", "Strategy": "Plain", "Partial Mode": "Finalize", "Parallel Aware": false, "Async Capable": false, "Startup Cost": 144018.67, "Total Cost": 144018.68, "Plan Rows": 1, "Plan Width": 8, "Actual Rows": 1, "Actual Loops": 1, "Plans": [{"Node Type": "Gather", "Parent Relationship": "Outer", "Parallel Aware": false, "Async Capable": false, "Startup Cost": 144018.45, "Total Cost": 144018.66, "Plan Rows": 2, "Plan Width": 8, "Actual Rows": 3, "Actual Loops": 1, "Workers Planned": 2, "Workers Launched": 2, "Single Copy": false, "Plans": [{"Node Type": "Aggregate", "Strategy": "Plain", "Partial Mode": "Partial", "Parent Relationship": "Outer", "Parallel Aware": false, "Async Capable": false, "Startup Cost": 143018.45, "Total Cost": 143018.46, "Plan Rows": 1, "Plan Width": 8, "Actual Rows": 1, "Actual Loops": 3, "Workers": [], "Plans": [{"Node Type": "Nested Loop", "Parent Relationship": "Outer", "Parallel Aware": false, "Async Capable": false, "Join Type": "Inner", "Startup Cost": 12.12, "Total Cost": 143018.42, "Plan Rows": 13, "Plan Width": 0, "Actual Rows": 846, "Actual Loops": 3, "Inner Unique": true, "Join Filter": "(substr((customer_address.ca_zip)::text, 1, 5) <> substr((store.s_zip)::text, 1, 5))", "Rows Removed by Join Filter": 48, "Workers": [], "Plans": [{"Node Type": "Nested Loop", "Parent Relationship": "Outer", "Parallel Aware": false, "Async Capable": false, "Join Type": "Inner", "Startup Cost": 11.98, "Total Cost": 143016.05, "Plan Rows": 13, "Plan Width": 15, "Actual Rows": 903, "Actual Loops": 3, "Inner Unique": true, "Workers": [], "Plans": [{"Node Type": "Nested Loop", "Parent Relationship": "Outer", "Parallel Aware": false, "Async Capable": false, "Join Type": "Inner", "Startup Cost": 11.56, "Total Cost": 143009.72, "Plan Rows": 13, "Plan Width": 8, "Actual Rows": 903, "Actual Loops": 3, "Inner Unique": true, "Workers": [], "Plans": [{"Node Type": "Nested Loop", "Parent Relationship": "Outer", "Parallel Aware": false, "Async Capable": false, "Join Type": "Inner", "Startup Cost": 11.14, "Total Cost": 143003.52, "Plan Rows": 14, "Plan Width": 8, "Actual Rows": 924, "Actual Loops": 3, "Inner Unique": true, "Workers": [], "Plans": [{"Node Type": "Nested Loop", "Parent Relationship": "Outer", "Parallel Aware": false, "Async Capable": false, "Join Type": "Inner", "Startup Cost": 10.83, "Total Cost": 141605.03, "Plan Rows": 32942, "Plan Width": 12, "Actual Rows": 27319, "Actual Loops": 3, "Inner Unique": false, "Workers": [], "Plans": [{"Node Type": "Seq Scan", "Parent Relationship": "Outer", "Parallel Aware": true, "Async Capable": false, "Relation Name": "item", "Alias": "item", "Startup Cost": 0.0, "Total Cost": 7575.25, "Plan Rows": 117, "Plan Width": 4, "Actual Rows": 93, "Actual Loops": 3, "Filter": "(i_manager_id = 82)", "Rows Removed by Filter": 33907, "Workers": []}, {"Node Type": "Bitmap Heap Scan", "Parent Relationship": "Inner", "Parallel Aware": false, "Async Capable": false, "Relation Name": "store_sales", "Alias": "store_sales", "Startup Cost": 10.83, "Total Cost": 1142.44, "Plan Rows": 311, "Plan Width": 16, "Actual Rows": 293, "Actual Loops": 280, "Recheck Cond": "(ss_item_sk = item.i_item_sk)", "Rows Removed by Index Recheck": 0, "Exact Heap Blocks": 44244, "Lossy Heap Blocks": 0, "Workers": [], "Plans": [{"Node Type": "Bitmap Index Scan", "Parent Relationship": "Outer", "Parallel Aware": false, "Async Capable": false, "Index Name": "store_sales_pkey", "Startup Cost": 0.0, "Total Cost": 10.76, "Plan Rows": 311, "Plan Width": 0, "Actual Rows": 293, "Actual Loops": 280, "Index Cond": "(ss_item_sk = item.i_item_sk)", "Workers": []}]}]}, {"Node Type": "Memoize", "Parent Relationship": "Inner", "Parallel Aware": false, "Async Capable": false, "Startup Cost": 0.3, "Total Cost": 0.33, "Plan Rows": 1, "Plan Width": 4, "Actual Rows": 0, "Actual Loops": 81958, "Cache Key": "store_sales.ss_sold_date_sk", "Cache Mode": "logical", "Cache Hits": 42428, "Cache Misses": 1824, "Cache Evictions": 0, "Cache Overflows": 0, "Peak Memory Usage": 123, "Workers": [{"Worker Number": 0, "Cache Hits": 17135, "Cache Misses": 1817, "Cache Evictions": 0, "Cache Overflows": 0, "Peak Memory Usage": 122}, {"Worker Number": 1, "Cache Hits": 16934, "Cache Misses": 1820, "Cache Evictions": 0, "Cache Overflows": 0, "Peak Memory Usage": 122}], "Plans": [{"Node Type": "Index Scan", "Parent Relationship": "Outer", "Parallel Aware": false, "Async Capable": false, "Scan Direction": "Forward", "Index Name": "date_dim_pkey", "Relation Name": "date_dim", "Alias": "date_dim", "Startup Cost": 0.29, "Total Cost": 0.32, "Plan Rows": 1, "Plan Width": 4, "Actual Rows": 0, "Actual Loops": 5461, "Index Cond": "(d_date_sk = store_sales.ss_sold_date_sk)", "Rows Removed by Index Recheck": 0, "Filter": "((d_moy = 12) AND (d_year = 1998))", "Rows Removed by Filter": 1, "Workers": []}]}]}, {"Node Type": "Index Scan", "Parent Relationship": "Inner", "Parallel Aware": false, "Async Capable": false, "Scan Direction": "Forward", "Index Name": "customer_pkey", "Relation Name": "customer", "Alias": "customer", "Startup Cost": 0.42, "Total Cost": 0.44, "Plan Rows": 1, "Plan Width": 8, "Actual Rows": 1, "Actual Loops": 2771, "Index Cond": "(c_customer_sk = store_sales.ss_customer_sk)", "Rows Removed by Index Recheck": 0, "Workers": []}]}, {"Node Type": "Index Scan", "Parent Relationship": "Inner", "Parallel Aware": false, "Async Capable": false, "Scan Direction": "Forward", "Index Name": "customer_address_pkey", "Relation Name": "customer_address", "Alias": "customer_address", "Startup Cost": 0.42, "Total Cost": 0.49, "Plan Rows": 1, "Plan Width": 15, "Actual Rows": 1, "Actual Loops": 2708, "Index Cond": "(ca_address_sk = customer.c_current_addr_sk)", "Rows Removed by Index Recheck": 0, "Workers": []}]}, {"Node Type": "Index Scan", "Parent Relationship": "Inner", "Parallel Aware": false, "Async Capable": false, "Scan Direction": "Forward", "Index Name": "store_pkey", "Relation Name": "store", "Alias": "store", "Startup Cost": 0.14, "Total Cost": 0.16, "Plan Rows": 1, "Plan Width": 15, "Actual Rows": 1, "Actual Loops": 2708, "Index Cond": "(s_store_sk = store_sales.ss_store_sk)", "Rows Removed by Index Recheck": 0, "Workers": []}]}]}]}]}, "Planning Time": 4.223, "Triggers": [], "Execution Time": 414.819}