{"Plan": {"Node Type": "Aggregate", "Strategy": "Plain", "Partial Mode": "Finalize", "Parallel Aware": false, "Async Capable": false, "Startup Cost": 209184.82, "Total Cost": 209184.83, "Plan Rows": 1, "Plan Width": 8, "Actual Rows": 1, "Actual Loops": 1, "Plans": [{"Node Type": "Gather", "Parent Relationship": "Outer", "Parallel Aware": false, "Async Capable": false, "Startup Cost": 209184.3, "Total Cost": 209184.81, "Plan Rows": 5, "Plan Width": 8, "Actual Rows": 6, "Actual Loops": 1, "Workers Planned": 5, "Workers Launched": 5, "Single Copy": false, "Plans": [{"Node Type": "Aggregate", "Strategy": "Plain", "Partial Mode": "Partial", "Parent Relationship": "Outer", "Parallel Aware": false, "Async Capable": false, "Startup Cost": 208184.3, "Total Cost": 208184.31, "Plan Rows": 1, "Plan Width": 8, "Actual Rows": 1, "Actual Loops": 6, "Workers": [], "Plans": [{"Node Type": "Hash Join", "Parent Relationship": "Outer", "Parallel Aware": false, "Async Capable": false, "Join Type": "Inner", "Startup Cost": 2077.72, "Total Cost": 208167.2, "Plan Rows": 6838, "Plan Width": 0, "Actual Rows": 239190, "Actual Loops": 6, "Inner Unique": true, "Hash Cond": "(web_sales.ws_web_site_sk = web_site.web_site_sk)", "Workers": [], "Plans": [{"Node Type": "Hash Join", "Parent Relationship": "Outer", "Parallel Aware": false, "Async Capable": false, "Join Type": "Inner", "Startup Cost": 2073.78, "Total Cost": 208143.5, "Plan Rows": 6838, "Plan Width": 4, "Actual Rows": 239200, "Actual Loops": 6, "Inner Unique": true, "Hash Cond": "(web_sales.ws_ship_mode_sk = ship_mode.sm_ship_mode_sk)", "Workers": [], "Plans": [{"Node Type": "Hash Join", "Parent Relationship": "Outer", "Parallel Aware": false, "Async Capable": false, "Join Type": "Inner", "Startup Cost": 2072.33, "Total Cost": 208120.29, "Plan Rows": 6838, "Plan Width": 8, "Actual Rows": 239216, "Actual Loops": 6, "Inner Unique": true, "Hash Cond": "(web_sales.ws_warehouse_sk = warehouse.w_warehouse_sk)", "Workers": [], "Plans": [{"Node Type": "Hash Join", "Parent Relationship": "Outer", "Parallel Aware": true, "Async Capable": false, "Join Type": "Inner", "Startup Cost": 2071.1, "Total Cost": 208093.51, "Plan Rows": 6838, "Plan Width": 12, "Actual Rows": 239242, "Actual Loops": 6, "Inner Unique": true, "Hash Cond": "(web_sales.ws_ship_date_sk = date_dim.d_date_sk)", "Workers": [], "Plans": [{"Node Type": "Seq Scan", "Parent Relationship": "Outer", "Parallel Aware": true, "Async Capable": false, "Relation Name": "web_sales", "Alias": "web_sales", "Startup Cost": 0.0, "Total Cost": 202243.39, "Plan Rows": 1439539, "Plan Width": 16, "Actual Rows": 1199594, "Actual Loops": 6, "Workers": []}, {"Node Type": "Hash", "Parent Relationship": "Inner", "Parallel Aware": true, "Async Capable": false, "Startup Cost": 2068.55, "Total Cost": 2068.55, "Plan Rows": 204, "Plan Width": 4, "Actual Rows": 61, "Actual Loops": 6, "Hash Buckets": 1024, "Original Hash Buckets": 1024, "Hash Batches": 1, "Original Hash Batches": 1, "Peak Memory Usage": 168, "Workers": [], "Plans": [{"Node Type": "Seq Scan", "Parent Relationship": "Outer", "Parallel Aware": true, "Async Capable": false, "Relation Name": "date_dim", "Alias": "date_dim", "Startup Cost": 0.0, "Total Cost": 2068.55, "Plan Rows": 204, "Plan Width": 4, "Actual Rows": 61, "Actual Loops": 6, "Filter": "((d_month_seq >= 1224) AND (d_month_seq <= 1235))", "Rows Removed by Filter": 12114, "Workers": []}]}]}, {"Node Type": "Hash", "Parent Relationship": "Inner", "Parallel Aware": false, "Async Capable": false, "Startup Cost": 1.1, "Total Cost": 1.1, "Plan Rows": 10, "Plan Width": 4, "Actual Rows": 10, "Actual Loops": 6, "Hash Buckets": 1024, "Original Hash Buckets": 1024, "Hash Batches": 1, "Original Hash Batches": 1, "Peak Memory Usage": 9, "Workers": [], "Plans": [{"Node Type": "Seq Scan", "Parent Relationship": "Outer", "Parallel Aware": false, "Async Capable": false, "Relation Name": "warehouse", "Alias": "warehouse", "Startup Cost": 0.0, "Total Cost": 1.1, "Plan Rows": 10, "Plan Width": 4, "Actual Rows": 10, "Actual Loops": 6, "Workers": []}]}]}, {"Node Type": "Hash", "Parent Relationship": "Inner", "Parallel Aware": false, "Async Capable": false, "Startup Cost": 1.2, "Total Cost": 1.2, "Plan Rows": 20, "Plan Width": 4, "Actual Rows": 20, "Actual Loops": 6, "Hash Buckets": 1024, "Original Hash Buckets": 1024, "Hash Batches": 1, "Original Hash Batches": 1, "Peak Memory Usage": 9, "Workers": [], "Plans": [{"Node Type": "Seq Scan", "Parent Relationship": "Outer", "Parallel Aware": false, "Async Capable": false, "Relation Name": "ship_mode", "Alias": "ship_mode", "Startup Cost": 0.0, "Total Cost": 1.2, "Plan Rows": 20, "Plan Width": 4, "Actual Rows": 20, "Actual Loops": 6, "Workers": []}]}]}, {"Node Type": "Hash", "Parent Relationship": "Inner", "Parallel Aware": false, "Async Capable": false, "Startup Cost": 3.42, "Total Cost": 3.42, "Plan Rows": 42, "Plan Width": 4, "Actual Rows": 42, "Actual Loops": 6, "Hash Buckets": 1024, "Original Hash Buckets": 1024, "Hash Batches": 1, "Original Hash Batches": 1, "Peak Memory Usage": 10, "Workers": [], "Plans": [{"Node Type": "Seq Scan", "Parent Relationship": "Outer", "Parallel Aware": false, "Async Capable": false, "Relation Name": "web_site", "Alias": "web_site", "Startup Cost": 0.0, "Total Cost": 3.42, "Plan Rows": 42, "Plan Width": 4, "Actual Rows": 42, "Actual Loops": 6, "Workers": []}]}]}]}]}]}, "Planning Time": 1.394, "Triggers": [], "Execution Time": 372.202}