{"Plan": {"Node Type": "Aggregate", "Strategy": "Plain", "Partial Mode": "Finalize", "Parallel Aware": false, "Async Capable": false, "Startup Cost": 30440.13, "Total Cost": 30440.14, "Plan Rows": 1, "Plan Width": 8, "Actual Rows": 1, "Actual Loops": 1, "Plans": [{"Node Type": "Gather", "Parent Relationship": "Outer", "Parallel Aware": false, "Async Capable": false, "Startup Cost": 30439.92, "Total Cost": 30440.13, "Plan Rows": 2, "Plan Width": 8, "Actual Rows": 3, "Actual Loops": 1, "Workers Planned": 2, "Workers Launched": 2, "Single Copy": false, "Plans": [{"Node Type": "Aggregate", "Strategy": "Plain", "Partial Mode": "Partial", "Parent Relationship": "Outer", "Parallel Aware": false, "Async Capable": false, "Startup Cost": 29439.92, "Total Cost": 29439.93, "Plan Rows": 1, "Plan Width": 8, "Actual Rows": 1, "Actual Loops": 3, "Workers": [], "Plans": [{"Node Type": "Nested Loop", "Parent Relationship": "Outer", "Parallel Aware": false, "Async Capable": false, "Join Type": "Inner", "Startup Cost": 1.0, "Total Cost": 29438.15, "Plan Rows": 706, "Plan Width": 0, "Actual Rows": 29564, "Actual Loops": 3, "Inner Unique": false, "Workers": [], "Plans": [{"Node Type": "Nested Loop", "Parent Relationship": "Outer", "Parallel Aware": false, "Async Capable": false, "Join Type": "Inner", "Startup Cost": 0.57, "Total Cost": 29420.15, "Plan Rows": 2, "Plan Width": 8, "Actual Rows": 99, "Actual Loops": 3, "Inner Unique": false, "Workers": [], "Plans": [{"Node Type": "Seq Scan", "Parent Relationship": "Outer", "Parallel Aware": true, "Async Capable": false, "Relation Name": "item", "Alias": "item", "Startup Cost": 0.0, "Total Cost": 7894.0, "Plan Rows": 6, "Plan Width": 4, "Actual Rows": 5, "Actual Loops": 3, "Filter": "((i_current_price >= '35'::numeric) AND (i_current_price <= '65'::numeric) AND (i_manufact_id = ANY ('{176,385,426,245}'::integer[])))", "Rows Removed by Filter": 33995, "Workers": []}, {"Node Type": "Nested Loop", "Parent Relationship": "Inner", "Parallel Aware": false, "Async Capable": false, "Join Type": "Inner", "Startup Cost": 0.57, "Total Cost": 3586.47, "Plan Rows": 122, "Plan Width": 4, "Actual Rows": 19, "Actual Loops": 16, "Inner Unique": false, "Workers": [], "Plans": [{"Node Type": "Seq Scan", "Parent Relationship": "Outer", "Parallel Aware": false, "Async Capable": false, "Relation Name": "date_dim", "Alias": "date_dim", "Startup Cost": 0.0, "Total Cost": 2519.73, "Plan Rows": 61, "Plan Width": 4, "Actual Rows": 61, "Actual Loops": 16, "Filter": "((d_date >= '2001-01-30'::date) AND (d_date <= '2001-03-31 00:00:00'::timestamp without time zone))", "Rows Removed by Filter": 72988, "Workers": []}, {"Node Type": "Index Scan", "Parent Relationship": "Inner", "Parallel Aware": false, "Async Capable": false, "Scan Direction": "Forward", "Index Name": "inventory_pkey", "Relation Name": "inventory", "Alias": "inventory", "Startup Cost": 0.57, "Total Cost": 17.47, "Plan Rows": 2, "Plan Width": 8, "Actual Rows": 0, "Actual Loops": 976, "Index Cond": "((inv_date_sk = date_dim.d_date_sk) AND (inv_item_sk = item.i_item_sk))", "Rows Removed by Index Recheck": 0, "Filter": "((inv_quantity_on_hand >= 100) AND (inv_quantity_on_hand <= 500))", "Rows Removed by Filter": 0, "Workers": []}]}]}, {"Node Type": "Index Only Scan", "Parent Relationship": "Inner", "Parallel Aware": false, "Async Capable": false, "Scan Direction": "Forward", "Index Name": "store_sales_pkey", "Relation Name": "store_sales", "Alias": "store_sales", "Startup Cost": 0.44, "Total Cost": 5.89, "Plan Rows": 311, "Plan Width": 4, "Actual Rows": 299, "Actual Loops": 297, "Index Cond": "(ss_item_sk = inventory.inv_item_sk)", "Rows Removed by Index Recheck": 0, "Heap Fetches": 0, "Workers": []}]}]}]}]}, "Planning Time": 3.466, "Triggers": [], "Execution Time": 115.706}