{"Plan": {"Node Type": "Aggregate", "Strategy": "Plain", "Partial Mode": "Finalize", "Parallel Aware": false, "Async Capable": false, "Startup Cost": 67466.46, "Total Cost": 67466.47, "Plan Rows": 1, "Plan Width": 8, "Actual Rows": 1, "Actual Loops": 1, "Plans": [{"Node Type": "Gather", "Parent Relationship": "Outer", "Parallel Aware": false, "Async Capable": false, "Startup Cost": 67466.14, "Total Cost": 67466.45, "Plan Rows": 3, "Plan Width": 8, "Actual Rows": 4, "Actual Loops": 1, "Workers Planned": 3, "Workers Launched": 3, "Single Copy": false, "Plans": [{"Node Type": "Aggregate", "Strategy": "Plain", "Partial Mode": "Partial", "Parent Relationship": "Outer", "Parallel Aware": false, "Async Capable": false, "Startup Cost": 66466.14, "Total Cost": 66466.15, "Plan Rows": 1, "Plan Width": 8, "Actual Rows": 1, "Actual Loops": 4, "Workers": [], "Plans": [{"Node Type": "Nested Loop", "Parent Relationship": "Outer", "Parallel Aware": false, "Async Capable": false, "Join Type": "Inner", "Startup Cost": 46345.16, "Total Cost": 66466.14, "Plan Rows": 1, "Plan Width": 0, "Actual Rows": 6, "Actual Loops": 4, "Inner Unique": true, "Workers": [], "Plans": [{"Node Type": "Nested Loop", "Parent Relationship": "Outer", "Parallel Aware": false, "Async Capable": false, "Join Type": "Inner", "Startup Cost": 46345.02, "Total Cost": 66465.98, "Plan Rows": 1, "Plan Width": 4, "Actual Rows": 6, "Actual Loops": 4, "Inner Unique": true, "Workers": [], "Plans": [{"Node Type": "Nested Loop", "Parent Relationship": "Outer", "Parallel Aware": false, "Async Capable": false, "Join Type": "Inner", "Startup Cost": 46344.72, "Total Cost": 66465.65, "Plan Rows": 1, "Plan Width": 8, "Actual Rows": 36, "Actual Loops": 4, "Inner Unique": true, "Workers": [], "Plans": [{"Node Type": "Nested Loop", "Parent Relationship": "Outer", "Parallel Aware": false, "Async Capable": false, "Join Type": "Inner", "Startup Cost": 46344.58, "Total Cost": 66465.49, "Plan Rows": 1, "Plan Width": 12, "Actual Rows": 36, "Actual Loops": 4, "Inner Unique": true, "Join Filter": "((((customer_address.ca_state = ANY ('{TN,GA,MS}'::bpchar[])) AND (web_sales.ws_net_profit >= '100'::numeric) AND (web_sales.ws_net_profit <= '200'::numeric)) OR ((customer_address.ca_state = ANY ('{IA,TX,KY}'::bpchar[])) AND (web_sales.ws_net_profit >= '150'::numeric) AND (web_sales.ws_net_profit <= '300'::numeric)) OR ((customer_address.ca_state = ANY ('{OH,KS,MO}'::bpchar[])) AND (web_sales.ws_net_profit >= '50'::numeric) AND (web_sales.ws_net_profit <= '250'::numeric))) AND (((cd1.cd_marital_status = 'U'::bpchar) AND (cd1.cd_education_status = 'Primary'::bpchar) AND (web_sales.ws_sales_price >= 100.00) AND (web_sales.ws_sales_price <= 150.00)) OR ((cd1.cd_marital_status = 'D'::bpchar) AND (cd1.cd_education_status = 'Secondary'::bpchar) AND (web_sales.ws_sales_price >= 50.00) AND (web_sales.ws_sales_price <= 100.00)) OR ((cd1.cd_marital_status = 'S'::bpchar) AND (cd1.cd_education_status = 'Unknown'::bpchar) AND (web_sales.ws_sales_price >= 150.00) AND (web_sales.ws_sales_price <= 200.00))))", "Rows Removed by Join Filter": 136, "Workers": [], "Plans": [{"Node Type": "Nested Loop", "Parent Relationship": "Outer", "Parallel Aware": false, "Async Capable": false, "Join Type": "Inner", "Startup Cost": 46344.15, "Total Cost": 66177.4, "Plan Rows": 165, "Plan Width": 38, "Actual Rows": 4853, "Actual Loops": 4, "Inner Unique": true, "Join Filter": "((cd1.cd_marital_status = cd2.cd_marital_status) AND (cd1.cd_education_status = cd2.cd_education_status))", "Rows Removed by Join Filter": 0, "Workers": [], "Plans": [{"Node Type": "Hash Join", "Parent Relationship": "Outer", "Parallel Aware": true, "Async Capable": false, "Join Type": "Inner", "Startup Cost": 46343.72, "Total Cost": 62643.61, "Plan Rows": 5785, "Plan Width": 42, "Actual Rows": 4914, "Actual Loops": 4, "Inner Unique": true, "Hash Cond": "(web_returns.wr_refunded_addr_sk = customer_address.ca_address_sk)", "Workers": [], "Plans": [{"Node Type": "Hash Join", "Parent Relationship": "Outer", "Parallel Aware": true, "Async Capable": false, "Join Type": "Inner", "Startup Cost": 37992.72, "Total Cost": 54241.79, "Plan Rows": 19363, "Plan Width": 43, "Actual Rows": 14696, "Actual Loops": 4, "Inner Unique": true, "Hash Cond": "(web_returns.wr_refunded_cdemo_sk = cd1.cd_demo_sk)", "Workers": [], "Plans": [{"Node Type": "Seq Scan", "Parent Relationship": "Outer", "Parallel Aware": true, "Async Capable": false, "Relation Name": "web_returns", "Alias": "web_returns", "Startup Cost": 0.0, "Total Cost": 15640.05, "Plan Rows": 232005, "Plan Width": 24, "Actual Rows": 179804, "Actual Loops": 4, "Workers": []}, {"Node Type": "Hash", "Parent Relationship": "Inner", "Parallel Aware": true, "Async Capable": false, "Startup Cost": 37346.32, "Total Cost": 37346.32, "Plan Rows": 51712, "Plan Width": 27, "Actual Rows": 41160, "Actual Loops": 4, "Hash Buckets": 262144, "Original Hash Buckets": 262144, "Hash Batches": 1, "Original Hash Batches": 1, "Peak Memory Usage": 12448, "Workers": [], "Plans": [{"Node Type": "Seq Scan", "Parent Relationship": "Outer", "Parallel Aware": true, "Async Capable": false, "Relation Name": "customer_demographics", "Alias": "cd1", "Startup Cost": 0.0, "Total Cost": 37346.32, "Plan Rows": 51712, "Plan Width": 27, "Actual Rows": 41160, "Actual Loops": 4, "Filter": "(((cd_marital_status = 'U'::bpchar) AND (cd_education_status = 'Primary'::bpchar)) OR ((cd_marital_status = 'D'::bpchar) AND (cd_education_status = 'Secondary'::bpchar)) OR ((cd_marital_status = 'S'::bpchar) AND (cd_education_status = 'Unknown'::bpchar)))", "Rows Removed by Filter": 439040, "Workers": []}]}]}, {"Node Type": "Hash", "Parent Relationship": "Inner", "Parallel Aware": true, "Async Capable": false, "Startup Cost": 7961.96, "Total Cost": 7961.96, "Plan Rows": 31123, "Plan Width": 7, "Actual Rows": 21254, "Actual Loops": 4, "Hash Buckets": 131072, "Original Hash Buckets": 131072, "Hash Batches": 1, "Original Hash Batches": 1, "Peak Memory Usage": 4416, "Workers": [], "Plans": [{"Node Type": "Seq Scan", "Parent Relationship": "Outer", "Parallel Aware": true, "Async Capable": false, "Relation Name": "customer_address", "Alias": "customer_address", "Startup Cost": 0.0, "Total Cost": 7961.96, "Plan Rows": 31123, "Plan Width": 7, "Actual Rows": 21254, "Actual Loops": 4, "Filter": "(((ca_country)::text = 'United States'::text) AND ((ca_state = ANY ('{TN,GA,MS}'::bpchar[])) OR (ca_state = ANY ('{IA,TX,KY}'::bpchar[])) OR (ca_state = ANY ('{OH,KS,MO}'::bpchar[]))))", "Rows Removed by Filter": 41246, "Workers": []}]}]}, {"Node Type": "Index Scan", "Parent Relationship": "Inner", "Parallel Aware": false, "Async Capable": false, "Scan Direction": "Forward", "Index Name": "customer_demographics_pkey", "Relation Name": "customer_demographics", "Alias": "cd2", "Startup Cost": 0.43, "Total Cost": 0.6, "Plan Rows": 1, "Plan Width": 27, "Actual Rows": 1, "Actual Loops": 19658, "Index Cond": "(cd_demo_sk = web_returns.wr_returning_cdemo_sk)", "Rows Removed by Index Recheck": 0, "Workers": []}]}, {"Node Type": "Index Scan", "Parent Relationship": "Inner", "Parallel Aware": false, "Async Capable": false, "Scan Direction": "Forward", "Index Name": "web_sales_pkey", "Relation Name": "web_sales", "Alias": "web_sales", "Startup Cost": 0.43, "Total Cost": 1.68, "Plan Rows": 1, "Plan Width": 28, "Actual Rows": 0, "Actual Loops": 19413, "Index Cond": "((ws_item_sk = web_returns.wr_item_sk) AND (ws_order_number = web_returns.wr_order_number))", "Rows Removed by Index Recheck": 0, "Filter": "((((ws_sales_price >= 100.00) AND (ws_sales_price <= 150.00)) OR ((ws_sales_price >= 50.00) AND (ws_sales_price <= 100.00)) OR ((ws_sales_price >= 150.00) AND (ws_sales_price <= 200.00))) AND (((ws_net_profit >= '100'::numeric) AND (ws_net_profit <= '200'::numeric)) OR ((ws_net_profit >= '150'::numeric) AND (ws_net_profit <= '300'::numeric)) OR ((ws_net_profit >= '50'::numeric) AND (ws_net_profit <= '250'::numeric))))", "Rows Removed by Filter": 1, "Workers": []}]}, {"Node Type": "Index Only Scan", "Parent Relationship": "Inner", "Parallel Aware": false, "Async Capable": false, "Scan Direction": "Forward", "Index Name": "web_page_pkey", "Relation Name": "web_page", "Alias": "web_page", "Startup Cost": 0.14, "Total Cost": 0.16, "Plan Rows": 1, "Plan Width": 4, "Actual Rows": 1, "Actual Loops": 144, "Index Cond": "(wp_web_page_sk = web_sales.ws_web_page_sk)", "Rows Removed by Index Recheck": 0, "Heap Fetches": 144, "Workers": []}]}, {"Node Type": "Index Scan", "Parent Relationship": "Inner", "Parallel Aware": false, "Async Capable": false, "Scan Direction": "Forward", "Index Name": "date_dim_pkey", "Relation Name": "date_dim", "Alias": "date_dim", "Startup Cost": 0.29, "Total Cost": 0.33, "Plan Rows": 1, "Plan Width": 4, "Actual Rows": 0, "Actual Loops": 144, "Index Cond": "(d_date_sk = web_sales.ws_sold_date_sk)", "Rows Removed by Index Recheck": 0, "Filter": "(d_year = 2002)", "Rows Removed by Filter": 1, "Workers": []}]}, {"Node Type": "Index Only Scan", "Parent Relationship": "Inner", "Parallel Aware": false, "Async Capable": false, "Scan Direction": "Forward", "Index Name": "reason_pkey", "Relation Name": "reason", "Alias": "reason", "Startup Cost": 0.14, "Total Cost": 0.16, "Plan Rows": 1, "Plan Width": 4, "Actual Rows": 1, "Actual Loops": 25, "Index Cond": "(r_reason_sk = web_returns.wr_reason_sk)", "Rows Removed by Index Recheck": 0, "Heap Fetches": 25, "Workers": []}]}]}]}]}, "Planning Time": 10.112, "Triggers": [], "Execution Time": 758.846}