{"Plan": {"Node Type": "Aggregate", "Strategy": "Plain", "Partial Mode": "Simple", "Parallel Aware": false, "Async Capable": false, "Startup Cost": 6311.29, "Total Cost": 6311.3, "Plan Rows": 1, "Plan Width": 8, "Actual Rows": 1, "Actual Loops": 1, "Plans": [{"Node Type": "Nested Loop", "Parent Relationship": "Outer", "Parallel Aware": false, "Async Capable": false, "Join Type": "Inner", "Startup Cost": 0.3, "Total Cost": 6159.54, "Plan Rows": 60699, "Plan Width": 0, "Actual Rows": 26897, "Actual Loops": 1, "Inner Unique": false, "Plans": [{"Node Type": "Seq Scan", "Parent Relationship": "Outer", "Parallel Aware": false, "Async Capable": false, "Relation Name": "posts", "Alias": "p", "Startup Cost": 0.0, "Total Cost": 2679.52, "Plan Rows": 3840, "Plan Width": 4, "Actual Rows": 4478, "Actual Loops": 1, "Filter": "((answercount >= 0) AND (answercount <= 53) AND (commentcount >= 6) AND (commentcount <= 23))", "Rows Removed by Filter": 87498}, {"Node Type": "Memoize", "Parent Relationship": "Inner", "Parallel Aware": false, "Async Capable": false, "Startup Cost": 0.3, "Total Cost": 0.95, "Plan Rows": 1, "Plan Width": 4, "Actual Rows": 6, "Actual Loops": 4478, "Cache Key": "p.owneruserid", "Cache Mode": "logical", "Cache Hits": 1325, "Cache Misses": 3153, "Cache Evictions": 0, "Cache Overflows": 0, "Peak Memory Usage": 585, "Plans": [{"Node Type": "Index Scan", "Parent Relationship": "Outer", "Parallel Aware": false, "Async Capable": false, "Scan Direction": "Forward", "Index Name": "idx_badges_userid", "Relation Name": "badges", "Alias": "b", "Startup Cost": 0.29, "Total Cost": 0.94, "Plan Rows": 1, "Plan Width": 4, "Actual Rows": 3, "Actual Loops": 3153, "Index Cond": "(userid = p.owneruserid)", "Rows Removed by Index Recheck": 0, "Filter": "(date <= '2013-02-14 14:28:24'::timestamp without time zone)", "Rows Removed by Filter": 4}]}]}]}, "Planning Time": 0.584, "Triggers": [], "Execution Time": 31.787}