{"Plan": {"Node Type": "Aggregate", "Strategy": "Plain", "Partial Mode": "Simple", "Parallel Aware": false, "Async Capable": false, "Startup Cost": 3052.36, "Total Cost": 3052.37, "Plan Rows": 1, "Plan Width": 8, "Actual Rows": 1, "Actual Loops": 1, "Plans": [{"Node Type": "Nested Loop", "Parent Relationship": "Outer", "Parallel Aware": false, "Async Capable": false, "Join Type": "Inner", "Startup Cost": 2606.71, "Total Cost": 3052.22, "Plan Rows": 58, "Plan Width": 0, "Actual Rows": 1, "Actual Loops": 1, "Inner Unique": false, "Plans": [{"Node Type": "Hash Join", "Parent Relationship": "Outer", "Parallel Aware": false, "Async Capable": false, "Join Type": "Inner", "Startup Cost": 2606.41, "Total Cost": 2856.95, "Plan Rows": 256, "Plan Width": 4, "Actual Rows": 417, "Actual Loops": 1, "Inner Unique": true, "Hash Cond": "(pl.postid = p.id)", "Plans": [{"Node Type": "Seq Scan", "Parent Relationship": "Outer", "Parallel Aware": false, "Async Capable": false, "Relation Name": "postlinks", "Alias": "pl", "Startup Cost": 0.0, "Total Cost": 248.53, "Plan Rows": 762, "Plan Width": 4, "Actual Rows": 740, "Actual Loops": 1, "Filter": "((creationdate >= '2014-07-14 02:36:32'::timestamp without time zone) AND (linktypeid = 1))", "Rows Removed by Filter": 10362}, {"Node Type": "Hash", "Parent Relationship": "Inner", "Parallel Aware": false, "Async Capable": false, "Startup Cost": 2219.64, "Total Cost": 2219.64, "Plan Rows": 30942, "Plan Width": 8, "Actual Rows": 30941, "Actual Loops": 1, "Hash Buckets": 32768, "Original Hash Buckets": 32768, "Hash Batches": 1, "Original Hash Batches": 1, "Peak Memory Usage": 1464, "Plans": [{"Node Type": "Seq Scan", "Parent Relationship": "Outer", "Parallel Aware": false, "Async Capable": false, "Relation Name": "posts", "Alias": "p", "Startup Cost": 0.0, "Total Cost": 2219.64, "Plan Rows": 30942, "Plan Width": 8, "Actual Rows": 30941, "Actual Loops": 1, "Filter": "((creationdate >= '2013-09-27 08:38:08'::timestamp without time zone) AND (creationdate <= '2014-08-15 09:48:09'::timestamp without time zone))", "Rows Removed by Filter": 61035}]}]}, {"Node Type": "Index Scan", "Parent Relationship": "Inner", "Parallel Aware": false, "Async Capable": false, "Scan Direction": "Forward", "Index Name": "idx_comments_userid", "Relation Name": "comments", "Alias": "c", "Startup Cost": 0.29, "Total Cost": 0.75, "Plan Rows": 1, "Plan Width": 4, "Actual Rows": 0, "Actual Loops": 417, "Index Cond": "(userid = p.owneruserid)", "Rows Removed by Index Recheck": 0, "Filter": "(score = 9)", "Rows Removed by Filter": 41}]}]}, "Planning Time": 0.979, "Triggers": [], "Execution Time": 22.661}