{"Plan": {"Node Type": "Aggregate", "Strategy": "Plain", "Partial Mode": "Simple", "Parallel Aware": false, "Async Capable": false, "Startup Cost": 3069.88, "Total Cost": 3069.89, "Plan Rows": 1, "Plan Width": 8, "Actual Rows": 1, "Actual Loops": 1, "Plans": [{"Node Type": "Nested Loop", "Parent Relationship": "Outer", "Parallel Aware": false, "Async Capable": false, "Join Type": "Inner", "Startup Cost": 2224.55, "Total Cost": 3069.81, "Plan Rows": 29, "Plan Width": 0, "Actual Rows": 4, "Actual Loops": 1, "Inner Unique": false, "Plans": [{"Node Type": "Hash Join", "Parent Relationship": "Outer", "Parallel Aware": false, "Async Capable": false, "Join Type": "Inner", "Startup Cost": 2224.25, "Total Cost": 2498.42, "Plan Rows": 39, "Plan Width": 4, "Actual Rows": 29, "Actual Loops": 1, "Inner Unique": true, "Hash Cond": "(pl.postid = p.id)", "Plans": [{"Node Type": "Seq Scan", "Parent Relationship": "Outer", "Parallel Aware": false, "Async Capable": false, "Relation Name": "postlinks", "Alias": "pl", "Startup Cost": 0.0, "Total Cost": 248.53, "Plan Rows": 9767, "Plan Width": 4, "Actual Rows": 9726, "Actual Loops": 1, "Filter": "((creationdate >= '2011-04-03 16:23:25'::timestamp without time zone) AND (linktypeid = 1))", "Rows Removed by Filter": 1376}, {"Node Type": "Hash", "Parent Relationship": "Inner", "Parallel Aware": false, "Async Capable": false, "Startup Cost": 2219.64, "Total Cost": 2219.64, "Plan Rows": 369, "Plan Width": 8, "Actual Rows": 367, "Actual Loops": 1, "Hash Buckets": 1024, "Original Hash Buckets": 1024, "Hash Batches": 1, "Original Hash Batches": 1, "Peak Memory Usage": 23, "Plans": [{"Node Type": "Seq Scan", "Parent Relationship": "Outer", "Parallel Aware": false, "Async Capable": false, "Relation Name": "posts", "Alias": "p", "Startup Cost": 0.0, "Total Cost": 2219.64, "Plan Rows": 369, "Plan Width": 8, "Actual Rows": 367, "Actual Loops": 1, "Filter": "((creationdate >= '2012-02-14 13:15:57'::timestamp without time zone) AND (creationdate <= '2012-02-19 11:01:32'::timestamp without time zone))", "Rows Removed by Filter": 91609}]}]}, {"Node Type": "Index Scan", "Parent Relationship": "Inner", "Parallel Aware": false, "Async Capable": false, "Scan Direction": "Forward", "Index Name": "idx_comments_userid", "Relation Name": "comments", "Alias": "c", "Startup Cost": 0.29, "Total Cost": 14.64, "Plan Rows": 1, "Plan Width": 4, "Actual Rows": 0, "Actual Loops": 29, "Index Cond": "(userid = p.owneruserid)", "Rows Removed by Index Recheck": 0, "Filter": "(score = 7)", "Rows Removed by Filter": 48}]}]}, "Planning Time": 0.947, "Triggers": [], "Execution Time": 14.114}