{"Plan": {"Node Type": "Aggregate", "Strategy": "Plain", "Partial Mode": "Simple", "Parallel Aware": false, "Async Capable": false, "Startup Cost": 3931.13, "Total Cost": 3931.14, "Plan Rows": 1, "Plan Width": 8, "Actual Rows": 1, "Actual Loops": 1, "Plans": [{"Node Type": "Nested Loop", "Parent Relationship": "Outer", "Parallel Aware": false, "Async Capable": false, "Join Type": "Inner", "Startup Cost": 0.59, "Total Cost": 3931.13, "Plan Rows": 2, "Plan Width": 0, "Actual Rows": 2, "Actual Loops": 1, "Inner Unique": false, "Join Filter": "(c.userid = u.id)", "Rows Removed by Join Filter": 0, "Plans": [{"Node Type": "Nested Loop", "Parent Relationship": "Outer", "Parallel Aware": false, "Async Capable": false, "Join Type": "Inner", "Startup Cost": 0.29, "Total Cost": 3891.27, "Plan Rows": 3, "Plan Width": 8, "Actual Rows": 16, "Actual Loops": 1, "Inner Unique": false, "Plans": [{"Node Type": "Seq Scan", "Parent Relationship": "Outer", "Parallel Aware": false, "Async Capable": false, "Relation Name": "users", "Alias": "u", "Startup Cost": 0.0, "Total Cost": 1103.5, "Plan Rows": 336, "Plan Width": 4, "Actual Rows": 196, "Actual Loops": 1, "Filter": "((downvotes <= 729) AND (upvotes >= 72) AND (creationdate >= '2011-11-16 18:53:58'::timestamp without time zone) AND (creationdate <= '2014-07-31 12:24:33'::timestamp without time zone))", "Rows Removed by Filter": 40129}, {"Node Type": "Index Scan", "Parent Relationship": "Inner", "Parallel Aware": false, "Async Capable": false, "Scan Direction": "Forward", "Index Name": "idx_posts_owneruserid", "Relation Name": "posts", "Alias": "p", "Startup Cost": 0.29, "Total Cost": 8.29, "Plan Rows": 1, "Plan Width": 4, "Actual Rows": 0, "Actual Loops": 196, "Index Cond": "(owneruserid = u.id)", "Rows Removed by Index Recheck": 0, "Filter": "((score >= '-16'::integer) AND (score <= 26) AND (viewcount >= 4158) AND (viewcount <= 73147) AND (answercount <= 9) AND (commentcount <= 45))", "Rows Removed by Filter": 55}]}, {"Node Type": "Index Scan", "Parent Relationship": "Inner", "Parallel Aware": false, "Async Capable": false, "Scan Direction": "Forward", "Index Name": "idx_comments_userid", "Relation Name": "comments", "Alias": "c", "Startup Cost": 0.29, "Total Cost": 13.27, "Plan Rows": 1, "Plan Width": 4, "Actual Rows": 0, "Actual Loops": 16, "Index Cond": "(userid = p.owneruserid)", "Rows Removed by Index Recheck": 0, "Filter": "(score = 8)", "Rows Removed by Filter": 182}]}]}, "Planning Time": 0.67, "Triggers": [], "Execution Time": 7.465}