{"Plan": {"Node Type": "Aggregate", "Strategy": "Plain", "Partial Mode": "Simple", "Parallel Aware": false, "Async Capable": false, "Startup Cost": 1423.66, "Total Cost": 1423.67, "Plan Rows": 1, "Plan Width": 8, "Actual Rows": 1, "Actual Loops": 1, "Plans": [{"Node Type": "Nested Loop", "Parent Relationship": "Outer", "Parallel Aware": false, "Async Capable": false, "Join Type": "Inner", "Startup Cost": 0.59, "Total Cost": 1423.61, "Plan Rows": 18, "Plan Width": 0, "Actual Rows": 881, "Actual Loops": 1, "Inner Unique": false, "Join Filter": "(c.userid = u.id)", "Rows Removed by Join Filter": 0, "Plans": [{"Node Type": "Nested Loop", "Parent Relationship": "Outer", "Parallel Aware": false, "Async Capable": false, "Join Type": "Inner", "Startup Cost": 0.29, "Total Cost": 1418.1, "Plan Rows": 4, "Plan Width": 8, "Actual Rows": 103, "Actual Loops": 1, "Inner Unique": false, "Plans": [{"Node Type": "Seq Scan", "Parent Relationship": "Outer", "Parallel Aware": false, "Async Capable": false, "Relation Name": "users", "Alias": "u", "Startup Cost": 0.0, "Total Cost": 1103.5, "Plan Rows": 22, "Plan Width": 4, "Actual Rows": 20, "Actual Loops": 1, "Filter": "((downvotes <= 1060) AND (upvotes >= 968) AND (creationdate >= '2011-01-12 02:31:39'::timestamp without time zone) AND (creationdate <= '2013-12-09 08:35:38'::timestamp without time zone))", "Rows Removed by Filter": 40305}, {"Node Type": "Index Scan", "Parent Relationship": "Inner", "Parallel Aware": false, "Async Capable": false, "Scan Direction": "Forward", "Index Name": "idx_posts_owneruserid", "Relation Name": "posts", "Alias": "p", "Startup Cost": 0.29, "Total Cost": 14.29, "Plan Rows": 1, "Plan Width": 4, "Actual Rows": 5, "Actual Loops": 20, "Index Cond": "(owneruserid = u.id)", "Rows Removed by Index Recheck": 0, "Filter": "((score >= '-18'::integer) AND (score <= 69) AND (viewcount >= 200) AND (viewcount <= 104233) AND (answercount <= 59) AND (commentcount <= 11))", "Rows Removed by Filter": 221}]}, {"Node Type": "Index Scan", "Parent Relationship": "Inner", "Parallel Aware": false, "Async Capable": false, "Scan Direction": "Forward", "Index Name": "idx_comments_userid", "Relation Name": "comments", "Alias": "c", "Startup Cost": 0.29, "Total Cost": 1.37, "Plan Rows": 1, "Plan Width": 4, "Actual Rows": 9, "Actual Loops": 103, "Index Cond": "(userid = p.owneruserid)", "Rows Removed by Index Recheck": 0, "Filter": "(score = 4)", "Rows Removed by Filter": 883}]}]}, "Planning Time": 0.717, "Triggers": [], "Execution Time": 18.096}