{"Plan": {"Node Type": "Aggregate", "Strategy": "Plain", "Partial Mode": "Simple", "Parallel Aware": false, "Async Capable": false, "Startup Cost": 1080.39, "Total Cost": 1080.4, "Plan Rows": 1, "Plan Width": 8, "Actual Rows": 1, "Actual Loops": 1, "Plans": [{"Node Type": "Nested Loop", "Parent Relationship": "Outer", "Parallel Aware": false, "Async Capable": false, "Join Type": "Inner", "Startup Cost": 0.72, "Total Cost": 1061.9, "Plan Rows": 7397, "Plan Width": 0, "Actual Rows": 765597, "Actual Loops": 1, "Inner Unique": false, "Join Filter": "(c.userid = u.id)", "Rows Removed by Join Filter": 0, "Plans": [{"Node Type": "Nested Loop", "Parent Relationship": "Outer", "Parallel Aware": false, "Async Capable": false, "Join Type": "Inner", "Startup Cost": 0.42, "Total Cost": 1043.5, "Plan Rows": 25, "Plan Width": 8, "Actual Rows": 729, "Actual Loops": 1, "Inner Unique": false, "Plans": [{"Node Type": "Seq Scan", "Parent Relationship": "Outer", "Parallel Aware": false, "Async Capable": false, "Relation Name": "users", "Alias": "u", "Startup Cost": 0.0, "Total Cost": 901.88, "Plan Rows": 29, "Plan Width": 4, "Actual Rows": 28, "Actual Loops": 1, "Filter": "((reputation >= 8198) AND (reputation <= 20375))", "Rows Removed by Filter": 40297}, {"Node Type": "Index Only Scan", "Parent Relationship": "Inner", "Parallel Aware": false, "Async Capable": false, "Scan Direction": "Forward", "Index Name": "idx_votes_userid", "Relation Name": "votes", "Alias": "v", "Startup Cost": 0.42, "Total Cost": 4.79, "Plan Rows": 9, "Plan Width": 4, "Actual Rows": 26, "Actual Loops": 28, "Index Cond": "(userid = u.id)", "Rows Removed by Index Recheck": 0, "Heap Fetches": 0}]}, {"Node Type": "Index Scan", "Parent Relationship": "Inner", "Parallel Aware": false, "Async Capable": false, "Scan Direction": "Forward", "Index Name": "idx_comments_userid", "Relation Name": "comments", "Alias": "c", "Startup Cost": 0.29, "Total Cost": 0.57, "Plan Rows": 13, "Plan Width": 4, "Actual Rows": 1050, "Actual Loops": 729, "Index Cond": "(userid = v.userid)", "Rows Removed by Index Recheck": 0, "Filter": "(creationdate >= '2010-07-14 21:29:35'::timestamp without time zone)", "Rows Removed by Filter": 0}]}]}, "Planning Time": 0.944, "Triggers": [], "Execution Time": 162.131}