{"Plan": {"Node Type": "Aggregate", "Strategy": "Plain", "Partial Mode": "Simple", "Parallel Aware": false, "Async Capable": false, "Startup Cost": 1218.3, "Total Cost": 1218.31, "Plan Rows": 1, "Plan Width": 8, "Actual Rows": 1, "Actual Loops": 1, "Plans": [{"Node Type": "Nested Loop", "Parent Relationship": "Outer", "Parallel Aware": false, "Async Capable": false, "Join Type": "Inner", "Startup Cost": 0.59, "Total Cost": 1218.3, "Plan Rows": 1, "Plan Width": 0, "Actual Rows": 2048, "Actual Loops": 1, "Inner Unique": false, "Join Filter": "(c.userid = u.id)", "Rows Removed by Join Filter": 0, "Plans": [{"Node Type": "Nested Loop", "Parent Relationship": "Outer", "Parallel Aware": false, "Async Capable": false, "Join Type": "Inner", "Startup Cost": 0.29, "Total Cost": 1217.0, "Plan Rows": 2, "Plan Width": 8, "Actual Rows": 256, "Actual Loops": 1, "Inner Unique": false, "Plans": [{"Node Type": "Seq Scan", "Parent Relationship": "Outer", "Parallel Aware": false, "Async Capable": false, "Relation Name": "users", "Alias": "u", "Startup Cost": 0.0, "Total Cost": 1204.31, "Plan Rows": 1, "Plan Width": 4, "Actual Rows": 1, "Actual Loops": 1, "Filter": "((downvotes >= 17) AND (upvotes >= 6971) AND (upvotes <= 9350) AND (creationdate >= '2011-03-25 11:17:29'::timestamp without time zone) AND (creationdate <= '2013-01-16 22:52:50'::timestamp without time zone))", "Rows Removed by Filter": 40324}, {"Node Type": "Index Scan", "Parent Relationship": "Inner", "Parallel Aware": false, "Async Capable": false, "Scan Direction": "Forward", "Index Name": "idx_badges_userid", "Relation Name": "badges", "Alias": "b", "Startup Cost": 0.29, "Total Cost": 12.66, "Plan Rows": 3, "Plan Width": 4, "Actual Rows": 256, "Actual Loops": 1, "Index Cond": "(userid = u.id)", "Rows Removed by Index Recheck": 0, "Filter": "(date >= '2011-02-19 19:02:50'::timestamp without time zone)", "Rows Removed by Filter": 0}]}, {"Node Type": "Index Scan", "Parent Relationship": "Inner", "Parallel Aware": false, "Async Capable": false, "Scan Direction": "Forward", "Index Name": "idx_comments_userid", "Relation Name": "comments", "Alias": "c", "Startup Cost": 0.29, "Total Cost": 0.64, "Plan Rows": 1, "Plan Width": 4, "Actual Rows": 8, "Actual Loops": 256, "Index Cond": "(userid = b.userid)", "Rows Removed by Index Recheck": 0, "Filter": "(score = 7)", "Rows Removed by Filter": 3862}]}]}, "Planning Time": 0.7, "Triggers": [], "Execution Time": 140.051}