{"Plan": {"Node Type": "Aggregate", "Strategy": "Plain", "Partial Mode": "Simple", "Parallel Aware": false, "Async Capable": false, "Startup Cost": 1277.51, "Total Cost": 1277.52, "Plan Rows": 1, "Plan Width": 8, "Actual Rows": 1, "Actual Loops": 1, "Plans": [{"Node Type": "Nested Loop", "Parent Relationship": "Outer", "Parallel Aware": false, "Async Capable": false, "Join Type": "Inner", "Startup Cost": 0.71, "Total Cost": 1277.51, "Plan Rows": 1, "Plan Width": 0, "Actual Rows": 2, "Actual Loops": 1, "Inner Unique": true, "Plans": [{"Node Type": "Nested Loop", "Parent Relationship": "Outer", "Parallel Aware": false, "Async Capable": false, "Join Type": "Inner", "Startup Cost": 0.42, "Total Cost": 1275.47, "Plan Rows": 6, "Plan Width": 4, "Actual Rows": 74, "Actual Loops": 1, "Inner Unique": false, "Plans": [{"Node Type": "Seq Scan", "Parent Relationship": "Outer", "Parallel Aware": false, "Async Capable": false, "Relation Name": "users", "Alias": "u", "Startup Cost": 0.0, "Total Cost": 1002.69, "Plan Rows": 11, "Plan Width": 4, "Actual Rows": 6, "Actual Loops": 1, "Filter": "((upvotes >= 799) AND (creationdate >= '2013-03-01 22:03:48'::timestamp without time zone) AND (creationdate <= '2013-12-25 00:03:55'::timestamp without time zone))", "Rows Removed by Filter": 40319}, {"Node Type": "Index Scan", "Parent Relationship": "Inner", "Parallel Aware": false, "Async Capable": false, "Scan Direction": "Forward", "Index Name": "idx_votes_userid", "Relation Name": "votes", "Alias": "v", "Startup Cost": 0.42, "Total Cost": 24.74, "Plan Rows": 6, "Plan Width": 8, "Actual Rows": 12, "Actual Loops": 6, "Index Cond": "(userid = u.id)", "Rows Removed by Index Recheck": 0, "Filter": "(creationdate <= '2013-08-09 05:21:43'::timestamp without time zone)", "Rows Removed by Filter": 64}]}, {"Node Type": "Index Scan", "Parent Relationship": "Inner", "Parallel Aware": false, "Async Capable": false, "Scan Direction": "Forward", "Index Name": "posts_pkey", "Relation Name": "posts", "Alias": "p", "Startup Cost": 0.29, "Total Cost": 0.34, "Plan Rows": 1, "Plan Width": 4, "Actual Rows": 0, "Actual Loops": 74, "Index Cond": "(id = v.postid)", "Rows Removed by Index Recheck": 0, "Filter": "((score >= 100) AND (creationdate >= '2009-10-30 00:16:04'::timestamp without time zone) AND (creationdate <= '2013-01-19 20:51:04'::timestamp without time zone))", "Rows Removed by Filter": 1}]}]}, "Planning Time": 0.379, "Triggers": [], "Execution Time": 2.841}