{"Plan": {"Node Type": "Aggregate", "Strategy": "Plain", "Partial Mode": "Simple", "Parallel Aware": false, "Async Capable": false, "Startup Cost": 1103.59, "Total Cost": 1103.6, "Plan Rows": 1, "Plan Width": 8, "Actual Rows": 1, "Actual Loops": 1, "Plans": [{"Node Type": "Nested Loop", "Parent Relationship": "Outer", "Parallel Aware": false, "Async Capable": false, "Join Type": "Inner", "Startup Cost": 0.71, "Total Cost": 1103.59, "Plan Rows": 1, "Plan Width": 0, "Actual Rows": 11, "Actual Loops": 1, "Inner Unique": true, "Plans": [{"Node Type": "Nested Loop", "Parent Relationship": "Outer", "Parallel Aware": false, "Async Capable": false, "Join Type": "Inner", "Startup Cost": 0.42, "Total Cost": 1103.22, "Plan Rows": 1, "Plan Width": 4, "Actual Rows": 35, "Actual Loops": 1, "Inner Unique": false, "Plans": [{"Node Type": "Seq Scan", "Parent Relationship": "Outer", "Parallel Aware": false, "Async Capable": false, "Relation Name": "users", "Alias": "u", "Startup Cost": 0.0, "Total Cost": 1002.69, "Plan Rows": 4, "Plan Width": 4, "Actual Rows": 2, "Actual Loops": 1, "Filter": "((upvotes >= 5076) AND (creationdate >= '2011-02-05 12:10:39'::timestamp without time zone) AND (creationdate <= '2013-10-16 06:48:19'::timestamp without time zone))", "Rows Removed by Filter": 40323}, {"Node Type": "Index Scan", "Parent Relationship": "Inner", "Parallel Aware": false, "Async Capable": false, "Scan Direction": "Forward", "Index Name": "idx_votes_userid", "Relation Name": "votes", "Alias": "v", "Startup Cost": 0.42, "Total Cost": 25.11, "Plan Rows": 2, "Plan Width": 8, "Actual Rows": 18, "Actual Loops": 2, "Index Cond": "(userid = u.id)", "Rows Removed by Index Recheck": 0, "Filter": "(creationdate <= '2012-02-28 18:35:29'::timestamp without time zone)", "Rows Removed by Filter": 162}]}, {"Node Type": "Index Scan", "Parent Relationship": "Inner", "Parallel Aware": false, "Async Capable": false, "Scan Direction": "Forward", "Index Name": "posts_pkey", "Relation Name": "posts", "Alias": "p", "Startup Cost": 0.29, "Total Cost": 0.37, "Plan Rows": 1, "Plan Width": 4, "Actual Rows": 0, "Actual Loops": 35, "Index Cond": "(id = v.postid)", "Rows Removed by Index Recheck": 0, "Filter": "((score >= 13) AND (creationdate >= '2011-04-08 10:07:02'::timestamp without time zone) AND (creationdate <= '2013-11-26 00:18:28'::timestamp without time zone))", "Rows Removed by Filter": 1}]}]}, "Planning Time": 0.266, "Triggers": [], "Execution Time": 2.031}