{"Plan": {"Node Type": "Aggregate", "Strategy": "Plain", "Partial Mode": "Simple", "Parallel Aware": false, "Async Capable": false, "Startup Cost": 996.56, "Total Cost": 996.57, "Plan Rows": 1, "Plan Width": 8, "Actual Rows": 1, "Actual Loops": 1, "Plans": [{"Node Type": "Nested Loop", "Parent Relationship": "Outer", "Parallel Aware": false, "Async Capable": false, "Join Type": "Inner", "Startup Cost": 0.71, "Total Cost": 996.55, "Plan Rows": 1, "Plan Width": 0, "Actual Rows": 999, "Actual Loops": 1, "Inner Unique": false, "Join Filter": "(v.userid = u.id)", "Rows Removed by Join Filter": 0, "Plans": [{"Node Type": "Nested Loop", "Parent Relationship": "Outer", "Parallel Aware": false, "Async Capable": false, "Join Type": "Inner", "Startup Cost": 0.29, "Total Cost": 942.56, "Plan Rows": 71, "Plan Width": 8, "Actual Rows": 926, "Actual Loops": 1, "Inner Unique": false, "Plans": [{"Node Type": "Seq Scan", "Parent Relationship": "Outer", "Parallel Aware": false, "Async Capable": false, "Relation Name": "users", "Alias": "u", "Startup Cost": 0.0, "Total Cost": 801.06, "Plan Rows": 36, "Plan Width": 4, "Actual Rows": 36, "Actual Loops": 1, "Filter": "(downvotes = 5)", "Rows Removed by Filter": 40289}, {"Node Type": "Index Only Scan", "Parent Relationship": "Inner", "Parallel Aware": false, "Async Capable": false, "Scan Direction": "Forward", "Index Name": "idx_badges_userid", "Relation Name": "badges", "Alias": "b", "Startup Cost": 0.29, "Total Cost": 3.9, "Plan Rows": 3, "Plan Width": 4, "Actual Rows": 26, "Actual Loops": 36, "Index Cond": "(userid = u.id)", "Rows Removed by Index Recheck": 0, "Heap Fetches": 0}]}, {"Node Type": "Index Scan", "Parent Relationship": "Inner", "Parallel Aware": false, "Async Capable": false, "Scan Direction": "Forward", "Index Name": "idx_votes_userid", "Relation Name": "votes", "Alias": "v", "Startup Cost": 0.42, "Total Cost": 0.75, "Plan Rows": 1, "Plan Width": 4, "Actual Rows": 1, "Actual Loops": 926, "Index Cond": "(userid = b.userid)", "Rows Removed by Index Recheck": 0, "Filter": "((bountyamount >= 27) AND (bountyamount <= 108))", "Rows Removed by Filter": 97}]}]}, "Planning Time": 0.719, "Triggers": [], "Execution Time": 17.751}