{"Plan": {"Node Type": "Aggregate", "Strategy": "Plain", "Partial Mode": "Simple", "Parallel Aware": false, "Async Capable": false, "Startup Cost": 964.91, "Total Cost": 964.92, "Plan Rows": 1, "Plan Width": 8, "Actual Rows": 1, "Actual Loops": 1, "Plans": [{"Node Type": "Nested Loop", "Parent Relationship": "Outer", "Parallel Aware": false, "Async Capable": false, "Join Type": "Inner", "Startup Cost": 1.0, "Total Cost": 964.9, "Plan Rows": 2, "Plan Width": 0, "Actual Rows": 32, "Actual Loops": 1, "Inner Unique": false, "Plans": [{"Node Type": "Nested Loop", "Parent Relationship": "Outer", "Parallel Aware": false, "Async Capable": false, "Join Type": "Inner", "Startup Cost": 0.58, "Total Cost": 964.31, "Plan Rows": 1, "Plan Width": 8, "Actual Rows": 11, "Actual Loops": 1, "Inner Unique": false, "Plans": [{"Node Type": "Nested Loop", "Parent Relationship": "Outer", "Parallel Aware": false, "Async Capable": false, "Join Type": "Inner", "Startup Cost": 0.29, "Total Cost": 961.24, "Plan Rows": 9, "Plan Width": 4, "Actual Rows": 103, "Actual Loops": 1, "Inner Unique": false, "Plans": [{"Node Type": "Seq Scan", "Parent Relationship": "Outer", "Parallel Aware": false, "Async Capable": false, "Relation Name": "users", "Alias": "u", "Startup Cost": 0.0, "Total Cost": 901.88, "Plan Rows": 4, "Plan Width": 4, "Actual Rows": 1, "Actual Loops": 1, "Filter": "((upvotes >= 5469) AND (creationdate >= '2012-12-24 01:27:35'::timestamp without time zone))", "Rows Removed by Filter": 40324}, {"Node Type": "Index Scan", "Parent Relationship": "Inner", "Parallel Aware": false, "Async Capable": false, "Scan Direction": "Forward", "Index Name": "idx_posts_owneruserid", "Relation Name": "posts", "Alias": "p", "Startup Cost": 0.29, "Total Cost": 14.8, "Plan Rows": 4, "Plan Width": 8, "Actual Rows": 103, "Actual Loops": 1, "Index Cond": "(owneruserid = u.id)", "Rows Removed by Index Recheck": 0}]}, {"Node Type": "Index Only Scan", "Parent Relationship": "Inner", "Parallel Aware": false, "Async Capable": false, "Scan Direction": "Forward", "Index Name": "idx_postlinks_relatedpostid", "Relation Name": "postlinks", "Alias": "pl", "Startup Cost": 0.29, "Total Cost": 0.32, "Plan Rows": 2, "Plan Width": 4, "Actual Rows": 0, "Actual Loops": 103, "Index Cond": "(relatedpostid = p.id)", "Rows Removed by Index Recheck": 0, "Heap Fetches": 0}]}, {"Node Type": "Index Scan", "Parent Relationship": "Inner", "Parallel Aware": false, "Async Capable": false, "Scan Direction": "Forward", "Index Name": "idx_comments_postid", "Relation Name": "comments", "Alias": "c", "Startup Cost": 0.42, "Total Cost": 0.56, "Plan Rows": 3, "Plan Width": 4, "Actual Rows": 3, "Actual Loops": 11, "Index Cond": "(postid = p.id)", "Rows Removed by Index Recheck": 0, "Filter": "((creationdate >= '2009-02-05 03:44:01'::timestamp without time zone) AND (creationdate <= '2014-07-21 11:16:50'::timestamp without time zone))", "Rows Removed by Filter": 1}]}]}, "Planning Time": 0.966, "Triggers": [], "Execution Time": 2.002}