{"Plan": {"Node Type": "Aggregate", "Strategy": "Plain", "Partial Mode": "Simple", "Parallel Aware": false, "Async Capable": false, "Startup Cost": 1260.46, "Total Cost": 1260.47, "Plan Rows": 1, "Plan Width": 8, "Actual Rows": 1, "Actual Loops": 1, "Plans": [{"Node Type": "Nested Loop", "Parent Relationship": "Outer", "Parallel Aware": false, "Async Capable": false, "Join Type": "Inner", "Startup Cost": 1.01, "Total Cost": 1260.15, "Plan Rows": 122, "Plan Width": 0, "Actual Rows": 263042, "Actual Loops": 1, "Inner Unique": false, "Join Filter": "(c.userid = u.id)", "Rows Removed by Join Filter": 0, "Plans": [{"Node Type": "Nested Loop", "Parent Relationship": "Outer", "Parallel Aware": false, "Async Capable": false, "Join Type": "Inner", "Startup Cost": 0.71, "Total Cost": 1258.79, "Plan Rows": 2, "Plan Width": 12, "Actual Rows": 886, "Actual Loops": 1, "Inner Unique": false, "Join Filter": "(v.userid = u.id)", "Rows Removed by Join Filter": 0, "Plans": [{"Node Type": "Nested Loop", "Parent Relationship": "Outer", "Parallel Aware": false, "Async Capable": false, "Join Type": "Inner", "Startup Cost": 0.29, "Total Cost": 1235.87, "Plan Rows": 30, "Plan Width": 8, "Actual Rows": 2838, "Actual Loops": 1, "Inner Unique": false, "Plans": [{"Node Type": "Seq Scan", "Parent Relationship": "Outer", "Parallel Aware": false, "Async Capable": false, "Relation Name": "users", "Alias": "u", "Startup Cost": 0.0, "Total Cost": 1002.69, "Plan Rows": 16, "Plan Width": 4, "Actual Rows": 9, "Actual Loops": 1, "Filter": "((upvotes >= 2176) AND (upvotes <= 9467) AND (creationdate >= '2011-07-01 11:27:57'::timestamp without time zone))", "Rows Removed by Filter": 40316}, {"Node Type": "Index Scan", "Parent Relationship": "Inner", "Parallel Aware": false, "Async Capable": false, "Scan Direction": "Forward", "Index Name": "idx_posts_owneruserid", "Relation Name": "posts", "Alias": "p", "Startup Cost": 0.29, "Total Cost": 14.54, "Plan Rows": 3, "Plan Width": 4, "Actual Rows": 315, "Actual Loops": 9, "Index Cond": "(owneruserid = u.id)", "Rows Removed by Index Recheck": 0, "Filter": "(creationdate >= '2011-09-18 21:33:45'::timestamp without time zone)", "Rows Removed by Filter": 0}]}, {"Node Type": "Index Scan", "Parent Relationship": "Inner", "Parallel Aware": false, "Async Capable": false, "Scan Direction": "Forward", "Index Name": "idx_votes_userid", "Relation Name": "votes", "Alias": "v", "Startup Cost": 0.42, "Total Cost": 0.75, "Plan Rows": 1, "Plan Width": 4, "Actual Rows": 0, "Actual Loops": 2838, "Index Cond": "(userid = p.owneruserid)", "Rows Removed by Index Recheck": 0, "Filter": "((bountyamount <= 112) AND (creationdate <= '2013-02-20 22:14:01'::timestamp without time zone))", "Rows Removed by Filter": 164}]}, {"Node Type": "Index Scan", "Parent Relationship": "Inner", "Parallel Aware": false, "Async Capable": false, "Scan Direction": "Forward", "Index Name": "idx_comments_userid", "Relation Name": "comments", "Alias": "c", "Startup Cost": 0.29, "Total Cost": 0.67, "Plan Rows": 1, "Plan Width": 4, "Actual Rows": 297, "Actual Loops": 886, "Index Cond": "(userid = p.owneruserid)", "Rows Removed by Index Recheck": 0, "Filter": "((creationdate <= '2014-06-09 08:40:26'::timestamp without time zone) AND (score = 2))", "Rows Removed by Filter": 3333}]}]}, "Planning Time": 1.979, "Triggers": [], "Execution Time": 636.859}