{"Plan": {"Node Type": "Aggregate", "Strategy": "Plain", "Partial Mode": "Simple", "Parallel Aware": false, "Async Capable": false, "Startup Cost": 1095.71, "Total Cost": 1095.72, "Plan Rows": 1, "Plan Width": 8, "Actual Rows": 1, "Actual Loops": 1, "Plans": [{"Node Type": "Nested Loop", "Parent Relationship": "Outer", "Parallel Aware": false, "Async Capable": false, "Join Type": "Inner", "Startup Cost": 1.01, "Total Cost": 1095.59, "Plan Rows": 48, "Plan Width": 0, "Actual Rows": 14324, "Actual Loops": 1, "Inner Unique": false, "Join Filter": "(b.userid = u.id)", "Rows Removed by Join Filter": 0, "Plans": [{"Node Type": "Nested Loop", "Parent Relationship": "Outer", "Parallel Aware": false, "Async Capable": false, "Join Type": "Inner", "Startup Cost": 0.71, "Total Cost": 1094.08, "Plan Rows": 2, "Plan Width": 8, "Actual Rows": 80, "Actual Loops": 1, "Inner Unique": false, "Plans": [{"Node Type": "Nested Loop", "Parent Relationship": "Outer", "Parallel Aware": false, "Async Capable": false, "Join Type": "Inner", "Startup Cost": 0.29, "Total Cost": 1091.8, "Plan Rows": 1, "Plan Width": 12, "Actual Rows": 10, "Actual Loops": 1, "Inner Unique": false, "Plans": [{"Node Type": "Seq Scan", "Parent Relationship": "Outer", "Parallel Aware": false, "Async Capable": false, "Relation Name": "users", "Alias": "u", "Startup Cost": 0.0, "Total Cost": 1002.69, "Plan Rows": 6, "Plan Width": 4, "Actual Rows": 2, "Actual Loops": 1, "Filter": "((downvotes <= 828) AND (upvotes >= 5308) AND (creationdate >= '2011-02-14 21:58:36'::timestamp without time zone))", "Rows Removed by Filter": 40323}, {"Node Type": "Index Scan", "Parent Relationship": "Inner", "Parallel Aware": false, "Async Capable": false, "Scan Direction": "Forward", "Index Name": "idx_posts_owneruserid", "Relation Name": "posts", "Alias": "p", "Startup Cost": 0.29, "Total Cost": 14.84, "Plan Rows": 1, "Plan Width": 8, "Actual Rows": 5, "Actual Loops": 2, "Index Cond": "(owneruserid = u.id)", "Rows Removed by Index Recheck": 0, "Filter": "((score >= '-2'::integer) AND (favoritecount >= 0) AND (favoritecount <= 40) AND (posttypeid = 1))", "Rows Removed by Filter": 460}]}, {"Node Type": "Index Scan", "Parent Relationship": "Inner", "Parallel Aware": false, "Async Capable": false, "Scan Direction": "Forward", "Index Name": "idx_votes_postid", "Relation Name": "votes", "Alias": "v", "Startup Cost": 0.42, "Total Cost": 2.25, "Plan Rows": 3, "Plan Width": 4, "Actual Rows": 8, "Actual Loops": 10, "Index Cond": "(postid = p.id)", "Rows Removed by Index Recheck": 0, "Filter": "(creationdate <= '2013-06-25 08:37:19'::timestamp without time zone)", "Rows Removed by Filter": 11}]}, {"Node Type": "Index Scan", "Parent Relationship": "Inner", "Parallel Aware": false, "Async Capable": false, "Scan Direction": "Forward", "Index Name": "idx_badges_userid", "Relation Name": "badges", "Alias": "b", "Startup Cost": 0.29, "Total Cost": 0.73, "Plan Rows": 2, "Plan Width": 4, "Actual Rows": 179, "Actual Loops": 80, "Index Cond": "(userid = p.owneruserid)", "Rows Removed by Index Recheck": 0, "Filter": "((date >= '2011-06-12 07:03:35'::timestamp without time zone) AND (date <= '2014-02-15 14:33:28'::timestamp without time zone))", "Rows Removed by Filter": 67}]}]}, "Planning Time": 0.787, "Triggers": [], "Execution Time": 6.904}