{"Plan": {"Node Type": "Aggregate", "Strategy": "Plain", "Partial Mode": "Simple", "Parallel Aware": false, "Async Capable": false, "Startup Cost": 3028.78, "Total Cost": 3028.79, "Plan Rows": 1, "Plan Width": 8, "Actual Rows": 1, "Actual Loops": 1, "Plans": [{"Node Type": "Merge Join", "Parent Relationship": "Outer", "Parallel Aware": false, "Async Capable": false, "Join Type": "Inner", "Startup Cost": 3.03, "Total Cost": 2944.45, "Plan Rows": 33732, "Plan Width": 0, "Actual Rows": 575385, "Actual Loops": 1, "Inner Unique": true, "Merge Cond": "(v.userid = u.id)", "Plans": [{"Node Type": "Merge Join", "Parent Relationship": "Outer", "Parallel Aware": false, "Async Capable": false, "Join Type": "Inner", "Startup Cost": 2.74, "Total Cost": 9096.09, "Plan Rows": 328043, "Plan Width": 12, "Actual Rows": 1687213, "Actual Loops": 1, "Inner Unique": false, "Merge Cond": "(b.userid = v.userid)", "Plans": [{"Node Type": "Index Scan", "Parent Relationship": "Outer", "Parallel Aware": false, "Async Capable": false, "Scan Direction": "Forward", "Index Name": "idx_badges_userid", "Relation Name": "badges", "Alias": "b", "Startup Cost": 0.29, "Total Cost": 3264.6, "Plan Rows": 9445, "Plan Width": 4, "Actual Rows": 4851, "Actual Loops": 1, "Filter": "((date >= '2014-06-07 12:16:21'::timestamp without time zone) AND (date <= '2014-09-04 21:08:07'::timestamp without time zone))", "Rows Removed by Filter": 68705}, {"Node Type": "Materialize", "Parent Relationship": "Inner", "Parallel Aware": false, "Async Capable": false, "Startup Cost": 0.71, "Total Cost": 21505.64, "Plan Rows": 955117, "Plan Width": 8, "Actual Rows": 1709780, "Actual Loops": 1, "Plans": [{"Node Type": "Merge Join", "Parent Relationship": "Outer", "Parallel Aware": false, "Async Capable": false, "Join Type": "Inner", "Startup Cost": 0.71, "Total Cost": 19117.85, "Plan Rows": 955117, "Plan Width": 8, "Actual Rows": 306125, "Actual Loops": 1, "Inner Unique": false, "Merge Cond": "(p.owneruserid = v.userid)", "Plans": [{"Node Type": "Index Scan", "Parent Relationship": "Outer", "Parallel Aware": false, "Async Capable": false, "Scan Direction": "Forward", "Index Name": "idx_posts_owneruserid", "Relation Name": "posts", "Alias": "p", "Startup Cost": 0.29, "Total Cost": 4553.55, "Plan Rows": 42537, "Plan Width": 4, "Actual Rows": 37702, "Actual Loops": 1, "Filter": "((score <= 21) AND (answercount <= 75))", "Rows Removed by Filter": 47308}, {"Node Type": "Materialize", "Parent Relationship": "Inner", "Parallel Aware": false, "Async Capable": false, "Startup Cost": 0.42, "Total Cost": 13083.86, "Plan Rows": 264553, "Plan Width": 4, "Actual Rows": 312244, "Actual Loops": 1, "Plans": [{"Node Type": "Index Scan", "Parent Relationship": "Outer", "Parallel Aware": false, "Async Capable": false, "Scan Direction": "Forward", "Index Name": "idx_votes_userid", "Relation Name": "votes", "Alias": "v", "Startup Cost": 0.42, "Total Cost": 12422.47, "Plan Rows": 264553, "Plan Width": 4, "Actual Rows": 26840, "Actual Loops": 1, "Filter": "(creationdate <= '2014-02-22 23:07:55'::timestamp without time zone)", "Rows Removed by Filter": 7950}]}]}]}]}, {"Node Type": "Index Scan", "Parent Relationship": "Inner", "Parallel Aware": false, "Async Capable": false, "Scan Direction": "Forward", "Index Name": "users_pkey", "Relation Name": "users", "Alias": "u", "Startup Cost": 0.29, "Total Cost": 1457.98, "Plan Rows": 39209, "Plan Width": 4, "Actual Rows": 26965, "Actual Loops": 1, "Filter": "(creationdate >= '2010-10-17 08:35:44'::timestamp without time zone)", "Rows Removed by Filter": 1117}]}]}, "Planning Time": 3.141, "Triggers": [], "Execution Time": 466.059}