{"Plan": {"Node Type": "Aggregate", "Strategy": "Plain", "Partial Mode": "Simple", "Parallel Aware": false, "Async Capable": false, "Startup Cost": 2865.92, "Total Cost": 2865.93, "Plan Rows": 1, "Plan Width": 8, "Actual Rows": 1, "Actual Loops": 1, "Plans": [{"Node Type": "Merge Join", "Parent Relationship": "Outer", "Parallel Aware": false, "Async Capable": false, "Join Type": "Inner", "Startup Cost": 2.79, "Total Cost": 2808.86, "Plan Rows": 22826, "Plan Width": 0, "Actual Rows": 4899, "Actual Loops": 1, "Inner Unique": true, "Merge Cond": "(v.userid = u.id)", "Plans": [{"Node Type": "Merge Join", "Parent Relationship": "Outer", "Parallel Aware": false, "Async Capable": false, "Join Type": "Inner", "Startup Cost": 2.5, "Total Cost": 9116.85, "Plan Rows": 366363, "Plan Width": 12, "Actual Rows": 2094811, "Actual Loops": 1, "Inner Unique": false, "Merge Cond": "(b.userid = v.userid)", "Plans": [{"Node Type": "Index Scan", "Parent Relationship": "Outer", "Parallel Aware": false, "Async Capable": false, "Scan Direction": "Forward", "Index Name": "idx_badges_userid", "Relation Name": "badges", "Alias": "b", "Startup Cost": 0.29, "Total Cost": 3264.6, "Plan Rows": 13130, "Plan Width": 4, "Actual Rows": 10756, "Actual Loops": 1, "Filter": "((date >= '2014-02-10 16:34:05'::timestamp without time zone) AND (date <= '2014-06-27 07:06:10'::timestamp without time zone))", "Rows Removed by Filter": 62769}, {"Node Type": "Materialize", "Parent Relationship": "Inner", "Parallel Aware": false, "Async Capable": false, "Startup Cost": 0.71, "Total Cost": 18460.86, "Plan Rows": 767315, "Plan Width": 8, "Actual Rows": 2119428, "Actual Loops": 1, "Plans": [{"Node Type": "Merge Join", "Parent Relationship": "Outer", "Parallel Aware": false, "Async Capable": false, "Join Type": "Inner", "Startup Cost": 0.71, "Total Cost": 16542.57, "Plan Rows": 767315, "Plan Width": 8, "Actual Rows": 263310, "Actual Loops": 1, "Inner Unique": false, "Merge Cond": "(p.owneruserid = v.userid)", "Plans": [{"Node Type": "Index Scan", "Parent Relationship": "Outer", "Parallel Aware": false, "Async Capable": false, "Scan Direction": "Forward", "Index Name": "idx_posts_owneruserid", "Relation Name": "posts", "Alias": "p", "Startup Cost": 0.29, "Total Cost": 4553.55, "Plan Rows": 42908, "Plan Width": 4, "Actual Rows": 37982, "Actual Loops": 1, "Filter": "((score <= 98) AND (answercount <= 69))", "Rows Removed by Filter": 47002}, {"Node Type": "Materialize", "Parent Relationship": "Inner", "Parallel Aware": false, "Async Capable": false, "Startup Cost": 0.42, "Total Cost": 12949.22, "Plan Rows": 210697, "Plan Width": 4, "Actual Rows": 267815, "Actual Loops": 1, "Plans": [{"Node Type": "Index Scan", "Parent Relationship": "Outer", "Parallel Aware": false, "Async Capable": false, "Scan Direction": "Forward", "Index Name": "idx_votes_userid", "Relation Name": "votes", "Alias": "v", "Startup Cost": 0.42, "Total Cost": 12422.47, "Plan Rows": 210697, "Plan Width": 4, "Actual Rows": 20640, "Actual Loops": 1, "Filter": "(creationdate <= '2013-08-14 05:07:28'::timestamp without time zone)", "Rows Removed by Filter": 14150}]}]}]}]}, {"Node Type": "Index Scan", "Parent Relationship": "Inner", "Parallel Aware": false, "Async Capable": false, "Scan Direction": "Forward", "Index Name": "users_pkey", "Relation Name": "users", "Alias": "u", "Startup Cost": 0.29, "Total Cost": 1457.98, "Plan Rows": 23757, "Plan Width": 4, "Actual Rows": 16090, "Actual Loops": 1, "Filter": "(creationdate >= '2013-03-30 23:29:52'::timestamp without time zone)", "Rows Removed by Filter": 16569}]}]}, "Planning Time": 3.427, "Triggers": [], "Execution Time": 461.542}