{"Plan": {"Node Type": "Aggregate", "Strategy": "Plain", "Partial Mode": "Simple", "Parallel Aware": false, "Async Capable": false, "Startup Cost": 2995.46, "Total Cost": 2995.47, "Plan Rows": 1, "Plan Width": 8, "Actual Rows": 1, "Actual Loops": 1, "Plans": [{"Node Type": "Merge Join", "Parent Relationship": "Outer", "Parallel Aware": false, "Async Capable": false, "Join Type": "Inner", "Startup Cost": 3.24, "Total Cost": 2920.47, "Plan Rows": 29996, "Plan Width": 0, "Actual Rows": 2996, "Actual Loops": 1, "Inner Unique": true, "Merge Cond": "(v.userid = u.id)", "Plans": [{"Node Type": "Merge Join", "Parent Relationship": "Outer", "Parallel Aware": false, "Async Capable": false, "Join Type": "Inner", "Startup Cost": 2.95, "Total Cost": 9322.91, "Plan Rows": 318963, "Plan Width": 12, "Actual Rows": 3121621, "Actual Loops": 1, "Inner Unique": false, "Merge Cond": "(b.userid = v.userid)", "Plans": [{"Node Type": "Index Scan", "Parent Relationship": "Outer", "Parallel Aware": false, "Async Capable": false, "Scan Direction": "Forward", "Index Name": "idx_badges_userid", "Relation Name": "badges", "Alias": "b", "Startup Cost": 0.29, "Total Cost": 3264.6, "Plan Rows": 7856, "Plan Width": 4, "Actual Rows": 7852, "Actual Loops": 1, "Filter": "((date >= '2010-10-17 08:35:27'::timestamp without time zone) AND (date <= '2011-09-25 08:04:09'::timestamp without time zone))", "Rows Removed by Filter": 71999}, {"Node Type": "Materialize", "Parent Relationship": "Inner", "Parallel Aware": false, "Async Capable": false, "Startup Cost": 0.71, "Total Cost": 24143.02, "Plan Rows": 1116520, "Plan Width": 8, "Actual Rows": 3247453, "Actual Loops": 1, "Plans": [{"Node Type": "Merge Join", "Parent Relationship": "Outer", "Parallel Aware": false, "Async Capable": false, "Join Type": "Inner", "Startup Cost": 0.71, "Total Cost": 21351.72, "Plan Rows": 1116520, "Plan Width": 8, "Actual Rows": 326678, "Actual Loops": 1, "Inner Unique": false, "Merge Cond": "(p.owneruserid = v.userid)", "Plans": [{"Node Type": "Index Scan", "Parent Relationship": "Outer", "Parallel Aware": false, "Async Capable": false, "Scan Direction": "Forward", "Index Name": "idx_posts_owneruserid", "Relation Name": "posts", "Alias": "p", "Startup Cost": 0.29, "Total Cost": 4553.55, "Plan Rows": 42903, "Plan Width": 4, "Actual Rows": 24797, "Actual Loops": 1, "Filter": "((score <= 106) AND (answercount <= 25))", "Rows Removed by Filter": 39709}, {"Node Type": "Materialize", "Parent Relationship": "Inner", "Parallel Aware": false, "Async Capable": false, "Startup Cost": 0.42, "Total Cost": 13189.03, "Plan Rows": 306621, "Plan Width": 4, "Actual Rows": 332185, "Actual Loops": 1, "Plans": [{"Node Type": "Index Scan", "Parent Relationship": "Outer", "Parallel Aware": false, "Async Capable": false, "Scan Direction": "Forward", "Index Name": "idx_votes_userid", "Relation Name": "votes", "Alias": "v", "Startup Cost": 0.42, "Total Cost": 12422.47, "Plan Rows": 306621, "Plan Width": 4, "Actual Rows": 26019, "Actual Loops": 1, "Filter": "(creationdate <= '2014-07-03 08:51:29'::timestamp without time zone)", "Rows Removed by Filter": 1073}]}]}]}]}, {"Node Type": "Index Scan", "Parent Relationship": "Inner", "Parallel Aware": false, "Async Capable": false, "Scan Direction": "Forward", "Index Name": "users_pkey", "Relation Name": "users", "Alias": "u", "Startup Cost": 0.29, "Total Cost": 1457.98, "Plan Rows": 35859, "Plan Width": 4, "Actual Rows": 13263, "Actual Loops": 1, "Filter": "(creationdate >= '2011-09-18 11:24:08'::timestamp without time zone)", "Rows Removed by Filter": 4453}]}]}, "Planning Time": 3.225, "Triggers": [], "Execution Time": 519.044}