{"Plan": {"Node Type": "Aggregate", "Strategy": "Plain", "Partial Mode": "Simple", "Parallel Aware": false, "Async Capable": false, "Startup Cost": 4288.95, "Total Cost": 4288.96, "Plan Rows": 1, "Plan Width": 8, "Actual Rows": 1, "Actual Loops": 1, "Plans": [{"Node Type": "Merge Join", "Parent Relationship": "Outer", "Parallel Aware": false, "Async Capable": false, "Join Type": "Inner", "Startup Cost": 3.03, "Total Cost": 4091.59, "Plan Rows": 78943, "Plan Width": 0, "Actual Rows": 1232588, "Actual Loops": 1, "Inner Unique": true, "Merge Cond": "(v.userid = u.id)", "Plans": [{"Node Type": "Merge Join", "Parent Relationship": "Outer", "Parallel Aware": false, "Async Capable": false, "Join Type": "Inner", "Startup Cost": 2.74, "Total Cost": 14567.73, "Plan Rows": 768828, "Plan Width": 12, "Actual Rows": 8454664, "Actual Loops": 1, "Inner Unique": false, "Merge Cond": "(b.userid = v.userid)", "Plans": [{"Node Type": "Index Scan", "Parent Relationship": "Outer", "Parallel Aware": false, "Async Capable": false, "Scan Direction": "Forward", "Index Name": "idx_badges_userid", "Relation Name": "badges", "Alias": "b", "Startup Cost": 0.29, "Total Cost": 3264.6, "Plan Rows": 62594, "Plan Width": 4, "Actual Rows": 39387, "Actual Loops": 1, "Filter": "((date >= '2011-12-07 02:01:13'::timestamp without time zone) AND (date <= '2014-07-25 20:30:03'::timestamp without time zone))", "Rows Removed by Filter": 13858}, {"Node Type": "Materialize", "Parent Relationship": "Inner", "Parallel Aware": false, "Async Capable": false, "Startup Cost": 0.71, "Total Cost": 11471.36, "Plan Rows": 337772, "Plan Width": 8, "Actual Rows": 8454969, "Actual Loops": 1, "Plans": [{"Node Type": "Merge Join", "Parent Relationship": "Outer", "Parallel Aware": false, "Async Capable": false, "Join Type": "Inner", "Startup Cost": 0.71, "Total Cost": 10626.93, "Plan Rows": 337772, "Plan Width": 8, "Actual Rows": 129870, "Actual Loops": 1, "Inner Unique": false, "Merge Cond": "(p.owneruserid = v.userid)", "Plans": [{"Node Type": "Index Scan", "Parent Relationship": "Outer", "Parallel Aware": false, "Async Capable": false, "Scan Direction": "Forward", "Index Name": "idx_posts_owneruserid", "Relation Name": "posts", "Alias": "p", "Startup Cost": 0.29, "Total Cost": 4553.55, "Plan Rows": 42919, "Plan Width": 4, "Actual Rows": 24805, "Actual Loops": 1, "Filter": "((score <= 162) AND (answercount <= 92))", "Rows Removed by Filter": 39690}, {"Node Type": "Materialize", "Parent Relationship": "Inner", "Parallel Aware": false, "Async Capable": false, "Startup Cost": 0.42, "Total Cost": 12654.29, "Plan Rows": 92725, "Plan Width": 4, "Actual Rows": 131380, "Actual Loops": 1, "Plans": [{"Node Type": "Index Scan", "Parent Relationship": "Outer", "Parallel Aware": false, "Async Capable": false, "Scan Direction": "Forward", "Index Name": "idx_votes_userid", "Relation Name": "votes", "Alias": "v", "Startup Cost": 0.42, "Total Cost": 12422.47, "Plan Rows": 92725, "Plan Width": 4, "Actual Rows": 8436, "Actual Loops": 1, "Filter": "(creationdate <= '2012-03-26 20:55:17'::timestamp without time zone)", "Rows Removed by Filter": 26354}]}]}]}]}, {"Node Type": "Index Scan", "Parent Relationship": "Inner", "Parallel Aware": false, "Async Capable": false, "Scan Direction": "Forward", "Index Name": "users_pkey", "Relation Name": "users", "Alias": "u", "Startup Cost": 0.29, "Total Cost": 1457.98, "Plan Rows": 39153, "Plan Width": 4, "Actual Rows": 16539, "Actual Loops": 1, "Filter": "(creationdate >= '2010-10-27 18:34:06'::timestamp without time zone)", "Rows Removed by Filter": 1176}]}]}, "Planning Time": 3.253, "Triggers": [], "Execution Time": 993.624}