{"Plan": {"Node Type": "Aggregate", "Strategy": "Plain", "Partial Mode": "Simple", "Parallel Aware": false, "Async Capable": false, "Startup Cost": 3898.17, "Total Cost": 3898.18, "Plan Rows": 1, "Plan Width": 8, "Actual Rows": 1, "Actual Loops": 1, "Plans": [{"Node Type": "Merge Join", "Parent Relationship": "Outer", "Parallel Aware": false, "Async Capable": false, "Join Type": "Inner", "Startup Cost": 1781.62, "Total Cost": 3874.45, "Plan Rows": 9490, "Plan Width": 0, "Actual Rows": 87715, "Actual Loops": 1, "Inner Unique": true, "Merge Cond": "(v.userid = u.id)", "Plans": [{"Node Type": "Merge Join", "Parent Relationship": "Outer", "Parallel Aware": false, "Async Capable": false, "Join Type": "Inner", "Startup Cost": 1781.33, "Total Cost": 5799.15, "Plan Rows": 102538, "Plan Width": 12, "Actual Rows": 529673, "Actual Loops": 1, "Inner Unique": false, "Merge Cond": "(v.userid = b.userid)", "Plans": [{"Node Type": "Merge Join", "Parent Relationship": "Outer", "Parallel Aware": false, "Async Capable": false, "Join Type": "Inner", "Startup Cost": 0.71, "Total Cost": 20779.66, "Plan Rows": 1075014, "Plan Width": 8, "Actual Rows": 342699, "Actual Loops": 1, "Inner Unique": false, "Merge Cond": "(p.owneruserid = v.userid)", "Plans": [{"Node Type": "Index Scan", "Parent Relationship": "Outer", "Parallel Aware": false, "Async Capable": false, "Scan Direction": "Forward", "Index Name": "idx_posts_owneruserid", "Relation Name": "posts", "Alias": "p", "Startup Cost": 0.29, "Total Cost": 4553.55, "Plan Rows": 42890, "Plan Width": 4, "Actual Rows": 38780, "Actual Loops": 1, "Filter": "((score <= 162) AND (answercount <= 14))", "Rows Removed by Filter": 47230}, {"Node Type": "Materialize", "Parent Relationship": "Inner", "Parallel Aware": false, "Async Capable": false, "Startup Cost": 0.42, "Total Cost": 13160.75, "Plan Rows": 295312, "Plan Width": 4, "Actual Rows": 349956, "Actual Loops": 1, "Plans": [{"Node Type": "Index Scan", "Parent Relationship": "Outer", "Parallel Aware": false, "Async Capable": false, "Scan Direction": "Forward", "Index Name": "idx_votes_userid", "Relation Name": "votes", "Alias": "v", "Startup Cost": 0.42, "Total Cost": 12422.47, "Plan Rows": 295312, "Plan Width": 4, "Actual Rows": 30508, "Actual Loops": 1, "Filter": "(creationdate <= '2014-05-28 18:19:00'::timestamp without time zone)", "Rows Removed by Filter": 4282}]}]}, {"Node Type": "Sort", "Parent Relationship": "Inner", "Parallel Aware": false, "Async Capable": false, "Startup Cost": 1778.71, "Total Cost": 1785.27, "Plan Rows": 2623, "Plan Width": 4, "Actual Rows": 530688, "Actual Loops": 1, "Sort Key": ["b.userid"], "Sort Method": "quicksort", "Sort Space Used": 97, "Sort Space Type": "Memory", "Plans": [{"Node Type": "Seq Scan", "Parent Relationship": "Outer", "Parallel Aware": false, "Async Capable": false, "Relation Name": "badges", "Alias": "b", "Startup Cost": 0.0, "Total Cost": 1629.76, "Plan Rows": 2623, "Plan Width": 4, "Actual Rows": 2615, "Actual Loops": 1, "Filter": "((date >= '2014-05-21 22:27:32'::timestamp without time zone) AND (date <= '2014-06-18 23:13:58'::timestamp without time zone))", "Rows Removed by Filter": 77236}]}]}, {"Node Type": "Index Scan", "Parent Relationship": "Inner", "Parallel Aware": false, "Async Capable": false, "Scan Direction": "Forward", "Index Name": "users_pkey", "Relation Name": "users", "Alias": "u", "Startup Cost": 0.29, "Total Cost": 1457.98, "Plan Rows": 35290, "Plan Width": 4, "Actual Rows": 28793, "Actual Loops": 1, "Filter": "(creationdate >= '2011-10-23 14:32:21'::timestamp without time zone)", "Rows Removed by Filter": 5031}]}]}, "Planning Time": 3.218, "Triggers": [], "Execution Time": 215.157}