{"Plan": {"Node Type": "Aggregate", "Strategy": "Plain", "Partial Mode": "Simple", "Parallel Aware": false, "Async Capable": false, "Startup Cost": 1241.24, "Total Cost": 1241.25, "Plan Rows": 1, "Plan Width": 8, "Actual Rows": 1, "Actual Loops": 1, "Plans": [{"Node Type": "Nested Loop", "Parent Relationship": "Outer", "Parallel Aware": false, "Async Capable": false, "Join Type": "Inner", "Startup Cost": 1.14, "Total Cost": 1234.7, "Plan Rows": 2615, "Plan Width": 0, "Actual Rows": 45385194, "Actual Loops": 1, "Inner Unique": false, "Join Filter": "(c.userid = u.id)", "Rows Removed by Join Filter": 0, "Plans": [{"Node Type": "Nested Loop", "Parent Relationship": "Outer", "Parallel Aware": false, "Async Capable": false, "Join Type": "Inner", "Startup Cost": 0.84, "Total Cost": 1230.38, "Plan Rows": 6, "Plan Width": 12, "Actual Rows": 66271, "Actual Loops": 1, "Inner Unique": false, "Join Filter": "(ph.userid = u.id)", "Rows Removed by Join Filter": 0, "Plans": [{"Node Type": "Nested Loop", "Parent Relationship": "Outer", "Parallel Aware": false, "Async Capable": false, "Join Type": "Inner", "Startup Cost": 0.42, "Total Cost": 1229.48, "Plan Rows": 1, "Plan Width": 8, "Actual Rows": 278, "Actual Loops": 1, "Inner Unique": false, "Plans": [{"Node Type": "Seq Scan", "Parent Relationship": "Outer", "Parallel Aware": false, "Async Capable": false, "Relation Name": "users", "Alias": "u", "Startup Cost": 0.0, "Total Cost": 1204.31, "Plan Rows": 1, "Plan Width": 4, "Actual Rows": 27, "Actual Loops": 1, "Filter": "((views >= 1025) AND (views <= 11530) AND (downvotes >= 8) AND (downvotes <= 363) AND (upvotes <= 3098))", "Rows Removed by Filter": 40298}, {"Node Type": "Index Scan", "Parent Relationship": "Inner", "Parallel Aware": false, "Async Capable": false, "Scan Direction": "Forward", "Index Name": "idx_votes_userid", "Relation Name": "votes", "Alias": "v", "Startup Cost": 0.42, "Total Cost": 25.14, "Plan Rows": 3, "Plan Width": 4, "Actual Rows": 10, "Actual Loops": 27, "Index Cond": "(userid = u.id)", "Rows Removed by Index Recheck": 0, "Filter": "((creationdate >= '2011-09-08 12:53:13'::timestamp without time zone) AND (creationdate <= '2013-04-05 12:35:24'::timestamp without time zone))", "Rows Removed by Filter": 28}]}, {"Node Type": "Index Scan", "Parent Relationship": "Inner", "Parallel Aware": false, "Async Capable": false, "Scan Direction": "Forward", "Index Name": "idx_posthistory_userid", "Relation Name": "posthistory", "Alias": "ph", "Startup Cost": 0.42, "Total Cost": 0.82, "Plan Rows": 6, "Plan Width": 4, "Actual Rows": 238, "Actual Loops": 278, "Index Cond": "(userid = v.userid)", "Rows Removed by Index Recheck": 0, "Filter": "((creationdate >= '2012-11-19 08:28:03'::timestamp without time zone) AND (creationdate <= '2014-04-13 10:12:30'::timestamp without time zone))", "Rows Removed by Filter": 976}]}, {"Node Type": "Index Scan", "Parent Relationship": "Inner", "Parallel Aware": false, "Async Capable": false, "Scan Direction": "Forward", "Index Name": "idx_comments_userid", "Relation Name": "comments", "Alias": "c", "Startup Cost": 0.29, "Total Cost": 0.63, "Plan Rows": 7, "Plan Width": 4, "Actual Rows": 685, "Actual Loops": 66271, "Index Cond": "(userid = ph.userid)", "Rows Removed by Index Recheck": 0, "Filter": "((creationdate >= '2009-11-24 12:12:54'::timestamp without time zone) AND (creationdate <= '2013-05-23 14:25:52'::timestamp without time zone))", "Rows Removed by Filter": 436}]}]}, "Planning Time": 2.923, "Triggers": [], "Execution Time": 13701.346}