{"Plan": {"Node Type": "Aggregate", "Strategy": "Plain", "Partial Mode": "Simple", "Parallel Aware": false, "Async Capable": false, "Startup Cost": 1233.78, "Total Cost": 1233.79, "Plan Rows": 1, "Plan Width": 8, "Actual Rows": 1, "Actual Loops": 1, "Plans": [{"Node Type": "Nested Loop", "Parent Relationship": "Outer", "Parallel Aware": false, "Async Capable": false, "Join Type": "Inner", "Startup Cost": 1.14, "Total Cost": 1231.29, "Plan Rows": 998, "Plan Width": 0, "Actual Rows": 56715734, "Actual Loops": 1, "Inner Unique": false, "Join Filter": "(ph.userid = u.id)", "Rows Removed by Join Filter": 0, "Plans": [{"Node Type": "Nested Loop", "Parent Relationship": "Outer", "Parallel Aware": false, "Async Capable": false, "Join Type": "Inner", "Startup Cost": 0.72, "Total Cost": 1230.19, "Plan Rows": 1, "Plan Width": 12, "Actual Rows": 15286, "Actual Loops": 1, "Inner Unique": false, "Join Filter": "(c.userid = u.id)", "Rows Removed by Join Filter": 0, "Plans": [{"Node Type": "Nested Loop", "Parent Relationship": "Outer", "Parallel Aware": false, "Async Capable": false, "Join Type": "Inner", "Startup Cost": 0.42, "Total Cost": 1229.46, "Plan Rows": 1, "Plan Width": 8, "Actual Rows": 56, "Actual Loops": 1, "Inner Unique": false, "Plans": [{"Node Type": "Seq Scan", "Parent Relationship": "Outer", "Parallel Aware": false, "Async Capable": false, "Relation Name": "users", "Alias": "u", "Startup Cost": 0.0, "Total Cost": 1204.31, "Plan Rows": 1, "Plan Width": 4, "Actual Rows": 7, "Actual Loops": 1, "Filter": "((views >= 2416) AND (views <= 11365) AND (downvotes >= 62) AND (downvotes <= 1686) AND (upvotes <= 9172))", "Rows Removed by Filter": 40318}, {"Node Type": "Index Scan", "Parent Relationship": "Inner", "Parallel Aware": false, "Async Capable": false, "Scan Direction": "Forward", "Index Name": "idx_votes_userid", "Relation Name": "votes", "Alias": "v", "Startup Cost": 0.42, "Total Cost": 25.14, "Plan Rows": 1, "Plan Width": 4, "Actual Rows": 8, "Actual Loops": 7, "Index Cond": "(userid = u.id)", "Rows Removed by Index Recheck": 0, "Filter": "((creationdate >= '2010-09-21 14:03:43'::timestamp without time zone) AND (creationdate <= '2011-10-24 02:52:37'::timestamp without time zone))", "Rows Removed by Filter": 133}]}, {"Node Type": "Index Scan", "Parent Relationship": "Inner", "Parallel Aware": false, "Async Capable": false, "Scan Direction": "Forward", "Index Name": "idx_comments_userid", "Relation Name": "comments", "Alias": "c", "Startup Cost": 0.29, "Total Cost": 0.7, "Plan Rows": 3, "Plan Width": 4, "Actual Rows": 273, "Actual Loops": 56, "Index Cond": "(userid = v.userid)", "Rows Removed by Index Recheck": 0, "Filter": "((creationdate >= '2012-05-05 20:33:46'::timestamp without time zone) AND (creationdate <= '2013-02-10 23:49:59'::timestamp without time zone))", "Rows Removed by Filter": 1063}]}, {"Node Type": "Index Scan", "Parent Relationship": "Inner", "Parallel Aware": false, "Async Capable": false, "Scan Direction": "Forward", "Index Name": "idx_posthistory_userid", "Relation Name": "posthistory", "Alias": "ph", "Startup Cost": 0.42, "Total Cost": 0.92, "Plan Rows": 14, "Plan Width": 4, "Actual Rows": 3710, "Actual Loops": 15286, "Index Cond": "(userid = v.userid)", "Rows Removed by Index Recheck": 0, "Filter": "((creationdate >= '2010-06-27 01:05:24'::timestamp without time zone) AND (creationdate <= '2014-08-20 02:25:42'::timestamp without time zone))", "Rows Removed by Filter": 17}]}]}, "Planning Time": 2.644, "Triggers": [], "Execution Time": 11302.446}