{"Plan": {"Node Type": "Aggregate", "Strategy": "Plain", "Partial Mode": "Simple", "Parallel Aware": false, "Async Capable": false, "Startup Cost": 2527.55, "Total Cost": 2527.56, "Plan Rows": 1, "Plan Width": 8, "Actual Rows": 1, "Actual Loops": 1, "Plans": [{"Node Type": "Nested Loop", "Parent Relationship": "Outer", "Parallel Aware": false, "Async Capable": false, "Join Type": "Inner", "Startup Cost": 1465.94, "Total Cost": 2186.94, "Plan Rows": 136244, "Plan Width": 0, "Actual Rows": 595, "Actual Loops": 1, "Inner Unique": false, "Join Filter": "(ph.userid = u.id)", "Rows Removed by Join Filter": 0, "Plans": [{"Node Type": "Merge Join", "Parent Relationship": "Outer", "Parallel Aware": false, "Async Capable": false, "Join Type": "Inner", "Startup Cost": 1465.51, "Total Cost": 2083.17, "Plan Rows": 122, "Plan Width": 12, "Actual Rows": 17, "Actual Loops": 1, "Inner Unique": true, "Merge Cond": "(v.userid = u.id)", "Plans": [{"Node Type": "Merge Join", "Parent Relationship": "Outer", "Parallel Aware": false, "Async Capable": false, "Join Type": "Inner", "Startup Cost": 0.72, "Total Cost": 5656.04, "Plan Rows": 16642, "Plan Width": 8, "Actual Rows": 128863, "Actual Loops": 1, "Inner Unique": false, "Merge Cond": "(v.userid = c.userid)", "Plans": [{"Node Type": "Index Scan", "Parent Relationship": "Outer", "Parallel Aware": false, "Async Capable": false, "Scan Direction": "Forward", "Index Name": "idx_votes_userid", "Relation Name": "votes", "Alias": "v", "Startup Cost": 0.42, "Total Cost": 14062.79, "Plan Rows": 521, "Plan Width": 4, "Actual Rows": 340, "Actual Loops": 1, "Filter": "((bountyamount >= 0) AND (creationdate >= '2012-07-26 00:00:00'::timestamp without time zone) AND (creationdate <= '2013-09-08 00:00:00'::timestamp without time zone))", "Rows Removed by Filter": 26087}, {"Node Type": "Index Only Scan", "Parent Relationship": "Inner", "Parallel Aware": false, "Async Capable": false, "Scan Direction": "Forward", "Index Name": "idx_comments_userid", "Relation Name": "comments", "Alias": "c", "Startup Cost": 0.29, "Total Cost": 3568.78, "Plan Rows": 174305, "Plan Width": 4, "Actual Rows": 213823, "Actual Loops": 1, "Heap Fetches": 0}]}, {"Node Type": "Sort", "Parent Relationship": "Inner", "Parallel Aware": false, "Async Capable": false, "Startup Cost": 1464.8, "Total Cost": 1471.77, "Plan Rows": 2790, "Plan Width": 4, "Actual Rows": 2000, "Actual Loops": 1, "Sort Key": ["u.id"], "Sort Method": "quicksort", "Sort Space Used": 49, "Sort Space Type": "Memory", "Plans": [{"Node Type": "Seq Scan", "Parent Relationship": "Outer", "Parallel Aware": false, "Async Capable": false, "Relation Name": "users", "Alias": "u", "Startup Cost": 0.0, "Total Cost": 1305.12, "Plan Rows": 2790, "Plan Width": 4, "Actual Rows": 2000, "Actual Loops": 1, "Filter": "((reputation >= 1) AND (views >= 0) AND (views <= 110) AND (creationdate >= '2010-07-28 19:29:11'::timestamp without time zone) AND (creationdate <= '2011-08-14 05:29:30'::timestamp without time zone) AND (upvotes = 0))", "Rows Removed by Filter": 38325}]}]}, {"Node Type": "Index Only Scan", "Parent Relationship": "Inner", "Parallel Aware": false, "Async Capable": false, "Scan Direction": "Forward", "Index Name": "idx_posthistory_userid", "Relation Name": "posthistory", "Alias": "ph", "Startup Cost": 0.42, "Total Cost": 0.68, "Plan Rows": 14, "Plan Width": 4, "Actual Rows": 35, "Actual Loops": 17, "Index Cond": "(userid = c.userid)", "Rows Removed by Index Recheck": 0, "Heap Fetches": 0}]}]}, "Planning Time": 2.027, "Triggers": [], "Execution Time": 36.943}