{"Plan": {"Node Type": "Aggregate", "Strategy": "Plain", "Partial Mode": "Simple", "Parallel Aware": false, "Async Capable": false, "Startup Cost": 2199.3, "Total Cost": 2199.31, "Plan Rows": 1, "Plan Width": 8, "Actual Rows": 1, "Actual Loops": 1, "Plans": [{"Node Type": "Nested Loop", "Parent Relationship": "Outer", "Parallel Aware": false, "Async Capable": false, "Join Type": "Inner", "Startup Cost": 1.3, "Total Cost": 2159.24, "Plan Rows": 16027, "Plan Width": 0, "Actual Rows": 407, "Actual Loops": 1, "Inner Unique": false, "Join Filter": "(c.userid = u.id)", "Rows Removed by Join Filter": 0, "Plans": [{"Node Type": "Merge Join", "Parent Relationship": "Outer", "Parallel Aware": false, "Async Capable": false, "Join Type": "Inner", "Startup Cost": 1.0, "Total Cost": 2097.4, "Plan Rows": 96, "Plan Width": 12, "Actual Rows": 883, "Actual Loops": 1, "Inner Unique": true, "Merge Cond": "(v.userid = u.id)", "Plans": [{"Node Type": "Merge Join", "Parent Relationship": "Outer", "Parallel Aware": false, "Async Capable": false, "Join Type": "Inner", "Startup Cost": 0.71, "Total Cost": 3341.22, "Plan Rows": 1130, "Plan Width": 8, "Actual Rows": 6608, "Actual Loops": 1, "Inner Unique": false, "Merge Cond": "(v.userid = b.userid)", "Plans": [{"Node Type": "Index Scan", "Parent Relationship": "Outer", "Parallel Aware": false, "Async Capable": false, "Scan Direction": "Forward", "Index Name": "idx_votes_userid", "Relation Name": "votes", "Alias": "v", "Startup Cost": 0.42, "Total Cost": 13242.63, "Plan Rows": 389, "Plan Width": 4, "Actual Rows": 140, "Actual Loops": 1, "Filter": "((bountyamount >= 49) AND (creationdate <= '2012-01-05 04:37:36'::timestamp without time zone))", "Rows Removed by Filter": 39911}, {"Node Type": "Index Only Scan", "Parent Relationship": "Inner", "Parallel Aware": false, "Async Capable": false, "Scan Direction": "Forward", "Index Name": "idx_badges_userid", "Relation Name": "badges", "Alias": "b", "Startup Cost": 0.29, "Total Cost": 1734.06, "Plan Rows": 79851, "Plan Width": 4, "Actual Rows": 39470, "Actual Loops": 1, "Heap Fetches": 0}]}, {"Node Type": "Index Scan", "Parent Relationship": "Inner", "Parallel Aware": false, "Async Capable": false, "Scan Direction": "Forward", "Index Name": "users_pkey", "Relation Name": "users", "Alias": "u", "Startup Cost": 0.29, "Total Cost": 1659.6, "Plan Rows": 32431, "Plan Width": 4, "Actual Rows": 6455, "Actual Loops": 1, "Filter": "((downvotes <= 1848) AND (creationdate >= '2011-04-28 04:02:40'::timestamp without time zone) AND (creationdate <= '2014-06-18 03:15:05'::timestamp without time zone))", "Rows Removed by Filter": 2762}]}, {"Node Type": "Index Scan", "Parent Relationship": "Inner", "Parallel Aware": false, "Async Capable": false, "Scan Direction": "Forward", "Index Name": "idx_comments_userid", "Relation Name": "comments", "Alias": "c", "Startup Cost": 0.29, "Total Cost": 0.63, "Plan Rows": 1, "Plan Width": 4, "Actual Rows": 0, "Actual Loops": 883, "Index Cond": "(userid = b.userid)", "Rows Removed by Index Recheck": 0, "Filter": "(score = 3)", "Rows Removed by Filter": 80}]}]}, "Planning Time": 2.419, "Triggers": [], "Execution Time": 32.805}