{"Plan": {"Node Type": "Aggregate", "Strategy": "Plain", "Partial Mode": "Simple", "Parallel Aware": false, "Async Capable": false, "Startup Cost": 1613.38, "Total Cost": 1613.39, "Plan Rows": 1, "Plan Width": 8, "Actual Rows": 1, "Actual Loops": 1, "Plans": [{"Node Type": "Nested Loop", "Parent Relationship": "Outer", "Parallel Aware": false, "Async Capable": false, "Join Type": "Inner", "Startup Cost": 1.01, "Total Cost": 1613.38, "Plan Rows": 2, "Plan Width": 0, "Actual Rows": 240, "Actual Loops": 1, "Inner Unique": false, "Join Filter": "(ph.userid = u.id)", "Rows Removed by Join Filter": 0, "Plans": [{"Node Type": "Nested Loop", "Parent Relationship": "Outer", "Parallel Aware": false, "Async Capable": false, "Join Type": "Inner", "Startup Cost": 0.59, "Total Cost": 1609.86, "Plan Rows": 4, "Plan Width": 12, "Actual Rows": 60, "Actual Loops": 1, "Inner Unique": false, "Join Filter": "(c.userid = u.id)", "Rows Removed by Join Filter": 0, "Plans": [{"Node Type": "Nested Loop", "Parent Relationship": "Outer", "Parallel Aware": false, "Async Capable": false, "Join Type": "Inner", "Startup Cost": 0.29, "Total Cost": 1496.19, "Plan Rows": 168, "Plan Width": 8, "Actual Rows": 1517, "Actual Loops": 1, "Inner Unique": false, "Plans": [{"Node Type": "Seq Scan", "Parent Relationship": "Outer", "Parallel Aware": false, "Async Capable": false, "Relation Name": "users", "Alias": "u", "Startup Cost": 0.0, "Total Cost": 1204.31, "Plan Rows": 85, "Plan Width": 4, "Actual Rows": 46, "Actual Loops": 1, "Filter": "((reputation >= 1572) AND (reputation <= 42238) AND (downvotes <= 728) AND (creationdate >= '2012-02-13 19:50:28'::timestamp without time zone) AND (creationdate <= '2013-12-13 06:59:47'::timestamp without time zone))", "Rows Removed by Filter": 40279}, {"Node Type": "Index Only Scan", "Parent Relationship": "Inner", "Parallel Aware": false, "Async Capable": false, "Scan Direction": "Forward", "Index Name": "idx_badges_userid", "Relation Name": "badges", "Alias": "b", "Startup Cost": 0.29, "Total Cost": 3.4, "Plan Rows": 3, "Plan Width": 4, "Actual Rows": 33, "Actual Loops": 46, "Index Cond": "(userid = u.id)", "Rows Removed by Index Recheck": 0, "Heap Fetches": 0}]}, {"Node Type": "Index Scan", "Parent Relationship": "Inner", "Parallel Aware": false, "Async Capable": false, "Scan Direction": "Forward", "Index Name": "idx_comments_userid", "Relation Name": "comments", "Alias": "c", "Startup Cost": 0.29, "Total Cost": 0.66, "Plan Rows": 1, "Plan Width": 4, "Actual Rows": 0, "Actual Loops": 1517, "Index Cond": "(userid = b.userid)", "Rows Removed by Index Recheck": 0, "Filter": "((creationdate >= '2009-12-18 10:41:06'::timestamp without time zone) AND (score = 13))", "Rows Removed by Filter": 528}]}, {"Node Type": "Index Scan", "Parent Relationship": "Inner", "Parallel Aware": false, "Async Capable": false, "Scan Direction": "Forward", "Index Name": "idx_posthistory_userid", "Relation Name": "posthistory", "Alias": "ph", "Startup Cost": 0.42, "Total Cost": 0.87, "Plan Rows": 1, "Plan Width": 4, "Actual Rows": 4, "Actual Loops": 60, "Index Cond": "(userid = b.userid)", "Rows Removed by Index Recheck": 0, "Filter": "((creationdate >= '2012-12-11 01:06:10'::timestamp without time zone) AND (posthistorytypeid = 8))", "Rows Removed by Filter": 3030}]}]}, "Planning Time": 2.16, "Triggers": [], "Execution Time": 145.326}