{"Plan": {"Node Type": "Aggregate", "Strategy": "Plain", "Partial Mode": "Simple", "Parallel Aware": false, "Async Capable": false, "Startup Cost": 1220.09, "Total Cost": 1220.1, "Plan Rows": 1, "Plan Width": 8, "Actual Rows": 1, "Actual Loops": 1, "Plans": [{"Node Type": "Nested Loop", "Parent Relationship": "Outer", "Parallel Aware": false, "Async Capable": false, "Join Type": "Inner", "Startup Cost": 1.01, "Total Cost": 1219.96, "Plan Rows": 52, "Plan Width": 0, "Actual Rows": 75392, "Actual Loops": 1, "Inner Unique": false, "Join Filter": "(c.userid = u.id)", "Rows Removed by Join Filter": 0, "Plans": [{"Node Type": "Nested Loop", "Parent Relationship": "Outer", "Parallel Aware": false, "Async Capable": false, "Join Type": "Inner", "Startup Cost": 0.71, "Total Cost": 1216.58, "Plan Rows": 5, "Plan Width": 12, "Actual Rows": 2432, "Actual Loops": 1, "Inner Unique": false, "Join Filter": "(ph.userid = u.id)", "Rows Removed by Join Filter": 0, "Plans": [{"Node Type": "Nested Loop", "Parent Relationship": "Outer", "Parallel Aware": false, "Async Capable": false, "Join Type": "Inner", "Startup Cost": 0.29, "Total Cost": 1213.06, "Plan Rows": 4, "Plan Width": 8, "Actual Rows": 152, "Actual Loops": 1, "Inner Unique": false, "Plans": [{"Node Type": "Seq Scan", "Parent Relationship": "Outer", "Parallel Aware": false, "Async Capable": false, "Relation Name": "users", "Alias": "u", "Startup Cost": 0.0, "Total Cost": 1204.31, "Plan Rows": 2, "Plan Width": 4, "Actual Rows": 1, "Actual Loops": 1, "Filter": "((reputation >= 37331) AND (reputation <= 58904) AND (downvotes <= 1475) AND (creationdate >= '2010-07-25 21:52:11'::timestamp without time zone) AND (creationdate <= '2014-01-16 20:57:53'::timestamp without time zone))", "Rows Removed by Filter": 40324}, {"Node Type": "Index Only Scan", "Parent Relationship": "Inner", "Parallel Aware": false, "Async Capable": false, "Scan Direction": "Forward", "Index Name": "idx_badges_userid", "Relation Name": "badges", "Alias": "b", "Startup Cost": 0.29, "Total Cost": 4.35, "Plan Rows": 3, "Plan Width": 4, "Actual Rows": 152, "Actual Loops": 1, "Index Cond": "(userid = u.id)", "Rows Removed by Index Recheck": 0, "Heap Fetches": 0}]}, {"Node Type": "Index Scan", "Parent Relationship": "Inner", "Parallel Aware": false, "Async Capable": false, "Scan Direction": "Forward", "Index Name": "idx_posthistory_userid", "Relation Name": "posthistory", "Alias": "ph", "Startup Cost": 0.42, "Total Cost": 0.87, "Plan Rows": 1, "Plan Width": 4, "Actual Rows": 16, "Actual Loops": 152, "Index Cond": "(userid = b.userid)", "Rows Removed by Index Recheck": 0, "Filter": "((creationdate >= '2009-09-12 20:09:27'::timestamp without time zone) AND (posthistorytypeid = 16))", "Rows Removed by Filter": 2723}]}, {"Node Type": "Index Scan", "Parent Relationship": "Inner", "Parallel Aware": false, "Async Capable": false, "Scan Direction": "Forward", "Index Name": "idx_comments_userid", "Relation Name": "comments", "Alias": "c", "Startup Cost": 0.29, "Total Cost": 0.66, "Plan Rows": 1, "Plan Width": 4, "Actual Rows": 31, "Actual Loops": 2432, "Index Cond": "(userid = b.userid)", "Rows Removed by Index Recheck": 0, "Filter": "((creationdate >= '2011-12-26 16:59:52'::timestamp without time zone) AND (score = 4))", "Rows Removed by Filter": 3077}]}]}, "Planning Time": 2.135, "Triggers": [], "Execution Time": 1211.256}