{"Plan": {"Node Type": "Aggregate", "Strategy": "Plain", "Partial Mode": "Simple", "Parallel Aware": false, "Async Capable": false, "Startup Cost": 1250.72, "Total Cost": 1250.73, "Plan Rows": 1, "Plan Width": 8, "Actual Rows": 1, "Actual Loops": 1, "Plans": [{"Node Type": "Nested Loop", "Parent Relationship": "Outer", "Parallel Aware": false, "Async Capable": false, "Join Type": "Inner", "Startup Cost": 0.87, "Total Cost": 1250.72, "Plan Rows": 1, "Plan Width": 0, "Actual Rows": 348, "Actual Loops": 1, "Inner Unique": false, "Plans": [{"Node Type": "Nested Loop", "Parent Relationship": "Outer", "Parallel Aware": false, "Async Capable": false, "Join Type": "Inner", "Startup Cost": 0.58, "Total Cost": 1247.08, "Plan Rows": 1, "Plan Width": 4, "Actual Rows": 66, "Actual Loops": 1, "Inner Unique": false, "Join Filter": "(p.owneruserid = u.id)", "Rows Removed by Join Filter": 0, "Plans": [{"Node Type": "Nested Loop", "Parent Relationship": "Outer", "Parallel Aware": false, "Async Capable": false, "Join Type": "Inner", "Startup Cost": 0.29, "Total Cost": 1240.83, "Plan Rows": 12, "Plan Width": 8, "Actual Rows": 890, "Actual Loops": 1, "Inner Unique": false, "Plans": [{"Node Type": "Seq Scan", "Parent Relationship": "Outer", "Parallel Aware": false, "Async Capable": false, "Relation Name": "users", "Alias": "u", "Startup Cost": 0.0, "Total Cost": 1103.5, "Plan Rows": 11, "Plan Width": 4, "Actual Rows": 18, "Actual Loops": 1, "Filter": "((views <= 10647) AND (downvotes >= 50) AND (creationdate >= '2010-10-07 05:33:30'::timestamp without time zone) AND (creationdate <= '2012-11-28 04:23:55'::timestamp without time zone))", "Rows Removed by Filter": 40307}, {"Node Type": "Index Scan", "Parent Relationship": "Inner", "Parallel Aware": false, "Async Capable": false, "Scan Direction": "Forward", "Index Name": "idx_badges_userid", "Relation Name": "badges", "Alias": "b", "Startup Cost": 0.29, "Total Cost": 12.46, "Plan Rows": 2, "Plan Width": 4, "Actual Rows": 49, "Actual Loops": 18, "Index Cond": "(userid = u.id)", "Rows Removed by Index Recheck": 0, "Filter": "(date <= '2013-08-16 19:12:45'::timestamp without time zone)", "Rows Removed by Filter": 23}]}, {"Node Type": "Index Scan", "Parent Relationship": "Inner", "Parallel Aware": false, "Async Capable": false, "Scan Direction": "Forward", "Index Name": "idx_posts_owneruserid", "Relation Name": "posts", "Alias": "p", "Startup Cost": 0.29, "Total Cost": 0.51, "Plan Rows": 1, "Plan Width": 8, "Actual Rows": 0, "Actual Loops": 890, "Index Cond": "(owneruserid = b.userid)", "Rows Removed by Index Recheck": 0, "Filter": "((score >= '-19'::integer) AND (score <= 173) AND (answercount <= 32) AND (favoritecount >= 4) AND (favoritecount <= 85) AND (commentcount = 2))", "Rows Removed by Filter": 310}]}, {"Node Type": "Index Scan", "Parent Relationship": "Inner", "Parallel Aware": false, "Async Capable": false, "Scan Direction": "Forward", "Index Name": "idx_postlinks_relatedpostid", "Relation Name": "postlinks", "Alias": "pl", "Startup Cost": 0.29, "Total Cost": 3.61, "Plan Rows": 2, "Plan Width": 4, "Actual Rows": 5, "Actual Loops": 66, "Index Cond": "(relatedpostid = p.id)", "Rows Removed by Index Recheck": 0, "Filter": "(creationdate <= '2014-06-14 21:58:48'::timestamp without time zone)", "Rows Removed by Filter": 0}]}]}, "Planning Time": 0.876, "Triggers": [], "Execution Time": 58.858}