{"Plan": {"Node Type": "Aggregate", "Strategy": "Plain", "Partial Mode": "Simple", "Parallel Aware": false, "Async Capable": false, "Startup Cost": 4828.05, "Total Cost": 4828.06, "Plan Rows": 1, "Plan Width": 8, "Actual Rows": 1, "Actual Loops": 1, "Plans": [{"Node Type": "Nested Loop", "Parent Relationship": "Outer", "Parallel Aware": false, "Async Capable": false, "Join Type": "Inner", "Startup Cost": 3035.24, "Total Cost": 4821.29, "Plan Rows": 2705, "Plan Width": 0, "Actual Rows": 209620, "Actual Loops": 1, "Inner Unique": false, "Join Filter": "(p.id = ph.postid)", "Rows Removed by Join Filter": 0, "Plans": [{"Node Type": "Nested Loop", "Parent Relationship": "Outer", "Parallel Aware": false, "Async Capable": false, "Join Type": "Inner", "Startup Cost": 3034.82, "Total Cost": 4310.09, "Plan Rows": 829, "Plan Width": 16, "Actual Rows": 30360, "Actual Loops": 1, "Inner Unique": false, "Join Filter": "(c.postid = p.id)", "Rows Removed by Join Filter": 0, "Plans": [{"Node Type": "Nested Loop", "Parent Relationship": "Outer", "Parallel Aware": false, "Async Capable": false, "Join Type": "Inner", "Startup Cost": 3034.39, "Total Cost": 4046.14, "Plan Rows": 445, "Plan Width": 12, "Actual Rows": 10022, "Actual Loops": 1, "Inner Unique": false, "Plans": [{"Node Type": "Hash Join", "Parent Relationship": "Outer", "Parallel Aware": false, "Async Capable": false, "Join Type": "Inner", "Startup Cost": 3033.97, "Total Cost": 3293.93, "Plan Rows": 471, "Plan Width": 8, "Actual Rows": 2288, "Actual Loops": 1, "Inner Unique": true, "Hash Cond": "(pl.postid = p.id)", "Plans": [{"Node Type": "Seq Scan", "Parent Relationship": "Outer", "Parallel Aware": false, "Async Capable": false, "Relation Name": "postlinks", "Alias": "pl", "Startup Cost": 0.0, "Total Cost": 248.53, "Plan Rows": 4352, "Plan Width": 4, "Actual Rows": 4462, "Actual Loops": 1, "Filter": "((creationdate <= '2013-05-15 02:47:10'::timestamp without time zone) AND (linktypeid = 1))", "Rows Removed by Filter": 6640}, {"Node Type": "Hash", "Parent Relationship": "Inner", "Parallel Aware": false, "Async Capable": false, "Startup Cost": 2909.46, "Total Cost": 2909.46, "Plan Rows": 9961, "Plan Width": 4, "Actual Rows": 10992, "Actual Loops": 1, "Hash Buckets": 16384, "Original Hash Buckets": 16384, "Hash Batches": 1, "Original Hash Batches": 1, "Peak Memory Usage": 515, "Plans": [{"Node Type": "Seq Scan", "Parent Relationship": "Outer", "Parallel Aware": false, "Async Capable": false, "Relation Name": "posts", "Alias": "p", "Startup Cost": 0.0, "Total Cost": 2909.46, "Plan Rows": 9961, "Plan Width": 4, "Actual Rows": 10992, "Actual Loops": 1, "Filter": "((score <= 102) AND (favoritecount >= 1) AND (favoritecount <= 199) AND (creationdate >= '2010-02-19 04:38:05'::timestamp without time zone) AND (creationdate <= '2014-04-01 13:37:01'::timestamp without time zone))", "Rows Removed by Filter": 80984}]}]}, {"Node Type": "Index Scan", "Parent Relationship": "Inner", "Parallel Aware": false, "Async Capable": false, "Scan Direction": "Forward", "Index Name": "idx_votes_postid", "Relation Name": "votes", "Alias": "v", "Startup Cost": 0.42, "Total Cost": 1.59, "Plan Rows": 1, "Plan Width": 4, "Actual Rows": 4, "Actual Loops": 2288, "Index Cond": "(postid = p.id)", "Rows Removed by Index Recheck": 0, "Filter": "(creationdate <= '2012-02-25 13:43:37'::timestamp without time zone)", "Rows Removed by Filter": 10}]}, {"Node Type": "Index Scan", "Parent Relationship": "Inner", "Parallel Aware": false, "Async Capable": false, "Scan Direction": "Forward", "Index Name": "idx_comments_postid", "Relation Name": "comments", "Alias": "c", "Startup Cost": 0.42, "Total Cost": 0.56, "Plan Rows": 3, "Plan Width": 4, "Actual Rows": 3, "Actual Loops": 10022, "Index Cond": "(postid = v.postid)", "Rows Removed by Index Recheck": 0, "Filter": "(creationdate >= '2010-09-15 11:22:54'::timestamp without time zone)", "Rows Removed by Filter": 0}]}, {"Node Type": "Index Scan", "Parent Relationship": "Inner", "Parallel Aware": false, "Async Capable": false, "Scan Direction": "Forward", "Index Name": "idx_posthistory_postid", "Relation Name": "posthistory", "Alias": "ph", "Startup Cost": 0.42, "Total Cost": 0.57, "Plan Rows": 4, "Plan Width": 4, "Actual Rows": 7, "Actual Loops": 30360, "Index Cond": "(postid = c.postid)", "Rows Removed by Index Recheck": 0, "Filter": "(creationdate >= '2010-08-10 02:16:53'::timestamp without time zone)", "Rows Removed by Filter": 0}]}]}, "Planning Time": 6.006, "Triggers": [], "Execution Time": 167.269}