{"Plan": {"Node Type": "Aggregate", "Strategy": "Plain", "Partial Mode": "Simple", "Parallel Aware": false, "Async Capable": false, "Startup Cost": 1110.19, "Total Cost": 1110.2, "Plan Rows": 1, "Plan Width": 8, "Actual Rows": 1, "Actual Loops": 1, "Plans": [{"Node Type": "Nested Loop", "Parent Relationship": "Outer", "Parallel Aware": false, "Async Capable": false, "Join Type": "Inner", "Startup Cost": 1.3, "Total Cost": 1110.12, "Plan Rows": 31, "Plan Width": 0, "Actual Rows": 184380, "Actual Loops": 1, "Inner Unique": false, "Join Filter": "(c.userid = u.id)", "Rows Removed by Join Filter": 0, "Plans": [{"Node Type": "Nested Loop", "Parent Relationship": "Outer", "Parallel Aware": false, "Async Capable": false, "Join Type": "Inner", "Startup Cost": 1.01, "Total Cost": 1109.53, "Plan Rows": 1, "Plan Width": 16, "Actual Rows": 8770, "Actual Loops": 1, "Inner Unique": false, "Join Filter": "(v.userid = u.id)", "Rows Removed by Join Filter": 0, "Plans": [{"Node Type": "Nested Loop", "Parent Relationship": "Outer", "Parallel Aware": false, "Async Capable": false, "Join Type": "Inner", "Startup Cost": 0.58, "Total Cost": 1108.82, "Plan Rows": 1, "Plan Width": 12, "Actual Rows": 338, "Actual Loops": 1, "Inner Unique": false, "Join Filter": "(p.owneruserid = u.id)", "Rows Removed by Join Filter": 0, "Plans": [{"Node Type": "Nested Loop", "Parent Relationship": "Outer", "Parallel Aware": false, "Async Capable": false, "Join Type": "Inner", "Startup Cost": 0.29, "Total Cost": 1107.88, "Plan Rows": 2, "Plan Width": 8, "Actual Rows": 3441, "Actual Loops": 1, "Inner Unique": false, "Plans": [{"Node Type": "Seq Scan", "Parent Relationship": "Outer", "Parallel Aware": false, "Async Capable": false, "Relation Name": "users", "Alias": "u", "Startup Cost": 0.0, "Total Cost": 1103.5, "Plan Rows": 1, "Plan Width": 4, "Actual Rows": 34, "Actual Loops": 1, "Filter": "((reputation >= 8144) AND (reputation <= 40159) AND (views >= 166) AND (views <= 8476))", "Rows Removed by Filter": 40291}, {"Node Type": "Index Only Scan", "Parent Relationship": "Inner", "Parallel Aware": false, "Async Capable": false, "Scan Direction": "Forward", "Index Name": "idx_badges_userid", "Relation Name": "badges", "Alias": "b", "Startup Cost": 0.29, "Total Cost": 4.35, "Plan Rows": 3, "Plan Width": 4, "Actual Rows": 101, "Actual Loops": 34, "Index Cond": "(userid = u.id)", "Rows Removed by Index Recheck": 0, "Heap Fetches": 0}]}, {"Node Type": "Index Scan", "Parent Relationship": "Inner", "Parallel Aware": false, "Async Capable": false, "Scan Direction": "Forward", "Index Name": "idx_posts_owneruserid", "Relation Name": "posts", "Alias": "p", "Startup Cost": 0.29, "Total Cost": 0.46, "Plan Rows": 1, "Plan Width": 4, "Actual Rows": 0, "Actual Loops": 3441, "Index Cond": "(owneruserid = b.userid)", "Rows Removed by Index Recheck": 0, "Filter": "((score >= '-16'::integer) AND (score <= 159) AND (viewcount <= 46021) AND (favoritecount >= 11) AND (commentcount = 5))", "Rows Removed by Filter": 378}]}, {"Node Type": "Index Only Scan", "Parent Relationship": "Inner", "Parallel Aware": false, "Async Capable": false, "Scan Direction": "Forward", "Index Name": "idx_votes_userid", "Relation Name": "votes", "Alias": "v", "Startup Cost": 0.42, "Total Cost": 0.6, "Plan Rows": 9, "Plan Width": 4, "Actual Rows": 26, "Actual Loops": 338, "Index Cond": "(userid = b.userid)", "Rows Removed by Index Recheck": 0, "Heap Fetches": 0}]}, {"Node Type": "Index Scan", "Parent Relationship": "Inner", "Parallel Aware": false, "Async Capable": false, "Scan Direction": "Forward", "Index Name": "idx_comments_userid", "Relation Name": "comments", "Alias": "c", "Startup Cost": 0.29, "Total Cost": 0.57, "Plan Rows": 1, "Plan Width": 4, "Actual Rows": 21, "Actual Loops": 8770, "Index Cond": "(userid = v.userid)", "Rows Removed by Index Recheck": 0, "Filter": "(score = 2)", "Rows Removed by Filter": 373}]}]}, "Planning Time": 4.839, "Triggers": [], "Execution Time": 828.631}