{"Plan": {"Node Type": "Aggregate", "Strategy": "Plain", "Partial Mode": "Simple", "Parallel Aware": false, "Async Capable": false, "Startup Cost": 1212.05, "Total Cost": 1212.06, "Plan Rows": 1, "Plan Width": 8, "Actual Rows": 1, "Actual Loops": 1, "Plans": [{"Node Type": "Nested Loop", "Parent Relationship": "Outer", "Parallel Aware": false, "Async Capable": false, "Join Type": "Inner", "Startup Cost": 1.71, "Total Cost": 1212.05, "Plan Rows": 1, "Plan Width": 0, "Actual Rows": 236208, "Actual Loops": 1, "Inner Unique": false, "Join Filter": "(v.userid = u.id)", "Rows Removed by Join Filter": 0, "Plans": [{"Node Type": "Nested Loop", "Parent Relationship": "Outer", "Parallel Aware": false, "Async Capable": false, "Join Type": "Inner", "Startup Cost": 1.29, "Total Cost": 1211.23, "Plan Rows": 1, "Plan Width": 16, "Actual Rows": 3192, "Actual Loops": 1, "Inner Unique": false, "Plans": [{"Node Type": "Nested Loop", "Parent Relationship": "Outer", "Parallel Aware": false, "Async Capable": false, "Join Type": "Inner", "Startup Cost": 1.01, "Total Cost": 1210.82, "Plan Rows": 1, "Plan Width": 20, "Actual Rows": 12768, "Actual Loops": 1, "Inner Unique": false, "Join Filter": "(p.owneruserid = u.id)", "Rows Removed by Join Filter": 0, "Plans": [{"Node Type": "Nested Loop", "Parent Relationship": "Outer", "Parallel Aware": false, "Async Capable": false, "Join Type": "Inner", "Startup Cost": 0.71, "Total Cost": 1210.37, "Plan Rows": 1, "Plan Width": 12, "Actual Rows": 3192, "Actual Loops": 1, "Inner Unique": false, "Join Filter": "(ph.userid = u.id)", "Rows Removed by Join Filter": 0, "Plans": [{"Node Type": "Nested Loop", "Parent Relationship": "Outer", "Parallel Aware": false, "Async Capable": false, "Join Type": "Inner", "Startup Cost": 0.29, "Total Cost": 1208.69, "Plan Rows": 2, "Plan Width": 8, "Actual Rows": 456, "Actual Loops": 1, "Inner Unique": false, "Plans": [{"Node Type": "Seq Scan", "Parent Relationship": "Outer", "Parallel Aware": false, "Async Capable": false, "Relation Name": "users", "Alias": "u", "Startup Cost": 0.0, "Total Cost": 1204.31, "Plan Rows": 1, "Plan Width": 4, "Actual Rows": 1, "Actual Loops": 1, "Filter": "((reputation >= 37251) AND (downvotes >= 633) AND (downvotes <= 907) AND (upvotes <= 11335) AND (creationdate <= '2014-08-31 08:27:58'::timestamp without time zone))", "Rows Removed by Filter": 40324}, {"Node Type": "Index Only Scan", "Parent Relationship": "Inner", "Parallel Aware": false, "Async Capable": false, "Scan Direction": "Forward", "Index Name": "idx_badges_userid", "Relation Name": "badges", "Alias": "b", "Startup Cost": 0.29, "Total Cost": 4.35, "Plan Rows": 3, "Plan Width": 4, "Actual Rows": 456, "Actual Loops": 1, "Index Cond": "(userid = u.id)", "Rows Removed by Index Recheck": 0, "Heap Fetches": 0}]}, {"Node Type": "Index Scan", "Parent Relationship": "Inner", "Parallel Aware": false, "Async Capable": false, "Scan Direction": "Forward", "Index Name": "idx_posthistory_userid", "Relation Name": "posthistory", "Alias": "ph", "Startup Cost": 0.42, "Total Cost": 0.83, "Plan Rows": 1, "Plan Width": 4, "Actual Rows": 7, "Actual Loops": 456, "Index Cond": "(userid = b.userid)", "Rows Removed by Index Recheck": 0, "Filter": "(posthistorytypeid = 7)", "Rows Removed by Filter": 7090}]}, {"Node Type": "Index Scan", "Parent Relationship": "Inner", "Parallel Aware": false, "Async Capable": false, "Scan Direction": "Forward", "Index Name": "idx_posts_owneruserid", "Relation Name": "posts", "Alias": "p", "Startup Cost": 0.29, "Total Cost": 0.43, "Plan Rows": 1, "Plan Width": 8, "Actual Rows": 4, "Actual Loops": 3192, "Index Cond": "(owneruserid = b.userid)", "Rows Removed by Index Recheck": 0, "Filter": "((answercount >= 0) AND (favoritecount >= 1))", "Rows Removed by Filter": 1200}]}, {"Node Type": "Index Scan", "Parent Relationship": "Inner", "Parallel Aware": false, "Async Capable": false, "Scan Direction": "Forward", "Index Name": "idx_postlinks_relatedpostid", "Relation Name": "postlinks", "Alias": "pl", "Startup Cost": 0.29, "Total Cost": 0.4, "Plan Rows": 1, "Plan Width": 4, "Actual Rows": 0, "Actual Loops": 12768, "Index Cond": "(relatedpostid = p.id)", "Rows Removed by Index Recheck": 0, "Filter": "(linktypeid = 3)", "Rows Removed by Filter": 2}]}, {"Node Type": "Index Scan", "Parent Relationship": "Inner", "Parallel Aware": false, "Async Capable": false, "Scan Direction": "Forward", "Index Name": "idx_votes_userid", "Relation Name": "votes", "Alias": "v", "Startup Cost": 0.42, "Total Cost": 0.73, "Plan Rows": 8, "Plan Width": 4, "Actual Rows": 74, "Actual Loops": 3192, "Index Cond": "(userid = b.userid)", "Rows Removed by Index Recheck": 0, "Filter": "(creationdate >= '2011-05-22 06:03:19'::timestamp without time zone)", "Rows Removed by Filter": 19}]}]}, "Planning Time": 5.751, "Triggers": [], "Execution Time": 1354.42}