{"Plan": {"Node Type": "Aggregate", "Strategy": "Plain", "Partial Mode": "Simple", "Parallel Aware": false, "Async Capable": false, "Startup Cost": 1933.24, "Total Cost": 1933.25, "Plan Rows": 1, "Plan Width": 8, "Actual Rows": 1, "Actual Loops": 1, "Plans": [{"Node Type": "Nested Loop", "Parent Relationship": "Outer", "Parallel Aware": false, "Async Capable": false, "Join Type": "Inner", "Startup Cost": 1.71, "Total Cost": 1933.24, "Plan Rows": 1, "Plan Width": 0, "Actual Rows": 174004, "Actual Loops": 1, "Inner Unique": false, "Join Filter": "(p.id = pl.relatedpostid)", "Rows Removed by Join Filter": 0, "Plans": [{"Node Type": "Nested Loop", "Parent Relationship": "Outer", "Parallel Aware": false, "Async Capable": false, "Join Type": "Inner", "Startup Cost": 1.43, "Total Cost": 1932.88, "Plan Rows": 1, "Plan Width": 12, "Actual Rows": 46524, "Actual Loops": 1, "Inner Unique": false, "Join Filter": "(p.id = v.postid)", "Rows Removed by Join Filter": 0, "Plans": [{"Node Type": "Nested Loop", "Parent Relationship": "Outer", "Parallel Aware": false, "Async Capable": false, "Join Type": "Inner", "Startup Cost": 1.0, "Total Cost": 1932.21, "Plan Rows": 1, "Plan Width": 8, "Actual Rows": 1584, "Actual Loops": 1, "Inner Unique": false, "Plans": [{"Node Type": "Nested Loop", "Parent Relationship": "Outer", "Parallel Aware": false, "Async Capable": false, "Join Type": "Inner", "Startup Cost": 0.58, "Total Cost": 1923.18, "Plan Rows": 1, "Plan Width": 4, "Actual Rows": 479, "Actual Loops": 1, "Inner Unique": false, "Join Filter": "(p.owneruserid = u.id)", "Rows Removed by Join Filter": 0, "Plans": [{"Node Type": "Nested Loop", "Parent Relationship": "Outer", "Parallel Aware": false, "Async Capable": false, "Join Type": "Inner", "Startup Cost": 0.29, "Total Cost": 1651.94, "Plan Rows": 598, "Plan Width": 8, "Actual Rows": 9453, "Actual Loops": 1, "Inner Unique": false, "Plans": [{"Node Type": "Seq Scan", "Parent Relationship": "Outer", "Parallel Aware": false, "Async Capable": false, "Relation Name": "users", "Alias": "u", "Startup Cost": 0.0, "Total Cost": 1002.69, "Plan Rows": 302, "Plan Width": 4, "Actual Rows": 395, "Actual Loops": 1, "Filter": "((reputation >= 463) AND (creationdate >= '2010-12-08 00:03:35'::timestamp without time zone) AND (creationdate <= '2013-07-23 10:16:33'::timestamp without time zone))", "Rows Removed by Filter": 39930}, {"Node Type": "Index Only Scan", "Parent Relationship": "Inner", "Parallel Aware": false, "Async Capable": false, "Scan Direction": "Forward", "Index Name": "idx_badges_userid", "Relation Name": "badges", "Alias": "b", "Startup Cost": 0.29, "Total Cost": 2.12, "Plan Rows": 3, "Plan Width": 4, "Actual Rows": 24, "Actual Loops": 395, "Index Cond": "(userid = u.id)", "Rows Removed by Index Recheck": 0, "Heap Fetches": 0}]}, {"Node Type": "Index Scan", "Parent Relationship": "Inner", "Parallel Aware": false, "Async Capable": false, "Scan Direction": "Forward", "Index Name": "idx_posts_owneruserid", "Relation Name": "posts", "Alias": "p", "Startup Cost": 0.29, "Total Cost": 0.44, "Plan Rows": 1, "Plan Width": 8, "Actual Rows": 0, "Actual Loops": 9453, "Index Cond": "(owneruserid = b.userid)", "Rows Removed by Index Recheck": 0, "Filter": "((score >= 28) AND (score <= 127) AND (favoritecount >= 32))", "Rows Removed by Filter": 125}]}, {"Node Type": "Index Scan", "Parent Relationship": "Inner", "Parallel Aware": false, "Async Capable": false, "Scan Direction": "Forward", "Index Name": "idx_comments_postid", "Relation Name": "comments", "Alias": "c", "Startup Cost": 0.42, "Total Cost": 9.01, "Plan Rows": 2, "Plan Width": 4, "Actual Rows": 3, "Actual Loops": 479, "Index Cond": "(postid = p.id)", "Rows Removed by Index Recheck": 0, "Filter": "((creationdate >= '2009-03-06 09:06:10'::timestamp without time zone) AND (creationdate <= '2013-07-08 15:07:56'::timestamp without time zone))", "Rows Removed by Filter": 0}]}, {"Node Type": "Index Scan", "Parent Relationship": "Inner", "Parallel Aware": false, "Async Capable": false, "Scan Direction": "Forward", "Index Name": "idx_votes_postid", "Relation Name": "votes", "Alias": "v", "Startup Cost": 0.42, "Total Cost": 0.64, "Plan Rows": 2, "Plan Width": 4, "Actual Rows": 29, "Actual Loops": 1584, "Index Cond": "(postid = c.postid)", "Rows Removed by Index Recheck": 0, "Filter": "((creationdate <= '2013-04-09 02:16:50'::timestamp without time zone) AND (votetypeid = 2))", "Rows Removed by Filter": 67}]}, {"Node Type": "Index Scan", "Parent Relationship": "Inner", "Parallel Aware": false, "Async Capable": false, "Scan Direction": "Forward", "Index Name": "idx_postlinks_relatedpostid", "Relation Name": "postlinks", "Alias": "pl", "Startup Cost": 0.29, "Total Cost": 0.33, "Plan Rows": 2, "Plan Width": 4, "Actual Rows": 4, "Actual Loops": 46524, "Index Cond": "(relatedpostid = v.postid)", "Rows Removed by Index Recheck": 0, "Filter": "((creationdate >= '2012-04-07 10:28:11'::timestamp without time zone) AND (linktypeid = 1))", "Rows Removed by Filter": 1}]}]}, "Planning Time": 4.529, "Triggers": [], "Execution Time": 355.598}