{"Plan": {"Node Type": "Aggregate", "Strategy": "Plain", "Partial Mode": "Simple", "Parallel Aware": false, "Async Capable": false, "Startup Cost": 3500.97, "Total Cost": 3500.98, "Plan Rows": 1, "Plan Width": 8, "Actual Rows": 1, "Actual Loops": 1, "Plans": [{"Node Type": "Nested Loop", "Parent Relationship": "Outer", "Parallel Aware": false, "Async Capable": false, "Join Type": "Inner", "Startup Cost": 2511.14, "Total Cost": 3495.3, "Plan Rows": 2266, "Plan Width": 0, "Actual Rows": 873, "Actual Loops": 1, "Inner Unique": false, "Plans": [{"Node Type": "Nested Loop", "Parent Relationship": "Outer", "Parallel Aware": false, "Async Capable": false, "Join Type": "Inner", "Startup Cost": 2510.71, "Total Cost": 3468.57, "Plan Rows": 38, "Plan Width": 8, "Actual Rows": 37, "Actual Loops": 1, "Inner Unique": true, "Plans": [{"Node Type": "Nested Loop", "Parent Relationship": "Outer", "Parallel Aware": false, "Async Capable": false, "Join Type": "Inner", "Startup Cost": 2510.42, "Total Cost": 3448.12, "Plan Rows": 40, "Plan Width": 4, "Actual Rows": 892, "Actual Loops": 1, "Inner Unique": false, "Join Filter": "(p.id = ph.postid)", "Rows Removed by Join Filter": 0, "Plans": [{"Node Type": "Nested Loop", "Parent Relationship": "Outer", "Parallel Aware": false, "Async Capable": false, "Join Type": "Inner", "Startup Cost": 2510.0, "Total Cost": 3368.33, "Plan Rows": 53, "Plan Width": 16, "Actual Rows": 605, "Actual Loops": 1, "Inner Unique": false, "Join Filter": "(c.postid = p.id)", "Rows Removed by Join Filter": 0, "Plans": [{"Node Type": "Hash Join", "Parent Relationship": "Outer", "Parallel Aware": false, "Async Capable": false, "Join Type": "Inner", "Startup Cost": 2509.58, "Total Cost": 2731.74, "Plan Rows": 579, "Plan Width": 8, "Actual Rows": 3043, "Actual Loops": 1, "Inner Unique": true, "Hash Cond": "(pl.postid = p.id)", "Plans": [{"Node Type": "Seq Scan", "Parent Relationship": "Outer", "Parallel Aware": false, "Async Capable": false, "Relation Name": "postlinks", "Alias": "pl", "Startup Cost": 0.0, "Total Cost": 193.02, "Plan Rows": 11102, "Plan Width": 4, "Actual Rows": 11102, "Actual Loops": 1}, {"Node Type": "Hash", "Parent Relationship": "Inner", "Parallel Aware": false, "Async Capable": false, "Startup Cost": 2449.58, "Total Cost": 2449.58, "Plan Rows": 4800, "Plan Width": 4, "Actual Rows": 10286, "Actual Loops": 1, "Hash Buckets": 16384, "Original Hash Buckets": 8192, "Hash Batches": 1, "Original Hash Batches": 1, "Peak Memory Usage": 490, "Plans": [{"Node Type": "Seq Scan", "Parent Relationship": "Outer", "Parallel Aware": false, "Async Capable": false, "Relation Name": "posts", "Alias": "p", "Startup Cost": 0.0, "Total Cost": 2449.58, "Plan Rows": 4800, "Plan Width": 4, "Actual Rows": 10286, "Actual Loops": 1, "Filter": "((favoritecount >= 0) AND (favoritecount <= 2) AND (posttypeid = 1))", "Rows Removed by Filter": 81690}]}]}, {"Node Type": "Index Scan", "Parent Relationship": "Inner", "Parallel Aware": false, "Async Capable": false, "Scan Direction": "Forward", "Index Name": "idx_comments_postid", "Relation Name": "comments", "Alias": "c", "Startup Cost": 0.42, "Total Cost": 1.09, "Plan Rows": 1, "Plan Width": 8, "Actual Rows": 0, "Actual Loops": 3043, "Index Cond": "(postid = pl.postid)", "Rows Removed by Index Recheck": 0, "Filter": "((creationdate >= '2010-07-20 06:26:28'::timestamp without time zone) AND (creationdate <= '2014-09-11 18:45:09'::timestamp without time zone) AND (score = 2))", "Rows Removed by Filter": 3}]}, {"Node Type": "Index Scan", "Parent Relationship": "Inner", "Parallel Aware": false, "Async Capable": false, "Scan Direction": "Forward", "Index Name": "idx_posthistory_postid", "Relation Name": "posthistory", "Alias": "ph", "Startup Cost": 0.42, "Total Cost": 1.49, "Plan Rows": 1, "Plan Width": 4, "Actual Rows": 1, "Actual Loops": 605, "Index Cond": "(postid = pl.postid)", "Rows Removed by Index Recheck": 0, "Filter": "(posthistorytypeid = 5)", "Rows Removed by Filter": 5}]}, {"Node Type": "Index Scan", "Parent Relationship": "Inner", "Parallel Aware": false, "Async Capable": false, "Scan Direction": "Forward", "Index Name": "users_pkey", "Relation Name": "users", "Alias": "u", "Startup Cost": 0.29, "Total Cost": 0.51, "Plan Rows": 1, "Plan Width": 4, "Actual Rows": 0, "Actual Loops": 892, "Index Cond": "(id = c.userid)", "Rows Removed by Index Recheck": 0, "Filter": "((downvotes <= 0) AND (upvotes >= 0) AND (creationdate >= '2010-09-18 01:58:41'::timestamp without time zone))", "Rows Removed by Filter": 1}]}, {"Node Type": "Index Only Scan", "Parent Relationship": "Inner", "Parallel Aware": false, "Async Capable": false, "Scan Direction": "Forward", "Index Name": "idx_votes_userid", "Relation Name": "votes", "Alias": "v", "Startup Cost": 0.42, "Total Cost": 0.61, "Plan Rows": 9, "Plan Width": 4, "Actual Rows": 24, "Actual Loops": 37, "Index Cond": "(userid = u.id)", "Rows Removed by Index Recheck": 0, "Heap Fetches": 0}]}]}, "Planning Time": 5.519, "Triggers": [], "Execution Time": 42.609}