{"Plan": {"Node Type": "Aggregate", "Strategy": "Plain", "Partial Mode": "Simple", "Parallel Aware": false, "Async Capable": false, "Startup Cost": 3146.96, "Total Cost": 3146.97, "Plan Rows": 1, "Plan Width": 8, "Actual Rows": 1, "Actual Loops": 1, "Plans": [{"Node Type": "Nested Loop", "Parent Relationship": "Outer", "Parallel Aware": false, "Async Capable": false, "Join Type": "Inner", "Startup Cost": 1.84, "Total Cost": 3146.78, "Plan Rows": 74, "Plan Width": 0, "Actual Rows": 85522, "Actual Loops": 1, "Inner Unique": false, "Plans": [{"Node Type": "Nested Loop", "Parent Relationship": "Outer", "Parallel Aware": false, "Async Capable": false, "Join Type": "Inner", "Startup Cost": 1.55, "Total Cost": 3146.32, "Plan Rows": 1, "Plan Width": 4, "Actual Rows": 1817, "Actual Loops": 1, "Inner Unique": false, "Join Filter": "(p.id = ph.postid)", "Rows Removed by Join Filter": 0, "Plans": [{"Node Type": "Nested Loop", "Parent Relationship": "Outer", "Parallel Aware": false, "Async Capable": false, "Join Type": "Inner", "Startup Cost": 1.13, "Total Cost": 3145.71, "Plan Rows": 1, "Plan Width": 20, "Actual Rows": 357, "Actual Loops": 1, "Inner Unique": false, "Join Filter": "(p.id = v.postid)", "Rows Removed by Join Filter": 0, "Plans": [{"Node Type": "Nested Loop", "Parent Relationship": "Outer", "Parallel Aware": false, "Async Capable": false, "Join Type": "Inner", "Startup Cost": 0.71, "Total Cost": 3144.83, "Plan Rows": 1, "Plan Width": 16, "Actual Rows": 149, "Actual Loops": 1, "Inner Unique": false, "Join Filter": "(c.postid = p.id)", "Rows Removed by Join Filter": 0, "Plans": [{"Node Type": "Nested Loop", "Parent Relationship": "Outer", "Parallel Aware": false, "Async Capable": false, "Join Type": "Inner", "Startup Cost": 0.29, "Total Cost": 3143.74, "Plan Rows": 1, "Plan Width": 8, "Actual Rows": 43, "Actual Loops": 1, "Inner Unique": false, "Plans": [{"Node Type": "Seq Scan", "Parent Relationship": "Outer", "Parallel Aware": false, "Async Capable": false, "Relation Name": "posts", "Alias": "p", "Startup Cost": 0.0, "Total Cost": 3139.4, "Plan Rows": 1, "Plan Width": 4, "Actual Rows": 4, "Actual Loops": 1, "Filter": "((score <= 176) AND (viewcount <= 141481) AND (answercount >= 28) AND (answercount <= 130) AND (commentcount <= 32) AND (favoritecount >= 41))", "Rows Removed by Filter": 91972}, {"Node Type": "Index Only Scan", "Parent Relationship": "Inner", "Parallel Aware": false, "Async Capable": false, "Scan Direction": "Forward", "Index Name": "idx_postlinks_relatedpostid", "Relation Name": "postlinks", "Alias": "pl", "Startup Cost": 0.29, "Total Cost": 4.32, "Plan Rows": 2, "Plan Width": 4, "Actual Rows": 11, "Actual Loops": 4, "Index Cond": "(relatedpostid = p.id)", "Rows Removed by Index Recheck": 0, "Heap Fetches": 0}]}, {"Node Type": "Index Scan", "Parent Relationship": "Inner", "Parallel Aware": false, "Async Capable": false, "Scan Direction": "Forward", "Index Name": "idx_comments_postid", "Relation Name": "comments", "Alias": "c", "Startup Cost": 0.42, "Total Cost": 1.08, "Plan Rows": 1, "Plan Width": 8, "Actual Rows": 3, "Actual Loops": 43, "Index Cond": "(postid = pl.relatedpostid)", "Rows Removed by Index Recheck": 0, "Filter": "((creationdate >= '2010-04-17 05:45:59'::timestamp without time zone) AND (creationdate <= '2011-12-22 10:47:00'::timestamp without time zone))", "Rows Removed by Filter": 2}]}, {"Node Type": "Index Scan", "Parent Relationship": "Inner", "Parallel Aware": false, "Async Capable": false, "Scan Direction": "Forward", "Index Name": "idx_votes_postid", "Relation Name": "votes", "Alias": "v", "Startup Cost": 0.42, "Total Cost": 0.87, "Plan Rows": 1, "Plan Width": 4, "Actual Rows": 2, "Actual Loops": 149, "Index Cond": "(postid = c.postid)", "Rows Removed by Index Recheck": 0, "Filter": "((creationdate >= '2010-02-26 06:17:17'::timestamp without time zone) AND (votetypeid = 3))", "Rows Removed by Filter": 233}]}, {"Node Type": "Index Only Scan", "Parent Relationship": "Inner", "Parallel Aware": false, "Async Capable": false, "Scan Direction": "Forward", "Index Name": "idx_posthistory_postid", "Relation Name": "posthistory", "Alias": "ph", "Startup Cost": 0.42, "Total Cost": 0.56, "Plan Rows": 4, "Plan Width": 4, "Actual Rows": 5, "Actual Loops": 357, "Index Cond": "(postid = c.postid)", "Rows Removed by Index Recheck": 0, "Heap Fetches": 0}]}, {"Node Type": "Index Scan", "Parent Relationship": "Inner", "Parallel Aware": false, "Async Capable": false, "Scan Direction": "Forward", "Index Name": "idx_badges_userid", "Relation Name": "badges", "Alias": "b", "Startup Cost": 0.29, "Total Cost": 0.42, "Plan Rows": 3, "Plan Width": 4, "Actual Rows": 47, "Actual Loops": 1817, "Index Cond": "(userid = c.userid)", "Rows Removed by Index Recheck": 0, "Filter": "(date >= '2012-01-12 12:44:36'::timestamp without time zone)", "Rows Removed by Filter": 46}]}]}, "Planning Time": 6.031, "Triggers": [], "Execution Time": 55.476}