{"Plan": {"Node Type": "Aggregate", "Strategy": "Plain", "Partial Mode": "Simple", "Parallel Aware": false, "Async Capable": false, "Startup Cost": 1071.26, "Total Cost": 1071.27, "Plan Rows": 1, "Plan Width": 8, "Actual Rows": 1, "Actual Loops": 1, "Plans": [{"Node Type": "Nested Loop", "Parent Relationship": "Outer", "Parallel Aware": false, "Async Capable": false, "Join Type": "Inner", "Startup Cost": 0.59, "Total Cost": 1071.26, "Plan Rows": 1, "Plan Width": 0, "Actual Rows": 17446, "Actual Loops": 1, "Inner Unique": false, "Join Filter": "(c.userid = u.id)", "Rows Removed by Join Filter": 0, "Plans": [{"Node Type": "Nested Loop", "Parent Relationship": "Outer", "Parallel Aware": false, "Async Capable": false, "Join Type": "Inner", "Startup Cost": 0.29, "Total Cost": 1032.43, "Plan Rows": 1, "Plan Width": 8, "Actual Rows": 3, "Actual Loops": 1, "Inner Unique": false, "Plans": [{"Node Type": "Seq Scan", "Parent Relationship": "Outer", "Parallel Aware": false, "Async Capable": false, "Relation Name": "users", "Alias": "u", "Startup Cost": 0.0, "Total Cost": 1002.69, "Plan Rows": 2, "Plan Width": 4, "Actual Rows": 13, "Actual Loops": 1, "Filter": "((reputation >= 9969) AND (creationdate >= '2010-07-30 16:52:11'::timestamp without time zone) AND (creationdate <= '2011-05-17 19:16:07'::timestamp without time zone))", "Rows Removed by Filter": 40312}, {"Node Type": "Index Scan", "Parent Relationship": "Inner", "Parallel Aware": false, "Async Capable": false, "Scan Direction": "Forward", "Index Name": "idx_posts_owneruserid", "Relation Name": "posts", "Alias": "p", "Startup Cost": 0.29, "Total Cost": 14.86, "Plan Rows": 1, "Plan Width": 4, "Actual Rows": 0, "Actual Loops": 13, "Index Cond": "(owneruserid = u.id)", "Rows Removed by Index Recheck": 0, "Filter": "((answercount >= 10) AND (answercount <= 108) AND (commentcount >= 1) AND (commentcount <= 12) AND (creationdate >= '2010-05-08 14:43:22'::timestamp without time zone) AND (creationdate <= '2014-05-17 15:37:08'::timestamp without time zone))", "Rows Removed by Filter": 613}]}, {"Node Type": "Index Scan", "Parent Relationship": "Inner", "Parallel Aware": false, "Async Capable": false, "Scan Direction": "Forward", "Index Name": "idx_comments_userid", "Relation Name": "comments", "Alias": "c", "Startup Cost": 0.29, "Total Cost": 38.66, "Plan Rows": 13, "Plan Width": 4, "Actual Rows": 5815, "Actual Loops": 3, "Index Cond": "(userid = p.owneruserid)", "Rows Removed by Index Recheck": 0, "Filter": "(creationdate >= '2010-01-17 17:33:17'::timestamp without time zone)", "Rows Removed by Filter": 0}]}]}, "Planning Time": 0.821, "Triggers": [], "Execution Time": 20.175}