{"Plan": {"Node Type": "Aggregate", "Strategy": "Plain", "Partial Mode": "Simple", "Parallel Aware": false, "Async Capable": false, "Startup Cost": 1766.11, "Total Cost": 1766.12, "Plan Rows": 1, "Plan Width": 8, "Actual Rows": 1, "Actual Loops": 1, "Plans": [{"Node Type": "Nested Loop", "Parent Relationship": "Outer", "Parallel Aware": false, "Async Capable": false, "Join Type": "Inner", "Startup Cost": 0.59, "Total Cost": 1766.0, "Plan Rows": 43, "Plan Width": 0, "Actual Rows": 3260, "Actual Loops": 1, "Inner Unique": false, "Plans": [{"Node Type": "Nested Loop", "Parent Relationship": "Outer", "Parallel Aware": false, "Async Capable": false, "Join Type": "Inner", "Startup Cost": 0.29, "Total Cost": 1729.14, "Plan Rows": 1, "Plan Width": 8, "Actual Rows": 3, "Actual Loops": 1, "Inner Unique": false, "Plans": [{"Node Type": "Seq Scan", "Parent Relationship": "Outer", "Parallel Aware": false, "Async Capable": false, "Relation Name": "users", "Alias": "u", "Startup Cost": 0.0, "Total Cost": 1002.69, "Plan Rows": 55, "Plan Width": 4, "Actual Rows": 38, "Actual Loops": 1, "Filter": "((reputation >= 4624) AND (creationdate >= '2010-12-28 12:42:17'::timestamp without time zone) AND (creationdate <= '2014-04-19 11:32:59'::timestamp without time zone))", "Rows Removed by Filter": 40287}, {"Node Type": "Index Scan", "Parent Relationship": "Inner", "Parallel Aware": false, "Async Capable": false, "Scan Direction": "Forward", "Index Name": "idx_posts_owneruserid", "Relation Name": "posts", "Alias": "p", "Startup Cost": 0.29, "Total Cost": 13.2, "Plan Rows": 1, "Plan Width": 4, "Actual Rows": 0, "Actual Loops": 38, "Index Cond": "(owneruserid = u.id)", "Rows Removed by Index Recheck": 0, "Filter": "((answercount >= 3) AND (answercount <= 26) AND (commentcount >= 8) AND (commentcount <= 12) AND (creationdate >= '2012-08-27 03:11:43'::timestamp without time zone) AND (creationdate <= '2014-01-22 23:38:23'::timestamp without time zone))", "Rows Removed by Filter": 287}]}, {"Node Type": "Index Scan", "Parent Relationship": "Inner", "Parallel Aware": false, "Async Capable": false, "Scan Direction": "Forward", "Index Name": "idx_comments_userid", "Relation Name": "comments", "Alias": "c", "Startup Cost": 0.29, "Total Cost": 36.73, "Plan Rows": 13, "Plan Width": 4, "Actual Rows": 1087, "Actual Loops": 3, "Index Cond": "(userid = u.id)", "Rows Removed by Index Recheck": 0, "Filter": "(creationdate >= '2010-03-27 02:18:00'::timestamp without time zone)", "Rows Removed by Filter": 0}]}]}, "Planning Time": 0.71, "Triggers": [], "Execution Time": 6.698}