{"Plan": {"Node Type": "Aggregate", "Strategy": "Plain", "Partial Mode": "Simple", "Parallel Aware": false, "Async Capable": false, "Startup Cost": 1140.26, "Total Cost": 1140.27, "Plan Rows": 1, "Plan Width": 8, "Actual Rows": 1, "Actual Loops": 1, "Plans": [{"Node Type": "Nested Loop", "Parent Relationship": "Outer", "Parallel Aware": false, "Async Capable": false, "Join Type": "Inner", "Startup Cost": 0.59, "Total Cost": 1140.23, "Plan Rows": 9, "Plan Width": 0, "Actual Rows": 1669, "Actual Loops": 1, "Inner Unique": false, "Join Filter": "(c.userid = u.id)", "Rows Removed by Join Filter": 0, "Plans": [{"Node Type": "Nested Loop", "Parent Relationship": "Outer", "Parallel Aware": false, "Async Capable": false, "Join Type": "Inner", "Startup Cost": 0.29, "Total Cost": 1106.79, "Plan Rows": 1, "Plan Width": 8, "Actual Rows": 1, "Actual Loops": 1, "Inner Unique": false, "Plans": [{"Node Type": "Seq Scan", "Parent Relationship": "Outer", "Parallel Aware": false, "Async Capable": false, "Relation Name": "users", "Alias": "u", "Startup Cost": 0.0, "Total Cost": 1002.69, "Plan Rows": 7, "Plan Width": 4, "Actual Rows": 23, "Actual Loops": 1, "Filter": "((reputation >= 7448) AND (creationdate >= '2010-11-16 06:57:11'::timestamp without time zone) AND (creationdate <= '2012-04-03 11:42:56'::timestamp without time zone))", "Rows Removed by Filter": 40302}, {"Node Type": "Index Scan", "Parent Relationship": "Inner", "Parallel Aware": false, "Async Capable": false, "Scan Direction": "Forward", "Index Name": "idx_posts_owneruserid", "Relation Name": "posts", "Alias": "p", "Startup Cost": 0.29, "Total Cost": 14.86, "Plan Rows": 1, "Plan Width": 4, "Actual Rows": 0, "Actual Loops": 23, "Index Cond": "(owneruserid = u.id)", "Rows Removed by Index Recheck": 0, "Filter": "((answercount >= 2) AND (answercount <= 52) AND (commentcount >= 10) AND (commentcount <= 16) AND (creationdate >= '2012-04-21 22:52:18'::timestamp without time zone) AND (creationdate <= '2013-11-29 20:31:49'::timestamp without time zone))", "Rows Removed by Filter": 322}]}, {"Node Type": "Index Scan", "Parent Relationship": "Inner", "Parallel Aware": false, "Async Capable": false, "Scan Direction": "Forward", "Index Name": "idx_comments_userid", "Relation Name": "comments", "Alias": "c", "Startup Cost": 0.29, "Total Cost": 33.28, "Plan Rows": 13, "Plan Width": 4, "Actual Rows": 1669, "Actual Loops": 1, "Index Cond": "(userid = p.owneruserid)", "Rows Removed by Index Recheck": 0, "Filter": "(creationdate >= '2010-02-09 18:23:27'::timestamp without time zone)", "Rows Removed by Filter": 0}]}]}, "Planning Time": 0.718, "Triggers": [], "Execution Time": 4.86}