{"Plan": {"Node Type": "Aggregate", "Strategy": "Plain", "Partial Mode": "Simple", "Parallel Aware": false, "Async Capable": false, "Startup Cost": 2441.26, "Total Cost": 2441.27, "Plan Rows": 1, "Plan Width": 8, "Actual Rows": 1, "Actual Loops": 1, "Plans": [{"Node Type": "Nested Loop", "Parent Relationship": "Outer", "Parallel Aware": false, "Async Capable": false, "Join Type": "Inner", "Startup Cost": 880.79, "Total Cost": 2402.19, "Plan Rows": 15628, "Plan Width": 0, "Actual Rows": 43044, "Actual Loops": 1, "Inner Unique": false, "Join Filter": "(c.userid = u.id)", "Rows Removed by Join Filter": 0, "Plans": [{"Node Type": "Merge Join", "Parent Relationship": "Outer", "Parallel Aware": false, "Async Capable": false, "Join Type": "Inner", "Startup Cost": 880.5, "Total Cost": 2297.95, "Plan Rows": 121, "Plan Width": 8, "Actual Rows": 193, "Actual Loops": 1, "Inner Unique": true, "Merge Cond": "(v.userid = u.id)", "Plans": [{"Node Type": "Index Scan", "Parent Relationship": "Outer", "Parallel Aware": false, "Async Capable": false, "Scan Direction": "Forward", "Index Name": "idx_votes_userid", "Relation Name": "votes", "Alias": "v", "Startup Cost": 0.42, "Total Cost": 13242.63, "Plan Rows": 30765, "Plan Width": 4, "Actual Rows": 1640, "Actual Loops": 1, "Filter": "((creationdate >= '2014-01-07 23:07:35'::timestamp without time zone) AND (creationdate <= '2014-04-03 06:04:22'::timestamp without time zone))", "Rows Removed by Filter": 25824}, {"Node Type": "Sort", "Parent Relationship": "Inner", "Parallel Aware": false, "Async Capable": false, "Startup Cost": 880.07, "Total Cost": 883.82, "Plan Rows": 1498, "Plan Width": 4, "Actual Rows": 1502, "Actual Loops": 1, "Sort Key": ["u.id"], "Sort Method": "quicksort", "Sort Space Used": 49, "Sort Space Type": "Memory", "Plans": [{"Node Type": "Seq Scan", "Parent Relationship": "Outer", "Parallel Aware": false, "Async Capable": false, "Relation Name": "users", "Alias": "u", "Startup Cost": 0.0, "Total Cost": 801.06, "Plan Rows": 1498, "Plan Width": 4, "Actual Rows": 1502, "Actual Loops": 1, "Filter": "(creationdate <= '2010-12-05 22:02:20'::timestamp without time zone)", "Rows Removed by Filter": 38823}]}]}, {"Node Type": "Index Scan", "Parent Relationship": "Inner", "Parallel Aware": false, "Async Capable": false, "Scan Direction": "Forward", "Index Name": "idx_comments_userid", "Relation Name": "comments", "Alias": "c", "Startup Cost": 0.29, "Total Cost": 0.79, "Plan Rows": 6, "Plan Width": 4, "Actual Rows": 223, "Actual Loops": 193, "Index Cond": "(userid = v.userid)", "Rows Removed by Index Recheck": 0, "Filter": "((creationdate >= '2010-06-09 17:11:27'::timestamp without time zone) AND (creationdate <= '2013-01-13 00:26:38'::timestamp without time zone))", "Rows Removed by Filter": 2188}]}]}, "Planning Time": 1.532, "Triggers": [], "Execution Time": 102.19}