{"Plan": {"Node Type": "Aggregate", "Strategy": "Plain", "Partial Mode": "Simple", "Parallel Aware": false, "Async Capable": false, "Startup Cost": 2454.99, "Total Cost": 2455.0, "Plan Rows": 1, "Plan Width": 8, "Actual Rows": 1, "Actual Loops": 1, "Plans": [{"Node Type": "Nested Loop", "Parent Relationship": "Outer", "Parallel Aware": false, "Async Capable": false, "Join Type": "Inner", "Startup Cost": 854.7, "Total Cost": 2442.88, "Plan Rows": 4846, "Plan Width": 0, "Actual Rows": 109282, "Actual Loops": 1, "Inner Unique": false, "Join Filter": "(c.userid = u.id)", "Rows Removed by Join Filter": 0, "Plans": [{"Node Type": "Merge Join", "Parent Relationship": "Outer", "Parallel Aware": false, "Async Capable": false, "Join Type": "Inner", "Startup Cost": 854.4, "Total Cost": 2284.97, "Plan Rows": 235, "Plan Width": 8, "Actual Rows": 2102, "Actual Loops": 1, "Inner Unique": true, "Merge Cond": "(v.userid = u.id)", "Plans": [{"Node Type": "Index Scan", "Parent Relationship": "Outer", "Parallel Aware": false, "Async Capable": false, "Scan Direction": "Forward", "Index Name": "idx_votes_userid", "Relation Name": "votes", "Alias": "v", "Startup Cost": 0.42, "Total Cost": 13242.63, "Plan Rows": 85044, "Plan Width": 4, "Actual Rows": 8138, "Actual Loops": 1, "Filter": "((creationdate >= '2010-12-29 02:17:35'::timestamp without time zone) AND (creationdate <= '2012-06-03 11:07:48'::timestamp without time zone))", "Rows Removed by Filter": 46799}, {"Node Type": "Sort", "Parent Relationship": "Inner", "Parallel Aware": false, "Async Capable": false, "Startup Cost": 853.98, "Total Cost": 856.62, "Plan Rows": 1054, "Plan Width": 4, "Actual Rows": 1057, "Actual Loops": 1, "Sort Key": ["u.id"], "Sort Method": "quicksort", "Sort Space Used": 49, "Sort Space Type": "Memory", "Plans": [{"Node Type": "Seq Scan", "Parent Relationship": "Outer", "Parallel Aware": false, "Async Capable": false, "Relation Name": "users", "Alias": "u", "Startup Cost": 0.0, "Total Cost": 801.06, "Plan Rows": 1054, "Plan Width": 4, "Actual Rows": 1057, "Actual Loops": 1, "Filter": "(creationdate <= '2010-10-04 16:33:24'::timestamp without time zone)", "Rows Removed by Filter": 39268}]}]}, {"Node Type": "Index Scan", "Parent Relationship": "Inner", "Parallel Aware": false, "Async Capable": false, "Scan Direction": "Forward", "Index Name": "idx_comments_userid", "Relation Name": "comments", "Alias": "c", "Startup Cost": 0.29, "Total Cost": 0.66, "Plan Rows": 1, "Plan Width": 4, "Actual Rows": 52, "Actual Loops": 2102, "Index Cond": "(userid = v.userid)", "Rows Removed by Index Recheck": 0, "Filter": "((creationdate >= '2011-12-07 17:25:34'::timestamp without time zone) AND (creationdate <= '2012-04-17 07:10:57'::timestamp without time zone))", "Rows Removed by Filter": 537}]}]}, "Planning Time": 1.266, "Triggers": [], "Execution Time": 247.449}