{"Plan": {"Node Type": "Aggregate", "Strategy": "Plain", "Partial Mode": "Finalize", "Parallel Aware": false, "Async Capable": false, "Startup Cost": 15009.14, "Total Cost": 15009.15, "Plan Rows": 1, "Plan Width": 8, "Actual Rows": 1, "Actual Loops": 1, "Plans": [{"Node Type": "Gather", "Parent Relationship": "Outer", "Parallel Aware": false, "Async Capable": false, "Startup Cost": 15009.03, "Total Cost": 15009.14, "Plan Rows": 1, "Plan Width": 8, "Actual Rows": 2, "Actual Loops": 1, "Workers Planned": 1, "Workers Launched": 1, "Single Copy": false, "Plans": [{"Node Type": "Aggregate", "Strategy": "Plain", "Partial Mode": "Partial", "Parent Relationship": "Outer", "Parallel Aware": false, "Async Capable": false, "Startup Cost": 14009.03, "Total Cost": 14009.04, "Plan Rows": 1, "Plan Width": 8, "Actual Rows": 1, "Actual Loops": 2, "Workers": [], "Plans": [{"Node Type": "Hash Join", "Parent Relationship": "Outer", "Parallel Aware": true, "Async Capable": false, "Join Type": "Inner", "Startup Cost": 3046.84, "Total Cost": 6068.05, "Plan Rows": 3176392, "Plan Width": 0, "Actual Rows": 259826, "Actual Loops": 2, "Inner Unique": false, "Hash Cond": "(c.userid = u.id)", "Workers": [], "Plans": [{"Node Type": "Seq Scan", "Parent Relationship": "Outer", "Parallel Aware": true, "Async Capable": false, "Relation Name": "comments", "Alias": "c", "Startup Cost": 0.0, "Total Cost": 2369.32, "Plan Rows": 102532, "Plan Width": 4, "Actual Rows": 87152, "Actual Loops": 2, "Workers": []}, {"Node Type": "Hash", "Parent Relationship": "Inner", "Parallel Aware": true, "Async Capable": false, "Startup Cost": 2913.18, "Total Cost": 2913.18, "Plan Rows": 10693, "Plan Width": 8, "Actual Rows": 3688, "Actual Loops": 2, "Hash Buckets": 32768, "Original Hash Buckets": 32768, "Hash Batches": 1, "Original Hash Batches": 1, "Peak Memory Usage": 576, "Workers": [], "Plans": [{"Node Type": "Merge Join", "Parent Relationship": "Outer", "Parallel Aware": false, "Async Capable": false, "Join Type": "Inner", "Startup Cost": 0.71, "Total Cost": 2913.18, "Plan Rows": 10693, "Plan Width": 8, "Actual Rows": 3688, "Actual Loops": 2, "Inner Unique": true, "Merge Cond": "(v.userid = u.id)", "Workers": [], "Plans": [{"Node Type": "Index Scan", "Parent Relationship": "Outer", "Parallel Aware": true, "Async Capable": false, "Scan Direction": "Forward", "Index Name": "idx_votes_userid", "Relation Name": "votes", "Alias": "v", "Startup Cost": 0.42, "Total Cost": 10733.91, "Plan Rows": 132619, "Plan Width": 4, "Actual Rows": 11128, "Actual Loops": 2, "Filter": "(creationdate <= '2013-10-08 00:43:02'::timestamp without time zone)", "Rows Removed by Filter": 6268, "Workers": []}, {"Node Type": "Index Scan", "Parent Relationship": "Inner", "Parallel Aware": false, "Async Capable": false, "Scan Direction": "Forward", "Index Name": "users_pkey", "Relation Name": "users", "Alias": "u", "Startup Cost": 0.29, "Total Cost": 1558.79, "Plan Rows": 30745, "Plan Width": 4, "Actual Rows": 19882, "Actual Loops": 2, "Filter": "((creationdate >= '2012-02-26 23:03:34'::timestamp without time zone) AND (creationdate <= '2014-08-01 17:05:39'::timestamp without time zone))", "Rows Removed by Filter": 7114, "Workers": []}]}]}]}]}]}]}, "Planning Time": 2.696, "Triggers": [], "Execution Time": 92.46}