{"Plan": {"Node Type": "Aggregate", "Strategy": "Plain", "Partial Mode": "Simple", "Parallel Aware": false, "Async Capable": false, "Startup Cost": 1416.22, "Total Cost": 1416.23, "Plan Rows": 1, "Plan Width": 8, "Actual Rows": 1, "Actual Loops": 1, "Plans": [{"Node Type": "Nested Loop", "Parent Relationship": "Outer", "Parallel Aware": false, "Async Capable": false, "Join Type": "Inner", "Startup Cost": 1.14, "Total Cost": 1416.05, "Plan Rows": 65, "Plan Width": 0, "Actual Rows": 1197120, "Actual Loops": 1, "Inner Unique": false, "Plans": [{"Node Type": "Nested Loop", "Parent Relationship": "Outer", "Parallel Aware": false, "Async Capable": false, "Join Type": "Inner", "Startup Cost": 0.84, "Total Cost": 1415.35, "Plan Rows": 1, "Plan Width": 12, "Actual Rows": 320, "Actual Loops": 1, "Inner Unique": false, "Plans": [{"Node Type": "Nested Loop", "Parent Relationship": "Outer", "Parallel Aware": false, "Async Capable": false, "Join Type": "Inner", "Startup Cost": 0.42, "Total Cost": 1414.61, "Plan Rows": 1, "Plan Width": 8, "Actual Rows": 320, "Actual Loops": 1, "Inner Unique": false, "Plans": [{"Node Type": "Seq Scan", "Parent Relationship": "Outer", "Parallel Aware": false, "Async Capable": false, "Relation Name": "users", "Alias": "u", "Startup Cost": 0.0, "Total Cost": 1405.94, "Plan Rows": 1, "Plan Width": 4, "Actual Rows": 1, "Actual Loops": 1, "Filter": "((reputation >= 27350) AND (views >= 680) AND (downvotes >= 72) AND (upvotes >= 6258) AND (upvotes <= 10009) AND (creationdate >= '2010-11-27 04:33:29'::timestamp without time zone) AND (creationdate <= '2012-03-30 02:20:06'::timestamp without time zone))", "Rows Removed by Filter": 40324}, {"Node Type": "Index Only Scan", "Parent Relationship": "Inner", "Parallel Aware": false, "Async Capable": false, "Scan Direction": "Forward", "Index Name": "idx_votes_userid", "Relation Name": "votes", "Alias": "v", "Startup Cost": 0.42, "Total Cost": 8.58, "Plan Rows": 9, "Plan Width": 4, "Actual Rows": 320, "Actual Loops": 1, "Index Cond": "(userid = u.id)", "Rows Removed by Index Recheck": 0, "Heap Fetches": 0}]}, {"Node Type": "Index Scan", "Parent Relationship": "Inner", "Parallel Aware": false, "Async Capable": false, "Scan Direction": "Forward", "Index Name": "idx_posthistory_userid", "Relation Name": "posthistory", "Alias": "ph", "Startup Cost": 0.42, "Total Cost": 0.73, "Plan Rows": 1, "Plan Width": 4, "Actual Rows": 1, "Actual Loops": 320, "Index Cond": "(userid = v.userid)", "Rows Removed by Index Recheck": 0, "Filter": "(posthistorytypeid = 13)", "Rows Removed by Filter": 7320}]}, {"Node Type": "Index Scan", "Parent Relationship": "Inner", "Parallel Aware": false, "Async Capable": false, "Scan Direction": "Forward", "Index Name": "idx_comments_userid", "Relation Name": "comments", "Alias": "c", "Startup Cost": 0.29, "Total Cost": 0.57, "Plan Rows": 13, "Plan Width": 4, "Actual Rows": 3741, "Actual Loops": 320, "Index Cond": "(userid = v.userid)", "Rows Removed by Index Recheck": 0, "Filter": "(creationdate <= '2014-08-20 11:13:53'::timestamp without time zone)", "Rows Removed by Filter": 129}]}]}, "Planning Time": 2.205, "Triggers": [], "Execution Time": 710.445}