{"Plan": {"Node Type": "Aggregate", "Strategy": "Plain", "Partial Mode": "Simple", "Parallel Aware": false, "Async Capable": false, "Startup Cost": 3814.19, "Total Cost": 3814.2, "Plan Rows": 1, "Plan Width": 8, "Actual Rows": 1, "Actual Loops": 1, "Plans": [{"Node Type": "Nested Loop", "Parent Relationship": "Outer", "Parallel Aware": false, "Async Capable": false, "Join Type": "Inner", "Startup Cost": 1.42, "Total Cost": 3814.15, "Plan Rows": 13, "Plan Width": 0, "Actual Rows": 73, "Actual Loops": 1, "Inner Unique": false, "Join Filter": "(pl.postid = ph.postid)", "Rows Removed by Join Filter": 0, "Plans": [{"Node Type": "Nested Loop", "Parent Relationship": "Outer", "Parallel Aware": false, "Async Capable": false, "Join Type": "Inner", "Startup Cost": 1.0, "Total Cost": 3811.89, "Plan Rows": 4, "Plan Width": 16, "Actual Rows": 12, "Actual Loops": 1, "Inner Unique": false, "Join Filter": "(pl.postid = v.postid)", "Rows Removed by Join Filter": 0, "Plans": [{"Node Type": "Nested Loop", "Parent Relationship": "Outer", "Parallel Aware": false, "Async Capable": false, "Join Type": "Inner", "Startup Cost": 0.58, "Total Cost": 3807.91, "Plan Rows": 6, "Plan Width": 12, "Actual Rows": 6, "Actual Loops": 1, "Inner Unique": false, "Plans": [{"Node Type": "Nested Loop", "Parent Relationship": "Outer", "Parallel Aware": false, "Async Capable": false, "Join Type": "Inner", "Startup Cost": 0.29, "Total Cost": 3786.96, "Plan Rows": 65, "Plan Width": 8, "Actual Rows": 61, "Actual Loops": 1, "Inner Unique": true, "Plans": [{"Node Type": "Seq Scan", "Parent Relationship": "Outer", "Parallel Aware": false, "Async Capable": false, "Relation Name": "comments", "Alias": "c", "Startup Cost": 0.0, "Total Cost": 3522.81, "Plan Rows": 65, "Plan Width": 4, "Actual Rows": 61, "Actual Loops": 1, "Filter": "(score = 9)", "Rows Removed by Filter": 174244}, {"Node Type": "Index Only Scan", "Parent Relationship": "Inner", "Parallel Aware": false, "Async Capable": false, "Scan Direction": "Forward", "Index Name": "posts_pkey", "Relation Name": "posts", "Alias": "p", "Startup Cost": 0.29, "Total Cost": 4.06, "Plan Rows": 1, "Plan Width": 4, "Actual Rows": 1, "Actual Loops": 61, "Index Cond": "(id = c.postid)", "Rows Removed by Index Recheck": 0, "Heap Fetches": 0}]}, {"Node Type": "Index Scan", "Parent Relationship": "Inner", "Parallel Aware": false, "Async Capable": false, "Scan Direction": "Forward", "Index Name": "idx_postlinks_postid", "Relation Name": "postlinks", "Alias": "pl", "Startup Cost": 0.29, "Total Cost": 0.31, "Plan Rows": 1, "Plan Width": 4, "Actual Rows": 0, "Actual Loops": 61, "Index Cond": "(postid = p.id)", "Rows Removed by Index Recheck": 0, "Filter": "((creationdate >= '2012-03-07 03:45:44'::timestamp without time zone) AND (creationdate <= '2013-11-17 01:13:36'::timestamp without time zone))", "Rows Removed by Filter": 0}]}, {"Node Type": "Index Scan", "Parent Relationship": "Inner", "Parallel Aware": false, "Async Capable": false, "Scan Direction": "Forward", "Index Name": "idx_votes_postid", "Relation Name": "votes", "Alias": "v", "Startup Cost": 0.42, "Total Cost": 0.65, "Plan Rows": 1, "Plan Width": 4, "Actual Rows": 2, "Actual Loops": 6, "Index Cond": "(postid = p.id)", "Rows Removed by Index Recheck": 0, "Filter": "((creationdate >= '2013-05-07 08:02:00'::timestamp without time zone) AND (creationdate <= '2013-09-06 18:34:23'::timestamp without time zone))", "Rows Removed by Filter": 22}]}, {"Node Type": "Index Only Scan", "Parent Relationship": "Inner", "Parallel Aware": false, "Async Capable": false, "Scan Direction": "Forward", "Index Name": "idx_posthistory_postid", "Relation Name": "posthistory", "Alias": "ph", "Startup Cost": 0.42, "Total Cost": 0.52, "Plan Rows": 4, "Plan Width": 4, "Actual Rows": 6, "Actual Loops": 12, "Index Cond": "(postid = p.id)", "Rows Removed by Index Recheck": 0, "Heap Fetches": 0}]}]}, "Planning Time": 6.403, "Triggers": [], "Execution Time": 21.077}