{"Plan": {"Node Type": "Aggregate", "Strategy": "Plain", "Partial Mode": "Simple", "Parallel Aware": false, "Async Capable": false, "Startup Cost": 3902.28, "Total Cost": 3902.29, "Plan Rows": 1, "Plan Width": 8, "Actual Rows": 1, "Actual Loops": 1, "Plans": [{"Node Type": "Nested Loop", "Parent Relationship": "Outer", "Parallel Aware": false, "Async Capable": false, "Join Type": "Inner", "Startup Cost": 1.56, "Total Cost": 3877.17, "Plan Rows": 10044, "Plan Width": 0, "Actual Rows": 8172, "Actual Loops": 1, "Inner Unique": false, "Join Filter": "(pl.postid = ph.postid)", "Rows Removed by Join Filter": 0, "Plans": [{"Node Type": "Nested Loop", "Parent Relationship": "Outer", "Parallel Aware": false, "Async Capable": false, "Join Type": "Inner", "Startup Cost": 1.14, "Total Cost": 2438.08, "Plan Rows": 2594, "Plan Width": 16, "Actual Rows": 991, "Actual Loops": 1, "Inner Unique": false, "Join Filter": "(c.postid = pl.postid)", "Rows Removed by Join Filter": 0, "Plans": [{"Node Type": "Nested Loop", "Parent Relationship": "Outer", "Parallel Aware": false, "Async Capable": false, "Join Type": "Inner", "Startup Cost": 0.71, "Total Cost": 2036.94, "Plan Rows": 763, "Plan Width": 12, "Actual Rows": 420, "Actual Loops": 1, "Inner Unique": false, "Join Filter": "(pl.postid = v.postid)", "Rows Removed by Join Filter": 0, "Plans": [{"Node Type": "Nested Loop", "Parent Relationship": "Outer", "Parallel Aware": false, "Async Capable": false, "Join Type": "Inner", "Startup Cost": 0.29, "Total Cost": 1559.73, "Plan Rows": 720, "Plan Width": 8, "Actual Rows": 916, "Actual Loops": 1, "Inner Unique": true, "Plans": [{"Node Type": "Seq Scan", "Parent Relationship": "Outer", "Parallel Aware": false, "Async Capable": false, "Relation Name": "postlinks", "Alias": "pl", "Startup Cost": 0.0, "Total Cost": 248.53, "Plan Rows": 720, "Plan Width": 4, "Actual Rows": 916, "Actual Loops": 1, "Filter": "((creationdate >= '2012-07-11 22:17:16'::timestamp without time zone) AND (linktypeid = 3))", "Rows Removed by Filter": 10186}, {"Node Type": "Index Only Scan", "Parent Relationship": "Inner", "Parallel Aware": false, "Async Capable": false, "Scan Direction": "Forward", "Index Name": "posts_pkey", "Relation Name": "posts", "Alias": "p", "Startup Cost": 0.29, "Total Cost": 1.82, "Plan Rows": 1, "Plan Width": 4, "Actual Rows": 1, "Actual Loops": 916, "Index Cond": "(id = pl.postid)", "Rows Removed by Index Recheck": 0, "Heap Fetches": 0}]}, {"Node Type": "Index Scan", "Parent Relationship": "Inner", "Parallel Aware": false, "Async Capable": false, "Scan Direction": "Forward", "Index Name": "idx_votes_postid", "Relation Name": "votes", "Alias": "v", "Startup Cost": 0.42, "Total Cost": 0.65, "Plan Rows": 1, "Plan Width": 4, "Actual Rows": 0, "Actual Loops": 916, "Index Cond": "(postid = p.id)", "Rows Removed by Index Recheck": 0, "Filter": "((creationdate >= '2012-01-05 23:35:25'::timestamp without time zone) AND (creationdate <= '2012-10-12 09:54:01'::timestamp without time zone))", "Rows Removed by Filter": 2}]}, {"Node Type": "Index Only Scan", "Parent Relationship": "Inner", "Parallel Aware": false, "Async Capable": false, "Scan Direction": "Forward", "Index Name": "idx_comments_postid", "Relation Name": "comments", "Alias": "c", "Startup Cost": 0.42, "Total Cost": 0.49, "Plan Rows": 3, "Plan Width": 4, "Actual Rows": 2, "Actual Loops": 420, "Index Cond": "(postid = p.id)", "Rows Removed by Index Recheck": 0, "Heap Fetches": 0}]}, {"Node Type": "Index Only Scan", "Parent Relationship": "Inner", "Parallel Aware": false, "Async Capable": false, "Scan Direction": "Forward", "Index Name": "idx_posthistory_postid", "Relation Name": "posthistory", "Alias": "ph", "Startup Cost": 0.42, "Total Cost": 0.5, "Plan Rows": 4, "Plan Width": 4, "Actual Rows": 8, "Actual Loops": 991, "Index Cond": "(postid = c.postid)", "Rows Removed by Index Recheck": 0, "Heap Fetches": 0}]}]}, "Planning Time": 4.771, "Triggers": [], "Execution Time": 5.119}