{"Plan": {"Node Type": "Aggregate", "Strategy": "Plain", "Partial Mode": "Finalize", "Parallel Aware": false, "Async Capable": false, "Startup Cost": 9947.25, "Total Cost": 9947.26, "Plan Rows": 1, "Plan Width": 8, "Actual Rows": 1, "Actual Loops": 1, "Plans": [{"Node Type": "Gather", "Parent Relationship": "Outer", "Parallel Aware": false, "Async Capable": false, "Startup Cost": 9947.04, "Total Cost": 9947.25, "Plan Rows": 2, "Plan Width": 8, "Actual Rows": 3, "Actual Loops": 1, "Workers Planned": 2, "Workers Launched": 2, "Single Copy": false, "Plans": [{"Node Type": "Aggregate", "Strategy": "Plain", "Partial Mode": "Partial", "Parent Relationship": "Outer", "Parallel Aware": false, "Async Capable": false, "Startup Cost": 8947.04, "Total Cost": 8947.05, "Plan Rows": 1, "Plan Width": 8, "Actual Rows": 1, "Actual Loops": 3, "Workers": [], "Plans": [{"Node Type": "Nested Loop", "Parent Relationship": "Outer", "Parallel Aware": false, "Async Capable": false, "Join Type": "Inner", "Startup Cost": 1.9, "Total Cost": 8873.51, "Plan Rows": 29412, "Plan Width": 0, "Actual Rows": 15624, "Actual Loops": 3, "Inner Unique": false, "Workers": [], "Plans": [{"Node Type": "Nested Loop", "Parent Relationship": "Outer", "Parallel Aware": false, "Async Capable": false, "Join Type": "Inner", "Startup Cost": 1.47, "Total Cost": 5091.19, "Plan Rows": 8645, "Plan Width": 16, "Actual Rows": 2336, "Actual Loops": 3, "Inner Unique": false, "Join Filter": "(pl.postid = ph.postid)", "Rows Removed by Join Filter": 0, "Workers": [], "Plans": [{"Node Type": "Nested Loop", "Parent Relationship": "Outer", "Parallel Aware": false, "Async Capable": false, "Join Type": "Inner", "Startup Cost": 1.05, "Total Cost": 3827.83, "Plan Rows": 2233, "Plan Width": 12, "Actual Rows": 284, "Actual Loops": 3, "Inner Unique": false, "Join Filter": "(pl.postid = v.postid)", "Rows Removed by Join Filter": 0, "Workers": [], "Plans": [{"Node Type": "Merge Join", "Parent Relationship": "Outer", "Parallel Aware": false, "Async Capable": false, "Join Type": "Inner", "Startup Cost": 0.63, "Total Cost": 2470.43, "Plan Rows": 2048, "Plan Width": 8, "Actual Rows": 1603, "Actual Loops": 3, "Inner Unique": false, "Merge Cond": "(p.id = pl.postid)", "Workers": [], "Plans": [{"Node Type": "Index Only Scan", "Parent Relationship": "Outer", "Parallel Aware": true, "Async Capable": false, "Scan Direction": "Forward", "Index Name": "posts_pkey", "Relation Name": "posts", "Alias": "p", "Startup Cost": 0.29, "Total Cost": 1891.41, "Plan Rows": 38323, "Plan Width": 4, "Actual Rows": 30653, "Actual Loops": 3, "Heap Fetches": 0, "Workers": []}, {"Node Type": "Index Scan", "Parent Relationship": "Inner", "Parallel Aware": false, "Async Capable": false, "Scan Direction": "Forward", "Index Name": "idx_postlinks_postid", "Relation Name": "postlinks", "Alias": "pl", "Startup Cost": 0.29, "Total Cost": 450.8, "Plan Rows": 4916, "Plan Width": 4, "Actual Rows": 4795, "Actual Loops": 3, "Filter": "((creationdate >= '2013-08-11 19:40:25'::timestamp without time zone) AND (linktypeid = 1))", "Rows Removed by Filter": 6290, "Workers": []}]}, {"Node Type": "Index Scan", "Parent Relationship": "Inner", "Parallel Aware": false, "Async Capable": false, "Scan Direction": "Forward", "Index Name": "idx_votes_postid", "Relation Name": "votes", "Alias": "v", "Startup Cost": 0.42, "Total Cost": 0.65, "Plan Rows": 1, "Plan Width": 4, "Actual Rows": 0, "Actual Loops": 4810, "Index Cond": "(postid = p.id)", "Rows Removed by Index Recheck": 0, "Filter": "((creationdate >= '2011-04-06 10:14:55'::timestamp without time zone) AND (creationdate <= '2012-04-29 06:32:51'::timestamp without time zone))", "Rows Removed by Filter": 4, "Workers": []}]}, {"Node Type": "Index Only Scan", "Parent Relationship": "Inner", "Parallel Aware": false, "Async Capable": false, "Scan Direction": "Forward", "Index Name": "idx_posthistory_postid", "Relation Name": "posthistory", "Alias": "ph", "Startup Cost": 0.42, "Total Cost": 0.52, "Plan Rows": 4, "Plan Width": 4, "Actual Rows": 8, "Actual Loops": 851, "Index Cond": "(postid = p.id)", "Rows Removed by Index Recheck": 0, "Heap Fetches": 0, "Workers": []}]}, {"Node Type": "Memoize", "Parent Relationship": "Inner", "Parallel Aware": false, "Async Capable": false, "Startup Cost": 0.43, "Total Cost": 0.78, "Plan Rows": 3, "Plan Width": 4, "Actual Rows": 7, "Actual Loops": 7009, "Cache Key": "pl.postid", "Cache Mode": "logical", "Cache Hits": 6806, "Cache Misses": 77, "Cache Evictions": 0, "Cache Overflows": 0, "Peak Memory Usage": 15, "Workers": [{"Worker Number": 1, "Cache Hits": 125, "Cache Misses": 1, "Cache Evictions": 0, "Cache Overflows": 0, "Peak Memory Usage": 1}], "Plans": [{"Node Type": "Index Only Scan", "Parent Relationship": "Outer", "Parallel Aware": false, "Async Capable": false, "Scan Direction": "Forward", "Index Name": "idx_comments_postid", "Relation Name": "comments", "Alias": "c", "Startup Cost": 0.42, "Total Cost": 0.77, "Plan Rows": 3, "Plan Width": 4, "Actual Rows": 3, "Actual Loops": 78, "Index Cond": "(postid = pl.postid)", "Rows Removed by Index Recheck": 0, "Heap Fetches": 0, "Workers": []}]}]}]}]}]}, "Planning Time": 5.051, "Triggers": [], "Execution Time": 36.789}