{"Plan": {"Node Type": "Aggregate", "Strategy": "Plain", "Partial Mode": "Finalize", "Parallel Aware": false, "Async Capable": false, "Startup Cost": 10957508.84, "Total Cost": 10957508.85, "Plan Rows": 1, "Plan Width": 8, "Actual Rows": 1, "Actual Loops": 1, "Plans": [{"Node Type": "Gather", "Parent Relationship": "Outer", "Parallel Aware": false, "Async Capable": false, "Startup Cost": 10957508.63, "Total Cost": 10957508.84, "Plan Rows": 2, "Plan Width": 8, "Actual Rows": 3, "Actual Loops": 1, "Workers Planned": 2, "Workers Launched": 2, "Single Copy": false, "Plans": [{"Node Type": "Aggregate", "Strategy": "Plain", "Partial Mode": "Partial", "Parent Relationship": "Outer", "Parallel Aware": false, "Async Capable": false, "Startup Cost": 10956508.63, "Total Cost": 10956508.64, "Plan Rows": 1, "Plan Width": 8, "Actual Rows": 1, "Actual Loops": 3, "Workers": [], "Plans": [{"Node Type": "Hash Join", "Parent Relationship": "Outer", "Parallel Aware": true, "Async Capable": false, "Join Type": "Inner", "Startup Cost": 5181.91, "Total Cost": 179989.73, "Plan Rows": 4310607560, "Plan Width": 0, "Actual Rows": 8185776663, "Actual Loops": 3, "Inner Unique": false, "Hash Cond": "(b.userid = u.id)", "Workers": [], "Plans": [{"Node Type": "Nested Loop", "Parent Relationship": "Outer", "Parallel Aware": false, "Async Capable": false, "Join Type": "Inner", "Startup Cost": 0.72, "Total Cost": 17408.26, "Plan Rows": 6615249, "Plan Width": 8, "Actual Rows": 5440882, "Actual Loops": 3, "Inner Unique": false, "Workers": [], "Plans": [{"Node Type": "Index Only Scan", "Parent Relationship": "Outer", "Parallel Aware": true, "Async Capable": false, "Scan Direction": "Forward", "Index Name": "idx_posthistory_userid", "Relation Name": "posthistory", "Alias": "ph", "Startup Cost": 0.42, "Total Cost": 4157.26, "Plan Rows": 126328, "Plan Width": 4, "Actual Rows": 101062, "Actual Loops": 3, "Heap Fetches": 0, "Workers": []}, {"Node Type": "Memoize", "Parent Relationship": "Inner", "Parallel Aware": false, "Async Capable": false, "Startup Cost": 0.3, "Total Cost": 0.36, "Plan Rows": 3, "Plan Width": 4, "Actual Rows": 54, "Actual Loops": 303187, "Cache Key": "ph.userid", "Cache Mode": "logical", "Cache Hits": 102765, "Cache Misses": 6523, "Cache Evictions": 0, "Cache Overflows": 0, "Peak Memory Usage": 1454, "Workers": [{"Worker Number": 0, "Cache Hits": 61706, "Cache Misses": 3199, "Cache Evictions": 0, "Cache Overflows": 0, "Peak Memory Usage": 844}, {"Worker Number": 1, "Cache Hits": 116577, "Cache Misses": 12417, "Cache Evictions": 0, "Cache Overflows": 0, "Peak Memory Usage": 1876}], "Plans": [{"Node Type": "Index Only Scan", "Parent Relationship": "Outer", "Parallel Aware": false, "Async Capable": false, "Scan Direction": "Forward", "Index Name": "idx_badges_userid", "Relation Name": "badges", "Alias": "b", "Startup Cost": 0.29, "Total Cost": 0.35, "Plan Rows": 3, "Plan Width": 4, "Actual Rows": 3, "Actual Loops": 22139, "Index Cond": "(userid = ph.userid)", "Rows Removed by Index Recheck": 0, "Heap Fetches": 0, "Workers": []}]}]}, {"Node Type": "Hash", "Parent Relationship": "Inner", "Parallel Aware": true, "Async Capable": false, "Startup Cost": 4233.87, "Total Cost": 4233.87, "Plan Rows": 75785, "Plan Width": 8, "Actual Rows": 39042, "Actual Loops": 3, "Hash Buckets": 131072, "Original Hash Buckets": 131072, "Hash Batches": 1, "Original Hash Batches": 1, "Peak Memory Usage": 5664, "Workers": [], "Plans": [{"Node Type": "Hash Join", "Parent Relationship": "Outer", "Parallel Aware": false, "Async Capable": false, "Join Type": "Inner", "Startup Cost": 1405.9, "Total Cost": 4233.87, "Plan Rows": 75785, "Plan Width": 8, "Actual Rows": 39042, "Actual Loops": 3, "Inner Unique": true, "Hash Cond": "(c.userid = u.id)", "Workers": [], "Plans": [{"Node Type": "Seq Scan", "Parent Relationship": "Outer", "Parallel Aware": true, "Async Capable": false, "Relation Name": "comments", "Alias": "c", "Startup Cost": 0.0, "Total Cost": 2625.65, "Plan Rows": 77066, "Plan Width": 4, "Actual Rows": 43648, "Actual Loops": 3, "Filter": "(creationdate <= '2014-01-26 20:51:41'::timestamp without time zone)", "Rows Removed by Filter": 14453, "Workers": []}, {"Node Type": "Hash", "Parent Relationship": "Inner", "Parallel Aware": false, "Async Capable": false, "Startup Cost": 901.88, "Total Cost": 901.88, "Plan Rows": 40322, "Plan Width": 4, "Actual Rows": 40322, "Actual Loops": 3, "Hash Buckets": 65536, "Original Hash Buckets": 65536, "Hash Batches": 1, "Original Hash Batches": 1, "Peak Memory Usage": 1930, "Workers": [], "Plans": [{"Node Type": "Seq Scan", "Parent Relationship": "Outer", "Parallel Aware": false, "Async Capable": false, "Relation Name": "users", "Alias": "u", "Startup Cost": 0.0, "Total Cost": 901.88, "Plan Rows": 40322, "Plan Width": 4, "Actual Rows": 40322, "Actual Loops": 3, "Filter": "((downvotes <= 1166) AND (upvotes <= 10650))", "Rows Removed by Filter": 3, "Workers": []}]}]}]}]}]}]}]}, "Planning Time": 3.267, "Triggers": [], "Execution Time": 494763.6}