{"Plan": {"Node Type": "Aggregate", "Strategy": "Plain", "Partial Mode": "Simple", "Parallel Aware": false, "Async Capable": false, "Startup Cost": 1249.26, "Total Cost": 1249.27, "Plan Rows": 1, "Plan Width": 8, "Actual Rows": 1, "Actual Loops": 1, "Plans": [{"Node Type": "Nested Loop", "Parent Relationship": "Outer", "Parallel Aware": false, "Async Capable": false, "Join Type": "Inner", "Startup Cost": 1.01, "Total Cost": 1249.26, "Plan Rows": 1, "Plan Width": 0, "Actual Rows": 684, "Actual Loops": 1, "Inner Unique": false, "Plans": [{"Node Type": "Nested Loop", "Parent Relationship": "Outer", "Parallel Aware": false, "Async Capable": false, "Join Type": "Inner", "Startup Cost": 0.58, "Total Cost": 1248.31, "Plan Rows": 1, "Plan Width": 12, "Actual Rows": 773, "Actual Loops": 1, "Inner Unique": false, "Plans": [{"Node Type": "Nested Loop", "Parent Relationship": "Outer", "Parallel Aware": false, "Async Capable": false, "Join Type": "Inner", "Startup Cost": 0.29, "Total Cost": 1233.85, "Plan Rows": 30, "Plan Width": 8, "Actual Rows": 1059, "Actual Loops": 1, "Inner Unique": false, "Plans": [{"Node Type": "Seq Scan", "Parent Relationship": "Outer", "Parallel Aware": false, "Async Capable": false, "Relation Name": "users", "Alias": "u", "Startup Cost": 0.0, "Total Cost": 901.88, "Plan Rows": 28, "Plan Width": 4, "Actual Rows": 27, "Actual Loops": 1, "Filter": "((reputation >= 9530) AND (reputation <= 31300))", "Rows Removed by Filter": 40298}, {"Node Type": "Index Scan", "Parent Relationship": "Inner", "Parallel Aware": false, "Async Capable": false, "Scan Direction": "Forward", "Index Name": "idx_badges_userid", "Relation Name": "badges", "Alias": "b", "Startup Cost": 0.29, "Total Cost": 11.84, "Plan Rows": 2, "Plan Width": 4, "Actual Rows": 39, "Actual Loops": 27, "Index Cond": "(userid = u.id)", "Rows Removed by Index Recheck": 0, "Filter": "(date >= '2013-04-12 10:32:32'::timestamp without time zone)", "Rows Removed by Filter": 66}]}, {"Node Type": "Index Scan", "Parent Relationship": "Inner", "Parallel Aware": false, "Async Capable": false, "Scan Direction": "Forward", "Index Name": "idx_posts_owneruserid", "Relation Name": "posts", "Alias": "p", "Startup Cost": 0.29, "Total Cost": 0.47, "Plan Rows": 1, "Plan Width": 4, "Actual Rows": 1, "Actual Loops": 1059, "Index Cond": "(owneruserid = b.userid)", "Rows Removed by Index Recheck": 0, "Filter": "((viewcount >= 5354) AND (viewcount <= 36108))", "Rows Removed by Filter": 360}]}, {"Node Type": "Index Scan", "Parent Relationship": "Inner", "Parallel Aware": false, "Async Capable": false, "Scan Direction": "Forward", "Index Name": "idx_posthistory_userid", "Relation Name": "posthistory", "Alias": "ph", "Startup Cost": 0.42, "Total Cost": 0.94, "Plan Rows": 1, "Plan Width": 4, "Actual Rows": 1, "Actual Loops": 773, "Index Cond": "(userid = b.userid)", "Rows Removed by Index Recheck": 0, "Filter": "(posthistorytypeid = 37)", "Rows Removed by Filter": 2348}]}]}, "Planning Time": 2.032, "Triggers": [], "Execution Time": 283.304}