{"Plan": {"Node Type": "Aggregate", "Strategy": "Plain", "Partial Mode": "Simple", "Parallel Aware": false, "Async Capable": false, "Startup Cost": 3327.45, "Total Cost": 3327.46, "Plan Rows": 1, "Plan Width": 8, "Actual Rows": 1, "Actual Loops": 1, "Plans": [{"Node Type": "Nested Loop", "Parent Relationship": "Outer", "Parallel Aware": false, "Async Capable": false, "Join Type": "Inner", "Startup Cost": 1.0, "Total Cost": 3327.4, "Plan Rows": 19, "Plan Width": 0, "Actual Rows": 2895, "Actual Loops": 1, "Inner Unique": false, "Plans": [{"Node Type": "Nested Loop", "Parent Relationship": "Outer", "Parallel Aware": false, "Async Capable": false, "Join Type": "Inner", "Startup Cost": 0.58, "Total Cost": 3325.54, "Plan Rows": 1, "Plan Width": 12, "Actual Rows": 147, "Actual Loops": 1, "Inner Unique": false, "Plans": [{"Node Type": "Nested Loop", "Parent Relationship": "Outer", "Parallel Aware": false, "Async Capable": false, "Join Type": "Inner", "Startup Cost": 0.29, "Total Cost": 3322.65, "Plan Rows": 4, "Plan Width": 8, "Actual Rows": 50, "Actual Loops": 1, "Inner Unique": true, "Plans": [{"Node Type": "Seq Scan", "Parent Relationship": "Outer", "Parallel Aware": false, "Async Capable": false, "Relation Name": "posts", "Alias": "p", "Startup Cost": 0.0, "Total Cost": 3139.4, "Plan Rows": 23, "Plan Width": 4, "Actual Rows": 123, "Actual Loops": 1, "Filter": "((answercount <= 42) AND (commentcount >= 1) AND (commentcount <= 44) AND (favoritecount >= 20) AND (favoritecount <= 156) AND (creationdate <= '2013-06-12 17:25:43'::timestamp without time zone))", "Rows Removed by Filter": 91853}, {"Node Type": "Index Scan", "Parent Relationship": "Inner", "Parallel Aware": false, "Async Capable": false, "Scan Direction": "Forward", "Index Name": "users_pkey", "Relation Name": "users", "Alias": "u", "Startup Cost": 0.29, "Total Cost": 7.97, "Plan Rows": 1, "Plan Width": 4, "Actual Rows": 0, "Actual Loops": 123, "Index Cond": "(id = p.owneruserid)", "Rows Removed by Index Recheck": 0, "Filter": "((reputation <= 49988) AND (creationdate >= '2010-08-03 14:10:31'::timestamp without time zone) AND (creationdate <= '2012-02-15 21:53:08'::timestamp without time zone))", "Rows Removed by Filter": 1}]}, {"Node Type": "Index Scan", "Parent Relationship": "Inner", "Parallel Aware": false, "Async Capable": false, "Scan Direction": "Forward", "Index Name": "idx_badges_userid", "Relation Name": "badges", "Alias": "b", "Startup Cost": 0.29, "Total Cost": 0.71, "Plan Rows": 1, "Plan Width": 4, "Actual Rows": 3, "Actual Loops": 50, "Index Cond": "(userid = u.id)", "Rows Removed by Index Recheck": 0, "Filter": "((date >= '2013-11-20 16:24:09'::timestamp without time zone) AND (date <= '2014-03-12 19:22:13'::timestamp without time zone))", "Rows Removed by Filter": 39}]}, {"Node Type": "Index Scan", "Parent Relationship": "Inner", "Parallel Aware": false, "Async Capable": false, "Scan Direction": "Forward", "Index Name": "idx_posthistory_userid", "Relation Name": "posthistory", "Alias": "ph", "Startup Cost": 0.42, "Total Cost": 1.85, "Plan Rows": 1, "Plan Width": 4, "Actual Rows": 20, "Actual Loops": 147, "Index Cond": "(userid = b.userid)", "Rows Removed by Index Recheck": 0, "Filter": "((creationdate >= '2010-07-21 17:54:46'::timestamp without time zone) AND (creationdate <= '2011-11-21 13:11:34'::timestamp without time zone) AND (posthistorytypeid = 5))", "Rows Removed by Filter": 1818}]}]}, "Planning Time": 2.278, "Triggers": [], "Execution Time": 61.3}