{"Plan": {"Node Type": "Aggregate", "Strategy": "Plain", "Partial Mode": "Simple", "Parallel Aware": false, "Async Capable": false, "Startup Cost": 3188.82, "Total Cost": 3188.83, "Plan Rows": 1, "Plan Width": 8, "Actual Rows": 1, "Actual Loops": 1, "Plans": [{"Node Type": "Nested Loop", "Parent Relationship": "Outer", "Parallel Aware": false, "Async Capable": false, "Join Type": "Inner", "Startup Cost": 1.0, "Total Cost": 3187.82, "Plan Rows": 401, "Plan Width": 0, "Actual Rows": 955, "Actual Loops": 1, "Inner Unique": false, "Plans": [{"Node Type": "Nested Loop", "Parent Relationship": "Outer", "Parallel Aware": false, "Async Capable": false, "Join Type": "Inner", "Startup Cost": 0.58, "Total Cost": 3182.76, "Plan Rows": 5, "Plan Width": 12, "Actual Rows": 71, "Actual Loops": 1, "Inner Unique": false, "Plans": [{"Node Type": "Nested Loop", "Parent Relationship": "Outer", "Parallel Aware": false, "Async Capable": false, "Join Type": "Inner", "Startup Cost": 0.29, "Total Cost": 3180.98, "Plan Rows": 4, "Plan Width": 8, "Actual Rows": 12, "Actual Loops": 1, "Inner Unique": true, "Plans": [{"Node Type": "Seq Scan", "Parent Relationship": "Outer", "Parallel Aware": false, "Async Capable": false, "Relation Name": "posts", "Alias": "p", "Startup Cost": 0.0, "Total Cost": 3139.4, "Plan Rows": 5, "Plan Width": 4, "Actual Rows": 14, "Actual Loops": 1, "Filter": "((answercount <= 3) AND (commentcount >= 19) AND (commentcount <= 26) AND (favoritecount >= 0) AND (favoritecount <= 222) AND (creationdate <= '2014-08-13 22:35:30'::timestamp without time zone))", "Rows Removed by Filter": 91962}, {"Node Type": "Index Scan", "Parent Relationship": "Inner", "Parallel Aware": false, "Async Capable": false, "Scan Direction": "Forward", "Index Name": "users_pkey", "Relation Name": "users", "Alias": "u", "Startup Cost": 0.29, "Total Cost": 8.31, "Plan Rows": 1, "Plan Width": 4, "Actual Rows": 1, "Actual Loops": 14, "Index Cond": "(id = p.owneruserid)", "Rows Removed by Index Recheck": 0, "Filter": "((reputation <= 9013) AND (creationdate >= '2011-06-26 19:19:05'::timestamp without time zone) AND (creationdate <= '2014-07-22 17:46:04'::timestamp without time zone))", "Rows Removed by Filter": 0}]}, {"Node Type": "Index Scan", "Parent Relationship": "Inner", "Parallel Aware": false, "Async Capable": false, "Scan Direction": "Forward", "Index Name": "idx_badges_userid", "Relation Name": "badges", "Alias": "b", "Startup Cost": 0.29, "Total Cost": 0.43, "Plan Rows": 2, "Plan Width": 4, "Actual Rows": 6, "Actual Loops": 12, "Index Cond": "(userid = u.id)", "Rows Removed by Index Recheck": 0, "Filter": "((date >= '2012-04-27 15:30:15'::timestamp without time zone) AND (date <= '2014-04-19 14:18:40'::timestamp without time zone))", "Rows Removed by Filter": 4}]}, {"Node Type": "Index Scan", "Parent Relationship": "Inner", "Parallel Aware": false, "Async Capable": false, "Scan Direction": "Forward", "Index Name": "idx_posthistory_userid", "Relation Name": "posthistory", "Alias": "ph", "Startup Cost": 0.42, "Total Cost": 0.99, "Plan Rows": 2, "Plan Width": 4, "Actual Rows": 13, "Actual Loops": 71, "Index Cond": "(userid = b.userid)", "Rows Removed by Index Recheck": 0, "Filter": "((creationdate >= '2009-03-11 15:59:25'::timestamp without time zone) AND (creationdate <= '2013-09-20 15:40:17'::timestamp without time zone) AND (posthistorytypeid = 5))", "Rows Removed by Filter": 57}]}]}, "Planning Time": 1.949, "Triggers": [], "Execution Time": 9.77}