{"Plan": {"Node Type": "Aggregate", "Strategy": "Plain", "Partial Mode": "Simple", "Parallel Aware": false, "Async Capable": false, "Startup Cost": 4014.88, "Total Cost": 4014.89, "Plan Rows": 1, "Plan Width": 8, "Actual Rows": 1, "Actual Loops": 1, "Plans": [{"Node Type": "Nested Loop", "Parent Relationship": "Outer", "Parallel Aware": false, "Async Capable": false, "Join Type": "Inner", "Startup Cost": 1.0, "Total Cost": 4014.88, "Plan Rows": 1, "Plan Width": 0, "Actual Rows": 29, "Actual Loops": 1, "Inner Unique": false, "Plans": [{"Node Type": "Nested Loop", "Parent Relationship": "Outer", "Parallel Aware": false, "Async Capable": false, "Join Type": "Inner", "Startup Cost": 0.58, "Total Cost": 4004.22, "Plan Rows": 6, "Plan Width": 12, "Actual Rows": 152, "Actual Loops": 1, "Inner Unique": false, "Plans": [{"Node Type": "Nested Loop", "Parent Relationship": "Outer", "Parallel Aware": false, "Async Capable": false, "Join Type": "Inner", "Startup Cost": 0.29, "Total Cost": 3987.5, "Plan Rows": 24, "Plan Width": 8, "Actual Rows": 99, "Actual Loops": 1, "Inner Unique": true, "Plans": [{"Node Type": "Seq Scan", "Parent Relationship": "Outer", "Parallel Aware": false, "Async Capable": false, "Relation Name": "posts", "Alias": "p", "Startup Cost": 0.0, "Total Cost": 3139.4, "Plan Rows": 140, "Plan Width": 4, "Actual Rows": 569, "Actual Loops": 1, "Filter": "((answercount <= 33) AND (commentcount >= 2) AND (commentcount <= 32) AND (favoritecount >= 6) AND (favoritecount <= 55) AND (creationdate <= '2013-12-22 15:36:26'::timestamp without time zone))", "Rows Removed by Filter": 91407}, {"Node Type": "Index Scan", "Parent Relationship": "Inner", "Parallel Aware": false, "Async Capable": false, "Scan Direction": "Forward", "Index Name": "users_pkey", "Relation Name": "users", "Alias": "u", "Startup Cost": 0.29, "Total Cost": 6.06, "Plan Rows": 1, "Plan Width": 4, "Actual Rows": 0, "Actual Loops": 569, "Index Cond": "(id = p.owneruserid)", "Rows Removed by Index Recheck": 0, "Filter": "((reputation <= 36895) AND (creationdate >= '2011-12-25 23:29:11'::timestamp without time zone) AND (creationdate <= '2012-12-02 11:48:13'::timestamp without time zone))", "Rows Removed by Filter": 1}]}, {"Node Type": "Index Scan", "Parent Relationship": "Inner", "Parallel Aware": false, "Async Capable": false, "Scan Direction": "Forward", "Index Name": "idx_badges_userid", "Relation Name": "badges", "Alias": "b", "Startup Cost": 0.29, "Total Cost": 0.69, "Plan Rows": 1, "Plan Width": 4, "Actual Rows": 2, "Actual Loops": 99, "Index Cond": "(userid = u.id)", "Rows Removed by Index Recheck": 0, "Filter": "((date >= '2014-04-24 05:47:53'::timestamp without time zone) AND (date <= '2014-08-01 09:07:48'::timestamp without time zone))", "Rows Removed by Filter": 17}]}, {"Node Type": "Index Scan", "Parent Relationship": "Inner", "Parallel Aware": false, "Async Capable": false, "Scan Direction": "Forward", "Index Name": "idx_posthistory_userid", "Relation Name": "posthistory", "Alias": "ph", "Startup Cost": 0.42, "Total Cost": 1.77, "Plan Rows": 1, "Plan Width": 4, "Actual Rows": 0, "Actual Loops": 152, "Index Cond": "(userid = b.userid)", "Rows Removed by Index Recheck": 0, "Filter": "((creationdate >= '2012-10-17 17:28:50'::timestamp without time zone) AND (creationdate <= '2013-07-19 05:20:21'::timestamp without time zone) AND (posthistorytypeid = 13))", "Rows Removed by Filter": 221}]}]}, "Planning Time": 1.927, "Triggers": [], "Execution Time": 20.175}