{"Plan": {"Node Type": "Aggregate", "Strategy": "Plain", "Partial Mode": "Simple", "Parallel Aware": false, "Async Capable": false, "Startup Cost": 2517.27, "Total Cost": 2517.28, "Plan Rows": 1, "Plan Width": 8, "Actual Rows": 1, "Actual Loops": 1, "Plans": [{"Node Type": "Nested Loop", "Parent Relationship": "Outer", "Parallel Aware": false, "Async Capable": false, "Join Type": "Inner", "Startup Cost": 1.55, "Total Cost": 2517.26, "Plan Rows": 3, "Plan Width": 0, "Actual Rows": 13585, "Actual Loops": 1, "Inner Unique": false, "Join Filter": "(c.postid = p.id)", "Rows Removed by Join Filter": 0, "Plans": [{"Node Type": "Nested Loop", "Parent Relationship": "Outer", "Parallel Aware": false, "Async Capable": false, "Join Type": "Inner", "Startup Cost": 1.13, "Total Cost": 2516.72, "Plan Rows": 1, "Plan Width": 16, "Actual Rows": 715, "Actual Loops": 1, "Inner Unique": false, "Join Filter": "(p.id = v.postid)", "Rows Removed by Join Filter": 0, "Plans": [{"Node Type": "Nested Loop", "Parent Relationship": "Outer", "Parallel Aware": false, "Async Capable": false, "Join Type": "Inner", "Startup Cost": 0.71, "Total Cost": 2515.01, "Plan Rows": 3, "Plan Width": 12, "Actual Rows": 11, "Actual Loops": 1, "Inner Unique": false, "Join Filter": "(p.id = pl.postid)", "Rows Removed by Join Filter": 0, "Plans": [{"Node Type": "Nested Loop", "Parent Relationship": "Outer", "Parallel Aware": false, "Async Capable": false, "Join Type": "Inner", "Startup Cost": 0.42, "Total Cost": 2503.44, "Plan Rows": 36, "Plan Width": 8, "Actual Rows": 11, "Actual Loops": 1, "Inner Unique": false, "Plans": [{"Node Type": "Seq Scan", "Parent Relationship": "Outer", "Parallel Aware": false, "Async Capable": false, "Relation Name": "posts", "Alias": "p", "Startup Cost": 0.0, "Total Cost": 2449.58, "Plan Rows": 11, "Plan Width": 4, "Actual Rows": 1, "Actual Loops": 1, "Filter": "((favoritecount >= 61) AND (creationdate >= '2013-03-02 04:00:26'::timestamp without time zone) AND (creationdate <= '2014-05-11 23:37:40'::timestamp without time zone))", "Rows Removed by Filter": 91975}, {"Node Type": "Index Only Scan", "Parent Relationship": "Inner", "Parallel Aware": false, "Async Capable": false, "Scan Direction": "Forward", "Index Name": "idx_posthistory_postid", "Relation Name": "posthistory", "Alias": "ph", "Startup Cost": 0.42, "Total Cost": 4.86, "Plan Rows": 4, "Plan Width": 4, "Actual Rows": 11, "Actual Loops": 1, "Index Cond": "(postid = p.id)", "Rows Removed by Index Recheck": 0, "Heap Fetches": 0}]}, {"Node Type": "Index Scan", "Parent Relationship": "Inner", "Parallel Aware": false, "Async Capable": false, "Scan Direction": "Forward", "Index Name": "idx_postlinks_postid", "Relation Name": "postlinks", "Alias": "pl", "Startup Cost": 0.29, "Total Cost": 0.31, "Plan Rows": 1, "Plan Width": 4, "Actual Rows": 1, "Actual Loops": 11, "Index Cond": "(postid = ph.postid)", "Rows Removed by Index Recheck": 0, "Filter": "((creationdate >= '2010-12-23 12:09:28'::timestamp without time zone) AND (linktypeid = 1))", "Rows Removed by Filter": 0}]}, {"Node Type": "Index Scan", "Parent Relationship": "Inner", "Parallel Aware": false, "Async Capable": false, "Scan Direction": "Forward", "Index Name": "idx_votes_postid", "Relation Name": "votes", "Alias": "v", "Startup Cost": 0.42, "Total Cost": 0.56, "Plan Rows": 1, "Plan Width": 4, "Actual Rows": 65, "Actual Loops": 11, "Index Cond": "(postid = ph.postid)", "Rows Removed by Index Recheck": 0, "Filter": "(votetypeid = 5)", "Rows Removed by Filter": 105}]}, {"Node Type": "Index Scan", "Parent Relationship": "Inner", "Parallel Aware": false, "Async Capable": false, "Scan Direction": "Forward", "Index Name": "idx_comments_postid", "Relation Name": "comments", "Alias": "c", "Startup Cost": 0.42, "Total Cost": 0.5, "Plan Rows": 3, "Plan Width": 4, "Actual Rows": 19, "Actual Loops": 715, "Index Cond": "(postid = ph.postid)", "Rows Removed by Index Recheck": 0, "Filter": "(score = 0)", "Rows Removed by Filter": 16}]}]}, "Planning Time": 6.117, "Triggers": [], "Execution Time": 16.561}