{"Plan": {"Node Type": "Aggregate", "Strategy": "Plain", "Partial Mode": "Simple", "Parallel Aware": false, "Async Capable": false, "Startup Cost": 2495.15, "Total Cost": 2495.16, "Plan Rows": 1, "Plan Width": 8, "Actual Rows": 1, "Actual Loops": 1, "Plans": [{"Node Type": "Nested Loop", "Parent Relationship": "Outer", "Parallel Aware": false, "Async Capable": false, "Join Type": "Inner", "Startup Cost": 1064.97, "Total Cost": 2493.48, "Plan Rows": 668, "Plan Width": 0, "Actual Rows": 16588, "Actual Loops": 1, "Inner Unique": false, "Join Filter": "(ph.userid = v.userid)", "Rows Removed by Join Filter": 0, "Plans": [{"Node Type": "Nested Loop", "Parent Relationship": "Outer", "Parallel Aware": false, "Async Capable": false, "Join Type": "Inner", "Startup Cost": 1064.55, "Total Cost": 2488.36, "Plan Rows": 1, "Plan Width": 16, "Actual Rows": 40, "Actual Loops": 1, "Inner Unique": false, "Join Filter": "(c.userid = v.userid)", "Rows Removed by Join Filter": 0, "Plans": [{"Node Type": "Nested Loop", "Parent Relationship": "Outer", "Parallel Aware": false, "Async Capable": false, "Join Type": "Inner", "Startup Cost": 1064.25, "Total Cost": 2484.89, "Plan Rows": 1, "Plan Width": 12, "Actual Rows": 710, "Actual Loops": 1, "Inner Unique": false, "Plans": [{"Node Type": "Merge Join", "Parent Relationship": "Outer", "Parallel Aware": false, "Async Capable": false, "Join Type": "Inner", "Startup Cost": 1063.96, "Total Cost": 2471.8, "Plan Rows": 4, "Plan Width": 8, "Actual Rows": 98, "Actual Loops": 1, "Inner Unique": true, "Merge Cond": "(v.userid = u.id)", "Plans": [{"Node Type": "Index Scan", "Parent Relationship": "Outer", "Parallel Aware": false, "Async Capable": false, "Scan Direction": "Forward", "Index Name": "idx_votes_userid", "Relation Name": "votes", "Alias": "v", "Startup Cost": 0.42, "Total Cost": 13242.63, "Plan Rows": 1285, "Plan Width": 4, "Actual Rows": 521, "Actual Loops": 1, "Filter": "((bountyamount >= 27) AND (creationdate >= '2011-12-29 13:55:13'::timestamp without time zone))", "Rows Removed by Filter": 19259}, {"Node Type": "Sort", "Parent Relationship": "Inner", "Parallel Aware": false, "Async Capable": false, "Startup Cost": 1063.54, "Total Cost": 1066.51, "Plan Rows": 1191, "Plan Width": 4, "Actual Rows": 1188, "Actual Loops": 1, "Sort Key": ["u.id"], "Sort Method": "quicksort", "Sort Space Used": 49, "Sort Space Type": "Memory", "Plans": [{"Node Type": "Seq Scan", "Parent Relationship": "Outer", "Parallel Aware": false, "Async Capable": false, "Relation Name": "users", "Alias": "u", "Startup Cost": 0.0, "Total Cost": 1002.69, "Plan Rows": 1191, "Plan Width": 4, "Actual Rows": 1188, "Actual Loops": 1, "Filter": "((upvotes <= 4492) AND (creationdate >= '2010-08-29 12:00:21'::timestamp without time zone) AND (creationdate <= '2011-02-08 22:49:59'::timestamp without time zone))", "Rows Removed by Filter": 39137}]}]}, {"Node Type": "Index Scan", "Parent Relationship": "Inner", "Parallel Aware": false, "Async Capable": false, "Scan Direction": "Forward", "Index Name": "idx_posts_owneruserid", "Relation Name": "posts", "Alias": "p", "Startup Cost": 0.29, "Total Cost": 3.26, "Plan Rows": 1, "Plan Width": 4, "Actual Rows": 7, "Actual Loops": 98, "Index Cond": "(owneruserid = v.userid)", "Rows Removed by Index Recheck": 0, "Filter": "((answercount >= 2) AND (answercount <= 59) AND (creationdate >= '2009-04-25 01:50:20'::timestamp without time zone) AND (creationdate <= '2011-11-18 22:41:21'::timestamp without time zone))", "Rows Removed by Filter": 82}]}, {"Node Type": "Index Scan", "Parent Relationship": "Inner", "Parallel Aware": false, "Async Capable": false, "Scan Direction": "Forward", "Index Name": "idx_comments_userid", "Relation Name": "comments", "Alias": "c", "Startup Cost": 0.29, "Total Cost": 3.46, "Plan Rows": 1, "Plan Width": 4, "Actual Rows": 0, "Actual Loops": 710, "Index Cond": "(userid = p.owneruserid)", "Rows Removed by Index Recheck": 0, "Filter": "(score = 7)", "Rows Removed by Filter": 318}]}, {"Node Type": "Index Scan", "Parent Relationship": "Inner", "Parallel Aware": false, "Async Capable": false, "Scan Direction": "Forward", "Index Name": "idx_posthistory_userid", "Relation Name": "posthistory", "Alias": "ph", "Startup Cost": 0.42, "Total Cost": 5.04, "Plan Rows": 6, "Plan Width": 4, "Actual Rows": 415, "Actual Loops": 40, "Index Cond": "(userid = p.owneruserid)", "Rows Removed by Index Recheck": 0, "Filter": "(creationdate <= '2012-12-27 04:13:39'::timestamp without time zone)", "Rows Removed by Filter": 127}]}]}, "Planning Time": 4.906, "Triggers": [], "Execution Time": 65.369}