{"Plan": {"Node Type": "Aggregate", "Strategy": "Plain", "Partial Mode": "Simple", "Parallel Aware": false, "Async Capable": false, "Startup Cost": 2498.6, "Total Cost": 2498.61, "Plan Rows": 1, "Plan Width": 8, "Actual Rows": 1, "Actual Loops": 1, "Plans": [{"Node Type": "Nested Loop", "Parent Relationship": "Outer", "Parallel Aware": false, "Async Capable": false, "Join Type": "Inner", "Startup Cost": 1078.77, "Total Cost": 2497.6, "Plan Rows": 403, "Plan Width": 0, "Actual Rows": 43775, "Actual Loops": 1, "Inner Unique": false, "Join Filter": "(ph.userid = v.userid)", "Rows Removed by Join Filter": 0, "Plans": [{"Node Type": "Nested Loop", "Parent Relationship": "Outer", "Parallel Aware": false, "Async Capable": false, "Join Type": "Inner", "Startup Cost": 1078.34, "Total Cost": 2496.07, "Plan Rows": 1, "Plan Width": 16, "Actual Rows": 25, "Actual Loops": 1, "Inner Unique": false, "Join Filter": "(c.userid = v.userid)", "Rows Removed by Join Filter": 0, "Plans": [{"Node Type": "Nested Loop", "Parent Relationship": "Outer", "Parallel Aware": false, "Async Capable": false, "Join Type": "Inner", "Startup Cost": 1078.05, "Total Cost": 2491.98, "Plan Rows": 4, "Plan Width": 12, "Actual Rows": 606, "Actual Loops": 1, "Inner Unique": false, "Join Filter": "(p.owneruserid = v.userid)", "Rows Removed by Join Filter": 0, "Plans": [{"Node Type": "Merge Join", "Parent Relationship": "Outer", "Parallel Aware": false, "Async Capable": false, "Join Type": "Inner", "Startup Cost": 1077.76, "Total Cost": 2479.78, "Plan Rows": 4, "Plan Width": 8, "Actual Rows": 66, "Actual Loops": 1, "Inner Unique": true, "Merge Cond": "(v.userid = u.id)", "Plans": [{"Node Type": "Index Scan", "Parent Relationship": "Outer", "Parallel Aware": false, "Async Capable": false, "Scan Direction": "Forward", "Index Name": "idx_votes_userid", "Relation Name": "votes", "Alias": "v", "Startup Cost": 0.42, "Total Cost": 13242.63, "Plan Rows": 1035, "Plan Width": 4, "Actual Rows": 600, "Actual Loops": 1, "Filter": "((bountyamount >= 29) AND (creationdate >= '2012-08-17 21:14:10'::timestamp without time zone))", "Rows Removed by Filter": 25827}, {"Node Type": "Sort", "Parent Relationship": "Inner", "Parallel Aware": false, "Async Capable": false, "Startup Cost": 1077.33, "Total Cost": 1080.9, "Plan Rows": 1425, "Plan Width": 4, "Actual Rows": 1425, "Actual Loops": 1, "Sort Key": ["u.id"], "Sort Method": "quicksort", "Sort Space Used": 49, "Sort Space Type": "Memory", "Plans": [{"Node Type": "Seq Scan", "Parent Relationship": "Outer", "Parallel Aware": false, "Async Capable": false, "Relation Name": "users", "Alias": "u", "Startup Cost": 0.0, "Total Cost": 1002.69, "Plan Rows": 1425, "Plan Width": 4, "Actual Rows": 1425, "Actual Loops": 1, "Filter": "((upvotes <= 11263) AND (creationdate >= '2011-10-22 15:09:49'::timestamp without time zone) AND (creationdate <= '2012-01-22 11:14:49'::timestamp without time zone))", "Rows Removed by Filter": 38900}]}]}, {"Node Type": "Index Scan", "Parent Relationship": "Inner", "Parallel Aware": false, "Async Capable": false, "Scan Direction": "Forward", "Index Name": "idx_posts_owneruserid", "Relation Name": "posts", "Alias": "p", "Startup Cost": 0.29, "Total Cost": 3.04, "Plan Rows": 1, "Plan Width": 4, "Actual Rows": 9, "Actual Loops": 66, "Index Cond": "(owneruserid = u.id)", "Rows Removed by Index Recheck": 0, "Filter": "((answercount >= 1) AND (answercount <= 29) AND (creationdate >= '2010-06-15 05:09:06'::timestamp without time zone) AND (creationdate <= '2013-03-11 17:55:31'::timestamp without time zone))", "Rows Removed by Filter": 100}]}, {"Node Type": "Index Scan", "Parent Relationship": "Inner", "Parallel Aware": false, "Async Capable": false, "Scan Direction": "Forward", "Index Name": "idx_comments_userid", "Relation Name": "comments", "Alias": "c", "Startup Cost": 0.29, "Total Cost": 1.01, "Plan Rows": 1, "Plan Width": 4, "Actual Rows": 0, "Actual Loops": 606, "Index Cond": "(userid = p.owneruserid)", "Rows Removed by Index Recheck": 0, "Filter": "(score = 13)", "Rows Removed by Filter": 523}]}, {"Node Type": "Index Scan", "Parent Relationship": "Inner", "Parallel Aware": false, "Async Capable": false, "Scan Direction": "Forward", "Index Name": "idx_posthistory_userid", "Relation Name": "posthistory", "Alias": "ph", "Startup Cost": 0.42, "Total Cost": 1.46, "Plan Rows": 5, "Plan Width": 4, "Actual Rows": 1751, "Actual Loops": 25, "Index Cond": "(userid = p.owneruserid)", "Rows Removed by Index Recheck": 0, "Filter": "(creationdate <= '2012-11-28 11:49:18'::timestamp without time zone)", "Rows Removed by Filter": 5570}]}]}, "Planning Time": 5.45, "Triggers": [], "Execution Time": 132.527}