{"Plan": {"Node Type": "Aggregate", "Strategy": "Plain", "Partial Mode": "Simple", "Parallel Aware": false, "Async Capable": false, "Startup Cost": 3193.96, "Total Cost": 3193.97, "Plan Rows": 1, "Plan Width": 8, "Actual Rows": 1, "Actual Loops": 1, "Plans": [{"Node Type": "Nested Loop", "Parent Relationship": "Outer", "Parallel Aware": false, "Async Capable": false, "Join Type": "Inner", "Startup Cost": 1.72, "Total Cost": 3193.46, "Plan Rows": 198, "Plan Width": 0, "Actual Rows": 2520, "Actual Loops": 1, "Inner Unique": false, "Join Filter": "(ph.userid = v.userid)", "Rows Removed by Join Filter": 0, "Plans": [{"Node Type": "Nested Loop", "Parent Relationship": "Outer", "Parallel Aware": false, "Async Capable": false, "Join Type": "Inner", "Startup Cost": 1.3, "Total Cost": 3191.88, "Plan Rows": 1, "Plan Width": 16, "Actual Rows": 24, "Actual Loops": 1, "Inner Unique": false, "Join Filter": "(c.userid = v.userid)", "Rows Removed by Join Filter": 0, "Plans": [{"Node Type": "Nested Loop", "Parent Relationship": "Outer", "Parallel Aware": false, "Async Capable": false, "Join Type": "Inner", "Startup Cost": 1.0, "Total Cost": 3190.81, "Plan Rows": 1, "Plan Width": 12, "Actual Rows": 65, "Actual Loops": 1, "Inner Unique": false, "Join Filter": "(p.owneruserid = v.userid)", "Rows Removed by Join Filter": 0, "Plans": [{"Node Type": "Merge Join", "Parent Relationship": "Outer", "Parallel Aware": false, "Async Capable": false, "Join Type": "Inner", "Startup Cost": 0.71, "Total Cost": 3189.34, "Plan Rows": 2, "Plan Width": 8, "Actual Rows": 9, "Actual Loops": 1, "Inner Unique": true, "Merge Cond": "(v.userid = u.id)", "Plans": [{"Node Type": "Index Scan", "Parent Relationship": "Outer", "Parallel Aware": false, "Async Capable": false, "Scan Direction": "Forward", "Index Name": "idx_votes_userid", "Relation Name": "votes", "Alias": "v", "Startup Cost": 0.42, "Total Cost": 13242.63, "Plan Rows": 53, "Plan Width": 4, "Actual Rows": 34, "Actual Loops": 1, "Filter": "((bountyamount >= 19) AND (creationdate >= '2014-08-12 16:17:30'::timestamp without time zone))", "Rows Removed by Filter": 33669}, {"Node Type": "Index Scan", "Parent Relationship": "Inner", "Parallel Aware": false, "Async Capable": false, "Scan Direction": "Forward", "Index Name": "users_pkey", "Relation Name": "users", "Alias": "u", "Startup Cost": 0.29, "Total Cost": 1659.6, "Plan Rows": 12063, "Plan Width": 4, "Actual Rows": 12061, "Actual Loops": 1, "Filter": "((upvotes <= 7747) AND (creationdate >= '2010-11-17 13:07:32'::timestamp without time zone) AND (creationdate <= '2012-12-19 02:11:32'::timestamp without time zone))", "Rows Removed by Filter": 28264}]}, {"Node Type": "Index Scan", "Parent Relationship": "Inner", "Parallel Aware": false, "Async Capable": false, "Scan Direction": "Forward", "Index Name": "idx_posts_owneruserid", "Relation Name": "posts", "Alias": "p", "Startup Cost": 0.29, "Total Cost": 0.72, "Plan Rows": 1, "Plan Width": 4, "Actual Rows": 7, "Actual Loops": 9, "Index Cond": "(owneruserid = u.id)", "Rows Removed by Index Recheck": 0, "Filter": "((answercount >= 1) AND (answercount <= 111) AND (creationdate >= '2010-02-07 05:38:31'::timestamp without time zone) AND (creationdate <= '2011-08-15 18:12:07'::timestamp without time zone))", "Rows Removed by Filter": 76}]}, {"Node Type": "Index Scan", "Parent Relationship": "Inner", "Parallel Aware": false, "Async Capable": false, "Scan Direction": "Forward", "Index Name": "idx_comments_userid", "Relation Name": "comments", "Alias": "c", "Startup Cost": 0.29, "Total Cost": 1.06, "Plan Rows": 1, "Plan Width": 4, "Actual Rows": 0, "Actual Loops": 65, "Index Cond": "(userid = u.id)", "Rows Removed by Index Recheck": 0, "Filter": "(score = 7)", "Rows Removed by Filter": 308}]}, {"Node Type": "Index Scan", "Parent Relationship": "Inner", "Parallel Aware": false, "Async Capable": false, "Scan Direction": "Forward", "Index Name": "idx_posthistory_userid", "Relation Name": "posthistory", "Alias": "ph", "Startup Cost": 0.42, "Total Cost": 1.55, "Plan Rows": 2, "Plan Width": 4, "Actual Rows": 105, "Actual Loops": 24, "Index Cond": "(userid = u.id)", "Rows Removed by Index Recheck": 0, "Filter": "(creationdate <= '2011-09-26 15:51:03'::timestamp without time zone)", "Rows Removed by Filter": 1160}]}]}, "Planning Time": 5.301, "Triggers": [], "Execution Time": 46.357}