{"Plan": {"Node Type": "Aggregate", "Strategy": "Plain", "Partial Mode": "Finalize", "Parallel Aware": false, "Async Capable": false, "Startup Cost": 126021.21, "Total Cost": 126021.22, "Plan Rows": 1, "Plan Width": 8, "Actual Rows": 1, "Actual Loops": 1, "Plans": [{"Node Type": "Gather", "Parent Relationship": "Outer", "Parallel Aware": false, "Async Capable": false, "Startup Cost": 126021.1, "Total Cost": 126021.21, "Plan Rows": 1, "Plan Width": 8, "Actual Rows": 2, "Actual Loops": 1, "Workers Planned": 1, "Workers Launched": 1, "Single Copy": false, "Plans": [{"Node Type": "Aggregate", "Strategy": "Plain", "Partial Mode": "Partial", "Parent Relationship": "Outer", "Parallel Aware": false, "Async Capable": false, "Startup Cost": 125021.1, "Total Cost": 125021.11, "Plan Rows": 1, "Plan Width": 8, "Actual Rows": 1, "Actual Loops": 2, "Workers": [], "Plans": [{"Node Type": "Nested Loop", "Parent Relationship": "Outer", "Parallel Aware": false, "Async Capable": false, "Join Type": "Inner", "Startup Cost": 1.73, "Total Cost": 7130.79, "Plan Rows": 47156121, "Plan Width": 0, "Actual Rows": 6105721, "Actual Loops": 2, "Inner Unique": false, "Workers": [], "Plans": [{"Node Type": "Nested Loop", "Parent Relationship": "Outer", "Parallel Aware": false, "Async Capable": false, "Join Type": "Inner", "Startup Cost": 1.43, "Total Cost": 3130.16, "Plan Rows": 14075, "Plan Width": 16, "Actual Rows": 73810, "Actual Loops": 2, "Inner Unique": false, "Join Filter": "(ph.userid = v.userid)", "Rows Removed by Join Filter": 0, "Workers": [], "Plans": [{"Node Type": "Nested Loop", "Parent Relationship": "Outer", "Parallel Aware": false, "Async Capable": false, "Join Type": "Inner", "Startup Cost": 1.0, "Total Cost": 2945.63, "Plan Rows": 175, "Plan Width": 12, "Actual Rows": 3122, "Actual Loops": 2, "Inner Unique": false, "Join Filter": "(p.owneruserid = v.userid)", "Rows Removed by Join Filter": 0, "Workers": [], "Plans": [{"Node Type": "Merge Join", "Parent Relationship": "Outer", "Parallel Aware": false, "Async Capable": false, "Join Type": "Inner", "Startup Cost": 0.71, "Total Cost": 2892.4, "Plan Rows": 106, "Plan Width": 8, "Actual Rows": 336, "Actual Loops": 2, "Inner Unique": true, "Merge Cond": "(v.userid = u.id)", "Workers": [], "Plans": [{"Node Type": "Index Scan", "Parent Relationship": "Outer", "Parallel Aware": true, "Async Capable": false, "Scan Direction": "Forward", "Index Name": "idx_votes_userid", "Relation Name": "votes", "Alias": "v", "Startup Cost": 0.42, "Total Cost": 11698.8, "Plan Rows": 1016, "Plan Width": 4, "Actual Rows": 547, "Actual Loops": 2, "Filter": "((bountyamount >= 0) AND (bountyamount <= 300) AND (creationdate >= '2010-07-26 00:00:00'::timestamp without time zone))", "Rows Removed by Filter": 18611, "Workers": []}, {"Node Type": "Index Scan", "Parent Relationship": "Inner", "Parallel Aware": false, "Async Capable": false, "Scan Direction": "Forward", "Index Name": "users_pkey", "Relation Name": "users", "Alias": "u", "Startup Cost": 0.29, "Total Cost": 1558.79, "Plan Rows": 39938, "Plan Width": 4, "Actual Rows": 38318, "Actual Loops": 2, "Filter": "((views >= 0) AND (views <= 100))", "Rows Removed by Filter": 386, "Workers": []}]}, {"Node Type": "Index Scan", "Parent Relationship": "Inner", "Parallel Aware": false, "Async Capable": false, "Scan Direction": "Forward", "Index Name": "idx_posts_owneruserid", "Relation Name": "posts", "Alias": "p", "Startup Cost": 0.29, "Total Cost": 0.49, "Plan Rows": 1, "Plan Width": 4, "Actual Rows": 9, "Actual Loops": 673, "Index Cond": "(owneruserid = u.id)", "Rows Removed by Index Recheck": 0, "Filter": "((viewcount >= 0) AND (answercount >= 0) AND (answercount <= 3))", "Rows Removed by Filter": 10, "Workers": []}]}, {"Node Type": "Index Scan", "Parent Relationship": "Inner", "Parallel Aware": false, "Async Capable": false, "Scan Direction": "Forward", "Index Name": "idx_posthistory_userid", "Relation Name": "posthistory", "Alias": "ph", "Startup Cost": 0.42, "Total Cost": 1.03, "Plan Rows": 2, "Plan Width": 4, "Actual Rows": 24, "Actual Loops": 6244, "Index Cond": "(userid = u.id)", "Rows Removed by Index Recheck": 0, "Filter": "((creationdate >= '2010-11-05 01:25:39'::timestamp without time zone) AND (creationdate <= '2014-09-09 07:14:12'::timestamp without time zone) AND (posthistorytypeid = 1))", "Rows Removed by Filter": 87, "Workers": []}]}, {"Node Type": "Memoize", "Parent Relationship": "Inner", "Parallel Aware": false, "Async Capable": false, "Startup Cost": 0.3, "Total Cost": 1.1, "Plan Rows": 13, "Plan Width": 4, "Actual Rows": 83, "Actual Loops": 147619, "Cache Key": "v.userid", "Cache Mode": "logical", "Cache Hits": 88266, "Cache Misses": 300, "Cache Evictions": 0, "Cache Overflows": 0, "Peak Memory Usage": 220, "Workers": [{"Worker Number": 0, "Cache Hits": 58866, "Cache Misses": 187, "Cache Evictions": 0, "Cache Overflows": 0, "Peak Memory Usage": 148}], "Plans": [{"Node Type": "Index Only Scan", "Parent Relationship": "Outer", "Parallel Aware": false, "Async Capable": false, "Scan Direction": "Forward", "Index Name": "idx_comments_userid", "Relation Name": "comments", "Alias": "c", "Startup Cost": 0.29, "Total Cost": 1.09, "Plan Rows": 13, "Plan Width": 4, "Actual Rows": 20, "Actual Loops": 487, "Index Cond": "(userid = v.userid)", "Rows Removed by Index Recheck": 0, "Heap Fetches": 0, "Workers": []}]}]}]}]}]}, "Planning Time": 10.736, "Triggers": [], "Execution Time": 431.606}