{"Plan": {"Node Type": "Aggregate", "Strategy": "Plain", "Partial Mode": "Simple", "Parallel Aware": false, "Async Capable": false, "Startup Cost": 1244.86, "Total Cost": 1244.87, "Plan Rows": 1, "Plan Width": 8, "Actual Rows": 1, "Actual Loops": 1, "Plans": [{"Node Type": "Nested Loop", "Parent Relationship": "Outer", "Parallel Aware": false, "Async Capable": false, "Join Type": "Inner", "Startup Cost": 1.43, "Total Cost": 1217.93, "Plan Rows": 10769, "Plan Width": 0, "Actual Rows": 7598294640, "Actual Loops": 1, "Inner Unique": false, "Join Filter": "(ph.userid = u.id)", "Rows Removed by Join Filter": 0, "Plans": [{"Node Type": "Nested Loop", "Parent Relationship": "Outer", "Parallel Aware": false, "Async Capable": false, "Join Type": "Inner", "Startup Cost": 1.01, "Total Cost": 1216.23, "Plan Rows": 2, "Plan Width": 16, "Actual Rows": 1265328, "Actual Loops": 1, "Inner Unique": false, "Join Filter": "(b.userid = u.id)", "Rows Removed by Join Filter": 0, "Plans": [{"Node Type": "Nested Loop", "Parent Relationship": "Outer", "Parallel Aware": false, "Async Capable": false, "Join Type": "Inner", "Startup Cost": 0.72, "Total Cost": 1215.83, "Plan Rows": 1, "Plan Width": 12, "Actual Rows": 7272, "Actual Loops": 1, "Inner Unique": false, "Join Filter": "(v.userid = u.id)", "Rows Removed by Join Filter": 0, "Plans": [{"Node Type": "Nested Loop", "Parent Relationship": "Outer", "Parallel Aware": false, "Async Capable": false, "Join Type": "Inner", "Startup Cost": 0.29, "Total Cost": 1212.97, "Plan Rows": 4, "Plan Width": 8, "Actual Rows": 2424, "Actual Loops": 1, "Inner Unique": false, "Plans": [{"Node Type": "Seq Scan", "Parent Relationship": "Outer", "Parallel Aware": false, "Async Capable": false, "Relation Name": "users", "Alias": "u", "Startup Cost": 0.0, "Total Cost": 1204.31, "Plan Rows": 1, "Plan Width": 4, "Actual Rows": 1, "Actual Loops": 1, "Filter": "((downvotes >= 111) AND (downvotes <= 1844) AND (upvotes >= 9523) AND (upvotes <= 11157) AND (creationdate <= '2013-07-18 04:41:30'::timestamp without time zone))", "Rows Removed by Filter": 40324}, {"Node Type": "Index Only Scan", "Parent Relationship": "Inner", "Parallel Aware": false, "Async Capable": false, "Scan Direction": "Forward", "Index Name": "idx_comments_userid", "Relation Name": "comments", "Alias": "c", "Startup Cost": 0.29, "Total Cost": 8.52, "Plan Rows": 13, "Plan Width": 4, "Actual Rows": 2424, "Actual Loops": 1, "Index Cond": "(userid = u.id)", "Rows Removed by Index Recheck": 0, "Heap Fetches": 0}]}, {"Node Type": "Index Scan", "Parent Relationship": "Inner", "Parallel Aware": false, "Async Capable": false, "Scan Direction": "Forward", "Index Name": "idx_votes_userid", "Relation Name": "votes", "Alias": "v", "Startup Cost": 0.42, "Total Cost": 0.7, "Plan Rows": 1, "Plan Width": 4, "Actual Rows": 3, "Actual Loops": 2424, "Index Cond": "(userid = c.userid)", "Rows Removed by Index Recheck": 0, "Filter": "((bountyamount >= 74) AND (creationdate >= '2012-02-24 19:02:06'::timestamp without time zone) AND (creationdate <= '2014-05-21 00:39:42'::timestamp without time zone))", "Rows Removed by Filter": 454}]}, {"Node Type": "Index Scan", "Parent Relationship": "Inner", "Parallel Aware": false, "Async Capable": false, "Scan Direction": "Forward", "Index Name": "idx_badges_userid", "Relation Name": "badges", "Alias": "b", "Startup Cost": 0.29, "Total Cost": 0.37, "Plan Rows": 3, "Plan Width": 4, "Actual Rows": 174, "Actual Loops": 7272, "Index Cond": "(userid = c.userid)", "Rows Removed by Index Recheck": 0, "Filter": "(date >= '2011-12-13 18:34:09'::timestamp without time zone)", "Rows Removed by Filter": 108}]}, {"Node Type": "Index Only Scan", "Parent Relationship": "Inner", "Parallel Aware": false, "Async Capable": false, "Scan Direction": "Forward", "Index Name": "idx_posthistory_userid", "Relation Name": "posthistory", "Alias": "ph", "Startup Cost": 0.42, "Total Cost": 0.68, "Plan Rows": 14, "Plan Width": 4, "Actual Rows": 6005, "Actual Loops": 1265328, "Index Cond": "(userid = c.userid)", "Rows Removed by Index Recheck": 0, "Heap Fetches": 0}]}]}, "Planning Time": 5.558, "Triggers": [], "Execution Time": 615906.979}