{"Plan": {"Node Type": "Aggregate", "Strategy": "Plain", "Partial Mode": "Simple", "Parallel Aware": false, "Async Capable": false, "Startup Cost": 2494.02, "Total Cost": 2494.03, "Plan Rows": 1, "Plan Width": 8, "Actual Rows": 1, "Actual Loops": 1, "Plans": [{"Node Type": "Nested Loop", "Parent Relationship": "Outer", "Parallel Aware": false, "Async Capable": false, "Join Type": "Inner", "Startup Cost": 1.3, "Total Cost": 2494.02, "Plan Rows": 2, "Plan Width": 0, "Actual Rows": 76, "Actual Loops": 1, "Inner Unique": false, "Plans": [{"Node Type": "Nested Loop", "Parent Relationship": "Outer", "Parallel Aware": false, "Async Capable": false, "Join Type": "Inner", "Startup Cost": 1.01, "Total Cost": 2493.63, "Plan Rows": 1, "Plan Width": 8, "Actual Rows": 4, "Actual Loops": 1, "Inner Unique": true, "Plans": [{"Node Type": "Nested Loop", "Parent Relationship": "Outer", "Parallel Aware": false, "Async Capable": false, "Join Type": "Inner", "Startup Cost": 0.72, "Total Cost": 2489.32, "Plan Rows": 1, "Plan Width": 4, "Actual Rows": 4, "Actual Loops": 1, "Inner Unique": false, "Join Filter": "(c.postid = p.id)", "Rows Removed by Join Filter": 0, "Plans": [{"Node Type": "Nested Loop", "Parent Relationship": "Outer", "Parallel Aware": false, "Async Capable": false, "Join Type": "Inner", "Startup Cost": 0.3, "Total Cost": 2482.55, "Plan Rows": 1, "Plan Width": 12, "Actual Rows": 1, "Actual Loops": 1, "Inner Unique": true, "Plans": [{"Node Type": "Seq Scan", "Parent Relationship": "Outer", "Parallel Aware": false, "Async Capable": false, "Relation Name": "postlinks", "Alias": "pl", "Startup Cost": 0.0, "Total Cost": 276.29, "Plan Rows": 379, "Plan Width": 4, "Actual Rows": 440, "Actual Loops": 1, "Filter": "((creationdate >= '2012-04-05 20:51:20'::timestamp without time zone) AND (creationdate <= '2013-10-14 20:10:14'::timestamp without time zone) AND (linktypeid = 3))", "Rows Removed by Filter": 10662}, {"Node Type": "Memoize", "Parent Relationship": "Inner", "Parallel Aware": false, "Async Capable": false, "Startup Cost": 0.3, "Total Cost": 5.92, "Plan Rows": 1, "Plan Width": 8, "Actual Rows": 0, "Actual Loops": 440, "Cache Key": "pl.relatedpostid", "Cache Mode": "logical", "Cache Hits": 78, "Cache Misses": 362, "Cache Evictions": 0, "Cache Overflows": 0, "Peak Memory Usage": 25, "Plans": [{"Node Type": "Index Scan", "Parent Relationship": "Outer", "Parallel Aware": false, "Async Capable": false, "Scan Direction": "Forward", "Index Name": "posts_pkey", "Relation Name": "posts", "Alias": "p", "Startup Cost": 0.29, "Total Cost": 5.91, "Plan Rows": 1, "Plan Width": 8, "Actual Rows": 0, "Actual Loops": 362, "Index Cond": "(id = pl.relatedpostid)", "Rows Removed by Index Recheck": 0, "Filter": "((score >= 115) AND (score <= 131) AND (answercount >= 18) AND (answercount <= 97) AND (commentcount >= 11) AND (commentcount <= 34) AND (favoritecount <= 212) AND (creationdate >= '2010-01-27 23:23:39'::timestamp without time zone) AND (creationdate <= '2011-11-29 06:21:03'::timestamp without time zone))", "Rows Removed by Filter": 1}]}]}, {"Node Type": "Index Scan", "Parent Relationship": "Inner", "Parallel Aware": false, "Async Capable": false, "Scan Direction": "Forward", "Index Name": "idx_comments_postid", "Relation Name": "comments", "Alias": "c", "Startup Cost": 0.42, "Total Cost": 6.77, "Plan Rows": 1, "Plan Width": 4, "Actual Rows": 4, "Actual Loops": 1, "Index Cond": "(postid = pl.relatedpostid)", "Rows Removed by Index Recheck": 0, "Filter": "(creationdate <= '2010-11-11 07:39:27'::timestamp without time zone)", "Rows Removed by Filter": 7}]}, {"Node Type": "Index Only Scan", "Parent Relationship": "Inner", "Parallel Aware": false, "Async Capable": false, "Scan Direction": "Forward", "Index Name": "users_pkey", "Relation Name": "users", "Alias": "u", "Startup Cost": 0.29, "Total Cost": 4.31, "Plan Rows": 1, "Plan Width": 4, "Actual Rows": 1, "Actual Loops": 4, "Index Cond": "(id = p.owneruserid)", "Rows Removed by Index Recheck": 0, "Heap Fetches": 0}]}, {"Node Type": "Index Only Scan", "Parent Relationship": "Inner", "Parallel Aware": false, "Async Capable": false, "Scan Direction": "Forward", "Index Name": "idx_badges_userid", "Relation Name": "badges", "Alias": "b", "Startup Cost": 0.29, "Total Cost": 0.36, "Plan Rows": 3, "Plan Width": 4, "Actual Rows": 19, "Actual Loops": 4, "Index Cond": "(userid = u.id)", "Rows Removed by Index Recheck": 0, "Heap Fetches": 0}]}]}, "Planning Time": 1.579, "Triggers": [], "Execution Time": 1.367}