{"Plan": {"Node Type": "Aggregate", "Strategy": "Plain", "Partial Mode": "Simple", "Parallel Aware": false, "Async Capable": false, "Startup Cost": 2700.79, "Total Cost": 2700.8, "Plan Rows": 1, "Plan Width": 8, "Actual Rows": 1, "Actual Loops": 1, "Plans": [{"Node Type": "Nested Loop", "Parent Relationship": "Outer", "Parallel Aware": false, "Async Capable": false, "Join Type": "Inner", "Startup Cost": 2.13, "Total Cost": 2700.57, "Plan Rows": 89, "Plan Width": 0, "Actual Rows": 4320, "Actual Loops": 1, "Inner Unique": false, "Plans": [{"Node Type": "Nested Loop", "Parent Relationship": "Outer", "Parallel Aware": false, "Async Capable": false, "Join Type": "Inner", "Startup Cost": 1.84, "Total Cost": 2700.18, "Plan Rows": 1, "Plan Width": 8, "Actual Rows": 80, "Actual Loops": 1, "Inner Unique": true, "Plans": [{"Node Type": "Nested Loop", "Parent Relationship": "Outer", "Parallel Aware": false, "Async Capable": false, "Join Type": "Inner", "Startup Cost": 1.55, "Total Cost": 2699.86, "Plan Rows": 1, "Plan Width": 4, "Actual Rows": 80, "Actual Loops": 1, "Inner Unique": false, "Join Filter": "(p.id = pl.relatedpostid)", "Rows Removed by Join Filter": 0, "Plans": [{"Node Type": "Nested Loop", "Parent Relationship": "Outer", "Parallel Aware": false, "Async Capable": false, "Join Type": "Inner", "Startup Cost": 1.27, "Total Cost": 2699.51, "Plan Rows": 1, "Plan Width": 20, "Actual Rows": 16, "Actual Loops": 1, "Inner Unique": false, "Join Filter": "(p.id = ph.postid)", "Rows Removed by Join Filter": 0, "Plans": [{"Node Type": "Nested Loop", "Parent Relationship": "Outer", "Parallel Aware": false, "Async Capable": false, "Join Type": "Inner", "Startup Cost": 0.84, "Total Cost": 2698.53, "Plan Rows": 1, "Plan Width": 16, "Actual Rows": 1, "Actual Loops": 1, "Inner Unique": false, "Join Filter": "(p.id = v.postid)", "Rows Removed by Join Filter": 0, "Plans": [{"Node Type": "Nested Loop", "Parent Relationship": "Outer", "Parallel Aware": false, "Async Capable": false, "Join Type": "Inner", "Startup Cost": 0.42, "Total Cost": 2697.56, "Plan Rows": 1, "Plan Width": 12, "Actual Rows": 1, "Actual Loops": 1, "Inner Unique": false, "Plans": [{"Node Type": "Seq Scan", "Parent Relationship": "Outer", "Parallel Aware": false, "Async Capable": false, "Relation Name": "posts", "Alias": "p", "Startup Cost": 0.0, "Total Cost": 2679.52, "Plan Rows": 2, "Plan Width": 4, "Actual Rows": 3, "Actual Loops": 1, "Filter": "((answercount >= 46) AND (commentcount >= 0) AND (commentcount <= 23) AND (posttypeid = 1))", "Rows Removed by Filter": 91973}, {"Node Type": "Index Scan", "Parent Relationship": "Inner", "Parallel Aware": false, "Async Capable": false, "Scan Direction": "Forward", "Index Name": "idx_comments_postid", "Relation Name": "comments", "Alias": "c", "Startup Cost": 0.42, "Total Cost": 9.01, "Plan Rows": 1, "Plan Width": 8, "Actual Rows": 0, "Actual Loops": 3, "Index Cond": "(postid = p.id)", "Rows Removed by Index Recheck": 0, "Filter": "((creationdate >= '2009-10-16 16:09:03'::timestamp without time zone) AND (score = 1))", "Rows Removed by Filter": 3}]}, {"Node Type": "Index Scan", "Parent Relationship": "Inner", "Parallel Aware": false, "Async Capable": false, "Scan Direction": "Forward", "Index Name": "idx_votes_postid", "Relation Name": "votes", "Alias": "v", "Startup Cost": 0.42, "Total Cost": 0.96, "Plan Rows": 1, "Plan Width": 4, "Actual Rows": 1, "Actual Loops": 1, "Index Cond": "(postid = c.postid)", "Rows Removed by Index Recheck": 0, "Filter": "((creationdate >= '2014-04-06 02:51:58'::timestamp without time zone) AND (creationdate <= '2014-04-12 17:48:50'::timestamp without time zone))", "Rows Removed by Filter": 253}]}, {"Node Type": "Index Scan", "Parent Relationship": "Inner", "Parallel Aware": false, "Async Capable": false, "Scan Direction": "Forward", "Index Name": "idx_posthistory_postid", "Relation Name": "posthistory", "Alias": "ph", "Startup Cost": 0.42, "Total Cost": 0.94, "Plan Rows": 3, "Plan Width": 4, "Actual Rows": 16, "Actual Loops": 1, "Index Cond": "(postid = c.postid)", "Rows Removed by Index Recheck": 0, "Filter": "(creationdate <= '2014-05-03 16:08:08'::timestamp without time zone)", "Rows Removed by Filter": 0}]}, {"Node Type": "Index Scan", "Parent Relationship": "Inner", "Parallel Aware": false, "Async Capable": false, "Scan Direction": "Forward", "Index Name": "idx_postlinks_relatedpostid", "Relation Name": "postlinks", "Alias": "pl", "Startup Cost": 0.29, "Total Cost": 0.33, "Plan Rows": 1, "Plan Width": 4, "Actual Rows": 5, "Actual Loops": 16, "Index Cond": "(relatedpostid = ph.postid)", "Rows Removed by Index Recheck": 0, "Filter": "((creationdate >= '2013-11-16 19:45:38'::timestamp without time zone) AND (creationdate <= '2014-08-21 08:38:34'::timestamp without time zone))", "Rows Removed by Filter": 21}]}, {"Node Type": "Index Only Scan", "Parent Relationship": "Inner", "Parallel Aware": false, "Async Capable": false, "Scan Direction": "Forward", "Index Name": "users_pkey", "Relation Name": "users", "Alias": "u", "Startup Cost": 0.29, "Total Cost": 0.33, "Plan Rows": 1, "Plan Width": 4, "Actual Rows": 1, "Actual Loops": 80, "Index Cond": "(id = c.userid)", "Rows Removed by Index Recheck": 0, "Heap Fetches": 0}]}, {"Node Type": "Index Only Scan", "Parent Relationship": "Inner", "Parallel Aware": false, "Async Capable": false, "Scan Direction": "Forward", "Index Name": "idx_badges_userid", "Relation Name": "badges", "Alias": "b", "Startup Cost": 0.29, "Total Cost": 0.36, "Plan Rows": 3, "Plan Width": 4, "Actual Rows": 54, "Actual Loops": 80, "Index Cond": "(userid = u.id)", "Rows Removed by Index Recheck": 0, "Heap Fetches": 0}]}]}, "Planning Time": 8.199, "Triggers": [], "Execution Time": 8.593}