{"Plan": {"Node Type": "Aggregate", "Strategy": "Plain", "Partial Mode": "Simple", "Parallel Aware": false, "Async Capable": false, "Startup Cost": 2475.21, "Total Cost": 2475.22, "Plan Rows": 1, "Plan Width": 8, "Actual Rows": 1, "Actual Loops": 1, "Plans": [{"Node Type": "Nested Loop", "Parent Relationship": "Outer", "Parallel Aware": false, "Async Capable": false, "Join Type": "Inner", "Startup Cost": 2.13, "Total Cost": 2475.19, "Plan Rows": 9, "Plan Width": 0, "Actual Rows": 2517, "Actual Loops": 1, "Inner Unique": false, "Plans": [{"Node Type": "Nested Loop", "Parent Relationship": "Outer", "Parallel Aware": false, "Async Capable": false, "Join Type": "Inner", "Startup Cost": 1.84, "Total Cost": 2474.77, "Plan Rows": 1, "Plan Width": 8, "Actual Rows": 657, "Actual Loops": 1, "Inner Unique": true, "Plans": [{"Node Type": "Nested Loop", "Parent Relationship": "Outer", "Parallel Aware": false, "Async Capable": false, "Join Type": "Inner", "Startup Cost": 1.55, "Total Cost": 2474.42, "Plan Rows": 1, "Plan Width": 4, "Actual Rows": 657, "Actual Loops": 1, "Inner Unique": false, "Join Filter": "(c.postid = p.id)", "Rows Removed by Join Filter": 0, "Plans": [{"Node Type": "Nested Loop", "Parent Relationship": "Outer", "Parallel Aware": false, "Async Capable": false, "Join Type": "Inner", "Startup Cost": 1.13, "Total Cost": 2473.9, "Plan Rows": 1, "Plan Width": 16, "Actual Rows": 1617, "Actual Loops": 1, "Inner Unique": false, "Join Filter": "(p.id = v.postid)", "Rows Removed by Join Filter": 0, "Plans": [{"Node Type": "Nested Loop", "Parent Relationship": "Outer", "Parallel Aware": false, "Async Capable": false, "Join Type": "Inner", "Startup Cost": 0.71, "Total Cost": 2464.58, "Plan Rows": 16, "Plan Width": 12, "Actual Rows": 8502, "Actual Loops": 1, "Inner Unique": false, "Join Filter": "(p.id = pl.relatedpostid)", "Rows Removed by Join Filter": 0, "Plans": [{"Node Type": "Nested Loop", "Parent Relationship": "Outer", "Parallel Aware": false, "Async Capable": false, "Join Type": "Inner", "Startup Cost": 0.42, "Total Cost": 2414.68, "Plan Rows": 142, "Plan Width": 8, "Actual Rows": 692, "Actual Loops": 1, "Inner Unique": false, "Plans": [{"Node Type": "Seq Scan", "Parent Relationship": "Outer", "Parallel Aware": false, "Async Capable": false, "Relation Name": "posts", "Alias": "p", "Startup Cost": 0.0, "Total Cost": 2219.64, "Plan Rows": 43, "Plan Width": 4, "Actual Rows": 91, "Actual Loops": 1, "Filter": "((answercount <= 102) AND (favoritecount >= 28))", "Rows Removed by Filter": 91885}, {"Node Type": "Index Only Scan", "Parent Relationship": "Inner", "Parallel Aware": false, "Async Capable": false, "Scan Direction": "Forward", "Index Name": "idx_posthistory_postid", "Relation Name": "posthistory", "Alias": "ph", "Startup Cost": 0.42, "Total Cost": 4.5, "Plan Rows": 4, "Plan Width": 4, "Actual Rows": 8, "Actual Loops": 91, "Index Cond": "(postid = p.id)", "Rows Removed by Index Recheck": 0, "Heap Fetches": 0}]}, {"Node Type": "Index Scan", "Parent Relationship": "Inner", "Parallel Aware": false, "Async Capable": false, "Scan Direction": "Forward", "Index Name": "idx_postlinks_relatedpostid", "Relation Name": "postlinks", "Alias": "pl", "Startup Cost": 0.29, "Total Cost": 0.33, "Plan Rows": 2, "Plan Width": 4, "Actual Rows": 12, "Actual Loops": 692, "Index Cond": "(relatedpostid = ph.postid)", "Rows Removed by Index Recheck": 0, "Filter": "(linktypeid = 1)", "Rows Removed by Filter": 1}]}, {"Node Type": "Index Scan", "Parent Relationship": "Inner", "Parallel Aware": false, "Async Capable": false, "Scan Direction": "Forward", "Index Name": "idx_votes_postid", "Relation Name": "votes", "Alias": "v", "Startup Cost": 0.42, "Total Cost": 0.57, "Plan Rows": 1, "Plan Width": 4, "Actual Rows": 0, "Actual Loops": 8502, "Index Cond": "(postid = ph.postid)", "Rows Removed by Index Recheck": 0, "Filter": "((creationdate <= '2014-04-12 11:05:37'::timestamp without time zone) AND (votetypeid = 8))", "Rows Removed by Filter": 151}]}, {"Node Type": "Index Scan", "Parent Relationship": "Inner", "Parallel Aware": false, "Async Capable": false, "Scan Direction": "Forward", "Index Name": "idx_comments_postid", "Relation Name": "comments", "Alias": "c", "Startup Cost": 0.42, "Total Cost": 0.51, "Plan Rows": 1, "Plan Width": 8, "Actual Rows": 0, "Actual Loops": 1617, "Index Cond": "(postid = ph.postid)", "Rows Removed by Index Recheck": 0, "Filter": "((creationdate >= '2013-06-21 17:11:19'::timestamp without time zone) AND (creationdate <= '2013-08-31 00:45:27'::timestamp without time zone))", "Rows Removed by Filter": 5}]}, {"Node Type": "Index Only Scan", "Parent Relationship": "Inner", "Parallel Aware": false, "Async Capable": false, "Scan Direction": "Forward", "Index Name": "users_pkey", "Relation Name": "users", "Alias": "u", "Startup Cost": 0.29, "Total Cost": 0.35, "Plan Rows": 1, "Plan Width": 4, "Actual Rows": 1, "Actual Loops": 657, "Index Cond": "(id = c.userid)", "Rows Removed by Index Recheck": 0, "Heap Fetches": 0}]}, {"Node Type": "Index Scan", "Parent Relationship": "Inner", "Parallel Aware": false, "Async Capable": false, "Scan Direction": "Forward", "Index Name": "idx_badges_userid", "Relation Name": "badges", "Alias": "b", "Startup Cost": 0.29, "Total Cost": 0.41, "Plan Rows": 1, "Plan Width": 4, "Actual Rows": 4, "Actual Loops": 657, "Index Cond": "(userid = u.id)", "Rows Removed by Index Recheck": 0, "Filter": "(date <= '2011-06-17 16:27:57'::timestamp without time zone)", "Rows Removed by Filter": 72}]}]}, "Planning Time": 10.474, "Triggers": [], "Execution Time": 294.114}