[{"Plan": {"Node Type": "Aggregate", "Strategy": "Plain", "Partial Mode": "Finalize", "Parallel Aware": false, "Async Capable": false, "Startup Cost": 442395.65, "Total Cost": 442395.66, "Plan Rows": 1, "Plan Width": 8, "Actual Rows": 1, "Actual Loops": 1, "Plans": [{"Node Type": "Gather", "Parent Relationship": "Outer", "Parallel Aware": false, "Async Capable": false, "Startup Cost": 442395.23, "Total Cost": 442395.64, "Plan Rows": 4, "Plan Width": 8, "Actual Rows": 5, "Actual Loops": 1, "Workers Planned": 4, "Workers Launched": 4, "Single Copy": false, "Plans": [{"Node Type": "Aggregate", "Strategy": "Plain", "Partial Mode": "Partial", "Parent Relationship": "Outer", "Parallel Aware": false, "Async Capable": false, "Startup Cost": 441395.23, "Total Cost": 441395.24, "Plan Rows": 1, "Plan Width": 8, "Actual Rows": 1, "Actual Loops": 5, "Workers": [], "Plans": [{"Node Type": "Hash Join", "Parent Relationship": "Outer", "Parallel Aware": false, "Async Capable": false, "Join Type": "Inner", "Startup Cost": 5.67, "Total Cost": 441381.19, "Plan Rows": 5617, "Plan Width": 0, "Actual Rows": 4867, "Actual Loops": 5, "Inner Unique": true, "Hash Cond": "(supplier.s_nationkey = n2.n_nationkey)", "Workers": [], "Plans": [{"Node Type": "Nested Loop", "Parent Relationship": "Outer", "Parallel Aware": false, "Async Capable": false, "Join Type": "Inner", "Startup Cost": 4.1, "Total Cost": 441362.38, "Plan Rows": 5617, "Plan Width": 4, "Actual Rows": 4867, "Actual Loops": 5, "Inner Unique": true, "Workers": [], "Plans": [{"Node Type": "Hash Join", "Parent Relationship": "Outer", "Parallel Aware": false, "Async Capable": false, "Join Type": "Inner", "Startup Cost": 3.81, "Total Cost": 439615.81, "Plan Rows": 5631, "Plan Width": 4, "Actual Rows": 4867, "Actual Loops": 5, "Inner Unique": false, "Hash Cond": "(customer.c_nationkey = n1.n_nationkey)", "Workers": [], "Plans": [{"Node Type": "Nested Loop", "Parent Relationship": "Outer", "Parallel Aware": false, "Async Capable": false, "Join Type": "Inner", "Startup Cost": 1.3, "Total Cost": 439451.41, "Plan Rows": 28156, "Plan Width": 8, "Actual Rows": 24246, "Actual Loops": 5, "Inner Unique": true, "Workers": [], "Plans": [{"Node Type": "Nested Loop", "Parent Relationship": "Outer", "Parallel Aware": false, "Async Capable": false, "Join Type": "Inner", "Startup Cost": 0.88, "Total Cost": 425928.73, "Plan Rows": 28156, "Plan Width": 8, "Actual Rows": 24246, "Actual Loops": 5, "Inner Unique": true, "Workers": [], "Plans": [{"Node Type": "Nested Loop", "Parent Relationship": "Outer", "Parallel Aware": false, "Async Capable": false, "Join Type": "Inner", "Startup Cost": 0.44, "Total Cost": 381561.38, "Plan Rows": 92884, "Plan Width": 8, "Actual Rows": 79770, "Actual Loops": 5, "Inner Unique": false, "Workers": [], "Plans": [{"Node Type": "Seq Scan", "Parent Relationship": "Outer", "Parallel Aware": true, "Async Capable": false, "Relation Name": "part", "Alias": "part", "Startup Cost": 0.0, "Total Cost": 47242.0, "Plan Rows": 3097, "Plan Width": 4, "Actual Rows": 2659, "Actual Loops": 5, "Filter": "((p_type)::text = 'PROMO POLISHED COPPER'::text)", "Rows Removed by Filter": 397341, "Workers": []}, {"Node Type": "Index Scan", "Parent Relationship": "Inner", "Parallel Aware": false, "Async Capable": false, "Scan Direction": "Forward", "Index Name": "idx_lineitem_part_supp", "Relation Name": "lineitem", "Alias": "lineitem", "Startup Cost": 0.44, "Total Cost": 107.65, "Plan Rows": 30, "Plan Width": 12, "Actual Rows": 30, "Actual Loops": 13296, "Index Cond": "(l_partkey = part.p_partkey)", "Rows Removed by Index Recheck": 0, "Workers": []}]}, {"Node Type": "Index Scan", "Parent Relationship": "Inner", "Parallel Aware": false, "Async Capable": false, "Scan Direction": "Forward", "Index Name": "orders_pkey", "Relation Name": "orders", "Alias": "orders", "Startup Cost": 0.43, "Total Cost": 0.48, "Plan Rows": 1, "Plan Width": 8, "Actual Rows": 0, "Actual Loops": 398851, "Index Cond": "(o_orderkey = lineitem.l_orderkey)", "Rows Removed by Index Recheck": 0, "Filter": "((o_orderdate >= '1995-01-01'::date) AND (o_orderdate <= '1996-12-31'::date))", "Rows Removed by Filter": 1, "Workers": []}]}, {"Node Type": "Index Scan", "Parent Relationship": "Inner", "Parallel Aware": false, "Async Capable": false, "Scan Direction": "Forward", "Index Name": "customer_pkey", "Relation Name": "customer", "Alias": "customer", "Startup Cost": 0.43, "Total Cost": 0.48, "Plan Rows": 1, "Plan Width": 8, "Actual Rows": 1, "Actual Loops": 121229, "Index Cond": "(c_custkey = orders.o_custkey)", "Rows Removed by Index Recheck": 0, "Workers": []}]}, {"Node Type": "Hash", "Parent Relationship": "Inner", "Parallel Aware": false, "Async Capable": false, "Startup Cost": 2.45, "Total Cost": 2.45, "Plan Rows": 5, "Plan Width": 4, "Actual Rows": 5, "Actual Loops": 5, "Hash Buckets": 1024, "Original Hash Buckets": 1024, "Hash Batches": 1, "Original Hash Batches": 1, "Peak Memory Usage": 9, "Workers": [], "Plans": [{"Node Type": "Hash Join", "Parent Relationship": "Outer", "Parallel Aware": false, "Async Capable": false, "Join Type": "Inner", "Startup Cost": 1.07, "Total Cost": 2.45, "Plan Rows": 5, "Plan Width": 4, "Actual Rows": 5, "Actual Loops": 5, "Inner Unique": true, "Hash Cond": "(n1.n_regionkey = region.r_regionkey)", "Workers": [], "Plans": [{"Node Type": "Seq Scan", "Parent Relationship": "Outer", "Parallel Aware": false, "Async Capable": false, "Relation Name": "nation", "Alias": "n1", "Startup Cost": 0.0, "Total Cost": 1.25, "Plan Rows": 25, "Plan Width": 8, "Actual Rows": 25, "Actual Loops": 5, "Workers": []}, {"Node Type": "Hash", "Parent Relationship": "Inner", "Parallel Aware": false, "Async Capable": false, "Startup Cost": 1.06, "Total Cost": 1.06, "Plan Rows": 1, "Plan Width": 4, "Actual Rows": 1, "Actual Loops": 5, "Hash Buckets": 1024, "Original Hash Buckets": 1024, "Hash Batches": 1, "Original Hash Batches": 1, "Peak Memory Usage": 9, "Workers": [], "Plans": [{"Node Type": "Seq Scan", "Parent Relationship": "Outer", "Parallel Aware": false, "Async Capable": false, "Relation Name": "region", "Alias": "region", "Startup Cost": 0.0, "Total Cost": 1.06, "Plan Rows": 1, "Plan Width": 4, "Actual Rows": 1, "Actual Loops": 5, "Filter": "(r_name = 'ASIA'::bpchar)", "Rows Removed by Filter": 4, "Workers": []}]}]}]}]}, {"Node Type": "Index Scan", "Parent Relationship": "Inner", "Parallel Aware": false, "Async Capable": false, "Scan Direction": "Forward", "Index Name": "supplier_pkey", "Relation Name": "supplier", "Alias": "supplier", "Startup Cost": 0.29, "Total Cost": 0.31, "Plan Rows": 1, "Plan Width": 8, "Actual Rows": 1, "Actual Loops": 24336, "Index Cond": "(s_suppkey = lineitem.l_suppkey)", "Rows Removed by Index Recheck": 0, "Workers": []}]}, {"Node Type": "Hash", "Parent Relationship": "Inner", "Parallel Aware": false, "Async Capable": false, "Startup Cost": 1.25, "Total Cost": 1.25, "Plan Rows": 25, "Plan Width": 4, "Actual Rows": 25, "Actual Loops": 5, "Hash Buckets": 1024, "Original Hash Buckets": 1024, "Hash Batches": 1, "Original Hash Batches": 1, "Peak Memory Usage": 9, "Workers": [], "Plans": [{"Node Type": "Seq Scan", "Parent Relationship": "Outer", "Parallel Aware": false, "Async Capable": false, "Relation Name": "nation", "Alias": "n2", "Startup Cost": 0.0, "Total Cost": 1.25, "Plan Rows": 25, "Plan Width": 4, "Actual Rows": 25, "Actual Loops": 5, "Workers": []}]}]}]}]}]}, "Planning Time": 4.852, "Triggers": [], "Execution Time": 3156.534}, {"Plan": {"Node Type": "Aggregate", "Strategy": "Plain", "Partial Mode": "Simple", "Parallel Aware": false, "Async Capable": false, "Startup Cost": 70003246526.97, "Total Cost": 70003246526.98, "Plan Rows": 1, "Plan Width": 8, "Plans": [{"Node Type": "Hash Join", "Parent Relationship": "Outer", "Parallel Aware": false, "Async Capable": false, "Join Type": "Inner", "Startup Cost": 70003240929.07, "Total Cost": 70003246470.8, "Plan Rows": 22467, "Plan Width": 0, "Inner Unique": true, "Hash Cond": "(supplier.s_nationkey = n2.n_nationkey)", "Plans": [{"Node Type": "Hash Join", "Parent Relationship": "Outer", "Parallel Aware": false, "Async Capable": false, "Join Type": "Inner", "Startup Cost": 60003240916.24, "Total Cost": 60003246389.0, "Plan Rows": 22467, "Plan Width": 4, "Inner Unique": false, "Hash Cond": "(supplier.s_suppkey = lineitem.l_suppkey)", "Plans": [{"Node Type": "Index Scan", "Parent Relationship": "Outer", "Parallel Aware": false, "Async Capable": false, "Scan Direction": "Forward", "Index Name": "supplier_pkey", "Relation Name": "supplier", "Alias": "supplier", "Startup Cost": 10000000000.29, "Total Cost": 10000004873.38, "Plan Rows": 100000, "Plan Width": 8}, {"Node Type": "Hash", "Parent Relationship": "Inner", "Parallel Aware": false, "Async Capable": false, "Startup Cost": 50003240634.39, "Total Cost": 50003240634.39, "Plan Rows": 22525, "Plan Width": 4, "Plans": [{"Node Type": "Hash Join", "Parent Relationship": "Outer", "Parallel Aware": false, "Async Capable": false, "Join Type": "Inner", "Startup Cost": 50003158283.29, "Total Cost": 50003240634.39, "Plan Rows": 22525, "Plan Width": 4, "Inner Unique": false, "Hash Cond": "(customer.c_nationkey = n1.n_nationkey)", "Plans": [{"Node Type": "Hash Join", "Parent Relationship": "Outer", "Parallel Aware": false, "Async Capable": false, "Join Type": "Inner", "Startup Cost": 30003158244.13, "Total Cost": 30003239947.65, "Plan Rows": 112623, "Plan Width": 8, "Inner Unique": false, "Hash Cond": "(customer.c_custkey = orders.o_custkey)", "Plans": [{"Node Type": "Index Scan", "Parent Relationship": "Outer", "Parallel Aware": false, "Async Capable": false, "Scan Direction": "Forward", "Index Name": "customer_pkey", "Relation Name": "customer", "Alias": "customer", "Startup Cost": 10000000000.43, "Total Cost": 10000074952.71, "Plan Rows": 1500000, "Plan Width": 8}, {"Node Type": "Hash", "Parent Relationship": "Inner", "Parallel Aware": false, "Async Capable": false, "Startup Cost": 20003156835.92, "Total Cost": 20003156835.92, "Plan Rows": 112623, "Plan Width": 8, "Plans": [{"Node Type": "Hash Join", "Parent Relationship": "Outer", "Parallel Aware": false, "Async Capable": false, "Join Type": "Inner", "Startup Cost": 20000546563.61, "Total Cost": 20003156835.92, "Plan Rows": 112623, "Plan Width": 8, "Inner Unique": true, "Hash Cond": "(lineitem.l_partkey = part.p_partkey)", "Plans": [{"Node Type": "Hash Join", "Parent Relationship": "Outer", "Parallel Aware": false, "Async Capable": false, "Join Type": "Inner", "Startup Cost": 10000448465.15, "Total Cost": 10003011004.17, "Plan Rows": 18184073, "Plan Width": 12, "Inner Unique": true, "Hash Cond": "(lineitem.l_orderkey = orders.o_orderkey)", "Plans": [{"Node Type": "Index Scan", "Parent Relationship": "Outer", "Parallel Aware": false, "Async Capable": false, "Scan Direction": "Forward", "Index Name": "idx_lineitem_orderkey", "Relation Name": "lineitem", "Alias": "lineitem", "Startup Cost": 10000000000.57, "Total Cost": 10002405069.93, "Plan Rows": 59988424, "Plan Width": 12}, {"Node Type": "Hash", "Parent Relationship": "Inner", "Parallel Aware": false, "Async Capable": false, "Startup Cost": 391628.78, "Total Cost": 391628.78, "Plan Rows": 4546865, "Plan Width": 8, "Plans": [{"Node Type": "Bitmap Heap Scan", "Parent Relationship": "Outer", "Parallel Aware": false, "Async Capable": false, "Relation Name": "orders", "Alias": "orders", "Startup Cost": 62153.8, "Total Cost": 391628.78, "Plan Rows": 4546865, "Plan Width": 8, "Recheck Cond": "((o_orderdate >= '1995-01-01'::date) AND (o_orderdate <= '1996-12-31'::date))", "Plans": [{"Node Type": "Bitmap Index Scan", "Parent Relationship": "Outer", "Parallel Aware": false, "Async Capable": false, "Index Name": "idx_orders_orderdate", "Startup Cost": 0.0, "Total Cost": 61017.08, "Plan Rows": 4546865, "Plan Width": 0, "Index Cond": "((o_orderdate >= '1995-01-01'::date) AND (o_orderdate <= '1996-12-31'::date))"}]}]}]}, {"Node Type": "Hash", "Parent Relationship": "Inner", "Parallel Aware": false, "Async Capable": false, "Startup Cost": 10000097943.62, "Total Cost": 10000097943.62, "Plan Rows": 12387, "Plan Width": 4, "Plans": [{"Node Type": "Index Scan", "Parent Relationship": "Outer", "Parallel Aware": false, "Async Capable": false, "Scan Direction": "Forward", "Index Name": "part_pkey", "Relation Name": "part", "Alias": "part", "Startup Cost": 10000000000.43, "Total Cost": 10000097943.62, "Plan Rows": 12387, "Plan Width": 4, "Filter": "((p_type)::text = 'PROMO POLISHED COPPER'::text)"}]}]}]}]}, {"Node Type": "Hash", "Parent Relationship": "Inner", "Parallel Aware": false, "Async Capable": false, "Startup Cost": 20000000039.09, "Total Cost": 20000000039.09, "Plan Rows": 5, "Plan Width": 4, "Plans": [{"Node Type": "Nested Loop", "Parent Relationship": "Outer", "Parallel Aware": false, "Async Capable": false, "Join Type": "Inner", "Startup Cost": 20000000000.61, "Total Cost": 20000000039.09, "Plan Rows": 5, "Plan Width": 4, "Inner Unique": true, "Plans": [{"Node Type": "Index Scan", "Parent Relationship": "Outer", "Parallel Aware": false, "Async Capable": false, "Scan Direction": "Forward", "Index Name": "nation_pkey", "Relation Name": "nation", "Alias": "n1", "Startup Cost": 10000000000.14, "Total Cost": 10000000012.51, "Plan Rows": 25, "Plan Width": 8}, {"Node Type": "Memoize", "Parent Relationship": "Inner", "Parallel Aware": false, "Async Capable": false, "Startup Cost": 0.47, "Total Cost": 4.49, "Plan Rows": 1, "Plan Width": 4, "Cache Key": "n1.n_regionkey", "Cache Mode": "logical", "Plans": [{"Node Type": "Bitmap Heap Scan", "Parent Relationship": "Outer", "Parallel Aware": false, "Async Capable": false, "Relation Name": "region", "Alias": "region", "Startup Cost": 0.46, "Total Cost": 4.48, "Plan Rows": 1, "Plan Width": 4, "Recheck Cond": "(n1.n_regionkey = r_regionkey)", "Filter": "(r_name = 'ASIA'::bpchar)", "Plans": [{"Node Type": "Bitmap Index Scan", "Parent Relationship": "Outer", "Parallel Aware": false, "Async Capable": false, "Index Name": "region_pkey", "Startup Cost": 0.0, "Total Cost": 0.46, "Plan Rows": 1, "Plan Width": 0, "Index Cond": "(r_regionkey = n1.n_regionkey)"}]}]}]}]}]}]}]}, {"Node Type": "Hash", "Parent Relationship": "Inner", "Parallel Aware": false, "Async Capable": false, "Startup Cost": 10000000012.51, "Total Cost": 10000000012.51, "Plan Rows": 25, "Plan Width": 4, "Plans": [{"Node Type": "Index Only Scan", "Parent Relationship": "Outer", "Parallel Aware": false, "Async Capable": false, "Scan Direction": "Forward", "Index Name": "nation_pkey", "Relation Name": "nation", "Alias": "n2", "Startup Cost": 10000000000.14, "Total Cost": 10000000012.51, "Plan Rows": 25, "Plan Width": 4}]}]}]}}, {"Plan": {"Node Type": "Aggregate", "Strategy": "Plain", "Partial Mode": "Finalize", "Parallel Aware": false, "Async Capable": false, "Startup Cost": 2402386.02, "Total Cost": 2402386.03, "Plan Rows": 1, "Plan Width": 8, "Plans": [{"Node Type": "Gather", "Parent Relationship": "Outer", "Parallel Aware": false, "Async Capable": false, "Startup Cost": 2402385.91, "Total Cost": 2402386.02, "Plan Rows": 1, "Plan Width": 8, "Workers Planned": 1, "Single Copy": false, "Plans": [{"Node Type": "Aggregate", "Strategy": "Plain", "Partial Mode": "Partial", "Parent Relationship": "Outer", "Parallel Aware": false, "Async Capable": false, "Startup Cost": 2401385.91, "Total Cost": 2401385.92, "Plan Rows": 1, "Plan Width": 8, "Plans": [{"Node Type": "Hash Join", "Parent Relationship": "Outer", "Parallel Aware": false, "Async Capable": false, "Join Type": "Inner", "Startup Cost": 2396597.34, "Total Cost": 2401352.87, "Plan Rows": 13216, "Plan Width": 0, "Inner Unique": true, "Hash Cond": "(supplier.s_nationkey = n2.n_nationkey)", "Plans": [{"Node Type": "Hash Join", "Parent Relationship": "Outer", "Parallel Aware": true, "Async Capable": false, "Join Type": "Inner", "Startup Cost": 2396584.52, "Total Cost": 2401299.47, "Plan Rows": 13216, "Plan Width": 4, "Inner Unique": false, "Hash Cond": "(supplier.s_suppkey = lineitem.l_suppkey)", "Plans": [{"Node Type": "Index Scan", "Parent Relationship": "Outer", "Parallel Aware": true, "Async Capable": false, "Scan Direction": "Forward", "Index Name": "supplier_pkey", "Relation Name": "supplier", "Alias": "supplier", "Startup Cost": 0.29, "Total Cost": 4461.61, "Plan Rows": 58824, "Plan Width": 8}, {"Node Type": "Hash", "Parent Relationship": "Inner", "Parallel Aware": true, "Async Capable": false, "Startup Cost": 2396513.84, "Total Cost": 2396513.84, "Plan Rows": 5631, "Plan Width": 4, "Plans": [{"Node Type": "Hash Join", "Parent Relationship": "Outer", "Parallel Aware": false, "Async Capable": false, "Join Type": "Inner", "Startup Cost": 2331196.49, "Total Cost": 2396513.84, "Plan Rows": 5631, "Plan Width": 4, "Inner Unique": false, "Hash Cond": "(customer.c_nationkey = n1.n_nationkey)", "Plans": [{"Node Type": "Hash Join", "Parent Relationship": "Outer", "Parallel Aware": true, "Async Capable": false, "Join Type": "Inner", "Startup Cost": 2331171.56, "Total Cost": 2396327.01, "Plan Rows": 28156, "Plan Width": 8, "Inner Unique": false, "Hash Cond": "(customer.c_custkey = orders.o_custkey)", "Plans": [{"Node Type": "Index Scan", "Parent Relationship": "Outer", "Parallel Aware": true, "Async Capable": false, "Scan Direction": "Forward", "Index Name": "customer_pkey", "Relation Name": "customer", "Alias": "customer", "Startup Cost": 0.43, "Total Cost": 63702.71, "Plan Rows": 375000, "Plan Width": 8}, {"Node Type": "Hash", "Parent Relationship": "Inner", "Parallel Aware": true, "Async Capable": false, "Startup Cost": 2330936.51, "Total Cost": 2330936.51, "Plan Rows": 18770, "Plan Width": 8, "Plans": [{"Node Type": "Hash Join", "Parent Relationship": "Outer", "Parallel Aware": true, "Async Capable": false, "Join Type": "Inner", "Startup Cost": 2055428.73, "Total Cost": 2330936.51, "Plan Rows": 18770, "Plan Width": 8, "Inner Unique": false, "Hash Cond": "(orders.o_orderkey = lineitem.l_orderkey)", "Plans": [{"Node Type": "Bitmap Heap Scan", "Parent Relationship": "Outer", "Parallel Aware": true, "Async Capable": false, "Relation Name": "orders", "Alias": "orders", "Startup Cost": 62153.8, "Total Cost": 334792.96, "Plan Rows": 757811, "Plan Width": 8, "Recheck Cond": "((o_orderdate >= '1995-01-01'::date) AND (o_orderdate <= '1996-12-31'::date))", "Plans": [{"Node Type": "Bitmap Index Scan", "Parent Relationship": "Outer", "Parallel Aware": false, "Async Capable": false, "Index Name": "idx_orders_orderdate", "Startup Cost": 0.0, "Total Cost": 61017.08, "Plan Rows": 4546865, "Plan Width": 0, "Index Cond": "((o_orderdate >= '1995-01-01'::date) AND (o_orderdate <= '1996-12-31'::date))"}]}, {"Node Type": "Hash", "Parent Relationship": "Inner", "Parallel Aware": true, "Async Capable": false, "Startup Cost": 1992611.47, "Total Cost": 1992611.47, "Plan Rows": 53077, "Plan Width": 8, "Plans": [{"Node Type": "Hash Join", "Parent Relationship": "Outer", "Parallel Aware": true, "Async Capable": false, "Join Type": "Inner", "Startup Cost": 79232.9, "Total Cost": 1992611.47, "Plan Rows": 53077, "Plan Width": 8, "Inner Unique": true, "Hash Cond": "(lineitem.l_partkey = part.p_partkey)", "Plans": [{"Node Type": "Index Scan", "Parent Relationship": "Outer", "Parallel Aware": true, "Async Capable": false, "Scan Direction": "Forward", "Index Name": "idx_lineitem_orderkey", "Relation Name": "lineitem", "Alias": "lineitem", "Startup Cost": 0.56, "Total Cost": 1890883.43, "Plan Rows": 8569775, "Plan Width": 12}, {"Node Type": "Hash", "Parent Relationship": "Inner", "Parallel Aware": true, "Async Capable": false, "Startup Cost": 79193.62, "Total Cost": 79193.62, "Plan Rows": 3097, "Plan Width": 4, "Plans": [{"Node Type": "Index Scan", "Parent Relationship": "Outer", "Parallel Aware": true, "Async Capable": false, "Scan Direction": "Forward", "Index Name": "part_pkey", "Relation Name": "part", "Alias": "part", "Startup Cost": 0.43, "Total Cost": 79193.62, "Plan Rows": 3097, "Plan Width": 4, "Filter": "((p_type)::text = 'PROMO POLISHED COPPER'::text)"}]}]}]}]}]}]}, {"Node Type": "Hash", "Parent Relationship": "Inner", "Parallel Aware": false, "Async Capable": false, "Startup Cost": 24.87, "Total Cost": 24.87, "Plan Rows": 5, "Plan Width": 4, "Plans": [{"Node Type": "Hash Join", "Parent Relationship": "Outer", "Parallel Aware": false, "Async Capable": false, "Join Type": "Inner", "Startup Cost": 12.37, "Total Cost": 24.87, "Plan Rows": 5, "Plan Width": 4, "Inner Unique": true, "Hash Cond": "(n1.n_regionkey = region.r_regionkey)", "Plans": [{"Node Type": "Index Scan", "Parent Relationship": "Outer", "Parallel Aware": false, "Async Capable": false, "Scan Direction": "Forward", "Index Name": "idx_nation_regionkey", "Relation Name": "nation", "Alias": "n1", "Startup Cost": 0.14, "Total Cost": 12.51, "Plan Rows": 25, "Plan Width": 8}, {"Node Type": "Hash", "Parent Relationship": "Inner", "Parallel Aware": false, "Async Capable": false, "Startup Cost": 12.22, "Total Cost": 12.22, "Plan Rows": 1, "Plan Width": 4, "Plans": [{"Node Type": "Index Scan", "Parent Relationship": "Outer", "Parallel Aware": false, "Async Capable": false, "Scan Direction": "Forward", "Index Name": "region_pkey", "Relation Name": "region", "Alias": "region", "Startup Cost": 0.13, "Total Cost": 12.22, "Plan Rows": 1, "Plan Width": 4, "Filter": "(r_name = 'ASIA'::bpchar)"}]}]}]}]}]}]}, {"Node Type": "Hash", "Parent Relationship": "Inner", "Parallel Aware": false, "Async Capable": false, "Startup Cost": 12.51, "Total Cost": 12.51, "Plan Rows": 25, "Plan Width": 4, "Plans": [{"Node Type": "Index Only Scan", "Parent Relationship": "Outer", "Parallel Aware": false, "Async Capable": false, "Scan Direction": "Forward", "Index Name": "nation_pkey", "Relation Name": "nation", "Alias": "n2", "Startup Cost": 0.14, "Total Cost": 12.51, "Plan Rows": 25, "Plan Width": 4}]}]}]}]}]}}, {"Plan": {"Node Type": "Aggregate", "Strategy": "Plain", "Partial Mode": "Finalize", "Parallel Aware": false, "Async Capable": false, "Startup Cost": 2402386.0, "Total Cost": 2402386.01, "Plan Rows": 1, "Plan Width": 8, "Plans": [{"Node Type": "Gather", "Parent Relationship": "Outer", "Parallel Aware": false, "Async Capable": false, "Startup Cost": 2402385.89, "Total Cost": 2402386.0, "Plan Rows": 1, "Plan Width": 8, "Workers Planned": 1, "Single Copy": false, "Plans": [{"Node Type": "Aggregate", "Strategy": "Plain", "Partial Mode": "Partial", "Parent Relationship": "Outer", "Parallel Aware": false, "Async Capable": false, "Startup Cost": 2401385.89, "Total Cost": 2401385.9, "Plan Rows": 1, "Plan Width": 8, "Plans": [{"Node Type": "Hash Join", "Parent Relationship": "Outer", "Parallel Aware": false, "Async Capable": false, "Join Type": "Inner", "Startup Cost": 2396597.32, "Total Cost": 2401352.85, "Plan Rows": 13216, "Plan Width": 0, "Inner Unique": true, "Hash Cond": "(supplier.s_nationkey = n2.n_nationkey)", "Plans": [{"Node Type": "Hash Join", "Parent Relationship": "Outer", "Parallel Aware": true, "Async Capable": false, "Join Type": "Inner", "Startup Cost": 2396584.5, "Total Cost": 2401299.45, "Plan Rows": 13216, "Plan Width": 4, "Inner Unique": false, "Hash Cond": "(supplier.s_suppkey = lineitem.l_suppkey)", "Plans": [{"Node Type": "Index Scan", "Parent Relationship": "Outer", "Parallel Aware": true, "Async Capable": false, "Scan Direction": "Forward", "Index Name": "supplier_pkey", "Relation Name": "supplier", "Alias": "supplier", "Startup Cost": 0.29, "Total Cost": 4461.61, "Plan Rows": 58824, "Plan Width": 8}, {"Node Type": "Hash", "Parent Relationship": "Inner", "Parallel Aware": true, "Async Capable": false, "Startup Cost": 2396513.82, "Total Cost": 2396513.82, "Plan Rows": 5631, "Plan Width": 4, "Plans": [{"Node Type": "Hash Join", "Parent Relationship": "Outer", "Parallel Aware": false, "Async Capable": false, "Join Type": "Inner", "Startup Cost": 2331196.47, "Total Cost": 2396513.82, "Plan Rows": 5631, "Plan Width": 4, "Inner Unique": false, "Hash Cond": "(customer.c_nationkey = n1.n_nationkey)", "Plans": [{"Node Type": "Hash Join", "Parent Relationship": "Outer", "Parallel Aware": true, "Async Capable": false, "Join Type": "Inner", "Startup Cost": 2331171.56, "Total Cost": 2396327.01, "Plan Rows": 28156, "Plan Width": 8, "Inner Unique": false, "Hash Cond": "(customer.c_custkey = orders.o_custkey)", "Plans": [{"Node Type": "Index Scan", "Parent Relationship": "Outer", "Parallel Aware": true, "Async Capable": false, "Scan Direction": "Forward", "Index Name": "customer_pkey", "Relation Name": "customer", "Alias": "customer", "Startup Cost": 0.43, "Total Cost": 63702.71, "Plan Rows": 375000, "Plan Width": 8}, {"Node Type": "Hash", "Parent Relationship": "Inner", "Parallel Aware": true, "Async Capable": false, "Startup Cost": 2330936.51, "Total Cost": 2330936.51, "Plan Rows": 18770, "Plan Width": 8, "Plans": [{"Node Type": "Hash Join", "Parent Relationship": "Outer", "Parallel Aware": true, "Async Capable": false, "Join Type": "Inner", "Startup Cost": 2055428.73, "Total Cost": 2330936.51, "Plan Rows": 18770, "Plan Width": 8, "Inner Unique": false, "Hash Cond": "(orders.o_orderkey = lineitem.l_orderkey)", "Plans": [{"Node Type": "Bitmap Heap Scan", "Parent Relationship": "Outer", "Parallel Aware": true, "Async Capable": false, "Relation Name": "orders", "Alias": "orders", "Startup Cost": 62153.8, "Total Cost": 334792.96, "Plan Rows": 757811, "Plan Width": 8, "Recheck Cond": "((o_orderdate >= '1995-01-01'::date) AND (o_orderdate <= '1996-12-31'::date))", "Plans": [{"Node Type": "Bitmap Index Scan", "Parent Relationship": "Outer", "Parallel Aware": false, "Async Capable": false, "Index Name": "idx_orders_orderdate", "Startup Cost": 0.0, "Total Cost": 61017.08, "Plan Rows": 4546865, "Plan Width": 0, "Index Cond": "((o_orderdate >= '1995-01-01'::date) AND (o_orderdate <= '1996-12-31'::date))"}]}, {"Node Type": "Hash", "Parent Relationship": "Inner", "Parallel Aware": true, "Async Capable": false, "Startup Cost": 1992611.47, "Total Cost": 1992611.47, "Plan Rows": 53077, "Plan Width": 8, "Plans": [{"Node Type": "Hash Join", "Parent Relationship": "Outer", "Parallel Aware": true, "Async Capable": false, "Join Type": "Inner", "Startup Cost": 79232.9, "Total Cost": 1992611.47, "Plan Rows": 53077, "Plan Width": 8, "Inner Unique": true, "Hash Cond": "(lineitem.l_partkey = part.p_partkey)", "Plans": [{"Node Type": "Index Scan", "Parent Relationship": "Outer", "Parallel Aware": true, "Async Capable": false, "Scan Direction": "Forward", "Index Name": "idx_lineitem_orderkey", "Relation Name": "lineitem", "Alias": "lineitem", "Startup Cost": 0.56, "Total Cost": 1890883.43, "Plan Rows": 8569775, "Plan Width": 12}, {"Node Type": "Hash", "Parent Relationship": "Inner", "Parallel Aware": true, "Async Capable": false, "Startup Cost": 79193.62, "Total Cost": 79193.62, "Plan Rows": 3097, "Plan Width": 4, "Plans": [{"Node Type": "Index Scan", "Parent Relationship": "Outer", "Parallel Aware": true, "Async Capable": false, "Scan Direction": "Forward", "Index Name": "part_pkey", "Relation Name": "part", "Alias": "part", "Startup Cost": 0.43, "Total Cost": 79193.62, "Plan Rows": 3097, "Plan Width": 4, "Filter": "((p_type)::text = 'PROMO POLISHED COPPER'::text)"}]}]}]}]}]}]}, {"Node Type": "Hash", "Parent Relationship": "Inner", "Parallel Aware": false, "Async Capable": false, "Startup Cost": 24.85, "Total Cost": 24.85, "Plan Rows": 5, "Plan Width": 4, "Plans": [{"Node Type": "Merge Join", "Parent Relationship": "Outer", "Parallel Aware": false, "Async Capable": false, "Join Type": "Inner", "Startup Cost": 0.27, "Total Cost": 24.85, "Plan Rows": 5, "Plan Width": 4, "Inner Unique": true, "Merge Cond": "(n1.n_regionkey = region.r_regionkey)", "Plans": [{"Node Type": "Index Scan", "Parent Relationship": "Outer", "Parallel Aware": false, "Async Capable": false, "Scan Direction": "Forward", "Index Name": "idx_nation_regionkey", "Relation Name": "nation", "Alias": "n1", "Startup Cost": 0.14, "Total Cost": 12.51, "Plan Rows": 25, "Plan Width": 8}, {"Node Type": "Index Scan", "Parent Relationship": "Inner", "Parallel Aware": false, "Async Capable": false, "Scan Direction": "Forward", "Index Name": "region_pkey", "Relation Name": "region", "Alias": "region", "Startup Cost": 0.13, "Total Cost": 12.22, "Plan Rows": 1, "Plan Width": 4, "Filter": "(r_name = 'ASIA'::bpchar)"}]}]}]}]}]}, {"Node Type": "Hash", "Parent Relationship": "Inner", "Parallel Aware": false, "Async Capable": false, "Startup Cost": 12.51, "Total Cost": 12.51, "Plan Rows": 25, "Plan Width": 4, "Plans": [{"Node Type": "Index Only Scan", "Parent Relationship": "Outer", "Parallel Aware": false, "Async Capable": false, "Scan Direction": "Forward", "Index Name": "nation_pkey", "Relation Name": "nation", "Alias": "n2", "Startup Cost": 0.14, "Total Cost": 12.51, "Plan Rows": 25, "Plan Width": 4}]}]}]}]}]}}, {"Plan": {"Node Type": "Aggregate", "Strategy": "Plain", "Partial Mode": "Finalize", "Parallel Aware": false, "Async Capable": false, "Startup Cost": 474372.88, "Total Cost": 474372.89, "Plan Rows": 1, "Plan Width": 8, "Actual Rows": 1, "Actual Loops": 1, "Plans": [{"Node Type": "Gather", "Parent Relationship": "Outer", "Parallel Aware": false, "Async Capable": false, "Startup Cost": 474372.46, "Total Cost": 474372.87, "Plan Rows": 4, "Plan Width": 8, "Actual Rows": 5, "Actual Loops": 1, "Workers Planned": 4, "Workers Launched": 4, "Single Copy": false, "Plans": [{"Node Type": "Aggregate", "Strategy": "Plain", "Partial Mode": "Partial", "Parent Relationship": "Outer", "Parallel Aware": false, "Async Capable": false, "Startup Cost": 473372.46, "Total Cost": 473372.47, "Plan Rows": 1, "Plan Width": 8, "Actual Rows": 1, "Actual Loops": 5, "Workers": [], "Plans": [{"Node Type": "Hash Join", "Parent Relationship": "Outer", "Parallel Aware": false, "Async Capable": false, "Join Type": "Inner", "Startup Cost": 31.71, "Total Cost": 473358.42, "Plan Rows": 5617, "Plan Width": 0, "Actual Rows": 4867, "Actual Loops": 5, "Inner Unique": true, "Hash Cond": "(supplier.s_nationkey = n2.n_nationkey)", "Workers": [], "Plans": [{"Node Type": "Nested Loop", "Parent Relationship": "Outer", "Parallel Aware": false, "Async Capable": false, "Join Type": "Inner", "Startup Cost": 18.89, "Total Cost": 473328.35, "Plan Rows": 5617, "Plan Width": 4, "Actual Rows": 4867, "Actual Loops": 5, "Inner Unique": true, "Workers": [], "Plans": [{"Node Type": "Hash Join", "Parent Relationship": "Outer", "Parallel Aware": false, "Async Capable": false, "Join Type": "Inner", "Startup Cost": 18.59, "Total Cost": 471581.78, "Plan Rows": 5631, "Plan Width": 4, "Actual Rows": 4867, "Actual Loops": 5, "Inner Unique": false, "Hash Cond": "(customer.c_nationkey = n1.n_nationkey)", "Workers": [], "Plans": [{"Node Type": "Nested Loop", "Parent Relationship": "Outer", "Parallel Aware": false, "Async Capable": false, "Join Type": "Inner", "Startup Cost": 1.73, "Total Cost": 471403.03, "Plan Rows": 28156, "Plan Width": 8, "Actual Rows": 24246, "Actual Loops": 5, "Inner Unique": true, "Workers": [], "Plans": [{"Node Type": "Nested Loop", "Parent Relationship": "Outer", "Parallel Aware": false, "Async Capable": false, "Join Type": "Inner", "Startup Cost": 1.3, "Total Cost": 457880.35, "Plan Rows": 28156, "Plan Width": 8, "Actual Rows": 24246, "Actual Loops": 5, "Inner Unique": true, "Workers": [], "Plans": [{"Node Type": "Nested Loop", "Parent Relationship": "Outer", "Parallel Aware": false, "Async Capable": false, "Join Type": "Inner", "Startup Cost": 0.87, "Total Cost": 413512.99, "Plan Rows": 92884, "Plan Width": 8, "Actual Rows": 79770, "Actual Loops": 5, "Inner Unique": false, "Workers": [], "Plans": [{"Node Type": "Index Scan", "Parent Relationship": "Outer", "Parallel Aware": true, "Async Capable": false, "Scan Direction": "Forward", "Index Name": "part_pkey", "Relation Name": "part", "Alias": "part", "Startup Cost": 0.43, "Total Cost": 79193.62, "Plan Rows": 3097, "Plan Width": 4, "Actual Rows": 2659, "Actual Loops": 5, "Filter": "((p_type)::text = 'PROMO POLISHED COPPER'::text)", "Rows Removed by Filter": 397341, "Workers": []}, {"Node Type": "Index Scan", "Parent Relationship": "Inner", "Parallel Aware": false, "Async Capable": false, "Scan Direction": "Forward", "Index Name": "idx_lineitem_part_supp", "Relation Name": "lineitem", "Alias": "lineitem", "Startup Cost": 0.44, "Total Cost": 107.65, "Plan Rows": 30, "Plan Width": 12, "Actual Rows": 30, "Actual Loops": 13296, "Index Cond": "(l_partkey = part.p_partkey)", "Rows Removed by Index Recheck": 0, "Workers": []}]}, {"Node Type": "Index Scan", "Parent Relationship": "Inner", "Parallel Aware": false, "Async Capable": false, "Scan Direction": "Forward", "Index Name": "orders_pkey", "Relation Name": "orders", "Alias": "orders", "Startup Cost": 0.43, "Total Cost": 0.48, "Plan Rows": 1, "Plan Width": 8, "Actual Rows": 0, "Actual Loops": 398851, "Index Cond": "(o_orderkey = lineitem.l_orderkey)", "Rows Removed by Index Recheck": 0, "Filter": "((o_orderdate >= '1995-01-01'::date) AND (o_orderdate <= '1996-12-31'::date))", "Rows Removed by Filter": 1, "Workers": []}]}, {"Node Type": "Index Scan", "Parent Relationship": "Inner", "Parallel Aware": false, "Async Capable": false, "Scan Direction": "Forward", "Index Name": "customer_pkey", "Relation Name": "customer", "Alias": "customer", "Startup Cost": 0.43, "Total Cost": 0.48, "Plan Rows": 1, "Plan Width": 8, "Actual Rows": 1, "Actual Loops": 121229, "Index Cond": "(c_custkey = orders.o_custkey)", "Rows Removed by Index Recheck": 0, "Workers": []}]}, {"Node Type": "Hash", "Parent Relationship": "Inner", "Parallel Aware": false, "Async Capable": false, "Startup Cost": 16.8, "Total Cost": 16.8, "Plan Rows": 5, "Plan Width": 4, "Actual Rows": 5, "Actual Loops": 5, "Hash Buckets": 1024, "Original Hash Buckets": 1024, "Hash Batches": 1, "Original Hash Batches": 1, "Peak Memory Usage": 9, "Workers": [], "Plans": [{"Node Type": "Nested Loop", "Parent Relationship": "Outer", "Parallel Aware": false, "Async Capable": false, "Join Type": "Inner", "Startup Cost": 0.28, "Total Cost": 16.8, "Plan Rows": 5, "Plan Width": 4, "Actual Rows": 5, "Actual Loops": 5, "Inner Unique": true, "Workers": [], "Plans": [{"Node Type": "Index Scan", "Parent Relationship": "Outer", "Parallel Aware": false, "Async Capable": false, "Scan Direction": "Forward", "Index Name": "nation_pkey", "Relation Name": "nation", "Alias": "n1", "Startup Cost": 0.14, "Total Cost": 12.51, "Plan Rows": 25, "Plan Width": 8, "Actual Rows": 25, "Actual Loops": 5, "Workers": []}, {"Node Type": "Memoize", "Parent Relationship": "Inner", "Parallel Aware": false, "Async Capable": false, "Startup Cost": 0.14, "Total Cost": 0.64, "Plan Rows": 1, "Plan Width": 4, "Actual Rows": 0, "Actual Loops": 125, "Cache Key": "n1.n_regionkey", "Cache Mode": "logical", "Cache Hits": 20, "Cache Misses": 5, "Cache Evictions": 0, "Cache Overflows": 0, "Peak Memory Usage": 1, "Workers": [{"Worker Number": 0, "Cache Hits": 20, "Cache Misses": 5, "Cache Evictions": 0, "Cache Overflows": 0, "Peak Memory Usage": 1}, {"Worker Number": 1, "Cache Hits": 20, "Cache Misses": 5, "Cache Evictions": 0, "Cache Overflows": 0, "Peak Memory Usage": 1}, {"Worker Number": 2, "Cache Hits": 20, "Cache Misses": 5, "Cache Evictions": 0, "Cache Overflows": 0, "Peak Memory Usage": 1}, {"Worker Number": 3, "Cache Hits": 20, "Cache Misses": 5, "Cache Evictions": 0, "Cache Overflows": 0, "Peak Memory Usage": 1}], "Plans": [{"Node Type": "Index Scan", "Parent Relationship": "Outer", "Parallel Aware": false, "Async Capable": false, "Scan Direction": "Forward", "Index Name": "region_pkey", "Relation Name": "region", "Alias": "region", "Startup Cost": 0.13, "Total Cost": 0.63, "Plan Rows": 1, "Plan Width": 4, "Actual Rows": 0, "Actual Loops": 25, "Index Cond": "(r_regionkey = n1.n_regionkey)", "Rows Removed by Index Recheck": 0, "Filter": "(r_name = 'ASIA'::bpchar)", "Rows Removed by Filter": 1, "Workers": []}]}]}]}]}, {"Node Type": "Index Scan", "Parent Relationship": "Inner", "Parallel Aware": false, "Async Capable": false, "Scan Direction": "Forward", "Index Name": "supplier_pkey", "Relation Name": "supplier", "Alias": "supplier", "Startup Cost": 0.29, "Total Cost": 0.31, "Plan Rows": 1, "Plan Width": 8, "Actual Rows": 1, "Actual Loops": 24336, "Index Cond": "(s_suppkey = lineitem.l_suppkey)", "Rows Removed by Index Recheck": 0, "Workers": []}]}, {"Node Type": "Hash", "Parent Relationship": "Inner", "Parallel Aware": false, "Async Capable": false, "Startup Cost": 12.51, "Total Cost": 12.51, "Plan Rows": 25, "Plan Width": 4, "Actual Rows": 25, "Actual Loops": 5, "Hash Buckets": 1024, "Original Hash Buckets": 1024, "Hash Batches": 1, "Original Hash Batches": 1, "Peak Memory Usage": 9, "Workers": [], "Plans": [{"Node Type": "Index Only Scan", "Parent Relationship": "Outer", "Parallel Aware": false, "Async Capable": false, "Scan Direction": "Forward", "Index Name": "nation_pkey", "Relation Name": "nation", "Alias": "n2", "Startup Cost": 0.14, "Total Cost": 12.51, "Plan Rows": 25, "Plan Width": 4, "Actual Rows": 25, "Actual Loops": 5, "Heap Fetches": 125, "Workers": []}]}]}]}]}]}, "Planning Time": 6.034, "Triggers": [], "Execution Time": 3183.872}, {"Plan": {"Node Type": "Aggregate", "Strategy": "Plain", "Partial Mode": "Finalize", "Parallel Aware": false, "Async Capable": false, "Startup Cost": 1628759.73, "Total Cost": 1628759.74, "Plan Rows": 1, "Plan Width": 8, "Plans": [{"Node Type": "Gather", "Parent Relationship": "Outer", "Parallel Aware": false, "Async Capable": false, "Startup Cost": 1628759.62, "Total Cost": 1628759.73, "Plan Rows": 1, "Plan Width": 8, "Workers Planned": 1, "Single Copy": false, "Plans": [{"Node Type": "Aggregate", "Strategy": "Plain", "Partial Mode": "Partial", "Parent Relationship": "Outer", "Parallel Aware": false, "Async Capable": false, "Startup Cost": 1627759.62, "Total Cost": 1627759.63, "Plan Rows": 1, "Plan Width": 8, "Plans": [{"Node Type": "Hash Join", "Parent Relationship": "Outer", "Parallel Aware": false, "Async Capable": false, "Join Type": "Inner", "Startup Cost": 1624580.13, "Total Cost": 1627726.58, "Plan Rows": 13216, "Plan Width": 0, "Inner Unique": true, "Hash Cond": "(supplier.s_nationkey = n2.n_nationkey)", "Plans": [{"Node Type": "Hash Join", "Parent Relationship": "Outer", "Parallel Aware": true, "Async Capable": false, "Join Type": "Inner", "Startup Cost": 1624578.57, "Total Cost": 1627684.44, "Plan Rows": 13216, "Plan Width": 4, "Inner Unique": false, "Hash Cond": "(supplier.s_suppkey = lineitem.l_suppkey)", "Plans": [{"Node Type": "Seq Scan", "Parent Relationship": "Outer", "Parallel Aware": true, "Async Capable": false, "Relation Name": "supplier", "Alias": "supplier", "Startup Cost": 0.0, "Total Cost": 2852.24, "Plan Rows": 58824, "Plan Width": 8}, {"Node Type": "Hash", "Parent Relationship": "Inner", "Parallel Aware": true, "Async Capable": false, "Startup Cost": 1624508.18, "Total Cost": 1624508.18, "Plan Rows": 5631, "Plan Width": 4, "Plans": [{"Node Type": "Hash Join", "Parent Relationship": "Outer", "Parallel Aware": false, "Async Capable": false, "Join Type": "Inner", "Startup Cost": 1583159.12, "Total Cost": 1624508.18, "Plan Rows": 5631, "Plan Width": 4, "Inner Unique": false, "Hash Cond": "(customer.c_nationkey = n1.n_nationkey)", "Plans": [{"Node Type": "Hash Join", "Parent Relationship": "Outer", "Parallel Aware": true, "Async Capable": false, "Join Type": "Inner", "Startup Cost": 1583156.61, "Total Cost": 1624343.78, "Plan Rows": 28156, "Plan Width": 8, "Inner Unique": false, "Hash Cond": "(customer.c_custkey = orders.o_custkey)", "Plans": [{"Node Type": "Seq Scan", "Parent Relationship": "Outer", "Parallel Aware": true, "Async Capable": false, "Relation Name": "customer", "Alias": "customer", "Startup Cost": 0.0, "Total Cost": 39734.0, "Plan Rows": 375000, "Plan Width": 8}, {"Node Type": "Hash", "Parent Relationship": "Inner", "Parallel Aware": true, "Async Capable": false, "Startup Cost": 1582921.99, "Total Cost": 1582921.99, "Plan Rows": 18770, "Plan Width": 8, "Plans": [{"Node Type": "Hash Join", "Parent Relationship": "Outer", "Parallel Aware": true, "Async Capable": false, "Join Type": "Inner", "Startup Cost": 1281281.63, "Total Cost": 1582921.99, "Plan Rows": 18770, "Plan Width": 8, "Inner Unique": false, "Hash Cond": "(orders.o_orderkey = lineitem.l_orderkey)", "Plans": [{"Node Type": "Seq Scan", "Parent Relationship": "Outer", "Parallel Aware": true, "Async Capable": false, "Relation Name": "orders", "Alias": "orders", "Startup Cost": 0.0, "Total Cost": 298771.75, "Plan Rows": 757811, "Plan Width": 8, "Filter": "((o_orderdate >= '1995-01-01'::date) AND (o_orderdate <= '1996-12-31'::date))"}, {"Node Type": "Hash", "Parent Relationship": "Inner", "Parallel Aware": true, "Async Capable": false, "Startup Cost": 1280618.16, "Total Cost": 1280618.16, "Plan Rows": 53077, "Plan Width": 8, "Plans": [{"Node Type": "Hash Join", "Parent Relationship": "Outer", "Parallel Aware": true, "Async Capable": false, "Join Type": "Inner", "Startup Cost": 47280.71, "Total Cost": 1280618.16, "Plan Rows": 53077, "Plan Width": 8, "Inner Unique": true, "Hash Cond": "(lineitem.l_partkey = part.p_partkey)", "Plans": [{"Node Type": "Seq Scan", "Parent Relationship": "Outer", "Parallel Aware": true, "Async Capable": false, "Relation Name": "lineitem", "Alias": "lineitem", "Startup Cost": 0.0, "Total Cost": 1210841.75, "Plan Rows": 8569775, "Plan Width": 12}, {"Node Type": "Hash", "Parent Relationship": "Inner", "Parallel Aware": true, "Async Capable": false, "Startup Cost": 47242.0, "Total Cost": 47242.0, "Plan Rows": 3097, "Plan Width": 4, "Plans": [{"Node Type": "Seq Scan", "Parent Relationship": "Outer", "Parallel Aware": true, "Async Capable": false, "Relation Name": "part", "Alias": "part", "Startup Cost": 0.0, "Total Cost": 47242.0, "Plan Rows": 3097, "Plan Width": 4, "Filter": "((p_type)::text = 'PROMO POLISHED COPPER'::text)"}]}]}]}]}]}]}, {"Node Type": "Hash", "Parent Relationship": "Inner", "Parallel Aware": false, "Async Capable": false, "Startup Cost": 2.45, "Total Cost": 2.45, "Plan Rows": 5, "Plan Width": 4, "Plans": [{"Node Type": "Hash Join", "Parent Relationship": "Outer", "Parallel Aware": false, "Async Capable": false, "Join Type": "Inner", "Startup Cost": 1.07, "Total Cost": 2.45, "Plan Rows": 5, "Plan Width": 4, "Inner Unique": true, "Hash Cond": "(n1.n_regionkey = region.r_regionkey)", "Plans": [{"Node Type": "Seq Scan", "Parent Relationship": "Outer", "Parallel Aware": false, "Async Capable": false, "Relation Name": "nation", "Alias": "n1", "Startup Cost": 0.0, "Total Cost": 1.25, "Plan Rows": 25, "Plan Width": 8}, {"Node Type": "Hash", "Parent Relationship": "Inner", "Parallel Aware": false, "Async Capable": false, "Startup Cost": 1.06, "Total Cost": 1.06, "Plan Rows": 1, "Plan Width": 4, "Plans": [{"Node Type": "Seq Scan", "Parent Relationship": "Outer", "Parallel Aware": false, "Async Capable": false, "Relation Name": "region", "Alias": "region", "Startup Cost": 0.0, "Total Cost": 1.06, "Plan Rows": 1, "Plan Width": 4, "Filter": "(r_name = 'ASIA'::bpchar)"}]}]}]}]}]}]}, {"Node Type": "Hash", "Parent Relationship": "Inner", "Parallel Aware": false, "Async Capable": false, "Startup Cost": 1.25, "Total Cost": 1.25, "Plan Rows": 25, "Plan Width": 4, "Plans": [{"Node Type": "Seq Scan", "Parent Relationship": "Outer", "Parallel Aware": false, "Async Capable": false, "Relation Name": "nation", "Alias": "n2", "Startup Cost": 0.0, "Total Cost": 1.25, "Plan Rows": 25, "Plan Width": 4}]}]}]}]}]}}, {"Plan": {"Node Type": "Aggregate", "Strategy": "Plain", "Partial Mode": "Finalize", "Parallel Aware": false, "Async Capable": false, "Startup Cost": 7302856.31, "Total Cost": 7302856.32, "Plan Rows": 1, "Plan Width": 8, "Plans": [{"Node Type": "Gather", "Parent Relationship": "Outer", "Parallel Aware": false, "Async Capable": false, "Startup Cost": 7302855.69, "Total Cost": 7302856.3, "Plan Rows": 6, "Plan Width": 8, "Workers Planned": 6, "Single Copy": false, "Plans": [{"Node Type": "Aggregate", "Strategy": "Plain", "Partial Mode": "Partial", "Parent Relationship": "Outer", "Parallel Aware": false, "Async Capable": false, "Startup Cost": 7301855.69, "Total Cost": 7301855.7, "Plan Rows": 1, "Plan Width": 8, "Plans": [{"Node Type": "Nested Loop", "Parent Relationship": "Outer", "Parallel Aware": false, "Async Capable": false, "Join Type": "Inner", "Startup Cost": 62156.64, "Total Cost": 7301846.33, "Plan Rows": 3744, "Plan Width": 0, "Inner Unique": true, "Plans": [{"Node Type": "Nested Loop", "Parent Relationship": "Outer", "Parallel Aware": false, "Async Capable": false, "Join Type": "Inner", "Startup Cost": 62156.48, "Total Cost": 7301650.44, "Plan Rows": 3744, "Plan Width": 4, "Inner Unique": true, "Plans": [{"Node Type": "Nested Loop", "Parent Relationship": "Outer", "Parallel Aware": false, "Async Capable": false, "Join Type": "Inner", "Startup Cost": 62156.18, "Total Cost": 7285460.31, "Plan Rows": 3754, "Plan Width": 4, "Inner Unique": true, "Plans": [{"Node Type": "Nested Loop", "Parent Relationship": "Outer", "Parallel Aware": false, "Async Capable": false, "Join Type": "Inner", "Startup Cost": 62155.75, "Total Cost": 4587781.81, "Plan Rows": 606136, "Plan Width": 8, "Inner Unique": false, "Plans": [{"Node Type": "Nested Loop", "Parent Relationship": "Outer", "Parallel Aware": false, "Async Capable": false, "Join Type": "Inner", "Startup Cost": 62154.87, "Total Cost": 3745688.91, "Plan Rows": 151562, "Plan Width": 4, "Inner Unique": true, "Plans": [{"Node Type": "Nested Loop", "Parent Relationship": "Outer", "Parallel Aware": false, "Async Capable": false, "Join Type": "Inner", "Startup Cost": 62154.4, "Total Cost": 3726716.79, "Plan Rows": 757811, "Plan Width": 8, "Inner Unique": true, "Plans": [{"Node Type": "Nested Loop", "Parent Relationship": "Outer", "Parallel Aware": false, "Async Capable": false, "Join Type": "Inner", "Startup Cost": 62154.24, "Total Cost": 3708086.83, "Plan Rows": 757811, "Plan Width": 8, "Inner Unique": true, "Plans": [{"Node Type": "Bitmap Heap Scan", "Parent Relationship": "Outer", "Parallel Aware": true, "Async Capable": false, "Relation Name": "orders", "Alias": "orders", "Startup Cost": 62153.8, "Total Cost": 334792.96, "Plan Rows": 757811, "Plan Width": 8, "Recheck Cond": "((o_orderdate >= '1995-01-01'::date) AND (o_orderdate <= '1996-12-31'::date))", "Plans": [{"Node Type": "Bitmap Index Scan", "Parent Relationship": "Outer", "Parallel Aware": false, "Async Capable": false, "Index Name": "idx_orders_orderdate", "Startup Cost": 0.0, "Total Cost": 61017.08, "Plan Rows": 4546865, "Plan Width": 0, "Index Cond": "((o_orderdate >= '1995-01-01'::date) AND (o_orderdate <= '1996-12-31'::date))"}]}, {"Node Type": "Bitmap Heap Scan", "Parent Relationship": "Inner", "Parallel Aware": false, "Async Capable": false, "Relation Name": "customer", "Alias": "customer", "Startup Cost": 0.44, "Total Cost": 4.45, "Plan Rows": 1, "Plan Width": 8, "Recheck Cond": "(orders.o_custkey = c_custkey)", "Plans": [{"Node Type": "Bitmap Index Scan", "Parent Relationship": "Outer", "Parallel Aware": false, "Async Capable": false, "Index Name": "customer_pkey", "Startup Cost": 0.0, "Total Cost": 0.44, "Plan Rows": 1, "Plan Width": 0, "Index Cond": "(c_custkey = orders.o_custkey)"}]}]}, {"Node Type": "Memoize", "Parent Relationship": "Inner", "Parallel Aware": false, "Async Capable": false, "Startup Cost": 0.16, "Total Cost": 4.17, "Plan Rows": 1, "Plan Width": 8, "Cache Key": "customer.c_nationkey", "Cache Mode": "logical", "Plans": [{"Node Type": "Bitmap Heap Scan", "Parent Relationship": "Outer", "Parallel Aware": false, "Async Capable": false, "Relation Name": "nation", "Alias": "n1", "Startup Cost": 0.15, "Total Cost": 4.16, "Plan Rows": 1, "Plan Width": 8, "Recheck Cond": "(customer.c_nationkey = n_nationkey)", "Plans": [{"Node Type": "Bitmap Index Scan", "Parent Relationship": "Outer", "Parallel Aware": false, "Async Capable": false, "Index Name": "nation_pkey", "Startup Cost": 0.0, "Total Cost": 0.15, "Plan Rows": 1, "Plan Width": 0, "Index Cond": "(n_nationkey = customer.c_nationkey)"}]}]}]}, {"Node Type": "Memoize", "Parent Relationship": "Inner", "Parallel Aware": false, "Async Capable": false, "Startup Cost": 0.47, "Total Cost": 4.49, "Plan Rows": 1, "Plan Width": 4, "Cache Key": "n1.n_regionkey", "Cache Mode": "logical", "Plans": [{"Node Type": "Bitmap Heap Scan", "Parent Relationship": "Outer", "Parallel Aware": false, "Async Capable": false, "Relation Name": "region", "Alias": "region", "Startup Cost": 0.46, "Total Cost": 4.48, "Plan Rows": 1, "Plan Width": 4, "Recheck Cond": "(n1.n_regionkey = r_regionkey)", "Filter": "(r_name = 'ASIA'::bpchar)", "Plans": [{"Node Type": "Bitmap Index Scan", "Parent Relationship": "Outer", "Parallel Aware": false, "Async Capable": false, "Index Name": "region_pkey", "Startup Cost": 0.0, "Total Cost": 0.46, "Plan Rows": 1, "Plan Width": 0, "Index Cond": "(r_regionkey = n1.n_regionkey)"}]}]}]}, {"Node Type": "Bitmap Heap Scan", "Parent Relationship": "Inner", "Parallel Aware": false, "Async Capable": false, "Relation Name": "lineitem", "Alias": "lineitem", "Startup Cost": 0.88, "Total Cost": 5.26, "Plan Rows": 30, "Plan Width": 12, "Recheck Cond": "(l_orderkey = orders.o_orderkey)", "Plans": [{"Node Type": "Bitmap Index Scan", "Parent Relationship": "Outer", "Parallel Aware": false, "Async Capable": false, "Index Name": "idx_lineitem_orderkey", "Startup Cost": 0.0, "Total Cost": 0.87, "Plan Rows": 30, "Plan Width": 0, "Index Cond": "(l_orderkey = orders.o_orderkey)"}]}]}, {"Node Type": "Bitmap Heap Scan", "Parent Relationship": "Inner", "Parallel Aware": false, "Async Capable": false, "Relation Name": "part", "Alias": "part", "Startup Cost": 0.44, "Total Cost": 4.45, "Plan Rows": 1, "Plan Width": 4, "Recheck Cond": "(p_partkey = lineitem.l_partkey)", "Filter": "((p_type)::text = 'PROMO POLISHED COPPER'::text)", "Plans": [{"Node Type": "Bitmap Index Scan", "Parent Relationship": "Outer", "Parallel Aware": false, "Async Capable": false, "Index Name": "part_pkey", "Startup Cost": 0.0, "Total Cost": 0.44, "Plan Rows": 1, "Plan Width": 0, "Index Cond": "(p_partkey = lineitem.l_partkey)"}]}]}, {"Node Type": "Bitmap Heap Scan", "Parent Relationship": "Inner", "Parallel Aware": false, "Async Capable": false, "Relation Name": "supplier", "Alias": "supplier", "Startup Cost": 0.3, "Total Cost": 4.31, "Plan Rows": 1, "Plan Width": 8, "Recheck Cond": "(s_suppkey = lineitem.l_suppkey)", "Plans": [{"Node Type": "Bitmap Index Scan", "Parent Relationship": "Outer", "Parallel Aware": false, "Async Capable": false, "Index Name": "supplier_pkey", "Startup Cost": 0.0, "Total Cost": 0.3, "Plan Rows": 1, "Plan Width": 0, "Index Cond": "(s_suppkey = lineitem.l_suppkey)"}]}]}, {"Node Type": "Memoize", "Parent Relationship": "Inner", "Parallel Aware": false, "Async Capable": false, "Startup Cost": 0.16, "Total Cost": 4.17, "Plan Rows": 1, "Plan Width": 4, "Cache Key": "supplier.s_nationkey", "Cache Mode": "logical", "Plans": [{"Node Type": "Bitmap Heap Scan", "Parent Relationship": "Outer", "Parallel Aware": false, "Async Capable": false, "Relation Name": "nation", "Alias": "n2", "Startup Cost": 0.15, "Total Cost": 4.16, "Plan Rows": 1, "Plan Width": 4, "Recheck Cond": "(supplier.s_nationkey = n_nationkey)", "Plans": [{"Node Type": "Bitmap Index Scan", "Parent Relationship": "Outer", "Parallel Aware": false, "Async Capable": false, "Index Name": "nation_pkey", "Startup Cost": 0.0, "Total Cost": 0.15, "Plan Rows": 1, "Plan Width": 0, "Index Cond": "(n_nationkey = supplier.s_nationkey)"}]}]}]}]}]}]}}, {"Plan": {"Node Type": "Aggregate", "Strategy": "Plain", "Partial Mode": "Finalize", "Parallel Aware": false, "Async Capable": false, "Startup Cost": 728912.04, "Total Cost": 728912.05, "Plan Rows": 1, "Plan Width": 8, "Plans": [{"Node Type": "Gather", "Parent Relationship": "Outer", "Parallel Aware": false, "Async Capable": false, "Startup Cost": 728911.93, "Total Cost": 728912.04, "Plan Rows": 1, "Plan Width": 8, "Workers Planned": 1, "Single Copy": false, "Plans": [{"Node Type": "Aggregate", "Strategy": "Plain", "Partial Mode": "Partial", "Parent Relationship": "Outer", "Parallel Aware": false, "Async Capable": false, "Startup Cost": 727911.93, "Total Cost": 727911.94, "Plan Rows": 1, "Plan Width": 8, "Plans": [{"Node Type": "Hash Join", "Parent Relationship": "Outer", "Parallel Aware": false, "Async Capable": false, "Join Type": "Inner", "Startup Cost": 724743.46, "Total Cost": 727878.89, "Plan Rows": 13216, "Plan Width": 0, "Inner Unique": true, "Hash Cond": "(supplier.s_nationkey = n2.n_nationkey)", "Plans": [{"Node Type": "Hash Join", "Parent Relationship": "Outer", "Parallel Aware": true, "Async Capable": false, "Join Type": "Inner", "Startup Cost": 724741.89, "Total Cost": 727836.75, "Plan Rows": 13216, "Plan Width": 4, "Inner Unique": false, "Hash Cond": "(supplier.s_suppkey = lineitem.l_suppkey)", "Plans": [{"Node Type": "Seq Scan", "Parent Relationship": "Outer", "Parallel Aware": true, "Async Capable": false, "Relation Name": "supplier", "Alias": "supplier", "Startup Cost": 0.0, "Total Cost": 2852.24, "Plan Rows": 58824, "Plan Width": 8}, {"Node Type": "Hash", "Parent Relationship": "Inner", "Parallel Aware": true, "Async Capable": false, "Startup Cost": 724694.97, "Total Cost": 724694.97, "Plan Rows": 3754, "Plan Width": 4, "Plans": [{"Node Type": "Hash Join", "Parent Relationship": "Outer", "Parallel Aware": false, "Async Capable": false, "Join Type": "Inner", "Startup Cost": 422926.57, "Total Cost": 724694.97, "Plan Rows": 3754, "Plan Width": 4, "Inner Unique": false, "Hash Cond": "(orders.o_custkey = customer.c_custkey)", "Plans": [{"Node Type": "Hash Join", "Parent Relationship": "Outer", "Parallel Aware": true, "Async Capable": false, "Join Type": "Inner", "Startup Cost": 384937.95, "Total Cost": 686598.42, "Plan Rows": 18770, "Plan Width": 8, "Inner Unique": false, "Hash Cond": "(orders.o_orderkey = lineitem.l_orderkey)", "Plans": [{"Node Type": "Seq Scan", "Parent Relationship": "Outer", "Parallel Aware": true, "Async Capable": false, "Relation Name": "orders", "Alias": "orders", "Startup Cost": 0.0, "Total Cost": 298771.75, "Plan Rows": 757811, "Plan Width": 8, "Filter": "((o_orderdate >= '1995-01-01'::date) AND (o_orderdate <= '1996-12-31'::date))"}, {"Node Type": "Hash", "Parent Relationship": "Inner", "Parallel Aware": true, "Async Capable": false, "Startup Cost": 383776.9, "Total Cost": 383776.9, "Plan Rows": 92884, "Plan Width": 8, "Plans": [{"Node Type": "Nested Loop", "Parent Relationship": "Outer", "Parallel Aware": false, "Async Capable": false, "Join Type": "Inner", "Startup Cost": 4.36, "Total Cost": 383776.9, "Plan Rows": 92884, "Plan Width": 8, "Inner Unique": false, "Plans": [{"Node Type": "Seq Scan", "Parent Relationship": "Outer", "Parallel Aware": true, "Async Capable": false, "Relation Name": "part", "Alias": "part", "Startup Cost": 0.0, "Total Cost": 47242.0, "Plan Rows": 3097, "Plan Width": 4, "Filter": "((p_type)::text = 'PROMO POLISHED COPPER'::text)"}, {"Node Type": "Bitmap Heap Scan", "Parent Relationship": "Inner", "Parallel Aware": false, "Async Capable": false, "Relation Name": "lineitem", "Alias": "lineitem", "Startup Cost": 4.36, "Total Cost": 108.36, "Plan Rows": 30, "Plan Width": 12, "Recheck Cond": "(part.p_partkey = l_partkey)", "Plans": [{"Node Type": "Bitmap Index Scan", "Parent Relationship": "Outer", "Parallel Aware": false, "Async Capable": false, "Index Name": "idx_lineitem_part_supp", "Startup Cost": 0.0, "Total Cost": 4.36, "Plan Rows": 30, "Plan Width": 0, "Index Cond": "(l_partkey = part.p_partkey)"}]}]}]}]}, {"Node Type": "Hash", "Parent Relationship": "Inner", "Parallel Aware": false, "Async Capable": false, "Startup Cost": 34238.62, "Total Cost": 34238.62, "Plan Rows": 300000, "Plan Width": 4, "Plans": [{"Node Type": "Nested Loop", "Parent Relationship": "Outer", "Parallel Aware": false, "Async Capable": false, "Join Type": "Inner", "Startup Cost": 602.5, "Total Cost": 34238.62, "Plan Rows": 300000, "Plan Width": 4, "Inner Unique": false, "Plans": [{"Node Type": "Hash Join", "Parent Relationship": "Outer", "Parallel Aware": false, "Async Capable": false, "Join Type": "Inner", "Startup Cost": 1.07, "Total Cost": 2.45, "Plan Rows": 5, "Plan Width": 4, "Inner Unique": true, "Hash Cond": "(n1.n_regionkey = region.r_regionkey)", "Plans": [{"Node Type": "Seq Scan", "Parent Relationship": "Outer", "Parallel Aware": false, "Async Capable": false, "Relation Name": "nation", "Alias": "n1", "Startup Cost": 0.0, "Total Cost": 1.25, "Plan Rows": 25, "Plan Width": 8}, {"Node Type": "Hash", "Parent Relationship": "Inner", "Parallel Aware": false, "Async Capable": false, "Startup Cost": 1.06, "Total Cost": 1.06, "Plan Rows": 1, "Plan Width": 4, "Plans": [{"Node Type": "Seq Scan", "Parent Relationship": "Outer", "Parallel Aware": false, "Async Capable": false, "Relation Name": "region", "Alias": "region", "Startup Cost": 0.0, "Total Cost": 1.06, "Plan Rows": 1, "Plan Width": 4, "Filter": "(r_name = 'ASIA'::bpchar)"}]}]}, {"Node Type": "Bitmap Heap Scan", "Parent Relationship": "Inner", "Parallel Aware": false, "Async Capable": false, "Relation Name": "customer", "Alias": "customer", "Startup Cost": 601.43, "Total Cost": 6247.24, "Plan Rows": 60000, "Plan Width": 8, "Recheck Cond": "(c_nationkey = n1.n_nationkey)", "Plans": [{"Node Type": "Bitmap Index Scan", "Parent Relationship": "Outer", "Parallel Aware": false, "Async Capable": false, "Index Name": "idx_customer_nationkey", "Startup Cost": 0.0, "Total Cost": 586.43, "Plan Rows": 60000, "Plan Width": 0, "Index Cond": "(c_nationkey = n1.n_nationkey)"}]}]}]}]}]}]}, {"Node Type": "Hash", "Parent Relationship": "Inner", "Parallel Aware": false, "Async Capable": false, "Startup Cost": 1.25, "Total Cost": 1.25, "Plan Rows": 25, "Plan Width": 4, "Plans": [{"Node Type": "Seq Scan", "Parent Relationship": "Outer", "Parallel Aware": false, "Async Capable": false, "Relation Name": "nation", "Alias": "n2", "Startup Cost": 0.0, "Total Cost": 1.25, "Plan Rows": 25, "Plan Width": 4}]}]}]}]}]}}, {"Plan": {"Node Type": "Aggregate", "Strategy": "Plain", "Partial Mode": "Finalize", "Parallel Aware": false, "Async Capable": false, "Startup Cost": 2402386.02, "Total Cost": 2402386.03, "Plan Rows": 1, "Plan Width": 8, "Plans": [{"Node Type": "Gather", "Parent Relationship": "Outer", "Parallel Aware": false, "Async Capable": false, "Startup Cost": 2402385.91, "Total Cost": 2402386.02, "Plan Rows": 1, "Plan Width": 8, "Workers Planned": 1, "Single Copy": false, "Plans": [{"Node Type": "Aggregate", "Strategy": "Plain", "Partial Mode": "Partial", "Parent Relationship": "Outer", "Parallel Aware": false, "Async Capable": false, "Startup Cost": 2401385.91, "Total Cost": 2401385.92, "Plan Rows": 1, "Plan Width": 8, "Plans": [{"Node Type": "Hash Join", "Parent Relationship": "Outer", "Parallel Aware": false, "Async Capable": false, "Join Type": "Inner", "Startup Cost": 2396597.34, "Total Cost": 2401352.87, "Plan Rows": 13216, "Plan Width": 0, "Inner Unique": true, "Hash Cond": "(supplier.s_nationkey = n2.n_nationkey)", "Plans": [{"Node Type": "Hash Join", "Parent Relationship": "Outer", "Parallel Aware": true, "Async Capable": false, "Join Type": "Inner", "Startup Cost": 2396584.52, "Total Cost": 2401299.47, "Plan Rows": 13216, "Plan Width": 4, "Inner Unique": false, "Hash Cond": "(supplier.s_suppkey = lineitem.l_suppkey)", "Plans": [{"Node Type": "Index Scan", "Parent Relationship": "Outer", "Parallel Aware": true, "Async Capable": false, "Scan Direction": "Forward", "Index Name": "supplier_pkey", "Relation Name": "supplier", "Alias": "supplier", "Startup Cost": 0.29, "Total Cost": 4461.61, "Plan Rows": 58824, "Plan Width": 8}, {"Node Type": "Hash", "Parent Relationship": "Inner", "Parallel Aware": true, "Async Capable": false, "Startup Cost": 2396513.84, "Total Cost": 2396513.84, "Plan Rows": 5631, "Plan Width": 4, "Plans": [{"Node Type": "Hash Join", "Parent Relationship": "Outer", "Parallel Aware": false, "Async Capable": false, "Join Type": "Inner", "Startup Cost": 2331196.49, "Total Cost": 2396513.84, "Plan Rows": 5631, "Plan Width": 4, "Inner Unique": false, "Hash Cond": "(customer.c_nationkey = n1.n_nationkey)", "Plans": [{"Node Type": "Hash Join", "Parent Relationship": "Outer", "Parallel Aware": true, "Async Capable": false, "Join Type": "Inner", "Startup Cost": 2331171.56, "Total Cost": 2396327.01, "Plan Rows": 28156, "Plan Width": 8, "Inner Unique": false, "Hash Cond": "(customer.c_custkey = orders.o_custkey)", "Plans": [{"Node Type": "Index Scan", "Parent Relationship": "Outer", "Parallel Aware": true, "Async Capable": false, "Scan Direction": "Forward", "Index Name": "customer_pkey", "Relation Name": "customer", "Alias": "customer", "Startup Cost": 0.43, "Total Cost": 63702.71, "Plan Rows": 375000, "Plan Width": 8}, {"Node Type": "Hash", "Parent Relationship": "Inner", "Parallel Aware": true, "Async Capable": false, "Startup Cost": 2330936.51, "Total Cost": 2330936.51, "Plan Rows": 18770, "Plan Width": 8, "Plans": [{"Node Type": "Hash Join", "Parent Relationship": "Outer", "Parallel Aware": true, "Async Capable": false, "Join Type": "Inner", "Startup Cost": 2055428.73, "Total Cost": 2330936.51, "Plan Rows": 18770, "Plan Width": 8, "Inner Unique": false, "Hash Cond": "(orders.o_orderkey = lineitem.l_orderkey)", "Plans": [{"Node Type": "Bitmap Heap Scan", "Parent Relationship": "Outer", "Parallel Aware": true, "Async Capable": false, "Relation Name": "orders", "Alias": "orders", "Startup Cost": 62153.8, "Total Cost": 334792.96, "Plan Rows": 757811, "Plan Width": 8, "Recheck Cond": "((o_orderdate >= '1995-01-01'::date) AND (o_orderdate <= '1996-12-31'::date))", "Plans": [{"Node Type": "Bitmap Index Scan", "Parent Relationship": "Outer", "Parallel Aware": false, "Async Capable": false, "Index Name": "idx_orders_orderdate", "Startup Cost": 0.0, "Total Cost": 61017.08, "Plan Rows": 4546865, "Plan Width": 0, "Index Cond": "((o_orderdate >= '1995-01-01'::date) AND (o_orderdate <= '1996-12-31'::date))"}]}, {"Node Type": "Hash", "Parent Relationship": "Inner", "Parallel Aware": true, "Async Capable": false, "Startup Cost": 1992611.47, "Total Cost": 1992611.47, "Plan Rows": 53077, "Plan Width": 8, "Plans": [{"Node Type": "Hash Join", "Parent Relationship": "Outer", "Parallel Aware": true, "Async Capable": false, "Join Type": "Inner", "Startup Cost": 79232.9, "Total Cost": 1992611.47, "Plan Rows": 53077, "Plan Width": 8, "Inner Unique": true, "Hash Cond": "(lineitem.l_partkey = part.p_partkey)", "Plans": [{"Node Type": "Index Scan", "Parent Relationship": "Outer", "Parallel Aware": true, "Async Capable": false, "Scan Direction": "Forward", "Index Name": "idx_lineitem_orderkey", "Relation Name": "lineitem", "Alias": "lineitem", "Startup Cost": 0.56, "Total Cost": 1890883.43, "Plan Rows": 8569775, "Plan Width": 12}, {"Node Type": "Hash", "Parent Relationship": "Inner", "Parallel Aware": true, "Async Capable": false, "Startup Cost": 79193.62, "Total Cost": 79193.62, "Plan Rows": 3097, "Plan Width": 4, "Plans": [{"Node Type": "Index Scan", "Parent Relationship": "Outer", "Parallel Aware": true, "Async Capable": false, "Scan Direction": "Forward", "Index Name": "part_pkey", "Relation Name": "part", "Alias": "part", "Startup Cost": 0.43, "Total Cost": 79193.62, "Plan Rows": 3097, "Plan Width": 4, "Filter": "((p_type)::text = 'PROMO POLISHED COPPER'::text)"}]}]}]}]}]}]}, {"Node Type": "Hash", "Parent Relationship": "Inner", "Parallel Aware": false, "Async Capable": false, "Startup Cost": 24.87, "Total Cost": 24.87, "Plan Rows": 5, "Plan Width": 4, "Plans": [{"Node Type": "Hash Join", "Parent Relationship": "Outer", "Parallel Aware": false, "Async Capable": false, "Join Type": "Inner", "Startup Cost": 12.37, "Total Cost": 24.87, "Plan Rows": 5, "Plan Width": 4, "Inner Unique": true, "Hash Cond": "(n1.n_regionkey = region.r_regionkey)", "Plans": [{"Node Type": "Index Scan", "Parent Relationship": "Outer", "Parallel Aware": false, "Async Capable": false, "Scan Direction": "Forward", "Index Name": "idx_nation_regionkey", "Relation Name": "nation", "Alias": "n1", "Startup Cost": 0.14, "Total Cost": 12.51, "Plan Rows": 25, "Plan Width": 8}, {"Node Type": "Hash", "Parent Relationship": "Inner", "Parallel Aware": false, "Async Capable": false, "Startup Cost": 12.22, "Total Cost": 12.22, "Plan Rows": 1, "Plan Width": 4, "Plans": [{"Node Type": "Index Scan", "Parent Relationship": "Outer", "Parallel Aware": false, "Async Capable": false, "Scan Direction": "Forward", "Index Name": "region_pkey", "Relation Name": "region", "Alias": "region", "Startup Cost": 0.13, "Total Cost": 12.22, "Plan Rows": 1, "Plan Width": 4, "Filter": "(r_name = 'ASIA'::bpchar)"}]}]}]}]}]}]}, {"Node Type": "Hash", "Parent Relationship": "Inner", "Parallel Aware": false, "Async Capable": false, "Startup Cost": 12.51, "Total Cost": 12.51, "Plan Rows": 25, "Plan Width": 4, "Plans": [{"Node Type": "Index Scan", "Parent Relationship": "Outer", "Parallel Aware": false, "Async Capable": false, "Scan Direction": "Forward", "Index Name": "nation_pkey", "Relation Name": "nation", "Alias": "n2", "Startup Cost": 0.14, "Total Cost": 12.51, "Plan Rows": 25, "Plan Width": 4}]}]}]}]}]}}, {"Plan": {"Node Type": "Aggregate", "Strategy": "Plain", "Partial Mode": "Finalize", "Parallel Aware": false, "Async Capable": false, "Startup Cost": 2402386.0, "Total Cost": 2402386.01, "Plan Rows": 1, "Plan Width": 8, "Plans": [{"Node Type": "Gather", "Parent Relationship": "Outer", "Parallel Aware": false, "Async Capable": false, "Startup Cost": 2402385.89, "Total Cost": 2402386.0, "Plan Rows": 1, "Plan Width": 8, "Workers Planned": 1, "Single Copy": false, "Plans": [{"Node Type": "Aggregate", "Strategy": "Plain", "Partial Mode": "Partial", "Parent Relationship": "Outer", "Parallel Aware": false, "Async Capable": false, "Startup Cost": 2401385.89, "Total Cost": 2401385.9, "Plan Rows": 1, "Plan Width": 8, "Plans": [{"Node Type": "Hash Join", "Parent Relationship": "Outer", "Parallel Aware": false, "Async Capable": false, "Join Type": "Inner", "Startup Cost": 2396597.32, "Total Cost": 2401352.85, "Plan Rows": 13216, "Plan Width": 0, "Inner Unique": true, "Hash Cond": "(supplier.s_nationkey = n2.n_nationkey)", "Plans": [{"Node Type": "Hash Join", "Parent Relationship": "Outer", "Parallel Aware": true, "Async Capable": false, "Join Type": "Inner", "Startup Cost": 2396584.5, "Total Cost": 2401299.45, "Plan Rows": 13216, "Plan Width": 4, "Inner Unique": false, "Hash Cond": "(supplier.s_suppkey = lineitem.l_suppkey)", "Plans": [{"Node Type": "Index Scan", "Parent Relationship": "Outer", "Parallel Aware": true, "Async Capable": false, "Scan Direction": "Forward", "Index Name": "supplier_pkey", "Relation Name": "supplier", "Alias": "supplier", "Startup Cost": 0.29, "Total Cost": 4461.61, "Plan Rows": 58824, "Plan Width": 8}, {"Node Type": "Hash", "Parent Relationship": "Inner", "Parallel Aware": true, "Async Capable": false, "Startup Cost": 2396513.82, "Total Cost": 2396513.82, "Plan Rows": 5631, "Plan Width": 4, "Plans": [{"Node Type": "Hash Join", "Parent Relationship": "Outer", "Parallel Aware": false, "Async Capable": false, "Join Type": "Inner", "Startup Cost": 2331196.47, "Total Cost": 2396513.82, "Plan Rows": 5631, "Plan Width": 4, "Inner Unique": false, "Hash Cond": "(customer.c_nationkey = n1.n_nationkey)", "Plans": [{"Node Type": "Hash Join", "Parent Relationship": "Outer", "Parallel Aware": true, "Async Capable": false, "Join Type": "Inner", "Startup Cost": 2331171.56, "Total Cost": 2396327.01, "Plan Rows": 28156, "Plan Width": 8, "Inner Unique": false, "Hash Cond": "(customer.c_custkey = orders.o_custkey)", "Plans": [{"Node Type": "Index Scan", "Parent Relationship": "Outer", "Parallel Aware": true, "Async Capable": false, "Scan Direction": "Forward", "Index Name": "customer_pkey", "Relation Name": "customer", "Alias": "customer", "Startup Cost": 0.43, "Total Cost": 63702.71, "Plan Rows": 375000, "Plan Width": 8}, {"Node Type": "Hash", "Parent Relationship": "Inner", "Parallel Aware": true, "Async Capable": false, "Startup Cost": 2330936.51, "Total Cost": 2330936.51, "Plan Rows": 18770, "Plan Width": 8, "Plans": [{"Node Type": "Hash Join", "Parent Relationship": "Outer", "Parallel Aware": true, "Async Capable": false, "Join Type": "Inner", "Startup Cost": 2055428.73, "Total Cost": 2330936.51, "Plan Rows": 18770, "Plan Width": 8, "Inner Unique": false, "Hash Cond": "(orders.o_orderkey = lineitem.l_orderkey)", "Plans": [{"Node Type": "Bitmap Heap Scan", "Parent Relationship": "Outer", "Parallel Aware": true, "Async Capable": false, "Relation Name": "orders", "Alias": "orders", "Startup Cost": 62153.8, "Total Cost": 334792.96, "Plan Rows": 757811, "Plan Width": 8, "Recheck Cond": "((o_orderdate >= '1995-01-01'::date) AND (o_orderdate <= '1996-12-31'::date))", "Plans": [{"Node Type": "Bitmap Index Scan", "Parent Relationship": "Outer", "Parallel Aware": false, "Async Capable": false, "Index Name": "idx_orders_orderdate", "Startup Cost": 0.0, "Total Cost": 61017.08, "Plan Rows": 4546865, "Plan Width": 0, "Index Cond": "((o_orderdate >= '1995-01-01'::date) AND (o_orderdate <= '1996-12-31'::date))"}]}, {"Node Type": "Hash", "Parent Relationship": "Inner", "Parallel Aware": true, "Async Capable": false, "Startup Cost": 1992611.47, "Total Cost": 1992611.47, "Plan Rows": 53077, "Plan Width": 8, "Plans": [{"Node Type": "Hash Join", "Parent Relationship": "Outer", "Parallel Aware": true, "Async Capable": false, "Join Type": "Inner", "Startup Cost": 79232.9, "Total Cost": 1992611.47, "Plan Rows": 53077, "Plan Width": 8, "Inner Unique": true, "Hash Cond": "(lineitem.l_partkey = part.p_partkey)", "Plans": [{"Node Type": "Index Scan", "Parent Relationship": "Outer", "Parallel Aware": true, "Async Capable": false, "Scan Direction": "Forward", "Index Name": "idx_lineitem_orderkey", "Relation Name": "lineitem", "Alias": "lineitem", "Startup Cost": 0.56, "Total Cost": 1890883.43, "Plan Rows": 8569775, "Plan Width": 12}, {"Node Type": "Hash", "Parent Relationship": "Inner", "Parallel Aware": true, "Async Capable": false, "Startup Cost": 79193.62, "Total Cost": 79193.62, "Plan Rows": 3097, "Plan Width": 4, "Plans": [{"Node Type": "Index Scan", "Parent Relationship": "Outer", "Parallel Aware": true, "Async Capable": false, "Scan Direction": "Forward", "Index Name": "part_pkey", "Relation Name": "part", "Alias": "part", "Startup Cost": 0.43, "Total Cost": 79193.62, "Plan Rows": 3097, "Plan Width": 4, "Filter": "((p_type)::text = 'PROMO POLISHED COPPER'::text)"}]}]}]}]}]}]}, {"Node Type": "Hash", "Parent Relationship": "Inner", "Parallel Aware": false, "Async Capable": false, "Startup Cost": 24.85, "Total Cost": 24.85, "Plan Rows": 5, "Plan Width": 4, "Plans": [{"Node Type": "Merge Join", "Parent Relationship": "Outer", "Parallel Aware": false, "Async Capable": false, "Join Type": "Inner", "Startup Cost": 0.27, "Total Cost": 24.85, "Plan Rows": 5, "Plan Width": 4, "Inner Unique": true, "Merge Cond": "(n1.n_regionkey = region.r_regionkey)", "Plans": [{"Node Type": "Index Scan", "Parent Relationship": "Outer", "Parallel Aware": false, "Async Capable": false, "Scan Direction": "Forward", "Index Name": "idx_nation_regionkey", "Relation Name": "nation", "Alias": "n1", "Startup Cost": 0.14, "Total Cost": 12.51, "Plan Rows": 25, "Plan Width": 8}, {"Node Type": "Index Scan", "Parent Relationship": "Inner", "Parallel Aware": false, "Async Capable": false, "Scan Direction": "Forward", "Index Name": "region_pkey", "Relation Name": "region", "Alias": "region", "Startup Cost": 0.13, "Total Cost": 12.22, "Plan Rows": 1, "Plan Width": 4, "Filter": "(r_name = 'ASIA'::bpchar)"}]}]}]}]}]}, {"Node Type": "Hash", "Parent Relationship": "Inner", "Parallel Aware": false, "Async Capable": false, "Startup Cost": 12.51, "Total Cost": 12.51, "Plan Rows": 25, "Plan Width": 4, "Plans": [{"Node Type": "Index Scan", "Parent Relationship": "Outer", "Parallel Aware": false, "Async Capable": false, "Scan Direction": "Forward", "Index Name": "nation_pkey", "Relation Name": "nation", "Alias": "n2", "Startup Cost": 0.14, "Total Cost": 12.51, "Plan Rows": 25, "Plan Width": 4}]}]}]}]}]}}, {"Plan": {"Node Type": "Aggregate", "Strategy": "Plain", "Partial Mode": "Finalize", "Parallel Aware": false, "Async Capable": false, "Startup Cost": 474372.88, "Total Cost": 474372.89, "Plan Rows": 1, "Plan Width": 8, "Actual Rows": 1, "Actual Loops": 1, "Plans": [{"Node Type": "Gather", "Parent Relationship": "Outer", "Parallel Aware": false, "Async Capable": false, "Startup Cost": 474372.46, "Total Cost": 474372.87, "Plan Rows": 4, "Plan Width": 8, "Actual Rows": 5, "Actual Loops": 1, "Workers Planned": 4, "Workers Launched": 4, "Single Copy": false, "Plans": [{"Node Type": "Aggregate", "Strategy": "Plain", "Partial Mode": "Partial", "Parent Relationship": "Outer", "Parallel Aware": false, "Async Capable": false, "Startup Cost": 473372.46, "Total Cost": 473372.47, "Plan Rows": 1, "Plan Width": 8, "Actual Rows": 1, "Actual Loops": 5, "Workers": [], "Plans": [{"Node Type": "Hash Join", "Parent Relationship": "Outer", "Parallel Aware": false, "Async Capable": false, "Join Type": "Inner", "Startup Cost": 31.71, "Total Cost": 473358.42, "Plan Rows": 5617, "Plan Width": 0, "Actual Rows": 4867, "Actual Loops": 5, "Inner Unique": true, "Hash Cond": "(supplier.s_nationkey = n2.n_nationkey)", "Workers": [], "Plans": [{"Node Type": "Nested Loop", "Parent Relationship": "Outer", "Parallel Aware": false, "Async Capable": false, "Join Type": "Inner", "Startup Cost": 18.89, "Total Cost": 473328.35, "Plan Rows": 5617, "Plan Width": 4, "Actual Rows": 4867, "Actual Loops": 5, "Inner Unique": true, "Workers": [], "Plans": [{"Node Type": "Hash Join", "Parent Relationship": "Outer", "Parallel Aware": false, "Async Capable": false, "Join Type": "Inner", "Startup Cost": 18.59, "Total Cost": 471581.78, "Plan Rows": 5631, "Plan Width": 4, "Actual Rows": 4867, "Actual Loops": 5, "Inner Unique": false, "Hash Cond": "(customer.c_nationkey = n1.n_nationkey)", "Workers": [], "Plans": [{"Node Type": "Nested Loop", "Parent Relationship": "Outer", "Parallel Aware": false, "Async Capable": false, "Join Type": "Inner", "Startup Cost": 1.73, "Total Cost": 471403.03, "Plan Rows": 28156, "Plan Width": 8, "Actual Rows": 24246, "Actual Loops": 5, "Inner Unique": true, "Workers": [], "Plans": [{"Node Type": "Nested Loop", "Parent Relationship": "Outer", "Parallel Aware": false, "Async Capable": false, "Join Type": "Inner", "Startup Cost": 1.3, "Total Cost": 457880.35, "Plan Rows": 28156, "Plan Width": 8, "Actual Rows": 24246, "Actual Loops": 5, "Inner Unique": true, "Workers": [], "Plans": [{"Node Type": "Nested Loop", "Parent Relationship": "Outer", "Parallel Aware": false, "Async Capable": false, "Join Type": "Inner", "Startup Cost": 0.87, "Total Cost": 413512.99, "Plan Rows": 92884, "Plan Width": 8, "Actual Rows": 79770, "Actual Loops": 5, "Inner Unique": false, "Workers": [], "Plans": [{"Node Type": "Index Scan", "Parent Relationship": "Outer", "Parallel Aware": true, "Async Capable": false, "Scan Direction": "Forward", "Index Name": "part_pkey", "Relation Name": "part", "Alias": "part", "Startup Cost": 0.43, "Total Cost": 79193.62, "Plan Rows": 3097, "Plan Width": 4, "Actual Rows": 2659, "Actual Loops": 5, "Filter": "((p_type)::text = 'PROMO POLISHED COPPER'::text)", "Rows Removed by Filter": 397341, "Workers": []}, {"Node Type": "Index Scan", "Parent Relationship": "Inner", "Parallel Aware": false, "Async Capable": false, "Scan Direction": "Forward", "Index Name": "idx_lineitem_part_supp", "Relation Name": "lineitem", "Alias": "lineitem", "Startup Cost": 0.44, "Total Cost": 107.65, "Plan Rows": 30, "Plan Width": 12, "Actual Rows": 30, "Actual Loops": 13296, "Index Cond": "(l_partkey = part.p_partkey)", "Rows Removed by Index Recheck": 0, "Workers": []}]}, {"Node Type": "Index Scan", "Parent Relationship": "Inner", "Parallel Aware": false, "Async Capable": false, "Scan Direction": "Forward", "Index Name": "orders_pkey", "Relation Name": "orders", "Alias": "orders", "Startup Cost": 0.43, "Total Cost": 0.48, "Plan Rows": 1, "Plan Width": 8, "Actual Rows": 0, "Actual Loops": 398851, "Index Cond": "(o_orderkey = lineitem.l_orderkey)", "Rows Removed by Index Recheck": 0, "Filter": "((o_orderdate >= '1995-01-01'::date) AND (o_orderdate <= '1996-12-31'::date))", "Rows Removed by Filter": 1, "Workers": []}]}, {"Node Type": "Index Scan", "Parent Relationship": "Inner", "Parallel Aware": false, "Async Capable": false, "Scan Direction": "Forward", "Index Name": "customer_pkey", "Relation Name": "customer", "Alias": "customer", "Startup Cost": 0.43, "Total Cost": 0.48, "Plan Rows": 1, "Plan Width": 8, "Actual Rows": 1, "Actual Loops": 121229, "Index Cond": "(c_custkey = orders.o_custkey)", "Rows Removed by Index Recheck": 0, "Workers": []}]}, {"Node Type": "Hash", "Parent Relationship": "Inner", "Parallel Aware": false, "Async Capable": false, "Startup Cost": 16.8, "Total Cost": 16.8, "Plan Rows": 5, "Plan Width": 4, "Actual Rows": 5, "Actual Loops": 5, "Hash Buckets": 1024, "Original Hash Buckets": 1024, "Hash Batches": 1, "Original Hash Batches": 1, "Peak Memory Usage": 9, "Workers": [], "Plans": [{"Node Type": "Nested Loop", "Parent Relationship": "Outer", "Parallel Aware": false, "Async Capable": false, "Join Type": "Inner", "Startup Cost": 0.28, "Total Cost": 16.8, "Plan Rows": 5, "Plan Width": 4, "Actual Rows": 5, "Actual Loops": 5, "Inner Unique": true, "Workers": [], "Plans": [{"Node Type": "Index Scan", "Parent Relationship": "Outer", "Parallel Aware": false, "Async Capable": false, "Scan Direction": "Forward", "Index Name": "nation_pkey", "Relation Name": "nation", "Alias": "n1", "Startup Cost": 0.14, "Total Cost": 12.51, "Plan Rows": 25, "Plan Width": 8, "Actual Rows": 25, "Actual Loops": 5, "Workers": []}, {"Node Type": "Memoize", "Parent Relationship": "Inner", "Parallel Aware": false, "Async Capable": false, "Startup Cost": 0.14, "Total Cost": 0.64, "Plan Rows": 1, "Plan Width": 4, "Actual Rows": 0, "Actual Loops": 125, "Cache Key": "n1.n_regionkey", "Cache Mode": "logical", "Cache Hits": 20, "Cache Misses": 5, "Cache Evictions": 0, "Cache Overflows": 0, "Peak Memory Usage": 1, "Workers": [{"Worker Number": 0, "Cache Hits": 20, "Cache Misses": 5, "Cache Evictions": 0, "Cache Overflows": 0, "Peak Memory Usage": 1}, {"Worker Number": 1, "Cache Hits": 20, "Cache Misses": 5, "Cache Evictions": 0, "Cache Overflows": 0, "Peak Memory Usage": 1}, {"Worker Number": 2, "Cache Hits": 20, "Cache Misses": 5, "Cache Evictions": 0, "Cache Overflows": 0, "Peak Memory Usage": 1}, {"Worker Number": 3, "Cache Hits": 20, "Cache Misses": 5, "Cache Evictions": 0, "Cache Overflows": 0, "Peak Memory Usage": 1}], "Plans": [{"Node Type": "Index Scan", "Parent Relationship": "Outer", "Parallel Aware": false, "Async Capable": false, "Scan Direction": "Forward", "Index Name": "region_pkey", "Relation Name": "region", "Alias": "region", "Startup Cost": 0.13, "Total Cost": 0.63, "Plan Rows": 1, "Plan Width": 4, "Actual Rows": 0, "Actual Loops": 25, "Index Cond": "(r_regionkey = n1.n_regionkey)", "Rows Removed by Index Recheck": 0, "Filter": "(r_name = 'ASIA'::bpchar)", "Rows Removed by Filter": 1, "Workers": []}]}]}]}]}, {"Node Type": "Index Scan", "Parent Relationship": "Inner", "Parallel Aware": false, "Async Capable": false, "Scan Direction": "Forward", "Index Name": "supplier_pkey", "Relation Name": "supplier", "Alias": "supplier", "Startup Cost": 0.29, "Total Cost": 0.31, "Plan Rows": 1, "Plan Width": 8, "Actual Rows": 1, "Actual Loops": 24336, "Index Cond": "(s_suppkey = lineitem.l_suppkey)", "Rows Removed by Index Recheck": 0, "Workers": []}]}, {"Node Type": "Hash", "Parent Relationship": "Inner", "Parallel Aware": false, "Async Capable": false, "Startup Cost": 12.51, "Total Cost": 12.51, "Plan Rows": 25, "Plan Width": 4, "Actual Rows": 25, "Actual Loops": 5, "Hash Buckets": 1024, "Original Hash Buckets": 1024, "Hash Batches": 1, "Original Hash Batches": 1, "Peak Memory Usage": 9, "Workers": [], "Plans": [{"Node Type": "Index Scan", "Parent Relationship": "Outer", "Parallel Aware": false, "Async Capable": false, "Scan Direction": "Forward", "Index Name": "nation_pkey", "Relation Name": "nation", "Alias": "n2", "Startup Cost": 0.14, "Total Cost": 12.51, "Plan Rows": 25, "Plan Width": 4, "Actual Rows": 25, "Actual Loops": 5, "Workers": []}]}]}]}]}]}, "Planning Time": 6.083, "Triggers": [], "Execution Time": 3179.752}, {"Plan": {"Node Type": "Aggregate", "Strategy": "Plain", "Partial Mode": "Finalize", "Parallel Aware": false, "Async Capable": false, "Startup Cost": 3151239.59, "Total Cost": 3151239.6, "Plan Rows": 1, "Plan Width": 8, "Plans": [{"Node Type": "Gather", "Parent Relationship": "Outer", "Parallel Aware": false, "Async Capable": false, "Startup Cost": 3151238.86, "Total Cost": 3151239.57, "Plan Rows": 7, "Plan Width": 8, "Workers Planned": 7, "Single Copy": false, "Plans": [{"Node Type": "Aggregate", "Strategy": "Plain", "Partial Mode": "Partial", "Parent Relationship": "Outer", "Parallel Aware": false, "Async Capable": false, "Startup Cost": 3150238.86, "Total Cost": 3150238.87, "Plan Rows": 1, "Plan Width": 8, "Plans": [{"Node Type": "Merge Join", "Parent Relationship": "Outer", "Parallel Aware": false, "Async Capable": false, "Join Type": "Inner", "Startup Cost": 3150170.25, "Total Cost": 3150230.84, "Plan Rows": 3210, "Plan Width": 0, "Inner Unique": true, "Merge Cond": "(supplier.s_nationkey = n2.n_nationkey)", "Plans": [{"Node Type": "Sort", "Parent Relationship": "Outer", "Parallel Aware": false, "Async Capable": false, "Startup Cost": 3150170.11, "Total Cost": 3150178.14, "Plan Rows": 3210, "Plan Width": 4, "Sort Key": ["supplier.s_nationkey"], "Plans": [{"Node Type": "Merge Join", "Parent Relationship": "Outer", "Parallel Aware": false, "Async Capable": false, "Join Type": "Inner", "Startup Cost": 3144811.88, "Total Cost": 3149983.15, "Plan Rows": 3210, "Plan Width": 4, "Inner Unique": true, "Merge Cond": "(lineitem.l_suppkey = supplier.s_suppkey)", "Plans": [{"Node Type": "Sort", "Parent Relationship": "Outer", "Parallel Aware": false, "Async Capable": false, "Startup Cost": 3144811.59, "Total Cost": 3144819.63, "Plan Rows": 3218, "Plan Width": 4, "Sort Key": ["lineitem.l_suppkey"], "Plans": [{"Node Type": "Merge Join", "Parent Relationship": "Outer", "Parallel Aware": false, "Async Capable": false, "Join Type": "Inner", "Startup Cost": 3144495.39, "Total Cost": 3144624.11, "Plan Rows": 3218, "Plan Width": 4, "Inner Unique": false, "Merge Cond": "(customer.c_nationkey = n1.n_nationkey)", "Plans": [{"Node Type": "Sort", "Parent Relationship": "Outer", "Parallel Aware": false, "Async Capable": false, "Startup Cost": 3144470.49, "Total Cost": 3144510.71, "Plan Rows": 16089, "Plan Width": 8, "Sort Key": ["customer.c_nationkey"], "Plans": [{"Node Type": "Merge Join", "Parent Relationship": "Outer", "Parallel Aware": false, "Async Capable": false, "Join Type": "Inner", "Startup Cost": 3064405.37, "Total Cost": 3143346.37, "Plan Rows": 16089, "Plan Width": 8, "Inner Unique": true, "Merge Cond": "(orders.o_custkey = customer.c_custkey)", "Plans": [{"Node Type": "Sort", "Parent Relationship": "Outer", "Parallel Aware": false, "Async Capable": false, "Startup Cost": 3064402.32, "Total Cost": 3064442.54, "Plan Rows": 16089, "Plan Width": 8, "Sort Key": ["orders.o_custkey"], "Plans": [{"Node Type": "Merge Join", "Parent Relationship": "Outer", "Parallel Aware": false, "Async Capable": false, "Join Type": "Inner", "Startup Cost": 2952154.98, "Total Cost": 3063278.2, "Plan Rows": 16089, "Plan Width": 8, "Inner Unique": true, "Merge Cond": "(lineitem.l_partkey = part.p_partkey)", "Plans": [{"Node Type": "Sort", "Parent Relationship": "Outer", "Parallel Aware": false, "Async Capable": false, "Startup Cost": 2952154.42, "Total Cost": 2958648.73, "Plan Rows": 2597725, "Plan Width": 12, "Sort Key": ["lineitem.l_partkey"], "Plans": [{"Node Type": "Merge Join", "Parent Relationship": "Outer", "Parallel Aware": false, "Async Capable": false, "Join Type": "Inner", "Startup Cost": 7.0, "Total Cost": 2675382.18, "Plan Rows": 2597725, "Plan Width": 12, "Inner Unique": true, "Merge Cond": "(lineitem.l_orderkey = orders.o_orderkey)", "Plans": [{"Node Type": "Index Scan", "Parent Relationship": "Outer", "Parallel Aware": true, "Async Capable": false, "Scan Direction": "Forward", "Index Name": "idx_lineitem_orderkey", "Relation Name": "lineitem", "Alias": "lineitem", "Startup Cost": 0.56, "Total Cost": 1890883.43, "Plan Rows": 8569775, "Plan Width": 12}, {"Node Type": "Index Scan", "Parent Relationship": "Inner", "Parallel Aware": false, "Async Capable": false, "Scan Direction": "Forward", "Index Name": "orders_pkey", "Relation Name": "orders", "Alias": "orders", "Startup Cost": 0.43, "Total Cost": 725797.51, "Plan Rows": 4546865, "Plan Width": 8, "Filter": "((o_orderdate >= '1995-01-01'::date) AND (o_orderdate <= '1996-12-31'::date))"}]}]}, {"Node Type": "Index Scan", "Parent Relationship": "Inner", "Parallel Aware": false, "Async Capable": false, "Scan Direction": "Forward", "Index Name": "part_pkey", "Relation Name": "part", "Alias": "part", "Startup Cost": 0.43, "Total Cost": 97943.62, "Plan Rows": 12387, "Plan Width": 4, "Filter": "((p_type)::text = 'PROMO POLISHED COPPER'::text)"}]}]}, {"Node Type": "Index Scan", "Parent Relationship": "Inner", "Parallel Aware": false, "Async Capable": false, "Scan Direction": "Forward", "Index Name": "customer_pkey", "Relation Name": "customer", "Alias": "customer", "Startup Cost": 0.43, "Total Cost": 74952.71, "Plan Rows": 1500000, "Plan Width": 8}]}]}, {"Node Type": "Sort", "Parent Relationship": "Inner", "Parallel Aware": false, "Async Capable": false, "Startup Cost": 24.91, "Total Cost": 24.92, "Plan Rows": 5, "Plan Width": 4, "Sort Key": ["n1.n_nationkey"], "Plans": [{"Node Type": "Merge Join", "Parent Relationship": "Outer", "Parallel Aware": false, "Async Capable": false, "Join Type": "Inner", "Startup Cost": 0.27, "Total Cost": 24.85, "Plan Rows": 5, "Plan Width": 4, "Inner Unique": true, "Merge Cond": "(n1.n_regionkey = region.r_regionkey)", "Plans": [{"Node Type": "Index Scan", "Parent Relationship": "Outer", "Parallel Aware": false, "Async Capable": false, "Scan Direction": "Forward", "Index Name": "idx_nation_regionkey", "Relation Name": "nation", "Alias": "n1", "Startup Cost": 0.14, "Total Cost": 12.51, "Plan Rows": 25, "Plan Width": 8}, {"Node Type": "Index Scan", "Parent Relationship": "Inner", "Parallel Aware": false, "Async Capable": false, "Scan Direction": "Forward", "Index Name": "region_pkey", "Relation Name": "region", "Alias": "region", "Startup Cost": 0.13, "Total Cost": 12.22, "Plan Rows": 1, "Plan Width": 4, "Filter": "(r_name = 'ASIA'::bpchar)"}]}]}]}]}, {"Node Type": "Index Scan", "Parent Relationship": "Inner", "Parallel Aware": false, "Async Capable": false, "Scan Direction": "Forward", "Index Name": "supplier_pkey", "Relation Name": "supplier", "Alias": "supplier", "Startup Cost": 0.29, "Total Cost": 4873.38, "Plan Rows": 100000, "Plan Width": 8}]}]}, {"Node Type": "Index Only Scan", "Parent Relationship": "Inner", "Parallel Aware": false, "Async Capable": false, "Scan Direction": "Forward", "Index Name": "nation_pkey", "Relation Name": "nation", "Alias": "n2", "Startup Cost": 0.14, "Total Cost": 12.51, "Plan Rows": 25, "Plan Width": 4}]}]}]}]}}, {"Plan": {"Node Type": "Aggregate", "Strategy": "Plain", "Partial Mode": "Finalize", "Parallel Aware": false, "Async Capable": false, "Startup Cost": 475705.38, "Total Cost": 475705.39, "Plan Rows": 1, "Plan Width": 8, "Actual Rows": 1, "Actual Loops": 1, "Plans": [{"Node Type": "Gather", "Parent Relationship": "Outer", "Parallel Aware": false, "Async Capable": false, "Startup Cost": 475704.96, "Total Cost": 475705.37, "Plan Rows": 4, "Plan Width": 8, "Actual Rows": 5, "Actual Loops": 1, "Workers Planned": 4, "Workers Launched": 4, "Single Copy": false, "Plans": [{"Node Type": "Aggregate", "Strategy": "Plain", "Partial Mode": "Partial", "Parent Relationship": "Outer", "Parallel Aware": false, "Async Capable": false, "Startup Cost": 474704.96, "Total Cost": 474704.97, "Plan Rows": 1, "Plan Width": 8, "Actual Rows": 1, "Actual Loops": 5, "Workers": [], "Plans": [{"Node Type": "Nested Loop", "Parent Relationship": "Outer", "Parallel Aware": false, "Async Capable": false, "Join Type": "Inner", "Startup Cost": 2.46, "Total Cost": 474690.92, "Plan Rows": 5617, "Plan Width": 0, "Actual Rows": 4867, "Actual Loops": 5, "Inner Unique": true, "Workers": [], "Plans": [{"Node Type": "Nested Loop", "Parent Relationship": "Outer", "Parallel Aware": false, "Async Capable": false, "Join Type": "Inner", "Startup Cost": 2.31, "Total Cost": 474549.6, "Plan Rows": 5617, "Plan Width": 4, "Actual Rows": 4867, "Actual Loops": 5, "Inner Unique": true, "Workers": [], "Plans": [{"Node Type": "Nested Loop", "Parent Relationship": "Outer", "Parallel Aware": false, "Async Capable": false, "Join Type": "Inner", "Startup Cost": 2.02, "Total Cost": 472803.03, "Plan Rows": 5631, "Plan Width": 4, "Actual Rows": 4867, "Actual Loops": 5, "Inner Unique": true, "Workers": [], "Plans": [{"Node Type": "Nested Loop", "Parent Relationship": "Outer", "Parallel Aware": false, "Async Capable": false, "Join Type": "Inner", "Startup Cost": 1.88, "Total Cost": 472095.34, "Plan Rows": 28156, "Plan Width": 8, "Actual Rows": 24246, "Actual Loops": 5, "Inner Unique": true, "Workers": [], "Plans": [{"Node Type": "Nested Loop", "Parent Relationship": "Outer", "Parallel Aware": false, "Async Capable": false, "Join Type": "Inner", "Startup Cost": 1.73, "Total Cost": 471403.03, "Plan Rows": 28156, "Plan Width": 8, "Actual Rows": 24246, "Actual Loops": 5, "Inner Unique": true, "Workers": [], "Plans": [{"Node Type": "Nested Loop", "Parent Relationship": "Outer", "Parallel Aware": false, "Async Capable": false, "Join Type": "Inner", "Startup Cost": 1.3, "Total Cost": 457880.35, "Plan Rows": 28156, "Plan Width": 8, "Actual Rows": 24246, "Actual Loops": 5, "Inner Unique": true, "Workers": [], "Plans": [{"Node Type": "Nested Loop", "Parent Relationship": "Outer", "Parallel Aware": false, "Async Capable": false, "Join Type": "Inner", "Startup Cost": 0.87, "Total Cost": 413512.99, "Plan Rows": 92884, "Plan Width": 8, "Actual Rows": 79770, "Actual Loops": 5, "Inner Unique": false, "Workers": [], "Plans": [{"Node Type": "Index Scan", "Parent Relationship": "Outer", "Parallel Aware": true, "Async Capable": false, "Scan Direction": "Forward", "Index Name": "part_pkey", "Relation Name": "part", "Alias": "part", "Startup Cost": 0.43, "Total Cost": 79193.62, "Plan Rows": 3097, "Plan Width": 4, "Actual Rows": 2659, "Actual Loops": 5, "Filter": "((p_type)::text = 'PROMO POLISHED COPPER'::text)", "Rows Removed by Filter": 397341, "Workers": []}, {"Node Type": "Index Scan", "Parent Relationship": "Inner", "Parallel Aware": false, "Async Capable": false, "Scan Direction": "Forward", "Index Name": "idx_lineitem_part_supp", "Relation Name": "lineitem", "Alias": "lineitem", "Startup Cost": 0.44, "Total Cost": 107.65, "Plan Rows": 30, "Plan Width": 12, "Actual Rows": 30, "Actual Loops": 13296, "Index Cond": "(l_partkey = part.p_partkey)", "Rows Removed by Index Recheck": 0, "Workers": []}]}, {"Node Type": "Index Scan", "Parent Relationship": "Inner", "Parallel Aware": false, "Async Capable": false, "Scan Direction": "Forward", "Index Name": "orders_pkey", "Relation Name": "orders", "Alias": "orders", "Startup Cost": 0.43, "Total Cost": 0.48, "Plan Rows": 1, "Plan Width": 8, "Actual Rows": 0, "Actual Loops": 398851, "Index Cond": "(o_orderkey = lineitem.l_orderkey)", "Rows Removed by Index Recheck": 0, "Filter": "((o_orderdate >= '1995-01-01'::date) AND (o_orderdate <= '1996-12-31'::date))", "Rows Removed by Filter": 1, "Workers": []}]}, {"Node Type": "Index Scan", "Parent Relationship": "Inner", "Parallel Aware": false, "Async Capable": false, "Scan Direction": "Forward", "Index Name": "customer_pkey", "Relation Name": "customer", "Alias": "customer", "Startup Cost": 0.43, "Total Cost": 0.48, "Plan Rows": 1, "Plan Width": 8, "Actual Rows": 1, "Actual Loops": 121229, "Index Cond": "(c_custkey = orders.o_custkey)", "Rows Removed by Index Recheck": 0, "Workers": []}]}, {"Node Type": "Memoize", "Parent Relationship": "Inner", "Parallel Aware": false, "Async Capable": false, "Startup Cost": 0.15, "Total Cost": 0.17, "Plan Rows": 1, "Plan Width": 8, "Actual Rows": 1, "Actual Loops": 121229, "Cache Key": "customer.c_nationkey", "Cache Mode": "logical", "Cache Hits": 32127, "Cache Misses": 25, "Cache Evictions": 0, "Cache Overflows": 0, "Peak Memory Usage": 3, "Workers": [{"Worker Number": 0, "Cache Hits": 21405, "Cache Misses": 25, "Cache Evictions": 0, "Cache Overflows": 0, "Peak Memory Usage": 3}, {"Worker Number": 1, "Cache Hits": 23250, "Cache Misses": 25, "Cache Evictions": 0, "Cache Overflows": 0, "Peak Memory Usage": 3}, {"Worker Number": 2, "Cache Hits": 22885, "Cache Misses": 25, "Cache Evictions": 0, "Cache Overflows": 0, "Peak Memory Usage": 3}, {"Worker Number": 3, "Cache Hits": 21437, "Cache Misses": 25, "Cache Evictions": 0, "Cache Overflows": 0, "Peak Memory Usage": 3}], "Plans": [{"Node Type": "Index Scan", "Parent Relationship": "Outer", "Parallel Aware": false, "Async Capable": false, "Scan Direction": "Forward", "Index Name": "nation_pkey", "Relation Name": "nation", "Alias": "n1", "Startup Cost": 0.14, "Total Cost": 0.16, "Plan Rows": 1, "Plan Width": 8, "Actual Rows": 1, "Actual Loops": 125, "Index Cond": "(n_nationkey = customer.c_nationkey)", "Rows Removed by Index Recheck": 0, "Workers": []}]}]}, {"Node Type": "Memoize", "Parent Relationship": "Inner", "Parallel Aware": false, "Async Capable": false, "Startup Cost": 0.14, "Total Cost": 0.64, "Plan Rows": 1, "Plan Width": 4, "Actual Rows": 0, "Actual Loops": 121229, "Cache Key": "n1.n_regionkey", "Cache Mode": "logical", "Cache Hits": 32147, "Cache Misses": 5, "Cache Evictions": 0, "Cache Overflows": 0, "Peak Memory Usage": 1, "Workers": [{"Worker Number": 0, "Cache Hits": 21425, "Cache Misses": 5, "Cache Evictions": 0, "Cache Overflows": 0, "Peak Memory Usage": 1}, {"Worker Number": 1, "Cache Hits": 23270, "Cache Misses": 5, "Cache Evictions": 0, "Cache Overflows": 0, "Peak Memory Usage": 1}, {"Worker Number": 2, "Cache Hits": 22905, "Cache Misses": 5, "Cache Evictions": 0, "Cache Overflows": 0, "Peak Memory Usage": 1}, {"Worker Number": 3, "Cache Hits": 21457, "Cache Misses": 5, "Cache Evictions": 0, "Cache Overflows": 0, "Peak Memory Usage": 1}], "Plans": [{"Node Type": "Index Scan", "Parent Relationship": "Outer", "Parallel Aware": false, "Async Capable": false, "Scan Direction": "Forward", "Index Name": "region_pkey", "Relation Name": "region", "Alias": "region", "Startup Cost": 0.13, "Total Cost": 0.63, "Plan Rows": 1, "Plan Width": 4, "Actual Rows": 0, "Actual Loops": 25, "Index Cond": "(r_regionkey = n1.n_regionkey)", "Rows Removed by Index Recheck": 0, "Filter": "(r_name = 'ASIA'::bpchar)", "Rows Removed by Filter": 1, "Workers": []}]}]}, {"Node Type": "Index Scan", "Parent Relationship": "Inner", "Parallel Aware": false, "Async Capable": false, "Scan Direction": "Forward", "Index Name": "supplier_pkey", "Relation Name": "supplier", "Alias": "supplier", "Startup Cost": 0.29, "Total Cost": 0.31, "Plan Rows": 1, "Plan Width": 8, "Actual Rows": 1, "Actual Loops": 24336, "Index Cond": "(s_suppkey = lineitem.l_suppkey)", "Rows Removed by Index Recheck": 0, "Workers": []}]}, {"Node Type": "Memoize", "Parent Relationship": "Inner", "Parallel Aware": false, "Async Capable": false, "Startup Cost": 0.15, "Total Cost": 0.17, "Plan Rows": 1, "Plan Width": 4, "Actual Rows": 1, "Actual Loops": 24336, "Cache Key": "supplier.s_nationkey", "Cache Mode": "logical", "Cache Hits": 6465, "Cache Misses": 25, "Cache Evictions": 0, "Cache Overflows": 0, "Peak Memory Usage": 3, "Workers": [{"Worker Number": 0, "Cache Hits": 4216, "Cache Misses": 25, "Cache Evictions": 0, "Cache Overflows": 0, "Peak Memory Usage": 3}, {"Worker Number": 1, "Cache Hits": 4675, "Cache Misses": 25, "Cache Evictions": 0, "Cache Overflows": 0, "Peak Memory Usage": 3}, {"Worker Number": 2, "Cache Hits": 4594, "Cache Misses": 25, "Cache Evictions": 0, "Cache Overflows": 0, "Peak Memory Usage": 3}, {"Worker Number": 3, "Cache Hits": 4261, "Cache Misses": 25, "Cache Evictions": 0, "Cache Overflows": 0, "Peak Memory Usage": 3}], "Plans": [{"Node Type": "Index Only Scan", "Parent Relationship": "Outer", "Parallel Aware": false, "Async Capable": false, "Scan Direction": "Forward", "Index Name": "nation_pkey", "Relation Name": "nation", "Alias": "n2", "Startup Cost": 0.14, "Total Cost": 0.16, "Plan Rows": 1, "Plan Width": 4, "Actual Rows": 1, "Actual Loops": 125, "Index Cond": "(n_nationkey = supplier.s_nationkey)", "Rows Removed by Index Recheck": 0, "Heap Fetches": 125, "Workers": []}]}]}]}]}]}, "Planning Time": 6.688, "Triggers": [], "Execution Time": 3201.35}, {"Plan": {"Node Type": "Aggregate", "Strategy": "Plain", "Partial Mode": "Finalize", "Parallel Aware": false, "Async Capable": false, "Startup Cost": 443753.76, "Total Cost": 443753.77, "Plan Rows": 1, "Plan Width": 8, "Actual Rows": 1, "Actual Loops": 1, "Plans": [{"Node Type": "Gather", "Parent Relationship": "Outer", "Parallel Aware": false, "Async Capable": false, "Startup Cost": 443753.34, "Total Cost": 443753.75, "Plan Rows": 4, "Plan Width": 8, "Actual Rows": 5, "Actual Loops": 1, "Workers Planned": 4, "Workers Launched": 4, "Single Copy": false, "Plans": [{"Node Type": "Aggregate", "Strategy": "Plain", "Partial Mode": "Partial", "Parent Relationship": "Outer", "Parallel Aware": false, "Async Capable": false, "Startup Cost": 442753.34, "Total Cost": 442753.35, "Plan Rows": 1, "Plan Width": 8, "Actual Rows": 1, "Actual Loops": 5, "Workers": [], "Plans": [{"Node Type": "Nested Loop", "Parent Relationship": "Outer", "Parallel Aware": false, "Async Capable": false, "Join Type": "Inner", "Startup Cost": 2.03, "Total Cost": 442739.3, "Plan Rows": 5617, "Plan Width": 0, "Actual Rows": 4867, "Actual Loops": 5, "Inner Unique": true, "Workers": [], "Plans": [{"Node Type": "Nested Loop", "Parent Relationship": "Outer", "Parallel Aware": false, "Async Capable": false, "Join Type": "Inner", "Startup Cost": 1.89, "Total Cost": 442597.98, "Plan Rows": 5617, "Plan Width": 4, "Actual Rows": 4867, "Actual Loops": 5, "Inner Unique": true, "Workers": [], "Plans": [{"Node Type": "Nested Loop", "Parent Relationship": "Outer", "Parallel Aware": false, "Async Capable": false, "Join Type": "Inner", "Startup Cost": 1.59, "Total Cost": 440851.42, "Plan Rows": 5631, "Plan Width": 4, "Actual Rows": 4867, "Actual Loops": 5, "Inner Unique": true, "Workers": [], "Plans": [{"Node Type": "Nested Loop", "Parent Relationship": "Outer", "Parallel Aware": false, "Async Capable": false, "Join Type": "Inner", "Startup Cost": 1.45, "Total Cost": 440143.73, "Plan Rows": 28156, "Plan Width": 8, "Actual Rows": 24246, "Actual Loops": 5, "Inner Unique": true, "Workers": [], "Plans": [{"Node Type": "Nested Loop", "Parent Relationship": "Outer", "Parallel Aware": false, "Async Capable": false, "Join Type": "Inner", "Startup Cost": 1.3, "Total Cost": 439451.41, "Plan Rows": 28156, "Plan Width": 8, "Actual Rows": 24246, "Actual Loops": 5, "Inner Unique": true, "Workers": [], "Plans": [{"Node Type": "Nested Loop", "Parent Relationship": "Outer", "Parallel Aware": false, "Async Capable": false, "Join Type": "Inner", "Startup Cost": 0.88, "Total Cost": 425928.73, "Plan Rows": 28156, "Plan Width": 8, "Actual Rows": 24246, "Actual Loops": 5, "Inner Unique": true, "Workers": [], "Plans": [{"Node Type": "Nested Loop", "Parent Relationship": "Outer", "Parallel Aware": false, "Async Capable": false, "Join Type": "Inner", "Startup Cost": 0.44, "Total Cost": 381561.38, "Plan Rows": 92884, "Plan Width": 8, "Actual Rows": 79770, "Actual Loops": 5, "Inner Unique": false, "Workers": [], "Plans": [{"Node Type": "Seq Scan", "Parent Relationship": "Outer", "Parallel Aware": true, "Async Capable": false, "Relation Name": "part", "Alias": "part", "Startup Cost": 0.0, "Total Cost": 47242.0, "Plan Rows": 3097, "Plan Width": 4, "Actual Rows": 2659, "Actual Loops": 5, "Filter": "((p_type)::text = 'PROMO POLISHED COPPER'::text)", "Rows Removed by Filter": 397341, "Workers": []}, {"Node Type": "Index Scan", "Parent Relationship": "Inner", "Parallel Aware": false, "Async Capable": false, "Scan Direction": "Forward", "Index Name": "idx_lineitem_part_supp", "Relation Name": "lineitem", "Alias": "lineitem", "Startup Cost": 0.44, "Total Cost": 107.65, "Plan Rows": 30, "Plan Width": 12, "Actual Rows": 30, "Actual Loops": 13296, "Index Cond": "(l_partkey = part.p_partkey)", "Rows Removed by Index Recheck": 0, "Workers": []}]}, {"Node Type": "Index Scan", "Parent Relationship": "Inner", "Parallel Aware": false, "Async Capable": false, "Scan Direction": "Forward", "Index Name": "orders_pkey", "Relation Name": "orders", "Alias": "orders", "Startup Cost": 0.43, "Total Cost": 0.48, "Plan Rows": 1, "Plan Width": 8, "Actual Rows": 0, "Actual Loops": 398851, "Index Cond": "(o_orderkey = lineitem.l_orderkey)", "Rows Removed by Index Recheck": 0, "Filter": "((o_orderdate >= '1995-01-01'::date) AND (o_orderdate <= '1996-12-31'::date))", "Rows Removed by Filter": 1, "Workers": []}]}, {"Node Type": "Index Scan", "Parent Relationship": "Inner", "Parallel Aware": false, "Async Capable": false, "Scan Direction": "Forward", "Index Name": "customer_pkey", "Relation Name": "customer", "Alias": "customer", "Startup Cost": 0.43, "Total Cost": 0.48, "Plan Rows": 1, "Plan Width": 8, "Actual Rows": 1, "Actual Loops": 121229, "Index Cond": "(c_custkey = orders.o_custkey)", "Rows Removed by Index Recheck": 0, "Workers": []}]}, {"Node Type": "Memoize", "Parent Relationship": "Inner", "Parallel Aware": false, "Async Capable": false, "Startup Cost": 0.15, "Total Cost": 0.17, "Plan Rows": 1, "Plan Width": 8, "Actual Rows": 1, "Actual Loops": 121229, "Cache Key": "customer.c_nationkey", "Cache Mode": "logical", "Cache Hits": 31934, "Cache Misses": 25, "Cache Evictions": 0, "Cache Overflows": 0, "Peak Memory Usage": 3, "Workers": [{"Worker Number": 0, "Cache Hits": 21351, "Cache Misses": 25, "Cache Evictions": 0, "Cache Overflows": 0, "Peak Memory Usage": 3}, {"Worker Number": 1, "Cache Hits": 23153, "Cache Misses": 25, "Cache Evictions": 0, "Cache Overflows": 0, "Peak Memory Usage": 3}, {"Worker Number": 2, "Cache Hits": 23261, "Cache Misses": 25, "Cache Evictions": 0, "Cache Overflows": 0, "Peak Memory Usage": 3}, {"Worker Number": 3, "Cache Hits": 21405, "Cache Misses": 25, "Cache Evictions": 0, "Cache Overflows": 0, "Peak Memory Usage": 3}], "Plans": [{"Node Type": "Index Scan", "Parent Relationship": "Outer", "Parallel Aware": false, "Async Capable": false, "Scan Direction": "Forward", "Index Name": "nation_pkey", "Relation Name": "nation", "Alias": "n1", "Startup Cost": 0.14, "Total Cost": 0.16, "Plan Rows": 1, "Plan Width": 8, "Actual Rows": 1, "Actual Loops": 125, "Index Cond": "(n_nationkey = customer.c_nationkey)", "Rows Removed by Index Recheck": 0, "Workers": []}]}]}, {"Node Type": "Memoize", "Parent Relationship": "Inner", "Parallel Aware": false, "Async Capable": false, "Startup Cost": 0.14, "Total Cost": 0.64, "Plan Rows": 1, "Plan Width": 4, "Actual Rows": 0, "Actual Loops": 121229, "Cache Key": "n1.n_regionkey", "Cache Mode": "logical", "Cache Hits": 31954, "Cache Misses": 5, "Cache Evictions": 0, "Cache Overflows": 0, "Peak Memory Usage": 1, "Workers": [{"Worker Number": 0, "Cache Hits": 21371, "Cache Misses": 5, "Cache Evictions": 0, "Cache Overflows": 0, "Peak Memory Usage": 1}, {"Worker Number": 1, "Cache Hits": 23173, "Cache Misses": 5, "Cache Evictions": 0, "Cache Overflows": 0, "Peak Memory Usage": 1}, {"Worker Number": 2, "Cache Hits": 23281, "Cache Misses": 5, "Cache Evictions": 0, "Cache Overflows": 0, "Peak Memory Usage": 1}, {"Worker Number": 3, "Cache Hits": 21425, "Cache Misses": 5, "Cache Evictions": 0, "Cache Overflows": 0, "Peak Memory Usage": 1}], "Plans": [{"Node Type": "Index Scan", "Parent Relationship": "Outer", "Parallel Aware": false, "Async Capable": false, "Scan Direction": "Forward", "Index Name": "region_pkey", "Relation Name": "region", "Alias": "region", "Startup Cost": 0.13, "Total Cost": 0.63, "Plan Rows": 1, "Plan Width": 4, "Actual Rows": 0, "Actual Loops": 25, "Index Cond": "(r_regionkey = n1.n_regionkey)", "Rows Removed by Index Recheck": 0, "Filter": "(r_name = 'ASIA'::bpchar)", "Rows Removed by Filter": 1, "Workers": []}]}]}, {"Node Type": "Index Scan", "Parent Relationship": "Inner", "Parallel Aware": false, "Async Capable": false, "Scan Direction": "Forward", "Index Name": "supplier_pkey", "Relation Name": "supplier", "Alias": "supplier", "Startup Cost": 0.29, "Total Cost": 0.31, "Plan Rows": 1, "Plan Width": 8, "Actual Rows": 1, "Actual Loops": 24336, "Index Cond": "(s_suppkey = lineitem.l_suppkey)", "Rows Removed by Index Recheck": 0, "Workers": []}]}, {"Node Type": "Memoize", "Parent Relationship": "Inner", "Parallel Aware": false, "Async Capable": false, "Startup Cost": 0.15, "Total Cost": 0.17, "Plan Rows": 1, "Plan Width": 4, "Actual Rows": 1, "Actual Loops": 24336, "Cache Key": "supplier.s_nationkey", "Cache Mode": "logical", "Cache Hits": 6312, "Cache Misses": 25, "Cache Evictions": 0, "Cache Overflows": 0, "Peak Memory Usage": 3, "Workers": [{"Worker Number": 0, "Cache Hits": 4236, "Cache Misses": 25, "Cache Evictions": 0, "Cache Overflows": 0, "Peak Memory Usage": 3}, {"Worker Number": 1, "Cache Hits": 4653, "Cache Misses": 25, "Cache Evictions": 0, "Cache Overflows": 0, "Peak Memory Usage": 3}, {"Worker Number": 2, "Cache Hits": 4719, "Cache Misses": 25, "Cache Evictions": 0, "Cache Overflows": 0, "Peak Memory Usage": 3}, {"Worker Number": 3, "Cache Hits": 4291, "Cache Misses": 25, "Cache Evictions": 0, "Cache Overflows": 0, "Peak Memory Usage": 3}], "Plans": [{"Node Type": "Index Only Scan", "Parent Relationship": "Outer", "Parallel Aware": false, "Async Capable": false, "Scan Direction": "Forward", "Index Name": "nation_pkey", "Relation Name": "nation", "Alias": "n2", "Startup Cost": 0.14, "Total Cost": 0.16, "Plan Rows": 1, "Plan Width": 4, "Actual Rows": 1, "Actual Loops": 125, "Index Cond": "(n_nationkey = supplier.s_nationkey)", "Rows Removed by Index Recheck": 0, "Heap Fetches": 125, "Workers": []}]}]}]}]}]}, "Planning Time": 6.78, "Triggers": [], "Execution Time": 3177.33}, {"Plan": {"Node Type": "Aggregate", "Strategy": "Plain", "Partial Mode": "Simple", "Parallel Aware": false, "Async Capable": false, "Startup Cost": 3153653.09, "Total Cost": 3153653.1, "Plan Rows": 1, "Plan Width": 8, "Plans": [{"Node Type": "Merge Join", "Parent Relationship": "Outer", "Parallel Aware": false, "Async Capable": false, "Join Type": "Inner", "Startup Cost": 3153259.79, "Total Cost": 3153596.92, "Plan Rows": 22467, "Plan Width": 0, "Inner Unique": true, "Merge Cond": "(supplier.s_nationkey = n2.n_nationkey)", "Plans": [{"Node Type": "Sort", "Parent Relationship": "Outer", "Parallel Aware": false, "Async Capable": false, "Startup Cost": 3153257.96, "Total Cost": 3153314.13, "Plan Rows": 22467, "Plan Width": 4, "Sort Key": ["supplier.s_nationkey"], "Plans": [{"Node Type": "Merge Join", "Parent Relationship": "Outer", "Parallel Aware": false, "Async Capable": false, "Join Type": "Inner", "Startup Cost": 3146173.73, "Total Cost": 3151634.1, "Plan Rows": 22467, "Plan Width": 4, "Inner Unique": false, "Merge Cond": "(supplier.s_suppkey = lineitem.l_suppkey)", "Plans": [{"Node Type": "Index Scan", "Parent Relationship": "Outer", "Parallel Aware": false, "Async Capable": false, "Scan Direction": "Forward", "Index Name": "supplier_pkey", "Relation Name": "supplier", "Alias": "supplier", "Startup Cost": 0.29, "Total Cost": 4873.38, "Plan Rows": 100000, "Plan Width": 8}, {"Node Type": "Sort", "Parent Relationship": "Inner", "Parallel Aware": false, "Async Capable": false, "Startup Cost": 3146173.43, "Total Cost": 3146229.75, "Plan Rows": 22525, "Plan Width": 4, "Sort Key": ["lineitem.l_suppkey"], "Plans": [{"Node Type": "Merge Join", "Parent Relationship": "Outer", "Parallel Aware": false, "Async Capable": false, "Join Type": "Inner", "Startup Cost": 3143756.57, "Total Cost": 3144544.96, "Plan Rows": 22525, "Plan Width": 4, "Inner Unique": false, "Merge Cond": "(n1.n_nationkey = customer.c_nationkey)", "Plans": [{"Node Type": "Sort", "Parent Relationship": "Outer", "Parallel Aware": false, "Async Capable": false, "Startup Cost": 3.14, "Total Cost": 3.16, "Plan Rows": 5, "Plan Width": 4, "Sort Key": ["n1.n_nationkey"], "Plans": [{"Node Type": "Merge Join", "Parent Relationship": "Outer", "Parallel Aware": false, "Async Capable": false, "Join Type": "Inner", "Startup Cost": 2.9, "Total Cost": 3.09, "Plan Rows": 5, "Plan Width": 4, "Inner Unique": true, "Merge Cond": "(n1.n_regionkey = region.r_regionkey)", "Plans": [{"Node Type": "Sort", "Parent Relationship": "Outer", "Parallel Aware": false, "Async Capable": false, "Startup Cost": 1.83, "Total Cost": 1.89, "Plan Rows": 25, "Plan Width": 8, "Sort Key": ["n1.n_regionkey"], "Plans": [{"Node Type": "Seq Scan", "Parent Relationship": "Outer", "Parallel Aware": false, "Async Capable": false, "Relation Name": "nation", "Alias": "n1", "Startup Cost": 0.0, "Total Cost": 1.25, "Plan Rows": 25, "Plan Width": 8}]}, {"Node Type": "Sort", "Parent Relationship": "Inner", "Parallel Aware": false, "Async Capable": false, "Startup Cost": 1.07, "Total Cost": 1.08, "Plan Rows": 1, "Plan Width": 4, "Sort Key": ["region.r_regionkey"], "Plans": [{"Node Type": "Seq Scan", "Parent Relationship": "Outer", "Parallel Aware": false, "Async Capable": false, "Relation Name": "region", "Alias": "region", "Startup Cost": 0.0, "Total Cost": 1.06, "Plan Rows": 1, "Plan Width": 4, "Filter": "(r_name = 'ASIA'::bpchar)"}]}]}]}, {"Node Type": "Sort", "Parent Relationship": "Inner", "Parallel Aware": false, "Async Capable": false, "Startup Cost": 3143753.43, "Total Cost": 3144034.98, "Plan Rows": 112623, "Plan Width": 8, "Sort Key": ["customer.c_nationkey"], "Plans": [{"Node Type": "Merge Join", "Parent Relationship": "Outer", "Parallel Aware": false, "Async Capable": false, "Join Type": "Inner", "Startup Cost": 3053914.71, "Total Cost": 3134303.71, "Plan Rows": 112623, "Plan Width": 8, "Inner Unique": false, "Merge Cond": "(customer.c_custkey = orders.o_custkey)", "Plans": [{"Node Type": "Index Scan", "Parent Relationship": "Outer", "Parallel Aware": false, "Async Capable": false, "Scan Direction": "Forward", "Index Name": "customer_pkey", "Relation Name": "customer", "Alias": "customer", "Startup Cost": 0.43, "Total Cost": 74952.71, "Plan Rows": 1500000, "Plan Width": 8}, {"Node Type": "Sort", "Parent Relationship": "Inner", "Parallel Aware": false, "Async Capable": false, "Startup Cost": 3053911.66, "Total Cost": 3054193.22, "Plan Rows": 112623, "Plan Width": 8, "Sort Key": ["orders.o_custkey"], "Plans": [{"Node Type": "Gather", "Parent Relationship": "Outer", "Parallel Aware": false, "Async Capable": false, "Startup Cost": 3019988.66, "Total Cost": 3044461.95, "Plan Rows": 112623, "Plan Width": 8, "Workers Planned": 7, "Single Copy": false, "Plans": [{"Node Type": "Merge Join", "Parent Relationship": "Outer", "Parallel Aware": false, "Async Capable": false, "Join Type": "Inner", "Startup Cost": 3018988.66, "Total Cost": 3032199.65, "Plan Rows": 16089, "Plan Width": 8, "Inner Unique": true, "Merge Cond": "(lineitem.l_partkey = part.p_partkey)", "Plans": [{"Node Type": "Sort", "Parent Relationship": "Outer", "Parallel Aware": false, "Async Capable": false, "Startup Cost": 2952154.42, "Total Cost": 2958648.73, "Plan Rows": 2597725, "Plan Width": 12, "Sort Key": ["lineitem.l_partkey"], "Plans": [{"Node Type": "Merge Join", "Parent Relationship": "Outer", "Parallel Aware": false, "Async Capable": false, "Join Type": "Inner", "Startup Cost": 7.0, "Total Cost": 2675382.18, "Plan Rows": 2597725, "Plan Width": 12, "Inner Unique": true, "Merge Cond": "(lineitem.l_orderkey = orders.o_orderkey)", "Plans": [{"Node Type": "Index Scan", "Parent Relationship": "Outer", "Parallel Aware": true, "Async Capable": false, "Scan Direction": "Forward", "Index Name": "idx_lineitem_orderkey", "Relation Name": "lineitem", "Alias": "lineitem", "Startup Cost": 0.56, "Total Cost": 1890883.43, "Plan Rows": 8569775, "Plan Width": 12}, {"Node Type": "Index Scan", "Parent Relationship": "Inner", "Parallel Aware": false, "Async Capable": false, "Scan Direction": "Forward", "Index Name": "orders_pkey", "Relation Name": "orders", "Alias": "orders", "Startup Cost": 0.43, "Total Cost": 725797.51, "Plan Rows": 4546865, "Plan Width": 8, "Filter": "((o_orderdate >= '1995-01-01'::date) AND (o_orderdate <= '1996-12-31'::date))"}]}]}, {"Node Type": "Sort", "Parent Relationship": "Inner", "Parallel Aware": false, "Async Capable": false, "Startup Cost": 66834.1, "Total Cost": 66865.07, "Plan Rows": 12387, "Plan Width": 4, "Sort Key": ["part.p_partkey"], "Plans": [{"Node Type": "Seq Scan", "Parent Relationship": "Outer", "Parallel Aware": false, "Async Capable": false, "Relation Name": "part", "Alias": "part", "Startup Cost": 0.0, "Total Cost": 65992.0, "Plan Rows": 12387, "Plan Width": 4, "Filter": "((p_type)::text = 'PROMO POLISHED COPPER'::text)"}]}]}]}]}]}]}]}]}]}]}, {"Node Type": "Sort", "Parent Relationship": "Inner", "Parallel Aware": false, "Async Capable": false, "Startup Cost": 1.83, "Total Cost": 1.89, "Plan Rows": 25, "Plan Width": 4, "Sort Key": ["n2.n_nationkey"], "Plans": [{"Node Type": "Seq Scan", "Parent Relationship": "Outer", "Parallel Aware": false, "Async Capable": false, "Relation Name": "nation", "Alias": "n2", "Startup Cost": 0.0, "Total Cost": 1.25, "Plan Rows": 25, "Plan Width": 4}]}]}]}}, {"Plan": {"Node Type": "Aggregate", "Strategy": "Plain", "Partial Mode": "Simple", "Parallel Aware": false, "Async Capable": false, "Startup Cost": 70004282621.46, "Total Cost": 70004282621.47, "Plan Rows": 1, "Plan Width": 8, "Plans": [{"Node Type": "Nested Loop", "Parent Relationship": "Outer", "Parallel Aware": false, "Async Capable": false, "Join Type": "Inner", "Startup Cost": 70004276451.46, "Total Cost": 70004282565.29, "Plan Rows": 22467, "Plan Width": 0, "Inner Unique": true, "Plans": [{"Node Type": "Merge Join", "Parent Relationship": "Outer", "Parallel Aware": false, "Async Capable": false, "Join Type": "Inner", "Startup Cost": 60004276451.3, "Total Cost": 60004281911.68, "Plan Rows": 22467, "Plan Width": 4, "Inner Unique": true, "Merge Cond": "(lineitem.l_suppkey = supplier.s_suppkey)", "Plans": [{"Node Type": "Sort", "Parent Relationship": "Outer", "Parallel Aware": false, "Async Capable": false, "Startup Cost": 50004276451.01, "Total Cost": 50004276507.32, "Plan Rows": 22525, "Plan Width": 4, "Sort Key": ["lineitem.l_suppkey"], "Plans": [{"Node Type": "Merge Join", "Parent Relationship": "Outer", "Parallel Aware": false, "Async Capable": false, "Join Type": "Inner", "Startup Cost": 50004158439.7, "Total Cost": 50004274822.54, "Plan Rows": 22525, "Plan Width": 4, "Inner Unique": true, "Merge Cond": "(lineitem.l_partkey = part.p_partkey)", "Plans": [{"Node Type": "Sort", "Parent Relationship": "Outer", "Parallel Aware": false, "Async Capable": false, "Startup Cost": 40004158439.07, "Total Cost": 40004167531.11, "Plan Rows": 3636815, "Plan Width": 8, "Sort Key": ["lineitem.l_partkey"], "Plans": [{"Node Type": "Merge Join", "Parent Relationship": "Outer", "Parallel Aware": false, "Async Capable": false, "Join Type": "Inner", "Startup Cost": 40001166265.84, "Total Cost": 40003762130.9, "Plan Rows": 3636815, "Plan Width": 8, "Inner Unique": false, "Merge Cond": "(orders.o_orderkey = lineitem.l_orderkey)", "Plans": [{"Node Type": "Sort", "Parent Relationship": "Outer", "Parallel Aware": false, "Async Capable": false, "Startup Cost": 30001166265.24, "Total Cost": 30001168538.67, "Plan Rows": 909373, "Plan Width": 4, "Sort Key": ["orders.o_orderkey"], "Plans": [{"Node Type": "Merge Join", "Parent Relationship": "Outer", "Parallel Aware": false, "Async Capable": false, "Join Type": "Inner", "Startup Cost": 30000894437.18, "Total Cost": 30001076262.26, "Plan Rows": 909373, "Plan Width": 4, "Inner Unique": false, "Merge Cond": "(customer.c_custkey = orders.o_custkey)", "Plans": [{"Node Type": "Nested Loop", "Parent Relationship": "Outer", "Parallel Aware": false, "Async Capable": false, "Join Type": "Inner", "Startup Cost": 30000000001.05, "Total Cost": 30000149253.18, "Plan Rows": 300000, "Plan Width": 4, "Inner Unique": true, "Plans": [{"Node Type": "Nested Loop", "Parent Relationship": "Outer", "Parallel Aware": false, "Async Capable": false, "Join Type": "Inner", "Startup Cost": 20000000000.58, "Total Cost": 20000111726.34, "Plan Rows": 1500000, "Plan Width": 8, "Inner Unique": true, "Plans": [{"Node Type": "Index Scan", "Parent Relationship": "Outer", "Parallel Aware": false, "Async Capable": false, "Scan Direction": "Forward", "Index Name": "customer_pkey", "Relation Name": "customer", "Alias": "customer", "Startup Cost": 10000000000.43, "Total Cost": 10000074952.71, "Plan Rows": 1500000, "Plan Width": 8}, {"Node Type": "Memoize", "Parent Relationship": "Inner", "Parallel Aware": false, "Async Capable": false, "Startup Cost": 0.16, "Total Cost": 4.17, "Plan Rows": 1, "Plan Width": 8, "Cache Key": "customer.c_nationkey", "Cache Mode": "logical", "Plans": [{"Node Type": "Bitmap Heap Scan", "Parent Relationship": "Outer", "Parallel Aware": false, "Async Capable": false, "Relation Name": "nation", "Alias": "n1", "Startup Cost": 0.15, "Total Cost": 4.16, "Plan Rows": 1, "Plan Width": 8, "Recheck Cond": "(customer.c_nationkey = n_nationkey)", "Plans": [{"Node Type": "Bitmap Index Scan", "Parent Relationship": "Outer", "Parallel Aware": false, "Async Capable": false, "Index Name": "nation_pkey", "Startup Cost": 0.0, "Total Cost": 0.15, "Plan Rows": 1, "Plan Width": 0, "Index Cond": "(n_nationkey = customer.c_nationkey)"}]}]}]}, {"Node Type": "Memoize", "Parent Relationship": "Inner", "Parallel Aware": false, "Async Capable": false, "Startup Cost": 0.47, "Total Cost": 4.49, "Plan Rows": 1, "Plan Width": 4, "Cache Key": "n1.n_regionkey", "Cache Mode": "logical", "Plans": [{"Node Type": "Bitmap Heap Scan", "Parent Relationship": "Outer", "Parallel Aware": false, "Async Capable": false, "Relation Name": "region", "Alias": "region", "Startup Cost": 0.46, "Total Cost": 4.48, "Plan Rows": 1, "Plan Width": 4, "Recheck Cond": "(n1.n_regionkey = r_regionkey)", "Filter": "(r_name = 'ASIA'::bpchar)", "Plans": [{"Node Type": "Bitmap Index Scan", "Parent Relationship": "Outer", "Parallel Aware": false, "Async Capable": false, "Index Name": "region_pkey", "Startup Cost": 0.0, "Total Cost": 0.46, "Plan Rows": 1, "Plan Width": 0, "Index Cond": "(r_regionkey = n1.n_regionkey)"}]}]}]}, {"Node Type": "Sort", "Parent Relationship": "Inner", "Parallel Aware": false, "Async Capable": false, "Startup Cost": 894431.13, "Total Cost": 905798.29, "Plan Rows": 4546865, "Plan Width": 8, "Sort Key": ["orders.o_custkey"], "Plans": [{"Node Type": "Bitmap Heap Scan", "Parent Relationship": "Outer", "Parallel Aware": false, "Async Capable": false, "Relation Name": "orders", "Alias": "orders", "Startup Cost": 62153.8, "Total Cost": 391628.78, "Plan Rows": 4546865, "Plan Width": 8, "Recheck Cond": "((o_orderdate >= '1995-01-01'::date) AND (o_orderdate <= '1996-12-31'::date))", "Plans": [{"Node Type": "Bitmap Index Scan", "Parent Relationship": "Outer", "Parallel Aware": false, "Async Capable": false, "Index Name": "idx_orders_orderdate", "Startup Cost": 0.0, "Total Cost": 61017.08, "Plan Rows": 4546865, "Plan Width": 0, "Index Cond": "((o_orderdate >= '1995-01-01'::date) AND (o_orderdate <= '1996-12-31'::date))"}]}]}]}]}, {"Node Type": "Index Scan", "Parent Relationship": "Inner", "Parallel Aware": false, "Async Capable": false, "Scan Direction": "Forward", "Index Name": "idx_lineitem_orderkey", "Relation Name": "lineitem", "Alias": "lineitem", "Startup Cost": 10000000000.57, "Total Cost": 10002405069.93, "Plan Rows": 59988424, "Plan Width": 12}]}]}, {"Node Type": "Index Scan", "Parent Relationship": "Inner", "Parallel Aware": false, "Async Capable": false, "Scan Direction": "Forward", "Index Name": "part_pkey", "Relation Name": "part", "Alias": "part", "Startup Cost": 10000000000.43, "Total Cost": 10000097943.62, "Plan Rows": 12387, "Plan Width": 4, "Filter": "((p_type)::text = 'PROMO POLISHED COPPER'::text)"}]}]}, {"Node Type": "Index Scan", "Parent Relationship": "Inner", "Parallel Aware": false, "Async Capable": false, "Scan Direction": "Forward", "Index Name": "supplier_pkey", "Relation Name": "supplier", "Alias": "supplier", "Startup Cost": 10000000000.29, "Total Cost": 10000004873.38, "Plan Rows": 100000, "Plan Width": 8}]}, {"Node Type": "Memoize", "Parent Relationship": "Inner", "Parallel Aware": false, "Async Capable": false, "Startup Cost": 0.16, "Total Cost": 4.17, "Plan Rows": 1, "Plan Width": 4, "Cache Key": "supplier.s_nationkey", "Cache Mode": "logical", "Plans": [{"Node Type": "Bitmap Heap Scan", "Parent Relationship": "Outer", "Parallel Aware": false, "Async Capable": false, "Relation Name": "nation", "Alias": "n2", "Startup Cost": 0.15, "Total Cost": 4.16, "Plan Rows": 1, "Plan Width": 4, "Recheck Cond": "(supplier.s_nationkey = n_nationkey)", "Plans": [{"Node Type": "Bitmap Index Scan", "Parent Relationship": "Outer", "Parallel Aware": false, "Async Capable": false, "Index Name": "nation_pkey", "Startup Cost": 0.0, "Total Cost": 0.15, "Plan Rows": 1, "Plan Width": 0, "Index Cond": "(n_nationkey = supplier.s_nationkey)"}]}]}]}]}}, {"Plan": {"Node Type": "Aggregate", "Strategy": "Plain", "Partial Mode": "Finalize", "Parallel Aware": false, "Async Capable": false, "Startup Cost": 877386.27, "Total Cost": 877386.28, "Plan Rows": 1, "Plan Width": 8, "Actual Rows": 1, "Actual Loops": 1, "Plans": [{"Node Type": "Gather", "Parent Relationship": "Outer", "Parallel Aware": false, "Async Capable": false, "Startup Cost": 877385.85, "Total Cost": 877386.26, "Plan Rows": 4, "Plan Width": 8, "Actual Rows": 5, "Actual Loops": 1, "Workers Planned": 4, "Workers Launched": 4, "Single Copy": false, "Plans": [{"Node Type": "Aggregate", "Strategy": "Plain", "Partial Mode": "Partial", "Parent Relationship": "Outer", "Parallel Aware": false, "Async Capable": false, "Startup Cost": 876385.85, "Total Cost": 876385.86, "Plan Rows": 1, "Plan Width": 8, "Actual Rows": 1, "Actual Loops": 5, "Workers": [], "Plans": [{"Node Type": "Nested Loop", "Parent Relationship": "Outer", "Parallel Aware": false, "Async Capable": false, "Join Type": "Inner", "Startup Cost": 875545.96, "Total Cost": 876371.81, "Plan Rows": 5617, "Plan Width": 0, "Actual Rows": 4867, "Actual Loops": 5, "Inner Unique": true, "Workers": [], "Plans": [{"Node Type": "Merge Join", "Parent Relationship": "Outer", "Parallel Aware": false, "Async Capable": false, "Join Type": "Inner", "Startup Cost": 875545.8, "Total Cost": 876130.13, "Plan Rows": 5617, "Plan Width": 4, "Actual Rows": 4867, "Actual Loops": 5, "Inner Unique": true, "Merge Cond": "(lineitem.l_suppkey = supplier.s_suppkey)", "Workers": [], "Plans": [{"Node Type": "Sort", "Parent Relationship": "Outer", "Parallel Aware": false, "Async Capable": false, "Startup Cost": 863976.98, "Total Cost": 863991.06, "Plan Rows": 5631, "Plan Width": 4, "Actual Rows": 4867, "Actual Loops": 5, "Sort Key": ["lineitem.l_suppkey"], "Sort Method": "quicksort", "Sort Space Used": 193, "Sort Space Type": "Memory", "Workers": [{"Worker Number": 0, "Sort Method": "quicksort", "Sort Space Used": 193, "Sort Space Type": "Memory"}, {"Worker Number": 1, "Sort Method": "quicksort", "Sort Space Used": 193, "Sort Space Type": "Memory"}, {"Worker Number": 2, "Sort Method": "quicksort", "Sort Space Used": 193, "Sort Space Type": "Memory"}, {"Worker Number": 3, "Sort Method": "quicksort", "Sort Space Used": 193, "Sort Space Type": "Memory"}], "Plans": [{"Node Type": "Merge Join", "Parent Relationship": "Outer", "Parallel Aware": false, "Async Capable": false, "Join Type": "Inner", "Startup Cost": 861929.15, "Total Cost": 863626.19, "Plan Rows": 5631, "Plan Width": 4, "Actual Rows": 4867, "Actual Loops": 5, "Inner Unique": false, "Merge Cond": "(orders.o_custkey = customer.c_custkey)", "Workers": [], "Plans": [{"Node Type": "Sort", "Parent Relationship": "Outer", "Parallel Aware": false, "Async Capable": false, "Startup Cost": 800398.4, "Total Cost": 800468.79, "Plan Rows": 28156, "Plan Width": 8, "Actual Rows": 24246, "Actual Loops": 5, "Sort Key": ["orders.o_custkey"], "Sort Method": "quicksort", "Sort Space Used": 1783, "Sort Space Type": "Memory", "Workers": [{"Worker Number": 0, "Sort Method": "quicksort", "Sort Space Used": 1435, "Sort Space Type": "Memory"}, {"Worker Number": 1, "Sort Method": "quicksort", "Sort Space Used": 1485, "Sort Space Type": "Memory"}, {"Worker Number": 2, "Sort Method": "quicksort", "Sort Space Used": 1503, "Sort Space Type": "Memory"}, {"Worker Number": 3, "Sort Method": "quicksort", "Sort Space Used": 1425, "Sort Space Type": "Memory"}], "Plans": [{"Node Type": "Nested Loop", "Parent Relationship": "Outer", "Parallel Aware": false, "Async Capable": false, "Join Type": "Inner", "Startup Cost": 4.81, "Total Cost": 798317.5, "Plan Rows": 28156, "Plan Width": 8, "Actual Rows": 24246, "Actual Loops": 5, "Inner Unique": true, "Workers": [], "Plans": [{"Node Type": "Nested Loop", "Parent Relationship": "Outer", "Parallel Aware": false, "Async Capable": false, "Join Type": "Inner", "Startup Cost": 4.36, "Total Cost": 383776.9, "Plan Rows": 92884, "Plan Width": 8, "Actual Rows": 79770, "Actual Loops": 5, "Inner Unique": false, "Workers": [], "Plans": [{"Node Type": "Seq Scan", "Parent Relationship": "Outer", "Parallel Aware": true, "Async Capable": false, "Relation Name": "part", "Alias": "part", "Startup Cost": 0.0, "Total Cost": 47242.0, "Plan Rows": 3097, "Plan Width": 4, "Actual Rows": 2659, "Actual Loops": 5, "Filter": "((p_type)::text = 'PROMO POLISHED COPPER'::text)", "Rows Removed by Filter": 397341, "Workers": []}, {"Node Type": "Bitmap Heap Scan", "Parent Relationship": "Inner", "Parallel Aware": false, "Async Capable": false, "Relation Name": "lineitem", "Alias": "lineitem", "Startup Cost": 4.36, "Total Cost": 108.36, "Plan Rows": 30, "Plan Width": 12, "Actual Rows": 30, "Actual Loops": 13296, "Recheck Cond": "(part.p_partkey = l_partkey)", "Rows Removed by Index Recheck": 0, "Exact Heap Blocks": 107502, "Lossy Heap Blocks": 0, "Workers": [], "Plans": [{"Node Type": "Bitmap Index Scan", "Parent Relationship": "Outer", "Parallel Aware": false, "Async Capable": false, "Index Name": "idx_lineitem_part_supp", "Startup Cost": 0.0, "Total Cost": 4.36, "Plan Rows": 30, "Plan Width": 0, "Actual Rows": 30, "Actual Loops": 13296, "Index Cond": "(l_partkey = part.p_partkey)", "Workers": []}]}]}, {"Node Type": "Bitmap Heap Scan", "Parent Relationship": "Inner", "Parallel Aware": false, "Async Capable": false, "Relation Name": "orders", "Alias": "orders", "Startup Cost": 0.45, "Total Cost": 4.46, "Plan Rows": 1, "Plan Width": 8, "Actual Rows": 0, "Actual Loops": 398851, "Recheck Cond": "(lineitem.l_orderkey = o_orderkey)", "Rows Removed by Index Recheck": 0, "Filter": "((o_orderdate >= '1995-01-01'::date) AND (o_orderdate <= '1996-12-31'::date))", "Rows Removed by Filter": 1, "Exact Heap Blocks": 107504, "Lossy Heap Blocks": 0, "Workers": [], "Plans": [{"Node Type": "Bitmap Index Scan", "Parent Relationship": "Outer", "Parallel Aware": false, "Async Capable": false, "Index Name": "orders_pkey", "Startup Cost": 0.0, "Total Cost": 0.45, "Plan Rows": 1, "Plan Width": 0, "Actual Rows": 1, "Actual Loops": 398851, "Index Cond": "(o_orderkey = lineitem.l_orderkey)", "Workers": []}]}]}]}, {"Node Type": "Sort", "Parent Relationship": "Inner", "Parallel Aware": false, "Async Capable": false, "Startup Cost": 61530.71, "Total Cost": 62280.71, "Plan Rows": 300000, "Plan Width": 4, "Actual Rows": 300331, "Actual Loops": 5, "Sort Key": ["customer.c_custkey"], "Sort Method": "quicksort", "Sort Space Used": 12289, "Sort Space Type": "Memory", "Workers": [{"Worker Number": 0, "Sort Method": "quicksort", "Sort Space Used": 12289, "Sort Space Type": "Memory"}, {"Worker Number": 1, "Sort Method": "quicksort", "Sort Space Used": 12289, "Sort Space Type": "Memory"}, {"Worker Number": 2, "Sort Method": "quicksort", "Sort Space Used": 12289, "Sort Space Type": "Memory"}, {"Worker Number": 3, "Sort Method": "quicksort", "Sort Space Used": 12289, "Sort Space Type": "Memory"}], "Plans": [{"Node Type": "Nested Loop", "Parent Relationship": "Outer", "Parallel Aware": false, "Async Capable": false, "Join Type": "Inner", "Startup Cost": 601.43, "Total Cost": 34238.8, "Plan Rows": 300000, "Plan Width": 4, "Actual Rows": 300270, "Actual Loops": 5, "Inner Unique": false, "Workers": [], "Plans": [{"Node Type": "Nested Loop", "Parent Relationship": "Outer", "Parallel Aware": false, "Async Capable": false, "Join Type": "Inner", "Startup Cost": 0.0, "Total Cost": 2.62, "Plan Rows": 5, "Plan Width": 4, "Actual Rows": 5, "Actual Loops": 5, "Inner Unique": false, "Join Filter": "(n1.n_regionkey = region.r_regionkey)", "Rows Removed by Join Filter": 20, "Workers": [], "Plans": [{"Node Type": "Seq Scan", "Parent Relationship": "Outer", "Parallel Aware": false, "Async Capable": false, "Relation Name": "region", "Alias": "region", "Startup Cost": 0.0, "Total Cost": 1.06, "Plan Rows": 1, "Plan Width": 4, "Actual Rows": 1, "Actual Loops": 5, "Filter": "(r_name = 'ASIA'::bpchar)", "Rows Removed by Filter": 4, "Workers": []}, {"Node Type": "Seq Scan", "Parent Relationship": "Inner", "Parallel Aware": false, "Async Capable": false, "Relation Name": "nation", "Alias": "n1", "Startup Cost": 0.0, "Total Cost": 1.25, "Plan Rows": 25, "Plan Width": 8, "Actual Rows": 25, "Actual Loops": 5, "Workers": []}]}, {"Node Type": "Bitmap Heap Scan", "Parent Relationship": "Inner", "Parallel Aware": false, "Async Capable": false, "Relation Name": "customer", "Alias": "customer", "Startup Cost": 601.43, "Total Cost": 6247.24, "Plan Rows": 60000, "Plan Width": 8, "Actual Rows": 60054, "Actual Loops": 25, "Recheck Cond": "(c_nationkey = n1.n_nationkey)", "Rows Removed by Index Recheck": 0, "Exact Heap Blocks": 146987, "Lossy Heap Blocks": 0, "Workers": [], "Plans": [{"Node Type": "Bitmap Index Scan", "Parent Relationship": "Outer", "Parallel Aware": false, "Async Capable": false, "Index Name": "idx_customer_nationkey", "Startup Cost": 0.0, "Total Cost": 586.43, "Plan Rows": 60000, "Plan Width": 0, "Actual Rows": 60054, "Actual Loops": 25, "Index Cond": "(c_nationkey = n1.n_nationkey)", "Workers": []}]}]}]}]}]}, {"Node Type": "Sort", "Parent Relationship": "Inner", "Parallel Aware": false, "Async Capable": false, "Startup Cost": 11568.82, "Total Cost": 11818.82, "Plan Rows": 100000, "Plan Width": 8, "Actual Rows": 99984, "Actual Loops": 5, "Sort Key": ["supplier.s_suppkey"], "Sort Method": "quicksort", "Sort Space Used": 6198, "Sort Space Type": "Memory", "Workers": [{"Worker Number": 0, "Sort Method": "quicksort", "Sort Space Used": 6198, "Sort Space Type": "Memory"}, {"Worker Number": 1, "Sort Method": "quicksort", "Sort Space Used": 6198, "Sort Space Type": "Memory"}, {"Worker Number": 2, "Sort Method": "quicksort", "Sort Space Used": 6198, "Sort Space Type": "Memory"}, {"Worker Number": 3, "Sort Method": "quicksort", "Sort Space Used": 6198, "Sort Space Type": "Memory"}], "Plans": [{"Node Type": "Seq Scan", "Parent Relationship": "Outer", "Parallel Aware": false, "Async Capable": false, "Relation Name": "supplier", "Alias": "supplier", "Startup Cost": 0.0, "Total Cost": 3264.0, "Plan Rows": 100000, "Plan Width": 8, "Actual Rows": 100000, "Actual Loops": 5, "Workers": []}]}]}, {"Node Type": "Memoize", "Parent Relationship": "Inner", "Parallel Aware": false, "Async Capable": false, "Startup Cost": 0.16, "Total Cost": 4.17, "Plan Rows": 1, "Plan Width": 4, "Actual Rows": 1, "Actual Loops": 24336, "Cache Key": "supplier.s_nationkey", "Cache Mode": "logical", "Cache Hits": 6465, "Cache Misses": 25, "Cache Evictions": 0, "Cache Overflows": 0, "Peak Memory Usage": 3, "Workers": [{"Worker Number": 0, "Cache Hits": 4366, "Cache Misses": 25, "Cache Evictions": 0, "Cache Overflows": 0, "Peak Memory Usage": 3}, {"Worker Number": 1, "Cache Hits": 4588, "Cache Misses": 25, "Cache Evictions": 0, "Cache Overflows": 0, "Peak Memory Usage": 3}, {"Worker Number": 2, "Cache Hits": 4706, "Cache Misses": 25, "Cache Evictions": 0, "Cache Overflows": 0, "Peak Memory Usage": 3}, {"Worker Number": 3, "Cache Hits": 4086, "Cache Misses": 25, "Cache Evictions": 0, "Cache Overflows": 0, "Peak Memory Usage": 3}], "Plans": [{"Node Type": "Bitmap Heap Scan", "Parent Relationship": "Outer", "Parallel Aware": false, "Async Capable": false, "Relation Name": "nation", "Alias": "n2", "Startup Cost": 0.15, "Total Cost": 4.16, "Plan Rows": 1, "Plan Width": 4, "Actual Rows": 1, "Actual Loops": 125, "Recheck Cond": "(supplier.s_nationkey = n_nationkey)", "Rows Removed by Index Recheck": 0, "Exact Heap Blocks": 25, "Lossy Heap Blocks": 0, "Workers": [], "Plans": [{"Node Type": "Bitmap Index Scan", "Parent Relationship": "Outer", "Parallel Aware": false, "Async Capable": false, "Index Name": "nation_pkey", "Startup Cost": 0.0, "Total Cost": 0.15, "Plan Rows": 1, "Plan Width": 0, "Actual Rows": 1, "Actual Loops": 125, "Index Cond": "(n_nationkey = supplier.s_nationkey)", "Workers": []}]}]}]}]}]}]}, "Planning Time": 6.181, "Triggers": [], "Execution Time": 3946.285}, {"Plan": {"Node Type": "Aggregate", "Strategy": "Plain", "Partial Mode": "Simple", "Parallel Aware": false, "Async Capable": false, "Startup Cost": 3353804.68, "Total Cost": 3353804.69, "Plan Rows": 1, "Plan Width": 8, "Actual Rows": 1, "Actual Loops": 1, "Plans": [{"Node Type": "Merge Join", "Parent Relationship": "Outer", "Parallel Aware": false, "Async Capable": false, "Join Type": "Inner", "Startup Cost": 3353411.38, "Total Cost": 3353748.51, "Plan Rows": 22467, "Plan Width": 0, "Actual Rows": 24336, "Actual Loops": 1, "Inner Unique": true, "Merge Cond": "(supplier.s_nationkey = n2.n_nationkey)", "Plans": [{"Node Type": "Sort", "Parent Relationship": "Outer", "Parallel Aware": false, "Async Capable": false, "Startup Cost": 3353409.55, "Total Cost": 3353465.72, "Plan Rows": 22467, "Plan Width": 4, "Actual Rows": 24336, "Actual Loops": 1, "Sort Key": ["supplier.s_nationkey"], "Sort Method": "quicksort", "Sort Space Used": 769, "Sort Space Type": "Memory", "Plans": [{"Node Type": "Merge Join", "Parent Relationship": "Outer", "Parallel Aware": false, "Async Capable": false, "Join Type": "Inner", "Startup Cost": 3350948.4, "Total Cost": 3351785.69, "Plan Rows": 22467, "Plan Width": 4, "Actual Rows": 24336, "Actual Loops": 1, "Inner Unique": true, "Merge Cond": "(lineitem.l_suppkey = supplier.s_suppkey)", "Plans": [{"Node Type": "Sort", "Parent Relationship": "Outer", "Parallel Aware": false, "Async Capable": false, "Startup Cost": 3339379.58, "Total Cost": 3339435.89, "Plan Rows": 22525, "Plan Width": 4, "Actual Rows": 24336, "Actual Loops": 1, "Sort Key": ["lineitem.l_suppkey"], "Sort Method": "quicksort", "Sort Space Used": 769, "Sort Space Type": "Memory", "Plans": [{"Node Type": "Merge Join", "Parent Relationship": "Outer", "Parallel Aware": false, "Async Capable": false, "Join Type": "Inner", "Startup Cost": 3331121.4, "Total Cost": 3337751.1, "Plan Rows": 22525, "Plan Width": 4, "Actual Rows": 24336, "Actual Loops": 1, "Inner Unique": false, "Merge Cond": "(lineitem.l_orderkey = orders.o_orderkey)", "Plans": [{"Node Type": "Sort", "Parent Relationship": "Outer", "Parallel Aware": false, "Async Capable": false, "Startup Cost": 2526945.78, "Total Cost": 2527874.62, "Plan Rows": 371538, "Plan Width": 8, "Actual Rows": 398851, "Actual Loops": 1, "Sort Key": ["lineitem.l_orderkey"], "Sort Method": "quicksort", "Sort Space Used": 24753, "Sort Space Type": "Memory", "Plans": [{"Node Type": "Gather", "Parent Relationship": "Outer", "Parallel Aware": false, "Async Capable": false, "Startup Cost": 2411978.8, "Total Cost": 2492572.66, "Plan Rows": 371538, "Plan Width": 8, "Actual Rows": 398851, "Actual Loops": 1, "Workers Planned": 7, "Workers Launched": 7, "Single Copy": false, "Plans": [{"Node Type": "Merge Join", "Parent Relationship": "Outer", "Parallel Aware": false, "Async Capable": false, "Join Type": "Inner", "Startup Cost": 2410978.8, "Total Cost": 2454418.86, "Plan Rows": 53077, "Plan Width": 8, "Actual Rows": 49856, "Actual Loops": 8, "Inner Unique": true, "Merge Cond": "(lineitem.l_partkey = part.p_partkey)", "Workers": [], "Plans": [{"Node Type": "Sort", "Parent Relationship": "Outer", "Parallel Aware": false, "Async Capable": false, "Startup Cost": 2344144.23, "Total Cost": 2365568.67, "Plan Rows": 8569775, "Plan Width": 12, "Actual Rows": 7496597, "Actual Loops": 8, "Sort Key": ["lineitem.l_partkey"], "Sort Method": "external merge", "Sort Space Used": 195400, "Sort Space Type": "Disk", "Workers": [{"Worker Number": 0, "Sort Method": "external merge", "Sort Space Used": 131632, "Sort Space Type": "Disk"}, {"Worker Number": 1, "Sort Method": "external merge", "Sort Space Used": 178288, "Sort Space Type": "Disk"}, {"Worker Number": 2, "Sort Method": "external merge", "Sort Space Used": 188784, "Sort Space Type": "Disk"}, {"Worker Number": 3, "Sort Method": "external merge", "Sort Space Used": 135832, "Sort Space Type": "Disk"}, {"Worker Number": 4, "Sort Method": "external merge", "Sort Space Used": 136056, "Sort Space Type": "Disk"}, {"Worker Number": 5, "Sort Method": "external merge", "Sort Space Used": 191520, "Sort Space Type": "Disk"}, {"Worker Number": 6, "Sort Method": "external merge", "Sort Space Used": 133840, "Sort Space Type": "Disk"}], "Plans": [{"Node Type": "Seq Scan", "Parent Relationship": "Outer", "Parallel Aware": true, "Async Capable": false, "Relation Name": "lineitem", "Alias": "lineitem", "Startup Cost": 0.0, "Total Cost": 1210841.75, "Plan Rows": 8569775, "Plan Width": 12, "Actual Rows": 7498256, "Actual Loops": 8, "Workers": []}]}, {"Node Type": "Sort", "Parent Relationship": "Inner", "Parallel Aware": false, "Async Capable": false, "Startup Cost": 66834.1, "Total Cost": 66865.07, "Plan Rows": 12387, "Plan Width": 4, "Actual Rows": 13296, "Actual Loops": 8, "Sort Key": ["part.p_partkey"], "Sort Method": "quicksort", "Sort Space Used": 385, "Sort Space Type": "Memory", "Workers": [{"Worker Number": 0, "Sort Method": "quicksort", "Sort Space Used": 385, "Sort Space Type": "Memory"}, {"Worker Number": 1, "Sort Method": "quicksort", "Sort Space Used": 385, "Sort Space Type": "Memory"}, {"Worker Number": 2, "Sort Method": "quicksort", "Sort Space Used": 385, "Sort Space Type": "Memory"}, {"Worker Number": 3, "Sort Method": "quicksort", "Sort Space Used": 385, "Sort Space Type": "Memory"}, {"Worker Number": 4, "Sort Method": "quicksort", "Sort Space Used": 385, "Sort Space Type": "Memory"}, {"Worker Number": 5, "Sort Method": "quicksort", "Sort Space Used": 385, "Sort Space Type": "Memory"}, {"Worker Number": 6, "Sort Method": "quicksort", "Sort Space Used": 385, "Sort Space Type": "Memory"}], "Plans": [{"Node Type": "Seq Scan", "Parent Relationship": "Outer", "Parallel Aware": false, "Async Capable": false, "Relation Name": "part", "Alias": "part", "Startup Cost": 0.0, "Total Cost": 65992.0, "Plan Rows": 12387, "Plan Width": 4, "Actual Rows": 13296, "Actual Loops": 8, "Filter": "((p_type)::text = 'PROMO POLISHED COPPER'::text)", "Rows Removed by Filter": 1986704, "Workers": []}]}]}]}]}, {"Node Type": "Sort", "Parent Relationship": "Inner", "Parallel Aware": false, "Async Capable": false, "Startup Cost": 804175.59, "Total Cost": 806449.02, "Plan Rows": 909373, "Plan Width": 4, "Actual Rows": 912825, "Actual Loops": 1, "Sort Key": ["orders.o_orderkey"], "Sort Method": "quicksort", "Sort Space Used": 24577, "Sort Space Type": "Memory", "Plans": [{"Node Type": "Gather", "Parent Relationship": "Outer", "Parallel Aware": false, "Async Capable": false, "Startup Cost": 616430.7, "Total Cost": 714172.61, "Plan Rows": 909373, "Plan Width": 4, "Actual Rows": 912478, "Actual Loops": 1, "Workers Planned": 6, "Workers Launched": 6, "Single Copy": false, "Plans": [{"Node Type": "Merge Join", "Parent Relationship": "Outer", "Parallel Aware": false, "Async Capable": false, "Join Type": "Inner", "Startup Cost": 615430.7, "Total Cost": 622235.31, "Plan Rows": 151562, "Plan Width": 4, "Actual Rows": 130354, "Actual Loops": 7, "Inner Unique": false, "Merge Cond": "(orders.o_custkey = customer.c_custkey)", "Workers": [], "Plans": [{"Node Type": "Sort", "Parent Relationship": "Outer", "Parallel Aware": false, "Async Capable": false, "Startup Cost": 372777.59, "Total Cost": 374672.12, "Plan Rows": 757811, "Plan Width": 8, "Actual Rows": 651072, "Actual Loops": 7, "Sort Key": ["orders.o_custkey"], "Sort Method": "quicksort", "Sort Space Used": 47017, "Sort Space Type": "Memory", "Workers": [{"Worker Number": 0, "Sort Method": "quicksort", "Sort Space Used": 42354, "Sort Space Type": "Memory"}, {"Worker Number": 1, "Sort Method": "quicksort", "Sort Space Used": 45709, "Sort Space Type": "Memory"}, {"Worker Number": 2, "Sort Method": "quicksort", "Sort Space Used": 45667, "Sort Space Type": "Memory"}, {"Worker Number": 3, "Sort Method": "quicksort", "Sort Space Used": 42311, "Sort Space Type": "Memory"}, {"Worker Number": 4, "Sort Method": "quicksort", "Sort Space Used": 45740, "Sort Space Type": "Memory"}, {"Worker Number": 5, "Sort Method": "quicksort", "Sort Space Used": 45659, "Sort Space Type": "Memory"}], "Plans": [{"Node Type": "Seq Scan", "Parent Relationship": "Outer", "Parallel Aware": true, "Async Capable": false, "Relation Name": "orders", "Alias": "orders", "Startup Cost": 0.0, "Total Cost": 298771.75, "Plan Rows": 757811, "Plan Width": 8, "Actual Rows": 651073, "Actual Loops": 7, "Filter": "((o_orderdate >= '1995-01-01'::date) AND (o_orderdate <= '1996-12-31'::date))", "Rows Removed by Filter": 1491784, "Workers": []}]}, {"Node Type": "Sort", "Parent Relationship": "Inner", "Parallel Aware": false, "Async Capable": false, "Startup Cost": 242653.06, "Total Cost": 243403.06, "Plan Rows": 300000, "Plan Width": 4, "Actual Rows": 337353, "Actual Loops": 7, "Sort Key": ["customer.c_custkey"], "Sort Method": "quicksort", "Sort Space Used": 12289, "Sort Space Type": "Memory", "Workers": [{"Worker Number": 0, "Sort Method": "quicksort", "Sort Space Used": 12289, "Sort Space Type": "Memory"}, {"Worker Number": 1, "Sort Method": "quicksort", "Sort Space Used": 12289, "Sort Space Type": "Memory"}, {"Worker Number": 2, "Sort Method": "quicksort", "Sort Space Used": 12289, "Sort Space Type": "Memory"}, {"Worker Number": 3, "Sort Method": "quicksort", "Sort Space Used": 12289, "Sort Space Type": "Memory"}, {"Worker Number": 4, "Sort Method": "quicksort", "Sort Space Used": 12289, "Sort Space Type": "Memory"}, {"Worker Number": 5, "Sort Method": "quicksort", "Sort Space Used": 12289, "Sort Space Type": "Memory"}], "Plans": [{"Node Type": "Merge Join", "Parent Relationship": "Outer", "Parallel Aware": false, "Async Capable": false, "Join Type": "Inner", "Startup Cost": 204861.13, "Total Cost": 215361.15, "Plan Rows": 300000, "Plan Width": 4, "Actual Rows": 300270, "Actual Loops": 7, "Inner Unique": false, "Merge Cond": "(n1.n_nationkey = customer.c_nationkey)", "Workers": [], "Plans": [{"Node Type": "Sort", "Parent Relationship": "Outer", "Parallel Aware": false, "Async Capable": false, "Startup Cost": 3.14, "Total Cost": 3.16, "Plan Rows": 5, "Plan Width": 4, "Actual Rows": 5, "Actual Loops": 7, "Sort Key": ["n1.n_nationkey"], "Sort Method": "quicksort", "Sort Space Used": 25, "Sort Space Type": "Memory", "Workers": [{"Worker Number": 0, "Sort Method": "quicksort", "Sort Space Used": 25, "Sort Space Type": "Memory"}, {"Worker Number": 1, "Sort Method": "quicksort", "Sort Space Used": 25, "Sort Space Type": "Memory"}, {"Worker Number": 2, "Sort Method": "quicksort", "Sort Space Used": 25, "Sort Space Type": "Memory"}, {"Worker Number": 3, "Sort Method": "quicksort", "Sort Space Used": 25, "Sort Space Type": "Memory"}, {"Worker Number": 4, "Sort Method": "quicksort", "Sort Space Used": 25, "Sort Space Type": "Memory"}, {"Worker Number": 5, "Sort Method": "quicksort", "Sort Space Used": 25, "Sort Space Type": "Memory"}], "Plans": [{"Node Type": "Merge Join", "Parent Relationship": "Outer", "Parallel Aware": false, "Async Capable": false, "Join Type": "Inner", "Startup Cost": 2.9, "Total Cost": 3.09, "Plan Rows": 5, "Plan Width": 4, "Actual Rows": 5, "Actual Loops": 7, "Inner Unique": true, "Merge Cond": "(n1.n_regionkey = region.r_regionkey)", "Workers": [], "Plans": [{"Node Type": "Sort", "Parent Relationship": "Outer", "Parallel Aware": false, "Async Capable": false, "Startup Cost": 1.83, "Total Cost": 1.89, "Plan Rows": 25, "Plan Width": 8, "Actual Rows": 16, "Actual Loops": 7, "Sort Key": ["n1.n_regionkey"], "Sort Method": "quicksort", "Sort Space Used": 25, "Sort Space Type": "Memory", "Workers": [{"Worker Number": 0, "Sort Method": "quicksort", "Sort Space Used": 25, "Sort Space Type": "Memory"}, {"Worker Number": 1, "Sort Method": "quicksort", "Sort Space Used": 25, "Sort Space Type": "Memory"}, {"Worker Number": 2, "Sort Method": "quicksort", "Sort Space Used": 25, "Sort Space Type": "Memory"}, {"Worker Number": 3, "Sort Method": "quicksort", "Sort Space Used": 25, "Sort Space Type": "Memory"}, {"Worker Number": 4, "Sort Method": "quicksort", "Sort Space Used": 25, "Sort Space Type": "Memory"}, {"Worker Number": 5, "Sort Method": "quicksort", "Sort Space Used": 25, "Sort Space Type": "Memory"}], "Plans": [{"Node Type": "Seq Scan", "Parent Relationship": "Outer", "Parallel Aware": false, "Async Capable": false, "Relation Name": "nation", "Alias": "n1", "Startup Cost": 0.0, "Total Cost": 1.25, "Plan Rows": 25, "Plan Width": 8, "Actual Rows": 25, "Actual Loops": 7, "Workers": []}]}, {"Node Type": "Sort", "Parent Relationship": "Inner", "Parallel Aware": false, "Async Capable": false, "Startup Cost": 1.07, "Total Cost": 1.08, "Plan Rows": 1, "Plan Width": 4, "Actual Rows": 1, "Actual Loops": 7, "Sort Key": ["region.r_regionkey"], "Sort Method": "quicksort", "Sort Space Used": 25, "Sort Space Type": "Memory", "Workers": [{"Worker Number": 0, "Sort Method": "quicksort", "Sort Space Used": 25, "Sort Space Type": "Memory"}, {"Worker Number": 1, "Sort Method": "quicksort", "Sort Space Used": 25, "Sort Space Type": "Memory"}, {"Worker Number": 2, "Sort Method": "quicksort", "Sort Space Used": 25, "Sort Space Type": "Memory"}, {"Worker Number": 3, "Sort Method": "quicksort", "Sort Space Used": 25, "Sort Space Type": "Memory"}, {"Worker Number": 4, "Sort Method": "quicksort", "Sort Space Used": 25, "Sort Space Type": "Memory"}, {"Worker Number": 5, "Sort Method": "quicksort", "Sort Space Used": 25, "Sort Space Type": "Memory"}], "Plans": [{"Node Type": "Seq Scan", "Parent Relationship": "Outer", "Parallel Aware": false, "Async Capable": false, "Relation Name": "region", "Alias": "region", "Startup Cost": 0.0, "Total Cost": 1.06, "Plan Rows": 1, "Plan Width": 4, "Actual Rows": 1, "Actual Loops": 7, "Filter": "(r_name = 'ASIA'::bpchar)", "Rows Removed by Filter": 4, "Workers": []}]}]}]}, {"Node Type": "Sort", "Parent Relationship": "Inner", "Parallel Aware": false, "Async Capable": false, "Startup Cost": 204857.98, "Total Cost": 208607.98, "Plan Rows": 1500000, "Plan Width": 8, "Actual Rows": 1319549, "Actual Loops": 7, "Sort Key": ["customer.c_nationkey"], "Sort Method": "quicksort", "Sort Space Used": 96028, "Sort Space Type": "Memory", "Workers": [{"Worker Number": 0, "Sort Method": "quicksort", "Sort Space Used": 96028, "Sort Space Type": "Memory"}, {"Worker Number": 1, "Sort Method": "quicksort", "Sort Space Used": 96028, "Sort Space Type": "Memory"}, {"Worker Number": 2, "Sort Method": "quicksort", "Sort Space Used": 96028, "Sort Space Type": "Memory"}, {"Worker Number": 3, "Sort Method": "quicksort", "Sort Space Used": 96028, "Sort Space Type": "Memory"}, {"Worker Number": 4, "Sort Method": "quicksort", "Sort Space Used": 96028, "Sort Space Type": "Memory"}, {"Worker Number": 5, "Sort Method": "quicksort", "Sort Space Used": 96028, "Sort Space Type": "Memory"}], "Plans": [{"Node Type": "Seq Scan", "Parent Relationship": "Outer", "Parallel Aware": false, "Async Capable": false, "Relation Name": "customer", "Alias": "customer", "Startup Cost": 0.0, "Total Cost": 50984.0, "Plan Rows": 1500000, "Plan Width": 8, "Actual Rows": 1500000, "Actual Loops": 7, "Workers": []}]}]}]}]}]}]}]}]}, {"Node Type": "Sort", "Parent Relationship": "Inner", "Parallel Aware": false, "Async Capable": false, "Startup Cost": 11568.82, "Total Cost": 11818.82, "Plan Rows": 100000, "Plan Width": 8, "Actual Rows": 100000, "Actual Loops": 1, "Sort Key": ["supplier.s_suppkey"], "Sort Method": "quicksort", "Sort Space Used": 6198, "Sort Space Type": "Memory", "Plans": [{"Node Type": "Seq Scan", "Parent Relationship": "Outer", "Parallel Aware": false, "Async Capable": false, "Relation Name": "supplier", "Alias": "supplier", "Startup Cost": 0.0, "Total Cost": 3264.0, "Plan Rows": 100000, "Plan Width": 8, "Actual Rows": 100000, "Actual Loops": 1}]}]}]}, {"Node Type": "Sort", "Parent Relationship": "Inner", "Parallel Aware": false, "Async Capable": false, "Startup Cost": 1.83, "Total Cost": 1.89, "Plan Rows": 25, "Plan Width": 4, "Actual Rows": 25, "Actual Loops": 1, "Sort Key": ["n2.n_nationkey"], "Sort Method": "quicksort", "Sort Space Used": 25, "Sort Space Type": "Memory", "Plans": [{"Node Type": "Seq Scan", "Parent Relationship": "Outer", "Parallel Aware": false, "Async Capable": false, "Relation Name": "nation", "Alias": "n2", "Startup Cost": 0.0, "Total Cost": 1.25, "Plan Rows": 25, "Plan Width": 4, "Actual Rows": 25, "Actual Loops": 1}]}]}]}, "Planning Time": 4.657, "Triggers": [], "Execution Time": 12129.229}, {"Plan": {"Node Type": "Aggregate", "Strategy": "Plain", "Partial Mode": "Finalize", "Parallel Aware": false, "Async Capable": false, "Startup Cost": 980252.05, "Total Cost": 980252.06, "Plan Rows": 1, "Plan Width": 8, "Actual Rows": 1, "Actual Loops": 1, "Plans": [{"Node Type": "Gather", "Parent Relationship": "Outer", "Parallel Aware": false, "Async Capable": false, "Startup Cost": 980251.63, "Total Cost": 980252.04, "Plan Rows": 4, "Plan Width": 8, "Actual Rows": 5, "Actual Loops": 1, "Workers Planned": 4, "Workers Launched": 4, "Single Copy": false, "Plans": [{"Node Type": "Aggregate", "Strategy": "Plain", "Partial Mode": "Partial", "Parent Relationship": "Outer", "Parallel Aware": false, "Async Capable": false, "Startup Cost": 979251.63, "Total Cost": 979251.64, "Plan Rows": 1, "Plan Width": 8, "Actual Rows": 1, "Actual Loops": 5, "Workers": [], "Plans": [{"Node Type": "Nested Loop", "Parent Relationship": "Outer", "Parallel Aware": false, "Async Capable": false, "Join Type": "Inner", "Startup Cost": 5.86, "Total Cost": 979237.58, "Plan Rows": 5617, "Plan Width": 0, "Actual Rows": 4867, "Actual Loops": 5, "Inner Unique": true, "Workers": [], "Plans": [{"Node Type": "Nested Loop", "Parent Relationship": "Outer", "Parallel Aware": false, "Async Capable": false, "Join Type": "Inner", "Startup Cost": 5.7, "Total Cost": 978995.9, "Plan Rows": 5617, "Plan Width": 4, "Actual Rows": 4867, "Actual Loops": 5, "Inner Unique": true, "Workers": [], "Plans": [{"Node Type": "Nested Loop", "Parent Relationship": "Outer", "Parallel Aware": false, "Async Capable": false, "Join Type": "Inner", "Startup Cost": 5.4, "Total Cost": 954710.7, "Plan Rows": 5631, "Plan Width": 4, "Actual Rows": 4867, "Actual Loops": 5, "Inner Unique": true, "Join Filter": "(n1.n_regionkey = region.r_regionkey)", "Rows Removed by Join Filter": 19379, "Workers": [], "Plans": [{"Node Type": "Nested Loop", "Parent Relationship": "Outer", "Parallel Aware": false, "Async Capable": false, "Join Type": "Inner", "Startup Cost": 5.4, "Total Cost": 924443.0, "Plan Rows": 28156, "Plan Width": 8, "Actual Rows": 24246, "Actual Loops": 5, "Inner Unique": true, "Workers": [], "Plans": [{"Node Type": "Nested Loop", "Parent Relationship": "Outer", "Parallel Aware": false, "Async Capable": false, "Join Type": "Inner", "Startup Cost": 5.25, "Total Cost": 923650.31, "Plan Rows": 28156, "Plan Width": 8, "Actual Rows": 24246, "Actual Loops": 5, "Inner Unique": true, "Workers": [], "Plans": [{"Node Type": "Nested Loop", "Parent Relationship": "Outer", "Parallel Aware": false, "Async Capable": false, "Join Type": "Inner", "Startup Cost": 4.81, "Total Cost": 798317.5, "Plan Rows": 28156, "Plan Width": 8, "Actual Rows": 24246, "Actual Loops": 5, "Inner Unique": true, "Workers": [], "Plans": [{"Node Type": "Nested Loop", "Parent Relationship": "Outer", "Parallel Aware": false, "Async Capable": false, "Join Type": "Inner", "Startup Cost": 4.36, "Total Cost": 383776.9, "Plan Rows": 92884, "Plan Width": 8, "Actual Rows": 79770, "Actual Loops": 5, "Inner Unique": false, "Workers": [], "Plans": [{"Node Type": "Seq Scan", "Parent Relationship": "Outer", "Parallel Aware": true, "Async Capable": false, "Relation Name": "part", "Alias": "part", "Startup Cost": 0.0, "Total Cost": 47242.0, "Plan Rows": 3097, "Plan Width": 4, "Actual Rows": 2659, "Actual Loops": 5, "Filter": "((p_type)::text = 'PROMO POLISHED COPPER'::text)", "Rows Removed by Filter": 397341, "Workers": []}, {"Node Type": "Bitmap Heap Scan", "Parent Relationship": "Inner", "Parallel Aware": false, "Async Capable": false, "Relation Name": "lineitem", "Alias": "lineitem", "Startup Cost": 4.36, "Total Cost": 108.36, "Plan Rows": 30, "Plan Width": 12, "Actual Rows": 30, "Actual Loops": 13296, "Recheck Cond": "(part.p_partkey = l_partkey)", "Rows Removed by Index Recheck": 0, "Exact Heap Blocks": 103826, "Lossy Heap Blocks": 0, "Workers": [], "Plans": [{"Node Type": "Bitmap Index Scan", "Parent Relationship": "Outer", "Parallel Aware": false, "Async Capable": false, "Index Name": "idx_lineitem_part_supp", "Startup Cost": 0.0, "Total Cost": 4.36, "Plan Rows": 30, "Plan Width": 0, "Actual Rows": 30, "Actual Loops": 13296, "Index Cond": "(l_partkey = part.p_partkey)", "Workers": []}]}]}, {"Node Type": "Bitmap Heap Scan", "Parent Relationship": "Inner", "Parallel Aware": false, "Async Capable": false, "Relation Name": "orders", "Alias": "orders", "Startup Cost": 0.45, "Total Cost": 4.46, "Plan Rows": 1, "Plan Width": 8, "Actual Rows": 0, "Actual Loops": 398851, "Recheck Cond": "(lineitem.l_orderkey = o_orderkey)", "Rows Removed by Index Recheck": 0, "Filter": "((o_orderdate >= '1995-01-01'::date) AND (o_orderdate <= '1996-12-31'::date))", "Rows Removed by Filter": 1, "Exact Heap Blocks": 103827, "Lossy Heap Blocks": 0, "Workers": [], "Plans": [{"Node Type": "Bitmap Index Scan", "Parent Relationship": "Outer", "Parallel Aware": false, "Async Capable": false, "Index Name": "orders_pkey", "Startup Cost": 0.0, "Total Cost": 0.45, "Plan Rows": 1, "Plan Width": 0, "Actual Rows": 1, "Actual Loops": 398851, "Index Cond": "(o_orderkey = lineitem.l_orderkey)", "Workers": []}]}]}, {"Node Type": "Bitmap Heap Scan", "Parent Relationship": "Inner", "Parallel Aware": false, "Async Capable": false, "Relation Name": "customer", "Alias": "customer", "Startup Cost": 0.44, "Total Cost": 4.45, "Plan Rows": 1, "Plan Width": 8, "Actual Rows": 1, "Actual Loops": 121229, "Recheck Cond": "(orders.o_custkey = c_custkey)", "Rows Removed by Index Recheck": 0, "Exact Heap Blocks": 31516, "Lossy Heap Blocks": 0, "Workers": [], "Plans": [{"Node Type": "Bitmap Index Scan", "Parent Relationship": "Outer", "Parallel Aware": false, "Async Capable": false, "Index Name": "customer_pkey", "Startup Cost": 0.0, "Total Cost": 0.44, "Plan Rows": 1, "Plan Width": 0, "Actual Rows": 1, "Actual Loops": 121229, "Index Cond": "(c_custkey = orders.o_custkey)", "Workers": []}]}]}, {"Node Type": "Memoize", "Parent Relationship": "Inner", "Parallel Aware": false, "Async Capable": false, "Startup Cost": 0.16, "Total Cost": 4.17, "Plan Rows": 1, "Plan Width": 8, "Actual Rows": 1, "Actual Loops": 121229, "Cache Key": "customer.c_nationkey", "Cache Mode": "logical", "Cache Hits": 31491, "Cache Misses": 25, "Cache Evictions": 0, "Cache Overflows": 0, "Peak Memory Usage": 3, "Workers": [{"Worker Number": 0, "Cache Hits": 23106, "Cache Misses": 25, "Cache Evictions": 0, "Cache Overflows": 0, "Peak Memory Usage": 3}, {"Worker Number": 1, "Cache Hits": 21516, "Cache Misses": 25, "Cache Evictions": 0, "Cache Overflows": 0, "Peak Memory Usage": 3}, {"Worker Number": 2, "Cache Hits": 23487, "Cache Misses": 25, "Cache Evictions": 0, "Cache Overflows": 0, "Peak Memory Usage": 3}, {"Worker Number": 3, "Cache Hits": 21504, "Cache Misses": 25, "Cache Evictions": 0, "Cache Overflows": 0, "Peak Memory Usage": 3}], "Plans": [{"Node Type": "Bitmap Heap Scan", "Parent Relationship": "Outer", "Parallel Aware": false, "Async Capable": false, "Relation Name": "nation", "Alias": "n1", "Startup Cost": 0.15, "Total Cost": 4.16, "Plan Rows": 1, "Plan Width": 8, "Actual Rows": 1, "Actual Loops": 125, "Recheck Cond": "(customer.c_nationkey = n_nationkey)", "Rows Removed by Index Recheck": 0, "Exact Heap Blocks": 25, "Lossy Heap Blocks": 0, "Workers": [], "Plans": [{"Node Type": "Bitmap Index Scan", "Parent Relationship": "Outer", "Parallel Aware": false, "Async Capable": false, "Index Name": "nation_pkey", "Startup Cost": 0.0, "Total Cost": 0.15, "Plan Rows": 1, "Plan Width": 0, "Actual Rows": 1, "Actual Loops": 125, "Index Cond": "(n_nationkey = customer.c_nationkey)", "Workers": []}]}]}]}, {"Node Type": "Seq Scan", "Parent Relationship": "Inner", "Parallel Aware": false, "Async Capable": false, "Relation Name": "region", "Alias": "region", "Startup Cost": 0.0, "Total Cost": 1.06, "Plan Rows": 1, "Plan Width": 4, "Actual Rows": 1, "Actual Loops": 121229, "Filter": "(r_name = 'ASIA'::bpchar)", "Rows Removed by Filter": 4, "Workers": []}]}, {"Node Type": "Bitmap Heap Scan", "Parent Relationship": "Inner", "Parallel Aware": false, "Async Capable": false, "Relation Name": "supplier", "Alias": "supplier", "Startup Cost": 0.3, "Total Cost": 4.31, "Plan Rows": 1, "Plan Width": 8, "Actual Rows": 1, "Actual Loops": 24336, "Recheck Cond": "(s_suppkey = lineitem.l_suppkey)", "Rows Removed by Index Recheck": 0, "Exact Heap Blocks": 6244, "Lossy Heap Blocks": 0, "Workers": [], "Plans": [{"Node Type": "Bitmap Index Scan", "Parent Relationship": "Outer", "Parallel Aware": false, "Async Capable": false, "Index Name": "supplier_pkey", "Startup Cost": 0.0, "Total Cost": 0.3, "Plan Rows": 1, "Plan Width": 0, "Actual Rows": 1, "Actual Loops": 24336, "Index Cond": "(s_suppkey = lineitem.l_suppkey)", "Workers": []}]}]}, {"Node Type": "Memoize", "Parent Relationship": "Inner", "Parallel Aware": false, "Async Capable": false, "Startup Cost": 0.16, "Total Cost": 4.17, "Plan Rows": 1, "Plan Width": 4, "Actual Rows": 1, "Actual Loops": 24336, "Cache Key": "supplier.s_nationkey", "Cache Mode": "logical", "Cache Hits": 6219, "Cache Misses": 25, "Cache Evictions": 0, "Cache Overflows": 0, "Peak Memory Usage": 3, "Workers": [{"Worker Number": 0, "Cache Hits": 4744, "Cache Misses": 25, "Cache Evictions": 0, "Cache Overflows": 0, "Peak Memory Usage": 3}, {"Worker Number": 1, "Cache Hits": 4228, "Cache Misses": 25, "Cache Evictions": 0, "Cache Overflows": 0, "Peak Memory Usage": 3}, {"Worker Number": 2, "Cache Hits": 4680, "Cache Misses": 25, "Cache Evictions": 0, "Cache Overflows": 0, "Peak Memory Usage": 3}, {"Worker Number": 3, "Cache Hits": 4340, "Cache Misses": 25, "Cache Evictions": 0, "Cache Overflows": 0, "Peak Memory Usage": 3}], "Plans": [{"Node Type": "Bitmap Heap Scan", "Parent Relationship": "Outer", "Parallel Aware": false, "Async Capable": false, "Relation Name": "nation", "Alias": "n2", "Startup Cost": 0.15, "Total Cost": 4.16, "Plan Rows": 1, "Plan Width": 4, "Actual Rows": 1, "Actual Loops": 125, "Recheck Cond": "(supplier.s_nationkey = n_nationkey)", "Rows Removed by Index Recheck": 0, "Exact Heap Blocks": 25, "Lossy Heap Blocks": 0, "Workers": [], "Plans": [{"Node Type": "Bitmap Index Scan", "Parent Relationship": "Outer", "Parallel Aware": false, "Async Capable": false, "Index Name": "nation_pkey", "Startup Cost": 0.0, "Total Cost": 0.15, "Plan Rows": 1, "Plan Width": 0, "Actual Rows": 1, "Actual Loops": 125, "Index Cond": "(n_nationkey = supplier.s_nationkey)", "Workers": []}]}]}]}]}]}]}, "Planning Time": 3.729, "Triggers": [], "Execution Time": 3396.812}, {"Plan": {"Node Type": "Aggregate", "Strategy": "Plain", "Partial Mode": "Finalize", "Parallel Aware": false, "Async Capable": false, "Startup Cost": 3151239.59, "Total Cost": 3151239.6, "Plan Rows": 1, "Plan Width": 8, "Plans": [{"Node Type": "Gather", "Parent Relationship": "Outer", "Parallel Aware": false, "Async Capable": false, "Startup Cost": 3151238.86, "Total Cost": 3151239.57, "Plan Rows": 7, "Plan Width": 8, "Workers Planned": 7, "Single Copy": false, "Plans": [{"Node Type": "Aggregate", "Strategy": "Plain", "Partial Mode": "Partial", "Parent Relationship": "Outer", "Parallel Aware": false, "Async Capable": false, "Startup Cost": 3150238.86, "Total Cost": 3150238.87, "Plan Rows": 1, "Plan Width": 8, "Plans": [{"Node Type": "Merge Join", "Parent Relationship": "Outer", "Parallel Aware": false, "Async Capable": false, "Join Type": "Inner", "Startup Cost": 3150170.25, "Total Cost": 3150230.84, "Plan Rows": 3210, "Plan Width": 0, "Inner Unique": true, "Merge Cond": "(supplier.s_nationkey = n2.n_nationkey)", "Plans": [{"Node Type": "Sort", "Parent Relationship": "Outer", "Parallel Aware": false, "Async Capable": false, "Startup Cost": 3150170.11, "Total Cost": 3150178.14, "Plan Rows": 3210, "Plan Width": 4, "Sort Key": ["supplier.s_nationkey"], "Plans": [{"Node Type": "Merge Join", "Parent Relationship": "Outer", "Parallel Aware": false, "Async Capable": false, "Join Type": "Inner", "Startup Cost": 3144811.88, "Total Cost": 3149983.15, "Plan Rows": 3210, "Plan Width": 4, "Inner Unique": true, "Merge Cond": "(lineitem.l_suppkey = supplier.s_suppkey)", "Plans": [{"Node Type": "Sort", "Parent Relationship": "Outer", "Parallel Aware": false, "Async Capable": false, "Startup Cost": 3144811.59, "Total Cost": 3144819.63, "Plan Rows": 3218, "Plan Width": 4, "Sort Key": ["lineitem.l_suppkey"], "Plans": [{"Node Type": "Merge Join", "Parent Relationship": "Outer", "Parallel Aware": false, "Async Capable": false, "Join Type": "Inner", "Startup Cost": 3144495.39, "Total Cost": 3144624.11, "Plan Rows": 3218, "Plan Width": 4, "Inner Unique": false, "Merge Cond": "(customer.c_nationkey = n1.n_nationkey)", "Plans": [{"Node Type": "Sort", "Parent Relationship": "Outer", "Parallel Aware": false, "Async Capable": false, "Startup Cost": 3144470.49, "Total Cost": 3144510.71, "Plan Rows": 16089, "Plan Width": 8, "Sort Key": ["customer.c_nationkey"], "Plans": [{"Node Type": "Merge Join", "Parent Relationship": "Outer", "Parallel Aware": false, "Async Capable": false, "Join Type": "Inner", "Startup Cost": 3064405.37, "Total Cost": 3143346.37, "Plan Rows": 16089, "Plan Width": 8, "Inner Unique": true, "Merge Cond": "(orders.o_custkey = customer.c_custkey)", "Plans": [{"Node Type": "Sort", "Parent Relationship": "Outer", "Parallel Aware": false, "Async Capable": false, "Startup Cost": 3064402.32, "Total Cost": 3064442.54, "Plan Rows": 16089, "Plan Width": 8, "Sort Key": ["orders.o_custkey"], "Plans": [{"Node Type": "Merge Join", "Parent Relationship": "Outer", "Parallel Aware": false, "Async Capable": false, "Join Type": "Inner", "Startup Cost": 2952154.98, "Total Cost": 3063278.2, "Plan Rows": 16089, "Plan Width": 8, "Inner Unique": true, "Merge Cond": "(lineitem.l_partkey = part.p_partkey)", "Plans": [{"Node Type": "Sort", "Parent Relationship": "Outer", "Parallel Aware": false, "Async Capable": false, "Startup Cost": 2952154.42, "Total Cost": 2958648.73, "Plan Rows": 2597725, "Plan Width": 12, "Sort Key": ["lineitem.l_partkey"], "Plans": [{"Node Type": "Merge Join", "Parent Relationship": "Outer", "Parallel Aware": false, "Async Capable": false, "Join Type": "Inner", "Startup Cost": 7.0, "Total Cost": 2675382.18, "Plan Rows": 2597725, "Plan Width": 12, "Inner Unique": true, "Merge Cond": "(lineitem.l_orderkey = orders.o_orderkey)", "Plans": [{"Node Type": "Index Scan", "Parent Relationship": "Outer", "Parallel Aware": true, "Async Capable": false, "Scan Direction": "Forward", "Index Name": "idx_lineitem_orderkey", "Relation Name": "lineitem", "Alias": "lineitem", "Startup Cost": 0.56, "Total Cost": 1890883.43, "Plan Rows": 8569775, "Plan Width": 12}, {"Node Type": "Index Scan", "Parent Relationship": "Inner", "Parallel Aware": false, "Async Capable": false, "Scan Direction": "Forward", "Index Name": "orders_pkey", "Relation Name": "orders", "Alias": "orders", "Startup Cost": 0.43, "Total Cost": 725797.51, "Plan Rows": 4546865, "Plan Width": 8, "Filter": "((o_orderdate >= '1995-01-01'::date) AND (o_orderdate <= '1996-12-31'::date))"}]}]}, {"Node Type": "Index Scan", "Parent Relationship": "Inner", "Parallel Aware": false, "Async Capable": false, "Scan Direction": "Forward", "Index Name": "part_pkey", "Relation Name": "part", "Alias": "part", "Startup Cost": 0.43, "Total Cost": 97943.62, "Plan Rows": 12387, "Plan Width": 4, "Filter": "((p_type)::text = 'PROMO POLISHED COPPER'::text)"}]}]}, {"Node Type": "Index Scan", "Parent Relationship": "Inner", "Parallel Aware": false, "Async Capable": false, "Scan Direction": "Forward", "Index Name": "customer_pkey", "Relation Name": "customer", "Alias": "customer", "Startup Cost": 0.43, "Total Cost": 74952.71, "Plan Rows": 1500000, "Plan Width": 8}]}]}, {"Node Type": "Sort", "Parent Relationship": "Inner", "Parallel Aware": false, "Async Capable": false, "Startup Cost": 24.91, "Total Cost": 24.92, "Plan Rows": 5, "Plan Width": 4, "Sort Key": ["n1.n_nationkey"], "Plans": [{"Node Type": "Merge Join", "Parent Relationship": "Outer", "Parallel Aware": false, "Async Capable": false, "Join Type": "Inner", "Startup Cost": 0.27, "Total Cost": 24.85, "Plan Rows": 5, "Plan Width": 4, "Inner Unique": true, "Merge Cond": "(n1.n_regionkey = region.r_regionkey)", "Plans": [{"Node Type": "Index Scan", "Parent Relationship": "Outer", "Parallel Aware": false, "Async Capable": false, "Scan Direction": "Forward", "Index Name": "idx_nation_regionkey", "Relation Name": "nation", "Alias": "n1", "Startup Cost": 0.14, "Total Cost": 12.51, "Plan Rows": 25, "Plan Width": 8}, {"Node Type": "Index Scan", "Parent Relationship": "Inner", "Parallel Aware": false, "Async Capable": false, "Scan Direction": "Forward", "Index Name": "region_pkey", "Relation Name": "region", "Alias": "region", "Startup Cost": 0.13, "Total Cost": 12.22, "Plan Rows": 1, "Plan Width": 4, "Filter": "(r_name = 'ASIA'::bpchar)"}]}]}]}]}, {"Node Type": "Index Scan", "Parent Relationship": "Inner", "Parallel Aware": false, "Async Capable": false, "Scan Direction": "Forward", "Index Name": "supplier_pkey", "Relation Name": "supplier", "Alias": "supplier", "Startup Cost": 0.29, "Total Cost": 4873.38, "Plan Rows": 100000, "Plan Width": 8}]}]}, {"Node Type": "Index Scan", "Parent Relationship": "Inner", "Parallel Aware": false, "Async Capable": false, "Scan Direction": "Forward", "Index Name": "nation_pkey", "Relation Name": "nation", "Alias": "n2", "Startup Cost": 0.14, "Total Cost": 12.51, "Plan Rows": 25, "Plan Width": 4}]}]}]}]}}, {"Plan": {"Node Type": "Aggregate", "Strategy": "Plain", "Partial Mode": "Finalize", "Parallel Aware": false, "Async Capable": false, "Startup Cost": 475705.38, "Total Cost": 475705.39, "Plan Rows": 1, "Plan Width": 8, "Actual Rows": 1, "Actual Loops": 1, "Plans": [{"Node Type": "Gather", "Parent Relationship": "Outer", "Parallel Aware": false, "Async Capable": false, "Startup Cost": 475704.96, "Total Cost": 475705.37, "Plan Rows": 4, "Plan Width": 8, "Actual Rows": 5, "Actual Loops": 1, "Workers Planned": 4, "Workers Launched": 4, "Single Copy": false, "Plans": [{"Node Type": "Aggregate", "Strategy": "Plain", "Partial Mode": "Partial", "Parent Relationship": "Outer", "Parallel Aware": false, "Async Capable": false, "Startup Cost": 474704.96, "Total Cost": 474704.97, "Plan Rows": 1, "Plan Width": 8, "Actual Rows": 1, "Actual Loops": 5, "Workers": [], "Plans": [{"Node Type": "Nested Loop", "Parent Relationship": "Outer", "Parallel Aware": false, "Async Capable": false, "Join Type": "Inner", "Startup Cost": 2.46, "Total Cost": 474690.92, "Plan Rows": 5617, "Plan Width": 0, "Actual Rows": 4867, "Actual Loops": 5, "Inner Unique": true, "Workers": [], "Plans": [{"Node Type": "Nested Loop", "Parent Relationship": "Outer", "Parallel Aware": false, "Async Capable": false, "Join Type": "Inner", "Startup Cost": 2.31, "Total Cost": 474549.6, "Plan Rows": 5617, "Plan Width": 4, "Actual Rows": 4867, "Actual Loops": 5, "Inner Unique": true, "Workers": [], "Plans": [{"Node Type": "Nested Loop", "Parent Relationship": "Outer", "Parallel Aware": false, "Async Capable": false, "Join Type": "Inner", "Startup Cost": 2.02, "Total Cost": 472803.03, "Plan Rows": 5631, "Plan Width": 4, "Actual Rows": 4867, "Actual Loops": 5, "Inner Unique": true, "Workers": [], "Plans": [{"Node Type": "Nested Loop", "Parent Relationship": "Outer", "Parallel Aware": false, "Async Capable": false, "Join Type": "Inner", "Startup Cost": 1.88, "Total Cost": 472095.34, "Plan Rows": 28156, "Plan Width": 8, "Actual Rows": 24246, "Actual Loops": 5, "Inner Unique": true, "Workers": [], "Plans": [{"Node Type": "Nested Loop", "Parent Relationship": "Outer", "Parallel Aware": false, "Async Capable": false, "Join Type": "Inner", "Startup Cost": 1.73, "Total Cost": 471403.03, "Plan Rows": 28156, "Plan Width": 8, "Actual Rows": 24246, "Actual Loops": 5, "Inner Unique": true, "Workers": [], "Plans": [{"Node Type": "Nested Loop", "Parent Relationship": "Outer", "Parallel Aware": false, "Async Capable": false, "Join Type": "Inner", "Startup Cost": 1.3, "Total Cost": 457880.35, "Plan Rows": 28156, "Plan Width": 8, "Actual Rows": 24246, "Actual Loops": 5, "Inner Unique": true, "Workers": [], "Plans": [{"Node Type": "Nested Loop", "Parent Relationship": "Outer", "Parallel Aware": false, "Async Capable": false, "Join Type": "Inner", "Startup Cost": 0.87, "Total Cost": 413512.99, "Plan Rows": 92884, "Plan Width": 8, "Actual Rows": 79770, "Actual Loops": 5, "Inner Unique": false, "Workers": [], "Plans": [{"Node Type": "Index Scan", "Parent Relationship": "Outer", "Parallel Aware": true, "Async Capable": false, "Scan Direction": "Forward", "Index Name": "part_pkey", "Relation Name": "part", "Alias": "part", "Startup Cost": 0.43, "Total Cost": 79193.62, "Plan Rows": 3097, "Plan Width": 4, "Actual Rows": 2659, "Actual Loops": 5, "Filter": "((p_type)::text = 'PROMO POLISHED COPPER'::text)", "Rows Removed by Filter": 397341, "Workers": []}, {"Node Type": "Index Scan", "Parent Relationship": "Inner", "Parallel Aware": false, "Async Capable": false, "Scan Direction": "Forward", "Index Name": "idx_lineitem_part_supp", "Relation Name": "lineitem", "Alias": "lineitem", "Startup Cost": 0.44, "Total Cost": 107.65, "Plan Rows": 30, "Plan Width": 12, "Actual Rows": 30, "Actual Loops": 13296, "Index Cond": "(l_partkey = part.p_partkey)", "Rows Removed by Index Recheck": 0, "Workers": []}]}, {"Node Type": "Index Scan", "Parent Relationship": "Inner", "Parallel Aware": false, "Async Capable": false, "Scan Direction": "Forward", "Index Name": "orders_pkey", "Relation Name": "orders", "Alias": "orders", "Startup Cost": 0.43, "Total Cost": 0.48, "Plan Rows": 1, "Plan Width": 8, "Actual Rows": 0, "Actual Loops": 398851, "Index Cond": "(o_orderkey = lineitem.l_orderkey)", "Rows Removed by Index Recheck": 0, "Filter": "((o_orderdate >= '1995-01-01'::date) AND (o_orderdate <= '1996-12-31'::date))", "Rows Removed by Filter": 1, "Workers": []}]}, {"Node Type": "Index Scan", "Parent Relationship": "Inner", "Parallel Aware": false, "Async Capable": false, "Scan Direction": "Forward", "Index Name": "customer_pkey", "Relation Name": "customer", "Alias": "customer", "Startup Cost": 0.43, "Total Cost": 0.48, "Plan Rows": 1, "Plan Width": 8, "Actual Rows": 1, "Actual Loops": 121229, "Index Cond": "(c_custkey = orders.o_custkey)", "Rows Removed by Index Recheck": 0, "Workers": []}]}, {"Node Type": "Memoize", "Parent Relationship": "Inner", "Parallel Aware": false, "Async Capable": false, "Startup Cost": 0.15, "Total Cost": 0.17, "Plan Rows": 1, "Plan Width": 8, "Actual Rows": 1, "Actual Loops": 121229, "Cache Key": "customer.c_nationkey", "Cache Mode": "logical", "Cache Hits": 32120, "Cache Misses": 25, "Cache Evictions": 0, "Cache Overflows": 0, "Peak Memory Usage": 3, "Workers": [{"Worker Number": 0, "Cache Hits": 21555, "Cache Misses": 25, "Cache Evictions": 0, "Cache Overflows": 0, "Peak Memory Usage": 3}, {"Worker Number": 1, "Cache Hits": 22953, "Cache Misses": 25, "Cache Evictions": 0, "Cache Overflows": 0, "Peak Memory Usage": 3}, {"Worker Number": 2, "Cache Hits": 23083, "Cache Misses": 25, "Cache Evictions": 0, "Cache Overflows": 0, "Peak Memory Usage": 3}, {"Worker Number": 3, "Cache Hits": 21393, "Cache Misses": 25, "Cache Evictions": 0, "Cache Overflows": 0, "Peak Memory Usage": 3}], "Plans": [{"Node Type": "Index Scan", "Parent Relationship": "Outer", "Parallel Aware": false, "Async Capable": false, "Scan Direction": "Forward", "Index Name": "nation_pkey", "Relation Name": "nation", "Alias": "n1", "Startup Cost": 0.14, "Total Cost": 0.16, "Plan Rows": 1, "Plan Width": 8, "Actual Rows": 1, "Actual Loops": 125, "Index Cond": "(n_nationkey = customer.c_nationkey)", "Rows Removed by Index Recheck": 0, "Workers": []}]}]}, {"Node Type": "Memoize", "Parent Relationship": "Inner", "Parallel Aware": false, "Async Capable": false, "Startup Cost": 0.14, "Total Cost": 0.64, "Plan Rows": 1, "Plan Width": 4, "Actual Rows": 0, "Actual Loops": 121229, "Cache Key": "n1.n_regionkey", "Cache Mode": "logical", "Cache Hits": 32140, "Cache Misses": 5, "Cache Evictions": 0, "Cache Overflows": 0, "Peak Memory Usage": 1, "Workers": [{"Worker Number": 0, "Cache Hits": 21575, "Cache Misses": 5, "Cache Evictions": 0, "Cache Overflows": 0, "Peak Memory Usage": 1}, {"Worker Number": 1, "Cache Hits": 22973, "Cache Misses": 5, "Cache Evictions": 0, "Cache Overflows": 0, "Peak Memory Usage": 1}, {"Worker Number": 2, "Cache Hits": 23103, "Cache Misses": 5, "Cache Evictions": 0, "Cache Overflows": 0, "Peak Memory Usage": 1}, {"Worker Number": 3, "Cache Hits": 21413, "Cache Misses": 5, "Cache Evictions": 0, "Cache Overflows": 0, "Peak Memory Usage": 1}], "Plans": [{"Node Type": "Index Scan", "Parent Relationship": "Outer", "Parallel Aware": false, "Async Capable": false, "Scan Direction": "Forward", "Index Name": "region_pkey", "Relation Name": "region", "Alias": "region", "Startup Cost": 0.13, "Total Cost": 0.63, "Plan Rows": 1, "Plan Width": 4, "Actual Rows": 0, "Actual Loops": 25, "Index Cond": "(r_regionkey = n1.n_regionkey)", "Rows Removed by Index Recheck": 0, "Filter": "(r_name = 'ASIA'::bpchar)", "Rows Removed by Filter": 1, "Workers": []}]}]}, {"Node Type": "Index Scan", "Parent Relationship": "Inner", "Parallel Aware": false, "Async Capable": false, "Scan Direction": "Forward", "Index Name": "supplier_pkey", "Relation Name": "supplier", "Alias": "supplier", "Startup Cost": 0.29, "Total Cost": 0.31, "Plan Rows": 1, "Plan Width": 8, "Actual Rows": 1, "Actual Loops": 24336, "Index Cond": "(s_suppkey = lineitem.l_suppkey)", "Rows Removed by Index Recheck": 0, "Workers": []}]}, {"Node Type": "Memoize", "Parent Relationship": "Inner", "Parallel Aware": false, "Async Capable": false, "Startup Cost": 0.15, "Total Cost": 0.17, "Plan Rows": 1, "Plan Width": 4, "Actual Rows": 1, "Actual Loops": 24336, "Cache Key": "supplier.s_nationkey", "Cache Mode": "logical", "Cache Hits": 6514, "Cache Misses": 25, "Cache Evictions": 0, "Cache Overflows": 0, "Peak Memory Usage": 3, "Workers": [{"Worker Number": 0, "Cache Hits": 4340, "Cache Misses": 25, "Cache Evictions": 0, "Cache Overflows": 0, "Peak Memory Usage": 3}, {"Worker Number": 1, "Cache Hits": 4434, "Cache Misses": 25, "Cache Evictions": 0, "Cache Overflows": 0, "Peak Memory Usage": 3}, {"Worker Number": 2, "Cache Hits": 4581, "Cache Misses": 25, "Cache Evictions": 0, "Cache Overflows": 0, "Peak Memory Usage": 3}, {"Worker Number": 3, "Cache Hits": 4342, "Cache Misses": 25, "Cache Evictions": 0, "Cache Overflows": 0, "Peak Memory Usage": 3}], "Plans": [{"Node Type": "Index Scan", "Parent Relationship": "Outer", "Parallel Aware": false, "Async Capable": false, "Scan Direction": "Forward", "Index Name": "nation_pkey", "Relation Name": "nation", "Alias": "n2", "Startup Cost": 0.14, "Total Cost": 0.16, "Plan Rows": 1, "Plan Width": 4, "Actual Rows": 1, "Actual Loops": 125, "Index Cond": "(n_nationkey = supplier.s_nationkey)", "Rows Removed by Index Recheck": 0, "Workers": []}]}]}]}]}]}, "Planning Time": 6.184, "Triggers": [], "Execution Time": 3188.382}, {"Plan": {"Node Type": "Aggregate", "Strategy": "Plain", "Partial Mode": "Finalize", "Parallel Aware": false, "Async Capable": false, "Startup Cost": 443753.76, "Total Cost": 443753.77, "Plan Rows": 1, "Plan Width": 8, "Actual Rows": 1, "Actual Loops": 1, "Plans": [{"Node Type": "Gather", "Parent Relationship": "Outer", "Parallel Aware": false, "Async Capable": false, "Startup Cost": 443753.34, "Total Cost": 443753.75, "Plan Rows": 4, "Plan Width": 8, "Actual Rows": 5, "Actual Loops": 1, "Workers Planned": 4, "Workers Launched": 4, "Single Copy": false, "Plans": [{"Node Type": "Aggregate", "Strategy": "Plain", "Partial Mode": "Partial", "Parent Relationship": "Outer", "Parallel Aware": false, "Async Capable": false, "Startup Cost": 442753.34, "Total Cost": 442753.35, "Plan Rows": 1, "Plan Width": 8, "Actual Rows": 1, "Actual Loops": 5, "Workers": [], "Plans": [{"Node Type": "Nested Loop", "Parent Relationship": "Outer", "Parallel Aware": false, "Async Capable": false, "Join Type": "Inner", "Startup Cost": 2.03, "Total Cost": 442739.3, "Plan Rows": 5617, "Plan Width": 0, "Actual Rows": 4867, "Actual Loops": 5, "Inner Unique": true, "Workers": [], "Plans": [{"Node Type": "Nested Loop", "Parent Relationship": "Outer", "Parallel Aware": false, "Async Capable": false, "Join Type": "Inner", "Startup Cost": 1.89, "Total Cost": 442597.98, "Plan Rows": 5617, "Plan Width": 4, "Actual Rows": 4867, "Actual Loops": 5, "Inner Unique": true, "Workers": [], "Plans": [{"Node Type": "Nested Loop", "Parent Relationship": "Outer", "Parallel Aware": false, "Async Capable": false, "Join Type": "Inner", "Startup Cost": 1.59, "Total Cost": 440851.42, "Plan Rows": 5631, "Plan Width": 4, "Actual Rows": 4867, "Actual Loops": 5, "Inner Unique": true, "Workers": [], "Plans": [{"Node Type": "Nested Loop", "Parent Relationship": "Outer", "Parallel Aware": false, "Async Capable": false, "Join Type": "Inner", "Startup Cost": 1.45, "Total Cost": 440143.73, "Plan Rows": 28156, "Plan Width": 8, "Actual Rows": 24246, "Actual Loops": 5, "Inner Unique": true, "Workers": [], "Plans": [{"Node Type": "Nested Loop", "Parent Relationship": "Outer", "Parallel Aware": false, "Async Capable": false, "Join Type": "Inner", "Startup Cost": 1.3, "Total Cost": 439451.41, "Plan Rows": 28156, "Plan Width": 8, "Actual Rows": 24246, "Actual Loops": 5, "Inner Unique": true, "Workers": [], "Plans": [{"Node Type": "Nested Loop", "Parent Relationship": "Outer", "Parallel Aware": false, "Async Capable": false, "Join Type": "Inner", "Startup Cost": 0.88, "Total Cost": 425928.73, "Plan Rows": 28156, "Plan Width": 8, "Actual Rows": 24246, "Actual Loops": 5, "Inner Unique": true, "Workers": [], "Plans": [{"Node Type": "Nested Loop", "Parent Relationship": "Outer", "Parallel Aware": false, "Async Capable": false, "Join Type": "Inner", "Startup Cost": 0.44, "Total Cost": 381561.38, "Plan Rows": 92884, "Plan Width": 8, "Actual Rows": 79770, "Actual Loops": 5, "Inner Unique": false, "Workers": [], "Plans": [{"Node Type": "Seq Scan", "Parent Relationship": "Outer", "Parallel Aware": true, "Async Capable": false, "Relation Name": "part", "Alias": "part", "Startup Cost": 0.0, "Total Cost": 47242.0, "Plan Rows": 3097, "Plan Width": 4, "Actual Rows": 2659, "Actual Loops": 5, "Filter": "((p_type)::text = 'PROMO POLISHED COPPER'::text)", "Rows Removed by Filter": 397341, "Workers": []}, {"Node Type": "Index Scan", "Parent Relationship": "Inner", "Parallel Aware": false, "Async Capable": false, "Scan Direction": "Forward", "Index Name": "idx_lineitem_part_supp", "Relation Name": "lineitem", "Alias": "lineitem", "Startup Cost": 0.44, "Total Cost": 107.65, "Plan Rows": 30, "Plan Width": 12, "Actual Rows": 30, "Actual Loops": 13296, "Index Cond": "(l_partkey = part.p_partkey)", "Rows Removed by Index Recheck": 0, "Workers": []}]}, {"Node Type": "Index Scan", "Parent Relationship": "Inner", "Parallel Aware": false, "Async Capable": false, "Scan Direction": "Forward", "Index Name": "orders_pkey", "Relation Name": "orders", "Alias": "orders", "Startup Cost": 0.43, "Total Cost": 0.48, "Plan Rows": 1, "Plan Width": 8, "Actual Rows": 0, "Actual Loops": 398851, "Index Cond": "(o_orderkey = lineitem.l_orderkey)", "Rows Removed by Index Recheck": 0, "Filter": "((o_orderdate >= '1995-01-01'::date) AND (o_orderdate <= '1996-12-31'::date))", "Rows Removed by Filter": 1, "Workers": []}]}, {"Node Type": "Index Scan", "Parent Relationship": "Inner", "Parallel Aware": false, "Async Capable": false, "Scan Direction": "Forward", "Index Name": "customer_pkey", "Relation Name": "customer", "Alias": "customer", "Startup Cost": 0.43, "Total Cost": 0.48, "Plan Rows": 1, "Plan Width": 8, "Actual Rows": 1, "Actual Loops": 121229, "Index Cond": "(c_custkey = orders.o_custkey)", "Rows Removed by Index Recheck": 0, "Workers": []}]}, {"Node Type": "Memoize", "Parent Relationship": "Inner", "Parallel Aware": false, "Async Capable": false, "Startup Cost": 0.15, "Total Cost": 0.17, "Plan Rows": 1, "Plan Width": 8, "Actual Rows": 1, "Actual Loops": 121229, "Cache Key": "customer.c_nationkey", "Cache Mode": "logical", "Cache Hits": 31834, "Cache Misses": 25, "Cache Evictions": 0, "Cache Overflows": 0, "Peak Memory Usage": 3, "Workers": [{"Worker Number": 0, "Cache Hits": 21183, "Cache Misses": 25, "Cache Evictions": 0, "Cache Overflows": 0, "Peak Memory Usage": 3}, {"Worker Number": 1, "Cache Hits": 23207, "Cache Misses": 25, "Cache Evictions": 0, "Cache Overflows": 0, "Peak Memory Usage": 3}, {"Worker Number": 2, "Cache Hits": 23249, "Cache Misses": 25, "Cache Evictions": 0, "Cache Overflows": 0, "Peak Memory Usage": 3}, {"Worker Number": 3, "Cache Hits": 21631, "Cache Misses": 25, "Cache Evictions": 0, "Cache Overflows": 0, "Peak Memory Usage": 3}], "Plans": [{"Node Type": "Index Scan", "Parent Relationship": "Outer", "Parallel Aware": false, "Async Capable": false, "Scan Direction": "Forward", "Index Name": "nation_pkey", "Relation Name": "nation", "Alias": "n1", "Startup Cost": 0.14, "Total Cost": 0.16, "Plan Rows": 1, "Plan Width": 8, "Actual Rows": 1, "Actual Loops": 125, "Index Cond": "(n_nationkey = customer.c_nationkey)", "Rows Removed by Index Recheck": 0, "Workers": []}]}]}, {"Node Type": "Memoize", "Parent Relationship": "Inner", "Parallel Aware": false, "Async Capable": false, "Startup Cost": 0.14, "Total Cost": 0.64, "Plan Rows": 1, "Plan Width": 4, "Actual Rows": 0, "Actual Loops": 121229, "Cache Key": "n1.n_regionkey", "Cache Mode": "logical", "Cache Hits": 31854, "Cache Misses": 5, "Cache Evictions": 0, "Cache Overflows": 0, "Peak Memory Usage": 1, "Workers": [{"Worker Number": 0, "Cache Hits": 21203, "Cache Misses": 5, "Cache Evictions": 0, "Cache Overflows": 0, "Peak Memory Usage": 1}, {"Worker Number": 1, "Cache Hits": 23227, "Cache Misses": 5, "Cache Evictions": 0, "Cache Overflows": 0, "Peak Memory Usage": 1}, {"Worker Number": 2, "Cache Hits": 23269, "Cache Misses": 5, "Cache Evictions": 0, "Cache Overflows": 0, "Peak Memory Usage": 1}, {"Worker Number": 3, "Cache Hits": 21651, "Cache Misses": 5, "Cache Evictions": 0, "Cache Overflows": 0, "Peak Memory Usage": 1}], "Plans": [{"Node Type": "Index Scan", "Parent Relationship": "Outer", "Parallel Aware": false, "Async Capable": false, "Scan Direction": "Forward", "Index Name": "region_pkey", "Relation Name": "region", "Alias": "region", "Startup Cost": 0.13, "Total Cost": 0.63, "Plan Rows": 1, "Plan Width": 4, "Actual Rows": 0, "Actual Loops": 25, "Index Cond": "(r_regionkey = n1.n_regionkey)", "Rows Removed by Index Recheck": 0, "Filter": "(r_name = 'ASIA'::bpchar)", "Rows Removed by Filter": 1, "Workers": []}]}]}, {"Node Type": "Index Scan", "Parent Relationship": "Inner", "Parallel Aware": false, "Async Capable": false, "Scan Direction": "Forward", "Index Name": "supplier_pkey", "Relation Name": "supplier", "Alias": "supplier", "Startup Cost": 0.29, "Total Cost": 0.31, "Plan Rows": 1, "Plan Width": 8, "Actual Rows": 1, "Actual Loops": 24336, "Index Cond": "(s_suppkey = lineitem.l_suppkey)", "Rows Removed by Index Recheck": 0, "Workers": []}]}, {"Node Type": "Memoize", "Parent Relationship": "Inner", "Parallel Aware": false, "Async Capable": false, "Startup Cost": 0.15, "Total Cost": 0.17, "Plan Rows": 1, "Plan Width": 4, "Actual Rows": 1, "Actual Loops": 24336, "Cache Key": "supplier.s_nationkey", "Cache Mode": "logical", "Cache Hits": 6234, "Cache Misses": 25, "Cache Evictions": 0, "Cache Overflows": 0, "Peak Memory Usage": 3, "Workers": [{"Worker Number": 0, "Cache Hits": 4315, "Cache Misses": 25, "Cache Evictions": 0, "Cache Overflows": 0, "Peak Memory Usage": 3}, {"Worker Number": 1, "Cache Hits": 4637, "Cache Misses": 25, "Cache Evictions": 0, "Cache Overflows": 0, "Peak Memory Usage": 3}, {"Worker Number": 2, "Cache Hits": 4659, "Cache Misses": 25, "Cache Evictions": 0, "Cache Overflows": 0, "Peak Memory Usage": 3}, {"Worker Number": 3, "Cache Hits": 4366, "Cache Misses": 25, "Cache Evictions": 0, "Cache Overflows": 0, "Peak Memory Usage": 3}], "Plans": [{"Node Type": "Index Scan", "Parent Relationship": "Outer", "Parallel Aware": false, "Async Capable": false, "Scan Direction": "Forward", "Index Name": "nation_pkey", "Relation Name": "nation", "Alias": "n2", "Startup Cost": 0.14, "Total Cost": 0.16, "Plan Rows": 1, "Plan Width": 4, "Actual Rows": 1, "Actual Loops": 125, "Index Cond": "(n_nationkey = supplier.s_nationkey)", "Rows Removed by Index Recheck": 0, "Workers": []}]}]}]}]}]}, "Planning Time": 6.086, "Triggers": [], "Execution Time": 3173.122}]