[{"Plan": {"Node Type": "Aggregate", "Strategy": "Plain", "Partial Mode": "Finalize", "Parallel Aware": false, "Async Capable": false, "Startup Cost": 471161.61, "Total Cost": 471161.62, "Plan Rows": 1, "Plan Width": 8, "Actual Rows": 1, "Actual Loops": 1, "Plans": [{"Node Type": "Gather", "Parent Relationship": "Outer", "Parallel Aware": false, "Async Capable": false, "Startup Cost": 471160.98, "Total Cost": 471161.59, "Plan Rows": 6, "Plan Width": 8, "Actual Rows": 7, "Actual Loops": 1, "Workers Planned": 6, "Workers Launched": 6, "Single Copy": false, "Plans": [{"Node Type": "Aggregate", "Strategy": "Plain", "Partial Mode": "Partial", "Parent Relationship": "Outer", "Parallel Aware": false, "Async Capable": false, "Startup Cost": 470160.98, "Total Cost": 470160.99, "Plan Rows": 1, "Plan Width": 8, "Actual Rows": 1, "Actual Loops": 7, "Workers": [], "Plans": [{"Node Type": "Hash Join", "Parent Relationship": "Outer", "Parallel Aware": true, "Async Capable": false, "Join Type": "Inner", "Startup Cost": 193899.5, "Total Cost": 469011.87, "Plan Rows": 459645, "Plan Width": 0, "Actual Rows": 465374, "Actual Loops": 7, "Inner Unique": false, "Hash Cond": "(orders.o_orderkey = lineitem.l_orderkey)", "Workers": [], "Plans": [{"Node Type": "Index Only Scan", "Parent Relationship": "Outer", "Parallel Aware": true, "Async Capable": false, "Scan Direction": "Forward", "Index Name": "orders_pkey", "Relation Name": "orders", "Alias": "orders", "Startup Cost": 0.43, "Total Cost": 264588.76, "Plan Rows": 2499983, "Plan Width": 4, "Actual Rows": 2142857, "Actual Loops": 7, "Heap Fetches": 0, "Workers": []}, {"Node Type": "Hash", "Parent Relationship": "Inner", "Parallel Aware": true, "Async Capable": false, "Startup Cost": 185280.71, "Total Cost": 185280.71, "Plan Rows": 689468, "Plan Width": 4, "Actual Rows": 465374, "Actual Loops": 7, "Hash Buckets": 4194304, "Original Hash Buckets": 4194304, "Hash Batches": 1, "Original Hash Batches": 1, "Peak Memory Usage": 160320, "Workers": [], "Plans": [{"Node Type": "Nested Loop", "Parent Relationship": "Outer", "Parallel Aware": false, "Async Capable": false, "Join Type": "Inner", "Startup Cost": 3589.97, "Total Cost": 185280.71, "Plan Rows": 689468, "Plan Width": 4, "Actual Rows": 465374, "Actual Loops": 7, "Inner Unique": false, "Join Filter": "(supplier.s_suppkey = lineitem.l_suppkey)", "Rows Removed by Join Filter": 0, "Workers": [], "Plans": [{"Node Type": "Hash Join", "Parent Relationship": "Outer", "Parallel Aware": false, "Async Capable": false, "Join Type": "Inner", "Startup Cost": 3589.53, "Total Cost": 86437.39, "Plan Rows": 92187, "Plan Width": 16, "Actual Rows": 61998, "Actual Loops": 7, "Inner Unique": true, "Hash Cond": "(supplier.s_nationkey = nation.n_nationkey)", "Workers": [], "Plans": [{"Node Type": "Hash Join", "Parent Relationship": "Outer", "Parallel Aware": true, "Async Capable": false, "Join Type": "Inner", "Startup Cost": 3587.97, "Total Cost": 86152.82, "Plan Rows": 92187, "Plan Width": 20, "Actual Rows": 61998, "Actual Loops": 7, "Inner Unique": true, "Hash Cond": "(partsupp.ps_suppkey = supplier.s_suppkey)", "Workers": [], "Plans": [{"Node Type": "Nested Loop", "Parent Relationship": "Outer", "Parallel Aware": false, "Async Capable": false, "Join Type": "Inner", "Startup Cost": 0.43, "Total Cost": 82323.28, "Plan Rows": 92187, "Plan Width": 12, "Actual Rows": 61998, "Actual Loops": 7, "Inner Unique": false, "Workers": [], "Plans": [{"Node Type": "Seq Scan", "Parent Relationship": "Outer", "Parallel Aware": true, "Async Capable": false, "Relation Name": "part", "Alias": "part", "Startup Cost": 0.0, "Total Cost": 47242.0, "Plan Rows": 23046, "Plan Width": 4, "Actual Rows": 15500, "Actual Loops": 7, "Filter": "((p_name)::text ~~ '%light%'::text)", "Rows Removed by Filter": 270215, "Workers": []}, {"Node Type": "Index Only Scan", "Parent Relationship": "Inner", "Parallel Aware": false, "Async Capable": false, "Scan Direction": "Forward", "Index Name": "partsupp_pkey", "Relation Name": "partsupp", "Alias": "partsupp", "Startup Cost": 0.43, "Total Cost": 1.47, "Plan Rows": 5, "Plan Width": 8, "Actual Rows": 4, "Actual Loops": 108497, "Index Cond": "(ps_partkey = part.p_partkey)", "Rows Removed by Index Recheck": 0, "Heap Fetches": 0, "Workers": []}]}, {"Node Type": "Hash", "Parent Relationship": "Inner", "Parallel Aware": true, "Async Capable": false, "Startup Cost": 2852.24, "Total Cost": 2852.24, "Plan Rows": 58824, "Plan Width": 8, "Actual Rows": 14286, "Actual Loops": 7, "Hash Buckets": 131072, "Original Hash Buckets": 131072, "Hash Batches": 1, "Original Hash Batches": 1, "Peak Memory Usage": 5056, "Workers": [], "Plans": [{"Node Type": "Seq Scan", "Parent Relationship": "Outer", "Parallel Aware": true, "Async Capable": false, "Relation Name": "supplier", "Alias": "supplier", "Startup Cost": 0.0, "Total Cost": 2852.24, "Plan Rows": 58824, "Plan Width": 8, "Actual Rows": 14286, "Actual Loops": 7, "Workers": []}]}]}, {"Node Type": "Hash", "Parent Relationship": "Inner", "Parallel Aware": false, "Async Capable": false, "Startup Cost": 1.25, "Total Cost": 1.25, "Plan Rows": 25, "Plan Width": 4, "Actual Rows": 25, "Actual Loops": 7, "Hash Buckets": 1024, "Original Hash Buckets": 1024, "Hash Batches": 1, "Original Hash Batches": 1, "Peak Memory Usage": 9, "Workers": [], "Plans": [{"Node Type": "Seq Scan", "Parent Relationship": "Outer", "Parallel Aware": false, "Async Capable": false, "Relation Name": "nation", "Alias": "nation", "Startup Cost": 0.0, "Total Cost": 1.25, "Plan Rows": 25, "Plan Width": 4, "Actual Rows": 25, "Actual Loops": 7, "Workers": []}]}]}, {"Node Type": "Index Scan", "Parent Relationship": "Inner", "Parallel Aware": false, "Async Capable": false, "Scan Direction": "Forward", "Index Name": "idx_lineitem_part_supp", "Relation Name": "lineitem", "Alias": "lineitem", "Startup Cost": 0.44, "Total Cost": 1.06, "Plan Rows": 1, "Plan Width": 12, "Actual Rows": 8, "Actual Loops": 433988, "Index Cond": "((l_partkey = partsupp.ps_partkey) AND (l_suppkey = partsupp.ps_suppkey))", "Rows Removed by Index Recheck": 0, "Workers": []}]}]}]}]}]}]}, "Planning Time": 5.329, "Triggers": [], "Execution Time": 7326.239}, {"Plan": {"Node Type": "Aggregate", "Strategy": "Plain", "Partial Mode": "Simple", "Parallel Aware": false, "Async Capable": false, "Startup Cost": 60019589504.55, "Total Cost": 60019589504.56, "Plan Rows": 1, "Plan Width": 8, "Plans": [{"Node Type": "Hash Join", "Parent Relationship": "Outer", "Parallel Aware": false, "Async Capable": false, "Join Type": "Inner", "Startup Cost": 60000008674.21, "Total Cost": 60019582609.88, "Plan Rows": 2757871, "Plan Width": 0, "Inner Unique": false, "Hash Cond": "(lineitem.l_suppkey = supplier.s_suppkey)", "Plans": [{"Node Type": "Nested Loop", "Parent Relationship": "Outer", "Parallel Aware": false, "Async Capable": false, "Join Type": "Inner", "Startup Cost": 40000000001.82, "Total Cost": 40019535990.08, "Plan Rows": 2764986, "Plan Width": 8, "Inner Unique": true, "Plans": [{"Node Type": "Nested Loop", "Parent Relationship": "Outer", "Parallel Aware": false, "Async Capable": false, "Join Type": "Inner", "Startup Cost": 30000000001.37, "Total Cost": 30010615791.82, "Plan Rows": 2764986, "Plan Width": 12, "Inner Unique": false, "Plans": [{"Node Type": "Nested Loop", "Parent Relationship": "Outer", "Parallel Aware": false, "Async Capable": false, "Join Type": "Inner", "Startup Cost": 20000000000.88, "Total Cost": 20008951857.91, "Plan Rows": 368747, "Plan Width": 12, "Inner Unique": true, "Plans": [{"Node Type": "Index Scan", "Parent Relationship": "Outer", "Parallel Aware": false, "Async Capable": false, "Scan Direction": "Forward", "Index Name": "idx_partsupp_suppkey", "Relation Name": "partsupp", "Alias": "partsupp", "Startup Cost": 10000000000.43, "Total Cost": 10000846995.98, "Plan Rows": 8000246, "Plan Width": 8}, {"Node Type": "Memoize", "Parent Relationship": "Inner", "Parallel Aware": false, "Async Capable": false, "Startup Cost": 0.45, "Total Cost": 4.46, "Plan Rows": 1, "Plan Width": 4, "Cache Key": "partsupp.ps_partkey", "Cache Mode": "logical", "Plans": [{"Node Type": "Bitmap Heap Scan", "Parent Relationship": "Outer", "Parallel Aware": false, "Async Capable": false, "Relation Name": "part", "Alias": "part", "Startup Cost": 0.44, "Total Cost": 4.45, "Plan Rows": 1, "Plan Width": 4, "Recheck Cond": "(p_partkey = partsupp.ps_partkey)", "Filter": "((p_name)::text ~~ '%light%'::text)", "Plans": [{"Node Type": "Bitmap Index Scan", "Parent Relationship": "Outer", "Parallel Aware": false, "Async Capable": false, "Index Name": "part_pkey", "Startup Cost": 0.0, "Total Cost": 0.44, "Plan Rows": 1, "Plan Width": 0, "Index Cond": "(p_partkey = partsupp.ps_partkey)"}]}]}]}, {"Node Type": "Bitmap Heap Scan", "Parent Relationship": "Inner", "Parallel Aware": false, "Async Capable": false, "Relation Name": "lineitem", "Alias": "lineitem", "Startup Cost": 0.49, "Total Cost": 4.5, "Plan Rows": 1, "Plan Width": 12, "Recheck Cond": "((l_partkey = partsupp.ps_partkey) AND (l_suppkey = partsupp.ps_suppkey))", "Plans": [{"Node Type": "Bitmap Index Scan", "Parent Relationship": "Outer", "Parallel Aware": false, "Async Capable": false, "Index Name": "idx_lineitem_part_supp", "Startup Cost": 0.0, "Total Cost": 0.49, "Plan Rows": 1, "Plan Width": 0, "Index Cond": "((l_partkey = partsupp.ps_partkey) AND (l_suppkey = partsupp.ps_suppkey))"}]}]}, {"Node Type": "Memoize", "Parent Relationship": "Inner", "Parallel Aware": false, "Async Capable": false, "Startup Cost": 0.46, "Total Cost": 4.47, "Plan Rows": 1, "Plan Width": 4, "Cache Key": "lineitem.l_orderkey", "Cache Mode": "logical", "Plans": [{"Node Type": "Bitmap Heap Scan", "Parent Relationship": "Outer", "Parallel Aware": false, "Async Capable": false, "Relation Name": "orders", "Alias": "orders", "Startup Cost": 0.45, "Total Cost": 4.46, "Plan Rows": 1, "Plan Width": 4, "Recheck Cond": "(lineitem.l_orderkey = o_orderkey)", "Plans": [{"Node Type": "Bitmap Index Scan", "Parent Relationship": "Outer", "Parallel Aware": false, "Async Capable": false, "Index Name": "orders_pkey", "Startup Cost": 0.0, "Total Cost": 0.45, "Plan Rows": 1, "Plan Width": 0, "Index Cond": "(o_orderkey = lineitem.l_orderkey)"}]}]}]}, {"Node Type": "Hash", "Parent Relationship": "Inner", "Parallel Aware": false, "Async Capable": false, "Startup Cost": 20000007422.38, "Total Cost": 20000007422.38, "Plan Rows": 100000, "Plan Width": 4, "Plans": [{"Node Type": "Nested Loop", "Parent Relationship": "Outer", "Parallel Aware": false, "Async Capable": false, "Join Type": "Inner", "Startup Cost": 20000000000.45, "Total Cost": 20000007422.38, "Plan Rows": 100000, "Plan Width": 4, "Inner Unique": true, "Plans": [{"Node Type": "Index Scan", "Parent Relationship": "Outer", "Parallel Aware": false, "Async Capable": false, "Scan Direction": "Forward", "Index Name": "supplier_pkey", "Relation Name": "supplier", "Alias": "supplier", "Startup Cost": 10000000000.29, "Total Cost": 10000004873.38, "Plan Rows": 100000, "Plan Width": 8}, {"Node Type": "Memoize", "Parent Relationship": "Inner", "Parallel Aware": false, "Async Capable": false, "Startup Cost": 0.16, "Total Cost": 4.17, "Plan Rows": 1, "Plan Width": 4, "Cache Key": "supplier.s_nationkey", "Cache Mode": "logical", "Plans": [{"Node Type": "Bitmap Heap Scan", "Parent Relationship": "Outer", "Parallel Aware": false, "Async Capable": false, "Relation Name": "nation", "Alias": "nation", "Startup Cost": 0.15, "Total Cost": 4.16, "Plan Rows": 1, "Plan Width": 4, "Recheck Cond": "(supplier.s_nationkey = n_nationkey)", "Plans": [{"Node Type": "Bitmap Index Scan", "Parent Relationship": "Outer", "Parallel Aware": false, "Async Capable": false, "Index Name": "nation_pkey", "Startup Cost": 0.0, "Total Cost": 0.15, "Plan Rows": 1, "Plan Width": 0, "Index Cond": "(n_nationkey = supplier.s_nationkey)"}]}]}]}]}]}]}}, {"Plan": {"Node Type": "Aggregate", "Strategy": "Plain", "Partial Mode": "Finalize", "Parallel Aware": false, "Async Capable": false, "Startup Cost": 2439964.98, "Total Cost": 2439964.99, "Plan Rows": 1, "Plan Width": 8, "Actual Rows": 1, "Actual Loops": 1, "Plans": [{"Node Type": "Gather", "Parent Relationship": "Outer", "Parallel Aware": false, "Async Capable": false, "Startup Cost": 2439964.35, "Total Cost": 2439964.96, "Plan Rows": 6, "Plan Width": 8, "Actual Rows": 7, "Actual Loops": 1, "Workers Planned": 6, "Workers Launched": 6, "Single Copy": false, "Plans": [{"Node Type": "Aggregate", "Strategy": "Plain", "Partial Mode": "Partial", "Parent Relationship": "Outer", "Parallel Aware": false, "Async Capable": false, "Startup Cost": 2438964.35, "Total Cost": 2438964.36, "Plan Rows": 1, "Plan Width": 8, "Actual Rows": 1, "Actual Loops": 7, "Workers": [], "Plans": [{"Node Type": "Hash Join", "Parent Relationship": "Outer", "Parallel Aware": true, "Async Capable": false, "Join Type": "Inner", "Startup Cost": 2163085.91, "Total Cost": 2437815.24, "Plan Rows": 459645, "Plan Width": 0, "Actual Rows": 465374, "Actual Loops": 7, "Inner Unique": false, "Hash Cond": "(orders.o_orderkey = lineitem.l_orderkey)", "Workers": [], "Plans": [{"Node Type": "Index Only Scan", "Parent Relationship": "Outer", "Parallel Aware": true, "Async Capable": false, "Scan Direction": "Forward", "Index Name": "orders_pkey", "Relation Name": "orders", "Alias": "orders", "Startup Cost": 0.43, "Total Cost": 264588.76, "Plan Rows": 2499983, "Plan Width": 4, "Actual Rows": 2142857, "Actual Loops": 7, "Heap Fetches": 0, "Workers": []}, {"Node Type": "Hash", "Parent Relationship": "Inner", "Parallel Aware": true, "Async Capable": false, "Startup Cost": 2157339.91, "Total Cost": 2157339.91, "Plan Rows": 459645, "Plan Width": 4, "Actual Rows": 465374, "Actual Loops": 7, "Hash Buckets": 4194304, "Original Hash Buckets": 4194304, "Hash Batches": 1, "Original Hash Batches": 1, "Peak Memory Usage": 160288, "Workers": [], "Plans": [{"Node Type": "Hash Join", "Parent Relationship": "Outer", "Parallel Aware": true, "Async Capable": false, "Join Type": "Inner", "Startup Cost": 2006227.16, "Total Cost": 2157339.91, "Plan Rows": 459645, "Plan Width": 4, "Actual Rows": 465374, "Actual Loops": 7, "Inner Unique": false, "Hash Cond": "((partsupp.ps_suppkey = supplier.s_suppkey) AND (partsupp.ps_partkey = lineitem.l_partkey))", "Workers": [], "Plans": [{"Node Type": "Index Only Scan", "Parent Relationship": "Outer", "Parallel Aware": true, "Async Capable": false, "Scan Direction": "Forward", "Index Name": "partsupp_pkey", "Relation Name": "partsupp", "Alias": "partsupp", "Startup Cost": 0.43, "Total Cost": 141112.84, "Plan Rows": 1333374, "Plan Width": 8, "Actual Rows": 1142857, "Actual Loops": 7, "Heap Fetches": 0, "Workers": []}, {"Node Type": "Hash", "Parent Relationship": "Inner", "Parallel Aware": true, "Async Capable": false, "Startup Cost": 2000317.0, "Total Cost": 2000317.0, "Plan Rows": 393982, "Plan Width": 20, "Actual Rows": 465374, "Actual Loops": 7, "Hash Buckets": 4194304, "Original Hash Buckets": 4194304, "Hash Batches": 1, "Original Hash Batches": 1, "Peak Memory Usage": 211424, "Workers": [], "Plans": [{"Node Type": "Hash Join", "Parent Relationship": "Outer", "Parallel Aware": false, "Async Capable": false, "Join Type": "Inner", "Startup Cost": 84691.99, "Total Cost": 2000317.0, "Plan Rows": 393982, "Plan Width": 20, "Actual Rows": 465374, "Actual Loops": 7, "Inner Unique": true, "Hash Cond": "(supplier.s_nationkey = nation.n_nationkey)", "Workers": [], "Plans": [{"Node Type": "Hash Join", "Parent Relationship": "Outer", "Parallel Aware": true, "Async Capable": false, "Join Type": "Inner", "Startup Cost": 84679.17, "Total Cost": 1999094.66, "Plan Rows": 393982, "Plan Width": 24, "Actual Rows": 465374, "Actual Loops": 7, "Inner Unique": true, "Hash Cond": "(lineitem.l_suppkey = supplier.s_suppkey)", "Workers": [], "Plans": [{"Node Type": "Hash Join", "Parent Relationship": "Outer", "Parallel Aware": true, "Async Capable": false, "Join Type": "Inner", "Startup Cost": 79482.26, "Total Cost": 1992860.83, "Plan Rows": 394998, "Plan Width": 16, "Actual Rows": 465374, "Actual Loops": 7, "Inner Unique": true, "Hash Cond": "(lineitem.l_partkey = part.p_partkey)", "Workers": [], "Plans": [{"Node Type": "Index Scan", "Parent Relationship": "Outer", "Parallel Aware": true, "Async Capable": false, "Scan Direction": "Forward", "Index Name": "idx_lineitem_orderkey", "Relation Name": "lineitem", "Alias": "lineitem", "Startup Cost": 0.56, "Total Cost": 1890883.43, "Plan Rows": 8569775, "Plan Width": 12, "Actual Rows": 8569436, "Actual Loops": 7, "Workers": []}, {"Node Type": "Hash", "Parent Relationship": "Inner", "Parallel Aware": true, "Async Capable": false, "Startup Cost": 79193.62, "Total Cost": 79193.62, "Plan Rows": 23046, "Plan Width": 4, "Actual Rows": 15500, "Actual Loops": 7, "Hash Buckets": 131072, "Original Hash Buckets": 131072, "Hash Batches": 1, "Original Hash Batches": 1, "Peak Memory Usage": 5408, "Workers": [], "Plans": [{"Node Type": "Index Scan", "Parent Relationship": "Outer", "Parallel Aware": true, "Async Capable": false, "Scan Direction": "Forward", "Index Name": "part_pkey", "Relation Name": "part", "Alias": "part", "Startup Cost": 0.43, "Total Cost": 79193.62, "Plan Rows": 23046, "Plan Width": 4, "Actual Rows": 15500, "Actual Loops": 7, "Filter": "((p_name)::text ~~ '%light%'::text)", "Rows Removed by Filter": 270215, "Workers": []}]}]}, {"Node Type": "Hash", "Parent Relationship": "Inner", "Parallel Aware": true, "Async Capable": false, "Startup Cost": 4461.61, "Total Cost": 4461.61, "Plan Rows": 58824, "Plan Width": 8, "Actual Rows": 14286, "Actual Loops": 7, "Hash Buckets": 131072, "Original Hash Buckets": 131072, "Hash Batches": 1, "Original Hash Batches": 1, "Peak Memory Usage": 5024, "Workers": [], "Plans": [{"Node Type": "Index Scan", "Parent Relationship": "Outer", "Parallel Aware": true, "Async Capable": false, "Scan Direction": "Forward", "Index Name": "supplier_pkey", "Relation Name": "supplier", "Alias": "supplier", "Startup Cost": 0.29, "Total Cost": 4461.61, "Plan Rows": 58824, "Plan Width": 8, "Actual Rows": 14286, "Actual Loops": 7, "Workers": []}]}]}, {"Node Type": "Hash", "Parent Relationship": "Inner", "Parallel Aware": false, "Async Capable": false, "Startup Cost": 12.51, "Total Cost": 12.51, "Plan Rows": 25, "Plan Width": 4, "Actual Rows": 25, "Actual Loops": 7, "Hash Buckets": 1024, "Original Hash Buckets": 1024, "Hash Batches": 1, "Original Hash Batches": 1, "Peak Memory Usage": 9, "Workers": [], "Plans": [{"Node Type": "Index Only Scan", "Parent Relationship": "Outer", "Parallel Aware": false, "Async Capable": false, "Scan Direction": "Forward", "Index Name": "nation_pkey", "Relation Name": "nation", "Alias": "nation", "Startup Cost": 0.14, "Total Cost": 12.51, "Plan Rows": 25, "Plan Width": 4, "Actual Rows": 25, "Actual Loops": 7, "Heap Fetches": 175, "Workers": []}]}]}]}]}]}]}]}]}]}, "Planning Time": 3.466, "Triggers": [], "Execution Time": 10152.728}, {"Plan": {"Node Type": "Aggregate", "Strategy": "Plain", "Partial Mode": "Finalize", "Parallel Aware": false, "Async Capable": false, "Startup Cost": 504733.86, "Total Cost": 504733.87, "Plan Rows": 1, "Plan Width": 8, "Actual Rows": 1, "Actual Loops": 1, "Plans": [{"Node Type": "Gather", "Parent Relationship": "Outer", "Parallel Aware": false, "Async Capable": false, "Startup Cost": 504733.24, "Total Cost": 504733.85, "Plan Rows": 6, "Plan Width": 8, "Actual Rows": 7, "Actual Loops": 1, "Workers Planned": 6, "Workers Launched": 6, "Single Copy": false, "Plans": [{"Node Type": "Aggregate", "Strategy": "Plain", "Partial Mode": "Partial", "Parent Relationship": "Outer", "Parallel Aware": false, "Async Capable": false, "Startup Cost": 503733.24, "Total Cost": 503733.25, "Plan Rows": 1, "Plan Width": 8, "Actual Rows": 1, "Actual Loops": 7, "Workers": [], "Plans": [{"Node Type": "Hash Join", "Parent Relationship": "Outer", "Parallel Aware": true, "Async Capable": false, "Join Type": "Inner", "Startup Cost": 227471.75, "Total Cost": 502584.13, "Plan Rows": 459645, "Plan Width": 0, "Actual Rows": 465374, "Actual Loops": 7, "Inner Unique": false, "Hash Cond": "(orders.o_orderkey = lineitem.l_orderkey)", "Workers": [], "Plans": [{"Node Type": "Index Only Scan", "Parent Relationship": "Outer", "Parallel Aware": true, "Async Capable": false, "Scan Direction": "Forward", "Index Name": "orders_pkey", "Relation Name": "orders", "Alias": "orders", "Startup Cost": 0.43, "Total Cost": 264588.76, "Plan Rows": 2499983, "Plan Width": 4, "Actual Rows": 2142857, "Actual Loops": 7, "Heap Fetches": 0, "Workers": []}, {"Node Type": "Hash", "Parent Relationship": "Inner", "Parallel Aware": true, "Async Capable": false, "Startup Cost": 218852.97, "Total Cost": 218852.97, "Plan Rows": 689468, "Plan Width": 4, "Actual Rows": 465374, "Actual Loops": 7, "Hash Buckets": 4194304, "Original Hash Buckets": 4194304, "Hash Batches": 1, "Original Hash Batches": 1, "Peak Memory Usage": 160320, "Workers": [], "Plans": [{"Node Type": "Nested Loop", "Parent Relationship": "Outer", "Parallel Aware": false, "Async Capable": false, "Join Type": "Inner", "Startup Cost": 5211.04, "Total Cost": 218852.97, "Plan Rows": 689468, "Plan Width": 4, "Actual Rows": 465374, "Actual Loops": 7, "Inner Unique": false, "Join Filter": "(supplier.s_suppkey = lineitem.l_suppkey)", "Rows Removed by Join Filter": 0, "Workers": [], "Plans": [{"Node Type": "Hash Join", "Parent Relationship": "Outer", "Parallel Aware": false, "Async Capable": false, "Join Type": "Inner", "Startup Cost": 5210.6, "Total Cost": 120009.65, "Plan Rows": 92187, "Plan Width": 16, "Actual Rows": 61998, "Actual Loops": 7, "Inner Unique": true, "Hash Cond": "(supplier.s_nationkey = nation.n_nationkey)", "Workers": [], "Plans": [{"Node Type": "Hash Join", "Parent Relationship": "Outer", "Parallel Aware": true, "Async Capable": false, "Join Type": "Inner", "Startup Cost": 5197.77, "Total Cost": 119713.81, "Plan Rows": 92187, "Plan Width": 20, "Actual Rows": 61998, "Actual Loops": 7, "Inner Unique": true, "Hash Cond": "(partsupp.ps_suppkey = supplier.s_suppkey)", "Workers": [], "Plans": [{"Node Type": "Nested Loop", "Parent Relationship": "Outer", "Parallel Aware": false, "Async Capable": false, "Join Type": "Inner", "Startup Cost": 0.86, "Total Cost": 114274.9, "Plan Rows": 92187, "Plan Width": 12, "Actual Rows": 61998, "Actual Loops": 7, "Inner Unique": false, "Workers": [], "Plans": [{"Node Type": "Index Scan", "Parent Relationship": "Outer", "Parallel Aware": true, "Async Capable": false, "Scan Direction": "Forward", "Index Name": "part_pkey", "Relation Name": "part", "Alias": "part", "Startup Cost": 0.43, "Total Cost": 79193.62, "Plan Rows": 23046, "Plan Width": 4, "Actual Rows": 15500, "Actual Loops": 7, "Filter": "((p_name)::text ~~ '%light%'::text)", "Rows Removed by Filter": 270215, "Workers": []}, {"Node Type": "Index Only Scan", "Parent Relationship": "Inner", "Parallel Aware": false, "Async Capable": false, "Scan Direction": "Forward", "Index Name": "partsupp_pkey", "Relation Name": "partsupp", "Alias": "partsupp", "Startup Cost": 0.43, "Total Cost": 1.47, "Plan Rows": 5, "Plan Width": 8, "Actual Rows": 4, "Actual Loops": 108497, "Index Cond": "(ps_partkey = part.p_partkey)", "Rows Removed by Index Recheck": 0, "Heap Fetches": 0, "Workers": []}]}, {"Node Type": "Hash", "Parent Relationship": "Inner", "Parallel Aware": true, "Async Capable": false, "Startup Cost": 4461.61, "Total Cost": 4461.61, "Plan Rows": 58824, "Plan Width": 8, "Actual Rows": 14286, "Actual Loops": 7, "Hash Buckets": 131072, "Original Hash Buckets": 131072, "Hash Batches": 1, "Original Hash Batches": 1, "Peak Memory Usage": 5088, "Workers": [], "Plans": [{"Node Type": "Index Scan", "Parent Relationship": "Outer", "Parallel Aware": true, "Async Capable": false, "Scan Direction": "Forward", "Index Name": "supplier_pkey", "Relation Name": "supplier", "Alias": "supplier", "Startup Cost": 0.29, "Total Cost": 4461.61, "Plan Rows": 58824, "Plan Width": 8, "Actual Rows": 14286, "Actual Loops": 7, "Workers": []}]}]}, {"Node Type": "Hash", "Parent Relationship": "Inner", "Parallel Aware": false, "Async Capable": false, "Startup Cost": 12.51, "Total Cost": 12.51, "Plan Rows": 25, "Plan Width": 4, "Actual Rows": 25, "Actual Loops": 7, "Hash Buckets": 1024, "Original Hash Buckets": 1024, "Hash Batches": 1, "Original Hash Batches": 1, "Peak Memory Usage": 9, "Workers": [], "Plans": [{"Node Type": "Index Only Scan", "Parent Relationship": "Outer", "Parallel Aware": false, "Async Capable": false, "Scan Direction": "Forward", "Index Name": "nation_pkey", "Relation Name": "nation", "Alias": "nation", "Startup Cost": 0.14, "Total Cost": 12.51, "Plan Rows": 25, "Plan Width": 4, "Actual Rows": 25, "Actual Loops": 7, "Heap Fetches": 175, "Workers": []}]}]}, {"Node Type": "Index Scan", "Parent Relationship": "Inner", "Parallel Aware": false, "Async Capable": false, "Scan Direction": "Forward", "Index Name": "idx_lineitem_part_supp", "Relation Name": "lineitem", "Alias": "lineitem", "Startup Cost": 0.44, "Total Cost": 1.06, "Plan Rows": 1, "Plan Width": 12, "Actual Rows": 8, "Actual Loops": 433988, "Index Cond": "((l_partkey = partsupp.ps_partkey) AND (l_suppkey = partsupp.ps_suppkey))", "Rows Removed by Index Recheck": 0, "Workers": []}]}]}]}]}]}]}, "Planning Time": 5.369, "Triggers": [], "Execution Time": 7085.702}, {"Plan": {"Node Type": "Aggregate", "Strategy": "Plain", "Partial Mode": "Finalize", "Parallel Aware": false, "Async Capable": false, "Startup Cost": 1726351.04, "Total Cost": 1726351.05, "Plan Rows": 1, "Plan Width": 8, "Actual Rows": 1, "Actual Loops": 1, "Plans": [{"Node Type": "Gather", "Parent Relationship": "Outer", "Parallel Aware": false, "Async Capable": false, "Startup Cost": 1726350.41, "Total Cost": 1726351.02, "Plan Rows": 6, "Plan Width": 8, "Actual Rows": 7, "Actual Loops": 1, "Workers Planned": 6, "Workers Launched": 6, "Single Copy": false, "Plans": [{"Node Type": "Aggregate", "Strategy": "Plain", "Partial Mode": "Partial", "Parent Relationship": "Outer", "Parallel Aware": false, "Async Capable": false, "Startup Cost": 1725350.41, "Total Cost": 1725350.42, "Plan Rows": 1, "Plan Width": 8, "Actual Rows": 1, "Actual Loops": 7, "Workers": [], "Plans": [{"Node Type": "Hash Join", "Parent Relationship": "Outer", "Parallel Aware": true, "Async Capable": false, "Join Type": "Inner", "Startup Cost": 1449471.97, "Total Cost": 1724201.3, "Plan Rows": 459645, "Plan Width": 0, "Actual Rows": 465374, "Actual Loops": 7, "Inner Unique": false, "Hash Cond": "(orders.o_orderkey = lineitem.l_orderkey)", "Workers": [], "Plans": [{"Node Type": "Index Only Scan", "Parent Relationship": "Outer", "Parallel Aware": true, "Async Capable": false, "Scan Direction": "Forward", "Index Name": "orders_pkey", "Relation Name": "orders", "Alias": "orders", "Startup Cost": 0.43, "Total Cost": 264588.76, "Plan Rows": 2499983, "Plan Width": 4, "Actual Rows": 2142857, "Actual Loops": 7, "Heap Fetches": 0, "Workers": []}, {"Node Type": "Hash", "Parent Relationship": "Inner", "Parallel Aware": true, "Async Capable": false, "Startup Cost": 1443725.97, "Total Cost": 1443725.97, "Plan Rows": 459645, "Plan Width": 4, "Actual Rows": 465374, "Actual Loops": 7, "Hash Buckets": 4194304, "Original Hash Buckets": 4194304, "Hash Batches": 1, "Original Hash Batches": 1, "Peak Memory Usage": 160320, "Workers": [], "Plans": [{"Node Type": "Hash Join", "Parent Relationship": "Outer", "Parallel Aware": true, "Async Capable": false, "Join Type": "Inner", "Startup Cost": 1292613.22, "Total Cost": 1443725.97, "Plan Rows": 459645, "Plan Width": 4, "Actual Rows": 465374, "Actual Loops": 7, "Inner Unique": false, "Hash Cond": "((partsupp.ps_suppkey = supplier.s_suppkey) AND (partsupp.ps_partkey = lineitem.l_partkey))", "Workers": [], "Plans": [{"Node Type": "Index Only Scan", "Parent Relationship": "Outer", "Parallel Aware": true, "Async Capable": false, "Scan Direction": "Forward", "Index Name": "partsupp_pkey", "Relation Name": "partsupp", "Alias": "partsupp", "Startup Cost": 0.43, "Total Cost": 141112.84, "Plan Rows": 1333374, "Plan Width": 8, "Actual Rows": 1142857, "Actual Loops": 7, "Heap Fetches": 0, "Workers": []}, {"Node Type": "Hash", "Parent Relationship": "Inner", "Parallel Aware": true, "Async Capable": false, "Startup Cost": 1286703.06, "Total Cost": 1286703.06, "Plan Rows": 393982, "Plan Width": 20, "Actual Rows": 465374, "Actual Loops": 7, "Hash Buckets": 4194304, "Original Hash Buckets": 4194304, "Hash Batches": 1, "Original Hash Batches": 1, "Peak Memory Usage": 211392, "Workers": [], "Plans": [{"Node Type": "Hash Join", "Parent Relationship": "Outer", "Parallel Aware": false, "Async Capable": false, "Join Type": "Inner", "Startup Cost": 51119.17, "Total Cost": 1286703.06, "Plan Rows": 393982, "Plan Width": 20, "Actual Rows": 465374, "Actual Loops": 7, "Inner Unique": true, "Hash Cond": "(supplier.s_nationkey = nation.n_nationkey)", "Workers": [], "Plans": [{"Node Type": "Hash Join", "Parent Relationship": "Outer", "Parallel Aware": true, "Async Capable": false, "Join Type": "Inner", "Startup Cost": 51117.61, "Total Cost": 1285491.98, "Plan Rows": 393982, "Plan Width": 24, "Actual Rows": 465374, "Actual Loops": 7, "Inner Unique": true, "Hash Cond": "(lineitem.l_suppkey = supplier.s_suppkey)", "Workers": [], "Plans": [{"Node Type": "Hash Join", "Parent Relationship": "Outer", "Parallel Aware": true, "Async Capable": false, "Join Type": "Inner", "Startup Cost": 47530.07, "Total Cost": 1280867.53, "Plan Rows": 394998, "Plan Width": 16, "Actual Rows": 465374, "Actual Loops": 7, "Inner Unique": true, "Hash Cond": "(lineitem.l_partkey = part.p_partkey)", "Workers": [], "Plans": [{"Node Type": "Seq Scan", "Parent Relationship": "Outer", "Parallel Aware": true, "Async Capable": false, "Relation Name": "lineitem", "Alias": "lineitem", "Startup Cost": 0.0, "Total Cost": 1210841.75, "Plan Rows": 8569775, "Plan Width": 12, "Actual Rows": 8569436, "Actual Loops": 7, "Workers": []}, {"Node Type": "Hash", "Parent Relationship": "Inner", "Parallel Aware": true, "Async Capable": false, "Startup Cost": 47242.0, "Total Cost": 47242.0, "Plan Rows": 23046, "Plan Width": 4, "Actual Rows": 15500, "Actual Loops": 7, "Hash Buckets": 131072, "Original Hash Buckets": 131072, "Hash Batches": 1, "Original Hash Batches": 1, "Peak Memory Usage": 5408, "Workers": [], "Plans": [{"Node Type": "Seq Scan", "Parent Relationship": "Outer", "Parallel Aware": true, "Async Capable": false, "Relation Name": "part", "Alias": "part", "Startup Cost": 0.0, "Total Cost": 47242.0, "Plan Rows": 23046, "Plan Width": 4, "Actual Rows": 15500, "Actual Loops": 7, "Filter": "((p_name)::text ~~ '%light%'::text)", "Rows Removed by Filter": 270215, "Workers": []}]}]}, {"Node Type": "Hash", "Parent Relationship": "Inner", "Parallel Aware": true, "Async Capable": false, "Startup Cost": 2852.24, "Total Cost": 2852.24, "Plan Rows": 58824, "Plan Width": 8, "Actual Rows": 14286, "Actual Loops": 7, "Hash Buckets": 131072, "Original Hash Buckets": 131072, "Hash Batches": 1, "Original Hash Batches": 1, "Peak Memory Usage": 4992, "Workers": [], "Plans": [{"Node Type": "Seq Scan", "Parent Relationship": "Outer", "Parallel Aware": true, "Async Capable": false, "Relation Name": "supplier", "Alias": "supplier", "Startup Cost": 0.0, "Total Cost": 2852.24, "Plan Rows": 58824, "Plan Width": 8, "Actual Rows": 14286, "Actual Loops": 7, "Workers": []}]}]}, {"Node Type": "Hash", "Parent Relationship": "Inner", "Parallel Aware": false, "Async Capable": false, "Startup Cost": 1.25, "Total Cost": 1.25, "Plan Rows": 25, "Plan Width": 4, "Actual Rows": 25, "Actual Loops": 7, "Hash Buckets": 1024, "Original Hash Buckets": 1024, "Hash Batches": 1, "Original Hash Batches": 1, "Peak Memory Usage": 9, "Workers": [], "Plans": [{"Node Type": "Seq Scan", "Parent Relationship": "Outer", "Parallel Aware": false, "Async Capable": false, "Relation Name": "nation", "Alias": "nation", "Startup Cost": 0.0, "Total Cost": 1.25, "Plan Rows": 25, "Plan Width": 4, "Actual Rows": 25, "Actual Loops": 7, "Workers": []}]}]}]}]}]}]}]}]}]}, "Planning Time": 8.621, "Triggers": [], "Execution Time": 7022.71}, {"Plan": {"Node Type": "Aggregate", "Strategy": "Plain", "Partial Mode": "Simple", "Parallel Aware": false, "Async Capable": false, "Startup Cost": 60015587355.06, "Total Cost": 60015587355.07, "Plan Rows": 1, "Plan Width": 8, "Plans": [{"Node Type": "Hash Join", "Parent Relationship": "Outer", "Parallel Aware": false, "Async Capable": false, "Join Type": "Inner", "Startup Cost": 60006596886.6, "Total Cost": 60015580460.38, "Plan Rows": 2757871, "Plan Width": 0, "Inner Unique": true, "Hash Cond": "((supplier.s_suppkey = partsupp.ps_suppkey) AND (lineitem.l_partkey = partsupp.ps_partkey))", "Plans": [{"Node Type": "Nested Loop", "Parent Relationship": "Outer", "Parallel Aware": false, "Async Capable": false, "Join Type": "Inner", "Startup Cost": 50006269101.35, "Total Cost": 50015238196.3, "Plan Rows": 2757871, "Plan Width": 16, "Inner Unique": true, "Plans": [{"Node Type": "Merge Join", "Parent Relationship": "Outer", "Parallel Aware": false, "Async Capable": false, "Join Type": "Inner", "Startup Cost": 40006269100.9, "Total Cost": 40006318175.92, "Plan Rows": 2757871, "Plan Width": 20, "Inner Unique": false, "Merge Cond": "(supplier.s_suppkey = lineitem.l_suppkey)", "Plans": [{"Node Type": "Nested Loop", "Parent Relationship": "Outer", "Parallel Aware": false, "Async Capable": false, "Join Type": "Inner", "Startup Cost": 20000000000.45, "Total Cost": 20000007422.38, "Plan Rows": 100000, "Plan Width": 4, "Inner Unique": true, "Plans": [{"Node Type": "Index Scan", "Parent Relationship": "Outer", "Parallel Aware": false, "Async Capable": false, "Scan Direction": "Forward", "Index Name": "supplier_pkey", "Relation Name": "supplier", "Alias": "supplier", "Startup Cost": 10000000000.29, "Total Cost": 10000004873.38, "Plan Rows": 100000, "Plan Width": 8}, {"Node Type": "Memoize", "Parent Relationship": "Inner", "Parallel Aware": false, "Async Capable": false, "Startup Cost": 0.16, "Total Cost": 4.17, "Plan Rows": 1, "Plan Width": 4, "Cache Key": "supplier.s_nationkey", "Cache Mode": "logical", "Plans": [{"Node Type": "Bitmap Heap Scan", "Parent Relationship": "Outer", "Parallel Aware": false, "Async Capable": false, "Relation Name": "nation", "Alias": "nation", "Startup Cost": 0.15, "Total Cost": 4.16, "Plan Rows": 1, "Plan Width": 4, "Recheck Cond": "(supplier.s_nationkey = n_nationkey)", "Plans": [{"Node Type": "Bitmap Index Scan", "Parent Relationship": "Outer", "Parallel Aware": false, "Async Capable": false, "Index Name": "nation_pkey", "Startup Cost": 0.0, "Total Cost": 0.15, "Plan Rows": 1, "Plan Width": 0, "Index Cond": "(n_nationkey = supplier.s_nationkey)"}]}]}]}, {"Node Type": "Sort", "Parent Relationship": "Inner", "Parallel Aware": false, "Async Capable": false, "Startup Cost": 20006269100.17, "Total Cost": 20006276012.64, "Plan Rows": 2764986, "Plan Width": 16, "Sort Key": ["lineitem.l_suppkey"], "Plans": [{"Node Type": "Merge Join", "Parent Relationship": "Outer", "Parallel Aware": false, "Async Capable": false, "Join Type": "Inner", "Startup Cost": 20000000064.52, "Total Cost": 20005973262.7, "Plan Rows": 2764986, "Plan Width": 16, "Inner Unique": true, "Merge Cond": "(lineitem.l_partkey = part.p_partkey)", "Plans": [{"Node Type": "Index Scan", "Parent Relationship": "Outer", "Parallel Aware": false, "Async Capable": false, "Scan Direction": "Forward", "Index Name": "idx_lineitem_part_supp", "Relation Name": "lineitem", "Alias": "lineitem", "Startup Cost": 10000000000.44, "Total Cost": 10005697610.8, "Plan Rows": 59988424, "Plan Width": 12}, {"Node Type": "Index Scan", "Parent Relationship": "Inner", "Parallel Aware": false, "Async Capable": false, "Scan Direction": "Forward", "Index Name": "part_pkey", "Relation Name": "part", "Alias": "part", "Startup Cost": 10000000000.43, "Total Cost": 10000097943.62, "Plan Rows": 92184, "Plan Width": 4, "Filter": "((p_name)::text ~~ '%light%'::text)"}]}]}]}, {"Node Type": "Memoize", "Parent Relationship": "Inner", "Parallel Aware": false, "Async Capable": false, "Startup Cost": 0.46, "Total Cost": 4.47, "Plan Rows": 1, "Plan Width": 4, "Cache Key": "lineitem.l_orderkey", "Cache Mode": "logical", "Plans": [{"Node Type": "Bitmap Heap Scan", "Parent Relationship": "Outer", "Parallel Aware": false, "Async Capable": false, "Relation Name": "orders", "Alias": "orders", "Startup Cost": 0.45, "Total Cost": 4.46, "Plan Rows": 1, "Plan Width": 4, "Recheck Cond": "(lineitem.l_orderkey = o_orderkey)", "Plans": [{"Node Type": "Bitmap Index Scan", "Parent Relationship": "Outer", "Parallel Aware": false, "Async Capable": false, "Index Name": "orders_pkey", "Startup Cost": 0.0, "Total Cost": 0.45, "Plan Rows": 1, "Plan Width": 0, "Index Cond": "(o_orderkey = lineitem.l_orderkey)"}]}]}]}, {"Node Type": "Hash", "Parent Relationship": "Inner", "Parallel Aware": false, "Async Capable": false, "Startup Cost": 10000207781.56, "Total Cost": 10000207781.56, "Plan Rows": 8000246, "Plan Width": 8, "Plans": [{"Node Type": "Index Only Scan", "Parent Relationship": "Outer", "Parallel Aware": false, "Async Capable": false, "Scan Direction": "Forward", "Index Name": "partsupp_pkey", "Relation Name": "partsupp", "Alias": "partsupp", "Startup Cost": 10000000000.43, "Total Cost": 10000207781.56, "Plan Rows": 8000246, "Plan Width": 8}]}]}]}}, {"Plan": {"Node Type": "Aggregate", "Strategy": "Plain", "Partial Mode": "Simple", "Parallel Aware": false, "Async Capable": false, "Startup Cost": 10019885047.28, "Total Cost": 10019885047.29, "Plan Rows": 1, "Plan Width": 8, "Plans": [{"Node Type": "Nested Loop", "Parent Relationship": "Outer", "Parallel Aware": false, "Async Capable": false, "Join Type": "Inner", "Startup Cost": 10000000003.16, "Total Cost": 10019878152.6, "Plan Rows": 2757871, "Plan Width": 0, "Inner Unique": true, "Plans": [{"Node Type": "Nested Loop", "Parent Relationship": "Outer", "Parallel Aware": false, "Async Capable": false, "Join Type": "Inner", "Startup Cost": 10000000003.0, "Total Cost": 10019810628.87, "Plan Rows": 2757871, "Plan Width": 4, "Inner Unique": true, "Plans": [{"Node Type": "Nested Loop", "Parent Relationship": "Outer", "Parallel Aware": false, "Async Capable": false, "Join Type": "Inner", "Startup Cost": 10000000002.55, "Total Cost": 10010890608.49, "Plan Rows": 2757871, "Plan Width": 8, "Inner Unique": false, "Join Filter": "(supplier.s_suppkey = lineitem.l_suppkey)", "Plans": [{"Node Type": "Nested Loop", "Parent Relationship": "Outer", "Parallel Aware": false, "Async Capable": false, "Join Type": "Inner", "Startup Cost": 10000000002.06, "Total Cost": 10009225752.71, "Plan Rows": 368747, "Plan Width": 20, "Inner Unique": true, "Plans": [{"Node Type": "Nested Loop", "Parent Relationship": "Outer", "Parallel Aware": false, "Async Capable": false, "Join Type": "Inner", "Startup Cost": 10000000001.61, "Total Cost": 10001120890.78, "Plan Rows": 8000246, "Plan Width": 16, "Inner Unique": false, "Plans": [{"Node Type": "Index Scan", "Parent Relationship": "Outer", "Parallel Aware": false, "Async Capable": false, "Scan Direction": "Forward", "Index Name": "idx_supplier_nation_key", "Relation Name": "supplier", "Alias": "supplier", "Startup Cost": 10000000000.29, "Total Cost": 10000010896.83, "Plan Rows": 100000, "Plan Width": 8}, {"Node Type": "Bitmap Heap Scan", "Parent Relationship": "Inner", "Parallel Aware": false, "Async Capable": false, "Relation Name": "partsupp", "Alias": "partsupp", "Startup Cost": 1.32, "Total Cost": 10.3, "Plan Rows": 80, "Plan Width": 8, "Recheck Cond": "(supplier.s_suppkey = ps_suppkey)", "Plans": [{"Node Type": "Bitmap Index Scan", "Parent Relationship": "Outer", "Parallel Aware": false, "Async Capable": false, "Index Name": "idx_partsupp_suppkey", "Startup Cost": 0.0, "Total Cost": 1.3, "Plan Rows": 80, "Plan Width": 0, "Index Cond": "(ps_suppkey = supplier.s_suppkey)"}]}]}, {"Node Type": "Memoize", "Parent Relationship": "Inner", "Parallel Aware": false, "Async Capable": false, "Startup Cost": 0.45, "Total Cost": 4.46, "Plan Rows": 1, "Plan Width": 4, "Cache Key": "partsupp.ps_partkey", "Cache Mode": "logical", "Plans": [{"Node Type": "Bitmap Heap Scan", "Parent Relationship": "Outer", "Parallel Aware": false, "Async Capable": false, "Relation Name": "part", "Alias": "part", "Startup Cost": 0.44, "Total Cost": 4.45, "Plan Rows": 1, "Plan Width": 4, "Recheck Cond": "(p_partkey = partsupp.ps_partkey)", "Filter": "((p_name)::text ~~ '%light%'::text)", "Plans": [{"Node Type": "Bitmap Index Scan", "Parent Relationship": "Outer", "Parallel Aware": false, "Async Capable": false, "Index Name": "part_pkey", "Startup Cost": 0.0, "Total Cost": 0.44, "Plan Rows": 1, "Plan Width": 0, "Index Cond": "(p_partkey = partsupp.ps_partkey)"}]}]}]}, {"Node Type": "Bitmap Heap Scan", "Parent Relationship": "Inner", "Parallel Aware": false, "Async Capable": false, "Relation Name": "lineitem", "Alias": "lineitem", "Startup Cost": 0.49, "Total Cost": 4.5, "Plan Rows": 1, "Plan Width": 12, "Recheck Cond": "((l_partkey = partsupp.ps_partkey) AND (l_suppkey = partsupp.ps_suppkey))", "Plans": [{"Node Type": "Bitmap Index Scan", "Parent Relationship": "Outer", "Parallel Aware": false, "Async Capable": false, "Index Name": "idx_lineitem_part_supp", "Startup Cost": 0.0, "Total Cost": 0.49, "Plan Rows": 1, "Plan Width": 0, "Index Cond": "((l_partkey = partsupp.ps_partkey) AND (l_suppkey = partsupp.ps_suppkey))"}]}]}, {"Node Type": "Memoize", "Parent Relationship": "Inner", "Parallel Aware": false, "Async Capable": false, "Startup Cost": 0.46, "Total Cost": 4.47, "Plan Rows": 1, "Plan Width": 4, "Cache Key": "lineitem.l_orderkey", "Cache Mode": "logical", "Plans": [{"Node Type": "Bitmap Heap Scan", "Parent Relationship": "Outer", "Parallel Aware": false, "Async Capable": false, "Relation Name": "orders", "Alias": "orders", "Startup Cost": 0.45, "Total Cost": 4.46, "Plan Rows": 1, "Plan Width": 4, "Recheck Cond": "(lineitem.l_orderkey = o_orderkey)", "Plans": [{"Node Type": "Bitmap Index Scan", "Parent Relationship": "Outer", "Parallel Aware": false, "Async Capable": false, "Index Name": "orders_pkey", "Startup Cost": 0.0, "Total Cost": 0.45, "Plan Rows": 1, "Plan Width": 0, "Index Cond": "(o_orderkey = lineitem.l_orderkey)"}]}]}]}, {"Node Type": "Memoize", "Parent Relationship": "Inner", "Parallel Aware": false, "Async Capable": false, "Startup Cost": 0.16, "Total Cost": 4.17, "Plan Rows": 1, "Plan Width": 4, "Cache Key": "supplier.s_nationkey", "Cache Mode": "logical", "Plans": [{"Node Type": "Bitmap Heap Scan", "Parent Relationship": "Outer", "Parallel Aware": false, "Async Capable": false, "Relation Name": "nation", "Alias": "nation", "Startup Cost": 0.15, "Total Cost": 4.16, "Plan Rows": 1, "Plan Width": 4, "Recheck Cond": "(supplier.s_nationkey = n_nationkey)", "Plans": [{"Node Type": "Bitmap Index Scan", "Parent Relationship": "Outer", "Parallel Aware": false, "Async Capable": false, "Index Name": "nation_pkey", "Startup Cost": 0.0, "Total Cost": 0.15, "Plan Rows": 1, "Plan Width": 0, "Index Cond": "(n_nationkey = supplier.s_nationkey)"}]}]}]}]}}, {"Plan": {"Node Type": "Aggregate", "Strategy": "Plain", "Partial Mode": "Finalize", "Parallel Aware": false, "Async Capable": false, "Startup Cost": 885375.64, "Total Cost": 885375.65, "Plan Rows": 1, "Plan Width": 8, "Actual Rows": 1, "Actual Loops": 1, "Plans": [{"Node Type": "Gather", "Parent Relationship": "Outer", "Parallel Aware": false, "Async Capable": false, "Startup Cost": 885375.01, "Total Cost": 885375.62, "Plan Rows": 6, "Plan Width": 8, "Actual Rows": 7, "Actual Loops": 1, "Workers Planned": 6, "Workers Launched": 6, "Single Copy": false, "Plans": [{"Node Type": "Aggregate", "Strategy": "Plain", "Partial Mode": "Partial", "Parent Relationship": "Outer", "Parallel Aware": false, "Async Capable": false, "Startup Cost": 884375.01, "Total Cost": 884375.02, "Plan Rows": 1, "Plan Width": 8, "Actual Rows": 1, "Actual Loops": 7, "Workers": [], "Plans": [{"Node Type": "Hash Join", "Parent Relationship": "Outer", "Parallel Aware": true, "Async Capable": false, "Join Type": "Inner", "Startup Cost": 586659.84, "Total Cost": 883225.9, "Plan Rows": 459645, "Plan Width": 0, "Actual Rows": 465374, "Actual Loops": 7, "Inner Unique": false, "Hash Cond": "(orders.o_orderkey = lineitem.l_orderkey)", "Workers": [], "Plans": [{"Node Type": "Seq Scan", "Parent Relationship": "Outer", "Parallel Aware": true, "Async Capable": false, "Relation Name": "orders", "Alias": "orders", "Startup Cost": 0.0, "Total Cost": 286271.83, "Plan Rows": 2499983, "Plan Width": 4, "Actual Rows": 2142857, "Actual Loops": 7, "Workers": []}, {"Node Type": "Hash", "Parent Relationship": "Inner", "Parallel Aware": true, "Async Capable": false, "Startup Cost": 579765.17, "Total Cost": 579765.17, "Plan Rows": 551574, "Plan Width": 4, "Actual Rows": 465374, "Actual Loops": 7, "Hash Buckets": 4194304, "Original Hash Buckets": 4194304, "Hash Batches": 1, "Original Hash Batches": 1, "Peak Memory Usage": 160352, "Workers": [], "Plans": [{"Node Type": "Nested Loop", "Parent Relationship": "Outer", "Parallel Aware": false, "Async Capable": false, "Join Type": "Inner", "Startup Cost": 51119.66, "Total Cost": 579765.17, "Plan Rows": 551574, "Plan Width": 4, "Actual Rows": 465374, "Actual Loops": 7, "Inner Unique": false, "Join Filter": "(supplier.s_suppkey = lineitem.l_suppkey)", "Rows Removed by Join Filter": 0, "Workers": [], "Plans": [{"Node Type": "Hash Join", "Parent Relationship": "Outer", "Parallel Aware": false, "Async Capable": false, "Join Type": "Inner", "Startup Cost": 51119.17, "Total Cost": 246795.82, "Plan Rows": 73749, "Plan Width": 16, "Actual Rows": 61998, "Actual Loops": 7, "Inner Unique": true, "Hash Cond": "(supplier.s_nationkey = nation.n_nationkey)", "Workers": [], "Plans": [{"Node Type": "Hash Join", "Parent Relationship": "Outer", "Parallel Aware": true, "Async Capable": false, "Join Type": "Inner", "Startup Cost": 51117.61, "Total Cost": 246567.84, "Plan Rows": 73749, "Plan Width": 20, "Actual Rows": 61998, "Actual Loops": 7, "Inner Unique": true, "Hash Cond": "(partsupp.ps_suppkey = supplier.s_suppkey)", "Workers": [], "Plans": [{"Node Type": "Hash Join", "Parent Relationship": "Outer", "Parallel Aware": true, "Async Capable": false, "Join Type": "Inner", "Startup Cost": 47530.07, "Total Cost": 242786.71, "Plan Rows": 73749, "Plan Width": 12, "Actual Rows": 61998, "Actual Loops": 7, "Inner Unique": true, "Hash Cond": "(partsupp.ps_partkey = part.p_partkey)", "Workers": [], "Plans": [{"Node Type": "Seq Scan", "Parent Relationship": "Outer", "Parallel Aware": true, "Async Capable": false, "Relation Name": "partsupp", "Alias": "partsupp", "Startup Cost": 0.0, "Total Cost": 191056.49, "Plan Rows": 1600049, "Plan Width": 8, "Actual Rows": 1142857, "Actual Loops": 7, "Workers": []}, {"Node Type": "Hash", "Parent Relationship": "Inner", "Parallel Aware": true, "Async Capable": false, "Startup Cost": 47242.0, "Total Cost": 47242.0, "Plan Rows": 23046, "Plan Width": 4, "Actual Rows": 15500, "Actual Loops": 7, "Hash Buckets": 131072, "Original Hash Buckets": 131072, "Hash Batches": 1, "Original Hash Batches": 1, "Peak Memory Usage": 5376, "Workers": [], "Plans": [{"Node Type": "Seq Scan", "Parent Relationship": "Outer", "Parallel Aware": true, "Async Capable": false, "Relation Name": "part", "Alias": "part", "Startup Cost": 0.0, "Total Cost": 47242.0, "Plan Rows": 23046, "Plan Width": 4, "Actual Rows": 15500, "Actual Loops": 7, "Filter": "((p_name)::text ~~ '%light%'::text)", "Rows Removed by Filter": 270215, "Workers": []}]}]}, {"Node Type": "Hash", "Parent Relationship": "Inner", "Parallel Aware": true, "Async Capable": false, "Startup Cost": 2852.24, "Total Cost": 2852.24, "Plan Rows": 58824, "Plan Width": 8, "Actual Rows": 14286, "Actual Loops": 7, "Hash Buckets": 131072, "Original Hash Buckets": 131072, "Hash Batches": 1, "Original Hash Batches": 1, "Peak Memory Usage": 5024, "Workers": [], "Plans": [{"Node Type": "Seq Scan", "Parent Relationship": "Outer", "Parallel Aware": true, "Async Capable": false, "Relation Name": "supplier", "Alias": "supplier", "Startup Cost": 0.0, "Total Cost": 2852.24, "Plan Rows": 58824, "Plan Width": 8, "Actual Rows": 14286, "Actual Loops": 7, "Workers": []}]}]}, {"Node Type": "Hash", "Parent Relationship": "Inner", "Parallel Aware": false, "Async Capable": false, "Startup Cost": 1.25, "Total Cost": 1.25, "Plan Rows": 25, "Plan Width": 4, "Actual Rows": 25, "Actual Loops": 7, "Hash Buckets": 1024, "Original Hash Buckets": 1024, "Hash Batches": 1, "Original Hash Batches": 1, "Peak Memory Usage": 9, "Workers": [], "Plans": [{"Node Type": "Seq Scan", "Parent Relationship": "Outer", "Parallel Aware": false, "Async Capable": false, "Relation Name": "nation", "Alias": "nation", "Startup Cost": 0.0, "Total Cost": 1.25, "Plan Rows": 25, "Plan Width": 4, "Actual Rows": 25, "Actual Loops": 7, "Workers": []}]}]}, {"Node Type": "Bitmap Heap Scan", "Parent Relationship": "Inner", "Parallel Aware": false, "Async Capable": false, "Relation Name": "lineitem", "Alias": "lineitem", "Startup Cost": 0.49, "Total Cost": 4.5, "Plan Rows": 1, "Plan Width": 12, "Actual Rows": 8, "Actual Loops": 433988, "Recheck Cond": "((l_partkey = partsupp.ps_partkey) AND (l_suppkey = partsupp.ps_suppkey))", "Rows Removed by Index Recheck": 0, "Exact Heap Blocks": 585701, "Lossy Heap Blocks": 0, "Workers": [], "Plans": [{"Node Type": "Bitmap Index Scan", "Parent Relationship": "Outer", "Parallel Aware": false, "Async Capable": false, "Index Name": "idx_lineitem_part_supp", "Startup Cost": 0.0, "Total Cost": 0.49, "Plan Rows": 1, "Plan Width": 0, "Actual Rows": 8, "Actual Loops": 433988, "Index Cond": "((l_partkey = partsupp.ps_partkey) AND (l_suppkey = partsupp.ps_suppkey))", "Workers": []}]}]}]}]}]}]}]}, "Planning Time": 7.319, "Triggers": [], "Execution Time": 9088.673}, {"Plan": {"Node Type": "Aggregate", "Strategy": "Plain", "Partial Mode": "Finalize", "Parallel Aware": false, "Async Capable": false, "Startup Cost": 1800262.28, "Total Cost": 1800262.29, "Plan Rows": 1, "Plan Width": 8, "Actual Rows": 1, "Actual Loops": 1, "Plans": [{"Node Type": "Gather", "Parent Relationship": "Outer", "Parallel Aware": false, "Async Capable": false, "Startup Cost": 1800261.75, "Total Cost": 1800262.26, "Plan Rows": 5, "Plan Width": 8, "Actual Rows": 6, "Actual Loops": 1, "Workers Planned": 5, "Workers Launched": 5, "Single Copy": false, "Plans": [{"Node Type": "Aggregate", "Strategy": "Plain", "Partial Mode": "Partial", "Parent Relationship": "Outer", "Parallel Aware": false, "Async Capable": false, "Startup Cost": 1799261.75, "Total Cost": 1799261.76, "Plan Rows": 1, "Plan Width": 8, "Actual Rows": 1, "Actual Loops": 6, "Workers": [], "Plans": [{"Node Type": "Hash Join", "Parent Relationship": "Outer", "Parallel Aware": true, "Async Capable": false, "Join Type": "Inner", "Startup Cost": 1594825.92, "Total Cost": 1797882.82, "Plan Rows": 551574, "Plan Width": 0, "Actual Rows": 542936, "Actual Loops": 6, "Inner Unique": false, "Hash Cond": "((partsupp.ps_suppkey = supplier.s_suppkey) AND (partsupp.ps_partkey = lineitem.l_partkey))", "Workers": [], "Plans": [{"Node Type": "Seq Scan", "Parent Relationship": "Outer", "Parallel Aware": true, "Async Capable": false, "Relation Name": "partsupp", "Alias": "partsupp", "Startup Cost": 0.0, "Total Cost": 191056.49, "Plan Rows": 1600049, "Plan Width": 8, "Actual Rows": 1333333, "Actual Loops": 6, "Workers": []}, {"Node Type": "Hash", "Parent Relationship": "Inner", "Parallel Aware": true, "Async Capable": false, "Startup Cost": 1587931.24, "Total Cost": 1587931.24, "Plan Rows": 459645, "Plan Width": 16, "Actual Rows": 542936, "Actual Loops": 6, "Hash Buckets": 4194304, "Original Hash Buckets": 4194304, "Hash Batches": 1, "Original Hash Batches": 1, "Peak Memory Usage": 185664, "Workers": [], "Plans": [{"Node Type": "Hash Join", "Parent Relationship": "Outer", "Parallel Aware": true, "Async Capable": false, "Join Type": "Inner", "Startup Cost": 1291627.84, "Total Cost": 1587931.24, "Plan Rows": 459645, "Plan Width": 16, "Actual Rows": 542936, "Actual Loops": 6, "Inner Unique": false, "Hash Cond": "(orders.o_orderkey = lineitem.l_orderkey)", "Workers": [], "Plans": [{"Node Type": "Seq Scan", "Parent Relationship": "Outer", "Parallel Aware": true, "Async Capable": false, "Relation Name": "orders", "Alias": "orders", "Startup Cost": 0.0, "Total Cost": 286271.83, "Plan Rows": 2499983, "Plan Width": 4, "Actual Rows": 2500000, "Actual Loops": 6, "Workers": []}, {"Node Type": "Hash", "Parent Relationship": "Inner", "Parallel Aware": true, "Async Capable": false, "Startup Cost": 1286703.06, "Total Cost": 1286703.06, "Plan Rows": 393982, "Plan Width": 20, "Actual Rows": 542936, "Actual Loops": 6, "Hash Buckets": 4194304, "Original Hash Buckets": 4194304, "Hash Batches": 1, "Original Hash Batches": 1, "Peak Memory Usage": 211392, "Workers": [], "Plans": [{"Node Type": "Hash Join", "Parent Relationship": "Outer", "Parallel Aware": false, "Async Capable": false, "Join Type": "Inner", "Startup Cost": 51119.17, "Total Cost": 1286703.06, "Plan Rows": 393982, "Plan Width": 20, "Actual Rows": 542936, "Actual Loops": 6, "Inner Unique": true, "Hash Cond": "(supplier.s_nationkey = nation.n_nationkey)", "Workers": [], "Plans": [{"Node Type": "Hash Join", "Parent Relationship": "Outer", "Parallel Aware": true, "Async Capable": false, "Join Type": "Inner", "Startup Cost": 51117.61, "Total Cost": 1285491.98, "Plan Rows": 393982, "Plan Width": 24, "Actual Rows": 542936, "Actual Loops": 6, "Inner Unique": true, "Hash Cond": "(lineitem.l_suppkey = supplier.s_suppkey)", "Workers": [], "Plans": [{"Node Type": "Hash Join", "Parent Relationship": "Outer", "Parallel Aware": true, "Async Capable": false, "Join Type": "Inner", "Startup Cost": 47530.07, "Total Cost": 1280867.53, "Plan Rows": 394998, "Plan Width": 16, "Actual Rows": 542936, "Actual Loops": 6, "Inner Unique": true, "Hash Cond": "(lineitem.l_partkey = part.p_partkey)", "Workers": [], "Plans": [{"Node Type": "Seq Scan", "Parent Relationship": "Outer", "Parallel Aware": true, "Async Capable": false, "Relation Name": "lineitem", "Alias": "lineitem", "Startup Cost": 0.0, "Total Cost": 1210841.75, "Plan Rows": 8569775, "Plan Width": 12, "Actual Rows": 9997675, "Actual Loops": 6, "Workers": []}, {"Node Type": "Hash", "Parent Relationship": "Inner", "Parallel Aware": true, "Async Capable": false, "Startup Cost": 47242.0, "Total Cost": 47242.0, "Plan Rows": 23046, "Plan Width": 4, "Actual Rows": 18083, "Actual Loops": 6, "Hash Buckets": 131072, "Original Hash Buckets": 131072, "Hash Batches": 1, "Original Hash Batches": 1, "Peak Memory Usage": 5344, "Workers": [], "Plans": [{"Node Type": "Seq Scan", "Parent Relationship": "Outer", "Parallel Aware": true, "Async Capable": false, "Relation Name": "part", "Alias": "part", "Startup Cost": 0.0, "Total Cost": 47242.0, "Plan Rows": 23046, "Plan Width": 4, "Actual Rows": 18083, "Actual Loops": 6, "Filter": "((p_name)::text ~~ '%light%'::text)", "Rows Removed by Filter": 315250, "Workers": []}]}]}, {"Node Type": "Hash", "Parent Relationship": "Inner", "Parallel Aware": true, "Async Capable": false, "Startup Cost": 2852.24, "Total Cost": 2852.24, "Plan Rows": 58824, "Plan Width": 8, "Actual Rows": 16667, "Actual Loops": 6, "Hash Buckets": 131072, "Original Hash Buckets": 131072, "Hash Batches": 1, "Original Hash Batches": 1, "Peak Memory Usage": 5056, "Workers": [], "Plans": [{"Node Type": "Seq Scan", "Parent Relationship": "Outer", "Parallel Aware": true, "Async Capable": false, "Relation Name": "supplier", "Alias": "supplier", "Startup Cost": 0.0, "Total Cost": 2852.24, "Plan Rows": 58824, "Plan Width": 8, "Actual Rows": 16667, "Actual Loops": 6, "Workers": []}]}]}, {"Node Type": "Hash", "Parent Relationship": "Inner", "Parallel Aware": false, "Async Capable": false, "Startup Cost": 1.25, "Total Cost": 1.25, "Plan Rows": 25, "Plan Width": 4, "Actual Rows": 25, "Actual Loops": 6, "Hash Buckets": 1024, "Original Hash Buckets": 1024, "Hash Batches": 1, "Original Hash Batches": 1, "Peak Memory Usage": 9, "Workers": [], "Plans": [{"Node Type": "Seq Scan", "Parent Relationship": "Outer", "Parallel Aware": false, "Async Capable": false, "Relation Name": "nation", "Alias": "nation", "Startup Cost": 0.0, "Total Cost": 1.25, "Plan Rows": 25, "Plan Width": 4, "Actual Rows": 25, "Actual Loops": 6, "Workers": []}]}]}]}]}]}]}]}]}]}, "Planning Time": 4.754, "Triggers": [], "Execution Time": 11703.164}, {"Plan": {"Node Type": "Aggregate", "Strategy": "Plain", "Partial Mode": "Finalize", "Parallel Aware": false, "Async Capable": false, "Startup Cost": 2841523.82, "Total Cost": 2841523.83, "Plan Rows": 1, "Plan Width": 8, "Actual Rows": 1, "Actual Loops": 1, "Plans": [{"Node Type": "Gather", "Parent Relationship": "Outer", "Parallel Aware": false, "Async Capable": false, "Startup Cost": 2841523.3, "Total Cost": 2841523.81, "Plan Rows": 5, "Plan Width": 8, "Actual Rows": 6, "Actual Loops": 1, "Workers Planned": 5, "Workers Launched": 5, "Single Copy": false, "Plans": [{"Node Type": "Aggregate", "Strategy": "Plain", "Partial Mode": "Partial", "Parent Relationship": "Outer", "Parallel Aware": false, "Async Capable": false, "Startup Cost": 2840523.3, "Total Cost": 2840523.31, "Plan Rows": 1, "Plan Width": 8, "Actual Rows": 1, "Actual Loops": 6, "Workers": [], "Plans": [{"Node Type": "Hash Join", "Parent Relationship": "Outer", "Parallel Aware": true, "Async Capable": false, "Join Type": "Inner", "Startup Cost": 2547967.32, "Total Cost": 2839144.37, "Plan Rows": 551574, "Plan Width": 0, "Actual Rows": 542936, "Actual Loops": 6, "Inner Unique": false, "Hash Cond": "((partsupp.ps_suppkey = supplier.s_suppkey) AND (partsupp.ps_partkey = lineitem.l_partkey))", "Workers": [], "Plans": [{"Node Type": "Index Scan", "Parent Relationship": "Outer", "Parallel Aware": true, "Async Capable": false, "Scan Direction": "Forward", "Index Name": "idx_partsupp_partkey", "Relation Name": "partsupp", "Alias": "partsupp", "Startup Cost": 0.43, "Total Cost": 279177.08, "Plan Rows": 1600049, "Plan Width": 8, "Actual Rows": 1333333, "Actual Loops": 6, "Workers": []}, {"Node Type": "Hash", "Parent Relationship": "Inner", "Parallel Aware": true, "Async Capable": false, "Startup Cost": 2541072.21, "Total Cost": 2541072.21, "Plan Rows": 459645, "Plan Width": 16, "Actual Rows": 542936, "Actual Loops": 6, "Hash Buckets": 4194304, "Original Hash Buckets": 4194304, "Hash Batches": 1, "Original Hash Batches": 1, "Peak Memory Usage": 185664, "Workers": [], "Plans": [{"Node Type": "Hash Join", "Parent Relationship": "Outer", "Parallel Aware": true, "Async Capable": false, "Join Type": "Inner", "Startup Cost": 2005242.21, "Total Cost": 2541072.21, "Plan Rows": 459645, "Plan Width": 16, "Actual Rows": 542936, "Actual Loops": 6, "Inner Unique": false, "Hash Cond": "(orders.o_orderkey = lineitem.l_orderkey)", "Workers": [], "Plans": [{"Node Type": "Index Scan", "Parent Relationship": "Outer", "Parallel Aware": true, "Async Capable": false, "Scan Direction": "Forward", "Index Name": "orders_pkey", "Relation Name": "orders", "Alias": "orders", "Startup Cost": 0.43, "Total Cost": 525798.86, "Plan Rows": 2499983, "Plan Width": 4, "Actual Rows": 2500000, "Actual Loops": 6, "Workers": []}, {"Node Type": "Hash", "Parent Relationship": "Inner", "Parallel Aware": true, "Async Capable": false, "Startup Cost": 2000317.0, "Total Cost": 2000317.0, "Plan Rows": 393982, "Plan Width": 20, "Actual Rows": 542936, "Actual Loops": 6, "Hash Buckets": 4194304, "Original Hash Buckets": 4194304, "Hash Batches": 1, "Original Hash Batches": 1, "Peak Memory Usage": 211328, "Workers": [], "Plans": [{"Node Type": "Hash Join", "Parent Relationship": "Outer", "Parallel Aware": false, "Async Capable": false, "Join Type": "Inner", "Startup Cost": 84691.99, "Total Cost": 2000317.0, "Plan Rows": 393982, "Plan Width": 20, "Actual Rows": 542936, "Actual Loops": 6, "Inner Unique": true, "Hash Cond": "(supplier.s_nationkey = nation.n_nationkey)", "Workers": [], "Plans": [{"Node Type": "Hash Join", "Parent Relationship": "Outer", "Parallel Aware": true, "Async Capable": false, "Join Type": "Inner", "Startup Cost": 84679.17, "Total Cost": 1999094.66, "Plan Rows": 393982, "Plan Width": 24, "Actual Rows": 542936, "Actual Loops": 6, "Inner Unique": true, "Hash Cond": "(lineitem.l_suppkey = supplier.s_suppkey)", "Workers": [], "Plans": [{"Node Type": "Hash Join", "Parent Relationship": "Outer", "Parallel Aware": true, "Async Capable": false, "Join Type": "Inner", "Startup Cost": 79482.26, "Total Cost": 1992860.83, "Plan Rows": 394998, "Plan Width": 16, "Actual Rows": 542936, "Actual Loops": 6, "Inner Unique": true, "Hash Cond": "(lineitem.l_partkey = part.p_partkey)", "Workers": [], "Plans": [{"Node Type": "Index Scan", "Parent Relationship": "Outer", "Parallel Aware": true, "Async Capable": false, "Scan Direction": "Forward", "Index Name": "idx_lineitem_orderkey", "Relation Name": "lineitem", "Alias": "lineitem", "Startup Cost": 0.56, "Total Cost": 1890883.43, "Plan Rows": 8569775, "Plan Width": 12, "Actual Rows": 9997675, "Actual Loops": 6, "Workers": []}, {"Node Type": "Hash", "Parent Relationship": "Inner", "Parallel Aware": true, "Async Capable": false, "Startup Cost": 79193.62, "Total Cost": 79193.62, "Plan Rows": 23046, "Plan Width": 4, "Actual Rows": 18083, "Actual Loops": 6, "Hash Buckets": 131072, "Original Hash Buckets": 131072, "Hash Batches": 1, "Original Hash Batches": 1, "Peak Memory Usage": 5408, "Workers": [], "Plans": [{"Node Type": "Index Scan", "Parent Relationship": "Outer", "Parallel Aware": true, "Async Capable": false, "Scan Direction": "Forward", "Index Name": "part_pkey", "Relation Name": "part", "Alias": "part", "Startup Cost": 0.43, "Total Cost": 79193.62, "Plan Rows": 23046, "Plan Width": 4, "Actual Rows": 18083, "Actual Loops": 6, "Filter": "((p_name)::text ~~ '%light%'::text)", "Rows Removed by Filter": 315250, "Workers": []}]}]}, {"Node Type": "Hash", "Parent Relationship": "Inner", "Parallel Aware": true, "Async Capable": false, "Startup Cost": 4461.61, "Total Cost": 4461.61, "Plan Rows": 58824, "Plan Width": 8, "Actual Rows": 16667, "Actual Loops": 6, "Hash Buckets": 131072, "Original Hash Buckets": 131072, "Hash Batches": 1, "Original Hash Batches": 1, "Peak Memory Usage": 5056, "Workers": [], "Plans": [{"Node Type": "Index Scan", "Parent Relationship": "Outer", "Parallel Aware": true, "Async Capable": false, "Scan Direction": "Forward", "Index Name": "supplier_pkey", "Relation Name": "supplier", "Alias": "supplier", "Startup Cost": 0.29, "Total Cost": 4461.61, "Plan Rows": 58824, "Plan Width": 8, "Actual Rows": 16667, "Actual Loops": 6, "Workers": []}]}]}, {"Node Type": "Hash", "Parent Relationship": "Inner", "Parallel Aware": false, "Async Capable": false, "Startup Cost": 12.51, "Total Cost": 12.51, "Plan Rows": 25, "Plan Width": 4, "Actual Rows": 25, "Actual Loops": 6, "Hash Buckets": 1024, "Original Hash Buckets": 1024, "Hash Batches": 1, "Original Hash Batches": 1, "Peak Memory Usage": 9, "Workers": [], "Plans": [{"Node Type": "Index Scan", "Parent Relationship": "Outer", "Parallel Aware": false, "Async Capable": false, "Scan Direction": "Forward", "Index Name": "nation_pkey", "Relation Name": "nation", "Alias": "nation", "Startup Cost": 0.14, "Total Cost": 12.51, "Plan Rows": 25, "Plan Width": 4, "Actual Rows": 25, "Actual Loops": 6, "Workers": []}]}]}]}]}]}]}]}]}]}, "Planning Time": 8.359, "Triggers": [], "Execution Time": 13402.908}, {"Plan": {"Node Type": "Aggregate", "Strategy": "Plain", "Partial Mode": "Finalize", "Parallel Aware": false, "Async Capable": false, "Startup Cost": 610517.19, "Total Cost": 610517.2, "Plan Rows": 1, "Plan Width": 8, "Actual Rows": 1, "Actual Loops": 1, "Plans": [{"Node Type": "Gather", "Parent Relationship": "Outer", "Parallel Aware": false, "Async Capable": false, "Startup Cost": 610516.77, "Total Cost": 610517.18, "Plan Rows": 4, "Plan Width": 8, "Actual Rows": 5, "Actual Loops": 1, "Workers Planned": 4, "Workers Launched": 4, "Single Copy": false, "Plans": [{"Node Type": "Aggregate", "Strategy": "Plain", "Partial Mode": "Partial", "Parent Relationship": "Outer", "Parallel Aware": false, "Async Capable": false, "Startup Cost": 609516.77, "Total Cost": 609516.78, "Plan Rows": 1, "Plan Width": 8, "Actual Rows": 1, "Actual Loops": 5, "Workers": [], "Plans": [{"Node Type": "Nested Loop", "Parent Relationship": "Outer", "Parallel Aware": false, "Async Capable": false, "Join Type": "Inner", "Startup Cost": 5211.47, "Total Cost": 607793.1, "Plan Rows": 689468, "Plan Width": 0, "Actual Rows": 651523, "Actual Loops": 5, "Inner Unique": true, "Workers": [], "Plans": [{"Node Type": "Nested Loop", "Parent Relationship": "Outer", "Parallel Aware": false, "Async Capable": false, "Join Type": "Inner", "Startup Cost": 5211.04, "Total Cost": 281906.33, "Plan Rows": 689468, "Plan Width": 4, "Actual Rows": 651523, "Actual Loops": 5, "Inner Unique": false, "Join Filter": "(supplier.s_suppkey = lineitem.l_suppkey)", "Rows Removed by Join Filter": 0, "Workers": [], "Plans": [{"Node Type": "Hash Join", "Parent Relationship": "Outer", "Parallel Aware": false, "Async Capable": false, "Join Type": "Inner", "Startup Cost": 5210.6, "Total Cost": 183063.01, "Plan Rows": 92187, "Plan Width": 16, "Actual Rows": 86798, "Actual Loops": 5, "Inner Unique": true, "Hash Cond": "(supplier.s_nationkey = nation.n_nationkey)", "Workers": [], "Plans": [{"Node Type": "Hash Join", "Parent Relationship": "Outer", "Parallel Aware": true, "Async Capable": false, "Join Type": "Inner", "Startup Cost": 5197.77, "Total Cost": 182767.18, "Plan Rows": 92187, "Plan Width": 20, "Actual Rows": 86798, "Actual Loops": 5, "Inner Unique": true, "Hash Cond": "(partsupp.ps_suppkey = supplier.s_suppkey)", "Workers": [], "Plans": [{"Node Type": "Nested Loop", "Parent Relationship": "Outer", "Parallel Aware": false, "Async Capable": false, "Join Type": "Inner", "Startup Cost": 0.86, "Total Cost": 177328.27, "Plan Rows": 92187, "Plan Width": 12, "Actual Rows": 86798, "Actual Loops": 5, "Inner Unique": false, "Workers": [], "Plans": [{"Node Type": "Index Scan", "Parent Relationship": "Outer", "Parallel Aware": true, "Async Capable": false, "Scan Direction": "Forward", "Index Name": "part_pkey", "Relation Name": "part", "Alias": "part", "Startup Cost": 0.43, "Total Cost": 79193.62, "Plan Rows": 23046, "Plan Width": 4, "Actual Rows": 21699, "Actual Loops": 5, "Filter": "((p_name)::text ~~ '%light%'::text)", "Rows Removed by Filter": 378301, "Workers": []}, {"Node Type": "Index Scan", "Parent Relationship": "Inner", "Parallel Aware": false, "Async Capable": false, "Scan Direction": "Forward", "Index Name": "idx_partsupp_partkey", "Relation Name": "partsupp", "Alias": "partsupp", "Startup Cost": 0.43, "Total Cost": 4.21, "Plan Rows": 5, "Plan Width": 8, "Actual Rows": 4, "Actual Loops": 108497, "Index Cond": "(ps_partkey = part.p_partkey)", "Rows Removed by Index Recheck": 0, "Workers": []}]}, {"Node Type": "Hash", "Parent Relationship": "Inner", "Parallel Aware": true, "Async Capable": false, "Startup Cost": 4461.61, "Total Cost": 4461.61, "Plan Rows": 58824, "Plan Width": 8, "Actual Rows": 20000, "Actual Loops": 5, "Hash Buckets": 131072, "Original Hash Buckets": 131072, "Hash Batches": 1, "Original Hash Batches": 1, "Peak Memory Usage": 5024, "Workers": [], "Plans": [{"Node Type": "Index Scan", "Parent Relationship": "Outer", "Parallel Aware": true, "Async Capable": false, "Scan Direction": "Forward", "Index Name": "supplier_pkey", "Relation Name": "supplier", "Alias": "supplier", "Startup Cost": 0.29, "Total Cost": 4461.61, "Plan Rows": 58824, "Plan Width": 8, "Actual Rows": 20000, "Actual Loops": 5, "Workers": []}]}]}, {"Node Type": "Hash", "Parent Relationship": "Inner", "Parallel Aware": false, "Async Capable": false, "Startup Cost": 12.51, "Total Cost": 12.51, "Plan Rows": 25, "Plan Width": 4, "Actual Rows": 25, "Actual Loops": 5, "Hash Buckets": 1024, "Original Hash Buckets": 1024, "Hash Batches": 1, "Original Hash Batches": 1, "Peak Memory Usage": 9, "Workers": [], "Plans": [{"Node Type": "Index Scan", "Parent Relationship": "Outer", "Parallel Aware": false, "Async Capable": false, "Scan Direction": "Forward", "Index Name": "nation_pkey", "Relation Name": "nation", "Alias": "nation", "Startup Cost": 0.14, "Total Cost": 12.51, "Plan Rows": 25, "Plan Width": 4, "Actual Rows": 25, "Actual Loops": 5, "Workers": []}]}]}, {"Node Type": "Index Scan", "Parent Relationship": "Inner", "Parallel Aware": false, "Async Capable": false, "Scan Direction": "Forward", "Index Name": "idx_lineitem_part_supp", "Relation Name": "lineitem", "Alias": "lineitem", "Startup Cost": 0.44, "Total Cost": 1.06, "Plan Rows": 1, "Plan Width": 12, "Actual Rows": 8, "Actual Loops": 433988, "Index Cond": "((l_partkey = partsupp.ps_partkey) AND (l_suppkey = partsupp.ps_suppkey))", "Rows Removed by Index Recheck": 0, "Workers": []}]}, {"Node Type": "Index Scan", "Parent Relationship": "Inner", "Parallel Aware": false, "Async Capable": false, "Scan Direction": "Forward", "Index Name": "orders_pkey", "Relation Name": "orders", "Alias": "orders", "Startup Cost": 0.43, "Total Cost": 0.47, "Plan Rows": 1, "Plan Width": 4, "Actual Rows": 1, "Actual Loops": 3257615, "Index Cond": "(o_orderkey = lineitem.l_orderkey)", "Rows Removed by Index Recheck": 0, "Workers": []}]}]}]}]}, "Planning Time": 7.813, "Triggers": [], "Execution Time": 16757.107}, {"Plan": {"Node Type": "Aggregate", "Strategy": "Plain", "Partial Mode": "Finalize", "Parallel Aware": false, "Async Capable": false, "Startup Cost": 555898.04, "Total Cost": 555898.05, "Plan Rows": 1, "Plan Width": 8, "Actual Rows": 1, "Actual Loops": 1, "Plans": [{"Node Type": "Gather", "Parent Relationship": "Outer", "Parallel Aware": false, "Async Capable": false, "Startup Cost": 555897.42, "Total Cost": 555898.03, "Plan Rows": 6, "Plan Width": 8, "Actual Rows": 7, "Actual Loops": 1, "Workers Planned": 6, "Workers Launched": 6, "Single Copy": false, "Plans": [{"Node Type": "Aggregate", "Strategy": "Plain", "Partial Mode": "Partial", "Parent Relationship": "Outer", "Parallel Aware": false, "Async Capable": false, "Startup Cost": 554897.42, "Total Cost": 554897.43, "Plan Rows": 1, "Plan Width": 8, "Actual Rows": 1, "Actual Loops": 7, "Workers": [], "Plans": [{"Node Type": "Hash Join", "Parent Relationship": "Outer", "Parallel Aware": true, "Async Capable": false, "Join Type": "Inner", "Startup Cost": 256952.43, "Total Cost": 553748.31, "Plan Rows": 459645, "Plan Width": 0, "Actual Rows": 465374, "Actual Loops": 7, "Inner Unique": false, "Hash Cond": "(orders.o_orderkey = lineitem.l_orderkey)", "Workers": [], "Plans": [{"Node Type": "Seq Scan", "Parent Relationship": "Outer", "Parallel Aware": true, "Async Capable": false, "Relation Name": "orders", "Alias": "orders", "Startup Cost": 0.0, "Total Cost": 286271.83, "Plan Rows": 2499983, "Plan Width": 4, "Actual Rows": 2142857, "Actual Loops": 7, "Workers": []}, {"Node Type": "Hash", "Parent Relationship": "Inner", "Parallel Aware": true, "Async Capable": false, "Startup Cost": 248334.08, "Total Cost": 248334.08, "Plan Rows": 689468, "Plan Width": 4, "Actual Rows": 465374, "Actual Loops": 7, "Hash Buckets": 4194304, "Original Hash Buckets": 4194304, "Hash Batches": 1, "Original Hash Batches": 1, "Peak Memory Usage": 160320, "Workers": [], "Plans": [{"Node Type": "Nested Loop", "Parent Relationship": "Outer", "Parallel Aware": false, "Async Capable": false, "Join Type": "Inner", "Startup Cost": 3589.97, "Total Cost": 248334.08, "Plan Rows": 689468, "Plan Width": 4, "Actual Rows": 465374, "Actual Loops": 7, "Inner Unique": false, "Join Filter": "(supplier.s_suppkey = lineitem.l_suppkey)", "Rows Removed by Join Filter": 0, "Workers": [], "Plans": [{"Node Type": "Hash Join", "Parent Relationship": "Outer", "Parallel Aware": false, "Async Capable": false, "Join Type": "Inner", "Startup Cost": 3589.53, "Total Cost": 149490.76, "Plan Rows": 92187, "Plan Width": 16, "Actual Rows": 61998, "Actual Loops": 7, "Inner Unique": true, "Hash Cond": "(supplier.s_nationkey = nation.n_nationkey)", "Workers": [], "Plans": [{"Node Type": "Hash Join", "Parent Relationship": "Outer", "Parallel Aware": true, "Async Capable": false, "Join Type": "Inner", "Startup Cost": 3587.97, "Total Cost": 149206.18, "Plan Rows": 92187, "Plan Width": 20, "Actual Rows": 61998, "Actual Loops": 7, "Inner Unique": true, "Hash Cond": "(partsupp.ps_suppkey = supplier.s_suppkey)", "Workers": [], "Plans": [{"Node Type": "Nested Loop", "Parent Relationship": "Outer", "Parallel Aware": false, "Async Capable": false, "Join Type": "Inner", "Startup Cost": 0.43, "Total Cost": 145376.65, "Plan Rows": 92187, "Plan Width": 12, "Actual Rows": 61998, "Actual Loops": 7, "Inner Unique": false, "Workers": [], "Plans": [{"Node Type": "Seq Scan", "Parent Relationship": "Outer", "Parallel Aware": true, "Async Capable": false, "Relation Name": "part", "Alias": "part", "Startup Cost": 0.0, "Total Cost": 47242.0, "Plan Rows": 23046, "Plan Width": 4, "Actual Rows": 15500, "Actual Loops": 7, "Filter": "((p_name)::text ~~ '%light%'::text)", "Rows Removed by Filter": 270215, "Workers": []}, {"Node Type": "Index Scan", "Parent Relationship": "Inner", "Parallel Aware": false, "Async Capable": false, "Scan Direction": "Forward", "Index Name": "idx_partsupp_partkey", "Relation Name": "partsupp", "Alias": "partsupp", "Startup Cost": 0.43, "Total Cost": 4.21, "Plan Rows": 5, "Plan Width": 8, "Actual Rows": 4, "Actual Loops": 108497, "Index Cond": "(ps_partkey = part.p_partkey)", "Rows Removed by Index Recheck": 0, "Workers": []}]}, {"Node Type": "Hash", "Parent Relationship": "Inner", "Parallel Aware": true, "Async Capable": false, "Startup Cost": 2852.24, "Total Cost": 2852.24, "Plan Rows": 58824, "Plan Width": 8, "Actual Rows": 14286, "Actual Loops": 7, "Hash Buckets": 131072, "Original Hash Buckets": 131072, "Hash Batches": 1, "Original Hash Batches": 1, "Peak Memory Usage": 5056, "Workers": [], "Plans": [{"Node Type": "Seq Scan", "Parent Relationship": "Outer", "Parallel Aware": true, "Async Capable": false, "Relation Name": "supplier", "Alias": "supplier", "Startup Cost": 0.0, "Total Cost": 2852.24, "Plan Rows": 58824, "Plan Width": 8, "Actual Rows": 14286, "Actual Loops": 7, "Workers": []}]}]}, {"Node Type": "Hash", "Parent Relationship": "Inner", "Parallel Aware": false, "Async Capable": false, "Startup Cost": 1.25, "Total Cost": 1.25, "Plan Rows": 25, "Plan Width": 4, "Actual Rows": 25, "Actual Loops": 7, "Hash Buckets": 1024, "Original Hash Buckets": 1024, "Hash Batches": 1, "Original Hash Batches": 1, "Peak Memory Usage": 9, "Workers": [], "Plans": [{"Node Type": "Seq Scan", "Parent Relationship": "Outer", "Parallel Aware": false, "Async Capable": false, "Relation Name": "nation", "Alias": "nation", "Startup Cost": 0.0, "Total Cost": 1.25, "Plan Rows": 25, "Plan Width": 4, "Actual Rows": 25, "Actual Loops": 7, "Workers": []}]}]}, {"Node Type": "Index Scan", "Parent Relationship": "Inner", "Parallel Aware": false, "Async Capable": false, "Scan Direction": "Forward", "Index Name": "idx_lineitem_part_supp", "Relation Name": "lineitem", "Alias": "lineitem", "Startup Cost": 0.44, "Total Cost": 1.06, "Plan Rows": 1, "Plan Width": 12, "Actual Rows": 8, "Actual Loops": 433988, "Index Cond": "((l_partkey = partsupp.ps_partkey) AND (l_suppkey = partsupp.ps_suppkey))", "Rows Removed by Index Recheck": 0, "Workers": []}]}]}]}]}]}]}, "Planning Time": 9.143, "Triggers": [], "Execution Time": 8237.046}, {"Plan": {"Node Type": "Aggregate", "Strategy": "Plain", "Partial Mode": "Finalize", "Parallel Aware": false, "Async Capable": false, "Startup Cost": 3953915.5, "Total Cost": 3953915.51, "Plan Rows": 1, "Plan Width": 8, "Actual Rows": 1, "Actual Loops": 1, "Plans": [{"Node Type": "Gather", "Parent Relationship": "Outer", "Parallel Aware": false, "Async Capable": false, "Startup Cost": 3953914.77, "Total Cost": 3953915.48, "Plan Rows": 7, "Plan Width": 8, "Actual Rows": 8, "Actual Loops": 1, "Workers Planned": 7, "Workers Launched": 7, "Single Copy": false, "Plans": [{"Node Type": "Aggregate", "Strategy": "Plain", "Partial Mode": "Partial", "Parent Relationship": "Outer", "Parallel Aware": false, "Async Capable": false, "Startup Cost": 3952914.77, "Total Cost": 3952914.78, "Plan Rows": 1, "Plan Width": 8, "Actual Rows": 1, "Actual Loops": 8, "Workers": [], "Plans": [{"Node Type": "Merge Join", "Parent Relationship": "Outer", "Parallel Aware": false, "Async Capable": false, "Join Type": "Inner", "Startup Cost": 3518936.37, "Total Cost": 3951929.82, "Plan Rows": 393982, "Plan Width": 0, "Actual Rows": 407202, "Actual Loops": 8, "Inner Unique": true, "Merge Cond": "(lineitem.l_orderkey = orders.o_orderkey)", "Workers": [], "Plans": [{"Node Type": "Sort", "Parent Relationship": "Outer", "Parallel Aware": false, "Async Capable": false, "Startup Cost": 3518932.49, "Total Cost": 3519917.44, "Plan Rows": 393982, "Plan Width": 4, "Actual Rows": 407202, "Actual Loops": 8, "Sort Key": ["lineitem.l_orderkey"], "Sort Method": "quicksort", "Sort Space Used": 12289, "Sort Space Type": "Memory", "Workers": [{"Worker Number": 0, "Sort Method": "quicksort", "Sort Space Used": 12289, "Sort Space Type": "Memory"}, {"Worker Number": 1, "Sort Method": "quicksort", "Sort Space Used": 12289, "Sort Space Type": "Memory"}, {"Worker Number": 2, "Sort Method": "quicksort", "Sort Space Used": 12289, "Sort Space Type": "Memory"}, {"Worker Number": 3, "Sort Method": "quicksort", "Sort Space Used": 12289, "Sort Space Type": "Memory"}, {"Worker Number": 4, "Sort Method": "quicksort", "Sort Space Used": 12289, "Sort Space Type": "Memory"}, {"Worker Number": 5, "Sort Method": "quicksort", "Sort Space Used": 12289, "Sort Space Type": "Memory"}, {"Worker Number": 6, "Sort Method": "quicksort", "Sort Space Used": 12289, "Sort Space Type": "Memory"}], "Plans": [{"Node Type": "Merge Join", "Parent Relationship": "Outer", "Parallel Aware": false, "Async Capable": false, "Join Type": "Inner", "Startup Cost": 3408385.27, "Total Cost": 3482316.25, "Plan Rows": 393982, "Plan Width": 4, "Actual Rows": 407202, "Actual Loops": 8, "Inner Unique": false, "Merge Cond": "(lineitem.l_suppkey = supplier.s_suppkey)", "Workers": [], "Plans": [{"Node Type": "Merge Join", "Parent Relationship": "Outer", "Parallel Aware": false, "Async Capable": false, "Join Type": "Inner", "Startup Cost": 3387919.68, "Total Cost": 3454956.19, "Plan Rows": 394998, "Plan Width": 12, "Actual Rows": 407202, "Actual Loops": 8, "Inner Unique": false, "Merge Cond": "((lineitem.l_suppkey = partsupp.ps_suppkey) AND (lineitem.l_partkey = partsupp.ps_partkey))", "Workers": [], "Plans": [{"Node Type": "Sort", "Parent Relationship": "Outer", "Parallel Aware": false, "Async Capable": false, "Startup Cost": 3024185.91, "Total Cost": 3045610.35, "Plan Rows": 8569775, "Plan Width": 12, "Actual Rows": 7498255, "Actual Loops": 8, "Sort Key": ["lineitem.l_suppkey", "lineitem.l_partkey"], "Sort Method": "external merge", "Sort Space Used": 195368, "Sort Space Type": "Disk", "Workers": [{"Worker Number": 0, "Sort Method": "external merge", "Sort Space Used": 130984, "Sort Space Type": "Disk"}, {"Worker Number": 1, "Sort Method": "external merge", "Sort Space Used": 192200, "Sort Space Type": "Disk"}, {"Worker Number": 2, "Sort Method": "external merge", "Sort Space Used": 186920, "Sort Space Type": "Disk"}, {"Worker Number": 3, "Sort Method": "external merge", "Sort Space Used": 130992, "Sort Space Type": "Disk"}, {"Worker Number": 4, "Sort Method": "external merge", "Sort Space Used": 192936, "Sort Space Type": "Disk"}, {"Worker Number": 5, "Sort Method": "external merge", "Sort Space Used": 130984, "Sort Space Type": "Disk"}, {"Worker Number": 6, "Sort Method": "external merge", "Sort Space Used": 130984, "Sort Space Type": "Disk"}], "Plans": [{"Node Type": "Index Scan", "Parent Relationship": "Outer", "Parallel Aware": true, "Async Capable": false, "Scan Direction": "Forward", "Index Name": "idx_lineitem_orderkey", "Relation Name": "lineitem", "Alias": "lineitem", "Startup Cost": 0.56, "Total Cost": 1890883.43, "Plan Rows": 8569775, "Plan Width": 12, "Actual Rows": 7498256, "Actual Loops": 8, "Workers": []}]}, {"Node Type": "Sort", "Parent Relationship": "Inner", "Parallel Aware": false, "Async Capable": false, "Startup Cost": 363732.48, "Total Cost": 364654.35, "Plan Rows": 368747, "Plan Width": 12, "Actual Rows": 579477, "Actual Loops": 8, "Sort Key": ["partsupp.ps_suppkey", "part.p_partkey"], "Sort Method": "quicksort", "Sort Space Used": 29241, "Sort Space Type": "Memory", "Workers": [{"Worker Number": 0, "Sort Method": "quicksort", "Sort Space Used": 29241, "Sort Space Type": "Memory"}, {"Worker Number": 1, "Sort Method": "quicksort", "Sort Space Used": 29241, "Sort Space Type": "Memory"}, {"Worker Number": 2, "Sort Method": "quicksort", "Sort Space Used": 29241, "Sort Space Type": "Memory"}, {"Worker Number": 3, "Sort Method": "quicksort", "Sort Space Used": 29241, "Sort Space Type": "Memory"}, {"Worker Number": 4, "Sort Method": "quicksort", "Sort Space Used": 29241, "Sort Space Type": "Memory"}, {"Worker Number": 5, "Sort Method": "quicksort", "Sort Space Used": 29241, "Sort Space Type": "Memory"}, {"Worker Number": 6, "Sort Method": "quicksort", "Sort Space Used": 29241, "Sort Space Type": "Memory"}], "Plans": [{"Node Type": "Merge Join", "Parent Relationship": "Outer", "Parallel Aware": false, "Async Capable": false, "Join Type": "Inner", "Startup Cost": 3.71, "Total Cost": 329637.63, "Plan Rows": 368747, "Plan Width": 12, "Actual Rows": 433988, "Actual Loops": 8, "Inner Unique": true, "Merge Cond": "(partsupp.ps_partkey = part.p_partkey)", "Workers": [], "Plans": [{"Node Type": "Index Only Scan", "Parent Relationship": "Outer", "Parallel Aware": false, "Async Capable": false, "Scan Direction": "Forward", "Index Name": "partsupp_pkey", "Relation Name": "partsupp", "Alias": "partsupp", "Startup Cost": 0.43, "Total Cost": 207781.56, "Plan Rows": 8000246, "Plan Width": 8, "Actual Rows": 7999861, "Actual Loops": 8, "Heap Fetches": 0, "Workers": []}, {"Node Type": "Index Scan", "Parent Relationship": "Inner", "Parallel Aware": false, "Async Capable": false, "Scan Direction": "Forward", "Index Name": "part_pkey", "Relation Name": "part", "Alias": "part", "Startup Cost": 0.43, "Total Cost": 97943.62, "Plan Rows": 92184, "Plan Width": 4, "Actual Rows": 108497, "Actual Loops": 8, "Filter": "((p_name)::text ~~ '%light%'::text)", "Rows Removed by Filter": 1891503, "Workers": []}]}]}]}, {"Node Type": "Sort", "Parent Relationship": "Inner", "Parallel Aware": false, "Async Capable": false, "Startup Cost": 20464.22, "Total Cost": 20714.22, "Plan Rows": 100000, "Plan Width": 4, "Actual Rows": 414550, "Actual Loops": 8, "Sort Key": ["supplier.s_suppkey"], "Sort Method": "quicksort", "Sort Space Used": 3073, "Sort Space Type": "Memory", "Workers": [{"Worker Number": 0, "Sort Method": "quicksort", "Sort Space Used": 3073, "Sort Space Type": "Memory"}, {"Worker Number": 1, "Sort Method": "quicksort", "Sort Space Used": 3073, "Sort Space Type": "Memory"}, {"Worker Number": 2, "Sort Method": "quicksort", "Sort Space Used": 3073, "Sort Space Type": "Memory"}, {"Worker Number": 3, "Sort Method": "quicksort", "Sort Space Used": 3073, "Sort Space Type": "Memory"}, {"Worker Number": 4, "Sort Method": "quicksort", "Sort Space Used": 3073, "Sort Space Type": "Memory"}, {"Worker Number": 5, "Sort Method": "quicksort", "Sort Space Used": 3073, "Sort Space Type": "Memory"}, {"Worker Number": 6, "Sort Method": "quicksort", "Sort Space Used": 3073, "Sort Space Type": "Memory"}], "Plans": [{"Node Type": "Merge Join", "Parent Relationship": "Outer", "Parallel Aware": false, "Async Capable": false, "Join Type": "Inner", "Startup Cost": 0.43, "Total Cost": 12159.4, "Plan Rows": 100000, "Plan Width": 4, "Actual Rows": 100000, "Actual Loops": 8, "Inner Unique": true, "Merge Cond": "(supplier.s_nationkey = nation.n_nationkey)", "Workers": [], "Plans": [{"Node Type": "Index Scan", "Parent Relationship": "Outer", "Parallel Aware": false, "Async Capable": false, "Scan Direction": "Forward", "Index Name": "idx_supplier_nation_key", "Relation Name": "supplier", "Alias": "supplier", "Startup Cost": 0.29, "Total Cost": 10896.83, "Plan Rows": 100000, "Plan Width": 8, "Actual Rows": 100000, "Actual Loops": 8, "Workers": []}, {"Node Type": "Index Only Scan", "Parent Relationship": "Inner", "Parallel Aware": false, "Async Capable": false, "Scan Direction": "Forward", "Index Name": "nation_pkey", "Relation Name": "nation", "Alias": "nation", "Startup Cost": 0.14, "Total Cost": 12.51, "Plan Rows": 25, "Plan Width": 4, "Actual Rows": 25, "Actual Loops": 8, "Heap Fetches": 200, "Workers": []}]}]}]}]}, {"Node Type": "Index Only Scan", "Parent Relationship": "Inner", "Parallel Aware": false, "Async Capable": false, "Scan Direction": "Forward", "Index Name": "orders_pkey", "Relation Name": "orders", "Alias": "orders", "Startup Cost": 0.43, "Total Cost": 389587.92, "Plan Rows": 14999899, "Plan Width": 4, "Actual Rows": 13453983, "Actual Loops": 8, "Heap Fetches": 0, "Workers": []}]}]}]}]}, "Planning Time": 4.553, "Triggers": [], "Execution Time": 15328.718}, {"Plan": {"Node Type": "Aggregate", "Strategy": "Plain", "Partial Mode": "Finalize", "Parallel Aware": false, "Async Capable": false, "Startup Cost": 546083.16, "Total Cost": 546083.17, "Plan Rows": 1, "Plan Width": 8, "Actual Rows": 1, "Actual Loops": 1, "Plans": [{"Node Type": "Gather", "Parent Relationship": "Outer", "Parallel Aware": false, "Async Capable": false, "Startup Cost": 546082.74, "Total Cost": 546083.15, "Plan Rows": 4, "Plan Width": 8, "Actual Rows": 5, "Actual Loops": 1, "Workers Planned": 4, "Workers Launched": 4, "Single Copy": false, "Plans": [{"Node Type": "Aggregate", "Strategy": "Plain", "Partial Mode": "Partial", "Parent Relationship": "Outer", "Parallel Aware": false, "Async Capable": false, "Startup Cost": 545082.74, "Total Cost": 545082.75, "Plan Rows": 1, "Plan Width": 8, "Actual Rows": 1, "Actual Loops": 5, "Workers": [], "Plans": [{"Node Type": "Nested Loop", "Parent Relationship": "Outer", "Parallel Aware": false, "Async Capable": false, "Join Type": "Inner", "Startup Cost": 121878.19, "Total Cost": 543359.07, "Plan Rows": 689468, "Plan Width": 0, "Actual Rows": 651523, "Actual Loops": 5, "Inner Unique": true, "Workers": [], "Plans": [{"Node Type": "Nested Loop", "Parent Relationship": "Outer", "Parallel Aware": false, "Async Capable": false, "Join Type": "Inner", "Startup Cost": 121877.75, "Total Cost": 229481.02, "Plan Rows": 689468, "Plan Width": 4, "Actual Rows": 651523, "Actual Loops": 5, "Inner Unique": false, "Join Filter": "(supplier.s_suppkey = lineitem.l_suppkey)", "Rows Removed by Join Filter": 0, "Workers": [], "Plans": [{"Node Type": "Nested Loop", "Parent Relationship": "Outer", "Parallel Aware": false, "Async Capable": false, "Join Type": "Inner", "Startup Cost": 121877.31, "Total Cost": 130637.69, "Plan Rows": 92187, "Plan Width": 16, "Actual Rows": 86798, "Actual Loops": 5, "Inner Unique": true, "Workers": [], "Plans": [{"Node Type": "Merge Join", "Parent Relationship": "Outer", "Parallel Aware": false, "Async Capable": false, "Join Type": "Inner", "Startup Cost": 121877.16, "Total Cost": 128380.06, "Plan Rows": 92187, "Plan Width": 20, "Actual Rows": 86798, "Actual Loops": 5, "Inner Unique": true, "Merge Cond": "(partsupp.ps_suppkey = supplier.s_suppkey)", "Workers": [], "Plans": [{"Node Type": "Sort", "Parent Relationship": "Outer", "Parallel Aware": false, "Async Capable": false, "Startup Cost": 121876.77, "Total Cost": 122107.24, "Plan Rows": 92187, "Plan Width": 12, "Actual Rows": 86798, "Actual Loops": 5, "Sort Key": ["partsupp.ps_suppkey"], "Sort Method": "quicksort", "Sort Space Used": 6708, "Sort Space Type": "Memory", "Workers": [{"Worker Number": 0, "Sort Method": "quicksort", "Sort Space Used": 6459, "Sort Space Type": "Memory"}, {"Worker Number": 1, "Sort Method": "quicksort", "Sort Space Used": 6478, "Sort Space Type": "Memory"}, {"Worker Number": 2, "Sort Method": "quicksort", "Sort Space Used": 6213, "Sort Space Type": "Memory"}, {"Worker Number": 3, "Sort Method": "quicksort", "Sort Space Used": 6457, "Sort Space Type": "Memory"}], "Plans": [{"Node Type": "Nested Loop", "Parent Relationship": "Outer", "Parallel Aware": false, "Async Capable": false, "Join Type": "Inner", "Startup Cost": 0.86, "Total Cost": 114274.9, "Plan Rows": 92187, "Plan Width": 12, "Actual Rows": 86798, "Actual Loops": 5, "Inner Unique": false, "Workers": [], "Plans": [{"Node Type": "Index Scan", "Parent Relationship": "Outer", "Parallel Aware": true, "Async Capable": false, "Scan Direction": "Forward", "Index Name": "part_pkey", "Relation Name": "part", "Alias": "part", "Startup Cost": 0.43, "Total Cost": 79193.62, "Plan Rows": 23046, "Plan Width": 4, "Actual Rows": 21699, "Actual Loops": 5, "Filter": "((p_name)::text ~~ '%light%'::text)", "Rows Removed by Filter": 378301, "Workers": []}, {"Node Type": "Index Only Scan", "Parent Relationship": "Inner", "Parallel Aware": false, "Async Capable": false, "Scan Direction": "Forward", "Index Name": "partsupp_pkey", "Relation Name": "partsupp", "Alias": "partsupp", "Startup Cost": 0.43, "Total Cost": 1.47, "Plan Rows": 5, "Plan Width": 8, "Actual Rows": 4, "Actual Loops": 108497, "Index Cond": "(ps_partkey = part.p_partkey)", "Rows Removed by Index Recheck": 0, "Heap Fetches": 0, "Workers": []}]}]}, {"Node Type": "Index Scan", "Parent Relationship": "Inner", "Parallel Aware": false, "Async Capable": false, "Scan Direction": "Forward", "Index Name": "supplier_pkey", "Relation Name": "supplier", "Alias": "supplier", "Startup Cost": 0.29, "Total Cost": 4873.38, "Plan Rows": 100000, "Plan Width": 8, "Actual Rows": 99999, "Actual Loops": 5, "Workers": []}]}, {"Node Type": "Memoize", "Parent Relationship": "Inner", "Parallel Aware": false, "Async Capable": false, "Startup Cost": 0.15, "Total Cost": 0.17, "Plan Rows": 1, "Plan Width": 4, "Actual Rows": 1, "Actual Loops": 433988, "Cache Key": "supplier.s_nationkey", "Cache Mode": "logical", "Cache Hits": 93047, "Cache Misses": 25, "Cache Evictions": 0, "Cache Overflows": 0, "Peak Memory Usage": 3, "Workers": [{"Worker Number": 0, "Cache Hits": 86679, "Cache Misses": 25, "Cache Evictions": 0, "Cache Overflows": 0, "Peak Memory Usage": 3}, {"Worker Number": 1, "Cache Hits": 87159, "Cache Misses": 25, "Cache Evictions": 0, "Cache Overflows": 0, "Peak Memory Usage": 3}, {"Worker Number": 2, "Cache Hits": 80363, "Cache Misses": 25, "Cache Evictions": 0, "Cache Overflows": 0, "Peak Memory Usage": 3}, {"Worker Number": 3, "Cache Hits": 86615, "Cache Misses": 25, "Cache Evictions": 0, "Cache Overflows": 0, "Peak Memory Usage": 3}], "Plans": [{"Node Type": "Index Only Scan", "Parent Relationship": "Outer", "Parallel Aware": false, "Async Capable": false, "Scan Direction": "Forward", "Index Name": "nation_pkey", "Relation Name": "nation", "Alias": "nation", "Startup Cost": 0.14, "Total Cost": 0.16, "Plan Rows": 1, "Plan Width": 4, "Actual Rows": 1, "Actual Loops": 125, "Index Cond": "(n_nationkey = supplier.s_nationkey)", "Rows Removed by Index Recheck": 0, "Heap Fetches": 125, "Workers": []}]}]}, {"Node Type": "Index Scan", "Parent Relationship": "Inner", "Parallel Aware": false, "Async Capable": false, "Scan Direction": "Forward", "Index Name": "idx_lineitem_part_supp", "Relation Name": "lineitem", "Alias": "lineitem", "Startup Cost": 0.44, "Total Cost": 1.06, "Plan Rows": 1, "Plan Width": 12, "Actual Rows": 8, "Actual Loops": 433988, "Index Cond": "((l_partkey = partsupp.ps_partkey) AND (l_suppkey = partsupp.ps_suppkey))", "Rows Removed by Index Recheck": 0, "Workers": []}]}, {"Node Type": "Index Only Scan", "Parent Relationship": "Inner", "Parallel Aware": false, "Async Capable": false, "Scan Direction": "Forward", "Index Name": "orders_pkey", "Relation Name": "orders", "Alias": "orders", "Startup Cost": 0.43, "Total Cost": 0.46, "Plan Rows": 1, "Plan Width": 4, "Actual Rows": 1, "Actual Loops": 3257615, "Index Cond": "(o_orderkey = lineitem.l_orderkey)", "Rows Removed by Index Recheck": 0, "Heap Fetches": 0, "Workers": []}]}]}]}]}, "Planning Time": 8.315, "Triggers": [], "Execution Time": 13231.869}, {"Plan": {"Node Type": "Aggregate", "Strategy": "Plain", "Partial Mode": "Finalize", "Parallel Aware": false, "Async Capable": false, "Startup Cost": 521076.99, "Total Cost": 521077.0, "Plan Rows": 1, "Plan Width": 8, "Actual Rows": 1, "Actual Loops": 1, "Plans": [{"Node Type": "Gather", "Parent Relationship": "Outer", "Parallel Aware": false, "Async Capable": false, "Startup Cost": 521076.57, "Total Cost": 521076.98, "Plan Rows": 4, "Plan Width": 8, "Actual Rows": 5, "Actual Loops": 1, "Workers Planned": 4, "Workers Launched": 4, "Single Copy": false, "Plans": [{"Node Type": "Aggregate", "Strategy": "Plain", "Partial Mode": "Partial", "Parent Relationship": "Outer", "Parallel Aware": false, "Async Capable": false, "Startup Cost": 520076.57, "Total Cost": 520076.58, "Plan Rows": 1, "Plan Width": 8, "Actual Rows": 1, "Actual Loops": 5, "Workers": [], "Plans": [{"Node Type": "Nested Loop", "Parent Relationship": "Outer", "Parallel Aware": false, "Async Capable": false, "Join Type": "Inner", "Startup Cost": 101495.0, "Total Cost": 518352.9, "Plan Rows": 689468, "Plan Width": 0, "Actual Rows": 651523, "Actual Loops": 5, "Inner Unique": true, "Workers": [], "Plans": [{"Node Type": "Nested Loop", "Parent Relationship": "Outer", "Parallel Aware": false, "Async Capable": false, "Join Type": "Inner", "Startup Cost": 101494.57, "Total Cost": 204474.84, "Plan Rows": 689468, "Plan Width": 4, "Actual Rows": 651523, "Actual Loops": 5, "Inner Unique": false, "Join Filter": "(supplier.s_suppkey = lineitem.l_suppkey)", "Rows Removed by Join Filter": 0, "Workers": [], "Plans": [{"Node Type": "Nested Loop", "Parent Relationship": "Outer", "Parallel Aware": false, "Async Capable": false, "Join Type": "Inner", "Startup Cost": 101494.13, "Total Cost": 105631.52, "Plan Rows": 92187, "Plan Width": 16, "Actual Rows": 86798, "Actual Loops": 5, "Inner Unique": true, "Workers": [], "Plans": [{"Node Type": "Merge Join", "Parent Relationship": "Outer", "Parallel Aware": false, "Async Capable": false, "Join Type": "Inner", "Startup Cost": 101493.98, "Total Cost": 103373.89, "Plan Rows": 92187, "Plan Width": 20, "Actual Rows": 86798, "Actual Loops": 5, "Inner Unique": true, "Merge Cond": "(partsupp.ps_suppkey = supplier.s_suppkey)", "Workers": [], "Plans": [{"Node Type": "Sort", "Parent Relationship": "Outer", "Parallel Aware": false, "Async Capable": false, "Startup Cost": 89925.15, "Total Cost": 90155.62, "Plan Rows": 92187, "Plan Width": 12, "Actual Rows": 86798, "Actual Loops": 5, "Sort Key": ["partsupp.ps_suppkey"], "Sort Method": "quicksort", "Sort Space Used": 6933, "Sort Space Type": "Memory", "Workers": [{"Worker Number": 0, "Sort Method": "quicksort", "Sort Space Used": 6457, "Sort Space Type": "Memory"}, {"Worker Number": 1, "Sort Method": "quicksort", "Sort Space Used": 6270, "Sort Space Type": "Memory"}, {"Worker Number": 2, "Sort Method": "quicksort", "Sort Space Used": 6424, "Sort Space Type": "Memory"}, {"Worker Number": 3, "Sort Method": "quicksort", "Sort Space Used": 6231, "Sort Space Type": "Memory"}], "Plans": [{"Node Type": "Nested Loop", "Parent Relationship": "Outer", "Parallel Aware": false, "Async Capable": false, "Join Type": "Inner", "Startup Cost": 0.43, "Total Cost": 82323.28, "Plan Rows": 92187, "Plan Width": 12, "Actual Rows": 86798, "Actual Loops": 5, "Inner Unique": false, "Workers": [], "Plans": [{"Node Type": "Seq Scan", "Parent Relationship": "Outer", "Parallel Aware": true, "Async Capable": false, "Relation Name": "part", "Alias": "part", "Startup Cost": 0.0, "Total Cost": 47242.0, "Plan Rows": 23046, "Plan Width": 4, "Actual Rows": 21699, "Actual Loops": 5, "Filter": "((p_name)::text ~~ '%light%'::text)", "Rows Removed by Filter": 378301, "Workers": []}, {"Node Type": "Index Only Scan", "Parent Relationship": "Inner", "Parallel Aware": false, "Async Capable": false, "Scan Direction": "Forward", "Index Name": "partsupp_pkey", "Relation Name": "partsupp", "Alias": "partsupp", "Startup Cost": 0.43, "Total Cost": 1.47, "Plan Rows": 5, "Plan Width": 8, "Actual Rows": 4, "Actual Loops": 108497, "Index Cond": "(ps_partkey = part.p_partkey)", "Rows Removed by Index Recheck": 0, "Heap Fetches": 0, "Workers": []}]}]}, {"Node Type": "Sort", "Parent Relationship": "Inner", "Parallel Aware": false, "Async Capable": false, "Startup Cost": 11568.82, "Total Cost": 11818.82, "Plan Rows": 100000, "Plan Width": 8, "Actual Rows": 99999, "Actual Loops": 5, "Sort Key": ["supplier.s_suppkey"], "Sort Method": "quicksort", "Sort Space Used": 6198, "Sort Space Type": "Memory", "Workers": [{"Worker Number": 0, "Sort Method": "quicksort", "Sort Space Used": 6198, "Sort Space Type": "Memory"}, {"Worker Number": 1, "Sort Method": "quicksort", "Sort Space Used": 6198, "Sort Space Type": "Memory"}, {"Worker Number": 2, "Sort Method": "quicksort", "Sort Space Used": 6198, "Sort Space Type": "Memory"}, {"Worker Number": 3, "Sort Method": "quicksort", "Sort Space Used": 6198, "Sort Space Type": "Memory"}], "Plans": [{"Node Type": "Seq Scan", "Parent Relationship": "Outer", "Parallel Aware": false, "Async Capable": false, "Relation Name": "supplier", "Alias": "supplier", "Startup Cost": 0.0, "Total Cost": 3264.0, "Plan Rows": 100000, "Plan Width": 8, "Actual Rows": 100000, "Actual Loops": 5, "Workers": []}]}]}, {"Node Type": "Memoize", "Parent Relationship": "Inner", "Parallel Aware": false, "Async Capable": false, "Startup Cost": 0.15, "Total Cost": 0.17, "Plan Rows": 1, "Plan Width": 4, "Actual Rows": 1, "Actual Loops": 433988, "Cache Key": "supplier.s_nationkey", "Cache Mode": "logical", "Cache Hits": 98799, "Cache Misses": 25, "Cache Evictions": 0, "Cache Overflows": 0, "Peak Memory Usage": 3, "Workers": [{"Worker Number": 0, "Cache Hits": 86619, "Cache Misses": 25, "Cache Evictions": 0, "Cache Overflows": 0, "Peak Memory Usage": 3}, {"Worker Number": 1, "Cache Hits": 81835, "Cache Misses": 25, "Cache Evictions": 0, "Cache Overflows": 0, "Peak Memory Usage": 3}, {"Worker Number": 2, "Cache Hits": 85783, "Cache Misses": 25, "Cache Evictions": 0, "Cache Overflows": 0, "Peak Memory Usage": 3}, {"Worker Number": 3, "Cache Hits": 80827, "Cache Misses": 25, "Cache Evictions": 0, "Cache Overflows": 0, "Peak Memory Usage": 3}], "Plans": [{"Node Type": "Index Only Scan", "Parent Relationship": "Outer", "Parallel Aware": false, "Async Capable": false, "Scan Direction": "Forward", "Index Name": "nation_pkey", "Relation Name": "nation", "Alias": "nation", "Startup Cost": 0.14, "Total Cost": 0.16, "Plan Rows": 1, "Plan Width": 4, "Actual Rows": 1, "Actual Loops": 125, "Index Cond": "(n_nationkey = supplier.s_nationkey)", "Rows Removed by Index Recheck": 0, "Heap Fetches": 125, "Workers": []}]}]}, {"Node Type": "Index Scan", "Parent Relationship": "Inner", "Parallel Aware": false, "Async Capable": false, "Scan Direction": "Forward", "Index Name": "idx_lineitem_part_supp", "Relation Name": "lineitem", "Alias": "lineitem", "Startup Cost": 0.44, "Total Cost": 1.06, "Plan Rows": 1, "Plan Width": 12, "Actual Rows": 8, "Actual Loops": 433988, "Index Cond": "((l_partkey = partsupp.ps_partkey) AND (l_suppkey = partsupp.ps_suppkey))", "Rows Removed by Index Recheck": 0, "Workers": []}]}, {"Node Type": "Index Only Scan", "Parent Relationship": "Inner", "Parallel Aware": false, "Async Capable": false, "Scan Direction": "Forward", "Index Name": "orders_pkey", "Relation Name": "orders", "Alias": "orders", "Startup Cost": 0.43, "Total Cost": 0.46, "Plan Rows": 1, "Plan Width": 4, "Actual Rows": 1, "Actual Loops": 3257615, "Index Cond": "(o_orderkey = lineitem.l_orderkey)", "Rows Removed by Index Recheck": 0, "Heap Fetches": 0, "Workers": []}]}]}]}]}, "Planning Time": 7.749, "Triggers": [], "Execution Time": 13350.56}, {"Plan": {"Node Type": "Aggregate", "Strategy": "Plain", "Partial Mode": "Finalize", "Parallel Aware": false, "Async Capable": false, "Startup Cost": 3250375.2, "Total Cost": 3250375.21, "Plan Rows": 1, "Plan Width": 8, "Actual Rows": 1, "Actual Loops": 1, "Plans": [{"Node Type": "Gather", "Parent Relationship": "Outer", "Parallel Aware": false, "Async Capable": false, "Startup Cost": 3250374.47, "Total Cost": 3250375.18, "Plan Rows": 7, "Plan Width": 8, "Actual Rows": 8, "Actual Loops": 1, "Workers Planned": 7, "Workers Launched": 7, "Single Copy": false, "Plans": [{"Node Type": "Aggregate", "Strategy": "Plain", "Partial Mode": "Partial", "Parent Relationship": "Outer", "Parallel Aware": false, "Async Capable": false, "Startup Cost": 3249374.47, "Total Cost": 3249374.48, "Plan Rows": 1, "Plan Width": 8, "Actual Rows": 1, "Actual Loops": 8, "Workers": [], "Plans": [{"Node Type": "Merge Join", "Parent Relationship": "Outer", "Parallel Aware": false, "Async Capable": false, "Join Type": "Inner", "Startup Cost": 2815396.07, "Total Cost": 3248389.52, "Plan Rows": 393982, "Plan Width": 0, "Actual Rows": 407202, "Actual Loops": 8, "Inner Unique": true, "Merge Cond": "(lineitem.l_orderkey = orders.o_orderkey)", "Workers": [], "Plans": [{"Node Type": "Sort", "Parent Relationship": "Outer", "Parallel Aware": false, "Async Capable": false, "Startup Cost": 2815392.19, "Total Cost": 2816377.14, "Plan Rows": 393982, "Plan Width": 4, "Actual Rows": 407202, "Actual Loops": 8, "Sort Key": ["lineitem.l_orderkey"], "Sort Method": "quicksort", "Sort Space Used": 12289, "Sort Space Type": "Memory", "Workers": [{"Worker Number": 0, "Sort Method": "quicksort", "Sort Space Used": 12289, "Sort Space Type": "Memory"}, {"Worker Number": 1, "Sort Method": "quicksort", "Sort Space Used": 12289, "Sort Space Type": "Memory"}, {"Worker Number": 2, "Sort Method": "quicksort", "Sort Space Used": 12289, "Sort Space Type": "Memory"}, {"Worker Number": 3, "Sort Method": "quicksort", "Sort Space Used": 12289, "Sort Space Type": "Memory"}, {"Worker Number": 4, "Sort Method": "quicksort", "Sort Space Used": 12289, "Sort Space Type": "Memory"}, {"Worker Number": 5, "Sort Method": "quicksort", "Sort Space Used": 12289, "Sort Space Type": "Memory"}, {"Worker Number": 6, "Sort Method": "quicksort", "Sort Space Used": 12289, "Sort Space Type": "Memory"}], "Plans": [{"Node Type": "Merge Join", "Parent Relationship": "Outer", "Parallel Aware": false, "Async Capable": false, "Join Type": "Inner", "Startup Cost": 2770891.31, "Total Cost": 2778775.95, "Plan Rows": 393982, "Plan Width": 4, "Actual Rows": 407202, "Actual Loops": 8, "Inner Unique": false, "Merge Cond": "(lineitem.l_suppkey = supplier.s_suppkey)", "Workers": [], "Plans": [{"Node Type": "Sort", "Parent Relationship": "Outer", "Parallel Aware": false, "Async Capable": false, "Startup Cost": 2750427.05, "Total Cost": 2751414.55, "Plan Rows": 394998, "Plan Width": 12, "Actual Rows": 407202, "Actual Loops": 8, "Sort Key": ["lineitem.l_suppkey"], "Sort Method": "quicksort", "Sort Space Used": 31462, "Sort Space Type": "Memory", "Workers": [{"Worker Number": 0, "Sort Method": "quicksort", "Sort Space Used": 25365, "Sort Space Type": "Memory"}, {"Worker Number": 1, "Sort Method": "quicksort", "Sort Space Used": 30844, "Sort Space Type": "Memory"}, {"Worker Number": 2, "Sort Method": "quicksort", "Sort Space Used": 30954, "Sort Space Type": "Memory"}, {"Worker Number": 3, "Sort Method": "quicksort", "Sort Space Used": 25325, "Sort Space Type": "Memory"}, {"Worker Number": 4, "Sort Method": "quicksort", "Sort Space Used": 30977, "Sort Space Type": "Memory"}, {"Worker Number": 5, "Sort Method": "quicksort", "Sort Space Used": 25404, "Sort Space Type": "Memory"}, {"Worker Number": 6, "Sort Method": "quicksort", "Sort Space Used": 25226, "Sort Space Type": "Memory"}], "Plans": [{"Node Type": "Merge Join", "Parent Relationship": "Outer", "Parallel Aware": false, "Async Capable": false, "Join Type": "Inner", "Startup Cost": 2417740.63, "Total Cost": 2713709.06, "Plan Rows": 394998, "Plan Width": 12, "Actual Rows": 407202, "Actual Loops": 8, "Inner Unique": true, "Merge Cond": "(lineitem.l_partkey = partsupp.ps_partkey)", "Join Filter": "(lineitem.l_suppkey = partsupp.ps_suppkey)", "Rows Removed by Join Filter": 611145, "Workers": [], "Plans": [{"Node Type": "Merge Join", "Parent Relationship": "Outer", "Parallel Aware": false, "Async Capable": false, "Join Type": "Inner", "Startup Cost": 2417738.29, "Total Cost": 2464996.55, "Plan Rows": 394998, "Plan Width": 16, "Actual Rows": 407202, "Actual Loops": 8, "Inner Unique": true, "Merge Cond": "(lineitem.l_partkey = part.p_partkey)", "Workers": [], "Plans": [{"Node Type": "Sort", "Parent Relationship": "Outer", "Parallel Aware": false, "Async Capable": false, "Startup Cost": 2344144.23, "Total Cost": 2365568.67, "Plan Rows": 8569775, "Plan Width": 12, "Actual Rows": 7498123, "Actual Loops": 8, "Sort Key": ["lineitem.l_partkey"], "Sort Method": "external merge", "Sort Space Used": 194208, "Sort Space Type": "Disk", "Workers": [{"Worker Number": 0, "Sort Method": "external merge", "Sort Space Used": 132824, "Sort Space Type": "Disk"}, {"Worker Number": 1, "Sort Method": "external merge", "Sort Space Used": 188368, "Sort Space Type": "Disk"}, {"Worker Number": 2, "Sort Method": "external merge", "Sort Space Used": 189280, "Sort Space Type": "Disk"}, {"Worker Number": 3, "Sort Method": "external merge", "Sort Space Used": 132816, "Sort Space Type": "Disk"}, {"Worker Number": 4, "Sort Method": "external merge", "Sort Space Used": 189120, "Sort Space Type": "Disk"}, {"Worker Number": 5, "Sort Method": "external merge", "Sort Space Used": 133112, "Sort Space Type": "Disk"}, {"Worker Number": 6, "Sort Method": "external merge", "Sort Space Used": 131640, "Sort Space Type": "Disk"}], "Plans": [{"Node Type": "Seq Scan", "Parent Relationship": "Outer", "Parallel Aware": true, "Async Capable": false, "Relation Name": "lineitem", "Alias": "lineitem", "Startup Cost": 0.0, "Total Cost": 1210841.75, "Plan Rows": 8569775, "Plan Width": 12, "Actual Rows": 7498256, "Actual Loops": 8, "Workers": []}]}, {"Node Type": "Sort", "Parent Relationship": "Inner", "Parallel Aware": false, "Async Capable": false, "Startup Cost": 73593.6, "Total Cost": 73824.06, "Plan Rows": 92184, "Plan Width": 4, "Actual Rows": 108497, "Actual Loops": 8, "Sort Key": ["part.p_partkey"], "Sort Method": "quicksort", "Sort Space Used": 3073, "Sort Space Type": "Memory", "Workers": [{"Worker Number": 0, "Sort Method": "quicksort", "Sort Space Used": 3073, "Sort Space Type": "Memory"}, {"Worker Number": 1, "Sort Method": "quicksort", "Sort Space Used": 3073, "Sort Space Type": "Memory"}, {"Worker Number": 2, "Sort Method": "quicksort", "Sort Space Used": 3073, "Sort Space Type": "Memory"}, {"Worker Number": 3, "Sort Method": "quicksort", "Sort Space Used": 3073, "Sort Space Type": "Memory"}, {"Worker Number": 4, "Sort Method": "quicksort", "Sort Space Used": 3073, "Sort Space Type": "Memory"}, {"Worker Number": 5, "Sort Method": "quicksort", "Sort Space Used": 3073, "Sort Space Type": "Memory"}, {"Worker Number": 6, "Sort Method": "quicksort", "Sort Space Used": 3073, "Sort Space Type": "Memory"}], "Plans": [{"Node Type": "Seq Scan", "Parent Relationship": "Outer", "Parallel Aware": false, "Async Capable": false, "Relation Name": "part", "Alias": "part", "Startup Cost": 0.0, "Total Cost": 65992.0, "Plan Rows": 92184, "Plan Width": 4, "Actual Rows": 108497, "Actual Loops": 8, "Filter": "((p_name)::text ~~ '%light%'::text)", "Rows Removed by Filter": 1891503, "Workers": []}]}]}, {"Node Type": "Index Only Scan", "Parent Relationship": "Inner", "Parallel Aware": false, "Async Capable": false, "Scan Direction": "Forward", "Index Name": "partsupp_pkey", "Relation Name": "partsupp", "Alias": "partsupp", "Startup Cost": 0.43, "Total Cost": 207781.56, "Plan Rows": 8000246, "Plan Width": 8, "Actual Rows": 8452881, "Actual Loops": 8, "Heap Fetches": 0, "Workers": []}]}]}, {"Node Type": "Sort", "Parent Relationship": "Inner", "Parallel Aware": false, "Async Capable": false, "Startup Cost": 20464.22, "Total Cost": 20714.22, "Plan Rows": 100000, "Plan Width": 4, "Actual Rows": 414474, "Actual Loops": 8, "Sort Key": ["supplier.s_suppkey"], "Sort Method": "quicksort", "Sort Space Used": 3073, "Sort Space Type": "Memory", "Workers": [{"Worker Number": 0, "Sort Method": "quicksort", "Sort Space Used": 3073, "Sort Space Type": "Memory"}, {"Worker Number": 1, "Sort Method": "quicksort", "Sort Space Used": 3073, "Sort Space Type": "Memory"}, {"Worker Number": 2, "Sort Method": "quicksort", "Sort Space Used": 3073, "Sort Space Type": "Memory"}, {"Worker Number": 3, "Sort Method": "quicksort", "Sort Space Used": 3073, "Sort Space Type": "Memory"}, {"Worker Number": 4, "Sort Method": "quicksort", "Sort Space Used": 3073, "Sort Space Type": "Memory"}, {"Worker Number": 5, "Sort Method": "quicksort", "Sort Space Used": 3073, "Sort Space Type": "Memory"}, {"Worker Number": 6, "Sort Method": "quicksort", "Sort Space Used": 3073, "Sort Space Type": "Memory"}], "Plans": [{"Node Type": "Merge Join", "Parent Relationship": "Outer", "Parallel Aware": false, "Async Capable": false, "Join Type": "Inner", "Startup Cost": 0.43, "Total Cost": 12159.4, "Plan Rows": 100000, "Plan Width": 4, "Actual Rows": 100000, "Actual Loops": 8, "Inner Unique": true, "Merge Cond": "(supplier.s_nationkey = nation.n_nationkey)", "Workers": [], "Plans": [{"Node Type": "Index Scan", "Parent Relationship": "Outer", "Parallel Aware": false, "Async Capable": false, "Scan Direction": "Forward", "Index Name": "idx_supplier_nation_key", "Relation Name": "supplier", "Alias": "supplier", "Startup Cost": 0.29, "Total Cost": 10896.83, "Plan Rows": 100000, "Plan Width": 8, "Actual Rows": 100000, "Actual Loops": 8, "Workers": []}, {"Node Type": "Index Only Scan", "Parent Relationship": "Inner", "Parallel Aware": false, "Async Capable": false, "Scan Direction": "Forward", "Index Name": "nation_pkey", "Relation Name": "nation", "Alias": "nation", "Startup Cost": 0.14, "Total Cost": 12.51, "Plan Rows": 25, "Plan Width": 4, "Actual Rows": 25, "Actual Loops": 8, "Heap Fetches": 200, "Workers": []}]}]}]}]}, {"Node Type": "Index Only Scan", "Parent Relationship": "Inner", "Parallel Aware": false, "Async Capable": false, "Scan Direction": "Forward", "Index Name": "orders_pkey", "Relation Name": "orders", "Alias": "orders", "Startup Cost": 0.43, "Total Cost": 389587.92, "Plan Rows": 14999899, "Plan Width": 4, "Actual Rows": 14641788, "Actual Loops": 8, "Heap Fetches": 0, "Workers": []}]}]}]}]}, "Planning Time": 4.855, "Triggers": [], "Execution Time": 10642.106}, {"Plan": {"Node Type": "Aggregate", "Strategy": "Plain", "Partial Mode": "Finalize", "Parallel Aware": false, "Async Capable": false, "Startup Cost": 560673.03, "Total Cost": 560673.04, "Plan Rows": 1, "Plan Width": 8, "Actual Rows": 1, "Actual Loops": 1, "Plans": [{"Node Type": "Gather", "Parent Relationship": "Outer", "Parallel Aware": false, "Async Capable": false, "Startup Cost": 560672.61, "Total Cost": 560673.02, "Plan Rows": 4, "Plan Width": 8, "Actual Rows": 5, "Actual Loops": 1, "Workers Planned": 4, "Workers Launched": 4, "Single Copy": false, "Plans": [{"Node Type": "Aggregate", "Strategy": "Plain", "Partial Mode": "Partial", "Parent Relationship": "Outer", "Parallel Aware": false, "Async Capable": false, "Startup Cost": 559672.61, "Total Cost": 559672.62, "Plan Rows": 1, "Plan Width": 8, "Actual Rows": 1, "Actual Loops": 5, "Workers": [], "Plans": [{"Node Type": "Nested Loop", "Parent Relationship": "Outer", "Parallel Aware": false, "Async Capable": false, "Join Type": "Inner", "Startup Cost": 2.17, "Total Cost": 557948.94, "Plan Rows": 689468, "Plan Width": 0, "Actual Rows": 651523, "Actual Loops": 5, "Inner Unique": true, "Workers": [], "Plans": [{"Node Type": "Nested Loop", "Parent Relationship": "Outer", "Parallel Aware": false, "Async Capable": false, "Join Type": "Inner", "Startup Cost": 1.74, "Total Cost": 244070.88, "Plan Rows": 689468, "Plan Width": 4, "Actual Rows": 651523, "Actual Loops": 5, "Inner Unique": false, "Join Filter": "(supplier.s_suppkey = lineitem.l_suppkey)", "Rows Removed by Join Filter": 0, "Workers": [], "Plans": [{"Node Type": "Nested Loop", "Parent Relationship": "Outer", "Parallel Aware": false, "Async Capable": false, "Join Type": "Inner", "Startup Cost": 1.3, "Total Cost": 145227.56, "Plan Rows": 92187, "Plan Width": 16, "Actual Rows": 86798, "Actual Loops": 5, "Inner Unique": true, "Workers": [], "Plans": [{"Node Type": "Nested Loop", "Parent Relationship": "Outer", "Parallel Aware": false, "Async Capable": false, "Join Type": "Inner", "Startup Cost": 1.15, "Total Cost": 142969.93, "Plan Rows": 92187, "Plan Width": 20, "Actual Rows": 86798, "Actual Loops": 5, "Inner Unique": true, "Workers": [], "Plans": [{"Node Type": "Nested Loop", "Parent Relationship": "Outer", "Parallel Aware": false, "Async Capable": false, "Join Type": "Inner", "Startup Cost": 0.86, "Total Cost": 114274.9, "Plan Rows": 92187, "Plan Width": 12, "Actual Rows": 86798, "Actual Loops": 5, "Inner Unique": false, "Workers": [], "Plans": [{"Node Type": "Index Scan", "Parent Relationship": "Outer", "Parallel Aware": true, "Async Capable": false, "Scan Direction": "Forward", "Index Name": "part_pkey", "Relation Name": "part", "Alias": "part", "Startup Cost": 0.43, "Total Cost": 79193.62, "Plan Rows": 23046, "Plan Width": 4, "Actual Rows": 21699, "Actual Loops": 5, "Filter": "((p_name)::text ~~ '%light%'::text)", "Rows Removed by Filter": 378301, "Workers": []}, {"Node Type": "Index Only Scan", "Parent Relationship": "Inner", "Parallel Aware": false, "Async Capable": false, "Scan Direction": "Forward", "Index Name": "partsupp_pkey", "Relation Name": "partsupp", "Alias": "partsupp", "Startup Cost": 0.43, "Total Cost": 1.47, "Plan Rows": 5, "Plan Width": 8, "Actual Rows": 4, "Actual Loops": 108497, "Index Cond": "(ps_partkey = part.p_partkey)", "Rows Removed by Index Recheck": 0, "Heap Fetches": 0, "Workers": []}]}, {"Node Type": "Index Scan", "Parent Relationship": "Inner", "Parallel Aware": false, "Async Capable": false, "Scan Direction": "Forward", "Index Name": "supplier_pkey", "Relation Name": "supplier", "Alias": "supplier", "Startup Cost": 0.29, "Total Cost": 0.31, "Plan Rows": 1, "Plan Width": 8, "Actual Rows": 1, "Actual Loops": 433988, "Index Cond": "(s_suppkey = partsupp.ps_suppkey)", "Rows Removed by Index Recheck": 0, "Workers": []}]}, {"Node Type": "Memoize", "Parent Relationship": "Inner", "Parallel Aware": false, "Async Capable": false, "Startup Cost": 0.15, "Total Cost": 0.17, "Plan Rows": 1, "Plan Width": 4, "Actual Rows": 1, "Actual Loops": 433988, "Cache Key": "supplier.s_nationkey", "Cache Mode": "logical", "Cache Hits": 97291, "Cache Misses": 25, "Cache Evictions": 0, "Cache Overflows": 0, "Peak Memory Usage": 3, "Workers": [{"Worker Number": 0, "Cache Hits": 83207, "Cache Misses": 25, "Cache Evictions": 0, "Cache Overflows": 0, "Peak Memory Usage": 3}, {"Worker Number": 1, "Cache Hits": 85583, "Cache Misses": 25, "Cache Evictions": 0, "Cache Overflows": 0, "Peak Memory Usage": 3}, {"Worker Number": 2, "Cache Hits": 84939, "Cache Misses": 25, "Cache Evictions": 0, "Cache Overflows": 0, "Peak Memory Usage": 3}, {"Worker Number": 3, "Cache Hits": 82843, "Cache Misses": 25, "Cache Evictions": 0, "Cache Overflows": 0, "Peak Memory Usage": 3}], "Plans": [{"Node Type": "Index Only Scan", "Parent Relationship": "Outer", "Parallel Aware": false, "Async Capable": false, "Scan Direction": "Forward", "Index Name": "nation_pkey", "Relation Name": "nation", "Alias": "nation", "Startup Cost": 0.14, "Total Cost": 0.16, "Plan Rows": 1, "Plan Width": 4, "Actual Rows": 1, "Actual Loops": 125, "Index Cond": "(n_nationkey = supplier.s_nationkey)", "Rows Removed by Index Recheck": 0, "Heap Fetches": 125, "Workers": []}]}]}, {"Node Type": "Index Scan", "Parent Relationship": "Inner", "Parallel Aware": false, "Async Capable": false, "Scan Direction": "Forward", "Index Name": "idx_lineitem_part_supp", "Relation Name": "lineitem", "Alias": "lineitem", "Startup Cost": 0.44, "Total Cost": 1.06, "Plan Rows": 1, "Plan Width": 12, "Actual Rows": 8, "Actual Loops": 433988, "Index Cond": "((l_partkey = partsupp.ps_partkey) AND (l_suppkey = partsupp.ps_suppkey))", "Rows Removed by Index Recheck": 0, "Workers": []}]}, {"Node Type": "Index Only Scan", "Parent Relationship": "Inner", "Parallel Aware": false, "Async Capable": false, "Scan Direction": "Forward", "Index Name": "orders_pkey", "Relation Name": "orders", "Alias": "orders", "Startup Cost": 0.43, "Total Cost": 0.46, "Plan Rows": 1, "Plan Width": 4, "Actual Rows": 1, "Actual Loops": 3257615, "Index Cond": "(o_orderkey = lineitem.l_orderkey)", "Rows Removed by Index Recheck": 0, "Heap Fetches": 0, "Workers": []}]}]}]}]}, "Planning Time": 2.929, "Triggers": [], "Execution Time": 13159.643}, {"Plan": {"Node Type": "Aggregate", "Strategy": "Plain", "Partial Mode": "Finalize", "Parallel Aware": false, "Async Capable": false, "Startup Cost": 528721.41, "Total Cost": 528721.42, "Plan Rows": 1, "Plan Width": 8, "Actual Rows": 1, "Actual Loops": 1, "Plans": [{"Node Type": "Gather", "Parent Relationship": "Outer", "Parallel Aware": false, "Async Capable": false, "Startup Cost": 528720.99, "Total Cost": 528721.4, "Plan Rows": 4, "Plan Width": 8, "Actual Rows": 5, "Actual Loops": 1, "Workers Planned": 4, "Workers Launched": 4, "Single Copy": false, "Plans": [{"Node Type": "Aggregate", "Strategy": "Plain", "Partial Mode": "Partial", "Parent Relationship": "Outer", "Parallel Aware": false, "Async Capable": false, "Startup Cost": 527720.99, "Total Cost": 527721.0, "Plan Rows": 1, "Plan Width": 8, "Actual Rows": 1, "Actual Loops": 5, "Workers": [], "Plans": [{"Node Type": "Nested Loop", "Parent Relationship": "Outer", "Parallel Aware": false, "Async Capable": false, "Join Type": "Inner", "Startup Cost": 1.75, "Total Cost": 525997.32, "Plan Rows": 689468, "Plan Width": 0, "Actual Rows": 651523, "Actual Loops": 5, "Inner Unique": true, "Workers": [], "Plans": [{"Node Type": "Nested Loop", "Parent Relationship": "Outer", "Parallel Aware": false, "Async Capable": false, "Join Type": "Inner", "Startup Cost": 1.31, "Total Cost": 212119.27, "Plan Rows": 689468, "Plan Width": 4, "Actual Rows": 651523, "Actual Loops": 5, "Inner Unique": false, "Join Filter": "(supplier.s_suppkey = lineitem.l_suppkey)", "Rows Removed by Join Filter": 0, "Workers": [], "Plans": [{"Node Type": "Nested Loop", "Parent Relationship": "Outer", "Parallel Aware": false, "Async Capable": false, "Join Type": "Inner", "Startup Cost": 0.87, "Total Cost": 113275.94, "Plan Rows": 92187, "Plan Width": 16, "Actual Rows": 86798, "Actual Loops": 5, "Inner Unique": true, "Workers": [], "Plans": [{"Node Type": "Nested Loop", "Parent Relationship": "Outer", "Parallel Aware": false, "Async Capable": false, "Join Type": "Inner", "Startup Cost": 0.72, "Total Cost": 111018.31, "Plan Rows": 92187, "Plan Width": 20, "Actual Rows": 86798, "Actual Loops": 5, "Inner Unique": true, "Workers": [], "Plans": [{"Node Type": "Nested Loop", "Parent Relationship": "Outer", "Parallel Aware": false, "Async Capable": false, "Join Type": "Inner", "Startup Cost": 0.43, "Total Cost": 82323.28, "Plan Rows": 92187, "Plan Width": 12, "Actual Rows": 86798, "Actual Loops": 5, "Inner Unique": false, "Workers": [], "Plans": [{"Node Type": "Seq Scan", "Parent Relationship": "Outer", "Parallel Aware": true, "Async Capable": false, "Relation Name": "part", "Alias": "part", "Startup Cost": 0.0, "Total Cost": 47242.0, "Plan Rows": 23046, "Plan Width": 4, "Actual Rows": 21699, "Actual Loops": 5, "Filter": "((p_name)::text ~~ '%light%'::text)", "Rows Removed by Filter": 378301, "Workers": []}, {"Node Type": "Index Only Scan", "Parent Relationship": "Inner", "Parallel Aware": false, "Async Capable": false, "Scan Direction": "Forward", "Index Name": "partsupp_pkey", "Relation Name": "partsupp", "Alias": "partsupp", "Startup Cost": 0.43, "Total Cost": 1.47, "Plan Rows": 5, "Plan Width": 8, "Actual Rows": 4, "Actual Loops": 108497, "Index Cond": "(ps_partkey = part.p_partkey)", "Rows Removed by Index Recheck": 0, "Heap Fetches": 0, "Workers": []}]}, {"Node Type": "Index Scan", "Parent Relationship": "Inner", "Parallel Aware": false, "Async Capable": false, "Scan Direction": "Forward", "Index Name": "supplier_pkey", "Relation Name": "supplier", "Alias": "supplier", "Startup Cost": 0.29, "Total Cost": 0.31, "Plan Rows": 1, "Plan Width": 8, "Actual Rows": 1, "Actual Loops": 433988, "Index Cond": "(s_suppkey = partsupp.ps_suppkey)", "Rows Removed by Index Recheck": 0, "Workers": []}]}, {"Node Type": "Memoize", "Parent Relationship": "Inner", "Parallel Aware": false, "Async Capable": false, "Startup Cost": 0.15, "Total Cost": 0.17, "Plan Rows": 1, "Plan Width": 4, "Actual Rows": 1, "Actual Loops": 433988, "Cache Key": "supplier.s_nationkey", "Cache Mode": "logical", "Cache Hits": 97395, "Cache Misses": 25, "Cache Evictions": 0, "Cache Overflows": 0, "Peak Memory Usage": 3, "Workers": [{"Worker Number": 0, "Cache Hits": 85319, "Cache Misses": 25, "Cache Evictions": 0, "Cache Overflows": 0, "Peak Memory Usage": 3}, {"Worker Number": 1, "Cache Hits": 82891, "Cache Misses": 25, "Cache Evictions": 0, "Cache Overflows": 0, "Peak Memory Usage": 3}, {"Worker Number": 2, "Cache Hits": 85135, "Cache Misses": 25, "Cache Evictions": 0, "Cache Overflows": 0, "Peak Memory Usage": 3}, {"Worker Number": 3, "Cache Hits": 83123, "Cache Misses": 25, "Cache Evictions": 0, "Cache Overflows": 0, "Peak Memory Usage": 3}], "Plans": [{"Node Type": "Index Only Scan", "Parent Relationship": "Outer", "Parallel Aware": false, "Async Capable": false, "Scan Direction": "Forward", "Index Name": "nation_pkey", "Relation Name": "nation", "Alias": "nation", "Startup Cost": 0.14, "Total Cost": 0.16, "Plan Rows": 1, "Plan Width": 4, "Actual Rows": 1, "Actual Loops": 125, "Index Cond": "(n_nationkey = supplier.s_nationkey)", "Rows Removed by Index Recheck": 0, "Heap Fetches": 125, "Workers": []}]}]}, {"Node Type": "Index Scan", "Parent Relationship": "Inner", "Parallel Aware": false, "Async Capable": false, "Scan Direction": "Forward", "Index Name": "idx_lineitem_part_supp", "Relation Name": "lineitem", "Alias": "lineitem", "Startup Cost": 0.44, "Total Cost": 1.06, "Plan Rows": 1, "Plan Width": 12, "Actual Rows": 8, "Actual Loops": 433988, "Index Cond": "((l_partkey = partsupp.ps_partkey) AND (l_suppkey = partsupp.ps_suppkey))", "Rows Removed by Index Recheck": 0, "Workers": []}]}, {"Node Type": "Index Only Scan", "Parent Relationship": "Inner", "Parallel Aware": false, "Async Capable": false, "Scan Direction": "Forward", "Index Name": "orders_pkey", "Relation Name": "orders", "Alias": "orders", "Startup Cost": 0.43, "Total Cost": 0.46, "Plan Rows": 1, "Plan Width": 4, "Actual Rows": 1, "Actual Loops": 3257615, "Index Cond": "(o_orderkey = lineitem.l_orderkey)", "Rows Removed by Index Recheck": 0, "Heap Fetches": 0, "Workers": []}]}]}]}]}, "Planning Time": 5.152, "Triggers": [], "Execution Time": 13138.981}, {"Plan": {"Node Type": "Aggregate", "Strategy": "Plain", "Partial Mode": "Simple", "Parallel Aware": false, "Async Capable": false, "Startup Cost": 60015730786.2, "Total Cost": 60015730786.21, "Plan Rows": 1, "Plan Width": 8, "Plans": [{"Node Type": "Merge Join", "Parent Relationship": "Outer", "Parallel Aware": false, "Async Capable": false, "Join Type": "Inner", "Startup Cost": 60000000067.95, "Total Cost": 60015723891.52, "Plan Rows": 2757871, "Plan Width": 0, "Inner Unique": true, "Merge Cond": "((lineitem.l_partkey = partsupp.ps_partkey) AND (supplier.s_suppkey = partsupp.ps_suppkey))", "Plans": [{"Node Type": "Nested Loop", "Parent Relationship": "Outer", "Parallel Aware": false, "Async Capable": false, "Join Type": "Inner", "Startup Cost": 50000000065.44, "Total Cost": 50015462320.65, "Plan Rows": 2757871, "Plan Width": 16, "Inner Unique": true, "Plans": [{"Node Type": "Nested Loop", "Parent Relationship": "Outer", "Parallel Aware": false, "Async Capable": false, "Join Type": "Inner", "Startup Cost": 40000000065.29, "Total Cost": 40015394796.92, "Plan Rows": 2757871, "Plan Width": 20, "Inner Unique": true, "Plans": [{"Node Type": "Nested Loop", "Parent Relationship": "Outer", "Parallel Aware": false, "Async Capable": false, "Join Type": "Inner", "Startup Cost": 30000000064.83, "Total Cost": 30006474776.54, "Plan Rows": 2757871, "Plan Width": 24, "Inner Unique": true, "Plans": [{"Node Type": "Merge Join", "Parent Relationship": "Outer", "Parallel Aware": false, "Async Capable": false, "Join Type": "Inner", "Startup Cost": 20000000064.52, "Total Cost": 20005973262.7, "Plan Rows": 2764986, "Plan Width": 16, "Inner Unique": true, "Merge Cond": "(lineitem.l_partkey = part.p_partkey)", "Plans": [{"Node Type": "Index Scan", "Parent Relationship": "Outer", "Parallel Aware": false, "Async Capable": false, "Scan Direction": "Forward", "Index Name": "idx_lineitem_part_supp", "Relation Name": "lineitem", "Alias": "lineitem", "Startup Cost": 10000000000.44, "Total Cost": 10005697610.8, "Plan Rows": 59988424, "Plan Width": 12}, {"Node Type": "Index Scan", "Parent Relationship": "Inner", "Parallel Aware": false, "Async Capable": false, "Scan Direction": "Forward", "Index Name": "part_pkey", "Relation Name": "part", "Alias": "part", "Startup Cost": 10000000000.43, "Total Cost": 10000097943.62, "Plan Rows": 92184, "Plan Width": 4, "Filter": "((p_name)::text ~~ '%light%'::text)"}]}, {"Node Type": "Memoize", "Parent Relationship": "Inner", "Parallel Aware": false, "Async Capable": false, "Startup Cost": 0.31, "Total Cost": 4.32, "Plan Rows": 1, "Plan Width": 8, "Cache Key": "lineitem.l_suppkey", "Cache Mode": "logical", "Plans": [{"Node Type": "Bitmap Heap Scan", "Parent Relationship": "Outer", "Parallel Aware": false, "Async Capable": false, "Relation Name": "supplier", "Alias": "supplier", "Startup Cost": 0.3, "Total Cost": 4.31, "Plan Rows": 1, "Plan Width": 8, "Recheck Cond": "(s_suppkey = lineitem.l_suppkey)", "Plans": [{"Node Type": "Bitmap Index Scan", "Parent Relationship": "Outer", "Parallel Aware": false, "Async Capable": false, "Index Name": "supplier_pkey", "Startup Cost": 0.0, "Total Cost": 0.3, "Plan Rows": 1, "Plan Width": 0, "Index Cond": "(s_suppkey = lineitem.l_suppkey)"}]}]}]}, {"Node Type": "Memoize", "Parent Relationship": "Inner", "Parallel Aware": false, "Async Capable": false, "Startup Cost": 0.46, "Total Cost": 4.47, "Plan Rows": 1, "Plan Width": 4, "Cache Key": "lineitem.l_orderkey", "Cache Mode": "logical", "Plans": [{"Node Type": "Bitmap Heap Scan", "Parent Relationship": "Outer", "Parallel Aware": false, "Async Capable": false, "Relation Name": "orders", "Alias": "orders", "Startup Cost": 0.45, "Total Cost": 4.46, "Plan Rows": 1, "Plan Width": 4, "Recheck Cond": "(lineitem.l_orderkey = o_orderkey)", "Plans": [{"Node Type": "Bitmap Index Scan", "Parent Relationship": "Outer", "Parallel Aware": false, "Async Capable": false, "Index Name": "orders_pkey", "Startup Cost": 0.0, "Total Cost": 0.45, "Plan Rows": 1, "Plan Width": 0, "Index Cond": "(o_orderkey = lineitem.l_orderkey)"}]}]}]}, {"Node Type": "Memoize", "Parent Relationship": "Inner", "Parallel Aware": false, "Async Capable": false, "Startup Cost": 0.16, "Total Cost": 4.17, "Plan Rows": 1, "Plan Width": 4, "Cache Key": "supplier.s_nationkey", "Cache Mode": "logical", "Plans": [{"Node Type": "Bitmap Heap Scan", "Parent Relationship": "Outer", "Parallel Aware": false, "Async Capable": false, "Relation Name": "nation", "Alias": "nation", "Startup Cost": 0.15, "Total Cost": 4.16, "Plan Rows": 1, "Plan Width": 4, "Recheck Cond": "(supplier.s_nationkey = n_nationkey)", "Plans": [{"Node Type": "Bitmap Index Scan", "Parent Relationship": "Outer", "Parallel Aware": false, "Async Capable": false, "Index Name": "nation_pkey", "Startup Cost": 0.0, "Total Cost": 0.15, "Plan Rows": 1, "Plan Width": 0, "Index Cond": "(n_nationkey = supplier.s_nationkey)"}]}]}]}, {"Node Type": "Index Only Scan", "Parent Relationship": "Inner", "Parallel Aware": false, "Async Capable": false, "Scan Direction": "Forward", "Index Name": "partsupp_pkey", "Relation Name": "partsupp", "Alias": "partsupp", "Startup Cost": 10000000000.43, "Total Cost": 10000207781.56, "Plan Rows": 8000246, "Plan Width": 8}]}]}}, {"Plan": {"Node Type": "Aggregate", "Strategy": "Plain", "Partial Mode": "Finalize", "Parallel Aware": false, "Async Capable": false, "Startup Cost": 3255390.15, "Total Cost": 3255390.16, "Plan Rows": 1, "Plan Width": 8, "Actual Rows": 1, "Actual Loops": 1, "Plans": [{"Node Type": "Gather", "Parent Relationship": "Outer", "Parallel Aware": false, "Async Capable": false, "Startup Cost": 3255389.73, "Total Cost": 3255390.14, "Plan Rows": 4, "Plan Width": 8, "Actual Rows": 5, "Actual Loops": 1, "Workers Planned": 4, "Workers Launched": 4, "Single Copy": false, "Plans": [{"Node Type": "Aggregate", "Strategy": "Plain", "Partial Mode": "Partial", "Parent Relationship": "Outer", "Parallel Aware": false, "Async Capable": false, "Startup Cost": 3254389.73, "Total Cost": 3254389.74, "Plan Rows": 1, "Plan Width": 8, "Actual Rows": 1, "Actual Loops": 5, "Workers": [], "Plans": [{"Node Type": "Merge Join", "Parent Relationship": "Outer", "Parallel Aware": false, "Async Capable": false, "Join Type": "Inner", "Startup Cost": 3167325.27, "Total Cost": 3252666.06, "Plan Rows": 689468, "Plan Width": 0, "Actual Rows": 651523, "Actual Loops": 5, "Inner Unique": true, "Merge Cond": "(lineitem.l_orderkey = orders.o_orderkey)", "Workers": [], "Plans": [{"Node Type": "Sort", "Parent Relationship": "Outer", "Parallel Aware": false, "Async Capable": false, "Startup Cost": 763103.0, "Total Cost": 764826.67, "Plan Rows": 689468, "Plan Width": 4, "Actual Rows": 651523, "Actual Loops": 5, "Sort Key": ["lineitem.l_orderkey"], "Sort Method": "quicksort", "Sort Space Used": 24577, "Sort Space Type": "Memory", "Workers": [{"Worker Number": 0, "Sort Method": "quicksort", "Sort Space Used": 24577, "Sort Space Type": "Memory"}, {"Worker Number": 1, "Sort Method": "quicksort", "Sort Space Used": 24577, "Sort Space Type": "Memory"}, {"Worker Number": 2, "Sort Method": "quicksort", "Sort Space Used": 24577, "Sort Space Type": "Memory"}, {"Worker Number": 3, "Sort Method": "quicksort", "Sort Space Used": 24577, "Sort Space Type": "Memory"}], "Plans": [{"Node Type": "Nested Loop", "Parent Relationship": "Outer", "Parallel Aware": false, "Async Capable": false, "Join Type": "Inner", "Startup Cost": 275789.06, "Total Cost": 696241.41, "Plan Rows": 689468, "Plan Width": 4, "Actual Rows": 651523, "Actual Loops": 5, "Inner Unique": false, "Join Filter": "(supplier.s_suppkey = lineitem.l_suppkey)", "Rows Removed by Join Filter": 0, "Workers": [], "Plans": [{"Node Type": "Nested Loop", "Parent Relationship": "Outer", "Parallel Aware": false, "Async Capable": false, "Join Type": "Inner", "Startup Cost": 275788.57, "Total Cost": 280026.34, "Plan Rows": 92187, "Plan Width": 16, "Actual Rows": 86798, "Actual Loops": 5, "Inner Unique": true, "Workers": [], "Plans": [{"Node Type": "Merge Join", "Parent Relationship": "Outer", "Parallel Aware": false, "Async Capable": false, "Join Type": "Inner", "Startup Cost": 275788.42, "Total Cost": 277668.32, "Plan Rows": 92187, "Plan Width": 20, "Actual Rows": 86798, "Actual Loops": 5, "Inner Unique": true, "Merge Cond": "(partsupp.ps_suppkey = supplier.s_suppkey)", "Workers": [], "Plans": [{"Node Type": "Sort", "Parent Relationship": "Outer", "Parallel Aware": false, "Async Capable": false, "Startup Cost": 264219.59, "Total Cost": 264450.05, "Plan Rows": 92187, "Plan Width": 12, "Actual Rows": 86798, "Actual Loops": 5, "Sort Key": ["partsupp.ps_suppkey"], "Sort Method": "quicksort", "Sort Space Used": 6886, "Sort Space Type": "Memory", "Workers": [{"Worker Number": 0, "Sort Method": "quicksort", "Sort Space Used": 6560, "Sort Space Type": "Memory"}, {"Worker Number": 1, "Sort Method": "quicksort", "Sort Space Used": 6316, "Sort Space Type": "Memory"}, {"Worker Number": 2, "Sort Method": "quicksort", "Sort Space Used": 6265, "Sort Space Type": "Memory"}, {"Worker Number": 3, "Sort Method": "quicksort", "Sort Space Used": 6288, "Sort Space Type": "Memory"}], "Plans": [{"Node Type": "Nested Loop", "Parent Relationship": "Outer", "Parallel Aware": false, "Async Capable": false, "Join Type": "Inner", "Startup Cost": 0.99, "Total Cost": 256617.72, "Plan Rows": 92187, "Plan Width": 12, "Actual Rows": 86798, "Actual Loops": 5, "Inner Unique": false, "Workers": [], "Plans": [{"Node Type": "Seq Scan", "Parent Relationship": "Outer", "Parallel Aware": true, "Async Capable": false, "Relation Name": "part", "Alias": "part", "Startup Cost": 0.0, "Total Cost": 47242.0, "Plan Rows": 23046, "Plan Width": 4, "Actual Rows": 21699, "Actual Loops": 5, "Filter": "((p_name)::text ~~ '%light%'::text)", "Rows Removed by Filter": 378301, "Workers": []}, {"Node Type": "Bitmap Heap Scan", "Parent Relationship": "Inner", "Parallel Aware": false, "Async Capable": false, "Relation Name": "partsupp", "Alias": "partsupp", "Startup Cost": 0.99, "Total Cost": 9.04, "Plan Rows": 5, "Plan Width": 8, "Actual Rows": 4, "Actual Loops": 108497, "Recheck Cond": "(part.p_partkey = ps_partkey)", "Rows Removed by Index Recheck": 0, "Exact Heap Blocks": 26056, "Lossy Heap Blocks": 0, "Workers": [], "Plans": [{"Node Type": "Bitmap Index Scan", "Parent Relationship": "Outer", "Parallel Aware": false, "Async Capable": false, "Index Name": "idx_partsupp_partkey", "Startup Cost": 0.0, "Total Cost": 0.99, "Plan Rows": 5, "Plan Width": 0, "Actual Rows": 4, "Actual Loops": 108497, "Index Cond": "(ps_partkey = part.p_partkey)", "Workers": []}]}]}]}, {"Node Type": "Sort", "Parent Relationship": "Inner", "Parallel Aware": false, "Async Capable": false, "Startup Cost": 11568.82, "Total Cost": 11818.82, "Plan Rows": 100000, "Plan Width": 8, "Actual Rows": 100000, "Actual Loops": 5, "Sort Key": ["supplier.s_suppkey"], "Sort Method": "quicksort", "Sort Space Used": 6198, "Sort Space Type": "Memory", "Workers": [{"Worker Number": 0, "Sort Method": "quicksort", "Sort Space Used": 6198, "Sort Space Type": "Memory"}, {"Worker Number": 1, "Sort Method": "quicksort", "Sort Space Used": 6198, "Sort Space Type": "Memory"}, {"Worker Number": 2, "Sort Method": "quicksort", "Sort Space Used": 6198, "Sort Space Type": "Memory"}, {"Worker Number": 3, "Sort Method": "quicksort", "Sort Space Used": 6198, "Sort Space Type": "Memory"}], "Plans": [{"Node Type": "Seq Scan", "Parent Relationship": "Outer", "Parallel Aware": false, "Async Capable": false, "Relation Name": "supplier", "Alias": "supplier", "Startup Cost": 0.0, "Total Cost": 3264.0, "Plan Rows": 100000, "Plan Width": 8, "Actual Rows": 100000, "Actual Loops": 5, "Workers": []}]}]}, {"Node Type": "Memoize", "Parent Relationship": "Inner", "Parallel Aware": false, "Async Capable": false, "Startup Cost": 0.16, "Total Cost": 4.17, "Plan Rows": 1, "Plan Width": 4, "Actual Rows": 1, "Actual Loops": 433988, "Cache Key": "supplier.s_nationkey", "Cache Mode": "logical", "Cache Hits": 97603, "Cache Misses": 25, "Cache Evictions": 0, "Cache Overflows": 0, "Peak Memory Usage": 3, "Workers": [{"Worker Number": 0, "Cache Hits": 89267, "Cache Misses": 25, "Cache Evictions": 0, "Cache Overflows": 0, "Peak Memory Usage": 3}, {"Worker Number": 1, "Cache Hits": 83007, "Cache Misses": 25, "Cache Evictions": 0, "Cache Overflows": 0, "Peak Memory Usage": 3}, {"Worker Number": 2, "Cache Hits": 81703, "Cache Misses": 25, "Cache Evictions": 0, "Cache Overflows": 0, "Peak Memory Usage": 3}, {"Worker Number": 3, "Cache Hits": 82283, "Cache Misses": 25, "Cache Evictions": 0, "Cache Overflows": 0, "Peak Memory Usage": 3}], "Plans": [{"Node Type": "Bitmap Heap Scan", "Parent Relationship": "Outer", "Parallel Aware": false, "Async Capable": false, "Relation Name": "nation", "Alias": "nation", "Startup Cost": 0.15, "Total Cost": 4.16, "Plan Rows": 1, "Plan Width": 4, "Actual Rows": 1, "Actual Loops": 125, "Recheck Cond": "(supplier.s_nationkey = n_nationkey)", "Rows Removed by Index Recheck": 0, "Exact Heap Blocks": 25, "Lossy Heap Blocks": 0, "Workers": [], "Plans": [{"Node Type": "Bitmap Index Scan", "Parent Relationship": "Outer", "Parallel Aware": false, "Async Capable": false, "Index Name": "nation_pkey", "Startup Cost": 0.0, "Total Cost": 0.15, "Plan Rows": 1, "Plan Width": 0, "Actual Rows": 1, "Actual Loops": 125, "Index Cond": "(n_nationkey = supplier.s_nationkey)", "Workers": []}]}]}]}, {"Node Type": "Bitmap Heap Scan", "Parent Relationship": "Inner", "Parallel Aware": false, "Async Capable": false, "Relation Name": "lineitem", "Alias": "lineitem", "Startup Cost": 0.49, "Total Cost": 4.5, "Plan Rows": 1, "Plan Width": 12, "Actual Rows": 8, "Actual Loops": 433988, "Recheck Cond": "((l_partkey = partsupp.ps_partkey) AND (l_suppkey = partsupp.ps_suppkey))", "Rows Removed by Index Recheck": 0, "Exact Heap Blocks": 731835, "Lossy Heap Blocks": 0, "Workers": [], "Plans": [{"Node Type": "Bitmap Index Scan", "Parent Relationship": "Outer", "Parallel Aware": false, "Async Capable": false, "Index Name": "idx_lineitem_part_supp", "Startup Cost": 0.0, "Total Cost": 0.49, "Plan Rows": 1, "Plan Width": 0, "Actual Rows": 8, "Actual Loops": 433988, "Index Cond": "((l_partkey = partsupp.ps_partkey) AND (l_suppkey = partsupp.ps_suppkey))", "Workers": []}]}]}]}, {"Node Type": "Sort", "Parent Relationship": "Inner", "Parallel Aware": false, "Async Capable": false, "Startup Cost": 2404221.66, "Total Cost": 2441721.41, "Plan Rows": 14999899, "Plan Width": 4, "Actual Rows": 14999977, "Actual Loops": 5, "Sort Key": ["orders.o_orderkey"], "Sort Method": "external merge", "Sort Space Used": 176128, "Sort Space Type": "Disk", "Workers": [{"Worker Number": 0, "Sort Method": "external merge", "Sort Space Used": 176128, "Sort Space Type": "Disk"}, {"Worker Number": 1, "Sort Method": "external merge", "Sort Space Used": 176128, "Sort Space Type": "Disk"}, {"Worker Number": 2, "Sort Method": "external merge", "Sort Space Used": 176128, "Sort Space Type": "Disk"}, {"Worker Number": 3, "Sort Method": "external merge", "Sort Space Used": 176128, "Sort Space Type": "Disk"}], "Plans": [{"Node Type": "Seq Scan", "Parent Relationship": "Outer", "Parallel Aware": false, "Async Capable": false, "Relation Name": "orders", "Alias": "orders", "Startup Cost": 0.0, "Total Cost": 411270.99, "Plan Rows": 14999899, "Plan Width": 4, "Actual Rows": 15000000, "Actual Loops": 5, "Workers": []}]}]}]}]}]}, "Planning Time": 4.999, "Triggers": [], "Execution Time": 13153.639}, {"Plan": {"Node Type": "Aggregate", "Strategy": "Plain", "Partial Mode": "Finalize", "Parallel Aware": false, "Async Capable": false, "Startup Cost": 6398412.92, "Total Cost": 6398412.93, "Plan Rows": 1, "Plan Width": 8, "Actual Rows": 1, "Actual Loops": 1, "Plans": [{"Node Type": "Gather", "Parent Relationship": "Outer", "Parallel Aware": false, "Async Capable": false, "Startup Cost": 6398412.19, "Total Cost": 6398412.9, "Plan Rows": 7, "Plan Width": 8, "Actual Rows": 8, "Actual Loops": 1, "Workers Planned": 7, "Workers Launched": 7, "Single Copy": false, "Plans": [{"Node Type": "Aggregate", "Strategy": "Plain", "Partial Mode": "Partial", "Parent Relationship": "Outer", "Parallel Aware": false, "Async Capable": false, "Startup Cost": 6397412.19, "Total Cost": 6397412.2, "Plan Rows": 1, "Plan Width": 8, "Actual Rows": 1, "Actual Loops": 8, "Workers": [], "Plans": [{"Node Type": "Merge Join", "Parent Relationship": "Outer", "Parallel Aware": false, "Async Capable": false, "Join Type": "Inner", "Startup Cost": 6315518.69, "Total Cost": 6396427.24, "Plan Rows": 393982, "Plan Width": 0, "Actual Rows": 407202, "Actual Loops": 8, "Inner Unique": true, "Merge Cond": "(lineitem.l_orderkey = orders.o_orderkey)", "Workers": [], "Plans": [{"Node Type": "Sort", "Parent Relationship": "Outer", "Parallel Aware": false, "Async Capable": false, "Startup Cost": 3911296.42, "Total Cost": 3912281.38, "Plan Rows": 393982, "Plan Width": 4, "Actual Rows": 407202, "Actual Loops": 8, "Sort Key": ["lineitem.l_orderkey"], "Sort Method": "quicksort", "Sort Space Used": 12289, "Sort Space Type": "Memory", "Workers": [{"Worker Number": 0, "Sort Method": "quicksort", "Sort Space Used": 12289, "Sort Space Type": "Memory"}, {"Worker Number": 1, "Sort Method": "quicksort", "Sort Space Used": 12289, "Sort Space Type": "Memory"}, {"Worker Number": 2, "Sort Method": "quicksort", "Sort Space Used": 12289, "Sort Space Type": "Memory"}, {"Worker Number": 3, "Sort Method": "quicksort", "Sort Space Used": 12289, "Sort Space Type": "Memory"}, {"Worker Number": 4, "Sort Method": "quicksort", "Sort Space Used": 12289, "Sort Space Type": "Memory"}, {"Worker Number": 5, "Sort Method": "quicksort", "Sort Space Used": 12289, "Sort Space Type": "Memory"}, {"Worker Number": 6, "Sort Method": "quicksort", "Sort Space Used": 12289, "Sort Space Type": "Memory"}], "Plans": [{"Node Type": "Merge Join", "Parent Relationship": "Outer", "Parallel Aware": false, "Async Capable": false, "Join Type": "Inner", "Startup Cost": 3804821.18, "Total Cost": 3874680.19, "Plan Rows": 393982, "Plan Width": 4, "Actual Rows": 407202, "Actual Loops": 8, "Inner Unique": false, "Merge Cond": "(lineitem.l_suppkey = supplier.s_suppkey)", "Workers": [], "Plans": [{"Node Type": "Merge Join", "Parent Relationship": "Outer", "Parallel Aware": false, "Async Capable": false, "Join Type": "Inner", "Startup Cost": 3783444.29, "Total Cost": 3846408.66, "Plan Rows": 394998, "Plan Width": 12, "Actual Rows": 407202, "Actual Loops": 8, "Inner Unique": true, "Merge Cond": "((lineitem.l_suppkey = partsupp.ps_suppkey) AND (lineitem.l_partkey = partsupp.ps_partkey))", "Workers": [], "Plans": [{"Node Type": "Sort", "Parent Relationship": "Outer", "Parallel Aware": false, "Async Capable": false, "Startup Cost": 2501714.55, "Total Cost": 2502702.05, "Plan Rows": 394998, "Plan Width": 16, "Actual Rows": 407202, "Actual Loops": 8, "Sort Key": ["lineitem.l_suppkey", "part.p_partkey"], "Sort Method": "quicksort", "Sort Space Used": 31292, "Sort Space Type": "Memory", "Workers": [{"Worker Number": 0, "Sort Method": "quicksort", "Sort Space Used": 25347, "Sort Space Type": "Memory"}, {"Worker Number": 1, "Sort Method": "quicksort", "Sort Space Used": 30955, "Sort Space Type": "Memory"}, {"Worker Number": 2, "Sort Method": "quicksort", "Sort Space Used": 31009, "Sort Space Type": "Memory"}, {"Worker Number": 3, "Sort Method": "quicksort", "Sort Space Used": 25485, "Sort Space Type": "Memory"}, {"Worker Number": 4, "Sort Method": "quicksort", "Sort Space Used": 30847, "Sort Space Type": "Memory"}, {"Worker Number": 5, "Sort Method": "quicksort", "Sort Space Used": 25272, "Sort Space Type": "Memory"}, {"Worker Number": 6, "Sort Method": "quicksort", "Sort Space Used": 25350, "Sort Space Type": "Memory"}], "Plans": [{"Node Type": "Merge Join", "Parent Relationship": "Outer", "Parallel Aware": false, "Async Capable": false, "Join Type": "Inner", "Startup Cost": 2417738.29, "Total Cost": 2464996.55, "Plan Rows": 394998, "Plan Width": 16, "Actual Rows": 407202, "Actual Loops": 8, "Inner Unique": true, "Merge Cond": "(lineitem.l_partkey = part.p_partkey)", "Workers": [], "Plans": [{"Node Type": "Sort", "Parent Relationship": "Outer", "Parallel Aware": false, "Async Capable": false, "Startup Cost": 2344144.23, "Total Cost": 2365568.67, "Plan Rows": 8569775, "Plan Width": 12, "Actual Rows": 7498123, "Actual Loops": 8, "Sort Key": ["lineitem.l_partkey"], "Sort Method": "external merge", "Sort Space Used": 192816, "Sort Space Type": "Disk", "Workers": [{"Worker Number": 0, "Sort Method": "external merge", "Sort Space Used": 132816, "Sort Space Type": "Disk"}, {"Worker Number": 1, "Sort Method": "external merge", "Sort Space Used": 189504, "Sort Space Type": "Disk"}, {"Worker Number": 2, "Sort Method": "external merge", "Sort Space Used": 189976, "Sort Space Type": "Disk"}, {"Worker Number": 3, "Sort Method": "external merge", "Sort Space Used": 133696, "Sort Space Type": "Disk"}, {"Worker Number": 4, "Sort Method": "external merge", "Sort Space Used": 188104, "Sort Space Type": "Disk"}, {"Worker Number": 5, "Sort Method": "external merge", "Sort Space Used": 131648, "Sort Space Type": "Disk"}, {"Worker Number": 6, "Sort Method": "external merge", "Sort Space Used": 132816, "Sort Space Type": "Disk"}], "Plans": [{"Node Type": "Seq Scan", "Parent Relationship": "Outer", "Parallel Aware": true, "Async Capable": false, "Relation Name": "lineitem", "Alias": "lineitem", "Startup Cost": 0.0, "Total Cost": 1210841.75, "Plan Rows": 8569775, "Plan Width": 12, "Actual Rows": 7498256, "Actual Loops": 8, "Workers": []}]}, {"Node Type": "Sort", "Parent Relationship": "Inner", "Parallel Aware": false, "Async Capable": false, "Startup Cost": 73593.6, "Total Cost": 73824.06, "Plan Rows": 92184, "Plan Width": 4, "Actual Rows": 108497, "Actual Loops": 8, "Sort Key": ["part.p_partkey"], "Sort Method": "quicksort", "Sort Space Used": 3073, "Sort Space Type": "Memory", "Workers": [{"Worker Number": 0, "Sort Method": "quicksort", "Sort Space Used": 3073, "Sort Space Type": "Memory"}, {"Worker Number": 1, "Sort Method": "quicksort", "Sort Space Used": 3073, "Sort Space Type": "Memory"}, {"Worker Number": 2, "Sort Method": "quicksort", "Sort Space Used": 3073, "Sort Space Type": "Memory"}, {"Worker Number": 3, "Sort Method": "quicksort", "Sort Space Used": 3073, "Sort Space Type": "Memory"}, {"Worker Number": 4, "Sort Method": "quicksort", "Sort Space Used": 3073, "Sort Space Type": "Memory"}, {"Worker Number": 5, "Sort Method": "quicksort", "Sort Space Used": 3073, "Sort Space Type": "Memory"}, {"Worker Number": 6, "Sort Method": "quicksort", "Sort Space Used": 3073, "Sort Space Type": "Memory"}], "Plans": [{"Node Type": "Seq Scan", "Parent Relationship": "Outer", "Parallel Aware": false, "Async Capable": false, "Relation Name": "part", "Alias": "part", "Startup Cost": 0.0, "Total Cost": 65992.0, "Plan Rows": 92184, "Plan Width": 4, "Actual Rows": 108497, "Actual Loops": 8, "Filter": "((p_name)::text ~~ '%light%'::text)", "Rows Removed by Filter": 1891503, "Workers": []}]}]}]}, {"Node Type": "Sort", "Parent Relationship": "Inner", "Parallel Aware": false, "Async Capable": false, "Startup Cost": 1281729.68, "Total Cost": 1301730.3, "Plan Rows": 8000246, "Plan Width": 8, "Actual Rows": 7999994, "Actual Loops": 8, "Sort Key": ["partsupp.ps_suppkey", "partsupp.ps_partkey"], "Sort Method": "external merge", "Sort Space Used": 140912, "Sort Space Type": "Disk", "Workers": [{"Worker Number": 0, "Sort Method": "external merge", "Sort Space Used": 140912, "Sort Space Type": "Disk"}, {"Worker Number": 1, "Sort Method": "external merge", "Sort Space Used": 140912, "Sort Space Type": "Disk"}, {"Worker Number": 2, "Sort Method": "external merge", "Sort Space Used": 140912, "Sort Space Type": "Disk"}, {"Worker Number": 3, "Sort Method": "external merge", "Sort Space Used": 140912, "Sort Space Type": "Disk"}, {"Worker Number": 4, "Sort Method": "external merge", "Sort Space Used": 140912, "Sort Space Type": "Disk"}, {"Worker Number": 5, "Sort Method": "external merge", "Sort Space Used": 140912, "Sort Space Type": "Disk"}, {"Worker Number": 6, "Sort Method": "external merge", "Sort Space Used": 140912, "Sort Space Type": "Disk"}], "Plans": [{"Node Type": "Seq Scan", "Parent Relationship": "Outer", "Parallel Aware": false, "Async Capable": false, "Relation Name": "partsupp", "Alias": "partsupp", "Startup Cost": 0.0, "Total Cost": 255058.46, "Plan Rows": 8000246, "Plan Width": 8, "Actual Rows": 8000000, "Actual Loops": 8, "Workers": []}]}]}, {"Node Type": "Sort", "Parent Relationship": "Inner", "Parallel Aware": false, "Async Capable": false, "Startup Cost": 21375.6, "Total Cost": 21625.6, "Plan Rows": 100000, "Plan Width": 4, "Actual Rows": 414509, "Actual Loops": 8, "Sort Key": ["supplier.s_suppkey"], "Sort Method": "quicksort", "Sort Space Used": 3073, "Sort Space Type": "Memory", "Workers": [{"Worker Number": 0, "Sort Method": "quicksort", "Sort Space Used": 3073, "Sort Space Type": "Memory"}, {"Worker Number": 1, "Sort Method": "quicksort", "Sort Space Used": 3073, "Sort Space Type": "Memory"}, {"Worker Number": 2, "Sort Method": "quicksort", "Sort Space Used": 3073, "Sort Space Type": "Memory"}, {"Worker Number": 3, "Sort Method": "quicksort", "Sort Space Used": 3073, "Sort Space Type": "Memory"}, {"Worker Number": 4, "Sort Method": "quicksort", "Sort Space Used": 3073, "Sort Space Type": "Memory"}, {"Worker Number": 5, "Sort Method": "quicksort", "Sort Space Used": 3073, "Sort Space Type": "Memory"}, {"Worker Number": 6, "Sort Method": "quicksort", "Sort Space Used": 3073, "Sort Space Type": "Memory"}], "Plans": [{"Node Type": "Merge Join", "Parent Relationship": "Outer", "Parallel Aware": false, "Async Capable": false, "Join Type": "Inner", "Startup Cost": 11570.65, "Total Cost": 13070.78, "Plan Rows": 100000, "Plan Width": 4, "Actual Rows": 100000, "Actual Loops": 8, "Inner Unique": true, "Merge Cond": "(supplier.s_nationkey = nation.n_nationkey)", "Workers": [], "Plans": [{"Node Type": "Sort", "Parent Relationship": "Outer", "Parallel Aware": false, "Async Capable": false, "Startup Cost": 11568.82, "Total Cost": 11818.82, "Plan Rows": 100000, "Plan Width": 8, "Actual Rows": 100000, "Actual Loops": 8, "Sort Key": ["supplier.s_nationkey"], "Sort Method": "quicksort", "Sort Space Used": 6198, "Sort Space Type": "Memory", "Workers": [{"Worker Number": 0, "Sort Method": "quicksort", "Sort Space Used": 6198, "Sort Space Type": "Memory"}, {"Worker Number": 1, "Sort Method": "quicksort", "Sort Space Used": 6198, "Sort Space Type": "Memory"}, {"Worker Number": 2, "Sort Method": "quicksort", "Sort Space Used": 6198, "Sort Space Type": "Memory"}, {"Worker Number": 3, "Sort Method": "quicksort", "Sort Space Used": 6198, "Sort Space Type": "Memory"}, {"Worker Number": 4, "Sort Method": "quicksort", "Sort Space Used": 6198, "Sort Space Type": "Memory"}, {"Worker Number": 5, "Sort Method": "quicksort", "Sort Space Used": 6198, "Sort Space Type": "Memory"}, {"Worker Number": 6, "Sort Method": "quicksort", "Sort Space Used": 6198, "Sort Space Type": "Memory"}], "Plans": [{"Node Type": "Seq Scan", "Parent Relationship": "Outer", "Parallel Aware": false, "Async Capable": false, "Relation Name": "supplier", "Alias": "supplier", "Startup Cost": 0.0, "Total Cost": 3264.0, "Plan Rows": 100000, "Plan Width": 8, "Actual Rows": 100000, "Actual Loops": 8, "Workers": []}]}, {"Node Type": "Sort", "Parent Relationship": "Inner", "Parallel Aware": false, "Async Capable": false, "Startup Cost": 1.83, "Total Cost": 1.89, "Plan Rows": 25, "Plan Width": 4, "Actual Rows": 25, "Actual Loops": 8, "Sort Key": ["nation.n_nationkey"], "Sort Method": "quicksort", "Sort Space Used": 25, "Sort Space Type": "Memory", "Workers": [{"Worker Number": 0, "Sort Method": "quicksort", "Sort Space Used": 25, "Sort Space Type": "Memory"}, {"Worker Number": 1, "Sort Method": "quicksort", "Sort Space Used": 25, "Sort Space Type": "Memory"}, {"Worker Number": 2, "Sort Method": "quicksort", "Sort Space Used": 25, "Sort Space Type": "Memory"}, {"Worker Number": 3, "Sort Method": "quicksort", "Sort Space Used": 25, "Sort Space Type": "Memory"}, {"Worker Number": 4, "Sort Method": "quicksort", "Sort Space Used": 25, "Sort Space Type": "Memory"}, {"Worker Number": 5, "Sort Method": "quicksort", "Sort Space Used": 25, "Sort Space Type": "Memory"}, {"Worker Number": 6, "Sort Method": "quicksort", "Sort Space Used": 25, "Sort Space Type": "Memory"}], "Plans": [{"Node Type": "Seq Scan", "Parent Relationship": "Outer", "Parallel Aware": false, "Async Capable": false, "Relation Name": "nation", "Alias": "nation", "Startup Cost": 0.0, "Total Cost": 1.25, "Plan Rows": 25, "Plan Width": 4, "Actual Rows": 25, "Actual Loops": 8, "Workers": []}]}]}]}]}]}, {"Node Type": "Sort", "Parent Relationship": "Inner", "Parallel Aware": false, "Async Capable": false, "Startup Cost": 2404221.66, "Total Cost": 2441721.41, "Plan Rows": 14999899, "Plan Width": 4, "Actual Rows": 14639882, "Actual Loops": 8, "Sort Key": ["orders.o_orderkey"], "Sort Method": "external merge", "Sort Space Used": 176128, "Sort Space Type": "Disk", "Workers": [{"Worker Number": 0, "Sort Method": "external merge", "Sort Space Used": 176128, "Sort Space Type": "Disk"}, {"Worker Number": 1, "Sort Method": "external merge", "Sort Space Used": 176128, "Sort Space Type": "Disk"}, {"Worker Number": 2, "Sort Method": "external merge", "Sort Space Used": 176128, "Sort Space Type": "Disk"}, {"Worker Number": 3, "Sort Method": "external merge", "Sort Space Used": 176128, "Sort Space Type": "Disk"}, {"Worker Number": 4, "Sort Method": "external merge", "Sort Space Used": 176128, "Sort Space Type": "Disk"}, {"Worker Number": 5, "Sort Method": "external merge", "Sort Space Used": 176128, "Sort Space Type": "Disk"}, {"Worker Number": 6, "Sort Method": "external merge", "Sort Space Used": 176128, "Sort Space Type": "Disk"}], "Plans": [{"Node Type": "Seq Scan", "Parent Relationship": "Outer", "Parallel Aware": false, "Async Capable": false, "Relation Name": "orders", "Alias": "orders", "Startup Cost": 0.0, "Total Cost": 411270.99, "Plan Rows": 14999899, "Plan Width": 4, "Actual Rows": 15000000, "Actual Loops": 8, "Workers": []}]}]}]}]}]}, "Planning Time": 5.259, "Triggers": [], "Execution Time": 25690.189}, {"Plan": {"Node Type": "Aggregate", "Strategy": "Plain", "Partial Mode": "Finalize", "Parallel Aware": false, "Async Capable": false, "Startup Cost": 4149146.33, "Total Cost": 4149146.34, "Plan Rows": 1, "Plan Width": 8, "Actual Rows": 1, "Actual Loops": 1, "Plans": [{"Node Type": "Gather", "Parent Relationship": "Outer", "Parallel Aware": false, "Async Capable": false, "Startup Cost": 4149145.91, "Total Cost": 4149146.32, "Plan Rows": 4, "Plan Width": 8, "Actual Rows": 5, "Actual Loops": 1, "Workers Planned": 4, "Workers Launched": 4, "Single Copy": false, "Plans": [{"Node Type": "Aggregate", "Strategy": "Plain", "Partial Mode": "Partial", "Parent Relationship": "Outer", "Parallel Aware": false, "Async Capable": false, "Startup Cost": 4148145.91, "Total Cost": 4148145.92, "Plan Rows": 1, "Plan Width": 8, "Actual Rows": 1, "Actual Loops": 5, "Workers": [], "Plans": [{"Node Type": "Nested Loop", "Parent Relationship": "Outer", "Parallel Aware": false, "Async Capable": false, "Join Type": "Inner", "Startup Cost": 2.38, "Total Cost": 4146422.24, "Plan Rows": 689468, "Plan Width": 0, "Actual Rows": 651523, "Actual Loops": 5, "Inner Unique": true, "Workers": [], "Plans": [{"Node Type": "Nested Loop", "Parent Relationship": "Outer", "Parallel Aware": false, "Async Capable": false, "Join Type": "Inner", "Startup Cost": 1.94, "Total Cost": 1072779.0, "Plan Rows": 689468, "Plan Width": 4, "Actual Rows": 651523, "Actual Loops": 5, "Inner Unique": false, "Join Filter": "(supplier.s_suppkey = lineitem.l_suppkey)", "Rows Removed by Join Filter": 0, "Workers": [], "Plans": [{"Node Type": "Nested Loop", "Parent Relationship": "Outer", "Parallel Aware": false, "Async Capable": false, "Join Type": "Inner", "Startup Cost": 1.45, "Total Cost": 656563.93, "Plan Rows": 92187, "Plan Width": 16, "Actual Rows": 86798, "Actual Loops": 5, "Inner Unique": true, "Workers": [], "Plans": [{"Node Type": "Nested Loop", "Parent Relationship": "Outer", "Parallel Aware": false, "Async Capable": false, "Join Type": "Inner", "Startup Cost": 1.29, "Total Cost": 654205.91, "Plan Rows": 92187, "Plan Width": 20, "Actual Rows": 86798, "Actual Loops": 5, "Inner Unique": true, "Workers": [], "Plans": [{"Node Type": "Nested Loop", "Parent Relationship": "Outer", "Parallel Aware": false, "Async Capable": false, "Join Type": "Inner", "Startup Cost": 0.99, "Total Cost": 256617.72, "Plan Rows": 92187, "Plan Width": 12, "Actual Rows": 86798, "Actual Loops": 5, "Inner Unique": false, "Workers": [], "Plans": [{"Node Type": "Seq Scan", "Parent Relationship": "Outer", "Parallel Aware": true, "Async Capable": false, "Relation Name": "part", "Alias": "part", "Startup Cost": 0.0, "Total Cost": 47242.0, "Plan Rows": 23046, "Plan Width": 4, "Actual Rows": 21699, "Actual Loops": 5, "Filter": "((p_name)::text ~~ '%light%'::text)", "Rows Removed by Filter": 378301, "Workers": []}, {"Node Type": "Bitmap Heap Scan", "Parent Relationship": "Inner", "Parallel Aware": false, "Async Capable": false, "Relation Name": "partsupp", "Alias": "partsupp", "Startup Cost": 0.99, "Total Cost": 9.04, "Plan Rows": 5, "Plan Width": 8, "Actual Rows": 4, "Actual Loops": 108497, "Recheck Cond": "(part.p_partkey = ps_partkey)", "Rows Removed by Index Recheck": 0, "Exact Heap Blocks": 25835, "Lossy Heap Blocks": 0, "Workers": [], "Plans": [{"Node Type": "Bitmap Index Scan", "Parent Relationship": "Outer", "Parallel Aware": false, "Async Capable": false, "Index Name": "idx_partsupp_partkey", "Startup Cost": 0.0, "Total Cost": 0.99, "Plan Rows": 5, "Plan Width": 0, "Actual Rows": 4, "Actual Loops": 108497, "Index Cond": "(ps_partkey = part.p_partkey)", "Workers": []}]}]}, {"Node Type": "Bitmap Heap Scan", "Parent Relationship": "Inner", "Parallel Aware": false, "Async Capable": false, "Relation Name": "supplier", "Alias": "supplier", "Startup Cost": 0.3, "Total Cost": 4.31, "Plan Rows": 1, "Plan Width": 8, "Actual Rows": 1, "Actual Loops": 433988, "Recheck Cond": "(s_suppkey = partsupp.ps_suppkey)", "Rows Removed by Index Recheck": 0, "Exact Heap Blocks": 96536, "Lossy Heap Blocks": 0, "Workers": [], "Plans": [{"Node Type": "Bitmap Index Scan", "Parent Relationship": "Outer", "Parallel Aware": false, "Async Capable": false, "Index Name": "supplier_pkey", "Startup Cost": 0.0, "Total Cost": 0.3, "Plan Rows": 1, "Plan Width": 0, "Actual Rows": 1, "Actual Loops": 433988, "Index Cond": "(s_suppkey = partsupp.ps_suppkey)", "Workers": []}]}]}, {"Node Type": "Memoize", "Parent Relationship": "Inner", "Parallel Aware": false, "Async Capable": false, "Startup Cost": 0.16, "Total Cost": 4.17, "Plan Rows": 1, "Plan Width": 4, "Actual Rows": 1, "Actual Loops": 433988, "Cache Key": "supplier.s_nationkey", "Cache Mode": "logical", "Cache Hits": 96511, "Cache Misses": 25, "Cache Evictions": 0, "Cache Overflows": 0, "Peak Memory Usage": 3, "Workers": [{"Worker Number": 0, "Cache Hits": 83411, "Cache Misses": 25, "Cache Evictions": 0, "Cache Overflows": 0, "Peak Memory Usage": 3}, {"Worker Number": 1, "Cache Hits": 84971, "Cache Misses": 25, "Cache Evictions": 0, "Cache Overflows": 0, "Peak Memory Usage": 3}, {"Worker Number": 2, "Cache Hits": 85883, "Cache Misses": 25, "Cache Evictions": 0, "Cache Overflows": 0, "Peak Memory Usage": 3}, {"Worker Number": 3, "Cache Hits": 83087, "Cache Misses": 25, "Cache Evictions": 0, "Cache Overflows": 0, "Peak Memory Usage": 3}], "Plans": [{"Node Type": "Bitmap Heap Scan", "Parent Relationship": "Outer", "Parallel Aware": false, "Async Capable": false, "Relation Name": "nation", "Alias": "nation", "Startup Cost": 0.15, "Total Cost": 4.16, "Plan Rows": 1, "Plan Width": 4, "Actual Rows": 1, "Actual Loops": 125, "Recheck Cond": "(supplier.s_nationkey = n_nationkey)", "Rows Removed by Index Recheck": 0, "Exact Heap Blocks": 25, "Lossy Heap Blocks": 0, "Workers": [], "Plans": [{"Node Type": "Bitmap Index Scan", "Parent Relationship": "Outer", "Parallel Aware": false, "Async Capable": false, "Index Name": "nation_pkey", "Startup Cost": 0.0, "Total Cost": 0.15, "Plan Rows": 1, "Plan Width": 0, "Actual Rows": 1, "Actual Loops": 125, "Index Cond": "(n_nationkey = supplier.s_nationkey)", "Workers": []}]}]}]}, {"Node Type": "Bitmap Heap Scan", "Parent Relationship": "Inner", "Parallel Aware": false, "Async Capable": false, "Relation Name": "lineitem", "Alias": "lineitem", "Startup Cost": 0.49, "Total Cost": 4.5, "Plan Rows": 1, "Plan Width": 12, "Actual Rows": 8, "Actual Loops": 433988, "Recheck Cond": "((l_partkey = partsupp.ps_partkey) AND (l_suppkey = partsupp.ps_suppkey))", "Rows Removed by Index Recheck": 0, "Exact Heap Blocks": 725453, "Lossy Heap Blocks": 0, "Workers": [], "Plans": [{"Node Type": "Bitmap Index Scan", "Parent Relationship": "Outer", "Parallel Aware": false, "Async Capable": false, "Index Name": "idx_lineitem_part_supp", "Startup Cost": 0.0, "Total Cost": 0.49, "Plan Rows": 1, "Plan Width": 0, "Actual Rows": 8, "Actual Loops": 433988, "Index Cond": "((l_partkey = partsupp.ps_partkey) AND (l_suppkey = partsupp.ps_suppkey))", "Workers": []}]}]}, {"Node Type": "Bitmap Heap Scan", "Parent Relationship": "Inner", "Parallel Aware": false, "Async Capable": false, "Relation Name": "orders", "Alias": "orders", "Startup Cost": 0.45, "Total Cost": 4.46, "Plan Rows": 1, "Plan Width": 4, "Actual Rows": 1, "Actual Loops": 3257615, "Recheck Cond": "(lineitem.l_orderkey = o_orderkey)", "Rows Removed by Index Recheck": 0, "Exact Heap Blocks": 725455, "Lossy Heap Blocks": 0, "Workers": [], "Plans": [{"Node Type": "Bitmap Index Scan", "Parent Relationship": "Outer", "Parallel Aware": false, "Async Capable": false, "Index Name": "orders_pkey", "Startup Cost": 0.0, "Total Cost": 0.45, "Plan Rows": 1, "Plan Width": 0, "Actual Rows": 1, "Actual Loops": 3257615, "Index Cond": "(o_orderkey = lineitem.l_orderkey)", "Workers": []}]}]}]}]}]}, "Planning Time": 5.111, "Triggers": [], "Execution Time": 18329.985}, {"Plan": {"Node Type": "Aggregate", "Strategy": "Plain", "Partial Mode": "Finalize", "Parallel Aware": false, "Async Capable": false, "Startup Cost": 4350519.45, "Total Cost": 4350519.46, "Plan Rows": 1, "Plan Width": 8, "Actual Rows": 1, "Actual Loops": 1, "Plans": [{"Node Type": "Gather", "Parent Relationship": "Outer", "Parallel Aware": false, "Async Capable": false, "Startup Cost": 4350518.72, "Total Cost": 4350519.43, "Plan Rows": 7, "Plan Width": 8, "Actual Rows": 8, "Actual Loops": 1, "Workers Planned": 7, "Workers Launched": 7, "Single Copy": false, "Plans": [{"Node Type": "Aggregate", "Strategy": "Plain", "Partial Mode": "Partial", "Parent Relationship": "Outer", "Parallel Aware": false, "Async Capable": false, "Startup Cost": 4349518.72, "Total Cost": 4349518.73, "Plan Rows": 1, "Plan Width": 8, "Actual Rows": 1, "Actual Loops": 8, "Workers": [], "Plans": [{"Node Type": "Merge Join", "Parent Relationship": "Outer", "Parallel Aware": false, "Async Capable": false, "Join Type": "Inner", "Startup Cost": 3654332.34, "Total Cost": 4348533.77, "Plan Rows": 393982, "Plan Width": 0, "Actual Rows": 407202, "Actual Loops": 8, "Inner Unique": true, "Merge Cond": "(lineitem.l_orderkey = orders.o_orderkey)", "Workers": [], "Plans": [{"Node Type": "Sort", "Parent Relationship": "Outer", "Parallel Aware": false, "Async Capable": false, "Startup Cost": 3654326.35, "Total Cost": 3655311.3, "Plan Rows": 393982, "Plan Width": 4, "Actual Rows": 407202, "Actual Loops": 8, "Sort Key": ["lineitem.l_orderkey"], "Sort Method": "quicksort", "Sort Space Used": 12289, "Sort Space Type": "Memory", "Workers": [{"Worker Number": 0, "Sort Method": "quicksort", "Sort Space Used": 12289, "Sort Space Type": "Memory"}, {"Worker Number": 1, "Sort Method": "quicksort", "Sort Space Used": 12289, "Sort Space Type": "Memory"}, {"Worker Number": 2, "Sort Method": "quicksort", "Sort Space Used": 12289, "Sort Space Type": "Memory"}, {"Worker Number": 3, "Sort Method": "quicksort", "Sort Space Used": 12289, "Sort Space Type": "Memory"}, {"Worker Number": 4, "Sort Method": "quicksort", "Sort Space Used": 12289, "Sort Space Type": "Memory"}, {"Worker Number": 5, "Sort Method": "quicksort", "Sort Space Used": 12289, "Sort Space Type": "Memory"}, {"Worker Number": 6, "Sort Method": "quicksort", "Sort Space Used": 12289, "Sort Space Type": "Memory"}], "Plans": [{"Node Type": "Merge Join", "Parent Relationship": "Outer", "Parallel Aware": false, "Async Capable": false, "Join Type": "Inner", "Startup Cost": 3543779.13, "Total Cost": 3617710.11, "Plan Rows": 393982, "Plan Width": 4, "Actual Rows": 407202, "Actual Loops": 8, "Inner Unique": false, "Merge Cond": "(lineitem.l_suppkey = supplier.s_suppkey)", "Workers": [], "Plans": [{"Node Type": "Merge Join", "Parent Relationship": "Outer", "Parallel Aware": false, "Async Capable": false, "Join Type": "Inner", "Startup Cost": 3523313.54, "Total Cost": 3590350.05, "Plan Rows": 394998, "Plan Width": 12, "Actual Rows": 407202, "Actual Loops": 8, "Inner Unique": false, "Merge Cond": "((lineitem.l_suppkey = partsupp.ps_suppkey) AND (lineitem.l_partkey = partsupp.ps_partkey))", "Workers": [], "Plans": [{"Node Type": "Sort", "Parent Relationship": "Outer", "Parallel Aware": false, "Async Capable": false, "Startup Cost": 3024185.91, "Total Cost": 3045610.35, "Plan Rows": 8569775, "Plan Width": 12, "Actual Rows": 7498256, "Actual Loops": 8, "Sort Key": ["lineitem.l_suppkey", "lineitem.l_partkey"], "Sort Method": "external merge", "Sort Space Used": 195368, "Sort Space Type": "Disk", "Workers": [{"Worker Number": 0, "Sort Method": "external merge", "Sort Space Used": 187968, "Sort Space Type": "Disk"}, {"Worker Number": 1, "Sort Method": "external merge", "Sort Space Used": 166088, "Sort Space Type": "Disk"}, {"Worker Number": 2, "Sort Method": "external merge", "Sort Space Used": 138776, "Sort Space Type": "Disk"}, {"Worker Number": 3, "Sort Method": "external merge", "Sort Space Used": 136592, "Sort Space Type": "Disk"}, {"Worker Number": 4, "Sort Method": "external merge", "Sort Space Used": 195368, "Sort Space Type": "Disk"}, {"Worker Number": 5, "Sort Method": "external merge", "Sort Space Used": 140216, "Sort Space Type": "Disk"}, {"Worker Number": 6, "Sort Method": "external merge", "Sort Space Used": 130984, "Sort Space Type": "Disk"}], "Plans": [{"Node Type": "Index Scan", "Parent Relationship": "Outer", "Parallel Aware": true, "Async Capable": false, "Scan Direction": "Forward", "Index Name": "idx_lineitem_orderkey", "Relation Name": "lineitem", "Alias": "lineitem", "Startup Cost": 0.56, "Total Cost": 1890883.43, "Plan Rows": 8569775, "Plan Width": 12, "Actual Rows": 7498256, "Actual Loops": 8, "Workers": []}]}, {"Node Type": "Sort", "Parent Relationship": "Inner", "Parallel Aware": false, "Async Capable": false, "Startup Cost": 499126.34, "Total Cost": 500048.21, "Plan Rows": 368747, "Plan Width": 12, "Actual Rows": 578676, "Actual Loops": 8, "Sort Key": ["partsupp.ps_suppkey", "part.p_partkey"], "Sort Method": "quicksort", "Sort Space Used": 29241, "Sort Space Type": "Memory", "Workers": [{"Worker Number": 0, "Sort Method": "quicksort", "Sort Space Used": 29241, "Sort Space Type": "Memory"}, {"Worker Number": 1, "Sort Method": "quicksort", "Sort Space Used": 29241, "Sort Space Type": "Memory"}, {"Worker Number": 2, "Sort Method": "quicksort", "Sort Space Used": 29241, "Sort Space Type": "Memory"}, {"Worker Number": 3, "Sort Method": "quicksort", "Sort Space Used": 29241, "Sort Space Type": "Memory"}, {"Worker Number": 4, "Sort Method": "quicksort", "Sort Space Used": 29241, "Sort Space Type": "Memory"}, {"Worker Number": 5, "Sort Method": "quicksort", "Sort Space Used": 29241, "Sort Space Type": "Memory"}, {"Worker Number": 6, "Sort Method": "quicksort", "Sort Space Used": 29241, "Sort Space Type": "Memory"}], "Plans": [{"Node Type": "Merge Join", "Parent Relationship": "Outer", "Parallel Aware": false, "Async Capable": false, "Join Type": "Inner", "Startup Cost": 5.4, "Total Cost": 465031.49, "Plan Rows": 368747, "Plan Width": 12, "Actual Rows": 433988, "Actual Loops": 8, "Inner Unique": false, "Merge Cond": "(part.p_partkey = partsupp.ps_partkey)", "Workers": [], "Plans": [{"Node Type": "Index Scan", "Parent Relationship": "Outer", "Parallel Aware": false, "Async Capable": false, "Scan Direction": "Forward", "Index Name": "part_pkey", "Relation Name": "part", "Alias": "part", "Startup Cost": 0.43, "Total Cost": 97943.62, "Plan Rows": 92184, "Plan Width": 4, "Actual Rows": 108497, "Actual Loops": 8, "Filter": "((p_name)::text ~~ '%light%'::text)", "Rows Removed by Filter": 1891503, "Workers": []}, {"Node Type": "Index Scan", "Parent Relationship": "Inner", "Parallel Aware": false, "Async Capable": false, "Scan Direction": "Forward", "Index Name": "idx_partsupp_partkey", "Relation Name": "partsupp", "Alias": "partsupp", "Startup Cost": 0.43, "Total Cost": 343179.04, "Plan Rows": 8000246, "Plan Width": 8, "Actual Rows": 7999861, "Actual Loops": 8, "Workers": []}]}]}]}, {"Node Type": "Sort", "Parent Relationship": "Inner", "Parallel Aware": false, "Async Capable": false, "Startup Cost": 20464.22, "Total Cost": 20714.22, "Plan Rows": 100000, "Plan Width": 4, "Actual Rows": 414362, "Actual Loops": 8, "Sort Key": ["supplier.s_suppkey"], "Sort Method": "quicksort", "Sort Space Used": 3073, "Sort Space Type": "Memory", "Workers": [{"Worker Number": 0, "Sort Method": "quicksort", "Sort Space Used": 3073, "Sort Space Type": "Memory"}, {"Worker Number": 1, "Sort Method": "quicksort", "Sort Space Used": 3073, "Sort Space Type": "Memory"}, {"Worker Number": 2, "Sort Method": "quicksort", "Sort Space Used": 3073, "Sort Space Type": "Memory"}, {"Worker Number": 3, "Sort Method": "quicksort", "Sort Space Used": 3073, "Sort Space Type": "Memory"}, {"Worker Number": 4, "Sort Method": "quicksort", "Sort Space Used": 3073, "Sort Space Type": "Memory"}, {"Worker Number": 5, "Sort Method": "quicksort", "Sort Space Used": 3073, "Sort Space Type": "Memory"}, {"Worker Number": 6, "Sort Method": "quicksort", "Sort Space Used": 3073, "Sort Space Type": "Memory"}], "Plans": [{"Node Type": "Merge Join", "Parent Relationship": "Outer", "Parallel Aware": false, "Async Capable": false, "Join Type": "Inner", "Startup Cost": 0.43, "Total Cost": 12159.4, "Plan Rows": 100000, "Plan Width": 4, "Actual Rows": 100000, "Actual Loops": 8, "Inner Unique": true, "Merge Cond": "(supplier.s_nationkey = nation.n_nationkey)", "Workers": [], "Plans": [{"Node Type": "Index Scan", "Parent Relationship": "Outer", "Parallel Aware": false, "Async Capable": false, "Scan Direction": "Forward", "Index Name": "idx_supplier_nation_key", "Relation Name": "supplier", "Alias": "supplier", "Startup Cost": 0.29, "Total Cost": 10896.83, "Plan Rows": 100000, "Plan Width": 8, "Actual Rows": 100000, "Actual Loops": 8, "Workers": []}, {"Node Type": "Index Scan", "Parent Relationship": "Inner", "Parallel Aware": false, "Async Capable": false, "Scan Direction": "Forward", "Index Name": "nation_pkey", "Relation Name": "nation", "Alias": "nation", "Startup Cost": 0.14, "Total Cost": 12.51, "Plan Rows": 25, "Plan Width": 4, "Actual Rows": 25, "Actual Loops": 8, "Workers": []}]}]}]}]}, {"Node Type": "Index Scan", "Parent Relationship": "Inner", "Parallel Aware": false, "Async Capable": false, "Scan Direction": "Forward", "Index Name": "orders_pkey", "Relation Name": "orders", "Alias": "orders", "Startup Cost": 0.43, "Total Cost": 650798.01, "Plan Rows": 14999899, "Plan Width": 4, "Actual Rows": 14446515, "Actual Loops": 8, "Workers": []}]}]}]}]}, "Planning Time": 4.435, "Triggers": [], "Execution Time": 21647.492}, {"Plan": {"Node Type": "Aggregate", "Strategy": "Plain", "Partial Mode": "Finalize", "Parallel Aware": false, "Async Capable": false, "Startup Cost": 621145.24, "Total Cost": 621145.25, "Plan Rows": 1, "Plan Width": 8, "Actual Rows": 1, "Actual Loops": 1, "Plans": [{"Node Type": "Gather", "Parent Relationship": "Outer", "Parallel Aware": false, "Async Capable": false, "Startup Cost": 621144.82, "Total Cost": 621145.23, "Plan Rows": 4, "Plan Width": 8, "Actual Rows": 5, "Actual Loops": 1, "Workers Planned": 4, "Workers Launched": 4, "Single Copy": false, "Plans": [{"Node Type": "Aggregate", "Strategy": "Plain", "Partial Mode": "Partial", "Parent Relationship": "Outer", "Parallel Aware": false, "Async Capable": false, "Startup Cost": 620144.82, "Total Cost": 620144.83, "Plan Rows": 1, "Plan Width": 8, "Actual Rows": 1, "Actual Loops": 5, "Workers": [], "Plans": [{"Node Type": "Nested Loop", "Parent Relationship": "Outer", "Parallel Aware": false, "Async Capable": false, "Join Type": "Inner", "Startup Cost": 184931.55, "Total Cost": 618421.15, "Plan Rows": 689468, "Plan Width": 0, "Actual Rows": 651523, "Actual Loops": 5, "Inner Unique": true, "Workers": [], "Plans": [{"Node Type": "Nested Loop", "Parent Relationship": "Outer", "Parallel Aware": false, "Async Capable": false, "Join Type": "Inner", "Startup Cost": 184931.12, "Total Cost": 292534.38, "Plan Rows": 689468, "Plan Width": 4, "Actual Rows": 651523, "Actual Loops": 5, "Inner Unique": false, "Join Filter": "(supplier.s_suppkey = lineitem.l_suppkey)", "Rows Removed by Join Filter": 0, "Workers": [], "Plans": [{"Node Type": "Nested Loop", "Parent Relationship": "Outer", "Parallel Aware": false, "Async Capable": false, "Join Type": "Inner", "Startup Cost": 184930.68, "Total Cost": 193691.06, "Plan Rows": 92187, "Plan Width": 16, "Actual Rows": 86798, "Actual Loops": 5, "Inner Unique": true, "Workers": [], "Plans": [{"Node Type": "Merge Join", "Parent Relationship": "Outer", "Parallel Aware": false, "Async Capable": false, "Join Type": "Inner", "Startup Cost": 184930.53, "Total Cost": 191433.42, "Plan Rows": 92187, "Plan Width": 20, "Actual Rows": 86798, "Actual Loops": 5, "Inner Unique": true, "Merge Cond": "(partsupp.ps_suppkey = supplier.s_suppkey)", "Workers": [], "Plans": [{"Node Type": "Sort", "Parent Relationship": "Outer", "Parallel Aware": false, "Async Capable": false, "Startup Cost": 184930.13, "Total Cost": 185160.6, "Plan Rows": 92187, "Plan Width": 12, "Actual Rows": 86798, "Actual Loops": 5, "Sort Key": ["partsupp.ps_suppkey"], "Sort Method": "quicksort", "Sort Space Used": 6878, "Sort Space Type": "Memory", "Workers": [{"Worker Number": 0, "Sort Method": "quicksort", "Sort Space Used": 6445, "Sort Space Type": "Memory"}, {"Worker Number": 1, "Sort Method": "quicksort", "Sort Space Used": 6247, "Sort Space Type": "Memory"}, {"Worker Number": 2, "Sort Method": "quicksort", "Sort Space Used": 6491, "Sort Space Type": "Memory"}, {"Worker Number": 3, "Sort Method": "quicksort", "Sort Space Used": 6255, "Sort Space Type": "Memory"}], "Plans": [{"Node Type": "Nested Loop", "Parent Relationship": "Outer", "Parallel Aware": false, "Async Capable": false, "Join Type": "Inner", "Startup Cost": 0.86, "Total Cost": 177328.27, "Plan Rows": 92187, "Plan Width": 12, "Actual Rows": 86798, "Actual Loops": 5, "Inner Unique": false, "Workers": [], "Plans": [{"Node Type": "Index Scan", "Parent Relationship": "Outer", "Parallel Aware": true, "Async Capable": false, "Scan Direction": "Forward", "Index Name": "part_pkey", "Relation Name": "part", "Alias": "part", "Startup Cost": 0.43, "Total Cost": 79193.62, "Plan Rows": 23046, "Plan Width": 4, "Actual Rows": 21699, "Actual Loops": 5, "Filter": "((p_name)::text ~~ '%light%'::text)", "Rows Removed by Filter": 378301, "Workers": []}, {"Node Type": "Index Scan", "Parent Relationship": "Inner", "Parallel Aware": false, "Async Capable": false, "Scan Direction": "Forward", "Index Name": "idx_partsupp_partkey", "Relation Name": "partsupp", "Alias": "partsupp", "Startup Cost": 0.43, "Total Cost": 4.21, "Plan Rows": 5, "Plan Width": 8, "Actual Rows": 4, "Actual Loops": 108497, "Index Cond": "(ps_partkey = part.p_partkey)", "Rows Removed by Index Recheck": 0, "Workers": []}]}]}, {"Node Type": "Index Scan", "Parent Relationship": "Inner", "Parallel Aware": false, "Async Capable": false, "Scan Direction": "Forward", "Index Name": "supplier_pkey", "Relation Name": "supplier", "Alias": "supplier", "Startup Cost": 0.29, "Total Cost": 4873.38, "Plan Rows": 100000, "Plan Width": 8, "Actual Rows": 99999, "Actual Loops": 5, "Workers": []}]}, {"Node Type": "Memoize", "Parent Relationship": "Inner", "Parallel Aware": false, "Async Capable": false, "Startup Cost": 0.15, "Total Cost": 0.17, "Plan Rows": 1, "Plan Width": 4, "Actual Rows": 1, "Actual Loops": 433988, "Cache Key": "supplier.s_nationkey", "Cache Mode": "logical", "Cache Hits": 97387, "Cache Misses": 25, "Cache Evictions": 0, "Cache Overflows": 0, "Peak Memory Usage": 3, "Workers": [{"Worker Number": 0, "Cache Hits": 86315, "Cache Misses": 25, "Cache Evictions": 0, "Cache Overflows": 0, "Peak Memory Usage": 3}, {"Worker Number": 1, "Cache Hits": 81231, "Cache Misses": 25, "Cache Evictions": 0, "Cache Overflows": 0, "Peak Memory Usage": 3}, {"Worker Number": 2, "Cache Hits": 87491, "Cache Misses": 25, "Cache Evictions": 0, "Cache Overflows": 0, "Peak Memory Usage": 3}, {"Worker Number": 3, "Cache Hits": 81439, "Cache Misses": 25, "Cache Evictions": 0, "Cache Overflows": 0, "Peak Memory Usage": 3}], "Plans": [{"Node Type": "Index Scan", "Parent Relationship": "Outer", "Parallel Aware": false, "Async Capable": false, "Scan Direction": "Forward", "Index Name": "nation_pkey", "Relation Name": "nation", "Alias": "nation", "Startup Cost": 0.14, "Total Cost": 0.16, "Plan Rows": 1, "Plan Width": 4, "Actual Rows": 1, "Actual Loops": 125, "Index Cond": "(n_nationkey = supplier.s_nationkey)", "Rows Removed by Index Recheck": 0, "Workers": []}]}]}, {"Node Type": "Index Scan", "Parent Relationship": "Inner", "Parallel Aware": false, "Async Capable": false, "Scan Direction": "Forward", "Index Name": "idx_lineitem_part_supp", "Relation Name": "lineitem", "Alias": "lineitem", "Startup Cost": 0.44, "Total Cost": 1.06, "Plan Rows": 1, "Plan Width": 12, "Actual Rows": 8, "Actual Loops": 433988, "Index Cond": "((l_partkey = partsupp.ps_partkey) AND (l_suppkey = partsupp.ps_suppkey))", "Rows Removed by Index Recheck": 0, "Workers": []}]}, {"Node Type": "Index Scan", "Parent Relationship": "Inner", "Parallel Aware": false, "Async Capable": false, "Scan Direction": "Forward", "Index Name": "orders_pkey", "Relation Name": "orders", "Alias": "orders", "Startup Cost": 0.43, "Total Cost": 0.47, "Plan Rows": 1, "Plan Width": 4, "Actual Rows": 1, "Actual Loops": 3257615, "Index Cond": "(o_orderkey = lineitem.l_orderkey)", "Rows Removed by Index Recheck": 0, "Workers": []}]}]}]}]}, "Planning Time": 7.723, "Triggers": [], "Execution Time": 17342.189}, {"Plan": {"Node Type": "Aggregate", "Strategy": "Plain", "Partial Mode": "Finalize", "Parallel Aware": false, "Async Capable": false, "Startup Cost": 596139.06, "Total Cost": 596139.07, "Plan Rows": 1, "Plan Width": 8, "Actual Rows": 1, "Actual Loops": 1, "Plans": [{"Node Type": "Gather", "Parent Relationship": "Outer", "Parallel Aware": false, "Async Capable": false, "Startup Cost": 596138.64, "Total Cost": 596139.05, "Plan Rows": 4, "Plan Width": 8, "Actual Rows": 5, "Actual Loops": 1, "Workers Planned": 4, "Workers Launched": 4, "Single Copy": false, "Plans": [{"Node Type": "Aggregate", "Strategy": "Plain", "Partial Mode": "Partial", "Parent Relationship": "Outer", "Parallel Aware": false, "Async Capable": false, "Startup Cost": 595138.64, "Total Cost": 595138.65, "Plan Rows": 1, "Plan Width": 8, "Actual Rows": 1, "Actual Loops": 5, "Workers": [], "Plans": [{"Node Type": "Nested Loop", "Parent Relationship": "Outer", "Parallel Aware": false, "Async Capable": false, "Join Type": "Inner", "Startup Cost": 164548.37, "Total Cost": 593414.97, "Plan Rows": 689468, "Plan Width": 0, "Actual Rows": 651523, "Actual Loops": 5, "Inner Unique": true, "Workers": [], "Plans": [{"Node Type": "Nested Loop", "Parent Relationship": "Outer", "Parallel Aware": false, "Async Capable": false, "Join Type": "Inner", "Startup Cost": 164547.93, "Total Cost": 267528.21, "Plan Rows": 689468, "Plan Width": 4, "Actual Rows": 651523, "Actual Loops": 5, "Inner Unique": false, "Join Filter": "(supplier.s_suppkey = lineitem.l_suppkey)", "Rows Removed by Join Filter": 0, "Workers": [], "Plans": [{"Node Type": "Nested Loop", "Parent Relationship": "Outer", "Parallel Aware": false, "Async Capable": false, "Join Type": "Inner", "Startup Cost": 164547.49, "Total Cost": 168684.89, "Plan Rows": 92187, "Plan Width": 16, "Actual Rows": 86798, "Actual Loops": 5, "Inner Unique": true, "Workers": [], "Plans": [{"Node Type": "Merge Join", "Parent Relationship": "Outer", "Parallel Aware": false, "Async Capable": false, "Join Type": "Inner", "Startup Cost": 164547.34, "Total Cost": 166427.25, "Plan Rows": 92187, "Plan Width": 20, "Actual Rows": 86798, "Actual Loops": 5, "Inner Unique": true, "Merge Cond": "(partsupp.ps_suppkey = supplier.s_suppkey)", "Workers": [], "Plans": [{"Node Type": "Sort", "Parent Relationship": "Outer", "Parallel Aware": false, "Async Capable": false, "Startup Cost": 152978.51, "Total Cost": 153208.98, "Plan Rows": 92187, "Plan Width": 12, "Actual Rows": 86798, "Actual Loops": 5, "Sort Key": ["partsupp.ps_suppkey"], "Sort Method": "quicksort", "Sort Space Used": 6880, "Sort Space Type": "Memory", "Workers": [{"Worker Number": 0, "Sort Method": "quicksort", "Sort Space Used": 6214, "Sort Space Type": "Memory"}, {"Worker Number": 1, "Sort Method": "quicksort", "Sort Space Used": 6518, "Sort Space Type": "Memory"}, {"Worker Number": 2, "Sort Method": "quicksort", "Sort Space Used": 6492, "Sort Space Type": "Memory"}, {"Worker Number": 3, "Sort Method": "quicksort", "Sort Space Used": 6212, "Sort Space Type": "Memory"}], "Plans": [{"Node Type": "Nested Loop", "Parent Relationship": "Outer", "Parallel Aware": false, "Async Capable": false, "Join Type": "Inner", "Startup Cost": 0.43, "Total Cost": 145376.65, "Plan Rows": 92187, "Plan Width": 12, "Actual Rows": 86798, "Actual Loops": 5, "Inner Unique": false, "Workers": [], "Plans": [{"Node Type": "Seq Scan", "Parent Relationship": "Outer", "Parallel Aware": true, "Async Capable": false, "Relation Name": "part", "Alias": "part", "Startup Cost": 0.0, "Total Cost": 47242.0, "Plan Rows": 23046, "Plan Width": 4, "Actual Rows": 21699, "Actual Loops": 5, "Filter": "((p_name)::text ~~ '%light%'::text)", "Rows Removed by Filter": 378301, "Workers": []}, {"Node Type": "Index Scan", "Parent Relationship": "Inner", "Parallel Aware": false, "Async Capable": false, "Scan Direction": "Forward", "Index Name": "idx_partsupp_partkey", "Relation Name": "partsupp", "Alias": "partsupp", "Startup Cost": 0.43, "Total Cost": 4.21, "Plan Rows": 5, "Plan Width": 8, "Actual Rows": 4, "Actual Loops": 108497, "Index Cond": "(ps_partkey = part.p_partkey)", "Rows Removed by Index Recheck": 0, "Workers": []}]}]}, {"Node Type": "Sort", "Parent Relationship": "Inner", "Parallel Aware": false, "Async Capable": false, "Startup Cost": 11568.82, "Total Cost": 11818.82, "Plan Rows": 100000, "Plan Width": 8, "Actual Rows": 99997, "Actual Loops": 5, "Sort Key": ["supplier.s_suppkey"], "Sort Method": "quicksort", "Sort Space Used": 6198, "Sort Space Type": "Memory", "Workers": [{"Worker Number": 0, "Sort Method": "quicksort", "Sort Space Used": 6198, "Sort Space Type": "Memory"}, {"Worker Number": 1, "Sort Method": "quicksort", "Sort Space Used": 6198, "Sort Space Type": "Memory"}, {"Worker Number": 2, "Sort Method": "quicksort", "Sort Space Used": 6198, "Sort Space Type": "Memory"}, {"Worker Number": 3, "Sort Method": "quicksort", "Sort Space Used": 6198, "Sort Space Type": "Memory"}], "Plans": [{"Node Type": "Seq Scan", "Parent Relationship": "Outer", "Parallel Aware": false, "Async Capable": false, "Relation Name": "supplier", "Alias": "supplier", "Startup Cost": 0.0, "Total Cost": 3264.0, "Plan Rows": 100000, "Plan Width": 8, "Actual Rows": 100000, "Actual Loops": 5, "Workers": []}]}]}, {"Node Type": "Memoize", "Parent Relationship": "Inner", "Parallel Aware": false, "Async Capable": false, "Startup Cost": 0.15, "Total Cost": 0.17, "Plan Rows": 1, "Plan Width": 4, "Actual Rows": 1, "Actual Loops": 433988, "Cache Key": "supplier.s_nationkey", "Cache Mode": "logical", "Cache Hits": 97439, "Cache Misses": 25, "Cache Evictions": 0, "Cache Overflows": 0, "Peak Memory Usage": 3, "Workers": [{"Worker Number": 0, "Cache Hits": 80391, "Cache Misses": 25, "Cache Evictions": 0, "Cache Overflows": 0, "Peak Memory Usage": 3}, {"Worker Number": 1, "Cache Hits": 88175, "Cache Misses": 25, "Cache Evictions": 0, "Cache Overflows": 0, "Peak Memory Usage": 3}, {"Worker Number": 2, "Cache Hits": 87507, "Cache Misses": 25, "Cache Evictions": 0, "Cache Overflows": 0, "Peak Memory Usage": 3}, {"Worker Number": 3, "Cache Hits": 80351, "Cache Misses": 25, "Cache Evictions": 0, "Cache Overflows": 0, "Peak Memory Usage": 3}], "Plans": [{"Node Type": "Index Scan", "Parent Relationship": "Outer", "Parallel Aware": false, "Async Capable": false, "Scan Direction": "Forward", "Index Name": "nation_pkey", "Relation Name": "nation", "Alias": "nation", "Startup Cost": 0.14, "Total Cost": 0.16, "Plan Rows": 1, "Plan Width": 4, "Actual Rows": 1, "Actual Loops": 125, "Index Cond": "(n_nationkey = supplier.s_nationkey)", "Rows Removed by Index Recheck": 0, "Workers": []}]}]}, {"Node Type": "Index Scan", "Parent Relationship": "Inner", "Parallel Aware": false, "Async Capable": false, "Scan Direction": "Forward", "Index Name": "idx_lineitem_part_supp", "Relation Name": "lineitem", "Alias": "lineitem", "Startup Cost": 0.44, "Total Cost": 1.06, "Plan Rows": 1, "Plan Width": 12, "Actual Rows": 8, "Actual Loops": 433988, "Index Cond": "((l_partkey = partsupp.ps_partkey) AND (l_suppkey = partsupp.ps_suppkey))", "Rows Removed by Index Recheck": 0, "Workers": []}]}, {"Node Type": "Index Scan", "Parent Relationship": "Inner", "Parallel Aware": false, "Async Capable": false, "Scan Direction": "Forward", "Index Name": "orders_pkey", "Relation Name": "orders", "Alias": "orders", "Startup Cost": 0.43, "Total Cost": 0.47, "Plan Rows": 1, "Plan Width": 4, "Actual Rows": 1, "Actual Loops": 3257615, "Index Cond": "(o_orderkey = lineitem.l_orderkey)", "Rows Removed by Index Recheck": 0, "Workers": []}]}]}]}]}, "Planning Time": 8.75, "Triggers": [], "Execution Time": 17601.421}, {"Plan": {"Node Type": "Aggregate", "Strategy": "Plain", "Partial Mode": "Simple", "Parallel Aware": false, "Async Capable": false, "Startup Cost": 4222544.21, "Total Cost": 4222544.22, "Plan Rows": 1, "Plan Width": 8, "Actual Rows": 1, "Actual Loops": 1, "Plans": [{"Node Type": "Merge Join", "Parent Relationship": "Outer", "Parallel Aware": false, "Async Capable": false, "Join Type": "Inner", "Startup Cost": 3485990.17, "Total Cost": 4215649.53, "Plan Rows": 2757871, "Plan Width": 0, "Actual Rows": 3257615, "Actual Loops": 1, "Inner Unique": false, "Merge Cond": "(orders.o_orderkey = lineitem.l_orderkey)", "Plans": [{"Node Type": "Index Scan", "Parent Relationship": "Outer", "Parallel Aware": false, "Async Capable": false, "Scan Direction": "Forward", "Index Name": "orders_pkey", "Relation Name": "orders", "Alias": "orders", "Startup Cost": 0.43, "Total Cost": 650798.01, "Plan Rows": 14999899, "Plan Width": 4, "Actual Rows": 14999992, "Actual Loops": 1}, {"Node Type": "Sort", "Parent Relationship": "Inner", "Parallel Aware": false, "Async Capable": false, "Startup Cost": 3485984.19, "Total Cost": 3492878.87, "Plan Rows": 2757871, "Plan Width": 4, "Actual Rows": 3257615, "Actual Loops": 1, "Sort Key": ["lineitem.l_orderkey"], "Sort Method": "quicksort", "Sort Space Used": 98305, "Sort Space Type": "Memory", "Plans": [{"Node Type": "Gather", "Parent Relationship": "Outer", "Parallel Aware": false, "Async Capable": false, "Startup Cost": 2907287.49, "Total Cost": 3190959.23, "Plan Rows": 2757871, "Plan Width": 4, "Actual Rows": 3257615, "Actual Loops": 1, "Workers Planned": 7, "Workers Launched": 7, "Single Copy": false, "Plans": [{"Node Type": "Merge Join", "Parent Relationship": "Outer", "Parallel Aware": false, "Async Capable": false, "Join Type": "Inner", "Startup Cost": 2906287.49, "Total Cost": 2914172.13, "Plan Rows": 393982, "Plan Width": 4, "Actual Rows": 407202, "Actual Loops": 8, "Inner Unique": false, "Merge Cond": "(lineitem.l_suppkey = supplier.s_suppkey)", "Workers": [], "Plans": [{"Node Type": "Sort", "Parent Relationship": "Outer", "Parallel Aware": false, "Async Capable": false, "Startup Cost": 2885823.23, "Total Cost": 2886810.73, "Plan Rows": 394998, "Plan Width": 12, "Actual Rows": 407202, "Actual Loops": 8, "Sort Key": ["lineitem.l_suppkey"], "Sort Method": "quicksort", "Sort Space Used": 31561, "Sort Space Type": "Memory", "Workers": [{"Worker Number": 0, "Sort Method": "quicksort", "Sort Space Used": 30629, "Sort Space Type": "Memory"}, {"Worker Number": 1, "Sort Method": "quicksort", "Sort Space Used": 30387, "Sort Space Type": "Memory"}, {"Worker Number": 2, "Sort Method": "quicksort", "Sort Space Used": 25537, "Sort Space Type": "Memory"}, {"Worker Number": 3, "Sort Method": "quicksort", "Sort Space Used": 31192, "Sort Space Type": "Memory"}, {"Worker Number": 4, "Sort Method": "quicksort", "Sort Space Used": 25259, "Sort Space Type": "Memory"}, {"Worker Number": 5, "Sort Method": "quicksort", "Sort Space Used": 25567, "Sort Space Type": "Memory"}, {"Worker Number": 6, "Sort Method": "quicksort", "Sort Space Used": 25427, "Sort Space Type": "Memory"}], "Plans": [{"Node Type": "Merge Join", "Parent Relationship": "Outer", "Parallel Aware": false, "Async Capable": false, "Join Type": "Inner", "Startup Cost": 2417741.77, "Total Cost": 2849105.23, "Plan Rows": 394998, "Plan Width": 12, "Actual Rows": 407202, "Actual Loops": 8, "Inner Unique": true, "Merge Cond": "(lineitem.l_partkey = partsupp.ps_partkey)", "Join Filter": "(lineitem.l_suppkey = partsupp.ps_suppkey)", "Rows Removed by Join Filter": 610907, "Workers": [], "Plans": [{"Node Type": "Merge Join", "Parent Relationship": "Outer", "Parallel Aware": false, "Async Capable": false, "Join Type": "Inner", "Startup Cost": 2417738.29, "Total Cost": 2464996.55, "Plan Rows": 394998, "Plan Width": 16, "Actual Rows": 407202, "Actual Loops": 8, "Inner Unique": true, "Merge Cond": "(lineitem.l_partkey = part.p_partkey)", "Workers": [], "Plans": [{"Node Type": "Sort", "Parent Relationship": "Outer", "Parallel Aware": false, "Async Capable": false, "Startup Cost": 2344144.23, "Total Cost": 2365568.67, "Plan Rows": 8569775, "Plan Width": 12, "Actual Rows": 7498123, "Actual Loops": 8, "Sort Key": ["lineitem.l_partkey"], "Sort Method": "external merge", "Sort Space Used": 195400, "Sort Space Type": "Disk", "Workers": [{"Worker Number": 0, "Sort Method": "external merge", "Sort Space Used": 186528, "Sort Space Type": "Disk"}, {"Worker Number": 1, "Sort Method": "external merge", "Sort Space Used": 183568, "Sort Space Type": "Disk"}, {"Worker Number": 2, "Sort Method": "external merge", "Sort Space Used": 134528, "Sort Space Type": "Disk"}, {"Worker Number": 3, "Sort Method": "external merge", "Sort Space Used": 191792, "Sort Space Type": "Disk"}, {"Worker Number": 4, "Sort Method": "external merge", "Sort Space Used": 131640, "Sort Space Type": "Disk"}, {"Worker Number": 5, "Sort Method": "external merge", "Sort Space Used": 135096, "Sort Space Type": "Disk"}, {"Worker Number": 6, "Sort Method": "external merge", "Sort Space Used": 132808, "Sort Space Type": "Disk"}], "Plans": [{"Node Type": "Seq Scan", "Parent Relationship": "Outer", "Parallel Aware": true, "Async Capable": false, "Relation Name": "lineitem", "Alias": "lineitem", "Startup Cost": 0.0, "Total Cost": 1210841.75, "Plan Rows": 8569775, "Plan Width": 12, "Actual Rows": 7498256, "Actual Loops": 8, "Workers": []}]}, {"Node Type": "Sort", "Parent Relationship": "Inner", "Parallel Aware": false, "Async Capable": false, "Startup Cost": 73593.6, "Total Cost": 73824.06, "Plan Rows": 92184, "Plan Width": 4, "Actual Rows": 108497, "Actual Loops": 8, "Sort Key": ["part.p_partkey"], "Sort Method": "quicksort", "Sort Space Used": 3073, "Sort Space Type": "Memory", "Workers": [{"Worker Number": 0, "Sort Method": "quicksort", "Sort Space Used": 3073, "Sort Space Type": "Memory"}, {"Worker Number": 1, "Sort Method": "quicksort", "Sort Space Used": 3073, "Sort Space Type": "Memory"}, {"Worker Number": 2, "Sort Method": "quicksort", "Sort Space Used": 3073, "Sort Space Type": "Memory"}, {"Worker Number": 3, "Sort Method": "quicksort", "Sort Space Used": 3073, "Sort Space Type": "Memory"}, {"Worker Number": 4, "Sort Method": "quicksort", "Sort Space Used": 3073, "Sort Space Type": "Memory"}, {"Worker Number": 5, "Sort Method": "quicksort", "Sort Space Used": 3073, "Sort Space Type": "Memory"}, {"Worker Number": 6, "Sort Method": "quicksort", "Sort Space Used": 3073, "Sort Space Type": "Memory"}], "Plans": [{"Node Type": "Seq Scan", "Parent Relationship": "Outer", "Parallel Aware": false, "Async Capable": false, "Relation Name": "part", "Alias": "part", "Startup Cost": 0.0, "Total Cost": 65992.0, "Plan Rows": 92184, "Plan Width": 4, "Actual Rows": 108497, "Actual Loops": 8, "Filter": "((p_name)::text ~~ '%light%'::text)", "Rows Removed by Filter": 1891503, "Workers": []}]}]}, {"Node Type": "Index Scan", "Parent Relationship": "Inner", "Parallel Aware": false, "Async Capable": false, "Scan Direction": "Forward", "Index Name": "idx_partsupp_partkey", "Relation Name": "partsupp", "Alias": "partsupp", "Startup Cost": 0.43, "Total Cost": 343179.04, "Plan Rows": 8000246, "Plan Width": 8, "Actual Rows": 8452462, "Actual Loops": 8, "Workers": []}]}]}, {"Node Type": "Sort", "Parent Relationship": "Inner", "Parallel Aware": false, "Async Capable": false, "Startup Cost": 20464.22, "Total Cost": 20714.22, "Plan Rows": 100000, "Plan Width": 4, "Actual Rows": 414439, "Actual Loops": 8, "Sort Key": ["supplier.s_suppkey"], "Sort Method": "quicksort", "Sort Space Used": 3073, "Sort Space Type": "Memory", "Workers": [{"Worker Number": 0, "Sort Method": "quicksort", "Sort Space Used": 3073, "Sort Space Type": "Memory"}, {"Worker Number": 1, "Sort Method": "quicksort", "Sort Space Used": 3073, "Sort Space Type": "Memory"}, {"Worker Number": 2, "Sort Method": "quicksort", "Sort Space Used": 3073, "Sort Space Type": "Memory"}, {"Worker Number": 3, "Sort Method": "quicksort", "Sort Space Used": 3073, "Sort Space Type": "Memory"}, {"Worker Number": 4, "Sort Method": "quicksort", "Sort Space Used": 3073, "Sort Space Type": "Memory"}, {"Worker Number": 5, "Sort Method": "quicksort", "Sort Space Used": 3073, "Sort Space Type": "Memory"}, {"Worker Number": 6, "Sort Method": "quicksort", "Sort Space Used": 3073, "Sort Space Type": "Memory"}], "Plans": [{"Node Type": "Merge Join", "Parent Relationship": "Outer", "Parallel Aware": false, "Async Capable": false, "Join Type": "Inner", "Startup Cost": 0.43, "Total Cost": 12159.4, "Plan Rows": 100000, "Plan Width": 4, "Actual Rows": 100000, "Actual Loops": 8, "Inner Unique": true, "Merge Cond": "(supplier.s_nationkey = nation.n_nationkey)", "Workers": [], "Plans": [{"Node Type": "Index Scan", "Parent Relationship": "Outer", "Parallel Aware": false, "Async Capable": false, "Scan Direction": "Forward", "Index Name": "idx_supplier_nation_key", "Relation Name": "supplier", "Alias": "supplier", "Startup Cost": 0.29, "Total Cost": 10896.83, "Plan Rows": 100000, "Plan Width": 8, "Actual Rows": 100000, "Actual Loops": 8, "Workers": []}, {"Node Type": "Index Scan", "Parent Relationship": "Inner", "Parallel Aware": false, "Async Capable": false, "Scan Direction": "Forward", "Index Name": "nation_pkey", "Relation Name": "nation", "Alias": "nation", "Startup Cost": 0.14, "Total Cost": 12.51, "Plan Rows": 25, "Plan Width": 4, "Actual Rows": 25, "Actual Loops": 8, "Workers": []}]}]}]}]}]}]}]}, "Planning Time": 5.28, "Triggers": [], "Execution Time": 19533.26}, {"Plan": {"Node Type": "Aggregate", "Strategy": "Plain", "Partial Mode": "Finalize", "Parallel Aware": false, "Async Capable": false, "Startup Cost": 635735.1, "Total Cost": 635735.11, "Plan Rows": 1, "Plan Width": 8, "Actual Rows": 1, "Actual Loops": 1, "Plans": [{"Node Type": "Gather", "Parent Relationship": "Outer", "Parallel Aware": false, "Async Capable": false, "Startup Cost": 635734.68, "Total Cost": 635735.09, "Plan Rows": 4, "Plan Width": 8, "Actual Rows": 5, "Actual Loops": 1, "Workers Planned": 4, "Workers Launched": 4, "Single Copy": false, "Plans": [{"Node Type": "Aggregate", "Strategy": "Plain", "Partial Mode": "Partial", "Parent Relationship": "Outer", "Parallel Aware": false, "Async Capable": false, "Startup Cost": 634734.68, "Total Cost": 634734.69, "Plan Rows": 1, "Plan Width": 8, "Actual Rows": 1, "Actual Loops": 5, "Workers": [], "Plans": [{"Node Type": "Nested Loop", "Parent Relationship": "Outer", "Parallel Aware": false, "Async Capable": false, "Join Type": "Inner", "Startup Cost": 2.17, "Total Cost": 633011.01, "Plan Rows": 689468, "Plan Width": 0, "Actual Rows": 651523, "Actual Loops": 5, "Inner Unique": true, "Workers": [], "Plans": [{"Node Type": "Nested Loop", "Parent Relationship": "Outer", "Parallel Aware": false, "Async Capable": false, "Join Type": "Inner", "Startup Cost": 1.74, "Total Cost": 307124.25, "Plan Rows": 689468, "Plan Width": 4, "Actual Rows": 651523, "Actual Loops": 5, "Inner Unique": false, "Join Filter": "(supplier.s_suppkey = lineitem.l_suppkey)", "Rows Removed by Join Filter": 0, "Workers": [], "Plans": [{"Node Type": "Nested Loop", "Parent Relationship": "Outer", "Parallel Aware": false, "Async Capable": false, "Join Type": "Inner", "Startup Cost": 1.3, "Total Cost": 208280.93, "Plan Rows": 92187, "Plan Width": 16, "Actual Rows": 86798, "Actual Loops": 5, "Inner Unique": true, "Workers": [], "Plans": [{"Node Type": "Nested Loop", "Parent Relationship": "Outer", "Parallel Aware": false, "Async Capable": false, "Join Type": "Inner", "Startup Cost": 1.15, "Total Cost": 206023.29, "Plan Rows": 92187, "Plan Width": 20, "Actual Rows": 86798, "Actual Loops": 5, "Inner Unique": true, "Workers": [], "Plans": [{"Node Type": "Nested Loop", "Parent Relationship": "Outer", "Parallel Aware": false, "Async Capable": false, "Join Type": "Inner", "Startup Cost": 0.86, "Total Cost": 177328.27, "Plan Rows": 92187, "Plan Width": 12, "Actual Rows": 86798, "Actual Loops": 5, "Inner Unique": false, "Workers": [], "Plans": [{"Node Type": "Index Scan", "Parent Relationship": "Outer", "Parallel Aware": true, "Async Capable": false, "Scan Direction": "Forward", "Index Name": "part_pkey", "Relation Name": "part", "Alias": "part", "Startup Cost": 0.43, "Total Cost": 79193.62, "Plan Rows": 23046, "Plan Width": 4, "Actual Rows": 21699, "Actual Loops": 5, "Filter": "((p_name)::text ~~ '%light%'::text)", "Rows Removed by Filter": 378301, "Workers": []}, {"Node Type": "Index Scan", "Parent Relationship": "Inner", "Parallel Aware": false, "Async Capable": false, "Scan Direction": "Forward", "Index Name": "idx_partsupp_partkey", "Relation Name": "partsupp", "Alias": "partsupp", "Startup Cost": 0.43, "Total Cost": 4.21, "Plan Rows": 5, "Plan Width": 8, "Actual Rows": 4, "Actual Loops": 108497, "Index Cond": "(ps_partkey = part.p_partkey)", "Rows Removed by Index Recheck": 0, "Workers": []}]}, {"Node Type": "Index Scan", "Parent Relationship": "Inner", "Parallel Aware": false, "Async Capable": false, "Scan Direction": "Forward", "Index Name": "supplier_pkey", "Relation Name": "supplier", "Alias": "supplier", "Startup Cost": 0.29, "Total Cost": 0.31, "Plan Rows": 1, "Plan Width": 8, "Actual Rows": 1, "Actual Loops": 433988, "Index Cond": "(s_suppkey = partsupp.ps_suppkey)", "Rows Removed by Index Recheck": 0, "Workers": []}]}, {"Node Type": "Memoize", "Parent Relationship": "Inner", "Parallel Aware": false, "Async Capable": false, "Startup Cost": 0.15, "Total Cost": 0.17, "Plan Rows": 1, "Plan Width": 4, "Actual Rows": 1, "Actual Loops": 433988, "Cache Key": "supplier.s_nationkey", "Cache Mode": "logical", "Cache Hits": 97003, "Cache Misses": 25, "Cache Evictions": 0, "Cache Overflows": 0, "Peak Memory Usage": 3, "Workers": [{"Worker Number": 0, "Cache Hits": 83011, "Cache Misses": 25, "Cache Evictions": 0, "Cache Overflows": 0, "Peak Memory Usage": 3}, {"Worker Number": 1, "Cache Hits": 85035, "Cache Misses": 25, "Cache Evictions": 0, "Cache Overflows": 0, "Peak Memory Usage": 3}, {"Worker Number": 2, "Cache Hits": 85471, "Cache Misses": 25, "Cache Evictions": 0, "Cache Overflows": 0, "Peak Memory Usage": 3}, {"Worker Number": 3, "Cache Hits": 83343, "Cache Misses": 25, "Cache Evictions": 0, "Cache Overflows": 0, "Peak Memory Usage": 3}], "Plans": [{"Node Type": "Index Scan", "Parent Relationship": "Outer", "Parallel Aware": false, "Async Capable": false, "Scan Direction": "Forward", "Index Name": "nation_pkey", "Relation Name": "nation", "Alias": "nation", "Startup Cost": 0.14, "Total Cost": 0.16, "Plan Rows": 1, "Plan Width": 4, "Actual Rows": 1, "Actual Loops": 125, "Index Cond": "(n_nationkey = supplier.s_nationkey)", "Rows Removed by Index Recheck": 0, "Workers": []}]}]}, {"Node Type": "Index Scan", "Parent Relationship": "Inner", "Parallel Aware": false, "Async Capable": false, "Scan Direction": "Forward", "Index Name": "idx_lineitem_part_supp", "Relation Name": "lineitem", "Alias": "lineitem", "Startup Cost": 0.44, "Total Cost": 1.06, "Plan Rows": 1, "Plan Width": 12, "Actual Rows": 8, "Actual Loops": 433988, "Index Cond": "((l_partkey = partsupp.ps_partkey) AND (l_suppkey = partsupp.ps_suppkey))", "Rows Removed by Index Recheck": 0, "Workers": []}]}, {"Node Type": "Index Scan", "Parent Relationship": "Inner", "Parallel Aware": false, "Async Capable": false, "Scan Direction": "Forward", "Index Name": "orders_pkey", "Relation Name": "orders", "Alias": "orders", "Startup Cost": 0.43, "Total Cost": 0.47, "Plan Rows": 1, "Plan Width": 4, "Actual Rows": 1, "Actual Loops": 3257615, "Index Cond": "(o_orderkey = lineitem.l_orderkey)", "Rows Removed by Index Recheck": 0, "Workers": []}]}]}]}]}, "Planning Time": 4.605, "Triggers": [], "Execution Time": 17038.575}, {"Plan": {"Node Type": "Aggregate", "Strategy": "Plain", "Partial Mode": "Finalize", "Parallel Aware": false, "Async Capable": false, "Startup Cost": 603783.49, "Total Cost": 603783.5, "Plan Rows": 1, "Plan Width": 8, "Actual Rows": 1, "Actual Loops": 1, "Plans": [{"Node Type": "Gather", "Parent Relationship": "Outer", "Parallel Aware": false, "Async Capable": false, "Startup Cost": 603783.07, "Total Cost": 603783.48, "Plan Rows": 4, "Plan Width": 8, "Actual Rows": 5, "Actual Loops": 1, "Workers Planned": 4, "Workers Launched": 4, "Single Copy": false, "Plans": [{"Node Type": "Aggregate", "Strategy": "Plain", "Partial Mode": "Partial", "Parent Relationship": "Outer", "Parallel Aware": false, "Async Capable": false, "Startup Cost": 602783.07, "Total Cost": 602783.08, "Plan Rows": 1, "Plan Width": 8, "Actual Rows": 1, "Actual Loops": 5, "Workers": [], "Plans": [{"Node Type": "Nested Loop", "Parent Relationship": "Outer", "Parallel Aware": false, "Async Capable": false, "Join Type": "Inner", "Startup Cost": 1.75, "Total Cost": 601059.4, "Plan Rows": 689468, "Plan Width": 0, "Actual Rows": 651523, "Actual Loops": 5, "Inner Unique": true, "Workers": [], "Plans": [{"Node Type": "Nested Loop", "Parent Relationship": "Outer", "Parallel Aware": false, "Async Capable": false, "Join Type": "Inner", "Startup Cost": 1.31, "Total Cost": 275172.63, "Plan Rows": 689468, "Plan Width": 4, "Actual Rows": 651523, "Actual Loops": 5, "Inner Unique": false, "Join Filter": "(supplier.s_suppkey = lineitem.l_suppkey)", "Rows Removed by Join Filter": 0, "Workers": [], "Plans": [{"Node Type": "Nested Loop", "Parent Relationship": "Outer", "Parallel Aware": false, "Async Capable": false, "Join Type": "Inner", "Startup Cost": 0.87, "Total Cost": 176329.31, "Plan Rows": 92187, "Plan Width": 16, "Actual Rows": 86798, "Actual Loops": 5, "Inner Unique": true, "Workers": [], "Plans": [{"Node Type": "Nested Loop", "Parent Relationship": "Outer", "Parallel Aware": false, "Async Capable": false, "Join Type": "Inner", "Startup Cost": 0.72, "Total Cost": 174071.67, "Plan Rows": 92187, "Plan Width": 20, "Actual Rows": 86798, "Actual Loops": 5, "Inner Unique": true, "Workers": [], "Plans": [{"Node Type": "Nested Loop", "Parent Relationship": "Outer", "Parallel Aware": false, "Async Capable": false, "Join Type": "Inner", "Startup Cost": 0.43, "Total Cost": 145376.65, "Plan Rows": 92187, "Plan Width": 12, "Actual Rows": 86798, "Actual Loops": 5, "Inner Unique": false, "Workers": [], "Plans": [{"Node Type": "Seq Scan", "Parent Relationship": "Outer", "Parallel Aware": true, "Async Capable": false, "Relation Name": "part", "Alias": "part", "Startup Cost": 0.0, "Total Cost": 47242.0, "Plan Rows": 23046, "Plan Width": 4, "Actual Rows": 21699, "Actual Loops": 5, "Filter": "((p_name)::text ~~ '%light%'::text)", "Rows Removed by Filter": 378301, "Workers": []}, {"Node Type": "Index Scan", "Parent Relationship": "Inner", "Parallel Aware": false, "Async Capable": false, "Scan Direction": "Forward", "Index Name": "idx_partsupp_partkey", "Relation Name": "partsupp", "Alias": "partsupp", "Startup Cost": 0.43, "Total Cost": 4.21, "Plan Rows": 5, "Plan Width": 8, "Actual Rows": 4, "Actual Loops": 108497, "Index Cond": "(ps_partkey = part.p_partkey)", "Rows Removed by Index Recheck": 0, "Workers": []}]}, {"Node Type": "Index Scan", "Parent Relationship": "Inner", "Parallel Aware": false, "Async Capable": false, "Scan Direction": "Forward", "Index Name": "supplier_pkey", "Relation Name": "supplier", "Alias": "supplier", "Startup Cost": 0.29, "Total Cost": 0.31, "Plan Rows": 1, "Plan Width": 8, "Actual Rows": 1, "Actual Loops": 433988, "Index Cond": "(s_suppkey = partsupp.ps_suppkey)", "Rows Removed by Index Recheck": 0, "Workers": []}]}, {"Node Type": "Memoize", "Parent Relationship": "Inner", "Parallel Aware": false, "Async Capable": false, "Startup Cost": 0.15, "Total Cost": 0.17, "Plan Rows": 1, "Plan Width": 4, "Actual Rows": 1, "Actual Loops": 433988, "Cache Key": "supplier.s_nationkey", "Cache Mode": "logical", "Cache Hits": 98795, "Cache Misses": 25, "Cache Evictions": 0, "Cache Overflows": 0, "Peak Memory Usage": 3, "Workers": [{"Worker Number": 0, "Cache Hits": 82383, "Cache Misses": 25, "Cache Evictions": 0, "Cache Overflows": 0, "Peak Memory Usage": 3}, {"Worker Number": 1, "Cache Hits": 88155, "Cache Misses": 25, "Cache Evictions": 0, "Cache Overflows": 0, "Peak Memory Usage": 3}, {"Worker Number": 2, "Cache Hits": 81839, "Cache Misses": 25, "Cache Evictions": 0, "Cache Overflows": 0, "Peak Memory Usage": 3}, {"Worker Number": 3, "Cache Hits": 82691, "Cache Misses": 25, "Cache Evictions": 0, "Cache Overflows": 0, "Peak Memory Usage": 3}], "Plans": [{"Node Type": "Index Scan", "Parent Relationship": "Outer", "Parallel Aware": false, "Async Capable": false, "Scan Direction": "Forward", "Index Name": "nation_pkey", "Relation Name": "nation", "Alias": "nation", "Startup Cost": 0.14, "Total Cost": 0.16, "Plan Rows": 1, "Plan Width": 4, "Actual Rows": 1, "Actual Loops": 125, "Index Cond": "(n_nationkey = supplier.s_nationkey)", "Rows Removed by Index Recheck": 0, "Workers": []}]}]}, {"Node Type": "Index Scan", "Parent Relationship": "Inner", "Parallel Aware": false, "Async Capable": false, "Scan Direction": "Forward", "Index Name": "idx_lineitem_part_supp", "Relation Name": "lineitem", "Alias": "lineitem", "Startup Cost": 0.44, "Total Cost": 1.06, "Plan Rows": 1, "Plan Width": 12, "Actual Rows": 8, "Actual Loops": 433988, "Index Cond": "((l_partkey = partsupp.ps_partkey) AND (l_suppkey = partsupp.ps_suppkey))", "Rows Removed by Index Recheck": 0, "Workers": []}]}, {"Node Type": "Index Scan", "Parent Relationship": "Inner", "Parallel Aware": false, "Async Capable": false, "Scan Direction": "Forward", "Index Name": "orders_pkey", "Relation Name": "orders", "Alias": "orders", "Startup Cost": 0.43, "Total Cost": 0.47, "Plan Rows": 1, "Plan Width": 4, "Actual Rows": 1, "Actual Loops": 3257615, "Index Cond": "(o_orderkey = lineitem.l_orderkey)", "Rows Removed by Index Recheck": 0, "Workers": []}]}]}]}]}, "Planning Time": 5.475, "Triggers": [], "Execution Time": 17132.302}]