[{"Plan": {"Node Type": "Aggregate", "Strategy": "Plain", "Partial Mode": "Finalize", "Parallel Aware": false, "Async Capable": false, "Startup Cost": 822355.91, "Total Cost": 822355.92, "Plan Rows": 1, "Plan Width": 8, "Actual Rows": 1, "Actual Loops": 1, "Plans": [{"Node Type": "Gather", "Parent Relationship": "Outer", "Parallel Aware": false, "Async Capable": false, "Startup Cost": 822355.28, "Total Cost": 822355.89, "Plan Rows": 6, "Plan Width": 8, "Actual Rows": 7, "Actual Loops": 1, "Workers Planned": 6, "Workers Launched": 6, "Single Copy": false, "Plans": [{"Node Type": "Aggregate", "Strategy": "Plain", "Partial Mode": "Partial", "Parent Relationship": "Outer", "Parallel Aware": false, "Async Capable": false, "Startup Cost": 821355.28, "Total Cost": 821355.29, "Plan Rows": 1, "Plan Width": 8, "Actual Rows": 1, "Actual Loops": 7, "Workers": [], "Plans": [{"Node Type": "Nested Loop", "Parent Relationship": "Outer", "Parallel Aware": false, "Async Capable": false, "Join Type": "Inner", "Startup Cost": 41608.0, "Total Cost": 820047.11, "Plan Rows": 523270, "Plan Width": 0, "Actual Rows": 43076, "Actual Loops": 7, "Inner Unique": false, "Workers": [], "Plans": [{"Node Type": "Hash Join", "Parent Relationship": "Outer", "Parallel Aware": true, "Async Capable": false, "Join Type": "Inner", "Startup Cost": 41607.44, "Total Cost": 337307.53, "Plan Rows": 241752, "Plan Width": 4, "Actual Rows": 207401, "Actual Loops": 7, "Inner Unique": true, "Hash Cond": "(orders.o_custkey = customer.c_custkey)", "Workers": [], "Plans": [{"Node Type": "Seq Scan", "Parent Relationship": "Outer", "Parallel Aware": true, "Async Capable": false, "Relation Name": "orders", "Alias": "orders", "Startup Cost": 0.0, "Total Cost": 292521.79, "Plan Rows": 1210776, "Plan Width": 8, "Actual Rows": 1034205, "Actual Loops": 7, "Filter": "(o_orderdate < '1995-03-07'::date)", "Rows Removed by Filter": 1108652, "Workers": []}, {"Node Type": "Hash", "Parent Relationship": "Inner", "Parallel Aware": true, "Async Capable": false, "Startup Cost": 40671.5, "Total Cost": 40671.5, "Plan Rows": 74875, "Plan Width": 4, "Actual Rows": 42897, "Actual Loops": 7, "Hash Buckets": 524288, "Original Hash Buckets": 524288, "Hash Batches": 1, "Original Hash Batches": 1, "Peak Memory Usage": 15968, "Workers": [], "Plans": [{"Node Type": "Seq Scan", "Parent Relationship": "Outer", "Parallel Aware": true, "Async Capable": false, "Relation Name": "customer", "Alias": "customer", "Startup Cost": 0.0, "Total Cost": 40671.5, "Plan Rows": 74875, "Plan Width": 4, "Actual Rows": 42897, "Actual Loops": 7, "Filter": "(c_mktsegment = 'BUILDING'::bpchar)", "Rows Removed by Filter": 171389, "Workers": []}]}]}, {"Node Type": "Index Scan", "Parent Relationship": "Inner", "Parallel Aware": false, "Async Capable": false, "Scan Direction": "Forward", "Index Name": "idx_lineitem_orderkey", "Relation Name": "lineitem", "Alias": "lineitem", "Startup Cost": 0.56, "Total Cost": 1.84, "Plan Rows": 16, "Plan Width": 4, "Actual Rows": 0, "Actual Loops": 1451805, "Index Cond": "(l_orderkey = orders.o_orderkey)", "Rows Removed by Index Recheck": 0, "Filter": "(l_shipdate > '1995-03-07'::date)", "Rows Removed by Filter": 4, "Workers": []}]}]}]}]}, "Planning Time": 2.413, "Triggers": [], "Execution Time": 3433.732}, {"Plan": {"Node Type": "Aggregate", "Strategy": "Plain", "Partial Mode": "Simple", "Parallel Aware": false, "Async Capable": false, "Startup Cost": 10002997195.66, "Total Cost": 10002997195.67, "Plan Rows": 1, "Plan Width": 8, "Plans": [{"Node Type": "Hash Join", "Parent Relationship": "Outer", "Parallel Aware": false, "Async Capable": false, "Join Type": "Inner", "Startup Cost": 10001305214.61, "Total Cost": 10002989346.61, "Plan Rows": 3139620, "Plan Width": 0, "Inner Unique": false, "Hash Cond": "(lineitem.l_orderkey = orders.o_orderkey)", "Plans": [{"Node Type": "Bitmap Heap Scan", "Parent Relationship": "Outer", "Parallel Aware": false, "Async Capable": false, "Relation Name": "lineitem", "Alias": "lineitem", "Startup Cost": 752341.27, "Total Cost": 2283325.12, "Plan Rows": 32467188, "Plan Width": 4, "Recheck Cond": "(l_shipdate > '1995-03-07'::date)", "Plans": [{"Node Type": "Bitmap Index Scan", "Parent Relationship": "Outer", "Parallel Aware": false, "Async Capable": false, "Index Name": "idx_lineitem_shipdate", "Startup Cost": 0.0, "Total Cost": 744224.47, "Plan Rows": 32467188, "Plan Width": 0, "Index Cond": "(l_shipdate > '1995-03-07'::date)"}]}, {"Node Type": "Hash", "Parent Relationship": "Inner", "Parallel Aware": false, "Async Capable": false, "Startup Cost": 10000534741.96, "Total Cost": 10000534741.96, "Plan Rows": 1450510, "Plan Width": 4, "Plans": [{"Node Type": "Hash Join", "Parent Relationship": "Outer", "Parallel Aware": false, "Async Capable": false, "Join Type": "Inner", "Startup Cost": 10000163591.98, "Total Cost": 10000534741.96, "Plan Rows": 1450510, "Plan Width": 4, "Inner Unique": true, "Hash Cond": "(orders.o_custkey = customer.c_custkey)", "Plans": [{"Node Type": "Bitmap Heap Scan", "Parent Relationship": "Outer", "Parallel Aware": false, "Async Capable": false, "Relation Name": "orders", "Alias": "orders", "Startup Cost": 81145.52, "Total Cost": 433225.72, "Plan Rows": 7264656, "Plan Width": 8, "Recheck Cond": "(o_orderdate < '1995-03-07'::date)", "Plans": [{"Node Type": "Bitmap Index Scan", "Parent Relationship": "Outer", "Parallel Aware": false, "Async Capable": false, "Index Name": "idx_orders_orderdate", "Startup Cost": 0.0, "Total Cost": 79329.35, "Plan Rows": 7264656, "Plan Width": 0, "Index Cond": "(o_orderdate < '1995-03-07'::date)"}]}, {"Node Type": "Hash", "Parent Relationship": "Inner", "Parallel Aware": false, "Async Capable": false, "Startup Cost": 10000078702.71, "Total Cost": 10000078702.71, "Plan Rows": 299500, "Plan Width": 4, "Plans": [{"Node Type": "Index Scan", "Parent Relationship": "Outer", "Parallel Aware": false, "Async Capable": false, "Scan Direction": "Forward", "Index Name": "customer_pkey", "Relation Name": "customer", "Alias": "customer", "Startup Cost": 10000000000.43, "Total Cost": 10000078702.71, "Plan Rows": 299500, "Plan Width": 4, "Filter": "(c_mktsegment = 'BUILDING'::bpchar)"}]}]}]}]}]}}, {"Plan": {"Node Type": "Aggregate", "Strategy": "Plain", "Partial Mode": "Finalize", "Parallel Aware": false, "Async Capable": false, "Startup Cost": 2361899.13, "Total Cost": 2361899.14, "Plan Rows": 1, "Plan Width": 8, "Actual Rows": 1, "Actual Loops": 1, "Plans": [{"Node Type": "Gather", "Parent Relationship": "Outer", "Parallel Aware": false, "Async Capable": false, "Startup Cost": 2361898.4, "Total Cost": 2361899.11, "Plan Rows": 7, "Plan Width": 8, "Actual Rows": 8, "Actual Loops": 1, "Workers Planned": 7, "Workers Launched": 7, "Single Copy": false, "Plans": [{"Node Type": "Aggregate", "Strategy": "Plain", "Partial Mode": "Partial", "Parent Relationship": "Outer", "Parallel Aware": false, "Async Capable": false, "Startup Cost": 2360898.4, "Total Cost": 2360898.41, "Plan Rows": 1, "Plan Width": 8, "Actual Rows": 1, "Actual Loops": 8, "Workers": [], "Plans": [{"Node Type": "Hash Join", "Parent Relationship": "Outer", "Parallel Aware": true, "Async Capable": false, "Join Type": "Inner", "Startup Cost": 429329.13, "Total Cost": 2359777.11, "Plan Rows": 448517, "Plan Width": 0, "Actual Rows": 37691, "Actual Loops": 8, "Inner Unique": false, "Hash Cond": "(lineitem.l_orderkey = orders.o_orderkey)", "Workers": [], "Plans": [{"Node Type": "Index Scan", "Parent Relationship": "Outer", "Parallel Aware": true, "Async Capable": false, "Scan Direction": "Forward", "Index Name": "idx_lineitem_orderkey", "Relation Name": "lineitem", "Alias": "lineitem", "Startup Cost": 0.56, "Total Cost": 1912307.87, "Plan Rows": 4638170, "Plan Width": 4, "Actual Rows": 4066779, "Actual Loops": 8, "Filter": "(l_shipdate > '1995-03-07'::date)", "Rows Removed by Filter": 3431478, "Workers": []}, {"Node Type": "Hash", "Parent Relationship": "Inner", "Parallel Aware": true, "Async Capable": false, "Startup Cost": 426306.67, "Total Cost": 426306.67, "Plan Rows": 241752, "Plan Width": 4, "Actual Rows": 181476, "Actual Loops": 8, "Hash Buckets": 2097152, "Original Hash Buckets": 2097152, "Hash Batches": 1, "Original Hash Batches": 1, "Peak Memory Usage": 73280, "Workers": [], "Plans": [{"Node Type": "Hash Join", "Parent Relationship": "Outer", "Parallel Aware": true, "Async Capable": false, "Join Type": "Inner", "Startup Cost": 146721.67, "Total Cost": 426306.67, "Plan Rows": 241752, "Plan Width": 4, "Actual Rows": 181476, "Actual Loops": 8, "Inner Unique": true, "Hash Cond": "(orders.o_custkey = customer.c_custkey)", "Workers": [], "Plans": [{"Node Type": "Bitmap Heap Scan", "Parent Relationship": "Outer", "Parallel Aware": true, "Async Capable": false, "Relation Name": "orders", "Alias": "orders", "Startup Cost": 81145.52, "Total Cost": 357552.22, "Plan Rows": 1210776, "Plan Width": 8, "Actual Rows": 904930, "Actual Loops": 8, "Recheck Cond": "(o_orderdate < '1995-03-07'::date)", "Rows Removed by Index Recheck": 0, "Exact Heap Blocks": 38179, "Lossy Heap Blocks": 0, "Workers": [], "Plans": [{"Node Type": "Bitmap Index Scan", "Parent Relationship": "Outer", "Parallel Aware": false, "Async Capable": false, "Index Name": "idx_orders_orderdate", "Startup Cost": 0.0, "Total Cost": 79329.35, "Plan Rows": 7264656, "Plan Width": 0, "Actual Rows": 7239437, "Actual Loops": 1, "Index Cond": "(o_orderdate < '1995-03-07'::date)", "Workers": []}]}, {"Node Type": "Hash", "Parent Relationship": "Inner", "Parallel Aware": true, "Async Capable": false, "Startup Cost": 64640.21, "Total Cost": 64640.21, "Plan Rows": 74875, "Plan Width": 4, "Actual Rows": 37534, "Actual Loops": 8, "Hash Buckets": 524288, "Original Hash Buckets": 524288, "Hash Batches": 1, "Original Hash Batches": 1, "Peak Memory Usage": 15968, "Workers": [], "Plans": [{"Node Type": "Index Scan", "Parent Relationship": "Outer", "Parallel Aware": true, "Async Capable": false, "Scan Direction": "Forward", "Index Name": "customer_pkey", "Relation Name": "customer", "Alias": "customer", "Startup Cost": 0.43, "Total Cost": 64640.21, "Plan Rows": 74875, "Plan Width": 4, "Actual Rows": 37534, "Actual Loops": 8, "Filter": "(c_mktsegment = 'BUILDING'::bpchar)", "Rows Removed by Filter": 149966, "Workers": []}]}]}]}]}]}]}]}, "Planning Time": 0.762, "Triggers": [], "Execution Time": 6999.329}, {"Plan": {"Node Type": "Aggregate", "Strategy": "Plain", "Partial Mode": "Finalize", "Parallel Aware": false, "Async Capable": false, "Startup Cost": 1132392.97, "Total Cost": 1132392.98, "Plan Rows": 1, "Plan Width": 8, "Actual Rows": 1, "Actual Loops": 1, "Plans": [{"Node Type": "Gather", "Parent Relationship": "Outer", "Parallel Aware": false, "Async Capable": false, "Startup Cost": 1132392.55, "Total Cost": 1132392.96, "Plan Rows": 4, "Plan Width": 8, "Actual Rows": 5, "Actual Loops": 1, "Workers Planned": 4, "Workers Launched": 4, "Single Copy": false, "Plans": [{"Node Type": "Aggregate", "Strategy": "Plain", "Partial Mode": "Partial", "Parent Relationship": "Outer", "Parallel Aware": false, "Async Capable": false, "Startup Cost": 1131392.55, "Total Cost": 1131392.56, "Plan Rows": 1, "Plan Width": 8, "Actual Rows": 1, "Actual Loops": 5, "Workers": [], "Plans": [{"Node Type": "Nested Loop", "Parent Relationship": "Outer", "Parallel Aware": false, "Async Capable": false, "Join Type": "Inner", "Startup Cost": 1.43, "Total Cost": 1129430.29, "Plan Rows": 784905, "Plan Width": 0, "Actual Rows": 60306, "Actual Loops": 5, "Inner Unique": false, "Workers": [], "Plans": [{"Node Type": "Nested Loop", "Parent Relationship": "Outer", "Parallel Aware": false, "Async Capable": false, "Join Type": "Inner", "Startup Cost": 0.86, "Total Cost": 405320.92, "Plan Rows": 362628, "Plan Width": 4, "Actual Rows": 290361, "Actual Loops": 5, "Inner Unique": false, "Workers": [], "Plans": [{"Node Type": "Index Scan", "Parent Relationship": "Outer", "Parallel Aware": true, "Async Capable": false, "Scan Direction": "Forward", "Index Name": "customer_pkey", "Relation Name": "customer", "Alias": "customer", "Startup Cost": 0.43, "Total Cost": 64640.21, "Plan Rows": 74875, "Plan Width": 4, "Actual Rows": 60055, "Actual Loops": 5, "Filter": "(c_mktsegment = 'BUILDING'::bpchar)", "Rows Removed by Filter": 239945, "Workers": []}, {"Node Type": "Index Scan", "Parent Relationship": "Inner", "Parallel Aware": false, "Async Capable": false, "Scan Direction": "Forward", "Index Name": "idx_orders_custkey", "Relation Name": "orders", "Alias": "orders", "Startup Cost": 0.43, "Total Cost": 4.47, "Plan Rows": 8, "Plan Width": 8, "Actual Rows": 5, "Actual Loops": 300276, "Index Cond": "(o_custkey = customer.c_custkey)", "Rows Removed by Index Recheck": 0, "Filter": "(o_orderdate < '1995-03-07'::date)", "Rows Removed by Filter": 5, "Workers": []}]}, {"Node Type": "Index Scan", "Parent Relationship": "Inner", "Parallel Aware": false, "Async Capable": false, "Scan Direction": "Forward", "Index Name": "idx_lineitem_orderkey", "Relation Name": "lineitem", "Alias": "lineitem", "Startup Cost": 0.56, "Total Cost": 1.84, "Plan Rows": 16, "Plan Width": 4, "Actual Rows": 0, "Actual Loops": 1451805, "Index Cond": "(l_orderkey = orders.o_orderkey)", "Rows Removed by Index Recheck": 0, "Filter": "(l_shipdate > '1995-03-07'::date)", "Rows Removed by Filter": 4, "Workers": []}]}]}]}]}, "Planning Time": 2.33, "Triggers": [], "Execution Time": 10146.999}, {"Plan": {"Node Type": "Aggregate", "Strategy": "Plain", "Partial Mode": "Finalize", "Parallel Aware": false, "Async Capable": false, "Startup Cost": 1592858.3, "Total Cost": 1592858.31, "Plan Rows": 1, "Plan Width": 8, "Actual Rows": 1, "Actual Loops": 1, "Plans": [{"Node Type": "Gather", "Parent Relationship": "Outer", "Parallel Aware": false, "Async Capable": false, "Startup Cost": 1592857.57, "Total Cost": 1592858.28, "Plan Rows": 7, "Plan Width": 8, "Actual Rows": 8, "Actual Loops": 1, "Workers Planned": 7, "Workers Launched": 7, "Single Copy": false, "Plans": [{"Node Type": "Aggregate", "Strategy": "Plain", "Partial Mode": "Partial", "Parent Relationship": "Outer", "Parallel Aware": false, "Async Capable": false, "Startup Cost": 1591857.57, "Total Cost": 1591857.58, "Plan Rows": 1, "Plan Width": 8, "Actual Rows": 1, "Actual Loops": 8, "Workers": [], "Plans": [{"Node Type": "Hash Join", "Parent Relationship": "Outer", "Parallel Aware": true, "Async Capable": false, "Join Type": "Inner", "Startup Cost": 340329.43, "Total Cost": 1590736.28, "Plan Rows": 448517, "Plan Width": 0, "Actual Rows": 37691, "Actual Loops": 8, "Inner Unique": false, "Hash Cond": "(lineitem.l_orderkey = orders.o_orderkey)", "Workers": [], "Plans": [{"Node Type": "Seq Scan", "Parent Relationship": "Outer", "Parallel Aware": true, "Async Capable": false, "Relation Name": "lineitem", "Alias": "lineitem", "Startup Cost": 0.0, "Total Cost": 1232266.19, "Plan Rows": 4638170, "Plan Width": 4, "Actual Rows": 4066779, "Actual Loops": 8, "Filter": "(l_shipdate > '1995-03-07'::date)", "Rows Removed by Filter": 3431478, "Workers": []}, {"Node Type": "Hash", "Parent Relationship": "Inner", "Parallel Aware": true, "Async Capable": false, "Startup Cost": 337307.53, "Total Cost": 337307.53, "Plan Rows": 241752, "Plan Width": 4, "Actual Rows": 181476, "Actual Loops": 8, "Hash Buckets": 2097152, "Original Hash Buckets": 2097152, "Hash Batches": 1, "Original Hash Batches": 1, "Peak Memory Usage": 73280, "Workers": [], "Plans": [{"Node Type": "Hash Join", "Parent Relationship": "Outer", "Parallel Aware": true, "Async Capable": false, "Join Type": "Inner", "Startup Cost": 41607.44, "Total Cost": 337307.53, "Plan Rows": 241752, "Plan Width": 4, "Actual Rows": 181476, "Actual Loops": 8, "Inner Unique": true, "Hash Cond": "(orders.o_custkey = customer.c_custkey)", "Workers": [], "Plans": [{"Node Type": "Seq Scan", "Parent Relationship": "Outer", "Parallel Aware": true, "Async Capable": false, "Relation Name": "orders", "Alias": "orders", "Startup Cost": 0.0, "Total Cost": 292521.79, "Plan Rows": 1210776, "Plan Width": 8, "Actual Rows": 904930, "Actual Loops": 8, "Filter": "(o_orderdate < '1995-03-07'::date)", "Rows Removed by Filter": 970070, "Workers": []}, {"Node Type": "Hash", "Parent Relationship": "Inner", "Parallel Aware": true, "Async Capable": false, "Startup Cost": 40671.5, "Total Cost": 40671.5, "Plan Rows": 74875, "Plan Width": 4, "Actual Rows": 37534, "Actual Loops": 8, "Hash Buckets": 524288, "Original Hash Buckets": 524288, "Hash Batches": 1, "Original Hash Batches": 1, "Peak Memory Usage": 16000, "Workers": [], "Plans": [{"Node Type": "Seq Scan", "Parent Relationship": "Outer", "Parallel Aware": true, "Async Capable": false, "Relation Name": "customer", "Alias": "customer", "Startup Cost": 0.0, "Total Cost": 40671.5, "Plan Rows": 74875, "Plan Width": 4, "Actual Rows": 37534, "Actual Loops": 8, "Filter": "(c_mktsegment = 'BUILDING'::bpchar)", "Rows Removed by Filter": 149966, "Workers": []}]}]}]}]}]}]}]}, "Planning Time": 2.286, "Triggers": [], "Execution Time": 4298.7}, {"Plan": {"Node Type": "Aggregate", "Strategy": "Plain", "Partial Mode": "Finalize", "Parallel Aware": false, "Async Capable": false, "Startup Cost": 5546530.9, "Total Cost": 5546530.91, "Plan Rows": 1, "Plan Width": 8, "Actual Rows": 1, "Actual Loops": 1, "Plans": [{"Node Type": "Gather", "Parent Relationship": "Outer", "Parallel Aware": false, "Async Capable": false, "Startup Cost": 5546530.27, "Total Cost": 5546530.88, "Plan Rows": 6, "Plan Width": 8, "Actual Rows": 7, "Actual Loops": 1, "Workers Planned": 6, "Workers Launched": 6, "Single Copy": false, "Plans": [{"Node Type": "Aggregate", "Strategy": "Plain", "Partial Mode": "Partial", "Parent Relationship": "Outer", "Parallel Aware": false, "Async Capable": false, "Startup Cost": 5545530.27, "Total Cost": 5545530.28, "Plan Rows": 1, "Plan Width": 8, "Actual Rows": 1, "Actual Loops": 7, "Workers": [], "Plans": [{"Node Type": "Nested Loop", "Parent Relationship": "Outer", "Parallel Aware": false, "Async Capable": false, "Join Type": "Inner", "Startup Cost": 81146.81, "Total Cost": 5544222.1, "Plan Rows": 523270, "Plan Width": 0, "Actual Rows": 43076, "Actual Loops": 7, "Inner Unique": false, "Workers": [], "Plans": [{"Node Type": "Nested Loop", "Parent Relationship": "Outer", "Parallel Aware": false, "Async Capable": false, "Join Type": "Inner", "Startup Cost": 81145.97, "Total Cost": 4225145.52, "Plan Rows": 241752, "Plan Width": 4, "Actual Rows": 207401, "Actual Loops": 7, "Inner Unique": true, "Workers": [], "Plans": [{"Node Type": "Bitmap Heap Scan", "Parent Relationship": "Outer", "Parallel Aware": true, "Async Capable": false, "Relation Name": "orders", "Alias": "orders", "Startup Cost": 81145.52, "Total Cost": 357552.22, "Plan Rows": 1210776, "Plan Width": 8, "Actual Rows": 1034205, "Actual Loops": 7, "Recheck Cond": "(o_orderdate < '1995-03-07'::date)", "Rows Removed by Index Recheck": 0, "Exact Heap Blocks": 40535, "Lossy Heap Blocks": 0, "Workers": [], "Plans": [{"Node Type": "Bitmap Index Scan", "Parent Relationship": "Outer", "Parallel Aware": false, "Async Capable": false, "Index Name": "idx_orders_orderdate", "Startup Cost": 0.0, "Total Cost": 79329.35, "Plan Rows": 7264656, "Plan Width": 0, "Actual Rows": 7239437, "Actual Loops": 1, "Index Cond": "(o_orderdate < '1995-03-07'::date)", "Workers": []}]}, {"Node Type": "Memoize", "Parent Relationship": "Inner", "Parallel Aware": false, "Async Capable": false, "Startup Cost": 0.45, "Total Cost": 4.46, "Plan Rows": 1, "Plan Width": 4, "Actual Rows": 0, "Actual Loops": 7239437, "Cache Key": "orders.o_custkey", "Cache Mode": "logical", "Cache Hits": 470364, "Cache Misses": 651960, "Cache Evictions": 0, "Cache Overflows": 0, "Peak Memory Usage": 47883, "Workers": [{"Worker Number": 0, "Cache Hits": 390338, "Cache Misses": 612393, "Cache Evictions": 0, "Cache Overflows": 0, "Peak Memory Usage": 44991}, {"Worker Number": 1, "Cache Hits": 386444, "Cache Misses": 610634, "Cache Evictions": 0, "Cache Overflows": 0, "Peak Memory Usage": 44849}, {"Worker Number": 2, "Cache Hits": 388307, "Cache Misses": 610840, "Cache Evictions": 0, "Cache Overflows": 0, "Peak Memory Usage": 44871}, {"Worker Number": 3, "Cache Hits": 420420, "Cache Misses": 628297, "Cache Evictions": 0, "Cache Overflows": 0, "Peak Memory Usage": 46146}, {"Worker Number": 4, "Cache Hits": 420904, "Cache Misses": 628576, "Cache Evictions": 0, "Cache Overflows": 0, "Peak Memory Usage": 46176}, {"Worker Number": 5, "Cache Hits": 401478, "Cache Misses": 618482, "Cache Evictions": 0, "Cache Overflows": 0, "Peak Memory Usage": 45429}], "Plans": [{"Node Type": "Bitmap Heap Scan", "Parent Relationship": "Outer", "Parallel Aware": false, "Async Capable": false, "Relation Name": "customer", "Alias": "customer", "Startup Cost": 0.44, "Total Cost": 4.45, "Plan Rows": 1, "Plan Width": 4, "Actual Rows": 0, "Actual Loops": 4361182, "Recheck Cond": "(c_custkey = orders.o_custkey)", "Rows Removed by Index Recheck": 0, "Filter": "(c_mktsegment = 'BUILDING'::bpchar)", "Rows Removed by Filter": 1, "Exact Heap Blocks": 651960, "Lossy Heap Blocks": 0, "Workers": [], "Plans": [{"Node Type": "Bitmap Index Scan", "Parent Relationship": "Outer", "Parallel Aware": false, "Async Capable": false, "Index Name": "customer_pkey", "Startup Cost": 0.0, "Total Cost": 0.44, "Plan Rows": 1, "Plan Width": 0, "Actual Rows": 1, "Actual Loops": 4361182, "Index Cond": "(c_custkey = orders.o_custkey)", "Workers": []}]}]}]}, {"Node Type": "Bitmap Heap Scan", "Parent Relationship": "Inner", "Parallel Aware": false, "Async Capable": false, "Relation Name": "lineitem", "Alias": "lineitem", "Startup Cost": 0.85, "Total Cost": 5.3, "Plan Rows": 16, "Plan Width": 4, "Actual Rows": 0, "Actual Loops": 1451805, "Recheck Cond": "(orders.o_orderkey = l_orderkey)", "Rows Removed by Index Recheck": 0, "Filter": "(l_shipdate > '1995-03-07'::date)", "Rows Removed by Filter": 4, "Exact Heap Blocks": 238290, "Lossy Heap Blocks": 0, "Workers": [], "Plans": [{"Node Type": "Bitmap Index Scan", "Parent Relationship": "Outer", "Parallel Aware": false, "Async Capable": false, "Index Name": "idx_lineitem_orderkey", "Startup Cost": 0.0, "Total Cost": 0.84, "Plan Rows": 30, "Plan Width": 0, "Actual Rows": 4, "Actual Loops": 1451805, "Index Cond": "(l_orderkey = orders.o_orderkey)", "Workers": []}]}]}]}]}]}, "Planning Time": 1.562, "Triggers": [], "Execution Time": 13441.407}, {"Plan": {"Node Type": "Aggregate", "Strategy": "Plain", "Partial Mode": "Finalize", "Parallel Aware": false, "Async Capable": false, "Startup Cost": 2987026.23, "Total Cost": 2987026.24, "Plan Rows": 1, "Plan Width": 8, "Actual Rows": 1, "Actual Loops": 1, "Plans": [{"Node Type": "Gather", "Parent Relationship": "Outer", "Parallel Aware": false, "Async Capable": false, "Startup Cost": 2987025.51, "Total Cost": 2987026.22, "Plan Rows": 7, "Plan Width": 8, "Actual Rows": 8, "Actual Loops": 1, "Workers Planned": 7, "Workers Launched": 7, "Single Copy": false, "Plans": [{"Node Type": "Aggregate", "Strategy": "Plain", "Partial Mode": "Partial", "Parent Relationship": "Outer", "Parallel Aware": false, "Async Capable": false, "Startup Cost": 2986025.51, "Total Cost": 2986025.52, "Plan Rows": 1, "Plan Width": 8, "Actual Rows": 1, "Actual Loops": 8, "Workers": [], "Plans": [{"Node Type": "Merge Join", "Parent Relationship": "Outer", "Parallel Aware": false, "Async Capable": false, "Join Type": "Inner", "Startup Cost": 2889739.07, "Total Cost": 2984904.21, "Plan Rows": 448517, "Plan Width": 0, "Actual Rows": 37691, "Actual Loops": 8, "Inner Unique": true, "Merge Cond": "(orders.o_custkey = customer.c_custkey)", "Workers": [], "Plans": [{"Node Type": "Sort", "Parent Relationship": "Outer", "Parallel Aware": false, "Async Capable": false, "Startup Cost": 2889735.99, "Total Cost": 2895351.81, "Plan Rows": 2246329, "Plan Width": 4, "Actual Rows": 187364, "Actual Loops": 8, "Sort Key": ["orders.o_custkey"], "Sort Method": "quicksort", "Sort Space Used": 6145, "Sort Space Type": "Memory", "Workers": [{"Worker Number": 0, "Sort Method": "quicksort", "Sort Space Used": 6145, "Sort Space Type": "Memory"}, {"Worker Number": 1, "Sort Method": "quicksort", "Sort Space Used": 6145, "Sort Space Type": "Memory"}, {"Worker Number": 2, "Sort Method": "quicksort", "Sort Space Used": 6145, "Sort Space Type": "Memory"}, {"Worker Number": 3, "Sort Method": "quicksort", "Sort Space Used": 6145, "Sort Space Type": "Memory"}, {"Worker Number": 4, "Sort Method": "quicksort", "Sort Space Used": 6145, "Sort Space Type": "Memory"}, {"Worker Number": 5, "Sort Method": "quicksort", "Sort Space Used": 6145, "Sort Space Type": "Memory"}, {"Worker Number": 6, "Sort Method": "quicksort", "Sort Space Used": 6145, "Sort Space Type": "Memory"}], "Plans": [{"Node Type": "Merge Join", "Parent Relationship": "Outer", "Parallel Aware": false, "Async Capable": false, "Join Type": "Inner", "Startup Cost": 6.74, "Total Cost": 2652757.96, "Plan Rows": 2246329, "Plan Width": 4, "Actual Rows": 187364, "Actual Loops": 8, "Inner Unique": true, "Merge Cond": "(lineitem.l_orderkey = orders.o_orderkey)", "Workers": [], "Plans": [{"Node Type": "Index Scan", "Parent Relationship": "Outer", "Parallel Aware": true, "Async Capable": false, "Scan Direction": "Forward", "Index Name": "idx_lineitem_orderkey", "Relation Name": "lineitem", "Alias": "lineitem", "Startup Cost": 0.56, "Total Cost": 1912307.87, "Plan Rows": 4638170, "Plan Width": 4, "Actual Rows": 4066778, "Actual Loops": 8, "Filter": "(l_shipdate > '1995-03-07'::date)", "Rows Removed by Filter": 3431478, "Workers": []}, {"Node Type": "Index Scan", "Parent Relationship": "Inner", "Parallel Aware": false, "Async Capable": false, "Scan Direction": "Forward", "Index Name": "orders_pkey", "Relation Name": "orders", "Alias": "orders", "Startup Cost": 0.43, "Total Cost": 688297.76, "Plan Rows": 7264656, "Plan Width": 8, "Actual Rows": 7239229, "Actual Loops": 8, "Filter": "(o_orderdate < '1995-03-07'::date)", "Rows Removed by Filter": 7760338, "Workers": []}]}]}, {"Node Type": "Index Scan", "Parent Relationship": "Inner", "Parallel Aware": false, "Async Capable": false, "Scan Direction": "Forward", "Index Name": "customer_pkey", "Relation Name": "customer", "Alias": "customer", "Startup Cost": 0.43, "Total Cost": 78702.71, "Plan Rows": 299500, "Plan Width": 4, "Actual Rows": 300271, "Actual Loops": 8, "Filter": "(c_mktsegment = 'BUILDING'::bpchar)", "Rows Removed by Filter": 1199712, "Workers": []}]}]}]}]}, "Planning Time": 2.299, "Triggers": [], "Execution Time": 10048.082}, {"Plan": {"Node Type": "Aggregate", "Strategy": "Plain", "Partial Mode": "Finalize", "Parallel Aware": false, "Async Capable": false, "Startup Cost": 1108424.26, "Total Cost": 1108424.27, "Plan Rows": 1, "Plan Width": 8, "Actual Rows": 1, "Actual Loops": 1, "Plans": [{"Node Type": "Gather", "Parent Relationship": "Outer", "Parallel Aware": false, "Async Capable": false, "Startup Cost": 1108423.84, "Total Cost": 1108424.25, "Plan Rows": 4, "Plan Width": 8, "Actual Rows": 5, "Actual Loops": 1, "Workers Planned": 4, "Workers Launched": 4, "Single Copy": false, "Plans": [{"Node Type": "Aggregate", "Strategy": "Plain", "Partial Mode": "Partial", "Parent Relationship": "Outer", "Parallel Aware": false, "Async Capable": false, "Startup Cost": 1107423.84, "Total Cost": 1107423.85, "Plan Rows": 1, "Plan Width": 8, "Actual Rows": 1, "Actual Loops": 5, "Workers": [], "Plans": [{"Node Type": "Nested Loop", "Parent Relationship": "Outer", "Parallel Aware": false, "Async Capable": false, "Join Type": "Inner", "Startup Cost": 1.0, "Total Cost": 1105461.57, "Plan Rows": 784905, "Plan Width": 0, "Actual Rows": 60306, "Actual Loops": 5, "Inner Unique": false, "Workers": [], "Plans": [{"Node Type": "Nested Loop", "Parent Relationship": "Outer", "Parallel Aware": false, "Async Capable": false, "Join Type": "Inner", "Startup Cost": 0.43, "Total Cost": 381352.2, "Plan Rows": 362628, "Plan Width": 4, "Actual Rows": 290361, "Actual Loops": 5, "Inner Unique": false, "Workers": [], "Plans": [{"Node Type": "Seq Scan", "Parent Relationship": "Outer", "Parallel Aware": true, "Async Capable": false, "Relation Name": "customer", "Alias": "customer", "Startup Cost": 0.0, "Total Cost": 40671.5, "Plan Rows": 74875, "Plan Width": 4, "Actual Rows": 60055, "Actual Loops": 5, "Filter": "(c_mktsegment = 'BUILDING'::bpchar)", "Rows Removed by Filter": 239945, "Workers": []}, {"Node Type": "Index Scan", "Parent Relationship": "Inner", "Parallel Aware": false, "Async Capable": false, "Scan Direction": "Forward", "Index Name": "idx_orders_custkey", "Relation Name": "orders", "Alias": "orders", "Startup Cost": 0.43, "Total Cost": 4.47, "Plan Rows": 8, "Plan Width": 8, "Actual Rows": 5, "Actual Loops": 300276, "Index Cond": "(o_custkey = customer.c_custkey)", "Rows Removed by Index Recheck": 0, "Filter": "(o_orderdate < '1995-03-07'::date)", "Rows Removed by Filter": 5, "Workers": []}]}, {"Node Type": "Index Scan", "Parent Relationship": "Inner", "Parallel Aware": false, "Async Capable": false, "Scan Direction": "Forward", "Index Name": "idx_lineitem_orderkey", "Relation Name": "lineitem", "Alias": "lineitem", "Startup Cost": 0.56, "Total Cost": 1.84, "Plan Rows": 16, "Plan Width": 4, "Actual Rows": 0, "Actual Loops": 1451805, "Index Cond": "(l_orderkey = orders.o_orderkey)", "Rows Removed by Index Recheck": 0, "Filter": "(l_shipdate > '1995-03-07'::date)", "Rows Removed by Filter": 4, "Workers": []}]}]}]}]}, "Planning Time": 2.158, "Triggers": [], "Execution Time": 10158.015}, {"Plan": {"Node Type": "Aggregate", "Strategy": "Plain", "Partial Mode": "Finalize", "Parallel Aware": false, "Async Capable": false, "Startup Cost": 2991049.08, "Total Cost": 2991049.09, "Plan Rows": 1, "Plan Width": 8, "Actual Rows": 1, "Actual Loops": 1, "Plans": [{"Node Type": "Gather", "Parent Relationship": "Outer", "Parallel Aware": false, "Async Capable": false, "Startup Cost": 2991048.36, "Total Cost": 2991049.07, "Plan Rows": 7, "Plan Width": 8, "Actual Rows": 8, "Actual Loops": 1, "Workers Planned": 7, "Workers Launched": 7, "Single Copy": false, "Plans": [{"Node Type": "Aggregate", "Strategy": "Plain", "Partial Mode": "Partial", "Parent Relationship": "Outer", "Parallel Aware": false, "Async Capable": false, "Startup Cost": 2990048.36, "Total Cost": 2990048.37, "Plan Rows": 1, "Plan Width": 8, "Actual Rows": 1, "Actual Loops": 8, "Workers": [], "Plans": [{"Node Type": "Merge Join", "Parent Relationship": "Outer", "Parallel Aware": false, "Async Capable": false, "Join Type": "Inner", "Startup Cost": 2971712.85, "Total Cost": 2988927.06, "Plan Rows": 448517, "Plan Width": 0, "Actual Rows": 37691, "Actual Loops": 8, "Inner Unique": true, "Merge Cond": "(orders.o_custkey = customer.c_custkey)", "Workers": [], "Plans": [{"Node Type": "Sort", "Parent Relationship": "Outer", "Parallel Aware": false, "Async Capable": false, "Startup Cost": 2889735.99, "Total Cost": 2895351.81, "Plan Rows": 2246329, "Plan Width": 4, "Actual Rows": 187364, "Actual Loops": 8, "Sort Key": ["orders.o_custkey"], "Sort Method": "quicksort", "Sort Space Used": 6145, "Sort Space Type": "Memory", "Workers": [{"Worker Number": 0, "Sort Method": "quicksort", "Sort Space Used": 6145, "Sort Space Type": "Memory"}, {"Worker Number": 1, "Sort Method": "quicksort", "Sort Space Used": 6145, "Sort Space Type": "Memory"}, {"Worker Number": 2, "Sort Method": "quicksort", "Sort Space Used": 6145, "Sort Space Type": "Memory"}, {"Worker Number": 3, "Sort Method": "quicksort", "Sort Space Used": 6145, "Sort Space Type": "Memory"}, {"Worker Number": 4, "Sort Method": "quicksort", "Sort Space Used": 6145, "Sort Space Type": "Memory"}, {"Worker Number": 5, "Sort Method": "quicksort", "Sort Space Used": 6145, "Sort Space Type": "Memory"}, {"Worker Number": 6, "Sort Method": "quicksort", "Sort Space Used": 6145, "Sort Space Type": "Memory"}], "Plans": [{"Node Type": "Merge Join", "Parent Relationship": "Outer", "Parallel Aware": false, "Async Capable": false, "Join Type": "Inner", "Startup Cost": 6.74, "Total Cost": 2652757.96, "Plan Rows": 2246329, "Plan Width": 4, "Actual Rows": 187364, "Actual Loops": 8, "Inner Unique": true, "Merge Cond": "(lineitem.l_orderkey = orders.o_orderkey)", "Workers": [], "Plans": [{"Node Type": "Index Scan", "Parent Relationship": "Outer", "Parallel Aware": true, "Async Capable": false, "Scan Direction": "Forward", "Index Name": "idx_lineitem_orderkey", "Relation Name": "lineitem", "Alias": "lineitem", "Startup Cost": 0.56, "Total Cost": 1912307.87, "Plan Rows": 4638170, "Plan Width": 4, "Actual Rows": 4066778, "Actual Loops": 8, "Filter": "(l_shipdate > '1995-03-07'::date)", "Rows Removed by Filter": 3431478, "Workers": []}, {"Node Type": "Index Scan", "Parent Relationship": "Inner", "Parallel Aware": false, "Async Capable": false, "Scan Direction": "Forward", "Index Name": "orders_pkey", "Relation Name": "orders", "Alias": "orders", "Startup Cost": 0.43, "Total Cost": 688297.76, "Plan Rows": 7264656, "Plan Width": 8, "Actual Rows": 7239229, "Actual Loops": 8, "Filter": "(o_orderdate < '1995-03-07'::date)", "Rows Removed by Filter": 7760338, "Workers": []}]}]}, {"Node Type": "Sort", "Parent Relationship": "Inner", "Parallel Aware": false, "Async Capable": false, "Startup Cost": 81976.81, "Total Cost": 82725.56, "Plan Rows": 299500, "Plan Width": 4, "Actual Rows": 300272, "Actual Loops": 8, "Sort Key": ["customer.c_custkey"], "Sort Method": "quicksort", "Sort Space Used": 12289, "Sort Space Type": "Memory", "Workers": [{"Worker Number": 0, "Sort Method": "quicksort", "Sort Space Used": 12289, "Sort Space Type": "Memory"}, {"Worker Number": 1, "Sort Method": "quicksort", "Sort Space Used": 12289, "Sort Space Type": "Memory"}, {"Worker Number": 2, "Sort Method": "quicksort", "Sort Space Used": 12289, "Sort Space Type": "Memory"}, {"Worker Number": 3, "Sort Method": "quicksort", "Sort Space Used": 12289, "Sort Space Type": "Memory"}, {"Worker Number": 4, "Sort Method": "quicksort", "Sort Space Used": 12289, "Sort Space Type": "Memory"}, {"Worker Number": 5, "Sort Method": "quicksort", "Sort Space Used": 12289, "Sort Space Type": "Memory"}, {"Worker Number": 6, "Sort Method": "quicksort", "Sort Space Used": 12289, "Sort Space Type": "Memory"}], "Plans": [{"Node Type": "Seq Scan", "Parent Relationship": "Outer", "Parallel Aware": false, "Async Capable": false, "Relation Name": "customer", "Alias": "customer", "Startup Cost": 0.0, "Total Cost": 54734.0, "Plan Rows": 299500, "Plan Width": 4, "Actual Rows": 300276, "Actual Loops": 8, "Filter": "(c_mktsegment = 'BUILDING'::bpchar)", "Rows Removed by Filter": 1199724, "Workers": []}]}]}]}]}]}, "Planning Time": 2.312, "Triggers": [], "Execution Time": 9334.331}, {"Plan": {"Node Type": "Aggregate", "Strategy": "Plain", "Partial Mode": "Simple", "Parallel Aware": false, "Async Capable": false, "Startup Cost": 10008634341.83, "Total Cost": 10008634341.84, "Plan Rows": 1, "Plan Width": 8, "Plans": [{"Node Type": "Merge Join", "Parent Relationship": "Outer", "Parallel Aware": false, "Async Capable": false, "Join Type": "Inner", "Startup Cost": 10008417068.41, "Total Cost": 10008626492.78, "Plan Rows": 3139620, "Plan Width": 0, "Inner Unique": false, "Merge Cond": "(lineitem.l_orderkey = orders.o_orderkey)", "Plans": [{"Node Type": "Sort", "Parent Relationship": "Outer", "Parallel Aware": false, "Async Capable": false, "Startup Cost": 6777896.77, "Total Cost": 6859064.74, "Plan Rows": 32467188, "Plan Width": 4, "Sort Key": ["lineitem.l_orderkey"], "Plans": [{"Node Type": "Bitmap Heap Scan", "Parent Relationship": "Outer", "Parallel Aware": false, "Async Capable": false, "Relation Name": "lineitem", "Alias": "lineitem", "Startup Cost": 752341.27, "Total Cost": 2283325.12, "Plan Rows": 32467188, "Plan Width": 4, "Recheck Cond": "(l_shipdate > '1995-03-07'::date)", "Plans": [{"Node Type": "Bitmap Index Scan", "Parent Relationship": "Outer", "Parallel Aware": false, "Async Capable": false, "Index Name": "idx_lineitem_shipdate", "Startup Cost": 0.0, "Total Cost": 744224.47, "Plan Rows": 32467188, "Plan Width": 0, "Index Cond": "(l_shipdate > '1995-03-07'::date)"}]}]}, {"Node Type": "Sort", "Parent Relationship": "Inner", "Parallel Aware": false, "Async Capable": false, "Startup Cost": 10001639171.54, "Total Cost": 10001642797.82, "Plan Rows": 1450510, "Plan Width": 4, "Sort Key": ["orders.o_orderkey"], "Plans": [{"Node Type": "Merge Join", "Parent Relationship": "Outer", "Parallel Aware": false, "Async Capable": false, "Join Type": "Inner", "Startup Cost": 10001360448.82, "Total Cost": 10001490725.42, "Plan Rows": 1450510, "Plan Width": 4, "Inner Unique": true, "Merge Cond": "(orders.o_custkey = customer.c_custkey)", "Plans": [{"Node Type": "Sort", "Parent Relationship": "Outer", "Parallel Aware": false, "Async Capable": false, "Startup Cost": 1360445.74, "Total Cost": 1378607.38, "Plan Rows": 7264656, "Plan Width": 8, "Sort Key": ["orders.o_custkey"], "Plans": [{"Node Type": "Bitmap Heap Scan", "Parent Relationship": "Outer", "Parallel Aware": false, "Async Capable": false, "Relation Name": "orders", "Alias": "orders", "Startup Cost": 81145.52, "Total Cost": 433225.72, "Plan Rows": 7264656, "Plan Width": 8, "Recheck Cond": "(o_orderdate < '1995-03-07'::date)", "Plans": [{"Node Type": "Bitmap Index Scan", "Parent Relationship": "Outer", "Parallel Aware": false, "Async Capable": false, "Index Name": "idx_orders_orderdate", "Startup Cost": 0.0, "Total Cost": 79329.35, "Plan Rows": 7264656, "Plan Width": 0, "Index Cond": "(o_orderdate < '1995-03-07'::date)"}]}]}, {"Node Type": "Index Scan", "Parent Relationship": "Inner", "Parallel Aware": false, "Async Capable": false, "Scan Direction": "Forward", "Index Name": "customer_pkey", "Relation Name": "customer", "Alias": "customer", "Startup Cost": 10000000000.43, "Total Cost": 10000078702.71, "Plan Rows": 299500, "Plan Width": 4, "Filter": "(c_mktsegment = 'BUILDING'::bpchar)"}]}]}]}]}}, {"Plan": {"Node Type": "Aggregate", "Strategy": "Plain", "Partial Mode": "Finalize", "Parallel Aware": false, "Async Capable": false, "Startup Cost": 2404490.11, "Total Cost": 2404490.12, "Plan Rows": 1, "Plan Width": 8, "Actual Rows": 1, "Actual Loops": 1, "Plans": [{"Node Type": "Gather", "Parent Relationship": "Outer", "Parallel Aware": false, "Async Capable": false, "Startup Cost": 2404489.69, "Total Cost": 2404490.1, "Plan Rows": 4, "Plan Width": 8, "Actual Rows": 5, "Actual Loops": 1, "Workers Planned": 4, "Workers Launched": 4, "Single Copy": false, "Plans": [{"Node Type": "Aggregate", "Strategy": "Plain", "Partial Mode": "Partial", "Parent Relationship": "Outer", "Parallel Aware": false, "Async Capable": false, "Startup Cost": 2403489.69, "Total Cost": 2403489.7, "Plan Rows": 1, "Plan Width": 8, "Actual Rows": 1, "Actual Loops": 5, "Workers": [], "Plans": [{"Node Type": "Nested Loop", "Parent Relationship": "Outer", "Parallel Aware": false, "Async Capable": false, "Join Type": "Inner", "Startup Cost": 1.62, "Total Cost": 2401527.43, "Plan Rows": 784905, "Plan Width": 0, "Actual Rows": 60306, "Actual Loops": 5, "Inner Unique": false, "Workers": [], "Plans": [{"Node Type": "Nested Loop", "Parent Relationship": "Outer", "Parallel Aware": false, "Async Capable": false, "Join Type": "Inner", "Startup Cost": 0.77, "Total Cost": 422912.56, "Plan Rows": 362628, "Plan Width": 4, "Actual Rows": 290361, "Actual Loops": 5, "Inner Unique": false, "Workers": [], "Plans": [{"Node Type": "Seq Scan", "Parent Relationship": "Outer", "Parallel Aware": true, "Async Capable": false, "Relation Name": "customer", "Alias": "customer", "Startup Cost": 0.0, "Total Cost": 40671.5, "Plan Rows": 74875, "Plan Width": 4, "Actual Rows": 60055, "Actual Loops": 5, "Filter": "(c_mktsegment = 'BUILDING'::bpchar)", "Rows Removed by Filter": 239945, "Workers": []}, {"Node Type": "Bitmap Heap Scan", "Parent Relationship": "Inner", "Parallel Aware": false, "Async Capable": false, "Relation Name": "orders", "Alias": "orders", "Startup Cost": 0.77, "Total Cost": 5.03, "Plan Rows": 8, "Plan Width": 8, "Actual Rows": 5, "Actual Loops": 300276, "Recheck Cond": "(customer.c_custkey = o_custkey)", "Rows Removed by Index Recheck": 0, "Filter": "(o_orderdate < '1995-03-07'::date)", "Rows Removed by Filter": 5, "Exact Heap Blocks": 692478, "Lossy Heap Blocks": 0, "Workers": [], "Plans": [{"Node Type": "Bitmap Index Scan", "Parent Relationship": "Outer", "Parallel Aware": false, "Async Capable": false, "Index Name": "idx_orders_custkey", "Startup Cost": 0.0, "Total Cost": 0.77, "Plan Rows": 17, "Plan Width": 0, "Actual Rows": 10, "Actual Loops": 300276, "Index Cond": "(o_custkey = customer.c_custkey)", "Workers": []}]}]}, {"Node Type": "Bitmap Heap Scan", "Parent Relationship": "Inner", "Parallel Aware": false, "Async Capable": false, "Relation Name": "lineitem", "Alias": "lineitem", "Startup Cost": 0.85, "Total Cost": 5.3, "Plan Rows": 16, "Plan Width": 4, "Actual Rows": 0, "Actual Loops": 1451805, "Recheck Cond": "(orders.o_orderkey = l_orderkey)", "Rows Removed by Index Recheck": 0, "Filter": "(l_shipdate > '1995-03-07'::date)", "Rows Removed by Filter": 4, "Exact Heap Blocks": 353382, "Lossy Heap Blocks": 0, "Workers": [], "Plans": [{"Node Type": "Bitmap Index Scan", "Parent Relationship": "Outer", "Parallel Aware": false, "Async Capable": false, "Index Name": "idx_lineitem_orderkey", "Startup Cost": 0.0, "Total Cost": 0.84, "Plan Rows": 30, "Plan Width": 0, "Actual Rows": 4, "Actual Loops": 1451805, "Index Cond": "(l_orderkey = orders.o_orderkey)", "Workers": []}]}]}]}]}]}, "Planning Time": 1.665, "Triggers": [], "Execution Time": 10810.701}, {"Plan": {"Node Type": "Aggregate", "Strategy": "Plain", "Partial Mode": "Finalize", "Parallel Aware": false, "Async Capable": false, "Startup Cost": 3426074.6, "Total Cost": 3426074.61, "Plan Rows": 1, "Plan Width": 8, "Actual Rows": 1, "Actual Loops": 1, "Plans": [{"Node Type": "Gather", "Parent Relationship": "Outer", "Parallel Aware": false, "Async Capable": false, "Startup Cost": 3426073.88, "Total Cost": 3426074.59, "Plan Rows": 7, "Plan Width": 8, "Actual Rows": 8, "Actual Loops": 1, "Workers Planned": 7, "Workers Launched": 7, "Single Copy": false, "Plans": [{"Node Type": "Aggregate", "Strategy": "Plain", "Partial Mode": "Partial", "Parent Relationship": "Outer", "Parallel Aware": false, "Async Capable": false, "Startup Cost": 3425073.88, "Total Cost": 3425073.89, "Plan Rows": 1, "Plan Width": 8, "Actual Rows": 1, "Actual Loops": 8, "Workers": [], "Plans": [{"Node Type": "Merge Join", "Parent Relationship": "Outer", "Parallel Aware": false, "Async Capable": false, "Join Type": "Inner", "Startup Cost": 3389024.89, "Total Cost": 3423952.58, "Plan Rows": 448517, "Plan Width": 0, "Actual Rows": 37691, "Actual Loops": 8, "Inner Unique": false, "Merge Cond": "(lineitem.l_orderkey = orders.o_orderkey)", "Workers": [], "Plans": [{"Node Type": "Sort", "Parent Relationship": "Outer", "Parallel Aware": false, "Async Capable": false, "Startup Cost": 1745830.44, "Total Cost": 1757425.87, "Plan Rows": 4638170, "Plan Width": 4, "Actual Rows": 4066777, "Actual Loops": 8, "Sort Key": ["lineitem.l_orderkey"], "Sort Method": "quicksort", "Sort Space Used": 193331, "Sort Space Type": "Memory", "Workers": [{"Worker Number": 0, "Sort Method": "quicksort", "Sort Space Used": 98305, "Sort Space Type": "Memory"}, {"Worker Number": 1, "Sort Method": "quicksort", "Sort Space Used": 98305, "Sort Space Type": "Memory"}, {"Worker Number": 2, "Sort Method": "quicksort", "Sort Space Used": 98305, "Sort Space Type": "Memory"}, {"Worker Number": 3, "Sort Method": "quicksort", "Sort Space Used": 98305, "Sort Space Type": "Memory"}, {"Worker Number": 4, "Sort Method": "quicksort", "Sort Space Used": 98305, "Sort Space Type": "Memory"}, {"Worker Number": 5, "Sort Method": "quicksort", "Sort Space Used": 98305, "Sort Space Type": "Memory"}, {"Worker Number": 6, "Sort Method": "quicksort", "Sort Space Used": 98305, "Sort Space Type": "Memory"}], "Plans": [{"Node Type": "Seq Scan", "Parent Relationship": "Outer", "Parallel Aware": true, "Async Capable": false, "Relation Name": "lineitem", "Alias": "lineitem", "Startup Cost": 0.0, "Total Cost": 1232266.19, "Plan Rows": 4638170, "Plan Width": 4, "Actual Rows": 4066779, "Actual Loops": 8, "Filter": "(l_shipdate > '1995-03-07'::date)", "Rows Removed by Filter": 3431478, "Workers": []}]}, {"Node Type": "Sort", "Parent Relationship": "Inner", "Parallel Aware": false, "Async Capable": false, "Startup Cost": 1643194.39, "Total Cost": 1646820.67, "Plan Rows": 1450510, "Plan Width": 4, "Actual Rows": 1475248, "Actual Loops": 8, "Sort Key": ["orders.o_orderkey"], "Sort Method": "quicksort", "Sort Space Used": 49153, "Sort Space Type": "Memory", "Workers": [{"Worker Number": 0, "Sort Method": "quicksort", "Sort Space Used": 49153, "Sort Space Type": "Memory"}, {"Worker Number": 1, "Sort Method": "quicksort", "Sort Space Used": 49153, "Sort Space Type": "Memory"}, {"Worker Number": 2, "Sort Method": "quicksort", "Sort Space Used": 49153, "Sort Space Type": "Memory"}, {"Worker Number": 3, "Sort Method": "quicksort", "Sort Space Used": 49153, "Sort Space Type": "Memory"}, {"Worker Number": 4, "Sort Method": "quicksort", "Sort Space Used": 49153, "Sort Space Type": "Memory"}, {"Worker Number": 5, "Sort Method": "quicksort", "Sort Space Used": 49153, "Sort Space Type": "Memory"}, {"Worker Number": 6, "Sort Method": "quicksort", "Sort Space Used": 49153, "Sort Space Type": "Memory"}], "Plans": [{"Node Type": "Merge Join", "Parent Relationship": "Outer", "Parallel Aware": false, "Async Capable": false, "Join Type": "Inner", "Startup Cost": 1442422.6, "Total Cost": 1494748.27, "Plan Rows": 1450510, "Plan Width": 4, "Actual Rows": 1451805, "Actual Loops": 8, "Inner Unique": true, "Merge Cond": "(orders.o_custkey = customer.c_custkey)", "Workers": [], "Plans": [{"Node Type": "Sort", "Parent Relationship": "Outer", "Parallel Aware": false, "Async Capable": false, "Startup Cost": 1360445.74, "Total Cost": 1378607.38, "Plan Rows": 7264656, "Plan Width": 8, "Actual Rows": 7239437, "Actual Loops": 8, "Sort Key": ["orders.o_custkey"], "Sort Method": "external merge", "Sort Space Used": 127512, "Sort Space Type": "Disk", "Workers": [{"Worker Number": 0, "Sort Method": "external merge", "Sort Space Used": 127512, "Sort Space Type": "Disk"}, {"Worker Number": 1, "Sort Method": "external merge", "Sort Space Used": 127512, "Sort Space Type": "Disk"}, {"Worker Number": 2, "Sort Method": "external merge", "Sort Space Used": 127512, "Sort Space Type": "Disk"}, {"Worker Number": 3, "Sort Method": "external merge", "Sort Space Used": 127512, "Sort Space Type": "Disk"}, {"Worker Number": 4, "Sort Method": "external merge", "Sort Space Used": 127512, "Sort Space Type": "Disk"}, {"Worker Number": 5, "Sort Method": "external merge", "Sort Space Used": 127512, "Sort Space Type": "Disk"}, {"Worker Number": 6, "Sort Method": "external merge", "Sort Space Used": 127512, "Sort Space Type": "Disk"}], "Plans": [{"Node Type": "Bitmap Heap Scan", "Parent Relationship": "Outer", "Parallel Aware": false, "Async Capable": false, "Relation Name": "orders", "Alias": "orders", "Startup Cost": 81145.52, "Total Cost": 433225.72, "Plan Rows": 7264656, "Plan Width": 8, "Actual Rows": 7239437, "Actual Loops": 8, "Recheck Cond": "(o_orderdate < '1995-03-07'::date)", "Rows Removed by Index Recheck": 0, "Exact Heap Blocks": 261211, "Lossy Heap Blocks": 0, "Workers": [], "Plans": [{"Node Type": "Bitmap Index Scan", "Parent Relationship": "Outer", "Parallel Aware": false, "Async Capable": false, "Index Name": "idx_orders_orderdate", "Startup Cost": 0.0, "Total Cost": 79329.35, "Plan Rows": 7264656, "Plan Width": 0, "Actual Rows": 7239437, "Actual Loops": 8, "Index Cond": "(o_orderdate < '1995-03-07'::date)", "Workers": []}]}]}, {"Node Type": "Sort", "Parent Relationship": "Inner", "Parallel Aware": false, "Async Capable": false, "Startup Cost": 81976.81, "Total Cost": 82725.56, "Plan Rows": 299500, "Plan Width": 4, "Actual Rows": 300276, "Actual Loops": 8, "Sort Key": ["customer.c_custkey"], "Sort Method": "quicksort", "Sort Space Used": 12289, "Sort Space Type": "Memory", "Workers": [{"Worker Number": 0, "Sort Method": "quicksort", "Sort Space Used": 12289, "Sort Space Type": "Memory"}, {"Worker Number": 1, "Sort Method": "quicksort", "Sort Space Used": 12289, "Sort Space Type": "Memory"}, {"Worker Number": 2, "Sort Method": "quicksort", "Sort Space Used": 12289, "Sort Space Type": "Memory"}, {"Worker Number": 3, "Sort Method": "quicksort", "Sort Space Used": 12289, "Sort Space Type": "Memory"}, {"Worker Number": 4, "Sort Method": "quicksort", "Sort Space Used": 12289, "Sort Space Type": "Memory"}, {"Worker Number": 5, "Sort Method": "quicksort", "Sort Space Used": 12289, "Sort Space Type": "Memory"}, {"Worker Number": 6, "Sort Method": "quicksort", "Sort Space Used": 12289, "Sort Space Type": "Memory"}], "Plans": [{"Node Type": "Seq Scan", "Parent Relationship": "Outer", "Parallel Aware": false, "Async Capable": false, "Relation Name": "customer", "Alias": "customer", "Startup Cost": 0.0, "Total Cost": 54734.0, "Plan Rows": 299500, "Plan Width": 4, "Actual Rows": 300276, "Actual Loops": 8, "Filter": "(c_mktsegment = 'BUILDING'::bpchar)", "Rows Removed by Filter": 1199724, "Workers": []}]}]}]}]}]}]}]}, "Planning Time": 1.664, "Triggers": [], "Execution Time": 12121.976}]