[{"Plan": {"Node Type": "Aggregate", "Strategy": "Plain", "Partial Mode": "Finalize", "Parallel Aware": false, "Async Capable": false, "Startup Cost": 592539.26, "Total Cost": 592539.27, "Plan Rows": 1, "Plan Width": 8, "Actual Rows": 1, "Actual Loops": 1, "Plans": [{"Node Type": "Gather", "Parent Relationship": "Outer", "Parallel Aware": false, "Async Capable": false, "Startup Cost": 592538.84, "Total Cost": 592539.25, "Plan Rows": 4, "Plan Width": 8, "Actual Rows": 5, "Actual Loops": 1, "Workers Planned": 4, "Workers Launched": 4, "Single Copy": false, "Plans": [{"Node Type": "Aggregate", "Strategy": "Plain", "Partial Mode": "Partial", "Parent Relationship": "Outer", "Parallel Aware": false, "Async Capable": false, "Startup Cost": 591538.84, "Total Cost": 591538.85, "Plan Rows": 1, "Plan Width": 8, "Actual Rows": 1, "Actual Loops": 5, "Workers": [], "Plans": [{"Node Type": "Hash Join", "Parent Relationship": "Outer", "Parallel Aware": true, "Async Capable": false, "Join Type": "Inner", "Startup Cost": 3095.45, "Total Cost": 591501.16, "Plan Rows": 15073, "Plan Width": 0, "Actual Rows": 11630, "Actual Loops": 5, "Inner Unique": false, "Hash Cond": "(lineitem.l_suppkey = supplier.s_suppkey)", "Join Filter": "(((n1.n_name = 'MOROCCO'::bpchar) AND (n2.n_name = 'EGYPT'::bpchar)) OR ((n1.n_name = 'EGYPT'::bpchar) AND (n2.n_name = 'MOROCCO'::bpchar)))", "Rows Removed by Join Filter": 11615, "Workers": [], "Plans": [{"Node Type": "Nested Loop", "Parent Relationship": "Outer", "Parallel Aware": false, "Async Capable": false, "Join Type": "Inner", "Startup Cost": 2.4, "Total Cost": 586705.48, "Plan Rows": 363128, "Plan Width": 30, "Actual Rows": 290940, "Actual Loops": 5, "Inner Unique": false, "Workers": [], "Plans": [{"Node Type": "Nested Loop", "Parent Relationship": "Outer", "Parallel Aware": false, "Async Capable": false, "Join Type": "Inner", "Startup Cost": 1.83, "Total Cost": 90094.69, "Plan Rows": 299998, "Plan Width": 30, "Actual Rows": 239135, "Actual Loops": 5, "Inner Unique": false, "Workers": [], "Plans": [{"Node Type": "Hash Join", "Parent Relationship": "Outer", "Parallel Aware": false, "Async Capable": false, "Join Type": "Inner", "Startup Cost": 1.4, "Total Cost": 40886.65, "Plan Rows": 30000, "Plan Width": 30, "Actual Rows": 23961, "Actual Loops": 5, "Inner Unique": true, "Hash Cond": "(customer.c_nationkey = n2.n_nationkey)", "Workers": [], "Plans": [{"Node Type": "Seq Scan", "Parent Relationship": "Outer", "Parallel Aware": true, "Async Capable": false, "Relation Name": "customer", "Alias": "customer", "Startup Cost": 0.0, "Total Cost": 39734.0, "Plan Rows": 375000, "Plan Width": 8, "Actual Rows": 300000, "Actual Loops": 5, "Workers": []}, {"Node Type": "Hash", "Parent Relationship": "Inner", "Parallel Aware": false, "Async Capable": false, "Startup Cost": 1.38, "Total Cost": 1.38, "Plan Rows": 2, "Plan Width": 30, "Actual Rows": 2, "Actual Loops": 5, "Hash Buckets": 1024, "Original Hash Buckets": 1024, "Hash Batches": 1, "Original Hash Batches": 1, "Peak Memory Usage": 9, "Workers": [], "Plans": [{"Node Type": "Seq Scan", "Parent Relationship": "Outer", "Parallel Aware": false, "Async Capable": false, "Relation Name": "nation", "Alias": "n2", "Startup Cost": 0.0, "Total Cost": 1.38, "Plan Rows": 2, "Plan Width": 30, "Actual Rows": 2, "Actual Loops": 5, "Filter": "((n_name = 'EGYPT'::bpchar) OR (n_name = 'MOROCCO'::bpchar))", "Rows Removed by Filter": 23, "Workers": []}]}]}, {"Node Type": "Index Scan", "Parent Relationship": "Inner", "Parallel Aware": false, "Async Capable": false, "Scan Direction": "Forward", "Index Name": "idx_orders_custkey", "Relation Name": "orders", "Alias": "orders", "Startup Cost": 0.43, "Total Cost": 1.47, "Plan Rows": 17, "Plan Width": 8, "Actual Rows": 10, "Actual Loops": 119803, "Index Cond": "(o_custkey = customer.c_custkey)", "Rows Removed by Index Recheck": 0, "Workers": []}]}, {"Node Type": "Index Scan", "Parent Relationship": "Inner", "Parallel Aware": false, "Async Capable": false, "Scan Direction": "Forward", "Index Name": "idx_lineitem_orderkey", "Relation Name": "lineitem", "Alias": "lineitem", "Startup Cost": 0.56, "Total Cost": 1.57, "Plan Rows": 9, "Plan Width": 8, "Actual Rows": 1, "Actual Loops": 1195674, "Index Cond": "(l_orderkey = orders.o_orderkey)", "Rows Removed by Index Recheck": 0, "Filter": "((l_shipdate >= '1995-01-01'::date) AND (l_shipdate <= '1996-12-31'::date))", "Rows Removed by Filter": 3, "Workers": []}]}, {"Node Type": "Hash", "Parent Relationship": "Inner", "Parallel Aware": true, "Async Capable": false, "Startup Cost": 3034.23, "Total Cost": 3034.23, "Plan Rows": 4706, "Plan Width": 30, "Actual Rows": 1594, "Actual Loops": 5, "Hash Buckets": 8192, "Original Hash Buckets": 8192, "Hash Batches": 1, "Original Hash Batches": 1, "Peak Memory Usage": 608, "Workers": [], "Plans": [{"Node Type": "Hash Join", "Parent Relationship": "Outer", "Parallel Aware": false, "Async Capable": false, "Join Type": "Inner", "Startup Cost": 1.4, "Total Cost": 3034.23, "Plan Rows": 4706, "Plan Width": 30, "Actual Rows": 1594, "Actual Loops": 5, "Inner Unique": true, "Hash Cond": "(supplier.s_nationkey = n1.n_nationkey)", "Workers": [], "Plans": [{"Node Type": "Seq Scan", "Parent Relationship": "Outer", "Parallel Aware": true, "Async Capable": false, "Relation Name": "supplier", "Alias": "supplier", "Startup Cost": 0.0, "Total Cost": 2852.24, "Plan Rows": 58824, "Plan Width": 8, "Actual Rows": 20000, "Actual Loops": 5, "Workers": []}, {"Node Type": "Hash", "Parent Relationship": "Inner", "Parallel Aware": false, "Async Capable": false, "Startup Cost": 1.38, "Total Cost": 1.38, "Plan Rows": 2, "Plan Width": 30, "Actual Rows": 2, "Actual Loops": 5, "Hash Buckets": 1024, "Original Hash Buckets": 1024, "Hash Batches": 1, "Original Hash Batches": 1, "Peak Memory Usage": 9, "Workers": [], "Plans": [{"Node Type": "Seq Scan", "Parent Relationship": "Outer", "Parallel Aware": false, "Async Capable": false, "Relation Name": "nation", "Alias": "n1", "Startup Cost": 0.0, "Total Cost": 1.38, "Plan Rows": 2, "Plan Width": 30, "Actual Rows": 2, "Actual Loops": 5, "Filter": "((n_name = 'MOROCCO'::bpchar) OR (n_name = 'EGYPT'::bpchar))", "Rows Removed by Filter": 23, "Workers": []}]}]}]}]}]}]}]}, "Planning Time": 4.723, "Triggers": [], "Execution Time": 7090.467}, {"Plan": {"Node Type": "Aggregate", "Strategy": "Plain", "Partial Mode": "Simple", "Parallel Aware": false, "Async Capable": false, "Startup Cost": 50002813614.77, "Total Cost": 50002813614.78, "Plan Rows": 1, "Plan Width": 8, "Plans": [{"Node Type": "Hash Join", "Parent Relationship": "Outer", "Parallel Aware": false, "Async Capable": false, "Join Type": "Inner", "Startup Cost": 50002065569.26, "Total Cost": 50002813464.04, "Plan Rows": 60292, "Plan Width": 0, "Inner Unique": true, "Hash Cond": "(customer.c_nationkey = n2.n_nationkey)", "Join Filter": "(((n1.n_name = 'MOROCCO'::bpchar) AND (n2.n_name = 'EGYPT'::bpchar)) OR ((n1.n_name = 'EGYPT'::bpchar) AND (n2.n_name = 'MOROCCO'::bpchar)))", "Plans": [{"Node Type": "Hash Join", "Parent Relationship": "Outer", "Parallel Aware": false, "Async Capable": false, "Join Type": "Inner", "Startup Cost": 40002065556.59, "Total Cost": 40002809644.44, "Plan Rows": 1448773, "Plan Width": 30, "Inner Unique": true, "Hash Cond": "(orders.o_custkey = customer.c_custkey)", "Plans": [{"Node Type": "Hash Join", "Parent Relationship": "Outer", "Parallel Aware": false, "Async Capable": false, "Join Type": "Inner", "Startup Cost": 30001971853.88, "Total Cost": 30002712138.68, "Plan Rows": 1448773, "Plan Width": 30, "Inner Unique": false, "Hash Cond": "(orders.o_orderkey = lineitem.l_orderkey)", "Plans": [{"Node Type": "Index Scan", "Parent Relationship": "Outer", "Parallel Aware": false, "Async Capable": false, "Scan Direction": "Forward", "Index Name": "orders_pkey", "Relation Name": "orders", "Alias": "orders", "Startup Cost": 10000000000.43, "Total Cost": 10000650798.01, "Plan Rows": 14999899, "Plan Width": 8}, {"Node Type": "Hash", "Parent Relationship": "Inner", "Parallel Aware": false, "Async Capable": false, "Startup Cost": 20001953743.78, "Total Cost": 20001953743.78, "Plan Rows": 1448773, "Plan Width": 30, "Plans": [{"Node Type": "Hash Join", "Parent Relationship": "Outer", "Parallel Aware": false, "Async Capable": false, "Join Type": "Inner", "Startup Cost": 20000473679.8, "Total Cost": 20001953743.78, "Plan Rows": 1448773, "Plan Width": 30, "Inner Unique": false, "Hash Cond": "(lineitem.l_suppkey = supplier.s_suppkey)", "Plans": [{"Node Type": "Bitmap Heap Scan", "Parent Relationship": "Outer", "Parallel Aware": false, "Async Capable": false, "Relation Name": "lineitem", "Alias": "lineitem", "Startup Cost": 466119.53, "Total Cost": 1863609.34, "Plan Rows": 18156387, "Plan Width": 8, "Recheck Cond": "((l_shipdate >= '1995-01-01'::date) AND (l_shipdate <= '1996-12-31'::date))", "Plans": [{"Node Type": "Bitmap Index Scan", "Parent Relationship": "Outer", "Parallel Aware": false, "Async Capable": false, "Index Name": "idx_lineitem_shipdate", "Startup Cost": 0.0, "Total Cost": 461580.43, "Plan Rows": 18156387, "Plan Width": 0, "Index Cond": "((l_shipdate >= '1995-01-01'::date) AND (l_shipdate <= '1996-12-31'::date))"}]}, {"Node Type": "Hash", "Parent Relationship": "Inner", "Parallel Aware": false, "Async Capable": false, "Startup Cost": 20000007460.26, "Total Cost": 20000007460.26, "Plan Rows": 8000, "Plan Width": 30, "Plans": [{"Node Type": "Nested Loop", "Parent Relationship": "Outer", "Parallel Aware": false, "Async Capable": false, "Join Type": "Inner", "Startup Cost": 20000000000.45, "Total Cost": 20000007460.26, "Plan Rows": 8000, "Plan Width": 30, "Inner Unique": true, "Plans": [{"Node Type": "Index Scan", "Parent Relationship": "Outer", "Parallel Aware": false, "Async Capable": false, "Scan Direction": "Forward", "Index Name": "supplier_pkey", "Relation Name": "supplier", "Alias": "supplier", "Startup Cost": 10000000000.29, "Total Cost": 10000004873.38, "Plan Rows": 100000, "Plan Width": 8}, {"Node Type": "Memoize", "Parent Relationship": "Inner", "Parallel Aware": false, "Async Capable": false, "Startup Cost": 0.16, "Total Cost": 4.17, "Plan Rows": 1, "Plan Width": 30, "Cache Key": "supplier.s_nationkey", "Cache Mode": "logical", "Plans": [{"Node Type": "Bitmap Heap Scan", "Parent Relationship": "Outer", "Parallel Aware": false, "Async Capable": false, "Relation Name": "nation", "Alias": "n1", "Startup Cost": 0.15, "Total Cost": 4.16, "Plan Rows": 1, "Plan Width": 30, "Recheck Cond": "(supplier.s_nationkey = n_nationkey)", "Filter": "((n_name = 'MOROCCO'::bpchar) OR (n_name = 'EGYPT'::bpchar))", "Plans": [{"Node Type": "Bitmap Index Scan", "Parent Relationship": "Outer", "Parallel Aware": false, "Async Capable": false, "Index Name": "nation_pkey", "Startup Cost": 0.0, "Total Cost": 0.15, "Plan Rows": 1, "Plan Width": 0, "Index Cond": "(n_nationkey = supplier.s_nationkey)"}]}]}]}]}]}]}]}, {"Node Type": "Hash", "Parent Relationship": "Inner", "Parallel Aware": false, "Async Capable": false, "Startup Cost": 10000074952.71, "Total Cost": 10000074952.71, "Plan Rows": 1500000, "Plan Width": 8, "Plans": [{"Node Type": "Index Scan", "Parent Relationship": "Outer", "Parallel Aware": false, "Async Capable": false, "Scan Direction": "Forward", "Index Name": "customer_pkey", "Relation Name": "customer", "Alias": "customer", "Startup Cost": 10000000000.43, "Total Cost": 10000074952.71, "Plan Rows": 1500000, "Plan Width": 8}]}]}, {"Node Type": "Hash", "Parent Relationship": "Inner", "Parallel Aware": false, "Async Capable": false, "Startup Cost": 10000000012.64, "Total Cost": 10000000012.64, "Plan Rows": 2, "Plan Width": 30, "Plans": [{"Node Type": "Index Scan", "Parent Relationship": "Outer", "Parallel Aware": false, "Async Capable": false, "Scan Direction": "Forward", "Index Name": "nation_pkey", "Relation Name": "nation", "Alias": "n2", "Startup Cost": 10000000000.14, "Total Cost": 10000000012.64, "Plan Rows": 2, "Plan Width": 30, "Filter": "((n_name = 'EGYPT'::bpchar) OR (n_name = 'MOROCCO'::bpchar))"}]}]}]}}, {"Plan": {"Node Type": "Aggregate", "Strategy": "Plain", "Partial Mode": "Finalize", "Parallel Aware": false, "Async Capable": false, "Startup Cost": 2250366.84, "Total Cost": 2250366.85, "Plan Rows": 1, "Plan Width": 8, "Actual Rows": 1, "Actual Loops": 1, "Plans": [{"Node Type": "Gather", "Parent Relationship": "Outer", "Parallel Aware": false, "Async Capable": false, "Startup Cost": 2250366.11, "Total Cost": 2250366.82, "Plan Rows": 7, "Plan Width": 8, "Actual Rows": 8, "Actual Loops": 1, "Workers Planned": 7, "Workers Launched": 7, "Single Copy": false, "Plans": [{"Node Type": "Aggregate", "Strategy": "Plain", "Partial Mode": "Partial", "Parent Relationship": "Outer", "Parallel Aware": false, "Async Capable": false, "Startup Cost": 2249366.11, "Total Cost": 2249366.12, "Plan Rows": 1, "Plan Width": 8, "Actual Rows": 1, "Actual Loops": 8, "Workers": [], "Plans": [{"Node Type": "Hash Join", "Parent Relationship": "Outer", "Parallel Aware": true, "Async Capable": false, "Join Type": "Inner", "Startup Cost": 1074248.63, "Total Cost": 2249344.58, "Plan Rows": 8613, "Plan Width": 0, "Actual Rows": 7269, "Actual Loops": 8, "Inner Unique": false, "Hash Cond": "(lineitem.l_suppkey = supplier.s_suppkey)", "Join Filter": "(((n1.n_name = 'MOROCCO'::bpchar) AND (n2.n_name = 'EGYPT'::bpchar)) OR ((n1.n_name = 'EGYPT'::bpchar) AND (n2.n_name = 'MOROCCO'::bpchar)))", "Rows Removed by Join Filter": 7260, "Workers": [], "Plans": [{"Node Type": "Hash Join", "Parent Relationship": "Outer", "Parallel Aware": true, "Async Capable": false, "Join Type": "Inner", "Startup Cost": 1069534.94, "Total Cost": 2243657.96, "Plan Rows": 207502, "Plan Width": 30, "Actual Rows": 181838, "Actual Loops": 8, "Inner Unique": false, "Hash Cond": "(lineitem.l_orderkey = orders.o_orderkey)", "Workers": [], "Plans": [{"Node Type": "Bitmap Heap Scan", "Parent Relationship": "Outer", "Parallel Aware": true, "Async Capable": false, "Relation Name": "lineitem", "Alias": "lineitem", "Startup Cost": 466119.53, "Total Cost": 1630170.08, "Plan Rows": 2593770, "Plan Width": 8, "Actual Rows": 2278791, "Actual Loops": 8, "Recheck Cond": "((l_shipdate >= '1995-01-01'::date) AND (l_shipdate <= '1996-12-31'::date))", "Rows Removed by Index Recheck": 0, "Exact Heap Blocks": 164357, "Lossy Heap Blocks": 0, "Workers": [], "Plans": [{"Node Type": "Bitmap Index Scan", "Parent Relationship": "Outer", "Parallel Aware": false, "Async Capable": false, "Index Name": "idx_lineitem_shipdate", "Startup Cost": 0.0, "Total Cost": 461580.43, "Plan Rows": 18156387, "Plan Width": 0, "Actual Rows": 18230325, "Actual Loops": 1, "Index Cond": "((l_shipdate >= '1995-01-01'::date) AND (l_shipdate <= '1996-12-31'::date))", "Workers": []}]}, {"Node Type": "Hash", "Parent Relationship": "Inner", "Parallel Aware": true, "Async Capable": false, "Startup Cost": 600915.42, "Total Cost": 600915.42, "Plan Rows": 199999, "Plan Width": 30, "Actual Rows": 149459, "Actual Loops": 8, "Hash Buckets": 2097152, "Original Hash Buckets": 2097152, "Hash Batches": 1, "Original Hash Batches": 1, "Peak Memory Usage": 91392, "Workers": [], "Plans": [{"Node Type": "Hash Join", "Parent Relationship": "Outer", "Parallel Aware": true, "Async Capable": false, "Join Type": "Inner", "Startup Cost": 65242.06, "Total Cost": 600915.42, "Plan Rows": 199999, "Plan Width": 30, "Actual Rows": 149459, "Actual Loops": 8, "Inner Unique": false, "Hash Cond": "(orders.o_custkey = customer.c_custkey)", "Workers": [], "Plans": [{"Node Type": "Index Scan", "Parent Relationship": "Outer", "Parallel Aware": true, "Async Capable": false, "Scan Direction": "Forward", "Index Name": "orders_pkey", "Relation Name": "orders", "Alias": "orders", "Startup Cost": 0.43, "Total Cost": 525798.86, "Plan Rows": 2499983, "Plan Width": 8, "Actual Rows": 1875000, "Actual Loops": 8, "Workers": []}, {"Node Type": "Hash", "Parent Relationship": "Inner", "Parallel Aware": true, "Async Capable": false, "Startup Cost": 64866.63, "Total Cost": 64866.63, "Plan Rows": 30000, "Plan Width": 30, "Actual Rows": 14975, "Actual Loops": 8, "Hash Buckets": 131072, "Original Hash Buckets": 131072, "Hash Batches": 1, "Original Hash Batches": 1, "Peak Memory Usage": 8672, "Workers": [], "Plans": [{"Node Type": "Hash Join", "Parent Relationship": "Outer", "Parallel Aware": false, "Async Capable": false, "Join Type": "Inner", "Startup Cost": 13.09, "Total Cost": 64866.63, "Plan Rows": 30000, "Plan Width": 30, "Actual Rows": 14975, "Actual Loops": 8, "Inner Unique": true, "Hash Cond": "(customer.c_nationkey = n2.n_nationkey)", "Workers": [], "Plans": [{"Node Type": "Index Scan", "Parent Relationship": "Outer", "Parallel Aware": true, "Async Capable": false, "Scan Direction": "Forward", "Index Name": "customer_pkey", "Relation Name": "customer", "Alias": "customer", "Startup Cost": 0.43, "Total Cost": 63702.71, "Plan Rows": 375000, "Plan Width": 8, "Actual Rows": 187500, "Actual Loops": 8, "Workers": []}, {"Node Type": "Hash", "Parent Relationship": "Inner", "Parallel Aware": false, "Async Capable": false, "Startup Cost": 12.64, "Total Cost": 12.64, "Plan Rows": 2, "Plan Width": 30, "Actual Rows": 2, "Actual Loops": 8, "Hash Buckets": 1024, "Original Hash Buckets": 1024, "Hash Batches": 1, "Original Hash Batches": 1, "Peak Memory Usage": 9, "Workers": [], "Plans": [{"Node Type": "Index Scan", "Parent Relationship": "Outer", "Parallel Aware": false, "Async Capable": false, "Scan Direction": "Forward", "Index Name": "nation_pkey", "Relation Name": "nation", "Alias": "n2", "Startup Cost": 0.14, "Total Cost": 12.64, "Plan Rows": 2, "Plan Width": 30, "Actual Rows": 2, "Actual Loops": 8, "Filter": "((n_name = 'EGYPT'::bpchar) OR (n_name = 'MOROCCO'::bpchar))", "Rows Removed by Filter": 23, "Workers": []}]}]}]}]}]}]}, {"Node Type": "Hash", "Parent Relationship": "Inner", "Parallel Aware": true, "Async Capable": false, "Startup Cost": 4654.86, "Total Cost": 4654.86, "Plan Rows": 4706, "Plan Width": 30, "Actual Rows": 996, "Actual Loops": 8, "Hash Buckets": 8192, "Original Hash Buckets": 8192, "Hash Batches": 1, "Original Hash Batches": 1, "Peak Memory Usage": 672, "Workers": [], "Plans": [{"Node Type": "Hash Join", "Parent Relationship": "Outer", "Parallel Aware": false, "Async Capable": false, "Join Type": "Inner", "Startup Cost": 12.96, "Total Cost": 4654.86, "Plan Rows": 4706, "Plan Width": 30, "Actual Rows": 996, "Actual Loops": 8, "Inner Unique": true, "Hash Cond": "(supplier.s_nationkey = n1.n_nationkey)", "Workers": [], "Plans": [{"Node Type": "Index Scan", "Parent Relationship": "Outer", "Parallel Aware": true, "Async Capable": false, "Scan Direction": "Forward", "Index Name": "supplier_pkey", "Relation Name": "supplier", "Alias": "supplier", "Startup Cost": 0.29, "Total Cost": 4461.61, "Plan Rows": 58824, "Plan Width": 8, "Actual Rows": 12500, "Actual Loops": 8, "Workers": []}, {"Node Type": "Hash", "Parent Relationship": "Inner", "Parallel Aware": false, "Async Capable": false, "Startup Cost": 12.64, "Total Cost": 12.64, "Plan Rows": 2, "Plan Width": 30, "Actual Rows": 2, "Actual Loops": 8, "Hash Buckets": 1024, "Original Hash Buckets": 1024, "Hash Batches": 1, "Original Hash Batches": 1, "Peak Memory Usage": 9, "Workers": [], "Plans": [{"Node Type": "Index Scan", "Parent Relationship": "Outer", "Parallel Aware": false, "Async Capable": false, "Scan Direction": "Forward", "Index Name": "nation_pkey", "Relation Name": "nation", "Alias": "n1", "Startup Cost": 0.14, "Total Cost": 12.64, "Plan Rows": 2, "Plan Width": 30, "Actual Rows": 2, "Actual Loops": 8, "Filter": "((n_name = 'MOROCCO'::bpchar) OR (n_name = 'EGYPT'::bpchar))", "Rows Removed by Filter": 23, "Workers": []}]}]}]}]}]}]}]}, "Planning Time": 2.689, "Triggers": [], "Execution Time": 19760.439}, {"Plan": {"Node Type": "Aggregate", "Strategy": "Plain", "Partial Mode": "Finalize", "Parallel Aware": false, "Async Capable": false, "Startup Cost": 618139.87, "Total Cost": 618139.88, "Plan Rows": 1, "Plan Width": 8, "Actual Rows": 1, "Actual Loops": 1, "Plans": [{"Node Type": "Gather", "Parent Relationship": "Outer", "Parallel Aware": false, "Async Capable": false, "Startup Cost": 618139.45, "Total Cost": 618139.86, "Plan Rows": 4, "Plan Width": 8, "Actual Rows": 5, "Actual Loops": 1, "Workers Planned": 4, "Workers Launched": 4, "Single Copy": false, "Plans": [{"Node Type": "Aggregate", "Strategy": "Plain", "Partial Mode": "Partial", "Parent Relationship": "Outer", "Parallel Aware": false, "Async Capable": false, "Startup Cost": 617139.45, "Total Cost": 617139.46, "Plan Rows": 1, "Plan Width": 8, "Actual Rows": 1, "Actual Loops": 5, "Workers": [], "Plans": [{"Node Type": "Hash Join", "Parent Relationship": "Outer", "Parallel Aware": true, "Async Capable": false, "Join Type": "Inner", "Startup Cost": 4727.78, "Total Cost": 617101.77, "Plan Rows": 15073, "Plan Width": 0, "Actual Rows": 11630, "Actual Loops": 5, "Inner Unique": false, "Hash Cond": "(lineitem.l_suppkey = supplier.s_suppkey)", "Join Filter": "(((n1.n_name = 'MOROCCO'::bpchar) AND (n2.n_name = 'EGYPT'::bpchar)) OR ((n1.n_name = 'EGYPT'::bpchar) AND (n2.n_name = 'MOROCCO'::bpchar)))", "Rows Removed by Join Filter": 11615, "Workers": [], "Plans": [{"Node Type": "Nested Loop", "Parent Relationship": "Outer", "Parallel Aware": false, "Async Capable": false, "Join Type": "Inner", "Startup Cost": 14.09, "Total Cost": 610685.45, "Plan Rows": 363128, "Plan Width": 30, "Actual Rows": 290940, "Actual Loops": 5, "Inner Unique": false, "Workers": [], "Plans": [{"Node Type": "Nested Loop", "Parent Relationship": "Outer", "Parallel Aware": false, "Async Capable": false, "Join Type": "Inner", "Startup Cost": 13.53, "Total Cost": 114074.67, "Plan Rows": 299998, "Plan Width": 30, "Actual Rows": 239135, "Actual Loops": 5, "Inner Unique": false, "Workers": [], "Plans": [{"Node Type": "Hash Join", "Parent Relationship": "Outer", "Parallel Aware": false, "Async Capable": false, "Join Type": "Inner", "Startup Cost": 13.09, "Total Cost": 64866.63, "Plan Rows": 30000, "Plan Width": 30, "Actual Rows": 23961, "Actual Loops": 5, "Inner Unique": true, "Hash Cond": "(customer.c_nationkey = n2.n_nationkey)", "Workers": [], "Plans": [{"Node Type": "Index Scan", "Parent Relationship": "Outer", "Parallel Aware": true, "Async Capable": false, "Scan Direction": "Forward", "Index Name": "customer_pkey", "Relation Name": "customer", "Alias": "customer", "Startup Cost": 0.43, "Total Cost": 63702.71, "Plan Rows": 375000, "Plan Width": 8, "Actual Rows": 300000, "Actual Loops": 5, "Workers": []}, {"Node Type": "Hash", "Parent Relationship": "Inner", "Parallel Aware": false, "Async Capable": false, "Startup Cost": 12.64, "Total Cost": 12.64, "Plan Rows": 2, "Plan Width": 30, "Actual Rows": 2, "Actual Loops": 5, "Hash Buckets": 1024, "Original Hash Buckets": 1024, "Hash Batches": 1, "Original Hash Batches": 1, "Peak Memory Usage": 9, "Workers": [], "Plans": [{"Node Type": "Index Scan", "Parent Relationship": "Outer", "Parallel Aware": false, "Async Capable": false, "Scan Direction": "Forward", "Index Name": "nation_pkey", "Relation Name": "nation", "Alias": "n2", "Startup Cost": 0.14, "Total Cost": 12.64, "Plan Rows": 2, "Plan Width": 30, "Actual Rows": 2, "Actual Loops": 5, "Filter": "((n_name = 'EGYPT'::bpchar) OR (n_name = 'MOROCCO'::bpchar))", "Rows Removed by Filter": 23, "Workers": []}]}]}, {"Node Type": "Index Scan", "Parent Relationship": "Inner", "Parallel Aware": false, "Async Capable": false, "Scan Direction": "Forward", "Index Name": "idx_orders_custkey", "Relation Name": "orders", "Alias": "orders", "Startup Cost": 0.43, "Total Cost": 1.47, "Plan Rows": 17, "Plan Width": 8, "Actual Rows": 10, "Actual Loops": 119803, "Index Cond": "(o_custkey = customer.c_custkey)", "Rows Removed by Index Recheck": 0, "Workers": []}]}, {"Node Type": "Index Scan", "Parent Relationship": "Inner", "Parallel Aware": false, "Async Capable": false, "Scan Direction": "Forward", "Index Name": "idx_lineitem_orderkey", "Relation Name": "lineitem", "Alias": "lineitem", "Startup Cost": 0.56, "Total Cost": 1.57, "Plan Rows": 9, "Plan Width": 8, "Actual Rows": 1, "Actual Loops": 1195674, "Index Cond": "(l_orderkey = orders.o_orderkey)", "Rows Removed by Index Recheck": 0, "Filter": "((l_shipdate >= '1995-01-01'::date) AND (l_shipdate <= '1996-12-31'::date))", "Rows Removed by Filter": 3, "Workers": []}]}, {"Node Type": "Hash", "Parent Relationship": "Inner", "Parallel Aware": true, "Async Capable": false, "Startup Cost": 4654.86, "Total Cost": 4654.86, "Plan Rows": 4706, "Plan Width": 30, "Actual Rows": 1594, "Actual Loops": 5, "Hash Buckets": 8192, "Original Hash Buckets": 8192, "Hash Batches": 1, "Original Hash Batches": 1, "Peak Memory Usage": 672, "Workers": [], "Plans": [{"Node Type": "Hash Join", "Parent Relationship": "Outer", "Parallel Aware": false, "Async Capable": false, "Join Type": "Inner", "Startup Cost": 12.96, "Total Cost": 4654.86, "Plan Rows": 4706, "Plan Width": 30, "Actual Rows": 1594, "Actual Loops": 5, "Inner Unique": true, "Hash Cond": "(supplier.s_nationkey = n1.n_nationkey)", "Workers": [], "Plans": [{"Node Type": "Index Scan", "Parent Relationship": "Outer", "Parallel Aware": true, "Async Capable": false, "Scan Direction": "Forward", "Index Name": "supplier_pkey", "Relation Name": "supplier", "Alias": "supplier", "Startup Cost": 0.29, "Total Cost": 4461.61, "Plan Rows": 58824, "Plan Width": 8, "Actual Rows": 20000, "Actual Loops": 5, "Workers": []}, {"Node Type": "Hash", "Parent Relationship": "Inner", "Parallel Aware": false, "Async Capable": false, "Startup Cost": 12.64, "Total Cost": 12.64, "Plan Rows": 2, "Plan Width": 30, "Actual Rows": 2, "Actual Loops": 5, "Hash Buckets": 1024, "Original Hash Buckets": 1024, "Hash Batches": 1, "Original Hash Batches": 1, "Peak Memory Usage": 9, "Workers": [], "Plans": [{"Node Type": "Index Scan", "Parent Relationship": "Outer", "Parallel Aware": false, "Async Capable": false, "Scan Direction": "Forward", "Index Name": "nation_pkey", "Relation Name": "nation", "Alias": "n1", "Startup Cost": 0.14, "Total Cost": 12.64, "Plan Rows": 2, "Plan Width": 30, "Actual Rows": 2, "Actual Loops": 5, "Filter": "((n_name = 'MOROCCO'::bpchar) OR (n_name = 'EGYPT'::bpchar))", "Rows Removed by Filter": 23, "Workers": []}]}]}]}]}]}]}]}, "Planning Time": 4.684, "Triggers": [], "Execution Time": 7127.197}, {"Plan": {"Node Type": "Aggregate", "Strategy": "Plain", "Partial Mode": "Finalize", "Parallel Aware": false, "Async Capable": false, "Startup Cost": 1608759.75, "Total Cost": 1608759.76, "Plan Rows": 1, "Plan Width": 8, "Actual Rows": 1, "Actual Loops": 1, "Plans": [{"Node Type": "Gather", "Parent Relationship": "Outer", "Parallel Aware": false, "Async Capable": false, "Startup Cost": 1608759.02, "Total Cost": 1608759.73, "Plan Rows": 7, "Plan Width": 8, "Actual Rows": 8, "Actual Loops": 1, "Workers Planned": 7, "Workers Launched": 7, "Single Copy": false, "Plans": [{"Node Type": "Aggregate", "Strategy": "Plain", "Partial Mode": "Partial", "Parent Relationship": "Outer", "Parallel Aware": false, "Async Capable": false, "Startup Cost": 1607759.02, "Total Cost": 1607759.03, "Plan Rows": 1, "Plan Width": 8, "Actual Rows": 1, "Actual Loops": 8, "Workers": [], "Plans": [{"Node Type": "Hash Join", "Parent Relationship": "Outer", "Parallel Aware": true, "Async Capable": false, "Join Type": "Inner", "Startup Cost": 343001.46, "Total Cost": 1607737.49, "Plan Rows": 8613, "Plan Width": 0, "Actual Rows": 7269, "Actual Loops": 8, "Inner Unique": false, "Hash Cond": "(lineitem.l_suppkey = supplier.s_suppkey)", "Join Filter": "(((n1.n_name = 'MOROCCO'::bpchar) AND (n2.n_name = 'EGYPT'::bpchar)) OR ((n1.n_name = 'EGYPT'::bpchar) AND (n2.n_name = 'MOROCCO'::bpchar)))", "Rows Removed by Join Filter": 7260, "Workers": [], "Plans": [{"Node Type": "Hash Join", "Parent Relationship": "Outer", "Parallel Aware": true, "Async Capable": false, "Join Type": "Inner", "Startup Cost": 339908.41, "Total Cost": 1603671.51, "Plan Rows": 207502, "Plan Width": 30, "Actual Rows": 181838, "Actual Loops": 8, "Inner Unique": false, "Hash Cond": "(lineitem.l_orderkey = orders.o_orderkey)", "Workers": [], "Plans": [{"Node Type": "Seq Scan", "Parent Relationship": "Outer", "Parallel Aware": true, "Async Capable": false, "Relation Name": "lineitem", "Alias": "lineitem", "Startup Cost": 0.0, "Total Cost": 1253690.62, "Plan Rows": 2593770, "Plan Width": 8, "Actual Rows": 2278791, "Actual Loops": 8, "Filter": "((l_shipdate >= '1995-01-01'::date) AND (l_shipdate <= '1996-12-31'::date))", "Rows Removed by Filter": 5219466, "Workers": []}, {"Node Type": "Hash", "Parent Relationship": "Inner", "Parallel Aware": true, "Async Capable": false, "Startup Cost": 337408.42, "Total Cost": 337408.42, "Plan Rows": 199999, "Plan Width": 30, "Actual Rows": 149459, "Actual Loops": 8, "Hash Buckets": 2097152, "Original Hash Buckets": 2097152, "Hash Batches": 1, "Original Hash Batches": 1, "Peak Memory Usage": 91392, "Workers": [], "Plans": [{"Node Type": "Hash Join", "Parent Relationship": "Outer", "Parallel Aware": true, "Async Capable": false, "Join Type": "Inner", "Startup Cost": 41261.65, "Total Cost": 337408.42, "Plan Rows": 199999, "Plan Width": 30, "Actual Rows": 149459, "Actual Loops": 8, "Inner Unique": false, "Hash Cond": "(orders.o_custkey = customer.c_custkey)", "Workers": [], "Plans": [{"Node Type": "Seq Scan", "Parent Relationship": "Outer", "Parallel Aware": true, "Async Capable": false, "Relation Name": "orders", "Alias": "orders", "Startup Cost": 0.0, "Total Cost": 286271.83, "Plan Rows": 2499983, "Plan Width": 8, "Actual Rows": 1875000, "Actual Loops": 8, "Workers": []}, {"Node Type": "Hash", "Parent Relationship": "Inner", "Parallel Aware": true, "Async Capable": false, "Startup Cost": 40886.65, "Total Cost": 40886.65, "Plan Rows": 30000, "Plan Width": 30, "Actual Rows": 14975, "Actual Loops": 8, "Hash Buckets": 131072, "Original Hash Buckets": 131072, "Hash Batches": 1, "Original Hash Batches": 1, "Peak Memory Usage": 8640, "Workers": [], "Plans": [{"Node Type": "Hash Join", "Parent Relationship": "Outer", "Parallel Aware": false, "Async Capable": false, "Join Type": "Inner", "Startup Cost": 1.4, "Total Cost": 40886.65, "Plan Rows": 30000, "Plan Width": 30, "Actual Rows": 14975, "Actual Loops": 8, "Inner Unique": true, "Hash Cond": "(customer.c_nationkey = n2.n_nationkey)", "Workers": [], "Plans": [{"Node Type": "Seq Scan", "Parent Relationship": "Outer", "Parallel Aware": true, "Async Capable": false, "Relation Name": "customer", "Alias": "customer", "Startup Cost": 0.0, "Total Cost": 39734.0, "Plan Rows": 375000, "Plan Width": 8, "Actual Rows": 187500, "Actual Loops": 8, "Workers": []}, {"Node Type": "Hash", "Parent Relationship": "Inner", "Parallel Aware": false, "Async Capable": false, "Startup Cost": 1.38, "Total Cost": 1.38, "Plan Rows": 2, "Plan Width": 30, "Actual Rows": 2, "Actual Loops": 8, "Hash Buckets": 1024, "Original Hash Buckets": 1024, "Hash Batches": 1, "Original Hash Batches": 1, "Peak Memory Usage": 9, "Workers": [], "Plans": [{"Node Type": "Seq Scan", "Parent Relationship": "Outer", "Parallel Aware": false, "Async Capable": false, "Relation Name": "nation", "Alias": "n2", "Startup Cost": 0.0, "Total Cost": 1.38, "Plan Rows": 2, "Plan Width": 30, "Actual Rows": 2, "Actual Loops": 8, "Filter": "((n_name = 'EGYPT'::bpchar) OR (n_name = 'MOROCCO'::bpchar))", "Rows Removed by Filter": 23, "Workers": []}]}]}]}]}]}]}, {"Node Type": "Hash", "Parent Relationship": "Inner", "Parallel Aware": true, "Async Capable": false, "Startup Cost": 3034.23, "Total Cost": 3034.23, "Plan Rows": 4706, "Plan Width": 30, "Actual Rows": 996, "Actual Loops": 8, "Hash Buckets": 8192, "Original Hash Buckets": 8192, "Hash Batches": 1, "Original Hash Batches": 1, "Peak Memory Usage": 672, "Workers": [], "Plans": [{"Node Type": "Hash Join", "Parent Relationship": "Outer", "Parallel Aware": false, "Async Capable": false, "Join Type": "Inner", "Startup Cost": 1.4, "Total Cost": 3034.23, "Plan Rows": 4706, "Plan Width": 30, "Actual Rows": 996, "Actual Loops": 8, "Inner Unique": true, "Hash Cond": "(supplier.s_nationkey = n1.n_nationkey)", "Workers": [], "Plans": [{"Node Type": "Seq Scan", "Parent Relationship": "Outer", "Parallel Aware": true, "Async Capable": false, "Relation Name": "supplier", "Alias": "supplier", "Startup Cost": 0.0, "Total Cost": 2852.24, "Plan Rows": 58824, "Plan Width": 8, "Actual Rows": 12500, "Actual Loops": 8, "Workers": []}, {"Node Type": "Hash", "Parent Relationship": "Inner", "Parallel Aware": false, "Async Capable": false, "Startup Cost": 1.38, "Total Cost": 1.38, "Plan Rows": 2, "Plan Width": 30, "Actual Rows": 2, "Actual Loops": 8, "Hash Buckets": 1024, "Original Hash Buckets": 1024, "Hash Batches": 1, "Original Hash Batches": 1, "Peak Memory Usage": 9, "Workers": [], "Plans": [{"Node Type": "Seq Scan", "Parent Relationship": "Outer", "Parallel Aware": false, "Async Capable": false, "Relation Name": "nation", "Alias": "n1", "Startup Cost": 0.0, "Total Cost": 1.38, "Plan Rows": 2, "Plan Width": 30, "Actual Rows": 2, "Actual Loops": 8, "Filter": "((n_name = 'MOROCCO'::bpchar) OR (n_name = 'EGYPT'::bpchar))", "Rows Removed by Filter": 23, "Workers": []}]}]}]}]}]}]}]}, "Planning Time": 4.924, "Triggers": [], "Execution Time": 4155.088}, {"Plan": {"Node Type": "Aggregate", "Strategy": "Plain", "Partial Mode": "Finalize", "Parallel Aware": false, "Async Capable": false, "Startup Cost": 4903027.82, "Total Cost": 4903027.83, "Plan Rows": 1, "Plan Width": 8, "Actual Rows": 1, "Actual Loops": 1, "Plans": [{"Node Type": "Gather", "Parent Relationship": "Outer", "Parallel Aware": false, "Async Capable": false, "Startup Cost": 4903027.09, "Total Cost": 4903027.8, "Plan Rows": 7, "Plan Width": 8, "Actual Rows": 8, "Actual Loops": 1, "Workers Planned": 7, "Workers Launched": 7, "Single Copy": false, "Plans": [{"Node Type": "Aggregate", "Strategy": "Plain", "Partial Mode": "Partial", "Parent Relationship": "Outer", "Parallel Aware": false, "Async Capable": false, "Startup Cost": 4902027.09, "Total Cost": 4902027.1, "Plan Rows": 1, "Plan Width": 8, "Actual Rows": 1, "Actual Loops": 8, "Workers": [], "Plans": [{"Node Type": "Nested Loop", "Parent Relationship": "Outer", "Parallel Aware": false, "Async Capable": false, "Join Type": "Inner", "Startup Cost": 466121.03, "Total Cost": 4902005.56, "Plan Rows": 8613, "Plan Width": 0, "Actual Rows": 7269, "Actual Loops": 8, "Inner Unique": true, "Join Filter": "(((n1.n_name = 'MOROCCO'::bpchar) AND (n2.n_name = 'EGYPT'::bpchar)) OR ((n1.n_name = 'EGYPT'::bpchar) AND (n2.n_name = 'MOROCCO'::bpchar)))", "Rows Removed by Join Filter": 7260, "Workers": [], "Plans": [{"Node Type": "Nested Loop", "Parent Relationship": "Outer", "Parallel Aware": false, "Async Capable": false, "Join Type": "Inner", "Startup Cost": 466120.89, "Total Cost": 4036413.39, "Plan Rows": 206968, "Plan Width": 30, "Actual Rows": 181702, "Actual Loops": 8, "Inner Unique": true, "Workers": [], "Plans": [{"Node Type": "Nested Loop", "Parent Relationship": "Outer", "Parallel Aware": false, "Async Capable": false, "Join Type": "Inner", "Startup Cost": 466120.45, "Total Cost": 3115644.3, "Plan Rows": 206968, "Plan Width": 30, "Actual Rows": 181702, "Actual Loops": 8, "Inner Unique": true, "Workers": [], "Plans": [{"Node Type": "Nested Loop", "Parent Relationship": "Outer", "Parallel Aware": false, "Async Capable": false, "Join Type": "Inner", "Startup Cost": 466120.0, "Total Cost": 2191674.67, "Plan Rows": 206968, "Plan Width": 30, "Actual Rows": 181702, "Actual Loops": 8, "Inner Unique": true, "Workers": [], "Plans": [{"Node Type": "Nested Loop", "Parent Relationship": "Outer", "Parallel Aware": false, "Async Capable": false, "Join Type": "Inner", "Startup Cost": 466119.84, "Total Cost": 2127407.83, "Plan Rows": 2587095, "Plan Width": 8, "Actual Rows": 2278791, "Actual Loops": 8, "Inner Unique": true, "Workers": [], "Plans": [{"Node Type": "Bitmap Heap Scan", "Parent Relationship": "Outer", "Parallel Aware": true, "Async Capable": false, "Relation Name": "lineitem", "Alias": "lineitem", "Startup Cost": 466119.53, "Total Cost": 1630170.08, "Plan Rows": 2593770, "Plan Width": 8, "Actual Rows": 2278791, "Actual Loops": 8, "Recheck Cond": "((l_shipdate >= '1995-01-01'::date) AND (l_shipdate <= '1996-12-31'::date))", "Rows Removed by Index Recheck": 0, "Exact Heap Blocks": 156874, "Lossy Heap Blocks": 0, "Workers": [], "Plans": [{"Node Type": "Bitmap Index Scan", "Parent Relationship": "Outer", "Parallel Aware": false, "Async Capable": false, "Index Name": "idx_lineitem_shipdate", "Startup Cost": 0.0, "Total Cost": 461580.43, "Plan Rows": 18156387, "Plan Width": 0, "Actual Rows": 18230325, "Actual Loops": 1, "Index Cond": "((l_shipdate >= '1995-01-01'::date) AND (l_shipdate <= '1996-12-31'::date))", "Workers": []}]}, {"Node Type": "Memoize", "Parent Relationship": "Inner", "Parallel Aware": false, "Async Capable": false, "Startup Cost": 0.31, "Total Cost": 4.32, "Plan Rows": 1, "Plan Width": 8, "Actual Rows": 1, "Actual Loops": 18230325, "Cache Key": "lineitem.l_suppkey", "Cache Mode": "logical", "Cache Hits": 2451836, "Cache Misses": 100000, "Cache Evictions": 0, "Cache Overflows": 0, "Peak Memory Usage": 10547, "Workers": [{"Worker Number": 0, "Cache Hits": 2276959, "Cache Misses": 100000, "Cache Evictions": 0, "Cache Overflows": 0, "Peak Memory Usage": 10547}, {"Worker Number": 1, "Cache Hits": 2017117, "Cache Misses": 100000, "Cache Evictions": 0, "Cache Overflows": 0, "Peak Memory Usage": 10547}, {"Worker Number": 2, "Cache Hits": 2037361, "Cache Misses": 100000, "Cache Evictions": 0, "Cache Overflows": 0, "Peak Memory Usage": 10547}, {"Worker Number": 3, "Cache Hits": 2089251, "Cache Misses": 100000, "Cache Evictions": 0, "Cache Overflows": 0, "Peak Memory Usage": 10547}, {"Worker Number": 4, "Cache Hits": 2231413, "Cache Misses": 100000, "Cache Evictions": 0, "Cache Overflows": 0, "Peak Memory Usage": 10547}, {"Worker Number": 5, "Cache Hits": 2280409, "Cache Misses": 100000, "Cache Evictions": 0, "Cache Overflows": 0, "Peak Memory Usage": 10547}, {"Worker Number": 6, "Cache Hits": 2045979, "Cache Misses": 100000, "Cache Evictions": 0, "Cache Overflows": 0, "Peak Memory Usage": 10547}], "Plans": [{"Node Type": "Bitmap Heap Scan", "Parent Relationship": "Outer", "Parallel Aware": false, "Async Capable": false, "Relation Name": "supplier", "Alias": "supplier", "Startup Cost": 0.3, "Total Cost": 4.31, "Plan Rows": 1, "Plan Width": 8, "Actual Rows": 1, "Actual Loops": 800000, "Recheck Cond": "(s_suppkey = lineitem.l_suppkey)", "Rows Removed by Index Recheck": 0, "Exact Heap Blocks": 100000, "Lossy Heap Blocks": 0, "Workers": [], "Plans": [{"Node Type": "Bitmap Index Scan", "Parent Relationship": "Outer", "Parallel Aware": false, "Async Capable": false, "Index Name": "supplier_pkey", "Startup Cost": 0.0, "Total Cost": 0.3, "Plan Rows": 1, "Plan Width": 0, "Actual Rows": 1, "Actual Loops": 800000, "Index Cond": "(s_suppkey = lineitem.l_suppkey)", "Workers": []}]}]}]}, {"Node Type": "Memoize", "Parent Relationship": "Inner", "Parallel Aware": false, "Async Capable": false, "Startup Cost": 0.16, "Total Cost": 4.17, "Plan Rows": 1, "Plan Width": 30, "Actual Rows": 0, "Actual Loops": 18230325, "Cache Key": "supplier.s_nationkey", "Cache Mode": "logical", "Cache Hits": 2551811, "Cache Misses": 25, "Cache Evictions": 0, "Cache Overflows": 0, "Peak Memory Usage": 2, "Workers": [{"Worker Number": 0, "Cache Hits": 2376934, "Cache Misses": 25, "Cache Evictions": 0, "Cache Overflows": 0, "Peak Memory Usage": 2}, {"Worker Number": 1, "Cache Hits": 2117092, "Cache Misses": 25, "Cache Evictions": 0, "Cache Overflows": 0, "Peak Memory Usage": 2}, {"Worker Number": 2, "Cache Hits": 2137336, "Cache Misses": 25, "Cache Evictions": 0, "Cache Overflows": 0, "Peak Memory Usage": 2}, {"Worker Number": 3, "Cache Hits": 2189226, "Cache Misses": 25, "Cache Evictions": 0, "Cache Overflows": 0, "Peak Memory Usage": 2}, {"Worker Number": 4, "Cache Hits": 2331388, "Cache Misses": 25, "Cache Evictions": 0, "Cache Overflows": 0, "Peak Memory Usage": 2}, {"Worker Number": 5, "Cache Hits": 2380384, "Cache Misses": 25, "Cache Evictions": 0, "Cache Overflows": 0, "Peak Memory Usage": 2}, {"Worker Number": 6, "Cache Hits": 2145954, "Cache Misses": 25, "Cache Evictions": 0, "Cache Overflows": 0, "Peak Memory Usage": 2}], "Plans": [{"Node Type": "Bitmap Heap Scan", "Parent Relationship": "Outer", "Parallel Aware": false, "Async Capable": false, "Relation Name": "nation", "Alias": "n1", "Startup Cost": 0.15, "Total Cost": 4.16, "Plan Rows": 1, "Plan Width": 30, "Actual Rows": 0, "Actual Loops": 200, "Recheck Cond": "(supplier.s_nationkey = n_nationkey)", "Rows Removed by Index Recheck": 0, "Filter": "((n_name = 'MOROCCO'::bpchar) OR (n_name = 'EGYPT'::bpchar))", "Rows Removed by Filter": 1, "Exact Heap Blocks": 25, "Lossy Heap Blocks": 0, "Workers": [], "Plans": [{"Node Type": "Bitmap Index Scan", "Parent Relationship": "Outer", "Parallel Aware": false, "Async Capable": false, "Index Name": "nation_pkey", "Startup Cost": 0.0, "Total Cost": 0.15, "Plan Rows": 1, "Plan Width": 0, "Actual Rows": 1, "Actual Loops": 200, "Index Cond": "(n_nationkey = supplier.s_nationkey)", "Workers": []}]}]}]}, {"Node Type": "Bitmap Heap Scan", "Parent Relationship": "Inner", "Parallel Aware": false, "Async Capable": false, "Relation Name": "orders", "Alias": "orders", "Startup Cost": 0.45, "Total Cost": 4.46, "Plan Rows": 1, "Plan Width": 8, "Actual Rows": 1, "Actual Loops": 1453617, "Recheck Cond": "(lineitem.l_orderkey = o_orderkey)", "Rows Removed by Index Recheck": 0, "Exact Heap Blocks": 203771, "Lossy Heap Blocks": 0, "Workers": [], "Plans": [{"Node Type": "Bitmap Index Scan", "Parent Relationship": "Outer", "Parallel Aware": false, "Async Capable": false, "Index Name": "orders_pkey", "Startup Cost": 0.0, "Total Cost": 0.45, "Plan Rows": 1, "Plan Width": 0, "Actual Rows": 1, "Actual Loops": 1453617, "Index Cond": "(o_orderkey = lineitem.l_orderkey)", "Workers": []}]}]}, {"Node Type": "Bitmap Heap Scan", "Parent Relationship": "Inner", "Parallel Aware": false, "Async Capable": false, "Relation Name": "customer", "Alias": "customer", "Startup Cost": 0.44, "Total Cost": 4.45, "Plan Rows": 1, "Plan Width": 8, "Actual Rows": 1, "Actual Loops": 1453617, "Recheck Cond": "(orders.o_custkey = c_custkey)", "Rows Removed by Index Recheck": 0, "Exact Heap Blocks": 203771, "Lossy Heap Blocks": 0, "Workers": [], "Plans": [{"Node Type": "Bitmap Index Scan", "Parent Relationship": "Outer", "Parallel Aware": false, "Async Capable": false, "Index Name": "customer_pkey", "Startup Cost": 0.0, "Total Cost": 0.44, "Plan Rows": 1, "Plan Width": 0, "Actual Rows": 1, "Actual Loops": 1453617, "Index Cond": "(c_custkey = orders.o_custkey)", "Workers": []}]}]}, {"Node Type": "Bitmap Heap Scan", "Parent Relationship": "Inner", "Parallel Aware": false, "Async Capable": false, "Relation Name": "nation", "Alias": "n2", "Startup Cost": 0.15, "Total Cost": 4.16, "Plan Rows": 1, "Plan Width": 30, "Actual Rows": 0, "Actual Loops": 1453617, "Recheck Cond": "(customer.c_nationkey = n_nationkey)", "Rows Removed by Index Recheck": 0, "Filter": "((n_name = 'EGYPT'::bpchar) OR (n_name = 'MOROCCO'::bpchar))", "Rows Removed by Filter": 1, "Exact Heap Blocks": 203771, "Lossy Heap Blocks": 0, "Workers": [], "Plans": [{"Node Type": "Bitmap Index Scan", "Parent Relationship": "Outer", "Parallel Aware": false, "Async Capable": false, "Index Name": "nation_pkey", "Startup Cost": 0.0, "Total Cost": 0.15, "Plan Rows": 1, "Plan Width": 0, "Actual Rows": 1, "Actual Loops": 1453617, "Index Cond": "(n_nationkey = customer.c_nationkey)", "Workers": []}]}]}]}]}]}, "Planning Time": 4.304, "Triggers": [], "Execution Time": 25039.664}, {"Plan": {"Node Type": "Aggregate", "Strategy": "Plain", "Partial Mode": "Finalize", "Parallel Aware": false, "Async Capable": false, "Startup Cost": 1463156.21, "Total Cost": 1463156.22, "Plan Rows": 1, "Plan Width": 8, "Actual Rows": 1, "Actual Loops": 1, "Plans": [{"Node Type": "Gather", "Parent Relationship": "Outer", "Parallel Aware": false, "Async Capable": false, "Startup Cost": 1463155.79, "Total Cost": 1463156.2, "Plan Rows": 4, "Plan Width": 8, "Actual Rows": 5, "Actual Loops": 1, "Workers Planned": 4, "Workers Launched": 4, "Single Copy": false, "Plans": [{"Node Type": "Aggregate", "Strategy": "Plain", "Partial Mode": "Partial", "Parent Relationship": "Outer", "Parallel Aware": false, "Async Capable": false, "Startup Cost": 1462155.79, "Total Cost": 1462155.8, "Plan Rows": 1, "Plan Width": 8, "Actual Rows": 1, "Actual Loops": 5, "Workers": [], "Plans": [{"Node Type": "Hash Join", "Parent Relationship": "Outer", "Parallel Aware": true, "Async Capable": false, "Join Type": "Inner", "Startup Cost": 1270316.91, "Total Cost": 1462118.1, "Plan Rows": 15073, "Plan Width": 0, "Actual Rows": 11630, "Actual Loops": 5, "Inner Unique": false, "Hash Cond": "(orders.o_orderkey = lineitem.l_orderkey)", "Join Filter": "(((n1.n_name = 'MOROCCO'::bpchar) AND (n2.n_name = 'EGYPT'::bpchar)) OR ((n1.n_name = 'EGYPT'::bpchar) AND (n2.n_name = 'MOROCCO'::bpchar)))", "Rows Removed by Join Filter": 11615, "Workers": [], "Plans": [{"Node Type": "Nested Loop", "Parent Relationship": "Outer", "Parallel Aware": false, "Async Capable": false, "Join Type": "Inner", "Startup Cost": 2.01, "Total Cost": 190595.43, "Plan Rows": 299998, "Plan Width": 30, "Actual Rows": 239135, "Actual Loops": 5, "Inner Unique": false, "Workers": [], "Plans": [{"Node Type": "Hash Join", "Parent Relationship": "Outer", "Parallel Aware": false, "Async Capable": false, "Join Type": "Inner", "Startup Cost": 1.4, "Total Cost": 40886.65, "Plan Rows": 30000, "Plan Width": 30, "Actual Rows": 23961, "Actual Loops": 5, "Inner Unique": true, "Hash Cond": "(customer.c_nationkey = n2.n_nationkey)", "Workers": [], "Plans": [{"Node Type": "Seq Scan", "Parent Relationship": "Outer", "Parallel Aware": true, "Async Capable": false, "Relation Name": "customer", "Alias": "customer", "Startup Cost": 0.0, "Total Cost": 39734.0, "Plan Rows": 375000, "Plan Width": 8, "Actual Rows": 300000, "Actual Loops": 5, "Workers": []}, {"Node Type": "Hash", "Parent Relationship": "Inner", "Parallel Aware": false, "Async Capable": false, "Startup Cost": 1.38, "Total Cost": 1.38, "Plan Rows": 2, "Plan Width": 30, "Actual Rows": 2, "Actual Loops": 5, "Hash Buckets": 1024, "Original Hash Buckets": 1024, "Hash Batches": 1, "Original Hash Batches": 1, "Peak Memory Usage": 9, "Workers": [], "Plans": [{"Node Type": "Seq Scan", "Parent Relationship": "Outer", "Parallel Aware": false, "Async Capable": false, "Relation Name": "nation", "Alias": "n2", "Startup Cost": 0.0, "Total Cost": 1.38, "Plan Rows": 2, "Plan Width": 30, "Actual Rows": 2, "Actual Loops": 5, "Filter": "((n_name = 'EGYPT'::bpchar) OR (n_name = 'MOROCCO'::bpchar))", "Rows Removed by Filter": 23, "Workers": []}]}]}, {"Node Type": "Bitmap Heap Scan", "Parent Relationship": "Inner", "Parallel Aware": false, "Async Capable": false, "Relation Name": "orders", "Alias": "orders", "Startup Cost": 0.61, "Total Cost": 4.82, "Plan Rows": 17, "Plan Width": 8, "Actual Rows": 10, "Actual Loops": 119803, "Recheck Cond": "(o_custkey = customer.c_custkey)", "Rows Removed by Index Recheck": 0, "Exact Heap Blocks": 267385, "Lossy Heap Blocks": 0, "Workers": [], "Plans": [{"Node Type": "Bitmap Index Scan", "Parent Relationship": "Outer", "Parallel Aware": false, "Async Capable": false, "Index Name": "idx_orders_custkey", "Startup Cost": 0.0, "Total Cost": 0.6, "Plan Rows": 17, "Plan Width": 0, "Actual Rows": 10, "Actual Loops": 119803, "Index Cond": "(o_custkey = customer.c_custkey)", "Workers": []}]}]}, {"Node Type": "Hash", "Parent Relationship": "Inner", "Parallel Aware": true, "Async Capable": false, "Startup Cost": 1267727.8, "Total Cost": 1267727.8, "Plan Rows": 206968, "Plan Width": 30, "Actual Rows": 290723, "Actual Loops": 5, "Hash Buckets": 2097152, "Original Hash Buckets": 2097152, "Hash Batches": 1, "Original Hash Batches": 1, "Peak Memory Usage": 107520, "Workers": [], "Plans": [{"Node Type": "Hash Join", "Parent Relationship": "Outer", "Parallel Aware": true, "Async Capable": false, "Join Type": "Inner", "Startup Cost": 3093.05, "Total Cost": 1267727.8, "Plan Rows": 206968, "Plan Width": 30, "Actual Rows": 290723, "Actual Loops": 5, "Inner Unique": false, "Hash Cond": "(lineitem.l_suppkey = supplier.s_suppkey)", "Workers": [], "Plans": [{"Node Type": "Seq Scan", "Parent Relationship": "Outer", "Parallel Aware": true, "Async Capable": false, "Relation Name": "lineitem", "Alias": "lineitem", "Startup Cost": 0.0, "Total Cost": 1253690.62, "Plan Rows": 2593770, "Plan Width": 8, "Actual Rows": 3646065, "Actual Loops": 5, "Filter": "((l_shipdate >= '1995-01-01'::date) AND (l_shipdate <= '1996-12-31'::date))", "Rows Removed by Filter": 8351145, "Workers": []}, {"Node Type": "Hash", "Parent Relationship": "Inner", "Parallel Aware": true, "Async Capable": false, "Startup Cost": 3034.23, "Total Cost": 3034.23, "Plan Rows": 4706, "Plan Width": 30, "Actual Rows": 1594, "Actual Loops": 5, "Hash Buckets": 8192, "Original Hash Buckets": 8192, "Hash Batches": 1, "Original Hash Batches": 1, "Peak Memory Usage": 640, "Workers": [], "Plans": [{"Node Type": "Hash Join", "Parent Relationship": "Outer", "Parallel Aware": false, "Async Capable": false, "Join Type": "Inner", "Startup Cost": 1.4, "Total Cost": 3034.23, "Plan Rows": 4706, "Plan Width": 30, "Actual Rows": 1594, "Actual Loops": 5, "Inner Unique": true, "Hash Cond": "(supplier.s_nationkey = n1.n_nationkey)", "Workers": [], "Plans": [{"Node Type": "Seq Scan", "Parent Relationship": "Outer", "Parallel Aware": true, "Async Capable": false, "Relation Name": "supplier", "Alias": "supplier", "Startup Cost": 0.0, "Total Cost": 2852.24, "Plan Rows": 58824, "Plan Width": 8, "Actual Rows": 20000, "Actual Loops": 5, "Workers": []}, {"Node Type": "Hash", "Parent Relationship": "Inner", "Parallel Aware": false, "Async Capable": false, "Startup Cost": 1.38, "Total Cost": 1.38, "Plan Rows": 2, "Plan Width": 30, "Actual Rows": 2, "Actual Loops": 5, "Hash Buckets": 1024, "Original Hash Buckets": 1024, "Hash Batches": 1, "Original Hash Batches": 1, "Peak Memory Usage": 9, "Workers": [], "Plans": [{"Node Type": "Seq Scan", "Parent Relationship": "Outer", "Parallel Aware": false, "Async Capable": false, "Relation Name": "nation", "Alias": "n1", "Startup Cost": 0.0, "Total Cost": 1.38, "Plan Rows": 2, "Plan Width": 30, "Actual Rows": 2, "Actual Loops": 5, "Filter": "((n_name = 'MOROCCO'::bpchar) OR (n_name = 'EGYPT'::bpchar))", "Rows Removed by Filter": 23, "Workers": []}]}]}]}]}]}]}]}]}]}, "Planning Time": 4.283, "Triggers": [], "Execution Time": 7256.225}, {"Plan": {"Node Type": "Aggregate", "Strategy": "Plain", "Partial Mode": "Finalize", "Parallel Aware": false, "Async Capable": false, "Startup Cost": 2764839.64, "Total Cost": 2764839.65, "Plan Rows": 1, "Plan Width": 8, "Plans": [{"Node Type": "Gather", "Parent Relationship": "Outer", "Parallel Aware": false, "Async Capable": false, "Startup Cost": 2764838.91, "Total Cost": 2764839.62, "Plan Rows": 7, "Plan Width": 8, "Workers Planned": 7, "Single Copy": false, "Plans": [{"Node Type": "Aggregate", "Strategy": "Plain", "Partial Mode": "Partial", "Parent Relationship": "Outer", "Parallel Aware": false, "Async Capable": false, "Startup Cost": 2763838.91, "Total Cost": 2763838.92, "Plan Rows": 1, "Plan Width": 8, "Plans": [{"Node Type": "Merge Join", "Parent Relationship": "Outer", "Parallel Aware": false, "Async Capable": false, "Join Type": "Inner", "Startup Cost": 2762356.11, "Total Cost": 2763817.38, "Plan Rows": 8613, "Plan Width": 0, "Inner Unique": true, "Merge Cond": "(customer.c_nationkey = n2.n_nationkey)", "Join Filter": "(((n1.n_name = 'MOROCCO'::bpchar) AND (n2.n_name = 'EGYPT'::bpchar)) OR ((n1.n_name = 'EGYPT'::bpchar) AND (n2.n_name = 'MOROCCO'::bpchar)))", "Plans": [{"Node Type": "Sort", "Parent Relationship": "Outer", "Parallel Aware": false, "Async Capable": false, "Startup Cost": 2762355.98, "Total Cost": 2762873.4, "Plan Rows": 206968, "Plan Width": 30, "Sort Key": ["customer.c_nationkey"], "Plans": [{"Node Type": "Merge Join", "Parent Relationship": "Outer", "Parallel Aware": false, "Async Capable": false, "Join Type": "Inner", "Startup Cost": 2662277.51, "Total Cost": 2744081.69, "Plan Rows": 206968, "Plan Width": 30, "Inner Unique": true, "Merge Cond": "(orders.o_custkey = customer.c_custkey)", "Plans": [{"Node Type": "Sort", "Parent Relationship": "Outer", "Parallel Aware": false, "Async Capable": false, "Startup Cost": 2662274.46, "Total Cost": 2662791.88, "Plan Rows": 206968, "Plan Width": 30, "Sort Key": ["orders.o_custkey"], "Plans": [{"Node Type": "Merge Join", "Parent Relationship": "Outer", "Parallel Aware": false, "Async Capable": false, "Join Type": "Inner", "Startup Cost": 1952603.91, "Total Cost": 2644000.17, "Plan Rows": 206968, "Plan Width": 30, "Inner Unique": true, "Merge Cond": "(lineitem.l_orderkey = orders.o_orderkey)", "Plans": [{"Node Type": "Sort", "Parent Relationship": "Outer", "Parallel Aware": false, "Async Capable": false, "Startup Cost": 1952597.92, "Total Cost": 1953115.34, "Plan Rows": 206968, "Plan Width": 30, "Sort Key": ["lineitem.l_orderkey"], "Plans": [{"Node Type": "Merge Join", "Parent Relationship": "Outer", "Parallel Aware": false, "Async Capable": false, "Join Type": "Inner", "Startup Cost": 1918250.78, "Total Cost": 1934323.63, "Plan Rows": 206968, "Plan Width": 30, "Inner Unique": false, "Merge Cond": "(lineitem.l_suppkey = supplier.s_suppkey)", "Plans": [{"Node Type": "Sort", "Parent Relationship": "Outer", "Parallel Aware": false, "Async Capable": false, "Startup Cost": 1906492.42, "Total Cost": 1912976.85, "Plan Rows": 2593770, "Plan Width": 8, "Sort Key": ["lineitem.l_suppkey"], "Plans": [{"Node Type": "Bitmap Heap Scan", "Parent Relationship": "Outer", "Parallel Aware": true, "Async Capable": false, "Relation Name": "lineitem", "Alias": "lineitem", "Startup Cost": 466119.53, "Total Cost": 1630170.08, "Plan Rows": 2593770, "Plan Width": 8, "Recheck Cond": "((l_shipdate >= '1995-01-01'::date) AND (l_shipdate <= '1996-12-31'::date))", "Plans": [{"Node Type": "Bitmap Index Scan", "Parent Relationship": "Outer", "Parallel Aware": false, "Async Capable": false, "Index Name": "idx_lineitem_shipdate", "Startup Cost": 0.0, "Total Cost": 461580.43, "Plan Rows": 18156387, "Plan Width": 0, "Index Cond": "((l_shipdate >= '1995-01-01'::date) AND (l_shipdate <= '1996-12-31'::date))"}]}]}, {"Node Type": "Sort", "Parent Relationship": "Inner", "Parallel Aware": false, "Async Capable": false, "Startup Cost": 11758.1, "Total Cost": 11778.1, "Plan Rows": 8000, "Plan Width": 30, "Sort Key": ["supplier.s_suppkey"], "Plans": [{"Node Type": "Merge Join", "Parent Relationship": "Outer", "Parallel Aware": false, "Async Capable": false, "Join Type": "Inner", "Startup Cost": 0.43, "Total Cost": 11239.47, "Plan Rows": 8000, "Plan Width": 30, "Inner Unique": true, "Merge Cond": "(supplier.s_nationkey = n1.n_nationkey)", "Plans": [{"Node Type": "Index Scan", "Parent Relationship": "Outer", "Parallel Aware": false, "Async Capable": false, "Scan Direction": "Forward", "Index Name": "idx_supplier_nation_key", "Relation Name": "supplier", "Alias": "supplier", "Startup Cost": 0.29, "Total Cost": 10896.83, "Plan Rows": 100000, "Plan Width": 8}, {"Node Type": "Index Scan", "Parent Relationship": "Inner", "Parallel Aware": false, "Async Capable": false, "Scan Direction": "Forward", "Index Name": "nation_pkey", "Relation Name": "nation", "Alias": "n1", "Startup Cost": 0.14, "Total Cost": 12.64, "Plan Rows": 2, "Plan Width": 30, "Filter": "((n_name = 'MOROCCO'::bpchar) OR (n_name = 'EGYPT'::bpchar))"}]}]}]}]}, {"Node Type": "Index Scan", "Parent Relationship": "Inner", "Parallel Aware": false, "Async Capable": false, "Scan Direction": "Forward", "Index Name": "orders_pkey", "Relation Name": "orders", "Alias": "orders", "Startup Cost": 0.43, "Total Cost": 650798.01, "Plan Rows": 14999899, "Plan Width": 8}]}]}, {"Node Type": "Index Scan", "Parent Relationship": "Inner", "Parallel Aware": false, "Async Capable": false, "Scan Direction": "Forward", "Index Name": "customer_pkey", "Relation Name": "customer", "Alias": "customer", "Startup Cost": 0.43, "Total Cost": 74952.71, "Plan Rows": 1500000, "Plan Width": 8}]}]}, {"Node Type": "Materialize", "Parent Relationship": "Inner", "Parallel Aware": false, "Async Capable": false, "Startup Cost": 0.14, "Total Cost": 12.64, "Plan Rows": 2, "Plan Width": 30, "Plans": [{"Node Type": "Index Scan", "Parent Relationship": "Outer", "Parallel Aware": false, "Async Capable": false, "Scan Direction": "Forward", "Index Name": "nation_pkey", "Relation Name": "nation", "Alias": "n2", "Startup Cost": 0.14, "Total Cost": 12.64, "Plan Rows": 2, "Plan Width": 30, "Filter": "((n_name = 'EGYPT'::bpchar) OR (n_name = 'MOROCCO'::bpchar))"}]}]}]}]}]}}, {"Plan": {"Node Type": "Aggregate", "Strategy": "Plain", "Partial Mode": "Finalize", "Parallel Aware": false, "Async Capable": false, "Startup Cost": 660998.04, "Total Cost": 660998.05, "Plan Rows": 1, "Plan Width": 8, "Actual Rows": 1, "Actual Loops": 1, "Plans": [{"Node Type": "Gather", "Parent Relationship": "Outer", "Parallel Aware": false, "Async Capable": false, "Startup Cost": 660997.62, "Total Cost": 660998.03, "Plan Rows": 4, "Plan Width": 8, "Actual Rows": 5, "Actual Loops": 1, "Workers Planned": 4, "Workers Launched": 4, "Single Copy": false, "Plans": [{"Node Type": "Aggregate", "Strategy": "Plain", "Partial Mode": "Partial", "Parent Relationship": "Outer", "Parallel Aware": false, "Async Capable": false, "Startup Cost": 659997.62, "Total Cost": 659997.63, "Plan Rows": 1, "Plan Width": 8, "Actual Rows": 1, "Actual Loops": 5, "Workers": [], "Plans": [{"Node Type": "Merge Join", "Parent Relationship": "Outer", "Parallel Aware": false, "Async Capable": false, "Join Type": "Inner", "Startup Cost": 657419.99, "Total Cost": 659959.94, "Plan Rows": 15073, "Plan Width": 0, "Actual Rows": 11630, "Actual Loops": 5, "Inner Unique": false, "Merge Cond": "(lineitem.l_suppkey = supplier.s_suppkey)", "Join Filter": "(((n1.n_name = 'MOROCCO'::bpchar) AND (n2.n_name = 'EGYPT'::bpchar)) OR ((n1.n_name = 'EGYPT'::bpchar) AND (n2.n_name = 'MOROCCO'::bpchar)))", "Rows Removed by Join Filter": 11615, "Workers": [], "Plans": [{"Node Type": "Sort", "Parent Relationship": "Outer", "Parallel Aware": false, "Async Capable": false, "Startup Cost": 652360.77, "Total Cost": 653268.59, "Plan Rows": 363128, "Plan Width": 30, "Actual Rows": 290824, "Actual Loops": 5, "Sort Key": ["lineitem.l_suppkey"], "Sort Method": "quicksort", "Sort Space Used": 31489, "Sort Space Type": "Memory", "Workers": [{"Worker Number": 0, "Sort Method": "quicksort", "Sort Space Used": 26937, "Sort Space Type": "Memory"}, {"Worker Number": 1, "Sort Method": "quicksort", "Sort Space Used": 27750, "Sort Space Type": "Memory"}, {"Worker Number": 2, "Sort Method": "quicksort", "Sort Space Used": 27796, "Sort Space Type": "Memory"}, {"Worker Number": 3, "Sort Method": "quicksort", "Sort Space Used": 27024, "Sort Space Type": "Memory"}], "Plans": [{"Node Type": "Nested Loop", "Parent Relationship": "Outer", "Parallel Aware": false, "Async Capable": false, "Join Type": "Inner", "Startup Cost": 1.57, "Total Cost": 618825.69, "Plan Rows": 363128, "Plan Width": 30, "Actual Rows": 290940, "Actual Loops": 5, "Inner Unique": false, "Workers": [], "Plans": [{"Node Type": "Nested Loop", "Parent Relationship": "Outer", "Parallel Aware": false, "Async Capable": false, "Join Type": "Inner", "Startup Cost": 1.01, "Total Cost": 122214.9, "Plan Rows": 299998, "Plan Width": 30, "Actual Rows": 239135, "Actual Loops": 5, "Inner Unique": false, "Workers": [], "Plans": [{"Node Type": "Nested Loop", "Parent Relationship": "Outer", "Parallel Aware": false, "Async Capable": false, "Join Type": "Inner", "Startup Cost": 0.57, "Total Cost": 73006.86, "Plan Rows": 30000, "Plan Width": 30, "Actual Rows": 23961, "Actual Loops": 5, "Inner Unique": true, "Workers": [], "Plans": [{"Node Type": "Index Scan", "Parent Relationship": "Outer", "Parallel Aware": true, "Async Capable": false, "Scan Direction": "Forward", "Index Name": "customer_pkey", "Relation Name": "customer", "Alias": "customer", "Startup Cost": 0.43, "Total Cost": 63702.71, "Plan Rows": 375000, "Plan Width": 8, "Actual Rows": 300000, "Actual Loops": 5, "Workers": []}, {"Node Type": "Memoize", "Parent Relationship": "Inner", "Parallel Aware": false, "Async Capable": false, "Startup Cost": 0.15, "Total Cost": 0.17, "Plan Rows": 1, "Plan Width": 30, "Actual Rows": 0, "Actual Loops": 1500000, "Cache Key": "customer.c_nationkey", "Cache Mode": "logical", "Cache Hits": 361583, "Cache Misses": 25, "Cache Evictions": 0, "Cache Overflows": 0, "Peak Memory Usage": 2, "Workers": [{"Worker Number": 0, "Cache Hits": 273743, "Cache Misses": 25, "Cache Evictions": 0, "Cache Overflows": 0, "Peak Memory Usage": 2}, {"Worker Number": 1, "Cache Hits": 287417, "Cache Misses": 25, "Cache Evictions": 0, "Cache Overflows": 0, "Peak Memory Usage": 2}, {"Worker Number": 2, "Cache Hits": 294971, "Cache Misses": 25, "Cache Evictions": 0, "Cache Overflows": 0, "Peak Memory Usage": 2}, {"Worker Number": 3, "Cache Hits": 282161, "Cache Misses": 25, "Cache Evictions": 0, "Cache Overflows": 0, "Peak Memory Usage": 2}], "Plans": [{"Node Type": "Index Scan", "Parent Relationship": "Outer", "Parallel Aware": false, "Async Capable": false, "Scan Direction": "Forward", "Index Name": "nation_pkey", "Relation Name": "nation", "Alias": "n2", "Startup Cost": 0.14, "Total Cost": 0.16, "Plan Rows": 1, "Plan Width": 30, "Actual Rows": 0, "Actual Loops": 125, "Index Cond": "(n_nationkey = customer.c_nationkey)", "Rows Removed by Index Recheck": 0, "Filter": "((n_name = 'EGYPT'::bpchar) OR (n_name = 'MOROCCO'::bpchar))", "Rows Removed by Filter": 1, "Workers": []}]}]}, {"Node Type": "Index Scan", "Parent Relationship": "Inner", "Parallel Aware": false, "Async Capable": false, "Scan Direction": "Forward", "Index Name": "idx_orders_custkey", "Relation Name": "orders", "Alias": "orders", "Startup Cost": 0.43, "Total Cost": 1.47, "Plan Rows": 17, "Plan Width": 8, "Actual Rows": 10, "Actual Loops": 119803, "Index Cond": "(o_custkey = customer.c_custkey)", "Rows Removed by Index Recheck": 0, "Workers": []}]}, {"Node Type": "Index Scan", "Parent Relationship": "Inner", "Parallel Aware": false, "Async Capable": false, "Scan Direction": "Forward", "Index Name": "idx_lineitem_orderkey", "Relation Name": "lineitem", "Alias": "lineitem", "Startup Cost": 0.56, "Total Cost": 1.57, "Plan Rows": 9, "Plan Width": 8, "Actual Rows": 1, "Actual Loops": 1195674, "Index Cond": "(l_orderkey = orders.o_orderkey)", "Rows Removed by Index Recheck": 0, "Filter": "((l_shipdate >= '1995-01-01'::date) AND (l_shipdate <= '1996-12-31'::date))", "Rows Removed by Filter": 3, "Workers": []}]}]}, {"Node Type": "Sort", "Parent Relationship": "Inner", "Parallel Aware": false, "Async Capable": false, "Startup Cost": 5059.18, "Total Cost": 5079.18, "Plan Rows": 8000, "Plan Width": 30, "Actual Rows": 23679, "Actual Loops": 5, "Sort Key": ["supplier.s_suppkey"], "Sort Method": "quicksort", "Sort Space Used": 628, "Sort Space Type": "Memory", "Workers": [{"Worker Number": 0, "Sort Method": "quicksort", "Sort Space Used": 628, "Sort Space Type": "Memory"}, {"Worker Number": 1, "Sort Method": "quicksort", "Sort Space Used": 628, "Sort Space Type": "Memory"}, {"Worker Number": 2, "Sort Method": "quicksort", "Sort Space Used": 628, "Sort Space Type": "Memory"}, {"Worker Number": 3, "Sort Method": "quicksort", "Sort Space Used": 628, "Sort Space Type": "Memory"}], "Plans": [{"Node Type": "Nested Loop", "Parent Relationship": "Outer", "Parallel Aware": false, "Async Capable": false, "Join Type": "Inner", "Startup Cost": 47.43, "Total Cost": 4540.55, "Plan Rows": 8000, "Plan Width": 30, "Actual Rows": 7971, "Actual Loops": 5, "Inner Unique": false, "Workers": [], "Plans": [{"Node Type": "Index Scan", "Parent Relationship": "Outer", "Parallel Aware": false, "Async Capable": false, "Scan Direction": "Forward", "Index Name": "nation_pkey", "Relation Name": "nation", "Alias": "n1", "Startup Cost": 0.14, "Total Cost": 12.64, "Plan Rows": 2, "Plan Width": 30, "Actual Rows": 2, "Actual Loops": 5, "Filter": "((n_name = 'MOROCCO'::bpchar) OR (n_name = 'EGYPT'::bpchar))", "Rows Removed by Filter": 23, "Workers": []}, {"Node Type": "Bitmap Heap Scan", "Parent Relationship": "Inner", "Parallel Aware": false, "Async Capable": false, "Relation Name": "supplier", "Alias": "supplier", "Startup Cost": 47.29, "Total Cost": 2223.96, "Plan Rows": 4000, "Plan Width": 8, "Actual Rows": 3986, "Actual Loops": 10, "Recheck Cond": "(s_nationkey = n1.n_nationkey)", "Rows Removed by Index Recheck": 0, "Exact Heap Blocks": 3709, "Lossy Heap Blocks": 0, "Workers": [], "Plans": [{"Node Type": "Bitmap Index Scan", "Parent Relationship": "Outer", "Parallel Aware": false, "Async Capable": false, "Index Name": "idx_supplier_nation_key", "Startup Cost": 0.0, "Total Cost": 46.29, "Plan Rows": 4000, "Plan Width": 0, "Actual Rows": 3986, "Actual Loops": 10, "Index Cond": "(s_nationkey = n1.n_nationkey)", "Workers": []}]}]}]}]}]}]}]}, "Planning Time": 4.217, "Triggers": [], "Execution Time": 7411.348}, {"Plan": {"Node Type": "Aggregate", "Strategy": "Plain", "Partial Mode": "Finalize", "Parallel Aware": false, "Async Capable": false, "Startup Cost": 637018.07, "Total Cost": 637018.08, "Plan Rows": 1, "Plan Width": 8, "Actual Rows": 1, "Actual Loops": 1, "Plans": [{"Node Type": "Gather", "Parent Relationship": "Outer", "Parallel Aware": false, "Async Capable": false, "Startup Cost": 637017.65, "Total Cost": 637018.06, "Plan Rows": 4, "Plan Width": 8, "Actual Rows": 5, "Actual Loops": 1, "Workers Planned": 4, "Workers Launched": 4, "Single Copy": false, "Plans": [{"Node Type": "Aggregate", "Strategy": "Plain", "Partial Mode": "Partial", "Parent Relationship": "Outer", "Parallel Aware": false, "Async Capable": false, "Startup Cost": 636017.65, "Total Cost": 636017.66, "Plan Rows": 1, "Plan Width": 8, "Actual Rows": 1, "Actual Loops": 5, "Workers": [], "Plans": [{"Node Type": "Merge Join", "Parent Relationship": "Outer", "Parallel Aware": false, "Async Capable": false, "Join Type": "Inner", "Startup Cost": 633440.02, "Total Cost": 635979.96, "Plan Rows": 15073, "Plan Width": 0, "Actual Rows": 11630, "Actual Loops": 5, "Inner Unique": false, "Merge Cond": "(lineitem.l_suppkey = supplier.s_suppkey)", "Join Filter": "(((n1.n_name = 'MOROCCO'::bpchar) AND (n2.n_name = 'EGYPT'::bpchar)) OR ((n1.n_name = 'EGYPT'::bpchar) AND (n2.n_name = 'MOROCCO'::bpchar)))", "Rows Removed by Join Filter": 11615, "Workers": [], "Plans": [{"Node Type": "Sort", "Parent Relationship": "Outer", "Parallel Aware": false, "Async Capable": false, "Startup Cost": 628392.06, "Total Cost": 629299.88, "Plan Rows": 363128, "Plan Width": 30, "Actual Rows": 290824, "Actual Loops": 5, "Sort Key": ["lineitem.l_suppkey"], "Sort Method": "quicksort", "Sort Space Used": 30947, "Sort Space Type": "Memory", "Workers": [{"Worker Number": 0, "Sort Method": "quicksort", "Sort Space Used": 26892, "Sort Space Type": "Memory"}, {"Worker Number": 1, "Sort Method": "quicksort", "Sort Space Used": 28075, "Sort Space Type": "Memory"}, {"Worker Number": 2, "Sort Method": "quicksort", "Sort Space Used": 27040, "Sort Space Type": "Memory"}, {"Worker Number": 3, "Sort Method": "quicksort", "Sort Space Used": 28043, "Sort Space Type": "Memory"}], "Plans": [{"Node Type": "Nested Loop", "Parent Relationship": "Outer", "Parallel Aware": false, "Async Capable": false, "Join Type": "Inner", "Startup Cost": 1.15, "Total Cost": 594856.97, "Plan Rows": 363128, "Plan Width": 30, "Actual Rows": 290940, "Actual Loops": 5, "Inner Unique": false, "Workers": [], "Plans": [{"Node Type": "Nested Loop", "Parent Relationship": "Outer", "Parallel Aware": false, "Async Capable": false, "Join Type": "Inner", "Startup Cost": 0.58, "Total Cost": 98246.19, "Plan Rows": 299998, "Plan Width": 30, "Actual Rows": 239135, "Actual Loops": 5, "Inner Unique": false, "Workers": [], "Plans": [{"Node Type": "Nested Loop", "Parent Relationship": "Outer", "Parallel Aware": false, "Async Capable": false, "Join Type": "Inner", "Startup Cost": 0.15, "Total Cost": 49038.15, "Plan Rows": 30000, "Plan Width": 30, "Actual Rows": 23961, "Actual Loops": 5, "Inner Unique": true, "Workers": [], "Plans": [{"Node Type": "Seq Scan", "Parent Relationship": "Outer", "Parallel Aware": true, "Async Capable": false, "Relation Name": "customer", "Alias": "customer", "Startup Cost": 0.0, "Total Cost": 39734.0, "Plan Rows": 375000, "Plan Width": 8, "Actual Rows": 300000, "Actual Loops": 5, "Workers": []}, {"Node Type": "Memoize", "Parent Relationship": "Inner", "Parallel Aware": false, "Async Capable": false, "Startup Cost": 0.15, "Total Cost": 0.17, "Plan Rows": 1, "Plan Width": 30, "Actual Rows": 0, "Actual Loops": 1500000, "Cache Key": "customer.c_nationkey", "Cache Mode": "logical", "Cache Hits": 348019, "Cache Misses": 25, "Cache Evictions": 0, "Cache Overflows": 0, "Peak Memory Usage": 2, "Workers": [{"Worker Number": 0, "Cache Hits": 275626, "Cache Misses": 25, "Cache Evictions": 0, "Cache Overflows": 0, "Peak Memory Usage": 2}, {"Worker Number": 1, "Cache Hits": 299788, "Cache Misses": 25, "Cache Evictions": 0, "Cache Overflows": 0, "Peak Memory Usage": 2}, {"Worker Number": 2, "Cache Hits": 278048, "Cache Misses": 25, "Cache Evictions": 0, "Cache Overflows": 0, "Peak Memory Usage": 2}, {"Worker Number": 3, "Cache Hits": 298394, "Cache Misses": 25, "Cache Evictions": 0, "Cache Overflows": 0, "Peak Memory Usage": 2}], "Plans": [{"Node Type": "Index Scan", "Parent Relationship": "Outer", "Parallel Aware": false, "Async Capable": false, "Scan Direction": "Forward", "Index Name": "nation_pkey", "Relation Name": "nation", "Alias": "n2", "Startup Cost": 0.14, "Total Cost": 0.16, "Plan Rows": 1, "Plan Width": 30, "Actual Rows": 0, "Actual Loops": 125, "Index Cond": "(n_nationkey = customer.c_nationkey)", "Rows Removed by Index Recheck": 0, "Filter": "((n_name = 'EGYPT'::bpchar) OR (n_name = 'MOROCCO'::bpchar))", "Rows Removed by Filter": 1, "Workers": []}]}]}, {"Node Type": "Index Scan", "Parent Relationship": "Inner", "Parallel Aware": false, "Async Capable": false, "Scan Direction": "Forward", "Index Name": "idx_orders_custkey", "Relation Name": "orders", "Alias": "orders", "Startup Cost": 0.43, "Total Cost": 1.47, "Plan Rows": 17, "Plan Width": 8, "Actual Rows": 10, "Actual Loops": 119803, "Index Cond": "(o_custkey = customer.c_custkey)", "Rows Removed by Index Recheck": 0, "Workers": []}]}, {"Node Type": "Index Scan", "Parent Relationship": "Inner", "Parallel Aware": false, "Async Capable": false, "Scan Direction": "Forward", "Index Name": "idx_lineitem_orderkey", "Relation Name": "lineitem", "Alias": "lineitem", "Startup Cost": 0.56, "Total Cost": 1.57, "Plan Rows": 9, "Plan Width": 8, "Actual Rows": 1, "Actual Loops": 1195674, "Index Cond": "(l_orderkey = orders.o_orderkey)", "Rows Removed by Index Recheck": 0, "Filter": "((l_shipdate >= '1995-01-01'::date) AND (l_shipdate <= '1996-12-31'::date))", "Rows Removed by Filter": 3, "Workers": []}]}]}, {"Node Type": "Sort", "Parent Relationship": "Inner", "Parallel Aware": false, "Async Capable": false, "Startup Cost": 5047.92, "Total Cost": 5067.92, "Plan Rows": 8000, "Plan Width": 30, "Actual Rows": 23685, "Actual Loops": 5, "Sort Key": ["supplier.s_suppkey"], "Sort Method": "quicksort", "Sort Space Used": 628, "Sort Space Type": "Memory", "Workers": [{"Worker Number": 0, "Sort Method": "quicksort", "Sort Space Used": 628, "Sort Space Type": "Memory"}, {"Worker Number": 1, "Sort Method": "quicksort", "Sort Space Used": 628, "Sort Space Type": "Memory"}, {"Worker Number": 2, "Sort Method": "quicksort", "Sort Space Used": 628, "Sort Space Type": "Memory"}, {"Worker Number": 3, "Sort Method": "quicksort", "Sort Space Used": 628, "Sort Space Type": "Memory"}], "Plans": [{"Node Type": "Nested Loop", "Parent Relationship": "Outer", "Parallel Aware": false, "Async Capable": false, "Join Type": "Inner", "Startup Cost": 47.29, "Total Cost": 4529.29, "Plan Rows": 8000, "Plan Width": 30, "Actual Rows": 7971, "Actual Loops": 5, "Inner Unique": false, "Workers": [], "Plans": [{"Node Type": "Seq Scan", "Parent Relationship": "Outer", "Parallel Aware": false, "Async Capable": false, "Relation Name": "nation", "Alias": "n1", "Startup Cost": 0.0, "Total Cost": 1.38, "Plan Rows": 2, "Plan Width": 30, "Actual Rows": 2, "Actual Loops": 5, "Filter": "((n_name = 'MOROCCO'::bpchar) OR (n_name = 'EGYPT'::bpchar))", "Rows Removed by Filter": 23, "Workers": []}, {"Node Type": "Bitmap Heap Scan", "Parent Relationship": "Inner", "Parallel Aware": false, "Async Capable": false, "Relation Name": "supplier", "Alias": "supplier", "Startup Cost": 47.29, "Total Cost": 2223.96, "Plan Rows": 4000, "Plan Width": 8, "Actual Rows": 3986, "Actual Loops": 10, "Recheck Cond": "(s_nationkey = n1.n_nationkey)", "Rows Removed by Index Recheck": 0, "Exact Heap Blocks": 3709, "Lossy Heap Blocks": 0, "Workers": [], "Plans": [{"Node Type": "Bitmap Index Scan", "Parent Relationship": "Outer", "Parallel Aware": false, "Async Capable": false, "Index Name": "idx_supplier_nation_key", "Startup Cost": 0.0, "Total Cost": 46.29, "Plan Rows": 4000, "Plan Width": 0, "Actual Rows": 3986, "Actual Loops": 10, "Index Cond": "(s_nationkey = n1.n_nationkey)", "Workers": []}]}]}]}]}]}]}]}, "Planning Time": 4.226, "Triggers": [], "Execution Time": 7476.974}, {"Plan": {"Node Type": "Aggregate", "Strategy": "Plain", "Partial Mode": "Simple", "Parallel Aware": false, "Async Capable": false, "Startup Cost": 2820327.36, "Total Cost": 2820327.37, "Plan Rows": 1, "Plan Width": 8, "Actual Rows": 1, "Actual Loops": 1, "Plans": [{"Node Type": "Merge Join", "Parent Relationship": "Outer", "Parallel Aware": false, "Async Capable": false, "Join Type": "Inner", "Startup Cost": 2810014.78, "Total Cost": 2820176.63, "Plan Rows": 60292, "Plan Width": 0, "Actual Rows": 58150, "Actual Loops": 1, "Inner Unique": false, "Merge Cond": "(customer.c_custkey = orders.o_custkey)", "Join Filter": "(((n1.n_name = 'MOROCCO'::bpchar) AND (n2.n_name = 'EGYPT'::bpchar)) OR ((n1.n_name = 'EGYPT'::bpchar) AND (n2.n_name = 'MOROCCO'::bpchar)))", "Rows Removed by Join Filter": 58076, "Plans": [{"Node Type": "Sort", "Parent Relationship": "Outer", "Parallel Aware": false, "Async Capable": false, "Startup Cost": 99752.5, "Total Cost": 100052.5, "Plan Rows": 120000, "Plan Width": 30, "Actual Rows": 119803, "Actual Loops": 1, "Sort Key": ["customer.c_custkey"], "Sort Method": "quicksort", "Sort Space Used": 9624, "Sort Space Type": "Memory", "Plans": [{"Node Type": "Gather", "Parent Relationship": "Outer", "Parallel Aware": false, "Async Capable": false, "Startup Cost": 75453.88, "Total Cost": 89628.89, "Plan Rows": 120000, "Plan Width": 30, "Actual Rows": 119803, "Actual Loops": 1, "Workers Planned": 4, "Workers Launched": 4, "Single Copy": false, "Plans": [{"Node Type": "Merge Join", "Parent Relationship": "Outer", "Parallel Aware": false, "Async Capable": false, "Join Type": "Inner", "Startup Cost": 74453.88, "Total Cost": 76628.89, "Plan Rows": 30000, "Plan Width": 30, "Actual Rows": 23961, "Actual Loops": 5, "Inner Unique": true, "Merge Cond": "(customer.c_nationkey = n2.n_nationkey)", "Workers": [], "Plans": [{"Node Type": "Sort", "Parent Relationship": "Outer", "Parallel Aware": false, "Async Capable": false, "Startup Cost": 74452.5, "Total Cost": 75390.0, "Plan Rows": 375000, "Plan Width": 8, "Actual Rows": 192011, "Actual Loops": 5, "Sort Key": ["customer.c_nationkey"], "Sort Method": "quicksort", "Sort Space Used": 25599, "Sort Space Type": "Memory", "Workers": [{"Worker Number": 0, "Sort Method": "quicksort", "Sort Space Used": 13592, "Sort Space Type": "Memory"}, {"Worker Number": 1, "Sort Method": "quicksort", "Sort Space Used": 21099, "Sort Space Type": "Memory"}, {"Worker Number": 2, "Sort Method": "quicksort", "Sort Space Used": 20912, "Sort Space Type": "Memory"}, {"Worker Number": 3, "Sort Method": "quicksort", "Sort Space Used": 20971, "Sort Space Type": "Memory"}], "Plans": [{"Node Type": "Seq Scan", "Parent Relationship": "Outer", "Parallel Aware": true, "Async Capable": false, "Relation Name": "customer", "Alias": "customer", "Startup Cost": 0.0, "Total Cost": 39734.0, "Plan Rows": 375000, "Plan Width": 8, "Actual Rows": 300000, "Actual Loops": 5, "Workers": []}]}, {"Node Type": "Sort", "Parent Relationship": "Inner", "Parallel Aware": false, "Async Capable": false, "Startup Cost": 1.39, "Total Cost": 1.39, "Plan Rows": 2, "Plan Width": 30, "Actual Rows": 2, "Actual Loops": 5, "Sort Key": ["n2.n_nationkey"], "Sort Method": "quicksort", "Sort Space Used": 25, "Sort Space Type": "Memory", "Workers": [{"Worker Number": 0, "Sort Method": "quicksort", "Sort Space Used": 25, "Sort Space Type": "Memory"}, {"Worker Number": 1, "Sort Method": "quicksort", "Sort Space Used": 25, "Sort Space Type": "Memory"}, {"Worker Number": 2, "Sort Method": "quicksort", "Sort Space Used": 25, "Sort Space Type": "Memory"}, {"Worker Number": 3, "Sort Method": "quicksort", "Sort Space Used": 25, "Sort Space Type": "Memory"}], "Plans": [{"Node Type": "Seq Scan", "Parent Relationship": "Outer", "Parallel Aware": false, "Async Capable": false, "Relation Name": "nation", "Alias": "n2", "Startup Cost": 0.0, "Total Cost": 1.38, "Plan Rows": 2, "Plan Width": 30, "Actual Rows": 2, "Actual Loops": 5, "Filter": "((n_name = 'EGYPT'::bpchar) OR (n_name = 'MOROCCO'::bpchar))", "Rows Removed by Filter": 23, "Workers": []}]}]}]}]}, {"Node Type": "Sort", "Parent Relationship": "Inner", "Parallel Aware": false, "Async Capable": false, "Startup Cost": 2710262.26, "Total Cost": 2713884.19, "Plan Rows": 1448773, "Plan Width": 30, "Actual Rows": 1453611, "Actual Loops": 1, "Sort Key": ["orders.o_custkey"], "Sort Method": "quicksort", "Sort Space Used": 128647, "Sort Space Type": "Memory", "Plans": [{"Node Type": "Merge Join", "Parent Relationship": "Outer", "Parallel Aware": false, "Async Capable": false, "Join Type": "Inner", "Startup Cost": 1851983.31, "Total Cost": 2562006.42, "Plan Rows": 1448773, "Plan Width": 30, "Actual Rows": 1453617, "Actual Loops": 1, "Inner Unique": false, "Merge Cond": "(orders.o_orderkey = lineitem.l_orderkey)", "Plans": [{"Node Type": "Index Scan", "Parent Relationship": "Outer", "Parallel Aware": false, "Async Capable": false, "Scan Direction": "Forward", "Index Name": "orders_pkey", "Relation Name": "orders", "Alias": "orders", "Startup Cost": 0.43, "Total Cost": 650798.01, "Plan Rows": 14999899, "Plan Width": 8, "Actual Rows": 14999997, "Actual Loops": 1}, {"Node Type": "Sort", "Parent Relationship": "Inner", "Parallel Aware": false, "Async Capable": false, "Startup Cost": 1851977.32, "Total Cost": 1855599.25, "Plan Rows": 1448773, "Plan Width": 30, "Actual Rows": 1453617, "Actual Loops": 1, "Sort Key": ["lineitem.l_orderkey"], "Sort Method": "quicksort", "Sort Space Used": 128647, "Sort Space Type": "Memory", "Plans": [{"Node Type": "Gather", "Parent Relationship": "Outer", "Parallel Aware": false, "Async Capable": false, "Startup Cost": 1542771.33, "Total Cost": 1703721.48, "Plan Rows": 1448773, "Plan Width": 30, "Actual Rows": 1453617, "Actual Loops": 1, "Workers Planned": 7, "Workers Launched": 7, "Single Copy": false, "Plans": [{"Node Type": "Merge Join", "Parent Relationship": "Outer", "Parallel Aware": false, "Async Capable": false, "Join Type": "Inner", "Startup Cost": 1541771.33, "Total Cost": 1557844.18, "Plan Rows": 206968, "Plan Width": 30, "Actual Rows": 181702, "Actual Loops": 8, "Inner Unique": false, "Merge Cond": "(lineitem.l_suppkey = supplier.s_suppkey)", "Workers": [], "Plans": [{"Node Type": "Sort", "Parent Relationship": "Outer", "Parallel Aware": false, "Async Capable": false, "Startup Cost": 1530012.97, "Total Cost": 1536497.4, "Plan Rows": 2593770, "Plan Width": 8, "Actual Rows": 2277852, "Actual Loops": 8, "Sort Key": ["lineitem.l_suppkey"], "Sort Method": "quicksort", "Sort Space Used": 162065, "Sort Space Type": "Memory", "Workers": [{"Worker Number": 0, "Sort Method": "quicksort", "Sort Space Used": 150987, "Sort Space Type": "Memory"}, {"Worker Number": 1, "Sort Method": "quicksort", "Sort Space Used": 150166, "Sort Space Type": "Memory"}, {"Worker Number": 2, "Sort Method": "quicksort", "Sort Space Used": 151576, "Sort Space Type": "Memory"}, {"Worker Number": 3, "Sort Method": "quicksort", "Sort Space Used": 152655, "Sort Space Type": "Memory"}, {"Worker Number": 4, "Sort Method": "quicksort", "Sort Space Used": 157508, "Sort Space Type": "Memory"}, {"Worker Number": 5, "Sort Method": "quicksort", "Sort Space Used": 156773, "Sort Space Type": "Memory"}, {"Worker Number": 6, "Sort Method": "quicksort", "Sort Space Used": 150821, "Sort Space Type": "Memory"}], "Plans": [{"Node Type": "Seq Scan", "Parent Relationship": "Outer", "Parallel Aware": true, "Async Capable": false, "Relation Name": "lineitem", "Alias": "lineitem", "Startup Cost": 0.0, "Total Cost": 1253690.62, "Plan Rows": 2593770, "Plan Width": 8, "Actual Rows": 2278791, "Actual Loops": 8, "Filter": "((l_shipdate >= '1995-01-01'::date) AND (l_shipdate <= '1996-12-31'::date))", "Rows Removed by Filter": 5219466, "Workers": []}]}, {"Node Type": "Sort", "Parent Relationship": "Inner", "Parallel Aware": false, "Async Capable": false, "Startup Cost": 11758.1, "Total Cost": 11778.1, "Plan Rows": 8000, "Plan Width": 30, "Actual Rows": 181679, "Actual Loops": 8, "Sort Key": ["supplier.s_suppkey"], "Sort Method": "quicksort", "Sort Space Used": 628, "Sort Space Type": "Memory", "Workers": [{"Worker Number": 0, "Sort Method": "quicksort", "Sort Space Used": 628, "Sort Space Type": "Memory"}, {"Worker Number": 1, "Sort Method": "quicksort", "Sort Space Used": 628, "Sort Space Type": "Memory"}, {"Worker Number": 2, "Sort Method": "quicksort", "Sort Space Used": 628, "Sort Space Type": "Memory"}, {"Worker Number": 3, "Sort Method": "quicksort", "Sort Space Used": 628, "Sort Space Type": "Memory"}, {"Worker Number": 4, "Sort Method": "quicksort", "Sort Space Used": 628, "Sort Space Type": "Memory"}, {"Worker Number": 5, "Sort Method": "quicksort", "Sort Space Used": 628, "Sort Space Type": "Memory"}, {"Worker Number": 6, "Sort Method": "quicksort", "Sort Space Used": 628, "Sort Space Type": "Memory"}], "Plans": [{"Node Type": "Merge Join", "Parent Relationship": "Outer", "Parallel Aware": false, "Async Capable": false, "Join Type": "Inner", "Startup Cost": 0.43, "Total Cost": 11239.47, "Plan Rows": 8000, "Plan Width": 30, "Actual Rows": 7971, "Actual Loops": 8, "Inner Unique": true, "Merge Cond": "(supplier.s_nationkey = n1.n_nationkey)", "Workers": [], "Plans": [{"Node Type": "Index Scan", "Parent Relationship": "Outer", "Parallel Aware": false, "Async Capable": false, "Scan Direction": "Forward", "Index Name": "idx_supplier_nation_key", "Relation Name": "supplier", "Alias": "supplier", "Startup Cost": 0.29, "Total Cost": 10896.83, "Plan Rows": 100000, "Plan Width": 8, "Actual Rows": 64074, "Actual Loops": 8, "Workers": []}, {"Node Type": "Index Scan", "Parent Relationship": "Inner", "Parallel Aware": false, "Async Capable": false, "Scan Direction": "Forward", "Index Name": "nation_pkey", "Relation Name": "nation", "Alias": "n1", "Startup Cost": 0.14, "Total Cost": 12.64, "Plan Rows": 2, "Plan Width": 30, "Actual Rows": 2, "Actual Loops": 8, "Filter": "((n_name = 'MOROCCO'::bpchar) OR (n_name = 'EGYPT'::bpchar))", "Rows Removed by Filter": 23, "Workers": []}]}]}]}]}]}]}]}]}]}, "Planning Time": 3.753, "Triggers": [], "Execution Time": 22065.708}, {"Plan": {"Node Type": "Aggregate", "Strategy": "Plain", "Partial Mode": "Finalize", "Parallel Aware": false, "Async Capable": false, "Startup Cost": 725314.47, "Total Cost": 725314.48, "Plan Rows": 1, "Plan Width": 8, "Actual Rows": 1, "Actual Loops": 1, "Plans": [{"Node Type": "Gather", "Parent Relationship": "Outer", "Parallel Aware": false, "Async Capable": false, "Startup Cost": 725314.05, "Total Cost": 725314.46, "Plan Rows": 4, "Plan Width": 8, "Actual Rows": 5, "Actual Loops": 1, "Workers Planned": 4, "Workers Launched": 4, "Single Copy": false, "Plans": [{"Node Type": "Aggregate", "Strategy": "Plain", "Partial Mode": "Partial", "Parent Relationship": "Outer", "Parallel Aware": false, "Async Capable": false, "Startup Cost": 724314.05, "Total Cost": 724314.06, "Plan Rows": 1, "Plan Width": 8, "Actual Rows": 1, "Actual Loops": 5, "Workers": [], "Plans": [{"Node Type": "Nested Loop", "Parent Relationship": "Outer", "Parallel Aware": false, "Async Capable": false, "Join Type": "Inner", "Startup Cost": 2.02, "Total Cost": 724276.37, "Plan Rows": 15073, "Plan Width": 0, "Actual Rows": 11630, "Actual Loops": 5, "Inner Unique": true, "Join Filter": "(((n1.n_name = 'MOROCCO'::bpchar) AND (n2.n_name = 'EGYPT'::bpchar)) OR ((n1.n_name = 'EGYPT'::bpchar) AND (n2.n_name = 'MOROCCO'::bpchar)))", "Rows Removed by Join Filter": 11615, "Workers": [], "Plans": [{"Node Type": "Nested Loop", "Parent Relationship": "Outer", "Parallel Aware": false, "Async Capable": false, "Join Type": "Inner", "Startup Cost": 1.88, "Total Cost": 659040.11, "Plan Rows": 362193, "Plan Width": 30, "Actual Rows": 290940, "Actual Loops": 5, "Inner Unique": true, "Workers": [], "Plans": [{"Node Type": "Nested Loop", "Parent Relationship": "Outer", "Parallel Aware": false, "Async Capable": false, "Join Type": "Inner", "Startup Cost": 1.57, "Total Cost": 618825.69, "Plan Rows": 363128, "Plan Width": 30, "Actual Rows": 290940, "Actual Loops": 5, "Inner Unique": false, "Workers": [], "Plans": [{"Node Type": "Nested Loop", "Parent Relationship": "Outer", "Parallel Aware": false, "Async Capable": false, "Join Type": "Inner", "Startup Cost": 1.01, "Total Cost": 122214.9, "Plan Rows": 299998, "Plan Width": 30, "Actual Rows": 239135, "Actual Loops": 5, "Inner Unique": false, "Workers": [], "Plans": [{"Node Type": "Nested Loop", "Parent Relationship": "Outer", "Parallel Aware": false, "Async Capable": false, "Join Type": "Inner", "Startup Cost": 0.57, "Total Cost": 73006.86, "Plan Rows": 30000, "Plan Width": 30, "Actual Rows": 23961, "Actual Loops": 5, "Inner Unique": true, "Workers": [], "Plans": [{"Node Type": "Index Scan", "Parent Relationship": "Outer", "Parallel Aware": true, "Async Capable": false, "Scan Direction": "Forward", "Index Name": "customer_pkey", "Relation Name": "customer", "Alias": "customer", "Startup Cost": 0.43, "Total Cost": 63702.71, "Plan Rows": 375000, "Plan Width": 8, "Actual Rows": 300000, "Actual Loops": 5, "Workers": []}, {"Node Type": "Memoize", "Parent Relationship": "Inner", "Parallel Aware": false, "Async Capable": false, "Startup Cost": 0.15, "Total Cost": 0.17, "Plan Rows": 1, "Plan Width": 30, "Actual Rows": 0, "Actual Loops": 1500000, "Cache Key": "customer.c_nationkey", "Cache Mode": "logical", "Cache Hits": 346709, "Cache Misses": 25, "Cache Evictions": 0, "Cache Overflows": 0, "Peak Memory Usage": 2, "Workers": [{"Worker Number": 0, "Cache Hits": 275939, "Cache Misses": 25, "Cache Evictions": 0, "Cache Overflows": 0, "Peak Memory Usage": 2}, {"Worker Number": 1, "Cache Hits": 296801, "Cache Misses": 25, "Cache Evictions": 0, "Cache Overflows": 0, "Peak Memory Usage": 2}, {"Worker Number": 2, "Cache Hits": 300095, "Cache Misses": 25, "Cache Evictions": 0, "Cache Overflows": 0, "Peak Memory Usage": 2}, {"Worker Number": 3, "Cache Hits": 280331, "Cache Misses": 25, "Cache Evictions": 0, "Cache Overflows": 0, "Peak Memory Usage": 2}], "Plans": [{"Node Type": "Index Scan", "Parent Relationship": "Outer", "Parallel Aware": false, "Async Capable": false, "Scan Direction": "Forward", "Index Name": "nation_pkey", "Relation Name": "nation", "Alias": "n2", "Startup Cost": 0.14, "Total Cost": 0.16, "Plan Rows": 1, "Plan Width": 30, "Actual Rows": 0, "Actual Loops": 125, "Index Cond": "(n_nationkey = customer.c_nationkey)", "Rows Removed by Index Recheck": 0, "Filter": "((n_name = 'EGYPT'::bpchar) OR (n_name = 'MOROCCO'::bpchar))", "Rows Removed by Filter": 1, "Workers": []}]}]}, {"Node Type": "Index Scan", "Parent Relationship": "Inner", "Parallel Aware": false, "Async Capable": false, "Scan Direction": "Forward", "Index Name": "idx_orders_custkey", "Relation Name": "orders", "Alias": "orders", "Startup Cost": 0.43, "Total Cost": 1.47, "Plan Rows": 17, "Plan Width": 8, "Actual Rows": 10, "Actual Loops": 119803, "Index Cond": "(o_custkey = customer.c_custkey)", "Rows Removed by Index Recheck": 0, "Workers": []}]}, {"Node Type": "Index Scan", "Parent Relationship": "Inner", "Parallel Aware": false, "Async Capable": false, "Scan Direction": "Forward", "Index Name": "idx_lineitem_orderkey", "Relation Name": "lineitem", "Alias": "lineitem", "Startup Cost": 0.56, "Total Cost": 1.57, "Plan Rows": 9, "Plan Width": 8, "Actual Rows": 1, "Actual Loops": 1195674, "Index Cond": "(l_orderkey = orders.o_orderkey)", "Rows Removed by Index Recheck": 0, "Filter": "((l_shipdate >= '1995-01-01'::date) AND (l_shipdate <= '1996-12-31'::date))", "Rows Removed by Filter": 3, "Workers": []}]}, {"Node Type": "Memoize", "Parent Relationship": "Inner", "Parallel Aware": false, "Async Capable": false, "Startup Cost": 0.3, "Total Cost": 0.32, "Plan Rows": 1, "Plan Width": 8, "Actual Rows": 1, "Actual Loops": 1454702, "Cache Key": "lineitem.l_suppkey", "Cache Mode": "logical", "Cache Hits": 238664, "Cache Misses": 96506, "Cache Evictions": 0, "Cache Overflows": 0, "Peak Memory Usage": 10179, "Workers": [{"Worker Number": 0, "Cache Hits": 174714, "Cache Misses": 93060, "Cache Evictions": 0, "Cache Overflows": 0, "Peak Memory Usage": 9815}, {"Worker Number": 1, "Cache Hits": 196145, "Cache Misses": 94549, "Cache Evictions": 0, "Cache Overflows": 0, "Peak Memory Usage": 9972}, {"Worker Number": 2, "Cache Hits": 197184, "Cache Misses": 94490, "Cache Evictions": 0, "Cache Overflows": 0, "Peak Memory Usage": 9966}, {"Worker Number": 3, "Cache Hits": 176198, "Cache Misses": 93192, "Cache Evictions": 0, "Cache Overflows": 0, "Peak Memory Usage": 9829}], "Plans": [{"Node Type": "Index Scan", "Parent Relationship": "Outer", "Parallel Aware": false, "Async Capable": false, "Scan Direction": "Forward", "Index Name": "supplier_pkey", "Relation Name": "supplier", "Alias": "supplier", "Startup Cost": 0.29, "Total Cost": 0.31, "Plan Rows": 1, "Plan Width": 8, "Actual Rows": 1, "Actual Loops": 471797, "Index Cond": "(s_suppkey = lineitem.l_suppkey)", "Rows Removed by Index Recheck": 0, "Workers": []}]}]}, {"Node Type": "Index Scan", "Parent Relationship": "Inner", "Parallel Aware": false, "Async Capable": false, "Scan Direction": "Forward", "Index Name": "nation_pkey", "Relation Name": "nation", "Alias": "n1", "Startup Cost": 0.14, "Total Cost": 0.16, "Plan Rows": 1, "Plan Width": 30, "Actual Rows": 0, "Actual Loops": 1454702, "Index Cond": "(n_nationkey = supplier.s_nationkey)", "Rows Removed by Index Recheck": 0, "Filter": "((n_name = 'MOROCCO'::bpchar) OR (n_name = 'EGYPT'::bpchar))", "Rows Removed by Filter": 1, "Workers": []}]}]}]}]}, "Planning Time": 2.46, "Triggers": [], "Execution Time": 8940.391}, {"Plan": {"Node Type": "Aggregate", "Strategy": "Plain", "Partial Mode": "Finalize", "Parallel Aware": false, "Async Capable": false, "Startup Cost": 701345.75, "Total Cost": 701345.76, "Plan Rows": 1, "Plan Width": 8, "Actual Rows": 1, "Actual Loops": 1, "Plans": [{"Node Type": "Gather", "Parent Relationship": "Outer", "Parallel Aware": false, "Async Capable": false, "Startup Cost": 701345.33, "Total Cost": 701345.74, "Plan Rows": 4, "Plan Width": 8, "Actual Rows": 5, "Actual Loops": 1, "Workers Planned": 4, "Workers Launched": 4, "Single Copy": false, "Plans": [{"Node Type": "Aggregate", "Strategy": "Plain", "Partial Mode": "Partial", "Parent Relationship": "Outer", "Parallel Aware": false, "Async Capable": false, "Startup Cost": 700345.33, "Total Cost": 700345.34, "Plan Rows": 1, "Plan Width": 8, "Actual Rows": 1, "Actual Loops": 5, "Workers": [], "Plans": [{"Node Type": "Nested Loop", "Parent Relationship": "Outer", "Parallel Aware": false, "Async Capable": false, "Join Type": "Inner", "Startup Cost": 1.59, "Total Cost": 700307.65, "Plan Rows": 15073, "Plan Width": 0, "Actual Rows": 11630, "Actual Loops": 5, "Inner Unique": true, "Join Filter": "(((n1.n_name = 'MOROCCO'::bpchar) AND (n2.n_name = 'EGYPT'::bpchar)) OR ((n1.n_name = 'EGYPT'::bpchar) AND (n2.n_name = 'MOROCCO'::bpchar)))", "Rows Removed by Join Filter": 11615, "Workers": [], "Plans": [{"Node Type": "Nested Loop", "Parent Relationship": "Outer", "Parallel Aware": false, "Async Capable": false, "Join Type": "Inner", "Startup Cost": 1.45, "Total Cost": 635071.4, "Plan Rows": 362193, "Plan Width": 30, "Actual Rows": 290940, "Actual Loops": 5, "Inner Unique": true, "Workers": [], "Plans": [{"Node Type": "Nested Loop", "Parent Relationship": "Outer", "Parallel Aware": false, "Async Capable": false, "Join Type": "Inner", "Startup Cost": 1.15, "Total Cost": 594856.97, "Plan Rows": 363128, "Plan Width": 30, "Actual Rows": 290940, "Actual Loops": 5, "Inner Unique": false, "Workers": [], "Plans": [{"Node Type": "Nested Loop", "Parent Relationship": "Outer", "Parallel Aware": false, "Async Capable": false, "Join Type": "Inner", "Startup Cost": 0.58, "Total Cost": 98246.19, "Plan Rows": 299998, "Plan Width": 30, "Actual Rows": 239135, "Actual Loops": 5, "Inner Unique": false, "Workers": [], "Plans": [{"Node Type": "Nested Loop", "Parent Relationship": "Outer", "Parallel Aware": false, "Async Capable": false, "Join Type": "Inner", "Startup Cost": 0.15, "Total Cost": 49038.15, "Plan Rows": 30000, "Plan Width": 30, "Actual Rows": 23961, "Actual Loops": 5, "Inner Unique": true, "Workers": [], "Plans": [{"Node Type": "Seq Scan", "Parent Relationship": "Outer", "Parallel Aware": true, "Async Capable": false, "Relation Name": "customer", "Alias": "customer", "Startup Cost": 0.0, "Total Cost": 39734.0, "Plan Rows": 375000, "Plan Width": 8, "Actual Rows": 300000, "Actual Loops": 5, "Workers": []}, {"Node Type": "Memoize", "Parent Relationship": "Inner", "Parallel Aware": false, "Async Capable": false, "Startup Cost": 0.15, "Total Cost": 0.17, "Plan Rows": 1, "Plan Width": 30, "Actual Rows": 0, "Actual Loops": 1500000, "Cache Key": "customer.c_nationkey", "Cache Mode": "logical", "Cache Hits": 342012, "Cache Misses": 25, "Cache Evictions": 0, "Cache Overflows": 0, "Peak Memory Usage": 2, "Workers": [{"Worker Number": 0, "Cache Hits": 275082, "Cache Misses": 25, "Cache Evictions": 0, "Cache Overflows": 0, "Peak Memory Usage": 2}, {"Worker Number": 1, "Cache Hits": 306439, "Cache Misses": 25, "Cache Evictions": 0, "Cache Overflows": 0, "Peak Memory Usage": 2}, {"Worker Number": 2, "Cache Hits": 300260, "Cache Misses": 25, "Cache Evictions": 0, "Cache Overflows": 0, "Peak Memory Usage": 2}, {"Worker Number": 3, "Cache Hits": 276082, "Cache Misses": 25, "Cache Evictions": 0, "Cache Overflows": 0, "Peak Memory Usage": 2}], "Plans": [{"Node Type": "Index Scan", "Parent Relationship": "Outer", "Parallel Aware": false, "Async Capable": false, "Scan Direction": "Forward", "Index Name": "nation_pkey", "Relation Name": "nation", "Alias": "n2", "Startup Cost": 0.14, "Total Cost": 0.16, "Plan Rows": 1, "Plan Width": 30, "Actual Rows": 0, "Actual Loops": 125, "Index Cond": "(n_nationkey = customer.c_nationkey)", "Rows Removed by Index Recheck": 0, "Filter": "((n_name = 'EGYPT'::bpchar) OR (n_name = 'MOROCCO'::bpchar))", "Rows Removed by Filter": 1, "Workers": []}]}]}, {"Node Type": "Index Scan", "Parent Relationship": "Inner", "Parallel Aware": false, "Async Capable": false, "Scan Direction": "Forward", "Index Name": "idx_orders_custkey", "Relation Name": "orders", "Alias": "orders", "Startup Cost": 0.43, "Total Cost": 1.47, "Plan Rows": 17, "Plan Width": 8, "Actual Rows": 10, "Actual Loops": 119803, "Index Cond": "(o_custkey = customer.c_custkey)", "Rows Removed by Index Recheck": 0, "Workers": []}]}, {"Node Type": "Index Scan", "Parent Relationship": "Inner", "Parallel Aware": false, "Async Capable": false, "Scan Direction": "Forward", "Index Name": "idx_lineitem_orderkey", "Relation Name": "lineitem", "Alias": "lineitem", "Startup Cost": 0.56, "Total Cost": 1.57, "Plan Rows": 9, "Plan Width": 8, "Actual Rows": 1, "Actual Loops": 1195674, "Index Cond": "(l_orderkey = orders.o_orderkey)", "Rows Removed by Index Recheck": 0, "Filter": "((l_shipdate >= '1995-01-01'::date) AND (l_shipdate <= '1996-12-31'::date))", "Rows Removed by Filter": 3, "Workers": []}]}, {"Node Type": "Memoize", "Parent Relationship": "Inner", "Parallel Aware": false, "Async Capable": false, "Startup Cost": 0.3, "Total Cost": 0.32, "Plan Rows": 1, "Plan Width": 8, "Actual Rows": 1, "Actual Loops": 1454702, "Cache Key": "lineitem.l_suppkey", "Cache Mode": "logical", "Cache Hits": 236936, "Cache Misses": 96464, "Cache Evictions": 0, "Cache Overflows": 0, "Peak Memory Usage": 10174, "Workers": [{"Worker Number": 0, "Cache Hits": 175548, "Cache Misses": 93180, "Cache Evictions": 0, "Cache Overflows": 0, "Peak Memory Usage": 9828}, {"Worker Number": 1, "Cache Hits": 198359, "Cache Misses": 94693, "Cache Evictions": 0, "Cache Overflows": 0, "Peak Memory Usage": 9988}, {"Worker Number": 2, "Cache Hits": 197102, "Cache Misses": 94661, "Cache Evictions": 0, "Cache Overflows": 0, "Peak Memory Usage": 9984}, {"Worker Number": 3, "Cache Hits": 174594, "Cache Misses": 93165, "Cache Evictions": 0, "Cache Overflows": 0, "Peak Memory Usage": 9826}], "Plans": [{"Node Type": "Index Scan", "Parent Relationship": "Outer", "Parallel Aware": false, "Async Capable": false, "Scan Direction": "Forward", "Index Name": "supplier_pkey", "Relation Name": "supplier", "Alias": "supplier", "Startup Cost": 0.29, "Total Cost": 0.31, "Plan Rows": 1, "Plan Width": 8, "Actual Rows": 1, "Actual Loops": 472163, "Index Cond": "(s_suppkey = lineitem.l_suppkey)", "Rows Removed by Index Recheck": 0, "Workers": []}]}]}, {"Node Type": "Index Scan", "Parent Relationship": "Inner", "Parallel Aware": false, "Async Capable": false, "Scan Direction": "Forward", "Index Name": "nation_pkey", "Relation Name": "nation", "Alias": "n1", "Startup Cost": 0.14, "Total Cost": 0.16, "Plan Rows": 1, "Plan Width": 30, "Actual Rows": 0, "Actual Loops": 1454702, "Index Cond": "(n_nationkey = supplier.s_nationkey)", "Rows Removed by Index Recheck": 0, "Filter": "((n_name = 'MOROCCO'::bpchar) OR (n_name = 'EGYPT'::bpchar))", "Rows Removed by Filter": 1, "Workers": []}]}]}]}]}, "Planning Time": 3.007, "Triggers": [], "Execution Time": 8952.144}, {"Plan": {"Node Type": "Aggregate", "Strategy": "Plain", "Partial Mode": "Simple", "Parallel Aware": false, "Async Capable": false, "Startup Cost": 50004327949.89, "Total Cost": 50004327949.9, "Plan Rows": 1, "Plan Width": 8, "Plans": [{"Node Type": "Merge Join", "Parent Relationship": "Outer", "Parallel Aware": false, "Async Capable": false, "Join Type": "Inner", "Startup Cost": 50004205682.03, "Total Cost": 50004327799.16, "Plan Rows": 60292, "Plan Width": 0, "Inner Unique": false, "Merge Cond": "(customer.c_custkey = orders.o_custkey)", "Join Filter": "(((n1.n_name = 'MOROCCO'::bpchar) AND (n2.n_name = 'EGYPT'::bpchar)) OR ((n1.n_name = 'EGYPT'::bpchar) AND (n2.n_name = 'MOROCCO'::bpchar)))", "Plans": [{"Node Type": "Nested Loop", "Parent Relationship": "Outer", "Parallel Aware": false, "Async Capable": false, "Join Type": "Inner", "Startup Cost": 20000000000.58, "Total Cost": 20000112259.6, "Plan Rows": 120000, "Plan Width": 30, "Inner Unique": true, "Plans": [{"Node Type": "Index Scan", "Parent Relationship": "Outer", "Parallel Aware": false, "Async Capable": false, "Scan Direction": "Forward", "Index Name": "customer_pkey", "Relation Name": "customer", "Alias": "customer", "Startup Cost": 10000000000.43, "Total Cost": 10000074952.71, "Plan Rows": 1500000, "Plan Width": 8}, {"Node Type": "Memoize", "Parent Relationship": "Inner", "Parallel Aware": false, "Async Capable": false, "Startup Cost": 0.16, "Total Cost": 4.17, "Plan Rows": 1, "Plan Width": 30, "Cache Key": "customer.c_nationkey", "Cache Mode": "logical", "Plans": [{"Node Type": "Bitmap Heap Scan", "Parent Relationship": "Outer", "Parallel Aware": false, "Async Capable": false, "Relation Name": "nation", "Alias": "n2", "Startup Cost": 0.15, "Total Cost": 4.16, "Plan Rows": 1, "Plan Width": 30, "Recheck Cond": "(customer.c_nationkey = n_nationkey)", "Filter": "((n_name = 'EGYPT'::bpchar) OR (n_name = 'MOROCCO'::bpchar))", "Plans": [{"Node Type": "Bitmap Index Scan", "Parent Relationship": "Outer", "Parallel Aware": false, "Async Capable": false, "Index Name": "nation_pkey", "Startup Cost": 0.0, "Total Cost": 0.15, "Plan Rows": 1, "Plan Width": 0, "Index Cond": "(n_nationkey = customer.c_nationkey)"}]}]}]}, {"Node Type": "Sort", "Parent Relationship": "Inner", "Parallel Aware": false, "Async Capable": false, "Startup Cost": 30004205677.69, "Total Cost": 30004209299.62, "Plan Rows": 1448773, "Plan Width": 30, "Sort Key": ["orders.o_custkey"], "Plans": [{"Node Type": "Merge Join", "Parent Relationship": "Outer", "Parallel Aware": false, "Async Capable": false, "Join Type": "Inner", "Startup Cost": 30003347398.74, "Total Cost": 30004057421.85, "Plan Rows": 1448773, "Plan Width": 30, "Inner Unique": true, "Merge Cond": "(lineitem.l_orderkey = orders.o_orderkey)", "Plans": [{"Node Type": "Sort", "Parent Relationship": "Outer", "Parallel Aware": false, "Async Capable": false, "Startup Cost": 20003347392.75, "Total Cost": 20003351014.68, "Plan Rows": 1448773, "Plan Width": 30, "Sort Key": ["lineitem.l_orderkey"], "Plans": [{"Node Type": "Nested Loop", "Parent Relationship": "Outer", "Parallel Aware": false, "Async Capable": false, "Join Type": "Inner", "Startup Cost": 20000466120.0, "Total Cost": 20003199136.91, "Plan Rows": 1448773, "Plan Width": 30, "Inner Unique": true, "Plans": [{"Node Type": "Nested Loop", "Parent Relationship": "Outer", "Parallel Aware": false, "Async Capable": false, "Join Type": "Inner", "Startup Cost": 10000466119.84, "Total Cost": 10002749910.36, "Plan Rows": 18109664, "Plan Width": 8, "Inner Unique": true, "Plans": [{"Node Type": "Bitmap Heap Scan", "Parent Relationship": "Outer", "Parallel Aware": false, "Async Capable": false, "Relation Name": "lineitem", "Alias": "lineitem", "Startup Cost": 466119.53, "Total Cost": 1863609.34, "Plan Rows": 18156387, "Plan Width": 8, "Recheck Cond": "((l_shipdate >= '1995-01-01'::date) AND (l_shipdate <= '1996-12-31'::date))", "Plans": [{"Node Type": "Bitmap Index Scan", "Parent Relationship": "Outer", "Parallel Aware": false, "Async Capable": false, "Index Name": "idx_lineitem_shipdate", "Startup Cost": 0.0, "Total Cost": 461580.43, "Plan Rows": 18156387, "Plan Width": 0, "Index Cond": "((l_shipdate >= '1995-01-01'::date) AND (l_shipdate <= '1996-12-31'::date))"}]}, {"Node Type": "Memoize", "Parent Relationship": "Inner", "Parallel Aware": false, "Async Capable": false, "Startup Cost": 0.31, "Total Cost": 4.32, "Plan Rows": 1, "Plan Width": 8, "Cache Key": "lineitem.l_suppkey", "Cache Mode": "logical", "Plans": [{"Node Type": "Bitmap Heap Scan", "Parent Relationship": "Outer", "Parallel Aware": false, "Async Capable": false, "Relation Name": "supplier", "Alias": "supplier", "Startup Cost": 0.3, "Total Cost": 4.31, "Plan Rows": 1, "Plan Width": 8, "Recheck Cond": "(s_suppkey = lineitem.l_suppkey)", "Plans": [{"Node Type": "Bitmap Index Scan", "Parent Relationship": "Outer", "Parallel Aware": false, "Async Capable": false, "Index Name": "supplier_pkey", "Startup Cost": 0.0, "Total Cost": 0.3, "Plan Rows": 1, "Plan Width": 0, "Index Cond": "(s_suppkey = lineitem.l_suppkey)"}]}]}]}, {"Node Type": "Memoize", "Parent Relationship": "Inner", "Parallel Aware": false, "Async Capable": false, "Startup Cost": 0.16, "Total Cost": 4.17, "Plan Rows": 1, "Plan Width": 30, "Cache Key": "supplier.s_nationkey", "Cache Mode": "logical", "Plans": [{"Node Type": "Bitmap Heap Scan", "Parent Relationship": "Outer", "Parallel Aware": false, "Async Capable": false, "Relation Name": "nation", "Alias": "n1", "Startup Cost": 0.15, "Total Cost": 4.16, "Plan Rows": 1, "Plan Width": 30, "Recheck Cond": "(supplier.s_nationkey = n_nationkey)", "Filter": "((n_name = 'MOROCCO'::bpchar) OR (n_name = 'EGYPT'::bpchar))", "Plans": [{"Node Type": "Bitmap Index Scan", "Parent Relationship": "Outer", "Parallel Aware": false, "Async Capable": false, "Index Name": "nation_pkey", "Startup Cost": 0.0, "Total Cost": 0.15, "Plan Rows": 1, "Plan Width": 0, "Index Cond": "(n_nationkey = supplier.s_nationkey)"}]}]}]}]}, {"Node Type": "Index Scan", "Parent Relationship": "Inner", "Parallel Aware": false, "Async Capable": false, "Scan Direction": "Forward", "Index Name": "orders_pkey", "Relation Name": "orders", "Alias": "orders", "Startup Cost": 10000000000.43, "Total Cost": 10000650798.01, "Plan Rows": 14999899, "Plan Width": 8}]}]}]}]}}, {"Plan": {"Node Type": "Aggregate", "Strategy": "Plain", "Partial Mode": "Finalize", "Parallel Aware": false, "Async Capable": false, "Startup Cost": 1870776.86, "Total Cost": 1870776.87, "Plan Rows": 1, "Plan Width": 8, "Actual Rows": 1, "Actual Loops": 1, "Plans": [{"Node Type": "Gather", "Parent Relationship": "Outer", "Parallel Aware": false, "Async Capable": false, "Startup Cost": 1870776.44, "Total Cost": 1870776.85, "Plan Rows": 4, "Plan Width": 8, "Actual Rows": 5, "Actual Loops": 1, "Workers Planned": 4, "Workers Launched": 4, "Single Copy": false, "Plans": [{"Node Type": "Aggregate", "Strategy": "Plain", "Partial Mode": "Partial", "Parent Relationship": "Outer", "Parallel Aware": false, "Async Capable": false, "Startup Cost": 1869776.44, "Total Cost": 1869776.45, "Plan Rows": 1, "Plan Width": 8, "Actual Rows": 1, "Actual Loops": 5, "Workers": [], "Plans": [{"Node Type": "Merge Join", "Parent Relationship": "Outer", "Parallel Aware": false, "Async Capable": false, "Join Type": "Inner", "Startup Cost": 1867198.82, "Total Cost": 1869738.76, "Plan Rows": 15073, "Plan Width": 0, "Actual Rows": 11630, "Actual Loops": 5, "Inner Unique": false, "Merge Cond": "(lineitem.l_suppkey = supplier.s_suppkey)", "Join Filter": "(((n1.n_name = 'MOROCCO'::bpchar) AND (n2.n_name = 'EGYPT'::bpchar)) OR ((n1.n_name = 'EGYPT'::bpchar) AND (n2.n_name = 'MOROCCO'::bpchar)))", "Rows Removed by Join Filter": 11615, "Workers": [], "Plans": [{"Node Type": "Sort", "Parent Relationship": "Outer", "Parallel Aware": false, "Async Capable": false, "Startup Cost": 1862150.86, "Total Cost": 1863058.68, "Plan Rows": 363128, "Plan Width": 30, "Actual Rows": 290824, "Actual Loops": 5, "Sort Key": ["lineitem.l_suppkey"], "Sort Method": "quicksort", "Sort Space Used": 30534, "Sort Space Type": "Memory", "Workers": [{"Worker Number": 0, "Sort Method": "quicksort", "Sort Space Used": 26703, "Sort Space Type": "Memory"}, {"Worker Number": 1, "Sort Method": "quicksort", "Sort Space Used": 28425, "Sort Space Type": "Memory"}, {"Worker Number": 2, "Sort Method": "quicksort", "Sort Space Used": 26922, "Sort Space Type": "Memory"}, {"Worker Number": 3, "Sort Method": "quicksort", "Sort Space Used": 28412, "Sort Space Type": "Memory"}], "Plans": [{"Node Type": "Nested Loop", "Parent Relationship": "Outer", "Parallel Aware": false, "Async Capable": false, "Join Type": "Inner", "Startup Cost": 1.58, "Total Cost": 1828615.77, "Plan Rows": 363128, "Plan Width": 30, "Actual Rows": 290940, "Actual Loops": 5, "Inner Unique": false, "Workers": [], "Plans": [{"Node Type": "Nested Loop", "Parent Relationship": "Outer", "Parallel Aware": false, "Async Capable": false, "Join Type": "Inner", "Startup Cost": 0.76, "Total Cost": 198849.67, "Plan Rows": 299998, "Plan Width": 30, "Actual Rows": 239135, "Actual Loops": 5, "Inner Unique": false, "Workers": [], "Plans": [{"Node Type": "Nested Loop", "Parent Relationship": "Outer", "Parallel Aware": false, "Async Capable": false, "Join Type": "Inner", "Startup Cost": 0.16, "Total Cost": 49140.89, "Plan Rows": 30000, "Plan Width": 30, "Actual Rows": 23961, "Actual Loops": 5, "Inner Unique": true, "Workers": [], "Plans": [{"Node Type": "Seq Scan", "Parent Relationship": "Outer", "Parallel Aware": true, "Async Capable": false, "Relation Name": "customer", "Alias": "customer", "Startup Cost": 0.0, "Total Cost": 39734.0, "Plan Rows": 375000, "Plan Width": 8, "Actual Rows": 300000, "Actual Loops": 5, "Workers": []}, {"Node Type": "Memoize", "Parent Relationship": "Inner", "Parallel Aware": false, "Async Capable": false, "Startup Cost": 0.16, "Total Cost": 4.17, "Plan Rows": 1, "Plan Width": 30, "Actual Rows": 0, "Actual Loops": 1500000, "Cache Key": "customer.c_nationkey", "Cache Mode": "logical", "Cache Hits": 344486, "Cache Misses": 25, "Cache Evictions": 0, "Cache Overflows": 0, "Peak Memory Usage": 2, "Workers": [{"Worker Number": 0, "Cache Hits": 268899, "Cache Misses": 25, "Cache Evictions": 0, "Cache Overflows": 0, "Peak Memory Usage": 2}, {"Worker Number": 1, "Cache Hits": 306280, "Cache Misses": 25, "Cache Evictions": 0, "Cache Overflows": 0, "Peak Memory Usage": 2}, {"Worker Number": 2, "Cache Hits": 276217, "Cache Misses": 25, "Cache Evictions": 0, "Cache Overflows": 0, "Peak Memory Usage": 2}, {"Worker Number": 3, "Cache Hits": 303993, "Cache Misses": 25, "Cache Evictions": 0, "Cache Overflows": 0, "Peak Memory Usage": 2}], "Plans": [{"Node Type": "Bitmap Heap Scan", "Parent Relationship": "Outer", "Parallel Aware": false, "Async Capable": false, "Relation Name": "nation", "Alias": "n2", "Startup Cost": 0.15, "Total Cost": 4.16, "Plan Rows": 1, "Plan Width": 30, "Actual Rows": 0, "Actual Loops": 125, "Recheck Cond": "(customer.c_nationkey = n_nationkey)", "Rows Removed by Index Recheck": 0, "Filter": "((n_name = 'EGYPT'::bpchar) OR (n_name = 'MOROCCO'::bpchar))", "Rows Removed by Filter": 1, "Exact Heap Blocks": 25, "Lossy Heap Blocks": 0, "Workers": [], "Plans": [{"Node Type": "Bitmap Index Scan", "Parent Relationship": "Outer", "Parallel Aware": false, "Async Capable": false, "Index Name": "nation_pkey", "Startup Cost": 0.0, "Total Cost": 0.15, "Plan Rows": 1, "Plan Width": 0, "Actual Rows": 1, "Actual Loops": 125, "Index Cond": "(n_nationkey = customer.c_nationkey)", "Workers": []}]}]}]}, {"Node Type": "Bitmap Heap Scan", "Parent Relationship": "Inner", "Parallel Aware": false, "Async Capable": false, "Relation Name": "orders", "Alias": "orders", "Startup Cost": 0.61, "Total Cost": 4.82, "Plan Rows": 17, "Plan Width": 8, "Actual Rows": 10, "Actual Loops": 119803, "Recheck Cond": "(o_custkey = customer.c_custkey)", "Rows Removed by Index Recheck": 0, "Exact Heap Blocks": 275394, "Lossy Heap Blocks": 0, "Workers": [], "Plans": [{"Node Type": "Bitmap Index Scan", "Parent Relationship": "Outer", "Parallel Aware": false, "Async Capable": false, "Index Name": "idx_orders_custkey", "Startup Cost": 0.0, "Total Cost": 0.6, "Plan Rows": 17, "Plan Width": 0, "Actual Rows": 10, "Actual Loops": 119803, "Index Cond": "(o_custkey = customer.c_custkey)", "Workers": []}]}]}, {"Node Type": "Bitmap Heap Scan", "Parent Relationship": "Inner", "Parallel Aware": false, "Async Capable": false, "Relation Name": "lineitem", "Alias": "lineitem", "Startup Cost": 0.82, "Total Cost": 5.34, "Plan Rows": 9, "Plan Width": 8, "Actual Rows": 1, "Actual Loops": 1195674, "Recheck Cond": "(l_orderkey = orders.o_orderkey)", "Rows Removed by Index Recheck": 0, "Filter": "((l_shipdate >= '1995-01-01'::date) AND (l_shipdate <= '1996-12-31'::date))", "Rows Removed by Filter": 3, "Exact Heap Blocks": 291067, "Lossy Heap Blocks": 0, "Workers": [], "Plans": [{"Node Type": "Bitmap Index Scan", "Parent Relationship": "Outer", "Parallel Aware": false, "Async Capable": false, "Index Name": "idx_lineitem_orderkey", "Startup Cost": 0.0, "Total Cost": 0.82, "Plan Rows": 30, "Plan Width": 0, "Actual Rows": 4, "Actual Loops": 1195674, "Index Cond": "(l_orderkey = orders.o_orderkey)", "Workers": []}]}]}]}, {"Node Type": "Sort", "Parent Relationship": "Inner", "Parallel Aware": false, "Async Capable": false, "Startup Cost": 5047.92, "Total Cost": 5067.92, "Plan Rows": 8000, "Plan Width": 30, "Actual Rows": 23682, "Actual Loops": 5, "Sort Key": ["supplier.s_suppkey"], "Sort Method": "quicksort", "Sort Space Used": 628, "Sort Space Type": "Memory", "Workers": [{"Worker Number": 0, "Sort Method": "quicksort", "Sort Space Used": 628, "Sort Space Type": "Memory"}, {"Worker Number": 1, "Sort Method": "quicksort", "Sort Space Used": 628, "Sort Space Type": "Memory"}, {"Worker Number": 2, "Sort Method": "quicksort", "Sort Space Used": 628, "Sort Space Type": "Memory"}, {"Worker Number": 3, "Sort Method": "quicksort", "Sort Space Used": 628, "Sort Space Type": "Memory"}], "Plans": [{"Node Type": "Nested Loop", "Parent Relationship": "Outer", "Parallel Aware": false, "Async Capable": false, "Join Type": "Inner", "Startup Cost": 47.29, "Total Cost": 4529.29, "Plan Rows": 8000, "Plan Width": 30, "Actual Rows": 7971, "Actual Loops": 5, "Inner Unique": false, "Workers": [], "Plans": [{"Node Type": "Seq Scan", "Parent Relationship": "Outer", "Parallel Aware": false, "Async Capable": false, "Relation Name": "nation", "Alias": "n1", "Startup Cost": 0.0, "Total Cost": 1.38, "Plan Rows": 2, "Plan Width": 30, "Actual Rows": 2, "Actual Loops": 5, "Filter": "((n_name = 'MOROCCO'::bpchar) OR (n_name = 'EGYPT'::bpchar))", "Rows Removed by Filter": 23, "Workers": []}, {"Node Type": "Bitmap Heap Scan", "Parent Relationship": "Inner", "Parallel Aware": false, "Async Capable": false, "Relation Name": "supplier", "Alias": "supplier", "Startup Cost": 47.29, "Total Cost": 2223.96, "Plan Rows": 4000, "Plan Width": 8, "Actual Rows": 3986, "Actual Loops": 10, "Recheck Cond": "(s_nationkey = n1.n_nationkey)", "Rows Removed by Index Recheck": 0, "Exact Heap Blocks": 3709, "Lossy Heap Blocks": 0, "Workers": [], "Plans": [{"Node Type": "Bitmap Index Scan", "Parent Relationship": "Outer", "Parallel Aware": false, "Async Capable": false, "Index Name": "idx_supplier_nation_key", "Startup Cost": 0.0, "Total Cost": 46.29, "Plan Rows": 4000, "Plan Width": 0, "Actual Rows": 3986, "Actual Loops": 10, "Index Cond": "(s_nationkey = n1.n_nationkey)", "Workers": []}]}]}]}]}]}]}]}, "Planning Time": 3.564, "Triggers": [], "Execution Time": 7776.431}, {"Plan": {"Node Type": "Aggregate", "Strategy": "Plain", "Partial Mode": "Simple", "Parallel Aware": false, "Async Capable": false, "Startup Cost": 2901887.79, "Total Cost": 2901887.8, "Plan Rows": 1, "Plan Width": 8, "Actual Rows": 1, "Actual Loops": 1, "Plans": [{"Node Type": "Merge Join", "Parent Relationship": "Outer", "Parallel Aware": false, "Async Capable": false, "Join Type": "Inner", "Startup Cost": 2886175.5, "Total Cost": 2901737.06, "Plan Rows": 60292, "Plan Width": 0, "Actual Rows": 58150, "Actual Loops": 1, "Inner Unique": false, "Merge Cond": "(lineitem.l_orderkey = orders.o_orderkey)", "Join Filter": "(((n1.n_name = 'MOROCCO'::bpchar) AND (n2.n_name = 'EGYPT'::bpchar)) OR ((n1.n_name = 'EGYPT'::bpchar) AND (n2.n_name = 'MOROCCO'::bpchar)))", "Rows Removed by Join Filter": 58076, "Plans": [{"Node Type": "Sort", "Parent Relationship": "Outer", "Parallel Aware": false, "Async Capable": false, "Startup Cost": 1852888.07, "Total Cost": 1856510.0, "Plan Rows": 1448773, "Plan Width": 30, "Actual Rows": 1453617, "Actual Loops": 1, "Sort Key": ["lineitem.l_orderkey"], "Sort Method": "quicksort", "Sort Space Used": 128647, "Sort Space Type": "Memory", "Plans": [{"Node Type": "Gather", "Parent Relationship": "Outer", "Parallel Aware": false, "Async Capable": false, "Startup Cost": 1543682.08, "Total Cost": 1704632.23, "Plan Rows": 1448773, "Plan Width": 30, "Actual Rows": 1453617, "Actual Loops": 1, "Workers Planned": 7, "Workers Launched": 7, "Single Copy": false, "Plans": [{"Node Type": "Merge Join", "Parent Relationship": "Outer", "Parallel Aware": false, "Async Capable": false, "Join Type": "Inner", "Startup Cost": 1542682.08, "Total Cost": 1558754.93, "Plan Rows": 206968, "Plan Width": 30, "Actual Rows": 181702, "Actual Loops": 8, "Inner Unique": false, "Merge Cond": "(lineitem.l_suppkey = supplier.s_suppkey)", "Workers": [], "Plans": [{"Node Type": "Sort", "Parent Relationship": "Outer", "Parallel Aware": false, "Async Capable": false, "Startup Cost": 1530012.97, "Total Cost": 1536497.4, "Plan Rows": 2593770, "Plan Width": 8, "Actual Rows": 2277852, "Actual Loops": 8, "Sort Key": ["lineitem.l_suppkey"], "Sort Method": "quicksort", "Sort Space Used": 160583, "Sort Space Type": "Memory", "Workers": [{"Worker Number": 0, "Sort Method": "quicksort", "Sort Space Used": 150342, "Sort Space Type": "Memory"}, {"Worker Number": 1, "Sort Method": "quicksort", "Sort Space Used": 150616, "Sort Space Type": "Memory"}, {"Worker Number": 2, "Sort Method": "quicksort", "Sort Space Used": 154556, "Sort Space Type": "Memory"}, {"Worker Number": 3, "Sort Method": "quicksort", "Sort Space Used": 154741, "Sort Space Type": "Memory"}, {"Worker Number": 4, "Sort Method": "quicksort", "Sort Space Used": 149907, "Sort Space Type": "Memory"}, {"Worker Number": 5, "Sort Method": "quicksort", "Sort Space Used": 155721, "Sort Space Type": "Memory"}, {"Worker Number": 6, "Sort Method": "quicksort", "Sort Space Used": 156085, "Sort Space Type": "Memory"}], "Plans": [{"Node Type": "Seq Scan", "Parent Relationship": "Outer", "Parallel Aware": true, "Async Capable": false, "Relation Name": "lineitem", "Alias": "lineitem", "Startup Cost": 0.0, "Total Cost": 1253690.62, "Plan Rows": 2593770, "Plan Width": 8, "Actual Rows": 2278791, "Actual Loops": 8, "Filter": "((l_shipdate >= '1995-01-01'::date) AND (l_shipdate <= '1996-12-31'::date))", "Rows Removed by Filter": 5219466, "Workers": []}]}, {"Node Type": "Sort", "Parent Relationship": "Inner", "Parallel Aware": false, "Async Capable": false, "Startup Cost": 12668.85, "Total Cost": 12688.85, "Plan Rows": 8000, "Plan Width": 30, "Actual Rows": 181679, "Actual Loops": 8, "Sort Key": ["supplier.s_suppkey"], "Sort Method": "quicksort", "Sort Space Used": 628, "Sort Space Type": "Memory", "Workers": [{"Worker Number": 0, "Sort Method": "quicksort", "Sort Space Used": 628, "Sort Space Type": "Memory"}, {"Worker Number": 1, "Sort Method": "quicksort", "Sort Space Used": 628, "Sort Space Type": "Memory"}, {"Worker Number": 2, "Sort Method": "quicksort", "Sort Space Used": 628, "Sort Space Type": "Memory"}, {"Worker Number": 3, "Sort Method": "quicksort", "Sort Space Used": 628, "Sort Space Type": "Memory"}, {"Worker Number": 4, "Sort Method": "quicksort", "Sort Space Used": 628, "Sort Space Type": "Memory"}, {"Worker Number": 5, "Sort Method": "quicksort", "Sort Space Used": 628, "Sort Space Type": "Memory"}, {"Worker Number": 6, "Sort Method": "quicksort", "Sort Space Used": 628, "Sort Space Type": "Memory"}], "Plans": [{"Node Type": "Merge Join", "Parent Relationship": "Outer", "Parallel Aware": false, "Async Capable": false, "Join Type": "Inner", "Startup Cost": 11570.21, "Total Cost": 12150.22, "Plan Rows": 8000, "Plan Width": 30, "Actual Rows": 7971, "Actual Loops": 8, "Inner Unique": true, "Merge Cond": "(supplier.s_nationkey = n1.n_nationkey)", "Workers": [], "Plans": [{"Node Type": "Sort", "Parent Relationship": "Outer", "Parallel Aware": false, "Async Capable": false, "Startup Cost": 11568.82, "Total Cost": 11818.82, "Plan Rows": 100000, "Plan Width": 8, "Actual Rows": 64074, "Actual Loops": 8, "Sort Key": ["supplier.s_nationkey"], "Sort Method": "quicksort", "Sort Space Used": 6198, "Sort Space Type": "Memory", "Workers": [{"Worker Number": 0, "Sort Method": "quicksort", "Sort Space Used": 6198, "Sort Space Type": "Memory"}, {"Worker Number": 1, "Sort Method": "quicksort", "Sort Space Used": 6198, "Sort Space Type": "Memory"}, {"Worker Number": 2, "Sort Method": "quicksort", "Sort Space Used": 6198, "Sort Space Type": "Memory"}, {"Worker Number": 3, "Sort Method": "quicksort", "Sort Space Used": 6198, "Sort Space Type": "Memory"}, {"Worker Number": 4, "Sort Method": "quicksort", "Sort Space Used": 6198, "Sort Space Type": "Memory"}, {"Worker Number": 5, "Sort Method": "quicksort", "Sort Space Used": 6198, "Sort Space Type": "Memory"}, {"Worker Number": 6, "Sort Method": "quicksort", "Sort Space Used": 6198, "Sort Space Type": "Memory"}], "Plans": [{"Node Type": "Seq Scan", "Parent Relationship": "Outer", "Parallel Aware": false, "Async Capable": false, "Relation Name": "supplier", "Alias": "supplier", "Startup Cost": 0.0, "Total Cost": 3264.0, "Plan Rows": 100000, "Plan Width": 8, "Actual Rows": 100000, "Actual Loops": 8, "Workers": []}]}, {"Node Type": "Sort", "Parent Relationship": "Inner", "Parallel Aware": false, "Async Capable": false, "Startup Cost": 1.39, "Total Cost": 1.39, "Plan Rows": 2, "Plan Width": 30, "Actual Rows": 2, "Actual Loops": 8, "Sort Key": ["n1.n_nationkey"], "Sort Method": "quicksort", "Sort Space Used": 25, "Sort Space Type": "Memory", "Workers": [{"Worker Number": 0, "Sort Method": "quicksort", "Sort Space Used": 25, "Sort Space Type": "Memory"}, {"Worker Number": 1, "Sort Method": "quicksort", "Sort Space Used": 25, "Sort Space Type": "Memory"}, {"Worker Number": 2, "Sort Method": "quicksort", "Sort Space Used": 25, "Sort Space Type": "Memory"}, {"Worker Number": 3, "Sort Method": "quicksort", "Sort Space Used": 25, "Sort Space Type": "Memory"}, {"Worker Number": 4, "Sort Method": "quicksort", "Sort Space Used": 25, "Sort Space Type": "Memory"}, {"Worker Number": 5, "Sort Method": "quicksort", "Sort Space Used": 25, "Sort Space Type": "Memory"}, {"Worker Number": 6, "Sort Method": "quicksort", "Sort Space Used": 25, "Sort Space Type": "Memory"}], "Plans": [{"Node Type": "Seq Scan", "Parent Relationship": "Outer", "Parallel Aware": false, "Async Capable": false, "Relation Name": "nation", "Alias": "n1", "Startup Cost": 0.0, "Total Cost": 1.38, "Plan Rows": 2, "Plan Width": 30, "Actual Rows": 2, "Actual Loops": 8, "Filter": "((n_name = 'MOROCCO'::bpchar) OR (n_name = 'EGYPT'::bpchar))", "Rows Removed by Filter": 23, "Workers": []}]}]}]}]}]}]}, {"Node Type": "Sort", "Parent Relationship": "Inner", "Parallel Aware": false, "Async Capable": false, "Startup Cost": 1033287.38, "Total Cost": 1036287.36, "Plan Rows": 1199992, "Plan Width": 30, "Actual Rows": 1211665, "Actual Loops": 1, "Sort Key": ["orders.o_orderkey"], "Sort Method": "quicksort", "Sort Space Used": 114541, "Sort Space Type": "Memory", "Plans": [{"Node Type": "Gather", "Parent Relationship": "Outer", "Parallel Aware": false, "Async Capable": false, "Startup Cost": 776621.62, "Total Cost": 912120.63, "Plan Rows": 1199992, "Plan Width": 30, "Actual Rows": 1195674, "Actual Loops": 1, "Workers Planned": 6, "Workers Launched": 6, "Single Copy": false, "Plans": [{"Node Type": "Merge Join", "Parent Relationship": "Outer", "Parallel Aware": false, "Async Capable": false, "Join Type": "Inner", "Startup Cost": 775621.62, "Total Cost": 791121.43, "Plan Rows": 199999, "Plan Width": 30, "Actual Rows": 170811, "Actual Loops": 7, "Inner Unique": false, "Merge Cond": "(orders.o_custkey = customer.c_custkey)", "Workers": [], "Plans": [{"Node Type": "Sort", "Parent Relationship": "Outer", "Parallel Aware": false, "Async Capable": false, "Startup Cost": 551938.61, "Total Cost": 558188.57, "Plan Rows": 2499983, "Plan Width": 8, "Actual Rows": 2142840, "Actual Loops": 7, "Sort Key": ["orders.o_custkey"], "Sort Method": "quicksort", "Sort Space Used": 155379, "Sort Space Type": "Memory", "Workers": [{"Worker Number": 0, "Sort Method": "quicksort", "Sort Space Used": 152056, "Sort Space Type": "Memory"}, {"Worker Number": 1, "Sort Method": "quicksort", "Sort Space Used": 109070, "Sort Space Type": "Memory"}, {"Worker Number": 2, "Sort Method": "quicksort", "Sort Space Used": 152154, "Sort Space Type": "Memory"}, {"Worker Number": 3, "Sort Method": "quicksort", "Sort Space Used": 108625, "Sort Space Type": "Memory"}, {"Worker Number": 4, "Sort Method": "quicksort", "Sort Space Used": 152086, "Sort Space Type": "Memory"}, {"Worker Number": 5, "Sort Method": "quicksort", "Sort Space Used": 151967, "Sort Space Type": "Memory"}], "Plans": [{"Node Type": "Seq Scan", "Parent Relationship": "Outer", "Parallel Aware": true, "Async Capable": false, "Relation Name": "orders", "Alias": "orders", "Startup Cost": 0.0, "Total Cost": 286271.83, "Plan Rows": 2499983, "Plan Width": 8, "Actual Rows": 2142857, "Actual Loops": 7, "Workers": []}]}, {"Node Type": "Sort", "Parent Relationship": "Inner", "Parallel Aware": false, "Async Capable": false, "Startup Cost": 223682.98, "Total Cost": 223982.98, "Plan Rows": 120000, "Plan Width": 30, "Actual Rows": 222791, "Actual Loops": 7, "Sort Key": ["customer.c_custkey"], "Sort Method": "quicksort", "Sort Space Used": 9624, "Sort Space Type": "Memory", "Workers": [{"Worker Number": 0, "Sort Method": "quicksort", "Sort Space Used": 9624, "Sort Space Type": "Memory"}, {"Worker Number": 1, "Sort Method": "quicksort", "Sort Space Used": 9624, "Sort Space Type": "Memory"}, {"Worker Number": 2, "Sort Method": "quicksort", "Sort Space Used": 9624, "Sort Space Type": "Memory"}, {"Worker Number": 3, "Sort Method": "quicksort", "Sort Space Used": 9624, "Sort Space Type": "Memory"}, {"Worker Number": 4, "Sort Method": "quicksort", "Sort Space Used": 9624, "Sort Space Type": "Memory"}, {"Worker Number": 5, "Sort Method": "quicksort", "Sort Space Used": 9624, "Sort Space Type": "Memory"}], "Plans": [{"Node Type": "Merge Join", "Parent Relationship": "Outer", "Parallel Aware": false, "Async Capable": false, "Join Type": "Inner", "Startup Cost": 204859.37, "Total Cost": 213559.38, "Plan Rows": 120000, "Plan Width": 30, "Actual Rows": 119803, "Actual Loops": 7, "Inner Unique": true, "Merge Cond": "(customer.c_nationkey = n2.n_nationkey)", "Workers": [], "Plans": [{"Node Type": "Sort", "Parent Relationship": "Outer", "Parallel Aware": false, "Async Capable": false, "Startup Cost": 204857.98, "Total Cost": 208607.98, "Plan Rows": 1500000, "Plan Width": 8, "Actual Rows": 960052, "Actual Loops": 7, "Sort Key": ["customer.c_nationkey"], "Sort Method": "quicksort", "Sort Space Used": 96028, "Sort Space Type": "Memory", "Workers": [{"Worker Number": 0, "Sort Method": "quicksort", "Sort Space Used": 96028, "Sort Space Type": "Memory"}, {"Worker Number": 1, "Sort Method": "quicksort", "Sort Space Used": 96028, "Sort Space Type": "Memory"}, {"Worker Number": 2, "Sort Method": "quicksort", "Sort Space Used": 96028, "Sort Space Type": "Memory"}, {"Worker Number": 3, "Sort Method": "quicksort", "Sort Space Used": 96028, "Sort Space Type": "Memory"}, {"Worker Number": 4, "Sort Method": "quicksort", "Sort Space Used": 96028, "Sort Space Type": "Memory"}, {"Worker Number": 5, "Sort Method": "quicksort", "Sort Space Used": 96028, "Sort Space Type": "Memory"}], "Plans": [{"Node Type": "Seq Scan", "Parent Relationship": "Outer", "Parallel Aware": false, "Async Capable": false, "Relation Name": "customer", "Alias": "customer", "Startup Cost": 0.0, "Total Cost": 50984.0, "Plan Rows": 1500000, "Plan Width": 8, "Actual Rows": 1500000, "Actual Loops": 7, "Workers": []}]}, {"Node Type": "Sort", "Parent Relationship": "Inner", "Parallel Aware": false, "Async Capable": false, "Startup Cost": 1.39, "Total Cost": 1.39, "Plan Rows": 2, "Plan Width": 30, "Actual Rows": 2, "Actual Loops": 7, "Sort Key": ["n2.n_nationkey"], "Sort Method": "quicksort", "Sort Space Used": 25, "Sort Space Type": "Memory", "Workers": [{"Worker Number": 0, "Sort Method": "quicksort", "Sort Space Used": 25, "Sort Space Type": "Memory"}, {"Worker Number": 1, "Sort Method": "quicksort", "Sort Space Used": 25, "Sort Space Type": "Memory"}, {"Worker Number": 2, "Sort Method": "quicksort", "Sort Space Used": 25, "Sort Space Type": "Memory"}, {"Worker Number": 3, "Sort Method": "quicksort", "Sort Space Used": 25, "Sort Space Type": "Memory"}, {"Worker Number": 4, "Sort Method": "quicksort", "Sort Space Used": 25, "Sort Space Type": "Memory"}, {"Worker Number": 5, "Sort Method": "quicksort", "Sort Space Used": 25, "Sort Space Type": "Memory"}], "Plans": [{"Node Type": "Seq Scan", "Parent Relationship": "Outer", "Parallel Aware": false, "Async Capable": false, "Relation Name": "nation", "Alias": "n2", "Startup Cost": 0.0, "Total Cost": 1.38, "Plan Rows": 2, "Plan Width": 30, "Actual Rows": 2, "Actual Loops": 7, "Filter": "((n_name = 'EGYPT'::bpchar) OR (n_name = 'MOROCCO'::bpchar))", "Rows Removed by Filter": 23, "Workers": []}]}]}]}]}]}]}]}]}, "Planning Time": 3.525, "Triggers": [], "Execution Time": 13973.811}, {"Plan": {"Node Type": "Aggregate", "Strategy": "Plain", "Partial Mode": "Simple", "Parallel Aware": false, "Async Capable": false, "Startup Cost": 2488545.25, "Total Cost": 2488545.26, "Plan Rows": 1, "Plan Width": 8, "Actual Rows": 1, "Actual Loops": 1, "Plans": [{"Node Type": "Nested Loop", "Parent Relationship": "Outer", "Parallel Aware": false, "Async Capable": false, "Join Type": "Inner", "Startup Cost": 1001.89, "Total Cost": 2488394.52, "Plan Rows": 60292, "Plan Width": 0, "Actual Rows": 58150, "Actual Loops": 1, "Inner Unique": true, "Join Filter": "((supplier.s_nationkey = n1.n_nationkey) AND (((n1.n_name = 'MOROCCO'::bpchar) AND (n2.n_name = 'EGYPT'::bpchar)) OR ((n1.n_name = 'EGYPT'::bpchar) AND (n2.n_name = 'MOROCCO'::bpchar))))", "Rows Removed by Join Filter": 2822222, "Plans": [{"Node Type": "Gather", "Parent Relationship": "Outer", "Parallel Aware": false, "Async Capable": false, "Startup Cost": 1001.89, "Total Cost": 2415963.68, "Plan Rows": 1448773, "Plan Width": 30, "Actual Rows": 1454702, "Actual Loops": 1, "Workers Planned": 4, "Workers Launched": 4, "Single Copy": false, "Plans": [{"Node Type": "Nested Loop", "Parent Relationship": "Outer", "Parallel Aware": false, "Async Capable": false, "Join Type": "Inner", "Startup Cost": 1.89, "Total Cost": 2270086.38, "Plan Rows": 362193, "Plan Width": 30, "Actual Rows": 290940, "Actual Loops": 5, "Inner Unique": true, "Workers": [], "Plans": [{"Node Type": "Nested Loop", "Parent Relationship": "Outer", "Parallel Aware": false, "Async Capable": false, "Join Type": "Inner", "Startup Cost": 1.58, "Total Cost": 1828615.77, "Plan Rows": 363128, "Plan Width": 30, "Actual Rows": 290940, "Actual Loops": 5, "Inner Unique": false, "Workers": [], "Plans": [{"Node Type": "Nested Loop", "Parent Relationship": "Outer", "Parallel Aware": false, "Async Capable": false, "Join Type": "Inner", "Startup Cost": 0.76, "Total Cost": 198849.67, "Plan Rows": 299998, "Plan Width": 30, "Actual Rows": 239135, "Actual Loops": 5, "Inner Unique": false, "Workers": [], "Plans": [{"Node Type": "Nested Loop", "Parent Relationship": "Outer", "Parallel Aware": false, "Async Capable": false, "Join Type": "Inner", "Startup Cost": 0.16, "Total Cost": 49140.89, "Plan Rows": 30000, "Plan Width": 30, "Actual Rows": 23961, "Actual Loops": 5, "Inner Unique": true, "Workers": [], "Plans": [{"Node Type": "Seq Scan", "Parent Relationship": "Outer", "Parallel Aware": true, "Async Capable": false, "Relation Name": "customer", "Alias": "customer", "Startup Cost": 0.0, "Total Cost": 39734.0, "Plan Rows": 375000, "Plan Width": 8, "Actual Rows": 300000, "Actual Loops": 5, "Workers": []}, {"Node Type": "Memoize", "Parent Relationship": "Inner", "Parallel Aware": false, "Async Capable": false, "Startup Cost": 0.16, "Total Cost": 4.17, "Plan Rows": 1, "Plan Width": 30, "Actual Rows": 0, "Actual Loops": 1500000, "Cache Key": "customer.c_nationkey", "Cache Mode": "logical", "Cache Hits": 340401, "Cache Misses": 25, "Cache Evictions": 0, "Cache Overflows": 0, "Peak Memory Usage": 2, "Workers": [{"Worker Number": 0, "Cache Hits": 282455, "Cache Misses": 25, "Cache Evictions": 0, "Cache Overflows": 0, "Peak Memory Usage": 2}, {"Worker Number": 1, "Cache Hits": 300740, "Cache Misses": 25, "Cache Evictions": 0, "Cache Overflows": 0, "Peak Memory Usage": 2}, {"Worker Number": 2, "Cache Hits": 280459, "Cache Misses": 25, "Cache Evictions": 0, "Cache Overflows": 0, "Peak Memory Usage": 2}, {"Worker Number": 3, "Cache Hits": 295820, "Cache Misses": 25, "Cache Evictions": 0, "Cache Overflows": 0, "Peak Memory Usage": 2}], "Plans": [{"Node Type": "Bitmap Heap Scan", "Parent Relationship": "Outer", "Parallel Aware": false, "Async Capable": false, "Relation Name": "nation", "Alias": "n2", "Startup Cost": 0.15, "Total Cost": 4.16, "Plan Rows": 1, "Plan Width": 30, "Actual Rows": 0, "Actual Loops": 125, "Recheck Cond": "(customer.c_nationkey = n_nationkey)", "Rows Removed by Index Recheck": 0, "Filter": "((n_name = 'EGYPT'::bpchar) OR (n_name = 'MOROCCO'::bpchar))", "Rows Removed by Filter": 1, "Exact Heap Blocks": 25, "Lossy Heap Blocks": 0, "Workers": [], "Plans": [{"Node Type": "Bitmap Index Scan", "Parent Relationship": "Outer", "Parallel Aware": false, "Async Capable": false, "Index Name": "nation_pkey", "Startup Cost": 0.0, "Total Cost": 0.15, "Plan Rows": 1, "Plan Width": 0, "Actual Rows": 1, "Actual Loops": 125, "Index Cond": "(n_nationkey = customer.c_nationkey)", "Workers": []}]}]}]}, {"Node Type": "Bitmap Heap Scan", "Parent Relationship": "Inner", "Parallel Aware": false, "Async Capable": false, "Relation Name": "orders", "Alias": "orders", "Startup Cost": 0.61, "Total Cost": 4.82, "Plan Rows": 17, "Plan Width": 8, "Actual Rows": 10, "Actual Loops": 119803, "Recheck Cond": "(o_custkey = customer.c_custkey)", "Rows Removed by Index Recheck": 0, "Exact Heap Blocks": 271743, "Lossy Heap Blocks": 0, "Workers": [], "Plans": [{"Node Type": "Bitmap Index Scan", "Parent Relationship": "Outer", "Parallel Aware": false, "Async Capable": false, "Index Name": "idx_orders_custkey", "Startup Cost": 0.0, "Total Cost": 0.6, "Plan Rows": 17, "Plan Width": 0, "Actual Rows": 10, "Actual Loops": 119803, "Index Cond": "(o_custkey = customer.c_custkey)", "Workers": []}]}]}, {"Node Type": "Bitmap Heap Scan", "Parent Relationship": "Inner", "Parallel Aware": false, "Async Capable": false, "Relation Name": "lineitem", "Alias": "lineitem", "Startup Cost": 0.82, "Total Cost": 5.34, "Plan Rows": 9, "Plan Width": 8, "Actual Rows": 1, "Actual Loops": 1195674, "Recheck Cond": "(l_orderkey = orders.o_orderkey)", "Rows Removed by Index Recheck": 0, "Filter": "((l_shipdate >= '1995-01-01'::date) AND (l_shipdate <= '1996-12-31'::date))", "Rows Removed by Filter": 3, "Exact Heap Blocks": 287177, "Lossy Heap Blocks": 0, "Workers": [], "Plans": [{"Node Type": "Bitmap Index Scan", "Parent Relationship": "Outer", "Parallel Aware": false, "Async Capable": false, "Index Name": "idx_lineitem_orderkey", "Startup Cost": 0.0, "Total Cost": 0.82, "Plan Rows": 30, "Plan Width": 0, "Actual Rows": 4, "Actual Loops": 1195674, "Index Cond": "(l_orderkey = orders.o_orderkey)", "Workers": []}]}]}, {"Node Type": "Memoize", "Parent Relationship": "Inner", "Parallel Aware": false, "Async Capable": false, "Startup Cost": 0.31, "Total Cost": 4.32, "Plan Rows": 1, "Plan Width": 8, "Actual Rows": 1, "Actual Loops": 1454702, "Cache Key": "lineitem.l_suppkey", "Cache Mode": "logical", "Cache Hits": 235526, "Cache Misses": 96360, "Cache Evictions": 0, "Cache Overflows": 0, "Peak Memory Usage": 10163, "Workers": [{"Worker Number": 0, "Cache Hits": 177760, "Cache Misses": 93265, "Cache Evictions": 0, "Cache Overflows": 0, "Peak Memory Usage": 9837}, {"Worker Number": 1, "Cache Hits": 197125, "Cache Misses": 94609, "Cache Evictions": 0, "Cache Overflows": 0, "Peak Memory Usage": 9979}, {"Worker Number": 2, "Cache Hits": 177764, "Cache Misses": 93421, "Cache Evictions": 0, "Cache Overflows": 0, "Peak Memory Usage": 9853}, {"Worker Number": 3, "Cache Hits": 194382, "Cache Misses": 94490, "Cache Evictions": 0, "Cache Overflows": 0, "Peak Memory Usage": 9966}], "Plans": [{"Node Type": "Bitmap Heap Scan", "Parent Relationship": "Outer", "Parallel Aware": false, "Async Capable": false, "Relation Name": "supplier", "Alias": "supplier", "Startup Cost": 0.3, "Total Cost": 4.31, "Plan Rows": 1, "Plan Width": 8, "Actual Rows": 1, "Actual Loops": 472145, "Recheck Cond": "(s_suppkey = lineitem.l_suppkey)", "Rows Removed by Index Recheck": 0, "Exact Heap Blocks": 96360, "Lossy Heap Blocks": 0, "Workers": [], "Plans": [{"Node Type": "Bitmap Index Scan", "Parent Relationship": "Outer", "Parallel Aware": false, "Async Capable": false, "Index Name": "supplier_pkey", "Startup Cost": 0.0, "Total Cost": 0.3, "Plan Rows": 1, "Plan Width": 0, "Actual Rows": 1, "Actual Loops": 472145, "Index Cond": "(s_suppkey = lineitem.l_suppkey)", "Workers": []}]}]}]}]}, {"Node Type": "Materialize", "Parent Relationship": "Inner", "Parallel Aware": false, "Async Capable": false, "Startup Cost": 0.0, "Total Cost": 1.39, "Plan Rows": 2, "Plan Width": 30, "Actual Rows": 2, "Actual Loops": 1454702, "Plans": [{"Node Type": "Seq Scan", "Parent Relationship": "Outer", "Parallel Aware": false, "Async Capable": false, "Relation Name": "nation", "Alias": "n1", "Startup Cost": 0.0, "Total Cost": 1.38, "Plan Rows": 2, "Plan Width": 30, "Actual Rows": 2, "Actual Loops": 1, "Filter": "((n_name = 'MOROCCO'::bpchar) OR (n_name = 'EGYPT'::bpchar))", "Rows Removed by Filter": 23}]}]}]}, "Planning Time": 2.009, "Triggers": [], "Execution Time": 9194.146}]