{"Plan": {"Node Type": "Aggregate", "Strategy": "Plain", "Partial Mode": "Simple", "Parallel Aware": false, "Async Capable": false, "Startup Cost": 411161.61, "Total Cost": 411161.62, "Plan Rows": 1, "Plan Width": 64, "Actual Rows": 1, "Actual Loops": 1, "Plans": [{"Node Type": "Gather", "Parent Relationship": "Outer", "Parallel Aware": false, "Async Capable": false, "Startup Cost": 74761.6, "Total Cost": 411161.6, "Plan Rows": 1, "Plan Width": 32, "Actual Rows": 16, "Actual Loops": 1, "Workers Planned": 6, "Workers Launched": 6, "Single Copy": false, "Plans": [{"Node Type": "Nested Loop", "Parent Relationship": "Outer", "Parallel Aware": false, "Async Capable": false, "Join Type": "Inner", "Startup Cost": 73761.6, "Total Cost": 410161.5, "Plan Rows": 1, "Plan Width": 32, "Actual Rows": 2, "Actual Loops": 7, "Inner Unique": false, "Join Filter": "(t.id = ml.linked_movie_id)", "Rows Removed by Join Filter": 1430520, "Workers": [], "Plans": [{"Node Type": "Nested Loop", "Parent Relationship": "Outer", "Parallel Aware": false, "Async Capable": false, "Join Type": "Inner", "Startup Cost": 73760.28, "Total Cost": 409516.61, "Plan Rows": 1, "Plan Width": 40, "Actual Rows": 167, "Actual Loops": 7, "Inner Unique": true, "Workers": [], "Plans": [{"Node Type": "Hash Join", "Parent Relationship": "Outer", "Parallel Aware": true, "Async Capable": false, "Join Type": "Inner", "Startup Cost": 73759.85, "Total Cost": 409516.15, "Plan Rows": 1, "Plan Width": 19, "Actual Rows": 652, "Actual Loops": 7, "Inner Unique": false, "Hash Cond": "(ci.person_id = n.id)", "Workers": [], "Plans": [{"Node Type": "Seq Scan", "Parent Relationship": "Outer", "Parallel Aware": true, "Async Capable": false, "Relation Name": "cast_info", "Alias": "ci", "Startup Cost": 0.0, "Total Cost": 313110.03, "Plan Rows": 6039003, "Plan Width": 8, "Actual Rows": 5177763, "Actual Loops": 7, "Workers": []}, {"Node Type": "Hash", "Parent Relationship": "Inner", "Parallel Aware": true, "Async Capable": false, "Startup Cost": 73759.84, "Total Cost": 73759.84, "Plan Rows": 1, "Plan Width": 27, "Actual Rows": 5, "Actual Loops": 7, "Hash Buckets": 1024, "Original Hash Buckets": 1024, "Hash Batches": 1, "Original Hash Batches": 1, "Peak Memory Usage": 232, "Workers": [], "Plans": [{"Node Type": "Nested Loop", "Parent Relationship": "Outer", "Parallel Aware": false, "Async Capable": false, "Join Type": "Inner", "Startup Cost": 58554.44, "Total Cost": 73759.84, "Plan Rows": 1, "Plan Width": 27, "Actual Rows": 5, "Actual Loops": 7, "Inner Unique": true, "Join Filter": "(n.id = an.person_id)", "Rows Removed by Join Filter": 0, "Workers": [], "Plans": [{"Node Type": "Hash Join", "Parent Relationship": "Outer", "Parallel Aware": true, "Async Capable": false, "Join Type": "Inner", "Startup Cost": 58554.01, "Total Cost": 73682.0, "Plan Rows": 23, "Plan Width": 8, "Actual Rows": 606, "Actual Loops": 7, "Inner Unique": false, "Hash Cond": "(an.person_id = pi.person_id)", "Workers": [], "Plans": [{"Node Type": "Seq Scan", "Parent Relationship": "Outer", "Parallel Aware": true, "Async Capable": false, "Relation Name": "aka_name", "Alias": "an", "Startup Cost": 0.0, "Total Cost": 15050.45, "Plan Rows": 12397, "Plan Width": 4, "Actual Rows": 5340, "Actual Loops": 7, "Filter": "((name)::text ~~ 'A%'::text)", "Rows Removed by Filter": 123423, "Workers": []}, {"Node Type": "Hash", "Parent Relationship": "Inner", "Parallel Aware": true, "Async Capable": false, "Startup Cost": 58551.57, "Total Cost": 58551.57, "Plan Rows": 195, "Plan Width": 4, "Actual Rows": 12026, "Actual Loops": 7, "Hash Buckets": 131072, "Original Hash Buckets": 1024, "Hash Batches": 1, "Original Hash Batches": 1, "Peak Memory Usage": 5464, "Workers": [], "Plans": [{"Node Type": "Hash Join", "Parent Relationship": "Outer", "Parallel Aware": false, "Async Capable": false, "Join Type": "Inner", "Startup Cost": 2.43, "Total Cost": 58551.57, "Plan Rows": 195, "Plan Width": 4, "Actual Rows": 12026, "Actual Loops": 7, "Inner Unique": true, "Hash Cond": "(pi.info_type_id = it.id)", "Workers": [], "Plans": [{"Node Type": "Seq Scan", "Parent Relationship": "Outer", "Parallel Aware": true, "Async Capable": false, "Relation Name": "person_info", "Alias": "pi", "Startup Cost": 0.0, "Total Cost": 58489.16, "Plan Rows": 22025, "Plan Width": 8, "Actual Rows": 12026, "Actual Loops": 7, "Filter": "(note IS NOT NULL)", "Rows Removed by Filter": 411354, "Workers": []}, {"Node Type": "Hash", "Parent Relationship": "Inner", "Parallel Aware": false, "Async Capable": false, "Startup Cost": 2.41, "Total Cost": 2.41, "Plan Rows": 1, "Plan Width": 4, "Actual Rows": 1, "Actual Loops": 7, "Hash Buckets": 1024, "Original Hash Buckets": 1024, "Hash Batches": 1, "Original Hash Batches": 1, "Peak Memory Usage": 9, "Workers": [], "Plans": [{"Node Type": "Seq Scan", "Parent Relationship": "Outer", "Parallel Aware": false, "Async Capable": false, "Relation Name": "info_type", "Alias": "it", "Startup Cost": 0.0, "Total Cost": 2.41, "Plan Rows": 1, "Plan Width": 4, "Actual Rows": 1, "Actual Loops": 7, "Filter": "((info)::text = 'mini biography'::text)", "Rows Removed by Filter": 112, "Workers": []}]}]}]}]}, {"Node Type": "Index Scan", "Parent Relationship": "Inner", "Parallel Aware": false, "Async Capable": false, "Scan Direction": "Forward", "Index Name": "name_pkey", "Relation Name": "name", "Alias": "n", "Startup Cost": 0.43, "Total Cost": 3.37, "Plan Rows": 1, "Plan Width": 19, "Actual Rows": 0, "Actual Loops": 4243, "Index Cond": "(id = pi.person_id)", "Rows Removed by Index Recheck": 0, "Filter": "(((name_pcode_cf)::text ~~ 'D%'::text) AND (((gender)::text = 'f'::text) OR (((gender)::text = 'm'::text) AND ((name)::text ~~ '%Downey%Robert%'::text))))", "Rows Removed by Filter": 1, "Workers": []}]}]}]}, {"Node Type": "Index Scan", "Parent Relationship": "Inner", "Parallel Aware": false, "Async Capable": false, "Scan Direction": "Forward", "Index Name": "title_pkey", "Relation Name": "title", "Alias": "t", "Startup Cost": 0.43, "Total Cost": 0.46, "Plan Rows": 1, "Plan Width": 21, "Actual Rows": 0, "Actual Loops": 4562, "Index Cond": "(id = ci.movie_id)", "Rows Removed by Index Recheck": 0, "Filter": "((production_year >= 1930) AND (production_year <= 1999))", "Rows Removed by Filter": 1, "Workers": []}]}, {"Node Type": "Hash Join", "Parent Relationship": "Inner", "Parallel Aware": false, "Async Capable": false, "Join Type": "Inner", "Startup Cost": 1.32, "Total Cost": 561.57, "Plan Rows": 6666, "Plan Width": 4, "Actual Rows": 8566, "Actual Loops": 1169, "Inner Unique": true, "Hash Cond": "(ml.link_type_id = lt.id)", "Workers": [], "Plans": [{"Node Type": "Seq Scan", "Parent Relationship": "Outer", "Parallel Aware": false, "Async Capable": false, "Relation Name": "movie_link", "Alias": "ml", "Startup Cost": 0.0, "Total Cost": 462.97, "Plan Rows": 29997, "Plan Width": 8, "Actual Rows": 29997, "Actual Loops": 1169, "Workers": []}, {"Node Type": "Hash", "Parent Relationship": "Inner", "Parallel Aware": false, "Async Capable": false, "Startup Cost": 1.27, "Total Cost": 1.27, "Plan Rows": 4, "Plan Width": 4, "Actual Rows": 3, "Actual Loops": 7, "Hash Buckets": 1024, "Original Hash Buckets": 1024, "Hash Batches": 1, "Original Hash Batches": 1, "Peak Memory Usage": 9, "Workers": [], "Plans": [{"Node Type": "Seq Scan", "Parent Relationship": "Outer", "Parallel Aware": false, "Async Capable": false, "Relation Name": "link_type", "Alias": "lt", "Startup Cost": 0.0, "Total Cost": 1.27, "Plan Rows": 4, "Plan Width": 4, "Actual Rows": 3, "Actual Loops": 7, "Filter": "((link)::text = ANY ('{\"featured in\",features,features,\"followed by\"}'::text[]))", "Rows Removed by Filter": 15, "Workers": []}]}]}]}]}]}, "Planning Time": 14.113, "Triggers": [], "Execution Time": 2064.274}