[{"Plan": {"Node Type": "Aggregate", "Strategy": "Plain", "Partial Mode": "Simple", "Parallel Aware": false, "Async Capable": false, "Startup Cost": 2441.26, "Total Cost": 2441.27, "Plan Rows": 1, "Plan Width": 8, "Actual Rows": 1, "Actual Loops": 1, "Plans": [{"Node Type": "Nested Loop", "Parent Relationship": "Outer", "Parallel Aware": false, "Async Capable": false, "Join Type": "Inner", "Startup Cost": 880.79, "Total Cost": 2402.19, "Plan Rows": 39.0, "Plan Width": 0, "Actual Rows": 43044, "Actual Loops": 1, "Inner Unique": false, "Join Filter": "(c.userid = u.id)", "Rows Removed by Join Filter": 0, "Plans": [{"Node Type": "Merge Join", "Parent Relationship": "Outer", "Parallel Aware": false, "Async Capable": false, "Join Type": "Inner", "Startup Cost": 880.5, "Total Cost": 2297.95, "Plan Rows": 18.0, "Plan Width": 8, "Actual Rows": 193, "Actual Loops": 1, "Inner Unique": true, "Merge Cond": "(v.userid = u.id)", "Plans": [{"Node Type": "Index Scan", "Parent Relationship": "Outer", "Parallel Aware": false, "Async Capable": false, "Scan Direction": "Forward", "Index Name": "idx_votes_userid", "Relation Name": "votes", "Alias": "v", "Startup Cost": 0.42, "Total Cost": 13242.63, "Plan Rows": 30765, "Plan Width": 4, "Actual Rows": 1640, "Actual Loops": 1, "Filter": "((creationdate >= '2014-01-07 23:07:35'::timestamp without time zone) AND (creationdate <= '2014-04-03 06:04:22'::timestamp without time zone))", "Rows Removed by Filter": 25824}, {"Node Type": "Sort", "Parent Relationship": "Inner", "Parallel Aware": false, "Async Capable": false, "Startup Cost": 880.07, "Total Cost": 883.82, "Plan Rows": 1498, "Plan Width": 4, "Actual Rows": 1502, "Actual Loops": 1, "Sort Key": ["u.id"], "Sort Method": "quicksort", "Sort Space Used": 49, "Sort Space Type": "Memory", "Plans": [{"Node Type": "Seq Scan", "Parent Relationship": "Outer", "Parallel Aware": false, "Async Capable": false, "Relation Name": "users", "Alias": "u", "Startup Cost": 0.0, "Total Cost": 801.06, "Plan Rows": 1498, "Plan Width": 4, "Actual Rows": 1502, "Actual Loops": 1, "Filter": "(creationdate <= '2010-12-05 22:02:20'::timestamp without time zone)", "Rows Removed by Filter": 38823}]}]}, {"Node Type": "Index Scan", "Parent Relationship": "Inner", "Parallel Aware": false, "Async Capable": false, "Scan Direction": "Forward", "Index Name": "idx_comments_userid", "Relation Name": "comments", "Alias": "c", "Startup Cost": 0.29, "Total Cost": 0.79, "Plan Rows": 6, "Plan Width": 4, "Actual Rows": 223, "Actual Loops": 193, "Index Cond": "(userid = v.userid)", "Rows Removed by Index Recheck": 0, "Filter": "((creationdate >= '2010-06-09 17:11:27'::timestamp without time zone) AND (creationdate <= '2013-01-13 00:26:38'::timestamp without time zone))", "Rows Removed by Filter": 2188}]}]}, "Planning Time": 1.185, "Triggers": [], "Execution Time": 107.823}, {"Plan": {"Node Type": "Aggregate", "Strategy": "Plain", "Partial Mode": "Simple", "Parallel Aware": false, "Async Capable": false, "Startup Cost": 20007.94, "Total Cost": 20007.95, "Plan Rows": 1, "Plan Width": 8, "Actual Rows": 1, "Actual Loops": 1, "Plans": [{"Node Type": "Merge Join", "Parent Relationship": "Outer", "Parallel Aware": false, "Async Capable": false, "Join Type": "Inner", "Startup Cost": 2.31, "Total Cost": 19968.87, "Plan Rows": 39.0, "Plan Width": 0, "Actual Rows": 43044, "Actual Loops": 1, "Inner Unique": false, "Merge Cond": "(u.id = c.userid)", "Plans": [{"Node Type": "Index Scan", "Parent Relationship": "Outer", "Parallel Aware": false, "Async Capable": false, "Scan Direction": "Forward", "Index Name": "users_pkey", "Relation Name": "users", "Alias": "u", "Startup Cost": 0.29, "Total Cost": 1457.98, "Plan Rows": 1498, "Plan Width": 4, "Actual Rows": 1502, "Actual Loops": 1, "Filter": "(creationdate <= '2010-12-05 22:02:20'::timestamp without time zone)", "Rows Removed by Filter": 38823}, {"Node Type": "Materialize", "Parent Relationship": "Inner", "Parallel Aware": false, "Async Capable": false, "Startup Cost": 2.02, "Total Cost": 17590.0, "Plan Rows": 1685.0, "Plan Width": 8, "Actual Rows": 90021, "Actual Loops": 1, "Plans": [{"Node Type": "Merge Join", "Parent Relationship": "Outer", "Parallel Aware": false, "Async Capable": false, "Join Type": "Inner", "Startup Cost": 2.02, "Total Cost": 16520.56, "Plan Rows": 1685.0, "Plan Width": 8, "Actual Rows": 90021, "Actual Loops": 1, "Inner Unique": false, "Merge Cond": "(v.userid = c.userid)", "Plans": [{"Node Type": "Index Scan", "Parent Relationship": "Outer", "Parallel Aware": false, "Async Capable": false, "Scan Direction": "Forward", "Index Name": "idx_votes_userid", "Relation Name": "votes", "Alias": "v", "Startup Cost": 0.42, "Total Cost": 13242.63, "Plan Rows": 30765, "Plan Width": 4, "Actual Rows": 1668, "Actual Loops": 1, "Filter": "((creationdate >= '2014-01-07 23:07:35'::timestamp without time zone) AND (creationdate <= '2014-04-03 06:04:22'::timestamp without time zone))", "Rows Removed by Filter": 25942}, {"Node Type": "Materialize", "Parent Relationship": "Inner", "Parallel Aware": false, "Async Capable": false, "Startup Cost": 0.29, "Total Cost": 8884.41, "Plan Rows": 75875, "Plan Width": 4, "Actual Rows": 137112, "Actual Loops": 1, "Plans": [{"Node Type": "Index Scan", "Parent Relationship": "Outer", "Parallel Aware": false, "Async Capable": false, "Scan Direction": "Forward", "Index Name": "idx_comments_userid", "Relation Name": "comments", "Alias": "c", "Startup Cost": 0.29, "Total Cost": 8694.72, "Plan Rows": 75875, "Plan Width": 4, "Actual Rows": 74042, "Actual Loops": 1, "Filter": "((creationdate >= '2010-06-09 17:11:27'::timestamp without time zone) AND (creationdate <= '2013-01-13 00:26:38'::timestamp without time zone))", "Rows Removed by Filter": 65944}]}]}]}]}]}, "Planning Time": 1.74, "Triggers": [], "Execution Time": 161.305}, {"Plan": {"Node Type": "Aggregate", "Strategy": "Plain", "Partial Mode": "Simple", "Parallel Aware": false, "Async Capable": false, "Startup Cost": 6600.42, "Total Cost": 6600.43, "Plan Rows": 1, "Plan Width": 8, "Actual Rows": 1, "Actual Loops": 1, "Plans": [{"Node Type": "Merge Join", "Parent Relationship": "Outer", "Parallel Aware": false, "Async Capable": false, "Join Type": "Inner", "Startup Cost": 5136.49, "Total Cost": 6561.35, "Plan Rows": 39.0, "Plan Width": 0, "Actual Rows": 43044, "Actual Loops": 1, "Inner Unique": false, "Merge Cond": "(v.userid = u.id)", "Plans": [{"Node Type": "Index Scan", "Parent Relationship": "Outer", "Parallel Aware": false, "Async Capable": false, "Scan Direction": "Forward", "Index Name": "idx_votes_userid", "Relation Name": "votes", "Alias": "v", "Startup Cost": 0.42, "Total Cost": 13242.63, "Plan Rows": 30765, "Plan Width": 4, "Actual Rows": 1223, "Actual Loops": 1, "Filter": "((creationdate >= '2014-01-07 23:07:35'::timestamp without time zone) AND (creationdate <= '2014-04-03 06:04:22'::timestamp without time zone))", "Rows Removed by Filter": 23025}, {"Node Type": "Sort", "Parent Relationship": "Inner", "Parallel Aware": false, "Async Capable": false, "Startup Cost": 5136.07, "Total Cost": 5143.0, "Plan Rows": 26.0, "Plan Width": 8, "Actual Rows": 55898, "Actual Loops": 1, "Sort Key": ["c.userid"], "Sort Method": "quicksort", "Sort Space Used": 1646, "Sort Space Type": "Memory", "Plans": [{"Node Type": "Hash Join", "Parent Relationship": "Outer", "Parallel Aware": false, "Async Capable": false, "Join Type": "Inner", "Startup Cost": 819.79, "Total Cost": 4977.56, "Plan Rows": 26.0, "Plan Width": 8, "Actual Rows": 28091, "Actual Loops": 1, "Inner Unique": true, "Hash Cond": "(c.userid = u.id)", "Plans": [{"Node Type": "Seq Scan", "Parent Relationship": "Outer", "Parallel Aware": false, "Async Capable": false, "Relation Name": "comments", "Alias": "c", "Startup Cost": 0.0, "Total Cost": 3958.57, "Plan Rows": 75875, "Plan Width": 4, "Actual Rows": 76147, "Actual Loops": 1, "Filter": "((creationdate >= '2010-06-09 17:11:27'::timestamp without time zone) AND (creationdate <= '2013-01-13 00:26:38'::timestamp without time zone))", "Rows Removed by Filter": 98158}, {"Node Type": "Hash", "Parent Relationship": "Inner", "Parallel Aware": false, "Async Capable": false, "Startup Cost": 801.06, "Total Cost": 801.06, "Plan Rows": 1498, "Plan Width": 4, "Actual Rows": 1502, "Actual Loops": 1, "Hash Buckets": 2048, "Original Hash Buckets": 2048, "Hash Batches": 1, "Original Hash Batches": 1, "Peak Memory Usage": 69, "Plans": [{"Node Type": "Seq Scan", "Parent Relationship": "Outer", "Parallel Aware": false, "Async Capable": false, "Relation Name": "users", "Alias": "u", "Startup Cost": 0.0, "Total Cost": 801.06, "Plan Rows": 1498, "Plan Width": 4, "Actual Rows": 1502, "Actual Loops": 1, "Filter": "(creationdate <= '2010-12-05 22:02:20'::timestamp without time zone)", "Rows Removed by Filter": 38823}]}]}]}]}]}, "Planning Time": 1.78, "Triggers": [], "Execution Time": 73.596}, {"Plan": {"Node Type": "Aggregate", "Strategy": "Plain", "Partial Mode": "Finalize", "Parallel Aware": false, "Async Capable": false, "Startup Cost": 12292.68, "Total Cost": 12292.69, "Plan Rows": 1, "Plan Width": 8, "Actual Rows": 1, "Actual Loops": 1, "Plans": [{"Node Type": "Gather", "Parent Relationship": "Outer", "Parallel Aware": false, "Async Capable": false, "Startup Cost": 12292.57, "Total Cost": 12292.68, "Plan Rows": 1, "Plan Width": 8, "Actual Rows": 2, "Actual Loops": 1, "Workers Planned": 1, "Workers Launched": 1, "Single Copy": false, "Plans": [{"Node Type": "Aggregate", "Strategy": "Plain", "Partial Mode": "Partial", "Parent Relationship": "Outer", "Parallel Aware": false, "Async Capable": false, "Startup Cost": 11292.57, "Total Cost": 11292.58, "Plan Rows": 1, "Plan Width": 8, "Actual Rows": 1, "Actual Loops": 2, "Workers": [], "Plans": [{"Node Type": "Hash Join", "Parent Relationship": "Outer", "Parallel Aware": false, "Async Capable": false, "Join Type": "Inner", "Startup Cost": 820.09, "Total Cost": 11269.59, "Plan Rows": 39.0, "Plan Width": 0, "Actual Rows": 21522, "Actual Loops": 2, "Inner Unique": true, "Hash Cond": "(c.userid = u.id)", "Workers": [], "Plans": [{"Node Type": "Nested Loop", "Parent Relationship": "Outer", "Parallel Aware": false, "Async Capable": false, "Join Type": "Inner", "Startup Cost": 0.3, "Total Cost": 9789.19, "Plan Rows": 1685.0, "Plan Width": 8, "Actual Rows": 45031, "Actual Loops": 2, "Inner Unique": false, "Workers": [], "Plans": [{"Node Type": "Seq Scan", "Parent Relationship": "Outer", "Parallel Aware": true, "Async Capable": false, "Relation Name": "votes", "Alias": "v", "Startup Cost": 0.0, "Total Cost": 5054.68, "Plan Rows": 18097, "Plan Width": 4, "Actual Rows": 15272, "Actual Loops": 2, "Filter": "((creationdate >= '2014-01-07 23:07:35'::timestamp without time zone) AND (creationdate <= '2014-04-03 06:04:22'::timestamp without time zone))", "Rows Removed by Filter": 148760, "Workers": []}, {"Node Type": "Memoize", "Parent Relationship": "Inner", "Parallel Aware": false, "Async Capable": false, "Startup Cost": 0.3, "Total Cost": 0.8, "Plan Rows": 6, "Plan Width": 4, "Actual Rows": 3, "Actual Loops": 30544, "Cache Key": "v.userid", "Cache Mode": "logical", "Cache Hits": 16340, "Cache Misses": 773, "Cache Evictions": 0, "Cache Overflows": 0, "Peak Memory Usage": 694, "Workers": [{"Worker Number": 0, "Cache Hits": 12775, "Cache Misses": 656, "Cache Evictions": 0, "Cache Overflows": 0, "Peak Memory Usage": 748}], "Plans": [{"Node Type": "Index Scan", "Parent Relationship": "Outer", "Parallel Aware": false, "Async Capable": false, "Scan Direction": "Forward", "Index Name": "idx_comments_userid", "Relation Name": "comments", "Alias": "c", "Startup Cost": 0.29, "Total Cost": 0.79, "Plan Rows": 6, "Plan Width": 4, "Actual Rows": 27, "Actual Loops": 1429, "Index Cond": "(userid = v.userid)", "Rows Removed by Index Recheck": 0, "Filter": "((creationdate >= '2010-06-09 17:11:27'::timestamp without time zone) AND (creationdate <= '2013-01-13 00:26:38'::timestamp without time zone))", "Rows Removed by Filter": 49, "Workers": []}]}]}, {"Node Type": "Hash", "Parent Relationship": "Inner", "Parallel Aware": false, "Async Capable": false, "Startup Cost": 801.06, "Total Cost": 801.06, "Plan Rows": 1498, "Plan Width": 4, "Actual Rows": 1502, "Actual Loops": 2, "Hash Buckets": 2048, "Original Hash Buckets": 2048, "Hash Batches": 1, "Original Hash Batches": 1, "Peak Memory Usage": 69, "Workers": [], "Plans": [{"Node Type": "Seq Scan", "Parent Relationship": "Outer", "Parallel Aware": false, "Async Capable": false, "Relation Name": "users", "Alias": "u", "Startup Cost": 0.0, "Total Cost": 801.06, "Plan Rows": 1498, "Plan Width": 4, "Actual Rows": 1502, "Actual Loops": 2, "Filter": "(creationdate <= '2010-12-05 22:02:20'::timestamp without time zone)", "Rows Removed by Filter": 38823, "Workers": []}]}]}]}]}]}, "Planning Time": 3.2, "Triggers": [], "Execution Time": 106.176}, {"Plan": {"Node Type": "Aggregate", "Strategy": "Plain", "Partial Mode": "Finalize", "Parallel Aware": false, "Async Capable": false, "Startup Cost": 6153.82, "Total Cost": 6153.83, "Plan Rows": 1, "Plan Width": 8, "Actual Rows": 1, "Actual Loops": 1, "Plans": [{"Node Type": "Gather", "Parent Relationship": "Outer", "Parallel Aware": false, "Async Capable": false, "Startup Cost": 6153.71, "Total Cost": 6153.82, "Plan Rows": 1, "Plan Width": 8, "Actual Rows": 2, "Actual Loops": 1, "Workers Planned": 1, "Workers Launched": 1, "Single Copy": false, "Plans": [{"Node Type": "Aggregate", "Strategy": "Plain", "Partial Mode": "Partial", "Parent Relationship": "Outer", "Parallel Aware": false, "Async Capable": false, "Startup Cost": 5153.71, "Total Cost": 5153.72, "Plan Rows": 1, "Plan Width": 8, "Actual Rows": 1, "Actual Loops": 2, "Workers": [], "Plans": [{"Node Type": "Hash Join", "Parent Relationship": "Outer", "Parallel Aware": true, "Async Capable": false, "Join Type": "Inner", "Startup Cost": 2080.6, "Total Cost": 5130.73, "Plan Rows": 39.0, "Plan Width": 0, "Actual Rows": 21522, "Actual Loops": 2, "Inner Unique": false, "Hash Cond": "(c.userid = u.id)", "Workers": [], "Plans": [{"Node Type": "Seq Scan", "Parent Relationship": "Outer", "Parallel Aware": true, "Async Capable": false, "Relation Name": "comments", "Alias": "c", "Startup Cost": 0.0, "Total Cost": 2881.99, "Plan Rows": 44632, "Plan Width": 4, "Actual Rows": 38074, "Actual Loops": 2, "Filter": "((creationdate >= '2010-06-09 17:11:27'::timestamp without time zone) AND (creationdate <= '2013-01-13 00:26:38'::timestamp without time zone))", "Rows Removed by Filter": 49079, "Workers": []}, {"Node Type": "Hash", "Parent Relationship": "Inner", "Parallel Aware": true, "Async Capable": false, "Startup Cost": 2079.72, "Total Cost": 2079.72, "Plan Rows": 18.0, "Plan Width": 8, "Actual Rows": 96, "Actual Loops": 2, "Hash Buckets": 1024, "Original Hash Buckets": 1024, "Hash Batches": 1, "Original Hash Batches": 1, "Peak Memory Usage": 72, "Workers": [], "Plans": [{"Node Type": "Merge Join", "Parent Relationship": "Outer", "Parallel Aware": false, "Async Capable": false, "Join Type": "Inner", "Startup Cost": 880.5, "Total Cost": 2079.72, "Plan Rows": 18.0, "Plan Width": 8, "Actual Rows": 96, "Actual Loops": 2, "Inner Unique": true, "Merge Cond": "(v.userid = u.id)", "Workers": [], "Plans": [{"Node Type": "Index Scan", "Parent Relationship": "Outer", "Parallel Aware": true, "Async Capable": false, "Scan Direction": "Forward", "Index Name": "idx_votes_userid", "Relation Name": "votes", "Alias": "v", "Startup Cost": 0.42, "Total Cost": 11216.36, "Plan Rows": 18097, "Plan Width": 4, "Actual Rows": 820, "Actual Loops": 2, "Filter": "((creationdate >= '2014-01-07 23:07:35'::timestamp without time zone) AND (creationdate <= '2014-04-03 06:04:22'::timestamp without time zone))", "Rows Removed by Filter": 12916, "Workers": []}, {"Node Type": "Sort", "Parent Relationship": "Inner", "Parallel Aware": false, "Async Capable": false, "Startup Cost": 880.07, "Total Cost": 883.82, "Plan Rows": 1498, "Plan Width": 4, "Actual Rows": 1502, "Actual Loops": 2, "Sort Key": ["u.id"], "Sort Method": "quicksort", "Sort Space Used": 49, "Sort Space Type": "Memory", "Workers": [{"Worker Number": 0, "Sort Method": "quicksort", "Sort Space Used": 49, "Sort Space Type": "Memory"}], "Plans": [{"Node Type": "Seq Scan", "Parent Relationship": "Outer", "Parallel Aware": false, "Async Capable": false, "Relation Name": "users", "Alias": "u", "Startup Cost": 0.0, "Total Cost": 801.06, "Plan Rows": 1498, "Plan Width": 4, "Actual Rows": 1502, "Actual Loops": 2, "Filter": "(creationdate <= '2010-12-05 22:02:20'::timestamp without time zone)", "Rows Removed by Filter": 38823, "Workers": []}]}]}]}]}]}]}]}, "Planning Time": 3.057, "Triggers": [], "Execution Time": 59.269}, {"Plan": {"Node Type": "Aggregate", "Strategy": "Plain", "Partial Mode": "Simple", "Parallel Aware": false, "Async Capable": false, "Startup Cost": 2441.26, "Total Cost": 2441.27, "Plan Rows": 1, "Plan Width": 8, "Actual Rows": 1, "Actual Loops": 1, "Plans": [{"Node Type": "Nested Loop", "Parent Relationship": "Outer", "Parallel Aware": false, "Async Capable": false, "Join Type": "Inner", "Startup Cost": 880.79, "Total Cost": 2402.19, "Plan Rows": 39.0, "Plan Width": 0, "Actual Rows": 43044, "Actual Loops": 1, "Inner Unique": false, "Join Filter": "(c.userid = u.id)", "Rows Removed by Join Filter": 0, "Plans": [{"Node Type": "Merge Join", "Parent Relationship": "Outer", "Parallel Aware": false, "Async Capable": false, "Join Type": "Inner", "Startup Cost": 880.5, "Total Cost": 2297.95, "Plan Rows": 18.0, "Plan Width": 8, "Actual Rows": 193, "Actual Loops": 1, "Inner Unique": true, "Merge Cond": "(v.userid = u.id)", "Plans": [{"Node Type": "Index Scan", "Parent Relationship": "Outer", "Parallel Aware": false, "Async Capable": false, "Scan Direction": "Forward", "Index Name": "idx_votes_userid", "Relation Name": "votes", "Alias": "v", "Startup Cost": 0.42, "Total Cost": 13242.63, "Plan Rows": 30765, "Plan Width": 4, "Actual Rows": 1640, "Actual Loops": 1, "Filter": "((creationdate >= '2014-01-07 23:07:35'::timestamp without time zone) AND (creationdate <= '2014-04-03 06:04:22'::timestamp without time zone))", "Rows Removed by Filter": 25824}, {"Node Type": "Sort", "Parent Relationship": "Inner", "Parallel Aware": false, "Async Capable": false, "Startup Cost": 880.07, "Total Cost": 883.82, "Plan Rows": 1498, "Plan Width": 4, "Actual Rows": 1502, "Actual Loops": 1, "Sort Key": ["u.id"], "Sort Method": "quicksort", "Sort Space Used": 49, "Sort Space Type": "Memory", "Plans": [{"Node Type": "Seq Scan", "Parent Relationship": "Outer", "Parallel Aware": false, "Async Capable": false, "Relation Name": "users", "Alias": "u", "Startup Cost": 0.0, "Total Cost": 801.06, "Plan Rows": 1498, "Plan Width": 4, "Actual Rows": 1502, "Actual Loops": 1, "Filter": "(creationdate <= '2010-12-05 22:02:20'::timestamp without time zone)", "Rows Removed by Filter": 38823}]}]}, {"Node Type": "Index Scan", "Parent Relationship": "Inner", "Parallel Aware": false, "Async Capable": false, "Scan Direction": "Forward", "Index Name": "idx_comments_userid", "Relation Name": "comments", "Alias": "c", "Startup Cost": 0.29, "Total Cost": 0.79, "Plan Rows": 6, "Plan Width": 4, "Actual Rows": 223, "Actual Loops": 193, "Index Cond": "(userid = v.userid)", "Rows Removed by Index Recheck": 0, "Filter": "((creationdate >= '2010-06-09 17:11:27'::timestamp without time zone) AND (creationdate <= '2013-01-13 00:26:38'::timestamp without time zone))", "Rows Removed by Filter": 2188}]}]}, "Planning Time": 1.489, "Triggers": [], "Execution Time": 104.256}, {"Plan": {"Node Type": "Aggregate", "Strategy": "Plain", "Partial Mode": "Finalize", "Parallel Aware": false, "Async Capable": false, "Startup Cost": 6092.8, "Total Cost": 6092.81, "Plan Rows": 1, "Plan Width": 8, "Actual Rows": 1, "Actual Loops": 1, "Plans": [{"Node Type": "Gather", "Parent Relationship": "Outer", "Parallel Aware": false, "Async Capable": false, "Startup Cost": 6092.69, "Total Cost": 6092.8, "Plan Rows": 1, "Plan Width": 8, "Actual Rows": 2, "Actual Loops": 1, "Workers Planned": 1, "Workers Launched": 1, "Single Copy": false, "Plans": [{"Node Type": "Aggregate", "Strategy": "Plain", "Partial Mode": "Partial", "Parent Relationship": "Outer", "Parallel Aware": false, "Async Capable": false, "Startup Cost": 5092.69, "Total Cost": 5092.7, "Plan Rows": 1, "Plan Width": 8, "Actual Rows": 1, "Actual Loops": 2, "Workers": [], "Plans": [{"Node Type": "Nested Loop", "Parent Relationship": "Outer", "Parallel Aware": false, "Async Capable": false, "Join Type": "Inner", "Startup Cost": 820.21, "Total Cost": 5069.71, "Plan Rows": 39.0, "Plan Width": 0, "Actual Rows": 21522, "Actual Loops": 2, "Inner Unique": false, "Join Filter": "(v.userid = u.id)", "Rows Removed by Join Filter": 0, "Workers": [], "Plans": [{"Node Type": "Hash Join", "Parent Relationship": "Outer", "Parallel Aware": false, "Async Capable": false, "Join Type": "Inner", "Startup Cost": 819.79, "Total Cost": 3818.94, "Plan Rows": 26.0, "Plan Width": 8, "Actual Rows": 14046, "Actual Loops": 2, "Inner Unique": true, "Hash Cond": "(c.userid = u.id)", "Workers": [], "Plans": [{"Node Type": "Seq Scan", "Parent Relationship": "Outer", "Parallel Aware": true, "Async Capable": false, "Relation Name": "comments", "Alias": "c", "Startup Cost": 0.0, "Total Cost": 2881.99, "Plan Rows": 44632, "Plan Width": 4, "Actual Rows": 38074, "Actual Loops": 2, "Filter": "((creationdate >= '2010-06-09 17:11:27'::timestamp without time zone) AND (creationdate <= '2013-01-13 00:26:38'::timestamp without time zone))", "Rows Removed by Filter": 49079, "Workers": []}, {"Node Type": "Hash", "Parent Relationship": "Inner", "Parallel Aware": false, "Async Capable": false, "Startup Cost": 801.06, "Total Cost": 801.06, "Plan Rows": 1498, "Plan Width": 4, "Actual Rows": 1502, "Actual Loops": 2, "Hash Buckets": 2048, "Original Hash Buckets": 2048, "Hash Batches": 1, "Original Hash Batches": 1, "Peak Memory Usage": 69, "Workers": [], "Plans": [{"Node Type": "Seq Scan", "Parent Relationship": "Outer", "Parallel Aware": false, "Async Capable": false, "Relation Name": "users", "Alias": "u", "Startup Cost": 0.0, "Total Cost": 801.06, "Plan Rows": 1498, "Plan Width": 4, "Actual Rows": 1502, "Actual Loops": 2, "Filter": "(creationdate <= '2010-12-05 22:02:20'::timestamp without time zone)", "Rows Removed by Filter": 38823, "Workers": []}]}]}, {"Node Type": "Index Scan", "Parent Relationship": "Inner", "Parallel Aware": false, "Async Capable": false, "Scan Direction": "Forward", "Index Name": "idx_votes_userid", "Relation Name": "votes", "Alias": "v", "Startup Cost": 0.42, "Total Cost": 0.75, "Plan Rows": 1, "Plan Width": 4, "Actual Rows": 2, "Actual Loops": 28091, "Index Cond": "(userid = c.userid)", "Rows Removed by Index Recheck": 0, "Filter": "((creationdate >= '2014-01-07 23:07:35'::timestamp without time zone) AND (creationdate <= '2014-04-03 06:04:22'::timestamp without time zone))", "Rows Removed by Filter": 85, "Workers": []}]}]}]}]}, "Planning Time": 2.414, "Triggers": [], "Execution Time": 449.897}]