[{"Plan": {"Node Type": "Aggregate", "Strategy": "Plain", "Partial Mode": "Simple", "Parallel Aware": false, "Async Capable": false, "Startup Cost": 3144.9, "Total Cost": 3144.91, "Plan Rows": 1, "Plan Width": 8, "Actual Rows": 1, "Actual Loops": 1, "Plans": [{"Node Type": "Nested Loop", "Parent Relationship": "Outer", "Parallel Aware": false, "Async Capable": false, "Join Type": "Inner", "Startup Cost": 0.58, "Total Cost": 3144.49, "Plan Rows": 4.0, "Plan Width": 0, "Actual Rows": 35, "Actual Loops": 1, "Inner Unique": false, "Plans": [{"Node Type": "Nested Loop", "Parent Relationship": "Outer", "Parallel Aware": false, "Async Capable": false, "Join Type": "Inner", "Startup Cost": 0.29, "Total Cost": 3143.71, "Plan Rows": 7.0, "Plan Width": 8, "Actual Rows": 7, "Actual Loops": 1, "Inner Unique": true, "Plans": [{"Node Type": "Seq Scan", "Parent Relationship": "Outer", "Parallel Aware": false, "Async Capable": false, "Relation Name": "posts", "Alias": "p", "Startup Cost": 0.0, "Total Cost": 3139.4, "Plan Rows": 1, "Plan Width": 4, "Actual Rows": 7, "Actual Loops": 1, "Filter": "((viewcount >= 7319) AND (viewcount <= 36999) AND (commentcount >= 9) AND (commentcount <= 19) AND (favoritecount >= 10) AND (favoritecount <= 215))", "Rows Removed by Filter": 91969}, {"Node Type": "Index Only Scan", "Parent Relationship": "Inner", "Parallel Aware": false, "Async Capable": false, "Scan Direction": "Forward", "Index Name": "users_pkey", "Relation Name": "users", "Alias": "u", "Startup Cost": 0.29, "Total Cost": 4.31, "Plan Rows": 1, "Plan Width": 4, "Actual Rows": 1, "Actual Loops": 7, "Index Cond": "(id = p.owneruserid)", "Rows Removed by Index Recheck": 0, "Heap Fetches": 0}]}, {"Node Type": "Index Scan", "Parent Relationship": "Inner", "Parallel Aware": false, "Async Capable": false, "Scan Direction": "Forward", "Index Name": "idx_comments_userid", "Relation Name": "comments", "Alias": "c", "Startup Cost": 0.29, "Total Cost": 0.74, "Plan Rows": 4, "Plan Width": 4, "Actual Rows": 5, "Actual Loops": 7, "Index Cond": "(userid = u.id)", "Rows Removed by Index Recheck": 0, "Filter": "((creationdate >= '2012-03-13 20:29:21'::timestamp without time zone) AND (creationdate <= '2013-04-14 11:10:10'::timestamp without time zone))", "Rows Removed by Filter": 38}]}]}, "Planning Time": 0.709, "Triggers": [], "Execution Time": 9.136}, {"Plan": {"Node Type": "Aggregate", "Strategy": "Plain", "Partial Mode": "Simple", "Parallel Aware": false, "Async Capable": false, "Startup Cost": 3992.08, "Total Cost": 3992.09, "Plan Rows": 1, "Plan Width": 8, "Actual Rows": 1, "Actual Loops": 1, "Plans": [{"Node Type": "Nested Loop", "Parent Relationship": "Outer", "Parallel Aware": false, "Async Capable": false, "Join Type": "Inner", "Startup Cost": 3139.71, "Total Cost": 3991.67, "Plan Rows": 4.0, "Plan Width": 0, "Actual Rows": 35, "Actual Loops": 1, "Inner Unique": false, "Plans": [{"Node Type": "Hash Join", "Parent Relationship": "Outer", "Parallel Aware": false, "Async Capable": false, "Join Type": "Inner", "Startup Cost": 3139.41, "Total Cost": 3990.89, "Plan Rows": 7.0, "Plan Width": 8, "Actual Rows": 7, "Actual Loops": 1, "Inner Unique": false, "Hash Cond": "(u.id = p.owneruserid)", "Plans": [{"Node Type": "Seq Scan", "Parent Relationship": "Outer", "Parallel Aware": false, "Async Capable": false, "Relation Name": "users", "Alias": "u", "Startup Cost": 0.0, "Total Cost": 700.25, "Plan Rows": 40325, "Plan Width": 4, "Actual Rows": 40325, "Actual Loops": 1}, {"Node Type": "Hash", "Parent Relationship": "Inner", "Parallel Aware": false, "Async Capable": false, "Startup Cost": 3139.4, "Total Cost": 3139.4, "Plan Rows": 1, "Plan Width": 4, "Actual Rows": 7, "Actual Loops": 1, "Hash Buckets": 1024, "Original Hash Buckets": 1024, "Hash Batches": 1, "Original Hash Batches": 1, "Peak Memory Usage": 9, "Plans": [{"Node Type": "Seq Scan", "Parent Relationship": "Outer", "Parallel Aware": false, "Async Capable": false, "Relation Name": "posts", "Alias": "p", "Startup Cost": 0.0, "Total Cost": 3139.4, "Plan Rows": 1, "Plan Width": 4, "Actual Rows": 7, "Actual Loops": 1, "Filter": "((viewcount >= 7319) AND (viewcount <= 36999) AND (commentcount >= 9) AND (commentcount <= 19) AND (favoritecount >= 10) AND (favoritecount <= 215))", "Rows Removed by Filter": 91969}]}]}, {"Node Type": "Index Scan", "Parent Relationship": "Inner", "Parallel Aware": false, "Async Capable": false, "Scan Direction": "Forward", "Index Name": "idx_comments_userid", "Relation Name": "comments", "Alias": "c", "Startup Cost": 0.29, "Total Cost": 0.74, "Plan Rows": 4, "Plan Width": 4, "Actual Rows": 5, "Actual Loops": 7, "Index Cond": "(userid = u.id)", "Rows Removed by Index Recheck": 0, "Filter": "((creationdate >= '2012-03-13 20:29:21'::timestamp without time zone) AND (creationdate <= '2013-04-14 11:10:10'::timestamp without time zone))", "Rows Removed by Filter": 38}]}]}, "Planning Time": 0.67, "Triggers": [], "Execution Time": 12.149}, {"Plan": {"Node Type": "Aggregate", "Strategy": "Plain", "Partial Mode": "Finalize", "Parallel Aware": false, "Async Capable": false, "Startup Cost": 7131.9, "Total Cost": 7131.91, "Plan Rows": 1, "Plan Width": 8, "Actual Rows": 1, "Actual Loops": 1, "Plans": [{"Node Type": "Gather", "Parent Relationship": "Outer", "Parallel Aware": false, "Async Capable": false, "Startup Cost": 7131.79, "Total Cost": 7131.9, "Plan Rows": 1, "Plan Width": 8, "Actual Rows": 2, "Actual Loops": 1, "Workers Planned": 1, "Workers Launched": 1, "Single Copy": false, "Plans": [{"Node Type": "Aggregate", "Strategy": "Plain", "Partial Mode": "Partial", "Parent Relationship": "Outer", "Parallel Aware": false, "Async Capable": false, "Startup Cost": 6131.79, "Total Cost": 6131.8, "Plan Rows": 1, "Plan Width": 8, "Actual Rows": 1, "Actual Loops": 2, "Workers": [], "Plans": [{"Node Type": "Hash Join", "Parent Relationship": "Outer", "Parallel Aware": false, "Async Capable": false, "Join Type": "Inner", "Startup Cost": 3143.72, "Total Cost": 6131.55, "Plan Rows": 4.0, "Plan Width": 0, "Actual Rows": 18, "Actual Loops": 2, "Inner Unique": false, "Hash Cond": "(c.userid = u.id)", "Workers": [], "Plans": [{"Node Type": "Seq Scan", "Parent Relationship": "Outer", "Parallel Aware": true, "Async Capable": false, "Relation Name": "comments", "Alias": "c", "Startup Cost": 0.0, "Total Cost": 2881.99, "Plan Rows": 28222, "Plan Width": 4, "Actual Rows": 23930, "Actual Loops": 2, "Filter": "((creationdate >= '2012-03-13 20:29:21'::timestamp without time zone) AND (creationdate <= '2013-04-14 11:10:10'::timestamp without time zone))", "Rows Removed by Filter": 63222, "Workers": []}, {"Node Type": "Hash", "Parent Relationship": "Inner", "Parallel Aware": false, "Async Capable": false, "Startup Cost": 3143.71, "Total Cost": 3143.71, "Plan Rows": 7.0, "Plan Width": 8, "Actual Rows": 7, "Actual Loops": 2, "Hash Buckets": 1024, "Original Hash Buckets": 1024, "Hash Batches": 1, "Original Hash Batches": 1, "Peak Memory Usage": 9, "Workers": [], "Plans": [{"Node Type": "Nested Loop", "Parent Relationship": "Outer", "Parallel Aware": false, "Async Capable": false, "Join Type": "Inner", "Startup Cost": 0.29, "Total Cost": 3143.71, "Plan Rows": 7.0, "Plan Width": 8, "Actual Rows": 7, "Actual Loops": 2, "Inner Unique": true, "Workers": [], "Plans": [{"Node Type": "Seq Scan", "Parent Relationship": "Outer", "Parallel Aware": false, "Async Capable": false, "Relation Name": "posts", "Alias": "p", "Startup Cost": 0.0, "Total Cost": 3139.4, "Plan Rows": 1, "Plan Width": 4, "Actual Rows": 7, "Actual Loops": 2, "Filter": "((viewcount >= 7319) AND (viewcount <= 36999) AND (commentcount >= 9) AND (commentcount <= 19) AND (favoritecount >= 10) AND (favoritecount <= 215))", "Rows Removed by Filter": 91969, "Workers": []}, {"Node Type": "Index Only Scan", "Parent Relationship": "Inner", "Parallel Aware": false, "Async Capable": false, "Scan Direction": "Forward", "Index Name": "users_pkey", "Relation Name": "users", "Alias": "u", "Startup Cost": 0.29, "Total Cost": 4.31, "Plan Rows": 1, "Plan Width": 4, "Actual Rows": 1, "Actual Loops": 14, "Index Cond": "(id = p.owneruserid)", "Rows Removed by Index Recheck": 0, "Heap Fetches": 0, "Workers": []}]}]}]}]}]}]}, "Planning Time": 1.275, "Triggers": [], "Execution Time": 37.618}, {"Plan": {"Node Type": "Aggregate", "Strategy": "Plain", "Partial Mode": "Simple", "Parallel Aware": false, "Async Capable": false, "Startup Cost": 9018.45, "Total Cost": 9018.46, "Plan Rows": 1, "Plan Width": 8, "Actual Rows": 1, "Actual Loops": 1, "Plans": [{"Node Type": "Nested Loop", "Parent Relationship": "Outer", "Parallel Aware": false, "Async Capable": false, "Join Type": "Inner", "Startup Cost": 1204.31, "Total Cost": 9018.04, "Plan Rows": 4.0, "Plan Width": 0, "Actual Rows": 35, "Actual Loops": 1, "Inner Unique": false, "Join Filter": "(c.userid = p.owneruserid)", "Rows Removed by Join Filter": 327033, "Plans": [{"Node Type": "Seq Scan", "Parent Relationship": "Outer", "Parallel Aware": false, "Async Capable": false, "Relation Name": "posts", "Alias": "p", "Startup Cost": 0.0, "Total Cost": 3139.4, "Plan Rows": 1, "Plan Width": 4, "Actual Rows": 7, "Actual Loops": 1, "Filter": "((viewcount >= 7319) AND (viewcount <= 36999) AND (commentcount >= 9) AND (commentcount <= 19) AND (favoritecount >= 10) AND (favoritecount <= 215))", "Rows Removed by Filter": 91969}, {"Node Type": "Hash Join", "Parent Relationship": "Inner", "Parallel Aware": false, "Async Capable": false, "Join Type": "Inner", "Startup Cost": 1204.31, "Total Cost": 5288.84, "Plan Rows": 1024.0, "Plan Width": 8, "Actual Rows": 46724, "Actual Loops": 7, "Inner Unique": true, "Hash Cond": "(c.userid = u.id)", "Plans": [{"Node Type": "Seq Scan", "Parent Relationship": "Outer", "Parallel Aware": false, "Async Capable": false, "Relation Name": "comments", "Alias": "c", "Startup Cost": 0.0, "Total Cost": 3958.57, "Plan Rows": 47978, "Plan Width": 4, "Actual Rows": 47861, "Actual Loops": 7, "Filter": "((creationdate >= '2012-03-13 20:29:21'::timestamp without time zone) AND (creationdate <= '2013-04-14 11:10:10'::timestamp without time zone))", "Rows Removed by Filter": 126444}, {"Node Type": "Hash", "Parent Relationship": "Inner", "Parallel Aware": false, "Async Capable": false, "Startup Cost": 700.25, "Total Cost": 700.25, "Plan Rows": 40325, "Plan Width": 4, "Actual Rows": 40325, "Actual Loops": 1, "Hash Buckets": 65536, "Original Hash Buckets": 65536, "Hash Batches": 1, "Original Hash Batches": 1, "Peak Memory Usage": 1930, "Plans": [{"Node Type": "Seq Scan", "Parent Relationship": "Outer", "Parallel Aware": false, "Async Capable": false, "Relation Name": "users", "Alias": "u", "Startup Cost": 0.0, "Total Cost": 700.25, "Plan Rows": 40325, "Plan Width": 4, "Actual Rows": 40325, "Actual Loops": 1}]}]}]}]}, "Planning Time": 1.733, "Triggers": [], "Execution Time": 171.156}, {"Plan": {"Node Type": "Aggregate", "Strategy": "Plain", "Partial Mode": "Simple", "Parallel Aware": false, "Async Capable": false, "Startup Cost": 4352.24, "Total Cost": 4352.25, "Plan Rows": 1, "Plan Width": 8, "Actual Rows": 1, "Actual Loops": 1, "Plans": [{"Node Type": "Merge Join", "Parent Relationship": "Outer", "Parallel Aware": false, "Async Capable": false, "Join Type": "Inner", "Startup Cost": 3191.75, "Total Cost": 4351.83, "Plan Rows": 4.0, "Plan Width": 0, "Actual Rows": 35, "Actual Loops": 1, "Inner Unique": false, "Merge Cond": "(u.id = c.userid)", "Plans": [{"Node Type": "Index Only Scan", "Parent Relationship": "Outer", "Parallel Aware": false, "Async Capable": false, "Scan Direction": "Forward", "Index Name": "users_pkey", "Relation Name": "users", "Alias": "u", "Startup Cost": 0.29, "Total Cost": 1057.16, "Plan Rows": 40325, "Plan Width": 4, "Actual Rows": 15532, "Actual Loops": 1, "Heap Fetches": 0}, {"Node Type": "Sort", "Parent Relationship": "Inner", "Parallel Aware": false, "Async Capable": false, "Startup Cost": 3191.38, "Total Cost": 3191.8, "Plan Rows": 14.0, "Plan Width": 8, "Actual Rows": 35, "Actual Loops": 1, "Sort Key": ["c.userid"], "Sort Method": "quicksort", "Sort Space Used": 26, "Sort Space Type": "Memory", "Plans": [{"Node Type": "Nested Loop", "Parent Relationship": "Outer", "Parallel Aware": false, "Async Capable": false, "Join Type": "Inner", "Startup Cost": 0.29, "Total Cost": 3185.17, "Plan Rows": 14.0, "Plan Width": 8, "Actual Rows": 35, "Actual Loops": 1, "Inner Unique": false, "Plans": [{"Node Type": "Seq Scan", "Parent Relationship": "Outer", "Parallel Aware": false, "Async Capable": false, "Relation Name": "posts", "Alias": "p", "Startup Cost": 0.0, "Total Cost": 3139.4, "Plan Rows": 1, "Plan Width": 4, "Actual Rows": 7, "Actual Loops": 1, "Filter": "((viewcount >= 7319) AND (viewcount <= 36999) AND (commentcount >= 9) AND (commentcount <= 19) AND (favoritecount >= 10) AND (favoritecount <= 215))", "Rows Removed by Filter": 91969}, {"Node Type": "Index Scan", "Parent Relationship": "Inner", "Parallel Aware": false, "Async Capable": false, "Scan Direction": "Forward", "Index Name": "idx_comments_userid", "Relation Name": "comments", "Alias": "c", "Startup Cost": 0.29, "Total Cost": 45.73, "Plan Rows": 4, "Plan Width": 4, "Actual Rows": 5, "Actual Loops": 7, "Index Cond": "(userid = p.owneruserid)", "Rows Removed by Index Recheck": 0, "Filter": "((creationdate >= '2012-03-13 20:29:21'::timestamp without time zone) AND (creationdate <= '2013-04-14 11:10:10'::timestamp without time zone))", "Rows Removed by Filter": 38}]}]}]}]}, "Planning Time": 1.389, "Triggers": [], "Execution Time": 12.36}, {"Plan": {"Node Type": "Aggregate", "Strategy": "Plain", "Partial Mode": "Simple", "Parallel Aware": false, "Async Capable": false, "Startup Cost": 3198.78, "Total Cost": 3198.79, "Plan Rows": 1, "Plan Width": 8, "Actual Rows": 1, "Actual Loops": 1, "Plans": [{"Node Type": "Nested Loop", "Parent Relationship": "Outer", "Parallel Aware": false, "Async Capable": false, "Join Type": "Inner", "Startup Cost": 0.59, "Total Cost": 3198.37, "Plan Rows": 4.0, "Plan Width": 0, "Actual Rows": 35, "Actual Loops": 1, "Inner Unique": true, "Join Filter": "(c.userid = u.id)", "Rows Removed by Join Filter": 0, "Plans": [{"Node Type": "Nested Loop", "Parent Relationship": "Outer", "Parallel Aware": false, "Async Capable": false, "Join Type": "Inner", "Startup Cost": 0.29, "Total Cost": 3185.17, "Plan Rows": 14.0, "Plan Width": 8, "Actual Rows": 35, "Actual Loops": 1, "Inner Unique": false, "Plans": [{"Node Type": "Seq Scan", "Parent Relationship": "Outer", "Parallel Aware": false, "Async Capable": false, "Relation Name": "posts", "Alias": "p", "Startup Cost": 0.0, "Total Cost": 3139.4, "Plan Rows": 1, "Plan Width": 4, "Actual Rows": 7, "Actual Loops": 1, "Filter": "((viewcount >= 7319) AND (viewcount <= 36999) AND (commentcount >= 9) AND (commentcount <= 19) AND (favoritecount >= 10) AND (favoritecount <= 215))", "Rows Removed by Filter": 91969}, {"Node Type": "Index Scan", "Parent Relationship": "Inner", "Parallel Aware": false, "Async Capable": false, "Scan Direction": "Forward", "Index Name": "idx_comments_userid", "Relation Name": "comments", "Alias": "c", "Startup Cost": 0.29, "Total Cost": 45.73, "Plan Rows": 4, "Plan Width": 4, "Actual Rows": 5, "Actual Loops": 7, "Index Cond": "(userid = p.owneruserid)", "Rows Removed by Index Recheck": 0, "Filter": "((creationdate >= '2012-03-13 20:29:21'::timestamp without time zone) AND (creationdate <= '2013-04-14 11:10:10'::timestamp without time zone))", "Rows Removed by Filter": 38}]}, {"Node Type": "Memoize", "Parent Relationship": "Inner", "Parallel Aware": false, "Async Capable": false, "Startup Cost": 0.3, "Total Cost": 4.32, "Plan Rows": 1, "Plan Width": 4, "Actual Rows": 1, "Actual Loops": 35, "Cache Key": "p.owneruserid", "Cache Mode": "logical", "Cache Hits": 29, "Cache Misses": 6, "Cache Evictions": 0, "Cache Overflows": 0, "Peak Memory Usage": 1, "Plans": [{"Node Type": "Index Only Scan", "Parent Relationship": "Outer", "Parallel Aware": false, "Async Capable": false, "Scan Direction": "Forward", "Index Name": "users_pkey", "Relation Name": "users", "Alias": "u", "Startup Cost": 0.29, "Total Cost": 4.31, "Plan Rows": 1, "Plan Width": 4, "Actual Rows": 1, "Actual Loops": 6, "Index Cond": "(id = p.owneruserid)", "Rows Removed by Index Recheck": 0, "Heap Fetches": 0}]}]}]}, "Planning Time": 0.743, "Triggers": [], "Execution Time": 6.618}, {"Plan": {"Node Type": "Aggregate", "Strategy": "Plain", "Partial Mode": "Simple", "Parallel Aware": false, "Async Capable": false, "Startup Cost": 3144.9, "Total Cost": 3144.91, "Plan Rows": 1, "Plan Width": 8, "Actual Rows": 1, "Actual Loops": 1, "Plans": [{"Node Type": "Nested Loop", "Parent Relationship": "Outer", "Parallel Aware": false, "Async Capable": false, "Join Type": "Inner", "Startup Cost": 0.58, "Total Cost": 3144.49, "Plan Rows": 4.0, "Plan Width": 0, "Actual Rows": 35, "Actual Loops": 1, "Inner Unique": false, "Plans": [{"Node Type": "Nested Loop", "Parent Relationship": "Outer", "Parallel Aware": false, "Async Capable": false, "Join Type": "Inner", "Startup Cost": 0.29, "Total Cost": 3143.71, "Plan Rows": 7.0, "Plan Width": 8, "Actual Rows": 7, "Actual Loops": 1, "Inner Unique": true, "Plans": [{"Node Type": "Seq Scan", "Parent Relationship": "Outer", "Parallel Aware": false, "Async Capable": false, "Relation Name": "posts", "Alias": "p", "Startup Cost": 0.0, "Total Cost": 3139.4, "Plan Rows": 1, "Plan Width": 4, "Actual Rows": 7, "Actual Loops": 1, "Filter": "((viewcount >= 7319) AND (viewcount <= 36999) AND (commentcount >= 9) AND (commentcount <= 19) AND (favoritecount >= 10) AND (favoritecount <= 215))", "Rows Removed by Filter": 91969}, {"Node Type": "Index Only Scan", "Parent Relationship": "Inner", "Parallel Aware": false, "Async Capable": false, "Scan Direction": "Forward", "Index Name": "users_pkey", "Relation Name": "users", "Alias": "u", "Startup Cost": 0.29, "Total Cost": 4.31, "Plan Rows": 1, "Plan Width": 4, "Actual Rows": 1, "Actual Loops": 7, "Index Cond": "(id = p.owneruserid)", "Rows Removed by Index Recheck": 0, "Heap Fetches": 0}]}, {"Node Type": "Index Scan", "Parent Relationship": "Inner", "Parallel Aware": false, "Async Capable": false, "Scan Direction": "Forward", "Index Name": "idx_comments_userid", "Relation Name": "comments", "Alias": "c", "Startup Cost": 0.29, "Total Cost": 0.74, "Plan Rows": 4, "Plan Width": 4, "Actual Rows": 5, "Actual Loops": 7, "Index Cond": "(userid = u.id)", "Rows Removed by Index Recheck": 0, "Filter": "((creationdate >= '2012-03-13 20:29:21'::timestamp without time zone) AND (creationdate <= '2013-04-14 11:10:10'::timestamp without time zone))", "Rows Removed by Filter": 38}]}]}, "Planning Time": 0.653, "Triggers": [], "Execution Time": 6.487}, {"Plan": {"Node Type": "Aggregate", "Strategy": "Plain", "Partial Mode": "Finalize", "Parallel Aware": false, "Async Capable": false, "Startup Cost": 8388.53, "Total Cost": 8388.54, "Plan Rows": 1, "Plan Width": 8, "Actual Rows": 1, "Actual Loops": 1, "Plans": [{"Node Type": "Gather", "Parent Relationship": "Outer", "Parallel Aware": false, "Async Capable": false, "Startup Cost": 8388.42, "Total Cost": 8388.53, "Plan Rows": 1, "Plan Width": 8, "Actual Rows": 2, "Actual Loops": 1, "Workers Planned": 1, "Workers Launched": 1, "Single Copy": false, "Plans": [{"Node Type": "Aggregate", "Strategy": "Plain", "Partial Mode": "Partial", "Parent Relationship": "Outer", "Parallel Aware": false, "Async Capable": false, "Startup Cost": 7388.42, "Total Cost": 7388.43, "Plan Rows": 1, "Plan Width": 8, "Actual Rows": 1, "Actual Loops": 2, "Workers": [], "Plans": [{"Node Type": "Hash Join", "Parent Relationship": "Outer", "Parallel Aware": false, "Async Capable": false, "Join Type": "Inner", "Startup Cost": 4327.05, "Total Cost": 7388.18, "Plan Rows": 4.0, "Plan Width": 0, "Actual Rows": 18, "Actual Loops": 2, "Inner Unique": false, "Hash Cond": "(c.userid = p.owneruserid)", "Workers": [], "Plans": [{"Node Type": "Hash Join", "Parent Relationship": "Outer", "Parallel Aware": true, "Async Capable": false, "Join Type": "Inner", "Startup Cost": 1187.63, "Total Cost": 4143.71, "Plan Rows": 1024.0, "Plan Width": 8, "Actual Rows": 23362, "Actual Loops": 2, "Inner Unique": true, "Hash Cond": "(c.userid = u.id)", "Workers": [], "Plans": [{"Node Type": "Seq Scan", "Parent Relationship": "Outer", "Parallel Aware": true, "Async Capable": false, "Relation Name": "comments", "Alias": "c", "Startup Cost": 0.0, "Total Cost": 2881.99, "Plan Rows": 28222, "Plan Width": 4, "Actual Rows": 23930, "Actual Loops": 2, "Filter": "((creationdate >= '2012-03-13 20:29:21'::timestamp without time zone) AND (creationdate <= '2013-04-14 11:10:10'::timestamp without time zone))", "Rows Removed by Filter": 63222, "Workers": []}, {"Node Type": "Hash", "Parent Relationship": "Inner", "Parallel Aware": true, "Async Capable": false, "Startup Cost": 891.12, "Total Cost": 891.12, "Plan Rows": 23721, "Plan Width": 4, "Actual Rows": 20162, "Actual Loops": 2, "Hash Buckets": 65536, "Original Hash Buckets": 65536, "Hash Batches": 1, "Original Hash Batches": 1, "Peak Memory Usage": 2144, "Workers": [], "Plans": [{"Node Type": "Index Only Scan", "Parent Relationship": "Outer", "Parallel Aware": true, "Async Capable": false, "Scan Direction": "Forward", "Index Name": "users_pkey", "Relation Name": "users", "Alias": "u", "Startup Cost": 0.29, "Total Cost": 891.12, "Plan Rows": 23721, "Plan Width": 4, "Actual Rows": 20162, "Actual Loops": 2, "Heap Fetches": 0, "Workers": []}]}]}, {"Node Type": "Hash", "Parent Relationship": "Inner", "Parallel Aware": false, "Async Capable": false, "Startup Cost": 3139.4, "Total Cost": 3139.4, "Plan Rows": 1, "Plan Width": 4, "Actual Rows": 7, "Actual Loops": 2, "Hash Buckets": 1024, "Original Hash Buckets": 1024, "Hash Batches": 1, "Original Hash Batches": 1, "Peak Memory Usage": 9, "Workers": [], "Plans": [{"Node Type": "Seq Scan", "Parent Relationship": "Outer", "Parallel Aware": false, "Async Capable": false, "Relation Name": "posts", "Alias": "p", "Startup Cost": 0.0, "Total Cost": 3139.4, "Plan Rows": 1, "Plan Width": 4, "Actual Rows": 7, "Actual Loops": 2, "Filter": "((viewcount >= 7319) AND (viewcount <= 36999) AND (commentcount >= 9) AND (commentcount <= 19) AND (favoritecount >= 10) AND (favoritecount <= 215))", "Rows Removed by Filter": 91969, "Workers": []}]}]}]}]}]}, "Planning Time": 1.104, "Triggers": [], "Execution Time": 48.109}]