[{"Plan": {"Node Type": "Aggregate", "Strategy": "Plain", "Partial Mode": "Simple", "Parallel Aware": false, "Async Capable": false, "Startup Cost": 1161.05, "Total Cost": 1161.06, "Plan Rows": 1, "Plan Width": 8, "Actual Rows": 1, "Actual Loops": 1, "Plans": [{"Node Type": "Nested Loop", "Parent Relationship": "Outer", "Parallel Aware": false, "Async Capable": false, "Join Type": "Inner", "Startup Cost": 1.71, "Total Cost": 1161.05, "Plan Rows": 2580.0, "Plan Width": 0, "Actual Rows": 12958, "Actual Loops": 1, "Inner Unique": false, "Join Filter": "(p.id = v.postid)", "Rows Removed by Join Filter": 0, "Plans": [{"Node Type": "Nested Loop", "Parent Relationship": "Outer", "Parallel Aware": false, "Async Capable": false, "Join Type": "Inner", "Startup Cost": 1.29, "Total Cost": 1160.42, "Plan Rows": 285.0, "Plan Width": 12, "Actual Rows": 418, "Actual Loops": 1, "Inner Unique": false, "Join Filter": "(p.id = pl.relatedpostid)", "Rows Removed by Join Filter": 0, "Plans": [{"Node Type": "Nested Loop", "Parent Relationship": "Outer", "Parallel Aware": false, "Async Capable": false, "Join Type": "Inner", "Startup Cost": 1.0, "Total Cost": 1160.07, "Plan Rows": 286.0, "Plan Width": 8, "Actual Rows": 2915, "Actual Loops": 1, "Inner Unique": false, "Plans": [{"Node Type": "Nested Loop", "Parent Relationship": "Outer", "Parallel Aware": false, "Async Capable": false, "Join Type": "Inner", "Startup Cost": 0.58, "Total Cost": 1155.79, "Plan Rows": 82.0, "Plan Width": 4, "Actual Rows": 306, "Actual Loops": 1, "Inner Unique": false, "Join Filter": "(p.owneruserid = u.id)", "Rows Removed by Join Filter": 0, "Plans": [{"Node Type": "Nested Loop", "Parent Relationship": "Outer", "Parallel Aware": false, "Async Capable": false, "Join Type": "Inner", "Startup Cost": 0.29, "Total Cost": 1150.33, "Plan Rows": 380.0, "Plan Width": 8, "Actual Rows": 254, "Actual Loops": 1, "Inner Unique": false, "Plans": [{"Node Type": "Seq Scan", "Parent Relationship": "Outer", "Parallel Aware": false, "Async Capable": false, "Relation Name": "users", "Alias": "u", "Startup Cost": 0.0, "Total Cost": 801.06, "Plan Rows": 30, "Plan Width": 4, "Actual Rows": 29, "Actual Loops": 1, "Filter": "(downvotes >= 60)", "Rows Removed by Filter": 40296}, {"Node Type": "Index Scan", "Parent Relationship": "Inner", "Parallel Aware": false, "Async Capable": false, "Scan Direction": "Forward", "Index Name": "idx_badges_userid", "Relation Name": "badges", "Alias": "b", "Startup Cost": 0.29, "Total Cost": 11.63, "Plan Rows": 1, "Plan Width": 4, "Actual Rows": 9, "Actual Loops": 29, "Index Cond": "(userid = u.id)", "Rows Removed by Index Recheck": 0, "Filter": "((date >= '2014-05-16 19:04:09'::timestamp without time zone) AND (date <= '2014-08-20 18:18:26'::timestamp without time zone))", "Rows Removed by Filter": 89}]}, {"Node Type": "Index Scan", "Parent Relationship": "Inner", "Parallel Aware": false, "Async Capable": false, "Scan Direction": "Forward", "Index Name": "idx_posts_owneruserid", "Relation Name": "posts", "Alias": "p", "Startup Cost": 0.29, "Total Cost": 0.77, "Plan Rows": 1, "Plan Width": 8, "Actual Rows": 1, "Actual Loops": 254, "Index Cond": "(owneruserid = b.userid)", "Rows Removed by Index Recheck": 0, "Filter": "((score >= 63) AND (score <= 135))", "Rows Removed by Filter": 921}]}, {"Node Type": "Index Only Scan", "Parent Relationship": "Inner", "Parallel Aware": false, "Async Capable": false, "Scan Direction": "Forward", "Index Name": "idx_comments_postid", "Relation Name": "comments", "Alias": "c", "Startup Cost": 0.42, "Total Cost": 4.25, "Plan Rows": 3, "Plan Width": 4, "Actual Rows": 10, "Actual Loops": 306, "Index Cond": "(postid = p.id)", "Rows Removed by Index Recheck": 0, "Heap Fetches": 0}]}, {"Node Type": "Index Scan", "Parent Relationship": "Inner", "Parallel Aware": false, "Async Capable": false, "Scan Direction": "Forward", "Index Name": "idx_postlinks_relatedpostid", "Relation Name": "postlinks", "Alias": "pl", "Startup Cost": 0.29, "Total Cost": 0.33, "Plan Rows": 2, "Plan Width": 4, "Actual Rows": 0, "Actual Loops": 2915, "Index Cond": "(relatedpostid = c.postid)", "Rows Removed by Index Recheck": 0, "Filter": "(creationdate <= '2014-02-12 22:41:11'::timestamp without time zone)", "Rows Removed by Filter": 0}]}, {"Node Type": "Index Scan", "Parent Relationship": "Inner", "Parallel Aware": false, "Async Capable": false, "Scan Direction": "Forward", "Index Name": "idx_votes_postid", "Relation Name": "votes", "Alias": "v", "Startup Cost": 0.42, "Total Cost": 0.58, "Plan Rows": 3, "Plan Width": 4, "Actual Rows": 31, "Actual Loops": 418, "Index Cond": "(postid = c.postid)", "Rows Removed by Index Recheck": 0, "Filter": "(creationdate >= '2013-02-13 00:11:02'::timestamp without time zone)", "Rows Removed by Filter": 116}]}]}, "Planning Time": 3.593, "Triggers": [], "Execution Time": 57.174}, {"Plan": {"Node Type": "Aggregate", "Strategy": "Plain", "Partial Mode": "Simple", "Parallel Aware": false, "Async Capable": false, "Startup Cost": 19042.86, "Total Cost": 19042.87, "Plan Rows": 1, "Plan Width": 8, "Plans": [{"Node Type": "Nested Loop", "Parent Relationship": "Outer", "Parallel Aware": false, "Async Capable": false, "Join Type": "Inner", "Startup Cost": 1.45, "Total Cost": 19042.86, "Plan Rows": 2580.0, "Plan Width": 0, "Inner Unique": false, "Join Filter": "(p.id = pl.relatedpostid)", "Plans": [{"Node Type": "Nested Loop", "Parent Relationship": "Outer", "Parallel Aware": false, "Async Capable": false, "Join Type": "Inner", "Startup Cost": 0.58, "Total Cost": 1155.79, "Plan Rows": 82.0, "Plan Width": 4, "Inner Unique": false, "Join Filter": "(p.owneruserid = u.id)", "Plans": [{"Node Type": "Nested Loop", "Parent Relationship": "Outer", "Parallel Aware": false, "Async Capable": false, "Join Type": "Inner", "Startup Cost": 0.29, "Total Cost": 1150.33, "Plan Rows": 380.0, "Plan Width": 8, "Inner Unique": false, "Plans": [{"Node Type": "Seq Scan", "Parent Relationship": "Outer", "Parallel Aware": false, "Async Capable": false, "Relation Name": "users", "Alias": "u", "Startup Cost": 0.0, "Total Cost": 801.06, "Plan Rows": 30, "Plan Width": 4, "Filter": "(downvotes >= 60)"}, {"Node Type": "Index Scan", "Parent Relationship": "Inner", "Parallel Aware": false, "Async Capable": false, "Scan Direction": "Forward", "Index Name": "idx_badges_userid", "Relation Name": "badges", "Alias": "b", "Startup Cost": 0.29, "Total Cost": 11.63, "Plan Rows": 1, "Plan Width": 4, "Index Cond": "(userid = u.id)", "Filter": "((date >= '2014-05-16 19:04:09'::timestamp without time zone) AND (date <= '2014-08-20 18:18:26'::timestamp without time zone))"}]}, {"Node Type": "Index Scan", "Parent Relationship": "Inner", "Parallel Aware": false, "Async Capable": false, "Scan Direction": "Forward", "Index Name": "idx_posts_owneruserid", "Relation Name": "posts", "Alias": "p", "Startup Cost": 0.29, "Total Cost": 0.77, "Plan Rows": 1, "Plan Width": 8, "Index Cond": "(owneruserid = b.userid)", "Filter": "((score >= 63) AND (score <= 135))"}]}, {"Node Type": "Nested Loop", "Parent Relationship": "Inner", "Parallel Aware": false, "Async Capable": false, "Join Type": "Inner", "Startup Cost": 0.86, "Total Cost": 14095.65, "Plan Rows": 26739.0, "Plan Width": 12, "Inner Unique": false, "Plans": [{"Node Type": "Nested Loop", "Parent Relationship": "Outer", "Parallel Aware": false, "Async Capable": false, "Join Type": "Inner", "Startup Cost": 0.43, "Total Cost": 3769.8, "Plan Rows": 2529.0, "Plan Width": 8, "Inner Unique": false, "Plans": [{"Node Type": "Seq Scan", "Parent Relationship": "Outer", "Parallel Aware": false, "Async Capable": false, "Relation Name": "postlinks", "Alias": "pl", "Startup Cost": 0.0, "Total Cost": 220.78, "Plan Rows": 7846, "Plan Width": 4, "Filter": "(creationdate <= '2014-02-12 22:41:11'::timestamp without time zone)"}, {"Node Type": "Memoize", "Parent Relationship": "Inner", "Parallel Aware": false, "Async Capable": false, "Startup Cost": 0.43, "Total Cost": 0.67, "Plan Rows": 3, "Plan Width": 4, "Cache Key": "pl.relatedpostid", "Cache Mode": "logical", "Plans": [{"Node Type": "Index Only Scan", "Parent Relationship": "Outer", "Parallel Aware": false, "Async Capable": false, "Scan Direction": "Forward", "Index Name": "idx_comments_postid", "Relation Name": "comments", "Alias": "c", "Startup Cost": 0.42, "Total Cost": 0.66, "Plan Rows": 3, "Plan Width": 4, "Index Cond": "(postid = pl.relatedpostid)"}]}]}, {"Node Type": "Memoize", "Parent Relationship": "Inner", "Parallel Aware": false, "Async Capable": false, "Startup Cost": 0.43, "Total Cost": 1.88, "Plan Rows": 3, "Plan Width": 4, "Cache Key": "pl.relatedpostid", "Cache Mode": "logical", "Plans": [{"Node Type": "Index Scan", "Parent Relationship": "Outer", "Parallel Aware": false, "Async Capable": false, "Scan Direction": "Forward", "Index Name": "idx_votes_postid", "Relation Name": "votes", "Alias": "v", "Startup Cost": 0.42, "Total Cost": 1.87, "Plan Rows": 3, "Plan Width": 4, "Index Cond": "(postid = pl.relatedpostid)", "Filter": "(creationdate >= '2013-02-13 00:11:02'::timestamp without time zone)"}]}]}]}]}, "Timeout Time": 5000}, {"Plan": {"Node Type": "Aggregate", "Strategy": "Plain", "Partial Mode": "Simple", "Parallel Aware": false, "Async Capable": false, "Startup Cost": 4903.69, "Total Cost": 4903.7, "Plan Rows": 1, "Plan Width": 8, "Actual Rows": 1, "Actual Loops": 1, "Plans": [{"Node Type": "Hash Join", "Parent Relationship": "Outer", "Parallel Aware": false, "Async Capable": false, "Join Type": "Inner", "Startup Cost": 1162.97, "Total Cost": 4903.68, "Plan Rows": 2580.0, "Plan Width": 0, "Actual Rows": 12958, "Actual Loops": 1, "Inner Unique": false, "Hash Cond": "(c.postid = p.id)", "Plans": [{"Node Type": "Seq Scan", "Parent Relationship": "Outer", "Parallel Aware": false, "Async Capable": false, "Relation Name": "comments", "Alias": "c", "Startup Cost": 0.0, "Total Cost": 3087.05, "Plan Rows": 174305, "Plan Width": 4, "Actual Rows": 174305, "Actual Loops": 1}, {"Node Type": "Hash", "Parent Relationship": "Inner", "Parallel Aware": false, "Async Capable": false, "Startup Cost": 1162.96, "Total Cost": 1162.96, "Plan Rows": 743.0, "Plan Width": 12, "Actual Rows": 6479, "Actual Loops": 1, "Hash Buckets": 8192, "Original Hash Buckets": 1024, "Hash Batches": 1, "Original Hash Batches": 1, "Peak Memory Usage": 343, "Plans": [{"Node Type": "Nested Loop", "Parent Relationship": "Outer", "Parallel Aware": false, "Async Capable": false, "Join Type": "Inner", "Startup Cost": 1.29, "Total Cost": 1162.96, "Plan Rows": 743.0, "Plan Width": 12, "Actual Rows": 6479, "Actual Loops": 1, "Inner Unique": false, "Join Filter": "(p.id = v.postid)", "Rows Removed by Join Filter": 0, "Plans": [{"Node Type": "Nested Loop", "Parent Relationship": "Outer", "Parallel Aware": false, "Async Capable": false, "Join Type": "Inner", "Startup Cost": 0.87, "Total Cost": 1161.05, "Plan Rows": 94.0, "Plan Width": 8, "Actual Rows": 209, "Actual Loops": 1, "Inner Unique": false, "Plans": [{"Node Type": "Nested Loop", "Parent Relationship": "Outer", "Parallel Aware": false, "Async Capable": false, "Join Type": "Inner", "Startup Cost": 0.58, "Total Cost": 1155.79, "Plan Rows": 82.0, "Plan Width": 4, "Actual Rows": 306, "Actual Loops": 1, "Inner Unique": false, "Join Filter": "(p.owneruserid = u.id)", "Rows Removed by Join Filter": 0, "Plans": [{"Node Type": "Nested Loop", "Parent Relationship": "Outer", "Parallel Aware": false, "Async Capable": false, "Join Type": "Inner", "Startup Cost": 0.29, "Total Cost": 1150.33, "Plan Rows": 380.0, "Plan Width": 8, "Actual Rows": 254, "Actual Loops": 1, "Inner Unique": false, "Plans": [{"Node Type": "Seq Scan", "Parent Relationship": "Outer", "Parallel Aware": false, "Async Capable": false, "Relation Name": "users", "Alias": "u", "Startup Cost": 0.0, "Total Cost": 801.06, "Plan Rows": 30, "Plan Width": 4, "Actual Rows": 29, "Actual Loops": 1, "Filter": "(downvotes >= 60)", "Rows Removed by Filter": 40296}, {"Node Type": "Index Scan", "Parent Relationship": "Inner", "Parallel Aware": false, "Async Capable": false, "Scan Direction": "Forward", "Index Name": "idx_badges_userid", "Relation Name": "badges", "Alias": "b", "Startup Cost": 0.29, "Total Cost": 11.63, "Plan Rows": 1, "Plan Width": 4, "Actual Rows": 9, "Actual Loops": 29, "Index Cond": "(userid = u.id)", "Rows Removed by Index Recheck": 0, "Filter": "((date >= '2014-05-16 19:04:09'::timestamp without time zone) AND (date <= '2014-08-20 18:18:26'::timestamp without time zone))", "Rows Removed by Filter": 89}]}, {"Node Type": "Index Scan", "Parent Relationship": "Inner", "Parallel Aware": false, "Async Capable": false, "Scan Direction": "Forward", "Index Name": "idx_posts_owneruserid", "Relation Name": "posts", "Alias": "p", "Startup Cost": 0.29, "Total Cost": 0.77, "Plan Rows": 1, "Plan Width": 8, "Actual Rows": 1, "Actual Loops": 254, "Index Cond": "(owneruserid = b.userid)", "Rows Removed by Index Recheck": 0, "Filter": "((score >= 63) AND (score <= 135))", "Rows Removed by Filter": 921}]}, {"Node Type": "Index Scan", "Parent Relationship": "Inner", "Parallel Aware": false, "Async Capable": false, "Scan Direction": "Forward", "Index Name": "idx_postlinks_relatedpostid", "Relation Name": "postlinks", "Alias": "pl", "Startup Cost": 0.29, "Total Cost": 5.23, "Plan Rows": 2, "Plan Width": 4, "Actual Rows": 1, "Actual Loops": 306, "Index Cond": "(relatedpostid = p.id)", "Rows Removed by Index Recheck": 0, "Filter": "(creationdate <= '2014-02-12 22:41:11'::timestamp without time zone)", "Rows Removed by Filter": 0}]}, {"Node Type": "Index Scan", "Parent Relationship": "Inner", "Parallel Aware": false, "Async Capable": false, "Scan Direction": "Forward", "Index Name": "idx_votes_postid", "Relation Name": "votes", "Alias": "v", "Startup Cost": 0.42, "Total Cost": 1.87, "Plan Rows": 3, "Plan Width": 4, "Actual Rows": 31, "Actual Loops": 209, "Index Cond": "(postid = pl.relatedpostid)", "Rows Removed by Index Recheck": 0, "Filter": "(creationdate >= '2013-02-13 00:11:02'::timestamp without time zone)", "Rows Removed by Filter": 116}]}]}]}]}, "Planning Time": 3.942, "Triggers": [], "Execution Time": 90.069}, {"Plan": {"Node Type": "Aggregate", "Strategy": "Plain", "Partial Mode": "Simple", "Parallel Aware": false, "Async Capable": false, "Startup Cost": 3627.76, "Total Cost": 3627.77, "Plan Rows": 1, "Plan Width": 8, "Actual Rows": 1, "Actual Loops": 1, "Plans": [{"Node Type": "Nested Loop", "Parent Relationship": "Outer", "Parallel Aware": false, "Async Capable": false, "Join Type": "Inner", "Startup Cost": 2221.79, "Total Cost": 3627.75, "Plan Rows": 2580.0, "Plan Width": 0, "Actual Rows": 12958, "Actual Loops": 1, "Inner Unique": false, "Join Filter": "(p.owneruserid = u.id)", "Rows Removed by Join Filter": 36130734, "Plans": [{"Node Type": "Nested Loop", "Parent Relationship": "Outer", "Parallel Aware": false, "Async Capable": false, "Join Type": "Inner", "Startup Cost": 0.29, "Total Cost": 1150.33, "Plan Rows": 380.0, "Plan Width": 8, "Actual Rows": 254, "Actual Loops": 1, "Inner Unique": false, "Plans": [{"Node Type": "Seq Scan", "Parent Relationship": "Outer", "Parallel Aware": false, "Async Capable": false, "Relation Name": "users", "Alias": "u", "Startup Cost": 0.0, "Total Cost": 801.06, "Plan Rows": 30, "Plan Width": 4, "Actual Rows": 29, "Actual Loops": 1, "Filter": "(downvotes >= 60)", "Rows Removed by Filter": 40296}, {"Node Type": "Index Scan", "Parent Relationship": "Inner", "Parallel Aware": false, "Async Capable": false, "Scan Direction": "Forward", "Index Name": "idx_badges_userid", "Relation Name": "badges", "Alias": "b", "Startup Cost": 0.29, "Total Cost": 11.63, "Plan Rows": 1, "Plan Width": 4, "Actual Rows": 9, "Actual Loops": 29, "Index Cond": "(userid = u.id)", "Rows Removed by Index Recheck": 0, "Filter": "((date >= '2014-05-16 19:04:09'::timestamp without time zone) AND (date <= '2014-08-20 18:18:26'::timestamp without time zone))", "Rows Removed by Filter": 89}]}, {"Node Type": "Materialize", "Parent Relationship": "Inner", "Parallel Aware": false, "Async Capable": false, "Startup Cost": 2221.49, "Total Cost": 2475.07, "Plan Rows": 6150.0, "Plan Width": 4, "Actual Rows": 142298, "Actual Loops": 254, "Plans": [{"Node Type": "Nested Loop", "Parent Relationship": "Outer", "Parallel Aware": false, "Async Capable": false, "Join Type": "Inner", "Startup Cost": 2221.49, "Total Cost": 2474.96, "Plan Rows": 6150.0, "Plan Width": 4, "Actual Rows": 142298, "Actual Loops": 1, "Inner Unique": false, "Join Filter": "(p.id = v.postid)", "Rows Removed by Join Filter": 0, "Plans": [{"Node Type": "Nested Loop", "Parent Relationship": "Outer", "Parallel Aware": false, "Async Capable": false, "Join Type": "Inner", "Startup Cost": 2221.07, "Total Cost": 2466.89, "Plan Rows": 370.0, "Plan Width": 16, "Actual Rows": 1729, "Actual Loops": 1, "Inner Unique": false, "Join Filter": "(c.postid = p.id)", "Rows Removed by Join Filter": 0, "Plans": [{"Node Type": "Hash Join", "Parent Relationship": "Outer", "Parallel Aware": false, "Async Capable": false, "Join Type": "Inner", "Startup Cost": 2220.65, "Total Cost": 2462.02, "Plan Rows": 138.0, "Plan Width": 12, "Actual Rows": 427, "Actual Loops": 1, "Inner Unique": true, "Hash Cond": "(pl.relatedpostid = p.id)", "Plans": [{"Node Type": "Seq Scan", "Parent Relationship": "Outer", "Parallel Aware": false, "Async Capable": false, "Relation Name": "postlinks", "Alias": "pl", "Startup Cost": 0.0, "Total Cost": 220.78, "Plan Rows": 7846, "Plan Width": 4, "Actual Rows": 7848, "Actual Loops": 1, "Filter": "(creationdate <= '2014-02-12 22:41:11'::timestamp without time zone)", "Rows Removed by Filter": 3254}, {"Node Type": "Hash", "Parent Relationship": "Inner", "Parallel Aware": false, "Async Capable": false, "Startup Cost": 2219.64, "Total Cost": 2219.64, "Plan Rows": 81, "Plan Width": 8, "Actual Rows": 80, "Actual Loops": 1, "Hash Buckets": 1024, "Original Hash Buckets": 1024, "Hash Batches": 1, "Original Hash Batches": 1, "Peak Memory Usage": 12, "Plans": [{"Node Type": "Seq Scan", "Parent Relationship": "Outer", "Parallel Aware": false, "Async Capable": false, "Relation Name": "posts", "Alias": "p", "Startup Cost": 0.0, "Total Cost": 2219.64, "Plan Rows": 81, "Plan Width": 8, "Actual Rows": 80, "Actual Loops": 1, "Filter": "((score >= 63) AND (score <= 135))", "Rows Removed by Filter": 91896}]}]}, {"Node Type": "Index Only Scan", "Parent Relationship": "Inner", "Parallel Aware": false, "Async Capable": false, "Scan Direction": "Forward", "Index Name": "idx_comments_postid", "Relation Name": "comments", "Alias": "c", "Startup Cost": 0.42, "Total Cost": 0.66, "Plan Rows": 3, "Plan Width": 4, "Actual Rows": 4, "Actual Loops": 427, "Index Cond": "(postid = pl.relatedpostid)", "Rows Removed by Index Recheck": 0, "Heap Fetches": 0}]}, {"Node Type": "Index Scan", "Parent Relationship": "Inner", "Parallel Aware": false, "Async Capable": false, "Scan Direction": "Forward", "Index Name": "idx_votes_postid", "Relation Name": "votes", "Alias": "v", "Startup Cost": 0.42, "Total Cost": 0.58, "Plan Rows": 3, "Plan Width": 4, "Actual Rows": 82, "Actual Loops": 1729, "Index Cond": "(postid = c.postid)", "Rows Removed by Index Recheck": 0, "Filter": "(creationdate >= '2013-02-13 00:11:02'::timestamp without time zone)", "Rows Removed by Filter": 72}]}]}]}]}, "Planning Time": 4.556, "Triggers": [], "Execution Time": 1461.711}, {"Plan": {"Node Type": "Aggregate", "Strategy": "Plain", "Partial Mode": "Simple", "Parallel Aware": false, "Async Capable": false, "Startup Cost": 5270.68, "Total Cost": 5270.69, "Plan Rows": 1, "Plan Width": 8, "Plans": [{"Node Type": "Nested Loop", "Parent Relationship": "Outer", "Parallel Aware": false, "Async Capable": false, "Join Type": "Inner", "Startup Cost": 1.44, "Total Cost": 5270.68, "Plan Rows": 2580.0, "Plan Width": 0, "Inner Unique": false, "Join Filter": "(p.id = pl.relatedpostid)", "Plans": [{"Node Type": "Nested Loop", "Parent Relationship": "Outer", "Parallel Aware": false, "Async Capable": false, "Join Type": "Inner", "Startup Cost": 1.01, "Total Cost": 1170.49, "Plan Rows": 722.0, "Plan Width": 8, "Inner Unique": false, "Plans": [{"Node Type": "Nested Loop", "Parent Relationship": "Outer", "Parallel Aware": false, "Async Capable": false, "Join Type": "Inner", "Startup Cost": 0.58, "Total Cost": 1155.79, "Plan Rows": 82.0, "Plan Width": 4, "Inner Unique": false, "Join Filter": "(p.owneruserid = u.id)", "Plans": [{"Node Type": "Nested Loop", "Parent Relationship": "Outer", "Parallel Aware": false, "Async Capable": false, "Join Type": "Inner", "Startup Cost": 0.29, "Total Cost": 1150.33, "Plan Rows": 380.0, "Plan Width": 8, "Inner Unique": false, "Plans": [{"Node Type": "Seq Scan", "Parent Relationship": "Outer", "Parallel Aware": false, "Async Capable": false, "Relation Name": "users", "Alias": "u", "Startup Cost": 0.0, "Total Cost": 801.06, "Plan Rows": 30, "Plan Width": 4, "Filter": "(downvotes >= 60)"}, {"Node Type": "Index Scan", "Parent Relationship": "Inner", "Parallel Aware": false, "Async Capable": false, "Scan Direction": "Forward", "Index Name": "idx_badges_userid", "Relation Name": "badges", "Alias": "b", "Startup Cost": 0.29, "Total Cost": 11.63, "Plan Rows": 1, "Plan Width": 4, "Index Cond": "(userid = u.id)", "Filter": "((date >= '2014-05-16 19:04:09'::timestamp without time zone) AND (date <= '2014-08-20 18:18:26'::timestamp without time zone))"}]}, {"Node Type": "Index Scan", "Parent Relationship": "Inner", "Parallel Aware": false, "Async Capable": false, "Scan Direction": "Forward", "Index Name": "idx_posts_owneruserid", "Relation Name": "posts", "Alias": "p", "Startup Cost": 0.29, "Total Cost": 0.77, "Plan Rows": 1, "Plan Width": 8, "Index Cond": "(owneruserid = b.userid)", "Filter": "((score >= 63) AND (score <= 135))"}]}, {"Node Type": "Index Scan", "Parent Relationship": "Inner", "Parallel Aware": false, "Async Capable": false, "Scan Direction": "Forward", "Index Name": "idx_votes_postid", "Relation Name": "votes", "Alias": "v", "Startup Cost": 0.42, "Total Cost": 14.67, "Plan Rows": 3, "Plan Width": 4, "Index Cond": "(postid = p.id)", "Filter": "(creationdate >= '2013-02-13 00:11:02'::timestamp without time zone)"}]}, {"Node Type": "Nested Loop", "Parent Relationship": "Inner", "Parallel Aware": false, "Async Capable": false, "Join Type": "Inner", "Startup Cost": 0.43, "Total Cost": 3769.8, "Plan Rows": 2529.0, "Plan Width": 8, "Inner Unique": false, "Plans": [{"Node Type": "Seq Scan", "Parent Relationship": "Outer", "Parallel Aware": false, "Async Capable": false, "Relation Name": "postlinks", "Alias": "pl", "Startup Cost": 0.0, "Total Cost": 220.78, "Plan Rows": 7846, "Plan Width": 4, "Filter": "(creationdate <= '2014-02-12 22:41:11'::timestamp without time zone)"}, {"Node Type": "Memoize", "Parent Relationship": "Inner", "Parallel Aware": false, "Async Capable": false, "Startup Cost": 0.43, "Total Cost": 0.67, "Plan Rows": 3, "Plan Width": 4, "Cache Key": "pl.relatedpostid", "Cache Mode": "logical", "Plans": [{"Node Type": "Index Only Scan", "Parent Relationship": "Outer", "Parallel Aware": false, "Async Capable": false, "Scan Direction": "Forward", "Index Name": "idx_comments_postid", "Relation Name": "comments", "Alias": "c", "Startup Cost": 0.42, "Total Cost": 0.66, "Plan Rows": 3, "Plan Width": 4, "Index Cond": "(postid = pl.relatedpostid)"}]}]}]}]}, "Timeout Time": 5000}, {"Plan": {"Node Type": "Aggregate", "Strategy": "Plain", "Partial Mode": "Simple", "Parallel Aware": false, "Async Capable": false, "Startup Cost": 1232.36, "Total Cost": 1232.37, "Plan Rows": 1, "Plan Width": 8, "Actual Rows": 1, "Actual Loops": 1, "Plans": [{"Node Type": "Nested Loop", "Parent Relationship": "Outer", "Parallel Aware": false, "Async Capable": false, "Join Type": "Inner", "Startup Cost": 1.71, "Total Cost": 1232.35, "Plan Rows": 2580.0, "Plan Width": 0, "Actual Rows": 12958, "Actual Loops": 1, "Inner Unique": false, "Join Filter": "(b.userid = u.id)", "Rows Removed by Join Filter": 0, "Plans": [{"Node Type": "Nested Loop", "Parent Relationship": "Outer", "Parallel Aware": false, "Async Capable": false, "Join Type": "Inner", "Startup Cost": 1.42, "Total Cost": 1222.11, "Plan Rows": 868.0, "Plan Width": 8, "Actual Rows": 1178, "Actual Loops": 1, "Inner Unique": false, "Join Filter": "(p.id = v.postid)", "Rows Removed by Join Filter": 0, "Plans": [{"Node Type": "Nested Loop", "Parent Relationship": "Outer", "Parallel Aware": false, "Async Capable": false, "Join Type": "Inner", "Startup Cost": 1.0, "Total Cost": 1221.49, "Plan Rows": 95.0, "Plan Width": 20, "Actual Rows": 38, "Actual Loops": 1, "Inner Unique": false, "Join Filter": "(p.id = pl.relatedpostid)", "Rows Removed by Join Filter": 0, "Plans": [{"Node Type": "Nested Loop", "Parent Relationship": "Outer", "Parallel Aware": false, "Async Capable": false, "Join Type": "Inner", "Startup Cost": 0.71, "Total Cost": 1221.14, "Plan Rows": 76.0, "Plan Width": 16, "Actual Rows": 95, "Actual Loops": 1, "Inner Unique": false, "Plans": [{"Node Type": "Nested Loop", "Parent Relationship": "Outer", "Parallel Aware": false, "Async Capable": false, "Join Type": "Inner", "Startup Cost": 0.29, "Total Cost": 1216.86, "Plan Rows": 20.0, "Plan Width": 12, "Actual Rows": 13, "Actual Loops": 1, "Inner Unique": false, "Plans": [{"Node Type": "Seq Scan", "Parent Relationship": "Outer", "Parallel Aware": false, "Async Capable": false, "Relation Name": "users", "Alias": "u", "Startup Cost": 0.0, "Total Cost": 801.06, "Plan Rows": 30, "Plan Width": 4, "Actual Rows": 29, "Actual Loops": 1, "Filter": "(downvotes >= 60)", "Rows Removed by Filter": 40296}, {"Node Type": "Index Scan", "Parent Relationship": "Inner", "Parallel Aware": false, "Async Capable": false, "Scan Direction": "Forward", "Index Name": "idx_posts_owneruserid", "Relation Name": "posts", "Alias": "p", "Startup Cost": 0.29, "Total Cost": 13.85, "Plan Rows": 1, "Plan Width": 8, "Actual Rows": 0, "Actual Loops": 29, "Index Cond": "(owneruserid = u.id)", "Rows Removed by Index Recheck": 0, "Filter": "((score >= 63) AND (score <= 135))", "Rows Removed by Filter": 341}]}, {"Node Type": "Index Only Scan", "Parent Relationship": "Inner", "Parallel Aware": false, "Async Capable": false, "Scan Direction": "Forward", "Index Name": "idx_comments_postid", "Relation Name": "comments", "Alias": "c", "Startup Cost": 0.42, "Total Cost": 4.25, "Plan Rows": 3, "Plan Width": 4, "Actual Rows": 7, "Actual Loops": 13, "Index Cond": "(postid = p.id)", "Rows Removed by Index Recheck": 0, "Heap Fetches": 0}]}, {"Node Type": "Index Scan", "Parent Relationship": "Inner", "Parallel Aware": false, "Async Capable": false, "Scan Direction": "Forward", "Index Name": "idx_postlinks_relatedpostid", "Relation Name": "postlinks", "Alias": "pl", "Startup Cost": 0.29, "Total Cost": 0.33, "Plan Rows": 2, "Plan Width": 4, "Actual Rows": 0, "Actual Loops": 95, "Index Cond": "(relatedpostid = c.postid)", "Rows Removed by Index Recheck": 0, "Filter": "(creationdate <= '2014-02-12 22:41:11'::timestamp without time zone)", "Rows Removed by Filter": 0}]}, {"Node Type": "Index Scan", "Parent Relationship": "Inner", "Parallel Aware": false, "Async Capable": false, "Scan Direction": "Forward", "Index Name": "idx_votes_postid", "Relation Name": "votes", "Alias": "v", "Startup Cost": 0.42, "Total Cost": 0.58, "Plan Rows": 3, "Plan Width": 4, "Actual Rows": 31, "Actual Loops": 38, "Index Cond": "(postid = c.postid)", "Rows Removed by Index Recheck": 0, "Filter": "(creationdate >= '2013-02-13 00:11:02'::timestamp without time zone)", "Rows Removed by Filter": 116}]}, {"Node Type": "Index Scan", "Parent Relationship": "Inner", "Parallel Aware": false, "Async Capable": false, "Scan Direction": "Forward", "Index Name": "idx_badges_userid", "Relation Name": "badges", "Alias": "b", "Startup Cost": 0.29, "Total Cost": 10.23, "Plan Rows": 1, "Plan Width": 4, "Actual Rows": 11, "Actual Loops": 1178, "Index Cond": "(userid = p.owneruserid)", "Rows Removed by Index Recheck": 0, "Filter": "((date >= '2014-05-16 19:04:09'::timestamp without time zone) AND (date <= '2014-08-20 18:18:26'::timestamp without time zone))", "Rows Removed by Filter": 90}]}]}, "Planning Time": 3.126, "Triggers": [], "Execution Time": 33.382}, {"Plan": {"Node Type": "Aggregate", "Strategy": "Plain", "Partial Mode": "Simple", "Parallel Aware": false, "Async Capable": false, "Startup Cost": 2650.37, "Total Cost": 2650.38, "Plan Rows": 1, "Plan Width": 8, "Actual Rows": 1, "Actual Loops": 1, "Plans": [{"Node Type": "Nested Loop", "Parent Relationship": "Outer", "Parallel Aware": false, "Async Capable": false, "Join Type": "Inner", "Startup Cost": 2222.08, "Total Cost": 2650.37, "Plan Rows": 2580.0, "Plan Width": 0, "Actual Rows": 12958, "Actual Loops": 1, "Inner Unique": true, "Join Filter": "(p.owneruserid = u.id)", "Rows Removed by Join Filter": 0, "Plans": [{"Node Type": "Nested Loop", "Parent Relationship": "Outer", "Parallel Aware": false, "Async Capable": false, "Join Type": "Inner", "Startup Cost": 2221.79, "Total Cost": 2596.45, "Plan Rows": 15239.0, "Plan Width": 8, "Actual Rows": 715431, "Actual Loops": 1, "Inner Unique": false, "Join Filter": "(p.id = v.postid)", "Rows Removed by Join Filter": 0, "Plans": [{"Node Type": "Nested Loop", "Parent Relationship": "Outer", "Parallel Aware": false, "Async Capable": false, "Join Type": "Inner", "Startup Cost": 2221.36, "Total Cost": 2557.34, "Plan Rows": 1337.0, "Plan Width": 20, "Actual Rows": 8481, "Actual Loops": 1, "Inner Unique": false, "Join Filter": "(c.postid = p.id)", "Rows Removed by Join Filter": 0, "Plans": [{"Node Type": "Nested Loop", "Parent Relationship": "Outer", "Parallel Aware": false, "Async Capable": false, "Join Type": "Inner", "Startup Cost": 2220.94, "Total Cost": 2533.72, "Plan Rows": 652.0, "Plan Width": 16, "Actual Rows": 1994, "Actual Loops": 1, "Inner Unique": false, "Plans": [{"Node Type": "Hash Join", "Parent Relationship": "Outer", "Parallel Aware": false, "Async Capable": false, "Join Type": "Inner", "Startup Cost": 2220.65, "Total Cost": 2462.02, "Plan Rows": 138.0, "Plan Width": 12, "Actual Rows": 427, "Actual Loops": 1, "Inner Unique": true, "Hash Cond": "(pl.relatedpostid = p.id)", "Plans": [{"Node Type": "Seq Scan", "Parent Relationship": "Outer", "Parallel Aware": false, "Async Capable": false, "Relation Name": "postlinks", "Alias": "pl", "Startup Cost": 0.0, "Total Cost": 220.78, "Plan Rows": 7846, "Plan Width": 4, "Actual Rows": 7848, "Actual Loops": 1, "Filter": "(creationdate <= '2014-02-12 22:41:11'::timestamp without time zone)", "Rows Removed by Filter": 3254}, {"Node Type": "Hash", "Parent Relationship": "Inner", "Parallel Aware": false, "Async Capable": false, "Startup Cost": 2219.64, "Total Cost": 2219.64, "Plan Rows": 81, "Plan Width": 8, "Actual Rows": 80, "Actual Loops": 1, "Hash Buckets": 1024, "Original Hash Buckets": 1024, "Hash Batches": 1, "Original Hash Batches": 1, "Peak Memory Usage": 12, "Plans": [{"Node Type": "Seq Scan", "Parent Relationship": "Outer", "Parallel Aware": false, "Async Capable": false, "Relation Name": "posts", "Alias": "p", "Startup Cost": 0.0, "Total Cost": 2219.64, "Plan Rows": 81, "Plan Width": 8, "Actual Rows": 80, "Actual Loops": 1, "Filter": "((score >= 63) AND (score <= 135))", "Rows Removed by Filter": 91896}]}]}, {"Node Type": "Index Scan", "Parent Relationship": "Inner", "Parallel Aware": false, "Async Capable": false, "Scan Direction": "Forward", "Index Name": "idx_badges_userid", "Relation Name": "badges", "Alias": "b", "Startup Cost": 0.29, "Total Cost": 10.23, "Plan Rows": 1, "Plan Width": 4, "Actual Rows": 5, "Actual Loops": 427, "Index Cond": "(userid = p.owneruserid)", "Rows Removed by Index Recheck": 0, "Filter": "((date >= '2014-05-16 19:04:09'::timestamp without time zone) AND (date <= '2014-08-20 18:18:26'::timestamp without time zone))", "Rows Removed by Filter": 52}]}, {"Node Type": "Index Only Scan", "Parent Relationship": "Inner", "Parallel Aware": false, "Async Capable": false, "Scan Direction": "Forward", "Index Name": "idx_comments_postid", "Relation Name": "comments", "Alias": "c", "Startup Cost": 0.42, "Total Cost": 0.66, "Plan Rows": 3, "Plan Width": 4, "Actual Rows": 4, "Actual Loops": 1994, "Index Cond": "(postid = pl.relatedpostid)", "Rows Removed by Index Recheck": 0, "Heap Fetches": 0}]}, {"Node Type": "Index Scan", "Parent Relationship": "Inner", "Parallel Aware": false, "Async Capable": false, "Scan Direction": "Forward", "Index Name": "idx_votes_postid", "Relation Name": "votes", "Alias": "v", "Startup Cost": 0.42, "Total Cost": 0.58, "Plan Rows": 3, "Plan Width": 4, "Actual Rows": 84, "Actual Loops": 8481, "Index Cond": "(postid = c.postid)", "Rows Removed by Index Recheck": 0, "Filter": "(creationdate >= '2013-02-13 00:11:02'::timestamp without time zone)", "Rows Removed by Filter": 70}]}, {"Node Type": "Index Scan", "Parent Relationship": "Inner", "Parallel Aware": false, "Async Capable": false, "Scan Direction": "Forward", "Index Name": "users_pkey", "Relation Name": "users", "Alias": "u", "Startup Cost": 0.29, "Total Cost": 0.47, "Plan Rows": 1, "Plan Width": 4, "Actual Rows": 0, "Actual Loops": 715431, "Index Cond": "(id = b.userid)", "Rows Removed by Index Recheck": 0, "Filter": "(downvotes >= 60)", "Rows Removed by Filter": 1}]}]}, "Planning Time": 3.343, "Triggers": [], "Execution Time": 899.87}, {"Plan": {"Node Type": "Aggregate", "Strategy": "Plain", "Partial Mode": "Simple", "Parallel Aware": false, "Async Capable": false, "Startup Cost": 16347.73, "Total Cost": 16347.74, "Plan Rows": 1, "Plan Width": 8, "Actual Rows": 1, "Actual Loops": 1, "Plans": [{"Node Type": "Merge Join", "Parent Relationship": "Outer", "Parallel Aware": false, "Async Capable": false, "Join Type": "Inner", "Startup Cost": 1156.95, "Total Cost": 16347.73, "Plan Rows": 2580.0, "Plan Width": 0, "Actual Rows": 12958, "Actual Loops": 1, "Inner Unique": false, "Merge Cond": "(pl.relatedpostid = p.id)", "Plans": [{"Node Type": "Nested Loop", "Parent Relationship": "Outer", "Parallel Aware": false, "Async Capable": false, "Join Type": "Inner", "Startup Cost": 1.15, "Total Cost": 14433.59, "Plan Rows": 26739.0, "Plan Width": 12, "Actual Rows": 415189, "Actual Loops": 1, "Inner Unique": false, "Plans": [{"Node Type": "Nested Loop", "Parent Relationship": "Outer", "Parallel Aware": false, "Async Capable": false, "Join Type": "Inner", "Startup Cost": 0.72, "Total Cost": 4107.74, "Plan Rows": 2529.0, "Plan Width": 8, "Actual Rows": 19773, "Actual Loops": 1, "Inner Unique": false, "Plans": [{"Node Type": "Index Scan", "Parent Relationship": "Outer", "Parallel Aware": false, "Async Capable": false, "Scan Direction": "Forward", "Index Name": "idx_postlinks_relatedpostid", "Relation Name": "postlinks", "Alias": "pl", "Startup Cost": 0.29, "Total Cost": 558.72, "Plan Rows": 7846, "Plan Width": 4, "Actual Rows": 6644, "Actual Loops": 1, "Filter": "(creationdate <= '2014-02-12 22:41:11'::timestamp without time zone)", "Rows Removed by Filter": 1704}, {"Node Type": "Memoize", "Parent Relationship": "Inner", "Parallel Aware": false, "Async Capable": false, "Startup Cost": 0.43, "Total Cost": 0.67, "Plan Rows": 3, "Plan Width": 4, "Actual Rows": 3, "Actual Loops": 6644, "Cache Key": "pl.relatedpostid", "Cache Mode": "logical", "Cache Hits": 3631, "Cache Misses": 3013, "Cache Evictions": 0, "Cache Overflows": 0, "Peak Memory Usage": 486, "Plans": [{"Node Type": "Index Only Scan", "Parent Relationship": "Outer", "Parallel Aware": false, "Async Capable": false, "Scan Direction": "Forward", "Index Name": "idx_comments_postid", "Relation Name": "comments", "Alias": "c", "Startup Cost": 0.42, "Total Cost": 0.66, "Plan Rows": 3, "Plan Width": 4, "Actual Rows": 3, "Actual Loops": 3013, "Index Cond": "(postid = pl.relatedpostid)", "Rows Removed by Index Recheck": 0, "Heap Fetches": 0}]}]}, {"Node Type": "Memoize", "Parent Relationship": "Inner", "Parallel Aware": false, "Async Capable": false, "Startup Cost": 0.43, "Total Cost": 1.88, "Plan Rows": 3, "Plan Width": 4, "Actual Rows": 21, "Actual Loops": 19773, "Cache Key": "pl.relatedpostid", "Cache Mode": "logical", "Cache Hits": 17630, "Cache Misses": 2143, "Cache Evictions": 0, "Cache Overflows": 0, "Peak Memory Usage": 556, "Plans": [{"Node Type": "Index Scan", "Parent Relationship": "Outer", "Parallel Aware": false, "Async Capable": false, "Scan Direction": "Forward", "Index Name": "idx_votes_postid", "Relation Name": "votes", "Alias": "v", "Startup Cost": 0.42, "Total Cost": 1.87, "Plan Rows": 3, "Plan Width": 4, "Actual Rows": 5, "Actual Loops": 2143, "Index Cond": "(postid = pl.relatedpostid)", "Rows Removed by Index Recheck": 0, "Filter": "(creationdate >= '2013-02-13 00:11:02'::timestamp without time zone)", "Rows Removed by Filter": 10}]}]}, {"Node Type": "Materialize", "Parent Relationship": "Inner", "Parallel Aware": false, "Async Capable": false, "Startup Cost": 1155.8, "Total Cost": 1155.81, "Plan Rows": 82.0, "Plan Width": 4, "Actual Rows": 13253, "Actual Loops": 1, "Plans": [{"Node Type": "Sort", "Parent Relationship": "Outer", "Parallel Aware": false, "Async Capable": false, "Startup Cost": 1155.8, "Total Cost": 1155.81, "Plan Rows": 82.0, "Plan Width": 4, "Actual Rows": 306, "Actual Loops": 1, "Sort Key": ["p.id"], "Sort Method": "quicksort", "Sort Space Used": 25, "Sort Space Type": "Memory", "Plans": [{"Node Type": "Nested Loop", "Parent Relationship": "Outer", "Parallel Aware": false, "Async Capable": false, "Join Type": "Inner", "Startup Cost": 0.58, "Total Cost": 1155.79, "Plan Rows": 82.0, "Plan Width": 4, "Actual Rows": 306, "Actual Loops": 1, "Inner Unique": false, "Join Filter": "(p.owneruserid = u.id)", "Rows Removed by Join Filter": 0, "Plans": [{"Node Type": "Nested Loop", "Parent Relationship": "Outer", "Parallel Aware": false, "Async Capable": false, "Join Type": "Inner", "Startup Cost": 0.29, "Total Cost": 1150.33, "Plan Rows": 380.0, "Plan Width": 8, "Actual Rows": 254, "Actual Loops": 1, "Inner Unique": false, "Plans": [{"Node Type": "Seq Scan", "Parent Relationship": "Outer", "Parallel Aware": false, "Async Capable": false, "Relation Name": "users", "Alias": "u", "Startup Cost": 0.0, "Total Cost": 801.06, "Plan Rows": 30, "Plan Width": 4, "Actual Rows": 29, "Actual Loops": 1, "Filter": "(downvotes >= 60)", "Rows Removed by Filter": 40296}, {"Node Type": "Index Scan", "Parent Relationship": "Inner", "Parallel Aware": false, "Async Capable": false, "Scan Direction": "Forward", "Index Name": "idx_badges_userid", "Relation Name": "badges", "Alias": "b", "Startup Cost": 0.29, "Total Cost": 11.63, "Plan Rows": 1, "Plan Width": 4, "Actual Rows": 9, "Actual Loops": 29, "Index Cond": "(userid = u.id)", "Rows Removed by Index Recheck": 0, "Filter": "((date >= '2014-05-16 19:04:09'::timestamp without time zone) AND (date <= '2014-08-20 18:18:26'::timestamp without time zone))", "Rows Removed by Filter": 89}]}, {"Node Type": "Index Scan", "Parent Relationship": "Inner", "Parallel Aware": false, "Async Capable": false, "Scan Direction": "Forward", "Index Name": "idx_posts_owneruserid", "Relation Name": "posts", "Alias": "p", "Startup Cost": 0.29, "Total Cost": 0.77, "Plan Rows": 1, "Plan Width": 8, "Actual Rows": 1, "Actual Loops": 254, "Index Cond": "(owneruserid = b.userid)", "Rows Removed by Index Recheck": 0, "Filter": "((score >= 63) AND (score <= 135))", "Rows Removed by Filter": 921}]}]}]}]}]}, "Planning Time": 4.036, "Triggers": [], "Execution Time": 160.694}, {"Plan": {"Node Type": "Aggregate", "Strategy": "Plain", "Partial Mode": "Simple", "Parallel Aware": false, "Async Capable": false, "Startup Cost": 5039.43, "Total Cost": 5039.44, "Plan Rows": 1, "Plan Width": 8, "Actual Rows": 1, "Actual Loops": 1, "Plans": [{"Node Type": "Hash Join", "Parent Relationship": "Outer", "Parallel Aware": false, "Async Capable": false, "Join Type": "Inner", "Startup Cost": 1170.93, "Total Cost": 5039.43, "Plan Rows": 2580.0, "Plan Width": 0, "Actual Rows": 12958, "Actual Loops": 1, "Inner Unique": false, "Hash Cond": "(pl.relatedpostid = p.id)", "Plans": [{"Node Type": "Nested Loop", "Parent Relationship": "Outer", "Parallel Aware": false, "Async Capable": false, "Join Type": "Inner", "Startup Cost": 0.43, "Total Cost": 3769.8, "Plan Rows": 2529.0, "Plan Width": 8, "Actual Rows": 23599, "Actual Loops": 1, "Inner Unique": false, "Plans": [{"Node Type": "Seq Scan", "Parent Relationship": "Outer", "Parallel Aware": false, "Async Capable": false, "Relation Name": "postlinks", "Alias": "pl", "Startup Cost": 0.0, "Total Cost": 220.78, "Plan Rows": 7846, "Plan Width": 4, "Actual Rows": 7848, "Actual Loops": 1, "Filter": "(creationdate <= '2014-02-12 22:41:11'::timestamp without time zone)", "Rows Removed by Filter": 3254}, {"Node Type": "Memoize", "Parent Relationship": "Inner", "Parallel Aware": false, "Async Capable": false, "Startup Cost": 0.43, "Total Cost": 0.67, "Plan Rows": 3, "Plan Width": 4, "Actual Rows": 3, "Actual Loops": 7848, "Cache Key": "pl.relatedpostid", "Cache Mode": "logical", "Cache Hits": 3974, "Cache Misses": 3874, "Cache Evictions": 0, "Cache Overflows": 0, "Peak Memory Usage": 634, "Plans": [{"Node Type": "Index Only Scan", "Parent Relationship": "Outer", "Parallel Aware": false, "Async Capable": false, "Scan Direction": "Forward", "Index Name": "idx_comments_postid", "Relation Name": "comments", "Alias": "c", "Startup Cost": 0.42, "Total Cost": 0.66, "Plan Rows": 3, "Plan Width": 4, "Actual Rows": 3, "Actual Loops": 3874, "Index Cond": "(postid = pl.relatedpostid)", "Rows Removed by Index Recheck": 0, "Heap Fetches": 0}]}]}, {"Node Type": "Hash", "Parent Relationship": "Inner", "Parallel Aware": false, "Async Capable": false, "Startup Cost": 1170.49, "Total Cost": 1170.49, "Plan Rows": 722.0, "Plan Width": 8, "Actual Rows": 16145, "Actual Loops": 1, "Hash Buckets": 16384, "Original Hash Buckets": 1024, "Hash Batches": 1, "Original Hash Batches": 1, "Peak Memory Usage": 759, "Plans": [{"Node Type": "Nested Loop", "Parent Relationship": "Outer", "Parallel Aware": false, "Async Capable": false, "Join Type": "Inner", "Startup Cost": 1.01, "Total Cost": 1170.49, "Plan Rows": 722.0, "Plan Width": 8, "Actual Rows": 16145, "Actual Loops": 1, "Inner Unique": false, "Plans": [{"Node Type": "Nested Loop", "Parent Relationship": "Outer", "Parallel Aware": false, "Async Capable": false, "Join Type": "Inner", "Startup Cost": 0.58, "Total Cost": 1155.79, "Plan Rows": 82.0, "Plan Width": 4, "Actual Rows": 306, "Actual Loops": 1, "Inner Unique": false, "Join Filter": "(p.owneruserid = u.id)", "Rows Removed by Join Filter": 0, "Plans": [{"Node Type": "Nested Loop", "Parent Relationship": "Outer", "Parallel Aware": false, "Async Capable": false, "Join Type": "Inner", "Startup Cost": 0.29, "Total Cost": 1150.33, "Plan Rows": 380.0, "Plan Width": 8, "Actual Rows": 254, "Actual Loops": 1, "Inner Unique": false, "Plans": [{"Node Type": "Seq Scan", "Parent Relationship": "Outer", "Parallel Aware": false, "Async Capable": false, "Relation Name": "users", "Alias": "u", "Startup Cost": 0.0, "Total Cost": 801.06, "Plan Rows": 30, "Plan Width": 4, "Actual Rows": 29, "Actual Loops": 1, "Filter": "(downvotes >= 60)", "Rows Removed by Filter": 40296}, {"Node Type": "Index Scan", "Parent Relationship": "Inner", "Parallel Aware": false, "Async Capable": false, "Scan Direction": "Forward", "Index Name": "idx_badges_userid", "Relation Name": "badges", "Alias": "b", "Startup Cost": 0.29, "Total Cost": 11.63, "Plan Rows": 1, "Plan Width": 4, "Actual Rows": 9, "Actual Loops": 29, "Index Cond": "(userid = u.id)", "Rows Removed by Index Recheck": 0, "Filter": "((date >= '2014-05-16 19:04:09'::timestamp without time zone) AND (date <= '2014-08-20 18:18:26'::timestamp without time zone))", "Rows Removed by Filter": 89}]}, {"Node Type": "Index Scan", "Parent Relationship": "Inner", "Parallel Aware": false, "Async Capable": false, "Scan Direction": "Forward", "Index Name": "idx_posts_owneruserid", "Relation Name": "posts", "Alias": "p", "Startup Cost": 0.29, "Total Cost": 0.77, "Plan Rows": 1, "Plan Width": 8, "Actual Rows": 1, "Actual Loops": 254, "Index Cond": "(owneruserid = b.userid)", "Rows Removed by Index Recheck": 0, "Filter": "((score >= 63) AND (score <= 135))", "Rows Removed by Filter": 921}]}, {"Node Type": "Index Scan", "Parent Relationship": "Inner", "Parallel Aware": false, "Async Capable": false, "Scan Direction": "Forward", "Index Name": "idx_votes_postid", "Relation Name": "votes", "Alias": "v", "Startup Cost": 0.42, "Total Cost": 14.67, "Plan Rows": 3, "Plan Width": 4, "Actual Rows": 53, "Actual Loops": 306, "Index Cond": "(postid = p.id)", "Rows Removed by Index Recheck": 0, "Filter": "(creationdate >= '2013-02-13 00:11:02'::timestamp without time zone)", "Rows Removed by Filter": 37}]}]}]}]}, "Planning Time": 3.705, "Triggers": [], "Execution Time": 72.277}, {"Plan": {"Node Type": "Aggregate", "Strategy": "Plain", "Partial Mode": "Simple", "Parallel Aware": false, "Async Capable": false, "Startup Cost": 1161.05, "Total Cost": 1161.06, "Plan Rows": 1, "Plan Width": 8, "Actual Rows": 1, "Actual Loops": 1, "Plans": [{"Node Type": "Nested Loop", "Parent Relationship": "Outer", "Parallel Aware": false, "Async Capable": false, "Join Type": "Inner", "Startup Cost": 1.71, "Total Cost": 1161.05, "Plan Rows": 2580.0, "Plan Width": 0, "Actual Rows": 12958, "Actual Loops": 1, "Inner Unique": false, "Join Filter": "(p.id = pl.relatedpostid)", "Rows Removed by Join Filter": 0, "Plans": [{"Node Type": "Nested Loop", "Parent Relationship": "Outer", "Parallel Aware": false, "Async Capable": false, "Join Type": "Inner", "Startup Cost": 1.43, "Total Cost": 1160.69, "Plan Rows": 2604.0, "Plan Width": 12, "Actual Rows": 129034, "Actual Loops": 1, "Inner Unique": false, "Join Filter": "(p.id = v.postid)", "Rows Removed by Join Filter": 0, "Plans": [{"Node Type": "Nested Loop", "Parent Relationship": "Outer", "Parallel Aware": false, "Async Capable": false, "Join Type": "Inner", "Startup Cost": 1.0, "Total Cost": 1160.07, "Plan Rows": 286.0, "Plan Width": 8, "Actual Rows": 2915, "Actual Loops": 1, "Inner Unique": false, "Plans": [{"Node Type": "Nested Loop", "Parent Relationship": "Outer", "Parallel Aware": false, "Async Capable": false, "Join Type": "Inner", "Startup Cost": 0.58, "Total Cost": 1155.79, "Plan Rows": 82.0, "Plan Width": 4, "Actual Rows": 306, "Actual Loops": 1, "Inner Unique": false, "Join Filter": "(p.owneruserid = u.id)", "Rows Removed by Join Filter": 0, "Plans": [{"Node Type": "Nested Loop", "Parent Relationship": "Outer", "Parallel Aware": false, "Async Capable": false, "Join Type": "Inner", "Startup Cost": 0.29, "Total Cost": 1150.33, "Plan Rows": 380.0, "Plan Width": 8, "Actual Rows": 254, "Actual Loops": 1, "Inner Unique": false, "Plans": [{"Node Type": "Seq Scan", "Parent Relationship": "Outer", "Parallel Aware": false, "Async Capable": false, "Relation Name": "users", "Alias": "u", "Startup Cost": 0.0, "Total Cost": 801.06, "Plan Rows": 30, "Plan Width": 4, "Actual Rows": 29, "Actual Loops": 1, "Filter": "(downvotes >= 60)", "Rows Removed by Filter": 40296}, {"Node Type": "Index Scan", "Parent Relationship": "Inner", "Parallel Aware": false, "Async Capable": false, "Scan Direction": "Forward", "Index Name": "idx_badges_userid", "Relation Name": "badges", "Alias": "b", "Startup Cost": 0.29, "Total Cost": 11.63, "Plan Rows": 1, "Plan Width": 4, "Actual Rows": 9, "Actual Loops": 29, "Index Cond": "(userid = u.id)", "Rows Removed by Index Recheck": 0, "Filter": "((date >= '2014-05-16 19:04:09'::timestamp without time zone) AND (date <= '2014-08-20 18:18:26'::timestamp without time zone))", "Rows Removed by Filter": 89}]}, {"Node Type": "Index Scan", "Parent Relationship": "Inner", "Parallel Aware": false, "Async Capable": false, "Scan Direction": "Forward", "Index Name": "idx_posts_owneruserid", "Relation Name": "posts", "Alias": "p", "Startup Cost": 0.29, "Total Cost": 0.77, "Plan Rows": 1, "Plan Width": 8, "Actual Rows": 1, "Actual Loops": 254, "Index Cond": "(owneruserid = b.userid)", "Rows Removed by Index Recheck": 0, "Filter": "((score >= 63) AND (score <= 135))", "Rows Removed by Filter": 921}]}, {"Node Type": "Index Only Scan", "Parent Relationship": "Inner", "Parallel Aware": false, "Async Capable": false, "Scan Direction": "Forward", "Index Name": "idx_comments_postid", "Relation Name": "comments", "Alias": "c", "Startup Cost": 0.42, "Total Cost": 4.25, "Plan Rows": 3, "Plan Width": 4, "Actual Rows": 10, "Actual Loops": 306, "Index Cond": "(postid = p.id)", "Rows Removed by Index Recheck": 0, "Heap Fetches": 0}]}, {"Node Type": "Index Scan", "Parent Relationship": "Inner", "Parallel Aware": false, "Async Capable": false, "Scan Direction": "Forward", "Index Name": "idx_votes_postid", "Relation Name": "votes", "Alias": "v", "Startup Cost": 0.42, "Total Cost": 0.58, "Plan Rows": 3, "Plan Width": 4, "Actual Rows": 44, "Actual Loops": 2915, "Index Cond": "(postid = c.postid)", "Rows Removed by Index Recheck": 0, "Filter": "(creationdate >= '2013-02-13 00:11:02'::timestamp without time zone)", "Rows Removed by Filter": 41}]}, {"Node Type": "Index Scan", "Parent Relationship": "Inner", "Parallel Aware": false, "Async Capable": false, "Scan Direction": "Forward", "Index Name": "idx_postlinks_relatedpostid", "Relation Name": "postlinks", "Alias": "pl", "Startup Cost": 0.29, "Total Cost": 0.33, "Plan Rows": 2, "Plan Width": 4, "Actual Rows": 0, "Actual Loops": 129034, "Index Cond": "(relatedpostid = c.postid)", "Rows Removed by Index Recheck": 0, "Filter": "(creationdate <= '2014-02-12 22:41:11'::timestamp without time zone)", "Rows Removed by Filter": 0}]}]}, "Planning Time": 3.48, "Triggers": [], "Execution Time": 178.336}, {"Plan": {"Node Type": "Aggregate", "Strategy": "Plain", "Partial Mode": "Simple", "Parallel Aware": false, "Async Capable": false, "Startup Cost": 7093.47, "Total Cost": 7093.48, "Plan Rows": 1, "Plan Width": 8, "Actual Rows": 1, "Actual Loops": 1, "Plans": [{"Node Type": "Gather", "Parent Relationship": "Outer", "Parallel Aware": false, "Async Capable": false, "Startup Cost": 2160.44, "Total Cost": 7093.47, "Plan Rows": 1, "Plan Width": 0, "Actual Rows": 12958, "Actual Loops": 1, "Workers Planned": 1, "Workers Launched": 1, "Single Copy": false, "Plans": [{"Node Type": "Hash Join", "Parent Relationship": "Outer", "Parallel Aware": false, "Async Capable": false, "Join Type": "Inner", "Startup Cost": 1160.44, "Total Cost": 6093.37, "Plan Rows": 2580.0, "Plan Width": 0, "Actual Rows": 6479, "Actual Loops": 2, "Inner Unique": false, "Hash Cond": "(v.postid = p.id)", "Workers": [], "Plans": [{"Node Type": "Seq Scan", "Parent Relationship": "Outer", "Parallel Aware": true, "Async Capable": false, "Relation Name": "votes", "Alias": "v", "Startup Cost": 0.0, "Total Cost": 4572.24, "Plan Rows": 96184, "Plan Width": 4, "Actual Rows": 81811, "Actual Loops": 2, "Filter": "(creationdate >= '2013-02-13 00:11:02'::timestamp without time zone)", "Rows Removed by Filter": 82221, "Workers": []}, {"Node Type": "Hash", "Parent Relationship": "Inner", "Parallel Aware": false, "Async Capable": false, "Startup Cost": 1160.42, "Total Cost": 1160.42, "Plan Rows": 285.0, "Plan Width": 12, "Actual Rows": 418, "Actual Loops": 2, "Hash Buckets": 1024, "Original Hash Buckets": 1024, "Hash Batches": 1, "Original Hash Batches": 1, "Peak Memory Usage": 26, "Workers": [], "Plans": [{"Node Type": "Nested Loop", "Parent Relationship": "Outer", "Parallel Aware": false, "Async Capable": false, "Join Type": "Inner", "Startup Cost": 1.29, "Total Cost": 1160.42, "Plan Rows": 285.0, "Plan Width": 12, "Actual Rows": 418, "Actual Loops": 2, "Inner Unique": false, "Join Filter": "(p.id = pl.relatedpostid)", "Rows Removed by Join Filter": 0, "Workers": [], "Plans": [{"Node Type": "Nested Loop", "Parent Relationship": "Outer", "Parallel Aware": false, "Async Capable": false, "Join Type": "Inner", "Startup Cost": 1.0, "Total Cost": 1160.07, "Plan Rows": 286.0, "Plan Width": 8, "Actual Rows": 2915, "Actual Loops": 2, "Inner Unique": false, "Workers": [], "Plans": [{"Node Type": "Nested Loop", "Parent Relationship": "Outer", "Parallel Aware": false, "Async Capable": false, "Join Type": "Inner", "Startup Cost": 0.58, "Total Cost": 1155.79, "Plan Rows": 82.0, "Plan Width": 4, "Actual Rows": 306, "Actual Loops": 2, "Inner Unique": false, "Join Filter": "(p.owneruserid = u.id)", "Rows Removed by Join Filter": 0, "Workers": [], "Plans": [{"Node Type": "Nested Loop", "Parent Relationship": "Outer", "Parallel Aware": false, "Async Capable": false, "Join Type": "Inner", "Startup Cost": 0.29, "Total Cost": 1150.33, "Plan Rows": 380.0, "Plan Width": 8, "Actual Rows": 254, "Actual Loops": 2, "Inner Unique": false, "Workers": [], "Plans": [{"Node Type": "Seq Scan", "Parent Relationship": "Outer", "Parallel Aware": false, "Async Capable": false, "Relation Name": "users", "Alias": "u", "Startup Cost": 0.0, "Total Cost": 801.06, "Plan Rows": 30, "Plan Width": 4, "Actual Rows": 29, "Actual Loops": 2, "Filter": "(downvotes >= 60)", "Rows Removed by Filter": 40296, "Workers": []}, {"Node Type": "Index Scan", "Parent Relationship": "Inner", "Parallel Aware": false, "Async Capable": false, "Scan Direction": "Forward", "Index Name": "idx_badges_userid", "Relation Name": "badges", "Alias": "b", "Startup Cost": 0.29, "Total Cost": 11.63, "Plan Rows": 1, "Plan Width": 4, "Actual Rows": 9, "Actual Loops": 58, "Index Cond": "(userid = u.id)", "Rows Removed by Index Recheck": 0, "Filter": "((date >= '2014-05-16 19:04:09'::timestamp without time zone) AND (date <= '2014-08-20 18:18:26'::timestamp without time zone))", "Rows Removed by Filter": 89, "Workers": []}]}, {"Node Type": "Index Scan", "Parent Relationship": "Inner", "Parallel Aware": false, "Async Capable": false, "Scan Direction": "Forward", "Index Name": "idx_posts_owneruserid", "Relation Name": "posts", "Alias": "p", "Startup Cost": 0.29, "Total Cost": 0.77, "Plan Rows": 1, "Plan Width": 8, "Actual Rows": 1, "Actual Loops": 508, "Index Cond": "(owneruserid = b.userid)", "Rows Removed by Index Recheck": 0, "Filter": "((score >= 63) AND (score <= 135))", "Rows Removed by Filter": 921, "Workers": []}]}, {"Node Type": "Index Only Scan", "Parent Relationship": "Inner", "Parallel Aware": false, "Async Capable": false, "Scan Direction": "Forward", "Index Name": "idx_comments_postid", "Relation Name": "comments", "Alias": "c", "Startup Cost": 0.42, "Total Cost": 4.25, "Plan Rows": 3, "Plan Width": 4, "Actual Rows": 10, "Actual Loops": 612, "Index Cond": "(postid = p.id)", "Rows Removed by Index Recheck": 0, "Heap Fetches": 0, "Workers": []}]}, {"Node Type": "Index Scan", "Parent Relationship": "Inner", "Parallel Aware": false, "Async Capable": false, "Scan Direction": "Forward", "Index Name": "idx_postlinks_relatedpostid", "Relation Name": "postlinks", "Alias": "pl", "Startup Cost": 0.29, "Total Cost": 0.33, "Plan Rows": 2, "Plan Width": 4, "Actual Rows": 0, "Actual Loops": 5830, "Index Cond": "(relatedpostid = c.postid)", "Rows Removed by Index Recheck": 0, "Filter": "(creationdate <= '2014-02-12 22:41:11'::timestamp without time zone)", "Rows Removed by Filter": 0, "Workers": []}]}]}]}]}]}, "Planning Time": 9.883, "Triggers": [], "Execution Time": 107.124}, {"Plan": {"Node Type": "Aggregate", "Strategy": "Plain", "Partial Mode": "Simple", "Parallel Aware": false, "Async Capable": false, "Startup Cost": 3627.72, "Total Cost": 3627.73, "Plan Rows": 1, "Plan Width": 8, "Actual Rows": 1, "Actual Loops": 1, "Plans": [{"Node Type": "Nested Loop", "Parent Relationship": "Outer", "Parallel Aware": false, "Async Capable": false, "Join Type": "Inner", "Startup Cost": 2221.79, "Total Cost": 3627.71, "Plan Rows": 2580.0, "Plan Width": 0, "Actual Rows": 12958, "Actual Loops": 1, "Inner Unique": false, "Join Filter": "(p.owneruserid = u.id)", "Rows Removed by Join Filter": 36130734, "Plans": [{"Node Type": "Nested Loop", "Parent Relationship": "Outer", "Parallel Aware": false, "Async Capable": false, "Join Type": "Inner", "Startup Cost": 2221.49, "Total Cost": 2474.96, "Plan Rows": 6150.0, "Plan Width": 4, "Actual Rows": 142298, "Actual Loops": 1, "Inner Unique": false, "Join Filter": "(p.id = v.postid)", "Rows Removed by Join Filter": 0, "Plans": [{"Node Type": "Nested Loop", "Parent Relationship": "Outer", "Parallel Aware": false, "Async Capable": false, "Join Type": "Inner", "Startup Cost": 2221.07, "Total Cost": 2466.89, "Plan Rows": 370.0, "Plan Width": 16, "Actual Rows": 1729, "Actual Loops": 1, "Inner Unique": false, "Join Filter": "(c.postid = p.id)", "Rows Removed by Join Filter": 0, "Plans": [{"Node Type": "Hash Join", "Parent Relationship": "Outer", "Parallel Aware": false, "Async Capable": false, "Join Type": "Inner", "Startup Cost": 2220.65, "Total Cost": 2462.02, "Plan Rows": 138.0, "Plan Width": 12, "Actual Rows": 427, "Actual Loops": 1, "Inner Unique": true, "Hash Cond": "(pl.relatedpostid = p.id)", "Plans": [{"Node Type": "Seq Scan", "Parent Relationship": "Outer", "Parallel Aware": false, "Async Capable": false, "Relation Name": "postlinks", "Alias": "pl", "Startup Cost": 0.0, "Total Cost": 220.78, "Plan Rows": 7846, "Plan Width": 4, "Actual Rows": 7848, "Actual Loops": 1, "Filter": "(creationdate <= '2014-02-12 22:41:11'::timestamp without time zone)", "Rows Removed by Filter": 3254}, {"Node Type": "Hash", "Parent Relationship": "Inner", "Parallel Aware": false, "Async Capable": false, "Startup Cost": 2219.64, "Total Cost": 2219.64, "Plan Rows": 81, "Plan Width": 8, "Actual Rows": 80, "Actual Loops": 1, "Hash Buckets": 1024, "Original Hash Buckets": 1024, "Hash Batches": 1, "Original Hash Batches": 1, "Peak Memory Usage": 12, "Plans": [{"Node Type": "Seq Scan", "Parent Relationship": "Outer", "Parallel Aware": false, "Async Capable": false, "Relation Name": "posts", "Alias": "p", "Startup Cost": 0.0, "Total Cost": 2219.64, "Plan Rows": 81, "Plan Width": 8, "Actual Rows": 80, "Actual Loops": 1, "Filter": "((score >= 63) AND (score <= 135))", "Rows Removed by Filter": 91896}]}]}, {"Node Type": "Index Only Scan", "Parent Relationship": "Inner", "Parallel Aware": false, "Async Capable": false, "Scan Direction": "Forward", "Index Name": "idx_comments_postid", "Relation Name": "comments", "Alias": "c", "Startup Cost": 0.42, "Total Cost": 0.66, "Plan Rows": 3, "Plan Width": 4, "Actual Rows": 4, "Actual Loops": 427, "Index Cond": "(postid = pl.relatedpostid)", "Rows Removed by Index Recheck": 0, "Heap Fetches": 0}]}, {"Node Type": "Index Scan", "Parent Relationship": "Inner", "Parallel Aware": false, "Async Capable": false, "Scan Direction": "Forward", "Index Name": "idx_votes_postid", "Relation Name": "votes", "Alias": "v", "Startup Cost": 0.42, "Total Cost": 0.58, "Plan Rows": 3, "Plan Width": 4, "Actual Rows": 82, "Actual Loops": 1729, "Index Cond": "(postid = c.postid)", "Rows Removed by Index Recheck": 0, "Filter": "(creationdate >= '2013-02-13 00:11:02'::timestamp without time zone)", "Rows Removed by Filter": 72}]}, {"Node Type": "Materialize", "Parent Relationship": "Inner", "Parallel Aware": false, "Async Capable": false, "Startup Cost": 0.29, "Total Cost": 1150.36, "Plan Rows": 380.0, "Plan Width": 8, "Actual Rows": 254, "Actual Loops": 142298, "Plans": [{"Node Type": "Nested Loop", "Parent Relationship": "Outer", "Parallel Aware": false, "Async Capable": false, "Join Type": "Inner", "Startup Cost": 0.29, "Total Cost": 1150.33, "Plan Rows": 380.0, "Plan Width": 8, "Actual Rows": 254, "Actual Loops": 1, "Inner Unique": false, "Plans": [{"Node Type": "Seq Scan", "Parent Relationship": "Outer", "Parallel Aware": false, "Async Capable": false, "Relation Name": "users", "Alias": "u", "Startup Cost": 0.0, "Total Cost": 801.06, "Plan Rows": 30, "Plan Width": 4, "Actual Rows": 29, "Actual Loops": 1, "Filter": "(downvotes >= 60)", "Rows Removed by Filter": 40296}, {"Node Type": "Index Scan", "Parent Relationship": "Inner", "Parallel Aware": false, "Async Capable": false, "Scan Direction": "Forward", "Index Name": "idx_badges_userid", "Relation Name": "badges", "Alias": "b", "Startup Cost": 0.29, "Total Cost": 11.63, "Plan Rows": 1, "Plan Width": 4, "Actual Rows": 9, "Actual Loops": 29, "Index Cond": "(userid = u.id)", "Rows Removed by Index Recheck": 0, "Filter": "((date >= '2014-05-16 19:04:09'::timestamp without time zone) AND (date <= '2014-08-20 18:18:26'::timestamp without time zone))", "Rows Removed by Filter": 89}]}]}]}]}, "Planning Time": 4.012, "Triggers": [], "Execution Time": 1532.975}, {"Plan": {"Node Type": "Aggregate", "Strategy": "Plain", "Partial Mode": "Simple", "Parallel Aware": false, "Async Capable": false, "Startup Cost": 1161.05, "Total Cost": 1161.06, "Plan Rows": 1, "Plan Width": 8, "Actual Rows": 1, "Actual Loops": 1, "Plans": [{"Node Type": "Nested Loop", "Parent Relationship": "Outer", "Parallel Aware": false, "Async Capable": false, "Join Type": "Inner", "Startup Cost": 1.71, "Total Cost": 1161.05, "Plan Rows": 2580.0, "Plan Width": 0, "Actual Rows": 12958, "Actual Loops": 1, "Inner Unique": false, "Join Filter": "(p.id = v.postid)", "Rows Removed by Join Filter": 0, "Plans": [{"Node Type": "Nested Loop", "Parent Relationship": "Outer", "Parallel Aware": false, "Async Capable": false, "Join Type": "Inner", "Startup Cost": 1.29, "Total Cost": 1160.42, "Plan Rows": 285.0, "Plan Width": 12, "Actual Rows": 418, "Actual Loops": 1, "Inner Unique": false, "Join Filter": "(p.id = pl.relatedpostid)", "Rows Removed by Join Filter": 0, "Plans": [{"Node Type": "Nested Loop", "Parent Relationship": "Outer", "Parallel Aware": false, "Async Capable": false, "Join Type": "Inner", "Startup Cost": 1.0, "Total Cost": 1160.07, "Plan Rows": 286.0, "Plan Width": 8, "Actual Rows": 2915, "Actual Loops": 1, "Inner Unique": false, "Plans": [{"Node Type": "Nested Loop", "Parent Relationship": "Outer", "Parallel Aware": false, "Async Capable": false, "Join Type": "Inner", "Startup Cost": 0.58, "Total Cost": 1155.79, "Plan Rows": 82.0, "Plan Width": 4, "Actual Rows": 306, "Actual Loops": 1, "Inner Unique": false, "Join Filter": "(p.owneruserid = u.id)", "Rows Removed by Join Filter": 0, "Plans": [{"Node Type": "Nested Loop", "Parent Relationship": "Outer", "Parallel Aware": false, "Async Capable": false, "Join Type": "Inner", "Startup Cost": 0.29, "Total Cost": 1150.33, "Plan Rows": 380.0, "Plan Width": 8, "Actual Rows": 254, "Actual Loops": 1, "Inner Unique": false, "Plans": [{"Node Type": "Seq Scan", "Parent Relationship": "Outer", "Parallel Aware": false, "Async Capable": false, "Relation Name": "users", "Alias": "u", "Startup Cost": 0.0, "Total Cost": 801.06, "Plan Rows": 30, "Plan Width": 4, "Actual Rows": 29, "Actual Loops": 1, "Filter": "(downvotes >= 60)", "Rows Removed by Filter": 40296}, {"Node Type": "Index Scan", "Parent Relationship": "Inner", "Parallel Aware": false, "Async Capable": false, "Scan Direction": "Forward", "Index Name": "idx_badges_userid", "Relation Name": "badges", "Alias": "b", "Startup Cost": 0.29, "Total Cost": 11.63, "Plan Rows": 1, "Plan Width": 4, "Actual Rows": 9, "Actual Loops": 29, "Index Cond": "(userid = u.id)", "Rows Removed by Index Recheck": 0, "Filter": "((date >= '2014-05-16 19:04:09'::timestamp without time zone) AND (date <= '2014-08-20 18:18:26'::timestamp without time zone))", "Rows Removed by Filter": 89}]}, {"Node Type": "Index Scan", "Parent Relationship": "Inner", "Parallel Aware": false, "Async Capable": false, "Scan Direction": "Forward", "Index Name": "idx_posts_owneruserid", "Relation Name": "posts", "Alias": "p", "Startup Cost": 0.29, "Total Cost": 0.77, "Plan Rows": 1, "Plan Width": 8, "Actual Rows": 1, "Actual Loops": 254, "Index Cond": "(owneruserid = b.userid)", "Rows Removed by Index Recheck": 0, "Filter": "((score >= 63) AND (score <= 135))", "Rows Removed by Filter": 921}]}, {"Node Type": "Index Only Scan", "Parent Relationship": "Inner", "Parallel Aware": false, "Async Capable": false, "Scan Direction": "Forward", "Index Name": "idx_comments_postid", "Relation Name": "comments", "Alias": "c", "Startup Cost": 0.42, "Total Cost": 4.25, "Plan Rows": 3, "Plan Width": 4, "Actual Rows": 10, "Actual Loops": 306, "Index Cond": "(postid = p.id)", "Rows Removed by Index Recheck": 0, "Heap Fetches": 0}]}, {"Node Type": "Index Scan", "Parent Relationship": "Inner", "Parallel Aware": false, "Async Capable": false, "Scan Direction": "Forward", "Index Name": "idx_postlinks_relatedpostid", "Relation Name": "postlinks", "Alias": "pl", "Startup Cost": 0.29, "Total Cost": 0.33, "Plan Rows": 2, "Plan Width": 4, "Actual Rows": 0, "Actual Loops": 2915, "Index Cond": "(relatedpostid = c.postid)", "Rows Removed by Index Recheck": 0, "Filter": "(creationdate <= '2014-02-12 22:41:11'::timestamp without time zone)", "Rows Removed by Filter": 0}]}, {"Node Type": "Index Scan", "Parent Relationship": "Inner", "Parallel Aware": false, "Async Capable": false, "Scan Direction": "Forward", "Index Name": "idx_votes_postid", "Relation Name": "votes", "Alias": "v", "Startup Cost": 0.42, "Total Cost": 0.58, "Plan Rows": 3, "Plan Width": 4, "Actual Rows": 31, "Actual Loops": 418, "Index Cond": "(postid = c.postid)", "Rows Removed by Index Recheck": 0, "Filter": "(creationdate >= '2013-02-13 00:11:02'::timestamp without time zone)", "Rows Removed by Filter": 116}]}]}, "Planning Time": 3.531, "Triggers": [], "Execution Time": 57.143}, {"Plan": {"Node Type": "Aggregate", "Strategy": "Plain", "Partial Mode": "Simple", "Parallel Aware": false, "Async Capable": false, "Startup Cost": 11902.12, "Total Cost": 11902.13, "Plan Rows": 1, "Plan Width": 8, "Plans": [{"Node Type": "Nested Loop", "Parent Relationship": "Outer", "Parallel Aware": false, "Async Capable": false, "Join Type": "Inner", "Startup Cost": 1.44, "Total Cost": 11902.11, "Plan Rows": 2580.0, "Plan Width": 0, "Inner Unique": false, "Join Filter": "(p.id = pl.relatedpostid)", "Plans": [{"Node Type": "Nested Loop", "Parent Relationship": "Outer", "Parallel Aware": false, "Async Capable": false, "Join Type": "Inner", "Startup Cost": 1.0, "Total Cost": 1160.07, "Plan Rows": 286.0, "Plan Width": 8, "Inner Unique": false, "Plans": [{"Node Type": "Nested Loop", "Parent Relationship": "Outer", "Parallel Aware": false, "Async Capable": false, "Join Type": "Inner", "Startup Cost": 0.58, "Total Cost": 1155.79, "Plan Rows": 82.0, "Plan Width": 4, "Inner Unique": false, "Join Filter": "(p.owneruserid = u.id)", "Plans": [{"Node Type": "Nested Loop", "Parent Relationship": "Outer", "Parallel Aware": false, "Async Capable": false, "Join Type": "Inner", "Startup Cost": 0.29, "Total Cost": 1150.33, "Plan Rows": 380.0, "Plan Width": 8, "Inner Unique": false, "Plans": [{"Node Type": "Seq Scan", "Parent Relationship": "Outer", "Parallel Aware": false, "Async Capable": false, "Relation Name": "users", "Alias": "u", "Startup Cost": 0.0, "Total Cost": 801.06, "Plan Rows": 30, "Plan Width": 4, "Filter": "(downvotes >= 60)"}, {"Node Type": "Index Scan", "Parent Relationship": "Inner", "Parallel Aware": false, "Async Capable": false, "Scan Direction": "Forward", "Index Name": "idx_badges_userid", "Relation Name": "badges", "Alias": "b", "Startup Cost": 0.29, "Total Cost": 11.63, "Plan Rows": 1, "Plan Width": 4, "Index Cond": "(userid = u.id)", "Filter": "((date >= '2014-05-16 19:04:09'::timestamp without time zone) AND (date <= '2014-08-20 18:18:26'::timestamp without time zone))"}]}, {"Node Type": "Index Scan", "Parent Relationship": "Inner", "Parallel Aware": false, "Async Capable": false, "Scan Direction": "Forward", "Index Name": "idx_posts_owneruserid", "Relation Name": "posts", "Alias": "p", "Startup Cost": 0.29, "Total Cost": 0.77, "Plan Rows": 1, "Plan Width": 8, "Index Cond": "(owneruserid = b.userid)", "Filter": "((score >= 63) AND (score <= 135))"}]}, {"Node Type": "Index Only Scan", "Parent Relationship": "Inner", "Parallel Aware": false, "Async Capable": false, "Scan Direction": "Forward", "Index Name": "idx_comments_postid", "Relation Name": "comments", "Alias": "c", "Startup Cost": 0.42, "Total Cost": 4.25, "Plan Rows": 3, "Plan Width": 4, "Index Cond": "(postid = p.id)"}]}, {"Node Type": "Nested Loop", "Parent Relationship": "Inner", "Parallel Aware": false, "Async Capable": false, "Join Type": "Inner", "Startup Cost": 0.43, "Total Cost": 9616.57, "Plan Rows": 7168.0, "Plan Width": 8, "Inner Unique": false, "Plans": [{"Node Type": "Seq Scan", "Parent Relationship": "Outer", "Parallel Aware": false, "Async Capable": false, "Relation Name": "postlinks", "Alias": "pl", "Startup Cost": 0.0, "Total Cost": 220.78, "Plan Rows": 7846, "Plan Width": 4, "Filter": "(creationdate <= '2014-02-12 22:41:11'::timestamp without time zone)"}, {"Node Type": "Memoize", "Parent Relationship": "Inner", "Parallel Aware": false, "Async Capable": false, "Startup Cost": 0.43, "Total Cost": 1.88, "Plan Rows": 3, "Plan Width": 4, "Cache Key": "pl.relatedpostid", "Cache Mode": "logical", "Plans": [{"Node Type": "Index Scan", "Parent Relationship": "Outer", "Parallel Aware": false, "Async Capable": false, "Scan Direction": "Forward", "Index Name": "idx_votes_postid", "Relation Name": "votes", "Alias": "v", "Startup Cost": 0.42, "Total Cost": 1.87, "Plan Rows": 3, "Plan Width": 4, "Index Cond": "(postid = pl.relatedpostid)", "Filter": "(creationdate >= '2013-02-13 00:11:02'::timestamp without time zone)"}]}]}]}]}, "Timeout Time": 5000}, {"Plan": {"Node Type": "Aggregate", "Strategy": "Plain", "Partial Mode": "Simple", "Parallel Aware": false, "Async Capable": false, "Startup Cost": 1410.92, "Total Cost": 1410.93, "Plan Rows": 1, "Plan Width": 8, "Actual Rows": 1, "Actual Loops": 1, "Plans": [{"Node Type": "Hash Join", "Parent Relationship": "Outer", "Parallel Aware": false, "Async Capable": false, "Join Type": "Inner", "Startup Cost": 1160.71, "Total Cost": 1410.91, "Plan Rows": 2580.0, "Plan Width": 0, "Actual Rows": 12958, "Actual Loops": 1, "Inner Unique": false, "Hash Cond": "(pl.relatedpostid = p.id)", "Plans": [{"Node Type": "Seq Scan", "Parent Relationship": "Outer", "Parallel Aware": false, "Async Capable": false, "Relation Name": "postlinks", "Alias": "pl", "Startup Cost": 0.0, "Total Cost": 220.78, "Plan Rows": 7846, "Plan Width": 4, "Actual Rows": 7848, "Actual Loops": 1, "Filter": "(creationdate <= '2014-02-12 22:41:11'::timestamp without time zone)", "Rows Removed by Filter": 3254}, {"Node Type": "Hash", "Parent Relationship": "Inner", "Parallel Aware": false, "Async Capable": false, "Startup Cost": 1160.69, "Total Cost": 1160.69, "Plan Rows": 2604.0, "Plan Width": 12, "Actual Rows": 129034, "Actual Loops": 1, "Hash Buckets": 131072, "Original Hash Buckets": 1024, "Hash Batches": 1, "Original Hash Batches": 1, "Peak Memory Usage": 6569, "Plans": [{"Node Type": "Nested Loop", "Parent Relationship": "Outer", "Parallel Aware": false, "Async Capable": false, "Join Type": "Inner", "Startup Cost": 1.43, "Total Cost": 1160.69, "Plan Rows": 2604.0, "Plan Width": 12, "Actual Rows": 129034, "Actual Loops": 1, "Inner Unique": false, "Join Filter": "(p.id = v.postid)", "Rows Removed by Join Filter": 0, "Plans": [{"Node Type": "Nested Loop", "Parent Relationship": "Outer", "Parallel Aware": false, "Async Capable": false, "Join Type": "Inner", "Startup Cost": 1.0, "Total Cost": 1160.07, "Plan Rows": 286.0, "Plan Width": 8, "Actual Rows": 2915, "Actual Loops": 1, "Inner Unique": false, "Plans": [{"Node Type": "Nested Loop", "Parent Relationship": "Outer", "Parallel Aware": false, "Async Capable": false, "Join Type": "Inner", "Startup Cost": 0.58, "Total Cost": 1155.79, "Plan Rows": 82.0, "Plan Width": 4, "Actual Rows": 306, "Actual Loops": 1, "Inner Unique": false, "Join Filter": "(p.owneruserid = u.id)", "Rows Removed by Join Filter": 0, "Plans": [{"Node Type": "Nested Loop", "Parent Relationship": "Outer", "Parallel Aware": false, "Async Capable": false, "Join Type": "Inner", "Startup Cost": 0.29, "Total Cost": 1150.33, "Plan Rows": 380.0, "Plan Width": 8, "Actual Rows": 254, "Actual Loops": 1, "Inner Unique": false, "Plans": [{"Node Type": "Seq Scan", "Parent Relationship": "Outer", "Parallel Aware": false, "Async Capable": false, "Relation Name": "users", "Alias": "u", "Startup Cost": 0.0, "Total Cost": 801.06, "Plan Rows": 30, "Plan Width": 4, "Actual Rows": 29, "Actual Loops": 1, "Filter": "(downvotes >= 60)", "Rows Removed by Filter": 40296}, {"Node Type": "Index Scan", "Parent Relationship": "Inner", "Parallel Aware": false, "Async Capable": false, "Scan Direction": "Forward", "Index Name": "idx_badges_userid", "Relation Name": "badges", "Alias": "b", "Startup Cost": 0.29, "Total Cost": 11.63, "Plan Rows": 1, "Plan Width": 4, "Actual Rows": 9, "Actual Loops": 29, "Index Cond": "(userid = u.id)", "Rows Removed by Index Recheck": 0, "Filter": "((date >= '2014-05-16 19:04:09'::timestamp without time zone) AND (date <= '2014-08-20 18:18:26'::timestamp without time zone))", "Rows Removed by Filter": 89}]}, {"Node Type": "Index Scan", "Parent Relationship": "Inner", "Parallel Aware": false, "Async Capable": false, "Scan Direction": "Forward", "Index Name": "idx_posts_owneruserid", "Relation Name": "posts", "Alias": "p", "Startup Cost": 0.29, "Total Cost": 0.77, "Plan Rows": 1, "Plan Width": 8, "Actual Rows": 1, "Actual Loops": 254, "Index Cond": "(owneruserid = b.userid)", "Rows Removed by Index Recheck": 0, "Filter": "((score >= 63) AND (score <= 135))", "Rows Removed by Filter": 921}]}, {"Node Type": "Index Only Scan", "Parent Relationship": "Inner", "Parallel Aware": false, "Async Capable": false, "Scan Direction": "Forward", "Index Name": "idx_comments_postid", "Relation Name": "comments", "Alias": "c", "Startup Cost": 0.42, "Total Cost": 4.25, "Plan Rows": 3, "Plan Width": 4, "Actual Rows": 10, "Actual Loops": 306, "Index Cond": "(postid = p.id)", "Rows Removed by Index Recheck": 0, "Heap Fetches": 0}]}, {"Node Type": "Index Scan", "Parent Relationship": "Inner", "Parallel Aware": false, "Async Capable": false, "Scan Direction": "Forward", "Index Name": "idx_votes_postid", "Relation Name": "votes", "Alias": "v", "Startup Cost": 0.42, "Total Cost": 0.58, "Plan Rows": 3, "Plan Width": 4, "Actual Rows": 44, "Actual Loops": 2915, "Index Cond": "(postid = c.postid)", "Rows Removed by Index Recheck": 0, "Filter": "(creationdate >= '2013-02-13 00:11:02'::timestamp without time zone)", "Rows Removed by Filter": 41}]}]}]}]}, "Planning Time": 3.771, "Triggers": [], "Execution Time": 132.006}, {"Plan": {"Node Type": "Aggregate", "Strategy": "Plain", "Partial Mode": "Simple", "Parallel Aware": false, "Async Capable": false, "Startup Cost": 3403.15, "Total Cost": 3403.16, "Plan Rows": 1, "Plan Width": 8, "Actual Rows": 1, "Actual Loops": 1, "Plans": [{"Node Type": "Hash Join", "Parent Relationship": "Outer", "Parallel Aware": false, "Async Capable": false, "Join Type": "Inner", "Startup Cost": 2597.84, "Total Cost": 3403.15, "Plan Rows": 2580.0, "Plan Width": 0, "Actual Rows": 12958, "Actual Loops": 1, "Inner Unique": false, "Hash Cond": "(u.id = p.owneruserid)", "Plans": [{"Node Type": "Seq Scan", "Parent Relationship": "Outer", "Parallel Aware": false, "Async Capable": false, "Relation Name": "users", "Alias": "u", "Startup Cost": 0.0, "Total Cost": 801.06, "Plan Rows": 30, "Plan Width": 4, "Actual Rows": 29, "Actual Loops": 1, "Filter": "(downvotes >= 60)", "Rows Removed by Filter": 40296}, {"Node Type": "Hash", "Parent Relationship": "Inner", "Parallel Aware": false, "Async Capable": false, "Startup Cost": 2596.45, "Total Cost": 2596.45, "Plan Rows": 15239.0, "Plan Width": 8, "Actual Rows": 715431, "Actual Loops": 1, "Hash Buckets": 1048576, "Original Hash Buckets": 1024, "Hash Batches": 1, "Original Hash Batches": 1, "Peak Memory Usage": 36139, "Plans": [{"Node Type": "Nested Loop", "Parent Relationship": "Outer", "Parallel Aware": false, "Async Capable": false, "Join Type": "Inner", "Startup Cost": 2221.79, "Total Cost": 2596.45, "Plan Rows": 15239.0, "Plan Width": 8, "Actual Rows": 715431, "Actual Loops": 1, "Inner Unique": false, "Join Filter": "(p.id = v.postid)", "Rows Removed by Join Filter": 0, "Plans": [{"Node Type": "Nested Loop", "Parent Relationship": "Outer", "Parallel Aware": false, "Async Capable": false, "Join Type": "Inner", "Startup Cost": 2221.36, "Total Cost": 2557.34, "Plan Rows": 1337.0, "Plan Width": 20, "Actual Rows": 8481, "Actual Loops": 1, "Inner Unique": false, "Join Filter": "(c.postid = p.id)", "Rows Removed by Join Filter": 0, "Plans": [{"Node Type": "Nested Loop", "Parent Relationship": "Outer", "Parallel Aware": false, "Async Capable": false, "Join Type": "Inner", "Startup Cost": 2220.94, "Total Cost": 2533.72, "Plan Rows": 652.0, "Plan Width": 16, "Actual Rows": 1994, "Actual Loops": 1, "Inner Unique": false, "Plans": [{"Node Type": "Hash Join", "Parent Relationship": "Outer", "Parallel Aware": false, "Async Capable": false, "Join Type": "Inner", "Startup Cost": 2220.65, "Total Cost": 2462.02, "Plan Rows": 138.0, "Plan Width": 12, "Actual Rows": 427, "Actual Loops": 1, "Inner Unique": true, "Hash Cond": "(pl.relatedpostid = p.id)", "Plans": [{"Node Type": "Seq Scan", "Parent Relationship": "Outer", "Parallel Aware": false, "Async Capable": false, "Relation Name": "postlinks", "Alias": "pl", "Startup Cost": 0.0, "Total Cost": 220.78, "Plan Rows": 7846, "Plan Width": 4, "Actual Rows": 7848, "Actual Loops": 1, "Filter": "(creationdate <= '2014-02-12 22:41:11'::timestamp without time zone)", "Rows Removed by Filter": 3254}, {"Node Type": "Hash", "Parent Relationship": "Inner", "Parallel Aware": false, "Async Capable": false, "Startup Cost": 2219.64, "Total Cost": 2219.64, "Plan Rows": 81, "Plan Width": 8, "Actual Rows": 80, "Actual Loops": 1, "Hash Buckets": 1024, "Original Hash Buckets": 1024, "Hash Batches": 1, "Original Hash Batches": 1, "Peak Memory Usage": 12, "Plans": [{"Node Type": "Seq Scan", "Parent Relationship": "Outer", "Parallel Aware": false, "Async Capable": false, "Relation Name": "posts", "Alias": "p", "Startup Cost": 0.0, "Total Cost": 2219.64, "Plan Rows": 81, "Plan Width": 8, "Actual Rows": 80, "Actual Loops": 1, "Filter": "((score >= 63) AND (score <= 135))", "Rows Removed by Filter": 91896}]}]}, {"Node Type": "Index Scan", "Parent Relationship": "Inner", "Parallel Aware": false, "Async Capable": false, "Scan Direction": "Forward", "Index Name": "idx_badges_userid", "Relation Name": "badges", "Alias": "b", "Startup Cost": 0.29, "Total Cost": 10.23, "Plan Rows": 1, "Plan Width": 4, "Actual Rows": 5, "Actual Loops": 427, "Index Cond": "(userid = p.owneruserid)", "Rows Removed by Index Recheck": 0, "Filter": "((date >= '2014-05-16 19:04:09'::timestamp without time zone) AND (date <= '2014-08-20 18:18:26'::timestamp without time zone))", "Rows Removed by Filter": 52}]}, {"Node Type": "Index Only Scan", "Parent Relationship": "Inner", "Parallel Aware": false, "Async Capable": false, "Scan Direction": "Forward", "Index Name": "idx_comments_postid", "Relation Name": "comments", "Alias": "c", "Startup Cost": 0.42, "Total Cost": 0.66, "Plan Rows": 3, "Plan Width": 4, "Actual Rows": 4, "Actual Loops": 1994, "Index Cond": "(postid = pl.relatedpostid)", "Rows Removed by Index Recheck": 0, "Heap Fetches": 0}]}, {"Node Type": "Index Scan", "Parent Relationship": "Inner", "Parallel Aware": false, "Async Capable": false, "Scan Direction": "Forward", "Index Name": "idx_votes_postid", "Relation Name": "votes", "Alias": "v", "Startup Cost": 0.42, "Total Cost": 0.58, "Plan Rows": 3, "Plan Width": 4, "Actual Rows": 84, "Actual Loops": 8481, "Index Cond": "(postid = c.postid)", "Rows Removed by Index Recheck": 0, "Filter": "(creationdate >= '2013-02-13 00:11:02'::timestamp without time zone)", "Rows Removed by Filter": 70}]}]}]}]}, "Planning Time": 4.845, "Triggers": [], "Execution Time": 431.243}, {"Plan": {"Node Type": "Aggregate", "Strategy": "Plain", "Partial Mode": "Simple", "Parallel Aware": false, "Async Capable": false, "Startup Cost": 16461.31, "Total Cost": 16461.32, "Plan Rows": 1, "Plan Width": 8, "Actual Rows": 1, "Actual Loops": 1, "Plans": [{"Node Type": "Gather", "Parent Relationship": "Outer", "Parallel Aware": false, "Async Capable": false, "Startup Cost": 5812.03, "Total Cost": 16461.31, "Plan Rows": 1, "Plan Width": 0, "Actual Rows": 12958, "Actual Loops": 1, "Workers Planned": 1, "Workers Launched": 1, "Single Copy": false, "Plans": [{"Node Type": "Hash Join", "Parent Relationship": "Outer", "Parallel Aware": false, "Async Capable": false, "Join Type": "Inner", "Startup Cost": 4812.03, "Total Cost": 15461.21, "Plan Rows": 2580.0, "Plan Width": 0, "Actual Rows": 6479, "Actual Loops": 2, "Inner Unique": false, "Hash Cond": "(v.postid = p.id)", "Workers": [], "Plans": [{"Node Type": "Hash Join", "Parent Relationship": "Outer", "Parallel Aware": true, "Async Capable": false, "Join Type": "Inner", "Startup Cost": 3650.97, "Total Cost": 13291.71, "Plan Rows": 30449.0, "Plan Width": 8, "Actual Rows": 216654, "Actual Loops": 2, "Inner Unique": false, "Hash Cond": "(v.postid = c.postid)", "Workers": [], "Plans": [{"Node Type": "Seq Scan", "Parent Relationship": "Outer", "Parallel Aware": true, "Async Capable": false, "Relation Name": "votes", "Alias": "v", "Startup Cost": 0.0, "Total Cost": 4572.24, "Plan Rows": 96184, "Plan Width": 4, "Actual Rows": 81811, "Actual Loops": 2, "Filter": "(creationdate >= '2013-02-13 00:11:02'::timestamp without time zone)", "Rows Removed by Filter": 82221, "Workers": []}, {"Node Type": "Hash", "Parent Relationship": "Inner", "Parallel Aware": true, "Async Capable": false, "Startup Cost": 2369.32, "Total Cost": 2369.32, "Plan Rows": 102532, "Plan Width": 4, "Actual Rows": 87152, "Actual Loops": 2, "Hash Buckets": 262144, "Original Hash Buckets": 262144, "Hash Batches": 1, "Original Hash Batches": 1, "Peak Memory Usage": 8896, "Workers": [], "Plans": [{"Node Type": "Seq Scan", "Parent Relationship": "Outer", "Parallel Aware": true, "Async Capable": false, "Relation Name": "comments", "Alias": "c", "Startup Cost": 0.0, "Total Cost": 2369.32, "Plan Rows": 102532, "Plan Width": 4, "Actual Rows": 87152, "Actual Loops": 2, "Workers": []}]}]}, {"Node Type": "Hash", "Parent Relationship": "Inner", "Parallel Aware": false, "Async Capable": false, "Startup Cost": 1161.05, "Total Cost": 1161.05, "Plan Rows": 94.0, "Plan Width": 8, "Actual Rows": 209, "Actual Loops": 2, "Hash Buckets": 1024, "Original Hash Buckets": 1024, "Hash Batches": 1, "Original Hash Batches": 1, "Peak Memory Usage": 17, "Workers": [], "Plans": [{"Node Type": "Nested Loop", "Parent Relationship": "Outer", "Parallel Aware": false, "Async Capable": false, "Join Type": "Inner", "Startup Cost": 0.87, "Total Cost": 1161.05, "Plan Rows": 94.0, "Plan Width": 8, "Actual Rows": 209, "Actual Loops": 2, "Inner Unique": false, "Workers": [], "Plans": [{"Node Type": "Nested Loop", "Parent Relationship": "Outer", "Parallel Aware": false, "Async Capable": false, "Join Type": "Inner", "Startup Cost": 0.58, "Total Cost": 1155.79, "Plan Rows": 82.0, "Plan Width": 4, "Actual Rows": 306, "Actual Loops": 2, "Inner Unique": false, "Join Filter": "(p.owneruserid = u.id)", "Rows Removed by Join Filter": 0, "Workers": [], "Plans": [{"Node Type": "Nested Loop", "Parent Relationship": "Outer", "Parallel Aware": false, "Async Capable": false, "Join Type": "Inner", "Startup Cost": 0.29, "Total Cost": 1150.33, "Plan Rows": 380.0, "Plan Width": 8, "Actual Rows": 254, "Actual Loops": 2, "Inner Unique": false, "Workers": [], "Plans": [{"Node Type": "Seq Scan", "Parent Relationship": "Outer", "Parallel Aware": false, "Async Capable": false, "Relation Name": "users", "Alias": "u", "Startup Cost": 0.0, "Total Cost": 801.06, "Plan Rows": 30, "Plan Width": 4, "Actual Rows": 29, "Actual Loops": 2, "Filter": "(downvotes >= 60)", "Rows Removed by Filter": 40296, "Workers": []}, {"Node Type": "Index Scan", "Parent Relationship": "Inner", "Parallel Aware": false, "Async Capable": false, "Scan Direction": "Forward", "Index Name": "idx_badges_userid", "Relation Name": "badges", "Alias": "b", "Startup Cost": 0.29, "Total Cost": 11.63, "Plan Rows": 1, "Plan Width": 4, "Actual Rows": 9, "Actual Loops": 58, "Index Cond": "(userid = u.id)", "Rows Removed by Index Recheck": 0, "Filter": "((date >= '2014-05-16 19:04:09'::timestamp without time zone) AND (date <= '2014-08-20 18:18:26'::timestamp without time zone))", "Rows Removed by Filter": 89, "Workers": []}]}, {"Node Type": "Index Scan", "Parent Relationship": "Inner", "Parallel Aware": false, "Async Capable": false, "Scan Direction": "Forward", "Index Name": "idx_posts_owneruserid", "Relation Name": "posts", "Alias": "p", "Startup Cost": 0.29, "Total Cost": 0.77, "Plan Rows": 1, "Plan Width": 8, "Actual Rows": 1, "Actual Loops": 508, "Index Cond": "(owneruserid = b.userid)", "Rows Removed by Index Recheck": 0, "Filter": "((score >= 63) AND (score <= 135))", "Rows Removed by Filter": 921, "Workers": []}]}, {"Node Type": "Index Scan", "Parent Relationship": "Inner", "Parallel Aware": false, "Async Capable": false, "Scan Direction": "Forward", "Index Name": "idx_postlinks_relatedpostid", "Relation Name": "postlinks", "Alias": "pl", "Startup Cost": 0.29, "Total Cost": 5.23, "Plan Rows": 2, "Plan Width": 4, "Actual Rows": 1, "Actual Loops": 612, "Index Cond": "(relatedpostid = p.id)", "Rows Removed by Index Recheck": 0, "Filter": "(creationdate <= '2014-02-12 22:41:11'::timestamp without time zone)", "Rows Removed by Filter": 0, "Workers": []}]}]}]}]}]}, "Planning Time": 9.315, "Triggers": [], "Execution Time": 264.667}, {"Plan": {"Node Type": "Aggregate", "Strategy": "Plain", "Partial Mode": "Simple", "Parallel Aware": false, "Async Capable": false, "Startup Cost": 1163.48, "Total Cost": 1163.49, "Plan Rows": 1, "Plan Width": 8, "Actual Rows": 1, "Actual Loops": 1, "Plans": [{"Node Type": "Nested Loop", "Parent Relationship": "Outer", "Parallel Aware": false, "Async Capable": false, "Join Type": "Inner", "Startup Cost": 1.71, "Total Cost": 1163.48, "Plan Rows": 2580.0, "Plan Width": 0, "Actual Rows": 12958, "Actual Loops": 1, "Inner Unique": false, "Join Filter": "(c.postid = p.id)", "Rows Removed by Join Filter": 0, "Plans": [{"Node Type": "Nested Loop", "Parent Relationship": "Outer", "Parallel Aware": false, "Async Capable": false, "Join Type": "Inner", "Startup Cost": 1.29, "Total Cost": 1162.96, "Plan Rows": 743.0, "Plan Width": 12, "Actual Rows": 6479, "Actual Loops": 1, "Inner Unique": false, "Join Filter": "(p.id = v.postid)", "Rows Removed by Join Filter": 0, "Plans": [{"Node Type": "Nested Loop", "Parent Relationship": "Outer", "Parallel Aware": false, "Async Capable": false, "Join Type": "Inner", "Startup Cost": 0.87, "Total Cost": 1161.05, "Plan Rows": 94.0, "Plan Width": 8, "Actual Rows": 209, "Actual Loops": 1, "Inner Unique": false, "Plans": [{"Node Type": "Nested Loop", "Parent Relationship": "Outer", "Parallel Aware": false, "Async Capable": false, "Join Type": "Inner", "Startup Cost": 0.58, "Total Cost": 1155.79, "Plan Rows": 82.0, "Plan Width": 4, "Actual Rows": 306, "Actual Loops": 1, "Inner Unique": false, "Join Filter": "(p.owneruserid = u.id)", "Rows Removed by Join Filter": 0, "Plans": [{"Node Type": "Nested Loop", "Parent Relationship": "Outer", "Parallel Aware": false, "Async Capable": false, "Join Type": "Inner", "Startup Cost": 0.29, "Total Cost": 1150.33, "Plan Rows": 380.0, "Plan Width": 8, "Actual Rows": 254, "Actual Loops": 1, "Inner Unique": false, "Plans": [{"Node Type": "Seq Scan", "Parent Relationship": "Outer", "Parallel Aware": false, "Async Capable": false, "Relation Name": "users", "Alias": "u", "Startup Cost": 0.0, "Total Cost": 801.06, "Plan Rows": 30, "Plan Width": 4, "Actual Rows": 29, "Actual Loops": 1, "Filter": "(downvotes >= 60)", "Rows Removed by Filter": 40296}, {"Node Type": "Index Scan", "Parent Relationship": "Inner", "Parallel Aware": false, "Async Capable": false, "Scan Direction": "Forward", "Index Name": "idx_badges_userid", "Relation Name": "badges", "Alias": "b", "Startup Cost": 0.29, "Total Cost": 11.63, "Plan Rows": 1, "Plan Width": 4, "Actual Rows": 9, "Actual Loops": 29, "Index Cond": "(userid = u.id)", "Rows Removed by Index Recheck": 0, "Filter": "((date >= '2014-05-16 19:04:09'::timestamp without time zone) AND (date <= '2014-08-20 18:18:26'::timestamp without time zone))", "Rows Removed by Filter": 89}]}, {"Node Type": "Index Scan", "Parent Relationship": "Inner", "Parallel Aware": false, "Async Capable": false, "Scan Direction": "Forward", "Index Name": "idx_posts_owneruserid", "Relation Name": "posts", "Alias": "p", "Startup Cost": 0.29, "Total Cost": 0.77, "Plan Rows": 1, "Plan Width": 8, "Actual Rows": 1, "Actual Loops": 254, "Index Cond": "(owneruserid = b.userid)", "Rows Removed by Index Recheck": 0, "Filter": "((score >= 63) AND (score <= 135))", "Rows Removed by Filter": 921}]}, {"Node Type": "Index Scan", "Parent Relationship": "Inner", "Parallel Aware": false, "Async Capable": false, "Scan Direction": "Forward", "Index Name": "idx_postlinks_relatedpostid", "Relation Name": "postlinks", "Alias": "pl", "Startup Cost": 0.29, "Total Cost": 5.23, "Plan Rows": 2, "Plan Width": 4, "Actual Rows": 1, "Actual Loops": 306, "Index Cond": "(relatedpostid = p.id)", "Rows Removed by Index Recheck": 0, "Filter": "(creationdate <= '2014-02-12 22:41:11'::timestamp without time zone)", "Rows Removed by Filter": 0}]}, {"Node Type": "Index Scan", "Parent Relationship": "Inner", "Parallel Aware": false, "Async Capable": false, "Scan Direction": "Forward", "Index Name": "idx_votes_postid", "Relation Name": "votes", "Alias": "v", "Startup Cost": 0.42, "Total Cost": 1.87, "Plan Rows": 3, "Plan Width": 4, "Actual Rows": 31, "Actual Loops": 209, "Index Cond": "(postid = pl.relatedpostid)", "Rows Removed by Index Recheck": 0, "Filter": "(creationdate >= '2013-02-13 00:11:02'::timestamp without time zone)", "Rows Removed by Filter": 116}]}, {"Node Type": "Index Only Scan", "Parent Relationship": "Inner", "Parallel Aware": false, "Async Capable": false, "Scan Direction": "Forward", "Index Name": "idx_comments_postid", "Relation Name": "comments", "Alias": "c", "Startup Cost": 0.42, "Total Cost": 0.48, "Plan Rows": 3, "Plan Width": 4, "Actual Rows": 2, "Actual Loops": 6479, "Index Cond": "(postid = v.postid)", "Rows Removed by Index Recheck": 0, "Heap Fetches": 0}]}]}, "Planning Time": 4.02, "Triggers": [], "Execution Time": 56.02}, {"Plan": {"Node Type": "Aggregate", "Strategy": "Plain", "Partial Mode": "Simple", "Parallel Aware": false, "Async Capable": false, "Startup Cost": 11114.31, "Total Cost": 11114.32, "Plan Rows": 1, "Plan Width": 8, "Actual Rows": 1, "Actual Loops": 1, "Plans": [{"Node Type": "Hash Join", "Parent Relationship": "Outer", "Parallel Aware": false, "Async Capable": false, "Join Type": "Inner", "Startup Cost": 1160.52, "Total Cost": 11114.3, "Plan Rows": 2580.0, "Plan Width": 0, "Actual Rows": 12958, "Actual Loops": 1, "Inner Unique": false, "Hash Cond": "(pl.relatedpostid = p.id)", "Plans": [{"Node Type": "Nested Loop", "Parent Relationship": "Outer", "Parallel Aware": false, "Async Capable": false, "Join Type": "Inner", "Startup Cost": 0.43, "Total Cost": 9616.57, "Plan Rows": 7168.0, "Plan Width": 8, "Actual Rows": 114547, "Actual Loops": 1, "Inner Unique": false, "Plans": [{"Node Type": "Seq Scan", "Parent Relationship": "Outer", "Parallel Aware": false, "Async Capable": false, "Relation Name": "postlinks", "Alias": "pl", "Startup Cost": 0.0, "Total Cost": 220.78, "Plan Rows": 7846, "Plan Width": 4, "Actual Rows": 7848, "Actual Loops": 1, "Filter": "(creationdate <= '2014-02-12 22:41:11'::timestamp without time zone)", "Rows Removed by Filter": 3254}, {"Node Type": "Memoize", "Parent Relationship": "Inner", "Parallel Aware": false, "Async Capable": false, "Startup Cost": 0.43, "Total Cost": 1.88, "Plan Rows": 3, "Plan Width": 4, "Actual Rows": 15, "Actual Loops": 7848, "Cache Key": "pl.relatedpostid", "Cache Mode": "logical", "Cache Hits": 3974, "Cache Misses": 3874, "Cache Evictions": 0, "Cache Overflows": 0, "Peak Memory Usage": 947, "Plans": [{"Node Type": "Index Scan", "Parent Relationship": "Outer", "Parallel Aware": false, "Async Capable": false, "Scan Direction": "Forward", "Index Name": "idx_votes_postid", "Relation Name": "votes", "Alias": "v", "Startup Cost": 0.42, "Total Cost": 1.87, "Plan Rows": 3, "Plan Width": 4, "Actual Rows": 5, "Actual Loops": 3874, "Index Cond": "(postid = pl.relatedpostid)", "Rows Removed by Index Recheck": 0, "Filter": "(creationdate >= '2013-02-13 00:11:02'::timestamp without time zone)", "Rows Removed by Filter": 7}]}]}, {"Node Type": "Hash", "Parent Relationship": "Inner", "Parallel Aware": false, "Async Capable": false, "Startup Cost": 1160.07, "Total Cost": 1160.07, "Plan Rows": 286.0, "Plan Width": 8, "Actual Rows": 2915, "Actual Loops": 1, "Hash Buckets": 4096, "Original Hash Buckets": 1024, "Hash Batches": 1, "Original Hash Batches": 1, "Peak Memory Usage": 146, "Plans": [{"Node Type": "Nested Loop", "Parent Relationship": "Outer", "Parallel Aware": false, "Async Capable": false, "Join Type": "Inner", "Startup Cost": 1.0, "Total Cost": 1160.07, "Plan Rows": 286.0, "Plan Width": 8, "Actual Rows": 2915, "Actual Loops": 1, "Inner Unique": false, "Plans": [{"Node Type": "Nested Loop", "Parent Relationship": "Outer", "Parallel Aware": false, "Async Capable": false, "Join Type": "Inner", "Startup Cost": 0.58, "Total Cost": 1155.79, "Plan Rows": 82.0, "Plan Width": 4, "Actual Rows": 306, "Actual Loops": 1, "Inner Unique": false, "Join Filter": "(p.owneruserid = u.id)", "Rows Removed by Join Filter": 0, "Plans": [{"Node Type": "Nested Loop", "Parent Relationship": "Outer", "Parallel Aware": false, "Async Capable": false, "Join Type": "Inner", "Startup Cost": 0.29, "Total Cost": 1150.33, "Plan Rows": 380.0, "Plan Width": 8, "Actual Rows": 254, "Actual Loops": 1, "Inner Unique": false, "Plans": [{"Node Type": "Seq Scan", "Parent Relationship": "Outer", "Parallel Aware": false, "Async Capable": false, "Relation Name": "users", "Alias": "u", "Startup Cost": 0.0, "Total Cost": 801.06, "Plan Rows": 30, "Plan Width": 4, "Actual Rows": 29, "Actual Loops": 1, "Filter": "(downvotes >= 60)", "Rows Removed by Filter": 40296}, {"Node Type": "Index Scan", "Parent Relationship": "Inner", "Parallel Aware": false, "Async Capable": false, "Scan Direction": "Forward", "Index Name": "idx_badges_userid", "Relation Name": "badges", "Alias": "b", "Startup Cost": 0.29, "Total Cost": 11.63, "Plan Rows": 1, "Plan Width": 4, "Actual Rows": 9, "Actual Loops": 29, "Index Cond": "(userid = u.id)", "Rows Removed by Index Recheck": 0, "Filter": "((date >= '2014-05-16 19:04:09'::timestamp without time zone) AND (date <= '2014-08-20 18:18:26'::timestamp without time zone))", "Rows Removed by Filter": 89}]}, {"Node Type": "Index Scan", "Parent Relationship": "Inner", "Parallel Aware": false, "Async Capable": false, "Scan Direction": "Forward", "Index Name": "idx_posts_owneruserid", "Relation Name": "posts", "Alias": "p", "Startup Cost": 0.29, "Total Cost": 0.77, "Plan Rows": 1, "Plan Width": 8, "Actual Rows": 1, "Actual Loops": 254, "Index Cond": "(owneruserid = b.userid)", "Rows Removed by Index Recheck": 0, "Filter": "((score >= 63) AND (score <= 135))", "Rows Removed by Filter": 921}]}, {"Node Type": "Index Only Scan", "Parent Relationship": "Inner", "Parallel Aware": false, "Async Capable": false, "Scan Direction": "Forward", "Index Name": "idx_comments_postid", "Relation Name": "comments", "Alias": "c", "Startup Cost": 0.42, "Total Cost": 4.25, "Plan Rows": 3, "Plan Width": 4, "Actual Rows": 10, "Actual Loops": 306, "Index Cond": "(postid = p.id)", "Rows Removed by Index Recheck": 0, "Heap Fetches": 0}]}]}]}]}, "Planning Time": 4.3, "Triggers": [], "Execution Time": 155.554}, {"Plan": {"Node Type": "Aggregate", "Strategy": "Plain", "Partial Mode": "Simple", "Parallel Aware": false, "Async Capable": false, "Startup Cost": 27396.35, "Total Cost": 27396.36, "Plan Rows": 1, "Plan Width": 8, "Actual Rows": 1, "Actual Loops": 1, "Plans": [{"Node Type": "Merge Join", "Parent Relationship": "Outer", "Parallel Aware": false, "Async Capable": false, "Join Type": "Inner", "Startup Cost": 1161.9, "Total Cost": 27396.35, "Plan Rows": 2580.0, "Plan Width": 0, "Actual Rows": 12958, "Actual Loops": 1, "Inner Unique": false, "Merge Cond": "(p.id = v.postid)", "Plans": [{"Node Type": "Sort", "Parent Relationship": "Outer", "Parallel Aware": false, "Async Capable": false, "Startup Cost": 1161.06, "Total Cost": 1161.06, "Plan Rows": 94.0, "Plan Width": 8, "Actual Rows": 209, "Actual Loops": 1, "Sort Key": ["p.id"], "Sort Method": "quicksort", "Sort Space Used": 31, "Sort Space Type": "Memory", "Plans": [{"Node Type": "Nested Loop", "Parent Relationship": "Outer", "Parallel Aware": false, "Async Capable": false, "Join Type": "Inner", "Startup Cost": 0.87, "Total Cost": 1161.05, "Plan Rows": 94.0, "Plan Width": 8, "Actual Rows": 209, "Actual Loops": 1, "Inner Unique": false, "Plans": [{"Node Type": "Nested Loop", "Parent Relationship": "Outer", "Parallel Aware": false, "Async Capable": false, "Join Type": "Inner", "Startup Cost": 0.58, "Total Cost": 1155.79, "Plan Rows": 82.0, "Plan Width": 4, "Actual Rows": 306, "Actual Loops": 1, "Inner Unique": false, "Join Filter": "(p.owneruserid = u.id)", "Rows Removed by Join Filter": 0, "Plans": [{"Node Type": "Nested Loop", "Parent Relationship": "Outer", "Parallel Aware": false, "Async Capable": false, "Join Type": "Inner", "Startup Cost": 0.29, "Total Cost": 1150.33, "Plan Rows": 380.0, "Plan Width": 8, "Actual Rows": 254, "Actual Loops": 1, "Inner Unique": false, "Plans": [{"Node Type": "Seq Scan", "Parent Relationship": "Outer", "Parallel Aware": false, "Async Capable": false, "Relation Name": "users", "Alias": "u", "Startup Cost": 0.0, "Total Cost": 801.06, "Plan Rows": 30, "Plan Width": 4, "Actual Rows": 29, "Actual Loops": 1, "Filter": "(downvotes >= 60)", "Rows Removed by Filter": 40296}, {"Node Type": "Index Scan", "Parent Relationship": "Inner", "Parallel Aware": false, "Async Capable": false, "Scan Direction": "Forward", "Index Name": "idx_badges_userid", "Relation Name": "badges", "Alias": "b", "Startup Cost": 0.29, "Total Cost": 11.63, "Plan Rows": 1, "Plan Width": 4, "Actual Rows": 9, "Actual Loops": 29, "Index Cond": "(userid = u.id)", "Rows Removed by Index Recheck": 0, "Filter": "((date >= '2014-05-16 19:04:09'::timestamp without time zone) AND (date <= '2014-08-20 18:18:26'::timestamp without time zone))", "Rows Removed by Filter": 89}]}, {"Node Type": "Index Scan", "Parent Relationship": "Inner", "Parallel Aware": false, "Async Capable": false, "Scan Direction": "Forward", "Index Name": "idx_posts_owneruserid", "Relation Name": "posts", "Alias": "p", "Startup Cost": 0.29, "Total Cost": 0.77, "Plan Rows": 1, "Plan Width": 8, "Actual Rows": 1, "Actual Loops": 254, "Index Cond": "(owneruserid = b.userid)", "Rows Removed by Index Recheck": 0, "Filter": "((score >= 63) AND (score <= 135))", "Rows Removed by Filter": 921}]}, {"Node Type": "Index Scan", "Parent Relationship": "Inner", "Parallel Aware": false, "Async Capable": false, "Scan Direction": "Forward", "Index Name": "idx_postlinks_relatedpostid", "Relation Name": "postlinks", "Alias": "pl", "Startup Cost": 0.29, "Total Cost": 5.23, "Plan Rows": 2, "Plan Width": 4, "Actual Rows": 1, "Actual Loops": 306, "Index Cond": "(relatedpostid = p.id)", "Rows Removed by Index Recheck": 0, "Filter": "(creationdate <= '2014-02-12 22:41:11'::timestamp without time zone)", "Rows Removed by Filter": 0}]}]}, {"Node Type": "Materialize", "Parent Relationship": "Inner", "Parallel Aware": false, "Async Capable": false, "Startup Cost": 0.84, "Total Cost": 25092.37, "Plan Rows": 30449.0, "Plan Width": 8, "Actual Rows": 20258, "Actual Loops": 1, "Plans": [{"Node Type": "Merge Join", "Parent Relationship": "Outer", "Parallel Aware": false, "Async Capable": false, "Join Type": "Inner", "Startup Cost": 0.84, "Total Cost": 23949.5, "Plan Rows": 30449.0, "Plan Width": 8, "Actual Rows": 7362, "Actual Loops": 1, "Inner Unique": false, "Merge Cond": "(v.postid = c.postid)", "Plans": [{"Node Type": "Index Scan", "Parent Relationship": "Outer", "Parallel Aware": false, "Async Capable": false, "Scan Direction": "Forward", "Index Name": "idx_votes_postid", "Relation Name": "votes", "Alias": "v", "Startup Cost": 0.42, "Total Cost": 12794.42, "Plan Rows": 163512, "Plan Width": 4, "Actual Rows": 2384, "Actual Loops": 1, "Filter": "(creationdate >= '2013-02-13 00:11:02'::timestamp without time zone)", "Rows Removed by Filter": 7017}, {"Node Type": "Materialize", "Parent Relationship": "Inner", "Parallel Aware": false, "Async Capable": false, "Startup Cost": 0.42, "Total Cost": 4324.91, "Plan Rows": 174305, "Plan Width": 4, "Actual Rows": 7586, "Actual Loops": 1, "Plans": [{"Node Type": "Index Only Scan", "Parent Relationship": "Outer", "Parallel Aware": false, "Async Capable": false, "Scan Direction": "Forward", "Index Name": "idx_comments_postid", "Relation Name": "comments", "Alias": "c", "Startup Cost": 0.42, "Total Cost": 3889.15, "Plan Rows": 174305, "Plan Width": 4, "Actual Rows": 802, "Actual Loops": 1, "Heap Fetches": 0}]}]}]}]}]}, "Planning Time": 3.954, "Triggers": [], "Execution Time": 54.034}, {"Plan": {"Node Type": "Aggregate", "Strategy": "Plain", "Partial Mode": "Simple", "Parallel Aware": false, "Async Capable": false, "Startup Cost": 2889.57, "Total Cost": 2889.58, "Plan Rows": 1, "Plan Width": 8, "Actual Rows": 1, "Actual Loops": 1, "Plans": [{"Node Type": "Hash Join", "Parent Relationship": "Outer", "Parallel Aware": false, "Async Capable": false, "Join Type": "Inner", "Startup Cost": 1222.12, "Total Cost": 2889.56, "Plan Rows": 2580.0, "Plan Width": 0, "Actual Rows": 12958, "Actual Loops": 1, "Inner Unique": false, "Hash Cond": "(b.userid = u.id)", "Plans": [{"Node Type": "Seq Scan", "Parent Relationship": "Outer", "Parallel Aware": false, "Async Capable": false, "Relation Name": "badges", "Alias": "b", "Startup Cost": 0.0, "Total Cost": 1629.76, "Plan Rows": 10045, "Plan Width": 4, "Actual Rows": 10043, "Actual Loops": 1, "Filter": "((date >= '2014-05-16 19:04:09'::timestamp without time zone) AND (date <= '2014-08-20 18:18:26'::timestamp without time zone))", "Rows Removed by Filter": 69808}, {"Node Type": "Hash", "Parent Relationship": "Inner", "Parallel Aware": false, "Async Capable": false, "Startup Cost": 1222.11, "Total Cost": 1222.11, "Plan Rows": 868.0, "Plan Width": 8, "Actual Rows": 1178, "Actual Loops": 1, "Hash Buckets": 2048, "Original Hash Buckets": 1024, "Hash Batches": 1, "Original Hash Batches": 1, "Peak Memory Usage": 63, "Plans": [{"Node Type": "Nested Loop", "Parent Relationship": "Outer", "Parallel Aware": false, "Async Capable": false, "Join Type": "Inner", "Startup Cost": 1.42, "Total Cost": 1222.11, "Plan Rows": 868.0, "Plan Width": 8, "Actual Rows": 1178, "Actual Loops": 1, "Inner Unique": false, "Join Filter": "(p.id = v.postid)", "Rows Removed by Join Filter": 0, "Plans": [{"Node Type": "Nested Loop", "Parent Relationship": "Outer", "Parallel Aware": false, "Async Capable": false, "Join Type": "Inner", "Startup Cost": 1.0, "Total Cost": 1221.49, "Plan Rows": 95.0, "Plan Width": 20, "Actual Rows": 38, "Actual Loops": 1, "Inner Unique": false, "Join Filter": "(p.id = pl.relatedpostid)", "Rows Removed by Join Filter": 0, "Plans": [{"Node Type": "Nested Loop", "Parent Relationship": "Outer", "Parallel Aware": false, "Async Capable": false, "Join Type": "Inner", "Startup Cost": 0.71, "Total Cost": 1221.14, "Plan Rows": 76.0, "Plan Width": 16, "Actual Rows": 95, "Actual Loops": 1, "Inner Unique": false, "Plans": [{"Node Type": "Nested Loop", "Parent Relationship": "Outer", "Parallel Aware": false, "Async Capable": false, "Join Type": "Inner", "Startup Cost": 0.29, "Total Cost": 1216.86, "Plan Rows": 20.0, "Plan Width": 12, "Actual Rows": 13, "Actual Loops": 1, "Inner Unique": false, "Plans": [{"Node Type": "Seq Scan", "Parent Relationship": "Outer", "Parallel Aware": false, "Async Capable": false, "Relation Name": "users", "Alias": "u", "Startup Cost": 0.0, "Total Cost": 801.06, "Plan Rows": 30, "Plan Width": 4, "Actual Rows": 29, "Actual Loops": 1, "Filter": "(downvotes >= 60)", "Rows Removed by Filter": 40296}, {"Node Type": "Index Scan", "Parent Relationship": "Inner", "Parallel Aware": false, "Async Capable": false, "Scan Direction": "Forward", "Index Name": "idx_posts_owneruserid", "Relation Name": "posts", "Alias": "p", "Startup Cost": 0.29, "Total Cost": 13.85, "Plan Rows": 1, "Plan Width": 8, "Actual Rows": 0, "Actual Loops": 29, "Index Cond": "(owneruserid = u.id)", "Rows Removed by Index Recheck": 0, "Filter": "((score >= 63) AND (score <= 135))", "Rows Removed by Filter": 341}]}, {"Node Type": "Index Only Scan", "Parent Relationship": "Inner", "Parallel Aware": false, "Async Capable": false, "Scan Direction": "Forward", "Index Name": "idx_comments_postid", "Relation Name": "comments", "Alias": "c", "Startup Cost": 0.42, "Total Cost": 4.25, "Plan Rows": 3, "Plan Width": 4, "Actual Rows": 7, "Actual Loops": 13, "Index Cond": "(postid = p.id)", "Rows Removed by Index Recheck": 0, "Heap Fetches": 0}]}, {"Node Type": "Index Scan", "Parent Relationship": "Inner", "Parallel Aware": false, "Async Capable": false, "Scan Direction": "Forward", "Index Name": "idx_postlinks_relatedpostid", "Relation Name": "postlinks", "Alias": "pl", "Startup Cost": 0.29, "Total Cost": 0.33, "Plan Rows": 2, "Plan Width": 4, "Actual Rows": 0, "Actual Loops": 95, "Index Cond": "(relatedpostid = c.postid)", "Rows Removed by Index Recheck": 0, "Filter": "(creationdate <= '2014-02-12 22:41:11'::timestamp without time zone)", "Rows Removed by Filter": 0}]}, {"Node Type": "Index Scan", "Parent Relationship": "Inner", "Parallel Aware": false, "Async Capable": false, "Scan Direction": "Forward", "Index Name": "idx_votes_postid", "Relation Name": "votes", "Alias": "v", "Startup Cost": 0.42, "Total Cost": 0.58, "Plan Rows": 3, "Plan Width": 4, "Actual Rows": 31, "Actual Loops": 38, "Index Cond": "(postid = c.postid)", "Rows Removed by Index Recheck": 0, "Filter": "(creationdate >= '2013-02-13 00:11:02'::timestamp without time zone)", "Rows Removed by Filter": 116}]}]}]}]}, "Planning Time": 3.592, "Triggers": [], "Execution Time": 15.546}]