[{"Plan": {"Node Type": "Aggregate", "Strategy": "Plain", "Partial Mode": "Simple", "Parallel Aware": false, "Async Capable": false, "Startup Cost": 1012.63, "Total Cost": 1012.64, "Plan Rows": 1, "Plan Width": 8, "Actual Rows": 1, "Actual Loops": 1, "Plans": [{"Node Type": "Nested Loop", "Parent Relationship": "Outer", "Parallel Aware": false, "Async Capable": false, "Join Type": "Inner", "Startup Cost": 1.01, "Total Cost": 1012.22, "Plan Rows": 28.0, "Plan Width": 0, "Actual Rows": 66754180, "Actual Loops": 1, "Inner Unique": false, "Join Filter": "(v.userid = u.id)", "Rows Removed by Join Filter": 0, "Plans": [{"Node Type": "Nested Loop", "Parent Relationship": "Outer", "Parallel Aware": false, "Async Capable": false, "Join Type": "Inner", "Startup Cost": 0.58, "Total Cost": 1007.97, "Plan Rows": 1.0, "Plan Width": 12, "Actual Rows": 223996, "Actual Loops": 1, "Inner Unique": false, "Join Filter": "(p.owneruserid = u.id)", "Rows Removed by Join Filter": 0, "Plans": [{"Node Type": "Nested Loop", "Parent Relationship": "Outer", "Parallel Aware": false, "Async Capable": false, "Join Type": "Inner", "Startup Cost": 0.29, "Total Cost": 1007.06, "Plan Rows": 18.0, "Plan Width": 8, "Actual Rows": 1232, "Actual Loops": 1, "Inner Unique": false, "Plans": [{"Node Type": "Seq Scan", "Parent Relationship": "Outer", "Parallel Aware": false, "Async Capable": false, "Relation Name": "users", "Alias": "u", "Startup Cost": 0.0, "Total Cost": 1002.69, "Plan Rows": 1, "Plan Width": 4, "Actual Rows": 4, "Actual Loops": 1, "Filter": "((reputation >= 17070) AND (downvotes >= 135) AND (downvotes <= 1159))", "Rows Removed by Filter": 40321}, {"Node Type": "Index Only Scan", "Parent Relationship": "Inner", "Parallel Aware": false, "Async Capable": false, "Scan Direction": "Forward", "Index Name": "idx_badges_userid", "Relation Name": "badges", "Alias": "b", "Startup Cost": 0.29, "Total Cost": 4.35, "Plan Rows": 3, "Plan Width": 4, "Actual Rows": 308, "Actual Loops": 4, "Index Cond": "(userid = u.id)", "Rows Removed by Index Recheck": 0, "Heap Fetches": 0}]}, {"Node Type": "Index Scan", "Parent Relationship": "Inner", "Parallel Aware": false, "Async Capable": false, "Scan Direction": "Forward", "Index Name": "idx_posts_owneruserid", "Relation Name": "posts", "Alias": "p", "Startup Cost": 0.29, "Total Cost": 0.44, "Plan Rows": 1, "Plan Width": 4, "Actual Rows": 182, "Actual Loops": 1232, "Index Cond": "(owneruserid = b.userid)", "Rows Removed by Index Recheck": 0, "Filter": "((commentcount >= 5) AND (commentcount <= 38) AND (posttypeid = 2))", "Rows Removed by Filter": 851}]}, {"Node Type": "Index Only Scan", "Parent Relationship": "Inner", "Parallel Aware": false, "Async Capable": false, "Scan Direction": "Forward", "Index Name": "idx_votes_userid", "Relation Name": "votes", "Alias": "v", "Startup Cost": 0.42, "Total Cost": 0.6, "Plan Rows": 9, "Plan Width": 4, "Actual Rows": 298, "Actual Loops": 223996, "Index Cond": "(userid = b.userid)", "Rows Removed by Index Recheck": 0, "Heap Fetches": 0}]}]}, "Planning Time": 1.884, "Triggers": [], "Execution Time": 5769.793}, {"Plan": {"Node Type": "Aggregate", "Strategy": "Plain", "Partial Mode": "Simple", "Parallel Aware": false, "Async Capable": false, "Startup Cost": 21190.51, "Total Cost": 21190.52, "Plan Rows": 1, "Plan Width": 8, "Actual Rows": 1, "Actual Loops": 1, "Plans": [{"Node Type": "Merge Join", "Parent Relationship": "Outer", "Parallel Aware": false, "Async Capable": false, "Join Type": "Inner", "Startup Cost": 1020.05, "Total Cost": 21190.1, "Plan Rows": 28.0, "Plan Width": 0, "Actual Rows": 66754180, "Actual Loops": 1, "Inner Unique": false, "Merge Cond": "(u.id = b.userid)", "Plans": [{"Node Type": "Sort", "Parent Relationship": "Outer", "Parallel Aware": false, "Async Capable": false, "Startup Cost": 1017.54, "Total Cost": 1017.54, "Plan Rows": 1.0, "Plan Width": 8, "Actual Rows": 647, "Actual Loops": 1, "Sort Key": ["p.owneruserid"], "Sort Method": "quicksort", "Sort Space Used": 45, "Sort Space Type": "Memory", "Plans": [{"Node Type": "Nested Loop", "Parent Relationship": "Outer", "Parallel Aware": false, "Async Capable": false, "Join Type": "Inner", "Startup Cost": 0.29, "Total Cost": 1017.53, "Plan Rows": 1.0, "Plan Width": 8, "Actual Rows": 647, "Actual Loops": 1, "Inner Unique": false, "Plans": [{"Node Type": "Seq Scan", "Parent Relationship": "Outer", "Parallel Aware": false, "Async Capable": false, "Relation Name": "users", "Alias": "u", "Startup Cost": 0.0, "Total Cost": 1002.69, "Plan Rows": 1, "Plan Width": 4, "Actual Rows": 4, "Actual Loops": 1, "Filter": "((reputation >= 17070) AND (downvotes >= 135) AND (downvotes <= 1159))", "Rows Removed by Filter": 40321}, {"Node Type": "Index Scan", "Parent Relationship": "Inner", "Parallel Aware": false, "Async Capable": false, "Scan Direction": "Forward", "Index Name": "idx_posts_owneruserid", "Relation Name": "posts", "Alias": "p", "Startup Cost": 0.29, "Total Cost": 14.83, "Plan Rows": 1, "Plan Width": 4, "Actual Rows": 162, "Actual Loops": 4, "Index Cond": "(owneruserid = u.id)", "Rows Removed by Index Recheck": 0, "Filter": "((commentcount >= 5) AND (commentcount <= 38) AND (posttypeid = 2))", "Rows Removed by Filter": 750}]}]}, {"Node Type": "Materialize", "Parent Relationship": "Inner", "Parallel Aware": false, "Async Capable": false, "Startup Cost": 2.51, "Total Cost": 17790.81, "Plan Rows": 554629.0, "Plan Width": 8, "Actual Rows": 67084951, "Actual Loops": 1, "Plans": [{"Node Type": "Merge Join", "Parent Relationship": "Outer", "Parallel Aware": false, "Async Capable": false, "Join Type": "Inner", "Startup Cost": 2.51, "Total Cost": 15409.3, "Plan Rows": 554629.0, "Plan Width": 8, "Actual Rows": 668843, "Actual Loops": 1, "Inner Unique": false, "Merge Cond": "(b.userid = v.userid)", "Plans": [{"Node Type": "Index Only Scan", "Parent Relationship": "Outer", "Parallel Aware": false, "Async Capable": false, "Scan Direction": "Forward", "Index Name": "idx_badges_userid", "Relation Name": "badges", "Alias": "b", "Startup Cost": 0.29, "Total Cost": 1734.06, "Plan Rows": 79851, "Plan Width": 4, "Actual Rows": 19349, "Actual Loops": 1, "Heap Fetches": 0}, {"Node Type": "Materialize", "Parent Relationship": "Inner", "Parallel Aware": false, "Async Capable": false, "Startup Cost": 0.42, "Total Cost": 6995.43, "Plan Rows": 328064, "Plan Width": 4, "Actual Rows": 669071, "Actual Loops": 1, "Plans": [{"Node Type": "Index Only Scan", "Parent Relationship": "Outer", "Parallel Aware": false, "Async Capable": false, "Scan Direction": "Forward", "Index Name": "idx_votes_userid", "Relation Name": "votes", "Alias": "v", "Startup Cost": 0.42, "Total Cost": 6175.27, "Plan Rows": 328064, "Plan Width": 4, "Actual Rows": 10661, "Actual Loops": 1, "Heap Fetches": 0}]}]}]}]}]}, "Planning Time": 2.631, "Triggers": [], "Execution Time": 5065.177}, {"Plan": {"Node Type": "Aggregate", "Strategy": "Plain", "Partial Mode": "Simple", "Parallel Aware": false, "Async Capable": false, "Startup Cost": 3660.8, "Total Cost": 3660.81, "Plan Rows": 1, "Plan Width": 8, "Actual Rows": 1, "Actual Loops": 1, "Plans": [{"Node Type": "Hash Join", "Parent Relationship": "Outer", "Parallel Aware": false, "Async Capable": false, "Join Type": "Inner", "Startup Cost": 1008.78, "Total Cost": 3660.39, "Plan Rows": 28.0, "Plan Width": 0, "Actual Rows": 66754180, "Actual Loops": 1, "Inner Unique": false, "Hash Cond": "(p.owneruserid = u.id)", "Plans": [{"Node Type": "Seq Scan", "Parent Relationship": "Outer", "Parallel Aware": false, "Async Capable": false, "Relation Name": "posts", "Alias": "p", "Startup Cost": 0.0, "Total Cost": 2449.58, "Plan Rows": 6215, "Plan Width": 4, "Actual Rows": 5458, "Actual Loops": 1, "Filter": "((commentcount >= 5) AND (commentcount <= 38) AND (posttypeid = 2))", "Rows Removed by Filter": 86518}, {"Node Type": "Hash", "Parent Relationship": "Inner", "Parallel Aware": false, "Async Capable": false, "Startup Cost": 1008.48, "Total Cost": 1008.48, "Plan Rows": 516.0, "Plan Width": 12, "Actual Rows": 338072, "Actual Loops": 1, "Hash Buckets": 524288, "Original Hash Buckets": 1024, "Hash Batches": 1, "Original Hash Batches": 1, "Peak Memory Usage": 18623, "Plans": [{"Node Type": "Nested Loop", "Parent Relationship": "Outer", "Parallel Aware": false, "Async Capable": false, "Join Type": "Inner", "Startup Cost": 0.71, "Total Cost": 1008.48, "Plan Rows": 516.0, "Plan Width": 12, "Actual Rows": 338072, "Actual Loops": 1, "Inner Unique": false, "Join Filter": "(v.userid = u.id)", "Rows Removed by Join Filter": 0, "Plans": [{"Node Type": "Nested Loop", "Parent Relationship": "Outer", "Parallel Aware": false, "Async Capable": false, "Join Type": "Inner", "Startup Cost": 0.29, "Total Cost": 1007.06, "Plan Rows": 18.0, "Plan Width": 8, "Actual Rows": 1232, "Actual Loops": 1, "Inner Unique": false, "Plans": [{"Node Type": "Seq Scan", "Parent Relationship": "Outer", "Parallel Aware": false, "Async Capable": false, "Relation Name": "users", "Alias": "u", "Startup Cost": 0.0, "Total Cost": 1002.69, "Plan Rows": 1, "Plan Width": 4, "Actual Rows": 4, "Actual Loops": 1, "Filter": "((reputation >= 17070) AND (downvotes >= 135) AND (downvotes <= 1159))", "Rows Removed by Filter": 40321}, {"Node Type": "Index Only Scan", "Parent Relationship": "Inner", "Parallel Aware": false, "Async Capable": false, "Scan Direction": "Forward", "Index Name": "idx_badges_userid", "Relation Name": "badges", "Alias": "b", "Startup Cost": 0.29, "Total Cost": 4.35, "Plan Rows": 3, "Plan Width": 4, "Actual Rows": 308, "Actual Loops": 4, "Index Cond": "(userid = u.id)", "Rows Removed by Index Recheck": 0, "Heap Fetches": 0}]}, {"Node Type": "Index Only Scan", "Parent Relationship": "Inner", "Parallel Aware": false, "Async Capable": false, "Scan Direction": "Forward", "Index Name": "idx_votes_userid", "Relation Name": "votes", "Alias": "v", "Startup Cost": 0.42, "Total Cost": 0.6, "Plan Rows": 9, "Plan Width": 4, "Actual Rows": 274, "Actual Loops": 1232, "Index Cond": "(userid = b.userid)", "Rows Removed by Index Recheck": 0, "Heap Fetches": 0}]}]}]}]}, "Planning Time": 2.897, "Triggers": [], "Execution Time": 4292.957}, {"Plan": {"Node Type": "Aggregate", "Strategy": "Plain", "Partial Mode": "Finalize", "Parallel Aware": false, "Async Capable": false, "Startup Cost": 18890.14, "Total Cost": 18890.15, "Plan Rows": 1, "Plan Width": 8, "Actual Rows": 1, "Actual Loops": 1, "Plans": [{"Node Type": "Gather", "Parent Relationship": "Outer", "Parallel Aware": false, "Async Capable": false, "Startup Cost": 18889.92, "Total Cost": 18890.13, "Plan Rows": 2, "Plan Width": 8, "Actual Rows": 3, "Actual Loops": 1, "Workers Planned": 2, "Workers Launched": 2, "Single Copy": false, "Plans": [{"Node Type": "Aggregate", "Strategy": "Plain", "Partial Mode": "Partial", "Parent Relationship": "Outer", "Parallel Aware": false, "Async Capable": false, "Startup Cost": 17889.92, "Total Cost": 17889.93, "Plan Rows": 1, "Plan Width": 8, "Actual Rows": 1, "Actual Loops": 3, "Workers": [], "Plans": [{"Node Type": "Merge Join", "Parent Relationship": "Outer", "Parallel Aware": false, "Async Capable": false, "Join Type": "Inner", "Startup Cost": 3844.6, "Total Cost": 17889.75, "Plan Rows": 28.0, "Plan Width": 0, "Actual Rows": 22251393, "Actual Loops": 3, "Inner Unique": true, "Merge Cond": "(b.userid = u.id)", "Workers": [], "Plans": [{"Node Type": "Nested Loop", "Parent Relationship": "Outer", "Parallel Aware": false, "Async Capable": false, "Join Type": "Inner", "Startup Cost": 2841.9, "Total Cost": 9945.27, "Plan Rows": 25106.0, "Plan Width": 12, "Actual Rows": 23473109, "Actual Loops": 3, "Inner Unique": false, "Join Filter": "(p.owneruserid = b.userid)", "Rows Removed by Join Filter": 0, "Workers": [], "Plans": [{"Node Type": "Merge Join", "Parent Relationship": "Outer", "Parallel Aware": false, "Async Capable": false, "Join Type": "Inner", "Startup Cost": 2841.6, "Total Cost": 4409.95, "Plan Rows": 968.0, "Plan Width": 8, "Actual Rows": 82141, "Actual Loops": 3, "Inner Unique": false, "Merge Cond": "(v.userid = p.owneruserid)", "Workers": [], "Plans": [{"Node Type": "Index Only Scan", "Parent Relationship": "Outer", "Parallel Aware": true, "Async Capable": false, "Scan Direction": "Forward", "Index Name": "idx_votes_userid", "Relation Name": "votes", "Alias": "v", "Startup Cost": 0.42, "Total Cost": 4261.57, "Plan Rows": 136693, "Plan Width": 4, "Actual Rows": 3561, "Actual Loops": 3, "Heap Fetches": 0, "Workers": []}, {"Node Type": "Sort", "Parent Relationship": "Inner", "Parallel Aware": false, "Async Capable": false, "Startup Cost": 2841.17, "Total Cost": 2856.71, "Plan Rows": 6215, "Plan Width": 4, "Actual Rows": 84026, "Actual Loops": 3, "Sort Key": ["p.owneruserid"], "Sort Method": "quicksort", "Sort Space Used": 193, "Sort Space Type": "Memory", "Workers": [{"Worker Number": 0, "Sort Method": "quicksort", "Sort Space Used": 193, "Sort Space Type": "Memory"}, {"Worker Number": 1, "Sort Method": "quicksort", "Sort Space Used": 193, "Sort Space Type": "Memory"}], "Plans": [{"Node Type": "Seq Scan", "Parent Relationship": "Outer", "Parallel Aware": false, "Async Capable": false, "Relation Name": "posts", "Alias": "p", "Startup Cost": 0.0, "Total Cost": 2449.58, "Plan Rows": 6215, "Plan Width": 4, "Actual Rows": 5458, "Actual Loops": 3, "Filter": "((commentcount >= 5) AND (commentcount <= 38) AND (posttypeid = 2))", "Rows Removed by Filter": 86518, "Workers": []}]}]}, {"Node Type": "Memoize", "Parent Relationship": "Inner", "Parallel Aware": false, "Async Capable": false, "Startup Cost": 0.3, "Total Cost": 0.36, "Plan Rows": 3, "Plan Width": 4, "Actual Rows": 286, "Actual Loops": 246423, "Cache Key": "v.userid", "Cache Mode": "logical", "Cache Hits": 29405, "Cache Misses": 134, "Cache Evictions": 0, "Cache Overflows": 0, "Peak Memory Usage": 164, "Workers": [{"Worker Number": 0, "Cache Hits": 167693, "Cache Misses": 30, "Cache Evictions": 0, "Cache Overflows": 0, "Peak Memory Usage": 58}, {"Worker Number": 1, "Cache Hits": 49126, "Cache Misses": 35, "Cache Evictions": 0, "Cache Overflows": 0, "Peak Memory Usage": 70}], "Plans": [{"Node Type": "Index Only Scan", "Parent Relationship": "Outer", "Parallel Aware": false, "Async Capable": false, "Scan Direction": "Forward", "Index Name": "idx_badges_userid", "Relation Name": "badges", "Alias": "b", "Startup Cost": 0.29, "Total Cost": 0.35, "Plan Rows": 3, "Plan Width": 4, "Actual Rows": 40, "Actual Loops": 199, "Index Cond": "(userid = v.userid)", "Rows Removed by Index Recheck": 0, "Heap Fetches": 0, "Workers": []}]}]}, {"Node Type": "Sort", "Parent Relationship": "Inner", "Parallel Aware": false, "Async Capable": false, "Startup Cost": 1002.7, "Total Cost": 1002.7, "Plan Rows": 1, "Plan Width": 4, "Actual Rows": 4, "Actual Loops": 3, "Sort Key": ["u.id"], "Sort Method": "quicksort", "Sort Space Used": 25, "Sort Space Type": "Memory", "Workers": [{"Worker Number": 0, "Sort Method": "quicksort", "Sort Space Used": 25, "Sort Space Type": "Memory"}, {"Worker Number": 1, "Sort Method": "quicksort", "Sort Space Used": 25, "Sort Space Type": "Memory"}], "Plans": [{"Node Type": "Seq Scan", "Parent Relationship": "Outer", "Parallel Aware": false, "Async Capable": false, "Relation Name": "users", "Alias": "u", "Startup Cost": 0.0, "Total Cost": 1002.69, "Plan Rows": 1, "Plan Width": 4, "Actual Rows": 4, "Actual Loops": 3, "Filter": "((reputation >= 17070) AND (downvotes >= 135) AND (downvotes <= 1159))", "Rows Removed by Filter": 40321, "Workers": []}]}]}]}]}]}, "Planning Time": 6.476, "Triggers": [], "Execution Time": 5662.14}, {"Plan": {"Node Type": "Aggregate", "Strategy": "Plain", "Partial Mode": "Simple", "Parallel Aware": false, "Async Capable": false, "Startup Cost": 2841.71, "Total Cost": 2841.72, "Plan Rows": 1, "Plan Width": 8, "Actual Rows": 1, "Actual Loops": 1, "Plans": [{"Node Type": "Hash Join", "Parent Relationship": "Outer", "Parallel Aware": false, "Async Capable": false, "Join Type": "Inner", "Startup Cost": 1011.82, "Total Cost": 2841.3, "Plan Rows": 28.0, "Plan Width": 0, "Actual Rows": 66754180, "Actual Loops": 1, "Inner Unique": false, "Hash Cond": "(b.userid = u.id)", "Plans": [{"Node Type": "Seq Scan", "Parent Relationship": "Outer", "Parallel Aware": false, "Async Capable": false, "Relation Name": "badges", "Alias": "b", "Startup Cost": 0.0, "Total Cost": 1230.51, "Plan Rows": 79851, "Plan Width": 4, "Actual Rows": 79851, "Actual Loops": 1}, {"Node Type": "Hash", "Parent Relationship": "Inner", "Parallel Aware": false, "Async Capable": false, "Startup Cost": 1011.77, "Total Cost": 1011.77, "Plan Rows": 1.0, "Plan Width": 12, "Actual Rows": 204627, "Actual Loops": 1, "Hash Buckets": 262144, "Original Hash Buckets": 1024, "Hash Batches": 1, "Original Hash Batches": 1, "Peak Memory Usage": 10841, "Plans": [{"Node Type": "Nested Loop", "Parent Relationship": "Outer", "Parallel Aware": false, "Async Capable": false, "Join Type": "Inner", "Startup Cost": 0.71, "Total Cost": 1011.77, "Plan Rows": 1.0, "Plan Width": 12, "Actual Rows": 204627, "Actual Loops": 1, "Inner Unique": false, "Join Filter": "(p.owneruserid = u.id)", "Rows Removed by Join Filter": 0, "Plans": [{"Node Type": "Nested Loop", "Parent Relationship": "Outer", "Parallel Aware": false, "Async Capable": false, "Join Type": "Inner", "Startup Cost": 0.42, "Total Cost": 1011.36, "Plan Rows": 20.0, "Plan Width": 8, "Actual Rows": 1087, "Actual Loops": 1, "Inner Unique": false, "Plans": [{"Node Type": "Seq Scan", "Parent Relationship": "Outer", "Parallel Aware": false, "Async Capable": false, "Relation Name": "users", "Alias": "u", "Startup Cost": 0.0, "Total Cost": 1002.69, "Plan Rows": 1, "Plan Width": 4, "Actual Rows": 4, "Actual Loops": 1, "Filter": "((reputation >= 17070) AND (downvotes >= 135) AND (downvotes <= 1159))", "Rows Removed by Filter": 40321}, {"Node Type": "Index Only Scan", "Parent Relationship": "Inner", "Parallel Aware": false, "Async Capable": false, "Scan Direction": "Forward", "Index Name": "idx_votes_userid", "Relation Name": "votes", "Alias": "v", "Startup Cost": 0.42, "Total Cost": 8.58, "Plan Rows": 9, "Plan Width": 4, "Actual Rows": 272, "Actual Loops": 4, "Index Cond": "(userid = u.id)", "Rows Removed by Index Recheck": 0, "Heap Fetches": 0}]}, {"Node Type": "Index Scan", "Parent Relationship": "Inner", "Parallel Aware": false, "Async Capable": false, "Scan Direction": "Forward", "Index Name": "idx_posts_owneruserid", "Relation Name": "posts", "Alias": "p", "Startup Cost": 0.29, "Total Cost": 0.4, "Plan Rows": 1, "Plan Width": 4, "Actual Rows": 188, "Actual Loops": 1087, "Index Cond": "(owneruserid = v.userid)", "Rows Removed by Index Recheck": 0, "Filter": "((commentcount >= 5) AND (commentcount <= 38) AND (posttypeid = 2))", "Rows Removed by Filter": 920}]}]}]}]}, "Planning Time": 3.009, "Triggers": [], "Execution Time": 4491.594}, {"Plan": {"Node Type": "Aggregate", "Strategy": "Plain", "Partial Mode": "Simple", "Parallel Aware": false, "Async Capable": false, "Startup Cost": 1018.9, "Total Cost": 1018.91, "Plan Rows": 1, "Plan Width": 8, "Plans": [{"Node Type": "Nested Loop", "Parent Relationship": "Outer", "Parallel Aware": false, "Async Capable": false, "Join Type": "Inner", "Startup Cost": 1.01, "Total Cost": 1018.48, "Plan Rows": 28.0, "Plan Width": 0, "Inner Unique": false, "Join Filter": "(p.owneruserid = u.id)", "Plans": [{"Node Type": "Nested Loop", "Parent Relationship": "Outer", "Parallel Aware": false, "Async Capable": false, "Join Type": "Inner", "Startup Cost": 0.71, "Total Cost": 1008.48, "Plan Rows": 516.0, "Plan Width": 12, "Inner Unique": false, "Join Filter": "(v.userid = u.id)", "Plans": [{"Node Type": "Nested Loop", "Parent Relationship": "Outer", "Parallel Aware": false, "Async Capable": false, "Join Type": "Inner", "Startup Cost": 0.29, "Total Cost": 1007.06, "Plan Rows": 18.0, "Plan Width": 8, "Inner Unique": false, "Plans": [{"Node Type": "Seq Scan", "Parent Relationship": "Outer", "Parallel Aware": false, "Async Capable": false, "Relation Name": "users", "Alias": "u", "Startup Cost": 0.0, "Total Cost": 1002.69, "Plan Rows": 1, "Plan Width": 4, "Filter": "((reputation >= 17070) AND (downvotes >= 135) AND (downvotes <= 1159))"}, {"Node Type": "Index Only Scan", "Parent Relationship": "Inner", "Parallel Aware": false, "Async Capable": false, "Scan Direction": "Forward", "Index Name": "idx_badges_userid", "Relation Name": "badges", "Alias": "b", "Startup Cost": 0.29, "Total Cost": 4.35, "Plan Rows": 3, "Plan Width": 4, "Index Cond": "(userid = u.id)"}]}, {"Node Type": "Index Only Scan", "Parent Relationship": "Inner", "Parallel Aware": false, "Async Capable": false, "Scan Direction": "Forward", "Index Name": "idx_votes_userid", "Relation Name": "votes", "Alias": "v", "Startup Cost": 0.42, "Total Cost": 0.6, "Plan Rows": 9, "Plan Width": 4, "Index Cond": "(userid = b.userid)"}]}, {"Node Type": "Index Scan", "Parent Relationship": "Inner", "Parallel Aware": false, "Async Capable": false, "Scan Direction": "Forward", "Index Name": "idx_posts_owneruserid", "Relation Name": "posts", "Alias": "p", "Startup Cost": 0.29, "Total Cost": 0.4, "Plan Rows": 1, "Plan Width": 4, "Index Cond": "(owneruserid = v.userid)", "Filter": "((commentcount >= 5) AND (commentcount <= 38) AND (posttypeid = 2))"}]}]}, "Timeout Time": 23079.172}, {"Plan": {"Node Type": "Aggregate", "Strategy": "Plain", "Partial Mode": "Simple", "Parallel Aware": false, "Async Capable": false, "Startup Cost": 7986.38, "Total Cost": 7986.39, "Plan Rows": 1, "Plan Width": 8, "Actual Rows": 1, "Actual Loops": 1, "Plans": [{"Node Type": "Merge Join", "Parent Relationship": "Outer", "Parallel Aware": false, "Async Capable": false, "Join Type": "Inner", "Startup Cost": 3848.67, "Total Cost": 7985.97, "Plan Rows": 28.0, "Plan Width": 0, "Actual Rows": 66754180, "Actual Loops": 1, "Inner Unique": false, "Merge Cond": "(u.id = p.owneruserid)", "Plans": [{"Node Type": "Sort", "Parent Relationship": "Outer", "Parallel Aware": false, "Async Capable": false, "Startup Cost": 1007.07, "Total Cost": 1007.08, "Plan Rows": 18.0, "Plan Width": 8, "Actual Rows": 1232, "Actual Loops": 1, "Sort Key": ["b.userid"], "Sort Method": "quicksort", "Sort Space Used": 87, "Sort Space Type": "Memory", "Plans": [{"Node Type": "Nested Loop", "Parent Relationship": "Outer", "Parallel Aware": false, "Async Capable": false, "Join Type": "Inner", "Startup Cost": 0.29, "Total Cost": 1007.06, "Plan Rows": 18.0, "Plan Width": 8, "Actual Rows": 1232, "Actual Loops": 1, "Inner Unique": false, "Plans": [{"Node Type": "Seq Scan", "Parent Relationship": "Outer", "Parallel Aware": false, "Async Capable": false, "Relation Name": "users", "Alias": "u", "Startup Cost": 0.0, "Total Cost": 1002.69, "Plan Rows": 1, "Plan Width": 4, "Actual Rows": 4, "Actual Loops": 1, "Filter": "((reputation >= 17070) AND (downvotes >= 135) AND (downvotes <= 1159))", "Rows Removed by Filter": 40321}, {"Node Type": "Index Only Scan", "Parent Relationship": "Inner", "Parallel Aware": false, "Async Capable": false, "Scan Direction": "Forward", "Index Name": "idx_badges_userid", "Relation Name": "badges", "Alias": "b", "Startup Cost": 0.29, "Total Cost": 4.35, "Plan Rows": 3, "Plan Width": 4, "Actual Rows": 308, "Actual Loops": 4, "Index Cond": "(userid = u.id)", "Rows Removed by Index Recheck": 0, "Heap Fetches": 0}]}]}, {"Node Type": "Materialize", "Parent Relationship": "Inner", "Parallel Aware": false, "Async Capable": false, "Startup Cost": 2841.6, "Total Cost": 6609.75, "Plan Rows": 968.0, "Plan Width": 8, "Actual Rows": 66795974, "Actual Loops": 1, "Plans": [{"Node Type": "Merge Join", "Parent Relationship": "Outer", "Parallel Aware": false, "Async Capable": false, "Join Type": "Inner", "Startup Cost": 2841.6, "Total Cost": 6177.12, "Plan Rows": 968.0, "Plan Width": 8, "Actual Rows": 246421, "Actual Loops": 1, "Inner Unique": false, "Merge Cond": "(v.userid = p.owneruserid)", "Plans": [{"Node Type": "Index Only Scan", "Parent Relationship": "Outer", "Parallel Aware": false, "Async Capable": false, "Scan Direction": "Forward", "Index Name": "idx_votes_userid", "Relation Name": "votes", "Alias": "v", "Startup Cost": 0.42, "Total Cost": 6175.27, "Plan Rows": 328064, "Plan Width": 4, "Actual Rows": 10661, "Actual Loops": 1, "Heap Fetches": 0}, {"Node Type": "Sort", "Parent Relationship": "Inner", "Parallel Aware": false, "Async Capable": false, "Startup Cost": 2841.17, "Total Cost": 2856.71, "Plan Rows": 6215, "Plan Width": 4, "Actual Rows": 246788, "Actual Loops": 1, "Sort Key": ["p.owneruserid"], "Sort Method": "quicksort", "Sort Space Used": 193, "Sort Space Type": "Memory", "Plans": [{"Node Type": "Seq Scan", "Parent Relationship": "Outer", "Parallel Aware": false, "Async Capable": false, "Relation Name": "posts", "Alias": "p", "Startup Cost": 0.0, "Total Cost": 2449.58, "Plan Rows": 6215, "Plan Width": 4, "Actual Rows": 5458, "Actual Loops": 1, "Filter": "((commentcount >= 5) AND (commentcount <= 38) AND (posttypeid = 2))", "Rows Removed by Filter": 86518}]}]}]}]}]}, "Planning Time": 2.75, "Triggers": [], "Execution Time": 4983.816}, {"Plan": {"Node Type": "Aggregate", "Strategy": "Plain", "Partial Mode": "Simple", "Parallel Aware": false, "Async Capable": false, "Startup Cost": 7075.53, "Total Cost": 7075.54, "Plan Rows": 1, "Plan Width": 8, "Actual Rows": 1, "Actual Loops": 1, "Plans": [{"Node Type": "Hash Join", "Parent Relationship": "Outer", "Parallel Aware": false, "Async Capable": false, "Join Type": "Inner", "Startup Cost": 1011.67, "Total Cost": 7075.11, "Plan Rows": 28.0, "Plan Width": 0, "Actual Rows": 66754180, "Actual Loops": 1, "Inner Unique": false, "Hash Cond": "(b.userid = u.id)", "Plans": [{"Node Type": "Nested Loop", "Parent Relationship": "Outer", "Parallel Aware": false, "Async Capable": false, "Join Type": "Inner", "Startup Cost": 0.3, "Total Cost": 5166.27, "Plan Rows": 1324.0, "Plan Width": 8, "Actual Rows": 482115, "Actual Loops": 1, "Inner Unique": false, "Plans": [{"Node Type": "Seq Scan", "Parent Relationship": "Outer", "Parallel Aware": false, "Async Capable": false, "Relation Name": "posts", "Alias": "p", "Startup Cost": 0.0, "Total Cost": 2449.58, "Plan Rows": 6215, "Plan Width": 4, "Actual Rows": 5458, "Actual Loops": 1, "Filter": "((commentcount >= 5) AND (commentcount <= 38) AND (posttypeid = 2))", "Rows Removed by Filter": 86518}, {"Node Type": "Memoize", "Parent Relationship": "Inner", "Parallel Aware": false, "Async Capable": false, "Startup Cost": 0.3, "Total Cost": 0.44, "Plan Rows": 3, "Plan Width": 4, "Actual Rows": 88, "Actual Loops": 5458, "Cache Key": "p.owneruserid", "Cache Mode": "logical", "Cache Hits": 4379, "Cache Misses": 1079, "Cache Evictions": 0, "Cache Overflows": 0, "Peak Memory Usage": 730, "Plans": [{"Node Type": "Index Only Scan", "Parent Relationship": "Outer", "Parallel Aware": false, "Async Capable": false, "Scan Direction": "Forward", "Index Name": "idx_badges_userid", "Relation Name": "badges", "Alias": "b", "Startup Cost": 0.29, "Total Cost": 0.43, "Plan Rows": 3, "Plan Width": 4, "Actual Rows": 17, "Actual Loops": 1079, "Index Cond": "(userid = p.owneruserid)", "Rows Removed by Index Recheck": 0, "Heap Fetches": 0}]}]}, {"Node Type": "Hash", "Parent Relationship": "Inner", "Parallel Aware": false, "Async Capable": false, "Startup Cost": 1011.36, "Total Cost": 1011.36, "Plan Rows": 20.0, "Plan Width": 8, "Actual Rows": 1087, "Actual Loops": 1, "Hash Buckets": 2048, "Original Hash Buckets": 1024, "Hash Batches": 1, "Original Hash Batches": 1, "Peak Memory Usage": 59, "Plans": [{"Node Type": "Nested Loop", "Parent Relationship": "Outer", "Parallel Aware": false, "Async Capable": false, "Join Type": "Inner", "Startup Cost": 0.42, "Total Cost": 1011.36, "Plan Rows": 20.0, "Plan Width": 8, "Actual Rows": 1087, "Actual Loops": 1, "Inner Unique": false, "Plans": [{"Node Type": "Seq Scan", "Parent Relationship": "Outer", "Parallel Aware": false, "Async Capable": false, "Relation Name": "users", "Alias": "u", "Startup Cost": 0.0, "Total Cost": 1002.69, "Plan Rows": 1, "Plan Width": 4, "Actual Rows": 4, "Actual Loops": 1, "Filter": "((reputation >= 17070) AND (downvotes >= 135) AND (downvotes <= 1159))", "Rows Removed by Filter": 40321}, {"Node Type": "Index Only Scan", "Parent Relationship": "Inner", "Parallel Aware": false, "Async Capable": false, "Scan Direction": "Forward", "Index Name": "idx_votes_userid", "Relation Name": "votes", "Alias": "v", "Startup Cost": 0.42, "Total Cost": 8.58, "Plan Rows": 9, "Plan Width": 4, "Actual Rows": 272, "Actual Loops": 4, "Index Cond": "(userid = u.id)", "Rows Removed by Index Recheck": 0, "Heap Fetches": 0}]}]}]}]}, "Planning Time": 2.576, "Triggers": [], "Execution Time": 3850.075}, {"Plan": {"Node Type": "Aggregate", "Strategy": "Plain", "Partial Mode": "Simple", "Parallel Aware": false, "Async Capable": false, "Startup Cost": 1748.71, "Total Cost": 1748.72, "Plan Rows": 1, "Plan Width": 8, "Actual Rows": 1, "Actual Loops": 1, "Plans": [{"Node Type": "Merge Join", "Parent Relationship": "Outer", "Parallel Aware": false, "Async Capable": false, "Join Type": "Inner", "Startup Cost": 1008.47, "Total Cost": 1748.3, "Plan Rows": 28.0, "Plan Width": 0, "Actual Rows": 66754180, "Actual Loops": 1, "Inner Unique": false, "Merge Cond": "(v.userid = u.id)", "Plans": [{"Node Type": "Index Only Scan", "Parent Relationship": "Outer", "Parallel Aware": false, "Async Capable": false, "Scan Direction": "Forward", "Index Name": "idx_votes_userid", "Relation Name": "votes", "Alias": "v", "Startup Cost": 0.42, "Total Cost": 6175.27, "Plan Rows": 328064, "Plan Width": 4, "Actual Rows": 10661, "Actual Loops": 1, "Heap Fetches": 0}, {"Node Type": "Sort", "Parent Relationship": "Inner", "Parallel Aware": false, "Async Capable": false, "Startup Cost": 1008.05, "Total Cost": 1008.06, "Plan Rows": 1.0, "Plan Width": 12, "Actual Rows": 66754153, "Actual Loops": 1, "Sort Key": ["p.owneruserid"], "Sort Method": "quicksort", "Sort Space Used": 14894, "Sort Space Type": "Memory", "Plans": [{"Node Type": "Nested Loop", "Parent Relationship": "Outer", "Parallel Aware": false, "Async Capable": false, "Join Type": "Inner", "Startup Cost": 0.58, "Total Cost": 1007.97, "Plan Rows": 1.0, "Plan Width": 12, "Actual Rows": 223996, "Actual Loops": 1, "Inner Unique": false, "Join Filter": "(p.owneruserid = u.id)", "Rows Removed by Join Filter": 0, "Plans": [{"Node Type": "Nested Loop", "Parent Relationship": "Outer", "Parallel Aware": false, "Async Capable": false, "Join Type": "Inner", "Startup Cost": 0.29, "Total Cost": 1007.06, "Plan Rows": 18.0, "Plan Width": 8, "Actual Rows": 1232, "Actual Loops": 1, "Inner Unique": false, "Plans": [{"Node Type": "Seq Scan", "Parent Relationship": "Outer", "Parallel Aware": false, "Async Capable": false, "Relation Name": "users", "Alias": "u", "Startup Cost": 0.0, "Total Cost": 1002.69, "Plan Rows": 1, "Plan Width": 4, "Actual Rows": 4, "Actual Loops": 1, "Filter": "((reputation >= 17070) AND (downvotes >= 135) AND (downvotes <= 1159))", "Rows Removed by Filter": 40321}, {"Node Type": "Index Only Scan", "Parent Relationship": "Inner", "Parallel Aware": false, "Async Capable": false, "Scan Direction": "Forward", "Index Name": "idx_badges_userid", "Relation Name": "badges", "Alias": "b", "Startup Cost": 0.29, "Total Cost": 4.35, "Plan Rows": 3, "Plan Width": 4, "Actual Rows": 308, "Actual Loops": 4, "Index Cond": "(userid = u.id)", "Rows Removed by Index Recheck": 0, "Heap Fetches": 0}]}, {"Node Type": "Index Scan", "Parent Relationship": "Inner", "Parallel Aware": false, "Async Capable": false, "Scan Direction": "Forward", "Index Name": "idx_posts_owneruserid", "Relation Name": "posts", "Alias": "p", "Startup Cost": 0.29, "Total Cost": 0.44, "Plan Rows": 1, "Plan Width": 4, "Actual Rows": 182, "Actual Loops": 1232, "Index Cond": "(owneruserid = b.userid)", "Rows Removed by Index Recheck": 0, "Filter": "((commentcount >= 5) AND (commentcount <= 38) AND (posttypeid = 2))", "Rows Removed by Filter": 851}]}]}]}]}, "Planning Time": 2.826, "Triggers": [], "Execution Time": 5346.152}, {"Plan": {"Node Type": "Aggregate", "Strategy": "Plain", "Partial Mode": "Simple", "Parallel Aware": false, "Async Capable": false, "Startup Cost": 1745.25, "Total Cost": 1745.26, "Plan Rows": 1, "Plan Width": 8, "Actual Rows": 1, "Actual Loops": 1, "Plans": [{"Node Type": "Nested Loop", "Parent Relationship": "Outer", "Parallel Aware": false, "Async Capable": false, "Join Type": "Inner", "Startup Cost": 1003.71, "Total Cost": 1744.84, "Plan Rows": 28.0, "Plan Width": 0, "Actual Rows": 66754180, "Actual Loops": 1, "Inner Unique": false, "Join Filter": "(b.userid = u.id)", "Rows Removed by Join Filter": 0, "Plans": [{"Node Type": "Nested Loop", "Parent Relationship": "Outer", "Parallel Aware": false, "Async Capable": false, "Join Type": "Inner", "Startup Cost": 1003.41, "Total Cost": 1743.3, "Plan Rows": 1.0, "Plan Width": 12, "Actual Rows": 204627, "Actual Loops": 1, "Inner Unique": false, "Join Filter": "(p.owneruserid = u.id)", "Rows Removed by Join Filter": 0, "Plans": [{"Node Type": "Merge Join", "Parent Relationship": "Outer", "Parallel Aware": false, "Async Capable": false, "Join Type": "Inner", "Startup Cost": 1003.12, "Total Cost": 1742.89, "Plan Rows": 20.0, "Plan Width": 8, "Actual Rows": 1087, "Actual Loops": 1, "Inner Unique": true, "Merge Cond": "(v.userid = u.id)", "Plans": [{"Node Type": "Index Only Scan", "Parent Relationship": "Outer", "Parallel Aware": false, "Async Capable": false, "Scan Direction": "Forward", "Index Name": "idx_votes_userid", "Relation Name": "votes", "Alias": "v", "Startup Cost": 0.42, "Total Cost": 6175.27, "Plan Rows": 328064, "Plan Width": 4, "Actual Rows": 10661, "Actual Loops": 1, "Heap Fetches": 0}, {"Node Type": "Sort", "Parent Relationship": "Inner", "Parallel Aware": false, "Async Capable": false, "Startup Cost": 1002.7, "Total Cost": 1002.7, "Plan Rows": 1, "Plan Width": 4, "Actual Rows": 4, "Actual Loops": 1, "Sort Key": ["u.id"], "Sort Method": "quicksort", "Sort Space Used": 25, "Sort Space Type": "Memory", "Plans": [{"Node Type": "Seq Scan", "Parent Relationship": "Outer", "Parallel Aware": false, "Async Capable": false, "Relation Name": "users", "Alias": "u", "Startup Cost": 0.0, "Total Cost": 1002.69, "Plan Rows": 1, "Plan Width": 4, "Actual Rows": 4, "Actual Loops": 1, "Filter": "((reputation >= 17070) AND (downvotes >= 135) AND (downvotes <= 1159))", "Rows Removed by Filter": 40321}]}]}, {"Node Type": "Index Scan", "Parent Relationship": "Inner", "Parallel Aware": false, "Async Capable": false, "Scan Direction": "Forward", "Index Name": "idx_posts_owneruserid", "Relation Name": "posts", "Alias": "p", "Startup Cost": 0.29, "Total Cost": 0.4, "Plan Rows": 1, "Plan Width": 4, "Actual Rows": 188, "Actual Loops": 1087, "Index Cond": "(owneruserid = v.userid)", "Rows Removed by Index Recheck": 0, "Filter": "((commentcount >= 5) AND (commentcount <= 38) AND (posttypeid = 2))", "Rows Removed by Filter": 920}]}, {"Node Type": "Index Only Scan", "Parent Relationship": "Inner", "Parallel Aware": false, "Async Capable": false, "Scan Direction": "Forward", "Index Name": "idx_badges_userid", "Relation Name": "badges", "Alias": "b", "Startup Cost": 0.29, "Total Cost": 0.35, "Plan Rows": 3, "Plan Width": 4, "Actual Rows": 326, "Actual Loops": 204627, "Index Cond": "(userid = v.userid)", "Rows Removed by Index Recheck": 0, "Heap Fetches": 0}]}]}, "Planning Time": 2.541, "Triggers": [], "Execution Time": 5626.573}, {"Plan": {"Node Type": "Aggregate", "Strategy": "Plain", "Partial Mode": "Finalize", "Parallel Aware": false, "Async Capable": false, "Startup Cost": 6571.27, "Total Cost": 6571.28, "Plan Rows": 1, "Plan Width": 8, "Actual Rows": 1, "Actual Loops": 1, "Plans": [{"Node Type": "Gather", "Parent Relationship": "Outer", "Parallel Aware": false, "Async Capable": false, "Startup Cost": 6571.06, "Total Cost": 6571.27, "Plan Rows": 2, "Plan Width": 8, "Actual Rows": 3, "Actual Loops": 1, "Workers Planned": 2, "Workers Launched": 2, "Single Copy": false, "Plans": [{"Node Type": "Aggregate", "Strategy": "Plain", "Partial Mode": "Partial", "Parent Relationship": "Outer", "Parallel Aware": false, "Async Capable": false, "Startup Cost": 5571.06, "Total Cost": 5571.07, "Plan Rows": 1, "Plan Width": 8, "Actual Rows": 1, "Actual Loops": 3, "Workers": [], "Plans": [{"Node Type": "Merge Join", "Parent Relationship": "Outer", "Parallel Aware": false, "Async Capable": false, "Join Type": "Inner", "Startup Cost": 3848.67, "Total Cost": 5570.89, "Plan Rows": 28.0, "Plan Width": 0, "Actual Rows": 22251393, "Actual Loops": 3, "Inner Unique": false, "Merge Cond": "(p.owneruserid = u.id)", "Workers": [], "Plans": [{"Node Type": "Merge Join", "Parent Relationship": "Outer", "Parallel Aware": false, "Async Capable": false, "Join Type": "Inner", "Startup Cost": 2841.6, "Total Cost": 4409.95, "Plan Rows": 968.0, "Plan Width": 8, "Actual Rows": 82141, "Actual Loops": 3, "Inner Unique": false, "Merge Cond": "(v.userid = p.owneruserid)", "Workers": [], "Plans": [{"Node Type": "Index Only Scan", "Parent Relationship": "Outer", "Parallel Aware": true, "Async Capable": false, "Scan Direction": "Forward", "Index Name": "idx_votes_userid", "Relation Name": "votes", "Alias": "v", "Startup Cost": 0.42, "Total Cost": 4261.57, "Plan Rows": 136693, "Plan Width": 4, "Actual Rows": 3561, "Actual Loops": 3, "Heap Fetches": 0, "Workers": []}, {"Node Type": "Sort", "Parent Relationship": "Inner", "Parallel Aware": false, "Async Capable": false, "Startup Cost": 2841.17, "Total Cost": 2856.71, "Plan Rows": 6215, "Plan Width": 4, "Actual Rows": 84026, "Actual Loops": 3, "Sort Key": ["p.owneruserid"], "Sort Method": "quicksort", "Sort Space Used": 193, "Sort Space Type": "Memory", "Workers": [{"Worker Number": 0, "Sort Method": "quicksort", "Sort Space Used": 193, "Sort Space Type": "Memory"}, {"Worker Number": 1, "Sort Method": "quicksort", "Sort Space Used": 193, "Sort Space Type": "Memory"}], "Plans": [{"Node Type": "Seq Scan", "Parent Relationship": "Outer", "Parallel Aware": false, "Async Capable": false, "Relation Name": "posts", "Alias": "p", "Startup Cost": 0.0, "Total Cost": 2449.58, "Plan Rows": 6215, "Plan Width": 4, "Actual Rows": 5458, "Actual Loops": 3, "Filter": "((commentcount >= 5) AND (commentcount <= 38) AND (posttypeid = 2))", "Rows Removed by Filter": 86518, "Workers": []}]}]}, {"Node Type": "Sort", "Parent Relationship": "Inner", "Parallel Aware": false, "Async Capable": false, "Startup Cost": 1007.07, "Total Cost": 1007.08, "Plan Rows": 18.0, "Plan Width": 8, "Actual Rows": 22251580, "Actual Loops": 3, "Sort Key": ["b.userid"], "Sort Method": "quicksort", "Sort Space Used": 87, "Sort Space Type": "Memory", "Workers": [{"Worker Number": 0, "Sort Method": "quicksort", "Sort Space Used": 87, "Sort Space Type": "Memory"}, {"Worker Number": 1, "Sort Method": "quicksort", "Sort Space Used": 87, "Sort Space Type": "Memory"}], "Plans": [{"Node Type": "Nested Loop", "Parent Relationship": "Outer", "Parallel Aware": false, "Async Capable": false, "Join Type": "Inner", "Startup Cost": 0.29, "Total Cost": 1007.06, "Plan Rows": 18.0, "Plan Width": 8, "Actual Rows": 1232, "Actual Loops": 3, "Inner Unique": false, "Workers": [], "Plans": [{"Node Type": "Seq Scan", "Parent Relationship": "Outer", "Parallel Aware": false, "Async Capable": false, "Relation Name": "users", "Alias": "u", "Startup Cost": 0.0, "Total Cost": 1002.69, "Plan Rows": 1, "Plan Width": 4, "Actual Rows": 4, "Actual Loops": 3, "Filter": "((reputation >= 17070) AND (downvotes >= 135) AND (downvotes <= 1159))", "Rows Removed by Filter": 40321, "Workers": []}, {"Node Type": "Index Only Scan", "Parent Relationship": "Inner", "Parallel Aware": false, "Async Capable": false, "Scan Direction": "Forward", "Index Name": "idx_badges_userid", "Relation Name": "badges", "Alias": "b", "Startup Cost": 0.29, "Total Cost": 4.35, "Plan Rows": 3, "Plan Width": 4, "Actual Rows": 308, "Actual Loops": 12, "Index Cond": "(userid = u.id)", "Rows Removed by Index Recheck": 0, "Heap Fetches": 0, "Workers": []}]}]}]}]}]}]}, "Planning Time": 2.046, "Triggers": [], "Execution Time": 3763.277}, {"Plan": {"Node Type": "Aggregate", "Strategy": "Plain", "Partial Mode": "Simple", "Parallel Aware": false, "Async Capable": false, "Startup Cost": 9169.43, "Total Cost": 9169.44, "Plan Rows": 1, "Plan Width": 8, "Plans": [{"Node Type": "Nested Loop", "Parent Relationship": "Outer", "Parallel Aware": false, "Async Capable": false, "Join Type": "Inner", "Startup Cost": 0.72, "Total Cost": 9169.01, "Plan Rows": 28.0, "Plan Width": 0, "Inner Unique": false, "Join Filter": "(b.userid = u.id)", "Plans": [{"Node Type": "Nested Loop", "Parent Relationship": "Outer", "Parallel Aware": false, "Async Capable": false, "Join Type": "Inner", "Startup Cost": 0.42, "Total Cost": 1011.36, "Plan Rows": 20.0, "Plan Width": 8, "Inner Unique": false, "Plans": [{"Node Type": "Seq Scan", "Parent Relationship": "Outer", "Parallel Aware": false, "Async Capable": false, "Relation Name": "users", "Alias": "u", "Startup Cost": 0.0, "Total Cost": 1002.69, "Plan Rows": 1, "Plan Width": 4, "Filter": "((reputation >= 17070) AND (downvotes >= 135) AND (downvotes <= 1159))"}, {"Node Type": "Index Only Scan", "Parent Relationship": "Inner", "Parallel Aware": false, "Async Capable": false, "Scan Direction": "Forward", "Index Name": "idx_votes_userid", "Relation Name": "votes", "Alias": "v", "Startup Cost": 0.42, "Total Cost": 8.58, "Plan Rows": 9, "Plan Width": 4, "Index Cond": "(userid = u.id)"}]}, {"Node Type": "Nested Loop", "Parent Relationship": "Inner", "Parallel Aware": false, "Async Capable": false, "Join Type": "Inner", "Startup Cost": 0.3, "Total Cost": 5166.27, "Plan Rows": 1324.0, "Plan Width": 8, "Inner Unique": false, "Plans": [{"Node Type": "Seq Scan", "Parent Relationship": "Outer", "Parallel Aware": false, "Async Capable": false, "Relation Name": "posts", "Alias": "p", "Startup Cost": 0.0, "Total Cost": 2449.58, "Plan Rows": 6215, "Plan Width": 4, "Filter": "((commentcount >= 5) AND (commentcount <= 38) AND (posttypeid = 2))"}, {"Node Type": "Memoize", "Parent Relationship": "Inner", "Parallel Aware": false, "Async Capable": false, "Startup Cost": 0.3, "Total Cost": 0.44, "Plan Rows": 3, "Plan Width": 4, "Cache Key": "p.owneruserid", "Cache Mode": "logical", "Plans": [{"Node Type": "Index Only Scan", "Parent Relationship": "Outer", "Parallel Aware": false, "Async Capable": false, "Scan Direction": "Forward", "Index Name": "idx_badges_userid", "Relation Name": "badges", "Alias": "b", "Startup Cost": 0.29, "Total Cost": 0.43, "Plan Rows": 3, "Plan Width": 4, "Index Cond": "(userid = p.owneruserid)"}]}]}]}]}, "Timeout Time": 23079.172}, {"Plan": {"Node Type": "Aggregate", "Strategy": "Plain", "Partial Mode": "Finalize", "Parallel Aware": false, "Async Capable": false, "Startup Cost": 12533.55, "Total Cost": 12533.56, "Plan Rows": 1, "Plan Width": 8, "Actual Rows": 1, "Actual Loops": 1, "Plans": [{"Node Type": "Gather", "Parent Relationship": "Outer", "Parallel Aware": false, "Async Capable": false, "Startup Cost": 12533.44, "Total Cost": 12533.55, "Plan Rows": 1, "Plan Width": 8, "Actual Rows": 2, "Actual Loops": 1, "Workers Planned": 1, "Workers Launched": 1, "Single Copy": false, "Plans": [{"Node Type": "Aggregate", "Strategy": "Plain", "Partial Mode": "Partial", "Parent Relationship": "Outer", "Parallel Aware": false, "Async Capable": false, "Startup Cost": 11533.44, "Total Cost": 11533.45, "Plan Rows": 1, "Plan Width": 8, "Actual Rows": 1, "Actual Loops": 2, "Workers": [], "Plans": [{"Node Type": "Merge Join", "Parent Relationship": "Outer", "Parallel Aware": false, "Async Capable": false, "Join Type": "Inner", "Startup Cost": 1019.28, "Total Cost": 11533.19, "Plan Rows": 28.0, "Plan Width": 0, "Actual Rows": 33377090, "Actual Loops": 2, "Inner Unique": false, "Merge Cond": "(b.userid = u.id)", "Workers": [], "Plans": [{"Node Type": "Merge Join", "Parent Relationship": "Outer", "Parallel Aware": false, "Async Capable": false, "Join Type": "Inner", "Startup Cost": 1.74, "Total Cost": 9114.55, "Plan Rows": 554629.0, "Plan Width": 8, "Actual Rows": 334422, "Actual Loops": 2, "Inner Unique": false, "Merge Cond": "(b.userid = v.userid)", "Workers": [], "Plans": [{"Node Type": "Index Only Scan", "Parent Relationship": "Outer", "Parallel Aware": true, "Async Capable": false, "Scan Direction": "Forward", "Index Name": "idx_badges_userid", "Relation Name": "badges", "Alias": "b", "Startup Cost": 0.29, "Total Cost": 1405.26, "Plan Rows": 46971, "Plan Width": 4, "Actual Rows": 9682, "Actual Loops": 2, "Heap Fetches": 0, "Workers": []}, {"Node Type": "Materialize", "Parent Relationship": "Inner", "Parallel Aware": false, "Async Capable": false, "Startup Cost": 0.42, "Total Cost": 6995.43, "Plan Rows": 328064, "Plan Width": 4, "Actual Rows": 340148, "Actual Loops": 2, "Workers": [], "Plans": [{"Node Type": "Index Only Scan", "Parent Relationship": "Outer", "Parallel Aware": false, "Async Capable": false, "Scan Direction": "Forward", "Index Name": "idx_votes_userid", "Relation Name": "votes", "Alias": "v", "Startup Cost": 0.42, "Total Cost": 6175.27, "Plan Rows": 328064, "Plan Width": 4, "Actual Rows": 10943, "Actual Loops": 2, "Heap Fetches": 0, "Workers": []}]}]}, {"Node Type": "Materialize", "Parent Relationship": "Inner", "Parallel Aware": false, "Async Capable": false, "Startup Cost": 1017.54, "Total Cost": 1017.55, "Plan Rows": 1.0, "Plan Width": 8, "Actual Rows": 33374950, "Actual Loops": 2, "Workers": [], "Plans": [{"Node Type": "Sort", "Parent Relationship": "Outer", "Parallel Aware": false, "Async Capable": false, "Startup Cost": 1017.54, "Total Cost": 1017.54, "Plan Rows": 1.0, "Plan Width": 8, "Actual Rows": 647, "Actual Loops": 2, "Sort Key": ["p.owneruserid"], "Sort Method": "quicksort", "Sort Space Used": 45, "Sort Space Type": "Memory", "Workers": [{"Worker Number": 0, "Sort Method": "quicksort", "Sort Space Used": 45, "Sort Space Type": "Memory"}], "Plans": [{"Node Type": "Nested Loop", "Parent Relationship": "Outer", "Parallel Aware": false, "Async Capable": false, "Join Type": "Inner", "Startup Cost": 0.29, "Total Cost": 1017.53, "Plan Rows": 1.0, "Plan Width": 8, "Actual Rows": 647, "Actual Loops": 2, "Inner Unique": false, "Workers": [], "Plans": [{"Node Type": "Seq Scan", "Parent Relationship": "Outer", "Parallel Aware": false, "Async Capable": false, "Relation Name": "users", "Alias": "u", "Startup Cost": 0.0, "Total Cost": 1002.69, "Plan Rows": 1, "Plan Width": 4, "Actual Rows": 4, "Actual Loops": 2, "Filter": "((reputation >= 17070) AND (downvotes >= 135) AND (downvotes <= 1159))", "Rows Removed by Filter": 40321, "Workers": []}, {"Node Type": "Index Scan", "Parent Relationship": "Inner", "Parallel Aware": false, "Async Capable": false, "Scan Direction": "Forward", "Index Name": "idx_posts_owneruserid", "Relation Name": "posts", "Alias": "p", "Startup Cost": 0.29, "Total Cost": 14.83, "Plan Rows": 1, "Plan Width": 4, "Actual Rows": 162, "Actual Loops": 8, "Index Cond": "(owneruserid = u.id)", "Rows Removed by Index Recheck": 0, "Filter": "((commentcount >= 5) AND (commentcount <= 38) AND (posttypeid = 2))", "Rows Removed by Filter": 750, "Workers": []}]}]}]}]}]}]}]}, "Planning Time": 1.878, "Triggers": [], "Execution Time": 3918.029}, {"Plan": {"Node Type": "Aggregate", "Strategy": "Plain", "Partial Mode": "Simple", "Parallel Aware": false, "Async Capable": false, "Startup Cost": 1013.72, "Total Cost": 1013.73, "Plan Rows": 1, "Plan Width": 8, "Actual Rows": 1, "Actual Loops": 1, "Plans": [{"Node Type": "Nested Loop", "Parent Relationship": "Outer", "Parallel Aware": false, "Async Capable": false, "Join Type": "Inner", "Startup Cost": 1.01, "Total Cost": 1013.31, "Plan Rows": 28.0, "Plan Width": 0, "Actual Rows": 66754180, "Actual Loops": 1, "Inner Unique": false, "Join Filter": "(b.userid = u.id)", "Rows Removed by Join Filter": 0, "Plans": [{"Node Type": "Nested Loop", "Parent Relationship": "Outer", "Parallel Aware": false, "Async Capable": false, "Join Type": "Inner", "Startup Cost": 0.71, "Total Cost": 1011.77, "Plan Rows": 1.0, "Plan Width": 12, "Actual Rows": 204627, "Actual Loops": 1, "Inner Unique": false, "Join Filter": "(p.owneruserid = u.id)", "Rows Removed by Join Filter": 0, "Plans": [{"Node Type": "Nested Loop", "Parent Relationship": "Outer", "Parallel Aware": false, "Async Capable": false, "Join Type": "Inner", "Startup Cost": 0.42, "Total Cost": 1011.36, "Plan Rows": 20.0, "Plan Width": 8, "Actual Rows": 1087, "Actual Loops": 1, "Inner Unique": false, "Plans": [{"Node Type": "Seq Scan", "Parent Relationship": "Outer", "Parallel Aware": false, "Async Capable": false, "Relation Name": "users", "Alias": "u", "Startup Cost": 0.0, "Total Cost": 1002.69, "Plan Rows": 1, "Plan Width": 4, "Actual Rows": 4, "Actual Loops": 1, "Filter": "((reputation >= 17070) AND (downvotes >= 135) AND (downvotes <= 1159))", "Rows Removed by Filter": 40321}, {"Node Type": "Index Only Scan", "Parent Relationship": "Inner", "Parallel Aware": false, "Async Capable": false, "Scan Direction": "Forward", "Index Name": "idx_votes_userid", "Relation Name": "votes", "Alias": "v", "Startup Cost": 0.42, "Total Cost": 8.58, "Plan Rows": 9, "Plan Width": 4, "Actual Rows": 272, "Actual Loops": 4, "Index Cond": "(userid = u.id)", "Rows Removed by Index Recheck": 0, "Heap Fetches": 0}]}, {"Node Type": "Index Scan", "Parent Relationship": "Inner", "Parallel Aware": false, "Async Capable": false, "Scan Direction": "Forward", "Index Name": "idx_posts_owneruserid", "Relation Name": "posts", "Alias": "p", "Startup Cost": 0.29, "Total Cost": 0.4, "Plan Rows": 1, "Plan Width": 4, "Actual Rows": 188, "Actual Loops": 1087, "Index Cond": "(owneruserid = v.userid)", "Rows Removed by Index Recheck": 0, "Filter": "((commentcount >= 5) AND (commentcount <= 38) AND (posttypeid = 2))", "Rows Removed by Filter": 920}]}, {"Node Type": "Index Only Scan", "Parent Relationship": "Inner", "Parallel Aware": false, "Async Capable": false, "Scan Direction": "Forward", "Index Name": "idx_badges_userid", "Relation Name": "badges", "Alias": "b", "Startup Cost": 0.29, "Total Cost": 0.35, "Plan Rows": 3, "Plan Width": 4, "Actual Rows": 326, "Actual Loops": 204627, "Index Cond": "(userid = v.userid)", "Rows Removed by Index Recheck": 0, "Heap Fetches": 0}]}]}, "Planning Time": 1.669, "Triggers": [], "Execution Time": 5766.228}, {"Plan": {"Node Type": "Aggregate", "Strategy": "Plain", "Partial Mode": "Simple", "Parallel Aware": false, "Async Capable": false, "Startup Cost": 51558.02, "Total Cost": 51558.03, "Plan Rows": 1, "Plan Width": 8, "Actual Rows": 1, "Actual Loops": 1, "Plans": [{"Node Type": "Merge Join", "Parent Relationship": "Outer", "Parallel Aware": false, "Async Capable": false, "Join Type": "Inner", "Startup Cost": 3844.6, "Total Cost": 51557.61, "Plan Rows": 28.0, "Plan Width": 0, "Actual Rows": 66754180, "Actual Loops": 1, "Inner Unique": false, "Merge Cond": "(u.id = b.userid)", "Plans": [{"Node Type": "Sort", "Parent Relationship": "Outer", "Parallel Aware": false, "Async Capable": false, "Startup Cost": 1002.7, "Total Cost": 1002.7, "Plan Rows": 1, "Plan Width": 4, "Actual Rows": 4, "Actual Loops": 1, "Sort Key": ["u.id"], "Sort Method": "quicksort", "Sort Space Used": 25, "Sort Space Type": "Memory", "Plans": [{"Node Type": "Seq Scan", "Parent Relationship": "Outer", "Parallel Aware": false, "Async Capable": false, "Relation Name": "users", "Alias": "u", "Startup Cost": 0.0, "Total Cost": 1002.69, "Plan Rows": 1, "Plan Width": 4, "Actual Rows": 4, "Actual Loops": 1, "Filter": "((reputation >= 17070) AND (downvotes >= 135) AND (downvotes <= 1159))", "Rows Removed by Filter": 40321}]}, {"Node Type": "Materialize", "Parent Relationship": "Inner", "Parallel Aware": false, "Async Capable": false, "Startup Cost": 2841.9, "Total Cost": 33894.65, "Plan Rows": 25106.0, "Plan Width": 12, "Actual Rows": 70419324, "Actual Loops": 1, "Plans": [{"Node Type": "Nested Loop", "Parent Relationship": "Outer", "Parallel Aware": false, "Async Capable": false, "Join Type": "Inner", "Startup Cost": 2841.9, "Total Cost": 17236.04, "Plan Rows": 25106.0, "Plan Width": 12, "Actual Rows": 70419324, "Actual Loops": 1, "Inner Unique": false, "Plans": [{"Node Type": "Merge Join", "Parent Relationship": "Outer", "Parallel Aware": false, "Async Capable": false, "Join Type": "Inner", "Startup Cost": 2841.6, "Total Cost": 6177.12, "Plan Rows": 968.0, "Plan Width": 8, "Actual Rows": 246421, "Actual Loops": 1, "Inner Unique": false, "Merge Cond": "(v.userid = p.owneruserid)", "Plans": [{"Node Type": "Index Only Scan", "Parent Relationship": "Outer", "Parallel Aware": false, "Async Capable": false, "Scan Direction": "Forward", "Index Name": "idx_votes_userid", "Relation Name": "votes", "Alias": "v", "Startup Cost": 0.42, "Total Cost": 6175.27, "Plan Rows": 328064, "Plan Width": 4, "Actual Rows": 10661, "Actual Loops": 1, "Heap Fetches": 0}, {"Node Type": "Sort", "Parent Relationship": "Inner", "Parallel Aware": false, "Async Capable": false, "Startup Cost": 2841.17, "Total Cost": 2856.71, "Plan Rows": 6215, "Plan Width": 4, "Actual Rows": 246788, "Actual Loops": 1, "Sort Key": ["p.owneruserid"], "Sort Method": "quicksort", "Sort Space Used": 193, "Sort Space Type": "Memory", "Plans": [{"Node Type": "Seq Scan", "Parent Relationship": "Outer", "Parallel Aware": false, "Async Capable": false, "Relation Name": "posts", "Alias": "p", "Startup Cost": 0.0, "Total Cost": 2449.58, "Plan Rows": 6215, "Plan Width": 4, "Actual Rows": 5458, "Actual Loops": 1, "Filter": "((commentcount >= 5) AND (commentcount <= 38) AND (posttypeid = 2))", "Rows Removed by Filter": 86518}]}]}, {"Node Type": "Memoize", "Parent Relationship": "Inner", "Parallel Aware": false, "Async Capable": false, "Startup Cost": 0.3, "Total Cost": 0.44, "Plan Rows": 3, "Plan Width": 4, "Actual Rows": 286, "Actual Loops": 246421, "Cache Key": "p.owneruserid", "Cache Mode": "logical", "Cache Hits": 246224, "Cache Misses": 197, "Cache Evictions": 0, "Cache Overflows": 0, "Peak Memory Usage": 291, "Plans": [{"Node Type": "Index Only Scan", "Parent Relationship": "Outer", "Parallel Aware": false, "Async Capable": false, "Scan Direction": "Forward", "Index Name": "idx_badges_userid", "Relation Name": "badges", "Alias": "b", "Startup Cost": 0.29, "Total Cost": 0.43, "Plan Rows": 3, "Plan Width": 4, "Actual Rows": 40, "Actual Loops": 197, "Index Cond": "(userid = p.owneruserid)", "Rows Removed by Index Recheck": 0, "Heap Fetches": 0}]}]}]}]}]}, "Planning Time": 3.155, "Triggers": [], "Execution Time": 18111.642}, {"Plan": {"Node Type": "Aggregate", "Strategy": "Plain", "Partial Mode": "Simple", "Parallel Aware": false, "Async Capable": false, "Startup Cost": 1012.63, "Total Cost": 1012.64, "Plan Rows": 1, "Plan Width": 8, "Actual Rows": 1, "Actual Loops": 1, "Plans": [{"Node Type": "Nested Loop", "Parent Relationship": "Outer", "Parallel Aware": false, "Async Capable": false, "Join Type": "Inner", "Startup Cost": 1.01, "Total Cost": 1012.22, "Plan Rows": 28.0, "Plan Width": 0, "Actual Rows": 66754180, "Actual Loops": 1, "Inner Unique": false, "Join Filter": "(v.userid = u.id)", "Rows Removed by Join Filter": 0, "Plans": [{"Node Type": "Nested Loop", "Parent Relationship": "Outer", "Parallel Aware": false, "Async Capable": false, "Join Type": "Inner", "Startup Cost": 0.58, "Total Cost": 1007.97, "Plan Rows": 1.0, "Plan Width": 12, "Actual Rows": 223996, "Actual Loops": 1, "Inner Unique": false, "Join Filter": "(p.owneruserid = u.id)", "Rows Removed by Join Filter": 0, "Plans": [{"Node Type": "Nested Loop", "Parent Relationship": "Outer", "Parallel Aware": false, "Async Capable": false, "Join Type": "Inner", "Startup Cost": 0.29, "Total Cost": 1007.06, "Plan Rows": 18.0, "Plan Width": 8, "Actual Rows": 1232, "Actual Loops": 1, "Inner Unique": false, "Plans": [{"Node Type": "Seq Scan", "Parent Relationship": "Outer", "Parallel Aware": false, "Async Capable": false, "Relation Name": "users", "Alias": "u", "Startup Cost": 0.0, "Total Cost": 1002.69, "Plan Rows": 1, "Plan Width": 4, "Actual Rows": 4, "Actual Loops": 1, "Filter": "((reputation >= 17070) AND (downvotes >= 135) AND (downvotes <= 1159))", "Rows Removed by Filter": 40321}, {"Node Type": "Index Only Scan", "Parent Relationship": "Inner", "Parallel Aware": false, "Async Capable": false, "Scan Direction": "Forward", "Index Name": "idx_badges_userid", "Relation Name": "badges", "Alias": "b", "Startup Cost": 0.29, "Total Cost": 4.35, "Plan Rows": 3, "Plan Width": 4, "Actual Rows": 308, "Actual Loops": 4, "Index Cond": "(userid = u.id)", "Rows Removed by Index Recheck": 0, "Heap Fetches": 0}]}, {"Node Type": "Index Scan", "Parent Relationship": "Inner", "Parallel Aware": false, "Async Capable": false, "Scan Direction": "Forward", "Index Name": "idx_posts_owneruserid", "Relation Name": "posts", "Alias": "p", "Startup Cost": 0.29, "Total Cost": 0.44, "Plan Rows": 1, "Plan Width": 4, "Actual Rows": 182, "Actual Loops": 1232, "Index Cond": "(owneruserid = b.userid)", "Rows Removed by Index Recheck": 0, "Filter": "((commentcount >= 5) AND (commentcount <= 38) AND (posttypeid = 2))", "Rows Removed by Filter": 851}]}, {"Node Type": "Index Only Scan", "Parent Relationship": "Inner", "Parallel Aware": false, "Async Capable": false, "Scan Direction": "Forward", "Index Name": "idx_votes_userid", "Relation Name": "votes", "Alias": "v", "Startup Cost": 0.42, "Total Cost": 0.6, "Plan Rows": 9, "Plan Width": 4, "Actual Rows": 298, "Actual Loops": 223996, "Index Cond": "(userid = b.userid)", "Rows Removed by Index Recheck": 0, "Heap Fetches": 0}]}]}, "Planning Time": 2.651, "Triggers": [], "Execution Time": 5850.672}]