[{"Plan": {"Node Type": "Aggregate", "Strategy": "Plain", "Partial Mode": "Finalize", "Parallel Aware": false, "Async Capable": false, "Startup Cost": 15349.27, "Total Cost": 15349.28, "Plan Rows": 1, "Plan Width": 8, "Actual Rows": 1, "Actual Loops": 1, "Plans": [{"Node Type": "Gather", "Parent Relationship": "Outer", "Parallel Aware": false, "Async Capable": false, "Startup Cost": 15349.16, "Total Cost": 15349.27, "Plan Rows": 1, "Plan Width": 8, "Actual Rows": 2, "Actual Loops": 1, "Workers Planned": 1, "Workers Launched": 1, "Single Copy": false, "Plans": [{"Node Type": "Aggregate", "Strategy": "Plain", "Partial Mode": "Partial", "Parent Relationship": "Outer", "Parallel Aware": false, "Async Capable": false, "Startup Cost": 14349.16, "Total Cost": 14349.17, "Plan Rows": 1, "Plan Width": 8, "Actual Rows": 1, "Actual Loops": 2, "Workers": [], "Plans": [{"Node Type": "Merge Join", "Parent Relationship": "Outer", "Parallel Aware": false, "Async Capable": false, "Join Type": "Inner", "Startup Cost": 3644.78, "Total Cost": 4552.4, "Plan Rows": 35.0, "Plan Width": 0, "Actual Rows": 17677290, "Actual Loops": 2, "Inner Unique": false, "Merge Cond": "(c.userid = v.userid)", "Workers": [], "Plans": [{"Node Type": "Sort", "Parent Relationship": "Outer", "Parallel Aware": false, "Async Capable": false, "Startup Cost": 3643.08, "Total Cost": 3679.82, "Plan Rows": 14699, "Plan Width": 4, "Actual Rows": 10964, "Actual Loops": 2, "Sort Key": ["c.userid"], "Sort Method": "quicksort", "Sort Space Used": 769, "Sort Space Type": "Memory", "Workers": [{"Worker Number": 0, "Sort Method": "quicksort", "Sort Space Used": 97, "Sort Space Type": "Memory"}], "Plans": [{"Node Type": "Seq Scan", "Parent Relationship": "Outer", "Parallel Aware": true, "Async Capable": false, "Relation Name": "comments", "Alias": "c", "Startup Cost": 0.0, "Total Cost": 2625.65, "Plan Rows": 14699, "Plan Width": 4, "Actual Rows": 12502, "Actual Loops": 2, "Filter": "(score = 1)", "Rows Removed by Filter": 74651, "Workers": []}]}, {"Node Type": "Materialize", "Parent Relationship": "Inner", "Parallel Aware": false, "Async Capable": false, "Startup Cost": 1.43, "Total Cost": 3212.71, "Plan Rows": 382.0, "Plan Width": 16, "Actual Rows": 17825788, "Actual Loops": 2, "Workers": [], "Plans": [{"Node Type": "Nested Loop", "Parent Relationship": "Outer", "Parallel Aware": false, "Async Capable": false, "Join Type": "Inner", "Startup Cost": 1.43, "Total Cost": 3178.03, "Plan Rows": 382.0, "Plan Width": 16, "Actual Rows": 1056509, "Actual Loops": 2, "Inner Unique": false, "Join Filter": "(ph.userid = v.userid)", "Rows Removed by Join Filter": 0, "Workers": [], "Plans": [{"Node Type": "Nested Loop", "Parent Relationship": "Outer", "Parallel Aware": false, "Async Capable": false, "Join Type": "Inner", "Startup Cost": 1.0, "Total Cost": 3109.8, "Plan Rows": 212.0, "Plan Width": 12, "Actual Rows": 5894, "Actual Loops": 2, "Inner Unique": false, "Join Filter": "(p.owneruserid = v.userid)", "Rows Removed by Join Filter": 0, "Workers": [], "Plans": [{"Node Type": "Merge Join", "Parent Relationship": "Outer", "Parallel Aware": false, "Async Capable": false, "Join Type": "Inner", "Startup Cost": 0.71, "Total Cost": 3086.38, "Plan Rows": 946.0, "Plan Width": 8, "Actual Rows": 364, "Actual Loops": 2, "Inner Unique": true, "Merge Cond": "(v.userid = u.id)", "Workers": [], "Plans": [{"Node Type": "Index Scan", "Parent Relationship": "Outer", "Parallel Aware": false, "Async Capable": false, "Scan Direction": "Forward", "Index Name": "idx_votes_userid", "Relation Name": "votes", "Alias": "v", "Startup Cost": 0.42, "Total Cost": 13242.63, "Plan Rows": 1033, "Plan Width": 4, "Actual Rows": 766, "Actual Loops": 2, "Filter": "((bountyamount >= 9) AND (creationdate >= '2012-09-26 10:40:24'::timestamp without time zone))", "Rows Removed by Filter": 32623, "Workers": []}, {"Node Type": "Index Scan", "Parent Relationship": "Inner", "Parallel Aware": false, "Async Capable": false, "Scan Direction": "Forward", "Index Name": "users_pkey", "Relation Name": "users", "Alias": "u", "Startup Cost": 0.29, "Total Cost": 1659.6, "Plan Rows": 11392, "Plan Width": 4, "Actual Rows": 11391, "Actual Loops": 2, "Filter": "((upvotes <= 705) AND (creationdate >= '2010-11-05 19:45:03'::timestamp without time zone) AND (creationdate <= '2012-11-20 18:57:51'::timestamp without time zone))", "Rows Removed by Filter": 28934, "Workers": []}]}, {"Node Type": "Index Scan", "Parent Relationship": "Inner", "Parallel Aware": false, "Async Capable": false, "Scan Direction": "Forward", "Index Name": "idx_posts_owneruserid", "Relation Name": "posts", "Alias": "p", "Startup Cost": 0.29, "Total Cost": 0.74, "Plan Rows": 1, "Plan Width": 4, "Actual Rows": 16, "Actual Loops": 728, "Index Cond": "(owneruserid = u.id)", "Rows Removed by Index Recheck": 0, "Filter": "((answercount >= 1) AND (answercount <= 39) AND (creationdate >= '2010-12-25 02:20:35'::timestamp without time zone) AND (creationdate <= '2014-02-10 21:28:46'::timestamp without time zone))", "Rows Removed by Filter": 31, "Workers": []}]}, {"Node Type": "Index Scan", "Parent Relationship": "Inner", "Parallel Aware": false, "Async Capable": false, "Scan Direction": "Forward", "Index Name": "idx_posthistory_userid", "Relation Name": "posthistory", "Alias": "ph", "Startup Cost": 0.42, "Total Cost": 1.21, "Plan Rows": 6, "Plan Width": 4, "Actual Rows": 179, "Actual Loops": 11788, "Index Cond": "(userid = p.owneruserid)", "Rows Removed by Index Recheck": 0, "Filter": "(creationdate <= '2013-03-08 22:17:58'::timestamp without time zone)", "Rows Removed by Filter": 118, "Workers": []}]}]}]}]}]}]}, "Planning Time": 5.589, "Triggers": [], "Execution Time": 3361.072}, {"Plan": {"Node Type": "Aggregate", "Strategy": "Plain", "Partial Mode": "Finalize", "Parallel Aware": false, "Async Capable": false, "Startup Cost": 21520.7, "Total Cost": 21520.71, "Plan Rows": 1, "Plan Width": 8, "Actual Rows": 1, "Actual Loops": 1, "Plans": [{"Node Type": "Gather", "Parent Relationship": "Outer", "Parallel Aware": false, "Async Capable": false, "Startup Cost": 21520.59, "Total Cost": 21520.7, "Plan Rows": 1, "Plan Width": 8, "Actual Rows": 2, "Actual Loops": 1, "Workers Planned": 1, "Workers Launched": 1, "Single Copy": false, "Plans": [{"Node Type": "Aggregate", "Strategy": "Plain", "Partial Mode": "Partial", "Parent Relationship": "Outer", "Parallel Aware": false, "Async Capable": false, "Startup Cost": 20520.59, "Total Cost": 20520.6, "Plan Rows": 1, "Plan Width": 8, "Actual Rows": 1, "Actual Loops": 2, "Workers": [], "Plans": [{"Node Type": "Merge Join", "Parent Relationship": "Outer", "Parallel Aware": false, "Async Capable": false, "Join Type": "Inner", "Startup Cost": 9576.36, "Total Cost": 10723.82, "Plan Rows": 35.0, "Plan Width": 0, "Actual Rows": 17677290, "Actual Loops": 2, "Inner Unique": false, "Merge Cond": "(v.userid = u.id)", "Workers": [], "Plans": [{"Node Type": "Merge Join", "Parent Relationship": "Outer", "Parallel Aware": false, "Async Capable": false, "Join Type": "Inner", "Startup Cost": 5350.2, "Total Cost": 7648.25, "Plan Rows": 1114.0, "Plan Width": 12, "Actual Rows": 61632359, "Actual Loops": 2, "Inner Unique": false, "Merge Cond": "(v.userid = c.userid)", "Workers": [], "Plans": [{"Node Type": "Merge Join", "Parent Relationship": "Outer", "Parallel Aware": false, "Async Capable": false, "Join Type": "Inner", "Startup Cost": 0.84, "Total Cost": 14479.69, "Plan Rows": 8983.0, "Plan Width": 8, "Actual Rows": 82051, "Actual Loops": 2, "Inner Unique": false, "Merge Cond": "(v.userid = ph.userid)", "Workers": [], "Plans": [{"Node Type": "Index Scan", "Parent Relationship": "Outer", "Parallel Aware": true, "Async Capable": false, "Scan Direction": "Forward", "Index Name": "idx_votes_userid", "Relation Name": "votes", "Alias": "v", "Startup Cost": 0.42, "Total Cost": 11216.36, "Plan Rows": 608, "Plan Width": 4, "Actual Rows": 405, "Actual Loops": 2, "Filter": "((bountyamount >= 9) AND (creationdate >= '2012-09-26 10:40:24'::timestamp without time zone))", "Rows Removed by Filter": 77680, "Workers": []}, {"Node Type": "Index Scan", "Parent Relationship": "Inner", "Parallel Aware": false, "Async Capable": false, "Scan Direction": "Forward", "Index Name": "idx_posthistory_userid", "Relation Name": "posthistory", "Alias": "ph", "Startup Cost": 0.42, "Total Cost": 12849.99, "Plan Rows": 134815, "Plan Width": 4, "Actual Rows": 145198, "Actual Loops": 2, "Filter": "(creationdate <= '2013-03-08 22:17:58'::timestamp without time zone)", "Rows Removed by Filter": 217011, "Workers": []}]}, {"Node Type": "Sort", "Parent Relationship": "Inner", "Parallel Aware": false, "Async Capable": false, "Startup Cost": 5348.05, "Total Cost": 5410.52, "Plan Rows": 24988, "Plan Width": 4, "Actual Rows": 61641962, "Actual Loops": 2, "Sort Key": ["c.userid"], "Sort Method": "quicksort", "Sort Space Used": 769, "Sort Space Type": "Memory", "Workers": [{"Worker Number": 0, "Sort Method": "quicksort", "Sort Space Used": 769, "Sort Space Type": "Memory"}], "Plans": [{"Node Type": "Seq Scan", "Parent Relationship": "Outer", "Parallel Aware": false, "Async Capable": false, "Relation Name": "comments", "Alias": "c", "Startup Cost": 0.0, "Total Cost": 3522.81, "Plan Rows": 24988, "Plan Width": 4, "Actual Rows": 25003, "Actual Loops": 2, "Filter": "(score = 1)", "Rows Removed by Filter": 149302, "Workers": []}]}]}, {"Node Type": "Sort", "Parent Relationship": "Inner", "Parallel Aware": false, "Async Capable": false, "Startup Cost": 4226.15, "Total Cost": 4240.16, "Plan Rows": 41.0, "Plan Width": 8, "Actual Rows": 17682193, "Actual Loops": 2, "Sort Key": ["p.owneruserid"], "Sort Method": "quicksort", "Sort Space Used": 742, "Sort Space Type": "Memory", "Workers": [{"Worker Number": 0, "Sort Method": "quicksort", "Sort Space Used": 742, "Sort Space Type": "Memory"}], "Plans": [{"Node Type": "Hash Join", "Parent Relationship": "Outer", "Parallel Aware": false, "Async Capable": false, "Join Type": "Inner", "Startup Cost": 1145.09, "Total Cost": 3877.45, "Plan Rows": 41.0, "Plan Width": 8, "Actual Rows": 11444, "Actual Loops": 2, "Inner Unique": true, "Hash Cond": "(p.owneruserid = u.id)", "Workers": [], "Plans": [{"Node Type": "Seq Scan", "Parent Relationship": "Outer", "Parallel Aware": false, "Async Capable": false, "Relation Name": "posts", "Alias": "p", "Startup Cost": 0.0, "Total Cost": 2679.52, "Plan Rows": 20131, "Plan Width": 4, "Actual Rows": 21032, "Actual Loops": 2, "Filter": "((answercount >= 1) AND (answercount <= 39) AND (creationdate >= '2010-12-25 02:20:35'::timestamp without time zone) AND (creationdate <= '2014-02-10 21:28:46'::timestamp without time zone))", "Rows Removed by Filter": 70944, "Workers": []}, {"Node Type": "Hash", "Parent Relationship": "Inner", "Parallel Aware": false, "Async Capable": false, "Startup Cost": 1002.69, "Total Cost": 1002.69, "Plan Rows": 11392, "Plan Width": 4, "Actual Rows": 11391, "Actual Loops": 2, "Hash Buckets": 16384, "Original Hash Buckets": 16384, "Hash Batches": 1, "Original Hash Batches": 1, "Peak Memory Usage": 529, "Workers": [], "Plans": [{"Node Type": "Seq Scan", "Parent Relationship": "Outer", "Parallel Aware": false, "Async Capable": false, "Relation Name": "users", "Alias": "u", "Startup Cost": 0.0, "Total Cost": 1002.69, "Plan Rows": 11392, "Plan Width": 4, "Actual Rows": 11391, "Actual Loops": 2, "Filter": "((upvotes <= 705) AND (creationdate >= '2010-11-05 19:45:03'::timestamp without time zone) AND (creationdate <= '2012-11-20 18:57:51'::timestamp without time zone))", "Rows Removed by Filter": 28934, "Workers": []}]}]}]}]}]}]}]}, "Planning Time": 11.162, "Triggers": [], "Execution Time": 6071.639}, {"Plan": {"Node Type": "Aggregate", "Strategy": "Plain", "Partial Mode": "Simple", "Parallel Aware": false, "Async Capable": false, "Startup Cost": 6154982.06, "Total Cost": 6154982.07, "Plan Rows": 1, "Plan Width": 8, "Plans": [{"Node Type": "Merge Join", "Parent Relationship": "Outer", "Parallel Aware": false, "Async Capable": false, "Join Type": "Inner", "Startup Cost": 1.74, "Total Cost": 6138327.56, "Plan Rows": 35.0, "Plan Width": 0, "Inner Unique": false, "Merge Cond": "(v.userid = c.userid)", "Plans": [{"Node Type": "Merge Join", "Parent Relationship": "Outer", "Parallel Aware": false, "Async Capable": false, "Join Type": "Inner", "Startup Cost": 0.71, "Total Cost": 3086.38, "Plan Rows": 946.0, "Plan Width": 8, "Inner Unique": true, "Merge Cond": "(v.userid = u.id)", "Plans": [{"Node Type": "Index Scan", "Parent Relationship": "Outer", "Parallel Aware": false, "Async Capable": false, "Scan Direction": "Forward", "Index Name": "idx_votes_userid", "Relation Name": "votes", "Alias": "v", "Startup Cost": 0.42, "Total Cost": 13242.63, "Plan Rows": 1033, "Plan Width": 4, "Filter": "((bountyamount >= 9) AND (creationdate >= '2012-09-26 10:40:24'::timestamp without time zone))"}, {"Node Type": "Index Scan", "Parent Relationship": "Inner", "Parallel Aware": false, "Async Capable": false, "Scan Direction": "Forward", "Index Name": "users_pkey", "Relation Name": "users", "Alias": "u", "Startup Cost": 0.29, "Total Cost": 1659.6, "Plan Rows": 11392, "Plan Width": 4, "Filter": "((upvotes <= 705) AND (creationdate >= '2010-11-05 19:45:03'::timestamp without time zone) AND (creationdate <= '2012-11-20 18:57:51'::timestamp without time zone))"}]}, {"Node Type": "Materialize", "Parent Relationship": "Inner", "Parallel Aware": false, "Async Capable": false, "Startup Cost": 1.03, "Total Cost": 3126355.94, "Plan Rows": 30.0, "Plan Width": 12, "Plans": [{"Node Type": "Nested Loop", "Parent Relationship": "Outer", "Parallel Aware": false, "Async Capable": false, "Join Type": "Inner", "Startup Cost": 1.03, "Total Cost": 181600.14, "Plan Rows": 30.0, "Plan Width": 12, "Inner Unique": false, "Plans": [{"Node Type": "Nested Loop", "Parent Relationship": "Outer", "Parallel Aware": false, "Async Capable": false, "Join Type": "Inner", "Startup Cost": 0.6, "Total Cost": 15231.99, "Plan Rows": 31.0, "Plan Width": 8, "Inner Unique": false, "Plans": [{"Node Type": "Index Scan", "Parent Relationship": "Outer", "Parallel Aware": false, "Async Capable": false, "Scan Direction": "Forward", "Index Name": "idx_comments_userid", "Relation Name": "comments", "Alias": "c", "Startup Cost": 0.29, "Total Cost": 8258.96, "Plan Rows": 24988, "Plan Width": 4, "Filter": "(score = 1)"}, {"Node Type": "Memoize", "Parent Relationship": "Inner", "Parallel Aware": false, "Async Capable": false, "Startup Cost": 0.3, "Total Cost": 0.57, "Plan Rows": 1, "Plan Width": 4, "Cache Key": "c.userid", "Cache Mode": "logical", "Plans": [{"Node Type": "Index Scan", "Parent Relationship": "Outer", "Parallel Aware": false, "Async Capable": false, "Scan Direction": "Forward", "Index Name": "idx_posts_owneruserid", "Relation Name": "posts", "Alias": "p", "Startup Cost": 0.29, "Total Cost": 0.56, "Plan Rows": 1, "Plan Width": 4, "Index Cond": "(owneruserid = c.userid)", "Filter": "((answercount >= 1) AND (answercount <= 39) AND (creationdate >= '2010-12-25 02:20:35'::timestamp without time zone) AND (creationdate <= '2014-02-10 21:28:46'::timestamp without time zone))"}]}]}, {"Node Type": "Memoize", "Parent Relationship": "Inner", "Parallel Aware": false, "Async Capable": false, "Startup Cost": 0.43, "Total Cost": 1.12, "Plan Rows": 6, "Plan Width": 4, "Cache Key": "c.userid", "Cache Mode": "logical", "Plans": [{"Node Type": "Index Scan", "Parent Relationship": "Outer", "Parallel Aware": false, "Async Capable": false, "Scan Direction": "Forward", "Index Name": "idx_posthistory_userid", "Relation Name": "posthistory", "Alias": "ph", "Startup Cost": 0.42, "Total Cost": 1.11, "Plan Rows": 6, "Plan Width": 4, "Index Cond": "(userid = c.userid)", "Filter": "(creationdate <= '2013-03-08 22:17:58'::timestamp without time zone)"}]}]}]}]}]}, "Timeout Time": 13444.288}, {"Plan": {"Node Type": "Aggregate", "Strategy": "Plain", "Partial Mode": "Finalize", "Parallel Aware": false, "Async Capable": false, "Startup Cost": 20442.42, "Total Cost": 20442.43, "Plan Rows": 1, "Plan Width": 8, "Actual Rows": 1, "Actual Loops": 1, "Plans": [{"Node Type": "Gather", "Parent Relationship": "Outer", "Parallel Aware": false, "Async Capable": false, "Startup Cost": 20442.31, "Total Cost": 20442.42, "Plan Rows": 1, "Plan Width": 8, "Actual Rows": 2, "Actual Loops": 1, "Workers Planned": 1, "Workers Launched": 1, "Single Copy": false, "Plans": [{"Node Type": "Aggregate", "Strategy": "Plain", "Partial Mode": "Partial", "Parent Relationship": "Outer", "Parallel Aware": false, "Async Capable": false, "Startup Cost": 19442.31, "Total Cost": 19442.32, "Plan Rows": 1, "Plan Width": 8, "Actual Rows": 1, "Actual Loops": 2, "Workers": [], "Plans": [{"Node Type": "Merge Join", "Parent Relationship": "Outer", "Parallel Aware": false, "Async Capable": false, "Join Type": "Inner", "Startup Cost": 9295.89, "Total Cost": 9645.54, "Plan Rows": 35.0, "Plan Width": 0, "Actual Rows": 17677290, "Actual Loops": 2, "Inner Unique": false, "Merge Cond": "(v.userid = u.id)", "Workers": [], "Plans": [{"Node Type": "Merge Join", "Parent Relationship": "Outer", "Parallel Aware": false, "Async Capable": false, "Join Type": "Inner", "Startup Cost": 4119.44, "Total Cost": 5944.68, "Plan Rows": 3226.0, "Plan Width": 12, "Actual Rows": 727240, "Actual Loops": 2, "Inner Unique": false, "Merge Cond": "(v.userid = p.owneruserid)", "Workers": [], "Plans": [{"Node Type": "Merge Join", "Parent Relationship": "Outer", "Parallel Aware": false, "Async Capable": false, "Join Type": "Inner", "Startup Cost": 0.84, "Total Cost": 14479.69, "Plan Rows": 8983.0, "Plan Width": 8, "Actual Rows": 82051, "Actual Loops": 2, "Inner Unique": false, "Merge Cond": "(v.userid = ph.userid)", "Workers": [], "Plans": [{"Node Type": "Index Scan", "Parent Relationship": "Outer", "Parallel Aware": true, "Async Capable": false, "Scan Direction": "Forward", "Index Name": "idx_votes_userid", "Relation Name": "votes", "Alias": "v", "Startup Cost": 0.42, "Total Cost": 11216.36, "Plan Rows": 608, "Plan Width": 4, "Actual Rows": 405, "Actual Loops": 2, "Filter": "((bountyamount >= 9) AND (creationdate >= '2012-09-26 10:40:24'::timestamp without time zone))", "Rows Removed by Filter": 77680, "Workers": []}, {"Node Type": "Index Scan", "Parent Relationship": "Inner", "Parallel Aware": false, "Async Capable": false, "Scan Direction": "Forward", "Index Name": "idx_posthistory_userid", "Relation Name": "posthistory", "Alias": "ph", "Startup Cost": 0.42, "Total Cost": 12849.99, "Plan Rows": 134815, "Plan Width": 4, "Actual Rows": 188032, "Actual Loops": 2, "Filter": "(creationdate <= '2013-03-08 22:17:58'::timestamp without time zone)", "Rows Removed by Filter": 285947, "Workers": []}]}, {"Node Type": "Sort", "Parent Relationship": "Inner", "Parallel Aware": false, "Async Capable": false, "Startup Cost": 4118.6, "Total Cost": 4168.93, "Plan Rows": 20131, "Plan Width": 4, "Actual Rows": 740913, "Actual Loops": 2, "Sort Key": ["p.owneruserid"], "Sort Method": "quicksort", "Sort Space Used": 769, "Sort Space Type": "Memory", "Workers": [{"Worker Number": 0, "Sort Method": "quicksort", "Sort Space Used": 769, "Sort Space Type": "Memory"}], "Plans": [{"Node Type": "Seq Scan", "Parent Relationship": "Outer", "Parallel Aware": false, "Async Capable": false, "Relation Name": "posts", "Alias": "p", "Startup Cost": 0.0, "Total Cost": 2679.52, "Plan Rows": 20131, "Plan Width": 4, "Actual Rows": 21032, "Actual Loops": 2, "Filter": "((answercount >= 1) AND (answercount <= 39) AND (creationdate >= '2010-12-25 02:20:35'::timestamp without time zone) AND (creationdate <= '2014-02-10 21:28:46'::timestamp without time zone))", "Rows Removed by Filter": 70944, "Workers": []}]}]}, {"Node Type": "Sort", "Parent Relationship": "Inner", "Parallel Aware": false, "Async Capable": false, "Startup Cost": 5176.44, "Total Cost": 5193.8, "Plan Rows": 6.0, "Plan Width": 8, "Actual Rows": 17682170, "Actual Loops": 2, "Sort Key": ["c.userid"], "Sort Method": "quicksort", "Sort Space Used": 399, "Sort Space Type": "Memory", "Workers": [{"Worker Number": 0, "Sort Method": "quicksort", "Sort Space Used": 399, "Sort Space Type": "Memory"}], "Plans": [{"Node Type": "Hash Join", "Parent Relationship": "Outer", "Parallel Aware": false, "Async Capable": false, "Join Type": "Inner", "Startup Cost": 1145.09, "Total Cost": 4733.5, "Plan Rows": 6.0, "Plan Width": 8, "Actual Rows": 6623, "Actual Loops": 2, "Inner Unique": true, "Hash Cond": "(c.userid = u.id)", "Workers": [], "Plans": [{"Node Type": "Seq Scan", "Parent Relationship": "Outer", "Parallel Aware": false, "Async Capable": false, "Relation Name": "comments", "Alias": "c", "Startup Cost": 0.0, "Total Cost": 3522.81, "Plan Rows": 24988, "Plan Width": 4, "Actual Rows": 25003, "Actual Loops": 2, "Filter": "(score = 1)", "Rows Removed by Filter": 149302, "Workers": []}, {"Node Type": "Hash", "Parent Relationship": "Inner", "Parallel Aware": false, "Async Capable": false, "Startup Cost": 1002.69, "Total Cost": 1002.69, "Plan Rows": 11392, "Plan Width": 4, "Actual Rows": 11391, "Actual Loops": 2, "Hash Buckets": 16384, "Original Hash Buckets": 16384, "Hash Batches": 1, "Original Hash Batches": 1, "Peak Memory Usage": 529, "Workers": [], "Plans": [{"Node Type": "Seq Scan", "Parent Relationship": "Outer", "Parallel Aware": false, "Async Capable": false, "Relation Name": "users", "Alias": "u", "Startup Cost": 0.0, "Total Cost": 1002.69, "Plan Rows": 11392, "Plan Width": 4, "Actual Rows": 11391, "Actual Loops": 2, "Filter": "((upvotes <= 705) AND (creationdate >= '2010-11-05 19:45:03'::timestamp without time zone) AND (creationdate <= '2012-11-20 18:57:51'::timestamp without time zone))", "Rows Removed by Filter": 28934, "Workers": []}]}]}]}]}]}]}]}, "Planning Time": 9.085, "Triggers": [], "Execution Time": 1787.807}, {"Plan": {"Node Type": "Aggregate", "Strategy": "Plain", "Partial Mode": "Finalize", "Parallel Aware": false, "Async Capable": false, "Startup Cost": 16676.21, "Total Cost": 16676.22, "Plan Rows": 1, "Plan Width": 8, "Actual Rows": 1, "Actual Loops": 1, "Plans": [{"Node Type": "Gather", "Parent Relationship": "Outer", "Parallel Aware": false, "Async Capable": false, "Startup Cost": 16676.09, "Total Cost": 16676.2, "Plan Rows": 1, "Plan Width": 8, "Actual Rows": 2, "Actual Loops": 1, "Workers Planned": 1, "Workers Launched": 1, "Single Copy": false, "Plans": [{"Node Type": "Aggregate", "Strategy": "Plain", "Partial Mode": "Partial", "Parent Relationship": "Outer", "Parallel Aware": false, "Async Capable": false, "Startup Cost": 15676.09, "Total Cost": 15676.1, "Plan Rows": 1, "Plan Width": 8, "Actual Rows": 1, "Actual Loops": 2, "Workers": [], "Plans": [{"Node Type": "Merge Join", "Parent Relationship": "Outer", "Parallel Aware": false, "Async Capable": false, "Join Type": "Inner", "Startup Cost": 4120.03, "Total Cost": 5879.33, "Plan Rows": 35.0, "Plan Width": 0, "Actual Rows": 17677290, "Actual Loops": 2, "Inner Unique": false, "Merge Cond": "(v.userid = p.owneruserid)", "Workers": [], "Plans": [{"Node Type": "Nested Loop", "Parent Relationship": "Outer", "Parallel Aware": false, "Async Capable": false, "Join Type": "Inner", "Startup Cost": 1.43, "Total Cost": 2988.2, "Plan Rows": 124.0, "Plan Width": 16, "Actual Rows": 488384, "Actual Loops": 2, "Inner Unique": false, "Join Filter": "(ph.userid = v.userid)", "Rows Removed by Join Filter": 0, "Workers": [], "Plans": [{"Node Type": "Nested Loop", "Parent Relationship": "Outer", "Parallel Aware": false, "Async Capable": false, "Join Type": "Inner", "Startup Cost": 1.01, "Total Cost": 2889.58, "Plan Rows": 107.0, "Plan Width": 12, "Actual Rows": 2202, "Actual Loops": 2, "Inner Unique": false, "Join Filter": "(c.userid = v.userid)", "Rows Removed by Join Filter": 0, "Workers": [], "Plans": [{"Node Type": "Merge Join", "Parent Relationship": "Outer", "Parallel Aware": false, "Async Capable": false, "Join Type": "Inner", "Startup Cost": 0.71, "Total Cost": 2869.47, "Plan Rows": 946.0, "Plan Width": 8, "Actual Rows": 182, "Actual Loops": 2, "Inner Unique": true, "Merge Cond": "(v.userid = u.id)", "Workers": [], "Plans": [{"Node Type": "Index Scan", "Parent Relationship": "Outer", "Parallel Aware": true, "Async Capable": false, "Scan Direction": "Forward", "Index Name": "idx_votes_userid", "Relation Name": "votes", "Alias": "v", "Startup Cost": 0.42, "Total Cost": 11216.36, "Plan Rows": 608, "Plan Width": 4, "Actual Rows": 384, "Actual Loops": 2, "Filter": "((bountyamount >= 9) AND (creationdate >= '2012-09-26 10:40:24'::timestamp without time zone))", "Rows Removed by Filter": 16323, "Workers": []}, {"Node Type": "Index Scan", "Parent Relationship": "Inner", "Parallel Aware": false, "Async Capable": false, "Scan Direction": "Forward", "Index Name": "users_pkey", "Relation Name": "users", "Alias": "u", "Startup Cost": 0.29, "Total Cost": 1659.6, "Plan Rows": 11392, "Plan Width": 4, "Actual Rows": 11391, "Actual Loops": 2, "Filter": "((upvotes <= 705) AND (creationdate >= '2010-11-05 19:45:03'::timestamp without time zone) AND (creationdate <= '2012-11-20 18:57:51'::timestamp without time zone))", "Rows Removed by Filter": 28934, "Workers": []}]}, {"Node Type": "Index Scan", "Parent Relationship": "Inner", "Parallel Aware": false, "Async Capable": false, "Scan Direction": "Forward", "Index Name": "idx_comments_userid", "Relation Name": "comments", "Alias": "c", "Startup Cost": 0.29, "Total Cost": 1.09, "Plan Rows": 2, "Plan Width": 4, "Actual Rows": 12, "Actual Loops": 364, "Index Cond": "(userid = u.id)", "Rows Removed by Index Recheck": 0, "Filter": "(score = 1)", "Rows Removed by Filter": 91, "Workers": []}]}, {"Node Type": "Index Scan", "Parent Relationship": "Inner", "Parallel Aware": false, "Async Capable": false, "Scan Direction": "Forward", "Index Name": "idx_posthistory_userid", "Relation Name": "posthistory", "Alias": "ph", "Startup Cost": 0.42, "Total Cost": 1.11, "Plan Rows": 6, "Plan Width": 4, "Actual Rows": 222, "Actual Loops": 4403, "Index Cond": "(userid = c.userid)", "Rows Removed by Index Recheck": 0, "Filter": "(creationdate <= '2013-03-08 22:17:58'::timestamp without time zone)", "Rows Removed by Filter": 145, "Workers": []}]}, {"Node Type": "Sort", "Parent Relationship": "Inner", "Parallel Aware": false, "Async Capable": false, "Startup Cost": 4118.6, "Total Cost": 4168.93, "Plan Rows": 20131, "Plan Width": 4, "Actual Rows": 17688624, "Actual Loops": 2, "Sort Key": ["p.owneruserid"], "Sort Method": "quicksort", "Sort Space Used": 769, "Sort Space Type": "Memory", "Workers": [{"Worker Number": 0, "Sort Method": "quicksort", "Sort Space Used": 769, "Sort Space Type": "Memory"}], "Plans": [{"Node Type": "Seq Scan", "Parent Relationship": "Outer", "Parallel Aware": false, "Async Capable": false, "Relation Name": "posts", "Alias": "p", "Startup Cost": 0.0, "Total Cost": 2679.52, "Plan Rows": 20131, "Plan Width": 4, "Actual Rows": 21032, "Actual Loops": 2, "Filter": "((answercount >= 1) AND (answercount <= 39) AND (creationdate >= '2010-12-25 02:20:35'::timestamp without time zone) AND (creationdate <= '2014-02-10 21:28:46'::timestamp without time zone))", "Rows Removed by Filter": 70944, "Workers": []}]}]}]}]}]}, "Planning Time": 11.157, "Triggers": [], "Execution Time": 1451.64}, {"Plan": {"Node Type": "Aggregate", "Strategy": "Plain", "Partial Mode": "Finalize", "Parallel Aware": false, "Async Capable": false, "Startup Cost": 58545.7, "Total Cost": 58545.71, "Plan Rows": 1, "Plan Width": 8, "Actual Rows": 1, "Actual Loops": 1, "Plans": [{"Node Type": "Gather", "Parent Relationship": "Outer", "Parallel Aware": false, "Async Capable": false, "Startup Cost": 58545.59, "Total Cost": 58545.7, "Plan Rows": 1, "Plan Width": 8, "Actual Rows": 2, "Actual Loops": 1, "Workers Planned": 1, "Workers Launched": 1, "Single Copy": false, "Plans": [{"Node Type": "Aggregate", "Strategy": "Plain", "Partial Mode": "Partial", "Parent Relationship": "Outer", "Parallel Aware": false, "Async Capable": false, "Startup Cost": 57545.59, "Total Cost": 57545.6, "Plan Rows": 1, "Plan Width": 8, "Actual Rows": 1, "Actual Loops": 2, "Workers": [], "Plans": [{"Node Type": "Merge Join", "Parent Relationship": "Outer", "Parallel Aware": false, "Async Capable": false, "Join Type": "Inner", "Startup Cost": 1.73, "Total Cost": 47748.82, "Plan Rows": 35.0, "Plan Width": 0, "Actual Rows": 17677290, "Actual Loops": 2, "Inner Unique": false, "Merge Cond": "(c.userid = v.userid)", "Workers": [], "Plans": [{"Node Type": "Nested Loop", "Parent Relationship": "Outer", "Parallel Aware": false, "Async Capable": false, "Join Type": "Inner", "Startup Cost": 0.73, "Total Cost": 21318.18, "Plan Rows": 82.0, "Plan Width": 8, "Actual Rows": 12741318, "Actual Loops": 2, "Inner Unique": false, "Workers": [], "Plans": [{"Node Type": "Index Scan", "Parent Relationship": "Outer", "Parallel Aware": true, "Async Capable": false, "Scan Direction": "Forward", "Index Name": "idx_comments_userid", "Relation Name": "comments", "Alias": "c", "Startup Cost": 0.29, "Total Cost": 7361.8, "Plan Rows": 14699, "Plan Width": 4, "Actual Rows": 11600, "Actual Loops": 2, "Filter": "(score = 1)", "Rows Removed by Filter": 65067, "Workers": []}, {"Node Type": "Memoize", "Parent Relationship": "Inner", "Parallel Aware": false, "Async Capable": false, "Startup Cost": 0.43, "Total Cost": 1.12, "Plan Rows": 6, "Plan Width": 4, "Actual Rows": 1098, "Actual Loops": 23200, "Cache Key": "c.userid", "Cache Mode": "logical", "Cache Hits": 12479, "Cache Misses": 1095, "Cache Evictions": 0, "Cache Overflows": 0, "Peak Memory Usage": 2386, "Workers": [{"Worker Number": 0, "Cache Hits": 8368, "Cache Misses": 1258, "Cache Evictions": 0, "Cache Overflows": 0, "Peak Memory Usage": 1395}], "Plans": [{"Node Type": "Index Scan", "Parent Relationship": "Outer", "Parallel Aware": false, "Async Capable": false, "Scan Direction": "Forward", "Index Name": "idx_posthistory_userid", "Relation Name": "posthistory", "Alias": "ph", "Startup Cost": 0.42, "Total Cost": 1.11, "Plan Rows": 6, "Plan Width": 4, "Actual Rows": 44, "Actual Loops": 2353, "Index Cond": "(userid = c.userid)", "Rows Removed by Index Recheck": 0, "Filter": "(creationdate <= '2013-03-08 22:17:58'::timestamp without time zone)", "Rows Removed by Filter": 39, "Workers": []}]}]}, {"Node Type": "Materialize", "Parent Relationship": "Inner", "Parallel Aware": false, "Async Capable": false, "Startup Cost": 1.0, "Total Cost": 3109.93, "Plan Rows": 212.0, "Plan Width": 12, "Actual Rows": 17680102, "Actual Loops": 2, "Workers": [], "Plans": [{"Node Type": "Nested Loop", "Parent Relationship": "Outer", "Parallel Aware": false, "Async Capable": false, "Join Type": "Inner", "Startup Cost": 1.0, "Total Cost": 3109.8, "Plan Rows": 212.0, "Plan Width": 12, "Actual Rows": 5894, "Actual Loops": 2, "Inner Unique": false, "Join Filter": "(p.owneruserid = v.userid)", "Rows Removed by Join Filter": 0, "Workers": [], "Plans": [{"Node Type": "Merge Join", "Parent Relationship": "Outer", "Parallel Aware": false, "Async Capable": false, "Join Type": "Inner", "Startup Cost": 0.71, "Total Cost": 3086.38, "Plan Rows": 946.0, "Plan Width": 8, "Actual Rows": 364, "Actual Loops": 2, "Inner Unique": true, "Merge Cond": "(v.userid = u.id)", "Workers": [], "Plans": [{"Node Type": "Index Scan", "Parent Relationship": "Outer", "Parallel Aware": false, "Async Capable": false, "Scan Direction": "Forward", "Index Name": "idx_votes_userid", "Relation Name": "votes", "Alias": "v", "Startup Cost": 0.42, "Total Cost": 13242.63, "Plan Rows": 1033, "Plan Width": 4, "Actual Rows": 766, "Actual Loops": 2, "Filter": "((bountyamount >= 9) AND (creationdate >= '2012-09-26 10:40:24'::timestamp without time zone))", "Rows Removed by Filter": 32623, "Workers": []}, {"Node Type": "Index Scan", "Parent Relationship": "Inner", "Parallel Aware": false, "Async Capable": false, "Scan Direction": "Forward", "Index Name": "users_pkey", "Relation Name": "users", "Alias": "u", "Startup Cost": 0.29, "Total Cost": 1659.6, "Plan Rows": 11392, "Plan Width": 4, "Actual Rows": 11391, "Actual Loops": 2, "Filter": "((upvotes <= 705) AND (creationdate >= '2010-11-05 19:45:03'::timestamp without time zone) AND (creationdate <= '2012-11-20 18:57:51'::timestamp without time zone))", "Rows Removed by Filter": 28934, "Workers": []}]}, {"Node Type": "Index Scan", "Parent Relationship": "Inner", "Parallel Aware": false, "Async Capable": false, "Scan Direction": "Forward", "Index Name": "idx_posts_owneruserid", "Relation Name": "posts", "Alias": "p", "Startup Cost": 0.29, "Total Cost": 0.74, "Plan Rows": 1, "Plan Width": 4, "Actual Rows": 16, "Actual Loops": 728, "Index Cond": "(owneruserid = u.id)", "Rows Removed by Index Recheck": 0, "Filter": "((answercount >= 1) AND (answercount <= 39) AND (creationdate >= '2010-12-25 02:20:35'::timestamp without time zone) AND (creationdate <= '2014-02-10 21:28:46'::timestamp without time zone))", "Rows Removed by Filter": 31, "Workers": []}]}]}]}]}]}]}, "Planning Time": 9.257, "Triggers": [], "Execution Time": 2381.473}, {"Plan": {"Node Type": "Aggregate", "Strategy": "Plain", "Partial Mode": "Finalize", "Parallel Aware": false, "Async Capable": false, "Startup Cost": 29396.24, "Total Cost": 29396.25, "Plan Rows": 1, "Plan Width": 8, "Actual Rows": 1, "Actual Loops": 1, "Plans": [{"Node Type": "Gather", "Parent Relationship": "Outer", "Parallel Aware": false, "Async Capable": false, "Startup Cost": 29396.13, "Total Cost": 29396.24, "Plan Rows": 1, "Plan Width": 8, "Actual Rows": 2, "Actual Loops": 1, "Workers Planned": 1, "Workers Launched": 1, "Single Copy": false, "Plans": [{"Node Type": "Aggregate", "Strategy": "Plain", "Partial Mode": "Partial", "Parent Relationship": "Outer", "Parallel Aware": false, "Async Capable": false, "Startup Cost": 28396.13, "Total Cost": 28396.14, "Plan Rows": 1, "Plan Width": 8, "Actual Rows": 1, "Actual Loops": 2, "Workers": [], "Plans": [{"Node Type": "Merge Join", "Parent Relationship": "Outer", "Parallel Aware": false, "Async Capable": false, "Join Type": "Inner", "Startup Cost": 1.73, "Total Cost": 18599.37, "Plan Rows": 35.0, "Plan Width": 0, "Actual Rows": 17677290, "Actual Loops": 2, "Inner Unique": false, "Merge Cond": "(c.userid = v.userid)", "Workers": [], "Plans": [{"Node Type": "Nested Loop", "Parent Relationship": "Outer", "Parallel Aware": false, "Async Capable": false, "Join Type": "Inner", "Startup Cost": 0.6, "Total Cost": 14077.43, "Plan Rows": 31.0, "Plan Width": 8, "Actual Rows": 63210, "Actual Loops": 2, "Inner Unique": false, "Workers": [], "Plans": [{"Node Type": "Index Scan", "Parent Relationship": "Outer", "Parallel Aware": true, "Async Capable": false, "Scan Direction": "Forward", "Index Name": "idx_comments_userid", "Relation Name": "comments", "Alias": "c", "Startup Cost": 0.29, "Total Cost": 7361.8, "Plan Rows": 14699, "Plan Width": 4, "Actual Rows": 10964, "Actual Loops": 2, "Filter": "(score = 1)", "Rows Removed by Filter": 59076, "Workers": []}, {"Node Type": "Memoize", "Parent Relationship": "Inner", "Parallel Aware": false, "Async Capable": false, "Startup Cost": 0.3, "Total Cost": 0.57, "Plan Rows": 1, "Plan Width": 4, "Actual Rows": 6, "Actual Loops": 21929, "Cache Key": "c.userid", "Cache Mode": "logical", "Cache Hits": 13805, "Cache Misses": 1098, "Cache Evictions": 0, "Cache Overflows": 0, "Peak Memory Usage": 236, "Workers": [{"Worker Number": 0, "Cache Hits": 6112, "Cache Misses": 914, "Cache Evictions": 0, "Cache Overflows": 0, "Peak Memory Usage": 168}], "Plans": [{"Node Type": "Index Scan", "Parent Relationship": "Outer", "Parallel Aware": false, "Async Capable": false, "Scan Direction": "Forward", "Index Name": "idx_posts_owneruserid", "Relation Name": "posts", "Alias": "p", "Startup Cost": 0.29, "Total Cost": 0.56, "Plan Rows": 1, "Plan Width": 4, "Actual Rows": 4, "Actual Loops": 2012, "Index Cond": "(owneruserid = c.userid)", "Rows Removed by Index Recheck": 0, "Filter": "((answercount >= 1) AND (answercount <= 39) AND (creationdate >= '2010-12-25 02:20:35'::timestamp without time zone) AND (creationdate <= '2014-02-10 21:28:46'::timestamp without time zone))", "Rows Removed by Filter": 22, "Workers": []}]}]}, {"Node Type": "Materialize", "Parent Relationship": "Inner", "Parallel Aware": false, "Async Capable": false, "Startup Cost": 1.13, "Total Cost": 3139.83, "Plan Rows": 1259.0, "Plan Width": 12, "Actual Rows": 17690498, "Actual Loops": 2, "Workers": [], "Plans": [{"Node Type": "Nested Loop", "Parent Relationship": "Outer", "Parallel Aware": false, "Async Capable": false, "Join Type": "Inner", "Startup Cost": 1.13, "Total Cost": 3138.41, "Plan Rows": 1259.0, "Plan Width": 12, "Actual Rows": 28050, "Actual Loops": 2, "Inner Unique": false, "Join Filter": "(ph.userid = v.userid)", "Rows Removed by Join Filter": 0, "Workers": [], "Plans": [{"Node Type": "Merge Join", "Parent Relationship": "Outer", "Parallel Aware": false, "Async Capable": false, "Join Type": "Inner", "Startup Cost": 0.71, "Total Cost": 3086.38, "Plan Rows": 946.0, "Plan Width": 8, "Actual Rows": 364, "Actual Loops": 2, "Inner Unique": true, "Merge Cond": "(v.userid = u.id)", "Workers": [], "Plans": [{"Node Type": "Index Scan", "Parent Relationship": "Outer", "Parallel Aware": false, "Async Capable": false, "Scan Direction": "Forward", "Index Name": "idx_votes_userid", "Relation Name": "votes", "Alias": "v", "Startup Cost": 0.42, "Total Cost": 13242.63, "Plan Rows": 1033, "Plan Width": 4, "Actual Rows": 766, "Actual Loops": 2, "Filter": "((bountyamount >= 9) AND (creationdate >= '2012-09-26 10:40:24'::timestamp without time zone))", "Rows Removed by Filter": 32623, "Workers": []}, {"Node Type": "Index Scan", "Parent Relationship": "Inner", "Parallel Aware": false, "Async Capable": false, "Scan Direction": "Forward", "Index Name": "users_pkey", "Relation Name": "users", "Alias": "u", "Startup Cost": 0.29, "Total Cost": 1659.6, "Plan Rows": 11392, "Plan Width": 4, "Actual Rows": 11391, "Actual Loops": 2, "Filter": "((upvotes <= 705) AND (creationdate >= '2010-11-05 19:45:03'::timestamp without time zone) AND (creationdate <= '2012-11-20 18:57:51'::timestamp without time zone))", "Rows Removed by Filter": 28934, "Workers": []}]}, {"Node Type": "Index Scan", "Parent Relationship": "Inner", "Parallel Aware": false, "Async Capable": false, "Scan Direction": "Forward", "Index Name": "idx_posthistory_userid", "Relation Name": "posthistory", "Alias": "ph", "Startup Cost": 0.42, "Total Cost": 1.6, "Plan Rows": 6, "Plan Width": 4, "Actual Rows": 77, "Actual Loops": 728, "Index Cond": "(userid = u.id)", "Rows Removed by Index Recheck": 0, "Filter": "(creationdate <= '2013-03-08 22:17:58'::timestamp without time zone)", "Rows Removed by Filter": 63, "Workers": []}]}]}]}]}]}]}, "Planning Time": 9.543, "Triggers": [], "Execution Time": 1580.81}, {"Plan": {"Node Type": "Aggregate", "Strategy": "Plain", "Partial Mode": "Simple", "Parallel Aware": false, "Async Capable": false, "Startup Cost": 23227.91, "Total Cost": 23227.92, "Plan Rows": 1, "Plan Width": 8, "Actual Rows": 1, "Actual Loops": 1, "Plans": [{"Node Type": "Merge Join", "Parent Relationship": "Outer", "Parallel Aware": false, "Async Capable": false, "Join Type": "Inner", "Startup Cost": 4120.03, "Total Cost": 6573.41, "Plan Rows": 35.0, "Plan Width": 0, "Actual Rows": 35354580, "Actual Loops": 1, "Inner Unique": false, "Merge Cond": "(p.owneruserid = v.userid)", "Plans": [{"Node Type": "Sort", "Parent Relationship": "Outer", "Parallel Aware": false, "Async Capable": false, "Startup Cost": 4118.6, "Total Cost": 4168.93, "Plan Rows": 20131, "Plan Width": 4, "Actual Rows": 16627, "Actual Loops": 1, "Sort Key": ["p.owneruserid"], "Sort Method": "quicksort", "Sort Space Used": 769, "Sort Space Type": "Memory", "Plans": [{"Node Type": "Seq Scan", "Parent Relationship": "Outer", "Parallel Aware": false, "Async Capable": false, "Relation Name": "posts", "Alias": "p", "Startup Cost": 0.0, "Total Cost": 2679.52, "Plan Rows": 20131, "Plan Width": 4, "Actual Rows": 21032, "Actual Loops": 1, "Filter": "((answercount >= 1) AND (answercount <= 39) AND (creationdate >= '2010-12-25 02:20:35'::timestamp without time zone) AND (creationdate <= '2014-02-10 21:28:46'::timestamp without time zone))", "Rows Removed by Filter": 70944}]}, {"Node Type": "Materialize", "Parent Relationship": "Inner", "Parallel Aware": false, "Async Capable": false, "Startup Cost": 1.43, "Total Cost": 3525.48, "Plan Rows": 124.0, "Plan Width": 16, "Actual Rows": 35355139, "Actual Loops": 1, "Plans": [{"Node Type": "Nested Loop", "Parent Relationship": "Outer", "Parallel Aware": false, "Async Capable": false, "Join Type": "Inner", "Startup Cost": 1.43, "Total Cost": 3288.56, "Plan Rows": 124.0, "Plan Width": 16, "Actual Rows": 976767, "Actual Loops": 1, "Inner Unique": false, "Join Filter": "(ph.userid = v.userid)", "Rows Removed by Join Filter": 0, "Plans": [{"Node Type": "Nested Loop", "Parent Relationship": "Outer", "Parallel Aware": false, "Async Capable": false, "Join Type": "Inner", "Startup Cost": 1.01, "Total Cost": 3121.01, "Plan Rows": 107.0, "Plan Width": 12, "Actual Rows": 4403, "Actual Loops": 1, "Inner Unique": false, "Join Filter": "(c.userid = v.userid)", "Rows Removed by Join Filter": 0, "Plans": [{"Node Type": "Merge Join", "Parent Relationship": "Outer", "Parallel Aware": false, "Async Capable": false, "Join Type": "Inner", "Startup Cost": 0.71, "Total Cost": 3086.38, "Plan Rows": 946.0, "Plan Width": 8, "Actual Rows": 364, "Actual Loops": 1, "Inner Unique": true, "Merge Cond": "(v.userid = u.id)", "Plans": [{"Node Type": "Index Scan", "Parent Relationship": "Outer", "Parallel Aware": false, "Async Capable": false, "Scan Direction": "Forward", "Index Name": "idx_votes_userid", "Relation Name": "votes", "Alias": "v", "Startup Cost": 0.42, "Total Cost": 13242.63, "Plan Rows": 1033, "Plan Width": 4, "Actual Rows": 766, "Actual Loops": 1, "Filter": "((bountyamount >= 9) AND (creationdate >= '2012-09-26 10:40:24'::timestamp without time zone))", "Rows Removed by Filter": 32623}, {"Node Type": "Index Scan", "Parent Relationship": "Inner", "Parallel Aware": false, "Async Capable": false, "Scan Direction": "Forward", "Index Name": "users_pkey", "Relation Name": "users", "Alias": "u", "Startup Cost": 0.29, "Total Cost": 1659.6, "Plan Rows": 11392, "Plan Width": 4, "Actual Rows": 11391, "Actual Loops": 1, "Filter": "((upvotes <= 705) AND (creationdate >= '2010-11-05 19:45:03'::timestamp without time zone) AND (creationdate <= '2012-11-20 18:57:51'::timestamp without time zone))", "Rows Removed by Filter": 28934}]}, {"Node Type": "Index Scan", "Parent Relationship": "Inner", "Parallel Aware": false, "Async Capable": false, "Scan Direction": "Forward", "Index Name": "idx_comments_userid", "Relation Name": "comments", "Alias": "c", "Startup Cost": 0.29, "Total Cost": 1.09, "Plan Rows": 2, "Plan Width": 4, "Actual Rows": 12, "Actual Loops": 364, "Index Cond": "(userid = u.id)", "Rows Removed by Index Recheck": 0, "Filter": "(score = 1)", "Rows Removed by Filter": 91}]}, {"Node Type": "Index Scan", "Parent Relationship": "Inner", "Parallel Aware": false, "Async Capable": false, "Scan Direction": "Forward", "Index Name": "idx_posthistory_userid", "Relation Name": "posthistory", "Alias": "ph", "Startup Cost": 0.42, "Total Cost": 1.11, "Plan Rows": 6, "Plan Width": 4, "Actual Rows": 222, "Actual Loops": 4403, "Index Cond": "(userid = c.userid)", "Rows Removed by Index Recheck": 0, "Filter": "(creationdate <= '2013-03-08 22:17:58'::timestamp without time zone)", "Rows Removed by Filter": 145}]}]}]}]}, "Planning Time": 4.896, "Triggers": [], "Execution Time": 3423.66}, {"Plan": {"Node Type": "Aggregate", "Strategy": "Plain", "Partial Mode": "Simple", "Parallel Aware": false, "Async Capable": false, "Startup Cost": 48365.51, "Total Cost": 48365.52, "Plan Rows": 1, "Plan Width": 8, "Actual Rows": 1, "Actual Loops": 1, "Plans": [{"Node Type": "Merge Join", "Parent Relationship": "Outer", "Parallel Aware": false, "Async Capable": false, "Join Type": "Inner", "Startup Cost": 9467.94, "Total Cost": 31711.01, "Plan Rows": 35.0, "Plan Width": 0, "Actual Rows": 35354580, "Actual Loops": 1, "Inner Unique": false, "Merge Cond": "(u.id = v.userid)", "Plans": [{"Node Type": "Nested Loop", "Parent Relationship": "Outer", "Parallel Aware": false, "Async Capable": false, "Join Type": "Inner", "Startup Cost": 5348.92, "Total Cost": 15477.31, "Plan Rows": 17.0, "Plan Width": 12, "Actual Rows": 823316, "Actual Loops": 1, "Inner Unique": false, "Join Filter": "(ph.userid = u.id)", "Rows Removed by Join Filter": 0, "Plans": [{"Node Type": "Merge Join", "Parent Relationship": "Outer", "Parallel Aware": false, "Async Capable": false, "Join Type": "Inner", "Startup Cost": 5348.49, "Total Cost": 7228.43, "Plan Rows": 6.0, "Plan Width": 8, "Actual Rows": 6623, "Actual Loops": 1, "Inner Unique": false, "Merge Cond": "(u.id = c.userid)", "Plans": [{"Node Type": "Index Scan", "Parent Relationship": "Outer", "Parallel Aware": false, "Async Capable": false, "Scan Direction": "Forward", "Index Name": "users_pkey", "Relation Name": "users", "Alias": "u", "Startup Cost": 0.29, "Total Cost": 1659.6, "Plan Rows": 11392, "Plan Width": 4, "Actual Rows": 11391, "Actual Loops": 1, "Filter": "((upvotes <= 705) AND (creationdate >= '2010-11-05 19:45:03'::timestamp without time zone) AND (creationdate <= '2012-11-20 18:57:51'::timestamp without time zone))", "Rows Removed by Filter": 28934}, {"Node Type": "Sort", "Parent Relationship": "Inner", "Parallel Aware": false, "Async Capable": false, "Startup Cost": 5348.05, "Total Cost": 5410.52, "Plan Rows": 24988, "Plan Width": 4, "Actual Rows": 24055, "Actual Loops": 1, "Sort Key": ["c.userid"], "Sort Method": "quicksort", "Sort Space Used": 769, "Sort Space Type": "Memory", "Plans": [{"Node Type": "Seq Scan", "Parent Relationship": "Outer", "Parallel Aware": false, "Async Capable": false, "Relation Name": "comments", "Alias": "c", "Startup Cost": 0.0, "Total Cost": 3522.81, "Plan Rows": 24988, "Plan Width": 4, "Actual Rows": 25003, "Actual Loops": 1, "Filter": "(score = 1)", "Rows Removed by Filter": 149302}]}]}, {"Node Type": "Index Scan", "Parent Relationship": "Inner", "Parallel Aware": false, "Async Capable": false, "Scan Direction": "Forward", "Index Name": "idx_posthistory_userid", "Relation Name": "posthistory", "Alias": "ph", "Startup Cost": 0.42, "Total Cost": 1.11, "Plan Rows": 6, "Plan Width": 4, "Actual Rows": 124, "Actual Loops": 6623, "Index Cond": "(userid = c.userid)", "Rows Removed by Index Recheck": 0, "Filter": "(creationdate <= '2013-03-08 22:17:58'::timestamp without time zone)", "Rows Removed by Filter": 90}]}, {"Node Type": "Materialize", "Parent Relationship": "Inner", "Parallel Aware": false, "Async Capable": false, "Startup Cost": 4119.02, "Total Cost": 5639.3, "Plan Rows": 2020.0, "Plan Width": 8, "Actual Rows": 35356482, "Actual Loops": 1, "Plans": [{"Node Type": "Merge Join", "Parent Relationship": "Outer", "Parallel Aware": false, "Async Capable": false, "Join Type": "Inner", "Startup Cost": 4119.02, "Total Cost": 5634.89, "Plan Rows": 2020.0, "Plan Width": 8, "Actual Rows": 7416, "Actual Loops": 1, "Inner Unique": false, "Merge Cond": "(v.userid = p.owneruserid)", "Plans": [{"Node Type": "Index Scan", "Parent Relationship": "Outer", "Parallel Aware": false, "Async Capable": false, "Scan Direction": "Forward", "Index Name": "idx_votes_userid", "Relation Name": "votes", "Alias": "v", "Startup Cost": 0.42, "Total Cost": 13242.63, "Plan Rows": 1033, "Plan Width": 4, "Actual Rows": 604, "Actual Loops": 1, "Filter": "((bountyamount >= 9) AND (creationdate >= '2012-09-26 10:40:24'::timestamp without time zone))", "Rows Removed by Filter": 27066}, {"Node Type": "Sort", "Parent Relationship": "Inner", "Parallel Aware": false, "Async Capable": false, "Startup Cost": 4118.6, "Total Cost": 4168.93, "Plan Rows": 20131, "Plan Width": 4, "Actual Rows": 21467, "Actual Loops": 1, "Sort Key": ["p.owneruserid"], "Sort Method": "quicksort", "Sort Space Used": 769, "Sort Space Type": "Memory", "Plans": [{"Node Type": "Seq Scan", "Parent Relationship": "Outer", "Parallel Aware": false, "Async Capable": false, "Relation Name": "posts", "Alias": "p", "Startup Cost": 0.0, "Total Cost": 2679.52, "Plan Rows": 20131, "Plan Width": 4, "Actual Rows": 21032, "Actual Loops": 1, "Filter": "((answercount >= 1) AND (answercount <= 39) AND (creationdate >= '2010-12-25 02:20:35'::timestamp without time zone) AND (creationdate <= '2014-02-10 21:28:46'::timestamp without time zone))", "Rows Removed by Filter": 70944}]}]}]}]}]}, "Planning Time": 4.998, "Triggers": [], "Execution Time": 3084.09}, {"Plan": {"Node Type": "Aggregate", "Strategy": "Plain", "Partial Mode": "Finalize", "Parallel Aware": false, "Async Capable": false, "Startup Cost": 36189.36, "Total Cost": 36189.37, "Plan Rows": 1, "Plan Width": 8, "Actual Rows": 1, "Actual Loops": 1, "Plans": [{"Node Type": "Gather", "Parent Relationship": "Outer", "Parallel Aware": false, "Async Capable": false, "Startup Cost": 36189.24, "Total Cost": 36189.35, "Plan Rows": 1, "Plan Width": 8, "Actual Rows": 2, "Actual Loops": 1, "Workers Planned": 1, "Workers Launched": 1, "Single Copy": false, "Plans": [{"Node Type": "Aggregate", "Strategy": "Plain", "Partial Mode": "Partial", "Parent Relationship": "Outer", "Parallel Aware": false, "Async Capable": false, "Startup Cost": 35189.24, "Total Cost": 35189.25, "Plan Rows": 1, "Plan Width": 8, "Actual Rows": 1, "Actual Loops": 2, "Workers": [], "Plans": [{"Node Type": "Merge Join", "Parent Relationship": "Outer", "Parallel Aware": false, "Async Capable": false, "Join Type": "Inner", "Startup Cost": 1.73, "Total Cost": 25392.48, "Plan Rows": 35.0, "Plan Width": 0, "Actual Rows": 17677290, "Actual Loops": 2, "Inner Unique": false, "Merge Cond": "(v.userid = c.userid)", "Workers": [], "Plans": [{"Node Type": "Nested Loop", "Parent Relationship": "Outer", "Parallel Aware": false, "Async Capable": false, "Join Type": "Inner", "Startup Cost": 1.13, "Total Cost": 2899.68, "Plan Rows": 1259.0, "Plan Width": 12, "Actual Rows": 14025, "Actual Loops": 2, "Inner Unique": false, "Join Filter": "(ph.userid = v.userid)", "Rows Removed by Join Filter": 0, "Workers": [], "Plans": [{"Node Type": "Merge Join", "Parent Relationship": "Outer", "Parallel Aware": false, "Async Capable": false, "Join Type": "Inner", "Startup Cost": 0.71, "Total Cost": 2869.47, "Plan Rows": 946.0, "Plan Width": 8, "Actual Rows": 182, "Actual Loops": 2, "Inner Unique": true, "Merge Cond": "(v.userid = u.id)", "Workers": [], "Plans": [{"Node Type": "Index Scan", "Parent Relationship": "Outer", "Parallel Aware": true, "Async Capable": false, "Scan Direction": "Forward", "Index Name": "idx_votes_userid", "Relation Name": "votes", "Alias": "v", "Startup Cost": 0.42, "Total Cost": 11216.36, "Plan Rows": 608, "Plan Width": 4, "Actual Rows": 384, "Actual Loops": 2, "Filter": "((bountyamount >= 9) AND (creationdate >= '2012-09-26 10:40:24'::timestamp without time zone))", "Rows Removed by Filter": 16323, "Workers": []}, {"Node Type": "Index Scan", "Parent Relationship": "Inner", "Parallel Aware": false, "Async Capable": false, "Scan Direction": "Forward", "Index Name": "users_pkey", "Relation Name": "users", "Alias": "u", "Startup Cost": 0.29, "Total Cost": 1659.6, "Plan Rows": 11392, "Plan Width": 4, "Actual Rows": 11391, "Actual Loops": 2, "Filter": "((upvotes <= 705) AND (creationdate >= '2010-11-05 19:45:03'::timestamp without time zone) AND (creationdate <= '2012-11-20 18:57:51'::timestamp without time zone))", "Rows Removed by Filter": 28934, "Workers": []}]}, {"Node Type": "Index Scan", "Parent Relationship": "Inner", "Parallel Aware": false, "Async Capable": false, "Scan Direction": "Forward", "Index Name": "idx_posthistory_userid", "Relation Name": "posthistory", "Alias": "ph", "Startup Cost": 0.42, "Total Cost": 1.6, "Plan Rows": 6, "Plan Width": 4, "Actual Rows": 77, "Actual Loops": 364, "Index Cond": "(userid = u.id)", "Rows Removed by Index Recheck": 0, "Filter": "(creationdate <= '2013-03-08 22:17:58'::timestamp without time zone)", "Rows Removed by Filter": 63, "Workers": []}]}, {"Node Type": "Materialize", "Parent Relationship": "Inner", "Parallel Aware": false, "Async Capable": false, "Startup Cost": 0.6, "Total Cost": 19623.34, "Plan Rows": 31.0, "Plan Width": 8, "Actual Rows": 17787108, "Actual Loops": 2, "Workers": [], "Plans": [{"Node Type": "Nested Loop", "Parent Relationship": "Outer", "Parallel Aware": false, "Async Capable": false, "Join Type": "Inner", "Startup Cost": 0.6, "Total Cost": 15231.99, "Plan Rows": 31.0, "Plan Width": 8, "Actual Rows": 123915, "Actual Loops": 2, "Inner Unique": false, "Workers": [], "Plans": [{"Node Type": "Index Scan", "Parent Relationship": "Outer", "Parallel Aware": false, "Async Capable": false, "Scan Direction": "Forward", "Index Name": "idx_comments_userid", "Relation Name": "comments", "Alias": "c", "Startup Cost": 0.29, "Total Cost": 8258.96, "Plan Rows": 24988, "Plan Width": 4, "Actual Rows": 20768, "Actual Loops": 2, "Filter": "(score = 1)", "Rows Removed by Filter": 110134, "Workers": []}, {"Node Type": "Memoize", "Parent Relationship": "Inner", "Parallel Aware": false, "Async Capable": false, "Startup Cost": 0.3, "Total Cost": 0.57, "Plan Rows": 1, "Plan Width": 4, "Actual Rows": 6, "Actual Loops": 41536, "Cache Key": "c.userid", "Cache Mode": "logical", "Cache Hits": 19927, "Cache Misses": 2001, "Cache Evictions": 0, "Cache Overflows": 0, "Peak Memory Usage": 398, "Workers": [{"Worker Number": 0, "Cache Hits": 18025, "Cache Misses": 1583, "Cache Evictions": 0, "Cache Overflows": 0, "Peak Memory Usage": 338}], "Plans": [{"Node Type": "Index Scan", "Parent Relationship": "Outer", "Parallel Aware": false, "Async Capable": false, "Scan Direction": "Forward", "Index Name": "idx_posts_owneruserid", "Relation Name": "posts", "Alias": "p", "Startup Cost": 0.29, "Total Cost": 0.56, "Plan Rows": 1, "Plan Width": 4, "Actual Rows": 4, "Actual Loops": 3584, "Index Cond": "(owneruserid = c.userid)", "Rows Removed by Index Recheck": 0, "Filter": "((answercount >= 1) AND (answercount <= 39) AND (creationdate >= '2010-12-25 02:20:35'::timestamp without time zone) AND (creationdate <= '2014-02-10 21:28:46'::timestamp without time zone))", "Rows Removed by Filter": 21, "Workers": []}]}]}]}]}]}]}]}, "Planning Time": 7.471, "Triggers": [], "Execution Time": 1579.916}, {"Plan": {"Node Type": "Aggregate", "Strategy": "Plain", "Partial Mode": "Simple", "Parallel Aware": false, "Async Capable": false, "Startup Cost": 1698882.52, "Total Cost": 1698882.53, "Plan Rows": 1, "Plan Width": 8, "Actual Rows": 1, "Actual Loops": 1, "Plans": [{"Node Type": "Merge Join", "Parent Relationship": "Outer", "Parallel Aware": false, "Async Capable": false, "Join Type": "Inner", "Startup Cost": 9468.81, "Total Cost": 1682228.02, "Plan Rows": 35.0, "Plan Width": 0, "Actual Rows": 35354580, "Actual Loops": 1, "Inner Unique": false, "Merge Cond": "(v.userid = u.id)", "Plans": [{"Node Type": "Index Scan", "Parent Relationship": "Outer", "Parallel Aware": false, "Async Capable": false, "Scan Direction": "Forward", "Index Name": "idx_votes_userid", "Relation Name": "votes", "Alias": "v", "Startup Cost": 0.42, "Total Cost": 13242.63, "Plan Rows": 1033, "Plan Width": 4, "Actual Rows": 603, "Actual Loops": 1, "Filter": "((bountyamount >= 9) AND (creationdate >= '2012-09-26 10:40:24'::timestamp without time zone))", "Rows Removed by Filter": 27011}, {"Node Type": "Materialize", "Parent Relationship": "Inner", "Parallel Aware": false, "Async Capable": false, "Startup Cost": 9468.38, "Total Cost": 853816.9, "Plan Rows": 5.0, "Plan Width": 16, "Actual Rows": 37149434, "Actual Loops": 1, "Plans": [{"Node Type": "Merge Join", "Parent Relationship": "Outer", "Parallel Aware": false, "Async Capable": false, "Join Type": "Inner", "Startup Cost": 9468.38, "Total Cost": 35669.44, "Plan Rows": 5.0, "Plan Width": 16, "Actual Rows": 8746747, "Actual Loops": 1, "Inner Unique": false, "Merge Cond": "(u.id = c.userid)", "Plans": [{"Node Type": "Nested Loop", "Parent Relationship": "Outer", "Parallel Aware": false, "Async Capable": false, "Join Type": "Inner", "Startup Cost": 4119.31, "Total Cost": 13172.33, "Plan Rows": 35.0, "Plan Width": 12, "Actual Rows": 462780, "Actual Loops": 1, "Inner Unique": false, "Join Filter": "(ph.userid = u.id)", "Rows Removed by Join Filter": 0, "Plans": [{"Node Type": "Merge Join", "Parent Relationship": "Outer", "Parallel Aware": false, "Async Capable": false, "Join Type": "Inner", "Startup Cost": 4118.89, "Total Cost": 5961.82, "Plan Rows": 41.0, "Plan Width": 8, "Actual Rows": 11444, "Actual Loops": 1, "Inner Unique": false, "Merge Cond": "(u.id = p.owneruserid)", "Plans": [{"Node Type": "Index Scan", "Parent Relationship": "Outer", "Parallel Aware": false, "Async Capable": false, "Scan Direction": "Forward", "Index Name": "users_pkey", "Relation Name": "users", "Alias": "u", "Startup Cost": 0.29, "Total Cost": 1659.6, "Plan Rows": 11392, "Plan Width": 4, "Actual Rows": 11391, "Actual Loops": 1, "Filter": "((upvotes <= 705) AND (creationdate >= '2010-11-05 19:45:03'::timestamp without time zone) AND (creationdate <= '2012-11-20 18:57:51'::timestamp without time zone))", "Rows Removed by Filter": 28934}, {"Node Type": "Sort", "Parent Relationship": "Inner", "Parallel Aware": false, "Async Capable": false, "Startup Cost": 4118.6, "Total Cost": 4168.93, "Plan Rows": 20131, "Plan Width": 4, "Actual Rows": 20643, "Actual Loops": 1, "Sort Key": ["p.owneruserid"], "Sort Method": "quicksort", "Sort Space Used": 769, "Sort Space Type": "Memory", "Plans": [{"Node Type": "Seq Scan", "Parent Relationship": "Outer", "Parallel Aware": false, "Async Capable": false, "Relation Name": "posts", "Alias": "p", "Startup Cost": 0.0, "Total Cost": 2679.52, "Plan Rows": 20131, "Plan Width": 4, "Actual Rows": 21032, "Actual Loops": 1, "Filter": "((answercount >= 1) AND (answercount <= 39) AND (creationdate >= '2010-12-25 02:20:35'::timestamp without time zone) AND (creationdate <= '2014-02-10 21:28:46'::timestamp without time zone))", "Rows Removed by Filter": 70944}]}]}, {"Node Type": "Index Scan", "Parent Relationship": "Inner", "Parallel Aware": false, "Async Capable": false, "Scan Direction": "Forward", "Index Name": "idx_posthistory_userid", "Relation Name": "posthistory", "Alias": "ph", "Startup Cost": 0.42, "Total Cost": 1.21, "Plan Rows": 6, "Plan Width": 4, "Actual Rows": 40, "Actual Loops": 11444, "Index Cond": "(userid = p.owneruserid)", "Rows Removed by Index Recheck": 0, "Filter": "(creationdate <= '2013-03-08 22:17:58'::timestamp without time zone)", "Rows Removed by Filter": 21}]}, {"Node Type": "Sort", "Parent Relationship": "Inner", "Parallel Aware": false, "Async Capable": false, "Startup Cost": 5348.05, "Total Cost": 5410.52, "Plan Rows": 24988, "Plan Width": 4, "Actual Rows": 8765601, "Actual Loops": 1, "Sort Key": ["c.userid"], "Sort Method": "quicksort", "Sort Space Used": 769, "Sort Space Type": "Memory", "Plans": [{"Node Type": "Seq Scan", "Parent Relationship": "Outer", "Parallel Aware": false, "Async Capable": false, "Relation Name": "comments", "Alias": "c", "Startup Cost": 0.0, "Total Cost": 3522.81, "Plan Rows": 24988, "Plan Width": 4, "Actual Rows": 25003, "Actual Loops": 1, "Filter": "(score = 1)", "Rows Removed by Filter": 149302}]}]}]}]}]}, "Planning Time": 5.229, "Triggers": [], "Execution Time": 5528.538}, {"Plan": {"Node Type": "Aggregate", "Strategy": "Plain", "Partial Mode": "Finalize", "Parallel Aware": false, "Async Capable": false, "Startup Cost": 21142.39, "Total Cost": 21142.4, "Plan Rows": 1, "Plan Width": 8, "Actual Rows": 1, "Actual Loops": 1, "Plans": [{"Node Type": "Gather", "Parent Relationship": "Outer", "Parallel Aware": false, "Async Capable": false, "Startup Cost": 21142.28, "Total Cost": 21142.39, "Plan Rows": 1, "Plan Width": 8, "Actual Rows": 2, "Actual Loops": 1, "Workers Planned": 1, "Workers Launched": 1, "Single Copy": false, "Plans": [{"Node Type": "Aggregate", "Strategy": "Plain", "Partial Mode": "Partial", "Parent Relationship": "Outer", "Parallel Aware": false, "Async Capable": false, "Startup Cost": 20142.28, "Total Cost": 20142.29, "Plan Rows": 1, "Plan Width": 8, "Actual Rows": 1, "Actual Loops": 2, "Workers": [], "Plans": [{"Node Type": "Merge Join", "Parent Relationship": "Outer", "Parallel Aware": false, "Async Capable": false, "Join Type": "Inner", "Startup Cost": 5414.49, "Total Cost": 10345.52, "Plan Rows": 35.0, "Plan Width": 0, "Actual Rows": 17677290, "Actual Loops": 2, "Inner Unique": false, "Merge Cond": "(u.id = v.userid)", "Workers": [], "Plans": [{"Node Type": "Nested Loop", "Parent Relationship": "Outer", "Parallel Aware": false, "Async Capable": false, "Join Type": "Inner", "Startup Cost": 5413.64, "Total Cost": 7912.42, "Plan Rows": 3.0, "Plan Width": 12, "Actual Rows": 22492, "Actual Loops": 2, "Inner Unique": false, "Join Filter": "(p.owneruserid = u.id)", "Rows Removed by Join Filter": 0, "Workers": [], "Plans": [{"Node Type": "Merge Join", "Parent Relationship": "Outer", "Parallel Aware": false, "Async Capable": false, "Join Type": "Inner", "Startup Cost": 5413.35, "Total Cost": 5583.42, "Plan Rows": 6.0, "Plan Width": 8, "Actual Rows": 3312, "Actual Loops": 2, "Inner Unique": true, "Merge Cond": "(c.userid = u.id)", "Workers": [], "Plans": [{"Node Type": "Sort", "Parent Relationship": "Outer", "Parallel Aware": false, "Async Capable": false, "Startup Cost": 3643.08, "Total Cost": 3679.82, "Plan Rows": 14699, "Plan Width": 4, "Actual Rows": 12028, "Actual Loops": 2, "Sort Key": ["c.userid"], "Sort Method": "quicksort", "Sort Space Used": 769, "Sort Space Type": "Memory", "Workers": [{"Worker Number": 0, "Sort Method": "quicksort", "Sort Space Used": 193, "Sort Space Type": "Memory"}], "Plans": [{"Node Type": "Seq Scan", "Parent Relationship": "Outer", "Parallel Aware": true, "Async Capable": false, "Relation Name": "comments", "Alias": "c", "Startup Cost": 0.0, "Total Cost": 2625.65, "Plan Rows": 14699, "Plan Width": 4, "Actual Rows": 12502, "Actual Loops": 2, "Filter": "(score = 1)", "Rows Removed by Filter": 74651, "Workers": []}]}, {"Node Type": "Sort", "Parent Relationship": "Inner", "Parallel Aware": false, "Async Capable": false, "Startup Cost": 1770.27, "Total Cost": 1798.75, "Plan Rows": 11392, "Plan Width": 4, "Actual Rows": 11391, "Actual Loops": 2, "Sort Key": ["u.id"], "Sort Method": "quicksort", "Sort Space Used": 385, "Sort Space Type": "Memory", "Workers": [{"Worker Number": 0, "Sort Method": "quicksort", "Sort Space Used": 385, "Sort Space Type": "Memory"}], "Plans": [{"Node Type": "Seq Scan", "Parent Relationship": "Outer", "Parallel Aware": false, "Async Capable": false, "Relation Name": "users", "Alias": "u", "Startup Cost": 0.0, "Total Cost": 1002.69, "Plan Rows": 11392, "Plan Width": 4, "Actual Rows": 11391, "Actual Loops": 2, "Filter": "((upvotes <= 705) AND (creationdate >= '2010-11-05 19:45:03'::timestamp without time zone) AND (creationdate <= '2012-11-20 18:57:51'::timestamp without time zone))", "Rows Removed by Filter": 28934, "Workers": []}]}]}, {"Node Type": "Index Scan", "Parent Relationship": "Inner", "Parallel Aware": false, "Async Capable": false, "Scan Direction": "Forward", "Index Name": "idx_posts_owneruserid", "Relation Name": "posts", "Alias": "p", "Startup Cost": 0.29, "Total Cost": 0.56, "Plan Rows": 1, "Plan Width": 4, "Actual Rows": 7, "Actual Loops": 6623, "Index Cond": "(owneruserid = c.userid)", "Rows Removed by Index Recheck": 0, "Filter": "((answercount >= 1) AND (answercount <= 39) AND (creationdate >= '2010-12-25 02:20:35'::timestamp without time zone) AND (creationdate <= '2014-02-10 21:28:46'::timestamp without time zone))", "Rows Removed by Filter": 110, "Workers": []}]}, {"Node Type": "Materialize", "Parent Relationship": "Inner", "Parallel Aware": false, "Async Capable": false, "Startup Cost": 0.84, "Total Cost": 14821.71, "Plan Rows": 8983.0, "Plan Width": 8, "Actual Rows": 17817340, "Actual Loops": 2, "Workers": [], "Plans": [{"Node Type": "Merge Join", "Parent Relationship": "Outer", "Parallel Aware": false, "Async Capable": false, "Join Type": "Inner", "Startup Cost": 0.84, "Total Cost": 14774.37, "Plan Rows": 8983.0, "Plan Width": 8, "Actual Rows": 164102, "Actual Loops": 2, "Inner Unique": false, "Merge Cond": "(v.userid = ph.userid)", "Workers": [], "Plans": [{"Node Type": "Index Scan", "Parent Relationship": "Outer", "Parallel Aware": false, "Async Capable": false, "Scan Direction": "Forward", "Index Name": "idx_votes_userid", "Relation Name": "votes", "Alias": "v", "Startup Cost": 0.42, "Total Cost": 13242.63, "Plan Rows": 1033, "Plan Width": 4, "Actual Rows": 809, "Actual Loops": 2, "Filter": "((bountyamount >= 9) AND (creationdate >= '2012-09-26 10:40:24'::timestamp without time zone))", "Rows Removed by Filter": 33975, "Workers": []}, {"Node Type": "Index Scan", "Parent Relationship": "Inner", "Parallel Aware": false, "Async Capable": false, "Scan Direction": "Forward", "Index Name": "idx_posthistory_userid", "Relation Name": "posthistory", "Alias": "ph", "Startup Cost": 0.42, "Total Cost": 12849.99, "Plan Rows": 134815, "Plan Width": 4, "Actual Rows": 252634, "Actual Loops": 2, "Filter": "(creationdate <= '2013-03-08 22:17:58'::timestamp without time zone)", "Rows Removed by Filter": 414220, "Workers": []}]}]}]}]}]}]}, "Planning Time": 5.271, "Triggers": [], "Execution Time": 2822.464}, {"Plan": {"Node Type": "Aggregate", "Strategy": "Plain", "Partial Mode": "Finalize", "Parallel Aware": false, "Async Capable": false, "Startup Cost": 92321.15, "Total Cost": 92321.16, "Plan Rows": 1, "Plan Width": 8, "Actual Rows": 1, "Actual Loops": 1, "Plans": [{"Node Type": "Gather", "Parent Relationship": "Outer", "Parallel Aware": false, "Async Capable": false, "Startup Cost": 92321.03, "Total Cost": 92321.14, "Plan Rows": 1, "Plan Width": 8, "Actual Rows": 2, "Actual Loops": 1, "Workers Planned": 1, "Workers Launched": 1, "Single Copy": false, "Plans": [{"Node Type": "Aggregate", "Strategy": "Plain", "Partial Mode": "Partial", "Parent Relationship": "Outer", "Parallel Aware": false, "Async Capable": false, "Startup Cost": 91321.03, "Total Cost": 91321.04, "Plan Rows": 1, "Plan Width": 8, "Actual Rows": 1, "Actual Loops": 2, "Workers": [], "Plans": [{"Node Type": "Merge Join", "Parent Relationship": "Outer", "Parallel Aware": false, "Async Capable": false, "Join Type": "Inner", "Startup Cost": 4120.04, "Total Cost": 81524.27, "Plan Rows": 35.0, "Plan Width": 0, "Actual Rows": 17677290, "Actual Loops": 2, "Inner Unique": true, "Merge Cond": "(v.userid = u.id)", "Workers": [], "Plans": [{"Node Type": "Nested Loop", "Parent Relationship": "Outer", "Parallel Aware": false, "Async Capable": false, "Join Type": "Inner", "Startup Cost": 4119.75, "Total Cost": 21624.03, "Plan Rows": 287.0, "Plan Width": 16, "Actual Rows": 156485458, "Actual Loops": 2, "Inner Unique": false, "Workers": [], "Plans": [{"Node Type": "Merge Join", "Parent Relationship": "Outer", "Parallel Aware": false, "Async Capable": false, "Join Type": "Inner", "Startup Cost": 4119.44, "Total Cost": 5944.68, "Plan Rows": 3226.0, "Plan Width": 12, "Actual Rows": 727240, "Actual Loops": 2, "Inner Unique": false, "Merge Cond": "(v.userid = p.owneruserid)", "Workers": [], "Plans": [{"Node Type": "Merge Join", "Parent Relationship": "Outer", "Parallel Aware": false, "Async Capable": false, "Join Type": "Inner", "Startup Cost": 0.84, "Total Cost": 14479.69, "Plan Rows": 8983.0, "Plan Width": 8, "Actual Rows": 82051, "Actual Loops": 2, "Inner Unique": false, "Merge Cond": "(v.userid = ph.userid)", "Workers": [], "Plans": [{"Node Type": "Index Scan", "Parent Relationship": "Outer", "Parallel Aware": true, "Async Capable": false, "Scan Direction": "Forward", "Index Name": "idx_votes_userid", "Relation Name": "votes", "Alias": "v", "Startup Cost": 0.42, "Total Cost": 11216.36, "Plan Rows": 608, "Plan Width": 4, "Actual Rows": 405, "Actual Loops": 2, "Filter": "((bountyamount >= 9) AND (creationdate >= '2012-09-26 10:40:24'::timestamp without time zone))", "Rows Removed by Filter": 77680, "Workers": []}, {"Node Type": "Index Scan", "Parent Relationship": "Inner", "Parallel Aware": false, "Async Capable": false, "Scan Direction": "Forward", "Index Name": "idx_posthistory_userid", "Relation Name": "posthistory", "Alias": "ph", "Startup Cost": 0.42, "Total Cost": 12849.99, "Plan Rows": 134815, "Plan Width": 4, "Actual Rows": 188032, "Actual Loops": 2, "Filter": "(creationdate <= '2013-03-08 22:17:58'::timestamp without time zone)", "Rows Removed by Filter": 285947, "Workers": []}]}, {"Node Type": "Sort", "Parent Relationship": "Inner", "Parallel Aware": false, "Async Capable": false, "Startup Cost": 4118.6, "Total Cost": 4168.93, "Plan Rows": 20131, "Plan Width": 4, "Actual Rows": 741528, "Actual Loops": 2, "Sort Key": ["p.owneruserid"], "Sort Method": "quicksort", "Sort Space Used": 769, "Sort Space Type": "Memory", "Workers": [{"Worker Number": 0, "Sort Method": "quicksort", "Sort Space Used": 769, "Sort Space Type": "Memory"}], "Plans": [{"Node Type": "Seq Scan", "Parent Relationship": "Outer", "Parallel Aware": false, "Async Capable": false, "Relation Name": "posts", "Alias": "p", "Startup Cost": 0.0, "Total Cost": 2679.52, "Plan Rows": 20131, "Plan Width": 4, "Actual Rows": 21032, "Actual Loops": 2, "Filter": "((answercount >= 1) AND (answercount <= 39) AND (creationdate >= '2010-12-25 02:20:35'::timestamp without time zone) AND (creationdate <= '2014-02-10 21:28:46'::timestamp without time zone))", "Rows Removed by Filter": 70944, "Workers": []}]}]}, {"Node Type": "Memoize", "Parent Relationship": "Inner", "Parallel Aware": false, "Async Capable": false, "Startup Cost": 0.3, "Total Cost": 5.97, "Plan Rows": 2, "Plan Width": 4, "Actual Rows": 215, "Actual Loops": 1454481, "Cache Key": "v.userid", "Cache Mode": "logical", "Cache Hits": 330412, "Cache Misses": 59, "Cache Evictions": 0, "Cache Overflows": 0, "Peak Memory Usage": 127, "Workers": [{"Worker Number": 0, "Cache Hits": 1123806, "Cache Misses": 204, "Cache Evictions": 0, "Cache Overflows": 0, "Peak Memory Usage": 259}], "Plans": [{"Node Type": "Index Scan", "Parent Relationship": "Outer", "Parallel Aware": false, "Async Capable": false, "Scan Direction": "Forward", "Index Name": "idx_comments_userid", "Relation Name": "comments", "Alias": "c", "Startup Cost": 0.29, "Total Cost": 5.96, "Plan Rows": 2, "Plan Width": 4, "Actual Rows": 40, "Actual Loops": 263, "Index Cond": "(userid = v.userid)", "Rows Removed by Index Recheck": 0, "Filter": "(score = 1)", "Rows Removed by Filter": 166, "Workers": []}]}]}, {"Node Type": "Index Scan", "Parent Relationship": "Inner", "Parallel Aware": false, "Async Capable": false, "Scan Direction": "Forward", "Index Name": "users_pkey", "Relation Name": "users", "Alias": "u", "Startup Cost": 0.29, "Total Cost": 1659.6, "Plan Rows": 11392, "Plan Width": 4, "Actual Rows": 11386, "Actual Loops": 2, "Filter": "((upvotes <= 705) AND (creationdate >= '2010-11-05 19:45:03'::timestamp without time zone) AND (creationdate <= '2012-11-20 18:57:51'::timestamp without time zone))", "Rows Removed by Filter": 5430, "Workers": []}]}]}]}]}, "Planning Time": 10.587, "Triggers": [], "Execution Time": 10431.091}, {"Plan": {"Node Type": "Aggregate", "Strategy": "Plain", "Partial Mode": "Finalize", "Parallel Aware": false, "Async Capable": false, "Startup Cost": 1919507.89, "Total Cost": 1919507.9, "Plan Rows": 1, "Plan Width": 8, "Actual Rows": 1, "Actual Loops": 1, "Plans": [{"Node Type": "Gather", "Parent Relationship": "Outer", "Parallel Aware": false, "Async Capable": false, "Startup Cost": 1919507.78, "Total Cost": 1919507.89, "Plan Rows": 1, "Plan Width": 8, "Actual Rows": 2, "Actual Loops": 1, "Workers Planned": 1, "Workers Launched": 1, "Single Copy": false, "Plans": [{"Node Type": "Aggregate", "Strategy": "Plain", "Partial Mode": "Partial", "Parent Relationship": "Outer", "Parallel Aware": false, "Async Capable": false, "Startup Cost": 1918507.78, "Total Cost": 1918507.79, "Plan Rows": 1, "Plan Width": 8, "Actual Rows": 1, "Actual Loops": 2, "Workers": [], "Plans": [{"Node Type": "Merge Join", "Parent Relationship": "Outer", "Parallel Aware": false, "Async Capable": false, "Join Type": "Inner", "Startup Cost": 1.74, "Total Cost": 1908711.01, "Plan Rows": 35.0, "Plan Width": 0, "Actual Rows": 17677290, "Actual Loops": 2, "Inner Unique": false, "Merge Cond": "(c.userid = v.userid)", "Workers": [], "Plans": [{"Node Type": "Nested Loop", "Parent Relationship": "Outer", "Parallel Aware": false, "Async Capable": false, "Join Type": "Inner", "Startup Cost": 1.03, "Total Cost": 117158.57, "Plan Rows": 30.0, "Plan Width": 12, "Actual Rows": 47922051, "Actual Loops": 2, "Inner Unique": false, "Workers": [], "Plans": [{"Node Type": "Nested Loop", "Parent Relationship": "Outer", "Parallel Aware": false, "Async Capable": false, "Join Type": "Inner", "Startup Cost": 0.6, "Total Cost": 14077.43, "Plan Rows": 31.0, "Plan Width": 8, "Actual Rows": 65446, "Actual Loops": 2, "Inner Unique": false, "Workers": [], "Plans": [{"Node Type": "Index Scan", "Parent Relationship": "Outer", "Parallel Aware": true, "Async Capable": false, "Scan Direction": "Forward", "Index Name": "idx_comments_userid", "Relation Name": "comments", "Alias": "c", "Startup Cost": 0.29, "Total Cost": 7361.8, "Plan Rows": 14699, "Plan Width": 4, "Actual Rows": 12500, "Actual Loops": 2, "Filter": "(score = 1)", "Rows Removed by Filter": 74614, "Workers": []}, {"Node Type": "Memoize", "Parent Relationship": "Inner", "Parallel Aware": false, "Async Capable": false, "Startup Cost": 0.3, "Total Cost": 0.57, "Plan Rows": 1, "Plan Width": 4, "Actual Rows": 5, "Actual Loops": 25000, "Cache Key": "c.userid", "Cache Mode": "logical", "Cache Hits": 10965, "Cache Misses": 1335, "Cache Evictions": 0, "Cache Overflows": 0, "Peak Memory Usage": 213, "Workers": [{"Worker Number": 0, "Cache Hits": 11010, "Cache Misses": 1690, "Cache Evictions": 0, "Cache Overflows": 0, "Peak Memory Usage": 291}], "Plans": [{"Node Type": "Index Scan", "Parent Relationship": "Outer", "Parallel Aware": false, "Async Capable": false, "Scan Direction": "Forward", "Index Name": "idx_posts_owneruserid", "Relation Name": "posts", "Alias": "p", "Startup Cost": 0.29, "Total Cost": 0.56, "Plan Rows": 1, "Plan Width": 4, "Actual Rows": 3, "Actual Loops": 3025, "Index Cond": "(owneruserid = c.userid)", "Rows Removed by Index Recheck": 0, "Filter": "((answercount >= 1) AND (answercount <= 39) AND (creationdate >= '2010-12-25 02:20:35'::timestamp without time zone) AND (creationdate <= '2014-02-10 21:28:46'::timestamp without time zone))", "Rows Removed by Filter": 18, "Workers": []}]}]}, {"Node Type": "Memoize", "Parent Relationship": "Inner", "Parallel Aware": false, "Async Capable": false, "Startup Cost": 0.43, "Total Cost": 1.12, "Plan Rows": 6, "Plan Width": 4, "Actual Rows": 732, "Actual Loops": 130891, "Cache Key": "c.userid", "Cache Mode": "logical", "Cache Hits": 66657, "Cache Misses": 665, "Cache Evictions": 0, "Cache Overflows": 0, "Peak Memory Usage": 1608, "Workers": [{"Worker Number": 0, "Cache Hits": 62341, "Cache Misses": 1228, "Cache Evictions": 0, "Cache Overflows": 0, "Peak Memory Usage": 1532}], "Plans": [{"Node Type": "Index Scan", "Parent Relationship": "Outer", "Parallel Aware": false, "Async Capable": false, "Scan Direction": "Forward", "Index Name": "idx_posthistory_userid", "Relation Name": "posthistory", "Alias": "ph", "Startup Cost": 0.42, "Total Cost": 1.11, "Plan Rows": 6, "Plan Width": 4, "Actual Rows": 45, "Actual Loops": 1893, "Index Cond": "(userid = c.userid)", "Rows Removed by Index Recheck": 0, "Filter": "(creationdate <= '2013-03-08 22:17:58'::timestamp without time zone)", "Rows Removed by Filter": 45, "Workers": []}]}]}, {"Node Type": "Materialize", "Parent Relationship": "Inner", "Parallel Aware": false, "Async Capable": false, "Startup Cost": 0.71, "Total Cost": 3086.46, "Plan Rows": 946.0, "Plan Width": 8, "Actual Rows": 17673463, "Actual Loops": 2, "Workers": [], "Plans": [{"Node Type": "Merge Join", "Parent Relationship": "Outer", "Parallel Aware": false, "Async Capable": false, "Join Type": "Inner", "Startup Cost": 0.71, "Total Cost": 3086.38, "Plan Rows": 946.0, "Plan Width": 8, "Actual Rows": 268, "Actual Loops": 2, "Inner Unique": true, "Merge Cond": "(v.userid = u.id)", "Workers": [], "Plans": [{"Node Type": "Index Scan", "Parent Relationship": "Outer", "Parallel Aware": false, "Async Capable": false, "Scan Direction": "Forward", "Index Name": "idx_votes_userid", "Relation Name": "votes", "Alias": "v", "Startup Cost": 0.42, "Total Cost": 13242.63, "Plan Rows": 1033, "Plan Width": 4, "Actual Rows": 528, "Actual Loops": 2, "Filter": "((bountyamount >= 9) AND (creationdate >= '2012-09-26 10:40:24'::timestamp without time zone))", "Rows Removed by Filter": 24362, "Workers": []}, {"Node Type": "Index Scan", "Parent Relationship": "Inner", "Parallel Aware": false, "Async Capable": false, "Scan Direction": "Forward", "Index Name": "users_pkey", "Relation Name": "users", "Alias": "u", "Startup Cost": 0.29, "Total Cost": 1659.6, "Plan Rows": 11392, "Plan Width": 4, "Actual Rows": 8221, "Actual Loops": 2, "Filter": "((upvotes <= 705) AND (creationdate >= '2010-11-05 19:45:03'::timestamp without time zone) AND (creationdate <= '2012-11-20 18:57:51'::timestamp without time zone))", "Rows Removed by Filter": 15092, "Workers": []}]}]}]}]}]}]}, "Planning Time": 9.9, "Triggers": [], "Execution Time": 4516.966}, {"Plan": {"Node Type": "Aggregate", "Strategy": "Plain", "Partial Mode": "Finalize", "Parallel Aware": false, "Async Capable": false, "Startup Cost": 61905.37, "Total Cost": 61905.38, "Plan Rows": 1, "Plan Width": 8, "Actual Rows": 1, "Actual Loops": 1, "Plans": [{"Node Type": "Gather", "Parent Relationship": "Outer", "Parallel Aware": false, "Async Capable": false, "Startup Cost": 61905.26, "Total Cost": 61905.37, "Plan Rows": 1, "Plan Width": 8, "Actual Rows": 2, "Actual Loops": 1, "Workers Planned": 1, "Workers Launched": 1, "Single Copy": false, "Plans": [{"Node Type": "Aggregate", "Strategy": "Plain", "Partial Mode": "Partial", "Parent Relationship": "Outer", "Parallel Aware": false, "Async Capable": false, "Startup Cost": 60905.26, "Total Cost": 60905.27, "Plan Rows": 1, "Plan Width": 8, "Actual Rows": 1, "Actual Loops": 2, "Workers": [], "Plans": [{"Node Type": "Merge Join", "Parent Relationship": "Outer", "Parallel Aware": false, "Async Capable": false, "Join Type": "Inner", "Startup Cost": 1.73, "Total Cost": 51108.49, "Plan Rows": 35.0, "Plan Width": 0, "Actual Rows": 17677290, "Actual Loops": 2, "Inner Unique": false, "Merge Cond": "(v.userid = p.owneruserid)", "Workers": [], "Plans": [{"Node Type": "Nested Loop", "Parent Relationship": "Outer", "Parallel Aware": false, "Async Capable": false, "Join Type": "Inner", "Startup Cost": 1.01, "Total Cost": 2889.58, "Plan Rows": 107.0, "Plan Width": 12, "Actual Rows": 2202, "Actual Loops": 2, "Inner Unique": false, "Join Filter": "(c.userid = v.userid)", "Rows Removed by Join Filter": 0, "Workers": [], "Plans": [{"Node Type": "Merge Join", "Parent Relationship": "Outer", "Parallel Aware": false, "Async Capable": false, "Join Type": "Inner", "Startup Cost": 0.71, "Total Cost": 2869.47, "Plan Rows": 946.0, "Plan Width": 8, "Actual Rows": 182, "Actual Loops": 2, "Inner Unique": true, "Merge Cond": "(v.userid = u.id)", "Workers": [], "Plans": [{"Node Type": "Index Scan", "Parent Relationship": "Outer", "Parallel Aware": true, "Async Capable": false, "Scan Direction": "Forward", "Index Name": "idx_votes_userid", "Relation Name": "votes", "Alias": "v", "Startup Cost": 0.42, "Total Cost": 11216.36, "Plan Rows": 608, "Plan Width": 4, "Actual Rows": 384, "Actual Loops": 2, "Filter": "((bountyamount >= 9) AND (creationdate >= '2012-09-26 10:40:24'::timestamp without time zone))", "Rows Removed by Filter": 16323, "Workers": []}, {"Node Type": "Index Scan", "Parent Relationship": "Inner", "Parallel Aware": false, "Async Capable": false, "Scan Direction": "Forward", "Index Name": "users_pkey", "Relation Name": "users", "Alias": "u", "Startup Cost": 0.29, "Total Cost": 1659.6, "Plan Rows": 11392, "Plan Width": 4, "Actual Rows": 11391, "Actual Loops": 2, "Filter": "((upvotes <= 705) AND (creationdate >= '2010-11-05 19:45:03'::timestamp without time zone) AND (creationdate <= '2012-11-20 18:57:51'::timestamp without time zone))", "Rows Removed by Filter": 28934, "Workers": []}]}, {"Node Type": "Index Scan", "Parent Relationship": "Inner", "Parallel Aware": false, "Async Capable": false, "Scan Direction": "Forward", "Index Name": "idx_comments_userid", "Relation Name": "comments", "Alias": "c", "Startup Cost": 0.29, "Total Cost": 1.09, "Plan Rows": 2, "Plan Width": 4, "Actual Rows": 12, "Actual Loops": 364, "Index Cond": "(userid = u.id)", "Rows Removed by Index Recheck": 0, "Filter": "(score = 1)", "Rows Removed by Filter": 91, "Workers": []}]}, {"Node Type": "Materialize", "Parent Relationship": "Inner", "Parallel Aware": false, "Async Capable": false, "Startup Cost": 0.72, "Total Cost": 37182.95, "Plan Rows": 263.0, "Plan Width": 8, "Actual Rows": 18493598, "Actual Loops": 2, "Workers": [], "Plans": [{"Node Type": "Nested Loop", "Parent Relationship": "Outer", "Parallel Aware": false, "Async Capable": false, "Join Type": "Inner", "Startup Cost": 0.72, "Total Cost": 23944.68, "Plan Rows": 263.0, "Plan Width": 8, "Actual Rows": 911268, "Actual Loops": 2, "Inner Unique": false, "Workers": [], "Plans": [{"Node Type": "Index Scan", "Parent Relationship": "Outer", "Parallel Aware": false, "Async Capable": false, "Scan Direction": "Forward", "Index Name": "idx_posts_owneruserid", "Relation Name": "posts", "Alias": "p", "Startup Cost": 0.29, "Total Cost": 5013.43, "Plan Rows": 20131, "Plan Width": 4, "Actual Rows": 15415, "Actual Loops": 2, "Filter": "((answercount >= 1) AND (answercount <= 39) AND (creationdate >= '2010-12-25 02:20:35'::timestamp without time zone) AND (creationdate <= '2014-02-10 21:28:46'::timestamp without time zone))", "Rows Removed by Filter": 46994, "Workers": []}, {"Node Type": "Memoize", "Parent Relationship": "Inner", "Parallel Aware": false, "Async Capable": false, "Startup Cost": 0.43, "Total Cost": 1.22, "Plan Rows": 6, "Plan Width": 4, "Actual Rows": 59, "Actual Loops": 30830, "Cache Key": "p.owneruserid", "Cache Mode": "logical", "Cache Hits": 10175, "Cache Misses": 8618, "Cache Evictions": 0, "Cache Overflows": 0, "Peak Memory Usage": 4040, "Workers": [{"Worker Number": 0, "Cache Hits": 7434, "Cache Misses": 4603, "Cache Evictions": 0, "Cache Overflows": 0, "Peak Memory Usage": 3449}], "Plans": [{"Node Type": "Index Scan", "Parent Relationship": "Outer", "Parallel Aware": false, "Async Capable": false, "Scan Direction": "Forward", "Index Name": "idx_posthistory_userid", "Relation Name": "posthistory", "Alias": "ph", "Startup Cost": 0.42, "Total Cost": 1.21, "Plan Rows": 6, "Plan Width": 4, "Actual Rows": 14, "Actual Loops": 13221, "Index Cond": "(userid = p.owneruserid)", "Rows Removed by Index Recheck": 0, "Filter": "(creationdate <= '2013-03-08 22:17:58'::timestamp without time zone)", "Rows Removed by Filter": 10, "Workers": []}]}]}]}]}]}]}]}, "Planning Time": 5.214, "Triggers": [], "Execution Time": 1858.452}, {"Plan": {"Node Type": "Aggregate", "Strategy": "Plain", "Partial Mode": "Simple", "Parallel Aware": false, "Async Capable": false, "Startup Cost": 209619.63, "Total Cost": 209619.64, "Plan Rows": 1, "Plan Width": 8, "Plans": [{"Node Type": "Merge Join", "Parent Relationship": "Outer", "Parallel Aware": false, "Async Capable": false, "Join Type": "Inner", "Startup Cost": 4120.04, "Total Cost": 192965.13, "Plan Rows": 35.0, "Plan Width": 0, "Inner Unique": false, "Merge Cond": "(u.id = v.userid)", "Plans": [{"Node Type": "Index Scan", "Parent Relationship": "Outer", "Parallel Aware": false, "Async Capable": false, "Scan Direction": "Forward", "Index Name": "users_pkey", "Relation Name": "users", "Alias": "u", "Startup Cost": 0.29, "Total Cost": 1659.6, "Plan Rows": 11392, "Plan Width": 4, "Filter": "((upvotes <= 705) AND (creationdate >= '2010-11-05 19:45:03'::timestamp without time zone) AND (creationdate <= '2012-11-20 18:57:51'::timestamp without time zone))"}, {"Node Type": "Materialize", "Parent Relationship": "Inner", "Parallel Aware": false, "Async Capable": false, "Startup Cost": 4119.75, "Total Cost": 586477.49, "Plan Rows": 287.0, "Plan Width": 16, "Plans": [{"Node Type": "Nested Loop", "Parent Relationship": "Outer", "Parallel Aware": false, "Async Capable": false, "Join Type": "Inner", "Startup Cost": 4119.75, "Total Cost": 29019.92, "Plan Rows": 287.0, "Plan Width": 16, "Inner Unique": false, "Plans": [{"Node Type": "Merge Join", "Parent Relationship": "Outer", "Parallel Aware": false, "Async Capable": false, "Join Type": "Inner", "Startup Cost": 4119.44, "Total Cost": 6171.73, "Plan Rows": 3226.0, "Plan Width": 12, "Inner Unique": false, "Merge Cond": "(v.userid = p.owneruserid)", "Plans": [{"Node Type": "Merge Join", "Parent Relationship": "Outer", "Parallel Aware": false, "Async Capable": false, "Join Type": "Inner", "Startup Cost": 0.84, "Total Cost": 14774.37, "Plan Rows": 8983.0, "Plan Width": 8, "Inner Unique": false, "Merge Cond": "(v.userid = ph.userid)", "Plans": [{"Node Type": "Index Scan", "Parent Relationship": "Outer", "Parallel Aware": false, "Async Capable": false, "Scan Direction": "Forward", "Index Name": "idx_votes_userid", "Relation Name": "votes", "Alias": "v", "Startup Cost": 0.42, "Total Cost": 13242.63, "Plan Rows": 1033, "Plan Width": 4, "Filter": "((bountyamount >= 9) AND (creationdate >= '2012-09-26 10:40:24'::timestamp without time zone))"}, {"Node Type": "Index Scan", "Parent Relationship": "Inner", "Parallel Aware": false, "Async Capable": false, "Scan Direction": "Forward", "Index Name": "idx_posthistory_userid", "Relation Name": "posthistory", "Alias": "ph", "Startup Cost": 0.42, "Total Cost": 12849.99, "Plan Rows": 134815, "Plan Width": 4, "Filter": "(creationdate <= '2013-03-08 22:17:58'::timestamp without time zone)"}]}, {"Node Type": "Sort", "Parent Relationship": "Inner", "Parallel Aware": false, "Async Capable": false, "Startup Cost": 4118.6, "Total Cost": 4168.93, "Plan Rows": 20131, "Plan Width": 4, "Sort Key": ["p.owneruserid"], "Plans": [{"Node Type": "Seq Scan", "Parent Relationship": "Outer", "Parallel Aware": false, "Async Capable": false, "Relation Name": "posts", "Alias": "p", "Startup Cost": 0.0, "Total Cost": 2679.52, "Plan Rows": 20131, "Plan Width": 4, "Filter": "((answercount >= 1) AND (answercount <= 39) AND (creationdate >= '2010-12-25 02:20:35'::timestamp without time zone) AND (creationdate <= '2014-02-10 21:28:46'::timestamp without time zone))"}]}]}, {"Node Type": "Memoize", "Parent Relationship": "Inner", "Parallel Aware": false, "Async Capable": false, "Startup Cost": 0.3, "Total Cost": 5.97, "Plan Rows": 2, "Plan Width": 4, "Cache Key": "v.userid", "Cache Mode": "logical", "Plans": [{"Node Type": "Index Scan", "Parent Relationship": "Outer", "Parallel Aware": false, "Async Capable": false, "Scan Direction": "Forward", "Index Name": "idx_comments_userid", "Relation Name": "comments", "Alias": "c", "Startup Cost": 0.29, "Total Cost": 5.96, "Plan Rows": 2, "Plan Width": 4, "Index Cond": "(userid = v.userid)", "Filter": "(score = 1)"}]}]}]}]}]}, "Timeout Time": 13444.288}, {"Plan": {"Node Type": "Aggregate", "Strategy": "Plain", "Partial Mode": "Simple", "Parallel Aware": false, "Async Capable": false, "Startup Cost": 885163.0, "Total Cost": 885163.01, "Plan Rows": 1, "Plan Width": 8, "Actual Rows": 1, "Actual Loops": 1, "Plans": [{"Node Type": "Merge Join", "Parent Relationship": "Outer", "Parallel Aware": false, "Async Capable": false, "Join Type": "Inner", "Startup Cost": 9468.81, "Total Cost": 868508.5, "Plan Rows": 35.0, "Plan Width": 0, "Actual Rows": 35354580, "Actual Loops": 1, "Inner Unique": false, "Merge Cond": "(u.id = v.userid)", "Plans": [{"Node Type": "Merge Join", "Parent Relationship": "Outer", "Parallel Aware": false, "Async Capable": false, "Join Type": "Inner", "Startup Cost": 9468.38, "Total Cost": 35669.44, "Plan Rows": 5.0, "Plan Width": 16, "Actual Rows": 8746747, "Actual Loops": 1, "Inner Unique": false, "Merge Cond": "(u.id = c.userid)", "Plans": [{"Node Type": "Nested Loop", "Parent Relationship": "Outer", "Parallel Aware": false, "Async Capable": false, "Join Type": "Inner", "Startup Cost": 4119.31, "Total Cost": 13172.33, "Plan Rows": 35.0, "Plan Width": 12, "Actual Rows": 462780, "Actual Loops": 1, "Inner Unique": false, "Join Filter": "(ph.userid = u.id)", "Rows Removed by Join Filter": 0, "Plans": [{"Node Type": "Merge Join", "Parent Relationship": "Outer", "Parallel Aware": false, "Async Capable": false, "Join Type": "Inner", "Startup Cost": 4118.89, "Total Cost": 5961.82, "Plan Rows": 41.0, "Plan Width": 8, "Actual Rows": 11444, "Actual Loops": 1, "Inner Unique": false, "Merge Cond": "(u.id = p.owneruserid)", "Plans": [{"Node Type": "Index Scan", "Parent Relationship": "Outer", "Parallel Aware": false, "Async Capable": false, "Scan Direction": "Forward", "Index Name": "users_pkey", "Relation Name": "users", "Alias": "u", "Startup Cost": 0.29, "Total Cost": 1659.6, "Plan Rows": 11392, "Plan Width": 4, "Actual Rows": 11391, "Actual Loops": 1, "Filter": "((upvotes <= 705) AND (creationdate >= '2010-11-05 19:45:03'::timestamp without time zone) AND (creationdate <= '2012-11-20 18:57:51'::timestamp without time zone))", "Rows Removed by Filter": 28934}, {"Node Type": "Sort", "Parent Relationship": "Inner", "Parallel Aware": false, "Async Capable": false, "Startup Cost": 4118.6, "Total Cost": 4168.93, "Plan Rows": 20131, "Plan Width": 4, "Actual Rows": 20643, "Actual Loops": 1, "Sort Key": ["p.owneruserid"], "Sort Method": "quicksort", "Sort Space Used": 769, "Sort Space Type": "Memory", "Plans": [{"Node Type": "Seq Scan", "Parent Relationship": "Outer", "Parallel Aware": false, "Async Capable": false, "Relation Name": "posts", "Alias": "p", "Startup Cost": 0.0, "Total Cost": 2679.52, "Plan Rows": 20131, "Plan Width": 4, "Actual Rows": 21032, "Actual Loops": 1, "Filter": "((answercount >= 1) AND (answercount <= 39) AND (creationdate >= '2010-12-25 02:20:35'::timestamp without time zone) AND (creationdate <= '2014-02-10 21:28:46'::timestamp without time zone))", "Rows Removed by Filter": 70944}]}]}, {"Node Type": "Index Scan", "Parent Relationship": "Inner", "Parallel Aware": false, "Async Capable": false, "Scan Direction": "Forward", "Index Name": "idx_posthistory_userid", "Relation Name": "posthistory", "Alias": "ph", "Startup Cost": 0.42, "Total Cost": 1.21, "Plan Rows": 6, "Plan Width": 4, "Actual Rows": 40, "Actual Loops": 11444, "Index Cond": "(userid = p.owneruserid)", "Rows Removed by Index Recheck": 0, "Filter": "(creationdate <= '2013-03-08 22:17:58'::timestamp without time zone)", "Rows Removed by Filter": 21}]}, {"Node Type": "Sort", "Parent Relationship": "Inner", "Parallel Aware": false, "Async Capable": false, "Startup Cost": 5348.05, "Total Cost": 5410.52, "Plan Rows": 24988, "Plan Width": 4, "Actual Rows": 8765601, "Actual Loops": 1, "Sort Key": ["c.userid"], "Sort Method": "quicksort", "Sort Space Used": 769, "Sort Space Type": "Memory", "Plans": [{"Node Type": "Seq Scan", "Parent Relationship": "Outer", "Parallel Aware": false, "Async Capable": false, "Relation Name": "comments", "Alias": "c", "Startup Cost": 0.0, "Total Cost": 3522.81, "Plan Rows": 24988, "Plan Width": 4, "Actual Rows": 25003, "Actual Loops": 1, "Filter": "(score = 1)", "Rows Removed by Filter": 149302}]}]}, {"Node Type": "Materialize", "Parent Relationship": "Inner", "Parallel Aware": false, "Async Capable": false, "Startup Cost": 0.42, "Total Cost": 13245.22, "Plan Rows": 1033, "Plan Width": 4, "Actual Rows": 35354916, "Actual Loops": 1, "Plans": [{"Node Type": "Index Scan", "Parent Relationship": "Outer", "Parallel Aware": false, "Async Capable": false, "Scan Direction": "Forward", "Index Name": "idx_votes_userid", "Relation Name": "votes", "Alias": "v", "Startup Cost": 0.42, "Total Cost": 13242.63, "Plan Rows": 1033, "Plan Width": 4, "Actual Rows": 603, "Actual Loops": 1, "Filter": "((bountyamount >= 9) AND (creationdate >= '2012-09-26 10:40:24'::timestamp without time zone))", "Rows Removed by Filter": 27011}]}]}]}, "Planning Time": 5.024, "Triggers": [], "Execution Time": 4047.543}, {"Plan": {"Node Type": "Aggregate", "Strategy": "Plain", "Partial Mode": "Finalize", "Parallel Aware": false, "Async Capable": false, "Startup Cost": 24013.42, "Total Cost": 24013.43, "Plan Rows": 1, "Plan Width": 8, "Actual Rows": 1, "Actual Loops": 1, "Plans": [{"Node Type": "Gather", "Parent Relationship": "Outer", "Parallel Aware": false, "Async Capable": false, "Startup Cost": 24013.31, "Total Cost": 24013.42, "Plan Rows": 1, "Plan Width": 8, "Actual Rows": 2, "Actual Loops": 1, "Workers Planned": 1, "Workers Launched": 1, "Single Copy": false, "Plans": [{"Node Type": "Aggregate", "Strategy": "Plain", "Partial Mode": "Partial", "Parent Relationship": "Outer", "Parallel Aware": false, "Async Capable": false, "Startup Cost": 23013.31, "Total Cost": 23013.32, "Plan Rows": 1, "Plan Width": 8, "Actual Rows": 1, "Actual Loops": 2, "Workers": [], "Plans": [{"Node Type": "Merge Join", "Parent Relationship": "Outer", "Parallel Aware": false, "Async Capable": false, "Join Type": "Inner", "Startup Cost": 10923.93, "Total Cost": 13216.54, "Plan Rows": 35.0, "Plan Width": 0, "Actual Rows": 17677290, "Actual Loops": 2, "Inner Unique": false, "Merge Cond": "(ph.userid = v.userid)", "Workers": [], "Plans": [{"Node Type": "Sort", "Parent Relationship": "Outer", "Parallel Aware": false, "Async Capable": false, "Startup Cost": 10922.63, "Total Cost": 11120.89, "Plan Rows": 79303, "Plan Width": 4, "Actual Rows": 61678, "Actual Loops": 2, "Sort Key": ["ph.userid"], "Sort Method": "quicksort", "Sort Space Used": 3073, "Sort Space Type": "Memory", "Workers": [{"Worker Number": 0, "Sort Method": "quicksort", "Sort Space Used": 385, "Sort Space Type": "Memory"}], "Plans": [{"Node Type": "Seq Scan", "Parent Relationship": "Outer", "Parallel Aware": true, "Async Capable": false, "Relation Name": "posthistory", "Alias": "ph", "Startup Cost": 0.0, "Total Cost": 4469.32, "Plan Rows": 79303, "Plan Width": 4, "Actual Rows": 67491, "Actual Loops": 2, "Filter": "(creationdate <= '2013-03-08 22:17:58'::timestamp without time zone)", "Rows Removed by Filter": 84102, "Workers": []}]}, {"Node Type": "Materialize", "Parent Relationship": "Inner", "Parallel Aware": false, "Async Capable": false, "Startup Cost": 1.3, "Total Cost": 3181.49, "Plan Rows": 27.0, "Plan Width": 16, "Actual Rows": 17677920, "Actual Loops": 2, "Workers": [], "Plans": [{"Node Type": "Nested Loop", "Parent Relationship": "Outer", "Parallel Aware": false, "Async Capable": false, "Join Type": "Inner", "Startup Cost": 1.3, "Total Cost": 3156.65, "Plan Rows": 27.0, "Plan Width": 16, "Actual Rows": 117685, "Actual Loops": 2, "Inner Unique": false, "Join Filter": "(c.userid = v.userid)", "Rows Removed by Join Filter": 0, "Workers": [], "Plans": [{"Node Type": "Nested Loop", "Parent Relationship": "Outer", "Parallel Aware": false, "Async Capable": false, "Join Type": "Inner", "Startup Cost": 1.0, "Total Cost": 3109.8, "Plan Rows": 212.0, "Plan Width": 12, "Actual Rows": 5894, "Actual Loops": 2, "Inner Unique": false, "Join Filter": "(p.owneruserid = v.userid)", "Rows Removed by Join Filter": 0, "Workers": [], "Plans": [{"Node Type": "Merge Join", "Parent Relationship": "Outer", "Parallel Aware": false, "Async Capable": false, "Join Type": "Inner", "Startup Cost": 0.71, "Total Cost": 3086.38, "Plan Rows": 946.0, "Plan Width": 8, "Actual Rows": 364, "Actual Loops": 2, "Inner Unique": true, "Merge Cond": "(v.userid = u.id)", "Workers": [], "Plans": [{"Node Type": "Index Scan", "Parent Relationship": "Outer", "Parallel Aware": false, "Async Capable": false, "Scan Direction": "Forward", "Index Name": "idx_votes_userid", "Relation Name": "votes", "Alias": "v", "Startup Cost": 0.42, "Total Cost": 13242.63, "Plan Rows": 1033, "Plan Width": 4, "Actual Rows": 766, "Actual Loops": 2, "Filter": "((bountyamount >= 9) AND (creationdate >= '2012-09-26 10:40:24'::timestamp without time zone))", "Rows Removed by Filter": 32623, "Workers": []}, {"Node Type": "Index Scan", "Parent Relationship": "Inner", "Parallel Aware": false, "Async Capable": false, "Scan Direction": "Forward", "Index Name": "users_pkey", "Relation Name": "users", "Alias": "u", "Startup Cost": 0.29, "Total Cost": 1659.6, "Plan Rows": 11392, "Plan Width": 4, "Actual Rows": 11391, "Actual Loops": 2, "Filter": "((upvotes <= 705) AND (creationdate >= '2010-11-05 19:45:03'::timestamp without time zone) AND (creationdate <= '2012-11-20 18:57:51'::timestamp without time zone))", "Rows Removed by Filter": 28934, "Workers": []}]}, {"Node Type": "Index Scan", "Parent Relationship": "Inner", "Parallel Aware": false, "Async Capable": false, "Scan Direction": "Forward", "Index Name": "idx_posts_owneruserid", "Relation Name": "posts", "Alias": "p", "Startup Cost": 0.29, "Total Cost": 0.74, "Plan Rows": 1, "Plan Width": 4, "Actual Rows": 16, "Actual Loops": 728, "Index Cond": "(owneruserid = u.id)", "Rows Removed by Index Recheck": 0, "Filter": "((answercount >= 1) AND (answercount <= 39) AND (creationdate >= '2010-12-25 02:20:35'::timestamp without time zone) AND (creationdate <= '2014-02-10 21:28:46'::timestamp without time zone))", "Rows Removed by Filter": 31, "Workers": []}]}, {"Node Type": "Index Scan", "Parent Relationship": "Inner", "Parallel Aware": false, "Async Capable": false, "Scan Direction": "Forward", "Index Name": "idx_comments_userid", "Relation Name": "comments", "Alias": "c", "Startup Cost": 0.29, "Total Cost": 0.86, "Plan Rows": 2, "Plan Width": 4, "Actual Rows": 20, "Actual Loops": 11788, "Index Cond": "(userid = p.owneruserid)", "Rows Removed by Index Recheck": 0, "Filter": "(score = 1)", "Rows Removed by Filter": 192, "Workers": []}]}]}]}]}]}]}, "Planning Time": 5.008, "Triggers": [], "Execution Time": 2689.959}, {"Plan": {"Node Type": "Aggregate", "Strategy": "Plain", "Partial Mode": "Finalize", "Parallel Aware": false, "Async Capable": false, "Startup Cost": 36933.38, "Total Cost": 36933.39, "Plan Rows": 1, "Plan Width": 8, "Actual Rows": 1, "Actual Loops": 1, "Plans": [{"Node Type": "Gather", "Parent Relationship": "Outer", "Parallel Aware": false, "Async Capable": false, "Startup Cost": 36933.26, "Total Cost": 36933.37, "Plan Rows": 1, "Plan Width": 8, "Actual Rows": 2, "Actual Loops": 1, "Workers Planned": 1, "Workers Launched": 1, "Single Copy": false, "Plans": [{"Node Type": "Aggregate", "Strategy": "Plain", "Partial Mode": "Partial", "Parent Relationship": "Outer", "Parallel Aware": false, "Async Capable": false, "Startup Cost": 35933.26, "Total Cost": 35933.27, "Plan Rows": 1, "Plan Width": 8, "Actual Rows": 1, "Actual Loops": 2, "Workers": [], "Plans": [{"Node Type": "Merge Join", "Parent Relationship": "Outer", "Parallel Aware": false, "Async Capable": false, "Join Type": "Inner", "Startup Cost": 9467.79, "Total Cost": 26136.5, "Plan Rows": 35.0, "Plan Width": 0, "Actual Rows": 17677290, "Actual Loops": 2, "Inner Unique": false, "Merge Cond": "(v.userid = u.id)", "Workers": [], "Plans": [{"Node Type": "Merge Join", "Parent Relationship": "Outer", "Parallel Aware": false, "Async Capable": false, "Join Type": "Inner", "Startup Cost": 5348.48, "Total Cost": 6682.04, "Plan Rows": 744.0, "Plan Width": 8, "Actual Rows": 41944, "Actual Loops": 2, "Inner Unique": false, "Merge Cond": "(v.userid = c.userid)", "Workers": [], "Plans": [{"Node Type": "Index Scan", "Parent Relationship": "Outer", "Parallel Aware": true, "Async Capable": false, "Scan Direction": "Forward", "Index Name": "idx_votes_userid", "Relation Name": "votes", "Alias": "v", "Startup Cost": 0.42, "Total Cost": 11216.36, "Plan Rows": 608, "Plan Width": 4, "Actual Rows": 384, "Actual Loops": 2, "Filter": "((bountyamount >= 9) AND (creationdate >= '2012-09-26 10:40:24'::timestamp without time zone))", "Rows Removed by Filter": 16323, "Workers": []}, {"Node Type": "Sort", "Parent Relationship": "Inner", "Parallel Aware": false, "Async Capable": false, "Startup Cost": 5348.05, "Total Cost": 5410.52, "Plan Rows": 24988, "Plan Width": 4, "Actual Rows": 59911, "Actual Loops": 2, "Sort Key": ["c.userid"], "Sort Method": "quicksort", "Sort Space Used": 769, "Sort Space Type": "Memory", "Workers": [{"Worker Number": 0, "Sort Method": "quicksort", "Sort Space Used": 769, "Sort Space Type": "Memory"}], "Plans": [{"Node Type": "Seq Scan", "Parent Relationship": "Outer", "Parallel Aware": false, "Async Capable": false, "Relation Name": "comments", "Alias": "c", "Startup Cost": 0.0, "Total Cost": 3522.81, "Plan Rows": 24988, "Plan Width": 4, "Actual Rows": 25003, "Actual Loops": 2, "Filter": "(score = 1)", "Rows Removed by Filter": 149302, "Workers": []}]}]}, {"Node Type": "Materialize", "Parent Relationship": "Inner", "Parallel Aware": false, "Async Capable": false, "Startup Cost": 4119.31, "Total Cost": 16855.6, "Plan Rows": 35.0, "Plan Width": 12, "Actual Rows": 18045110, "Actual Loops": 2, "Workers": [], "Plans": [{"Node Type": "Nested Loop", "Parent Relationship": "Outer", "Parallel Aware": false, "Async Capable": false, "Join Type": "Inner", "Startup Cost": 4119.31, "Total Cost": 13172.33, "Plan Rows": 35.0, "Plan Width": 12, "Actual Rows": 462780, "Actual Loops": 2, "Inner Unique": false, "Join Filter": "(ph.userid = u.id)", "Rows Removed by Join Filter": 0, "Workers": [], "Plans": [{"Node Type": "Merge Join", "Parent Relationship": "Outer", "Parallel Aware": false, "Async Capable": false, "Join Type": "Inner", "Startup Cost": 4118.89, "Total Cost": 5961.82, "Plan Rows": 41.0, "Plan Width": 8, "Actual Rows": 11444, "Actual Loops": 2, "Inner Unique": false, "Merge Cond": "(u.id = p.owneruserid)", "Workers": [], "Plans": [{"Node Type": "Index Scan", "Parent Relationship": "Outer", "Parallel Aware": false, "Async Capable": false, "Scan Direction": "Forward", "Index Name": "users_pkey", "Relation Name": "users", "Alias": "u", "Startup Cost": 0.29, "Total Cost": 1659.6, "Plan Rows": 11392, "Plan Width": 4, "Actual Rows": 11391, "Actual Loops": 2, "Filter": "((upvotes <= 705) AND (creationdate >= '2010-11-05 19:45:03'::timestamp without time zone) AND (creationdate <= '2012-11-20 18:57:51'::timestamp without time zone))", "Rows Removed by Filter": 28934, "Workers": []}, {"Node Type": "Sort", "Parent Relationship": "Inner", "Parallel Aware": false, "Async Capable": false, "Startup Cost": 4118.6, "Total Cost": 4168.93, "Plan Rows": 20131, "Plan Width": 4, "Actual Rows": 20643, "Actual Loops": 2, "Sort Key": ["p.owneruserid"], "Sort Method": "quicksort", "Sort Space Used": 769, "Sort Space Type": "Memory", "Workers": [{"Worker Number": 0, "Sort Method": "quicksort", "Sort Space Used": 769, "Sort Space Type": "Memory"}], "Plans": [{"Node Type": "Seq Scan", "Parent Relationship": "Outer", "Parallel Aware": false, "Async Capable": false, "Relation Name": "posts", "Alias": "p", "Startup Cost": 0.0, "Total Cost": 2679.52, "Plan Rows": 20131, "Plan Width": 4, "Actual Rows": 21032, "Actual Loops": 2, "Filter": "((answercount >= 1) AND (answercount <= 39) AND (creationdate >= '2010-12-25 02:20:35'::timestamp without time zone) AND (creationdate <= '2014-02-10 21:28:46'::timestamp without time zone))", "Rows Removed by Filter": 70944, "Workers": []}]}]}, {"Node Type": "Index Scan", "Parent Relationship": "Inner", "Parallel Aware": false, "Async Capable": false, "Scan Direction": "Forward", "Index Name": "idx_posthistory_userid", "Relation Name": "posthistory", "Alias": "ph", "Startup Cost": 0.42, "Total Cost": 1.21, "Plan Rows": 6, "Plan Width": 4, "Actual Rows": 40, "Actual Loops": 22888, "Index Cond": "(userid = p.owneruserid)", "Rows Removed by Index Recheck": 0, "Filter": "(creationdate <= '2013-03-08 22:17:58'::timestamp without time zone)", "Rows Removed by Filter": 21, "Workers": []}]}]}]}]}]}]}, "Planning Time": 9.241, "Triggers": [], "Execution Time": 1801.907}, {"Plan": {"Node Type": "Aggregate", "Strategy": "Plain", "Partial Mode": "Finalize", "Parallel Aware": false, "Async Capable": false, "Startup Cost": 23021.16, "Total Cost": 23021.17, "Plan Rows": 1, "Plan Width": 8, "Actual Rows": 1, "Actual Loops": 1, "Plans": [{"Node Type": "Gather", "Parent Relationship": "Outer", "Parallel Aware": false, "Async Capable": false, "Startup Cost": 23021.05, "Total Cost": 23021.16, "Plan Rows": 1, "Plan Width": 8, "Actual Rows": 2, "Actual Loops": 1, "Workers Planned": 1, "Workers Launched": 1, "Single Copy": false, "Plans": [{"Node Type": "Aggregate", "Strategy": "Plain", "Partial Mode": "Partial", "Parent Relationship": "Outer", "Parallel Aware": false, "Async Capable": false, "Startup Cost": 22021.05, "Total Cost": 22021.06, "Plan Rows": 1, "Plan Width": 8, "Actual Rows": 1, "Actual Loops": 2, "Workers": [], "Plans": [{"Node Type": "Merge Join", "Parent Relationship": "Outer", "Parallel Aware": false, "Async Capable": false, "Join Type": "Inner", "Startup Cost": 11437.19, "Total Cost": 12224.29, "Plan Rows": 35.0, "Plan Width": 0, "Actual Rows": 17677290, "Actual Loops": 2, "Inner Unique": false, "Merge Cond": "(u.id = v.userid)", "Workers": [], "Plans": [{"Node Type": "Sort", "Parent Relationship": "Outer", "Parallel Aware": false, "Async Capable": false, "Startup Cost": 7317.88, "Total Cost": 7369.99, "Plan Rows": 126.0, "Plan Width": 8, "Actual Rows": 31016, "Actual Loops": 2, "Sort Key": ["ph.userid"], "Sort Method": "quicksort", "Sort Space Used": 2812, "Sort Space Type": "Memory", "Workers": [{"Worker Number": 0, "Sort Method": "quicksort", "Sort Space Used": 1432, "Sort Space Type": "Memory"}], "Plans": [{"Node Type": "Hash Join", "Parent Relationship": "Outer", "Parallel Aware": false, "Async Capable": false, "Join Type": "Inner", "Startup Cost": 1145.09, "Total Cost": 5822.6, "Plan Rows": 126.0, "Plan Width": 8, "Actual Rows": 31026, "Actual Loops": 2, "Inner Unique": true, "Hash Cond": "(ph.userid = u.id)", "Workers": [], "Plans": [{"Node Type": "Seq Scan", "Parent Relationship": "Outer", "Parallel Aware": true, "Async Capable": false, "Relation Name": "posthistory", "Alias": "ph", "Startup Cost": 0.0, "Total Cost": 4469.32, "Plan Rows": 79303, "Plan Width": 4, "Actual Rows": 67491, "Actual Loops": 2, "Filter": "(creationdate <= '2013-03-08 22:17:58'::timestamp without time zone)", "Rows Removed by Filter": 84102, "Workers": []}, {"Node Type": "Hash", "Parent Relationship": "Inner", "Parallel Aware": false, "Async Capable": false, "Startup Cost": 1002.69, "Total Cost": 1002.69, "Plan Rows": 11392, "Plan Width": 4, "Actual Rows": 11391, "Actual Loops": 2, "Hash Buckets": 16384, "Original Hash Buckets": 16384, "Hash Batches": 1, "Original Hash Batches": 1, "Peak Memory Usage": 529, "Workers": [], "Plans": [{"Node Type": "Seq Scan", "Parent Relationship": "Outer", "Parallel Aware": false, "Async Capable": false, "Relation Name": "users", "Alias": "u", "Startup Cost": 0.0, "Total Cost": 1002.69, "Plan Rows": 11392, "Plan Width": 4, "Actual Rows": 11391, "Actual Loops": 2, "Filter": "((upvotes <= 705) AND (creationdate >= '2010-11-05 19:45:03'::timestamp without time zone) AND (creationdate <= '2012-11-20 18:57:51'::timestamp without time zone))", "Rows Removed by Filter": 28934, "Workers": []}]}]}]}, {"Node Type": "Materialize", "Parent Relationship": "Inner", "Parallel Aware": false, "Async Capable": false, "Startup Cost": 4119.32, "Total Cost": 8026.47, "Plan Rows": 214.0, "Plan Width": 12, "Actual Rows": 17996261, "Actual Loops": 2, "Workers": [], "Plans": [{"Node Type": "Nested Loop", "Parent Relationship": "Outer", "Parallel Aware": false, "Async Capable": false, "Join Type": "Inner", "Startup Cost": 4119.32, "Total Cost": 7195.16, "Plan Rows": 214.0, "Plan Width": 12, "Actual Rows": 436505, "Actual Loops": 2, "Inner Unique": false, "Join Filter": "(c.userid = v.userid)", "Rows Removed by Join Filter": 0, "Workers": [], "Plans": [{"Node Type": "Merge Join", "Parent Relationship": "Outer", "Parallel Aware": false, "Async Capable": false, "Join Type": "Inner", "Startup Cost": 4119.02, "Total Cost": 5634.89, "Plan Rows": 2020.0, "Plan Width": 8, "Actual Rows": 8045, "Actual Loops": 2, "Inner Unique": false, "Merge Cond": "(v.userid = p.owneruserid)", "Workers": [], "Plans": [{"Node Type": "Index Scan", "Parent Relationship": "Outer", "Parallel Aware": false, "Async Capable": false, "Scan Direction": "Forward", "Index Name": "idx_votes_userid", "Relation Name": "votes", "Alias": "v", "Startup Cost": 0.42, "Total Cost": 13242.63, "Plan Rows": 1033, "Plan Width": 4, "Actual Rows": 797, "Actual Loops": 2, "Filter": "((bountyamount >= 9) AND (creationdate >= '2012-09-26 10:40:24'::timestamp without time zone))", "Rows Removed by Filter": 33664, "Workers": []}, {"Node Type": "Sort", "Parent Relationship": "Inner", "Parallel Aware": false, "Async Capable": false, "Startup Cost": 4118.6, "Total Cost": 4168.93, "Plan Rows": 20131, "Plan Width": 4, "Actual Rows": 25769, "Actual Loops": 2, "Sort Key": ["p.owneruserid"], "Sort Method": "quicksort", "Sort Space Used": 769, "Sort Space Type": "Memory", "Workers": [{"Worker Number": 0, "Sort Method": "quicksort", "Sort Space Used": 769, "Sort Space Type": "Memory"}], "Plans": [{"Node Type": "Seq Scan", "Parent Relationship": "Outer", "Parallel Aware": false, "Async Capable": false, "Relation Name": "posts", "Alias": "p", "Startup Cost": 0.0, "Total Cost": 2679.52, "Plan Rows": 20131, "Plan Width": 4, "Actual Rows": 21032, "Actual Loops": 2, "Filter": "((answercount >= 1) AND (answercount <= 39) AND (creationdate >= '2010-12-25 02:20:35'::timestamp without time zone) AND (creationdate <= '2014-02-10 21:28:46'::timestamp without time zone))", "Rows Removed by Filter": 70944, "Workers": []}]}]}, {"Node Type": "Index Scan", "Parent Relationship": "Inner", "Parallel Aware": false, "Async Capable": false, "Scan Direction": "Forward", "Index Name": "idx_comments_userid", "Relation Name": "comments", "Alias": "c", "Startup Cost": 0.29, "Total Cost": 0.86, "Plan Rows": 2, "Plan Width": 4, "Actual Rows": 54, "Actual Loops": 16090, "Index Cond": "(userid = p.owneruserid)", "Rows Removed by Index Recheck": 0, "Filter": "(score = 1)", "Rows Removed by Filter": 304, "Workers": []}]}]}]}]}]}]}, "Planning Time": 5.158, "Triggers": [], "Execution Time": 2553.764}, {"Plan": {"Node Type": "Aggregate", "Strategy": "Plain", "Partial Mode": "Finalize", "Parallel Aware": false, "Async Capable": false, "Startup Cost": 17017.97, "Total Cost": 17017.98, "Plan Rows": 1, "Plan Width": 8, "Actual Rows": 1, "Actual Loops": 1, "Plans": [{"Node Type": "Gather", "Parent Relationship": "Outer", "Parallel Aware": false, "Async Capable": false, "Startup Cost": 17017.85, "Total Cost": 17017.96, "Plan Rows": 1, "Plan Width": 8, "Actual Rows": 2, "Actual Loops": 1, "Workers Planned": 1, "Workers Launched": 1, "Single Copy": false, "Plans": [{"Node Type": "Aggregate", "Strategy": "Plain", "Partial Mode": "Partial", "Parent Relationship": "Outer", "Parallel Aware": false, "Async Capable": false, "Startup Cost": 16017.85, "Total Cost": 16017.86, "Plan Rows": 1, "Plan Width": 8, "Actual Rows": 1, "Actual Loops": 2, "Workers": [], "Plans": [{"Node Type": "Merge Join", "Parent Relationship": "Outer", "Parallel Aware": false, "Async Capable": false, "Join Type": "Inner", "Startup Cost": 5349.84, "Total Cost": 6221.09, "Plan Rows": 35.0, "Plan Width": 0, "Actual Rows": 17677290, "Actual Loops": 2, "Inner Unique": false, "Merge Cond": "(v.userid = c.userid)", "Workers": [], "Plans": [{"Node Type": "Nested Loop", "Parent Relationship": "Outer", "Parallel Aware": false, "Async Capable": false, "Join Type": "Inner", "Startup Cost": 1.43, "Total Cost": 2922.98, "Plan Rows": 382.0, "Plan Width": 16, "Actual Rows": 528254, "Actual Loops": 2, "Inner Unique": false, "Join Filter": "(ph.userid = v.userid)", "Rows Removed by Join Filter": 0, "Workers": [], "Plans": [{"Node Type": "Nested Loop", "Parent Relationship": "Outer", "Parallel Aware": false, "Async Capable": false, "Join Type": "Inner", "Startup Cost": 1.0, "Total Cost": 2883.07, "Plan Rows": 212.0, "Plan Width": 12, "Actual Rows": 2947, "Actual Loops": 2, "Inner Unique": false, "Join Filter": "(p.owneruserid = v.userid)", "Rows Removed by Join Filter": 0, "Workers": [], "Plans": [{"Node Type": "Merge Join", "Parent Relationship": "Outer", "Parallel Aware": false, "Async Capable": false, "Join Type": "Inner", "Startup Cost": 0.71, "Total Cost": 2869.47, "Plan Rows": 946.0, "Plan Width": 8, "Actual Rows": 182, "Actual Loops": 2, "Inner Unique": true, "Merge Cond": "(v.userid = u.id)", "Workers": [], "Plans": [{"Node Type": "Index Scan", "Parent Relationship": "Outer", "Parallel Aware": true, "Async Capable": false, "Scan Direction": "Forward", "Index Name": "idx_votes_userid", "Relation Name": "votes", "Alias": "v", "Startup Cost": 0.42, "Total Cost": 11216.36, "Plan Rows": 608, "Plan Width": 4, "Actual Rows": 384, "Actual Loops": 2, "Filter": "((bountyamount >= 9) AND (creationdate >= '2012-09-26 10:40:24'::timestamp without time zone))", "Rows Removed by Filter": 16323, "Workers": []}, {"Node Type": "Index Scan", "Parent Relationship": "Inner", "Parallel Aware": false, "Async Capable": false, "Scan Direction": "Forward", "Index Name": "users_pkey", "Relation Name": "users", "Alias": "u", "Startup Cost": 0.29, "Total Cost": 1659.6, "Plan Rows": 11392, "Plan Width": 4, "Actual Rows": 11391, "Actual Loops": 2, "Filter": "((upvotes <= 705) AND (creationdate >= '2010-11-05 19:45:03'::timestamp without time zone) AND (creationdate <= '2012-11-20 18:57:51'::timestamp without time zone))", "Rows Removed by Filter": 28934, "Workers": []}]}, {"Node Type": "Index Scan", "Parent Relationship": "Inner", "Parallel Aware": false, "Async Capable": false, "Scan Direction": "Forward", "Index Name": "idx_posts_owneruserid", "Relation Name": "posts", "Alias": "p", "Startup Cost": 0.29, "Total Cost": 0.74, "Plan Rows": 1, "Plan Width": 4, "Actual Rows": 16, "Actual Loops": 364, "Index Cond": "(owneruserid = u.id)", "Rows Removed by Index Recheck": 0, "Filter": "((answercount >= 1) AND (answercount <= 39) AND (creationdate >= '2010-12-25 02:20:35'::timestamp without time zone) AND (creationdate <= '2014-02-10 21:28:46'::timestamp without time zone))", "Rows Removed by Filter": 31, "Workers": []}]}, {"Node Type": "Index Scan", "Parent Relationship": "Inner", "Parallel Aware": false, "Async Capable": false, "Scan Direction": "Forward", "Index Name": "idx_posthistory_userid", "Relation Name": "posthistory", "Alias": "ph", "Startup Cost": 0.42, "Total Cost": 1.21, "Plan Rows": 6, "Plan Width": 4, "Actual Rows": 179, "Actual Loops": 5894, "Index Cond": "(userid = p.owneruserid)", "Rows Removed by Index Recheck": 0, "Filter": "(creationdate <= '2013-03-08 22:17:58'::timestamp without time zone)", "Rows Removed by Filter": 118, "Workers": []}]}, {"Node Type": "Sort", "Parent Relationship": "Inner", "Parallel Aware": false, "Async Capable": false, "Startup Cost": 5348.05, "Total Cost": 5410.52, "Plan Rows": 24988, "Plan Width": 4, "Actual Rows": 17697056, "Actual Loops": 2, "Sort Key": ["c.userid"], "Sort Method": "quicksort", "Sort Space Used": 769, "Sort Space Type": "Memory", "Workers": [{"Worker Number": 0, "Sort Method": "quicksort", "Sort Space Used": 769, "Sort Space Type": "Memory"}], "Plans": [{"Node Type": "Seq Scan", "Parent Relationship": "Outer", "Parallel Aware": false, "Async Capable": false, "Relation Name": "comments", "Alias": "c", "Startup Cost": 0.0, "Total Cost": 3522.81, "Plan Rows": 24988, "Plan Width": 4, "Actual Rows": 25003, "Actual Loops": 2, "Filter": "(score = 1)", "Rows Removed by Filter": 149302, "Workers": []}]}]}]}]}]}, "Planning Time": 9.784, "Triggers": [], "Execution Time": 1457.02}, {"Plan": {"Node Type": "Aggregate", "Strategy": "Plain", "Partial Mode": "Finalize", "Parallel Aware": false, "Async Capable": false, "Startup Cost": 15349.27, "Total Cost": 15349.28, "Plan Rows": 1, "Plan Width": 8, "Actual Rows": 1, "Actual Loops": 1, "Plans": [{"Node Type": "Gather", "Parent Relationship": "Outer", "Parallel Aware": false, "Async Capable": false, "Startup Cost": 15349.16, "Total Cost": 15349.27, "Plan Rows": 1, "Plan Width": 8, "Actual Rows": 2, "Actual Loops": 1, "Workers Planned": 1, "Workers Launched": 1, "Single Copy": false, "Plans": [{"Node Type": "Aggregate", "Strategy": "Plain", "Partial Mode": "Partial", "Parent Relationship": "Outer", "Parallel Aware": false, "Async Capable": false, "Startup Cost": 14349.16, "Total Cost": 14349.17, "Plan Rows": 1, "Plan Width": 8, "Actual Rows": 1, "Actual Loops": 2, "Workers": [], "Plans": [{"Node Type": "Merge Join", "Parent Relationship": "Outer", "Parallel Aware": false, "Async Capable": false, "Join Type": "Inner", "Startup Cost": 3644.78, "Total Cost": 4552.4, "Plan Rows": 35.0, "Plan Width": 0, "Actual Rows": 17677290, "Actual Loops": 2, "Inner Unique": false, "Merge Cond": "(c.userid = v.userid)", "Workers": [], "Plans": [{"Node Type": "Sort", "Parent Relationship": "Outer", "Parallel Aware": false, "Async Capable": false, "Startup Cost": 3643.08, "Total Cost": 3679.82, "Plan Rows": 14699, "Plan Width": 4, "Actual Rows": 10964, "Actual Loops": 2, "Sort Key": ["c.userid"], "Sort Method": "quicksort", "Sort Space Used": 769, "Sort Space Type": "Memory", "Workers": [{"Worker Number": 0, "Sort Method": "quicksort", "Sort Space Used": 97, "Sort Space Type": "Memory"}], "Plans": [{"Node Type": "Seq Scan", "Parent Relationship": "Outer", "Parallel Aware": true, "Async Capable": false, "Relation Name": "comments", "Alias": "c", "Startup Cost": 0.0, "Total Cost": 2625.65, "Plan Rows": 14699, "Plan Width": 4, "Actual Rows": 12502, "Actual Loops": 2, "Filter": "(score = 1)", "Rows Removed by Filter": 74651, "Workers": []}]}, {"Node Type": "Materialize", "Parent Relationship": "Inner", "Parallel Aware": false, "Async Capable": false, "Startup Cost": 1.43, "Total Cost": 3212.71, "Plan Rows": 382.0, "Plan Width": 16, "Actual Rows": 18067885, "Actual Loops": 2, "Workers": [], "Plans": [{"Node Type": "Nested Loop", "Parent Relationship": "Outer", "Parallel Aware": false, "Async Capable": false, "Join Type": "Inner", "Startup Cost": 1.43, "Total Cost": 3178.03, "Plan Rows": 382.0, "Plan Width": 16, "Actual Rows": 1056509, "Actual Loops": 2, "Inner Unique": false, "Join Filter": "(ph.userid = v.userid)", "Rows Removed by Join Filter": 0, "Workers": [], "Plans": [{"Node Type": "Nested Loop", "Parent Relationship": "Outer", "Parallel Aware": false, "Async Capable": false, "Join Type": "Inner", "Startup Cost": 1.0, "Total Cost": 3109.8, "Plan Rows": 212.0, "Plan Width": 12, "Actual Rows": 5894, "Actual Loops": 2, "Inner Unique": false, "Join Filter": "(p.owneruserid = v.userid)", "Rows Removed by Join Filter": 0, "Workers": [], "Plans": [{"Node Type": "Merge Join", "Parent Relationship": "Outer", "Parallel Aware": false, "Async Capable": false, "Join Type": "Inner", "Startup Cost": 0.71, "Total Cost": 3086.38, "Plan Rows": 946.0, "Plan Width": 8, "Actual Rows": 364, "Actual Loops": 2, "Inner Unique": true, "Merge Cond": "(v.userid = u.id)", "Workers": [], "Plans": [{"Node Type": "Index Scan", "Parent Relationship": "Outer", "Parallel Aware": false, "Async Capable": false, "Scan Direction": "Forward", "Index Name": "idx_votes_userid", "Relation Name": "votes", "Alias": "v", "Startup Cost": 0.42, "Total Cost": 13242.63, "Plan Rows": 1033, "Plan Width": 4, "Actual Rows": 766, "Actual Loops": 2, "Filter": "((bountyamount >= 9) AND (creationdate >= '2012-09-26 10:40:24'::timestamp without time zone))", "Rows Removed by Filter": 32623, "Workers": []}, {"Node Type": "Index Scan", "Parent Relationship": "Inner", "Parallel Aware": false, "Async Capable": false, "Scan Direction": "Forward", "Index Name": "users_pkey", "Relation Name": "users", "Alias": "u", "Startup Cost": 0.29, "Total Cost": 1659.6, "Plan Rows": 11392, "Plan Width": 4, "Actual Rows": 11391, "Actual Loops": 2, "Filter": "((upvotes <= 705) AND (creationdate >= '2010-11-05 19:45:03'::timestamp without time zone) AND (creationdate <= '2012-11-20 18:57:51'::timestamp without time zone))", "Rows Removed by Filter": 28934, "Workers": []}]}, {"Node Type": "Index Scan", "Parent Relationship": "Inner", "Parallel Aware": false, "Async Capable": false, "Scan Direction": "Forward", "Index Name": "idx_posts_owneruserid", "Relation Name": "posts", "Alias": "p", "Startup Cost": 0.29, "Total Cost": 0.74, "Plan Rows": 1, "Plan Width": 4, "Actual Rows": 16, "Actual Loops": 728, "Index Cond": "(owneruserid = u.id)", "Rows Removed by Index Recheck": 0, "Filter": "((answercount >= 1) AND (answercount <= 39) AND (creationdate >= '2010-12-25 02:20:35'::timestamp without time zone) AND (creationdate <= '2014-02-10 21:28:46'::timestamp without time zone))", "Rows Removed by Filter": 31, "Workers": []}]}, {"Node Type": "Index Scan", "Parent Relationship": "Inner", "Parallel Aware": false, "Async Capable": false, "Scan Direction": "Forward", "Index Name": "idx_posthistory_userid", "Relation Name": "posthistory", "Alias": "ph", "Startup Cost": 0.42, "Total Cost": 1.21, "Plan Rows": 6, "Plan Width": 4, "Actual Rows": 179, "Actual Loops": 11788, "Index Cond": "(userid = p.owneruserid)", "Rows Removed by Index Recheck": 0, "Filter": "(creationdate <= '2013-03-08 22:17:58'::timestamp without time zone)", "Rows Removed by Filter": 118, "Workers": []}]}]}]}]}]}]}, "Planning Time": 5.231, "Triggers": [], "Execution Time": 3409.826}, {"Plan": {"Node Type": "Aggregate", "Strategy": "Plain", "Partial Mode": "Finalize", "Parallel Aware": false, "Async Capable": false, "Startup Cost": 20651.53, "Total Cost": 20651.54, "Plan Rows": 1, "Plan Width": 8, "Actual Rows": 1, "Actual Loops": 1, "Plans": [{"Node Type": "Gather", "Parent Relationship": "Outer", "Parallel Aware": false, "Async Capable": false, "Startup Cost": 20651.41, "Total Cost": 20651.52, "Plan Rows": 1, "Plan Width": 8, "Actual Rows": 2, "Actual Loops": 1, "Workers Planned": 1, "Workers Launched": 1, "Single Copy": false, "Plans": [{"Node Type": "Aggregate", "Strategy": "Plain", "Partial Mode": "Partial", "Parent Relationship": "Outer", "Parallel Aware": false, "Async Capable": false, "Startup Cost": 19651.41, "Total Cost": 19651.42, "Plan Rows": 1, "Plan Width": 8, "Actual Rows": 1, "Actual Loops": 2, "Workers": [], "Plans": [{"Node Type": "Nested Loop", "Parent Relationship": "Outer", "Parallel Aware": false, "Async Capable": false, "Join Type": "Inner", "Startup Cost": 1.72, "Total Cost": 9854.65, "Plan Rows": 35.0, "Plan Width": 0, "Actual Rows": 17677290, "Actual Loops": 2, "Inner Unique": false, "Join Filter": "(ph.userid = v.userid)", "Rows Removed by Join Filter": 0, "Workers": [], "Plans": [{"Node Type": "Nested Loop", "Parent Relationship": "Outer", "Parallel Aware": false, "Async Capable": false, "Join Type": "Inner", "Startup Cost": 1.3, "Total Cost": 2910.47, "Plan Rows": 27.0, "Plan Width": 16, "Actual Rows": 58842, "Actual Loops": 2, "Inner Unique": false, "Join Filter": "(c.userid = v.userid)", "Rows Removed by Join Filter": 0, "Workers": [], "Plans": [{"Node Type": "Nested Loop", "Parent Relationship": "Outer", "Parallel Aware": false, "Async Capable": false, "Join Type": "Inner", "Startup Cost": 1.0, "Total Cost": 2883.07, "Plan Rows": 212.0, "Plan Width": 12, "Actual Rows": 2947, "Actual Loops": 2, "Inner Unique": false, "Join Filter": "(p.owneruserid = v.userid)", "Rows Removed by Join Filter": 0, "Workers": [], "Plans": [{"Node Type": "Merge Join", "Parent Relationship": "Outer", "Parallel Aware": false, "Async Capable": false, "Join Type": "Inner", "Startup Cost": 0.71, "Total Cost": 2869.47, "Plan Rows": 946.0, "Plan Width": 8, "Actual Rows": 182, "Actual Loops": 2, "Inner Unique": true, "Merge Cond": "(v.userid = u.id)", "Workers": [], "Plans": [{"Node Type": "Index Scan", "Parent Relationship": "Outer", "Parallel Aware": true, "Async Capable": false, "Scan Direction": "Forward", "Index Name": "idx_votes_userid", "Relation Name": "votes", "Alias": "v", "Startup Cost": 0.42, "Total Cost": 11216.36, "Plan Rows": 608, "Plan Width": 4, "Actual Rows": 384, "Actual Loops": 2, "Filter": "((bountyamount >= 9) AND (creationdate >= '2012-09-26 10:40:24'::timestamp without time zone))", "Rows Removed by Filter": 16323, "Workers": []}, {"Node Type": "Index Scan", "Parent Relationship": "Inner", "Parallel Aware": false, "Async Capable": false, "Scan Direction": "Forward", "Index Name": "users_pkey", "Relation Name": "users", "Alias": "u", "Startup Cost": 0.29, "Total Cost": 1659.6, "Plan Rows": 11392, "Plan Width": 4, "Actual Rows": 11391, "Actual Loops": 2, "Filter": "((upvotes <= 705) AND (creationdate >= '2010-11-05 19:45:03'::timestamp without time zone) AND (creationdate <= '2012-11-20 18:57:51'::timestamp without time zone))", "Rows Removed by Filter": 28934, "Workers": []}]}, {"Node Type": "Index Scan", "Parent Relationship": "Inner", "Parallel Aware": false, "Async Capable": false, "Scan Direction": "Forward", "Index Name": "idx_posts_owneruserid", "Relation Name": "posts", "Alias": "p", "Startup Cost": 0.29, "Total Cost": 0.74, "Plan Rows": 1, "Plan Width": 4, "Actual Rows": 16, "Actual Loops": 364, "Index Cond": "(owneruserid = u.id)", "Rows Removed by Index Recheck": 0, "Filter": "((answercount >= 1) AND (answercount <= 39) AND (creationdate >= '2010-12-25 02:20:35'::timestamp without time zone) AND (creationdate <= '2014-02-10 21:28:46'::timestamp without time zone))", "Rows Removed by Filter": 31, "Workers": []}]}, {"Node Type": "Index Scan", "Parent Relationship": "Inner", "Parallel Aware": false, "Async Capable": false, "Scan Direction": "Forward", "Index Name": "idx_comments_userid", "Relation Name": "comments", "Alias": "c", "Startup Cost": 0.29, "Total Cost": 0.86, "Plan Rows": 2, "Plan Width": 4, "Actual Rows": 20, "Actual Loops": 5894, "Index Cond": "(userid = p.owneruserid)", "Rows Removed by Index Recheck": 0, "Filter": "(score = 1)", "Rows Removed by Filter": 192, "Workers": []}]}, {"Node Type": "Index Scan", "Parent Relationship": "Inner", "Parallel Aware": false, "Async Capable": false, "Scan Direction": "Forward", "Index Name": "idx_posthistory_userid", "Relation Name": "posthistory", "Alias": "ph", "Startup Cost": 0.42, "Total Cost": 1.11, "Plan Rows": 6, "Plan Width": 4, "Actual Rows": 300, "Actual Loops": 117685, "Index Cond": "(userid = c.userid)", "Rows Removed by Index Recheck": 0, "Filter": "(creationdate <= '2013-03-08 22:17:58'::timestamp without time zone)", "Rows Removed by Filter": 141, "Workers": []}]}]}]}]}, "Planning Time": 9.719, "Triggers": [], "Execution Time": 6441.425}, {"Plan": {"Node Type": "Aggregate", "Strategy": "Plain", "Partial Mode": "Finalize", "Parallel Aware": false, "Async Capable": false, "Startup Cost": 24377.69, "Total Cost": 24377.7, "Plan Rows": 1, "Plan Width": 8, "Actual Rows": 1, "Actual Loops": 1, "Plans": [{"Node Type": "Gather", "Parent Relationship": "Outer", "Parallel Aware": false, "Async Capable": false, "Startup Cost": 24377.57, "Total Cost": 24377.68, "Plan Rows": 1, "Plan Width": 8, "Actual Rows": 2, "Actual Loops": 1, "Workers Planned": 1, "Workers Launched": 1, "Single Copy": false, "Plans": [{"Node Type": "Aggregate", "Strategy": "Plain", "Partial Mode": "Partial", "Parent Relationship": "Outer", "Parallel Aware": false, "Async Capable": false, "Startup Cost": 23377.57, "Total Cost": 23377.58, "Plan Rows": 1, "Plan Width": 8, "Actual Rows": 1, "Actual Loops": 2, "Workers": [], "Plans": [{"Node Type": "Merge Join", "Parent Relationship": "Outer", "Parallel Aware": false, "Async Capable": false, "Join Type": "Inner", "Startup Cost": 9295.89, "Total Cost": 13580.81, "Plan Rows": 35.0, "Plan Width": 0, "Actual Rows": 17677290, "Actual Loops": 2, "Inner Unique": false, "Merge Cond": "(v.userid = u.id)", "Workers": [], "Plans": [{"Node Type": "Merge Join", "Parent Relationship": "Outer", "Parallel Aware": false, "Async Capable": false, "Join Type": "Inner", "Startup Cost": 0.84, "Total Cost": 14479.69, "Plan Rows": 8983.0, "Plan Width": 8, "Actual Rows": 82051, "Actual Loops": 2, "Inner Unique": false, "Merge Cond": "(v.userid = ph.userid)", "Workers": [], "Plans": [{"Node Type": "Index Scan", "Parent Relationship": "Outer", "Parallel Aware": true, "Async Capable": false, "Scan Direction": "Forward", "Index Name": "idx_votes_userid", "Relation Name": "votes", "Alias": "v", "Startup Cost": 0.42, "Total Cost": 11216.36, "Plan Rows": 608, "Plan Width": 4, "Actual Rows": 405, "Actual Loops": 2, "Filter": "((bountyamount >= 9) AND (creationdate >= '2012-09-26 10:40:24'::timestamp without time zone))", "Rows Removed by Filter": 77680, "Workers": []}, {"Node Type": "Index Scan", "Parent Relationship": "Inner", "Parallel Aware": false, "Async Capable": false, "Scan Direction": "Forward", "Index Name": "idx_posthistory_userid", "Relation Name": "posthistory", "Alias": "ph", "Startup Cost": 0.42, "Total Cost": 12849.99, "Plan Rows": 134815, "Plan Width": 4, "Actual Rows": 188032, "Actual Loops": 2, "Filter": "(creationdate <= '2013-03-08 22:17:58'::timestamp without time zone)", "Rows Removed by Filter": 285947, "Workers": []}]}, {"Node Type": "Materialize", "Parent Relationship": "Inner", "Parallel Aware": false, "Async Capable": false, "Startup Cost": 9295.04, "Total Cost": 10683.07, "Plan Rows": 3.0, "Plan Width": 12, "Actual Rows": 17708040, "Actual Loops": 2, "Workers": [], "Plans": [{"Node Type": "Merge Join", "Parent Relationship": "Outer", "Parallel Aware": false, "Async Capable": false, "Join Type": "Inner", "Startup Cost": 9295.04, "Total Cost": 9463.01, "Plan Rows": 3.0, "Plan Width": 12, "Actual Rows": 44886, "Actual Loops": 2, "Inner Unique": false, "Merge Cond": "(u.id = p.owneruserid)", "Workers": [], "Plans": [{"Node Type": "Sort", "Parent Relationship": "Outer", "Parallel Aware": false, "Async Capable": false, "Startup Cost": 5176.44, "Total Cost": 5193.8, "Plan Rows": 6.0, "Plan Width": 8, "Actual Rows": 6618, "Actual Loops": 2, "Sort Key": ["c.userid"], "Sort Method": "quicksort", "Sort Space Used": 399, "Sort Space Type": "Memory", "Workers": [{"Worker Number": 0, "Sort Method": "quicksort", "Sort Space Used": 399, "Sort Space Type": "Memory"}], "Plans": [{"Node Type": "Hash Join", "Parent Relationship": "Outer", "Parallel Aware": false, "Async Capable": false, "Join Type": "Inner", "Startup Cost": 1145.09, "Total Cost": 4733.5, "Plan Rows": 6.0, "Plan Width": 8, "Actual Rows": 6623, "Actual Loops": 2, "Inner Unique": true, "Hash Cond": "(c.userid = u.id)", "Workers": [], "Plans": [{"Node Type": "Seq Scan", "Parent Relationship": "Outer", "Parallel Aware": false, "Async Capable": false, "Relation Name": "comments", "Alias": "c", "Startup Cost": 0.0, "Total Cost": 3522.81, "Plan Rows": 24988, "Plan Width": 4, "Actual Rows": 25003, "Actual Loops": 2, "Filter": "(score = 1)", "Rows Removed by Filter": 149302, "Workers": []}, {"Node Type": "Hash", "Parent Relationship": "Inner", "Parallel Aware": false, "Async Capable": false, "Startup Cost": 1002.69, "Total Cost": 1002.69, "Plan Rows": 11392, "Plan Width": 4, "Actual Rows": 11391, "Actual Loops": 2, "Hash Buckets": 16384, "Original Hash Buckets": 16384, "Hash Batches": 1, "Original Hash Batches": 1, "Peak Memory Usage": 529, "Workers": [], "Plans": [{"Node Type": "Seq Scan", "Parent Relationship": "Outer", "Parallel Aware": false, "Async Capable": false, "Relation Name": "users", "Alias": "u", "Startup Cost": 0.0, "Total Cost": 1002.69, "Plan Rows": 11392, "Plan Width": 4, "Actual Rows": 11391, "Actual Loops": 2, "Filter": "((upvotes <= 705) AND (creationdate >= '2010-11-05 19:45:03'::timestamp without time zone) AND (creationdate <= '2012-11-20 18:57:51'::timestamp without time zone))", "Rows Removed by Filter": 28934, "Workers": []}]}]}]}, {"Node Type": "Sort", "Parent Relationship": "Inner", "Parallel Aware": false, "Async Capable": false, "Startup Cost": 4118.6, "Total Cost": 4168.93, "Plan Rows": 20131, "Plan Width": 4, "Actual Rows": 56281, "Actual Loops": 2, "Sort Key": ["p.owneruserid"], "Sort Method": "quicksort", "Sort Space Used": 769, "Sort Space Type": "Memory", "Workers": [{"Worker Number": 0, "Sort Method": "quicksort", "Sort Space Used": 769, "Sort Space Type": "Memory"}], "Plans": [{"Node Type": "Seq Scan", "Parent Relationship": "Outer", "Parallel Aware": false, "Async Capable": false, "Relation Name": "posts", "Alias": "p", "Startup Cost": 0.0, "Total Cost": 2679.52, "Plan Rows": 20131, "Plan Width": 4, "Actual Rows": 21032, "Actual Loops": 2, "Filter": "((answercount >= 1) AND (answercount <= 39) AND (creationdate >= '2010-12-25 02:20:35'::timestamp without time zone) AND (creationdate <= '2014-02-10 21:28:46'::timestamp without time zone))", "Rows Removed by Filter": 70944, "Workers": []}]}]}]}]}]}]}]}, "Planning Time": 5.394, "Triggers": [], "Execution Time": 1817.118}, {"Plan": {"Node Type": "Aggregate", "Strategy": "Plain", "Partial Mode": "Finalize", "Parallel Aware": false, "Async Capable": false, "Startup Cost": 19503.27, "Total Cost": 19503.28, "Plan Rows": 1, "Plan Width": 8, "Actual Rows": 1, "Actual Loops": 1, "Plans": [{"Node Type": "Gather", "Parent Relationship": "Outer", "Parallel Aware": false, "Async Capable": false, "Startup Cost": 19503.16, "Total Cost": 19503.27, "Plan Rows": 1, "Plan Width": 8, "Actual Rows": 2, "Actual Loops": 1, "Workers Planned": 1, "Workers Launched": 1, "Single Copy": false, "Plans": [{"Node Type": "Aggregate", "Strategy": "Plain", "Partial Mode": "Partial", "Parent Relationship": "Outer", "Parallel Aware": false, "Async Capable": false, "Startup Cost": 18503.16, "Total Cost": 18503.17, "Plan Rows": 1, "Plan Width": 8, "Actual Rows": 1, "Actual Loops": 2, "Workers": [], "Plans": [{"Node Type": "Merge Join", "Parent Relationship": "Outer", "Parallel Aware": false, "Async Capable": false, "Join Type": "Inner", "Startup Cost": 8173.72, "Total Cost": 8706.39, "Plan Rows": 35.0, "Plan Width": 0, "Actual Rows": 17677290, "Actual Loops": 2, "Inner Unique": false, "Merge Cond": "(u.id = v.userid)", "Workers": [], "Plans": [{"Node Type": "Sort", "Parent Relationship": "Outer", "Parallel Aware": false, "Async Capable": false, "Startup Cost": 4054.28, "Total Cost": 4064.49, "Plan Rows": 6.0, "Plan Width": 8, "Actual Rows": 3312, "Actual Loops": 2, "Sort Key": ["c.userid"], "Sort Method": "quicksort", "Sort Space Used": 370, "Sort Space Type": "Memory", "Workers": [{"Worker Number": 0, "Sort Method": "quicksort", "Sort Space Used": 54, "Sort Space Type": "Memory"}], "Plans": [{"Node Type": "Hash Join", "Parent Relationship": "Outer", "Parallel Aware": false, "Async Capable": false, "Join Type": "Inner", "Startup Cost": 1145.09, "Total Cost": 3809.33, "Plan Rows": 6.0, "Plan Width": 8, "Actual Rows": 3312, "Actual Loops": 2, "Inner Unique": true, "Hash Cond": "(c.userid = u.id)", "Workers": [], "Plans": [{"Node Type": "Seq Scan", "Parent Relationship": "Outer", "Parallel Aware": true, "Async Capable": false, "Relation Name": "comments", "Alias": "c", "Startup Cost": 0.0, "Total Cost": 2625.65, "Plan Rows": 14699, "Plan Width": 4, "Actual Rows": 12502, "Actual Loops": 2, "Filter": "(score = 1)", "Rows Removed by Filter": 74651, "Workers": []}, {"Node Type": "Hash", "Parent Relationship": "Inner", "Parallel Aware": false, "Async Capable": false, "Startup Cost": 1002.69, "Total Cost": 1002.69, "Plan Rows": 11392, "Plan Width": 4, "Actual Rows": 11391, "Actual Loops": 2, "Hash Buckets": 16384, "Original Hash Buckets": 16384, "Hash Batches": 1, "Original Hash Batches": 1, "Peak Memory Usage": 529, "Workers": [], "Plans": [{"Node Type": "Seq Scan", "Parent Relationship": "Outer", "Parallel Aware": false, "Async Capable": false, "Relation Name": "users", "Alias": "u", "Startup Cost": 0.0, "Total Cost": 1002.69, "Plan Rows": 11392, "Plan Width": 4, "Actual Rows": 11391, "Actual Loops": 2, "Filter": "((upvotes <= 705) AND (creationdate >= '2010-11-05 19:45:03'::timestamp without time zone) AND (creationdate <= '2012-11-20 18:57:51'::timestamp without time zone))", "Rows Removed by Filter": 28934, "Workers": []}]}]}]}, {"Node Type": "Materialize", "Parent Relationship": "Inner", "Parallel Aware": false, "Async Capable": false, "Startup Cost": 4119.44, "Total Cost": 7332.4, "Plan Rows": 3226.0, "Plan Width": 12, "Actual Rows": 18166403, "Actual Loops": 2, "Workers": [], "Plans": [{"Node Type": "Merge Join", "Parent Relationship": "Outer", "Parallel Aware": false, "Async Capable": false, "Join Type": "Inner", "Startup Cost": 4119.44, "Total Cost": 6171.73, "Plan Rows": 3226.0, "Plan Width": 12, "Actual Rows": 1454481, "Actual Loops": 2, "Inner Unique": false, "Merge Cond": "(v.userid = p.owneruserid)", "Workers": [], "Plans": [{"Node Type": "Merge Join", "Parent Relationship": "Outer", "Parallel Aware": false, "Async Capable": false, "Join Type": "Inner", "Startup Cost": 0.84, "Total Cost": 14774.37, "Plan Rows": 8983.0, "Plan Width": 8, "Actual Rows": 164102, "Actual Loops": 2, "Inner Unique": false, "Merge Cond": "(v.userid = ph.userid)", "Workers": [], "Plans": [{"Node Type": "Index Scan", "Parent Relationship": "Outer", "Parallel Aware": false, "Async Capable": false, "Scan Direction": "Forward", "Index Name": "idx_votes_userid", "Relation Name": "votes", "Alias": "v", "Startup Cost": 0.42, "Total Cost": 13242.63, "Plan Rows": 1033, "Plan Width": 4, "Actual Rows": 809, "Actual Loops": 2, "Filter": "((bountyamount >= 9) AND (creationdate >= '2012-09-26 10:40:24'::timestamp without time zone))", "Rows Removed by Filter": 33975, "Workers": []}, {"Node Type": "Index Scan", "Parent Relationship": "Inner", "Parallel Aware": false, "Async Capable": false, "Scan Direction": "Forward", "Index Name": "idx_posthistory_userid", "Relation Name": "posthistory", "Alias": "ph", "Startup Cost": 0.42, "Total Cost": 12849.99, "Plan Rows": 134815, "Plan Width": 4, "Actual Rows": 252634, "Actual Loops": 2, "Filter": "(creationdate <= '2013-03-08 22:17:58'::timestamp without time zone)", "Rows Removed by Filter": 414220, "Workers": []}]}, {"Node Type": "Sort", "Parent Relationship": "Inner", "Parallel Aware": false, "Async Capable": false, "Startup Cost": 4118.6, "Total Cost": 4168.93, "Plan Rows": 20131, "Plan Width": 4, "Actual Rows": 1468757, "Actual Loops": 2, "Sort Key": ["p.owneruserid"], "Sort Method": "quicksort", "Sort Space Used": 769, "Sort Space Type": "Memory", "Workers": [{"Worker Number": 0, "Sort Method": "quicksort", "Sort Space Used": 769, "Sort Space Type": "Memory"}], "Plans": [{"Node Type": "Seq Scan", "Parent Relationship": "Outer", "Parallel Aware": false, "Async Capable": false, "Relation Name": "posts", "Alias": "p", "Startup Cost": 0.0, "Total Cost": 2679.52, "Plan Rows": 20131, "Plan Width": 4, "Actual Rows": 21032, "Actual Loops": 2, "Filter": "((answercount >= 1) AND (answercount <= 39) AND (creationdate >= '2010-12-25 02:20:35'::timestamp without time zone) AND (creationdate <= '2014-02-10 21:28:46'::timestamp without time zone))", "Rows Removed by Filter": 70944, "Workers": []}]}]}]}]}]}]}]}, "Planning Time": 5.278, "Triggers": [], "Execution Time": 3254.618}, {"Plan": {"Node Type": "Aggregate", "Strategy": "Plain", "Partial Mode": "Simple", "Parallel Aware": false, "Async Capable": false, "Startup Cost": 39277.5, "Total Cost": 39277.51, "Plan Rows": 1, "Plan Width": 8, "Actual Rows": 1, "Actual Loops": 1, "Plans": [{"Node Type": "Merge Join", "Parent Relationship": "Outer", "Parallel Aware": false, "Async Capable": false, "Join Type": "Inner", "Startup Cost": 9467.79, "Total Cost": 22623.0, "Plan Rows": 35.0, "Plan Width": 0, "Actual Rows": 35354580, "Actual Loops": 1, "Inner Unique": false, "Merge Cond": "(u.id = v.userid)", "Plans": [{"Node Type": "Nested Loop", "Parent Relationship": "Outer", "Parallel Aware": false, "Async Capable": false, "Join Type": "Inner", "Startup Cost": 4119.31, "Total Cost": 13172.33, "Plan Rows": 35.0, "Plan Width": 12, "Actual Rows": 462780, "Actual Loops": 1, "Inner Unique": false, "Join Filter": "(ph.userid = u.id)", "Rows Removed by Join Filter": 0, "Plans": [{"Node Type": "Merge Join", "Parent Relationship": "Outer", "Parallel Aware": false, "Async Capable": false, "Join Type": "Inner", "Startup Cost": 4118.89, "Total Cost": 5961.82, "Plan Rows": 41.0, "Plan Width": 8, "Actual Rows": 11444, "Actual Loops": 1, "Inner Unique": false, "Merge Cond": "(u.id = p.owneruserid)", "Plans": [{"Node Type": "Index Scan", "Parent Relationship": "Outer", "Parallel Aware": false, "Async Capable": false, "Scan Direction": "Forward", "Index Name": "users_pkey", "Relation Name": "users", "Alias": "u", "Startup Cost": 0.29, "Total Cost": 1659.6, "Plan Rows": 11392, "Plan Width": 4, "Actual Rows": 11391, "Actual Loops": 1, "Filter": "((upvotes <= 705) AND (creationdate >= '2010-11-05 19:45:03'::timestamp without time zone) AND (creationdate <= '2012-11-20 18:57:51'::timestamp without time zone))", "Rows Removed by Filter": 28934}, {"Node Type": "Sort", "Parent Relationship": "Inner", "Parallel Aware": false, "Async Capable": false, "Startup Cost": 4118.6, "Total Cost": 4168.93, "Plan Rows": 20131, "Plan Width": 4, "Actual Rows": 20643, "Actual Loops": 1, "Sort Key": ["p.owneruserid"], "Sort Method": "quicksort", "Sort Space Used": 769, "Sort Space Type": "Memory", "Plans": [{"Node Type": "Seq Scan", "Parent Relationship": "Outer", "Parallel Aware": false, "Async Capable": false, "Relation Name": "posts", "Alias": "p", "Startup Cost": 0.0, "Total Cost": 2679.52, "Plan Rows": 20131, "Plan Width": 4, "Actual Rows": 21032, "Actual Loops": 1, "Filter": "((answercount >= 1) AND (answercount <= 39) AND (creationdate >= '2010-12-25 02:20:35'::timestamp without time zone) AND (creationdate <= '2014-02-10 21:28:46'::timestamp without time zone))", "Rows Removed by Filter": 70944}]}]}, {"Node Type": "Index Scan", "Parent Relationship": "Inner", "Parallel Aware": false, "Async Capable": false, "Scan Direction": "Forward", "Index Name": "idx_posthistory_userid", "Relation Name": "posthistory", "Alias": "ph", "Startup Cost": 0.42, "Total Cost": 1.21, "Plan Rows": 6, "Plan Width": 4, "Actual Rows": 40, "Actual Loops": 11444, "Index Cond": "(userid = p.owneruserid)", "Rows Removed by Index Recheck": 0, "Filter": "(creationdate <= '2013-03-08 22:17:58'::timestamp without time zone)", "Rows Removed by Filter": 21}]}, {"Node Type": "Materialize", "Parent Relationship": "Inner", "Parallel Aware": false, "Async Capable": false, "Startup Cost": 5348.48, "Total Cost": 6930.1, "Plan Rows": 744.0, "Plan Width": 8, "Actual Rows": 35434127, "Actual Loops": 1, "Plans": [{"Node Type": "Merge Join", "Parent Relationship": "Outer", "Parallel Aware": false, "Async Capable": false, "Join Type": "Inner", "Startup Cost": 5348.48, "Total Cost": 6918.28, "Plan Rows": 744.0, "Plan Width": 8, "Actual Rows": 83887, "Actual Loops": 1, "Inner Unique": false, "Merge Cond": "(v.userid = c.userid)", "Plans": [{"Node Type": "Index Scan", "Parent Relationship": "Outer", "Parallel Aware": false, "Async Capable": false, "Scan Direction": "Forward", "Index Name": "idx_votes_userid", "Relation Name": "votes", "Alias": "v", "Startup Cost": 0.42, "Total Cost": 13242.63, "Plan Rows": 1033, "Plan Width": 4, "Actual Rows": 766, "Actual Loops": 1, "Filter": "((bountyamount >= 9) AND (creationdate >= '2012-09-26 10:40:24'::timestamp without time zone))", "Rows Removed by Filter": 32623}, {"Node Type": "Sort", "Parent Relationship": "Inner", "Parallel Aware": false, "Async Capable": false, "Startup Cost": 5348.05, "Total Cost": 5410.52, "Plan Rows": 24988, "Plan Width": 4, "Actual Rows": 95755, "Actual Loops": 1, "Sort Key": ["c.userid"], "Sort Method": "quicksort", "Sort Space Used": 769, "Sort Space Type": "Memory", "Plans": [{"Node Type": "Seq Scan", "Parent Relationship": "Outer", "Parallel Aware": false, "Async Capable": false, "Relation Name": "comments", "Alias": "c", "Startup Cost": 0.0, "Total Cost": 3522.81, "Plan Rows": 24988, "Plan Width": 4, "Actual Rows": 25003, "Actual Loops": 1, "Filter": "(score = 1)", "Rows Removed by Filter": 149302}]}]}]}]}]}, "Planning Time": 5.141, "Triggers": [], "Execution Time": 3046.902}, {"Plan": {"Node Type": "Aggregate", "Strategy": "Plain", "Partial Mode": "Finalize", "Parallel Aware": false, "Async Capable": false, "Startup Cost": 24293.4, "Total Cost": 24293.41, "Plan Rows": 1, "Plan Width": 8, "Actual Rows": 1, "Actual Loops": 1, "Plans": [{"Node Type": "Gather", "Parent Relationship": "Outer", "Parallel Aware": false, "Async Capable": false, "Startup Cost": 24293.29, "Total Cost": 24293.4, "Plan Rows": 1, "Plan Width": 8, "Actual Rows": 2, "Actual Loops": 1, "Workers Planned": 1, "Workers Launched": 1, "Single Copy": false, "Plans": [{"Node Type": "Aggregate", "Strategy": "Plain", "Partial Mode": "Partial", "Parent Relationship": "Outer", "Parallel Aware": false, "Async Capable": false, "Startup Cost": 23293.29, "Total Cost": 23293.3, "Plan Rows": 1, "Plan Width": 8, "Actual Rows": 1, "Actual Loops": 2, "Workers": [], "Plans": [{"Node Type": "Hash Join", "Parent Relationship": "Outer", "Parallel Aware": true, "Async Capable": false, "Join Type": "Inner", "Startup Cost": 10202.46, "Total Cost": 13496.52, "Plan Rows": 35.0, "Plan Width": 0, "Actual Rows": 17677290, "Actual Loops": 2, "Inner Unique": false, "Hash Cond": "(v.userid = u.id)", "Workers": [], "Plans": [{"Node Type": "Nested Loop", "Parent Relationship": "Outer", "Parallel Aware": false, "Async Capable": false, "Join Type": "Inner", "Startup Cost": 4119.32, "Total Cost": 6328.45, "Plan Rows": 214.0, "Plan Width": 12, "Actual Rows": 218252, "Actual Loops": 2, "Inner Unique": false, "Join Filter": "(c.userid = v.userid)", "Rows Removed by Join Filter": 0, "Workers": [], "Plans": [{"Node Type": "Merge Join", "Parent Relationship": "Outer", "Parallel Aware": false, "Async Capable": false, "Join Type": "Inner", "Startup Cost": 4119.02, "Total Cost": 5410.85, "Plan Rows": 2020.0, "Plan Width": 8, "Actual Rows": 4022, "Actual Loops": 2, "Inner Unique": false, "Merge Cond": "(v.userid = p.owneruserid)", "Workers": [], "Plans": [{"Node Type": "Index Scan", "Parent Relationship": "Outer", "Parallel Aware": true, "Async Capable": false, "Scan Direction": "Forward", "Index Name": "idx_votes_userid", "Relation Name": "votes", "Alias": "v", "Startup Cost": 0.42, "Total Cost": 11216.36, "Plan Rows": 608, "Plan Width": 4, "Actual Rows": 399, "Actual Loops": 2, "Filter": "((bountyamount >= 9) AND (creationdate >= '2012-09-26 10:40:24'::timestamp without time zone))", "Rows Removed by Filter": 16865, "Workers": []}, {"Node Type": "Sort", "Parent Relationship": "Inner", "Parallel Aware": false, "Async Capable": false, "Startup Cost": 4118.6, "Total Cost": 4168.93, "Plan Rows": 20131, "Plan Width": 4, "Actual Rows": 23210, "Actual Loops": 2, "Sort Key": ["p.owneruserid"], "Sort Method": "quicksort", "Sort Space Used": 769, "Sort Space Type": "Memory", "Workers": [{"Worker Number": 0, "Sort Method": "quicksort", "Sort Space Used": 769, "Sort Space Type": "Memory"}], "Plans": [{"Node Type": "Seq Scan", "Parent Relationship": "Outer", "Parallel Aware": false, "Async Capable": false, "Relation Name": "posts", "Alias": "p", "Startup Cost": 0.0, "Total Cost": 2679.52, "Plan Rows": 20131, "Plan Width": 4, "Actual Rows": 21032, "Actual Loops": 2, "Filter": "((answercount >= 1) AND (answercount <= 39) AND (creationdate >= '2010-12-25 02:20:35'::timestamp without time zone) AND (creationdate <= '2014-02-10 21:28:46'::timestamp without time zone))", "Rows Removed by Filter": 70944, "Workers": []}]}]}, {"Node Type": "Index Scan", "Parent Relationship": "Inner", "Parallel Aware": false, "Async Capable": false, "Scan Direction": "Forward", "Index Name": "idx_comments_userid", "Relation Name": "comments", "Alias": "c", "Startup Cost": 0.29, "Total Cost": 0.86, "Plan Rows": 2, "Plan Width": 4, "Actual Rows": 54, "Actual Loops": 8045, "Index Cond": "(userid = p.owneruserid)", "Rows Removed by Index Recheck": 0, "Filter": "(score = 1)", "Rows Removed by Filter": 304, "Workers": []}]}, {"Node Type": "Hash", "Parent Relationship": "Inner", "Parallel Aware": true, "Async Capable": false, "Startup Cost": 5822.6, "Total Cost": 5822.6, "Plan Rows": 126.0, "Plan Width": 8, "Actual Rows": 31026, "Actual Loops": 2, "Hash Buckets": 65536, "Original Hash Buckets": 65536, "Hash Batches": 1, "Original Hash Batches": 1, "Peak Memory Usage": 2976, "Workers": [], "Plans": [{"Node Type": "Hash Join", "Parent Relationship": "Outer", "Parallel Aware": false, "Async Capable": false, "Join Type": "Inner", "Startup Cost": 1145.09, "Total Cost": 5822.6, "Plan Rows": 126.0, "Plan Width": 8, "Actual Rows": 31026, "Actual Loops": 2, "Inner Unique": true, "Hash Cond": "(ph.userid = u.id)", "Workers": [], "Plans": [{"Node Type": "Seq Scan", "Parent Relationship": "Outer", "Parallel Aware": true, "Async Capable": false, "Relation Name": "posthistory", "Alias": "ph", "Startup Cost": 0.0, "Total Cost": 4469.32, "Plan Rows": 79303, "Plan Width": 4, "Actual Rows": 67491, "Actual Loops": 2, "Filter": "(creationdate <= '2013-03-08 22:17:58'::timestamp without time zone)", "Rows Removed by Filter": 84102, "Workers": []}, {"Node Type": "Hash", "Parent Relationship": "Inner", "Parallel Aware": false, "Async Capable": false, "Startup Cost": 1002.69, "Total Cost": 1002.69, "Plan Rows": 11392, "Plan Width": 4, "Actual Rows": 11391, "Actual Loops": 2, "Hash Buckets": 16384, "Original Hash Buckets": 16384, "Hash Batches": 1, "Original Hash Batches": 1, "Peak Memory Usage": 529, "Workers": [], "Plans": [{"Node Type": "Seq Scan", "Parent Relationship": "Outer", "Parallel Aware": false, "Async Capable": false, "Relation Name": "users", "Alias": "u", "Startup Cost": 0.0, "Total Cost": 1002.69, "Plan Rows": 11392, "Plan Width": 4, "Actual Rows": 11391, "Actual Loops": 2, "Filter": "((upvotes <= 705) AND (creationdate >= '2010-11-05 19:45:03'::timestamp without time zone) AND (creationdate <= '2012-11-20 18:57:51'::timestamp without time zone))", "Rows Removed by Filter": 28934, "Workers": []}]}]}]}]}]}]}]}, "Planning Time": 9.988, "Triggers": [], "Execution Time": 1514.787}, {"Plan": {"Node Type": "Aggregate", "Strategy": "Plain", "Partial Mode": "Finalize", "Parallel Aware": false, "Async Capable": false, "Startup Cost": 118927.2, "Total Cost": 118927.21, "Plan Rows": 1, "Plan Width": 8, "Actual Rows": 1, "Actual Loops": 1, "Plans": [{"Node Type": "Gather", "Parent Relationship": "Outer", "Parallel Aware": false, "Async Capable": false, "Startup Cost": 118927.08, "Total Cost": 118927.19, "Plan Rows": 1, "Plan Width": 8, "Actual Rows": 2, "Actual Loops": 1, "Workers Planned": 1, "Workers Launched": 1, "Single Copy": false, "Plans": [{"Node Type": "Aggregate", "Strategy": "Plain", "Partial Mode": "Partial", "Parent Relationship": "Outer", "Parallel Aware": false, "Async Capable": false, "Startup Cost": 117927.08, "Total Cost": 117927.09, "Plan Rows": 1, "Plan Width": 8, "Actual Rows": 1, "Actual Loops": 2, "Workers": [], "Plans": [{"Node Type": "Merge Join", "Parent Relationship": "Outer", "Parallel Aware": false, "Async Capable": false, "Join Type": "Inner", "Startup Cost": 1.73, "Total Cost": 108130.32, "Plan Rows": 35.0, "Plan Width": 0, "Actual Rows": 17677290, "Actual Loops": 2, "Inner Unique": false, "Merge Cond": "(v.userid = c.userid)", "Workers": [], "Plans": [{"Node Type": "Nested Loop", "Parent Relationship": "Outer", "Parallel Aware": false, "Async Capable": false, "Join Type": "Inner", "Startup Cost": 1.0, "Total Cost": 2883.07, "Plan Rows": 212.0, "Plan Width": 12, "Actual Rows": 2947, "Actual Loops": 2, "Inner Unique": false, "Join Filter": "(p.owneruserid = v.userid)", "Rows Removed by Join Filter": 0, "Workers": [], "Plans": [{"Node Type": "Merge Join", "Parent Relationship": "Outer", "Parallel Aware": false, "Async Capable": false, "Join Type": "Inner", "Startup Cost": 0.71, "Total Cost": 2869.47, "Plan Rows": 946.0, "Plan Width": 8, "Actual Rows": 182, "Actual Loops": 2, "Inner Unique": true, "Merge Cond": "(v.userid = u.id)", "Workers": [], "Plans": [{"Node Type": "Index Scan", "Parent Relationship": "Outer", "Parallel Aware": true, "Async Capable": false, "Scan Direction": "Forward", "Index Name": "idx_votes_userid", "Relation Name": "votes", "Alias": "v", "Startup Cost": 0.42, "Total Cost": 11216.36, "Plan Rows": 608, "Plan Width": 4, "Actual Rows": 384, "Actual Loops": 2, "Filter": "((bountyamount >= 9) AND (creationdate >= '2012-09-26 10:40:24'::timestamp without time zone))", "Rows Removed by Filter": 16323, "Workers": []}, {"Node Type": "Index Scan", "Parent Relationship": "Inner", "Parallel Aware": false, "Async Capable": false, "Scan Direction": "Forward", "Index Name": "users_pkey", "Relation Name": "users", "Alias": "u", "Startup Cost": 0.29, "Total Cost": 1659.6, "Plan Rows": 11392, "Plan Width": 4, "Actual Rows": 11391, "Actual Loops": 2, "Filter": "((upvotes <= 705) AND (creationdate >= '2010-11-05 19:45:03'::timestamp without time zone) AND (creationdate <= '2012-11-20 18:57:51'::timestamp without time zone))", "Rows Removed by Filter": 28934, "Workers": []}]}, {"Node Type": "Index Scan", "Parent Relationship": "Inner", "Parallel Aware": false, "Async Capable": false, "Scan Direction": "Forward", "Index Name": "idx_posts_owneruserid", "Relation Name": "posts", "Alias": "p", "Startup Cost": 0.29, "Total Cost": 0.74, "Plan Rows": 1, "Plan Width": 4, "Actual Rows": 16, "Actual Loops": 364, "Index Cond": "(owneruserid = u.id)", "Rows Removed by Index Recheck": 0, "Filter": "((answercount >= 1) AND (answercount <= 39) AND (creationdate >= '2010-12-25 02:20:35'::timestamp without time zone) AND (creationdate <= '2014-02-10 21:28:46'::timestamp without time zone))", "Rows Removed by Filter": 31, "Workers": []}]}, {"Node Type": "Materialize", "Parent Relationship": "Inner", "Parallel Aware": false, "Async Capable": false, "Startup Cost": 0.73, "Total Cost": 65007.22, "Plan Rows": 82.0, "Plan Width": 8, "Actual Rows": 42916613, "Actual Loops": 2, "Workers": [], "Plans": [{"Node Type": "Nested Loop", "Parent Relationship": "Outer", "Parallel Aware": false, "Async Capable": false, "Join Type": "Inner", "Startup Cost": 0.73, "Total Cost": 23115.98, "Plan Rows": 82.0, "Plan Width": 8, "Actual Rows": 25428796, "Actual Loops": 2, "Inner Unique": false, "Workers": [], "Plans": [{"Node Type": "Index Scan", "Parent Relationship": "Outer", "Parallel Aware": false, "Async Capable": false, "Scan Direction": "Forward", "Index Name": "idx_comments_userid", "Relation Name": "comments", "Alias": "c", "Startup Cost": 0.29, "Total Cost": 8258.96, "Plan Rows": 24988, "Plan Width": 4, "Actual Rows": 20724, "Actual Loops": 2, "Filter": "(score = 1)", "Rows Removed by Filter": 109640, "Workers": []}, {"Node Type": "Memoize", "Parent Relationship": "Inner", "Parallel Aware": false, "Async Capable": false, "Startup Cost": 0.43, "Total Cost": 1.12, "Plan Rows": 6, "Plan Width": 4, "Actual Rows": 1227, "Actual Loops": 41449, "Cache Key": "c.userid", "Cache Mode": "logical", "Cache Hits": 17475, "Cache Misses": 1264, "Cache Evictions": 0, "Cache Overflows": 0, "Peak Memory Usage": 2814, "Workers": [{"Worker Number": 0, "Cache Hits": 20480, "Cache Misses": 2230, "Cache Evictions": 0, "Cache Overflows": 0, "Peak Memory Usage": 3113}], "Plans": [{"Node Type": "Index Scan", "Parent Relationship": "Outer", "Parallel Aware": false, "Async Capable": false, "Scan Direction": "Forward", "Index Name": "idx_posthistory_userid", "Relation Name": "posthistory", "Alias": "ph", "Startup Cost": 0.42, "Total Cost": 1.11, "Plan Rows": 6, "Plan Width": 4, "Actual Rows": 46, "Actual Loops": 3494, "Index Cond": "(userid = c.userid)", "Rows Removed by Index Recheck": 0, "Filter": "(creationdate <= '2013-03-08 22:17:58'::timestamp without time zone)", "Rows Removed by Filter": 32, "Workers": []}]}]}]}]}]}]}]}, "Planning Time": 9.926, "Triggers": [], "Execution Time": 6663.593}, {"Plan": {"Node Type": "Aggregate", "Strategy": "Plain", "Partial Mode": "Simple", "Parallel Aware": false, "Async Capable": false, "Startup Cost": 28705.46, "Total Cost": 28705.47, "Plan Rows": 1, "Plan Width": 8, "Plans": [{"Node Type": "Merge Join", "Parent Relationship": "Outer", "Parallel Aware": false, "Async Capable": false, "Join Type": "Inner", "Startup Cost": 9576.62, "Total Cost": 12050.96, "Plan Rows": 35.0, "Plan Width": 0, "Inner Unique": false, "Merge Cond": "(u.id = v.userid)", "Plans": [{"Node Type": "Sort", "Parent Relationship": "Outer", "Parallel Aware": false, "Async Capable": false, "Startup Cost": 4226.15, "Total Cost": 4240.16, "Plan Rows": 41.0, "Plan Width": 8, "Sort Key": ["p.owneruserid"], "Plans": [{"Node Type": "Hash Join", "Parent Relationship": "Outer", "Parallel Aware": false, "Async Capable": false, "Join Type": "Inner", "Startup Cost": 1145.09, "Total Cost": 3877.45, "Plan Rows": 41.0, "Plan Width": 8, "Inner Unique": true, "Hash Cond": "(p.owneruserid = u.id)", "Plans": [{"Node Type": "Seq Scan", "Parent Relationship": "Outer", "Parallel Aware": false, "Async Capable": false, "Relation Name": "posts", "Alias": "p", "Startup Cost": 0.0, "Total Cost": 2679.52, "Plan Rows": 20131, "Plan Width": 4, "Filter": "((answercount >= 1) AND (answercount <= 39) AND (creationdate >= '2010-12-25 02:20:35'::timestamp without time zone) AND (creationdate <= '2014-02-10 21:28:46'::timestamp without time zone))"}, {"Node Type": "Hash", "Parent Relationship": "Inner", "Parallel Aware": false, "Async Capable": false, "Startup Cost": 1002.69, "Total Cost": 1002.69, "Plan Rows": 11392, "Plan Width": 4, "Plans": [{"Node Type": "Seq Scan", "Parent Relationship": "Outer", "Parallel Aware": false, "Async Capable": false, "Relation Name": "users", "Alias": "u", "Startup Cost": 0.0, "Total Cost": 1002.69, "Plan Rows": 11392, "Plan Width": 4, "Filter": "((upvotes <= 705) AND (creationdate >= '2010-11-05 19:45:03'::timestamp without time zone) AND (creationdate <= '2012-11-20 18:57:51'::timestamp without time zone))"}]}]}]}, {"Node Type": "Materialize", "Parent Relationship": "Inner", "Parallel Aware": false, "Async Capable": false, "Startup Cost": 5350.46, "Total Cost": 16146.76, "Plan Rows": 1114.0, "Plan Width": 12, "Plans": [{"Node Type": "Merge Join", "Parent Relationship": "Outer", "Parallel Aware": false, "Async Capable": false, "Join Type": "Inner", "Startup Cost": 5350.46, "Total Cost": 8216.53, "Plan Rows": 1114.0, "Plan Width": 12, "Inner Unique": false, "Merge Cond": "(v.userid = c.userid)", "Plans": [{"Node Type": "Merge Join", "Parent Relationship": "Outer", "Parallel Aware": false, "Async Capable": false, "Join Type": "Inner", "Startup Cost": 0.84, "Total Cost": 14774.37, "Plan Rows": 8983.0, "Plan Width": 8, "Inner Unique": false, "Merge Cond": "(v.userid = ph.userid)", "Plans": [{"Node Type": "Index Scan", "Parent Relationship": "Outer", "Parallel Aware": false, "Async Capable": false, "Scan Direction": "Forward", "Index Name": "idx_votes_userid", "Relation Name": "votes", "Alias": "v", "Startup Cost": 0.42, "Total Cost": 13242.63, "Plan Rows": 1033, "Plan Width": 4, "Filter": "((bountyamount >= 9) AND (creationdate >= '2012-09-26 10:40:24'::timestamp without time zone))"}, {"Node Type": "Index Scan", "Parent Relationship": "Inner", "Parallel Aware": false, "Async Capable": false, "Scan Direction": "Forward", "Index Name": "idx_posthistory_userid", "Relation Name": "posthistory", "Alias": "ph", "Startup Cost": 0.42, "Total Cost": 12849.99, "Plan Rows": 134815, "Plan Width": 4, "Filter": "(creationdate <= '2013-03-08 22:17:58'::timestamp without time zone)"}]}, {"Node Type": "Sort", "Parent Relationship": "Inner", "Parallel Aware": false, "Async Capable": false, "Startup Cost": 5348.05, "Total Cost": 5410.52, "Plan Rows": 24988, "Plan Width": 4, "Sort Key": ["c.userid"], "Plans": [{"Node Type": "Seq Scan", "Parent Relationship": "Outer", "Parallel Aware": false, "Async Capable": false, "Relation Name": "comments", "Alias": "c", "Startup Cost": 0.0, "Total Cost": 3522.81, "Plan Rows": 24988, "Plan Width": 4, "Filter": "(score = 1)"}]}]}]}]}]}, "Timeout Time": 13444.288}, {"Plan": {"Node Type": "Aggregate", "Strategy": "Plain", "Partial Mode": "Finalize", "Parallel Aware": false, "Async Capable": false, "Startup Cost": 53934.57, "Total Cost": 53934.58, "Plan Rows": 1, "Plan Width": 8, "Actual Rows": 1, "Actual Loops": 1, "Plans": [{"Node Type": "Gather", "Parent Relationship": "Outer", "Parallel Aware": false, "Async Capable": false, "Startup Cost": 53934.46, "Total Cost": 53934.57, "Plan Rows": 1, "Plan Width": 8, "Actual Rows": 2, "Actual Loops": 1, "Workers Planned": 1, "Workers Launched": 1, "Single Copy": false, "Plans": [{"Node Type": "Aggregate", "Strategy": "Plain", "Partial Mode": "Partial", "Parent Relationship": "Outer", "Parallel Aware": false, "Async Capable": false, "Startup Cost": 52934.46, "Total Cost": 52934.47, "Plan Rows": 1, "Plan Width": 8, "Actual Rows": 1, "Actual Loops": 2, "Workers": [], "Plans": [{"Node Type": "Merge Join", "Parent Relationship": "Outer", "Parallel Aware": false, "Async Capable": false, "Join Type": "Inner", "Startup Cost": 9467.94, "Total Cost": 43137.69, "Plan Rows": 35.0, "Plan Width": 0, "Actual Rows": 17677290, "Actual Loops": 2, "Inner Unique": false, "Merge Cond": "(v.userid = u.id)", "Workers": [], "Plans": [{"Node Type": "Merge Join", "Parent Relationship": "Outer", "Parallel Aware": false, "Async Capable": false, "Join Type": "Inner", "Startup Cost": 4119.02, "Total Cost": 5410.85, "Plan Rows": 2020.0, "Plan Width": 8, "Actual Rows": 3708, "Actual Loops": 2, "Inner Unique": false, "Merge Cond": "(v.userid = p.owneruserid)", "Workers": [], "Plans": [{"Node Type": "Index Scan", "Parent Relationship": "Outer", "Parallel Aware": true, "Async Capable": false, "Scan Direction": "Forward", "Index Name": "idx_votes_userid", "Relation Name": "votes", "Alias": "v", "Startup Cost": 0.42, "Total Cost": 11216.36, "Plan Rows": 608, "Plan Width": 4, "Actual Rows": 302, "Actual Loops": 2, "Filter": "((bountyamount >= 9) AND (creationdate >= '2012-09-26 10:40:24'::timestamp without time zone))", "Rows Removed by Filter": 13535, "Workers": []}, {"Node Type": "Sort", "Parent Relationship": "Inner", "Parallel Aware": false, "Async Capable": false, "Startup Cost": 4118.6, "Total Cost": 4168.93, "Plan Rows": 20131, "Plan Width": 4, "Actual Rows": 19206, "Actual Loops": 2, "Sort Key": ["p.owneruserid"], "Sort Method": "quicksort", "Sort Space Used": 769, "Sort Space Type": "Memory", "Workers": [{"Worker Number": 0, "Sort Method": "quicksort", "Sort Space Used": 769, "Sort Space Type": "Memory"}], "Plans": [{"Node Type": "Seq Scan", "Parent Relationship": "Outer", "Parallel Aware": false, "Async Capable": false, "Relation Name": "posts", "Alias": "p", "Startup Cost": 0.0, "Total Cost": 2679.52, "Plan Rows": 20131, "Plan Width": 4, "Actual Rows": 21032, "Actual Loops": 2, "Filter": "((answercount >= 1) AND (answercount <= 39) AND (creationdate >= '2010-12-25 02:20:35'::timestamp without time zone) AND (creationdate <= '2014-02-10 21:28:46'::timestamp without time zone))", "Rows Removed by Filter": 70944, "Workers": []}]}]}, {"Node Type": "Materialize", "Parent Relationship": "Inner", "Parallel Aware": false, "Async Capable": false, "Startup Cost": 5348.92, "Total Cost": 27116.04, "Plan Rows": 17.0, "Plan Width": 12, "Actual Rows": 18311116, "Actual Loops": 2, "Workers": [], "Plans": [{"Node Type": "Nested Loop", "Parent Relationship": "Outer", "Parallel Aware": false, "Async Capable": false, "Join Type": "Inner", "Startup Cost": 5348.92, "Total Cost": 15477.31, "Plan Rows": 17.0, "Plan Width": 12, "Actual Rows": 823316, "Actual Loops": 2, "Inner Unique": false, "Join Filter": "(ph.userid = u.id)", "Rows Removed by Join Filter": 0, "Workers": [], "Plans": [{"Node Type": "Merge Join", "Parent Relationship": "Outer", "Parallel Aware": false, "Async Capable": false, "Join Type": "Inner", "Startup Cost": 5348.49, "Total Cost": 7228.43, "Plan Rows": 6.0, "Plan Width": 8, "Actual Rows": 6623, "Actual Loops": 2, "Inner Unique": false, "Merge Cond": "(u.id = c.userid)", "Workers": [], "Plans": [{"Node Type": "Index Scan", "Parent Relationship": "Outer", "Parallel Aware": false, "Async Capable": false, "Scan Direction": "Forward", "Index Name": "users_pkey", "Relation Name": "users", "Alias": "u", "Startup Cost": 0.29, "Total Cost": 1659.6, "Plan Rows": 11392, "Plan Width": 4, "Actual Rows": 11391, "Actual Loops": 2, "Filter": "((upvotes <= 705) AND (creationdate >= '2010-11-05 19:45:03'::timestamp without time zone) AND (creationdate <= '2012-11-20 18:57:51'::timestamp without time zone))", "Rows Removed by Filter": 28934, "Workers": []}, {"Node Type": "Sort", "Parent Relationship": "Inner", "Parallel Aware": false, "Async Capable": false, "Startup Cost": 5348.05, "Total Cost": 5410.52, "Plan Rows": 24988, "Plan Width": 4, "Actual Rows": 24055, "Actual Loops": 2, "Sort Key": ["c.userid"], "Sort Method": "quicksort", "Sort Space Used": 769, "Sort Space Type": "Memory", "Workers": [{"Worker Number": 0, "Sort Method": "quicksort", "Sort Space Used": 769, "Sort Space Type": "Memory"}], "Plans": [{"Node Type": "Seq Scan", "Parent Relationship": "Outer", "Parallel Aware": false, "Async Capable": false, "Relation Name": "comments", "Alias": "c", "Startup Cost": 0.0, "Total Cost": 3522.81, "Plan Rows": 24988, "Plan Width": 4, "Actual Rows": 25003, "Actual Loops": 2, "Filter": "(score = 1)", "Rows Removed by Filter": 149302, "Workers": []}]}]}, {"Node Type": "Index Scan", "Parent Relationship": "Inner", "Parallel Aware": false, "Async Capable": false, "Scan Direction": "Forward", "Index Name": "idx_posthistory_userid", "Relation Name": "posthistory", "Alias": "ph", "Startup Cost": 0.42, "Total Cost": 1.11, "Plan Rows": 6, "Plan Width": 4, "Actual Rows": 124, "Actual Loops": 13246, "Index Cond": "(userid = c.userid)", "Rows Removed by Index Recheck": 0, "Filter": "(creationdate <= '2013-03-08 22:17:58'::timestamp without time zone)", "Rows Removed by Filter": 90, "Workers": []}]}]}]}]}]}]}, "Planning Time": 9.441, "Triggers": [], "Execution Time": 1984.324}, {"Plan": {"Node Type": "Aggregate", "Strategy": "Plain", "Partial Mode": "Simple", "Parallel Aware": false, "Async Capable": false, "Startup Cost": 55120.29, "Total Cost": 55120.3, "Plan Rows": 1, "Plan Width": 8, "Actual Rows": 1, "Actual Loops": 1, "Plans": [{"Node Type": "Merge Join", "Parent Relationship": "Outer", "Parallel Aware": false, "Async Capable": false, "Join Type": "Inner", "Startup Cost": 1.73, "Total Cost": 38465.79, "Plan Rows": 35.0, "Plan Width": 0, "Actual Rows": 35354580, "Actual Loops": 1, "Inner Unique": false, "Merge Cond": "(p.owneruserid = v.userid)", "Plans": [{"Node Type": "Nested Loop", "Parent Relationship": "Outer", "Parallel Aware": false, "Async Capable": false, "Join Type": "Inner", "Startup Cost": 0.72, "Total Cost": 23944.68, "Plan Rows": 263.0, "Plan Width": 8, "Actual Rows": 929029, "Actual Loops": 1, "Inner Unique": false, "Plans": [{"Node Type": "Index Scan", "Parent Relationship": "Outer", "Parallel Aware": false, "Async Capable": false, "Scan Direction": "Forward", "Index Name": "idx_posts_owneruserid", "Relation Name": "posts", "Alias": "p", "Startup Cost": 0.29, "Total Cost": 5013.43, "Plan Rows": 20131, "Plan Width": 4, "Actual Rows": 18793, "Actual Loops": 1, "Filter": "((answercount >= 1) AND (answercount <= 39) AND (creationdate >= '2010-12-25 02:20:35'::timestamp without time zone) AND (creationdate <= '2014-02-10 21:28:46'::timestamp without time zone))", "Rows Removed by Filter": 54115}, {"Node Type": "Memoize", "Parent Relationship": "Inner", "Parallel Aware": false, "Async Capable": false, "Startup Cost": 0.43, "Total Cost": 1.22, "Plan Rows": 6, "Plan Width": 4, "Actual Rows": 49, "Actual Loops": 18793, "Cache Key": "p.owneruserid", "Cache Mode": "logical", "Cache Hits": 10175, "Cache Misses": 8618, "Cache Evictions": 0, "Cache Overflows": 0, "Peak Memory Usage": 4040, "Plans": [{"Node Type": "Index Scan", "Parent Relationship": "Outer", "Parallel Aware": false, "Async Capable": false, "Scan Direction": "Forward", "Index Name": "idx_posthistory_userid", "Relation Name": "posthistory", "Alias": "ph", "Startup Cost": 0.42, "Total Cost": 1.21, "Plan Rows": 6, "Plan Width": 4, "Actual Rows": 11, "Actual Loops": 8618, "Index Cond": "(userid = p.owneruserid)", "Rows Removed by Index Recheck": 0, "Filter": "(creationdate <= '2013-03-08 22:17:58'::timestamp without time zone)", "Rows Removed by Filter": 10}]}]}, {"Node Type": "Materialize", "Parent Relationship": "Inner", "Parallel Aware": false, "Async Capable": false, "Startup Cost": 1.01, "Total Cost": 3121.36, "Plan Rows": 107.0, "Plan Width": 12, "Actual Rows": 35353924, "Actual Loops": 1, "Plans": [{"Node Type": "Nested Loop", "Parent Relationship": "Outer", "Parallel Aware": false, "Async Capable": false, "Join Type": "Inner", "Startup Cost": 1.01, "Total Cost": 3121.01, "Plan Rows": 107.0, "Plan Width": 12, "Actual Rows": 4403, "Actual Loops": 1, "Inner Unique": false, "Join Filter": "(c.userid = v.userid)", "Rows Removed by Join Filter": 0, "Plans": [{"Node Type": "Merge Join", "Parent Relationship": "Outer", "Parallel Aware": false, "Async Capable": false, "Join Type": "Inner", "Startup Cost": 0.71, "Total Cost": 3086.38, "Plan Rows": 946.0, "Plan Width": 8, "Actual Rows": 364, "Actual Loops": 1, "Inner Unique": true, "Merge Cond": "(v.userid = u.id)", "Plans": [{"Node Type": "Index Scan", "Parent Relationship": "Outer", "Parallel Aware": false, "Async Capable": false, "Scan Direction": "Forward", "Index Name": "idx_votes_userid", "Relation Name": "votes", "Alias": "v", "Startup Cost": 0.42, "Total Cost": 13242.63, "Plan Rows": 1033, "Plan Width": 4, "Actual Rows": 766, "Actual Loops": 1, "Filter": "((bountyamount >= 9) AND (creationdate >= '2012-09-26 10:40:24'::timestamp without time zone))", "Rows Removed by Filter": 32623}, {"Node Type": "Index Scan", "Parent Relationship": "Inner", "Parallel Aware": false, "Async Capable": false, "Scan Direction": "Forward", "Index Name": "users_pkey", "Relation Name": "users", "Alias": "u", "Startup Cost": 0.29, "Total Cost": 1659.6, "Plan Rows": 11392, "Plan Width": 4, "Actual Rows": 11391, "Actual Loops": 1, "Filter": "((upvotes <= 705) AND (creationdate >= '2010-11-05 19:45:03'::timestamp without time zone) AND (creationdate <= '2012-11-20 18:57:51'::timestamp without time zone))", "Rows Removed by Filter": 28934}]}, {"Node Type": "Index Scan", "Parent Relationship": "Inner", "Parallel Aware": false, "Async Capable": false, "Scan Direction": "Forward", "Index Name": "idx_comments_userid", "Relation Name": "comments", "Alias": "c", "Startup Cost": 0.29, "Total Cost": 1.09, "Plan Rows": 2, "Plan Width": 4, "Actual Rows": 12, "Actual Loops": 364, "Index Cond": "(userid = u.id)", "Rows Removed by Index Recheck": 0, "Filter": "(score = 1)", "Rows Removed by Filter": 91}]}]}]}]}, "Planning Time": 5.137, "Triggers": [], "Execution Time": 3159.224}]