[{"Plan": {"Node Type": "Aggregate", "Strategy": "Plain", "Partial Mode": "Simple", "Parallel Aware": false, "Async Capable": false, "Startup Cost": 1375.6, "Total Cost": 1375.61, "Plan Rows": 1, "Plan Width": 8, "Actual Rows": 1, "Actual Loops": 1, "Plans": [{"Node Type": "Nested Loop", "Parent Relationship": "Outer", "Parallel Aware": false, "Async Capable": false, "Join Type": "Inner", "Startup Cost": 0.87, "Total Cost": 1375.6, "Plan Rows": 5.0, "Plan Width": 0, "Actual Rows": 33, "Actual Loops": 1, "Inner Unique": false, "Plans": [{"Node Type": "Nested Loop", "Parent Relationship": "Outer", "Parallel Aware": false, "Async Capable": false, "Join Type": "Inner", "Startup Cost": 0.58, "Total Cost": 1364.24, "Plan Rows": 5.0, "Plan Width": 4, "Actual Rows": 56, "Actual Loops": 1, "Inner Unique": false, "Join Filter": "(p.owneruserid = u.id)", "Rows Removed by Join Filter": 0, "Plans": [{"Node Type": "Nested Loop", "Parent Relationship": "Outer", "Parallel Aware": false, "Async Capable": false, "Join Type": "Inner", "Startup Cost": 0.29, "Total Cost": 1356.96, "Plan Rows": 493.0, "Plan Width": 8, "Actual Rows": 416, "Actual Loops": 1, "Inner Unique": false, "Plans": [{"Node Type": "Seq Scan", "Parent Relationship": "Outer", "Parallel Aware": false, "Async Capable": false, "Relation Name": "users", "Alias": "u", "Startup Cost": 0.0, "Total Cost": 1103.5, "Plan Rows": 21, "Plan Width": 4, "Actual Rows": 28, "Actual Loops": 1, "Filter": "((views <= 7874) AND (downvotes >= 15) AND (creationdate >= '2011-09-26 11:18:26'::timestamp without time zone) AND (creationdate <= '2012-12-22 07:47:56'::timestamp without time zone))", "Rows Removed by Filter": 40297}, {"Node Type": "Index Scan", "Parent Relationship": "Inner", "Parallel Aware": false, "Async Capable": false, "Scan Direction": "Forward", "Index Name": "idx_badges_userid", "Relation Name": "badges", "Alias": "b", "Startup Cost": 0.29, "Total Cost": 12.06, "Plan Rows": 1, "Plan Width": 4, "Actual Rows": 15, "Actual Loops": 28, "Index Cond": "(userid = u.id)", "Rows Removed by Index Recheck": 0, "Filter": "(date <= '2012-08-10 13:11:05'::timestamp without time zone)", "Rows Removed by Filter": 32}]}, {"Node Type": "Index Scan", "Parent Relationship": "Inner", "Parallel Aware": false, "Async Capable": false, "Scan Direction": "Forward", "Index Name": "idx_posts_owneruserid", "Relation Name": "posts", "Alias": "p", "Startup Cost": 0.29, "Total Cost": 0.59, "Plan Rows": 1, "Plan Width": 8, "Actual Rows": 0, "Actual Loops": 416, "Index Cond": "(owneruserid = b.userid)", "Rows Removed by Index Recheck": 0, "Filter": "((score >= 12) AND (score <= 137) AND (answercount <= 59) AND (favoritecount >= 11) AND (favoritecount <= 114) AND (commentcount = 6))", "Rows Removed by Filter": 323}]}, {"Node Type": "Index Scan", "Parent Relationship": "Inner", "Parallel Aware": false, "Async Capable": false, "Scan Direction": "Forward", "Index Name": "idx_postlinks_relatedpostid", "Relation Name": "postlinks", "Alias": "pl", "Startup Cost": 0.29, "Total Cost": 11.34, "Plan Rows": 2, "Plan Width": 4, "Actual Rows": 1, "Actual Loops": 56, "Index Cond": "(relatedpostid = p.id)", "Rows Removed by Index Recheck": 0, "Filter": "(creationdate <= '2014-04-10 10:58:17'::timestamp without time zone)", "Rows Removed by Filter": 0}]}]}, "Planning Time": 0.795, "Triggers": [], "Execution Time": 25.653}, {"Plan": {"Node Type": "Aggregate", "Strategy": "Plain", "Partial Mode": "Simple", "Parallel Aware": false, "Async Capable": false, "Startup Cost": 4270.43, "Total Cost": 4270.44, "Plan Rows": 1, "Plan Width": 8, "Actual Rows": 1, "Actual Loops": 1, "Plans": [{"Node Type": "Nested Loop", "Parent Relationship": "Outer", "Parallel Aware": false, "Async Capable": false, "Join Type": "Inner", "Startup Cost": 0.58, "Total Cost": 4270.42, "Plan Rows": 5.0, "Plan Width": 0, "Actual Rows": 33, "Actual Loops": 1, "Inner Unique": false, "Join Filter": "(p.owneruserid = u.id)", "Rows Removed by Join Filter": 160771, "Plans": [{"Node Type": "Seq Scan", "Parent Relationship": "Outer", "Parallel Aware": false, "Async Capable": false, "Relation Name": "users", "Alias": "u", "Startup Cost": 0.0, "Total Cost": 1103.5, "Plan Rows": 21, "Plan Width": 4, "Actual Rows": 28, "Actual Loops": 1, "Filter": "((views <= 7874) AND (downvotes >= 15) AND (creationdate >= '2011-09-26 11:18:26'::timestamp without time zone) AND (creationdate <= '2012-12-22 07:47:56'::timestamp without time zone))", "Rows Removed by Filter": 40297}, {"Node Type": "Materialize", "Parent Relationship": "Inner", "Parallel Aware": false, "Async Capable": false, "Startup Cost": 0.58, "Total Cost": 3163.49, "Plan Rows": 42.0, "Plan Width": 8, "Actual Rows": 5743, "Actual Loops": 28, "Plans": [{"Node Type": "Nested Loop", "Parent Relationship": "Outer", "Parallel Aware": false, "Async Capable": false, "Join Type": "Inner", "Startup Cost": 0.58, "Total Cost": 3163.43, "Plan Rows": 42.0, "Plan Width": 8, "Actual Rows": 5743, "Actual Loops": 1, "Inner Unique": false, "Plans": [{"Node Type": "Nested Loop", "Parent Relationship": "Outer", "Parallel Aware": false, "Async Capable": false, "Join Type": "Inner", "Startup Cost": 0.29, "Total Cost": 3150.76, "Plan Rows": 5.0, "Plan Width": 4, "Actual Rows": 142, "Actual Loops": 1, "Inner Unique": false, "Plans": [{"Node Type": "Seq Scan", "Parent Relationship": "Outer", "Parallel Aware": false, "Async Capable": false, "Relation Name": "posts", "Alias": "p", "Startup Cost": 0.0, "Total Cost": 3139.4, "Plan Rows": 1, "Plan Width": 8, "Actual Rows": 20, "Actual Loops": 1, "Filter": "((score >= 12) AND (score <= 137) AND (answercount <= 59) AND (favoritecount >= 11) AND (favoritecount <= 114) AND (commentcount = 6))", "Rows Removed by Filter": 91956}, {"Node Type": "Index Scan", "Parent Relationship": "Inner", "Parallel Aware": false, "Async Capable": false, "Scan Direction": "Forward", "Index Name": "idx_postlinks_relatedpostid", "Relation Name": "postlinks", "Alias": "pl", "Startup Cost": 0.29, "Total Cost": 11.34, "Plan Rows": 2, "Plan Width": 4, "Actual Rows": 7, "Actual Loops": 20, "Index Cond": "(relatedpostid = p.id)", "Rows Removed by Index Recheck": 0, "Filter": "(creationdate <= '2014-04-10 10:58:17'::timestamp without time zone)", "Rows Removed by Filter": 1}]}, {"Node Type": "Index Scan", "Parent Relationship": "Inner", "Parallel Aware": false, "Async Capable": false, "Scan Direction": "Forward", "Index Name": "idx_badges_userid", "Relation Name": "badges", "Alias": "b", "Startup Cost": 0.29, "Total Cost": 12.66, "Plan Rows": 1, "Plan Width": 4, "Actual Rows": 40, "Actual Loops": 142, "Index Cond": "(userid = p.owneruserid)", "Rows Removed by Index Recheck": 0, "Filter": "(date <= '2012-08-10 13:11:05'::timestamp without time zone)", "Rows Removed by Filter": 27}]}]}]}]}, "Planning Time": 0.83, "Triggers": [], "Execution Time": 21.907}, {"Plan": {"Node Type": "Aggregate", "Strategy": "Plain", "Partial Mode": "Simple", "Parallel Aware": false, "Async Capable": false, "Startup Cost": 3167.86, "Total Cost": 3167.87, "Plan Rows": 1, "Plan Width": 8, "Actual Rows": 1, "Actual Loops": 1, "Plans": [{"Node Type": "Nested Loop", "Parent Relationship": "Outer", "Parallel Aware": false, "Async Capable": false, "Join Type": "Inner", "Startup Cost": 0.87, "Total Cost": 3167.86, "Plan Rows": 5.0, "Plan Width": 0, "Actual Rows": 33, "Actual Loops": 1, "Inner Unique": true, "Join Filter": "(p.owneruserid = u.id)", "Rows Removed by Join Filter": 0, "Plans": [{"Node Type": "Nested Loop", "Parent Relationship": "Outer", "Parallel Aware": false, "Async Capable": false, "Join Type": "Inner", "Startup Cost": 0.58, "Total Cost": 3163.43, "Plan Rows": 42.0, "Plan Width": 8, "Actual Rows": 5743, "Actual Loops": 1, "Inner Unique": false, "Plans": [{"Node Type": "Nested Loop", "Parent Relationship": "Outer", "Parallel Aware": false, "Async Capable": false, "Join Type": "Inner", "Startup Cost": 0.29, "Total Cost": 3150.76, "Plan Rows": 5.0, "Plan Width": 4, "Actual Rows": 142, "Actual Loops": 1, "Inner Unique": false, "Plans": [{"Node Type": "Seq Scan", "Parent Relationship": "Outer", "Parallel Aware": false, "Async Capable": false, "Relation Name": "posts", "Alias": "p", "Startup Cost": 0.0, "Total Cost": 3139.4, "Plan Rows": 1, "Plan Width": 8, "Actual Rows": 20, "Actual Loops": 1, "Filter": "((score >= 12) AND (score <= 137) AND (answercount <= 59) AND (favoritecount >= 11) AND (favoritecount <= 114) AND (commentcount = 6))", "Rows Removed by Filter": 91956}, {"Node Type": "Index Scan", "Parent Relationship": "Inner", "Parallel Aware": false, "Async Capable": false, "Scan Direction": "Forward", "Index Name": "idx_postlinks_relatedpostid", "Relation Name": "postlinks", "Alias": "pl", "Startup Cost": 0.29, "Total Cost": 11.34, "Plan Rows": 2, "Plan Width": 4, "Actual Rows": 7, "Actual Loops": 20, "Index Cond": "(relatedpostid = p.id)", "Rows Removed by Index Recheck": 0, "Filter": "(creationdate <= '2014-04-10 10:58:17'::timestamp without time zone)", "Rows Removed by Filter": 1}]}, {"Node Type": "Index Scan", "Parent Relationship": "Inner", "Parallel Aware": false, "Async Capable": false, "Scan Direction": "Forward", "Index Name": "idx_badges_userid", "Relation Name": "badges", "Alias": "b", "Startup Cost": 0.29, "Total Cost": 12.66, "Plan Rows": 1, "Plan Width": 4, "Actual Rows": 40, "Actual Loops": 142, "Index Cond": "(userid = p.owneruserid)", "Rows Removed by Index Recheck": 0, "Filter": "(date <= '2012-08-10 13:11:05'::timestamp without time zone)", "Rows Removed by Filter": 27}]}, {"Node Type": "Index Scan", "Parent Relationship": "Inner", "Parallel Aware": false, "Async Capable": false, "Scan Direction": "Forward", "Index Name": "users_pkey", "Relation Name": "users", "Alias": "u", "Startup Cost": 0.29, "Total Cost": 0.39, "Plan Rows": 1, "Plan Width": 4, "Actual Rows": 0, "Actual Loops": 5743, "Index Cond": "(id = b.userid)", "Rows Removed by Index Recheck": 0, "Filter": "((views <= 7874) AND (downvotes >= 15) AND (creationdate >= '2011-09-26 11:18:26'::timestamp without time zone) AND (creationdate <= '2012-12-22 07:47:56'::timestamp without time zone))", "Rows Removed by Filter": 1}]}]}, "Planning Time": 0.837, "Triggers": [], "Execution Time": 16.407}, {"Plan": {"Node Type": "Aggregate", "Strategy": "Plain", "Partial Mode": "Simple", "Parallel Aware": false, "Async Capable": false, "Startup Cost": 1426.66, "Total Cost": 1426.67, "Plan Rows": 1, "Plan Width": 8, "Actual Rows": 1, "Actual Loops": 1, "Plans": [{"Node Type": "Nested Loop", "Parent Relationship": "Outer", "Parallel Aware": false, "Async Capable": false, "Join Type": "Inner", "Startup Cost": 0.87, "Total Cost": 1426.66, "Plan Rows": 5.0, "Plan Width": 0, "Actual Rows": 33, "Actual Loops": 1, "Inner Unique": false, "Plans": [{"Node Type": "Nested Loop", "Parent Relationship": "Outer", "Parallel Aware": false, "Async Capable": false, "Join Type": "Inner", "Startup Cost": 0.58, "Total Cost": 1414.59, "Plan Rows": 1.0, "Plan Width": 8, "Actual Rows": 1, "Actual Loops": 1, "Inner Unique": false, "Plans": [{"Node Type": "Nested Loop", "Parent Relationship": "Outer", "Parallel Aware": false, "Async Capable": false, "Join Type": "Inner", "Startup Cost": 0.29, "Total Cost": 1403.23, "Plan Rows": 1.0, "Plan Width": 12, "Actual Rows": 2, "Actual Loops": 1, "Inner Unique": false, "Plans": [{"Node Type": "Seq Scan", "Parent Relationship": "Outer", "Parallel Aware": false, "Async Capable": false, "Relation Name": "users", "Alias": "u", "Startup Cost": 0.0, "Total Cost": 1103.5, "Plan Rows": 21, "Plan Width": 4, "Actual Rows": 28, "Actual Loops": 1, "Filter": "((views <= 7874) AND (downvotes >= 15) AND (creationdate >= '2011-09-26 11:18:26'::timestamp without time zone) AND (creationdate <= '2012-12-22 07:47:56'::timestamp without time zone))", "Rows Removed by Filter": 40297}, {"Node Type": "Index Scan", "Parent Relationship": "Inner", "Parallel Aware": false, "Async Capable": false, "Scan Direction": "Forward", "Index Name": "idx_posts_owneruserid", "Relation Name": "posts", "Alias": "p", "Startup Cost": 0.29, "Total Cost": 14.26, "Plan Rows": 1, "Plan Width": 8, "Actual Rows": 0, "Actual Loops": 28, "Index Cond": "(owneruserid = u.id)", "Rows Removed by Index Recheck": 0, "Filter": "((score >= 12) AND (score <= 137) AND (answercount <= 59) AND (favoritecount >= 11) AND (favoritecount <= 114) AND (commentcount = 6))", "Rows Removed by Filter": 186}]}, {"Node Type": "Index Scan", "Parent Relationship": "Inner", "Parallel Aware": false, "Async Capable": false, "Scan Direction": "Forward", "Index Name": "idx_postlinks_relatedpostid", "Relation Name": "postlinks", "Alias": "pl", "Startup Cost": 0.29, "Total Cost": 11.34, "Plan Rows": 2, "Plan Width": 4, "Actual Rows": 0, "Actual Loops": 2, "Index Cond": "(relatedpostid = p.id)", "Rows Removed by Index Recheck": 0, "Filter": "(creationdate <= '2014-04-10 10:58:17'::timestamp without time zone)", "Rows Removed by Filter": 0}]}, {"Node Type": "Index Scan", "Parent Relationship": "Inner", "Parallel Aware": false, "Async Capable": false, "Scan Direction": "Forward", "Index Name": "idx_badges_userid", "Relation Name": "badges", "Alias": "b", "Startup Cost": 0.29, "Total Cost": 12.06, "Plan Rows": 1, "Plan Width": 4, "Actual Rows": 33, "Actual Loops": 1, "Index Cond": "(userid = u.id)", "Rows Removed by Index Recheck": 0, "Filter": "(date <= '2012-08-10 13:11:05'::timestamp without time zone)", "Rows Removed by Filter": 41}]}]}, "Planning Time": 0.721, "Triggers": [], "Execution Time": 3.782}, {"Plan": {"Node Type": "Aggregate", "Strategy": "Plain", "Partial Mode": "Simple", "Parallel Aware": false, "Async Capable": false, "Startup Cost": 1617.95, "Total Cost": 1617.96, "Plan Rows": 1, "Plan Width": 8, "Actual Rows": 1, "Actual Loops": 1, "Plans": [{"Node Type": "Hash Join", "Parent Relationship": "Outer", "Parallel Aware": false, "Async Capable": false, "Join Type": "Inner", "Startup Cost": 1364.25, "Total Cost": 1617.95, "Plan Rows": 5.0, "Plan Width": 0, "Actual Rows": 33, "Actual Loops": 1, "Inner Unique": false, "Hash Cond": "(pl.relatedpostid = p.id)", "Plans": [{"Node Type": "Seq Scan", "Parent Relationship": "Outer", "Parallel Aware": false, "Async Capable": false, "Relation Name": "postlinks", "Alias": "pl", "Startup Cost": 0.0, "Total Cost": 220.78, "Plan Rows": 8776, "Plan Width": 4, "Actual Rows": 8772, "Actual Loops": 1, "Filter": "(creationdate <= '2014-04-10 10:58:17'::timestamp without time zone)", "Rows Removed by Filter": 2330}, {"Node Type": "Hash", "Parent Relationship": "Inner", "Parallel Aware": false, "Async Capable": false, "Startup Cost": 1364.24, "Total Cost": 1364.24, "Plan Rows": 5.0, "Plan Width": 4, "Actual Rows": 56, "Actual Loops": 1, "Hash Buckets": 1024, "Original Hash Buckets": 1024, "Hash Batches": 1, "Original Hash Batches": 1, "Peak Memory Usage": 10, "Plans": [{"Node Type": "Nested Loop", "Parent Relationship": "Outer", "Parallel Aware": false, "Async Capable": false, "Join Type": "Inner", "Startup Cost": 0.58, "Total Cost": 1364.24, "Plan Rows": 5.0, "Plan Width": 4, "Actual Rows": 56, "Actual Loops": 1, "Inner Unique": false, "Join Filter": "(p.owneruserid = u.id)", "Rows Removed by Join Filter": 0, "Plans": [{"Node Type": "Nested Loop", "Parent Relationship": "Outer", "Parallel Aware": false, "Async Capable": false, "Join Type": "Inner", "Startup Cost": 0.29, "Total Cost": 1356.96, "Plan Rows": 493.0, "Plan Width": 8, "Actual Rows": 416, "Actual Loops": 1, "Inner Unique": false, "Plans": [{"Node Type": "Seq Scan", "Parent Relationship": "Outer", "Parallel Aware": false, "Async Capable": false, "Relation Name": "users", "Alias": "u", "Startup Cost": 0.0, "Total Cost": 1103.5, "Plan Rows": 21, "Plan Width": 4, "Actual Rows": 28, "Actual Loops": 1, "Filter": "((views <= 7874) AND (downvotes >= 15) AND (creationdate >= '2011-09-26 11:18:26'::timestamp without time zone) AND (creationdate <= '2012-12-22 07:47:56'::timestamp without time zone))", "Rows Removed by Filter": 40297}, {"Node Type": "Index Scan", "Parent Relationship": "Inner", "Parallel Aware": false, "Async Capable": false, "Scan Direction": "Forward", "Index Name": "idx_badges_userid", "Relation Name": "badges", "Alias": "b", "Startup Cost": 0.29, "Total Cost": 12.06, "Plan Rows": 1, "Plan Width": 4, "Actual Rows": 15, "Actual Loops": 28, "Index Cond": "(userid = u.id)", "Rows Removed by Index Recheck": 0, "Filter": "(date <= '2012-08-10 13:11:05'::timestamp without time zone)", "Rows Removed by Filter": 32}]}, {"Node Type": "Index Scan", "Parent Relationship": "Inner", "Parallel Aware": false, "Async Capable": false, "Scan Direction": "Forward", "Index Name": "idx_posts_owneruserid", "Relation Name": "posts", "Alias": "p", "Startup Cost": 0.29, "Total Cost": 0.59, "Plan Rows": 1, "Plan Width": 8, "Actual Rows": 0, "Actual Loops": 416, "Index Cond": "(owneruserid = b.userid)", "Rows Removed by Index Recheck": 0, "Filter": "((score >= 12) AND (score <= 137) AND (answercount <= 59) AND (favoritecount >= 11) AND (favoritecount <= 114) AND (commentcount = 6))", "Rows Removed by Filter": 323}]}]}]}]}, "Planning Time": 0.724, "Triggers": [], "Execution Time": 26.879}, {"Plan": {"Node Type": "Aggregate", "Strategy": "Plain", "Partial Mode": "Simple", "Parallel Aware": false, "Async Capable": false, "Startup Cost": 4507.91, "Total Cost": 4507.92, "Plan Rows": 1, "Plan Width": 8, "Actual Rows": 1, "Actual Loops": 1, "Plans": [{"Node Type": "Nested Loop", "Parent Relationship": "Outer", "Parallel Aware": false, "Async Capable": false, "Join Type": "Inner", "Startup Cost": 0.58, "Total Cost": 4507.91, "Plan Rows": 5.0, "Plan Width": 0, "Actual Rows": 33, "Actual Loops": 1, "Inner Unique": false, "Join Filter": "(p.owneruserid = u.id)", "Rows Removed by Join Filter": 59039, "Plans": [{"Node Type": "Nested Loop", "Parent Relationship": "Outer", "Parallel Aware": false, "Async Capable": false, "Join Type": "Inner", "Startup Cost": 0.29, "Total Cost": 1356.96, "Plan Rows": 493.0, "Plan Width": 8, "Actual Rows": 416, "Actual Loops": 1, "Inner Unique": false, "Plans": [{"Node Type": "Seq Scan", "Parent Relationship": "Outer", "Parallel Aware": false, "Async Capable": false, "Relation Name": "users", "Alias": "u", "Startup Cost": 0.0, "Total Cost": 1103.5, "Plan Rows": 21, "Plan Width": 4, "Actual Rows": 28, "Actual Loops": 1, "Filter": "((views <= 7874) AND (downvotes >= 15) AND (creationdate >= '2011-09-26 11:18:26'::timestamp without time zone) AND (creationdate <= '2012-12-22 07:47:56'::timestamp without time zone))", "Rows Removed by Filter": 40297}, {"Node Type": "Index Scan", "Parent Relationship": "Inner", "Parallel Aware": false, "Async Capable": false, "Scan Direction": "Forward", "Index Name": "idx_badges_userid", "Relation Name": "badges", "Alias": "b", "Startup Cost": 0.29, "Total Cost": 12.06, "Plan Rows": 1, "Plan Width": 4, "Actual Rows": 15, "Actual Loops": 28, "Index Cond": "(userid = u.id)", "Rows Removed by Index Recheck": 0, "Filter": "(date <= '2012-08-10 13:11:05'::timestamp without time zone)", "Rows Removed by Filter": 32}]}, {"Node Type": "Materialize", "Parent Relationship": "Inner", "Parallel Aware": false, "Async Capable": false, "Startup Cost": 0.29, "Total Cost": 3150.76, "Plan Rows": 5.0, "Plan Width": 4, "Actual Rows": 142, "Actual Loops": 416, "Plans": [{"Node Type": "Nested Loop", "Parent Relationship": "Outer", "Parallel Aware": false, "Async Capable": false, "Join Type": "Inner", "Startup Cost": 0.29, "Total Cost": 3150.76, "Plan Rows": 5.0, "Plan Width": 4, "Actual Rows": 142, "Actual Loops": 1, "Inner Unique": false, "Plans": [{"Node Type": "Seq Scan", "Parent Relationship": "Outer", "Parallel Aware": false, "Async Capable": false, "Relation Name": "posts", "Alias": "p", "Startup Cost": 0.0, "Total Cost": 3139.4, "Plan Rows": 1, "Plan Width": 8, "Actual Rows": 20, "Actual Loops": 1, "Filter": "((score >= 12) AND (score <= 137) AND (answercount <= 59) AND (favoritecount >= 11) AND (favoritecount <= 114) AND (commentcount = 6))", "Rows Removed by Filter": 91956}, {"Node Type": "Index Scan", "Parent Relationship": "Inner", "Parallel Aware": false, "Async Capable": false, "Scan Direction": "Forward", "Index Name": "idx_postlinks_relatedpostid", "Relation Name": "postlinks", "Alias": "pl", "Startup Cost": 0.29, "Total Cost": 11.34, "Plan Rows": 2, "Plan Width": 4, "Actual Rows": 7, "Actual Loops": 20, "Index Cond": "(relatedpostid = p.id)", "Rows Removed by Index Recheck": 0, "Filter": "(creationdate <= '2014-04-10 10:58:17'::timestamp without time zone)", "Rows Removed by Filter": 1}]}]}]}]}, "Planning Time": 0.783, "Triggers": [], "Execution Time": 15.219}, {"Plan": {"Node Type": "Aggregate", "Strategy": "Plain", "Partial Mode": "Simple", "Parallel Aware": false, "Async Capable": false, "Startup Cost": 1375.6, "Total Cost": 1375.61, "Plan Rows": 1, "Plan Width": 8, "Actual Rows": 1, "Actual Loops": 1, "Plans": [{"Node Type": "Nested Loop", "Parent Relationship": "Outer", "Parallel Aware": false, "Async Capable": false, "Join Type": "Inner", "Startup Cost": 0.87, "Total Cost": 1375.6, "Plan Rows": 5.0, "Plan Width": 0, "Actual Rows": 33, "Actual Loops": 1, "Inner Unique": false, "Plans": [{"Node Type": "Nested Loop", "Parent Relationship": "Outer", "Parallel Aware": false, "Async Capable": false, "Join Type": "Inner", "Startup Cost": 0.58, "Total Cost": 1364.24, "Plan Rows": 5.0, "Plan Width": 4, "Actual Rows": 56, "Actual Loops": 1, "Inner Unique": false, "Join Filter": "(p.owneruserid = u.id)", "Rows Removed by Join Filter": 0, "Plans": [{"Node Type": "Nested Loop", "Parent Relationship": "Outer", "Parallel Aware": false, "Async Capable": false, "Join Type": "Inner", "Startup Cost": 0.29, "Total Cost": 1356.96, "Plan Rows": 493.0, "Plan Width": 8, "Actual Rows": 416, "Actual Loops": 1, "Inner Unique": false, "Plans": [{"Node Type": "Seq Scan", "Parent Relationship": "Outer", "Parallel Aware": false, "Async Capable": false, "Relation Name": "users", "Alias": "u", "Startup Cost": 0.0, "Total Cost": 1103.5, "Plan Rows": 21, "Plan Width": 4, "Actual Rows": 28, "Actual Loops": 1, "Filter": "((views <= 7874) AND (downvotes >= 15) AND (creationdate >= '2011-09-26 11:18:26'::timestamp without time zone) AND (creationdate <= '2012-12-22 07:47:56'::timestamp without time zone))", "Rows Removed by Filter": 40297}, {"Node Type": "Index Scan", "Parent Relationship": "Inner", "Parallel Aware": false, "Async Capable": false, "Scan Direction": "Forward", "Index Name": "idx_badges_userid", "Relation Name": "badges", "Alias": "b", "Startup Cost": 0.29, "Total Cost": 12.06, "Plan Rows": 1, "Plan Width": 4, "Actual Rows": 15, "Actual Loops": 28, "Index Cond": "(userid = u.id)", "Rows Removed by Index Recheck": 0, "Filter": "(date <= '2012-08-10 13:11:05'::timestamp without time zone)", "Rows Removed by Filter": 32}]}, {"Node Type": "Index Scan", "Parent Relationship": "Inner", "Parallel Aware": false, "Async Capable": false, "Scan Direction": "Forward", "Index Name": "idx_posts_owneruserid", "Relation Name": "posts", "Alias": "p", "Startup Cost": 0.29, "Total Cost": 0.59, "Plan Rows": 1, "Plan Width": 8, "Actual Rows": 0, "Actual Loops": 416, "Index Cond": "(owneruserid = b.userid)", "Rows Removed by Index Recheck": 0, "Filter": "((score >= 12) AND (score <= 137) AND (answercount <= 59) AND (favoritecount >= 11) AND (favoritecount <= 114) AND (commentcount = 6))", "Rows Removed by Filter": 323}]}, {"Node Type": "Index Scan", "Parent Relationship": "Inner", "Parallel Aware": false, "Async Capable": false, "Scan Direction": "Forward", "Index Name": "idx_postlinks_relatedpostid", "Relation Name": "postlinks", "Alias": "pl", "Startup Cost": 0.29, "Total Cost": 11.34, "Plan Rows": 2, "Plan Width": 4, "Actual Rows": 1, "Actual Loops": 56, "Index Cond": "(relatedpostid = p.id)", "Rows Removed by Index Recheck": 0, "Filter": "(creationdate <= '2014-04-10 10:58:17'::timestamp without time zone)", "Rows Removed by Filter": 0}]}]}, "Planning Time": 0.736, "Triggers": [], "Execution Time": 25.313}, {"Plan": {"Node Type": "Aggregate", "Strategy": "Plain", "Partial Mode": "Simple", "Parallel Aware": false, "Async Capable": false, "Startup Cost": 2929.71, "Total Cost": 2929.72, "Plan Rows": 1, "Plan Width": 8, "Actual Rows": 1, "Actual Loops": 1, "Plans": [{"Node Type": "Hash Join", "Parent Relationship": "Outer", "Parallel Aware": false, "Async Capable": false, "Join Type": "Inner", "Startup Cost": 1414.6, "Total Cost": 2929.71, "Plan Rows": 5.0, "Plan Width": 0, "Actual Rows": 33, "Actual Loops": 1, "Inner Unique": false, "Hash Cond": "(b.userid = u.id)", "Plans": [{"Node Type": "Seq Scan", "Parent Relationship": "Outer", "Parallel Aware": false, "Async Capable": false, "Relation Name": "badges", "Alias": "b", "Startup Cost": 0.0, "Total Cost": 1430.14, "Plan Rows": 22655, "Plan Width": 4, "Actual Rows": 22661, "Actual Loops": 1, "Filter": "(date <= '2012-08-10 13:11:05'::timestamp without time zone)", "Rows Removed by Filter": 57190}, {"Node Type": "Hash", "Parent Relationship": "Inner", "Parallel Aware": false, "Async Capable": false, "Startup Cost": 1414.59, "Total Cost": 1414.59, "Plan Rows": 1.0, "Plan Width": 8, "Actual Rows": 1, "Actual Loops": 1, "Hash Buckets": 1024, "Original Hash Buckets": 1024, "Hash Batches": 1, "Original Hash Batches": 1, "Peak Memory Usage": 9, "Plans": [{"Node Type": "Nested Loop", "Parent Relationship": "Outer", "Parallel Aware": false, "Async Capable": false, "Join Type": "Inner", "Startup Cost": 0.58, "Total Cost": 1414.59, "Plan Rows": 1.0, "Plan Width": 8, "Actual Rows": 1, "Actual Loops": 1, "Inner Unique": false, "Plans": [{"Node Type": "Nested Loop", "Parent Relationship": "Outer", "Parallel Aware": false, "Async Capable": false, "Join Type": "Inner", "Startup Cost": 0.29, "Total Cost": 1403.23, "Plan Rows": 1.0, "Plan Width": 12, "Actual Rows": 2, "Actual Loops": 1, "Inner Unique": false, "Plans": [{"Node Type": "Seq Scan", "Parent Relationship": "Outer", "Parallel Aware": false, "Async Capable": false, "Relation Name": "users", "Alias": "u", "Startup Cost": 0.0, "Total Cost": 1103.5, "Plan Rows": 21, "Plan Width": 4, "Actual Rows": 28, "Actual Loops": 1, "Filter": "((views <= 7874) AND (downvotes >= 15) AND (creationdate >= '2011-09-26 11:18:26'::timestamp without time zone) AND (creationdate <= '2012-12-22 07:47:56'::timestamp without time zone))", "Rows Removed by Filter": 40297}, {"Node Type": "Index Scan", "Parent Relationship": "Inner", "Parallel Aware": false, "Async Capable": false, "Scan Direction": "Forward", "Index Name": "idx_posts_owneruserid", "Relation Name": "posts", "Alias": "p", "Startup Cost": 0.29, "Total Cost": 14.26, "Plan Rows": 1, "Plan Width": 8, "Actual Rows": 0, "Actual Loops": 28, "Index Cond": "(owneruserid = u.id)", "Rows Removed by Index Recheck": 0, "Filter": "((score >= 12) AND (score <= 137) AND (answercount <= 59) AND (favoritecount >= 11) AND (favoritecount <= 114) AND (commentcount = 6))", "Rows Removed by Filter": 186}]}, {"Node Type": "Index Scan", "Parent Relationship": "Inner", "Parallel Aware": false, "Async Capable": false, "Scan Direction": "Forward", "Index Name": "idx_postlinks_relatedpostid", "Relation Name": "postlinks", "Alias": "pl", "Startup Cost": 0.29, "Total Cost": 11.34, "Plan Rows": 2, "Plan Width": 4, "Actual Rows": 0, "Actual Loops": 2, "Index Cond": "(relatedpostid = p.id)", "Rows Removed by Index Recheck": 0, "Filter": "(creationdate <= '2014-04-10 10:58:17'::timestamp without time zone)", "Rows Removed by Filter": 0}]}]}]}]}, "Planning Time": 0.784, "Triggers": [], "Execution Time": 10.242}, {"Plan": {"Node Type": "Aggregate", "Strategy": "Plain", "Partial Mode": "Simple", "Parallel Aware": false, "Async Capable": false, "Startup Cost": 4507.88, "Total Cost": 4507.89, "Plan Rows": 1, "Plan Width": 8, "Actual Rows": 1, "Actual Loops": 1, "Plans": [{"Node Type": "Nested Loop", "Parent Relationship": "Outer", "Parallel Aware": false, "Async Capable": false, "Join Type": "Inner", "Startup Cost": 0.58, "Total Cost": 4507.87, "Plan Rows": 5.0, "Plan Width": 0, "Actual Rows": 33, "Actual Loops": 1, "Inner Unique": false, "Join Filter": "(p.owneruserid = u.id)", "Rows Removed by Join Filter": 59039, "Plans": [{"Node Type": "Nested Loop", "Parent Relationship": "Outer", "Parallel Aware": false, "Async Capable": false, "Join Type": "Inner", "Startup Cost": 0.29, "Total Cost": 3150.76, "Plan Rows": 5.0, "Plan Width": 4, "Actual Rows": 142, "Actual Loops": 1, "Inner Unique": false, "Plans": [{"Node Type": "Seq Scan", "Parent Relationship": "Outer", "Parallel Aware": false, "Async Capable": false, "Relation Name": "posts", "Alias": "p", "Startup Cost": 0.0, "Total Cost": 3139.4, "Plan Rows": 1, "Plan Width": 8, "Actual Rows": 20, "Actual Loops": 1, "Filter": "((score >= 12) AND (score <= 137) AND (answercount <= 59) AND (favoritecount >= 11) AND (favoritecount <= 114) AND (commentcount = 6))", "Rows Removed by Filter": 91956}, {"Node Type": "Index Scan", "Parent Relationship": "Inner", "Parallel Aware": false, "Async Capable": false, "Scan Direction": "Forward", "Index Name": "idx_postlinks_relatedpostid", "Relation Name": "postlinks", "Alias": "pl", "Startup Cost": 0.29, "Total Cost": 11.34, "Plan Rows": 2, "Plan Width": 4, "Actual Rows": 7, "Actual Loops": 20, "Index Cond": "(relatedpostid = p.id)", "Rows Removed by Index Recheck": 0, "Filter": "(creationdate <= '2014-04-10 10:58:17'::timestamp without time zone)", "Rows Removed by Filter": 1}]}, {"Node Type": "Nested Loop", "Parent Relationship": "Inner", "Parallel Aware": false, "Async Capable": false, "Join Type": "Inner", "Startup Cost": 0.29, "Total Cost": 1356.96, "Plan Rows": 493.0, "Plan Width": 8, "Actual Rows": 416, "Actual Loops": 142, "Inner Unique": false, "Plans": [{"Node Type": "Seq Scan", "Parent Relationship": "Outer", "Parallel Aware": false, "Async Capable": false, "Relation Name": "users", "Alias": "u", "Startup Cost": 0.0, "Total Cost": 1103.5, "Plan Rows": 21, "Plan Width": 4, "Actual Rows": 28, "Actual Loops": 142, "Filter": "((views <= 7874) AND (downvotes >= 15) AND (creationdate >= '2011-09-26 11:18:26'::timestamp without time zone) AND (creationdate <= '2012-12-22 07:47:56'::timestamp without time zone))", "Rows Removed by Filter": 40297}, {"Node Type": "Index Scan", "Parent Relationship": "Inner", "Parallel Aware": false, "Async Capable": false, "Scan Direction": "Forward", "Index Name": "idx_badges_userid", "Relation Name": "badges", "Alias": "b", "Startup Cost": 0.29, "Total Cost": 12.06, "Plan Rows": 1, "Plan Width": 4, "Actual Rows": 15, "Actual Loops": 3976, "Index Cond": "(userid = u.id)", "Rows Removed by Index Recheck": 0, "Filter": "(date <= '2012-08-10 13:11:05'::timestamp without time zone)", "Rows Removed by Filter": 32}]}]}]}, "Planning Time": 1.083, "Triggers": [], "Execution Time": 366.923}]