[{"Plan": {"Node Type": "Aggregate", "Strategy": "Plain", "Partial Mode": "Finalize", "Parallel Aware": false, "Async Capable": false, "Startup Cost": 3908.2, "Total Cost": 3908.21, "Plan Rows": 1, "Plan Width": 8, "Actual Rows": 1, "Actual Loops": 1, "Plans": [{"Node Type": "Gather", "Parent Relationship": "Outer", "Parallel Aware": false, "Async Capable": false, "Startup Cost": 3908.09, "Total Cost": 3908.2, "Plan Rows": 1, "Plan Width": 8, "Actual Rows": 2, "Actual Loops": 1, "Workers Planned": 1, "Workers Launched": 1, "Single Copy": false, "Plans": [{"Node Type": "Aggregate", "Strategy": "Plain", "Partial Mode": "Partial", "Parent Relationship": "Outer", "Parallel Aware": false, "Async Capable": false, "Startup Cost": 2908.09, "Total Cost": 2908.1, "Plan Rows": 1, "Plan Width": 8, "Actual Rows": 1, "Actual Loops": 2, "Workers": [], "Plans": [{"Node Type": "Nested Loop", "Parent Relationship": "Outer", "Parallel Aware": false, "Async Capable": false, "Join Type": "Inner", "Startup Cost": 1.71, "Total Cost": 2907.82, "Plan Rows": 12.0, "Plan Width": 0, "Actual Rows": 377, "Actual Loops": 2, "Inner Unique": false, "Workers": [], "Plans": [{"Node Type": "Nested Loop", "Parent Relationship": "Outer", "Parallel Aware": false, "Async Capable": false, "Join Type": "Inner", "Startup Cost": 1.29, "Total Cost": 2890.3, "Plan Rows": 1.0, "Plan Width": 16, "Actual Rows": 49, "Actual Loops": 2, "Inner Unique": false, "Workers": [], "Plans": [{"Node Type": "Nested Loop", "Parent Relationship": "Outer", "Parallel Aware": false, "Async Capable": false, "Join Type": "Inner", "Startup Cost": 1.0, "Total Cost": 2790.28, "Plan Rows": 2.0, "Plan Width": 20, "Actual Rows": 16, "Actual Loops": 2, "Inner Unique": false, "Workers": [], "Plans": [{"Node Type": "Nested Loop", "Parent Relationship": "Outer", "Parallel Aware": false, "Async Capable": false, "Join Type": "Inner", "Startup Cost": 0.58, "Total Cost": 2776.21, "Plan Rows": 7.0, "Plan Width": 16, "Actual Rows": 22, "Actual Loops": 2, "Inner Unique": true, "Join Filter": "(c.postid = p.id)", "Rows Removed by Join Filter": 0, "Workers": [], "Plans": [{"Node Type": "Nested Loop", "Parent Relationship": "Outer", "Parallel Aware": false, "Async Capable": false, "Join Type": "Inner", "Startup Cost": 0.29, "Total Cost": 2746.73, "Plan Rows": 132.0, "Plan Width": 12, "Actual Rows": 94, "Actual Loops": 2, "Inner Unique": false, "Workers": [], "Plans": [{"Node Type": "Seq Scan", "Parent Relationship": "Outer", "Parallel Aware": true, "Async Capable": false, "Relation Name": "comments", "Alias": "c", "Startup Cost": 0.0, "Total Cost": 2625.65, "Plan Rows": 190, "Plan Width": 8, "Actual Rows": 162, "Actual Loops": 2, "Filter": "(score = 6)", "Rows Removed by Filter": 86990, "Workers": []}, {"Node Type": "Index Only Scan", "Parent Relationship": "Inner", "Parallel Aware": false, "Async Capable": false, "Scan Direction": "Forward", "Index Name": "idx_postlinks_relatedpostid", "Relation Name": "postlinks", "Alias": "pl", "Startup Cost": 0.29, "Total Cost": 0.62, "Plan Rows": 2, "Plan Width": 4, "Actual Rows": 1, "Actual Loops": 325, "Index Cond": "(relatedpostid = c.postid)", "Rows Removed by Index Recheck": 0, "Heap Fetches": 0, "Workers": []}]}, {"Node Type": "Index Scan", "Parent Relationship": "Inner", "Parallel Aware": false, "Async Capable": false, "Scan Direction": "Forward", "Index Name": "posts_pkey", "Relation Name": "posts", "Alias": "p", "Startup Cost": 0.29, "Total Cost": 0.71, "Plan Rows": 1, "Plan Width": 4, "Actual Rows": 0, "Actual Loops": 187, "Index Cond": "(id = pl.relatedpostid)", "Rows Removed by Index Recheck": 0, "Filter": "(score <= 8)", "Rows Removed by Filter": 1, "Workers": []}]}, {"Node Type": "Index Scan", "Parent Relationship": "Inner", "Parallel Aware": false, "Async Capable": false, "Scan Direction": "Forward", "Index Name": "idx_posthistory_postid", "Relation Name": "posthistory", "Alias": "ph", "Startup Cost": 0.42, "Total Cost": 0.63, "Plan Rows": 1, "Plan Width": 4, "Actual Rows": 1, "Actual Loops": 45, "Index Cond": "(postid = p.id)", "Rows Removed by Index Recheck": 0, "Filter": "(posthistorytypeid = 5)", "Rows Removed by Filter": 5, "Workers": []}]}, {"Node Type": "Index Scan", "Parent Relationship": "Inner", "Parallel Aware": false, "Async Capable": false, "Scan Direction": "Forward", "Index Name": "idx_badges_userid", "Relation Name": "badges", "Alias": "b", "Startup Cost": 0.29, "Total Cost": 6.24, "Plan Rows": 1, "Plan Width": 4, "Actual Rows": 3, "Actual Loops": 32, "Index Cond": "(userid = c.userid)", "Rows Removed by Index Recheck": 0, "Filter": "(date <= '2010-08-27 09:17:43'::timestamp without time zone)", "Rows Removed by Filter": 193, "Workers": []}]}, {"Node Type": "Index Only Scan", "Parent Relationship": "Inner", "Parallel Aware": false, "Async Capable": false, "Scan Direction": "Forward", "Index Name": "idx_votes_postid", "Relation Name": "votes", "Alias": "v", "Startup Cost": 0.42, "Total Cost": 0.53, "Plan Rows": 5, "Plan Width": 4, "Actual Rows": 8, "Actual Loops": 98, "Index Cond": "(postid = p.id)", "Rows Removed by Index Recheck": 0, "Heap Fetches": 0, "Workers": []}]}]}]}]}, "Planning Time": 6.574, "Triggers": [], "Execution Time": 26.373}, {"Plan": {"Node Type": "Aggregate", "Strategy": "Plain", "Partial Mode": "Finalize", "Parallel Aware": false, "Async Capable": false, "Startup Cost": 15659.5, "Total Cost": 15659.51, "Plan Rows": 1, "Plan Width": 8, "Actual Rows": 1, "Actual Loops": 1, "Plans": [{"Node Type": "Gather", "Parent Relationship": "Outer", "Parallel Aware": false, "Async Capable": false, "Startup Cost": 15659.38, "Total Cost": 15659.49, "Plan Rows": 1, "Plan Width": 8, "Actual Rows": 2, "Actual Loops": 1, "Workers Planned": 1, "Workers Launched": 1, "Single Copy": false, "Plans": [{"Node Type": "Aggregate", "Strategy": "Plain", "Partial Mode": "Partial", "Parent Relationship": "Outer", "Parallel Aware": false, "Async Capable": false, "Startup Cost": 14659.38, "Total Cost": 14659.39, "Plan Rows": 1, "Plan Width": 8, "Actual Rows": 1, "Actual Loops": 2, "Workers": [], "Plans": [{"Node Type": "Hash Join", "Parent Relationship": "Outer", "Parallel Aware": true, "Async Capable": false, "Join Type": "Inner", "Startup Cost": 8467.38, "Total Cost": 14659.12, "Plan Rows": 12.0, "Plan Width": 0, "Actual Rows": 377, "Actual Loops": 2, "Inner Unique": false, "Hash Cond": "(p.id = c.postid)", "Workers": [], "Plans": [{"Node Type": "Hash Join", "Parent Relationship": "Outer", "Parallel Aware": false, "Async Capable": false, "Join Type": "Inner", "Startup Cost": 3426.55, "Total Cost": 8095.48, "Plan Rows": 19.0, "Plan Width": 12, "Actual Rows": 3698, "Actual Loops": 2, "Inner Unique": false, "Hash Cond": "(ph.postid = p.id)", "Workers": [], "Plans": [{"Node Type": "Seq Scan", "Parent Relationship": "Outer", "Parallel Aware": true, "Async Capable": false, "Relation Name": "posthistory", "Alias": "ph", "Startup Cost": 0.0, "Total Cost": 4469.32, "Plan Rows": 40839, "Plan Width": 4, "Actual Rows": 34714, "Actual Loops": 2, "Filter": "(posthistorytypeid = 5)", "Rows Removed by Filter": 116880, "Workers": []}, {"Node Type": "Hash", "Parent Relationship": "Inner", "Parallel Aware": false, "Async Capable": false, "Startup Cost": 3295.73, "Total Cost": 3295.73, "Plan Rows": 125.0, "Plan Width": 8, "Actual Rows": 5955, "Actual Loops": 2, "Hash Buckets": 16384, "Original Hash Buckets": 16384, "Hash Batches": 1, "Original Hash Batches": 1, "Peak Memory Usage": 361, "Workers": [], "Plans": [{"Node Type": "Hash Join", "Parent Relationship": "Outer", "Parallel Aware": false, "Async Capable": false, "Join Type": "Inner", "Startup Cost": 3073.56, "Total Cost": 3295.73, "Plan Rows": 125.0, "Plan Width": 8, "Actual Rows": 5955, "Actual Loops": 2, "Inner Unique": true, "Hash Cond": "(pl.relatedpostid = p.id)", "Workers": [], "Plans": [{"Node Type": "Seq Scan", "Parent Relationship": "Outer", "Parallel Aware": false, "Async Capable": false, "Relation Name": "postlinks", "Alias": "pl", "Startup Cost": 0.0, "Total Cost": 193.02, "Plan Rows": 11102, "Plan Width": 4, "Actual Rows": 11102, "Actual Loops": 2, "Workers": []}, {"Node Type": "Hash", "Parent Relationship": "Inner", "Parallel Aware": false, "Async Capable": false, "Startup Cost": 1989.7, "Total Cost": 1989.7, "Plan Rows": 86709, "Plan Width": 4, "Actual Rows": 86710, "Actual Loops": 2, "Hash Buckets": 131072, "Original Hash Buckets": 131072, "Hash Batches": 1, "Original Hash Batches": 1, "Peak Memory Usage": 4073, "Workers": [], "Plans": [{"Node Type": "Seq Scan", "Parent Relationship": "Outer", "Parallel Aware": false, "Async Capable": false, "Relation Name": "posts", "Alias": "p", "Startup Cost": 0.0, "Total Cost": 1989.7, "Plan Rows": 86709, "Plan Width": 4, "Actual Rows": 86710, "Actual Loops": 2, "Filter": "(score <= 8)", "Rows Removed by Filter": 5266, "Workers": []}]}]}]}]}, {"Node Type": "Hash", "Parent Relationship": "Inner", "Parallel Aware": true, "Async Capable": false, "Startup Cost": 5018.23, "Total Cost": 5018.23, "Plan Rows": 948.0, "Plan Width": 8, "Actual Rows": 8458, "Actual Loops": 2, "Hash Buckets": 16384, "Original Hash Buckets": 4096, "Hash Batches": 1, "Original Hash Batches": 1, "Peak Memory Usage": 928, "Workers": [], "Plans": [{"Node Type": "Nested Loop", "Parent Relationship": "Outer", "Parallel Aware": false, "Async Capable": false, "Join Type": "Inner", "Startup Cost": 0.72, "Total Cost": 5018.23, "Plan Rows": 948.0, "Plan Width": 8, "Actual Rows": 8458, "Actual Loops": 2, "Inner Unique": false, "Workers": [], "Plans": [{"Node Type": "Nested Loop", "Parent Relationship": "Outer", "Parallel Aware": false, "Async Capable": false, "Join Type": "Inner", "Startup Cost": 0.29, "Total Cost": 3813.46, "Plan Rows": 43.0, "Plan Width": 4, "Actual Rows": 459, "Actual Loops": 2, "Inner Unique": false, "Workers": [], "Plans": [{"Node Type": "Seq Scan", "Parent Relationship": "Outer", "Parallel Aware": true, "Async Capable": false, "Relation Name": "comments", "Alias": "c", "Startup Cost": 0.0, "Total Cost": 2625.65, "Plan Rows": 190, "Plan Width": 8, "Actual Rows": 162, "Actual Loops": 2, "Filter": "(score = 6)", "Rows Removed by Filter": 86990, "Workers": []}, {"Node Type": "Index Scan", "Parent Relationship": "Inner", "Parallel Aware": false, "Async Capable": false, "Scan Direction": "Forward", "Index Name": "idx_badges_userid", "Relation Name": "badges", "Alias": "b", "Startup Cost": 0.29, "Total Cost": 6.24, "Plan Rows": 1, "Plan Width": 4, "Actual Rows": 3, "Actual Loops": 325, "Index Cond": "(userid = c.userid)", "Rows Removed by Index Recheck": 0, "Filter": "(date <= '2010-08-27 09:17:43'::timestamp without time zone)", "Rows Removed by Filter": 152, "Workers": []}]}, {"Node Type": "Memoize", "Parent Relationship": "Inner", "Parallel Aware": false, "Async Capable": false, "Startup Cost": 0.43, "Total Cost": 3.67, "Plan Rows": 5, "Plan Width": 4, "Actual Rows": 18, "Actual Loops": 918, "Cache Key": "c.postid", "Cache Mode": "logical", "Cache Hits": 591, "Cache Misses": 93, "Cache Evictions": 0, "Cache Overflows": 0, "Peak Memory Usage": 73, "Workers": [{"Worker Number": 0, "Cache Hits": 198, "Cache Misses": 36, "Cache Evictions": 0, "Cache Overflows": 0, "Peak Memory Usage": 9}], "Plans": [{"Node Type": "Index Only Scan", "Parent Relationship": "Outer", "Parallel Aware": false, "Async Capable": false, "Scan Direction": "Forward", "Index Name": "idx_votes_postid", "Relation Name": "votes", "Alias": "v", "Startup Cost": 0.42, "Total Cost": 3.66, "Plan Rows": 5, "Plan Width": 4, "Actual Rows": 16, "Actual Loops": 129, "Index Cond": "(postid = c.postid)", "Rows Removed by Index Recheck": 0, "Heap Fetches": 0, "Workers": []}]}]}]}]}]}]}]}, "Planning Time": 12.96, "Triggers": [], "Execution Time": 152.403}, {"Plan": {"Node Type": "Aggregate", "Strategy": "Plain", "Partial Mode": "Finalize", "Parallel Aware": false, "Async Capable": false, "Startup Cost": 14046.02, "Total Cost": 14046.03, "Plan Rows": 1, "Plan Width": 8, "Actual Rows": 1, "Actual Loops": 1, "Plans": [{"Node Type": "Gather", "Parent Relationship": "Outer", "Parallel Aware": false, "Async Capable": false, "Startup Cost": 14045.91, "Total Cost": 14046.02, "Plan Rows": 1, "Plan Width": 8, "Actual Rows": 2, "Actual Loops": 1, "Workers Planned": 1, "Workers Launched": 1, "Single Copy": false, "Plans": [{"Node Type": "Aggregate", "Strategy": "Plain", "Partial Mode": "Partial", "Parent Relationship": "Outer", "Parallel Aware": false, "Async Capable": false, "Startup Cost": 13045.91, "Total Cost": 13045.92, "Plan Rows": 1, "Plan Width": 8, "Actual Rows": 1, "Actual Loops": 2, "Workers": [], "Plans": [{"Node Type": "Merge Join", "Parent Relationship": "Outer", "Parallel Aware": false, "Async Capable": false, "Join Type": "Inner", "Startup Cost": 2.14, "Total Cost": 13045.65, "Plan Rows": 12.0, "Plan Width": 0, "Actual Rows": 377, "Actual Loops": 2, "Inner Unique": false, "Merge Cond": "(p.id = pl.relatedpostid)", "Workers": [], "Plans": [{"Node Type": "Nested Loop", "Parent Relationship": "Outer", "Parallel Aware": false, "Async Capable": false, "Join Type": "Inner", "Startup Cost": 1.43, "Total Cost": 7081.15, "Plan Rows": 1.0, "Plan Width": 12, "Actual Rows": 233, "Actual Loops": 2, "Inner Unique": false, "Workers": [], "Plans": [{"Node Type": "Nested Loop", "Parent Relationship": "Outer", "Parallel Aware": false, "Async Capable": false, "Join Type": "Inner", "Startup Cost": 1.13, "Total Cost": 6237.19, "Plan Rows": 1.0, "Plan Width": 16, "Actual Rows": 90, "Actual Loops": 2, "Inner Unique": false, "Workers": [], "Plans": [{"Node Type": "Nested Loop", "Parent Relationship": "Outer", "Parallel Aware": false, "Async Capable": false, "Join Type": "Inner", "Startup Cost": 0.71, "Total Cost": 6122.75, "Plan Rows": 6.0, "Plan Width": 12, "Actual Rows": 100, "Actual Loops": 2, "Inner Unique": true, "Workers": [], "Plans": [{"Node Type": "Index Scan", "Parent Relationship": "Outer", "Parallel Aware": true, "Async Capable": false, "Scan Direction": "Forward", "Index Name": "idx_comments_postid", "Relation Name": "comments", "Alias": "c", "Startup Cost": 0.42, "Total Cost": 4959.84, "Plan Rows": 190, "Plan Width": 8, "Actual Rows": 162, "Actual Loops": 2, "Filter": "(score = 6)", "Rows Removed by Filter": 86990, "Workers": []}, {"Node Type": "Index Scan", "Parent Relationship": "Inner", "Parallel Aware": false, "Async Capable": false, "Scan Direction": "Forward", "Index Name": "posts_pkey", "Relation Name": "posts", "Alias": "p", "Startup Cost": 0.29, "Total Cost": 6.12, "Plan Rows": 1, "Plan Width": 4, "Actual Rows": 1, "Actual Loops": 325, "Index Cond": "(id = c.postid)", "Rows Removed by Index Recheck": 0, "Filter": "(score <= 8)", "Rows Removed by Filter": 0, "Workers": []}]}, {"Node Type": "Index Scan", "Parent Relationship": "Inner", "Parallel Aware": false, "Async Capable": false, "Scan Direction": "Forward", "Index Name": "idx_posthistory_postid", "Relation Name": "posthistory", "Alias": "ph", "Startup Cost": 0.42, "Total Cost": 0.63, "Plan Rows": 1, "Plan Width": 4, "Actual Rows": 1, "Actual Loops": 199, "Index Cond": "(postid = p.id)", "Rows Removed by Index Recheck": 0, "Filter": "(posthistorytypeid = 5)", "Rows Removed by Filter": 4, "Workers": []}]}, {"Node Type": "Index Scan", "Parent Relationship": "Inner", "Parallel Aware": false, "Async Capable": false, "Scan Direction": "Forward", "Index Name": "idx_badges_userid", "Relation Name": "badges", "Alias": "b", "Startup Cost": 0.29, "Total Cost": 6.24, "Plan Rows": 1, "Plan Width": 4, "Actual Rows": 3, "Actual Loops": 181, "Index Cond": "(userid = c.userid)", "Rows Removed by Index Recheck": 0, "Filter": "(date <= '2010-08-27 09:17:43'::timestamp without time zone)", "Rows Removed by Filter": 164, "Workers": []}]}, {"Node Type": "Materialize", "Parent Relationship": "Inner", "Parallel Aware": false, "Async Capable": false, "Startup Cost": 0.72, "Total Cost": 5346.93, "Plan Rows": 29517.0, "Plan Width": 8, "Actual Rows": 316570, "Actual Loops": 2, "Workers": [], "Plans": [{"Node Type": "Nested Loop", "Parent Relationship": "Outer", "Parallel Aware": false, "Async Capable": false, "Join Type": "Inner", "Startup Cost": 0.72, "Total Cost": 4707.89, "Plan Rows": 29517.0, "Plan Width": 8, "Actual Rows": 316222, "Actual Loops": 2, "Inner Unique": false, "Workers": [], "Plans": [{"Node Type": "Index Only Scan", "Parent Relationship": "Outer", "Parallel Aware": false, "Async Capable": false, "Scan Direction": "Forward", "Index Name": "idx_postlinks_relatedpostid", "Relation Name": "postlinks", "Alias": "pl", "Startup Cost": 0.29, "Total Cost": 262.81, "Plan Rows": 11102, "Plan Width": 4, "Actual Rows": 11090, "Actual Loops": 2, "Heap Fetches": 0, "Workers": []}, {"Node Type": "Memoize", "Parent Relationship": "Inner", "Parallel Aware": false, "Async Capable": false, "Startup Cost": 0.43, "Total Cost": 0.71, "Plan Rows": 5, "Plan Width": 4, "Actual Rows": 29, "Actual Loops": 22181, "Cache Key": "pl.relatedpostid", "Cache Mode": "logical", "Cache Hits": 5921, "Cache Misses": 5161, "Cache Evictions": 0, "Cache Overflows": 0, "Peak Memory Usage": 2293, "Workers": [{"Worker Number": 0, "Cache Hits": 5924, "Cache Misses": 5175, "Cache Evictions": 0, "Cache Overflows": 0, "Peak Memory Usage": 2296}], "Plans": [{"Node Type": "Index Only Scan", "Parent Relationship": "Outer", "Parallel Aware": false, "Async Capable": false, "Scan Direction": "Forward", "Index Name": "idx_votes_postid", "Relation Name": "votes", "Alias": "v", "Startup Cost": 0.42, "Total Cost": 0.7, "Plan Rows": 5, "Plan Width": 4, "Actual Rows": 11, "Actual Loops": 10336, "Index Cond": "(postid = pl.relatedpostid)", "Rows Removed by Index Recheck": 0, "Heap Fetches": 0, "Workers": []}]}]}]}]}]}]}]}, "Planning Time": 12.845, "Triggers": [], "Execution Time": 172.388}, {"Plan": {"Node Type": "Aggregate", "Strategy": "Plain", "Partial Mode": "Finalize", "Parallel Aware": false, "Async Capable": false, "Startup Cost": 14177.95, "Total Cost": 14177.96, "Plan Rows": 1, "Plan Width": 8, "Actual Rows": 1, "Actual Loops": 1, "Plans": [{"Node Type": "Gather", "Parent Relationship": "Outer", "Parallel Aware": false, "Async Capable": false, "Startup Cost": 14177.83, "Total Cost": 14177.94, "Plan Rows": 1, "Plan Width": 8, "Actual Rows": 2, "Actual Loops": 1, "Workers Planned": 1, "Workers Launched": 1, "Single Copy": false, "Plans": [{"Node Type": "Aggregate", "Strategy": "Plain", "Partial Mode": "Partial", "Parent Relationship": "Outer", "Parallel Aware": false, "Async Capable": false, "Startup Cost": 13177.83, "Total Cost": 13177.84, "Plan Rows": 1, "Plan Width": 8, "Actual Rows": 1, "Actual Loops": 2, "Workers": [], "Plans": [{"Node Type": "Hash Join", "Parent Relationship": "Outer", "Parallel Aware": false, "Async Capable": false, "Join Type": "Inner", "Startup Cost": 7943.0, "Total Cost": 13177.57, "Plan Rows": 12.0, "Plan Width": 0, "Actual Rows": 377, "Actual Loops": 2, "Inner Unique": false, "Hash Cond": "(p.id = pl.relatedpostid)", "Workers": [], "Plans": [{"Node Type": "Nested Loop", "Parent Relationship": "Outer", "Parallel Aware": false, "Async Capable": false, "Join Type": "Inner", "Startup Cost": 1.01, "Total Cost": 5096.83, "Plan Rows": 77.0, "Plan Width": 12, "Actual Rows": 1144, "Actual Loops": 2, "Inner Unique": false, "Workers": [], "Plans": [{"Node Type": "Nested Loop", "Parent Relationship": "Outer", "Parallel Aware": false, "Async Capable": false, "Join Type": "Inner", "Startup Cost": 0.58, "Total Cost": 4907.6, "Plan Rows": 4.0, "Plan Width": 8, "Actual Rows": 256, "Actual Loops": 2, "Inner Unique": false, "Workers": [], "Plans": [{"Node Type": "Nested Loop", "Parent Relationship": "Outer", "Parallel Aware": false, "Async Capable": false, "Join Type": "Inner", "Startup Cost": 0.29, "Total Cost": 3788.56, "Plan Rows": 6.0, "Plan Width": 12, "Actual Rows": 100, "Actual Loops": 2, "Inner Unique": true, "Workers": [], "Plans": [{"Node Type": "Seq Scan", "Parent Relationship": "Outer", "Parallel Aware": true, "Async Capable": false, "Relation Name": "comments", "Alias": "c", "Startup Cost": 0.0, "Total Cost": 2625.65, "Plan Rows": 190, "Plan Width": 8, "Actual Rows": 162, "Actual Loops": 2, "Filter": "(score = 6)", "Rows Removed by Filter": 86990, "Workers": []}, {"Node Type": "Index Scan", "Parent Relationship": "Inner", "Parallel Aware": false, "Async Capable": false, "Scan Direction": "Forward", "Index Name": "posts_pkey", "Relation Name": "posts", "Alias": "p", "Startup Cost": 0.29, "Total Cost": 6.12, "Plan Rows": 1, "Plan Width": 4, "Actual Rows": 1, "Actual Loops": 325, "Index Cond": "(id = c.postid)", "Rows Removed by Index Recheck": 0, "Filter": "(score <= 8)", "Rows Removed by Filter": 0, "Workers": []}]}, {"Node Type": "Index Scan", "Parent Relationship": "Inner", "Parallel Aware": false, "Async Capable": false, "Scan Direction": "Forward", "Index Name": "idx_badges_userid", "Relation Name": "badges", "Alias": "b", "Startup Cost": 0.29, "Total Cost": 6.24, "Plan Rows": 1, "Plan Width": 4, "Actual Rows": 3, "Actual Loops": 199, "Index Cond": "(userid = c.userid)", "Rows Removed by Index Recheck": 0, "Filter": "(date <= '2010-08-27 09:17:43'::timestamp without time zone)", "Rows Removed by Filter": 165, "Workers": []}]}, {"Node Type": "Index Only Scan", "Parent Relationship": "Inner", "Parallel Aware": false, "Async Capable": false, "Scan Direction": "Forward", "Index Name": "idx_votes_postid", "Relation Name": "votes", "Alias": "v", "Startup Cost": 0.42, "Total Cost": 0.53, "Plan Rows": 5, "Plan Width": 4, "Actual Rows": 4, "Actual Loops": 512, "Index Cond": "(postid = p.id)", "Rows Removed by Index Recheck": 0, "Heap Fetches": 0, "Workers": []}]}, {"Node Type": "Hash", "Parent Relationship": "Inner", "Parallel Aware": false, "Async Capable": false, "Startup Cost": 7808.27, "Total Cost": 7808.27, "Plan Rows": 105.0, "Plan Width": 8, "Actual Rows": 13872, "Actual Loops": 2, "Hash Buckets": 16384, "Original Hash Buckets": 16384, "Hash Batches": 1, "Original Hash Batches": 1, "Peak Memory Usage": 670, "Workers": [], "Plans": [{"Node Type": "Hash Join", "Parent Relationship": "Outer", "Parallel Aware": false, "Async Capable": false, "Join Type": "Inner", "Startup Cost": 6897.66, "Total Cost": 7808.27, "Plan Rows": 105.0, "Plan Width": 8, "Actual Rows": 13872, "Actual Loops": 2, "Inner Unique": false, "Hash Cond": "(pl.relatedpostid = ph.postid)", "Workers": [], "Plans": [{"Node Type": "Seq Scan", "Parent Relationship": "Outer", "Parallel Aware": false, "Async Capable": false, "Relation Name": "postlinks", "Alias": "pl", "Startup Cost": 0.0, "Total Cost": 193.02, "Plan Rows": 11102, "Plan Width": 4, "Actual Rows": 11102, "Actual Loops": 2, "Workers": []}, {"Node Type": "Hash", "Parent Relationship": "Inner", "Parallel Aware": false, "Async Capable": false, "Startup Cost": 6029.84, "Total Cost": 6029.84, "Plan Rows": 69426, "Plan Width": 4, "Actual Rows": 69427, "Actual Loops": 2, "Hash Buckets": 131072, "Original Hash Buckets": 131072, "Hash Batches": 1, "Original Hash Batches": 1, "Peak Memory Usage": 3465, "Workers": [], "Plans": [{"Node Type": "Seq Scan", "Parent Relationship": "Outer", "Parallel Aware": false, "Async Capable": false, "Relation Name": "posthistory", "Alias": "ph", "Startup Cost": 0.0, "Total Cost": 6029.84, "Plan Rows": 69426, "Plan Width": 4, "Actual Rows": 69427, "Actual Loops": 2, "Filter": "(posthistorytypeid = 5)", "Rows Removed by Filter": 233760, "Workers": []}]}]}]}]}]}]}]}, "Planning Time": 13.137, "Triggers": [], "Execution Time": 154.535}, {"Plan": {"Node Type": "Aggregate", "Strategy": "Plain", "Partial Mode": "Simple", "Parallel Aware": false, "Async Capable": false, "Startup Cost": 26284.85, "Total Cost": 26284.86, "Plan Rows": 1, "Plan Width": 8, "Actual Rows": 1, "Actual Loops": 1, "Plans": [{"Node Type": "Merge Join", "Parent Relationship": "Outer", "Parallel Aware": false, "Async Capable": false, "Join Type": "Inner", "Startup Cost": 3537.99, "Total Cost": 26284.4, "Plan Rows": 12.0, "Plan Width": 0, "Actual Rows": 754, "Actual Loops": 1, "Inner Unique": false, "Merge Cond": "(p.id = ph.postid)", "Plans": [{"Node Type": "Nested Loop", "Parent Relationship": "Outer", "Parallel Aware": false, "Async Capable": false, "Join Type": "Inner", "Startup Cost": 3537.14, "Total Cost": 4110.08, "Plan Rows": 5.0, "Plan Width": 12, "Actual Rows": 91, "Actual Loops": 1, "Inner Unique": false, "Plans": [{"Node Type": "Nested Loop", "Parent Relationship": "Outer", "Parallel Aware": false, "Async Capable": false, "Join Type": "Inner", "Startup Cost": 3536.85, "Total Cost": 3878.77, "Plan Rows": 7.0, "Plan Width": 16, "Actual Rows": 45, "Actual Loops": 1, "Inner Unique": true, "Join Filter": "(c.postid = p.id)", "Rows Removed by Join Filter": 0, "Plans": [{"Node Type": "Merge Join", "Parent Relationship": "Outer", "Parallel Aware": false, "Async Capable": false, "Join Type": "Inner", "Startup Cost": 3536.56, "Total Cost": 3829.15, "Plan Rows": 132.0, "Plan Width": 12, "Actual Rows": 187, "Actual Loops": 1, "Inner Unique": false, "Merge Cond": "(pl.relatedpostid = c.postid)", "Plans": [{"Node Type": "Index Only Scan", "Parent Relationship": "Outer", "Parallel Aware": false, "Async Capable": false, "Scan Direction": "Forward", "Index Name": "idx_postlinks_relatedpostid", "Relation Name": "postlinks", "Alias": "pl", "Startup Cost": 0.29, "Total Cost": 262.81, "Plan Rows": 11102, "Plan Width": 4, "Actual Rows": 11100, "Actual Loops": 1, "Heap Fetches": 0}, {"Node Type": "Sort", "Parent Relationship": "Inner", "Parallel Aware": false, "Async Capable": false, "Startup Cost": 3536.27, "Total Cost": 3537.08, "Plan Rows": 323, "Plan Width": 8, "Actual Rows": 446, "Actual Loops": 1, "Sort Key": ["c.postid"], "Sort Method": "quicksort", "Sort Space Used": 35, "Sort Space Type": "Memory", "Plans": [{"Node Type": "Seq Scan", "Parent Relationship": "Outer", "Parallel Aware": false, "Async Capable": false, "Relation Name": "comments", "Alias": "c", "Startup Cost": 0.0, "Total Cost": 3522.81, "Plan Rows": 323, "Plan Width": 8, "Actual Rows": 325, "Actual Loops": 1, "Filter": "(score = 6)", "Rows Removed by Filter": 173980}]}]}, {"Node Type": "Index Scan", "Parent Relationship": "Inner", "Parallel Aware": false, "Async Capable": false, "Scan Direction": "Forward", "Index Name": "posts_pkey", "Relation Name": "posts", "Alias": "p", "Startup Cost": 0.29, "Total Cost": 0.71, "Plan Rows": 1, "Plan Width": 4, "Actual Rows": 0, "Actual Loops": 187, "Index Cond": "(id = pl.relatedpostid)", "Rows Removed by Index Recheck": 0, "Filter": "(score <= 8)", "Rows Removed by Filter": 1}]}, {"Node Type": "Index Scan", "Parent Relationship": "Inner", "Parallel Aware": false, "Async Capable": false, "Scan Direction": "Forward", "Index Name": "idx_badges_userid", "Relation Name": "badges", "Alias": "b", "Startup Cost": 0.29, "Total Cost": 6.24, "Plan Rows": 1, "Plan Width": 4, "Actual Rows": 2, "Actual Loops": 45, "Index Cond": "(userid = c.userid)", "Rows Removed by Index Recheck": 0, "Filter": "(date <= '2010-08-27 09:17:43'::timestamp without time zone)", "Rows Removed by Filter": 141}]}, {"Node Type": "Materialize", "Parent Relationship": "Inner", "Parallel Aware": false, "Async Capable": false, "Startup Cost": 0.84, "Total Cost": 21440.43, "Plan Rows": 2151.0, "Plan Width": 8, "Actual Rows": 306662, "Actual Loops": 1, "Plans": [{"Node Type": "Merge Join", "Parent Relationship": "Outer", "Parallel Aware": false, "Async Capable": false, "Join Type": "Inner", "Startup Cost": 0.84, "Total Cost": 20708.83, "Plan Rows": 2151.0, "Plan Width": 8, "Actual Rows": 305939, "Actual Loops": 1, "Inner Unique": false, "Merge Cond": "(ph.postid = v.postid)", "Plans": [{"Node Type": "Index Scan", "Parent Relationship": "Outer", "Parallel Aware": false, "Async Capable": false, "Scan Direction": "Forward", "Index Name": "idx_posthistory_postid", "Relation Name": "posthistory", "Alias": "ph", "Startup Cost": 0.42, "Total Cost": 9831.47, "Plan Rows": 69426, "Plan Width": 4, "Actual Rows": 53820, "Actual Loops": 1, "Filter": "(posthistorytypeid = 5)", "Rows Removed by Filter": 175883}, {"Node Type": "Index Only Scan", "Parent Relationship": "Inner", "Parallel Aware": false, "Async Capable": false, "Scan Direction": "Forward", "Index Name": "idx_votes_postid", "Relation Name": "votes", "Alias": "v", "Startup Cost": 0.42, "Total Cost": 6957.68, "Plan Rows": 328064, "Plan Width": 4, "Actual Rows": 437337, "Actual Loops": 1, "Heap Fetches": 0}]}]}]}]}, "Planning Time": 6.752, "Triggers": [], "Execution Time": 268.44}, {"Plan": {"Node Type": "Aggregate", "Strategy": "Plain", "Partial Mode": "Simple", "Parallel Aware": false, "Async Capable": false, "Startup Cost": 10747.67, "Total Cost": 10747.68, "Plan Rows": 1, "Plan Width": 8, "Actual Rows": 1, "Actual Loops": 1, "Plans": [{"Node Type": "Merge Join", "Parent Relationship": "Outer", "Parallel Aware": false, "Async Capable": false, "Join Type": "Inner", "Startup Cost": 6631.85, "Total Cost": 10747.22, "Plan Rows": 12.0, "Plan Width": 0, "Actual Rows": 754, "Actual Loops": 1, "Inner Unique": false, "Merge Cond": "(p.id = c.postid)", "Plans": [{"Node Type": "Merge Join", "Parent Relationship": "Outer", "Parallel Aware": false, "Async Capable": false, "Join Type": "Inner", "Startup Cost": 0.58, "Total Cost": 4073.2, "Plan Rows": 125.0, "Plan Width": 8, "Actual Rows": 5952, "Actual Loops": 1, "Inner Unique": false, "Merge Cond": "(p.id = pl.relatedpostid)", "Plans": [{"Node Type": "Index Scan", "Parent Relationship": "Outer", "Parallel Aware": false, "Async Capable": false, "Scan Direction": "Forward", "Index Name": "posts_pkey", "Relation Name": "posts", "Alias": "p", "Startup Cost": 0.29, "Total Cost": 3469.11, "Plan Rows": 86709, "Plan Width": 4, "Actual Rows": 86074, "Actual Loops": 1, "Filter": "(score <= 8)", "Rows Removed by Filter": 5257}, {"Node Type": "Index Only Scan", "Parent Relationship": "Inner", "Parallel Aware": false, "Async Capable": false, "Scan Direction": "Forward", "Index Name": "idx_postlinks_relatedpostid", "Relation Name": "postlinks", "Alias": "pl", "Startup Cost": 0.29, "Total Cost": 262.81, "Plan Rows": 11102, "Plan Width": 4, "Actual Rows": 11099, "Actual Loops": 1, "Heap Fetches": 0}]}, {"Node Type": "Sort", "Parent Relationship": "Inner", "Parallel Aware": false, "Async Capable": false, "Startup Cost": 6631.28, "Total Cost": 6638.03, "Plan Rows": 105.0, "Plan Width": 12, "Actual Rows": 16904, "Actual Loops": 1, "Sort Key": ["c.postid"], "Sort Method": "quicksort", "Sort Space Used": 1024, "Sort Space Type": "Memory", "Plans": [{"Node Type": "Nested Loop", "Parent Relationship": "Outer", "Parallel Aware": false, "Async Capable": false, "Join Type": "Inner", "Startup Cost": 1001.14, "Total Cost": 6477.33, "Plan Rows": 105.0, "Plan Width": 12, "Actual Rows": 16376, "Actual Loops": 1, "Inner Unique": false, "Join Filter": "(c.postid = v.postid)", "Rows Removed by Join Filter": 0, "Plans": [{"Node Type": "Gather", "Parent Relationship": "Outer", "Parallel Aware": false, "Async Capable": false, "Startup Cost": 1000.72, "Total Cost": 6168.24, "Plan Rows": 5.0, "Plan Width": 8, "Actual Rows": 860, "Actual Loops": 1, "Workers Planned": 1, "Workers Launched": 1, "Single Copy": false, "Plans": [{"Node Type": "Nested Loop", "Parent Relationship": "Outer", "Parallel Aware": false, "Async Capable": false, "Join Type": "Inner", "Startup Cost": 0.71, "Total Cost": 5116.94, "Plan Rows": 5.0, "Plan Width": 8, "Actual Rows": 430, "Actual Loops": 2, "Inner Unique": false, "Workers": [], "Plans": [{"Node Type": "Nested Loop", "Parent Relationship": "Outer", "Parallel Aware": false, "Async Capable": false, "Join Type": "Inner", "Startup Cost": 0.42, "Total Cost": 4072.92, "Plan Rows": 9.0, "Plan Width": 12, "Actual Rows": 167, "Actual Loops": 2, "Inner Unique": false, "Workers": [], "Plans": [{"Node Type": "Seq Scan", "Parent Relationship": "Outer", "Parallel Aware": true, "Async Capable": false, "Relation Name": "comments", "Alias": "c", "Startup Cost": 0.0, "Total Cost": 2625.65, "Plan Rows": 190, "Plan Width": 8, "Actual Rows": 162, "Actual Loops": 2, "Filter": "(score = 6)", "Rows Removed by Filter": 86990, "Workers": []}, {"Node Type": "Index Scan", "Parent Relationship": "Inner", "Parallel Aware": false, "Async Capable": false, "Scan Direction": "Forward", "Index Name": "idx_posthistory_postid", "Relation Name": "posthistory", "Alias": "ph", "Startup Cost": 0.42, "Total Cost": 7.61, "Plan Rows": 1, "Plan Width": 4, "Actual Rows": 1, "Actual Loops": 325, "Index Cond": "(postid = c.postid)", "Rows Removed by Index Recheck": 0, "Filter": "(posthistorytypeid = 5)", "Rows Removed by Filter": 4, "Workers": []}]}, {"Node Type": "Index Scan", "Parent Relationship": "Inner", "Parallel Aware": false, "Async Capable": false, "Scan Direction": "Forward", "Index Name": "idx_badges_userid", "Relation Name": "badges", "Alias": "b", "Startup Cost": 0.29, "Total Cost": 6.24, "Plan Rows": 1, "Plan Width": 4, "Actual Rows": 3, "Actual Loops": 334, "Index Cond": "(userid = c.userid)", "Rows Removed by Index Recheck": 0, "Filter": "(date <= '2010-08-27 09:17:43'::timestamp without time zone)", "Rows Removed by Filter": 145, "Workers": []}]}]}, {"Node Type": "Index Only Scan", "Parent Relationship": "Inner", "Parallel Aware": false, "Async Capable": false, "Scan Direction": "Forward", "Index Name": "idx_votes_postid", "Relation Name": "votes", "Alias": "v", "Startup Cost": 0.42, "Total Cost": 0.54, "Plan Rows": 5, "Plan Width": 4, "Actual Rows": 19, "Actual Loops": 860, "Index Cond": "(postid = ph.postid)", "Rows Removed by Index Recheck": 0, "Heap Fetches": 0}]}]}]}]}, "Planning Time": 6.618, "Triggers": [], "Execution Time": 65.514}, {"Plan": {"Node Type": "Aggregate", "Strategy": "Plain", "Partial Mode": "Simple", "Parallel Aware": false, "Async Capable": false, "Startup Cost": 5349.14, "Total Cost": 5349.15, "Plan Rows": 1, "Plan Width": 8, "Actual Rows": 1, "Actual Loops": 1, "Plans": [{"Node Type": "Merge Join", "Parent Relationship": "Outer", "Parallel Aware": false, "Async Capable": false, "Join Type": "Inner", "Startup Cost": 5337.9, "Total Cost": 5348.69, "Plan Rows": 12.0, "Plan Width": 0, "Actual Rows": 754, "Actual Loops": 1, "Inner Unique": false, "Merge Cond": "(b.userid = c.userid)", "Plans": [{"Node Type": "Sort", "Parent Relationship": "Outer", "Parallel Aware": false, "Async Capable": false, "Startup Cost": 1516.32, "Total Cost": 1520.36, "Plan Rows": 1617, "Plan Width": 4, "Actual Rows": 1624, "Actual Loops": 1, "Sort Key": ["b.userid"], "Sort Method": "quicksort", "Sort Space Used": 49, "Sort Space Type": "Memory", "Plans": [{"Node Type": "Seq Scan", "Parent Relationship": "Outer", "Parallel Aware": false, "Async Capable": false, "Relation Name": "badges", "Alias": "b", "Startup Cost": 0.0, "Total Cost": 1430.14, "Plan Rows": 1617, "Plan Width": 4, "Actual Rows": 1624, "Actual Loops": 1, "Filter": "(date <= '2010-08-27 09:17:43'::timestamp without time zone)", "Rows Removed by Filter": 78227}]}, {"Node Type": "Sort", "Parent Relationship": "Inner", "Parallel Aware": false, "Async Capable": false, "Startup Cost": 3821.58, "Total Cost": 3821.83, "Plan Rows": 27.0, "Plan Width": 4, "Actual Rows": 755, "Actual Loops": 1, "Sort Key": ["c.userid"], "Sort Method": "quicksort", "Sort Space Used": 25, "Sort Space Type": "Memory", "Plans": [{"Node Type": "Nested Loop", "Parent Relationship": "Outer", "Parallel Aware": false, "Async Capable": false, "Join Type": "Inner", "Startup Cost": 1.42, "Total Cost": 3818.26, "Plan Rows": 27.0, "Plan Width": 4, "Actual Rows": 187, "Actual Loops": 1, "Inner Unique": false, "Plans": [{"Node Type": "Nested Loop", "Parent Relationship": "Outer", "Parallel Aware": false, "Async Capable": false, "Join Type": "Inner", "Startup Cost": 1.0, "Total Cost": 3801.91, "Plan Rows": 2.0, "Plan Width": 20, "Actual Rows": 32, "Actual Loops": 1, "Inner Unique": false, "Plans": [{"Node Type": "Nested Loop", "Parent Relationship": "Outer", "Parallel Aware": false, "Async Capable": false, "Join Type": "Inner", "Startup Cost": 0.58, "Total Cost": 3778.25, "Plan Rows": 7.0, "Plan Width": 16, "Actual Rows": 45, "Actual Loops": 1, "Inner Unique": true, "Join Filter": "(c.postid = p.id)", "Rows Removed by Join Filter": 0, "Plans": [{"Node Type": "Nested Loop", "Parent Relationship": "Outer", "Parallel Aware": false, "Async Capable": false, "Join Type": "Inner", "Startup Cost": 0.29, "Total Cost": 3728.63, "Plan Rows": 132.0, "Plan Width": 12, "Actual Rows": 187, "Actual Loops": 1, "Inner Unique": false, "Plans": [{"Node Type": "Seq Scan", "Parent Relationship": "Outer", "Parallel Aware": false, "Async Capable": false, "Relation Name": "comments", "Alias": "c", "Startup Cost": 0.0, "Total Cost": 3522.81, "Plan Rows": 323, "Plan Width": 8, "Actual Rows": 325, "Actual Loops": 1, "Filter": "(score = 6)", "Rows Removed by Filter": 173980}, {"Node Type": "Index Only Scan", "Parent Relationship": "Inner", "Parallel Aware": false, "Async Capable": false, "Scan Direction": "Forward", "Index Name": "idx_postlinks_relatedpostid", "Relation Name": "postlinks", "Alias": "pl", "Startup Cost": 0.29, "Total Cost": 0.62, "Plan Rows": 2, "Plan Width": 4, "Actual Rows": 1, "Actual Loops": 325, "Index Cond": "(relatedpostid = c.postid)", "Rows Removed by Index Recheck": 0, "Heap Fetches": 0}]}, {"Node Type": "Index Scan", "Parent Relationship": "Inner", "Parallel Aware": false, "Async Capable": false, "Scan Direction": "Forward", "Index Name": "posts_pkey", "Relation Name": "posts", "Alias": "p", "Startup Cost": 0.29, "Total Cost": 0.71, "Plan Rows": 1, "Plan Width": 4, "Actual Rows": 0, "Actual Loops": 187, "Index Cond": "(id = pl.relatedpostid)", "Rows Removed by Index Recheck": 0, "Filter": "(score <= 8)", "Rows Removed by Filter": 1}]}, {"Node Type": "Index Scan", "Parent Relationship": "Inner", "Parallel Aware": false, "Async Capable": false, "Scan Direction": "Forward", "Index Name": "idx_posthistory_postid", "Relation Name": "posthistory", "Alias": "ph", "Startup Cost": 0.42, "Total Cost": 0.63, "Plan Rows": 1, "Plan Width": 4, "Actual Rows": 1, "Actual Loops": 45, "Index Cond": "(postid = p.id)", "Rows Removed by Index Recheck": 0, "Filter": "(posthistorytypeid = 5)", "Rows Removed by Filter": 5}]}, {"Node Type": "Index Only Scan", "Parent Relationship": "Inner", "Parallel Aware": false, "Async Capable": false, "Scan Direction": "Forward", "Index Name": "idx_votes_postid", "Relation Name": "votes", "Alias": "v", "Startup Cost": 0.42, "Total Cost": 0.53, "Plan Rows": 5, "Plan Width": 4, "Actual Rows": 6, "Actual Loops": 32, "Index Cond": "(postid = p.id)", "Rows Removed by Index Recheck": 0, "Heap Fetches": 0}]}]}]}]}, "Planning Time": 6.221, "Triggers": [], "Execution Time": 33.191}, {"Plan": {"Node Type": "Aggregate", "Strategy": "Plain", "Partial Mode": "Finalize", "Parallel Aware": false, "Async Capable": false, "Startup Cost": 9733.59, "Total Cost": 9733.6, "Plan Rows": 1, "Plan Width": 8, "Actual Rows": 1, "Actual Loops": 1, "Plans": [{"Node Type": "Gather", "Parent Relationship": "Outer", "Parallel Aware": false, "Async Capable": false, "Startup Cost": 9733.48, "Total Cost": 9733.59, "Plan Rows": 1, "Plan Width": 8, "Actual Rows": 2, "Actual Loops": 1, "Workers Planned": 1, "Workers Launched": 1, "Single Copy": false, "Plans": [{"Node Type": "Aggregate", "Strategy": "Plain", "Partial Mode": "Partial", "Parent Relationship": "Outer", "Parallel Aware": false, "Async Capable": false, "Startup Cost": 8733.48, "Total Cost": 8733.49, "Plan Rows": 1, "Plan Width": 8, "Actual Rows": 1, "Actual Loops": 2, "Workers": [], "Plans": [{"Node Type": "Hash Join", "Parent Relationship": "Outer", "Parallel Aware": false, "Async Capable": false, "Join Type": "Inner", "Startup Cost": 3427.69, "Total Cost": 8733.22, "Plan Rows": 12.0, "Plan Width": 0, "Actual Rows": 377, "Actual Loops": 2, "Inner Unique": false, "Hash Cond": "(c.postid = p.id)", "Workers": [], "Plans": [{"Node Type": "Nested Loop", "Parent Relationship": "Outer", "Parallel Aware": false, "Async Capable": false, "Join Type": "Inner", "Startup Cost": 1.14, "Total Cost": 5298.9, "Plan Rows": 105.0, "Plan Width": 12, "Actual Rows": 8188, "Actual Loops": 2, "Inner Unique": false, "Join Filter": "(c.postid = v.postid)", "Rows Removed by Join Filter": 0, "Workers": [], "Plans": [{"Node Type": "Nested Loop", "Parent Relationship": "Outer", "Parallel Aware": false, "Async Capable": false, "Join Type": "Inner", "Startup Cost": 0.71, "Total Cost": 5116.94, "Plan Rows": 5.0, "Plan Width": 8, "Actual Rows": 430, "Actual Loops": 2, "Inner Unique": false, "Workers": [], "Plans": [{"Node Type": "Nested Loop", "Parent Relationship": "Outer", "Parallel Aware": false, "Async Capable": false, "Join Type": "Inner", "Startup Cost": 0.42, "Total Cost": 4072.92, "Plan Rows": 9.0, "Plan Width": 12, "Actual Rows": 167, "Actual Loops": 2, "Inner Unique": false, "Workers": [], "Plans": [{"Node Type": "Seq Scan", "Parent Relationship": "Outer", "Parallel Aware": true, "Async Capable": false, "Relation Name": "comments", "Alias": "c", "Startup Cost": 0.0, "Total Cost": 2625.65, "Plan Rows": 190, "Plan Width": 8, "Actual Rows": 162, "Actual Loops": 2, "Filter": "(score = 6)", "Rows Removed by Filter": 86990, "Workers": []}, {"Node Type": "Index Scan", "Parent Relationship": "Inner", "Parallel Aware": false, "Async Capable": false, "Scan Direction": "Forward", "Index Name": "idx_posthistory_postid", "Relation Name": "posthistory", "Alias": "ph", "Startup Cost": 0.42, "Total Cost": 7.61, "Plan Rows": 1, "Plan Width": 4, "Actual Rows": 1, "Actual Loops": 325, "Index Cond": "(postid = c.postid)", "Rows Removed by Index Recheck": 0, "Filter": "(posthistorytypeid = 5)", "Rows Removed by Filter": 4, "Workers": []}]}, {"Node Type": "Index Scan", "Parent Relationship": "Inner", "Parallel Aware": false, "Async Capable": false, "Scan Direction": "Forward", "Index Name": "idx_badges_userid", "Relation Name": "badges", "Alias": "b", "Startup Cost": 0.29, "Total Cost": 6.24, "Plan Rows": 1, "Plan Width": 4, "Actual Rows": 3, "Actual Loops": 334, "Index Cond": "(userid = c.userid)", "Rows Removed by Index Recheck": 0, "Filter": "(date <= '2010-08-27 09:17:43'::timestamp without time zone)", "Rows Removed by Filter": 145, "Workers": []}]}, {"Node Type": "Index Only Scan", "Parent Relationship": "Inner", "Parallel Aware": false, "Async Capable": false, "Scan Direction": "Forward", "Index Name": "idx_votes_postid", "Relation Name": "votes", "Alias": "v", "Startup Cost": 0.42, "Total Cost": 0.54, "Plan Rows": 5, "Plan Width": 4, "Actual Rows": 19, "Actual Loops": 860, "Index Cond": "(postid = ph.postid)", "Rows Removed by Index Recheck": 0, "Heap Fetches": 0, "Workers": []}]}, {"Node Type": "Hash", "Parent Relationship": "Inner", "Parallel Aware": false, "Async Capable": false, "Startup Cost": 3295.73, "Total Cost": 3295.73, "Plan Rows": 125.0, "Plan Width": 8, "Actual Rows": 5955, "Actual Loops": 2, "Hash Buckets": 16384, "Original Hash Buckets": 16384, "Hash Batches": 1, "Original Hash Batches": 1, "Peak Memory Usage": 361, "Workers": [], "Plans": [{"Node Type": "Hash Join", "Parent Relationship": "Outer", "Parallel Aware": false, "Async Capable": false, "Join Type": "Inner", "Startup Cost": 3073.56, "Total Cost": 3295.73, "Plan Rows": 125.0, "Plan Width": 8, "Actual Rows": 5955, "Actual Loops": 2, "Inner Unique": true, "Hash Cond": "(pl.relatedpostid = p.id)", "Workers": [], "Plans": [{"Node Type": "Seq Scan", "Parent Relationship": "Outer", "Parallel Aware": false, "Async Capable": false, "Relation Name": "postlinks", "Alias": "pl", "Startup Cost": 0.0, "Total Cost": 193.02, "Plan Rows": 11102, "Plan Width": 4, "Actual Rows": 11102, "Actual Loops": 2, "Workers": []}, {"Node Type": "Hash", "Parent Relationship": "Inner", "Parallel Aware": false, "Async Capable": false, "Startup Cost": 1989.7, "Total Cost": 1989.7, "Plan Rows": 86709, "Plan Width": 4, "Actual Rows": 86710, "Actual Loops": 2, "Hash Buckets": 131072, "Original Hash Buckets": 131072, "Hash Batches": 1, "Original Hash Batches": 1, "Peak Memory Usage": 4073, "Workers": [], "Plans": [{"Node Type": "Seq Scan", "Parent Relationship": "Outer", "Parallel Aware": false, "Async Capable": false, "Relation Name": "posts", "Alias": "p", "Startup Cost": 0.0, "Total Cost": 1989.7, "Plan Rows": 86709, "Plan Width": 4, "Actual Rows": 86710, "Actual Loops": 2, "Filter": "(score <= 8)", "Rows Removed by Filter": 5266, "Workers": []}]}]}]}]}]}]}]}, "Planning Time": 13.98, "Triggers": [], "Execution Time": 93.401}, {"Plan": {"Node Type": "Aggregate", "Strategy": "Plain", "Partial Mode": "Finalize", "Parallel Aware": false, "Async Capable": false, "Startup Cost": 13979.54, "Total Cost": 13979.55, "Plan Rows": 1, "Plan Width": 8, "Actual Rows": 1, "Actual Loops": 1, "Plans": [{"Node Type": "Gather", "Parent Relationship": "Outer", "Parallel Aware": false, "Async Capable": false, "Startup Cost": 13979.43, "Total Cost": 13979.54, "Plan Rows": 1, "Plan Width": 8, "Actual Rows": 2, "Actual Loops": 1, "Workers Planned": 1, "Workers Launched": 1, "Single Copy": false, "Plans": [{"Node Type": "Aggregate", "Strategy": "Plain", "Partial Mode": "Partial", "Parent Relationship": "Outer", "Parallel Aware": false, "Async Capable": false, "Startup Cost": 12979.43, "Total Cost": 12979.44, "Plan Rows": 1, "Plan Width": 8, "Actual Rows": 1, "Actual Loops": 2, "Workers": [], "Plans": [{"Node Type": "Hash Join", "Parent Relationship": "Outer", "Parallel Aware": true, "Async Capable": false, "Join Type": "Inner", "Startup Cost": 9945.04, "Total Cost": 12979.16, "Plan Rows": 12.0, "Plan Width": 0, "Actual Rows": 377, "Actual Loops": 2, "Inner Unique": false, "Hash Cond": "(c.postid = p.id)", "Workers": [], "Plans": [{"Node Type": "Nested Loop", "Parent Relationship": "Outer", "Parallel Aware": false, "Async Capable": false, "Join Type": "Inner", "Startup Cost": 1.0, "Total Cost": 3033.51, "Plan Rows": 7.0, "Plan Width": 12, "Actual Rows": 184, "Actual Loops": 2, "Inner Unique": false, "Workers": [], "Plans": [{"Node Type": "Nested Loop", "Parent Relationship": "Outer", "Parallel Aware": false, "Async Capable": false, "Join Type": "Inner", "Startup Cost": 0.71, "Total Cost": 2808.45, "Plan Rows": 13.0, "Plan Width": 16, "Actual Rows": 98, "Actual Loops": 2, "Inner Unique": false, "Join Filter": "(c.postid = ph.postid)", "Rows Removed by Join Filter": 0, "Workers": [], "Plans": [{"Node Type": "Nested Loop", "Parent Relationship": "Outer", "Parallel Aware": false, "Async Capable": false, "Join Type": "Inner", "Startup Cost": 0.29, "Total Cost": 2746.73, "Plan Rows": 132.0, "Plan Width": 12, "Actual Rows": 94, "Actual Loops": 2, "Inner Unique": false, "Workers": [], "Plans": [{"Node Type": "Seq Scan", "Parent Relationship": "Outer", "Parallel Aware": true, "Async Capable": false, "Relation Name": "comments", "Alias": "c", "Startup Cost": 0.0, "Total Cost": 2625.65, "Plan Rows": 190, "Plan Width": 8, "Actual Rows": 162, "Actual Loops": 2, "Filter": "(score = 6)", "Rows Removed by Filter": 86990, "Workers": []}, {"Node Type": "Index Only Scan", "Parent Relationship": "Inner", "Parallel Aware": false, "Async Capable": false, "Scan Direction": "Forward", "Index Name": "idx_postlinks_relatedpostid", "Relation Name": "postlinks", "Alias": "pl", "Startup Cost": 0.29, "Total Cost": 0.62, "Plan Rows": 2, "Plan Width": 4, "Actual Rows": 1, "Actual Loops": 325, "Index Cond": "(relatedpostid = c.postid)", "Rows Removed by Index Recheck": 0, "Heap Fetches": 0, "Workers": []}]}, {"Node Type": "Index Scan", "Parent Relationship": "Inner", "Parallel Aware": false, "Async Capable": false, "Scan Direction": "Forward", "Index Name": "idx_posthistory_postid", "Relation Name": "posthistory", "Alias": "ph", "Startup Cost": 0.42, "Total Cost": 1.49, "Plan Rows": 1, "Plan Width": 4, "Actual Rows": 1, "Actual Loops": 187, "Index Cond": "(postid = pl.relatedpostid)", "Rows Removed by Index Recheck": 0, "Filter": "(posthistorytypeid = 5)", "Rows Removed by Filter": 6, "Workers": []}]}, {"Node Type": "Index Scan", "Parent Relationship": "Inner", "Parallel Aware": false, "Async Capable": false, "Scan Direction": "Forward", "Index Name": "idx_badges_userid", "Relation Name": "badges", "Alias": "b", "Startup Cost": 0.29, "Total Cost": 6.24, "Plan Rows": 1, "Plan Width": 4, "Actual Rows": 2, "Actual Loops": 195, "Index Cond": "(userid = c.userid)", "Rows Removed by Index Recheck": 0, "Filter": "(date <= '2010-08-27 09:17:43'::timestamp without time zone)", "Rows Removed by Filter": 121, "Workers": []}]}, {"Node Type": "Hash", "Parent Relationship": "Inner", "Parallel Aware": true, "Async Capable": false, "Startup Cost": 7669.94, "Total Cost": 7669.94, "Plan Rows": 1212.0, "Plan Width": 8, "Actual Rows": 110916, "Actual Loops": 2, "Hash Buckets": 524288, "Original Hash Buckets": 524288, "Hash Batches": 1, "Original Hash Batches": 1, "Peak Memory Usage": 12800, "Workers": [], "Plans": [{"Node Type": "Hash Join", "Parent Relationship": "Outer", "Parallel Aware": false, "Async Capable": false, "Join Type": "Inner", "Startup Cost": 3073.56, "Total Cost": 7669.94, "Plan Rows": 1212.0, "Plan Width": 8, "Actual Rows": 110916, "Actual Loops": 2, "Inner Unique": true, "Hash Cond": "(v.postid = p.id)", "Workers": [], "Plans": [{"Node Type": "Seq Scan", "Parent Relationship": "Outer", "Parallel Aware": true, "Async Capable": false, "Relation Name": "votes", "Alias": "v", "Startup Cost": 0.0, "Total Cost": 4089.79, "Plan Rows": 192979, "Plan Width": 4, "Actual Rows": 164032, "Actual Loops": 2, "Workers": []}, {"Node Type": "Hash", "Parent Relationship": "Inner", "Parallel Aware": false, "Async Capable": false, "Startup Cost": 1989.7, "Total Cost": 1989.7, "Plan Rows": 86709, "Plan Width": 4, "Actual Rows": 86710, "Actual Loops": 2, "Hash Buckets": 131072, "Original Hash Buckets": 131072, "Hash Batches": 1, "Original Hash Batches": 1, "Peak Memory Usage": 4073, "Workers": [], "Plans": [{"Node Type": "Seq Scan", "Parent Relationship": "Outer", "Parallel Aware": false, "Async Capable": false, "Relation Name": "posts", "Alias": "p", "Startup Cost": 0.0, "Total Cost": 1989.7, "Plan Rows": 86709, "Plan Width": 4, "Actual Rows": 86710, "Actual Loops": 2, "Filter": "(score <= 8)", "Rows Removed by Filter": 5266, "Workers": []}]}]}]}]}]}]}]}, "Planning Time": 13.092, "Triggers": [], "Execution Time": 216.087}, {"Plan": {"Node Type": "Aggregate", "Strategy": "Plain", "Partial Mode": "Simple", "Parallel Aware": false, "Async Capable": false, "Startup Cost": 18872.72, "Total Cost": 18872.73, "Plan Rows": 1, "Plan Width": 8, "Actual Rows": 1, "Actual Loops": 1, "Plans": [{"Node Type": "Merge Join", "Parent Relationship": "Outer", "Parallel Aware": false, "Async Capable": false, "Join Type": "Inner", "Startup Cost": 3537.99, "Total Cost": 18872.27, "Plan Rows": 12.0, "Plan Width": 0, "Actual Rows": 754, "Actual Loops": 1, "Inner Unique": false, "Merge Cond": "(p.id = c.postid)", "Plans": [{"Node Type": "Merge Join", "Parent Relationship": "Outer", "Parallel Aware": false, "Async Capable": false, "Join Type": "Inner", "Startup Cost": 0.71, "Total Cost": 14345.38, "Plan Rows": 6.0, "Plan Width": 8, "Actual Rows": 49471, "Actual Loops": 1, "Inner Unique": false, "Merge Cond": "(p.id = ph.postid)", "Plans": [{"Node Type": "Index Scan", "Parent Relationship": "Outer", "Parallel Aware": false, "Async Capable": false, "Scan Direction": "Forward", "Index Name": "posts_pkey", "Relation Name": "posts", "Alias": "p", "Startup Cost": 0.29, "Total Cost": 3469.11, "Plan Rows": 86709, "Plan Width": 4, "Actual Rows": 67200, "Actual Loops": 1, "Filter": "(score <= 8)", "Rows Removed by Filter": 4965}, {"Node Type": "Index Scan", "Parent Relationship": "Inner", "Parallel Aware": false, "Async Capable": false, "Scan Direction": "Forward", "Index Name": "idx_posthistory_postid", "Relation Name": "posthistory", "Alias": "ph", "Startup Cost": 0.42, "Total Cost": 9831.47, "Plan Rows": 69426, "Plan Width": 4, "Actual Rows": 56028, "Actual Loops": 1, "Filter": "(posthistorytypeid = 5)", "Rows Removed by Filter": 183464}]}, {"Node Type": "Materialize", "Parent Relationship": "Inner", "Parallel Aware": false, "Async Capable": false, "Startup Cost": 3537.27, "Total Cost": 4357.18, "Plan Rows": 1399.0, "Plan Width": 12, "Actual Rows": 26363, "Actual Loops": 1, "Plans": [{"Node Type": "Nested Loop", "Parent Relationship": "Outer", "Parallel Aware": false, "Async Capable": false, "Join Type": "Inner", "Startup Cost": 3537.27, "Total Cost": 4355.54, "Plan Rows": 1399.0, "Plan Width": 12, "Actual Rows": 26043, "Actual Loops": 1, "Inner Unique": false, "Join Filter": "(c.postid = v.postid)", "Rows Removed by Join Filter": 0, "Plans": [{"Node Type": "Nested Loop", "Parent Relationship": "Outer", "Parallel Aware": false, "Async Capable": false, "Join Type": "Inner", "Startup Cost": 3536.85, "Total Cost": 4260.51, "Plan Rows": 58.0, "Plan Width": 8, "Actual Rows": 493, "Actual Loops": 1, "Inner Unique": false, "Plans": [{"Node Type": "Merge Join", "Parent Relationship": "Outer", "Parallel Aware": false, "Async Capable": false, "Join Type": "Inner", "Startup Cost": 3536.56, "Total Cost": 3829.15, "Plan Rows": 132.0, "Plan Width": 12, "Actual Rows": 187, "Actual Loops": 1, "Inner Unique": false, "Merge Cond": "(pl.relatedpostid = c.postid)", "Plans": [{"Node Type": "Index Only Scan", "Parent Relationship": "Outer", "Parallel Aware": false, "Async Capable": false, "Scan Direction": "Forward", "Index Name": "idx_postlinks_relatedpostid", "Relation Name": "postlinks", "Alias": "pl", "Startup Cost": 0.29, "Total Cost": 262.81, "Plan Rows": 11102, "Plan Width": 4, "Actual Rows": 11100, "Actual Loops": 1, "Heap Fetches": 0}, {"Node Type": "Sort", "Parent Relationship": "Inner", "Parallel Aware": false, "Async Capable": false, "Startup Cost": 3536.27, "Total Cost": 3537.08, "Plan Rows": 323, "Plan Width": 8, "Actual Rows": 446, "Actual Loops": 1, "Sort Key": ["c.postid"], "Sort Method": "quicksort", "Sort Space Used": 35, "Sort Space Type": "Memory", "Plans": [{"Node Type": "Seq Scan", "Parent Relationship": "Outer", "Parallel Aware": false, "Async Capable": false, "Relation Name": "comments", "Alias": "c", "Startup Cost": 0.0, "Total Cost": 3522.81, "Plan Rows": 323, "Plan Width": 8, "Actual Rows": 325, "Actual Loops": 1, "Filter": "(score = 6)", "Rows Removed by Filter": 173980}]}]}, {"Node Type": "Index Scan", "Parent Relationship": "Inner", "Parallel Aware": false, "Async Capable": false, "Scan Direction": "Forward", "Index Name": "idx_badges_userid", "Relation Name": "badges", "Alias": "b", "Startup Cost": 0.29, "Total Cost": 6.24, "Plan Rows": 1, "Plan Width": 4, "Actual Rows": 3, "Actual Loops": 187, "Index Cond": "(userid = c.userid)", "Rows Removed by Index Recheck": 0, "Filter": "(date <= '2010-08-27 09:17:43'::timestamp without time zone)", "Rows Removed by Filter": 126}]}, {"Node Type": "Index Only Scan", "Parent Relationship": "Inner", "Parallel Aware": false, "Async Capable": false, "Scan Direction": "Forward", "Index Name": "idx_votes_postid", "Relation Name": "votes", "Alias": "v", "Startup Cost": 0.42, "Total Cost": 0.7, "Plan Rows": 5, "Plan Width": 4, "Actual Rows": 53, "Actual Loops": 493, "Index Cond": "(postid = pl.relatedpostid)", "Rows Removed by Index Recheck": 0, "Heap Fetches": 0}]}]}]}]}, "Planning Time": 7.125, "Triggers": [], "Execution Time": 200.468}, {"Plan": {"Node Type": "Aggregate", "Strategy": "Plain", "Partial Mode": "Finalize", "Parallel Aware": false, "Async Capable": false, "Startup Cost": 15832.43, "Total Cost": 15832.44, "Plan Rows": 1, "Plan Width": 8, "Actual Rows": 1, "Actual Loops": 1, "Plans": [{"Node Type": "Gather", "Parent Relationship": "Outer", "Parallel Aware": false, "Async Capable": false, "Startup Cost": 15832.32, "Total Cost": 15832.43, "Plan Rows": 1, "Plan Width": 8, "Actual Rows": 2, "Actual Loops": 1, "Workers Planned": 1, "Workers Launched": 1, "Single Copy": false, "Plans": [{"Node Type": "Aggregate", "Strategy": "Plain", "Partial Mode": "Partial", "Parent Relationship": "Outer", "Parallel Aware": false, "Async Capable": false, "Startup Cost": 14832.32, "Total Cost": 14832.33, "Plan Rows": 1, "Plan Width": 8, "Actual Rows": 1, "Actual Loops": 2, "Workers": [], "Plans": [{"Node Type": "Hash Join", "Parent Relationship": "Outer", "Parallel Aware": true, "Async Capable": false, "Join Type": "Inner", "Startup Cost": 11016.97, "Total Cost": 14832.05, "Plan Rows": 12.0, "Plan Width": 0, "Actual Rows": 377, "Actual Loops": 2, "Inner Unique": false, "Hash Cond": "(c.postid = p.id)", "Workers": [], "Plans": [{"Node Type": "Nested Loop", "Parent Relationship": "Outer", "Parallel Aware": false, "Async Capable": false, "Join Type": "Inner", "Startup Cost": 0.29, "Total Cost": 3813.46, "Plan Rows": 43.0, "Plan Width": 4, "Actual Rows": 459, "Actual Loops": 2, "Inner Unique": false, "Workers": [], "Plans": [{"Node Type": "Seq Scan", "Parent Relationship": "Outer", "Parallel Aware": true, "Async Capable": false, "Relation Name": "comments", "Alias": "c", "Startup Cost": 0.0, "Total Cost": 2625.65, "Plan Rows": 190, "Plan Width": 8, "Actual Rows": 162, "Actual Loops": 2, "Filter": "(score = 6)", "Rows Removed by Filter": 86990, "Workers": []}, {"Node Type": "Index Scan", "Parent Relationship": "Inner", "Parallel Aware": false, "Async Capable": false, "Scan Direction": "Forward", "Index Name": "idx_badges_userid", "Relation Name": "badges", "Alias": "b", "Startup Cost": 0.29, "Total Cost": 6.24, "Plan Rows": 1, "Plan Width": 4, "Actual Rows": 3, "Actual Loops": 325, "Index Cond": "(userid = c.userid)", "Rows Removed by Index Recheck": 0, "Filter": "(date <= '2010-08-27 09:17:43'::timestamp without time zone)", "Rows Removed by Filter": 152, "Workers": []}]}, {"Node Type": "Hash", "Parent Relationship": "Inner", "Parallel Aware": true, "Async Capable": false, "Startup Cost": 10809.49, "Total Cost": 10809.49, "Plan Rows": 230.0, "Plan Width": 16, "Actual Rows": 21220, "Actual Loops": 2, "Hash Buckets": 65536, "Original Hash Buckets": 32768, "Hash Batches": 1, "Original Hash Batches": 1, "Peak Memory Usage": 2784, "Workers": [], "Plans": [{"Node Type": "Nested Loop", "Parent Relationship": "Outer", "Parallel Aware": false, "Async Capable": false, "Join Type": "Inner", "Startup Cost": 3426.97, "Total Cost": 10809.49, "Plan Rows": 230.0, "Plan Width": 16, "Actual Rows": 21220, "Actual Loops": 2, "Inner Unique": false, "Workers": [], "Plans": [{"Node Type": "Hash Join", "Parent Relationship": "Outer", "Parallel Aware": false, "Async Capable": false, "Join Type": "Inner", "Startup Cost": 3426.55, "Total Cost": 8095.48, "Plan Rows": 19.0, "Plan Width": 12, "Actual Rows": 3698, "Actual Loops": 2, "Inner Unique": false, "Hash Cond": "(ph.postid = p.id)", "Workers": [], "Plans": [{"Node Type": "Seq Scan", "Parent Relationship": "Outer", "Parallel Aware": true, "Async Capable": false, "Relation Name": "posthistory", "Alias": "ph", "Startup Cost": 0.0, "Total Cost": 4469.32, "Plan Rows": 40839, "Plan Width": 4, "Actual Rows": 34714, "Actual Loops": 2, "Filter": "(posthistorytypeid = 5)", "Rows Removed by Filter": 116880, "Workers": []}, {"Node Type": "Hash", "Parent Relationship": "Inner", "Parallel Aware": false, "Async Capable": false, "Startup Cost": 3295.73, "Total Cost": 3295.73, "Plan Rows": 125.0, "Plan Width": 8, "Actual Rows": 5955, "Actual Loops": 2, "Hash Buckets": 16384, "Original Hash Buckets": 16384, "Hash Batches": 1, "Original Hash Batches": 1, "Peak Memory Usage": 361, "Workers": [], "Plans": [{"Node Type": "Hash Join", "Parent Relationship": "Outer", "Parallel Aware": false, "Async Capable": false, "Join Type": "Inner", "Startup Cost": 3073.56, "Total Cost": 3295.73, "Plan Rows": 125.0, "Plan Width": 8, "Actual Rows": 5955, "Actual Loops": 2, "Inner Unique": true, "Hash Cond": "(pl.relatedpostid = p.id)", "Workers": [], "Plans": [{"Node Type": "Seq Scan", "Parent Relationship": "Outer", "Parallel Aware": false, "Async Capable": false, "Relation Name": "postlinks", "Alias": "pl", "Startup Cost": 0.0, "Total Cost": 193.02, "Plan Rows": 11102, "Plan Width": 4, "Actual Rows": 11102, "Actual Loops": 2, "Workers": []}, {"Node Type": "Hash", "Parent Relationship": "Inner", "Parallel Aware": false, "Async Capable": false, "Startup Cost": 1989.7, "Total Cost": 1989.7, "Plan Rows": 86709, "Plan Width": 4, "Actual Rows": 86710, "Actual Loops": 2, "Hash Buckets": 131072, "Original Hash Buckets": 131072, "Hash Batches": 1, "Original Hash Batches": 1, "Peak Memory Usage": 4073, "Workers": [], "Plans": [{"Node Type": "Seq Scan", "Parent Relationship": "Outer", "Parallel Aware": false, "Async Capable": false, "Relation Name": "posts", "Alias": "p", "Startup Cost": 0.0, "Total Cost": 1989.7, "Plan Rows": 86709, "Plan Width": 4, "Actual Rows": 86710, "Actual Loops": 2, "Filter": "(score <= 8)", "Rows Removed by Filter": 5266, "Workers": []}]}]}]}]}, {"Node Type": "Index Only Scan", "Parent Relationship": "Inner", "Parallel Aware": false, "Async Capable": false, "Scan Direction": "Forward", "Index Name": "idx_votes_postid", "Relation Name": "votes", "Alias": "v", "Startup Cost": 0.42, "Total Cost": 0.53, "Plan Rows": 5, "Plan Width": 4, "Actual Rows": 6, "Actual Loops": 7396, "Index Cond": "(postid = p.id)", "Rows Removed by Index Recheck": 0, "Heap Fetches": 0, "Workers": []}]}]}]}]}]}]}, "Planning Time": 14.159, "Triggers": [], "Execution Time": 166.568}, {"Plan": {"Node Type": "Aggregate", "Strategy": "Plain", "Partial Mode": "Simple", "Parallel Aware": false, "Async Capable": false, "Startup Cost": 14160.22, "Total Cost": 14160.23, "Plan Rows": 1, "Plan Width": 8, "Actual Rows": 1, "Actual Loops": 1, "Plans": [{"Node Type": "Hash Join", "Parent Relationship": "Outer", "Parallel Aware": false, "Async Capable": false, "Join Type": "Inner", "Startup Cost": 13206.75, "Total Cost": 14159.77, "Plan Rows": 12.0, "Plan Width": 0, "Actual Rows": 754, "Actual Loops": 1, "Inner Unique": false, "Hash Cond": "(pl.relatedpostid = p.id)", "Plans": [{"Node Type": "Hash Join", "Parent Relationship": "Outer", "Parallel Aware": false, "Async Capable": false, "Join Type": "Inner", "Startup Cost": 6897.66, "Total Cost": 7808.27, "Plan Rows": 105.0, "Plan Width": 8, "Actual Rows": 13872, "Actual Loops": 1, "Inner Unique": false, "Hash Cond": "(pl.relatedpostid = ph.postid)", "Plans": [{"Node Type": "Seq Scan", "Parent Relationship": "Outer", "Parallel Aware": false, "Async Capable": false, "Relation Name": "postlinks", "Alias": "pl", "Startup Cost": 0.0, "Total Cost": 193.02, "Plan Rows": 11102, "Plan Width": 4, "Actual Rows": 11102, "Actual Loops": 1}, {"Node Type": "Hash", "Parent Relationship": "Inner", "Parallel Aware": false, "Async Capable": false, "Startup Cost": 6029.84, "Total Cost": 6029.84, "Plan Rows": 69426, "Plan Width": 4, "Actual Rows": 69427, "Actual Loops": 1, "Hash Buckets": 131072, "Original Hash Buckets": 131072, "Hash Batches": 1, "Original Hash Batches": 1, "Peak Memory Usage": 3465, "Plans": [{"Node Type": "Seq Scan", "Parent Relationship": "Outer", "Parallel Aware": false, "Async Capable": false, "Relation Name": "posthistory", "Alias": "ph", "Startup Cost": 0.0, "Total Cost": 6029.84, "Plan Rows": 69426, "Plan Width": 4, "Actual Rows": 69427, "Actual Loops": 1, "Filter": "(posthistorytypeid = 5)", "Rows Removed by Filter": 233760}]}]}, {"Node Type": "Hash", "Parent Relationship": "Inner", "Parallel Aware": false, "Async Capable": false, "Startup Cost": 6284.5, "Total Cost": 6284.5, "Plan Rows": 77.0, "Plan Width": 12, "Actual Rows": 2289, "Actual Loops": 1, "Hash Buckets": 4096, "Original Hash Buckets": 2048, "Hash Batches": 1, "Original Hash Batches": 1, "Peak Memory Usage": 131, "Plans": [{"Node Type": "Nested Loop", "Parent Relationship": "Outer", "Parallel Aware": false, "Async Capable": false, "Join Type": "Inner", "Startup Cost": 1001.01, "Total Cost": 6284.5, "Plan Rows": 77.0, "Plan Width": 12, "Actual Rows": 2289, "Actual Loops": 1, "Inner Unique": false, "Plans": [{"Node Type": "Gather", "Parent Relationship": "Outer", "Parallel Aware": false, "Async Capable": false, "Startup Cost": 1000.59, "Total Cost": 5962.7, "Plan Rows": 4.0, "Plan Width": 8, "Actual Rows": 512, "Actual Loops": 1, "Workers Planned": 1, "Workers Launched": 1, "Single Copy": false, "Plans": [{"Node Type": "Nested Loop", "Parent Relationship": "Outer", "Parallel Aware": false, "Async Capable": false, "Join Type": "Inner", "Startup Cost": 0.58, "Total Cost": 4907.6, "Plan Rows": 4.0, "Plan Width": 8, "Actual Rows": 256, "Actual Loops": 2, "Inner Unique": false, "Workers": [], "Plans": [{"Node Type": "Nested Loop", "Parent Relationship": "Outer", "Parallel Aware": false, "Async Capable": false, "Join Type": "Inner", "Startup Cost": 0.29, "Total Cost": 3788.56, "Plan Rows": 6.0, "Plan Width": 12, "Actual Rows": 100, "Actual Loops": 2, "Inner Unique": true, "Workers": [], "Plans": [{"Node Type": "Seq Scan", "Parent Relationship": "Outer", "Parallel Aware": true, "Async Capable": false, "Relation Name": "comments", "Alias": "c", "Startup Cost": 0.0, "Total Cost": 2625.65, "Plan Rows": 190, "Plan Width": 8, "Actual Rows": 162, "Actual Loops": 2, "Filter": "(score = 6)", "Rows Removed by Filter": 86990, "Workers": []}, {"Node Type": "Index Scan", "Parent Relationship": "Inner", "Parallel Aware": false, "Async Capable": false, "Scan Direction": "Forward", "Index Name": "posts_pkey", "Relation Name": "posts", "Alias": "p", "Startup Cost": 0.29, "Total Cost": 6.12, "Plan Rows": 1, "Plan Width": 4, "Actual Rows": 1, "Actual Loops": 325, "Index Cond": "(id = c.postid)", "Rows Removed by Index Recheck": 0, "Filter": "(score <= 8)", "Rows Removed by Filter": 0, "Workers": []}]}, {"Node Type": "Index Scan", "Parent Relationship": "Inner", "Parallel Aware": false, "Async Capable": false, "Scan Direction": "Forward", "Index Name": "idx_badges_userid", "Relation Name": "badges", "Alias": "b", "Startup Cost": 0.29, "Total Cost": 6.24, "Plan Rows": 1, "Plan Width": 4, "Actual Rows": 3, "Actual Loops": 199, "Index Cond": "(userid = c.userid)", "Rows Removed by Index Recheck": 0, "Filter": "(date <= '2010-08-27 09:17:43'::timestamp without time zone)", "Rows Removed by Filter": 165, "Workers": []}]}]}, {"Node Type": "Index Only Scan", "Parent Relationship": "Inner", "Parallel Aware": false, "Async Capable": false, "Scan Direction": "Forward", "Index Name": "idx_votes_postid", "Relation Name": "votes", "Alias": "v", "Startup Cost": 0.42, "Total Cost": 0.53, "Plan Rows": 5, "Plan Width": 4, "Actual Rows": 4, "Actual Loops": 512, "Index Cond": "(postid = p.id)", "Rows Removed by Index Recheck": 0, "Heap Fetches": 0}]}]}]}]}, "Planning Time": 7.091, "Triggers": [], "Execution Time": 154.702}, {"Plan": {"Node Type": "Aggregate", "Strategy": "Plain", "Partial Mode": "Finalize", "Parallel Aware": false, "Async Capable": false, "Startup Cost": 14179.87, "Total Cost": 14179.88, "Plan Rows": 1, "Plan Width": 8, "Actual Rows": 1, "Actual Loops": 1, "Plans": [{"Node Type": "Gather", "Parent Relationship": "Outer", "Parallel Aware": false, "Async Capable": false, "Startup Cost": 14179.76, "Total Cost": 14179.87, "Plan Rows": 1, "Plan Width": 8, "Actual Rows": 2, "Actual Loops": 1, "Workers Planned": 1, "Workers Launched": 1, "Single Copy": false, "Plans": [{"Node Type": "Aggregate", "Strategy": "Plain", "Partial Mode": "Partial", "Parent Relationship": "Outer", "Parallel Aware": false, "Async Capable": false, "Startup Cost": 13179.76, "Total Cost": 13179.77, "Plan Rows": 1, "Plan Width": 8, "Actual Rows": 1, "Actual Loops": 2, "Workers": [], "Plans": [{"Node Type": "Hash Join", "Parent Relationship": "Outer", "Parallel Aware": true, "Async Capable": false, "Join Type": "Inner", "Startup Cost": 8154.3, "Total Cost": 13179.49, "Plan Rows": 12.0, "Plan Width": 0, "Actual Rows": 377, "Actual Loops": 2, "Inner Unique": false, "Hash Cond": "(c.postid = p.id)", "Workers": [], "Plans": [{"Node Type": "Nested Loop", "Parent Relationship": "Outer", "Parallel Aware": false, "Async Capable": false, "Join Type": "Inner", "Startup Cost": 0.72, "Total Cost": 5018.23, "Plan Rows": 948.0, "Plan Width": 8, "Actual Rows": 8458, "Actual Loops": 2, "Inner Unique": false, "Workers": [], "Plans": [{"Node Type": "Nested Loop", "Parent Relationship": "Outer", "Parallel Aware": false, "Async Capable": false, "Join Type": "Inner", "Startup Cost": 0.29, "Total Cost": 3813.46, "Plan Rows": 43.0, "Plan Width": 4, "Actual Rows": 459, "Actual Loops": 2, "Inner Unique": false, "Workers": [], "Plans": [{"Node Type": "Seq Scan", "Parent Relationship": "Outer", "Parallel Aware": true, "Async Capable": false, "Relation Name": "comments", "Alias": "c", "Startup Cost": 0.0, "Total Cost": 2625.65, "Plan Rows": 190, "Plan Width": 8, "Actual Rows": 162, "Actual Loops": 2, "Filter": "(score = 6)", "Rows Removed by Filter": 86990, "Workers": []}, {"Node Type": "Index Scan", "Parent Relationship": "Inner", "Parallel Aware": false, "Async Capable": false, "Scan Direction": "Forward", "Index Name": "idx_badges_userid", "Relation Name": "badges", "Alias": "b", "Startup Cost": 0.29, "Total Cost": 6.24, "Plan Rows": 1, "Plan Width": 4, "Actual Rows": 3, "Actual Loops": 325, "Index Cond": "(userid = c.userid)", "Rows Removed by Index Recheck": 0, "Filter": "(date <= '2010-08-27 09:17:43'::timestamp without time zone)", "Rows Removed by Filter": 152, "Workers": []}]}, {"Node Type": "Memoize", "Parent Relationship": "Inner", "Parallel Aware": false, "Async Capable": false, "Startup Cost": 0.43, "Total Cost": 3.67, "Plan Rows": 5, "Plan Width": 4, "Actual Rows": 18, "Actual Loops": 918, "Cache Key": "c.postid", "Cache Mode": "logical", "Cache Hits": 479, "Cache Misses": 72, "Cache Evictions": 0, "Cache Overflows": 0, "Peak Memory Usage": 51, "Workers": [{"Worker Number": 0, "Cache Hits": 310, "Cache Misses": 57, "Cache Evictions": 0, "Cache Overflows": 0, "Peak Memory Usage": 31}], "Plans": [{"Node Type": "Index Only Scan", "Parent Relationship": "Outer", "Parallel Aware": false, "Async Capable": false, "Scan Direction": "Forward", "Index Name": "idx_votes_postid", "Relation Name": "votes", "Alias": "v", "Startup Cost": 0.42, "Total Cost": 3.66, "Plan Rows": 5, "Plan Width": 4, "Actual Rows": 16, "Actual Loops": 129, "Index Cond": "(postid = c.postid)", "Rows Removed by Index Recheck": 0, "Heap Fetches": 0, "Workers": []}]}]}, {"Node Type": "Hash", "Parent Relationship": "Inner", "Parallel Aware": true, "Async Capable": false, "Startup Cost": 8095.48, "Total Cost": 8095.48, "Plan Rows": 19.0, "Plan Width": 12, "Actual Rows": 3698, "Actual Loops": 2, "Hash Buckets": 8192, "Original Hash Buckets": 8192, "Hash Batches": 1, "Original Hash Batches": 1, "Peak Memory Usage": 448, "Workers": [], "Plans": [{"Node Type": "Hash Join", "Parent Relationship": "Outer", "Parallel Aware": false, "Async Capable": false, "Join Type": "Inner", "Startup Cost": 3426.55, "Total Cost": 8095.48, "Plan Rows": 19.0, "Plan Width": 12, "Actual Rows": 3698, "Actual Loops": 2, "Inner Unique": false, "Hash Cond": "(ph.postid = p.id)", "Workers": [], "Plans": [{"Node Type": "Seq Scan", "Parent Relationship": "Outer", "Parallel Aware": true, "Async Capable": false, "Relation Name": "posthistory", "Alias": "ph", "Startup Cost": 0.0, "Total Cost": 4469.32, "Plan Rows": 40839, "Plan Width": 4, "Actual Rows": 34714, "Actual Loops": 2, "Filter": "(posthistorytypeid = 5)", "Rows Removed by Filter": 116880, "Workers": []}, {"Node Type": "Hash", "Parent Relationship": "Inner", "Parallel Aware": false, "Async Capable": false, "Startup Cost": 3295.73, "Total Cost": 3295.73, "Plan Rows": 125.0, "Plan Width": 8, "Actual Rows": 5955, "Actual Loops": 2, "Hash Buckets": 16384, "Original Hash Buckets": 16384, "Hash Batches": 1, "Original Hash Batches": 1, "Peak Memory Usage": 361, "Workers": [], "Plans": [{"Node Type": "Hash Join", "Parent Relationship": "Outer", "Parallel Aware": false, "Async Capable": false, "Join Type": "Inner", "Startup Cost": 3073.56, "Total Cost": 3295.73, "Plan Rows": 125.0, "Plan Width": 8, "Actual Rows": 5955, "Actual Loops": 2, "Inner Unique": true, "Hash Cond": "(pl.relatedpostid = p.id)", "Workers": [], "Plans": [{"Node Type": "Seq Scan", "Parent Relationship": "Outer", "Parallel Aware": false, "Async Capable": false, "Relation Name": "postlinks", "Alias": "pl", "Startup Cost": 0.0, "Total Cost": 193.02, "Plan Rows": 11102, "Plan Width": 4, "Actual Rows": 11102, "Actual Loops": 2, "Workers": []}, {"Node Type": "Hash", "Parent Relationship": "Inner", "Parallel Aware": false, "Async Capable": false, "Startup Cost": 1989.7, "Total Cost": 1989.7, "Plan Rows": 86709, "Plan Width": 4, "Actual Rows": 86710, "Actual Loops": 2, "Hash Buckets": 131072, "Original Hash Buckets": 131072, "Hash Batches": 1, "Original Hash Batches": 1, "Peak Memory Usage": 4073, "Workers": [], "Plans": [{"Node Type": "Seq Scan", "Parent Relationship": "Outer", "Parallel Aware": false, "Async Capable": false, "Relation Name": "posts", "Alias": "p", "Startup Cost": 0.0, "Total Cost": 1989.7, "Plan Rows": 86709, "Plan Width": 4, "Actual Rows": 86710, "Actual Loops": 2, "Filter": "(score <= 8)", "Rows Removed by Filter": 5266, "Workers": []}]}]}]}]}]}]}]}]}]}, "Planning Time": 13.572, "Triggers": [], "Execution Time": 147.991}, {"Plan": {"Node Type": "Aggregate", "Strategy": "Plain", "Partial Mode": "Finalize", "Parallel Aware": false, "Async Capable": false, "Startup Cost": 14410.22, "Total Cost": 14410.23, "Plan Rows": 1, "Plan Width": 8, "Actual Rows": 1, "Actual Loops": 1, "Plans": [{"Node Type": "Gather", "Parent Relationship": "Outer", "Parallel Aware": false, "Async Capable": false, "Startup Cost": 14410.11, "Total Cost": 14410.22, "Plan Rows": 1, "Plan Width": 8, "Actual Rows": 2, "Actual Loops": 1, "Workers Planned": 1, "Workers Launched": 1, "Single Copy": false, "Plans": [{"Node Type": "Aggregate", "Strategy": "Plain", "Partial Mode": "Partial", "Parent Relationship": "Outer", "Parallel Aware": false, "Async Capable": false, "Startup Cost": 13410.11, "Total Cost": 13410.12, "Plan Rows": 1, "Plan Width": 8, "Actual Rows": 1, "Actual Loops": 2, "Workers": [], "Plans": [{"Node Type": "Hash Join", "Parent Relationship": "Outer", "Parallel Aware": false, "Async Capable": false, "Join Type": "Inner", "Startup Cost": 8291.26, "Total Cost": 13409.84, "Plan Rows": 12.0, "Plan Width": 0, "Actual Rows": 377, "Actual Loops": 2, "Inner Unique": false, "Hash Cond": "(c.postid = p.id)", "Workers": [], "Plans": [{"Node Type": "Nested Loop", "Parent Relationship": "Outer", "Parallel Aware": false, "Async Capable": false, "Join Type": "Inner", "Startup Cost": 0.71, "Total Cost": 5116.94, "Plan Rows": 5.0, "Plan Width": 8, "Actual Rows": 430, "Actual Loops": 2, "Inner Unique": false, "Workers": [], "Plans": [{"Node Type": "Nested Loop", "Parent Relationship": "Outer", "Parallel Aware": false, "Async Capable": false, "Join Type": "Inner", "Startup Cost": 0.42, "Total Cost": 4072.92, "Plan Rows": 9.0, "Plan Width": 12, "Actual Rows": 167, "Actual Loops": 2, "Inner Unique": false, "Workers": [], "Plans": [{"Node Type": "Seq Scan", "Parent Relationship": "Outer", "Parallel Aware": true, "Async Capable": false, "Relation Name": "comments", "Alias": "c", "Startup Cost": 0.0, "Total Cost": 2625.65, "Plan Rows": 190, "Plan Width": 8, "Actual Rows": 162, "Actual Loops": 2, "Filter": "(score = 6)", "Rows Removed by Filter": 86990, "Workers": []}, {"Node Type": "Index Scan", "Parent Relationship": "Inner", "Parallel Aware": false, "Async Capable": false, "Scan Direction": "Forward", "Index Name": "idx_posthistory_postid", "Relation Name": "posthistory", "Alias": "ph", "Startup Cost": 0.42, "Total Cost": 7.61, "Plan Rows": 1, "Plan Width": 4, "Actual Rows": 1, "Actual Loops": 325, "Index Cond": "(postid = c.postid)", "Rows Removed by Index Recheck": 0, "Filter": "(posthistorytypeid = 5)", "Rows Removed by Filter": 4, "Workers": []}]}, {"Node Type": "Index Scan", "Parent Relationship": "Inner", "Parallel Aware": false, "Async Capable": false, "Scan Direction": "Forward", "Index Name": "idx_badges_userid", "Relation Name": "badges", "Alias": "b", "Startup Cost": 0.29, "Total Cost": 6.24, "Plan Rows": 1, "Plan Width": 4, "Actual Rows": 3, "Actual Loops": 334, "Index Cond": "(userid = c.userid)", "Rows Removed by Index Recheck": 0, "Filter": "(date <= '2010-08-27 09:17:43'::timestamp without time zone)", "Rows Removed by Filter": 145, "Workers": []}]}, {"Node Type": "Hash", "Parent Relationship": "Inner", "Parallel Aware": false, "Async Capable": false, "Startup Cost": 7823.9, "Total Cost": 7823.9, "Plan Rows": 2359.0, "Plan Width": 12, "Actual Rows": 32623, "Actual Loops": 2, "Hash Buckets": 65536, "Original Hash Buckets": 65536, "Hash Batches": 1, "Original Hash Batches": 1, "Peak Memory Usage": 1914, "Workers": [], "Plans": [{"Node Type": "Nested Loop", "Parent Relationship": "Outer", "Parallel Aware": false, "Async Capable": false, "Join Type": "Inner", "Startup Cost": 3073.99, "Total Cost": 7823.9, "Plan Rows": 2359.0, "Plan Width": 12, "Actual Rows": 32623, "Actual Loops": 2, "Inner Unique": false, "Join Filter": "(p.id = v.postid)", "Rows Removed by Join Filter": 0, "Workers": [], "Plans": [{"Node Type": "Hash Join", "Parent Relationship": "Outer", "Parallel Aware": false, "Async Capable": false, "Join Type": "Inner", "Startup Cost": 3073.56, "Total Cost": 3295.73, "Plan Rows": 125.0, "Plan Width": 8, "Actual Rows": 5955, "Actual Loops": 2, "Inner Unique": true, "Hash Cond": "(pl.relatedpostid = p.id)", "Workers": [], "Plans": [{"Node Type": "Seq Scan", "Parent Relationship": "Outer", "Parallel Aware": false, "Async Capable": false, "Relation Name": "postlinks", "Alias": "pl", "Startup Cost": 0.0, "Total Cost": 193.02, "Plan Rows": 11102, "Plan Width": 4, "Actual Rows": 11102, "Actual Loops": 2, "Workers": []}, {"Node Type": "Hash", "Parent Relationship": "Inner", "Parallel Aware": false, "Async Capable": false, "Startup Cost": 1989.7, "Total Cost": 1989.7, "Plan Rows": 86709, "Plan Width": 4, "Actual Rows": 86710, "Actual Loops": 2, "Hash Buckets": 131072, "Original Hash Buckets": 131072, "Hash Batches": 1, "Original Hash Batches": 1, "Peak Memory Usage": 4073, "Workers": [], "Plans": [{"Node Type": "Seq Scan", "Parent Relationship": "Outer", "Parallel Aware": false, "Async Capable": false, "Relation Name": "posts", "Alias": "p", "Startup Cost": 0.0, "Total Cost": 1989.7, "Plan Rows": 86709, "Plan Width": 4, "Actual Rows": 86710, "Actual Loops": 2, "Filter": "(score <= 8)", "Rows Removed by Filter": 5266, "Workers": []}]}]}, {"Node Type": "Memoize", "Parent Relationship": "Inner", "Parallel Aware": false, "Async Capable": false, "Startup Cost": 0.43, "Total Cost": 0.71, "Plan Rows": 5, "Plan Width": 4, "Actual Rows": 5, "Actual Loops": 11910, "Cache Key": "pl.relatedpostid", "Cache Mode": "logical", "Cache Hits": 1982, "Cache Misses": 3973, "Cache Evictions": 0, "Cache Overflows": 0, "Peak Memory Usage": 927, "Workers": [{"Worker Number": 0, "Cache Hits": 1982, "Cache Misses": 3973, "Cache Evictions": 0, "Cache Overflows": 0, "Peak Memory Usage": 927}], "Plans": [{"Node Type": "Index Only Scan", "Parent Relationship": "Outer", "Parallel Aware": false, "Async Capable": false, "Scan Direction": "Forward", "Index Name": "idx_votes_postid", "Relation Name": "votes", "Alias": "v", "Startup Cost": 0.42, "Total Cost": 0.7, "Plan Rows": 5, "Plan Width": 4, "Actual Rows": 5, "Actual Loops": 7946, "Index Cond": "(postid = pl.relatedpostid)", "Rows Removed by Index Recheck": 0, "Heap Fetches": 0, "Workers": []}]}]}]}]}]}]}]}, "Planning Time": 14.742, "Triggers": [], "Execution Time": 133.176}, {"Plan": {"Node Type": "Aggregate", "Strategy": "Plain", "Partial Mode": "Simple", "Parallel Aware": false, "Async Capable": false, "Startup Cost": 20041.58, "Total Cost": 20041.59, "Plan Rows": 1, "Plan Width": 8, "Actual Rows": 1, "Actual Loops": 1, "Plans": [{"Node Type": "Merge Join", "Parent Relationship": "Outer", "Parallel Aware": false, "Async Capable": false, "Join Type": "Inner", "Startup Cost": 4900.13, "Total Cost": 20041.13, "Plan Rows": 12.0, "Plan Width": 0, "Actual Rows": 754, "Actual Loops": 1, "Inner Unique": false, "Merge Cond": "(p.id = c.postid)", "Plans": [{"Node Type": "Nested Loop", "Parent Relationship": "Outer", "Parallel Aware": false, "Async Capable": false, "Join Type": "Inner", "Startup Cost": 1.43, "Total Cost": 15067.82, "Plan Rows": 230.0, "Plan Width": 16, "Actual Rows": 42440, "Actual Loops": 1, "Inner Unique": false, "Join Filter": "(p.id = v.postid)", "Rows Removed by Join Filter": 0, "Plans": [{"Node Type": "Nested Loop", "Parent Relationship": "Outer", "Parallel Aware": false, "Async Capable": false, "Join Type": "Inner", "Startup Cost": 1.0, "Total Cost": 10764.28, "Plan Rows": 19.0, "Plan Width": 12, "Actual Rows": 7395, "Actual Loops": 1, "Inner Unique": false, "Plans": [{"Node Type": "Merge Join", "Parent Relationship": "Outer", "Parallel Aware": false, "Async Capable": false, "Join Type": "Inner", "Startup Cost": 0.58, "Total Cost": 4073.2, "Plan Rows": 125.0, "Plan Width": 8, "Actual Rows": 5954, "Actual Loops": 1, "Inner Unique": false, "Merge Cond": "(p.id = pl.relatedpostid)", "Plans": [{"Node Type": "Index Scan", "Parent Relationship": "Outer", "Parallel Aware": false, "Async Capable": false, "Scan Direction": "Forward", "Index Name": "posts_pkey", "Relation Name": "posts", "Alias": "p", "Startup Cost": 0.29, "Total Cost": 3469.11, "Plan Rows": 86709, "Plan Width": 4, "Actual Rows": 86513, "Actual Loops": 1, "Filter": "(score <= 8)", "Rows Removed by Filter": 5266}, {"Node Type": "Index Only Scan", "Parent Relationship": "Inner", "Parallel Aware": false, "Async Capable": false, "Scan Direction": "Forward", "Index Name": "idx_postlinks_relatedpostid", "Relation Name": "postlinks", "Alias": "pl", "Startup Cost": 0.29, "Total Cost": 262.81, "Plan Rows": 11102, "Plan Width": 4, "Actual Rows": 11101, "Actual Loops": 1, "Heap Fetches": 0}]}, {"Node Type": "Index Scan", "Parent Relationship": "Inner", "Parallel Aware": false, "Async Capable": false, "Scan Direction": "Forward", "Index Name": "idx_posthistory_postid", "Relation Name": "posthistory", "Alias": "ph", "Startup Cost": 0.42, "Total Cost": 0.63, "Plan Rows": 1, "Plan Width": 4, "Actual Rows": 1, "Actual Loops": 5954, "Index Cond": "(postid = p.id)", "Rows Removed by Index Recheck": 0, "Filter": "(posthistorytypeid = 5)", "Rows Removed by Filter": 5}]}, {"Node Type": "Memoize", "Parent Relationship": "Inner", "Parallel Aware": false, "Async Capable": false, "Startup Cost": 0.43, "Total Cost": 0.71, "Plan Rows": 5, "Plan Width": 4, "Actual Rows": 6, "Actual Loops": 7395, "Cache Key": "pl.relatedpostid", "Cache Mode": "logical", "Cache Hits": 4869, "Cache Misses": 2526, "Cache Evictions": 0, "Cache Overflows": 0, "Peak Memory Usage": 605, "Plans": [{"Node Type": "Index Only Scan", "Parent Relationship": "Outer", "Parallel Aware": false, "Async Capable": false, "Scan Direction": "Forward", "Index Name": "idx_votes_postid", "Relation Name": "votes", "Alias": "v", "Startup Cost": 0.42, "Total Cost": 0.7, "Plan Rows": 5, "Plan Width": 4, "Actual Rows": 5, "Actual Loops": 2526, "Index Cond": "(postid = pl.relatedpostid)", "Rows Removed by Index Recheck": 0, "Heap Fetches": 0}]}]}, {"Node Type": "Sort", "Parent Relationship": "Inner", "Parallel Aware": false, "Async Capable": false, "Startup Cost": 4898.7, "Total Cost": 4900.16, "Plan Rows": 43.0, "Plan Width": 4, "Actual Rows": 1646, "Actual Loops": 1, "Sort Key": ["c.postid"], "Sort Method": "quicksort", "Sort Space Used": 25, "Sort Space Type": "Memory", "Plans": [{"Node Type": "Gather", "Parent Relationship": "Outer", "Parallel Aware": false, "Async Capable": false, "Startup Cost": 1000.29, "Total Cost": 4871.86, "Plan Rows": 43.0, "Plan Width": 4, "Actual Rows": 918, "Actual Loops": 1, "Workers Planned": 1, "Workers Launched": 1, "Single Copy": false, "Plans": [{"Node Type": "Nested Loop", "Parent Relationship": "Outer", "Parallel Aware": false, "Async Capable": false, "Join Type": "Inner", "Startup Cost": 0.29, "Total Cost": 3813.46, "Plan Rows": 43.0, "Plan Width": 4, "Actual Rows": 459, "Actual Loops": 2, "Inner Unique": false, "Workers": [], "Plans": [{"Node Type": "Seq Scan", "Parent Relationship": "Outer", "Parallel Aware": true, "Async Capable": false, "Relation Name": "comments", "Alias": "c", "Startup Cost": 0.0, "Total Cost": 2625.65, "Plan Rows": 190, "Plan Width": 8, "Actual Rows": 162, "Actual Loops": 2, "Filter": "(score = 6)", "Rows Removed by Filter": 86990, "Workers": []}, {"Node Type": "Index Scan", "Parent Relationship": "Inner", "Parallel Aware": false, "Async Capable": false, "Scan Direction": "Forward", "Index Name": "idx_badges_userid", "Relation Name": "badges", "Alias": "b", "Startup Cost": 0.29, "Total Cost": 6.24, "Plan Rows": 1, "Plan Width": 4, "Actual Rows": 3, "Actual Loops": 325, "Index Cond": "(userid = c.userid)", "Rows Removed by Index Recheck": 0, "Filter": "(date <= '2010-08-27 09:17:43'::timestamp without time zone)", "Rows Removed by Filter": 152, "Workers": []}]}]}]}]}]}, "Planning Time": 6.899, "Triggers": [], "Execution Time": 141.931}, {"Plan": {"Node Type": "Aggregate", "Strategy": "Plain", "Partial Mode": "Finalize", "Parallel Aware": false, "Async Capable": false, "Startup Cost": 6126.62, "Total Cost": 6126.63, "Plan Rows": 1, "Plan Width": 8, "Actual Rows": 1, "Actual Loops": 1, "Plans": [{"Node Type": "Gather", "Parent Relationship": "Outer", "Parallel Aware": false, "Async Capable": false, "Startup Cost": 6126.5, "Total Cost": 6126.61, "Plan Rows": 1, "Plan Width": 8, "Actual Rows": 2, "Actual Loops": 1, "Workers Planned": 1, "Workers Launched": 1, "Single Copy": false, "Plans": [{"Node Type": "Aggregate", "Strategy": "Plain", "Partial Mode": "Partial", "Parent Relationship": "Outer", "Parallel Aware": false, "Async Capable": false, "Startup Cost": 5126.5, "Total Cost": 5126.51, "Plan Rows": 1, "Plan Width": 8, "Actual Rows": 1, "Actual Loops": 2, "Workers": [], "Plans": [{"Node Type": "Nested Loop", "Parent Relationship": "Outer", "Parallel Aware": false, "Async Capable": false, "Join Type": "Inner", "Startup Cost": 1.72, "Total Cost": 5126.24, "Plan Rows": 12.0, "Plan Width": 0, "Actual Rows": 377, "Actual Loops": 2, "Inner Unique": false, "Join Filter": "(p.id = pl.relatedpostid)", "Rows Removed by Join Filter": 0, "Workers": [], "Plans": [{"Node Type": "Nested Loop", "Parent Relationship": "Outer", "Parallel Aware": false, "Async Capable": false, "Join Type": "Inner", "Startup Cost": 1.43, "Total Cost": 4890.05, "Plan Rows": 9.0, "Plan Width": 16, "Actual Rows": 1221, "Actual Loops": 2, "Inner Unique": false, "Workers": [], "Plans": [{"Node Type": "Nested Loop", "Parent Relationship": "Outer", "Parallel Aware": false, "Async Capable": false, "Join Type": "Inner", "Startup Cost": 1.01, "Total Cost": 4746.97, "Plan Rows": 1.0, "Plan Width": 12, "Actual Rows": 233, "Actual Loops": 2, "Inner Unique": false, "Workers": [], "Plans": [{"Node Type": "Nested Loop", "Parent Relationship": "Outer", "Parallel Aware": false, "Async Capable": false, "Join Type": "Inner", "Startup Cost": 0.71, "Total Cost": 3903.0, "Plan Rows": 1.0, "Plan Width": 16, "Actual Rows": 90, "Actual Loops": 2, "Inner Unique": false, "Workers": [], "Plans": [{"Node Type": "Nested Loop", "Parent Relationship": "Outer", "Parallel Aware": false, "Async Capable": false, "Join Type": "Inner", "Startup Cost": 0.29, "Total Cost": 3788.56, "Plan Rows": 6.0, "Plan Width": 12, "Actual Rows": 100, "Actual Loops": 2, "Inner Unique": true, "Workers": [], "Plans": [{"Node Type": "Seq Scan", "Parent Relationship": "Outer", "Parallel Aware": true, "Async Capable": false, "Relation Name": "comments", "Alias": "c", "Startup Cost": 0.0, "Total Cost": 2625.65, "Plan Rows": 190, "Plan Width": 8, "Actual Rows": 162, "Actual Loops": 2, "Filter": "(score = 6)", "Rows Removed by Filter": 86990, "Workers": []}, {"Node Type": "Index Scan", "Parent Relationship": "Inner", "Parallel Aware": false, "Async Capable": false, "Scan Direction": "Forward", "Index Name": "posts_pkey", "Relation Name": "posts", "Alias": "p", "Startup Cost": 0.29, "Total Cost": 6.12, "Plan Rows": 1, "Plan Width": 4, "Actual Rows": 1, "Actual Loops": 325, "Index Cond": "(id = c.postid)", "Rows Removed by Index Recheck": 0, "Filter": "(score <= 8)", "Rows Removed by Filter": 0, "Workers": []}]}, {"Node Type": "Index Scan", "Parent Relationship": "Inner", "Parallel Aware": false, "Async Capable": false, "Scan Direction": "Forward", "Index Name": "idx_posthistory_postid", "Relation Name": "posthistory", "Alias": "ph", "Startup Cost": 0.42, "Total Cost": 0.63, "Plan Rows": 1, "Plan Width": 4, "Actual Rows": 1, "Actual Loops": 199, "Index Cond": "(postid = p.id)", "Rows Removed by Index Recheck": 0, "Filter": "(posthistorytypeid = 5)", "Rows Removed by Filter": 4, "Workers": []}]}, {"Node Type": "Index Scan", "Parent Relationship": "Inner", "Parallel Aware": false, "Async Capable": false, "Scan Direction": "Forward", "Index Name": "idx_badges_userid", "Relation Name": "badges", "Alias": "b", "Startup Cost": 0.29, "Total Cost": 6.24, "Plan Rows": 1, "Plan Width": 4, "Actual Rows": 3, "Actual Loops": 181, "Index Cond": "(userid = c.userid)", "Rows Removed by Index Recheck": 0, "Filter": "(date <= '2010-08-27 09:17:43'::timestamp without time zone)", "Rows Removed by Filter": 164, "Workers": []}]}, {"Node Type": "Index Only Scan", "Parent Relationship": "Inner", "Parallel Aware": false, "Async Capable": false, "Scan Direction": "Forward", "Index Name": "idx_votes_postid", "Relation Name": "votes", "Alias": "v", "Startup Cost": 0.42, "Total Cost": 0.53, "Plan Rows": 5, "Plan Width": 4, "Actual Rows": 5, "Actual Loops": 466, "Index Cond": "(postid = p.id)", "Rows Removed by Index Recheck": 0, "Heap Fetches": 0, "Workers": []}]}, {"Node Type": "Memoize", "Parent Relationship": "Inner", "Parallel Aware": false, "Async Capable": false, "Startup Cost": 0.3, "Total Cost": 0.63, "Plan Rows": 2, "Plan Width": 4, "Actual Rows": 0, "Actual Loops": 2442, "Cache Key": "c.postid", "Cache Mode": "logical", "Cache Hits": 1388, "Cache Misses": 25, "Cache Evictions": 0, "Cache Overflows": 0, "Peak Memory Usage": 2, "Workers": [{"Worker Number": 0, "Cache Hits": 1016, "Cache Misses": 13, "Cache Evictions": 0, "Cache Overflows": 0, "Peak Memory Usage": 2}], "Plans": [{"Node Type": "Index Only Scan", "Parent Relationship": "Outer", "Parallel Aware": false, "Async Capable": false, "Scan Direction": "Forward", "Index Name": "idx_postlinks_relatedpostid", "Relation Name": "postlinks", "Alias": "pl", "Startup Cost": 0.29, "Total Cost": 0.62, "Plan Rows": 2, "Plan Width": 4, "Actual Rows": 0, "Actual Loops": 38, "Index Cond": "(relatedpostid = c.postid)", "Rows Removed by Index Recheck": 0, "Heap Fetches": 0, "Workers": []}]}]}]}]}]}, "Planning Time": 6.075, "Triggers": [], "Execution Time": 31.854}, {"Plan": {"Node Type": "Aggregate", "Strategy": "Plain", "Partial Mode": "Simple", "Parallel Aware": false, "Async Capable": false, "Startup Cost": 19383.5, "Total Cost": 19383.51, "Plan Rows": 1, "Plan Width": 8, "Actual Rows": 1, "Actual Loops": 1, "Plans": [{"Node Type": "Merge Join", "Parent Relationship": "Outer", "Parallel Aware": false, "Async Capable": false, "Join Type": "Inner", "Startup Cost": 4048.95, "Total Cost": 19383.05, "Plan Rows": 12.0, "Plan Width": 0, "Actual Rows": 754, "Actual Loops": 1, "Inner Unique": false, "Merge Cond": "(p.id = c.postid)", "Plans": [{"Node Type": "Merge Join", "Parent Relationship": "Outer", "Parallel Aware": false, "Async Capable": false, "Join Type": "Inner", "Startup Cost": 0.71, "Total Cost": 14556.37, "Plan Rows": 1212.0, "Plan Width": 8, "Actual Rows": 186517, "Actual Loops": 1, "Inner Unique": false, "Merge Cond": "(p.id = v.postid)", "Plans": [{"Node Type": "Index Scan", "Parent Relationship": "Outer", "Parallel Aware": false, "Async Capable": false, "Scan Direction": "Forward", "Index Name": "posts_pkey", "Relation Name": "posts", "Alias": "p", "Startup Cost": 0.29, "Total Cost": 3469.11, "Plan Rows": 86709, "Plan Width": 4, "Actual Rows": 65721, "Actual Loops": 1, "Filter": "(score <= 8)", "Rows Removed by Filter": 4936}, {"Node Type": "Index Only Scan", "Parent Relationship": "Inner", "Parallel Aware": false, "Async Capable": false, "Scan Direction": "Forward", "Index Name": "idx_votes_postid", "Relation Name": "votes", "Alias": "v", "Startup Cost": 0.42, "Total Cost": 6957.68, "Plan Rows": 328064, "Plan Width": 4, "Actual Rows": 287073, "Actual Loops": 1, "Heap Fetches": 0}]}, {"Node Type": "Sort", "Parent Relationship": "Inner", "Parallel Aware": false, "Async Capable": false, "Startup Cost": 4048.24, "Total Cost": 4048.51, "Plan Rows": 7.0, "Plan Width": 12, "Actual Rows": 1023, "Actual Loops": 1, "Sort Key": ["c.postid"], "Sort Method": "quicksort", "Sort Space Used": 39, "Sort Space Type": "Memory", "Plans": [{"Node Type": "Gather", "Parent Relationship": "Outer", "Parallel Aware": false, "Async Capable": false, "Startup Cost": 1001.0, "Total Cost": 4044.51, "Plan Rows": 7.0, "Plan Width": 12, "Actual Rows": 367, "Actual Loops": 1, "Workers Planned": 1, "Workers Launched": 1, "Single Copy": false, "Plans": [{"Node Type": "Nested Loop", "Parent Relationship": "Outer", "Parallel Aware": false, "Async Capable": false, "Join Type": "Inner", "Startup Cost": 1.0, "Total Cost": 3033.51, "Plan Rows": 7.0, "Plan Width": 12, "Actual Rows": 184, "Actual Loops": 2, "Inner Unique": false, "Workers": [], "Plans": [{"Node Type": "Nested Loop", "Parent Relationship": "Outer", "Parallel Aware": false, "Async Capable": false, "Join Type": "Inner", "Startup Cost": 0.71, "Total Cost": 2808.45, "Plan Rows": 13.0, "Plan Width": 16, "Actual Rows": 98, "Actual Loops": 2, "Inner Unique": false, "Join Filter": "(c.postid = ph.postid)", "Rows Removed by Join Filter": 0, "Workers": [], "Plans": [{"Node Type": "Nested Loop", "Parent Relationship": "Outer", "Parallel Aware": false, "Async Capable": false, "Join Type": "Inner", "Startup Cost": 0.29, "Total Cost": 2746.73, "Plan Rows": 132.0, "Plan Width": 12, "Actual Rows": 94, "Actual Loops": 2, "Inner Unique": false, "Workers": [], "Plans": [{"Node Type": "Seq Scan", "Parent Relationship": "Outer", "Parallel Aware": true, "Async Capable": false, "Relation Name": "comments", "Alias": "c", "Startup Cost": 0.0, "Total Cost": 2625.65, "Plan Rows": 190, "Plan Width": 8, "Actual Rows": 162, "Actual Loops": 2, "Filter": "(score = 6)", "Rows Removed by Filter": 86990, "Workers": []}, {"Node Type": "Index Only Scan", "Parent Relationship": "Inner", "Parallel Aware": false, "Async Capable": false, "Scan Direction": "Forward", "Index Name": "idx_postlinks_relatedpostid", "Relation Name": "postlinks", "Alias": "pl", "Startup Cost": 0.29, "Total Cost": 0.62, "Plan Rows": 2, "Plan Width": 4, "Actual Rows": 1, "Actual Loops": 325, "Index Cond": "(relatedpostid = c.postid)", "Rows Removed by Index Recheck": 0, "Heap Fetches": 0, "Workers": []}]}, {"Node Type": "Index Scan", "Parent Relationship": "Inner", "Parallel Aware": false, "Async Capable": false, "Scan Direction": "Forward", "Index Name": "idx_posthistory_postid", "Relation Name": "posthistory", "Alias": "ph", "Startup Cost": 0.42, "Total Cost": 1.49, "Plan Rows": 1, "Plan Width": 4, "Actual Rows": 1, "Actual Loops": 187, "Index Cond": "(postid = pl.relatedpostid)", "Rows Removed by Index Recheck": 0, "Filter": "(posthistorytypeid = 5)", "Rows Removed by Filter": 6, "Workers": []}]}, {"Node Type": "Index Scan", "Parent Relationship": "Inner", "Parallel Aware": false, "Async Capable": false, "Scan Direction": "Forward", "Index Name": "idx_badges_userid", "Relation Name": "badges", "Alias": "b", "Startup Cost": 0.29, "Total Cost": 6.24, "Plan Rows": 1, "Plan Width": 4, "Actual Rows": 2, "Actual Loops": 195, "Index Cond": "(userid = c.userid)", "Rows Removed by Index Recheck": 0, "Filter": "(date <= '2010-08-27 09:17:43'::timestamp without time zone)", "Rows Removed by Filter": 121, "Workers": []}]}]}]}]}]}, "Planning Time": 6.215, "Triggers": [], "Execution Time": 77.122}, {"Plan": {"Node Type": "Aggregate", "Strategy": "Plain", "Partial Mode": "Finalize", "Parallel Aware": false, "Async Capable": false, "Startup Cost": 9776.1, "Total Cost": 9776.11, "Plan Rows": 1, "Plan Width": 8, "Actual Rows": 1, "Actual Loops": 1, "Plans": [{"Node Type": "Gather", "Parent Relationship": "Outer", "Parallel Aware": false, "Async Capable": false, "Startup Cost": 9775.99, "Total Cost": 9776.1, "Plan Rows": 1, "Plan Width": 8, "Actual Rows": 2, "Actual Loops": 1, "Workers Planned": 1, "Workers Launched": 1, "Single Copy": false, "Plans": [{"Node Type": "Aggregate", "Strategy": "Plain", "Partial Mode": "Partial", "Parent Relationship": "Outer", "Parallel Aware": false, "Async Capable": false, "Startup Cost": 8775.99, "Total Cost": 8776.0, "Plan Rows": 1, "Plan Width": 8, "Actual Rows": 1, "Actual Loops": 2, "Workers": [], "Plans": [{"Node Type": "Hash Join", "Parent Relationship": "Outer", "Parallel Aware": false, "Async Capable": false, "Join Type": "Inner", "Startup Cost": 4152.2, "Total Cost": 8775.72, "Plan Rows": 12.0, "Plan Width": 0, "Actual Rows": 377, "Actual Loops": 2, "Inner Unique": false, "Hash Cond": "(ph.postid = p.id)", "Workers": [], "Plans": [{"Node Type": "Seq Scan", "Parent Relationship": "Outer", "Parallel Aware": true, "Async Capable": false, "Relation Name": "posthistory", "Alias": "ph", "Startup Cost": 0.0, "Total Cost": 4469.32, "Plan Rows": 40839, "Plan Width": 4, "Actual Rows": 34714, "Actual Loops": 2, "Filter": "(posthistorytypeid = 5)", "Rows Removed by Filter": 116880, "Workers": []}, {"Node Type": "Hash", "Parent Relationship": "Inner", "Parallel Aware": false, "Async Capable": false, "Startup Cost": 4149.21, "Total Cost": 4149.21, "Plan Rows": 110.0, "Plan Width": 16, "Actual Rows": 567, "Actual Loops": 2, "Hash Buckets": 1024, "Original Hash Buckets": 1024, "Hash Batches": 1, "Original Hash Batches": 1, "Peak Memory Usage": 35, "Workers": [], "Plans": [{"Node Type": "Nested Loop", "Parent Relationship": "Outer", "Parallel Aware": false, "Async Capable": false, "Join Type": "Inner", "Startup Cost": 3537.57, "Total Cost": 4149.21, "Plan Rows": 110.0, "Plan Width": 16, "Actual Rows": 567, "Actual Loops": 2, "Inner Unique": false, "Workers": [], "Plans": [{"Node Type": "Nested Loop", "Parent Relationship": "Outer", "Parallel Aware": false, "Async Capable": false, "Join Type": "Inner", "Startup Cost": 3537.14, "Total Cost": 4110.08, "Plan Rows": 5.0, "Plan Width": 12, "Actual Rows": 91, "Actual Loops": 2, "Inner Unique": false, "Workers": [], "Plans": [{"Node Type": "Nested Loop", "Parent Relationship": "Outer", "Parallel Aware": false, "Async Capable": false, "Join Type": "Inner", "Startup Cost": 3536.85, "Total Cost": 3878.77, "Plan Rows": 7.0, "Plan Width": 16, "Actual Rows": 45, "Actual Loops": 2, "Inner Unique": true, "Join Filter": "(c.postid = p.id)", "Rows Removed by Join Filter": 0, "Workers": [], "Plans": [{"Node Type": "Merge Join", "Parent Relationship": "Outer", "Parallel Aware": false, "Async Capable": false, "Join Type": "Inner", "Startup Cost": 3536.56, "Total Cost": 3829.15, "Plan Rows": 132.0, "Plan Width": 12, "Actual Rows": 187, "Actual Loops": 2, "Inner Unique": false, "Merge Cond": "(pl.relatedpostid = c.postid)", "Workers": [], "Plans": [{"Node Type": "Index Only Scan", "Parent Relationship": "Outer", "Parallel Aware": false, "Async Capable": false, "Scan Direction": "Forward", "Index Name": "idx_postlinks_relatedpostid", "Relation Name": "postlinks", "Alias": "pl", "Startup Cost": 0.29, "Total Cost": 262.81, "Plan Rows": 11102, "Plan Width": 4, "Actual Rows": 11100, "Actual Loops": 2, "Heap Fetches": 0, "Workers": []}, {"Node Type": "Sort", "Parent Relationship": "Inner", "Parallel Aware": false, "Async Capable": false, "Startup Cost": 3536.27, "Total Cost": 3537.08, "Plan Rows": 323, "Plan Width": 8, "Actual Rows": 446, "Actual Loops": 2, "Sort Key": ["c.postid"], "Sort Method": "quicksort", "Sort Space Used": 35, "Sort Space Type": "Memory", "Workers": [{"Worker Number": 0, "Sort Method": "quicksort", "Sort Space Used": 35, "Sort Space Type": "Memory"}], "Plans": [{"Node Type": "Seq Scan", "Parent Relationship": "Outer", "Parallel Aware": false, "Async Capable": false, "Relation Name": "comments", "Alias": "c", "Startup Cost": 0.0, "Total Cost": 3522.81, "Plan Rows": 323, "Plan Width": 8, "Actual Rows": 325, "Actual Loops": 2, "Filter": "(score = 6)", "Rows Removed by Filter": 173980, "Workers": []}]}]}, {"Node Type": "Index Scan", "Parent Relationship": "Inner", "Parallel Aware": false, "Async Capable": false, "Scan Direction": "Forward", "Index Name": "posts_pkey", "Relation Name": "posts", "Alias": "p", "Startup Cost": 0.29, "Total Cost": 0.71, "Plan Rows": 1, "Plan Width": 4, "Actual Rows": 0, "Actual Loops": 374, "Index Cond": "(id = pl.relatedpostid)", "Rows Removed by Index Recheck": 0, "Filter": "(score <= 8)", "Rows Removed by Filter": 1, "Workers": []}]}, {"Node Type": "Index Scan", "Parent Relationship": "Inner", "Parallel Aware": false, "Async Capable": false, "Scan Direction": "Forward", "Index Name": "idx_badges_userid", "Relation Name": "badges", "Alias": "b", "Startup Cost": 0.29, "Total Cost": 6.24, "Plan Rows": 1, "Plan Width": 4, "Actual Rows": 2, "Actual Loops": 90, "Index Cond": "(userid = c.userid)", "Rows Removed by Index Recheck": 0, "Filter": "(date <= '2010-08-27 09:17:43'::timestamp without time zone)", "Rows Removed by Filter": 141, "Workers": []}]}, {"Node Type": "Index Only Scan", "Parent Relationship": "Inner", "Parallel Aware": false, "Async Capable": false, "Scan Direction": "Forward", "Index Name": "idx_votes_postid", "Relation Name": "votes", "Alias": "v", "Startup Cost": 0.42, "Total Cost": 0.53, "Plan Rows": 5, "Plan Width": 4, "Actual Rows": 6, "Actual Loops": 182, "Index Cond": "(postid = p.id)", "Rows Removed by Index Recheck": 0, "Heap Fetches": 0, "Workers": []}]}]}]}]}]}]}, "Planning Time": 11.804, "Triggers": [], "Execution Time": 68.587}, {"Plan": {"Node Type": "Aggregate", "Strategy": "Plain", "Partial Mode": "Simple", "Parallel Aware": false, "Async Capable": false, "Startup Cost": 18658.44, "Total Cost": 18658.45, "Plan Rows": 1, "Plan Width": 8, "Actual Rows": 1, "Actual Loops": 1, "Plans": [{"Node Type": "Merge Join", "Parent Relationship": "Outer", "Parallel Aware": false, "Async Capable": false, "Join Type": "Inner", "Startup Cost": 4141.98, "Total Cost": 18657.99, "Plan Rows": 12.0, "Plan Width": 0, "Actual Rows": 754, "Actual Loops": 1, "Inner Unique": false, "Merge Cond": "(p.id = c.postid)", "Plans": [{"Node Type": "Merge Join", "Parent Relationship": "Outer", "Parallel Aware": false, "Async Capable": false, "Join Type": "Inner", "Startup Cost": 0.71, "Total Cost": 14345.38, "Plan Rows": 6.0, "Plan Width": 8, "Actual Rows": 49471, "Actual Loops": 1, "Inner Unique": false, "Merge Cond": "(p.id = ph.postid)", "Plans": [{"Node Type": "Index Scan", "Parent Relationship": "Outer", "Parallel Aware": false, "Async Capable": false, "Scan Direction": "Forward", "Index Name": "posts_pkey", "Relation Name": "posts", "Alias": "p", "Startup Cost": 0.29, "Total Cost": 3469.11, "Plan Rows": 86709, "Plan Width": 4, "Actual Rows": 67200, "Actual Loops": 1, "Filter": "(score <= 8)", "Rows Removed by Filter": 4965}, {"Node Type": "Index Scan", "Parent Relationship": "Inner", "Parallel Aware": false, "Async Capable": false, "Scan Direction": "Forward", "Index Name": "idx_posthistory_postid", "Relation Name": "posthistory", "Alias": "ph", "Startup Cost": 0.42, "Total Cost": 9831.47, "Plan Rows": 69426, "Plan Width": 4, "Actual Rows": 56028, "Actual Loops": 1, "Filter": "(posthistorytypeid = 5)", "Rows Removed by Filter": 183464}]}, {"Node Type": "Sort", "Parent Relationship": "Inner", "Parallel Aware": false, "Async Capable": false, "Startup Cost": 4141.26, "Total Cost": 4142.9, "Plan Rows": 1399.0, "Plan Width": 12, "Actual Rows": 26363, "Actual Loops": 1, "Sort Key": ["c.postid"], "Sort Method": "quicksort", "Sort Space Used": 1786, "Sort Space Type": "Memory", "Plans": [{"Node Type": "Nested Loop", "Parent Relationship": "Outer", "Parallel Aware": false, "Async Capable": false, "Join Type": "Inner", "Startup Cost": 1001.0, "Total Cost": 4110.57, "Plan Rows": 1399.0, "Plan Width": 12, "Actual Rows": 26043, "Actual Loops": 1, "Inner Unique": false, "Join Filter": "(c.postid = v.postid)", "Rows Removed by Join Filter": 0, "Plans": [{"Node Type": "Gather", "Parent Relationship": "Outer", "Parallel Aware": false, "Async Capable": false, "Startup Cost": 1000.58, "Total Cost": 4015.54, "Plan Rows": 58.0, "Plan Width": 8, "Actual Rows": 493, "Actual Loops": 1, "Workers Planned": 1, "Workers Launched": 1, "Single Copy": false, "Plans": [{"Node Type": "Nested Loop", "Parent Relationship": "Outer", "Parallel Aware": false, "Async Capable": false, "Join Type": "Inner", "Startup Cost": 0.58, "Total Cost": 3003.04, "Plan Rows": 58.0, "Plan Width": 8, "Actual Rows": 246, "Actual Loops": 2, "Inner Unique": false, "Workers": [], "Plans": [{"Node Type": "Nested Loop", "Parent Relationship": "Outer", "Parallel Aware": false, "Async Capable": false, "Join Type": "Inner", "Startup Cost": 0.29, "Total Cost": 2746.73, "Plan Rows": 132.0, "Plan Width": 12, "Actual Rows": 94, "Actual Loops": 2, "Inner Unique": false, "Workers": [], "Plans": [{"Node Type": "Seq Scan", "Parent Relationship": "Outer", "Parallel Aware": true, "Async Capable": false, "Relation Name": "comments", "Alias": "c", "Startup Cost": 0.0, "Total Cost": 2625.65, "Plan Rows": 190, "Plan Width": 8, "Actual Rows": 162, "Actual Loops": 2, "Filter": "(score = 6)", "Rows Removed by Filter": 86990, "Workers": []}, {"Node Type": "Index Only Scan", "Parent Relationship": "Inner", "Parallel Aware": false, "Async Capable": false, "Scan Direction": "Forward", "Index Name": "idx_postlinks_relatedpostid", "Relation Name": "postlinks", "Alias": "pl", "Startup Cost": 0.29, "Total Cost": 0.62, "Plan Rows": 2, "Plan Width": 4, "Actual Rows": 1, "Actual Loops": 325, "Index Cond": "(relatedpostid = c.postid)", "Rows Removed by Index Recheck": 0, "Heap Fetches": 0, "Workers": []}]}, {"Node Type": "Index Scan", "Parent Relationship": "Inner", "Parallel Aware": false, "Async Capable": false, "Scan Direction": "Forward", "Index Name": "idx_badges_userid", "Relation Name": "badges", "Alias": "b", "Startup Cost": 0.29, "Total Cost": 6.24, "Plan Rows": 1, "Plan Width": 4, "Actual Rows": 3, "Actual Loops": 187, "Index Cond": "(userid = c.userid)", "Rows Removed by Index Recheck": 0, "Filter": "(date <= '2010-08-27 09:17:43'::timestamp without time zone)", "Rows Removed by Filter": 126, "Workers": []}]}]}, {"Node Type": "Index Only Scan", "Parent Relationship": "Inner", "Parallel Aware": false, "Async Capable": false, "Scan Direction": "Forward", "Index Name": "idx_votes_postid", "Relation Name": "votes", "Alias": "v", "Startup Cost": 0.42, "Total Cost": 0.7, "Plan Rows": 5, "Plan Width": 4, "Actual Rows": 53, "Actual Loops": 493, "Index Cond": "(postid = pl.relatedpostid)", "Rows Removed by Index Recheck": 0, "Heap Fetches": 0}]}]}]}]}, "Planning Time": 7.06, "Triggers": [], "Execution Time": 192.537}, {"Plan": {"Node Type": "Aggregate", "Strategy": "Plain", "Partial Mode": "Simple", "Parallel Aware": false, "Async Capable": false, "Startup Cost": 19034.7, "Total Cost": 19034.71, "Plan Rows": 1, "Plan Width": 8, "Actual Rows": 1, "Actual Loops": 1, "Plans": [{"Node Type": "Merge Join", "Parent Relationship": "Outer", "Parallel Aware": false, "Async Capable": false, "Join Type": "Inner", "Startup Cost": 3537.99, "Total Cost": 19034.25, "Plan Rows": 12.0, "Plan Width": 0, "Actual Rows": 754, "Actual Loops": 1, "Inner Unique": false, "Merge Cond": "(c.postid = p.id)", "Plans": [{"Node Type": "Nested Loop", "Parent Relationship": "Outer", "Parallel Aware": false, "Async Capable": false, "Join Type": "Inner", "Startup Cost": 3537.27, "Total Cost": 4355.54, "Plan Rows": 1399.0, "Plan Width": 12, "Actual Rows": 26043, "Actual Loops": 1, "Inner Unique": false, "Join Filter": "(c.postid = v.postid)", "Rows Removed by Join Filter": 0, "Plans": [{"Node Type": "Nested Loop", "Parent Relationship": "Outer", "Parallel Aware": false, "Async Capable": false, "Join Type": "Inner", "Startup Cost": 3536.85, "Total Cost": 4260.51, "Plan Rows": 58.0, "Plan Width": 8, "Actual Rows": 493, "Actual Loops": 1, "Inner Unique": false, "Plans": [{"Node Type": "Merge Join", "Parent Relationship": "Outer", "Parallel Aware": false, "Async Capable": false, "Join Type": "Inner", "Startup Cost": 3536.56, "Total Cost": 3829.15, "Plan Rows": 132.0, "Plan Width": 12, "Actual Rows": 187, "Actual Loops": 1, "Inner Unique": false, "Merge Cond": "(pl.relatedpostid = c.postid)", "Plans": [{"Node Type": "Index Only Scan", "Parent Relationship": "Outer", "Parallel Aware": false, "Async Capable": false, "Scan Direction": "Forward", "Index Name": "idx_postlinks_relatedpostid", "Relation Name": "postlinks", "Alias": "pl", "Startup Cost": 0.29, "Total Cost": 262.81, "Plan Rows": 11102, "Plan Width": 4, "Actual Rows": 11100, "Actual Loops": 1, "Heap Fetches": 0}, {"Node Type": "Sort", "Parent Relationship": "Inner", "Parallel Aware": false, "Async Capable": false, "Startup Cost": 3536.27, "Total Cost": 3537.08, "Plan Rows": 323, "Plan Width": 8, "Actual Rows": 446, "Actual Loops": 1, "Sort Key": ["c.postid"], "Sort Method": "quicksort", "Sort Space Used": 35, "Sort Space Type": "Memory", "Plans": [{"Node Type": "Seq Scan", "Parent Relationship": "Outer", "Parallel Aware": false, "Async Capable": false, "Relation Name": "comments", "Alias": "c", "Startup Cost": 0.0, "Total Cost": 3522.81, "Plan Rows": 323, "Plan Width": 8, "Actual Rows": 325, "Actual Loops": 1, "Filter": "(score = 6)", "Rows Removed by Filter": 173980}]}]}, {"Node Type": "Index Scan", "Parent Relationship": "Inner", "Parallel Aware": false, "Async Capable": false, "Scan Direction": "Forward", "Index Name": "idx_badges_userid", "Relation Name": "badges", "Alias": "b", "Startup Cost": 0.29, "Total Cost": 6.24, "Plan Rows": 1, "Plan Width": 4, "Actual Rows": 3, "Actual Loops": 187, "Index Cond": "(userid = c.userid)", "Rows Removed by Index Recheck": 0, "Filter": "(date <= '2010-08-27 09:17:43'::timestamp without time zone)", "Rows Removed by Filter": 126}]}, {"Node Type": "Index Only Scan", "Parent Relationship": "Inner", "Parallel Aware": false, "Async Capable": false, "Scan Direction": "Forward", "Index Name": "idx_votes_postid", "Relation Name": "votes", "Alias": "v", "Startup Cost": 0.42, "Total Cost": 0.7, "Plan Rows": 5, "Plan Width": 4, "Actual Rows": 53, "Actual Loops": 493, "Index Cond": "(postid = pl.relatedpostid)", "Rows Removed by Index Recheck": 0, "Heap Fetches": 0}]}, {"Node Type": "Materialize", "Parent Relationship": "Inner", "Parallel Aware": false, "Async Capable": false, "Startup Cost": 0.71, "Total Cost": 14509.0, "Plan Rows": 6.0, "Plan Width": 8, "Actual Rows": 50220, "Actual Loops": 1, "Plans": [{"Node Type": "Merge Join", "Parent Relationship": "Outer", "Parallel Aware": false, "Async Capable": false, "Join Type": "Inner", "Startup Cost": 0.71, "Total Cost": 14345.38, "Plan Rows": 6.0, "Plan Width": 8, "Actual Rows": 49471, "Actual Loops": 1, "Inner Unique": false, "Merge Cond": "(p.id = ph.postid)", "Plans": [{"Node Type": "Index Scan", "Parent Relationship": "Outer", "Parallel Aware": false, "Async Capable": false, "Scan Direction": "Forward", "Index Name": "posts_pkey", "Relation Name": "posts", "Alias": "p", "Startup Cost": 0.29, "Total Cost": 3469.11, "Plan Rows": 86709, "Plan Width": 4, "Actual Rows": 67200, "Actual Loops": 1, "Filter": "(score <= 8)", "Rows Removed by Filter": 4965}, {"Node Type": "Index Scan", "Parent Relationship": "Inner", "Parallel Aware": false, "Async Capable": false, "Scan Direction": "Forward", "Index Name": "idx_posthistory_postid", "Relation Name": "posthistory", "Alias": "ph", "Startup Cost": 0.42, "Total Cost": 9831.47, "Plan Rows": 69426, "Plan Width": 4, "Actual Rows": 56028, "Actual Loops": 1, "Filter": "(posthistorytypeid = 5)", "Rows Removed by Filter": 183464}]}]}]}]}, "Planning Time": 6.935, "Triggers": [], "Execution Time": 205.267}, {"Plan": {"Node Type": "Aggregate", "Strategy": "Plain", "Partial Mode": "Simple", "Parallel Aware": false, "Async Capable": false, "Startup Cost": 19649.64, "Total Cost": 19649.65, "Plan Rows": 1, "Plan Width": 8, "Actual Rows": 1, "Actual Loops": 1, "Plans": [{"Node Type": "Merge Join", "Parent Relationship": "Outer", "Parallel Aware": false, "Async Capable": false, "Join Type": "Inner", "Startup Cost": 3537.99, "Total Cost": 19649.19, "Plan Rows": 12.0, "Plan Width": 0, "Actual Rows": 754, "Actual Loops": 1, "Inner Unique": false, "Merge Cond": "(p.id = c.postid)", "Plans": [{"Node Type": "Merge Join", "Parent Relationship": "Outer", "Parallel Aware": false, "Async Capable": false, "Join Type": "Inner", "Startup Cost": 0.71, "Total Cost": 14556.37, "Plan Rows": 1212.0, "Plan Width": 8, "Actual Rows": 186517, "Actual Loops": 1, "Inner Unique": false, "Merge Cond": "(p.id = v.postid)", "Plans": [{"Node Type": "Index Scan", "Parent Relationship": "Outer", "Parallel Aware": false, "Async Capable": false, "Scan Direction": "Forward", "Index Name": "posts_pkey", "Relation Name": "posts", "Alias": "p", "Startup Cost": 0.29, "Total Cost": 3469.11, "Plan Rows": 86709, "Plan Width": 4, "Actual Rows": 65721, "Actual Loops": 1, "Filter": "(score <= 8)", "Rows Removed by Filter": 4936}, {"Node Type": "Index Only Scan", "Parent Relationship": "Inner", "Parallel Aware": false, "Async Capable": false, "Scan Direction": "Forward", "Index Name": "idx_votes_postid", "Relation Name": "votes", "Alias": "v", "Startup Cost": 0.42, "Total Cost": 6957.68, "Plan Rows": 328064, "Plan Width": 4, "Actual Rows": 287073, "Actual Loops": 1, "Heap Fetches": 0}]}, {"Node Type": "Materialize", "Parent Relationship": "Inner", "Parallel Aware": false, "Async Capable": false, "Startup Cost": 3537.27, "Total Cost": 4314.65, "Plan Rows": 7.0, "Plan Width": 12, "Actual Rows": 1023, "Actual Loops": 1, "Plans": [{"Node Type": "Nested Loop", "Parent Relationship": "Outer", "Parallel Aware": false, "Async Capable": false, "Join Type": "Inner", "Startup Cost": 3537.27, "Total Cost": 4314.37, "Plan Rows": 7.0, "Plan Width": 12, "Actual Rows": 367, "Actual Loops": 1, "Inner Unique": false, "Plans": [{"Node Type": "Nested Loop", "Parent Relationship": "Outer", "Parallel Aware": false, "Async Capable": false, "Join Type": "Inner", "Startup Cost": 3536.98, "Total Cost": 3933.03, "Plan Rows": 13.0, "Plan Width": 16, "Actual Rows": 195, "Actual Loops": 1, "Inner Unique": false, "Join Filter": "(c.postid = ph.postid)", "Rows Removed by Join Filter": 0, "Plans": [{"Node Type": "Merge Join", "Parent Relationship": "Outer", "Parallel Aware": false, "Async Capable": false, "Join Type": "Inner", "Startup Cost": 3536.56, "Total Cost": 3829.15, "Plan Rows": 132.0, "Plan Width": 12, "Actual Rows": 187, "Actual Loops": 1, "Inner Unique": false, "Merge Cond": "(pl.relatedpostid = c.postid)", "Plans": [{"Node Type": "Index Only Scan", "Parent Relationship": "Outer", "Parallel Aware": false, "Async Capable": false, "Scan Direction": "Forward", "Index Name": "idx_postlinks_relatedpostid", "Relation Name": "postlinks", "Alias": "pl", "Startup Cost": 0.29, "Total Cost": 262.81, "Plan Rows": 11102, "Plan Width": 4, "Actual Rows": 11100, "Actual Loops": 1, "Heap Fetches": 0}, {"Node Type": "Sort", "Parent Relationship": "Inner", "Parallel Aware": false, "Async Capable": false, "Startup Cost": 3536.27, "Total Cost": 3537.08, "Plan Rows": 323, "Plan Width": 8, "Actual Rows": 446, "Actual Loops": 1, "Sort Key": ["c.postid"], "Sort Method": "quicksort", "Sort Space Used": 35, "Sort Space Type": "Memory", "Plans": [{"Node Type": "Seq Scan", "Parent Relationship": "Outer", "Parallel Aware": false, "Async Capable": false, "Relation Name": "comments", "Alias": "c", "Startup Cost": 0.0, "Total Cost": 3522.81, "Plan Rows": 323, "Plan Width": 8, "Actual Rows": 325, "Actual Loops": 1, "Filter": "(score = 6)", "Rows Removed by Filter": 173980}]}]}, {"Node Type": "Index Scan", "Parent Relationship": "Inner", "Parallel Aware": false, "Async Capable": false, "Scan Direction": "Forward", "Index Name": "idx_posthistory_postid", "Relation Name": "posthistory", "Alias": "ph", "Startup Cost": 0.42, "Total Cost": 1.49, "Plan Rows": 1, "Plan Width": 4, "Actual Rows": 1, "Actual Loops": 187, "Index Cond": "(postid = pl.relatedpostid)", "Rows Removed by Index Recheck": 0, "Filter": "(posthistorytypeid = 5)", "Rows Removed by Filter": 6}]}, {"Node Type": "Index Scan", "Parent Relationship": "Inner", "Parallel Aware": false, "Async Capable": false, "Scan Direction": "Forward", "Index Name": "idx_badges_userid", "Relation Name": "badges", "Alias": "b", "Startup Cost": 0.29, "Total Cost": 6.24, "Plan Rows": 1, "Plan Width": 4, "Actual Rows": 2, "Actual Loops": 195, "Index Cond": "(userid = c.userid)", "Rows Removed by Index Recheck": 0, "Filter": "(date <= '2010-08-27 09:17:43'::timestamp without time zone)", "Rows Removed by Filter": 121}]}]}]}]}, "Planning Time": 6.629, "Triggers": [], "Execution Time": 86.816}, {"Plan": {"Node Type": "Aggregate", "Strategy": "Plain", "Partial Mode": "Finalize", "Parallel Aware": false, "Async Capable": false, "Startup Cost": 8705.14, "Total Cost": 8705.15, "Plan Rows": 1, "Plan Width": 8, "Actual Rows": 1, "Actual Loops": 1, "Plans": [{"Node Type": "Gather", "Parent Relationship": "Outer", "Parallel Aware": false, "Async Capable": false, "Startup Cost": 8705.03, "Total Cost": 8705.14, "Plan Rows": 1, "Plan Width": 8, "Actual Rows": 2, "Actual Loops": 1, "Workers Planned": 1, "Workers Launched": 1, "Single Copy": false, "Plans": [{"Node Type": "Aggregate", "Strategy": "Plain", "Partial Mode": "Partial", "Parent Relationship": "Outer", "Parallel Aware": false, "Async Capable": false, "Startup Cost": 7705.03, "Total Cost": 7705.04, "Plan Rows": 1, "Plan Width": 8, "Actual Rows": 1, "Actual Loops": 2, "Workers": [], "Plans": [{"Node Type": "Hash Join", "Parent Relationship": "Outer", "Parallel Aware": true, "Async Capable": false, "Join Type": "Inner", "Startup Cost": 2890.68, "Total Cost": 7704.77, "Plan Rows": 12.0, "Plan Width": 0, "Actual Rows": 377, "Actual Loops": 2, "Inner Unique": false, "Hash Cond": "(v.postid = p.id)", "Workers": [], "Plans": [{"Node Type": "Seq Scan", "Parent Relationship": "Outer", "Parallel Aware": true, "Async Capable": false, "Relation Name": "votes", "Alias": "v", "Startup Cost": 0.0, "Total Cost": 4089.79, "Plan Rows": 192979, "Plan Width": 4, "Actual Rows": 164032, "Actual Loops": 2, "Workers": []}, {"Node Type": "Hash", "Parent Relationship": "Inner", "Parallel Aware": true, "Async Capable": false, "Startup Cost": 2890.3, "Total Cost": 2890.3, "Plan Rows": 1.0, "Plan Width": 16, "Actual Rows": 49, "Actual Loops": 2, "Hash Buckets": 1024, "Original Hash Buckets": 1024, "Hash Batches": 1, "Original Hash Batches": 1, "Peak Memory Usage": 40, "Workers": [], "Plans": [{"Node Type": "Nested Loop", "Parent Relationship": "Outer", "Parallel Aware": false, "Async Capable": false, "Join Type": "Inner", "Startup Cost": 1.29, "Total Cost": 2890.3, "Plan Rows": 1.0, "Plan Width": 16, "Actual Rows": 49, "Actual Loops": 2, "Inner Unique": false, "Workers": [], "Plans": [{"Node Type": "Nested Loop", "Parent Relationship": "Outer", "Parallel Aware": false, "Async Capable": false, "Join Type": "Inner", "Startup Cost": 1.0, "Total Cost": 2790.28, "Plan Rows": 2.0, "Plan Width": 20, "Actual Rows": 16, "Actual Loops": 2, "Inner Unique": false, "Workers": [], "Plans": [{"Node Type": "Nested Loop", "Parent Relationship": "Outer", "Parallel Aware": false, "Async Capable": false, "Join Type": "Inner", "Startup Cost": 0.58, "Total Cost": 2776.21, "Plan Rows": 7.0, "Plan Width": 16, "Actual Rows": 22, "Actual Loops": 2, "Inner Unique": true, "Join Filter": "(c.postid = p.id)", "Rows Removed by Join Filter": 0, "Workers": [], "Plans": [{"Node Type": "Nested Loop", "Parent Relationship": "Outer", "Parallel Aware": false, "Async Capable": false, "Join Type": "Inner", "Startup Cost": 0.29, "Total Cost": 2746.73, "Plan Rows": 132.0, "Plan Width": 12, "Actual Rows": 94, "Actual Loops": 2, "Inner Unique": false, "Workers": [], "Plans": [{"Node Type": "Seq Scan", "Parent Relationship": "Outer", "Parallel Aware": true, "Async Capable": false, "Relation Name": "comments", "Alias": "c", "Startup Cost": 0.0, "Total Cost": 2625.65, "Plan Rows": 190, "Plan Width": 8, "Actual Rows": 162, "Actual Loops": 2, "Filter": "(score = 6)", "Rows Removed by Filter": 86990, "Workers": []}, {"Node Type": "Index Only Scan", "Parent Relationship": "Inner", "Parallel Aware": false, "Async Capable": false, "Scan Direction": "Forward", "Index Name": "idx_postlinks_relatedpostid", "Relation Name": "postlinks", "Alias": "pl", "Startup Cost": 0.29, "Total Cost": 0.62, "Plan Rows": 2, "Plan Width": 4, "Actual Rows": 1, "Actual Loops": 325, "Index Cond": "(relatedpostid = c.postid)", "Rows Removed by Index Recheck": 0, "Heap Fetches": 0, "Workers": []}]}, {"Node Type": "Index Scan", "Parent Relationship": "Inner", "Parallel Aware": false, "Async Capable": false, "Scan Direction": "Forward", "Index Name": "posts_pkey", "Relation Name": "posts", "Alias": "p", "Startup Cost": 0.29, "Total Cost": 0.71, "Plan Rows": 1, "Plan Width": 4, "Actual Rows": 0, "Actual Loops": 187, "Index Cond": "(id = pl.relatedpostid)", "Rows Removed by Index Recheck": 0, "Filter": "(score <= 8)", "Rows Removed by Filter": 1, "Workers": []}]}, {"Node Type": "Index Scan", "Parent Relationship": "Inner", "Parallel Aware": false, "Async Capable": false, "Scan Direction": "Forward", "Index Name": "idx_posthistory_postid", "Relation Name": "posthistory", "Alias": "ph", "Startup Cost": 0.42, "Total Cost": 0.63, "Plan Rows": 1, "Plan Width": 4, "Actual Rows": 1, "Actual Loops": 45, "Index Cond": "(postid = p.id)", "Rows Removed by Index Recheck": 0, "Filter": "(posthistorytypeid = 5)", "Rows Removed by Filter": 5, "Workers": []}]}, {"Node Type": "Index Scan", "Parent Relationship": "Inner", "Parallel Aware": false, "Async Capable": false, "Scan Direction": "Forward", "Index Name": "idx_badges_userid", "Relation Name": "badges", "Alias": "b", "Startup Cost": 0.29, "Total Cost": 6.24, "Plan Rows": 1, "Plan Width": 4, "Actual Rows": 3, "Actual Loops": 32, "Index Cond": "(userid = c.userid)", "Rows Removed by Index Recheck": 0, "Filter": "(date <= '2010-08-27 09:17:43'::timestamp without time zone)", "Rows Removed by Filter": 193, "Workers": []}]}]}]}]}]}]}, "Planning Time": 8.365, "Triggers": [], "Execution Time": 60.413}, {"Plan": {"Node Type": "Aggregate", "Strategy": "Plain", "Partial Mode": "Simple", "Parallel Aware": false, "Async Capable": false, "Startup Cost": 6286.94, "Total Cost": 6286.95, "Plan Rows": 1, "Plan Width": 8, "Actual Rows": 1, "Actual Loops": 1, "Plans": [{"Node Type": "Hash Join", "Parent Relationship": "Outer", "Parallel Aware": false, "Async Capable": false, "Join Type": "Inner", "Startup Cost": 6050.05, "Total Cost": 6286.49, "Plan Rows": 12.0, "Plan Width": 0, "Actual Rows": 754, "Actual Loops": 1, "Inner Unique": false, "Hash Cond": "(pl.relatedpostid = p.id)", "Plans": [{"Node Type": "Seq Scan", "Parent Relationship": "Outer", "Parallel Aware": false, "Async Capable": false, "Relation Name": "postlinks", "Alias": "pl", "Startup Cost": 0.0, "Total Cost": 193.02, "Plan Rows": 11102, "Plan Width": 4, "Actual Rows": 11102, "Actual Loops": 1}, {"Node Type": "Hash", "Parent Relationship": "Inner", "Parallel Aware": false, "Async Capable": false, "Startup Cost": 6031.52, "Total Cost": 6031.52, "Plan Rows": 9.0, "Plan Width": 16, "Actual Rows": 2442, "Actual Loops": 1, "Hash Buckets": 4096, "Original Hash Buckets": 2048, "Hash Batches": 1, "Original Hash Batches": 1, "Peak Memory Usage": 147, "Plans": [{"Node Type": "Nested Loop", "Parent Relationship": "Outer", "Parallel Aware": false, "Async Capable": false, "Join Type": "Inner", "Startup Cost": 1001.43, "Total Cost": 6031.52, "Plan Rows": 9.0, "Plan Width": 16, "Actual Rows": 2442, "Actual Loops": 1, "Inner Unique": false, "Plans": [{"Node Type": "Gather", "Parent Relationship": "Outer", "Parallel Aware": false, "Async Capable": false, "Startup Cost": 1001.01, "Total Cost": 5788.57, "Plan Rows": 1.0, "Plan Width": 12, "Actual Rows": 466, "Actual Loops": 1, "Workers Planned": 1, "Workers Launched": 1, "Single Copy": false, "Plans": [{"Node Type": "Nested Loop", "Parent Relationship": "Outer", "Parallel Aware": false, "Async Capable": false, "Join Type": "Inner", "Startup Cost": 1.01, "Total Cost": 4746.97, "Plan Rows": 1.0, "Plan Width": 12, "Actual Rows": 233, "Actual Loops": 2, "Inner Unique": false, "Workers": [], "Plans": [{"Node Type": "Nested Loop", "Parent Relationship": "Outer", "Parallel Aware": false, "Async Capable": false, "Join Type": "Inner", "Startup Cost": 0.71, "Total Cost": 3903.0, "Plan Rows": 1.0, "Plan Width": 16, "Actual Rows": 90, "Actual Loops": 2, "Inner Unique": false, "Workers": [], "Plans": [{"Node Type": "Nested Loop", "Parent Relationship": "Outer", "Parallel Aware": false, "Async Capable": false, "Join Type": "Inner", "Startup Cost": 0.29, "Total Cost": 3788.56, "Plan Rows": 6.0, "Plan Width": 12, "Actual Rows": 100, "Actual Loops": 2, "Inner Unique": true, "Workers": [], "Plans": [{"Node Type": "Seq Scan", "Parent Relationship": "Outer", "Parallel Aware": true, "Async Capable": false, "Relation Name": "comments", "Alias": "c", "Startup Cost": 0.0, "Total Cost": 2625.65, "Plan Rows": 190, "Plan Width": 8, "Actual Rows": 162, "Actual Loops": 2, "Filter": "(score = 6)", "Rows Removed by Filter": 86990, "Workers": []}, {"Node Type": "Index Scan", "Parent Relationship": "Inner", "Parallel Aware": false, "Async Capable": false, "Scan Direction": "Forward", "Index Name": "posts_pkey", "Relation Name": "posts", "Alias": "p", "Startup Cost": 0.29, "Total Cost": 6.12, "Plan Rows": 1, "Plan Width": 4, "Actual Rows": 1, "Actual Loops": 325, "Index Cond": "(id = c.postid)", "Rows Removed by Index Recheck": 0, "Filter": "(score <= 8)", "Rows Removed by Filter": 0, "Workers": []}]}, {"Node Type": "Index Scan", "Parent Relationship": "Inner", "Parallel Aware": false, "Async Capable": false, "Scan Direction": "Forward", "Index Name": "idx_posthistory_postid", "Relation Name": "posthistory", "Alias": "ph", "Startup Cost": 0.42, "Total Cost": 0.63, "Plan Rows": 1, "Plan Width": 4, "Actual Rows": 1, "Actual Loops": 199, "Index Cond": "(postid = p.id)", "Rows Removed by Index Recheck": 0, "Filter": "(posthistorytypeid = 5)", "Rows Removed by Filter": 4, "Workers": []}]}, {"Node Type": "Index Scan", "Parent Relationship": "Inner", "Parallel Aware": false, "Async Capable": false, "Scan Direction": "Forward", "Index Name": "idx_badges_userid", "Relation Name": "badges", "Alias": "b", "Startup Cost": 0.29, "Total Cost": 6.24, "Plan Rows": 1, "Plan Width": 4, "Actual Rows": 3, "Actual Loops": 181, "Index Cond": "(userid = c.userid)", "Rows Removed by Index Recheck": 0, "Filter": "(date <= '2010-08-27 09:17:43'::timestamp without time zone)", "Rows Removed by Filter": 164, "Workers": []}]}]}, {"Node Type": "Index Only Scan", "Parent Relationship": "Inner", "Parallel Aware": false, "Async Capable": false, "Scan Direction": "Forward", "Index Name": "idx_votes_postid", "Relation Name": "votes", "Alias": "v", "Startup Cost": 0.42, "Total Cost": 0.53, "Plan Rows": 5, "Plan Width": 4, "Actual Rows": 5, "Actual Loops": 466, "Index Cond": "(postid = p.id)", "Rows Removed by Index Recheck": 0, "Heap Fetches": 0}]}]}]}]}, "Planning Time": 7.763, "Triggers": [], "Execution Time": 31.532}, {"Plan": {"Node Type": "Aggregate", "Strategy": "Plain", "Partial Mode": "Simple", "Parallel Aware": false, "Async Capable": false, "Startup Cost": 23056.41, "Total Cost": 23056.42, "Plan Rows": 1, "Plan Width": 8, "Actual Rows": 1, "Actual Loops": 1, "Plans": [{"Node Type": "Merge Join", "Parent Relationship": "Outer", "Parallel Aware": false, "Async Capable": false, "Join Type": "Inner", "Startup Cost": 3538.01, "Total Cost": 23055.96, "Plan Rows": 12.0, "Plan Width": 0, "Actual Rows": 754, "Actual Loops": 1, "Inner Unique": false, "Merge Cond": "(p.id = pl.relatedpostid)", "Plans": [{"Node Type": "Nested Loop", "Parent Relationship": "Outer", "Parallel Aware": false, "Async Capable": false, "Join Type": "Inner", "Startup Cost": 3536.86, "Total Cost": 9133.48, "Plan Rows": 4.0, "Plan Width": 8, "Actual Rows": 512, "Actual Loops": 1, "Inner Unique": false, "Plans": [{"Node Type": "Merge Join", "Parent Relationship": "Outer", "Parallel Aware": false, "Async Capable": false, "Join Type": "Inner", "Startup Cost": 3536.57, "Total Cost": 7226.73, "Plan Rows": 6.0, "Plan Width": 12, "Actual Rows": 199, "Actual Loops": 1, "Inner Unique": false, "Merge Cond": "(p.id = c.postid)", "Plans": [{"Node Type": "Index Scan", "Parent Relationship": "Outer", "Parallel Aware": false, "Async Capable": false, "Scan Direction": "Forward", "Index Name": "posts_pkey", "Relation Name": "posts", "Alias": "p", "Startup Cost": 0.29, "Total Cost": 3469.11, "Plan Rows": 86709, "Plan Width": 4, "Actual Rows": 86168, "Actual Loops": 1, "Filter": "(score <= 8)", "Rows Removed by Filter": 5263}, {"Node Type": "Sort", "Parent Relationship": "Inner", "Parallel Aware": false, "Async Capable": false, "Startup Cost": 3536.27, "Total Cost": 3537.08, "Plan Rows": 323, "Plan Width": 8, "Actual Rows": 325, "Actual Loops": 1, "Sort Key": ["c.postid"], "Sort Method": "quicksort", "Sort Space Used": 35, "Sort Space Type": "Memory", "Plans": [{"Node Type": "Seq Scan", "Parent Relationship": "Outer", "Parallel Aware": false, "Async Capable": false, "Relation Name": "comments", "Alias": "c", "Startup Cost": 0.0, "Total Cost": 3522.81, "Plan Rows": 323, "Plan Width": 8, "Actual Rows": 325, "Actual Loops": 1, "Filter": "(score = 6)", "Rows Removed by Filter": 173980}]}]}, {"Node Type": "Index Scan", "Parent Relationship": "Inner", "Parallel Aware": false, "Async Capable": false, "Scan Direction": "Forward", "Index Name": "idx_badges_userid", "Relation Name": "badges", "Alias": "b", "Startup Cost": 0.29, "Total Cost": 6.24, "Plan Rows": 1, "Plan Width": 4, "Actual Rows": 3, "Actual Loops": 199, "Index Cond": "(userid = c.userid)", "Rows Removed by Index Recheck": 0, "Filter": "(date <= '2010-08-27 09:17:43'::timestamp without time zone)", "Rows Removed by Filter": 165}]}, {"Node Type": "Materialize", "Parent Relationship": "Inner", "Parallel Aware": false, "Async Capable": false, "Startup Cost": 1.15, "Total Cost": 13300.72, "Plan Rows": 3161.0, "Plan Width": 12, "Actual Rows": 393049, "Actual Loops": 1, "Plans": [{"Node Type": "Nested Loop", "Parent Relationship": "Outer", "Parallel Aware": false, "Async Capable": false, "Join Type": "Inner", "Startup Cost": 1.15, "Total Cost": 12684.93, "Plan Rows": 3161.0, "Plan Width": 12, "Actual Rows": 392392, "Actual Loops": 1, "Inner Unique": false, "Plans": [{"Node Type": "Nested Loop", "Parent Relationship": "Outer", "Parallel Aware": false, "Async Capable": false, "Join Type": "Inner", "Startup Cost": 0.72, "Total Cost": 8270.17, "Plan Rows": 105.0, "Plan Width": 8, "Actual Rows": 13871, "Actual Loops": 1, "Inner Unique": false, "Plans": [{"Node Type": "Index Only Scan", "Parent Relationship": "Outer", "Parallel Aware": false, "Async Capable": false, "Scan Direction": "Forward", "Index Name": "idx_postlinks_relatedpostid", "Relation Name": "postlinks", "Alias": "pl", "Startup Cost": 0.29, "Total Cost": 262.81, "Plan Rows": 11102, "Plan Width": 4, "Actual Rows": 11101, "Actual Loops": 1, "Heap Fetches": 0}, {"Node Type": "Memoize", "Parent Relationship": "Inner", "Parallel Aware": false, "Async Capable": false, "Startup Cost": 0.43, "Total Cost": 1.5, "Plan Rows": 1, "Plan Width": 4, "Actual Rows": 1, "Actual Loops": 11101, "Cache Key": "pl.relatedpostid", "Cache Mode": "logical", "Cache Hits": 5924, "Cache Misses": 5177, "Cache Evictions": 0, "Cache Overflows": 0, "Peak Memory Usage": 562, "Plans": [{"Node Type": "Index Scan", "Parent Relationship": "Outer", "Parallel Aware": false, "Async Capable": false, "Scan Direction": "Forward", "Index Name": "idx_posthistory_postid", "Relation Name": "posthistory", "Alias": "ph", "Startup Cost": 0.42, "Total Cost": 1.49, "Plan Rows": 1, "Plan Width": 4, "Actual Rows": 1, "Actual Loops": 5177, "Index Cond": "(postid = pl.relatedpostid)", "Rows Removed by Index Recheck": 0, "Filter": "(posthistorytypeid = 5)", "Rows Removed by Filter": 5}]}]}, {"Node Type": "Memoize", "Parent Relationship": "Inner", "Parallel Aware": false, "Async Capable": false, "Startup Cost": 0.43, "Total Cost": 0.71, "Plan Rows": 5, "Plan Width": 4, "Actual Rows": 28, "Actual Loops": 13871, "Cache Key": "pl.relatedpostid", "Cache Mode": "logical", "Cache Hits": 10590, "Cache Misses": 3281, "Cache Evictions": 0, "Cache Overflows": 0, "Peak Memory Usage": 1460, "Plans": [{"Node Type": "Index Only Scan", "Parent Relationship": "Outer", "Parallel Aware": false, "Async Capable": false, "Scan Direction": "Forward", "Index Name": "idx_votes_postid", "Relation Name": "votes", "Alias": "v", "Startup Cost": 0.42, "Total Cost": 0.7, "Plan Rows": 5, "Plan Width": 4, "Actual Rows": 11, "Actual Loops": 3281, "Index Cond": "(postid = pl.relatedpostid)", "Rows Removed by Index Recheck": 0, "Heap Fetches": 0}]}]}]}]}]}, "Planning Time": 6.849, "Triggers": [], "Execution Time": 245.681}, {"Plan": {"Node Type": "Aggregate", "Strategy": "Plain", "Partial Mode": "Finalize", "Parallel Aware": false, "Async Capable": false, "Startup Cost": 4188.42, "Total Cost": 4188.43, "Plan Rows": 1, "Plan Width": 8, "Actual Rows": 1, "Actual Loops": 1, "Plans": [{"Node Type": "Gather", "Parent Relationship": "Outer", "Parallel Aware": false, "Async Capable": false, "Startup Cost": 4188.31, "Total Cost": 4188.42, "Plan Rows": 1, "Plan Width": 8, "Actual Rows": 2, "Actual Loops": 1, "Workers Planned": 1, "Workers Launched": 1, "Single Copy": false, "Plans": [{"Node Type": "Aggregate", "Strategy": "Plain", "Partial Mode": "Partial", "Parent Relationship": "Outer", "Parallel Aware": false, "Async Capable": false, "Startup Cost": 3188.31, "Total Cost": 3188.32, "Plan Rows": 1, "Plan Width": 8, "Actual Rows": 1, "Actual Loops": 2, "Workers": [], "Plans": [{"Node Type": "Nested Loop", "Parent Relationship": "Outer", "Parallel Aware": false, "Async Capable": false, "Join Type": "Inner", "Startup Cost": 1.71, "Total Cost": 3188.04, "Plan Rows": 12.0, "Plan Width": 0, "Actual Rows": 377, "Actual Loops": 2, "Inner Unique": true, "Join Filter": "(c.postid = p.id)", "Rows Removed by Join Filter": 0, "Workers": [], "Plans": [{"Node Type": "Nested Loop", "Parent Relationship": "Outer", "Parallel Aware": false, "Async Capable": false, "Join Type": "Inner", "Startup Cost": 1.42, "Total Cost": 3072.67, "Plan Rows": 150.0, "Plan Width": 16, "Actual Rows": 7659, "Actual Loops": 2, "Inner Unique": false, "Join Filter": "(c.postid = v.postid)", "Rows Removed by Join Filter": 0, "Workers": [], "Plans": [{"Node Type": "Nested Loop", "Parent Relationship": "Outer", "Parallel Aware": false, "Async Capable": false, "Join Type": "Inner", "Startup Cost": 1.0, "Total Cost": 3033.51, "Plan Rows": 7.0, "Plan Width": 12, "Actual Rows": 184, "Actual Loops": 2, "Inner Unique": false, "Workers": [], "Plans": [{"Node Type": "Nested Loop", "Parent Relationship": "Outer", "Parallel Aware": false, "Async Capable": false, "Join Type": "Inner", "Startup Cost": 0.71, "Total Cost": 2808.45, "Plan Rows": 13.0, "Plan Width": 16, "Actual Rows": 98, "Actual Loops": 2, "Inner Unique": false, "Join Filter": "(c.postid = ph.postid)", "Rows Removed by Join Filter": 0, "Workers": [], "Plans": [{"Node Type": "Nested Loop", "Parent Relationship": "Outer", "Parallel Aware": false, "Async Capable": false, "Join Type": "Inner", "Startup Cost": 0.29, "Total Cost": 2746.73, "Plan Rows": 132.0, "Plan Width": 12, "Actual Rows": 94, "Actual Loops": 2, "Inner Unique": false, "Workers": [], "Plans": [{"Node Type": "Seq Scan", "Parent Relationship": "Outer", "Parallel Aware": true, "Async Capable": false, "Relation Name": "comments", "Alias": "c", "Startup Cost": 0.0, "Total Cost": 2625.65, "Plan Rows": 190, "Plan Width": 8, "Actual Rows": 162, "Actual Loops": 2, "Filter": "(score = 6)", "Rows Removed by Filter": 86990, "Workers": []}, {"Node Type": "Index Only Scan", "Parent Relationship": "Inner", "Parallel Aware": false, "Async Capable": false, "Scan Direction": "Forward", "Index Name": "idx_postlinks_relatedpostid", "Relation Name": "postlinks", "Alias": "pl", "Startup Cost": 0.29, "Total Cost": 0.62, "Plan Rows": 2, "Plan Width": 4, "Actual Rows": 1, "Actual Loops": 325, "Index Cond": "(relatedpostid = c.postid)", "Rows Removed by Index Recheck": 0, "Heap Fetches": 0, "Workers": []}]}, {"Node Type": "Index Scan", "Parent Relationship": "Inner", "Parallel Aware": false, "Async Capable": false, "Scan Direction": "Forward", "Index Name": "idx_posthistory_postid", "Relation Name": "posthistory", "Alias": "ph", "Startup Cost": 0.42, "Total Cost": 1.49, "Plan Rows": 1, "Plan Width": 4, "Actual Rows": 1, "Actual Loops": 187, "Index Cond": "(postid = pl.relatedpostid)", "Rows Removed by Index Recheck": 0, "Filter": "(posthistorytypeid = 5)", "Rows Removed by Filter": 6, "Workers": []}]}, {"Node Type": "Index Scan", "Parent Relationship": "Inner", "Parallel Aware": false, "Async Capable": false, "Scan Direction": "Forward", "Index Name": "idx_badges_userid", "Relation Name": "badges", "Alias": "b", "Startup Cost": 0.29, "Total Cost": 6.24, "Plan Rows": 1, "Plan Width": 4, "Actual Rows": 2, "Actual Loops": 195, "Index Cond": "(userid = c.userid)", "Rows Removed by Index Recheck": 0, "Filter": "(date <= '2010-08-27 09:17:43'::timestamp without time zone)", "Rows Removed by Filter": 121, "Workers": []}]}, {"Node Type": "Index Only Scan", "Parent Relationship": "Inner", "Parallel Aware": false, "Async Capable": false, "Scan Direction": "Forward", "Index Name": "idx_votes_postid", "Relation Name": "votes", "Alias": "v", "Startup Cost": 0.42, "Total Cost": 0.54, "Plan Rows": 5, "Plan Width": 4, "Actual Rows": 42, "Actual Loops": 367, "Index Cond": "(postid = ph.postid)", "Rows Removed by Index Recheck": 0, "Heap Fetches": 0, "Workers": []}]}, {"Node Type": "Index Scan", "Parent Relationship": "Inner", "Parallel Aware": false, "Async Capable": false, "Scan Direction": "Forward", "Index Name": "posts_pkey", "Relation Name": "posts", "Alias": "p", "Startup Cost": 0.29, "Total Cost": 0.33, "Plan Rows": 1, "Plan Width": 4, "Actual Rows": 0, "Actual Loops": 15318, "Index Cond": "(id = v.postid)", "Rows Removed by Index Recheck": 0, "Filter": "(score <= 8)", "Rows Removed by Filter": 1, "Workers": []}]}]}]}]}, "Planning Time": 8.082, "Triggers": [], "Execution Time": 31.325}, {"Plan": {"Node Type": "Aggregate", "Strategy": "Plain", "Partial Mode": "Simple", "Parallel Aware": false, "Async Capable": false, "Startup Cost": 14890.9, "Total Cost": 14890.91, "Plan Rows": 1, "Plan Width": 8, "Actual Rows": 1, "Actual Loops": 1, "Plans": [{"Node Type": "Merge Join", "Parent Relationship": "Outer", "Parallel Aware": false, "Async Capable": false, "Join Type": "Inner", "Startup Cost": 6192.34, "Total Cost": 14890.45, "Plan Rows": 12.0, "Plan Width": 0, "Actual Rows": 754, "Actual Loops": 1, "Inner Unique": false, "Merge Cond": "(p.id = c.postid)", "Plans": [{"Node Type": "Nested Loop", "Parent Relationship": "Outer", "Parallel Aware": false, "Async Capable": false, "Join Type": "Inner", "Startup Cost": 1.01, "Total Cost": 8601.38, "Plan Rows": 2359.0, "Plan Width": 12, "Actual Rows": 32621, "Actual Loops": 1, "Inner Unique": false, "Join Filter": "(p.id = v.postid)", "Rows Removed by Join Filter": 0, "Plans": [{"Node Type": "Merge Join", "Parent Relationship": "Outer", "Parallel Aware": false, "Async Capable": false, "Join Type": "Inner", "Startup Cost": 0.58, "Total Cost": 4073.2, "Plan Rows": 125.0, "Plan Width": 8, "Actual Rows": 5952, "Actual Loops": 1, "Inner Unique": false, "Merge Cond": "(p.id = pl.relatedpostid)", "Plans": [{"Node Type": "Index Scan", "Parent Relationship": "Outer", "Parallel Aware": false, "Async Capable": false, "Scan Direction": "Forward", "Index Name": "posts_pkey", "Relation Name": "posts", "Alias": "p", "Startup Cost": 0.29, "Total Cost": 3469.11, "Plan Rows": 86709, "Plan Width": 4, "Actual Rows": 86074, "Actual Loops": 1, "Filter": "(score <= 8)", "Rows Removed by Filter": 5257}, {"Node Type": "Index Only Scan", "Parent Relationship": "Inner", "Parallel Aware": false, "Async Capable": false, "Scan Direction": "Forward", "Index Name": "idx_postlinks_relatedpostid", "Relation Name": "postlinks", "Alias": "pl", "Startup Cost": 0.29, "Total Cost": 262.81, "Plan Rows": 11102, "Plan Width": 4, "Actual Rows": 11099, "Actual Loops": 1, "Heap Fetches": 0}]}, {"Node Type": "Memoize", "Parent Relationship": "Inner", "Parallel Aware": false, "Async Capable": false, "Startup Cost": 0.43, "Total Cost": 0.71, "Plan Rows": 5, "Plan Width": 4, "Actual Rows": 5, "Actual Loops": 5952, "Cache Key": "pl.relatedpostid", "Cache Mode": "logical", "Cache Hits": 1981, "Cache Misses": 3971, "Cache Evictions": 0, "Cache Overflows": 0, "Peak Memory Usage": 927, "Plans": [{"Node Type": "Index Only Scan", "Parent Relationship": "Outer", "Parallel Aware": false, "Async Capable": false, "Scan Direction": "Forward", "Index Name": "idx_votes_postid", "Relation Name": "votes", "Alias": "v", "Startup Cost": 0.42, "Total Cost": 0.7, "Plan Rows": 5, "Plan Width": 4, "Actual Rows": 5, "Actual Loops": 3971, "Index Cond": "(postid = pl.relatedpostid)", "Rows Removed by Index Recheck": 0, "Heap Fetches": 0}]}]}, {"Node Type": "Sort", "Parent Relationship": "Inner", "Parallel Aware": false, "Async Capable": false, "Startup Cost": 6191.33, "Total Cost": 6192.61, "Plan Rows": 5.0, "Plan Width": 8, "Actual Rows": 1580, "Actual Loops": 1, "Sort Key": ["c.postid"], "Sort Method": "quicksort", "Sort Space Used": 51, "Sort Space Type": "Memory", "Plans": [{"Node Type": "Gather", "Parent Relationship": "Outer", "Parallel Aware": false, "Async Capable": false, "Startup Cost": 1000.72, "Total Cost": 6168.24, "Plan Rows": 5.0, "Plan Width": 8, "Actual Rows": 860, "Actual Loops": 1, "Workers Planned": 1, "Workers Launched": 1, "Single Copy": false, "Plans": [{"Node Type": "Nested Loop", "Parent Relationship": "Outer", "Parallel Aware": false, "Async Capable": false, "Join Type": "Inner", "Startup Cost": 0.71, "Total Cost": 5116.94, "Plan Rows": 5.0, "Plan Width": 8, "Actual Rows": 430, "Actual Loops": 2, "Inner Unique": false, "Workers": [], "Plans": [{"Node Type": "Nested Loop", "Parent Relationship": "Outer", "Parallel Aware": false, "Async Capable": false, "Join Type": "Inner", "Startup Cost": 0.42, "Total Cost": 4072.92, "Plan Rows": 9.0, "Plan Width": 12, "Actual Rows": 167, "Actual Loops": 2, "Inner Unique": false, "Workers": [], "Plans": [{"Node Type": "Seq Scan", "Parent Relationship": "Outer", "Parallel Aware": true, "Async Capable": false, "Relation Name": "comments", "Alias": "c", "Startup Cost": 0.0, "Total Cost": 2625.65, "Plan Rows": 190, "Plan Width": 8, "Actual Rows": 162, "Actual Loops": 2, "Filter": "(score = 6)", "Rows Removed by Filter": 86990, "Workers": []}, {"Node Type": "Index Scan", "Parent Relationship": "Inner", "Parallel Aware": false, "Async Capable": false, "Scan Direction": "Forward", "Index Name": "idx_posthistory_postid", "Relation Name": "posthistory", "Alias": "ph", "Startup Cost": 0.42, "Total Cost": 7.61, "Plan Rows": 1, "Plan Width": 4, "Actual Rows": 1, "Actual Loops": 325, "Index Cond": "(postid = c.postid)", "Rows Removed by Index Recheck": 0, "Filter": "(posthistorytypeid = 5)", "Rows Removed by Filter": 4, "Workers": []}]}, {"Node Type": "Index Scan", "Parent Relationship": "Inner", "Parallel Aware": false, "Async Capable": false, "Scan Direction": "Forward", "Index Name": "idx_badges_userid", "Relation Name": "badges", "Alias": "b", "Startup Cost": 0.29, "Total Cost": 6.24, "Plan Rows": 1, "Plan Width": 4, "Actual Rows": 3, "Actual Loops": 334, "Index Cond": "(userid = c.userid)", "Rows Removed by Index Recheck": 0, "Filter": "(date <= '2010-08-27 09:17:43'::timestamp without time zone)", "Rows Removed by Filter": 145, "Workers": []}]}]}]}]}]}, "Planning Time": 6.253, "Triggers": [], "Execution Time": 84.002}, {"Plan": {"Node Type": "Aggregate", "Strategy": "Plain", "Partial Mode": "Finalize", "Parallel Aware": false, "Async Capable": false, "Startup Cost": 23414.57, "Total Cost": 23414.58, "Plan Rows": 1, "Plan Width": 8, "Actual Rows": 1, "Actual Loops": 1, "Plans": [{"Node Type": "Gather", "Parent Relationship": "Outer", "Parallel Aware": false, "Async Capable": false, "Startup Cost": 23414.46, "Total Cost": 23414.57, "Plan Rows": 1, "Plan Width": 8, "Actual Rows": 2, "Actual Loops": 1, "Workers Planned": 1, "Workers Launched": 1, "Single Copy": false, "Plans": [{"Node Type": "Aggregate", "Strategy": "Plain", "Partial Mode": "Partial", "Parent Relationship": "Outer", "Parallel Aware": false, "Async Capable": false, "Startup Cost": 22414.46, "Total Cost": 22414.47, "Plan Rows": 1, "Plan Width": 8, "Actual Rows": 1, "Actual Loops": 2, "Workers": [], "Plans": [{"Node Type": "Merge Join", "Parent Relationship": "Outer", "Parallel Aware": false, "Async Capable": false, "Join Type": "Inner", "Startup Cost": 3537.99, "Total Cost": 22414.19, "Plan Rows": 12.0, "Plan Width": 0, "Actual Rows": 377, "Actual Loops": 2, "Inner Unique": false, "Merge Cond": "(ph.postid = p.id)", "Workers": [], "Plans": [{"Node Type": "Merge Join", "Parent Relationship": "Outer", "Parallel Aware": false, "Async Capable": false, "Join Type": "Inner", "Startup Cost": 0.84, "Total Cost": 17871.88, "Plan Rows": 2151.0, "Plan Width": 8, "Actual Rows": 152970, "Actual Loops": 2, "Inner Unique": false, "Merge Cond": "(ph.postid = v.postid)", "Workers": [], "Plans": [{"Node Type": "Index Scan", "Parent Relationship": "Outer", "Parallel Aware": true, "Async Capable": false, "Scan Direction": "Forward", "Index Name": "idx_posthistory_postid", "Relation Name": "posthistory", "Alias": "ph", "Startup Cost": 0.42, "Total Cost": 8270.95, "Plan Rows": 40839, "Plan Width": 4, "Actual Rows": 26910, "Actual Loops": 2, "Filter": "(posthistorytypeid = 5)", "Rows Removed by Filter": 87943, "Workers": []}, {"Node Type": "Index Only Scan", "Parent Relationship": "Inner", "Parallel Aware": false, "Async Capable": false, "Scan Direction": "Forward", "Index Name": "idx_votes_postid", "Relation Name": "votes", "Alias": "v", "Startup Cost": 0.42, "Total Cost": 6957.68, "Plan Rows": 328064, "Plan Width": 4, "Actual Rows": 360657, "Actual Loops": 2, "Heap Fetches": 0, "Workers": []}]}, {"Node Type": "Materialize", "Parent Relationship": "Inner", "Parallel Aware": false, "Async Capable": false, "Startup Cost": 3537.14, "Total Cost": 4110.25, "Plan Rows": 5.0, "Plan Width": 12, "Actual Rows": 435, "Actual Loops": 2, "Workers": [], "Plans": [{"Node Type": "Nested Loop", "Parent Relationship": "Outer", "Parallel Aware": false, "Async Capable": false, "Join Type": "Inner", "Startup Cost": 3537.14, "Total Cost": 4110.08, "Plan Rows": 5.0, "Plan Width": 12, "Actual Rows": 91, "Actual Loops": 2, "Inner Unique": false, "Workers": [], "Plans": [{"Node Type": "Nested Loop", "Parent Relationship": "Outer", "Parallel Aware": false, "Async Capable": false, "Join Type": "Inner", "Startup Cost": 3536.85, "Total Cost": 3878.77, "Plan Rows": 7.0, "Plan Width": 16, "Actual Rows": 45, "Actual Loops": 2, "Inner Unique": true, "Join Filter": "(c.postid = p.id)", "Rows Removed by Join Filter": 0, "Workers": [], "Plans": [{"Node Type": "Merge Join", "Parent Relationship": "Outer", "Parallel Aware": false, "Async Capable": false, "Join Type": "Inner", "Startup Cost": 3536.56, "Total Cost": 3829.15, "Plan Rows": 132.0, "Plan Width": 12, "Actual Rows": 187, "Actual Loops": 2, "Inner Unique": false, "Merge Cond": "(pl.relatedpostid = c.postid)", "Workers": [], "Plans": [{"Node Type": "Index Only Scan", "Parent Relationship": "Outer", "Parallel Aware": false, "Async Capable": false, "Scan Direction": "Forward", "Index Name": "idx_postlinks_relatedpostid", "Relation Name": "postlinks", "Alias": "pl", "Startup Cost": 0.29, "Total Cost": 262.81, "Plan Rows": 11102, "Plan Width": 4, "Actual Rows": 11100, "Actual Loops": 2, "Heap Fetches": 0, "Workers": []}, {"Node Type": "Sort", "Parent Relationship": "Inner", "Parallel Aware": false, "Async Capable": false, "Startup Cost": 3536.27, "Total Cost": 3537.08, "Plan Rows": 323, "Plan Width": 8, "Actual Rows": 446, "Actual Loops": 2, "Sort Key": ["c.postid"], "Sort Method": "quicksort", "Sort Space Used": 35, "Sort Space Type": "Memory", "Workers": [{"Worker Number": 0, "Sort Method": "quicksort", "Sort Space Used": 35, "Sort Space Type": "Memory"}], "Plans": [{"Node Type": "Seq Scan", "Parent Relationship": "Outer", "Parallel Aware": false, "Async Capable": false, "Relation Name": "comments", "Alias": "c", "Startup Cost": 0.0, "Total Cost": 3522.81, "Plan Rows": 323, "Plan Width": 8, "Actual Rows": 325, "Actual Loops": 2, "Filter": "(score = 6)", "Rows Removed by Filter": 173980, "Workers": []}]}]}, {"Node Type": "Index Scan", "Parent Relationship": "Inner", "Parallel Aware": false, "Async Capable": false, "Scan Direction": "Forward", "Index Name": "posts_pkey", "Relation Name": "posts", "Alias": "p", "Startup Cost": 0.29, "Total Cost": 0.71, "Plan Rows": 1, "Plan Width": 4, "Actual Rows": 0, "Actual Loops": 374, "Index Cond": "(id = pl.relatedpostid)", "Rows Removed by Index Recheck": 0, "Filter": "(score <= 8)", "Rows Removed by Filter": 1, "Workers": []}]}, {"Node Type": "Index Scan", "Parent Relationship": "Inner", "Parallel Aware": false, "Async Capable": false, "Scan Direction": "Forward", "Index Name": "idx_badges_userid", "Relation Name": "badges", "Alias": "b", "Startup Cost": 0.29, "Total Cost": 6.24, "Plan Rows": 1, "Plan Width": 4, "Actual Rows": 2, "Actual Loops": 90, "Index Cond": "(userid = c.userid)", "Rows Removed by Index Recheck": 0, "Filter": "(date <= '2010-08-27 09:17:43'::timestamp without time zone)", "Rows Removed by Filter": 141, "Workers": []}]}]}]}]}]}]}, "Planning Time": 12.151, "Triggers": [], "Execution Time": 165.311}, {"Plan": {"Node Type": "Aggregate", "Strategy": "Plain", "Partial Mode": "Simple", "Parallel Aware": false, "Async Capable": false, "Startup Cost": 7832.02, "Total Cost": 7832.03, "Plan Rows": 1, "Plan Width": 8, "Actual Rows": 1, "Actual Loops": 1, "Plans": [{"Node Type": "Merge Join", "Parent Relationship": "Outer", "Parallel Aware": false, "Async Capable": false, "Join Type": "Inner", "Startup Cost": 4137.7, "Total Cost": 7831.57, "Plan Rows": 12.0, "Plan Width": 0, "Actual Rows": 754, "Actual Loops": 1, "Inner Unique": false, "Merge Cond": "(p.id = c.postid)", "Plans": [{"Node Type": "Index Scan", "Parent Relationship": "Outer", "Parallel Aware": false, "Async Capable": false, "Scan Direction": "Forward", "Index Name": "posts_pkey", "Relation Name": "posts", "Alias": "p", "Startup Cost": 0.29, "Total Cost": 3469.11, "Plan Rows": 86709, "Plan Width": 4, "Actual Rows": 65720, "Actual Loops": 1, "Filter": "(score <= 8)", "Rows Removed by Filter": 4936}, {"Node Type": "Sort", "Parent Relationship": "Inner", "Parallel Aware": false, "Async Capable": false, "Startup Cost": 4137.41, "Total Cost": 4138.86, "Plan Rows": 150.0, "Plan Width": 16, "Actual Rows": 15318, "Actual Loops": 1, "Sort Key": ["c.postid"], "Sort Method": "quicksort", "Sort Space Used": 983, "Sort Space Type": "Memory", "Plans": [{"Node Type": "Nested Loop", "Parent Relationship": "Outer", "Parallel Aware": false, "Async Capable": false, "Join Type": "Inner", "Startup Cost": 1001.42, "Total Cost": 4110.78, "Plan Rows": 150.0, "Plan Width": 16, "Actual Rows": 15318, "Actual Loops": 1, "Inner Unique": false, "Join Filter": "(c.postid = v.postid)", "Rows Removed by Join Filter": 0, "Plans": [{"Node Type": "Gather", "Parent Relationship": "Outer", "Parallel Aware": false, "Async Capable": false, "Startup Cost": 1001.0, "Total Cost": 4044.51, "Plan Rows": 7.0, "Plan Width": 12, "Actual Rows": 367, "Actual Loops": 1, "Workers Planned": 1, "Workers Launched": 1, "Single Copy": false, "Plans": [{"Node Type": "Nested Loop", "Parent Relationship": "Outer", "Parallel Aware": false, "Async Capable": false, "Join Type": "Inner", "Startup Cost": 1.0, "Total Cost": 3033.51, "Plan Rows": 7.0, "Plan Width": 12, "Actual Rows": 184, "Actual Loops": 2, "Inner Unique": false, "Workers": [], "Plans": [{"Node Type": "Nested Loop", "Parent Relationship": "Outer", "Parallel Aware": false, "Async Capable": false, "Join Type": "Inner", "Startup Cost": 0.71, "Total Cost": 2808.45, "Plan Rows": 13.0, "Plan Width": 16, "Actual Rows": 98, "Actual Loops": 2, "Inner Unique": false, "Join Filter": "(c.postid = ph.postid)", "Rows Removed by Join Filter": 0, "Workers": [], "Plans": [{"Node Type": "Nested Loop", "Parent Relationship": "Outer", "Parallel Aware": false, "Async Capable": false, "Join Type": "Inner", "Startup Cost": 0.29, "Total Cost": 2746.73, "Plan Rows": 132.0, "Plan Width": 12, "Actual Rows": 94, "Actual Loops": 2, "Inner Unique": false, "Workers": [], "Plans": [{"Node Type": "Seq Scan", "Parent Relationship": "Outer", "Parallel Aware": true, "Async Capable": false, "Relation Name": "comments", "Alias": "c", "Startup Cost": 0.0, "Total Cost": 2625.65, "Plan Rows": 190, "Plan Width": 8, "Actual Rows": 162, "Actual Loops": 2, "Filter": "(score = 6)", "Rows Removed by Filter": 86990, "Workers": []}, {"Node Type": "Index Only Scan", "Parent Relationship": "Inner", "Parallel Aware": false, "Async Capable": false, "Scan Direction": "Forward", "Index Name": "idx_postlinks_relatedpostid", "Relation Name": "postlinks", "Alias": "pl", "Startup Cost": 0.29, "Total Cost": 0.62, "Plan Rows": 2, "Plan Width": 4, "Actual Rows": 1, "Actual Loops": 325, "Index Cond": "(relatedpostid = c.postid)", "Rows Removed by Index Recheck": 0, "Heap Fetches": 0, "Workers": []}]}, {"Node Type": "Index Scan", "Parent Relationship": "Inner", "Parallel Aware": false, "Async Capable": false, "Scan Direction": "Forward", "Index Name": "idx_posthistory_postid", "Relation Name": "posthistory", "Alias": "ph", "Startup Cost": 0.42, "Total Cost": 1.49, "Plan Rows": 1, "Plan Width": 4, "Actual Rows": 1, "Actual Loops": 187, "Index Cond": "(postid = pl.relatedpostid)", "Rows Removed by Index Recheck": 0, "Filter": "(posthistorytypeid = 5)", "Rows Removed by Filter": 6, "Workers": []}]}, {"Node Type": "Index Scan", "Parent Relationship": "Inner", "Parallel Aware": false, "Async Capable": false, "Scan Direction": "Forward", "Index Name": "idx_badges_userid", "Relation Name": "badges", "Alias": "b", "Startup Cost": 0.29, "Total Cost": 6.24, "Plan Rows": 1, "Plan Width": 4, "Actual Rows": 2, "Actual Loops": 195, "Index Cond": "(userid = c.userid)", "Rows Removed by Index Recheck": 0, "Filter": "(date <= '2010-08-27 09:17:43'::timestamp without time zone)", "Rows Removed by Filter": 121, "Workers": []}]}]}, {"Node Type": "Index Only Scan", "Parent Relationship": "Inner", "Parallel Aware": false, "Async Capable": false, "Scan Direction": "Forward", "Index Name": "idx_votes_postid", "Relation Name": "votes", "Alias": "v", "Startup Cost": 0.42, "Total Cost": 0.54, "Plan Rows": 5, "Plan Width": 4, "Actual Rows": 42, "Actual Loops": 367, "Index Cond": "(postid = ph.postid)", "Rows Removed by Index Recheck": 0, "Heap Fetches": 0}]}]}]}]}, "Planning Time": 6.193, "Triggers": [], "Execution Time": 46.648}, {"Plan": {"Node Type": "Aggregate", "Strategy": "Plain", "Partial Mode": "Simple", "Parallel Aware": false, "Async Capable": false, "Startup Cost": 19311.09, "Total Cost": 19311.1, "Plan Rows": 1, "Plan Width": 8, "Actual Rows": 1, "Actual Loops": 1, "Plans": [{"Node Type": "Merge Join", "Parent Relationship": "Outer", "Parallel Aware": false, "Async Capable": false, "Join Type": "Inner", "Startup Cost": 5988.94, "Total Cost": 19310.64, "Plan Rows": 12.0, "Plan Width": 0, "Actual Rows": 754, "Actual Loops": 1, "Inner Unique": false, "Merge Cond": "(pl.relatedpostid = p.id)", "Plans": [{"Node Type": "Nested Loop", "Parent Relationship": "Outer", "Parallel Aware": false, "Async Capable": false, "Join Type": "Inner", "Startup Cost": 1.15, "Total Cost": 12684.93, "Plan Rows": 3161.0, "Plan Width": 12, "Actual Rows": 392392, "Actual Loops": 1, "Inner Unique": false, "Plans": [{"Node Type": "Nested Loop", "Parent Relationship": "Outer", "Parallel Aware": false, "Async Capable": false, "Join Type": "Inner", "Startup Cost": 0.72, "Total Cost": 8270.17, "Plan Rows": 105.0, "Plan Width": 8, "Actual Rows": 13871, "Actual Loops": 1, "Inner Unique": false, "Plans": [{"Node Type": "Index Only Scan", "Parent Relationship": "Outer", "Parallel Aware": false, "Async Capable": false, "Scan Direction": "Forward", "Index Name": "idx_postlinks_relatedpostid", "Relation Name": "postlinks", "Alias": "pl", "Startup Cost": 0.29, "Total Cost": 262.81, "Plan Rows": 11102, "Plan Width": 4, "Actual Rows": 11101, "Actual Loops": 1, "Heap Fetches": 0}, {"Node Type": "Memoize", "Parent Relationship": "Inner", "Parallel Aware": false, "Async Capable": false, "Startup Cost": 0.43, "Total Cost": 1.5, "Plan Rows": 1, "Plan Width": 4, "Actual Rows": 1, "Actual Loops": 11101, "Cache Key": "pl.relatedpostid", "Cache Mode": "logical", "Cache Hits": 5924, "Cache Misses": 5177, "Cache Evictions": 0, "Cache Overflows": 0, "Peak Memory Usage": 562, "Plans": [{"Node Type": "Index Scan", "Parent Relationship": "Outer", "Parallel Aware": false, "Async Capable": false, "Scan Direction": "Forward", "Index Name": "idx_posthistory_postid", "Relation Name": "posthistory", "Alias": "ph", "Startup Cost": 0.42, "Total Cost": 1.49, "Plan Rows": 1, "Plan Width": 4, "Actual Rows": 1, "Actual Loops": 5177, "Index Cond": "(postid = pl.relatedpostid)", "Rows Removed by Index Recheck": 0, "Filter": "(posthistorytypeid = 5)", "Rows Removed by Filter": 5}]}]}, {"Node Type": "Memoize", "Parent Relationship": "Inner", "Parallel Aware": false, "Async Capable": false, "Startup Cost": 0.43, "Total Cost": 0.71, "Plan Rows": 5, "Plan Width": 4, "Actual Rows": 28, "Actual Loops": 13871, "Cache Key": "pl.relatedpostid", "Cache Mode": "logical", "Cache Hits": 10590, "Cache Misses": 3281, "Cache Evictions": 0, "Cache Overflows": 0, "Peak Memory Usage": 1460, "Plans": [{"Node Type": "Index Only Scan", "Parent Relationship": "Outer", "Parallel Aware": false, "Async Capable": false, "Scan Direction": "Forward", "Index Name": "idx_votes_postid", "Relation Name": "votes", "Alias": "v", "Startup Cost": 0.42, "Total Cost": 0.7, "Plan Rows": 5, "Plan Width": 4, "Actual Rows": 11, "Actual Loops": 3281, "Index Cond": "(postid = pl.relatedpostid)", "Rows Removed by Index Recheck": 0, "Heap Fetches": 0}]}]}, {"Node Type": "Sort", "Parent Relationship": "Inner", "Parallel Aware": false, "Async Capable": false, "Startup Cost": 5987.79, "Total Cost": 5989.16, "Plan Rows": 4.0, "Plan Width": 8, "Actual Rows": 1240, "Actual Loops": 1, "Sort Key": ["c.postid"], "Sort Method": "quicksort", "Sort Space Used": 41, "Sort Space Type": "Memory", "Plans": [{"Node Type": "Gather", "Parent Relationship": "Outer", "Parallel Aware": false, "Async Capable": false, "Startup Cost": 1000.59, "Total Cost": 5962.7, "Plan Rows": 4.0, "Plan Width": 8, "Actual Rows": 512, "Actual Loops": 1, "Workers Planned": 1, "Workers Launched": 1, "Single Copy": false, "Plans": [{"Node Type": "Nested Loop", "Parent Relationship": "Outer", "Parallel Aware": false, "Async Capable": false, "Join Type": "Inner", "Startup Cost": 0.58, "Total Cost": 4907.6, "Plan Rows": 4.0, "Plan Width": 8, "Actual Rows": 256, "Actual Loops": 2, "Inner Unique": false, "Workers": [], "Plans": [{"Node Type": "Nested Loop", "Parent Relationship": "Outer", "Parallel Aware": false, "Async Capable": false, "Join Type": "Inner", "Startup Cost": 0.29, "Total Cost": 3788.56, "Plan Rows": 6.0, "Plan Width": 12, "Actual Rows": 100, "Actual Loops": 2, "Inner Unique": true, "Workers": [], "Plans": [{"Node Type": "Seq Scan", "Parent Relationship": "Outer", "Parallel Aware": true, "Async Capable": false, "Relation Name": "comments", "Alias": "c", "Startup Cost": 0.0, "Total Cost": 2625.65, "Plan Rows": 190, "Plan Width": 8, "Actual Rows": 162, "Actual Loops": 2, "Filter": "(score = 6)", "Rows Removed by Filter": 86990, "Workers": []}, {"Node Type": "Index Scan", "Parent Relationship": "Inner", "Parallel Aware": false, "Async Capable": false, "Scan Direction": "Forward", "Index Name": "posts_pkey", "Relation Name": "posts", "Alias": "p", "Startup Cost": 0.29, "Total Cost": 6.12, "Plan Rows": 1, "Plan Width": 4, "Actual Rows": 1, "Actual Loops": 325, "Index Cond": "(id = c.postid)", "Rows Removed by Index Recheck": 0, "Filter": "(score <= 8)", "Rows Removed by Filter": 0, "Workers": []}]}, {"Node Type": "Index Scan", "Parent Relationship": "Inner", "Parallel Aware": false, "Async Capable": false, "Scan Direction": "Forward", "Index Name": "idx_badges_userid", "Relation Name": "badges", "Alias": "b", "Startup Cost": 0.29, "Total Cost": 6.24, "Plan Rows": 1, "Plan Width": 4, "Actual Rows": 3, "Actual Loops": 199, "Index Cond": "(userid = c.userid)", "Rows Removed by Index Recheck": 0, "Filter": "(date <= '2010-08-27 09:17:43'::timestamp without time zone)", "Rows Removed by Filter": 165, "Workers": []}]}]}]}]}]}, "Planning Time": 6.396, "Triggers": [], "Execution Time": 145.983}, {"Plan": {"Node Type": "Aggregate", "Strategy": "Plain", "Partial Mode": "Finalize", "Parallel Aware": false, "Async Capable": false, "Startup Cost": 8561.76, "Total Cost": 8561.77, "Plan Rows": 1, "Plan Width": 8, "Actual Rows": 1, "Actual Loops": 1, "Plans": [{"Node Type": "Gather", "Parent Relationship": "Outer", "Parallel Aware": false, "Async Capable": false, "Startup Cost": 8561.64, "Total Cost": 8561.75, "Plan Rows": 1, "Plan Width": 8, "Actual Rows": 2, "Actual Loops": 1, "Workers Planned": 1, "Workers Launched": 1, "Single Copy": false, "Plans": [{"Node Type": "Aggregate", "Strategy": "Plain", "Partial Mode": "Partial", "Parent Relationship": "Outer", "Parallel Aware": false, "Async Capable": false, "Startup Cost": 7561.64, "Total Cost": 7561.65, "Plan Rows": 1, "Plan Width": 8, "Actual Rows": 1, "Actual Loops": 2, "Workers": [], "Plans": [{"Node Type": "Hash Join", "Parent Relationship": "Outer", "Parallel Aware": true, "Async Capable": false, "Join Type": "Inner", "Startup Cost": 2938.29, "Total Cost": 7561.38, "Plan Rows": 12.0, "Plan Width": 0, "Actual Rows": 377, "Actual Loops": 2, "Inner Unique": false, "Hash Cond": "(ph.postid = p.id)", "Workers": [], "Plans": [{"Node Type": "Seq Scan", "Parent Relationship": "Outer", "Parallel Aware": true, "Async Capable": false, "Relation Name": "posthistory", "Alias": "ph", "Startup Cost": 0.0, "Total Cost": 4469.32, "Plan Rows": 40839, "Plan Width": 4, "Actual Rows": 34714, "Actual Loops": 2, "Filter": "(posthistorytypeid = 5)", "Rows Removed by Filter": 116880, "Workers": []}, {"Node Type": "Hash", "Parent Relationship": "Inner", "Parallel Aware": true, "Async Capable": false, "Startup Cost": 2936.52, "Total Cost": 2936.52, "Plan Rows": 110.0, "Plan Width": 16, "Actual Rows": 284, "Actual Loops": 2, "Hash Buckets": 1024, "Original Hash Buckets": 1024, "Hash Batches": 1, "Original Hash Batches": 1, "Peak Memory Usage": 72, "Workers": [], "Plans": [{"Node Type": "Nested Loop", "Parent Relationship": "Outer", "Parallel Aware": false, "Async Capable": false, "Join Type": "Inner", "Startup Cost": 1.29, "Total Cost": 2936.52, "Plan Rows": 110.0, "Plan Width": 16, "Actual Rows": 284, "Actual Loops": 2, "Inner Unique": false, "Workers": [], "Plans": [{"Node Type": "Nested Loop", "Parent Relationship": "Outer", "Parallel Aware": false, "Async Capable": false, "Join Type": "Inner", "Startup Cost": 0.87, "Total Cost": 2913.75, "Plan Rows": 5.0, "Plan Width": 12, "Actual Rows": 46, "Actual Loops": 2, "Inner Unique": false, "Workers": [], "Plans": [{"Node Type": "Nested Loop", "Parent Relationship": "Outer", "Parallel Aware": false, "Async Capable": false, "Join Type": "Inner", "Startup Cost": 0.58, "Total Cost": 2776.21, "Plan Rows": 7.0, "Plan Width": 16, "Actual Rows": 22, "Actual Loops": 2, "Inner Unique": true, "Join Filter": "(c.postid = p.id)", "Rows Removed by Join Filter": 0, "Workers": [], "Plans": [{"Node Type": "Nested Loop", "Parent Relationship": "Outer", "Parallel Aware": false, "Async Capable": false, "Join Type": "Inner", "Startup Cost": 0.29, "Total Cost": 2746.73, "Plan Rows": 132.0, "Plan Width": 12, "Actual Rows": 94, "Actual Loops": 2, "Inner Unique": false, "Workers": [], "Plans": [{"Node Type": "Seq Scan", "Parent Relationship": "Outer", "Parallel Aware": true, "Async Capable": false, "Relation Name": "comments", "Alias": "c", "Startup Cost": 0.0, "Total Cost": 2625.65, "Plan Rows": 190, "Plan Width": 8, "Actual Rows": 162, "Actual Loops": 2, "Filter": "(score = 6)", "Rows Removed by Filter": 86990, "Workers": []}, {"Node Type": "Index Only Scan", "Parent Relationship": "Inner", "Parallel Aware": false, "Async Capable": false, "Scan Direction": "Forward", "Index Name": "idx_postlinks_relatedpostid", "Relation Name": "postlinks", "Alias": "pl", "Startup Cost": 0.29, "Total Cost": 0.62, "Plan Rows": 2, "Plan Width": 4, "Actual Rows": 1, "Actual Loops": 325, "Index Cond": "(relatedpostid = c.postid)", "Rows Removed by Index Recheck": 0, "Heap Fetches": 0, "Workers": []}]}, {"Node Type": "Index Scan", "Parent Relationship": "Inner", "Parallel Aware": false, "Async Capable": false, "Scan Direction": "Forward", "Index Name": "posts_pkey", "Relation Name": "posts", "Alias": "p", "Startup Cost": 0.29, "Total Cost": 0.71, "Plan Rows": 1, "Plan Width": 4, "Actual Rows": 0, "Actual Loops": 187, "Index Cond": "(id = pl.relatedpostid)", "Rows Removed by Index Recheck": 0, "Filter": "(score <= 8)", "Rows Removed by Filter": 1, "Workers": []}]}, {"Node Type": "Index Scan", "Parent Relationship": "Inner", "Parallel Aware": false, "Async Capable": false, "Scan Direction": "Forward", "Index Name": "idx_badges_userid", "Relation Name": "badges", "Alias": "b", "Startup Cost": 0.29, "Total Cost": 6.24, "Plan Rows": 1, "Plan Width": 4, "Actual Rows": 2, "Actual Loops": 45, "Index Cond": "(userid = c.userid)", "Rows Removed by Index Recheck": 0, "Filter": "(date <= '2010-08-27 09:17:43'::timestamp without time zone)", "Rows Removed by Filter": 141, "Workers": []}]}, {"Node Type": "Index Only Scan", "Parent Relationship": "Inner", "Parallel Aware": false, "Async Capable": false, "Scan Direction": "Forward", "Index Name": "idx_votes_postid", "Relation Name": "votes", "Alias": "v", "Startup Cost": 0.42, "Total Cost": 0.53, "Plan Rows": 5, "Plan Width": 4, "Actual Rows": 6, "Actual Loops": 91, "Index Cond": "(postid = p.id)", "Rows Removed by Index Recheck": 0, "Heap Fetches": 0, "Workers": []}]}]}]}]}]}]}, "Planning Time": 8.362, "Triggers": [], "Execution Time": 58.477}, {"Plan": {"Node Type": "Aggregate", "Strategy": "Plain", "Partial Mode": "Finalize", "Parallel Aware": false, "Async Capable": false, "Startup Cost": 4014.24, "Total Cost": 4014.25, "Plan Rows": 1, "Plan Width": 8, "Actual Rows": 1, "Actual Loops": 1, "Plans": [{"Node Type": "Gather", "Parent Relationship": "Outer", "Parallel Aware": false, "Async Capable": false, "Startup Cost": 4014.13, "Total Cost": 4014.24, "Plan Rows": 1, "Plan Width": 8, "Actual Rows": 2, "Actual Loops": 1, "Workers Planned": 1, "Workers Launched": 1, "Single Copy": false, "Plans": [{"Node Type": "Aggregate", "Strategy": "Plain", "Partial Mode": "Partial", "Parent Relationship": "Outer", "Parallel Aware": false, "Async Capable": false, "Startup Cost": 3014.13, "Total Cost": 3014.14, "Plan Rows": 1, "Plan Width": 8, "Actual Rows": 1, "Actual Loops": 2, "Workers": [], "Plans": [{"Node Type": "Nested Loop", "Parent Relationship": "Outer", "Parallel Aware": false, "Async Capable": false, "Join Type": "Inner", "Startup Cost": 1.71, "Total Cost": 3013.86, "Plan Rows": 12.0, "Plan Width": 0, "Actual Rows": 377, "Actual Loops": 2, "Inner Unique": false, "Join Filter": "(p.id = ph.postid)", "Rows Removed by Join Filter": 0, "Workers": [], "Plans": [{"Node Type": "Nested Loop", "Parent Relationship": "Outer", "Parallel Aware": false, "Async Capable": false, "Join Type": "Inner", "Startup Cost": 1.29, "Total Cost": 2936.52, "Plan Rows": 110.0, "Plan Width": 16, "Actual Rows": 284, "Actual Loops": 2, "Inner Unique": false, "Workers": [], "Plans": [{"Node Type": "Nested Loop", "Parent Relationship": "Outer", "Parallel Aware": false, "Async Capable": false, "Join Type": "Inner", "Startup Cost": 0.87, "Total Cost": 2913.75, "Plan Rows": 5.0, "Plan Width": 12, "Actual Rows": 46, "Actual Loops": 2, "Inner Unique": false, "Workers": [], "Plans": [{"Node Type": "Nested Loop", "Parent Relationship": "Outer", "Parallel Aware": false, "Async Capable": false, "Join Type": "Inner", "Startup Cost": 0.58, "Total Cost": 2776.21, "Plan Rows": 7.0, "Plan Width": 16, "Actual Rows": 22, "Actual Loops": 2, "Inner Unique": true, "Join Filter": "(c.postid = p.id)", "Rows Removed by Join Filter": 0, "Workers": [], "Plans": [{"Node Type": "Nested Loop", "Parent Relationship": "Outer", "Parallel Aware": false, "Async Capable": false, "Join Type": "Inner", "Startup Cost": 0.29, "Total Cost": 2746.73, "Plan Rows": 132.0, "Plan Width": 12, "Actual Rows": 94, "Actual Loops": 2, "Inner Unique": false, "Workers": [], "Plans": [{"Node Type": "Seq Scan", "Parent Relationship": "Outer", "Parallel Aware": true, "Async Capable": false, "Relation Name": "comments", "Alias": "c", "Startup Cost": 0.0, "Total Cost": 2625.65, "Plan Rows": 190, "Plan Width": 8, "Actual Rows": 162, "Actual Loops": 2, "Filter": "(score = 6)", "Rows Removed by Filter": 86990, "Workers": []}, {"Node Type": "Index Only Scan", "Parent Relationship": "Inner", "Parallel Aware": false, "Async Capable": false, "Scan Direction": "Forward", "Index Name": "idx_postlinks_relatedpostid", "Relation Name": "postlinks", "Alias": "pl", "Startup Cost": 0.29, "Total Cost": 0.62, "Plan Rows": 2, "Plan Width": 4, "Actual Rows": 1, "Actual Loops": 325, "Index Cond": "(relatedpostid = c.postid)", "Rows Removed by Index Recheck": 0, "Heap Fetches": 0, "Workers": []}]}, {"Node Type": "Index Scan", "Parent Relationship": "Inner", "Parallel Aware": false, "Async Capable": false, "Scan Direction": "Forward", "Index Name": "posts_pkey", "Relation Name": "posts", "Alias": "p", "Startup Cost": 0.29, "Total Cost": 0.71, "Plan Rows": 1, "Plan Width": 4, "Actual Rows": 0, "Actual Loops": 187, "Index Cond": "(id = pl.relatedpostid)", "Rows Removed by Index Recheck": 0, "Filter": "(score <= 8)", "Rows Removed by Filter": 1, "Workers": []}]}, {"Node Type": "Index Scan", "Parent Relationship": "Inner", "Parallel Aware": false, "Async Capable": false, "Scan Direction": "Forward", "Index Name": "idx_badges_userid", "Relation Name": "badges", "Alias": "b", "Startup Cost": 0.29, "Total Cost": 6.24, "Plan Rows": 1, "Plan Width": 4, "Actual Rows": 2, "Actual Loops": 45, "Index Cond": "(userid = c.userid)", "Rows Removed by Index Recheck": 0, "Filter": "(date <= '2010-08-27 09:17:43'::timestamp without time zone)", "Rows Removed by Filter": 141, "Workers": []}]}, {"Node Type": "Index Only Scan", "Parent Relationship": "Inner", "Parallel Aware": false, "Async Capable": false, "Scan Direction": "Forward", "Index Name": "idx_votes_postid", "Relation Name": "votes", "Alias": "v", "Startup Cost": 0.42, "Total Cost": 0.53, "Plan Rows": 5, "Plan Width": 4, "Actual Rows": 6, "Actual Loops": 91, "Index Cond": "(postid = p.id)", "Rows Removed by Index Recheck": 0, "Heap Fetches": 0, "Workers": []}]}, {"Node Type": "Index Scan", "Parent Relationship": "Inner", "Parallel Aware": false, "Async Capable": false, "Scan Direction": "Forward", "Index Name": "idx_posthistory_postid", "Relation Name": "posthistory", "Alias": "ph", "Startup Cost": 0.42, "Total Cost": 0.54, "Plan Rows": 1, "Plan Width": 4, "Actual Rows": 1, "Actual Loops": 567, "Index Cond": "(postid = v.postid)", "Rows Removed by Index Recheck": 0, "Filter": "(posthistorytypeid = 5)", "Rows Removed by Filter": 6, "Workers": []}]}]}]}]}, "Planning Time": 5.852, "Triggers": [], "Execution Time": 20.454}, {"Plan": {"Node Type": "Aggregate", "Strategy": "Plain", "Partial Mode": "Simple", "Parallel Aware": false, "Async Capable": false, "Startup Cost": 29469.48, "Total Cost": 29469.49, "Plan Rows": 1, "Plan Width": 8, "Actual Rows": 1, "Actual Loops": 1, "Plans": [{"Node Type": "Merge Join", "Parent Relationship": "Outer", "Parallel Aware": false, "Async Capable": false, "Join Type": "Inner", "Startup Cost": 3537.99, "Total Cost": 29469.03, "Plan Rows": 12.0, "Plan Width": 0, "Actual Rows": 754, "Actual Loops": 1, "Inner Unique": false, "Merge Cond": "(p.id = c.postid)", "Plans": [{"Node Type": "Merge Join", "Parent Relationship": "Outer", "Parallel Aware": false, "Async Capable": false, "Join Type": "Inner", "Startup Cost": 1.14, "Total Cost": 24620.68, "Plan Rows": 154.0, "Plan Width": 12, "Actual Rows": 172089, "Actual Loops": 1, "Inner Unique": false, "Merge Cond": "(p.id = v.postid)", "Plans": [{"Node Type": "Merge Join", "Parent Relationship": "Outer", "Parallel Aware": false, "Async Capable": false, "Join Type": "Inner", "Startup Cost": 0.71, "Total Cost": 14345.38, "Plan Rows": 6.0, "Plan Width": 8, "Actual Rows": 49471, "Actual Loops": 1, "Inner Unique": false, "Merge Cond": "(p.id = ph.postid)", "Plans": [{"Node Type": "Index Scan", "Parent Relationship": "Outer", "Parallel Aware": false, "Async Capable": false, "Scan Direction": "Forward", "Index Name": "posts_pkey", "Relation Name": "posts", "Alias": "p", "Startup Cost": 0.29, "Total Cost": 3469.11, "Plan Rows": 86709, "Plan Width": 4, "Actual Rows": 67200, "Actual Loops": 1, "Filter": "(score <= 8)", "Rows Removed by Filter": 4965}, {"Node Type": "Index Scan", "Parent Relationship": "Inner", "Parallel Aware": false, "Async Capable": false, "Scan Direction": "Forward", "Index Name": "idx_posthistory_postid", "Relation Name": "posthistory", "Alias": "ph", "Startup Cost": 0.42, "Total Cost": 9831.47, "Plan Rows": 69426, "Plan Width": 4, "Actual Rows": 56028, "Actual Loops": 1, "Filter": "(posthistorytypeid = 5)", "Rows Removed by Filter": 183464}]}, {"Node Type": "Index Only Scan", "Parent Relationship": "Inner", "Parallel Aware": false, "Async Capable": false, "Scan Direction": "Forward", "Index Name": "idx_votes_postid", "Relation Name": "votes", "Alias": "v", "Startup Cost": 0.42, "Total Cost": 6957.68, "Plan Rows": 328064, "Plan Width": 4, "Actual Rows": 367755, "Actual Loops": 1, "Heap Fetches": 0}]}, {"Node Type": "Materialize", "Parent Relationship": "Inner", "Parallel Aware": false, "Async Capable": false, "Startup Cost": 3536.85, "Total Cost": 4260.82, "Plan Rows": 58.0, "Plan Width": 8, "Actual Rows": 1181, "Actual Loops": 1, "Plans": [{"Node Type": "Nested Loop", "Parent Relationship": "Outer", "Parallel Aware": false, "Async Capable": false, "Join Type": "Inner", "Startup Cost": 3536.85, "Total Cost": 4260.51, "Plan Rows": 58.0, "Plan Width": 8, "Actual Rows": 493, "Actual Loops": 1, "Inner Unique": false, "Plans": [{"Node Type": "Merge Join", "Parent Relationship": "Outer", "Parallel Aware": false, "Async Capable": false, "Join Type": "Inner", "Startup Cost": 3536.56, "Total Cost": 3829.15, "Plan Rows": 132.0, "Plan Width": 12, "Actual Rows": 187, "Actual Loops": 1, "Inner Unique": false, "Merge Cond": "(pl.relatedpostid = c.postid)", "Plans": [{"Node Type": "Index Only Scan", "Parent Relationship": "Outer", "Parallel Aware": false, "Async Capable": false, "Scan Direction": "Forward", "Index Name": "idx_postlinks_relatedpostid", "Relation Name": "postlinks", "Alias": "pl", "Startup Cost": 0.29, "Total Cost": 262.81, "Plan Rows": 11102, "Plan Width": 4, "Actual Rows": 11100, "Actual Loops": 1, "Heap Fetches": 0}, {"Node Type": "Sort", "Parent Relationship": "Inner", "Parallel Aware": false, "Async Capable": false, "Startup Cost": 3536.27, "Total Cost": 3537.08, "Plan Rows": 323, "Plan Width": 8, "Actual Rows": 446, "Actual Loops": 1, "Sort Key": ["c.postid"], "Sort Method": "quicksort", "Sort Space Used": 35, "Sort Space Type": "Memory", "Plans": [{"Node Type": "Seq Scan", "Parent Relationship": "Outer", "Parallel Aware": false, "Async Capable": false, "Relation Name": "comments", "Alias": "c", "Startup Cost": 0.0, "Total Cost": 3522.81, "Plan Rows": 323, "Plan Width": 8, "Actual Rows": 325, "Actual Loops": 1, "Filter": "(score = 6)", "Rows Removed by Filter": 173980}]}]}, {"Node Type": "Index Scan", "Parent Relationship": "Inner", "Parallel Aware": false, "Async Capable": false, "Scan Direction": "Forward", "Index Name": "idx_badges_userid", "Relation Name": "badges", "Alias": "b", "Startup Cost": 0.29, "Total Cost": 6.24, "Plan Rows": 1, "Plan Width": 4, "Actual Rows": 3, "Actual Loops": 187, "Index Cond": "(userid = c.userid)", "Rows Removed by Index Recheck": 0, "Filter": "(date <= '2010-08-27 09:17:43'::timestamp without time zone)", "Rows Removed by Filter": 126}]}]}]}]}, "Planning Time": 7.131, "Triggers": [], "Execution Time": 247.474}, {"Plan": {"Node Type": "Aggregate", "Strategy": "Plain", "Partial Mode": "Finalize", "Parallel Aware": false, "Async Capable": false, "Startup Cost": 19474.02, "Total Cost": 19474.03, "Plan Rows": 1, "Plan Width": 8, "Actual Rows": 1, "Actual Loops": 1, "Plans": [{"Node Type": "Gather", "Parent Relationship": "Outer", "Parallel Aware": false, "Async Capable": false, "Startup Cost": 19473.91, "Total Cost": 19474.02, "Plan Rows": 1, "Plan Width": 8, "Actual Rows": 2, "Actual Loops": 1, "Workers Planned": 1, "Workers Launched": 1, "Single Copy": false, "Plans": [{"Node Type": "Aggregate", "Strategy": "Plain", "Partial Mode": "Partial", "Parent Relationship": "Outer", "Parallel Aware": false, "Async Capable": false, "Startup Cost": 18473.91, "Total Cost": 18473.92, "Plan Rows": 1, "Plan Width": 8, "Actual Rows": 1, "Actual Loops": 2, "Workers": [], "Plans": [{"Node Type": "Hash Join", "Parent Relationship": "Outer", "Parallel Aware": true, "Async Capable": false, "Join Type": "Inner", "Startup Cost": 15469.71, "Total Cost": 18473.64, "Plan Rows": 12.0, "Plan Width": 0, "Actual Rows": 377, "Actual Loops": 2, "Inner Unique": false, "Hash Cond": "(c.postid = p.id)", "Workers": [], "Plans": [{"Node Type": "Nested Loop", "Parent Relationship": "Outer", "Parallel Aware": false, "Async Capable": false, "Join Type": "Inner", "Startup Cost": 0.58, "Total Cost": 3003.04, "Plan Rows": 58.0, "Plan Width": 8, "Actual Rows": 246, "Actual Loops": 2, "Inner Unique": false, "Workers": [], "Plans": [{"Node Type": "Nested Loop", "Parent Relationship": "Outer", "Parallel Aware": false, "Async Capable": false, "Join Type": "Inner", "Startup Cost": 0.29, "Total Cost": 2746.73, "Plan Rows": 132.0, "Plan Width": 12, "Actual Rows": 94, "Actual Loops": 2, "Inner Unique": false, "Workers": [], "Plans": [{"Node Type": "Seq Scan", "Parent Relationship": "Outer", "Parallel Aware": true, "Async Capable": false, "Relation Name": "comments", "Alias": "c", "Startup Cost": 0.0, "Total Cost": 2625.65, "Plan Rows": 190, "Plan Width": 8, "Actual Rows": 162, "Actual Loops": 2, "Filter": "(score = 6)", "Rows Removed by Filter": 86990, "Workers": []}, {"Node Type": "Index Only Scan", "Parent Relationship": "Inner", "Parallel Aware": false, "Async Capable": false, "Scan Direction": "Forward", "Index Name": "idx_postlinks_relatedpostid", "Relation Name": "postlinks", "Alias": "pl", "Startup Cost": 0.29, "Total Cost": 0.62, "Plan Rows": 2, "Plan Width": 4, "Actual Rows": 1, "Actual Loops": 325, "Index Cond": "(relatedpostid = c.postid)", "Rows Removed by Index Recheck": 0, "Heap Fetches": 0, "Workers": []}]}, {"Node Type": "Index Scan", "Parent Relationship": "Inner", "Parallel Aware": false, "Async Capable": false, "Scan Direction": "Forward", "Index Name": "idx_badges_userid", "Relation Name": "badges", "Alias": "b", "Startup Cost": 0.29, "Total Cost": 6.24, "Plan Rows": 1, "Plan Width": 4, "Actual Rows": 3, "Actual Loops": 187, "Index Cond": "(userid = c.userid)", "Rows Removed by Index Recheck": 0, "Filter": "(date <= '2010-08-27 09:17:43'::timestamp without time zone)", "Rows Removed by Filter": 126, "Workers": []}]}, {"Node Type": "Hash", "Parent Relationship": "Inner", "Parallel Aware": true, "Async Capable": false, "Startup Cost": 13752.58, "Total Cost": 13752.58, "Plan Rows": 154.0, "Plan Width": 12, "Actual Rows": 102132, "Actual Loops": 2, "Hash Buckets": 262144, "Original Hash Buckets": 262144, "Hash Batches": 1, "Original Hash Batches": 1, "Peak Memory Usage": 11648, "Workers": [], "Plans": [{"Node Type": "Hash Join", "Parent Relationship": "Outer", "Parallel Aware": true, "Async Capable": false, "Join Type": "Inner", "Startup Cost": 8131.33, "Total Cost": 13752.58, "Plan Rows": 154.0, "Plan Width": 12, "Actual Rows": 102132, "Actual Loops": 2, "Inner Unique": false, "Hash Cond": "(v.postid = p.id)", "Workers": [], "Plans": [{"Node Type": "Seq Scan", "Parent Relationship": "Outer", "Parallel Aware": true, "Async Capable": false, "Relation Name": "votes", "Alias": "v", "Startup Cost": 0.0, "Total Cost": 4089.79, "Plan Rows": 192979, "Plan Width": 4, "Actual Rows": 164032, "Actual Loops": 2, "Workers": []}, {"Node Type": "Hash", "Parent Relationship": "Inner", "Parallel Aware": true, "Async Capable": false, "Startup Cost": 7650.08, "Total Cost": 7650.08, "Plan Rows": 6.0, "Plan Width": 8, "Actual Rows": 31103, "Actual Loops": 2, "Hash Buckets": 65536, "Original Hash Buckets": 65536, "Hash Batches": 1, "Original Hash Batches": 1, "Peak Memory Usage": 2976, "Workers": [], "Plans": [{"Node Type": "Hash Join", "Parent Relationship": "Outer", "Parallel Aware": false, "Async Capable": false, "Join Type": "Inner", "Startup Cost": 3073.56, "Total Cost": 7650.08, "Plan Rows": 6.0, "Plan Width": 8, "Actual Rows": 31103, "Actual Loops": 2, "Inner Unique": true, "Hash Cond": "(ph.postid = p.id)", "Workers": [], "Plans": [{"Node Type": "Seq Scan", "Parent Relationship": "Outer", "Parallel Aware": true, "Async Capable": false, "Relation Name": "posthistory", "Alias": "ph", "Startup Cost": 0.0, "Total Cost": 4469.32, "Plan Rows": 40839, "Plan Width": 4, "Actual Rows": 34714, "Actual Loops": 2, "Filter": "(posthistorytypeid = 5)", "Rows Removed by Filter": 116880, "Workers": []}, {"Node Type": "Hash", "Parent Relationship": "Inner", "Parallel Aware": false, "Async Capable": false, "Startup Cost": 1989.7, "Total Cost": 1989.7, "Plan Rows": 86709, "Plan Width": 4, "Actual Rows": 86710, "Actual Loops": 2, "Hash Buckets": 131072, "Original Hash Buckets": 131072, "Hash Batches": 1, "Original Hash Batches": 1, "Peak Memory Usage": 4073, "Workers": [], "Plans": [{"Node Type": "Seq Scan", "Parent Relationship": "Outer", "Parallel Aware": false, "Async Capable": false, "Relation Name": "posts", "Alias": "p", "Startup Cost": 0.0, "Total Cost": 1989.7, "Plan Rows": 86709, "Plan Width": 4, "Actual Rows": 86710, "Actual Loops": 2, "Filter": "(score <= 8)", "Rows Removed by Filter": 5266, "Workers": []}]}]}]}]}]}]}]}]}]}, "Planning Time": 13.389, "Triggers": [], "Execution Time": 307.795}, {"Plan": {"Node Type": "Aggregate", "Strategy": "Plain", "Partial Mode": "Finalize", "Parallel Aware": false, "Async Capable": false, "Startup Cost": 22082.07, "Total Cost": 22082.08, "Plan Rows": 1, "Plan Width": 8, "Actual Rows": 1, "Actual Loops": 1, "Plans": [{"Node Type": "Gather", "Parent Relationship": "Outer", "Parallel Aware": false, "Async Capable": false, "Startup Cost": 22081.96, "Total Cost": 22082.07, "Plan Rows": 1, "Plan Width": 8, "Actual Rows": 2, "Actual Loops": 1, "Workers Planned": 1, "Workers Launched": 1, "Single Copy": false, "Plans": [{"Node Type": "Aggregate", "Strategy": "Plain", "Partial Mode": "Partial", "Parent Relationship": "Outer", "Parallel Aware": false, "Async Capable": false, "Startup Cost": 21081.96, "Total Cost": 21081.97, "Plan Rows": 1, "Plan Width": 8, "Actual Rows": 1, "Actual Loops": 2, "Workers": [], "Plans": [{"Node Type": "Hash Join", "Parent Relationship": "Outer", "Parallel Aware": false, "Async Capable": false, "Join Type": "Inner", "Startup Cost": 15302.54, "Total Cost": 21081.7, "Plan Rows": 12.0, "Plan Width": 0, "Actual Rows": 377, "Actual Loops": 2, "Inner Unique": false, "Hash Cond": "(p.id = pl.relatedpostid)", "Workers": [], "Plans": [{"Node Type": "Nested Loop", "Parent Relationship": "Outer", "Parallel Aware": false, "Async Capable": false, "Join Type": "Inner", "Startup Cost": 0.58, "Total Cost": 4907.6, "Plan Rows": 4.0, "Plan Width": 8, "Actual Rows": 256, "Actual Loops": 2, "Inner Unique": false, "Workers": [], "Plans": [{"Node Type": "Nested Loop", "Parent Relationship": "Outer", "Parallel Aware": false, "Async Capable": false, "Join Type": "Inner", "Startup Cost": 0.29, "Total Cost": 3788.56, "Plan Rows": 6.0, "Plan Width": 12, "Actual Rows": 100, "Actual Loops": 2, "Inner Unique": true, "Workers": [], "Plans": [{"Node Type": "Seq Scan", "Parent Relationship": "Outer", "Parallel Aware": true, "Async Capable": false, "Relation Name": "comments", "Alias": "c", "Startup Cost": 0.0, "Total Cost": 2625.65, "Plan Rows": 190, "Plan Width": 8, "Actual Rows": 162, "Actual Loops": 2, "Filter": "(score = 6)", "Rows Removed by Filter": 86990, "Workers": []}, {"Node Type": "Index Scan", "Parent Relationship": "Inner", "Parallel Aware": false, "Async Capable": false, "Scan Direction": "Forward", "Index Name": "posts_pkey", "Relation Name": "posts", "Alias": "p", "Startup Cost": 0.29, "Total Cost": 6.12, "Plan Rows": 1, "Plan Width": 4, "Actual Rows": 1, "Actual Loops": 325, "Index Cond": "(id = c.postid)", "Rows Removed by Index Recheck": 0, "Filter": "(score <= 8)", "Rows Removed by Filter": 0, "Workers": []}]}, {"Node Type": "Index Scan", "Parent Relationship": "Inner", "Parallel Aware": false, "Async Capable": false, "Scan Direction": "Forward", "Index Name": "idx_badges_userid", "Relation Name": "badges", "Alias": "b", "Startup Cost": 0.29, "Total Cost": 6.24, "Plan Rows": 1, "Plan Width": 4, "Actual Rows": 3, "Actual Loops": 199, "Index Cond": "(userid = c.userid)", "Rows Removed by Index Recheck": 0, "Filter": "(date <= '2010-08-27 09:17:43'::timestamp without time zone)", "Rows Removed by Filter": 165, "Workers": []}]}, {"Node Type": "Hash", "Parent Relationship": "Inner", "Parallel Aware": false, "Async Capable": false, "Startup Cost": 12223.03, "Total Cost": 12223.03, "Plan Rows": 3161.0, "Plan Width": 12, "Actual Rows": 392393, "Actual Loops": 2, "Hash Buckets": 524288, "Original Hash Buckets": 262144, "Hash Batches": 1, "Original Hash Batches": 1, "Peak Memory Usage": 20957, "Workers": [], "Plans": [{"Node Type": "Nested Loop", "Parent Relationship": "Outer", "Parallel Aware": false, "Async Capable": false, "Join Type": "Inner", "Startup Cost": 6898.09, "Total Cost": 12223.03, "Plan Rows": 3161.0, "Plan Width": 12, "Actual Rows": 392393, "Actual Loops": 2, "Inner Unique": false, "Workers": [], "Plans": [{"Node Type": "Hash Join", "Parent Relationship": "Outer", "Parallel Aware": false, "Async Capable": false, "Join Type": "Inner", "Startup Cost": 6897.66, "Total Cost": 7808.27, "Plan Rows": 105.0, "Plan Width": 8, "Actual Rows": 13872, "Actual Loops": 2, "Inner Unique": false, "Hash Cond": "(pl.relatedpostid = ph.postid)", "Workers": [], "Plans": [{"Node Type": "Seq Scan", "Parent Relationship": "Outer", "Parallel Aware": false, "Async Capable": false, "Relation Name": "postlinks", "Alias": "pl", "Startup Cost": 0.0, "Total Cost": 193.02, "Plan Rows": 11102, "Plan Width": 4, "Actual Rows": 11102, "Actual Loops": 2, "Workers": []}, {"Node Type": "Hash", "Parent Relationship": "Inner", "Parallel Aware": false, "Async Capable": false, "Startup Cost": 6029.84, "Total Cost": 6029.84, "Plan Rows": 69426, "Plan Width": 4, "Actual Rows": 69427, "Actual Loops": 2, "Hash Buckets": 131072, "Original Hash Buckets": 131072, "Hash Batches": 1, "Original Hash Batches": 1, "Peak Memory Usage": 3465, "Workers": [], "Plans": [{"Node Type": "Seq Scan", "Parent Relationship": "Outer", "Parallel Aware": false, "Async Capable": false, "Relation Name": "posthistory", "Alias": "ph", "Startup Cost": 0.0, "Total Cost": 6029.84, "Plan Rows": 69426, "Plan Width": 4, "Actual Rows": 69427, "Actual Loops": 2, "Filter": "(posthistorytypeid = 5)", "Rows Removed by Filter": 233760, "Workers": []}]}]}, {"Node Type": "Memoize", "Parent Relationship": "Inner", "Parallel Aware": false, "Async Capable": false, "Startup Cost": 0.43, "Total Cost": 0.71, "Plan Rows": 5, "Plan Width": 4, "Actual Rows": 28, "Actual Loops": 27744, "Cache Key": "pl.relatedpostid", "Cache Mode": "logical", "Cache Hits": 10591, "Cache Misses": 3281, "Cache Evictions": 0, "Cache Overflows": 0, "Peak Memory Usage": 1460, "Workers": [{"Worker Number": 0, "Cache Hits": 10591, "Cache Misses": 3281, "Cache Evictions": 0, "Cache Overflows": 0, "Peak Memory Usage": 1460}], "Plans": [{"Node Type": "Index Only Scan", "Parent Relationship": "Outer", "Parallel Aware": false, "Async Capable": false, "Scan Direction": "Forward", "Index Name": "idx_votes_postid", "Relation Name": "votes", "Alias": "v", "Startup Cost": 0.42, "Total Cost": 0.7, "Plan Rows": 5, "Plan Width": 4, "Actual Rows": 11, "Actual Loops": 6562, "Index Cond": "(postid = pl.relatedpostid)", "Rows Removed by Index Recheck": 0, "Heap Fetches": 0, "Workers": []}]}]}]}]}]}]}]}, "Planning Time": 12.237, "Triggers": [], "Execution Time": 282.962}, {"Plan": {"Node Type": "Aggregate", "Strategy": "Plain", "Partial Mode": "Simple", "Parallel Aware": false, "Async Capable": false, "Startup Cost": 8075.27, "Total Cost": 8075.28, "Plan Rows": 1, "Plan Width": 8, "Actual Rows": 1, "Actual Loops": 1, "Plans": [{"Node Type": "Merge Join", "Parent Relationship": "Outer", "Parallel Aware": false, "Async Capable": false, "Join Type": "Inner", "Startup Cost": 3537.99, "Total Cost": 8074.82, "Plan Rows": 12.0, "Plan Width": 0, "Actual Rows": 754, "Actual Loops": 1, "Inner Unique": false, "Merge Cond": "(p.id = c.postid)", "Plans": [{"Node Type": "Index Scan", "Parent Relationship": "Outer", "Parallel Aware": false, "Async Capable": false, "Scan Direction": "Forward", "Index Name": "posts_pkey", "Relation Name": "posts", "Alias": "p", "Startup Cost": 0.29, "Total Cost": 3469.11, "Plan Rows": 86709, "Plan Width": 4, "Actual Rows": 65720, "Actual Loops": 1, "Filter": "(score <= 8)", "Rows Removed by Filter": 4936}, {"Node Type": "Materialize", "Parent Relationship": "Inner", "Parallel Aware": false, "Async Capable": false, "Startup Cost": 3537.7, "Total Cost": 4382.1, "Plan Rows": 150.0, "Plan Width": 16, "Actual Rows": 15318, "Actual Loops": 1, "Plans": [{"Node Type": "Nested Loop", "Parent Relationship": "Outer", "Parallel Aware": false, "Async Capable": false, "Join Type": "Inner", "Startup Cost": 3537.7, "Total Cost": 4380.65, "Plan Rows": 150.0, "Plan Width": 16, "Actual Rows": 15318, "Actual Loops": 1, "Inner Unique": false, "Join Filter": "(c.postid = v.postid)", "Rows Removed by Join Filter": 0, "Plans": [{"Node Type": "Nested Loop", "Parent Relationship": "Outer", "Parallel Aware": false, "Async Capable": false, "Join Type": "Inner", "Startup Cost": 3537.27, "Total Cost": 4314.37, "Plan Rows": 7.0, "Plan Width": 12, "Actual Rows": 367, "Actual Loops": 1, "Inner Unique": false, "Plans": [{"Node Type": "Nested Loop", "Parent Relationship": "Outer", "Parallel Aware": false, "Async Capable": false, "Join Type": "Inner", "Startup Cost": 3536.98, "Total Cost": 3933.03, "Plan Rows": 13.0, "Plan Width": 16, "Actual Rows": 195, "Actual Loops": 1, "Inner Unique": false, "Join Filter": "(c.postid = ph.postid)", "Rows Removed by Join Filter": 0, "Plans": [{"Node Type": "Merge Join", "Parent Relationship": "Outer", "Parallel Aware": false, "Async Capable": false, "Join Type": "Inner", "Startup Cost": 3536.56, "Total Cost": 3829.15, "Plan Rows": 132.0, "Plan Width": 12, "Actual Rows": 187, "Actual Loops": 1, "Inner Unique": false, "Merge Cond": "(pl.relatedpostid = c.postid)", "Plans": [{"Node Type": "Index Only Scan", "Parent Relationship": "Outer", "Parallel Aware": false, "Async Capable": false, "Scan Direction": "Forward", "Index Name": "idx_postlinks_relatedpostid", "Relation Name": "postlinks", "Alias": "pl", "Startup Cost": 0.29, "Total Cost": 262.81, "Plan Rows": 11102, "Plan Width": 4, "Actual Rows": 11100, "Actual Loops": 1, "Heap Fetches": 0}, {"Node Type": "Sort", "Parent Relationship": "Inner", "Parallel Aware": false, "Async Capable": false, "Startup Cost": 3536.27, "Total Cost": 3537.08, "Plan Rows": 323, "Plan Width": 8, "Actual Rows": 446, "Actual Loops": 1, "Sort Key": ["c.postid"], "Sort Method": "quicksort", "Sort Space Used": 35, "Sort Space Type": "Memory", "Plans": [{"Node Type": "Seq Scan", "Parent Relationship": "Outer", "Parallel Aware": false, "Async Capable": false, "Relation Name": "comments", "Alias": "c", "Startup Cost": 0.0, "Total Cost": 3522.81, "Plan Rows": 323, "Plan Width": 8, "Actual Rows": 325, "Actual Loops": 1, "Filter": "(score = 6)", "Rows Removed by Filter": 173980}]}]}, {"Node Type": "Index Scan", "Parent Relationship": "Inner", "Parallel Aware": false, "Async Capable": false, "Scan Direction": "Forward", "Index Name": "idx_posthistory_postid", "Relation Name": "posthistory", "Alias": "ph", "Startup Cost": 0.42, "Total Cost": 1.49, "Plan Rows": 1, "Plan Width": 4, "Actual Rows": 1, "Actual Loops": 187, "Index Cond": "(postid = pl.relatedpostid)", "Rows Removed by Index Recheck": 0, "Filter": "(posthistorytypeid = 5)", "Rows Removed by Filter": 6}]}, {"Node Type": "Index Scan", "Parent Relationship": "Inner", "Parallel Aware": false, "Async Capable": false, "Scan Direction": "Forward", "Index Name": "idx_badges_userid", "Relation Name": "badges", "Alias": "b", "Startup Cost": 0.29, "Total Cost": 6.24, "Plan Rows": 1, "Plan Width": 4, "Actual Rows": 2, "Actual Loops": 195, "Index Cond": "(userid = c.userid)", "Rows Removed by Index Recheck": 0, "Filter": "(date <= '2010-08-27 09:17:43'::timestamp without time zone)", "Rows Removed by Filter": 121}]}, {"Node Type": "Index Only Scan", "Parent Relationship": "Inner", "Parallel Aware": false, "Async Capable": false, "Scan Direction": "Forward", "Index Name": "idx_votes_postid", "Relation Name": "votes", "Alias": "v", "Startup Cost": 0.42, "Total Cost": 0.54, "Plan Rows": 5, "Plan Width": 4, "Actual Rows": 42, "Actual Loops": 367, "Index Cond": "(postid = ph.postid)", "Rows Removed by Index Recheck": 0, "Heap Fetches": 0}]}]}]}]}, "Planning Time": 6.568, "Triggers": [], "Execution Time": 53.988}, {"Plan": {"Node Type": "Aggregate", "Strategy": "Plain", "Partial Mode": "Finalize", "Parallel Aware": false, "Async Capable": false, "Startup Cost": 9893.02, "Total Cost": 9893.03, "Plan Rows": 1, "Plan Width": 8, "Actual Rows": 1, "Actual Loops": 1, "Plans": [{"Node Type": "Gather", "Parent Relationship": "Outer", "Parallel Aware": false, "Async Capable": false, "Startup Cost": 9892.9, "Total Cost": 9893.01, "Plan Rows": 1, "Plan Width": 8, "Actual Rows": 2, "Actual Loops": 1, "Workers Planned": 1, "Workers Launched": 1, "Single Copy": false, "Plans": [{"Node Type": "Aggregate", "Strategy": "Plain", "Partial Mode": "Partial", "Parent Relationship": "Outer", "Parallel Aware": false, "Async Capable": false, "Startup Cost": 8892.9, "Total Cost": 8892.91, "Plan Rows": 1, "Plan Width": 8, "Actual Rows": 1, "Actual Loops": 2, "Workers": [], "Plans": [{"Node Type": "Hash Join", "Parent Relationship": "Outer", "Parallel Aware": false, "Async Capable": false, "Join Type": "Inner", "Startup Cost": 4078.11, "Total Cost": 8892.64, "Plan Rows": 12.0, "Plan Width": 0, "Actual Rows": 377, "Actual Loops": 2, "Inner Unique": false, "Hash Cond": "(v.postid = p.id)", "Workers": [], "Plans": [{"Node Type": "Seq Scan", "Parent Relationship": "Outer", "Parallel Aware": true, "Async Capable": false, "Relation Name": "votes", "Alias": "v", "Startup Cost": 0.0, "Total Cost": 4089.79, "Plan Rows": 192979, "Plan Width": 4, "Actual Rows": 164032, "Actual Loops": 2, "Workers": []}, {"Node Type": "Hash", "Parent Relationship": "Inner", "Parallel Aware": false, "Async Capable": false, "Startup Cost": 4077.47, "Total Cost": 4077.47, "Plan Rows": 1.0, "Plan Width": 16, "Actual Rows": 98, "Actual Loops": 2, "Hash Buckets": 1024, "Original Hash Buckets": 1024, "Hash Batches": 1, "Original Hash Batches": 1, "Peak Memory Usage": 13, "Workers": [], "Plans": [{"Node Type": "Nested Loop", "Parent Relationship": "Outer", "Parallel Aware": false, "Async Capable": false, "Join Type": "Inner", "Startup Cost": 3537.57, "Total Cost": 4077.47, "Plan Rows": 1.0, "Plan Width": 16, "Actual Rows": 98, "Actual Loops": 2, "Inner Unique": false, "Workers": [], "Plans": [{"Node Type": "Nested Loop", "Parent Relationship": "Outer", "Parallel Aware": false, "Async Capable": false, "Join Type": "Inner", "Startup Cost": 3537.27, "Total Cost": 3902.43, "Plan Rows": 2.0, "Plan Width": 20, "Actual Rows": 32, "Actual Loops": 2, "Inner Unique": false, "Workers": [], "Plans": [{"Node Type": "Nested Loop", "Parent Relationship": "Outer", "Parallel Aware": false, "Async Capable": false, "Join Type": "Inner", "Startup Cost": 3536.85, "Total Cost": 3878.77, "Plan Rows": 7.0, "Plan Width": 16, "Actual Rows": 45, "Actual Loops": 2, "Inner Unique": true, "Join Filter": "(c.postid = p.id)", "Rows Removed by Join Filter": 0, "Workers": [], "Plans": [{"Node Type": "Merge Join", "Parent Relationship": "Outer", "Parallel Aware": false, "Async Capable": false, "Join Type": "Inner", "Startup Cost": 3536.56, "Total Cost": 3829.15, "Plan Rows": 132.0, "Plan Width": 12, "Actual Rows": 187, "Actual Loops": 2, "Inner Unique": false, "Merge Cond": "(pl.relatedpostid = c.postid)", "Workers": [], "Plans": [{"Node Type": "Index Only Scan", "Parent Relationship": "Outer", "Parallel Aware": false, "Async Capable": false, "Scan Direction": "Forward", "Index Name": "idx_postlinks_relatedpostid", "Relation Name": "postlinks", "Alias": "pl", "Startup Cost": 0.29, "Total Cost": 262.81, "Plan Rows": 11102, "Plan Width": 4, "Actual Rows": 11100, "Actual Loops": 2, "Heap Fetches": 0, "Workers": []}, {"Node Type": "Sort", "Parent Relationship": "Inner", "Parallel Aware": false, "Async Capable": false, "Startup Cost": 3536.27, "Total Cost": 3537.08, "Plan Rows": 323, "Plan Width": 8, "Actual Rows": 446, "Actual Loops": 2, "Sort Key": ["c.postid"], "Sort Method": "quicksort", "Sort Space Used": 35, "Sort Space Type": "Memory", "Workers": [{"Worker Number": 0, "Sort Method": "quicksort", "Sort Space Used": 35, "Sort Space Type": "Memory"}], "Plans": [{"Node Type": "Seq Scan", "Parent Relationship": "Outer", "Parallel Aware": false, "Async Capable": false, "Relation Name": "comments", "Alias": "c", "Startup Cost": 0.0, "Total Cost": 3522.81, "Plan Rows": 323, "Plan Width": 8, "Actual Rows": 325, "Actual Loops": 2, "Filter": "(score = 6)", "Rows Removed by Filter": 173980, "Workers": []}]}]}, {"Node Type": "Index Scan", "Parent Relationship": "Inner", "Parallel Aware": false, "Async Capable": false, "Scan Direction": "Forward", "Index Name": "posts_pkey", "Relation Name": "posts", "Alias": "p", "Startup Cost": 0.29, "Total Cost": 0.71, "Plan Rows": 1, "Plan Width": 4, "Actual Rows": 0, "Actual Loops": 374, "Index Cond": "(id = pl.relatedpostid)", "Rows Removed by Index Recheck": 0, "Filter": "(score <= 8)", "Rows Removed by Filter": 1, "Workers": []}]}, {"Node Type": "Index Scan", "Parent Relationship": "Inner", "Parallel Aware": false, "Async Capable": false, "Scan Direction": "Forward", "Index Name": "idx_posthistory_postid", "Relation Name": "posthistory", "Alias": "ph", "Startup Cost": 0.42, "Total Cost": 0.63, "Plan Rows": 1, "Plan Width": 4, "Actual Rows": 1, "Actual Loops": 90, "Index Cond": "(postid = p.id)", "Rows Removed by Index Recheck": 0, "Filter": "(posthistorytypeid = 5)", "Rows Removed by Filter": 5, "Workers": []}]}, {"Node Type": "Index Scan", "Parent Relationship": "Inner", "Parallel Aware": false, "Async Capable": false, "Scan Direction": "Forward", "Index Name": "idx_badges_userid", "Relation Name": "badges", "Alias": "b", "Startup Cost": 0.29, "Total Cost": 6.24, "Plan Rows": 1, "Plan Width": 4, "Actual Rows": 3, "Actual Loops": 64, "Index Cond": "(userid = c.userid)", "Rows Removed by Index Recheck": 0, "Filter": "(date <= '2010-08-27 09:17:43'::timestamp without time zone)", "Rows Removed by Filter": 193, "Workers": []}]}]}]}]}]}]}, "Planning Time": 12.167, "Triggers": [], "Execution Time": 69.882}, {"Plan": {"Node Type": "Aggregate", "Strategy": "Plain", "Partial Mode": "Finalize", "Parallel Aware": false, "Async Capable": false, "Startup Cost": 12194.07, "Total Cost": 12194.08, "Plan Rows": 1, "Plan Width": 8, "Actual Rows": 1, "Actual Loops": 1, "Plans": [{"Node Type": "Gather", "Parent Relationship": "Outer", "Parallel Aware": false, "Async Capable": false, "Startup Cost": 12193.96, "Total Cost": 12194.07, "Plan Rows": 1, "Plan Width": 8, "Actual Rows": 2, "Actual Loops": 1, "Workers Planned": 1, "Workers Launched": 1, "Single Copy": false, "Plans": [{"Node Type": "Aggregate", "Strategy": "Plain", "Partial Mode": "Partial", "Parent Relationship": "Outer", "Parallel Aware": false, "Async Capable": false, "Startup Cost": 11193.96, "Total Cost": 11193.97, "Plan Rows": 1, "Plan Width": 8, "Actual Rows": 1, "Actual Loops": 2, "Workers": [], "Plans": [{"Node Type": "Hash Join", "Parent Relationship": "Outer", "Parallel Aware": true, "Async Capable": false, "Join Type": "Inner", "Startup Cost": 8132.33, "Total Cost": 11193.7, "Plan Rows": 12.0, "Plan Width": 0, "Actual Rows": 377, "Actual Loops": 2, "Inner Unique": false, "Hash Cond": "(c.postid = p.id)", "Workers": [], "Plans": [{"Node Type": "Nested Loop", "Parent Relationship": "Outer", "Parallel Aware": false, "Async Capable": false, "Join Type": "Inner", "Startup Cost": 1.0, "Total Cost": 3059.3, "Plan Rows": 1399.0, "Plan Width": 12, "Actual Rows": 13022, "Actual Loops": 2, "Inner Unique": false, "Join Filter": "(c.postid = v.postid)", "Rows Removed by Join Filter": 0, "Workers": [], "Plans": [{"Node Type": "Nested Loop", "Parent Relationship": "Outer", "Parallel Aware": false, "Async Capable": false, "Join Type": "Inner", "Startup Cost": 0.58, "Total Cost": 3003.04, "Plan Rows": 58.0, "Plan Width": 8, "Actual Rows": 246, "Actual Loops": 2, "Inner Unique": false, "Workers": [], "Plans": [{"Node Type": "Nested Loop", "Parent Relationship": "Outer", "Parallel Aware": false, "Async Capable": false, "Join Type": "Inner", "Startup Cost": 0.29, "Total Cost": 2746.73, "Plan Rows": 132.0, "Plan Width": 12, "Actual Rows": 94, "Actual Loops": 2, "Inner Unique": false, "Workers": [], "Plans": [{"Node Type": "Seq Scan", "Parent Relationship": "Outer", "Parallel Aware": true, "Async Capable": false, "Relation Name": "comments", "Alias": "c", "Startup Cost": 0.0, "Total Cost": 2625.65, "Plan Rows": 190, "Plan Width": 8, "Actual Rows": 162, "Actual Loops": 2, "Filter": "(score = 6)", "Rows Removed by Filter": 86990, "Workers": []}, {"Node Type": "Index Only Scan", "Parent Relationship": "Inner", "Parallel Aware": false, "Async Capable": false, "Scan Direction": "Forward", "Index Name": "idx_postlinks_relatedpostid", "Relation Name": "postlinks", "Alias": "pl", "Startup Cost": 0.29, "Total Cost": 0.62, "Plan Rows": 2, "Plan Width": 4, "Actual Rows": 1, "Actual Loops": 325, "Index Cond": "(relatedpostid = c.postid)", "Rows Removed by Index Recheck": 0, "Heap Fetches": 0, "Workers": []}]}, {"Node Type": "Index Scan", "Parent Relationship": "Inner", "Parallel Aware": false, "Async Capable": false, "Scan Direction": "Forward", "Index Name": "idx_badges_userid", "Relation Name": "badges", "Alias": "b", "Startup Cost": 0.29, "Total Cost": 6.24, "Plan Rows": 1, "Plan Width": 4, "Actual Rows": 3, "Actual Loops": 187, "Index Cond": "(userid = c.userid)", "Rows Removed by Index Recheck": 0, "Filter": "(date <= '2010-08-27 09:17:43'::timestamp without time zone)", "Rows Removed by Filter": 126, "Workers": []}]}, {"Node Type": "Index Only Scan", "Parent Relationship": "Inner", "Parallel Aware": false, "Async Capable": false, "Scan Direction": "Forward", "Index Name": "idx_votes_postid", "Relation Name": "votes", "Alias": "v", "Startup Cost": 0.42, "Total Cost": 0.7, "Plan Rows": 5, "Plan Width": 4, "Actual Rows": 53, "Actual Loops": 493, "Index Cond": "(postid = pl.relatedpostid)", "Rows Removed by Index Recheck": 0, "Heap Fetches": 0, "Workers": []}]}, {"Node Type": "Hash", "Parent Relationship": "Inner", "Parallel Aware": true, "Async Capable": false, "Startup Cost": 7650.08, "Total Cost": 7650.08, "Plan Rows": 6.0, "Plan Width": 8, "Actual Rows": 31103, "Actual Loops": 2, "Hash Buckets": 65536, "Original Hash Buckets": 65536, "Hash Batches": 1, "Original Hash Batches": 1, "Peak Memory Usage": 2976, "Workers": [], "Plans": [{"Node Type": "Hash Join", "Parent Relationship": "Outer", "Parallel Aware": false, "Async Capable": false, "Join Type": "Inner", "Startup Cost": 3073.56, "Total Cost": 7650.08, "Plan Rows": 6.0, "Plan Width": 8, "Actual Rows": 31103, "Actual Loops": 2, "Inner Unique": true, "Hash Cond": "(ph.postid = p.id)", "Workers": [], "Plans": [{"Node Type": "Seq Scan", "Parent Relationship": "Outer", "Parallel Aware": true, "Async Capable": false, "Relation Name": "posthistory", "Alias": "ph", "Startup Cost": 0.0, "Total Cost": 4469.32, "Plan Rows": 40839, "Plan Width": 4, "Actual Rows": 34714, "Actual Loops": 2, "Filter": "(posthistorytypeid = 5)", "Rows Removed by Filter": 116880, "Workers": []}, {"Node Type": "Hash", "Parent Relationship": "Inner", "Parallel Aware": false, "Async Capable": false, "Startup Cost": 1989.7, "Total Cost": 1989.7, "Plan Rows": 86709, "Plan Width": 4, "Actual Rows": 86710, "Actual Loops": 2, "Hash Buckets": 131072, "Original Hash Buckets": 131072, "Hash Batches": 1, "Original Hash Batches": 1, "Peak Memory Usage": 4073, "Workers": [], "Plans": [{"Node Type": "Seq Scan", "Parent Relationship": "Outer", "Parallel Aware": false, "Async Capable": false, "Relation Name": "posts", "Alias": "p", "Startup Cost": 0.0, "Total Cost": 1989.7, "Plan Rows": 86709, "Plan Width": 4, "Actual Rows": 86710, "Actual Loops": 2, "Filter": "(score <= 8)", "Rows Removed by Filter": 5266, "Workers": []}]}]}]}]}]}]}]}, "Planning Time": 14.889, "Triggers": [], "Execution Time": 146.847}, {"Plan": {"Node Type": "Aggregate", "Strategy": "Plain", "Partial Mode": "Simple", "Parallel Aware": false, "Async Capable": false, "Startup Cost": 11171.38, "Total Cost": 11171.39, "Plan Rows": 1, "Plan Width": 8, "Actual Rows": 1, "Actual Loops": 1, "Plans": [{"Node Type": "Merge Join", "Parent Relationship": "Outer", "Parallel Aware": false, "Async Capable": false, "Join Type": "Inner", "Startup Cost": 5807.38, "Total Cost": 11170.92, "Plan Rows": 12.0, "Plan Width": 0, "Actual Rows": 754, "Actual Loops": 1, "Inner Unique": false, "Merge Cond": "(pl.relatedpostid = p.id)", "Plans": [{"Node Type": "Nested Loop", "Parent Relationship": "Outer", "Parallel Aware": false, "Async Capable": false, "Join Type": "Inner", "Startup Cost": 0.72, "Total Cost": 4707.89, "Plan Rows": 29517.0, "Plan Width": 8, "Actual Rows": 316250, "Actual Loops": 1, "Inner Unique": false, "Plans": [{"Node Type": "Index Only Scan", "Parent Relationship": "Outer", "Parallel Aware": false, "Async Capable": false, "Scan Direction": "Forward", "Index Name": "idx_postlinks_relatedpostid", "Relation Name": "postlinks", "Alias": "pl", "Startup Cost": 0.29, "Total Cost": 262.81, "Plan Rows": 11102, "Plan Width": 4, "Actual Rows": 11099, "Actual Loops": 1, "Heap Fetches": 0}, {"Node Type": "Memoize", "Parent Relationship": "Inner", "Parallel Aware": false, "Async Capable": false, "Startup Cost": 0.43, "Total Cost": 0.71, "Plan Rows": 5, "Plan Width": 4, "Actual Rows": 28, "Actual Loops": 11099, "Cache Key": "pl.relatedpostid", "Cache Mode": "logical", "Cache Hits": 5924, "Cache Misses": 5175, "Cache Evictions": 0, "Cache Overflows": 0, "Peak Memory Usage": 2296, "Plans": [{"Node Type": "Index Only Scan", "Parent Relationship": "Outer", "Parallel Aware": false, "Async Capable": false, "Scan Direction": "Forward", "Index Name": "idx_votes_postid", "Relation Name": "votes", "Alias": "v", "Startup Cost": 0.42, "Total Cost": 0.7, "Plan Rows": 5, "Plan Width": 4, "Actual Rows": 11, "Actual Loops": 5175, "Index Cond": "(postid = pl.relatedpostid)", "Rows Removed by Index Recheck": 0, "Heap Fetches": 0}]}]}, {"Node Type": "Sort", "Parent Relationship": "Inner", "Parallel Aware": false, "Async Capable": false, "Startup Cost": 5806.66, "Total Cost": 5807.7, "Plan Rows": 1.0, "Plan Width": 12, "Actual Rows": 1186, "Actual Loops": 1, "Sort Key": ["c.postid"], "Sort Method": "quicksort", "Sort Space Used": 43, "Sort Space Type": "Memory", "Plans": [{"Node Type": "Gather", "Parent Relationship": "Outer", "Parallel Aware": false, "Async Capable": false, "Startup Cost": 1001.01, "Total Cost": 5788.57, "Plan Rows": 1.0, "Plan Width": 12, "Actual Rows": 466, "Actual Loops": 1, "Workers Planned": 1, "Workers Launched": 1, "Single Copy": false, "Plans": [{"Node Type": "Nested Loop", "Parent Relationship": "Outer", "Parallel Aware": false, "Async Capable": false, "Join Type": "Inner", "Startup Cost": 1.01, "Total Cost": 4746.97, "Plan Rows": 1.0, "Plan Width": 12, "Actual Rows": 233, "Actual Loops": 2, "Inner Unique": false, "Workers": [], "Plans": [{"Node Type": "Nested Loop", "Parent Relationship": "Outer", "Parallel Aware": false, "Async Capable": false, "Join Type": "Inner", "Startup Cost": 0.71, "Total Cost": 3903.0, "Plan Rows": 1.0, "Plan Width": 16, "Actual Rows": 90, "Actual Loops": 2, "Inner Unique": false, "Workers": [], "Plans": [{"Node Type": "Nested Loop", "Parent Relationship": "Outer", "Parallel Aware": false, "Async Capable": false, "Join Type": "Inner", "Startup Cost": 0.29, "Total Cost": 3788.56, "Plan Rows": 6.0, "Plan Width": 12, "Actual Rows": 100, "Actual Loops": 2, "Inner Unique": true, "Workers": [], "Plans": [{"Node Type": "Seq Scan", "Parent Relationship": "Outer", "Parallel Aware": true, "Async Capable": false, "Relation Name": "comments", "Alias": "c", "Startup Cost": 0.0, "Total Cost": 2625.65, "Plan Rows": 190, "Plan Width": 8, "Actual Rows": 162, "Actual Loops": 2, "Filter": "(score = 6)", "Rows Removed by Filter": 86990, "Workers": []}, {"Node Type": "Index Scan", "Parent Relationship": "Inner", "Parallel Aware": false, "Async Capable": false, "Scan Direction": "Forward", "Index Name": "posts_pkey", "Relation Name": "posts", "Alias": "p", "Startup Cost": 0.29, "Total Cost": 6.12, "Plan Rows": 1, "Plan Width": 4, "Actual Rows": 1, "Actual Loops": 325, "Index Cond": "(id = c.postid)", "Rows Removed by Index Recheck": 0, "Filter": "(score <= 8)", "Rows Removed by Filter": 0, "Workers": []}]}, {"Node Type": "Index Scan", "Parent Relationship": "Inner", "Parallel Aware": false, "Async Capable": false, "Scan Direction": "Forward", "Index Name": "idx_posthistory_postid", "Relation Name": "posthistory", "Alias": "ph", "Startup Cost": 0.42, "Total Cost": 0.63, "Plan Rows": 1, "Plan Width": 4, "Actual Rows": 1, "Actual Loops": 199, "Index Cond": "(postid = p.id)", "Rows Removed by Index Recheck": 0, "Filter": "(posthistorytypeid = 5)", "Rows Removed by Filter": 4, "Workers": []}]}, {"Node Type": "Index Scan", "Parent Relationship": "Inner", "Parallel Aware": false, "Async Capable": false, "Scan Direction": "Forward", "Index Name": "idx_badges_userid", "Relation Name": "badges", "Alias": "b", "Startup Cost": 0.29, "Total Cost": 6.24, "Plan Rows": 1, "Plan Width": 4, "Actual Rows": 3, "Actual Loops": 181, "Index Cond": "(userid = c.userid)", "Rows Removed by Index Recheck": 0, "Filter": "(date <= '2010-08-27 09:17:43'::timestamp without time zone)", "Rows Removed by Filter": 164, "Workers": []}]}]}]}]}]}, "Planning Time": 6.506, "Triggers": [], "Execution Time": 75.466}, {"Plan": {"Node Type": "Aggregate", "Strategy": "Plain", "Partial Mode": "Finalize", "Parallel Aware": false, "Async Capable": false, "Startup Cost": 19989.54, "Total Cost": 19989.55, "Plan Rows": 1, "Plan Width": 8, "Actual Rows": 1, "Actual Loops": 1, "Plans": [{"Node Type": "Gather", "Parent Relationship": "Outer", "Parallel Aware": false, "Async Capable": false, "Startup Cost": 19989.43, "Total Cost": 19989.54, "Plan Rows": 1, "Plan Width": 8, "Actual Rows": 2, "Actual Loops": 1, "Workers Planned": 1, "Workers Launched": 1, "Single Copy": false, "Plans": [{"Node Type": "Aggregate", "Strategy": "Plain", "Partial Mode": "Partial", "Parent Relationship": "Outer", "Parallel Aware": false, "Async Capable": false, "Startup Cost": 18989.43, "Total Cost": 18989.44, "Plan Rows": 1, "Plan Width": 8, "Actual Rows": 1, "Actual Loops": 2, "Workers": [], "Plans": [{"Node Type": "Hash Join", "Parent Relationship": "Outer", "Parallel Aware": true, "Async Capable": false, "Join Type": "Inner", "Startup Cost": 11135.3, "Total Cost": 18989.16, "Plan Rows": 12.0, "Plan Width": 0, "Actual Rows": 377, "Actual Loops": 2, "Inner Unique": false, "Hash Cond": "(p.id = c.postid)", "Workers": [], "Plans": [{"Node Type": "Hash Join", "Parent Relationship": "Outer", "Parallel Aware": true, "Async Capable": false, "Join Type": "Inner", "Startup Cost": 8131.33, "Total Cost": 13752.58, "Plan Rows": 154.0, "Plan Width": 12, "Actual Rows": 102132, "Actual Loops": 2, "Inner Unique": false, "Hash Cond": "(v.postid = p.id)", "Workers": [], "Plans": [{"Node Type": "Seq Scan", "Parent Relationship": "Outer", "Parallel Aware": true, "Async Capable": false, "Relation Name": "votes", "Alias": "v", "Startup Cost": 0.0, "Total Cost": 4089.79, "Plan Rows": 192979, "Plan Width": 4, "Actual Rows": 164032, "Actual Loops": 2, "Workers": []}, {"Node Type": "Hash", "Parent Relationship": "Inner", "Parallel Aware": true, "Async Capable": false, "Startup Cost": 7650.08, "Total Cost": 7650.08, "Plan Rows": 6.0, "Plan Width": 8, "Actual Rows": 31103, "Actual Loops": 2, "Hash Buckets": 65536, "Original Hash Buckets": 65536, "Hash Batches": 1, "Original Hash Batches": 1, "Peak Memory Usage": 2976, "Workers": [], "Plans": [{"Node Type": "Hash Join", "Parent Relationship": "Outer", "Parallel Aware": false, "Async Capable": false, "Join Type": "Inner", "Startup Cost": 3073.56, "Total Cost": 7650.08, "Plan Rows": 6.0, "Plan Width": 8, "Actual Rows": 31103, "Actual Loops": 2, "Inner Unique": true, "Hash Cond": "(ph.postid = p.id)", "Workers": [], "Plans": [{"Node Type": "Seq Scan", "Parent Relationship": "Outer", "Parallel Aware": true, "Async Capable": false, "Relation Name": "posthistory", "Alias": "ph", "Startup Cost": 0.0, "Total Cost": 4469.32, "Plan Rows": 40839, "Plan Width": 4, "Actual Rows": 34714, "Actual Loops": 2, "Filter": "(posthistorytypeid = 5)", "Rows Removed by Filter": 116880, "Workers": []}, {"Node Type": "Hash", "Parent Relationship": "Inner", "Parallel Aware": false, "Async Capable": false, "Startup Cost": 1989.7, "Total Cost": 1989.7, "Plan Rows": 86709, "Plan Width": 4, "Actual Rows": 86710, "Actual Loops": 2, "Hash Buckets": 131072, "Original Hash Buckets": 131072, "Hash Batches": 1, "Original Hash Batches": 1, "Peak Memory Usage": 4073, "Workers": [], "Plans": [{"Node Type": "Seq Scan", "Parent Relationship": "Outer", "Parallel Aware": false, "Async Capable": false, "Relation Name": "posts", "Alias": "p", "Startup Cost": 0.0, "Total Cost": 1989.7, "Plan Rows": 86709, "Plan Width": 4, "Actual Rows": 86710, "Actual Loops": 2, "Filter": "(score <= 8)", "Rows Removed by Filter": 5266, "Workers": []}]}]}]}]}, {"Node Type": "Hash", "Parent Relationship": "Inner", "Parallel Aware": true, "Async Capable": false, "Startup Cost": 3003.04, "Total Cost": 3003.04, "Plan Rows": 58.0, "Plan Width": 8, "Actual Rows": 246, "Actual Loops": 2, "Hash Buckets": 1024, "Original Hash Buckets": 1024, "Hash Batches": 1, "Original Hash Batches": 1, "Peak Memory Usage": 72, "Workers": [], "Plans": [{"Node Type": "Nested Loop", "Parent Relationship": "Outer", "Parallel Aware": false, "Async Capable": false, "Join Type": "Inner", "Startup Cost": 0.58, "Total Cost": 3003.04, "Plan Rows": 58.0, "Plan Width": 8, "Actual Rows": 246, "Actual Loops": 2, "Inner Unique": false, "Workers": [], "Plans": [{"Node Type": "Nested Loop", "Parent Relationship": "Outer", "Parallel Aware": false, "Async Capable": false, "Join Type": "Inner", "Startup Cost": 0.29, "Total Cost": 2746.73, "Plan Rows": 132.0, "Plan Width": 12, "Actual Rows": 94, "Actual Loops": 2, "Inner Unique": false, "Workers": [], "Plans": [{"Node Type": "Seq Scan", "Parent Relationship": "Outer", "Parallel Aware": true, "Async Capable": false, "Relation Name": "comments", "Alias": "c", "Startup Cost": 0.0, "Total Cost": 2625.65, "Plan Rows": 190, "Plan Width": 8, "Actual Rows": 162, "Actual Loops": 2, "Filter": "(score = 6)", "Rows Removed by Filter": 86990, "Workers": []}, {"Node Type": "Index Only Scan", "Parent Relationship": "Inner", "Parallel Aware": false, "Async Capable": false, "Scan Direction": "Forward", "Index Name": "idx_postlinks_relatedpostid", "Relation Name": "postlinks", "Alias": "pl", "Startup Cost": 0.29, "Total Cost": 0.62, "Plan Rows": 2, "Plan Width": 4, "Actual Rows": 1, "Actual Loops": 325, "Index Cond": "(relatedpostid = c.postid)", "Rows Removed by Index Recheck": 0, "Heap Fetches": 0, "Workers": []}]}, {"Node Type": "Index Scan", "Parent Relationship": "Inner", "Parallel Aware": false, "Async Capable": false, "Scan Direction": "Forward", "Index Name": "idx_badges_userid", "Relation Name": "badges", "Alias": "b", "Startup Cost": 0.29, "Total Cost": 6.24, "Plan Rows": 1, "Plan Width": 4, "Actual Rows": 3, "Actual Loops": 187, "Index Cond": "(userid = c.userid)", "Rows Removed by Index Recheck": 0, "Filter": "(date <= '2010-08-27 09:17:43'::timestamp without time zone)", "Rows Removed by Filter": 126, "Workers": []}]}]}]}]}]}]}, "Planning Time": 14.104, "Triggers": [], "Execution Time": 254.999}, {"Plan": {"Node Type": "Aggregate", "Strategy": "Plain", "Partial Mode": "Finalize", "Parallel Aware": false, "Async Capable": false, "Startup Cost": 3908.2, "Total Cost": 3908.21, "Plan Rows": 1, "Plan Width": 8, "Actual Rows": 1, "Actual Loops": 1, "Plans": [{"Node Type": "Gather", "Parent Relationship": "Outer", "Parallel Aware": false, "Async Capable": false, "Startup Cost": 3908.09, "Total Cost": 3908.2, "Plan Rows": 1, "Plan Width": 8, "Actual Rows": 2, "Actual Loops": 1, "Workers Planned": 1, "Workers Launched": 1, "Single Copy": false, "Plans": [{"Node Type": "Aggregate", "Strategy": "Plain", "Partial Mode": "Partial", "Parent Relationship": "Outer", "Parallel Aware": false, "Async Capable": false, "Startup Cost": 2908.09, "Total Cost": 2908.1, "Plan Rows": 1, "Plan Width": 8, "Actual Rows": 1, "Actual Loops": 2, "Workers": [], "Plans": [{"Node Type": "Nested Loop", "Parent Relationship": "Outer", "Parallel Aware": false, "Async Capable": false, "Join Type": "Inner", "Startup Cost": 1.71, "Total Cost": 2907.82, "Plan Rows": 12.0, "Plan Width": 0, "Actual Rows": 377, "Actual Loops": 2, "Inner Unique": false, "Workers": [], "Plans": [{"Node Type": "Nested Loop", "Parent Relationship": "Outer", "Parallel Aware": false, "Async Capable": false, "Join Type": "Inner", "Startup Cost": 1.29, "Total Cost": 2890.3, "Plan Rows": 1.0, "Plan Width": 16, "Actual Rows": 49, "Actual Loops": 2, "Inner Unique": false, "Workers": [], "Plans": [{"Node Type": "Nested Loop", "Parent Relationship": "Outer", "Parallel Aware": false, "Async Capable": false, "Join Type": "Inner", "Startup Cost": 1.0, "Total Cost": 2790.28, "Plan Rows": 2.0, "Plan Width": 20, "Actual Rows": 16, "Actual Loops": 2, "Inner Unique": false, "Workers": [], "Plans": [{"Node Type": "Nested Loop", "Parent Relationship": "Outer", "Parallel Aware": false, "Async Capable": false, "Join Type": "Inner", "Startup Cost": 0.58, "Total Cost": 2776.21, "Plan Rows": 7.0, "Plan Width": 16, "Actual Rows": 22, "Actual Loops": 2, "Inner Unique": true, "Join Filter": "(c.postid = p.id)", "Rows Removed by Join Filter": 0, "Workers": [], "Plans": [{"Node Type": "Nested Loop", "Parent Relationship": "Outer", "Parallel Aware": false, "Async Capable": false, "Join Type": "Inner", "Startup Cost": 0.29, "Total Cost": 2746.73, "Plan Rows": 132.0, "Plan Width": 12, "Actual Rows": 94, "Actual Loops": 2, "Inner Unique": false, "Workers": [], "Plans": [{"Node Type": "Seq Scan", "Parent Relationship": "Outer", "Parallel Aware": true, "Async Capable": false, "Relation Name": "comments", "Alias": "c", "Startup Cost": 0.0, "Total Cost": 2625.65, "Plan Rows": 190, "Plan Width": 8, "Actual Rows": 162, "Actual Loops": 2, "Filter": "(score = 6)", "Rows Removed by Filter": 86990, "Workers": []}, {"Node Type": "Index Only Scan", "Parent Relationship": "Inner", "Parallel Aware": false, "Async Capable": false, "Scan Direction": "Forward", "Index Name": "idx_postlinks_relatedpostid", "Relation Name": "postlinks", "Alias": "pl", "Startup Cost": 0.29, "Total Cost": 0.62, "Plan Rows": 2, "Plan Width": 4, "Actual Rows": 1, "Actual Loops": 325, "Index Cond": "(relatedpostid = c.postid)", "Rows Removed by Index Recheck": 0, "Heap Fetches": 0, "Workers": []}]}, {"Node Type": "Index Scan", "Parent Relationship": "Inner", "Parallel Aware": false, "Async Capable": false, "Scan Direction": "Forward", "Index Name": "posts_pkey", "Relation Name": "posts", "Alias": "p", "Startup Cost": 0.29, "Total Cost": 0.71, "Plan Rows": 1, "Plan Width": 4, "Actual Rows": 0, "Actual Loops": 187, "Index Cond": "(id = pl.relatedpostid)", "Rows Removed by Index Recheck": 0, "Filter": "(score <= 8)", "Rows Removed by Filter": 1, "Workers": []}]}, {"Node Type": "Index Scan", "Parent Relationship": "Inner", "Parallel Aware": false, "Async Capable": false, "Scan Direction": "Forward", "Index Name": "idx_posthistory_postid", "Relation Name": "posthistory", "Alias": "ph", "Startup Cost": 0.42, "Total Cost": 0.63, "Plan Rows": 1, "Plan Width": 4, "Actual Rows": 1, "Actual Loops": 45, "Index Cond": "(postid = p.id)", "Rows Removed by Index Recheck": 0, "Filter": "(posthistorytypeid = 5)", "Rows Removed by Filter": 5, "Workers": []}]}, {"Node Type": "Index Scan", "Parent Relationship": "Inner", "Parallel Aware": false, "Async Capable": false, "Scan Direction": "Forward", "Index Name": "idx_badges_userid", "Relation Name": "badges", "Alias": "b", "Startup Cost": 0.29, "Total Cost": 6.24, "Plan Rows": 1, "Plan Width": 4, "Actual Rows": 3, "Actual Loops": 32, "Index Cond": "(userid = c.userid)", "Rows Removed by Index Recheck": 0, "Filter": "(date <= '2010-08-27 09:17:43'::timestamp without time zone)", "Rows Removed by Filter": 193, "Workers": []}]}, {"Node Type": "Index Only Scan", "Parent Relationship": "Inner", "Parallel Aware": false, "Async Capable": false, "Scan Direction": "Forward", "Index Name": "idx_votes_postid", "Relation Name": "votes", "Alias": "v", "Startup Cost": 0.42, "Total Cost": 0.53, "Plan Rows": 5, "Plan Width": 4, "Actual Rows": 8, "Actual Loops": 98, "Index Cond": "(postid = p.id)", "Rows Removed by Index Recheck": 0, "Heap Fetches": 0, "Workers": []}]}]}]}]}, "Planning Time": 6.321, "Triggers": [], "Execution Time": 23.879}, {"Plan": {"Node Type": "Aggregate", "Strategy": "Plain", "Partial Mode": "Finalize", "Parallel Aware": false, "Async Capable": false, "Startup Cost": 4168.84, "Total Cost": 4168.85, "Plan Rows": 1, "Plan Width": 8, "Actual Rows": 1, "Actual Loops": 1, "Plans": [{"Node Type": "Gather", "Parent Relationship": "Outer", "Parallel Aware": false, "Async Capable": false, "Startup Cost": 4168.73, "Total Cost": 4168.84, "Plan Rows": 1, "Plan Width": 8, "Actual Rows": 2, "Actual Loops": 1, "Workers Planned": 1, "Workers Launched": 1, "Single Copy": false, "Plans": [{"Node Type": "Aggregate", "Strategy": "Plain", "Partial Mode": "Partial", "Parent Relationship": "Outer", "Parallel Aware": false, "Async Capable": false, "Startup Cost": 3168.73, "Total Cost": 3168.74, "Plan Rows": 1, "Plan Width": 8, "Actual Rows": 1, "Actual Loops": 2, "Workers": [], "Plans": [{"Node Type": "Nested Loop", "Parent Relationship": "Outer", "Parallel Aware": false, "Async Capable": false, "Join Type": "Inner", "Startup Cost": 1.71, "Total Cost": 3168.47, "Plan Rows": 12.0, "Plan Width": 0, "Actual Rows": 377, "Actual Loops": 2, "Inner Unique": false, "Workers": [], "Plans": [{"Node Type": "Nested Loop", "Parent Relationship": "Outer", "Parallel Aware": false, "Async Capable": false, "Join Type": "Inner", "Startup Cost": 1.42, "Total Cost": 2799.62, "Plan Rows": 27.0, "Plan Width": 4, "Actual Rows": 94, "Actual Loops": 2, "Inner Unique": false, "Workers": [], "Plans": [{"Node Type": "Nested Loop", "Parent Relationship": "Outer", "Parallel Aware": false, "Async Capable": false, "Join Type": "Inner", "Startup Cost": 1.0, "Total Cost": 2790.28, "Plan Rows": 2.0, "Plan Width": 20, "Actual Rows": 16, "Actual Loops": 2, "Inner Unique": false, "Workers": [], "Plans": [{"Node Type": "Nested Loop", "Parent Relationship": "Outer", "Parallel Aware": false, "Async Capable": false, "Join Type": "Inner", "Startup Cost": 0.58, "Total Cost": 2776.21, "Plan Rows": 7.0, "Plan Width": 16, "Actual Rows": 22, "Actual Loops": 2, "Inner Unique": true, "Join Filter": "(c.postid = p.id)", "Rows Removed by Join Filter": 0, "Workers": [], "Plans": [{"Node Type": "Nested Loop", "Parent Relationship": "Outer", "Parallel Aware": false, "Async Capable": false, "Join Type": "Inner", "Startup Cost": 0.29, "Total Cost": 2746.73, "Plan Rows": 132.0, "Plan Width": 12, "Actual Rows": 94, "Actual Loops": 2, "Inner Unique": false, "Workers": [], "Plans": [{"Node Type": "Seq Scan", "Parent Relationship": "Outer", "Parallel Aware": true, "Async Capable": false, "Relation Name": "comments", "Alias": "c", "Startup Cost": 0.0, "Total Cost": 2625.65, "Plan Rows": 190, "Plan Width": 8, "Actual Rows": 162, "Actual Loops": 2, "Filter": "(score = 6)", "Rows Removed by Filter": 86990, "Workers": []}, {"Node Type": "Index Only Scan", "Parent Relationship": "Inner", "Parallel Aware": false, "Async Capable": false, "Scan Direction": "Forward", "Index Name": "idx_postlinks_relatedpostid", "Relation Name": "postlinks", "Alias": "pl", "Startup Cost": 0.29, "Total Cost": 0.62, "Plan Rows": 2, "Plan Width": 4, "Actual Rows": 1, "Actual Loops": 325, "Index Cond": "(relatedpostid = c.postid)", "Rows Removed by Index Recheck": 0, "Heap Fetches": 0, "Workers": []}]}, {"Node Type": "Index Scan", "Parent Relationship": "Inner", "Parallel Aware": false, "Async Capable": false, "Scan Direction": "Forward", "Index Name": "posts_pkey", "Relation Name": "posts", "Alias": "p", "Startup Cost": 0.29, "Total Cost": 0.71, "Plan Rows": 1, "Plan Width": 4, "Actual Rows": 0, "Actual Loops": 187, "Index Cond": "(id = pl.relatedpostid)", "Rows Removed by Index Recheck": 0, "Filter": "(score <= 8)", "Rows Removed by Filter": 1, "Workers": []}]}, {"Node Type": "Index Scan", "Parent Relationship": "Inner", "Parallel Aware": false, "Async Capable": false, "Scan Direction": "Forward", "Index Name": "idx_posthistory_postid", "Relation Name": "posthistory", "Alias": "ph", "Startup Cost": 0.42, "Total Cost": 0.63, "Plan Rows": 1, "Plan Width": 4, "Actual Rows": 1, "Actual Loops": 45, "Index Cond": "(postid = p.id)", "Rows Removed by Index Recheck": 0, "Filter": "(posthistorytypeid = 5)", "Rows Removed by Filter": 5, "Workers": []}]}, {"Node Type": "Index Only Scan", "Parent Relationship": "Inner", "Parallel Aware": false, "Async Capable": false, "Scan Direction": "Forward", "Index Name": "idx_votes_postid", "Relation Name": "votes", "Alias": "v", "Startup Cost": 0.42, "Total Cost": 0.53, "Plan Rows": 5, "Plan Width": 4, "Actual Rows": 6, "Actual Loops": 32, "Index Cond": "(postid = p.id)", "Rows Removed by Index Recheck": 0, "Heap Fetches": 0, "Workers": []}]}, {"Node Type": "Index Scan", "Parent Relationship": "Inner", "Parallel Aware": false, "Async Capable": false, "Scan Direction": "Forward", "Index Name": "idx_badges_userid", "Relation Name": "badges", "Alias": "b", "Startup Cost": 0.29, "Total Cost": 6.24, "Plan Rows": 1, "Plan Width": 4, "Actual Rows": 4, "Actual Loops": 187, "Index Cond": "(userid = c.userid)", "Rows Removed by Index Recheck": 0, "Filter": "(date <= '2010-08-27 09:17:43'::timestamp without time zone)", "Rows Removed by Filter": 244, "Workers": []}]}]}]}]}, "Planning Time": 5.592, "Triggers": [], "Execution Time": 22.28}]