[{"Plan": {"Node Type": "Aggregate", "Strategy": "Plain", "Partial Mode": "Finalize", "Parallel Aware": false, "Async Capable": false, "Startup Cost": 7870.22, "Total Cost": 7870.23, "Plan Rows": 1, "Plan Width": 8, "Actual Rows": 1, "Actual Loops": 1, "Plans": [{"Node Type": "Gather", "Parent Relationship": "Outer", "Parallel Aware": false, "Async Capable": false, "Startup Cost": 7870.1, "Total Cost": 7870.21, "Plan Rows": 1, "Plan Width": 8, "Actual Rows": 2, "Actual Loops": 1, "Workers Planned": 1, "Workers Launched": 1, "Single Copy": false, "Plans": [{"Node Type": "Aggregate", "Strategy": "Plain", "Partial Mode": "Partial", "Parent Relationship": "Outer", "Parallel Aware": false, "Async Capable": false, "Startup Cost": 6870.1, "Total Cost": 6870.11, "Plan Rows": 1, "Plan Width": 8, "Actual Rows": 1, "Actual Loops": 2, "Workers": [], "Plans": [{"Node Type": "Nested Loop", "Parent Relationship": "Outer", "Parallel Aware": false, "Async Capable": false, "Join Type": "Inner", "Startup Cost": 3077.51, "Total Cost": 6501.26, "Plan Rows": 2190.0, "Plan Width": 0, "Actual Rows": 776902, "Actual Loops": 2, "Inner Unique": false, "Join Filter": "(ph.userid = u.id)", "Rows Removed by Join Filter": 0, "Workers": [], "Plans": [{"Node Type": "Merge Join", "Parent Relationship": "Outer", "Parallel Aware": false, "Async Capable": false, "Join Type": "Inner", "Startup Cost": 3077.08, "Total Cost": 4319.74, "Plan Rows": 20379.0, "Plan Width": 12, "Actual Rows": 66756, "Actual Loops": 2, "Inner Unique": false, "Merge Cond": "(v.userid = u.id)", "Workers": [], "Plans": [{"Node Type": "Index Scan", "Parent Relationship": "Outer", "Parallel Aware": true, "Async Capable": false, "Scan Direction": "Forward", "Index Name": "idx_votes_userid", "Relation Name": "votes", "Alias": "v", "Startup Cost": 0.42, "Total Cost": 10733.91, "Plan Rows": 188186, "Plan Width": 4, "Actual Rows": 13354, "Actual Loops": 2, "Filter": "(creationdate <= '2014-08-18 16:45:02'::timestamp without time zone)", "Rows Removed by Filter": 192, "Workers": []}, {"Node Type": "Sort", "Parent Relationship": "Inner", "Parallel Aware": false, "Async Capable": false, "Startup Cost": 3076.66, "Total Cost": 3091.21, "Plan Rows": 1006.0, "Plan Width": 8, "Actual Rows": 79370, "Actual Loops": 2, "Sort Key": ["u.id"], "Sort Method": "quicksort", "Sort Space Used": 881, "Sort Space Type": "Memory", "Workers": [{"Worker Number": 0, "Sort Method": "quicksort", "Sort Space Used": 881, "Sort Space Type": "Memory"}], "Plans": [{"Node Type": "Hash Join", "Parent Relationship": "Outer", "Parallel Aware": false, "Async Capable": false, "Join Type": "Inner", "Startup Cost": 1210.78, "Total Cost": 2712.71, "Plan Rows": 1006.0, "Plan Width": 8, "Actual Rows": 15893, "Actual Loops": 2, "Inner Unique": true, "Hash Cond": "(b.userid = u.id)", "Workers": [], "Plans": [{"Node Type": "Seq Scan", "Parent Relationship": "Outer", "Parallel Aware": false, "Async Capable": false, "Relation Name": "badges", "Alias": "b", "Startup Cost": 0.0, "Total Cost": 1430.14, "Plan Rows": 27348, "Plan Width": 4, "Actual Rows": 27347, "Actual Loops": 2, "Filter": "(date <= '2012-11-08 03:48:56'::timestamp without time zone)", "Rows Removed by Filter": 52504, "Workers": []}, {"Node Type": "Hash", "Parent Relationship": "Inner", "Parallel Aware": false, "Async Capable": false, "Startup Cost": 1103.5, "Total Cost": 1103.5, "Plan Rows": 8582, "Plan Width": 4, "Actual Rows": 8576, "Actual Loops": 2, "Hash Buckets": 16384, "Original Hash Buckets": 16384, "Hash Batches": 1, "Original Hash Batches": 1, "Peak Memory Usage": 430, "Workers": [], "Plans": [{"Node Type": "Seq Scan", "Parent Relationship": "Outer", "Parallel Aware": false, "Async Capable": false, "Relation Name": "users", "Alias": "u", "Startup Cost": 0.0, "Total Cost": 1103.5, "Plan Rows": 8582, "Plan Width": 4, "Actual Rows": 8576, "Actual Loops": 2, "Filter": "((reputation <= 66043) AND (views <= 5734) AND (creationdate >= '2011-01-15 15:41:06'::timestamp without time zone) AND (creationdate <= '2012-08-15 00:17:45'::timestamp without time zone))", "Rows Removed by Filter": 31749, "Workers": []}]}]}]}]}, {"Node Type": "Index Scan", "Parent Relationship": "Inner", "Parallel Aware": false, "Async Capable": false, "Scan Direction": "Forward", "Index Name": "idx_posthistory_userid", "Relation Name": "posthistory", "Alias": "ph", "Startup Cost": 0.42, "Total Cost": 0.73, "Plan Rows": 2, "Plan Width": 4, "Actual Rows": 12, "Actual Loops": 133511, "Index Cond": "(userid = v.userid)", "Rows Removed by Index Recheck": 0, "Filter": "(posthistorytypeid = 1)", "Rows Removed by Filter": 1806, "Workers": []}]}]}]}]}, "Planning Time": 2.752, "Triggers": [], "Execution Time": 31380.121}, {"Plan": {"Node Type": "Aggregate", "Strategy": "Plain", "Partial Mode": "Simple", "Parallel Aware": false, "Async Capable": false, "Startup Cost": 30275.62, "Total Cost": 30275.63, "Plan Rows": 1, "Plan Width": 8, "Actual Rows": 1, "Actual Loops": 1, "Plans": [{"Node Type": "Merge Join", "Parent Relationship": "Outer", "Parallel Aware": false, "Async Capable": false, "Join Type": "Inner", "Startup Cost": 1665.36, "Total Cost": 29648.59, "Plan Rows": 2190.0, "Plan Width": 0, "Actual Rows": 1553805, "Actual Loops": 1, "Inner Unique": false, "Merge Cond": "(u.id = b.userid)", "Plans": [{"Node Type": "Merge Join", "Parent Relationship": "Outer", "Parallel Aware": false, "Async Capable": false, "Join Type": "Inner", "Startup Cost": 1664.63, "Total Cost": 3177.79, "Plan Rows": 2012.0, "Plan Width": 8, "Actual Rows": 13051, "Actual Loops": 1, "Inner Unique": true, "Merge Cond": "(v.userid = u.id)", "Plans": [{"Node Type": "Index Scan", "Parent Relationship": "Outer", "Parallel Aware": false, "Async Capable": false, "Scan Direction": "Forward", "Index Name": "idx_votes_userid", "Relation Name": "votes", "Alias": "v", "Startup Cost": 0.42, "Total Cost": 12422.47, "Plan Rows": 319916, "Plan Width": 4, "Actual Rows": 32631, "Actual Loops": 1, "Filter": "(creationdate <= '2014-08-18 16:45:02'::timestamp without time zone)", "Rows Removed by Filter": 753}, {"Node Type": "Sort", "Parent Relationship": "Inner", "Parallel Aware": false, "Async Capable": false, "Startup Cost": 1664.21, "Total Cost": 1685.66, "Plan Rows": 8582, "Plan Width": 4, "Actual Rows": 8576, "Actual Loops": 1, "Sort Key": ["u.id"], "Sort Method": "quicksort", "Sort Space Used": 385, "Sort Space Type": "Memory", "Plans": [{"Node Type": "Seq Scan", "Parent Relationship": "Outer", "Parallel Aware": false, "Async Capable": false, "Relation Name": "users", "Alias": "u", "Startup Cost": 0.0, "Total Cost": 1103.5, "Plan Rows": 8582, "Plan Width": 4, "Actual Rows": 8576, "Actual Loops": 1, "Filter": "((reputation <= 66043) AND (views <= 5734) AND (creationdate >= '2011-01-15 15:41:06'::timestamp without time zone) AND (creationdate <= '2012-08-15 00:17:45'::timestamp without time zone))", "Rows Removed by Filter": 31749}]}]}, {"Node Type": "Materialize", "Parent Relationship": "Inner", "Parallel Aware": false, "Async Capable": false, "Startup Cost": 0.72, "Total Cost": 23152.42, "Plan Rows": 1032.0, "Plan Width": 8, "Actual Rows": 1673541, "Actual Loops": 1, "Plans": [{"Node Type": "Nested Loop", "Parent Relationship": "Outer", "Parallel Aware": false, "Async Capable": false, "Join Type": "Inner", "Startup Cost": 0.72, "Total Cost": 21227.09, "Plan Rows": 1032.0, "Plan Width": 8, "Actual Rows": 174386, "Actual Loops": 1, "Inner Unique": false, "Plans": [{"Node Type": "Index Scan", "Parent Relationship": "Outer", "Parallel Aware": false, "Async Capable": false, "Scan Direction": "Forward", "Index Name": "idx_posthistory_userid", "Relation Name": "posthistory", "Alias": "ph", "Startup Cost": 0.42, "Total Cost": 12849.99, "Plan Rows": 42941, "Plan Width": 4, "Actual Rows": 42921, "Actual Loops": 1, "Filter": "(posthistorytypeid = 1)", "Rows Removed by Filter": 260266}, {"Node Type": "Memoize", "Parent Relationship": "Inner", "Parallel Aware": false, "Async Capable": false, "Startup Cost": 0.3, "Total Cost": 0.42, "Plan Rows": 1, "Plan Width": 4, "Actual Rows": 4, "Actual Loops": 42921, "Cache Key": "ph.userid", "Cache Mode": "logical", "Cache Hits": 24074, "Cache Misses": 18847, "Cache Evictions": 0, "Cache Overflows": 0, "Peak Memory Usage": 2035, "Plans": [{"Node Type": "Index Scan", "Parent Relationship": "Outer", "Parallel Aware": false, "Async Capable": false, "Scan Direction": "Forward", "Index Name": "idx_badges_userid", "Relation Name": "badges", "Alias": "b", "Startup Cost": 0.29, "Total Cost": 0.41, "Plan Rows": 1, "Plan Width": 4, "Actual Rows": 1, "Actual Loops": 18847, "Index Cond": "(userid = ph.userid)", "Rows Removed by Index Recheck": 0, "Filter": "(date <= '2012-11-08 03:48:56'::timestamp without time zone)", "Rows Removed by Filter": 2}]}]}]}]}]}, "Planning Time": 3.332, "Triggers": [], "Execution Time": 605.323}, {"Plan": {"Node Type": "Aggregate", "Strategy": "Plain", "Partial Mode": "Finalize", "Parallel Aware": false, "Async Capable": false, "Startup Cost": 7870.22, "Total Cost": 7870.23, "Plan Rows": 1, "Plan Width": 8, "Actual Rows": 1, "Actual Loops": 1, "Plans": [{"Node Type": "Gather", "Parent Relationship": "Outer", "Parallel Aware": false, "Async Capable": false, "Startup Cost": 7870.1, "Total Cost": 7870.21, "Plan Rows": 1, "Plan Width": 8, "Actual Rows": 2, "Actual Loops": 1, "Workers Planned": 1, "Workers Launched": 1, "Single Copy": false, "Plans": [{"Node Type": "Aggregate", "Strategy": "Plain", "Partial Mode": "Partial", "Parent Relationship": "Outer", "Parallel Aware": false, "Async Capable": false, "Startup Cost": 6870.1, "Total Cost": 6870.11, "Plan Rows": 1, "Plan Width": 8, "Actual Rows": 1, "Actual Loops": 2, "Workers": [], "Plans": [{"Node Type": "Nested Loop", "Parent Relationship": "Outer", "Parallel Aware": false, "Async Capable": false, "Join Type": "Inner", "Startup Cost": 3077.51, "Total Cost": 6501.26, "Plan Rows": 2190.0, "Plan Width": 0, "Actual Rows": 776902, "Actual Loops": 2, "Inner Unique": false, "Join Filter": "(ph.userid = u.id)", "Rows Removed by Join Filter": 0, "Workers": [], "Plans": [{"Node Type": "Merge Join", "Parent Relationship": "Outer", "Parallel Aware": false, "Async Capable": false, "Join Type": "Inner", "Startup Cost": 3077.08, "Total Cost": 4319.74, "Plan Rows": 20379.0, "Plan Width": 12, "Actual Rows": 66756, "Actual Loops": 2, "Inner Unique": false, "Merge Cond": "(v.userid = u.id)", "Workers": [], "Plans": [{"Node Type": "Index Scan", "Parent Relationship": "Outer", "Parallel Aware": true, "Async Capable": false, "Scan Direction": "Forward", "Index Name": "idx_votes_userid", "Relation Name": "votes", "Alias": "v", "Startup Cost": 0.42, "Total Cost": 10733.91, "Plan Rows": 188186, "Plan Width": 4, "Actual Rows": 13354, "Actual Loops": 2, "Filter": "(creationdate <= '2014-08-18 16:45:02'::timestamp without time zone)", "Rows Removed by Filter": 192, "Workers": []}, {"Node Type": "Sort", "Parent Relationship": "Inner", "Parallel Aware": false, "Async Capable": false, "Startup Cost": 3076.66, "Total Cost": 3091.21, "Plan Rows": 1006.0, "Plan Width": 8, "Actual Rows": 79370, "Actual Loops": 2, "Sort Key": ["u.id"], "Sort Method": "quicksort", "Sort Space Used": 881, "Sort Space Type": "Memory", "Workers": [{"Worker Number": 0, "Sort Method": "quicksort", "Sort Space Used": 881, "Sort Space Type": "Memory"}], "Plans": [{"Node Type": "Hash Join", "Parent Relationship": "Outer", "Parallel Aware": false, "Async Capable": false, "Join Type": "Inner", "Startup Cost": 1210.78, "Total Cost": 2712.71, "Plan Rows": 1006.0, "Plan Width": 8, "Actual Rows": 15893, "Actual Loops": 2, "Inner Unique": true, "Hash Cond": "(b.userid = u.id)", "Workers": [], "Plans": [{"Node Type": "Seq Scan", "Parent Relationship": "Outer", "Parallel Aware": false, "Async Capable": false, "Relation Name": "badges", "Alias": "b", "Startup Cost": 0.0, "Total Cost": 1430.14, "Plan Rows": 27348, "Plan Width": 4, "Actual Rows": 27347, "Actual Loops": 2, "Filter": "(date <= '2012-11-08 03:48:56'::timestamp without time zone)", "Rows Removed by Filter": 52504, "Workers": []}, {"Node Type": "Hash", "Parent Relationship": "Inner", "Parallel Aware": false, "Async Capable": false, "Startup Cost": 1103.5, "Total Cost": 1103.5, "Plan Rows": 8582, "Plan Width": 4, "Actual Rows": 8576, "Actual Loops": 2, "Hash Buckets": 16384, "Original Hash Buckets": 16384, "Hash Batches": 1, "Original Hash Batches": 1, "Peak Memory Usage": 430, "Workers": [], "Plans": [{"Node Type": "Seq Scan", "Parent Relationship": "Outer", "Parallel Aware": false, "Async Capable": false, "Relation Name": "users", "Alias": "u", "Startup Cost": 0.0, "Total Cost": 1103.5, "Plan Rows": 8582, "Plan Width": 4, "Actual Rows": 8576, "Actual Loops": 2, "Filter": "((reputation <= 66043) AND (views <= 5734) AND (creationdate >= '2011-01-15 15:41:06'::timestamp without time zone) AND (creationdate <= '2012-08-15 00:17:45'::timestamp without time zone))", "Rows Removed by Filter": 31749, "Workers": []}]}]}]}]}, {"Node Type": "Index Scan", "Parent Relationship": "Inner", "Parallel Aware": false, "Async Capable": false, "Scan Direction": "Forward", "Index Name": "idx_posthistory_userid", "Relation Name": "posthistory", "Alias": "ph", "Startup Cost": 0.42, "Total Cost": 0.73, "Plan Rows": 2, "Plan Width": 4, "Actual Rows": 12, "Actual Loops": 133511, "Index Cond": "(userid = v.userid)", "Rows Removed by Index Recheck": 0, "Filter": "(posthistorytypeid = 1)", "Rows Removed by Filter": 1806, "Workers": []}]}]}]}]}, "Planning Time": 3.206, "Triggers": [], "Execution Time": 31346.856}, {"Plan": {"Node Type": "Aggregate", "Strategy": "Plain", "Partial Mode": "Finalize", "Parallel Aware": false, "Async Capable": false, "Startup Cost": 10305.37, "Total Cost": 10305.38, "Plan Rows": 1, "Plan Width": 8, "Actual Rows": 1, "Actual Loops": 1, "Plans": [{"Node Type": "Gather", "Parent Relationship": "Outer", "Parallel Aware": false, "Async Capable": false, "Startup Cost": 10305.26, "Total Cost": 10305.37, "Plan Rows": 1, "Plan Width": 8, "Actual Rows": 2, "Actual Loops": 1, "Workers Planned": 1, "Workers Launched": 1, "Single Copy": false, "Plans": [{"Node Type": "Aggregate", "Strategy": "Plain", "Partial Mode": "Partial", "Parent Relationship": "Outer", "Parallel Aware": false, "Async Capable": false, "Startup Cost": 9305.26, "Total Cost": 9305.27, "Plan Rows": 1, "Plan Width": 8, "Actual Rows": 1, "Actual Loops": 2, "Workers": [], "Plans": [{"Node Type": "Hash Join", "Parent Relationship": "Outer", "Parallel Aware": true, "Async Capable": false, "Join Type": "Inner", "Startup Cost": 4355.64, "Total Cost": 8936.42, "Plan Rows": 2190.0, "Plan Width": 0, "Actual Rows": 776902, "Actual Loops": 2, "Inner Unique": false, "Hash Cond": "(ph.userid = u.id)", "Workers": [], "Plans": [{"Node Type": "Seq Scan", "Parent Relationship": "Outer", "Parallel Aware": true, "Async Capable": false, "Relation Name": "posthistory", "Alias": "ph", "Startup Cost": 0.0, "Total Cost": 4469.32, "Plan Rows": 25259, "Plan Width": 4, "Actual Rows": 21460, "Actual Loops": 2, "Filter": "(posthistorytypeid = 1)", "Rows Removed by Filter": 130133, "Workers": []}, {"Node Type": "Hash", "Parent Relationship": "Inner", "Parallel Aware": true, "Async Capable": false, "Startup Cost": 4319.74, "Total Cost": 4319.74, "Plan Rows": 20379.0, "Plan Width": 12, "Actual Rows": 66756, "Actual Loops": 2, "Hash Buckets": 262144, "Original Hash Buckets": 8192, "Hash Batches": 1, "Original Hash Batches": 1, "Peak Memory Usage": 10304, "Workers": [], "Plans": [{"Node Type": "Merge Join", "Parent Relationship": "Outer", "Parallel Aware": false, "Async Capable": false, "Join Type": "Inner", "Startup Cost": 3077.08, "Total Cost": 4319.74, "Plan Rows": 20379.0, "Plan Width": 12, "Actual Rows": 66756, "Actual Loops": 2, "Inner Unique": false, "Merge Cond": "(v.userid = u.id)", "Workers": [], "Plans": [{"Node Type": "Index Scan", "Parent Relationship": "Outer", "Parallel Aware": true, "Async Capable": false, "Scan Direction": "Forward", "Index Name": "idx_votes_userid", "Relation Name": "votes", "Alias": "v", "Startup Cost": 0.42, "Total Cost": 10733.91, "Plan Rows": 188186, "Plan Width": 4, "Actual Rows": 13354, "Actual Loops": 2, "Filter": "(creationdate <= '2014-08-18 16:45:02'::timestamp without time zone)", "Rows Removed by Filter": 192, "Workers": []}, {"Node Type": "Sort", "Parent Relationship": "Inner", "Parallel Aware": false, "Async Capable": false, "Startup Cost": 3076.66, "Total Cost": 3091.21, "Plan Rows": 1006.0, "Plan Width": 8, "Actual Rows": 79366, "Actual Loops": 2, "Sort Key": ["u.id"], "Sort Method": "quicksort", "Sort Space Used": 881, "Sort Space Type": "Memory", "Workers": [{"Worker Number": 0, "Sort Method": "quicksort", "Sort Space Used": 881, "Sort Space Type": "Memory"}], "Plans": [{"Node Type": "Hash Join", "Parent Relationship": "Outer", "Parallel Aware": false, "Async Capable": false, "Join Type": "Inner", "Startup Cost": 1210.78, "Total Cost": 2712.71, "Plan Rows": 1006.0, "Plan Width": 8, "Actual Rows": 15893, "Actual Loops": 2, "Inner Unique": true, "Hash Cond": "(b.userid = u.id)", "Workers": [], "Plans": [{"Node Type": "Seq Scan", "Parent Relationship": "Outer", "Parallel Aware": false, "Async Capable": false, "Relation Name": "badges", "Alias": "b", "Startup Cost": 0.0, "Total Cost": 1430.14, "Plan Rows": 27348, "Plan Width": 4, "Actual Rows": 27347, "Actual Loops": 2, "Filter": "(date <= '2012-11-08 03:48:56'::timestamp without time zone)", "Rows Removed by Filter": 52504, "Workers": []}, {"Node Type": "Hash", "Parent Relationship": "Inner", "Parallel Aware": false, "Async Capable": false, "Startup Cost": 1103.5, "Total Cost": 1103.5, "Plan Rows": 8582, "Plan Width": 4, "Actual Rows": 8576, "Actual Loops": 2, "Hash Buckets": 16384, "Original Hash Buckets": 16384, "Hash Batches": 1, "Original Hash Batches": 1, "Peak Memory Usage": 430, "Workers": [], "Plans": [{"Node Type": "Seq Scan", "Parent Relationship": "Outer", "Parallel Aware": false, "Async Capable": false, "Relation Name": "users", "Alias": "u", "Startup Cost": 0.0, "Total Cost": 1103.5, "Plan Rows": 8582, "Plan Width": 4, "Actual Rows": 8576, "Actual Loops": 2, "Filter": "((reputation <= 66043) AND (views <= 5734) AND (creationdate >= '2011-01-15 15:41:06'::timestamp without time zone) AND (creationdate <= '2012-08-15 00:17:45'::timestamp without time zone))", "Rows Removed by Filter": 31749, "Workers": []}]}]}]}]}]}]}]}]}]}, "Planning Time": 6.529, "Triggers": [], "Execution Time": 240.222}, {"Plan": {"Node Type": "Aggregate", "Strategy": "Plain", "Partial Mode": "Simple", "Parallel Aware": false, "Async Capable": false, "Startup Cost": 14545.04, "Total Cost": 14545.05, "Plan Rows": 1, "Plan Width": 8, "Actual Rows": 1, "Actual Loops": 1, "Plans": [{"Node Type": "Merge Join", "Parent Relationship": "Outer", "Parallel Aware": false, "Async Capable": false, "Join Type": "Inner", "Startup Cost": 1665.69, "Total Cost": 13918.01, "Plan Rows": 2190.0, "Plan Width": 0, "Actual Rows": 1553805, "Actual Loops": 1, "Inner Unique": false, "Merge Cond": "(b.userid = u.id)", "Plans": [{"Node Type": "Index Scan", "Parent Relationship": "Outer", "Parallel Aware": false, "Async Capable": false, "Scan Direction": "Forward", "Index Name": "idx_badges_userid", "Relation Name": "badges", "Alias": "b", "Startup Cost": 0.29, "Total Cost": 3064.97, "Plan Rows": 27348, "Plan Width": 4, "Actual Rows": 27347, "Actual Loops": 1, "Filter": "(date <= '2012-11-08 03:48:56'::timestamp without time zone)", "Rows Removed by Filter": 52504}, {"Node Type": "Materialize", "Parent Relationship": "Inner", "Parallel Aware": false, "Async Capable": false, "Startup Cost": 1665.06, "Total Cost": 7352.14, "Plan Rows": 241.0, "Plan Width": 12, "Actual Rows": 1555175, "Actual Loops": 1, "Plans": [{"Node Type": "Nested Loop", "Parent Relationship": "Outer", "Parallel Aware": false, "Async Capable": false, "Join Type": "Inner", "Startup Cost": 1665.06, "Total Cost": 6427.58, "Plan Rows": 241.0, "Plan Width": 12, "Actual Rows": 120026, "Actual Loops": 1, "Inner Unique": false, "Join Filter": "(ph.userid = u.id)", "Rows Removed by Join Filter": 0, "Plans": [{"Node Type": "Merge Join", "Parent Relationship": "Outer", "Parallel Aware": false, "Async Capable": false, "Join Type": "Inner", "Startup Cost": 1664.63, "Total Cost": 3177.79, "Plan Rows": 2012.0, "Plan Width": 8, "Actual Rows": 13051, "Actual Loops": 1, "Inner Unique": true, "Merge Cond": "(v.userid = u.id)", "Plans": [{"Node Type": "Index Scan", "Parent Relationship": "Outer", "Parallel Aware": false, "Async Capable": false, "Scan Direction": "Forward", "Index Name": "idx_votes_userid", "Relation Name": "votes", "Alias": "v", "Startup Cost": 0.42, "Total Cost": 12422.47, "Plan Rows": 319916, "Plan Width": 4, "Actual Rows": 32631, "Actual Loops": 1, "Filter": "(creationdate <= '2014-08-18 16:45:02'::timestamp without time zone)", "Rows Removed by Filter": 753}, {"Node Type": "Sort", "Parent Relationship": "Inner", "Parallel Aware": false, "Async Capable": false, "Startup Cost": 1664.21, "Total Cost": 1685.66, "Plan Rows": 8582, "Plan Width": 4, "Actual Rows": 8576, "Actual Loops": 1, "Sort Key": ["u.id"], "Sort Method": "quicksort", "Sort Space Used": 385, "Sort Space Type": "Memory", "Plans": [{"Node Type": "Seq Scan", "Parent Relationship": "Outer", "Parallel Aware": false, "Async Capable": false, "Relation Name": "users", "Alias": "u", "Startup Cost": 0.0, "Total Cost": 1103.5, "Plan Rows": 8582, "Plan Width": 4, "Actual Rows": 8576, "Actual Loops": 1, "Filter": "((reputation <= 66043) AND (views <= 5734) AND (creationdate >= '2011-01-15 15:41:06'::timestamp without time zone) AND (creationdate <= '2012-08-15 00:17:45'::timestamp without time zone))", "Rows Removed by Filter": 31749}]}]}, {"Node Type": "Memoize", "Parent Relationship": "Inner", "Parallel Aware": false, "Async Capable": false, "Startup Cost": 0.43, "Total Cost": 0.74, "Plan Rows": 2, "Plan Width": 4, "Actual Rows": 9, "Actual Loops": 13051, "Cache Key": "v.userid", "Cache Mode": "logical", "Cache Hits": 11429, "Cache Misses": 1622, "Cache Evictions": 0, "Cache Overflows": 0, "Peak Memory Usage": 326, "Plans": [{"Node Type": "Index Scan", "Parent Relationship": "Outer", "Parallel Aware": false, "Async Capable": false, "Scan Direction": "Forward", "Index Name": "idx_posthistory_userid", "Relation Name": "posthistory", "Alias": "ph", "Startup Cost": 0.42, "Total Cost": 0.73, "Plan Rows": 2, "Plan Width": 4, "Actual Rows": 4, "Actual Loops": 1622, "Index Cond": "(userid = v.userid)", "Rows Removed by Index Recheck": 0, "Filter": "(posthistorytypeid = 1)", "Rows Removed by Filter": 30}]}]}]}]}]}, "Planning Time": 3.045, "Triggers": [], "Execution Time": 315.33}, {"Plan": {"Node Type": "Aggregate", "Strategy": "Plain", "Partial Mode": "Finalize", "Parallel Aware": false, "Async Capable": false, "Startup Cost": 13248.93, "Total Cost": 13248.94, "Plan Rows": 1, "Plan Width": 8, "Actual Rows": 1, "Actual Loops": 1, "Plans": [{"Node Type": "Gather", "Parent Relationship": "Outer", "Parallel Aware": false, "Async Capable": false, "Startup Cost": 13248.82, "Total Cost": 13248.93, "Plan Rows": 1, "Plan Width": 8, "Actual Rows": 2, "Actual Loops": 1, "Workers Planned": 1, "Workers Launched": 1, "Single Copy": false, "Plans": [{"Node Type": "Aggregate", "Strategy": "Plain", "Partial Mode": "Partial", "Parent Relationship": "Outer", "Parallel Aware": false, "Async Capable": false, "Startup Cost": 12248.82, "Total Cost": 12248.83, "Plan Rows": 1, "Plan Width": 8, "Actual Rows": 1, "Actual Loops": 2, "Workers": [], "Plans": [{"Node Type": "Merge Join", "Parent Relationship": "Outer", "Parallel Aware": false, "Async Capable": false, "Join Type": "Inner", "Startup Cost": 1665.65, "Total Cost": 11879.98, "Plan Rows": 2190.0, "Plan Width": 0, "Actual Rows": 776902, "Actual Loops": 2, "Inner Unique": false, "Merge Cond": "(u.id = b.userid)", "Workers": [], "Plans": [{"Node Type": "Nested Loop", "Parent Relationship": "Outer", "Parallel Aware": false, "Async Capable": false, "Join Type": "Inner", "Startup Cost": 1665.06, "Total Cost": 6058.22, "Plan Rows": 241.0, "Plan Width": 12, "Actual Rows": 60013, "Actual Loops": 2, "Inner Unique": false, "Join Filter": "(ph.userid = u.id)", "Rows Removed by Join Filter": 0, "Workers": [], "Plans": [{"Node Type": "Merge Join", "Parent Relationship": "Outer", "Parallel Aware": false, "Async Capable": false, "Join Type": "Inner", "Startup Cost": 1664.63, "Total Cost": 2934.73, "Plan Rows": 2012.0, "Plan Width": 8, "Actual Rows": 6526, "Actual Loops": 2, "Inner Unique": true, "Merge Cond": "(v.userid = u.id)", "Workers": [], "Plans": [{"Node Type": "Index Scan", "Parent Relationship": "Outer", "Parallel Aware": true, "Async Capable": false, "Scan Direction": "Forward", "Index Name": "idx_votes_userid", "Relation Name": "votes", "Alias": "v", "Startup Cost": 0.42, "Total Cost": 10733.91, "Plan Rows": 188186, "Plan Width": 4, "Actual Rows": 16316, "Actual Loops": 2, "Filter": "(creationdate <= '2014-08-18 16:45:02'::timestamp without time zone)", "Rows Removed by Filter": 376, "Workers": []}, {"Node Type": "Sort", "Parent Relationship": "Inner", "Parallel Aware": false, "Async Capable": false, "Startup Cost": 1664.21, "Total Cost": 1685.66, "Plan Rows": 8582, "Plan Width": 4, "Actual Rows": 8576, "Actual Loops": 2, "Sort Key": ["u.id"], "Sort Method": "quicksort", "Sort Space Used": 385, "Sort Space Type": "Memory", "Workers": [{"Worker Number": 0, "Sort Method": "quicksort", "Sort Space Used": 385, "Sort Space Type": "Memory"}], "Plans": [{"Node Type": "Seq Scan", "Parent Relationship": "Outer", "Parallel Aware": false, "Async Capable": false, "Relation Name": "users", "Alias": "u", "Startup Cost": 0.0, "Total Cost": 1103.5, "Plan Rows": 8582, "Plan Width": 4, "Actual Rows": 8576, "Actual Loops": 2, "Filter": "((reputation <= 66043) AND (views <= 5734) AND (creationdate >= '2011-01-15 15:41:06'::timestamp without time zone) AND (creationdate <= '2012-08-15 00:17:45'::timestamp without time zone))", "Rows Removed by Filter": 31749, "Workers": []}]}]}, {"Node Type": "Memoize", "Parent Relationship": "Inner", "Parallel Aware": false, "Async Capable": false, "Startup Cost": 0.43, "Total Cost": 0.74, "Plan Rows": 2, "Plan Width": 4, "Actual Rows": 9, "Actual Loops": 13051, "Cache Key": "v.userid", "Cache Mode": "logical", "Cache Hits": 5439, "Cache Misses": 771, "Cache Evictions": 0, "Cache Overflows": 0, "Peak Memory Usage": 159, "Workers": [{"Worker Number": 0, "Cache Hits": 5989, "Cache Misses": 852, "Cache Evictions": 0, "Cache Overflows": 0, "Peak Memory Usage": 168}], "Plans": [{"Node Type": "Index Scan", "Parent Relationship": "Outer", "Parallel Aware": false, "Async Capable": false, "Scan Direction": "Forward", "Index Name": "idx_posthistory_userid", "Relation Name": "posthistory", "Alias": "ph", "Startup Cost": 0.42, "Total Cost": 0.73, "Plan Rows": 2, "Plan Width": 4, "Actual Rows": 4, "Actual Loops": 1623, "Index Cond": "(userid = v.userid)", "Rows Removed by Index Recheck": 0, "Filter": "(posthistorytypeid = 1)", "Rows Removed by Filter": 30, "Workers": []}]}]}, {"Node Type": "Materialize", "Parent Relationship": "Inner", "Parallel Aware": false, "Async Capable": false, "Startup Cost": 0.29, "Total Cost": 3133.34, "Plan Rows": 27348, "Plan Width": 4, "Actual Rows": 799482, "Actual Loops": 2, "Workers": [], "Plans": [{"Node Type": "Index Scan", "Parent Relationship": "Outer", "Parallel Aware": false, "Async Capable": false, "Scan Direction": "Forward", "Index Name": "idx_badges_userid", "Relation Name": "badges", "Alias": "b", "Startup Cost": 0.29, "Total Cost": 3064.97, "Plan Rows": 27348, "Plan Width": 4, "Actual Rows": 25588, "Actual Loops": 2, "Filter": "(date <= '2012-11-08 03:48:56'::timestamp without time zone)", "Rows Removed by Filter": 32884, "Workers": []}]}]}]}]}]}, "Planning Time": 6.164, "Triggers": [], "Execution Time": 190.548}, {"Plan": {"Node Type": "Aggregate", "Strategy": "Plain", "Partial Mode": "Finalize", "Parallel Aware": false, "Async Capable": false, "Startup Cost": 18935.45, "Total Cost": 18935.46, "Plan Rows": 1, "Plan Width": 8, "Actual Rows": 1, "Actual Loops": 1, "Plans": [{"Node Type": "Gather", "Parent Relationship": "Outer", "Parallel Aware": false, "Async Capable": false, "Startup Cost": 18935.34, "Total Cost": 18935.45, "Plan Rows": 1, "Plan Width": 8, "Actual Rows": 2, "Actual Loops": 1, "Workers Planned": 1, "Workers Launched": 1, "Single Copy": false, "Plans": [{"Node Type": "Aggregate", "Strategy": "Plain", "Partial Mode": "Partial", "Parent Relationship": "Outer", "Parallel Aware": false, "Async Capable": false, "Startup Cost": 17935.34, "Total Cost": 17935.35, "Plan Rows": 1, "Plan Width": 8, "Actual Rows": 1, "Actual Loops": 2, "Workers": [], "Plans": [{"Node Type": "Hash Join", "Parent Relationship": "Outer", "Parallel Aware": true, "Async Capable": false, "Join Type": "Inner", "Startup Cost": 2987.97, "Total Cost": 17566.5, "Plan Rows": 2190.0, "Plan Width": 0, "Actual Rows": 776902, "Actual Loops": 2, "Inner Unique": false, "Hash Cond": "(b.userid = u.id)", "Workers": [], "Plans": [{"Node Type": "Nested Loop", "Parent Relationship": "Outer", "Parallel Aware": false, "Async Capable": false, "Join Type": "Inner", "Startup Cost": 0.3, "Total Cost": 12404.25, "Plan Rows": 1032.0, "Plan Width": 8, "Actual Rows": 87193, "Actual Loops": 2, "Inner Unique": false, "Workers": [], "Plans": [{"Node Type": "Seq Scan", "Parent Relationship": "Outer", "Parallel Aware": true, "Async Capable": false, "Relation Name": "posthistory", "Alias": "ph", "Startup Cost": 0.0, "Total Cost": 4469.32, "Plan Rows": 25259, "Plan Width": 4, "Actual Rows": 21460, "Actual Loops": 2, "Filter": "(posthistorytypeid = 1)", "Rows Removed by Filter": 130133, "Workers": []}, {"Node Type": "Memoize", "Parent Relationship": "Inner", "Parallel Aware": false, "Async Capable": false, "Startup Cost": 0.3, "Total Cost": 0.42, "Plan Rows": 1, "Plan Width": 4, "Actual Rows": 4, "Actual Loops": 42921, "Cache Key": "ph.userid", "Cache Mode": "logical", "Cache Hits": 9799, "Cache Misses": 11297, "Cache Evictions": 0, "Cache Overflows": 0, "Peak Memory Usage": 1356, "Workers": [{"Worker Number": 0, "Cache Hits": 10139, "Cache Misses": 11686, "Cache Evictions": 0, "Cache Overflows": 0, "Peak Memory Usage": 1407}], "Plans": [{"Node Type": "Index Scan", "Parent Relationship": "Outer", "Parallel Aware": false, "Async Capable": false, "Scan Direction": "Forward", "Index Name": "idx_badges_userid", "Relation Name": "badges", "Alias": "b", "Startup Cost": 0.29, "Total Cost": 0.41, "Plan Rows": 1, "Plan Width": 4, "Actual Rows": 2, "Actual Loops": 22983, "Index Cond": "(userid = ph.userid)", "Rows Removed by Index Recheck": 0, "Filter": "(date <= '2012-11-08 03:48:56'::timestamp without time zone)", "Rows Removed by Filter": 3, "Workers": []}]}]}, {"Node Type": "Hash", "Parent Relationship": "Inner", "Parallel Aware": true, "Async Capable": false, "Startup Cost": 2934.73, "Total Cost": 2934.73, "Plan Rows": 2012.0, "Plan Width": 8, "Actual Rows": 6526, "Actual Loops": 2, "Hash Buckets": 16384, "Original Hash Buckets": 8192, "Hash Batches": 1, "Original Hash Batches": 1, "Peak Memory Usage": 736, "Workers": [], "Plans": [{"Node Type": "Merge Join", "Parent Relationship": "Outer", "Parallel Aware": false, "Async Capable": false, "Join Type": "Inner", "Startup Cost": 1664.63, "Total Cost": 2934.73, "Plan Rows": 2012.0, "Plan Width": 8, "Actual Rows": 6526, "Actual Loops": 2, "Inner Unique": true, "Merge Cond": "(v.userid = u.id)", "Workers": [], "Plans": [{"Node Type": "Index Scan", "Parent Relationship": "Outer", "Parallel Aware": true, "Async Capable": false, "Scan Direction": "Forward", "Index Name": "idx_votes_userid", "Relation Name": "votes", "Alias": "v", "Startup Cost": 0.42, "Total Cost": 10733.91, "Plan Rows": 188186, "Plan Width": 4, "Actual Rows": 16316, "Actual Loops": 2, "Filter": "(creationdate <= '2014-08-18 16:45:02'::timestamp without time zone)", "Rows Removed by Filter": 376, "Workers": []}, {"Node Type": "Sort", "Parent Relationship": "Inner", "Parallel Aware": false, "Async Capable": false, "Startup Cost": 1664.21, "Total Cost": 1685.66, "Plan Rows": 8582, "Plan Width": 4, "Actual Rows": 8576, "Actual Loops": 2, "Sort Key": ["u.id"], "Sort Method": "quicksort", "Sort Space Used": 385, "Sort Space Type": "Memory", "Workers": [{"Worker Number": 0, "Sort Method": "quicksort", "Sort Space Used": 385, "Sort Space Type": "Memory"}], "Plans": [{"Node Type": "Seq Scan", "Parent Relationship": "Outer", "Parallel Aware": false, "Async Capable": false, "Relation Name": "users", "Alias": "u", "Startup Cost": 0.0, "Total Cost": 1103.5, "Plan Rows": 8582, "Plan Width": 4, "Actual Rows": 8576, "Actual Loops": 2, "Filter": "((reputation <= 66043) AND (views <= 5734) AND (creationdate >= '2011-01-15 15:41:06'::timestamp without time zone) AND (creationdate <= '2012-08-15 00:17:45'::timestamp without time zone))", "Rows Removed by Filter": 31749, "Workers": []}]}]}]}]}]}]}]}, "Planning Time": 6.208, "Triggers": [], "Execution Time": 238.813}, {"Plan": {"Node Type": "Aggregate", "Strategy": "Plain", "Partial Mode": "Simple", "Parallel Aware": false, "Async Capable": false, "Startup Cost": 265371.28, "Total Cost": 265371.29, "Plan Rows": 1, "Plan Width": 8, "Actual Rows": 1, "Actual Loops": 1, "Plans": [{"Node Type": "Merge Join", "Parent Relationship": "Outer", "Parallel Aware": false, "Async Capable": false, "Join Type": "Inner", "Startup Cost": 2.72, "Total Cost": 264744.25, "Plan Rows": 2190.0, "Plan Width": 0, "Actual Rows": 1553805, "Actual Loops": 1, "Inner Unique": false, "Merge Cond": "(u.id = b.userid)", "Plans": [{"Node Type": "Index Scan", "Parent Relationship": "Outer", "Parallel Aware": false, "Async Capable": false, "Scan Direction": "Forward", "Index Name": "users_pkey", "Relation Name": "users", "Alias": "u", "Startup Cost": 0.29, "Total Cost": 1760.41, "Plan Rows": 8582, "Plan Width": 4, "Actual Rows": 8576, "Actual Loops": 1, "Filter": "((reputation <= 66043) AND (views <= 5734) AND (creationdate >= '2011-01-15 15:41:06'::timestamp without time zone) AND (creationdate <= '2012-08-15 00:17:45'::timestamp without time zone))", "Rows Removed by Filter": 23006}, {"Node Type": "Materialize", "Parent Relationship": "Inner", "Parallel Aware": false, "Async Capable": false, "Startup Cost": 2.22, "Total Cost": 107925.05, "Plan Rows": 20084.0, "Plan Width": 12, "Actual Rows": 10429647, "Actual Loops": 1, "Plans": [{"Node Type": "Nested Loop", "Parent Relationship": "Outer", "Parallel Aware": false, "Async Capable": false, "Join Type": "Inner", "Startup Cost": 2.22, "Total Cost": 24179.18, "Plan Rows": 20084.0, "Plan Width": 12, "Actual Rows": 10429647, "Actual Loops": 1, "Inner Unique": false, "Join Filter": "(ph.userid = b.userid)", "Rows Removed by Join Filter": 0, "Plans": [{"Node Type": "Merge Join", "Parent Relationship": "Outer", "Parallel Aware": false, "Async Capable": false, "Join Type": "Inner", "Startup Cost": 1.79, "Total Cost": 7713.53, "Plan Rows": 196737.0, "Plan Width": 8, "Actual Rows": 436553, "Actual Loops": 1, "Inner Unique": false, "Merge Cond": "(b.userid = v.userid)", "Plans": [{"Node Type": "Index Scan", "Parent Relationship": "Outer", "Parallel Aware": false, "Async Capable": false, "Scan Direction": "Forward", "Index Name": "idx_badges_userid", "Relation Name": "badges", "Alias": "b", "Startup Cost": 0.29, "Total Cost": 3064.97, "Plan Rows": 27348, "Plan Width": 4, "Actual Rows": 27347, "Actual Loops": 1, "Filter": "(date <= '2012-11-08 03:48:56'::timestamp without time zone)", "Rows Removed by Filter": 52504}, {"Node Type": "Index Scan", "Parent Relationship": "Inner", "Parallel Aware": false, "Async Capable": false, "Scan Direction": "Forward", "Index Name": "idx_votes_userid", "Relation Name": "votes", "Alias": "v", "Startup Cost": 0.42, "Total Cost": 12422.47, "Plan Rows": 319916, "Plan Width": 4, "Actual Rows": 442960, "Actual Loops": 1, "Filter": "(creationdate <= '2014-08-18 16:45:02'::timestamp without time zone)", "Rows Removed by Filter": 3544}]}, {"Node Type": "Memoize", "Parent Relationship": "Inner", "Parallel Aware": false, "Async Capable": false, "Startup Cost": 0.43, "Total Cost": 0.74, "Plan Rows": 2, "Plan Width": 4, "Actual Rows": 24, "Actual Loops": 436553, "Cache Key": "v.userid", "Cache Mode": "logical", "Cache Hits": 434550, "Cache Misses": 2003, "Cache Evictions": 0, "Cache Overflows": 0, "Peak Memory Usage": 489, "Plans": [{"Node Type": "Index Scan", "Parent Relationship": "Outer", "Parallel Aware": false, "Async Capable": false, "Scan Direction": "Forward", "Index Name": "idx_posthistory_userid", "Relation Name": "posthistory", "Alias": "ph", "Startup Cost": 0.42, "Total Cost": 0.73, "Plan Rows": 2, "Plan Width": 4, "Actual Rows": 5, "Actual Loops": 2003, "Index Cond": "(userid = v.userid)", "Rows Removed by Index Recheck": 0, "Filter": "(posthistorytypeid = 1)", "Rows Removed by Filter": 56}]}]}]}]}]}, "Planning Time": 3.091, "Triggers": [], "Execution Time": 2712.952}, {"Plan": {"Node Type": "Aggregate", "Strategy": "Plain", "Partial Mode": "Simple", "Parallel Aware": false, "Async Capable": false, "Startup Cost": 17664.03, "Total Cost": 17664.04, "Plan Rows": 1, "Plan Width": 8, "Actual Rows": 1, "Actual Loops": 1, "Plans": [{"Node Type": "Hash Join", "Parent Relationship": "Outer", "Parallel Aware": false, "Async Capable": false, "Join Type": "Inner", "Startup Cost": 7461.41, "Total Cost": 17037.0, "Plan Rows": 2190.0, "Plan Width": 0, "Actual Rows": 1553805, "Actual Loops": 1, "Inner Unique": false, "Hash Cond": "(b.userid = u.id)", "Plans": [{"Node Type": "Merge Join", "Parent Relationship": "Outer", "Parallel Aware": false, "Async Capable": false, "Join Type": "Inner", "Startup Cost": 1.79, "Total Cost": 7713.53, "Plan Rows": 196737.0, "Plan Width": 8, "Actual Rows": 436553, "Actual Loops": 1, "Inner Unique": false, "Merge Cond": "(b.userid = v.userid)", "Plans": [{"Node Type": "Index Scan", "Parent Relationship": "Outer", "Parallel Aware": false, "Async Capable": false, "Scan Direction": "Forward", "Index Name": "idx_badges_userid", "Relation Name": "badges", "Alias": "b", "Startup Cost": 0.29, "Total Cost": 3064.97, "Plan Rows": 27348, "Plan Width": 4, "Actual Rows": 27347, "Actual Loops": 1, "Filter": "(date <= '2012-11-08 03:48:56'::timestamp without time zone)", "Rows Removed by Filter": 52504}, {"Node Type": "Index Scan", "Parent Relationship": "Inner", "Parallel Aware": false, "Async Capable": false, "Scan Direction": "Forward", "Index Name": "idx_votes_userid", "Relation Name": "votes", "Alias": "v", "Startup Cost": 0.42, "Total Cost": 12422.47, "Plan Rows": 319916, "Plan Width": 4, "Actual Rows": 442960, "Actual Loops": 1, "Filter": "(creationdate <= '2014-08-18 16:45:02'::timestamp without time zone)", "Rows Removed by Filter": 3544}]}, {"Node Type": "Hash", "Parent Relationship": "Inner", "Parallel Aware": false, "Async Capable": false, "Startup Cost": 7353.34, "Total Cost": 7353.34, "Plan Rows": 9.0, "Plan Width": 8, "Actual Rows": 12495, "Actual Loops": 1, "Hash Buckets": 16384, "Original Hash Buckets": 16384, "Hash Batches": 1, "Original Hash Batches": 1, "Peak Memory Usage": 617, "Plans": [{"Node Type": "Hash Join", "Parent Relationship": "Outer", "Parallel Aware": false, "Async Capable": false, "Join Type": "Inner", "Startup Cost": 1210.78, "Total Cost": 7353.34, "Plan Rows": 9.0, "Plan Width": 8, "Actual Rows": 12495, "Actual Loops": 1, "Inner Unique": true, "Hash Cond": "(ph.userid = u.id)", "Plans": [{"Node Type": "Seq Scan", "Parent Relationship": "Outer", "Parallel Aware": false, "Async Capable": false, "Relation Name": "posthistory", "Alias": "ph", "Startup Cost": 0.0, "Total Cost": 6029.84, "Plan Rows": 42941, "Plan Width": 4, "Actual Rows": 42921, "Actual Loops": 1, "Filter": "(posthistorytypeid = 1)", "Rows Removed by Filter": 260266}, {"Node Type": "Hash", "Parent Relationship": "Inner", "Parallel Aware": false, "Async Capable": false, "Startup Cost": 1103.5, "Total Cost": 1103.5, "Plan Rows": 8582, "Plan Width": 4, "Actual Rows": 8576, "Actual Loops": 1, "Hash Buckets": 16384, "Original Hash Buckets": 16384, "Hash Batches": 1, "Original Hash Batches": 1, "Peak Memory Usage": 430, "Plans": [{"Node Type": "Seq Scan", "Parent Relationship": "Outer", "Parallel Aware": false, "Async Capable": false, "Relation Name": "users", "Alias": "u", "Startup Cost": 0.0, "Total Cost": 1103.5, "Plan Rows": 8582, "Plan Width": 4, "Actual Rows": 8576, "Actual Loops": 1, "Filter": "((reputation <= 66043) AND (views <= 5734) AND (creationdate >= '2011-01-15 15:41:06'::timestamp without time zone) AND (creationdate <= '2012-08-15 00:17:45'::timestamp without time zone))", "Rows Removed by Filter": 31749}]}]}]}]}]}, "Planning Time": 3.187, "Triggers": [], "Execution Time": 405.14}, {"Plan": {"Node Type": "Aggregate", "Strategy": "Plain", "Partial Mode": "Simple", "Parallel Aware": false, "Async Capable": false, "Startup Cost": 13230.25, "Total Cost": 13230.26, "Plan Rows": 1, "Plan Width": 8, "Actual Rows": 1, "Actual Loops": 1, "Plans": [{"Node Type": "Merge Join", "Parent Relationship": "Outer", "Parallel Aware": false, "Async Capable": false, "Join Type": "Inner", "Startup Cost": 7908.97, "Total Cost": 12603.22, "Plan Rows": 2190.0, "Plan Width": 0, "Actual Rows": 1553805, "Actual Loops": 1, "Inner Unique": false, "Merge Cond": "(u.id = v.userid)", "Plans": [{"Node Type": "Merge Join", "Parent Relationship": "Outer", "Parallel Aware": false, "Async Capable": false, "Join Type": "Inner", "Startup Cost": 7908.55, "Total Cost": 11141.76, "Plan Rows": 82.0, "Plan Width": 12, "Actual Rows": 74391, "Actual Loops": 1, "Inner Unique": false, "Merge Cond": "(b.userid = u.id)", "Plans": [{"Node Type": "Index Scan", "Parent Relationship": "Outer", "Parallel Aware": false, "Async Capable": false, "Scan Direction": "Forward", "Index Name": "idx_badges_userid", "Relation Name": "badges", "Alias": "b", "Startup Cost": 0.29, "Total Cost": 3064.97, "Plan Rows": 27348, "Plan Width": 4, "Actual Rows": 27347, "Actual Loops": 1, "Filter": "(date <= '2012-11-08 03:48:56'::timestamp without time zone)", "Rows Removed by Filter": 52504}, {"Node Type": "Sort", "Parent Relationship": "Inner", "Parallel Aware": false, "Async Capable": false, "Startup Cost": 7908.25, "Total Cost": 7929.51, "Plan Rows": 9.0, "Plan Width": 8, "Actual Rows": 74985, "Actual Loops": 1, "Sort Key": ["ph.userid"], "Sort Method": "quicksort", "Sort Space Used": 775, "Sort Space Type": "Memory", "Plans": [{"Node Type": "Hash Join", "Parent Relationship": "Outer", "Parallel Aware": false, "Async Capable": false, "Join Type": "Inner", "Startup Cost": 1210.78, "Total Cost": 7353.34, "Plan Rows": 9.0, "Plan Width": 8, "Actual Rows": 12495, "Actual Loops": 1, "Inner Unique": true, "Hash Cond": "(ph.userid = u.id)", "Plans": [{"Node Type": "Seq Scan", "Parent Relationship": "Outer", "Parallel Aware": false, "Async Capable": false, "Relation Name": "posthistory", "Alias": "ph", "Startup Cost": 0.0, "Total Cost": 6029.84, "Plan Rows": 42941, "Plan Width": 4, "Actual Rows": 42921, "Actual Loops": 1, "Filter": "(posthistorytypeid = 1)", "Rows Removed by Filter": 260266}, {"Node Type": "Hash", "Parent Relationship": "Inner", "Parallel Aware": false, "Async Capable": false, "Startup Cost": 1103.5, "Total Cost": 1103.5, "Plan Rows": 8582, "Plan Width": 4, "Actual Rows": 8576, "Actual Loops": 1, "Hash Buckets": 16384, "Original Hash Buckets": 16384, "Hash Batches": 1, "Original Hash Batches": 1, "Peak Memory Usage": 430, "Plans": [{"Node Type": "Seq Scan", "Parent Relationship": "Outer", "Parallel Aware": false, "Async Capable": false, "Relation Name": "users", "Alias": "u", "Startup Cost": 0.0, "Total Cost": 1103.5, "Plan Rows": 8582, "Plan Width": 4, "Actual Rows": 8576, "Actual Loops": 1, "Filter": "((reputation <= 66043) AND (views <= 5734) AND (creationdate >= '2011-01-15 15:41:06'::timestamp without time zone) AND (creationdate <= '2012-08-15 00:17:45'::timestamp without time zone))", "Rows Removed by Filter": 31749}]}]}]}]}, {"Node Type": "Index Scan", "Parent Relationship": "Inner", "Parallel Aware": false, "Async Capable": false, "Scan Direction": "Forward", "Index Name": "idx_votes_userid", "Relation Name": "votes", "Alias": "v", "Startup Cost": 0.42, "Total Cost": 12422.47, "Plan Rows": 319916, "Plan Width": 4, "Actual Rows": 1571124, "Actual Loops": 1, "Filter": "(creationdate <= '2014-08-18 16:45:02'::timestamp without time zone)", "Rows Removed by Filter": 25311}]}]}, "Planning Time": 3.08, "Triggers": [], "Execution Time": 596.838}, {"Plan": {"Node Type": "Aggregate", "Strategy": "Plain", "Partial Mode": "Finalize", "Parallel Aware": false, "Async Capable": false, "Startup Cost": 17146.47, "Total Cost": 17146.48, "Plan Rows": 1, "Plan Width": 8, "Actual Rows": 1, "Actual Loops": 1, "Plans": [{"Node Type": "Gather", "Parent Relationship": "Outer", "Parallel Aware": false, "Async Capable": false, "Startup Cost": 17146.36, "Total Cost": 17146.47, "Plan Rows": 1, "Plan Width": 8, "Actual Rows": 2, "Actual Loops": 1, "Workers Planned": 1, "Workers Launched": 1, "Single Copy": false, "Plans": [{"Node Type": "Aggregate", "Strategy": "Plain", "Partial Mode": "Partial", "Parent Relationship": "Outer", "Parallel Aware": false, "Async Capable": false, "Startup Cost": 16146.36, "Total Cost": 16146.37, "Plan Rows": 1, "Plan Width": 8, "Actual Rows": 1, "Actual Loops": 2, "Workers": [], "Plans": [{"Node Type": "Merge Join", "Parent Relationship": "Outer", "Parallel Aware": false, "Async Capable": false, "Join Type": "Inner", "Startup Cost": 6055.46, "Total Cost": 15777.52, "Plan Rows": 2190.0, "Plan Width": 0, "Actual Rows": 776902, "Actual Loops": 2, "Inner Unique": false, "Merge Cond": "(u.id = b.userid)", "Workers": [], "Plans": [{"Node Type": "Sort", "Parent Relationship": "Outer", "Parallel Aware": false, "Async Capable": false, "Startup Cost": 6053.67, "Total Cost": 6066.17, "Plan Rows": 9.0, "Plan Width": 8, "Actual Rows": 6244, "Actual Loops": 2, "Sort Key": ["ph.userid"], "Sort Method": "quicksort", "Sort Space Used": 683, "Sort Space Type": "Memory", "Workers": [{"Worker Number": 0, "Sort Method": "quicksort", "Sort Space Used": 188, "Sort Space Type": "Memory"}], "Plans": [{"Node Type": "Hash Join", "Parent Relationship": "Outer", "Parallel Aware": false, "Async Capable": false, "Join Type": "Inner", "Startup Cost": 1210.78, "Total Cost": 5746.41, "Plan Rows": 9.0, "Plan Width": 8, "Actual Rows": 6248, "Actual Loops": 2, "Inner Unique": true, "Hash Cond": "(ph.userid = u.id)", "Workers": [], "Plans": [{"Node Type": "Seq Scan", "Parent Relationship": "Outer", "Parallel Aware": true, "Async Capable": false, "Relation Name": "posthistory", "Alias": "ph", "Startup Cost": 0.0, "Total Cost": 4469.32, "Plan Rows": 25259, "Plan Width": 4, "Actual Rows": 21460, "Actual Loops": 2, "Filter": "(posthistorytypeid = 1)", "Rows Removed by Filter": 130133, "Workers": []}, {"Node Type": "Hash", "Parent Relationship": "Inner", "Parallel Aware": false, "Async Capable": false, "Startup Cost": 1103.5, "Total Cost": 1103.5, "Plan Rows": 8582, "Plan Width": 4, "Actual Rows": 8576, "Actual Loops": 2, "Hash Buckets": 16384, "Original Hash Buckets": 16384, "Hash Batches": 1, "Original Hash Batches": 1, "Peak Memory Usage": 430, "Workers": [], "Plans": [{"Node Type": "Seq Scan", "Parent Relationship": "Outer", "Parallel Aware": false, "Async Capable": false, "Relation Name": "users", "Alias": "u", "Startup Cost": 0.0, "Total Cost": 1103.5, "Plan Rows": 8582, "Plan Width": 4, "Actual Rows": 8576, "Actual Loops": 2, "Filter": "((reputation <= 66043) AND (views <= 5734) AND (creationdate >= '2011-01-15 15:41:06'::timestamp without time zone) AND (creationdate <= '2012-08-15 00:17:45'::timestamp without time zone))", "Rows Removed by Filter": 31749, "Workers": []}]}]}]}, {"Node Type": "Materialize", "Parent Relationship": "Inner", "Parallel Aware": false, "Async Capable": false, "Startup Cost": 1.79, "Total Cost": 8508.91, "Plan Rows": 196737.0, "Plan Width": 8, "Actual Rows": 1106210, "Actual Loops": 2, "Workers": [], "Plans": [{"Node Type": "Merge Join", "Parent Relationship": "Outer", "Parallel Aware": false, "Async Capable": false, "Join Type": "Inner", "Startup Cost": 1.79, "Total Cost": 7713.53, "Plan Rows": 196737.0, "Plan Width": 8, "Actual Rows": 436553, "Actual Loops": 2, "Inner Unique": false, "Merge Cond": "(b.userid = v.userid)", "Workers": [], "Plans": [{"Node Type": "Index Scan", "Parent Relationship": "Outer", "Parallel Aware": false, "Async Capable": false, "Scan Direction": "Forward", "Index Name": "idx_badges_userid", "Relation Name": "badges", "Alias": "b", "Startup Cost": 0.29, "Total Cost": 3064.97, "Plan Rows": 27348, "Plan Width": 4, "Actual Rows": 27347, "Actual Loops": 2, "Filter": "(date <= '2012-11-08 03:48:56'::timestamp without time zone)", "Rows Removed by Filter": 52504, "Workers": []}, {"Node Type": "Index Scan", "Parent Relationship": "Inner", "Parallel Aware": false, "Async Capable": false, "Scan Direction": "Forward", "Index Name": "idx_votes_userid", "Relation Name": "votes", "Alias": "v", "Startup Cost": 0.42, "Total Cost": 12422.47, "Plan Rows": 319916, "Plan Width": 4, "Actual Rows": 442960, "Actual Loops": 2, "Filter": "(creationdate <= '2014-08-18 16:45:02'::timestamp without time zone)", "Rows Removed by Filter": 3544, "Workers": []}]}]}]}]}]}]}, "Planning Time": 3.089, "Triggers": [], "Execution Time": 470.964}, {"Plan": {"Node Type": "Aggregate", "Strategy": "Plain", "Partial Mode": "Simple", "Parallel Aware": false, "Async Capable": false, "Startup Cost": 11497.08, "Total Cost": 11497.09, "Plan Rows": 1, "Plan Width": 8, "Actual Rows": 1, "Actual Loops": 1, "Plans": [{"Node Type": "Merge Join", "Parent Relationship": "Outer", "Parallel Aware": false, "Async Capable": false, "Join Type": "Inner", "Startup Cost": 9394.59, "Total Cost": 10870.05, "Plan Rows": 2190.0, "Plan Width": 0, "Actual Rows": 1553805, "Actual Loops": 1, "Inner Unique": false, "Merge Cond": "(v.userid = u.id)", "Plans": [{"Node Type": "Index Scan", "Parent Relationship": "Outer", "Parallel Aware": false, "Async Capable": false, "Scan Direction": "Forward", "Index Name": "idx_votes_userid", "Relation Name": "votes", "Alias": "v", "Startup Cost": 0.42, "Total Cost": 12422.47, "Plan Rows": 319916, "Plan Width": 4, "Actual Rows": 26708, "Actual Loops": 1, "Filter": "(creationdate <= '2014-08-18 16:45:02'::timestamp without time zone)", "Rows Removed by Filter": 384}, {"Node Type": "Sort", "Parent Relationship": "Inner", "Parallel Aware": false, "Async Capable": false, "Startup Cost": 9394.17, "Total Cost": 9408.59, "Plan Rows": 82.0, "Plan Width": 12, "Actual Rows": 1573546, "Actual Loops": 1, "Sort Key": ["ph.userid"], "Sort Method": "quicksort", "Sort Space Used": 5978, "Sort Space Type": "Memory", "Plans": [{"Node Type": "Hash Join", "Parent Relationship": "Outer", "Parallel Aware": false, "Async Capable": false, "Join Type": "Inner", "Startup Cost": 2785.46, "Total Cost": 9033.99, "Plan Rows": 82.0, "Plan Width": 12, "Actual Rows": 74391, "Actual Loops": 1, "Inner Unique": false, "Hash Cond": "(ph.userid = u.id)", "Plans": [{"Node Type": "Seq Scan", "Parent Relationship": "Outer", "Parallel Aware": false, "Async Capable": false, "Relation Name": "posthistory", "Alias": "ph", "Startup Cost": 0.0, "Total Cost": 6029.84, "Plan Rows": 42941, "Plan Width": 4, "Actual Rows": 42921, "Actual Loops": 1, "Filter": "(posthistorytypeid = 1)", "Rows Removed by Filter": 260266}, {"Node Type": "Hash", "Parent Relationship": "Inner", "Parallel Aware": false, "Async Capable": false, "Startup Cost": 2712.71, "Total Cost": 2712.71, "Plan Rows": 1006.0, "Plan Width": 8, "Actual Rows": 15893, "Actual Loops": 1, "Hash Buckets": 16384, "Original Hash Buckets": 8192, "Hash Batches": 1, "Original Hash Batches": 1, "Peak Memory Usage": 749, "Plans": [{"Node Type": "Hash Join", "Parent Relationship": "Outer", "Parallel Aware": false, "Async Capable": false, "Join Type": "Inner", "Startup Cost": 1210.78, "Total Cost": 2712.71, "Plan Rows": 1006.0, "Plan Width": 8, "Actual Rows": 15893, "Actual Loops": 1, "Inner Unique": true, "Hash Cond": "(b.userid = u.id)", "Plans": [{"Node Type": "Seq Scan", "Parent Relationship": "Outer", "Parallel Aware": false, "Async Capable": false, "Relation Name": "badges", "Alias": "b", "Startup Cost": 0.0, "Total Cost": 1430.14, "Plan Rows": 27348, "Plan Width": 4, "Actual Rows": 27347, "Actual Loops": 1, "Filter": "(date <= '2012-11-08 03:48:56'::timestamp without time zone)", "Rows Removed by Filter": 52504}, {"Node Type": "Hash", "Parent Relationship": "Inner", "Parallel Aware": false, "Async Capable": false, "Startup Cost": 1103.5, "Total Cost": 1103.5, "Plan Rows": 8582, "Plan Width": 4, "Actual Rows": 8576, "Actual Loops": 1, "Hash Buckets": 16384, "Original Hash Buckets": 16384, "Hash Batches": 1, "Original Hash Batches": 1, "Peak Memory Usage": 430, "Plans": [{"Node Type": "Seq Scan", "Parent Relationship": "Outer", "Parallel Aware": false, "Async Capable": false, "Relation Name": "users", "Alias": "u", "Startup Cost": 0.0, "Total Cost": 1103.5, "Plan Rows": 8582, "Plan Width": 4, "Actual Rows": 8576, "Actual Loops": 1, "Filter": "((reputation <= 66043) AND (views <= 5734) AND (creationdate >= '2011-01-15 15:41:06'::timestamp without time zone) AND (creationdate <= '2012-08-15 00:17:45'::timestamp without time zone))", "Rows Removed by Filter": 31749}]}]}]}]}]}]}]}, "Planning Time": 3.159, "Triggers": [], "Execution Time": 309.727}, {"Plan": {"Node Type": "Aggregate", "Strategy": "Plain", "Partial Mode": "Simple", "Parallel Aware": false, "Async Capable": false, "Startup Cost": 113959.39, "Total Cost": 113959.4, "Plan Rows": 1, "Plan Width": 8, "Actual Rows": 1, "Actual Loops": 1, "Plans": [{"Node Type": "Hash Join", "Parent Relationship": "Outer", "Parallel Aware": false, "Async Capable": false, "Join Type": "Inner", "Startup Cost": 1213.0, "Total Cost": 113332.36, "Plan Rows": 2190.0, "Plan Width": 0, "Actual Rows": 1553805, "Actual Loops": 1, "Inner Unique": true, "Hash Cond": "(b.userid = u.id)", "Plans": [{"Node Type": "Nested Loop", "Parent Relationship": "Outer", "Parallel Aware": false, "Async Capable": false, "Join Type": "Inner", "Startup Cost": 2.22, "Total Cost": 24179.18, "Plan Rows": 20084.0, "Plan Width": 12, "Actual Rows": 10429647, "Actual Loops": 1, "Inner Unique": false, "Join Filter": "(ph.userid = b.userid)", "Rows Removed by Join Filter": 0, "Plans": [{"Node Type": "Merge Join", "Parent Relationship": "Outer", "Parallel Aware": false, "Async Capable": false, "Join Type": "Inner", "Startup Cost": 1.79, "Total Cost": 7713.53, "Plan Rows": 196737.0, "Plan Width": 8, "Actual Rows": 436553, "Actual Loops": 1, "Inner Unique": false, "Merge Cond": "(b.userid = v.userid)", "Plans": [{"Node Type": "Index Scan", "Parent Relationship": "Outer", "Parallel Aware": false, "Async Capable": false, "Scan Direction": "Forward", "Index Name": "idx_badges_userid", "Relation Name": "badges", "Alias": "b", "Startup Cost": 0.29, "Total Cost": 3064.97, "Plan Rows": 27348, "Plan Width": 4, "Actual Rows": 27347, "Actual Loops": 1, "Filter": "(date <= '2012-11-08 03:48:56'::timestamp without time zone)", "Rows Removed by Filter": 52504}, {"Node Type": "Index Scan", "Parent Relationship": "Inner", "Parallel Aware": false, "Async Capable": false, "Scan Direction": "Forward", "Index Name": "idx_votes_userid", "Relation Name": "votes", "Alias": "v", "Startup Cost": 0.42, "Total Cost": 12422.47, "Plan Rows": 319916, "Plan Width": 4, "Actual Rows": 442960, "Actual Loops": 1, "Filter": "(creationdate <= '2014-08-18 16:45:02'::timestamp without time zone)", "Rows Removed by Filter": 3544}]}, {"Node Type": "Memoize", "Parent Relationship": "Inner", "Parallel Aware": false, "Async Capable": false, "Startup Cost": 0.43, "Total Cost": 0.74, "Plan Rows": 2, "Plan Width": 4, "Actual Rows": 24, "Actual Loops": 436553, "Cache Key": "v.userid", "Cache Mode": "logical", "Cache Hits": 434550, "Cache Misses": 2003, "Cache Evictions": 0, "Cache Overflows": 0, "Peak Memory Usage": 489, "Plans": [{"Node Type": "Index Scan", "Parent Relationship": "Outer", "Parallel Aware": false, "Async Capable": false, "Scan Direction": "Forward", "Index Name": "idx_posthistory_userid", "Relation Name": "posthistory", "Alias": "ph", "Startup Cost": 0.42, "Total Cost": 0.73, "Plan Rows": 2, "Plan Width": 4, "Actual Rows": 5, "Actual Loops": 2003, "Index Cond": "(userid = v.userid)", "Rows Removed by Index Recheck": 0, "Filter": "(posthistorytypeid = 1)", "Rows Removed by Filter": 56}]}]}, {"Node Type": "Hash", "Parent Relationship": "Inner", "Parallel Aware": false, "Async Capable": false, "Startup Cost": 1103.5, "Total Cost": 1103.5, "Plan Rows": 8582, "Plan Width": 4, "Actual Rows": 8576, "Actual Loops": 1, "Hash Buckets": 16384, "Original Hash Buckets": 16384, "Hash Batches": 1, "Original Hash Batches": 1, "Peak Memory Usage": 430, "Plans": [{"Node Type": "Seq Scan", "Parent Relationship": "Outer", "Parallel Aware": false, "Async Capable": false, "Relation Name": "users", "Alias": "u", "Startup Cost": 0.0, "Total Cost": 1103.5, "Plan Rows": 8582, "Plan Width": 4, "Actual Rows": 8576, "Actual Loops": 1, "Filter": "((reputation <= 66043) AND (views <= 5734) AND (creationdate >= '2011-01-15 15:41:06'::timestamp without time zone) AND (creationdate <= '2012-08-15 00:17:45'::timestamp without time zone))", "Rows Removed by Filter": 31749}]}]}]}, "Planning Time": 3.143, "Triggers": [], "Execution Time": 1296.344}, {"Plan": {"Node Type": "Aggregate", "Strategy": "Plain", "Partial Mode": "Simple", "Parallel Aware": false, "Async Capable": false, "Startup Cost": 42194.89, "Total Cost": 42194.9, "Plan Rows": 1, "Plan Width": 8, "Actual Rows": 1, "Actual Loops": 1, "Plans": [{"Node Type": "Merge Join", "Parent Relationship": "Outer", "Parallel Aware": false, "Async Capable": false, "Join Type": "Inner", "Startup Cost": 1665.36, "Total Cost": 41567.86, "Plan Rows": 2190.0, "Plan Width": 0, "Actual Rows": 1553805, "Actual Loops": 1, "Inner Unique": false, "Merge Cond": "(u.id = ph.userid)", "Plans": [{"Node Type": "Merge Join", "Parent Relationship": "Outer", "Parallel Aware": false, "Async Capable": false, "Join Type": "Inner", "Startup Cost": 1664.51, "Total Cost": 4898.66, "Plan Rows": 1006.0, "Plan Width": 8, "Actual Rows": 15893, "Actual Loops": 1, "Inner Unique": true, "Merge Cond": "(b.userid = u.id)", "Plans": [{"Node Type": "Index Scan", "Parent Relationship": "Outer", "Parallel Aware": false, "Async Capable": false, "Scan Direction": "Forward", "Index Name": "idx_badges_userid", "Relation Name": "badges", "Alias": "b", "Startup Cost": 0.29, "Total Cost": 3064.97, "Plan Rows": 27348, "Plan Width": 4, "Actual Rows": 27347, "Actual Loops": 1, "Filter": "(date <= '2012-11-08 03:48:56'::timestamp without time zone)", "Rows Removed by Filter": 52504}, {"Node Type": "Sort", "Parent Relationship": "Inner", "Parallel Aware": false, "Async Capable": false, "Startup Cost": 1664.21, "Total Cost": 1685.66, "Plan Rows": 8582, "Plan Width": 4, "Actual Rows": 8575, "Actual Loops": 1, "Sort Key": ["u.id"], "Sort Method": "quicksort", "Sort Space Used": 385, "Sort Space Type": "Memory", "Plans": [{"Node Type": "Seq Scan", "Parent Relationship": "Outer", "Parallel Aware": false, "Async Capable": false, "Relation Name": "users", "Alias": "u", "Startup Cost": 0.0, "Total Cost": 1103.5, "Plan Rows": 8582, "Plan Width": 4, "Actual Rows": 8576, "Actual Loops": 1, "Filter": "((reputation <= 66043) AND (views <= 5734) AND (creationdate >= '2011-01-15 15:41:06'::timestamp without time zone) AND (creationdate <= '2012-08-15 00:17:45'::timestamp without time zone))", "Rows Removed by Filter": 31749}]}]}, {"Node Type": "Materialize", "Parent Relationship": "Inner", "Parallel Aware": false, "Async Capable": false, "Startup Cost": 0.85, "Total Cost": 32033.03, "Plan Rows": 2173.0, "Plan Width": 8, "Actual Rows": 1769847, "Actual Loops": 1, "Plans": [{"Node Type": "Nested Loop", "Parent Relationship": "Outer", "Parallel Aware": false, "Async Capable": false, "Join Type": "Inner", "Startup Cost": 0.85, "Total Cost": 27363.52, "Plan Rows": 2173.0, "Plan Width": 8, "Actual Rows": 334698, "Actual Loops": 1, "Inner Unique": false, "Plans": [{"Node Type": "Index Scan", "Parent Relationship": "Outer", "Parallel Aware": false, "Async Capable": false, "Scan Direction": "Forward", "Index Name": "idx_votes_userid", "Relation Name": "votes", "Alias": "v", "Startup Cost": 0.42, "Total Cost": 12422.47, "Plan Rows": 319916, "Plan Width": 4, "Actual Rows": 26708, "Actual Loops": 1, "Filter": "(creationdate <= '2014-08-18 16:45:02'::timestamp without time zone)", "Rows Removed by Filter": 384}, {"Node Type": "Memoize", "Parent Relationship": "Inner", "Parallel Aware": false, "Async Capable": false, "Startup Cost": 0.43, "Total Cost": 0.74, "Plan Rows": 2, "Plan Width": 4, "Actual Rows": 13, "Actual Loops": 26708, "Cache Key": "v.userid", "Cache Mode": "logical", "Cache Hits": 23409, "Cache Misses": 3299, "Cache Evictions": 0, "Cache Overflows": 0, "Peak Memory Usage": 646, "Plans": [{"Node Type": "Index Scan", "Parent Relationship": "Outer", "Parallel Aware": false, "Async Capable": false, "Scan Direction": "Forward", "Index Name": "idx_posthistory_userid", "Relation Name": "posthistory", "Alias": "ph", "Startup Cost": 0.42, "Total Cost": 0.73, "Plan Rows": 2, "Plan Width": 4, "Actual Rows": 4, "Actual Loops": 3299, "Index Cond": "(userid = v.userid)", "Rows Removed by Index Recheck": 0, "Filter": "(posthistorytypeid = 1)", "Rows Removed by Filter": 40}]}]}]}]}]}, "Planning Time": 3.201, "Triggers": [], "Execution Time": 434.006}, {"Plan": {"Node Type": "Aggregate", "Strategy": "Plain", "Partial Mode": "Finalize", "Parallel Aware": false, "Async Capable": false, "Startup Cost": 24323.28, "Total Cost": 24323.29, "Plan Rows": 1, "Plan Width": 8, "Actual Rows": 1, "Actual Loops": 1, "Plans": [{"Node Type": "Gather", "Parent Relationship": "Outer", "Parallel Aware": false, "Async Capable": false, "Startup Cost": 24323.16, "Total Cost": 24323.27, "Plan Rows": 1, "Plan Width": 8, "Actual Rows": 2, "Actual Loops": 1, "Workers Planned": 1, "Workers Launched": 1, "Single Copy": false, "Plans": [{"Node Type": "Aggregate", "Strategy": "Plain", "Partial Mode": "Partial", "Parent Relationship": "Outer", "Parallel Aware": false, "Async Capable": false, "Startup Cost": 23323.16, "Total Cost": 23323.17, "Plan Rows": 1, "Plan Width": 8, "Actual Rows": 1, "Actual Loops": 2, "Workers": [], "Plans": [{"Node Type": "Hash Join", "Parent Relationship": "Outer", "Parallel Aware": false, "Async Capable": false, "Join Type": "Inner", "Startup Cost": 2785.89, "Total Cost": 22954.32, "Plan Rows": 2190.0, "Plan Width": 0, "Actual Rows": 776902, "Actual Loops": 2, "Inner Unique": false, "Hash Cond": "(ph.userid = u.id)", "Workers": [], "Plans": [{"Node Type": "Nested Loop", "Parent Relationship": "Outer", "Parallel Aware": false, "Async Capable": false, "Join Type": "Inner", "Startup Cost": 0.43, "Total Cost": 14573.4, "Plan Rows": 2173.0, "Plan Width": 8, "Actual Rows": 183071, "Actual Loops": 2, "Inner Unique": false, "Workers": [], "Plans": [{"Node Type": "Seq Scan", "Parent Relationship": "Outer", "Parallel Aware": true, "Async Capable": false, "Relation Name": "votes", "Alias": "v", "Startup Cost": 0.0, "Total Cost": 4572.24, "Plan Rows": 188186, "Plan Width": 4, "Actual Rows": 159982, "Actual Loops": 2, "Filter": "(creationdate <= '2014-08-18 16:45:02'::timestamp without time zone)", "Rows Removed by Filter": 4050, "Workers": []}, {"Node Type": "Memoize", "Parent Relationship": "Inner", "Parallel Aware": false, "Async Capable": false, "Startup Cost": 0.43, "Total Cost": 0.74, "Plan Rows": 2, "Plan Width": 4, "Actual Rows": 1, "Actual Loops": 319963, "Cache Key": "v.userid", "Cache Mode": "logical", "Cache Hits": 156962, "Cache Misses": 3600, "Cache Evictions": 0, "Cache Overflows": 0, "Peak Memory Usage": 695, "Workers": [{"Worker Number": 0, "Cache Hits": 155695, "Cache Misses": 3706, "Cache Evictions": 0, "Cache Overflows": 0, "Peak Memory Usage": 716}], "Plans": [{"Node Type": "Index Scan", "Parent Relationship": "Outer", "Parallel Aware": false, "Async Capable": false, "Scan Direction": "Forward", "Index Name": "idx_posthistory_userid", "Relation Name": "posthistory", "Alias": "ph", "Startup Cost": 0.42, "Total Cost": 0.73, "Plan Rows": 2, "Plan Width": 4, "Actual Rows": 4, "Actual Loops": 7306, "Index Cond": "(userid = v.userid)", "Rows Removed by Index Recheck": 0, "Filter": "(posthistorytypeid = 1)", "Rows Removed by Filter": 39, "Workers": []}]}]}, {"Node Type": "Hash", "Parent Relationship": "Inner", "Parallel Aware": false, "Async Capable": false, "Startup Cost": 2712.71, "Total Cost": 2712.71, "Plan Rows": 1006.0, "Plan Width": 8, "Actual Rows": 15893, "Actual Loops": 2, "Hash Buckets": 16384, "Original Hash Buckets": 8192, "Hash Batches": 1, "Original Hash Batches": 1, "Peak Memory Usage": 749, "Workers": [], "Plans": [{"Node Type": "Hash Join", "Parent Relationship": "Outer", "Parallel Aware": false, "Async Capable": false, "Join Type": "Inner", "Startup Cost": 1210.78, "Total Cost": 2712.71, "Plan Rows": 1006.0, "Plan Width": 8, "Actual Rows": 15893, "Actual Loops": 2, "Inner Unique": true, "Hash Cond": "(b.userid = u.id)", "Workers": [], "Plans": [{"Node Type": "Seq Scan", "Parent Relationship": "Outer", "Parallel Aware": false, "Async Capable": false, "Relation Name": "badges", "Alias": "b", "Startup Cost": 0.0, "Total Cost": 1430.14, "Plan Rows": 27348, "Plan Width": 4, "Actual Rows": 27347, "Actual Loops": 2, "Filter": "(date <= '2012-11-08 03:48:56'::timestamp without time zone)", "Rows Removed by Filter": 52504, "Workers": []}, {"Node Type": "Hash", "Parent Relationship": "Inner", "Parallel Aware": false, "Async Capable": false, "Startup Cost": 1103.5, "Total Cost": 1103.5, "Plan Rows": 8582, "Plan Width": 4, "Actual Rows": 8576, "Actual Loops": 2, "Hash Buckets": 16384, "Original Hash Buckets": 16384, "Hash Batches": 1, "Original Hash Batches": 1, "Peak Memory Usage": 430, "Workers": [], "Plans": [{"Node Type": "Seq Scan", "Parent Relationship": "Outer", "Parallel Aware": false, "Async Capable": false, "Relation Name": "users", "Alias": "u", "Startup Cost": 0.0, "Total Cost": 1103.5, "Plan Rows": 8582, "Plan Width": 4, "Actual Rows": 8576, "Actual Loops": 2, "Filter": "((reputation <= 66043) AND (views <= 5734) AND (creationdate >= '2011-01-15 15:41:06'::timestamp without time zone) AND (creationdate <= '2012-08-15 00:17:45'::timestamp without time zone))", "Rows Removed by Filter": 31749, "Workers": []}]}]}]}]}]}]}]}, "Planning Time": 6.678, "Triggers": [], "Execution Time": 323.23}]