[{"Plan": {"Node Type": "Aggregate", "Strategy": "Plain", "Partial Mode": "Simple", "Parallel Aware": false, "Async Capable": false, "Startup Cost": 3124.25, "Total Cost": 3124.26, "Plan Rows": 1, "Plan Width": 8, "Actual Rows": 1, "Actual Loops": 1, "Plans": [{"Node Type": "Nested Loop", "Parent Relationship": "Outer", "Parallel Aware": false, "Async Capable": false, "Join Type": "Inner", "Startup Cost": 2686.16, "Total Cost": 3124.19, "Plan Rows": 41.0, "Plan Width": 0, "Actual Rows": 1345, "Actual Loops": 1, "Inner Unique": false, "Plans": [{"Node Type": "Nested Loop", "Parent Relationship": "Outer", "Parallel Aware": false, "Async Capable": false, "Join Type": "Inner", "Startup Cost": 2685.87, "Total Cost": 3119.34, "Plan Rows": 2.0, "Plan Width": 8, "Actual Rows": 73, "Actual Loops": 1, "Inner Unique": true, "Plans": [{"Node Type": "Hash Join", "Parent Relationship": "Outer", "Parallel Aware": false, "Async Capable": false, "Join Type": "Inner", "Startup Cost": 2685.58, "Total Cost": 2933.1, "Plan Rows": 11.0, "Plan Width": 4, "Actual Rows": 1323, "Actual Loops": 1, "Inner Unique": true, "Hash Cond": "(pl.relatedpostid = p.id)", "Plans": [{"Node Type": "Seq Scan", "Parent Relationship": "Outer", "Parallel Aware": false, "Async Capable": false, "Relation Name": "postlinks", "Alias": "pl", "Startup Cost": 0.0, "Total Cost": 220.78, "Plan Rows": 10186, "Plan Width": 4, "Actual Rows": 10186, "Actual Loops": 1, "Filter": "(linktypeid = 1)", "Rows Removed by Filter": 916}, {"Node Type": "Hash", "Parent Relationship": "Inner", "Parallel Aware": false, "Async Capable": false, "Startup Cost": 2679.52, "Total Cost": 2679.52, "Plan Rows": 485, "Plan Width": 8, "Actual Rows": 466, "Actual Loops": 1, "Hash Buckets": 1024, "Original Hash Buckets": 1024, "Hash Batches": 1, "Original Hash Batches": 1, "Peak Memory Usage": 27, "Plans": [{"Node Type": "Seq Scan", "Parent Relationship": "Outer", "Parallel Aware": false, "Async Capable": false, "Relation Name": "posts", "Alias": "p", "Startup Cost": 0.0, "Total Cost": 2679.52, "Plan Rows": 485, "Plan Width": 8, "Actual Rows": 466, "Actual Loops": 1, "Filter": "((score >= 23) AND (commentcount <= 4) AND (creationdate >= '2009-10-26 17:55:52'::timestamp without time zone) AND (creationdate <= '2014-02-06 10:46:10'::timestamp without time zone))", "Rows Removed by Filter": 91510}]}]}, {"Node Type": "Index Scan", "Parent Relationship": "Inner", "Parallel Aware": false, "Async Capable": false, "Scan Direction": "Forward", "Index Name": "users_pkey", "Relation Name": "users", "Alias": "u", "Startup Cost": 0.29, "Total Cost": 3.45, "Plan Rows": 1, "Plan Width": 4, "Actual Rows": 0, "Actual Loops": 1323, "Index Cond": "(id = p.owneruserid)", "Rows Removed by Index Recheck": 0, "Filter": "((views <= 2585) AND (creationdate >= '2011-08-21 23:50:07'::timestamp without time zone) AND (creationdate <= '2012-11-05 03:10:46'::timestamp without time zone))", "Rows Removed by Filter": 1}]}, {"Node Type": "Index Only Scan", "Parent Relationship": "Inner", "Parallel Aware": false, "Async Capable": false, "Scan Direction": "Forward", "Index Name": "idx_badges_userid", "Relation Name": "badges", "Alias": "b", "Startup Cost": 0.29, "Total Cost": 0.41, "Plan Rows": 3, "Plan Width": 4, "Actual Rows": 18, "Actual Loops": 73, "Index Cond": "(userid = u.id)", "Rows Removed by Index Recheck": 0, "Heap Fetches": 0}]}]}, "Planning Time": 0.862, "Triggers": [], "Execution Time": 10.645}, {"Plan": {"Node Type": "Aggregate", "Strategy": "Plain", "Partial Mode": "Simple", "Parallel Aware": false, "Async Capable": false, "Startup Cost": 5679.13, "Total Cost": 5679.14, "Plan Rows": 1, "Plan Width": 8, "Actual Rows": 1, "Actual Loops": 1, "Plans": [{"Node Type": "Hash Join", "Parent Relationship": "Outer", "Parallel Aware": false, "Async Capable": false, "Join Type": "Inner", "Startup Cost": 5431.09, "Total Cost": 5679.08, "Plan Rows": 41.0, "Plan Width": 0, "Actual Rows": 1345, "Actual Loops": 1, "Inner Unique": false, "Hash Cond": "(p.owneruserid = u.id)", "Plans": [{"Node Type": "Hash Join", "Parent Relationship": "Outer", "Parallel Aware": false, "Async Capable": false, "Join Type": "Inner", "Startup Cost": 2685.58, "Total Cost": 2933.1, "Plan Rows": 11.0, "Plan Width": 4, "Actual Rows": 1323, "Actual Loops": 1, "Inner Unique": true, "Hash Cond": "(pl.relatedpostid = p.id)", "Plans": [{"Node Type": "Seq Scan", "Parent Relationship": "Outer", "Parallel Aware": false, "Async Capable": false, "Relation Name": "postlinks", "Alias": "pl", "Startup Cost": 0.0, "Total Cost": 220.78, "Plan Rows": 10186, "Plan Width": 4, "Actual Rows": 10186, "Actual Loops": 1, "Filter": "(linktypeid = 1)", "Rows Removed by Filter": 916}, {"Node Type": "Hash", "Parent Relationship": "Inner", "Parallel Aware": false, "Async Capable": false, "Startup Cost": 2679.52, "Total Cost": 2679.52, "Plan Rows": 485, "Plan Width": 8, "Actual Rows": 466, "Actual Loops": 1, "Hash Buckets": 1024, "Original Hash Buckets": 1024, "Hash Batches": 1, "Original Hash Batches": 1, "Peak Memory Usage": 27, "Plans": [{"Node Type": "Seq Scan", "Parent Relationship": "Outer", "Parallel Aware": false, "Async Capable": false, "Relation Name": "posts", "Alias": "p", "Startup Cost": 0.0, "Total Cost": 2679.52, "Plan Rows": 485, "Plan Width": 8, "Actual Rows": 466, "Actual Loops": 1, "Filter": "((score >= 23) AND (commentcount <= 4) AND (creationdate >= '2009-10-26 17:55:52'::timestamp without time zone) AND (creationdate <= '2014-02-06 10:46:10'::timestamp without time zone))", "Rows Removed by Filter": 91510}]}]}, {"Node Type": "Hash", "Parent Relationship": "Inner", "Parallel Aware": false, "Async Capable": false, "Startup Cost": 2544.39, "Total Cost": 2544.39, "Plan Rows": 1718.0, "Plan Width": 8, "Actual Rows": 20658, "Actual Loops": 1, "Hash Buckets": 32768, "Original Hash Buckets": 16384, "Hash Batches": 1, "Original Hash Batches": 1, "Peak Memory Usage": 1063, "Plans": [{"Node Type": "Hash Join", "Parent Relationship": "Outer", "Parallel Aware": false, "Async Capable": false, "Join Type": "Inner", "Startup Cost": 1104.25, "Total Cost": 2544.39, "Plan Rows": 1718.0, "Plan Width": 8, "Actual Rows": 20658, "Actual Loops": 1, "Inner Unique": true, "Hash Cond": "(b.userid = u.id)", "Plans": [{"Node Type": "Seq Scan", "Parent Relationship": "Outer", "Parallel Aware": false, "Async Capable": false, "Relation Name": "badges", "Alias": "b", "Startup Cost": 0.0, "Total Cost": 1230.51, "Plan Rows": 79851, "Plan Width": 4, "Actual Rows": 79851, "Actual Loops": 1}, {"Node Type": "Hash", "Parent Relationship": "Inner", "Parallel Aware": false, "Async Capable": false, "Startup Cost": 1002.69, "Total Cost": 1002.69, "Plan Rows": 8125, "Plan Width": 4, "Actual Rows": 8117, "Actual Loops": 1, "Hash Buckets": 8192, "Original Hash Buckets": 8192, "Hash Batches": 1, "Original Hash Batches": 1, "Peak Memory Usage": 350, "Plans": [{"Node Type": "Seq Scan", "Parent Relationship": "Outer", "Parallel Aware": false, "Async Capable": false, "Relation Name": "users", "Alias": "u", "Startup Cost": 0.0, "Total Cost": 1002.69, "Plan Rows": 8125, "Plan Width": 4, "Actual Rows": 8117, "Actual Loops": 1, "Filter": "((views <= 2585) AND (creationdate >= '2011-08-21 23:50:07'::timestamp without time zone) AND (creationdate <= '2012-11-05 03:10:46'::timestamp without time zone))", "Rows Removed by Filter": 32208}]}]}]}]}]}, "Planning Time": 1.105, "Triggers": [], "Execution Time": 36.131}, {"Plan": {"Node Type": "Aggregate", "Strategy": "Plain", "Partial Mode": "Simple", "Parallel Aware": false, "Async Capable": false, "Startup Cost": 4088.99, "Total Cost": 4089.0, "Plan Rows": 1, "Plan Width": 8, "Actual Rows": 1, "Actual Loops": 1, "Plans": [{"Node Type": "Hash Join", "Parent Relationship": "Outer", "Parallel Aware": false, "Async Capable": false, "Join Type": "Inner", "Startup Cost": 3829.75, "Total Cost": 4088.93, "Plan Rows": 41.0, "Plan Width": 0, "Actual Rows": 1345, "Actual Loops": 1, "Inner Unique": false, "Hash Cond": "(pl.relatedpostid = p.id)", "Plans": [{"Node Type": "Seq Scan", "Parent Relationship": "Outer", "Parallel Aware": false, "Async Capable": false, "Relation Name": "postlinks", "Alias": "pl", "Startup Cost": 0.0, "Total Cost": 220.78, "Plan Rows": 10186, "Plan Width": 4, "Actual Rows": 10186, "Actual Loops": 1, "Filter": "(linktypeid = 1)", "Rows Removed by Filter": 916}, {"Node Type": "Hash", "Parent Relationship": "Inner", "Parallel Aware": false, "Async Capable": false, "Startup Cost": 3827.38, "Total Cost": 3827.38, "Plan Rows": 115.0, "Plan Width": 4, "Actual Rows": 1335, "Actual Loops": 1, "Hash Buckets": 2048, "Original Hash Buckets": 1024, "Hash Batches": 1, "Original Hash Batches": 1, "Peak Memory Usage": 63, "Plans": [{"Node Type": "Nested Loop", "Parent Relationship": "Outer", "Parallel Aware": false, "Async Capable": false, "Join Type": "Inner", "Startup Cost": 1104.54, "Total Cost": 3827.38, "Plan Rows": 115.0, "Plan Width": 4, "Actual Rows": 1335, "Actual Loops": 1, "Inner Unique": false, "Plans": [{"Node Type": "Hash Join", "Parent Relationship": "Outer", "Parallel Aware": false, "Async Capable": false, "Join Type": "Inner", "Startup Cost": 1104.25, "Total Cost": 3785.04, "Plan Rows": 3.0, "Plan Width": 12, "Actual Rows": 52, "Actual Loops": 1, "Inner Unique": true, "Hash Cond": "(p.owneruserid = u.id)", "Plans": [{"Node Type": "Seq Scan", "Parent Relationship": "Outer", "Parallel Aware": false, "Async Capable": false, "Relation Name": "posts", "Alias": "p", "Startup Cost": 0.0, "Total Cost": 2679.52, "Plan Rows": 485, "Plan Width": 8, "Actual Rows": 466, "Actual Loops": 1, "Filter": "((score >= 23) AND (commentcount <= 4) AND (creationdate >= '2009-10-26 17:55:52'::timestamp without time zone) AND (creationdate <= '2014-02-06 10:46:10'::timestamp without time zone))", "Rows Removed by Filter": 91510}, {"Node Type": "Hash", "Parent Relationship": "Inner", "Parallel Aware": false, "Async Capable": false, "Startup Cost": 1002.69, "Total Cost": 1002.69, "Plan Rows": 8125, "Plan Width": 4, "Actual Rows": 8117, "Actual Loops": 1, "Hash Buckets": 8192, "Original Hash Buckets": 8192, "Hash Batches": 1, "Original Hash Batches": 1, "Peak Memory Usage": 350, "Plans": [{"Node Type": "Seq Scan", "Parent Relationship": "Outer", "Parallel Aware": false, "Async Capable": false, "Relation Name": "users", "Alias": "u", "Startup Cost": 0.0, "Total Cost": 1002.69, "Plan Rows": 8125, "Plan Width": 4, "Actual Rows": 8117, "Actual Loops": 1, "Filter": "((views <= 2585) AND (creationdate >= '2011-08-21 23:50:07'::timestamp without time zone) AND (creationdate <= '2012-11-05 03:10:46'::timestamp without time zone))", "Rows Removed by Filter": 32208}]}]}, {"Node Type": "Index Only Scan", "Parent Relationship": "Inner", "Parallel Aware": false, "Async Capable": false, "Scan Direction": "Forward", "Index Name": "idx_badges_userid", "Relation Name": "badges", "Alias": "b", "Startup Cost": 0.29, "Total Cost": 0.41, "Plan Rows": 3, "Plan Width": 4, "Actual Rows": 26, "Actual Loops": 52, "Index Cond": "(userid = u.id)", "Rows Removed by Index Recheck": 0, "Heap Fetches": 0}]}]}]}]}, "Planning Time": 1.031, "Triggers": [], "Execution Time": 16.012}, {"Plan": {"Node Type": "Aggregate", "Strategy": "Plain", "Partial Mode": "Simple", "Parallel Aware": false, "Async Capable": false, "Startup Cost": 6604.66, "Total Cost": 6604.67, "Plan Rows": 1, "Plan Width": 8, "Actual Rows": 1, "Actual Loops": 1, "Plans": [{"Node Type": "Hash Join", "Parent Relationship": "Outer", "Parallel Aware": false, "Async Capable": false, "Join Type": "Inner", "Startup Cost": 4038.02, "Total Cost": 6604.6, "Plan Rows": 41.0, "Plan Width": 0, "Actual Rows": 1345, "Actual Loops": 1, "Inner Unique": false, "Hash Cond": "(u.id = p.owneruserid)", "Plans": [{"Node Type": "Hash Join", "Parent Relationship": "Outer", "Parallel Aware": false, "Async Capable": false, "Join Type": "Inner", "Startup Cost": 1104.25, "Total Cost": 2544.39, "Plan Rows": 1718.0, "Plan Width": 8, "Actual Rows": 20658, "Actual Loops": 1, "Inner Unique": true, "Hash Cond": "(b.userid = u.id)", "Plans": [{"Node Type": "Seq Scan", "Parent Relationship": "Outer", "Parallel Aware": false, "Async Capable": false, "Relation Name": "badges", "Alias": "b", "Startup Cost": 0.0, "Total Cost": 1230.51, "Plan Rows": 79851, "Plan Width": 4, "Actual Rows": 79851, "Actual Loops": 1}, {"Node Type": "Hash", "Parent Relationship": "Inner", "Parallel Aware": false, "Async Capable": false, "Startup Cost": 1002.69, "Total Cost": 1002.69, "Plan Rows": 8125, "Plan Width": 4, "Actual Rows": 8117, "Actual Loops": 1, "Hash Buckets": 8192, "Original Hash Buckets": 8192, "Hash Batches": 1, "Original Hash Batches": 1, "Peak Memory Usage": 350, "Plans": [{"Node Type": "Seq Scan", "Parent Relationship": "Outer", "Parallel Aware": false, "Async Capable": false, "Relation Name": "users", "Alias": "u", "Startup Cost": 0.0, "Total Cost": 1002.69, "Plan Rows": 8125, "Plan Width": 4, "Actual Rows": 8117, "Actual Loops": 1, "Filter": "((views <= 2585) AND (creationdate >= '2011-08-21 23:50:07'::timestamp without time zone) AND (creationdate <= '2012-11-05 03:10:46'::timestamp without time zone))", "Rows Removed by Filter": 32208}]}]}, {"Node Type": "Hash", "Parent Relationship": "Inner", "Parallel Aware": false, "Async Capable": false, "Startup Cost": 2933.1, "Total Cost": 2933.1, "Plan Rows": 11.0, "Plan Width": 4, "Actual Rows": 1277, "Actual Loops": 1, "Hash Buckets": 2048, "Original Hash Buckets": 1024, "Hash Batches": 1, "Original Hash Batches": 1, "Peak Memory Usage": 61, "Plans": [{"Node Type": "Hash Join", "Parent Relationship": "Outer", "Parallel Aware": false, "Async Capable": false, "Join Type": "Inner", "Startup Cost": 2685.58, "Total Cost": 2933.1, "Plan Rows": 11.0, "Plan Width": 4, "Actual Rows": 1323, "Actual Loops": 1, "Inner Unique": true, "Hash Cond": "(pl.relatedpostid = p.id)", "Plans": [{"Node Type": "Seq Scan", "Parent Relationship": "Outer", "Parallel Aware": false, "Async Capable": false, "Relation Name": "postlinks", "Alias": "pl", "Startup Cost": 0.0, "Total Cost": 220.78, "Plan Rows": 10186, "Plan Width": 4, "Actual Rows": 10186, "Actual Loops": 1, "Filter": "(linktypeid = 1)", "Rows Removed by Filter": 916}, {"Node Type": "Hash", "Parent Relationship": "Inner", "Parallel Aware": false, "Async Capable": false, "Startup Cost": 2679.52, "Total Cost": 2679.52, "Plan Rows": 485, "Plan Width": 8, "Actual Rows": 466, "Actual Loops": 1, "Hash Buckets": 1024, "Original Hash Buckets": 1024, "Hash Batches": 1, "Original Hash Batches": 1, "Peak Memory Usage": 27, "Plans": [{"Node Type": "Seq Scan", "Parent Relationship": "Outer", "Parallel Aware": false, "Async Capable": false, "Relation Name": "posts", "Alias": "p", "Startup Cost": 0.0, "Total Cost": 2679.52, "Plan Rows": 485, "Plan Width": 8, "Actual Rows": 466, "Actual Loops": 1, "Filter": "((score >= 23) AND (commentcount <= 4) AND (creationdate >= '2009-10-26 17:55:52'::timestamp without time zone) AND (creationdate <= '2014-02-06 10:46:10'::timestamp without time zone))", "Rows Removed by Filter": 91510}]}]}]}]}]}, "Planning Time": 1.143, "Triggers": [], "Execution Time": 28.347}, {"Plan": {"Node Type": "Aggregate", "Strategy": "Plain", "Partial Mode": "Simple", "Parallel Aware": false, "Async Capable": false, "Startup Cost": 3124.25, "Total Cost": 3124.26, "Plan Rows": 1, "Plan Width": 8, "Actual Rows": 1, "Actual Loops": 1, "Plans": [{"Node Type": "Nested Loop", "Parent Relationship": "Outer", "Parallel Aware": false, "Async Capable": false, "Join Type": "Inner", "Startup Cost": 2686.16, "Total Cost": 3124.19, "Plan Rows": 41.0, "Plan Width": 0, "Actual Rows": 1345, "Actual Loops": 1, "Inner Unique": false, "Plans": [{"Node Type": "Nested Loop", "Parent Relationship": "Outer", "Parallel Aware": false, "Async Capable": false, "Join Type": "Inner", "Startup Cost": 2685.87, "Total Cost": 3119.34, "Plan Rows": 2.0, "Plan Width": 8, "Actual Rows": 73, "Actual Loops": 1, "Inner Unique": true, "Plans": [{"Node Type": "Hash Join", "Parent Relationship": "Outer", "Parallel Aware": false, "Async Capable": false, "Join Type": "Inner", "Startup Cost": 2685.58, "Total Cost": 2933.1, "Plan Rows": 11.0, "Plan Width": 4, "Actual Rows": 1323, "Actual Loops": 1, "Inner Unique": true, "Hash Cond": "(pl.relatedpostid = p.id)", "Plans": [{"Node Type": "Seq Scan", "Parent Relationship": "Outer", "Parallel Aware": false, "Async Capable": false, "Relation Name": "postlinks", "Alias": "pl", "Startup Cost": 0.0, "Total Cost": 220.78, "Plan Rows": 10186, "Plan Width": 4, "Actual Rows": 10186, "Actual Loops": 1, "Filter": "(linktypeid = 1)", "Rows Removed by Filter": 916}, {"Node Type": "Hash", "Parent Relationship": "Inner", "Parallel Aware": false, "Async Capable": false, "Startup Cost": 2679.52, "Total Cost": 2679.52, "Plan Rows": 485, "Plan Width": 8, "Actual Rows": 466, "Actual Loops": 1, "Hash Buckets": 1024, "Original Hash Buckets": 1024, "Hash Batches": 1, "Original Hash Batches": 1, "Peak Memory Usage": 27, "Plans": [{"Node Type": "Seq Scan", "Parent Relationship": "Outer", "Parallel Aware": false, "Async Capable": false, "Relation Name": "posts", "Alias": "p", "Startup Cost": 0.0, "Total Cost": 2679.52, "Plan Rows": 485, "Plan Width": 8, "Actual Rows": 466, "Actual Loops": 1, "Filter": "((score >= 23) AND (commentcount <= 4) AND (creationdate >= '2009-10-26 17:55:52'::timestamp without time zone) AND (creationdate <= '2014-02-06 10:46:10'::timestamp without time zone))", "Rows Removed by Filter": 91510}]}]}, {"Node Type": "Index Scan", "Parent Relationship": "Inner", "Parallel Aware": false, "Async Capable": false, "Scan Direction": "Forward", "Index Name": "users_pkey", "Relation Name": "users", "Alias": "u", "Startup Cost": 0.29, "Total Cost": 3.45, "Plan Rows": 1, "Plan Width": 4, "Actual Rows": 0, "Actual Loops": 1323, "Index Cond": "(id = p.owneruserid)", "Rows Removed by Index Recheck": 0, "Filter": "((views <= 2585) AND (creationdate >= '2011-08-21 23:50:07'::timestamp without time zone) AND (creationdate <= '2012-11-05 03:10:46'::timestamp without time zone))", "Rows Removed by Filter": 1}]}, {"Node Type": "Index Only Scan", "Parent Relationship": "Inner", "Parallel Aware": false, "Async Capable": false, "Scan Direction": "Forward", "Index Name": "idx_badges_userid", "Relation Name": "badges", "Alias": "b", "Startup Cost": 0.29, "Total Cost": 0.41, "Plan Rows": 3, "Plan Width": 4, "Actual Rows": 18, "Actual Loops": 73, "Index Cond": "(userid = u.id)", "Rows Removed by Index Recheck": 0, "Heap Fetches": 0}]}]}, "Planning Time": 0.869, "Triggers": [], "Execution Time": 9.769}, {"Plan": {"Node Type": "Aggregate", "Strategy": "Plain", "Partial Mode": "Simple", "Parallel Aware": false, "Async Capable": false, "Startup Cost": 3736.65, "Total Cost": 3736.66, "Plan Rows": 1, "Plan Width": 8, "Actual Rows": 1, "Actual Loops": 1, "Plans": [{"Node Type": "Nested Loop", "Parent Relationship": "Outer", "Parallel Aware": false, "Async Capable": false, "Join Type": "Inner", "Startup Cost": 2686.16, "Total Cost": 3736.6, "Plan Rows": 41.0, "Plan Width": 0, "Actual Rows": 1345, "Actual Loops": 1, "Inner Unique": true, "Join Filter": "(p.owneruserid = u.id)", "Rows Removed by Join Filter": 0, "Plans": [{"Node Type": "Nested Loop", "Parent Relationship": "Outer", "Parallel Aware": false, "Async Capable": false, "Join Type": "Inner", "Startup Cost": 2685.88, "Total Cost": 3013.02, "Plan Rows": 270.0, "Plan Width": 8, "Actual Rows": 67460, "Actual Loops": 1, "Inner Unique": false, "Plans": [{"Node Type": "Hash Join", "Parent Relationship": "Outer", "Parallel Aware": false, "Async Capable": false, "Join Type": "Inner", "Startup Cost": 2685.58, "Total Cost": 2933.1, "Plan Rows": 11.0, "Plan Width": 4, "Actual Rows": 1323, "Actual Loops": 1, "Inner Unique": true, "Hash Cond": "(pl.relatedpostid = p.id)", "Plans": [{"Node Type": "Seq Scan", "Parent Relationship": "Outer", "Parallel Aware": false, "Async Capable": false, "Relation Name": "postlinks", "Alias": "pl", "Startup Cost": 0.0, "Total Cost": 220.78, "Plan Rows": 10186, "Plan Width": 4, "Actual Rows": 10186, "Actual Loops": 1, "Filter": "(linktypeid = 1)", "Rows Removed by Filter": 916}, {"Node Type": "Hash", "Parent Relationship": "Inner", "Parallel Aware": false, "Async Capable": false, "Startup Cost": 2679.52, "Total Cost": 2679.52, "Plan Rows": 485, "Plan Width": 8, "Actual Rows": 466, "Actual Loops": 1, "Hash Buckets": 1024, "Original Hash Buckets": 1024, "Hash Batches": 1, "Original Hash Batches": 1, "Peak Memory Usage": 27, "Plans": [{"Node Type": "Seq Scan", "Parent Relationship": "Outer", "Parallel Aware": false, "Async Capable": false, "Relation Name": "posts", "Alias": "p", "Startup Cost": 0.0, "Total Cost": 2679.52, "Plan Rows": 485, "Plan Width": 8, "Actual Rows": 466, "Actual Loops": 1, "Filter": "((score >= 23) AND (commentcount <= 4) AND (creationdate >= '2009-10-26 17:55:52'::timestamp without time zone) AND (creationdate <= '2014-02-06 10:46:10'::timestamp without time zone))", "Rows Removed by Filter": 91510}]}]}, {"Node Type": "Index Only Scan", "Parent Relationship": "Inner", "Parallel Aware": false, "Async Capable": false, "Scan Direction": "Forward", "Index Name": "idx_badges_userid", "Relation Name": "badges", "Alias": "b", "Startup Cost": 0.29, "Total Cost": 1.45, "Plan Rows": 3, "Plan Width": 4, "Actual Rows": 51, "Actual Loops": 1323, "Index Cond": "(userid = p.owneruserid)", "Rows Removed by Index Recheck": 0, "Heap Fetches": 0}]}, {"Node Type": "Index Scan", "Parent Relationship": "Inner", "Parallel Aware": false, "Async Capable": false, "Scan Direction": "Forward", "Index Name": "users_pkey", "Relation Name": "users", "Alias": "u", "Startup Cost": 0.29, "Total Cost": 0.34, "Plan Rows": 1, "Plan Width": 4, "Actual Rows": 0, "Actual Loops": 67460, "Index Cond": "(id = b.userid)", "Rows Removed by Index Recheck": 0, "Filter": "((views <= 2585) AND (creationdate >= '2011-08-21 23:50:07'::timestamp without time zone) AND (creationdate <= '2012-11-05 03:10:46'::timestamp without time zone))", "Rows Removed by Filter": 1}]}]}, "Planning Time": 0.884, "Triggers": [], "Execution Time": 68.109}, {"Plan": {"Node Type": "Aggregate", "Strategy": "Plain", "Partial Mode": "Simple", "Parallel Aware": false, "Async Capable": false, "Startup Cost": 4712.98, "Total Cost": 4712.99, "Plan Rows": 1, "Plan Width": 8, "Actual Rows": 1, "Actual Loops": 1, "Plans": [{"Node Type": "Merge Join", "Parent Relationship": "Outer", "Parallel Aware": false, "Async Capable": false, "Join Type": "Inner", "Startup Cost": 4657.93, "Total Cost": 4712.92, "Plan Rows": 41.0, "Plan Width": 0, "Actual Rows": 1345, "Actual Loops": 1, "Inner Unique": false, "Merge Cond": "(u.id = p.owneruserid)", "Plans": [{"Node Type": "Sort", "Parent Relationship": "Outer", "Parallel Aware": false, "Async Capable": false, "Startup Cost": 1530.33, "Total Cost": 1550.64, "Plan Rows": 8125, "Plan Width": 4, "Actual Rows": 8116, "Actual Loops": 1, "Sort Key": ["u.id"], "Sort Method": "quicksort", "Sort Space Used": 193, "Sort Space Type": "Memory", "Plans": [{"Node Type": "Seq Scan", "Parent Relationship": "Outer", "Parallel Aware": false, "Async Capable": false, "Relation Name": "users", "Alias": "u", "Startup Cost": 0.0, "Total Cost": 1002.69, "Plan Rows": 8125, "Plan Width": 4, "Actual Rows": 8117, "Actual Loops": 1, "Filter": "((views <= 2585) AND (creationdate >= '2011-08-21 23:50:07'::timestamp without time zone) AND (creationdate <= '2012-11-05 03:10:46'::timestamp without time zone))", "Rows Removed by Filter": 32208}]}, {"Node Type": "Sort", "Parent Relationship": "Inner", "Parallel Aware": false, "Async Capable": false, "Startup Cost": 3127.59, "Total Cost": 3132.79, "Plan Rows": 270.0, "Plan Width": 8, "Actual Rows": 67460, "Actual Loops": 1, "Sort Key": ["p.owneruserid"], "Sort Method": "quicksort", "Sort Space Used": 5181, "Sort Space Type": "Memory", "Plans": [{"Node Type": "Nested Loop", "Parent Relationship": "Outer", "Parallel Aware": false, "Async Capable": false, "Join Type": "Inner", "Startup Cost": 2685.88, "Total Cost": 3013.02, "Plan Rows": 270.0, "Plan Width": 8, "Actual Rows": 67460, "Actual Loops": 1, "Inner Unique": false, "Plans": [{"Node Type": "Hash Join", "Parent Relationship": "Outer", "Parallel Aware": false, "Async Capable": false, "Join Type": "Inner", "Startup Cost": 2685.58, "Total Cost": 2933.1, "Plan Rows": 11.0, "Plan Width": 4, "Actual Rows": 1323, "Actual Loops": 1, "Inner Unique": true, "Hash Cond": "(pl.relatedpostid = p.id)", "Plans": [{"Node Type": "Seq Scan", "Parent Relationship": "Outer", "Parallel Aware": false, "Async Capable": false, "Relation Name": "postlinks", "Alias": "pl", "Startup Cost": 0.0, "Total Cost": 220.78, "Plan Rows": 10186, "Plan Width": 4, "Actual Rows": 10186, "Actual Loops": 1, "Filter": "(linktypeid = 1)", "Rows Removed by Filter": 916}, {"Node Type": "Hash", "Parent Relationship": "Inner", "Parallel Aware": false, "Async Capable": false, "Startup Cost": 2679.52, "Total Cost": 2679.52, "Plan Rows": 485, "Plan Width": 8, "Actual Rows": 466, "Actual Loops": 1, "Hash Buckets": 1024, "Original Hash Buckets": 1024, "Hash Batches": 1, "Original Hash Batches": 1, "Peak Memory Usage": 27, "Plans": [{"Node Type": "Seq Scan", "Parent Relationship": "Outer", "Parallel Aware": false, "Async Capable": false, "Relation Name": "posts", "Alias": "p", "Startup Cost": 0.0, "Total Cost": 2679.52, "Plan Rows": 485, "Plan Width": 8, "Actual Rows": 466, "Actual Loops": 1, "Filter": "((score >= 23) AND (commentcount <= 4) AND (creationdate >= '2009-10-26 17:55:52'::timestamp without time zone) AND (creationdate <= '2014-02-06 10:46:10'::timestamp without time zone))", "Rows Removed by Filter": 91510}]}]}, {"Node Type": "Index Only Scan", "Parent Relationship": "Inner", "Parallel Aware": false, "Async Capable": false, "Scan Direction": "Forward", "Index Name": "idx_badges_userid", "Relation Name": "badges", "Alias": "b", "Startup Cost": 0.29, "Total Cost": 1.45, "Plan Rows": 3, "Plan Width": 4, "Actual Rows": 51, "Actual Loops": 1323, "Index Cond": "(userid = p.owneruserid)", "Rows Removed by Index Recheck": 0, "Heap Fetches": 0}]}]}]}]}, "Planning Time": 1.517, "Triggers": [], "Execution Time": 37.577}, {"Plan": {"Node Type": "Aggregate", "Strategy": "Plain", "Partial Mode": "Simple", "Parallel Aware": false, "Async Capable": false, "Startup Cost": 4059.08, "Total Cost": 4059.09, "Plan Rows": 1, "Plan Width": 8, "Actual Rows": 1, "Actual Loops": 1, "Plans": [{"Node Type": "Nested Loop", "Parent Relationship": "Outer", "Parallel Aware": false, "Async Capable": false, "Join Type": "Inner", "Startup Cost": 1104.83, "Total Cost": 4059.03, "Plan Rows": 41.0, "Plan Width": 0, "Actual Rows": 1345, "Actual Loops": 1, "Inner Unique": false, "Plans": [{"Node Type": "Nested Loop", "Parent Relationship": "Outer", "Parallel Aware": false, "Async Capable": false, "Join Type": "Inner", "Startup Cost": 1104.54, "Total Cost": 3827.38, "Plan Rows": 115.0, "Plan Width": 4, "Actual Rows": 1335, "Actual Loops": 1, "Inner Unique": false, "Plans": [{"Node Type": "Hash Join", "Parent Relationship": "Outer", "Parallel Aware": false, "Async Capable": false, "Join Type": "Inner", "Startup Cost": 1104.25, "Total Cost": 3785.04, "Plan Rows": 3.0, "Plan Width": 12, "Actual Rows": 52, "Actual Loops": 1, "Inner Unique": true, "Hash Cond": "(p.owneruserid = u.id)", "Plans": [{"Node Type": "Seq Scan", "Parent Relationship": "Outer", "Parallel Aware": false, "Async Capable": false, "Relation Name": "posts", "Alias": "p", "Startup Cost": 0.0, "Total Cost": 2679.52, "Plan Rows": 485, "Plan Width": 8, "Actual Rows": 466, "Actual Loops": 1, "Filter": "((score >= 23) AND (commentcount <= 4) AND (creationdate >= '2009-10-26 17:55:52'::timestamp without time zone) AND (creationdate <= '2014-02-06 10:46:10'::timestamp without time zone))", "Rows Removed by Filter": 91510}, {"Node Type": "Hash", "Parent Relationship": "Inner", "Parallel Aware": false, "Async Capable": false, "Startup Cost": 1002.69, "Total Cost": 1002.69, "Plan Rows": 8125, "Plan Width": 4, "Actual Rows": 8117, "Actual Loops": 1, "Hash Buckets": 8192, "Original Hash Buckets": 8192, "Hash Batches": 1, "Original Hash Batches": 1, "Peak Memory Usage": 350, "Plans": [{"Node Type": "Seq Scan", "Parent Relationship": "Outer", "Parallel Aware": false, "Async Capable": false, "Relation Name": "users", "Alias": "u", "Startup Cost": 0.0, "Total Cost": 1002.69, "Plan Rows": 8125, "Plan Width": 4, "Actual Rows": 8117, "Actual Loops": 1, "Filter": "((views <= 2585) AND (creationdate >= '2011-08-21 23:50:07'::timestamp without time zone) AND (creationdate <= '2012-11-05 03:10:46'::timestamp without time zone))", "Rows Removed by Filter": 32208}]}]}, {"Node Type": "Index Only Scan", "Parent Relationship": "Inner", "Parallel Aware": false, "Async Capable": false, "Scan Direction": "Forward", "Index Name": "idx_badges_userid", "Relation Name": "badges", "Alias": "b", "Startup Cost": 0.29, "Total Cost": 0.41, "Plan Rows": 3, "Plan Width": 4, "Actual Rows": 26, "Actual Loops": 52, "Index Cond": "(userid = u.id)", "Rows Removed by Index Recheck": 0, "Heap Fetches": 0}]}, {"Node Type": "Index Scan", "Parent Relationship": "Inner", "Parallel Aware": false, "Async Capable": false, "Scan Direction": "Forward", "Index Name": "idx_postlinks_relatedpostid", "Relation Name": "postlinks", "Alias": "pl", "Startup Cost": 0.29, "Total Cost": 1.2, "Plan Rows": 2, "Plan Width": 4, "Actual Rows": 1, "Actual Loops": 1335, "Index Cond": "(relatedpostid = p.id)", "Rows Removed by Index Recheck": 0, "Filter": "(linktypeid = 1)", "Rows Removed by Filter": 0}]}]}, "Planning Time": 1.336, "Triggers": [], "Execution Time": 19.988}, {"Plan": {"Node Type": "Aggregate", "Strategy": "Plain", "Partial Mode": "Simple", "Parallel Aware": false, "Async Capable": false, "Startup Cost": 4649.71, "Total Cost": 4649.72, "Plan Rows": 1, "Plan Width": 8, "Actual Rows": 1, "Actual Loops": 1, "Plans": [{"Node Type": "Hash Join", "Parent Relationship": "Outer", "Parallel Aware": false, "Async Capable": false, "Join Type": "Inner", "Startup Cost": 3119.48, "Total Cost": 4649.65, "Plan Rows": 41.0, "Plan Width": 0, "Actual Rows": 1345, "Actual Loops": 1, "Inner Unique": false, "Hash Cond": "(b.userid = u.id)", "Plans": [{"Node Type": "Seq Scan", "Parent Relationship": "Outer", "Parallel Aware": false, "Async Capable": false, "Relation Name": "badges", "Alias": "b", "Startup Cost": 0.0, "Total Cost": 1230.51, "Plan Rows": 79851, "Plan Width": 4, "Actual Rows": 79851, "Actual Loops": 1}, {"Node Type": "Hash", "Parent Relationship": "Inner", "Parallel Aware": false, "Async Capable": false, "Startup Cost": 3119.34, "Total Cost": 3119.34, "Plan Rows": 2.0, "Plan Width": 8, "Actual Rows": 73, "Actual Loops": 1, "Hash Buckets": 1024, "Original Hash Buckets": 1024, "Hash Batches": 1, "Original Hash Batches": 1, "Peak Memory Usage": 11, "Plans": [{"Node Type": "Nested Loop", "Parent Relationship": "Outer", "Parallel Aware": false, "Async Capable": false, "Join Type": "Inner", "Startup Cost": 2685.87, "Total Cost": 3119.34, "Plan Rows": 2.0, "Plan Width": 8, "Actual Rows": 73, "Actual Loops": 1, "Inner Unique": true, "Plans": [{"Node Type": "Hash Join", "Parent Relationship": "Outer", "Parallel Aware": false, "Async Capable": false, "Join Type": "Inner", "Startup Cost": 2685.58, "Total Cost": 2933.1, "Plan Rows": 11.0, "Plan Width": 4, "Actual Rows": 1323, "Actual Loops": 1, "Inner Unique": true, "Hash Cond": "(pl.relatedpostid = p.id)", "Plans": [{"Node Type": "Seq Scan", "Parent Relationship": "Outer", "Parallel Aware": false, "Async Capable": false, "Relation Name": "postlinks", "Alias": "pl", "Startup Cost": 0.0, "Total Cost": 220.78, "Plan Rows": 10186, "Plan Width": 4, "Actual Rows": 10186, "Actual Loops": 1, "Filter": "(linktypeid = 1)", "Rows Removed by Filter": 916}, {"Node Type": "Hash", "Parent Relationship": "Inner", "Parallel Aware": false, "Async Capable": false, "Startup Cost": 2679.52, "Total Cost": 2679.52, "Plan Rows": 485, "Plan Width": 8, "Actual Rows": 466, "Actual Loops": 1, "Hash Buckets": 1024, "Original Hash Buckets": 1024, "Hash Batches": 1, "Original Hash Batches": 1, "Peak Memory Usage": 27, "Plans": [{"Node Type": "Seq Scan", "Parent Relationship": "Outer", "Parallel Aware": false, "Async Capable": false, "Relation Name": "posts", "Alias": "p", "Startup Cost": 0.0, "Total Cost": 2679.52, "Plan Rows": 485, "Plan Width": 8, "Actual Rows": 466, "Actual Loops": 1, "Filter": "((score >= 23) AND (commentcount <= 4) AND (creationdate >= '2009-10-26 17:55:52'::timestamp without time zone) AND (creationdate <= '2014-02-06 10:46:10'::timestamp without time zone))", "Rows Removed by Filter": 91510}]}]}, {"Node Type": "Index Scan", "Parent Relationship": "Inner", "Parallel Aware": false, "Async Capable": false, "Scan Direction": "Forward", "Index Name": "users_pkey", "Relation Name": "users", "Alias": "u", "Startup Cost": 0.29, "Total Cost": 3.45, "Plan Rows": 1, "Plan Width": 4, "Actual Rows": 0, "Actual Loops": 1323, "Index Cond": "(id = p.owneruserid)", "Rows Removed by Index Recheck": 0, "Filter": "((views <= 2585) AND (creationdate >= '2011-08-21 23:50:07'::timestamp without time zone) AND (creationdate <= '2012-11-05 03:10:46'::timestamp without time zone))", "Rows Removed by Filter": 1}]}]}]}]}, "Planning Time": 0.996, "Triggers": [], "Execution Time": 19.267}]