[{"Plan": {"Node Type": "Aggregate", "Strategy": "Plain", "Partial Mode": "Simple", "Parallel Aware": false, "Async Capable": false, "Startup Cost": 3040.69, "Total Cost": 3040.7, "Plan Rows": 1, "Plan Width": 8, "Actual Rows": 1, "Actual Loops": 1, "Plans": [{"Node Type": "Nested Loop", "Parent Relationship": "Outer", "Parallel Aware": false, "Async Capable": false, "Join Type": "Inner", "Startup Cost": 2682.28, "Total Cost": 3040.65, "Plan Rows": 66.0, "Plan Width": 0, "Actual Rows": 2407, "Actual Loops": 1, "Inner Unique": false, "Plans": [{"Node Type": "Nested Loop", "Parent Relationship": "Outer", "Parallel Aware": false, "Async Capable": false, "Join Type": "Inner", "Startup Cost": 2681.99, "Total Cost": 3037.4, "Plan Rows": 4.0, "Plan Width": 8, "Actual Rows": 217, "Actual Loops": 1, "Inner Unique": true, "Plans": [{"Node Type": "Hash Join", "Parent Relationship": "Outer", "Parallel Aware": false, "Async Capable": false, "Join Type": "Inner", "Startup Cost": 2681.7, "Total Cost": 2929.21, "Plan Rows": 15.0, "Plan Width": 4, "Actual Rows": 364, "Actual Loops": 1, "Inner Unique": true, "Hash Cond": "(pl.relatedpostid = p.id)", "Plans": [{"Node Type": "Seq Scan", "Parent Relationship": "Outer", "Parallel Aware": false, "Async Capable": false, "Relation Name": "postlinks", "Alias": "pl", "Startup Cost": 0.0, "Total Cost": 220.78, "Plan Rows": 10186, "Plan Width": 4, "Actual Rows": 10186, "Actual Loops": 1, "Filter": "(linktypeid = 1)", "Rows Removed by Filter": 916}, {"Node Type": "Hash", "Parent Relationship": "Inner", "Parallel Aware": false, "Async Capable": false, "Startup Cost": 2679.52, "Total Cost": 2679.52, "Plan Rows": 174, "Plan Width": 8, "Actual Rows": 74, "Actual Loops": 1, "Hash Buckets": 1024, "Original Hash Buckets": 1024, "Hash Batches": 1, "Original Hash Batches": 1, "Peak Memory Usage": 11, "Plans": [{"Node Type": "Seq Scan", "Parent Relationship": "Outer", "Parallel Aware": false, "Async Capable": false, "Relation Name": "posts", "Alias": "p", "Startup Cost": 0.0, "Total Cost": 2679.52, "Plan Rows": 174, "Plan Width": 8, "Actual Rows": 74, "Actual Loops": 1, "Filter": "((score >= 32) AND (commentcount <= 7) AND (creationdate >= '2011-08-17 08:54:04'::timestamp without time zone) AND (creationdate <= '2013-10-04 12:02:07'::timestamp without time zone))", "Rows Removed by Filter": 91902}]}]}, {"Node Type": "Index Scan", "Parent Relationship": "Inner", "Parallel Aware": false, "Async Capable": false, "Scan Direction": "Forward", "Index Name": "users_pkey", "Relation Name": "users", "Alias": "u", "Startup Cost": 0.29, "Total Cost": 5.69, "Plan Rows": 1, "Plan Width": 4, "Actual Rows": 1, "Actual Loops": 364, "Index Cond": "(id = p.owneruserid)", "Rows Removed by Index Recheck": 0, "Filter": "((views <= 3471) AND (creationdate >= '2011-06-27 03:56:58'::timestamp without time zone) AND (creationdate <= '2013-08-08 15:45:15'::timestamp without time zone))", "Rows Removed by Filter": 0}]}, {"Node Type": "Index Only Scan", "Parent Relationship": "Inner", "Parallel Aware": false, "Async Capable": false, "Scan Direction": "Forward", "Index Name": "idx_badges_userid", "Relation Name": "badges", "Alias": "b", "Startup Cost": 0.29, "Total Cost": 0.38, "Plan Rows": 3, "Plan Width": 4, "Actual Rows": 11, "Actual Loops": 217, "Index Cond": "(userid = u.id)", "Rows Removed by Index Recheck": 0, "Heap Fetches": 0}]}]}, "Planning Time": 0.819, "Triggers": [], "Execution Time": 9.351}, {"Plan": {"Node Type": "Aggregate", "Strategy": "Plain", "Partial Mode": "Simple", "Parallel Aware": false, "Async Capable": false, "Startup Cost": 6021.31, "Total Cost": 6021.32, "Plan Rows": 1, "Plan Width": 8, "Actual Rows": 1, "Actual Loops": 1, "Plans": [{"Node Type": "Hash Join", "Parent Relationship": "Outer", "Parallel Aware": false, "Async Capable": false, "Join Type": "Inner", "Startup Cost": 5773.5, "Total Cost": 6021.27, "Plan Rows": 66.0, "Plan Width": 0, "Actual Rows": 2407, "Actual Loops": 1, "Inner Unique": false, "Hash Cond": "(p.owneruserid = u.id)", "Plans": [{"Node Type": "Hash Join", "Parent Relationship": "Outer", "Parallel Aware": false, "Async Capable": false, "Join Type": "Inner", "Startup Cost": 2681.7, "Total Cost": 2929.21, "Plan Rows": 15.0, "Plan Width": 4, "Actual Rows": 364, "Actual Loops": 1, "Inner Unique": true, "Hash Cond": "(pl.relatedpostid = p.id)", "Plans": [{"Node Type": "Seq Scan", "Parent Relationship": "Outer", "Parallel Aware": false, "Async Capable": false, "Relation Name": "postlinks", "Alias": "pl", "Startup Cost": 0.0, "Total Cost": 220.78, "Plan Rows": 10186, "Plan Width": 4, "Actual Rows": 10186, "Actual Loops": 1, "Filter": "(linktypeid = 1)", "Rows Removed by Filter": 916}, {"Node Type": "Hash", "Parent Relationship": "Inner", "Parallel Aware": false, "Async Capable": false, "Startup Cost": 2679.52, "Total Cost": 2679.52, "Plan Rows": 174, "Plan Width": 8, "Actual Rows": 74, "Actual Loops": 1, "Hash Buckets": 1024, "Original Hash Buckets": 1024, "Hash Batches": 1, "Original Hash Batches": 1, "Peak Memory Usage": 11, "Plans": [{"Node Type": "Seq Scan", "Parent Relationship": "Outer", "Parallel Aware": false, "Async Capable": false, "Relation Name": "posts", "Alias": "p", "Startup Cost": 0.0, "Total Cost": 2679.52, "Plan Rows": 174, "Plan Width": 8, "Actual Rows": 74, "Actual Loops": 1, "Filter": "((score >= 32) AND (commentcount <= 7) AND (creationdate >= '2011-08-17 08:54:04'::timestamp without time zone) AND (creationdate <= '2013-10-04 12:02:07'::timestamp without time zone))", "Rows Removed by Filter": 91902}]}]}, {"Node Type": "Hash", "Parent Relationship": "Inner", "Parallel Aware": false, "Async Capable": false, "Startup Cost": 2660.59, "Total Cost": 2660.59, "Plan Rows": 3795.0, "Plan Width": 8, "Actual Rows": 38314, "Actual Loops": 1, "Hash Buckets": 65536, "Original Hash Buckets": 65536, "Hash Batches": 1, "Original Hash Batches": 1, "Peak Memory Usage": 2009, "Plans": [{"Node Type": "Hash Join", "Parent Relationship": "Outer", "Parallel Aware": false, "Async Capable": false, "Join Type": "Inner", "Startup Cost": 1220.45, "Total Cost": 2660.59, "Plan Rows": 3795.0, "Plan Width": 8, "Actual Rows": 38314, "Actual Loops": 1, "Inner Unique": true, "Hash Cond": "(b.userid = u.id)", "Plans": [{"Node Type": "Seq Scan", "Parent Relationship": "Outer", "Parallel Aware": false, "Async Capable": false, "Relation Name": "badges", "Alias": "b", "Startup Cost": 0.0, "Total Cost": 1230.51, "Plan Rows": 79851, "Plan Width": 4, "Actual Rows": 79851, "Actual Loops": 1}, {"Node Type": "Hash", "Parent Relationship": "Inner", "Parallel Aware": false, "Async Capable": false, "Startup Cost": 1002.69, "Total Cost": 1002.69, "Plan Rows": 17421, "Plan Width": 4, "Actual Rows": 17428, "Actual Loops": 1, "Hash Buckets": 32768, "Original Hash Buckets": 32768, "Hash Batches": 1, "Original Hash Batches": 1, "Peak Memory Usage": 869, "Plans": [{"Node Type": "Seq Scan", "Parent Relationship": "Outer", "Parallel Aware": false, "Async Capable": false, "Relation Name": "users", "Alias": "u", "Startup Cost": 0.0, "Total Cost": 1002.69, "Plan Rows": 17421, "Plan Width": 4, "Actual Rows": 17428, "Actual Loops": 1, "Filter": "((views <= 3471) AND (creationdate >= '2011-06-27 03:56:58'::timestamp without time zone) AND (creationdate <= '2013-08-08 15:45:15'::timestamp without time zone))", "Rows Removed by Filter": 22897}]}]}]}]}]}, "Planning Time": 1.165, "Triggers": [], "Execution Time": 46.438}, {"Plan": {"Node Type": "Aggregate", "Strategy": "Plain", "Partial Mode": "Simple", "Parallel Aware": false, "Async Capable": false, "Startup Cost": 3961.37, "Total Cost": 3961.38, "Plan Rows": 1, "Plan Width": 8, "Actual Rows": 1, "Actual Loops": 1, "Plans": [{"Node Type": "Hash Join", "Parent Relationship": "Outer", "Parallel Aware": false, "Async Capable": false, "Join Type": "Inner", "Startup Cost": 3702.19, "Total Cost": 3961.33, "Plan Rows": 66.0, "Plan Width": 0, "Actual Rows": 2407, "Actual Loops": 1, "Inner Unique": false, "Hash Cond": "(pl.relatedpostid = p.id)", "Plans": [{"Node Type": "Seq Scan", "Parent Relationship": "Outer", "Parallel Aware": false, "Async Capable": false, "Relation Name": "postlinks", "Alias": "pl", "Startup Cost": 0.0, "Total Cost": 220.78, "Plan Rows": 10186, "Plan Width": 4, "Actual Rows": 10186, "Actual Loops": 1, "Filter": "(linktypeid = 1)", "Rows Removed by Filter": 916}, {"Node Type": "Hash", "Parent Relationship": "Inner", "Parallel Aware": false, "Async Capable": false, "Startup Cost": 3700.36, "Total Cost": 3700.36, "Plan Rows": 140.0, "Plan Width": 4, "Actual Rows": 1058, "Actual Loops": 1, "Hash Buckets": 2048, "Original Hash Buckets": 1024, "Hash Batches": 1, "Original Hash Batches": 1, "Peak Memory Usage": 54, "Plans": [{"Node Type": "Nested Loop", "Parent Relationship": "Outer", "Parallel Aware": false, "Async Capable": false, "Join Type": "Inner", "Startup Cost": 0.58, "Total Cost": 3700.36, "Plan Rows": 140.0, "Plan Width": 4, "Actual Rows": 1058, "Actual Loops": 1, "Inner Unique": false, "Plans": [{"Node Type": "Nested Loop", "Parent Relationship": "Outer", "Parallel Aware": false, "Async Capable": false, "Join Type": "Inner", "Startup Cost": 0.29, "Total Cost": 3670.33, "Plan Rows": 5.0, "Plan Width": 12, "Actual Rows": 30, "Actual Loops": 1, "Inner Unique": true, "Plans": [{"Node Type": "Seq Scan", "Parent Relationship": "Outer", "Parallel Aware": false, "Async Capable": false, "Relation Name": "posts", "Alias": "p", "Startup Cost": 0.0, "Total Cost": 2679.52, "Plan Rows": 174, "Plan Width": 8, "Actual Rows": 74, "Actual Loops": 1, "Filter": "((score >= 32) AND (commentcount <= 7) AND (creationdate >= '2011-08-17 08:54:04'::timestamp without time zone) AND (creationdate <= '2013-10-04 12:02:07'::timestamp without time zone))", "Rows Removed by Filter": 91902}, {"Node Type": "Index Scan", "Parent Relationship": "Inner", "Parallel Aware": false, "Async Capable": false, "Scan Direction": "Forward", "Index Name": "users_pkey", "Relation Name": "users", "Alias": "u", "Startup Cost": 0.29, "Total Cost": 5.69, "Plan Rows": 1, "Plan Width": 4, "Actual Rows": 0, "Actual Loops": 74, "Index Cond": "(id = p.owneruserid)", "Rows Removed by Index Recheck": 0, "Filter": "((views <= 3471) AND (creationdate >= '2011-06-27 03:56:58'::timestamp without time zone) AND (creationdate <= '2013-08-08 15:45:15'::timestamp without time zone))", "Rows Removed by Filter": 1}]}, {"Node Type": "Index Only Scan", "Parent Relationship": "Inner", "Parallel Aware": false, "Async Capable": false, "Scan Direction": "Forward", "Index Name": "idx_badges_userid", "Relation Name": "badges", "Alias": "b", "Startup Cost": 0.29, "Total Cost": 0.38, "Plan Rows": 3, "Plan Width": 4, "Actual Rows": 35, "Actual Loops": 30, "Index Cond": "(userid = u.id)", "Rows Removed by Index Recheck": 0, "Heap Fetches": 0}]}]}]}]}, "Planning Time": 0.968, "Triggers": [], "Execution Time": 9.174}, {"Plan": {"Node Type": "Aggregate", "Strategy": "Plain", "Partial Mode": "Simple", "Parallel Aware": false, "Async Capable": false, "Startup Cost": 6495.78, "Total Cost": 6495.79, "Plan Rows": 1, "Plan Width": 8, "Actual Rows": 1, "Actual Loops": 1, "Plans": [{"Node Type": "Hash Join", "Parent Relationship": "Outer", "Parallel Aware": false, "Async Capable": false, "Join Type": "Inner", "Startup Cost": 4149.9, "Total Cost": 6495.74, "Plan Rows": 66.0, "Plan Width": 0, "Actual Rows": 2407, "Actual Loops": 1, "Inner Unique": false, "Hash Cond": "(u.id = p.owneruserid)", "Plans": [{"Node Type": "Hash Join", "Parent Relationship": "Outer", "Parallel Aware": false, "Async Capable": false, "Join Type": "Inner", "Startup Cost": 1220.45, "Total Cost": 2660.59, "Plan Rows": 3795.0, "Plan Width": 8, "Actual Rows": 38314, "Actual Loops": 1, "Inner Unique": true, "Hash Cond": "(b.userid = u.id)", "Plans": [{"Node Type": "Seq Scan", "Parent Relationship": "Outer", "Parallel Aware": false, "Async Capable": false, "Relation Name": "badges", "Alias": "b", "Startup Cost": 0.0, "Total Cost": 1230.51, "Plan Rows": 79851, "Plan Width": 4, "Actual Rows": 79851, "Actual Loops": 1}, {"Node Type": "Hash", "Parent Relationship": "Inner", "Parallel Aware": false, "Async Capable": false, "Startup Cost": 1002.69, "Total Cost": 1002.69, "Plan Rows": 17421, "Plan Width": 4, "Actual Rows": 17428, "Actual Loops": 1, "Hash Buckets": 32768, "Original Hash Buckets": 32768, "Hash Batches": 1, "Original Hash Batches": 1, "Peak Memory Usage": 869, "Plans": [{"Node Type": "Seq Scan", "Parent Relationship": "Outer", "Parallel Aware": false, "Async Capable": false, "Relation Name": "users", "Alias": "u", "Startup Cost": 0.0, "Total Cost": 1002.69, "Plan Rows": 17421, "Plan Width": 4, "Actual Rows": 17428, "Actual Loops": 1, "Filter": "((views <= 3471) AND (creationdate >= '2011-06-27 03:56:58'::timestamp without time zone) AND (creationdate <= '2013-08-08 15:45:15'::timestamp without time zone))", "Rows Removed by Filter": 22897}]}]}, {"Node Type": "Hash", "Parent Relationship": "Inner", "Parallel Aware": false, "Async Capable": false, "Startup Cost": 2929.21, "Total Cost": 2929.21, "Plan Rows": 15.0, "Plan Width": 4, "Actual Rows": 364, "Actual Loops": 1, "Hash Buckets": 1024, "Original Hash Buckets": 1024, "Hash Batches": 1, "Original Hash Batches": 1, "Peak Memory Usage": 21, "Plans": [{"Node Type": "Hash Join", "Parent Relationship": "Outer", "Parallel Aware": false, "Async Capable": false, "Join Type": "Inner", "Startup Cost": 2681.7, "Total Cost": 2929.21, "Plan Rows": 15.0, "Plan Width": 4, "Actual Rows": 364, "Actual Loops": 1, "Inner Unique": true, "Hash Cond": "(pl.relatedpostid = p.id)", "Plans": [{"Node Type": "Seq Scan", "Parent Relationship": "Outer", "Parallel Aware": false, "Async Capable": false, "Relation Name": "postlinks", "Alias": "pl", "Startup Cost": 0.0, "Total Cost": 220.78, "Plan Rows": 10186, "Plan Width": 4, "Actual Rows": 10186, "Actual Loops": 1, "Filter": "(linktypeid = 1)", "Rows Removed by Filter": 916}, {"Node Type": "Hash", "Parent Relationship": "Inner", "Parallel Aware": false, "Async Capable": false, "Startup Cost": 2679.52, "Total Cost": 2679.52, "Plan Rows": 174, "Plan Width": 8, "Actual Rows": 74, "Actual Loops": 1, "Hash Buckets": 1024, "Original Hash Buckets": 1024, "Hash Batches": 1, "Original Hash Batches": 1, "Peak Memory Usage": 11, "Plans": [{"Node Type": "Seq Scan", "Parent Relationship": "Outer", "Parallel Aware": false, "Async Capable": false, "Relation Name": "posts", "Alias": "p", "Startup Cost": 0.0, "Total Cost": 2679.52, "Plan Rows": 174, "Plan Width": 8, "Actual Rows": 74, "Actual Loops": 1, "Filter": "((score >= 32) AND (commentcount <= 7) AND (creationdate >= '2011-08-17 08:54:04'::timestamp without time zone) AND (creationdate <= '2013-10-04 12:02:07'::timestamp without time zone))", "Rows Removed by Filter": 91902}]}]}]}]}]}, "Planning Time": 1.112, "Triggers": [], "Execution Time": 32.557}, {"Plan": {"Node Type": "Aggregate", "Strategy": "Plain", "Partial Mode": "Simple", "Parallel Aware": false, "Async Capable": false, "Startup Cost": 3040.69, "Total Cost": 3040.7, "Plan Rows": 1, "Plan Width": 8, "Actual Rows": 1, "Actual Loops": 1, "Plans": [{"Node Type": "Nested Loop", "Parent Relationship": "Outer", "Parallel Aware": false, "Async Capable": false, "Join Type": "Inner", "Startup Cost": 2682.28, "Total Cost": 3040.65, "Plan Rows": 66.0, "Plan Width": 0, "Actual Rows": 2407, "Actual Loops": 1, "Inner Unique": false, "Plans": [{"Node Type": "Nested Loop", "Parent Relationship": "Outer", "Parallel Aware": false, "Async Capable": false, "Join Type": "Inner", "Startup Cost": 2681.99, "Total Cost": 3037.4, "Plan Rows": 4.0, "Plan Width": 8, "Actual Rows": 217, "Actual Loops": 1, "Inner Unique": true, "Plans": [{"Node Type": "Hash Join", "Parent Relationship": "Outer", "Parallel Aware": false, "Async Capable": false, "Join Type": "Inner", "Startup Cost": 2681.7, "Total Cost": 2929.21, "Plan Rows": 15.0, "Plan Width": 4, "Actual Rows": 364, "Actual Loops": 1, "Inner Unique": true, "Hash Cond": "(pl.relatedpostid = p.id)", "Plans": [{"Node Type": "Seq Scan", "Parent Relationship": "Outer", "Parallel Aware": false, "Async Capable": false, "Relation Name": "postlinks", "Alias": "pl", "Startup Cost": 0.0, "Total Cost": 220.78, "Plan Rows": 10186, "Plan Width": 4, "Actual Rows": 10186, "Actual Loops": 1, "Filter": "(linktypeid = 1)", "Rows Removed by Filter": 916}, {"Node Type": "Hash", "Parent Relationship": "Inner", "Parallel Aware": false, "Async Capable": false, "Startup Cost": 2679.52, "Total Cost": 2679.52, "Plan Rows": 174, "Plan Width": 8, "Actual Rows": 74, "Actual Loops": 1, "Hash Buckets": 1024, "Original Hash Buckets": 1024, "Hash Batches": 1, "Original Hash Batches": 1, "Peak Memory Usage": 11, "Plans": [{"Node Type": "Seq Scan", "Parent Relationship": "Outer", "Parallel Aware": false, "Async Capable": false, "Relation Name": "posts", "Alias": "p", "Startup Cost": 0.0, "Total Cost": 2679.52, "Plan Rows": 174, "Plan Width": 8, "Actual Rows": 74, "Actual Loops": 1, "Filter": "((score >= 32) AND (commentcount <= 7) AND (creationdate >= '2011-08-17 08:54:04'::timestamp without time zone) AND (creationdate <= '2013-10-04 12:02:07'::timestamp without time zone))", "Rows Removed by Filter": 91902}]}]}, {"Node Type": "Index Scan", "Parent Relationship": "Inner", "Parallel Aware": false, "Async Capable": false, "Scan Direction": "Forward", "Index Name": "users_pkey", "Relation Name": "users", "Alias": "u", "Startup Cost": 0.29, "Total Cost": 5.69, "Plan Rows": 1, "Plan Width": 4, "Actual Rows": 1, "Actual Loops": 364, "Index Cond": "(id = p.owneruserid)", "Rows Removed by Index Recheck": 0, "Filter": "((views <= 3471) AND (creationdate >= '2011-06-27 03:56:58'::timestamp without time zone) AND (creationdate <= '2013-08-08 15:45:15'::timestamp without time zone))", "Rows Removed by Filter": 0}]}, {"Node Type": "Index Only Scan", "Parent Relationship": "Inner", "Parallel Aware": false, "Async Capable": false, "Scan Direction": "Forward", "Index Name": "idx_badges_userid", "Relation Name": "badges", "Alias": "b", "Startup Cost": 0.29, "Total Cost": 0.38, "Plan Rows": 3, "Plan Width": 4, "Actual Rows": 11, "Actual Loops": 217, "Index Cond": "(userid = u.id)", "Rows Removed by Index Recheck": 0, "Heap Fetches": 0}]}]}, "Planning Time": 0.877, "Triggers": [], "Execution Time": 8.897}, {"Plan": {"Node Type": "Aggregate", "Strategy": "Plain", "Partial Mode": "Simple", "Parallel Aware": false, "Async Capable": false, "Startup Cost": 3237.44, "Total Cost": 3237.45, "Plan Rows": 1, "Plan Width": 8, "Actual Rows": 1, "Actual Loops": 1, "Plans": [{"Node Type": "Nested Loop", "Parent Relationship": "Outer", "Parallel Aware": false, "Async Capable": false, "Join Type": "Inner", "Startup Cost": 2682.28, "Total Cost": 3237.4, "Plan Rows": 66.0, "Plan Width": 0, "Actual Rows": 2407, "Actual Loops": 1, "Inner Unique": true, "Join Filter": "(p.owneruserid = u.id)", "Rows Removed by Join Filter": 0, "Plans": [{"Node Type": "Nested Loop", "Parent Relationship": "Outer", "Parallel Aware": false, "Async Capable": false, "Join Type": "Inner", "Startup Cost": 2681.99, "Total Cost": 2982.63, "Plan Rows": 349.0, "Plan Width": 8, "Actual Rows": 9839, "Actual Loops": 1, "Inner Unique": false, "Plans": [{"Node Type": "Hash Join", "Parent Relationship": "Outer", "Parallel Aware": false, "Async Capable": false, "Join Type": "Inner", "Startup Cost": 2681.7, "Total Cost": 2929.21, "Plan Rows": 15.0, "Plan Width": 4, "Actual Rows": 364, "Actual Loops": 1, "Inner Unique": true, "Hash Cond": "(pl.relatedpostid = p.id)", "Plans": [{"Node Type": "Seq Scan", "Parent Relationship": "Outer", "Parallel Aware": false, "Async Capable": false, "Relation Name": "postlinks", "Alias": "pl", "Startup Cost": 0.0, "Total Cost": 220.78, "Plan Rows": 10186, "Plan Width": 4, "Actual Rows": 10186, "Actual Loops": 1, "Filter": "(linktypeid = 1)", "Rows Removed by Filter": 916}, {"Node Type": "Hash", "Parent Relationship": "Inner", "Parallel Aware": false, "Async Capable": false, "Startup Cost": 2679.52, "Total Cost": 2679.52, "Plan Rows": 174, "Plan Width": 8, "Actual Rows": 74, "Actual Loops": 1, "Hash Buckets": 1024, "Original Hash Buckets": 1024, "Hash Batches": 1, "Original Hash Batches": 1, "Peak Memory Usage": 11, "Plans": [{"Node Type": "Seq Scan", "Parent Relationship": "Outer", "Parallel Aware": false, "Async Capable": false, "Relation Name": "posts", "Alias": "p", "Startup Cost": 0.0, "Total Cost": 2679.52, "Plan Rows": 174, "Plan Width": 8, "Actual Rows": 74, "Actual Loops": 1, "Filter": "((score >= 32) AND (commentcount <= 7) AND (creationdate >= '2011-08-17 08:54:04'::timestamp without time zone) AND (creationdate <= '2013-10-04 12:02:07'::timestamp without time zone))", "Rows Removed by Filter": 91902}]}]}, {"Node Type": "Index Only Scan", "Parent Relationship": "Inner", "Parallel Aware": false, "Async Capable": false, "Scan Direction": "Forward", "Index Name": "idx_badges_userid", "Relation Name": "badges", "Alias": "b", "Startup Cost": 0.29, "Total Cost": 2.78, "Plan Rows": 3, "Plan Width": 4, "Actual Rows": 27, "Actual Loops": 364, "Index Cond": "(userid = p.owneruserid)", "Rows Removed by Index Recheck": 0, "Heap Fetches": 0}]}, {"Node Type": "Index Scan", "Parent Relationship": "Inner", "Parallel Aware": false, "Async Capable": false, "Scan Direction": "Forward", "Index Name": "users_pkey", "Relation Name": "users", "Alias": "u", "Startup Cost": 0.29, "Total Cost": 0.34, "Plan Rows": 1, "Plan Width": 4, "Actual Rows": 0, "Actual Loops": 9839, "Index Cond": "(id = b.userid)", "Rows Removed by Index Recheck": 0, "Filter": "((views <= 3471) AND (creationdate >= '2011-06-27 03:56:58'::timestamp without time zone) AND (creationdate <= '2013-08-08 15:45:15'::timestamp without time zone))", "Rows Removed by Filter": 1}]}]}, "Planning Time": 0.841, "Triggers": [], "Execution Time": 17.011}, {"Plan": {"Node Type": "Aggregate", "Strategy": "Plain", "Partial Mode": "Simple", "Parallel Aware": false, "Async Capable": false, "Startup Cost": 4727.37, "Total Cost": 4727.38, "Plan Rows": 1, "Plan Width": 8, "Actual Rows": 1, "Actual Loops": 1, "Plans": [{"Node Type": "Merge Join", "Parent Relationship": "Outer", "Parallel Aware": false, "Async Capable": false, "Join Type": "Inner", "Startup Cost": 3017.75, "Total Cost": 4727.33, "Plan Rows": 66.0, "Plan Width": 0, "Actual Rows": 2407, "Actual Loops": 1, "Inner Unique": false, "Merge Cond": "(u.id = p.owneruserid)", "Plans": [{"Node Type": "Index Scan", "Parent Relationship": "Outer", "Parallel Aware": false, "Async Capable": false, "Scan Direction": "Forward", "Index Name": "users_pkey", "Relation Name": "users", "Alias": "u", "Startup Cost": 0.29, "Total Cost": 1659.6, "Plan Rows": 17421, "Plan Width": 4, "Actual Rows": 12273, "Actual Loops": 1, "Filter": "((views <= 3471) AND (creationdate >= '2011-06-27 03:56:58'::timestamp without time zone) AND (creationdate <= '2013-08-08 15:45:15'::timestamp without time zone))", "Rows Removed by Filter": 3475}, {"Node Type": "Sort", "Parent Relationship": "Inner", "Parallel Aware": false, "Async Capable": false, "Startup Cost": 3017.46, "Total Cost": 3019.29, "Plan Rows": 349.0, "Plan Width": 8, "Actual Rows": 9839, "Actual Loops": 1, "Sort Key": ["p.owneruserid"], "Sort Method": "quicksort", "Sort Space Used": 692, "Sort Space Type": "Memory", "Plans": [{"Node Type": "Nested Loop", "Parent Relationship": "Outer", "Parallel Aware": false, "Async Capable": false, "Join Type": "Inner", "Startup Cost": 2681.99, "Total Cost": 2982.63, "Plan Rows": 349.0, "Plan Width": 8, "Actual Rows": 9839, "Actual Loops": 1, "Inner Unique": false, "Plans": [{"Node Type": "Hash Join", "Parent Relationship": "Outer", "Parallel Aware": false, "Async Capable": false, "Join Type": "Inner", "Startup Cost": 2681.7, "Total Cost": 2929.21, "Plan Rows": 15.0, "Plan Width": 4, "Actual Rows": 364, "Actual Loops": 1, "Inner Unique": true, "Hash Cond": "(pl.relatedpostid = p.id)", "Plans": [{"Node Type": "Seq Scan", "Parent Relationship": "Outer", "Parallel Aware": false, "Async Capable": false, "Relation Name": "postlinks", "Alias": "pl", "Startup Cost": 0.0, "Total Cost": 220.78, "Plan Rows": 10186, "Plan Width": 4, "Actual Rows": 10186, "Actual Loops": 1, "Filter": "(linktypeid = 1)", "Rows Removed by Filter": 916}, {"Node Type": "Hash", "Parent Relationship": "Inner", "Parallel Aware": false, "Async Capable": false, "Startup Cost": 2679.52, "Total Cost": 2679.52, "Plan Rows": 174, "Plan Width": 8, "Actual Rows": 74, "Actual Loops": 1, "Hash Buckets": 1024, "Original Hash Buckets": 1024, "Hash Batches": 1, "Original Hash Batches": 1, "Peak Memory Usage": 11, "Plans": [{"Node Type": "Seq Scan", "Parent Relationship": "Outer", "Parallel Aware": false, "Async Capable": false, "Relation Name": "posts", "Alias": "p", "Startup Cost": 0.0, "Total Cost": 2679.52, "Plan Rows": 174, "Plan Width": 8, "Actual Rows": 74, "Actual Loops": 1, "Filter": "((score >= 32) AND (commentcount <= 7) AND (creationdate >= '2011-08-17 08:54:04'::timestamp without time zone) AND (creationdate <= '2013-10-04 12:02:07'::timestamp without time zone))", "Rows Removed by Filter": 91902}]}]}, {"Node Type": "Index Only Scan", "Parent Relationship": "Inner", "Parallel Aware": false, "Async Capable": false, "Scan Direction": "Forward", "Index Name": "idx_badges_userid", "Relation Name": "badges", "Alias": "b", "Startup Cost": 0.29, "Total Cost": 2.78, "Plan Rows": 3, "Plan Width": 4, "Actual Rows": 27, "Actual Loops": 364, "Index Cond": "(userid = p.owneruserid)", "Rows Removed by Index Recheck": 0, "Heap Fetches": 0}]}]}]}]}, "Planning Time": 0.88, "Triggers": [], "Execution Time": 13.584}, {"Plan": {"Node Type": "Aggregate", "Strategy": "Plain", "Partial Mode": "Simple", "Parallel Aware": false, "Async Capable": false, "Startup Cost": 4066.66, "Total Cost": 4066.67, "Plan Rows": 1, "Plan Width": 8, "Actual Rows": 1, "Actual Loops": 1, "Plans": [{"Node Type": "Hash Join", "Parent Relationship": "Outer", "Parallel Aware": false, "Async Capable": false, "Join Type": "Inner", "Startup Cost": 348.68, "Total Cost": 4066.62, "Plan Rows": 66.0, "Plan Width": 0, "Actual Rows": 2407, "Actual Loops": 1, "Inner Unique": false, "Hash Cond": "(p.id = pl.relatedpostid)", "Plans": [{"Node Type": "Nested Loop", "Parent Relationship": "Outer", "Parallel Aware": false, "Async Capable": false, "Join Type": "Inner", "Startup Cost": 0.58, "Total Cost": 3700.36, "Plan Rows": 140.0, "Plan Width": 4, "Actual Rows": 1058, "Actual Loops": 1, "Inner Unique": false, "Plans": [{"Node Type": "Nested Loop", "Parent Relationship": "Outer", "Parallel Aware": false, "Async Capable": false, "Join Type": "Inner", "Startup Cost": 0.29, "Total Cost": 3670.33, "Plan Rows": 5.0, "Plan Width": 12, "Actual Rows": 30, "Actual Loops": 1, "Inner Unique": true, "Plans": [{"Node Type": "Seq Scan", "Parent Relationship": "Outer", "Parallel Aware": false, "Async Capable": false, "Relation Name": "posts", "Alias": "p", "Startup Cost": 0.0, "Total Cost": 2679.52, "Plan Rows": 174, "Plan Width": 8, "Actual Rows": 74, "Actual Loops": 1, "Filter": "((score >= 32) AND (commentcount <= 7) AND (creationdate >= '2011-08-17 08:54:04'::timestamp without time zone) AND (creationdate <= '2013-10-04 12:02:07'::timestamp without time zone))", "Rows Removed by Filter": 91902}, {"Node Type": "Index Scan", "Parent Relationship": "Inner", "Parallel Aware": false, "Async Capable": false, "Scan Direction": "Forward", "Index Name": "users_pkey", "Relation Name": "users", "Alias": "u", "Startup Cost": 0.29, "Total Cost": 5.69, "Plan Rows": 1, "Plan Width": 4, "Actual Rows": 0, "Actual Loops": 74, "Index Cond": "(id = p.owneruserid)", "Rows Removed by Index Recheck": 0, "Filter": "((views <= 3471) AND (creationdate >= '2011-06-27 03:56:58'::timestamp without time zone) AND (creationdate <= '2013-08-08 15:45:15'::timestamp without time zone))", "Rows Removed by Filter": 1}]}, {"Node Type": "Index Only Scan", "Parent Relationship": "Inner", "Parallel Aware": false, "Async Capable": false, "Scan Direction": "Forward", "Index Name": "idx_badges_userid", "Relation Name": "badges", "Alias": "b", "Startup Cost": 0.29, "Total Cost": 0.38, "Plan Rows": 3, "Plan Width": 4, "Actual Rows": 35, "Actual Loops": 30, "Index Cond": "(userid = u.id)", "Rows Removed by Index Recheck": 0, "Heap Fetches": 0}]}, {"Node Type": "Hash", "Parent Relationship": "Inner", "Parallel Aware": false, "Async Capable": false, "Startup Cost": 220.78, "Total Cost": 220.78, "Plan Rows": 10186, "Plan Width": 4, "Actual Rows": 10186, "Actual Loops": 1, "Hash Buckets": 16384, "Original Hash Buckets": 16384, "Hash Batches": 1, "Original Hash Batches": 1, "Peak Memory Usage": 487, "Plans": [{"Node Type": "Seq Scan", "Parent Relationship": "Outer", "Parallel Aware": false, "Async Capable": false, "Relation Name": "postlinks", "Alias": "pl", "Startup Cost": 0.0, "Total Cost": 220.78, "Plan Rows": 10186, "Plan Width": 4, "Actual Rows": 10186, "Actual Loops": 1, "Filter": "(linktypeid = 1)", "Rows Removed by Filter": 916}]}]}]}, "Planning Time": 0.822, "Triggers": [], "Execution Time": 8.83}, {"Plan": {"Node Type": "Aggregate", "Strategy": "Plain", "Partial Mode": "Simple", "Parallel Aware": false, "Async Capable": false, "Startup Cost": 4567.65, "Total Cost": 4567.66, "Plan Rows": 1, "Plan Width": 8, "Actual Rows": 1, "Actual Loops": 1, "Plans": [{"Node Type": "Hash Join", "Parent Relationship": "Outer", "Parallel Aware": false, "Async Capable": false, "Join Type": "Inner", "Startup Cost": 3037.5, "Total Cost": 4567.61, "Plan Rows": 66.0, "Plan Width": 0, "Actual Rows": 2407, "Actual Loops": 1, "Inner Unique": false, "Hash Cond": "(b.userid = u.id)", "Plans": [{"Node Type": "Seq Scan", "Parent Relationship": "Outer", "Parallel Aware": false, "Async Capable": false, "Relation Name": "badges", "Alias": "b", "Startup Cost": 0.0, "Total Cost": 1230.51, "Plan Rows": 79851, "Plan Width": 4, "Actual Rows": 79851, "Actual Loops": 1}, {"Node Type": "Hash", "Parent Relationship": "Inner", "Parallel Aware": false, "Async Capable": false, "Startup Cost": 3037.4, "Total Cost": 3037.4, "Plan Rows": 4.0, "Plan Width": 8, "Actual Rows": 217, "Actual Loops": 1, "Hash Buckets": 1024, "Original Hash Buckets": 1024, "Hash Batches": 1, "Original Hash Batches": 1, "Peak Memory Usage": 17, "Plans": [{"Node Type": "Nested Loop", "Parent Relationship": "Outer", "Parallel Aware": false, "Async Capable": false, "Join Type": "Inner", "Startup Cost": 2681.99, "Total Cost": 3037.4, "Plan Rows": 4.0, "Plan Width": 8, "Actual Rows": 217, "Actual Loops": 1, "Inner Unique": true, "Plans": [{"Node Type": "Hash Join", "Parent Relationship": "Outer", "Parallel Aware": false, "Async Capable": false, "Join Type": "Inner", "Startup Cost": 2681.7, "Total Cost": 2929.21, "Plan Rows": 15.0, "Plan Width": 4, "Actual Rows": 364, "Actual Loops": 1, "Inner Unique": true, "Hash Cond": "(pl.relatedpostid = p.id)", "Plans": [{"Node Type": "Seq Scan", "Parent Relationship": "Outer", "Parallel Aware": false, "Async Capable": false, "Relation Name": "postlinks", "Alias": "pl", "Startup Cost": 0.0, "Total Cost": 220.78, "Plan Rows": 10186, "Plan Width": 4, "Actual Rows": 10186, "Actual Loops": 1, "Filter": "(linktypeid = 1)", "Rows Removed by Filter": 916}, {"Node Type": "Hash", "Parent Relationship": "Inner", "Parallel Aware": false, "Async Capable": false, "Startup Cost": 2679.52, "Total Cost": 2679.52, "Plan Rows": 174, "Plan Width": 8, "Actual Rows": 74, "Actual Loops": 1, "Hash Buckets": 1024, "Original Hash Buckets": 1024, "Hash Batches": 1, "Original Hash Batches": 1, "Peak Memory Usage": 11, "Plans": [{"Node Type": "Seq Scan", "Parent Relationship": "Outer", "Parallel Aware": false, "Async Capable": false, "Relation Name": "posts", "Alias": "p", "Startup Cost": 0.0, "Total Cost": 2679.52, "Plan Rows": 174, "Plan Width": 8, "Actual Rows": 74, "Actual Loops": 1, "Filter": "((score >= 32) AND (commentcount <= 7) AND (creationdate >= '2011-08-17 08:54:04'::timestamp without time zone) AND (creationdate <= '2013-10-04 12:02:07'::timestamp without time zone))", "Rows Removed by Filter": 91902}]}]}, {"Node Type": "Index Scan", "Parent Relationship": "Inner", "Parallel Aware": false, "Async Capable": false, "Scan Direction": "Forward", "Index Name": "users_pkey", "Relation Name": "users", "Alias": "u", "Startup Cost": 0.29, "Total Cost": 5.69, "Plan Rows": 1, "Plan Width": 4, "Actual Rows": 1, "Actual Loops": 364, "Index Cond": "(id = p.owneruserid)", "Rows Removed by Index Recheck": 0, "Filter": "((views <= 3471) AND (creationdate >= '2011-06-27 03:56:58'::timestamp without time zone) AND (creationdate <= '2013-08-08 15:45:15'::timestamp without time zone))", "Rows Removed by Filter": 0}]}]}]}]}, "Planning Time": 0.919, "Triggers": [], "Execution Time": 17.032}]