[{"Plan": {"Node Type": "Aggregate", "Strategy": "Plain", "Partial Mode": "Simple", "Parallel Aware": false, "Async Capable": false, "Startup Cost": 3548.39, "Total Cost": 3548.4, "Plan Rows": 1, "Plan Width": 8, "Actual Rows": 1, "Actual Loops": 1, "Plans": [{"Node Type": "Nested Loop", "Parent Relationship": "Outer", "Parallel Aware": false, "Async Capable": false, "Join Type": "Inner", "Startup Cost": 0.29, "Total Cost": 3548.17, "Plan Rows": 1218.0, "Plan Width": 0, "Actual Rows": 30, "Actual Loops": 1, "Inner Unique": false, "Plans": [{"Node Type": "Seq Scan", "Parent Relationship": "Outer", "Parallel Aware": false, "Async Capable": false, "Relation Name": "comments", "Alias": "c", "Startup Cost": 0.0, "Total Cost": 3522.81, "Plan Rows": 2, "Plan Width": 4, "Actual Rows": 1, "Actual Loops": 1, "Filter": "(score = 27)", "Rows Removed by Filter": 174304}, {"Node Type": "Index Scan", "Parent Relationship": "Inner", "Parallel Aware": false, "Async Capable": false, "Scan Direction": "Forward", "Index Name": "idx_badges_userid", "Relation Name": "badges", "Alias": "b", "Startup Cost": 0.29, "Total Cost": 12.66, "Plan Rows": 2, "Plan Width": 4, "Actual Rows": 30, "Actual Loops": 1, "Index Cond": "(userid = c.userid)", "Rows Removed by Index Recheck": 0, "Filter": "(date <= '2013-05-11 11:52:24'::timestamp without time zone)", "Rows Removed by Filter": 4}]}]}, "Planning Time": 0.56, "Triggers": [], "Execution Time": 15.159}, {"Plan": {"Node Type": "Aggregate", "Strategy": "Plain", "Partial Mode": "Simple", "Parallel Aware": false, "Async Capable": false, "Startup Cost": 3548.39, "Total Cost": 3548.4, "Plan Rows": 1, "Plan Width": 8, "Actual Rows": 1, "Actual Loops": 1, "Plans": [{"Node Type": "Nested Loop", "Parent Relationship": "Outer", "Parallel Aware": false, "Async Capable": false, "Join Type": "Inner", "Startup Cost": 0.29, "Total Cost": 3548.17, "Plan Rows": 1218.0, "Plan Width": 0, "Actual Rows": 30, "Actual Loops": 1, "Inner Unique": false, "Plans": [{"Node Type": "Seq Scan", "Parent Relationship": "Outer", "Parallel Aware": false, "Async Capable": false, "Relation Name": "comments", "Alias": "c", "Startup Cost": 0.0, "Total Cost": 3522.81, "Plan Rows": 2, "Plan Width": 4, "Actual Rows": 1, "Actual Loops": 1, "Filter": "(score = 27)", "Rows Removed by Filter": 174304}, {"Node Type": "Index Scan", "Parent Relationship": "Inner", "Parallel Aware": false, "Async Capable": false, "Scan Direction": "Forward", "Index Name": "idx_badges_userid", "Relation Name": "badges", "Alias": "b", "Startup Cost": 0.29, "Total Cost": 12.66, "Plan Rows": 2, "Plan Width": 4, "Actual Rows": 30, "Actual Loops": 1, "Index Cond": "(userid = c.userid)", "Rows Removed by Index Recheck": 0, "Filter": "(date <= '2013-05-11 11:52:24'::timestamp without time zone)", "Rows Removed by Filter": 4}]}]}, "Planning Time": 0.631, "Triggers": [], "Execution Time": 12.416}, {"Plan": {"Node Type": "Aggregate", "Strategy": "Plain", "Partial Mode": "Simple", "Parallel Aware": false, "Async Capable": false, "Startup Cost": 5146.65, "Total Cost": 5146.66, "Plan Rows": 1, "Plan Width": 8, "Actual Rows": 1, "Actual Loops": 1, "Plans": [{"Node Type": "Hash Join", "Parent Relationship": "Outer", "Parallel Aware": false, "Async Capable": false, "Join Type": "Inner", "Startup Cost": 3522.84, "Total Cost": 5146.43, "Plan Rows": 1218.0, "Plan Width": 0, "Actual Rows": 30, "Actual Loops": 1, "Inner Unique": false, "Hash Cond": "(b.userid = c.userid)", "Plans": [{"Node Type": "Seq Scan", "Parent Relationship": "Outer", "Parallel Aware": false, "Async Capable": false, "Relation Name": "badges", "Alias": "b", "Startup Cost": 0.0, "Total Cost": 1430.14, "Plan Rows": 38519, "Plan Width": 4, "Actual Rows": 38522, "Actual Loops": 1, "Filter": "(date <= '2013-05-11 11:52:24'::timestamp without time zone)", "Rows Removed by Filter": 41329}, {"Node Type": "Hash", "Parent Relationship": "Inner", "Parallel Aware": false, "Async Capable": false, "Startup Cost": 3522.81, "Total Cost": 3522.81, "Plan Rows": 2, "Plan Width": 4, "Actual Rows": 1, "Actual Loops": 1, "Hash Buckets": 1024, "Original Hash Buckets": 1024, "Hash Batches": 1, "Original Hash Batches": 1, "Peak Memory Usage": 9, "Plans": [{"Node Type": "Seq Scan", "Parent Relationship": "Outer", "Parallel Aware": false, "Async Capable": false, "Relation Name": "comments", "Alias": "c", "Startup Cost": 0.0, "Total Cost": 3522.81, "Plan Rows": 2, "Plan Width": 4, "Actual Rows": 1, "Actual Loops": 1, "Filter": "(score = 27)", "Rows Removed by Filter": 174304}]}]}]}, "Planning Time": 0.771, "Triggers": [], "Execution Time": 22.95}]