[{"Plan": {"Node Type": "Aggregate", "Strategy": "Plain", "Partial Mode": "Simple", "Parallel Aware": false, "Async Capable": false, "Startup Cost": 1317.49, "Total Cost": 1317.5, "Plan Rows": 1, "Plan Width": 8, "Actual Rows": 1, "Actual Loops": 1, "Plans": [{"Node Type": "Nested Loop", "Parent Relationship": "Outer", "Parallel Aware": false, "Async Capable": false, "Join Type": "Inner", "Startup Cost": 1.01, "Total Cost": 1317.42, "Plan Rows": 1.0, "Plan Width": 0, "Actual Rows": 230986920, "Actual Loops": 1, "Inner Unique": false, "Join Filter": "(b.userid = u.id)", "Rows Removed by Join Filter": 0, "Plans": [{"Node Type": "Nested Loop", "Parent Relationship": "Outer", "Parallel Aware": false, "Async Capable": false, "Join Type": "Inner", "Startup Cost": 0.72, "Total Cost": 1317.01, "Plan Rows": 1.0, "Plan Width": 12, "Actual Rows": 514480, "Actual Loops": 1, "Inner Unique": false, "Join Filter": "(ph.userid = u.id)", "Rows Removed by Join Filter": 0, "Plans": [{"Node Type": "Nested Loop", "Parent Relationship": "Outer", "Parallel Aware": false, "Async Capable": false, "Join Type": "Inner", "Startup Cost": 0.29, "Total Cost": 1313.78, "Plan Rows": 1.0, "Plan Width": 8, "Actual Rows": 28332, "Actual Loops": 1, "Inner Unique": false, "Plans": [{"Node Type": "Seq Scan", "Parent Relationship": "Outer", "Parallel Aware": false, "Async Capable": false, "Relation Name": "users", "Alias": "u", "Startup Cost": 0.0, "Total Cost": 1305.12, "Plan Rows": 1, "Plan Width": 4, "Actual Rows": 4, "Actual Loops": 1, "Filter": "((views >= 3064) AND (downvotes >= 68) AND (upvotes >= 6920) AND (upvotes <= 11398) AND (creationdate >= '2010-07-22 12:42:52'::timestamp without time zone) AND (creationdate <= '2012-11-29 23:44:40'::timestamp without time zone))", "Rows Removed by Filter": 40321}, {"Node Type": "Index Only Scan", "Parent Relationship": "Inner", "Parallel Aware": false, "Async Capable": false, "Scan Direction": "Forward", "Index Name": "idx_comments_userid", "Relation Name": "comments", "Alias": "c", "Startup Cost": 0.29, "Total Cost": 8.52, "Plan Rows": 13, "Plan Width": 4, "Actual Rows": 7083, "Actual Loops": 4, "Index Cond": "(userid = u.id)", "Rows Removed by Index Recheck": 0, "Heap Fetches": 0}]}, {"Node Type": "Index Scan", "Parent Relationship": "Inner", "Parallel Aware": false, "Async Capable": false, "Scan Direction": "Forward", "Index Name": "idx_posthistory_userid", "Relation Name": "posthistory", "Alias": "ph", "Startup Cost": 0.42, "Total Cost": 0.8, "Plan Rows": 1, "Plan Width": 4, "Actual Rows": 18, "Actual Loops": 28332, "Index Cond": "(userid = c.userid)", "Rows Removed by Index Recheck": 0, "Filter": "((creationdate <= '2012-06-25 16:07:27'::timestamp without time zone) AND (posthistorytypeid = 37))", "Rows Removed by Filter": 6955}]}, {"Node Type": "Index Scan", "Parent Relationship": "Inner", "Parallel Aware": false, "Async Capable": false, "Scan Direction": "Forward", "Index Name": "idx_badges_userid", "Relation Name": "badges", "Alias": "b", "Startup Cost": 0.29, "Total Cost": 0.37, "Plan Rows": 3, "Plan Width": 4, "Actual Rows": 449, "Actual Loops": 514480, "Index Cond": "(userid = c.userid)", "Rows Removed by Index Recheck": 0, "Filter": "(date <= '2014-09-03 17:44:38'::timestamp without time zone)", "Rows Removed by Filter": 3}]}]}, "Planning Time": 3.068, "Triggers": [], "Execution Time": 78797.599}, {"Plan": {"Node Type": "Aggregate", "Strategy": "Plain", "Partial Mode": "Finalize", "Parallel Aware": false, "Async Capable": false, "Startup Cost": 9450.16, "Total Cost": 9450.17, "Plan Rows": 1, "Plan Width": 8, "Actual Rows": 1, "Actual Loops": 1, "Plans": [{"Node Type": "Gather", "Parent Relationship": "Outer", "Parallel Aware": false, "Async Capable": false, "Startup Cost": 9450.05, "Total Cost": 9450.16, "Plan Rows": 1, "Plan Width": 8, "Actual Rows": 2, "Actual Loops": 1, "Workers Planned": 1, "Workers Launched": 1, "Single Copy": false, "Plans": [{"Node Type": "Aggregate", "Strategy": "Plain", "Partial Mode": "Partial", "Parent Relationship": "Outer", "Parallel Aware": false, "Async Capable": false, "Startup Cost": 8450.05, "Total Cost": 8450.06, "Plan Rows": 1, "Plan Width": 8, "Actual Rows": 1, "Actual Loops": 2, "Workers": [], "Plans": [{"Node Type": "Hash Join", "Parent Relationship": "Outer", "Parallel Aware": false, "Async Capable": false, "Join Type": "Inner", "Startup Cost": 1305.74, "Total Cost": 8450.01, "Plan Rows": 1.0, "Plan Width": 0, "Actual Rows": 115493460, "Actual Loops": 2, "Inner Unique": true, "Hash Cond": "(b.userid = u.id)", "Workers": [], "Plans": [{"Node Type": "Nested Loop", "Parent Relationship": "Outer", "Parallel Aware": false, "Async Capable": false, "Join Type": "Inner", "Startup Cost": 0.6, "Total Cost": 5412.31, "Plan Rows": 2502.0, "Plan Width": 12, "Actual Rows": 115808425, "Actual Loops": 2, "Inner Unique": false, "Join Filter": "(c.userid = b.userid)", "Rows Removed by Join Filter": 0, "Workers": [], "Plans": [{"Node Type": "Nested Loop", "Parent Relationship": "Outer", "Parallel Aware": false, "Async Capable": false, "Join Type": "Inner", "Startup Cost": 0.29, "Total Cost": 5094.28, "Plan Rows": 682.0, "Plan Width": 8, "Actual Rows": 9657, "Actual Loops": 2, "Inner Unique": false, "Workers": [], "Plans": [{"Node Type": "Seq Scan", "Parent Relationship": "Outer", "Parallel Aware": true, "Async Capable": false, "Relation Name": "posthistory", "Alias": "ph", "Startup Cost": 0.0, "Total Cost": 4915.18, "Plan Rows": 15, "Plan Width": 4, "Actual Rows": 24, "Actual Loops": 2, "Filter": "((creationdate <= '2012-06-25 16:07:27'::timestamp without time zone) AND (posthistorytypeid = 37))", "Rows Removed by Filter": 151569, "Workers": []}, {"Node Type": "Index Scan", "Parent Relationship": "Inner", "Parallel Aware": false, "Async Capable": false, "Scan Direction": "Forward", "Index Name": "idx_badges_userid", "Relation Name": "badges", "Alias": "b", "Startup Cost": 0.29, "Total Cost": 11.91, "Plan Rows": 3, "Plan Width": 4, "Actual Rows": 394, "Actual Loops": 49, "Index Cond": "(userid = ph.userid)", "Rows Removed by Index Recheck": 0, "Filter": "(date <= '2014-09-03 17:44:38'::timestamp without time zone)", "Rows Removed by Filter": 2, "Workers": []}]}, {"Node Type": "Memoize", "Parent Relationship": "Inner", "Parallel Aware": false, "Async Capable": false, "Startup Cost": 0.3, "Total Cost": 6.18, "Plan Rows": 13, "Plan Width": 4, "Actual Rows": 11992, "Actual Loops": 19314, "Cache Key": "ph.userid", "Cache Mode": "logical", "Cache Hits": 10020, "Cache Misses": 4, "Cache Evictions": 0, "Cache Overflows": 0, "Peak Memory Usage": 593, "Workers": [{"Worker Number": 0, "Cache Hits": 9287, "Cache Misses": 3, "Cache Evictions": 0, "Cache Overflows": 0, "Peak Memory Usage": 587}], "Plans": [{"Node Type": "Index Only Scan", "Parent Relationship": "Outer", "Parallel Aware": false, "Async Capable": false, "Scan Direction": "Forward", "Index Name": "idx_comments_userid", "Relation Name": "comments", "Alias": "c", "Startup Cost": 0.29, "Total Cost": 6.17, "Plan Rows": 13, "Plan Width": 4, "Actual Rows": 4788, "Actual Loops": 7, "Index Cond": "(userid = ph.userid)", "Rows Removed by Index Recheck": 0, "Heap Fetches": 0, "Workers": []}]}]}, {"Node Type": "Hash", "Parent Relationship": "Inner", "Parallel Aware": false, "Async Capable": false, "Startup Cost": 1305.12, "Total Cost": 1305.12, "Plan Rows": 1, "Plan Width": 4, "Actual Rows": 4, "Actual Loops": 2, "Hash Buckets": 1024, "Original Hash Buckets": 1024, "Hash Batches": 1, "Original Hash Batches": 1, "Peak Memory Usage": 9, "Workers": [], "Plans": [{"Node Type": "Seq Scan", "Parent Relationship": "Outer", "Parallel Aware": false, "Async Capable": false, "Relation Name": "users", "Alias": "u", "Startup Cost": 0.0, "Total Cost": 1305.12, "Plan Rows": 1, "Plan Width": 4, "Actual Rows": 4, "Actual Loops": 2, "Filter": "((views >= 3064) AND (downvotes >= 68) AND (upvotes >= 6920) AND (upvotes <= 11398) AND (creationdate >= '2010-07-22 12:42:52'::timestamp without time zone) AND (creationdate <= '2012-11-29 23:44:40'::timestamp without time zone))", "Rows Removed by Filter": 40321, "Workers": []}]}]}]}]}]}, "Planning Time": 3.883, "Triggers": [], "Execution Time": 15243.532}, {"Plan": {"Node Type": "Aggregate", "Strategy": "Plain", "Partial Mode": "Simple", "Parallel Aware": false, "Async Capable": false, "Startup Cost": 1317.49, "Total Cost": 1317.5, "Plan Rows": 1, "Plan Width": 8, "Actual Rows": 1, "Actual Loops": 1, "Plans": [{"Node Type": "Nested Loop", "Parent Relationship": "Outer", "Parallel Aware": false, "Async Capable": false, "Join Type": "Inner", "Startup Cost": 1.01, "Total Cost": 1317.42, "Plan Rows": 1.0, "Plan Width": 0, "Actual Rows": 230986920, "Actual Loops": 1, "Inner Unique": false, "Join Filter": "(b.userid = u.id)", "Rows Removed by Join Filter": 0, "Plans": [{"Node Type": "Nested Loop", "Parent Relationship": "Outer", "Parallel Aware": false, "Async Capable": false, "Join Type": "Inner", "Startup Cost": 0.72, "Total Cost": 1317.01, "Plan Rows": 1.0, "Plan Width": 12, "Actual Rows": 514480, "Actual Loops": 1, "Inner Unique": false, "Join Filter": "(ph.userid = u.id)", "Rows Removed by Join Filter": 0, "Plans": [{"Node Type": "Nested Loop", "Parent Relationship": "Outer", "Parallel Aware": false, "Async Capable": false, "Join Type": "Inner", "Startup Cost": 0.29, "Total Cost": 1313.78, "Plan Rows": 1.0, "Plan Width": 8, "Actual Rows": 28332, "Actual Loops": 1, "Inner Unique": false, "Plans": [{"Node Type": "Seq Scan", "Parent Relationship": "Outer", "Parallel Aware": false, "Async Capable": false, "Relation Name": "users", "Alias": "u", "Startup Cost": 0.0, "Total Cost": 1305.12, "Plan Rows": 1, "Plan Width": 4, "Actual Rows": 4, "Actual Loops": 1, "Filter": "((views >= 3064) AND (downvotes >= 68) AND (upvotes >= 6920) AND (upvotes <= 11398) AND (creationdate >= '2010-07-22 12:42:52'::timestamp without time zone) AND (creationdate <= '2012-11-29 23:44:40'::timestamp without time zone))", "Rows Removed by Filter": 40321}, {"Node Type": "Index Only Scan", "Parent Relationship": "Inner", "Parallel Aware": false, "Async Capable": false, "Scan Direction": "Forward", "Index Name": "idx_comments_userid", "Relation Name": "comments", "Alias": "c", "Startup Cost": 0.29, "Total Cost": 8.52, "Plan Rows": 13, "Plan Width": 4, "Actual Rows": 7083, "Actual Loops": 4, "Index Cond": "(userid = u.id)", "Rows Removed by Index Recheck": 0, "Heap Fetches": 0}]}, {"Node Type": "Index Scan", "Parent Relationship": "Inner", "Parallel Aware": false, "Async Capable": false, "Scan Direction": "Forward", "Index Name": "idx_posthistory_userid", "Relation Name": "posthistory", "Alias": "ph", "Startup Cost": 0.42, "Total Cost": 0.8, "Plan Rows": 1, "Plan Width": 4, "Actual Rows": 18, "Actual Loops": 28332, "Index Cond": "(userid = c.userid)", "Rows Removed by Index Recheck": 0, "Filter": "((creationdate <= '2012-06-25 16:07:27'::timestamp without time zone) AND (posthistorytypeid = 37))", "Rows Removed by Filter": 6955}]}, {"Node Type": "Index Scan", "Parent Relationship": "Inner", "Parallel Aware": false, "Async Capable": false, "Scan Direction": "Forward", "Index Name": "idx_badges_userid", "Relation Name": "badges", "Alias": "b", "Startup Cost": 0.29, "Total Cost": 0.37, "Plan Rows": 3, "Plan Width": 4, "Actual Rows": 449, "Actual Loops": 514480, "Index Cond": "(userid = c.userid)", "Rows Removed by Index Recheck": 0, "Filter": "(date <= '2014-09-03 17:44:38'::timestamp without time zone)", "Rows Removed by Filter": 3}]}]}, "Planning Time": 2.983, "Triggers": [], "Execution Time": 79288.763}, {"Plan": {"Node Type": "Aggregate", "Strategy": "Plain", "Partial Mode": "Simple", "Parallel Aware": false, "Async Capable": false, "Startup Cost": 4853.49, "Total Cost": 4853.5, "Plan Rows": 1, "Plan Width": 8, "Actual Rows": 1, "Actual Loops": 1, "Plans": [{"Node Type": "Nested Loop", "Parent Relationship": "Outer", "Parallel Aware": false, "Async Capable": false, "Join Type": "Inner", "Startup Cost": 1305.85, "Total Cost": 4853.42, "Plan Rows": 1.0, "Plan Width": 0, "Actual Rows": 230986920, "Actual Loops": 1, "Inner Unique": false, "Join Filter": "(b.userid = u.id)", "Rows Removed by Join Filter": 0, "Plans": [{"Node Type": "Nested Loop", "Parent Relationship": "Outer", "Parallel Aware": false, "Async Capable": false, "Join Type": "Inner", "Startup Cost": 1305.56, "Total Cost": 4853.02, "Plan Rows": 1.0, "Plan Width": 12, "Actual Rows": 514480, "Actual Loops": 1, "Inner Unique": false, "Join Filter": "(ph.userid = u.id)", "Rows Removed by Join Filter": 0, "Plans": [{"Node Type": "Hash Join", "Parent Relationship": "Outer", "Parallel Aware": false, "Async Capable": false, "Join Type": "Inner", "Startup Cost": 1305.14, "Total Cost": 4849.78, "Plan Rows": 1.0, "Plan Width": 8, "Actual Rows": 28332, "Actual Loops": 1, "Inner Unique": true, "Hash Cond": "(c.userid = u.id)", "Plans": [{"Node Type": "Seq Scan", "Parent Relationship": "Outer", "Parallel Aware": false, "Async Capable": false, "Relation Name": "comments", "Alias": "c", "Startup Cost": 0.0, "Total Cost": 3087.05, "Plan Rows": 174305, "Plan Width": 4, "Actual Rows": 174305, "Actual Loops": 1}, {"Node Type": "Hash", "Parent Relationship": "Inner", "Parallel Aware": false, "Async Capable": false, "Startup Cost": 1305.12, "Total Cost": 1305.12, "Plan Rows": 1, "Plan Width": 4, "Actual Rows": 4, "Actual Loops": 1, "Hash Buckets": 1024, "Original Hash Buckets": 1024, "Hash Batches": 1, "Original Hash Batches": 1, "Peak Memory Usage": 9, "Plans": [{"Node Type": "Seq Scan", "Parent Relationship": "Outer", "Parallel Aware": false, "Async Capable": false, "Relation Name": "users", "Alias": "u", "Startup Cost": 0.0, "Total Cost": 1305.12, "Plan Rows": 1, "Plan Width": 4, "Actual Rows": 4, "Actual Loops": 1, "Filter": "((views >= 3064) AND (downvotes >= 68) AND (upvotes >= 6920) AND (upvotes <= 11398) AND (creationdate >= '2010-07-22 12:42:52'::timestamp without time zone) AND (creationdate <= '2012-11-29 23:44:40'::timestamp without time zone))", "Rows Removed by Filter": 40321}]}]}, {"Node Type": "Index Scan", "Parent Relationship": "Inner", "Parallel Aware": false, "Async Capable": false, "Scan Direction": "Forward", "Index Name": "idx_posthistory_userid", "Relation Name": "posthistory", "Alias": "ph", "Startup Cost": 0.42, "Total Cost": 0.8, "Plan Rows": 1, "Plan Width": 4, "Actual Rows": 18, "Actual Loops": 28332, "Index Cond": "(userid = c.userid)", "Rows Removed by Index Recheck": 0, "Filter": "((creationdate <= '2012-06-25 16:07:27'::timestamp without time zone) AND (posthistorytypeid = 37))", "Rows Removed by Filter": 6955}]}, {"Node Type": "Index Scan", "Parent Relationship": "Inner", "Parallel Aware": false, "Async Capable": false, "Scan Direction": "Forward", "Index Name": "idx_badges_userid", "Relation Name": "badges", "Alias": "b", "Startup Cost": 0.29, "Total Cost": 0.37, "Plan Rows": 3, "Plan Width": 4, "Actual Rows": 449, "Actual Loops": 514480, "Index Cond": "(userid = c.userid)", "Rows Removed by Index Recheck": 0, "Filter": "(date <= '2014-09-03 17:44:38'::timestamp without time zone)", "Rows Removed by Filter": 3}]}]}, "Planning Time": 2.964, "Triggers": [], "Execution Time": 79379.343}, {"Plan": {"Node Type": "Aggregate", "Strategy": "Plain", "Partial Mode": "Finalize", "Parallel Aware": false, "Async Capable": false, "Startup Cost": 7413.97, "Total Cost": 7413.98, "Plan Rows": 1, "Plan Width": 8, "Actual Rows": 1, "Actual Loops": 1, "Plans": [{"Node Type": "Gather", "Parent Relationship": "Outer", "Parallel Aware": false, "Async Capable": false, "Startup Cost": 7413.86, "Total Cost": 7413.97, "Plan Rows": 1, "Plan Width": 8, "Actual Rows": 2, "Actual Loops": 1, "Workers Planned": 1, "Workers Launched": 1, "Single Copy": false, "Plans": [{"Node Type": "Aggregate", "Strategy": "Plain", "Partial Mode": "Partial", "Parent Relationship": "Outer", "Parallel Aware": false, "Async Capable": false, "Startup Cost": 6413.86, "Total Cost": 6413.87, "Plan Rows": 1, "Plan Width": 8, "Actual Rows": 1, "Actual Loops": 2, "Workers": [], "Plans": [{"Node Type": "Hash Join", "Parent Relationship": "Outer", "Parallel Aware": false, "Async Capable": false, "Join Type": "Inner", "Startup Cost": 1314.12, "Total Cost": 6413.82, "Plan Rows": 1.0, "Plan Width": 0, "Actual Rows": 115493460, "Actual Loops": 2, "Inner Unique": false, "Hash Cond": "(b.userid = u.id)", "Workers": [], "Plans": [{"Node Type": "Nested Loop", "Parent Relationship": "Outer", "Parallel Aware": false, "Async Capable": false, "Join Type": "Inner", "Startup Cost": 0.29, "Total Cost": 5094.28, "Plan Rows": 682.0, "Plan Width": 8, "Actual Rows": 9657, "Actual Loops": 2, "Inner Unique": false, "Workers": [], "Plans": [{"Node Type": "Seq Scan", "Parent Relationship": "Outer", "Parallel Aware": true, "Async Capable": false, "Relation Name": "posthistory", "Alias": "ph", "Startup Cost": 0.0, "Total Cost": 4915.18, "Plan Rows": 15, "Plan Width": 4, "Actual Rows": 24, "Actual Loops": 2, "Filter": "((creationdate <= '2012-06-25 16:07:27'::timestamp without time zone) AND (posthistorytypeid = 37))", "Rows Removed by Filter": 151569, "Workers": []}, {"Node Type": "Index Scan", "Parent Relationship": "Inner", "Parallel Aware": false, "Async Capable": false, "Scan Direction": "Forward", "Index Name": "idx_badges_userid", "Relation Name": "badges", "Alias": "b", "Startup Cost": 0.29, "Total Cost": 11.91, "Plan Rows": 3, "Plan Width": 4, "Actual Rows": 394, "Actual Loops": 49, "Index Cond": "(userid = ph.userid)", "Rows Removed by Index Recheck": 0, "Filter": "(date <= '2014-09-03 17:44:38'::timestamp without time zone)", "Rows Removed by Filter": 2, "Workers": []}]}, {"Node Type": "Hash", "Parent Relationship": "Inner", "Parallel Aware": false, "Async Capable": false, "Startup Cost": 1313.78, "Total Cost": 1313.78, "Plan Rows": 1.0, "Plan Width": 8, "Actual Rows": 28332, "Actual Loops": 2, "Hash Buckets": 32768, "Original Hash Buckets": 1024, "Hash Batches": 1, "Original Hash Batches": 1, "Peak Memory Usage": 1363, "Workers": [], "Plans": [{"Node Type": "Nested Loop", "Parent Relationship": "Outer", "Parallel Aware": false, "Async Capable": false, "Join Type": "Inner", "Startup Cost": 0.29, "Total Cost": 1313.78, "Plan Rows": 1.0, "Plan Width": 8, "Actual Rows": 28332, "Actual Loops": 2, "Inner Unique": false, "Workers": [], "Plans": [{"Node Type": "Seq Scan", "Parent Relationship": "Outer", "Parallel Aware": false, "Async Capable": false, "Relation Name": "users", "Alias": "u", "Startup Cost": 0.0, "Total Cost": 1305.12, "Plan Rows": 1, "Plan Width": 4, "Actual Rows": 4, "Actual Loops": 2, "Filter": "((views >= 3064) AND (downvotes >= 68) AND (upvotes >= 6920) AND (upvotes <= 11398) AND (creationdate >= '2010-07-22 12:42:52'::timestamp without time zone) AND (creationdate <= '2012-11-29 23:44:40'::timestamp without time zone))", "Rows Removed by Filter": 40321, "Workers": []}, {"Node Type": "Index Only Scan", "Parent Relationship": "Inner", "Parallel Aware": false, "Async Capable": false, "Scan Direction": "Forward", "Index Name": "idx_comments_userid", "Relation Name": "comments", "Alias": "c", "Startup Cost": 0.29, "Total Cost": 8.52, "Plan Rows": 13, "Plan Width": 4, "Actual Rows": 7083, "Actual Loops": 8, "Index Cond": "(userid = u.id)", "Rows Removed by Index Recheck": 0, "Heap Fetches": 0, "Workers": []}]}]}]}]}]}]}, "Planning Time": 5.933, "Triggers": [], "Execution Time": 6698.196}, {"Plan": {"Node Type": "Aggregate", "Strategy": "Plain", "Partial Mode": "Simple", "Parallel Aware": false, "Async Capable": false, "Startup Cost": 7610.89, "Total Cost": 7610.9, "Plan Rows": 1, "Plan Width": 8, "Actual Rows": 1, "Actual Loops": 1, "Plans": [{"Node Type": "Nested Loop", "Parent Relationship": "Outer", "Parallel Aware": false, "Async Capable": false, "Join Type": "Inner", "Startup Cost": 1000.59, "Total Cost": 7610.82, "Plan Rows": 1.0, "Plan Width": 0, "Actual Rows": 230986920, "Actual Loops": 1, "Inner Unique": false, "Join Filter": "(b.userid = u.id)", "Rows Removed by Join Filter": 316217328, "Plans": [{"Node Type": "Nested Loop", "Parent Relationship": "Outer", "Parallel Aware": false, "Async Capable": false, "Join Type": "Inner", "Startup Cost": 0.29, "Total Cost": 1313.78, "Plan Rows": 1.0, "Plan Width": 8, "Actual Rows": 28332, "Actual Loops": 1, "Inner Unique": false, "Plans": [{"Node Type": "Seq Scan", "Parent Relationship": "Outer", "Parallel Aware": false, "Async Capable": false, "Relation Name": "users", "Alias": "u", "Startup Cost": 0.0, "Total Cost": 1305.12, "Plan Rows": 1, "Plan Width": 4, "Actual Rows": 4, "Actual Loops": 1, "Filter": "((views >= 3064) AND (downvotes >= 68) AND (upvotes >= 6920) AND (upvotes <= 11398) AND (creationdate >= '2010-07-22 12:42:52'::timestamp without time zone) AND (creationdate <= '2012-11-29 23:44:40'::timestamp without time zone))", "Rows Removed by Filter": 40321}, {"Node Type": "Index Only Scan", "Parent Relationship": "Inner", "Parallel Aware": false, "Async Capable": false, "Scan Direction": "Forward", "Index Name": "idx_comments_userid", "Relation Name": "comments", "Alias": "c", "Startup Cost": 0.29, "Total Cost": 8.52, "Plan Rows": 13, "Plan Width": 4, "Actual Rows": 7083, "Actual Loops": 4, "Index Cond": "(userid = u.id)", "Rows Removed by Index Recheck": 0, "Heap Fetches": 0}]}, {"Node Type": "Materialize", "Parent Relationship": "Inner", "Parallel Aware": false, "Async Capable": false, "Startup Cost": 1000.29, "Total Cost": 6222.64, "Plan Rows": 682.0, "Plan Width": 8, "Actual Rows": 19314, "Actual Loops": 28332, "Plans": [{"Node Type": "Nested Loop", "Parent Relationship": "Outer", "Parallel Aware": false, "Async Capable": false, "Join Type": "Inner", "Startup Cost": 1000.29, "Total Cost": 6216.17, "Plan Rows": 682.0, "Plan Width": 8, "Actual Rows": 19314, "Actual Loops": 1, "Inner Unique": false, "Plans": [{"Node Type": "Gather", "Parent Relationship": "Outer", "Parallel Aware": false, "Async Capable": false, "Startup Cost": 1000.0, "Total Cost": 5917.68, "Plan Rows": 25, "Plan Width": 4, "Actual Rows": 49, "Actual Loops": 1, "Workers Planned": 1, "Workers Launched": 1, "Single Copy": false, "Plans": [{"Node Type": "Seq Scan", "Parent Relationship": "Outer", "Parallel Aware": true, "Async Capable": false, "Relation Name": "posthistory", "Alias": "ph", "Startup Cost": 0.0, "Total Cost": 4915.18, "Plan Rows": 15, "Plan Width": 4, "Actual Rows": 24, "Actual Loops": 2, "Filter": "((creationdate <= '2012-06-25 16:07:27'::timestamp without time zone) AND (posthistorytypeid = 37))", "Rows Removed by Filter": 151569, "Workers": []}]}, {"Node Type": "Index Scan", "Parent Relationship": "Inner", "Parallel Aware": false, "Async Capable": false, "Scan Direction": "Forward", "Index Name": "idx_badges_userid", "Relation Name": "badges", "Alias": "b", "Startup Cost": 0.29, "Total Cost": 11.91, "Plan Rows": 3, "Plan Width": 4, "Actual Rows": 394, "Actual Loops": 49, "Index Cond": "(userid = ph.userid)", "Rows Removed by Index Recheck": 0, "Filter": "(date <= '2014-09-03 17:44:38'::timestamp without time zone)", "Rows Removed by Filter": 2}]}]}]}]}, "Planning Time": 2.944, "Triggers": [], "Execution Time": 29024.716}, {"Plan": {"Node Type": "Aggregate", "Strategy": "Plain", "Partial Mode": "Simple", "Parallel Aware": false, "Async Capable": false, "Startup Cost": 1320.34, "Total Cost": 1320.35, "Plan Rows": 1, "Plan Width": 8, "Actual Rows": 1, "Actual Loops": 1, "Plans": [{"Node Type": "Nested Loop", "Parent Relationship": "Outer", "Parallel Aware": false, "Async Capable": false, "Join Type": "Inner", "Startup Cost": 1.01, "Total Cost": 1320.27, "Plan Rows": 1.0, "Plan Width": 0, "Actual Rows": 230986920, "Actual Loops": 1, "Inner Unique": false, "Join Filter": "(c.userid = u.id)", "Rows Removed by Join Filter": 0, "Plans": [{"Node Type": "Nested Loop", "Parent Relationship": "Outer", "Parallel Aware": false, "Async Capable": false, "Join Type": "Inner", "Startup Cost": 0.71, "Total Cost": 1319.58, "Plan Rows": 1.0, "Plan Width": 12, "Actual Rows": 18624, "Actual Loops": 1, "Inner Unique": false, "Join Filter": "(ph.userid = u.id)", "Rows Removed by Join Filter": 0, "Plans": [{"Node Type": "Nested Loop", "Parent Relationship": "Outer", "Parallel Aware": false, "Async Capable": false, "Join Type": "Inner", "Startup Cost": 0.29, "Total Cost": 1317.82, "Plan Rows": 1.0, "Plan Width": 8, "Actual Rows": 1295, "Actual Loops": 1, "Inner Unique": false, "Plans": [{"Node Type": "Seq Scan", "Parent Relationship": "Outer", "Parallel Aware": false, "Async Capable": false, "Relation Name": "users", "Alias": "u", "Startup Cost": 0.0, "Total Cost": 1305.12, "Plan Rows": 1, "Plan Width": 4, "Actual Rows": 4, "Actual Loops": 1, "Filter": "((views >= 3064) AND (downvotes >= 68) AND (upvotes >= 6920) AND (upvotes <= 11398) AND (creationdate >= '2010-07-22 12:42:52'::timestamp without time zone) AND (creationdate <= '2012-11-29 23:44:40'::timestamp without time zone))", "Rows Removed by Filter": 40321}, {"Node Type": "Index Scan", "Parent Relationship": "Inner", "Parallel Aware": false, "Async Capable": false, "Scan Direction": "Forward", "Index Name": "idx_badges_userid", "Relation Name": "badges", "Alias": "b", "Startup Cost": 0.29, "Total Cost": 12.66, "Plan Rows": 3, "Plan Width": 4, "Actual Rows": 324, "Actual Loops": 4, "Index Cond": "(userid = u.id)", "Rows Removed by Index Recheck": 0, "Filter": "(date <= '2014-09-03 17:44:38'::timestamp without time zone)", "Rows Removed by Filter": 4}]}, {"Node Type": "Index Scan", "Parent Relationship": "Inner", "Parallel Aware": false, "Async Capable": false, "Scan Direction": "Forward", "Index Name": "idx_posthistory_userid", "Relation Name": "posthistory", "Alias": "ph", "Startup Cost": 0.42, "Total Cost": 0.87, "Plan Rows": 1, "Plan Width": 4, "Actual Rows": 14, "Actual Loops": 1295, "Index Cond": "(userid = b.userid)", "Rows Removed by Index Recheck": 0, "Filter": "((creationdate <= '2012-06-25 16:07:27'::timestamp without time zone) AND (posthistorytypeid = 37))", "Rows Removed by Filter": 6842}]}, {"Node Type": "Index Only Scan", "Parent Relationship": "Inner", "Parallel Aware": false, "Async Capable": false, "Scan Direction": "Forward", "Index Name": "idx_comments_userid", "Relation Name": "comments", "Alias": "c", "Startup Cost": 0.29, "Total Cost": 0.54, "Plan Rows": 13, "Plan Width": 4, "Actual Rows": 12403, "Actual Loops": 18624, "Index Cond": "(userid = b.userid)", "Rows Removed by Index Recheck": 0, "Heap Fetches": 0}]}]}, "Planning Time": 2.755, "Triggers": [], "Execution Time": 19342.151}, {"Plan": {"Node Type": "Aggregate", "Strategy": "Plain", "Partial Mode": "Finalize", "Parallel Aware": false, "Async Capable": false, "Startup Cost": 7242.68, "Total Cost": 7242.69, "Plan Rows": 1, "Plan Width": 8, "Actual Rows": 1, "Actual Loops": 1, "Plans": [{"Node Type": "Gather", "Parent Relationship": "Outer", "Parallel Aware": false, "Async Capable": false, "Startup Cost": 7242.56, "Total Cost": 7242.67, "Plan Rows": 1, "Plan Width": 8, "Actual Rows": 2, "Actual Loops": 1, "Workers Planned": 1, "Workers Launched": 1, "Single Copy": false, "Plans": [{"Node Type": "Aggregate", "Strategy": "Plain", "Partial Mode": "Partial", "Parent Relationship": "Outer", "Parallel Aware": false, "Async Capable": false, "Startup Cost": 6242.56, "Total Cost": 6242.57, "Plan Rows": 1, "Plan Width": 8, "Actual Rows": 1, "Actual Loops": 2, "Workers": [], "Plans": [{"Node Type": "Hash Join", "Parent Relationship": "Outer", "Parallel Aware": false, "Async Capable": false, "Join Type": "Inner", "Startup Cost": 1320.15, "Total Cost": 6242.52, "Plan Rows": 1.0, "Plan Width": 0, "Actual Rows": 115493460, "Actual Loops": 2, "Inner Unique": false, "Hash Cond": "(ph.userid = u.id)", "Workers": [], "Plans": [{"Node Type": "Seq Scan", "Parent Relationship": "Outer", "Parallel Aware": true, "Async Capable": false, "Relation Name": "posthistory", "Alias": "ph", "Startup Cost": 0.0, "Total Cost": 4915.18, "Plan Rows": 15, "Plan Width": 4, "Actual Rows": 24, "Actual Loops": 2, "Filter": "((creationdate <= '2012-06-25 16:07:27'::timestamp without time zone) AND (posthistorytypeid = 37))", "Rows Removed by Filter": 151569, "Workers": []}, {"Node Type": "Hash", "Parent Relationship": "Inner", "Parallel Aware": false, "Async Capable": false, "Startup Cost": 1315.39, "Total Cost": 1315.39, "Plan Rows": 2.0, "Plan Width": 12, "Actual Rows": 10358464, "Actual Loops": 2, "Hash Buckets": 8388608, "Original Hash Buckets": 1024, "Hash Batches": 2, "Original Hash Batches": 1, "Peak Memory Usage": 445091, "Workers": [], "Plans": [{"Node Type": "Nested Loop", "Parent Relationship": "Outer", "Parallel Aware": false, "Async Capable": false, "Join Type": "Inner", "Startup Cost": 0.59, "Total Cost": 1315.39, "Plan Rows": 2.0, "Plan Width": 12, "Actual Rows": 10358464, "Actual Loops": 2, "Inner Unique": false, "Join Filter": "(b.userid = u.id)", "Rows Removed by Join Filter": 0, "Workers": [], "Plans": [{"Node Type": "Nested Loop", "Parent Relationship": "Outer", "Parallel Aware": false, "Async Capable": false, "Join Type": "Inner", "Startup Cost": 0.29, "Total Cost": 1313.78, "Plan Rows": 1.0, "Plan Width": 8, "Actual Rows": 28332, "Actual Loops": 2, "Inner Unique": false, "Workers": [], "Plans": [{"Node Type": "Seq Scan", "Parent Relationship": "Outer", "Parallel Aware": false, "Async Capable": false, "Relation Name": "users", "Alias": "u", "Startup Cost": 0.0, "Total Cost": 1305.12, "Plan Rows": 1, "Plan Width": 4, "Actual Rows": 4, "Actual Loops": 2, "Filter": "((views >= 3064) AND (downvotes >= 68) AND (upvotes >= 6920) AND (upvotes <= 11398) AND (creationdate >= '2010-07-22 12:42:52'::timestamp without time zone) AND (creationdate <= '2012-11-29 23:44:40'::timestamp without time zone))", "Rows Removed by Filter": 40321, "Workers": []}, {"Node Type": "Index Only Scan", "Parent Relationship": "Inner", "Parallel Aware": false, "Async Capable": false, "Scan Direction": "Forward", "Index Name": "idx_comments_userid", "Relation Name": "comments", "Alias": "c", "Startup Cost": 0.29, "Total Cost": 8.52, "Plan Rows": 13, "Plan Width": 4, "Actual Rows": 7083, "Actual Loops": 8, "Index Cond": "(userid = u.id)", "Rows Removed by Index Recheck": 0, "Heap Fetches": 0, "Workers": []}]}, {"Node Type": "Index Scan", "Parent Relationship": "Inner", "Parallel Aware": false, "Async Capable": false, "Scan Direction": "Forward", "Index Name": "idx_badges_userid", "Relation Name": "badges", "Alias": "b", "Startup Cost": 0.29, "Total Cost": 0.37, "Plan Rows": 3, "Plan Width": 4, "Actual Rows": 366, "Actual Loops": 56664, "Index Cond": "(userid = c.userid)", "Rows Removed by Index Recheck": 0, "Filter": "(date <= '2014-09-03 17:44:38'::timestamp without time zone)", "Rows Removed by Filter": 5, "Workers": []}]}]}]}]}]}]}, "Planning Time": 2.98, "Triggers": [], "Execution Time": 28264.777}, {"Plan": {"Node Type": "Aggregate", "Strategy": "Plain", "Partial Mode": "Finalize", "Parallel Aware": false, "Async Capable": false, "Startup Cost": 37702.18, "Total Cost": 37702.19, "Plan Rows": 1, "Plan Width": 8, "Actual Rows": 1, "Actual Loops": 1, "Plans": [{"Node Type": "Gather", "Parent Relationship": "Outer", "Parallel Aware": false, "Async Capable": false, "Startup Cost": 37702.07, "Total Cost": 37702.18, "Plan Rows": 1, "Plan Width": 8, "Actual Rows": 2, "Actual Loops": 1, "Workers Planned": 1, "Workers Launched": 1, "Single Copy": false, "Plans": [{"Node Type": "Aggregate", "Strategy": "Plain", "Partial Mode": "Partial", "Parent Relationship": "Outer", "Parallel Aware": false, "Async Capable": false, "Startup Cost": 36702.07, "Total Cost": 36702.08, "Plan Rows": 1, "Plan Width": 8, "Actual Rows": 1, "Actual Loops": 2, "Workers": [], "Plans": [{"Node Type": "Merge Join", "Parent Relationship": "Outer", "Parallel Aware": false, "Async Capable": false, "Join Type": "Inner", "Startup Cost": 1345.42, "Total Cost": 36702.03, "Plan Rows": 1.0, "Plan Width": 0, "Actual Rows": 115493460, "Actual Loops": 2, "Inner Unique": false, "Merge Cond": "(b.userid = u.id)", "Workers": [], "Plans": [{"Node Type": "Nested Loop", "Parent Relationship": "Outer", "Parallel Aware": false, "Async Capable": false, "Join Type": "Inner", "Startup Cost": 0.6, "Total Cost": 12737.36, "Plan Rows": 84554.0, "Plan Width": 8, "Actual Rows": 5402556, "Actual Loops": 2, "Inner Unique": false, "Workers": [], "Plans": [{"Node Type": "Index Only Scan", "Parent Relationship": "Outer", "Parallel Aware": true, "Async Capable": false, "Scan Direction": "Forward", "Index Name": "idx_comments_userid", "Relation Name": "comments", "Alias": "c", "Startup Cost": 0.29, "Total Cost": 2851.06, "Plan Rows": 102532, "Plan Width": 4, "Actual Rows": 20348, "Actual Loops": 2, "Heap Fetches": 0, "Workers": []}, {"Node Type": "Memoize", "Parent Relationship": "Inner", "Parallel Aware": false, "Async Capable": false, "Startup Cost": 0.3, "Total Cost": 0.38, "Plan Rows": 3, "Plan Width": 4, "Actual Rows": 266, "Actual Loops": 40695, "Cache Key": "c.userid", "Cache Mode": "logical", "Cache Hits": 22038, "Cache Misses": 186, "Cache Evictions": 0, "Cache Overflows": 0, "Peak Memory Usage": 181, "Workers": [{"Worker Number": 0, "Cache Hits": 18327, "Cache Misses": 144, "Cache Evictions": 0, "Cache Overflows": 0, "Peak Memory Usage": 130}], "Plans": [{"Node Type": "Index Scan", "Parent Relationship": "Outer", "Parallel Aware": false, "Async Capable": false, "Scan Direction": "Forward", "Index Name": "idx_badges_userid", "Relation Name": "badges", "Alias": "b", "Startup Cost": 0.29, "Total Cost": 0.37, "Plan Rows": 3, "Plan Width": 4, "Actual Rows": 25, "Actual Loops": 330, "Index Cond": "(userid = c.userid)", "Rows Removed by Index Recheck": 0, "Filter": "(date <= '2014-09-03 17:44:38'::timestamp without time zone)", "Rows Removed by Filter": 0, "Workers": []}]}]}, {"Node Type": "Materialize", "Parent Relationship": "Inner", "Parallel Aware": false, "Async Capable": false, "Startup Cost": 1344.82, "Total Cost": 1344.83, "Plan Rows": 1.0, "Plan Width": 8, "Actual Rows": 115151679, "Actual Loops": 2, "Workers": [], "Plans": [{"Node Type": "Sort", "Parent Relationship": "Outer", "Parallel Aware": false, "Async Capable": false, "Startup Cost": 1344.82, "Total Cost": 1344.83, "Plan Rows": 1.0, "Plan Width": 8, "Actual Rows": 43, "Actual Loops": 2, "Sort Key": ["ph.userid"], "Sort Method": "quicksort", "Sort Space Used": 26, "Sort Space Type": "Memory", "Workers": [{"Worker Number": 0, "Sort Method": "quicksort", "Sort Space Used": 26, "Sort Space Type": "Memory"}], "Plans": [{"Node Type": "Nested Loop", "Parent Relationship": "Outer", "Parallel Aware": false, "Async Capable": false, "Join Type": "Inner", "Startup Cost": 0.42, "Total Cost": 1344.81, "Plan Rows": 1.0, "Plan Width": 8, "Actual Rows": 43, "Actual Loops": 2, "Inner Unique": false, "Workers": [], "Plans": [{"Node Type": "Seq Scan", "Parent Relationship": "Outer", "Parallel Aware": false, "Async Capable": false, "Relation Name": "users", "Alias": "u", "Startup Cost": 0.0, "Total Cost": 1305.12, "Plan Rows": 1, "Plan Width": 4, "Actual Rows": 4, "Actual Loops": 2, "Filter": "((views >= 3064) AND (downvotes >= 68) AND (upvotes >= 6920) AND (upvotes <= 11398) AND (creationdate >= '2010-07-22 12:42:52'::timestamp without time zone) AND (creationdate <= '2012-11-29 23:44:40'::timestamp without time zone))", "Rows Removed by Filter": 40321, "Workers": []}, {"Node Type": "Index Scan", "Parent Relationship": "Inner", "Parallel Aware": false, "Async Capable": false, "Scan Direction": "Forward", "Index Name": "idx_posthistory_userid", "Relation Name": "posthistory", "Alias": "ph", "Startup Cost": 0.42, "Total Cost": 39.68, "Plan Rows": 1, "Plan Width": 4, "Actual Rows": 11, "Actual Loops": 8, "Index Cond": "(userid = u.id)", "Rows Removed by Index Recheck": 0, "Filter": "((creationdate <= '2012-06-25 16:07:27'::timestamp without time zone) AND (posthistorytypeid = 37))", "Rows Removed by Filter": 6820, "Workers": []}]}]}]}]}]}]}]}, "Planning Time": 2.527, "Triggers": [], "Execution Time": 9214.733}, {"Plan": {"Node Type": "Aggregate", "Strategy": "Plain", "Partial Mode": "Simple", "Parallel Aware": false, "Async Capable": false, "Startup Cost": 5060.39, "Total Cost": 5060.4, "Plan Rows": 1, "Plan Width": 8, "Actual Rows": 1, "Actual Loops": 1, "Plans": [{"Node Type": "Hash Join", "Parent Relationship": "Outer", "Parallel Aware": false, "Async Capable": false, "Join Type": "Inner", "Startup Cost": 1319.59, "Total Cost": 5060.32, "Plan Rows": 1.0, "Plan Width": 0, "Actual Rows": 230986920, "Actual Loops": 1, "Inner Unique": false, "Hash Cond": "(c.userid = u.id)", "Plans": [{"Node Type": "Seq Scan", "Parent Relationship": "Outer", "Parallel Aware": false, "Async Capable": false, "Relation Name": "comments", "Alias": "c", "Startup Cost": 0.0, "Total Cost": 3087.05, "Plan Rows": 174305, "Plan Width": 4, "Actual Rows": 174305, "Actual Loops": 1}, {"Node Type": "Hash", "Parent Relationship": "Inner", "Parallel Aware": false, "Async Capable": false, "Startup Cost": 1319.58, "Total Cost": 1319.58, "Plan Rows": 1.0, "Plan Width": 12, "Actual Rows": 18624, "Actual Loops": 1, "Hash Buckets": 32768, "Original Hash Buckets": 1024, "Hash Batches": 1, "Original Hash Batches": 1, "Peak Memory Usage": 1057, "Plans": [{"Node Type": "Nested Loop", "Parent Relationship": "Outer", "Parallel Aware": false, "Async Capable": false, "Join Type": "Inner", "Startup Cost": 0.71, "Total Cost": 1319.58, "Plan Rows": 1.0, "Plan Width": 12, "Actual Rows": 18624, "Actual Loops": 1, "Inner Unique": false, "Join Filter": "(ph.userid = u.id)", "Rows Removed by Join Filter": 0, "Plans": [{"Node Type": "Nested Loop", "Parent Relationship": "Outer", "Parallel Aware": false, "Async Capable": false, "Join Type": "Inner", "Startup Cost": 0.29, "Total Cost": 1317.82, "Plan Rows": 1.0, "Plan Width": 8, "Actual Rows": 1295, "Actual Loops": 1, "Inner Unique": false, "Plans": [{"Node Type": "Seq Scan", "Parent Relationship": "Outer", "Parallel Aware": false, "Async Capable": false, "Relation Name": "users", "Alias": "u", "Startup Cost": 0.0, "Total Cost": 1305.12, "Plan Rows": 1, "Plan Width": 4, "Actual Rows": 4, "Actual Loops": 1, "Filter": "((views >= 3064) AND (downvotes >= 68) AND (upvotes >= 6920) AND (upvotes <= 11398) AND (creationdate >= '2010-07-22 12:42:52'::timestamp without time zone) AND (creationdate <= '2012-11-29 23:44:40'::timestamp without time zone))", "Rows Removed by Filter": 40321}, {"Node Type": "Index Scan", "Parent Relationship": "Inner", "Parallel Aware": false, "Async Capable": false, "Scan Direction": "Forward", "Index Name": "idx_badges_userid", "Relation Name": "badges", "Alias": "b", "Startup Cost": 0.29, "Total Cost": 12.66, "Plan Rows": 3, "Plan Width": 4, "Actual Rows": 324, "Actual Loops": 4, "Index Cond": "(userid = u.id)", "Rows Removed by Index Recheck": 0, "Filter": "(date <= '2014-09-03 17:44:38'::timestamp without time zone)", "Rows Removed by Filter": 4}]}, {"Node Type": "Index Scan", "Parent Relationship": "Inner", "Parallel Aware": false, "Async Capable": false, "Scan Direction": "Forward", "Index Name": "idx_posthistory_userid", "Relation Name": "posthistory", "Alias": "ph", "Startup Cost": 0.42, "Total Cost": 0.87, "Plan Rows": 1, "Plan Width": 4, "Actual Rows": 14, "Actual Loops": 1295, "Index Cond": "(userid = b.userid)", "Rows Removed by Index Recheck": 0, "Filter": "((creationdate <= '2012-06-25 16:07:27'::timestamp without time zone) AND (posthistorytypeid = 37))", "Rows Removed by Filter": 6842}]}]}]}]}, "Planning Time": 2.814, "Triggers": [], "Execution Time": 15035.754}, {"Plan": {"Node Type": "Aggregate", "Strategy": "Plain", "Partial Mode": "Simple", "Parallel Aware": false, "Async Capable": false, "Startup Cost": 16543.77, "Total Cost": 16543.78, "Plan Rows": 1, "Plan Width": 8, "Actual Rows": 1, "Actual Loops": 1, "Plans": [{"Node Type": "Merge Join", "Parent Relationship": "Outer", "Parallel Aware": false, "Async Capable": false, "Join Type": "Inner", "Startup Cost": 7223.99, "Total Cost": 16543.7, "Plan Rows": 1.0, "Plan Width": 0, "Actual Rows": 230986920, "Actual Loops": 1, "Inner Unique": false, "Merge Cond": "(u.id = b.userid)", "Plans": [{"Node Type": "Sort", "Parent Relationship": "Outer", "Parallel Aware": false, "Async Capable": false, "Startup Cost": 1305.13, "Total Cost": 1305.14, "Plan Rows": 1, "Plan Width": 4, "Actual Rows": 4, "Actual Loops": 1, "Sort Key": ["u.id"], "Sort Method": "quicksort", "Sort Space Used": 25, "Sort Space Type": "Memory", "Plans": [{"Node Type": "Seq Scan", "Parent Relationship": "Outer", "Parallel Aware": false, "Async Capable": false, "Relation Name": "users", "Alias": "u", "Startup Cost": 0.0, "Total Cost": 1305.12, "Plan Rows": 1, "Plan Width": 4, "Actual Rows": 4, "Actual Loops": 1, "Filter": "((views >= 3064) AND (downvotes >= 68) AND (upvotes >= 6920) AND (upvotes <= 11398) AND (creationdate >= '2010-07-22 12:42:52'::timestamp without time zone) AND (creationdate <= '2012-11-29 23:44:40'::timestamp without time zone))", "Rows Removed by Filter": 40321}]}, {"Node Type": "Materialize", "Parent Relationship": "Inner", "Parallel Aware": false, "Async Capable": false, "Startup Cost": 5918.86, "Total Cost": 12433.47, "Plan Rows": 2502.0, "Plan Width": 12, "Actual Rows": 231616850, "Actual Loops": 1, "Plans": [{"Node Type": "Nested Loop", "Parent Relationship": "Outer", "Parallel Aware": false, "Async Capable": false, "Join Type": "Inner", "Startup Cost": 5918.86, "Total Cost": 9628.67, "Plan Rows": 2502.0, "Plan Width": 12, "Actual Rows": 231616850, "Actual Loops": 1, "Inner Unique": false, "Join Filter": "(c.userid = b.userid)", "Rows Removed by Join Filter": 0, "Plans": [{"Node Type": "Merge Join", "Parent Relationship": "Outer", "Parallel Aware": false, "Async Capable": false, "Join Type": "Inner", "Startup Cost": 5918.55, "Total Cost": 9199.95, "Plan Rows": 682.0, "Plan Width": 8, "Actual Rows": 19314, "Actual Loops": 1, "Inner Unique": false, "Merge Cond": "(b.userid = ph.userid)", "Plans": [{"Node Type": "Index Scan", "Parent Relationship": "Outer", "Parallel Aware": false, "Async Capable": false, "Scan Direction": "Forward", "Index Name": "idx_badges_userid", "Relation Name": "badges", "Alias": "b", "Startup Cost": 0.29, "Total Cost": 3064.97, "Plan Rows": 78929, "Plan Width": 4, "Actual Rows": 7520, "Actual Loops": 1, "Filter": "(date <= '2014-09-03 17:44:38'::timestamp without time zone)", "Rows Removed by Filter": 41}, {"Node Type": "Sort", "Parent Relationship": "Inner", "Parallel Aware": false, "Async Capable": false, "Startup Cost": 5918.26, "Total Cost": 5918.32, "Plan Rows": 25, "Plan Width": 4, "Actual Rows": 19033, "Actual Loops": 1, "Sort Key": ["ph.userid"], "Sort Method": "quicksort", "Sort Space Used": 25, "Sort Space Type": "Memory", "Plans": [{"Node Type": "Gather", "Parent Relationship": "Outer", "Parallel Aware": false, "Async Capable": false, "Startup Cost": 1000.0, "Total Cost": 5917.68, "Plan Rows": 25, "Plan Width": 4, "Actual Rows": 49, "Actual Loops": 1, "Workers Planned": 1, "Workers Launched": 1, "Single Copy": false, "Plans": [{"Node Type": "Seq Scan", "Parent Relationship": "Outer", "Parallel Aware": true, "Async Capable": false, "Relation Name": "posthistory", "Alias": "ph", "Startup Cost": 0.0, "Total Cost": 4915.18, "Plan Rows": 15, "Plan Width": 4, "Actual Rows": 24, "Actual Loops": 2, "Filter": "((creationdate <= '2012-06-25 16:07:27'::timestamp without time zone) AND (posthistorytypeid = 37))", "Rows Removed by Filter": 151569, "Workers": []}]}]}]}, {"Node Type": "Memoize", "Parent Relationship": "Inner", "Parallel Aware": false, "Async Capable": false, "Startup Cost": 0.3, "Total Cost": 6.18, "Plan Rows": 13, "Plan Width": 4, "Actual Rows": 11992, "Actual Loops": 19314, "Cache Key": "ph.userid", "Cache Mode": "logical", "Cache Hits": 19310, "Cache Misses": 4, "Cache Evictions": 0, "Cache Overflows": 0, "Peak Memory Usage": 593, "Plans": [{"Node Type": "Index Only Scan", "Parent Relationship": "Outer", "Parallel Aware": false, "Async Capable": false, "Scan Direction": "Forward", "Index Name": "idx_comments_userid", "Relation Name": "comments", "Alias": "c", "Startup Cost": 0.29, "Total Cost": 6.17, "Plan Rows": 13, "Plan Width": 4, "Actual Rows": 4210, "Actual Loops": 4, "Index Cond": "(userid = ph.userid)", "Rows Removed by Index Recheck": 0, "Heap Fetches": 0}]}]}]}]}]}, "Planning Time": 6.121, "Triggers": [], "Execution Time": 63364.29}, {"Plan": {"Node Type": "Aggregate", "Strategy": "Plain", "Partial Mode": "Simple", "Parallel Aware": false, "Async Capable": false, "Startup Cost": 95945.41, "Total Cost": 95945.42, "Plan Rows": 1, "Plan Width": 8, "Actual Rows": 1, "Actual Loops": 1, "Plans": [{"Node Type": "Merge Join", "Parent Relationship": "Outer", "Parallel Aware": false, "Async Capable": false, "Join Type": "Inner", "Startup Cost": 1.31, "Total Cost": 95945.34, "Plan Rows": 1.0, "Plan Width": 0, "Actual Rows": 230986920, "Actual Loops": 1, "Inner Unique": false, "Merge Cond": "(u.id = b.userid)", "Plans": [{"Node Type": "Nested Loop", "Parent Relationship": "Outer", "Parallel Aware": false, "Async Capable": false, "Join Type": "Inner", "Startup Cost": 0.71, "Total Cost": 2001.73, "Plan Rows": 1.0, "Plan Width": 8, "Actual Rows": 43, "Actual Loops": 1, "Inner Unique": false, "Plans": [{"Node Type": "Index Scan", "Parent Relationship": "Outer", "Parallel Aware": false, "Async Capable": false, "Scan Direction": "Forward", "Index Name": "users_pkey", "Relation Name": "users", "Alias": "u", "Startup Cost": 0.29, "Total Cost": 1962.04, "Plan Rows": 1, "Plan Width": 4, "Actual Rows": 4, "Actual Loops": 1, "Filter": "((views >= 3064) AND (downvotes >= 68) AND (upvotes >= 6920) AND (upvotes <= 11398) AND (creationdate >= '2010-07-22 12:42:52'::timestamp without time zone) AND (creationdate <= '2012-11-29 23:44:40'::timestamp without time zone))", "Rows Removed by Filter": 40321}, {"Node Type": "Index Scan", "Parent Relationship": "Inner", "Parallel Aware": false, "Async Capable": false, "Scan Direction": "Forward", "Index Name": "idx_posthistory_userid", "Relation Name": "posthistory", "Alias": "ph", "Startup Cost": 0.42, "Total Cost": 39.68, "Plan Rows": 1, "Plan Width": 4, "Actual Rows": 11, "Actual Loops": 4, "Index Cond": "(userid = u.id)", "Rows Removed by Index Recheck": 0, "Filter": "((creationdate <= '2012-06-25 16:07:27'::timestamp without time zone) AND (posthistorytypeid = 37))", "Rows Removed by Filter": 6820}]}, {"Node Type": "Materialize", "Parent Relationship": "Inner", "Parallel Aware": false, "Async Capable": false, "Startup Cost": 0.6, "Total Cost": 55491.77, "Plan Rows": 84554.0, "Plan Width": 8, "Actual Rows": 235119804, "Actual Loops": 1, "Plans": [{"Node Type": "Nested Loop", "Parent Relationship": "Outer", "Parallel Aware": false, "Async Capable": false, "Join Type": "Inner", "Startup Cost": 0.6, "Total Cost": 17043.75, "Plan Rows": 84554.0, "Plan Width": 8, "Actual Rows": 10805112, "Actual Loops": 1, "Inner Unique": false, "Plans": [{"Node Type": "Index Only Scan", "Parent Relationship": "Outer", "Parallel Aware": false, "Async Capable": false, "Scan Direction": "Forward", "Index Name": "idx_comments_userid", "Relation Name": "comments", "Alias": "c", "Startup Cost": 0.29, "Total Cost": 3568.78, "Plan Rows": 174305, "Plan Width": 4, "Actual Rows": 40694, "Actual Loops": 1, "Heap Fetches": 0}, {"Node Type": "Memoize", "Parent Relationship": "Inner", "Parallel Aware": false, "Async Capable": false, "Startup Cost": 0.3, "Total Cost": 0.38, "Plan Rows": 3, "Plan Width": 4, "Actual Rows": 266, "Actual Loops": 40694, "Cache Key": "c.userid", "Cache Mode": "logical", "Cache Hits": 40372, "Cache Misses": 322, "Cache Evictions": 0, "Cache Overflows": 0, "Peak Memory Usage": 263, "Plans": [{"Node Type": "Index Scan", "Parent Relationship": "Outer", "Parallel Aware": false, "Async Capable": false, "Scan Direction": "Forward", "Index Name": "idx_badges_userid", "Relation Name": "badges", "Alias": "b", "Startup Cost": 0.29, "Total Cost": 0.37, "Plan Rows": 3, "Plan Width": 4, "Actual Rows": 21, "Actual Loops": 322, "Index Cond": "(userid = c.userid)", "Rows Removed by Index Recheck": 0, "Filter": "(date <= '2014-09-03 17:44:38'::timestamp without time zone)", "Rows Removed by Filter": 0}]}]}]}]}]}, "Planning Time": 2.88, "Triggers": [], "Execution Time": 27387.906}, {"Plan": {"Node Type": "Aggregate", "Strategy": "Plain", "Partial Mode": "Simple", "Parallel Aware": false, "Async Capable": false, "Startup Cost": 7718.16, "Total Cost": 7718.17, "Plan Rows": 1, "Plan Width": 8, "Actual Rows": 1, "Actual Loops": 1, "Plans": [{"Node Type": "Hash Join", "Parent Relationship": "Outer", "Parallel Aware": false, "Async Capable": false, "Join Type": "Inner", "Startup Cost": 6346.36, "Total Cost": 7718.09, "Plan Rows": 1.0, "Plan Width": 0, "Actual Rows": 230986920, "Actual Loops": 1, "Inner Unique": false, "Hash Cond": "(u.id = ph.userid)", "Plans": [{"Node Type": "Nested Loop", "Parent Relationship": "Outer", "Parallel Aware": false, "Async Capable": false, "Join Type": "Inner", "Startup Cost": 0.29, "Total Cost": 1317.82, "Plan Rows": 1.0, "Plan Width": 8, "Actual Rows": 1295, "Actual Loops": 1, "Inner Unique": false, "Plans": [{"Node Type": "Seq Scan", "Parent Relationship": "Outer", "Parallel Aware": false, "Async Capable": false, "Relation Name": "users", "Alias": "u", "Startup Cost": 0.0, "Total Cost": 1305.12, "Plan Rows": 1, "Plan Width": 4, "Actual Rows": 4, "Actual Loops": 1, "Filter": "((views >= 3064) AND (downvotes >= 68) AND (upvotes >= 6920) AND (upvotes <= 11398) AND (creationdate >= '2010-07-22 12:42:52'::timestamp without time zone) AND (creationdate <= '2012-11-29 23:44:40'::timestamp without time zone))", "Rows Removed by Filter": 40321}, {"Node Type": "Index Scan", "Parent Relationship": "Inner", "Parallel Aware": false, "Async Capable": false, "Scan Direction": "Forward", "Index Name": "idx_badges_userid", "Relation Name": "badges", "Alias": "b", "Startup Cost": 0.29, "Total Cost": 12.66, "Plan Rows": 3, "Plan Width": 4, "Actual Rows": 324, "Actual Loops": 4, "Index Cond": "(userid = u.id)", "Rows Removed by Index Recheck": 0, "Filter": "(date <= '2014-09-03 17:44:38'::timestamp without time zone)", "Rows Removed by Filter": 4}]}, {"Node Type": "Hash", "Parent Relationship": "Inner", "Parallel Aware": false, "Async Capable": false, "Startup Cost": 6075.13, "Total Cost": 6075.13, "Plan Rows": 87.0, "Plan Width": 8, "Actual Rows": 519806, "Actual Loops": 1, "Hash Buckets": 524288, "Original Hash Buckets": 32768, "Hash Batches": 1, "Original Hash Batches": 1, "Peak Memory Usage": 24401, "Plans": [{"Node Type": "Nested Loop", "Parent Relationship": "Outer", "Parallel Aware": false, "Async Capable": false, "Join Type": "Inner", "Startup Cost": 1000.29, "Total Cost": 6075.13, "Plan Rows": 87.0, "Plan Width": 8, "Actual Rows": 519806, "Actual Loops": 1, "Inner Unique": false, "Plans": [{"Node Type": "Gather", "Parent Relationship": "Outer", "Parallel Aware": false, "Async Capable": false, "Startup Cost": 1000.0, "Total Cost": 5917.68, "Plan Rows": 25, "Plan Width": 4, "Actual Rows": 49, "Actual Loops": 1, "Workers Planned": 1, "Workers Launched": 1, "Single Copy": false, "Plans": [{"Node Type": "Seq Scan", "Parent Relationship": "Outer", "Parallel Aware": true, "Async Capable": false, "Relation Name": "posthistory", "Alias": "ph", "Startup Cost": 0.0, "Total Cost": 4915.18, "Plan Rows": 15, "Plan Width": 4, "Actual Rows": 24, "Actual Loops": 2, "Filter": "((creationdate <= '2012-06-25 16:07:27'::timestamp without time zone) AND (posthistorytypeid = 37))", "Rows Removed by Filter": 151569, "Workers": []}]}, {"Node Type": "Index Only Scan", "Parent Relationship": "Inner", "Parallel Aware": false, "Async Capable": false, "Scan Direction": "Forward", "Index Name": "idx_comments_userid", "Relation Name": "comments", "Alias": "c", "Startup Cost": 0.29, "Total Cost": 6.17, "Plan Rows": 13, "Plan Width": 4, "Actual Rows": 10608, "Actual Loops": 49, "Index Cond": "(userid = ph.userid)", "Rows Removed by Index Recheck": 0, "Heap Fetches": 0}]}]}]}]}, "Planning Time": 2.937, "Triggers": [], "Execution Time": 18226.293}, {"Plan": {"Node Type": "Aggregate", "Strategy": "Plain", "Partial Mode": "Finalize", "Parallel Aware": false, "Async Capable": false, "Startup Cost": 7391.4, "Total Cost": 7391.41, "Plan Rows": 1, "Plan Width": 8, "Actual Rows": 1, "Actual Loops": 1, "Plans": [{"Node Type": "Gather", "Parent Relationship": "Outer", "Parallel Aware": false, "Async Capable": false, "Startup Cost": 7391.29, "Total Cost": 7391.4, "Plan Rows": 1, "Plan Width": 8, "Actual Rows": 2, "Actual Loops": 1, "Workers Planned": 1, "Workers Launched": 1, "Single Copy": false, "Plans": [{"Node Type": "Aggregate", "Strategy": "Plain", "Partial Mode": "Partial", "Parent Relationship": "Outer", "Parallel Aware": false, "Async Capable": false, "Startup Cost": 6391.29, "Total Cost": 6391.3, "Plan Rows": 1, "Plan Width": 8, "Actual Rows": 1, "Actual Loops": 2, "Workers": [], "Plans": [{"Node Type": "Hash Join", "Parent Relationship": "Outer", "Parallel Aware": false, "Async Capable": false, "Join Type": "Inner", "Startup Cost": 1318.14, "Total Cost": 6391.25, "Plan Rows": 1.0, "Plan Width": 0, "Actual Rows": 115493460, "Actual Loops": 2, "Inner Unique": false, "Hash Cond": "(ph.userid = u.id)", "Workers": [], "Plans": [{"Node Type": "Nested Loop", "Parent Relationship": "Outer", "Parallel Aware": false, "Async Capable": false, "Join Type": "Inner", "Startup Cost": 0.29, "Total Cost": 5009.65, "Plan Rows": 87.0, "Plan Width": 8, "Actual Rows": 259903, "Actual Loops": 2, "Inner Unique": false, "Workers": [], "Plans": [{"Node Type": "Seq Scan", "Parent Relationship": "Outer", "Parallel Aware": true, "Async Capable": false, "Relation Name": "posthistory", "Alias": "ph", "Startup Cost": 0.0, "Total Cost": 4915.18, "Plan Rows": 15, "Plan Width": 4, "Actual Rows": 24, "Actual Loops": 2, "Filter": "((creationdate <= '2012-06-25 16:07:27'::timestamp without time zone) AND (posthistorytypeid = 37))", "Rows Removed by Filter": 151569, "Workers": []}, {"Node Type": "Index Only Scan", "Parent Relationship": "Inner", "Parallel Aware": false, "Async Capable": false, "Scan Direction": "Forward", "Index Name": "idx_comments_userid", "Relation Name": "comments", "Alias": "c", "Startup Cost": 0.29, "Total Cost": 6.17, "Plan Rows": 13, "Plan Width": 4, "Actual Rows": 10608, "Actual Loops": 49, "Index Cond": "(userid = ph.userid)", "Rows Removed by Index Recheck": 0, "Heap Fetches": 0, "Workers": []}]}, {"Node Type": "Hash", "Parent Relationship": "Inner", "Parallel Aware": false, "Async Capable": false, "Startup Cost": 1317.82, "Total Cost": 1317.82, "Plan Rows": 1.0, "Plan Width": 8, "Actual Rows": 1295, "Actual Loops": 2, "Hash Buckets": 2048, "Original Hash Buckets": 1024, "Hash Batches": 1, "Original Hash Batches": 1, "Peak Memory Usage": 67, "Workers": [], "Plans": [{"Node Type": "Nested Loop", "Parent Relationship": "Outer", "Parallel Aware": false, "Async Capable": false, "Join Type": "Inner", "Startup Cost": 0.29, "Total Cost": 1317.82, "Plan Rows": 1.0, "Plan Width": 8, "Actual Rows": 1295, "Actual Loops": 2, "Inner Unique": false, "Workers": [], "Plans": [{"Node Type": "Seq Scan", "Parent Relationship": "Outer", "Parallel Aware": false, "Async Capable": false, "Relation Name": "users", "Alias": "u", "Startup Cost": 0.0, "Total Cost": 1305.12, "Plan Rows": 1, "Plan Width": 4, "Actual Rows": 4, "Actual Loops": 2, "Filter": "((views >= 3064) AND (downvotes >= 68) AND (upvotes >= 6920) AND (upvotes <= 11398) AND (creationdate >= '2010-07-22 12:42:52'::timestamp without time zone) AND (creationdate <= '2012-11-29 23:44:40'::timestamp without time zone))", "Rows Removed by Filter": 40321, "Workers": []}, {"Node Type": "Index Scan", "Parent Relationship": "Inner", "Parallel Aware": false, "Async Capable": false, "Scan Direction": "Forward", "Index Name": "idx_badges_userid", "Relation Name": "badges", "Alias": "b", "Startup Cost": 0.29, "Total Cost": 12.66, "Plan Rows": 3, "Plan Width": 4, "Actual Rows": 324, "Actual Loops": 8, "Index Cond": "(userid = u.id)", "Rows Removed by Index Recheck": 0, "Filter": "(date <= '2014-09-03 17:44:38'::timestamp without time zone)", "Rows Removed by Filter": 4, "Workers": []}]}]}]}]}]}]}, "Planning Time": 5.749, "Triggers": [], "Execution Time": 6695.216}, {"Plan": {"Node Type": "Aggregate", "Strategy": "Plain", "Partial Mode": "Simple", "Parallel Aware": false, "Async Capable": false, "Startup Cost": 3043.24, "Total Cost": 3043.25, "Plan Rows": 1, "Plan Width": 8, "Actual Rows": 1, "Actual Loops": 1, "Plans": [{"Node Type": "Hash Join", "Parent Relationship": "Outer", "Parallel Aware": false, "Async Capable": false, "Join Type": "Inner", "Startup Cost": 1317.03, "Total Cost": 3043.17, "Plan Rows": 1.0, "Plan Width": 0, "Actual Rows": 230986920, "Actual Loops": 1, "Inner Unique": false, "Hash Cond": "(b.userid = u.id)", "Plans": [{"Node Type": "Seq Scan", "Parent Relationship": "Outer", "Parallel Aware": false, "Async Capable": false, "Relation Name": "badges", "Alias": "b", "Startup Cost": 0.0, "Total Cost": 1430.14, "Plan Rows": 78929, "Plan Width": 4, "Actual Rows": 78934, "Actual Loops": 1, "Filter": "(date <= '2014-09-03 17:44:38'::timestamp without time zone)", "Rows Removed by Filter": 917}, {"Node Type": "Hash", "Parent Relationship": "Inner", "Parallel Aware": false, "Async Capable": false, "Startup Cost": 1317.01, "Total Cost": 1317.01, "Plan Rows": 1.0, "Plan Width": 12, "Actual Rows": 514480, "Actual Loops": 1, "Hash Buckets": 524288, "Original Hash Buckets": 1024, "Hash Batches": 1, "Original Hash Batches": 1, "Peak Memory Usage": 26203, "Plans": [{"Node Type": "Nested Loop", "Parent Relationship": "Outer", "Parallel Aware": false, "Async Capable": false, "Join Type": "Inner", "Startup Cost": 0.72, "Total Cost": 1317.01, "Plan Rows": 1.0, "Plan Width": 12, "Actual Rows": 514480, "Actual Loops": 1, "Inner Unique": false, "Join Filter": "(ph.userid = u.id)", "Rows Removed by Join Filter": 0, "Plans": [{"Node Type": "Nested Loop", "Parent Relationship": "Outer", "Parallel Aware": false, "Async Capable": false, "Join Type": "Inner", "Startup Cost": 0.29, "Total Cost": 1313.78, "Plan Rows": 1.0, "Plan Width": 8, "Actual Rows": 28332, "Actual Loops": 1, "Inner Unique": false, "Plans": [{"Node Type": "Seq Scan", "Parent Relationship": "Outer", "Parallel Aware": false, "Async Capable": false, "Relation Name": "users", "Alias": "u", "Startup Cost": 0.0, "Total Cost": 1305.12, "Plan Rows": 1, "Plan Width": 4, "Actual Rows": 4, "Actual Loops": 1, "Filter": "((views >= 3064) AND (downvotes >= 68) AND (upvotes >= 6920) AND (upvotes <= 11398) AND (creationdate >= '2010-07-22 12:42:52'::timestamp without time zone) AND (creationdate <= '2012-11-29 23:44:40'::timestamp without time zone))", "Rows Removed by Filter": 40321}, {"Node Type": "Index Only Scan", "Parent Relationship": "Inner", "Parallel Aware": false, "Async Capable": false, "Scan Direction": "Forward", "Index Name": "idx_comments_userid", "Relation Name": "comments", "Alias": "c", "Startup Cost": 0.29, "Total Cost": 8.52, "Plan Rows": 13, "Plan Width": 4, "Actual Rows": 7083, "Actual Loops": 4, "Index Cond": "(userid = u.id)", "Rows Removed by Index Recheck": 0, "Heap Fetches": 0}]}, {"Node Type": "Index Scan", "Parent Relationship": "Inner", "Parallel Aware": false, "Async Capable": false, "Scan Direction": "Forward", "Index Name": "idx_posthistory_userid", "Relation Name": "posthistory", "Alias": "ph", "Startup Cost": 0.42, "Total Cost": 0.8, "Plan Rows": 1, "Plan Width": 4, "Actual Rows": 18, "Actual Loops": 28332, "Index Cond": "(userid = c.userid)", "Rows Removed by Index Recheck": 0, "Filter": "((creationdate <= '2012-06-25 16:07:27'::timestamp without time zone) AND (posthistorytypeid = 37))", "Rows Removed by Filter": 6955}]}]}]}]}, "Planning Time": 3.134, "Triggers": [], "Execution Time": 50810.127}, {"Plan": {"Node Type": "Aggregate", "Strategy": "Plain", "Partial Mode": "Simple", "Parallel Aware": false, "Async Capable": false, "Startup Cost": 1404.23, "Total Cost": 1404.24, "Plan Rows": 1, "Plan Width": 8, "Actual Rows": 1, "Actual Loops": 1, "Plans": [{"Node Type": "Nested Loop", "Parent Relationship": "Outer", "Parallel Aware": false, "Async Capable": false, "Join Type": "Inner", "Startup Cost": 1.02, "Total Cost": 1404.16, "Plan Rows": 1.0, "Plan Width": 0, "Actual Rows": 230986920, "Actual Loops": 1, "Inner Unique": false, "Plans": [{"Node Type": "Nested Loop", "Parent Relationship": "Outer", "Parallel Aware": false, "Async Capable": false, "Join Type": "Inner", "Startup Cost": 0.59, "Total Cost": 1315.39, "Plan Rows": 2.0, "Plan Width": 12, "Actual Rows": 10358464, "Actual Loops": 1, "Inner Unique": false, "Join Filter": "(b.userid = u.id)", "Rows Removed by Join Filter": 0, "Plans": [{"Node Type": "Nested Loop", "Parent Relationship": "Outer", "Parallel Aware": false, "Async Capable": false, "Join Type": "Inner", "Startup Cost": 0.29, "Total Cost": 1313.78, "Plan Rows": 1.0, "Plan Width": 8, "Actual Rows": 28332, "Actual Loops": 1, "Inner Unique": false, "Plans": [{"Node Type": "Seq Scan", "Parent Relationship": "Outer", "Parallel Aware": false, "Async Capable": false, "Relation Name": "users", "Alias": "u", "Startup Cost": 0.0, "Total Cost": 1305.12, "Plan Rows": 1, "Plan Width": 4, "Actual Rows": 4, "Actual Loops": 1, "Filter": "((views >= 3064) AND (downvotes >= 68) AND (upvotes >= 6920) AND (upvotes <= 11398) AND (creationdate >= '2010-07-22 12:42:52'::timestamp without time zone) AND (creationdate <= '2012-11-29 23:44:40'::timestamp without time zone))", "Rows Removed by Filter": 40321}, {"Node Type": "Index Only Scan", "Parent Relationship": "Inner", "Parallel Aware": false, "Async Capable": false, "Scan Direction": "Forward", "Index Name": "idx_comments_userid", "Relation Name": "comments", "Alias": "c", "Startup Cost": 0.29, "Total Cost": 8.52, "Plan Rows": 13, "Plan Width": 4, "Actual Rows": 7083, "Actual Loops": 4, "Index Cond": "(userid = u.id)", "Rows Removed by Index Recheck": 0, "Heap Fetches": 0}]}, {"Node Type": "Index Scan", "Parent Relationship": "Inner", "Parallel Aware": false, "Async Capable": false, "Scan Direction": "Forward", "Index Name": "idx_badges_userid", "Relation Name": "badges", "Alias": "b", "Startup Cost": 0.29, "Total Cost": 0.37, "Plan Rows": 3, "Plan Width": 4, "Actual Rows": 366, "Actual Loops": 28332, "Index Cond": "(userid = c.userid)", "Rows Removed by Index Recheck": 0, "Filter": "(date <= '2014-09-03 17:44:38'::timestamp without time zone)", "Rows Removed by Filter": 5}]}, {"Node Type": "Memoize", "Parent Relationship": "Inner", "Parallel Aware": false, "Async Capable": false, "Startup Cost": 0.43, "Total Cost": 39.69, "Plan Rows": 1, "Plan Width": 4, "Actual Rows": 22, "Actual Loops": 10358464, "Cache Key": "u.id", "Cache Mode": "logical", "Cache Hits": 10358460, "Cache Misses": 4, "Cache Evictions": 0, "Cache Overflows": 0, "Peak Memory Usage": 2, "Plans": [{"Node Type": "Index Scan", "Parent Relationship": "Outer", "Parallel Aware": false, "Async Capable": false, "Scan Direction": "Forward", "Index Name": "idx_posthistory_userid", "Relation Name": "posthistory", "Alias": "ph", "Startup Cost": 0.42, "Total Cost": 39.68, "Plan Rows": 1, "Plan Width": 4, "Actual Rows": 11, "Actual Loops": 4, "Index Cond": "(userid = u.id)", "Rows Removed by Index Recheck": 0, "Filter": "((creationdate <= '2012-06-25 16:07:27'::timestamp without time zone) AND (posthistorytypeid = 37))", "Rows Removed by Filter": 6820}]}]}]}, "Planning Time": 2.602, "Triggers": [], "Execution Time": 13136.578}]