[{"Plan": {"Node Type": "Aggregate", "Strategy": "Plain", "Partial Mode": "Simple", "Parallel Aware": false, "Async Capable": false, "Startup Cost": 1468.62, "Total Cost": 1468.63, "Plan Rows": 1, "Plan Width": 8, "Actual Rows": 1, "Actual Loops": 1, "Plans": [{"Node Type": "Nested Loop", "Parent Relationship": "Outer", "Parallel Aware": false, "Async Capable": false, "Join Type": "Inner", "Startup Cost": 1.01, "Total Cost": 1468.61, "Plan Rows": 333.0, "Plan Width": 0, "Actual Rows": 17753, "Actual Loops": 1, "Inner Unique": false, "Plans": [{"Node Type": "Nested Loop", "Parent Relationship": "Outer", "Parallel Aware": false, "Async Capable": false, "Join Type": "Inner", "Startup Cost": 0.58, "Total Cost": 1441.65, "Plan Rows": 16.0, "Plan Width": 4, "Actual Rows": 580, "Actual Loops": 1, "Inner Unique": false, "Join Filter": "(p.owneruserid = u.id)", "Rows Removed by Join Filter": 0, "Plans": [{"Node Type": "Nested Loop", "Parent Relationship": "Outer", "Parallel Aware": false, "Async Capable": false, "Join Type": "Inner", "Startup Cost": 0.29, "Total Cost": 1428.08, "Plan Rows": 306.0, "Plan Width": 8, "Actual Rows": 659, "Actual Loops": 1, "Inner Unique": false, "Plans": [{"Node Type": "Seq Scan", "Parent Relationship": "Outer", "Parallel Aware": false, "Async Capable": false, "Relation Name": "users", "Alias": "u", "Startup Cost": 0.0, "Total Cost": 1002.69, "Plan Rows": 37, "Plan Width": 4, "Actual Rows": 23, "Actual Loops": 1, "Filter": "((downvotes <= 1761) AND (upvotes >= 1126) AND (creationdate >= '2010-09-12 00:00:33'::timestamp without time zone))", "Rows Removed by Filter": 40302}, {"Node Type": "Index Scan", "Parent Relationship": "Inner", "Parallel Aware": false, "Async Capable": false, "Scan Direction": "Forward", "Index Name": "idx_badges_userid", "Relation Name": "badges", "Alias": "b", "Startup Cost": 0.29, "Total Cost": 11.49, "Plan Rows": 1, "Plan Width": 4, "Actual Rows": 29, "Actual Loops": 23, "Index Cond": "(userid = u.id)", "Rows Removed by Index Recheck": 0, "Filter": "((date >= '2012-05-28 12:08:46'::timestamp without time zone) AND (date <= '2013-08-16 06:20:43'::timestamp without time zone))", "Rows Removed by Filter": 44}]}, {"Node Type": "Index Scan", "Parent Relationship": "Inner", "Parallel Aware": false, "Async Capable": false, "Scan Direction": "Forward", "Index Name": "idx_posts_owneruserid", "Relation Name": "posts", "Alias": "p", "Startup Cost": 0.29, "Total Cost": 0.55, "Plan Rows": 1, "Plan Width": 8, "Actual Rows": 1, "Actual Loops": 659, "Index Cond": "(owneruserid = b.userid)", "Rows Removed by Index Recheck": 0, "Filter": "((score >= '-6'::integer) AND (favoritecount >= 11) AND (favoritecount <= 220) AND (posttypeid = 1))", "Rows Removed by Filter": 350}]}, {"Node Type": "Index Scan", "Parent Relationship": "Inner", "Parallel Aware": false, "Async Capable": false, "Scan Direction": "Forward", "Index Name": "idx_votes_postid", "Relation Name": "votes", "Alias": "v", "Startup Cost": 0.42, "Total Cost": 13.45, "Plan Rows": 3, "Plan Width": 4, "Actual Rows": 31, "Actual Loops": 580, "Index Cond": "(postid = p.id)", "Rows Removed by Index Recheck": 0, "Filter": "(creationdate <= '2013-08-05 07:00:00'::timestamp without time zone)", "Rows Removed by Filter": 17}]}]}, "Planning Time": 0.85, "Triggers": [], "Execution Time": 50.464}, {"Plan": {"Node Type": "Aggregate", "Strategy": "Plain", "Partial Mode": "Simple", "Parallel Aware": false, "Async Capable": false, "Startup Cost": 6633.01, "Total Cost": 6633.02, "Plan Rows": 1, "Plan Width": 8, "Actual Rows": 1, "Actual Loops": 1, "Plans": [{"Node Type": "Hash Join", "Parent Relationship": "Outer", "Parallel Aware": false, "Async Capable": false, "Join Type": "Inner", "Startup Cost": 5192.51, "Total Cost": 6633.0, "Plan Rows": 333.0, "Plan Width": 0, "Actual Rows": 17753, "Actual Loops": 1, "Inner Unique": false, "Hash Cond": "(u.id = p.owneruserid)", "Plans": [{"Node Type": "Nested Loop", "Parent Relationship": "Outer", "Parallel Aware": false, "Async Capable": false, "Join Type": "Inner", "Startup Cost": 0.29, "Total Cost": 1428.08, "Plan Rows": 306.0, "Plan Width": 8, "Actual Rows": 659, "Actual Loops": 1, "Inner Unique": false, "Plans": [{"Node Type": "Seq Scan", "Parent Relationship": "Outer", "Parallel Aware": false, "Async Capable": false, "Relation Name": "users", "Alias": "u", "Startup Cost": 0.0, "Total Cost": 1002.69, "Plan Rows": 37, "Plan Width": 4, "Actual Rows": 23, "Actual Loops": 1, "Filter": "((downvotes <= 1761) AND (upvotes >= 1126) AND (creationdate >= '2010-09-12 00:00:33'::timestamp without time zone))", "Rows Removed by Filter": 40302}, {"Node Type": "Index Scan", "Parent Relationship": "Inner", "Parallel Aware": false, "Async Capable": false, "Scan Direction": "Forward", "Index Name": "idx_badges_userid", "Relation Name": "badges", "Alias": "b", "Startup Cost": 0.29, "Total Cost": 11.49, "Plan Rows": 1, "Plan Width": 4, "Actual Rows": 29, "Actual Loops": 23, "Index Cond": "(userid = u.id)", "Rows Removed by Index Recheck": 0, "Filter": "((date >= '2012-05-28 12:08:46'::timestamp without time zone) AND (date <= '2013-08-16 06:20:43'::timestamp without time zone))", "Rows Removed by Filter": 44}]}, {"Node Type": "Hash", "Parent Relationship": "Inner", "Parallel Aware": false, "Async Capable": false, "Startup Cost": 5186.96, "Total Cost": 5186.96, "Plan Rows": 552.0, "Plan Width": 4, "Actual Rows": 14932, "Actual Loops": 1, "Hash Buckets": 16384, "Original Hash Buckets": 1024, "Hash Batches": 1, "Original Hash Batches": 1, "Peak Memory Usage": 653, "Plans": [{"Node Type": "Nested Loop", "Parent Relationship": "Outer", "Parallel Aware": false, "Async Capable": false, "Join Type": "Inner", "Startup Cost": 0.42, "Total Cost": 5186.96, "Plan Rows": 552.0, "Plan Width": 4, "Actual Rows": 15366, "Actual Loops": 1, "Inner Unique": false, "Plans": [{"Node Type": "Seq Scan", "Parent Relationship": "Outer", "Parallel Aware": false, "Async Capable": false, "Relation Name": "posts", "Alias": "p", "Startup Cost": 0.0, "Total Cost": 2679.52, "Plan Rows": 186, "Plan Width": 8, "Actual Rows": 399, "Actual Loops": 1, "Filter": "((score >= '-6'::integer) AND (favoritecount >= 11) AND (favoritecount <= 220) AND (posttypeid = 1))", "Rows Removed by Filter": 91577}, {"Node Type": "Index Scan", "Parent Relationship": "Inner", "Parallel Aware": false, "Async Capable": false, "Scan Direction": "Forward", "Index Name": "idx_votes_postid", "Relation Name": "votes", "Alias": "v", "Startup Cost": 0.42, "Total Cost": 13.45, "Plan Rows": 3, "Plan Width": 4, "Actual Rows": 39, "Actual Loops": 399, "Index Cond": "(postid = p.id)", "Rows Removed by Index Recheck": 0, "Filter": "(creationdate <= '2013-08-05 07:00:00'::timestamp without time zone)", "Rows Removed by Filter": 18}]}]}]}]}, "Planning Time": 1.371, "Triggers": [], "Execution Time": 60.34}, {"Plan": {"Node Type": "Aggregate", "Strategy": "Plain", "Partial Mode": "Simple", "Parallel Aware": false, "Async Capable": false, "Startup Cost": 7734.41, "Total Cost": 7734.42, "Plan Rows": 1, "Plan Width": 8, "Actual Rows": 1, "Actual Loops": 1, "Plans": [{"Node Type": "Hash Join", "Parent Relationship": "Outer", "Parallel Aware": false, "Async Capable": false, "Join Type": "Inner", "Startup Cost": 1003.88, "Total Cost": 7734.4, "Plan Rows": 333.0, "Plan Width": 0, "Actual Rows": 17753, "Actual Loops": 1, "Inner Unique": true, "Hash Cond": "(p.owneruserid = u.id)", "Plans": [{"Node Type": "Nested Loop", "Parent Relationship": "Outer", "Parallel Aware": false, "Async Capable": false, "Join Type": "Inner", "Startup Cost": 0.72, "Total Cost": 6717.48, "Plan Rows": 6626.0, "Plan Width": 8, "Actual Rows": 242593, "Actual Loops": 1, "Inner Unique": false, "Plans": [{"Node Type": "Nested Loop", "Parent Relationship": "Outer", "Parallel Aware": false, "Async Capable": false, "Join Type": "Inner", "Startup Cost": 0.42, "Total Cost": 5186.96, "Plan Rows": 552.0, "Plan Width": 4, "Actual Rows": 15366, "Actual Loops": 1, "Inner Unique": false, "Plans": [{"Node Type": "Seq Scan", "Parent Relationship": "Outer", "Parallel Aware": false, "Async Capable": false, "Relation Name": "posts", "Alias": "p", "Startup Cost": 0.0, "Total Cost": 2679.52, "Plan Rows": 186, "Plan Width": 8, "Actual Rows": 399, "Actual Loops": 1, "Filter": "((score >= '-6'::integer) AND (favoritecount >= 11) AND (favoritecount <= 220) AND (posttypeid = 1))", "Rows Removed by Filter": 91577}, {"Node Type": "Index Scan", "Parent Relationship": "Inner", "Parallel Aware": false, "Async Capable": false, "Scan Direction": "Forward", "Index Name": "idx_votes_postid", "Relation Name": "votes", "Alias": "v", "Startup Cost": 0.42, "Total Cost": 13.45, "Plan Rows": 3, "Plan Width": 4, "Actual Rows": 39, "Actual Loops": 399, "Index Cond": "(postid = p.id)", "Rows Removed by Index Recheck": 0, "Filter": "(creationdate <= '2013-08-05 07:00:00'::timestamp without time zone)", "Rows Removed by Filter": 18}]}, {"Node Type": "Memoize", "Parent Relationship": "Inner", "Parallel Aware": false, "Async Capable": false, "Startup Cost": 0.3, "Total Cost": 8.2, "Plan Rows": 1, "Plan Width": 4, "Actual Rows": 16, "Actual Loops": 15366, "Cache Key": "p.owneruserid", "Cache Mode": "logical", "Cache Hits": 15098, "Cache Misses": 268, "Cache Evictions": 0, "Cache Overflows": 0, "Peak Memory Usage": 106, "Plans": [{"Node Type": "Index Scan", "Parent Relationship": "Outer", "Parallel Aware": false, "Async Capable": false, "Scan Direction": "Forward", "Index Name": "idx_badges_userid", "Relation Name": "badges", "Alias": "b", "Startup Cost": 0.29, "Total Cost": 8.19, "Plan Rows": 1, "Plan Width": 4, "Actual Rows": 9, "Actual Loops": 268, "Index Cond": "(userid = p.owneruserid)", "Rows Removed by Index Recheck": 0, "Filter": "((date >= '2012-05-28 12:08:46'::timestamp without time zone) AND (date <= '2013-08-16 06:20:43'::timestamp without time zone))", "Rows Removed by Filter": 19}]}]}, {"Node Type": "Hash", "Parent Relationship": "Inner", "Parallel Aware": false, "Async Capable": false, "Startup Cost": 1002.69, "Total Cost": 1002.69, "Plan Rows": 37, "Plan Width": 4, "Actual Rows": 23, "Actual Loops": 1, "Hash Buckets": 1024, "Original Hash Buckets": 1024, "Hash Batches": 1, "Original Hash Batches": 1, "Peak Memory Usage": 9, "Plans": [{"Node Type": "Seq Scan", "Parent Relationship": "Outer", "Parallel Aware": false, "Async Capable": false, "Relation Name": "users", "Alias": "u", "Startup Cost": 0.0, "Total Cost": 1002.69, "Plan Rows": 37, "Plan Width": 4, "Actual Rows": 23, "Actual Loops": 1, "Filter": "((downvotes <= 1761) AND (upvotes >= 1126) AND (creationdate >= '2010-09-12 00:00:33'::timestamp without time zone))", "Rows Removed by Filter": 40302}]}]}]}, "Planning Time": 1.404, "Triggers": [], "Execution Time": 84.201}, {"Plan": {"Node Type": "Aggregate", "Strategy": "Plain", "Partial Mode": "Finalize", "Parallel Aware": false, "Async Capable": false, "Startup Cost": 7473.49, "Total Cost": 7473.5, "Plan Rows": 1, "Plan Width": 8, "Actual Rows": 1, "Actual Loops": 1, "Plans": [{"Node Type": "Gather", "Parent Relationship": "Outer", "Parallel Aware": false, "Async Capable": false, "Startup Cost": 7473.37, "Total Cost": 7473.48, "Plan Rows": 1, "Plan Width": 8, "Actual Rows": 2, "Actual Loops": 1, "Workers Planned": 1, "Workers Launched": 1, "Single Copy": false, "Plans": [{"Node Type": "Aggregate", "Strategy": "Plain", "Partial Mode": "Partial", "Parent Relationship": "Outer", "Parallel Aware": false, "Async Capable": false, "Startup Cost": 6473.37, "Total Cost": 6473.38, "Plan Rows": 1, "Plan Width": 8, "Actual Rows": 1, "Actual Loops": 2, "Workers": [], "Plans": [{"Node Type": "Hash Join", "Parent Relationship": "Outer", "Parallel Aware": false, "Async Capable": false, "Join Type": "Inner", "Startup Cost": 1441.67, "Total Cost": 6473.37, "Plan Rows": 333.0, "Plan Width": 0, "Actual Rows": 8876, "Actual Loops": 2, "Inner Unique": false, "Hash Cond": "(v.postid = p.id)", "Workers": [], "Plans": [{"Node Type": "Seq Scan", "Parent Relationship": "Outer", "Parallel Aware": true, "Async Capable": false, "Relation Name": "votes", "Alias": "v", "Startup Cost": 0.0, "Total Cost": 4572.24, "Plan Rows": 122515, "Plan Width": 4, "Actual Rows": 104008, "Actual Loops": 2, "Filter": "(creationdate <= '2013-08-05 07:00:00'::timestamp without time zone)", "Rows Removed by Filter": 60024, "Workers": []}, {"Node Type": "Hash", "Parent Relationship": "Inner", "Parallel Aware": false, "Async Capable": false, "Startup Cost": 1441.65, "Total Cost": 1441.65, "Plan Rows": 16.0, "Plan Width": 4, "Actual Rows": 580, "Actual Loops": 2, "Hash Buckets": 1024, "Original Hash Buckets": 1024, "Hash Batches": 1, "Original Hash Batches": 1, "Peak Memory Usage": 29, "Workers": [], "Plans": [{"Node Type": "Nested Loop", "Parent Relationship": "Outer", "Parallel Aware": false, "Async Capable": false, "Join Type": "Inner", "Startup Cost": 0.58, "Total Cost": 1441.65, "Plan Rows": 16.0, "Plan Width": 4, "Actual Rows": 580, "Actual Loops": 2, "Inner Unique": false, "Join Filter": "(p.owneruserid = u.id)", "Rows Removed by Join Filter": 0, "Workers": [], "Plans": [{"Node Type": "Nested Loop", "Parent Relationship": "Outer", "Parallel Aware": false, "Async Capable": false, "Join Type": "Inner", "Startup Cost": 0.29, "Total Cost": 1428.08, "Plan Rows": 306.0, "Plan Width": 8, "Actual Rows": 659, "Actual Loops": 2, "Inner Unique": false, "Workers": [], "Plans": [{"Node Type": "Seq Scan", "Parent Relationship": "Outer", "Parallel Aware": false, "Async Capable": false, "Relation Name": "users", "Alias": "u", "Startup Cost": 0.0, "Total Cost": 1002.69, "Plan Rows": 37, "Plan Width": 4, "Actual Rows": 23, "Actual Loops": 2, "Filter": "((downvotes <= 1761) AND (upvotes >= 1126) AND (creationdate >= '2010-09-12 00:00:33'::timestamp without time zone))", "Rows Removed by Filter": 40302, "Workers": []}, {"Node Type": "Index Scan", "Parent Relationship": "Inner", "Parallel Aware": false, "Async Capable": false, "Scan Direction": "Forward", "Index Name": "idx_badges_userid", "Relation Name": "badges", "Alias": "b", "Startup Cost": 0.29, "Total Cost": 11.49, "Plan Rows": 1, "Plan Width": 4, "Actual Rows": 29, "Actual Loops": 46, "Index Cond": "(userid = u.id)", "Rows Removed by Index Recheck": 0, "Filter": "((date >= '2012-05-28 12:08:46'::timestamp without time zone) AND (date <= '2013-08-16 06:20:43'::timestamp without time zone))", "Rows Removed by Filter": 44, "Workers": []}]}, {"Node Type": "Index Scan", "Parent Relationship": "Inner", "Parallel Aware": false, "Async Capable": false, "Scan Direction": "Forward", "Index Name": "idx_posts_owneruserid", "Relation Name": "posts", "Alias": "p", "Startup Cost": 0.29, "Total Cost": 0.55, "Plan Rows": 1, "Plan Width": 8, "Actual Rows": 1, "Actual Loops": 1318, "Index Cond": "(owneruserid = b.userid)", "Rows Removed by Index Recheck": 0, "Filter": "((score >= '-6'::integer) AND (favoritecount >= 11) AND (favoritecount <= 220) AND (posttypeid = 1))", "Rows Removed by Filter": 350, "Workers": []}]}]}]}]}]}]}, "Planning Time": 1.868, "Triggers": [], "Execution Time": 101.26}, {"Plan": {"Node Type": "Aggregate", "Strategy": "Plain", "Partial Mode": "Simple", "Parallel Aware": false, "Async Capable": false, "Startup Cost": 3252.76, "Total Cost": 3252.77, "Plan Rows": 1, "Plan Width": 8, "Actual Rows": 1, "Actual Loops": 1, "Plans": [{"Node Type": "Hash Join", "Parent Relationship": "Outer", "Parallel Aware": false, "Async Capable": false, "Join Type": "Inner", "Startup Cost": 1526.1, "Total Cost": 3252.75, "Plan Rows": 333.0, "Plan Width": 0, "Actual Rows": 17753, "Actual Loops": 1, "Inner Unique": false, "Hash Cond": "(b.userid = u.id)", "Plans": [{"Node Type": "Seq Scan", "Parent Relationship": "Outer", "Parallel Aware": false, "Async Capable": false, "Relation Name": "badges", "Alias": "b", "Startup Cost": 0.0, "Total Cost": 1629.76, "Plan Rows": 25832, "Plan Width": 4, "Actual Rows": 25838, "Actual Loops": 1, "Filter": "((date >= '2012-05-28 12:08:46'::timestamp without time zone) AND (date <= '2013-08-16 06:20:43'::timestamp without time zone))", "Rows Removed by Filter": 54013}, {"Node Type": "Hash", "Parent Relationship": "Inner", "Parallel Aware": false, "Async Capable": false, "Startup Cost": 1526.09, "Total Cost": 1526.09, "Plan Rows": 43.0, "Plan Width": 8, "Actual Rows": 351, "Actual Loops": 1, "Hash Buckets": 1024, "Original Hash Buckets": 1024, "Hash Batches": 1, "Original Hash Batches": 1, "Peak Memory Usage": 22, "Plans": [{"Node Type": "Nested Loop", "Parent Relationship": "Outer", "Parallel Aware": false, "Async Capable": false, "Join Type": "Inner", "Startup Cost": 0.71, "Total Cost": 1526.09, "Plan Rows": 43.0, "Plan Width": 8, "Actual Rows": 351, "Actual Loops": 1, "Inner Unique": false, "Plans": [{"Node Type": "Nested Loop", "Parent Relationship": "Outer", "Parallel Aware": false, "Async Capable": false, "Join Type": "Inner", "Startup Cost": 0.29, "Total Cost": 1512.61, "Plan Rows": 2.0, "Plan Width": 12, "Actual Rows": 11, "Actual Loops": 1, "Inner Unique": false, "Plans": [{"Node Type": "Seq Scan", "Parent Relationship": "Outer", "Parallel Aware": false, "Async Capable": false, "Relation Name": "users", "Alias": "u", "Startup Cost": 0.0, "Total Cost": 1002.69, "Plan Rows": 37, "Plan Width": 4, "Actual Rows": 23, "Actual Loops": 1, "Filter": "((downvotes <= 1761) AND (upvotes >= 1126) AND (creationdate >= '2010-09-12 00:00:33'::timestamp without time zone))", "Rows Removed by Filter": 40302}, {"Node Type": "Index Scan", "Parent Relationship": "Inner", "Parallel Aware": false, "Async Capable": false, "Scan Direction": "Forward", "Index Name": "idx_posts_owneruserid", "Relation Name": "posts", "Alias": "p", "Startup Cost": 0.29, "Total Cost": 13.77, "Plan Rows": 1, "Plan Width": 8, "Actual Rows": 0, "Actual Loops": 23, "Index Cond": "(owneruserid = u.id)", "Rows Removed by Index Recheck": 0, "Filter": "((score >= '-6'::integer) AND (favoritecount >= 11) AND (favoritecount <= 220) AND (posttypeid = 1))", "Rows Removed by Filter": 235}]}, {"Node Type": "Index Scan", "Parent Relationship": "Inner", "Parallel Aware": false, "Async Capable": false, "Scan Direction": "Forward", "Index Name": "idx_votes_postid", "Relation Name": "votes", "Alias": "v", "Startup Cost": 0.42, "Total Cost": 13.45, "Plan Rows": 3, "Plan Width": 4, "Actual Rows": 32, "Actual Loops": 11, "Index Cond": "(postid = p.id)", "Rows Removed by Index Recheck": 0, "Filter": "(creationdate <= '2013-08-05 07:00:00'::timestamp without time zone)", "Rows Removed by Filter": 14}]}]}]}]}, "Planning Time": 1.17, "Triggers": [], "Execution Time": 12.939}, {"Plan": {"Node Type": "Aggregate", "Strategy": "Plain", "Partial Mode": "Simple", "Parallel Aware": false, "Async Capable": false, "Startup Cost": 6616.94, "Total Cost": 6616.95, "Plan Rows": 1, "Plan Width": 8, "Actual Rows": 1, "Actual Loops": 1, "Plans": [{"Node Type": "Hash Join", "Parent Relationship": "Outer", "Parallel Aware": false, "Async Capable": false, "Join Type": "Inner", "Startup Cost": 1428.8, "Total Cost": 6616.92, "Plan Rows": 333.0, "Plan Width": 0, "Actual Rows": 17753, "Actual Loops": 1, "Inner Unique": false, "Hash Cond": "(p.owneruserid = u.id)", "Plans": [{"Node Type": "Nested Loop", "Parent Relationship": "Outer", "Parallel Aware": false, "Async Capable": false, "Join Type": "Inner", "Startup Cost": 0.42, "Total Cost": 5186.96, "Plan Rows": 552.0, "Plan Width": 4, "Actual Rows": 15366, "Actual Loops": 1, "Inner Unique": false, "Plans": [{"Node Type": "Seq Scan", "Parent Relationship": "Outer", "Parallel Aware": false, "Async Capable": false, "Relation Name": "posts", "Alias": "p", "Startup Cost": 0.0, "Total Cost": 2679.52, "Plan Rows": 186, "Plan Width": 8, "Actual Rows": 399, "Actual Loops": 1, "Filter": "((score >= '-6'::integer) AND (favoritecount >= 11) AND (favoritecount <= 220) AND (posttypeid = 1))", "Rows Removed by Filter": 91577}, {"Node Type": "Index Scan", "Parent Relationship": "Inner", "Parallel Aware": false, "Async Capable": false, "Scan Direction": "Forward", "Index Name": "idx_votes_postid", "Relation Name": "votes", "Alias": "v", "Startup Cost": 0.42, "Total Cost": 13.45, "Plan Rows": 3, "Plan Width": 4, "Actual Rows": 39, "Actual Loops": 399, "Index Cond": "(postid = p.id)", "Rows Removed by Index Recheck": 0, "Filter": "(creationdate <= '2013-08-05 07:00:00'::timestamp without time zone)", "Rows Removed by Filter": 18}]}, {"Node Type": "Hash", "Parent Relationship": "Inner", "Parallel Aware": false, "Async Capable": false, "Startup Cost": 1428.08, "Total Cost": 1428.08, "Plan Rows": 306.0, "Plan Width": 8, "Actual Rows": 659, "Actual Loops": 1, "Hash Buckets": 1024, "Original Hash Buckets": 1024, "Hash Batches": 1, "Original Hash Batches": 1, "Peak Memory Usage": 34, "Plans": [{"Node Type": "Nested Loop", "Parent Relationship": "Outer", "Parallel Aware": false, "Async Capable": false, "Join Type": "Inner", "Startup Cost": 0.29, "Total Cost": 1428.08, "Plan Rows": 306.0, "Plan Width": 8, "Actual Rows": 659, "Actual Loops": 1, "Inner Unique": false, "Plans": [{"Node Type": "Seq Scan", "Parent Relationship": "Outer", "Parallel Aware": false, "Async Capable": false, "Relation Name": "users", "Alias": "u", "Startup Cost": 0.0, "Total Cost": 1002.69, "Plan Rows": 37, "Plan Width": 4, "Actual Rows": 23, "Actual Loops": 1, "Filter": "((downvotes <= 1761) AND (upvotes >= 1126) AND (creationdate >= '2010-09-12 00:00:33'::timestamp without time zone))", "Rows Removed by Filter": 40302}, {"Node Type": "Index Scan", "Parent Relationship": "Inner", "Parallel Aware": false, "Async Capable": false, "Scan Direction": "Forward", "Index Name": "idx_badges_userid", "Relation Name": "badges", "Alias": "b", "Startup Cost": 0.29, "Total Cost": 11.49, "Plan Rows": 1, "Plan Width": 4, "Actual Rows": 29, "Actual Loops": 23, "Index Cond": "(userid = u.id)", "Rows Removed by Index Recheck": 0, "Filter": "((date >= '2012-05-28 12:08:46'::timestamp without time zone) AND (date <= '2013-08-16 06:20:43'::timestamp without time zone))", "Rows Removed by Filter": 44}]}]}]}]}, "Planning Time": 1.343, "Triggers": [], "Execution Time": 57.875}, {"Plan": {"Node Type": "Aggregate", "Strategy": "Plain", "Partial Mode": "Simple", "Parallel Aware": false, "Async Capable": false, "Startup Cost": 1534.31, "Total Cost": 1534.32, "Plan Rows": 1, "Plan Width": 8, "Actual Rows": 1, "Actual Loops": 1, "Plans": [{"Node Type": "Nested Loop", "Parent Relationship": "Outer", "Parallel Aware": false, "Async Capable": false, "Join Type": "Inner", "Startup Cost": 1.01, "Total Cost": 1534.29, "Plan Rows": 333.0, "Plan Width": 0, "Actual Rows": 17753, "Actual Loops": 1, "Inner Unique": false, "Join Filter": "(b.userid = u.id)", "Rows Removed by Join Filter": 0, "Plans": [{"Node Type": "Nested Loop", "Parent Relationship": "Outer", "Parallel Aware": false, "Async Capable": false, "Join Type": "Inner", "Startup Cost": 0.71, "Total Cost": 1526.09, "Plan Rows": 43.0, "Plan Width": 8, "Actual Rows": 351, "Actual Loops": 1, "Inner Unique": false, "Plans": [{"Node Type": "Nested Loop", "Parent Relationship": "Outer", "Parallel Aware": false, "Async Capable": false, "Join Type": "Inner", "Startup Cost": 0.29, "Total Cost": 1512.61, "Plan Rows": 2.0, "Plan Width": 12, "Actual Rows": 11, "Actual Loops": 1, "Inner Unique": false, "Plans": [{"Node Type": "Seq Scan", "Parent Relationship": "Outer", "Parallel Aware": false, "Async Capable": false, "Relation Name": "users", "Alias": "u", "Startup Cost": 0.0, "Total Cost": 1002.69, "Plan Rows": 37, "Plan Width": 4, "Actual Rows": 23, "Actual Loops": 1, "Filter": "((downvotes <= 1761) AND (upvotes >= 1126) AND (creationdate >= '2010-09-12 00:00:33'::timestamp without time zone))", "Rows Removed by Filter": 40302}, {"Node Type": "Index Scan", "Parent Relationship": "Inner", "Parallel Aware": false, "Async Capable": false, "Scan Direction": "Forward", "Index Name": "idx_posts_owneruserid", "Relation Name": "posts", "Alias": "p", "Startup Cost": 0.29, "Total Cost": 13.77, "Plan Rows": 1, "Plan Width": 8, "Actual Rows": 0, "Actual Loops": 23, "Index Cond": "(owneruserid = u.id)", "Rows Removed by Index Recheck": 0, "Filter": "((score >= '-6'::integer) AND (favoritecount >= 11) AND (favoritecount <= 220) AND (posttypeid = 1))", "Rows Removed by Filter": 235}]}, {"Node Type": "Index Scan", "Parent Relationship": "Inner", "Parallel Aware": false, "Async Capable": false, "Scan Direction": "Forward", "Index Name": "idx_votes_postid", "Relation Name": "votes", "Alias": "v", "Startup Cost": 0.42, "Total Cost": 13.45, "Plan Rows": 3, "Plan Width": 4, "Actual Rows": 32, "Actual Loops": 11, "Index Cond": "(postid = p.id)", "Rows Removed by Index Recheck": 0, "Filter": "(creationdate <= '2013-08-05 07:00:00'::timestamp without time zone)", "Rows Removed by Filter": 14}]}, {"Node Type": "Index Scan", "Parent Relationship": "Inner", "Parallel Aware": false, "Async Capable": false, "Scan Direction": "Forward", "Index Name": "idx_badges_userid", "Relation Name": "badges", "Alias": "b", "Startup Cost": 0.29, "Total Cost": 8.19, "Plan Rows": 1, "Plan Width": 4, "Actual Rows": 51, "Actual Loops": 351, "Index Cond": "(userid = p.owneruserid)", "Rows Removed by Index Recheck": 0, "Filter": "((date >= '2012-05-28 12:08:46'::timestamp without time zone) AND (date <= '2013-08-16 06:20:43'::timestamp without time zone))", "Rows Removed by Filter": 77}]}]}, "Planning Time": 0.944, "Triggers": [], "Execution Time": 13.707}, {"Plan": {"Node Type": "Aggregate", "Strategy": "Plain", "Partial Mode": "Simple", "Parallel Aware": false, "Async Capable": false, "Startup Cost": 1468.62, "Total Cost": 1468.63, "Plan Rows": 1, "Plan Width": 8, "Actual Rows": 1, "Actual Loops": 1, "Plans": [{"Node Type": "Nested Loop", "Parent Relationship": "Outer", "Parallel Aware": false, "Async Capable": false, "Join Type": "Inner", "Startup Cost": 1.01, "Total Cost": 1468.61, "Plan Rows": 333.0, "Plan Width": 0, "Actual Rows": 17753, "Actual Loops": 1, "Inner Unique": false, "Plans": [{"Node Type": "Nested Loop", "Parent Relationship": "Outer", "Parallel Aware": false, "Async Capable": false, "Join Type": "Inner", "Startup Cost": 0.58, "Total Cost": 1441.65, "Plan Rows": 16.0, "Plan Width": 4, "Actual Rows": 580, "Actual Loops": 1, "Inner Unique": false, "Join Filter": "(p.owneruserid = u.id)", "Rows Removed by Join Filter": 0, "Plans": [{"Node Type": "Nested Loop", "Parent Relationship": "Outer", "Parallel Aware": false, "Async Capable": false, "Join Type": "Inner", "Startup Cost": 0.29, "Total Cost": 1428.08, "Plan Rows": 306.0, "Plan Width": 8, "Actual Rows": 659, "Actual Loops": 1, "Inner Unique": false, "Plans": [{"Node Type": "Seq Scan", "Parent Relationship": "Outer", "Parallel Aware": false, "Async Capable": false, "Relation Name": "users", "Alias": "u", "Startup Cost": 0.0, "Total Cost": 1002.69, "Plan Rows": 37, "Plan Width": 4, "Actual Rows": 23, "Actual Loops": 1, "Filter": "((downvotes <= 1761) AND (upvotes >= 1126) AND (creationdate >= '2010-09-12 00:00:33'::timestamp without time zone))", "Rows Removed by Filter": 40302}, {"Node Type": "Index Scan", "Parent Relationship": "Inner", "Parallel Aware": false, "Async Capable": false, "Scan Direction": "Forward", "Index Name": "idx_badges_userid", "Relation Name": "badges", "Alias": "b", "Startup Cost": 0.29, "Total Cost": 11.49, "Plan Rows": 1, "Plan Width": 4, "Actual Rows": 29, "Actual Loops": 23, "Index Cond": "(userid = u.id)", "Rows Removed by Index Recheck": 0, "Filter": "((date >= '2012-05-28 12:08:46'::timestamp without time zone) AND (date <= '2013-08-16 06:20:43'::timestamp without time zone))", "Rows Removed by Filter": 44}]}, {"Node Type": "Index Scan", "Parent Relationship": "Inner", "Parallel Aware": false, "Async Capable": false, "Scan Direction": "Forward", "Index Name": "idx_posts_owneruserid", "Relation Name": "posts", "Alias": "p", "Startup Cost": 0.29, "Total Cost": 0.55, "Plan Rows": 1, "Plan Width": 8, "Actual Rows": 1, "Actual Loops": 659, "Index Cond": "(owneruserid = b.userid)", "Rows Removed by Index Recheck": 0, "Filter": "((score >= '-6'::integer) AND (favoritecount >= 11) AND (favoritecount <= 220) AND (posttypeid = 1))", "Rows Removed by Filter": 350}]}, {"Node Type": "Index Scan", "Parent Relationship": "Inner", "Parallel Aware": false, "Async Capable": false, "Scan Direction": "Forward", "Index Name": "idx_votes_postid", "Relation Name": "votes", "Alias": "v", "Startup Cost": 0.42, "Total Cost": 13.45, "Plan Rows": 3, "Plan Width": 4, "Actual Rows": 31, "Actual Loops": 580, "Index Cond": "(postid = p.id)", "Rows Removed by Index Recheck": 0, "Filter": "(creationdate <= '2013-08-05 07:00:00'::timestamp without time zone)", "Rows Removed by Filter": 17}]}]}, "Planning Time": 0.816, "Triggers": [], "Execution Time": 49.06}, {"Plan": {"Node Type": "Aggregate", "Strategy": "Plain", "Partial Mode": "Simple", "Parallel Aware": false, "Async Capable": false, "Startup Cost": 8028.41, "Total Cost": 8028.42, "Plan Rows": 1, "Plan Width": 8, "Actual Rows": 1, "Actual Loops": 1, "Plans": [{"Node Type": "Hash Join", "Parent Relationship": "Outer", "Parallel Aware": false, "Async Capable": false, "Join Type": "Inner", "Startup Cost": 6783.03, "Total Cost": 8028.4, "Plan Rows": 333.0, "Plan Width": 0, "Actual Rows": 17753, "Actual Loops": 1, "Inner Unique": false, "Hash Cond": "(u.id = p.owneruserid)", "Plans": [{"Node Type": "Seq Scan", "Parent Relationship": "Outer", "Parallel Aware": false, "Async Capable": false, "Relation Name": "users", "Alias": "u", "Startup Cost": 0.0, "Total Cost": 1002.69, "Plan Rows": 37, "Plan Width": 4, "Actual Rows": 23, "Actual Loops": 1, "Filter": "((downvotes <= 1761) AND (upvotes >= 1126) AND (creationdate >= '2010-09-12 00:00:33'::timestamp without time zone))", "Rows Removed by Filter": 40302}, {"Node Type": "Hash", "Parent Relationship": "Inner", "Parallel Aware": false, "Async Capable": false, "Startup Cost": 6717.48, "Total Cost": 6717.48, "Plan Rows": 6626.0, "Plan Width": 8, "Actual Rows": 242593, "Actual Loops": 1, "Hash Buckets": 262144, "Original Hash Buckets": 8192, "Hash Batches": 1, "Original Hash Batches": 1, "Peak Memory Usage": 11525, "Plans": [{"Node Type": "Nested Loop", "Parent Relationship": "Outer", "Parallel Aware": false, "Async Capable": false, "Join Type": "Inner", "Startup Cost": 0.72, "Total Cost": 6717.48, "Plan Rows": 6626.0, "Plan Width": 8, "Actual Rows": 242593, "Actual Loops": 1, "Inner Unique": false, "Plans": [{"Node Type": "Nested Loop", "Parent Relationship": "Outer", "Parallel Aware": false, "Async Capable": false, "Join Type": "Inner", "Startup Cost": 0.42, "Total Cost": 5186.96, "Plan Rows": 552.0, "Plan Width": 4, "Actual Rows": 15366, "Actual Loops": 1, "Inner Unique": false, "Plans": [{"Node Type": "Seq Scan", "Parent Relationship": "Outer", "Parallel Aware": false, "Async Capable": false, "Relation Name": "posts", "Alias": "p", "Startup Cost": 0.0, "Total Cost": 2679.52, "Plan Rows": 186, "Plan Width": 8, "Actual Rows": 399, "Actual Loops": 1, "Filter": "((score >= '-6'::integer) AND (favoritecount >= 11) AND (favoritecount <= 220) AND (posttypeid = 1))", "Rows Removed by Filter": 91577}, {"Node Type": "Index Scan", "Parent Relationship": "Inner", "Parallel Aware": false, "Async Capable": false, "Scan Direction": "Forward", "Index Name": "idx_votes_postid", "Relation Name": "votes", "Alias": "v", "Startup Cost": 0.42, "Total Cost": 13.45, "Plan Rows": 3, "Plan Width": 4, "Actual Rows": 39, "Actual Loops": 399, "Index Cond": "(postid = p.id)", "Rows Removed by Index Recheck": 0, "Filter": "(creationdate <= '2013-08-05 07:00:00'::timestamp without time zone)", "Rows Removed by Filter": 18}]}, {"Node Type": "Memoize", "Parent Relationship": "Inner", "Parallel Aware": false, "Async Capable": false, "Startup Cost": 0.3, "Total Cost": 8.2, "Plan Rows": 1, "Plan Width": 4, "Actual Rows": 16, "Actual Loops": 15366, "Cache Key": "p.owneruserid", "Cache Mode": "logical", "Cache Hits": 15098, "Cache Misses": 268, "Cache Evictions": 0, "Cache Overflows": 0, "Peak Memory Usage": 106, "Plans": [{"Node Type": "Index Scan", "Parent Relationship": "Outer", "Parallel Aware": false, "Async Capable": false, "Scan Direction": "Forward", "Index Name": "idx_badges_userid", "Relation Name": "badges", "Alias": "b", "Startup Cost": 0.29, "Total Cost": 8.19, "Plan Rows": 1, "Plan Width": 4, "Actual Rows": 9, "Actual Loops": 268, "Index Cond": "(userid = p.owneruserid)", "Rows Removed by Index Recheck": 0, "Filter": "((date >= '2012-05-28 12:08:46'::timestamp without time zone) AND (date <= '2013-08-16 06:20:43'::timestamp without time zone))", "Rows Removed by Filter": 19}]}]}]}]}]}, "Planning Time": 1.621, "Triggers": [], "Execution Time": 129.959}]