[{"Plan": {"Node Type": "Aggregate", "Strategy": "Plain", "Partial Mode": "Finalize", "Parallel Aware": false, "Async Capable": false, "Startup Cost": 4297.53, "Total Cost": 4297.54, "Plan Rows": 1, "Plan Width": 8, "Actual Rows": 1, "Actual Loops": 1, "Plans": [{"Node Type": "Gather", "Parent Relationship": "Outer", "Parallel Aware": false, "Async Capable": false, "Startup Cost": 4297.41, "Total Cost": 4297.52, "Plan Rows": 1, "Plan Width": 8, "Actual Rows": 2, "Actual Loops": 1, "Workers Planned": 1, "Workers Launched": 1, "Single Copy": false, "Plans": [{"Node Type": "Aggregate", "Strategy": "Plain", "Partial Mode": "Partial", "Parent Relationship": "Outer", "Parallel Aware": false, "Async Capable": false, "Startup Cost": 3297.41, "Total Cost": 3297.42, "Plan Rows": 1, "Plan Width": 8, "Actual Rows": 1, "Actual Loops": 2, "Workers": [], "Plans": [{"Node Type": "Nested Loop", "Parent Relationship": "Outer", "Parallel Aware": false, "Async Capable": false, "Join Type": "Inner", "Startup Cost": 1.0, "Total Cost": 3277.67, "Plan Rows": 1.0, "Plan Width": 0, "Actual Rows": 27042, "Actual Loops": 2, "Inner Unique": false, "Workers": [], "Plans": [{"Node Type": "Nested Loop", "Parent Relationship": "Outer", "Parallel Aware": false, "Async Capable": false, "Join Type": "Inner", "Startup Cost": 0.58, "Total Cost": 3192.63, "Plan Rows": 31.0, "Plan Width": 12, "Actual Rows": 215, "Actual Loops": 2, "Inner Unique": false, "Workers": [], "Plans": [{"Node Type": "Nested Loop", "Parent Relationship": "Outer", "Parallel Aware": false, "Async Capable": false, "Join Type": "Inner", "Startup Cost": 0.29, "Total Cost": 3187.61, "Plan Rows": 14.0, "Plan Width": 8, "Actual Rows": 11, "Actual Loops": 2, "Inner Unique": true, "Workers": [], "Plans": [{"Node Type": "Seq Scan", "Parent Relationship": "Outer", "Parallel Aware": true, "Async Capable": false, "Relation Name": "comments", "Alias": "c", "Startup Cost": 0.0, "Total Cost": 3138.32, "Plan Rows": 12, "Plan Width": 4, "Actual Rows": 11, "Actual Loops": 2, "Filter": "((creationdate >= '2011-01-13 02:52:37'::timestamp without time zone) AND (creationdate <= '2013-01-29 07:29:28'::timestamp without time zone) AND (score = 10))", "Rows Removed by Filter": 87142, "Workers": []}, {"Node Type": "Index Only Scan", "Parent Relationship": "Inner", "Parallel Aware": false, "Async Capable": false, "Scan Direction": "Forward", "Index Name": "users_pkey", "Relation Name": "users", "Alias": "u", "Startup Cost": 0.29, "Total Cost": 4.11, "Plan Rows": 1, "Plan Width": 4, "Actual Rows": 1, "Actual Loops": 22, "Index Cond": "(id = c.userid)", "Rows Removed by Index Recheck": 0, "Heap Fetches": 0, "Workers": []}]}, {"Node Type": "Index Scan", "Parent Relationship": "Inner", "Parallel Aware": false, "Async Capable": false, "Scan Direction": "Forward", "Index Name": "idx_badges_userid", "Relation Name": "badges", "Alias": "b", "Startup Cost": 0.29, "Total Cost": 0.41, "Plan Rows": 1, "Plan Width": 4, "Actual Rows": 20, "Actual Loops": 22, "Index Cond": "(userid = u.id)", "Rows Removed by Index Recheck": 0, "Filter": "(date <= '2011-04-20 18:48:58'::timestamp without time zone)", "Rows Removed by Filter": 124, "Workers": []}]}, {"Node Type": "Index Scan", "Parent Relationship": "Inner", "Parallel Aware": false, "Async Capable": false, "Scan Direction": "Forward", "Index Name": "idx_posthistory_userid", "Relation Name": "posthistory", "Alias": "ph", "Startup Cost": 0.42, "Total Cost": 1.03, "Plan Rows": 1, "Plan Width": 4, "Actual Rows": 126, "Actual Loops": 430, "Index Cond": "(userid = u.id)", "Rows Removed by Index Recheck": 0, "Filter": "((creationdate >= '2012-05-13 10:50:22'::timestamp without time zone) AND (creationdate <= '2013-04-05 23:42:59'::timestamp without time zone) AND (posthistorytypeid = 2))", "Rows Removed by Filter": 5142, "Workers": []}]}]}]}]}, "Planning Time": 5.722, "Triggers": [], "Execution Time": 269.385}, {"Plan": {"Node Type": "Aggregate", "Strategy": "Plain", "Partial Mode": "Finalize", "Parallel Aware": false, "Async Capable": false, "Startup Cost": 4790.96, "Total Cost": 4790.97, "Plan Rows": 1, "Plan Width": 8, "Actual Rows": 1, "Actual Loops": 1, "Plans": [{"Node Type": "Gather", "Parent Relationship": "Outer", "Parallel Aware": false, "Async Capable": false, "Startup Cost": 4790.85, "Total Cost": 4790.96, "Plan Rows": 1, "Plan Width": 8, "Actual Rows": 2, "Actual Loops": 1, "Workers Planned": 1, "Workers Launched": 1, "Single Copy": false, "Plans": [{"Node Type": "Aggregate", "Strategy": "Plain", "Partial Mode": "Partial", "Parent Relationship": "Outer", "Parallel Aware": false, "Async Capable": false, "Startup Cost": 3790.85, "Total Cost": 3790.86, "Plan Rows": 1, "Plan Width": 8, "Actual Rows": 1, "Actual Loops": 2, "Workers": [], "Plans": [{"Node Type": "Nested Loop", "Parent Relationship": "Outer", "Parallel Aware": false, "Async Capable": false, "Join Type": "Inner", "Startup Cost": 1.01, "Total Cost": 3771.1, "Plan Rows": 1.0, "Plan Width": 0, "Actual Rows": 27042, "Actual Loops": 2, "Inner Unique": true, "Workers": [], "Plans": [{"Node Type": "Nested Loop", "Parent Relationship": "Outer", "Parallel Aware": false, "Async Capable": false, "Join Type": "Inner", "Startup Cost": 0.71, "Total Cost": 3484.06, "Plan Rows": 2.0, "Plan Width": 12, "Actual Rows": 27042, "Actual Loops": 2, "Inner Unique": false, "Join Filter": "(c.userid = ph.userid)", "Rows Removed by Join Filter": 0, "Workers": [], "Plans": [{"Node Type": "Nested Loop", "Parent Relationship": "Outer", "Parallel Aware": false, "Async Capable": false, "Join Type": "Inner", "Startup Cost": 0.29, "Total Cost": 3284.09, "Plan Rows": 73.0, "Plan Width": 8, "Actual Rows": 215, "Actual Loops": 2, "Inner Unique": false, "Workers": [], "Plans": [{"Node Type": "Seq Scan", "Parent Relationship": "Outer", "Parallel Aware": true, "Async Capable": false, "Relation Name": "comments", "Alias": "c", "Startup Cost": 0.0, "Total Cost": 3138.32, "Plan Rows": 12, "Plan Width": 4, "Actual Rows": 11, "Actual Loops": 2, "Filter": "((creationdate >= '2011-01-13 02:52:37'::timestamp without time zone) AND (creationdate <= '2013-01-29 07:29:28'::timestamp without time zone) AND (score = 10))", "Rows Removed by Filter": 87142, "Workers": []}, {"Node Type": "Index Scan", "Parent Relationship": "Inner", "Parallel Aware": false, "Async Capable": false, "Scan Direction": "Forward", "Index Name": "idx_badges_userid", "Relation Name": "badges", "Alias": "b", "Startup Cost": 0.29, "Total Cost": 12.14, "Plan Rows": 1, "Plan Width": 4, "Actual Rows": 20, "Actual Loops": 22, "Index Cond": "(userid = c.userid)", "Rows Removed by Index Recheck": 0, "Filter": "(date <= '2011-04-20 18:48:58'::timestamp without time zone)", "Rows Removed by Filter": 124, "Workers": []}]}, {"Node Type": "Index Scan", "Parent Relationship": "Inner", "Parallel Aware": false, "Async Capable": false, "Scan Direction": "Forward", "Index Name": "idx_posthistory_userid", "Relation Name": "posthistory", "Alias": "ph", "Startup Cost": 0.42, "Total Cost": 2.4, "Plan Rows": 1, "Plan Width": 4, "Actual Rows": 126, "Actual Loops": 430, "Index Cond": "(userid = b.userid)", "Rows Removed by Index Recheck": 0, "Filter": "((creationdate >= '2012-05-13 10:50:22'::timestamp without time zone) AND (creationdate <= '2013-04-05 23:42:59'::timestamp without time zone) AND (posthistorytypeid = 2))", "Rows Removed by Filter": 5142, "Workers": []}]}, {"Node Type": "Memoize", "Parent Relationship": "Inner", "Parallel Aware": false, "Async Capable": false, "Startup Cost": 0.3, "Total Cost": 4.12, "Plan Rows": 1, "Plan Width": 4, "Actual Rows": 1, "Actual Loops": 54085, "Cache Key": "c.userid", "Cache Mode": "logical", "Cache Hits": 27593, "Cache Misses": 8, "Cache Evictions": 0, "Cache Overflows": 0, "Peak Memory Usage": 1, "Workers": [{"Worker Number": 0, "Cache Hits": 26479, "Cache Misses": 5, "Cache Evictions": 0, "Cache Overflows": 0, "Peak Memory Usage": 1}], "Plans": [{"Node Type": "Index Only Scan", "Parent Relationship": "Outer", "Parallel Aware": false, "Async Capable": false, "Scan Direction": "Forward", "Index Name": "users_pkey", "Relation Name": "users", "Alias": "u", "Startup Cost": 0.29, "Total Cost": 4.11, "Plan Rows": 1, "Plan Width": 4, "Actual Rows": 1, "Actual Loops": 13, "Index Cond": "(id = c.userid)", "Rows Removed by Index Recheck": 0, "Heap Fetches": 0, "Workers": []}]}]}]}]}]}, "Planning Time": 5.156, "Triggers": [], "Execution Time": 261.878}, {"Plan": {"Node Type": "Aggregate", "Strategy": "Plain", "Partial Mode": "Finalize", "Parallel Aware": false, "Async Capable": false, "Startup Cost": 7348.05, "Total Cost": 7348.06, "Plan Rows": 1, "Plan Width": 8, "Actual Rows": 1, "Actual Loops": 1, "Plans": [{"Node Type": "Gather", "Parent Relationship": "Outer", "Parallel Aware": false, "Async Capable": false, "Startup Cost": 7347.94, "Total Cost": 7348.05, "Plan Rows": 1, "Plan Width": 8, "Actual Rows": 2, "Actual Loops": 1, "Workers Planned": 1, "Workers Launched": 1, "Single Copy": false, "Plans": [{"Node Type": "Aggregate", "Strategy": "Plain", "Partial Mode": "Partial", "Parent Relationship": "Outer", "Parallel Aware": false, "Async Capable": false, "Startup Cost": 6347.94, "Total Cost": 6347.95, "Plan Rows": 1, "Plan Width": 8, "Actual Rows": 1, "Actual Loops": 2, "Workers": [], "Plans": [{"Node Type": "Hash Join", "Parent Relationship": "Outer", "Parallel Aware": false, "Async Capable": false, "Join Type": "Inner", "Startup Cost": 2730.45, "Total Cost": 6328.19, "Plan Rows": 1.0, "Plan Width": 0, "Actual Rows": 27042, "Actual Loops": 2, "Inner Unique": false, "Hash Cond": "(c.userid = u.id)", "Workers": [], "Plans": [{"Node Type": "Nested Loop", "Parent Relationship": "Outer", "Parallel Aware": false, "Async Capable": false, "Join Type": "Inner", "Startup Cost": 0.42, "Total Cost": 3592.15, "Plan Rows": 1.0, "Plan Width": 8, "Actual Rows": 722, "Actual Loops": 2, "Inner Unique": false, "Workers": [], "Plans": [{"Node Type": "Seq Scan", "Parent Relationship": "Outer", "Parallel Aware": true, "Async Capable": false, "Relation Name": "comments", "Alias": "c", "Startup Cost": 0.0, "Total Cost": 3138.32, "Plan Rows": 12, "Plan Width": 4, "Actual Rows": 11, "Actual Loops": 2, "Filter": "((creationdate >= '2011-01-13 02:52:37'::timestamp without time zone) AND (creationdate <= '2013-01-29 07:29:28'::timestamp without time zone) AND (score = 10))", "Rows Removed by Filter": 87142, "Workers": []}, {"Node Type": "Index Scan", "Parent Relationship": "Inner", "Parallel Aware": false, "Async Capable": false, "Scan Direction": "Forward", "Index Name": "idx_posthistory_userid", "Relation Name": "posthistory", "Alias": "ph", "Startup Cost": 0.42, "Total Cost": 37.81, "Plan Rows": 1, "Plan Width": 4, "Actual Rows": 66, "Actual Loops": 22, "Index Cond": "(userid = c.userid)", "Rows Removed by Index Recheck": 0, "Filter": "((creationdate >= '2012-05-13 10:50:22'::timestamp without time zone) AND (creationdate <= '2013-04-05 23:42:59'::timestamp without time zone) AND (posthistorytypeid = 2))", "Rows Removed by Filter": 2123, "Workers": []}]}, {"Node Type": "Hash", "Parent Relationship": "Inner", "Parallel Aware": false, "Async Capable": false, "Startup Cost": 2651.04, "Total Cost": 2651.04, "Plan Rows": 935.0, "Plan Width": 8, "Actual Rows": 6323, "Actual Loops": 2, "Hash Buckets": 8192, "Original Hash Buckets": 8192, "Hash Batches": 1, "Original Hash Batches": 1, "Peak Memory Usage": 311, "Workers": [], "Plans": [{"Node Type": "Hash Join", "Parent Relationship": "Outer", "Parallel Aware": false, "Async Capable": false, "Join Type": "Inner", "Startup Cost": 1204.31, "Total Cost": 2651.04, "Plan Rows": 935.0, "Plan Width": 8, "Actual Rows": 6323, "Actual Loops": 2, "Inner Unique": true, "Hash Cond": "(b.userid = u.id)", "Workers": [], "Plans": [{"Node Type": "Seq Scan", "Parent Relationship": "Outer", "Parallel Aware": false, "Async Capable": false, "Relation Name": "badges", "Alias": "b", "Startup Cost": 0.0, "Total Cost": 1430.14, "Plan Rows": 6319, "Plan Width": 4, "Actual Rows": 6323, "Actual Loops": 2, "Filter": "(date <= '2011-04-20 18:48:58'::timestamp without time zone)", "Rows Removed by Filter": 73528, "Workers": []}, {"Node Type": "Hash", "Parent Relationship": "Inner", "Parallel Aware": false, "Async Capable": false, "Startup Cost": 700.25, "Total Cost": 700.25, "Plan Rows": 40325, "Plan Width": 4, "Actual Rows": 40325, "Actual Loops": 2, "Hash Buckets": 65536, "Original Hash Buckets": 65536, "Hash Batches": 1, "Original Hash Batches": 1, "Peak Memory Usage": 1930, "Workers": [], "Plans": [{"Node Type": "Seq Scan", "Parent Relationship": "Outer", "Parallel Aware": false, "Async Capable": false, "Relation Name": "users", "Alias": "u", "Startup Cost": 0.0, "Total Cost": 700.25, "Plan Rows": 40325, "Plan Width": 4, "Actual Rows": 40325, "Actual Loops": 2, "Workers": []}]}]}]}]}]}]}]}, "Planning Time": 5.357, "Triggers": [], "Execution Time": 73.651}, {"Plan": {"Node Type": "Aggregate", "Strategy": "Plain", "Partial Mode": "Finalize", "Parallel Aware": false, "Async Capable": false, "Startup Cost": 9617.64, "Total Cost": 9617.65, "Plan Rows": 1, "Plan Width": 8, "Actual Rows": 1, "Actual Loops": 1, "Plans": [{"Node Type": "Gather", "Parent Relationship": "Outer", "Parallel Aware": false, "Async Capable": false, "Startup Cost": 9617.53, "Total Cost": 9617.64, "Plan Rows": 1, "Plan Width": 8, "Actual Rows": 2, "Actual Loops": 1, "Workers Planned": 1, "Workers Launched": 1, "Single Copy": false, "Plans": [{"Node Type": "Aggregate", "Strategy": "Plain", "Partial Mode": "Partial", "Parent Relationship": "Outer", "Parallel Aware": false, "Async Capable": false, "Startup Cost": 8617.53, "Total Cost": 8617.54, "Plan Rows": 1, "Plan Width": 8, "Actual Rows": 1, "Actual Loops": 2, "Workers": [], "Plans": [{"Node Type": "Hash Join", "Parent Relationship": "Outer", "Parallel Aware": true, "Async Capable": false, "Join Type": "Inner", "Startup Cost": 3193.66, "Total Cost": 8597.78, "Plan Rows": 1.0, "Plan Width": 0, "Actual Rows": 27042, "Actual Loops": 2, "Inner Unique": false, "Hash Cond": "(ph.userid = u.id)", "Workers": [], "Plans": [{"Node Type": "Seq Scan", "Parent Relationship": "Outer", "Parallel Aware": true, "Async Capable": false, "Relation Name": "posthistory", "Alias": "ph", "Startup Cost": 0.0, "Total Cost": 5361.04, "Plan Rows": 11431, "Plan Width": 4, "Actual Rows": 9648, "Actual Loops": 2, "Filter": "((creationdate >= '2012-05-13 10:50:22'::timestamp without time zone) AND (creationdate <= '2013-04-05 23:42:59'::timestamp without time zone) AND (posthistorytypeid = 2))", "Rows Removed by Filter": 141946, "Workers": []}, {"Node Type": "Hash", "Parent Relationship": "Inner", "Parallel Aware": true, "Async Capable": false, "Startup Cost": 3192.63, "Total Cost": 3192.63, "Plan Rows": 31.0, "Plan Width": 12, "Actual Rows": 215, "Actual Loops": 2, "Hash Buckets": 1024, "Original Hash Buckets": 1024, "Hash Batches": 1, "Original Hash Batches": 1, "Peak Memory Usage": 72, "Workers": [], "Plans": [{"Node Type": "Nested Loop", "Parent Relationship": "Outer", "Parallel Aware": false, "Async Capable": false, "Join Type": "Inner", "Startup Cost": 0.58, "Total Cost": 3192.63, "Plan Rows": 31.0, "Plan Width": 12, "Actual Rows": 215, "Actual Loops": 2, "Inner Unique": false, "Workers": [], "Plans": [{"Node Type": "Nested Loop", "Parent Relationship": "Outer", "Parallel Aware": false, "Async Capable": false, "Join Type": "Inner", "Startup Cost": 0.29, "Total Cost": 3187.61, "Plan Rows": 14.0, "Plan Width": 8, "Actual Rows": 11, "Actual Loops": 2, "Inner Unique": true, "Workers": [], "Plans": [{"Node Type": "Seq Scan", "Parent Relationship": "Outer", "Parallel Aware": true, "Async Capable": false, "Relation Name": "comments", "Alias": "c", "Startup Cost": 0.0, "Total Cost": 3138.32, "Plan Rows": 12, "Plan Width": 4, "Actual Rows": 11, "Actual Loops": 2, "Filter": "((creationdate >= '2011-01-13 02:52:37'::timestamp without time zone) AND (creationdate <= '2013-01-29 07:29:28'::timestamp without time zone) AND (score = 10))", "Rows Removed by Filter": 87142, "Workers": []}, {"Node Type": "Index Only Scan", "Parent Relationship": "Inner", "Parallel Aware": false, "Async Capable": false, "Scan Direction": "Forward", "Index Name": "users_pkey", "Relation Name": "users", "Alias": "u", "Startup Cost": 0.29, "Total Cost": 4.11, "Plan Rows": 1, "Plan Width": 4, "Actual Rows": 1, "Actual Loops": 22, "Index Cond": "(id = c.userid)", "Rows Removed by Index Recheck": 0, "Heap Fetches": 0, "Workers": []}]}, {"Node Type": "Index Scan", "Parent Relationship": "Inner", "Parallel Aware": false, "Async Capable": false, "Scan Direction": "Forward", "Index Name": "idx_badges_userid", "Relation Name": "badges", "Alias": "b", "Startup Cost": 0.29, "Total Cost": 0.41, "Plan Rows": 1, "Plan Width": 4, "Actual Rows": 20, "Actual Loops": 22, "Index Cond": "(userid = u.id)", "Rows Removed by Index Recheck": 0, "Filter": "(date <= '2011-04-20 18:48:58'::timestamp without time zone)", "Rows Removed by Filter": 124, "Workers": []}]}]}]}]}]}]}, "Planning Time": 3.492, "Triggers": [], "Execution Time": 55.637}, {"Plan": {"Node Type": "Aggregate", "Strategy": "Plain", "Partial Mode": "Simple", "Parallel Aware": false, "Async Capable": false, "Startup Cost": 15217.09, "Total Cost": 15217.1, "Plan Rows": 1, "Plan Width": 8, "Actual Rows": 1, "Actual Loops": 1, "Plans": [{"Node Type": "Merge Join", "Parent Relationship": "Outer", "Parallel Aware": false, "Async Capable": false, "Join Type": "Inner", "Startup Cost": 4142.7, "Total Cost": 15183.52, "Plan Rows": 1.0, "Plan Width": 0, "Actual Rows": 54085, "Actual Loops": 1, "Inner Unique": false, "Merge Cond": "(u.id = c.userid)", "Plans": [{"Node Type": "Nested Loop", "Parent Relationship": "Outer", "Parallel Aware": false, "Async Capable": false, "Join Type": "Inner", "Startup Cost": 1.06, "Total Cost": 10854.91, "Plan Rows": 21.0, "Plan Width": 12, "Actual Rows": 44706, "Actual Loops": 1, "Inner Unique": false, "Plans": [{"Node Type": "Merge Join", "Parent Relationship": "Outer", "Parallel Aware": false, "Async Capable": false, "Join Type": "Inner", "Startup Cost": 0.64, "Total Cost": 4301.91, "Plan Rows": 935.0, "Plan Width": 8, "Actual Rows": 6323, "Actual Loops": 1, "Inner Unique": true, "Merge Cond": "(b.userid = u.id)", "Plans": [{"Node Type": "Index Scan", "Parent Relationship": "Outer", "Parallel Aware": false, "Async Capable": false, "Scan Direction": "Forward", "Index Name": "idx_badges_userid", "Relation Name": "badges", "Alias": "b", "Startup Cost": 0.29, "Total Cost": 3064.97, "Plan Rows": 6319, "Plan Width": 4, "Actual Rows": 6323, "Actual Loops": 1, "Filter": "(date <= '2011-04-20 18:48:58'::timestamp without time zone)", "Rows Removed by Filter": 73528}, {"Node Type": "Index Only Scan", "Parent Relationship": "Inner", "Parallel Aware": false, "Async Capable": false, "Scan Direction": "Forward", "Index Name": "users_pkey", "Relation Name": "users", "Alias": "u", "Startup Cost": 0.29, "Total Cost": 1057.16, "Plan Rows": 40325, "Plan Width": 4, "Actual Rows": 2663, "Actual Loops": 1, "Heap Fetches": 0}]}, {"Node Type": "Index Scan", "Parent Relationship": "Inner", "Parallel Aware": false, "Async Capable": false, "Scan Direction": "Forward", "Index Name": "idx_posthistory_userid", "Relation Name": "posthistory", "Alias": "ph", "Startup Cost": 0.42, "Total Cost": 1.03, "Plan Rows": 1, "Plan Width": 4, "Actual Rows": 7, "Actual Loops": 6323, "Index Cond": "(userid = u.id)", "Rows Removed by Index Recheck": 0, "Filter": "((creationdate >= '2012-05-13 10:50:22'::timestamp without time zone) AND (creationdate <= '2013-04-05 23:42:59'::timestamp without time zone) AND (posthistorytypeid = 2))", "Rows Removed by Filter": 265}]}, {"Node Type": "Sort", "Parent Relationship": "Inner", "Parallel Aware": false, "Async Capable": false, "Startup Cost": 4140.75, "Total Cost": 4140.8, "Plan Rows": 20, "Plan Width": 4, "Actual Rows": 54087, "Actual Loops": 1, "Sort Key": ["c.userid"], "Sort Method": "quicksort", "Sort Space Used": 25, "Sort Space Type": "Memory", "Plans": [{"Node Type": "Gather", "Parent Relationship": "Outer", "Parallel Aware": false, "Async Capable": false, "Startup Cost": 1000.0, "Total Cost": 4140.32, "Plan Rows": 20, "Plan Width": 4, "Actual Rows": 22, "Actual Loops": 1, "Workers Planned": 1, "Workers Launched": 1, "Single Copy": false, "Plans": [{"Node Type": "Seq Scan", "Parent Relationship": "Outer", "Parallel Aware": true, "Async Capable": false, "Relation Name": "comments", "Alias": "c", "Startup Cost": 0.0, "Total Cost": 3138.32, "Plan Rows": 12, "Plan Width": 4, "Actual Rows": 11, "Actual Loops": 2, "Filter": "((creationdate >= '2011-01-13 02:52:37'::timestamp without time zone) AND (creationdate <= '2013-01-29 07:29:28'::timestamp without time zone) AND (score = 10))", "Rows Removed by Filter": 87142, "Workers": []}]}]}]}]}, "Planning Time": 2.684, "Triggers": [], "Execution Time": 373.105}, {"Plan": {"Node Type": "Aggregate", "Strategy": "Plain", "Partial Mode": "Finalize", "Parallel Aware": false, "Async Capable": false, "Startup Cost": 4505.32, "Total Cost": 4505.33, "Plan Rows": 1, "Plan Width": 8, "Actual Rows": 1, "Actual Loops": 1, "Plans": [{"Node Type": "Gather", "Parent Relationship": "Outer", "Parallel Aware": false, "Async Capable": false, "Startup Cost": 4505.21, "Total Cost": 4505.32, "Plan Rows": 1, "Plan Width": 8, "Actual Rows": 2, "Actual Loops": 1, "Workers Planned": 1, "Workers Launched": 1, "Single Copy": false, "Plans": [{"Node Type": "Aggregate", "Strategy": "Plain", "Partial Mode": "Partial", "Parent Relationship": "Outer", "Parallel Aware": false, "Async Capable": false, "Startup Cost": 3505.21, "Total Cost": 3505.22, "Plan Rows": 1, "Plan Width": 8, "Actual Rows": 1, "Actual Loops": 2, "Workers": [], "Plans": [{"Node Type": "Nested Loop", "Parent Relationship": "Outer", "Parallel Aware": false, "Async Capable": false, "Join Type": "Inner", "Startup Cost": 1.01, "Total Cost": 3485.46, "Plan Rows": 1.0, "Plan Width": 0, "Actual Rows": 27042, "Actual Loops": 2, "Inner Unique": false, "Join Filter": "(b.userid = u.id)", "Rows Removed by Join Filter": 0, "Workers": [], "Plans": [{"Node Type": "Nested Loop", "Parent Relationship": "Outer", "Parallel Aware": false, "Async Capable": false, "Join Type": "Inner", "Startup Cost": 0.71, "Total Cost": 3200.05, "Plan Rows": 1.0, "Plan Width": 12, "Actual Rows": 722, "Actual Loops": 2, "Inner Unique": false, "Workers": [], "Plans": [{"Node Type": "Nested Loop", "Parent Relationship": "Outer", "Parallel Aware": false, "Async Capable": false, "Join Type": "Inner", "Startup Cost": 0.29, "Total Cost": 3187.61, "Plan Rows": 14.0, "Plan Width": 8, "Actual Rows": 11, "Actual Loops": 2, "Inner Unique": true, "Workers": [], "Plans": [{"Node Type": "Seq Scan", "Parent Relationship": "Outer", "Parallel Aware": true, "Async Capable": false, "Relation Name": "comments", "Alias": "c", "Startup Cost": 0.0, "Total Cost": 3138.32, "Plan Rows": 12, "Plan Width": 4, "Actual Rows": 11, "Actual Loops": 2, "Filter": "((creationdate >= '2011-01-13 02:52:37'::timestamp without time zone) AND (creationdate <= '2013-01-29 07:29:28'::timestamp without time zone) AND (score = 10))", "Rows Removed by Filter": 87142, "Workers": []}, {"Node Type": "Index Only Scan", "Parent Relationship": "Inner", "Parallel Aware": false, "Async Capable": false, "Scan Direction": "Forward", "Index Name": "users_pkey", "Relation Name": "users", "Alias": "u", "Startup Cost": 0.29, "Total Cost": 4.11, "Plan Rows": 1, "Plan Width": 4, "Actual Rows": 1, "Actual Loops": 22, "Index Cond": "(id = c.userid)", "Rows Removed by Index Recheck": 0, "Heap Fetches": 0, "Workers": []}]}, {"Node Type": "Index Scan", "Parent Relationship": "Inner", "Parallel Aware": false, "Async Capable": false, "Scan Direction": "Forward", "Index Name": "idx_posthistory_userid", "Relation Name": "posthistory", "Alias": "ph", "Startup Cost": 0.42, "Total Cost": 1.03, "Plan Rows": 1, "Plan Width": 4, "Actual Rows": 66, "Actual Loops": 22, "Index Cond": "(userid = u.id)", "Rows Removed by Index Recheck": 0, "Filter": "((creationdate >= '2012-05-13 10:50:22'::timestamp without time zone) AND (creationdate <= '2013-04-05 23:42:59'::timestamp without time zone) AND (posthistorytypeid = 2))", "Rows Removed by Filter": 2123, "Workers": []}]}, {"Node Type": "Memoize", "Parent Relationship": "Inner", "Parallel Aware": false, "Async Capable": false, "Startup Cost": 0.3, "Total Cost": 12.15, "Plan Rows": 1, "Plan Width": 4, "Actual Rows": 37, "Actual Loops": 1445, "Cache Key": "c.userid", "Cache Mode": "logical", "Cache Hits": 1275, "Cache Misses": 13, "Cache Evictions": 0, "Cache Overflows": 0, "Peak Memory Usage": 8, "Workers": [{"Worker Number": 0, "Cache Hits": 152, "Cache Misses": 5, "Cache Evictions": 0, "Cache Overflows": 0, "Peak Memory Usage": 3}], "Plans": [{"Node Type": "Index Scan", "Parent Relationship": "Outer", "Parallel Aware": false, "Async Capable": false, "Scan Direction": "Forward", "Index Name": "idx_badges_userid", "Relation Name": "badges", "Alias": "b", "Startup Cost": 0.29, "Total Cost": 12.14, "Plan Rows": 1, "Plan Width": 4, "Actual Rows": 14, "Actual Loops": 18, "Index Cond": "(userid = c.userid)", "Rows Removed by Index Recheck": 0, "Filter": "(date <= '2011-04-20 18:48:58'::timestamp without time zone)", "Rows Removed by Filter": 85, "Workers": []}]}]}]}]}]}, "Planning Time": 5.514, "Triggers": [], "Execution Time": 44.003}, {"Plan": {"Node Type": "Aggregate", "Strategy": "Plain", "Partial Mode": "Finalize", "Parallel Aware": false, "Async Capable": false, "Startup Cost": 12013.85, "Total Cost": 12013.86, "Plan Rows": 1, "Plan Width": 8, "Actual Rows": 1, "Actual Loops": 1, "Plans": [{"Node Type": "Gather", "Parent Relationship": "Outer", "Parallel Aware": false, "Async Capable": false, "Startup Cost": 12013.74, "Total Cost": 12013.85, "Plan Rows": 1, "Plan Width": 8, "Actual Rows": 2, "Actual Loops": 1, "Workers Planned": 1, "Workers Launched": 1, "Single Copy": false, "Plans": [{"Node Type": "Aggregate", "Strategy": "Plain", "Partial Mode": "Partial", "Parent Relationship": "Outer", "Parallel Aware": false, "Async Capable": false, "Startup Cost": 11013.74, "Total Cost": 11013.75, "Plan Rows": 1, "Plan Width": 8, "Actual Rows": 1, "Actual Loops": 2, "Workers": [], "Plans": [{"Node Type": "Hash Join", "Parent Relationship": "Outer", "Parallel Aware": true, "Async Capable": false, "Join Type": "Inner", "Startup Cost": 4472.76, "Total Cost": 10993.99, "Plan Rows": 1.0, "Plan Width": 0, "Actual Rows": 27042, "Actual Loops": 2, "Inner Unique": false, "Hash Cond": "(u.id = c.userid)", "Workers": [], "Plans": [{"Node Type": "Hash Join", "Parent Relationship": "Outer", "Parallel Aware": true, "Async Capable": false, "Join Type": "Inner", "Startup Cost": 1187.63, "Total Cost": 6578.68, "Plan Rows": 11.0, "Plan Width": 8, "Actual Rows": 9552, "Actual Loops": 2, "Inner Unique": true, "Hash Cond": "(ph.userid = u.id)", "Workers": [], "Plans": [{"Node Type": "Seq Scan", "Parent Relationship": "Outer", "Parallel Aware": true, "Async Capable": false, "Relation Name": "posthistory", "Alias": "ph", "Startup Cost": 0.0, "Total Cost": 5361.04, "Plan Rows": 11431, "Plan Width": 4, "Actual Rows": 9648, "Actual Loops": 2, "Filter": "((creationdate >= '2012-05-13 10:50:22'::timestamp without time zone) AND (creationdate <= '2013-04-05 23:42:59'::timestamp without time zone) AND (posthistorytypeid = 2))", "Rows Removed by Filter": 141946, "Workers": []}, {"Node Type": "Hash", "Parent Relationship": "Inner", "Parallel Aware": true, "Async Capable": false, "Startup Cost": 891.12, "Total Cost": 891.12, "Plan Rows": 23721, "Plan Width": 4, "Actual Rows": 20162, "Actual Loops": 2, "Hash Buckets": 65536, "Original Hash Buckets": 65536, "Hash Batches": 1, "Original Hash Batches": 1, "Peak Memory Usage": 2144, "Workers": [], "Plans": [{"Node Type": "Index Only Scan", "Parent Relationship": "Outer", "Parallel Aware": true, "Async Capable": false, "Scan Direction": "Forward", "Index Name": "users_pkey", "Relation Name": "users", "Alias": "u", "Startup Cost": 0.29, "Total Cost": 891.12, "Plan Rows": 23721, "Plan Width": 4, "Actual Rows": 20162, "Actual Loops": 2, "Heap Fetches": 0, "Workers": []}]}]}, {"Node Type": "Hash", "Parent Relationship": "Inner", "Parallel Aware": true, "Async Capable": false, "Startup Cost": 3284.09, "Total Cost": 3284.09, "Plan Rows": 73.0, "Plan Width": 8, "Actual Rows": 215, "Actual Loops": 2, "Hash Buckets": 1024, "Original Hash Buckets": 1024, "Hash Batches": 1, "Original Hash Batches": 1, "Peak Memory Usage": 72, "Workers": [], "Plans": [{"Node Type": "Nested Loop", "Parent Relationship": "Outer", "Parallel Aware": false, "Async Capable": false, "Join Type": "Inner", "Startup Cost": 0.29, "Total Cost": 3284.09, "Plan Rows": 73.0, "Plan Width": 8, "Actual Rows": 215, "Actual Loops": 2, "Inner Unique": false, "Workers": [], "Plans": [{"Node Type": "Seq Scan", "Parent Relationship": "Outer", "Parallel Aware": true, "Async Capable": false, "Relation Name": "comments", "Alias": "c", "Startup Cost": 0.0, "Total Cost": 3138.32, "Plan Rows": 12, "Plan Width": 4, "Actual Rows": 11, "Actual Loops": 2, "Filter": "((creationdate >= '2011-01-13 02:52:37'::timestamp without time zone) AND (creationdate <= '2013-01-29 07:29:28'::timestamp without time zone) AND (score = 10))", "Rows Removed by Filter": 87142, "Workers": []}, {"Node Type": "Index Scan", "Parent Relationship": "Inner", "Parallel Aware": false, "Async Capable": false, "Scan Direction": "Forward", "Index Name": "idx_badges_userid", "Relation Name": "badges", "Alias": "b", "Startup Cost": 0.29, "Total Cost": 12.14, "Plan Rows": 1, "Plan Width": 4, "Actual Rows": 20, "Actual Loops": 22, "Index Cond": "(userid = c.userid)", "Rows Removed by Index Recheck": 0, "Filter": "(date <= '2011-04-20 18:48:58'::timestamp without time zone)", "Rows Removed by Filter": 124, "Workers": []}]}]}]}]}]}]}, "Planning Time": 2.745, "Triggers": [], "Execution Time": 74.991}, {"Plan": {"Node Type": "Aggregate", "Strategy": "Plain", "Partial Mode": "Simple", "Parallel Aware": false, "Async Capable": false, "Startup Cost": 5724.49, "Total Cost": 5724.5, "Plan Rows": 1, "Plan Width": 8, "Actual Rows": 1, "Actual Loops": 1, "Plans": [{"Node Type": "Hash Join", "Parent Relationship": "Outer", "Parallel Aware": false, "Async Capable": false, "Join Type": "Inner", "Startup Cost": 4234.11, "Total Cost": 5690.92, "Plan Rows": 1.0, "Plan Width": 0, "Actual Rows": 54085, "Actual Loops": 1, "Inner Unique": false, "Hash Cond": "(b.userid = u.id)", "Plans": [{"Node Type": "Seq Scan", "Parent Relationship": "Outer", "Parallel Aware": false, "Async Capable": false, "Relation Name": "badges", "Alias": "b", "Startup Cost": 0.0, "Total Cost": 1430.14, "Plan Rows": 6319, "Plan Width": 4, "Actual Rows": 6323, "Actual Loops": 1, "Filter": "(date <= '2011-04-20 18:48:58'::timestamp without time zone)", "Rows Removed by Filter": 73528}, {"Node Type": "Hash", "Parent Relationship": "Inner", "Parallel Aware": false, "Async Capable": false, "Startup Cost": 4210.35, "Total Cost": 4210.35, "Plan Rows": 1.0, "Plan Width": 12, "Actual Rows": 1445, "Actual Loops": 1, "Hash Buckets": 2048, "Original Hash Buckets": 2048, "Hash Batches": 1, "Original Hash Batches": 1, "Peak Memory Usage": 79, "Plans": [{"Node Type": "Nested Loop", "Parent Relationship": "Outer", "Parallel Aware": false, "Async Capable": false, "Join Type": "Inner", "Startup Cost": 1000.71, "Total Cost": 4210.35, "Plan Rows": 1.0, "Plan Width": 12, "Actual Rows": 1445, "Actual Loops": 1, "Inner Unique": false, "Plans": [{"Node Type": "Gather", "Parent Relationship": "Outer", "Parallel Aware": false, "Async Capable": false, "Startup Cost": 1000.29, "Total Cost": 4189.61, "Plan Rows": 14.0, "Plan Width": 8, "Actual Rows": 22, "Actual Loops": 1, "Workers Planned": 1, "Workers Launched": 1, "Single Copy": false, "Plans": [{"Node Type": "Nested Loop", "Parent Relationship": "Outer", "Parallel Aware": false, "Async Capable": false, "Join Type": "Inner", "Startup Cost": 0.29, "Total Cost": 3187.61, "Plan Rows": 14.0, "Plan Width": 8, "Actual Rows": 11, "Actual Loops": 2, "Inner Unique": true, "Workers": [], "Plans": [{"Node Type": "Seq Scan", "Parent Relationship": "Outer", "Parallel Aware": true, "Async Capable": false, "Relation Name": "comments", "Alias": "c", "Startup Cost": 0.0, "Total Cost": 3138.32, "Plan Rows": 12, "Plan Width": 4, "Actual Rows": 11, "Actual Loops": 2, "Filter": "((creationdate >= '2011-01-13 02:52:37'::timestamp without time zone) AND (creationdate <= '2013-01-29 07:29:28'::timestamp without time zone) AND (score = 10))", "Rows Removed by Filter": 87142, "Workers": []}, {"Node Type": "Index Only Scan", "Parent Relationship": "Inner", "Parallel Aware": false, "Async Capable": false, "Scan Direction": "Forward", "Index Name": "users_pkey", "Relation Name": "users", "Alias": "u", "Startup Cost": 0.29, "Total Cost": 4.11, "Plan Rows": 1, "Plan Width": 4, "Actual Rows": 1, "Actual Loops": 22, "Index Cond": "(id = c.userid)", "Rows Removed by Index Recheck": 0, "Heap Fetches": 0, "Workers": []}]}]}, {"Node Type": "Index Scan", "Parent Relationship": "Inner", "Parallel Aware": false, "Async Capable": false, "Scan Direction": "Forward", "Index Name": "idx_posthistory_userid", "Relation Name": "posthistory", "Alias": "ph", "Startup Cost": 0.42, "Total Cost": 1.03, "Plan Rows": 1, "Plan Width": 4, "Actual Rows": 66, "Actual Loops": 22, "Index Cond": "(userid = u.id)", "Rows Removed by Index Recheck": 0, "Filter": "((creationdate >= '2012-05-13 10:50:22'::timestamp without time zone) AND (creationdate <= '2013-04-05 23:42:59'::timestamp without time zone) AND (posthistorytypeid = 2))", "Rows Removed by Filter": 2123}]}]}]}]}, "Planning Time": 2.413, "Triggers": [], "Execution Time": 43.371}, {"Plan": {"Node Type": "Aggregate", "Strategy": "Plain", "Partial Mode": "Finalize", "Parallel Aware": false, "Async Capable": false, "Startup Cost": 11016.1, "Total Cost": 11016.11, "Plan Rows": 1, "Plan Width": 8, "Actual Rows": 1, "Actual Loops": 1, "Plans": [{"Node Type": "Gather", "Parent Relationship": "Outer", "Parallel Aware": false, "Async Capable": false, "Startup Cost": 11015.98, "Total Cost": 11016.09, "Plan Rows": 1, "Plan Width": 8, "Actual Rows": 2, "Actual Loops": 1, "Workers Planned": 1, "Workers Launched": 1, "Single Copy": false, "Plans": [{"Node Type": "Aggregate", "Strategy": "Plain", "Partial Mode": "Partial", "Parent Relationship": "Outer", "Parallel Aware": false, "Async Capable": false, "Startup Cost": 10015.98, "Total Cost": 10015.99, "Plan Rows": 1, "Plan Width": 8, "Actual Rows": 1, "Actual Loops": 2, "Workers": [], "Plans": [{"Node Type": "Hash Join", "Parent Relationship": "Outer", "Parallel Aware": true, "Async Capable": false, "Join Type": "Inner", "Startup Cost": 6711.91, "Total Cost": 9996.24, "Plan Rows": 1.0, "Plan Width": 0, "Actual Rows": 27042, "Actual Loops": 2, "Inner Unique": false, "Hash Cond": "(c.userid = u.id)", "Workers": [], "Plans": [{"Node Type": "Nested Loop", "Parent Relationship": "Outer", "Parallel Aware": false, "Async Capable": false, "Join Type": "Inner", "Startup Cost": 0.29, "Total Cost": 3284.09, "Plan Rows": 73.0, "Plan Width": 8, "Actual Rows": 215, "Actual Loops": 2, "Inner Unique": false, "Workers": [], "Plans": [{"Node Type": "Seq Scan", "Parent Relationship": "Outer", "Parallel Aware": true, "Async Capable": false, "Relation Name": "comments", "Alias": "c", "Startup Cost": 0.0, "Total Cost": 3138.32, "Plan Rows": 12, "Plan Width": 4, "Actual Rows": 11, "Actual Loops": 2, "Filter": "((creationdate >= '2011-01-13 02:52:37'::timestamp without time zone) AND (creationdate <= '2013-01-29 07:29:28'::timestamp without time zone) AND (score = 10))", "Rows Removed by Filter": 87142, "Workers": []}, {"Node Type": "Index Scan", "Parent Relationship": "Inner", "Parallel Aware": false, "Async Capable": false, "Scan Direction": "Forward", "Index Name": "idx_badges_userid", "Relation Name": "badges", "Alias": "b", "Startup Cost": 0.29, "Total Cost": 12.14, "Plan Rows": 1, "Plan Width": 4, "Actual Rows": 20, "Actual Loops": 22, "Index Cond": "(userid = c.userid)", "Rows Removed by Index Recheck": 0, "Filter": "(date <= '2011-04-20 18:48:58'::timestamp without time zone)", "Rows Removed by Filter": 124, "Workers": []}]}, {"Node Type": "Hash", "Parent Relationship": "Inner", "Parallel Aware": true, "Async Capable": false, "Startup Cost": 6578.68, "Total Cost": 6578.68, "Plan Rows": 11.0, "Plan Width": 8, "Actual Rows": 9552, "Actual Loops": 2, "Hash Buckets": 32768, "Original Hash Buckets": 32768, "Hash Batches": 1, "Original Hash Batches": 1, "Peak Memory Usage": 1024, "Workers": [], "Plans": [{"Node Type": "Hash Join", "Parent Relationship": "Outer", "Parallel Aware": true, "Async Capable": false, "Join Type": "Inner", "Startup Cost": 1187.63, "Total Cost": 6578.68, "Plan Rows": 11.0, "Plan Width": 8, "Actual Rows": 9552, "Actual Loops": 2, "Inner Unique": true, "Hash Cond": "(ph.userid = u.id)", "Workers": [], "Plans": [{"Node Type": "Seq Scan", "Parent Relationship": "Outer", "Parallel Aware": true, "Async Capable": false, "Relation Name": "posthistory", "Alias": "ph", "Startup Cost": 0.0, "Total Cost": 5361.04, "Plan Rows": 11431, "Plan Width": 4, "Actual Rows": 9648, "Actual Loops": 2, "Filter": "((creationdate >= '2012-05-13 10:50:22'::timestamp without time zone) AND (creationdate <= '2013-04-05 23:42:59'::timestamp without time zone) AND (posthistorytypeid = 2))", "Rows Removed by Filter": 141946, "Workers": []}, {"Node Type": "Hash", "Parent Relationship": "Inner", "Parallel Aware": true, "Async Capable": false, "Startup Cost": 891.12, "Total Cost": 891.12, "Plan Rows": 23721, "Plan Width": 4, "Actual Rows": 20162, "Actual Loops": 2, "Hash Buckets": 65536, "Original Hash Buckets": 65536, "Hash Batches": 1, "Original Hash Batches": 1, "Peak Memory Usage": 2144, "Workers": [], "Plans": [{"Node Type": "Index Only Scan", "Parent Relationship": "Outer", "Parallel Aware": true, "Async Capable": false, "Scan Direction": "Forward", "Index Name": "users_pkey", "Relation Name": "users", "Alias": "u", "Startup Cost": 0.29, "Total Cost": 891.12, "Plan Rows": 23721, "Plan Width": 4, "Actual Rows": 20162, "Actual Loops": 2, "Heap Fetches": 0, "Workers": []}]}]}]}]}]}]}]}, "Planning Time": 3.219, "Triggers": [], "Execution Time": 73.156}, {"Plan": {"Node Type": "Aggregate", "Strategy": "Plain", "Partial Mode": "Finalize", "Parallel Aware": false, "Async Capable": false, "Startup Cost": 4297.53, "Total Cost": 4297.54, "Plan Rows": 1, "Plan Width": 8, "Actual Rows": 1, "Actual Loops": 1, "Plans": [{"Node Type": "Gather", "Parent Relationship": "Outer", "Parallel Aware": false, "Async Capable": false, "Startup Cost": 4297.41, "Total Cost": 4297.52, "Plan Rows": 1, "Plan Width": 8, "Actual Rows": 2, "Actual Loops": 1, "Workers Planned": 1, "Workers Launched": 1, "Single Copy": false, "Plans": [{"Node Type": "Aggregate", "Strategy": "Plain", "Partial Mode": "Partial", "Parent Relationship": "Outer", "Parallel Aware": false, "Async Capable": false, "Startup Cost": 3297.41, "Total Cost": 3297.42, "Plan Rows": 1, "Plan Width": 8, "Actual Rows": 1, "Actual Loops": 2, "Workers": [], "Plans": [{"Node Type": "Nested Loop", "Parent Relationship": "Outer", "Parallel Aware": false, "Async Capable": false, "Join Type": "Inner", "Startup Cost": 1.0, "Total Cost": 3277.67, "Plan Rows": 1.0, "Plan Width": 0, "Actual Rows": 27042, "Actual Loops": 2, "Inner Unique": false, "Workers": [], "Plans": [{"Node Type": "Nested Loop", "Parent Relationship": "Outer", "Parallel Aware": false, "Async Capable": false, "Join Type": "Inner", "Startup Cost": 0.58, "Total Cost": 3192.63, "Plan Rows": 31.0, "Plan Width": 12, "Actual Rows": 215, "Actual Loops": 2, "Inner Unique": false, "Workers": [], "Plans": [{"Node Type": "Nested Loop", "Parent Relationship": "Outer", "Parallel Aware": false, "Async Capable": false, "Join Type": "Inner", "Startup Cost": 0.29, "Total Cost": 3187.61, "Plan Rows": 14.0, "Plan Width": 8, "Actual Rows": 11, "Actual Loops": 2, "Inner Unique": true, "Workers": [], "Plans": [{"Node Type": "Seq Scan", "Parent Relationship": "Outer", "Parallel Aware": true, "Async Capable": false, "Relation Name": "comments", "Alias": "c", "Startup Cost": 0.0, "Total Cost": 3138.32, "Plan Rows": 12, "Plan Width": 4, "Actual Rows": 11, "Actual Loops": 2, "Filter": "((creationdate >= '2011-01-13 02:52:37'::timestamp without time zone) AND (creationdate <= '2013-01-29 07:29:28'::timestamp without time zone) AND (score = 10))", "Rows Removed by Filter": 87142, "Workers": []}, {"Node Type": "Index Only Scan", "Parent Relationship": "Inner", "Parallel Aware": false, "Async Capable": false, "Scan Direction": "Forward", "Index Name": "users_pkey", "Relation Name": "users", "Alias": "u", "Startup Cost": 0.29, "Total Cost": 4.11, "Plan Rows": 1, "Plan Width": 4, "Actual Rows": 1, "Actual Loops": 22, "Index Cond": "(id = c.userid)", "Rows Removed by Index Recheck": 0, "Heap Fetches": 0, "Workers": []}]}, {"Node Type": "Index Scan", "Parent Relationship": "Inner", "Parallel Aware": false, "Async Capable": false, "Scan Direction": "Forward", "Index Name": "idx_badges_userid", "Relation Name": "badges", "Alias": "b", "Startup Cost": 0.29, "Total Cost": 0.41, "Plan Rows": 1, "Plan Width": 4, "Actual Rows": 20, "Actual Loops": 22, "Index Cond": "(userid = u.id)", "Rows Removed by Index Recheck": 0, "Filter": "(date <= '2011-04-20 18:48:58'::timestamp without time zone)", "Rows Removed by Filter": 124, "Workers": []}]}, {"Node Type": "Index Scan", "Parent Relationship": "Inner", "Parallel Aware": false, "Async Capable": false, "Scan Direction": "Forward", "Index Name": "idx_posthistory_userid", "Relation Name": "posthistory", "Alias": "ph", "Startup Cost": 0.42, "Total Cost": 1.03, "Plan Rows": 1, "Plan Width": 4, "Actual Rows": 126, "Actual Loops": 430, "Index Cond": "(userid = u.id)", "Rows Removed by Index Recheck": 0, "Filter": "((creationdate >= '2012-05-13 10:50:22'::timestamp without time zone) AND (creationdate <= '2013-04-05 23:42:59'::timestamp without time zone) AND (posthistorytypeid = 2))", "Rows Removed by Filter": 5142, "Workers": []}]}]}]}]}, "Planning Time": 5.174, "Triggers": [], "Execution Time": 299.455}, {"Plan": {"Node Type": "Aggregate", "Strategy": "Plain", "Partial Mode": "Finalize", "Parallel Aware": false, "Async Capable": false, "Startup Cost": 11632.53, "Total Cost": 11632.54, "Plan Rows": 1, "Plan Width": 8, "Actual Rows": 1, "Actual Loops": 1, "Plans": [{"Node Type": "Gather", "Parent Relationship": "Outer", "Parallel Aware": false, "Async Capable": false, "Startup Cost": 11632.42, "Total Cost": 11632.53, "Plan Rows": 1, "Plan Width": 8, "Actual Rows": 2, "Actual Loops": 1, "Workers Planned": 1, "Workers Launched": 1, "Single Copy": false, "Plans": [{"Node Type": "Aggregate", "Strategy": "Plain", "Partial Mode": "Partial", "Parent Relationship": "Outer", "Parallel Aware": false, "Async Capable": false, "Startup Cost": 10632.42, "Total Cost": 10632.43, "Plan Rows": 1, "Plan Width": 8, "Actual Rows": 1, "Actual Loops": 2, "Workers": [], "Plans": [{"Node Type": "Hash Join", "Parent Relationship": "Outer", "Parallel Aware": true, "Async Capable": false, "Join Type": "Inner", "Startup Cost": 4968.26, "Total Cost": 10612.67, "Plan Rows": 1.0, "Plan Width": 0, "Actual Rows": 27042, "Actual Loops": 2, "Inner Unique": false, "Hash Cond": "(u.id = c.userid)", "Workers": [], "Plans": [{"Node Type": "Nested Loop", "Parent Relationship": "Outer", "Parallel Aware": false, "Async Capable": false, "Join Type": "Inner", "Startup Cost": 1829.79, "Total Cost": 6702.84, "Plan Rows": 21.0, "Plan Width": 12, "Actual Rows": 22353, "Actual Loops": 2, "Inner Unique": false, "Workers": [], "Plans": [{"Node Type": "Merge Join", "Parent Relationship": "Outer", "Parallel Aware": false, "Async Capable": false, "Join Type": "Inner", "Startup Cost": 1829.37, "Total Cost": 2848.19, "Plan Rows": 935.0, "Plan Width": 8, "Actual Rows": 3162, "Actual Loops": 2, "Inner Unique": false, "Merge Cond": "(u.id = b.userid)", "Workers": [], "Plans": [{"Node Type": "Index Only Scan", "Parent Relationship": "Outer", "Parallel Aware": true, "Async Capable": false, "Scan Direction": "Forward", "Index Name": "users_pkey", "Relation Name": "users", "Alias": "u", "Startup Cost": 0.29, "Total Cost": 891.12, "Plan Rows": 23721, "Plan Width": 4, "Actual Rows": 1332, "Actual Loops": 2, "Heap Fetches": 0, "Workers": []}, {"Node Type": "Sort", "Parent Relationship": "Inner", "Parallel Aware": false, "Async Capable": false, "Startup Cost": 1829.04, "Total Cost": 1844.84, "Plan Rows": 6319, "Plan Width": 4, "Actual Rows": 6323, "Actual Loops": 2, "Sort Key": ["b.userid"], "Sort Method": "quicksort", "Sort Space Used": 193, "Sort Space Type": "Memory", "Workers": [{"Worker Number": 0, "Sort Method": "quicksort", "Sort Space Used": 193, "Sort Space Type": "Memory"}], "Plans": [{"Node Type": "Seq Scan", "Parent Relationship": "Outer", "Parallel Aware": false, "Async Capable": false, "Relation Name": "badges", "Alias": "b", "Startup Cost": 0.0, "Total Cost": 1430.14, "Plan Rows": 6319, "Plan Width": 4, "Actual Rows": 6323, "Actual Loops": 2, "Filter": "(date <= '2011-04-20 18:48:58'::timestamp without time zone)", "Rows Removed by Filter": 73528, "Workers": []}]}]}, {"Node Type": "Index Scan", "Parent Relationship": "Inner", "Parallel Aware": false, "Async Capable": false, "Scan Direction": "Forward", "Index Name": "idx_posthistory_userid", "Relation Name": "posthistory", "Alias": "ph", "Startup Cost": 0.42, "Total Cost": 1.03, "Plan Rows": 1, "Plan Width": 4, "Actual Rows": 7, "Actual Loops": 6323, "Index Cond": "(userid = u.id)", "Rows Removed by Index Recheck": 0, "Filter": "((creationdate >= '2012-05-13 10:50:22'::timestamp without time zone) AND (creationdate <= '2013-04-05 23:42:59'::timestamp without time zone) AND (posthistorytypeid = 2))", "Rows Removed by Filter": 265, "Workers": []}]}, {"Node Type": "Hash", "Parent Relationship": "Inner", "Parallel Aware": true, "Async Capable": false, "Startup Cost": 3138.32, "Total Cost": 3138.32, "Plan Rows": 12, "Plan Width": 4, "Actual Rows": 11, "Actual Loops": 2, "Hash Buckets": 1024, "Original Hash Buckets": 1024, "Hash Batches": 1, "Original Hash Batches": 1, "Peak Memory Usage": 40, "Workers": [], "Plans": [{"Node Type": "Seq Scan", "Parent Relationship": "Outer", "Parallel Aware": true, "Async Capable": false, "Relation Name": "comments", "Alias": "c", "Startup Cost": 0.0, "Total Cost": 3138.32, "Plan Rows": 12, "Plan Width": 4, "Actual Rows": 11, "Actual Loops": 2, "Filter": "((creationdate >= '2011-01-13 02:52:37'::timestamp without time zone) AND (creationdate <= '2013-01-29 07:29:28'::timestamp without time zone) AND (score = 10))", "Rows Removed by Filter": 87142, "Workers": []}]}]}]}]}]}, "Planning Time": 2.471, "Triggers": [], "Execution Time": 228.712}, {"Plan": {"Node Type": "Aggregate", "Strategy": "Plain", "Partial Mode": "Finalize", "Parallel Aware": false, "Async Capable": false, "Startup Cost": 16486.49, "Total Cost": 16486.5, "Plan Rows": 1, "Plan Width": 8, "Actual Rows": 1, "Actual Loops": 1, "Plans": [{"Node Type": "Gather", "Parent Relationship": "Outer", "Parallel Aware": false, "Async Capable": false, "Startup Cost": 16486.38, "Total Cost": 16486.49, "Plan Rows": 1, "Plan Width": 8, "Actual Rows": 2, "Actual Loops": 1, "Workers Planned": 1, "Workers Launched": 1, "Single Copy": false, "Plans": [{"Node Type": "Aggregate", "Strategy": "Plain", "Partial Mode": "Partial", "Parent Relationship": "Outer", "Parallel Aware": false, "Async Capable": false, "Startup Cost": 15486.38, "Total Cost": 15486.39, "Plan Rows": 1, "Plan Width": 8, "Actual Rows": 1, "Actual Loops": 2, "Workers": [], "Plans": [{"Node Type": "Merge Join", "Parent Relationship": "Outer", "Parallel Aware": false, "Async Capable": false, "Join Type": "Inner", "Startup Cost": 13950.82, "Total Cost": 15466.63, "Plan Rows": 1.0, "Plan Width": 0, "Actual Rows": 27042, "Actual Loops": 2, "Inner Unique": false, "Merge Cond": "(u.id = ph.userid)", "Workers": [], "Plans": [{"Node Type": "Sort", "Parent Relationship": "Outer", "Parallel Aware": false, "Async Capable": false, "Startup Cost": 3187.82, "Total Cost": 3187.85, "Plan Rows": 14.0, "Plan Width": 8, "Actual Rows": 10, "Actual Loops": 2, "Sort Key": ["c.userid"], "Sort Method": "quicksort", "Sort Space Used": 25, "Sort Space Type": "Memory", "Workers": [{"Worker Number": 0, "Sort Method": "quicksort", "Sort Space Used": 25, "Sort Space Type": "Memory"}], "Plans": [{"Node Type": "Nested Loop", "Parent Relationship": "Outer", "Parallel Aware": false, "Async Capable": false, "Join Type": "Inner", "Startup Cost": 0.29, "Total Cost": 3187.61, "Plan Rows": 14.0, "Plan Width": 8, "Actual Rows": 11, "Actual Loops": 2, "Inner Unique": true, "Workers": [], "Plans": [{"Node Type": "Seq Scan", "Parent Relationship": "Outer", "Parallel Aware": true, "Async Capable": false, "Relation Name": "comments", "Alias": "c", "Startup Cost": 0.0, "Total Cost": 3138.32, "Plan Rows": 12, "Plan Width": 4, "Actual Rows": 11, "Actual Loops": 2, "Filter": "((creationdate >= '2011-01-13 02:52:37'::timestamp without time zone) AND (creationdate <= '2013-01-29 07:29:28'::timestamp without time zone) AND (score = 10))", "Rows Removed by Filter": 87142, "Workers": []}, {"Node Type": "Index Only Scan", "Parent Relationship": "Inner", "Parallel Aware": false, "Async Capable": false, "Scan Direction": "Forward", "Index Name": "users_pkey", "Relation Name": "users", "Alias": "u", "Startup Cost": 0.29, "Total Cost": 4.11, "Plan Rows": 1, "Plan Width": 4, "Actual Rows": 1, "Actual Loops": 22, "Index Cond": "(id = c.userid)", "Rows Removed by Index Recheck": 0, "Heap Fetches": 0, "Workers": []}]}]}, {"Node Type": "Materialize", "Parent Relationship": "Inner", "Parallel Aware": false, "Async Capable": false, "Startup Cost": 10763.0, "Total Cost": 12190.65, "Plan Rows": 38.0, "Plan Width": 8, "Actual Rows": 63282, "Actual Loops": 2, "Workers": [], "Plans": [{"Node Type": "Merge Join", "Parent Relationship": "Outer", "Parallel Aware": false, "Async Capable": false, "Join Type": "Inner", "Startup Cost": 10763.0, "Total Cost": 11989.33, "Plan Rows": 38.0, "Plan Width": 8, "Actual Rows": 44706, "Actual Loops": 2, "Inner Unique": false, "Merge Cond": "(b.userid = ph.userid)", "Workers": [], "Plans": [{"Node Type": "Sort", "Parent Relationship": "Outer", "Parallel Aware": false, "Async Capable": false, "Startup Cost": 1829.04, "Total Cost": 1844.84, "Plan Rows": 6319, "Plan Width": 4, "Actual Rows": 6323, "Actual Loops": 2, "Sort Key": ["b.userid"], "Sort Method": "quicksort", "Sort Space Used": 193, "Sort Space Type": "Memory", "Workers": [{"Worker Number": 0, "Sort Method": "quicksort", "Sort Space Used": 193, "Sort Space Type": "Memory"}], "Plans": [{"Node Type": "Seq Scan", "Parent Relationship": "Outer", "Parallel Aware": false, "Async Capable": false, "Relation Name": "badges", "Alias": "b", "Startup Cost": 0.0, "Total Cost": 1430.14, "Plan Rows": 6319, "Plan Width": 4, "Actual Rows": 6323, "Actual Loops": 2, "Filter": "(date <= '2011-04-20 18:48:58'::timestamp without time zone)", "Rows Removed by Filter": 73528, "Workers": []}]}, {"Node Type": "Sort", "Parent Relationship": "Inner", "Parallel Aware": false, "Async Capable": false, "Startup Cost": 8930.01, "Total Cost": 8978.59, "Plan Rows": 19433, "Plan Width": 4, "Actual Rows": 45148, "Actual Loops": 2, "Sort Key": ["ph.userid"], "Sort Method": "quicksort", "Sort Space Used": 769, "Sort Space Type": "Memory", "Workers": [{"Worker Number": 0, "Sort Method": "quicksort", "Sort Space Used": 769, "Sort Space Type": "Memory"}], "Plans": [{"Node Type": "Seq Scan", "Parent Relationship": "Outer", "Parallel Aware": false, "Async Capable": false, "Relation Name": "posthistory", "Alias": "ph", "Startup Cost": 0.0, "Total Cost": 7545.77, "Plan Rows": 19433, "Plan Width": 4, "Actual Rows": 19295, "Actual Loops": 2, "Filter": "((creationdate >= '2012-05-13 10:50:22'::timestamp without time zone) AND (creationdate <= '2013-04-05 23:42:59'::timestamp without time zone) AND (posthistorytypeid = 2))", "Rows Removed by Filter": 283892, "Workers": []}]}]}]}]}]}]}]}, "Planning Time": 5.498, "Triggers": [], "Execution Time": 88.638}, {"Plan": {"Node Type": "Aggregate", "Strategy": "Plain", "Partial Mode": "Simple", "Parallel Aware": false, "Async Capable": false, "Startup Cost": 8034.59, "Total Cost": 8034.6, "Plan Rows": 1, "Plan Width": 8, "Actual Rows": 1, "Actual Loops": 1, "Plans": [{"Node Type": "Merge Join", "Parent Relationship": "Outer", "Parallel Aware": false, "Async Capable": false, "Join Type": "Inner", "Startup Cost": 6720.55, "Total Cost": 8001.02, "Plan Rows": 1.0, "Plan Width": 0, "Actual Rows": 54085, "Actual Loops": 1, "Inner Unique": false, "Merge Cond": "(u.id = c.userid)", "Plans": [{"Node Type": "Merge Join", "Parent Relationship": "Outer", "Parallel Aware": false, "Async Capable": false, "Join Type": "Inner", "Startup Cost": 1829.39, "Total Cost": 3081.77, "Plan Rows": 935.0, "Plan Width": 8, "Actual Rows": 6323, "Actual Loops": 1, "Inner Unique": false, "Merge Cond": "(u.id = b.userid)", "Plans": [{"Node Type": "Index Only Scan", "Parent Relationship": "Outer", "Parallel Aware": false, "Async Capable": false, "Scan Direction": "Forward", "Index Name": "users_pkey", "Relation Name": "users", "Alias": "u", "Startup Cost": 0.29, "Total Cost": 1057.16, "Plan Rows": 40325, "Plan Width": 4, "Actual Rows": 2664, "Actual Loops": 1, "Heap Fetches": 0}, {"Node Type": "Sort", "Parent Relationship": "Inner", "Parallel Aware": false, "Async Capable": false, "Startup Cost": 1829.04, "Total Cost": 1844.84, "Plan Rows": 6319, "Plan Width": 4, "Actual Rows": 6323, "Actual Loops": 1, "Sort Key": ["b.userid"], "Sort Method": "quicksort", "Sort Space Used": 193, "Sort Space Type": "Memory", "Plans": [{"Node Type": "Seq Scan", "Parent Relationship": "Outer", "Parallel Aware": false, "Async Capable": false, "Relation Name": "badges", "Alias": "b", "Startup Cost": 0.0, "Total Cost": 1430.14, "Plan Rows": 6319, "Plan Width": 4, "Actual Rows": 6323, "Actual Loops": 1, "Filter": "(date <= '2011-04-20 18:48:58'::timestamp without time zone)", "Rows Removed by Filter": 73528}]}]}, {"Node Type": "Sort", "Parent Relationship": "Inner", "Parallel Aware": false, "Async Capable": false, "Startup Cost": 4890.96, "Total Cost": 4895.8, "Plan Rows": 1.0, "Plan Width": 8, "Actual Rows": 54086, "Actual Loops": 1, "Sort Key": ["c.userid"], "Sort Method": "quicksort", "Sort Space Used": 94, "Sort Space Type": "Memory", "Plans": [{"Node Type": "Gather", "Parent Relationship": "Outer", "Parallel Aware": false, "Async Capable": false, "Startup Cost": 1000.42, "Total Cost": 4785.45, "Plan Rows": 1.0, "Plan Width": 8, "Actual Rows": 1445, "Actual Loops": 1, "Workers Planned": 1, "Workers Launched": 1, "Single Copy": false, "Plans": [{"Node Type": "Nested Loop", "Parent Relationship": "Outer", "Parallel Aware": false, "Async Capable": false, "Join Type": "Inner", "Startup Cost": 0.42, "Total Cost": 3592.15, "Plan Rows": 1.0, "Plan Width": 8, "Actual Rows": 722, "Actual Loops": 2, "Inner Unique": false, "Workers": [], "Plans": [{"Node Type": "Seq Scan", "Parent Relationship": "Outer", "Parallel Aware": true, "Async Capable": false, "Relation Name": "comments", "Alias": "c", "Startup Cost": 0.0, "Total Cost": 3138.32, "Plan Rows": 12, "Plan Width": 4, "Actual Rows": 11, "Actual Loops": 2, "Filter": "((creationdate >= '2011-01-13 02:52:37'::timestamp without time zone) AND (creationdate <= '2013-01-29 07:29:28'::timestamp without time zone) AND (score = 10))", "Rows Removed by Filter": 87142, "Workers": []}, {"Node Type": "Index Scan", "Parent Relationship": "Inner", "Parallel Aware": false, "Async Capable": false, "Scan Direction": "Forward", "Index Name": "idx_posthistory_userid", "Relation Name": "posthistory", "Alias": "ph", "Startup Cost": 0.42, "Total Cost": 37.81, "Plan Rows": 1, "Plan Width": 4, "Actual Rows": 66, "Actual Loops": 22, "Index Cond": "(userid = c.userid)", "Rows Removed by Index Recheck": 0, "Filter": "((creationdate >= '2012-05-13 10:50:22'::timestamp without time zone) AND (creationdate <= '2013-04-05 23:42:59'::timestamp without time zone) AND (posthistorytypeid = 2))", "Rows Removed by Filter": 2123, "Workers": []}]}]}]}]}]}, "Planning Time": 2.971, "Triggers": [], "Execution Time": 50.04}, {"Plan": {"Node Type": "Aggregate", "Strategy": "Plain", "Partial Mode": "Simple", "Parallel Aware": false, "Async Capable": false, "Startup Cost": 16315.39, "Total Cost": 16315.4, "Plan Rows": 1, "Plan Width": 8, "Actual Rows": 1, "Actual Loops": 1, "Plans": [{"Node Type": "Merge Join", "Parent Relationship": "Outer", "Parallel Aware": false, "Async Capable": false, "Join Type": "Inner", "Startup Cost": 14953.04, "Total Cost": 16281.82, "Plan Rows": 1.0, "Plan Width": 0, "Actual Rows": 54085, "Actual Loops": 1, "Inner Unique": false, "Merge Cond": "(ph.userid = u.id)", "Plans": [{"Node Type": "Merge Join", "Parent Relationship": "Outer", "Parallel Aware": false, "Async Capable": false, "Join Type": "Inner", "Startup Cost": 10763.0, "Total Cost": 11989.33, "Plan Rows": 38.0, "Plan Width": 8, "Actual Rows": 44706, "Actual Loops": 1, "Inner Unique": false, "Merge Cond": "(b.userid = ph.userid)", "Plans": [{"Node Type": "Sort", "Parent Relationship": "Outer", "Parallel Aware": false, "Async Capable": false, "Startup Cost": 1829.04, "Total Cost": 1844.84, "Plan Rows": 6319, "Plan Width": 4, "Actual Rows": 6323, "Actual Loops": 1, "Sort Key": ["b.userid"], "Sort Method": "quicksort", "Sort Space Used": 193, "Sort Space Type": "Memory", "Plans": [{"Node Type": "Seq Scan", "Parent Relationship": "Outer", "Parallel Aware": false, "Async Capable": false, "Relation Name": "badges", "Alias": "b", "Startup Cost": 0.0, "Total Cost": 1430.14, "Plan Rows": 6319, "Plan Width": 4, "Actual Rows": 6323, "Actual Loops": 1, "Filter": "(date <= '2011-04-20 18:48:58'::timestamp without time zone)", "Rows Removed by Filter": 73528}]}, {"Node Type": "Sort", "Parent Relationship": "Inner", "Parallel Aware": false, "Async Capable": false, "Startup Cost": 8930.01, "Total Cost": 8978.59, "Plan Rows": 19433, "Plan Width": 4, "Actual Rows": 45148, "Actual Loops": 1, "Sort Key": ["ph.userid"], "Sort Method": "quicksort", "Sort Space Used": 769, "Sort Space Type": "Memory", "Plans": [{"Node Type": "Seq Scan", "Parent Relationship": "Outer", "Parallel Aware": false, "Async Capable": false, "Relation Name": "posthistory", "Alias": "ph", "Startup Cost": 0.0, "Total Cost": 7545.77, "Plan Rows": 19433, "Plan Width": 4, "Actual Rows": 19295, "Actual Loops": 1, "Filter": "((creationdate >= '2012-05-13 10:50:22'::timestamp without time zone) AND (creationdate <= '2013-04-05 23:42:59'::timestamp without time zone) AND (posthistorytypeid = 2))", "Rows Removed by Filter": 283892}]}]}, {"Node Type": "Sort", "Parent Relationship": "Inner", "Parallel Aware": false, "Async Capable": false, "Startup Cost": 4190.04, "Total Cost": 4190.09, "Plan Rows": 14.0, "Plan Width": 8, "Actual Rows": 54087, "Actual Loops": 1, "Sort Key": ["c.userid"], "Sort Method": "quicksort", "Sort Space Used": 25, "Sort Space Type": "Memory", "Plans": [{"Node Type": "Gather", "Parent Relationship": "Outer", "Parallel Aware": false, "Async Capable": false, "Startup Cost": 1000.29, "Total Cost": 4189.61, "Plan Rows": 14.0, "Plan Width": 8, "Actual Rows": 22, "Actual Loops": 1, "Workers Planned": 1, "Workers Launched": 1, "Single Copy": false, "Plans": [{"Node Type": "Nested Loop", "Parent Relationship": "Outer", "Parallel Aware": false, "Async Capable": false, "Join Type": "Inner", "Startup Cost": 0.29, "Total Cost": 3187.61, "Plan Rows": 14.0, "Plan Width": 8, "Actual Rows": 11, "Actual Loops": 2, "Inner Unique": true, "Workers": [], "Plans": [{"Node Type": "Seq Scan", "Parent Relationship": "Outer", "Parallel Aware": true, "Async Capable": false, "Relation Name": "comments", "Alias": "c", "Startup Cost": 0.0, "Total Cost": 3138.32, "Plan Rows": 12, "Plan Width": 4, "Actual Rows": 11, "Actual Loops": 2, "Filter": "((creationdate >= '2011-01-13 02:52:37'::timestamp without time zone) AND (creationdate <= '2013-01-29 07:29:28'::timestamp without time zone) AND (score = 10))", "Rows Removed by Filter": 87142, "Workers": []}, {"Node Type": "Index Only Scan", "Parent Relationship": "Inner", "Parallel Aware": false, "Async Capable": false, "Scan Direction": "Forward", "Index Name": "users_pkey", "Relation Name": "users", "Alias": "u", "Startup Cost": 0.29, "Total Cost": 4.11, "Plan Rows": 1, "Plan Width": 4, "Actual Rows": 1, "Actual Loops": 22, "Index Cond": "(id = c.userid)", "Rows Removed by Index Recheck": 0, "Heap Fetches": 0, "Workers": []}]}]}]}]}]}, "Planning Time": 2.794, "Triggers": [], "Execution Time": 78.226}, {"Plan": {"Node Type": "Aggregate", "Strategy": "Plain", "Partial Mode": "Finalize", "Parallel Aware": false, "Async Capable": false, "Startup Cost": 14299.01, "Total Cost": 14299.02, "Plan Rows": 1, "Plan Width": 8, "Actual Rows": 1, "Actual Loops": 1, "Plans": [{"Node Type": "Gather", "Parent Relationship": "Outer", "Parallel Aware": false, "Async Capable": false, "Startup Cost": 14298.9, "Total Cost": 14299.01, "Plan Rows": 1, "Plan Width": 8, "Actual Rows": 2, "Actual Loops": 1, "Workers Planned": 1, "Workers Launched": 1, "Single Copy": false, "Plans": [{"Node Type": "Aggregate", "Strategy": "Plain", "Partial Mode": "Partial", "Parent Relationship": "Outer", "Parallel Aware": false, "Async Capable": false, "Startup Cost": 13298.9, "Total Cost": 13298.91, "Plan Rows": 1, "Plan Width": 8, "Actual Rows": 1, "Actual Loops": 2, "Workers": [], "Plans": [{"Node Type": "Hash Join", "Parent Relationship": "Outer", "Parallel Aware": false, "Async Capable": false, "Join Type": "Inner", "Startup Cost": 10140.55, "Total Cost": 13279.15, "Plan Rows": 1.0, "Plan Width": 0, "Actual Rows": 27042, "Actual Loops": 2, "Inner Unique": false, "Hash Cond": "(c.userid = u.id)", "Workers": [], "Plans": [{"Node Type": "Seq Scan", "Parent Relationship": "Outer", "Parallel Aware": true, "Async Capable": false, "Relation Name": "comments", "Alias": "c", "Startup Cost": 0.0, "Total Cost": 3138.32, "Plan Rows": 12, "Plan Width": 4, "Actual Rows": 11, "Actual Loops": 2, "Filter": "((creationdate >= '2011-01-13 02:52:37'::timestamp without time zone) AND (creationdate <= '2013-01-29 07:29:28'::timestamp without time zone) AND (score = 10))", "Rows Removed by Filter": 87142, "Workers": []}, {"Node Type": "Hash", "Parent Relationship": "Inner", "Parallel Aware": false, "Async Capable": false, "Startup Cost": 9204.04, "Total Cost": 9204.04, "Plan Rows": 21.0, "Plan Width": 12, "Actual Rows": 44706, "Actual Loops": 2, "Hash Buckets": 131072, "Original Hash Buckets": 131072, "Hash Batches": 1, "Original Hash Batches": 1, "Peak Memory Usage": 2945, "Workers": [], "Plans": [{"Node Type": "Nested Loop", "Parent Relationship": "Outer", "Parallel Aware": false, "Async Capable": false, "Join Type": "Inner", "Startup Cost": 1204.73, "Total Cost": 9204.04, "Plan Rows": 21.0, "Plan Width": 12, "Actual Rows": 44706, "Actual Loops": 2, "Inner Unique": false, "Workers": [], "Plans": [{"Node Type": "Hash Join", "Parent Relationship": "Outer", "Parallel Aware": false, "Async Capable": false, "Join Type": "Inner", "Startup Cost": 1204.31, "Total Cost": 2651.04, "Plan Rows": 935.0, "Plan Width": 8, "Actual Rows": 6323, "Actual Loops": 2, "Inner Unique": true, "Hash Cond": "(b.userid = u.id)", "Workers": [], "Plans": [{"Node Type": "Seq Scan", "Parent Relationship": "Outer", "Parallel Aware": false, "Async Capable": false, "Relation Name": "badges", "Alias": "b", "Startup Cost": 0.0, "Total Cost": 1430.14, "Plan Rows": 6319, "Plan Width": 4, "Actual Rows": 6323, "Actual Loops": 2, "Filter": "(date <= '2011-04-20 18:48:58'::timestamp without time zone)", "Rows Removed by Filter": 73528, "Workers": []}, {"Node Type": "Hash", "Parent Relationship": "Inner", "Parallel Aware": false, "Async Capable": false, "Startup Cost": 700.25, "Total Cost": 700.25, "Plan Rows": 40325, "Plan Width": 4, "Actual Rows": 40325, "Actual Loops": 2, "Hash Buckets": 65536, "Original Hash Buckets": 65536, "Hash Batches": 1, "Original Hash Batches": 1, "Peak Memory Usage": 1930, "Workers": [], "Plans": [{"Node Type": "Seq Scan", "Parent Relationship": "Outer", "Parallel Aware": false, "Async Capable": false, "Relation Name": "users", "Alias": "u", "Startup Cost": 0.0, "Total Cost": 700.25, "Plan Rows": 40325, "Plan Width": 4, "Actual Rows": 40325, "Actual Loops": 2, "Workers": []}]}]}, {"Node Type": "Index Scan", "Parent Relationship": "Inner", "Parallel Aware": false, "Async Capable": false, "Scan Direction": "Forward", "Index Name": "idx_posthistory_userid", "Relation Name": "posthistory", "Alias": "ph", "Startup Cost": 0.42, "Total Cost": 1.03, "Plan Rows": 1, "Plan Width": 4, "Actual Rows": 7, "Actual Loops": 12646, "Index Cond": "(userid = u.id)", "Rows Removed by Index Recheck": 0, "Filter": "((creationdate >= '2012-05-13 10:50:22'::timestamp without time zone) AND (creationdate <= '2013-04-05 23:42:59'::timestamp without time zone) AND (posthistorytypeid = 2))", "Rows Removed by Filter": 265, "Workers": []}]}]}]}]}]}]}, "Planning Time": 5.86, "Triggers": [], "Execution Time": 596.717}, {"Plan": {"Node Type": "Aggregate", "Strategy": "Plain", "Partial Mode": "Simple", "Parallel Aware": false, "Async Capable": false, "Startup Cost": 6968.69, "Total Cost": 6968.7, "Plan Rows": 1, "Plan Width": 8, "Actual Rows": 1, "Actual Loops": 1, "Plans": [{"Node Type": "Merge Join", "Parent Relationship": "Outer", "Parallel Aware": false, "Async Capable": false, "Join Type": "Inner", "Startup Cost": 5576.1, "Total Cost": 6935.12, "Plan Rows": 1.0, "Plan Width": 0, "Actual Rows": 54085, "Actual Loops": 1, "Inner Unique": false, "Merge Cond": "(u.id = c.userid)", "Plans": [{"Node Type": "Index Only Scan", "Parent Relationship": "Outer", "Parallel Aware": false, "Async Capable": false, "Scan Direction": "Forward", "Index Name": "users_pkey", "Relation Name": "users", "Alias": "u", "Startup Cost": 0.29, "Total Cost": 1057.16, "Plan Rows": 40325, "Plan Width": 4, "Actual Rows": 2664, "Actual Loops": 1, "Heap Fetches": 0}, {"Node Type": "Sort", "Parent Relationship": "Inner", "Parallel Aware": false, "Async Capable": false, "Startup Cost": 5575.73, "Total Cost": 5609.86, "Plan Rows": 2.0, "Plan Width": 12, "Actual Rows": 54085, "Actual Loops": 1, "Sort Key": ["c.userid"], "Sort Method": "quicksort", "Sort Space Used": 3649, "Sort Space Type": "Memory", "Plans": [{"Node Type": "Nested Loop", "Parent Relationship": "Outer", "Parallel Aware": false, "Async Capable": false, "Join Type": "Inner", "Startup Cost": 1000.72, "Total Cost": 4637.9, "Plan Rows": 2.0, "Plan Width": 12, "Actual Rows": 54085, "Actual Loops": 1, "Inner Unique": false, "Join Filter": "(c.userid = ph.userid)", "Rows Removed by Join Filter": 0, "Plans": [{"Node Type": "Gather", "Parent Relationship": "Outer", "Parallel Aware": false, "Async Capable": false, "Startup Cost": 1000.29, "Total Cost": 4298.19, "Plan Rows": 73.0, "Plan Width": 8, "Actual Rows": 430, "Actual Loops": 1, "Workers Planned": 1, "Workers Launched": 1, "Single Copy": false, "Plans": [{"Node Type": "Nested Loop", "Parent Relationship": "Outer", "Parallel Aware": false, "Async Capable": false, "Join Type": "Inner", "Startup Cost": 0.29, "Total Cost": 3284.09, "Plan Rows": 73.0, "Plan Width": 8, "Actual Rows": 215, "Actual Loops": 2, "Inner Unique": false, "Workers": [], "Plans": [{"Node Type": "Seq Scan", "Parent Relationship": "Outer", "Parallel Aware": true, "Async Capable": false, "Relation Name": "comments", "Alias": "c", "Startup Cost": 0.0, "Total Cost": 3138.32, "Plan Rows": 12, "Plan Width": 4, "Actual Rows": 11, "Actual Loops": 2, "Filter": "((creationdate >= '2011-01-13 02:52:37'::timestamp without time zone) AND (creationdate <= '2013-01-29 07:29:28'::timestamp without time zone) AND (score = 10))", "Rows Removed by Filter": 87142, "Workers": []}, {"Node Type": "Index Scan", "Parent Relationship": "Inner", "Parallel Aware": false, "Async Capable": false, "Scan Direction": "Forward", "Index Name": "idx_badges_userid", "Relation Name": "badges", "Alias": "b", "Startup Cost": 0.29, "Total Cost": 12.14, "Plan Rows": 1, "Plan Width": 4, "Actual Rows": 20, "Actual Loops": 22, "Index Cond": "(userid = c.userid)", "Rows Removed by Index Recheck": 0, "Filter": "(date <= '2011-04-20 18:48:58'::timestamp without time zone)", "Rows Removed by Filter": 124, "Workers": []}]}]}, {"Node Type": "Index Scan", "Parent Relationship": "Inner", "Parallel Aware": false, "Async Capable": false, "Scan Direction": "Forward", "Index Name": "idx_posthistory_userid", "Relation Name": "posthistory", "Alias": "ph", "Startup Cost": 0.42, "Total Cost": 2.4, "Plan Rows": 1, "Plan Width": 4, "Actual Rows": 126, "Actual Loops": 430, "Index Cond": "(userid = b.userid)", "Rows Removed by Index Recheck": 0, "Filter": "((creationdate >= '2012-05-13 10:50:22'::timestamp without time zone) AND (creationdate <= '2013-04-05 23:42:59'::timestamp without time zone) AND (posthistorytypeid = 2))", "Rows Removed by Filter": 5142}]}]}]}]}, "Planning Time": 2.633, "Triggers": [], "Execution Time": 379.182}]