[{"Plan": {"Node Type": "Aggregate", "Strategy": "Plain", "Partial Mode": "Simple", "Parallel Aware": false, "Async Capable": false, "Startup Cost": 1103.59, "Total Cost": 1103.6, "Plan Rows": 1, "Plan Width": 8, "Actual Rows": 1, "Actual Loops": 1, "Plans": [{"Node Type": "Nested Loop", "Parent Relationship": "Outer", "Parallel Aware": false, "Async Capable": false, "Join Type": "Inner", "Startup Cost": 0.71, "Total Cost": 1103.59, "Plan Rows": 8.0, "Plan Width": 0, "Actual Rows": 11, "Actual Loops": 1, "Inner Unique": true, "Plans": [{"Node Type": "Nested Loop", "Parent Relationship": "Outer", "Parallel Aware": false, "Async Capable": false, "Join Type": "Inner", "Startup Cost": 0.42, "Total Cost": 1103.22, "Plan Rows": 39.0, "Plan Width": 4, "Actual Rows": 35, "Actual Loops": 1, "Inner Unique": false, "Plans": [{"Node Type": "Seq Scan", "Parent Relationship": "Outer", "Parallel Aware": false, "Async Capable": false, "Relation Name": "users", "Alias": "u", "Startup Cost": 0.0, "Total Cost": 1002.69, "Plan Rows": 4, "Plan Width": 4, "Actual Rows": 2, "Actual Loops": 1, "Filter": "((upvotes >= 5076) AND (creationdate >= '2011-02-05 12:10:39'::timestamp without time zone) AND (creationdate <= '2013-10-16 06:48:19'::timestamp without time zone))", "Rows Removed by Filter": 40323}, {"Node Type": "Index Scan", "Parent Relationship": "Inner", "Parallel Aware": false, "Async Capable": false, "Scan Direction": "Forward", "Index Name": "idx_votes_userid", "Relation Name": "votes", "Alias": "v", "Startup Cost": 0.42, "Total Cost": 25.11, "Plan Rows": 2, "Plan Width": 8, "Actual Rows": 18, "Actual Loops": 2, "Index Cond": "(userid = u.id)", "Rows Removed by Index Recheck": 0, "Filter": "(creationdate <= '2012-02-28 18:35:29'::timestamp without time zone)", "Rows Removed by Filter": 162}]}, {"Node Type": "Index Scan", "Parent Relationship": "Inner", "Parallel Aware": false, "Async Capable": false, "Scan Direction": "Forward", "Index Name": "posts_pkey", "Relation Name": "posts", "Alias": "p", "Startup Cost": 0.29, "Total Cost": 0.37, "Plan Rows": 1, "Plan Width": 4, "Actual Rows": 0, "Actual Loops": 35, "Index Cond": "(id = v.postid)", "Rows Removed by Index Recheck": 0, "Filter": "((score >= 13) AND (creationdate >= '2011-04-08 10:07:02'::timestamp without time zone) AND (creationdate <= '2013-11-26 00:18:28'::timestamp without time zone))", "Rows Removed by Filter": 1}]}]}, "Planning Time": 0.274, "Triggers": [], "Execution Time": 2.059}, {"Plan": {"Node Type": "Aggregate", "Strategy": "Plain", "Partial Mode": "Simple", "Parallel Aware": false, "Async Capable": false, "Startup Cost": 5188.77, "Total Cost": 5188.78, "Plan Rows": 1, "Plan Width": 8, "Actual Rows": 1, "Actual Loops": 1, "Plans": [{"Node Type": "Merge Join", "Parent Relationship": "Outer", "Parallel Aware": false, "Async Capable": false, "Join Type": "Inner", "Startup Cost": 1.01, "Total Cost": 5188.77, "Plan Rows": 8.0, "Plan Width": 0, "Actual Rows": 11, "Actual Loops": 1, "Inner Unique": false, "Merge Cond": "(u.id = v.userid)", "Plans": [{"Node Type": "Index Scan", "Parent Relationship": "Outer", "Parallel Aware": false, "Async Capable": false, "Scan Direction": "Forward", "Index Name": "users_pkey", "Relation Name": "users", "Alias": "u", "Startup Cost": 0.29, "Total Cost": 1659.6, "Plan Rows": 4, "Plan Width": 4, "Actual Rows": 2, "Actual Loops": 1, "Filter": "((upvotes >= 5076) AND (creationdate >= '2011-02-05 12:10:39'::timestamp without time zone) AND (creationdate <= '2013-10-16 06:48:19'::timestamp without time zone))", "Rows Removed by Filter": 15179}, {"Node Type": "Materialize", "Parent Relationship": "Inner", "Parallel Aware": false, "Async Capable": false, "Startup Cost": 0.72, "Total Cost": 33323.91, "Plan Rows": 1726.0, "Plan Width": 4, "Actual Rows": 827, "Actual Loops": 1, "Plans": [{"Node Type": "Nested Loop", "Parent Relationship": "Outer", "Parallel Aware": false, "Async Capable": false, "Join Type": "Inner", "Startup Cost": 0.72, "Total Cost": 33320.46, "Plan Rows": 1726.0, "Plan Width": 4, "Actual Rows": 827, "Actual Loops": 1, "Inner Unique": true, "Plans": [{"Node Type": "Index Scan", "Parent Relationship": "Outer", "Parallel Aware": false, "Async Capable": false, "Scan Direction": "Forward", "Index Name": "idx_votes_userid", "Relation Name": "votes", "Alias": "v", "Startup Cost": 0.42, "Total Cost": 12422.47, "Plan Rows": 87584, "Plan Width": 8, "Actual Rows": 40684, "Actual Loops": 1, "Filter": "(creationdate <= '2012-02-28 18:35:29'::timestamp without time zone)", "Rows Removed by Filter": 26854}, {"Node Type": "Memoize", "Parent Relationship": "Inner", "Parallel Aware": false, "Async Capable": false, "Startup Cost": 0.3, "Total Cost": 0.38, "Plan Rows": 1, "Plan Width": 4, "Actual Rows": 0, "Actual Loops": 40684, "Cache Key": "v.postid", "Cache Mode": "logical", "Cache Hits": 31174, "Cache Misses": 9510, "Cache Evictions": 0, "Cache Overflows": 0, "Peak Memory Usage": 639, "Plans": [{"Node Type": "Index Scan", "Parent Relationship": "Outer", "Parallel Aware": false, "Async Capable": false, "Scan Direction": "Forward", "Index Name": "posts_pkey", "Relation Name": "posts", "Alias": "p", "Startup Cost": 0.29, "Total Cost": 0.37, "Plan Rows": 1, "Plan Width": 4, "Actual Rows": 0, "Actual Loops": 9510, "Index Cond": "(id = v.postid)", "Rows Removed by Index Recheck": 0, "Filter": "((score >= 13) AND (creationdate >= '2011-04-08 10:07:02'::timestamp without time zone) AND (creationdate <= '2013-11-26 00:18:28'::timestamp without time zone))", "Rows Removed by Filter": 1}]}]}]}]}]}, "Planning Time": 0.701, "Triggers": [], "Execution Time": 70.099}, {"Plan": {"Node Type": "Aggregate", "Strategy": "Plain", "Partial Mode": "Simple", "Parallel Aware": false, "Async Capable": false, "Startup Cost": 2340.34, "Total Cost": 2340.35, "Plan Rows": 1, "Plan Width": 8, "Actual Rows": 1, "Actual Loops": 1, "Plans": [{"Node Type": "Nested Loop", "Parent Relationship": "Outer", "Parallel Aware": false, "Async Capable": false, "Join Type": "Inner", "Startup Cost": 1003.44, "Total Cost": 2340.33, "Plan Rows": 8.0, "Plan Width": 0, "Actual Rows": 11, "Actual Loops": 1, "Inner Unique": true, "Plans": [{"Node Type": "Merge Join", "Parent Relationship": "Outer", "Parallel Aware": false, "Async Capable": false, "Join Type": "Inner", "Startup Cost": 1003.15, "Total Cost": 2339.97, "Plan Rows": 39.0, "Plan Width": 4, "Actual Rows": 35, "Actual Loops": 1, "Inner Unique": true, "Merge Cond": "(v.userid = u.id)", "Plans": [{"Node Type": "Index Scan", "Parent Relationship": "Outer", "Parallel Aware": false, "Async Capable": false, "Scan Direction": "Forward", "Index Name": "idx_votes_userid", "Relation Name": "votes", "Alias": "v", "Startup Cost": 0.42, "Total Cost": 12422.47, "Plan Rows": 87584, "Plan Width": 8, "Actual Rows": 7925, "Actual Loops": 1, "Filter": "(creationdate <= '2012-02-28 18:35:29'::timestamp without time zone)", "Rows Removed by Filter": 18601}, {"Node Type": "Sort", "Parent Relationship": "Inner", "Parallel Aware": false, "Async Capable": false, "Startup Cost": 1002.73, "Total Cost": 1002.74, "Plan Rows": 4, "Plan Width": 4, "Actual Rows": 2, "Actual Loops": 1, "Sort Key": ["u.id"], "Sort Method": "quicksort", "Sort Space Used": 25, "Sort Space Type": "Memory", "Plans": [{"Node Type": "Seq Scan", "Parent Relationship": "Outer", "Parallel Aware": false, "Async Capable": false, "Relation Name": "users", "Alias": "u", "Startup Cost": 0.0, "Total Cost": 1002.69, "Plan Rows": 4, "Plan Width": 4, "Actual Rows": 2, "Actual Loops": 1, "Filter": "((upvotes >= 5076) AND (creationdate >= '2011-02-05 12:10:39'::timestamp without time zone) AND (creationdate <= '2013-10-16 06:48:19'::timestamp without time zone))", "Rows Removed by Filter": 40323}]}]}, {"Node Type": "Index Scan", "Parent Relationship": "Inner", "Parallel Aware": false, "Async Capable": false, "Scan Direction": "Forward", "Index Name": "posts_pkey", "Relation Name": "posts", "Alias": "p", "Startup Cost": 0.29, "Total Cost": 0.37, "Plan Rows": 1, "Plan Width": 4, "Actual Rows": 0, "Actual Loops": 35, "Index Cond": "(id = v.postid)", "Rows Removed by Index Recheck": 0, "Filter": "((score >= 13) AND (creationdate >= '2011-04-08 10:07:02'::timestamp without time zone) AND (creationdate <= '2013-11-26 00:18:28'::timestamp without time zone))", "Rows Removed by Filter": 1}]}]}, "Planning Time": 0.554, "Triggers": [], "Execution Time": 14.809}, {"Plan": {"Node Type": "Aggregate", "Strategy": "Plain", "Partial Mode": "Simple", "Parallel Aware": false, "Async Capable": false, "Startup Cost": 4531.54, "Total Cost": 4531.55, "Plan Rows": 1, "Plan Width": 8, "Actual Rows": 1, "Actual Loops": 1, "Plans": [{"Node Type": "Merge Join", "Parent Relationship": "Outer", "Parallel Aware": false, "Async Capable": false, "Join Type": "Inner", "Startup Cost": 1003.45, "Total Cost": 4531.54, "Plan Rows": 8.0, "Plan Width": 0, "Actual Rows": 11, "Actual Loops": 1, "Inner Unique": true, "Merge Cond": "(v.userid = u.id)", "Plans": [{"Node Type": "Nested Loop", "Parent Relationship": "Outer", "Parallel Aware": false, "Async Capable": false, "Join Type": "Inner", "Startup Cost": 0.72, "Total Cost": 33320.46, "Plan Rows": 1726.0, "Plan Width": 4, "Actual Rows": 827, "Actual Loops": 1, "Inner Unique": true, "Plans": [{"Node Type": "Index Scan", "Parent Relationship": "Outer", "Parallel Aware": false, "Async Capable": false, "Scan Direction": "Forward", "Index Name": "idx_votes_userid", "Relation Name": "votes", "Alias": "v", "Startup Cost": 0.42, "Total Cost": 12422.47, "Plan Rows": 87584, "Plan Width": 8, "Actual Rows": 40684, "Actual Loops": 1, "Filter": "(creationdate <= '2012-02-28 18:35:29'::timestamp without time zone)", "Rows Removed by Filter": 26854}, {"Node Type": "Memoize", "Parent Relationship": "Inner", "Parallel Aware": false, "Async Capable": false, "Startup Cost": 0.3, "Total Cost": 0.38, "Plan Rows": 1, "Plan Width": 4, "Actual Rows": 0, "Actual Loops": 40684, "Cache Key": "v.postid", "Cache Mode": "logical", "Cache Hits": 31174, "Cache Misses": 9510, "Cache Evictions": 0, "Cache Overflows": 0, "Peak Memory Usage": 639, "Plans": [{"Node Type": "Index Scan", "Parent Relationship": "Outer", "Parallel Aware": false, "Async Capable": false, "Scan Direction": "Forward", "Index Name": "posts_pkey", "Relation Name": "posts", "Alias": "p", "Startup Cost": 0.29, "Total Cost": 0.37, "Plan Rows": 1, "Plan Width": 4, "Actual Rows": 0, "Actual Loops": 9510, "Index Cond": "(id = v.postid)", "Rows Removed by Index Recheck": 0, "Filter": "((score >= 13) AND (creationdate >= '2011-04-08 10:07:02'::timestamp without time zone) AND (creationdate <= '2013-11-26 00:18:28'::timestamp without time zone))", "Rows Removed by Filter": 1}]}]}, {"Node Type": "Sort", "Parent Relationship": "Inner", "Parallel Aware": false, "Async Capable": false, "Startup Cost": 1002.73, "Total Cost": 1002.74, "Plan Rows": 4, "Plan Width": 4, "Actual Rows": 2, "Actual Loops": 1, "Sort Key": ["u.id"], "Sort Method": "quicksort", "Sort Space Used": 25, "Sort Space Type": "Memory", "Plans": [{"Node Type": "Seq Scan", "Parent Relationship": "Outer", "Parallel Aware": false, "Async Capable": false, "Relation Name": "users", "Alias": "u", "Startup Cost": 0.0, "Total Cost": 1002.69, "Plan Rows": 4, "Plan Width": 4, "Actual Rows": 2, "Actual Loops": 1, "Filter": "((upvotes >= 5076) AND (creationdate >= '2011-02-05 12:10:39'::timestamp without time zone) AND (creationdate <= '2013-10-16 06:48:19'::timestamp without time zone))", "Rows Removed by Filter": 40323}]}]}]}, "Planning Time": 0.604, "Triggers": [], "Execution Time": 54.781}, {"Plan": {"Node Type": "Aggregate", "Strategy": "Plain", "Partial Mode": "Simple", "Parallel Aware": false, "Async Capable": false, "Startup Cost": 3574.53, "Total Cost": 3574.54, "Plan Rows": 1, "Plan Width": 8, "Actual Rows": 1, "Actual Loops": 1, "Plans": [{"Node Type": "Nested Loop", "Parent Relationship": "Outer", "Parallel Aware": false, "Async Capable": false, "Join Type": "Inner", "Startup Cost": 0.42, "Total Cost": 3574.52, "Plan Rows": 8.0, "Plan Width": 0, "Actual Rows": 11, "Actual Loops": 1, "Inner Unique": false, "Join Filter": "(v.postid = p.id)", "Rows Removed by Join Filter": 44054, "Plans": [{"Node Type": "Seq Scan", "Parent Relationship": "Outer", "Parallel Aware": false, "Async Capable": false, "Relation Name": "posts", "Alias": "p", "Startup Cost": 0.0, "Total Cost": 2449.58, "Plan Rows": 1448, "Plan Width": 4, "Actual Rows": 1259, "Actual Loops": 1, "Filter": "((score >= 13) AND (creationdate >= '2011-04-08 10:07:02'::timestamp without time zone) AND (creationdate <= '2013-11-26 00:18:28'::timestamp without time zone))", "Rows Removed by Filter": 90717}, {"Node Type": "Materialize", "Parent Relationship": "Inner", "Parallel Aware": false, "Async Capable": false, "Startup Cost": 0.42, "Total Cost": 1103.23, "Plan Rows": 39.0, "Plan Width": 4, "Actual Rows": 35, "Actual Loops": 1259, "Plans": [{"Node Type": "Nested Loop", "Parent Relationship": "Outer", "Parallel Aware": false, "Async Capable": false, "Join Type": "Inner", "Startup Cost": 0.42, "Total Cost": 1103.22, "Plan Rows": 39.0, "Plan Width": 4, "Actual Rows": 35, "Actual Loops": 1, "Inner Unique": false, "Plans": [{"Node Type": "Seq Scan", "Parent Relationship": "Outer", "Parallel Aware": false, "Async Capable": false, "Relation Name": "users", "Alias": "u", "Startup Cost": 0.0, "Total Cost": 1002.69, "Plan Rows": 4, "Plan Width": 4, "Actual Rows": 2, "Actual Loops": 1, "Filter": "((upvotes >= 5076) AND (creationdate >= '2011-02-05 12:10:39'::timestamp without time zone) AND (creationdate <= '2013-10-16 06:48:19'::timestamp without time zone))", "Rows Removed by Filter": 40323}, {"Node Type": "Index Scan", "Parent Relationship": "Inner", "Parallel Aware": false, "Async Capable": false, "Scan Direction": "Forward", "Index Name": "idx_votes_userid", "Relation Name": "votes", "Alias": "v", "Startup Cost": 0.42, "Total Cost": 25.11, "Plan Rows": 2, "Plan Width": 8, "Actual Rows": 18, "Actual Loops": 2, "Index Cond": "(userid = u.id)", "Rows Removed by Index Recheck": 0, "Filter": "(creationdate <= '2012-02-28 18:35:29'::timestamp without time zone)", "Rows Removed by Filter": 162}]}]}]}]}, "Planning Time": 0.701, "Triggers": [], "Execution Time": 16.301}, {"Plan": {"Node Type": "Aggregate", "Strategy": "Plain", "Partial Mode": "Simple", "Parallel Aware": false, "Async Capable": false, "Startup Cost": 1103.59, "Total Cost": 1103.6, "Plan Rows": 1, "Plan Width": 8, "Actual Rows": 1, "Actual Loops": 1, "Plans": [{"Node Type": "Nested Loop", "Parent Relationship": "Outer", "Parallel Aware": false, "Async Capable": false, "Join Type": "Inner", "Startup Cost": 0.71, "Total Cost": 1103.59, "Plan Rows": 8.0, "Plan Width": 0, "Actual Rows": 11, "Actual Loops": 1, "Inner Unique": true, "Plans": [{"Node Type": "Nested Loop", "Parent Relationship": "Outer", "Parallel Aware": false, "Async Capable": false, "Join Type": "Inner", "Startup Cost": 0.42, "Total Cost": 1103.22, "Plan Rows": 39.0, "Plan Width": 4, "Actual Rows": 35, "Actual Loops": 1, "Inner Unique": false, "Plans": [{"Node Type": "Seq Scan", "Parent Relationship": "Outer", "Parallel Aware": false, "Async Capable": false, "Relation Name": "users", "Alias": "u", "Startup Cost": 0.0, "Total Cost": 1002.69, "Plan Rows": 4, "Plan Width": 4, "Actual Rows": 2, "Actual Loops": 1, "Filter": "((upvotes >= 5076) AND (creationdate >= '2011-02-05 12:10:39'::timestamp without time zone) AND (creationdate <= '2013-10-16 06:48:19'::timestamp without time zone))", "Rows Removed by Filter": 40323}, {"Node Type": "Index Scan", "Parent Relationship": "Inner", "Parallel Aware": false, "Async Capable": false, "Scan Direction": "Forward", "Index Name": "idx_votes_userid", "Relation Name": "votes", "Alias": "v", "Startup Cost": 0.42, "Total Cost": 25.11, "Plan Rows": 2, "Plan Width": 8, "Actual Rows": 18, "Actual Loops": 2, "Index Cond": "(userid = u.id)", "Rows Removed by Index Recheck": 0, "Filter": "(creationdate <= '2012-02-28 18:35:29'::timestamp without time zone)", "Rows Removed by Filter": 162}]}, {"Node Type": "Index Scan", "Parent Relationship": "Inner", "Parallel Aware": false, "Async Capable": false, "Scan Direction": "Forward", "Index Name": "posts_pkey", "Relation Name": "posts", "Alias": "p", "Startup Cost": 0.29, "Total Cost": 0.37, "Plan Rows": 1, "Plan Width": 4, "Actual Rows": 0, "Actual Loops": 35, "Index Cond": "(id = v.postid)", "Rows Removed by Index Recheck": 0, "Filter": "((score >= 13) AND (creationdate >= '2011-04-08 10:07:02'::timestamp without time zone) AND (creationdate <= '2013-11-26 00:18:28'::timestamp without time zone))", "Rows Removed by Filter": 1}]}]}, "Planning Time": 0.348, "Triggers": [], "Execution Time": 2.101}]