[{"Plan": {"Node Type": "Aggregate", "Strategy": "Plain", "Partial Mode": "Simple", "Parallel Aware": false, "Async Capable": false, "Startup Cost": 1165.43, "Total Cost": 1165.44, "Plan Rows": 1, "Plan Width": 8, "Actual Rows": 1, "Actual Loops": 1, "Plans": [{"Node Type": "Nested Loop", "Parent Relationship": "Outer", "Parallel Aware": false, "Async Capable": false, "Join Type": "Inner", "Startup Cost": 0.59, "Total Cost": 1164.83, "Plan Rows": 1.0, "Plan Width": 0, "Actual Rows": 12135, "Actual Loops": 1, "Inner Unique": false, "Join Filter": "(c.userid = u.id)", "Rows Removed by Join Filter": 0, "Plans": [{"Node Type": "Nested Loop", "Parent Relationship": "Outer", "Parallel Aware": false, "Async Capable": false, "Join Type": "Inner", "Startup Cost": 0.29, "Total Cost": 1162.99, "Plan Rows": 3.0, "Plan Width": 8, "Actual Rows": 5, "Actual Loops": 1, "Inner Unique": false, "Plans": [{"Node Type": "Seq Scan", "Parent Relationship": "Outer", "Parallel Aware": false, "Async Capable": false, "Relation Name": "users", "Alias": "u", "Startup Cost": 0.0, "Total Cost": 1103.5, "Plan Rows": 4, "Plan Width": 4, "Actual Rows": 1, "Actual Loops": 1, "Filter": "((downvotes <= 610) AND (upvotes >= 6103) AND (creationdate >= '2010-08-26 15:55:57'::timestamp without time zone) AND (creationdate <= '2014-03-01 12:05:49'::timestamp without time zone))", "Rows Removed by Filter": 40324}, {"Node Type": "Index Scan", "Parent Relationship": "Inner", "Parallel Aware": false, "Async Capable": false, "Scan Direction": "Forward", "Index Name": "idx_posts_owneruserid", "Relation Name": "posts", "Alias": "p", "Startup Cost": 0.29, "Total Cost": 14.86, "Plan Rows": 1, "Plan Width": 4, "Actual Rows": 5, "Actual Loops": 1, "Index Cond": "(owneruserid = u.id)", "Rows Removed by Index Recheck": 0, "Filter": "((score >= '-16'::integer) AND (score <= 183) AND (viewcount >= 347) AND (viewcount <= 123716) AND (answercount <= 37) AND (commentcount <= 44))", "Rows Removed by Filter": 822}]}, {"Node Type": "Index Scan", "Parent Relationship": "Inner", "Parallel Aware": false, "Async Capable": false, "Scan Direction": "Forward", "Index Name": "idx_comments_userid", "Relation Name": "comments", "Alias": "c", "Startup Cost": 0.29, "Total Cost": 1.72, "Plan Rows": 10, "Plan Width": 4, "Actual Rows": 2427, "Actual Loops": 5, "Index Cond": "(userid = p.owneruserid)", "Rows Removed by Index Recheck": 0, "Filter": "(score = 0)", "Rows Removed by Filter": 1443}]}]}, "Planning Time": 0.734, "Triggers": [], "Execution Time": 8.133}, {"Plan": {"Node Type": "Aggregate", "Strategy": "Plain", "Partial Mode": "Simple", "Parallel Aware": false, "Async Capable": false, "Startup Cost": 1165.43, "Total Cost": 1165.44, "Plan Rows": 1, "Plan Width": 8, "Actual Rows": 1, "Actual Loops": 1, "Plans": [{"Node Type": "Nested Loop", "Parent Relationship": "Outer", "Parallel Aware": false, "Async Capable": false, "Join Type": "Inner", "Startup Cost": 0.59, "Total Cost": 1164.83, "Plan Rows": 1.0, "Plan Width": 0, "Actual Rows": 12135, "Actual Loops": 1, "Inner Unique": false, "Join Filter": "(c.userid = u.id)", "Rows Removed by Join Filter": 0, "Plans": [{"Node Type": "Nested Loop", "Parent Relationship": "Outer", "Parallel Aware": false, "Async Capable": false, "Join Type": "Inner", "Startup Cost": 0.29, "Total Cost": 1162.99, "Plan Rows": 3.0, "Plan Width": 8, "Actual Rows": 5, "Actual Loops": 1, "Inner Unique": false, "Plans": [{"Node Type": "Seq Scan", "Parent Relationship": "Outer", "Parallel Aware": false, "Async Capable": false, "Relation Name": "users", "Alias": "u", "Startup Cost": 0.0, "Total Cost": 1103.5, "Plan Rows": 4, "Plan Width": 4, "Actual Rows": 1, "Actual Loops": 1, "Filter": "((downvotes <= 610) AND (upvotes >= 6103) AND (creationdate >= '2010-08-26 15:55:57'::timestamp without time zone) AND (creationdate <= '2014-03-01 12:05:49'::timestamp without time zone))", "Rows Removed by Filter": 40324}, {"Node Type": "Index Scan", "Parent Relationship": "Inner", "Parallel Aware": false, "Async Capable": false, "Scan Direction": "Forward", "Index Name": "idx_posts_owneruserid", "Relation Name": "posts", "Alias": "p", "Startup Cost": 0.29, "Total Cost": 14.86, "Plan Rows": 1, "Plan Width": 4, "Actual Rows": 5, "Actual Loops": 1, "Index Cond": "(owneruserid = u.id)", "Rows Removed by Index Recheck": 0, "Filter": "((score >= '-16'::integer) AND (score <= 183) AND (viewcount >= 347) AND (viewcount <= 123716) AND (answercount <= 37) AND (commentcount <= 44))", "Rows Removed by Filter": 822}]}, {"Node Type": "Index Scan", "Parent Relationship": "Inner", "Parallel Aware": false, "Async Capable": false, "Scan Direction": "Forward", "Index Name": "idx_comments_userid", "Relation Name": "comments", "Alias": "c", "Startup Cost": 0.29, "Total Cost": 1.72, "Plan Rows": 10, "Plan Width": 4, "Actual Rows": 2427, "Actual Loops": 5, "Index Cond": "(userid = p.owneruserid)", "Rows Removed by Index Recheck": 0, "Filter": "(score = 0)", "Rows Removed by Filter": 1443}]}]}, "Planning Time": 0.614, "Triggers": [], "Execution Time": 6.532}, {"Plan": {"Node Type": "Aggregate", "Strategy": "Plain", "Partial Mode": "Simple", "Parallel Aware": false, "Async Capable": false, "Startup Cost": 4528.1, "Total Cost": 4528.11, "Plan Rows": 1, "Plan Width": 8, "Actual Rows": 1, "Actual Loops": 1, "Plans": [{"Node Type": "Hash Join", "Parent Relationship": "Outer", "Parallel Aware": false, "Async Capable": false, "Join Type": "Inner", "Startup Cost": 1286.84, "Total Cost": 4527.5, "Plan Rows": 1.0, "Plan Width": 0, "Actual Rows": 12135, "Actual Loops": 1, "Inner Unique": false, "Hash Cond": "(p.owneruserid = c.userid)", "Plans": [{"Node Type": "Seq Scan", "Parent Relationship": "Outer", "Parallel Aware": false, "Async Capable": false, "Relation Name": "posts", "Alias": "p", "Startup Cost": 0.0, "Total Cost": 3139.4, "Plan Rows": 5273, "Plan Width": 4, "Actual Rows": 11301, "Actual Loops": 1, "Filter": "((score >= '-16'::integer) AND (score <= 183) AND (viewcount >= 347) AND (viewcount <= 123716) AND (answercount <= 37) AND (commentcount <= 44))", "Rows Removed by Filter": 80675}, {"Node Type": "Hash", "Parent Relationship": "Inner", "Parallel Aware": false, "Async Capable": false, "Startup Cost": 1286.67, "Total Cost": 1286.67, "Plan Rows": 1.0, "Plan Width": 8, "Actual Rows": 2427, "Actual Loops": 1, "Hash Buckets": 4096, "Original Hash Buckets": 1024, "Hash Batches": 1, "Original Hash Batches": 1, "Peak Memory Usage": 127, "Plans": [{"Node Type": "Nested Loop", "Parent Relationship": "Outer", "Parallel Aware": false, "Async Capable": false, "Join Type": "Inner", "Startup Cost": 0.29, "Total Cost": 1286.67, "Plan Rows": 1.0, "Plan Width": 8, "Actual Rows": 2427, "Actual Loops": 1, "Inner Unique": false, "Plans": [{"Node Type": "Seq Scan", "Parent Relationship": "Outer", "Parallel Aware": false, "Async Capable": false, "Relation Name": "users", "Alias": "u", "Startup Cost": 0.0, "Total Cost": 1103.5, "Plan Rows": 4, "Plan Width": 4, "Actual Rows": 1, "Actual Loops": 1, "Filter": "((downvotes <= 610) AND (upvotes >= 6103) AND (creationdate >= '2010-08-26 15:55:57'::timestamp without time zone) AND (creationdate <= '2014-03-01 12:05:49'::timestamp without time zone))", "Rows Removed by Filter": 40324}, {"Node Type": "Index Scan", "Parent Relationship": "Inner", "Parallel Aware": false, "Async Capable": false, "Scan Direction": "Forward", "Index Name": "idx_comments_userid", "Relation Name": "comments", "Alias": "c", "Startup Cost": 0.29, "Total Cost": 45.69, "Plan Rows": 10, "Plan Width": 4, "Actual Rows": 2427, "Actual Loops": 1, "Index Cond": "(userid = u.id)", "Rows Removed by Index Recheck": 0, "Filter": "(score = 0)", "Rows Removed by Filter": 1443}]}]}]}]}, "Planning Time": 0.852, "Triggers": [], "Execution Time": 20.391}, {"Plan": {"Node Type": "Aggregate", "Strategy": "Plain", "Partial Mode": "Simple", "Parallel Aware": false, "Async Capable": false, "Startup Cost": 28189.58, "Total Cost": 28189.59, "Plan Rows": 1, "Plan Width": 8, "Actual Rows": 1, "Actual Loops": 1, "Plans": [{"Node Type": "Merge Join", "Parent Relationship": "Outer", "Parallel Aware": false, "Async Capable": false, "Join Type": "Inner", "Startup Cost": 0.89, "Total Cost": 28188.98, "Plan Rows": 1.0, "Plan Width": 0, "Actual Rows": 12135, "Actual Loops": 1, "Inner Unique": false, "Merge Cond": "(u.id = c.userid)", "Plans": [{"Node Type": "Index Scan", "Parent Relationship": "Outer", "Parallel Aware": false, "Async Capable": false, "Scan Direction": "Forward", "Index Name": "users_pkey", "Relation Name": "users", "Alias": "u", "Startup Cost": 0.29, "Total Cost": 1760.41, "Plan Rows": 4, "Plan Width": 4, "Actual Rows": 1, "Actual Loops": 1, "Filter": "((downvotes <= 610) AND (upvotes >= 6103) AND (creationdate >= '2010-08-26 15:55:57'::timestamp without time zone) AND (creationdate <= '2014-03-01 12:05:49'::timestamp without time zone))", "Rows Removed by Filter": 40324}, {"Node Type": "Materialize", "Parent Relationship": "Inner", "Parallel Aware": false, "Async Capable": false, "Startup Cost": 0.6, "Total Cost": 20661.46, "Plan Rows": 25.0, "Plan Width": 8, "Actual Rows": 424078, "Actual Loops": 1, "Plans": [{"Node Type": "Nested Loop", "Parent Relationship": "Outer", "Parallel Aware": false, "Async Capable": false, "Join Type": "Inner", "Startup Cost": 0.6, "Total Cost": 14452.36, "Plan Rows": 25.0, "Plan Width": 8, "Actual Rows": 424078, "Actual Loops": 1, "Inner Unique": false, "Plans": [{"Node Type": "Index Scan", "Parent Relationship": "Outer", "Parallel Aware": false, "Async Capable": false, "Scan Direction": "Forward", "Index Name": "idx_posts_owneruserid", "Relation Name": "posts", "Alias": "p", "Startup Cost": 0.29, "Total Cost": 5473.31, "Plan Rows": 5273, "Plan Width": 4, "Actual Rows": 5018, "Actual Loops": 1, "Filter": "((score >= '-16'::integer) AND (score <= 183) AND (viewcount >= 347) AND (viewcount <= 123716) AND (answercount <= 37) AND (commentcount <= 44))", "Rows Removed by Filter": 29821}, {"Node Type": "Memoize", "Parent Relationship": "Inner", "Parallel Aware": false, "Async Capable": false, "Startup Cost": 0.3, "Total Cost": 1.73, "Plan Rows": 10, "Plan Width": 4, "Actual Rows": 85, "Actual Loops": 5018, "Cache Key": "p.owneruserid", "Cache Mode": "logical", "Cache Hits": 3178, "Cache Misses": 1840, "Cache Evictions": 0, "Cache Overflows": 0, "Peak Memory Usage": 2039, "Plans": [{"Node Type": "Index Scan", "Parent Relationship": "Outer", "Parallel Aware": false, "Async Capable": false, "Scan Direction": "Forward", "Index Name": "idx_comments_userid", "Relation Name": "comments", "Alias": "c", "Startup Cost": 0.29, "Total Cost": 1.72, "Plan Rows": 10, "Plan Width": 4, "Actual Rows": 30, "Actual Loops": 1840, "Index Cond": "(userid = p.owneruserid)", "Rows Removed by Index Recheck": 0, "Filter": "(score = 0)", "Rows Removed by Filter": 12}]}]}]}]}]}, "Planning Time": 1.602, "Triggers": [], "Execution Time": 203.885}, {"Plan": {"Node Type": "Aggregate", "Strategy": "Plain", "Partial Mode": "Simple", "Parallel Aware": false, "Async Capable": false, "Startup Cost": 19742.84, "Total Cost": 19742.85, "Plan Rows": 1, "Plan Width": 8, "Actual Rows": 1, "Actual Loops": 1, "Plans": [{"Node Type": "Hash Join", "Parent Relationship": "Outer", "Parallel Aware": false, "Async Capable": false, "Join Type": "Inner", "Startup Cost": 1103.86, "Total Cost": 19742.24, "Plan Rows": 1.0, "Plan Width": 0, "Actual Rows": 12135, "Actual Loops": 1, "Inner Unique": true, "Hash Cond": "(c.userid = u.id)", "Plans": [{"Node Type": "Nested Loop", "Parent Relationship": "Outer", "Parallel Aware": false, "Async Capable": false, "Join Type": "Inner", "Startup Cost": 0.3, "Total Cost": 12118.45, "Plan Rows": 25.0, "Plan Width": 8, "Actual Rows": 576230, "Actual Loops": 1, "Inner Unique": false, "Plans": [{"Node Type": "Seq Scan", "Parent Relationship": "Outer", "Parallel Aware": false, "Async Capable": false, "Relation Name": "posts", "Alias": "p", "Startup Cost": 0.0, "Total Cost": 3139.4, "Plan Rows": 5273, "Plan Width": 4, "Actual Rows": 11301, "Actual Loops": 1, "Filter": "((score >= '-16'::integer) AND (score <= 183) AND (viewcount >= 347) AND (viewcount <= 123716) AND (answercount <= 37) AND (commentcount <= 44))", "Rows Removed by Filter": 80675}, {"Node Type": "Memoize", "Parent Relationship": "Inner", "Parallel Aware": false, "Async Capable": false, "Startup Cost": 0.3, "Total Cost": 1.73, "Plan Rows": 10, "Plan Width": 4, "Actual Rows": 51, "Actual Loops": 11301, "Cache Key": "p.owneruserid", "Cache Mode": "logical", "Cache Hits": 5499, "Cache Misses": 5802, "Cache Evictions": 0, "Cache Overflows": 0, "Peak Memory Usage": 3580, "Plans": [{"Node Type": "Index Scan", "Parent Relationship": "Outer", "Parallel Aware": false, "Async Capable": false, "Scan Direction": "Forward", "Index Name": "idx_comments_userid", "Relation Name": "comments", "Alias": "c", "Startup Cost": 0.29, "Total Cost": 1.72, "Plan Rows": 10, "Plan Width": 4, "Actual Rows": 16, "Actual Loops": 5802, "Index Cond": "(userid = p.owneruserid)", "Rows Removed by Index Recheck": 0, "Filter": "(score = 0)", "Rows Removed by Filter": 5}]}]}, {"Node Type": "Hash", "Parent Relationship": "Inner", "Parallel Aware": false, "Async Capable": false, "Startup Cost": 1103.5, "Total Cost": 1103.5, "Plan Rows": 4, "Plan Width": 4, "Actual Rows": 1, "Actual Loops": 1, "Hash Buckets": 1024, "Original Hash Buckets": 1024, "Hash Batches": 1, "Original Hash Batches": 1, "Peak Memory Usage": 9, "Plans": [{"Node Type": "Seq Scan", "Parent Relationship": "Outer", "Parallel Aware": false, "Async Capable": false, "Relation Name": "users", "Alias": "u", "Startup Cost": 0.0, "Total Cost": 1103.5, "Plan Rows": 4, "Plan Width": 4, "Actual Rows": 1, "Actual Loops": 1, "Filter": "((downvotes <= 610) AND (upvotes >= 6103) AND (creationdate >= '2010-08-26 15:55:57'::timestamp without time zone) AND (creationdate <= '2014-03-01 12:05:49'::timestamp without time zone))", "Rows Removed by Filter": 40324}]}]}]}, "Planning Time": 1.709, "Triggers": [], "Execution Time": 216.52}, {"Plan": {"Node Type": "Aggregate", "Strategy": "Plain", "Partial Mode": "Simple", "Parallel Aware": false, "Async Capable": false, "Startup Cost": 1293.28, "Total Cost": 1293.29, "Plan Rows": 1, "Plan Width": 8, "Actual Rows": 1, "Actual Loops": 1, "Plans": [{"Node Type": "Nested Loop", "Parent Relationship": "Outer", "Parallel Aware": false, "Async Capable": false, "Join Type": "Inner", "Startup Cost": 0.59, "Total Cost": 1292.67, "Plan Rows": 1.0, "Plan Width": 0, "Actual Rows": 12135, "Actual Loops": 1, "Inner Unique": false, "Plans": [{"Node Type": "Nested Loop", "Parent Relationship": "Outer", "Parallel Aware": false, "Async Capable": false, "Join Type": "Inner", "Startup Cost": 0.29, "Total Cost": 1286.67, "Plan Rows": 1.0, "Plan Width": 8, "Actual Rows": 2427, "Actual Loops": 1, "Inner Unique": false, "Plans": [{"Node Type": "Seq Scan", "Parent Relationship": "Outer", "Parallel Aware": false, "Async Capable": false, "Relation Name": "users", "Alias": "u", "Startup Cost": 0.0, "Total Cost": 1103.5, "Plan Rows": 4, "Plan Width": 4, "Actual Rows": 1, "Actual Loops": 1, "Filter": "((downvotes <= 610) AND (upvotes >= 6103) AND (creationdate >= '2010-08-26 15:55:57'::timestamp without time zone) AND (creationdate <= '2014-03-01 12:05:49'::timestamp without time zone))", "Rows Removed by Filter": 40324}, {"Node Type": "Index Scan", "Parent Relationship": "Inner", "Parallel Aware": false, "Async Capable": false, "Scan Direction": "Forward", "Index Name": "idx_comments_userid", "Relation Name": "comments", "Alias": "c", "Startup Cost": 0.29, "Total Cost": 45.69, "Plan Rows": 10, "Plan Width": 4, "Actual Rows": 2427, "Actual Loops": 1, "Index Cond": "(userid = u.id)", "Rows Removed by Index Recheck": 0, "Filter": "(score = 0)", "Rows Removed by Filter": 1443}]}, {"Node Type": "Index Scan", "Parent Relationship": "Inner", "Parallel Aware": false, "Async Capable": false, "Scan Direction": "Forward", "Index Name": "idx_posts_owneruserid", "Relation Name": "posts", "Alias": "p", "Startup Cost": 0.29, "Total Cost": 0.45, "Plan Rows": 1, "Plan Width": 4, "Actual Rows": 5, "Actual Loops": 2427, "Index Cond": "(owneruserid = c.userid)", "Rows Removed by Index Recheck": 0, "Filter": "((score >= '-16'::integer) AND (score <= 183) AND (viewcount >= 347) AND (viewcount <= 123716) AND (answercount <= 37) AND (commentcount <= 44))", "Rows Removed by Filter": 822}]}]}, "Planning Time": 1.325, "Triggers": [], "Execution Time": 374.359}, {"Plan": {"Node Type": "Aggregate", "Strategy": "Plain", "Partial Mode": "Finalize", "Parallel Aware": false, "Async Capable": false, "Startup Cost": 5086.69, "Total Cost": 5086.7, "Plan Rows": 1, "Plan Width": 8, "Actual Rows": 1, "Actual Loops": 1, "Plans": [{"Node Type": "Gather", "Parent Relationship": "Outer", "Parallel Aware": false, "Async Capable": false, "Startup Cost": 5086.57, "Total Cost": 5086.68, "Plan Rows": 1, "Plan Width": 8, "Actual Rows": 2, "Actual Loops": 1, "Workers Planned": 1, "Workers Launched": 1, "Single Copy": false, "Plans": [{"Node Type": "Aggregate", "Strategy": "Plain", "Partial Mode": "Partial", "Parent Relationship": "Outer", "Parallel Aware": false, "Async Capable": false, "Startup Cost": 4086.57, "Total Cost": 4086.58, "Plan Rows": 1, "Plan Width": 8, "Actual Rows": 1, "Actual Loops": 2, "Workers": [], "Plans": [{"Node Type": "Hash Join", "Parent Relationship": "Outer", "Parallel Aware": false, "Async Capable": false, "Join Type": "Inner", "Startup Cost": 1163.0, "Total Cost": 4086.22, "Plan Rows": 1.0, "Plan Width": 0, "Actual Rows": 6068, "Actual Loops": 2, "Inner Unique": false, "Hash Cond": "(c.userid = u.id)", "Workers": [], "Plans": [{"Node Type": "Seq Scan", "Parent Relationship": "Outer", "Parallel Aware": true, "Async Capable": false, "Relation Name": "comments", "Alias": "c", "Startup Cost": 0.0, "Total Cost": 2625.65, "Plan Rows": 79345, "Plan Width": 4, "Actual Rows": 67444, "Actual Loops": 2, "Filter": "(score = 0)", "Rows Removed by Filter": 19709, "Workers": []}, {"Node Type": "Hash", "Parent Relationship": "Inner", "Parallel Aware": false, "Async Capable": false, "Startup Cost": 1162.99, "Total Cost": 1162.99, "Plan Rows": 3.0, "Plan Width": 8, "Actual Rows": 5, "Actual Loops": 2, "Hash Buckets": 1024, "Original Hash Buckets": 1024, "Hash Batches": 1, "Original Hash Batches": 1, "Peak Memory Usage": 9, "Workers": [], "Plans": [{"Node Type": "Nested Loop", "Parent Relationship": "Outer", "Parallel Aware": false, "Async Capable": false, "Join Type": "Inner", "Startup Cost": 0.29, "Total Cost": 1162.99, "Plan Rows": 3.0, "Plan Width": 8, "Actual Rows": 5, "Actual Loops": 2, "Inner Unique": false, "Workers": [], "Plans": [{"Node Type": "Seq Scan", "Parent Relationship": "Outer", "Parallel Aware": false, "Async Capable": false, "Relation Name": "users", "Alias": "u", "Startup Cost": 0.0, "Total Cost": 1103.5, "Plan Rows": 4, "Plan Width": 4, "Actual Rows": 1, "Actual Loops": 2, "Filter": "((downvotes <= 610) AND (upvotes >= 6103) AND (creationdate >= '2010-08-26 15:55:57'::timestamp without time zone) AND (creationdate <= '2014-03-01 12:05:49'::timestamp without time zone))", "Rows Removed by Filter": 40324, "Workers": []}, {"Node Type": "Index Scan", "Parent Relationship": "Inner", "Parallel Aware": false, "Async Capable": false, "Scan Direction": "Forward", "Index Name": "idx_posts_owneruserid", "Relation Name": "posts", "Alias": "p", "Startup Cost": 0.29, "Total Cost": 14.86, "Plan Rows": 1, "Plan Width": 4, "Actual Rows": 5, "Actual Loops": 2, "Index Cond": "(owneruserid = u.id)", "Rows Removed by Index Recheck": 0, "Filter": "((score >= '-16'::integer) AND (score <= 183) AND (viewcount >= 347) AND (viewcount <= 123716) AND (answercount <= 37) AND (commentcount <= 44))", "Rows Removed by Filter": 822, "Workers": []}]}]}]}]}]}]}, "Planning Time": 2.029, "Triggers": [], "Execution Time": 34.364}, {"Plan": {"Node Type": "Aggregate", "Strategy": "Plain", "Partial Mode": "Simple", "Parallel Aware": false, "Async Capable": false, "Startup Cost": 4987.08, "Total Cost": 4987.09, "Plan Rows": 1, "Plan Width": 8, "Actual Rows": 1, "Actual Loops": 1, "Plans": [{"Node Type": "Nested Loop", "Parent Relationship": "Outer", "Parallel Aware": false, "Async Capable": false, "Join Type": "Inner", "Startup Cost": 1103.84, "Total Cost": 4986.47, "Plan Rows": 1.0, "Plan Width": 0, "Actual Rows": 12135, "Actual Loops": 1, "Inner Unique": false, "Plans": [{"Node Type": "Hash Join", "Parent Relationship": "Outer", "Parallel Aware": false, "Async Capable": false, "Join Type": "Inner", "Startup Cost": 1103.55, "Total Cost": 4980.47, "Plan Rows": 1.0, "Plan Width": 8, "Actual Rows": 2427, "Actual Loops": 1, "Inner Unique": true, "Hash Cond": "(c.userid = u.id)", "Plans": [{"Node Type": "Seq Scan", "Parent Relationship": "Outer", "Parallel Aware": false, "Async Capable": false, "Relation Name": "comments", "Alias": "c", "Startup Cost": 0.0, "Total Cost": 3522.81, "Plan Rows": 134887, "Plan Width": 4, "Actual Rows": 134887, "Actual Loops": 1, "Filter": "(score = 0)", "Rows Removed by Filter": 39418}, {"Node Type": "Hash", "Parent Relationship": "Inner", "Parallel Aware": false, "Async Capable": false, "Startup Cost": 1103.5, "Total Cost": 1103.5, "Plan Rows": 4, "Plan Width": 4, "Actual Rows": 1, "Actual Loops": 1, "Hash Buckets": 1024, "Original Hash Buckets": 1024, "Hash Batches": 1, "Original Hash Batches": 1, "Peak Memory Usage": 9, "Plans": [{"Node Type": "Seq Scan", "Parent Relationship": "Outer", "Parallel Aware": false, "Async Capable": false, "Relation Name": "users", "Alias": "u", "Startup Cost": 0.0, "Total Cost": 1103.5, "Plan Rows": 4, "Plan Width": 4, "Actual Rows": 1, "Actual Loops": 1, "Filter": "((downvotes <= 610) AND (upvotes >= 6103) AND (creationdate >= '2010-08-26 15:55:57'::timestamp without time zone) AND (creationdate <= '2014-03-01 12:05:49'::timestamp without time zone))", "Rows Removed by Filter": 40324}]}]}, {"Node Type": "Index Scan", "Parent Relationship": "Inner", "Parallel Aware": false, "Async Capable": false, "Scan Direction": "Forward", "Index Name": "idx_posts_owneruserid", "Relation Name": "posts", "Alias": "p", "Startup Cost": 0.29, "Total Cost": 0.45, "Plan Rows": 1, "Plan Width": 4, "Actual Rows": 5, "Actual Loops": 2427, "Index Cond": "(owneruserid = c.userid)", "Rows Removed by Index Recheck": 0, "Filter": "((score >= '-16'::integer) AND (score <= 183) AND (viewcount >= 347) AND (viewcount <= 123716) AND (answercount <= 37) AND (commentcount <= 44))", "Rows Removed by Filter": 822}]}]}, "Planning Time": 1.07, "Triggers": [], "Execution Time": 410.736}]