[{"Plan": {"Node Type": "Aggregate", "Strategy": "Plain", "Partial Mode": "Simple", "Parallel Aware": false, "Async Capable": false, "Startup Cost": 3260.38, "Total Cost": 3260.39, "Plan Rows": 1, "Plan Width": 8, "Actual Rows": 1, "Actual Loops": 1, "Plans": [{"Node Type": "Nested Loop", "Parent Relationship": "Outer", "Parallel Aware": false, "Async Capable": false, "Join Type": "Inner", "Startup Cost": 1.0, "Total Cost": 3260.38, "Plan Rows": 1.0, "Plan Width": 0, "Actual Rows": 3, "Actual Loops": 1, "Inner Unique": false, "Join Filter": "(ph.userid = b.userid)", "Rows Removed by Join Filter": 0, "Plans": [{"Node Type": "Nested Loop", "Parent Relationship": "Outer", "Parallel Aware": false, "Async Capable": false, "Join Type": "Inner", "Startup Cost": 0.58, "Total Cost": 3259.12, "Plan Rows": 4.0, "Plan Width": 12, "Actual Rows": 12, "Actual Loops": 1, "Inner Unique": false, "Plans": [{"Node Type": "Nested Loop", "Parent Relationship": "Outer", "Parallel Aware": false, "Async Capable": false, "Join Type": "Inner", "Startup Cost": 0.29, "Total Cost": 3255.81, "Plan Rows": 9.0, "Plan Width": 8, "Actual Rows": 32, "Actual Loops": 1, "Inner Unique": true, "Plans": [{"Node Type": "Seq Scan", "Parent Relationship": "Outer", "Parallel Aware": false, "Async Capable": false, "Relation Name": "posts", "Alias": "p", "Startup Cost": 0.0, "Total Cost": 3139.4, "Plan Rows": 14, "Plan Width": 4, "Actual Rows": 78, "Actual Loops": 1, "Filter": "((answercount <= 9) AND (commentcount >= 2) AND (commentcount <= 42) AND (favoritecount >= 18) AND (favoritecount <= 109) AND (creationdate <= '2012-12-31 18:47:02'::timestamp without time zone))", "Rows Removed by Filter": 91898}, {"Node Type": "Index Scan", "Parent Relationship": "Inner", "Parallel Aware": false, "Async Capable": false, "Scan Direction": "Forward", "Index Name": "users_pkey", "Relation Name": "users", "Alias": "u", "Startup Cost": 0.29, "Total Cost": 8.31, "Plan Rows": 1, "Plan Width": 4, "Actual Rows": 0, "Actual Loops": 78, "Index Cond": "(id = p.owneruserid)", "Rows Removed by Index Recheck": 0, "Filter": "((reputation <= 66435) AND (creationdate >= '2011-01-03 02:40:13'::timestamp without time zone) AND (creationdate <= '2013-10-31 18:16:14'::timestamp without time zone))", "Rows Removed by Filter": 1}]}, {"Node Type": "Index Scan", "Parent Relationship": "Inner", "Parallel Aware": false, "Async Capable": false, "Scan Direction": "Forward", "Index Name": "idx_badges_userid", "Relation Name": "badges", "Alias": "b", "Startup Cost": 0.29, "Total Cost": 0.46, "Plan Rows": 1, "Plan Width": 4, "Actual Rows": 0, "Actual Loops": 32, "Index Cond": "(userid = u.id)", "Rows Removed by Index Recheck": 0, "Filter": "((date >= '2014-02-28 13:39:05'::timestamp without time zone) AND (date <= '2014-03-11 21:13:41'::timestamp without time zone))", "Rows Removed by Filter": 38}]}, {"Node Type": "Index Scan", "Parent Relationship": "Inner", "Parallel Aware": false, "Async Capable": false, "Scan Direction": "Forward", "Index Name": "idx_posthistory_userid", "Relation Name": "posthistory", "Alias": "ph", "Startup Cost": 0.42, "Total Cost": 1.24, "Plan Rows": 1, "Plan Width": 4, "Actual Rows": 0, "Actual Loops": 12, "Index Cond": "(userid = u.id)", "Rows Removed by Index Recheck": 0, "Filter": "((creationdate >= '2013-03-03 08:50:48'::timestamp without time zone) AND (creationdate <= '2014-01-30 06:02:33'::timestamp without time zone) AND (posthistorytypeid = 9))", "Rows Removed by Filter": 2087}]}]}, "Planning Time": 1.911, "Triggers": [], "Execution Time": 24.265}, {"Plan": {"Node Type": "Aggregate", "Strategy": "Plain", "Partial Mode": "Simple", "Parallel Aware": false, "Async Capable": false, "Startup Cost": 4910.97, "Total Cost": 4910.98, "Plan Rows": 1, "Plan Width": 8, "Actual Rows": 1, "Actual Loops": 1, "Plans": [{"Node Type": "Nested Loop", "Parent Relationship": "Outer", "Parallel Aware": false, "Async Capable": false, "Join Type": "Inner", "Startup Cost": 0.71, "Total Cost": 4910.97, "Plan Rows": 1.0, "Plan Width": 0, "Actual Rows": 3, "Actual Loops": 1, "Inner Unique": false, "Join Filter": "(u.id = b.userid)", "Rows Removed by Join Filter": 1105, "Plans": [{"Node Type": "Seq Scan", "Parent Relationship": "Outer", "Parallel Aware": false, "Async Capable": false, "Relation Name": "badges", "Alias": "b", "Startup Cost": 0.0, "Total Cost": 1629.76, "Plan Rows": 1109, "Plan Width": 4, "Actual Rows": 1108, "Actual Loops": 1, "Filter": "((date >= '2014-02-28 13:39:05'::timestamp without time zone) AND (date <= '2014-03-11 21:13:41'::timestamp without time zone))", "Rows Removed by Filter": 78743}, {"Node Type": "Materialize", "Parent Relationship": "Inner", "Parallel Aware": false, "Async Capable": false, "Startup Cost": 0.71, "Total Cost": 3264.57, "Plan Rows": 1.0, "Plan Width": 12, "Actual Rows": 1, "Actual Loops": 1108, "Plans": [{"Node Type": "Nested Loop", "Parent Relationship": "Outer", "Parallel Aware": false, "Async Capable": false, "Join Type": "Inner", "Startup Cost": 0.71, "Total Cost": 3264.57, "Plan Rows": 1.0, "Plan Width": 12, "Actual Rows": 1, "Actual Loops": 1, "Inner Unique": false, "Plans": [{"Node Type": "Nested Loop", "Parent Relationship": "Outer", "Parallel Aware": false, "Async Capable": false, "Join Type": "Inner", "Startup Cost": 0.29, "Total Cost": 3255.81, "Plan Rows": 9.0, "Plan Width": 8, "Actual Rows": 32, "Actual Loops": 1, "Inner Unique": true, "Plans": [{"Node Type": "Seq Scan", "Parent Relationship": "Outer", "Parallel Aware": false, "Async Capable": false, "Relation Name": "posts", "Alias": "p", "Startup Cost": 0.0, "Total Cost": 3139.4, "Plan Rows": 14, "Plan Width": 4, "Actual Rows": 78, "Actual Loops": 1, "Filter": "((answercount <= 9) AND (commentcount >= 2) AND (commentcount <= 42) AND (favoritecount >= 18) AND (favoritecount <= 109) AND (creationdate <= '2012-12-31 18:47:02'::timestamp without time zone))", "Rows Removed by Filter": 91898}, {"Node Type": "Index Scan", "Parent Relationship": "Inner", "Parallel Aware": false, "Async Capable": false, "Scan Direction": "Forward", "Index Name": "users_pkey", "Relation Name": "users", "Alias": "u", "Startup Cost": 0.29, "Total Cost": 8.31, "Plan Rows": 1, "Plan Width": 4, "Actual Rows": 0, "Actual Loops": 78, "Index Cond": "(id = p.owneruserid)", "Rows Removed by Index Recheck": 0, "Filter": "((reputation <= 66435) AND (creationdate >= '2011-01-03 02:40:13'::timestamp without time zone) AND (creationdate <= '2013-10-31 18:16:14'::timestamp without time zone))", "Rows Removed by Filter": 1}]}, {"Node Type": "Index Scan", "Parent Relationship": "Inner", "Parallel Aware": false, "Async Capable": false, "Scan Direction": "Forward", "Index Name": "idx_posthistory_userid", "Relation Name": "posthistory", "Alias": "ph", "Startup Cost": 0.42, "Total Cost": 1.24, "Plan Rows": 1, "Plan Width": 4, "Actual Rows": 0, "Actual Loops": 32, "Index Cond": "(userid = u.id)", "Rows Removed by Index Recheck": 0, "Filter": "((creationdate >= '2013-03-03 08:50:48'::timestamp without time zone) AND (creationdate <= '2014-01-30 06:02:33'::timestamp without time zone) AND (posthistorytypeid = 9))", "Rows Removed by Filter": 351}]}]}]}]}, "Planning Time": 1.729, "Triggers": [], "Execution Time": 24.269}, {"Plan": {"Node Type": "Aggregate", "Strategy": "Plain", "Partial Mode": "Simple", "Parallel Aware": false, "Async Capable": false, "Startup Cost": 3265.04, "Total Cost": 3265.05, "Plan Rows": 1, "Plan Width": 8, "Actual Rows": 1, "Actual Loops": 1, "Plans": [{"Node Type": "Nested Loop", "Parent Relationship": "Outer", "Parallel Aware": false, "Async Capable": false, "Join Type": "Inner", "Startup Cost": 1.0, "Total Cost": 3265.04, "Plan Rows": 1.0, "Plan Width": 0, "Actual Rows": 3, "Actual Loops": 1, "Inner Unique": false, "Plans": [{"Node Type": "Nested Loop", "Parent Relationship": "Outer", "Parallel Aware": false, "Async Capable": false, "Join Type": "Inner", "Startup Cost": 0.71, "Total Cost": 3264.57, "Plan Rows": 1.0, "Plan Width": 12, "Actual Rows": 1, "Actual Loops": 1, "Inner Unique": false, "Plans": [{"Node Type": "Nested Loop", "Parent Relationship": "Outer", "Parallel Aware": false, "Async Capable": false, "Join Type": "Inner", "Startup Cost": 0.29, "Total Cost": 3255.81, "Plan Rows": 9.0, "Plan Width": 8, "Actual Rows": 32, "Actual Loops": 1, "Inner Unique": true, "Plans": [{"Node Type": "Seq Scan", "Parent Relationship": "Outer", "Parallel Aware": false, "Async Capable": false, "Relation Name": "posts", "Alias": "p", "Startup Cost": 0.0, "Total Cost": 3139.4, "Plan Rows": 14, "Plan Width": 4, "Actual Rows": 78, "Actual Loops": 1, "Filter": "((answercount <= 9) AND (commentcount >= 2) AND (commentcount <= 42) AND (favoritecount >= 18) AND (favoritecount <= 109) AND (creationdate <= '2012-12-31 18:47:02'::timestamp without time zone))", "Rows Removed by Filter": 91898}, {"Node Type": "Index Scan", "Parent Relationship": "Inner", "Parallel Aware": false, "Async Capable": false, "Scan Direction": "Forward", "Index Name": "users_pkey", "Relation Name": "users", "Alias": "u", "Startup Cost": 0.29, "Total Cost": 8.31, "Plan Rows": 1, "Plan Width": 4, "Actual Rows": 0, "Actual Loops": 78, "Index Cond": "(id = p.owneruserid)", "Rows Removed by Index Recheck": 0, "Filter": "((reputation <= 66435) AND (creationdate >= '2011-01-03 02:40:13'::timestamp without time zone) AND (creationdate <= '2013-10-31 18:16:14'::timestamp without time zone))", "Rows Removed by Filter": 1}]}, {"Node Type": "Index Scan", "Parent Relationship": "Inner", "Parallel Aware": false, "Async Capable": false, "Scan Direction": "Forward", "Index Name": "idx_posthistory_userid", "Relation Name": "posthistory", "Alias": "ph", "Startup Cost": 0.42, "Total Cost": 1.24, "Plan Rows": 1, "Plan Width": 4, "Actual Rows": 0, "Actual Loops": 32, "Index Cond": "(userid = u.id)", "Rows Removed by Index Recheck": 0, "Filter": "((creationdate >= '2013-03-03 08:50:48'::timestamp without time zone) AND (creationdate <= '2014-01-30 06:02:33'::timestamp without time zone) AND (posthistorytypeid = 9))", "Rows Removed by Filter": 351}]}, {"Node Type": "Index Scan", "Parent Relationship": "Inner", "Parallel Aware": false, "Async Capable": false, "Scan Direction": "Forward", "Index Name": "idx_badges_userid", "Relation Name": "badges", "Alias": "b", "Startup Cost": 0.29, "Total Cost": 0.46, "Plan Rows": 1, "Plan Width": 4, "Actual Rows": 3, "Actual Loops": 1, "Index Cond": "(userid = u.id)", "Rows Removed by Index Recheck": 0, "Filter": "((date >= '2014-02-28 13:39:05'::timestamp without time zone) AND (date <= '2014-03-11 21:13:41'::timestamp without time zone))", "Rows Removed by Filter": 253}]}]}, "Planning Time": 1.648, "Triggers": [], "Execution Time": 12.886}, {"Plan": {"Node Type": "Aggregate", "Strategy": "Plain", "Partial Mode": "Simple", "Parallel Aware": false, "Async Capable": false, "Startup Cost": 9718.82, "Total Cost": 9718.83, "Plan Rows": 1, "Plan Width": 8, "Actual Rows": 1, "Actual Loops": 1, "Plans": [{"Node Type": "Nested Loop", "Parent Relationship": "Outer", "Parallel Aware": false, "Async Capable": false, "Join Type": "Inner", "Startup Cost": 1000.58, "Total Cost": 9718.82, "Plan Rows": 1.0, "Plan Width": 0, "Actual Rows": 3, "Actual Loops": 1, "Inner Unique": false, "Join Filter": "(u.id = b.userid)", "Rows Removed by Join Filter": 285, "Plans": [{"Node Type": "Nested Loop", "Parent Relationship": "Outer", "Parallel Aware": false, "Async Capable": false, "Join Type": "Inner", "Startup Cost": 0.29, "Total Cost": 3255.81, "Plan Rows": 9.0, "Plan Width": 8, "Actual Rows": 32, "Actual Loops": 1, "Inner Unique": true, "Plans": [{"Node Type": "Seq Scan", "Parent Relationship": "Outer", "Parallel Aware": false, "Async Capable": false, "Relation Name": "posts", "Alias": "p", "Startup Cost": 0.0, "Total Cost": 3139.4, "Plan Rows": 14, "Plan Width": 4, "Actual Rows": 78, "Actual Loops": 1, "Filter": "((answercount <= 9) AND (commentcount >= 2) AND (commentcount <= 42) AND (favoritecount >= 18) AND (favoritecount <= 109) AND (creationdate <= '2012-12-31 18:47:02'::timestamp without time zone))", "Rows Removed by Filter": 91898}, {"Node Type": "Index Scan", "Parent Relationship": "Inner", "Parallel Aware": false, "Async Capable": false, "Scan Direction": "Forward", "Index Name": "users_pkey", "Relation Name": "users", "Alias": "u", "Startup Cost": 0.29, "Total Cost": 8.31, "Plan Rows": 1, "Plan Width": 4, "Actual Rows": 0, "Actual Loops": 78, "Index Cond": "(id = p.owneruserid)", "Rows Removed by Index Recheck": 0, "Filter": "((reputation <= 66435) AND (creationdate >= '2011-01-03 02:40:13'::timestamp without time zone) AND (creationdate <= '2013-10-31 18:16:14'::timestamp without time zone))", "Rows Removed by Filter": 1}]}, {"Node Type": "Materialize", "Parent Relationship": "Inner", "Parallel Aware": false, "Async Capable": false, "Startup Cost": 1000.29, "Total Cost": 6462.09, "Plan Rows": 10.0, "Plan Width": 8, "Actual Rows": 9, "Actual Loops": 32, "Plans": [{"Node Type": "Gather", "Parent Relationship": "Outer", "Parallel Aware": false, "Async Capable": false, "Startup Cost": 1000.29, "Total Cost": 6462.04, "Plan Rows": 10.0, "Plan Width": 8, "Actual Rows": 9, "Actual Loops": 1, "Workers Planned": 1, "Workers Launched": 1, "Single Copy": false, "Plans": [{"Node Type": "Nested Loop", "Parent Relationship": "Outer", "Parallel Aware": false, "Async Capable": false, "Join Type": "Inner", "Startup Cost": 0.29, "Total Cost": 5461.14, "Plan Rows": 10.0, "Plan Width": 8, "Actual Rows": 4, "Actual Loops": 2, "Inner Unique": false, "Workers": [], "Plans": [{"Node Type": "Seq Scan", "Parent Relationship": "Outer", "Parallel Aware": true, "Async Capable": false, "Relation Name": "posthistory", "Alias": "ph", "Startup Cost": 0.0, "Total Cost": 5361.04, "Plan Rows": 8, "Plan Width": 4, "Actual Rows": 3, "Actual Loops": 2, "Filter": "((creationdate >= '2013-03-03 08:50:48'::timestamp without time zone) AND (creationdate <= '2014-01-30 06:02:33'::timestamp without time zone) AND (posthistorytypeid = 9))", "Rows Removed by Filter": 151590, "Workers": []}, {"Node Type": "Index Scan", "Parent Relationship": "Inner", "Parallel Aware": false, "Async Capable": false, "Scan Direction": "Forward", "Index Name": "idx_badges_userid", "Relation Name": "badges", "Alias": "b", "Startup Cost": 0.29, "Total Cost": 12.5, "Plan Rows": 1, "Plan Width": 4, "Actual Rows": 2, "Actual Loops": 6, "Index Cond": "(userid = ph.userid)", "Rows Removed by Index Recheck": 0, "Filter": "((date >= '2014-02-28 13:39:05'::timestamp without time zone) AND (date <= '2014-03-11 21:13:41'::timestamp without time zone))", "Rows Removed by Filter": 196, "Workers": []}]}]}]}]}]}, "Planning Time": 2.535, "Triggers": [], "Execution Time": 48.436}, {"Plan": {"Node Type": "Aggregate", "Strategy": "Plain", "Partial Mode": "Finalize", "Parallel Aware": false, "Async Capable": false, "Startup Cost": 9620.33, "Total Cost": 9620.34, "Plan Rows": 1, "Plan Width": 8, "Actual Rows": 1, "Actual Loops": 1, "Plans": [{"Node Type": "Gather", "Parent Relationship": "Outer", "Parallel Aware": false, "Async Capable": false, "Startup Cost": 9620.22, "Total Cost": 9620.33, "Plan Rows": 1, "Plan Width": 8, "Actual Rows": 2, "Actual Loops": 1, "Workers Planned": 1, "Workers Launched": 1, "Single Copy": false, "Plans": [{"Node Type": "Aggregate", "Strategy": "Plain", "Partial Mode": "Partial", "Parent Relationship": "Outer", "Parallel Aware": false, "Async Capable": false, "Startup Cost": 8620.22, "Total Cost": 8620.23, "Plan Rows": 1, "Plan Width": 8, "Actual Rows": 1, "Actual Loops": 2, "Workers": [], "Plans": [{"Node Type": "Hash Join", "Parent Relationship": "Outer", "Parallel Aware": false, "Async Capable": false, "Join Type": "Inner", "Startup Cost": 3259.14, "Total Cost": 8620.22, "Plan Rows": 1.0, "Plan Width": 0, "Actual Rows": 2, "Actual Loops": 2, "Inner Unique": false, "Hash Cond": "(ph.userid = b.userid)", "Workers": [], "Plans": [{"Node Type": "Seq Scan", "Parent Relationship": "Outer", "Parallel Aware": true, "Async Capable": false, "Relation Name": "posthistory", "Alias": "ph", "Startup Cost": 0.0, "Total Cost": 5361.04, "Plan Rows": 8, "Plan Width": 4, "Actual Rows": 3, "Actual Loops": 2, "Filter": "((creationdate >= '2013-03-03 08:50:48'::timestamp without time zone) AND (creationdate <= '2014-01-30 06:02:33'::timestamp without time zone) AND (posthistorytypeid = 9))", "Rows Removed by Filter": 151590, "Workers": []}, {"Node Type": "Hash", "Parent Relationship": "Inner", "Parallel Aware": false, "Async Capable": false, "Startup Cost": 3259.12, "Total Cost": 3259.12, "Plan Rows": 4.0, "Plan Width": 12, "Actual Rows": 12, "Actual Loops": 2, "Hash Buckets": 1024, "Original Hash Buckets": 1024, "Hash Batches": 1, "Original Hash Batches": 1, "Peak Memory Usage": 9, "Workers": [], "Plans": [{"Node Type": "Nested Loop", "Parent Relationship": "Outer", "Parallel Aware": false, "Async Capable": false, "Join Type": "Inner", "Startup Cost": 0.58, "Total Cost": 3259.12, "Plan Rows": 4.0, "Plan Width": 12, "Actual Rows": 12, "Actual Loops": 2, "Inner Unique": false, "Workers": [], "Plans": [{"Node Type": "Nested Loop", "Parent Relationship": "Outer", "Parallel Aware": false, "Async Capable": false, "Join Type": "Inner", "Startup Cost": 0.29, "Total Cost": 3255.81, "Plan Rows": 9.0, "Plan Width": 8, "Actual Rows": 32, "Actual Loops": 2, "Inner Unique": true, "Workers": [], "Plans": [{"Node Type": "Seq Scan", "Parent Relationship": "Outer", "Parallel Aware": false, "Async Capable": false, "Relation Name": "posts", "Alias": "p", "Startup Cost": 0.0, "Total Cost": 3139.4, "Plan Rows": 14, "Plan Width": 4, "Actual Rows": 78, "Actual Loops": 2, "Filter": "((answercount <= 9) AND (commentcount >= 2) AND (commentcount <= 42) AND (favoritecount >= 18) AND (favoritecount <= 109) AND (creationdate <= '2012-12-31 18:47:02'::timestamp without time zone))", "Rows Removed by Filter": 91898, "Workers": []}, {"Node Type": "Index Scan", "Parent Relationship": "Inner", "Parallel Aware": false, "Async Capable": false, "Scan Direction": "Forward", "Index Name": "users_pkey", "Relation Name": "users", "Alias": "u", "Startup Cost": 0.29, "Total Cost": 8.31, "Plan Rows": 1, "Plan Width": 4, "Actual Rows": 0, "Actual Loops": 156, "Index Cond": "(id = p.owneruserid)", "Rows Removed by Index Recheck": 0, "Filter": "((reputation <= 66435) AND (creationdate >= '2011-01-03 02:40:13'::timestamp without time zone) AND (creationdate <= '2013-10-31 18:16:14'::timestamp without time zone))", "Rows Removed by Filter": 1, "Workers": []}]}, {"Node Type": "Index Scan", "Parent Relationship": "Inner", "Parallel Aware": false, "Async Capable": false, "Scan Direction": "Forward", "Index Name": "idx_badges_userid", "Relation Name": "badges", "Alias": "b", "Startup Cost": 0.29, "Total Cost": 0.46, "Plan Rows": 1, "Plan Width": 4, "Actual Rows": 0, "Actual Loops": 64, "Index Cond": "(userid = u.id)", "Rows Removed by Index Recheck": 0, "Filter": "((date >= '2014-02-28 13:39:05'::timestamp without time zone) AND (date <= '2014-03-11 21:13:41'::timestamp without time zone))", "Rows Removed by Filter": 38, "Workers": []}]}]}]}]}]}]}, "Planning Time": 5.338, "Triggers": [], "Execution Time": 57.53}, {"Plan": {"Node Type": "Aggregate", "Strategy": "Plain", "Partial Mode": "Simple", "Parallel Aware": false, "Async Capable": false, "Startup Cost": 3664.44, "Total Cost": 3664.45, "Plan Rows": 1, "Plan Width": 8, "Actual Rows": 1, "Actual Loops": 1, "Plans": [{"Node Type": "Nested Loop", "Parent Relationship": "Outer", "Parallel Aware": false, "Async Capable": false, "Join Type": "Inner", "Startup Cost": 1277.19, "Total Cost": 3664.44, "Plan Rows": 1.0, "Plan Width": 0, "Actual Rows": 3, "Actual Loops": 1, "Inner Unique": false, "Join Filter": "(p.owneruserid = b.userid)", "Rows Removed by Join Filter": 0, "Plans": [{"Node Type": "Nested Loop", "Parent Relationship": "Outer", "Parallel Aware": false, "Async Capable": false, "Join Type": "Inner", "Startup Cost": 1276.9, "Total Cost": 3663.83, "Plan Rows": 3.0, "Plan Width": 12, "Actual Rows": 3, "Actual Loops": 1, "Inner Unique": false, "Join Filter": "(ph.userid = b.userid)", "Rows Removed by Join Filter": 0, "Plans": [{"Node Type": "Hash Join", "Parent Relationship": "Outer", "Parallel Aware": false, "Async Capable": false, "Join Type": "Inner", "Startup Cost": 1276.48, "Total Cost": 2909.15, "Plan Rows": 85.0, "Plan Width": 8, "Actual Rows": 396, "Actual Loops": 1, "Inner Unique": true, "Hash Cond": "(b.userid = u.id)", "Plans": [{"Node Type": "Seq Scan", "Parent Relationship": "Outer", "Parallel Aware": false, "Async Capable": false, "Relation Name": "badges", "Alias": "b", "Startup Cost": 0.0, "Total Cost": 1629.76, "Plan Rows": 1109, "Plan Width": 4, "Actual Rows": 1108, "Actual Loops": 1, "Filter": "((date >= '2014-02-28 13:39:05'::timestamp without time zone) AND (date <= '2014-03-11 21:13:41'::timestamp without time zone))", "Rows Removed by Filter": 78743}, {"Node Type": "Hash", "Parent Relationship": "Inner", "Parallel Aware": false, "Async Capable": false, "Startup Cost": 1002.69, "Total Cost": 1002.69, "Plan Rows": 21903, "Plan Width": 4, "Actual Rows": 21904, "Actual Loops": 1, "Hash Buckets": 32768, "Original Hash Buckets": 32768, "Hash Batches": 1, "Original Hash Batches": 1, "Peak Memory Usage": 1027, "Plans": [{"Node Type": "Seq Scan", "Parent Relationship": "Outer", "Parallel Aware": false, "Async Capable": false, "Relation Name": "users", "Alias": "u", "Startup Cost": 0.0, "Total Cost": 1002.69, "Plan Rows": 21903, "Plan Width": 4, "Actual Rows": 21904, "Actual Loops": 1, "Filter": "((reputation <= 66435) AND (creationdate >= '2011-01-03 02:40:13'::timestamp without time zone) AND (creationdate <= '2013-10-31 18:16:14'::timestamp without time zone))", "Rows Removed by Filter": 18421}]}]}, {"Node Type": "Index Scan", "Parent Relationship": "Inner", "Parallel Aware": false, "Async Capable": false, "Scan Direction": "Forward", "Index Name": "idx_posthistory_userid", "Relation Name": "posthistory", "Alias": "ph", "Startup Cost": 0.42, "Total Cost": 1.24, "Plan Rows": 1, "Plan Width": 4, "Actual Rows": 0, "Actual Loops": 396, "Index Cond": "(userid = u.id)", "Rows Removed by Index Recheck": 0, "Filter": "((creationdate >= '2013-03-03 08:50:48'::timestamp without time zone) AND (creationdate <= '2014-01-30 06:02:33'::timestamp without time zone) AND (posthistorytypeid = 9))", "Rows Removed by Filter": 179}]}, {"Node Type": "Index Scan", "Parent Relationship": "Inner", "Parallel Aware": false, "Async Capable": false, "Scan Direction": "Forward", "Index Name": "idx_posts_owneruserid", "Relation Name": "posts", "Alias": "p", "Startup Cost": 0.29, "Total Cost": 0.6, "Plan Rows": 1, "Plan Width": 4, "Actual Rows": 1, "Actual Loops": 3, "Index Cond": "(owneruserid = u.id)", "Rows Removed by Index Recheck": 0, "Filter": "((answercount <= 9) AND (commentcount >= 2) AND (commentcount <= 42) AND (favoritecount >= 18) AND (favoritecount <= 109) AND (creationdate <= '2012-12-31 18:47:02'::timestamp without time zone))", "Rows Removed by Filter": 826}]}]}, "Planning Time": 2.241, "Triggers": [], "Execution Time": 45.585}, {"Plan": {"Node Type": "Aggregate", "Strategy": "Plain", "Partial Mode": "Simple", "Parallel Aware": false, "Async Capable": false, "Startup Cost": 6594.68, "Total Cost": 6594.69, "Plan Rows": 1, "Plan Width": 8, "Actual Rows": 1, "Actual Loops": 1, "Plans": [{"Node Type": "Nested Loop", "Parent Relationship": "Outer", "Parallel Aware": false, "Async Capable": false, "Join Type": "Inner", "Startup Cost": 1276.9, "Total Cost": 6594.68, "Plan Rows": 1.0, "Plan Width": 0, "Actual Rows": 3, "Actual Loops": 1, "Inner Unique": false, "Join Filter": "(p.owneruserid = b.userid)", "Rows Removed by Join Filter": 393, "Plans": [{"Node Type": "Hash Join", "Parent Relationship": "Outer", "Parallel Aware": false, "Async Capable": false, "Join Type": "Inner", "Startup Cost": 1276.48, "Total Cost": 2909.15, "Plan Rows": 85.0, "Plan Width": 8, "Actual Rows": 396, "Actual Loops": 1, "Inner Unique": true, "Hash Cond": "(b.userid = u.id)", "Plans": [{"Node Type": "Seq Scan", "Parent Relationship": "Outer", "Parallel Aware": false, "Async Capable": false, "Relation Name": "badges", "Alias": "b", "Startup Cost": 0.0, "Total Cost": 1629.76, "Plan Rows": 1109, "Plan Width": 4, "Actual Rows": 1108, "Actual Loops": 1, "Filter": "((date >= '2014-02-28 13:39:05'::timestamp without time zone) AND (date <= '2014-03-11 21:13:41'::timestamp without time zone))", "Rows Removed by Filter": 78743}, {"Node Type": "Hash", "Parent Relationship": "Inner", "Parallel Aware": false, "Async Capable": false, "Startup Cost": 1002.69, "Total Cost": 1002.69, "Plan Rows": 21903, "Plan Width": 4, "Actual Rows": 21904, "Actual Loops": 1, "Hash Buckets": 32768, "Original Hash Buckets": 32768, "Hash Batches": 1, "Original Hash Batches": 1, "Peak Memory Usage": 1027, "Plans": [{"Node Type": "Seq Scan", "Parent Relationship": "Outer", "Parallel Aware": false, "Async Capable": false, "Relation Name": "users", "Alias": "u", "Startup Cost": 0.0, "Total Cost": 1002.69, "Plan Rows": 21903, "Plan Width": 4, "Actual Rows": 21904, "Actual Loops": 1, "Filter": "((reputation <= 66435) AND (creationdate >= '2011-01-03 02:40:13'::timestamp without time zone) AND (creationdate <= '2013-10-31 18:16:14'::timestamp without time zone))", "Rows Removed by Filter": 18421}]}]}, {"Node Type": "Materialize", "Parent Relationship": "Inner", "Parallel Aware": false, "Async Capable": false, "Startup Cost": 0.42, "Total Cost": 3676.5, "Plan Rows": 1.0, "Plan Width": 8, "Actual Rows": 1, "Actual Loops": 396, "Plans": [{"Node Type": "Nested Loop", "Parent Relationship": "Outer", "Parallel Aware": false, "Async Capable": false, "Join Type": "Inner", "Startup Cost": 0.42, "Total Cost": 3676.49, "Plan Rows": 1.0, "Plan Width": 8, "Actual Rows": 1, "Actual Loops": 1, "Inner Unique": false, "Plans": [{"Node Type": "Seq Scan", "Parent Relationship": "Outer", "Parallel Aware": false, "Async Capable": false, "Relation Name": "posts", "Alias": "p", "Startup Cost": 0.0, "Total Cost": 3139.4, "Plan Rows": 14, "Plan Width": 4, "Actual Rows": 78, "Actual Loops": 1, "Filter": "((answercount <= 9) AND (commentcount >= 2) AND (commentcount <= 42) AND (favoritecount >= 18) AND (favoritecount <= 109) AND (creationdate <= '2012-12-31 18:47:02'::timestamp without time zone))", "Rows Removed by Filter": 91898}, {"Node Type": "Index Scan", "Parent Relationship": "Inner", "Parallel Aware": false, "Async Capable": false, "Scan Direction": "Forward", "Index Name": "idx_posthistory_userid", "Relation Name": "posthistory", "Alias": "ph", "Startup Cost": 0.42, "Total Cost": 38.35, "Plan Rows": 1, "Plan Width": 4, "Actual Rows": 0, "Actual Loops": 78, "Index Cond": "(userid = p.owneruserid)", "Rows Removed by Index Recheck": 0, "Filter": "((creationdate >= '2013-03-03 08:50:48'::timestamp without time zone) AND (creationdate <= '2014-01-30 06:02:33'::timestamp without time zone) AND (posthistorytypeid = 9))", "Rows Removed by Filter": 305}]}]}]}]}, "Planning Time": 2.336, "Triggers": [], "Execution Time": 46.947}, {"Plan": {"Node Type": "Aggregate", "Strategy": "Plain", "Partial Mode": "Simple", "Parallel Aware": false, "Async Capable": false, "Startup Cost": 9743.76, "Total Cost": 9743.77, "Plan Rows": 1, "Plan Width": 8, "Actual Rows": 1, "Actual Loops": 1, "Plans": [{"Node Type": "Nested Loop", "Parent Relationship": "Outer", "Parallel Aware": false, "Async Capable": false, "Join Type": "Inner", "Startup Cost": 1000.58, "Total Cost": 9743.75, "Plan Rows": 1.0, "Plan Width": 0, "Actual Rows": 3, "Actual Loops": 1, "Inner Unique": false, "Join Filter": "(u.id = b.userid)", "Rows Removed by Join Filter": 87, "Plans": [{"Node Type": "Nested Loop", "Parent Relationship": "Outer", "Parallel Aware": false, "Async Capable": false, "Join Type": "Inner", "Startup Cost": 0.29, "Total Cost": 3314.74, "Plan Rows": 13.0, "Plan Width": 8, "Actual Rows": 30, "Actual Loops": 1, "Inner Unique": false, "Plans": [{"Node Type": "Seq Scan", "Parent Relationship": "Outer", "Parallel Aware": false, "Async Capable": false, "Relation Name": "posts", "Alias": "p", "Startup Cost": 0.0, "Total Cost": 3139.4, "Plan Rows": 14, "Plan Width": 4, "Actual Rows": 78, "Actual Loops": 1, "Filter": "((answercount <= 9) AND (commentcount >= 2) AND (commentcount <= 42) AND (favoritecount >= 18) AND (favoritecount <= 109) AND (creationdate <= '2012-12-31 18:47:02'::timestamp without time zone))", "Rows Removed by Filter": 91898}, {"Node Type": "Index Scan", "Parent Relationship": "Inner", "Parallel Aware": false, "Async Capable": false, "Scan Direction": "Forward", "Index Name": "idx_badges_userid", "Relation Name": "badges", "Alias": "b", "Startup Cost": 0.29, "Total Cost": 12.51, "Plan Rows": 1, "Plan Width": 4, "Actual Rows": 0, "Actual Loops": 78, "Index Cond": "(userid = p.owneruserid)", "Rows Removed by Index Recheck": 0, "Filter": "((date >= '2014-02-28 13:39:05'::timestamp without time zone) AND (date <= '2014-03-11 21:13:41'::timestamp without time zone))", "Rows Removed by Filter": 46}]}, {"Node Type": "Materialize", "Parent Relationship": "Inner", "Parallel Aware": false, "Async Capable": false, "Startup Cost": 1000.29, "Total Cost": 6428.3, "Plan Rows": 5.0, "Plan Width": 8, "Actual Rows": 3, "Actual Loops": 30, "Plans": [{"Node Type": "Gather", "Parent Relationship": "Outer", "Parallel Aware": false, "Async Capable": false, "Startup Cost": 1000.29, "Total Cost": 6428.26, "Plan Rows": 5.0, "Plan Width": 8, "Actual Rows": 3, "Actual Loops": 1, "Workers Planned": 1, "Workers Launched": 1, "Single Copy": false, "Plans": [{"Node Type": "Nested Loop", "Parent Relationship": "Outer", "Parallel Aware": false, "Async Capable": false, "Join Type": "Inner", "Startup Cost": 0.29, "Total Cost": 5427.56, "Plan Rows": 5.0, "Plan Width": 8, "Actual Rows": 2, "Actual Loops": 2, "Inner Unique": true, "Workers": [], "Plans": [{"Node Type": "Seq Scan", "Parent Relationship": "Outer", "Parallel Aware": true, "Async Capable": false, "Relation Name": "posthistory", "Alias": "ph", "Startup Cost": 0.0, "Total Cost": 5361.04, "Plan Rows": 8, "Plan Width": 4, "Actual Rows": 3, "Actual Loops": 2, "Filter": "((creationdate >= '2013-03-03 08:50:48'::timestamp without time zone) AND (creationdate <= '2014-01-30 06:02:33'::timestamp without time zone) AND (posthistorytypeid = 9))", "Rows Removed by Filter": 151590, "Workers": []}, {"Node Type": "Index Scan", "Parent Relationship": "Inner", "Parallel Aware": false, "Async Capable": false, "Scan Direction": "Forward", "Index Name": "users_pkey", "Relation Name": "users", "Alias": "u", "Startup Cost": 0.29, "Total Cost": 8.31, "Plan Rows": 1, "Plan Width": 4, "Actual Rows": 0, "Actual Loops": 6, "Index Cond": "(id = ph.userid)", "Rows Removed by Index Recheck": 0, "Filter": "((reputation <= 66435) AND (creationdate >= '2011-01-03 02:40:13'::timestamp without time zone) AND (creationdate <= '2013-10-31 18:16:14'::timestamp without time zone))", "Rows Removed by Filter": 0, "Workers": []}]}]}]}]}]}, "Planning Time": 2.452, "Triggers": [], "Execution Time": 53.439}, {"Plan": {"Node Type": "Aggregate", "Strategy": "Plain", "Partial Mode": "Simple", "Parallel Aware": false, "Async Capable": false, "Startup Cost": 4456.04, "Total Cost": 4456.05, "Plan Rows": 1, "Plan Width": 8, "Actual Rows": 1, "Actual Loops": 1, "Plans": [{"Node Type": "Hash Join", "Parent Relationship": "Outer", "Parallel Aware": false, "Async Capable": false, "Join Type": "Inner", "Startup Cost": 3371.2, "Total Cost": 4456.03, "Plan Rows": 1.0, "Plan Width": 0, "Actual Rows": 3, "Actual Loops": 1, "Inner Unique": false, "Hash Cond": "(u.id = b.userid)", "Plans": [{"Node Type": "Seq Scan", "Parent Relationship": "Outer", "Parallel Aware": false, "Async Capable": false, "Relation Name": "users", "Alias": "u", "Startup Cost": 0.0, "Total Cost": 1002.69, "Plan Rows": 21903, "Plan Width": 4, "Actual Rows": 21904, "Actual Loops": 1, "Filter": "((reputation <= 66435) AND (creationdate >= '2011-01-03 02:40:13'::timestamp without time zone) AND (creationdate <= '2013-10-31 18:16:14'::timestamp without time zone))", "Rows Removed by Filter": 18421}, {"Node Type": "Hash", "Parent Relationship": "Inner", "Parallel Aware": false, "Async Capable": false, "Startup Cost": 3371.19, "Total Cost": 3371.19, "Plan Rows": 1.0, "Plan Width": 12, "Actual Rows": 3, "Actual Loops": 1, "Hash Buckets": 1024, "Original Hash Buckets": 1024, "Hash Batches": 1, "Original Hash Batches": 1, "Peak Memory Usage": 9, "Plans": [{"Node Type": "Nested Loop", "Parent Relationship": "Outer", "Parallel Aware": false, "Async Capable": false, "Join Type": "Inner", "Startup Cost": 0.71, "Total Cost": 3371.19, "Plan Rows": 1.0, "Plan Width": 12, "Actual Rows": 3, "Actual Loops": 1, "Inner Unique": false, "Plans": [{"Node Type": "Nested Loop", "Parent Relationship": "Outer", "Parallel Aware": false, "Async Capable": false, "Join Type": "Inner", "Startup Cost": 0.29, "Total Cost": 3314.74, "Plan Rows": 13.0, "Plan Width": 8, "Actual Rows": 30, "Actual Loops": 1, "Inner Unique": false, "Plans": [{"Node Type": "Seq Scan", "Parent Relationship": "Outer", "Parallel Aware": false, "Async Capable": false, "Relation Name": "posts", "Alias": "p", "Startup Cost": 0.0, "Total Cost": 3139.4, "Plan Rows": 14, "Plan Width": 4, "Actual Rows": 78, "Actual Loops": 1, "Filter": "((answercount <= 9) AND (commentcount >= 2) AND (commentcount <= 42) AND (favoritecount >= 18) AND (favoritecount <= 109) AND (creationdate <= '2012-12-31 18:47:02'::timestamp without time zone))", "Rows Removed by Filter": 91898}, {"Node Type": "Index Scan", "Parent Relationship": "Inner", "Parallel Aware": false, "Async Capable": false, "Scan Direction": "Forward", "Index Name": "idx_badges_userid", "Relation Name": "badges", "Alias": "b", "Startup Cost": 0.29, "Total Cost": 12.51, "Plan Rows": 1, "Plan Width": 4, "Actual Rows": 0, "Actual Loops": 78, "Index Cond": "(userid = p.owneruserid)", "Rows Removed by Index Recheck": 0, "Filter": "((date >= '2014-02-28 13:39:05'::timestamp without time zone) AND (date <= '2014-03-11 21:13:41'::timestamp without time zone))", "Rows Removed by Filter": 46}]}, {"Node Type": "Index Scan", "Parent Relationship": "Inner", "Parallel Aware": false, "Async Capable": false, "Scan Direction": "Forward", "Index Name": "idx_posthistory_userid", "Relation Name": "posthistory", "Alias": "ph", "Startup Cost": 0.42, "Total Cost": 8.05, "Plan Rows": 1, "Plan Width": 4, "Actual Rows": 0, "Actual Loops": 30, "Index Cond": "(userid = b.userid)", "Rows Removed by Index Recheck": 0, "Filter": "((creationdate >= '2013-03-03 08:50:48'::timestamp without time zone) AND (creationdate <= '2014-01-30 06:02:33'::timestamp without time zone) AND (posthistorytypeid = 9))", "Rows Removed by Filter": 1373}]}]}]}]}, "Planning Time": 2.109, "Triggers": [], "Execution Time": 30.673}, {"Plan": {"Node Type": "Aggregate", "Strategy": "Plain", "Partial Mode": "Simple", "Parallel Aware": false, "Async Capable": false, "Startup Cost": 6593.17, "Total Cost": 6593.18, "Plan Rows": 1, "Plan Width": 8, "Actual Rows": 1, "Actual Loops": 1, "Plans": [{"Node Type": "Nested Loop", "Parent Relationship": "Outer", "Parallel Aware": false, "Async Capable": false, "Join Type": "Inner", "Startup Cost": 1276.9, "Total Cost": 6593.17, "Plan Rows": 1.0, "Plan Width": 0, "Actual Rows": 3, "Actual Loops": 1, "Inner Unique": false, "Join Filter": "(p.owneruserid = b.userid)", "Rows Removed by Join Filter": 393, "Plans": [{"Node Type": "Nested Loop", "Parent Relationship": "Outer", "Parallel Aware": false, "Async Capable": false, "Join Type": "Inner", "Startup Cost": 0.42, "Total Cost": 3676.49, "Plan Rows": 1.0, "Plan Width": 8, "Actual Rows": 1, "Actual Loops": 1, "Inner Unique": false, "Plans": [{"Node Type": "Seq Scan", "Parent Relationship": "Outer", "Parallel Aware": false, "Async Capable": false, "Relation Name": "posts", "Alias": "p", "Startup Cost": 0.0, "Total Cost": 3139.4, "Plan Rows": 14, "Plan Width": 4, "Actual Rows": 78, "Actual Loops": 1, "Filter": "((answercount <= 9) AND (commentcount >= 2) AND (commentcount <= 42) AND (favoritecount >= 18) AND (favoritecount <= 109) AND (creationdate <= '2012-12-31 18:47:02'::timestamp without time zone))", "Rows Removed by Filter": 91898}, {"Node Type": "Index Scan", "Parent Relationship": "Inner", "Parallel Aware": false, "Async Capable": false, "Scan Direction": "Forward", "Index Name": "idx_posthistory_userid", "Relation Name": "posthistory", "Alias": "ph", "Startup Cost": 0.42, "Total Cost": 38.35, "Plan Rows": 1, "Plan Width": 4, "Actual Rows": 0, "Actual Loops": 78, "Index Cond": "(userid = p.owneruserid)", "Rows Removed by Index Recheck": 0, "Filter": "((creationdate >= '2013-03-03 08:50:48'::timestamp without time zone) AND (creationdate <= '2014-01-30 06:02:33'::timestamp without time zone) AND (posthistorytypeid = 9))", "Rows Removed by Filter": 305}]}, {"Node Type": "Hash Join", "Parent Relationship": "Inner", "Parallel Aware": false, "Async Capable": false, "Join Type": "Inner", "Startup Cost": 1276.48, "Total Cost": 2909.15, "Plan Rows": 85.0, "Plan Width": 8, "Actual Rows": 396, "Actual Loops": 1, "Inner Unique": true, "Hash Cond": "(b.userid = u.id)", "Plans": [{"Node Type": "Seq Scan", "Parent Relationship": "Outer", "Parallel Aware": false, "Async Capable": false, "Relation Name": "badges", "Alias": "b", "Startup Cost": 0.0, "Total Cost": 1629.76, "Plan Rows": 1109, "Plan Width": 4, "Actual Rows": 1108, "Actual Loops": 1, "Filter": "((date >= '2014-02-28 13:39:05'::timestamp without time zone) AND (date <= '2014-03-11 21:13:41'::timestamp without time zone))", "Rows Removed by Filter": 78743}, {"Node Type": "Hash", "Parent Relationship": "Inner", "Parallel Aware": false, "Async Capable": false, "Startup Cost": 1002.69, "Total Cost": 1002.69, "Plan Rows": 21903, "Plan Width": 4, "Actual Rows": 21904, "Actual Loops": 1, "Hash Buckets": 32768, "Original Hash Buckets": 32768, "Hash Batches": 1, "Original Hash Batches": 1, "Peak Memory Usage": 1027, "Plans": [{"Node Type": "Seq Scan", "Parent Relationship": "Outer", "Parallel Aware": false, "Async Capable": false, "Relation Name": "users", "Alias": "u", "Startup Cost": 0.0, "Total Cost": 1002.69, "Plan Rows": 21903, "Plan Width": 4, "Actual Rows": 21904, "Actual Loops": 1, "Filter": "((reputation <= 66435) AND (creationdate >= '2011-01-03 02:40:13'::timestamp without time zone) AND (creationdate <= '2013-10-31 18:16:14'::timestamp without time zone))", "Rows Removed by Filter": 18421}]}]}]}]}, "Planning Time": 2.165, "Triggers": [], "Execution Time": 44.465}, {"Plan": {"Node Type": "Aggregate", "Strategy": "Plain", "Partial Mode": "Simple", "Parallel Aware": false, "Async Capable": false, "Startup Cost": 3260.38, "Total Cost": 3260.39, "Plan Rows": 1, "Plan Width": 8, "Actual Rows": 1, "Actual Loops": 1, "Plans": [{"Node Type": "Nested Loop", "Parent Relationship": "Outer", "Parallel Aware": false, "Async Capable": false, "Join Type": "Inner", "Startup Cost": 1.0, "Total Cost": 3260.38, "Plan Rows": 1.0, "Plan Width": 0, "Actual Rows": 3, "Actual Loops": 1, "Inner Unique": false, "Join Filter": "(ph.userid = b.userid)", "Rows Removed by Join Filter": 0, "Plans": [{"Node Type": "Nested Loop", "Parent Relationship": "Outer", "Parallel Aware": false, "Async Capable": false, "Join Type": "Inner", "Startup Cost": 0.58, "Total Cost": 3259.12, "Plan Rows": 4.0, "Plan Width": 12, "Actual Rows": 12, "Actual Loops": 1, "Inner Unique": false, "Plans": [{"Node Type": "Nested Loop", "Parent Relationship": "Outer", "Parallel Aware": false, "Async Capable": false, "Join Type": "Inner", "Startup Cost": 0.29, "Total Cost": 3255.81, "Plan Rows": 9.0, "Plan Width": 8, "Actual Rows": 32, "Actual Loops": 1, "Inner Unique": true, "Plans": [{"Node Type": "Seq Scan", "Parent Relationship": "Outer", "Parallel Aware": false, "Async Capable": false, "Relation Name": "posts", "Alias": "p", "Startup Cost": 0.0, "Total Cost": 3139.4, "Plan Rows": 14, "Plan Width": 4, "Actual Rows": 78, "Actual Loops": 1, "Filter": "((answercount <= 9) AND (commentcount >= 2) AND (commentcount <= 42) AND (favoritecount >= 18) AND (favoritecount <= 109) AND (creationdate <= '2012-12-31 18:47:02'::timestamp without time zone))", "Rows Removed by Filter": 91898}, {"Node Type": "Index Scan", "Parent Relationship": "Inner", "Parallel Aware": false, "Async Capable": false, "Scan Direction": "Forward", "Index Name": "users_pkey", "Relation Name": "users", "Alias": "u", "Startup Cost": 0.29, "Total Cost": 8.31, "Plan Rows": 1, "Plan Width": 4, "Actual Rows": 0, "Actual Loops": 78, "Index Cond": "(id = p.owneruserid)", "Rows Removed by Index Recheck": 0, "Filter": "((reputation <= 66435) AND (creationdate >= '2011-01-03 02:40:13'::timestamp without time zone) AND (creationdate <= '2013-10-31 18:16:14'::timestamp without time zone))", "Rows Removed by Filter": 1}]}, {"Node Type": "Index Scan", "Parent Relationship": "Inner", "Parallel Aware": false, "Async Capable": false, "Scan Direction": "Forward", "Index Name": "idx_badges_userid", "Relation Name": "badges", "Alias": "b", "Startup Cost": 0.29, "Total Cost": 0.46, "Plan Rows": 1, "Plan Width": 4, "Actual Rows": 0, "Actual Loops": 32, "Index Cond": "(userid = u.id)", "Rows Removed by Index Recheck": 0, "Filter": "((date >= '2014-02-28 13:39:05'::timestamp without time zone) AND (date <= '2014-03-11 21:13:41'::timestamp without time zone))", "Rows Removed by Filter": 38}]}, {"Node Type": "Index Scan", "Parent Relationship": "Inner", "Parallel Aware": false, "Async Capable": false, "Scan Direction": "Forward", "Index Name": "idx_posthistory_userid", "Relation Name": "posthistory", "Alias": "ph", "Startup Cost": 0.42, "Total Cost": 1.24, "Plan Rows": 1, "Plan Width": 4, "Actual Rows": 0, "Actual Loops": 12, "Index Cond": "(userid = u.id)", "Rows Removed by Index Recheck": 0, "Filter": "((creationdate >= '2013-03-03 08:50:48'::timestamp without time zone) AND (creationdate <= '2014-01-30 06:02:33'::timestamp without time zone) AND (posthistorytypeid = 9))", "Rows Removed by Filter": 2087}]}]}, "Planning Time": 1.874, "Triggers": [], "Execution Time": 16.488}, {"Plan": {"Node Type": "Aggregate", "Strategy": "Plain", "Partial Mode": "Finalize", "Parallel Aware": false, "Async Capable": false, "Startup Cost": 9717.18, "Total Cost": 9717.19, "Plan Rows": 1, "Plan Width": 8, "Actual Rows": 1, "Actual Loops": 1, "Plans": [{"Node Type": "Gather", "Parent Relationship": "Outer", "Parallel Aware": false, "Async Capable": false, "Startup Cost": 9717.07, "Total Cost": 9717.18, "Plan Rows": 1, "Plan Width": 8, "Actual Rows": 2, "Actual Loops": 1, "Workers Planned": 1, "Workers Launched": 1, "Single Copy": false, "Plans": [{"Node Type": "Aggregate", "Strategy": "Plain", "Partial Mode": "Partial", "Parent Relationship": "Outer", "Parallel Aware": false, "Async Capable": false, "Startup Cost": 8717.07, "Total Cost": 8717.08, "Plan Rows": 1, "Plan Width": 8, "Actual Rows": 1, "Actual Loops": 2, "Workers": [], "Plans": [{"Node Type": "Hash Join", "Parent Relationship": "Outer", "Parallel Aware": false, "Async Capable": false, "Join Type": "Inner", "Startup Cost": 3256.19, "Total Cost": 8717.07, "Plan Rows": 1.0, "Plan Width": 0, "Actual Rows": 2, "Actual Loops": 2, "Inner Unique": false, "Hash Cond": "(b.userid = u.id)", "Workers": [], "Plans": [{"Node Type": "Nested Loop", "Parent Relationship": "Outer", "Parallel Aware": false, "Async Capable": false, "Join Type": "Inner", "Startup Cost": 0.29, "Total Cost": 5461.14, "Plan Rows": 10.0, "Plan Width": 8, "Actual Rows": 4, "Actual Loops": 2, "Inner Unique": false, "Workers": [], "Plans": [{"Node Type": "Seq Scan", "Parent Relationship": "Outer", "Parallel Aware": true, "Async Capable": false, "Relation Name": "posthistory", "Alias": "ph", "Startup Cost": 0.0, "Total Cost": 5361.04, "Plan Rows": 8, "Plan Width": 4, "Actual Rows": 3, "Actual Loops": 2, "Filter": "((creationdate >= '2013-03-03 08:50:48'::timestamp without time zone) AND (creationdate <= '2014-01-30 06:02:33'::timestamp without time zone) AND (posthistorytypeid = 9))", "Rows Removed by Filter": 151590, "Workers": []}, {"Node Type": "Index Scan", "Parent Relationship": "Inner", "Parallel Aware": false, "Async Capable": false, "Scan Direction": "Forward", "Index Name": "idx_badges_userid", "Relation Name": "badges", "Alias": "b", "Startup Cost": 0.29, "Total Cost": 12.5, "Plan Rows": 1, "Plan Width": 4, "Actual Rows": 2, "Actual Loops": 6, "Index Cond": "(userid = ph.userid)", "Rows Removed by Index Recheck": 0, "Filter": "((date >= '2014-02-28 13:39:05'::timestamp without time zone) AND (date <= '2014-03-11 21:13:41'::timestamp without time zone))", "Rows Removed by Filter": 196, "Workers": []}]}, {"Node Type": "Hash", "Parent Relationship": "Inner", "Parallel Aware": false, "Async Capable": false, "Startup Cost": 3255.81, "Total Cost": 3255.81, "Plan Rows": 9.0, "Plan Width": 8, "Actual Rows": 32, "Actual Loops": 2, "Hash Buckets": 1024, "Original Hash Buckets": 1024, "Hash Batches": 1, "Original Hash Batches": 1, "Peak Memory Usage": 10, "Workers": [], "Plans": [{"Node Type": "Nested Loop", "Parent Relationship": "Outer", "Parallel Aware": false, "Async Capable": false, "Join Type": "Inner", "Startup Cost": 0.29, "Total Cost": 3255.81, "Plan Rows": 9.0, "Plan Width": 8, "Actual Rows": 32, "Actual Loops": 2, "Inner Unique": true, "Workers": [], "Plans": [{"Node Type": "Seq Scan", "Parent Relationship": "Outer", "Parallel Aware": false, "Async Capable": false, "Relation Name": "posts", "Alias": "p", "Startup Cost": 0.0, "Total Cost": 3139.4, "Plan Rows": 14, "Plan Width": 4, "Actual Rows": 78, "Actual Loops": 2, "Filter": "((answercount <= 9) AND (commentcount >= 2) AND (commentcount <= 42) AND (favoritecount >= 18) AND (favoritecount <= 109) AND (creationdate <= '2012-12-31 18:47:02'::timestamp without time zone))", "Rows Removed by Filter": 91898, "Workers": []}, {"Node Type": "Index Scan", "Parent Relationship": "Inner", "Parallel Aware": false, "Async Capable": false, "Scan Direction": "Forward", "Index Name": "users_pkey", "Relation Name": "users", "Alias": "u", "Startup Cost": 0.29, "Total Cost": 8.31, "Plan Rows": 1, "Plan Width": 4, "Actual Rows": 0, "Actual Loops": 156, "Index Cond": "(id = p.owneruserid)", "Rows Removed by Index Recheck": 0, "Filter": "((reputation <= 66435) AND (creationdate >= '2011-01-03 02:40:13'::timestamp without time zone) AND (creationdate <= '2013-10-31 18:16:14'::timestamp without time zone))", "Rows Removed by Filter": 1, "Workers": []}]}]}]}]}]}]}, "Planning Time": 2.611, "Triggers": [], "Execution Time": 53.713}, {"Plan": {"Node Type": "Aggregate", "Strategy": "Plain", "Partial Mode": "Simple", "Parallel Aware": false, "Async Capable": false, "Startup Cost": 6803.44, "Total Cost": 6803.45, "Plan Rows": 1, "Plan Width": 8, "Actual Rows": 1, "Actual Loops": 1, "Plans": [{"Node Type": "Nested Loop", "Parent Relationship": "Outer", "Parallel Aware": false, "Async Capable": false, "Join Type": "Inner", "Startup Cost": 1276.9, "Total Cost": 6803.44, "Plan Rows": 1.0, "Plan Width": 0, "Actual Rows": 3, "Actual Loops": 1, "Inner Unique": false, "Join Filter": "(p.owneruserid = b.userid)", "Rows Removed by Join Filter": 231, "Plans": [{"Node Type": "Seq Scan", "Parent Relationship": "Outer", "Parallel Aware": false, "Async Capable": false, "Relation Name": "posts", "Alias": "p", "Startup Cost": 0.0, "Total Cost": 3139.4, "Plan Rows": 14, "Plan Width": 4, "Actual Rows": 78, "Actual Loops": 1, "Filter": "((answercount <= 9) AND (commentcount >= 2) AND (commentcount <= 42) AND (favoritecount >= 18) AND (favoritecount <= 109) AND (creationdate <= '2012-12-31 18:47:02'::timestamp without time zone))", "Rows Removed by Filter": 91898}, {"Node Type": "Materialize", "Parent Relationship": "Inner", "Parallel Aware": false, "Async Capable": false, "Startup Cost": 1276.9, "Total Cost": 3663.83, "Plan Rows": 3.0, "Plan Width": 12, "Actual Rows": 3, "Actual Loops": 78, "Plans": [{"Node Type": "Nested Loop", "Parent Relationship": "Outer", "Parallel Aware": false, "Async Capable": false, "Join Type": "Inner", "Startup Cost": 1276.9, "Total Cost": 3663.83, "Plan Rows": 3.0, "Plan Width": 12, "Actual Rows": 3, "Actual Loops": 1, "Inner Unique": false, "Join Filter": "(ph.userid = b.userid)", "Rows Removed by Join Filter": 0, "Plans": [{"Node Type": "Hash Join", "Parent Relationship": "Outer", "Parallel Aware": false, "Async Capable": false, "Join Type": "Inner", "Startup Cost": 1276.48, "Total Cost": 2909.15, "Plan Rows": 85.0, "Plan Width": 8, "Actual Rows": 396, "Actual Loops": 1, "Inner Unique": true, "Hash Cond": "(b.userid = u.id)", "Plans": [{"Node Type": "Seq Scan", "Parent Relationship": "Outer", "Parallel Aware": false, "Async Capable": false, "Relation Name": "badges", "Alias": "b", "Startup Cost": 0.0, "Total Cost": 1629.76, "Plan Rows": 1109, "Plan Width": 4, "Actual Rows": 1108, "Actual Loops": 1, "Filter": "((date >= '2014-02-28 13:39:05'::timestamp without time zone) AND (date <= '2014-03-11 21:13:41'::timestamp without time zone))", "Rows Removed by Filter": 78743}, {"Node Type": "Hash", "Parent Relationship": "Inner", "Parallel Aware": false, "Async Capable": false, "Startup Cost": 1002.69, "Total Cost": 1002.69, "Plan Rows": 21903, "Plan Width": 4, "Actual Rows": 21904, "Actual Loops": 1, "Hash Buckets": 32768, "Original Hash Buckets": 32768, "Hash Batches": 1, "Original Hash Batches": 1, "Peak Memory Usage": 1027, "Plans": [{"Node Type": "Seq Scan", "Parent Relationship": "Outer", "Parallel Aware": false, "Async Capable": false, "Relation Name": "users", "Alias": "u", "Startup Cost": 0.0, "Total Cost": 1002.69, "Plan Rows": 21903, "Plan Width": 4, "Actual Rows": 21904, "Actual Loops": 1, "Filter": "((reputation <= 66435) AND (creationdate >= '2011-01-03 02:40:13'::timestamp without time zone) AND (creationdate <= '2013-10-31 18:16:14'::timestamp without time zone))", "Rows Removed by Filter": 18421}]}]}, {"Node Type": "Index Scan", "Parent Relationship": "Inner", "Parallel Aware": false, "Async Capable": false, "Scan Direction": "Forward", "Index Name": "idx_posthistory_userid", "Relation Name": "posthistory", "Alias": "ph", "Startup Cost": 0.42, "Total Cost": 1.24, "Plan Rows": 1, "Plan Width": 4, "Actual Rows": 0, "Actual Loops": 396, "Index Cond": "(userid = u.id)", "Rows Removed by Index Recheck": 0, "Filter": "((creationdate >= '2013-03-03 08:50:48'::timestamp without time zone) AND (creationdate <= '2014-01-30 06:02:33'::timestamp without time zone) AND (posthistorytypeid = 9))", "Rows Removed by Filter": 179}]}]}]}]}, "Planning Time": 2.416, "Triggers": [], "Execution Time": 67.145}, {"Plan": {"Node Type": "Aggregate", "Strategy": "Plain", "Partial Mode": "Simple", "Parallel Aware": false, "Async Capable": false, "Startup Cost": 3372.98, "Total Cost": 3372.99, "Plan Rows": 1, "Plan Width": 8, "Actual Rows": 1, "Actual Loops": 1, "Plans": [{"Node Type": "Nested Loop", "Parent Relationship": "Outer", "Parallel Aware": false, "Async Capable": false, "Join Type": "Inner", "Startup Cost": 1.0, "Total Cost": 3372.98, "Plan Rows": 1.0, "Plan Width": 0, "Actual Rows": 3, "Actual Loops": 1, "Inner Unique": true, "Plans": [{"Node Type": "Nested Loop", "Parent Relationship": "Outer", "Parallel Aware": false, "Async Capable": false, "Join Type": "Inner", "Startup Cost": 0.71, "Total Cost": 3371.19, "Plan Rows": 1.0, "Plan Width": 12, "Actual Rows": 3, "Actual Loops": 1, "Inner Unique": false, "Plans": [{"Node Type": "Nested Loop", "Parent Relationship": "Outer", "Parallel Aware": false, "Async Capable": false, "Join Type": "Inner", "Startup Cost": 0.29, "Total Cost": 3314.74, "Plan Rows": 13.0, "Plan Width": 8, "Actual Rows": 30, "Actual Loops": 1, "Inner Unique": false, "Plans": [{"Node Type": "Seq Scan", "Parent Relationship": "Outer", "Parallel Aware": false, "Async Capable": false, "Relation Name": "posts", "Alias": "p", "Startup Cost": 0.0, "Total Cost": 3139.4, "Plan Rows": 14, "Plan Width": 4, "Actual Rows": 78, "Actual Loops": 1, "Filter": "((answercount <= 9) AND (commentcount >= 2) AND (commentcount <= 42) AND (favoritecount >= 18) AND (favoritecount <= 109) AND (creationdate <= '2012-12-31 18:47:02'::timestamp without time zone))", "Rows Removed by Filter": 91898}, {"Node Type": "Index Scan", "Parent Relationship": "Inner", "Parallel Aware": false, "Async Capable": false, "Scan Direction": "Forward", "Index Name": "idx_badges_userid", "Relation Name": "badges", "Alias": "b", "Startup Cost": 0.29, "Total Cost": 12.51, "Plan Rows": 1, "Plan Width": 4, "Actual Rows": 0, "Actual Loops": 78, "Index Cond": "(userid = p.owneruserid)", "Rows Removed by Index Recheck": 0, "Filter": "((date >= '2014-02-28 13:39:05'::timestamp without time zone) AND (date <= '2014-03-11 21:13:41'::timestamp without time zone))", "Rows Removed by Filter": 46}]}, {"Node Type": "Index Scan", "Parent Relationship": "Inner", "Parallel Aware": false, "Async Capable": false, "Scan Direction": "Forward", "Index Name": "idx_posthistory_userid", "Relation Name": "posthistory", "Alias": "ph", "Startup Cost": 0.42, "Total Cost": 8.05, "Plan Rows": 1, "Plan Width": 4, "Actual Rows": 0, "Actual Loops": 30, "Index Cond": "(userid = b.userid)", "Rows Removed by Index Recheck": 0, "Filter": "((creationdate >= '2013-03-03 08:50:48'::timestamp without time zone) AND (creationdate <= '2014-01-30 06:02:33'::timestamp without time zone) AND (posthistorytypeid = 9))", "Rows Removed by Filter": 1373}]}, {"Node Type": "Index Scan", "Parent Relationship": "Inner", "Parallel Aware": false, "Async Capable": false, "Scan Direction": "Forward", "Index Name": "users_pkey", "Relation Name": "users", "Alias": "u", "Startup Cost": 0.29, "Total Cost": 1.79, "Plan Rows": 1, "Plan Width": 4, "Actual Rows": 1, "Actual Loops": 3, "Index Cond": "(id = b.userid)", "Rows Removed by Index Recheck": 0, "Filter": "((reputation <= 66435) AND (creationdate >= '2011-01-03 02:40:13'::timestamp without time zone) AND (creationdate <= '2013-10-31 18:16:14'::timestamp without time zone))", "Rows Removed by Filter": 0}]}]}, "Planning Time": 2.185, "Triggers": [], "Execution Time": 23.691}, {"Plan": {"Node Type": "Aggregate", "Strategy": "Plain", "Partial Mode": "Simple", "Parallel Aware": false, "Async Capable": false, "Startup Cost": 9395.48, "Total Cost": 9395.49, "Plan Rows": 1, "Plan Width": 8, "Actual Rows": 1, "Actual Loops": 1, "Plans": [{"Node Type": "Nested Loop", "Parent Relationship": "Outer", "Parallel Aware": false, "Async Capable": false, "Join Type": "Inner", "Startup Cost": 2276.77, "Total Cost": 9395.48, "Plan Rows": 1.0, "Plan Width": 0, "Actual Rows": 3, "Actual Loops": 1, "Inner Unique": false, "Join Filter": "(p.owneruserid = b.userid)", "Rows Removed by Join Filter": 393, "Plans": [{"Node Type": "Gather", "Parent Relationship": "Outer", "Parallel Aware": false, "Async Capable": false, "Startup Cost": 1000.29, "Total Cost": 6478.8, "Plan Rows": 1.0, "Plan Width": 8, "Actual Rows": 1, "Actual Loops": 1, "Workers Planned": 1, "Workers Launched": 1, "Single Copy": false, "Plans": [{"Node Type": "Nested Loop", "Parent Relationship": "Outer", "Parallel Aware": false, "Async Capable": false, "Join Type": "Inner", "Startup Cost": 0.29, "Total Cost": 5478.7, "Plan Rows": 1.0, "Plan Width": 8, "Actual Rows": 0, "Actual Loops": 2, "Inner Unique": false, "Workers": [], "Plans": [{"Node Type": "Seq Scan", "Parent Relationship": "Outer", "Parallel Aware": true, "Async Capable": false, "Relation Name": "posthistory", "Alias": "ph", "Startup Cost": 0.0, "Total Cost": 5361.04, "Plan Rows": 8, "Plan Width": 4, "Actual Rows": 3, "Actual Loops": 2, "Filter": "((creationdate >= '2013-03-03 08:50:48'::timestamp without time zone) AND (creationdate <= '2014-01-30 06:02:33'::timestamp without time zone) AND (posthistorytypeid = 9))", "Rows Removed by Filter": 151590, "Workers": []}, {"Node Type": "Index Scan", "Parent Relationship": "Inner", "Parallel Aware": false, "Async Capable": false, "Scan Direction": "Forward", "Index Name": "idx_posts_owneruserid", "Relation Name": "posts", "Alias": "p", "Startup Cost": 0.29, "Total Cost": 14.7, "Plan Rows": 1, "Plan Width": 4, "Actual Rows": 0, "Actual Loops": 6, "Index Cond": "(owneruserid = ph.userid)", "Rows Removed by Index Recheck": 0, "Filter": "((answercount <= 9) AND (commentcount >= 2) AND (commentcount <= 42) AND (favoritecount >= 18) AND (favoritecount <= 109) AND (creationdate <= '2012-12-31 18:47:02'::timestamp without time zone))", "Rows Removed by Filter": 541, "Workers": []}]}]}, {"Node Type": "Hash Join", "Parent Relationship": "Inner", "Parallel Aware": false, "Async Capable": false, "Join Type": "Inner", "Startup Cost": 1276.48, "Total Cost": 2909.15, "Plan Rows": 85.0, "Plan Width": 8, "Actual Rows": 396, "Actual Loops": 1, "Inner Unique": true, "Hash Cond": "(b.userid = u.id)", "Plans": [{"Node Type": "Seq Scan", "Parent Relationship": "Outer", "Parallel Aware": false, "Async Capable": false, "Relation Name": "badges", "Alias": "b", "Startup Cost": 0.0, "Total Cost": 1629.76, "Plan Rows": 1109, "Plan Width": 4, "Actual Rows": 1108, "Actual Loops": 1, "Filter": "((date >= '2014-02-28 13:39:05'::timestamp without time zone) AND (date <= '2014-03-11 21:13:41'::timestamp without time zone))", "Rows Removed by Filter": 78743}, {"Node Type": "Hash", "Parent Relationship": "Inner", "Parallel Aware": false, "Async Capable": false, "Startup Cost": 1002.69, "Total Cost": 1002.69, "Plan Rows": 21903, "Plan Width": 4, "Actual Rows": 21904, "Actual Loops": 1, "Hash Buckets": 32768, "Original Hash Buckets": 32768, "Hash Batches": 1, "Original Hash Batches": 1, "Peak Memory Usage": 1027, "Plans": [{"Node Type": "Seq Scan", "Parent Relationship": "Outer", "Parallel Aware": false, "Async Capable": false, "Relation Name": "users", "Alias": "u", "Startup Cost": 0.0, "Total Cost": 1002.69, "Plan Rows": 21903, "Plan Width": 4, "Actual Rows": 21904, "Actual Loops": 1, "Filter": "((reputation <= 66435) AND (creationdate >= '2011-01-03 02:40:13'::timestamp without time zone) AND (creationdate <= '2013-10-31 18:16:14'::timestamp without time zone))", "Rows Removed by Filter": 18421}]}]}]}]}, "Planning Time": 3.461, "Triggers": [], "Execution Time": 47.935}, {"Plan": {"Node Type": "Aggregate", "Strategy": "Plain", "Partial Mode": "Finalize", "Parallel Aware": false, "Async Capable": false, "Startup Cost": 9742.54, "Total Cost": 9742.55, "Plan Rows": 1, "Plan Width": 8, "Actual Rows": 1, "Actual Loops": 1, "Plans": [{"Node Type": "Gather", "Parent Relationship": "Outer", "Parallel Aware": false, "Async Capable": false, "Startup Cost": 9742.43, "Total Cost": 9742.54, "Plan Rows": 1, "Plan Width": 8, "Actual Rows": 2, "Actual Loops": 1, "Workers Planned": 1, "Workers Launched": 1, "Single Copy": false, "Plans": [{"Node Type": "Aggregate", "Strategy": "Plain", "Partial Mode": "Partial", "Parent Relationship": "Outer", "Parallel Aware": false, "Async Capable": false, "Startup Cost": 8742.43, "Total Cost": 8742.44, "Plan Rows": 1, "Plan Width": 8, "Actual Rows": 1, "Actual Loops": 2, "Workers": [], "Plans": [{"Node Type": "Hash Join", "Parent Relationship": "Outer", "Parallel Aware": false, "Async Capable": false, "Join Type": "Inner", "Startup Cost": 3315.12, "Total Cost": 8742.42, "Plan Rows": 1.0, "Plan Width": 0, "Actual Rows": 2, "Actual Loops": 2, "Inner Unique": false, "Hash Cond": "(u.id = b.userid)", "Workers": [], "Plans": [{"Node Type": "Nested Loop", "Parent Relationship": "Outer", "Parallel Aware": false, "Async Capable": false, "Join Type": "Inner", "Startup Cost": 0.29, "Total Cost": 5427.56, "Plan Rows": 5.0, "Plan Width": 8, "Actual Rows": 2, "Actual Loops": 2, "Inner Unique": true, "Workers": [], "Plans": [{"Node Type": "Seq Scan", "Parent Relationship": "Outer", "Parallel Aware": true, "Async Capable": false, "Relation Name": "posthistory", "Alias": "ph", "Startup Cost": 0.0, "Total Cost": 5361.04, "Plan Rows": 8, "Plan Width": 4, "Actual Rows": 3, "Actual Loops": 2, "Filter": "((creationdate >= '2013-03-03 08:50:48'::timestamp without time zone) AND (creationdate <= '2014-01-30 06:02:33'::timestamp without time zone) AND (posthistorytypeid = 9))", "Rows Removed by Filter": 151590, "Workers": []}, {"Node Type": "Index Scan", "Parent Relationship": "Inner", "Parallel Aware": false, "Async Capable": false, "Scan Direction": "Forward", "Index Name": "users_pkey", "Relation Name": "users", "Alias": "u", "Startup Cost": 0.29, "Total Cost": 8.31, "Plan Rows": 1, "Plan Width": 4, "Actual Rows": 0, "Actual Loops": 6, "Index Cond": "(id = ph.userid)", "Rows Removed by Index Recheck": 0, "Filter": "((reputation <= 66435) AND (creationdate >= '2011-01-03 02:40:13'::timestamp without time zone) AND (creationdate <= '2013-10-31 18:16:14'::timestamp without time zone))", "Rows Removed by Filter": 0, "Workers": []}]}, {"Node Type": "Hash", "Parent Relationship": "Inner", "Parallel Aware": false, "Async Capable": false, "Startup Cost": 3314.74, "Total Cost": 3314.74, "Plan Rows": 13.0, "Plan Width": 8, "Actual Rows": 30, "Actual Loops": 2, "Hash Buckets": 1024, "Original Hash Buckets": 1024, "Hash Batches": 1, "Original Hash Batches": 1, "Peak Memory Usage": 10, "Workers": [], "Plans": [{"Node Type": "Nested Loop", "Parent Relationship": "Outer", "Parallel Aware": false, "Async Capable": false, "Join Type": "Inner", "Startup Cost": 0.29, "Total Cost": 3314.74, "Plan Rows": 13.0, "Plan Width": 8, "Actual Rows": 30, "Actual Loops": 2, "Inner Unique": false, "Workers": [], "Plans": [{"Node Type": "Seq Scan", "Parent Relationship": "Outer", "Parallel Aware": false, "Async Capable": false, "Relation Name": "posts", "Alias": "p", "Startup Cost": 0.0, "Total Cost": 3139.4, "Plan Rows": 14, "Plan Width": 4, "Actual Rows": 78, "Actual Loops": 2, "Filter": "((answercount <= 9) AND (commentcount >= 2) AND (commentcount <= 42) AND (favoritecount >= 18) AND (favoritecount <= 109) AND (creationdate <= '2012-12-31 18:47:02'::timestamp without time zone))", "Rows Removed by Filter": 91898, "Workers": []}, {"Node Type": "Index Scan", "Parent Relationship": "Inner", "Parallel Aware": false, "Async Capable": false, "Scan Direction": "Forward", "Index Name": "idx_badges_userid", "Relation Name": "badges", "Alias": "b", "Startup Cost": 0.29, "Total Cost": 12.51, "Plan Rows": 1, "Plan Width": 4, "Actual Rows": 0, "Actual Loops": 156, "Index Cond": "(userid = p.owneruserid)", "Rows Removed by Index Recheck": 0, "Filter": "((date >= '2014-02-28 13:39:05'::timestamp without time zone) AND (date <= '2014-03-11 21:13:41'::timestamp without time zone))", "Rows Removed by Filter": 46, "Workers": []}]}]}]}]}]}]}, "Planning Time": 5.187, "Triggers": [], "Execution Time": 62.733}]