[{"Plan": {"Node Type": "Aggregate", "Strategy": "Plain", "Partial Mode": "Simple", "Parallel Aware": false, "Async Capable": false, "Startup Cost": 3843.29, "Total Cost": 3843.3, "Plan Rows": 1, "Plan Width": 8, "Actual Rows": 1, "Actual Loops": 1, "Plans": [{"Node Type": "Nested Loop", "Parent Relationship": "Outer", "Parallel Aware": false, "Async Capable": false, "Join Type": "Inner", "Startup Cost": 1.29, "Total Cost": 3843.29, "Plan Rows": 1.0, "Plan Width": 0, "Actual Rows": 3930, "Actual Loops": 1, "Inner Unique": false, "Plans": [{"Node Type": "Nested Loop", "Parent Relationship": "Outer", "Parallel Aware": false, "Async Capable": false, "Join Type": "Inner", "Startup Cost": 1.0, "Total Cost": 3842.9, "Plan Rows": 1.0, "Plan Width": 8, "Actual Rows": 30, "Actual Loops": 1, "Inner Unique": true, "Plans": [{"Node Type": "Nested Loop", "Parent Relationship": "Outer", "Parallel Aware": false, "Async Capable": false, "Join Type": "Inner", "Startup Cost": 0.71, "Total Cost": 3838.59, "Plan Rows": 1.0, "Plan Width": 4, "Actual Rows": 30, "Actual Loops": 1, "Inner Unique": false, "Join Filter": "(pl.relatedpostid = p.id)", "Rows Removed by Join Filter": 0, "Plans": [{"Node Type": "Nested Loop", "Parent Relationship": "Outer", "Parallel Aware": false, "Async Capable": false, "Join Type": "Inner", "Startup Cost": 0.42, "Total Cost": 3838.23, "Plan Rows": 1.0, "Plan Width": 12, "Actual Rows": 6, "Actual Loops": 1, "Inner Unique": false, "Plans": [{"Node Type": "Seq Scan", "Parent Relationship": "Outer", "Parallel Aware": false, "Async Capable": false, "Relation Name": "posts", "Alias": "p", "Startup Cost": 0.0, "Total Cost": 3829.22, "Plan Rows": 1, "Plan Width": 8, "Actual Rows": 1, "Actual Loops": 1, "Filter": "((score >= 133) AND (score <= 163) AND (answercount >= 55) AND (answercount <= 66) AND (commentcount >= 3) AND (commentcount <= 43) AND (favoritecount <= 179) AND (creationdate >= '2009-10-08 20:01:05'::timestamp without time zone) AND (creationdate <= '2014-02-14 22:05:09'::timestamp without time zone))", "Rows Removed by Filter": 91975}, {"Node Type": "Index Scan", "Parent Relationship": "Inner", "Parallel Aware": false, "Async Capable": false, "Scan Direction": "Forward", "Index Name": "idx_comments_postid", "Relation Name": "comments", "Alias": "c", "Startup Cost": 0.42, "Total Cost": 9.0, "Plan Rows": 1, "Plan Width": 4, "Actual Rows": 6, "Actual Loops": 1, "Index Cond": "(postid = p.id)", "Rows Removed by Index Recheck": 0, "Filter": "(creationdate <= '2012-04-16 16:01:57'::timestamp without time zone)", "Rows Removed by Filter": 1}]}, {"Node Type": "Index Scan", "Parent Relationship": "Inner", "Parallel Aware": false, "Async Capable": false, "Scan Direction": "Forward", "Index Name": "idx_postlinks_relatedpostid", "Relation Name": "postlinks", "Alias": "pl", "Startup Cost": 0.29, "Total Cost": 0.34, "Plan Rows": 1, "Plan Width": 4, "Actual Rows": 5, "Actual Loops": 6, "Index Cond": "(relatedpostid = c.postid)", "Rows Removed by Index Recheck": 0, "Filter": "((creationdate >= '2011-11-16 02:00:56'::timestamp without time zone) AND (creationdate <= '2012-07-06 07:02:55'::timestamp without time zone) AND (linktypeid = 1))", "Rows Removed by Filter": 8}]}, {"Node Type": "Index Only Scan", "Parent Relationship": "Inner", "Parallel Aware": false, "Async Capable": false, "Scan Direction": "Forward", "Index Name": "users_pkey", "Relation Name": "users", "Alias": "u", "Startup Cost": 0.29, "Total Cost": 4.31, "Plan Rows": 1, "Plan Width": 4, "Actual Rows": 1, "Actual Loops": 30, "Index Cond": "(id = p.owneruserid)", "Rows Removed by Index Recheck": 0, "Heap Fetches": 0}]}, {"Node Type": "Index Only Scan", "Parent Relationship": "Inner", "Parallel Aware": false, "Async Capable": false, "Scan Direction": "Forward", "Index Name": "idx_badges_userid", "Relation Name": "badges", "Alias": "b", "Startup Cost": 0.29, "Total Cost": 0.36, "Plan Rows": 3, "Plan Width": 4, "Actual Rows": 131, "Actual Loops": 30, "Index Cond": "(userid = u.id)", "Rows Removed by Index Recheck": 0, "Heap Fetches": 0}]}]}, "Planning Time": 1.732, "Triggers": [], "Execution Time": 7.94}, {"Plan": {"Node Type": "Aggregate", "Strategy": "Plain", "Partial Mode": "Simple", "Parallel Aware": false, "Async Capable": false, "Startup Cost": 3852.54, "Total Cost": 3852.55, "Plan Rows": 1, "Plan Width": 8, "Actual Rows": 1, "Actual Loops": 1, "Plans": [{"Node Type": "Nested Loop", "Parent Relationship": "Outer", "Parallel Aware": false, "Async Capable": false, "Join Type": "Inner", "Startup Cost": 1.3, "Total Cost": 3852.54, "Plan Rows": 1.0, "Plan Width": 0, "Actual Rows": 3930, "Actual Loops": 1, "Inner Unique": true, "Join Filter": "(u.id = b.userid)", "Rows Removed by Join Filter": 0, "Plans": [{"Node Type": "Nested Loop", "Parent Relationship": "Outer", "Parallel Aware": false, "Async Capable": false, "Join Type": "Inner", "Startup Cost": 1.0, "Total Cost": 3842.97, "Plan Rows": 1.0, "Plan Width": 8, "Actual Rows": 3930, "Actual Loops": 1, "Inner Unique": false, "Plans": [{"Node Type": "Nested Loop", "Parent Relationship": "Outer", "Parallel Aware": false, "Async Capable": false, "Join Type": "Inner", "Startup Cost": 0.71, "Total Cost": 3838.59, "Plan Rows": 1.0, "Plan Width": 4, "Actual Rows": 30, "Actual Loops": 1, "Inner Unique": false, "Join Filter": "(pl.relatedpostid = p.id)", "Rows Removed by Join Filter": 0, "Plans": [{"Node Type": "Nested Loop", "Parent Relationship": "Outer", "Parallel Aware": false, "Async Capable": false, "Join Type": "Inner", "Startup Cost": 0.42, "Total Cost": 3838.23, "Plan Rows": 1.0, "Plan Width": 12, "Actual Rows": 6, "Actual Loops": 1, "Inner Unique": false, "Plans": [{"Node Type": "Seq Scan", "Parent Relationship": "Outer", "Parallel Aware": false, "Async Capable": false, "Relation Name": "posts", "Alias": "p", "Startup Cost": 0.0, "Total Cost": 3829.22, "Plan Rows": 1, "Plan Width": 8, "Actual Rows": 1, "Actual Loops": 1, "Filter": "((score >= 133) AND (score <= 163) AND (answercount >= 55) AND (answercount <= 66) AND (commentcount >= 3) AND (commentcount <= 43) AND (favoritecount <= 179) AND (creationdate >= '2009-10-08 20:01:05'::timestamp without time zone) AND (creationdate <= '2014-02-14 22:05:09'::timestamp without time zone))", "Rows Removed by Filter": 91975}, {"Node Type": "Index Scan", "Parent Relationship": "Inner", "Parallel Aware": false, "Async Capable": false, "Scan Direction": "Forward", "Index Name": "idx_comments_postid", "Relation Name": "comments", "Alias": "c", "Startup Cost": 0.42, "Total Cost": 9.0, "Plan Rows": 1, "Plan Width": 4, "Actual Rows": 6, "Actual Loops": 1, "Index Cond": "(postid = p.id)", "Rows Removed by Index Recheck": 0, "Filter": "(creationdate <= '2012-04-16 16:01:57'::timestamp without time zone)", "Rows Removed by Filter": 1}]}, {"Node Type": "Index Scan", "Parent Relationship": "Inner", "Parallel Aware": false, "Async Capable": false, "Scan Direction": "Forward", "Index Name": "idx_postlinks_relatedpostid", "Relation Name": "postlinks", "Alias": "pl", "Startup Cost": 0.29, "Total Cost": 0.34, "Plan Rows": 1, "Plan Width": 4, "Actual Rows": 5, "Actual Loops": 6, "Index Cond": "(relatedpostid = c.postid)", "Rows Removed by Index Recheck": 0, "Filter": "((creationdate >= '2011-11-16 02:00:56'::timestamp without time zone) AND (creationdate <= '2012-07-06 07:02:55'::timestamp without time zone) AND (linktypeid = 1))", "Rows Removed by Filter": 8}]}, {"Node Type": "Index Only Scan", "Parent Relationship": "Inner", "Parallel Aware": false, "Async Capable": false, "Scan Direction": "Forward", "Index Name": "idx_badges_userid", "Relation Name": "badges", "Alias": "b", "Startup Cost": 0.29, "Total Cost": 4.35, "Plan Rows": 3, "Plan Width": 4, "Actual Rows": 131, "Actual Loops": 30, "Index Cond": "(userid = p.owneruserid)", "Rows Removed by Index Recheck": 0, "Heap Fetches": 0}]}, {"Node Type": "Memoize", "Parent Relationship": "Inner", "Parallel Aware": false, "Async Capable": false, "Startup Cost": 0.3, "Total Cost": 4.32, "Plan Rows": 1, "Plan Width": 4, "Actual Rows": 1, "Actual Loops": 3930, "Cache Key": "p.owneruserid", "Cache Mode": "logical", "Cache Hits": 3929, "Cache Misses": 1, "Cache Evictions": 0, "Cache Overflows": 0, "Peak Memory Usage": 1, "Plans": [{"Node Type": "Index Only Scan", "Parent Relationship": "Outer", "Parallel Aware": false, "Async Capable": false, "Scan Direction": "Forward", "Index Name": "users_pkey", "Relation Name": "users", "Alias": "u", "Startup Cost": 0.29, "Total Cost": 4.31, "Plan Rows": 1, "Plan Width": 4, "Actual Rows": 1, "Actual Loops": 1, "Index Cond": "(id = p.owneruserid)", "Rows Removed by Index Recheck": 0, "Heap Fetches": 0}]}]}]}, "Planning Time": 1.491, "Triggers": [], "Execution Time": 7.954}, {"Plan": {"Node Type": "Aggregate", "Strategy": "Plain", "Partial Mode": "Simple", "Parallel Aware": false, "Async Capable": false, "Startup Cost": 8274.83, "Total Cost": 8274.84, "Plan Rows": 1, "Plan Width": 8, "Actual Rows": 1, "Actual Loops": 1, "Plans": [{"Node Type": "Nested Loop", "Parent Relationship": "Outer", "Parallel Aware": false, "Async Capable": false, "Join Type": "Inner", "Startup Cost": 4062.88, "Total Cost": 8274.83, "Plan Rows": 1.0, "Plan Width": 0, "Actual Rows": 3930, "Actual Loops": 1, "Inner Unique": false, "Join Filter": "(c.postid = p.id)", "Rows Removed by Join Filter": 353176, "Plans": [{"Node Type": "Hash Join", "Parent Relationship": "Outer", "Parallel Aware": false, "Async Capable": false, "Join Type": "Inner", "Startup Cost": 4062.3, "Total Cost": 4413.49, "Plan Rows": 38.0, "Plan Width": 8, "Actual Rows": 2726, "Actual Loops": 1, "Inner Unique": false, "Hash Cond": "(pl.relatedpostid = c.postid)", "Plans": [{"Node Type": "Seq Scan", "Parent Relationship": "Outer", "Parallel Aware": false, "Async Capable": false, "Relation Name": "postlinks", "Alias": "pl", "Startup Cost": 0.0, "Total Cost": 276.29, "Plan Rows": 1096, "Plan Width": 4, "Actual Rows": 1190, "Actual Loops": 1, "Filter": "((creationdate >= '2011-11-16 02:00:56'::timestamp without time zone) AND (creationdate <= '2012-07-06 07:02:55'::timestamp without time zone) AND (linktypeid = 1))", "Rows Removed by Filter": 9912}, {"Node Type": "Hash", "Parent Relationship": "Inner", "Parallel Aware": false, "Async Capable": false, "Startup Cost": 3522.81, "Total Cost": 3522.81, "Plan Rows": 43159, "Plan Width": 4, "Actual Rows": 43113, "Actual Loops": 1, "Hash Buckets": 65536, "Original Hash Buckets": 65536, "Hash Batches": 1, "Original Hash Batches": 1, "Peak Memory Usage": 2028, "Plans": [{"Node Type": "Seq Scan", "Parent Relationship": "Outer", "Parallel Aware": false, "Async Capable": false, "Relation Name": "comments", "Alias": "c", "Startup Cost": 0.0, "Total Cost": 3522.81, "Plan Rows": 43159, "Plan Width": 4, "Actual Rows": 43113, "Actual Loops": 1, "Filter": "(creationdate <= '2012-04-16 16:01:57'::timestamp without time zone)", "Rows Removed by Filter": 131192}]}]}, {"Node Type": "Materialize", "Parent Relationship": "Inner", "Parallel Aware": false, "Async Capable": false, "Startup Cost": 0.58, "Total Cost": 3833.93, "Plan Rows": 8.0, "Plan Width": 4, "Actual Rows": 131, "Actual Loops": 2726, "Plans": [{"Node Type": "Nested Loop", "Parent Relationship": "Outer", "Parallel Aware": false, "Async Capable": false, "Join Type": "Inner", "Startup Cost": 0.58, "Total Cost": 3833.92, "Plan Rows": 8.0, "Plan Width": 4, "Actual Rows": 131, "Actual Loops": 1, "Inner Unique": false, "Plans": [{"Node Type": "Nested Loop", "Parent Relationship": "Outer", "Parallel Aware": false, "Async Capable": false, "Join Type": "Inner", "Startup Cost": 0.29, "Total Cost": 3833.53, "Plan Rows": 1.0, "Plan Width": 12, "Actual Rows": 1, "Actual Loops": 1, "Inner Unique": true, "Plans": [{"Node Type": "Seq Scan", "Parent Relationship": "Outer", "Parallel Aware": false, "Async Capable": false, "Relation Name": "posts", "Alias": "p", "Startup Cost": 0.0, "Total Cost": 3829.22, "Plan Rows": 1, "Plan Width": 8, "Actual Rows": 1, "Actual Loops": 1, "Filter": "((score >= 133) AND (score <= 163) AND (answercount >= 55) AND (answercount <= 66) AND (commentcount >= 3) AND (commentcount <= 43) AND (favoritecount <= 179) AND (creationdate >= '2009-10-08 20:01:05'::timestamp without time zone) AND (creationdate <= '2014-02-14 22:05:09'::timestamp without time zone))", "Rows Removed by Filter": 91975}, {"Node Type": "Index Only Scan", "Parent Relationship": "Inner", "Parallel Aware": false, "Async Capable": false, "Scan Direction": "Forward", "Index Name": "users_pkey", "Relation Name": "users", "Alias": "u", "Startup Cost": 0.29, "Total Cost": 4.31, "Plan Rows": 1, "Plan Width": 4, "Actual Rows": 1, "Actual Loops": 1, "Index Cond": "(id = p.owneruserid)", "Rows Removed by Index Recheck": 0, "Heap Fetches": 0}]}, {"Node Type": "Index Only Scan", "Parent Relationship": "Inner", "Parallel Aware": false, "Async Capable": false, "Scan Direction": "Forward", "Index Name": "idx_badges_userid", "Relation Name": "badges", "Alias": "b", "Startup Cost": 0.29, "Total Cost": 0.36, "Plan Rows": 3, "Plan Width": 4, "Actual Rows": 131, "Actual Loops": 1, "Index Cond": "(userid = u.id)", "Rows Removed by Index Recheck": 0, "Heap Fetches": 0}]}]}]}]}, "Planning Time": 2.322, "Triggers": [], "Execution Time": 64.933}, {"Plan": {"Node Type": "Aggregate", "Strategy": "Plain", "Partial Mode": "Simple", "Parallel Aware": false, "Async Capable": false, "Startup Cost": 6782.52, "Total Cost": 6782.53, "Plan Rows": 1, "Plan Width": 8, "Actual Rows": 1, "Actual Loops": 1, "Plans": [{"Node Type": "Hash Join", "Parent Relationship": "Outer", "Parallel Aware": false, "Async Capable": false, "Join Type": "Inner", "Startup Cost": 5042.92, "Total Cost": 6782.52, "Plan Rows": 1.0, "Plan Width": 0, "Actual Rows": 3930, "Actual Loops": 1, "Inner Unique": false, "Hash Cond": "(u.id = p.owneruserid)", "Plans": [{"Node Type": "Hash Join", "Parent Relationship": "Outer", "Parallel Aware": false, "Async Capable": false, "Join Type": "Inner", "Startup Cost": 1204.31, "Total Cost": 2644.45, "Plan Rows": 9450.0, "Plan Width": 8, "Actual Rows": 79851, "Actual Loops": 1, "Inner Unique": true, "Hash Cond": "(b.userid = u.id)", "Plans": [{"Node Type": "Seq Scan", "Parent Relationship": "Outer", "Parallel Aware": false, "Async Capable": false, "Relation Name": "badges", "Alias": "b", "Startup Cost": 0.0, "Total Cost": 1230.51, "Plan Rows": 79851, "Plan Width": 4, "Actual Rows": 79851, "Actual Loops": 1}, {"Node Type": "Hash", "Parent Relationship": "Inner", "Parallel Aware": false, "Async Capable": false, "Startup Cost": 700.25, "Total Cost": 700.25, "Plan Rows": 40325, "Plan Width": 4, "Actual Rows": 40325, "Actual Loops": 1, "Hash Buckets": 65536, "Original Hash Buckets": 65536, "Hash Batches": 1, "Original Hash Batches": 1, "Peak Memory Usage": 1930, "Plans": [{"Node Type": "Seq Scan", "Parent Relationship": "Outer", "Parallel Aware": false, "Async Capable": false, "Relation Name": "users", "Alias": "u", "Startup Cost": 0.0, "Total Cost": 700.25, "Plan Rows": 40325, "Plan Width": 4, "Actual Rows": 40325, "Actual Loops": 1}]}]}, {"Node Type": "Hash", "Parent Relationship": "Inner", "Parallel Aware": false, "Async Capable": false, "Startup Cost": 3838.59, "Total Cost": 3838.59, "Plan Rows": 1.0, "Plan Width": 4, "Actual Rows": 30, "Actual Loops": 1, "Hash Buckets": 1024, "Original Hash Buckets": 1024, "Hash Batches": 1, "Original Hash Batches": 1, "Peak Memory Usage": 10, "Plans": [{"Node Type": "Nested Loop", "Parent Relationship": "Outer", "Parallel Aware": false, "Async Capable": false, "Join Type": "Inner", "Startup Cost": 0.71, "Total Cost": 3838.59, "Plan Rows": 1.0, "Plan Width": 4, "Actual Rows": 30, "Actual Loops": 1, "Inner Unique": false, "Join Filter": "(pl.relatedpostid = p.id)", "Rows Removed by Join Filter": 0, "Plans": [{"Node Type": "Nested Loop", "Parent Relationship": "Outer", "Parallel Aware": false, "Async Capable": false, "Join Type": "Inner", "Startup Cost": 0.42, "Total Cost": 3838.23, "Plan Rows": 1.0, "Plan Width": 12, "Actual Rows": 6, "Actual Loops": 1, "Inner Unique": false, "Plans": [{"Node Type": "Seq Scan", "Parent Relationship": "Outer", "Parallel Aware": false, "Async Capable": false, "Relation Name": "posts", "Alias": "p", "Startup Cost": 0.0, "Total Cost": 3829.22, "Plan Rows": 1, "Plan Width": 8, "Actual Rows": 1, "Actual Loops": 1, "Filter": "((score >= 133) AND (score <= 163) AND (answercount >= 55) AND (answercount <= 66) AND (commentcount >= 3) AND (commentcount <= 43) AND (favoritecount <= 179) AND (creationdate >= '2009-10-08 20:01:05'::timestamp without time zone) AND (creationdate <= '2014-02-14 22:05:09'::timestamp without time zone))", "Rows Removed by Filter": 91975}, {"Node Type": "Index Scan", "Parent Relationship": "Inner", "Parallel Aware": false, "Async Capable": false, "Scan Direction": "Forward", "Index Name": "idx_comments_postid", "Relation Name": "comments", "Alias": "c", "Startup Cost": 0.42, "Total Cost": 9.0, "Plan Rows": 1, "Plan Width": 4, "Actual Rows": 6, "Actual Loops": 1, "Index Cond": "(postid = p.id)", "Rows Removed by Index Recheck": 0, "Filter": "(creationdate <= '2012-04-16 16:01:57'::timestamp without time zone)", "Rows Removed by Filter": 1}]}, {"Node Type": "Index Scan", "Parent Relationship": "Inner", "Parallel Aware": false, "Async Capable": false, "Scan Direction": "Forward", "Index Name": "idx_postlinks_relatedpostid", "Relation Name": "postlinks", "Alias": "pl", "Startup Cost": 0.29, "Total Cost": 0.34, "Plan Rows": 1, "Plan Width": 4, "Actual Rows": 5, "Actual Loops": 6, "Index Cond": "(relatedpostid = c.postid)", "Rows Removed by Index Recheck": 0, "Filter": "((creationdate >= '2011-11-16 02:00:56'::timestamp without time zone) AND (creationdate <= '2012-07-06 07:02:55'::timestamp without time zone) AND (linktypeid = 1))", "Rows Removed by Filter": 8}]}]}]}]}, "Planning Time": 2.197, "Triggers": [], "Execution Time": 40.188}, {"Plan": {"Node Type": "Aggregate", "Strategy": "Plain", "Partial Mode": "Simple", "Parallel Aware": false, "Async Capable": false, "Startup Cost": 3843.65, "Total Cost": 3843.66, "Plan Rows": 1, "Plan Width": 8, "Actual Rows": 1, "Actual Loops": 1, "Plans": [{"Node Type": "Nested Loop", "Parent Relationship": "Outer", "Parallel Aware": false, "Async Capable": false, "Join Type": "Inner", "Startup Cost": 1.29, "Total Cost": 3843.64, "Plan Rows": 1.0, "Plan Width": 0, "Actual Rows": 3930, "Actual Loops": 1, "Inner Unique": false, "Join Filter": "(pl.relatedpostid = p.id)", "Rows Removed by Join Filter": 0, "Plans": [{"Node Type": "Nested Loop", "Parent Relationship": "Outer", "Parallel Aware": false, "Async Capable": false, "Join Type": "Inner", "Startup Cost": 1.0, "Total Cost": 3842.93, "Plan Rows": 8.0, "Plan Width": 8, "Actual Rows": 786, "Actual Loops": 1, "Inner Unique": false, "Plans": [{"Node Type": "Nested Loop", "Parent Relationship": "Outer", "Parallel Aware": false, "Async Capable": false, "Join Type": "Inner", "Startup Cost": 0.71, "Total Cost": 3842.54, "Plan Rows": 1.0, "Plan Width": 16, "Actual Rows": 6, "Actual Loops": 1, "Inner Unique": true, "Plans": [{"Node Type": "Nested Loop", "Parent Relationship": "Outer", "Parallel Aware": false, "Async Capable": false, "Join Type": "Inner", "Startup Cost": 0.42, "Total Cost": 3838.23, "Plan Rows": 1.0, "Plan Width": 12, "Actual Rows": 6, "Actual Loops": 1, "Inner Unique": false, "Plans": [{"Node Type": "Seq Scan", "Parent Relationship": "Outer", "Parallel Aware": false, "Async Capable": false, "Relation Name": "posts", "Alias": "p", "Startup Cost": 0.0, "Total Cost": 3829.22, "Plan Rows": 1, "Plan Width": 8, "Actual Rows": 1, "Actual Loops": 1, "Filter": "((score >= 133) AND (score <= 163) AND (answercount >= 55) AND (answercount <= 66) AND (commentcount >= 3) AND (commentcount <= 43) AND (favoritecount <= 179) AND (creationdate >= '2009-10-08 20:01:05'::timestamp without time zone) AND (creationdate <= '2014-02-14 22:05:09'::timestamp without time zone))", "Rows Removed by Filter": 91975}, {"Node Type": "Index Scan", "Parent Relationship": "Inner", "Parallel Aware": false, "Async Capable": false, "Scan Direction": "Forward", "Index Name": "idx_comments_postid", "Relation Name": "comments", "Alias": "c", "Startup Cost": 0.42, "Total Cost": 9.0, "Plan Rows": 1, "Plan Width": 4, "Actual Rows": 6, "Actual Loops": 1, "Index Cond": "(postid = p.id)", "Rows Removed by Index Recheck": 0, "Filter": "(creationdate <= '2012-04-16 16:01:57'::timestamp without time zone)", "Rows Removed by Filter": 1}]}, {"Node Type": "Index Only Scan", "Parent Relationship": "Inner", "Parallel Aware": false, "Async Capable": false, "Scan Direction": "Forward", "Index Name": "users_pkey", "Relation Name": "users", "Alias": "u", "Startup Cost": 0.29, "Total Cost": 4.31, "Plan Rows": 1, "Plan Width": 4, "Actual Rows": 1, "Actual Loops": 6, "Index Cond": "(id = p.owneruserid)", "Rows Removed by Index Recheck": 0, "Heap Fetches": 0}]}, {"Node Type": "Index Only Scan", "Parent Relationship": "Inner", "Parallel Aware": false, "Async Capable": false, "Scan Direction": "Forward", "Index Name": "idx_badges_userid", "Relation Name": "badges", "Alias": "b", "Startup Cost": 0.29, "Total Cost": 0.36, "Plan Rows": 3, "Plan Width": 4, "Actual Rows": 131, "Actual Loops": 6, "Index Cond": "(userid = u.id)", "Rows Removed by Index Recheck": 0, "Heap Fetches": 0}]}, {"Node Type": "Index Scan", "Parent Relationship": "Inner", "Parallel Aware": false, "Async Capable": false, "Scan Direction": "Forward", "Index Name": "idx_postlinks_relatedpostid", "Relation Name": "postlinks", "Alias": "pl", "Startup Cost": 0.29, "Total Cost": 0.34, "Plan Rows": 1, "Plan Width": 4, "Actual Rows": 5, "Actual Loops": 786, "Index Cond": "(relatedpostid = c.postid)", "Rows Removed by Index Recheck": 0, "Filter": "((creationdate >= '2011-11-16 02:00:56'::timestamp without time zone) AND (creationdate <= '2012-07-06 07:02:55'::timestamp without time zone) AND (linktypeid = 1))", "Rows Removed by Filter": 8}]}]}, "Planning Time": 1.795, "Triggers": [], "Execution Time": 10.755}, {"Plan": {"Node Type": "Aggregate", "Strategy": "Plain", "Partial Mode": "Simple", "Parallel Aware": false, "Async Capable": false, "Startup Cost": 7481.19, "Total Cost": 7481.2, "Plan Rows": 1, "Plan Width": 8, "Actual Rows": 1, "Actual Loops": 1, "Plans": [{"Node Type": "Nested Loop", "Parent Relationship": "Outer", "Parallel Aware": false, "Async Capable": false, "Join Type": "Inner", "Startup Cost": 1205.02, "Total Cost": 7481.18, "Plan Rows": 1.0, "Plan Width": 0, "Actual Rows": 3930, "Actual Loops": 1, "Inner Unique": false, "Join Filter": "(p.owneruserid = u.id)", "Rows Removed by Join Filter": 2391600, "Plans": [{"Node Type": "Nested Loop", "Parent Relationship": "Outer", "Parallel Aware": false, "Async Capable": false, "Join Type": "Inner", "Startup Cost": 0.71, "Total Cost": 3838.59, "Plan Rows": 1.0, "Plan Width": 4, "Actual Rows": 30, "Actual Loops": 1, "Inner Unique": false, "Join Filter": "(pl.relatedpostid = p.id)", "Rows Removed by Join Filter": 0, "Plans": [{"Node Type": "Nested Loop", "Parent Relationship": "Outer", "Parallel Aware": false, "Async Capable": false, "Join Type": "Inner", "Startup Cost": 0.42, "Total Cost": 3838.23, "Plan Rows": 1.0, "Plan Width": 12, "Actual Rows": 6, "Actual Loops": 1, "Inner Unique": false, "Plans": [{"Node Type": "Seq Scan", "Parent Relationship": "Outer", "Parallel Aware": false, "Async Capable": false, "Relation Name": "posts", "Alias": "p", "Startup Cost": 0.0, "Total Cost": 3829.22, "Plan Rows": 1, "Plan Width": 8, "Actual Rows": 1, "Actual Loops": 1, "Filter": "((score >= 133) AND (score <= 163) AND (answercount >= 55) AND (answercount <= 66) AND (commentcount >= 3) AND (commentcount <= 43) AND (favoritecount <= 179) AND (creationdate >= '2009-10-08 20:01:05'::timestamp without time zone) AND (creationdate <= '2014-02-14 22:05:09'::timestamp without time zone))", "Rows Removed by Filter": 91975}, {"Node Type": "Index Scan", "Parent Relationship": "Inner", "Parallel Aware": false, "Async Capable": false, "Scan Direction": "Forward", "Index Name": "idx_comments_postid", "Relation Name": "comments", "Alias": "c", "Startup Cost": 0.42, "Total Cost": 9.0, "Plan Rows": 1, "Plan Width": 4, "Actual Rows": 6, "Actual Loops": 1, "Index Cond": "(postid = p.id)", "Rows Removed by Index Recheck": 0, "Filter": "(creationdate <= '2012-04-16 16:01:57'::timestamp without time zone)", "Rows Removed by Filter": 1}]}, {"Node Type": "Index Scan", "Parent Relationship": "Inner", "Parallel Aware": false, "Async Capable": false, "Scan Direction": "Forward", "Index Name": "idx_postlinks_relatedpostid", "Relation Name": "postlinks", "Alias": "pl", "Startup Cost": 0.29, "Total Cost": 0.34, "Plan Rows": 1, "Plan Width": 4, "Actual Rows": 5, "Actual Loops": 6, "Index Cond": "(relatedpostid = c.postid)", "Rows Removed by Index Recheck": 0, "Filter": "((creationdate >= '2011-11-16 02:00:56'::timestamp without time zone) AND (creationdate <= '2012-07-06 07:02:55'::timestamp without time zone) AND (linktypeid = 1))", "Rows Removed by Filter": 8}]}, {"Node Type": "Hash Join", "Parent Relationship": "Inner", "Parallel Aware": false, "Async Capable": false, "Join Type": "Inner", "Startup Cost": 1204.31, "Total Cost": 2644.45, "Plan Rows": 9450.0, "Plan Width": 8, "Actual Rows": 79851, "Actual Loops": 30, "Inner Unique": true, "Hash Cond": "(b.userid = u.id)", "Plans": [{"Node Type": "Seq Scan", "Parent Relationship": "Outer", "Parallel Aware": false, "Async Capable": false, "Relation Name": "badges", "Alias": "b", "Startup Cost": 0.0, "Total Cost": 1230.51, "Plan Rows": 79851, "Plan Width": 4, "Actual Rows": 79851, "Actual Loops": 30}, {"Node Type": "Hash", "Parent Relationship": "Inner", "Parallel Aware": false, "Async Capable": false, "Startup Cost": 700.25, "Total Cost": 700.25, "Plan Rows": 40325, "Plan Width": 4, "Actual Rows": 40325, "Actual Loops": 1, "Hash Buckets": 65536, "Original Hash Buckets": 65536, "Hash Batches": 1, "Original Hash Batches": 1, "Peak Memory Usage": 1930, "Plans": [{"Node Type": "Seq Scan", "Parent Relationship": "Outer", "Parallel Aware": false, "Async Capable": false, "Relation Name": "users", "Alias": "u", "Startup Cost": 0.0, "Total Cost": 700.25, "Plan Rows": 40325, "Plan Width": 4, "Actual Rows": 40325, "Actual Loops": 1}]}]}]}]}, "Planning Time": 2.449, "Triggers": [], "Execution Time": 367.209}, {"Plan": {"Node Type": "Aggregate", "Strategy": "Plain", "Partial Mode": "Simple", "Parallel Aware": false, "Async Capable": false, "Startup Cost": 4896.94, "Total Cost": 4896.95, "Plan Rows": 1, "Plan Width": 8, "Actual Rows": 1, "Actual Loops": 1, "Plans": [{"Node Type": "Hash Join", "Parent Relationship": "Outer", "Parallel Aware": false, "Async Capable": false, "Join Type": "Inner", "Startup Cost": 3843.45, "Total Cost": 4896.94, "Plan Rows": 1.0, "Plan Width": 0, "Actual Rows": 3930, "Actual Loops": 1, "Inner Unique": false, "Hash Cond": "(u.id = b.userid)", "Plans": [{"Node Type": "Seq Scan", "Parent Relationship": "Outer", "Parallel Aware": false, "Async Capable": false, "Relation Name": "users", "Alias": "u", "Startup Cost": 0.0, "Total Cost": 700.25, "Plan Rows": 40325, "Plan Width": 4, "Actual Rows": 40325, "Actual Loops": 1}, {"Node Type": "Hash", "Parent Relationship": "Inner", "Parallel Aware": false, "Async Capable": false, "Startup Cost": 3842.97, "Total Cost": 3842.97, "Plan Rows": 1.0, "Plan Width": 8, "Actual Rows": 3930, "Actual Loops": 1, "Hash Buckets": 4096, "Original Hash Buckets": 1024, "Hash Batches": 1, "Original Hash Batches": 1, "Peak Memory Usage": 186, "Plans": [{"Node Type": "Nested Loop", "Parent Relationship": "Outer", "Parallel Aware": false, "Async Capable": false, "Join Type": "Inner", "Startup Cost": 1.0, "Total Cost": 3842.97, "Plan Rows": 1.0, "Plan Width": 8, "Actual Rows": 3930, "Actual Loops": 1, "Inner Unique": false, "Plans": [{"Node Type": "Nested Loop", "Parent Relationship": "Outer", "Parallel Aware": false, "Async Capable": false, "Join Type": "Inner", "Startup Cost": 0.71, "Total Cost": 3838.59, "Plan Rows": 1.0, "Plan Width": 4, "Actual Rows": 30, "Actual Loops": 1, "Inner Unique": false, "Join Filter": "(pl.relatedpostid = p.id)", "Rows Removed by Join Filter": 0, "Plans": [{"Node Type": "Nested Loop", "Parent Relationship": "Outer", "Parallel Aware": false, "Async Capable": false, "Join Type": "Inner", "Startup Cost": 0.42, "Total Cost": 3838.23, "Plan Rows": 1.0, "Plan Width": 12, "Actual Rows": 6, "Actual Loops": 1, "Inner Unique": false, "Plans": [{"Node Type": "Seq Scan", "Parent Relationship": "Outer", "Parallel Aware": false, "Async Capable": false, "Relation Name": "posts", "Alias": "p", "Startup Cost": 0.0, "Total Cost": 3829.22, "Plan Rows": 1, "Plan Width": 8, "Actual Rows": 1, "Actual Loops": 1, "Filter": "((score >= 133) AND (score <= 163) AND (answercount >= 55) AND (answercount <= 66) AND (commentcount >= 3) AND (commentcount <= 43) AND (favoritecount <= 179) AND (creationdate >= '2009-10-08 20:01:05'::timestamp without time zone) AND (creationdate <= '2014-02-14 22:05:09'::timestamp without time zone))", "Rows Removed by Filter": 91975}, {"Node Type": "Index Scan", "Parent Relationship": "Inner", "Parallel Aware": false, "Async Capable": false, "Scan Direction": "Forward", "Index Name": "idx_comments_postid", "Relation Name": "comments", "Alias": "c", "Startup Cost": 0.42, "Total Cost": 9.0, "Plan Rows": 1, "Plan Width": 4, "Actual Rows": 6, "Actual Loops": 1, "Index Cond": "(postid = p.id)", "Rows Removed by Index Recheck": 0, "Filter": "(creationdate <= '2012-04-16 16:01:57'::timestamp without time zone)", "Rows Removed by Filter": 1}]}, {"Node Type": "Index Scan", "Parent Relationship": "Inner", "Parallel Aware": false, "Async Capable": false, "Scan Direction": "Forward", "Index Name": "idx_postlinks_relatedpostid", "Relation Name": "postlinks", "Alias": "pl", "Startup Cost": 0.29, "Total Cost": 0.34, "Plan Rows": 1, "Plan Width": 4, "Actual Rows": 5, "Actual Loops": 6, "Index Cond": "(relatedpostid = c.postid)", "Rows Removed by Index Recheck": 0, "Filter": "((creationdate >= '2011-11-16 02:00:56'::timestamp without time zone) AND (creationdate <= '2012-07-06 07:02:55'::timestamp without time zone) AND (linktypeid = 1))", "Rows Removed by Filter": 8}]}, {"Node Type": "Index Only Scan", "Parent Relationship": "Inner", "Parallel Aware": false, "Async Capable": false, "Scan Direction": "Forward", "Index Name": "idx_badges_userid", "Relation Name": "badges", "Alias": "b", "Startup Cost": 0.29, "Total Cost": 4.35, "Plan Rows": 3, "Plan Width": 4, "Actual Rows": 131, "Actual Loops": 30, "Index Cond": "(userid = p.owneruserid)", "Rows Removed by Index Recheck": 0, "Heap Fetches": 0}]}]}]}]}, "Planning Time": 2.345, "Triggers": [], "Execution Time": 15.082}, {"Plan": {"Node Type": "Aggregate", "Strategy": "Plain", "Partial Mode": "Simple", "Parallel Aware": false, "Async Capable": false, "Startup Cost": 7583.92, "Total Cost": 7583.93, "Plan Rows": 1, "Plan Width": 8, "Actual Rows": 1, "Actual Loops": 1, "Plans": [{"Node Type": "Hash Join", "Parent Relationship": "Outer", "Parallel Aware": false, "Async Capable": false, "Join Type": "Inner", "Startup Cost": 3845.3, "Total Cost": 7583.92, "Plan Rows": 1.0, "Plan Width": 0, "Actual Rows": 3930, "Actual Loops": 1, "Inner Unique": false, "Hash Cond": "(c.postid = p.id)", "Plans": [{"Node Type": "Seq Scan", "Parent Relationship": "Outer", "Parallel Aware": false, "Async Capable": false, "Relation Name": "comments", "Alias": "c", "Startup Cost": 0.0, "Total Cost": 3522.81, "Plan Rows": 43159, "Plan Width": 4, "Actual Rows": 43113, "Actual Loops": 1, "Filter": "(creationdate <= '2012-04-16 16:01:57'::timestamp without time zone)", "Rows Removed by Filter": 131192}, {"Node Type": "Hash", "Parent Relationship": "Inner", "Parallel Aware": false, "Async Capable": false, "Startup Cost": 3845.28, "Total Cost": 3845.28, "Plan Rows": 1.0, "Plan Width": 8, "Actual Rows": 655, "Actual Loops": 1, "Hash Buckets": 1024, "Original Hash Buckets": 1024, "Hash Batches": 1, "Original Hash Batches": 1, "Peak Memory Usage": 34, "Plans": [{"Node Type": "Nested Loop", "Parent Relationship": "Outer", "Parallel Aware": false, "Async Capable": false, "Join Type": "Inner", "Startup Cost": 0.87, "Total Cost": 3845.28, "Plan Rows": 1.0, "Plan Width": 8, "Actual Rows": 655, "Actual Loops": 1, "Inner Unique": false, "Plans": [{"Node Type": "Nested Loop", "Parent Relationship": "Outer", "Parallel Aware": false, "Async Capable": false, "Join Type": "Inner", "Startup Cost": 0.57, "Total Cost": 3844.89, "Plan Rows": 1.0, "Plan Width": 16, "Actual Rows": 5, "Actual Loops": 1, "Inner Unique": true, "Plans": [{"Node Type": "Nested Loop", "Parent Relationship": "Outer", "Parallel Aware": false, "Async Capable": false, "Join Type": "Inner", "Startup Cost": 0.29, "Total Cost": 3840.58, "Plan Rows": 1.0, "Plan Width": 12, "Actual Rows": 5, "Actual Loops": 1, "Inner Unique": false, "Plans": [{"Node Type": "Seq Scan", "Parent Relationship": "Outer", "Parallel Aware": false, "Async Capable": false, "Relation Name": "posts", "Alias": "p", "Startup Cost": 0.0, "Total Cost": 3829.22, "Plan Rows": 1, "Plan Width": 8, "Actual Rows": 1, "Actual Loops": 1, "Filter": "((score >= 133) AND (score <= 163) AND (answercount >= 55) AND (answercount <= 66) AND (commentcount >= 3) AND (commentcount <= 43) AND (favoritecount <= 179) AND (creationdate >= '2009-10-08 20:01:05'::timestamp without time zone) AND (creationdate <= '2014-02-14 22:05:09'::timestamp without time zone))", "Rows Removed by Filter": 91975}, {"Node Type": "Index Scan", "Parent Relationship": "Inner", "Parallel Aware": false, "Async Capable": false, "Scan Direction": "Forward", "Index Name": "idx_postlinks_relatedpostid", "Relation Name": "postlinks", "Alias": "pl", "Startup Cost": 0.29, "Total Cost": 11.35, "Plan Rows": 1, "Plan Width": 4, "Actual Rows": 5, "Actual Loops": 1, "Index Cond": "(relatedpostid = p.id)", "Rows Removed by Index Recheck": 0, "Filter": "((creationdate >= '2011-11-16 02:00:56'::timestamp without time zone) AND (creationdate <= '2012-07-06 07:02:55'::timestamp without time zone) AND (linktypeid = 1))", "Rows Removed by Filter": 8}]}, {"Node Type": "Index Only Scan", "Parent Relationship": "Inner", "Parallel Aware": false, "Async Capable": false, "Scan Direction": "Forward", "Index Name": "users_pkey", "Relation Name": "users", "Alias": "u", "Startup Cost": 0.29, "Total Cost": 4.31, "Plan Rows": 1, "Plan Width": 4, "Actual Rows": 1, "Actual Loops": 5, "Index Cond": "(id = p.owneruserid)", "Rows Removed by Index Recheck": 0, "Heap Fetches": 0}]}, {"Node Type": "Index Only Scan", "Parent Relationship": "Inner", "Parallel Aware": false, "Async Capable": false, "Scan Direction": "Forward", "Index Name": "idx_badges_userid", "Relation Name": "badges", "Alias": "b", "Startup Cost": 0.29, "Total Cost": 0.36, "Plan Rows": 3, "Plan Width": 4, "Actual Rows": 131, "Actual Loops": 5, "Index Cond": "(userid = u.id)", "Rows Removed by Index Recheck": 0, "Heap Fetches": 0}]}]}]}]}, "Planning Time": 2.32, "Triggers": [], "Execution Time": 37.136}, {"Plan": {"Node Type": "Aggregate", "Strategy": "Plain", "Partial Mode": "Simple", "Parallel Aware": false, "Async Capable": false, "Startup Cost": 3843.29, "Total Cost": 3843.3, "Plan Rows": 1, "Plan Width": 8, "Actual Rows": 1, "Actual Loops": 1, "Plans": [{"Node Type": "Nested Loop", "Parent Relationship": "Outer", "Parallel Aware": false, "Async Capable": false, "Join Type": "Inner", "Startup Cost": 1.29, "Total Cost": 3843.29, "Plan Rows": 1.0, "Plan Width": 0, "Actual Rows": 3930, "Actual Loops": 1, "Inner Unique": false, "Plans": [{"Node Type": "Nested Loop", "Parent Relationship": "Outer", "Parallel Aware": false, "Async Capable": false, "Join Type": "Inner", "Startup Cost": 1.0, "Total Cost": 3842.9, "Plan Rows": 1.0, "Plan Width": 8, "Actual Rows": 30, "Actual Loops": 1, "Inner Unique": true, "Plans": [{"Node Type": "Nested Loop", "Parent Relationship": "Outer", "Parallel Aware": false, "Async Capable": false, "Join Type": "Inner", "Startup Cost": 0.71, "Total Cost": 3838.59, "Plan Rows": 1.0, "Plan Width": 4, "Actual Rows": 30, "Actual Loops": 1, "Inner Unique": false, "Join Filter": "(pl.relatedpostid = p.id)", "Rows Removed by Join Filter": 0, "Plans": [{"Node Type": "Nested Loop", "Parent Relationship": "Outer", "Parallel Aware": false, "Async Capable": false, "Join Type": "Inner", "Startup Cost": 0.42, "Total Cost": 3838.23, "Plan Rows": 1.0, "Plan Width": 12, "Actual Rows": 6, "Actual Loops": 1, "Inner Unique": false, "Plans": [{"Node Type": "Seq Scan", "Parent Relationship": "Outer", "Parallel Aware": false, "Async Capable": false, "Relation Name": "posts", "Alias": "p", "Startup Cost": 0.0, "Total Cost": 3829.22, "Plan Rows": 1, "Plan Width": 8, "Actual Rows": 1, "Actual Loops": 1, "Filter": "((score >= 133) AND (score <= 163) AND (answercount >= 55) AND (answercount <= 66) AND (commentcount >= 3) AND (commentcount <= 43) AND (favoritecount <= 179) AND (creationdate >= '2009-10-08 20:01:05'::timestamp without time zone) AND (creationdate <= '2014-02-14 22:05:09'::timestamp without time zone))", "Rows Removed by Filter": 91975}, {"Node Type": "Index Scan", "Parent Relationship": "Inner", "Parallel Aware": false, "Async Capable": false, "Scan Direction": "Forward", "Index Name": "idx_comments_postid", "Relation Name": "comments", "Alias": "c", "Startup Cost": 0.42, "Total Cost": 9.0, "Plan Rows": 1, "Plan Width": 4, "Actual Rows": 6, "Actual Loops": 1, "Index Cond": "(postid = p.id)", "Rows Removed by Index Recheck": 0, "Filter": "(creationdate <= '2012-04-16 16:01:57'::timestamp without time zone)", "Rows Removed by Filter": 1}]}, {"Node Type": "Index Scan", "Parent Relationship": "Inner", "Parallel Aware": false, "Async Capable": false, "Scan Direction": "Forward", "Index Name": "idx_postlinks_relatedpostid", "Relation Name": "postlinks", "Alias": "pl", "Startup Cost": 0.29, "Total Cost": 0.34, "Plan Rows": 1, "Plan Width": 4, "Actual Rows": 5, "Actual Loops": 6, "Index Cond": "(relatedpostid = c.postid)", "Rows Removed by Index Recheck": 0, "Filter": "((creationdate >= '2011-11-16 02:00:56'::timestamp without time zone) AND (creationdate <= '2012-07-06 07:02:55'::timestamp without time zone) AND (linktypeid = 1))", "Rows Removed by Filter": 8}]}, {"Node Type": "Index Only Scan", "Parent Relationship": "Inner", "Parallel Aware": false, "Async Capable": false, "Scan Direction": "Forward", "Index Name": "users_pkey", "Relation Name": "users", "Alias": "u", "Startup Cost": 0.29, "Total Cost": 4.31, "Plan Rows": 1, "Plan Width": 4, "Actual Rows": 1, "Actual Loops": 30, "Index Cond": "(id = p.owneruserid)", "Rows Removed by Index Recheck": 0, "Heap Fetches": 0}]}, {"Node Type": "Index Only Scan", "Parent Relationship": "Inner", "Parallel Aware": false, "Async Capable": false, "Scan Direction": "Forward", "Index Name": "idx_badges_userid", "Relation Name": "badges", "Alias": "b", "Startup Cost": 0.29, "Total Cost": 0.36, "Plan Rows": 3, "Plan Width": 4, "Actual Rows": 131, "Actual Loops": 30, "Index Cond": "(userid = u.id)", "Rows Removed by Index Recheck": 0, "Heap Fetches": 0}]}]}, "Planning Time": 1.892, "Triggers": [], "Execution Time": 7.497}, {"Plan": {"Node Type": "Aggregate", "Strategy": "Plain", "Partial Mode": "Simple", "Parallel Aware": false, "Async Capable": false, "Startup Cost": 3854.4, "Total Cost": 3854.41, "Plan Rows": 1, "Plan Width": 8, "Actual Rows": 1, "Actual Loops": 1, "Plans": [{"Node Type": "Nested Loop", "Parent Relationship": "Outer", "Parallel Aware": false, "Async Capable": false, "Join Type": "Inner", "Startup Cost": 1.29, "Total Cost": 3854.4, "Plan Rows": 1.0, "Plan Width": 0, "Actual Rows": 3930, "Actual Loops": 1, "Inner Unique": false, "Join Filter": "(c.postid = p.id)", "Rows Removed by Join Filter": 0, "Plans": [{"Node Type": "Nested Loop", "Parent Relationship": "Outer", "Parallel Aware": false, "Async Capable": false, "Join Type": "Inner", "Startup Cost": 0.87, "Total Cost": 3845.28, "Plan Rows": 1.0, "Plan Width": 8, "Actual Rows": 655, "Actual Loops": 1, "Inner Unique": false, "Plans": [{"Node Type": "Nested Loop", "Parent Relationship": "Outer", "Parallel Aware": false, "Async Capable": false, "Join Type": "Inner", "Startup Cost": 0.57, "Total Cost": 3844.89, "Plan Rows": 1.0, "Plan Width": 16, "Actual Rows": 5, "Actual Loops": 1, "Inner Unique": true, "Plans": [{"Node Type": "Nested Loop", "Parent Relationship": "Outer", "Parallel Aware": false, "Async Capable": false, "Join Type": "Inner", "Startup Cost": 0.29, "Total Cost": 3840.58, "Plan Rows": 1.0, "Plan Width": 12, "Actual Rows": 5, "Actual Loops": 1, "Inner Unique": false, "Plans": [{"Node Type": "Seq Scan", "Parent Relationship": "Outer", "Parallel Aware": false, "Async Capable": false, "Relation Name": "posts", "Alias": "p", "Startup Cost": 0.0, "Total Cost": 3829.22, "Plan Rows": 1, "Plan Width": 8, "Actual Rows": 1, "Actual Loops": 1, "Filter": "((score >= 133) AND (score <= 163) AND (answercount >= 55) AND (answercount <= 66) AND (commentcount >= 3) AND (commentcount <= 43) AND (favoritecount <= 179) AND (creationdate >= '2009-10-08 20:01:05'::timestamp without time zone) AND (creationdate <= '2014-02-14 22:05:09'::timestamp without time zone))", "Rows Removed by Filter": 91975}, {"Node Type": "Index Scan", "Parent Relationship": "Inner", "Parallel Aware": false, "Async Capable": false, "Scan Direction": "Forward", "Index Name": "idx_postlinks_relatedpostid", "Relation Name": "postlinks", "Alias": "pl", "Startup Cost": 0.29, "Total Cost": 11.35, "Plan Rows": 1, "Plan Width": 4, "Actual Rows": 5, "Actual Loops": 1, "Index Cond": "(relatedpostid = p.id)", "Rows Removed by Index Recheck": 0, "Filter": "((creationdate >= '2011-11-16 02:00:56'::timestamp without time zone) AND (creationdate <= '2012-07-06 07:02:55'::timestamp without time zone) AND (linktypeid = 1))", "Rows Removed by Filter": 8}]}, {"Node Type": "Index Only Scan", "Parent Relationship": "Inner", "Parallel Aware": false, "Async Capable": false, "Scan Direction": "Forward", "Index Name": "users_pkey", "Relation Name": "users", "Alias": "u", "Startup Cost": 0.29, "Total Cost": 4.31, "Plan Rows": 1, "Plan Width": 4, "Actual Rows": 1, "Actual Loops": 5, "Index Cond": "(id = p.owneruserid)", "Rows Removed by Index Recheck": 0, "Heap Fetches": 0}]}, {"Node Type": "Index Only Scan", "Parent Relationship": "Inner", "Parallel Aware": false, "Async Capable": false, "Scan Direction": "Forward", "Index Name": "idx_badges_userid", "Relation Name": "badges", "Alias": "b", "Startup Cost": 0.29, "Total Cost": 0.36, "Plan Rows": 3, "Plan Width": 4, "Actual Rows": 131, "Actual Loops": 5, "Index Cond": "(userid = u.id)", "Rows Removed by Index Recheck": 0, "Heap Fetches": 0}]}, {"Node Type": "Index Scan", "Parent Relationship": "Inner", "Parallel Aware": false, "Async Capable": false, "Scan Direction": "Forward", "Index Name": "idx_comments_postid", "Relation Name": "comments", "Alias": "c", "Startup Cost": 0.42, "Total Cost": 4.55, "Plan Rows": 1, "Plan Width": 4, "Actual Rows": 6, "Actual Loops": 655, "Index Cond": "(postid = pl.relatedpostid)", "Rows Removed by Index Recheck": 0, "Filter": "(creationdate <= '2012-04-16 16:01:57'::timestamp without time zone)", "Rows Removed by Filter": 1}]}]}, "Planning Time": 1.492, "Triggers": [], "Execution Time": 8.232}, {"Plan": {"Node Type": "Aggregate", "Strategy": "Plain", "Partial Mode": "Simple", "Parallel Aware": false, "Async Capable": false, "Startup Cost": 8277.11, "Total Cost": 8277.12, "Plan Rows": 1, "Plan Width": 8, "Actual Rows": 1, "Actual Loops": 1, "Plans": [{"Node Type": "Nested Loop", "Parent Relationship": "Outer", "Parallel Aware": false, "Async Capable": false, "Join Type": "Inner", "Startup Cost": 4062.88, "Total Cost": 8277.11, "Plan Rows": 1.0, "Plan Width": 0, "Actual Rows": 3930, "Actual Loops": 1, "Inner Unique": false, "Join Filter": "(c.postid = p.id)", "Rows Removed by Join Filter": 353176, "Plans": [{"Node Type": "Nested Loop", "Parent Relationship": "Outer", "Parallel Aware": false, "Async Capable": false, "Join Type": "Inner", "Startup Cost": 0.58, "Total Cost": 3833.92, "Plan Rows": 8.0, "Plan Width": 4, "Actual Rows": 131, "Actual Loops": 1, "Inner Unique": false, "Plans": [{"Node Type": "Nested Loop", "Parent Relationship": "Outer", "Parallel Aware": false, "Async Capable": false, "Join Type": "Inner", "Startup Cost": 0.29, "Total Cost": 3833.53, "Plan Rows": 1.0, "Plan Width": 12, "Actual Rows": 1, "Actual Loops": 1, "Inner Unique": true, "Plans": [{"Node Type": "Seq Scan", "Parent Relationship": "Outer", "Parallel Aware": false, "Async Capable": false, "Relation Name": "posts", "Alias": "p", "Startup Cost": 0.0, "Total Cost": 3829.22, "Plan Rows": 1, "Plan Width": 8, "Actual Rows": 1, "Actual Loops": 1, "Filter": "((score >= 133) AND (score <= 163) AND (answercount >= 55) AND (answercount <= 66) AND (commentcount >= 3) AND (commentcount <= 43) AND (favoritecount <= 179) AND (creationdate >= '2009-10-08 20:01:05'::timestamp without time zone) AND (creationdate <= '2014-02-14 22:05:09'::timestamp without time zone))", "Rows Removed by Filter": 91975}, {"Node Type": "Index Only Scan", "Parent Relationship": "Inner", "Parallel Aware": false, "Async Capable": false, "Scan Direction": "Forward", "Index Name": "users_pkey", "Relation Name": "users", "Alias": "u", "Startup Cost": 0.29, "Total Cost": 4.31, "Plan Rows": 1, "Plan Width": 4, "Actual Rows": 1, "Actual Loops": 1, "Index Cond": "(id = p.owneruserid)", "Rows Removed by Index Recheck": 0, "Heap Fetches": 0}]}, {"Node Type": "Index Only Scan", "Parent Relationship": "Inner", "Parallel Aware": false, "Async Capable": false, "Scan Direction": "Forward", "Index Name": "idx_badges_userid", "Relation Name": "badges", "Alias": "b", "Startup Cost": 0.29, "Total Cost": 0.36, "Plan Rows": 3, "Plan Width": 4, "Actual Rows": 131, "Actual Loops": 1, "Index Cond": "(userid = u.id)", "Rows Removed by Index Recheck": 0, "Heap Fetches": 0}]}, {"Node Type": "Materialize", "Parent Relationship": "Inner", "Parallel Aware": false, "Async Capable": false, "Startup Cost": 4062.3, "Total Cost": 4418.06, "Plan Rows": 38.0, "Plan Width": 8, "Actual Rows": 2726, "Actual Loops": 131, "Plans": [{"Node Type": "Hash Join", "Parent Relationship": "Outer", "Parallel Aware": false, "Async Capable": false, "Join Type": "Inner", "Startup Cost": 4062.3, "Total Cost": 4413.49, "Plan Rows": 38.0, "Plan Width": 8, "Actual Rows": 2726, "Actual Loops": 1, "Inner Unique": false, "Hash Cond": "(pl.relatedpostid = c.postid)", "Plans": [{"Node Type": "Seq Scan", "Parent Relationship": "Outer", "Parallel Aware": false, "Async Capable": false, "Relation Name": "postlinks", "Alias": "pl", "Startup Cost": 0.0, "Total Cost": 276.29, "Plan Rows": 1096, "Plan Width": 4, "Actual Rows": 1190, "Actual Loops": 1, "Filter": "((creationdate >= '2011-11-16 02:00:56'::timestamp without time zone) AND (creationdate <= '2012-07-06 07:02:55'::timestamp without time zone) AND (linktypeid = 1))", "Rows Removed by Filter": 9912}, {"Node Type": "Hash", "Parent Relationship": "Inner", "Parallel Aware": false, "Async Capable": false, "Startup Cost": 3522.81, "Total Cost": 3522.81, "Plan Rows": 43159, "Plan Width": 4, "Actual Rows": 43113, "Actual Loops": 1, "Hash Buckets": 65536, "Original Hash Buckets": 65536, "Hash Batches": 1, "Original Hash Batches": 1, "Peak Memory Usage": 2028, "Plans": [{"Node Type": "Seq Scan", "Parent Relationship": "Outer", "Parallel Aware": false, "Async Capable": false, "Relation Name": "comments", "Alias": "c", "Startup Cost": 0.0, "Total Cost": 3522.81, "Plan Rows": 43159, "Plan Width": 4, "Actual Rows": 43113, "Actual Loops": 1, "Filter": "(creationdate <= '2012-04-16 16:01:57'::timestamp without time zone)", "Rows Removed by Filter": 131192}]}]}]}]}]}, "Planning Time": 2.305, "Triggers": [], "Execution Time": 62.807}, {"Plan": {"Node Type": "Aggregate", "Strategy": "Plain", "Partial Mode": "Simple", "Parallel Aware": false, "Async Capable": false, "Startup Cost": 4152.1, "Total Cost": 4152.11, "Plan Rows": 1, "Plan Width": 8, "Actual Rows": 1, "Actual Loops": 1, "Plans": [{"Node Type": "Nested Loop", "Parent Relationship": "Outer", "Parallel Aware": false, "Async Capable": false, "Join Type": "Inner", "Startup Cost": 1.0, "Total Cost": 4152.1, "Plan Rows": 1.0, "Plan Width": 0, "Actual Rows": 3930, "Actual Loops": 1, "Inner Unique": false, "Join Filter": "(pl.relatedpostid = p.id)", "Rows Removed by Join Filter": 931410, "Plans": [{"Node Type": "Seq Scan", "Parent Relationship": "Outer", "Parallel Aware": false, "Async Capable": false, "Relation Name": "postlinks", "Alias": "pl", "Startup Cost": 0.0, "Total Cost": 276.29, "Plan Rows": 1096, "Plan Width": 4, "Actual Rows": 1190, "Actual Loops": 1, "Filter": "((creationdate >= '2011-11-16 02:00:56'::timestamp without time zone) AND (creationdate <= '2012-07-06 07:02:55'::timestamp without time zone) AND (linktypeid = 1))", "Rows Removed by Filter": 9912}, {"Node Type": "Materialize", "Parent Relationship": "Inner", "Parallel Aware": false, "Async Capable": false, "Startup Cost": 1.0, "Total Cost": 3842.94, "Plan Rows": 8.0, "Plan Width": 8, "Actual Rows": 786, "Actual Loops": 1190, "Plans": [{"Node Type": "Nested Loop", "Parent Relationship": "Outer", "Parallel Aware": false, "Async Capable": false, "Join Type": "Inner", "Startup Cost": 1.0, "Total Cost": 3842.93, "Plan Rows": 8.0, "Plan Width": 8, "Actual Rows": 786, "Actual Loops": 1, "Inner Unique": false, "Plans": [{"Node Type": "Nested Loop", "Parent Relationship": "Outer", "Parallel Aware": false, "Async Capable": false, "Join Type": "Inner", "Startup Cost": 0.71, "Total Cost": 3842.54, "Plan Rows": 1.0, "Plan Width": 16, "Actual Rows": 6, "Actual Loops": 1, "Inner Unique": true, "Plans": [{"Node Type": "Nested Loop", "Parent Relationship": "Outer", "Parallel Aware": false, "Async Capable": false, "Join Type": "Inner", "Startup Cost": 0.42, "Total Cost": 3838.23, "Plan Rows": 1.0, "Plan Width": 12, "Actual Rows": 6, "Actual Loops": 1, "Inner Unique": false, "Plans": [{"Node Type": "Seq Scan", "Parent Relationship": "Outer", "Parallel Aware": false, "Async Capable": false, "Relation Name": "posts", "Alias": "p", "Startup Cost": 0.0, "Total Cost": 3829.22, "Plan Rows": 1, "Plan Width": 8, "Actual Rows": 1, "Actual Loops": 1, "Filter": "((score >= 133) AND (score <= 163) AND (answercount >= 55) AND (answercount <= 66) AND (commentcount >= 3) AND (commentcount <= 43) AND (favoritecount <= 179) AND (creationdate >= '2009-10-08 20:01:05'::timestamp without time zone) AND (creationdate <= '2014-02-14 22:05:09'::timestamp without time zone))", "Rows Removed by Filter": 91975}, {"Node Type": "Index Scan", "Parent Relationship": "Inner", "Parallel Aware": false, "Async Capable": false, "Scan Direction": "Forward", "Index Name": "idx_comments_postid", "Relation Name": "comments", "Alias": "c", "Startup Cost": 0.42, "Total Cost": 9.0, "Plan Rows": 1, "Plan Width": 4, "Actual Rows": 6, "Actual Loops": 1, "Index Cond": "(postid = p.id)", "Rows Removed by Index Recheck": 0, "Filter": "(creationdate <= '2012-04-16 16:01:57'::timestamp without time zone)", "Rows Removed by Filter": 1}]}, {"Node Type": "Index Only Scan", "Parent Relationship": "Inner", "Parallel Aware": false, "Async Capable": false, "Scan Direction": "Forward", "Index Name": "users_pkey", "Relation Name": "users", "Alias": "u", "Startup Cost": 0.29, "Total Cost": 4.31, "Plan Rows": 1, "Plan Width": 4, "Actual Rows": 1, "Actual Loops": 6, "Index Cond": "(id = p.owneruserid)", "Rows Removed by Index Recheck": 0, "Heap Fetches": 0}]}, {"Node Type": "Index Only Scan", "Parent Relationship": "Inner", "Parallel Aware": false, "Async Capable": false, "Scan Direction": "Forward", "Index Name": "idx_badges_userid", "Relation Name": "badges", "Alias": "b", "Startup Cost": 0.29, "Total Cost": 0.36, "Plan Rows": 3, "Plan Width": 4, "Actual Rows": 131, "Actual Loops": 6, "Index Cond": "(userid = u.id)", "Rows Removed by Index Recheck": 0, "Heap Fetches": 0}]}]}]}]}, "Planning Time": 1.82, "Triggers": [], "Execution Time": 45.655}, {"Plan": {"Node Type": "Aggregate", "Strategy": "Plain", "Partial Mode": "Simple", "Parallel Aware": false, "Async Capable": false, "Startup Cost": 5372.89, "Total Cost": 5372.9, "Plan Rows": 1, "Plan Width": 8, "Actual Rows": 1, "Actual Loops": 1, "Plans": [{"Node Type": "Hash Join", "Parent Relationship": "Outer", "Parallel Aware": false, "Async Capable": false, "Join Type": "Inner", "Startup Cost": 3842.91, "Total Cost": 5372.88, "Plan Rows": 1.0, "Plan Width": 0, "Actual Rows": 3930, "Actual Loops": 1, "Inner Unique": false, "Hash Cond": "(b.userid = u.id)", "Plans": [{"Node Type": "Seq Scan", "Parent Relationship": "Outer", "Parallel Aware": false, "Async Capable": false, "Relation Name": "badges", "Alias": "b", "Startup Cost": 0.0, "Total Cost": 1230.51, "Plan Rows": 79851, "Plan Width": 4, "Actual Rows": 79851, "Actual Loops": 1}, {"Node Type": "Hash", "Parent Relationship": "Inner", "Parallel Aware": false, "Async Capable": false, "Startup Cost": 3842.9, "Total Cost": 3842.9, "Plan Rows": 1.0, "Plan Width": 8, "Actual Rows": 30, "Actual Loops": 1, "Hash Buckets": 1024, "Original Hash Buckets": 1024, "Hash Batches": 1, "Original Hash Batches": 1, "Peak Memory Usage": 10, "Plans": [{"Node Type": "Nested Loop", "Parent Relationship": "Outer", "Parallel Aware": false, "Async Capable": false, "Join Type": "Inner", "Startup Cost": 1.0, "Total Cost": 3842.9, "Plan Rows": 1.0, "Plan Width": 8, "Actual Rows": 30, "Actual Loops": 1, "Inner Unique": true, "Plans": [{"Node Type": "Nested Loop", "Parent Relationship": "Outer", "Parallel Aware": false, "Async Capable": false, "Join Type": "Inner", "Startup Cost": 0.71, "Total Cost": 3838.59, "Plan Rows": 1.0, "Plan Width": 4, "Actual Rows": 30, "Actual Loops": 1, "Inner Unique": false, "Join Filter": "(pl.relatedpostid = p.id)", "Rows Removed by Join Filter": 0, "Plans": [{"Node Type": "Nested Loop", "Parent Relationship": "Outer", "Parallel Aware": false, "Async Capable": false, "Join Type": "Inner", "Startup Cost": 0.42, "Total Cost": 3838.23, "Plan Rows": 1.0, "Plan Width": 12, "Actual Rows": 6, "Actual Loops": 1, "Inner Unique": false, "Plans": [{"Node Type": "Seq Scan", "Parent Relationship": "Outer", "Parallel Aware": false, "Async Capable": false, "Relation Name": "posts", "Alias": "p", "Startup Cost": 0.0, "Total Cost": 3829.22, "Plan Rows": 1, "Plan Width": 8, "Actual Rows": 1, "Actual Loops": 1, "Filter": "((score >= 133) AND (score <= 163) AND (answercount >= 55) AND (answercount <= 66) AND (commentcount >= 3) AND (commentcount <= 43) AND (favoritecount <= 179) AND (creationdate >= '2009-10-08 20:01:05'::timestamp without time zone) AND (creationdate <= '2014-02-14 22:05:09'::timestamp without time zone))", "Rows Removed by Filter": 91975}, {"Node Type": "Index Scan", "Parent Relationship": "Inner", "Parallel Aware": false, "Async Capable": false, "Scan Direction": "Forward", "Index Name": "idx_comments_postid", "Relation Name": "comments", "Alias": "c", "Startup Cost": 0.42, "Total Cost": 9.0, "Plan Rows": 1, "Plan Width": 4, "Actual Rows": 6, "Actual Loops": 1, "Index Cond": "(postid = p.id)", "Rows Removed by Index Recheck": 0, "Filter": "(creationdate <= '2012-04-16 16:01:57'::timestamp without time zone)", "Rows Removed by Filter": 1}]}, {"Node Type": "Index Scan", "Parent Relationship": "Inner", "Parallel Aware": false, "Async Capable": false, "Scan Direction": "Forward", "Index Name": "idx_postlinks_relatedpostid", "Relation Name": "postlinks", "Alias": "pl", "Startup Cost": 0.29, "Total Cost": 0.34, "Plan Rows": 1, "Plan Width": 4, "Actual Rows": 5, "Actual Loops": 6, "Index Cond": "(relatedpostid = c.postid)", "Rows Removed by Index Recheck": 0, "Filter": "((creationdate >= '2011-11-16 02:00:56'::timestamp without time zone) AND (creationdate <= '2012-07-06 07:02:55'::timestamp without time zone) AND (linktypeid = 1))", "Rows Removed by Filter": 8}]}, {"Node Type": "Index Only Scan", "Parent Relationship": "Inner", "Parallel Aware": false, "Async Capable": false, "Scan Direction": "Forward", "Index Name": "users_pkey", "Relation Name": "users", "Alias": "u", "Startup Cost": 0.29, "Total Cost": 4.31, "Plan Rows": 1, "Plan Width": 4, "Actual Rows": 1, "Actual Loops": 30, "Index Cond": "(id = p.owneruserid)", "Rows Removed by Index Recheck": 0, "Heap Fetches": 0}]}]}]}]}, "Planning Time": 1.682, "Triggers": [], "Execution Time": 16.381}]