[{"Plan": {"Node Type": "Aggregate", "Strategy": "Plain", "Partial Mode": "Simple", "Parallel Aware": false, "Async Capable": false, "Startup Cost": 1132.47, "Total Cost": 1132.48, "Plan Rows": 1, "Plan Width": 8, "Actual Rows": 1, "Actual Loops": 1, "Plans": [{"Node Type": "Nested Loop", "Parent Relationship": "Outer", "Parallel Aware": false, "Async Capable": false, "Join Type": "Inner", "Startup Cost": 1.72, "Total Cost": 1132.47, "Plan Rows": 1.0, "Plan Width": 0, "Actual Rows": 640, "Actual Loops": 1, "Inner Unique": true, "Plans": [{"Node Type": "Nested Loop", "Parent Relationship": "Outer", "Parallel Aware": false, "Async Capable": false, "Join Type": "Inner", "Startup Cost": 1.42, "Total Cost": 1131.74, "Plan Rows": 2.0, "Plan Width": 12, "Actual Rows": 640, "Actual Loops": 1, "Inner Unique": false, "Plans": [{"Node Type": "Nested Loop", "Parent Relationship": "Outer", "Parallel Aware": false, "Async Capable": false, "Join Type": "Inner", "Startup Cost": 1.0, "Total Cost": 1130.24, "Plan Rows": 15.0, "Plan Width": 8, "Actual Rows": 640, "Actual Loops": 1, "Inner Unique": false, "Plans": [{"Node Type": "Nested Loop", "Parent Relationship": "Outer", "Parallel Aware": false, "Async Capable": false, "Join Type": "Inner", "Startup Cost": 0.72, "Total Cost": 1125.93, "Plan Rows": 11.0, "Plan Width": 4, "Actual Rows": 320, "Actual Loops": 1, "Inner Unique": false, "Join Filter": "(c.userid = u.id)", "Rows Removed by Join Filter": 0, "Plans": [{"Node Type": "Nested Loop", "Parent Relationship": "Outer", "Parallel Aware": false, "Async Capable": false, "Join Type": "Inner", "Startup Cost": 0.42, "Total Cost": 1113.56, "Plan Rows": 394.0, "Plan Width": 8, "Actual Rows": 1230, "Actual Loops": 1, "Inner Unique": false, "Plans": [{"Node Type": "Seq Scan", "Parent Relationship": "Outer", "Parallel Aware": false, "Async Capable": false, "Relation Name": "users", "Alias": "u", "Startup Cost": 0.0, "Total Cost": 1002.69, "Plan Rows": 22, "Plan Width": 4, "Actual Rows": 10, "Actual Loops": 1, "Filter": "((downvotes <= 140) AND (upvotes >= 1883) AND (creationdate >= '2010-07-21 17:37:51'::timestamp without time zone))", "Rows Removed by Filter": 40315}, {"Node Type": "Index Only Scan", "Parent Relationship": "Inner", "Parallel Aware": false, "Async Capable": false, "Scan Direction": "Forward", "Index Name": "idx_votes_userid", "Relation Name": "votes", "Alias": "v", "Startup Cost": 0.42, "Total Cost": 4.95, "Plan Rows": 9, "Plan Width": 4, "Actual Rows": 123, "Actual Loops": 10, "Index Cond": "(userid = u.id)", "Rows Removed by Index Recheck": 0, "Heap Fetches": 0}]}, {"Node Type": "Index Scan", "Parent Relationship": "Inner", "Parallel Aware": false, "Async Capable": false, "Scan Direction": "Forward", "Index Name": "idx_comments_userid", "Relation Name": "comments", "Alias": "c", "Startup Cost": 0.29, "Total Cost": 0.64, "Plan Rows": 1, "Plan Width": 8, "Actual Rows": 0, "Actual Loops": 1230, "Index Cond": "(userid = v.userid)", "Rows Removed by Index Recheck": 0, "Filter": "((creationdate >= '2012-03-05 08:40:00'::timestamp without time zone) AND (creationdate <= '2012-11-16 15:46:45'::timestamp without time zone) AND (score = 11))", "Rows Removed by Filter": 1438}]}, {"Node Type": "Index Only Scan", "Parent Relationship": "Inner", "Parallel Aware": false, "Async Capable": false, "Scan Direction": "Forward", "Index Name": "idx_postlinks_postid", "Relation Name": "postlinks", "Alias": "pl", "Startup Cost": 0.29, "Total Cost": 4.3, "Plan Rows": 1, "Plan Width": 4, "Actual Rows": 2, "Actual Loops": 320, "Index Cond": "(postid = c.postid)", "Rows Removed by Index Recheck": 0, "Heap Fetches": 0}]}, {"Node Type": "Index Scan", "Parent Relationship": "Inner", "Parallel Aware": false, "Async Capable": false, "Scan Direction": "Forward", "Index Name": "idx_posthistory_postid", "Relation Name": "posthistory", "Alias": "ph", "Startup Cost": 0.42, "Total Cost": 1.49, "Plan Rows": 1, "Plan Width": 4, "Actual Rows": 1, "Actual Loops": 640, "Index Cond": "(postid = pl.postid)", "Rows Removed by Index Recheck": 0, "Filter": "(posthistorytypeid = 19)", "Rows Removed by Filter": 7}]}, {"Node Type": "Index Scan", "Parent Relationship": "Inner", "Parallel Aware": false, "Async Capable": false, "Scan Direction": "Forward", "Index Name": "posts_pkey", "Relation Name": "posts", "Alias": "p", "Startup Cost": 0.29, "Total Cost": 0.71, "Plan Rows": 1, "Plan Width": 4, "Actual Rows": 1, "Actual Loops": 640, "Index Cond": "(id = pl.postid)", "Rows Removed by Index Recheck": 0, "Filter": "((favoritecount >= 22) AND (favoritecount <= 198) AND (posttypeid = 1))", "Rows Removed by Filter": 0}]}]}, "Planning Time": 3.904, "Triggers": [], "Execution Time": 273.995}, {"Plan": {"Node Type": "Aggregate", "Strategy": "Plain", "Partial Mode": "Simple", "Parallel Aware": false, "Async Capable": false, "Startup Cost": 3621.64, "Total Cost": 3621.65, "Plan Rows": 1, "Plan Width": 8, "Actual Rows": 1, "Actual Loops": 1, "Plans": [{"Node Type": "Nested Loop", "Parent Relationship": "Outer", "Parallel Aware": false, "Async Capable": false, "Join Type": "Inner", "Startup Cost": 1.55, "Total Cost": 3621.64, "Plan Rows": 1.0, "Plan Width": 0, "Actual Rows": 640, "Actual Loops": 1, "Inner Unique": false, "Join Filter": "(c.userid = u.id)", "Rows Removed by Join Filter": 5760, "Plans": [{"Node Type": "Seq Scan", "Parent Relationship": "Outer", "Parallel Aware": false, "Async Capable": false, "Relation Name": "users", "Alias": "u", "Startup Cost": 0.0, "Total Cost": 1002.69, "Plan Rows": 22, "Plan Width": 4, "Actual Rows": 10, "Actual Loops": 1, "Filter": "((downvotes <= 140) AND (upvotes >= 1883) AND (creationdate >= '2010-07-21 17:37:51'::timestamp without time zone))", "Rows Removed by Filter": 40315}, {"Node Type": "Materialize", "Parent Relationship": "Inner", "Parallel Aware": false, "Async Capable": false, "Startup Cost": 1.55, "Total Cost": 2599.3, "Plan Rows": 3.0, "Plan Width": 8, "Actual Rows": 640, "Actual Loops": 10, "Plans": [{"Node Type": "Nested Loop", "Parent Relationship": "Outer", "Parallel Aware": false, "Async Capable": false, "Join Type": "Inner", "Startup Cost": 1.55, "Total Cost": 2599.0, "Plan Rows": 3.0, "Plan Width": 8, "Actual Rows": 640, "Actual Loops": 1, "Inner Unique": false, "Plans": [{"Node Type": "Nested Loop", "Parent Relationship": "Outer", "Parallel Aware": false, "Async Capable": false, "Join Type": "Inner", "Startup Cost": 1.13, "Total Cost": 2593.53, "Plan Rows": 1.0, "Plan Width": 4, "Actual Rows": 2, "Actual Loops": 1, "Inner Unique": false, "Join Filter": "(p.id = ph.postid)", "Rows Removed by Join Filter": 0, "Plans": [{"Node Type": "Nested Loop", "Parent Relationship": "Outer", "Parallel Aware": false, "Async Capable": false, "Join Type": "Inner", "Startup Cost": 0.71, "Total Cost": 2592.03, "Plan Rows": 1.0, "Plan Width": 16, "Actual Rows": 2, "Actual Loops": 1, "Inner Unique": false, "Join Filter": "(c.postid = p.id)", "Rows Removed by Join Filter": 0, "Plans": [{"Node Type": "Nested Loop", "Parent Relationship": "Outer", "Parallel Aware": false, "Async Capable": false, "Join Type": "Inner", "Startup Cost": 0.29, "Total Cost": 2584.33, "Plan Rows": 28.0, "Plan Width": 8, "Actual Rows": 132, "Actual Loops": 1, "Inner Unique": false, "Plans": [{"Node Type": "Seq Scan", "Parent Relationship": "Outer", "Parallel Aware": false, "Async Capable": false, "Relation Name": "posts", "Alias": "p", "Startup Cost": 0.0, "Total Cost": 2449.58, "Plan Rows": 60, "Plan Width": 4, "Actual Rows": 129, "Actual Loops": 1, "Filter": "((favoritecount >= 22) AND (favoritecount <= 198) AND (posttypeid = 1))", "Rows Removed by Filter": 91847}, {"Node Type": "Index Only Scan", "Parent Relationship": "Inner", "Parallel Aware": false, "Async Capable": false, "Scan Direction": "Forward", "Index Name": "idx_postlinks_postid", "Relation Name": "postlinks", "Alias": "pl", "Startup Cost": 0.29, "Total Cost": 2.24, "Plan Rows": 1, "Plan Width": 4, "Actual Rows": 1, "Actual Loops": 129, "Index Cond": "(postid = p.id)", "Rows Removed by Index Recheck": 0, "Heap Fetches": 0}]}, {"Node Type": "Index Scan", "Parent Relationship": "Inner", "Parallel Aware": false, "Async Capable": false, "Scan Direction": "Forward", "Index Name": "idx_comments_postid", "Relation Name": "comments", "Alias": "c", "Startup Cost": 0.42, "Total Cost": 1.09, "Plan Rows": 1, "Plan Width": 8, "Actual Rows": 0, "Actual Loops": 132, "Index Cond": "(postid = pl.postid)", "Rows Removed by Index Recheck": 0, "Filter": "((creationdate >= '2012-03-05 08:40:00'::timestamp without time zone) AND (creationdate <= '2012-11-16 15:46:45'::timestamp without time zone) AND (score = 11))", "Rows Removed by Filter": 5}]}, {"Node Type": "Index Scan", "Parent Relationship": "Inner", "Parallel Aware": false, "Async Capable": false, "Scan Direction": "Forward", "Index Name": "idx_posthistory_postid", "Relation Name": "posthistory", "Alias": "ph", "Startup Cost": 0.42, "Total Cost": 1.49, "Plan Rows": 1, "Plan Width": 4, "Actual Rows": 1, "Actual Loops": 2, "Index Cond": "(postid = pl.postid)", "Rows Removed by Index Recheck": 0, "Filter": "(posthistorytypeid = 19)", "Rows Removed by Filter": 7}]}, {"Node Type": "Index Only Scan", "Parent Relationship": "Inner", "Parallel Aware": false, "Async Capable": false, "Scan Direction": "Forward", "Index Name": "idx_votes_userid", "Relation Name": "votes", "Alias": "v", "Startup Cost": 0.42, "Total Cost": 5.38, "Plan Rows": 9, "Plan Width": 4, "Actual Rows": 320, "Actual Loops": 2, "Index Cond": "(userid = c.userid)", "Rows Removed by Index Recheck": 0, "Heap Fetches": 0}]}]}]}]}, "Planning Time": 3.51, "Triggers": [], "Execution Time": 20.703}, {"Plan": {"Node Type": "Aggregate", "Strategy": "Plain", "Partial Mode": "Simple", "Parallel Aware": false, "Async Capable": false, "Startup Cost": 3720.81, "Total Cost": 3720.82, "Plan Rows": 1, "Plan Width": 8, "Actual Rows": 1, "Actual Loops": 1, "Plans": [{"Node Type": "Nested Loop", "Parent Relationship": "Outer", "Parallel Aware": false, "Async Capable": false, "Join Type": "Inner", "Startup Cost": 1.43, "Total Cost": 3720.81, "Plan Rows": 1.0, "Plan Width": 0, "Actual Rows": 640, "Actual Loops": 1, "Inner Unique": false, "Join Filter": "(c.postid = p.id)", "Rows Removed by Join Filter": 1280, "Plans": [{"Node Type": "Nested Loop", "Parent Relationship": "Outer", "Parallel Aware": false, "Async Capable": false, "Join Type": "Inner", "Startup Cost": 0.72, "Total Cost": 1125.93, "Plan Rows": 11.0, "Plan Width": 4, "Actual Rows": 320, "Actual Loops": 1, "Inner Unique": false, "Join Filter": "(c.userid = u.id)", "Rows Removed by Join Filter": 0, "Plans": [{"Node Type": "Nested Loop", "Parent Relationship": "Outer", "Parallel Aware": false, "Async Capable": false, "Join Type": "Inner", "Startup Cost": 0.42, "Total Cost": 1113.56, "Plan Rows": 394.0, "Plan Width": 8, "Actual Rows": 1230, "Actual Loops": 1, "Inner Unique": false, "Plans": [{"Node Type": "Seq Scan", "Parent Relationship": "Outer", "Parallel Aware": false, "Async Capable": false, "Relation Name": "users", "Alias": "u", "Startup Cost": 0.0, "Total Cost": 1002.69, "Plan Rows": 22, "Plan Width": 4, "Actual Rows": 10, "Actual Loops": 1, "Filter": "((downvotes <= 140) AND (upvotes >= 1883) AND (creationdate >= '2010-07-21 17:37:51'::timestamp without time zone))", "Rows Removed by Filter": 40315}, {"Node Type": "Index Only Scan", "Parent Relationship": "Inner", "Parallel Aware": false, "Async Capable": false, "Scan Direction": "Forward", "Index Name": "idx_votes_userid", "Relation Name": "votes", "Alias": "v", "Startup Cost": 0.42, "Total Cost": 4.95, "Plan Rows": 9, "Plan Width": 4, "Actual Rows": 123, "Actual Loops": 10, "Index Cond": "(userid = u.id)", "Rows Removed by Index Recheck": 0, "Heap Fetches": 0}]}, {"Node Type": "Index Scan", "Parent Relationship": "Inner", "Parallel Aware": false, "Async Capable": false, "Scan Direction": "Forward", "Index Name": "idx_comments_userid", "Relation Name": "comments", "Alias": "c", "Startup Cost": 0.29, "Total Cost": 0.64, "Plan Rows": 1, "Plan Width": 8, "Actual Rows": 0, "Actual Loops": 1230, "Index Cond": "(userid = v.userid)", "Rows Removed by Index Recheck": 0, "Filter": "((creationdate >= '2012-03-05 08:40:00'::timestamp without time zone) AND (creationdate <= '2012-11-16 15:46:45'::timestamp without time zone) AND (score = 11))", "Rows Removed by Filter": 1438}]}, {"Node Type": "Nested Loop", "Parent Relationship": "Inner", "Parallel Aware": false, "Async Capable": false, "Join Type": "Inner", "Startup Cost": 0.71, "Total Cost": 2594.87, "Plan Rows": 5.0, "Plan Width": 12, "Actual Rows": 6, "Actual Loops": 320, "Inner Unique": false, "Join Filter": "(p.id = ph.postid)", "Rows Removed by Join Filter": 0, "Plans": [{"Node Type": "Nested Loop", "Parent Relationship": "Outer", "Parallel Aware": false, "Async Capable": false, "Join Type": "Inner", "Startup Cost": 0.29, "Total Cost": 2584.33, "Plan Rows": 28.0, "Plan Width": 8, "Actual Rows": 132, "Actual Loops": 320, "Inner Unique": false, "Plans": [{"Node Type": "Seq Scan", "Parent Relationship": "Outer", "Parallel Aware": false, "Async Capable": false, "Relation Name": "posts", "Alias": "p", "Startup Cost": 0.0, "Total Cost": 2449.58, "Plan Rows": 60, "Plan Width": 4, "Actual Rows": 129, "Actual Loops": 320, "Filter": "((favoritecount >= 22) AND (favoritecount <= 198) AND (posttypeid = 1))", "Rows Removed by Filter": 91847}, {"Node Type": "Index Only Scan", "Parent Relationship": "Inner", "Parallel Aware": false, "Async Capable": false, "Scan Direction": "Forward", "Index Name": "idx_postlinks_postid", "Relation Name": "postlinks", "Alias": "pl", "Startup Cost": 0.29, "Total Cost": 2.24, "Plan Rows": 1, "Plan Width": 4, "Actual Rows": 1, "Actual Loops": 41280, "Index Cond": "(postid = p.id)", "Rows Removed by Index Recheck": 0, "Heap Fetches": 0}]}, {"Node Type": "Index Scan", "Parent Relationship": "Inner", "Parallel Aware": false, "Async Capable": false, "Scan Direction": "Forward", "Index Name": "idx_posthistory_postid", "Relation Name": "posthistory", "Alias": "ph", "Startup Cost": 0.42, "Total Cost": 1.49, "Plan Rows": 1, "Plan Width": 4, "Actual Rows": 0, "Actual Loops": 42240, "Index Cond": "(postid = pl.postid)", "Rows Removed by Index Recheck": 0, "Filter": "(posthistorytypeid = 19)", "Rows Removed by Filter": 7}]}]}]}, "Planning Time": 4.563, "Triggers": [], "Execution Time": 2670.261}, {"Plan": {"Node Type": "Aggregate", "Strategy": "Plain", "Partial Mode": "Simple", "Parallel Aware": false, "Async Capable": false, "Startup Cost": 3707.38, "Total Cost": 3707.39, "Plan Rows": 1, "Plan Width": 8, "Actual Rows": 1, "Actual Loops": 1, "Plans": [{"Node Type": "Nested Loop", "Parent Relationship": "Outer", "Parallel Aware": false, "Async Capable": false, "Join Type": "Inner", "Startup Cost": 1.55, "Total Cost": 3707.37, "Plan Rows": 1.0, "Plan Width": 0, "Actual Rows": 640, "Actual Loops": 1, "Inner Unique": false, "Join Filter": "(c.userid = u.id)", "Rows Removed by Join Filter": 1820, "Plans": [{"Node Type": "Nested Loop", "Parent Relationship": "Outer", "Parallel Aware": false, "Async Capable": false, "Join Type": "Inner", "Startup Cost": 0.42, "Total Cost": 1113.56, "Plan Rows": 394.0, "Plan Width": 8, "Actual Rows": 1230, "Actual Loops": 1, "Inner Unique": false, "Plans": [{"Node Type": "Seq Scan", "Parent Relationship": "Outer", "Parallel Aware": false, "Async Capable": false, "Relation Name": "users", "Alias": "u", "Startup Cost": 0.0, "Total Cost": 1002.69, "Plan Rows": 22, "Plan Width": 4, "Actual Rows": 10, "Actual Loops": 1, "Filter": "((downvotes <= 140) AND (upvotes >= 1883) AND (creationdate >= '2010-07-21 17:37:51'::timestamp without time zone))", "Rows Removed by Filter": 40315}, {"Node Type": "Index Only Scan", "Parent Relationship": "Inner", "Parallel Aware": false, "Async Capable": false, "Scan Direction": "Forward", "Index Name": "idx_votes_userid", "Relation Name": "votes", "Alias": "v", "Startup Cost": 0.42, "Total Cost": 4.95, "Plan Rows": 9, "Plan Width": 4, "Actual Rows": 123, "Actual Loops": 10, "Index Cond": "(userid = u.id)", "Rows Removed by Index Recheck": 0, "Heap Fetches": 0}]}, {"Node Type": "Materialize", "Parent Relationship": "Inner", "Parallel Aware": false, "Async Capable": false, "Startup Cost": 1.13, "Total Cost": 2593.54, "Plan Rows": 1.0, "Plan Width": 4, "Actual Rows": 2, "Actual Loops": 1230, "Plans": [{"Node Type": "Nested Loop", "Parent Relationship": "Outer", "Parallel Aware": false, "Async Capable": false, "Join Type": "Inner", "Startup Cost": 1.13, "Total Cost": 2593.53, "Plan Rows": 1.0, "Plan Width": 4, "Actual Rows": 2, "Actual Loops": 1, "Inner Unique": false, "Join Filter": "(p.id = ph.postid)", "Rows Removed by Join Filter": 0, "Plans": [{"Node Type": "Nested Loop", "Parent Relationship": "Outer", "Parallel Aware": false, "Async Capable": false, "Join Type": "Inner", "Startup Cost": 0.71, "Total Cost": 2592.03, "Plan Rows": 1.0, "Plan Width": 16, "Actual Rows": 2, "Actual Loops": 1, "Inner Unique": false, "Join Filter": "(c.postid = p.id)", "Rows Removed by Join Filter": 0, "Plans": [{"Node Type": "Nested Loop", "Parent Relationship": "Outer", "Parallel Aware": false, "Async Capable": false, "Join Type": "Inner", "Startup Cost": 0.29, "Total Cost": 2584.33, "Plan Rows": 28.0, "Plan Width": 8, "Actual Rows": 132, "Actual Loops": 1, "Inner Unique": false, "Plans": [{"Node Type": "Seq Scan", "Parent Relationship": "Outer", "Parallel Aware": false, "Async Capable": false, "Relation Name": "posts", "Alias": "p", "Startup Cost": 0.0, "Total Cost": 2449.58, "Plan Rows": 60, "Plan Width": 4, "Actual Rows": 129, "Actual Loops": 1, "Filter": "((favoritecount >= 22) AND (favoritecount <= 198) AND (posttypeid = 1))", "Rows Removed by Filter": 91847}, {"Node Type": "Index Only Scan", "Parent Relationship": "Inner", "Parallel Aware": false, "Async Capable": false, "Scan Direction": "Forward", "Index Name": "idx_postlinks_postid", "Relation Name": "postlinks", "Alias": "pl", "Startup Cost": 0.29, "Total Cost": 2.24, "Plan Rows": 1, "Plan Width": 4, "Actual Rows": 1, "Actual Loops": 129, "Index Cond": "(postid = p.id)", "Rows Removed by Index Recheck": 0, "Heap Fetches": 0}]}, {"Node Type": "Index Scan", "Parent Relationship": "Inner", "Parallel Aware": false, "Async Capable": false, "Scan Direction": "Forward", "Index Name": "idx_comments_postid", "Relation Name": "comments", "Alias": "c", "Startup Cost": 0.42, "Total Cost": 1.09, "Plan Rows": 1, "Plan Width": 8, "Actual Rows": 0, "Actual Loops": 132, "Index Cond": "(postid = pl.postid)", "Rows Removed by Index Recheck": 0, "Filter": "((creationdate >= '2012-03-05 08:40:00'::timestamp without time zone) AND (creationdate <= '2012-11-16 15:46:45'::timestamp without time zone) AND (score = 11))", "Rows Removed by Filter": 5}]}, {"Node Type": "Index Scan", "Parent Relationship": "Inner", "Parallel Aware": false, "Async Capable": false, "Scan Direction": "Forward", "Index Name": "idx_posthistory_postid", "Relation Name": "posthistory", "Alias": "ph", "Startup Cost": 0.42, "Total Cost": 1.49, "Plan Rows": 1, "Plan Width": 4, "Actual Rows": 1, "Actual Loops": 2, "Index Cond": "(postid = pl.postid)", "Rows Removed by Index Recheck": 0, "Filter": "(posthistorytypeid = 19)", "Rows Removed by Filter": 7}]}]}]}]}, "Planning Time": 4.085, "Triggers": [], "Execution Time": 13.206}, {"Plan": {"Node Type": "Aggregate", "Strategy": "Plain", "Partial Mode": "Simple", "Parallel Aware": false, "Async Capable": false, "Startup Cost": 3582.23, "Total Cost": 3582.24, "Plan Rows": 1, "Plan Width": 8, "Actual Rows": 1, "Actual Loops": 1, "Plans": [{"Node Type": "Nested Loop", "Parent Relationship": "Outer", "Parallel Aware": false, "Async Capable": false, "Join Type": "Inner", "Startup Cost": 1.42, "Total Cost": 3582.23, "Plan Rows": 1.0, "Plan Width": 0, "Actual Rows": 640, "Actual Loops": 1, "Inner Unique": false, "Join Filter": "(p.id = pl.postid)", "Rows Removed by Join Filter": 81920, "Plans": [{"Node Type": "Seq Scan", "Parent Relationship": "Outer", "Parallel Aware": false, "Async Capable": false, "Relation Name": "posts", "Alias": "p", "Startup Cost": 0.0, "Total Cost": 2449.58, "Plan Rows": 60, "Plan Width": 4, "Actual Rows": 129, "Actual Loops": 1, "Filter": "((favoritecount >= 22) AND (favoritecount <= 198) AND (posttypeid = 1))", "Rows Removed by Filter": 91847}, {"Node Type": "Materialize", "Parent Relationship": "Inner", "Parallel Aware": false, "Async Capable": false, "Startup Cost": 1.42, "Total Cost": 1131.75, "Plan Rows": 2.0, "Plan Width": 12, "Actual Rows": 640, "Actual Loops": 129, "Plans": [{"Node Type": "Nested Loop", "Parent Relationship": "Outer", "Parallel Aware": false, "Async Capable": false, "Join Type": "Inner", "Startup Cost": 1.42, "Total Cost": 1131.74, "Plan Rows": 2.0, "Plan Width": 12, "Actual Rows": 640, "Actual Loops": 1, "Inner Unique": false, "Plans": [{"Node Type": "Nested Loop", "Parent Relationship": "Outer", "Parallel Aware": false, "Async Capable": false, "Join Type": "Inner", "Startup Cost": 1.0, "Total Cost": 1130.24, "Plan Rows": 15.0, "Plan Width": 8, "Actual Rows": 640, "Actual Loops": 1, "Inner Unique": false, "Plans": [{"Node Type": "Nested Loop", "Parent Relationship": "Outer", "Parallel Aware": false, "Async Capable": false, "Join Type": "Inner", "Startup Cost": 0.72, "Total Cost": 1125.93, "Plan Rows": 11.0, "Plan Width": 4, "Actual Rows": 320, "Actual Loops": 1, "Inner Unique": false, "Join Filter": "(c.userid = u.id)", "Rows Removed by Join Filter": 0, "Plans": [{"Node Type": "Nested Loop", "Parent Relationship": "Outer", "Parallel Aware": false, "Async Capable": false, "Join Type": "Inner", "Startup Cost": 0.42, "Total Cost": 1113.56, "Plan Rows": 394.0, "Plan Width": 8, "Actual Rows": 1230, "Actual Loops": 1, "Inner Unique": false, "Plans": [{"Node Type": "Seq Scan", "Parent Relationship": "Outer", "Parallel Aware": false, "Async Capable": false, "Relation Name": "users", "Alias": "u", "Startup Cost": 0.0, "Total Cost": 1002.69, "Plan Rows": 22, "Plan Width": 4, "Actual Rows": 10, "Actual Loops": 1, "Filter": "((downvotes <= 140) AND (upvotes >= 1883) AND (creationdate >= '2010-07-21 17:37:51'::timestamp without time zone))", "Rows Removed by Filter": 40315}, {"Node Type": "Index Only Scan", "Parent Relationship": "Inner", "Parallel Aware": false, "Async Capable": false, "Scan Direction": "Forward", "Index Name": "idx_votes_userid", "Relation Name": "votes", "Alias": "v", "Startup Cost": 0.42, "Total Cost": 4.95, "Plan Rows": 9, "Plan Width": 4, "Actual Rows": 123, "Actual Loops": 10, "Index Cond": "(userid = u.id)", "Rows Removed by Index Recheck": 0, "Heap Fetches": 0}]}, {"Node Type": "Index Scan", "Parent Relationship": "Inner", "Parallel Aware": false, "Async Capable": false, "Scan Direction": "Forward", "Index Name": "idx_comments_userid", "Relation Name": "comments", "Alias": "c", "Startup Cost": 0.29, "Total Cost": 0.64, "Plan Rows": 1, "Plan Width": 8, "Actual Rows": 0, "Actual Loops": 1230, "Index Cond": "(userid = v.userid)", "Rows Removed by Index Recheck": 0, "Filter": "((creationdate >= '2012-03-05 08:40:00'::timestamp without time zone) AND (creationdate <= '2012-11-16 15:46:45'::timestamp without time zone) AND (score = 11))", "Rows Removed by Filter": 1438}]}, {"Node Type": "Index Only Scan", "Parent Relationship": "Inner", "Parallel Aware": false, "Async Capable": false, "Scan Direction": "Forward", "Index Name": "idx_postlinks_postid", "Relation Name": "postlinks", "Alias": "pl", "Startup Cost": 0.29, "Total Cost": 4.3, "Plan Rows": 1, "Plan Width": 4, "Actual Rows": 2, "Actual Loops": 320, "Index Cond": "(postid = c.postid)", "Rows Removed by Index Recheck": 0, "Heap Fetches": 0}]}, {"Node Type": "Index Scan", "Parent Relationship": "Inner", "Parallel Aware": false, "Async Capable": false, "Scan Direction": "Forward", "Index Name": "idx_posthistory_postid", "Relation Name": "posthistory", "Alias": "ph", "Startup Cost": 0.42, "Total Cost": 1.49, "Plan Rows": 1, "Plan Width": 4, "Actual Rows": 1, "Actual Loops": 640, "Index Cond": "(postid = pl.postid)", "Rows Removed by Index Recheck": 0, "Filter": "(posthistorytypeid = 19)", "Rows Removed by Filter": 7}]}]}]}]}, "Planning Time": 4.24, "Triggers": [], "Execution Time": 292.666}, {"Plan": {"Node Type": "Aggregate", "Strategy": "Plain", "Partial Mode": "Simple", "Parallel Aware": false, "Async Capable": false, "Startup Cost": 1377.73, "Total Cost": 1377.74, "Plan Rows": 1, "Plan Width": 8, "Actual Rows": 1, "Actual Loops": 1, "Plans": [{"Node Type": "Hash Join", "Parent Relationship": "Outer", "Parallel Aware": false, "Async Capable": false, "Join Type": "Inner", "Startup Cost": 1143.07, "Total Cost": 1377.73, "Plan Rows": 1.0, "Plan Width": 0, "Actual Rows": 640, "Actual Loops": 1, "Inner Unique": false, "Hash Cond": "(pl.postid = p.id)", "Plans": [{"Node Type": "Seq Scan", "Parent Relationship": "Outer", "Parallel Aware": false, "Async Capable": false, "Relation Name": "postlinks", "Alias": "pl", "Startup Cost": 0.0, "Total Cost": 193.02, "Plan Rows": 11102, "Plan Width": 4, "Actual Rows": 11102, "Actual Loops": 1}, {"Node Type": "Hash", "Parent Relationship": "Inner", "Parallel Aware": false, "Async Capable": false, "Startup Cost": 1143.06, "Total Cost": 1143.06, "Plan Rows": 1.0, "Plan Width": 12, "Actual Rows": 320, "Actual Loops": 1, "Hash Buckets": 1024, "Original Hash Buckets": 1024, "Hash Batches": 1, "Original Hash Batches": 1, "Peak Memory Usage": 22, "Plans": [{"Node Type": "Nested Loop", "Parent Relationship": "Outer", "Parallel Aware": false, "Async Capable": false, "Join Type": "Inner", "Startup Cost": 1.43, "Total Cost": 1143.06, "Plan Rows": 1.0, "Plan Width": 12, "Actual Rows": 320, "Actual Loops": 1, "Inner Unique": true, "Plans": [{"Node Type": "Nested Loop", "Parent Relationship": "Outer", "Parallel Aware": false, "Async Capable": false, "Join Type": "Inner", "Startup Cost": 1.14, "Total Cost": 1134.88, "Plan Rows": 2.0, "Plan Width": 8, "Actual Rows": 320, "Actual Loops": 1, "Inner Unique": false, "Plans": [{"Node Type": "Nested Loop", "Parent Relationship": "Outer", "Parallel Aware": false, "Async Capable": false, "Join Type": "Inner", "Startup Cost": 0.72, "Total Cost": 1125.93, "Plan Rows": 11.0, "Plan Width": 4, "Actual Rows": 320, "Actual Loops": 1, "Inner Unique": false, "Join Filter": "(c.userid = u.id)", "Rows Removed by Join Filter": 0, "Plans": [{"Node Type": "Nested Loop", "Parent Relationship": "Outer", "Parallel Aware": false, "Async Capable": false, "Join Type": "Inner", "Startup Cost": 0.42, "Total Cost": 1113.56, "Plan Rows": 394.0, "Plan Width": 8, "Actual Rows": 1230, "Actual Loops": 1, "Inner Unique": false, "Plans": [{"Node Type": "Seq Scan", "Parent Relationship": "Outer", "Parallel Aware": false, "Async Capable": false, "Relation Name": "users", "Alias": "u", "Startup Cost": 0.0, "Total Cost": 1002.69, "Plan Rows": 22, "Plan Width": 4, "Actual Rows": 10, "Actual Loops": 1, "Filter": "((downvotes <= 140) AND (upvotes >= 1883) AND (creationdate >= '2010-07-21 17:37:51'::timestamp without time zone))", "Rows Removed by Filter": 40315}, {"Node Type": "Index Only Scan", "Parent Relationship": "Inner", "Parallel Aware": false, "Async Capable": false, "Scan Direction": "Forward", "Index Name": "idx_votes_userid", "Relation Name": "votes", "Alias": "v", "Startup Cost": 0.42, "Total Cost": 4.95, "Plan Rows": 9, "Plan Width": 4, "Actual Rows": 123, "Actual Loops": 10, "Index Cond": "(userid = u.id)", "Rows Removed by Index Recheck": 0, "Heap Fetches": 0}]}, {"Node Type": "Index Scan", "Parent Relationship": "Inner", "Parallel Aware": false, "Async Capable": false, "Scan Direction": "Forward", "Index Name": "idx_comments_userid", "Relation Name": "comments", "Alias": "c", "Startup Cost": 0.29, "Total Cost": 0.64, "Plan Rows": 1, "Plan Width": 8, "Actual Rows": 0, "Actual Loops": 1230, "Index Cond": "(userid = v.userid)", "Rows Removed by Index Recheck": 0, "Filter": "((creationdate >= '2012-03-05 08:40:00'::timestamp without time zone) AND (creationdate <= '2012-11-16 15:46:45'::timestamp without time zone) AND (score = 11))", "Rows Removed by Filter": 1438}]}, {"Node Type": "Index Scan", "Parent Relationship": "Inner", "Parallel Aware": false, "Async Capable": false, "Scan Direction": "Forward", "Index Name": "idx_posthistory_postid", "Relation Name": "posthistory", "Alias": "ph", "Startup Cost": 0.42, "Total Cost": 8.94, "Plan Rows": 1, "Plan Width": 4, "Actual Rows": 1, "Actual Loops": 320, "Index Cond": "(postid = c.postid)", "Rows Removed by Index Recheck": 0, "Filter": "(posthistorytypeid = 19)", "Rows Removed by Filter": 7}]}, {"Node Type": "Index Scan", "Parent Relationship": "Inner", "Parallel Aware": false, "Async Capable": false, "Scan Direction": "Forward", "Index Name": "posts_pkey", "Relation Name": "posts", "Alias": "p", "Startup Cost": 0.29, "Total Cost": 7.93, "Plan Rows": 1, "Plan Width": 4, "Actual Rows": 1, "Actual Loops": 320, "Index Cond": "(id = ph.postid)", "Rows Removed by Index Recheck": 0, "Filter": "((favoritecount >= 22) AND (favoritecount <= 198) AND (posttypeid = 1))", "Rows Removed by Filter": 0}]}]}]}]}, "Planning Time": 4.063, "Triggers": [], "Execution Time": 271.984}, {"Plan": {"Node Type": "Aggregate", "Strategy": "Plain", "Partial Mode": "Simple", "Parallel Aware": false, "Async Capable": false, "Startup Cost": 4103.22, "Total Cost": 4103.23, "Plan Rows": 1, "Plan Width": 8, "Actual Rows": 1, "Actual Loops": 1, "Plans": [{"Node Type": "Nested Loop", "Parent Relationship": "Outer", "Parallel Aware": false, "Async Capable": false, "Join Type": "Inner", "Startup Cost": 1.42, "Total Cost": 4103.22, "Plan Rows": 1.0, "Plan Width": 0, "Actual Rows": 640, "Actual Loops": 1, "Inner Unique": false, "Join Filter": "(p.id = pl.postid)", "Rows Removed by Join Filter": 4480, "Plans": [{"Node Type": "Nested Loop", "Parent Relationship": "Outer", "Parallel Aware": false, "Async Capable": false, "Join Type": "Inner", "Startup Cost": 1.0, "Total Cost": 1130.24, "Plan Rows": 15.0, "Plan Width": 8, "Actual Rows": 640, "Actual Loops": 1, "Inner Unique": false, "Plans": [{"Node Type": "Nested Loop", "Parent Relationship": "Outer", "Parallel Aware": false, "Async Capable": false, "Join Type": "Inner", "Startup Cost": 0.72, "Total Cost": 1125.93, "Plan Rows": 11.0, "Plan Width": 4, "Actual Rows": 320, "Actual Loops": 1, "Inner Unique": false, "Join Filter": "(c.userid = u.id)", "Rows Removed by Join Filter": 0, "Plans": [{"Node Type": "Nested Loop", "Parent Relationship": "Outer", "Parallel Aware": false, "Async Capable": false, "Join Type": "Inner", "Startup Cost": 0.42, "Total Cost": 1113.56, "Plan Rows": 394.0, "Plan Width": 8, "Actual Rows": 1230, "Actual Loops": 1, "Inner Unique": false, "Plans": [{"Node Type": "Seq Scan", "Parent Relationship": "Outer", "Parallel Aware": false, "Async Capable": false, "Relation Name": "users", "Alias": "u", "Startup Cost": 0.0, "Total Cost": 1002.69, "Plan Rows": 22, "Plan Width": 4, "Actual Rows": 10, "Actual Loops": 1, "Filter": "((downvotes <= 140) AND (upvotes >= 1883) AND (creationdate >= '2010-07-21 17:37:51'::timestamp without time zone))", "Rows Removed by Filter": 40315}, {"Node Type": "Index Only Scan", "Parent Relationship": "Inner", "Parallel Aware": false, "Async Capable": false, "Scan Direction": "Forward", "Index Name": "idx_votes_userid", "Relation Name": "votes", "Alias": "v", "Startup Cost": 0.42, "Total Cost": 4.95, "Plan Rows": 9, "Plan Width": 4, "Actual Rows": 123, "Actual Loops": 10, "Index Cond": "(userid = u.id)", "Rows Removed by Index Recheck": 0, "Heap Fetches": 0}]}, {"Node Type": "Index Scan", "Parent Relationship": "Inner", "Parallel Aware": false, "Async Capable": false, "Scan Direction": "Forward", "Index Name": "idx_comments_userid", "Relation Name": "comments", "Alias": "c", "Startup Cost": 0.29, "Total Cost": 0.64, "Plan Rows": 1, "Plan Width": 8, "Actual Rows": 0, "Actual Loops": 1230, "Index Cond": "(userid = v.userid)", "Rows Removed by Index Recheck": 0, "Filter": "((creationdate >= '2012-03-05 08:40:00'::timestamp without time zone) AND (creationdate <= '2012-11-16 15:46:45'::timestamp without time zone) AND (score = 11))", "Rows Removed by Filter": 1438}]}, {"Node Type": "Index Only Scan", "Parent Relationship": "Inner", "Parallel Aware": false, "Async Capable": false, "Scan Direction": "Forward", "Index Name": "idx_postlinks_postid", "Relation Name": "postlinks", "Alias": "pl", "Startup Cost": 0.29, "Total Cost": 4.3, "Plan Rows": 1, "Plan Width": 4, "Actual Rows": 2, "Actual Loops": 320, "Index Cond": "(postid = c.postid)", "Rows Removed by Index Recheck": 0, "Heap Fetches": 0}]}, {"Node Type": "Nested Loop", "Parent Relationship": "Inner", "Parallel Aware": false, "Async Capable": false, "Join Type": "Inner", "Startup Cost": 0.42, "Total Cost": 2972.97, "Plan Rows": 2.0, "Plan Width": 8, "Actual Rows": 8, "Actual Loops": 640, "Inner Unique": false, "Plans": [{"Node Type": "Seq Scan", "Parent Relationship": "Outer", "Parallel Aware": false, "Async Capable": false, "Relation Name": "posts", "Alias": "p", "Startup Cost": 0.0, "Total Cost": 2449.58, "Plan Rows": 60, "Plan Width": 4, "Actual Rows": 129, "Actual Loops": 640, "Filter": "((favoritecount >= 22) AND (favoritecount <= 198) AND (posttypeid = 1))", "Rows Removed by Filter": 91847}, {"Node Type": "Index Scan", "Parent Relationship": "Inner", "Parallel Aware": false, "Async Capable": false, "Scan Direction": "Forward", "Index Name": "idx_posthistory_postid", "Relation Name": "posthistory", "Alias": "ph", "Startup Cost": 0.42, "Total Cost": 8.71, "Plan Rows": 1, "Plan Width": 4, "Actual Rows": 0, "Actual Loops": 82560, "Index Cond": "(postid = p.id)", "Rows Removed by Index Recheck": 0, "Filter": "(posthistorytypeid = 19)", "Rows Removed by Filter": 7}]}]}]}, "Planning Time": 4.75, "Triggers": [], "Execution Time": 4744.67}, {"Plan": {"Node Type": "Aggregate", "Strategy": "Plain", "Partial Mode": "Simple", "Parallel Aware": false, "Async Capable": false, "Startup Cost": 3719.32, "Total Cost": 3719.33, "Plan Rows": 1, "Plan Width": 8, "Actual Rows": 1, "Actual Loops": 1, "Plans": [{"Node Type": "Nested Loop", "Parent Relationship": "Outer", "Parallel Aware": false, "Async Capable": false, "Join Type": "Inner", "Startup Cost": 1.43, "Total Cost": 3719.32, "Plan Rows": 1.0, "Plan Width": 0, "Actual Rows": 640, "Actual Loops": 1, "Inner Unique": false, "Join Filter": "(p.id = ph.postid)", "Rows Removed by Join Filter": 41600, "Plans": [{"Node Type": "Nested Loop", "Parent Relationship": "Outer", "Parallel Aware": false, "Async Capable": false, "Join Type": "Inner", "Startup Cost": 0.29, "Total Cost": 2584.33, "Plan Rows": 28.0, "Plan Width": 8, "Actual Rows": 132, "Actual Loops": 1, "Inner Unique": false, "Plans": [{"Node Type": "Seq Scan", "Parent Relationship": "Outer", "Parallel Aware": false, "Async Capable": false, "Relation Name": "posts", "Alias": "p", "Startup Cost": 0.0, "Total Cost": 2449.58, "Plan Rows": 60, "Plan Width": 4, "Actual Rows": 129, "Actual Loops": 1, "Filter": "((favoritecount >= 22) AND (favoritecount <= 198) AND (posttypeid = 1))", "Rows Removed by Filter": 91847}, {"Node Type": "Index Only Scan", "Parent Relationship": "Inner", "Parallel Aware": false, "Async Capable": false, "Scan Direction": "Forward", "Index Name": "idx_postlinks_postid", "Relation Name": "postlinks", "Alias": "pl", "Startup Cost": 0.29, "Total Cost": 2.24, "Plan Rows": 1, "Plan Width": 4, "Actual Rows": 1, "Actual Loops": 129, "Index Cond": "(postid = p.id)", "Rows Removed by Index Recheck": 0, "Heap Fetches": 0}]}, {"Node Type": "Materialize", "Parent Relationship": "Inner", "Parallel Aware": false, "Async Capable": false, "Startup Cost": 1.14, "Total Cost": 1134.88, "Plan Rows": 2.0, "Plan Width": 8, "Actual Rows": 320, "Actual Loops": 132, "Plans": [{"Node Type": "Nested Loop", "Parent Relationship": "Outer", "Parallel Aware": false, "Async Capable": false, "Join Type": "Inner", "Startup Cost": 1.14, "Total Cost": 1134.88, "Plan Rows": 2.0, "Plan Width": 8, "Actual Rows": 320, "Actual Loops": 1, "Inner Unique": false, "Plans": [{"Node Type": "Nested Loop", "Parent Relationship": "Outer", "Parallel Aware": false, "Async Capable": false, "Join Type": "Inner", "Startup Cost": 0.72, "Total Cost": 1125.93, "Plan Rows": 11.0, "Plan Width": 4, "Actual Rows": 320, "Actual Loops": 1, "Inner Unique": false, "Join Filter": "(c.userid = u.id)", "Rows Removed by Join Filter": 0, "Plans": [{"Node Type": "Nested Loop", "Parent Relationship": "Outer", "Parallel Aware": false, "Async Capable": false, "Join Type": "Inner", "Startup Cost": 0.42, "Total Cost": 1113.56, "Plan Rows": 394.0, "Plan Width": 8, "Actual Rows": 1230, "Actual Loops": 1, "Inner Unique": false, "Plans": [{"Node Type": "Seq Scan", "Parent Relationship": "Outer", "Parallel Aware": false, "Async Capable": false, "Relation Name": "users", "Alias": "u", "Startup Cost": 0.0, "Total Cost": 1002.69, "Plan Rows": 22, "Plan Width": 4, "Actual Rows": 10, "Actual Loops": 1, "Filter": "((downvotes <= 140) AND (upvotes >= 1883) AND (creationdate >= '2010-07-21 17:37:51'::timestamp without time zone))", "Rows Removed by Filter": 40315}, {"Node Type": "Index Only Scan", "Parent Relationship": "Inner", "Parallel Aware": false, "Async Capable": false, "Scan Direction": "Forward", "Index Name": "idx_votes_userid", "Relation Name": "votes", "Alias": "v", "Startup Cost": 0.42, "Total Cost": 4.95, "Plan Rows": 9, "Plan Width": 4, "Actual Rows": 123, "Actual Loops": 10, "Index Cond": "(userid = u.id)", "Rows Removed by Index Recheck": 0, "Heap Fetches": 0}]}, {"Node Type": "Index Scan", "Parent Relationship": "Inner", "Parallel Aware": false, "Async Capable": false, "Scan Direction": "Forward", "Index Name": "idx_comments_userid", "Relation Name": "comments", "Alias": "c", "Startup Cost": 0.29, "Total Cost": 0.64, "Plan Rows": 1, "Plan Width": 8, "Actual Rows": 0, "Actual Loops": 1230, "Index Cond": "(userid = v.userid)", "Rows Removed by Index Recheck": 0, "Filter": "((creationdate >= '2012-03-05 08:40:00'::timestamp without time zone) AND (creationdate <= '2012-11-16 15:46:45'::timestamp without time zone) AND (score = 11))", "Rows Removed by Filter": 1438}]}, {"Node Type": "Index Scan", "Parent Relationship": "Inner", "Parallel Aware": false, "Async Capable": false, "Scan Direction": "Forward", "Index Name": "idx_posthistory_postid", "Relation Name": "posthistory", "Alias": "ph", "Startup Cost": 0.42, "Total Cost": 8.94, "Plan Rows": 1, "Plan Width": 4, "Actual Rows": 1, "Actual Loops": 320, "Index Cond": "(postid = c.postid)", "Rows Removed by Index Recheck": 0, "Filter": "(posthistorytypeid = 19)", "Rows Removed by Filter": 7}]}]}]}]}, "Planning Time": 4.474, "Triggers": [], "Execution Time": 288.566}, {"Plan": {"Node Type": "Aggregate", "Strategy": "Plain", "Partial Mode": "Simple", "Parallel Aware": false, "Async Capable": false, "Startup Cost": 1933.62, "Total Cost": 1933.63, "Plan Rows": 1, "Plan Width": 8, "Actual Rows": 1, "Actual Loops": 1, "Plans": [{"Node Type": "Nested Loop", "Parent Relationship": "Outer", "Parallel Aware": false, "Async Capable": false, "Join Type": "Inner", "Startup Cost": 1.72, "Total Cost": 1933.62, "Plan Rows": 1.0, "Plan Width": 0, "Actual Rows": 640, "Actual Loops": 1, "Inner Unique": false, "Plans": [{"Node Type": "Nested Loop", "Parent Relationship": "Outer", "Parallel Aware": false, "Async Capable": false, "Join Type": "Inner", "Startup Cost": 1.29, "Total Cost": 1928.58, "Plan Rows": 1.0, "Plan Width": 8, "Actual Rows": 2, "Actual Loops": 1, "Inner Unique": true, "Plans": [{"Node Type": "Nested Loop", "Parent Relationship": "Outer", "Parallel Aware": false, "Async Capable": false, "Join Type": "Inner", "Startup Cost": 1.0, "Total Cost": 1927.85, "Plan Rows": 1.0, "Plan Width": 20, "Actual Rows": 2, "Actual Loops": 1, "Inner Unique": false, "Plans": [{"Node Type": "Nested Loop", "Parent Relationship": "Outer", "Parallel Aware": false, "Async Capable": false, "Join Type": "Inner", "Startup Cost": 0.58, "Total Cost": 1926.35, "Plan Rows": 1.0, "Plan Width": 16, "Actual Rows": 2, "Actual Loops": 1, "Inner Unique": false, "Plans": [{"Node Type": "Nested Loop", "Parent Relationship": "Outer", "Parallel Aware": false, "Async Capable": false, "Join Type": "Inner", "Startup Cost": 0.29, "Total Cost": 1922.04, "Plan Rows": 1.0, "Plan Width": 12, "Actual Rows": 1, "Actual Loops": 1, "Inner Unique": false, "Plans": [{"Node Type": "Seq Scan", "Parent Relationship": "Outer", "Parallel Aware": false, "Async Capable": false, "Relation Name": "users", "Alias": "u", "Startup Cost": 0.0, "Total Cost": 1002.69, "Plan Rows": 22, "Plan Width": 4, "Actual Rows": 10, "Actual Loops": 1, "Filter": "((downvotes <= 140) AND (upvotes >= 1883) AND (creationdate >= '2010-07-21 17:37:51'::timestamp without time zone))", "Rows Removed by Filter": 40315}, {"Node Type": "Index Scan", "Parent Relationship": "Inner", "Parallel Aware": false, "Async Capable": false, "Scan Direction": "Forward", "Index Name": "idx_comments_userid", "Relation Name": "comments", "Alias": "c", "Startup Cost": 0.29, "Total Cost": 41.78, "Plan Rows": 1, "Plan Width": 8, "Actual Rows": 0, "Actual Loops": 10, "Index Cond": "(userid = u.id)", "Rows Removed by Index Recheck": 0, "Filter": "((creationdate >= '2012-03-05 08:40:00'::timestamp without time zone) AND (creationdate <= '2012-11-16 15:46:45'::timestamp without time zone) AND (score = 11))", "Rows Removed by Filter": 1355}]}, {"Node Type": "Index Only Scan", "Parent Relationship": "Inner", "Parallel Aware": false, "Async Capable": false, "Scan Direction": "Forward", "Index Name": "idx_postlinks_postid", "Relation Name": "postlinks", "Alias": "pl", "Startup Cost": 0.29, "Total Cost": 4.3, "Plan Rows": 1, "Plan Width": 4, "Actual Rows": 2, "Actual Loops": 1, "Index Cond": "(postid = c.postid)", "Rows Removed by Index Recheck": 0, "Heap Fetches": 0}]}, {"Node Type": "Index Scan", "Parent Relationship": "Inner", "Parallel Aware": false, "Async Capable": false, "Scan Direction": "Forward", "Index Name": "idx_posthistory_postid", "Relation Name": "posthistory", "Alias": "ph", "Startup Cost": 0.42, "Total Cost": 1.49, "Plan Rows": 1, "Plan Width": 4, "Actual Rows": 1, "Actual Loops": 2, "Index Cond": "(postid = pl.postid)", "Rows Removed by Index Recheck": 0, "Filter": "(posthistorytypeid = 19)", "Rows Removed by Filter": 7}]}, {"Node Type": "Index Scan", "Parent Relationship": "Inner", "Parallel Aware": false, "Async Capable": false, "Scan Direction": "Forward", "Index Name": "posts_pkey", "Relation Name": "posts", "Alias": "p", "Startup Cost": 0.29, "Total Cost": 0.71, "Plan Rows": 1, "Plan Width": 4, "Actual Rows": 1, "Actual Loops": 2, "Index Cond": "(id = pl.postid)", "Rows Removed by Index Recheck": 0, "Filter": "((favoritecount >= 22) AND (favoritecount <= 198) AND (posttypeid = 1))", "Rows Removed by Filter": 0}]}, {"Node Type": "Index Only Scan", "Parent Relationship": "Inner", "Parallel Aware": false, "Async Capable": false, "Scan Direction": "Forward", "Index Name": "idx_votes_userid", "Relation Name": "votes", "Alias": "v", "Startup Cost": 0.42, "Total Cost": 4.95, "Plan Rows": 9, "Plan Width": 4, "Actual Rows": 320, "Actual Loops": 2, "Index Cond": "(userid = u.id)", "Rows Removed by Index Recheck": 0, "Heap Fetches": 0}]}]}, "Planning Time": 3.927, "Triggers": [], "Execution Time": 7.075}, {"Plan": {"Node Type": "Aggregate", "Strategy": "Plain", "Partial Mode": "Simple", "Parallel Aware": false, "Async Capable": false, "Startup Cost": 6679.87, "Total Cost": 6679.88, "Plan Rows": 1, "Plan Width": 8, "Plans": [{"Node Type": "Nested Loop", "Parent Relationship": "Outer", "Parallel Aware": false, "Async Capable": false, "Join Type": "Inner", "Startup Cost": 1001.29, "Total Cost": 6679.87, "Plan Rows": 1.0, "Plan Width": 0, "Inner Unique": false, "Join Filter": "(p.id = pl.postid)", "Plans": [{"Node Type": "Nested Loop", "Parent Relationship": "Outer", "Parallel Aware": false, "Async Capable": false, "Join Type": "Inner", "Startup Cost": 1.01, "Total Cost": 1134.51, "Plan Rows": 1.0, "Plan Width": 8, "Inner Unique": true, "Plans": [{"Node Type": "Nested Loop", "Parent Relationship": "Outer", "Parallel Aware": false, "Async Capable": false, "Join Type": "Inner", "Startup Cost": 0.72, "Total Cost": 1125.93, "Plan Rows": 11.0, "Plan Width": 4, "Inner Unique": false, "Join Filter": "(c.userid = u.id)", "Plans": [{"Node Type": "Nested Loop", "Parent Relationship": "Outer", "Parallel Aware": false, "Async Capable": false, "Join Type": "Inner", "Startup Cost": 0.42, "Total Cost": 1113.56, "Plan Rows": 394.0, "Plan Width": 8, "Inner Unique": false, "Plans": [{"Node Type": "Seq Scan", "Parent Relationship": "Outer", "Parallel Aware": false, "Async Capable": false, "Relation Name": "users", "Alias": "u", "Startup Cost": 0.0, "Total Cost": 1002.69, "Plan Rows": 22, "Plan Width": 4, "Filter": "((downvotes <= 140) AND (upvotes >= 1883) AND (creationdate >= '2010-07-21 17:37:51'::timestamp without time zone))"}, {"Node Type": "Index Only Scan", "Parent Relationship": "Inner", "Parallel Aware": false, "Async Capable": false, "Scan Direction": "Forward", "Index Name": "idx_votes_userid", "Relation Name": "votes", "Alias": "v", "Startup Cost": 0.42, "Total Cost": 4.95, "Plan Rows": 9, "Plan Width": 4, "Index Cond": "(userid = u.id)"}]}, {"Node Type": "Index Scan", "Parent Relationship": "Inner", "Parallel Aware": false, "Async Capable": false, "Scan Direction": "Forward", "Index Name": "idx_comments_userid", "Relation Name": "comments", "Alias": "c", "Startup Cost": 0.29, "Total Cost": 0.64, "Plan Rows": 1, "Plan Width": 8, "Index Cond": "(userid = v.userid)", "Filter": "((creationdate >= '2012-03-05 08:40:00'::timestamp without time zone) AND (creationdate <= '2012-11-16 15:46:45'::timestamp without time zone) AND (score = 11))"}]}, {"Node Type": "Index Scan", "Parent Relationship": "Inner", "Parallel Aware": false, "Async Capable": false, "Scan Direction": "Forward", "Index Name": "posts_pkey", "Relation Name": "posts", "Alias": "p", "Startup Cost": 0.29, "Total Cost": 8.32, "Plan Rows": 1, "Plan Width": 4, "Index Cond": "(id = c.postid)", "Filter": "((favoritecount >= 22) AND (favoritecount <= 198) AND (posttypeid = 1))"}]}, {"Node Type": "Gather", "Parent Relationship": "Inner", "Parallel Aware": false, "Async Capable": false, "Startup Cost": 1000.28, "Total Cost": 5545.27, "Plan Rows": 7, "Plan Width": 8, "Workers Planned": 1, "Single Copy": false, "Plans": [{"Node Type": "Nested Loop", "Parent Relationship": "Outer", "Parallel Aware": false, "Async Capable": false, "Join Type": "Inner", "Startup Cost": 0.29, "Total Cost": 4544.57, "Plan Rows": 128.0, "Plan Width": 8, "Inner Unique": false, "Plans": [{"Node Type": "Seq Scan", "Parent Relationship": "Outer", "Parallel Aware": true, "Async Capable": false, "Relation Name": "posthistory", "Alias": "ph", "Startup Cost": 0.0, "Total Cost": 4469.32, "Plan Rows": 30, "Plan Width": 4, "Filter": "(posthistorytypeid = 19)"}, {"Node Type": "Index Only Scan", "Parent Relationship": "Inner", "Parallel Aware": false, "Async Capable": false, "Scan Direction": "Forward", "Index Name": "idx_postlinks_postid", "Relation Name": "postlinks", "Alias": "pl", "Startup Cost": 0.29, "Total Cost": 2.5, "Plan Rows": 1, "Plan Width": 4, "Index Cond": "(postid = ph.postid)"}]}]}]}]}, "Timeout Time": 5000}, {"Plan": {"Node Type": "Aggregate", "Strategy": "Plain", "Partial Mode": "Simple", "Parallel Aware": false, "Async Capable": false, "Startup Cost": 3719.3, "Total Cost": 3719.31, "Plan Rows": 1, "Plan Width": 8, "Actual Rows": 1, "Actual Loops": 1, "Plans": [{"Node Type": "Nested Loop", "Parent Relationship": "Outer", "Parallel Aware": false, "Async Capable": false, "Join Type": "Inner", "Startup Cost": 1.43, "Total Cost": 3719.3, "Plan Rows": 1.0, "Plan Width": 0, "Actual Rows": 640, "Actual Loops": 1, "Inner Unique": false, "Join Filter": "(p.id = ph.postid)", "Rows Removed by Join Filter": 41600, "Plans": [{"Node Type": "Nested Loop", "Parent Relationship": "Outer", "Parallel Aware": false, "Async Capable": false, "Join Type": "Inner", "Startup Cost": 1.14, "Total Cost": 1134.88, "Plan Rows": 2.0, "Plan Width": 8, "Actual Rows": 320, "Actual Loops": 1, "Inner Unique": false, "Plans": [{"Node Type": "Nested Loop", "Parent Relationship": "Outer", "Parallel Aware": false, "Async Capable": false, "Join Type": "Inner", "Startup Cost": 0.72, "Total Cost": 1125.93, "Plan Rows": 11.0, "Plan Width": 4, "Actual Rows": 320, "Actual Loops": 1, "Inner Unique": false, "Join Filter": "(c.userid = u.id)", "Rows Removed by Join Filter": 0, "Plans": [{"Node Type": "Nested Loop", "Parent Relationship": "Outer", "Parallel Aware": false, "Async Capable": false, "Join Type": "Inner", "Startup Cost": 0.42, "Total Cost": 1113.56, "Plan Rows": 394.0, "Plan Width": 8, "Actual Rows": 1230, "Actual Loops": 1, "Inner Unique": false, "Plans": [{"Node Type": "Seq Scan", "Parent Relationship": "Outer", "Parallel Aware": false, "Async Capable": false, "Relation Name": "users", "Alias": "u", "Startup Cost": 0.0, "Total Cost": 1002.69, "Plan Rows": 22, "Plan Width": 4, "Actual Rows": 10, "Actual Loops": 1, "Filter": "((downvotes <= 140) AND (upvotes >= 1883) AND (creationdate >= '2010-07-21 17:37:51'::timestamp without time zone))", "Rows Removed by Filter": 40315}, {"Node Type": "Index Only Scan", "Parent Relationship": "Inner", "Parallel Aware": false, "Async Capable": false, "Scan Direction": "Forward", "Index Name": "idx_votes_userid", "Relation Name": "votes", "Alias": "v", "Startup Cost": 0.42, "Total Cost": 4.95, "Plan Rows": 9, "Plan Width": 4, "Actual Rows": 123, "Actual Loops": 10, "Index Cond": "(userid = u.id)", "Rows Removed by Index Recheck": 0, "Heap Fetches": 0}]}, {"Node Type": "Index Scan", "Parent Relationship": "Inner", "Parallel Aware": false, "Async Capable": false, "Scan Direction": "Forward", "Index Name": "idx_comments_userid", "Relation Name": "comments", "Alias": "c", "Startup Cost": 0.29, "Total Cost": 0.64, "Plan Rows": 1, "Plan Width": 8, "Actual Rows": 0, "Actual Loops": 1230, "Index Cond": "(userid = v.userid)", "Rows Removed by Index Recheck": 0, "Filter": "((creationdate >= '2012-03-05 08:40:00'::timestamp without time zone) AND (creationdate <= '2012-11-16 15:46:45'::timestamp without time zone) AND (score = 11))", "Rows Removed by Filter": 1438}]}, {"Node Type": "Index Scan", "Parent Relationship": "Inner", "Parallel Aware": false, "Async Capable": false, "Scan Direction": "Forward", "Index Name": "idx_posthistory_postid", "Relation Name": "posthistory", "Alias": "ph", "Startup Cost": 0.42, "Total Cost": 8.94, "Plan Rows": 1, "Plan Width": 4, "Actual Rows": 1, "Actual Loops": 320, "Index Cond": "(postid = c.postid)", "Rows Removed by Index Recheck": 0, "Filter": "(posthistorytypeid = 19)", "Rows Removed by Filter": 7}]}, {"Node Type": "Nested Loop", "Parent Relationship": "Inner", "Parallel Aware": false, "Async Capable": false, "Join Type": "Inner", "Startup Cost": 0.29, "Total Cost": 2584.33, "Plan Rows": 28.0, "Plan Width": 8, "Actual Rows": 132, "Actual Loops": 320, "Inner Unique": false, "Plans": [{"Node Type": "Seq Scan", "Parent Relationship": "Outer", "Parallel Aware": false, "Async Capable": false, "Relation Name": "posts", "Alias": "p", "Startup Cost": 0.0, "Total Cost": 2449.58, "Plan Rows": 60, "Plan Width": 4, "Actual Rows": 129, "Actual Loops": 320, "Filter": "((favoritecount >= 22) AND (favoritecount <= 198) AND (posttypeid = 1))", "Rows Removed by Filter": 91847}, {"Node Type": "Index Only Scan", "Parent Relationship": "Inner", "Parallel Aware": false, "Async Capable": false, "Scan Direction": "Forward", "Index Name": "idx_postlinks_postid", "Relation Name": "postlinks", "Alias": "pl", "Startup Cost": 0.29, "Total Cost": 2.24, "Plan Rows": 1, "Plan Width": 4, "Actual Rows": 1, "Actual Loops": 41280, "Index Cond": "(postid = p.id)", "Rows Removed by Index Recheck": 0, "Heap Fetches": 0}]}]}]}, "Planning Time": 4.496, "Triggers": [], "Execution Time": 2452.843}, {"Plan": {"Node Type": "Aggregate", "Strategy": "Plain", "Partial Mode": "Simple", "Parallel Aware": false, "Async Capable": false, "Startup Cost": 2618.95, "Total Cost": 2618.96, "Plan Rows": 1, "Plan Width": 8, "Actual Rows": 1, "Actual Loops": 1, "Plans": [{"Node Type": "Nested Loop", "Parent Relationship": "Outer", "Parallel Aware": false, "Async Capable": false, "Join Type": "Inner", "Startup Cost": 1.84, "Total Cost": 2618.95, "Plan Rows": 1.0, "Plan Width": 0, "Actual Rows": 640, "Actual Loops": 1, "Inner Unique": true, "Join Filter": "(c.userid = u.id)", "Rows Removed by Join Filter": 0, "Plans": [{"Node Type": "Nested Loop", "Parent Relationship": "Outer", "Parallel Aware": false, "Async Capable": false, "Join Type": "Inner", "Startup Cost": 1.55, "Total Cost": 2599.0, "Plan Rows": 3.0, "Plan Width": 8, "Actual Rows": 640, "Actual Loops": 1, "Inner Unique": false, "Plans": [{"Node Type": "Nested Loop", "Parent Relationship": "Outer", "Parallel Aware": false, "Async Capable": false, "Join Type": "Inner", "Startup Cost": 1.13, "Total Cost": 2593.53, "Plan Rows": 1.0, "Plan Width": 4, "Actual Rows": 2, "Actual Loops": 1, "Inner Unique": false, "Join Filter": "(p.id = ph.postid)", "Rows Removed by Join Filter": 0, "Plans": [{"Node Type": "Nested Loop", "Parent Relationship": "Outer", "Parallel Aware": false, "Async Capable": false, "Join Type": "Inner", "Startup Cost": 0.71, "Total Cost": 2592.03, "Plan Rows": 1.0, "Plan Width": 16, "Actual Rows": 2, "Actual Loops": 1, "Inner Unique": false, "Join Filter": "(c.postid = p.id)", "Rows Removed by Join Filter": 0, "Plans": [{"Node Type": "Nested Loop", "Parent Relationship": "Outer", "Parallel Aware": false, "Async Capable": false, "Join Type": "Inner", "Startup Cost": 0.29, "Total Cost": 2584.33, "Plan Rows": 28.0, "Plan Width": 8, "Actual Rows": 132, "Actual Loops": 1, "Inner Unique": false, "Plans": [{"Node Type": "Seq Scan", "Parent Relationship": "Outer", "Parallel Aware": false, "Async Capable": false, "Relation Name": "posts", "Alias": "p", "Startup Cost": 0.0, "Total Cost": 2449.58, "Plan Rows": 60, "Plan Width": 4, "Actual Rows": 129, "Actual Loops": 1, "Filter": "((favoritecount >= 22) AND (favoritecount <= 198) AND (posttypeid = 1))", "Rows Removed by Filter": 91847}, {"Node Type": "Index Only Scan", "Parent Relationship": "Inner", "Parallel Aware": false, "Async Capable": false, "Scan Direction": "Forward", "Index Name": "idx_postlinks_postid", "Relation Name": "postlinks", "Alias": "pl", "Startup Cost": 0.29, "Total Cost": 2.24, "Plan Rows": 1, "Plan Width": 4, "Actual Rows": 1, "Actual Loops": 129, "Index Cond": "(postid = p.id)", "Rows Removed by Index Recheck": 0, "Heap Fetches": 0}]}, {"Node Type": "Index Scan", "Parent Relationship": "Inner", "Parallel Aware": false, "Async Capable": false, "Scan Direction": "Forward", "Index Name": "idx_comments_postid", "Relation Name": "comments", "Alias": "c", "Startup Cost": 0.42, "Total Cost": 1.09, "Plan Rows": 1, "Plan Width": 8, "Actual Rows": 0, "Actual Loops": 132, "Index Cond": "(postid = pl.postid)", "Rows Removed by Index Recheck": 0, "Filter": "((creationdate >= '2012-03-05 08:40:00'::timestamp without time zone) AND (creationdate <= '2012-11-16 15:46:45'::timestamp without time zone) AND (score = 11))", "Rows Removed by Filter": 5}]}, {"Node Type": "Index Scan", "Parent Relationship": "Inner", "Parallel Aware": false, "Async Capable": false, "Scan Direction": "Forward", "Index Name": "idx_posthistory_postid", "Relation Name": "posthistory", "Alias": "ph", "Startup Cost": 0.42, "Total Cost": 1.49, "Plan Rows": 1, "Plan Width": 4, "Actual Rows": 1, "Actual Loops": 2, "Index Cond": "(postid = pl.postid)", "Rows Removed by Index Recheck": 0, "Filter": "(posthistorytypeid = 19)", "Rows Removed by Filter": 7}]}, {"Node Type": "Index Only Scan", "Parent Relationship": "Inner", "Parallel Aware": false, "Async Capable": false, "Scan Direction": "Forward", "Index Name": "idx_votes_userid", "Relation Name": "votes", "Alias": "v", "Startup Cost": 0.42, "Total Cost": 5.38, "Plan Rows": 9, "Plan Width": 4, "Actual Rows": 320, "Actual Loops": 2, "Index Cond": "(userid = c.userid)", "Rows Removed by Index Recheck": 0, "Heap Fetches": 0}]}, {"Node Type": "Index Scan", "Parent Relationship": "Inner", "Parallel Aware": false, "Async Capable": false, "Scan Direction": "Forward", "Index Name": "users_pkey", "Relation Name": "users", "Alias": "u", "Startup Cost": 0.29, "Total Cost": 0.32, "Plan Rows": 1, "Plan Width": 4, "Actual Rows": 1, "Actual Loops": 640, "Index Cond": "(id = v.userid)", "Rows Removed by Index Recheck": 0, "Filter": "((downvotes <= 140) AND (upvotes >= 1883) AND (creationdate >= '2010-07-21 17:37:51'::timestamp without time zone))", "Rows Removed by Filter": 0}]}]}, "Planning Time": 3.763, "Triggers": [], "Execution Time": 8.514}, {"Plan": {"Node Type": "Aggregate", "Strategy": "Plain", "Partial Mode": "Simple", "Parallel Aware": false, "Async Capable": false, "Startup Cost": 3720.81, "Total Cost": 3720.82, "Plan Rows": 1, "Plan Width": 8, "Actual Rows": 1, "Actual Loops": 1, "Plans": [{"Node Type": "Nested Loop", "Parent Relationship": "Outer", "Parallel Aware": false, "Async Capable": false, "Join Type": "Inner", "Startup Cost": 1.43, "Total Cost": 3720.81, "Plan Rows": 1.0, "Plan Width": 0, "Actual Rows": 640, "Actual Loops": 1, "Inner Unique": false, "Join Filter": "(c.postid = p.id)", "Rows Removed by Join Filter": 1280, "Plans": [{"Node Type": "Nested Loop", "Parent Relationship": "Outer", "Parallel Aware": false, "Async Capable": false, "Join Type": "Inner", "Startup Cost": 0.71, "Total Cost": 2594.87, "Plan Rows": 5.0, "Plan Width": 12, "Actual Rows": 6, "Actual Loops": 1, "Inner Unique": false, "Join Filter": "(p.id = ph.postid)", "Rows Removed by Join Filter": 0, "Plans": [{"Node Type": "Nested Loop", "Parent Relationship": "Outer", "Parallel Aware": false, "Async Capable": false, "Join Type": "Inner", "Startup Cost": 0.29, "Total Cost": 2584.33, "Plan Rows": 28.0, "Plan Width": 8, "Actual Rows": 132, "Actual Loops": 1, "Inner Unique": false, "Plans": [{"Node Type": "Seq Scan", "Parent Relationship": "Outer", "Parallel Aware": false, "Async Capable": false, "Relation Name": "posts", "Alias": "p", "Startup Cost": 0.0, "Total Cost": 2449.58, "Plan Rows": 60, "Plan Width": 4, "Actual Rows": 129, "Actual Loops": 1, "Filter": "((favoritecount >= 22) AND (favoritecount <= 198) AND (posttypeid = 1))", "Rows Removed by Filter": 91847}, {"Node Type": "Index Only Scan", "Parent Relationship": "Inner", "Parallel Aware": false, "Async Capable": false, "Scan Direction": "Forward", "Index Name": "idx_postlinks_postid", "Relation Name": "postlinks", "Alias": "pl", "Startup Cost": 0.29, "Total Cost": 2.24, "Plan Rows": 1, "Plan Width": 4, "Actual Rows": 1, "Actual Loops": 129, "Index Cond": "(postid = p.id)", "Rows Removed by Index Recheck": 0, "Heap Fetches": 0}]}, {"Node Type": "Index Scan", "Parent Relationship": "Inner", "Parallel Aware": false, "Async Capable": false, "Scan Direction": "Forward", "Index Name": "idx_posthistory_postid", "Relation Name": "posthistory", "Alias": "ph", "Startup Cost": 0.42, "Total Cost": 1.49, "Plan Rows": 1, "Plan Width": 4, "Actual Rows": 0, "Actual Loops": 132, "Index Cond": "(postid = pl.postid)", "Rows Removed by Index Recheck": 0, "Filter": "(posthistorytypeid = 19)", "Rows Removed by Filter": 7}]}, {"Node Type": "Nested Loop", "Parent Relationship": "Inner", "Parallel Aware": false, "Async Capable": false, "Join Type": "Inner", "Startup Cost": 0.72, "Total Cost": 1125.93, "Plan Rows": 11.0, "Plan Width": 4, "Actual Rows": 320, "Actual Loops": 6, "Inner Unique": false, "Join Filter": "(c.userid = u.id)", "Rows Removed by Join Filter": 0, "Plans": [{"Node Type": "Nested Loop", "Parent Relationship": "Outer", "Parallel Aware": false, "Async Capable": false, "Join Type": "Inner", "Startup Cost": 0.42, "Total Cost": 1113.56, "Plan Rows": 394.0, "Plan Width": 8, "Actual Rows": 1230, "Actual Loops": 6, "Inner Unique": false, "Plans": [{"Node Type": "Seq Scan", "Parent Relationship": "Outer", "Parallel Aware": false, "Async Capable": false, "Relation Name": "users", "Alias": "u", "Startup Cost": 0.0, "Total Cost": 1002.69, "Plan Rows": 22, "Plan Width": 4, "Actual Rows": 10, "Actual Loops": 6, "Filter": "((downvotes <= 140) AND (upvotes >= 1883) AND (creationdate >= '2010-07-21 17:37:51'::timestamp without time zone))", "Rows Removed by Filter": 40315}, {"Node Type": "Index Only Scan", "Parent Relationship": "Inner", "Parallel Aware": false, "Async Capable": false, "Scan Direction": "Forward", "Index Name": "idx_votes_userid", "Relation Name": "votes", "Alias": "v", "Startup Cost": 0.42, "Total Cost": 4.95, "Plan Rows": 9, "Plan Width": 4, "Actual Rows": 123, "Actual Loops": 60, "Index Cond": "(userid = u.id)", "Rows Removed by Index Recheck": 0, "Heap Fetches": 0}]}, {"Node Type": "Index Scan", "Parent Relationship": "Inner", "Parallel Aware": false, "Async Capable": false, "Scan Direction": "Forward", "Index Name": "idx_comments_userid", "Relation Name": "comments", "Alias": "c", "Startup Cost": 0.29, "Total Cost": 0.64, "Plan Rows": 1, "Plan Width": 8, "Actual Rows": 0, "Actual Loops": 7380, "Index Cond": "(userid = v.userid)", "Rows Removed by Index Recheck": 0, "Filter": "((creationdate >= '2012-03-05 08:40:00'::timestamp without time zone) AND (creationdate <= '2012-11-16 15:46:45'::timestamp without time zone) AND (score = 11))", "Rows Removed by Filter": 1438}]}]}]}, "Planning Time": 4.532, "Triggers": [], "Execution Time": 1643.424}, {"Plan": {"Node Type": "Aggregate", "Strategy": "Plain", "Partial Mode": "Simple", "Parallel Aware": false, "Async Capable": false, "Startup Cost": 4103.22, "Total Cost": 4103.23, "Plan Rows": 1, "Plan Width": 8, "Actual Rows": 1, "Actual Loops": 1, "Plans": [{"Node Type": "Nested Loop", "Parent Relationship": "Outer", "Parallel Aware": false, "Async Capable": false, "Join Type": "Inner", "Startup Cost": 1.42, "Total Cost": 4103.22, "Plan Rows": 1.0, "Plan Width": 0, "Actual Rows": 640, "Actual Loops": 1, "Inner Unique": false, "Join Filter": "(p.id = pl.postid)", "Rows Removed by Join Filter": 4480, "Plans": [{"Node Type": "Nested Loop", "Parent Relationship": "Outer", "Parallel Aware": false, "Async Capable": false, "Join Type": "Inner", "Startup Cost": 0.42, "Total Cost": 2972.97, "Plan Rows": 2.0, "Plan Width": 8, "Actual Rows": 8, "Actual Loops": 1, "Inner Unique": false, "Plans": [{"Node Type": "Seq Scan", "Parent Relationship": "Outer", "Parallel Aware": false, "Async Capable": false, "Relation Name": "posts", "Alias": "p", "Startup Cost": 0.0, "Total Cost": 2449.58, "Plan Rows": 60, "Plan Width": 4, "Actual Rows": 129, "Actual Loops": 1, "Filter": "((favoritecount >= 22) AND (favoritecount <= 198) AND (posttypeid = 1))", "Rows Removed by Filter": 91847}, {"Node Type": "Index Scan", "Parent Relationship": "Inner", "Parallel Aware": false, "Async Capable": false, "Scan Direction": "Forward", "Index Name": "idx_posthistory_postid", "Relation Name": "posthistory", "Alias": "ph", "Startup Cost": 0.42, "Total Cost": 8.71, "Plan Rows": 1, "Plan Width": 4, "Actual Rows": 0, "Actual Loops": 129, "Index Cond": "(postid = p.id)", "Rows Removed by Index Recheck": 0, "Filter": "(posthistorytypeid = 19)", "Rows Removed by Filter": 7}]}, {"Node Type": "Nested Loop", "Parent Relationship": "Inner", "Parallel Aware": false, "Async Capable": false, "Join Type": "Inner", "Startup Cost": 1.0, "Total Cost": 1130.24, "Plan Rows": 15.0, "Plan Width": 8, "Actual Rows": 640, "Actual Loops": 8, "Inner Unique": false, "Plans": [{"Node Type": "Nested Loop", "Parent Relationship": "Outer", "Parallel Aware": false, "Async Capable": false, "Join Type": "Inner", "Startup Cost": 0.72, "Total Cost": 1125.93, "Plan Rows": 11.0, "Plan Width": 4, "Actual Rows": 320, "Actual Loops": 8, "Inner Unique": false, "Join Filter": "(c.userid = u.id)", "Rows Removed by Join Filter": 0, "Plans": [{"Node Type": "Nested Loop", "Parent Relationship": "Outer", "Parallel Aware": false, "Async Capable": false, "Join Type": "Inner", "Startup Cost": 0.42, "Total Cost": 1113.56, "Plan Rows": 394.0, "Plan Width": 8, "Actual Rows": 1230, "Actual Loops": 8, "Inner Unique": false, "Plans": [{"Node Type": "Seq Scan", "Parent Relationship": "Outer", "Parallel Aware": false, "Async Capable": false, "Relation Name": "users", "Alias": "u", "Startup Cost": 0.0, "Total Cost": 1002.69, "Plan Rows": 22, "Plan Width": 4, "Actual Rows": 10, "Actual Loops": 8, "Filter": "((downvotes <= 140) AND (upvotes >= 1883) AND (creationdate >= '2010-07-21 17:37:51'::timestamp without time zone))", "Rows Removed by Filter": 40315}, {"Node Type": "Index Only Scan", "Parent Relationship": "Inner", "Parallel Aware": false, "Async Capable": false, "Scan Direction": "Forward", "Index Name": "idx_votes_userid", "Relation Name": "votes", "Alias": "v", "Startup Cost": 0.42, "Total Cost": 4.95, "Plan Rows": 9, "Plan Width": 4, "Actual Rows": 123, "Actual Loops": 80, "Index Cond": "(userid = u.id)", "Rows Removed by Index Recheck": 0, "Heap Fetches": 0}]}, {"Node Type": "Index Scan", "Parent Relationship": "Inner", "Parallel Aware": false, "Async Capable": false, "Scan Direction": "Forward", "Index Name": "idx_comments_userid", "Relation Name": "comments", "Alias": "c", "Startup Cost": 0.29, "Total Cost": 0.64, "Plan Rows": 1, "Plan Width": 8, "Actual Rows": 0, "Actual Loops": 9840, "Index Cond": "(userid = v.userid)", "Rows Removed by Index Recheck": 0, "Filter": "((creationdate >= '2012-03-05 08:40:00'::timestamp without time zone) AND (creationdate <= '2012-11-16 15:46:45'::timestamp without time zone) AND (score = 11))", "Rows Removed by Filter": 1438}]}, {"Node Type": "Index Only Scan", "Parent Relationship": "Inner", "Parallel Aware": false, "Async Capable": false, "Scan Direction": "Forward", "Index Name": "idx_postlinks_postid", "Relation Name": "postlinks", "Alias": "pl", "Startup Cost": 0.29, "Total Cost": 4.3, "Plan Rows": 1, "Plan Width": 4, "Actual Rows": 2, "Actual Loops": 2560, "Index Cond": "(postid = c.postid)", "Rows Removed by Index Recheck": 0, "Heap Fetches": 0}]}]}]}, "Planning Time": 4.594, "Triggers": [], "Execution Time": 2123.158}, {"Plan": {"Node Type": "Aggregate", "Strategy": "Plain", "Partial Mode": "Finalize", "Parallel Aware": false, "Async Capable": false, "Startup Cost": 6679.23, "Total Cost": 6679.24, "Plan Rows": 1, "Plan Width": 8, "Actual Rows": 1, "Actual Loops": 1, "Plans": [{"Node Type": "Gather", "Parent Relationship": "Outer", "Parallel Aware": false, "Async Capable": false, "Startup Cost": 6679.12, "Total Cost": 6679.23, "Plan Rows": 1, "Plan Width": 8, "Actual Rows": 2, "Actual Loops": 1, "Workers Planned": 1, "Workers Launched": 1, "Single Copy": false, "Plans": [{"Node Type": "Aggregate", "Strategy": "Plain", "Partial Mode": "Partial", "Parent Relationship": "Outer", "Parallel Aware": false, "Async Capable": false, "Startup Cost": 5679.12, "Total Cost": 5679.13, "Plan Rows": 1, "Plan Width": 8, "Actual Rows": 1, "Actual Loops": 2, "Workers": [], "Plans": [{"Node Type": "Hash Join", "Parent Relationship": "Outer", "Parallel Aware": false, "Async Capable": false, "Join Type": "Inner", "Startup Cost": 1134.81, "Total Cost": 5679.12, "Plan Rows": 1.0, "Plan Width": 0, "Actual Rows": 320, "Actual Loops": 2, "Inner Unique": false, "Hash Cond": "(pl.postid = p.id)", "Workers": [], "Plans": [{"Node Type": "Nested Loop", "Parent Relationship": "Outer", "Parallel Aware": false, "Async Capable": false, "Join Type": "Inner", "Startup Cost": 0.29, "Total Cost": 4544.57, "Plan Rows": 128.0, "Plan Width": 8, "Actual Rows": 11, "Actual Loops": 2, "Inner Unique": false, "Workers": [], "Plans": [{"Node Type": "Seq Scan", "Parent Relationship": "Outer", "Parallel Aware": true, "Async Capable": false, "Relation Name": "posthistory", "Alias": "ph", "Startup Cost": 0.0, "Total Cost": 4469.32, "Plan Rows": 30, "Plan Width": 4, "Actual Rows": 22, "Actual Loops": 2, "Filter": "(posthistorytypeid = 19)", "Rows Removed by Filter": 151571, "Workers": []}, {"Node Type": "Index Only Scan", "Parent Relationship": "Inner", "Parallel Aware": false, "Async Capable": false, "Scan Direction": "Forward", "Index Name": "idx_postlinks_postid", "Relation Name": "postlinks", "Alias": "pl", "Startup Cost": 0.29, "Total Cost": 2.5, "Plan Rows": 1, "Plan Width": 4, "Actual Rows": 0, "Actual Loops": 45, "Index Cond": "(postid = ph.postid)", "Rows Removed by Index Recheck": 0, "Heap Fetches": 0, "Workers": []}]}, {"Node Type": "Hash", "Parent Relationship": "Inner", "Parallel Aware": false, "Async Capable": false, "Startup Cost": 1134.51, "Total Cost": 1134.51, "Plan Rows": 1.0, "Plan Width": 8, "Actual Rows": 320, "Actual Loops": 2, "Hash Buckets": 1024, "Original Hash Buckets": 1024, "Hash Batches": 1, "Original Hash Batches": 1, "Peak Memory Usage": 21, "Workers": [], "Plans": [{"Node Type": "Nested Loop", "Parent Relationship": "Outer", "Parallel Aware": false, "Async Capable": false, "Join Type": "Inner", "Startup Cost": 1.01, "Total Cost": 1134.51, "Plan Rows": 1.0, "Plan Width": 8, "Actual Rows": 320, "Actual Loops": 2, "Inner Unique": true, "Workers": [], "Plans": [{"Node Type": "Nested Loop", "Parent Relationship": "Outer", "Parallel Aware": false, "Async Capable": false, "Join Type": "Inner", "Startup Cost": 0.72, "Total Cost": 1125.93, "Plan Rows": 11.0, "Plan Width": 4, "Actual Rows": 320, "Actual Loops": 2, "Inner Unique": false, "Join Filter": "(c.userid = u.id)", "Rows Removed by Join Filter": 0, "Workers": [], "Plans": [{"Node Type": "Nested Loop", "Parent Relationship": "Outer", "Parallel Aware": false, "Async Capable": false, "Join Type": "Inner", "Startup Cost": 0.42, "Total Cost": 1113.56, "Plan Rows": 394.0, "Plan Width": 8, "Actual Rows": 1230, "Actual Loops": 2, "Inner Unique": false, "Workers": [], "Plans": [{"Node Type": "Seq Scan", "Parent Relationship": "Outer", "Parallel Aware": false, "Async Capable": false, "Relation Name": "users", "Alias": "u", "Startup Cost": 0.0, "Total Cost": 1002.69, "Plan Rows": 22, "Plan Width": 4, "Actual Rows": 10, "Actual Loops": 2, "Filter": "((downvotes <= 140) AND (upvotes >= 1883) AND (creationdate >= '2010-07-21 17:37:51'::timestamp without time zone))", "Rows Removed by Filter": 40315, "Workers": []}, {"Node Type": "Index Only Scan", "Parent Relationship": "Inner", "Parallel Aware": false, "Async Capable": false, "Scan Direction": "Forward", "Index Name": "idx_votes_userid", "Relation Name": "votes", "Alias": "v", "Startup Cost": 0.42, "Total Cost": 4.95, "Plan Rows": 9, "Plan Width": 4, "Actual Rows": 123, "Actual Loops": 20, "Index Cond": "(userid = u.id)", "Rows Removed by Index Recheck": 0, "Heap Fetches": 0, "Workers": []}]}, {"Node Type": "Index Scan", "Parent Relationship": "Inner", "Parallel Aware": false, "Async Capable": false, "Scan Direction": "Forward", "Index Name": "idx_comments_userid", "Relation Name": "comments", "Alias": "c", "Startup Cost": 0.29, "Total Cost": 0.64, "Plan Rows": 1, "Plan Width": 8, "Actual Rows": 0, "Actual Loops": 2460, "Index Cond": "(userid = v.userid)", "Rows Removed by Index Recheck": 0, "Filter": "((creationdate >= '2012-03-05 08:40:00'::timestamp without time zone) AND (creationdate <= '2012-11-16 15:46:45'::timestamp without time zone) AND (score = 11))", "Rows Removed by Filter": 1438, "Workers": []}]}, {"Node Type": "Index Scan", "Parent Relationship": "Inner", "Parallel Aware": false, "Async Capable": false, "Scan Direction": "Forward", "Index Name": "posts_pkey", "Relation Name": "posts", "Alias": "p", "Startup Cost": 0.29, "Total Cost": 8.32, "Plan Rows": 1, "Plan Width": 4, "Actual Rows": 1, "Actual Loops": 640, "Index Cond": "(id = c.postid)", "Rows Removed by Index Recheck": 0, "Filter": "((favoritecount >= 22) AND (favoritecount <= 198) AND (posttypeid = 1))", "Rows Removed by Filter": 0, "Workers": []}]}]}]}]}]}]}, "Planning Time": 10.339, "Triggers": [], "Execution Time": 383.156}, {"Plan": {"Node Type": "Aggregate", "Strategy": "Plain", "Partial Mode": "Simple", "Parallel Aware": false, "Async Capable": false, "Startup Cost": 1132.47, "Total Cost": 1132.48, "Plan Rows": 1, "Plan Width": 8, "Actual Rows": 1, "Actual Loops": 1, "Plans": [{"Node Type": "Nested Loop", "Parent Relationship": "Outer", "Parallel Aware": false, "Async Capable": false, "Join Type": "Inner", "Startup Cost": 1.72, "Total Cost": 1132.47, "Plan Rows": 1.0, "Plan Width": 0, "Actual Rows": 640, "Actual Loops": 1, "Inner Unique": true, "Plans": [{"Node Type": "Nested Loop", "Parent Relationship": "Outer", "Parallel Aware": false, "Async Capable": false, "Join Type": "Inner", "Startup Cost": 1.42, "Total Cost": 1131.74, "Plan Rows": 2.0, "Plan Width": 12, "Actual Rows": 640, "Actual Loops": 1, "Inner Unique": false, "Plans": [{"Node Type": "Nested Loop", "Parent Relationship": "Outer", "Parallel Aware": false, "Async Capable": false, "Join Type": "Inner", "Startup Cost": 1.0, "Total Cost": 1130.24, "Plan Rows": 15.0, "Plan Width": 8, "Actual Rows": 640, "Actual Loops": 1, "Inner Unique": false, "Plans": [{"Node Type": "Nested Loop", "Parent Relationship": "Outer", "Parallel Aware": false, "Async Capable": false, "Join Type": "Inner", "Startup Cost": 0.72, "Total Cost": 1125.93, "Plan Rows": 11.0, "Plan Width": 4, "Actual Rows": 320, "Actual Loops": 1, "Inner Unique": false, "Join Filter": "(c.userid = u.id)", "Rows Removed by Join Filter": 0, "Plans": [{"Node Type": "Nested Loop", "Parent Relationship": "Outer", "Parallel Aware": false, "Async Capable": false, "Join Type": "Inner", "Startup Cost": 0.42, "Total Cost": 1113.56, "Plan Rows": 394.0, "Plan Width": 8, "Actual Rows": 1230, "Actual Loops": 1, "Inner Unique": false, "Plans": [{"Node Type": "Seq Scan", "Parent Relationship": "Outer", "Parallel Aware": false, "Async Capable": false, "Relation Name": "users", "Alias": "u", "Startup Cost": 0.0, "Total Cost": 1002.69, "Plan Rows": 22, "Plan Width": 4, "Actual Rows": 10, "Actual Loops": 1, "Filter": "((downvotes <= 140) AND (upvotes >= 1883) AND (creationdate >= '2010-07-21 17:37:51'::timestamp without time zone))", "Rows Removed by Filter": 40315}, {"Node Type": "Index Only Scan", "Parent Relationship": "Inner", "Parallel Aware": false, "Async Capable": false, "Scan Direction": "Forward", "Index Name": "idx_votes_userid", "Relation Name": "votes", "Alias": "v", "Startup Cost": 0.42, "Total Cost": 4.95, "Plan Rows": 9, "Plan Width": 4, "Actual Rows": 123, "Actual Loops": 10, "Index Cond": "(userid = u.id)", "Rows Removed by Index Recheck": 0, "Heap Fetches": 0}]}, {"Node Type": "Index Scan", "Parent Relationship": "Inner", "Parallel Aware": false, "Async Capable": false, "Scan Direction": "Forward", "Index Name": "idx_comments_userid", "Relation Name": "comments", "Alias": "c", "Startup Cost": 0.29, "Total Cost": 0.64, "Plan Rows": 1, "Plan Width": 8, "Actual Rows": 0, "Actual Loops": 1230, "Index Cond": "(userid = v.userid)", "Rows Removed by Index Recheck": 0, "Filter": "((creationdate >= '2012-03-05 08:40:00'::timestamp without time zone) AND (creationdate <= '2012-11-16 15:46:45'::timestamp without time zone) AND (score = 11))", "Rows Removed by Filter": 1438}]}, {"Node Type": "Index Only Scan", "Parent Relationship": "Inner", "Parallel Aware": false, "Async Capable": false, "Scan Direction": "Forward", "Index Name": "idx_postlinks_postid", "Relation Name": "postlinks", "Alias": "pl", "Startup Cost": 0.29, "Total Cost": 4.3, "Plan Rows": 1, "Plan Width": 4, "Actual Rows": 2, "Actual Loops": 320, "Index Cond": "(postid = c.postid)", "Rows Removed by Index Recheck": 0, "Heap Fetches": 0}]}, {"Node Type": "Index Scan", "Parent Relationship": "Inner", "Parallel Aware": false, "Async Capable": false, "Scan Direction": "Forward", "Index Name": "idx_posthistory_postid", "Relation Name": "posthistory", "Alias": "ph", "Startup Cost": 0.42, "Total Cost": 1.49, "Plan Rows": 1, "Plan Width": 4, "Actual Rows": 1, "Actual Loops": 640, "Index Cond": "(postid = pl.postid)", "Rows Removed by Index Recheck": 0, "Filter": "(posthistorytypeid = 19)", "Rows Removed by Filter": 7}]}, {"Node Type": "Index Scan", "Parent Relationship": "Inner", "Parallel Aware": false, "Async Capable": false, "Scan Direction": "Forward", "Index Name": "posts_pkey", "Relation Name": "posts", "Alias": "p", "Startup Cost": 0.29, "Total Cost": 0.71, "Plan Rows": 1, "Plan Width": 4, "Actual Rows": 1, "Actual Loops": 640, "Index Cond": "(id = pl.postid)", "Rows Removed by Index Recheck": 0, "Filter": "((favoritecount >= 22) AND (favoritecount <= 198) AND (posttypeid = 1))", "Rows Removed by Filter": 0}]}]}, "Planning Time": 3.895, "Triggers": [], "Execution Time": 271.045}, {"Plan": {"Node Type": "Aggregate", "Strategy": "Plain", "Partial Mode": "Simple", "Parallel Aware": false, "Async Capable": false, "Startup Cost": 1145.3, "Total Cost": 1145.31, "Plan Rows": 1, "Plan Width": 8, "Actual Rows": 1, "Actual Loops": 1, "Plans": [{"Node Type": "Nested Loop", "Parent Relationship": "Outer", "Parallel Aware": false, "Async Capable": false, "Join Type": "Inner", "Startup Cost": 1.72, "Total Cost": 1145.3, "Plan Rows": 1.0, "Plan Width": 0, "Actual Rows": 640, "Actual Loops": 1, "Inner Unique": false, "Plans": [{"Node Type": "Nested Loop", "Parent Relationship": "Outer", "Parallel Aware": false, "Async Capable": false, "Join Type": "Inner", "Startup Cost": 1.43, "Total Cost": 1143.06, "Plan Rows": 1.0, "Plan Width": 12, "Actual Rows": 320, "Actual Loops": 1, "Inner Unique": true, "Plans": [{"Node Type": "Nested Loop", "Parent Relationship": "Outer", "Parallel Aware": false, "Async Capable": false, "Join Type": "Inner", "Startup Cost": 1.14, "Total Cost": 1134.88, "Plan Rows": 2.0, "Plan Width": 8, "Actual Rows": 320, "Actual Loops": 1, "Inner Unique": false, "Plans": [{"Node Type": "Nested Loop", "Parent Relationship": "Outer", "Parallel Aware": false, "Async Capable": false, "Join Type": "Inner", "Startup Cost": 0.72, "Total Cost": 1125.93, "Plan Rows": 11.0, "Plan Width": 4, "Actual Rows": 320, "Actual Loops": 1, "Inner Unique": false, "Join Filter": "(c.userid = u.id)", "Rows Removed by Join Filter": 0, "Plans": [{"Node Type": "Nested Loop", "Parent Relationship": "Outer", "Parallel Aware": false, "Async Capable": false, "Join Type": "Inner", "Startup Cost": 0.42, "Total Cost": 1113.56, "Plan Rows": 394.0, "Plan Width": 8, "Actual Rows": 1230, "Actual Loops": 1, "Inner Unique": false, "Plans": [{"Node Type": "Seq Scan", "Parent Relationship": "Outer", "Parallel Aware": false, "Async Capable": false, "Relation Name": "users", "Alias": "u", "Startup Cost": 0.0, "Total Cost": 1002.69, "Plan Rows": 22, "Plan Width": 4, "Actual Rows": 10, "Actual Loops": 1, "Filter": "((downvotes <= 140) AND (upvotes >= 1883) AND (creationdate >= '2010-07-21 17:37:51'::timestamp without time zone))", "Rows Removed by Filter": 40315}, {"Node Type": "Index Only Scan", "Parent Relationship": "Inner", "Parallel Aware": false, "Async Capable": false, "Scan Direction": "Forward", "Index Name": "idx_votes_userid", "Relation Name": "votes", "Alias": "v", "Startup Cost": 0.42, "Total Cost": 4.95, "Plan Rows": 9, "Plan Width": 4, "Actual Rows": 123, "Actual Loops": 10, "Index Cond": "(userid = u.id)", "Rows Removed by Index Recheck": 0, "Heap Fetches": 0}]}, {"Node Type": "Index Scan", "Parent Relationship": "Inner", "Parallel Aware": false, "Async Capable": false, "Scan Direction": "Forward", "Index Name": "idx_comments_userid", "Relation Name": "comments", "Alias": "c", "Startup Cost": 0.29, "Total Cost": 0.64, "Plan Rows": 1, "Plan Width": 8, "Actual Rows": 0, "Actual Loops": 1230, "Index Cond": "(userid = v.userid)", "Rows Removed by Index Recheck": 0, "Filter": "((creationdate >= '2012-03-05 08:40:00'::timestamp without time zone) AND (creationdate <= '2012-11-16 15:46:45'::timestamp without time zone) AND (score = 11))", "Rows Removed by Filter": 1438}]}, {"Node Type": "Index Scan", "Parent Relationship": "Inner", "Parallel Aware": false, "Async Capable": false, "Scan Direction": "Forward", "Index Name": "idx_posthistory_postid", "Relation Name": "posthistory", "Alias": "ph", "Startup Cost": 0.42, "Total Cost": 8.94, "Plan Rows": 1, "Plan Width": 4, "Actual Rows": 1, "Actual Loops": 320, "Index Cond": "(postid = c.postid)", "Rows Removed by Index Recheck": 0, "Filter": "(posthistorytypeid = 19)", "Rows Removed by Filter": 7}]}, {"Node Type": "Index Scan", "Parent Relationship": "Inner", "Parallel Aware": false, "Async Capable": false, "Scan Direction": "Forward", "Index Name": "posts_pkey", "Relation Name": "posts", "Alias": "p", "Startup Cost": 0.29, "Total Cost": 7.93, "Plan Rows": 1, "Plan Width": 4, "Actual Rows": 1, "Actual Loops": 320, "Index Cond": "(id = ph.postid)", "Rows Removed by Index Recheck": 0, "Filter": "((favoritecount >= 22) AND (favoritecount <= 198) AND (posttypeid = 1))", "Rows Removed by Filter": 0}]}, {"Node Type": "Index Only Scan", "Parent Relationship": "Inner", "Parallel Aware": false, "Async Capable": false, "Scan Direction": "Forward", "Index Name": "idx_postlinks_postid", "Relation Name": "postlinks", "Alias": "pl", "Startup Cost": 0.29, "Total Cost": 2.24, "Plan Rows": 1, "Plan Width": 4, "Actual Rows": 2, "Actual Loops": 320, "Index Cond": "(postid = p.id)", "Rows Removed by Index Recheck": 0, "Heap Fetches": 0}]}]}, "Planning Time": 3.518, "Triggers": [], "Execution Time": 263.895}, {"Plan": {"Node Type": "Aggregate", "Strategy": "Plain", "Partial Mode": "Simple", "Parallel Aware": false, "Async Capable": false, "Startup Cost": 1762.56, "Total Cost": 1762.57, "Plan Rows": 1, "Plan Width": 8, "Actual Rows": 1, "Actual Loops": 1, "Plans": [{"Node Type": "Nested Loop", "Parent Relationship": "Outer", "Parallel Aware": false, "Async Capable": false, "Join Type": "Inner", "Startup Cost": 1004.9, "Total Cost": 1762.56, "Plan Rows": 1.0, "Plan Width": 0, "Actual Rows": 640, "Actual Loops": 1, "Inner Unique": true, "Plans": [{"Node Type": "Nested Loop", "Parent Relationship": "Outer", "Parallel Aware": false, "Async Capable": false, "Join Type": "Inner", "Startup Cost": 1004.6, "Total Cost": 1761.84, "Plan Rows": 2.0, "Plan Width": 12, "Actual Rows": 640, "Actual Loops": 1, "Inner Unique": false, "Plans": [{"Node Type": "Nested Loop", "Parent Relationship": "Outer", "Parallel Aware": false, "Async Capable": false, "Join Type": "Inner", "Startup Cost": 1004.18, "Total Cost": 1760.33, "Plan Rows": 15.0, "Plan Width": 8, "Actual Rows": 640, "Actual Loops": 1, "Inner Unique": false, "Plans": [{"Node Type": "Nested Loop", "Parent Relationship": "Outer", "Parallel Aware": false, "Async Capable": false, "Join Type": "Inner", "Startup Cost": 1003.9, "Total Cost": 1756.02, "Plan Rows": 11.0, "Plan Width": 4, "Actual Rows": 320, "Actual Loops": 1, "Inner Unique": false, "Join Filter": "(c.userid = u.id)", "Rows Removed by Join Filter": 0, "Plans": [{"Node Type": "Merge Join", "Parent Relationship": "Outer", "Parallel Aware": false, "Async Capable": false, "Join Type": "Inner", "Startup Cost": 1003.6, "Total Cost": 1743.65, "Plan Rows": 394.0, "Plan Width": 8, "Actual Rows": 1230, "Actual Loops": 1, "Inner Unique": true, "Merge Cond": "(v.userid = u.id)", "Plans": [{"Node Type": "Index Only Scan", "Parent Relationship": "Outer", "Parallel Aware": false, "Async Capable": false, "Scan Direction": "Forward", "Index Name": "idx_votes_userid", "Relation Name": "votes", "Alias": "v", "Startup Cost": 0.42, "Total Cost": 6175.27, "Plan Rows": 328064, "Plan Width": 4, "Actual Rows": 26221, "Actual Loops": 1, "Heap Fetches": 0}, {"Node Type": "Sort", "Parent Relationship": "Inner", "Parallel Aware": false, "Async Capable": false, "Startup Cost": 1003.18, "Total Cost": 1003.23, "Plan Rows": 22, "Plan Width": 4, "Actual Rows": 10, "Actual Loops": 1, "Sort Key": ["u.id"], "Sort Method": "quicksort", "Sort Space Used": 25, "Sort Space Type": "Memory", "Plans": [{"Node Type": "Seq Scan", "Parent Relationship": "Outer", "Parallel Aware": false, "Async Capable": false, "Relation Name": "users", "Alias": "u", "Startup Cost": 0.0, "Total Cost": 1002.69, "Plan Rows": 22, "Plan Width": 4, "Actual Rows": 10, "Actual Loops": 1, "Filter": "((downvotes <= 140) AND (upvotes >= 1883) AND (creationdate >= '2010-07-21 17:37:51'::timestamp without time zone))", "Rows Removed by Filter": 40315}]}]}, {"Node Type": "Index Scan", "Parent Relationship": "Inner", "Parallel Aware": false, "Async Capable": false, "Scan Direction": "Forward", "Index Name": "idx_comments_userid", "Relation Name": "comments", "Alias": "c", "Startup Cost": 0.29, "Total Cost": 0.64, "Plan Rows": 1, "Plan Width": 8, "Actual Rows": 0, "Actual Loops": 1230, "Index Cond": "(userid = v.userid)", "Rows Removed by Index Recheck": 0, "Filter": "((creationdate >= '2012-03-05 08:40:00'::timestamp without time zone) AND (creationdate <= '2012-11-16 15:46:45'::timestamp without time zone) AND (score = 11))", "Rows Removed by Filter": 1438}]}, {"Node Type": "Index Only Scan", "Parent Relationship": "Inner", "Parallel Aware": false, "Async Capable": false, "Scan Direction": "Forward", "Index Name": "idx_postlinks_postid", "Relation Name": "postlinks", "Alias": "pl", "Startup Cost": 0.29, "Total Cost": 4.3, "Plan Rows": 1, "Plan Width": 4, "Actual Rows": 2, "Actual Loops": 320, "Index Cond": "(postid = c.postid)", "Rows Removed by Index Recheck": 0, "Heap Fetches": 0}]}, {"Node Type": "Index Scan", "Parent Relationship": "Inner", "Parallel Aware": false, "Async Capable": false, "Scan Direction": "Forward", "Index Name": "idx_posthistory_postid", "Relation Name": "posthistory", "Alias": "ph", "Startup Cost": 0.42, "Total Cost": 1.49, "Plan Rows": 1, "Plan Width": 4, "Actual Rows": 1, "Actual Loops": 640, "Index Cond": "(postid = pl.postid)", "Rows Removed by Index Recheck": 0, "Filter": "(posthistorytypeid = 19)", "Rows Removed by Filter": 7}]}, {"Node Type": "Index Scan", "Parent Relationship": "Inner", "Parallel Aware": false, "Async Capable": false, "Scan Direction": "Forward", "Index Name": "posts_pkey", "Relation Name": "posts", "Alias": "p", "Startup Cost": 0.29, "Total Cost": 0.71, "Plan Rows": 1, "Plan Width": 4, "Actual Rows": 1, "Actual Loops": 640, "Index Cond": "(id = pl.postid)", "Rows Removed by Index Recheck": 0, "Filter": "((favoritecount >= 22) AND (favoritecount <= 198) AND (posttypeid = 1))", "Rows Removed by Filter": 0}]}]}, "Planning Time": 3.514, "Triggers": [], "Execution Time": 265.688}, {"Plan": {"Node Type": "Aggregate", "Strategy": "Plain", "Partial Mode": "Finalize", "Parallel Aware": false, "Async Capable": false, "Startup Cost": 6600.53, "Total Cost": 6600.54, "Plan Rows": 1, "Plan Width": 8, "Actual Rows": 1, "Actual Loops": 1, "Plans": [{"Node Type": "Gather", "Parent Relationship": "Outer", "Parallel Aware": false, "Async Capable": false, "Startup Cost": 6600.42, "Total Cost": 6600.53, "Plan Rows": 1, "Plan Width": 8, "Actual Rows": 2, "Actual Loops": 1, "Workers Planned": 1, "Workers Launched": 1, "Single Copy": false, "Plans": [{"Node Type": "Aggregate", "Strategy": "Plain", "Partial Mode": "Partial", "Parent Relationship": "Outer", "Parallel Aware": false, "Async Capable": false, "Startup Cost": 5600.42, "Total Cost": 5600.43, "Plan Rows": 1, "Plan Width": 8, "Actual Rows": 1, "Actual Loops": 2, "Workers": [], "Plans": [{"Node Type": "Hash Join", "Parent Relationship": "Outer", "Parallel Aware": false, "Async Capable": false, "Join Type": "Inner", "Startup Cost": 1130.98, "Total Cost": 5600.42, "Plan Rows": 1.0, "Plan Width": 0, "Actual Rows": 320, "Actual Loops": 2, "Inner Unique": false, "Hash Cond": "(ph.postid = p.id)", "Workers": [], "Plans": [{"Node Type": "Seq Scan", "Parent Relationship": "Outer", "Parallel Aware": true, "Async Capable": false, "Relation Name": "posthistory", "Alias": "ph", "Startup Cost": 0.0, "Total Cost": 4469.32, "Plan Rows": 30, "Plan Width": 4, "Actual Rows": 22, "Actual Loops": 2, "Filter": "(posthistorytypeid = 19)", "Rows Removed by Filter": 151571, "Workers": []}, {"Node Type": "Hash", "Parent Relationship": "Inner", "Parallel Aware": false, "Async Capable": false, "Startup Cost": 1130.97, "Total Cost": 1130.97, "Plan Rows": 1.0, "Plan Width": 12, "Actual Rows": 640, "Actual Loops": 2, "Hash Buckets": 1024, "Original Hash Buckets": 1024, "Hash Batches": 1, "Original Hash Batches": 1, "Peak Memory Usage": 36, "Workers": [], "Plans": [{"Node Type": "Nested Loop", "Parent Relationship": "Outer", "Parallel Aware": false, "Async Capable": false, "Join Type": "Inner", "Startup Cost": 1.29, "Total Cost": 1130.97, "Plan Rows": 1.0, "Plan Width": 12, "Actual Rows": 640, "Actual Loops": 2, "Inner Unique": true, "Workers": [], "Plans": [{"Node Type": "Nested Loop", "Parent Relationship": "Outer", "Parallel Aware": false, "Async Capable": false, "Join Type": "Inner", "Startup Cost": 1.0, "Total Cost": 1130.24, "Plan Rows": 15.0, "Plan Width": 8, "Actual Rows": 640, "Actual Loops": 2, "Inner Unique": false, "Workers": [], "Plans": [{"Node Type": "Nested Loop", "Parent Relationship": "Outer", "Parallel Aware": false, "Async Capable": false, "Join Type": "Inner", "Startup Cost": 0.72, "Total Cost": 1125.93, "Plan Rows": 11.0, "Plan Width": 4, "Actual Rows": 320, "Actual Loops": 2, "Inner Unique": false, "Join Filter": "(c.userid = u.id)", "Rows Removed by Join Filter": 0, "Workers": [], "Plans": [{"Node Type": "Nested Loop", "Parent Relationship": "Outer", "Parallel Aware": false, "Async Capable": false, "Join Type": "Inner", "Startup Cost": 0.42, "Total Cost": 1113.56, "Plan Rows": 394.0, "Plan Width": 8, "Actual Rows": 1230, "Actual Loops": 2, "Inner Unique": false, "Workers": [], "Plans": [{"Node Type": "Seq Scan", "Parent Relationship": "Outer", "Parallel Aware": false, "Async Capable": false, "Relation Name": "users", "Alias": "u", "Startup Cost": 0.0, "Total Cost": 1002.69, "Plan Rows": 22, "Plan Width": 4, "Actual Rows": 10, "Actual Loops": 2, "Filter": "((downvotes <= 140) AND (upvotes >= 1883) AND (creationdate >= '2010-07-21 17:37:51'::timestamp without time zone))", "Rows Removed by Filter": 40315, "Workers": []}, {"Node Type": "Index Only Scan", "Parent Relationship": "Inner", "Parallel Aware": false, "Async Capable": false, "Scan Direction": "Forward", "Index Name": "idx_votes_userid", "Relation Name": "votes", "Alias": "v", "Startup Cost": 0.42, "Total Cost": 4.95, "Plan Rows": 9, "Plan Width": 4, "Actual Rows": 123, "Actual Loops": 20, "Index Cond": "(userid = u.id)", "Rows Removed by Index Recheck": 0, "Heap Fetches": 0, "Workers": []}]}, {"Node Type": "Index Scan", "Parent Relationship": "Inner", "Parallel Aware": false, "Async Capable": false, "Scan Direction": "Forward", "Index Name": "idx_comments_userid", "Relation Name": "comments", "Alias": "c", "Startup Cost": 0.29, "Total Cost": 0.64, "Plan Rows": 1, "Plan Width": 8, "Actual Rows": 0, "Actual Loops": 2460, "Index Cond": "(userid = v.userid)", "Rows Removed by Index Recheck": 0, "Filter": "((creationdate >= '2012-03-05 08:40:00'::timestamp without time zone) AND (creationdate <= '2012-11-16 15:46:45'::timestamp without time zone) AND (score = 11))", "Rows Removed by Filter": 1438, "Workers": []}]}, {"Node Type": "Index Only Scan", "Parent Relationship": "Inner", "Parallel Aware": false, "Async Capable": false, "Scan Direction": "Forward", "Index Name": "idx_postlinks_postid", "Relation Name": "postlinks", "Alias": "pl", "Startup Cost": 0.29, "Total Cost": 4.3, "Plan Rows": 1, "Plan Width": 4, "Actual Rows": 2, "Actual Loops": 640, "Index Cond": "(postid = c.postid)", "Rows Removed by Index Recheck": 0, "Heap Fetches": 0, "Workers": []}]}, {"Node Type": "Index Scan", "Parent Relationship": "Inner", "Parallel Aware": false, "Async Capable": false, "Scan Direction": "Forward", "Index Name": "posts_pkey", "Relation Name": "posts", "Alias": "p", "Startup Cost": 0.29, "Total Cost": 0.71, "Plan Rows": 1, "Plan Width": 4, "Actual Rows": 1, "Actual Loops": 1280, "Index Cond": "(id = pl.postid)", "Rows Removed by Index Recheck": 0, "Filter": "((favoritecount >= 22) AND (favoritecount <= 198) AND (posttypeid = 1))", "Rows Removed by Filter": 0, "Workers": []}]}]}]}]}]}]}, "Planning Time": 6.559, "Triggers": [], "Execution Time": 372.443}, {"Plan": {"Node Type": "Aggregate", "Strategy": "Plain", "Partial Mode": "Simple", "Parallel Aware": false, "Async Capable": false, "Startup Cost": 2668.78, "Total Cost": 2668.79, "Plan Rows": 1, "Plan Width": 8, "Actual Rows": 1, "Actual Loops": 1, "Plans": [{"Node Type": "Merge Join", "Parent Relationship": "Outer", "Parallel Aware": false, "Async Capable": false, "Join Type": "Inner", "Startup Cost": 1929.01, "Total Cost": 2668.78, "Plan Rows": 1.0, "Plan Width": 0, "Actual Rows": 640, "Actual Loops": 1, "Inner Unique": false, "Merge Cond": "(v.userid = u.id)", "Plans": [{"Node Type": "Index Only Scan", "Parent Relationship": "Outer", "Parallel Aware": false, "Async Capable": false, "Scan Direction": "Forward", "Index Name": "idx_votes_userid", "Relation Name": "votes", "Alias": "v", "Startup Cost": 0.42, "Total Cost": 6175.27, "Plan Rows": 328064, "Plan Width": 4, "Actual Rows": 14202, "Actual Loops": 1, "Heap Fetches": 0}, {"Node Type": "Sort", "Parent Relationship": "Inner", "Parallel Aware": false, "Async Capable": false, "Startup Cost": 1928.59, "Total Cost": 1928.59, "Plan Rows": 1.0, "Plan Width": 8, "Actual Rows": 321, "Actual Loops": 1, "Sort Key": ["c.userid"], "Sort Method": "quicksort", "Sort Space Used": 25, "Sort Space Type": "Memory", "Plans": [{"Node Type": "Nested Loop", "Parent Relationship": "Outer", "Parallel Aware": false, "Async Capable": false, "Join Type": "Inner", "Startup Cost": 1.29, "Total Cost": 1928.58, "Plan Rows": 1.0, "Plan Width": 8, "Actual Rows": 2, "Actual Loops": 1, "Inner Unique": true, "Plans": [{"Node Type": "Nested Loop", "Parent Relationship": "Outer", "Parallel Aware": false, "Async Capable": false, "Join Type": "Inner", "Startup Cost": 1.0, "Total Cost": 1927.85, "Plan Rows": 1.0, "Plan Width": 20, "Actual Rows": 2, "Actual Loops": 1, "Inner Unique": false, "Plans": [{"Node Type": "Nested Loop", "Parent Relationship": "Outer", "Parallel Aware": false, "Async Capable": false, "Join Type": "Inner", "Startup Cost": 0.58, "Total Cost": 1926.35, "Plan Rows": 1.0, "Plan Width": 16, "Actual Rows": 2, "Actual Loops": 1, "Inner Unique": false, "Plans": [{"Node Type": "Nested Loop", "Parent Relationship": "Outer", "Parallel Aware": false, "Async Capable": false, "Join Type": "Inner", "Startup Cost": 0.29, "Total Cost": 1922.04, "Plan Rows": 1.0, "Plan Width": 12, "Actual Rows": 1, "Actual Loops": 1, "Inner Unique": false, "Plans": [{"Node Type": "Seq Scan", "Parent Relationship": "Outer", "Parallel Aware": false, "Async Capable": false, "Relation Name": "users", "Alias": "u", "Startup Cost": 0.0, "Total Cost": 1002.69, "Plan Rows": 22, "Plan Width": 4, "Actual Rows": 10, "Actual Loops": 1, "Filter": "((downvotes <= 140) AND (upvotes >= 1883) AND (creationdate >= '2010-07-21 17:37:51'::timestamp without time zone))", "Rows Removed by Filter": 40315}, {"Node Type": "Index Scan", "Parent Relationship": "Inner", "Parallel Aware": false, "Async Capable": false, "Scan Direction": "Forward", "Index Name": "idx_comments_userid", "Relation Name": "comments", "Alias": "c", "Startup Cost": 0.29, "Total Cost": 41.78, "Plan Rows": 1, "Plan Width": 8, "Actual Rows": 0, "Actual Loops": 10, "Index Cond": "(userid = u.id)", "Rows Removed by Index Recheck": 0, "Filter": "((creationdate >= '2012-03-05 08:40:00'::timestamp without time zone) AND (creationdate <= '2012-11-16 15:46:45'::timestamp without time zone) AND (score = 11))", "Rows Removed by Filter": 1355}]}, {"Node Type": "Index Only Scan", "Parent Relationship": "Inner", "Parallel Aware": false, "Async Capable": false, "Scan Direction": "Forward", "Index Name": "idx_postlinks_postid", "Relation Name": "postlinks", "Alias": "pl", "Startup Cost": 0.29, "Total Cost": 4.3, "Plan Rows": 1, "Plan Width": 4, "Actual Rows": 2, "Actual Loops": 1, "Index Cond": "(postid = c.postid)", "Rows Removed by Index Recheck": 0, "Heap Fetches": 0}]}, {"Node Type": "Index Scan", "Parent Relationship": "Inner", "Parallel Aware": false, "Async Capable": false, "Scan Direction": "Forward", "Index Name": "idx_posthistory_postid", "Relation Name": "posthistory", "Alias": "ph", "Startup Cost": 0.42, "Total Cost": 1.49, "Plan Rows": 1, "Plan Width": 4, "Actual Rows": 1, "Actual Loops": 2, "Index Cond": "(postid = pl.postid)", "Rows Removed by Index Recheck": 0, "Filter": "(posthistorytypeid = 19)", "Rows Removed by Filter": 7}]}, {"Node Type": "Index Scan", "Parent Relationship": "Inner", "Parallel Aware": false, "Async Capable": false, "Scan Direction": "Forward", "Index Name": "posts_pkey", "Relation Name": "posts", "Alias": "p", "Startup Cost": 0.29, "Total Cost": 0.71, "Plan Rows": 1, "Plan Width": 4, "Actual Rows": 1, "Actual Loops": 2, "Index Cond": "(id = pl.postid)", "Rows Removed by Index Recheck": 0, "Filter": "((favoritecount >= 22) AND (favoritecount <= 198) AND (posttypeid = 1))", "Rows Removed by Filter": 0}]}]}]}]}, "Planning Time": 3.653, "Triggers": [], "Execution Time": 7.006}, {"Plan": {"Node Type": "Aggregate", "Strategy": "Plain", "Partial Mode": "Simple", "Parallel Aware": false, "Async Capable": false, "Startup Cost": 3707.33, "Total Cost": 3707.34, "Plan Rows": 1, "Plan Width": 8, "Actual Rows": 1, "Actual Loops": 1, "Plans": [{"Node Type": "Nested Loop", "Parent Relationship": "Outer", "Parallel Aware": false, "Async Capable": false, "Join Type": "Inner", "Startup Cost": 1.55, "Total Cost": 3707.32, "Plan Rows": 1.0, "Plan Width": 0, "Actual Rows": 640, "Actual Loops": 1, "Inner Unique": false, "Join Filter": "(c.userid = u.id)", "Rows Removed by Join Filter": 1820, "Plans": [{"Node Type": "Nested Loop", "Parent Relationship": "Outer", "Parallel Aware": false, "Async Capable": false, "Join Type": "Inner", "Startup Cost": 1.13, "Total Cost": 2593.53, "Plan Rows": 1.0, "Plan Width": 4, "Actual Rows": 2, "Actual Loops": 1, "Inner Unique": false, "Join Filter": "(p.id = ph.postid)", "Rows Removed by Join Filter": 0, "Plans": [{"Node Type": "Nested Loop", "Parent Relationship": "Outer", "Parallel Aware": false, "Async Capable": false, "Join Type": "Inner", "Startup Cost": 0.71, "Total Cost": 2592.03, "Plan Rows": 1.0, "Plan Width": 16, "Actual Rows": 2, "Actual Loops": 1, "Inner Unique": false, "Join Filter": "(c.postid = p.id)", "Rows Removed by Join Filter": 0, "Plans": [{"Node Type": "Nested Loop", "Parent Relationship": "Outer", "Parallel Aware": false, "Async Capable": false, "Join Type": "Inner", "Startup Cost": 0.29, "Total Cost": 2584.33, "Plan Rows": 28.0, "Plan Width": 8, "Actual Rows": 132, "Actual Loops": 1, "Inner Unique": false, "Plans": [{"Node Type": "Seq Scan", "Parent Relationship": "Outer", "Parallel Aware": false, "Async Capable": false, "Relation Name": "posts", "Alias": "p", "Startup Cost": 0.0, "Total Cost": 2449.58, "Plan Rows": 60, "Plan Width": 4, "Actual Rows": 129, "Actual Loops": 1, "Filter": "((favoritecount >= 22) AND (favoritecount <= 198) AND (posttypeid = 1))", "Rows Removed by Filter": 91847}, {"Node Type": "Index Only Scan", "Parent Relationship": "Inner", "Parallel Aware": false, "Async Capable": false, "Scan Direction": "Forward", "Index Name": "idx_postlinks_postid", "Relation Name": "postlinks", "Alias": "pl", "Startup Cost": 0.29, "Total Cost": 2.24, "Plan Rows": 1, "Plan Width": 4, "Actual Rows": 1, "Actual Loops": 129, "Index Cond": "(postid = p.id)", "Rows Removed by Index Recheck": 0, "Heap Fetches": 0}]}, {"Node Type": "Index Scan", "Parent Relationship": "Inner", "Parallel Aware": false, "Async Capable": false, "Scan Direction": "Forward", "Index Name": "idx_comments_postid", "Relation Name": "comments", "Alias": "c", "Startup Cost": 0.42, "Total Cost": 1.09, "Plan Rows": 1, "Plan Width": 8, "Actual Rows": 0, "Actual Loops": 132, "Index Cond": "(postid = pl.postid)", "Rows Removed by Index Recheck": 0, "Filter": "((creationdate >= '2012-03-05 08:40:00'::timestamp without time zone) AND (creationdate <= '2012-11-16 15:46:45'::timestamp without time zone) AND (score = 11))", "Rows Removed by Filter": 5}]}, {"Node Type": "Index Scan", "Parent Relationship": "Inner", "Parallel Aware": false, "Async Capable": false, "Scan Direction": "Forward", "Index Name": "idx_posthistory_postid", "Relation Name": "posthistory", "Alias": "ph", "Startup Cost": 0.42, "Total Cost": 1.49, "Plan Rows": 1, "Plan Width": 4, "Actual Rows": 1, "Actual Loops": 2, "Index Cond": "(postid = pl.postid)", "Rows Removed by Index Recheck": 0, "Filter": "(posthistorytypeid = 19)", "Rows Removed by Filter": 7}]}, {"Node Type": "Nested Loop", "Parent Relationship": "Inner", "Parallel Aware": false, "Async Capable": false, "Join Type": "Inner", "Startup Cost": 0.42, "Total Cost": 1113.56, "Plan Rows": 394.0, "Plan Width": 8, "Actual Rows": 1230, "Actual Loops": 2, "Inner Unique": false, "Plans": [{"Node Type": "Seq Scan", "Parent Relationship": "Outer", "Parallel Aware": false, "Async Capable": false, "Relation Name": "users", "Alias": "u", "Startup Cost": 0.0, "Total Cost": 1002.69, "Plan Rows": 22, "Plan Width": 4, "Actual Rows": 10, "Actual Loops": 2, "Filter": "((downvotes <= 140) AND (upvotes >= 1883) AND (creationdate >= '2010-07-21 17:37:51'::timestamp without time zone))", "Rows Removed by Filter": 40315}, {"Node Type": "Index Only Scan", "Parent Relationship": "Inner", "Parallel Aware": false, "Async Capable": false, "Scan Direction": "Forward", "Index Name": "idx_votes_userid", "Relation Name": "votes", "Alias": "v", "Startup Cost": 0.42, "Total Cost": 4.95, "Plan Rows": 9, "Plan Width": 4, "Actual Rows": 123, "Actual Loops": 20, "Index Cond": "(userid = u.id)", "Rows Removed by Index Recheck": 0, "Heap Fetches": 0}]}]}]}, "Planning Time": 3.382, "Triggers": [], "Execution Time": 23.278}, {"Plan": {"Node Type": "Aggregate", "Strategy": "Plain", "Partial Mode": "Simple", "Parallel Aware": false, "Async Capable": false, "Startup Cost": 1132.47, "Total Cost": 1132.48, "Plan Rows": 1, "Plan Width": 8, "Actual Rows": 1, "Actual Loops": 1, "Plans": [{"Node Type": "Nested Loop", "Parent Relationship": "Outer", "Parallel Aware": false, "Async Capable": false, "Join Type": "Inner", "Startup Cost": 1.72, "Total Cost": 1132.47, "Plan Rows": 1.0, "Plan Width": 0, "Actual Rows": 640, "Actual Loops": 1, "Inner Unique": false, "Join Filter": "(p.id = ph.postid)", "Rows Removed by Join Filter": 0, "Plans": [{"Node Type": "Nested Loop", "Parent Relationship": "Outer", "Parallel Aware": false, "Async Capable": false, "Join Type": "Inner", "Startup Cost": 1.29, "Total Cost": 1130.97, "Plan Rows": 1.0, "Plan Width": 12, "Actual Rows": 640, "Actual Loops": 1, "Inner Unique": true, "Plans": [{"Node Type": "Nested Loop", "Parent Relationship": "Outer", "Parallel Aware": false, "Async Capable": false, "Join Type": "Inner", "Startup Cost": 1.0, "Total Cost": 1130.24, "Plan Rows": 15.0, "Plan Width": 8, "Actual Rows": 640, "Actual Loops": 1, "Inner Unique": false, "Plans": [{"Node Type": "Nested Loop", "Parent Relationship": "Outer", "Parallel Aware": false, "Async Capable": false, "Join Type": "Inner", "Startup Cost": 0.72, "Total Cost": 1125.93, "Plan Rows": 11.0, "Plan Width": 4, "Actual Rows": 320, "Actual Loops": 1, "Inner Unique": false, "Join Filter": "(c.userid = u.id)", "Rows Removed by Join Filter": 0, "Plans": [{"Node Type": "Nested Loop", "Parent Relationship": "Outer", "Parallel Aware": false, "Async Capable": false, "Join Type": "Inner", "Startup Cost": 0.42, "Total Cost": 1113.56, "Plan Rows": 394.0, "Plan Width": 8, "Actual Rows": 1230, "Actual Loops": 1, "Inner Unique": false, "Plans": [{"Node Type": "Seq Scan", "Parent Relationship": "Outer", "Parallel Aware": false, "Async Capable": false, "Relation Name": "users", "Alias": "u", "Startup Cost": 0.0, "Total Cost": 1002.69, "Plan Rows": 22, "Plan Width": 4, "Actual Rows": 10, "Actual Loops": 1, "Filter": "((downvotes <= 140) AND (upvotes >= 1883) AND (creationdate >= '2010-07-21 17:37:51'::timestamp without time zone))", "Rows Removed by Filter": 40315}, {"Node Type": "Index Only Scan", "Parent Relationship": "Inner", "Parallel Aware": false, "Async Capable": false, "Scan Direction": "Forward", "Index Name": "idx_votes_userid", "Relation Name": "votes", "Alias": "v", "Startup Cost": 0.42, "Total Cost": 4.95, "Plan Rows": 9, "Plan Width": 4, "Actual Rows": 123, "Actual Loops": 10, "Index Cond": "(userid = u.id)", "Rows Removed by Index Recheck": 0, "Heap Fetches": 0}]}, {"Node Type": "Index Scan", "Parent Relationship": "Inner", "Parallel Aware": false, "Async Capable": false, "Scan Direction": "Forward", "Index Name": "idx_comments_userid", "Relation Name": "comments", "Alias": "c", "Startup Cost": 0.29, "Total Cost": 0.64, "Plan Rows": 1, "Plan Width": 8, "Actual Rows": 0, "Actual Loops": 1230, "Index Cond": "(userid = v.userid)", "Rows Removed by Index Recheck": 0, "Filter": "((creationdate >= '2012-03-05 08:40:00'::timestamp without time zone) AND (creationdate <= '2012-11-16 15:46:45'::timestamp without time zone) AND (score = 11))", "Rows Removed by Filter": 1438}]}, {"Node Type": "Index Only Scan", "Parent Relationship": "Inner", "Parallel Aware": false, "Async Capable": false, "Scan Direction": "Forward", "Index Name": "idx_postlinks_postid", "Relation Name": "postlinks", "Alias": "pl", "Startup Cost": 0.29, "Total Cost": 4.3, "Plan Rows": 1, "Plan Width": 4, "Actual Rows": 2, "Actual Loops": 320, "Index Cond": "(postid = c.postid)", "Rows Removed by Index Recheck": 0, "Heap Fetches": 0}]}, {"Node Type": "Index Scan", "Parent Relationship": "Inner", "Parallel Aware": false, "Async Capable": false, "Scan Direction": "Forward", "Index Name": "posts_pkey", "Relation Name": "posts", "Alias": "p", "Startup Cost": 0.29, "Total Cost": 0.71, "Plan Rows": 1, "Plan Width": 4, "Actual Rows": 1, "Actual Loops": 640, "Index Cond": "(id = pl.postid)", "Rows Removed by Index Recheck": 0, "Filter": "((favoritecount >= 22) AND (favoritecount <= 198) AND (posttypeid = 1))", "Rows Removed by Filter": 0}]}, {"Node Type": "Index Scan", "Parent Relationship": "Inner", "Parallel Aware": false, "Async Capable": false, "Scan Direction": "Forward", "Index Name": "idx_posthistory_postid", "Relation Name": "posthistory", "Alias": "ph", "Startup Cost": 0.42, "Total Cost": 1.49, "Plan Rows": 1, "Plan Width": 4, "Actual Rows": 1, "Actual Loops": 640, "Index Cond": "(postid = pl.postid)", "Rows Removed by Index Recheck": 0, "Filter": "(posthistorytypeid = 19)", "Rows Removed by Filter": 7}]}]}, "Planning Time": 3.383, "Triggers": [], "Execution Time": 270.79}]