[{"Plan": {"Node Type": "Aggregate", "Strategy": "Plain", "Partial Mode": "Finalize", "Parallel Aware": false, "Async Capable": false, "Startup Cost": 7070.76, "Total Cost": 7070.77, "Plan Rows": 1, "Plan Width": 8, "Actual Rows": 1, "Actual Loops": 1, "Plans": [{"Node Type": "Gather", "Parent Relationship": "Outer", "Parallel Aware": false, "Async Capable": false, "Startup Cost": 7070.64, "Total Cost": 7070.75, "Plan Rows": 1, "Plan Width": 8, "Actual Rows": 2, "Actual Loops": 1, "Workers Planned": 1, "Workers Launched": 1, "Single Copy": false, "Plans": [{"Node Type": "Aggregate", "Strategy": "Plain", "Partial Mode": "Partial", "Parent Relationship": "Outer", "Parallel Aware": false, "Async Capable": false, "Startup Cost": 6070.64, "Total Cost": 6070.65, "Plan Rows": 1, "Plan Width": 8, "Actual Rows": 1, "Actual Loops": 2, "Workers": [], "Plans": [{"Node Type": "Nested Loop", "Parent Relationship": "Outer", "Parallel Aware": false, "Async Capable": false, "Join Type": "Inner", "Startup Cost": 1.01, "Total Cost": 5460.66, "Plan Rows": 902.0, "Plan Width": 0, "Actual Rows": 128942, "Actual Loops": 2, "Inner Unique": false, "Join Filter": "(c.userid = u.id)", "Rows Removed by Join Filter": 0, "Workers": [], "Plans": [{"Node Type": "Merge Join", "Parent Relationship": "Outer", "Parallel Aware": false, "Async Capable": false, "Join Type": "Inner", "Startup Cost": 0.71, "Total Cost": 2786.64, "Plan Rows": 1004.0, "Plan Width": 8, "Actual Rows": 3828, "Actual Loops": 2, "Inner Unique": true, "Merge Cond": "(v.userid = u.id)", "Workers": [], "Plans": [{"Node Type": "Index Scan", "Parent Relationship": "Outer", "Parallel Aware": true, "Async Capable": false, "Scan Direction": "Forward", "Index Name": "idx_votes_userid", "Relation Name": "votes", "Alias": "v", "Startup Cost": 0.42, "Total Cost": 11216.36, "Plan Rows": 37066, "Plan Width": 4, "Actual Rows": 3828, "Actual Loops": 2, "Filter": "((creationdate >= '2014-02-12 02:06:52'::timestamp without time zone) AND (creationdate <= '2014-08-29 10:48:21'::timestamp without time zone))", "Rows Removed by Filter": 130174, "Workers": []}, {"Node Type": "Index Scan", "Parent Relationship": "Inner", "Parallel Aware": false, "Async Capable": false, "Scan Direction": "Forward", "Index Name": "users_pkey", "Relation Name": "users", "Alias": "u", "Startup Cost": 0.29, "Total Cost": 1457.98, "Plan Rows": 38096, "Plan Width": 4, "Actual Rows": 37860, "Actual Loops": 2, "Filter": "(creationdate <= '2014-08-05 21:42:01'::timestamp without time zone)", "Rows Removed by Filter": 1115, "Workers": []}]}, {"Node Type": "Index Scan", "Parent Relationship": "Inner", "Parallel Aware": false, "Async Capable": false, "Scan Direction": "Forward", "Index Name": "idx_comments_userid", "Relation Name": "comments", "Alias": "c", "Startup Cost": 0.29, "Total Cost": 0.68, "Plan Rows": 3, "Plan Width": 4, "Actual Rows": 34, "Actual Loops": 7655, "Index Cond": "(userid = v.userid)", "Rows Removed by Index Recheck": 0, "Filter": "((creationdate >= '2012-06-26 22:33:26'::timestamp without time zone) AND (creationdate <= '2013-05-12 14:59:11'::timestamp without time zone))", "Rows Removed by Filter": 166, "Workers": []}]}]}]}]}, "Planning Time": 1.833, "Triggers": [], "Execution Time": 256.81}, {"Plan": {"Node Type": "Aggregate", "Strategy": "Plain", "Partial Mode": "Simple", "Parallel Aware": false, "Async Capable": false, "Startup Cost": 23817.62, "Total Cost": 23817.63, "Plan Rows": 1, "Plan Width": 8, "Actual Rows": 1, "Actual Loops": 1, "Plans": [{"Node Type": "Merge Join", "Parent Relationship": "Outer", "Parallel Aware": false, "Async Capable": false, "Join Type": "Inner", "Startup Cost": 6906.17, "Total Cost": 22780.64, "Plan Rows": 902.0, "Plan Width": 0, "Actual Rows": 257884, "Actual Loops": 1, "Inner Unique": false, "Merge Cond": "(u.id = c.userid)", "Plans": [{"Node Type": "Index Scan", "Parent Relationship": "Outer", "Parallel Aware": false, "Async Capable": false, "Scan Direction": "Forward", "Index Name": "users_pkey", "Relation Name": "users", "Alias": "u", "Startup Cost": 0.29, "Total Cost": 1457.98, "Plan Rows": 38096, "Plan Width": 4, "Actual Rows": 21658, "Actual Loops": 1, "Filter": "(creationdate <= '2014-08-05 21:42:01'::timestamp without time zone)", "Rows Removed by Filter": 0}, {"Node Type": "Materialize", "Parent Relationship": "Inner", "Parallel Aware": false, "Async Capable": false, "Startup Cost": 6905.76, "Total Cost": 16134.53, "Plan Rows": 2052.0, "Plan Width": 8, "Actual Rows": 257884, "Actual Loops": 1, "Plans": [{"Node Type": "Merge Join", "Parent Relationship": "Outer", "Parallel Aware": false, "Async Capable": false, "Join Type": "Inner", "Startup Cost": 6905.76, "Total Cost": 15018.43, "Plan Rows": 2052.0, "Plan Width": 8, "Actual Rows": 257884, "Actual Loops": 1, "Inner Unique": false, "Merge Cond": "(v.userid = c.userid)", "Plans": [{"Node Type": "Index Scan", "Parent Relationship": "Outer", "Parallel Aware": false, "Async Capable": false, "Scan Direction": "Forward", "Index Name": "idx_votes_userid", "Relation Name": "votes", "Alias": "v", "Startup Cost": 0.42, "Total Cost": 13242.63, "Plan Rows": 63013, "Plan Width": 4, "Actual Rows": 4610, "Actual Loops": 1, "Filter": "((creationdate >= '2014-02-12 02:06:52'::timestamp without time zone) AND (creationdate <= '2014-08-29 10:48:21'::timestamp without time zone))", "Rows Removed by Filter": 25920}, {"Node Type": "Sort", "Parent Relationship": "Inner", "Parallel Aware": false, "Async Capable": false, "Startup Cost": 6904.27, "Total Cost": 7000.92, "Plan Rows": 38661, "Plan Width": 4, "Actual Rows": 277991, "Actual Loops": 1, "Sort Key": ["c.userid"], "Sort Method": "quicksort", "Sort Space Used": 1537, "Sort Space Type": "Memory", "Plans": [{"Node Type": "Seq Scan", "Parent Relationship": "Outer", "Parallel Aware": false, "Async Capable": false, "Relation Name": "comments", "Alias": "c", "Startup Cost": 0.0, "Total Cost": 3958.57, "Plan Rows": 38661, "Plan Width": 4, "Actual Rows": 38546, "Actual Loops": 1, "Filter": "((creationdate >= '2012-06-26 22:33:26'::timestamp without time zone) AND (creationdate <= '2013-05-12 14:59:11'::timestamp without time zone))", "Rows Removed by Filter": 135759}]}]}]}]}]}, "Planning Time": 1.809, "Triggers": [], "Execution Time": 140.745}, {"Plan": {"Node Type": "Aggregate", "Strategy": "Plain", "Partial Mode": "Simple", "Parallel Aware": false, "Async Capable": false, "Startup Cost": 10748.59, "Total Cost": 10748.6, "Plan Rows": 1, "Plan Width": 8, "Actual Rows": 1, "Actual Loops": 1, "Plans": [{"Node Type": "Merge Join", "Parent Relationship": "Outer", "Parallel Aware": false, "Async Capable": false, "Join Type": "Inner", "Startup Cost": 8055.55, "Total Cost": 9711.62, "Plan Rows": 902.0, "Plan Width": 0, "Actual Rows": 257884, "Actual Loops": 1, "Inner Unique": false, "Merge Cond": "(v.userid = u.id)", "Plans": [{"Node Type": "Index Scan", "Parent Relationship": "Outer", "Parallel Aware": false, "Async Capable": false, "Scan Direction": "Forward", "Index Name": "idx_votes_userid", "Relation Name": "votes", "Alias": "v", "Startup Cost": 0.42, "Total Cost": 13242.63, "Plan Rows": 63013, "Plan Width": 4, "Actual Rows": 4610, "Actual Loops": 1, "Filter": "((creationdate >= '2014-02-12 02:06:52'::timestamp without time zone) AND (creationdate <= '2014-08-29 10:48:21'::timestamp without time zone))", "Rows Removed by Filter": 25920}, {"Node Type": "Sort", "Parent Relationship": "Inner", "Parallel Aware": false, "Async Capable": false, "Startup Cost": 8055.13, "Total Cost": 8144.93, "Plan Rows": 273.0, "Plan Width": 8, "Actual Rows": 277990, "Actual Loops": 1, "Sort Key": ["c.userid"], "Sort Method": "quicksort", "Sort Space Used": 2717, "Sort Space Type": "Memory", "Plans": [{"Node Type": "Hash Join", "Parent Relationship": "Outer", "Parallel Aware": false, "Async Capable": false, "Join Type": "Inner", "Startup Cost": 1277.26, "Total Cost": 5337.33, "Plan Rows": 273.0, "Plan Width": 8, "Actual Rows": 37765, "Actual Loops": 1, "Inner Unique": true, "Hash Cond": "(c.userid = u.id)", "Plans": [{"Node Type": "Seq Scan", "Parent Relationship": "Outer", "Parallel Aware": false, "Async Capable": false, "Relation Name": "comments", "Alias": "c", "Startup Cost": 0.0, "Total Cost": 3958.57, "Plan Rows": 38661, "Plan Width": 4, "Actual Rows": 38546, "Actual Loops": 1, "Filter": "((creationdate >= '2012-06-26 22:33:26'::timestamp without time zone) AND (creationdate <= '2013-05-12 14:59:11'::timestamp without time zone))", "Rows Removed by Filter": 135759}, {"Node Type": "Hash", "Parent Relationship": "Inner", "Parallel Aware": false, "Async Capable": false, "Startup Cost": 801.06, "Total Cost": 801.06, "Plan Rows": 38096, "Plan Width": 4, "Actual Rows": 38095, "Actual Loops": 1, "Hash Buckets": 65536, "Original Hash Buckets": 65536, "Hash Batches": 1, "Original Hash Batches": 1, "Peak Memory Usage": 1852, "Plans": [{"Node Type": "Seq Scan", "Parent Relationship": "Outer", "Parallel Aware": false, "Async Capable": false, "Relation Name": "users", "Alias": "u", "Startup Cost": 0.0, "Total Cost": 801.06, "Plan Rows": 38096, "Plan Width": 4, "Actual Rows": 38095, "Actual Loops": 1, "Filter": "(creationdate <= '2014-08-05 21:42:01'::timestamp without time zone)", "Rows Removed by Filter": 2230}]}]}]}]}]}, "Planning Time": 1.78, "Triggers": [], "Execution Time": 117.629}, {"Plan": {"Node Type": "Aggregate", "Strategy": "Plain", "Partial Mode": "Finalize", "Parallel Aware": false, "Async Capable": false, "Startup Cost": 13228.65, "Total Cost": 13228.66, "Plan Rows": 1, "Plan Width": 8, "Actual Rows": 1, "Actual Loops": 1, "Plans": [{"Node Type": "Gather", "Parent Relationship": "Outer", "Parallel Aware": false, "Async Capable": false, "Startup Cost": 13228.54, "Total Cost": 13228.65, "Plan Rows": 1, "Plan Width": 8, "Actual Rows": 2, "Actual Loops": 1, "Workers Planned": 1, "Workers Launched": 1, "Single Copy": false, "Plans": [{"Node Type": "Aggregate", "Strategy": "Plain", "Partial Mode": "Partial", "Parent Relationship": "Outer", "Parallel Aware": false, "Async Capable": false, "Startup Cost": 12228.54, "Total Cost": 12228.55, "Plan Rows": 1, "Plan Width": 8, "Actual Rows": 1, "Actual Loops": 2, "Workers": [], "Plans": [{"Node Type": "Hash Join", "Parent Relationship": "Outer", "Parallel Aware": false, "Async Capable": false, "Join Type": "Inner", "Startup Cost": 1277.57, "Total Cost": 11618.55, "Plan Rows": 902.0, "Plan Width": 0, "Actual Rows": 128942, "Actual Loops": 2, "Inner Unique": true, "Hash Cond": "(c.userid = u.id)", "Workers": [], "Plans": [{"Node Type": "Nested Loop", "Parent Relationship": "Outer", "Parallel Aware": false, "Async Capable": false, "Join Type": "Inner", "Startup Cost": 0.3, "Total Cost": 9651.87, "Plan Rows": 2052.0, "Plan Width": 8, "Actual Rows": 128942, "Actual Loops": 2, "Inner Unique": false, "Workers": [], "Plans": [{"Node Type": "Seq Scan", "Parent Relationship": "Outer", "Parallel Aware": true, "Async Capable": false, "Relation Name": "votes", "Alias": "v", "Startup Cost": 0.0, "Total Cost": 5054.68, "Plan Rows": 37066, "Plan Width": 4, "Actual Rows": 31630, "Actual Loops": 2, "Filter": "((creationdate >= '2014-02-12 02:06:52'::timestamp without time zone) AND (creationdate <= '2014-08-29 10:48:21'::timestamp without time zone))", "Rows Removed by Filter": 132402, "Workers": []}, {"Node Type": "Memoize", "Parent Relationship": "Inner", "Parallel Aware": false, "Async Capable": false, "Startup Cost": 0.3, "Total Cost": 0.69, "Plan Rows": 3, "Plan Width": 4, "Actual Rows": 4, "Actual Loops": 63260, "Cache Key": "v.userid", "Cache Mode": "logical", "Cache Hits": 27836, "Cache Misses": 1354, "Cache Evictions": 0, "Cache Overflows": 0, "Peak Memory Usage": 635, "Workers": [{"Worker Number": 0, "Cache Hits": 32589, "Cache Misses": 1481, "Cache Evictions": 0, "Cache Overflows": 0, "Peak Memory Usage": 632}], "Plans": [{"Node Type": "Index Scan", "Parent Relationship": "Outer", "Parallel Aware": false, "Async Capable": false, "Scan Direction": "Forward", "Index Name": "idx_comments_userid", "Relation Name": "comments", "Alias": "c", "Startup Cost": 0.29, "Total Cost": 0.68, "Plan Rows": 3, "Plan Width": 4, "Actual Rows": 11, "Actual Loops": 2835, "Index Cond": "(userid = v.userid)", "Rows Removed by Index Recheck": 0, "Filter": "((creationdate >= '2012-06-26 22:33:26'::timestamp without time zone) AND (creationdate <= '2013-05-12 14:59:11'::timestamp without time zone))", "Rows Removed by Filter": 41, "Workers": []}]}]}, {"Node Type": "Hash", "Parent Relationship": "Inner", "Parallel Aware": false, "Async Capable": false, "Startup Cost": 801.06, "Total Cost": 801.06, "Plan Rows": 38096, "Plan Width": 4, "Actual Rows": 38095, "Actual Loops": 2, "Hash Buckets": 65536, "Original Hash Buckets": 65536, "Hash Batches": 1, "Original Hash Batches": 1, "Peak Memory Usage": 1852, "Workers": [], "Plans": [{"Node Type": "Seq Scan", "Parent Relationship": "Outer", "Parallel Aware": false, "Async Capable": false, "Relation Name": "users", "Alias": "u", "Startup Cost": 0.0, "Total Cost": 801.06, "Plan Rows": 38096, "Plan Width": 4, "Actual Rows": 38095, "Actual Loops": 2, "Filter": "(creationdate <= '2014-08-05 21:42:01'::timestamp without time zone)", "Rows Removed by Filter": 2230, "Workers": []}]}]}]}]}]}, "Planning Time": 3.376, "Triggers": [], "Execution Time": 147.65}, {"Plan": {"Node Type": "Aggregate", "Strategy": "Plain", "Partial Mode": "Finalize", "Parallel Aware": false, "Async Capable": false, "Startup Cost": 7430.83, "Total Cost": 7430.84, "Plan Rows": 1, "Plan Width": 8, "Actual Rows": 1, "Actual Loops": 1, "Plans": [{"Node Type": "Gather", "Parent Relationship": "Outer", "Parallel Aware": false, "Async Capable": false, "Startup Cost": 7430.72, "Total Cost": 7430.83, "Plan Rows": 1, "Plan Width": 8, "Actual Rows": 2, "Actual Loops": 1, "Workers Planned": 1, "Workers Launched": 1, "Single Copy": false, "Plans": [{"Node Type": "Aggregate", "Strategy": "Plain", "Partial Mode": "Partial", "Parent Relationship": "Outer", "Parallel Aware": false, "Async Capable": false, "Startup Cost": 6430.72, "Total Cost": 6430.73, "Plan Rows": 1, "Plan Width": 8, "Actual Rows": 1, "Actual Loops": 2, "Workers": [], "Plans": [{"Node Type": "Hash Join", "Parent Relationship": "Outer", "Parallel Aware": true, "Async Capable": false, "Join Type": "Inner", "Startup Cost": 2832.92, "Total Cost": 5820.73, "Plan Rows": 902.0, "Plan Width": 0, "Actual Rows": 128942, "Actual Loops": 2, "Inner Unique": false, "Hash Cond": "(c.userid = u.id)", "Workers": [], "Plans": [{"Node Type": "Seq Scan", "Parent Relationship": "Outer", "Parallel Aware": true, "Async Capable": false, "Relation Name": "comments", "Alias": "c", "Startup Cost": 0.0, "Total Cost": 2881.99, "Plan Rows": 22742, "Plan Width": 4, "Actual Rows": 19273, "Actual Loops": 2, "Filter": "((creationdate >= '2012-06-26 22:33:26'::timestamp without time zone) AND (creationdate <= '2013-05-12 14:59:11'::timestamp without time zone))", "Rows Removed by Filter": 67880, "Workers": []}, {"Node Type": "Hash", "Parent Relationship": "Inner", "Parallel Aware": true, "Async Capable": false, "Startup Cost": 2786.64, "Total Cost": 2786.64, "Plan Rows": 1004.0, "Plan Width": 8, "Actual Rows": 3828, "Actual Loops": 2, "Hash Buckets": 8192, "Original Hash Buckets": 8192, "Hash Batches": 1, "Original Hash Batches": 1, "Peak Memory Usage": 384, "Workers": [], "Plans": [{"Node Type": "Merge Join", "Parent Relationship": "Outer", "Parallel Aware": false, "Async Capable": false, "Join Type": "Inner", "Startup Cost": 0.71, "Total Cost": 2786.64, "Plan Rows": 1004.0, "Plan Width": 8, "Actual Rows": 3828, "Actual Loops": 2, "Inner Unique": true, "Merge Cond": "(v.userid = u.id)", "Workers": [], "Plans": [{"Node Type": "Index Scan", "Parent Relationship": "Outer", "Parallel Aware": true, "Async Capable": false, "Scan Direction": "Forward", "Index Name": "idx_votes_userid", "Relation Name": "votes", "Alias": "v", "Startup Cost": 0.42, "Total Cost": 11216.36, "Plan Rows": 37066, "Plan Width": 4, "Actual Rows": 3828, "Actual Loops": 2, "Filter": "((creationdate >= '2014-02-12 02:06:52'::timestamp without time zone) AND (creationdate <= '2014-08-29 10:48:21'::timestamp without time zone))", "Rows Removed by Filter": 130174, "Workers": []}, {"Node Type": "Index Scan", "Parent Relationship": "Inner", "Parallel Aware": false, "Async Capable": false, "Scan Direction": "Forward", "Index Name": "users_pkey", "Relation Name": "users", "Alias": "u", "Startup Cost": 0.29, "Total Cost": 1457.98, "Plan Rows": 38096, "Plan Width": 4, "Actual Rows": 37860, "Actual Loops": 2, "Filter": "(creationdate <= '2014-08-05 21:42:01'::timestamp without time zone)", "Rows Removed by Filter": 1115, "Workers": []}]}]}]}]}]}]}, "Planning Time": 3.144, "Triggers": [], "Execution Time": 142.061}, {"Plan": {"Node Type": "Aggregate", "Strategy": "Plain", "Partial Mode": "Finalize", "Parallel Aware": false, "Async Capable": false, "Startup Cost": 7070.76, "Total Cost": 7070.77, "Plan Rows": 1, "Plan Width": 8, "Actual Rows": 1, "Actual Loops": 1, "Plans": [{"Node Type": "Gather", "Parent Relationship": "Outer", "Parallel Aware": false, "Async Capable": false, "Startup Cost": 7070.64, "Total Cost": 7070.75, "Plan Rows": 1, "Plan Width": 8, "Actual Rows": 2, "Actual Loops": 1, "Workers Planned": 1, "Workers Launched": 1, "Single Copy": false, "Plans": [{"Node Type": "Aggregate", "Strategy": "Plain", "Partial Mode": "Partial", "Parent Relationship": "Outer", "Parallel Aware": false, "Async Capable": false, "Startup Cost": 6070.64, "Total Cost": 6070.65, "Plan Rows": 1, "Plan Width": 8, "Actual Rows": 1, "Actual Loops": 2, "Workers": [], "Plans": [{"Node Type": "Nested Loop", "Parent Relationship": "Outer", "Parallel Aware": false, "Async Capable": false, "Join Type": "Inner", "Startup Cost": 1.01, "Total Cost": 5460.66, "Plan Rows": 902.0, "Plan Width": 0, "Actual Rows": 128942, "Actual Loops": 2, "Inner Unique": false, "Join Filter": "(c.userid = u.id)", "Rows Removed by Join Filter": 0, "Workers": [], "Plans": [{"Node Type": "Merge Join", "Parent Relationship": "Outer", "Parallel Aware": false, "Async Capable": false, "Join Type": "Inner", "Startup Cost": 0.71, "Total Cost": 2786.64, "Plan Rows": 1004.0, "Plan Width": 8, "Actual Rows": 3828, "Actual Loops": 2, "Inner Unique": true, "Merge Cond": "(v.userid = u.id)", "Workers": [], "Plans": [{"Node Type": "Index Scan", "Parent Relationship": "Outer", "Parallel Aware": true, "Async Capable": false, "Scan Direction": "Forward", "Index Name": "idx_votes_userid", "Relation Name": "votes", "Alias": "v", "Startup Cost": 0.42, "Total Cost": 11216.36, "Plan Rows": 37066, "Plan Width": 4, "Actual Rows": 3828, "Actual Loops": 2, "Filter": "((creationdate >= '2014-02-12 02:06:52'::timestamp without time zone) AND (creationdate <= '2014-08-29 10:48:21'::timestamp without time zone))", "Rows Removed by Filter": 130174, "Workers": []}, {"Node Type": "Index Scan", "Parent Relationship": "Inner", "Parallel Aware": false, "Async Capable": false, "Scan Direction": "Forward", "Index Name": "users_pkey", "Relation Name": "users", "Alias": "u", "Startup Cost": 0.29, "Total Cost": 1457.98, "Plan Rows": 38096, "Plan Width": 4, "Actual Rows": 36266, "Actual Loops": 2, "Filter": "(creationdate <= '2014-08-05 21:42:01'::timestamp without time zone)", "Rows Removed by Filter": 1115, "Workers": []}]}, {"Node Type": "Index Scan", "Parent Relationship": "Inner", "Parallel Aware": false, "Async Capable": false, "Scan Direction": "Forward", "Index Name": "idx_comments_userid", "Relation Name": "comments", "Alias": "c", "Startup Cost": 0.29, "Total Cost": 0.68, "Plan Rows": 3, "Plan Width": 4, "Actual Rows": 34, "Actual Loops": 7655, "Index Cond": "(userid = v.userid)", "Rows Removed by Index Recheck": 0, "Filter": "((creationdate >= '2012-06-26 22:33:26'::timestamp without time zone) AND (creationdate <= '2013-05-12 14:59:11'::timestamp without time zone))", "Rows Removed by Filter": 166, "Workers": []}]}]}]}]}, "Planning Time": 1.826, "Triggers": [], "Execution Time": 249.219}, {"Plan": {"Node Type": "Aggregate", "Strategy": "Plain", "Partial Mode": "Simple", "Parallel Aware": false, "Async Capable": false, "Startup Cost": 11610.46, "Total Cost": 11610.47, "Plan Rows": 1, "Plan Width": 8, "Actual Rows": 1, "Actual Loops": 1, "Plans": [{"Node Type": "Merge Join", "Parent Relationship": "Outer", "Parallel Aware": false, "Async Capable": false, "Join Type": "Inner", "Startup Cost": 6905.11, "Total Cost": 10573.48, "Plan Rows": 902.0, "Plan Width": 0, "Actual Rows": 257884, "Actual Loops": 1, "Inner Unique": false, "Merge Cond": "(u.id = v.userid)", "Plans": [{"Node Type": "Merge Join", "Parent Relationship": "Outer", "Parallel Aware": false, "Async Capable": false, "Join Type": "Inner", "Startup Cost": 6904.68, "Total Cost": 9006.8, "Plan Rows": 273.0, "Plan Width": 8, "Actual Rows": 37765, "Actual Loops": 1, "Inner Unique": false, "Merge Cond": "(u.id = c.userid)", "Plans": [{"Node Type": "Index Scan", "Parent Relationship": "Outer", "Parallel Aware": false, "Async Capable": false, "Scan Direction": "Forward", "Index Name": "users_pkey", "Relation Name": "users", "Alias": "u", "Startup Cost": 0.29, "Total Cost": 1457.98, "Plan Rows": 38096, "Plan Width": 4, "Actual Rows": 23717, "Actual Loops": 1, "Filter": "(creationdate <= '2014-08-05 21:42:01'::timestamp without time zone)", "Rows Removed by Filter": 0}, {"Node Type": "Sort", "Parent Relationship": "Inner", "Parallel Aware": false, "Async Capable": false, "Startup Cost": 6904.27, "Total Cost": 7000.92, "Plan Rows": 38661, "Plan Width": 4, "Actual Rows": 37766, "Actual Loops": 1, "Sort Key": ["c.userid"], "Sort Method": "quicksort", "Sort Space Used": 1537, "Sort Space Type": "Memory", "Plans": [{"Node Type": "Seq Scan", "Parent Relationship": "Outer", "Parallel Aware": false, "Async Capable": false, "Relation Name": "comments", "Alias": "c", "Startup Cost": 0.0, "Total Cost": 3958.57, "Plan Rows": 38661, "Plan Width": 4, "Actual Rows": 38546, "Actual Loops": 1, "Filter": "((creationdate >= '2012-06-26 22:33:26'::timestamp without time zone) AND (creationdate <= '2013-05-12 14:59:11'::timestamp without time zone))", "Rows Removed by Filter": 135759}]}]}, {"Node Type": "Index Scan", "Parent Relationship": "Inner", "Parallel Aware": false, "Async Capable": false, "Scan Direction": "Forward", "Index Name": "idx_votes_userid", "Relation Name": "votes", "Alias": "v", "Startup Cost": 0.42, "Total Cost": 13242.63, "Plan Rows": 63013, "Plan Width": 4, "Actual Rows": 260171, "Actual Loops": 1, "Filter": "((creationdate >= '2014-02-12 02:06:52'::timestamp without time zone) AND (creationdate <= '2014-08-29 10:48:21'::timestamp without time zone))", "Rows Removed by Filter": 1538145}]}]}, "Planning Time": 1.775, "Triggers": [], "Execution Time": 410.759}]