[{"Plan": {"Node Type": "Aggregate", "Strategy": "Plain", "Partial Mode": "Simple", "Parallel Aware": false, "Async Capable": false, "Startup Cost": 3192.54, "Total Cost": 3192.55, "Plan Rows": 1, "Plan Width": 8, "Actual Rows": 1, "Actual Loops": 1, "Plans": [{"Node Type": "Nested Loop", "Parent Relationship": "Outer", "Parallel Aware": false, "Async Capable": false, "Join Type": "Inner", "Startup Cost": 2911.71, "Total Cost": 3192.48, "Plan Rows": 1027.0, "Plan Width": 0, "Actual Rows": 8221, "Actual Loops": 1, "Inner Unique": false, "Join Filter": "(p.id = ph.postid)", "Rows Removed by Join Filter": 0, "Plans": [{"Node Type": "Nested Loop", "Parent Relationship": "Outer", "Parallel Aware": false, "Async Capable": false, "Join Type": "Inner", "Startup Cost": 2911.29, "Total Cost": 3188.12, "Plan Rows": 350.0, "Plan Width": 16, "Actual Rows": 1294, "Actual Loops": 1, "Inner Unique": false, "Join Filter": "(p.id = v.postid)", "Rows Removed by Join Filter": 0, "Plans": [{"Node Type": "Nested Loop", "Parent Relationship": "Outer", "Parallel Aware": false, "Async Capable": false, "Join Type": "Inner", "Startup Cost": 2910.87, "Total Cost": 3185.22, "Plan Rows": 26.0, "Plan Width": 12, "Actual Rows": 36, "Actual Loops": 1, "Inner Unique": false, "Join Filter": "(c.postid = p.id)", "Rows Removed by Join Filter": 0, "Plans": [{"Node Type": "Hash Join", "Parent Relationship": "Outer", "Parallel Aware": false, "Async Capable": false, "Join Type": "Inner", "Startup Cost": 2910.45, "Total Cost": 3176.28, "Plan Rows": 14.0, "Plan Width": 8, "Actual Rows": 153, "Actual Loops": 1, "Inner Unique": true, "Hash Cond": "(pl.postid = p.id)", "Plans": [{"Node Type": "Seq Scan", "Parent Relationship": "Outer", "Parallel Aware": false, "Async Capable": false, "Relation Name": "postlinks", "Alias": "pl", "Startup Cost": 0.0, "Total Cost": 248.53, "Plan Rows": 6592, "Plan Width": 4, "Actual Rows": 6670, "Actual Loops": 1, "Filter": "((creationdate <= '2013-12-30 20:32:34'::timestamp without time zone) AND (linktypeid = 1))", "Rows Removed by Filter": 4432}, {"Node Type": "Hash", "Parent Relationship": "Inner", "Parallel Aware": false, "Async Capable": false, "Startup Cost": 2909.46, "Total Cost": 2909.46, "Plan Rows": 79, "Plan Width": 4, "Actual Rows": 175, "Actual Loops": 1, "Hash Buckets": 1024, "Original Hash Buckets": 1024, "Hash Batches": 1, "Original Hash Batches": 1, "Peak Memory Usage": 15, "Plans": [{"Node Type": "Seq Scan", "Parent Relationship": "Outer", "Parallel Aware": false, "Async Capable": false, "Relation Name": "posts", "Alias": "p", "Startup Cost": 0.0, "Total Cost": 2909.46, "Plan Rows": 79, "Plan Width": 4, "Actual Rows": 175, "Actual Loops": 1, "Filter": "((score <= 119) AND (favoritecount >= 16) AND (favoritecount <= 54) AND (creationdate >= '2009-04-20 11:57:26'::timestamp without time zone) AND (creationdate <= '2012-12-13 08:33:18'::timestamp without time zone))", "Rows Removed by Filter": 91801}]}]}, {"Node Type": "Index Scan", "Parent Relationship": "Inner", "Parallel Aware": false, "Async Capable": false, "Scan Direction": "Forward", "Index Name": "idx_comments_postid", "Relation Name": "comments", "Alias": "c", "Startup Cost": 0.42, "Total Cost": 1.48, "Plan Rows": 1, "Plan Width": 4, "Actual Rows": 0, "Actual Loops": 153, "Index Cond": "(postid = pl.postid)", "Rows Removed by Index Recheck": 0, "Filter": "(creationdate >= '2013-10-15 18:31:30'::timestamp without time zone)", "Rows Removed by Filter": 4}]}, {"Node Type": "Index Scan", "Parent Relationship": "Inner", "Parallel Aware": false, "Async Capable": false, "Scan Direction": "Forward", "Index Name": "idx_votes_postid", "Relation Name": "votes", "Alias": "v", "Startup Cost": 0.42, "Total Cost": 0.7, "Plan Rows": 2, "Plan Width": 4, "Actual Rows": 36, "Actual Loops": 36, "Index Cond": "(postid = c.postid)", "Rows Removed by Index Recheck": 0, "Filter": "(creationdate <= '2012-12-22 02:31:07'::timestamp without time zone)", "Rows Removed by Filter": 41}]}, {"Node Type": "Index Scan", "Parent Relationship": "Inner", "Parallel Aware": false, "Async Capable": false, "Scan Direction": "Forward", "Index Name": "idx_posthistory_postid", "Relation Name": "posthistory", "Alias": "ph", "Startup Cost": 0.42, "Total Cost": 0.57, "Plan Rows": 4, "Plan Width": 4, "Actual Rows": 6, "Actual Loops": 1294, "Index Cond": "(postid = v.postid)", "Rows Removed by Index Recheck": 0, "Filter": "(creationdate >= '2010-04-21 20:19:57'::timestamp without time zone)", "Rows Removed by Filter": 0}]}]}, "Planning Time": 5.069, "Triggers": [], "Execution Time": 17.446}, {"Plan": {"Node Type": "Aggregate", "Strategy": "Plain", "Partial Mode": "Simple", "Parallel Aware": false, "Async Capable": false, "Startup Cost": 24738.65, "Total Cost": 24738.66, "Plan Rows": 1, "Plan Width": 8, "Actual Rows": 1, "Actual Loops": 1, "Plans": [{"Node Type": "Hash Join", "Parent Relationship": "Outer", "Parallel Aware": false, "Async Capable": false, "Join Type": "Inner", "Startup Cost": 21157.01, "Total Cost": 24738.59, "Plan Rows": 1027.0, "Plan Width": 0, "Actual Rows": 8221, "Actual Loops": 1, "Inner Unique": false, "Hash Cond": "(p.id = pl.postid)", "Plans": [{"Node Type": "Nested Loop", "Parent Relationship": "Outer", "Parallel Aware": false, "Async Capable": false, "Join Type": "Inner", "Startup Cost": 0.42, "Total Cost": 3573.02, "Plan Rows": 148.0, "Plan Width": 8, "Actual Rows": 34, "Actual Loops": 1, "Inner Unique": false, "Plans": [{"Node Type": "Seq Scan", "Parent Relationship": "Outer", "Parallel Aware": false, "Async Capable": false, "Relation Name": "posts", "Alias": "p", "Startup Cost": 0.0, "Total Cost": 2909.46, "Plan Rows": 79, "Plan Width": 4, "Actual Rows": 175, "Actual Loops": 1, "Filter": "((score <= 119) AND (favoritecount >= 16) AND (favoritecount <= 54) AND (creationdate >= '2009-04-20 11:57:26'::timestamp without time zone) AND (creationdate <= '2012-12-13 08:33:18'::timestamp without time zone))", "Rows Removed by Filter": 91801}, {"Node Type": "Index Scan", "Parent Relationship": "Inner", "Parallel Aware": false, "Async Capable": false, "Scan Direction": "Forward", "Index Name": "idx_comments_postid", "Relation Name": "comments", "Alias": "c", "Startup Cost": 0.42, "Total Cost": 8.39, "Plan Rows": 1, "Plan Width": 4, "Actual Rows": 0, "Actual Loops": 175, "Index Cond": "(postid = p.id)", "Rows Removed by Index Recheck": 0, "Filter": "(creationdate >= '2013-10-15 18:31:30'::timestamp without time zone)", "Rows Removed by Filter": 3}]}, {"Node Type": "Hash", "Parent Relationship": "Inner", "Parallel Aware": false, "Async Capable": false, "Startup Cost": 20314.93, "Total Cost": 20314.93, "Plan Rows": 11917.0, "Plan Width": 12, "Actual Rows": 176892, "Actual Loops": 1, "Hash Buckets": 262144, "Original Hash Buckets": 131072, "Hash Batches": 1, "Original Hash Batches": 1, "Peak Memory Usage": 9649, "Plans": [{"Node Type": "Nested Loop", "Parent Relationship": "Outer", "Parallel Aware": false, "Async Capable": false, "Join Type": "Inner", "Startup Cost": 1331.35, "Total Cost": 20314.93, "Plan Rows": 11917.0, "Plan Width": 12, "Actual Rows": 176892, "Actual Loops": 1, "Inner Unique": false, "Join Filter": "(pl.postid = ph.postid)", "Rows Removed by Join Filter": 0, "Plans": [{"Node Type": "Gather", "Parent Relationship": "Outer", "Parallel Aware": false, "Async Capable": false, "Startup Cost": 1330.93, "Total Cost": 9450.19, "Plan Rows": 3591.0, "Plan Width": 8, "Actual Rows": 25931, "Actual Loops": 1, "Workers Planned": 1, "Workers Launched": 1, "Single Copy": false, "Plans": [{"Node Type": "Hash Join", "Parent Relationship": "Outer", "Parallel Aware": false, "Async Capable": false, "Join Type": "Inner", "Startup Cost": 330.93, "Total Cost": 6708.29, "Plan Rows": 3591.0, "Plan Width": 8, "Actual Rows": 12966, "Actual Loops": 2, "Inner Unique": false, "Hash Cond": "(v.postid = pl.postid)", "Workers": [], "Plans": [{"Node Type": "Seq Scan", "Parent Relationship": "Outer", "Parallel Aware": true, "Async Capable": false, "Relation Name": "votes", "Alias": "v", "Startup Cost": 0.0, "Total Cost": 4572.24, "Plan Rows": 90808, "Plan Width": 4, "Actual Rows": 77092, "Actual Loops": 2, "Filter": "(creationdate <= '2012-12-22 02:31:07'::timestamp without time zone)", "Rows Removed by Filter": 86940, "Workers": []}, {"Node Type": "Hash", "Parent Relationship": "Inner", "Parallel Aware": false, "Async Capable": false, "Startup Cost": 248.53, "Total Cost": 248.53, "Plan Rows": 6592, "Plan Width": 4, "Actual Rows": 6670, "Actual Loops": 2, "Hash Buckets": 8192, "Original Hash Buckets": 8192, "Hash Batches": 1, "Original Hash Batches": 1, "Peak Memory Usage": 299, "Workers": [], "Plans": [{"Node Type": "Seq Scan", "Parent Relationship": "Outer", "Parallel Aware": false, "Async Capable": false, "Relation Name": "postlinks", "Alias": "pl", "Startup Cost": 0.0, "Total Cost": 248.53, "Plan Rows": 6592, "Plan Width": 4, "Actual Rows": 6670, "Actual Loops": 2, "Filter": "((creationdate <= '2013-12-30 20:32:34'::timestamp without time zone) AND (linktypeid = 1))", "Rows Removed by Filter": 4432, "Workers": []}]}]}]}, {"Node Type": "Index Scan", "Parent Relationship": "Inner", "Parallel Aware": false, "Async Capable": false, "Scan Direction": "Forward", "Index Name": "idx_posthistory_postid", "Relation Name": "posthistory", "Alias": "ph", "Startup Cost": 0.42, "Total Cost": 0.57, "Plan Rows": 4, "Plan Width": 4, "Actual Rows": 7, "Actual Loops": 25931, "Index Cond": "(postid = v.postid)", "Rows Removed by Index Recheck": 0, "Filter": "(creationdate >= '2010-04-21 20:19:57'::timestamp without time zone)", "Rows Removed by Filter": 0}]}]}]}]}, "Planning Time": 5.884, "Triggers": [], "Execution Time": 152.698}, {"Plan": {"Node Type": "Aggregate", "Strategy": "Plain", "Partial Mode": "Simple", "Parallel Aware": false, "Async Capable": false, "Startup Cost": 3195.79, "Total Cost": 3195.8, "Plan Rows": 1, "Plan Width": 8, "Actual Rows": 1, "Actual Loops": 1, "Plans": [{"Node Type": "Nested Loop", "Parent Relationship": "Outer", "Parallel Aware": false, "Async Capable": false, "Join Type": "Inner", "Startup Cost": 2911.71, "Total Cost": 3195.74, "Plan Rows": 1027.0, "Plan Width": 0, "Actual Rows": 8221, "Actual Loops": 1, "Inner Unique": false, "Join Filter": "(p.id = v.postid)", "Rows Removed by Join Filter": 0, "Plans": [{"Node Type": "Nested Loop", "Parent Relationship": "Outer", "Parallel Aware": false, "Async Capable": false, "Join Type": "Inner", "Startup Cost": 2911.29, "Total Cost": 3188.16, "Plan Rows": 63.0, "Plan Width": 16, "Actual Rows": 235, "Actual Loops": 1, "Inner Unique": false, "Join Filter": "(p.id = ph.postid)", "Rows Removed by Join Filter": 0, "Plans": [{"Node Type": "Nested Loop", "Parent Relationship": "Outer", "Parallel Aware": false, "Async Capable": false, "Join Type": "Inner", "Startup Cost": 2910.87, "Total Cost": 3185.22, "Plan Rows": 26.0, "Plan Width": 12, "Actual Rows": 36, "Actual Loops": 1, "Inner Unique": false, "Join Filter": "(c.postid = p.id)", "Rows Removed by Join Filter": 0, "Plans": [{"Node Type": "Hash Join", "Parent Relationship": "Outer", "Parallel Aware": false, "Async Capable": false, "Join Type": "Inner", "Startup Cost": 2910.45, "Total Cost": 3176.28, "Plan Rows": 14.0, "Plan Width": 8, "Actual Rows": 153, "Actual Loops": 1, "Inner Unique": true, "Hash Cond": "(pl.postid = p.id)", "Plans": [{"Node Type": "Seq Scan", "Parent Relationship": "Outer", "Parallel Aware": false, "Async Capable": false, "Relation Name": "postlinks", "Alias": "pl", "Startup Cost": 0.0, "Total Cost": 248.53, "Plan Rows": 6592, "Plan Width": 4, "Actual Rows": 6670, "Actual Loops": 1, "Filter": "((creationdate <= '2013-12-30 20:32:34'::timestamp without time zone) AND (linktypeid = 1))", "Rows Removed by Filter": 4432}, {"Node Type": "Hash", "Parent Relationship": "Inner", "Parallel Aware": false, "Async Capable": false, "Startup Cost": 2909.46, "Total Cost": 2909.46, "Plan Rows": 79, "Plan Width": 4, "Actual Rows": 175, "Actual Loops": 1, "Hash Buckets": 1024, "Original Hash Buckets": 1024, "Hash Batches": 1, "Original Hash Batches": 1, "Peak Memory Usage": 15, "Plans": [{"Node Type": "Seq Scan", "Parent Relationship": "Outer", "Parallel Aware": false, "Async Capable": false, "Relation Name": "posts", "Alias": "p", "Startup Cost": 0.0, "Total Cost": 2909.46, "Plan Rows": 79, "Plan Width": 4, "Actual Rows": 175, "Actual Loops": 1, "Filter": "((score <= 119) AND (favoritecount >= 16) AND (favoritecount <= 54) AND (creationdate >= '2009-04-20 11:57:26'::timestamp without time zone) AND (creationdate <= '2012-12-13 08:33:18'::timestamp without time zone))", "Rows Removed by Filter": 91801}]}]}, {"Node Type": "Index Scan", "Parent Relationship": "Inner", "Parallel Aware": false, "Async Capable": false, "Scan Direction": "Forward", "Index Name": "idx_comments_postid", "Relation Name": "comments", "Alias": "c", "Startup Cost": 0.42, "Total Cost": 1.48, "Plan Rows": 1, "Plan Width": 4, "Actual Rows": 0, "Actual Loops": 153, "Index Cond": "(postid = pl.postid)", "Rows Removed by Index Recheck": 0, "Filter": "(creationdate >= '2013-10-15 18:31:30'::timestamp without time zone)", "Rows Removed by Filter": 4}]}, {"Node Type": "Index Scan", "Parent Relationship": "Inner", "Parallel Aware": false, "Async Capable": false, "Scan Direction": "Forward", "Index Name": "idx_posthistory_postid", "Relation Name": "posthistory", "Alias": "ph", "Startup Cost": 0.42, "Total Cost": 0.69, "Plan Rows": 4, "Plan Width": 4, "Actual Rows": 7, "Actual Loops": 36, "Index Cond": "(postid = c.postid)", "Rows Removed by Index Recheck": 0, "Filter": "(creationdate >= '2010-04-21 20:19:57'::timestamp without time zone)", "Rows Removed by Filter": 0}]}, {"Node Type": "Index Scan", "Parent Relationship": "Inner", "Parallel Aware": false, "Async Capable": false, "Scan Direction": "Forward", "Index Name": "idx_votes_postid", "Relation Name": "votes", "Alias": "v", "Startup Cost": 0.42, "Total Cost": 0.56, "Plan Rows": 2, "Plan Width": 4, "Actual Rows": 35, "Actual Loops": 235, "Index Cond": "(postid = ph.postid)", "Rows Removed by Index Recheck": 0, "Filter": "(creationdate <= '2012-12-22 02:31:07'::timestamp without time zone)", "Rows Removed by Filter": 42}]}]}, "Planning Time": 5.248, "Triggers": [], "Execution Time": 16.978}, {"Plan": {"Node Type": "Aggregate", "Strategy": "Plain", "Partial Mode": "Simple", "Parallel Aware": false, "Async Capable": false, "Startup Cost": 44532.82, "Total Cost": 44532.83, "Plan Rows": 1, "Plan Width": 8, "Actual Rows": 1, "Actual Loops": 1, "Plans": [{"Node Type": "Merge Join", "Parent Relationship": "Outer", "Parallel Aware": false, "Async Capable": false, "Join Type": "Inner", "Startup Cost": 2913.5, "Total Cost": 44532.76, "Plan Rows": 1027.0, "Plan Width": 0, "Actual Rows": 8221, "Actual Loops": 1, "Inner Unique": false, "Merge Cond": "(p.id = v.postid)", "Plans": [{"Node Type": "Merge Join", "Parent Relationship": "Outer", "Parallel Aware": false, "Async Capable": false, "Join Type": "Inner", "Startup Cost": 2912.23, "Total Cost": 3379.69, "Plan Rows": 14.0, "Plan Width": 8, "Actual Rows": 153, "Actual Loops": 1, "Inner Unique": true, "Merge Cond": "(pl.postid = p.id)", "Plans": [{"Node Type": "Index Scan", "Parent Relationship": "Outer", "Parallel Aware": false, "Async Capable": false, "Scan Direction": "Forward", "Index Name": "idx_postlinks_postid", "Relation Name": "postlinks", "Alias": "pl", "Startup Cost": 0.29, "Total Cost": 450.8, "Plan Rows": 6592, "Plan Width": 4, "Actual Rows": 3647, "Actual Loops": 1, "Filter": "((creationdate <= '2013-12-30 20:32:34'::timestamp without time zone) AND (linktypeid = 1))", "Rows Removed by Filter": 320}, {"Node Type": "Sort", "Parent Relationship": "Inner", "Parallel Aware": false, "Async Capable": false, "Startup Cost": 2911.95, "Total Cost": 2912.15, "Plan Rows": 79, "Plan Width": 4, "Actual Rows": 175, "Actual Loops": 1, "Sort Key": ["p.id"], "Sort Method": "quicksort", "Sort Space Used": 25, "Sort Space Type": "Memory", "Plans": [{"Node Type": "Seq Scan", "Parent Relationship": "Outer", "Parallel Aware": false, "Async Capable": false, "Relation Name": "posts", "Alias": "p", "Startup Cost": 0.0, "Total Cost": 2909.46, "Plan Rows": 79, "Plan Width": 4, "Actual Rows": 175, "Actual Loops": 1, "Filter": "((score <= 119) AND (favoritecount >= 16) AND (favoritecount <= 54) AND (creationdate >= '2009-04-20 11:57:26'::timestamp without time zone) AND (creationdate <= '2012-12-13 08:33:18'::timestamp without time zone))", "Rows Removed by Filter": 91801}]}]}, {"Node Type": "Materialize", "Parent Relationship": "Inner", "Parallel Aware": false, "Async Capable": false, "Startup Cost": 1.27, "Total Cost": 40016.77, "Plan Rows": 39091.0, "Plan Width": 12, "Actual Rows": 59679, "Actual Loops": 1, "Plans": [{"Node Type": "Merge Join", "Parent Relationship": "Outer", "Parallel Aware": false, "Async Capable": false, "Join Type": "Inner", "Startup Cost": 1.27, "Total Cost": 38880.79, "Plan Rows": 39091.0, "Plan Width": 12, "Actual Rows": 55420, "Actual Loops": 1, "Inner Unique": false, "Merge Cond": "(v.postid = ph.postid)", "Plans": [{"Node Type": "Index Scan", "Parent Relationship": "Outer", "Parallel Aware": false, "Async Capable": false, "Scan Direction": "Forward", "Index Name": "idx_votes_postid", "Relation Name": "votes", "Alias": "v", "Startup Cost": 0.42, "Total Cost": 12794.42, "Plan Rows": 154374, "Plan Width": 4, "Actual Rows": 151728, "Actual Loops": 1, "Filter": "(creationdate <= '2012-12-22 02:31:07'::timestamp without time zone)", "Rows Removed by Filter": 46000}, {"Node Type": "Materialize", "Parent Relationship": "Inner", "Parallel Aware": false, "Async Capable": false, "Startup Cost": 0.84, "Total Cost": 19458.06, "Plan Rows": 3053.0, "Plan Width": 8, "Actual Rows": 55645, "Actual Loops": 1, "Plans": [{"Node Type": "Merge Join", "Parent Relationship": "Outer", "Parallel Aware": false, "Async Capable": false, "Join Type": "Inner", "Startup Cost": 0.84, "Total Cost": 18885.33, "Plan Rows": 3053.0, "Plan Width": 8, "Actual Rows": 5377, "Actual Loops": 1, "Inner Unique": false, "Merge Cond": "(c.postid = ph.postid)", "Plans": [{"Node Type": "Index Scan", "Parent Relationship": "Outer", "Parallel Aware": false, "Async Capable": false, "Scan Direction": "Forward", "Index Name": "idx_comments_postid", "Relation Name": "comments", "Alias": "c", "Startup Cost": 0.42, "Total Cost": 5857.0, "Plan Rows": 59776, "Plan Width": 4, "Actual Rows": 1427, "Actual Loops": 1, "Filter": "(creationdate >= '2013-10-15 18:31:30'::timestamp without time zone)", "Rows Removed by Filter": 73929}, {"Node Type": "Index Scan", "Parent Relationship": "Inner", "Parallel Aware": false, "Async Capable": false, "Scan Direction": "Forward", "Index Name": "idx_posthistory_postid", "Relation Name": "posthistory", "Alias": "ph", "Startup Cost": 0.42, "Total Cost": 9831.47, "Plan Rows": 302685, "Plan Width": 4, "Actual Rows": 122687, "Actual Loops": 1, "Filter": "(creationdate >= '2010-04-21 20:19:57'::timestamp without time zone)", "Rows Removed by Filter": 25}]}]}]}]}]}]}, "Planning Time": 6.392, "Triggers": [], "Execution Time": 358.863}, {"Plan": {"Node Type": "Aggregate", "Strategy": "Plain", "Partial Mode": "Finalize", "Parallel Aware": false, "Async Capable": false, "Startup Cost": 11372.53, "Total Cost": 11372.54, "Plan Rows": 1, "Plan Width": 8, "Actual Rows": 1, "Actual Loops": 1, "Plans": [{"Node Type": "Gather", "Parent Relationship": "Outer", "Parallel Aware": false, "Async Capable": false, "Startup Cost": 11372.42, "Total Cost": 11372.53, "Plan Rows": 1, "Plan Width": 8, "Actual Rows": 2, "Actual Loops": 1, "Workers Planned": 1, "Workers Launched": 1, "Single Copy": false, "Plans": [{"Node Type": "Aggregate", "Strategy": "Plain", "Partial Mode": "Partial", "Parent Relationship": "Outer", "Parallel Aware": false, "Async Capable": false, "Startup Cost": 10372.42, "Total Cost": 10372.43, "Plan Rows": 1, "Plan Width": 8, "Actual Rows": 1, "Actual Loops": 2, "Workers": [], "Plans": [{"Node Type": "Hash Join", "Parent Relationship": "Outer", "Parallel Aware": false, "Async Capable": false, "Join Type": "Inner", "Startup Cost": 3943.61, "Total Cost": 10372.38, "Plan Rows": 1027.0, "Plan Width": 0, "Actual Rows": 4110, "Actual Loops": 2, "Inner Unique": false, "Hash Cond": "(pl.postid = p.id)", "Workers": [], "Plans": [{"Node Type": "Hash Join", "Parent Relationship": "Outer", "Parallel Aware": false, "Async Capable": false, "Join Type": "Inner", "Startup Cost": 330.93, "Total Cost": 6708.29, "Plan Rows": 3591.0, "Plan Width": 8, "Actual Rows": 12966, "Actual Loops": 2, "Inner Unique": false, "Hash Cond": "(v.postid = pl.postid)", "Workers": [], "Plans": [{"Node Type": "Seq Scan", "Parent Relationship": "Outer", "Parallel Aware": true, "Async Capable": false, "Relation Name": "votes", "Alias": "v", "Startup Cost": 0.0, "Total Cost": 4572.24, "Plan Rows": 90808, "Plan Width": 4, "Actual Rows": 77092, "Actual Loops": 2, "Filter": "(creationdate <= '2012-12-22 02:31:07'::timestamp without time zone)", "Rows Removed by Filter": 86940, "Workers": []}, {"Node Type": "Hash", "Parent Relationship": "Inner", "Parallel Aware": false, "Async Capable": false, "Startup Cost": 248.53, "Total Cost": 248.53, "Plan Rows": 6592, "Plan Width": 4, "Actual Rows": 6670, "Actual Loops": 2, "Hash Buckets": 8192, "Original Hash Buckets": 8192, "Hash Batches": 1, "Original Hash Batches": 1, "Peak Memory Usage": 299, "Workers": [], "Plans": [{"Node Type": "Seq Scan", "Parent Relationship": "Outer", "Parallel Aware": false, "Async Capable": false, "Relation Name": "postlinks", "Alias": "pl", "Startup Cost": 0.0, "Total Cost": 248.53, "Plan Rows": 6592, "Plan Width": 4, "Actual Rows": 6670, "Actual Loops": 2, "Filter": "((creationdate <= '2013-12-30 20:32:34'::timestamp without time zone) AND (linktypeid = 1))", "Rows Removed by Filter": 4432, "Workers": []}]}]}, {"Node Type": "Hash", "Parent Relationship": "Inner", "Parallel Aware": false, "Async Capable": false, "Startup Cost": 3610.58, "Total Cost": 3610.58, "Plan Rows": 196.0, "Plan Width": 12, "Actual Rows": 209, "Actual Loops": 2, "Hash Buckets": 1024, "Original Hash Buckets": 1024, "Hash Batches": 1, "Original Hash Batches": 1, "Peak Memory Usage": 17, "Workers": [], "Plans": [{"Node Type": "Nested Loop", "Parent Relationship": "Outer", "Parallel Aware": false, "Async Capable": false, "Join Type": "Inner", "Startup Cost": 0.84, "Total Cost": 3610.58, "Plan Rows": 196.0, "Plan Width": 12, "Actual Rows": 209, "Actual Loops": 2, "Inner Unique": false, "Join Filter": "(p.id = ph.postid)", "Rows Removed by Join Filter": 0, "Workers": [], "Plans": [{"Node Type": "Nested Loop", "Parent Relationship": "Outer", "Parallel Aware": false, "Async Capable": false, "Join Type": "Inner", "Startup Cost": 0.42, "Total Cost": 3573.02, "Plan Rows": 148.0, "Plan Width": 8, "Actual Rows": 34, "Actual Loops": 2, "Inner Unique": false, "Workers": [], "Plans": [{"Node Type": "Seq Scan", "Parent Relationship": "Outer", "Parallel Aware": false, "Async Capable": false, "Relation Name": "posts", "Alias": "p", "Startup Cost": 0.0, "Total Cost": 2909.46, "Plan Rows": 79, "Plan Width": 4, "Actual Rows": 175, "Actual Loops": 2, "Filter": "((score <= 119) AND (favoritecount >= 16) AND (favoritecount <= 54) AND (creationdate >= '2009-04-20 11:57:26'::timestamp without time zone) AND (creationdate <= '2012-12-13 08:33:18'::timestamp without time zone))", "Rows Removed by Filter": 91801, "Workers": []}, {"Node Type": "Index Scan", "Parent Relationship": "Inner", "Parallel Aware": false, "Async Capable": false, "Scan Direction": "Forward", "Index Name": "idx_comments_postid", "Relation Name": "comments", "Alias": "c", "Startup Cost": 0.42, "Total Cost": 8.39, "Plan Rows": 1, "Plan Width": 4, "Actual Rows": 0, "Actual Loops": 350, "Index Cond": "(postid = p.id)", "Rows Removed by Index Recheck": 0, "Filter": "(creationdate >= '2013-10-15 18:31:30'::timestamp without time zone)", "Rows Removed by Filter": 3, "Workers": []}]}, {"Node Type": "Index Scan", "Parent Relationship": "Inner", "Parallel Aware": false, "Async Capable": false, "Scan Direction": "Forward", "Index Name": "idx_posthistory_postid", "Relation Name": "posthistory", "Alias": "ph", "Startup Cost": 0.42, "Total Cost": 0.69, "Plan Rows": 4, "Plan Width": 4, "Actual Rows": 6, "Actual Loops": 68, "Index Cond": "(postid = c.postid)", "Rows Removed by Index Recheck": 0, "Filter": "(creationdate >= '2010-04-21 20:19:57'::timestamp without time zone)", "Rows Removed by Filter": 0, "Workers": []}]}]}]}]}]}]}, "Planning Time": 10.146, "Triggers": [], "Execution Time": 71.104}, {"Plan": {"Node Type": "Aggregate", "Strategy": "Plain", "Partial Mode": "Simple", "Parallel Aware": false, "Async Capable": false, "Startup Cost": 38407.61, "Total Cost": 38407.62, "Plan Rows": 1, "Plan Width": 8, "Actual Rows": 1, "Actual Loops": 1, "Plans": [{"Node Type": "Merge Join", "Parent Relationship": "Outer", "Parallel Aware": false, "Async Capable": false, "Join Type": "Inner", "Startup Cost": 2913.5, "Total Cost": 38407.56, "Plan Rows": 1027.0, "Plan Width": 0, "Actual Rows": 8221, "Actual Loops": 1, "Inner Unique": false, "Merge Cond": "(p.id = v.postid)", "Plans": [{"Node Type": "Nested Loop", "Parent Relationship": "Outer", "Parallel Aware": false, "Async Capable": false, "Join Type": "Inner", "Startup Cost": 2912.65, "Total Cost": 3388.63, "Plan Rows": 26.0, "Plan Width": 12, "Actual Rows": 36, "Actual Loops": 1, "Inner Unique": false, "Join Filter": "(c.postid = p.id)", "Rows Removed by Join Filter": 0, "Plans": [{"Node Type": "Merge Join", "Parent Relationship": "Outer", "Parallel Aware": false, "Async Capable": false, "Join Type": "Inner", "Startup Cost": 2912.23, "Total Cost": 3379.69, "Plan Rows": 14.0, "Plan Width": 8, "Actual Rows": 153, "Actual Loops": 1, "Inner Unique": true, "Merge Cond": "(pl.postid = p.id)", "Plans": [{"Node Type": "Index Scan", "Parent Relationship": "Outer", "Parallel Aware": false, "Async Capable": false, "Scan Direction": "Forward", "Index Name": "idx_postlinks_postid", "Relation Name": "postlinks", "Alias": "pl", "Startup Cost": 0.29, "Total Cost": 450.8, "Plan Rows": 6592, "Plan Width": 4, "Actual Rows": 3647, "Actual Loops": 1, "Filter": "((creationdate <= '2013-12-30 20:32:34'::timestamp without time zone) AND (linktypeid = 1))", "Rows Removed by Filter": 320}, {"Node Type": "Sort", "Parent Relationship": "Inner", "Parallel Aware": false, "Async Capable": false, "Startup Cost": 2911.95, "Total Cost": 2912.15, "Plan Rows": 79, "Plan Width": 4, "Actual Rows": 175, "Actual Loops": 1, "Sort Key": ["p.id"], "Sort Method": "quicksort", "Sort Space Used": 25, "Sort Space Type": "Memory", "Plans": [{"Node Type": "Seq Scan", "Parent Relationship": "Outer", "Parallel Aware": false, "Async Capable": false, "Relation Name": "posts", "Alias": "p", "Startup Cost": 0.0, "Total Cost": 2909.46, "Plan Rows": 79, "Plan Width": 4, "Actual Rows": 175, "Actual Loops": 1, "Filter": "((score <= 119) AND (favoritecount >= 16) AND (favoritecount <= 54) AND (creationdate >= '2009-04-20 11:57:26'::timestamp without time zone) AND (creationdate <= '2012-12-13 08:33:18'::timestamp without time zone))", "Rows Removed by Filter": 91801}]}]}, {"Node Type": "Index Scan", "Parent Relationship": "Inner", "Parallel Aware": false, "Async Capable": false, "Scan Direction": "Forward", "Index Name": "idx_comments_postid", "Relation Name": "comments", "Alias": "c", "Startup Cost": 0.42, "Total Cost": 1.48, "Plan Rows": 1, "Plan Width": 4, "Actual Rows": 0, "Actual Loops": 153, "Index Cond": "(postid = pl.postid)", "Rows Removed by Index Recheck": 0, "Filter": "(creationdate >= '2013-10-15 18:31:30'::timestamp without time zone)", "Rows Removed by Filter": 4}]}, {"Node Type": "Materialize", "Parent Relationship": "Inner", "Parallel Aware": false, "Async Capable": false, "Startup Cost": 0.84, "Total Cost": 33517.75, "Plan Rows": 36768.0, "Plan Width": 8, "Actual Rows": 585374, "Actual Loops": 1, "Plans": [{"Node Type": "Merge Join", "Parent Relationship": "Outer", "Parallel Aware": false, "Async Capable": false, "Join Type": "Inner", "Startup Cost": 0.84, "Total Cost": 32016.84, "Plan Rows": 36768.0, "Plan Width": 8, "Actual Rows": 580031, "Actual Loops": 1, "Inner Unique": false, "Merge Cond": "(v.postid = ph.postid)", "Plans": [{"Node Type": "Index Scan", "Parent Relationship": "Outer", "Parallel Aware": false, "Async Capable": false, "Scan Direction": "Forward", "Index Name": "idx_votes_postid", "Relation Name": "votes", "Alias": "v", "Startup Cost": 0.42, "Total Cost": 12794.42, "Plan Rows": 154374, "Plan Width": 4, "Actual Rows": 148586, "Actual Loops": 1, "Filter": "(creationdate <= '2012-12-22 02:31:07'::timestamp without time zone)", "Rows Removed by Filter": 44611}, {"Node Type": "Materialize", "Parent Relationship": "Inner", "Parallel Aware": false, "Async Capable": false, "Startup Cost": 0.42, "Total Cost": 10588.19, "Plan Rows": 302685, "Plan Width": 4, "Actual Rows": 589229, "Actual Loops": 1, "Plans": [{"Node Type": "Index Scan", "Parent Relationship": "Outer", "Parallel Aware": false, "Async Capable": false, "Scan Direction": "Forward", "Index Name": "idx_posthistory_postid", "Relation Name": "posthistory", "Alias": "ph", "Startup Cost": 0.42, "Total Cost": 9831.47, "Plan Rows": 302685, "Plan Width": 4, "Actual Rows": 116071, "Actual Loops": 1, "Filter": "(creationdate >= '2010-04-21 20:19:57'::timestamp without time zone)", "Rows Removed by Filter": 25}]}]}]}]}]}, "Planning Time": 6.138, "Triggers": [], "Execution Time": 448.336}, {"Plan": {"Node Type": "Aggregate", "Strategy": "Plain", "Partial Mode": "Simple", "Parallel Aware": false, "Async Capable": false, "Startup Cost": 14386.21, "Total Cost": 14386.22, "Plan Rows": 1, "Plan Width": 8, "Actual Rows": 1, "Actual Loops": 1, "Plans": [{"Node Type": "Hash Join", "Parent Relationship": "Outer", "Parallel Aware": false, "Async Capable": false, "Join Type": "Inner", "Startup Cost": 13424.47, "Total Cost": 14386.16, "Plan Rows": 1027.0, "Plan Width": 0, "Actual Rows": 8221, "Actual Loops": 1, "Inner Unique": false, "Hash Cond": "(pl.postid = p.id)", "Plans": [{"Node Type": "Hash Join", "Parent Relationship": "Outer", "Parallel Aware": false, "Async Capable": false, "Join Type": "Inner", "Startup Cost": 9813.4, "Total Cost": 10679.3, "Plan Rows": 751.0, "Plan Width": 8, "Actual Rows": 39719, "Actual Loops": 1, "Inner Unique": false, "Hash Cond": "(pl.postid = ph.postid)", "Plans": [{"Node Type": "Seq Scan", "Parent Relationship": "Outer", "Parallel Aware": false, "Async Capable": false, "Relation Name": "postlinks", "Alias": "pl", "Startup Cost": 0.0, "Total Cost": 248.53, "Plan Rows": 6592, "Plan Width": 4, "Actual Rows": 6670, "Actual Loops": 1, "Filter": "((creationdate <= '2013-12-30 20:32:34'::timestamp without time zone) AND (linktypeid = 1))", "Rows Removed by Filter": 4432}, {"Node Type": "Hash", "Parent Relationship": "Inner", "Parallel Aware": false, "Async Capable": false, "Startup Cost": 6029.84, "Total Cost": 6029.84, "Plan Rows": 302685, "Plan Width": 4, "Actual Rows": 303162, "Actual Loops": 1, "Hash Buckets": 524288, "Original Hash Buckets": 524288, "Hash Batches": 1, "Original Hash Batches": 1, "Peak Memory Usage": 14755, "Plans": [{"Node Type": "Seq Scan", "Parent Relationship": "Outer", "Parallel Aware": false, "Async Capable": false, "Relation Name": "posthistory", "Alias": "ph", "Startup Cost": 0.0, "Total Cost": 6029.84, "Plan Rows": 302685, "Plan Width": 4, "Actual Rows": 303162, "Actual Loops": 1, "Filter": "(creationdate >= '2010-04-21 20:19:57'::timestamp without time zone)", "Rows Removed by Filter": 25}]}]}, {"Node Type": "Hash", "Parent Relationship": "Inner", "Parallel Aware": false, "Async Capable": false, "Startup Cost": 3609.99, "Total Cost": 3609.99, "Plan Rows": 1269.0, "Plan Width": 12, "Actual Rows": 1165, "Actual Loops": 1, "Hash Buckets": 2048, "Original Hash Buckets": 1024, "Hash Batches": 1, "Original Hash Batches": 1, "Peak Memory Usage": 67, "Plans": [{"Node Type": "Nested Loop", "Parent Relationship": "Outer", "Parallel Aware": false, "Async Capable": false, "Join Type": "Inner", "Startup Cost": 0.84, "Total Cost": 3609.99, "Plan Rows": 1269.0, "Plan Width": 12, "Actual Rows": 1165, "Actual Loops": 1, "Inner Unique": false, "Join Filter": "(p.id = v.postid)", "Rows Removed by Join Filter": 0, "Plans": [{"Node Type": "Nested Loop", "Parent Relationship": "Outer", "Parallel Aware": false, "Async Capable": false, "Join Type": "Inner", "Startup Cost": 0.42, "Total Cost": 3573.02, "Plan Rows": 148.0, "Plan Width": 8, "Actual Rows": 34, "Actual Loops": 1, "Inner Unique": false, "Plans": [{"Node Type": "Seq Scan", "Parent Relationship": "Outer", "Parallel Aware": false, "Async Capable": false, "Relation Name": "posts", "Alias": "p", "Startup Cost": 0.0, "Total Cost": 2909.46, "Plan Rows": 79, "Plan Width": 4, "Actual Rows": 175, "Actual Loops": 1, "Filter": "((score <= 119) AND (favoritecount >= 16) AND (favoritecount <= 54) AND (creationdate >= '2009-04-20 11:57:26'::timestamp without time zone) AND (creationdate <= '2012-12-13 08:33:18'::timestamp without time zone))", "Rows Removed by Filter": 91801}, {"Node Type": "Index Scan", "Parent Relationship": "Inner", "Parallel Aware": false, "Async Capable": false, "Scan Direction": "Forward", "Index Name": "idx_comments_postid", "Relation Name": "comments", "Alias": "c", "Startup Cost": 0.42, "Total Cost": 8.39, "Plan Rows": 1, "Plan Width": 4, "Actual Rows": 0, "Actual Loops": 175, "Index Cond": "(postid = p.id)", "Rows Removed by Index Recheck": 0, "Filter": "(creationdate >= '2013-10-15 18:31:30'::timestamp without time zone)", "Rows Removed by Filter": 3}]}, {"Node Type": "Index Scan", "Parent Relationship": "Inner", "Parallel Aware": false, "Async Capable": false, "Scan Direction": "Forward", "Index Name": "idx_votes_postid", "Relation Name": "votes", "Alias": "v", "Startup Cost": 0.42, "Total Cost": 0.7, "Plan Rows": 2, "Plan Width": 4, "Actual Rows": 34, "Actual Loops": 34, "Index Cond": "(postid = c.postid)", "Rows Removed by Index Recheck": 0, "Filter": "(creationdate <= '2012-12-22 02:31:07'::timestamp without time zone)", "Rows Removed by Filter": 36}]}]}]}]}, "Planning Time": 6.111, "Triggers": [], "Execution Time": 197.076}, {"Plan": {"Node Type": "Aggregate", "Strategy": "Plain", "Partial Mode": "Finalize", "Parallel Aware": false, "Async Capable": false, "Startup Cost": 9325.49, "Total Cost": 9325.5, "Plan Rows": 1, "Plan Width": 8, "Actual Rows": 1, "Actual Loops": 1, "Plans": [{"Node Type": "Gather", "Parent Relationship": "Outer", "Parallel Aware": false, "Async Capable": false, "Startup Cost": 9325.38, "Total Cost": 9325.49, "Plan Rows": 1, "Plan Width": 8, "Actual Rows": 2, "Actual Loops": 1, "Workers Planned": 1, "Workers Launched": 1, "Single Copy": false, "Plans": [{"Node Type": "Aggregate", "Strategy": "Plain", "Partial Mode": "Partial", "Parent Relationship": "Outer", "Parallel Aware": false, "Async Capable": false, "Startup Cost": 8325.38, "Total Cost": 8325.39, "Plan Rows": 1, "Plan Width": 8, "Actual Rows": 1, "Actual Loops": 2, "Workers": [], "Plans": [{"Node Type": "Hash Join", "Parent Relationship": "Outer", "Parallel Aware": false, "Async Capable": false, "Join Type": "Inner", "Startup Cost": 3188.21, "Total Cost": 8325.35, "Plan Rows": 1027.0, "Plan Width": 0, "Actual Rows": 4110, "Actual Loops": 2, "Inner Unique": false, "Hash Cond": "(ph.postid = p.id)", "Workers": [], "Plans": [{"Node Type": "Seq Scan", "Parent Relationship": "Outer", "Parallel Aware": true, "Async Capable": false, "Relation Name": "posthistory", "Alias": "ph", "Startup Cost": 0.0, "Total Cost": 4469.32, "Plan Rows": 178050, "Plan Width": 4, "Actual Rows": 151581, "Actual Loops": 2, "Filter": "(creationdate >= '2010-04-21 20:19:57'::timestamp without time zone)", "Rows Removed by Filter": 12, "Workers": []}, {"Node Type": "Hash", "Parent Relationship": "Inner", "Parallel Aware": false, "Async Capable": false, "Startup Cost": 3188.12, "Total Cost": 3188.12, "Plan Rows": 350.0, "Plan Width": 16, "Actual Rows": 1294, "Actual Loops": 2, "Hash Buckets": 2048, "Original Hash Buckets": 1024, "Hash Batches": 1, "Original Hash Batches": 1, "Peak Memory Usage": 77, "Workers": [], "Plans": [{"Node Type": "Nested Loop", "Parent Relationship": "Outer", "Parallel Aware": false, "Async Capable": false, "Join Type": "Inner", "Startup Cost": 2911.29, "Total Cost": 3188.12, "Plan Rows": 350.0, "Plan Width": 16, "Actual Rows": 1294, "Actual Loops": 2, "Inner Unique": false, "Join Filter": "(p.id = v.postid)", "Rows Removed by Join Filter": 0, "Workers": [], "Plans": [{"Node Type": "Nested Loop", "Parent Relationship": "Outer", "Parallel Aware": false, "Async Capable": false, "Join Type": "Inner", "Startup Cost": 2910.87, "Total Cost": 3185.22, "Plan Rows": 26.0, "Plan Width": 12, "Actual Rows": 36, "Actual Loops": 2, "Inner Unique": false, "Join Filter": "(c.postid = p.id)", "Rows Removed by Join Filter": 0, "Workers": [], "Plans": [{"Node Type": "Hash Join", "Parent Relationship": "Outer", "Parallel Aware": false, "Async Capable": false, "Join Type": "Inner", "Startup Cost": 2910.45, "Total Cost": 3176.28, "Plan Rows": 14.0, "Plan Width": 8, "Actual Rows": 153, "Actual Loops": 2, "Inner Unique": true, "Hash Cond": "(pl.postid = p.id)", "Workers": [], "Plans": [{"Node Type": "Seq Scan", "Parent Relationship": "Outer", "Parallel Aware": false, "Async Capable": false, "Relation Name": "postlinks", "Alias": "pl", "Startup Cost": 0.0, "Total Cost": 248.53, "Plan Rows": 6592, "Plan Width": 4, "Actual Rows": 6670, "Actual Loops": 2, "Filter": "((creationdate <= '2013-12-30 20:32:34'::timestamp without time zone) AND (linktypeid = 1))", "Rows Removed by Filter": 4432, "Workers": []}, {"Node Type": "Hash", "Parent Relationship": "Inner", "Parallel Aware": false, "Async Capable": false, "Startup Cost": 2909.46, "Total Cost": 2909.46, "Plan Rows": 79, "Plan Width": 4, "Actual Rows": 175, "Actual Loops": 2, "Hash Buckets": 1024, "Original Hash Buckets": 1024, "Hash Batches": 1, "Original Hash Batches": 1, "Peak Memory Usage": 15, "Workers": [], "Plans": [{"Node Type": "Seq Scan", "Parent Relationship": "Outer", "Parallel Aware": false, "Async Capable": false, "Relation Name": "posts", "Alias": "p", "Startup Cost": 0.0, "Total Cost": 2909.46, "Plan Rows": 79, "Plan Width": 4, "Actual Rows": 175, "Actual Loops": 2, "Filter": "((score <= 119) AND (favoritecount >= 16) AND (favoritecount <= 54) AND (creationdate >= '2009-04-20 11:57:26'::timestamp without time zone) AND (creationdate <= '2012-12-13 08:33:18'::timestamp without time zone))", "Rows Removed by Filter": 91801, "Workers": []}]}]}, {"Node Type": "Index Scan", "Parent Relationship": "Inner", "Parallel Aware": false, "Async Capable": false, "Scan Direction": "Forward", "Index Name": "idx_comments_postid", "Relation Name": "comments", "Alias": "c", "Startup Cost": 0.42, "Total Cost": 1.48, "Plan Rows": 1, "Plan Width": 4, "Actual Rows": 0, "Actual Loops": 306, "Index Cond": "(postid = pl.postid)", "Rows Removed by Index Recheck": 0, "Filter": "(creationdate >= '2013-10-15 18:31:30'::timestamp without time zone)", "Rows Removed by Filter": 4, "Workers": []}]}, {"Node Type": "Index Scan", "Parent Relationship": "Inner", "Parallel Aware": false, "Async Capable": false, "Scan Direction": "Forward", "Index Name": "idx_votes_postid", "Relation Name": "votes", "Alias": "v", "Startup Cost": 0.42, "Total Cost": 0.7, "Plan Rows": 2, "Plan Width": 4, "Actual Rows": 36, "Actual Loops": 72, "Index Cond": "(postid = c.postid)", "Rows Removed by Index Recheck": 0, "Filter": "(creationdate <= '2012-12-22 02:31:07'::timestamp without time zone)", "Rows Removed by Filter": 41, "Workers": []}]}]}]}]}]}]}, "Planning Time": 9.865, "Triggers": [], "Execution Time": 68.684}, {"Plan": {"Node Type": "Aggregate", "Strategy": "Plain", "Partial Mode": "Finalize", "Parallel Aware": false, "Async Capable": false, "Startup Cost": 17821.57, "Total Cost": 17821.58, "Plan Rows": 1, "Plan Width": 8, "Actual Rows": 1, "Actual Loops": 1, "Plans": [{"Node Type": "Gather", "Parent Relationship": "Outer", "Parallel Aware": false, "Async Capable": false, "Startup Cost": 17821.46, "Total Cost": 17821.57, "Plan Rows": 1, "Plan Width": 8, "Actual Rows": 2, "Actual Loops": 1, "Workers Planned": 1, "Workers Launched": 1, "Single Copy": false, "Plans": [{"Node Type": "Aggregate", "Strategy": "Plain", "Partial Mode": "Partial", "Parent Relationship": "Outer", "Parallel Aware": false, "Async Capable": false, "Startup Cost": 16821.46, "Total Cost": 16821.47, "Plan Rows": 1, "Plan Width": 8, "Actual Rows": 1, "Actual Loops": 2, "Workers": [], "Plans": [{"Node Type": "Hash Join", "Parent Relationship": "Outer", "Parallel Aware": false, "Async Capable": false, "Join Type": "Inner", "Startup Cost": 3905.01, "Total Cost": 16821.43, "Plan Rows": 1027.0, "Plan Width": 0, "Actual Rows": 4110, "Actual Loops": 2, "Inner Unique": false, "Hash Cond": "(pl.postid = p.id)", "Workers": [], "Plans": [{"Node Type": "Nested Loop", "Parent Relationship": "Outer", "Parallel Aware": false, "Async Capable": false, "Join Type": "Inner", "Startup Cost": 331.35, "Total Cost": 13099.02, "Plan Rows": 11917.0, "Plan Width": 12, "Actual Rows": 88446, "Actual Loops": 2, "Inner Unique": false, "Join Filter": "(pl.postid = ph.postid)", "Rows Removed by Join Filter": 0, "Workers": [], "Plans": [{"Node Type": "Hash Join", "Parent Relationship": "Outer", "Parallel Aware": false, "Async Capable": false, "Join Type": "Inner", "Startup Cost": 330.93, "Total Cost": 6708.29, "Plan Rows": 3591.0, "Plan Width": 8, "Actual Rows": 12966, "Actual Loops": 2, "Inner Unique": false, "Hash Cond": "(v.postid = pl.postid)", "Workers": [], "Plans": [{"Node Type": "Seq Scan", "Parent Relationship": "Outer", "Parallel Aware": true, "Async Capable": false, "Relation Name": "votes", "Alias": "v", "Startup Cost": 0.0, "Total Cost": 4572.24, "Plan Rows": 90808, "Plan Width": 4, "Actual Rows": 77092, "Actual Loops": 2, "Filter": "(creationdate <= '2012-12-22 02:31:07'::timestamp without time zone)", "Rows Removed by Filter": 86940, "Workers": []}, {"Node Type": "Hash", "Parent Relationship": "Inner", "Parallel Aware": false, "Async Capable": false, "Startup Cost": 248.53, "Total Cost": 248.53, "Plan Rows": 6592, "Plan Width": 4, "Actual Rows": 6670, "Actual Loops": 2, "Hash Buckets": 8192, "Original Hash Buckets": 8192, "Hash Batches": 1, "Original Hash Batches": 1, "Peak Memory Usage": 299, "Workers": [], "Plans": [{"Node Type": "Seq Scan", "Parent Relationship": "Outer", "Parallel Aware": false, "Async Capable": false, "Relation Name": "postlinks", "Alias": "pl", "Startup Cost": 0.0, "Total Cost": 248.53, "Plan Rows": 6592, "Plan Width": 4, "Actual Rows": 6670, "Actual Loops": 2, "Filter": "((creationdate <= '2013-12-30 20:32:34'::timestamp without time zone) AND (linktypeid = 1))", "Rows Removed by Filter": 4432, "Workers": []}]}]}, {"Node Type": "Index Scan", "Parent Relationship": "Inner", "Parallel Aware": false, "Async Capable": false, "Scan Direction": "Forward", "Index Name": "idx_posthistory_postid", "Relation Name": "posthistory", "Alias": "ph", "Startup Cost": 0.42, "Total Cost": 0.57, "Plan Rows": 4, "Plan Width": 4, "Actual Rows": 7, "Actual Loops": 25931, "Index Cond": "(postid = v.postid)", "Rows Removed by Index Recheck": 0, "Filter": "(creationdate >= '2010-04-21 20:19:57'::timestamp without time zone)", "Rows Removed by Filter": 0, "Workers": []}]}, {"Node Type": "Hash", "Parent Relationship": "Inner", "Parallel Aware": false, "Async Capable": false, "Startup Cost": 3573.02, "Total Cost": 3573.02, "Plan Rows": 148.0, "Plan Width": 8, "Actual Rows": 34, "Actual Loops": 2, "Hash Buckets": 1024, "Original Hash Buckets": 1024, "Hash Batches": 1, "Original Hash Batches": 1, "Peak Memory Usage": 10, "Workers": [], "Plans": [{"Node Type": "Nested Loop", "Parent Relationship": "Outer", "Parallel Aware": false, "Async Capable": false, "Join Type": "Inner", "Startup Cost": 0.42, "Total Cost": 3573.02, "Plan Rows": 148.0, "Plan Width": 8, "Actual Rows": 34, "Actual Loops": 2, "Inner Unique": false, "Workers": [], "Plans": [{"Node Type": "Seq Scan", "Parent Relationship": "Outer", "Parallel Aware": false, "Async Capable": false, "Relation Name": "posts", "Alias": "p", "Startup Cost": 0.0, "Total Cost": 2909.46, "Plan Rows": 79, "Plan Width": 4, "Actual Rows": 175, "Actual Loops": 2, "Filter": "((score <= 119) AND (favoritecount >= 16) AND (favoritecount <= 54) AND (creationdate >= '2009-04-20 11:57:26'::timestamp without time zone) AND (creationdate <= '2012-12-13 08:33:18'::timestamp without time zone))", "Rows Removed by Filter": 91801, "Workers": []}, {"Node Type": "Index Scan", "Parent Relationship": "Inner", "Parallel Aware": false, "Async Capable": false, "Scan Direction": "Forward", "Index Name": "idx_comments_postid", "Relation Name": "comments", "Alias": "c", "Startup Cost": 0.42, "Total Cost": 8.39, "Plan Rows": 1, "Plan Width": 4, "Actual Rows": 0, "Actual Loops": 350, "Index Cond": "(postid = p.id)", "Rows Removed by Index Recheck": 0, "Filter": "(creationdate >= '2013-10-15 18:31:30'::timestamp without time zone)", "Rows Removed by Filter": 3, "Workers": []}]}]}]}]}]}]}, "Planning Time": 11.819, "Triggers": [], "Execution Time": 132.92}, {"Plan": {"Node Type": "Aggregate", "Strategy": "Plain", "Partial Mode": "Simple", "Parallel Aware": false, "Async Capable": false, "Startup Cost": 26190.57, "Total Cost": 26190.58, "Plan Rows": 1, "Plan Width": 8, "Actual Rows": 1, "Actual Loops": 1, "Plans": [{"Node Type": "Hash Join", "Parent Relationship": "Outer", "Parallel Aware": false, "Async Capable": false, "Join Type": "Inner", "Startup Cost": 23264.88, "Total Cost": 26190.51, "Plan Rows": 1027.0, "Plan Width": 0, "Actual Rows": 8221, "Actual Loops": 1, "Inner Unique": false, "Hash Cond": "(p.id = pl.postid)", "Plans": [{"Node Type": "Seq Scan", "Parent Relationship": "Outer", "Parallel Aware": false, "Async Capable": false, "Relation Name": "posts", "Alias": "p", "Startup Cost": 0.0, "Total Cost": 2909.46, "Plan Rows": 79, "Plan Width": 4, "Actual Rows": 175, "Actual Loops": 1, "Filter": "((score <= 119) AND (favoritecount >= 16) AND (favoritecount <= 54) AND (creationdate >= '2009-04-20 11:57:26'::timestamp without time zone) AND (creationdate <= '2012-12-13 08:33:18'::timestamp without time zone))", "Rows Removed by Filter": 91801}, {"Node Type": "Hash", "Parent Relationship": "Inner", "Parallel Aware": false, "Async Capable": false, "Startup Cost": 22282.89, "Total Cost": 22282.89, "Plan Rows": 13370.0, "Plan Width": 16, "Actual Rows": 19049, "Actual Loops": 1, "Hash Buckets": 131072, "Original Hash Buckets": 131072, "Hash Batches": 1, "Original Hash Batches": 1, "Peak Memory Usage": 1917, "Plans": [{"Node Type": "Hash Join", "Parent Relationship": "Outer", "Parallel Aware": false, "Async Capable": false, "Join Type": "Inner", "Startup Cost": 14083.83, "Total Cost": 22282.89, "Plan Rows": 13370.0, "Plan Width": 16, "Actual Rows": 19049, "Actual Loops": 1, "Inner Unique": false, "Hash Cond": "(pl.postid = ph.postid)", "Plans": [{"Node Type": "Nested Loop", "Parent Relationship": "Outer", "Parallel Aware": false, "Async Capable": false, "Join Type": "Inner", "Startup Cost": 4270.43, "Total Cost": 10566.14, "Plan Rows": 4743.0, "Plan Width": 12, "Actual Rows": 2849, "Actual Loops": 1, "Inner Unique": false, "Join Filter": "(pl.postid = v.postid)", "Rows Removed by Join Filter": 0, "Plans": [{"Node Type": "Hash Join", "Parent Relationship": "Outer", "Parallel Aware": false, "Async Capable": false, "Join Type": "Inner", "Startup Cost": 4270.01, "Total Cost": 4990.97, "Plan Rows": 325.0, "Plan Width": 8, "Actual Rows": 2576, "Actual Loops": 1, "Inner Unique": false, "Hash Cond": "(pl.postid = c.postid)", "Plans": [{"Node Type": "Seq Scan", "Parent Relationship": "Outer", "Parallel Aware": false, "Async Capable": false, "Relation Name": "postlinks", "Alias": "pl", "Startup Cost": 0.0, "Total Cost": 248.53, "Plan Rows": 6592, "Plan Width": 4, "Actual Rows": 6670, "Actual Loops": 1, "Filter": "((creationdate <= '2013-12-30 20:32:34'::timestamp without time zone) AND (linktypeid = 1))", "Rows Removed by Filter": 4432}, {"Node Type": "Hash", "Parent Relationship": "Inner", "Parallel Aware": false, "Async Capable": false, "Startup Cost": 3522.81, "Total Cost": 3522.81, "Plan Rows": 59776, "Plan Width": 4, "Actual Rows": 59831, "Actual Loops": 1, "Hash Buckets": 65536, "Original Hash Buckets": 65536, "Hash Batches": 1, "Original Hash Batches": 1, "Peak Memory Usage": 2616, "Plans": [{"Node Type": "Seq Scan", "Parent Relationship": "Outer", "Parallel Aware": false, "Async Capable": false, "Relation Name": "comments", "Alias": "c", "Startup Cost": 0.0, "Total Cost": 3522.81, "Plan Rows": 59776, "Plan Width": 4, "Actual Rows": 59831, "Actual Loops": 1, "Filter": "(creationdate >= '2013-10-15 18:31:30'::timestamp without time zone)", "Rows Removed by Filter": 114474}]}]}, {"Node Type": "Index Scan", "Parent Relationship": "Inner", "Parallel Aware": false, "Async Capable": false, "Scan Direction": "Forward", "Index Name": "idx_votes_postid", "Relation Name": "votes", "Alias": "v", "Startup Cost": 0.42, "Total Cost": 0.7, "Plan Rows": 2, "Plan Width": 4, "Actual Rows": 1, "Actual Loops": 2576, "Index Cond": "(postid = c.postid)", "Rows Removed by Index Recheck": 0, "Filter": "(creationdate <= '2012-12-22 02:31:07'::timestamp without time zone)", "Rows Removed by Filter": 5}]}, {"Node Type": "Hash", "Parent Relationship": "Inner", "Parallel Aware": false, "Async Capable": false, "Startup Cost": 6029.84, "Total Cost": 6029.84, "Plan Rows": 302685, "Plan Width": 4, "Actual Rows": 303162, "Actual Loops": 1, "Hash Buckets": 524288, "Original Hash Buckets": 524288, "Hash Batches": 1, "Original Hash Batches": 1, "Peak Memory Usage": 14755, "Plans": [{"Node Type": "Seq Scan", "Parent Relationship": "Outer", "Parallel Aware": false, "Async Capable": false, "Relation Name": "posthistory", "Alias": "ph", "Startup Cost": 0.0, "Total Cost": 6029.84, "Plan Rows": 302685, "Plan Width": 4, "Actual Rows": 303162, "Actual Loops": 1, "Filter": "(creationdate >= '2010-04-21 20:19:57'::timestamp without time zone)", "Rows Removed by Filter": 25}]}]}]}]}]}, "Planning Time": 6.283, "Triggers": [], "Execution Time": 242.893}, {"Plan": {"Node Type": "Aggregate", "Strategy": "Plain", "Partial Mode": "Simple", "Parallel Aware": false, "Async Capable": false, "Startup Cost": 3212.99, "Total Cost": 3213.0, "Plan Rows": 1, "Plan Width": 8, "Actual Rows": 1, "Actual Loops": 1, "Plans": [{"Node Type": "Nested Loop", "Parent Relationship": "Outer", "Parallel Aware": false, "Async Capable": false, "Join Type": "Inner", "Startup Cost": 2911.71, "Total Cost": 3212.94, "Plan Rows": 1027.0, "Plan Width": 0, "Actual Rows": 8221, "Actual Loops": 1, "Inner Unique": false, "Join Filter": "(c.postid = p.id)", "Rows Removed by Join Filter": 0, "Plans": [{"Node Type": "Nested Loop", "Parent Relationship": "Outer", "Parallel Aware": false, "Async Capable": false, "Join Type": "Inner", "Startup Cost": 2911.29, "Total Cost": 3195.46, "Plan Rows": 765.0, "Plan Width": 16, "Actual Rows": 35464, "Actual Loops": 1, "Inner Unique": false, "Join Filter": "(p.id = ph.postid)", "Rows Removed by Join Filter": 0, "Plans": [{"Node Type": "Nested Loop", "Parent Relationship": "Outer", "Parallel Aware": false, "Async Capable": false, "Join Type": "Inner", "Startup Cost": 2910.87, "Total Cost": 3189.22, "Plan Rows": 341.0, "Plan Width": 12, "Actual Rows": 5029, "Actual Loops": 1, "Inner Unique": false, "Join Filter": "(p.id = v.postid)", "Rows Removed by Join Filter": 0, "Plans": [{"Node Type": "Hash Join", "Parent Relationship": "Outer", "Parallel Aware": false, "Async Capable": false, "Join Type": "Inner", "Startup Cost": 2910.45, "Total Cost": 3176.28, "Plan Rows": 14.0, "Plan Width": 8, "Actual Rows": 153, "Actual Loops": 1, "Inner Unique": true, "Hash Cond": "(pl.postid = p.id)", "Plans": [{"Node Type": "Seq Scan", "Parent Relationship": "Outer", "Parallel Aware": false, "Async Capable": false, "Relation Name": "postlinks", "Alias": "pl", "Startup Cost": 0.0, "Total Cost": 248.53, "Plan Rows": 6592, "Plan Width": 4, "Actual Rows": 6670, "Actual Loops": 1, "Filter": "((creationdate <= '2013-12-30 20:32:34'::timestamp without time zone) AND (linktypeid = 1))", "Rows Removed by Filter": 4432}, {"Node Type": "Hash", "Parent Relationship": "Inner", "Parallel Aware": false, "Async Capable": false, "Startup Cost": 2909.46, "Total Cost": 2909.46, "Plan Rows": 79, "Plan Width": 4, "Actual Rows": 175, "Actual Loops": 1, "Hash Buckets": 1024, "Original Hash Buckets": 1024, "Hash Batches": 1, "Original Hash Batches": 1, "Peak Memory Usage": 15, "Plans": [{"Node Type": "Seq Scan", "Parent Relationship": "Outer", "Parallel Aware": false, "Async Capable": false, "Relation Name": "posts", "Alias": "p", "Startup Cost": 0.0, "Total Cost": 2909.46, "Plan Rows": 79, "Plan Width": 4, "Actual Rows": 175, "Actual Loops": 1, "Filter": "((score <= 119) AND (favoritecount >= 16) AND (favoritecount <= 54) AND (creationdate >= '2009-04-20 11:57:26'::timestamp without time zone) AND (creationdate <= '2012-12-13 08:33:18'::timestamp without time zone))", "Rows Removed by Filter": 91801}]}]}, {"Node Type": "Index Scan", "Parent Relationship": "Inner", "Parallel Aware": false, "Async Capable": false, "Scan Direction": "Forward", "Index Name": "idx_votes_postid", "Relation Name": "votes", "Alias": "v", "Startup Cost": 0.42, "Total Cost": 2.13, "Plan Rows": 2, "Plan Width": 4, "Actual Rows": 33, "Actual Loops": 153, "Index Cond": "(postid = pl.postid)", "Rows Removed by Index Recheck": 0, "Filter": "(creationdate <= '2012-12-22 02:31:07'::timestamp without time zone)", "Rows Removed by Filter": 27}]}, {"Node Type": "Index Scan", "Parent Relationship": "Inner", "Parallel Aware": false, "Async Capable": false, "Scan Direction": "Forward", "Index Name": "idx_posthistory_postid", "Relation Name": "posthistory", "Alias": "ph", "Startup Cost": 0.42, "Total Cost": 0.57, "Plan Rows": 4, "Plan Width": 4, "Actual Rows": 7, "Actual Loops": 5029, "Index Cond": "(postid = v.postid)", "Rows Removed by Index Recheck": 0, "Filter": "(creationdate >= '2010-04-21 20:19:57'::timestamp without time zone)", "Rows Removed by Filter": 0}]}, {"Node Type": "Index Scan", "Parent Relationship": "Inner", "Parallel Aware": false, "Async Capable": false, "Scan Direction": "Forward", "Index Name": "idx_comments_postid", "Relation Name": "comments", "Alias": "c", "Startup Cost": 0.42, "Total Cost": 0.5, "Plan Rows": 1, "Plan Width": 4, "Actual Rows": 0, "Actual Loops": 35464, "Index Cond": "(postid = ph.postid)", "Rows Removed by Index Recheck": 0, "Filter": "(creationdate >= '2013-10-15 18:31:30'::timestamp without time zone)", "Rows Removed by Filter": 4}]}]}, "Planning Time": 5.571, "Triggers": [], "Execution Time": 88.121}, {"Plan": {"Node Type": "Aggregate", "Strategy": "Plain", "Partial Mode": "Finalize", "Parallel Aware": false, "Async Capable": false, "Startup Cost": 15995.0, "Total Cost": 15995.01, "Plan Rows": 1, "Plan Width": 8, "Actual Rows": 1, "Actual Loops": 1, "Plans": [{"Node Type": "Gather", "Parent Relationship": "Outer", "Parallel Aware": false, "Async Capable": false, "Startup Cost": 15994.89, "Total Cost": 15995.0, "Plan Rows": 1, "Plan Width": 8, "Actual Rows": 2, "Actual Loops": 1, "Workers Planned": 1, "Workers Launched": 1, "Single Copy": false, "Plans": [{"Node Type": "Aggregate", "Strategy": "Plain", "Partial Mode": "Partial", "Parent Relationship": "Outer", "Parallel Aware": false, "Async Capable": false, "Startup Cost": 14994.89, "Total Cost": 14994.9, "Plan Rows": 1, "Plan Width": 8, "Actual Rows": 1, "Actual Loops": 2, "Workers": [], "Plans": [{"Node Type": "Hash Join", "Parent Relationship": "Outer", "Parallel Aware": false, "Async Capable": false, "Join Type": "Inner", "Startup Cost": 9884.28, "Total Cost": 14994.85, "Plan Rows": 1027.0, "Plan Width": 0, "Actual Rows": 4110, "Actual Loops": 2, "Inner Unique": false, "Hash Cond": "(ph.postid = p.id)", "Workers": [], "Plans": [{"Node Type": "Hash Join", "Parent Relationship": "Outer", "Parallel Aware": true, "Async Capable": false, "Join Type": "Inner", "Startup Cost": 6694.94, "Total Cost": 11300.01, "Plan Rows": 3053.0, "Plan Width": 8, "Actual Rows": 121332, "Actual Loops": 2, "Inner Unique": false, "Hash Cond": "(c.postid = ph.postid)", "Workers": [], "Plans": [{"Node Type": "Seq Scan", "Parent Relationship": "Outer", "Parallel Aware": true, "Async Capable": false, "Relation Name": "comments", "Alias": "c", "Startup Cost": 0.0, "Total Cost": 2625.65, "Plan Rows": 35162, "Plan Width": 4, "Actual Rows": 29916, "Actual Loops": 2, "Filter": "(creationdate >= '2013-10-15 18:31:30'::timestamp without time zone)", "Rows Removed by Filter": 57237, "Workers": []}, {"Node Type": "Hash", "Parent Relationship": "Inner", "Parallel Aware": true, "Async Capable": false, "Startup Cost": 4469.32, "Total Cost": 4469.32, "Plan Rows": 178050, "Plan Width": 4, "Actual Rows": 151581, "Actual Loops": 2, "Hash Buckets": 524288, "Original Hash Buckets": 524288, "Hash Batches": 1, "Original Hash Batches": 1, "Peak Memory Usage": 15968, "Workers": [], "Plans": [{"Node Type": "Seq Scan", "Parent Relationship": "Outer", "Parallel Aware": true, "Async Capable": false, "Relation Name": "posthistory", "Alias": "ph", "Startup Cost": 0.0, "Total Cost": 4469.32, "Plan Rows": 178050, "Plan Width": 4, "Actual Rows": 151581, "Actual Loops": 2, "Filter": "(creationdate >= '2010-04-21 20:19:57'::timestamp without time zone)", "Rows Removed by Filter": 12, "Workers": []}]}]}, {"Node Type": "Hash", "Parent Relationship": "Inner", "Parallel Aware": false, "Async Capable": false, "Startup Cost": 3189.22, "Total Cost": 3189.22, "Plan Rows": 341.0, "Plan Width": 12, "Actual Rows": 5029, "Actual Loops": 2, "Hash Buckets": 8192, "Original Hash Buckets": 1024, "Hash Batches": 1, "Original Hash Batches": 1, "Peak Memory Usage": 281, "Workers": [], "Plans": [{"Node Type": "Nested Loop", "Parent Relationship": "Outer", "Parallel Aware": false, "Async Capable": false, "Join Type": "Inner", "Startup Cost": 2910.87, "Total Cost": 3189.22, "Plan Rows": 341.0, "Plan Width": 12, "Actual Rows": 5029, "Actual Loops": 2, "Inner Unique": false, "Join Filter": "(p.id = v.postid)", "Rows Removed by Join Filter": 0, "Workers": [], "Plans": [{"Node Type": "Hash Join", "Parent Relationship": "Outer", "Parallel Aware": false, "Async Capable": false, "Join Type": "Inner", "Startup Cost": 2910.45, "Total Cost": 3176.28, "Plan Rows": 14.0, "Plan Width": 8, "Actual Rows": 153, "Actual Loops": 2, "Inner Unique": true, "Hash Cond": "(pl.postid = p.id)", "Workers": [], "Plans": [{"Node Type": "Seq Scan", "Parent Relationship": "Outer", "Parallel Aware": false, "Async Capable": false, "Relation Name": "postlinks", "Alias": "pl", "Startup Cost": 0.0, "Total Cost": 248.53, "Plan Rows": 6592, "Plan Width": 4, "Actual Rows": 6670, "Actual Loops": 2, "Filter": "((creationdate <= '2013-12-30 20:32:34'::timestamp without time zone) AND (linktypeid = 1))", "Rows Removed by Filter": 4432, "Workers": []}, {"Node Type": "Hash", "Parent Relationship": "Inner", "Parallel Aware": false, "Async Capable": false, "Startup Cost": 2909.46, "Total Cost": 2909.46, "Plan Rows": 79, "Plan Width": 4, "Actual Rows": 175, "Actual Loops": 2, "Hash Buckets": 1024, "Original Hash Buckets": 1024, "Hash Batches": 1, "Original Hash Batches": 1, "Peak Memory Usage": 15, "Workers": [], "Plans": [{"Node Type": "Seq Scan", "Parent Relationship": "Outer", "Parallel Aware": false, "Async Capable": false, "Relation Name": "posts", "Alias": "p", "Startup Cost": 0.0, "Total Cost": 2909.46, "Plan Rows": 79, "Plan Width": 4, "Actual Rows": 175, "Actual Loops": 2, "Filter": "((score <= 119) AND (favoritecount >= 16) AND (favoritecount <= 54) AND (creationdate >= '2009-04-20 11:57:26'::timestamp without time zone) AND (creationdate <= '2012-12-13 08:33:18'::timestamp without time zone))", "Rows Removed by Filter": 91801, "Workers": []}]}]}, {"Node Type": "Index Scan", "Parent Relationship": "Inner", "Parallel Aware": false, "Async Capable": false, "Scan Direction": "Forward", "Index Name": "idx_votes_postid", "Relation Name": "votes", "Alias": "v", "Startup Cost": 0.42, "Total Cost": 2.13, "Plan Rows": 2, "Plan Width": 4, "Actual Rows": 33, "Actual Loops": 306, "Index Cond": "(postid = pl.postid)", "Rows Removed by Index Recheck": 0, "Filter": "(creationdate <= '2012-12-22 02:31:07'::timestamp without time zone)", "Rows Removed by Filter": 27, "Workers": []}]}]}]}]}]}]}, "Planning Time": 10.81, "Triggers": [], "Execution Time": 192.054}, {"Plan": {"Node Type": "Aggregate", "Strategy": "Plain", "Partial Mode": "Simple", "Parallel Aware": false, "Async Capable": false, "Startup Cost": 3754.34, "Total Cost": 3754.35, "Plan Rows": 1, "Plan Width": 8, "Actual Rows": 1, "Actual Loops": 1, "Plans": [{"Node Type": "Nested Loop", "Parent Relationship": "Outer", "Parallel Aware": false, "Async Capable": false, "Join Type": "Inner", "Startup Cost": 1.55, "Total Cost": 3754.28, "Plan Rows": 1027.0, "Plan Width": 0, "Actual Rows": 8221, "Actual Loops": 1, "Inner Unique": false, "Join Filter": "(p.id = pl.postid)", "Rows Removed by Join Filter": 0, "Plans": [{"Node Type": "Nested Loop", "Parent Relationship": "Outer", "Parallel Aware": false, "Async Capable": false, "Join Type": "Inner", "Startup Cost": 1.27, "Total Cost": 3663.63, "Plan Rows": 3362.0, "Plan Width": 16, "Actual Rows": 7161, "Actual Loops": 1, "Inner Unique": false, "Join Filter": "(p.id = ph.postid)", "Rows Removed by Join Filter": 0, "Plans": [{"Node Type": "Nested Loop", "Parent Relationship": "Outer", "Parallel Aware": false, "Async Capable": false, "Join Type": "Inner", "Startup Cost": 0.84, "Total Cost": 3609.99, "Plan Rows": 1269.0, "Plan Width": 12, "Actual Rows": 1165, "Actual Loops": 1, "Inner Unique": false, "Join Filter": "(p.id = v.postid)", "Rows Removed by Join Filter": 0, "Plans": [{"Node Type": "Nested Loop", "Parent Relationship": "Outer", "Parallel Aware": false, "Async Capable": false, "Join Type": "Inner", "Startup Cost": 0.42, "Total Cost": 3573.02, "Plan Rows": 148.0, "Plan Width": 8, "Actual Rows": 34, "Actual Loops": 1, "Inner Unique": false, "Plans": [{"Node Type": "Seq Scan", "Parent Relationship": "Outer", "Parallel Aware": false, "Async Capable": false, "Relation Name": "posts", "Alias": "p", "Startup Cost": 0.0, "Total Cost": 2909.46, "Plan Rows": 79, "Plan Width": 4, "Actual Rows": 175, "Actual Loops": 1, "Filter": "((score <= 119) AND (favoritecount >= 16) AND (favoritecount <= 54) AND (creationdate >= '2009-04-20 11:57:26'::timestamp without time zone) AND (creationdate <= '2012-12-13 08:33:18'::timestamp without time zone))", "Rows Removed by Filter": 91801}, {"Node Type": "Index Scan", "Parent Relationship": "Inner", "Parallel Aware": false, "Async Capable": false, "Scan Direction": "Forward", "Index Name": "idx_comments_postid", "Relation Name": "comments", "Alias": "c", "Startup Cost": 0.42, "Total Cost": 8.39, "Plan Rows": 1, "Plan Width": 4, "Actual Rows": 0, "Actual Loops": 175, "Index Cond": "(postid = p.id)", "Rows Removed by Index Recheck": 0, "Filter": "(creationdate >= '2013-10-15 18:31:30'::timestamp without time zone)", "Rows Removed by Filter": 3}]}, {"Node Type": "Index Scan", "Parent Relationship": "Inner", "Parallel Aware": false, "Async Capable": false, "Scan Direction": "Forward", "Index Name": "idx_votes_postid", "Relation Name": "votes", "Alias": "v", "Startup Cost": 0.42, "Total Cost": 0.7, "Plan Rows": 2, "Plan Width": 4, "Actual Rows": 34, "Actual Loops": 34, "Index Cond": "(postid = c.postid)", "Rows Removed by Index Recheck": 0, "Filter": "(creationdate <= '2012-12-22 02:31:07'::timestamp without time zone)", "Rows Removed by Filter": 36}]}, {"Node Type": "Index Scan", "Parent Relationship": "Inner", "Parallel Aware": false, "Async Capable": false, "Scan Direction": "Forward", "Index Name": "idx_posthistory_postid", "Relation Name": "posthistory", "Alias": "ph", "Startup Cost": 0.42, "Total Cost": 0.57, "Plan Rows": 4, "Plan Width": 4, "Actual Rows": 6, "Actual Loops": 1165, "Index Cond": "(postid = v.postid)", "Rows Removed by Index Recheck": 0, "Filter": "(creationdate >= '2010-04-21 20:19:57'::timestamp without time zone)", "Rows Removed by Filter": 0}]}, {"Node Type": "Index Scan", "Parent Relationship": "Inner", "Parallel Aware": false, "Async Capable": false, "Scan Direction": "Forward", "Index Name": "idx_postlinks_postid", "Relation Name": "postlinks", "Alias": "pl", "Startup Cost": 0.29, "Total Cost": 0.31, "Plan Rows": 1, "Plan Width": 4, "Actual Rows": 1, "Actual Loops": 7161, "Index Cond": "(postid = ph.postid)", "Rows Removed by Index Recheck": 0, "Filter": "((creationdate <= '2013-12-30 20:32:34'::timestamp without time zone) AND (linktypeid = 1))", "Rows Removed by Filter": 0}]}]}, "Planning Time": 5.284, "Triggers": [], "Execution Time": 26.426}, {"Plan": {"Node Type": "Aggregate", "Strategy": "Plain", "Partial Mode": "Simple", "Parallel Aware": false, "Async Capable": false, "Startup Cost": 13286.44, "Total Cost": 13286.45, "Plan Rows": 1, "Plan Width": 8, "Actual Rows": 1, "Actual Loops": 1, "Plans": [{"Node Type": "Hash Join", "Parent Relationship": "Outer", "Parallel Aware": false, "Async Capable": false, "Join Type": "Inner", "Startup Cost": 9668.77, "Total Cost": 13286.38, "Plan Rows": 1027.0, "Plan Width": 0, "Actual Rows": 8221, "Actual Loops": 1, "Inner Unique": false, "Hash Cond": "(p.id = pl.postid)", "Plans": [{"Node Type": "Nested Loop", "Parent Relationship": "Outer", "Parallel Aware": false, "Async Capable": false, "Join Type": "Inner", "Startup Cost": 0.84, "Total Cost": 3610.58, "Plan Rows": 196.0, "Plan Width": 12, "Actual Rows": 209, "Actual Loops": 1, "Inner Unique": false, "Join Filter": "(p.id = ph.postid)", "Rows Removed by Join Filter": 0, "Plans": [{"Node Type": "Nested Loop", "Parent Relationship": "Outer", "Parallel Aware": false, "Async Capable": false, "Join Type": "Inner", "Startup Cost": 0.42, "Total Cost": 3573.02, "Plan Rows": 148.0, "Plan Width": 8, "Actual Rows": 34, "Actual Loops": 1, "Inner Unique": false, "Plans": [{"Node Type": "Seq Scan", "Parent Relationship": "Outer", "Parallel Aware": false, "Async Capable": false, "Relation Name": "posts", "Alias": "p", "Startup Cost": 0.0, "Total Cost": 2909.46, "Plan Rows": 79, "Plan Width": 4, "Actual Rows": 175, "Actual Loops": 1, "Filter": "((score <= 119) AND (favoritecount >= 16) AND (favoritecount <= 54) AND (creationdate >= '2009-04-20 11:57:26'::timestamp without time zone) AND (creationdate <= '2012-12-13 08:33:18'::timestamp without time zone))", "Rows Removed by Filter": 91801}, {"Node Type": "Index Scan", "Parent Relationship": "Inner", "Parallel Aware": false, "Async Capable": false, "Scan Direction": "Forward", "Index Name": "idx_comments_postid", "Relation Name": "comments", "Alias": "c", "Startup Cost": 0.42, "Total Cost": 8.39, "Plan Rows": 1, "Plan Width": 4, "Actual Rows": 0, "Actual Loops": 175, "Index Cond": "(postid = p.id)", "Rows Removed by Index Recheck": 0, "Filter": "(creationdate >= '2013-10-15 18:31:30'::timestamp without time zone)", "Rows Removed by Filter": 3}]}, {"Node Type": "Index Scan", "Parent Relationship": "Inner", "Parallel Aware": false, "Async Capable": false, "Scan Direction": "Forward", "Index Name": "idx_posthistory_postid", "Relation Name": "posthistory", "Alias": "ph", "Startup Cost": 0.42, "Total Cost": 0.69, "Plan Rows": 4, "Plan Width": 4, "Actual Rows": 6, "Actual Loops": 34, "Index Cond": "(postid = c.postid)", "Rows Removed by Index Recheck": 0, "Filter": "(creationdate >= '2010-04-21 20:19:57'::timestamp without time zone)", "Rows Removed by Filter": 0}]}, {"Node Type": "Hash", "Parent Relationship": "Inner", "Parallel Aware": false, "Async Capable": false, "Startup Cost": 9450.19, "Total Cost": 9450.19, "Plan Rows": 3591.0, "Plan Width": 8, "Actual Rows": 25931, "Actual Loops": 1, "Hash Buckets": 32768, "Original Hash Buckets": 32768, "Hash Batches": 1, "Original Hash Batches": 1, "Peak Memory Usage": 1269, "Plans": [{"Node Type": "Gather", "Parent Relationship": "Outer", "Parallel Aware": false, "Async Capable": false, "Startup Cost": 1330.93, "Total Cost": 9450.19, "Plan Rows": 3591.0, "Plan Width": 8, "Actual Rows": 25931, "Actual Loops": 1, "Workers Planned": 1, "Workers Launched": 1, "Single Copy": false, "Plans": [{"Node Type": "Hash Join", "Parent Relationship": "Outer", "Parallel Aware": false, "Async Capable": false, "Join Type": "Inner", "Startup Cost": 330.93, "Total Cost": 6708.29, "Plan Rows": 3591.0, "Plan Width": 8, "Actual Rows": 12966, "Actual Loops": 2, "Inner Unique": false, "Hash Cond": "(v.postid = pl.postid)", "Workers": [], "Plans": [{"Node Type": "Seq Scan", "Parent Relationship": "Outer", "Parallel Aware": true, "Async Capable": false, "Relation Name": "votes", "Alias": "v", "Startup Cost": 0.0, "Total Cost": 4572.24, "Plan Rows": 90808, "Plan Width": 4, "Actual Rows": 77092, "Actual Loops": 2, "Filter": "(creationdate <= '2012-12-22 02:31:07'::timestamp without time zone)", "Rows Removed by Filter": 86940, "Workers": []}, {"Node Type": "Hash", "Parent Relationship": "Inner", "Parallel Aware": false, "Async Capable": false, "Startup Cost": 248.53, "Total Cost": 248.53, "Plan Rows": 6592, "Plan Width": 4, "Actual Rows": 6670, "Actual Loops": 2, "Hash Buckets": 8192, "Original Hash Buckets": 8192, "Hash Batches": 1, "Original Hash Batches": 1, "Peak Memory Usage": 299, "Workers": [], "Plans": [{"Node Type": "Seq Scan", "Parent Relationship": "Outer", "Parallel Aware": false, "Async Capable": false, "Relation Name": "postlinks", "Alias": "pl", "Startup Cost": 0.0, "Total Cost": 248.53, "Plan Rows": 6592, "Plan Width": 4, "Actual Rows": 6670, "Actual Loops": 2, "Filter": "((creationdate <= '2013-12-30 20:32:34'::timestamp without time zone) AND (linktypeid = 1))", "Rows Removed by Filter": 4432, "Workers": []}]}]}]}]}]}]}, "Planning Time": 5.437, "Triggers": [], "Execution Time": 66.333}, {"Plan": {"Node Type": "Aggregate", "Strategy": "Plain", "Partial Mode": "Simple", "Parallel Aware": false, "Async Capable": false, "Startup Cost": 14879.31, "Total Cost": 14879.32, "Plan Rows": 1, "Plan Width": 8, "Actual Rows": 1, "Actual Loops": 1, "Plans": [{"Node Type": "Hash Join", "Parent Relationship": "Outer", "Parallel Aware": false, "Async Capable": false, "Join Type": "Inner", "Startup Cost": 8345.58, "Total Cost": 14879.26, "Plan Rows": 1027.0, "Plan Width": 0, "Actual Rows": 8221, "Actual Loops": 1, "Inner Unique": false, "Hash Cond": "(pl.postid = p.id)", "Plans": [{"Node Type": "Nested Loop", "Parent Relationship": "Outer", "Parallel Aware": false, "Async Capable": false, "Join Type": "Inner", "Startup Cost": 4270.43, "Total Cost": 10655.04, "Plan Rows": 1058.0, "Plan Width": 12, "Actual Rows": 15082, "Actual Loops": 1, "Inner Unique": false, "Join Filter": "(pl.postid = ph.postid)", "Rows Removed by Join Filter": 0, "Plans": [{"Node Type": "Hash Join", "Parent Relationship": "Outer", "Parallel Aware": false, "Async Capable": false, "Join Type": "Inner", "Startup Cost": 4270.01, "Total Cost": 4990.97, "Plan Rows": 325.0, "Plan Width": 8, "Actual Rows": 2576, "Actual Loops": 1, "Inner Unique": false, "Hash Cond": "(pl.postid = c.postid)", "Plans": [{"Node Type": "Seq Scan", "Parent Relationship": "Outer", "Parallel Aware": false, "Async Capable": false, "Relation Name": "postlinks", "Alias": "pl", "Startup Cost": 0.0, "Total Cost": 248.53, "Plan Rows": 6592, "Plan Width": 4, "Actual Rows": 6670, "Actual Loops": 1, "Filter": "((creationdate <= '2013-12-30 20:32:34'::timestamp without time zone) AND (linktypeid = 1))", "Rows Removed by Filter": 4432}, {"Node Type": "Hash", "Parent Relationship": "Inner", "Parallel Aware": false, "Async Capable": false, "Startup Cost": 3522.81, "Total Cost": 3522.81, "Plan Rows": 59776, "Plan Width": 4, "Actual Rows": 59831, "Actual Loops": 1, "Hash Buckets": 65536, "Original Hash Buckets": 65536, "Hash Batches": 1, "Original Hash Batches": 1, "Peak Memory Usage": 2616, "Plans": [{"Node Type": "Seq Scan", "Parent Relationship": "Outer", "Parallel Aware": false, "Async Capable": false, "Relation Name": "comments", "Alias": "c", "Startup Cost": 0.0, "Total Cost": 3522.81, "Plan Rows": 59776, "Plan Width": 4, "Actual Rows": 59831, "Actual Loops": 1, "Filter": "(creationdate >= '2013-10-15 18:31:30'::timestamp without time zone)", "Rows Removed by Filter": 114474}]}]}, {"Node Type": "Index Scan", "Parent Relationship": "Inner", "Parallel Aware": false, "Async Capable": false, "Scan Direction": "Forward", "Index Name": "idx_posthistory_postid", "Relation Name": "posthistory", "Alias": "ph", "Startup Cost": 0.42, "Total Cost": 0.69, "Plan Rows": 4, "Plan Width": 4, "Actual Rows": 6, "Actual Loops": 2576, "Index Cond": "(postid = c.postid)", "Rows Removed by Index Recheck": 0, "Filter": "(creationdate >= '2010-04-21 20:19:57'::timestamp without time zone)", "Rows Removed by Filter": 0}]}, {"Node Type": "Hash", "Parent Relationship": "Inner", "Parallel Aware": false, "Async Capable": false, "Startup Cost": 4073.49, "Total Cost": 4073.49, "Plan Rows": 932.0, "Plan Width": 8, "Actual Rows": 6025, "Actual Loops": 1, "Hash Buckets": 8192, "Original Hash Buckets": 1024, "Hash Batches": 1, "Original Hash Batches": 1, "Peak Memory Usage": 300, "Plans": [{"Node Type": "Nested Loop", "Parent Relationship": "Outer", "Parallel Aware": false, "Async Capable": false, "Join Type": "Inner", "Startup Cost": 0.42, "Total Cost": 4073.49, "Plan Rows": 932.0, "Plan Width": 8, "Actual Rows": 6025, "Actual Loops": 1, "Inner Unique": false, "Plans": [{"Node Type": "Seq Scan", "Parent Relationship": "Outer", "Parallel Aware": false, "Async Capable": false, "Relation Name": "posts", "Alias": "p", "Startup Cost": 0.0, "Total Cost": 2909.46, "Plan Rows": 79, "Plan Width": 4, "Actual Rows": 175, "Actual Loops": 1, "Filter": "((score <= 119) AND (favoritecount >= 16) AND (favoritecount <= 54) AND (creationdate >= '2009-04-20 11:57:26'::timestamp without time zone) AND (creationdate <= '2012-12-13 08:33:18'::timestamp without time zone))", "Rows Removed by Filter": 91801}, {"Node Type": "Index Scan", "Parent Relationship": "Inner", "Parallel Aware": false, "Async Capable": false, "Scan Direction": "Forward", "Index Name": "idx_votes_postid", "Relation Name": "votes", "Alias": "v", "Startup Cost": 0.42, "Total Cost": 14.71, "Plan Rows": 2, "Plan Width": 4, "Actual Rows": 34, "Actual Loops": 175, "Index Cond": "(postid = p.id)", "Rows Removed by Index Recheck": 0, "Filter": "(creationdate <= '2012-12-22 02:31:07'::timestamp without time zone)", "Rows Removed by Filter": 25}]}]}]}]}, "Planning Time": 5.699, "Triggers": [], "Execution Time": 106.429}, {"Plan": {"Node Type": "Aggregate", "Strategy": "Plain", "Partial Mode": "Simple", "Parallel Aware": false, "Async Capable": false, "Startup Cost": 8840.54, "Total Cost": 8840.55, "Plan Rows": 1, "Plan Width": 8, "Actual Rows": 1, "Actual Loops": 1, "Plans": [{"Node Type": "Hash Join", "Parent Relationship": "Outer", "Parallel Aware": false, "Async Capable": false, "Join Type": "Inner", "Startup Cost": 5087.95, "Total Cost": 8840.48, "Plan Rows": 1027.0, "Plan Width": 0, "Actual Rows": 8221, "Actual Loops": 1, "Inner Unique": false, "Hash Cond": "(p.id = pl.postid)", "Plans": [{"Node Type": "Nested Loop", "Parent Relationship": "Outer", "Parallel Aware": false, "Async Capable": false, "Join Type": "Inner", "Startup Cost": 0.84, "Total Cost": 3743.75, "Plan Rows": 2454.0, "Plan Width": 12, "Actual Rows": 41337, "Actual Loops": 1, "Inner Unique": false, "Join Filter": "(p.id = v.postid)", "Rows Removed by Join Filter": 0, "Plans": [{"Node Type": "Nested Loop", "Parent Relationship": "Outer", "Parallel Aware": false, "Async Capable": false, "Join Type": "Inner", "Startup Cost": 0.42, "Total Cost": 3592.29, "Plan Rows": 214.0, "Plan Width": 8, "Actual Rows": 1180, "Actual Loops": 1, "Inner Unique": false, "Plans": [{"Node Type": "Seq Scan", "Parent Relationship": "Outer", "Parallel Aware": false, "Async Capable": false, "Relation Name": "posts", "Alias": "p", "Startup Cost": 0.0, "Total Cost": 2909.46, "Plan Rows": 79, "Plan Width": 4, "Actual Rows": 175, "Actual Loops": 1, "Filter": "((score <= 119) AND (favoritecount >= 16) AND (favoritecount <= 54) AND (creationdate >= '2009-04-20 11:57:26'::timestamp without time zone) AND (creationdate <= '2012-12-13 08:33:18'::timestamp without time zone))", "Rows Removed by Filter": 91801}, {"Node Type": "Index Scan", "Parent Relationship": "Inner", "Parallel Aware": false, "Async Capable": false, "Scan Direction": "Forward", "Index Name": "idx_posthistory_postid", "Relation Name": "posthistory", "Alias": "ph", "Startup Cost": 0.42, "Total Cost": 8.6, "Plan Rows": 4, "Plan Width": 4, "Actual Rows": 7, "Actual Loops": 175, "Index Cond": "(postid = p.id)", "Rows Removed by Index Recheck": 0, "Filter": "(creationdate >= '2010-04-21 20:19:57'::timestamp without time zone)", "Rows Removed by Filter": 0}]}, {"Node Type": "Index Scan", "Parent Relationship": "Inner", "Parallel Aware": false, "Async Capable": false, "Scan Direction": "Forward", "Index Name": "idx_votes_postid", "Relation Name": "votes", "Alias": "v", "Startup Cost": 0.42, "Total Cost": 0.56, "Plan Rows": 2, "Plan Width": 4, "Actual Rows": 35, "Actual Loops": 1180, "Index Cond": "(postid = ph.postid)", "Rows Removed by Index Recheck": 0, "Filter": "(creationdate <= '2012-12-22 02:31:07'::timestamp without time zone)", "Rows Removed by Filter": 25}]}, {"Node Type": "Hash", "Parent Relationship": "Inner", "Parallel Aware": false, "Async Capable": false, "Startup Cost": 4990.97, "Total Cost": 4990.97, "Plan Rows": 325.0, "Plan Width": 8, "Actual Rows": 2576, "Actual Loops": 1, "Hash Buckets": 8192, "Original Hash Buckets": 8192, "Hash Batches": 1, "Original Hash Batches": 1, "Peak Memory Usage": 165, "Plans": [{"Node Type": "Hash Join", "Parent Relationship": "Outer", "Parallel Aware": false, "Async Capable": false, "Join Type": "Inner", "Startup Cost": 4270.01, "Total Cost": 4990.97, "Plan Rows": 325.0, "Plan Width": 8, "Actual Rows": 2576, "Actual Loops": 1, "Inner Unique": false, "Hash Cond": "(pl.postid = c.postid)", "Plans": [{"Node Type": "Seq Scan", "Parent Relationship": "Outer", "Parallel Aware": false, "Async Capable": false, "Relation Name": "postlinks", "Alias": "pl", "Startup Cost": 0.0, "Total Cost": 248.53, "Plan Rows": 6592, "Plan Width": 4, "Actual Rows": 6670, "Actual Loops": 1, "Filter": "((creationdate <= '2013-12-30 20:32:34'::timestamp without time zone) AND (linktypeid = 1))", "Rows Removed by Filter": 4432}, {"Node Type": "Hash", "Parent Relationship": "Inner", "Parallel Aware": false, "Async Capable": false, "Startup Cost": 3522.81, "Total Cost": 3522.81, "Plan Rows": 59776, "Plan Width": 4, "Actual Rows": 59831, "Actual Loops": 1, "Hash Buckets": 65536, "Original Hash Buckets": 65536, "Hash Batches": 1, "Original Hash Batches": 1, "Peak Memory Usage": 2616, "Plans": [{"Node Type": "Seq Scan", "Parent Relationship": "Outer", "Parallel Aware": false, "Async Capable": false, "Relation Name": "comments", "Alias": "c", "Startup Cost": 0.0, "Total Cost": 3522.81, "Plan Rows": 59776, "Plan Width": 4, "Actual Rows": 59831, "Actual Loops": 1, "Filter": "(creationdate >= '2013-10-15 18:31:30'::timestamp without time zone)", "Rows Removed by Filter": 114474}]}]}]}]}]}, "Planning Time": 5.731, "Triggers": [], "Execution Time": 108.641}, {"Plan": {"Node Type": "Aggregate", "Strategy": "Plain", "Partial Mode": "Simple", "Parallel Aware": false, "Async Capable": false, "Startup Cost": 25597.26, "Total Cost": 25597.27, "Plan Rows": 1, "Plan Width": 8, "Actual Rows": 1, "Actual Loops": 1, "Plans": [{"Node Type": "Hash Join", "Parent Relationship": "Outer", "Parallel Aware": false, "Async Capable": false, "Join Type": "Inner", "Startup Cost": 22671.57, "Total Cost": 25597.21, "Plan Rows": 1027.0, "Plan Width": 0, "Actual Rows": 8221, "Actual Loops": 1, "Inner Unique": false, "Hash Cond": "(p.id = pl.postid)", "Plans": [{"Node Type": "Seq Scan", "Parent Relationship": "Outer", "Parallel Aware": false, "Async Capable": false, "Relation Name": "posts", "Alias": "p", "Startup Cost": 0.0, "Total Cost": 2909.46, "Plan Rows": 79, "Plan Width": 4, "Actual Rows": 175, "Actual Loops": 1, "Filter": "((score <= 119) AND (favoritecount >= 16) AND (favoritecount <= 54) AND (creationdate >= '2009-04-20 11:57:26'::timestamp without time zone) AND (creationdate <= '2012-12-13 08:33:18'::timestamp without time zone))", "Rows Removed by Filter": 91801}, {"Node Type": "Hash", "Parent Relationship": "Inner", "Parallel Aware": false, "Async Capable": false, "Startup Cost": 21689.58, "Total Cost": 21689.58, "Plan Rows": 13370.0, "Plan Width": 16, "Actual Rows": 19049, "Actual Loops": 1, "Hash Buckets": 131072, "Original Hash Buckets": 131072, "Hash Batches": 1, "Original Hash Batches": 1, "Peak Memory Usage": 1917, "Plans": [{"Node Type": "Hash Join", "Parent Relationship": "Outer", "Parallel Aware": false, "Async Capable": false, "Join Type": "Inner", "Startup Cost": 11144.75, "Total Cost": 21689.58, "Plan Rows": 13370.0, "Plan Width": 16, "Actual Rows": 19049, "Actual Loops": 1, "Inner Unique": false, "Hash Cond": "(pl.postid = ph.postid)", "Plans": [{"Node Type": "Gather", "Parent Relationship": "Outer", "Parallel Aware": false, "Async Capable": false, "Startup Cost": 1331.35, "Total Cost": 9972.84, "Plan Rows": 4743.0, "Plan Width": 12, "Actual Rows": 2849, "Actual Loops": 1, "Workers Planned": 1, "Workers Launched": 1, "Single Copy": false, "Plans": [{"Node Type": "Nested Loop", "Parent Relationship": "Outer", "Parallel Aware": false, "Async Capable": false, "Join Type": "Inner", "Startup Cost": 331.35, "Total Cost": 6940.54, "Plan Rows": 4743.0, "Plan Width": 12, "Actual Rows": 1424, "Actual Loops": 2, "Inner Unique": false, "Join Filter": "(pl.postid = v.postid)", "Rows Removed by Join Filter": 0, "Workers": [], "Plans": [{"Node Type": "Hash Join", "Parent Relationship": "Outer", "Parallel Aware": false, "Async Capable": false, "Join Type": "Inner", "Startup Cost": 330.93, "Total Cost": 3661.11, "Plan Rows": 325.0, "Plan Width": 8, "Actual Rows": 1288, "Actual Loops": 2, "Inner Unique": false, "Hash Cond": "(c.postid = pl.postid)", "Workers": [], "Plans": [{"Node Type": "Seq Scan", "Parent Relationship": "Outer", "Parallel Aware": true, "Async Capable": false, "Relation Name": "comments", "Alias": "c", "Startup Cost": 0.0, "Total Cost": 2625.65, "Plan Rows": 35162, "Plan Width": 4, "Actual Rows": 29916, "Actual Loops": 2, "Filter": "(creationdate >= '2013-10-15 18:31:30'::timestamp without time zone)", "Rows Removed by Filter": 57237, "Workers": []}, {"Node Type": "Hash", "Parent Relationship": "Inner", "Parallel Aware": false, "Async Capable": false, "Startup Cost": 248.53, "Total Cost": 248.53, "Plan Rows": 6592, "Plan Width": 4, "Actual Rows": 6670, "Actual Loops": 2, "Hash Buckets": 8192, "Original Hash Buckets": 8192, "Hash Batches": 1, "Original Hash Batches": 1, "Peak Memory Usage": 299, "Workers": [], "Plans": [{"Node Type": "Seq Scan", "Parent Relationship": "Outer", "Parallel Aware": false, "Async Capable": false, "Relation Name": "postlinks", "Alias": "pl", "Startup Cost": 0.0, "Total Cost": 248.53, "Plan Rows": 6592, "Plan Width": 4, "Actual Rows": 6670, "Actual Loops": 2, "Filter": "((creationdate <= '2013-12-30 20:32:34'::timestamp without time zone) AND (linktypeid = 1))", "Rows Removed by Filter": 4432, "Workers": []}]}]}, {"Node Type": "Index Scan", "Parent Relationship": "Inner", "Parallel Aware": false, "Async Capable": false, "Scan Direction": "Forward", "Index Name": "idx_votes_postid", "Relation Name": "votes", "Alias": "v", "Startup Cost": 0.42, "Total Cost": 0.7, "Plan Rows": 2, "Plan Width": 4, "Actual Rows": 1, "Actual Loops": 2576, "Index Cond": "(postid = c.postid)", "Rows Removed by Index Recheck": 0, "Filter": "(creationdate <= '2012-12-22 02:31:07'::timestamp without time zone)", "Rows Removed by Filter": 5, "Workers": []}]}]}, {"Node Type": "Hash", "Parent Relationship": "Inner", "Parallel Aware": false, "Async Capable": false, "Startup Cost": 6029.84, "Total Cost": 6029.84, "Plan Rows": 302685, "Plan Width": 4, "Actual Rows": 303162, "Actual Loops": 1, "Hash Buckets": 524288, "Original Hash Buckets": 524288, "Hash Batches": 1, "Original Hash Batches": 1, "Peak Memory Usage": 14755, "Plans": [{"Node Type": "Seq Scan", "Parent Relationship": "Outer", "Parallel Aware": false, "Async Capable": false, "Relation Name": "posthistory", "Alias": "ph", "Startup Cost": 0.0, "Total Cost": 6029.84, "Plan Rows": 302685, "Plan Width": 4, "Actual Rows": 303162, "Actual Loops": 1, "Filter": "(creationdate >= '2010-04-21 20:19:57'::timestamp without time zone)", "Rows Removed by Filter": 25}]}]}]}]}]}, "Planning Time": 6.209, "Triggers": [], "Execution Time": 188.342}, {"Plan": {"Node Type": "Aggregate", "Strategy": "Plain", "Partial Mode": "Finalize", "Parallel Aware": false, "Async Capable": false, "Startup Cost": 18342.7, "Total Cost": 18342.71, "Plan Rows": 1, "Plan Width": 8, "Actual Rows": 1, "Actual Loops": 1, "Plans": [{"Node Type": "Gather", "Parent Relationship": "Outer", "Parallel Aware": false, "Async Capable": false, "Startup Cost": 18342.59, "Total Cost": 18342.7, "Plan Rows": 1, "Plan Width": 8, "Actual Rows": 2, "Actual Loops": 1, "Workers Planned": 1, "Workers Launched": 1, "Single Copy": false, "Plans": [{"Node Type": "Aggregate", "Strategy": "Plain", "Partial Mode": "Partial", "Parent Relationship": "Outer", "Parallel Aware": false, "Async Capable": false, "Startup Cost": 17342.59, "Total Cost": 17342.6, "Plan Rows": 1, "Plan Width": 8, "Actual Rows": 1, "Actual Loops": 2, "Workers": [], "Plans": [{"Node Type": "Hash Join", "Parent Relationship": "Outer", "Parallel Aware": false, "Async Capable": false, "Join Type": "Inner", "Startup Cost": 9936.74, "Total Cost": 17342.55, "Plan Rows": 1027.0, "Plan Width": 0, "Actual Rows": 4110, "Actual Loops": 2, "Inner Unique": true, "Hash Cond": "(pl.postid = p.id)", "Workers": [], "Plans": [{"Node Type": "Hash Join", "Parent Relationship": "Outer", "Parallel Aware": true, "Async Capable": false, "Join Type": "Inner", "Startup Cost": 7026.29, "Total Cost": 14310.79, "Plan Rows": 13370.0, "Plan Width": 16, "Actual Rows": 9524, "Actual Loops": 2, "Inner Unique": false, "Hash Cond": "(pl.postid = ph.postid)", "Workers": [], "Plans": [{"Node Type": "Nested Loop", "Parent Relationship": "Outer", "Parallel Aware": false, "Async Capable": false, "Join Type": "Inner", "Startup Cost": 331.35, "Total Cost": 6940.54, "Plan Rows": 4743.0, "Plan Width": 12, "Actual Rows": 1424, "Actual Loops": 2, "Inner Unique": false, "Join Filter": "(pl.postid = v.postid)", "Rows Removed by Join Filter": 0, "Workers": [], "Plans": [{"Node Type": "Hash Join", "Parent Relationship": "Outer", "Parallel Aware": false, "Async Capable": false, "Join Type": "Inner", "Startup Cost": 330.93, "Total Cost": 3661.11, "Plan Rows": 325.0, "Plan Width": 8, "Actual Rows": 1288, "Actual Loops": 2, "Inner Unique": false, "Hash Cond": "(c.postid = pl.postid)", "Workers": [], "Plans": [{"Node Type": "Seq Scan", "Parent Relationship": "Outer", "Parallel Aware": true, "Async Capable": false, "Relation Name": "comments", "Alias": "c", "Startup Cost": 0.0, "Total Cost": 2625.65, "Plan Rows": 35162, "Plan Width": 4, "Actual Rows": 29916, "Actual Loops": 2, "Filter": "(creationdate >= '2013-10-15 18:31:30'::timestamp without time zone)", "Rows Removed by Filter": 57237, "Workers": []}, {"Node Type": "Hash", "Parent Relationship": "Inner", "Parallel Aware": false, "Async Capable": false, "Startup Cost": 248.53, "Total Cost": 248.53, "Plan Rows": 6592, "Plan Width": 4, "Actual Rows": 6670, "Actual Loops": 2, "Hash Buckets": 8192, "Original Hash Buckets": 8192, "Hash Batches": 1, "Original Hash Batches": 1, "Peak Memory Usage": 299, "Workers": [], "Plans": [{"Node Type": "Seq Scan", "Parent Relationship": "Outer", "Parallel Aware": false, "Async Capable": false, "Relation Name": "postlinks", "Alias": "pl", "Startup Cost": 0.0, "Total Cost": 248.53, "Plan Rows": 6592, "Plan Width": 4, "Actual Rows": 6670, "Actual Loops": 2, "Filter": "((creationdate <= '2013-12-30 20:32:34'::timestamp without time zone) AND (linktypeid = 1))", "Rows Removed by Filter": 4432, "Workers": []}]}]}, {"Node Type": "Index Scan", "Parent Relationship": "Inner", "Parallel Aware": false, "Async Capable": false, "Scan Direction": "Forward", "Index Name": "idx_votes_postid", "Relation Name": "votes", "Alias": "v", "Startup Cost": 0.42, "Total Cost": 0.7, "Plan Rows": 2, "Plan Width": 4, "Actual Rows": 1, "Actual Loops": 2576, "Index Cond": "(postid = c.postid)", "Rows Removed by Index Recheck": 0, "Filter": "(creationdate <= '2012-12-22 02:31:07'::timestamp without time zone)", "Rows Removed by Filter": 5, "Workers": []}]}, {"Node Type": "Hash", "Parent Relationship": "Inner", "Parallel Aware": true, "Async Capable": false, "Startup Cost": 4469.32, "Total Cost": 4469.32, "Plan Rows": 178050, "Plan Width": 4, "Actual Rows": 151581, "Actual Loops": 2, "Hash Buckets": 524288, "Original Hash Buckets": 524288, "Hash Batches": 1, "Original Hash Batches": 1, "Peak Memory Usage": 15968, "Workers": [], "Plans": [{"Node Type": "Seq Scan", "Parent Relationship": "Outer", "Parallel Aware": true, "Async Capable": false, "Relation Name": "posthistory", "Alias": "ph", "Startup Cost": 0.0, "Total Cost": 4469.32, "Plan Rows": 178050, "Plan Width": 4, "Actual Rows": 151581, "Actual Loops": 2, "Filter": "(creationdate >= '2010-04-21 20:19:57'::timestamp without time zone)", "Rows Removed by Filter": 12, "Workers": []}]}]}, {"Node Type": "Hash", "Parent Relationship": "Inner", "Parallel Aware": false, "Async Capable": false, "Startup Cost": 2909.46, "Total Cost": 2909.46, "Plan Rows": 79, "Plan Width": 4, "Actual Rows": 175, "Actual Loops": 2, "Hash Buckets": 1024, "Original Hash Buckets": 1024, "Hash Batches": 1, "Original Hash Batches": 1, "Peak Memory Usage": 15, "Workers": [], "Plans": [{"Node Type": "Seq Scan", "Parent Relationship": "Outer", "Parallel Aware": false, "Async Capable": false, "Relation Name": "posts", "Alias": "p", "Startup Cost": 0.0, "Total Cost": 2909.46, "Plan Rows": 79, "Plan Width": 4, "Actual Rows": 175, "Actual Loops": 2, "Filter": "((score <= 119) AND (favoritecount >= 16) AND (favoritecount <= 54) AND (creationdate >= '2009-04-20 11:57:26'::timestamp without time zone) AND (creationdate <= '2012-12-13 08:33:18'::timestamp without time zone))", "Rows Removed by Filter": 91801, "Workers": []}]}]}]}]}]}, "Planning Time": 7.837, "Triggers": [], "Execution Time": 154.056}, {"Plan": {"Node Type": "Aggregate", "Strategy": "Plain", "Partial Mode": "Simple", "Parallel Aware": false, "Async Capable": false, "Startup Cost": 3192.54, "Total Cost": 3192.55, "Plan Rows": 1, "Plan Width": 8, "Actual Rows": 1, "Actual Loops": 1, "Plans": [{"Node Type": "Nested Loop", "Parent Relationship": "Outer", "Parallel Aware": false, "Async Capable": false, "Join Type": "Inner", "Startup Cost": 2911.71, "Total Cost": 3192.48, "Plan Rows": 1027.0, "Plan Width": 0, "Actual Rows": 8221, "Actual Loops": 1, "Inner Unique": false, "Join Filter": "(p.id = ph.postid)", "Rows Removed by Join Filter": 0, "Plans": [{"Node Type": "Nested Loop", "Parent Relationship": "Outer", "Parallel Aware": false, "Async Capable": false, "Join Type": "Inner", "Startup Cost": 2911.29, "Total Cost": 3188.12, "Plan Rows": 350.0, "Plan Width": 16, "Actual Rows": 1294, "Actual Loops": 1, "Inner Unique": false, "Join Filter": "(p.id = v.postid)", "Rows Removed by Join Filter": 0, "Plans": [{"Node Type": "Nested Loop", "Parent Relationship": "Outer", "Parallel Aware": false, "Async Capable": false, "Join Type": "Inner", "Startup Cost": 2910.87, "Total Cost": 3185.22, "Plan Rows": 26.0, "Plan Width": 12, "Actual Rows": 36, "Actual Loops": 1, "Inner Unique": false, "Join Filter": "(c.postid = p.id)", "Rows Removed by Join Filter": 0, "Plans": [{"Node Type": "Hash Join", "Parent Relationship": "Outer", "Parallel Aware": false, "Async Capable": false, "Join Type": "Inner", "Startup Cost": 2910.45, "Total Cost": 3176.28, "Plan Rows": 14.0, "Plan Width": 8, "Actual Rows": 153, "Actual Loops": 1, "Inner Unique": true, "Hash Cond": "(pl.postid = p.id)", "Plans": [{"Node Type": "Seq Scan", "Parent Relationship": "Outer", "Parallel Aware": false, "Async Capable": false, "Relation Name": "postlinks", "Alias": "pl", "Startup Cost": 0.0, "Total Cost": 248.53, "Plan Rows": 6592, "Plan Width": 4, "Actual Rows": 6670, "Actual Loops": 1, "Filter": "((creationdate <= '2013-12-30 20:32:34'::timestamp without time zone) AND (linktypeid = 1))", "Rows Removed by Filter": 4432}, {"Node Type": "Hash", "Parent Relationship": "Inner", "Parallel Aware": false, "Async Capable": false, "Startup Cost": 2909.46, "Total Cost": 2909.46, "Plan Rows": 79, "Plan Width": 4, "Actual Rows": 175, "Actual Loops": 1, "Hash Buckets": 1024, "Original Hash Buckets": 1024, "Hash Batches": 1, "Original Hash Batches": 1, "Peak Memory Usage": 15, "Plans": [{"Node Type": "Seq Scan", "Parent Relationship": "Outer", "Parallel Aware": false, "Async Capable": false, "Relation Name": "posts", "Alias": "p", "Startup Cost": 0.0, "Total Cost": 2909.46, "Plan Rows": 79, "Plan Width": 4, "Actual Rows": 175, "Actual Loops": 1, "Filter": "((score <= 119) AND (favoritecount >= 16) AND (favoritecount <= 54) AND (creationdate >= '2009-04-20 11:57:26'::timestamp without time zone) AND (creationdate <= '2012-12-13 08:33:18'::timestamp without time zone))", "Rows Removed by Filter": 91801}]}]}, {"Node Type": "Index Scan", "Parent Relationship": "Inner", "Parallel Aware": false, "Async Capable": false, "Scan Direction": "Forward", "Index Name": "idx_comments_postid", "Relation Name": "comments", "Alias": "c", "Startup Cost": 0.42, "Total Cost": 1.48, "Plan Rows": 1, "Plan Width": 4, "Actual Rows": 0, "Actual Loops": 153, "Index Cond": "(postid = pl.postid)", "Rows Removed by Index Recheck": 0, "Filter": "(creationdate >= '2013-10-15 18:31:30'::timestamp without time zone)", "Rows Removed by Filter": 4}]}, {"Node Type": "Index Scan", "Parent Relationship": "Inner", "Parallel Aware": false, "Async Capable": false, "Scan Direction": "Forward", "Index Name": "idx_votes_postid", "Relation Name": "votes", "Alias": "v", "Startup Cost": 0.42, "Total Cost": 0.7, "Plan Rows": 2, "Plan Width": 4, "Actual Rows": 36, "Actual Loops": 36, "Index Cond": "(postid = c.postid)", "Rows Removed by Index Recheck": 0, "Filter": "(creationdate <= '2012-12-22 02:31:07'::timestamp without time zone)", "Rows Removed by Filter": 41}]}, {"Node Type": "Index Scan", "Parent Relationship": "Inner", "Parallel Aware": false, "Async Capable": false, "Scan Direction": "Forward", "Index Name": "idx_posthistory_postid", "Relation Name": "posthistory", "Alias": "ph", "Startup Cost": 0.42, "Total Cost": 0.57, "Plan Rows": 4, "Plan Width": 4, "Actual Rows": 6, "Actual Loops": 1294, "Index Cond": "(postid = v.postid)", "Rows Removed by Index Recheck": 0, "Filter": "(creationdate >= '2010-04-21 20:19:57'::timestamp without time zone)", "Rows Removed by Filter": 0}]}]}, "Planning Time": 5.272, "Triggers": [], "Execution Time": 17.378}, {"Plan": {"Node Type": "Aggregate", "Strategy": "Plain", "Partial Mode": "Finalize", "Parallel Aware": false, "Async Capable": false, "Startup Cost": 23251.14, "Total Cost": 23251.15, "Plan Rows": 1, "Plan Width": 8, "Actual Rows": 1, "Actual Loops": 1, "Plans": [{"Node Type": "Gather", "Parent Relationship": "Outer", "Parallel Aware": false, "Async Capable": false, "Startup Cost": 23251.03, "Total Cost": 23251.14, "Plan Rows": 1, "Plan Width": 8, "Actual Rows": 2, "Actual Loops": 1, "Workers Planned": 1, "Workers Launched": 1, "Single Copy": false, "Plans": [{"Node Type": "Aggregate", "Strategy": "Plain", "Partial Mode": "Partial", "Parent Relationship": "Outer", "Parallel Aware": false, "Async Capable": false, "Startup Cost": 22251.03, "Total Cost": 22251.04, "Plan Rows": 1, "Plan Width": 8, "Actual Rows": 1, "Actual Loops": 2, "Workers": [], "Plans": [{"Node Type": "Hash Join", "Parent Relationship": "Outer", "Parallel Aware": false, "Async Capable": false, "Join Type": "Inner", "Startup Cost": 8897.19, "Total Cost": 22250.99, "Plan Rows": 1027.0, "Plan Width": 0, "Actual Rows": 4110, "Actual Loops": 2, "Inner Unique": false, "Hash Cond": "(v.postid = p.id)", "Workers": [], "Plans": [{"Node Type": "Hash Join", "Parent Relationship": "Outer", "Parallel Aware": true, "Async Capable": false, "Join Type": "Inner", "Startup Cost": 5707.34, "Total Cost": 18734.45, "Plan Rows": 14984.0, "Plan Width": 8, "Actual Rows": 6282, "Actual Loops": 2, "Inner Unique": false, "Hash Cond": "(c.postid = v.postid)", "Workers": [], "Plans": [{"Node Type": "Seq Scan", "Parent Relationship": "Outer", "Parallel Aware": true, "Async Capable": false, "Relation Name": "comments", "Alias": "c", "Startup Cost": 0.0, "Total Cost": 2625.65, "Plan Rows": 35162, "Plan Width": 4, "Actual Rows": 29916, "Actual Loops": 2, "Filter": "(creationdate >= '2013-10-15 18:31:30'::timestamp without time zone)", "Rows Removed by Filter": 57237, "Workers": []}, {"Node Type": "Hash", "Parent Relationship": "Inner", "Parallel Aware": true, "Async Capable": false, "Startup Cost": 4572.24, "Total Cost": 4572.24, "Plan Rows": 90808, "Plan Width": 4, "Actual Rows": 77092, "Actual Loops": 2, "Hash Buckets": 262144, "Original Hash Buckets": 262144, "Hash Batches": 1, "Original Hash Batches": 1, "Peak Memory Usage": 8096, "Workers": [], "Plans": [{"Node Type": "Seq Scan", "Parent Relationship": "Outer", "Parallel Aware": true, "Async Capable": false, "Relation Name": "votes", "Alias": "v", "Startup Cost": 0.0, "Total Cost": 4572.24, "Plan Rows": 90808, "Plan Width": 4, "Actual Rows": 77092, "Actual Loops": 2, "Filter": "(creationdate <= '2012-12-22 02:31:07'::timestamp without time zone)", "Rows Removed by Filter": 86940, "Workers": []}]}]}, {"Node Type": "Hash", "Parent Relationship": "Inner", "Parallel Aware": false, "Async Capable": false, "Startup Cost": 3189.6, "Total Cost": 3189.6, "Plan Rows": 54.0, "Plan Width": 12, "Actual Rows": 1081, "Actual Loops": 2, "Hash Buckets": 2048, "Original Hash Buckets": 1024, "Hash Batches": 1, "Original Hash Batches": 1, "Peak Memory Usage": 63, "Workers": [], "Plans": [{"Node Type": "Nested Loop", "Parent Relationship": "Outer", "Parallel Aware": false, "Async Capable": false, "Join Type": "Inner", "Startup Cost": 2910.87, "Total Cost": 3189.6, "Plan Rows": 54.0, "Plan Width": 12, "Actual Rows": 1081, "Actual Loops": 2, "Inner Unique": false, "Join Filter": "(p.id = ph.postid)", "Rows Removed by Join Filter": 0, "Workers": [], "Plans": [{"Node Type": "Hash Join", "Parent Relationship": "Outer", "Parallel Aware": false, "Async Capable": false, "Join Type": "Inner", "Startup Cost": 2910.45, "Total Cost": 3176.28, "Plan Rows": 14.0, "Plan Width": 8, "Actual Rows": 153, "Actual Loops": 2, "Inner Unique": true, "Hash Cond": "(pl.postid = p.id)", "Workers": [], "Plans": [{"Node Type": "Seq Scan", "Parent Relationship": "Outer", "Parallel Aware": false, "Async Capable": false, "Relation Name": "postlinks", "Alias": "pl", "Startup Cost": 0.0, "Total Cost": 248.53, "Plan Rows": 6592, "Plan Width": 4, "Actual Rows": 6670, "Actual Loops": 2, "Filter": "((creationdate <= '2013-12-30 20:32:34'::timestamp without time zone) AND (linktypeid = 1))", "Rows Removed by Filter": 4432, "Workers": []}, {"Node Type": "Hash", "Parent Relationship": "Inner", "Parallel Aware": false, "Async Capable": false, "Startup Cost": 2909.46, "Total Cost": 2909.46, "Plan Rows": 79, "Plan Width": 4, "Actual Rows": 175, "Actual Loops": 2, "Hash Buckets": 1024, "Original Hash Buckets": 1024, "Hash Batches": 1, "Original Hash Batches": 1, "Peak Memory Usage": 15, "Workers": [], "Plans": [{"Node Type": "Seq Scan", "Parent Relationship": "Outer", "Parallel Aware": false, "Async Capable": false, "Relation Name": "posts", "Alias": "p", "Startup Cost": 0.0, "Total Cost": 2909.46, "Plan Rows": 79, "Plan Width": 4, "Actual Rows": 175, "Actual Loops": 2, "Filter": "((score <= 119) AND (favoritecount >= 16) AND (favoritecount <= 54) AND (creationdate >= '2009-04-20 11:57:26'::timestamp without time zone) AND (creationdate <= '2012-12-13 08:33:18'::timestamp without time zone))", "Rows Removed by Filter": 91801, "Workers": []}]}]}, {"Node Type": "Index Scan", "Parent Relationship": "Inner", "Parallel Aware": false, "Async Capable": false, "Scan Direction": "Forward", "Index Name": "idx_posthistory_postid", "Relation Name": "posthistory", "Alias": "ph", "Startup Cost": 0.42, "Total Cost": 2.17, "Plan Rows": 4, "Plan Width": 4, "Actual Rows": 7, "Actual Loops": 306, "Index Cond": "(postid = pl.postid)", "Rows Removed by Index Recheck": 0, "Filter": "(creationdate >= '2010-04-21 20:19:57'::timestamp without time zone)", "Rows Removed by Filter": 0, "Workers": []}]}]}]}]}]}]}, "Planning Time": 6.214, "Triggers": [], "Execution Time": 116.787}, {"Plan": {"Node Type": "Aggregate", "Strategy": "Plain", "Partial Mode": "Simple", "Parallel Aware": false, "Async Capable": false, "Startup Cost": 15110.76, "Total Cost": 15110.77, "Plan Rows": 1, "Plan Width": 8, "Actual Rows": 1, "Actual Loops": 1, "Plans": [{"Node Type": "Hash Join", "Parent Relationship": "Outer", "Parallel Aware": false, "Async Capable": false, "Join Type": "Inner", "Startup Cost": 11027.07, "Total Cost": 15110.71, "Plan Rows": 1027.0, "Plan Width": 0, "Actual Rows": 8221, "Actual Loops": 1, "Inner Unique": false, "Hash Cond": "(p.id = pl.postid)", "Plans": [{"Node Type": "Nested Loop", "Parent Relationship": "Outer", "Parallel Aware": false, "Async Capable": false, "Join Type": "Inner", "Startup Cost": 0.42, "Total Cost": 4073.49, "Plan Rows": 932.0, "Plan Width": 8, "Actual Rows": 6025, "Actual Loops": 1, "Inner Unique": false, "Plans": [{"Node Type": "Seq Scan", "Parent Relationship": "Outer", "Parallel Aware": false, "Async Capable": false, "Relation Name": "posts", "Alias": "p", "Startup Cost": 0.0, "Total Cost": 2909.46, "Plan Rows": 79, "Plan Width": 4, "Actual Rows": 175, "Actual Loops": 1, "Filter": "((score <= 119) AND (favoritecount >= 16) AND (favoritecount <= 54) AND (creationdate >= '2009-04-20 11:57:26'::timestamp without time zone) AND (creationdate <= '2012-12-13 08:33:18'::timestamp without time zone))", "Rows Removed by Filter": 91801}, {"Node Type": "Index Scan", "Parent Relationship": "Inner", "Parallel Aware": false, "Async Capable": false, "Scan Direction": "Forward", "Index Name": "idx_votes_postid", "Relation Name": "votes", "Alias": "v", "Startup Cost": 0.42, "Total Cost": 14.71, "Plan Rows": 2, "Plan Width": 4, "Actual Rows": 34, "Actual Loops": 175, "Index Cond": "(postid = p.id)", "Rows Removed by Index Recheck": 0, "Filter": "(creationdate <= '2012-12-22 02:31:07'::timestamp without time zone)", "Rows Removed by Filter": 25}]}, {"Node Type": "Hash", "Parent Relationship": "Inner", "Parallel Aware": false, "Async Capable": false, "Startup Cost": 10655.04, "Total Cost": 10655.04, "Plan Rows": 1058.0, "Plan Width": 12, "Actual Rows": 15082, "Actual Loops": 1, "Hash Buckets": 32768, "Original Hash Buckets": 32768, "Hash Batches": 1, "Original Hash Batches": 1, "Peak Memory Usage": 905, "Plans": [{"Node Type": "Nested Loop", "Parent Relationship": "Outer", "Parallel Aware": false, "Async Capable": false, "Join Type": "Inner", "Startup Cost": 4270.43, "Total Cost": 10655.04, "Plan Rows": 1058.0, "Plan Width": 12, "Actual Rows": 15082, "Actual Loops": 1, "Inner Unique": false, "Join Filter": "(pl.postid = ph.postid)", "Rows Removed by Join Filter": 0, "Plans": [{"Node Type": "Hash Join", "Parent Relationship": "Outer", "Parallel Aware": false, "Async Capable": false, "Join Type": "Inner", "Startup Cost": 4270.01, "Total Cost": 4990.97, "Plan Rows": 325.0, "Plan Width": 8, "Actual Rows": 2576, "Actual Loops": 1, "Inner Unique": false, "Hash Cond": "(pl.postid = c.postid)", "Plans": [{"Node Type": "Seq Scan", "Parent Relationship": "Outer", "Parallel Aware": false, "Async Capable": false, "Relation Name": "postlinks", "Alias": "pl", "Startup Cost": 0.0, "Total Cost": 248.53, "Plan Rows": 6592, "Plan Width": 4, "Actual Rows": 6670, "Actual Loops": 1, "Filter": "((creationdate <= '2013-12-30 20:32:34'::timestamp without time zone) AND (linktypeid = 1))", "Rows Removed by Filter": 4432}, {"Node Type": "Hash", "Parent Relationship": "Inner", "Parallel Aware": false, "Async Capable": false, "Startup Cost": 3522.81, "Total Cost": 3522.81, "Plan Rows": 59776, "Plan Width": 4, "Actual Rows": 59831, "Actual Loops": 1, "Hash Buckets": 65536, "Original Hash Buckets": 65536, "Hash Batches": 1, "Original Hash Batches": 1, "Peak Memory Usage": 2616, "Plans": [{"Node Type": "Seq Scan", "Parent Relationship": "Outer", "Parallel Aware": false, "Async Capable": false, "Relation Name": "comments", "Alias": "c", "Startup Cost": 0.0, "Total Cost": 3522.81, "Plan Rows": 59776, "Plan Width": 4, "Actual Rows": 59831, "Actual Loops": 1, "Filter": "(creationdate >= '2013-10-15 18:31:30'::timestamp without time zone)", "Rows Removed by Filter": 114474}]}]}, {"Node Type": "Index Scan", "Parent Relationship": "Inner", "Parallel Aware": false, "Async Capable": false, "Scan Direction": "Forward", "Index Name": "idx_posthistory_postid", "Relation Name": "posthistory", "Alias": "ph", "Startup Cost": 0.42, "Total Cost": 0.69, "Plan Rows": 4, "Plan Width": 4, "Actual Rows": 6, "Actual Loops": 2576, "Index Cond": "(postid = c.postid)", "Rows Removed by Index Recheck": 0, "Filter": "(creationdate >= '2010-04-21 20:19:57'::timestamp without time zone)", "Rows Removed by Filter": 0}]}]}]}]}, "Planning Time": 5.851, "Triggers": [], "Execution Time": 107.644}, {"Plan": {"Node Type": "Aggregate", "Strategy": "Plain", "Partial Mode": "Simple", "Parallel Aware": false, "Async Capable": false, "Startup Cost": 14613.69, "Total Cost": 14613.7, "Plan Rows": 1, "Plan Width": 8, "Actual Rows": 1, "Actual Loops": 1, "Plans": [{"Node Type": "Hash Join", "Parent Relationship": "Outer", "Parallel Aware": false, "Async Capable": false, "Join Type": "Inner", "Startup Cost": 10998.66, "Total Cost": 14613.63, "Plan Rows": 1027.0, "Plan Width": 0, "Actual Rows": 8221, "Actual Loops": 1, "Inner Unique": false, "Hash Cond": "(p.id = pl.postid)", "Plans": [{"Node Type": "Nested Loop", "Parent Relationship": "Outer", "Parallel Aware": false, "Async Capable": false, "Join Type": "Inner", "Startup Cost": 0.84, "Total Cost": 3609.99, "Plan Rows": 1269.0, "Plan Width": 12, "Actual Rows": 1165, "Actual Loops": 1, "Inner Unique": false, "Join Filter": "(p.id = v.postid)", "Rows Removed by Join Filter": 0, "Plans": [{"Node Type": "Nested Loop", "Parent Relationship": "Outer", "Parallel Aware": false, "Async Capable": false, "Join Type": "Inner", "Startup Cost": 0.42, "Total Cost": 3573.02, "Plan Rows": 148.0, "Plan Width": 8, "Actual Rows": 34, "Actual Loops": 1, "Inner Unique": false, "Plans": [{"Node Type": "Seq Scan", "Parent Relationship": "Outer", "Parallel Aware": false, "Async Capable": false, "Relation Name": "posts", "Alias": "p", "Startup Cost": 0.0, "Total Cost": 2909.46, "Plan Rows": 79, "Plan Width": 4, "Actual Rows": 175, "Actual Loops": 1, "Filter": "((score <= 119) AND (favoritecount >= 16) AND (favoritecount <= 54) AND (creationdate >= '2009-04-20 11:57:26'::timestamp without time zone) AND (creationdate <= '2012-12-13 08:33:18'::timestamp without time zone))", "Rows Removed by Filter": 91801}, {"Node Type": "Index Scan", "Parent Relationship": "Inner", "Parallel Aware": false, "Async Capable": false, "Scan Direction": "Forward", "Index Name": "idx_comments_postid", "Relation Name": "comments", "Alias": "c", "Startup Cost": 0.42, "Total Cost": 8.39, "Plan Rows": 1, "Plan Width": 4, "Actual Rows": 0, "Actual Loops": 175, "Index Cond": "(postid = p.id)", "Rows Removed by Index Recheck": 0, "Filter": "(creationdate >= '2013-10-15 18:31:30'::timestamp without time zone)", "Rows Removed by Filter": 3}]}, {"Node Type": "Index Scan", "Parent Relationship": "Inner", "Parallel Aware": false, "Async Capable": false, "Scan Direction": "Forward", "Index Name": "idx_votes_postid", "Relation Name": "votes", "Alias": "v", "Startup Cost": 0.42, "Total Cost": 0.7, "Plan Rows": 2, "Plan Width": 4, "Actual Rows": 34, "Actual Loops": 34, "Index Cond": "(postid = c.postid)", "Rows Removed by Index Recheck": 0, "Filter": "(creationdate <= '2012-12-22 02:31:07'::timestamp without time zone)", "Rows Removed by Filter": 36}]}, {"Node Type": "Hash", "Parent Relationship": "Inner", "Parallel Aware": false, "Async Capable": false, "Startup Cost": 10679.3, "Total Cost": 10679.3, "Plan Rows": 751.0, "Plan Width": 8, "Actual Rows": 39719, "Actual Loops": 1, "Hash Buckets": 65536, "Original Hash Buckets": 32768, "Hash Batches": 1, "Original Hash Batches": 1, "Peak Memory Usage": 2064, "Plans": [{"Node Type": "Hash Join", "Parent Relationship": "Outer", "Parallel Aware": false, "Async Capable": false, "Join Type": "Inner", "Startup Cost": 9813.4, "Total Cost": 10679.3, "Plan Rows": 751.0, "Plan Width": 8, "Actual Rows": 39719, "Actual Loops": 1, "Inner Unique": false, "Hash Cond": "(pl.postid = ph.postid)", "Plans": [{"Node Type": "Seq Scan", "Parent Relationship": "Outer", "Parallel Aware": false, "Async Capable": false, "Relation Name": "postlinks", "Alias": "pl", "Startup Cost": 0.0, "Total Cost": 248.53, "Plan Rows": 6592, "Plan Width": 4, "Actual Rows": 6670, "Actual Loops": 1, "Filter": "((creationdate <= '2013-12-30 20:32:34'::timestamp without time zone) AND (linktypeid = 1))", "Rows Removed by Filter": 4432}, {"Node Type": "Hash", "Parent Relationship": "Inner", "Parallel Aware": false, "Async Capable": false, "Startup Cost": 6029.84, "Total Cost": 6029.84, "Plan Rows": 302685, "Plan Width": 4, "Actual Rows": 303162, "Actual Loops": 1, "Hash Buckets": 524288, "Original Hash Buckets": 524288, "Hash Batches": 1, "Original Hash Batches": 1, "Peak Memory Usage": 14755, "Plans": [{"Node Type": "Seq Scan", "Parent Relationship": "Outer", "Parallel Aware": false, "Async Capable": false, "Relation Name": "posthistory", "Alias": "ph", "Startup Cost": 0.0, "Total Cost": 6029.84, "Plan Rows": 302685, "Plan Width": 4, "Actual Rows": 303162, "Actual Loops": 1, "Filter": "(creationdate >= '2010-04-21 20:19:57'::timestamp without time zone)", "Rows Removed by Filter": 25}]}]}]}]}]}, "Planning Time": 5.925, "Triggers": [], "Execution Time": 215.657}, {"Plan": {"Node Type": "Aggregate", "Strategy": "Plain", "Partial Mode": "Simple", "Parallel Aware": false, "Async Capable": false, "Startup Cost": 23423.74, "Total Cost": 23423.75, "Plan Rows": 1, "Plan Width": 8, "Actual Rows": 1, "Actual Loops": 1, "Plans": [{"Node Type": "Merge Join", "Parent Relationship": "Outer", "Parallel Aware": false, "Async Capable": false, "Join Type": "Inner", "Startup Cost": 2913.5, "Total Cost": 23423.68, "Plan Rows": 1027.0, "Plan Width": 0, "Actual Rows": 8221, "Actual Loops": 1, "Inner Unique": false, "Merge Cond": "(p.id = ph.postid)", "Plans": [{"Node Type": "Nested Loop", "Parent Relationship": "Outer", "Parallel Aware": false, "Async Capable": false, "Join Type": "Inner", "Startup Cost": 2912.66, "Total Cost": 3392.63, "Plan Rows": 341.0, "Plan Width": 12, "Actual Rows": 5029, "Actual Loops": 1, "Inner Unique": false, "Join Filter": "(p.id = v.postid)", "Rows Removed by Join Filter": 0, "Plans": [{"Node Type": "Merge Join", "Parent Relationship": "Outer", "Parallel Aware": false, "Async Capable": false, "Join Type": "Inner", "Startup Cost": 2912.23, "Total Cost": 3379.69, "Plan Rows": 14.0, "Plan Width": 8, "Actual Rows": 153, "Actual Loops": 1, "Inner Unique": true, "Merge Cond": "(pl.postid = p.id)", "Plans": [{"Node Type": "Index Scan", "Parent Relationship": "Outer", "Parallel Aware": false, "Async Capable": false, "Scan Direction": "Forward", "Index Name": "idx_postlinks_postid", "Relation Name": "postlinks", "Alias": "pl", "Startup Cost": 0.29, "Total Cost": 450.8, "Plan Rows": 6592, "Plan Width": 4, "Actual Rows": 3647, "Actual Loops": 1, "Filter": "((creationdate <= '2013-12-30 20:32:34'::timestamp without time zone) AND (linktypeid = 1))", "Rows Removed by Filter": 320}, {"Node Type": "Sort", "Parent Relationship": "Inner", "Parallel Aware": false, "Async Capable": false, "Startup Cost": 2911.95, "Total Cost": 2912.15, "Plan Rows": 79, "Plan Width": 4, "Actual Rows": 175, "Actual Loops": 1, "Sort Key": ["p.id"], "Sort Method": "quicksort", "Sort Space Used": 25, "Sort Space Type": "Memory", "Plans": [{"Node Type": "Seq Scan", "Parent Relationship": "Outer", "Parallel Aware": false, "Async Capable": false, "Relation Name": "posts", "Alias": "p", "Startup Cost": 0.0, "Total Cost": 2909.46, "Plan Rows": 79, "Plan Width": 4, "Actual Rows": 175, "Actual Loops": 1, "Filter": "((score <= 119) AND (favoritecount >= 16) AND (favoritecount <= 54) AND (creationdate >= '2009-04-20 11:57:26'::timestamp without time zone) AND (creationdate <= '2012-12-13 08:33:18'::timestamp without time zone))", "Rows Removed by Filter": 91801}]}]}, {"Node Type": "Index Scan", "Parent Relationship": "Inner", "Parallel Aware": false, "Async Capable": false, "Scan Direction": "Forward", "Index Name": "idx_votes_postid", "Relation Name": "votes", "Alias": "v", "Startup Cost": 0.42, "Total Cost": 2.13, "Plan Rows": 2, "Plan Width": 4, "Actual Rows": 33, "Actual Loops": 153, "Index Cond": "(postid = pl.postid)", "Rows Removed by Index Recheck": 0, "Filter": "(creationdate <= '2012-12-22 02:31:07'::timestamp without time zone)", "Rows Removed by Filter": 27}]}, {"Node Type": "Materialize", "Parent Relationship": "Inner", "Parallel Aware": false, "Async Capable": false, "Startup Cost": 0.84, "Total Cost": 19458.06, "Plan Rows": 3053.0, "Plan Width": 8, "Actual Rows": 13482, "Actual Loops": 1, "Plans": [{"Node Type": "Merge Join", "Parent Relationship": "Outer", "Parallel Aware": false, "Async Capable": false, "Join Type": "Inner", "Startup Cost": 0.84, "Total Cost": 18885.33, "Plan Rows": 3053.0, "Plan Width": 8, "Actual Rows": 5377, "Actual Loops": 1, "Inner Unique": false, "Merge Cond": "(c.postid = ph.postid)", "Plans": [{"Node Type": "Index Scan", "Parent Relationship": "Outer", "Parallel Aware": false, "Async Capable": false, "Scan Direction": "Forward", "Index Name": "idx_comments_postid", "Relation Name": "comments", "Alias": "c", "Startup Cost": 0.42, "Total Cost": 5857.0, "Plan Rows": 59776, "Plan Width": 4, "Actual Rows": 1427, "Actual Loops": 1, "Filter": "(creationdate >= '2013-10-15 18:31:30'::timestamp without time zone)", "Rows Removed by Filter": 73929}, {"Node Type": "Index Scan", "Parent Relationship": "Inner", "Parallel Aware": false, "Async Capable": false, "Scan Direction": "Forward", "Index Name": "idx_posthistory_postid", "Relation Name": "posthistory", "Alias": "ph", "Startup Cost": 0.42, "Total Cost": 9831.47, "Plan Rows": 302685, "Plan Width": 4, "Actual Rows": 122687, "Actual Loops": 1, "Filter": "(creationdate >= '2010-04-21 20:19:57'::timestamp without time zone)", "Rows Removed by Filter": 25}]}]}]}]}, "Planning Time": 5.997, "Triggers": [], "Execution Time": 158.253}, {"Plan": {"Node Type": "Aggregate", "Strategy": "Plain", "Partial Mode": "Simple", "Parallel Aware": false, "Async Capable": false, "Startup Cost": 25399.62, "Total Cost": 25399.63, "Plan Rows": 1, "Plan Width": 8, "Actual Rows": 1, "Actual Loops": 1, "Plans": [{"Node Type": "Hash Join", "Parent Relationship": "Outer", "Parallel Aware": false, "Async Capable": false, "Join Type": "Inner", "Startup Cost": 16994.28, "Total Cost": 25399.57, "Plan Rows": 1027.0, "Plan Width": 0, "Actual Rows": 8221, "Actual Loops": 1, "Inner Unique": true, "Hash Cond": "(pl.postid = p.id)", "Plans": [{"Node Type": "Hash Join", "Parent Relationship": "Outer", "Parallel Aware": false, "Async Capable": false, "Join Type": "Inner", "Startup Cost": 14083.83, "Total Cost": 22282.89, "Plan Rows": 13370.0, "Plan Width": 16, "Actual Rows": 19049, "Actual Loops": 1, "Inner Unique": false, "Hash Cond": "(pl.postid = ph.postid)", "Plans": [{"Node Type": "Nested Loop", "Parent Relationship": "Outer", "Parallel Aware": false, "Async Capable": false, "Join Type": "Inner", "Startup Cost": 4270.43, "Total Cost": 10566.14, "Plan Rows": 4743.0, "Plan Width": 12, "Actual Rows": 2849, "Actual Loops": 1, "Inner Unique": false, "Join Filter": "(pl.postid = v.postid)", "Rows Removed by Join Filter": 0, "Plans": [{"Node Type": "Hash Join", "Parent Relationship": "Outer", "Parallel Aware": false, "Async Capable": false, "Join Type": "Inner", "Startup Cost": 4270.01, "Total Cost": 4990.97, "Plan Rows": 325.0, "Plan Width": 8, "Actual Rows": 2576, "Actual Loops": 1, "Inner Unique": false, "Hash Cond": "(pl.postid = c.postid)", "Plans": [{"Node Type": "Seq Scan", "Parent Relationship": "Outer", "Parallel Aware": false, "Async Capable": false, "Relation Name": "postlinks", "Alias": "pl", "Startup Cost": 0.0, "Total Cost": 248.53, "Plan Rows": 6592, "Plan Width": 4, "Actual Rows": 6670, "Actual Loops": 1, "Filter": "((creationdate <= '2013-12-30 20:32:34'::timestamp without time zone) AND (linktypeid = 1))", "Rows Removed by Filter": 4432}, {"Node Type": "Hash", "Parent Relationship": "Inner", "Parallel Aware": false, "Async Capable": false, "Startup Cost": 3522.81, "Total Cost": 3522.81, "Plan Rows": 59776, "Plan Width": 4, "Actual Rows": 59831, "Actual Loops": 1, "Hash Buckets": 65536, "Original Hash Buckets": 65536, "Hash Batches": 1, "Original Hash Batches": 1, "Peak Memory Usage": 2616, "Plans": [{"Node Type": "Seq Scan", "Parent Relationship": "Outer", "Parallel Aware": false, "Async Capable": false, "Relation Name": "comments", "Alias": "c", "Startup Cost": 0.0, "Total Cost": 3522.81, "Plan Rows": 59776, "Plan Width": 4, "Actual Rows": 59831, "Actual Loops": 1, "Filter": "(creationdate >= '2013-10-15 18:31:30'::timestamp without time zone)", "Rows Removed by Filter": 114474}]}]}, {"Node Type": "Index Scan", "Parent Relationship": "Inner", "Parallel Aware": false, "Async Capable": false, "Scan Direction": "Forward", "Index Name": "idx_votes_postid", "Relation Name": "votes", "Alias": "v", "Startup Cost": 0.42, "Total Cost": 0.7, "Plan Rows": 2, "Plan Width": 4, "Actual Rows": 1, "Actual Loops": 2576, "Index Cond": "(postid = c.postid)", "Rows Removed by Index Recheck": 0, "Filter": "(creationdate <= '2012-12-22 02:31:07'::timestamp without time zone)", "Rows Removed by Filter": 5}]}, {"Node Type": "Hash", "Parent Relationship": "Inner", "Parallel Aware": false, "Async Capable": false, "Startup Cost": 6029.84, "Total Cost": 6029.84, "Plan Rows": 302685, "Plan Width": 4, "Actual Rows": 303162, "Actual Loops": 1, "Hash Buckets": 524288, "Original Hash Buckets": 524288, "Hash Batches": 1, "Original Hash Batches": 1, "Peak Memory Usage": 14755, "Plans": [{"Node Type": "Seq Scan", "Parent Relationship": "Outer", "Parallel Aware": false, "Async Capable": false, "Relation Name": "posthistory", "Alias": "ph", "Startup Cost": 0.0, "Total Cost": 6029.84, "Plan Rows": 302685, "Plan Width": 4, "Actual Rows": 303162, "Actual Loops": 1, "Filter": "(creationdate >= '2010-04-21 20:19:57'::timestamp without time zone)", "Rows Removed by Filter": 25}]}]}, {"Node Type": "Hash", "Parent Relationship": "Inner", "Parallel Aware": false, "Async Capable": false, "Startup Cost": 2909.46, "Total Cost": 2909.46, "Plan Rows": 79, "Plan Width": 4, "Actual Rows": 175, "Actual Loops": 1, "Hash Buckets": 1024, "Original Hash Buckets": 1024, "Hash Batches": 1, "Original Hash Batches": 1, "Peak Memory Usage": 15, "Plans": [{"Node Type": "Seq Scan", "Parent Relationship": "Outer", "Parallel Aware": false, "Async Capable": false, "Relation Name": "posts", "Alias": "p", "Startup Cost": 0.0, "Total Cost": 2909.46, "Plan Rows": 79, "Plan Width": 4, "Actual Rows": 175, "Actual Loops": 1, "Filter": "((score <= 119) AND (favoritecount >= 16) AND (favoritecount <= 54) AND (creationdate >= '2009-04-20 11:57:26'::timestamp without time zone) AND (creationdate <= '2012-12-13 08:33:18'::timestamp without time zone))", "Rows Removed by Filter": 91801}]}]}]}, "Planning Time": 6.312, "Triggers": [], "Execution Time": 238.217}, {"Plan": {"Node Type": "Aggregate", "Strategy": "Plain", "Partial Mode": "Finalize", "Parallel Aware": false, "Async Capable": false, "Startup Cost": 9101.37, "Total Cost": 9101.38, "Plan Rows": 1, "Plan Width": 8, "Actual Rows": 1, "Actual Loops": 1, "Plans": [{"Node Type": "Gather", "Parent Relationship": "Outer", "Parallel Aware": false, "Async Capable": false, "Startup Cost": 9101.25, "Total Cost": 9101.36, "Plan Rows": 1, "Plan Width": 8, "Actual Rows": 2, "Actual Loops": 1, "Workers Planned": 1, "Workers Launched": 1, "Single Copy": false, "Plans": [{"Node Type": "Aggregate", "Strategy": "Plain", "Partial Mode": "Partial", "Parent Relationship": "Outer", "Parallel Aware": false, "Async Capable": false, "Startup Cost": 8101.25, "Total Cost": 8101.26, "Plan Rows": 1, "Plan Width": 8, "Actual Rows": 1, "Actual Loops": 2, "Workers": [], "Plans": [{"Node Type": "Hash Join", "Parent Relationship": "Outer", "Parallel Aware": false, "Async Capable": false, "Join Type": "Inner", "Startup Cost": 3188.33, "Total Cost": 8101.22, "Plan Rows": 1027.0, "Plan Width": 0, "Actual Rows": 4110, "Actual Loops": 2, "Inner Unique": false, "Hash Cond": "(v.postid = p.id)", "Workers": [], "Plans": [{"Node Type": "Seq Scan", "Parent Relationship": "Outer", "Parallel Aware": true, "Async Capable": false, "Relation Name": "votes", "Alias": "v", "Startup Cost": 0.0, "Total Cost": 4572.24, "Plan Rows": 90808, "Plan Width": 4, "Actual Rows": 77092, "Actual Loops": 2, "Filter": "(creationdate <= '2012-12-22 02:31:07'::timestamp without time zone)", "Rows Removed by Filter": 86940, "Workers": []}, {"Node Type": "Hash", "Parent Relationship": "Inner", "Parallel Aware": false, "Async Capable": false, "Startup Cost": 3188.16, "Total Cost": 3188.16, "Plan Rows": 63.0, "Plan Width": 16, "Actual Rows": 235, "Actual Loops": 2, "Hash Buckets": 1024, "Original Hash Buckets": 1024, "Hash Batches": 1, "Original Hash Batches": 1, "Peak Memory Usage": 20, "Workers": [], "Plans": [{"Node Type": "Nested Loop", "Parent Relationship": "Outer", "Parallel Aware": false, "Async Capable": false, "Join Type": "Inner", "Startup Cost": 2911.29, "Total Cost": 3188.16, "Plan Rows": 63.0, "Plan Width": 16, "Actual Rows": 235, "Actual Loops": 2, "Inner Unique": false, "Join Filter": "(p.id = ph.postid)", "Rows Removed by Join Filter": 0, "Workers": [], "Plans": [{"Node Type": "Nested Loop", "Parent Relationship": "Outer", "Parallel Aware": false, "Async Capable": false, "Join Type": "Inner", "Startup Cost": 2910.87, "Total Cost": 3185.22, "Plan Rows": 26.0, "Plan Width": 12, "Actual Rows": 36, "Actual Loops": 2, "Inner Unique": false, "Join Filter": "(c.postid = p.id)", "Rows Removed by Join Filter": 0, "Workers": [], "Plans": [{"Node Type": "Hash Join", "Parent Relationship": "Outer", "Parallel Aware": false, "Async Capable": false, "Join Type": "Inner", "Startup Cost": 2910.45, "Total Cost": 3176.28, "Plan Rows": 14.0, "Plan Width": 8, "Actual Rows": 153, "Actual Loops": 2, "Inner Unique": true, "Hash Cond": "(pl.postid = p.id)", "Workers": [], "Plans": [{"Node Type": "Seq Scan", "Parent Relationship": "Outer", "Parallel Aware": false, "Async Capable": false, "Relation Name": "postlinks", "Alias": "pl", "Startup Cost": 0.0, "Total Cost": 248.53, "Plan Rows": 6592, "Plan Width": 4, "Actual Rows": 6670, "Actual Loops": 2, "Filter": "((creationdate <= '2013-12-30 20:32:34'::timestamp without time zone) AND (linktypeid = 1))", "Rows Removed by Filter": 4432, "Workers": []}, {"Node Type": "Hash", "Parent Relationship": "Inner", "Parallel Aware": false, "Async Capable": false, "Startup Cost": 2909.46, "Total Cost": 2909.46, "Plan Rows": 79, "Plan Width": 4, "Actual Rows": 175, "Actual Loops": 2, "Hash Buckets": 1024, "Original Hash Buckets": 1024, "Hash Batches": 1, "Original Hash Batches": 1, "Peak Memory Usage": 15, "Workers": [], "Plans": [{"Node Type": "Seq Scan", "Parent Relationship": "Outer", "Parallel Aware": false, "Async Capable": false, "Relation Name": "posts", "Alias": "p", "Startup Cost": 0.0, "Total Cost": 2909.46, "Plan Rows": 79, "Plan Width": 4, "Actual Rows": 175, "Actual Loops": 2, "Filter": "((score <= 119) AND (favoritecount >= 16) AND (favoritecount <= 54) AND (creationdate >= '2009-04-20 11:57:26'::timestamp without time zone) AND (creationdate <= '2012-12-13 08:33:18'::timestamp without time zone))", "Rows Removed by Filter": 91801, "Workers": []}]}]}, {"Node Type": "Index Scan", "Parent Relationship": "Inner", "Parallel Aware": false, "Async Capable": false, "Scan Direction": "Forward", "Index Name": "idx_comments_postid", "Relation Name": "comments", "Alias": "c", "Startup Cost": 0.42, "Total Cost": 1.48, "Plan Rows": 1, "Plan Width": 4, "Actual Rows": 0, "Actual Loops": 306, "Index Cond": "(postid = pl.postid)", "Rows Removed by Index Recheck": 0, "Filter": "(creationdate >= '2013-10-15 18:31:30'::timestamp without time zone)", "Rows Removed by Filter": 4, "Workers": []}]}, {"Node Type": "Index Scan", "Parent Relationship": "Inner", "Parallel Aware": false, "Async Capable": false, "Scan Direction": "Forward", "Index Name": "idx_posthistory_postid", "Relation Name": "posthistory", "Alias": "ph", "Startup Cost": 0.42, "Total Cost": 0.69, "Plan Rows": 4, "Plan Width": 4, "Actual Rows": 7, "Actual Loops": 72, "Index Cond": "(postid = c.postid)", "Rows Removed by Index Recheck": 0, "Filter": "(creationdate >= '2010-04-21 20:19:57'::timestamp without time zone)", "Rows Removed by Filter": 0, "Workers": []}]}]}]}]}]}]}, "Planning Time": 7.573, "Triggers": [], "Execution Time": 59.56}, {"Plan": {"Node Type": "Aggregate", "Strategy": "Plain", "Partial Mode": "Simple", "Parallel Aware": false, "Async Capable": false, "Startup Cost": 6943.13, "Total Cost": 6943.14, "Plan Rows": 1, "Plan Width": 8, "Actual Rows": 1, "Actual Loops": 1, "Plans": [{"Node Type": "Hash Join", "Parent Relationship": "Outer", "Parallel Aware": false, "Async Capable": false, "Join Type": "Inner", "Startup Cost": 3195.88, "Total Cost": 6943.07, "Plan Rows": 1027.0, "Plan Width": 0, "Actual Rows": 8221, "Actual Loops": 1, "Inner Unique": false, "Hash Cond": "(c.postid = p.id)", "Plans": [{"Node Type": "Seq Scan", "Parent Relationship": "Outer", "Parallel Aware": false, "Async Capable": false, "Relation Name": "comments", "Alias": "c", "Startup Cost": 0.0, "Total Cost": 3522.81, "Plan Rows": 59776, "Plan Width": 4, "Actual Rows": 59831, "Actual Loops": 1, "Filter": "(creationdate >= '2013-10-15 18:31:30'::timestamp without time zone)", "Rows Removed by Filter": 114474}, {"Node Type": "Hash", "Parent Relationship": "Inner", "Parallel Aware": false, "Async Capable": false, "Startup Cost": 3195.46, "Total Cost": 3195.46, "Plan Rows": 765.0, "Plan Width": 16, "Actual Rows": 35464, "Actual Loops": 1, "Hash Buckets": 65536, "Original Hash Buckets": 1024, "Hash Batches": 1, "Original Hash Batches": 1, "Peak Memory Usage": 2175, "Plans": [{"Node Type": "Nested Loop", "Parent Relationship": "Outer", "Parallel Aware": false, "Async Capable": false, "Join Type": "Inner", "Startup Cost": 2911.29, "Total Cost": 3195.46, "Plan Rows": 765.0, "Plan Width": 16, "Actual Rows": 35464, "Actual Loops": 1, "Inner Unique": false, "Join Filter": "(p.id = ph.postid)", "Rows Removed by Join Filter": 0, "Plans": [{"Node Type": "Nested Loop", "Parent Relationship": "Outer", "Parallel Aware": false, "Async Capable": false, "Join Type": "Inner", "Startup Cost": 2910.87, "Total Cost": 3189.22, "Plan Rows": 341.0, "Plan Width": 12, "Actual Rows": 5029, "Actual Loops": 1, "Inner Unique": false, "Join Filter": "(p.id = v.postid)", "Rows Removed by Join Filter": 0, "Plans": [{"Node Type": "Hash Join", "Parent Relationship": "Outer", "Parallel Aware": false, "Async Capable": false, "Join Type": "Inner", "Startup Cost": 2910.45, "Total Cost": 3176.28, "Plan Rows": 14.0, "Plan Width": 8, "Actual Rows": 153, "Actual Loops": 1, "Inner Unique": true, "Hash Cond": "(pl.postid = p.id)", "Plans": [{"Node Type": "Seq Scan", "Parent Relationship": "Outer", "Parallel Aware": false, "Async Capable": false, "Relation Name": "postlinks", "Alias": "pl", "Startup Cost": 0.0, "Total Cost": 248.53, "Plan Rows": 6592, "Plan Width": 4, "Actual Rows": 6670, "Actual Loops": 1, "Filter": "((creationdate <= '2013-12-30 20:32:34'::timestamp without time zone) AND (linktypeid = 1))", "Rows Removed by Filter": 4432}, {"Node Type": "Hash", "Parent Relationship": "Inner", "Parallel Aware": false, "Async Capable": false, "Startup Cost": 2909.46, "Total Cost": 2909.46, "Plan Rows": 79, "Plan Width": 4, "Actual Rows": 175, "Actual Loops": 1, "Hash Buckets": 1024, "Original Hash Buckets": 1024, "Hash Batches": 1, "Original Hash Batches": 1, "Peak Memory Usage": 15, "Plans": [{"Node Type": "Seq Scan", "Parent Relationship": "Outer", "Parallel Aware": false, "Async Capable": false, "Relation Name": "posts", "Alias": "p", "Startup Cost": 0.0, "Total Cost": 2909.46, "Plan Rows": 79, "Plan Width": 4, "Actual Rows": 175, "Actual Loops": 1, "Filter": "((score <= 119) AND (favoritecount >= 16) AND (favoritecount <= 54) AND (creationdate >= '2009-04-20 11:57:26'::timestamp without time zone) AND (creationdate <= '2012-12-13 08:33:18'::timestamp without time zone))", "Rows Removed by Filter": 91801}]}]}, {"Node Type": "Index Scan", "Parent Relationship": "Inner", "Parallel Aware": false, "Async Capable": false, "Scan Direction": "Forward", "Index Name": "idx_votes_postid", "Relation Name": "votes", "Alias": "v", "Startup Cost": 0.42, "Total Cost": 2.13, "Plan Rows": 2, "Plan Width": 4, "Actual Rows": 33, "Actual Loops": 153, "Index Cond": "(postid = pl.postid)", "Rows Removed by Index Recheck": 0, "Filter": "(creationdate <= '2012-12-22 02:31:07'::timestamp without time zone)", "Rows Removed by Filter": 27}]}, {"Node Type": "Index Scan", "Parent Relationship": "Inner", "Parallel Aware": false, "Async Capable": false, "Scan Direction": "Forward", "Index Name": "idx_posthistory_postid", "Relation Name": "posthistory", "Alias": "ph", "Startup Cost": 0.42, "Total Cost": 0.57, "Plan Rows": 4, "Plan Width": 4, "Actual Rows": 7, "Actual Loops": 5029, "Index Cond": "(postid = v.postid)", "Rows Removed by Index Recheck": 0, "Filter": "(creationdate >= '2010-04-21 20:19:57'::timestamp without time zone)", "Rows Removed by Filter": 0}]}]}]}]}, "Planning Time": 5.971, "Triggers": [], "Execution Time": 87.879}, {"Plan": {"Node Type": "Aggregate", "Strategy": "Plain", "Partial Mode": "Simple", "Parallel Aware": false, "Async Capable": false, "Startup Cost": 8817.5, "Total Cost": 8817.51, "Plan Rows": 1, "Plan Width": 8, "Actual Rows": 1, "Actual Loops": 1, "Plans": [{"Node Type": "Hash Join", "Parent Relationship": "Outer", "Parallel Aware": false, "Async Capable": false, "Join Type": "Inner", "Startup Cost": 8019.21, "Total Cost": 8817.44, "Plan Rows": 1027.0, "Plan Width": 0, "Actual Rows": 8221, "Actual Loops": 1, "Inner Unique": false, "Hash Cond": "(pl.postid = p.id)", "Plans": [{"Node Type": "Hash Join", "Parent Relationship": "Outer", "Parallel Aware": false, "Async Capable": false, "Join Type": "Inner", "Startup Cost": 4270.01, "Total Cost": 4990.97, "Plan Rows": 325.0, "Plan Width": 8, "Actual Rows": 2576, "Actual Loops": 1, "Inner Unique": false, "Hash Cond": "(pl.postid = c.postid)", "Plans": [{"Node Type": "Seq Scan", "Parent Relationship": "Outer", "Parallel Aware": false, "Async Capable": false, "Relation Name": "postlinks", "Alias": "pl", "Startup Cost": 0.0, "Total Cost": 248.53, "Plan Rows": 6592, "Plan Width": 4, "Actual Rows": 6670, "Actual Loops": 1, "Filter": "((creationdate <= '2013-12-30 20:32:34'::timestamp without time zone) AND (linktypeid = 1))", "Rows Removed by Filter": 4432}, {"Node Type": "Hash", "Parent Relationship": "Inner", "Parallel Aware": false, "Async Capable": false, "Startup Cost": 3522.81, "Total Cost": 3522.81, "Plan Rows": 59776, "Plan Width": 4, "Actual Rows": 59831, "Actual Loops": 1, "Hash Buckets": 65536, "Original Hash Buckets": 65536, "Hash Batches": 1, "Original Hash Batches": 1, "Peak Memory Usage": 2616, "Plans": [{"Node Type": "Seq Scan", "Parent Relationship": "Outer", "Parallel Aware": false, "Async Capable": false, "Relation Name": "comments", "Alias": "c", "Startup Cost": 0.0, "Total Cost": 3522.81, "Plan Rows": 59776, "Plan Width": 4, "Actual Rows": 59831, "Actual Loops": 1, "Filter": "(creationdate >= '2013-10-15 18:31:30'::timestamp without time zone)", "Rows Removed by Filter": 114474}]}]}, {"Node Type": "Hash", "Parent Relationship": "Inner", "Parallel Aware": false, "Async Capable": false, "Startup Cost": 3743.75, "Total Cost": 3743.75, "Plan Rows": 2454.0, "Plan Width": 12, "Actual Rows": 41337, "Actual Loops": 1, "Hash Buckets": 65536, "Original Hash Buckets": 1024, "Hash Batches": 1, "Original Hash Batches": 1, "Peak Memory Usage": 2289, "Plans": [{"Node Type": "Nested Loop", "Parent Relationship": "Outer", "Parallel Aware": false, "Async Capable": false, "Join Type": "Inner", "Startup Cost": 0.84, "Total Cost": 3743.75, "Plan Rows": 2454.0, "Plan Width": 12, "Actual Rows": 41337, "Actual Loops": 1, "Inner Unique": false, "Join Filter": "(p.id = v.postid)", "Rows Removed by Join Filter": 0, "Plans": [{"Node Type": "Nested Loop", "Parent Relationship": "Outer", "Parallel Aware": false, "Async Capable": false, "Join Type": "Inner", "Startup Cost": 0.42, "Total Cost": 3592.29, "Plan Rows": 214.0, "Plan Width": 8, "Actual Rows": 1180, "Actual Loops": 1, "Inner Unique": false, "Plans": [{"Node Type": "Seq Scan", "Parent Relationship": "Outer", "Parallel Aware": false, "Async Capable": false, "Relation Name": "posts", "Alias": "p", "Startup Cost": 0.0, "Total Cost": 2909.46, "Plan Rows": 79, "Plan Width": 4, "Actual Rows": 175, "Actual Loops": 1, "Filter": "((score <= 119) AND (favoritecount >= 16) AND (favoritecount <= 54) AND (creationdate >= '2009-04-20 11:57:26'::timestamp without time zone) AND (creationdate <= '2012-12-13 08:33:18'::timestamp without time zone))", "Rows Removed by Filter": 91801}, {"Node Type": "Index Scan", "Parent Relationship": "Inner", "Parallel Aware": false, "Async Capable": false, "Scan Direction": "Forward", "Index Name": "idx_posthistory_postid", "Relation Name": "posthistory", "Alias": "ph", "Startup Cost": 0.42, "Total Cost": 8.6, "Plan Rows": 4, "Plan Width": 4, "Actual Rows": 7, "Actual Loops": 175, "Index Cond": "(postid = p.id)", "Rows Removed by Index Recheck": 0, "Filter": "(creationdate >= '2010-04-21 20:19:57'::timestamp without time zone)", "Rows Removed by Filter": 0}]}, {"Node Type": "Index Scan", "Parent Relationship": "Inner", "Parallel Aware": false, "Async Capable": false, "Scan Direction": "Forward", "Index Name": "idx_votes_postid", "Relation Name": "votes", "Alias": "v", "Startup Cost": 0.42, "Total Cost": 0.56, "Plan Rows": 2, "Plan Width": 4, "Actual Rows": 35, "Actual Loops": 1180, "Index Cond": "(postid = ph.postid)", "Rows Removed by Index Recheck": 0, "Filter": "(creationdate <= '2012-12-22 02:31:07'::timestamp without time zone)", "Rows Removed by Filter": 25}]}]}]}]}, "Planning Time": 5.994, "Triggers": [], "Execution Time": 111.374}, {"Plan": {"Node Type": "Aggregate", "Strategy": "Plain", "Partial Mode": "Simple", "Parallel Aware": false, "Async Capable": false, "Startup Cost": 24800.31, "Total Cost": 24800.32, "Plan Rows": 1, "Plan Width": 8, "Actual Rows": 1, "Actual Loops": 1, "Plans": [{"Node Type": "Merge Join", "Parent Relationship": "Outer", "Parallel Aware": false, "Async Capable": false, "Join Type": "Inner", "Startup Cost": 2913.5, "Total Cost": 24800.26, "Plan Rows": 1027.0, "Plan Width": 0, "Actual Rows": 8221, "Actual Loops": 1, "Inner Unique": false, "Merge Cond": "(p.id = v.postid)", "Plans": [{"Node Type": "Nested Loop", "Parent Relationship": "Outer", "Parallel Aware": false, "Async Capable": false, "Join Type": "Inner", "Startup Cost": 2912.66, "Total Cost": 3393.01, "Plan Rows": 54.0, "Plan Width": 12, "Actual Rows": 1081, "Actual Loops": 1, "Inner Unique": false, "Join Filter": "(p.id = ph.postid)", "Rows Removed by Join Filter": 0, "Plans": [{"Node Type": "Merge Join", "Parent Relationship": "Outer", "Parallel Aware": false, "Async Capable": false, "Join Type": "Inner", "Startup Cost": 2912.23, "Total Cost": 3379.69, "Plan Rows": 14.0, "Plan Width": 8, "Actual Rows": 153, "Actual Loops": 1, "Inner Unique": true, "Merge Cond": "(pl.postid = p.id)", "Plans": [{"Node Type": "Index Scan", "Parent Relationship": "Outer", "Parallel Aware": false, "Async Capable": false, "Scan Direction": "Forward", "Index Name": "idx_postlinks_postid", "Relation Name": "postlinks", "Alias": "pl", "Startup Cost": 0.29, "Total Cost": 450.8, "Plan Rows": 6592, "Plan Width": 4, "Actual Rows": 3647, "Actual Loops": 1, "Filter": "((creationdate <= '2013-12-30 20:32:34'::timestamp without time zone) AND (linktypeid = 1))", "Rows Removed by Filter": 320}, {"Node Type": "Sort", "Parent Relationship": "Inner", "Parallel Aware": false, "Async Capable": false, "Startup Cost": 2911.95, "Total Cost": 2912.15, "Plan Rows": 79, "Plan Width": 4, "Actual Rows": 175, "Actual Loops": 1, "Sort Key": ["p.id"], "Sort Method": "quicksort", "Sort Space Used": 25, "Sort Space Type": "Memory", "Plans": [{"Node Type": "Seq Scan", "Parent Relationship": "Outer", "Parallel Aware": false, "Async Capable": false, "Relation Name": "posts", "Alias": "p", "Startup Cost": 0.0, "Total Cost": 2909.46, "Plan Rows": 79, "Plan Width": 4, "Actual Rows": 175, "Actual Loops": 1, "Filter": "((score <= 119) AND (favoritecount >= 16) AND (favoritecount <= 54) AND (creationdate >= '2009-04-20 11:57:26'::timestamp without time zone) AND (creationdate <= '2012-12-13 08:33:18'::timestamp without time zone))", "Rows Removed by Filter": 91801}]}]}, {"Node Type": "Index Scan", "Parent Relationship": "Inner", "Parallel Aware": false, "Async Capable": false, "Scan Direction": "Forward", "Index Name": "idx_posthistory_postid", "Relation Name": "posthistory", "Alias": "ph", "Startup Cost": 0.42, "Total Cost": 2.17, "Plan Rows": 4, "Plan Width": 4, "Actual Rows": 7, "Actual Loops": 153, "Index Cond": "(postid = pl.postid)", "Rows Removed by Index Recheck": 0, "Filter": "(creationdate >= '2010-04-21 20:19:57'::timestamp without time zone)", "Rows Removed by Filter": 0}]}, {"Node Type": "Materialize", "Parent Relationship": "Inner", "Parallel Aware": false, "Async Capable": false, "Startup Cost": 0.84, "Total Cost": 21036.85, "Plan Rows": 14984.0, "Plan Width": 8, "Actual Rows": 19981, "Actual Loops": 1, "Plans": [{"Node Type": "Merge Join", "Parent Relationship": "Outer", "Parallel Aware": false, "Async Capable": false, "Join Type": "Inner", "Startup Cost": 0.84, "Total Cost": 20666.82, "Plan Rows": 14984.0, "Plan Width": 8, "Actual Rows": 12423, "Actual Loops": 1, "Inner Unique": false, "Merge Cond": "(c.postid = v.postid)", "Plans": [{"Node Type": "Index Scan", "Parent Relationship": "Outer", "Parallel Aware": false, "Async Capable": false, "Scan Direction": "Forward", "Index Name": "idx_comments_postid", "Relation Name": "comments", "Alias": "c", "Startup Cost": 0.42, "Total Cost": 5857.0, "Plan Rows": 59776, "Plan Width": 4, "Actual Rows": 1427, "Actual Loops": 1, "Filter": "(creationdate >= '2013-10-15 18:31:30'::timestamp without time zone)", "Rows Removed by Filter": 73929}, {"Node Type": "Index Scan", "Parent Relationship": "Inner", "Parallel Aware": false, "Async Capable": false, "Scan Direction": "Forward", "Index Name": "idx_votes_postid", "Relation Name": "votes", "Alias": "v", "Startup Cost": 0.42, "Total Cost": 12794.42, "Plan Rows": 154374, "Plan Width": 4, "Actual Rows": 156041, "Actual Loops": 1, "Filter": "(creationdate <= '2012-12-22 02:31:07'::timestamp without time zone)", "Rows Removed by Filter": 50409}]}]}]}]}, "Planning Time": 6.214, "Triggers": [], "Execution Time": 242.267}, {"Plan": {"Node Type": "Aggregate", "Strategy": "Plain", "Partial Mode": "Simple", "Parallel Aware": false, "Async Capable": false, "Startup Cost": 3965.38, "Total Cost": 3965.39, "Plan Rows": 1, "Plan Width": 8, "Actual Rows": 1, "Actual Loops": 1, "Plans": [{"Node Type": "Hash Join", "Parent Relationship": "Outer", "Parallel Aware": false, "Async Capable": false, "Join Type": "Inner", "Startup Cost": 3667.16, "Total Cost": 3965.33, "Plan Rows": 1027.0, "Plan Width": 0, "Actual Rows": 8221, "Actual Loops": 1, "Inner Unique": false, "Hash Cond": "(pl.postid = p.id)", "Plans": [{"Node Type": "Seq Scan", "Parent Relationship": "Outer", "Parallel Aware": false, "Async Capable": false, "Relation Name": "postlinks", "Alias": "pl", "Startup Cost": 0.0, "Total Cost": 248.53, "Plan Rows": 6592, "Plan Width": 4, "Actual Rows": 6670, "Actual Loops": 1, "Filter": "((creationdate <= '2013-12-30 20:32:34'::timestamp without time zone) AND (linktypeid = 1))", "Rows Removed by Filter": 4432}, {"Node Type": "Hash", "Parent Relationship": "Inner", "Parallel Aware": false, "Async Capable": false, "Startup Cost": 3663.63, "Total Cost": 3663.63, "Plan Rows": 3362.0, "Plan Width": 16, "Actual Rows": 7161, "Actual Loops": 1, "Hash Buckets": 8192, "Original Hash Buckets": 1024, "Hash Batches": 1, "Original Hash Batches": 1, "Peak Memory Usage": 400, "Plans": [{"Node Type": "Nested Loop", "Parent Relationship": "Outer", "Parallel Aware": false, "Async Capable": false, "Join Type": "Inner", "Startup Cost": 1.27, "Total Cost": 3663.63, "Plan Rows": 3362.0, "Plan Width": 16, "Actual Rows": 7161, "Actual Loops": 1, "Inner Unique": false, "Join Filter": "(p.id = ph.postid)", "Rows Removed by Join Filter": 0, "Plans": [{"Node Type": "Nested Loop", "Parent Relationship": "Outer", "Parallel Aware": false, "Async Capable": false, "Join Type": "Inner", "Startup Cost": 0.84, "Total Cost": 3609.99, "Plan Rows": 1269.0, "Plan Width": 12, "Actual Rows": 1165, "Actual Loops": 1, "Inner Unique": false, "Join Filter": "(p.id = v.postid)", "Rows Removed by Join Filter": 0, "Plans": [{"Node Type": "Nested Loop", "Parent Relationship": "Outer", "Parallel Aware": false, "Async Capable": false, "Join Type": "Inner", "Startup Cost": 0.42, "Total Cost": 3573.02, "Plan Rows": 148.0, "Plan Width": 8, "Actual Rows": 34, "Actual Loops": 1, "Inner Unique": false, "Plans": [{"Node Type": "Seq Scan", "Parent Relationship": "Outer", "Parallel Aware": false, "Async Capable": false, "Relation Name": "posts", "Alias": "p", "Startup Cost": 0.0, "Total Cost": 2909.46, "Plan Rows": 79, "Plan Width": 4, "Actual Rows": 175, "Actual Loops": 1, "Filter": "((score <= 119) AND (favoritecount >= 16) AND (favoritecount <= 54) AND (creationdate >= '2009-04-20 11:57:26'::timestamp without time zone) AND (creationdate <= '2012-12-13 08:33:18'::timestamp without time zone))", "Rows Removed by Filter": 91801}, {"Node Type": "Index Scan", "Parent Relationship": "Inner", "Parallel Aware": false, "Async Capable": false, "Scan Direction": "Forward", "Index Name": "idx_comments_postid", "Relation Name": "comments", "Alias": "c", "Startup Cost": 0.42, "Total Cost": 8.39, "Plan Rows": 1, "Plan Width": 4, "Actual Rows": 0, "Actual Loops": 175, "Index Cond": "(postid = p.id)", "Rows Removed by Index Recheck": 0, "Filter": "(creationdate >= '2013-10-15 18:31:30'::timestamp without time zone)", "Rows Removed by Filter": 3}]}, {"Node Type": "Index Scan", "Parent Relationship": "Inner", "Parallel Aware": false, "Async Capable": false, "Scan Direction": "Forward", "Index Name": "idx_votes_postid", "Relation Name": "votes", "Alias": "v", "Startup Cost": 0.42, "Total Cost": 0.7, "Plan Rows": 2, "Plan Width": 4, "Actual Rows": 34, "Actual Loops": 34, "Index Cond": "(postid = c.postid)", "Rows Removed by Index Recheck": 0, "Filter": "(creationdate <= '2012-12-22 02:31:07'::timestamp without time zone)", "Rows Removed by Filter": 36}]}, {"Node Type": "Index Scan", "Parent Relationship": "Inner", "Parallel Aware": false, "Async Capable": false, "Scan Direction": "Forward", "Index Name": "idx_posthistory_postid", "Relation Name": "posthistory", "Alias": "ph", "Startup Cost": 0.42, "Total Cost": 0.57, "Plan Rows": 4, "Plan Width": 4, "Actual Rows": 6, "Actual Loops": 1165, "Index Cond": "(postid = v.postid)", "Rows Removed by Index Recheck": 0, "Filter": "(creationdate >= '2010-04-21 20:19:57'::timestamp without time zone)", "Rows Removed by Filter": 0}]}]}]}]}, "Planning Time": 5.548, "Triggers": [], "Execution Time": 24.752}, {"Plan": {"Node Type": "Aggregate", "Strategy": "Plain", "Partial Mode": "Finalize", "Parallel Aware": false, "Async Capable": false, "Startup Cost": 26691.73, "Total Cost": 26691.74, "Plan Rows": 1, "Plan Width": 8, "Actual Rows": 1, "Actual Loops": 1, "Plans": [{"Node Type": "Gather", "Parent Relationship": "Outer", "Parallel Aware": false, "Async Capable": false, "Startup Cost": 26691.62, "Total Cost": 26691.73, "Plan Rows": 1, "Plan Width": 8, "Actual Rows": 2, "Actual Loops": 1, "Workers Planned": 1, "Workers Launched": 1, "Single Copy": false, "Plans": [{"Node Type": "Aggregate", "Strategy": "Plain", "Partial Mode": "Partial", "Parent Relationship": "Outer", "Parallel Aware": false, "Async Capable": false, "Startup Cost": 25691.62, "Total Cost": 25691.63, "Plan Rows": 1, "Plan Width": 8, "Actual Rows": 1, "Actual Loops": 2, "Workers": [], "Plans": [{"Node Type": "Hash Join", "Parent Relationship": "Outer", "Parallel Aware": false, "Async Capable": false, "Join Type": "Inner", "Startup Cost": 16160.86, "Total Cost": 25691.59, "Plan Rows": 1027.0, "Plan Width": 0, "Actual Rows": 4110, "Actual Loops": 2, "Inner Unique": false, "Hash Cond": "(v.postid = p.id)", "Workers": [], "Plans": [{"Node Type": "Hash Join", "Parent Relationship": "Outer", "Parallel Aware": true, "Async Capable": false, "Join Type": "Inner", "Startup Cost": 12984.5, "Total Cost": 21512.73, "Plan Rows": 39091.0, "Plan Width": 12, "Actual Rows": 28044, "Actual Loops": 2, "Inner Unique": false, "Hash Cond": "(v.postid = ph.postid)", "Workers": [], "Plans": [{"Node Type": "Seq Scan", "Parent Relationship": "Outer", "Parallel Aware": true, "Async Capable": false, "Relation Name": "votes", "Alias": "v", "Startup Cost": 0.0, "Total Cost": 4572.24, "Plan Rows": 90808, "Plan Width": 4, "Actual Rows": 77092, "Actual Loops": 2, "Filter": "(creationdate <= '2012-12-22 02:31:07'::timestamp without time zone)", "Rows Removed by Filter": 86940, "Workers": []}, {"Node Type": "Hash", "Parent Relationship": "Inner", "Parallel Aware": true, "Async Capable": false, "Startup Cost": 11300.01, "Total Cost": 11300.01, "Plan Rows": 3053.0, "Plan Width": 8, "Actual Rows": 121332, "Actual Loops": 2, "Hash Buckets": 262144, "Original Hash Buckets": 262144, "Hash Batches": 1, "Original Hash Batches": 1, "Peak Memory Usage": 11584, "Workers": [], "Plans": [{"Node Type": "Hash Join", "Parent Relationship": "Outer", "Parallel Aware": true, "Async Capable": false, "Join Type": "Inner", "Startup Cost": 6694.94, "Total Cost": 11300.01, "Plan Rows": 3053.0, "Plan Width": 8, "Actual Rows": 121332, "Actual Loops": 2, "Inner Unique": false, "Hash Cond": "(c.postid = ph.postid)", "Workers": [], "Plans": [{"Node Type": "Seq Scan", "Parent Relationship": "Outer", "Parallel Aware": true, "Async Capable": false, "Relation Name": "comments", "Alias": "c", "Startup Cost": 0.0, "Total Cost": 2625.65, "Plan Rows": 35162, "Plan Width": 4, "Actual Rows": 29916, "Actual Loops": 2, "Filter": "(creationdate >= '2013-10-15 18:31:30'::timestamp without time zone)", "Rows Removed by Filter": 57237, "Workers": []}, {"Node Type": "Hash", "Parent Relationship": "Inner", "Parallel Aware": true, "Async Capable": false, "Startup Cost": 4469.32, "Total Cost": 4469.32, "Plan Rows": 178050, "Plan Width": 4, "Actual Rows": 151581, "Actual Loops": 2, "Hash Buckets": 524288, "Original Hash Buckets": 524288, "Hash Batches": 1, "Original Hash Batches": 1, "Peak Memory Usage": 16000, "Workers": [], "Plans": [{"Node Type": "Seq Scan", "Parent Relationship": "Outer", "Parallel Aware": true, "Async Capable": false, "Relation Name": "posthistory", "Alias": "ph", "Startup Cost": 0.0, "Total Cost": 4469.32, "Plan Rows": 178050, "Plan Width": 4, "Actual Rows": 151581, "Actual Loops": 2, "Filter": "(creationdate >= '2010-04-21 20:19:57'::timestamp without time zone)", "Rows Removed by Filter": 12, "Workers": []}]}]}]}]}, {"Node Type": "Hash", "Parent Relationship": "Inner", "Parallel Aware": false, "Async Capable": false, "Startup Cost": 3176.28, "Total Cost": 3176.28, "Plan Rows": 14.0, "Plan Width": 8, "Actual Rows": 153, "Actual Loops": 2, "Hash Buckets": 1024, "Original Hash Buckets": 1024, "Hash Batches": 1, "Original Hash Batches": 1, "Peak Memory Usage": 14, "Workers": [], "Plans": [{"Node Type": "Hash Join", "Parent Relationship": "Outer", "Parallel Aware": false, "Async Capable": false, "Join Type": "Inner", "Startup Cost": 2910.45, "Total Cost": 3176.28, "Plan Rows": 14.0, "Plan Width": 8, "Actual Rows": 153, "Actual Loops": 2, "Inner Unique": true, "Hash Cond": "(pl.postid = p.id)", "Workers": [], "Plans": [{"Node Type": "Seq Scan", "Parent Relationship": "Outer", "Parallel Aware": false, "Async Capable": false, "Relation Name": "postlinks", "Alias": "pl", "Startup Cost": 0.0, "Total Cost": 248.53, "Plan Rows": 6592, "Plan Width": 4, "Actual Rows": 6670, "Actual Loops": 2, "Filter": "((creationdate <= '2013-12-30 20:32:34'::timestamp without time zone) AND (linktypeid = 1))", "Rows Removed by Filter": 4432, "Workers": []}, {"Node Type": "Hash", "Parent Relationship": "Inner", "Parallel Aware": false, "Async Capable": false, "Startup Cost": 2909.46, "Total Cost": 2909.46, "Plan Rows": 79, "Plan Width": 4, "Actual Rows": 175, "Actual Loops": 2, "Hash Buckets": 1024, "Original Hash Buckets": 1024, "Hash Batches": 1, "Original Hash Batches": 1, "Peak Memory Usage": 15, "Workers": [], "Plans": [{"Node Type": "Seq Scan", "Parent Relationship": "Outer", "Parallel Aware": false, "Async Capable": false, "Relation Name": "posts", "Alias": "p", "Startup Cost": 0.0, "Total Cost": 2909.46, "Plan Rows": 79, "Plan Width": 4, "Actual Rows": 175, "Actual Loops": 2, "Filter": "((score <= 119) AND (favoritecount >= 16) AND (favoritecount <= 54) AND (creationdate >= '2009-04-20 11:57:26'::timestamp without time zone) AND (creationdate <= '2012-12-13 08:33:18'::timestamp without time zone))", "Rows Removed by Filter": 91801, "Workers": []}]}]}]}]}]}]}]}, "Planning Time": 6.384, "Triggers": [], "Execution Time": 277.515}, {"Plan": {"Node Type": "Aggregate", "Strategy": "Plain", "Partial Mode": "Finalize", "Parallel Aware": false, "Async Capable": false, "Startup Cost": 11611.28, "Total Cost": 11611.29, "Plan Rows": 1, "Plan Width": 8, "Actual Rows": 1, "Actual Loops": 1, "Plans": [{"Node Type": "Gather", "Parent Relationship": "Outer", "Parallel Aware": false, "Async Capable": false, "Startup Cost": 11611.17, "Total Cost": 11611.28, "Plan Rows": 1, "Plan Width": 8, "Actual Rows": 2, "Actual Loops": 1, "Workers Planned": 1, "Workers Launched": 1, "Single Copy": false, "Plans": [{"Node Type": "Aggregate", "Strategy": "Plain", "Partial Mode": "Partial", "Parent Relationship": "Outer", "Parallel Aware": false, "Async Capable": false, "Startup Cost": 10611.17, "Total Cost": 10611.18, "Plan Rows": 1, "Plan Width": 8, "Actual Rows": 1, "Actual Loops": 2, "Workers": [], "Plans": [{"Node Type": "Hash Join", "Parent Relationship": "Outer", "Parallel Aware": false, "Async Capable": false, "Join Type": "Inner", "Startup Cost": 3926.89, "Total Cost": 10611.14, "Plan Rows": 1027.0, "Plan Width": 0, "Actual Rows": 4110, "Actual Loops": 2, "Inner Unique": false, "Hash Cond": "(pl.postid = p.id)", "Workers": [], "Plans": [{"Node Type": "Nested Loop", "Parent Relationship": "Outer", "Parallel Aware": false, "Async Capable": false, "Join Type": "Inner", "Startup Cost": 331.35, "Total Cost": 6940.54, "Plan Rows": 4743.0, "Plan Width": 12, "Actual Rows": 1424, "Actual Loops": 2, "Inner Unique": false, "Join Filter": "(pl.postid = v.postid)", "Rows Removed by Join Filter": 0, "Workers": [], "Plans": [{"Node Type": "Hash Join", "Parent Relationship": "Outer", "Parallel Aware": false, "Async Capable": false, "Join Type": "Inner", "Startup Cost": 330.93, "Total Cost": 3661.11, "Plan Rows": 325.0, "Plan Width": 8, "Actual Rows": 1288, "Actual Loops": 2, "Inner Unique": false, "Hash Cond": "(c.postid = pl.postid)", "Workers": [], "Plans": [{"Node Type": "Seq Scan", "Parent Relationship": "Outer", "Parallel Aware": true, "Async Capable": false, "Relation Name": "comments", "Alias": "c", "Startup Cost": 0.0, "Total Cost": 2625.65, "Plan Rows": 35162, "Plan Width": 4, "Actual Rows": 29916, "Actual Loops": 2, "Filter": "(creationdate >= '2013-10-15 18:31:30'::timestamp without time zone)", "Rows Removed by Filter": 57237, "Workers": []}, {"Node Type": "Hash", "Parent Relationship": "Inner", "Parallel Aware": false, "Async Capable": false, "Startup Cost": 248.53, "Total Cost": 248.53, "Plan Rows": 6592, "Plan Width": 4, "Actual Rows": 6670, "Actual Loops": 2, "Hash Buckets": 8192, "Original Hash Buckets": 8192, "Hash Batches": 1, "Original Hash Batches": 1, "Peak Memory Usage": 299, "Workers": [], "Plans": [{"Node Type": "Seq Scan", "Parent Relationship": "Outer", "Parallel Aware": false, "Async Capable": false, "Relation Name": "postlinks", "Alias": "pl", "Startup Cost": 0.0, "Total Cost": 248.53, "Plan Rows": 6592, "Plan Width": 4, "Actual Rows": 6670, "Actual Loops": 2, "Filter": "((creationdate <= '2013-12-30 20:32:34'::timestamp without time zone) AND (linktypeid = 1))", "Rows Removed by Filter": 4432, "Workers": []}]}]}, {"Node Type": "Index Scan", "Parent Relationship": "Inner", "Parallel Aware": false, "Async Capable": false, "Scan Direction": "Forward", "Index Name": "idx_votes_postid", "Relation Name": "votes", "Alias": "v", "Startup Cost": 0.42, "Total Cost": 0.7, "Plan Rows": 2, "Plan Width": 4, "Actual Rows": 1, "Actual Loops": 2576, "Index Cond": "(postid = c.postid)", "Rows Removed by Index Recheck": 0, "Filter": "(creationdate <= '2012-12-22 02:31:07'::timestamp without time zone)", "Rows Removed by Filter": 5, "Workers": []}]}, {"Node Type": "Hash", "Parent Relationship": "Inner", "Parallel Aware": false, "Async Capable": false, "Startup Cost": 3592.29, "Total Cost": 3592.29, "Plan Rows": 214.0, "Plan Width": 8, "Actual Rows": 1180, "Actual Loops": 2, "Hash Buckets": 2048, "Original Hash Buckets": 1024, "Hash Batches": 1, "Original Hash Batches": 1, "Peak Memory Usage": 63, "Workers": [], "Plans": [{"Node Type": "Nested Loop", "Parent Relationship": "Outer", "Parallel Aware": false, "Async Capable": false, "Join Type": "Inner", "Startup Cost": 0.42, "Total Cost": 3592.29, "Plan Rows": 214.0, "Plan Width": 8, "Actual Rows": 1180, "Actual Loops": 2, "Inner Unique": false, "Workers": [], "Plans": [{"Node Type": "Seq Scan", "Parent Relationship": "Outer", "Parallel Aware": false, "Async Capable": false, "Relation Name": "posts", "Alias": "p", "Startup Cost": 0.0, "Total Cost": 2909.46, "Plan Rows": 79, "Plan Width": 4, "Actual Rows": 175, "Actual Loops": 2, "Filter": "((score <= 119) AND (favoritecount >= 16) AND (favoritecount <= 54) AND (creationdate >= '2009-04-20 11:57:26'::timestamp without time zone) AND (creationdate <= '2012-12-13 08:33:18'::timestamp without time zone))", "Rows Removed by Filter": 91801, "Workers": []}, {"Node Type": "Index Scan", "Parent Relationship": "Inner", "Parallel Aware": false, "Async Capable": false, "Scan Direction": "Forward", "Index Name": "idx_posthistory_postid", "Relation Name": "posthistory", "Alias": "ph", "Startup Cost": 0.42, "Total Cost": 8.6, "Plan Rows": 4, "Plan Width": 4, "Actual Rows": 7, "Actual Loops": 350, "Index Cond": "(postid = p.id)", "Rows Removed by Index Recheck": 0, "Filter": "(creationdate >= '2010-04-21 20:19:57'::timestamp without time zone)", "Rows Removed by Filter": 0, "Workers": []}]}]}]}]}]}]}, "Planning Time": 12.567, "Triggers": [], "Execution Time": 66.752}, {"Plan": {"Node Type": "Aggregate", "Strategy": "Plain", "Partial Mode": "Finalize", "Parallel Aware": false, "Async Capable": false, "Startup Cost": 21919.22, "Total Cost": 21919.23, "Plan Rows": 1, "Plan Width": 8, "Actual Rows": 1, "Actual Loops": 1, "Plans": [{"Node Type": "Gather", "Parent Relationship": "Outer", "Parallel Aware": false, "Async Capable": false, "Startup Cost": 21919.11, "Total Cost": 21919.22, "Plan Rows": 1, "Plan Width": 8, "Actual Rows": 2, "Actual Loops": 1, "Workers Planned": 1, "Workers Launched": 1, "Single Copy": false, "Plans": [{"Node Type": "Aggregate", "Strategy": "Plain", "Partial Mode": "Partial", "Parent Relationship": "Outer", "Parallel Aware": false, "Async Capable": false, "Startup Cost": 20919.11, "Total Cost": 20919.12, "Plan Rows": 1, "Plan Width": 8, "Actual Rows": 1, "Actual Loops": 2, "Workers": [], "Plans": [{"Node Type": "Hash Join", "Parent Relationship": "Outer", "Parallel Aware": false, "Async Capable": false, "Join Type": "Inner", "Startup Cost": 9880.21, "Total Cost": 20919.08, "Plan Rows": 1027.0, "Plan Width": 0, "Actual Rows": 4110, "Actual Loops": 2, "Inner Unique": false, "Hash Cond": "(v.postid = p.id)", "Workers": [], "Plans": [{"Node Type": "Hash Join", "Parent Relationship": "Outer", "Parallel Aware": true, "Async Capable": false, "Join Type": "Inner", "Startup Cost": 6694.94, "Total Cost": 16409.33, "Plan Rows": 36768.0, "Plan Width": 8, "Actual Rows": 301066, "Actual Loops": 2, "Inner Unique": false, "Hash Cond": "(v.postid = ph.postid)", "Workers": [], "Plans": [{"Node Type": "Seq Scan", "Parent Relationship": "Outer", "Parallel Aware": true, "Async Capable": false, "Relation Name": "votes", "Alias": "v", "Startup Cost": 0.0, "Total Cost": 4572.24, "Plan Rows": 90808, "Plan Width": 4, "Actual Rows": 77092, "Actual Loops": 2, "Filter": "(creationdate <= '2012-12-22 02:31:07'::timestamp without time zone)", "Rows Removed by Filter": 86940, "Workers": []}, {"Node Type": "Hash", "Parent Relationship": "Inner", "Parallel Aware": true, "Async Capable": false, "Startup Cost": 4469.32, "Total Cost": 4469.32, "Plan Rows": 178050, "Plan Width": 4, "Actual Rows": 151581, "Actual Loops": 2, "Hash Buckets": 524288, "Original Hash Buckets": 524288, "Hash Batches": 1, "Original Hash Batches": 1, "Peak Memory Usage": 15968, "Workers": [], "Plans": [{"Node Type": "Seq Scan", "Parent Relationship": "Outer", "Parallel Aware": true, "Async Capable": false, "Relation Name": "posthistory", "Alias": "ph", "Startup Cost": 0.0, "Total Cost": 4469.32, "Plan Rows": 178050, "Plan Width": 4, "Actual Rows": 151581, "Actual Loops": 2, "Filter": "(creationdate >= '2010-04-21 20:19:57'::timestamp without time zone)", "Rows Removed by Filter": 12, "Workers": []}]}]}, {"Node Type": "Hash", "Parent Relationship": "Inner", "Parallel Aware": false, "Async Capable": false, "Startup Cost": 3185.22, "Total Cost": 3185.22, "Plan Rows": 26.0, "Plan Width": 12, "Actual Rows": 36, "Actual Loops": 2, "Hash Buckets": 1024, "Original Hash Buckets": 1024, "Hash Batches": 1, "Original Hash Batches": 1, "Peak Memory Usage": 10, "Workers": [], "Plans": [{"Node Type": "Nested Loop", "Parent Relationship": "Outer", "Parallel Aware": false, "Async Capable": false, "Join Type": "Inner", "Startup Cost": 2910.87, "Total Cost": 3185.22, "Plan Rows": 26.0, "Plan Width": 12, "Actual Rows": 36, "Actual Loops": 2, "Inner Unique": false, "Join Filter": "(c.postid = p.id)", "Rows Removed by Join Filter": 0, "Workers": [], "Plans": [{"Node Type": "Hash Join", "Parent Relationship": "Outer", "Parallel Aware": false, "Async Capable": false, "Join Type": "Inner", "Startup Cost": 2910.45, "Total Cost": 3176.28, "Plan Rows": 14.0, "Plan Width": 8, "Actual Rows": 153, "Actual Loops": 2, "Inner Unique": true, "Hash Cond": "(pl.postid = p.id)", "Workers": [], "Plans": [{"Node Type": "Seq Scan", "Parent Relationship": "Outer", "Parallel Aware": false, "Async Capable": false, "Relation Name": "postlinks", "Alias": "pl", "Startup Cost": 0.0, "Total Cost": 248.53, "Plan Rows": 6592, "Plan Width": 4, "Actual Rows": 6670, "Actual Loops": 2, "Filter": "((creationdate <= '2013-12-30 20:32:34'::timestamp without time zone) AND (linktypeid = 1))", "Rows Removed by Filter": 4432, "Workers": []}, {"Node Type": "Hash", "Parent Relationship": "Inner", "Parallel Aware": false, "Async Capable": false, "Startup Cost": 2909.46, "Total Cost": 2909.46, "Plan Rows": 79, "Plan Width": 4, "Actual Rows": 175, "Actual Loops": 2, "Hash Buckets": 1024, "Original Hash Buckets": 1024, "Hash Batches": 1, "Original Hash Batches": 1, "Peak Memory Usage": 15, "Workers": [], "Plans": [{"Node Type": "Seq Scan", "Parent Relationship": "Outer", "Parallel Aware": false, "Async Capable": false, "Relation Name": "posts", "Alias": "p", "Startup Cost": 0.0, "Total Cost": 2909.46, "Plan Rows": 79, "Plan Width": 4, "Actual Rows": 175, "Actual Loops": 2, "Filter": "((score <= 119) AND (favoritecount >= 16) AND (favoritecount <= 54) AND (creationdate >= '2009-04-20 11:57:26'::timestamp without time zone) AND (creationdate <= '2012-12-13 08:33:18'::timestamp without time zone))", "Rows Removed by Filter": 91801, "Workers": []}]}]}, {"Node Type": "Index Scan", "Parent Relationship": "Inner", "Parallel Aware": false, "Async Capable": false, "Scan Direction": "Forward", "Index Name": "idx_comments_postid", "Relation Name": "comments", "Alias": "c", "Startup Cost": 0.42, "Total Cost": 1.48, "Plan Rows": 1, "Plan Width": 4, "Actual Rows": 0, "Actual Loops": 306, "Index Cond": "(postid = pl.postid)", "Rows Removed by Index Recheck": 0, "Filter": "(creationdate >= '2013-10-15 18:31:30'::timestamp without time zone)", "Rows Removed by Filter": 4, "Workers": []}]}]}]}]}]}]}, "Planning Time": 13.054, "Triggers": [], "Execution Time": 245.769}, {"Plan": {"Node Type": "Aggregate", "Strategy": "Plain", "Partial Mode": "Simple", "Parallel Aware": false, "Async Capable": false, "Startup Cost": 13833.44, "Total Cost": 13833.45, "Plan Rows": 1, "Plan Width": 8, "Actual Rows": 1, "Actual Loops": 1, "Plans": [{"Node Type": "Hash Join", "Parent Relationship": "Outer", "Parallel Aware": false, "Async Capable": false, "Join Type": "Inner", "Startup Cost": 10227.3, "Total Cost": 13833.39, "Plan Rows": 1027.0, "Plan Width": 0, "Actual Rows": 8221, "Actual Loops": 1, "Inner Unique": false, "Hash Cond": "(p.id = pl.postid)", "Plans": [{"Node Type": "Nested Loop", "Parent Relationship": "Outer", "Parallel Aware": false, "Async Capable": false, "Join Type": "Inner", "Startup Cost": 0.42, "Total Cost": 3592.29, "Plan Rows": 214.0, "Plan Width": 8, "Actual Rows": 1180, "Actual Loops": 1, "Inner Unique": false, "Plans": [{"Node Type": "Seq Scan", "Parent Relationship": "Outer", "Parallel Aware": false, "Async Capable": false, "Relation Name": "posts", "Alias": "p", "Startup Cost": 0.0, "Total Cost": 2909.46, "Plan Rows": 79, "Plan Width": 4, "Actual Rows": 175, "Actual Loops": 1, "Filter": "((score <= 119) AND (favoritecount >= 16) AND (favoritecount <= 54) AND (creationdate >= '2009-04-20 11:57:26'::timestamp without time zone) AND (creationdate <= '2012-12-13 08:33:18'::timestamp without time zone))", "Rows Removed by Filter": 91801}, {"Node Type": "Index Scan", "Parent Relationship": "Inner", "Parallel Aware": false, "Async Capable": false, "Scan Direction": "Forward", "Index Name": "idx_posthistory_postid", "Relation Name": "posthistory", "Alias": "ph", "Startup Cost": 0.42, "Total Cost": 8.6, "Plan Rows": 4, "Plan Width": 4, "Actual Rows": 7, "Actual Loops": 175, "Index Cond": "(postid = p.id)", "Rows Removed by Index Recheck": 0, "Filter": "(creationdate >= '2010-04-21 20:19:57'::timestamp without time zone)", "Rows Removed by Filter": 0}]}, {"Node Type": "Hash", "Parent Relationship": "Inner", "Parallel Aware": false, "Async Capable": false, "Startup Cost": 9972.84, "Total Cost": 9972.84, "Plan Rows": 4743.0, "Plan Width": 12, "Actual Rows": 2849, "Actual Loops": 1, "Hash Buckets": 32768, "Original Hash Buckets": 32768, "Hash Batches": 1, "Original Hash Batches": 1, "Peak Memory Usage": 379, "Plans": [{"Node Type": "Gather", "Parent Relationship": "Outer", "Parallel Aware": false, "Async Capable": false, "Startup Cost": 1331.35, "Total Cost": 9972.84, "Plan Rows": 4743.0, "Plan Width": 12, "Actual Rows": 2849, "Actual Loops": 1, "Workers Planned": 1, "Workers Launched": 1, "Single Copy": false, "Plans": [{"Node Type": "Nested Loop", "Parent Relationship": "Outer", "Parallel Aware": false, "Async Capable": false, "Join Type": "Inner", "Startup Cost": 331.35, "Total Cost": 6940.54, "Plan Rows": 4743.0, "Plan Width": 12, "Actual Rows": 1424, "Actual Loops": 2, "Inner Unique": false, "Join Filter": "(pl.postid = v.postid)", "Rows Removed by Join Filter": 0, "Workers": [], "Plans": [{"Node Type": "Hash Join", "Parent Relationship": "Outer", "Parallel Aware": false, "Async Capable": false, "Join Type": "Inner", "Startup Cost": 330.93, "Total Cost": 3661.11, "Plan Rows": 325.0, "Plan Width": 8, "Actual Rows": 1288, "Actual Loops": 2, "Inner Unique": false, "Hash Cond": "(c.postid = pl.postid)", "Workers": [], "Plans": [{"Node Type": "Seq Scan", "Parent Relationship": "Outer", "Parallel Aware": true, "Async Capable": false, "Relation Name": "comments", "Alias": "c", "Startup Cost": 0.0, "Total Cost": 2625.65, "Plan Rows": 35162, "Plan Width": 4, "Actual Rows": 29916, "Actual Loops": 2, "Filter": "(creationdate >= '2013-10-15 18:31:30'::timestamp without time zone)", "Rows Removed by Filter": 57237, "Workers": []}, {"Node Type": "Hash", "Parent Relationship": "Inner", "Parallel Aware": false, "Async Capable": false, "Startup Cost": 248.53, "Total Cost": 248.53, "Plan Rows": 6592, "Plan Width": 4, "Actual Rows": 6670, "Actual Loops": 2, "Hash Buckets": 8192, "Original Hash Buckets": 8192, "Hash Batches": 1, "Original Hash Batches": 1, "Peak Memory Usage": 299, "Workers": [], "Plans": [{"Node Type": "Seq Scan", "Parent Relationship": "Outer", "Parallel Aware": false, "Async Capable": false, "Relation Name": "postlinks", "Alias": "pl", "Startup Cost": 0.0, "Total Cost": 248.53, "Plan Rows": 6592, "Plan Width": 4, "Actual Rows": 6670, "Actual Loops": 2, "Filter": "((creationdate <= '2013-12-30 20:32:34'::timestamp without time zone) AND (linktypeid = 1))", "Rows Removed by Filter": 4432, "Workers": []}]}]}, {"Node Type": "Index Scan", "Parent Relationship": "Inner", "Parallel Aware": false, "Async Capable": false, "Scan Direction": "Forward", "Index Name": "idx_votes_postid", "Relation Name": "votes", "Alias": "v", "Startup Cost": 0.42, "Total Cost": 0.7, "Plan Rows": 2, "Plan Width": 4, "Actual Rows": 1, "Actual Loops": 2576, "Index Cond": "(postid = c.postid)", "Rows Removed by Index Recheck": 0, "Filter": "(creationdate <= '2012-12-22 02:31:07'::timestamp without time zone)", "Rows Removed by Filter": 5, "Workers": []}]}]}]}]}]}, "Planning Time": 5.988, "Triggers": [], "Execution Time": 64.444}]