[{"Plan": {"Node Type": "Aggregate", "Strategy": "Plain", "Partial Mode": "Finalize", "Parallel Aware": false, "Async Capable": false, "Startup Cost": 5481.36, "Total Cost": 5481.37, "Plan Rows": 1, "Plan Width": 8, "Actual Rows": 1, "Actual Loops": 1, "Plans": [{"Node Type": "Gather", "Parent Relationship": "Outer", "Parallel Aware": false, "Async Capable": false, "Startup Cost": 5481.24, "Total Cost": 5481.35, "Plan Rows": 1, "Plan Width": 8, "Actual Rows": 2, "Actual Loops": 1, "Workers Planned": 1, "Workers Launched": 1, "Single Copy": false, "Plans": [{"Node Type": "Aggregate", "Strategy": "Plain", "Partial Mode": "Partial", "Parent Relationship": "Outer", "Parallel Aware": false, "Async Capable": false, "Startup Cost": 4481.24, "Total Cost": 4481.25, "Plan Rows": 1, "Plan Width": 8, "Actual Rows": 1, "Actual Loops": 2, "Workers": [], "Plans": [{"Node Type": "Nested Loop", "Parent Relationship": "Outer", "Parallel Aware": false, "Async Capable": false, "Join Type": "Inner", "Startup Cost": 1.01, "Total Cost": 3896.85, "Plan Rows": 1043.0, "Plan Width": 0, "Actual Rows": 739997, "Actual Loops": 2, "Inner Unique": false, "Join Filter": "(c.userid = u.id)", "Rows Removed by Join Filter": 0, "Workers": [], "Plans": [{"Node Type": "Merge Join", "Parent Relationship": "Outer", "Parallel Aware": false, "Async Capable": false, "Join Type": "Inner", "Startup Cost": 0.71, "Total Cost": 2704.68, "Plan Rows": 643.0, "Plan Width": 8, "Actual Rows": 2330, "Actual Loops": 2, "Inner Unique": true, "Merge Cond": "(v.userid = u.id)", "Workers": [], "Plans": [{"Node Type": "Index Scan", "Parent Relationship": "Outer", "Parallel Aware": true, "Async Capable": false, "Scan Direction": "Forward", "Index Name": "idx_votes_userid", "Relation Name": "votes", "Alias": "v", "Startup Cost": 0.42, "Total Cost": 11216.36, "Plan Rows": 50921, "Plan Width": 4, "Actual Rows": 4842, "Actual Loops": 2, "Filter": "((creationdate >= '2013-03-31 22:01:49'::timestamp without time zone) AND (creationdate <= '2014-02-12 20:04:32'::timestamp without time zone))", "Rows Removed by Filter": 91042, "Workers": []}, {"Node Type": "Index Scan", "Parent Relationship": "Inner", "Parallel Aware": false, "Async Capable": false, "Scan Direction": "Forward", "Index Name": "users_pkey", "Relation Name": "users", "Alias": "u", "Startup Cost": 0.29, "Total Cost": 1457.98, "Plan Rows": 12178, "Plan Width": 4, "Actual Rows": 6414, "Actual Loops": 2, "Filter": "(creationdate <= '2012-11-02 15:27:14'::timestamp without time zone)", "Rows Removed by Filter": 14074, "Workers": []}]}, {"Node Type": "Index Scan", "Parent Relationship": "Inner", "Parallel Aware": false, "Async Capable": false, "Scan Direction": "Forward", "Index Name": "idx_comments_userid", "Relation Name": "comments", "Alias": "c", "Startup Cost": 0.29, "Total Cost": 0.66, "Plan Rows": 6, "Plan Width": 4, "Actual Rows": 318, "Actual Loops": 4660, "Index Cond": "(userid = v.userid)", "Rows Removed by Index Recheck": 0, "Filter": "((creationdate >= '2011-09-14 00:39:38'::timestamp without time zone) AND (creationdate <= '2013-09-11 13:26:25'::timestamp without time zone))", "Rows Removed by Filter": 494, "Workers": []}]}]}]}]}, "Planning Time": 1.217, "Triggers": [], "Execution Time": 497.734}, {"Plan": {"Node Type": "Aggregate", "Strategy": "Plain", "Partial Mode": "Simple", "Parallel Aware": false, "Async Capable": false, "Startup Cost": 34190.25, "Total Cost": 34190.26, "Plan Rows": 1, "Plan Width": 8, "Actual Rows": 1, "Actual Loops": 1, "Plans": [{"Node Type": "Merge Join", "Parent Relationship": "Outer", "Parallel Aware": false, "Async Capable": false, "Join Type": "Inner", "Startup Cost": 1.14, "Total Cost": 33196.79, "Plan Rows": 1043.0, "Plan Width": 0, "Actual Rows": 1479994, "Actual Loops": 1, "Inner Unique": false, "Merge Cond": "(u.id = c.userid)", "Plans": [{"Node Type": "Index Scan", "Parent Relationship": "Outer", "Parallel Aware": false, "Async Capable": false, "Scan Direction": "Forward", "Index Name": "users_pkey", "Relation Name": "users", "Alias": "u", "Startup Cost": 0.29, "Total Cost": 1457.98, "Plan Rows": 12178, "Plan Width": 4, "Actual Rows": 12176, "Actual Loops": 1, "Filter": "(creationdate <= '2012-11-02 15:27:14'::timestamp without time zone)", "Rows Removed by Filter": 19406}, {"Node Type": "Materialize", "Parent Relationship": "Inner", "Parallel Aware": false, "Async Capable": false, "Startup Cost": 0.73, "Total Cost": 24855.96, "Plan Rows": 8606.0, "Plan Width": 8, "Actual Rows": 1572376, "Actual Loops": 1, "Plans": [{"Node Type": "Nested Loop", "Parent Relationship": "Outer", "Parallel Aware": false, "Async Capable": false, "Join Type": "Inner", "Startup Cost": 0.73, "Total Cost": 21510.98, "Plan Rows": 8606.0, "Plan Width": 8, "Actual Rows": 1572376, "Actual Loops": 1, "Inner Unique": false, "Plans": [{"Node Type": "Index Scan", "Parent Relationship": "Outer", "Parallel Aware": false, "Async Capable": false, "Scan Direction": "Forward", "Index Name": "idx_comments_userid", "Relation Name": "comments", "Alias": "c", "Startup Cost": 0.29, "Total Cost": 8694.72, "Plan Rows": 84342, "Plan Width": 4, "Actual Rows": 84255, "Actual Loops": 1, "Filter": "((creationdate >= '2011-09-14 00:39:38'::timestamp without time zone) AND (creationdate <= '2013-09-11 13:26:25'::timestamp without time zone))", "Rows Removed by Filter": 90050}, {"Node Type": "Memoize", "Parent Relationship": "Inner", "Parallel Aware": false, "Async Capable": false, "Startup Cost": 0.43, "Total Cost": 0.75, "Plan Rows": 2, "Plan Width": 4, "Actual Rows": 19, "Actual Loops": 84255, "Cache Key": "c.userid", "Cache Mode": "logical", "Cache Hits": 77212, "Cache Misses": 7043, "Cache Evictions": 0, "Cache Overflows": 0, "Peak Memory Usage": 687, "Plans": [{"Node Type": "Index Scan", "Parent Relationship": "Outer", "Parallel Aware": false, "Async Capable": false, "Scan Direction": "Forward", "Index Name": "idx_votes_userid", "Relation Name": "votes", "Alias": "v", "Startup Cost": 0.42, "Total Cost": 0.74, "Plan Rows": 2, "Plan Width": 4, "Actual Rows": 1, "Actual Loops": 7043, "Index Cond": "(userid = c.userid)", "Rows Removed by Index Recheck": 0, "Filter": "((creationdate >= '2013-03-31 22:01:49'::timestamp without time zone) AND (creationdate <= '2014-02-12 20:04:32'::timestamp without time zone))", "Rows Removed by Filter": 2}]}]}]}]}]}, "Planning Time": 1.842, "Triggers": [], "Execution Time": 626.629}, {"Plan": {"Node Type": "Aggregate", "Strategy": "Plain", "Partial Mode": "Simple", "Parallel Aware": false, "Async Capable": false, "Startup Cost": 9562.86, "Total Cost": 9562.87, "Plan Rows": 1, "Plan Width": 8, "Actual Rows": 1, "Actual Loops": 1, "Plans": [{"Node Type": "Merge Join", "Parent Relationship": "Outer", "Parallel Aware": false, "Async Capable": false, "Join Type": "Inner", "Startup Cost": 6963.92, "Total Cost": 8569.39, "Plan Rows": 1043.0, "Plan Width": 0, "Actual Rows": 1479994, "Actual Loops": 1, "Inner Unique": false, "Merge Cond": "(v.userid = u.id)", "Plans": [{"Node Type": "Index Scan", "Parent Relationship": "Outer", "Parallel Aware": false, "Async Capable": false, "Scan Direction": "Forward", "Index Name": "idx_votes_userid", "Relation Name": "votes", "Alias": "v", "Startup Cost": 0.42, "Total Cost": 13242.63, "Plan Rows": 86566, "Plan Width": 4, "Actual Rows": 9683, "Actual Loops": 1, "Filter": "((creationdate >= '2013-03-31 22:01:49'::timestamp without time zone) AND (creationdate <= '2014-02-12 20:04:32'::timestamp without time zone))", "Rows Removed by Filter": 23930}, {"Node Type": "Sort", "Parent Relationship": "Inner", "Parallel Aware": false, "Async Capable": false, "Startup Cost": 6963.5, "Total Cost": 7026.13, "Plan Rows": 161.0, "Plan Width": 8, "Actual Rows": 1506683, "Actual Loops": 1, "Sort Key": ["c.userid"], "Sort Method": "quicksort", "Sort Space Used": 5187, "Sort Space Type": "Memory", "Plans": [{"Node Type": "Hash Join", "Parent Relationship": "Outer", "Parallel Aware": false, "Async Capable": false, "Join Type": "Inner", "Startup Cost": 953.29, "Total Cost": 5133.28, "Plan Rows": 161.0, "Plan Width": 8, "Actual Rows": 67673, "Actual Loops": 1, "Inner Unique": true, "Hash Cond": "(c.userid = u.id)", "Plans": [{"Node Type": "Seq Scan", "Parent Relationship": "Outer", "Parallel Aware": false, "Async Capable": false, "Relation Name": "comments", "Alias": "c", "Startup Cost": 0.0, "Total Cost": 3958.57, "Plan Rows": 84342, "Plan Width": 4, "Actual Rows": 84255, "Actual Loops": 1, "Filter": "((creationdate >= '2011-09-14 00:39:38'::timestamp without time zone) AND (creationdate <= '2013-09-11 13:26:25'::timestamp without time zone))", "Rows Removed by Filter": 90050}, {"Node Type": "Hash", "Parent Relationship": "Inner", "Parallel Aware": false, "Async Capable": false, "Startup Cost": 801.06, "Total Cost": 801.06, "Plan Rows": 12178, "Plan Width": 4, "Actual Rows": 12176, "Actual Loops": 1, "Hash Buckets": 16384, "Original Hash Buckets": 16384, "Hash Batches": 1, "Original Hash Batches": 1, "Peak Memory Usage": 557, "Plans": [{"Node Type": "Seq Scan", "Parent Relationship": "Outer", "Parallel Aware": false, "Async Capable": false, "Relation Name": "users", "Alias": "u", "Startup Cost": 0.0, "Total Cost": 801.06, "Plan Rows": 12178, "Plan Width": 4, "Actual Rows": 12176, "Actual Loops": 1, "Filter": "(creationdate <= '2012-11-02 15:27:14'::timestamp without time zone)", "Rows Removed by Filter": 28149}]}]}]}]}]}, "Planning Time": 1.909, "Triggers": [], "Execution Time": 229.818}, {"Plan": {"Node Type": "Aggregate", "Strategy": "Plain", "Partial Mode": "Finalize", "Parallel Aware": false, "Async Capable": false, "Startup Cost": 7397.21, "Total Cost": 7397.22, "Plan Rows": 1, "Plan Width": 8, "Actual Rows": 1, "Actual Loops": 1, "Plans": [{"Node Type": "Gather", "Parent Relationship": "Outer", "Parallel Aware": false, "Async Capable": false, "Startup Cost": 7397.09, "Total Cost": 7397.2, "Plan Rows": 1, "Plan Width": 8, "Actual Rows": 2, "Actual Loops": 1, "Workers Planned": 1, "Workers Launched": 1, "Single Copy": false, "Plans": [{"Node Type": "Aggregate", "Strategy": "Plain", "Partial Mode": "Partial", "Parent Relationship": "Outer", "Parallel Aware": false, "Async Capable": false, "Startup Cost": 6397.09, "Total Cost": 6397.1, "Plan Rows": 1, "Plan Width": 8, "Actual Rows": 1, "Actual Loops": 2, "Workers": [], "Plans": [{"Node Type": "Hash Join", "Parent Relationship": "Outer", "Parallel Aware": true, "Async Capable": false, "Join Type": "Inner", "Startup Cost": 2725.0, "Total Cost": 5812.7, "Plan Rows": 1043.0, "Plan Width": 0, "Actual Rows": 739997, "Actual Loops": 2, "Inner Unique": false, "Hash Cond": "(c.userid = u.id)", "Workers": [], "Plans": [{"Node Type": "Seq Scan", "Parent Relationship": "Outer", "Parallel Aware": true, "Async Capable": false, "Relation Name": "comments", "Alias": "c", "Startup Cost": 0.0, "Total Cost": 2881.99, "Plan Rows": 49613, "Plan Width": 4, "Actual Rows": 42128, "Actual Loops": 2, "Filter": "((creationdate >= '2011-09-14 00:39:38'::timestamp without time zone) AND (creationdate <= '2013-09-11 13:26:25'::timestamp without time zone))", "Rows Removed by Filter": 45025, "Workers": []}, {"Node Type": "Hash", "Parent Relationship": "Inner", "Parallel Aware": true, "Async Capable": false, "Startup Cost": 2704.68, "Total Cost": 2704.68, "Plan Rows": 643.0, "Plan Width": 8, "Actual Rows": 2330, "Actual Loops": 2, "Hash Buckets": 4096, "Original Hash Buckets": 4096, "Hash Batches": 1, "Original Hash Batches": 1, "Peak Memory Usage": 256, "Workers": [], "Plans": [{"Node Type": "Merge Join", "Parent Relationship": "Outer", "Parallel Aware": false, "Async Capable": false, "Join Type": "Inner", "Startup Cost": 0.71, "Total Cost": 2704.68, "Plan Rows": 643.0, "Plan Width": 8, "Actual Rows": 2330, "Actual Loops": 2, "Inner Unique": true, "Merge Cond": "(v.userid = u.id)", "Workers": [], "Plans": [{"Node Type": "Index Scan", "Parent Relationship": "Outer", "Parallel Aware": true, "Async Capable": false, "Scan Direction": "Forward", "Index Name": "idx_votes_userid", "Relation Name": "votes", "Alias": "v", "Startup Cost": 0.42, "Total Cost": 11216.36, "Plan Rows": 50921, "Plan Width": 4, "Actual Rows": 4842, "Actual Loops": 2, "Filter": "((creationdate >= '2013-03-31 22:01:49'::timestamp without time zone) AND (creationdate <= '2014-02-12 20:04:32'::timestamp without time zone))", "Rows Removed by Filter": 91042, "Workers": []}, {"Node Type": "Index Scan", "Parent Relationship": "Inner", "Parallel Aware": false, "Async Capable": false, "Scan Direction": "Forward", "Index Name": "users_pkey", "Relation Name": "users", "Alias": "u", "Startup Cost": 0.29, "Total Cost": 1457.98, "Plan Rows": 12178, "Plan Width": 4, "Actual Rows": 12176, "Actual Loops": 2, "Filter": "(creationdate <= '2012-11-02 15:27:14'::timestamp without time zone)", "Rows Removed by Filter": 23778, "Workers": []}]}]}]}]}]}]}, "Planning Time": 3.305, "Triggers": [], "Execution Time": 154.123}, {"Plan": {"Node Type": "Aggregate", "Strategy": "Plain", "Partial Mode": "Finalize", "Parallel Aware": false, "Async Capable": false, "Startup Cost": 5481.36, "Total Cost": 5481.37, "Plan Rows": 1, "Plan Width": 8, "Actual Rows": 1, "Actual Loops": 1, "Plans": [{"Node Type": "Gather", "Parent Relationship": "Outer", "Parallel Aware": false, "Async Capable": false, "Startup Cost": 5481.24, "Total Cost": 5481.35, "Plan Rows": 1, "Plan Width": 8, "Actual Rows": 2, "Actual Loops": 1, "Workers Planned": 1, "Workers Launched": 1, "Single Copy": false, "Plans": [{"Node Type": "Aggregate", "Strategy": "Plain", "Partial Mode": "Partial", "Parent Relationship": "Outer", "Parallel Aware": false, "Async Capable": false, "Startup Cost": 4481.24, "Total Cost": 4481.25, "Plan Rows": 1, "Plan Width": 8, "Actual Rows": 1, "Actual Loops": 2, "Workers": [], "Plans": [{"Node Type": "Nested Loop", "Parent Relationship": "Outer", "Parallel Aware": false, "Async Capable": false, "Join Type": "Inner", "Startup Cost": 1.01, "Total Cost": 3896.85, "Plan Rows": 1043.0, "Plan Width": 0, "Actual Rows": 739997, "Actual Loops": 2, "Inner Unique": false, "Join Filter": "(c.userid = u.id)", "Rows Removed by Join Filter": 0, "Workers": [], "Plans": [{"Node Type": "Merge Join", "Parent Relationship": "Outer", "Parallel Aware": false, "Async Capable": false, "Join Type": "Inner", "Startup Cost": 0.71, "Total Cost": 2704.68, "Plan Rows": 643.0, "Plan Width": 8, "Actual Rows": 2330, "Actual Loops": 2, "Inner Unique": true, "Merge Cond": "(v.userid = u.id)", "Workers": [], "Plans": [{"Node Type": "Index Scan", "Parent Relationship": "Outer", "Parallel Aware": true, "Async Capable": false, "Scan Direction": "Forward", "Index Name": "idx_votes_userid", "Relation Name": "votes", "Alias": "v", "Startup Cost": 0.42, "Total Cost": 11216.36, "Plan Rows": 50921, "Plan Width": 4, "Actual Rows": 4842, "Actual Loops": 2, "Filter": "((creationdate >= '2013-03-31 22:01:49'::timestamp without time zone) AND (creationdate <= '2014-02-12 20:04:32'::timestamp without time zone))", "Rows Removed by Filter": 91042, "Workers": []}, {"Node Type": "Index Scan", "Parent Relationship": "Inner", "Parallel Aware": false, "Async Capable": false, "Scan Direction": "Forward", "Index Name": "users_pkey", "Relation Name": "users", "Alias": "u", "Startup Cost": 0.29, "Total Cost": 1457.98, "Plan Rows": 12178, "Plan Width": 4, "Actual Rows": 6414, "Actual Loops": 2, "Filter": "(creationdate <= '2012-11-02 15:27:14'::timestamp without time zone)", "Rows Removed by Filter": 14074, "Workers": []}]}, {"Node Type": "Index Scan", "Parent Relationship": "Inner", "Parallel Aware": false, "Async Capable": false, "Scan Direction": "Forward", "Index Name": "idx_comments_userid", "Relation Name": "comments", "Alias": "c", "Startup Cost": 0.29, "Total Cost": 0.66, "Plan Rows": 6, "Plan Width": 4, "Actual Rows": 318, "Actual Loops": 4660, "Index Cond": "(userid = v.userid)", "Rows Removed by Index Recheck": 0, "Filter": "((creationdate >= '2011-09-14 00:39:38'::timestamp without time zone) AND (creationdate <= '2013-09-11 13:26:25'::timestamp without time zone))", "Rows Removed by Filter": 494, "Workers": []}]}]}]}]}, "Planning Time": 1.402, "Triggers": [], "Execution Time": 497.903}, {"Plan": {"Node Type": "Aggregate", "Strategy": "Plain", "Partial Mode": "Finalize", "Parallel Aware": false, "Async Capable": false, "Startup Cost": 11909.63, "Total Cost": 11909.64, "Plan Rows": 1, "Plan Width": 8, "Actual Rows": 1, "Actual Loops": 1, "Plans": [{"Node Type": "Gather", "Parent Relationship": "Outer", "Parallel Aware": false, "Async Capable": false, "Startup Cost": 11909.52, "Total Cost": 11909.63, "Plan Rows": 1, "Plan Width": 8, "Actual Rows": 2, "Actual Loops": 1, "Workers Planned": 1, "Workers Launched": 1, "Single Copy": false, "Plans": [{"Node Type": "Aggregate", "Strategy": "Plain", "Partial Mode": "Partial", "Parent Relationship": "Outer", "Parallel Aware": false, "Async Capable": false, "Startup Cost": 10909.52, "Total Cost": 10909.53, "Plan Rows": 1, "Plan Width": 8, "Actual Rows": 1, "Actual Loops": 2, "Workers": [], "Plans": [{"Node Type": "Merge Join", "Parent Relationship": "Outer", "Parallel Aware": false, "Async Capable": false, "Join Type": "Inner", "Startup Cost": 8379.3, "Total Cost": 10325.13, "Plan Rows": 1043.0, "Plan Width": 0, "Actual Rows": 739997, "Actual Loops": 2, "Inner Unique": false, "Merge Cond": "(u.id = v.userid)", "Workers": [], "Plans": [{"Node Type": "Merge Join", "Parent Relationship": "Outer", "Parallel Aware": false, "Async Capable": false, "Join Type": "Inner", "Startup Cost": 8378.88, "Total Cost": 8831.07, "Plan Rows": 161.0, "Plan Width": 8, "Actual Rows": 33836, "Actual Loops": 2, "Inner Unique": true, "Merge Cond": "(c.userid = u.id)", "Workers": [], "Plans": [{"Node Type": "Sort", "Parent Relationship": "Outer", "Parallel Aware": false, "Async Capable": false, "Startup Cost": 6751.41, "Total Cost": 6875.44, "Plan Rows": 49613, "Plan Width": 4, "Actual Rows": 41334, "Actual Loops": 2, "Sort Key": ["c.userid"], "Sort Method": "quicksort", "Sort Space Used": 3073, "Sort Space Type": "Memory", "Workers": [{"Worker Number": 0, "Sort Method": "quicksort", "Sort Space Used": 193, "Sort Space Type": "Memory"}], "Plans": [{"Node Type": "Seq Scan", "Parent Relationship": "Outer", "Parallel Aware": true, "Async Capable": false, "Relation Name": "comments", "Alias": "c", "Startup Cost": 0.0, "Total Cost": 2881.99, "Plan Rows": 49613, "Plan Width": 4, "Actual Rows": 42128, "Actual Loops": 2, "Filter": "((creationdate >= '2011-09-14 00:39:38'::timestamp without time zone) AND (creationdate <= '2013-09-11 13:26:25'::timestamp without time zone))", "Rows Removed by Filter": 45025, "Workers": []}]}, {"Node Type": "Sort", "Parent Relationship": "Inner", "Parallel Aware": false, "Async Capable": false, "Startup Cost": 1627.46, "Total Cost": 1657.91, "Plan Rows": 12178, "Plan Width": 4, "Actual Rows": 12176, "Actual Loops": 2, "Sort Key": ["u.id"], "Sort Method": "quicksort", "Sort Space Used": 385, "Sort Space Type": "Memory", "Workers": [{"Worker Number": 0, "Sort Method": "quicksort", "Sort Space Used": 385, "Sort Space Type": "Memory"}], "Plans": [{"Node Type": "Seq Scan", "Parent Relationship": "Outer", "Parallel Aware": false, "Async Capable": false, "Relation Name": "users", "Alias": "u", "Startup Cost": 0.0, "Total Cost": 801.06, "Plan Rows": 12178, "Plan Width": 4, "Actual Rows": 12176, "Actual Loops": 2, "Filter": "(creationdate <= '2012-11-02 15:27:14'::timestamp without time zone)", "Rows Removed by Filter": 28149, "Workers": []}]}]}, {"Node Type": "Index Scan", "Parent Relationship": "Inner", "Parallel Aware": false, "Async Capable": false, "Scan Direction": "Forward", "Index Name": "idx_votes_userid", "Relation Name": "votes", "Alias": "v", "Startup Cost": 0.42, "Total Cost": 13242.63, "Plan Rows": 86566, "Plan Width": 4, "Actual Rows": 744181, "Actual Loops": 2, "Filter": "((creationdate >= '2013-03-31 22:01:49'::timestamp without time zone) AND (creationdate <= '2014-02-12 20:04:32'::timestamp without time zone))", "Rows Removed by Filter": 1632863, "Workers": []}]}]}]}]}, "Planning Time": 1.67, "Triggers": [], "Execution Time": 983.991}, {"Plan": {"Node Type": "Aggregate", "Strategy": "Plain", "Partial Mode": "Finalize", "Parallel Aware": false, "Async Capable": false, "Startup Cost": 18999.84, "Total Cost": 18999.85, "Plan Rows": 1, "Plan Width": 8, "Actual Rows": 1, "Actual Loops": 1, "Plans": [{"Node Type": "Gather", "Parent Relationship": "Outer", "Parallel Aware": false, "Async Capable": false, "Startup Cost": 18999.73, "Total Cost": 18999.84, "Plan Rows": 1, "Plan Width": 8, "Actual Rows": 2, "Actual Loops": 1, "Workers Planned": 1, "Workers Launched": 1, "Single Copy": false, "Plans": [{"Node Type": "Aggregate", "Strategy": "Plain", "Partial Mode": "Partial", "Parent Relationship": "Outer", "Parallel Aware": false, "Async Capable": false, "Startup Cost": 17999.73, "Total Cost": 17999.74, "Plan Rows": 1, "Plan Width": 8, "Actual Rows": 1, "Actual Loops": 2, "Workers": [], "Plans": [{"Node Type": "Hash Join", "Parent Relationship": "Outer", "Parallel Aware": false, "Async Capable": false, "Join Type": "Inner", "Startup Cost": 953.72, "Total Cost": 17415.34, "Plan Rows": 1043.0, "Plan Width": 0, "Actual Rows": 739997, "Actual Loops": 2, "Inner Unique": true, "Hash Cond": "(c.userid = u.id)", "Workers": [], "Plans": [{"Node Type": "Nested Loop", "Parent Relationship": "Outer", "Parallel Aware": false, "Async Capable": false, "Join Type": "Inner", "Startup Cost": 0.43, "Total Cost": 14395.82, "Plan Rows": 8606.0, "Plan Width": 8, "Actual Rows": 786188, "Actual Loops": 2, "Inner Unique": false, "Workers": [], "Plans": [{"Node Type": "Seq Scan", "Parent Relationship": "Outer", "Parallel Aware": true, "Async Capable": false, "Relation Name": "comments", "Alias": "c", "Startup Cost": 0.0, "Total Cost": 2881.99, "Plan Rows": 49613, "Plan Width": 4, "Actual Rows": 42128, "Actual Loops": 2, "Filter": "((creationdate >= '2011-09-14 00:39:38'::timestamp without time zone) AND (creationdate <= '2013-09-11 13:26:25'::timestamp without time zone))", "Rows Removed by Filter": 45025, "Workers": []}, {"Node Type": "Memoize", "Parent Relationship": "Inner", "Parallel Aware": false, "Async Capable": false, "Startup Cost": 0.43, "Total Cost": 0.75, "Plan Rows": 2, "Plan Width": 4, "Actual Rows": 19, "Actual Loops": 84255, "Cache Key": "c.userid", "Cache Mode": "logical", "Cache Hits": 40189, "Cache Misses": 5037, "Cache Evictions": 0, "Cache Overflows": 0, "Peak Memory Usage": 534, "Workers": [{"Worker Number": 0, "Cache Hits": 34276, "Cache Misses": 4753, "Cache Evictions": 0, "Cache Overflows": 0, "Peak Memory Usage": 517}], "Plans": [{"Node Type": "Index Scan", "Parent Relationship": "Outer", "Parallel Aware": false, "Async Capable": false, "Scan Direction": "Forward", "Index Name": "idx_votes_userid", "Relation Name": "votes", "Alias": "v", "Startup Cost": 0.42, "Total Cost": 0.74, "Plan Rows": 2, "Plan Width": 4, "Actual Rows": 1, "Actual Loops": 9790, "Index Cond": "(userid = c.userid)", "Rows Removed by Index Recheck": 0, "Filter": "((creationdate >= '2013-03-31 22:01:49'::timestamp without time zone) AND (creationdate <= '2014-02-12 20:04:32'::timestamp without time zone))", "Rows Removed by Filter": 3, "Workers": []}]}]}, {"Node Type": "Hash", "Parent Relationship": "Inner", "Parallel Aware": false, "Async Capable": false, "Startup Cost": 801.06, "Total Cost": 801.06, "Plan Rows": 12178, "Plan Width": 4, "Actual Rows": 12176, "Actual Loops": 2, "Hash Buckets": 16384, "Original Hash Buckets": 16384, "Hash Batches": 1, "Original Hash Batches": 1, "Peak Memory Usage": 557, "Workers": [], "Plans": [{"Node Type": "Seq Scan", "Parent Relationship": "Outer", "Parallel Aware": false, "Async Capable": false, "Relation Name": "users", "Alias": "u", "Startup Cost": 0.0, "Total Cost": 801.06, "Plan Rows": 12178, "Plan Width": 4, "Actual Rows": 12176, "Actual Loops": 2, "Filter": "(creationdate <= '2012-11-02 15:27:14'::timestamp without time zone)", "Rows Removed by Filter": 28149, "Workers": []}]}]}]}]}]}, "Planning Time": 2.272, "Triggers": [], "Execution Time": 176.144}]