[{"Plan": {"Node Type": "Aggregate", "Strategy": "Plain", "Partial Mode": "Simple", "Parallel Aware": false, "Async Capable": false, "Startup Cost": 925.31, "Total Cost": 925.32, "Plan Rows": 1, "Plan Width": 8, "Actual Rows": 1, "Actual Loops": 1, "Plans": [{"Node Type": "Nested Loop", "Parent Relationship": "Outer", "Parallel Aware": false, "Async Capable": false, "Join Type": "Inner", "Startup Cost": 1.01, "Total Cost": 925.31, "Plan Rows": 7.0, "Plan Width": 0, "Actual Rows": 1824, "Actual Loops": 1, "Inner Unique": false, "Join Filter": "(v.userid = u.id)", "Rows Removed by Join Filter": 0, "Plans": [{"Node Type": "Nested Loop", "Parent Relationship": "Outer", "Parallel Aware": false, "Async Capable": false, "Join Type": "Inner", "Startup Cost": 0.59, "Total Cost": 924.53, "Plan Rows": 10.0, "Plan Width": 12, "Actual Rows": 2080, "Actual Loops": 1, "Inner Unique": false, "Join Filter": "(c.userid = u.id)", "Rows Removed by Join Filter": 0, "Plans": [{"Node Type": "Nested Loop", "Parent Relationship": "Outer", "Parallel Aware": false, "Async Capable": false, "Join Type": "Inner", "Startup Cost": 0.29, "Total Cost": 919.38, "Plan Rows": 148.0, "Plan Width": 8, "Actual Rows": 994, "Actual Loops": 1, "Inner Unique": false, "Plans": [{"Node Type": "Seq Scan", "Parent Relationship": "Outer", "Parallel Aware": false, "Async Capable": false, "Relation Name": "users", "Alias": "u", "Startup Cost": 0.0, "Total Cost": 901.88, "Plan Rows": 4, "Plan Width": 4, "Actual Rows": 3, "Actual Loops": 1, "Filter": "((upvotes >= 8316) AND (upvotes <= 11397))", "Rows Removed by Filter": 40322}, {"Node Type": "Index Only Scan", "Parent Relationship": "Inner", "Parallel Aware": false, "Async Capable": false, "Scan Direction": "Forward", "Index Name": "idx_badges_userid", "Relation Name": "badges", "Alias": "b", "Startup Cost": 0.29, "Total Cost": 4.35, "Plan Rows": 3, "Plan Width": 4, "Actual Rows": 331, "Actual Loops": 3, "Index Cond": "(userid = u.id)", "Rows Removed by Index Recheck": 0, "Heap Fetches": 0}]}, {"Node Type": "Index Scan", "Parent Relationship": "Inner", "Parallel Aware": false, "Async Capable": false, "Scan Direction": "Forward", "Index Name": "idx_comments_userid", "Relation Name": "comments", "Alias": "c", "Startup Cost": 0.29, "Total Cost": 0.63, "Plan Rows": 1, "Plan Width": 4, "Actual Rows": 2, "Actual Loops": 994, "Index Cond": "(userid = b.userid)", "Rows Removed by Index Recheck": 0, "Filter": "(score = 11)", "Rows Removed by Filter": 7747}]}, {"Node Type": "Index Scan", "Parent Relationship": "Inner", "Parallel Aware": false, "Async Capable": false, "Scan Direction": "Forward", "Index Name": "idx_votes_userid", "Relation Name": "votes", "Alias": "v", "Startup Cost": 0.42, "Total Cost": 0.77, "Plan Rows": 1, "Plan Width": 4, "Actual Rows": 1, "Actual Loops": 2080, "Index Cond": "(userid = b.userid)", "Rows Removed by Index Recheck": 0, "Filter": "((bountyamount >= 109) AND (bountyamount <= 161) AND (creationdate >= '2013-11-12 16:55:52'::timestamp without time zone))", "Rows Removed by Filter": 120}]}]}, "Planning Time": 2.397, "Triggers": [], "Execution Time": 1020.623}, {"Plan": {"Node Type": "Aggregate", "Strategy": "Plain", "Partial Mode": "Simple", "Parallel Aware": false, "Async Capable": false, "Startup Cost": 1050.3, "Total Cost": 1050.31, "Plan Rows": 1, "Plan Width": 8, "Actual Rows": 1, "Actual Loops": 1, "Plans": [{"Node Type": "Nested Loop", "Parent Relationship": "Outer", "Parallel Aware": false, "Async Capable": false, "Join Type": "Inner", "Startup Cost": 1.01, "Total Cost": 1050.3, "Plan Rows": 7.0, "Plan Width": 0, "Actual Rows": 1824, "Actual Loops": 1, "Inner Unique": false, "Join Filter": "(b.userid = u.id)", "Rows Removed by Join Filter": 0, "Plans": [{"Node Type": "Nested Loop", "Parent Relationship": "Outer", "Parallel Aware": false, "Async Capable": false, "Join Type": "Inner", "Startup Cost": 0.72, "Total Cost": 1046.19, "Plan Rows": 1.0, "Plan Width": 12, "Actual Rows": 4, "Actual Loops": 1, "Inner Unique": false, "Join Filter": "(c.userid = u.id)", "Rows Removed by Join Filter": 0, "Plans": [{"Node Type": "Nested Loop", "Parent Relationship": "Outer", "Parallel Aware": false, "Async Capable": false, "Join Type": "Inner", "Startup Cost": 0.42, "Total Cost": 1002.55, "Plan Rows": 3.0, "Plan Width": 8, "Actual Rows": 1, "Actual Loops": 1, "Inner Unique": false, "Plans": [{"Node Type": "Seq Scan", "Parent Relationship": "Outer", "Parallel Aware": false, "Async Capable": false, "Relation Name": "users", "Alias": "u", "Startup Cost": 0.0, "Total Cost": 901.88, "Plan Rows": 4, "Plan Width": 4, "Actual Rows": 3, "Actual Loops": 1, "Filter": "((upvotes >= 8316) AND (upvotes <= 11397))", "Rows Removed by Filter": 40322}, {"Node Type": "Index Scan", "Parent Relationship": "Inner", "Parallel Aware": false, "Async Capable": false, "Scan Direction": "Forward", "Index Name": "idx_votes_userid", "Relation Name": "votes", "Alias": "v", "Startup Cost": 0.42, "Total Cost": 25.16, "Plan Rows": 1, "Plan Width": 4, "Actual Rows": 0, "Actual Loops": 3, "Index Cond": "(userid = u.id)", "Rows Removed by Index Recheck": 0, "Filter": "((bountyamount >= 109) AND (bountyamount <= 161) AND (creationdate >= '2013-11-12 16:55:52'::timestamp without time zone))", "Rows Removed by Filter": 290}]}, {"Node Type": "Index Scan", "Parent Relationship": "Inner", "Parallel Aware": false, "Async Capable": false, "Scan Direction": "Forward", "Index Name": "idx_comments_userid", "Relation Name": "comments", "Alias": "c", "Startup Cost": 0.29, "Total Cost": 43.63, "Plan Rows": 1, "Plan Width": 4, "Actual Rows": 4, "Actual Loops": 1, "Index Cond": "(userid = v.userid)", "Rows Removed by Index Recheck": 0, "Filter": "(score = 11)", "Rows Removed by Filter": 13216}]}, {"Node Type": "Index Only Scan", "Parent Relationship": "Inner", "Parallel Aware": false, "Async Capable": false, "Scan Direction": "Forward", "Index Name": "idx_badges_userid", "Relation Name": "badges", "Alias": "b", "Startup Cost": 0.29, "Total Cost": 4.07, "Plan Rows": 3, "Plan Width": 4, "Actual Rows": 456, "Actual Loops": 4, "Index Cond": "(userid = c.userid)", "Rows Removed by Index Recheck": 0, "Heap Fetches": 0}]}]}, "Planning Time": 1.942, "Triggers": [], "Execution Time": 5.408}, {"Plan": {"Node Type": "Aggregate", "Strategy": "Plain", "Partial Mode": "Simple", "Parallel Aware": false, "Async Capable": false, "Startup Cost": 1440.38, "Total Cost": 1440.39, "Plan Rows": 1, "Plan Width": 8, "Actual Rows": 1, "Actual Loops": 1, "Plans": [{"Node Type": "Merge Join", "Parent Relationship": "Outer", "Parallel Aware": false, "Async Capable": false, "Join Type": "Inner", "Startup Cost": 1085.41, "Total Cost": 1440.38, "Plan Rows": 7.0, "Plan Width": 0, "Actual Rows": 1824, "Actual Loops": 1, "Inner Unique": false, "Merge Cond": "(u.id = v.userid)", "Plans": [{"Node Type": "Sort", "Parent Relationship": "Outer", "Parallel Aware": false, "Async Capable": false, "Startup Cost": 1084.7, "Total Cost": 1084.7, "Plan Rows": 1.0, "Plan Width": 8, "Actual Rows": 5, "Actual Loops": 1, "Sort Key": ["c.userid"], "Sort Method": "quicksort", "Sort Space Used": 25, "Sort Space Type": "Memory", "Plans": [{"Node Type": "Nested Loop", "Parent Relationship": "Outer", "Parallel Aware": false, "Async Capable": false, "Join Type": "Inner", "Startup Cost": 0.29, "Total Cost": 1084.69, "Plan Rows": 1.0, "Plan Width": 8, "Actual Rows": 5, "Actual Loops": 1, "Inner Unique": false, "Plans": [{"Node Type": "Seq Scan", "Parent Relationship": "Outer", "Parallel Aware": false, "Async Capable": false, "Relation Name": "users", "Alias": "u", "Startup Cost": 0.0, "Total Cost": 901.88, "Plan Rows": 4, "Plan Width": 4, "Actual Rows": 3, "Actual Loops": 1, "Filter": "((upvotes >= 8316) AND (upvotes <= 11397))", "Rows Removed by Filter": 40322}, {"Node Type": "Index Scan", "Parent Relationship": "Inner", "Parallel Aware": false, "Async Capable": false, "Scan Direction": "Forward", "Index Name": "idx_comments_userid", "Relation Name": "comments", "Alias": "c", "Startup Cost": 0.29, "Total Cost": 45.69, "Plan Rows": 1, "Plan Width": 4, "Actual Rows": 2, "Actual Loops": 3, "Index Cond": "(userid = u.id)", "Rows Removed by Index Recheck": 0, "Filter": "(score = 11)", "Rows Removed by Filter": 6503}]}]}, {"Node Type": "Materialize", "Parent Relationship": "Inner", "Parallel Aware": false, "Async Capable": false, "Startup Cost": 0.71, "Total Cost": 3106.41, "Plan Rows": 14990.0, "Plan Width": 8, "Actual Rows": 1953, "Actual Loops": 1, "Plans": [{"Node Type": "Merge Join", "Parent Relationship": "Outer", "Parallel Aware": false, "Async Capable": false, "Join Type": "Inner", "Startup Cost": 0.71, "Total Cost": 3106.32, "Plan Rows": 14990.0, "Plan Width": 8, "Actual Rows": 585, "Actual Loops": 1, "Inner Unique": false, "Merge Cond": "(v.userid = b.userid)", "Plans": [{"Node Type": "Index Scan", "Parent Relationship": "Outer", "Parallel Aware": false, "Async Capable": false, "Scan Direction": "Forward", "Index Name": "idx_votes_userid", "Relation Name": "votes", "Alias": "v", "Startup Cost": 0.42, "Total Cost": 14062.79, "Plan Rows": 12, "Plan Width": 4, "Actual Rows": 5, "Actual Loops": 1, "Filter": "((bountyamount >= 109) AND (bountyamount <= 161) AND (creationdate >= '2013-11-12 16:55:52'::timestamp without time zone))", "Rows Removed by Filter": 16384}, {"Node Type": "Index Only Scan", "Parent Relationship": "Inner", "Parallel Aware": false, "Async Capable": false, "Scan Direction": "Forward", "Index Name": "idx_badges_userid", "Relation Name": "badges", "Alias": "b", "Startup Cost": 0.29, "Total Cost": 1734.06, "Plan Rows": 79851, "Plan Width": 4, "Actual Rows": 28977, "Actual Loops": 1, "Heap Fetches": 0}]}]}]}]}, "Planning Time": 1.989, "Triggers": [], "Execution Time": 27.341}, {"Plan": {"Node Type": "Aggregate", "Strategy": "Plain", "Partial Mode": "Simple", "Parallel Aware": false, "Async Capable": false, "Startup Cost": 2096.85, "Total Cost": 2096.86, "Plan Rows": 1, "Plan Width": 8, "Actual Rows": 1, "Actual Loops": 1, "Plans": [{"Node Type": "Merge Join", "Parent Relationship": "Outer", "Parallel Aware": false, "Async Capable": false, "Join Type": "Inner", "Startup Cost": 924.96, "Total Cost": 2096.84, "Plan Rows": 7.0, "Plan Width": 0, "Actual Rows": 1824, "Actual Loops": 1, "Inner Unique": false, "Merge Cond": "(v.userid = u.id)", "Plans": [{"Node Type": "Index Scan", "Parent Relationship": "Outer", "Parallel Aware": false, "Async Capable": false, "Scan Direction": "Forward", "Index Name": "idx_votes_userid", "Relation Name": "votes", "Alias": "v", "Startup Cost": 0.42, "Total Cost": 14062.79, "Plan Rows": 12, "Plan Width": 4, "Actual Rows": 5, "Actual Loops": 1, "Filter": "((bountyamount >= 109) AND (bountyamount <= 161) AND (creationdate >= '2013-11-12 16:55:52'::timestamp without time zone))", "Rows Removed by Filter": 16384}, {"Node Type": "Sort", "Parent Relationship": "Inner", "Parallel Aware": false, "Async Capable": false, "Startup Cost": 924.54, "Total Cost": 924.54, "Plan Rows": 10.0, "Plan Width": 12, "Actual Rows": 2080, "Actual Loops": 1, "Sort Key": ["c.userid"], "Sort Method": "quicksort", "Sort Space Used": 178, "Sort Space Type": "Memory", "Plans": [{"Node Type": "Nested Loop", "Parent Relationship": "Outer", "Parallel Aware": false, "Async Capable": false, "Join Type": "Inner", "Startup Cost": 0.59, "Total Cost": 924.53, "Plan Rows": 10.0, "Plan Width": 12, "Actual Rows": 2080, "Actual Loops": 1, "Inner Unique": false, "Join Filter": "(c.userid = u.id)", "Rows Removed by Join Filter": 0, "Plans": [{"Node Type": "Nested Loop", "Parent Relationship": "Outer", "Parallel Aware": false, "Async Capable": false, "Join Type": "Inner", "Startup Cost": 0.29, "Total Cost": 919.38, "Plan Rows": 148.0, "Plan Width": 8, "Actual Rows": 994, "Actual Loops": 1, "Inner Unique": false, "Plans": [{"Node Type": "Seq Scan", "Parent Relationship": "Outer", "Parallel Aware": false, "Async Capable": false, "Relation Name": "users", "Alias": "u", "Startup Cost": 0.0, "Total Cost": 901.88, "Plan Rows": 4, "Plan Width": 4, "Actual Rows": 3, "Actual Loops": 1, "Filter": "((upvotes >= 8316) AND (upvotes <= 11397))", "Rows Removed by Filter": 40322}, {"Node Type": "Index Only Scan", "Parent Relationship": "Inner", "Parallel Aware": false, "Async Capable": false, "Scan Direction": "Forward", "Index Name": "idx_badges_userid", "Relation Name": "badges", "Alias": "b", "Startup Cost": 0.29, "Total Cost": 4.35, "Plan Rows": 3, "Plan Width": 4, "Actual Rows": 331, "Actual Loops": 3, "Index Cond": "(userid = u.id)", "Rows Removed by Index Recheck": 0, "Heap Fetches": 0}]}, {"Node Type": "Index Scan", "Parent Relationship": "Inner", "Parallel Aware": false, "Async Capable": false, "Scan Direction": "Forward", "Index Name": "idx_comments_userid", "Relation Name": "comments", "Alias": "c", "Startup Cost": 0.29, "Total Cost": 0.63, "Plan Rows": 1, "Plan Width": 4, "Actual Rows": 2, "Actual Loops": 994, "Index Cond": "(userid = b.userid)", "Rows Removed by Index Recheck": 0, "Filter": "(score = 11)", "Rows Removed by Filter": 7747}]}]}]}]}, "Planning Time": 2.111, "Triggers": [], "Execution Time": 966.609}, {"Plan": {"Node Type": "Aggregate", "Strategy": "Plain", "Partial Mode": "Simple", "Parallel Aware": false, "Async Capable": false, "Startup Cost": 1258.26, "Total Cost": 1258.27, "Plan Rows": 1, "Plan Width": 8, "Actual Rows": 1, "Actual Loops": 1, "Plans": [{"Node Type": "Nested Loop", "Parent Relationship": "Outer", "Parallel Aware": false, "Async Capable": false, "Join Type": "Inner", "Startup Cost": 902.92, "Total Cost": 1258.25, "Plan Rows": 7.0, "Plan Width": 0, "Actual Rows": 1824, "Actual Loops": 1, "Inner Unique": false, "Join Filter": "(c.userid = u.id)", "Rows Removed by Join Filter": 0, "Plans": [{"Node Type": "Merge Join", "Parent Relationship": "Outer", "Parallel Aware": false, "Async Capable": false, "Join Type": "Inner", "Startup Cost": 902.63, "Total Cost": 1257.61, "Plan Rows": 70.0, "Plan Width": 12, "Actual Rows": 456, "Actual Loops": 1, "Inner Unique": true, "Merge Cond": "(v.userid = u.id)", "Plans": [{"Node Type": "Merge Join", "Parent Relationship": "Outer", "Parallel Aware": false, "Async Capable": false, "Join Type": "Inner", "Startup Cost": 0.71, "Total Cost": 3106.44, "Plan Rows": 14990.0, "Plan Width": 8, "Actual Rows": 585, "Actual Loops": 1, "Inner Unique": false, "Merge Cond": "(b.userid = v.userid)", "Plans": [{"Node Type": "Index Only Scan", "Parent Relationship": "Outer", "Parallel Aware": false, "Async Capable": false, "Scan Direction": "Forward", "Index Name": "idx_badges_userid", "Relation Name": "badges", "Alias": "b", "Startup Cost": 0.29, "Total Cost": 1734.06, "Plan Rows": 79851, "Plan Width": 4, "Actual Rows": 28977, "Actual Loops": 1, "Heap Fetches": 0}, {"Node Type": "Materialize", "Parent Relationship": "Inner", "Parallel Aware": false, "Async Capable": false, "Startup Cost": 0.42, "Total Cost": 14062.82, "Plan Rows": 12, "Plan Width": 4, "Actual Rows": 585, "Actual Loops": 1, "Plans": [{"Node Type": "Index Scan", "Parent Relationship": "Outer", "Parallel Aware": false, "Async Capable": false, "Scan Direction": "Forward", "Index Name": "idx_votes_userid", "Relation Name": "votes", "Alias": "v", "Startup Cost": 0.42, "Total Cost": 14062.79, "Plan Rows": 12, "Plan Width": 4, "Actual Rows": 5, "Actual Loops": 1, "Filter": "((bountyamount >= 109) AND (bountyamount <= 161) AND (creationdate >= '2013-11-12 16:55:52'::timestamp without time zone))", "Rows Removed by Filter": 16384}]}]}, {"Node Type": "Sort", "Parent Relationship": "Inner", "Parallel Aware": false, "Async Capable": false, "Startup Cost": 901.91, "Total Cost": 901.92, "Plan Rows": 4, "Plan Width": 4, "Actual Rows": 3, "Actual Loops": 1, "Sort Key": ["u.id"], "Sort Method": "quicksort", "Sort Space Used": 25, "Sort Space Type": "Memory", "Plans": [{"Node Type": "Seq Scan", "Parent Relationship": "Outer", "Parallel Aware": false, "Async Capable": false, "Relation Name": "users", "Alias": "u", "Startup Cost": 0.0, "Total Cost": 901.88, "Plan Rows": 4, "Plan Width": 4, "Actual Rows": 3, "Actual Loops": 1, "Filter": "((upvotes >= 8316) AND (upvotes <= 11397))", "Rows Removed by Filter": 40322}]}]}, {"Node Type": "Index Scan", "Parent Relationship": "Inner", "Parallel Aware": false, "Async Capable": false, "Scan Direction": "Forward", "Index Name": "idx_comments_userid", "Relation Name": "comments", "Alias": "c", "Startup Cost": 0.29, "Total Cost": 0.63, "Plan Rows": 1, "Plan Width": 4, "Actual Rows": 4, "Actual Loops": 456, "Index Cond": "(userid = b.userid)", "Rows Removed by Index Recheck": 0, "Filter": "(score = 11)", "Rows Removed by Filter": 13216}]}]}, "Planning Time": 2.16, "Triggers": [], "Execution Time": 742.432}, {"Plan": {"Node Type": "Aggregate", "Strategy": "Plain", "Partial Mode": "Simple", "Parallel Aware": false, "Async Capable": false, "Startup Cost": 2576.18, "Total Cost": 2576.19, "Plan Rows": 1, "Plan Width": 8, "Actual Rows": 1, "Actual Loops": 1, "Plans": [{"Node Type": "Hash Join", "Parent Relationship": "Outer", "Parallel Aware": false, "Async Capable": false, "Join Type": "Inner", "Startup Cost": 1046.2, "Total Cost": 2576.18, "Plan Rows": 7.0, "Plan Width": 0, "Actual Rows": 1824, "Actual Loops": 1, "Inner Unique": false, "Hash Cond": "(b.userid = u.id)", "Plans": [{"Node Type": "Seq Scan", "Parent Relationship": "Outer", "Parallel Aware": false, "Async Capable": false, "Relation Name": "badges", "Alias": "b", "Startup Cost": 0.0, "Total Cost": 1230.51, "Plan Rows": 79851, "Plan Width": 4, "Actual Rows": 79851, "Actual Loops": 1}, {"Node Type": "Hash", "Parent Relationship": "Inner", "Parallel Aware": false, "Async Capable": false, "Startup Cost": 1046.19, "Total Cost": 1046.19, "Plan Rows": 1.0, "Plan Width": 12, "Actual Rows": 4, "Actual Loops": 1, "Hash Buckets": 1024, "Original Hash Buckets": 1024, "Hash Batches": 1, "Original Hash Batches": 1, "Peak Memory Usage": 9, "Plans": [{"Node Type": "Nested Loop", "Parent Relationship": "Outer", "Parallel Aware": false, "Async Capable": false, "Join Type": "Inner", "Startup Cost": 0.72, "Total Cost": 1046.19, "Plan Rows": 1.0, "Plan Width": 12, "Actual Rows": 4, "Actual Loops": 1, "Inner Unique": false, "Join Filter": "(c.userid = u.id)", "Rows Removed by Join Filter": 0, "Plans": [{"Node Type": "Nested Loop", "Parent Relationship": "Outer", "Parallel Aware": false, "Async Capable": false, "Join Type": "Inner", "Startup Cost": 0.42, "Total Cost": 1002.55, "Plan Rows": 3.0, "Plan Width": 8, "Actual Rows": 1, "Actual Loops": 1, "Inner Unique": false, "Plans": [{"Node Type": "Seq Scan", "Parent Relationship": "Outer", "Parallel Aware": false, "Async Capable": false, "Relation Name": "users", "Alias": "u", "Startup Cost": 0.0, "Total Cost": 901.88, "Plan Rows": 4, "Plan Width": 4, "Actual Rows": 3, "Actual Loops": 1, "Filter": "((upvotes >= 8316) AND (upvotes <= 11397))", "Rows Removed by Filter": 40322}, {"Node Type": "Index Scan", "Parent Relationship": "Inner", "Parallel Aware": false, "Async Capable": false, "Scan Direction": "Forward", "Index Name": "idx_votes_userid", "Relation Name": "votes", "Alias": "v", "Startup Cost": 0.42, "Total Cost": 25.16, "Plan Rows": 1, "Plan Width": 4, "Actual Rows": 0, "Actual Loops": 3, "Index Cond": "(userid = u.id)", "Rows Removed by Index Recheck": 0, "Filter": "((bountyamount >= 109) AND (bountyamount <= 161) AND (creationdate >= '2013-11-12 16:55:52'::timestamp without time zone))", "Rows Removed by Filter": 290}]}, {"Node Type": "Index Scan", "Parent Relationship": "Inner", "Parallel Aware": false, "Async Capable": false, "Scan Direction": "Forward", "Index Name": "idx_comments_userid", "Relation Name": "comments", "Alias": "c", "Startup Cost": 0.29, "Total Cost": 43.63, "Plan Rows": 1, "Plan Width": 4, "Actual Rows": 4, "Actual Loops": 1, "Index Cond": "(userid = v.userid)", "Rows Removed by Index Recheck": 0, "Filter": "(score = 11)", "Rows Removed by Filter": 13216}]}]}]}]}, "Planning Time": 2.098, "Triggers": [], "Execution Time": 15.919}, {"Plan": {"Node Type": "Aggregate", "Strategy": "Plain", "Partial Mode": "Simple", "Parallel Aware": false, "Async Capable": false, "Startup Cost": 4683.08, "Total Cost": 4683.09, "Plan Rows": 1, "Plan Width": 8, "Actual Rows": 1, "Actual Loops": 1, "Plans": [{"Node Type": "Nested Loop", "Parent Relationship": "Outer", "Parallel Aware": false, "Async Capable": false, "Join Type": "Inner", "Startup Cost": 0.71, "Total Cost": 4683.07, "Plan Rows": 7.0, "Plan Width": 0, "Actual Rows": 1824, "Actual Loops": 1, "Inner Unique": false, "Join Filter": "(c.userid = u.id)", "Rows Removed by Join Filter": 1994, "Plans": [{"Node Type": "Nested Loop", "Parent Relationship": "Outer", "Parallel Aware": false, "Async Capable": false, "Join Type": "Inner", "Startup Cost": 0.29, "Total Cost": 3641.69, "Plan Rows": 2109.0, "Plan Width": 8, "Actual Rows": 3818, "Actual Loops": 1, "Inner Unique": false, "Plans": [{"Node Type": "Seq Scan", "Parent Relationship": "Outer", "Parallel Aware": false, "Async Capable": false, "Relation Name": "comments", "Alias": "c", "Startup Cost": 0.0, "Total Cost": 3522.81, "Plan Rows": 29, "Plan Width": 4, "Actual Rows": 28, "Actual Loops": 1, "Filter": "(score = 11)", "Rows Removed by Filter": 174277}, {"Node Type": "Index Only Scan", "Parent Relationship": "Inner", "Parallel Aware": false, "Async Capable": false, "Scan Direction": "Forward", "Index Name": "idx_badges_userid", "Relation Name": "badges", "Alias": "b", "Startup Cost": 0.29, "Total Cost": 4.07, "Plan Rows": 3, "Plan Width": 4, "Actual Rows": 136, "Actual Loops": 28, "Index Cond": "(userid = c.userid)", "Rows Removed by Index Recheck": 0, "Heap Fetches": 0}]}, {"Node Type": "Materialize", "Parent Relationship": "Inner", "Parallel Aware": false, "Async Capable": false, "Startup Cost": 0.42, "Total Cost": 1002.55, "Plan Rows": 3.0, "Plan Width": 8, "Actual Rows": 1, "Actual Loops": 3818, "Plans": [{"Node Type": "Nested Loop", "Parent Relationship": "Outer", "Parallel Aware": false, "Async Capable": false, "Join Type": "Inner", "Startup Cost": 0.42, "Total Cost": 1002.55, "Plan Rows": 3.0, "Plan Width": 8, "Actual Rows": 1, "Actual Loops": 1, "Inner Unique": false, "Plans": [{"Node Type": "Seq Scan", "Parent Relationship": "Outer", "Parallel Aware": false, "Async Capable": false, "Relation Name": "users", "Alias": "u", "Startup Cost": 0.0, "Total Cost": 901.88, "Plan Rows": 4, "Plan Width": 4, "Actual Rows": 3, "Actual Loops": 1, "Filter": "((upvotes >= 8316) AND (upvotes <= 11397))", "Rows Removed by Filter": 40322}, {"Node Type": "Index Scan", "Parent Relationship": "Inner", "Parallel Aware": false, "Async Capable": false, "Scan Direction": "Forward", "Index Name": "idx_votes_userid", "Relation Name": "votes", "Alias": "v", "Startup Cost": 0.42, "Total Cost": 25.16, "Plan Rows": 1, "Plan Width": 4, "Actual Rows": 0, "Actual Loops": 3, "Index Cond": "(userid = u.id)", "Rows Removed by Index Recheck": 0, "Filter": "((bountyamount >= 109) AND (bountyamount <= 161) AND (creationdate >= '2013-11-12 16:55:52'::timestamp without time zone))", "Rows Removed by Filter": 290}]}]}]}]}, "Planning Time": 2.173, "Triggers": [], "Execution Time": 23.029}, {"Plan": {"Node Type": "Aggregate", "Strategy": "Plain", "Partial Mode": "Simple", "Parallel Aware": false, "Async Capable": false, "Startup Cost": 3159.62, "Total Cost": 3159.63, "Plan Rows": 1, "Plan Width": 8, "Actual Rows": 1, "Actual Loops": 1, "Plans": [{"Node Type": "Nested Loop", "Parent Relationship": "Outer", "Parallel Aware": false, "Async Capable": false, "Join Type": "Inner", "Startup Cost": 1.3, "Total Cost": 3159.62, "Plan Rows": 7.0, "Plan Width": 0, "Actual Rows": 1824, "Actual Loops": 1, "Inner Unique": true, "Join Filter": "(c.userid = u.id)", "Rows Removed by Join Filter": 0, "Plans": [{"Node Type": "Nested Loop", "Parent Relationship": "Outer", "Parallel Aware": false, "Async Capable": false, "Join Type": "Inner", "Startup Cost": 1.01, "Total Cost": 3128.87, "Plan Rows": 1557.0, "Plan Width": 12, "Actual Rows": 1824, "Actual Loops": 1, "Inner Unique": false, "Join Filter": "(c.userid = v.userid)", "Rows Removed by Join Filter": 0, "Plans": [{"Node Type": "Merge Join", "Parent Relationship": "Outer", "Parallel Aware": false, "Async Capable": false, "Join Type": "Inner", "Startup Cost": 0.71, "Total Cost": 3106.32, "Plan Rows": 14990.0, "Plan Width": 8, "Actual Rows": 792, "Actual Loops": 1, "Inner Unique": false, "Merge Cond": "(v.userid = b.userid)", "Plans": [{"Node Type": "Index Scan", "Parent Relationship": "Outer", "Parallel Aware": false, "Async Capable": false, "Scan Direction": "Forward", "Index Name": "idx_votes_userid", "Relation Name": "votes", "Alias": "v", "Startup Cost": 0.42, "Total Cost": 14062.79, "Plan Rows": 12, "Plan Width": 4, "Actual Rows": 10, "Actual Loops": 1, "Filter": "((bountyamount >= 109) AND (bountyamount <= 161) AND (creationdate >= '2013-11-12 16:55:52'::timestamp without time zone))", "Rows Removed by Filter": 270467}, {"Node Type": "Index Only Scan", "Parent Relationship": "Inner", "Parallel Aware": false, "Async Capable": false, "Scan Direction": "Forward", "Index Name": "idx_badges_userid", "Relation Name": "badges", "Alias": "b", "Startup Cost": 0.29, "Total Cost": 1734.06, "Plan Rows": 79851, "Plan Width": 4, "Actual Rows": 64918, "Actual Loops": 1, "Heap Fetches": 0}]}, {"Node Type": "Index Scan", "Parent Relationship": "Inner", "Parallel Aware": false, "Async Capable": false, "Scan Direction": "Forward", "Index Name": "idx_comments_userid", "Relation Name": "comments", "Alias": "c", "Startup Cost": 0.29, "Total Cost": 0.63, "Plan Rows": 1, "Plan Width": 4, "Actual Rows": 2, "Actual Loops": 792, "Index Cond": "(userid = b.userid)", "Rows Removed by Index Recheck": 0, "Filter": "(score = 11)", "Rows Removed by Filter": 7770}]}, {"Node Type": "Index Scan", "Parent Relationship": "Inner", "Parallel Aware": false, "Async Capable": false, "Scan Direction": "Forward", "Index Name": "users_pkey", "Relation Name": "users", "Alias": "u", "Startup Cost": 0.29, "Total Cost": 0.33, "Plan Rows": 1, "Plan Width": 4, "Actual Rows": 1, "Actual Loops": 1824, "Index Cond": "(id = b.userid)", "Rows Removed by Index Recheck": 0, "Filter": "((upvotes >= 8316) AND (upvotes <= 11397))", "Rows Removed by Filter": 0}]}]}, "Planning Time": 2.775, "Triggers": [], "Execution Time": 838.922}, {"Plan": {"Node Type": "Aggregate", "Strategy": "Plain", "Partial Mode": "Simple", "Parallel Aware": false, "Async Capable": false, "Startup Cost": 925.31, "Total Cost": 925.32, "Plan Rows": 1, "Plan Width": 8, "Actual Rows": 1, "Actual Loops": 1, "Plans": [{"Node Type": "Nested Loop", "Parent Relationship": "Outer", "Parallel Aware": false, "Async Capable": false, "Join Type": "Inner", "Startup Cost": 1.01, "Total Cost": 925.31, "Plan Rows": 7.0, "Plan Width": 0, "Actual Rows": 1824, "Actual Loops": 1, "Inner Unique": false, "Join Filter": "(v.userid = u.id)", "Rows Removed by Join Filter": 0, "Plans": [{"Node Type": "Nested Loop", "Parent Relationship": "Outer", "Parallel Aware": false, "Async Capable": false, "Join Type": "Inner", "Startup Cost": 0.59, "Total Cost": 924.53, "Plan Rows": 10.0, "Plan Width": 12, "Actual Rows": 2080, "Actual Loops": 1, "Inner Unique": false, "Join Filter": "(c.userid = u.id)", "Rows Removed by Join Filter": 0, "Plans": [{"Node Type": "Nested Loop", "Parent Relationship": "Outer", "Parallel Aware": false, "Async Capable": false, "Join Type": "Inner", "Startup Cost": 0.29, "Total Cost": 919.38, "Plan Rows": 148.0, "Plan Width": 8, "Actual Rows": 994, "Actual Loops": 1, "Inner Unique": false, "Plans": [{"Node Type": "Seq Scan", "Parent Relationship": "Outer", "Parallel Aware": false, "Async Capable": false, "Relation Name": "users", "Alias": "u", "Startup Cost": 0.0, "Total Cost": 901.88, "Plan Rows": 4, "Plan Width": 4, "Actual Rows": 3, "Actual Loops": 1, "Filter": "((upvotes >= 8316) AND (upvotes <= 11397))", "Rows Removed by Filter": 40322}, {"Node Type": "Index Only Scan", "Parent Relationship": "Inner", "Parallel Aware": false, "Async Capable": false, "Scan Direction": "Forward", "Index Name": "idx_badges_userid", "Relation Name": "badges", "Alias": "b", "Startup Cost": 0.29, "Total Cost": 4.35, "Plan Rows": 3, "Plan Width": 4, "Actual Rows": 331, "Actual Loops": 3, "Index Cond": "(userid = u.id)", "Rows Removed by Index Recheck": 0, "Heap Fetches": 0}]}, {"Node Type": "Index Scan", "Parent Relationship": "Inner", "Parallel Aware": false, "Async Capable": false, "Scan Direction": "Forward", "Index Name": "idx_comments_userid", "Relation Name": "comments", "Alias": "c", "Startup Cost": 0.29, "Total Cost": 0.63, "Plan Rows": 1, "Plan Width": 4, "Actual Rows": 2, "Actual Loops": 994, "Index Cond": "(userid = b.userid)", "Rows Removed by Index Recheck": 0, "Filter": "(score = 11)", "Rows Removed by Filter": 7747}]}, {"Node Type": "Index Scan", "Parent Relationship": "Inner", "Parallel Aware": false, "Async Capable": false, "Scan Direction": "Forward", "Index Name": "idx_votes_userid", "Relation Name": "votes", "Alias": "v", "Startup Cost": 0.42, "Total Cost": 0.77, "Plan Rows": 1, "Plan Width": 4, "Actual Rows": 1, "Actual Loops": 2080, "Index Cond": "(userid = b.userid)", "Rows Removed by Index Recheck": 0, "Filter": "((bountyamount >= 109) AND (bountyamount <= 161) AND (creationdate >= '2013-11-12 16:55:52'::timestamp without time zone))", "Rows Removed by Filter": 120}]}]}, "Planning Time": 2.542, "Triggers": [], "Execution Time": 1022.766}, {"Plan": {"Node Type": "Aggregate", "Strategy": "Plain", "Partial Mode": "Simple", "Parallel Aware": false, "Async Capable": false, "Startup Cost": 4676.6, "Total Cost": 4676.61, "Plan Rows": 1, "Plan Width": 8, "Actual Rows": 1, "Actual Loops": 1, "Plans": [{"Node Type": "Nested Loop", "Parent Relationship": "Outer", "Parallel Aware": false, "Async Capable": false, "Join Type": "Inner", "Startup Cost": 0.71, "Total Cost": 4676.6, "Plan Rows": 7.0, "Plan Width": 0, "Actual Rows": 1824, "Actual Loops": 1, "Inner Unique": false, "Join Filter": "(c.userid = u.id)", "Rows Removed by Join Filter": 1994, "Plans": [{"Node Type": "Nested Loop", "Parent Relationship": "Outer", "Parallel Aware": false, "Async Capable": false, "Join Type": "Inner", "Startup Cost": 0.42, "Total Cost": 1002.55, "Plan Rows": 3.0, "Plan Width": 8, "Actual Rows": 1, "Actual Loops": 1, "Inner Unique": false, "Plans": [{"Node Type": "Seq Scan", "Parent Relationship": "Outer", "Parallel Aware": false, "Async Capable": false, "Relation Name": "users", "Alias": "u", "Startup Cost": 0.0, "Total Cost": 901.88, "Plan Rows": 4, "Plan Width": 4, "Actual Rows": 3, "Actual Loops": 1, "Filter": "((upvotes >= 8316) AND (upvotes <= 11397))", "Rows Removed by Filter": 40322}, {"Node Type": "Index Scan", "Parent Relationship": "Inner", "Parallel Aware": false, "Async Capable": false, "Scan Direction": "Forward", "Index Name": "idx_votes_userid", "Relation Name": "votes", "Alias": "v", "Startup Cost": 0.42, "Total Cost": 25.16, "Plan Rows": 1, "Plan Width": 4, "Actual Rows": 0, "Actual Loops": 3, "Index Cond": "(userid = u.id)", "Rows Removed by Index Recheck": 0, "Filter": "((bountyamount >= 109) AND (bountyamount <= 161) AND (creationdate >= '2013-11-12 16:55:52'::timestamp without time zone))", "Rows Removed by Filter": 290}]}, {"Node Type": "Nested Loop", "Parent Relationship": "Inner", "Parallel Aware": false, "Async Capable": false, "Join Type": "Inner", "Startup Cost": 0.29, "Total Cost": 3641.69, "Plan Rows": 2109.0, "Plan Width": 8, "Actual Rows": 3818, "Actual Loops": 1, "Inner Unique": false, "Plans": [{"Node Type": "Seq Scan", "Parent Relationship": "Outer", "Parallel Aware": false, "Async Capable": false, "Relation Name": "comments", "Alias": "c", "Startup Cost": 0.0, "Total Cost": 3522.81, "Plan Rows": 29, "Plan Width": 4, "Actual Rows": 28, "Actual Loops": 1, "Filter": "(score = 11)", "Rows Removed by Filter": 174277}, {"Node Type": "Index Only Scan", "Parent Relationship": "Inner", "Parallel Aware": false, "Async Capable": false, "Scan Direction": "Forward", "Index Name": "idx_badges_userid", "Relation Name": "badges", "Alias": "b", "Startup Cost": 0.29, "Total Cost": 4.07, "Plan Rows": 3, "Plan Width": 4, "Actual Rows": 136, "Actual Loops": 28, "Index Cond": "(userid = c.userid)", "Rows Removed by Index Recheck": 0, "Heap Fetches": 0}]}]}]}, "Planning Time": 2.352, "Triggers": [], "Execution Time": 22.528}, {"Plan": {"Node Type": "Aggregate", "Strategy": "Plain", "Partial Mode": "Simple", "Parallel Aware": false, "Async Capable": false, "Startup Cost": 4953.84, "Total Cost": 4953.85, "Plan Rows": 1, "Plan Width": 8, "Actual Rows": 1, "Actual Loops": 1, "Plans": [{"Node Type": "Nested Loop", "Parent Relationship": "Outer", "Parallel Aware": false, "Async Capable": false, "Join Type": "Inner", "Startup Cost": 1000.72, "Total Cost": 4953.83, "Plan Rows": 7.0, "Plan Width": 0, "Actual Rows": 1824, "Actual Loops": 1, "Inner Unique": false, "Join Filter": "(c.userid = u.id)", "Rows Removed by Join Filter": 2152, "Plans": [{"Node Type": "Nested Loop", "Parent Relationship": "Outer", "Parallel Aware": false, "Async Capable": false, "Join Type": "Inner", "Startup Cost": 0.29, "Total Cost": 919.38, "Plan Rows": 148.0, "Plan Width": 8, "Actual Rows": 994, "Actual Loops": 1, "Inner Unique": false, "Plans": [{"Node Type": "Seq Scan", "Parent Relationship": "Outer", "Parallel Aware": false, "Async Capable": false, "Relation Name": "users", "Alias": "u", "Startup Cost": 0.0, "Total Cost": 901.88, "Plan Rows": 4, "Plan Width": 4, "Actual Rows": 3, "Actual Loops": 1, "Filter": "((upvotes >= 8316) AND (upvotes <= 11397))", "Rows Removed by Filter": 40322}, {"Node Type": "Index Only Scan", "Parent Relationship": "Inner", "Parallel Aware": false, "Async Capable": false, "Scan Direction": "Forward", "Index Name": "idx_badges_userid", "Relation Name": "badges", "Alias": "b", "Startup Cost": 0.29, "Total Cost": 4.35, "Plan Rows": 3, "Plan Width": 4, "Actual Rows": 331, "Actual Loops": 3, "Index Cond": "(userid = u.id)", "Rows Removed by Index Recheck": 0, "Heap Fetches": 0}]}, {"Node Type": "Materialize", "Parent Relationship": "Inner", "Parallel Aware": false, "Async Capable": false, "Startup Cost": 1000.42, "Total Cost": 4034.34, "Plan Rows": 55.0, "Plan Width": 8, "Actual Rows": 4, "Actual Loops": 994, "Plans": [{"Node Type": "Gather", "Parent Relationship": "Outer", "Parallel Aware": false, "Async Capable": false, "Startup Cost": 1000.42, "Total Cost": 4034.34, "Plan Rows": 55.0, "Plan Width": 8, "Actual Rows": 4, "Actual Loops": 1, "Workers Planned": 1, "Workers Launched": 1, "Single Copy": false, "Plans": [{"Node Type": "Nested Loop", "Parent Relationship": "Outer", "Parallel Aware": false, "Async Capable": false, "Join Type": "Inner", "Startup Cost": 0.42, "Total Cost": 3034.24, "Plan Rows": 55.0, "Plan Width": 8, "Actual Rows": 2, "Actual Loops": 2, "Inner Unique": false, "Workers": [], "Plans": [{"Node Type": "Seq Scan", "Parent Relationship": "Outer", "Parallel Aware": true, "Async Capable": false, "Relation Name": "comments", "Alias": "c", "Startup Cost": 0.0, "Total Cost": 2625.65, "Plan Rows": 17, "Plan Width": 4, "Actual Rows": 14, "Actual Loops": 2, "Filter": "(score = 11)", "Rows Removed by Filter": 87138, "Workers": []}, {"Node Type": "Index Scan", "Parent Relationship": "Inner", "Parallel Aware": false, "Async Capable": false, "Scan Direction": "Forward", "Index Name": "idx_votes_userid", "Relation Name": "votes", "Alias": "v", "Startup Cost": 0.42, "Total Cost": 24.02, "Plan Rows": 1, "Plan Width": 4, "Actual Rows": 0, "Actual Loops": 28, "Index Cond": "(userid = c.userid)", "Rows Removed by Index Recheck": 0, "Filter": "((bountyamount >= 109) AND (bountyamount <= 161) AND (creationdate >= '2013-11-12 16:55:52'::timestamp without time zone))", "Rows Removed by Filter": 71, "Workers": []}]}]}]}]}]}, "Planning Time": 2.272, "Triggers": [], "Execution Time": 23.12}, {"Plan": {"Node Type": "Aggregate", "Strategy": "Plain", "Partial Mode": "Simple", "Parallel Aware": false, "Async Capable": false, "Startup Cost": 1440.37, "Total Cost": 1440.38, "Plan Rows": 1, "Plan Width": 8, "Actual Rows": 1, "Actual Loops": 1, "Plans": [{"Node Type": "Merge Join", "Parent Relationship": "Outer", "Parallel Aware": false, "Async Capable": false, "Join Type": "Inner", "Startup Cost": 1085.41, "Total Cost": 1440.37, "Plan Rows": 7.0, "Plan Width": 0, "Actual Rows": 1824, "Actual Loops": 1, "Inner Unique": false, "Merge Cond": "(v.userid = u.id)", "Plans": [{"Node Type": "Merge Join", "Parent Relationship": "Outer", "Parallel Aware": false, "Async Capable": false, "Join Type": "Inner", "Startup Cost": 0.71, "Total Cost": 3106.32, "Plan Rows": 14990.0, "Plan Width": 8, "Actual Rows": 585, "Actual Loops": 1, "Inner Unique": false, "Merge Cond": "(v.userid = b.userid)", "Plans": [{"Node Type": "Index Scan", "Parent Relationship": "Outer", "Parallel Aware": false, "Async Capable": false, "Scan Direction": "Forward", "Index Name": "idx_votes_userid", "Relation Name": "votes", "Alias": "v", "Startup Cost": 0.42, "Total Cost": 14062.79, "Plan Rows": 12, "Plan Width": 4, "Actual Rows": 5, "Actual Loops": 1, "Filter": "((bountyamount >= 109) AND (bountyamount <= 161) AND (creationdate >= '2013-11-12 16:55:52'::timestamp without time zone))", "Rows Removed by Filter": 16384}, {"Node Type": "Index Only Scan", "Parent Relationship": "Inner", "Parallel Aware": false, "Async Capable": false, "Scan Direction": "Forward", "Index Name": "idx_badges_userid", "Relation Name": "badges", "Alias": "b", "Startup Cost": 0.29, "Total Cost": 1734.06, "Plan Rows": 79851, "Plan Width": 4, "Actual Rows": 28977, "Actual Loops": 1, "Heap Fetches": 0}]}, {"Node Type": "Sort", "Parent Relationship": "Inner", "Parallel Aware": false, "Async Capable": false, "Startup Cost": 1084.7, "Total Cost": 1084.7, "Plan Rows": 1.0, "Plan Width": 8, "Actual Rows": 1825, "Actual Loops": 1, "Sort Key": ["c.userid"], "Sort Method": "quicksort", "Sort Space Used": 25, "Sort Space Type": "Memory", "Plans": [{"Node Type": "Nested Loop", "Parent Relationship": "Outer", "Parallel Aware": false, "Async Capable": false, "Join Type": "Inner", "Startup Cost": 0.29, "Total Cost": 1084.69, "Plan Rows": 1.0, "Plan Width": 8, "Actual Rows": 5, "Actual Loops": 1, "Inner Unique": false, "Plans": [{"Node Type": "Seq Scan", "Parent Relationship": "Outer", "Parallel Aware": false, "Async Capable": false, "Relation Name": "users", "Alias": "u", "Startup Cost": 0.0, "Total Cost": 901.88, "Plan Rows": 4, "Plan Width": 4, "Actual Rows": 3, "Actual Loops": 1, "Filter": "((upvotes >= 8316) AND (upvotes <= 11397))", "Rows Removed by Filter": 40322}, {"Node Type": "Index Scan", "Parent Relationship": "Inner", "Parallel Aware": false, "Async Capable": false, "Scan Direction": "Forward", "Index Name": "idx_comments_userid", "Relation Name": "comments", "Alias": "c", "Startup Cost": 0.29, "Total Cost": 45.69, "Plan Rows": 1, "Plan Width": 4, "Actual Rows": 2, "Actual Loops": 3, "Index Cond": "(userid = u.id)", "Rows Removed by Index Recheck": 0, "Filter": "(score = 11)", "Rows Removed by Filter": 6503}]}]}]}]}, "Planning Time": 2.157, "Triggers": [], "Execution Time": 31.069}, {"Plan": {"Node Type": "Aggregate", "Strategy": "Plain", "Partial Mode": "Simple", "Parallel Aware": false, "Async Capable": false, "Startup Cost": 4448.89, "Total Cost": 4448.9, "Plan Rows": 1, "Plan Width": 8, "Actual Rows": 1, "Actual Loops": 1, "Plans": [{"Node Type": "Nested Loop", "Parent Relationship": "Outer", "Parallel Aware": false, "Async Capable": false, "Join Type": "Inner", "Startup Cost": 0.71, "Total Cost": 4448.89, "Plan Rows": 7.0, "Plan Width": 0, "Actual Rows": 1824, "Actual Loops": 1, "Inner Unique": false, "Join Filter": "(c.userid = u.id)", "Rows Removed by Join Filter": 10944, "Plans": [{"Node Type": "Seq Scan", "Parent Relationship": "Outer", "Parallel Aware": false, "Async Capable": false, "Relation Name": "comments", "Alias": "c", "Startup Cost": 0.0, "Total Cost": 3522.81, "Plan Rows": 29, "Plan Width": 4, "Actual Rows": 28, "Actual Loops": 1, "Filter": "(score = 11)", "Rows Removed by Filter": 174277}, {"Node Type": "Materialize", "Parent Relationship": "Inner", "Parallel Aware": false, "Async Capable": false, "Startup Cost": 0.71, "Total Cost": 925.64, "Plan Rows": 70.0, "Plan Width": 12, "Actual Rows": 456, "Actual Loops": 28, "Plans": [{"Node Type": "Nested Loop", "Parent Relationship": "Outer", "Parallel Aware": false, "Async Capable": false, "Join Type": "Inner", "Startup Cost": 0.71, "Total Cost": 925.64, "Plan Rows": 70.0, "Plan Width": 12, "Actual Rows": 456, "Actual Loops": 1, "Inner Unique": false, "Join Filter": "(v.userid = u.id)", "Rows Removed by Join Filter": 0, "Plans": [{"Node Type": "Nested Loop", "Parent Relationship": "Outer", "Parallel Aware": false, "Async Capable": false, "Join Type": "Inner", "Startup Cost": 0.29, "Total Cost": 919.38, "Plan Rows": 148.0, "Plan Width": 8, "Actual Rows": 994, "Actual Loops": 1, "Inner Unique": false, "Plans": [{"Node Type": "Seq Scan", "Parent Relationship": "Outer", "Parallel Aware": false, "Async Capable": false, "Relation Name": "users", "Alias": "u", "Startup Cost": 0.0, "Total Cost": 901.88, "Plan Rows": 4, "Plan Width": 4, "Actual Rows": 3, "Actual Loops": 1, "Filter": "((upvotes >= 8316) AND (upvotes <= 11397))", "Rows Removed by Filter": 40322}, {"Node Type": "Index Only Scan", "Parent Relationship": "Inner", "Parallel Aware": false, "Async Capable": false, "Scan Direction": "Forward", "Index Name": "idx_badges_userid", "Relation Name": "badges", "Alias": "b", "Startup Cost": 0.29, "Total Cost": 4.35, "Plan Rows": 3, "Plan Width": 4, "Actual Rows": 331, "Actual Loops": 3, "Index Cond": "(userid = u.id)", "Rows Removed by Index Recheck": 0, "Heap Fetches": 0}]}, {"Node Type": "Index Scan", "Parent Relationship": "Inner", "Parallel Aware": false, "Async Capable": false, "Scan Direction": "Forward", "Index Name": "idx_votes_userid", "Relation Name": "votes", "Alias": "v", "Startup Cost": 0.42, "Total Cost": 0.77, "Plan Rows": 1, "Plan Width": 4, "Actual Rows": 0, "Actual Loops": 994, "Index Cond": "(userid = b.userid)", "Rows Removed by Index Recheck": 0, "Filter": "((bountyamount >= 109) AND (bountyamount <= 161) AND (creationdate >= '2013-11-12 16:55:52'::timestamp without time zone))", "Rows Removed by Filter": 254}]}]}]}]}, "Planning Time": 2.452, "Triggers": [], "Execution Time": 72.703}, {"Plan": {"Node Type": "Aggregate", "Strategy": "Plain", "Partial Mode": "Simple", "Parallel Aware": false, "Async Capable": false, "Startup Cost": 926.29, "Total Cost": 926.3, "Plan Rows": 1, "Plan Width": 8, "Actual Rows": 1, "Actual Loops": 1, "Plans": [{"Node Type": "Nested Loop", "Parent Relationship": "Outer", "Parallel Aware": false, "Async Capable": false, "Join Type": "Inner", "Startup Cost": 1.01, "Total Cost": 926.28, "Plan Rows": 7.0, "Plan Width": 0, "Actual Rows": 1824, "Actual Loops": 1, "Inner Unique": false, "Join Filter": "(c.userid = u.id)", "Rows Removed by Join Filter": 0, "Plans": [{"Node Type": "Nested Loop", "Parent Relationship": "Outer", "Parallel Aware": false, "Async Capable": false, "Join Type": "Inner", "Startup Cost": 0.71, "Total Cost": 925.64, "Plan Rows": 70.0, "Plan Width": 12, "Actual Rows": 456, "Actual Loops": 1, "Inner Unique": false, "Join Filter": "(v.userid = u.id)", "Rows Removed by Join Filter": 0, "Plans": [{"Node Type": "Nested Loop", "Parent Relationship": "Outer", "Parallel Aware": false, "Async Capable": false, "Join Type": "Inner", "Startup Cost": 0.29, "Total Cost": 919.38, "Plan Rows": 148.0, "Plan Width": 8, "Actual Rows": 994, "Actual Loops": 1, "Inner Unique": false, "Plans": [{"Node Type": "Seq Scan", "Parent Relationship": "Outer", "Parallel Aware": false, "Async Capable": false, "Relation Name": "users", "Alias": "u", "Startup Cost": 0.0, "Total Cost": 901.88, "Plan Rows": 4, "Plan Width": 4, "Actual Rows": 3, "Actual Loops": 1, "Filter": "((upvotes >= 8316) AND (upvotes <= 11397))", "Rows Removed by Filter": 40322}, {"Node Type": "Index Only Scan", "Parent Relationship": "Inner", "Parallel Aware": false, "Async Capable": false, "Scan Direction": "Forward", "Index Name": "idx_badges_userid", "Relation Name": "badges", "Alias": "b", "Startup Cost": 0.29, "Total Cost": 4.35, "Plan Rows": 3, "Plan Width": 4, "Actual Rows": 331, "Actual Loops": 3, "Index Cond": "(userid = u.id)", "Rows Removed by Index Recheck": 0, "Heap Fetches": 0}]}, {"Node Type": "Index Scan", "Parent Relationship": "Inner", "Parallel Aware": false, "Async Capable": false, "Scan Direction": "Forward", "Index Name": "idx_votes_userid", "Relation Name": "votes", "Alias": "v", "Startup Cost": 0.42, "Total Cost": 0.77, "Plan Rows": 1, "Plan Width": 4, "Actual Rows": 0, "Actual Loops": 994, "Index Cond": "(userid = b.userid)", "Rows Removed by Index Recheck": 0, "Filter": "((bountyamount >= 109) AND (bountyamount <= 161) AND (creationdate >= '2013-11-12 16:55:52'::timestamp without time zone))", "Rows Removed by Filter": 254}]}, {"Node Type": "Index Scan", "Parent Relationship": "Inner", "Parallel Aware": false, "Async Capable": false, "Scan Direction": "Forward", "Index Name": "idx_comments_userid", "Relation Name": "comments", "Alias": "c", "Startup Cost": 0.29, "Total Cost": 0.63, "Plan Rows": 1, "Plan Width": 4, "Actual Rows": 4, "Actual Loops": 456, "Index Cond": "(userid = b.userid)", "Rows Removed by Index Recheck": 0, "Filter": "(score = 11)", "Rows Removed by Filter": 13216}]}]}, "Planning Time": 2.149, "Triggers": [], "Execution Time": 790.508}, {"Plan": {"Node Type": "Aggregate", "Strategy": "Plain", "Partial Mode": "Simple", "Parallel Aware": false, "Async Capable": false, "Startup Cost": 3996.11, "Total Cost": 3996.12, "Plan Rows": 1, "Plan Width": 8, "Actual Rows": 1, "Actual Loops": 1, "Plans": [{"Node Type": "Merge Join", "Parent Relationship": "Outer", "Parallel Aware": false, "Async Capable": false, "Join Type": "Inner", "Startup Cost": 902.92, "Total Cost": 3996.11, "Plan Rows": 7.0, "Plan Width": 0, "Actual Rows": 1824, "Actual Loops": 1, "Inner Unique": false, "Merge Cond": "(u.id = c.userid)", "Plans": [{"Node Type": "Sort", "Parent Relationship": "Outer", "Parallel Aware": false, "Async Capable": false, "Startup Cost": 901.91, "Total Cost": 901.92, "Plan Rows": 4, "Plan Width": 4, "Actual Rows": 2, "Actual Loops": 1, "Sort Key": ["u.id"], "Sort Method": "quicksort", "Sort Space Used": 25, "Sort Space Type": "Memory", "Plans": [{"Node Type": "Seq Scan", "Parent Relationship": "Outer", "Parallel Aware": false, "Async Capable": false, "Relation Name": "users", "Alias": "u", "Startup Cost": 0.0, "Total Cost": 901.88, "Plan Rows": 4, "Plan Width": 4, "Actual Rows": 3, "Actual Loops": 1, "Filter": "((upvotes >= 8316) AND (upvotes <= 11397))", "Rows Removed by Filter": 40322}]}, {"Node Type": "Materialize", "Parent Relationship": "Inner", "Parallel Aware": false, "Async Capable": false, "Startup Cost": 1.01, "Total Cost": 3129.09, "Plan Rows": 1557.0, "Plan Width": 12, "Actual Rows": 1824, "Actual Loops": 1, "Plans": [{"Node Type": "Nested Loop", "Parent Relationship": "Outer", "Parallel Aware": false, "Async Capable": false, "Join Type": "Inner", "Startup Cost": 1.01, "Total Cost": 3128.87, "Plan Rows": 1557.0, "Plan Width": 12, "Actual Rows": 1824, "Actual Loops": 1, "Inner Unique": false, "Join Filter": "(c.userid = v.userid)", "Rows Removed by Join Filter": 0, "Plans": [{"Node Type": "Merge Join", "Parent Relationship": "Outer", "Parallel Aware": false, "Async Capable": false, "Join Type": "Inner", "Startup Cost": 0.71, "Total Cost": 3106.32, "Plan Rows": 14990.0, "Plan Width": 8, "Actual Rows": 792, "Actual Loops": 1, "Inner Unique": false, "Merge Cond": "(v.userid = b.userid)", "Plans": [{"Node Type": "Index Scan", "Parent Relationship": "Outer", "Parallel Aware": false, "Async Capable": false, "Scan Direction": "Forward", "Index Name": "idx_votes_userid", "Relation Name": "votes", "Alias": "v", "Startup Cost": 0.42, "Total Cost": 14062.79, "Plan Rows": 12, "Plan Width": 4, "Actual Rows": 10, "Actual Loops": 1, "Filter": "((bountyamount >= 109) AND (bountyamount <= 161) AND (creationdate >= '2013-11-12 16:55:52'::timestamp without time zone))", "Rows Removed by Filter": 270467}, {"Node Type": "Index Only Scan", "Parent Relationship": "Inner", "Parallel Aware": false, "Async Capable": false, "Scan Direction": "Forward", "Index Name": "idx_badges_userid", "Relation Name": "badges", "Alias": "b", "Startup Cost": 0.29, "Total Cost": 1734.06, "Plan Rows": 79851, "Plan Width": 4, "Actual Rows": 64918, "Actual Loops": 1, "Heap Fetches": 0}]}, {"Node Type": "Index Scan", "Parent Relationship": "Inner", "Parallel Aware": false, "Async Capable": false, "Scan Direction": "Forward", "Index Name": "idx_comments_userid", "Relation Name": "comments", "Alias": "c", "Startup Cost": 0.29, "Total Cost": 0.63, "Plan Rows": 1, "Plan Width": 4, "Actual Rows": 2, "Actual Loops": 792, "Index Cond": "(userid = b.userid)", "Rows Removed by Index Recheck": 0, "Filter": "(score = 11)", "Rows Removed by Filter": 7770}]}]}]}]}, "Planning Time": 3.038, "Triggers": [], "Execution Time": 845.542}, {"Plan": {"Node Type": "Aggregate", "Strategy": "Plain", "Partial Mode": "Simple", "Parallel Aware": false, "Async Capable": false, "Startup Cost": 4953.81, "Total Cost": 4953.82, "Plan Rows": 1, "Plan Width": 8, "Actual Rows": 1, "Actual Loops": 1, "Plans": [{"Node Type": "Nested Loop", "Parent Relationship": "Outer", "Parallel Aware": false, "Async Capable": false, "Join Type": "Inner", "Startup Cost": 1000.72, "Total Cost": 4953.81, "Plan Rows": 7.0, "Plan Width": 0, "Actual Rows": 1824, "Actual Loops": 1, "Inner Unique": false, "Join Filter": "(c.userid = u.id)", "Rows Removed by Join Filter": 2152, "Plans": [{"Node Type": "Gather", "Parent Relationship": "Outer", "Parallel Aware": false, "Async Capable": false, "Startup Cost": 1000.42, "Total Cost": 4034.34, "Plan Rows": 55.0, "Plan Width": 8, "Actual Rows": 4, "Actual Loops": 1, "Workers Planned": 1, "Workers Launched": 1, "Single Copy": false, "Plans": [{"Node Type": "Nested Loop", "Parent Relationship": "Outer", "Parallel Aware": false, "Async Capable": false, "Join Type": "Inner", "Startup Cost": 0.42, "Total Cost": 3034.24, "Plan Rows": 55.0, "Plan Width": 8, "Actual Rows": 2, "Actual Loops": 2, "Inner Unique": false, "Workers": [], "Plans": [{"Node Type": "Seq Scan", "Parent Relationship": "Outer", "Parallel Aware": true, "Async Capable": false, "Relation Name": "comments", "Alias": "c", "Startup Cost": 0.0, "Total Cost": 2625.65, "Plan Rows": 17, "Plan Width": 4, "Actual Rows": 14, "Actual Loops": 2, "Filter": "(score = 11)", "Rows Removed by Filter": 87138, "Workers": []}, {"Node Type": "Index Scan", "Parent Relationship": "Inner", "Parallel Aware": false, "Async Capable": false, "Scan Direction": "Forward", "Index Name": "idx_votes_userid", "Relation Name": "votes", "Alias": "v", "Startup Cost": 0.42, "Total Cost": 24.02, "Plan Rows": 1, "Plan Width": 4, "Actual Rows": 0, "Actual Loops": 28, "Index Cond": "(userid = c.userid)", "Rows Removed by Index Recheck": 0, "Filter": "((bountyamount >= 109) AND (bountyamount <= 161) AND (creationdate >= '2013-11-12 16:55:52'::timestamp without time zone))", "Rows Removed by Filter": 71, "Workers": []}]}]}, {"Node Type": "Nested Loop", "Parent Relationship": "Inner", "Parallel Aware": false, "Async Capable": false, "Join Type": "Inner", "Startup Cost": 0.29, "Total Cost": 919.38, "Plan Rows": 148.0, "Plan Width": 8, "Actual Rows": 994, "Actual Loops": 4, "Inner Unique": false, "Plans": [{"Node Type": "Seq Scan", "Parent Relationship": "Outer", "Parallel Aware": false, "Async Capable": false, "Relation Name": "users", "Alias": "u", "Startup Cost": 0.0, "Total Cost": 901.88, "Plan Rows": 4, "Plan Width": 4, "Actual Rows": 3, "Actual Loops": 4, "Filter": "((upvotes >= 8316) AND (upvotes <= 11397))", "Rows Removed by Filter": 40322}, {"Node Type": "Index Only Scan", "Parent Relationship": "Inner", "Parallel Aware": false, "Async Capable": false, "Scan Direction": "Forward", "Index Name": "idx_badges_userid", "Relation Name": "badges", "Alias": "b", "Startup Cost": 0.29, "Total Cost": 4.35, "Plan Rows": 3, "Plan Width": 4, "Actual Rows": 331, "Actual Loops": 12, "Index Cond": "(userid = u.id)", "Rows Removed by Index Recheck": 0, "Heap Fetches": 0}]}]}]}, "Planning Time": 3.447, "Triggers": [], "Execution Time": 30.184}]