[{"Plan": {"Node Type": "Aggregate", "Strategy": "Plain", "Partial Mode": "Simple", "Parallel Aware": false, "Async Capable": false, "Startup Cost": 6311.29, "Total Cost": 6311.3, "Plan Rows": 1, "Plan Width": 8, "Actual Rows": 1, "Actual Loops": 1, "Plans": [{"Node Type": "Nested Loop", "Parent Relationship": "Outer", "Parallel Aware": false, "Async Capable": false, "Join Type": "Inner", "Startup Cost": 0.3, "Total Cost": 6159.54, "Plan Rows": 1465.0, "Plan Width": 0, "Actual Rows": 26897, "Actual Loops": 1, "Inner Unique": false, "Plans": [{"Node Type": "Seq Scan", "Parent Relationship": "Outer", "Parallel Aware": false, "Async Capable": false, "Relation Name": "posts", "Alias": "p", "Startup Cost": 0.0, "Total Cost": 2679.52, "Plan Rows": 3840, "Plan Width": 4, "Actual Rows": 4478, "Actual Loops": 1, "Filter": "((answercount >= 0) AND (answercount <= 53) AND (commentcount >= 6) AND (commentcount <= 23))", "Rows Removed by Filter": 87498}, {"Node Type": "Memoize", "Parent Relationship": "Inner", "Parallel Aware": false, "Async Capable": false, "Startup Cost": 0.3, "Total Cost": 0.95, "Plan Rows": 1, "Plan Width": 4, "Actual Rows": 6, "Actual Loops": 4478, "Cache Key": "p.owneruserid", "Cache Mode": "logical", "Cache Hits": 1325, "Cache Misses": 3153, "Cache Evictions": 0, "Cache Overflows": 0, "Peak Memory Usage": 585, "Plans": [{"Node Type": "Index Scan", "Parent Relationship": "Outer", "Parallel Aware": false, "Async Capable": false, "Scan Direction": "Forward", "Index Name": "idx_badges_userid", "Relation Name": "badges", "Alias": "b", "Startup Cost": 0.29, "Total Cost": 0.94, "Plan Rows": 1, "Plan Width": 4, "Actual Rows": 3, "Actual Loops": 3153, "Index Cond": "(userid = p.owneruserid)", "Rows Removed by Index Recheck": 0, "Filter": "(date <= '2013-02-14 14:28:24'::timestamp without time zone)", "Rows Removed by Filter": 4}]}]}]}, "Planning Time": 0.688, "Triggers": [], "Execution Time": 35.701}, {"Plan": {"Node Type": "Aggregate", "Strategy": "Plain", "Partial Mode": "Simple", "Parallel Aware": false, "Async Capable": false, "Startup Cost": 7116.66, "Total Cost": 7116.67, "Plan Rows": 1, "Plan Width": 8, "Actual Rows": 1, "Actual Loops": 1, "Plans": [{"Node Type": "Merge Join", "Parent Relationship": "Outer", "Parallel Aware": false, "Async Capable": false, "Join Type": "Inner", "Startup Cost": 2908.81, "Total Cost": 6964.91, "Plan Rows": 1465.0, "Plan Width": 0, "Actual Rows": 26897, "Actual Loops": 1, "Inner Unique": false, "Merge Cond": "(b.userid = p.owneruserid)", "Plans": [{"Node Type": "Index Scan", "Parent Relationship": "Outer", "Parallel Aware": false, "Async Capable": false, "Scan Direction": "Forward", "Index Name": "idx_badges_userid", "Relation Name": "badges", "Alias": "b", "Startup Cost": 0.29, "Total Cost": 3064.97, "Plan Rows": 32780, "Plan Width": 4, "Actual Rows": 32778, "Actual Loops": 1, "Filter": "(date <= '2013-02-14 14:28:24'::timestamp without time zone)", "Rows Removed by Filter": 47073}, {"Node Type": "Sort", "Parent Relationship": "Inner", "Parallel Aware": false, "Async Capable": false, "Startup Cost": 2908.13, "Total Cost": 2917.73, "Plan Rows": 3840, "Plan Width": 4, "Actual Rows": 27353, "Actual Loops": 1, "Sort Key": ["p.owneruserid"], "Sort Method": "quicksort", "Sort Space Used": 193, "Sort Space Type": "Memory", "Plans": [{"Node Type": "Seq Scan", "Parent Relationship": "Outer", "Parallel Aware": false, "Async Capable": false, "Relation Name": "posts", "Alias": "p", "Startup Cost": 0.0, "Total Cost": 2679.52, "Plan Rows": 3840, "Plan Width": 4, "Actual Rows": 4478, "Actual Loops": 1, "Filter": "((answercount >= 0) AND (answercount <= 53) AND (commentcount >= 6) AND (commentcount <= 23))", "Rows Removed by Filter": 87498}]}]}]}, "Planning Time": 0.797, "Triggers": [], "Execution Time": 34.69}, {"Plan": {"Node Type": "Aggregate", "Strategy": "Plain", "Partial Mode": "Simple", "Parallel Aware": false, "Async Capable": false, "Startup Cost": 6311.29, "Total Cost": 6311.3, "Plan Rows": 1, "Plan Width": 8, "Actual Rows": 1, "Actual Loops": 1, "Plans": [{"Node Type": "Nested Loop", "Parent Relationship": "Outer", "Parallel Aware": false, "Async Capable": false, "Join Type": "Inner", "Startup Cost": 0.3, "Total Cost": 6159.54, "Plan Rows": 1465.0, "Plan Width": 0, "Actual Rows": 26897, "Actual Loops": 1, "Inner Unique": false, "Plans": [{"Node Type": "Seq Scan", "Parent Relationship": "Outer", "Parallel Aware": false, "Async Capable": false, "Relation Name": "posts", "Alias": "p", "Startup Cost": 0.0, "Total Cost": 2679.52, "Plan Rows": 3840, "Plan Width": 4, "Actual Rows": 4478, "Actual Loops": 1, "Filter": "((answercount >= 0) AND (answercount <= 53) AND (commentcount >= 6) AND (commentcount <= 23))", "Rows Removed by Filter": 87498}, {"Node Type": "Memoize", "Parent Relationship": "Inner", "Parallel Aware": false, "Async Capable": false, "Startup Cost": 0.3, "Total Cost": 0.95, "Plan Rows": 1, "Plan Width": 4, "Actual Rows": 6, "Actual Loops": 4478, "Cache Key": "p.owneruserid", "Cache Mode": "logical", "Cache Hits": 1325, "Cache Misses": 3153, "Cache Evictions": 0, "Cache Overflows": 0, "Peak Memory Usage": 585, "Plans": [{"Node Type": "Index Scan", "Parent Relationship": "Outer", "Parallel Aware": false, "Async Capable": false, "Scan Direction": "Forward", "Index Name": "idx_badges_userid", "Relation Name": "badges", "Alias": "b", "Startup Cost": 0.29, "Total Cost": 0.94, "Plan Rows": 1, "Plan Width": 4, "Actual Rows": 3, "Actual Loops": 3153, "Index Cond": "(userid = p.owneruserid)", "Rows Removed by Index Recheck": 0, "Filter": "(date <= '2013-02-14 14:28:24'::timestamp without time zone)", "Rows Removed by Filter": 4}]}]}]}, "Planning Time": 0.716, "Triggers": [], "Execution Time": 26.917}]