[{"Plan": {"Node Type": "Aggregate", "Strategy": "Plain", "Partial Mode": "Simple", "Parallel Aware": false, "Async Capable": false, "Startup Cost": 1020.75, "Total Cost": 1020.76, "Plan Rows": 1, "Plan Width": 8, "Actual Rows": 1, "Actual Loops": 1, "Plans": [{"Node Type": "Nested Loop", "Parent Relationship": "Outer", "Parallel Aware": false, "Async Capable": false, "Join Type": "Inner", "Startup Cost": 0.71, "Total Cost": 1020.75, "Plan Rows": 1.0, "Plan Width": 0, "Actual Rows": 417, "Actual Loops": 1, "Inner Unique": false, "Plans": [{"Node Type": "Nested Loop", "Parent Relationship": "Outer", "Parallel Aware": false, "Async Capable": false, "Join Type": "Inner", "Startup Cost": 0.29, "Total Cost": 1017.52, "Plan Rows": 1.0, "Plan Width": 4, "Actual Rows": 153, "Actual Loops": 1, "Inner Unique": false, "Plans": [{"Node Type": "Seq Scan", "Parent Relationship": "Outer", "Parallel Aware": false, "Async Capable": false, "Relation Name": "users", "Alias": "u", "Startup Cost": 0.0, "Total Cost": 1002.69, "Plan Rows": 1, "Plan Width": 4, "Actual Rows": 5, "Actual Loops": 1, "Filter": "((reputation >= 14359) AND (reputation <= 43343) AND (views >= 4304))", "Rows Removed by Filter": 40320}, {"Node Type": "Index Scan", "Parent Relationship": "Inner", "Parallel Aware": false, "Async Capable": false, "Scan Direction": "Forward", "Index Name": "idx_posts_owneruserid", "Relation Name": "posts", "Alias": "p", "Startup Cost": 0.29, "Total Cost": 14.82, "Plan Rows": 1, "Plan Width": 8, "Actual Rows": 31, "Actual Loops": 5, "Index Cond": "(owneruserid = u.id)", "Rows Removed by Index Recheck": 0, "Filter": "((creationdate >= '2009-05-05 04:02:17'::timestamp without time zone) AND (creationdate <= '2010-11-02 03:41:17'::timestamp without time zone))", "Rows Removed by Filter": 563}]}, {"Node Type": "Index Scan", "Parent Relationship": "Inner", "Parallel Aware": false, "Async Capable": false, "Scan Direction": "Forward", "Index Name": "idx_posthistory_postid", "Relation Name": "posthistory", "Alias": "ph", "Startup Cost": 0.42, "Total Cost": 3.21, "Plan Rows": 2, "Plan Width": 4, "Actual Rows": 3, "Actual Loops": 153, "Index Cond": "(postid = p.id)", "Rows Removed by Index Recheck": 0, "Filter": "(creationdate <= '2013-02-04 14:37:43'::timestamp without time zone)", "Rows Removed by Filter": 0}]}]}, "Planning Time": 0.321, "Triggers": [], "Execution Time": 3.537}, {"Plan": {"Node Type": "Aggregate", "Strategy": "Plain", "Partial Mode": "Simple", "Parallel Aware": false, "Async Capable": false, "Startup Cost": 8945.91, "Total Cost": 8945.92, "Plan Rows": 1, "Plan Width": 8, "Actual Rows": 1, "Actual Loops": 1, "Plans": [{"Node Type": "Gather", "Parent Relationship": "Outer", "Parallel Aware": false, "Async Capable": false, "Startup Cost": 4269.95, "Total Cost": 8945.91, "Plan Rows": 1, "Plan Width": 0, "Actual Rows": 417, "Actual Loops": 1, "Workers Planned": 1, "Workers Launched": 1, "Single Copy": false, "Plans": [{"Node Type": "Hash Join", "Parent Relationship": "Outer", "Parallel Aware": false, "Async Capable": false, "Join Type": "Inner", "Startup Cost": 3269.95, "Total Cost": 7945.81, "Plan Rows": 1.0, "Plan Width": 0, "Actual Rows": 208, "Actual Loops": 2, "Inner Unique": true, "Hash Cond": "(p.owneruserid = u.id)", "Workers": [], "Plans": [{"Node Type": "Hash Join", "Parent Relationship": "Outer", "Parallel Aware": false, "Async Capable": false, "Join Type": "Inner", "Startup Cost": 2267.25, "Total Cost": 6934.89, "Plan Rows": 17.0, "Plan Width": 4, "Actual Rows": 5172, "Actual Loops": 2, "Inner Unique": true, "Hash Cond": "(ph.postid = p.id)", "Workers": [], "Plans": [{"Node Type": "Seq Scan", "Parent Relationship": "Outer", "Parallel Aware": true, "Async Capable": false, "Relation Name": "posthistory", "Alias": "ph", "Startup Cost": 0.0, "Total Cost": 4469.32, "Plan Rows": 75548, "Plan Width": 4, "Actual Rows": 64296, "Actual Loops": 2, "Filter": "(creationdate <= '2013-02-04 14:37:43'::timestamp without time zone)", "Rows Removed by Filter": 87298, "Workers": []}, {"Node Type": "Hash", "Parent Relationship": "Inner", "Parallel Aware": false, "Async Capable": false, "Startup Cost": 2219.64, "Total Cost": 2219.64, "Plan Rows": 3809, "Plan Width": 8, "Actual Rows": 3827, "Actual Loops": 2, "Hash Buckets": 4096, "Original Hash Buckets": 4096, "Hash Batches": 1, "Original Hash Batches": 1, "Peak Memory Usage": 181, "Workers": [], "Plans": [{"Node Type": "Seq Scan", "Parent Relationship": "Outer", "Parallel Aware": false, "Async Capable": false, "Relation Name": "posts", "Alias": "p", "Startup Cost": 0.0, "Total Cost": 2219.64, "Plan Rows": 3809, "Plan Width": 8, "Actual Rows": 3827, "Actual Loops": 2, "Filter": "((creationdate >= '2009-05-05 04:02:17'::timestamp without time zone) AND (creationdate <= '2010-11-02 03:41:17'::timestamp without time zone))", "Rows Removed by Filter": 88149, "Workers": []}]}]}, {"Node Type": "Hash", "Parent Relationship": "Inner", "Parallel Aware": false, "Async Capable": false, "Startup Cost": 1002.69, "Total Cost": 1002.69, "Plan Rows": 1, "Plan Width": 4, "Actual Rows": 5, "Actual Loops": 2, "Hash Buckets": 1024, "Original Hash Buckets": 1024, "Hash Batches": 1, "Original Hash Batches": 1, "Peak Memory Usage": 9, "Workers": [], "Plans": [{"Node Type": "Seq Scan", "Parent Relationship": "Outer", "Parallel Aware": false, "Async Capable": false, "Relation Name": "users", "Alias": "u", "Startup Cost": 0.0, "Total Cost": 1002.69, "Plan Rows": 1, "Plan Width": 4, "Actual Rows": 5, "Actual Loops": 2, "Filter": "((reputation >= 14359) AND (reputation <= 43343) AND (views >= 4304))", "Rows Removed by Filter": 40320, "Workers": []}]}]}]}]}, "Planning Time": 1.374, "Triggers": [], "Execution Time": 62.418}, {"Plan": {"Node Type": "Aggregate", "Strategy": "Plain", "Partial Mode": "Simple", "Parallel Aware": false, "Async Capable": false, "Startup Cost": 1020.75, "Total Cost": 1020.76, "Plan Rows": 1, "Plan Width": 8, "Actual Rows": 1, "Actual Loops": 1, "Plans": [{"Node Type": "Nested Loop", "Parent Relationship": "Outer", "Parallel Aware": false, "Async Capable": false, "Join Type": "Inner", "Startup Cost": 0.71, "Total Cost": 1020.75, "Plan Rows": 1.0, "Plan Width": 0, "Actual Rows": 417, "Actual Loops": 1, "Inner Unique": false, "Plans": [{"Node Type": "Nested Loop", "Parent Relationship": "Outer", "Parallel Aware": false, "Async Capable": false, "Join Type": "Inner", "Startup Cost": 0.29, "Total Cost": 1017.52, "Plan Rows": 1.0, "Plan Width": 4, "Actual Rows": 153, "Actual Loops": 1, "Inner Unique": false, "Plans": [{"Node Type": "Seq Scan", "Parent Relationship": "Outer", "Parallel Aware": false, "Async Capable": false, "Relation Name": "users", "Alias": "u", "Startup Cost": 0.0, "Total Cost": 1002.69, "Plan Rows": 1, "Plan Width": 4, "Actual Rows": 5, "Actual Loops": 1, "Filter": "((reputation >= 14359) AND (reputation <= 43343) AND (views >= 4304))", "Rows Removed by Filter": 40320}, {"Node Type": "Index Scan", "Parent Relationship": "Inner", "Parallel Aware": false, "Async Capable": false, "Scan Direction": "Forward", "Index Name": "idx_posts_owneruserid", "Relation Name": "posts", "Alias": "p", "Startup Cost": 0.29, "Total Cost": 14.82, "Plan Rows": 1, "Plan Width": 8, "Actual Rows": 31, "Actual Loops": 5, "Index Cond": "(owneruserid = u.id)", "Rows Removed by Index Recheck": 0, "Filter": "((creationdate >= '2009-05-05 04:02:17'::timestamp without time zone) AND (creationdate <= '2010-11-02 03:41:17'::timestamp without time zone))", "Rows Removed by Filter": 563}]}, {"Node Type": "Index Scan", "Parent Relationship": "Inner", "Parallel Aware": false, "Async Capable": false, "Scan Direction": "Forward", "Index Name": "idx_posthistory_postid", "Relation Name": "posthistory", "Alias": "ph", "Startup Cost": 0.42, "Total Cost": 3.21, "Plan Rows": 2, "Plan Width": 4, "Actual Rows": 3, "Actual Loops": 153, "Index Cond": "(postid = p.id)", "Rows Removed by Index Recheck": 0, "Filter": "(creationdate <= '2013-02-04 14:37:43'::timestamp without time zone)", "Rows Removed by Filter": 0}]}]}, "Planning Time": 0.443, "Triggers": [], "Execution Time": 3.173}, {"Plan": {"Node Type": "Aggregate", "Strategy": "Plain", "Partial Mode": "Simple", "Parallel Aware": false, "Async Capable": false, "Startup Cost": 9535.97, "Total Cost": 9535.98, "Plan Rows": 1, "Plan Width": 8, "Actual Rows": 1, "Actual Loops": 1, "Plans": [{"Node Type": "Nested Loop", "Parent Relationship": "Outer", "Parallel Aware": false, "Async Capable": false, "Join Type": "Inner", "Startup Cost": 3267.25, "Total Cost": 9535.97, "Plan Rows": 1.0, "Plan Width": 0, "Actual Rows": 417, "Actual Loops": 1, "Inner Unique": false, "Join Filter": "(p.owneruserid = u.id)", "Rows Removed by Join Filter": 51308, "Plans": [{"Node Type": "Seq Scan", "Parent Relationship": "Outer", "Parallel Aware": false, "Async Capable": false, "Relation Name": "users", "Alias": "u", "Startup Cost": 0.0, "Total Cost": 1002.69, "Plan Rows": 1, "Plan Width": 4, "Actual Rows": 5, "Actual Loops": 1, "Filter": "((reputation >= 14359) AND (reputation <= 43343) AND (views >= 4304))", "Rows Removed by Filter": 40320}, {"Node Type": "Gather", "Parent Relationship": "Inner", "Parallel Aware": false, "Async Capable": false, "Startup Cost": 3267.25, "Total Cost": 8466.79, "Plan Rows": 5319, "Plan Width": 4, "Actual Rows": 10345, "Actual Loops": 5, "Workers Planned": 1, "Workers Launched": 1, "Single Copy": false, "Plans": [{"Node Type": "Hash Join", "Parent Relationship": "Outer", "Parallel Aware": false, "Async Capable": false, "Join Type": "Inner", "Startup Cost": 2267.25, "Total Cost": 6934.89, "Plan Rows": 17.0, "Plan Width": 4, "Actual Rows": 5172, "Actual Loops": 10, "Inner Unique": true, "Hash Cond": "(ph.postid = p.id)", "Workers": [], "Plans": [{"Node Type": "Seq Scan", "Parent Relationship": "Outer", "Parallel Aware": true, "Async Capable": false, "Relation Name": "posthistory", "Alias": "ph", "Startup Cost": 0.0, "Total Cost": 4469.32, "Plan Rows": 75548, "Plan Width": 4, "Actual Rows": 64296, "Actual Loops": 10, "Filter": "(creationdate <= '2013-02-04 14:37:43'::timestamp without time zone)", "Rows Removed by Filter": 87298, "Workers": []}, {"Node Type": "Hash", "Parent Relationship": "Inner", "Parallel Aware": false, "Async Capable": false, "Startup Cost": 2219.64, "Total Cost": 2219.64, "Plan Rows": 3809, "Plan Width": 8, "Actual Rows": 3827, "Actual Loops": 6, "Hash Buckets": 4096, "Original Hash Buckets": 4096, "Hash Batches": 1, "Original Hash Batches": 1, "Peak Memory Usage": 181, "Workers": [], "Plans": [{"Node Type": "Seq Scan", "Parent Relationship": "Outer", "Parallel Aware": false, "Async Capable": false, "Relation Name": "posts", "Alias": "p", "Startup Cost": 0.0, "Total Cost": 2219.64, "Plan Rows": 3809, "Plan Width": 8, "Actual Rows": 3827, "Actual Loops": 6, "Filter": "((creationdate >= '2009-05-05 04:02:17'::timestamp without time zone) AND (creationdate <= '2010-11-02 03:41:17'::timestamp without time zone))", "Rows Removed by Filter": 88149, "Workers": []}]}]}]}]}]}, "Planning Time": 1.964, "Triggers": [], "Execution Time": 281.915}, {"Plan": {"Node Type": "Aggregate", "Strategy": "Plain", "Partial Mode": "Simple", "Parallel Aware": false, "Async Capable": false, "Startup Cost": 6770.27, "Total Cost": 6770.28, "Plan Rows": 1, "Plan Width": 8, "Actual Rows": 1, "Actual Loops": 1, "Plans": [{"Node Type": "Gather", "Parent Relationship": "Outer", "Parallel Aware": false, "Async Capable": false, "Startup Cost": 2017.53, "Total Cost": 6770.26, "Plan Rows": 1, "Plan Width": 0, "Actual Rows": 417, "Actual Loops": 1, "Workers Planned": 1, "Workers Launched": 1, "Single Copy": false, "Plans": [{"Node Type": "Hash Join", "Parent Relationship": "Outer", "Parallel Aware": false, "Async Capable": false, "Join Type": "Inner", "Startup Cost": 1017.53, "Total Cost": 5770.16, "Plan Rows": 1.0, "Plan Width": 0, "Actual Rows": 208, "Actual Loops": 2, "Inner Unique": false, "Hash Cond": "(ph.postid = p.id)", "Workers": [], "Plans": [{"Node Type": "Seq Scan", "Parent Relationship": "Outer", "Parallel Aware": true, "Async Capable": false, "Relation Name": "posthistory", "Alias": "ph", "Startup Cost": 0.0, "Total Cost": 4469.32, "Plan Rows": 75548, "Plan Width": 4, "Actual Rows": 64296, "Actual Loops": 2, "Filter": "(creationdate <= '2013-02-04 14:37:43'::timestamp without time zone)", "Rows Removed by Filter": 87298, "Workers": []}, {"Node Type": "Hash", "Parent Relationship": "Inner", "Parallel Aware": false, "Async Capable": false, "Startup Cost": 1017.52, "Total Cost": 1017.52, "Plan Rows": 1.0, "Plan Width": 4, "Actual Rows": 153, "Actual Loops": 2, "Hash Buckets": 1024, "Original Hash Buckets": 1024, "Hash Batches": 1, "Original Hash Batches": 1, "Peak Memory Usage": 14, "Workers": [], "Plans": [{"Node Type": "Nested Loop", "Parent Relationship": "Outer", "Parallel Aware": false, "Async Capable": false, "Join Type": "Inner", "Startup Cost": 0.29, "Total Cost": 1017.52, "Plan Rows": 1.0, "Plan Width": 4, "Actual Rows": 153, "Actual Loops": 2, "Inner Unique": false, "Workers": [], "Plans": [{"Node Type": "Seq Scan", "Parent Relationship": "Outer", "Parallel Aware": false, "Async Capable": false, "Relation Name": "users", "Alias": "u", "Startup Cost": 0.0, "Total Cost": 1002.69, "Plan Rows": 1, "Plan Width": 4, "Actual Rows": 5, "Actual Loops": 2, "Filter": "((reputation >= 14359) AND (reputation <= 43343) AND (views >= 4304))", "Rows Removed by Filter": 40320, "Workers": []}, {"Node Type": "Index Scan", "Parent Relationship": "Inner", "Parallel Aware": false, "Async Capable": false, "Scan Direction": "Forward", "Index Name": "idx_posts_owneruserid", "Relation Name": "posts", "Alias": "p", "Startup Cost": 0.29, "Total Cost": 14.82, "Plan Rows": 1, "Plan Width": 8, "Actual Rows": 31, "Actual Loops": 10, "Index Cond": "(owneruserid = u.id)", "Rows Removed by Index Recheck": 0, "Filter": "((creationdate >= '2009-05-05 04:02:17'::timestamp without time zone) AND (creationdate <= '2010-11-02 03:41:17'::timestamp without time zone))", "Rows Removed by Filter": 563, "Workers": []}]}]}]}]}]}, "Planning Time": 1.987, "Triggers": [], "Execution Time": 49.184}]