[{"Plan": {"Node Type": "Aggregate", "Strategy": "Plain", "Partial Mode": "Simple", "Parallel Aware": false, "Async Capable": false, "Startup Cost": 4418.82, "Total Cost": 4418.83, "Plan Rows": 1, "Plan Width": 8, "Actual Rows": 1, "Actual Loops": 1, "Plans": [{"Node Type": "Merge Join", "Parent Relationship": "Outer", "Parallel Aware": false, "Async Capable": false, "Join Type": "Inner", "Startup Cost": 2271.17, "Total Cost": 4381.38, "Plan Rows": 5598.0, "Plan Width": 0, "Actual Rows": 27335, "Actual Loops": 1, "Inner Unique": true, "Merge Cond": "(v.userid = u.id)", "Plans": [{"Node Type": "Merge Join", "Parent Relationship": "Outer", "Parallel Aware": false, "Async Capable": false, "Join Type": "Inner", "Startup Cost": 2270.88, "Total Cost": 5831.43, "Plan Rows": 13990.0, "Plan Width": 12, "Actual Rows": 1329481, "Actual Loops": 1, "Inner Unique": false, "Merge Cond": "(b.userid = v.userid)", "Plans": [{"Node Type": "Sort", "Parent Relationship": "Outer", "Parallel Aware": false, "Async Capable": false, "Startup Cost": 2269.0, "Total Cost": 2293.15, "Plan Rows": 9658, "Plan Width": 4, "Actual Rows": 3116, "Actual Loops": 1, "Sort Key": ["b.userid"], "Sort Method": "quicksort", "Sort Space Used": 385, "Sort Space Type": "Memory", "Plans": [{"Node Type": "Seq Scan", "Parent Relationship": "Outer", "Parallel Aware": false, "Async Capable": false, "Relation Name": "badges", "Alias": "b", "Startup Cost": 0.0, "Total Cost": 1629.76, "Plan Rows": 9658, "Plan Width": 4, "Actual Rows": 9675, "Actual Loops": 1, "Filter": "((date >= '2014-06-04 04:40:18'::timestamp without time zone) AND (date <= '2014-09-03 23:14:22'::timestamp without time zone))", "Rows Removed by Filter": 70176}]}, {"Node Type": "Materialize", "Parent Relationship": "Inner", "Parallel Aware": false, "Async Capable": false, "Startup Cost": 0.71, "Total Cost": 14504.77, "Plan Rows": 5504.0, "Plan Width": 8, "Actual Rows": 1342723, "Actual Loops": 1, "Plans": [{"Node Type": "Merge Join", "Parent Relationship": "Outer", "Parallel Aware": false, "Async Capable": false, "Join Type": "Inner", "Startup Cost": 0.71, "Total Cost": 13194.3, "Plan Rows": 5504.0, "Plan Width": 8, "Actual Rows": 184417, "Actual Loops": 1, "Inner Unique": false, "Merge Cond": "(p.owneruserid = v.userid)", "Plans": [{"Node Type": "Index Scan", "Parent Relationship": "Outer", "Parallel Aware": false, "Async Capable": false, "Scan Direction": "Forward", "Index Name": "idx_posts_owneruserid", "Relation Name": "posts", "Alias": "p", "Startup Cost": 0.29, "Total Cost": 4553.55, "Plan Rows": 42918, "Plan Width": 4, "Actual Rows": 24803, "Actual Loops": 1, "Filter": "((score <= 148) AND (answercount <= 67))", "Rows Removed by Filter": 39692}, {"Node Type": "Materialize", "Parent Relationship": "Inner", "Parallel Aware": false, "Async Capable": false, "Startup Cost": 0.42, "Total Cost": 12782.23, "Plan Rows": 143903, "Plan Width": 4, "Actual Rows": 186971, "Actual Loops": 1, "Plans": [{"Node Type": "Index Scan", "Parent Relationship": "Outer", "Parallel Aware": false, "Async Capable": false, "Scan Direction": "Forward", "Index Name": "idx_votes_userid", "Relation Name": "votes", "Alias": "v", "Startup Cost": 0.42, "Total Cost": 12422.47, "Plan Rows": 143903, "Plan Width": 4, "Actual Rows": 13203, "Actual Loops": 1, "Filter": "(creationdate <= '2012-11-08 03:22:30'::timestamp without time zone)", "Rows Removed by Filter": 21587}]}]}]}]}, {"Node Type": "Index Scan", "Parent Relationship": "Inner", "Parallel Aware": false, "Async Capable": false, "Scan Direction": "Forward", "Index Name": "users_pkey", "Relation Name": "users", "Alias": "u", "Startup Cost": 0.29, "Total Cost": 1457.98, "Plan Rows": 31020, "Plan Width": 4, "Actual Rows": 8419, "Actual Loops": 1, "Filter": "(creationdate >= '2012-06-17 10:52:30'::timestamp without time zone)", "Rows Removed by Filter": 9297}]}]}, "Planning Time": 3.05, "Triggers": [], "Execution Time": 265.307}, {"Plan": {"Node Type": "Aggregate", "Strategy": "Plain", "Partial Mode": "Simple", "Parallel Aware": false, "Async Capable": false, "Startup Cost": 8721.28, "Total Cost": 8721.29, "Plan Rows": 1, "Plan Width": 8, "Actual Rows": 1, "Actual Loops": 1, "Plans": [{"Node Type": "Merge Join", "Parent Relationship": "Outer", "Parallel Aware": false, "Async Capable": false, "Join Type": "Inner", "Startup Cost": 8228.42, "Total Cost": 8683.84, "Plan Rows": 5598.0, "Plan Width": 0, "Actual Rows": 27335, "Actual Loops": 1, "Inner Unique": false, "Merge Cond": "(u.id = v.userid)", "Plans": [{"Node Type": "Sort", "Parent Relationship": "Outer", "Parallel Aware": false, "Async Capable": false, "Startup Cost": 5957.93, "Total Cost": 6039.22, "Plan Rows": 135.0, "Plan Width": 8, "Actual Rows": 9642, "Actual Loops": 1, "Sort Key": ["p.owneruserid"], "Sort Method": "quicksort", "Sort Space Used": 1613, "Sort Space Type": "Memory", "Plans": [{"Node Type": "Hash Join", "Parent Relationship": "Outer", "Parallel Aware": false, "Async Capable": false, "Join Type": "Inner", "Startup Cost": 1188.81, "Total Cost": 3521.12, "Plan Rows": 135.0, "Plan Width": 8, "Actual Rows": 27013, "Actual Loops": 1, "Inner Unique": true, "Hash Cond": "(p.owneruserid = u.id)", "Plans": [{"Node Type": "Seq Scan", "Parent Relationship": "Outer", "Parallel Aware": false, "Async Capable": false, "Relation Name": "posts", "Alias": "p", "Startup Cost": 0.0, "Total Cost": 2219.64, "Plan Rows": 42918, "Plan Width": 4, "Actual Rows": 42916, "Actual Loops": 1, "Filter": "((score <= 148) AND (answercount <= 67))", "Rows Removed by Filter": 49060}, {"Node Type": "Hash", "Parent Relationship": "Inner", "Parallel Aware": false, "Async Capable": false, "Startup Cost": 801.06, "Total Cost": 801.06, "Plan Rows": 31020, "Plan Width": 4, "Actual Rows": 31026, "Actual Loops": 1, "Hash Buckets": 32768, "Original Hash Buckets": 32768, "Hash Batches": 1, "Original Hash Batches": 1, "Peak Memory Usage": 1347, "Plans": [{"Node Type": "Seq Scan", "Parent Relationship": "Outer", "Parallel Aware": false, "Async Capable": false, "Relation Name": "users", "Alias": "u", "Startup Cost": 0.0, "Total Cost": 801.06, "Plan Rows": 31020, "Plan Width": 4, "Actual Rows": 31026, "Actual Loops": 1, "Filter": "(creationdate >= '2012-06-17 10:52:30'::timestamp without time zone)", "Rows Removed by Filter": 9299}]}]}]}, {"Node Type": "Materialize", "Parent Relationship": "Inner", "Parallel Aware": false, "Async Capable": false, "Startup Cost": 2270.49, "Total Cost": 4505.56, "Plan Rows": 29250.0, "Plan Width": 8, "Actual Rows": 62461, "Actual Loops": 1, "Plans": [{"Node Type": "Merge Join", "Parent Relationship": "Outer", "Parallel Aware": false, "Async Capable": false, "Join Type": "Inner", "Startup Cost": 2270.49, "Total Cost": 4379.21, "Plan Rows": 29250.0, "Plan Width": 8, "Actual Rows": 35897, "Actual Loops": 1, "Inner Unique": false, "Merge Cond": "(v.userid = b.userid)", "Plans": [{"Node Type": "Index Scan", "Parent Relationship": "Outer", "Parallel Aware": false, "Async Capable": false, "Scan Direction": "Forward", "Index Name": "idx_votes_userid", "Relation Name": "votes", "Alias": "v", "Startup Cost": 0.42, "Total Cost": 12422.47, "Plan Rows": 143903, "Plan Width": 4, "Actual Rows": 13203, "Actual Loops": 1, "Filter": "(creationdate <= '2012-11-08 03:22:30'::timestamp without time zone)", "Rows Removed by Filter": 21587}, {"Node Type": "Sort", "Parent Relationship": "Inner", "Parallel Aware": false, "Async Capable": false, "Startup Cost": 2269.0, "Total Cost": 2293.15, "Plan Rows": 9658, "Plan Width": 4, "Actual Rows": 37627, "Actual Loops": 1, "Sort Key": ["b.userid"], "Sort Method": "quicksort", "Sort Space Used": 385, "Sort Space Type": "Memory", "Plans": [{"Node Type": "Seq Scan", "Parent Relationship": "Outer", "Parallel Aware": false, "Async Capable": false, "Relation Name": "badges", "Alias": "b", "Startup Cost": 0.0, "Total Cost": 1629.76, "Plan Rows": 9658, "Plan Width": 4, "Actual Rows": 9675, "Actual Loops": 1, "Filter": "((date >= '2014-06-04 04:40:18'::timestamp without time zone) AND (date <= '2014-09-03 23:14:22'::timestamp without time zone))", "Rows Removed by Filter": 70176}]}]}]}]}]}, "Planning Time": 2.878, "Triggers": [], "Execution Time": 120.294}, {"Plan": {"Node Type": "Aggregate", "Strategy": "Plain", "Partial Mode": "Simple", "Parallel Aware": false, "Async Capable": false, "Startup Cost": 6062.7, "Total Cost": 6062.71, "Plan Rows": 1, "Plan Width": 8, "Actual Rows": 1, "Actual Loops": 1, "Plans": [{"Node Type": "Merge Join", "Parent Relationship": "Outer", "Parallel Aware": false, "Async Capable": false, "Join Type": "Inner", "Startup Cost": 2270.26, "Total Cost": 6025.26, "Plan Rows": 5598.0, "Plan Width": 0, "Actual Rows": 27335, "Actual Loops": 1, "Inner Unique": false, "Merge Cond": "(u.id = b.userid)", "Plans": [{"Node Type": "Merge Join", "Parent Relationship": "Outer", "Parallel Aware": false, "Async Capable": false, "Join Type": "Inner", "Startup Cost": 1.0, "Total Cost": 3496.54, "Plan Rows": 3693.0, "Plan Width": 12, "Actual Rows": 13624, "Actual Loops": 1, "Inner Unique": true, "Merge Cond": "(v.userid = u.id)", "Plans": [{"Node Type": "Merge Join", "Parent Relationship": "Outer", "Parallel Aware": false, "Async Capable": false, "Join Type": "Inner", "Startup Cost": 0.71, "Total Cost": 13194.3, "Plan Rows": 5504.0, "Plan Width": 8, "Actual Rows": 184417, "Actual Loops": 1, "Inner Unique": false, "Merge Cond": "(p.owneruserid = v.userid)", "Plans": [{"Node Type": "Index Scan", "Parent Relationship": "Outer", "Parallel Aware": false, "Async Capable": false, "Scan Direction": "Forward", "Index Name": "idx_posts_owneruserid", "Relation Name": "posts", "Alias": "p", "Startup Cost": 0.29, "Total Cost": 4553.55, "Plan Rows": 42918, "Plan Width": 4, "Actual Rows": 24803, "Actual Loops": 1, "Filter": "((score <= 148) AND (answercount <= 67))", "Rows Removed by Filter": 39692}, {"Node Type": "Materialize", "Parent Relationship": "Inner", "Parallel Aware": false, "Async Capable": false, "Startup Cost": 0.42, "Total Cost": 12782.23, "Plan Rows": 143903, "Plan Width": 4, "Actual Rows": 186971, "Actual Loops": 1, "Plans": [{"Node Type": "Index Scan", "Parent Relationship": "Outer", "Parallel Aware": false, "Async Capable": false, "Scan Direction": "Forward", "Index Name": "idx_votes_userid", "Relation Name": "votes", "Alias": "v", "Startup Cost": 0.42, "Total Cost": 12422.47, "Plan Rows": 143903, "Plan Width": 4, "Actual Rows": 13203, "Actual Loops": 1, "Filter": "(creationdate <= '2012-11-08 03:22:30'::timestamp without time zone)", "Rows Removed by Filter": 21587}]}]}, {"Node Type": "Index Scan", "Parent Relationship": "Inner", "Parallel Aware": false, "Async Capable": false, "Scan Direction": "Forward", "Index Name": "users_pkey", "Relation Name": "users", "Alias": "u", "Startup Cost": 0.29, "Total Cost": 1457.98, "Plan Rows": 31020, "Plan Width": 4, "Actual Rows": 8419, "Actual Loops": 1, "Filter": "(creationdate >= '2012-06-17 10:52:30'::timestamp without time zone)", "Rows Removed by Filter": 9297}]}, {"Node Type": "Sort", "Parent Relationship": "Inner", "Parallel Aware": false, "Async Capable": false, "Startup Cost": 2269.0, "Total Cost": 2293.15, "Plan Rows": 9658, "Plan Width": 4, "Actual Rows": 29800, "Actual Loops": 1, "Sort Key": ["b.userid"], "Sort Method": "quicksort", "Sort Space Used": 385, "Sort Space Type": "Memory", "Plans": [{"Node Type": "Seq Scan", "Parent Relationship": "Outer", "Parallel Aware": false, "Async Capable": false, "Relation Name": "badges", "Alias": "b", "Startup Cost": 0.0, "Total Cost": 1629.76, "Plan Rows": 9658, "Plan Width": 4, "Actual Rows": 9675, "Actual Loops": 1, "Filter": "((date >= '2014-06-04 04:40:18'::timestamp without time zone) AND (date <= '2014-09-03 23:14:22'::timestamp without time zone))", "Rows Removed by Filter": 70176}]}]}]}, "Planning Time": 2.724, "Triggers": [], "Execution Time": 115.715}, {"Plan": {"Node Type": "Aggregate", "Strategy": "Plain", "Partial Mode": "Simple", "Parallel Aware": false, "Async Capable": false, "Startup Cost": 4418.82, "Total Cost": 4418.83, "Plan Rows": 1, "Plan Width": 8, "Actual Rows": 1, "Actual Loops": 1, "Plans": [{"Node Type": "Merge Join", "Parent Relationship": "Outer", "Parallel Aware": false, "Async Capable": false, "Join Type": "Inner", "Startup Cost": 2271.17, "Total Cost": 4381.38, "Plan Rows": 5598.0, "Plan Width": 0, "Actual Rows": 27335, "Actual Loops": 1, "Inner Unique": true, "Merge Cond": "(v.userid = u.id)", "Plans": [{"Node Type": "Merge Join", "Parent Relationship": "Outer", "Parallel Aware": false, "Async Capable": false, "Join Type": "Inner", "Startup Cost": 2270.88, "Total Cost": 5831.43, "Plan Rows": 13990.0, "Plan Width": 12, "Actual Rows": 1329481, "Actual Loops": 1, "Inner Unique": false, "Merge Cond": "(b.userid = v.userid)", "Plans": [{"Node Type": "Sort", "Parent Relationship": "Outer", "Parallel Aware": false, "Async Capable": false, "Startup Cost": 2269.0, "Total Cost": 2293.15, "Plan Rows": 9658, "Plan Width": 4, "Actual Rows": 3116, "Actual Loops": 1, "Sort Key": ["b.userid"], "Sort Method": "quicksort", "Sort Space Used": 385, "Sort Space Type": "Memory", "Plans": [{"Node Type": "Seq Scan", "Parent Relationship": "Outer", "Parallel Aware": false, "Async Capable": false, "Relation Name": "badges", "Alias": "b", "Startup Cost": 0.0, "Total Cost": 1629.76, "Plan Rows": 9658, "Plan Width": 4, "Actual Rows": 9675, "Actual Loops": 1, "Filter": "((date >= '2014-06-04 04:40:18'::timestamp without time zone) AND (date <= '2014-09-03 23:14:22'::timestamp without time zone))", "Rows Removed by Filter": 70176}]}, {"Node Type": "Materialize", "Parent Relationship": "Inner", "Parallel Aware": false, "Async Capable": false, "Startup Cost": 0.71, "Total Cost": 14504.77, "Plan Rows": 5504.0, "Plan Width": 8, "Actual Rows": 1342723, "Actual Loops": 1, "Plans": [{"Node Type": "Merge Join", "Parent Relationship": "Outer", "Parallel Aware": false, "Async Capable": false, "Join Type": "Inner", "Startup Cost": 0.71, "Total Cost": 13194.3, "Plan Rows": 5504.0, "Plan Width": 8, "Actual Rows": 184417, "Actual Loops": 1, "Inner Unique": false, "Merge Cond": "(p.owneruserid = v.userid)", "Plans": [{"Node Type": "Index Scan", "Parent Relationship": "Outer", "Parallel Aware": false, "Async Capable": false, "Scan Direction": "Forward", "Index Name": "idx_posts_owneruserid", "Relation Name": "posts", "Alias": "p", "Startup Cost": 0.29, "Total Cost": 4553.55, "Plan Rows": 42918, "Plan Width": 4, "Actual Rows": 24803, "Actual Loops": 1, "Filter": "((score <= 148) AND (answercount <= 67))", "Rows Removed by Filter": 39692}, {"Node Type": "Materialize", "Parent Relationship": "Inner", "Parallel Aware": false, "Async Capable": false, "Startup Cost": 0.42, "Total Cost": 12782.23, "Plan Rows": 143903, "Plan Width": 4, "Actual Rows": 186971, "Actual Loops": 1, "Plans": [{"Node Type": "Index Scan", "Parent Relationship": "Outer", "Parallel Aware": false, "Async Capable": false, "Scan Direction": "Forward", "Index Name": "idx_votes_userid", "Relation Name": "votes", "Alias": "v", "Startup Cost": 0.42, "Total Cost": 12422.47, "Plan Rows": 143903, "Plan Width": 4, "Actual Rows": 13203, "Actual Loops": 1, "Filter": "(creationdate <= '2012-11-08 03:22:30'::timestamp without time zone)", "Rows Removed by Filter": 21587}]}]}]}]}, {"Node Type": "Index Scan", "Parent Relationship": "Inner", "Parallel Aware": false, "Async Capable": false, "Scan Direction": "Forward", "Index Name": "users_pkey", "Relation Name": "users", "Alias": "u", "Startup Cost": 0.29, "Total Cost": 1457.98, "Plan Rows": 31020, "Plan Width": 4, "Actual Rows": 8419, "Actual Loops": 1, "Filter": "(creationdate >= '2012-06-17 10:52:30'::timestamp without time zone)", "Rows Removed by Filter": 9297}]}]}, "Planning Time": 2.817, "Triggers": [], "Execution Time": 260.685}, {"Plan": {"Node Type": "Aggregate", "Strategy": "Plain", "Partial Mode": "Simple", "Parallel Aware": false, "Async Capable": false, "Startup Cost": 4502.87, "Total Cost": 4502.88, "Plan Rows": 1, "Plan Width": 8, "Actual Rows": 1, "Actual Loops": 1, "Plans": [{"Node Type": "Merge Join", "Parent Relationship": "Outer", "Parallel Aware": false, "Async Capable": false, "Join Type": "Inner", "Startup Cost": 2271.22, "Total Cost": 4465.43, "Plan Rows": 5598.0, "Plan Width": 0, "Actual Rows": 27335, "Actual Loops": 1, "Inner Unique": true, "Merge Cond": "(v.userid = u.id)", "Plans": [{"Node Type": "Merge Join", "Parent Relationship": "Outer", "Parallel Aware": false, "Async Capable": false, "Join Type": "Inner", "Startup Cost": 2270.93, "Total Cost": 6625.76, "Plan Rows": 13990.0, "Plan Width": 12, "Actual Rows": 1329481, "Actual Loops": 1, "Inner Unique": false, "Merge Cond": "(v.userid = b.userid)", "Plans": [{"Node Type": "Merge Join", "Parent Relationship": "Outer", "Parallel Aware": false, "Async Capable": false, "Join Type": "Inner", "Startup Cost": 0.71, "Total Cost": 13768.48, "Plan Rows": 5504.0, "Plan Width": 8, "Actual Rows": 184417, "Actual Loops": 1, "Inner Unique": false, "Merge Cond": "(v.userid = p.owneruserid)", "Plans": [{"Node Type": "Index Scan", "Parent Relationship": "Outer", "Parallel Aware": false, "Async Capable": false, "Scan Direction": "Forward", "Index Name": "idx_votes_userid", "Relation Name": "votes", "Alias": "v", "Startup Cost": 0.42, "Total Cost": 12422.47, "Plan Rows": 143903, "Plan Width": 4, "Actual Rows": 13203, "Actual Loops": 1, "Filter": "(creationdate <= '2012-11-08 03:22:30'::timestamp without time zone)", "Rows Removed by Filter": 21587}, {"Node Type": "Materialize", "Parent Relationship": "Inner", "Parallel Aware": false, "Async Capable": false, "Startup Cost": 0.29, "Total Cost": 4660.84, "Plan Rows": 42918, "Plan Width": 4, "Actual Rows": 201012, "Actual Loops": 1, "Plans": [{"Node Type": "Index Scan", "Parent Relationship": "Outer", "Parallel Aware": false, "Async Capable": false, "Scan Direction": "Forward", "Index Name": "idx_posts_owneruserid", "Relation Name": "posts", "Alias": "p", "Startup Cost": 0.29, "Total Cost": 4553.55, "Plan Rows": 42918, "Plan Width": 4, "Actual Rows": 24803, "Actual Loops": 1, "Filter": "((score <= 148) AND (answercount <= 67))", "Rows Removed by Filter": 39692}]}]}, {"Node Type": "Sort", "Parent Relationship": "Inner", "Parallel Aware": false, "Async Capable": false, "Startup Cost": 2269.0, "Total Cost": 2293.15, "Plan Rows": 9658, "Plan Width": 4, "Actual Rows": 1331271, "Actual Loops": 1, "Sort Key": ["b.userid"], "Sort Method": "quicksort", "Sort Space Used": 385, "Sort Space Type": "Memory", "Plans": [{"Node Type": "Seq Scan", "Parent Relationship": "Outer", "Parallel Aware": false, "Async Capable": false, "Relation Name": "badges", "Alias": "b", "Startup Cost": 0.0, "Total Cost": 1629.76, "Plan Rows": 9658, "Plan Width": 4, "Actual Rows": 9675, "Actual Loops": 1, "Filter": "((date >= '2014-06-04 04:40:18'::timestamp without time zone) AND (date <= '2014-09-03 23:14:22'::timestamp without time zone))", "Rows Removed by Filter": 70176}]}]}, {"Node Type": "Index Scan", "Parent Relationship": "Inner", "Parallel Aware": false, "Async Capable": false, "Scan Direction": "Forward", "Index Name": "users_pkey", "Relation Name": "users", "Alias": "u", "Startup Cost": 0.29, "Total Cost": 1457.98, "Plan Rows": 31020, "Plan Width": 4, "Actual Rows": 8419, "Actual Loops": 1, "Filter": "(creationdate >= '2012-06-17 10:52:30'::timestamp without time zone)", "Rows Removed by Filter": 9297}]}]}, "Planning Time": 2.848, "Triggers": [], "Execution Time": 217.139}, {"Plan": {"Node Type": "Aggregate", "Strategy": "Plain", "Partial Mode": "Simple", "Parallel Aware": false, "Async Capable": false, "Startup Cost": 5907.03, "Total Cost": 5907.04, "Plan Rows": 1, "Plan Width": 8, "Actual Rows": 1, "Actual Loops": 1, "Plans": [{"Node Type": "Nested Loop", "Parent Relationship": "Outer", "Parallel Aware": false, "Async Capable": false, "Join Type": "Inner", "Startup Cost": 2271.08, "Total Cost": 5869.59, "Plan Rows": 5598.0, "Plan Width": 0, "Actual Rows": 27335, "Actual Loops": 1, "Inner Unique": false, "Join Filter": "(p.owneruserid = u.id)", "Rows Removed by Join Filter": 0, "Plans": [{"Node Type": "Merge Join", "Parent Relationship": "Outer", "Parallel Aware": false, "Async Capable": false, "Join Type": "Inner", "Startup Cost": 2270.78, "Total Cost": 4083.51, "Plan Rows": 11174.0, "Plan Width": 12, "Actual Rows": 816, "Actual Loops": 1, "Inner Unique": true, "Merge Cond": "(v.userid = u.id)", "Plans": [{"Node Type": "Merge Join", "Parent Relationship": "Outer", "Parallel Aware": false, "Async Capable": false, "Join Type": "Inner", "Startup Cost": 2270.49, "Total Cost": 4379.21, "Plan Rows": 29250.0, "Plan Width": 8, "Actual Rows": 35897, "Actual Loops": 1, "Inner Unique": false, "Merge Cond": "(v.userid = b.userid)", "Plans": [{"Node Type": "Index Scan", "Parent Relationship": "Outer", "Parallel Aware": false, "Async Capable": false, "Scan Direction": "Forward", "Index Name": "idx_votes_userid", "Relation Name": "votes", "Alias": "v", "Startup Cost": 0.42, "Total Cost": 12422.47, "Plan Rows": 143903, "Plan Width": 4, "Actual Rows": 13203, "Actual Loops": 1, "Filter": "(creationdate <= '2012-11-08 03:22:30'::timestamp without time zone)", "Rows Removed by Filter": 21587}, {"Node Type": "Sort", "Parent Relationship": "Inner", "Parallel Aware": false, "Async Capable": false, "Startup Cost": 2269.0, "Total Cost": 2293.15, "Plan Rows": 9658, "Plan Width": 4, "Actual Rows": 37627, "Actual Loops": 1, "Sort Key": ["b.userid"], "Sort Method": "quicksort", "Sort Space Used": 385, "Sort Space Type": "Memory", "Plans": [{"Node Type": "Seq Scan", "Parent Relationship": "Outer", "Parallel Aware": false, "Async Capable": false, "Relation Name": "badges", "Alias": "b", "Startup Cost": 0.0, "Total Cost": 1629.76, "Plan Rows": 9658, "Plan Width": 4, "Actual Rows": 9675, "Actual Loops": 1, "Filter": "((date >= '2014-06-04 04:40:18'::timestamp without time zone) AND (date <= '2014-09-03 23:14:22'::timestamp without time zone))", "Rows Removed by Filter": 70176}]}]}, {"Node Type": "Index Scan", "Parent Relationship": "Inner", "Parallel Aware": false, "Async Capable": false, "Scan Direction": "Forward", "Index Name": "users_pkey", "Relation Name": "users", "Alias": "u", "Startup Cost": 0.29, "Total Cost": 1457.98, "Plan Rows": 31020, "Plan Width": 4, "Actual Rows": 8419, "Actual Loops": 1, "Filter": "(creationdate >= '2012-06-17 10:52:30'::timestamp without time zone)", "Rows Removed by Filter": 9297}]}, {"Node Type": "Index Scan", "Parent Relationship": "Inner", "Parallel Aware": false, "Async Capable": false, "Scan Direction": "Forward", "Index Name": "idx_posts_owneruserid", "Relation Name": "posts", "Alias": "p", "Startup Cost": 0.29, "Total Cost": 0.41, "Plan Rows": 2, "Plan Width": 4, "Actual Rows": 33, "Actual Loops": 816, "Index Cond": "(owneruserid = v.userid)", "Rows Removed by Index Recheck": 0, "Filter": "((score <= 148) AND (answercount <= 67))", "Rows Removed by Filter": 21}]}]}, "Planning Time": 2.672, "Triggers": [], "Execution Time": 60.689}, {"Plan": {"Node Type": "Aggregate", "Strategy": "Plain", "Partial Mode": "Simple", "Parallel Aware": false, "Async Capable": false, "Startup Cost": 10564.66, "Total Cost": 10564.67, "Plan Rows": 1, "Plan Width": 8, "Actual Rows": 1, "Actual Loops": 1, "Plans": [{"Node Type": "Merge Join", "Parent Relationship": "Outer", "Parallel Aware": false, "Async Capable": false, "Join Type": "Inner", "Startup Cost": 2270.11, "Total Cost": 10527.22, "Plan Rows": 5598.0, "Plan Width": 0, "Actual Rows": 27335, "Actual Loops": 1, "Inner Unique": false, "Merge Cond": "(v.userid = u.id)", "Plans": [{"Node Type": "Index Scan", "Parent Relationship": "Outer", "Parallel Aware": false, "Async Capable": false, "Scan Direction": "Forward", "Index Name": "idx_votes_userid", "Relation Name": "votes", "Alias": "v", "Startup Cost": 0.42, "Total Cost": 12422.47, "Plan Rows": 143903, "Plan Width": 4, "Actual Rows": 13203, "Actual Loops": 1, "Filter": "(creationdate <= '2012-11-08 03:22:30'::timestamp without time zone)", "Rows Removed by Filter": 21587}, {"Node Type": "Materialize", "Parent Relationship": "Inner", "Parallel Aware": false, "Async Capable": false, "Startup Cost": 2269.69, "Total Cost": 8225.04, "Plan Rows": 283.0, "Plan Width": 12, "Actual Rows": 33533, "Actual Loops": 1, "Plans": [{"Node Type": "Nested Loop", "Parent Relationship": "Outer", "Parallel Aware": false, "Async Capable": false, "Join Type": "Inner", "Startup Cost": 2269.69, "Total Cost": 7846.46, "Plan Rows": 283.0, "Plan Width": 12, "Actual Rows": 7629, "Actual Loops": 1, "Inner Unique": false, "Plans": [{"Node Type": "Merge Join", "Parent Relationship": "Outer", "Parallel Aware": false, "Async Capable": false, "Join Type": "Inner", "Startup Cost": 2269.39, "Total Cost": 3927.06, "Plan Rows": 1101.0, "Plan Width": 8, "Actual Rows": 956, "Actual Loops": 1, "Inner Unique": false, "Merge Cond": "(u.id = b.userid)", "Plans": [{"Node Type": "Index Scan", "Parent Relationship": "Outer", "Parallel Aware": false, "Async Capable": false, "Scan Direction": "Forward", "Index Name": "users_pkey", "Relation Name": "users", "Alias": "u", "Startup Cost": 0.29, "Total Cost": 1457.98, "Plan Rows": 31020, "Plan Width": 4, "Actual Rows": 8419, "Actual Loops": 1, "Filter": "(creationdate >= '2012-06-17 10:52:30'::timestamp without time zone)", "Rows Removed by Filter": 9297}, {"Node Type": "Sort", "Parent Relationship": "Inner", "Parallel Aware": false, "Async Capable": false, "Startup Cost": 2269.0, "Total Cost": 2293.15, "Plan Rows": 9658, "Plan Width": 4, "Actual Rows": 3116, "Actual Loops": 1, "Sort Key": ["b.userid"], "Sort Method": "quicksort", "Sort Space Used": 385, "Sort Space Type": "Memory", "Plans": [{"Node Type": "Seq Scan", "Parent Relationship": "Outer", "Parallel Aware": false, "Async Capable": false, "Relation Name": "badges", "Alias": "b", "Startup Cost": 0.0, "Total Cost": 1629.76, "Plan Rows": 9658, "Plan Width": 4, "Actual Rows": 9675, "Actual Loops": 1, "Filter": "((date >= '2014-06-04 04:40:18'::timestamp without time zone) AND (date <= '2014-09-03 23:14:22'::timestamp without time zone))", "Rows Removed by Filter": 70176}]}]}, {"Node Type": "Index Scan", "Parent Relationship": "Inner", "Parallel Aware": false, "Async Capable": false, "Scan Direction": "Forward", "Index Name": "idx_posts_owneruserid", "Relation Name": "posts", "Alias": "p", "Startup Cost": 0.29, "Total Cost": 0.51, "Plan Rows": 2, "Plan Width": 4, "Actual Rows": 8, "Actual Loops": 956, "Index Cond": "(owneruserid = u.id)", "Rows Removed by Index Recheck": 0, "Filter": "((score <= 148) AND (answercount <= 67))", "Rows Removed by Filter": 10}]}]}]}]}, "Planning Time": 2.423, "Triggers": [], "Execution Time": 54.733}, {"Plan": {"Node Type": "Aggregate", "Strategy": "Plain", "Partial Mode": "Simple", "Parallel Aware": false, "Async Capable": false, "Startup Cost": 5835.13, "Total Cost": 5835.14, "Plan Rows": 1, "Plan Width": 8, "Actual Rows": 1, "Actual Loops": 1, "Plans": [{"Node Type": "Hash Join", "Parent Relationship": "Outer", "Parallel Aware": false, "Async Capable": false, "Join Type": "Inner", "Startup Cost": 4029.58, "Total Cost": 5797.69, "Plan Rows": 5598.0, "Plan Width": 0, "Actual Rows": 27335, "Actual Loops": 1, "Inner Unique": false, "Hash Cond": "(b.userid = u.id)", "Plans": [{"Node Type": "Seq Scan", "Parent Relationship": "Outer", "Parallel Aware": false, "Async Capable": false, "Relation Name": "badges", "Alias": "b", "Startup Cost": 0.0, "Total Cost": 1629.76, "Plan Rows": 9658, "Plan Width": 4, "Actual Rows": 9675, "Actual Loops": 1, "Filter": "((date >= '2014-06-04 04:40:18'::timestamp without time zone) AND (date <= '2014-09-03 23:14:22'::timestamp without time zone))", "Rows Removed by Filter": 70176}, {"Node Type": "Hash", "Parent Relationship": "Inner", "Parallel Aware": false, "Async Capable": false, "Startup Cost": 3496.54, "Total Cost": 3496.54, "Plan Rows": 3693.0, "Plan Width": 12, "Actual Rows": 13624, "Actual Loops": 1, "Hash Buckets": 65536, "Original Hash Buckets": 65536, "Hash Batches": 1, "Original Hash Batches": 1, "Peak Memory Usage": 1098, "Plans": [{"Node Type": "Merge Join", "Parent Relationship": "Outer", "Parallel Aware": false, "Async Capable": false, "Join Type": "Inner", "Startup Cost": 1.0, "Total Cost": 3496.54, "Plan Rows": 3693.0, "Plan Width": 12, "Actual Rows": 13624, "Actual Loops": 1, "Inner Unique": true, "Merge Cond": "(v.userid = u.id)", "Plans": [{"Node Type": "Merge Join", "Parent Relationship": "Outer", "Parallel Aware": false, "Async Capable": false, "Join Type": "Inner", "Startup Cost": 0.71, "Total Cost": 13194.3, "Plan Rows": 5504.0, "Plan Width": 8, "Actual Rows": 184417, "Actual Loops": 1, "Inner Unique": false, "Merge Cond": "(p.owneruserid = v.userid)", "Plans": [{"Node Type": "Index Scan", "Parent Relationship": "Outer", "Parallel Aware": false, "Async Capable": false, "Scan Direction": "Forward", "Index Name": "idx_posts_owneruserid", "Relation Name": "posts", "Alias": "p", "Startup Cost": 0.29, "Total Cost": 4553.55, "Plan Rows": 42918, "Plan Width": 4, "Actual Rows": 24803, "Actual Loops": 1, "Filter": "((score <= 148) AND (answercount <= 67))", "Rows Removed by Filter": 39692}, {"Node Type": "Materialize", "Parent Relationship": "Inner", "Parallel Aware": false, "Async Capable": false, "Startup Cost": 0.42, "Total Cost": 12782.23, "Plan Rows": 143903, "Plan Width": 4, "Actual Rows": 186971, "Actual Loops": 1, "Plans": [{"Node Type": "Index Scan", "Parent Relationship": "Outer", "Parallel Aware": false, "Async Capable": false, "Scan Direction": "Forward", "Index Name": "idx_votes_userid", "Relation Name": "votes", "Alias": "v", "Startup Cost": 0.42, "Total Cost": 12422.47, "Plan Rows": 143903, "Plan Width": 4, "Actual Rows": 13203, "Actual Loops": 1, "Filter": "(creationdate <= '2012-11-08 03:22:30'::timestamp without time zone)", "Rows Removed by Filter": 21587}]}]}, {"Node Type": "Index Scan", "Parent Relationship": "Inner", "Parallel Aware": false, "Async Capable": false, "Scan Direction": "Forward", "Index Name": "users_pkey", "Relation Name": "users", "Alias": "u", "Startup Cost": 0.29, "Total Cost": 1457.98, "Plan Rows": 31020, "Plan Width": 4, "Actual Rows": 8419, "Actual Loops": 1, "Filter": "(creationdate >= '2012-06-17 10:52:30'::timestamp without time zone)", "Rows Removed by Filter": 9297}]}]}]}]}, "Planning Time": 2.749, "Triggers": [], "Execution Time": 123.15}, {"Plan": {"Node Type": "Aggregate", "Strategy": "Plain", "Partial Mode": "Simple", "Parallel Aware": false, "Async Capable": false, "Startup Cost": 14369.99, "Total Cost": 14370.0, "Plan Rows": 1, "Plan Width": 8, "Actual Rows": 1, "Actual Loops": 1, "Plans": [{"Node Type": "Merge Join", "Parent Relationship": "Outer", "Parallel Aware": false, "Async Capable": false, "Join Type": "Inner", "Startup Cost": 2280.98, "Total Cost": 14332.55, "Plan Rows": 5598.0, "Plan Width": 0, "Actual Rows": 27335, "Actual Loops": 1, "Inner Unique": false, "Merge Cond": "(u.id = p.owneruserid)", "Plans": [{"Node Type": "Merge Join", "Parent Relationship": "Outer", "Parallel Aware": false, "Async Capable": false, "Join Type": "Inner", "Startup Cost": 0.71, "Total Cost": 3004.72, "Plan Rows": 4104.0, "Plan Width": 8, "Actual Rows": 869, "Actual Loops": 1, "Inner Unique": true, "Merge Cond": "(v.userid = u.id)", "Plans": [{"Node Type": "Index Scan", "Parent Relationship": "Outer", "Parallel Aware": false, "Async Capable": false, "Scan Direction": "Forward", "Index Name": "idx_votes_userid", "Relation Name": "votes", "Alias": "v", "Startup Cost": 0.42, "Total Cost": 12422.47, "Plan Rows": 143903, "Plan Width": 4, "Actual Rows": 13203, "Actual Loops": 1, "Filter": "(creationdate <= '2012-11-08 03:22:30'::timestamp without time zone)", "Rows Removed by Filter": 21587}, {"Node Type": "Index Scan", "Parent Relationship": "Inner", "Parallel Aware": false, "Async Capable": false, "Scan Direction": "Forward", "Index Name": "users_pkey", "Relation Name": "users", "Alias": "u", "Startup Cost": 0.29, "Total Cost": 1457.98, "Plan Rows": 31020, "Plan Width": 4, "Actual Rows": 8419, "Actual Loops": 1, "Filter": "(creationdate >= '2012-06-17 10:52:30'::timestamp without time zone)", "Rows Removed by Filter": 9297}]}, {"Node Type": "Materialize", "Parent Relationship": "Inner", "Parallel Aware": false, "Async Capable": false, "Startup Cost": 2280.26, "Total Cost": 10357.16, "Plan Rows": 839.0, "Plan Width": 8, "Actual Rows": 60337, "Actual Loops": 1, "Plans": [{"Node Type": "Merge Join", "Parent Relationship": "Outer", "Parallel Aware": false, "Async Capable": false, "Join Type": "Inner", "Startup Cost": 2280.26, "Total Cost": 9857.46, "Plan Rows": 839.0, "Plan Width": 8, "Actual Rows": 34433, "Actual Loops": 1, "Inner Unique": false, "Merge Cond": "(p.owneruserid = b.userid)", "Plans": [{"Node Type": "Index Scan", "Parent Relationship": "Outer", "Parallel Aware": false, "Async Capable": false, "Scan Direction": "Forward", "Index Name": "idx_posts_owneruserid", "Relation Name": "posts", "Alias": "p", "Startup Cost": 0.29, "Total Cost": 4553.55, "Plan Rows": 42918, "Plan Width": 4, "Actual Rows": 19249, "Actual Loops": 1, "Filter": "((score <= 148) AND (answercount <= 67))", "Rows Removed by Filter": 34984}, {"Node Type": "Sort", "Parent Relationship": "Inner", "Parallel Aware": false, "Async Capable": false, "Startup Cost": 2269.0, "Total Cost": 2293.15, "Plan Rows": 9658, "Plan Width": 4, "Actual Rows": 34621, "Actual Loops": 1, "Sort Key": ["b.userid"], "Sort Method": "quicksort", "Sort Space Used": 385, "Sort Space Type": "Memory", "Plans": [{"Node Type": "Seq Scan", "Parent Relationship": "Outer", "Parallel Aware": false, "Async Capable": false, "Relation Name": "badges", "Alias": "b", "Startup Cost": 0.0, "Total Cost": 1629.76, "Plan Rows": 9658, "Plan Width": 4, "Actual Rows": 9675, "Actual Loops": 1, "Filter": "((date >= '2014-06-04 04:40:18'::timestamp without time zone) AND (date <= '2014-09-03 23:14:22'::timestamp without time zone))", "Rows Removed by Filter": 70176}]}]}]}]}]}, "Planning Time": 2.643, "Triggers": [], "Execution Time": 94.881}, {"Plan": {"Node Type": "Aggregate", "Strategy": "Plain", "Partial Mode": "Simple", "Parallel Aware": false, "Async Capable": false, "Startup Cost": 5046.79, "Total Cost": 5046.8, "Plan Rows": 1, "Plan Width": 8, "Actual Rows": 1, "Actual Loops": 1, "Plans": [{"Node Type": "Merge Join", "Parent Relationship": "Outer", "Parallel Aware": false, "Async Capable": false, "Join Type": "Inner", "Startup Cost": 3322.29, "Total Cost": 5009.35, "Plan Rows": 5598.0, "Plan Width": 0, "Actual Rows": 27335, "Actual Loops": 1, "Inner Unique": false, "Merge Cond": "(v.userid = u.id)", "Plans": [{"Node Type": "Merge Join", "Parent Relationship": "Outer", "Parallel Aware": false, "Async Capable": false, "Join Type": "Inner", "Startup Cost": 0.71, "Total Cost": 13194.3, "Plan Rows": 5504.0, "Plan Width": 8, "Actual Rows": 184417, "Actual Loops": 1, "Inner Unique": false, "Merge Cond": "(p.owneruserid = v.userid)", "Plans": [{"Node Type": "Index Scan", "Parent Relationship": "Outer", "Parallel Aware": false, "Async Capable": false, "Scan Direction": "Forward", "Index Name": "idx_posts_owneruserid", "Relation Name": "posts", "Alias": "p", "Startup Cost": 0.29, "Total Cost": 4553.55, "Plan Rows": 42918, "Plan Width": 4, "Actual Rows": 24803, "Actual Loops": 1, "Filter": "((score <= 148) AND (answercount <= 67))", "Rows Removed by Filter": 39692}, {"Node Type": "Materialize", "Parent Relationship": "Inner", "Parallel Aware": false, "Async Capable": false, "Startup Cost": 0.42, "Total Cost": 12782.23, "Plan Rows": 143903, "Plan Width": 4, "Actual Rows": 186971, "Actual Loops": 1, "Plans": [{"Node Type": "Index Scan", "Parent Relationship": "Outer", "Parallel Aware": false, "Async Capable": false, "Scan Direction": "Forward", "Index Name": "idx_votes_userid", "Relation Name": "votes", "Alias": "v", "Startup Cost": 0.42, "Total Cost": 12422.47, "Plan Rows": 143903, "Plan Width": 4, "Actual Rows": 13203, "Actual Loops": 1, "Filter": "(creationdate <= '2012-11-08 03:22:30'::timestamp without time zone)", "Rows Removed by Filter": 21587}]}]}, {"Node Type": "Sort", "Parent Relationship": "Inner", "Parallel Aware": false, "Async Capable": false, "Startup Cost": 3321.58, "Total Cost": 3340.15, "Plan Rows": 1101.0, "Plan Width": 8, "Actual Rows": 28187, "Actual Loops": 1, "Sort Key": ["b.userid"], "Sort Method": "quicksort", "Sort Space Used": 427, "Sort Space Type": "Memory", "Plans": [{"Node Type": "Hash Join", "Parent Relationship": "Outer", "Parallel Aware": false, "Async Capable": false, "Join Type": "Inner", "Startup Cost": 1188.81, "Total Cost": 2843.93, "Plan Rows": 1101.0, "Plan Width": 8, "Actual Rows": 7514, "Actual Loops": 1, "Inner Unique": true, "Hash Cond": "(b.userid = u.id)", "Plans": [{"Node Type": "Seq Scan", "Parent Relationship": "Outer", "Parallel Aware": false, "Async Capable": false, "Relation Name": "badges", "Alias": "b", "Startup Cost": 0.0, "Total Cost": 1629.76, "Plan Rows": 9658, "Plan Width": 4, "Actual Rows": 9675, "Actual Loops": 1, "Filter": "((date >= '2014-06-04 04:40:18'::timestamp without time zone) AND (date <= '2014-09-03 23:14:22'::timestamp without time zone))", "Rows Removed by Filter": 70176}, {"Node Type": "Hash", "Parent Relationship": "Inner", "Parallel Aware": false, "Async Capable": false, "Startup Cost": 801.06, "Total Cost": 801.06, "Plan Rows": 31020, "Plan Width": 4, "Actual Rows": 31026, "Actual Loops": 1, "Hash Buckets": 32768, "Original Hash Buckets": 32768, "Hash Batches": 1, "Original Hash Batches": 1, "Peak Memory Usage": 1347, "Plans": [{"Node Type": "Seq Scan", "Parent Relationship": "Outer", "Parallel Aware": false, "Async Capable": false, "Relation Name": "users", "Alias": "u", "Startup Cost": 0.0, "Total Cost": 801.06, "Plan Rows": 31020, "Plan Width": 4, "Actual Rows": 31026, "Actual Loops": 1, "Filter": "(creationdate >= '2012-06-17 10:52:30'::timestamp without time zone)", "Rows Removed by Filter": 9299}]}]}]}]}]}, "Planning Time": 2.756, "Triggers": [], "Execution Time": 130.904}, {"Plan": {"Node Type": "Aggregate", "Strategy": "Plain", "Partial Mode": "Simple", "Parallel Aware": false, "Async Capable": false, "Startup Cost": 8576.83, "Total Cost": 8576.84, "Plan Rows": 1, "Plan Width": 8, "Actual Rows": 1, "Actual Loops": 1, "Plans": [{"Node Type": "Hash Join", "Parent Relationship": "Outer", "Parallel Aware": false, "Async Capable": false, "Join Type": "Inner", "Startup Cost": 6198.05, "Total Cost": 8539.39, "Plan Rows": 5598.0, "Plan Width": 0, "Actual Rows": 27335, "Actual Loops": 1, "Inner Unique": false, "Hash Cond": "(v.userid = u.id)", "Plans": [{"Node Type": "Merge Join", "Parent Relationship": "Outer", "Parallel Aware": false, "Async Capable": false, "Join Type": "Inner", "Startup Cost": 2270.49, "Total Cost": 4379.21, "Plan Rows": 29250.0, "Plan Width": 8, "Actual Rows": 35897, "Actual Loops": 1, "Inner Unique": false, "Merge Cond": "(v.userid = b.userid)", "Plans": [{"Node Type": "Index Scan", "Parent Relationship": "Outer", "Parallel Aware": false, "Async Capable": false, "Scan Direction": "Forward", "Index Name": "idx_votes_userid", "Relation Name": "votes", "Alias": "v", "Startup Cost": 0.42, "Total Cost": 12422.47, "Plan Rows": 143903, "Plan Width": 4, "Actual Rows": 13203, "Actual Loops": 1, "Filter": "(creationdate <= '2012-11-08 03:22:30'::timestamp without time zone)", "Rows Removed by Filter": 21587}, {"Node Type": "Sort", "Parent Relationship": "Inner", "Parallel Aware": false, "Async Capable": false, "Startup Cost": 2269.0, "Total Cost": 2293.15, "Plan Rows": 9658, "Plan Width": 4, "Actual Rows": 37627, "Actual Loops": 1, "Sort Key": ["b.userid"], "Sort Method": "quicksort", "Sort Space Used": 385, "Sort Space Type": "Memory", "Plans": [{"Node Type": "Seq Scan", "Parent Relationship": "Outer", "Parallel Aware": false, "Async Capable": false, "Relation Name": "badges", "Alias": "b", "Startup Cost": 0.0, "Total Cost": 1629.76, "Plan Rows": 9658, "Plan Width": 4, "Actual Rows": 9675, "Actual Loops": 1, "Filter": "((date >= '2014-06-04 04:40:18'::timestamp without time zone) AND (date <= '2014-09-03 23:14:22'::timestamp without time zone))", "Rows Removed by Filter": 70176}]}]}, {"Node Type": "Hash", "Parent Relationship": "Inner", "Parallel Aware": false, "Async Capable": false, "Startup Cost": 3521.12, "Total Cost": 3521.12, "Plan Rows": 135.0, "Plan Width": 8, "Actual Rows": 27013, "Actual Loops": 1, "Hash Buckets": 32768, "Original Hash Buckets": 32768, "Hash Batches": 1, "Original Hash Batches": 1, "Peak Memory Usage": 1312, "Plans": [{"Node Type": "Hash Join", "Parent Relationship": "Outer", "Parallel Aware": false, "Async Capable": false, "Join Type": "Inner", "Startup Cost": 1188.81, "Total Cost": 3521.12, "Plan Rows": 135.0, "Plan Width": 8, "Actual Rows": 27013, "Actual Loops": 1, "Inner Unique": true, "Hash Cond": "(p.owneruserid = u.id)", "Plans": [{"Node Type": "Seq Scan", "Parent Relationship": "Outer", "Parallel Aware": false, "Async Capable": false, "Relation Name": "posts", "Alias": "p", "Startup Cost": 0.0, "Total Cost": 2219.64, "Plan Rows": 42918, "Plan Width": 4, "Actual Rows": 42916, "Actual Loops": 1, "Filter": "((score <= 148) AND (answercount <= 67))", "Rows Removed by Filter": 49060}, {"Node Type": "Hash", "Parent Relationship": "Inner", "Parallel Aware": false, "Async Capable": false, "Startup Cost": 801.06, "Total Cost": 801.06, "Plan Rows": 31020, "Plan Width": 4, "Actual Rows": 31026, "Actual Loops": 1, "Hash Buckets": 32768, "Original Hash Buckets": 32768, "Hash Batches": 1, "Original Hash Batches": 1, "Peak Memory Usage": 1347, "Plans": [{"Node Type": "Seq Scan", "Parent Relationship": "Outer", "Parallel Aware": false, "Async Capable": false, "Relation Name": "users", "Alias": "u", "Startup Cost": 0.0, "Total Cost": 801.06, "Plan Rows": 31020, "Plan Width": 4, "Actual Rows": 31026, "Actual Loops": 1, "Filter": "(creationdate >= '2012-06-17 10:52:30'::timestamp without time zone)", "Rows Removed by Filter": 9299}]}]}]}]}]}, "Planning Time": 2.835, "Triggers": [], "Execution Time": 111.021}, {"Plan": {"Node Type": "Aggregate", "Strategy": "Plain", "Partial Mode": "Simple", "Parallel Aware": false, "Async Capable": false, "Startup Cost": 6596.01, "Total Cost": 6596.02, "Plan Rows": 1, "Plan Width": 8, "Actual Rows": 1, "Actual Loops": 1, "Plans": [{"Node Type": "Hash Join", "Parent Relationship": "Outer", "Parallel Aware": false, "Async Capable": false, "Join Type": "Inner", "Startup Cost": 4134.9, "Total Cost": 6558.57, "Plan Rows": 5598.0, "Plan Width": 0, "Actual Rows": 27335, "Actual Loops": 1, "Inner Unique": false, "Hash Cond": "(p.owneruserid = u.id)", "Plans": [{"Node Type": "Seq Scan", "Parent Relationship": "Outer", "Parallel Aware": false, "Async Capable": false, "Relation Name": "posts", "Alias": "p", "Startup Cost": 0.0, "Total Cost": 2219.64, "Plan Rows": 42918, "Plan Width": 4, "Actual Rows": 42916, "Actual Loops": 1, "Filter": "((score <= 148) AND (answercount <= 67))", "Rows Removed by Filter": 49060}, {"Node Type": "Hash", "Parent Relationship": "Inner", "Parallel Aware": false, "Async Capable": false, "Startup Cost": 4083.51, "Total Cost": 4083.51, "Plan Rows": 11174.0, "Plan Width": 12, "Actual Rows": 816, "Actual Loops": 1, "Hash Buckets": 8192, "Original Hash Buckets": 8192, "Hash Batches": 1, "Original Hash Batches": 1, "Peak Memory Usage": 100, "Plans": [{"Node Type": "Merge Join", "Parent Relationship": "Outer", "Parallel Aware": false, "Async Capable": false, "Join Type": "Inner", "Startup Cost": 2270.78, "Total Cost": 4083.51, "Plan Rows": 11174.0, "Plan Width": 12, "Actual Rows": 816, "Actual Loops": 1, "Inner Unique": true, "Merge Cond": "(v.userid = u.id)", "Plans": [{"Node Type": "Merge Join", "Parent Relationship": "Outer", "Parallel Aware": false, "Async Capable": false, "Join Type": "Inner", "Startup Cost": 2270.49, "Total Cost": 4379.21, "Plan Rows": 29250.0, "Plan Width": 8, "Actual Rows": 35897, "Actual Loops": 1, "Inner Unique": false, "Merge Cond": "(v.userid = b.userid)", "Plans": [{"Node Type": "Index Scan", "Parent Relationship": "Outer", "Parallel Aware": false, "Async Capable": false, "Scan Direction": "Forward", "Index Name": "idx_votes_userid", "Relation Name": "votes", "Alias": "v", "Startup Cost": 0.42, "Total Cost": 12422.47, "Plan Rows": 143903, "Plan Width": 4, "Actual Rows": 13203, "Actual Loops": 1, "Filter": "(creationdate <= '2012-11-08 03:22:30'::timestamp without time zone)", "Rows Removed by Filter": 21587}, {"Node Type": "Sort", "Parent Relationship": "Inner", "Parallel Aware": false, "Async Capable": false, "Startup Cost": 2269.0, "Total Cost": 2293.15, "Plan Rows": 9658, "Plan Width": 4, "Actual Rows": 37627, "Actual Loops": 1, "Sort Key": ["b.userid"], "Sort Method": "quicksort", "Sort Space Used": 385, "Sort Space Type": "Memory", "Plans": [{"Node Type": "Seq Scan", "Parent Relationship": "Outer", "Parallel Aware": false, "Async Capable": false, "Relation Name": "badges", "Alias": "b", "Startup Cost": 0.0, "Total Cost": 1629.76, "Plan Rows": 9658, "Plan Width": 4, "Actual Rows": 9675, "Actual Loops": 1, "Filter": "((date >= '2014-06-04 04:40:18'::timestamp without time zone) AND (date <= '2014-09-03 23:14:22'::timestamp without time zone))", "Rows Removed by Filter": 70176}]}]}, {"Node Type": "Index Scan", "Parent Relationship": "Inner", "Parallel Aware": false, "Async Capable": false, "Scan Direction": "Forward", "Index Name": "users_pkey", "Relation Name": "users", "Alias": "u", "Startup Cost": 0.29, "Total Cost": 1457.98, "Plan Rows": 31020, "Plan Width": 4, "Actual Rows": 8419, "Actual Loops": 1, "Filter": "(creationdate >= '2012-06-17 10:52:30'::timestamp without time zone)", "Rows Removed by Filter": 9297}]}]}]}]}, "Planning Time": 2.698, "Triggers": [], "Execution Time": 74.551}, {"Plan": {"Node Type": "Aggregate", "Strategy": "Plain", "Partial Mode": "Simple", "Parallel Aware": false, "Async Capable": false, "Startup Cost": 5171.46, "Total Cost": 5171.47, "Plan Rows": 1, "Plan Width": 8, "Actual Rows": 1, "Actual Loops": 1, "Plans": [{"Node Type": "Merge Join", "Parent Relationship": "Outer", "Parallel Aware": false, "Async Capable": false, "Join Type": "Inner", "Startup Cost": 3322.29, "Total Cost": 5134.02, "Plan Rows": 5598.0, "Plan Width": 0, "Actual Rows": 27335, "Actual Loops": 1, "Inner Unique": false, "Merge Cond": "(u.id = v.userid)", "Plans": [{"Node Type": "Sort", "Parent Relationship": "Outer", "Parallel Aware": false, "Async Capable": false, "Startup Cost": 3321.58, "Total Cost": 3340.15, "Plan Rows": 1101.0, "Plan Width": 8, "Actual Rows": 956, "Actual Loops": 1, "Sort Key": ["b.userid"], "Sort Method": "quicksort", "Sort Space Used": 427, "Sort Space Type": "Memory", "Plans": [{"Node Type": "Hash Join", "Parent Relationship": "Outer", "Parallel Aware": false, "Async Capable": false, "Join Type": "Inner", "Startup Cost": 1188.81, "Total Cost": 2843.93, "Plan Rows": 1101.0, "Plan Width": 8, "Actual Rows": 7514, "Actual Loops": 1, "Inner Unique": true, "Hash Cond": "(b.userid = u.id)", "Plans": [{"Node Type": "Seq Scan", "Parent Relationship": "Outer", "Parallel Aware": false, "Async Capable": false, "Relation Name": "badges", "Alias": "b", "Startup Cost": 0.0, "Total Cost": 1629.76, "Plan Rows": 9658, "Plan Width": 4, "Actual Rows": 9675, "Actual Loops": 1, "Filter": "((date >= '2014-06-04 04:40:18'::timestamp without time zone) AND (date <= '2014-09-03 23:14:22'::timestamp without time zone))", "Rows Removed by Filter": 70176}, {"Node Type": "Hash", "Parent Relationship": "Inner", "Parallel Aware": false, "Async Capable": false, "Startup Cost": 801.06, "Total Cost": 801.06, "Plan Rows": 31020, "Plan Width": 4, "Actual Rows": 31026, "Actual Loops": 1, "Hash Buckets": 32768, "Original Hash Buckets": 32768, "Hash Batches": 1, "Original Hash Batches": 1, "Peak Memory Usage": 1347, "Plans": [{"Node Type": "Seq Scan", "Parent Relationship": "Outer", "Parallel Aware": false, "Async Capable": false, "Relation Name": "users", "Alias": "u", "Startup Cost": 0.0, "Total Cost": 801.06, "Plan Rows": 31020, "Plan Width": 4, "Actual Rows": 31026, "Actual Loops": 1, "Filter": "(creationdate >= '2012-06-17 10:52:30'::timestamp without time zone)", "Rows Removed by Filter": 9299}]}]}]}, {"Node Type": "Materialize", "Parent Relationship": "Inner", "Parallel Aware": false, "Async Capable": false, "Startup Cost": 0.71, "Total Cost": 14504.77, "Plan Rows": 5504.0, "Plan Width": 8, "Actual Rows": 198575, "Actual Loops": 1, "Plans": [{"Node Type": "Merge Join", "Parent Relationship": "Outer", "Parallel Aware": false, "Async Capable": false, "Join Type": "Inner", "Startup Cost": 0.71, "Total Cost": 13194.3, "Plan Rows": 5504.0, "Plan Width": 8, "Actual Rows": 184417, "Actual Loops": 1, "Inner Unique": false, "Merge Cond": "(p.owneruserid = v.userid)", "Plans": [{"Node Type": "Index Scan", "Parent Relationship": "Outer", "Parallel Aware": false, "Async Capable": false, "Scan Direction": "Forward", "Index Name": "idx_posts_owneruserid", "Relation Name": "posts", "Alias": "p", "Startup Cost": 0.29, "Total Cost": 4553.55, "Plan Rows": 42918, "Plan Width": 4, "Actual Rows": 24803, "Actual Loops": 1, "Filter": "((score <= 148) AND (answercount <= 67))", "Rows Removed by Filter": 39692}, {"Node Type": "Materialize", "Parent Relationship": "Inner", "Parallel Aware": false, "Async Capable": false, "Startup Cost": 0.42, "Total Cost": 12782.23, "Plan Rows": 143903, "Plan Width": 4, "Actual Rows": 186971, "Actual Loops": 1, "Plans": [{"Node Type": "Index Scan", "Parent Relationship": "Outer", "Parallel Aware": false, "Async Capable": false, "Scan Direction": "Forward", "Index Name": "idx_votes_userid", "Relation Name": "votes", "Alias": "v", "Startup Cost": 0.42, "Total Cost": 12422.47, "Plan Rows": 143903, "Plan Width": 4, "Actual Rows": 13203, "Actual Loops": 1, "Filter": "(creationdate <= '2012-11-08 03:22:30'::timestamp without time zone)", "Rows Removed by Filter": 21587}]}]}]}]}]}, "Planning Time": 2.663, "Triggers": [], "Execution Time": 154.378}, {"Plan": {"Node Type": "Aggregate", "Strategy": "Plain", "Partial Mode": "Simple", "Parallel Aware": false, "Async Capable": false, "Startup Cost": 4467.5, "Total Cost": 4467.51, "Plan Rows": 1, "Plan Width": 8, "Actual Rows": 1, "Actual Loops": 1, "Plans": [{"Node Type": "Merge Join", "Parent Relationship": "Outer", "Parallel Aware": false, "Async Capable": false, "Join Type": "Inner", "Startup Cost": 2271.17, "Total Cost": 4430.06, "Plan Rows": 5598.0, "Plan Width": 0, "Actual Rows": 27335, "Actual Loops": 1, "Inner Unique": false, "Merge Cond": "(u.id = v.userid)", "Plans": [{"Node Type": "Index Scan", "Parent Relationship": "Outer", "Parallel Aware": false, "Async Capable": false, "Scan Direction": "Forward", "Index Name": "users_pkey", "Relation Name": "users", "Alias": "u", "Startup Cost": 0.29, "Total Cost": 1457.98, "Plan Rows": 31020, "Plan Width": 4, "Actual Rows": 8419, "Actual Loops": 1, "Filter": "(creationdate >= '2012-06-17 10:52:30'::timestamp without time zone)", "Rows Removed by Filter": 9297}, {"Node Type": "Materialize", "Parent Relationship": "Inner", "Parallel Aware": false, "Async Capable": false, "Startup Cost": 2270.88, "Total Cost": 6291.67, "Plan Rows": 13990.0, "Plan Width": 12, "Actual Rows": 1329481, "Actual Loops": 1, "Plans": [{"Node Type": "Merge Join", "Parent Relationship": "Outer", "Parallel Aware": false, "Async Capable": false, "Join Type": "Inner", "Startup Cost": 2270.88, "Total Cost": 5831.43, "Plan Rows": 13990.0, "Plan Width": 12, "Actual Rows": 1329481, "Actual Loops": 1, "Inner Unique": false, "Merge Cond": "(b.userid = v.userid)", "Plans": [{"Node Type": "Sort", "Parent Relationship": "Outer", "Parallel Aware": false, "Async Capable": false, "Startup Cost": 2269.0, "Total Cost": 2293.15, "Plan Rows": 9658, "Plan Width": 4, "Actual Rows": 3116, "Actual Loops": 1, "Sort Key": ["b.userid"], "Sort Method": "quicksort", "Sort Space Used": 385, "Sort Space Type": "Memory", "Plans": [{"Node Type": "Seq Scan", "Parent Relationship": "Outer", "Parallel Aware": false, "Async Capable": false, "Relation Name": "badges", "Alias": "b", "Startup Cost": 0.0, "Total Cost": 1629.76, "Plan Rows": 9658, "Plan Width": 4, "Actual Rows": 9675, "Actual Loops": 1, "Filter": "((date >= '2014-06-04 04:40:18'::timestamp without time zone) AND (date <= '2014-09-03 23:14:22'::timestamp without time zone))", "Rows Removed by Filter": 70176}]}, {"Node Type": "Materialize", "Parent Relationship": "Inner", "Parallel Aware": false, "Async Capable": false, "Startup Cost": 0.71, "Total Cost": 14504.77, "Plan Rows": 5504.0, "Plan Width": 8, "Actual Rows": 1342723, "Actual Loops": 1, "Plans": [{"Node Type": "Merge Join", "Parent Relationship": "Outer", "Parallel Aware": false, "Async Capable": false, "Join Type": "Inner", "Startup Cost": 0.71, "Total Cost": 13194.3, "Plan Rows": 5504.0, "Plan Width": 8, "Actual Rows": 184417, "Actual Loops": 1, "Inner Unique": false, "Merge Cond": "(p.owneruserid = v.userid)", "Plans": [{"Node Type": "Index Scan", "Parent Relationship": "Outer", "Parallel Aware": false, "Async Capable": false, "Scan Direction": "Forward", "Index Name": "idx_posts_owneruserid", "Relation Name": "posts", "Alias": "p", "Startup Cost": 0.29, "Total Cost": 4553.55, "Plan Rows": 42918, "Plan Width": 4, "Actual Rows": 24803, "Actual Loops": 1, "Filter": "((score <= 148) AND (answercount <= 67))", "Rows Removed by Filter": 39692}, {"Node Type": "Materialize", "Parent Relationship": "Inner", "Parallel Aware": false, "Async Capable": false, "Startup Cost": 0.42, "Total Cost": 12782.23, "Plan Rows": 143903, "Plan Width": 4, "Actual Rows": 186971, "Actual Loops": 1, "Plans": [{"Node Type": "Index Scan", "Parent Relationship": "Outer", "Parallel Aware": false, "Async Capable": false, "Scan Direction": "Forward", "Index Name": "idx_votes_userid", "Relation Name": "votes", "Alias": "v", "Startup Cost": 0.42, "Total Cost": 12422.47, "Plan Rows": 143903, "Plan Width": 4, "Actual Rows": 13203, "Actual Loops": 1, "Filter": "(creationdate <= '2012-11-08 03:22:30'::timestamp without time zone)", "Rows Removed by Filter": 21587}]}]}]}]}]}]}]}, "Planning Time": 2.836, "Triggers": [], "Execution Time": 448.474}, {"Plan": {"Node Type": "Aggregate", "Strategy": "Plain", "Partial Mode": "Simple", "Parallel Aware": false, "Async Capable": false, "Startup Cost": 13122.91, "Total Cost": 13122.92, "Plan Rows": 1, "Plan Width": 8, "Actual Rows": 1, "Actual Loops": 1, "Plans": [{"Node Type": "Hash Join", "Parent Relationship": "Outer", "Parallel Aware": false, "Async Capable": false, "Join Type": "Inner", "Startup Cost": 3151.36, "Total Cost": 13085.47, "Plan Rows": 5598.0, "Plan Width": 0, "Actual Rows": 27335, "Actual Loops": 1, "Inner Unique": false, "Hash Cond": "(p.owneruserid = u.id)", "Plans": [{"Node Type": "Nested Loop", "Parent Relationship": "Outer", "Parallel Aware": false, "Async Capable": false, "Join Type": "Inner", "Startup Cost": 0.3, "Total Cost": 8613.37, "Plan Rows": 839.0, "Plan Width": 8, "Actual Rows": 55030, "Actual Loops": 1, "Inner Unique": false, "Plans": [{"Node Type": "Seq Scan", "Parent Relationship": "Outer", "Parallel Aware": false, "Async Capable": false, "Relation Name": "badges", "Alias": "b", "Startup Cost": 0.0, "Total Cost": 1629.76, "Plan Rows": 9658, "Plan Width": 4, "Actual Rows": 9675, "Actual Loops": 1, "Filter": "((date >= '2014-06-04 04:40:18'::timestamp without time zone) AND (date <= '2014-09-03 23:14:22'::timestamp without time zone))", "Rows Removed by Filter": 70176}, {"Node Type": "Memoize", "Parent Relationship": "Inner", "Parallel Aware": false, "Async Capable": false, "Startup Cost": 0.3, "Total Cost": 0.79, "Plan Rows": 2, "Plan Width": 4, "Actual Rows": 6, "Actual Loops": 9675, "Cache Key": "b.userid", "Cache Mode": "logical", "Cache Hits": 4121, "Cache Misses": 5554, "Cache Evictions": 0, "Cache Overflows": 0, "Peak Memory Usage": 1084, "Plans": [{"Node Type": "Index Scan", "Parent Relationship": "Outer", "Parallel Aware": false, "Async Capable": false, "Scan Direction": "Forward", "Index Name": "idx_posts_owneruserid", "Relation Name": "posts", "Alias": "p", "Startup Cost": 0.29, "Total Cost": 0.78, "Plan Rows": 2, "Plan Width": 4, "Actual Rows": 4, "Actual Loops": 5554, "Index Cond": "(owneruserid = b.userid)", "Rows Removed by Index Recheck": 0, "Filter": "((score <= 148) AND (answercount <= 67))", "Rows Removed by Filter": 6}]}]}, {"Node Type": "Hash", "Parent Relationship": "Inner", "Parallel Aware": false, "Async Capable": false, "Startup Cost": 3004.72, "Total Cost": 3004.72, "Plan Rows": 4104.0, "Plan Width": 8, "Actual Rows": 869, "Actual Loops": 1, "Hash Buckets": 16384, "Original Hash Buckets": 16384, "Hash Batches": 1, "Original Hash Batches": 1, "Peak Memory Usage": 162, "Plans": [{"Node Type": "Merge Join", "Parent Relationship": "Outer", "Parallel Aware": false, "Async Capable": false, "Join Type": "Inner", "Startup Cost": 0.71, "Total Cost": 3004.72, "Plan Rows": 4104.0, "Plan Width": 8, "Actual Rows": 869, "Actual Loops": 1, "Inner Unique": true, "Merge Cond": "(v.userid = u.id)", "Plans": [{"Node Type": "Index Scan", "Parent Relationship": "Outer", "Parallel Aware": false, "Async Capable": false, "Scan Direction": "Forward", "Index Name": "idx_votes_userid", "Relation Name": "votes", "Alias": "v", "Startup Cost": 0.42, "Total Cost": 12422.47, "Plan Rows": 143903, "Plan Width": 4, "Actual Rows": 13203, "Actual Loops": 1, "Filter": "(creationdate <= '2012-11-08 03:22:30'::timestamp without time zone)", "Rows Removed by Filter": 21587}, {"Node Type": "Index Scan", "Parent Relationship": "Inner", "Parallel Aware": false, "Async Capable": false, "Scan Direction": "Forward", "Index Name": "users_pkey", "Relation Name": "users", "Alias": "u", "Startup Cost": 0.29, "Total Cost": 1457.98, "Plan Rows": 31020, "Plan Width": 4, "Actual Rows": 8419, "Actual Loops": 1, "Filter": "(creationdate >= '2012-06-17 10:52:30'::timestamp without time zone)", "Rows Removed by Filter": 9297}]}]}]}]}, "Planning Time": 2.863, "Triggers": [], "Execution Time": 133.901}, {"Plan": {"Node Type": "Aggregate", "Strategy": "Plain", "Partial Mode": "Simple", "Parallel Aware": false, "Async Capable": false, "Startup Cost": 10186.08, "Total Cost": 10186.09, "Plan Rows": 1, "Plan Width": 8, "Actual Rows": 1, "Actual Loops": 1, "Plans": [{"Node Type": "Merge Join", "Parent Relationship": "Outer", "Parallel Aware": false, "Async Capable": false, "Join Type": "Inner", "Startup Cost": 2270.11, "Total Cost": 10148.64, "Plan Rows": 5598.0, "Plan Width": 0, "Actual Rows": 27335, "Actual Loops": 1, "Inner Unique": false, "Merge Cond": "(u.id = v.userid)", "Plans": [{"Node Type": "Nested Loop", "Parent Relationship": "Outer", "Parallel Aware": false, "Async Capable": false, "Join Type": "Inner", "Startup Cost": 2269.69, "Total Cost": 7846.46, "Plan Rows": 283.0, "Plan Width": 12, "Actual Rows": 7629, "Actual Loops": 1, "Inner Unique": false, "Plans": [{"Node Type": "Merge Join", "Parent Relationship": "Outer", "Parallel Aware": false, "Async Capable": false, "Join Type": "Inner", "Startup Cost": 2269.39, "Total Cost": 3927.06, "Plan Rows": 1101.0, "Plan Width": 8, "Actual Rows": 956, "Actual Loops": 1, "Inner Unique": false, "Merge Cond": "(u.id = b.userid)", "Plans": [{"Node Type": "Index Scan", "Parent Relationship": "Outer", "Parallel Aware": false, "Async Capable": false, "Scan Direction": "Forward", "Index Name": "users_pkey", "Relation Name": "users", "Alias": "u", "Startup Cost": 0.29, "Total Cost": 1457.98, "Plan Rows": 31020, "Plan Width": 4, "Actual Rows": 8419, "Actual Loops": 1, "Filter": "(creationdate >= '2012-06-17 10:52:30'::timestamp without time zone)", "Rows Removed by Filter": 9297}, {"Node Type": "Sort", "Parent Relationship": "Inner", "Parallel Aware": false, "Async Capable": false, "Startup Cost": 2269.0, "Total Cost": 2293.15, "Plan Rows": 9658, "Plan Width": 4, "Actual Rows": 3116, "Actual Loops": 1, "Sort Key": ["b.userid"], "Sort Method": "quicksort", "Sort Space Used": 385, "Sort Space Type": "Memory", "Plans": [{"Node Type": "Seq Scan", "Parent Relationship": "Outer", "Parallel Aware": false, "Async Capable": false, "Relation Name": "badges", "Alias": "b", "Startup Cost": 0.0, "Total Cost": 1629.76, "Plan Rows": 9658, "Plan Width": 4, "Actual Rows": 9675, "Actual Loops": 1, "Filter": "((date >= '2014-06-04 04:40:18'::timestamp without time zone) AND (date <= '2014-09-03 23:14:22'::timestamp without time zone))", "Rows Removed by Filter": 70176}]}]}, {"Node Type": "Index Scan", "Parent Relationship": "Inner", "Parallel Aware": false, "Async Capable": false, "Scan Direction": "Forward", "Index Name": "idx_posts_owneruserid", "Relation Name": "posts", "Alias": "p", "Startup Cost": 0.29, "Total Cost": 0.51, "Plan Rows": 2, "Plan Width": 4, "Actual Rows": 8, "Actual Loops": 956, "Index Cond": "(owneruserid = u.id)", "Rows Removed by Index Recheck": 0, "Filter": "((score <= 148) AND (answercount <= 67))", "Rows Removed by Filter": 10}]}, {"Node Type": "Index Scan", "Parent Relationship": "Inner", "Parallel Aware": false, "Async Capable": false, "Scan Direction": "Forward", "Index Name": "idx_votes_userid", "Relation Name": "votes", "Alias": "v", "Startup Cost": 0.42, "Total Cost": 12422.47, "Plan Rows": 143903, "Plan Width": 4, "Actual Rows": 40129, "Actual Loops": 1, "Filter": "(creationdate <= '2012-11-08 03:22:30'::timestamp without time zone)", "Rows Removed by Filter": 81151}]}]}, "Planning Time": 2.674, "Triggers": [], "Execution Time": 80.425}]