[{"Plan": {"Node Type": "Aggregate", "Strategy": "Plain", "Partial Mode": "Simple", "Parallel Aware": false, "Async Capable": false, "Startup Cost": 1218.34, "Total Cost": 1218.35, "Plan Rows": 1, "Plan Width": 8, "Actual Rows": 1, "Actual Loops": 1, "Plans": [{"Node Type": "Nested Loop", "Parent Relationship": "Outer", "Parallel Aware": false, "Async Capable": false, "Join Type": "Inner", "Startup Cost": 0.59, "Total Cost": 1218.33, "Plan Rows": 130.0, "Plan Width": 0, "Actual Rows": 3409, "Actual Loops": 1, "Inner Unique": false, "Join Filter": "(c.userid = u.id)", "Rows Removed by Join Filter": 0, "Plans": [{"Node Type": "Nested Loop", "Parent Relationship": "Outer", "Parallel Aware": false, "Async Capable": false, "Join Type": "Inner", "Startup Cost": 0.29, "Total Cost": 1217.0, "Plan Rows": 1046.0, "Plan Width": 8, "Actual Rows": 553, "Actual Loops": 1, "Inner Unique": false, "Plans": [{"Node Type": "Seq Scan", "Parent Relationship": "Outer", "Parallel Aware": false, "Async Capable": false, "Relation Name": "users", "Alias": "u", "Startup Cost": 0.0, "Total Cost": 1204.31, "Plan Rows": 1, "Plan Width": 4, "Actual Rows": 17, "Actual Loops": 1, "Filter": "((downvotes >= 8) AND (upvotes >= 125) AND (upvotes <= 10974) AND (creationdate >= '2013-02-25 13:43:41'::timestamp without time zone) AND (creationdate <= '2014-01-15 22:42:32'::timestamp without time zone))", "Rows Removed by Filter": 40308}, {"Node Type": "Index Scan", "Parent Relationship": "Inner", "Parallel Aware": false, "Async Capable": false, "Scan Direction": "Forward", "Index Name": "idx_badges_userid", "Relation Name": "badges", "Alias": "b", "Startup Cost": 0.29, "Total Cost": 12.66, "Plan Rows": 3, "Plan Width": 4, "Actual Rows": 33, "Actual Loops": 17, "Index Cond": "(userid = u.id)", "Rows Removed by Index Recheck": 0, "Filter": "(date >= '2012-03-26 13:20:06'::timestamp without time zone)", "Rows Removed by Filter": 0}]}, {"Node Type": "Index Scan", "Parent Relationship": "Inner", "Parallel Aware": false, "Async Capable": false, "Scan Direction": "Forward", "Index Name": "idx_comments_userid", "Relation Name": "comments", "Alias": "c", "Startup Cost": 0.29, "Total Cost": 0.65, "Plan Rows": 1, "Plan Width": 4, "Actual Rows": 6, "Actual Loops": 553, "Index Cond": "(userid = b.userid)", "Rows Removed by Index Recheck": 0, "Filter": "(score = 4)", "Rows Removed by Filter": 470}]}]}, "Planning Time": 0.821, "Triggers": [], "Execution Time": 38.823}, {"Plan": {"Node Type": "Aggregate", "Strategy": "Plain", "Partial Mode": "Simple", "Parallel Aware": false, "Async Capable": false, "Startup Cost": 1218.34, "Total Cost": 1218.35, "Plan Rows": 1, "Plan Width": 8, "Actual Rows": 1, "Actual Loops": 1, "Plans": [{"Node Type": "Nested Loop", "Parent Relationship": "Outer", "Parallel Aware": false, "Async Capable": false, "Join Type": "Inner", "Startup Cost": 0.59, "Total Cost": 1218.33, "Plan Rows": 130.0, "Plan Width": 0, "Actual Rows": 3409, "Actual Loops": 1, "Inner Unique": false, "Join Filter": "(c.userid = u.id)", "Rows Removed by Join Filter": 0, "Plans": [{"Node Type": "Nested Loop", "Parent Relationship": "Outer", "Parallel Aware": false, "Async Capable": false, "Join Type": "Inner", "Startup Cost": 0.29, "Total Cost": 1217.0, "Plan Rows": 1046.0, "Plan Width": 8, "Actual Rows": 553, "Actual Loops": 1, "Inner Unique": false, "Plans": [{"Node Type": "Seq Scan", "Parent Relationship": "Outer", "Parallel Aware": false, "Async Capable": false, "Relation Name": "users", "Alias": "u", "Startup Cost": 0.0, "Total Cost": 1204.31, "Plan Rows": 1, "Plan Width": 4, "Actual Rows": 17, "Actual Loops": 1, "Filter": "((downvotes >= 8) AND (upvotes >= 125) AND (upvotes <= 10974) AND (creationdate >= '2013-02-25 13:43:41'::timestamp without time zone) AND (creationdate <= '2014-01-15 22:42:32'::timestamp without time zone))", "Rows Removed by Filter": 40308}, {"Node Type": "Index Scan", "Parent Relationship": "Inner", "Parallel Aware": false, "Async Capable": false, "Scan Direction": "Forward", "Index Name": "idx_badges_userid", "Relation Name": "badges", "Alias": "b", "Startup Cost": 0.29, "Total Cost": 12.66, "Plan Rows": 3, "Plan Width": 4, "Actual Rows": 33, "Actual Loops": 17, "Index Cond": "(userid = u.id)", "Rows Removed by Index Recheck": 0, "Filter": "(date >= '2012-03-26 13:20:06'::timestamp without time zone)", "Rows Removed by Filter": 0}]}, {"Node Type": "Index Scan", "Parent Relationship": "Inner", "Parallel Aware": false, "Async Capable": false, "Scan Direction": "Forward", "Index Name": "idx_comments_userid", "Relation Name": "comments", "Alias": "c", "Startup Cost": 0.29, "Total Cost": 0.65, "Plan Rows": 1, "Plan Width": 4, "Actual Rows": 6, "Actual Loops": 553, "Index Cond": "(userid = b.userid)", "Rows Removed by Index Recheck": 0, "Filter": "(score = 4)", "Rows Removed by Filter": 470}]}]}, "Planning Time": 0.974, "Triggers": [], "Execution Time": 38.163}, {"Plan": {"Node Type": "Aggregate", "Strategy": "Plain", "Partial Mode": "Simple", "Parallel Aware": false, "Async Capable": false, "Startup Cost": 1252.16, "Total Cost": 1252.17, "Plan Rows": 1, "Plan Width": 8, "Actual Rows": 1, "Actual Loops": 1, "Plans": [{"Node Type": "Nested Loop", "Parent Relationship": "Outer", "Parallel Aware": false, "Async Capable": false, "Join Type": "Inner", "Startup Cost": 0.59, "Total Cost": 1252.15, "Plan Rows": 130.0, "Plan Width": 0, "Actual Rows": 3409, "Actual Loops": 1, "Inner Unique": false, "Join Filter": "(b.userid = u.id)", "Rows Removed by Join Filter": 0, "Plans": [{"Node Type": "Nested Loop", "Parent Relationship": "Outer", "Parallel Aware": false, "Async Capable": false, "Join Type": "Inner", "Startup Cost": 0.29, "Total Cost": 1250.02, "Plan Rows": 4.0, "Plan Width": 8, "Actual Rows": 66, "Actual Loops": 1, "Inner Unique": false, "Plans": [{"Node Type": "Seq Scan", "Parent Relationship": "Outer", "Parallel Aware": false, "Async Capable": false, "Relation Name": "users", "Alias": "u", "Startup Cost": 0.0, "Total Cost": 1204.31, "Plan Rows": 1, "Plan Width": 4, "Actual Rows": 17, "Actual Loops": 1, "Filter": "((downvotes >= 8) AND (upvotes >= 125) AND (upvotes <= 10974) AND (creationdate >= '2013-02-25 13:43:41'::timestamp without time zone) AND (creationdate <= '2014-01-15 22:42:32'::timestamp without time zone))", "Rows Removed by Filter": 40308}, {"Node Type": "Index Scan", "Parent Relationship": "Inner", "Parallel Aware": false, "Async Capable": false, "Scan Direction": "Forward", "Index Name": "idx_comments_userid", "Relation Name": "comments", "Alias": "c", "Startup Cost": 0.29, "Total Cost": 45.69, "Plan Rows": 1, "Plan Width": 4, "Actual Rows": 4, "Actual Loops": 17, "Index Cond": "(userid = u.id)", "Rows Removed by Index Recheck": 0, "Filter": "(score = 4)", "Rows Removed by Filter": 353}]}, {"Node Type": "Index Scan", "Parent Relationship": "Inner", "Parallel Aware": false, "Async Capable": false, "Scan Direction": "Forward", "Index Name": "idx_badges_userid", "Relation Name": "badges", "Alias": "b", "Startup Cost": 0.29, "Total Cost": 2.1, "Plan Rows": 3, "Plan Width": 4, "Actual Rows": 52, "Actual Loops": 66, "Index Cond": "(userid = c.userid)", "Rows Removed by Index Recheck": 0, "Filter": "(date >= '2012-03-26 13:20:06'::timestamp without time zone)", "Rows Removed by Filter": 0}]}]}, "Planning Time": 0.614, "Triggers": [], "Execution Time": 4.005}, {"Plan": {"Node Type": "Aggregate", "Strategy": "Plain", "Partial Mode": "Finalize", "Parallel Aware": false, "Async Capable": false, "Startup Cost": 6595.11, "Total Cost": 6595.12, "Plan Rows": 1, "Plan Width": 8, "Actual Rows": 1, "Actual Loops": 1, "Plans": [{"Node Type": "Gather", "Parent Relationship": "Outer", "Parallel Aware": false, "Async Capable": false, "Startup Cost": 6594.99, "Total Cost": 6595.1, "Plan Rows": 1, "Plan Width": 8, "Actual Rows": 2, "Actual Loops": 1, "Workers Planned": 1, "Workers Launched": 1, "Single Copy": false, "Plans": [{"Node Type": "Aggregate", "Strategy": "Plain", "Partial Mode": "Partial", "Parent Relationship": "Outer", "Parallel Aware": false, "Async Capable": false, "Startup Cost": 5594.99, "Total Cost": 5595.0, "Plan Rows": 1, "Plan Width": 8, "Actual Rows": 1, "Actual Loops": 2, "Workers": [], "Plans": [{"Node Type": "Hash Join", "Parent Relationship": "Outer", "Parallel Aware": false, "Async Capable": false, "Join Type": "Inner", "Startup Cost": 1204.62, "Total Cost": 5594.99, "Plan Rows": 130.0, "Plan Width": 0, "Actual Rows": 1704, "Actual Loops": 2, "Inner Unique": true, "Hash Cond": "(c.userid = u.id)", "Workers": [], "Plans": [{"Node Type": "Nested Loop", "Parent Relationship": "Outer", "Parallel Aware": false, "Async Capable": false, "Join Type": "Inner", "Startup Cost": 0.29, "Total Cost": 4249.3, "Plan Rows": 1555.0, "Plan Width": 8, "Actual Rows": 83440, "Actual Loops": 2, "Inner Unique": false, "Workers": [], "Plans": [{"Node Type": "Seq Scan", "Parent Relationship": "Outer", "Parallel Aware": true, "Async Capable": false, "Relation Name": "comments", "Alias": "c", "Startup Cost": 0.0, "Total Cost": 2625.65, "Plan Rows": 762, "Plan Width": 4, "Actual Rows": 656, "Actual Loops": 2, "Filter": "(score = 4)", "Rows Removed by Filter": 86496, "Workers": []}, {"Node Type": "Index Scan", "Parent Relationship": "Inner", "Parallel Aware": false, "Async Capable": false, "Scan Direction": "Forward", "Index Name": "idx_badges_userid", "Relation Name": "badges", "Alias": "b", "Startup Cost": 0.29, "Total Cost": 2.1, "Plan Rows": 3, "Plan Width": 4, "Actual Rows": 127, "Actual Loops": 1312, "Index Cond": "(userid = c.userid)", "Rows Removed by Index Recheck": 0, "Filter": "(date >= '2012-03-26 13:20:06'::timestamp without time zone)", "Rows Removed by Filter": 44, "Workers": []}]}, {"Node Type": "Hash", "Parent Relationship": "Inner", "Parallel Aware": false, "Async Capable": false, "Startup Cost": 1204.31, "Total Cost": 1204.31, "Plan Rows": 1, "Plan Width": 4, "Actual Rows": 17, "Actual Loops": 2, "Hash Buckets": 1024, "Original Hash Buckets": 1024, "Hash Batches": 1, "Original Hash Batches": 1, "Peak Memory Usage": 9, "Workers": [], "Plans": [{"Node Type": "Seq Scan", "Parent Relationship": "Outer", "Parallel Aware": false, "Async Capable": false, "Relation Name": "users", "Alias": "u", "Startup Cost": 0.0, "Total Cost": 1204.31, "Plan Rows": 1, "Plan Width": 4, "Actual Rows": 17, "Actual Loops": 2, "Filter": "((downvotes >= 8) AND (upvotes >= 125) AND (upvotes <= 10974) AND (creationdate >= '2013-02-25 13:43:41'::timestamp without time zone) AND (creationdate <= '2014-01-15 22:42:32'::timestamp without time zone))", "Rows Removed by Filter": 40308, "Workers": []}]}]}]}]}]}, "Planning Time": 0.859, "Triggers": [], "Execution Time": 69.624}, {"Plan": {"Node Type": "Aggregate", "Strategy": "Plain", "Partial Mode": "Simple", "Parallel Aware": false, "Async Capable": false, "Startup Cost": 2917.34, "Total Cost": 2917.35, "Plan Rows": 1, "Plan Width": 8, "Actual Rows": 1, "Actual Loops": 1, "Plans": [{"Node Type": "Hash Join", "Parent Relationship": "Outer", "Parallel Aware": false, "Async Capable": false, "Join Type": "Inner", "Startup Cost": 1250.03, "Total Cost": 2917.33, "Plan Rows": 130.0, "Plan Width": 0, "Actual Rows": 3409, "Actual Loops": 1, "Inner Unique": false, "Hash Cond": "(b.userid = u.id)", "Plans": [{"Node Type": "Seq Scan", "Parent Relationship": "Outer", "Parallel Aware": false, "Async Capable": false, "Relation Name": "badges", "Alias": "b", "Startup Cost": 0.0, "Total Cost": 1430.14, "Plan Rows": 63239, "Plan Width": 4, "Actual Rows": 63248, "Actual Loops": 1, "Filter": "(date >= '2012-03-26 13:20:06'::timestamp without time zone)", "Rows Removed by Filter": 16603}, {"Node Type": "Hash", "Parent Relationship": "Inner", "Parallel Aware": false, "Async Capable": false, "Startup Cost": 1250.02, "Total Cost": 1250.02, "Plan Rows": 4.0, "Plan Width": 8, "Actual Rows": 66, "Actual Loops": 1, "Hash Buckets": 1024, "Original Hash Buckets": 1024, "Hash Batches": 1, "Original Hash Batches": 1, "Peak Memory Usage": 11, "Plans": [{"Node Type": "Nested Loop", "Parent Relationship": "Outer", "Parallel Aware": false, "Async Capable": false, "Join Type": "Inner", "Startup Cost": 0.29, "Total Cost": 1250.02, "Plan Rows": 4.0, "Plan Width": 8, "Actual Rows": 66, "Actual Loops": 1, "Inner Unique": false, "Plans": [{"Node Type": "Seq Scan", "Parent Relationship": "Outer", "Parallel Aware": false, "Async Capable": false, "Relation Name": "users", "Alias": "u", "Startup Cost": 0.0, "Total Cost": 1204.31, "Plan Rows": 1, "Plan Width": 4, "Actual Rows": 17, "Actual Loops": 1, "Filter": "((downvotes >= 8) AND (upvotes >= 125) AND (upvotes <= 10974) AND (creationdate >= '2013-02-25 13:43:41'::timestamp without time zone) AND (creationdate <= '2014-01-15 22:42:32'::timestamp without time zone))", "Rows Removed by Filter": 40308}, {"Node Type": "Index Scan", "Parent Relationship": "Inner", "Parallel Aware": false, "Async Capable": false, "Scan Direction": "Forward", "Index Name": "idx_comments_userid", "Relation Name": "comments", "Alias": "c", "Startup Cost": 0.29, "Total Cost": 45.69, "Plan Rows": 1, "Plan Width": 4, "Actual Rows": 4, "Actual Loops": 17, "Index Cond": "(userid = u.id)", "Rows Removed by Index Recheck": 0, "Filter": "(score = 4)", "Rows Removed by Filter": 353}]}]}]}]}, "Planning Time": 0.747, "Triggers": [], "Execution Time": 11.75}, {"Plan": {"Node Type": "Aggregate", "Strategy": "Plain", "Partial Mode": "Simple", "Parallel Aware": false, "Async Capable": false, "Startup Cost": 4778.68, "Total Cost": 4778.69, "Plan Rows": 1, "Plan Width": 8, "Actual Rows": 1, "Actual Loops": 1, "Plans": [{"Node Type": "Nested Loop", "Parent Relationship": "Outer", "Parallel Aware": false, "Async Capable": false, "Join Type": "Inner", "Startup Cost": 0.29, "Total Cost": 4778.67, "Plan Rows": 130.0, "Plan Width": 0, "Actual Rows": 3409, "Actual Loops": 1, "Inner Unique": false, "Join Filter": "(c.userid = u.id)", "Rows Removed by Join Filter": 722127, "Plans": [{"Node Type": "Seq Scan", "Parent Relationship": "Outer", "Parallel Aware": false, "Async Capable": false, "Relation Name": "comments", "Alias": "c", "Startup Cost": 0.0, "Total Cost": 3522.81, "Plan Rows": 1295, "Plan Width": 4, "Actual Rows": 1312, "Actual Loops": 1, "Filter": "(score = 4)", "Rows Removed by Filter": 172993}, {"Node Type": "Materialize", "Parent Relationship": "Inner", "Parallel Aware": false, "Async Capable": false, "Startup Cost": 0.29, "Total Cost": 1217.01, "Plan Rows": 1046.0, "Plan Width": 8, "Actual Rows": 553, "Actual Loops": 1312, "Plans": [{"Node Type": "Nested Loop", "Parent Relationship": "Outer", "Parallel Aware": false, "Async Capable": false, "Join Type": "Inner", "Startup Cost": 0.29, "Total Cost": 1217.0, "Plan Rows": 1046.0, "Plan Width": 8, "Actual Rows": 553, "Actual Loops": 1, "Inner Unique": false, "Plans": [{"Node Type": "Seq Scan", "Parent Relationship": "Outer", "Parallel Aware": false, "Async Capable": false, "Relation Name": "users", "Alias": "u", "Startup Cost": 0.0, "Total Cost": 1204.31, "Plan Rows": 1, "Plan Width": 4, "Actual Rows": 17, "Actual Loops": 1, "Filter": "((downvotes >= 8) AND (upvotes >= 125) AND (upvotes <= 10974) AND (creationdate >= '2013-02-25 13:43:41'::timestamp without time zone) AND (creationdate <= '2014-01-15 22:42:32'::timestamp without time zone))", "Rows Removed by Filter": 40308}, {"Node Type": "Index Scan", "Parent Relationship": "Inner", "Parallel Aware": false, "Async Capable": false, "Scan Direction": "Forward", "Index Name": "idx_badges_userid", "Relation Name": "badges", "Alias": "b", "Startup Cost": 0.29, "Total Cost": 12.66, "Plan Rows": 3, "Plan Width": 4, "Actual Rows": 33, "Actual Loops": 17, "Index Cond": "(userid = u.id)", "Rows Removed by Index Recheck": 0, "Filter": "(date >= '2012-03-26 13:20:06'::timestamp without time zone)", "Rows Removed by Filter": 0}]}]}]}]}, "Planning Time": 0.979, "Triggers": [], "Execution Time": 54.071}, {"Plan": {"Node Type": "Aggregate", "Strategy": "Plain", "Partial Mode": "Simple", "Parallel Aware": false, "Async Capable": false, "Startup Cost": 8534.94, "Total Cost": 8534.95, "Plan Rows": 1, "Plan Width": 8, "Actual Rows": 1, "Actual Loops": 1, "Plans": [{"Node Type": "Nested Loop", "Parent Relationship": "Outer", "Parallel Aware": false, "Async Capable": false, "Join Type": "Inner", "Startup Cost": 0.3, "Total Cost": 8534.94, "Plan Rows": 130.0, "Plan Width": 0, "Actual Rows": 3409, "Actual Loops": 1, "Inner Unique": false, "Join Filter": "(c.userid = u.id)", "Rows Removed by Join Filter": 2833534, "Plans": [{"Node Type": "Seq Scan", "Parent Relationship": "Outer", "Parallel Aware": false, "Async Capable": false, "Relation Name": "users", "Alias": "u", "Startup Cost": 0.0, "Total Cost": 1204.31, "Plan Rows": 1, "Plan Width": 4, "Actual Rows": 17, "Actual Loops": 1, "Filter": "((downvotes >= 8) AND (upvotes >= 125) AND (upvotes <= 10974) AND (creationdate >= '2013-02-25 13:43:41'::timestamp without time zone) AND (creationdate <= '2014-01-15 22:42:32'::timestamp without time zone))", "Rows Removed by Filter": 40308}, {"Node Type": "Nested Loop", "Parent Relationship": "Inner", "Parallel Aware": false, "Async Capable": false, "Join Type": "Inner", "Startup Cost": 0.3, "Total Cost": 6186.29, "Plan Rows": 1555.0, "Plan Width": 8, "Actual Rows": 166879, "Actual Loops": 17, "Inner Unique": false, "Plans": [{"Node Type": "Seq Scan", "Parent Relationship": "Outer", "Parallel Aware": false, "Async Capable": false, "Relation Name": "comments", "Alias": "c", "Startup Cost": 0.0, "Total Cost": 3522.81, "Plan Rows": 1295, "Plan Width": 4, "Actual Rows": 1312, "Actual Loops": 17, "Filter": "(score = 4)", "Rows Removed by Filter": 172993}, {"Node Type": "Memoize", "Parent Relationship": "Inner", "Parallel Aware": false, "Async Capable": false, "Startup Cost": 0.3, "Total Cost": 2.11, "Plan Rows": 3, "Plan Width": 4, "Actual Rows": 127, "Actual Loops": 22304, "Cache Key": "c.userid", "Cache Mode": "logical", "Cache Hits": 22010, "Cache Misses": 294, "Cache Evictions": 0, "Cache Overflows": 0, "Peak Memory Usage": 276, "Plans": [{"Node Type": "Index Scan", "Parent Relationship": "Outer", "Parallel Aware": false, "Async Capable": false, "Scan Direction": "Forward", "Index Name": "idx_badges_userid", "Relation Name": "badges", "Alias": "b", "Startup Cost": 0.29, "Total Cost": 2.1, "Plan Rows": 3, "Plan Width": 4, "Actual Rows": 25, "Actual Loops": 294, "Index Cond": "(userid = c.userid)", "Rows Removed by Index Recheck": 0, "Filter": "(date >= '2012-03-26 13:20:06'::timestamp without time zone)", "Rows Removed by Filter": 10}]}]}]}]}, "Planning Time": 1.581, "Triggers": [], "Execution Time": 365.571}]