[{"Plan": {"Node Type": "Aggregate", "Strategy": "Plain", "Partial Mode": "Simple", "Parallel Aware": false, "Async Capable": false, "Startup Cost": 1987.72, "Total Cost": 1987.73, "Plan Rows": 1, "Plan Width": 8, "Actual Rows": 1, "Actual Loops": 1, "Plans": [{"Node Type": "Nested Loop", "Parent Relationship": "Outer", "Parallel Aware": false, "Async Capable": false, "Join Type": "Inner", "Startup Cost": 1.01, "Total Cost": 1987.68, "Plan Rows": 14.0, "Plan Width": 0, "Actual Rows": 6448, "Actual Loops": 1, "Inner Unique": false, "Join Filter": "(c.userid = u.id)", "Rows Removed by Join Filter": 0, "Plans": [{"Node Type": "Nested Loop", "Parent Relationship": "Outer", "Parallel Aware": false, "Async Capable": false, "Join Type": "Inner", "Startup Cost": 0.71, "Total Cost": 1981.65, "Plan Rows": 234.0, "Plan Width": 12, "Actual Rows": 1573, "Actual Loops": 1, "Inner Unique": false, "Join Filter": "(v.userid = u.id)", "Rows Removed by Join Filter": 0, "Plans": [{"Node Type": "Nested Loop", "Parent Relationship": "Outer", "Parallel Aware": false, "Async Capable": false, "Join Type": "Inner", "Startup Cost": 0.29, "Total Cost": 1873.51, "Plan Rows": 35.0, "Plan Width": 8, "Actual Rows": 4897, "Actual Loops": 1, "Inner Unique": false, "Plans": [{"Node Type": "Seq Scan", "Parent Relationship": "Outer", "Parallel Aware": false, "Async Capable": false, "Relation Name": "users", "Alias": "u", "Startup Cost": 0.0, "Total Cost": 1002.69, "Plan Rows": 68, "Plan Width": 4, "Actual Rows": 26, "Actual Loops": 1, "Filter": "((upvotes >= 480) AND (upvotes <= 10730) AND (creationdate >= '2011-10-08 15:24:58'::timestamp without time zone))", "Rows Removed by Filter": 40299}, {"Node Type": "Index Scan", "Parent Relationship": "Inner", "Parallel Aware": false, "Async Capable": false, "Scan Direction": "Forward", "Index Name": "idx_posts_owneruserid", "Relation Name": "posts", "Alias": "p", "Startup Cost": 0.29, "Total Cost": 12.77, "Plan Rows": 4, "Plan Width": 4, "Actual Rows": 188, "Actual Loops": 26, "Index Cond": "(owneruserid = u.id)", "Rows Removed by Index Recheck": 0, "Filter": "(creationdate >= '2010-12-31 20:00:23'::timestamp without time zone)", "Rows Removed by Filter": 0}]}, {"Node Type": "Index Scan", "Parent Relationship": "Inner", "Parallel Aware": false, "Async Capable": false, "Scan Direction": "Forward", "Index Name": "idx_votes_userid", "Relation Name": "votes", "Alias": "v", "Startup Cost": 0.42, "Total Cost": 0.74, "Plan Rows": 1, "Plan Width": 4, "Actual Rows": 0, "Actual Loops": 4897, "Index Cond": "(userid = p.owneruserid)", "Rows Removed by Index Recheck": 0, "Filter": "((bountyamount <= 134) AND (creationdate <= '2012-12-12 04:10:07'::timestamp without time zone))", "Rows Removed by Filter": 105}]}, {"Node Type": "Index Scan", "Parent Relationship": "Inner", "Parallel Aware": false, "Async Capable": false, "Scan Direction": "Forward", "Index Name": "idx_comments_userid", "Relation Name": "comments", "Alias": "c", "Startup Cost": 0.29, "Total Cost": 0.66, "Plan Rows": 1, "Plan Width": 4, "Actual Rows": 4, "Actual Loops": 1573, "Index Cond": "(userid = p.owneruserid)", "Rows Removed by Index Recheck": 0, "Filter": "((creationdate <= '2013-07-29 17:18:28'::timestamp without time zone) AND (score = 6))", "Rows Removed by Filter": 2296}]}]}, "Planning Time": 2.175, "Triggers": [], "Execution Time": 694.055}, {"Plan": {"Node Type": "Aggregate", "Strategy": "Plain", "Partial Mode": "Simple", "Parallel Aware": false, "Async Capable": false, "Startup Cost": 2424.03, "Total Cost": 2424.04, "Plan Rows": 1, "Plan Width": 8, "Actual Rows": 1, "Actual Loops": 1, "Plans": [{"Node Type": "Nested Loop", "Parent Relationship": "Outer", "Parallel Aware": false, "Async Capable": false, "Join Type": "Inner", "Startup Cost": 1005.77, "Total Cost": 2424.0, "Plan Rows": 14.0, "Plan Width": 0, "Actual Rows": 6448, "Actual Loops": 1, "Inner Unique": false, "Join Filter": "(p.owneruserid = u.id)", "Rows Removed by Join Filter": 0, "Plans": [{"Node Type": "Nested Loop", "Parent Relationship": "Outer", "Parallel Aware": false, "Async Capable": false, "Join Type": "Inner", "Startup Cost": 1005.47, "Total Cost": 2419.26, "Plan Rows": 28.0, "Plan Width": 12, "Actual Rows": 13, "Actual Loops": 1, "Inner Unique": false, "Join Filter": "(c.userid = u.id)", "Rows Removed by Join Filter": 0, "Plans": [{"Node Type": "Merge Join", "Parent Relationship": "Outer", "Parallel Aware": false, "Async Capable": false, "Join Type": "Inner", "Startup Cost": 1005.18, "Total Cost": 2411.52, "Plan Rows": 443.0, "Plan Width": 8, "Actual Rows": 5, "Actual Loops": 1, "Inner Unique": true, "Merge Cond": "(v.userid = u.id)", "Plans": [{"Node Type": "Index Scan", "Parent Relationship": "Outer", "Parallel Aware": false, "Async Capable": false, "Scan Direction": "Forward", "Index Name": "idx_votes_userid", "Relation Name": "votes", "Alias": "v", "Startup Cost": 0.42, "Total Cost": 13242.63, "Plan Rows": 763, "Plan Width": 4, "Actual Rows": 325, "Actual Loops": 1, "Filter": "((bountyamount <= 134) AND (creationdate <= '2012-12-12 04:10:07'::timestamp without time zone))", "Rows Removed by Filter": 37304}, {"Node Type": "Sort", "Parent Relationship": "Inner", "Parallel Aware": false, "Async Capable": false, "Startup Cost": 1004.76, "Total Cost": 1004.93, "Plan Rows": 68, "Plan Width": 4, "Actual Rows": 16, "Actual Loops": 1, "Sort Key": ["u.id"], "Sort Method": "quicksort", "Sort Space Used": 25, "Sort Space Type": "Memory", "Plans": [{"Node Type": "Seq Scan", "Parent Relationship": "Outer", "Parallel Aware": false, "Async Capable": false, "Relation Name": "users", "Alias": "u", "Startup Cost": 0.0, "Total Cost": 1002.69, "Plan Rows": 68, "Plan Width": 4, "Actual Rows": 26, "Actual Loops": 1, "Filter": "((upvotes >= 480) AND (upvotes <= 10730) AND (creationdate >= '2011-10-08 15:24:58'::timestamp without time zone))", "Rows Removed by Filter": 40299}]}]}, {"Node Type": "Index Scan", "Parent Relationship": "Inner", "Parallel Aware": false, "Async Capable": false, "Scan Direction": "Forward", "Index Name": "idx_comments_userid", "Relation Name": "comments", "Alias": "c", "Startup Cost": 0.29, "Total Cost": 7.72, "Plan Rows": 1, "Plan Width": 4, "Actual Rows": 3, "Actual Loops": 5, "Index Cond": "(userid = v.userid)", "Rows Removed by Index Recheck": 0, "Filter": "((creationdate <= '2013-07-29 17:18:28'::timestamp without time zone) AND (score = 6))", "Rows Removed by Filter": 1127}]}, {"Node Type": "Index Scan", "Parent Relationship": "Inner", "Parallel Aware": false, "Async Capable": false, "Scan Direction": "Forward", "Index Name": "idx_posts_owneruserid", "Relation Name": "posts", "Alias": "p", "Startup Cost": 0.29, "Total Cost": 4.69, "Plan Rows": 4, "Plan Width": 4, "Actual Rows": 496, "Actual Loops": 13, "Index Cond": "(owneruserid = v.userid)", "Rows Removed by Index Recheck": 0, "Filter": "(creationdate >= '2010-12-31 20:00:23'::timestamp without time zone)", "Rows Removed by Filter": 0}]}]}, "Planning Time": 1.948, "Triggers": [], "Execution Time": 41.178}, {"Plan": {"Node Type": "Aggregate", "Strategy": "Plain", "Partial Mode": "Simple", "Parallel Aware": false, "Async Capable": false, "Startup Cost": 6443.81, "Total Cost": 6443.82, "Plan Rows": 1, "Plan Width": 8, "Actual Rows": 1, "Actual Loops": 1, "Plans": [{"Node Type": "Merge Join", "Parent Relationship": "Outer", "Parallel Aware": false, "Async Capable": false, "Join Type": "Inner", "Startup Cost": 4913.79, "Total Cost": 6443.78, "Plan Rows": 14.0, "Plan Width": 0, "Actual Rows": 6448, "Actual Loops": 1, "Inner Unique": true, "Merge Cond": "(c.userid = u.id)", "Plans": [{"Node Type": "Nested Loop", "Parent Relationship": "Outer", "Parallel Aware": false, "Async Capable": false, "Join Type": "Inner", "Startup Cost": 3909.04, "Total Cost": 5444.01, "Plan Rows": 144.0, "Plan Width": 12, "Actual Rows": 124253, "Actual Loops": 1, "Inner Unique": false, "Join Filter": "(c.userid = p.owneruserid)", "Rows Removed by Join Filter": 0, "Plans": [{"Node Type": "Merge Join", "Parent Relationship": "Outer", "Parallel Aware": false, "Async Capable": false, "Join Type": "Inner", "Startup Cost": 3908.74, "Total Cost": 5315.96, "Plan Rows": 308.0, "Plan Width": 8, "Actual Rows": 215, "Actual Loops": 1, "Inner Unique": false, "Merge Cond": "(v.userid = c.userid)", "Plans": [{"Node Type": "Index Scan", "Parent Relationship": "Outer", "Parallel Aware": false, "Async Capable": false, "Scan Direction": "Forward", "Index Name": "idx_votes_userid", "Relation Name": "votes", "Alias": "v", "Startup Cost": 0.42, "Total Cost": 13242.63, "Plan Rows": 763, "Plan Width": 4, "Actual Rows": 325, "Actual Loops": 1, "Filter": "((bountyamount <= 134) AND (creationdate <= '2012-12-12 04:10:07'::timestamp without time zone))", "Rows Removed by Filter": 37304}, {"Node Type": "Sort", "Parent Relationship": "Inner", "Parallel Aware": false, "Async Capable": false, "Startup Cost": 3908.32, "Total Cost": 3908.8, "Plan Rows": 191, "Plan Width": 4, "Actual Rows": 324, "Actual Loops": 1, "Sort Key": ["c.userid"], "Sort Method": "quicksort", "Sort Space Used": 25, "Sort Space Type": "Memory", "Plans": [{"Node Type": "Gather", "Parent Relationship": "Outer", "Parallel Aware": false, "Async Capable": false, "Startup Cost": 1000.0, "Total Cost": 3901.09, "Plan Rows": 191, "Plan Width": 4, "Actual Rows": 228, "Actual Loops": 1, "Workers Planned": 1, "Workers Launched": 1, "Single Copy": false, "Plans": [{"Node Type": "Seq Scan", "Parent Relationship": "Outer", "Parallel Aware": true, "Async Capable": false, "Relation Name": "comments", "Alias": "c", "Startup Cost": 0.0, "Total Cost": 2881.99, "Plan Rows": 112, "Plan Width": 4, "Actual Rows": 114, "Actual Loops": 2, "Filter": "((creationdate <= '2013-07-29 17:18:28'::timestamp without time zone) AND (score = 6))", "Rows Removed by Filter": 87038, "Workers": []}]}]}]}, {"Node Type": "Index Scan", "Parent Relationship": "Inner", "Parallel Aware": false, "Async Capable": false, "Scan Direction": "Forward", "Index Name": "idx_posts_owneruserid", "Relation Name": "posts", "Alias": "p", "Startup Cost": 0.29, "Total Cost": 4.69, "Plan Rows": 4, "Plan Width": 4, "Actual Rows": 578, "Actual Loops": 215, "Index Cond": "(owneruserid = v.userid)", "Rows Removed by Index Recheck": 0, "Filter": "(creationdate >= '2010-12-31 20:00:23'::timestamp without time zone)", "Rows Removed by Filter": 146}]}, {"Node Type": "Sort", "Parent Relationship": "Inner", "Parallel Aware": false, "Async Capable": false, "Startup Cost": 1004.76, "Total Cost": 1004.93, "Plan Rows": 68, "Plan Width": 4, "Actual Rows": 6, "Actual Loops": 1, "Sort Key": ["u.id"], "Sort Method": "quicksort", "Sort Space Used": 25, "Sort Space Type": "Memory", "Plans": [{"Node Type": "Seq Scan", "Parent Relationship": "Outer", "Parallel Aware": false, "Async Capable": false, "Relation Name": "users", "Alias": "u", "Startup Cost": 0.0, "Total Cost": 1002.69, "Plan Rows": 68, "Plan Width": 4, "Actual Rows": 26, "Actual Loops": 1, "Filter": "((upvotes >= 480) AND (upvotes <= 10730) AND (creationdate >= '2011-10-08 15:24:58'::timestamp without time zone))", "Rows Removed by Filter": 40299}]}]}]}, "Planning Time": 2.378, "Triggers": [], "Execution Time": 105.933}, {"Plan": {"Node Type": "Aggregate", "Strategy": "Plain", "Partial Mode": "Simple", "Parallel Aware": false, "Async Capable": false, "Startup Cost": 6463.65, "Total Cost": 6463.66, "Plan Rows": 1, "Plan Width": 8, "Actual Rows": 1, "Actual Loops": 1, "Plans": [{"Node Type": "Merge Join", "Parent Relationship": "Outer", "Parallel Aware": false, "Async Capable": false, "Join Type": "Inner", "Startup Cost": 4913.79, "Total Cost": 6463.62, "Plan Rows": 14.0, "Plan Width": 0, "Actual Rows": 6448, "Actual Loops": 1, "Inner Unique": false, "Merge Cond": "(u.id = c.userid)", "Plans": [{"Node Type": "Sort", "Parent Relationship": "Outer", "Parallel Aware": false, "Async Capable": false, "Startup Cost": 1004.76, "Total Cost": 1004.93, "Plan Rows": 68, "Plan Width": 4, "Actual Rows": 7, "Actual Loops": 1, "Sort Key": ["u.id"], "Sort Method": "quicksort", "Sort Space Used": 25, "Sort Space Type": "Memory", "Plans": [{"Node Type": "Seq Scan", "Parent Relationship": "Outer", "Parallel Aware": false, "Async Capable": false, "Relation Name": "users", "Alias": "u", "Startup Cost": 0.0, "Total Cost": 1002.69, "Plan Rows": 68, "Plan Width": 4, "Actual Rows": 26, "Actual Loops": 1, "Filter": "((upvotes >= 480) AND (upvotes <= 10730) AND (creationdate >= '2011-10-08 15:24:58'::timestamp without time zone))", "Rows Removed by Filter": 40299}]}, {"Node Type": "Materialize", "Parent Relationship": "Inner", "Parallel Aware": false, "Async Capable": false, "Startup Cost": 3909.04, "Total Cost": 5464.18, "Plan Rows": 144.0, "Plan Width": 12, "Actual Rows": 124253, "Actual Loops": 1, "Plans": [{"Node Type": "Nested Loop", "Parent Relationship": "Outer", "Parallel Aware": false, "Async Capable": false, "Join Type": "Inner", "Startup Cost": 3909.04, "Total Cost": 5444.01, "Plan Rows": 144.0, "Plan Width": 12, "Actual Rows": 124253, "Actual Loops": 1, "Inner Unique": false, "Join Filter": "(c.userid = p.owneruserid)", "Rows Removed by Join Filter": 0, "Plans": [{"Node Type": "Merge Join", "Parent Relationship": "Outer", "Parallel Aware": false, "Async Capable": false, "Join Type": "Inner", "Startup Cost": 3908.74, "Total Cost": 5315.96, "Plan Rows": 308.0, "Plan Width": 8, "Actual Rows": 215, "Actual Loops": 1, "Inner Unique": false, "Merge Cond": "(v.userid = c.userid)", "Plans": [{"Node Type": "Index Scan", "Parent Relationship": "Outer", "Parallel Aware": false, "Async Capable": false, "Scan Direction": "Forward", "Index Name": "idx_votes_userid", "Relation Name": "votes", "Alias": "v", "Startup Cost": 0.42, "Total Cost": 13242.63, "Plan Rows": 763, "Plan Width": 4, "Actual Rows": 325, "Actual Loops": 1, "Filter": "((bountyamount <= 134) AND (creationdate <= '2012-12-12 04:10:07'::timestamp without time zone))", "Rows Removed by Filter": 37304}, {"Node Type": "Sort", "Parent Relationship": "Inner", "Parallel Aware": false, "Async Capable": false, "Startup Cost": 3908.32, "Total Cost": 3908.8, "Plan Rows": 191, "Plan Width": 4, "Actual Rows": 324, "Actual Loops": 1, "Sort Key": ["c.userid"], "Sort Method": "quicksort", "Sort Space Used": 25, "Sort Space Type": "Memory", "Plans": [{"Node Type": "Gather", "Parent Relationship": "Outer", "Parallel Aware": false, "Async Capable": false, "Startup Cost": 1000.0, "Total Cost": 3901.09, "Plan Rows": 191, "Plan Width": 4, "Actual Rows": 228, "Actual Loops": 1, "Workers Planned": 1, "Workers Launched": 1, "Single Copy": false, "Plans": [{"Node Type": "Seq Scan", "Parent Relationship": "Outer", "Parallel Aware": true, "Async Capable": false, "Relation Name": "comments", "Alias": "c", "Startup Cost": 0.0, "Total Cost": 2881.99, "Plan Rows": 112, "Plan Width": 4, "Actual Rows": 114, "Actual Loops": 2, "Filter": "((creationdate <= '2013-07-29 17:18:28'::timestamp without time zone) AND (score = 6))", "Rows Removed by Filter": 87038, "Workers": []}]}]}]}, {"Node Type": "Index Scan", "Parent Relationship": "Inner", "Parallel Aware": false, "Async Capable": false, "Scan Direction": "Forward", "Index Name": "idx_posts_owneruserid", "Relation Name": "posts", "Alias": "p", "Startup Cost": 0.29, "Total Cost": 4.69, "Plan Rows": 4, "Plan Width": 4, "Actual Rows": 578, "Actual Loops": 215, "Index Cond": "(owneruserid = v.userid)", "Rows Removed by Index Recheck": 0, "Filter": "(creationdate >= '2010-12-31 20:00:23'::timestamp without time zone)", "Rows Removed by Filter": 146}]}]}]}]}, "Planning Time": 2.454, "Triggers": [], "Execution Time": 127.108}, {"Plan": {"Node Type": "Aggregate", "Strategy": "Plain", "Partial Mode": "Simple", "Parallel Aware": false, "Async Capable": false, "Startup Cost": 7247.89, "Total Cost": 7247.9, "Plan Rows": 1, "Plan Width": 8, "Actual Rows": 1, "Actual Loops": 1, "Plans": [{"Node Type": "Nested Loop", "Parent Relationship": "Outer", "Parallel Aware": false, "Async Capable": false, "Join Type": "Inner", "Startup Cost": 3909.04, "Total Cost": 7247.86, "Plan Rows": 14.0, "Plan Width": 0, "Actual Rows": 6448, "Actual Loops": 1, "Inner Unique": false, "Join Filter": "(c.userid = u.id)", "Rows Removed by Join Filter": 1046407, "Plans": [{"Node Type": "Nested Loop", "Parent Relationship": "Outer", "Parallel Aware": false, "Async Capable": false, "Join Type": "Inner", "Startup Cost": 0.29, "Total Cost": 1873.51, "Plan Rows": 35.0, "Plan Width": 8, "Actual Rows": 4897, "Actual Loops": 1, "Inner Unique": false, "Plans": [{"Node Type": "Seq Scan", "Parent Relationship": "Outer", "Parallel Aware": false, "Async Capable": false, "Relation Name": "users", "Alias": "u", "Startup Cost": 0.0, "Total Cost": 1002.69, "Plan Rows": 68, "Plan Width": 4, "Actual Rows": 26, "Actual Loops": 1, "Filter": "((upvotes >= 480) AND (upvotes <= 10730) AND (creationdate >= '2011-10-08 15:24:58'::timestamp without time zone))", "Rows Removed by Filter": 40299}, {"Node Type": "Index Scan", "Parent Relationship": "Inner", "Parallel Aware": false, "Async Capable": false, "Scan Direction": "Forward", "Index Name": "idx_posts_owneruserid", "Relation Name": "posts", "Alias": "p", "Startup Cost": 0.29, "Total Cost": 12.77, "Plan Rows": 4, "Plan Width": 4, "Actual Rows": 188, "Actual Loops": 26, "Index Cond": "(owneruserid = u.id)", "Rows Removed by Index Recheck": 0, "Filter": "(creationdate >= '2010-12-31 20:00:23'::timestamp without time zone)", "Rows Removed by Filter": 0}]}, {"Node Type": "Materialize", "Parent Relationship": "Inner", "Parallel Aware": false, "Async Capable": false, "Startup Cost": 3908.74, "Total Cost": 5316.1, "Plan Rows": 308.0, "Plan Width": 8, "Actual Rows": 215, "Actual Loops": 4897, "Plans": [{"Node Type": "Merge Join", "Parent Relationship": "Outer", "Parallel Aware": false, "Async Capable": false, "Join Type": "Inner", "Startup Cost": 3908.74, "Total Cost": 5315.96, "Plan Rows": 308.0, "Plan Width": 8, "Actual Rows": 215, "Actual Loops": 1, "Inner Unique": false, "Merge Cond": "(v.userid = c.userid)", "Plans": [{"Node Type": "Index Scan", "Parent Relationship": "Outer", "Parallel Aware": false, "Async Capable": false, "Scan Direction": "Forward", "Index Name": "idx_votes_userid", "Relation Name": "votes", "Alias": "v", "Startup Cost": 0.42, "Total Cost": 13242.63, "Plan Rows": 763, "Plan Width": 4, "Actual Rows": 325, "Actual Loops": 1, "Filter": "((bountyamount <= 134) AND (creationdate <= '2012-12-12 04:10:07'::timestamp without time zone))", "Rows Removed by Filter": 37304}, {"Node Type": "Sort", "Parent Relationship": "Inner", "Parallel Aware": false, "Async Capable": false, "Startup Cost": 3908.32, "Total Cost": 3908.8, "Plan Rows": 191, "Plan Width": 4, "Actual Rows": 324, "Actual Loops": 1, "Sort Key": ["c.userid"], "Sort Method": "quicksort", "Sort Space Used": 25, "Sort Space Type": "Memory", "Plans": [{"Node Type": "Gather", "Parent Relationship": "Outer", "Parallel Aware": false, "Async Capable": false, "Startup Cost": 1000.0, "Total Cost": 3901.09, "Plan Rows": 191, "Plan Width": 4, "Actual Rows": 228, "Actual Loops": 1, "Workers Planned": 1, "Workers Launched": 1, "Single Copy": false, "Plans": [{"Node Type": "Seq Scan", "Parent Relationship": "Outer", "Parallel Aware": true, "Async Capable": false, "Relation Name": "comments", "Alias": "c", "Startup Cost": 0.0, "Total Cost": 2881.99, "Plan Rows": 112, "Plan Width": 4, "Actual Rows": 114, "Actual Loops": 2, "Filter": "((creationdate <= '2013-07-29 17:18:28'::timestamp without time zone) AND (score = 6))", "Rows Removed by Filter": 87038, "Workers": []}]}]}]}]}]}]}, "Planning Time": 2.471, "Triggers": [], "Execution Time": 112.136}, {"Plan": {"Node Type": "Aggregate", "Strategy": "Plain", "Partial Mode": "Finalize", "Parallel Aware": false, "Async Capable": false, "Startup Cost": 7344.72, "Total Cost": 7344.73, "Plan Rows": 1, "Plan Width": 8, "Actual Rows": 1, "Actual Loops": 1, "Plans": [{"Node Type": "Gather", "Parent Relationship": "Outer", "Parallel Aware": false, "Async Capable": false, "Startup Cost": 7344.6, "Total Cost": 7344.71, "Plan Rows": 1, "Plan Width": 8, "Actual Rows": 2, "Actual Loops": 1, "Workers Planned": 1, "Workers Launched": 1, "Single Copy": false, "Plans": [{"Node Type": "Aggregate", "Strategy": "Plain", "Partial Mode": "Partial", "Parent Relationship": "Outer", "Parallel Aware": false, "Async Capable": false, "Startup Cost": 6344.6, "Total Cost": 6344.61, "Plan Rows": 1, "Plan Width": 8, "Actual Rows": 1, "Actual Loops": 2, "Workers": [], "Plans": [{"Node Type": "Hash Join", "Parent Relationship": "Outer", "Parallel Aware": true, "Async Capable": false, "Join Type": "Inner", "Startup Cost": 2180.0, "Total Cost": 6344.58, "Plan Rows": 14.0, "Plan Width": 0, "Actual Rows": 3224, "Actual Loops": 2, "Inner Unique": false, "Hash Cond": "(c.userid = u.id)", "Workers": [], "Plans": [{"Node Type": "Nested Loop", "Parent Relationship": "Outer", "Parallel Aware": false, "Async Capable": false, "Join Type": "Inner", "Startup Cost": 0.29, "Total Cost": 4037.57, "Plan Rows": 20.0, "Plan Width": 8, "Actual Rows": 38554, "Actual Loops": 2, "Inner Unique": false, "Workers": [], "Plans": [{"Node Type": "Seq Scan", "Parent Relationship": "Outer", "Parallel Aware": true, "Async Capable": false, "Relation Name": "comments", "Alias": "c", "Startup Cost": 0.0, "Total Cost": 2881.99, "Plan Rows": 112, "Plan Width": 4, "Actual Rows": 114, "Actual Loops": 2, "Filter": "((creationdate <= '2013-07-29 17:18:28'::timestamp without time zone) AND (score = 6))", "Rows Removed by Filter": 87038, "Workers": []}, {"Node Type": "Index Scan", "Parent Relationship": "Inner", "Parallel Aware": false, "Async Capable": false, "Scan Direction": "Forward", "Index Name": "idx_posts_owneruserid", "Relation Name": "posts", "Alias": "p", "Startup Cost": 0.29, "Total Cost": 10.28, "Plan Rows": 4, "Plan Width": 4, "Actual Rows": 338, "Actual Loops": 228, "Index Cond": "(owneruserid = c.userid)", "Rows Removed by Index Recheck": 0, "Filter": "(creationdate >= '2010-12-31 20:00:23'::timestamp without time zone)", "Rows Removed by Filter": 52, "Workers": []}]}, {"Node Type": "Hash", "Parent Relationship": "Inner", "Parallel Aware": true, "Async Capable": false, "Startup Cost": 2179.7, "Total Cost": 2179.7, "Plan Rows": 443.0, "Plan Width": 8, "Actual Rows": 2, "Actual Loops": 2, "Hash Buckets": 1024, "Original Hash Buckets": 1024, "Hash Batches": 1, "Original Hash Batches": 1, "Peak Memory Usage": 40, "Workers": [], "Plans": [{"Node Type": "Merge Join", "Parent Relationship": "Outer", "Parallel Aware": false, "Async Capable": false, "Join Type": "Inner", "Startup Cost": 1005.18, "Total Cost": 2179.7, "Plan Rows": 443.0, "Plan Width": 8, "Actual Rows": 2, "Actual Loops": 2, "Inner Unique": true, "Merge Cond": "(v.userid = u.id)", "Workers": [], "Plans": [{"Node Type": "Index Scan", "Parent Relationship": "Outer", "Parallel Aware": true, "Async Capable": false, "Scan Direction": "Forward", "Index Name": "idx_votes_userid", "Relation Name": "votes", "Alias": "v", "Startup Cost": 0.42, "Total Cost": 11216.36, "Plan Rows": 449, "Plan Width": 4, "Actual Rows": 163, "Actual Loops": 2, "Filter": "((bountyamount <= 134) AND (creationdate <= '2012-12-12 04:10:07'::timestamp without time zone))", "Rows Removed by Filter": 18995, "Workers": []}, {"Node Type": "Sort", "Parent Relationship": "Inner", "Parallel Aware": false, "Async Capable": false, "Startup Cost": 1004.76, "Total Cost": 1004.93, "Plan Rows": 68, "Plan Width": 4, "Actual Rows": 15, "Actual Loops": 2, "Sort Key": ["u.id"], "Sort Method": "quicksort", "Sort Space Used": 25, "Sort Space Type": "Memory", "Workers": [{"Worker Number": 0, "Sort Method": "quicksort", "Sort Space Used": 25, "Sort Space Type": "Memory"}], "Plans": [{"Node Type": "Seq Scan", "Parent Relationship": "Outer", "Parallel Aware": false, "Async Capable": false, "Relation Name": "users", "Alias": "u", "Startup Cost": 0.0, "Total Cost": 1002.69, "Plan Rows": 68, "Plan Width": 4, "Actual Rows": 26, "Actual Loops": 2, "Filter": "((upvotes >= 480) AND (upvotes <= 10730) AND (creationdate >= '2011-10-08 15:24:58'::timestamp without time zone))", "Rows Removed by Filter": 40299, "Workers": []}]}]}]}]}]}]}]}, "Planning Time": 5.981, "Triggers": [], "Execution Time": 91.43}, {"Plan": {"Node Type": "Aggregate", "Strategy": "Plain", "Partial Mode": "Simple", "Parallel Aware": false, "Async Capable": false, "Startup Cost": 9322.34, "Total Cost": 9322.35, "Plan Rows": 1, "Plan Width": 8, "Actual Rows": 1, "Actual Loops": 1, "Plans": [{"Node Type": "Merge Join", "Parent Relationship": "Outer", "Parallel Aware": false, "Async Capable": false, "Join Type": "Inner", "Startup Cost": 3397.88, "Total Cost": 9322.31, "Plan Rows": 14.0, "Plan Width": 0, "Actual Rows": 6448, "Actual Loops": 1, "Inner Unique": false, "Merge Cond": "(p.owneruserid = u.id)", "Plans": [{"Node Type": "Merge Join", "Parent Relationship": "Outer", "Parallel Aware": false, "Async Capable": false, "Join Type": "Inner", "Startup Cost": 0.71, "Total Cost": 6002.37, "Plan Rows": 2454.0, "Plan Width": 8, "Actual Rows": 21704, "Actual Loops": 1, "Inner Unique": false, "Merge Cond": "(v.userid = p.owneruserid)", "Plans": [{"Node Type": "Index Scan", "Parent Relationship": "Outer", "Parallel Aware": false, "Async Capable": false, "Scan Direction": "Forward", "Index Name": "idx_votes_userid", "Relation Name": "votes", "Alias": "v", "Startup Cost": 0.42, "Total Cost": 13242.63, "Plan Rows": 763, "Plan Width": 4, "Actual Rows": 325, "Actual Loops": 1, "Filter": "((bountyamount <= 134) AND (creationdate <= '2012-12-12 04:10:07'::timestamp without time zone))", "Rows Removed by Filter": 37304}, {"Node Type": "Index Scan", "Parent Relationship": "Inner", "Parallel Aware": false, "Async Capable": false, "Scan Direction": "Forward", "Index Name": "idx_posts_owneruserid", "Relation Name": "posts", "Alias": "p", "Startup Cost": 0.29, "Total Cost": 4323.61, "Plan Rows": 86527, "Plan Width": 4, "Actual Rows": 61933, "Actual Loops": 1, "Filter": "(creationdate >= '2010-12-31 20:00:23'::timestamp without time zone)", "Rows Removed by Filter": 6800}]}, {"Node Type": "Sort", "Parent Relationship": "Inner", "Parallel Aware": false, "Async Capable": false, "Startup Cost": 3397.17, "Total Cost": 3397.17, "Plan Rows": 3.0, "Plan Width": 8, "Actual Rows": 6450, "Actual Loops": 1, "Sort Key": ["c.userid"], "Sort Method": "quicksort", "Sort Space Used": 25, "Sort Space Type": "Memory", "Plans": [{"Node Type": "Nested Loop", "Parent Relationship": "Outer", "Parallel Aware": false, "Async Capable": false, "Join Type": "Inner", "Startup Cost": 0.29, "Total Cost": 3397.16, "Plan Rows": 3.0, "Plan Width": 8, "Actual Rows": 15, "Actual Loops": 1, "Inner Unique": false, "Plans": [{"Node Type": "Seq Scan", "Parent Relationship": "Outer", "Parallel Aware": false, "Async Capable": false, "Relation Name": "users", "Alias": "u", "Startup Cost": 0.0, "Total Cost": 1002.69, "Plan Rows": 68, "Plan Width": 4, "Actual Rows": 26, "Actual Loops": 1, "Filter": "((upvotes >= 480) AND (upvotes <= 10730) AND (creationdate >= '2011-10-08 15:24:58'::timestamp without time zone))", "Rows Removed by Filter": 40299}, {"Node Type": "Index Scan", "Parent Relationship": "Inner", "Parallel Aware": false, "Async Capable": false, "Scan Direction": "Forward", "Index Name": "idx_comments_userid", "Relation Name": "comments", "Alias": "c", "Startup Cost": 0.29, "Total Cost": 35.2, "Plan Rows": 1, "Plan Width": 4, "Actual Rows": 1, "Actual Loops": 26, "Index Cond": "(userid = u.id)", "Rows Removed by Index Recheck": 0, "Filter": "((creationdate <= '2013-07-29 17:18:28'::timestamp without time zone) AND (score = 6))", "Rows Removed by Filter": 556}]}]}]}]}, "Planning Time": 2.668, "Triggers": [], "Execution Time": 111.289}, {"Plan": {"Node Type": "Aggregate", "Strategy": "Plain", "Partial Mode": "Simple", "Parallel Aware": false, "Async Capable": false, "Startup Cost": 3380.2, "Total Cost": 3380.21, "Plan Rows": 1, "Plan Width": 8, "Actual Rows": 1, "Actual Loops": 1, "Plans": [{"Node Type": "Merge Join", "Parent Relationship": "Outer", "Parallel Aware": false, "Async Capable": false, "Join Type": "Inner", "Startup Cost": 1973.68, "Total Cost": 3380.16, "Plan Rows": 14.0, "Plan Width": 0, "Actual Rows": 6448, "Actual Loops": 1, "Inner Unique": false, "Merge Cond": "(v.userid = u.id)", "Plans": [{"Node Type": "Index Scan", "Parent Relationship": "Outer", "Parallel Aware": false, "Async Capable": false, "Scan Direction": "Forward", "Index Name": "idx_votes_userid", "Relation Name": "votes", "Alias": "v", "Startup Cost": 0.42, "Total Cost": 13242.63, "Plan Rows": 763, "Plan Width": 4, "Actual Rows": 325, "Actual Loops": 1, "Filter": "((bountyamount <= 134) AND (creationdate <= '2012-12-12 04:10:07'::timestamp without time zone))", "Rows Removed by Filter": 37304}, {"Node Type": "Sort", "Parent Relationship": "Inner", "Parallel Aware": false, "Async Capable": false, "Startup Cost": 1973.26, "Total Cost": 1973.5, "Plan Rows": 3.0, "Plan Width": 12, "Actual Rows": 7415, "Actual Loops": 1, "Sort Key": ["c.userid"], "Sort Method": "quicksort", "Sort Space Used": 486, "Sort Space Type": "Memory", "Plans": [{"Node Type": "Nested Loop", "Parent Relationship": "Outer", "Parallel Aware": false, "Async Capable": false, "Join Type": "Inner", "Startup Cost": 0.59, "Total Cost": 1970.09, "Plan Rows": 3.0, "Plan Width": 12, "Actual Rows": 7517, "Actual Loops": 1, "Inner Unique": false, "Join Filter": "(c.userid = u.id)", "Rows Removed by Join Filter": 0, "Plans": [{"Node Type": "Nested Loop", "Parent Relationship": "Outer", "Parallel Aware": false, "Async Capable": false, "Join Type": "Inner", "Startup Cost": 0.29, "Total Cost": 1873.51, "Plan Rows": 35.0, "Plan Width": 8, "Actual Rows": 4897, "Actual Loops": 1, "Inner Unique": false, "Plans": [{"Node Type": "Seq Scan", "Parent Relationship": "Outer", "Parallel Aware": false, "Async Capable": false, "Relation Name": "users", "Alias": "u", "Startup Cost": 0.0, "Total Cost": 1002.69, "Plan Rows": 68, "Plan Width": 4, "Actual Rows": 26, "Actual Loops": 1, "Filter": "((upvotes >= 480) AND (upvotes <= 10730) AND (creationdate >= '2011-10-08 15:24:58'::timestamp without time zone))", "Rows Removed by Filter": 40299}, {"Node Type": "Index Scan", "Parent Relationship": "Inner", "Parallel Aware": false, "Async Capable": false, "Scan Direction": "Forward", "Index Name": "idx_posts_owneruserid", "Relation Name": "posts", "Alias": "p", "Startup Cost": 0.29, "Total Cost": 12.77, "Plan Rows": 4, "Plan Width": 4, "Actual Rows": 188, "Actual Loops": 26, "Index Cond": "(owneruserid = u.id)", "Rows Removed by Index Recheck": 0, "Filter": "(creationdate >= '2010-12-31 20:00:23'::timestamp without time zone)", "Rows Removed by Filter": 0}]}, {"Node Type": "Index Scan", "Parent Relationship": "Inner", "Parallel Aware": false, "Async Capable": false, "Scan Direction": "Forward", "Index Name": "idx_comments_userid", "Relation Name": "comments", "Alias": "c", "Startup Cost": 0.29, "Total Cost": 0.66, "Plan Rows": 1, "Plan Width": 4, "Actual Rows": 2, "Actual Loops": 4897, "Index Cond": "(userid = p.owneruserid)", "Rows Removed by Index Recheck": 0, "Filter": "((creationdate <= '2013-07-29 17:18:28'::timestamp without time zone) AND (score = 6))", "Rows Removed by Filter": 1501}]}]}]}]}, "Planning Time": 2.625, "Triggers": [], "Execution Time": 1023.137}, {"Plan": {"Node Type": "Aggregate", "Strategy": "Plain", "Partial Mode": "Simple", "Parallel Aware": false, "Async Capable": false, "Startup Cost": 4733.5, "Total Cost": 4733.51, "Plan Rows": 1, "Plan Width": 8, "Actual Rows": 1, "Actual Loops": 1, "Plans": [{"Node Type": "Hash Join", "Parent Relationship": "Outer", "Parallel Aware": false, "Async Capable": false, "Join Type": "Inner", "Startup Cost": 2419.27, "Total Cost": 4733.47, "Plan Rows": 14.0, "Plan Width": 0, "Actual Rows": 6448, "Actual Loops": 1, "Inner Unique": false, "Hash Cond": "(p.owneruserid = u.id)", "Plans": [{"Node Type": "Seq Scan", "Parent Relationship": "Outer", "Parallel Aware": false, "Async Capable": false, "Relation Name": "posts", "Alias": "p", "Startup Cost": 0.0, "Total Cost": 1989.7, "Plan Rows": 86527, "Plan Width": 4, "Actual Rows": 86509, "Actual Loops": 1, "Filter": "(creationdate >= '2010-12-31 20:00:23'::timestamp without time zone)", "Rows Removed by Filter": 5467}, {"Node Type": "Hash", "Parent Relationship": "Inner", "Parallel Aware": false, "Async Capable": false, "Startup Cost": 2419.26, "Total Cost": 2419.26, "Plan Rows": 28.0, "Plan Width": 12, "Actual Rows": 13, "Actual Loops": 1, "Hash Buckets": 1024, "Original Hash Buckets": 1024, "Hash Batches": 1, "Original Hash Batches": 1, "Peak Memory Usage": 9, "Plans": [{"Node Type": "Nested Loop", "Parent Relationship": "Outer", "Parallel Aware": false, "Async Capable": false, "Join Type": "Inner", "Startup Cost": 1005.47, "Total Cost": 2419.26, "Plan Rows": 28.0, "Plan Width": 12, "Actual Rows": 13, "Actual Loops": 1, "Inner Unique": false, "Join Filter": "(c.userid = u.id)", "Rows Removed by Join Filter": 0, "Plans": [{"Node Type": "Merge Join", "Parent Relationship": "Outer", "Parallel Aware": false, "Async Capable": false, "Join Type": "Inner", "Startup Cost": 1005.18, "Total Cost": 2411.52, "Plan Rows": 443.0, "Plan Width": 8, "Actual Rows": 5, "Actual Loops": 1, "Inner Unique": true, "Merge Cond": "(v.userid = u.id)", "Plans": [{"Node Type": "Index Scan", "Parent Relationship": "Outer", "Parallel Aware": false, "Async Capable": false, "Scan Direction": "Forward", "Index Name": "idx_votes_userid", "Relation Name": "votes", "Alias": "v", "Startup Cost": 0.42, "Total Cost": 13242.63, "Plan Rows": 763, "Plan Width": 4, "Actual Rows": 325, "Actual Loops": 1, "Filter": "((bountyamount <= 134) AND (creationdate <= '2012-12-12 04:10:07'::timestamp without time zone))", "Rows Removed by Filter": 37304}, {"Node Type": "Sort", "Parent Relationship": "Inner", "Parallel Aware": false, "Async Capable": false, "Startup Cost": 1004.76, "Total Cost": 1004.93, "Plan Rows": 68, "Plan Width": 4, "Actual Rows": 16, "Actual Loops": 1, "Sort Key": ["u.id"], "Sort Method": "quicksort", "Sort Space Used": 25, "Sort Space Type": "Memory", "Plans": [{"Node Type": "Seq Scan", "Parent Relationship": "Outer", "Parallel Aware": false, "Async Capable": false, "Relation Name": "users", "Alias": "u", "Startup Cost": 0.0, "Total Cost": 1002.69, "Plan Rows": 68, "Plan Width": 4, "Actual Rows": 26, "Actual Loops": 1, "Filter": "((upvotes >= 480) AND (upvotes <= 10730) AND (creationdate >= '2011-10-08 15:24:58'::timestamp without time zone))", "Rows Removed by Filter": 40299}]}]}, {"Node Type": "Index Scan", "Parent Relationship": "Inner", "Parallel Aware": false, "Async Capable": false, "Scan Direction": "Forward", "Index Name": "idx_comments_userid", "Relation Name": "comments", "Alias": "c", "Startup Cost": 0.29, "Total Cost": 7.72, "Plan Rows": 1, "Plan Width": 4, "Actual Rows": 3, "Actual Loops": 5, "Index Cond": "(userid = v.userid)", "Rows Removed by Index Recheck": 0, "Filter": "((creationdate <= '2013-07-29 17:18:28'::timestamp without time zone) AND (score = 6))", "Rows Removed by Filter": 1127}]}]}]}]}, "Planning Time": 2.458, "Triggers": [], "Execution Time": 60.944}, {"Plan": {"Node Type": "Aggregate", "Strategy": "Plain", "Partial Mode": "Finalize", "Parallel Aware": false, "Async Capable": false, "Startup Cost": 5864.31, "Total Cost": 5864.32, "Plan Rows": 1, "Plan Width": 8, "Actual Rows": 1, "Actual Loops": 1, "Plans": [{"Node Type": "Gather", "Parent Relationship": "Outer", "Parallel Aware": false, "Async Capable": false, "Startup Cost": 5864.19, "Total Cost": 5864.3, "Plan Rows": 1, "Plan Width": 8, "Actual Rows": 2, "Actual Loops": 1, "Workers Planned": 1, "Workers Launched": 1, "Single Copy": false, "Plans": [{"Node Type": "Aggregate", "Strategy": "Plain", "Partial Mode": "Partial", "Parent Relationship": "Outer", "Parallel Aware": false, "Async Capable": false, "Startup Cost": 4864.19, "Total Cost": 4864.2, "Plan Rows": 1, "Plan Width": 8, "Actual Rows": 1, "Actual Loops": 2, "Workers": [], "Plans": [{"Node Type": "Hash Join", "Parent Relationship": "Outer", "Parallel Aware": false, "Async Capable": false, "Join Type": "Inner", "Startup Cost": 1981.76, "Total Cost": 4864.17, "Plan Rows": 14.0, "Plan Width": 0, "Actual Rows": 3224, "Actual Loops": 2, "Inner Unique": false, "Hash Cond": "(c.userid = u.id)", "Workers": [], "Plans": [{"Node Type": "Seq Scan", "Parent Relationship": "Outer", "Parallel Aware": true, "Async Capable": false, "Relation Name": "comments", "Alias": "c", "Startup Cost": 0.0, "Total Cost": 2881.99, "Plan Rows": 112, "Plan Width": 4, "Actual Rows": 114, "Actual Loops": 2, "Filter": "((creationdate <= '2013-07-29 17:18:28'::timestamp without time zone) AND (score = 6))", "Rows Removed by Filter": 87038, "Workers": []}, {"Node Type": "Hash", "Parent Relationship": "Inner", "Parallel Aware": false, "Async Capable": false, "Startup Cost": 1981.65, "Total Cost": 1981.65, "Plan Rows": 234.0, "Plan Width": 12, "Actual Rows": 1573, "Actual Loops": 2, "Hash Buckets": 2048, "Original Hash Buckets": 1024, "Hash Batches": 1, "Original Hash Batches": 1, "Peak Memory Usage": 84, "Workers": [], "Plans": [{"Node Type": "Nested Loop", "Parent Relationship": "Outer", "Parallel Aware": false, "Async Capable": false, "Join Type": "Inner", "Startup Cost": 0.71, "Total Cost": 1981.65, "Plan Rows": 234.0, "Plan Width": 12, "Actual Rows": 1573, "Actual Loops": 2, "Inner Unique": false, "Join Filter": "(v.userid = u.id)", "Rows Removed by Join Filter": 0, "Workers": [], "Plans": [{"Node Type": "Nested Loop", "Parent Relationship": "Outer", "Parallel Aware": false, "Async Capable": false, "Join Type": "Inner", "Startup Cost": 0.29, "Total Cost": 1873.51, "Plan Rows": 35.0, "Plan Width": 8, "Actual Rows": 4897, "Actual Loops": 2, "Inner Unique": false, "Workers": [], "Plans": [{"Node Type": "Seq Scan", "Parent Relationship": "Outer", "Parallel Aware": false, "Async Capable": false, "Relation Name": "users", "Alias": "u", "Startup Cost": 0.0, "Total Cost": 1002.69, "Plan Rows": 68, "Plan Width": 4, "Actual Rows": 26, "Actual Loops": 2, "Filter": "((upvotes >= 480) AND (upvotes <= 10730) AND (creationdate >= '2011-10-08 15:24:58'::timestamp without time zone))", "Rows Removed by Filter": 40299, "Workers": []}, {"Node Type": "Index Scan", "Parent Relationship": "Inner", "Parallel Aware": false, "Async Capable": false, "Scan Direction": "Forward", "Index Name": "idx_posts_owneruserid", "Relation Name": "posts", "Alias": "p", "Startup Cost": 0.29, "Total Cost": 12.77, "Plan Rows": 4, "Plan Width": 4, "Actual Rows": 188, "Actual Loops": 52, "Index Cond": "(owneruserid = u.id)", "Rows Removed by Index Recheck": 0, "Filter": "(creationdate >= '2010-12-31 20:00:23'::timestamp without time zone)", "Rows Removed by Filter": 0, "Workers": []}]}, {"Node Type": "Index Scan", "Parent Relationship": "Inner", "Parallel Aware": false, "Async Capable": false, "Scan Direction": "Forward", "Index Name": "idx_votes_userid", "Relation Name": "votes", "Alias": "v", "Startup Cost": 0.42, "Total Cost": 0.74, "Plan Rows": 1, "Plan Width": 4, "Actual Rows": 0, "Actual Loops": 9794, "Index Cond": "(userid = p.owneruserid)", "Rows Removed by Index Recheck": 0, "Filter": "((bountyamount <= 134) AND (creationdate <= '2012-12-12 04:10:07'::timestamp without time zone))", "Rows Removed by Filter": 105, "Workers": []}]}]}]}]}]}]}, "Planning Time": 5.876, "Triggers": [], "Execution Time": 197.69}, {"Plan": {"Node Type": "Aggregate", "Strategy": "Plain", "Partial Mode": "Simple", "Parallel Aware": false, "Async Capable": false, "Startup Cost": 7248.19, "Total Cost": 7248.2, "Plan Rows": 1, "Plan Width": 8, "Actual Rows": 1, "Actual Loops": 1, "Plans": [{"Node Type": "Nested Loop", "Parent Relationship": "Outer", "Parallel Aware": false, "Async Capable": false, "Join Type": "Inner", "Startup Cost": 3909.04, "Total Cost": 7248.15, "Plan Rows": 14.0, "Plan Width": 0, "Actual Rows": 6448, "Actual Loops": 1, "Inner Unique": false, "Join Filter": "(c.userid = u.id)", "Rows Removed by Join Filter": 1046407, "Plans": [{"Node Type": "Merge Join", "Parent Relationship": "Outer", "Parallel Aware": false, "Async Capable": false, "Join Type": "Inner", "Startup Cost": 3908.74, "Total Cost": 5315.96, "Plan Rows": 308.0, "Plan Width": 8, "Actual Rows": 215, "Actual Loops": 1, "Inner Unique": false, "Merge Cond": "(v.userid = c.userid)", "Plans": [{"Node Type": "Index Scan", "Parent Relationship": "Outer", "Parallel Aware": false, "Async Capable": false, "Scan Direction": "Forward", "Index Name": "idx_votes_userid", "Relation Name": "votes", "Alias": "v", "Startup Cost": 0.42, "Total Cost": 13242.63, "Plan Rows": 763, "Plan Width": 4, "Actual Rows": 325, "Actual Loops": 1, "Filter": "((bountyamount <= 134) AND (creationdate <= '2012-12-12 04:10:07'::timestamp without time zone))", "Rows Removed by Filter": 37304}, {"Node Type": "Sort", "Parent Relationship": "Inner", "Parallel Aware": false, "Async Capable": false, "Startup Cost": 3908.32, "Total Cost": 3908.8, "Plan Rows": 191, "Plan Width": 4, "Actual Rows": 324, "Actual Loops": 1, "Sort Key": ["c.userid"], "Sort Method": "quicksort", "Sort Space Used": 25, "Sort Space Type": "Memory", "Plans": [{"Node Type": "Gather", "Parent Relationship": "Outer", "Parallel Aware": false, "Async Capable": false, "Startup Cost": 1000.0, "Total Cost": 3901.09, "Plan Rows": 191, "Plan Width": 4, "Actual Rows": 228, "Actual Loops": 1, "Workers Planned": 1, "Workers Launched": 1, "Single Copy": false, "Plans": [{"Node Type": "Seq Scan", "Parent Relationship": "Outer", "Parallel Aware": true, "Async Capable": false, "Relation Name": "comments", "Alias": "c", "Startup Cost": 0.0, "Total Cost": 2881.99, "Plan Rows": 112, "Plan Width": 4, "Actual Rows": 114, "Actual Loops": 2, "Filter": "((creationdate <= '2013-07-29 17:18:28'::timestamp without time zone) AND (score = 6))", "Rows Removed by Filter": 87038, "Workers": []}]}]}]}, {"Node Type": "Materialize", "Parent Relationship": "Inner", "Parallel Aware": false, "Async Capable": false, "Startup Cost": 0.29, "Total Cost": 1874.23, "Plan Rows": 35.0, "Plan Width": 8, "Actual Rows": 4897, "Actual Loops": 215, "Plans": [{"Node Type": "Nested Loop", "Parent Relationship": "Outer", "Parallel Aware": false, "Async Capable": false, "Join Type": "Inner", "Startup Cost": 0.29, "Total Cost": 1873.51, "Plan Rows": 35.0, "Plan Width": 8, "Actual Rows": 4897, "Actual Loops": 1, "Inner Unique": false, "Plans": [{"Node Type": "Seq Scan", "Parent Relationship": "Outer", "Parallel Aware": false, "Async Capable": false, "Relation Name": "users", "Alias": "u", "Startup Cost": 0.0, "Total Cost": 1002.69, "Plan Rows": 68, "Plan Width": 4, "Actual Rows": 26, "Actual Loops": 1, "Filter": "((upvotes >= 480) AND (upvotes <= 10730) AND (creationdate >= '2011-10-08 15:24:58'::timestamp without time zone))", "Rows Removed by Filter": 40299}, {"Node Type": "Index Scan", "Parent Relationship": "Inner", "Parallel Aware": false, "Async Capable": false, "Scan Direction": "Forward", "Index Name": "idx_posts_owneruserid", "Relation Name": "posts", "Alias": "p", "Startup Cost": 0.29, "Total Cost": 12.77, "Plan Rows": 4, "Plan Width": 4, "Actual Rows": 188, "Actual Loops": 26, "Index Cond": "(owneruserid = u.id)", "Rows Removed by Index Recheck": 0, "Filter": "(creationdate >= '2010-12-31 20:00:23'::timestamp without time zone)", "Rows Removed by Filter": 0}]}]}]}]}, "Planning Time": 2.592, "Triggers": [], "Execution Time": 125.333}, {"Plan": {"Node Type": "Aggregate", "Strategy": "Plain", "Partial Mode": "Simple", "Parallel Aware": false, "Async Capable": false, "Startup Cost": 1987.72, "Total Cost": 1987.73, "Plan Rows": 1, "Plan Width": 8, "Actual Rows": 1, "Actual Loops": 1, "Plans": [{"Node Type": "Nested Loop", "Parent Relationship": "Outer", "Parallel Aware": false, "Async Capable": false, "Join Type": "Inner", "Startup Cost": 1.01, "Total Cost": 1987.68, "Plan Rows": 14.0, "Plan Width": 0, "Actual Rows": 6448, "Actual Loops": 1, "Inner Unique": false, "Join Filter": "(c.userid = u.id)", "Rows Removed by Join Filter": 0, "Plans": [{"Node Type": "Nested Loop", "Parent Relationship": "Outer", "Parallel Aware": false, "Async Capable": false, "Join Type": "Inner", "Startup Cost": 0.71, "Total Cost": 1981.65, "Plan Rows": 234.0, "Plan Width": 12, "Actual Rows": 1573, "Actual Loops": 1, "Inner Unique": false, "Join Filter": "(v.userid = u.id)", "Rows Removed by Join Filter": 0, "Plans": [{"Node Type": "Nested Loop", "Parent Relationship": "Outer", "Parallel Aware": false, "Async Capable": false, "Join Type": "Inner", "Startup Cost": 0.29, "Total Cost": 1873.51, "Plan Rows": 35.0, "Plan Width": 8, "Actual Rows": 4897, "Actual Loops": 1, "Inner Unique": false, "Plans": [{"Node Type": "Seq Scan", "Parent Relationship": "Outer", "Parallel Aware": false, "Async Capable": false, "Relation Name": "users", "Alias": "u", "Startup Cost": 0.0, "Total Cost": 1002.69, "Plan Rows": 68, "Plan Width": 4, "Actual Rows": 26, "Actual Loops": 1, "Filter": "((upvotes >= 480) AND (upvotes <= 10730) AND (creationdate >= '2011-10-08 15:24:58'::timestamp without time zone))", "Rows Removed by Filter": 40299}, {"Node Type": "Index Scan", "Parent Relationship": "Inner", "Parallel Aware": false, "Async Capable": false, "Scan Direction": "Forward", "Index Name": "idx_posts_owneruserid", "Relation Name": "posts", "Alias": "p", "Startup Cost": 0.29, "Total Cost": 12.77, "Plan Rows": 4, "Plan Width": 4, "Actual Rows": 188, "Actual Loops": 26, "Index Cond": "(owneruserid = u.id)", "Rows Removed by Index Recheck": 0, "Filter": "(creationdate >= '2010-12-31 20:00:23'::timestamp without time zone)", "Rows Removed by Filter": 0}]}, {"Node Type": "Index Scan", "Parent Relationship": "Inner", "Parallel Aware": false, "Async Capable": false, "Scan Direction": "Forward", "Index Name": "idx_votes_userid", "Relation Name": "votes", "Alias": "v", "Startup Cost": 0.42, "Total Cost": 0.74, "Plan Rows": 1, "Plan Width": 4, "Actual Rows": 0, "Actual Loops": 4897, "Index Cond": "(userid = p.owneruserid)", "Rows Removed by Index Recheck": 0, "Filter": "((bountyamount <= 134) AND (creationdate <= '2012-12-12 04:10:07'::timestamp without time zone))", "Rows Removed by Filter": 105}]}, {"Node Type": "Index Scan", "Parent Relationship": "Inner", "Parallel Aware": false, "Async Capable": false, "Scan Direction": "Forward", "Index Name": "idx_comments_userid", "Relation Name": "comments", "Alias": "c", "Startup Cost": 0.29, "Total Cost": 0.66, "Plan Rows": 1, "Plan Width": 4, "Actual Rows": 4, "Actual Loops": 1573, "Index Cond": "(userid = p.owneruserid)", "Rows Removed by Index Recheck": 0, "Filter": "((creationdate <= '2013-07-29 17:18:28'::timestamp without time zone) AND (score = 6))", "Rows Removed by Filter": 2296}]}]}, "Planning Time": 2.244, "Triggers": [], "Execution Time": 693.553}, {"Plan": {"Node Type": "Aggregate", "Strategy": "Plain", "Partial Mode": "Simple", "Parallel Aware": false, "Async Capable": false, "Startup Cost": 2042.22, "Total Cost": 2042.23, "Plan Rows": 1, "Plan Width": 8, "Actual Rows": 1, "Actual Loops": 1, "Plans": [{"Node Type": "Nested Loop", "Parent Relationship": "Outer", "Parallel Aware": false, "Async Capable": false, "Join Type": "Inner", "Startup Cost": 1.01, "Total Cost": 2042.19, "Plan Rows": 14.0, "Plan Width": 0, "Actual Rows": 6448, "Actual Loops": 1, "Inner Unique": false, "Join Filter": "(v.userid = u.id)", "Rows Removed by Join Filter": 0, "Plans": [{"Node Type": "Nested Loop", "Parent Relationship": "Outer", "Parallel Aware": false, "Async Capable": false, "Join Type": "Inner", "Startup Cost": 0.59, "Total Cost": 1970.09, "Plan Rows": 3.0, "Plan Width": 12, "Actual Rows": 7517, "Actual Loops": 1, "Inner Unique": false, "Join Filter": "(c.userid = u.id)", "Rows Removed by Join Filter": 0, "Plans": [{"Node Type": "Nested Loop", "Parent Relationship": "Outer", "Parallel Aware": false, "Async Capable": false, "Join Type": "Inner", "Startup Cost": 0.29, "Total Cost": 1873.51, "Plan Rows": 35.0, "Plan Width": 8, "Actual Rows": 4897, "Actual Loops": 1, "Inner Unique": false, "Plans": [{"Node Type": "Seq Scan", "Parent Relationship": "Outer", "Parallel Aware": false, "Async Capable": false, "Relation Name": "users", "Alias": "u", "Startup Cost": 0.0, "Total Cost": 1002.69, "Plan Rows": 68, "Plan Width": 4, "Actual Rows": 26, "Actual Loops": 1, "Filter": "((upvotes >= 480) AND (upvotes <= 10730) AND (creationdate >= '2011-10-08 15:24:58'::timestamp without time zone))", "Rows Removed by Filter": 40299}, {"Node Type": "Index Scan", "Parent Relationship": "Inner", "Parallel Aware": false, "Async Capable": false, "Scan Direction": "Forward", "Index Name": "idx_posts_owneruserid", "Relation Name": "posts", "Alias": "p", "Startup Cost": 0.29, "Total Cost": 12.77, "Plan Rows": 4, "Plan Width": 4, "Actual Rows": 188, "Actual Loops": 26, "Index Cond": "(owneruserid = u.id)", "Rows Removed by Index Recheck": 0, "Filter": "(creationdate >= '2010-12-31 20:00:23'::timestamp without time zone)", "Rows Removed by Filter": 0}]}, {"Node Type": "Index Scan", "Parent Relationship": "Inner", "Parallel Aware": false, "Async Capable": false, "Scan Direction": "Forward", "Index Name": "idx_comments_userid", "Relation Name": "comments", "Alias": "c", "Startup Cost": 0.29, "Total Cost": 0.66, "Plan Rows": 1, "Plan Width": 4, "Actual Rows": 2, "Actual Loops": 4897, "Index Cond": "(userid = p.owneruserid)", "Rows Removed by Index Recheck": 0, "Filter": "((creationdate <= '2013-07-29 17:18:28'::timestamp without time zone) AND (score = 6))", "Rows Removed by Filter": 1501}]}, {"Node Type": "Index Scan", "Parent Relationship": "Inner", "Parallel Aware": false, "Async Capable": false, "Scan Direction": "Forward", "Index Name": "idx_votes_userid", "Relation Name": "votes", "Alias": "v", "Startup Cost": 0.42, "Total Cost": 0.74, "Plan Rows": 1, "Plan Width": 4, "Actual Rows": 1, "Actual Loops": 7517, "Index Cond": "(userid = p.owneruserid)", "Rows Removed by Index Recheck": 0, "Filter": "((bountyamount <= 134) AND (creationdate <= '2012-12-12 04:10:07'::timestamp without time zone))", "Rows Removed by Filter": 226}]}]}, "Planning Time": 2.032, "Triggers": [], "Execution Time": 1341.459}, {"Plan": {"Node Type": "Aggregate", "Strategy": "Plain", "Partial Mode": "Simple", "Parallel Aware": false, "Async Capable": false, "Startup Cost": 9336.13, "Total Cost": 9336.14, "Plan Rows": 1, "Plan Width": 8, "Actual Rows": 1, "Actual Loops": 1, "Plans": [{"Node Type": "Merge Join", "Parent Relationship": "Outer", "Parallel Aware": false, "Async Capable": false, "Join Type": "Inner", "Startup Cost": 3397.88, "Total Cost": 9336.1, "Plan Rows": 14.0, "Plan Width": 0, "Actual Rows": 6448, "Actual Loops": 1, "Inner Unique": false, "Merge Cond": "(u.id = p.owneruserid)", "Plans": [{"Node Type": "Sort", "Parent Relationship": "Outer", "Parallel Aware": false, "Async Capable": false, "Startup Cost": 3397.17, "Total Cost": 3397.17, "Plan Rows": 3.0, "Plan Width": 8, "Actual Rows": 15, "Actual Loops": 1, "Sort Key": ["c.userid"], "Sort Method": "quicksort", "Sort Space Used": 25, "Sort Space Type": "Memory", "Plans": [{"Node Type": "Nested Loop", "Parent Relationship": "Outer", "Parallel Aware": false, "Async Capable": false, "Join Type": "Inner", "Startup Cost": 0.29, "Total Cost": 3397.16, "Plan Rows": 3.0, "Plan Width": 8, "Actual Rows": 15, "Actual Loops": 1, "Inner Unique": false, "Plans": [{"Node Type": "Seq Scan", "Parent Relationship": "Outer", "Parallel Aware": false, "Async Capable": false, "Relation Name": "users", "Alias": "u", "Startup Cost": 0.0, "Total Cost": 1002.69, "Plan Rows": 68, "Plan Width": 4, "Actual Rows": 26, "Actual Loops": 1, "Filter": "((upvotes >= 480) AND (upvotes <= 10730) AND (creationdate >= '2011-10-08 15:24:58'::timestamp without time zone))", "Rows Removed by Filter": 40299}, {"Node Type": "Index Scan", "Parent Relationship": "Inner", "Parallel Aware": false, "Async Capable": false, "Scan Direction": "Forward", "Index Name": "idx_comments_userid", "Relation Name": "comments", "Alias": "c", "Startup Cost": 0.29, "Total Cost": 35.2, "Plan Rows": 1, "Plan Width": 4, "Actual Rows": 1, "Actual Loops": 26, "Index Cond": "(userid = u.id)", "Rows Removed by Index Recheck": 0, "Filter": "((creationdate <= '2013-07-29 17:18:28'::timestamp without time zone) AND (score = 6))", "Rows Removed by Filter": 556}]}]}, {"Node Type": "Materialize", "Parent Relationship": "Inner", "Parallel Aware": false, "Async Capable": false, "Startup Cost": 0.71, "Total Cost": 6016.38, "Plan Rows": 2454.0, "Plan Width": 8, "Actual Rows": 26579, "Actual Loops": 1, "Plans": [{"Node Type": "Merge Join", "Parent Relationship": "Outer", "Parallel Aware": false, "Async Capable": false, "Join Type": "Inner", "Startup Cost": 0.71, "Total Cost": 6002.37, "Plan Rows": 2454.0, "Plan Width": 8, "Actual Rows": 21704, "Actual Loops": 1, "Inner Unique": false, "Merge Cond": "(v.userid = p.owneruserid)", "Plans": [{"Node Type": "Index Scan", "Parent Relationship": "Outer", "Parallel Aware": false, "Async Capable": false, "Scan Direction": "Forward", "Index Name": "idx_votes_userid", "Relation Name": "votes", "Alias": "v", "Startup Cost": 0.42, "Total Cost": 13242.63, "Plan Rows": 763, "Plan Width": 4, "Actual Rows": 325, "Actual Loops": 1, "Filter": "((bountyamount <= 134) AND (creationdate <= '2012-12-12 04:10:07'::timestamp without time zone))", "Rows Removed by Filter": 37304}, {"Node Type": "Index Scan", "Parent Relationship": "Inner", "Parallel Aware": false, "Async Capable": false, "Scan Direction": "Forward", "Index Name": "idx_posts_owneruserid", "Relation Name": "posts", "Alias": "p", "Startup Cost": 0.29, "Total Cost": 4323.61, "Plan Rows": 86527, "Plan Width": 4, "Actual Rows": 61933, "Actual Loops": 1, "Filter": "(creationdate >= '2010-12-31 20:00:23'::timestamp without time zone)", "Rows Removed by Filter": 6800}]}]}]}]}, "Planning Time": 2.59, "Triggers": [], "Execution Time": 120.882}, {"Plan": {"Node Type": "Aggregate", "Strategy": "Plain", "Partial Mode": "Finalize", "Parallel Aware": false, "Async Capable": false, "Startup Cost": 7684.17, "Total Cost": 7684.18, "Plan Rows": 1, "Plan Width": 8, "Actual Rows": 1, "Actual Loops": 1, "Plans": [{"Node Type": "Gather", "Parent Relationship": "Outer", "Parallel Aware": false, "Async Capable": false, "Startup Cost": 7684.05, "Total Cost": 7684.16, "Plan Rows": 1, "Plan Width": 8, "Actual Rows": 2, "Actual Loops": 1, "Workers Planned": 1, "Workers Launched": 1, "Single Copy": false, "Plans": [{"Node Type": "Aggregate", "Strategy": "Plain", "Partial Mode": "Partial", "Parent Relationship": "Outer", "Parallel Aware": false, "Async Capable": false, "Startup Cost": 6684.05, "Total Cost": 6684.06, "Plan Rows": 1, "Plan Width": 8, "Actual Rows": 1, "Actual Loops": 2, "Workers": [], "Plans": [{"Node Type": "Hash Join", "Parent Relationship": "Outer", "Parallel Aware": true, "Async Capable": false, "Join Type": "Inner", "Startup Cost": 5467.07, "Total Cost": 6684.03, "Plan Rows": 14.0, "Plan Width": 0, "Actual Rows": 3224, "Actual Loops": 2, "Inner Unique": false, "Hash Cond": "(u.id = c.userid)", "Workers": [], "Plans": [{"Node Type": "Merge Join", "Parent Relationship": "Outer", "Parallel Aware": false, "Async Capable": false, "Join Type": "Inner", "Startup Cost": 1005.18, "Total Cost": 2179.7, "Plan Rows": 443.0, "Plan Width": 8, "Actual Rows": 2, "Actual Loops": 2, "Inner Unique": true, "Merge Cond": "(v.userid = u.id)", "Workers": [], "Plans": [{"Node Type": "Index Scan", "Parent Relationship": "Outer", "Parallel Aware": true, "Async Capable": false, "Scan Direction": "Forward", "Index Name": "idx_votes_userid", "Relation Name": "votes", "Alias": "v", "Startup Cost": 0.42, "Total Cost": 11216.36, "Plan Rows": 449, "Plan Width": 4, "Actual Rows": 163, "Actual Loops": 2, "Filter": "((bountyamount <= 134) AND (creationdate <= '2012-12-12 04:10:07'::timestamp without time zone))", "Rows Removed by Filter": 18995, "Workers": []}, {"Node Type": "Sort", "Parent Relationship": "Inner", "Parallel Aware": false, "Async Capable": false, "Startup Cost": 1004.76, "Total Cost": 1004.93, "Plan Rows": 68, "Plan Width": 4, "Actual Rows": 15, "Actual Loops": 2, "Sort Key": ["u.id"], "Sort Method": "quicksort", "Sort Space Used": 25, "Sort Space Type": "Memory", "Workers": [{"Worker Number": 0, "Sort Method": "quicksort", "Sort Space Used": 25, "Sort Space Type": "Memory"}], "Plans": [{"Node Type": "Seq Scan", "Parent Relationship": "Outer", "Parallel Aware": false, "Async Capable": false, "Relation Name": "users", "Alias": "u", "Startup Cost": 0.0, "Total Cost": 1002.69, "Plan Rows": 68, "Plan Width": 4, "Actual Rows": 26, "Actual Loops": 2, "Filter": "((upvotes >= 480) AND (upvotes <= 10730) AND (creationdate >= '2011-10-08 15:24:58'::timestamp without time zone))", "Rows Removed by Filter": 40299, "Workers": []}]}]}, {"Node Type": "Hash", "Parent Relationship": "Inner", "Parallel Aware": true, "Async Capable": false, "Startup Cost": 4037.57, "Total Cost": 4037.57, "Plan Rows": 20.0, "Plan Width": 8, "Actual Rows": 38554, "Actual Loops": 2, "Hash Buckets": 131072, "Original Hash Buckets": 65536, "Hash Batches": 1, "Original Hash Batches": 1, "Peak Memory Usage": 4576, "Workers": [], "Plans": [{"Node Type": "Nested Loop", "Parent Relationship": "Outer", "Parallel Aware": false, "Async Capable": false, "Join Type": "Inner", "Startup Cost": 0.29, "Total Cost": 4037.57, "Plan Rows": 20.0, "Plan Width": 8, "Actual Rows": 38554, "Actual Loops": 2, "Inner Unique": false, "Workers": [], "Plans": [{"Node Type": "Seq Scan", "Parent Relationship": "Outer", "Parallel Aware": true, "Async Capable": false, "Relation Name": "comments", "Alias": "c", "Startup Cost": 0.0, "Total Cost": 2881.99, "Plan Rows": 112, "Plan Width": 4, "Actual Rows": 114, "Actual Loops": 2, "Filter": "((creationdate <= '2013-07-29 17:18:28'::timestamp without time zone) AND (score = 6))", "Rows Removed by Filter": 87038, "Workers": []}, {"Node Type": "Index Scan", "Parent Relationship": "Inner", "Parallel Aware": false, "Async Capable": false, "Scan Direction": "Forward", "Index Name": "idx_posts_owneruserid", "Relation Name": "posts", "Alias": "p", "Startup Cost": 0.29, "Total Cost": 10.28, "Plan Rows": 4, "Plan Width": 4, "Actual Rows": 338, "Actual Loops": 228, "Index Cond": "(owneruserid = c.userid)", "Rows Removed by Index Recheck": 0, "Filter": "(creationdate >= '2010-12-31 20:00:23'::timestamp without time zone)", "Rows Removed by Filter": 52, "Workers": []}]}]}]}]}]}]}, "Planning Time": 5.991, "Triggers": [], "Execution Time": 108.059}]