[{"Plan": {"Node Type": "Aggregate", "Strategy": "Plain", "Partial Mode": "Simple", "Parallel Aware": false, "Async Capable": false, "Startup Cost": 4341.88, "Total Cost": 4341.89, "Plan Rows": 1, "Plan Width": 8, "Actual Rows": 1, "Actual Loops": 1, "Plans": [{"Node Type": "Nested Loop", "Parent Relationship": "Outer", "Parallel Aware": false, "Async Capable": false, "Join Type": "Inner", "Startup Cost": 2963.53, "Total Cost": 4333.28, "Plan Rows": 11233.0, "Plan Width": 0, "Actual Rows": 317223, "Actual Loops": 1, "Inner Unique": false, "Join Filter": "(p.id = v.postid)", "Rows Removed by Join Filter": 0, "Plans": [{"Node Type": "Nested Loop", "Parent Relationship": "Outer", "Parallel Aware": false, "Async Capable": false, "Join Type": "Inner", "Startup Cost": 2963.1, "Total Cost": 3726.92, "Plan Rows": 381.0, "Plan Width": 16, "Actual Rows": 15112, "Actual Loops": 1, "Inner Unique": false, "Join Filter": "(p.id = ph.postid)", "Rows Removed by Join Filter": 0, "Plans": [{"Node Type": "Nested Loop", "Parent Relationship": "Outer", "Parallel Aware": false, "Async Capable": false, "Join Type": "Inner", "Startup Cost": 2962.68, "Total Cost": 3544.08, "Plan Rows": 139.0, "Plan Width": 12, "Actual Rows": 2263, "Actual Loops": 1, "Inner Unique": false, "Plans": [{"Node Type": "Hash Join", "Parent Relationship": "Outer", "Parallel Aware": false, "Async Capable": false, "Join Type": "Inner", "Startup Cost": 2962.26, "Total Cost": 3219.74, "Plan Rows": 39.0, "Plan Width": 8, "Actual Rows": 596, "Actual Loops": 1, "Inner Unique": true, "Hash Cond": "(pl.postid = p.id)", "Plans": [{"Node Type": "Seq Scan", "Parent Relationship": "Outer", "Parallel Aware": false, "Async Capable": false, "Relation Name": "postlinks", "Alias": "pl", "Startup Cost": 0.0, "Total Cost": 248.53, "Plan Rows": 3409, "Plan Width": 4, "Actual Rows": 3715, "Actual Loops": 1, "Filter": "((creationdate <= '2013-01-25 07:45:44'::timestamp without time zone) AND (linktypeid = 1))", "Rows Removed by Filter": 7387}, {"Node Type": "Hash", "Parent Relationship": "Inner", "Parallel Aware": false, "Async Capable": false, "Startup Cost": 2909.46, "Total Cost": 2909.46, "Plan Rows": 4224, "Plan Width": 4, "Actual Rows": 3182, "Actual Loops": 1, "Hash Buckets": 8192, "Original Hash Buckets": 8192, "Hash Batches": 1, "Original Hash Batches": 1, "Peak Memory Usage": 176, "Plans": [{"Node Type": "Seq Scan", "Parent Relationship": "Outer", "Parallel Aware": false, "Async Capable": false, "Relation Name": "posts", "Alias": "p", "Startup Cost": 0.0, "Total Cost": 2909.46, "Plan Rows": 4224, "Plan Width": 4, "Actual Rows": 3182, "Actual Loops": 1, "Filter": "((score <= 133) AND (favoritecount >= 2) AND (favoritecount <= 89) AND (creationdate >= '2011-12-26 21:35:06'::timestamp without time zone) AND (creationdate <= '2014-08-24 07:29:22'::timestamp without time zone))", "Rows Removed by Filter": 88794}]}]}, {"Node Type": "Index Scan", "Parent Relationship": "Inner", "Parallel Aware": false, "Async Capable": false, "Scan Direction": "Forward", "Index Name": "idx_comments_postid", "Relation Name": "comments", "Alias": "c", "Startup Cost": 0.42, "Total Cost": 2.04, "Plan Rows": 3, "Plan Width": 4, "Actual Rows": 4, "Actual Loops": 596, "Index Cond": "(postid = p.id)", "Rows Removed by Index Recheck": 0, "Filter": "(creationdate >= '2009-05-26 23:45:17'::timestamp without time zone)", "Rows Removed by Filter": 0}]}, {"Node Type": "Index Scan", "Parent Relationship": "Inner", "Parallel Aware": false, "Async Capable": false, "Scan Direction": "Forward", "Index Name": "idx_posthistory_postid", "Relation Name": "posthistory", "Alias": "ph", "Startup Cost": 0.42, "Total Cost": 0.57, "Plan Rows": 4, "Plan Width": 4, "Actual Rows": 7, "Actual Loops": 2263, "Index Cond": "(postid = c.postid)", "Rows Removed by Index Recheck": 0, "Filter": "(creationdate >= '2009-09-01 13:58:12'::timestamp without time zone)", "Rows Removed by Filter": 0}]}, {"Node Type": "Index Scan", "Parent Relationship": "Inner", "Parallel Aware": false, "Async Capable": false, "Scan Direction": "Forward", "Index Name": "idx_votes_postid", "Relation Name": "votes", "Alias": "v", "Startup Cost": 0.42, "Total Cost": 0.56, "Plan Rows": 5, "Plan Width": 4, "Actual Rows": 21, "Actual Loops": 15112, "Index Cond": "(postid = ph.postid)", "Rows Removed by Index Recheck": 0, "Filter": "(creationdate <= '2014-08-29 18:33:37'::timestamp without time zone)", "Rows Removed by Filter": 0}]}]}, "Planning Time": 5.407, "Triggers": [], "Execution Time": 129.73}, {"Plan": {"Node Type": "Aggregate", "Strategy": "Plain", "Partial Mode": "Simple", "Parallel Aware": false, "Async Capable": false, "Startup Cost": 23962.56, "Total Cost": 23962.57, "Plan Rows": 1, "Plan Width": 8, "Actual Rows": 1, "Actual Loops": 1, "Plans": [{"Node Type": "Hash Join", "Parent Relationship": "Outer", "Parallel Aware": false, "Async Capable": false, "Join Type": "Inner", "Startup Cost": 15959.78, "Total Cost": 23953.96, "Plan Rows": 11233.0, "Plan Width": 0, "Actual Rows": 317223, "Actual Loops": 1, "Inner Unique": false, "Hash Cond": "(c.postid = p.id)", "Plans": [{"Node Type": "Nested Loop", "Parent Relationship": "Outer", "Parallel Aware": false, "Async Capable": false, "Join Type": "Inner", "Startup Cost": 5701.12, "Total Cost": 13289.94, "Plan Rows": 1194.0, "Plan Width": 12, "Actual Rows": 77538, "Actual Loops": 1, "Inner Unique": false, "Plans": [{"Node Type": "Hash Join", "Parent Relationship": "Outer", "Parallel Aware": false, "Async Capable": false, "Join Type": "Inner", "Startup Cost": 5700.7, "Total Cost": 6269.69, "Plan Rows": 522.0, "Plan Width": 8, "Actual Rows": 11958, "Actual Loops": 1, "Inner Unique": false, "Hash Cond": "(pl.postid = c.postid)", "Plans": [{"Node Type": "Seq Scan", "Parent Relationship": "Outer", "Parallel Aware": false, "Async Capable": false, "Relation Name": "postlinks", "Alias": "pl", "Startup Cost": 0.0, "Total Cost": 248.53, "Plan Rows": 3409, "Plan Width": 4, "Actual Rows": 3715, "Actual Loops": 1, "Filter": "((creationdate <= '2013-01-25 07:45:44'::timestamp without time zone) AND (linktypeid = 1))", "Rows Removed by Filter": 7387}, {"Node Type": "Hash", "Parent Relationship": "Inner", "Parallel Aware": false, "Async Capable": false, "Startup Cost": 3522.81, "Total Cost": 3522.81, "Plan Rows": 174231, "Plan Width": 4, "Actual Rows": 174277, "Actual Loops": 1, "Hash Buckets": 262144, "Original Hash Buckets": 262144, "Hash Batches": 1, "Original Hash Batches": 1, "Peak Memory Usage": 8175, "Plans": [{"Node Type": "Seq Scan", "Parent Relationship": "Outer", "Parallel Aware": false, "Async Capable": false, "Relation Name": "comments", "Alias": "c", "Startup Cost": 0.0, "Total Cost": 3522.81, "Plan Rows": 174231, "Plan Width": 4, "Actual Rows": 174277, "Actual Loops": 1, "Filter": "(creationdate >= '2009-05-26 23:45:17'::timestamp without time zone)", "Rows Removed by Filter": 28}]}]}, {"Node Type": "Index Scan", "Parent Relationship": "Inner", "Parallel Aware": false, "Async Capable": false, "Scan Direction": "Forward", "Index Name": "idx_posthistory_postid", "Relation Name": "posthistory", "Alias": "ph", "Startup Cost": 0.42, "Total Cost": 0.57, "Plan Rows": 4, "Plan Width": 4, "Actual Rows": 6, "Actual Loops": 11958, "Index Cond": "(postid = c.postid)", "Rows Removed by Index Recheck": 0, "Filter": "(creationdate >= '2009-09-01 13:58:12'::timestamp without time zone)", "Rows Removed by Filter": 0}]}, {"Node Type": "Hash", "Parent Relationship": "Inner", "Parallel Aware": false, "Async Capable": false, "Startup Cost": 10072.83, "Total Cost": 10072.83, "Plan Rows": 6023.0, "Plan Width": 8, "Actual Rows": 34973, "Actual Loops": 1, "Hash Buckets": 65536, "Original Hash Buckets": 16384, "Hash Batches": 1, "Original Hash Batches": 1, "Peak Memory Usage": 1879, "Plans": [{"Node Type": "Hash Join", "Parent Relationship": "Outer", "Parallel Aware": false, "Async Capable": false, "Join Type": "Inner", "Startup Cost": 2962.26, "Total Cost": 10072.83, "Plan Rows": 6023.0, "Plan Width": 8, "Actual Rows": 34973, "Actual Loops": 1, "Inner Unique": true, "Hash Cond": "(v.postid = p.id)", "Plans": [{"Node Type": "Seq Scan", "Parent Relationship": "Outer", "Parallel Aware": false, "Async Capable": false, "Relation Name": "votes", "Alias": "v", "Startup Cost": 0.0, "Total Cost": 6260.8, "Plan Rows": 323706, "Plan Width": 4, "Actual Rows": 323693, "Actual Loops": 1, "Filter": "(creationdate <= '2014-08-29 18:33:37'::timestamp without time zone)", "Rows Removed by Filter": 4371}, {"Node Type": "Hash", "Parent Relationship": "Inner", "Parallel Aware": false, "Async Capable": false, "Startup Cost": 2909.46, "Total Cost": 2909.46, "Plan Rows": 4224, "Plan Width": 4, "Actual Rows": 3182, "Actual Loops": 1, "Hash Buckets": 8192, "Original Hash Buckets": 8192, "Hash Batches": 1, "Original Hash Batches": 1, "Peak Memory Usage": 176, "Plans": [{"Node Type": "Seq Scan", "Parent Relationship": "Outer", "Parallel Aware": false, "Async Capable": false, "Relation Name": "posts", "Alias": "p", "Startup Cost": 0.0, "Total Cost": 2909.46, "Plan Rows": 4224, "Plan Width": 4, "Actual Rows": 3182, "Actual Loops": 1, "Filter": "((score <= 133) AND (favoritecount >= 2) AND (favoritecount <= 89) AND (creationdate >= '2011-12-26 21:35:06'::timestamp without time zone) AND (creationdate <= '2014-08-24 07:29:22'::timestamp without time zone))", "Rows Removed by Filter": 88794}]}]}]}]}]}, "Planning Time": 6.276, "Triggers": [], "Execution Time": 263.781}, {"Plan": {"Node Type": "Aggregate", "Strategy": "Plain", "Partial Mode": "Finalize", "Parallel Aware": false, "Async Capable": false, "Startup Cost": 8083.04, "Total Cost": 8083.05, "Plan Rows": 1, "Plan Width": 8, "Actual Rows": 1, "Actual Loops": 1, "Plans": [{"Node Type": "Gather", "Parent Relationship": "Outer", "Parallel Aware": false, "Async Capable": false, "Startup Cost": 8082.93, "Total Cost": 8083.04, "Plan Rows": 1, "Plan Width": 8, "Actual Rows": 2, "Actual Loops": 1, "Workers Planned": 1, "Workers Launched": 1, "Single Copy": false, "Plans": [{"Node Type": "Aggregate", "Strategy": "Plain", "Partial Mode": "Partial", "Parent Relationship": "Outer", "Parallel Aware": false, "Async Capable": false, "Startup Cost": 7082.93, "Total Cost": 7082.94, "Plan Rows": 1, "Plan Width": 8, "Actual Rows": 1, "Actual Loops": 2, "Workers": [], "Plans": [{"Node Type": "Hash Join", "Parent Relationship": "Outer", "Parallel Aware": false, "Async Capable": false, "Join Type": "Inner", "Startup Cost": 4047.6, "Total Cost": 7077.87, "Plan Rows": 11233.0, "Plan Width": 0, "Actual Rows": 158612, "Actual Loops": 2, "Inner Unique": false, "Hash Cond": "(c.postid = p.id)", "Workers": [], "Plans": [{"Node Type": "Seq Scan", "Parent Relationship": "Outer", "Parallel Aware": true, "Async Capable": false, "Relation Name": "comments", "Alias": "c", "Startup Cost": 0.0, "Total Cost": 2625.65, "Plan Rows": 102489, "Plan Width": 4, "Actual Rows": 87138, "Actual Loops": 2, "Filter": "(creationdate >= '2009-05-26 23:45:17'::timestamp without time zone)", "Rows Removed by Filter": 14, "Workers": []}, {"Node Type": "Hash", "Parent Relationship": "Inner", "Parallel Aware": false, "Async Capable": false, "Startup Cost": 4024.85, "Total Cost": 4024.85, "Plan Rows": 3086.0, "Plan Width": 16, "Actual Rows": 74947, "Actual Loops": 2, "Hash Buckets": 131072, "Original Hash Buckets": 2048, "Hash Batches": 1, "Original Hash Batches": 1, "Peak Memory Usage": 4538, "Workers": [], "Plans": [{"Node Type": "Nested Loop", "Parent Relationship": "Outer", "Parallel Aware": false, "Async Capable": false, "Join Type": "Inner", "Startup Cost": 2963.11, "Total Cost": 4024.85, "Plan Rows": 3086.0, "Plan Width": 16, "Actual Rows": 74947, "Actual Loops": 2, "Inner Unique": false, "Join Filter": "(p.id = v.postid)", "Rows Removed by Join Filter": 0, "Workers": [], "Plans": [{"Node Type": "Nested Loop", "Parent Relationship": "Outer", "Parallel Aware": false, "Async Capable": false, "Join Type": "Inner", "Startup Cost": 2962.68, "Total Cost": 3704.31, "Plan Rows": 137.0, "Plan Width": 12, "Actual Rows": 3841, "Actual Loops": 2, "Inner Unique": false, "Workers": [], "Plans": [{"Node Type": "Hash Join", "Parent Relationship": "Outer", "Parallel Aware": false, "Async Capable": false, "Join Type": "Inner", "Startup Cost": 2962.26, "Total Cost": 3219.74, "Plan Rows": 39.0, "Plan Width": 8, "Actual Rows": 596, "Actual Loops": 2, "Inner Unique": true, "Hash Cond": "(pl.postid = p.id)", "Workers": [], "Plans": [{"Node Type": "Seq Scan", "Parent Relationship": "Outer", "Parallel Aware": false, "Async Capable": false, "Relation Name": "postlinks", "Alias": "pl", "Startup Cost": 0.0, "Total Cost": 248.53, "Plan Rows": 3409, "Plan Width": 4, "Actual Rows": 3715, "Actual Loops": 2, "Filter": "((creationdate <= '2013-01-25 07:45:44'::timestamp without time zone) AND (linktypeid = 1))", "Rows Removed by Filter": 7387, "Workers": []}, {"Node Type": "Hash", "Parent Relationship": "Inner", "Parallel Aware": false, "Async Capable": false, "Startup Cost": 2909.46, "Total Cost": 2909.46, "Plan Rows": 4224, "Plan Width": 4, "Actual Rows": 3182, "Actual Loops": 2, "Hash Buckets": 8192, "Original Hash Buckets": 8192, "Hash Batches": 1, "Original Hash Batches": 1, "Peak Memory Usage": 176, "Workers": [], "Plans": [{"Node Type": "Seq Scan", "Parent Relationship": "Outer", "Parallel Aware": false, "Async Capable": false, "Relation Name": "posts", "Alias": "p", "Startup Cost": 0.0, "Total Cost": 2909.46, "Plan Rows": 4224, "Plan Width": 4, "Actual Rows": 3182, "Actual Loops": 2, "Filter": "((score <= 133) AND (favoritecount >= 2) AND (favoritecount <= 89) AND (creationdate >= '2011-12-26 21:35:06'::timestamp without time zone) AND (creationdate <= '2014-08-24 07:29:22'::timestamp without time zone))", "Rows Removed by Filter": 88794, "Workers": []}]}]}, {"Node Type": "Index Scan", "Parent Relationship": "Inner", "Parallel Aware": false, "Async Capable": false, "Scan Direction": "Forward", "Index Name": "idx_posthistory_postid", "Relation Name": "posthistory", "Alias": "ph", "Startup Cost": 0.42, "Total Cost": 3.05, "Plan Rows": 4, "Plan Width": 4, "Actual Rows": 6, "Actual Loops": 1192, "Index Cond": "(postid = p.id)", "Rows Removed by Index Recheck": 0, "Filter": "(creationdate >= '2009-09-01 13:58:12'::timestamp without time zone)", "Rows Removed by Filter": 0, "Workers": []}]}, {"Node Type": "Index Scan", "Parent Relationship": "Inner", "Parallel Aware": false, "Async Capable": false, "Scan Direction": "Forward", "Index Name": "idx_votes_postid", "Relation Name": "votes", "Alias": "v", "Startup Cost": 0.42, "Total Cost": 0.56, "Plan Rows": 5, "Plan Width": 4, "Actual Rows": 20, "Actual Loops": 7682, "Index Cond": "(postid = ph.postid)", "Rows Removed by Index Recheck": 0, "Filter": "(creationdate <= '2014-08-29 18:33:37'::timestamp without time zone)", "Rows Removed by Filter": 0, "Workers": []}]}]}]}]}]}]}, "Planning Time": 11.998, "Triggers": [], "Execution Time": 133.836}, {"Plan": {"Node Type": "Aggregate", "Strategy": "Plain", "Partial Mode": "Finalize", "Parallel Aware": false, "Async Capable": false, "Startup Cost": 21305.83, "Total Cost": 21305.84, "Plan Rows": 1, "Plan Width": 8, "Actual Rows": 1, "Actual Loops": 1, "Plans": [{"Node Type": "Gather", "Parent Relationship": "Outer", "Parallel Aware": false, "Async Capable": false, "Startup Cost": 21305.72, "Total Cost": 21305.83, "Plan Rows": 1, "Plan Width": 8, "Actual Rows": 2, "Actual Loops": 1, "Workers Planned": 1, "Workers Launched": 1, "Single Copy": false, "Plans": [{"Node Type": "Aggregate", "Strategy": "Plain", "Partial Mode": "Partial", "Parent Relationship": "Outer", "Parallel Aware": false, "Async Capable": false, "Startup Cost": 20305.72, "Total Cost": 20305.73, "Plan Rows": 1, "Plan Width": 8, "Actual Rows": 1, "Actual Loops": 2, "Workers": [], "Plans": [{"Node Type": "Hash Join", "Parent Relationship": "Outer", "Parallel Aware": false, "Async Capable": false, "Join Type": "Inner", "Startup Cost": 10405.59, "Total Cost": 20300.65, "Plan Rows": 11233.0, "Plan Width": 0, "Actual Rows": 158612, "Actual Loops": 2, "Inner Unique": false, "Hash Cond": "(c.postid = p.id)", "Workers": [], "Plans": [{"Node Type": "Hash Join", "Parent Relationship": "Outer", "Parallel Aware": true, "Async Capable": false, "Join Type": "Inner", "Startup Cost": 6696.88, "Total Cost": 15094.07, "Plan Rows": 7819.0, "Plan Width": 8, "Actual Rows": 352002, "Actual Loops": 2, "Inner Unique": false, "Hash Cond": "(c.postid = ph.postid)", "Workers": [], "Plans": [{"Node Type": "Seq Scan", "Parent Relationship": "Outer", "Parallel Aware": true, "Async Capable": false, "Relation Name": "comments", "Alias": "c", "Startup Cost": 0.0, "Total Cost": 2625.65, "Plan Rows": 102489, "Plan Width": 4, "Actual Rows": 87138, "Actual Loops": 2, "Filter": "(creationdate >= '2009-05-26 23:45:17'::timestamp without time zone)", "Rows Removed by Filter": 14, "Workers": []}, {"Node Type": "Hash", "Parent Relationship": "Inner", "Parallel Aware": true, "Async Capable": false, "Startup Cost": 4469.32, "Total Cost": 4469.32, "Plan Rows": 178205, "Plan Width": 4, "Actual Rows": 151584, "Actual Loops": 2, "Hash Buckets": 524288, "Original Hash Buckets": 524288, "Hash Batches": 1, "Original Hash Batches": 1, "Peak Memory Usage": 16000, "Workers": [], "Plans": [{"Node Type": "Seq Scan", "Parent Relationship": "Outer", "Parallel Aware": true, "Async Capable": false, "Relation Name": "posthistory", "Alias": "ph", "Startup Cost": 0.0, "Total Cost": 4469.32, "Plan Rows": 178205, "Plan Width": 4, "Actual Rows": 151584, "Actual Loops": 2, "Filter": "(creationdate >= '2009-09-01 13:58:12'::timestamp without time zone)", "Rows Removed by Filter": 10, "Workers": []}]}]}, {"Node Type": "Hash", "Parent Relationship": "Inner", "Parallel Aware": false, "Async Capable": false, "Startup Cost": 3701.8, "Total Cost": 3701.8, "Plan Rows": 1228.0, "Plan Width": 12, "Actual Rows": 10803, "Actual Loops": 2, "Hash Buckets": 16384, "Original Hash Buckets": 1024, "Hash Batches": 1, "Original Hash Batches": 1, "Peak Memory Usage": 593, "Workers": [], "Plans": [{"Node Type": "Nested Loop", "Parent Relationship": "Outer", "Parallel Aware": false, "Async Capable": false, "Join Type": "Inner", "Startup Cost": 2962.68, "Total Cost": 3701.8, "Plan Rows": 1228.0, "Plan Width": 12, "Actual Rows": 10803, "Actual Loops": 2, "Inner Unique": false, "Workers": [], "Plans": [{"Node Type": "Hash Join", "Parent Relationship": "Outer", "Parallel Aware": false, "Async Capable": false, "Join Type": "Inner", "Startup Cost": 2962.26, "Total Cost": 3219.74, "Plan Rows": 39.0, "Plan Width": 8, "Actual Rows": 596, "Actual Loops": 2, "Inner Unique": true, "Hash Cond": "(pl.postid = p.id)", "Workers": [], "Plans": [{"Node Type": "Seq Scan", "Parent Relationship": "Outer", "Parallel Aware": false, "Async Capable": false, "Relation Name": "postlinks", "Alias": "pl", "Startup Cost": 0.0, "Total Cost": 248.53, "Plan Rows": 3409, "Plan Width": 4, "Actual Rows": 3715, "Actual Loops": 2, "Filter": "((creationdate <= '2013-01-25 07:45:44'::timestamp without time zone) AND (linktypeid = 1))", "Rows Removed by Filter": 7387, "Workers": []}, {"Node Type": "Hash", "Parent Relationship": "Inner", "Parallel Aware": false, "Async Capable": false, "Startup Cost": 2909.46, "Total Cost": 2909.46, "Plan Rows": 4224, "Plan Width": 4, "Actual Rows": 3182, "Actual Loops": 2, "Hash Buckets": 8192, "Original Hash Buckets": 8192, "Hash Batches": 1, "Original Hash Batches": 1, "Peak Memory Usage": 176, "Workers": [], "Plans": [{"Node Type": "Seq Scan", "Parent Relationship": "Outer", "Parallel Aware": false, "Async Capable": false, "Relation Name": "posts", "Alias": "p", "Startup Cost": 0.0, "Total Cost": 2909.46, "Plan Rows": 4224, "Plan Width": 4, "Actual Rows": 3182, "Actual Loops": 2, "Filter": "((score <= 133) AND (favoritecount >= 2) AND (favoritecount <= 89) AND (creationdate >= '2011-12-26 21:35:06'::timestamp without time zone) AND (creationdate <= '2014-08-24 07:29:22'::timestamp without time zone))", "Rows Removed by Filter": 88794, "Workers": []}]}]}, {"Node Type": "Index Scan", "Parent Relationship": "Inner", "Parallel Aware": false, "Async Capable": false, "Scan Direction": "Forward", "Index Name": "idx_votes_postid", "Relation Name": "votes", "Alias": "v", "Startup Cost": 0.42, "Total Cost": 3.02, "Plan Rows": 5, "Plan Width": 4, "Actual Rows": 18, "Actual Loops": 1192, "Index Cond": "(postid = p.id)", "Rows Removed by Index Recheck": 0, "Filter": "(creationdate <= '2014-08-29 18:33:37'::timestamp without time zone)", "Rows Removed by Filter": 0, "Workers": []}]}]}]}]}]}]}, "Planning Time": 11.587, "Triggers": [], "Execution Time": 304.077}, {"Plan": {"Node Type": "Aggregate", "Strategy": "Plain", "Partial Mode": "Simple", "Parallel Aware": false, "Async Capable": false, "Startup Cost": 30833.88, "Total Cost": 30833.89, "Plan Rows": 1, "Plan Width": 8, "Actual Rows": 1, "Actual Loops": 1, "Plans": [{"Node Type": "Hash Join", "Parent Relationship": "Outer", "Parallel Aware": false, "Async Capable": false, "Join Type": "Inner", "Startup Cost": 2963.99, "Total Cost": 30825.27, "Plan Rows": 11233.0, "Plan Width": 0, "Actual Rows": 317223, "Actual Loops": 1, "Inner Unique": true, "Hash Cond": "(c.postid = p.id)", "Plans": [{"Node Type": "Merge Join", "Parent Relationship": "Outer", "Parallel Aware": false, "Async Capable": false, "Join Type": "Inner", "Startup Cost": 1.73, "Total Cost": 27256.95, "Plan Rows": 33826.0, "Plan Width": 16, "Actual Rows": 990185, "Actual Loops": 1, "Inner Unique": false, "Merge Cond": "(c.postid = ph.postid)", "Plans": [{"Node Type": "Nested Loop", "Parent Relationship": "Outer", "Parallel Aware": false, "Async Capable": false, "Join Type": "Inner", "Startup Cost": 1.31, "Total Cost": 14209.18, "Plan Rows": 12647.0, "Plan Width": 12, "Actual Rows": 140159, "Actual Loops": 1, "Inner Unique": false, "Plans": [{"Node Type": "Merge Join", "Parent Relationship": "Outer", "Parallel Aware": false, "Async Capable": false, "Join Type": "Inner", "Startup Cost": 0.89, "Total Cost": 6867.25, "Plan Rows": 522.0, "Plan Width": 8, "Actual Rows": 11958, "Actual Loops": 1, "Inner Unique": false, "Merge Cond": "(pl.postid = c.postid)", "Plans": [{"Node Type": "Index Scan", "Parent Relationship": "Outer", "Parallel Aware": false, "Async Capable": false, "Scan Direction": "Forward", "Index Name": "idx_postlinks_postid", "Relation Name": "postlinks", "Alias": "pl", "Startup Cost": 0.29, "Total Cost": 450.8, "Plan Rows": 3409, "Plan Width": 4, "Actual Rows": 3715, "Actual Loops": 1, "Filter": "((creationdate <= '2013-01-25 07:45:44'::timestamp without time zone) AND (linktypeid = 1))", "Rows Removed by Filter": 7387}, {"Node Type": "Index Scan", "Parent Relationship": "Inner", "Parallel Aware": false, "Async Capable": false, "Scan Direction": "Forward", "Index Name": "idx_comments_postid", "Relation Name": "comments", "Alias": "c", "Startup Cost": 0.42, "Total Cost": 5857.0, "Plan Rows": 174231, "Plan Width": 4, "Actual Rows": 83803, "Actual Loops": 1, "Filter": "(creationdate >= '2009-05-26 23:45:17'::timestamp without time zone)", "Rows Removed by Filter": 28}]}, {"Node Type": "Index Scan", "Parent Relationship": "Inner", "Parallel Aware": false, "Async Capable": false, "Scan Direction": "Forward", "Index Name": "idx_votes_postid", "Relation Name": "votes", "Alias": "v", "Startup Cost": 0.42, "Total Cost": 0.58, "Plan Rows": 5, "Plan Width": 4, "Actual Rows": 12, "Actual Loops": 11958, "Index Cond": "(postid = c.postid)", "Rows Removed by Index Recheck": 0, "Filter": "(creationdate <= '2014-08-29 18:33:37'::timestamp without time zone)", "Rows Removed by Filter": 0}]}, {"Node Type": "Index Scan", "Parent Relationship": "Inner", "Parallel Aware": false, "Async Capable": false, "Scan Direction": "Forward", "Index Name": "idx_posthistory_postid", "Relation Name": "posthistory", "Alias": "ph", "Startup Cost": 0.42, "Total Cost": 9831.47, "Plan Rows": 302948, "Plan Width": 4, "Actual Rows": 1107335, "Actual Loops": 1, "Filter": "(creationdate >= '2009-09-01 13:58:12'::timestamp without time zone)", "Rows Removed by Filter": 20}]}, {"Node Type": "Hash", "Parent Relationship": "Inner", "Parallel Aware": false, "Async Capable": false, "Startup Cost": 2909.46, "Total Cost": 2909.46, "Plan Rows": 4224, "Plan Width": 4, "Actual Rows": 3182, "Actual Loops": 1, "Hash Buckets": 8192, "Original Hash Buckets": 8192, "Hash Batches": 1, "Original Hash Batches": 1, "Peak Memory Usage": 176, "Plans": [{"Node Type": "Seq Scan", "Parent Relationship": "Outer", "Parallel Aware": false, "Async Capable": false, "Relation Name": "posts", "Alias": "p", "Startup Cost": 0.0, "Total Cost": 2909.46, "Plan Rows": 4224, "Plan Width": 4, "Actual Rows": 3182, "Actual Loops": 1, "Filter": "((score <= 133) AND (favoritecount >= 2) AND (favoritecount <= 89) AND (creationdate >= '2011-12-26 21:35:06'::timestamp without time zone) AND (creationdate <= '2014-08-24 07:29:22'::timestamp without time zone))", "Rows Removed by Filter": 88794}]}]}]}, "Planning Time": 6.047, "Triggers": [], "Execution Time": 497.766}, {"Plan": {"Node Type": "Aggregate", "Strategy": "Plain", "Partial Mode": "Simple", "Parallel Aware": false, "Async Capable": false, "Startup Cost": 41370.77, "Total Cost": 41370.78, "Plan Rows": 1, "Plan Width": 8, "Actual Rows": 1, "Actual Loops": 1, "Plans": [{"Node Type": "Merge Join", "Parent Relationship": "Outer", "Parallel Aware": false, "Async Capable": false, "Join Type": "Inner", "Startup Cost": 3165.39, "Total Cost": 41362.17, "Plan Rows": 11233.0, "Plan Width": 0, "Actual Rows": 317223, "Actual Loops": 1, "Inner Unique": false, "Merge Cond": "(p.id = c.postid)", "Plans": [{"Node Type": "Nested Loop", "Parent Relationship": "Outer", "Parallel Aware": false, "Async Capable": false, "Join Type": "Inner", "Startup Cost": 3164.55, "Total Cost": 4130.42, "Plan Rows": 137.0, "Plan Width": 12, "Actual Rows": 3841, "Actual Loops": 1, "Inner Unique": false, "Plans": [{"Node Type": "Merge Join", "Parent Relationship": "Outer", "Parallel Aware": false, "Async Capable": false, "Join Type": "Inner", "Startup Cost": 3164.12, "Total Cost": 3645.85, "Plan Rows": 39.0, "Plan Width": 8, "Actual Rows": 596, "Actual Loops": 1, "Inner Unique": true, "Merge Cond": "(pl.postid = p.id)", "Plans": [{"Node Type": "Index Scan", "Parent Relationship": "Outer", "Parallel Aware": false, "Async Capable": false, "Scan Direction": "Forward", "Index Name": "idx_postlinks_postid", "Relation Name": "postlinks", "Alias": "pl", "Startup Cost": 0.29, "Total Cost": 450.8, "Plan Rows": 3409, "Plan Width": 4, "Actual Rows": 3715, "Actual Loops": 1, "Filter": "((creationdate <= '2013-01-25 07:45:44'::timestamp without time zone) AND (linktypeid = 1))", "Rows Removed by Filter": 7387}, {"Node Type": "Sort", "Parent Relationship": "Inner", "Parallel Aware": false, "Async Capable": false, "Startup Cost": 3163.84, "Total Cost": 3174.4, "Plan Rows": 4224, "Plan Width": 4, "Actual Rows": 1525, "Actual Loops": 1, "Sort Key": ["p.id"], "Sort Method": "quicksort", "Sort Space Used": 97, "Sort Space Type": "Memory", "Plans": [{"Node Type": "Seq Scan", "Parent Relationship": "Outer", "Parallel Aware": false, "Async Capable": false, "Relation Name": "posts", "Alias": "p", "Startup Cost": 0.0, "Total Cost": 2909.46, "Plan Rows": 4224, "Plan Width": 4, "Actual Rows": 3182, "Actual Loops": 1, "Filter": "((score <= 133) AND (favoritecount >= 2) AND (favoritecount <= 89) AND (creationdate >= '2011-12-26 21:35:06'::timestamp without time zone) AND (creationdate <= '2014-08-24 07:29:22'::timestamp without time zone))", "Rows Removed by Filter": 88794}]}]}, {"Node Type": "Index Scan", "Parent Relationship": "Inner", "Parallel Aware": false, "Async Capable": false, "Scan Direction": "Forward", "Index Name": "idx_posthistory_postid", "Relation Name": "posthistory", "Alias": "ph", "Startup Cost": 0.42, "Total Cost": 3.05, "Plan Rows": 4, "Plan Width": 4, "Actual Rows": 6, "Actual Loops": 596, "Index Cond": "(postid = p.id)", "Rows Removed by Index Recheck": 0, "Filter": "(creationdate >= '2009-09-01 13:58:12'::timestamp without time zone)", "Rows Removed by Filter": 0}]}, {"Node Type": "Materialize", "Parent Relationship": "Inner", "Parallel Aware": false, "Async Capable": false, "Startup Cost": 0.84, "Total Cost": 34918.02, "Plan Rows": 86002.0, "Plan Width": 8, "Actual Rows": 844285, "Actual Loops": 1, "Plans": [{"Node Type": "Merge Join", "Parent Relationship": "Outer", "Parallel Aware": false, "Async Capable": false, "Join Type": "Inner", "Startup Cost": 0.84, "Total Cost": 32656.44, "Plan Rows": 86002.0, "Plan Width": 8, "Actual Rows": 553704, "Actual Loops": 1, "Inner Unique": false, "Merge Cond": "(c.postid = v.postid)", "Plans": [{"Node Type": "Index Scan", "Parent Relationship": "Outer", "Parallel Aware": false, "Async Capable": false, "Scan Direction": "Forward", "Index Name": "idx_comments_postid", "Relation Name": "comments", "Alias": "c", "Startup Cost": 0.42, "Total Cost": 5857.0, "Plan Rows": 174231, "Plan Width": 4, "Actual Rows": 80456, "Actual Loops": 1, "Filter": "(creationdate >= '2009-05-26 23:45:17'::timestamp without time zone)", "Rows Removed by Filter": 28}, {"Node Type": "Materialize", "Parent Relationship": "Inner", "Parallel Aware": false, "Async Capable": false, "Startup Cost": 0.42, "Total Cost": 13603.68, "Plan Rows": 323706, "Plan Width": 4, "Actual Rows": 612026, "Actual Loops": 1, "Plans": [{"Node Type": "Index Scan", "Parent Relationship": "Outer", "Parallel Aware": false, "Async Capable": false, "Scan Direction": "Forward", "Index Name": "idx_votes_postid", "Relation Name": "votes", "Alias": "v", "Startup Cost": 0.42, "Total Cost": 12794.42, "Plan Rows": 323706, "Plan Width": 4, "Actual Rows": 205416, "Actual Loops": 1, "Filter": "(creationdate <= '2014-08-29 18:33:37'::timestamp without time zone)", "Rows Removed by Filter": 852}]}]}]}]}]}, "Planning Time": 6.043, "Triggers": [], "Execution Time": 466.151}, {"Plan": {"Node Type": "Aggregate", "Strategy": "Plain", "Partial Mode": "Simple", "Parallel Aware": false, "Async Capable": false, "Startup Cost": 25568.41, "Total Cost": 25568.42, "Plan Rows": 1, "Plan Width": 8, "Actual Rows": 1, "Actual Loops": 1, "Plans": [{"Node Type": "Hash Join", "Parent Relationship": "Outer", "Parallel Aware": false, "Async Capable": false, "Join Type": "Inner", "Startup Cost": 24726.24, "Total Cost": 25559.8, "Plan Rows": 11233.0, "Plan Width": 0, "Actual Rows": 317223, "Actual Loops": 1, "Inner Unique": false, "Hash Cond": "(c.postid = p.id)", "Plans": [{"Node Type": "Hash Join", "Parent Relationship": "Outer", "Parallel Aware": false, "Async Capable": false, "Join Type": "Inner", "Startup Cost": 5700.7, "Total Cost": 6269.69, "Plan Rows": 522.0, "Plan Width": 8, "Actual Rows": 11958, "Actual Loops": 1, "Inner Unique": false, "Hash Cond": "(pl.postid = c.postid)", "Plans": [{"Node Type": "Seq Scan", "Parent Relationship": "Outer", "Parallel Aware": false, "Async Capable": false, "Relation Name": "postlinks", "Alias": "pl", "Startup Cost": 0.0, "Total Cost": 248.53, "Plan Rows": 3409, "Plan Width": 4, "Actual Rows": 3715, "Actual Loops": 1, "Filter": "((creationdate <= '2013-01-25 07:45:44'::timestamp without time zone) AND (linktypeid = 1))", "Rows Removed by Filter": 7387}, {"Node Type": "Hash", "Parent Relationship": "Inner", "Parallel Aware": false, "Async Capable": false, "Startup Cost": 3522.81, "Total Cost": 3522.81, "Plan Rows": 174231, "Plan Width": 4, "Actual Rows": 174277, "Actual Loops": 1, "Hash Buckets": 262144, "Original Hash Buckets": 262144, "Hash Batches": 1, "Original Hash Batches": 1, "Peak Memory Usage": 8175, "Plans": [{"Node Type": "Seq Scan", "Parent Relationship": "Outer", "Parallel Aware": false, "Async Capable": false, "Relation Name": "comments", "Alias": "c", "Startup Cost": 0.0, "Total Cost": 3522.81, "Plan Rows": 174231, "Plan Width": 4, "Actual Rows": 174277, "Actual Loops": 1, "Filter": "(creationdate >= '2009-05-26 23:45:17'::timestamp without time zone)", "Rows Removed by Filter": 28}]}]}, {"Node Type": "Hash", "Parent Relationship": "Inner", "Parallel Aware": false, "Async Capable": false, "Startup Cost": 18413.47, "Total Cost": 18413.47, "Plan Rows": 17386.0, "Plan Width": 12, "Actual Rows": 232678, "Actual Loops": 1, "Hash Buckets": 262144, "Original Hash Buckets": 65536, "Hash Batches": 1, "Original Hash Batches": 1, "Peak Memory Usage": 12046, "Plans": [{"Node Type": "Nested Loop", "Parent Relationship": "Outer", "Parallel Aware": false, "Async Capable": false, "Join Type": "Inner", "Startup Cost": 2962.68, "Total Cost": 18413.47, "Plan Rows": 17386.0, "Plan Width": 12, "Actual Rows": 232678, "Actual Loops": 1, "Inner Unique": false, "Join Filter": "(p.id = v.postid)", "Rows Removed by Join Filter": 0, "Plans": [{"Node Type": "Hash Join", "Parent Relationship": "Outer", "Parallel Aware": false, "Async Capable": false, "Join Type": "Inner", "Startup Cost": 2962.26, "Total Cost": 9787.37, "Plan Rows": 2636.0, "Plan Width": 8, "Actual Rows": 19399, "Actual Loops": 1, "Inner Unique": true, "Hash Cond": "(ph.postid = p.id)", "Plans": [{"Node Type": "Seq Scan", "Parent Relationship": "Outer", "Parallel Aware": false, "Async Capable": false, "Relation Name": "posthistory", "Alias": "ph", "Startup Cost": 0.0, "Total Cost": 6029.84, "Plan Rows": 302948, "Plan Width": 4, "Actual Rows": 303167, "Actual Loops": 1, "Filter": "(creationdate >= '2009-09-01 13:58:12'::timestamp without time zone)", "Rows Removed by Filter": 20}, {"Node Type": "Hash", "Parent Relationship": "Inner", "Parallel Aware": false, "Async Capable": false, "Startup Cost": 2909.46, "Total Cost": 2909.46, "Plan Rows": 4224, "Plan Width": 4, "Actual Rows": 3182, "Actual Loops": 1, "Hash Buckets": 8192, "Original Hash Buckets": 8192, "Hash Batches": 1, "Original Hash Batches": 1, "Peak Memory Usage": 176, "Plans": [{"Node Type": "Seq Scan", "Parent Relationship": "Outer", "Parallel Aware": false, "Async Capable": false, "Relation Name": "posts", "Alias": "p", "Startup Cost": 0.0, "Total Cost": 2909.46, "Plan Rows": 4224, "Plan Width": 4, "Actual Rows": 3182, "Actual Loops": 1, "Filter": "((score <= 133) AND (favoritecount >= 2) AND (favoritecount <= 89) AND (creationdate >= '2011-12-26 21:35:06'::timestamp without time zone) AND (creationdate <= '2014-08-24 07:29:22'::timestamp without time zone))", "Rows Removed by Filter": 88794}]}]}, {"Node Type": "Index Scan", "Parent Relationship": "Inner", "Parallel Aware": false, "Async Capable": false, "Scan Direction": "Forward", "Index Name": "idx_votes_postid", "Relation Name": "votes", "Alias": "v", "Startup Cost": 0.42, "Total Cost": 0.56, "Plan Rows": 5, "Plan Width": 4, "Actual Rows": 12, "Actual Loops": 19399, "Index Cond": "(postid = ph.postid)", "Rows Removed by Index Recheck": 0, "Filter": "(creationdate <= '2014-08-29 18:33:37'::timestamp without time zone)", "Rows Removed by Filter": 0}]}]}]}]}, "Planning Time": 6.254, "Triggers": [], "Execution Time": 399.139}, {"Plan": {"Node Type": "Aggregate", "Strategy": "Plain", "Partial Mode": "Finalize", "Parallel Aware": false, "Async Capable": false, "Startup Cost": 23506.21, "Total Cost": 23506.22, "Plan Rows": 1, "Plan Width": 8, "Actual Rows": 1, "Actual Loops": 1, "Plans": [{"Node Type": "Gather", "Parent Relationship": "Outer", "Parallel Aware": false, "Async Capable": false, "Startup Cost": 23506.1, "Total Cost": 23506.21, "Plan Rows": 1, "Plan Width": 8, "Actual Rows": 2, "Actual Loops": 1, "Workers Planned": 1, "Workers Launched": 1, "Single Copy": false, "Plans": [{"Node Type": "Aggregate", "Strategy": "Plain", "Partial Mode": "Partial", "Parent Relationship": "Outer", "Parallel Aware": false, "Async Capable": false, "Startup Cost": 22506.1, "Total Cost": 22506.11, "Plan Rows": 1, "Plan Width": 8, "Actual Rows": 1, "Actual Loops": 2, "Workers": [], "Plans": [{"Node Type": "Hash Join", "Parent Relationship": "Outer", "Parallel Aware": false, "Async Capable": false, "Join Type": "Inner", "Startup Cost": 17326.22, "Total Cost": 22501.03, "Plan Rows": 11233.0, "Plan Width": 0, "Actual Rows": 158612, "Actual Loops": 2, "Inner Unique": false, "Hash Cond": "(p.id = c.postid)", "Workers": [], "Plans": [{"Node Type": "Hash Join", "Parent Relationship": "Outer", "Parallel Aware": false, "Async Capable": false, "Join Type": "Inner", "Startup Cost": 2962.26, "Total Cost": 7899.39, "Plan Rows": 2636.0, "Plan Width": 8, "Actual Rows": 9700, "Actual Loops": 2, "Inner Unique": true, "Hash Cond": "(ph.postid = p.id)", "Workers": [], "Plans": [{"Node Type": "Seq Scan", "Parent Relationship": "Outer", "Parallel Aware": true, "Async Capable": false, "Relation Name": "posthistory", "Alias": "ph", "Startup Cost": 0.0, "Total Cost": 4469.32, "Plan Rows": 178205, "Plan Width": 4, "Actual Rows": 151584, "Actual Loops": 2, "Filter": "(creationdate >= '2009-09-01 13:58:12'::timestamp without time zone)", "Rows Removed by Filter": 10, "Workers": []}, {"Node Type": "Hash", "Parent Relationship": "Inner", "Parallel Aware": false, "Async Capable": false, "Startup Cost": 2909.46, "Total Cost": 2909.46, "Plan Rows": 4224, "Plan Width": 4, "Actual Rows": 3182, "Actual Loops": 2, "Hash Buckets": 8192, "Original Hash Buckets": 8192, "Hash Batches": 1, "Original Hash Batches": 1, "Peak Memory Usage": 176, "Workers": [], "Plans": [{"Node Type": "Seq Scan", "Parent Relationship": "Outer", "Parallel Aware": false, "Async Capable": false, "Relation Name": "posts", "Alias": "p", "Startup Cost": 0.0, "Total Cost": 2909.46, "Plan Rows": 4224, "Plan Width": 4, "Actual Rows": 3182, "Actual Loops": 2, "Filter": "((score <= 133) AND (favoritecount >= 2) AND (favoritecount <= 89) AND (creationdate >= '2011-12-26 21:35:06'::timestamp without time zone) AND (creationdate <= '2014-08-24 07:29:22'::timestamp without time zone))", "Rows Removed by Filter": 88794, "Workers": []}]}]}, {"Node Type": "Hash", "Parent Relationship": "Inner", "Parallel Aware": false, "Async Capable": false, "Startup Cost": 13611.62, "Total Cost": 13611.62, "Plan Rows": 12647.0, "Plan Width": 12, "Actual Rows": 140159, "Actual Loops": 2, "Hash Buckets": 262144, "Original Hash Buckets": 65536, "Hash Batches": 1, "Original Hash Batches": 1, "Peak Memory Usage": 8071, "Workers": [], "Plans": [{"Node Type": "Nested Loop", "Parent Relationship": "Outer", "Parallel Aware": false, "Async Capable": false, "Join Type": "Inner", "Startup Cost": 5701.12, "Total Cost": 13611.62, "Plan Rows": 12647.0, "Plan Width": 12, "Actual Rows": 140159, "Actual Loops": 2, "Inner Unique": false, "Workers": [], "Plans": [{"Node Type": "Hash Join", "Parent Relationship": "Outer", "Parallel Aware": false, "Async Capable": false, "Join Type": "Inner", "Startup Cost": 5700.7, "Total Cost": 6269.69, "Plan Rows": 522.0, "Plan Width": 8, "Actual Rows": 11958, "Actual Loops": 2, "Inner Unique": false, "Hash Cond": "(pl.postid = c.postid)", "Workers": [], "Plans": [{"Node Type": "Seq Scan", "Parent Relationship": "Outer", "Parallel Aware": false, "Async Capable": false, "Relation Name": "postlinks", "Alias": "pl", "Startup Cost": 0.0, "Total Cost": 248.53, "Plan Rows": 3409, "Plan Width": 4, "Actual Rows": 3715, "Actual Loops": 2, "Filter": "((creationdate <= '2013-01-25 07:45:44'::timestamp without time zone) AND (linktypeid = 1))", "Rows Removed by Filter": 7387, "Workers": []}, {"Node Type": "Hash", "Parent Relationship": "Inner", "Parallel Aware": false, "Async Capable": false, "Startup Cost": 3522.81, "Total Cost": 3522.81, "Plan Rows": 174231, "Plan Width": 4, "Actual Rows": 174277, "Actual Loops": 2, "Hash Buckets": 262144, "Original Hash Buckets": 262144, "Hash Batches": 1, "Original Hash Batches": 1, "Peak Memory Usage": 8175, "Workers": [], "Plans": [{"Node Type": "Seq Scan", "Parent Relationship": "Outer", "Parallel Aware": false, "Async Capable": false, "Relation Name": "comments", "Alias": "c", "Startup Cost": 0.0, "Total Cost": 3522.81, "Plan Rows": 174231, "Plan Width": 4, "Actual Rows": 174277, "Actual Loops": 2, "Filter": "(creationdate >= '2009-05-26 23:45:17'::timestamp without time zone)", "Rows Removed by Filter": 28, "Workers": []}]}]}, {"Node Type": "Index Scan", "Parent Relationship": "Inner", "Parallel Aware": false, "Async Capable": false, "Scan Direction": "Forward", "Index Name": "idx_votes_postid", "Relation Name": "votes", "Alias": "v", "Startup Cost": 0.42, "Total Cost": 0.58, "Plan Rows": 5, "Plan Width": 4, "Actual Rows": 12, "Actual Loops": 23916, "Index Cond": "(postid = c.postid)", "Rows Removed by Index Recheck": 0, "Filter": "(creationdate <= '2014-08-29 18:33:37'::timestamp without time zone)", "Rows Removed by Filter": 0, "Workers": []}]}]}]}]}]}]}, "Planning Time": 11.433, "Triggers": [], "Execution Time": 318.358}, {"Plan": {"Node Type": "Aggregate", "Strategy": "Plain", "Partial Mode": "Finalize", "Parallel Aware": false, "Async Capable": false, "Startup Cost": 28028.2, "Total Cost": 28028.21, "Plan Rows": 1, "Plan Width": 8, "Actual Rows": 1, "Actual Loops": 1, "Plans": [{"Node Type": "Gather", "Parent Relationship": "Outer", "Parallel Aware": false, "Async Capable": false, "Startup Cost": 28028.09, "Total Cost": 28028.2, "Plan Rows": 1, "Plan Width": 8, "Actual Rows": 2, "Actual Loops": 1, "Workers Planned": 1, "Workers Launched": 1, "Single Copy": false, "Plans": [{"Node Type": "Aggregate", "Strategy": "Plain", "Partial Mode": "Partial", "Parent Relationship": "Outer", "Parallel Aware": false, "Async Capable": false, "Startup Cost": 27028.09, "Total Cost": 27028.1, "Plan Rows": 1, "Plan Width": 8, "Actual Rows": 1, "Actual Loops": 2, "Workers": [], "Plans": [{"Node Type": "Hash Join", "Parent Relationship": "Outer", "Parallel Aware": false, "Async Capable": false, "Join Type": "Inner", "Startup Cost": 22437.59, "Total Cost": 27023.02, "Plan Rows": 11233.0, "Plan Width": 0, "Actual Rows": 158612, "Actual Loops": 2, "Inner Unique": false, "Hash Cond": "(p.id = pl.postid)", "Workers": [], "Plans": [{"Node Type": "Hash Join", "Parent Relationship": "Outer", "Parallel Aware": false, "Async Capable": false, "Join Type": "Inner", "Startup Cost": 2962.26, "Total Cost": 5856.96, "Plan Rows": 666.0, "Plan Width": 8, "Actual Rows": 4410, "Actual Loops": 2, "Inner Unique": true, "Hash Cond": "(c.postid = p.id)", "Workers": [], "Plans": [{"Node Type": "Seq Scan", "Parent Relationship": "Outer", "Parallel Aware": true, "Async Capable": false, "Relation Name": "comments", "Alias": "c", "Startup Cost": 0.0, "Total Cost": 2625.65, "Plan Rows": 102489, "Plan Width": 4, "Actual Rows": 87138, "Actual Loops": 2, "Filter": "(creationdate >= '2009-05-26 23:45:17'::timestamp without time zone)", "Rows Removed by Filter": 14, "Workers": []}, {"Node Type": "Hash", "Parent Relationship": "Inner", "Parallel Aware": false, "Async Capable": false, "Startup Cost": 2909.46, "Total Cost": 2909.46, "Plan Rows": 4224, "Plan Width": 4, "Actual Rows": 3182, "Actual Loops": 2, "Hash Buckets": 8192, "Original Hash Buckets": 8192, "Hash Batches": 1, "Original Hash Batches": 1, "Peak Memory Usage": 176, "Workers": [], "Plans": [{"Node Type": "Seq Scan", "Parent Relationship": "Outer", "Parallel Aware": false, "Async Capable": false, "Relation Name": "posts", "Alias": "p", "Startup Cost": 0.0, "Total Cost": 2909.46, "Plan Rows": 4224, "Plan Width": 4, "Actual Rows": 3182, "Actual Loops": 2, "Filter": "((score <= 133) AND (favoritecount >= 2) AND (favoritecount <= 89) AND (creationdate >= '2011-12-26 21:35:06'::timestamp without time zone) AND (creationdate <= '2014-08-24 07:29:22'::timestamp without time zone))", "Rows Removed by Filter": 88794, "Workers": []}]}]}, {"Node Type": "Hash", "Parent Relationship": "Inner", "Parallel Aware": false, "Async Capable": false, "Startup Cost": 18561.82, "Total Cost": 18561.82, "Plan Rows": 9427.0, "Plan Width": 12, "Actual Rows": 247530, "Actual Loops": 2, "Hash Buckets": 262144, "Original Hash Buckets": 131072, "Hash Batches": 1, "Original Hash Batches": 1, "Peak Memory Usage": 12685, "Workers": [], "Plans": [{"Node Type": "Nested Loop", "Parent Relationship": "Outer", "Parallel Aware": false, "Async Capable": false, "Join Type": "Inner", "Startup Cost": 9817.11, "Total Cost": 18561.82, "Plan Rows": 9427.0, "Plan Width": 12, "Actual Rows": 247530, "Actual Loops": 2, "Inner Unique": false, "Join Filter": "(pl.postid = v.postid)", "Rows Removed by Join Filter": 0, "Workers": [], "Plans": [{"Node Type": "Hash Join", "Parent Relationship": "Outer", "Parallel Aware": false, "Async Capable": false, "Join Type": "Inner", "Startup Cost": 9816.69, "Total Cost": 10384.6, "Plan Rows": 414.0, "Plan Width": 8, "Actual Rows": 22575, "Actual Loops": 2, "Inner Unique": false, "Hash Cond": "(pl.postid = ph.postid)", "Workers": [], "Plans": [{"Node Type": "Seq Scan", "Parent Relationship": "Outer", "Parallel Aware": false, "Async Capable": false, "Relation Name": "postlinks", "Alias": "pl", "Startup Cost": 0.0, "Total Cost": 248.53, "Plan Rows": 3409, "Plan Width": 4, "Actual Rows": 3715, "Actual Loops": 2, "Filter": "((creationdate <= '2013-01-25 07:45:44'::timestamp without time zone) AND (linktypeid = 1))", "Rows Removed by Filter": 7387, "Workers": []}, {"Node Type": "Hash", "Parent Relationship": "Inner", "Parallel Aware": false, "Async Capable": false, "Startup Cost": 6029.84, "Total Cost": 6029.84, "Plan Rows": 302948, "Plan Width": 4, "Actual Rows": 303167, "Actual Loops": 2, "Hash Buckets": 524288, "Original Hash Buckets": 524288, "Hash Batches": 1, "Original Hash Batches": 1, "Peak Memory Usage": 14755, "Workers": [], "Plans": [{"Node Type": "Seq Scan", "Parent Relationship": "Outer", "Parallel Aware": false, "Async Capable": false, "Relation Name": "posthistory", "Alias": "ph", "Startup Cost": 0.0, "Total Cost": 6029.84, "Plan Rows": 302948, "Plan Width": 4, "Actual Rows": 303167, "Actual Loops": 2, "Filter": "(creationdate >= '2009-09-01 13:58:12'::timestamp without time zone)", "Rows Removed by Filter": 20, "Workers": []}]}]}, {"Node Type": "Index Scan", "Parent Relationship": "Inner", "Parallel Aware": false, "Async Capable": false, "Scan Direction": "Forward", "Index Name": "idx_votes_postid", "Relation Name": "votes", "Alias": "v", "Startup Cost": 0.42, "Total Cost": 0.56, "Plan Rows": 5, "Plan Width": 4, "Actual Rows": 11, "Actual Loops": 45150, "Index Cond": "(postid = ph.postid)", "Rows Removed by Index Recheck": 0, "Filter": "(creationdate <= '2014-08-29 18:33:37'::timestamp without time zone)", "Rows Removed by Filter": 0, "Workers": []}]}]}]}]}]}]}, "Planning Time": 11.447, "Triggers": [], "Execution Time": 442.184}, {"Plan": {"Node Type": "Aggregate", "Strategy": "Plain", "Partial Mode": "Simple", "Parallel Aware": false, "Async Capable": false, "Startup Cost": 52602.93, "Total Cost": 52602.94, "Plan Rows": 1, "Plan Width": 8, "Actual Rows": 1, "Actual Loops": 1, "Plans": [{"Node Type": "Merge Join", "Parent Relationship": "Outer", "Parallel Aware": false, "Async Capable": false, "Join Type": "Inner", "Startup Cost": 3165.39, "Total Cost": 52594.33, "Plan Rows": 11233.0, "Plan Width": 0, "Actual Rows": 317223, "Actual Loops": 1, "Inner Unique": false, "Merge Cond": "(p.id = ph.postid)", "Plans": [{"Node Type": "Nested Loop", "Parent Relationship": "Outer", "Parallel Aware": false, "Async Capable": false, "Join Type": "Inner", "Startup Cost": 3164.54, "Total Cost": 3970.19, "Plan Rows": 139.0, "Plan Width": 12, "Actual Rows": 2263, "Actual Loops": 1, "Inner Unique": false, "Plans": [{"Node Type": "Merge Join", "Parent Relationship": "Outer", "Parallel Aware": false, "Async Capable": false, "Join Type": "Inner", "Startup Cost": 3164.12, "Total Cost": 3645.85, "Plan Rows": 39.0, "Plan Width": 8, "Actual Rows": 596, "Actual Loops": 1, "Inner Unique": true, "Merge Cond": "(pl.postid = p.id)", "Plans": [{"Node Type": "Index Scan", "Parent Relationship": "Outer", "Parallel Aware": false, "Async Capable": false, "Scan Direction": "Forward", "Index Name": "idx_postlinks_postid", "Relation Name": "postlinks", "Alias": "pl", "Startup Cost": 0.29, "Total Cost": 450.8, "Plan Rows": 3409, "Plan Width": 4, "Actual Rows": 3715, "Actual Loops": 1, "Filter": "((creationdate <= '2013-01-25 07:45:44'::timestamp without time zone) AND (linktypeid = 1))", "Rows Removed by Filter": 7387}, {"Node Type": "Sort", "Parent Relationship": "Inner", "Parallel Aware": false, "Async Capable": false, "Startup Cost": 3163.84, "Total Cost": 3174.4, "Plan Rows": 4224, "Plan Width": 4, "Actual Rows": 1525, "Actual Loops": 1, "Sort Key": ["p.id"], "Sort Method": "quicksort", "Sort Space Used": 97, "Sort Space Type": "Memory", "Plans": [{"Node Type": "Seq Scan", "Parent Relationship": "Outer", "Parallel Aware": false, "Async Capable": false, "Relation Name": "posts", "Alias": "p", "Startup Cost": 0.0, "Total Cost": 2909.46, "Plan Rows": 4224, "Plan Width": 4, "Actual Rows": 3182, "Actual Loops": 1, "Filter": "((score <= 133) AND (favoritecount >= 2) AND (favoritecount <= 89) AND (creationdate >= '2011-12-26 21:35:06'::timestamp without time zone) AND (creationdate <= '2014-08-24 07:29:22'::timestamp without time zone))", "Rows Removed by Filter": 88794}]}]}, {"Node Type": "Index Scan", "Parent Relationship": "Inner", "Parallel Aware": false, "Async Capable": false, "Scan Direction": "Forward", "Index Name": "idx_comments_postid", "Relation Name": "comments", "Alias": "c", "Startup Cost": 0.42, "Total Cost": 2.04, "Plan Rows": 3, "Plan Width": 4, "Actual Rows": 4, "Actual Loops": 596, "Index Cond": "(postid = p.id)", "Rows Removed by Index Recheck": 0, "Filter": "(creationdate >= '2009-05-26 23:45:17'::timestamp without time zone)", "Rows Removed by Filter": 0}]}, {"Node Type": "Materialize", "Parent Relationship": "Inner", "Parallel Aware": false, "Async Capable": false, "Startup Cost": 0.84, "Total Cost": 45432.72, "Plan Rows": 58284.0, "Plan Width": 8, "Actual Rows": 1114608, "Actual Loops": 1, "Plans": [{"Node Type": "Merge Join", "Parent Relationship": "Outer", "Parallel Aware": false, "Async Capable": false, "Join Type": "Inner", "Startup Cost": 0.84, "Total Cost": 42282.74, "Plan Rows": 58284.0, "Plan Width": 8, "Actual Rows": 836328, "Actual Loops": 1, "Inner Unique": false, "Merge Cond": "(ph.postid = v.postid)", "Plans": [{"Node Type": "Index Scan", "Parent Relationship": "Outer", "Parallel Aware": false, "Async Capable": false, "Scan Direction": "Forward", "Index Name": "idx_posthistory_postid", "Relation Name": "posthistory", "Alias": "ph", "Startup Cost": 0.42, "Total Cost": 9831.47, "Plan Rows": 302948, "Plan Width": 4, "Actual Rows": 129889, "Actual Loops": 1, "Filter": "(creationdate >= '2009-09-01 13:58:12'::timestamp without time zone)", "Rows Removed by Filter": 20}, {"Node Type": "Materialize", "Parent Relationship": "Inner", "Parallel Aware": false, "Async Capable": false, "Startup Cost": 0.42, "Total Cost": 13603.68, "Plan Rows": 323706, "Plan Width": 4, "Actual Rows": 836328, "Actual Loops": 1, "Plans": [{"Node Type": "Index Scan", "Parent Relationship": "Outer", "Parallel Aware": false, "Async Capable": false, "Scan Direction": "Forward", "Index Name": "idx_votes_postid", "Relation Name": "votes", "Alias": "v", "Startup Cost": 0.42, "Total Cost": 12794.42, "Plan Rows": 323706, "Plan Width": 4, "Actual Rows": 205416, "Actual Loops": 1, "Filter": "(creationdate <= '2014-08-29 18:33:37'::timestamp without time zone)", "Rows Removed by Filter": 852}]}]}]}]}]}, "Planning Time": 6.098, "Triggers": [], "Execution Time": 580.211}, {"Plan": {"Node Type": "Aggregate", "Strategy": "Plain", "Partial Mode": "Simple", "Parallel Aware": false, "Async Capable": false, "Startup Cost": 31710.89, "Total Cost": 31710.9, "Plan Rows": 1, "Plan Width": 8, "Actual Rows": 1, "Actual Loops": 1, "Plans": [{"Node Type": "Merge Join", "Parent Relationship": "Outer", "Parallel Aware": false, "Async Capable": false, "Join Type": "Inner", "Startup Cost": 3165.57, "Total Cost": 31702.28, "Plan Rows": 11233.0, "Plan Width": 0, "Actual Rows": 317223, "Actual Loops": 1, "Inner Unique": false, "Merge Cond": "(p.id = c.postid)", "Plans": [{"Node Type": "Sort", "Parent Relationship": "Outer", "Parallel Aware": false, "Async Capable": false, "Startup Cost": 3163.84, "Total Cost": 3174.4, "Plan Rows": 4224, "Plan Width": 4, "Actual Rows": 1519, "Actual Loops": 1, "Sort Key": ["p.id"], "Sort Method": "quicksort", "Sort Space Used": 97, "Sort Space Type": "Memory", "Plans": [{"Node Type": "Seq Scan", "Parent Relationship": "Outer", "Parallel Aware": false, "Async Capable": false, "Relation Name": "posts", "Alias": "p", "Startup Cost": 0.0, "Total Cost": 2909.46, "Plan Rows": 4224, "Plan Width": 4, "Actual Rows": 3182, "Actual Loops": 1, "Filter": "((score <= 133) AND (favoritecount >= 2) AND (favoritecount <= 89) AND (creationdate >= '2011-12-26 21:35:06'::timestamp without time zone) AND (creationdate <= '2014-08-24 07:29:22'::timestamp without time zone))", "Rows Removed by Filter": 88794}]}, {"Node Type": "Materialize", "Parent Relationship": "Inner", "Parallel Aware": false, "Async Capable": false, "Startup Cost": 1.73, "Total Cost": 27834.12, "Plan Rows": 33826.0, "Plan Width": 16, "Actual Rows": 990185, "Actual Loops": 1, "Plans": [{"Node Type": "Merge Join", "Parent Relationship": "Outer", "Parallel Aware": false, "Async Capable": false, "Join Type": "Inner", "Startup Cost": 1.73, "Total Cost": 27256.95, "Plan Rows": 33826.0, "Plan Width": 16, "Actual Rows": 990185, "Actual Loops": 1, "Inner Unique": false, "Merge Cond": "(c.postid = ph.postid)", "Plans": [{"Node Type": "Nested Loop", "Parent Relationship": "Outer", "Parallel Aware": false, "Async Capable": false, "Join Type": "Inner", "Startup Cost": 1.31, "Total Cost": 14209.18, "Plan Rows": 12647.0, "Plan Width": 12, "Actual Rows": 140159, "Actual Loops": 1, "Inner Unique": false, "Plans": [{"Node Type": "Merge Join", "Parent Relationship": "Outer", "Parallel Aware": false, "Async Capable": false, "Join Type": "Inner", "Startup Cost": 0.89, "Total Cost": 6867.25, "Plan Rows": 522.0, "Plan Width": 8, "Actual Rows": 11958, "Actual Loops": 1, "Inner Unique": false, "Merge Cond": "(pl.postid = c.postid)", "Plans": [{"Node Type": "Index Scan", "Parent Relationship": "Outer", "Parallel Aware": false, "Async Capable": false, "Scan Direction": "Forward", "Index Name": "idx_postlinks_postid", "Relation Name": "postlinks", "Alias": "pl", "Startup Cost": 0.29, "Total Cost": 450.8, "Plan Rows": 3409, "Plan Width": 4, "Actual Rows": 3715, "Actual Loops": 1, "Filter": "((creationdate <= '2013-01-25 07:45:44'::timestamp without time zone) AND (linktypeid = 1))", "Rows Removed by Filter": 7387}, {"Node Type": "Index Scan", "Parent Relationship": "Inner", "Parallel Aware": false, "Async Capable": false, "Scan Direction": "Forward", "Index Name": "idx_comments_postid", "Relation Name": "comments", "Alias": "c", "Startup Cost": 0.42, "Total Cost": 5857.0, "Plan Rows": 174231, "Plan Width": 4, "Actual Rows": 83803, "Actual Loops": 1, "Filter": "(creationdate >= '2009-05-26 23:45:17'::timestamp without time zone)", "Rows Removed by Filter": 28}]}, {"Node Type": "Index Scan", "Parent Relationship": "Inner", "Parallel Aware": false, "Async Capable": false, "Scan Direction": "Forward", "Index Name": "idx_votes_postid", "Relation Name": "votes", "Alias": "v", "Startup Cost": 0.42, "Total Cost": 0.58, "Plan Rows": 5, "Plan Width": 4, "Actual Rows": 12, "Actual Loops": 11958, "Index Cond": "(postid = c.postid)", "Rows Removed by Index Recheck": 0, "Filter": "(creationdate <= '2014-08-29 18:33:37'::timestamp without time zone)", "Rows Removed by Filter": 0}]}, {"Node Type": "Index Scan", "Parent Relationship": "Inner", "Parallel Aware": false, "Async Capable": false, "Scan Direction": "Forward", "Index Name": "idx_posthistory_postid", "Relation Name": "posthistory", "Alias": "ph", "Startup Cost": 0.42, "Total Cost": 9831.47, "Plan Rows": 302948, "Plan Width": 4, "Actual Rows": 1107335, "Actual Loops": 1, "Filter": "(creationdate >= '2009-09-01 13:58:12'::timestamp without time zone)", "Rows Removed by Filter": 20}]}]}]}]}, "Planning Time": 6.134, "Triggers": [], "Execution Time": 661.035}, {"Plan": {"Node Type": "Aggregate", "Strategy": "Plain", "Partial Mode": "Finalize", "Parallel Aware": false, "Async Capable": false, "Startup Cost": 21552.21, "Total Cost": 21552.22, "Plan Rows": 1, "Plan Width": 8, "Actual Rows": 1, "Actual Loops": 1, "Plans": [{"Node Type": "Gather", "Parent Relationship": "Outer", "Parallel Aware": false, "Async Capable": false, "Startup Cost": 21552.1, "Total Cost": 21552.21, "Plan Rows": 1, "Plan Width": 8, "Actual Rows": 2, "Actual Loops": 1, "Workers Planned": 1, "Workers Launched": 1, "Single Copy": false, "Plans": [{"Node Type": "Aggregate", "Strategy": "Plain", "Partial Mode": "Partial", "Parent Relationship": "Outer", "Parallel Aware": false, "Async Capable": false, "Startup Cost": 20552.1, "Total Cost": 20552.11, "Plan Rows": 1, "Plan Width": 8, "Actual Rows": 1, "Actual Loops": 2, "Workers": [], "Plans": [{"Node Type": "Hash Join", "Parent Relationship": "Outer", "Parallel Aware": false, "Async Capable": false, "Join Type": "Inner", "Startup Cost": 13512.15, "Total Cost": 20547.04, "Plan Rows": 11233.0, "Plan Width": 0, "Actual Rows": 158612, "Actual Loops": 2, "Inner Unique": false, "Hash Cond": "(p.id = pl.postid)", "Workers": [], "Plans": [{"Node Type": "Nested Loop", "Parent Relationship": "Outer", "Parallel Aware": false, "Async Capable": false, "Join Type": "Inner", "Startup Cost": 2962.68, "Total Cost": 8897.03, "Plan Rows": 22018.0, "Plan Width": 12, "Actual Rows": 61466, "Actual Loops": 2, "Inner Unique": false, "Join Filter": "(p.id = v.postid)", "Rows Removed by Join Filter": 0, "Workers": [], "Plans": [{"Node Type": "Hash Join", "Parent Relationship": "Outer", "Parallel Aware": false, "Async Capable": false, "Join Type": "Inner", "Startup Cost": 2962.26, "Total Cost": 5856.96, "Plan Rows": 666.0, "Plan Width": 8, "Actual Rows": 4410, "Actual Loops": 2, "Inner Unique": true, "Hash Cond": "(c.postid = p.id)", "Workers": [], "Plans": [{"Node Type": "Seq Scan", "Parent Relationship": "Outer", "Parallel Aware": true, "Async Capable": false, "Relation Name": "comments", "Alias": "c", "Startup Cost": 0.0, "Total Cost": 2625.65, "Plan Rows": 102489, "Plan Width": 4, "Actual Rows": 87138, "Actual Loops": 2, "Filter": "(creationdate >= '2009-05-26 23:45:17'::timestamp without time zone)", "Rows Removed by Filter": 14, "Workers": []}, {"Node Type": "Hash", "Parent Relationship": "Inner", "Parallel Aware": false, "Async Capable": false, "Startup Cost": 2909.46, "Total Cost": 2909.46, "Plan Rows": 4224, "Plan Width": 4, "Actual Rows": 3182, "Actual Loops": 2, "Hash Buckets": 8192, "Original Hash Buckets": 8192, "Hash Batches": 1, "Original Hash Batches": 1, "Peak Memory Usage": 176, "Workers": [], "Plans": [{"Node Type": "Seq Scan", "Parent Relationship": "Outer", "Parallel Aware": false, "Async Capable": false, "Relation Name": "posts", "Alias": "p", "Startup Cost": 0.0, "Total Cost": 2909.46, "Plan Rows": 4224, "Plan Width": 4, "Actual Rows": 3182, "Actual Loops": 2, "Filter": "((score <= 133) AND (favoritecount >= 2) AND (favoritecount <= 89) AND (creationdate >= '2011-12-26 21:35:06'::timestamp without time zone) AND (creationdate <= '2014-08-24 07:29:22'::timestamp without time zone))", "Rows Removed by Filter": 88794, "Workers": []}]}]}, {"Node Type": "Index Scan", "Parent Relationship": "Inner", "Parallel Aware": false, "Async Capable": false, "Scan Direction": "Forward", "Index Name": "idx_votes_postid", "Relation Name": "votes", "Alias": "v", "Startup Cost": 0.42, "Total Cost": 0.58, "Plan Rows": 5, "Plan Width": 4, "Actual Rows": 14, "Actual Loops": 8819, "Index Cond": "(postid = c.postid)", "Rows Removed by Index Recheck": 0, "Filter": "(creationdate <= '2014-08-29 18:33:37'::timestamp without time zone)", "Rows Removed by Filter": 0, "Workers": []}]}, {"Node Type": "Hash", "Parent Relationship": "Inner", "Parallel Aware": false, "Async Capable": false, "Startup Cost": 10384.6, "Total Cost": 10384.6, "Plan Rows": 414.0, "Plan Width": 8, "Actual Rows": 22575, "Actual Loops": 2, "Hash Buckets": 32768, "Original Hash Buckets": 16384, "Hash Batches": 1, "Original Hash Batches": 1, "Peak Memory Usage": 1138, "Workers": [], "Plans": [{"Node Type": "Hash Join", "Parent Relationship": "Outer", "Parallel Aware": false, "Async Capable": false, "Join Type": "Inner", "Startup Cost": 9816.69, "Total Cost": 10384.6, "Plan Rows": 414.0, "Plan Width": 8, "Actual Rows": 22575, "Actual Loops": 2, "Inner Unique": false, "Hash Cond": "(pl.postid = ph.postid)", "Workers": [], "Plans": [{"Node Type": "Seq Scan", "Parent Relationship": "Outer", "Parallel Aware": false, "Async Capable": false, "Relation Name": "postlinks", "Alias": "pl", "Startup Cost": 0.0, "Total Cost": 248.53, "Plan Rows": 3409, "Plan Width": 4, "Actual Rows": 3715, "Actual Loops": 2, "Filter": "((creationdate <= '2013-01-25 07:45:44'::timestamp without time zone) AND (linktypeid = 1))", "Rows Removed by Filter": 7387, "Workers": []}, {"Node Type": "Hash", "Parent Relationship": "Inner", "Parallel Aware": false, "Async Capable": false, "Startup Cost": 6029.84, "Total Cost": 6029.84, "Plan Rows": 302948, "Plan Width": 4, "Actual Rows": 303167, "Actual Loops": 2, "Hash Buckets": 524288, "Original Hash Buckets": 524288, "Hash Batches": 1, "Original Hash Batches": 1, "Peak Memory Usage": 14755, "Workers": [], "Plans": [{"Node Type": "Seq Scan", "Parent Relationship": "Outer", "Parallel Aware": false, "Async Capable": false, "Relation Name": "posthistory", "Alias": "ph", "Startup Cost": 0.0, "Total Cost": 6029.84, "Plan Rows": 302948, "Plan Width": 4, "Actual Rows": 303167, "Actual Loops": 2, "Filter": "(creationdate >= '2009-09-01 13:58:12'::timestamp without time zone)", "Rows Removed by Filter": 20, "Workers": []}]}]}]}]}]}]}]}, "Planning Time": 12.026, "Triggers": [], "Execution Time": 297.61}, {"Plan": {"Node Type": "Aggregate", "Strategy": "Plain", "Partial Mode": "Finalize", "Parallel Aware": false, "Async Capable": false, "Startup Cost": 32100.51, "Total Cost": 32100.52, "Plan Rows": 1, "Plan Width": 8, "Actual Rows": 1, "Actual Loops": 1, "Plans": [{"Node Type": "Gather", "Parent Relationship": "Outer", "Parallel Aware": false, "Async Capable": false, "Startup Cost": 32100.4, "Total Cost": 32100.51, "Plan Rows": 1, "Plan Width": 8, "Actual Rows": 2, "Actual Loops": 1, "Workers Planned": 1, "Workers Launched": 1, "Single Copy": false, "Plans": [{"Node Type": "Aggregate", "Strategy": "Plain", "Partial Mode": "Partial", "Parent Relationship": "Outer", "Parallel Aware": false, "Async Capable": false, "Startup Cost": 31100.4, "Total Cost": 31100.41, "Plan Rows": 1, "Plan Width": 8, "Actual Rows": 1, "Actual Loops": 2, "Workers": [], "Plans": [{"Node Type": "Merge Join", "Parent Relationship": "Outer", "Parallel Aware": false, "Async Capable": false, "Join Type": "Inner", "Startup Cost": 3728.45, "Total Cost": 31095.34, "Plan Rows": 11233.0, "Plan Width": 0, "Actual Rows": 158612, "Actual Loops": 2, "Inner Unique": false, "Merge Cond": "(c.postid = p.id)", "Workers": [], "Plans": [{"Node Type": "Merge Join", "Parent Relationship": "Outer", "Parallel Aware": false, "Async Capable": false, "Join Type": "Inner", "Startup Cost": 0.84, "Total Cost": 25992.52, "Plan Rows": 86002.0, "Plan Width": 8, "Actual Rows": 276852, "Actual Loops": 2, "Inner Unique": false, "Merge Cond": "(c.postid = v.postid)", "Workers": [], "Plans": [{"Node Type": "Index Scan", "Parent Relationship": "Outer", "Parallel Aware": true, "Async Capable": false, "Scan Direction": "Forward", "Index Name": "idx_comments_postid", "Relation Name": "comments", "Alias": "c", "Startup Cost": 0.42, "Total Cost": 4959.84, "Plan Rows": 102489, "Plan Width": 4, "Actual Rows": 40228, "Actual Loops": 2, "Filter": "(creationdate >= '2009-05-26 23:45:17'::timestamp without time zone)", "Rows Removed by Filter": 14, "Workers": []}, {"Node Type": "Materialize", "Parent Relationship": "Inner", "Parallel Aware": false, "Async Capable": false, "Startup Cost": 0.42, "Total Cost": 13603.68, "Plan Rows": 323706, "Plan Width": 4, "Actual Rows": 408843, "Actual Loops": 2, "Workers": [], "Plans": [{"Node Type": "Index Scan", "Parent Relationship": "Outer", "Parallel Aware": false, "Async Capable": false, "Scan Direction": "Forward", "Index Name": "idx_votes_postid", "Relation Name": "votes", "Alias": "v", "Startup Cost": 0.42, "Total Cost": 12794.42, "Plan Rows": 323706, "Plan Width": 4, "Actual Rows": 205538, "Actual Loops": 2, "Filter": "(creationdate <= '2014-08-29 18:33:37'::timestamp without time zone)", "Rows Removed by Filter": 853, "Workers": []}]}]}, {"Node Type": "Sort", "Parent Relationship": "Inner", "Parallel Aware": false, "Async Capable": false, "Startup Cost": 3727.61, "Total Cost": 3728.9, "Plan Rows": 137.0, "Plan Width": 12, "Actual Rows": 160792, "Actual Loops": 2, "Sort Key": ["p.id"], "Sort Method": "quicksort", "Sort Space Used": 247, "Sort Space Type": "Memory", "Workers": [{"Worker Number": 0, "Sort Method": "quicksort", "Sort Space Used": 247, "Sort Space Type": "Memory"}], "Plans": [{"Node Type": "Nested Loop", "Parent Relationship": "Outer", "Parallel Aware": false, "Async Capable": false, "Join Type": "Inner", "Startup Cost": 2962.68, "Total Cost": 3704.31, "Plan Rows": 137.0, "Plan Width": 12, "Actual Rows": 3841, "Actual Loops": 2, "Inner Unique": false, "Workers": [], "Plans": [{"Node Type": "Hash Join", "Parent Relationship": "Outer", "Parallel Aware": false, "Async Capable": false, "Join Type": "Inner", "Startup Cost": 2962.26, "Total Cost": 3219.74, "Plan Rows": 39.0, "Plan Width": 8, "Actual Rows": 596, "Actual Loops": 2, "Inner Unique": true, "Hash Cond": "(pl.postid = p.id)", "Workers": [], "Plans": [{"Node Type": "Seq Scan", "Parent Relationship": "Outer", "Parallel Aware": false, "Async Capable": false, "Relation Name": "postlinks", "Alias": "pl", "Startup Cost": 0.0, "Total Cost": 248.53, "Plan Rows": 3409, "Plan Width": 4, "Actual Rows": 3715, "Actual Loops": 2, "Filter": "((creationdate <= '2013-01-25 07:45:44'::timestamp without time zone) AND (linktypeid = 1))", "Rows Removed by Filter": 7387, "Workers": []}, {"Node Type": "Hash", "Parent Relationship": "Inner", "Parallel Aware": false, "Async Capable": false, "Startup Cost": 2909.46, "Total Cost": 2909.46, "Plan Rows": 4224, "Plan Width": 4, "Actual Rows": 3182, "Actual Loops": 2, "Hash Buckets": 8192, "Original Hash Buckets": 8192, "Hash Batches": 1, "Original Hash Batches": 1, "Peak Memory Usage": 176, "Workers": [], "Plans": [{"Node Type": "Seq Scan", "Parent Relationship": "Outer", "Parallel Aware": false, "Async Capable": false, "Relation Name": "posts", "Alias": "p", "Startup Cost": 0.0, "Total Cost": 2909.46, "Plan Rows": 4224, "Plan Width": 4, "Actual Rows": 3182, "Actual Loops": 2, "Filter": "((score <= 133) AND (favoritecount >= 2) AND (favoritecount <= 89) AND (creationdate >= '2011-12-26 21:35:06'::timestamp without time zone) AND (creationdate <= '2014-08-24 07:29:22'::timestamp without time zone))", "Rows Removed by Filter": 88794, "Workers": []}]}]}, {"Node Type": "Index Scan", "Parent Relationship": "Inner", "Parallel Aware": false, "Async Capable": false, "Scan Direction": "Forward", "Index Name": "idx_posthistory_postid", "Relation Name": "posthistory", "Alias": "ph", "Startup Cost": 0.42, "Total Cost": 3.05, "Plan Rows": 4, "Plan Width": 4, "Actual Rows": 6, "Actual Loops": 1192, "Index Cond": "(postid = p.id)", "Rows Removed by Index Recheck": 0, "Filter": "(creationdate >= '2009-09-01 13:58:12'::timestamp without time zone)", "Rows Removed by Filter": 0, "Workers": []}]}]}]}]}]}]}, "Planning Time": 10.984, "Triggers": [], "Execution Time": 338.996}, {"Plan": {"Node Type": "Aggregate", "Strategy": "Plain", "Partial Mode": "Finalize", "Parallel Aware": false, "Async Capable": false, "Startup Cost": 17609.41, "Total Cost": 17609.42, "Plan Rows": 1, "Plan Width": 8, "Actual Rows": 1, "Actual Loops": 1, "Plans": [{"Node Type": "Gather", "Parent Relationship": "Outer", "Parallel Aware": false, "Async Capable": false, "Startup Cost": 17609.3, "Total Cost": 17609.41, "Plan Rows": 1, "Plan Width": 8, "Actual Rows": 2, "Actual Loops": 1, "Workers Planned": 1, "Workers Launched": 1, "Single Copy": false, "Plans": [{"Node Type": "Aggregate", "Strategy": "Plain", "Partial Mode": "Partial", "Parent Relationship": "Outer", "Parallel Aware": false, "Async Capable": false, "Startup Cost": 16609.3, "Total Cost": 16609.31, "Plan Rows": 1, "Plan Width": 8, "Actual Rows": 1, "Actual Loops": 2, "Workers": [], "Plans": [{"Node Type": "Hash Join", "Parent Relationship": "Outer", "Parallel Aware": false, "Async Capable": false, "Join Type": "Inner", "Startup Cost": 9239.59, "Total Cost": 16604.24, "Plan Rows": 11233.0, "Plan Width": 0, "Actual Rows": 158612, "Actual Loops": 2, "Inner Unique": false, "Hash Cond": "(p.id = pl.postid)", "Workers": [], "Plans": [{"Node Type": "Hash Join", "Parent Relationship": "Outer", "Parallel Aware": true, "Async Capable": false, "Join Type": "Inner", "Startup Cost": 8948.44, "Total Cost": 15269.76, "Plan Rows": 60200.0, "Plan Width": 16, "Actual Rows": 483890, "Actual Loops": 2, "Inner Unique": false, "Hash Cond": "(v.postid = p.id)", "Workers": [], "Plans": [{"Node Type": "Seq Scan", "Parent Relationship": "Outer", "Parallel Aware": true, "Async Capable": false, "Relation Name": "votes", "Alias": "v", "Startup Cost": 0.0, "Total Cost": 4572.24, "Plan Rows": 190415, "Plan Width": 4, "Actual Rows": 161846, "Actual Loops": 2, "Filter": "(creationdate <= '2014-08-29 18:33:37'::timestamp without time zone)", "Rows Removed by Filter": 2186, "Workers": []}, {"Node Type": "Hash", "Parent Relationship": "Inner", "Parallel Aware": true, "Async Capable": false, "Startup Cost": 8754.64, "Total Cost": 8754.64, "Plan Rows": 2616.0, "Plan Width": 12, "Actual Rows": 30448, "Actual Loops": 2, "Hash Buckets": 65536, "Original Hash Buckets": 32768, "Hash Batches": 1, "Original Hash Batches": 1, "Peak Memory Usage": 3680, "Workers": [], "Plans": [{"Node Type": "Nested Loop", "Parent Relationship": "Outer", "Parallel Aware": false, "Async Capable": false, "Join Type": "Inner", "Startup Cost": 2962.68, "Total Cost": 8754.64, "Plan Rows": 2616.0, "Plan Width": 12, "Actual Rows": 30448, "Actual Loops": 2, "Inner Unique": false, "Join Filter": "(p.id = ph.postid)", "Rows Removed by Join Filter": 0, "Workers": [], "Plans": [{"Node Type": "Hash Join", "Parent Relationship": "Outer", "Parallel Aware": false, "Async Capable": false, "Join Type": "Inner", "Startup Cost": 2962.26, "Total Cost": 5856.96, "Plan Rows": 666.0, "Plan Width": 8, "Actual Rows": 4410, "Actual Loops": 2, "Inner Unique": true, "Hash Cond": "(c.postid = p.id)", "Workers": [], "Plans": [{"Node Type": "Seq Scan", "Parent Relationship": "Outer", "Parallel Aware": true, "Async Capable": false, "Relation Name": "comments", "Alias": "c", "Startup Cost": 0.0, "Total Cost": 2625.65, "Plan Rows": 102489, "Plan Width": 4, "Actual Rows": 87138, "Actual Loops": 2, "Filter": "(creationdate >= '2009-05-26 23:45:17'::timestamp without time zone)", "Rows Removed by Filter": 14, "Workers": []}, {"Node Type": "Hash", "Parent Relationship": "Inner", "Parallel Aware": false, "Async Capable": false, "Startup Cost": 2909.46, "Total Cost": 2909.46, "Plan Rows": 4224, "Plan Width": 4, "Actual Rows": 3182, "Actual Loops": 2, "Hash Buckets": 8192, "Original Hash Buckets": 8192, "Hash Batches": 1, "Original Hash Batches": 1, "Peak Memory Usage": 176, "Workers": [], "Plans": [{"Node Type": "Seq Scan", "Parent Relationship": "Outer", "Parallel Aware": false, "Async Capable": false, "Relation Name": "posts", "Alias": "p", "Startup Cost": 0.0, "Total Cost": 2909.46, "Plan Rows": 4224, "Plan Width": 4, "Actual Rows": 3182, "Actual Loops": 2, "Filter": "((score <= 133) AND (favoritecount >= 2) AND (favoritecount <= 89) AND (creationdate >= '2011-12-26 21:35:06'::timestamp without time zone) AND (creationdate <= '2014-08-24 07:29:22'::timestamp without time zone))", "Rows Removed by Filter": 88794, "Workers": []}]}]}, {"Node Type": "Index Scan", "Parent Relationship": "Inner", "Parallel Aware": false, "Async Capable": false, "Scan Direction": "Forward", "Index Name": "idx_posthistory_postid", "Relation Name": "posthistory", "Alias": "ph", "Startup Cost": 0.42, "Total Cost": 0.57, "Plan Rows": 4, "Plan Width": 4, "Actual Rows": 7, "Actual Loops": 8819, "Index Cond": "(postid = c.postid)", "Rows Removed by Index Recheck": 0, "Filter": "(creationdate >= '2009-09-01 13:58:12'::timestamp without time zone)", "Rows Removed by Filter": 0, "Workers": []}]}]}]}, {"Node Type": "Hash", "Parent Relationship": "Inner", "Parallel Aware": false, "Async Capable": false, "Startup Cost": 248.53, "Total Cost": 248.53, "Plan Rows": 3409, "Plan Width": 4, "Actual Rows": 3715, "Actual Loops": 2, "Hash Buckets": 4096, "Original Hash Buckets": 4096, "Hash Batches": 1, "Original Hash Batches": 1, "Peak Memory Usage": 163, "Workers": [], "Plans": [{"Node Type": "Seq Scan", "Parent Relationship": "Outer", "Parallel Aware": false, "Async Capable": false, "Relation Name": "postlinks", "Alias": "pl", "Startup Cost": 0.0, "Total Cost": 248.53, "Plan Rows": 3409, "Plan Width": 4, "Actual Rows": 3715, "Actual Loops": 2, "Filter": "((creationdate <= '2013-01-25 07:45:44'::timestamp without time zone) AND (linktypeid = 1))", "Rows Removed by Filter": 7387, "Workers": []}]}]}]}]}]}, "Planning Time": 11.323, "Triggers": [], "Execution Time": 234.833}, {"Plan": {"Node Type": "Aggregate", "Strategy": "Plain", "Partial Mode": "Simple", "Parallel Aware": false, "Async Capable": false, "Startup Cost": 23044.64, "Total Cost": 23044.65, "Plan Rows": 1, "Plan Width": 8, "Actual Rows": 1, "Actual Loops": 1, "Plans": [{"Node Type": "Hash Join", "Parent Relationship": "Outer", "Parallel Aware": false, "Async Capable": false, "Join Type": "Inner", "Startup Cost": 22279.36, "Total Cost": 23036.03, "Plan Rows": 11233.0, "Plan Width": 0, "Actual Rows": 317223, "Actual Loops": 1, "Inner Unique": false, "Hash Cond": "(pl.postid = p.id)", "Plans": [{"Node Type": "Hash Join", "Parent Relationship": "Outer", "Parallel Aware": false, "Async Capable": false, "Join Type": "Inner", "Startup Cost": 9816.69, "Total Cost": 10384.6, "Plan Rows": 414.0, "Plan Width": 8, "Actual Rows": 22575, "Actual Loops": 1, "Inner Unique": false, "Hash Cond": "(pl.postid = ph.postid)", "Plans": [{"Node Type": "Seq Scan", "Parent Relationship": "Outer", "Parallel Aware": false, "Async Capable": false, "Relation Name": "postlinks", "Alias": "pl", "Startup Cost": 0.0, "Total Cost": 248.53, "Plan Rows": 3409, "Plan Width": 4, "Actual Rows": 3715, "Actual Loops": 1, "Filter": "((creationdate <= '2013-01-25 07:45:44'::timestamp without time zone) AND (linktypeid = 1))", "Rows Removed by Filter": 7387}, {"Node Type": "Hash", "Parent Relationship": "Inner", "Parallel Aware": false, "Async Capable": false, "Startup Cost": 6029.84, "Total Cost": 6029.84, "Plan Rows": 302948, "Plan Width": 4, "Actual Rows": 303167, "Actual Loops": 1, "Hash Buckets": 524288, "Original Hash Buckets": 524288, "Hash Batches": 1, "Original Hash Batches": 1, "Peak Memory Usage": 14755, "Plans": [{"Node Type": "Seq Scan", "Parent Relationship": "Outer", "Parallel Aware": false, "Async Capable": false, "Relation Name": "posthistory", "Alias": "ph", "Startup Cost": 0.0, "Total Cost": 6029.84, "Plan Rows": 302948, "Plan Width": 4, "Actual Rows": 303167, "Actual Loops": 1, "Filter": "(creationdate >= '2009-09-01 13:58:12'::timestamp without time zone)", "Rows Removed by Filter": 20}]}]}, {"Node Type": "Hash", "Parent Relationship": "Inner", "Parallel Aware": false, "Async Capable": false, "Startup Cost": 12110.64, "Total Cost": 12110.64, "Plan Rows": 22018.0, "Plan Width": 12, "Actual Rows": 122933, "Actual Loops": 1, "Hash Buckets": 131072, "Original Hash Buckets": 32768, "Hash Batches": 1, "Original Hash Batches": 1, "Peak Memory Usage": 6307, "Plans": [{"Node Type": "Nested Loop", "Parent Relationship": "Outer", "Parallel Aware": false, "Async Capable": false, "Join Type": "Inner", "Startup Cost": 2962.68, "Total Cost": 12110.64, "Plan Rows": 22018.0, "Plan Width": 12, "Actual Rows": 122933, "Actual Loops": 1, "Inner Unique": false, "Join Filter": "(p.id = v.postid)", "Rows Removed by Join Filter": 0, "Plans": [{"Node Type": "Hash Join", "Parent Relationship": "Outer", "Parallel Aware": false, "Async Capable": false, "Join Type": "Inner", "Startup Cost": 2962.26, "Total Cost": 6942.45, "Plan Rows": 666.0, "Plan Width": 8, "Actual Rows": 8819, "Actual Loops": 1, "Inner Unique": true, "Hash Cond": "(c.postid = p.id)", "Plans": [{"Node Type": "Seq Scan", "Parent Relationship": "Outer", "Parallel Aware": false, "Async Capable": false, "Relation Name": "comments", "Alias": "c", "Startup Cost": 0.0, "Total Cost": 3522.81, "Plan Rows": 174231, "Plan Width": 4, "Actual Rows": 174277, "Actual Loops": 1, "Filter": "(creationdate >= '2009-05-26 23:45:17'::timestamp without time zone)", "Rows Removed by Filter": 28}, {"Node Type": "Hash", "Parent Relationship": "Inner", "Parallel Aware": false, "Async Capable": false, "Startup Cost": 2909.46, "Total Cost": 2909.46, "Plan Rows": 4224, "Plan Width": 4, "Actual Rows": 3182, "Actual Loops": 1, "Hash Buckets": 8192, "Original Hash Buckets": 8192, "Hash Batches": 1, "Original Hash Batches": 1, "Peak Memory Usage": 176, "Plans": [{"Node Type": "Seq Scan", "Parent Relationship": "Outer", "Parallel Aware": false, "Async Capable": false, "Relation Name": "posts", "Alias": "p", "Startup Cost": 0.0, "Total Cost": 2909.46, "Plan Rows": 4224, "Plan Width": 4, "Actual Rows": 3182, "Actual Loops": 1, "Filter": "((score <= 133) AND (favoritecount >= 2) AND (favoritecount <= 89) AND (creationdate >= '2011-12-26 21:35:06'::timestamp without time zone) AND (creationdate <= '2014-08-24 07:29:22'::timestamp without time zone))", "Rows Removed by Filter": 88794}]}]}, {"Node Type": "Index Scan", "Parent Relationship": "Inner", "Parallel Aware": false, "Async Capable": false, "Scan Direction": "Forward", "Index Name": "idx_votes_postid", "Relation Name": "votes", "Alias": "v", "Startup Cost": 0.42, "Total Cost": 0.58, "Plan Rows": 5, "Plan Width": 4, "Actual Rows": 14, "Actual Loops": 8819, "Index Cond": "(postid = c.postid)", "Rows Removed by Index Recheck": 0, "Filter": "(creationdate <= '2014-08-29 18:33:37'::timestamp without time zone)", "Rows Removed by Filter": 0}]}]}]}]}, "Planning Time": 6.105, "Triggers": [], "Execution Time": 385.306}, {"Plan": {"Node Type": "Aggregate", "Strategy": "Plain", "Partial Mode": "Simple", "Parallel Aware": false, "Async Capable": false, "Startup Cost": 111332.77, "Total Cost": 111332.78, "Plan Rows": 1, "Plan Width": 8, "Actual Rows": 1, "Actual Loops": 1, "Plans": [{"Node Type": "Merge Join", "Parent Relationship": "Outer", "Parallel Aware": false, "Async Capable": false, "Join Type": "Inner", "Startup Cost": 3165.39, "Total Cost": 111324.17, "Plan Rows": 11233.0, "Plan Width": 0, "Actual Rows": 317223, "Actual Loops": 1, "Inner Unique": false, "Merge Cond": "(p.id = c.postid)", "Plans": [{"Node Type": "Merge Join", "Parent Relationship": "Outer", "Parallel Aware": false, "Async Capable": false, "Join Type": "Inner", "Startup Cost": 3164.12, "Total Cost": 3645.85, "Plan Rows": 39.0, "Plan Width": 8, "Actual Rows": 596, "Actual Loops": 1, "Inner Unique": true, "Merge Cond": "(pl.postid = p.id)", "Plans": [{"Node Type": "Index Scan", "Parent Relationship": "Outer", "Parallel Aware": false, "Async Capable": false, "Scan Direction": "Forward", "Index Name": "idx_postlinks_postid", "Relation Name": "postlinks", "Alias": "pl", "Startup Cost": 0.29, "Total Cost": 450.8, "Plan Rows": 3409, "Plan Width": 4, "Actual Rows": 3715, "Actual Loops": 1, "Filter": "((creationdate <= '2013-01-25 07:45:44'::timestamp without time zone) AND (linktypeid = 1))", "Rows Removed by Filter": 7387}, {"Node Type": "Sort", "Parent Relationship": "Inner", "Parallel Aware": false, "Async Capable": false, "Startup Cost": 3163.84, "Total Cost": 3174.4, "Plan Rows": 4224, "Plan Width": 4, "Actual Rows": 1525, "Actual Loops": 1, "Sort Key": ["p.id"], "Sort Method": "quicksort", "Sort Space Used": 97, "Sort Space Type": "Memory", "Plans": [{"Node Type": "Seq Scan", "Parent Relationship": "Outer", "Parallel Aware": false, "Async Capable": false, "Relation Name": "posts", "Alias": "p", "Startup Cost": 0.0, "Total Cost": 2909.46, "Plan Rows": 4224, "Plan Width": 4, "Actual Rows": 3182, "Actual Loops": 1, "Filter": "((score <= 133) AND (favoritecount >= 2) AND (favoritecount <= 89) AND (creationdate >= '2011-12-26 21:35:06'::timestamp without time zone) AND (creationdate <= '2014-08-24 07:29:22'::timestamp without time zone))", "Rows Removed by Filter": 88794}]}]}, {"Node Type": "Materialize", "Parent Relationship": "Inner", "Parallel Aware": false, "Async Capable": false, "Startup Cost": 1.26, "Total Cost": 98943.64, "Plan Rows": 207553.0, "Plan Width": 12, "Actual Rows": 2760409, "Actual Loops": 1, "Plans": [{"Node Type": "Merge Join", "Parent Relationship": "Outer", "Parallel Aware": false, "Async Capable": false, "Join Type": "Inner", "Startup Cost": 1.26, "Total Cost": 90268.59, "Plan Rows": 207553.0, "Plan Width": 12, "Actual Rows": 2629491, "Actual Loops": 1, "Inner Unique": false, "Merge Cond": "(c.postid = ph.postid)", "Plans": [{"Node Type": "Index Scan", "Parent Relationship": "Outer", "Parallel Aware": false, "Async Capable": false, "Scan Direction": "Forward", "Index Name": "idx_comments_postid", "Relation Name": "comments", "Alias": "c", "Startup Cost": 0.42, "Total Cost": 5857.0, "Plan Rows": 174231, "Plan Width": 4, "Actual Rows": 80456, "Actual Loops": 1, "Filter": "(creationdate >= '2009-05-26 23:45:17'::timestamp without time zone)", "Rows Removed by Filter": 28}, {"Node Type": "Materialize", "Parent Relationship": "Inner", "Parallel Aware": false, "Async Capable": false, "Startup Cost": 0.84, "Total Cost": 45432.72, "Plan Rows": 58284.0, "Plan Width": 8, "Actual Rows": 2836766, "Actual Loops": 1, "Plans": [{"Node Type": "Merge Join", "Parent Relationship": "Outer", "Parallel Aware": false, "Async Capable": false, "Join Type": "Inner", "Startup Cost": 0.84, "Total Cost": 42282.74, "Plan Rows": 58284.0, "Plan Width": 8, "Actual Rows": 836328, "Actual Loops": 1, "Inner Unique": false, "Merge Cond": "(ph.postid = v.postid)", "Plans": [{"Node Type": "Index Scan", "Parent Relationship": "Outer", "Parallel Aware": false, "Async Capable": false, "Scan Direction": "Forward", "Index Name": "idx_posthistory_postid", "Relation Name": "posthistory", "Alias": "ph", "Startup Cost": 0.42, "Total Cost": 9831.47, "Plan Rows": 302948, "Plan Width": 4, "Actual Rows": 129889, "Actual Loops": 1, "Filter": "(creationdate >= '2009-09-01 13:58:12'::timestamp without time zone)", "Rows Removed by Filter": 20}, {"Node Type": "Materialize", "Parent Relationship": "Inner", "Parallel Aware": false, "Async Capable": false, "Startup Cost": 0.42, "Total Cost": 13603.68, "Plan Rows": 323706, "Plan Width": 4, "Actual Rows": 836328, "Actual Loops": 1, "Plans": [{"Node Type": "Index Scan", "Parent Relationship": "Outer", "Parallel Aware": false, "Async Capable": false, "Scan Direction": "Forward", "Index Name": "idx_votes_postid", "Relation Name": "votes", "Alias": "v", "Startup Cost": 0.42, "Total Cost": 12794.42, "Plan Rows": 323706, "Plan Width": 4, "Actual Rows": 205416, "Actual Loops": 1, "Filter": "(creationdate <= '2014-08-29 18:33:37'::timestamp without time zone)", "Rows Removed by Filter": 852}]}]}]}]}]}]}]}, "Planning Time": 6.198, "Triggers": [], "Execution Time": 1258.376}, {"Plan": {"Node Type": "Aggregate", "Strategy": "Plain", "Partial Mode": "Simple", "Parallel Aware": false, "Async Capable": false, "Startup Cost": 23894.04, "Total Cost": 23894.05, "Plan Rows": 1, "Plan Width": 8, "Actual Rows": 1, "Actual Loops": 1, "Plans": [{"Node Type": "Hash Join", "Parent Relationship": "Outer", "Parallel Aware": false, "Async Capable": false, "Join Type": "Inner", "Startup Cost": 12198.47, "Total Cost": 23885.43, "Plan Rows": 11233.0, "Plan Width": 0, "Actual Rows": 317223, "Actual Loops": 1, "Inner Unique": false, "Hash Cond": "(pl.postid = p.id)", "Plans": [{"Node Type": "Nested Loop", "Parent Relationship": "Outer", "Parallel Aware": false, "Async Capable": false, "Join Type": "Inner", "Startup Cost": 0.43, "Total Cost": 11444.37, "Plan Rows": 3497.0, "Plan Width": 8, "Actual Rows": 36731, "Actual Loops": 1, "Inner Unique": false, "Plans": [{"Node Type": "Seq Scan", "Parent Relationship": "Outer", "Parallel Aware": false, "Async Capable": false, "Relation Name": "postlinks", "Alias": "pl", "Startup Cost": 0.0, "Total Cost": 248.53, "Plan Rows": 3409, "Plan Width": 4, "Actual Rows": 3715, "Actual Loops": 1, "Filter": "((creationdate <= '2013-01-25 07:45:44'::timestamp without time zone) AND (linktypeid = 1))", "Rows Removed by Filter": 7387}, {"Node Type": "Memoize", "Parent Relationship": "Inner", "Parallel Aware": false, "Async Capable": false, "Startup Cost": 0.43, "Total Cost": 3.48, "Plan Rows": 5, "Plan Width": 4, "Actual Rows": 10, "Actual Loops": 3715, "Cache Key": "pl.postid", "Cache Mode": "logical", "Cache Hits": 853, "Cache Misses": 2862, "Cache Evictions": 0, "Cache Overflows": 0, "Peak Memory Usage": 1114, "Plans": [{"Node Type": "Index Scan", "Parent Relationship": "Outer", "Parallel Aware": false, "Async Capable": false, "Scan Direction": "Forward", "Index Name": "idx_votes_postid", "Relation Name": "votes", "Alias": "v", "Startup Cost": 0.42, "Total Cost": 3.47, "Plan Rows": 5, "Plan Width": 4, "Actual Rows": 9, "Actual Loops": 2862, "Index Cond": "(postid = pl.postid)", "Rows Removed by Index Recheck": 0, "Filter": "(creationdate <= '2014-08-29 18:33:37'::timestamp without time zone)", "Rows Removed by Filter": 0}]}]}, {"Node Type": "Hash", "Parent Relationship": "Inner", "Parallel Aware": false, "Async Capable": false, "Startup Cost": 11868.58, "Total Cost": 11868.58, "Plan Rows": 2616.0, "Plan Width": 12, "Actual Rows": 60897, "Actual Loops": 1, "Hash Buckets": 65536, "Original Hash Buckets": 32768, "Hash Batches": 1, "Original Hash Batches": 1, "Peak Memory Usage": 3129, "Plans": [{"Node Type": "Nested Loop", "Parent Relationship": "Outer", "Parallel Aware": false, "Async Capable": false, "Join Type": "Inner", "Startup Cost": 2962.68, "Total Cost": 11868.58, "Plan Rows": 2616.0, "Plan Width": 12, "Actual Rows": 60897, "Actual Loops": 1, "Inner Unique": false, "Join Filter": "(p.id = ph.postid)", "Rows Removed by Join Filter": 0, "Plans": [{"Node Type": "Hash Join", "Parent Relationship": "Outer", "Parallel Aware": false, "Async Capable": false, "Join Type": "Inner", "Startup Cost": 2962.26, "Total Cost": 6942.45, "Plan Rows": 666.0, "Plan Width": 8, "Actual Rows": 8819, "Actual Loops": 1, "Inner Unique": true, "Hash Cond": "(c.postid = p.id)", "Plans": [{"Node Type": "Seq Scan", "Parent Relationship": "Outer", "Parallel Aware": false, "Async Capable": false, "Relation Name": "comments", "Alias": "c", "Startup Cost": 0.0, "Total Cost": 3522.81, "Plan Rows": 174231, "Plan Width": 4, "Actual Rows": 174277, "Actual Loops": 1, "Filter": "(creationdate >= '2009-05-26 23:45:17'::timestamp without time zone)", "Rows Removed by Filter": 28}, {"Node Type": "Hash", "Parent Relationship": "Inner", "Parallel Aware": false, "Async Capable": false, "Startup Cost": 2909.46, "Total Cost": 2909.46, "Plan Rows": 4224, "Plan Width": 4, "Actual Rows": 3182, "Actual Loops": 1, "Hash Buckets": 8192, "Original Hash Buckets": 8192, "Hash Batches": 1, "Original Hash Batches": 1, "Peak Memory Usage": 176, "Plans": [{"Node Type": "Seq Scan", "Parent Relationship": "Outer", "Parallel Aware": false, "Async Capable": false, "Relation Name": "posts", "Alias": "p", "Startup Cost": 0.0, "Total Cost": 2909.46, "Plan Rows": 4224, "Plan Width": 4, "Actual Rows": 3182, "Actual Loops": 1, "Filter": "((score <= 133) AND (favoritecount >= 2) AND (favoritecount <= 89) AND (creationdate >= '2011-12-26 21:35:06'::timestamp without time zone) AND (creationdate <= '2014-08-24 07:29:22'::timestamp without time zone))", "Rows Removed by Filter": 88794}]}]}, {"Node Type": "Index Scan", "Parent Relationship": "Inner", "Parallel Aware": false, "Async Capable": false, "Scan Direction": "Forward", "Index Name": "idx_posthistory_postid", "Relation Name": "posthistory", "Alias": "ph", "Startup Cost": 0.42, "Total Cost": 0.57, "Plan Rows": 4, "Plan Width": 4, "Actual Rows": 7, "Actual Loops": 8819, "Index Cond": "(postid = c.postid)", "Rows Removed by Index Recheck": 0, "Filter": "(creationdate >= '2009-09-01 13:58:12'::timestamp without time zone)", "Rows Removed by Filter": 0}]}]}]}]}, "Planning Time": 6.079, "Triggers": [], "Execution Time": 224.311}, {"Plan": {"Node Type": "Aggregate", "Strategy": "Plain", "Partial Mode": "Simple", "Parallel Aware": false, "Async Capable": false, "Startup Cost": 4357.37, "Total Cost": 4357.38, "Plan Rows": 1, "Plan Width": 8, "Actual Rows": 1, "Actual Loops": 1, "Plans": [{"Node Type": "Nested Loop", "Parent Relationship": "Outer", "Parallel Aware": false, "Async Capable": false, "Join Type": "Inner", "Startup Cost": 2963.53, "Total Cost": 4348.76, "Plan Rows": 11233.0, "Plan Width": 0, "Actual Rows": 317223, "Actual Loops": 1, "Inner Unique": false, "Join Filter": "(p.id = ph.postid)", "Rows Removed by Join Filter": 0, "Plans": [{"Node Type": "Nested Loop", "Parent Relationship": "Outer", "Parallel Aware": false, "Async Capable": false, "Join Type": "Inner", "Startup Cost": 2963.1, "Total Cost": 3735.9, "Plan Rows": 3808.0, "Plan Width": 16, "Actual Rows": 45374, "Actual Loops": 1, "Inner Unique": false, "Join Filter": "(p.id = v.postid)", "Rows Removed by Join Filter": 0, "Plans": [{"Node Type": "Nested Loop", "Parent Relationship": "Outer", "Parallel Aware": false, "Async Capable": false, "Join Type": "Inner", "Startup Cost": 2962.68, "Total Cost": 3544.08, "Plan Rows": 139.0, "Plan Width": 12, "Actual Rows": 2263, "Actual Loops": 1, "Inner Unique": false, "Plans": [{"Node Type": "Hash Join", "Parent Relationship": "Outer", "Parallel Aware": false, "Async Capable": false, "Join Type": "Inner", "Startup Cost": 2962.26, "Total Cost": 3219.74, "Plan Rows": 39.0, "Plan Width": 8, "Actual Rows": 596, "Actual Loops": 1, "Inner Unique": true, "Hash Cond": "(pl.postid = p.id)", "Plans": [{"Node Type": "Seq Scan", "Parent Relationship": "Outer", "Parallel Aware": false, "Async Capable": false, "Relation Name": "postlinks", "Alias": "pl", "Startup Cost": 0.0, "Total Cost": 248.53, "Plan Rows": 3409, "Plan Width": 4, "Actual Rows": 3715, "Actual Loops": 1, "Filter": "((creationdate <= '2013-01-25 07:45:44'::timestamp without time zone) AND (linktypeid = 1))", "Rows Removed by Filter": 7387}, {"Node Type": "Hash", "Parent Relationship": "Inner", "Parallel Aware": false, "Async Capable": false, "Startup Cost": 2909.46, "Total Cost": 2909.46, "Plan Rows": 4224, "Plan Width": 4, "Actual Rows": 3182, "Actual Loops": 1, "Hash Buckets": 8192, "Original Hash Buckets": 8192, "Hash Batches": 1, "Original Hash Batches": 1, "Peak Memory Usage": 176, "Plans": [{"Node Type": "Seq Scan", "Parent Relationship": "Outer", "Parallel Aware": false, "Async Capable": false, "Relation Name": "posts", "Alias": "p", "Startup Cost": 0.0, "Total Cost": 2909.46, "Plan Rows": 4224, "Plan Width": 4, "Actual Rows": 3182, "Actual Loops": 1, "Filter": "((score <= 133) AND (favoritecount >= 2) AND (favoritecount <= 89) AND (creationdate >= '2011-12-26 21:35:06'::timestamp without time zone) AND (creationdate <= '2014-08-24 07:29:22'::timestamp without time zone))", "Rows Removed by Filter": 88794}]}]}, {"Node Type": "Index Scan", "Parent Relationship": "Inner", "Parallel Aware": false, "Async Capable": false, "Scan Direction": "Forward", "Index Name": "idx_comments_postid", "Relation Name": "comments", "Alias": "c", "Startup Cost": 0.42, "Total Cost": 2.04, "Plan Rows": 3, "Plan Width": 4, "Actual Rows": 4, "Actual Loops": 596, "Index Cond": "(postid = p.id)", "Rows Removed by Index Recheck": 0, "Filter": "(creationdate >= '2009-05-26 23:45:17'::timestamp without time zone)", "Rows Removed by Filter": 0}]}, {"Node Type": "Index Scan", "Parent Relationship": "Inner", "Parallel Aware": false, "Async Capable": false, "Scan Direction": "Forward", "Index Name": "idx_votes_postid", "Relation Name": "votes", "Alias": "v", "Startup Cost": 0.42, "Total Cost": 0.58, "Plan Rows": 5, "Plan Width": 4, "Actual Rows": 20, "Actual Loops": 2263, "Index Cond": "(postid = c.postid)", "Rows Removed by Index Recheck": 0, "Filter": "(creationdate <= '2014-08-29 18:33:37'::timestamp without time zone)", "Rows Removed by Filter": 0}]}, {"Node Type": "Index Scan", "Parent Relationship": "Inner", "Parallel Aware": false, "Async Capable": false, "Scan Direction": "Forward", "Index Name": "idx_posthistory_postid", "Relation Name": "posthistory", "Alias": "ph", "Startup Cost": 0.42, "Total Cost": 0.54, "Plan Rows": 4, "Plan Width": 4, "Actual Rows": 7, "Actual Loops": 45374, "Index Cond": "(postid = v.postid)", "Rows Removed by Index Recheck": 0, "Filter": "(creationdate >= '2009-09-01 13:58:12'::timestamp without time zone)", "Rows Removed by Filter": 0}]}]}, "Planning Time": 5.612, "Triggers": [], "Execution Time": 147.558}, {"Plan": {"Node Type": "Aggregate", "Strategy": "Plain", "Partial Mode": "Simple", "Parallel Aware": false, "Async Capable": false, "Startup Cost": 4341.88, "Total Cost": 4341.89, "Plan Rows": 1, "Plan Width": 8, "Actual Rows": 1, "Actual Loops": 1, "Plans": [{"Node Type": "Nested Loop", "Parent Relationship": "Outer", "Parallel Aware": false, "Async Capable": false, "Join Type": "Inner", "Startup Cost": 2963.53, "Total Cost": 4333.28, "Plan Rows": 11233.0, "Plan Width": 0, "Actual Rows": 317223, "Actual Loops": 1, "Inner Unique": false, "Join Filter": "(p.id = v.postid)", "Rows Removed by Join Filter": 0, "Plans": [{"Node Type": "Nested Loop", "Parent Relationship": "Outer", "Parallel Aware": false, "Async Capable": false, "Join Type": "Inner", "Startup Cost": 2963.1, "Total Cost": 3726.92, "Plan Rows": 381.0, "Plan Width": 16, "Actual Rows": 15112, "Actual Loops": 1, "Inner Unique": false, "Join Filter": "(p.id = ph.postid)", "Rows Removed by Join Filter": 0, "Plans": [{"Node Type": "Nested Loop", "Parent Relationship": "Outer", "Parallel Aware": false, "Async Capable": false, "Join Type": "Inner", "Startup Cost": 2962.68, "Total Cost": 3544.08, "Plan Rows": 139.0, "Plan Width": 12, "Actual Rows": 2263, "Actual Loops": 1, "Inner Unique": false, "Plans": [{"Node Type": "Hash Join", "Parent Relationship": "Outer", "Parallel Aware": false, "Async Capable": false, "Join Type": "Inner", "Startup Cost": 2962.26, "Total Cost": 3219.74, "Plan Rows": 39.0, "Plan Width": 8, "Actual Rows": 596, "Actual Loops": 1, "Inner Unique": true, "Hash Cond": "(pl.postid = p.id)", "Plans": [{"Node Type": "Seq Scan", "Parent Relationship": "Outer", "Parallel Aware": false, "Async Capable": false, "Relation Name": "postlinks", "Alias": "pl", "Startup Cost": 0.0, "Total Cost": 248.53, "Plan Rows": 3409, "Plan Width": 4, "Actual Rows": 3715, "Actual Loops": 1, "Filter": "((creationdate <= '2013-01-25 07:45:44'::timestamp without time zone) AND (linktypeid = 1))", "Rows Removed by Filter": 7387}, {"Node Type": "Hash", "Parent Relationship": "Inner", "Parallel Aware": false, "Async Capable": false, "Startup Cost": 2909.46, "Total Cost": 2909.46, "Plan Rows": 4224, "Plan Width": 4, "Actual Rows": 3182, "Actual Loops": 1, "Hash Buckets": 8192, "Original Hash Buckets": 8192, "Hash Batches": 1, "Original Hash Batches": 1, "Peak Memory Usage": 176, "Plans": [{"Node Type": "Seq Scan", "Parent Relationship": "Outer", "Parallel Aware": false, "Async Capable": false, "Relation Name": "posts", "Alias": "p", "Startup Cost": 0.0, "Total Cost": 2909.46, "Plan Rows": 4224, "Plan Width": 4, "Actual Rows": 3182, "Actual Loops": 1, "Filter": "((score <= 133) AND (favoritecount >= 2) AND (favoritecount <= 89) AND (creationdate >= '2011-12-26 21:35:06'::timestamp without time zone) AND (creationdate <= '2014-08-24 07:29:22'::timestamp without time zone))", "Rows Removed by Filter": 88794}]}]}, {"Node Type": "Index Scan", "Parent Relationship": "Inner", "Parallel Aware": false, "Async Capable": false, "Scan Direction": "Forward", "Index Name": "idx_comments_postid", "Relation Name": "comments", "Alias": "c", "Startup Cost": 0.42, "Total Cost": 2.04, "Plan Rows": 3, "Plan Width": 4, "Actual Rows": 4, "Actual Loops": 596, "Index Cond": "(postid = p.id)", "Rows Removed by Index Recheck": 0, "Filter": "(creationdate >= '2009-05-26 23:45:17'::timestamp without time zone)", "Rows Removed by Filter": 0}]}, {"Node Type": "Index Scan", "Parent Relationship": "Inner", "Parallel Aware": false, "Async Capable": false, "Scan Direction": "Forward", "Index Name": "idx_posthistory_postid", "Relation Name": "posthistory", "Alias": "ph", "Startup Cost": 0.42, "Total Cost": 0.57, "Plan Rows": 4, "Plan Width": 4, "Actual Rows": 7, "Actual Loops": 2263, "Index Cond": "(postid = c.postid)", "Rows Removed by Index Recheck": 0, "Filter": "(creationdate >= '2009-09-01 13:58:12'::timestamp without time zone)", "Rows Removed by Filter": 0}]}, {"Node Type": "Index Scan", "Parent Relationship": "Inner", "Parallel Aware": false, "Async Capable": false, "Scan Direction": "Forward", "Index Name": "idx_votes_postid", "Relation Name": "votes", "Alias": "v", "Startup Cost": 0.42, "Total Cost": 0.56, "Plan Rows": 5, "Plan Width": 4, "Actual Rows": 21, "Actual Loops": 15112, "Index Cond": "(postid = ph.postid)", "Rows Removed by Index Recheck": 0, "Filter": "(creationdate <= '2014-08-29 18:33:37'::timestamp without time zone)", "Rows Removed by Filter": 0}]}]}, "Planning Time": 5.32, "Triggers": [], "Execution Time": 116.558}, {"Plan": {"Node Type": "Aggregate", "Strategy": "Plain", "Partial Mode": "Simple", "Parallel Aware": false, "Async Capable": false, "Startup Cost": 33268.77, "Total Cost": 33268.78, "Plan Rows": 1, "Plan Width": 8, "Actual Rows": 1, "Actual Loops": 1, "Plans": [{"Node Type": "Merge Join", "Parent Relationship": "Outer", "Parallel Aware": false, "Async Capable": false, "Join Type": "Inner", "Startup Cost": 3727.84, "Total Cost": 33260.17, "Plan Rows": 11233.0, "Plan Width": 0, "Actual Rows": 317223, "Actual Loops": 1, "Inner Unique": false, "Merge Cond": "(p.id = c.postid)", "Plans": [{"Node Type": "Sort", "Parent Relationship": "Outer", "Parallel Aware": false, "Async Capable": false, "Startup Cost": 3726.99, "Total Cost": 3728.38, "Plan Rows": 1228.0, "Plan Width": 12, "Actual Rows": 10803, "Actual Loops": 1, "Sort Key": ["p.id"], "Sort Method": "quicksort", "Sort Space Used": 806, "Sort Space Type": "Memory", "Plans": [{"Node Type": "Nested Loop", "Parent Relationship": "Outer", "Parallel Aware": false, "Async Capable": false, "Join Type": "Inner", "Startup Cost": 2962.68, "Total Cost": 3701.8, "Plan Rows": 1228.0, "Plan Width": 12, "Actual Rows": 10803, "Actual Loops": 1, "Inner Unique": false, "Plans": [{"Node Type": "Hash Join", "Parent Relationship": "Outer", "Parallel Aware": false, "Async Capable": false, "Join Type": "Inner", "Startup Cost": 2962.26, "Total Cost": 3219.74, "Plan Rows": 39.0, "Plan Width": 8, "Actual Rows": 596, "Actual Loops": 1, "Inner Unique": true, "Hash Cond": "(pl.postid = p.id)", "Plans": [{"Node Type": "Seq Scan", "Parent Relationship": "Outer", "Parallel Aware": false, "Async Capable": false, "Relation Name": "postlinks", "Alias": "pl", "Startup Cost": 0.0, "Total Cost": 248.53, "Plan Rows": 3409, "Plan Width": 4, "Actual Rows": 3715, "Actual Loops": 1, "Filter": "((creationdate <= '2013-01-25 07:45:44'::timestamp without time zone) AND (linktypeid = 1))", "Rows Removed by Filter": 7387}, {"Node Type": "Hash", "Parent Relationship": "Inner", "Parallel Aware": false, "Async Capable": false, "Startup Cost": 2909.46, "Total Cost": 2909.46, "Plan Rows": 4224, "Plan Width": 4, "Actual Rows": 3182, "Actual Loops": 1, "Hash Buckets": 8192, "Original Hash Buckets": 8192, "Hash Batches": 1, "Original Hash Batches": 1, "Peak Memory Usage": 176, "Plans": [{"Node Type": "Seq Scan", "Parent Relationship": "Outer", "Parallel Aware": false, "Async Capable": false, "Relation Name": "posts", "Alias": "p", "Startup Cost": 0.0, "Total Cost": 2909.46, "Plan Rows": 4224, "Plan Width": 4, "Actual Rows": 3182, "Actual Loops": 1, "Filter": "((score <= 133) AND (favoritecount >= 2) AND (favoritecount <= 89) AND (creationdate >= '2011-12-26 21:35:06'::timestamp without time zone) AND (creationdate <= '2014-08-24 07:29:22'::timestamp without time zone))", "Rows Removed by Filter": 88794}]}]}, {"Node Type": "Index Scan", "Parent Relationship": "Inner", "Parallel Aware": false, "Async Capable": false, "Scan Direction": "Forward", "Index Name": "idx_votes_postid", "Relation Name": "votes", "Alias": "v", "Startup Cost": 0.42, "Total Cost": 3.02, "Plan Rows": 5, "Plan Width": 4, "Actual Rows": 18, "Actual Loops": 596, "Index Cond": "(postid = p.id)", "Rows Removed by Index Recheck": 0, "Filter": "(creationdate <= '2014-08-29 18:33:37'::timestamp without time zone)", "Rows Removed by Filter": 0}]}]}, {"Node Type": "Materialize", "Parent Relationship": "Inner", "Parallel Aware": false, "Async Capable": false, "Startup Cost": 0.84, "Total Cost": 27819.43, "Plan Rows": 7819.0, "Plan Width": 8, "Actual Rows": 623880, "Actual Loops": 1, "Plans": [{"Node Type": "Merge Join", "Parent Relationship": "Outer", "Parallel Aware": false, "Async Capable": false, "Join Type": "Inner", "Startup Cost": 0.84, "Total Cost": 26148.63, "Plan Rows": 7819.0, "Plan Width": 8, "Actual Rows": 316090, "Actual Loops": 1, "Inner Unique": false, "Merge Cond": "(c.postid = ph.postid)", "Plans": [{"Node Type": "Index Scan", "Parent Relationship": "Outer", "Parallel Aware": false, "Async Capable": false, "Scan Direction": "Forward", "Index Name": "idx_comments_postid", "Relation Name": "comments", "Alias": "c", "Startup Cost": 0.42, "Total Cost": 5857.0, "Plan Rows": 174231, "Plan Width": 4, "Actual Rows": 80456, "Actual Loops": 1, "Filter": "(creationdate >= '2009-05-26 23:45:17'::timestamp without time zone)", "Rows Removed by Filter": 28}, {"Node Type": "Materialize", "Parent Relationship": "Inner", "Parallel Aware": false, "Async Capable": false, "Startup Cost": 0.42, "Total Cost": 10588.84, "Plan Rows": 302948, "Plan Width": 4, "Actual Rows": 359131, "Actual Loops": 1, "Plans": [{"Node Type": "Index Scan", "Parent Relationship": "Outer", "Parallel Aware": false, "Async Capable": false, "Scan Direction": "Forward", "Index Name": "idx_posthistory_postid", "Relation Name": "posthistory", "Alias": "ph", "Startup Cost": 0.42, "Total Cost": 9831.47, "Plan Rows": 302948, "Plan Width": 4, "Actual Rows": 129889, "Actual Loops": 1, "Filter": "(creationdate >= '2009-09-01 13:58:12'::timestamp without time zone)", "Rows Removed by Filter": 20}]}]}]}]}]}, "Planning Time": 5.908, "Triggers": [], "Execution Time": 317.176}, {"Plan": {"Node Type": "Aggregate", "Strategy": "Plain", "Partial Mode": "Finalize", "Parallel Aware": false, "Async Capable": false, "Startup Cost": 39078.43, "Total Cost": 39078.44, "Plan Rows": 1, "Plan Width": 8, "Actual Rows": 1, "Actual Loops": 1, "Plans": [{"Node Type": "Gather", "Parent Relationship": "Outer", "Parallel Aware": false, "Async Capable": false, "Startup Cost": 39078.32, "Total Cost": 39078.43, "Plan Rows": 1, "Plan Width": 8, "Actual Rows": 2, "Actual Loops": 1, "Workers Planned": 1, "Workers Launched": 1, "Single Copy": false, "Plans": [{"Node Type": "Aggregate", "Strategy": "Plain", "Partial Mode": "Partial", "Parent Relationship": "Outer", "Parallel Aware": false, "Async Capable": false, "Startup Cost": 38078.32, "Total Cost": 38078.33, "Plan Rows": 1, "Plan Width": 8, "Actual Rows": 1, "Actual Loops": 2, "Workers": [], "Plans": [{"Node Type": "Merge Join", "Parent Relationship": "Outer", "Parallel Aware": false, "Async Capable": false, "Join Type": "Inner", "Startup Cost": 3557.12, "Total Cost": 38073.26, "Plan Rows": 11233.0, "Plan Width": 0, "Actual Rows": 158612, "Actual Loops": 2, "Inner Unique": false, "Merge Cond": "(ph.postid = p.id)", "Workers": [], "Plans": [{"Node Type": "Merge Join", "Parent Relationship": "Outer", "Parallel Aware": false, "Async Capable": false, "Join Type": "Inner", "Startup Cost": 0.84, "Total Cost": 32628.15, "Plan Rows": 58284.0, "Plan Width": 8, "Actual Rows": 418164, "Actual Loops": 2, "Inner Unique": false, "Merge Cond": "(ph.postid = v.postid)", "Workers": [], "Plans": [{"Node Type": "Index Scan", "Parent Relationship": "Outer", "Parallel Aware": true, "Async Capable": false, "Scan Direction": "Forward", "Index Name": "idx_posthistory_postid", "Relation Name": "posthistory", "Alias": "ph", "Startup Cost": 0.42, "Total Cost": 8270.95, "Plan Rows": 178205, "Plan Width": 4, "Actual Rows": 64945, "Actual Loops": 2, "Filter": "(creationdate >= '2009-09-01 13:58:12'::timestamp without time zone)", "Rows Removed by Filter": 10, "Workers": []}, {"Node Type": "Materialize", "Parent Relationship": "Inner", "Parallel Aware": false, "Async Capable": false, "Startup Cost": 0.42, "Total Cost": 13603.68, "Plan Rows": 323706, "Plan Width": 4, "Actual Rows": 521074, "Actual Loops": 2, "Workers": [], "Plans": [{"Node Type": "Index Scan", "Parent Relationship": "Outer", "Parallel Aware": false, "Async Capable": false, "Scan Direction": "Forward", "Index Name": "idx_votes_postid", "Relation Name": "votes", "Alias": "v", "Startup Cost": 0.42, "Total Cost": 12794.42, "Plan Rows": 323706, "Plan Width": 4, "Actual Rows": 205618, "Actual Loops": 2, "Filter": "(creationdate <= '2014-08-29 18:33:37'::timestamp without time zone)", "Rows Removed by Filter": 853, "Workers": []}]}]}, {"Node Type": "Sort", "Parent Relationship": "Inner", "Parallel Aware": false, "Async Capable": false, "Startup Cost": 3556.28, "Total Cost": 3557.02, "Plan Rows": 139.0, "Plan Width": 12, "Actual Rows": 159728, "Actual Loops": 2, "Sort Key": ["c.postid"], "Sort Method": "quicksort", "Sort Space Used": 185, "Sort Space Type": "Memory", "Workers": [{"Worker Number": 0, "Sort Method": "quicksort", "Sort Space Used": 185, "Sort Space Type": "Memory"}], "Plans": [{"Node Type": "Nested Loop", "Parent Relationship": "Outer", "Parallel Aware": false, "Async Capable": false, "Join Type": "Inner", "Startup Cost": 2962.68, "Total Cost": 3544.08, "Plan Rows": 139.0, "Plan Width": 12, "Actual Rows": 2263, "Actual Loops": 2, "Inner Unique": false, "Workers": [], "Plans": [{"Node Type": "Hash Join", "Parent Relationship": "Outer", "Parallel Aware": false, "Async Capable": false, "Join Type": "Inner", "Startup Cost": 2962.26, "Total Cost": 3219.74, "Plan Rows": 39.0, "Plan Width": 8, "Actual Rows": 596, "Actual Loops": 2, "Inner Unique": true, "Hash Cond": "(pl.postid = p.id)", "Workers": [], "Plans": [{"Node Type": "Seq Scan", "Parent Relationship": "Outer", "Parallel Aware": false, "Async Capable": false, "Relation Name": "postlinks", "Alias": "pl", "Startup Cost": 0.0, "Total Cost": 248.53, "Plan Rows": 3409, "Plan Width": 4, "Actual Rows": 3715, "Actual Loops": 2, "Filter": "((creationdate <= '2013-01-25 07:45:44'::timestamp without time zone) AND (linktypeid = 1))", "Rows Removed by Filter": 7387, "Workers": []}, {"Node Type": "Hash", "Parent Relationship": "Inner", "Parallel Aware": false, "Async Capable": false, "Startup Cost": 2909.46, "Total Cost": 2909.46, "Plan Rows": 4224, "Plan Width": 4, "Actual Rows": 3182, "Actual Loops": 2, "Hash Buckets": 8192, "Original Hash Buckets": 8192, "Hash Batches": 1, "Original Hash Batches": 1, "Peak Memory Usage": 176, "Workers": [], "Plans": [{"Node Type": "Seq Scan", "Parent Relationship": "Outer", "Parallel Aware": false, "Async Capable": false, "Relation Name": "posts", "Alias": "p", "Startup Cost": 0.0, "Total Cost": 2909.46, "Plan Rows": 4224, "Plan Width": 4, "Actual Rows": 3182, "Actual Loops": 2, "Filter": "((score <= 133) AND (favoritecount >= 2) AND (favoritecount <= 89) AND (creationdate >= '2011-12-26 21:35:06'::timestamp without time zone) AND (creationdate <= '2014-08-24 07:29:22'::timestamp without time zone))", "Rows Removed by Filter": 88794, "Workers": []}]}]}, {"Node Type": "Index Scan", "Parent Relationship": "Inner", "Parallel Aware": false, "Async Capable": false, "Scan Direction": "Forward", "Index Name": "idx_comments_postid", "Relation Name": "comments", "Alias": "c", "Startup Cost": 0.42, "Total Cost": 2.04, "Plan Rows": 3, "Plan Width": 4, "Actual Rows": 4, "Actual Loops": 1192, "Index Cond": "(postid = p.id)", "Rows Removed by Index Recheck": 0, "Filter": "(creationdate >= '2009-05-26 23:45:17'::timestamp without time zone)", "Rows Removed by Filter": 0, "Workers": []}]}]}]}]}]}]}, "Planning Time": 11.265, "Triggers": [], "Execution Time": 374.757}, {"Plan": {"Node Type": "Aggregate", "Strategy": "Plain", "Partial Mode": "Finalize", "Parallel Aware": false, "Async Capable": false, "Startup Cost": 10050.86, "Total Cost": 10050.87, "Plan Rows": 1, "Plan Width": 8, "Actual Rows": 1, "Actual Loops": 1, "Plans": [{"Node Type": "Gather", "Parent Relationship": "Outer", "Parallel Aware": false, "Async Capable": false, "Startup Cost": 10050.75, "Total Cost": 10050.86, "Plan Rows": 1, "Plan Width": 8, "Actual Rows": 2, "Actual Loops": 1, "Workers Planned": 1, "Workers Launched": 1, "Single Copy": false, "Plans": [{"Node Type": "Aggregate", "Strategy": "Plain", "Partial Mode": "Partial", "Parent Relationship": "Outer", "Parallel Aware": false, "Async Capable": false, "Startup Cost": 9050.75, "Total Cost": 9050.76, "Plan Rows": 1, "Plan Width": 8, "Actual Rows": 1, "Actual Loops": 2, "Workers": [], "Plans": [{"Node Type": "Hash Join", "Parent Relationship": "Outer", "Parallel Aware": false, "Async Capable": false, "Join Type": "Inner", "Startup Cost": 3739.14, "Total Cost": 9045.68, "Plan Rows": 11233.0, "Plan Width": 0, "Actual Rows": 158612, "Actual Loops": 2, "Inner Unique": false, "Hash Cond": "(v.postid = p.id)", "Workers": [], "Plans": [{"Node Type": "Seq Scan", "Parent Relationship": "Outer", "Parallel Aware": true, "Async Capable": false, "Relation Name": "votes", "Alias": "v", "Startup Cost": 0.0, "Total Cost": 4572.24, "Plan Rows": 190415, "Plan Width": 4, "Actual Rows": 161846, "Actual Loops": 2, "Filter": "(creationdate <= '2014-08-29 18:33:37'::timestamp without time zone)", "Rows Removed by Filter": 2186, "Workers": []}, {"Node Type": "Hash", "Parent Relationship": "Inner", "Parallel Aware": false, "Async Capable": false, "Startup Cost": 3726.92, "Total Cost": 3726.92, "Plan Rows": 381.0, "Plan Width": 16, "Actual Rows": 15112, "Actual Loops": 2, "Hash Buckets": 16384, "Original Hash Buckets": 1024, "Hash Batches": 1, "Original Hash Batches": 1, "Peak Memory Usage": 837, "Workers": [], "Plans": [{"Node Type": "Nested Loop", "Parent Relationship": "Outer", "Parallel Aware": false, "Async Capable": false, "Join Type": "Inner", "Startup Cost": 2963.1, "Total Cost": 3726.92, "Plan Rows": 381.0, "Plan Width": 16, "Actual Rows": 15112, "Actual Loops": 2, "Inner Unique": false, "Join Filter": "(p.id = ph.postid)", "Rows Removed by Join Filter": 0, "Workers": [], "Plans": [{"Node Type": "Nested Loop", "Parent Relationship": "Outer", "Parallel Aware": false, "Async Capable": false, "Join Type": "Inner", "Startup Cost": 2962.68, "Total Cost": 3544.08, "Plan Rows": 139.0, "Plan Width": 12, "Actual Rows": 2263, "Actual Loops": 2, "Inner Unique": false, "Workers": [], "Plans": [{"Node Type": "Hash Join", "Parent Relationship": "Outer", "Parallel Aware": false, "Async Capable": false, "Join Type": "Inner", "Startup Cost": 2962.26, "Total Cost": 3219.74, "Plan Rows": 39.0, "Plan Width": 8, "Actual Rows": 596, "Actual Loops": 2, "Inner Unique": true, "Hash Cond": "(pl.postid = p.id)", "Workers": [], "Plans": [{"Node Type": "Seq Scan", "Parent Relationship": "Outer", "Parallel Aware": false, "Async Capable": false, "Relation Name": "postlinks", "Alias": "pl", "Startup Cost": 0.0, "Total Cost": 248.53, "Plan Rows": 3409, "Plan Width": 4, "Actual Rows": 3715, "Actual Loops": 2, "Filter": "((creationdate <= '2013-01-25 07:45:44'::timestamp without time zone) AND (linktypeid = 1))", "Rows Removed by Filter": 7387, "Workers": []}, {"Node Type": "Hash", "Parent Relationship": "Inner", "Parallel Aware": false, "Async Capable": false, "Startup Cost": 2909.46, "Total Cost": 2909.46, "Plan Rows": 4224, "Plan Width": 4, "Actual Rows": 3182, "Actual Loops": 2, "Hash Buckets": 8192, "Original Hash Buckets": 8192, "Hash Batches": 1, "Original Hash Batches": 1, "Peak Memory Usage": 176, "Workers": [], "Plans": [{"Node Type": "Seq Scan", "Parent Relationship": "Outer", "Parallel Aware": false, "Async Capable": false, "Relation Name": "posts", "Alias": "p", "Startup Cost": 0.0, "Total Cost": 2909.46, "Plan Rows": 4224, "Plan Width": 4, "Actual Rows": 3182, "Actual Loops": 2, "Filter": "((score <= 133) AND (favoritecount >= 2) AND (favoritecount <= 89) AND (creationdate >= '2011-12-26 21:35:06'::timestamp without time zone) AND (creationdate <= '2014-08-24 07:29:22'::timestamp without time zone))", "Rows Removed by Filter": 88794, "Workers": []}]}]}, {"Node Type": "Index Scan", "Parent Relationship": "Inner", "Parallel Aware": false, "Async Capable": false, "Scan Direction": "Forward", "Index Name": "idx_comments_postid", "Relation Name": "comments", "Alias": "c", "Startup Cost": 0.42, "Total Cost": 2.04, "Plan Rows": 3, "Plan Width": 4, "Actual Rows": 4, "Actual Loops": 1192, "Index Cond": "(postid = p.id)", "Rows Removed by Index Recheck": 0, "Filter": "(creationdate >= '2009-05-26 23:45:17'::timestamp without time zone)", "Rows Removed by Filter": 0, "Workers": []}]}, {"Node Type": "Index Scan", "Parent Relationship": "Inner", "Parallel Aware": false, "Async Capable": false, "Scan Direction": "Forward", "Index Name": "idx_posthistory_postid", "Relation Name": "posthistory", "Alias": "ph", "Startup Cost": 0.42, "Total Cost": 0.57, "Plan Rows": 4, "Plan Width": 4, "Actual Rows": 7, "Actual Loops": 4526, "Index Cond": "(postid = c.postid)", "Rows Removed by Index Recheck": 0, "Filter": "(creationdate >= '2009-09-01 13:58:12'::timestamp without time zone)", "Rows Removed by Filter": 0, "Workers": []}]}]}]}]}]}]}, "Planning Time": 11.725, "Triggers": [], "Execution Time": 93.315}, {"Plan": {"Node Type": "Aggregate", "Strategy": "Plain", "Partial Mode": "Simple", "Parallel Aware": false, "Async Capable": false, "Startup Cost": 26041.88, "Total Cost": 26041.89, "Plan Rows": 1, "Plan Width": 8, "Actual Rows": 1, "Actual Loops": 1, "Plans": [{"Node Type": "Hash Join", "Parent Relationship": "Outer", "Parallel Aware": false, "Async Capable": false, "Join Type": "Inner", "Startup Cost": 16859.59, "Total Cost": 26033.28, "Plan Rows": 11233.0, "Plan Width": 0, "Actual Rows": 317223, "Actual Loops": 1, "Inner Unique": false, "Hash Cond": "(pl.postid = p.id)", "Plans": [{"Node Type": "Nested Loop", "Parent Relationship": "Outer", "Parallel Aware": false, "Async Capable": false, "Join Type": "Inner", "Startup Cost": 9817.11, "Total Cost": 18561.82, "Plan Rows": 9427.0, "Plan Width": 12, "Actual Rows": 247530, "Actual Loops": 1, "Inner Unique": false, "Join Filter": "(pl.postid = v.postid)", "Rows Removed by Join Filter": 0, "Plans": [{"Node Type": "Hash Join", "Parent Relationship": "Outer", "Parallel Aware": false, "Async Capable": false, "Join Type": "Inner", "Startup Cost": 9816.69, "Total Cost": 10384.6, "Plan Rows": 414.0, "Plan Width": 8, "Actual Rows": 22575, "Actual Loops": 1, "Inner Unique": false, "Hash Cond": "(pl.postid = ph.postid)", "Plans": [{"Node Type": "Seq Scan", "Parent Relationship": "Outer", "Parallel Aware": false, "Async Capable": false, "Relation Name": "postlinks", "Alias": "pl", "Startup Cost": 0.0, "Total Cost": 248.53, "Plan Rows": 3409, "Plan Width": 4, "Actual Rows": 3715, "Actual Loops": 1, "Filter": "((creationdate <= '2013-01-25 07:45:44'::timestamp without time zone) AND (linktypeid = 1))", "Rows Removed by Filter": 7387}, {"Node Type": "Hash", "Parent Relationship": "Inner", "Parallel Aware": false, "Async Capable": false, "Startup Cost": 6029.84, "Total Cost": 6029.84, "Plan Rows": 302948, "Plan Width": 4, "Actual Rows": 303167, "Actual Loops": 1, "Hash Buckets": 524288, "Original Hash Buckets": 524288, "Hash Batches": 1, "Original Hash Batches": 1, "Peak Memory Usage": 14755, "Plans": [{"Node Type": "Seq Scan", "Parent Relationship": "Outer", "Parallel Aware": false, "Async Capable": false, "Relation Name": "posthistory", "Alias": "ph", "Startup Cost": 0.0, "Total Cost": 6029.84, "Plan Rows": 302948, "Plan Width": 4, "Actual Rows": 303167, "Actual Loops": 1, "Filter": "(creationdate >= '2009-09-01 13:58:12'::timestamp without time zone)", "Rows Removed by Filter": 20}]}]}, {"Node Type": "Index Scan", "Parent Relationship": "Inner", "Parallel Aware": false, "Async Capable": false, "Scan Direction": "Forward", "Index Name": "idx_votes_postid", "Relation Name": "votes", "Alias": "v", "Startup Cost": 0.42, "Total Cost": 0.56, "Plan Rows": 5, "Plan Width": 4, "Actual Rows": 11, "Actual Loops": 22575, "Index Cond": "(postid = ph.postid)", "Rows Removed by Index Recheck": 0, "Filter": "(creationdate <= '2014-08-29 18:33:37'::timestamp without time zone)", "Rows Removed by Filter": 0}]}, {"Node Type": "Hash", "Parent Relationship": "Inner", "Parallel Aware": false, "Async Capable": false, "Startup Cost": 6942.45, "Total Cost": 6942.45, "Plan Rows": 666.0, "Plan Width": 8, "Actual Rows": 8819, "Actual Loops": 1, "Hash Buckets": 16384, "Original Hash Buckets": 8192, "Hash Batches": 1, "Original Hash Batches": 1, "Peak Memory Usage": 473, "Plans": [{"Node Type": "Hash Join", "Parent Relationship": "Outer", "Parallel Aware": false, "Async Capable": false, "Join Type": "Inner", "Startup Cost": 2962.26, "Total Cost": 6942.45, "Plan Rows": 666.0, "Plan Width": 8, "Actual Rows": 8819, "Actual Loops": 1, "Inner Unique": true, "Hash Cond": "(c.postid = p.id)", "Plans": [{"Node Type": "Seq Scan", "Parent Relationship": "Outer", "Parallel Aware": false, "Async Capable": false, "Relation Name": "comments", "Alias": "c", "Startup Cost": 0.0, "Total Cost": 3522.81, "Plan Rows": 174231, "Plan Width": 4, "Actual Rows": 174277, "Actual Loops": 1, "Filter": "(creationdate >= '2009-05-26 23:45:17'::timestamp without time zone)", "Rows Removed by Filter": 28}, {"Node Type": "Hash", "Parent Relationship": "Inner", "Parallel Aware": false, "Async Capable": false, "Startup Cost": 2909.46, "Total Cost": 2909.46, "Plan Rows": 4224, "Plan Width": 4, "Actual Rows": 3182, "Actual Loops": 1, "Hash Buckets": 8192, "Original Hash Buckets": 8192, "Hash Batches": 1, "Original Hash Batches": 1, "Peak Memory Usage": 176, "Plans": [{"Node Type": "Seq Scan", "Parent Relationship": "Outer", "Parallel Aware": false, "Async Capable": false, "Relation Name": "posts", "Alias": "p", "Startup Cost": 0.0, "Total Cost": 2909.46, "Plan Rows": 4224, "Plan Width": 4, "Actual Rows": 3182, "Actual Loops": 1, "Filter": "((score <= 133) AND (favoritecount >= 2) AND (favoritecount <= 89) AND (creationdate >= '2011-12-26 21:35:06'::timestamp without time zone) AND (creationdate <= '2014-08-24 07:29:22'::timestamp without time zone))", "Rows Removed by Filter": 88794}]}]}]}]}]}, "Planning Time": 6.115, "Triggers": [], "Execution Time": 394.257}, {"Plan": {"Node Type": "Aggregate", "Strategy": "Plain", "Partial Mode": "Simple", "Parallel Aware": false, "Async Capable": false, "Startup Cost": 5012.25, "Total Cost": 5012.26, "Plan Rows": 1, "Plan Width": 8, "Actual Rows": 1, "Actual Loops": 1, "Plans": [{"Node Type": "Nested Loop", "Parent Relationship": "Outer", "Parallel Aware": false, "Async Capable": false, "Join Type": "Inner", "Startup Cost": 2963.53, "Total Cost": 5003.65, "Plan Rows": 11233.0, "Plan Width": 0, "Actual Rows": 317223, "Actual Loops": 1, "Inner Unique": false, "Join Filter": "(c.postid = p.id)", "Rows Removed by Join Filter": 0, "Plans": [{"Node Type": "Nested Loop", "Parent Relationship": "Outer", "Parallel Aware": false, "Async Capable": false, "Join Type": "Inner", "Startup Cost": 2963.11, "Total Cost": 4024.85, "Plan Rows": 3086.0, "Plan Width": 16, "Actual Rows": 74947, "Actual Loops": 1, "Inner Unique": false, "Join Filter": "(p.id = v.postid)", "Rows Removed by Join Filter": 0, "Plans": [{"Node Type": "Nested Loop", "Parent Relationship": "Outer", "Parallel Aware": false, "Async Capable": false, "Join Type": "Inner", "Startup Cost": 2962.68, "Total Cost": 3704.31, "Plan Rows": 137.0, "Plan Width": 12, "Actual Rows": 3841, "Actual Loops": 1, "Inner Unique": false, "Plans": [{"Node Type": "Hash Join", "Parent Relationship": "Outer", "Parallel Aware": false, "Async Capable": false, "Join Type": "Inner", "Startup Cost": 2962.26, "Total Cost": 3219.74, "Plan Rows": 39.0, "Plan Width": 8, "Actual Rows": 596, "Actual Loops": 1, "Inner Unique": true, "Hash Cond": "(pl.postid = p.id)", "Plans": [{"Node Type": "Seq Scan", "Parent Relationship": "Outer", "Parallel Aware": false, "Async Capable": false, "Relation Name": "postlinks", "Alias": "pl", "Startup Cost": 0.0, "Total Cost": 248.53, "Plan Rows": 3409, "Plan Width": 4, "Actual Rows": 3715, "Actual Loops": 1, "Filter": "((creationdate <= '2013-01-25 07:45:44'::timestamp without time zone) AND (linktypeid = 1))", "Rows Removed by Filter": 7387}, {"Node Type": "Hash", "Parent Relationship": "Inner", "Parallel Aware": false, "Async Capable": false, "Startup Cost": 2909.46, "Total Cost": 2909.46, "Plan Rows": 4224, "Plan Width": 4, "Actual Rows": 3182, "Actual Loops": 1, "Hash Buckets": 8192, "Original Hash Buckets": 8192, "Hash Batches": 1, "Original Hash Batches": 1, "Peak Memory Usage": 176, "Plans": [{"Node Type": "Seq Scan", "Parent Relationship": "Outer", "Parallel Aware": false, "Async Capable": false, "Relation Name": "posts", "Alias": "p", "Startup Cost": 0.0, "Total Cost": 2909.46, "Plan Rows": 4224, "Plan Width": 4, "Actual Rows": 3182, "Actual Loops": 1, "Filter": "((score <= 133) AND (favoritecount >= 2) AND (favoritecount <= 89) AND (creationdate >= '2011-12-26 21:35:06'::timestamp without time zone) AND (creationdate <= '2014-08-24 07:29:22'::timestamp without time zone))", "Rows Removed by Filter": 88794}]}]}, {"Node Type": "Index Scan", "Parent Relationship": "Inner", "Parallel Aware": false, "Async Capable": false, "Scan Direction": "Forward", "Index Name": "idx_posthistory_postid", "Relation Name": "posthistory", "Alias": "ph", "Startup Cost": 0.42, "Total Cost": 3.05, "Plan Rows": 4, "Plan Width": 4, "Actual Rows": 6, "Actual Loops": 596, "Index Cond": "(postid = p.id)", "Rows Removed by Index Recheck": 0, "Filter": "(creationdate >= '2009-09-01 13:58:12'::timestamp without time zone)", "Rows Removed by Filter": 0}]}, {"Node Type": "Index Scan", "Parent Relationship": "Inner", "Parallel Aware": false, "Async Capable": false, "Scan Direction": "Forward", "Index Name": "idx_votes_postid", "Relation Name": "votes", "Alias": "v", "Startup Cost": 0.42, "Total Cost": 0.56, "Plan Rows": 5, "Plan Width": 4, "Actual Rows": 20, "Actual Loops": 3841, "Index Cond": "(postid = ph.postid)", "Rows Removed by Index Recheck": 0, "Filter": "(creationdate <= '2014-08-29 18:33:37'::timestamp without time zone)", "Rows Removed by Filter": 0}]}, {"Node Type": "Index Scan", "Parent Relationship": "Inner", "Parallel Aware": false, "Async Capable": false, "Scan Direction": "Forward", "Index Name": "idx_comments_postid", "Relation Name": "comments", "Alias": "c", "Startup Cost": 0.42, "Total Cost": 0.5, "Plan Rows": 3, "Plan Width": 4, "Actual Rows": 4, "Actual Loops": 74947, "Index Cond": "(postid = v.postid)", "Rows Removed by Index Recheck": 0, "Filter": "(creationdate >= '2009-05-26 23:45:17'::timestamp without time zone)", "Rows Removed by Filter": 0}]}]}, "Planning Time": 5.723, "Triggers": [], "Execution Time": 186.203}, {"Plan": {"Node Type": "Aggregate", "Strategy": "Plain", "Partial Mode": "Finalize", "Parallel Aware": false, "Async Capable": false, "Startup Cost": 22906.26, "Total Cost": 22906.27, "Plan Rows": 1, "Plan Width": 8, "Actual Rows": 1, "Actual Loops": 1, "Plans": [{"Node Type": "Gather", "Parent Relationship": "Outer", "Parallel Aware": false, "Async Capable": false, "Startup Cost": 22906.15, "Total Cost": 22906.26, "Plan Rows": 1, "Plan Width": 8, "Actual Rows": 2, "Actual Loops": 1, "Workers Planned": 1, "Workers Launched": 1, "Single Copy": false, "Plans": [{"Node Type": "Aggregate", "Strategy": "Plain", "Partial Mode": "Partial", "Parent Relationship": "Outer", "Parallel Aware": false, "Async Capable": false, "Startup Cost": 21906.15, "Total Cost": 21906.16, "Plan Rows": 1, "Plan Width": 8, "Actual Rows": 1, "Actual Loops": 2, "Workers": [], "Plans": [{"Node Type": "Hash Join", "Parent Relationship": "Outer", "Parallel Aware": false, "Async Capable": false, "Join Type": "Inner", "Startup Cost": 14643.17, "Total Cost": 21901.09, "Plan Rows": 11233.0, "Plan Width": 0, "Actual Rows": 158612, "Actual Loops": 2, "Inner Unique": false, "Hash Cond": "(p.id = pl.postid)", "Workers": [], "Plans": [{"Node Type": "Nested Loop", "Parent Relationship": "Outer", "Parallel Aware": false, "Async Capable": false, "Join Type": "Inner", "Startup Cost": 2962.68, "Total Cost": 8754.64, "Plan Rows": 2616.0, "Plan Width": 12, "Actual Rows": 30448, "Actual Loops": 2, "Inner Unique": false, "Join Filter": "(p.id = ph.postid)", "Rows Removed by Join Filter": 0, "Workers": [], "Plans": [{"Node Type": "Hash Join", "Parent Relationship": "Outer", "Parallel Aware": false, "Async Capable": false, "Join Type": "Inner", "Startup Cost": 2962.26, "Total Cost": 5856.96, "Plan Rows": 666.0, "Plan Width": 8, "Actual Rows": 4410, "Actual Loops": 2, "Inner Unique": true, "Hash Cond": "(c.postid = p.id)", "Workers": [], "Plans": [{"Node Type": "Seq Scan", "Parent Relationship": "Outer", "Parallel Aware": true, "Async Capable": false, "Relation Name": "comments", "Alias": "c", "Startup Cost": 0.0, "Total Cost": 2625.65, "Plan Rows": 102489, "Plan Width": 4, "Actual Rows": 87138, "Actual Loops": 2, "Filter": "(creationdate >= '2009-05-26 23:45:17'::timestamp without time zone)", "Rows Removed by Filter": 14, "Workers": []}, {"Node Type": "Hash", "Parent Relationship": "Inner", "Parallel Aware": false, "Async Capable": false, "Startup Cost": 2909.46, "Total Cost": 2909.46, "Plan Rows": 4224, "Plan Width": 4, "Actual Rows": 3182, "Actual Loops": 2, "Hash Buckets": 8192, "Original Hash Buckets": 8192, "Hash Batches": 1, "Original Hash Batches": 1, "Peak Memory Usage": 176, "Workers": [], "Plans": [{"Node Type": "Seq Scan", "Parent Relationship": "Outer", "Parallel Aware": false, "Async Capable": false, "Relation Name": "posts", "Alias": "p", "Startup Cost": 0.0, "Total Cost": 2909.46, "Plan Rows": 4224, "Plan Width": 4, "Actual Rows": 3182, "Actual Loops": 2, "Filter": "((score <= 133) AND (favoritecount >= 2) AND (favoritecount <= 89) AND (creationdate >= '2011-12-26 21:35:06'::timestamp without time zone) AND (creationdate <= '2014-08-24 07:29:22'::timestamp without time zone))", "Rows Removed by Filter": 88794, "Workers": []}]}]}, {"Node Type": "Index Scan", "Parent Relationship": "Inner", "Parallel Aware": false, "Async Capable": false, "Scan Direction": "Forward", "Index Name": "idx_posthistory_postid", "Relation Name": "posthistory", "Alias": "ph", "Startup Cost": 0.42, "Total Cost": 0.57, "Plan Rows": 4, "Plan Width": 4, "Actual Rows": 7, "Actual Loops": 8819, "Index Cond": "(postid = c.postid)", "Rows Removed by Index Recheck": 0, "Filter": "(creationdate >= '2009-09-01 13:58:12'::timestamp without time zone)", "Rows Removed by Filter": 0, "Workers": []}]}, {"Node Type": "Hash", "Parent Relationship": "Inner", "Parallel Aware": false, "Async Capable": false, "Startup Cost": 11444.37, "Total Cost": 11444.37, "Plan Rows": 3497.0, "Plan Width": 8, "Actual Rows": 36731, "Actual Loops": 2, "Hash Buckets": 65536, "Original Hash Buckets": 32768, "Hash Batches": 1, "Original Hash Batches": 1, "Peak Memory Usage": 1947, "Workers": [], "Plans": [{"Node Type": "Nested Loop", "Parent Relationship": "Outer", "Parallel Aware": false, "Async Capable": false, "Join Type": "Inner", "Startup Cost": 0.43, "Total Cost": 11444.37, "Plan Rows": 3497.0, "Plan Width": 8, "Actual Rows": 36731, "Actual Loops": 2, "Inner Unique": false, "Workers": [], "Plans": [{"Node Type": "Seq Scan", "Parent Relationship": "Outer", "Parallel Aware": false, "Async Capable": false, "Relation Name": "postlinks", "Alias": "pl", "Startup Cost": 0.0, "Total Cost": 248.53, "Plan Rows": 3409, "Plan Width": 4, "Actual Rows": 3715, "Actual Loops": 2, "Filter": "((creationdate <= '2013-01-25 07:45:44'::timestamp without time zone) AND (linktypeid = 1))", "Rows Removed by Filter": 7387, "Workers": []}, {"Node Type": "Memoize", "Parent Relationship": "Inner", "Parallel Aware": false, "Async Capable": false, "Startup Cost": 0.43, "Total Cost": 3.48, "Plan Rows": 5, "Plan Width": 4, "Actual Rows": 10, "Actual Loops": 7430, "Cache Key": "pl.postid", "Cache Mode": "logical", "Cache Hits": 853, "Cache Misses": 2862, "Cache Evictions": 0, "Cache Overflows": 0, "Peak Memory Usage": 1114, "Workers": [{"Worker Number": 0, "Cache Hits": 853, "Cache Misses": 2862, "Cache Evictions": 0, "Cache Overflows": 0, "Peak Memory Usage": 1114}], "Plans": [{"Node Type": "Index Scan", "Parent Relationship": "Outer", "Parallel Aware": false, "Async Capable": false, "Scan Direction": "Forward", "Index Name": "idx_votes_postid", "Relation Name": "votes", "Alias": "v", "Startup Cost": 0.42, "Total Cost": 3.47, "Plan Rows": 5, "Plan Width": 4, "Actual Rows": 9, "Actual Loops": 5724, "Index Cond": "(postid = pl.postid)", "Rows Removed by Index Recheck": 0, "Filter": "(creationdate <= '2014-08-29 18:33:37'::timestamp without time zone)", "Rows Removed by Filter": 0, "Workers": []}]}]}]}]}]}]}]}, "Planning Time": 12.817, "Triggers": [], "Execution Time": 189.458}, {"Plan": {"Node Type": "Aggregate", "Strategy": "Plain", "Partial Mode": "Finalize", "Parallel Aware": false, "Async Capable": false, "Startup Cost": 79632.47, "Total Cost": 79632.48, "Plan Rows": 1, "Plan Width": 8, "Actual Rows": 1, "Actual Loops": 1, "Plans": [{"Node Type": "Gather", "Parent Relationship": "Outer", "Parallel Aware": false, "Async Capable": false, "Startup Cost": 79632.36, "Total Cost": 79632.47, "Plan Rows": 1, "Plan Width": 8, "Actual Rows": 2, "Actual Loops": 1, "Workers Planned": 1, "Workers Launched": 1, "Single Copy": false, "Plans": [{"Node Type": "Aggregate", "Strategy": "Plain", "Partial Mode": "Partial", "Parent Relationship": "Outer", "Parallel Aware": false, "Async Capable": false, "Startup Cost": 78632.36, "Total Cost": 78632.37, "Plan Rows": 1, "Plan Width": 8, "Actual Rows": 1, "Actual Loops": 2, "Workers": [], "Plans": [{"Node Type": "Hash Join", "Parent Relationship": "Outer", "Parallel Aware": false, "Async Capable": false, "Join Type": "Inner", "Startup Cost": 45114.5, "Total Cost": 78627.3, "Plan Rows": 11233.0, "Plan Width": 0, "Actual Rows": 158612, "Actual Loops": 2, "Inner Unique": false, "Hash Cond": "(c.postid = p.id)", "Workers": [], "Plans": [{"Node Type": "Hash Join", "Parent Relationship": "Outer", "Parallel Aware": true, "Async Capable": false, "Join Type": "Inner", "Startup Cost": 41892.8, "Total Cost": 67716.3, "Plan Rows": 207553.0, "Plan Width": 12, "Actual Rows": 2094682, "Actual Loops": 2, "Inner Unique": false, "Hash Cond": "(c.postid = ph.postid)", "Workers": [], "Plans": [{"Node Type": "Seq Scan", "Parent Relationship": "Outer", "Parallel Aware": true, "Async Capable": false, "Relation Name": "comments", "Alias": "c", "Startup Cost": 0.0, "Total Cost": 2625.65, "Plan Rows": 102489, "Plan Width": 4, "Actual Rows": 87138, "Actual Loops": 2, "Filter": "(creationdate >= '2009-05-26 23:45:17'::timestamp without time zone)", "Rows Removed by Filter": 14, "Workers": []}, {"Node Type": "Hash", "Parent Relationship": "Inner", "Parallel Aware": true, "Async Capable": false, "Startup Cost": 32628.15, "Total Cost": 32628.15, "Plan Rows": 58284.0, "Plan Width": 8, "Actual Rows": 656554, "Actual Loops": 2, "Hash Buckets": 2097152, "Original Hash Buckets": 2097152, "Hash Batches": 1, "Original Hash Batches": 1, "Peak Memory Usage": 67776, "Workers": [], "Plans": [{"Node Type": "Merge Join", "Parent Relationship": "Outer", "Parallel Aware": false, "Async Capable": false, "Join Type": "Inner", "Startup Cost": 0.84, "Total Cost": 32628.15, "Plan Rows": 58284.0, "Plan Width": 8, "Actual Rows": 656554, "Actual Loops": 2, "Inner Unique": false, "Merge Cond": "(ph.postid = v.postid)", "Workers": [], "Plans": [{"Node Type": "Index Scan", "Parent Relationship": "Outer", "Parallel Aware": true, "Async Capable": false, "Scan Direction": "Forward", "Index Name": "idx_posthistory_postid", "Relation Name": "posthistory", "Alias": "ph", "Startup Cost": 0.42, "Total Cost": 8270.95, "Plan Rows": 178205, "Plan Width": 4, "Actual Rows": 149213, "Actual Loops": 2, "Filter": "(creationdate >= '2009-09-01 13:58:12'::timestamp without time zone)", "Rows Removed by Filter": 10, "Workers": []}, {"Node Type": "Materialize", "Parent Relationship": "Inner", "Parallel Aware": false, "Async Capable": false, "Startup Cost": 0.42, "Total Cost": 13603.68, "Plan Rows": 323706, "Plan Width": 4, "Actual Rows": 818398, "Actual Loops": 2, "Workers": [], "Plans": [{"Node Type": "Index Scan", "Parent Relationship": "Outer", "Parallel Aware": false, "Async Capable": false, "Scan Direction": "Forward", "Index Name": "idx_votes_postid", "Relation Name": "votes", "Alias": "v", "Startup Cost": 0.42, "Total Cost": 12794.42, "Plan Rows": 323706, "Plan Width": 4, "Actual Rows": 323693, "Actual Loops": 2, "Filter": "(creationdate <= '2014-08-29 18:33:37'::timestamp without time zone)", "Rows Removed by Filter": 4371, "Workers": []}]}]}]}]}, {"Node Type": "Hash", "Parent Relationship": "Inner", "Parallel Aware": false, "Async Capable": false, "Startup Cost": 3219.74, "Total Cost": 3219.74, "Plan Rows": 39.0, "Plan Width": 8, "Actual Rows": 596, "Actual Loops": 2, "Hash Buckets": 1024, "Original Hash Buckets": 1024, "Hash Batches": 1, "Original Hash Batches": 1, "Peak Memory Usage": 32, "Workers": [], "Plans": [{"Node Type": "Hash Join", "Parent Relationship": "Outer", "Parallel Aware": false, "Async Capable": false, "Join Type": "Inner", "Startup Cost": 2962.26, "Total Cost": 3219.74, "Plan Rows": 39.0, "Plan Width": 8, "Actual Rows": 596, "Actual Loops": 2, "Inner Unique": true, "Hash Cond": "(pl.postid = p.id)", "Workers": [], "Plans": [{"Node Type": "Seq Scan", "Parent Relationship": "Outer", "Parallel Aware": false, "Async Capable": false, "Relation Name": "postlinks", "Alias": "pl", "Startup Cost": 0.0, "Total Cost": 248.53, "Plan Rows": 3409, "Plan Width": 4, "Actual Rows": 3715, "Actual Loops": 2, "Filter": "((creationdate <= '2013-01-25 07:45:44'::timestamp without time zone) AND (linktypeid = 1))", "Rows Removed by Filter": 7387, "Workers": []}, {"Node Type": "Hash", "Parent Relationship": "Inner", "Parallel Aware": false, "Async Capable": false, "Startup Cost": 2909.46, "Total Cost": 2909.46, "Plan Rows": 4224, "Plan Width": 4, "Actual Rows": 3182, "Actual Loops": 2, "Hash Buckets": 8192, "Original Hash Buckets": 8192, "Hash Batches": 1, "Original Hash Batches": 1, "Peak Memory Usage": 176, "Workers": [], "Plans": [{"Node Type": "Seq Scan", "Parent Relationship": "Outer", "Parallel Aware": false, "Async Capable": false, "Relation Name": "posts", "Alias": "p", "Startup Cost": 0.0, "Total Cost": 2909.46, "Plan Rows": 4224, "Plan Width": 4, "Actual Rows": 3182, "Actual Loops": 2, "Filter": "((score <= 133) AND (favoritecount >= 2) AND (favoritecount <= 89) AND (creationdate >= '2011-12-26 21:35:06'::timestamp without time zone) AND (creationdate <= '2014-08-24 07:29:22'::timestamp without time zone))", "Rows Removed by Filter": 88794, "Workers": []}]}]}]}]}]}]}]}, "Planning Time": 6.377, "Triggers": [], "Execution Time": 1177.494}, {"Plan": {"Node Type": "Aggregate", "Strategy": "Plain", "Partial Mode": "Finalize", "Parallel Aware": false, "Async Capable": false, "Startup Cost": 9911.97, "Total Cost": 9911.98, "Plan Rows": 1, "Plan Width": 8, "Actual Rows": 1, "Actual Loops": 1, "Plans": [{"Node Type": "Gather", "Parent Relationship": "Outer", "Parallel Aware": false, "Async Capable": false, "Startup Cost": 9911.86, "Total Cost": 9911.97, "Plan Rows": 1, "Plan Width": 8, "Actual Rows": 2, "Actual Loops": 1, "Workers Planned": 1, "Workers Launched": 1, "Single Copy": false, "Plans": [{"Node Type": "Aggregate", "Strategy": "Plain", "Partial Mode": "Partial", "Parent Relationship": "Outer", "Parallel Aware": false, "Async Capable": false, "Startup Cost": 8911.86, "Total Cost": 8911.87, "Plan Rows": 1, "Plan Width": 8, "Actual Rows": 1, "Actual Loops": 2, "Workers": [], "Plans": [{"Node Type": "Hash Join", "Parent Relationship": "Outer", "Parallel Aware": false, "Async Capable": false, "Join Type": "Inner", "Startup Cost": 3748.96, "Total Cost": 8906.8, "Plan Rows": 11233.0, "Plan Width": 0, "Actual Rows": 158612, "Actual Loops": 2, "Inner Unique": false, "Hash Cond": "(ph.postid = p.id)", "Workers": [], "Plans": [{"Node Type": "Seq Scan", "Parent Relationship": "Outer", "Parallel Aware": true, "Async Capable": false, "Relation Name": "posthistory", "Alias": "ph", "Startup Cost": 0.0, "Total Cost": 4469.32, "Plan Rows": 178205, "Plan Width": 4, "Actual Rows": 151584, "Actual Loops": 2, "Filter": "(creationdate >= '2009-09-01 13:58:12'::timestamp without time zone)", "Rows Removed by Filter": 10, "Workers": []}, {"Node Type": "Hash", "Parent Relationship": "Inner", "Parallel Aware": false, "Async Capable": false, "Startup Cost": 3735.9, "Total Cost": 3735.9, "Plan Rows": 3808.0, "Plan Width": 16, "Actual Rows": 45374, "Actual Loops": 2, "Hash Buckets": 65536, "Original Hash Buckets": 2048, "Hash Batches": 1, "Original Hash Batches": 1, "Peak Memory Usage": 2639, "Workers": [], "Plans": [{"Node Type": "Nested Loop", "Parent Relationship": "Outer", "Parallel Aware": false, "Async Capable": false, "Join Type": "Inner", "Startup Cost": 2963.1, "Total Cost": 3735.9, "Plan Rows": 3808.0, "Plan Width": 16, "Actual Rows": 45374, "Actual Loops": 2, "Inner Unique": false, "Join Filter": "(p.id = v.postid)", "Rows Removed by Join Filter": 0, "Workers": [], "Plans": [{"Node Type": "Nested Loop", "Parent Relationship": "Outer", "Parallel Aware": false, "Async Capable": false, "Join Type": "Inner", "Startup Cost": 2962.68, "Total Cost": 3544.08, "Plan Rows": 139.0, "Plan Width": 12, "Actual Rows": 2263, "Actual Loops": 2, "Inner Unique": false, "Workers": [], "Plans": [{"Node Type": "Hash Join", "Parent Relationship": "Outer", "Parallel Aware": false, "Async Capable": false, "Join Type": "Inner", "Startup Cost": 2962.26, "Total Cost": 3219.74, "Plan Rows": 39.0, "Plan Width": 8, "Actual Rows": 596, "Actual Loops": 2, "Inner Unique": true, "Hash Cond": "(pl.postid = p.id)", "Workers": [], "Plans": [{"Node Type": "Seq Scan", "Parent Relationship": "Outer", "Parallel Aware": false, "Async Capable": false, "Relation Name": "postlinks", "Alias": "pl", "Startup Cost": 0.0, "Total Cost": 248.53, "Plan Rows": 3409, "Plan Width": 4, "Actual Rows": 3715, "Actual Loops": 2, "Filter": "((creationdate <= '2013-01-25 07:45:44'::timestamp without time zone) AND (linktypeid = 1))", "Rows Removed by Filter": 7387, "Workers": []}, {"Node Type": "Hash", "Parent Relationship": "Inner", "Parallel Aware": false, "Async Capable": false, "Startup Cost": 2909.46, "Total Cost": 2909.46, "Plan Rows": 4224, "Plan Width": 4, "Actual Rows": 3182, "Actual Loops": 2, "Hash Buckets": 8192, "Original Hash Buckets": 8192, "Hash Batches": 1, "Original Hash Batches": 1, "Peak Memory Usage": 176, "Workers": [], "Plans": [{"Node Type": "Seq Scan", "Parent Relationship": "Outer", "Parallel Aware": false, "Async Capable": false, "Relation Name": "posts", "Alias": "p", "Startup Cost": 0.0, "Total Cost": 2909.46, "Plan Rows": 4224, "Plan Width": 4, "Actual Rows": 3182, "Actual Loops": 2, "Filter": "((score <= 133) AND (favoritecount >= 2) AND (favoritecount <= 89) AND (creationdate >= '2011-12-26 21:35:06'::timestamp without time zone) AND (creationdate <= '2014-08-24 07:29:22'::timestamp without time zone))", "Rows Removed by Filter": 88794, "Workers": []}]}]}, {"Node Type": "Index Scan", "Parent Relationship": "Inner", "Parallel Aware": false, "Async Capable": false, "Scan Direction": "Forward", "Index Name": "idx_comments_postid", "Relation Name": "comments", "Alias": "c", "Startup Cost": 0.42, "Total Cost": 2.04, "Plan Rows": 3, "Plan Width": 4, "Actual Rows": 4, "Actual Loops": 1192, "Index Cond": "(postid = p.id)", "Rows Removed by Index Recheck": 0, "Filter": "(creationdate >= '2009-05-26 23:45:17'::timestamp without time zone)", "Rows Removed by Filter": 0, "Workers": []}]}, {"Node Type": "Index Scan", "Parent Relationship": "Inner", "Parallel Aware": false, "Async Capable": false, "Scan Direction": "Forward", "Index Name": "idx_votes_postid", "Relation Name": "votes", "Alias": "v", "Startup Cost": 0.42, "Total Cost": 0.58, "Plan Rows": 5, "Plan Width": 4, "Actual Rows": 20, "Actual Loops": 4526, "Index Cond": "(postid = c.postid)", "Rows Removed by Index Recheck": 0, "Filter": "(creationdate <= '2014-08-29 18:33:37'::timestamp without time zone)", "Rows Removed by Filter": 0, "Workers": []}]}]}]}]}]}]}, "Planning Time": 13.58, "Triggers": [], "Execution Time": 139.009}, {"Plan": {"Node Type": "Aggregate", "Strategy": "Plain", "Partial Mode": "Finalize", "Parallel Aware": false, "Async Capable": false, "Startup Cost": 23080.6, "Total Cost": 23080.61, "Plan Rows": 1, "Plan Width": 8, "Actual Rows": 1, "Actual Loops": 1, "Plans": [{"Node Type": "Gather", "Parent Relationship": "Outer", "Parallel Aware": false, "Async Capable": false, "Startup Cost": 23080.49, "Total Cost": 23080.6, "Plan Rows": 1, "Plan Width": 8, "Actual Rows": 2, "Actual Loops": 1, "Workers Planned": 1, "Workers Launched": 1, "Single Copy": false, "Plans": [{"Node Type": "Aggregate", "Strategy": "Plain", "Partial Mode": "Partial", "Parent Relationship": "Outer", "Parallel Aware": false, "Async Capable": false, "Startup Cost": 22080.49, "Total Cost": 22080.5, "Plan Rows": 1, "Plan Width": 8, "Actual Rows": 1, "Actual Loops": 2, "Workers": [], "Plans": [{"Node Type": "Hash Join", "Parent Relationship": "Outer", "Parallel Aware": false, "Async Capable": false, "Join Type": "Inner", "Startup Cost": 16808.01, "Total Cost": 22075.43, "Plan Rows": 11233.0, "Plan Width": 0, "Actual Rows": 158612, "Actual Loops": 2, "Inner Unique": false, "Hash Cond": "(p.id = c.postid)", "Workers": [], "Plans": [{"Node Type": "Hash Join", "Parent Relationship": "Outer", "Parallel Aware": false, "Async Capable": false, "Join Type": "Inner", "Startup Cost": 2962.26, "Total Cost": 8034.36, "Plan Rows": 6023.0, "Plan Width": 8, "Actual Rows": 17486, "Actual Loops": 2, "Inner Unique": true, "Hash Cond": "(v.postid = p.id)", "Workers": [], "Plans": [{"Node Type": "Seq Scan", "Parent Relationship": "Outer", "Parallel Aware": true, "Async Capable": false, "Relation Name": "votes", "Alias": "v", "Startup Cost": 0.0, "Total Cost": 4572.24, "Plan Rows": 190415, "Plan Width": 4, "Actual Rows": 161846, "Actual Loops": 2, "Filter": "(creationdate <= '2014-08-29 18:33:37'::timestamp without time zone)", "Rows Removed by Filter": 2186, "Workers": []}, {"Node Type": "Hash", "Parent Relationship": "Inner", "Parallel Aware": false, "Async Capable": false, "Startup Cost": 2909.46, "Total Cost": 2909.46, "Plan Rows": 4224, "Plan Width": 4, "Actual Rows": 3182, "Actual Loops": 2, "Hash Buckets": 8192, "Original Hash Buckets": 8192, "Hash Batches": 1, "Original Hash Batches": 1, "Peak Memory Usage": 176, "Workers": [], "Plans": [{"Node Type": "Seq Scan", "Parent Relationship": "Outer", "Parallel Aware": false, "Async Capable": false, "Relation Name": "posts", "Alias": "p", "Startup Cost": 0.0, "Total Cost": 2909.46, "Plan Rows": 4224, "Plan Width": 4, "Actual Rows": 3182, "Actual Loops": 2, "Filter": "((score <= 133) AND (favoritecount >= 2) AND (favoritecount <= 89) AND (creationdate >= '2011-12-26 21:35:06'::timestamp without time zone) AND (creationdate <= '2014-08-24 07:29:22'::timestamp without time zone))", "Rows Removed by Filter": 88794, "Workers": []}]}]}, {"Node Type": "Hash", "Parent Relationship": "Inner", "Parallel Aware": false, "Async Capable": false, "Startup Cost": 13289.94, "Total Cost": 13289.94, "Plan Rows": 1194.0, "Plan Width": 12, "Actual Rows": 77538, "Actual Loops": 2, "Hash Buckets": 131072, "Original Hash Buckets": 65536, "Hash Batches": 1, "Original Hash Batches": 1, "Peak Memory Usage": 4356, "Workers": [], "Plans": [{"Node Type": "Nested Loop", "Parent Relationship": "Outer", "Parallel Aware": false, "Async Capable": false, "Join Type": "Inner", "Startup Cost": 5701.12, "Total Cost": 13289.94, "Plan Rows": 1194.0, "Plan Width": 12, "Actual Rows": 77538, "Actual Loops": 2, "Inner Unique": false, "Workers": [], "Plans": [{"Node Type": "Hash Join", "Parent Relationship": "Outer", "Parallel Aware": false, "Async Capable": false, "Join Type": "Inner", "Startup Cost": 5700.7, "Total Cost": 6269.69, "Plan Rows": 522.0, "Plan Width": 8, "Actual Rows": 11958, "Actual Loops": 2, "Inner Unique": false, "Hash Cond": "(pl.postid = c.postid)", "Workers": [], "Plans": [{"Node Type": "Seq Scan", "Parent Relationship": "Outer", "Parallel Aware": false, "Async Capable": false, "Relation Name": "postlinks", "Alias": "pl", "Startup Cost": 0.0, "Total Cost": 248.53, "Plan Rows": 3409, "Plan Width": 4, "Actual Rows": 3715, "Actual Loops": 2, "Filter": "((creationdate <= '2013-01-25 07:45:44'::timestamp without time zone) AND (linktypeid = 1))", "Rows Removed by Filter": 7387, "Workers": []}, {"Node Type": "Hash", "Parent Relationship": "Inner", "Parallel Aware": false, "Async Capable": false, "Startup Cost": 3522.81, "Total Cost": 3522.81, "Plan Rows": 174231, "Plan Width": 4, "Actual Rows": 174277, "Actual Loops": 2, "Hash Buckets": 262144, "Original Hash Buckets": 262144, "Hash Batches": 1, "Original Hash Batches": 1, "Peak Memory Usage": 8175, "Workers": [], "Plans": [{"Node Type": "Seq Scan", "Parent Relationship": "Outer", "Parallel Aware": false, "Async Capable": false, "Relation Name": "comments", "Alias": "c", "Startup Cost": 0.0, "Total Cost": 3522.81, "Plan Rows": 174231, "Plan Width": 4, "Actual Rows": 174277, "Actual Loops": 2, "Filter": "(creationdate >= '2009-05-26 23:45:17'::timestamp without time zone)", "Rows Removed by Filter": 28, "Workers": []}]}]}, {"Node Type": "Index Scan", "Parent Relationship": "Inner", "Parallel Aware": false, "Async Capable": false, "Scan Direction": "Forward", "Index Name": "idx_posthistory_postid", "Relation Name": "posthistory", "Alias": "ph", "Startup Cost": 0.42, "Total Cost": 0.57, "Plan Rows": 4, "Plan Width": 4, "Actual Rows": 6, "Actual Loops": 23916, "Index Cond": "(postid = c.postid)", "Rows Removed by Index Recheck": 0, "Filter": "(creationdate >= '2009-09-01 13:58:12'::timestamp without time zone)", "Rows Removed by Filter": 0, "Workers": []}]}]}]}]}]}]}, "Planning Time": 12.515, "Triggers": [], "Execution Time": 246.435}, {"Plan": {"Node Type": "Aggregate", "Strategy": "Plain", "Partial Mode": "Finalize", "Parallel Aware": false, "Async Capable": false, "Startup Cost": 20861.61, "Total Cost": 20861.62, "Plan Rows": 1, "Plan Width": 8, "Actual Rows": 1, "Actual Loops": 1, "Plans": [{"Node Type": "Gather", "Parent Relationship": "Outer", "Parallel Aware": false, "Async Capable": false, "Startup Cost": 20861.5, "Total Cost": 20861.61, "Plan Rows": 1, "Plan Width": 8, "Actual Rows": 2, "Actual Loops": 1, "Workers Planned": 1, "Workers Launched": 1, "Single Copy": false, "Plans": [{"Node Type": "Aggregate", "Strategy": "Plain", "Partial Mode": "Partial", "Parent Relationship": "Outer", "Parallel Aware": false, "Async Capable": false, "Startup Cost": 19861.5, "Total Cost": 19861.51, "Plan Rows": 1, "Plan Width": 8, "Actual Rows": 1, "Actual Loops": 2, "Workers": [], "Plans": [{"Node Type": "Hash Join", "Parent Relationship": "Outer", "Parallel Aware": false, "Async Capable": false, "Join Type": "Inner", "Startup Cost": 9377.27, "Total Cost": 19856.44, "Plan Rows": 11233.0, "Plan Width": 0, "Actual Rows": 158612, "Actual Loops": 2, "Inner Unique": false, "Hash Cond": "(p.id = c.postid)", "Workers": [], "Plans": [{"Node Type": "Nested Loop", "Parent Relationship": "Outer", "Parallel Aware": false, "Async Capable": false, "Join Type": "Inner", "Startup Cost": 2962.68, "Total Cost": 12973.49, "Plan Rows": 17386.0, "Plan Width": 12, "Actual Rows": 116339, "Actual Loops": 2, "Inner Unique": false, "Join Filter": "(p.id = v.postid)", "Rows Removed by Join Filter": 0, "Workers": [], "Plans": [{"Node Type": "Hash Join", "Parent Relationship": "Outer", "Parallel Aware": false, "Async Capable": false, "Join Type": "Inner", "Startup Cost": 2962.26, "Total Cost": 7899.39, "Plan Rows": 2636.0, "Plan Width": 8, "Actual Rows": 9700, "Actual Loops": 2, "Inner Unique": true, "Hash Cond": "(ph.postid = p.id)", "Workers": [], "Plans": [{"Node Type": "Seq Scan", "Parent Relationship": "Outer", "Parallel Aware": true, "Async Capable": false, "Relation Name": "posthistory", "Alias": "ph", "Startup Cost": 0.0, "Total Cost": 4469.32, "Plan Rows": 178205, "Plan Width": 4, "Actual Rows": 151584, "Actual Loops": 2, "Filter": "(creationdate >= '2009-09-01 13:58:12'::timestamp without time zone)", "Rows Removed by Filter": 10, "Workers": []}, {"Node Type": "Hash", "Parent Relationship": "Inner", "Parallel Aware": false, "Async Capable": false, "Startup Cost": 2909.46, "Total Cost": 2909.46, "Plan Rows": 4224, "Plan Width": 4, "Actual Rows": 3182, "Actual Loops": 2, "Hash Buckets": 8192, "Original Hash Buckets": 8192, "Hash Batches": 1, "Original Hash Batches": 1, "Peak Memory Usage": 176, "Workers": [], "Plans": [{"Node Type": "Seq Scan", "Parent Relationship": "Outer", "Parallel Aware": false, "Async Capable": false, "Relation Name": "posts", "Alias": "p", "Startup Cost": 0.0, "Total Cost": 2909.46, "Plan Rows": 4224, "Plan Width": 4, "Actual Rows": 3182, "Actual Loops": 2, "Filter": "((score <= 133) AND (favoritecount >= 2) AND (favoritecount <= 89) AND (creationdate >= '2011-12-26 21:35:06'::timestamp without time zone) AND (creationdate <= '2014-08-24 07:29:22'::timestamp without time zone))", "Rows Removed by Filter": 88794, "Workers": []}]}]}, {"Node Type": "Index Scan", "Parent Relationship": "Inner", "Parallel Aware": false, "Async Capable": false, "Scan Direction": "Forward", "Index Name": "idx_votes_postid", "Relation Name": "votes", "Alias": "v", "Startup Cost": 0.42, "Total Cost": 0.56, "Plan Rows": 5, "Plan Width": 4, "Actual Rows": 12, "Actual Loops": 19399, "Index Cond": "(postid = ph.postid)", "Rows Removed by Index Recheck": 0, "Filter": "(creationdate <= '2014-08-29 18:33:37'::timestamp without time zone)", "Rows Removed by Filter": 0, "Workers": []}]}, {"Node Type": "Hash", "Parent Relationship": "Inner", "Parallel Aware": false, "Async Capable": false, "Startup Cost": 6269.69, "Total Cost": 6269.69, "Plan Rows": 522.0, "Plan Width": 8, "Actual Rows": 11958, "Actual Loops": 2, "Hash Buckets": 16384, "Original Hash Buckets": 16384, "Hash Batches": 1, "Original Hash Batches": 1, "Peak Memory Usage": 596, "Workers": [], "Plans": [{"Node Type": "Hash Join", "Parent Relationship": "Outer", "Parallel Aware": false, "Async Capable": false, "Join Type": "Inner", "Startup Cost": 5700.7, "Total Cost": 6269.69, "Plan Rows": 522.0, "Plan Width": 8, "Actual Rows": 11958, "Actual Loops": 2, "Inner Unique": false, "Hash Cond": "(pl.postid = c.postid)", "Workers": [], "Plans": [{"Node Type": "Seq Scan", "Parent Relationship": "Outer", "Parallel Aware": false, "Async Capable": false, "Relation Name": "postlinks", "Alias": "pl", "Startup Cost": 0.0, "Total Cost": 248.53, "Plan Rows": 3409, "Plan Width": 4, "Actual Rows": 3715, "Actual Loops": 2, "Filter": "((creationdate <= '2013-01-25 07:45:44'::timestamp without time zone) AND (linktypeid = 1))", "Rows Removed by Filter": 7387, "Workers": []}, {"Node Type": "Hash", "Parent Relationship": "Inner", "Parallel Aware": false, "Async Capable": false, "Startup Cost": 3522.81, "Total Cost": 3522.81, "Plan Rows": 174231, "Plan Width": 4, "Actual Rows": 174277, "Actual Loops": 2, "Hash Buckets": 262144, "Original Hash Buckets": 262144, "Hash Batches": 1, "Original Hash Batches": 1, "Peak Memory Usage": 8175, "Workers": [], "Plans": [{"Node Type": "Seq Scan", "Parent Relationship": "Outer", "Parallel Aware": false, "Async Capable": false, "Relation Name": "comments", "Alias": "c", "Startup Cost": 0.0, "Total Cost": 3522.81, "Plan Rows": 174231, "Plan Width": 4, "Actual Rows": 174277, "Actual Loops": 2, "Filter": "(creationdate >= '2009-05-26 23:45:17'::timestamp without time zone)", "Rows Removed by Filter": 28, "Workers": []}]}]}]}]}]}]}]}, "Planning Time": 13.211, "Triggers": [], "Execution Time": 270.72}, {"Plan": {"Node Type": "Aggregate", "Strategy": "Plain", "Partial Mode": "Simple", "Parallel Aware": false, "Async Capable": false, "Startup Cost": 24048.71, "Total Cost": 24048.72, "Plan Rows": 1, "Plan Width": 8, "Actual Rows": 1, "Actual Loops": 1, "Plans": [{"Node Type": "Hash Join", "Parent Relationship": "Outer", "Parallel Aware": false, "Async Capable": false, "Join Type": "Inner", "Startup Cost": 15662.4, "Total Cost": 24040.11, "Plan Rows": 11233.0, "Plan Width": 0, "Actual Rows": 317223, "Actual Loops": 1, "Inner Unique": false, "Hash Cond": "(c.postid = p.id)", "Plans": [{"Node Type": "Nested Loop", "Parent Relationship": "Outer", "Parallel Aware": false, "Async Capable": false, "Join Type": "Inner", "Startup Cost": 5701.12, "Total Cost": 13611.62, "Plan Rows": 12647.0, "Plan Width": 12, "Actual Rows": 140159, "Actual Loops": 1, "Inner Unique": false, "Plans": [{"Node Type": "Hash Join", "Parent Relationship": "Outer", "Parallel Aware": false, "Async Capable": false, "Join Type": "Inner", "Startup Cost": 5700.7, "Total Cost": 6269.69, "Plan Rows": 522.0, "Plan Width": 8, "Actual Rows": 11958, "Actual Loops": 1, "Inner Unique": false, "Hash Cond": "(pl.postid = c.postid)", "Plans": [{"Node Type": "Seq Scan", "Parent Relationship": "Outer", "Parallel Aware": false, "Async Capable": false, "Relation Name": "postlinks", "Alias": "pl", "Startup Cost": 0.0, "Total Cost": 248.53, "Plan Rows": 3409, "Plan Width": 4, "Actual Rows": 3715, "Actual Loops": 1, "Filter": "((creationdate <= '2013-01-25 07:45:44'::timestamp without time zone) AND (linktypeid = 1))", "Rows Removed by Filter": 7387}, {"Node Type": "Hash", "Parent Relationship": "Inner", "Parallel Aware": false, "Async Capable": false, "Startup Cost": 3522.81, "Total Cost": 3522.81, "Plan Rows": 174231, "Plan Width": 4, "Actual Rows": 174277, "Actual Loops": 1, "Hash Buckets": 262144, "Original Hash Buckets": 262144, "Hash Batches": 1, "Original Hash Batches": 1, "Peak Memory Usage": 8175, "Plans": [{"Node Type": "Seq Scan", "Parent Relationship": "Outer", "Parallel Aware": false, "Async Capable": false, "Relation Name": "comments", "Alias": "c", "Startup Cost": 0.0, "Total Cost": 3522.81, "Plan Rows": 174231, "Plan Width": 4, "Actual Rows": 174277, "Actual Loops": 1, "Filter": "(creationdate >= '2009-05-26 23:45:17'::timestamp without time zone)", "Rows Removed by Filter": 28}]}]}, {"Node Type": "Index Scan", "Parent Relationship": "Inner", "Parallel Aware": false, "Async Capable": false, "Scan Direction": "Forward", "Index Name": "idx_votes_postid", "Relation Name": "votes", "Alias": "v", "Startup Cost": 0.42, "Total Cost": 0.58, "Plan Rows": 5, "Plan Width": 4, "Actual Rows": 12, "Actual Loops": 11958, "Index Cond": "(postid = c.postid)", "Rows Removed by Index Recheck": 0, "Filter": "(creationdate <= '2014-08-29 18:33:37'::timestamp without time zone)", "Rows Removed by Filter": 0}]}, {"Node Type": "Hash", "Parent Relationship": "Inner", "Parallel Aware": false, "Async Capable": false, "Startup Cost": 9787.37, "Total Cost": 9787.37, "Plan Rows": 2636.0, "Plan Width": 8, "Actual Rows": 19399, "Actual Loops": 1, "Hash Buckets": 32768, "Original Hash Buckets": 16384, "Hash Batches": 1, "Original Hash Batches": 1, "Peak Memory Usage": 1014, "Plans": [{"Node Type": "Hash Join", "Parent Relationship": "Outer", "Parallel Aware": false, "Async Capable": false, "Join Type": "Inner", "Startup Cost": 2962.26, "Total Cost": 9787.37, "Plan Rows": 2636.0, "Plan Width": 8, "Actual Rows": 19399, "Actual Loops": 1, "Inner Unique": true, "Hash Cond": "(ph.postid = p.id)", "Plans": [{"Node Type": "Seq Scan", "Parent Relationship": "Outer", "Parallel Aware": false, "Async Capable": false, "Relation Name": "posthistory", "Alias": "ph", "Startup Cost": 0.0, "Total Cost": 6029.84, "Plan Rows": 302948, "Plan Width": 4, "Actual Rows": 303167, "Actual Loops": 1, "Filter": "(creationdate >= '2009-09-01 13:58:12'::timestamp without time zone)", "Rows Removed by Filter": 20}, {"Node Type": "Hash", "Parent Relationship": "Inner", "Parallel Aware": false, "Async Capable": false, "Startup Cost": 2909.46, "Total Cost": 2909.46, "Plan Rows": 4224, "Plan Width": 4, "Actual Rows": 3182, "Actual Loops": 1, "Hash Buckets": 8192, "Original Hash Buckets": 8192, "Hash Batches": 1, "Original Hash Batches": 1, "Peak Memory Usage": 176, "Plans": [{"Node Type": "Seq Scan", "Parent Relationship": "Outer", "Parallel Aware": false, "Async Capable": false, "Relation Name": "posts", "Alias": "p", "Startup Cost": 0.0, "Total Cost": 2909.46, "Plan Rows": 4224, "Plan Width": 4, "Actual Rows": 3182, "Actual Loops": 1, "Filter": "((score <= 133) AND (favoritecount >= 2) AND (favoritecount <= 89) AND (creationdate >= '2011-12-26 21:35:06'::timestamp without time zone) AND (creationdate <= '2014-08-24 07:29:22'::timestamp without time zone))", "Rows Removed by Filter": 88794}]}]}]}]}]}, "Planning Time": 6.175, "Triggers": [], "Execution Time": 314.542}, {"Plan": {"Node Type": "Aggregate", "Strategy": "Plain", "Partial Mode": "Simple", "Parallel Aware": false, "Async Capable": false, "Startup Cost": 24176.83, "Total Cost": 24176.84, "Plan Rows": 1, "Plan Width": 8, "Actual Rows": 1, "Actual Loops": 1, "Plans": [{"Node Type": "Hash Join", "Parent Relationship": "Outer", "Parallel Aware": false, "Async Capable": false, "Join Type": "Inner", "Startup Cost": 23783.04, "Total Cost": 24168.22, "Plan Rows": 11233.0, "Plan Width": 0, "Actual Rows": 317223, "Actual Loops": 1, "Inner Unique": false, "Hash Cond": "(pl.postid = p.id)", "Plans": [{"Node Type": "Seq Scan", "Parent Relationship": "Outer", "Parallel Aware": false, "Async Capable": false, "Relation Name": "postlinks", "Alias": "pl", "Startup Cost": 0.0, "Total Cost": 248.53, "Plan Rows": 3409, "Plan Width": 4, "Actual Rows": 3715, "Actual Loops": 1, "Filter": "((creationdate <= '2013-01-25 07:45:44'::timestamp without time zone) AND (linktypeid = 1))", "Rows Removed by Filter": 7387}, {"Node Type": "Hash", "Parent Relationship": "Inner", "Parallel Aware": false, "Async Capable": false, "Startup Cost": 22623.52, "Total Cost": 22623.52, "Plan Rows": 60200.0, "Plan Width": 16, "Actual Rows": 967781, "Actual Loops": 1, "Hash Buckets": 1048576, "Original Hash Buckets": 131072, "Hash Batches": 1, "Original Hash Batches": 1, "Peak Memory Usage": 53557, "Plans": [{"Node Type": "Hash Join", "Parent Relationship": "Outer", "Parallel Aware": false, "Async Capable": false, "Join Type": "Inner", "Startup Cost": 12198.04, "Total Cost": 22623.52, "Plan Rows": 60200.0, "Plan Width": 16, "Actual Rows": 967781, "Actual Loops": 1, "Inner Unique": false, "Hash Cond": "(v.postid = p.id)", "Plans": [{"Node Type": "Seq Scan", "Parent Relationship": "Outer", "Parallel Aware": false, "Async Capable": false, "Relation Name": "votes", "Alias": "v", "Startup Cost": 0.0, "Total Cost": 6260.8, "Plan Rows": 323706, "Plan Width": 4, "Actual Rows": 323693, "Actual Loops": 1, "Filter": "(creationdate <= '2014-08-29 18:33:37'::timestamp without time zone)", "Rows Removed by Filter": 4371}, {"Node Type": "Hash", "Parent Relationship": "Inner", "Parallel Aware": false, "Async Capable": false, "Startup Cost": 11868.58, "Total Cost": 11868.58, "Plan Rows": 2616.0, "Plan Width": 12, "Actual Rows": 60897, "Actual Loops": 1, "Hash Buckets": 65536, "Original Hash Buckets": 32768, "Hash Batches": 1, "Original Hash Batches": 1, "Peak Memory Usage": 3129, "Plans": [{"Node Type": "Nested Loop", "Parent Relationship": "Outer", "Parallel Aware": false, "Async Capable": false, "Join Type": "Inner", "Startup Cost": 2962.68, "Total Cost": 11868.58, "Plan Rows": 2616.0, "Plan Width": 12, "Actual Rows": 60897, "Actual Loops": 1, "Inner Unique": false, "Join Filter": "(p.id = ph.postid)", "Rows Removed by Join Filter": 0, "Plans": [{"Node Type": "Hash Join", "Parent Relationship": "Outer", "Parallel Aware": false, "Async Capable": false, "Join Type": "Inner", "Startup Cost": 2962.26, "Total Cost": 6942.45, "Plan Rows": 666.0, "Plan Width": 8, "Actual Rows": 8819, "Actual Loops": 1, "Inner Unique": true, "Hash Cond": "(c.postid = p.id)", "Plans": [{"Node Type": "Seq Scan", "Parent Relationship": "Outer", "Parallel Aware": false, "Async Capable": false, "Relation Name": "comments", "Alias": "c", "Startup Cost": 0.0, "Total Cost": 3522.81, "Plan Rows": 174231, "Plan Width": 4, "Actual Rows": 174277, "Actual Loops": 1, "Filter": "(creationdate >= '2009-05-26 23:45:17'::timestamp without time zone)", "Rows Removed by Filter": 28}, {"Node Type": "Hash", "Parent Relationship": "Inner", "Parallel Aware": false, "Async Capable": false, "Startup Cost": 2909.46, "Total Cost": 2909.46, "Plan Rows": 4224, "Plan Width": 4, "Actual Rows": 3182, "Actual Loops": 1, "Hash Buckets": 8192, "Original Hash Buckets": 8192, "Hash Batches": 1, "Original Hash Batches": 1, "Peak Memory Usage": 176, "Plans": [{"Node Type": "Seq Scan", "Parent Relationship": "Outer", "Parallel Aware": false, "Async Capable": false, "Relation Name": "posts", "Alias": "p", "Startup Cost": 0.0, "Total Cost": 2909.46, "Plan Rows": 4224, "Plan Width": 4, "Actual Rows": 3182, "Actual Loops": 1, "Filter": "((score <= 133) AND (favoritecount >= 2) AND (favoritecount <= 89) AND (creationdate >= '2011-12-26 21:35:06'::timestamp without time zone) AND (creationdate <= '2014-08-24 07:29:22'::timestamp without time zone))", "Rows Removed by Filter": 88794}]}]}, {"Node Type": "Index Scan", "Parent Relationship": "Inner", "Parallel Aware": false, "Async Capable": false, "Scan Direction": "Forward", "Index Name": "idx_posthistory_postid", "Relation Name": "posthistory", "Alias": "ph", "Startup Cost": 0.42, "Total Cost": 0.57, "Plan Rows": 4, "Plan Width": 4, "Actual Rows": 7, "Actual Loops": 8819, "Index Cond": "(postid = c.postid)", "Rows Removed by Index Recheck": 0, "Filter": "(creationdate >= '2009-09-01 13:58:12'::timestamp without time zone)", "Rows Removed by Filter": 0}]}]}]}]}]}]}, "Planning Time": 5.985, "Triggers": [], "Execution Time": 467.253}]