[{"Plan": {"Node Type": "Aggregate", "Strategy": "Plain", "Partial Mode": "Simple", "Parallel Aware": false, "Async Capable": false, "Startup Cost": 1105.02, "Total Cost": 1105.03, "Plan Rows": 1, "Plan Width": 8, "Actual Rows": 1, "Actual Loops": 1, "Plans": [{"Node Type": "Nested Loop", "Parent Relationship": "Outer", "Parallel Aware": false, "Async Capable": false, "Join Type": "Inner", "Startup Cost": 0.72, "Total Cost": 1105.01, "Plan Rows": 5.0, "Plan Width": 0, "Actual Rows": 65, "Actual Loops": 1, "Inner Unique": false, "Join Filter": "(c.userid = u.id)", "Rows Removed by Join Filter": 0, "Plans": [{"Node Type": "Nested Loop", "Parent Relationship": "Outer", "Parallel Aware": false, "Async Capable": false, "Join Type": "Inner", "Startup Cost": 0.42, "Total Cost": 1100.8, "Plan Rows": 3.0, "Plan Width": 8, "Actual Rows": 3, "Actual Loops": 1, "Inner Unique": false, "Plans": [{"Node Type": "Seq Scan", "Parent Relationship": "Outer", "Parallel Aware": false, "Async Capable": false, "Relation Name": "users", "Alias": "u", "Startup Cost": 0.0, "Total Cost": 901.88, "Plan Rows": 8, "Plan Width": 4, "Actual Rows": 17, "Actual Loops": 1, "Filter": "((creationdate <= '2012-03-05 03:28:08'::timestamp without time zone) AND (upvotes = 21))", "Rows Removed by Filter": 40308}, {"Node Type": "Index Scan", "Parent Relationship": "Inner", "Parallel Aware": false, "Async Capable": false, "Scan Direction": "Forward", "Index Name": "idx_votes_userid", "Relation Name": "votes", "Alias": "v", "Startup Cost": 0.42, "Total Cost": 24.86, "Plan Rows": 1, "Plan Width": 4, "Actual Rows": 0, "Actual Loops": 17, "Index Cond": "(userid = u.id)", "Rows Removed by Index Recheck": 0, "Filter": "(bountyamount <= 145)", "Rows Removed by Filter": 3}]}, {"Node Type": "Index Scan", "Parent Relationship": "Inner", "Parallel Aware": false, "Async Capable": false, "Scan Direction": "Forward", "Index Name": "idx_comments_userid", "Relation Name": "comments", "Alias": "c", "Startup Cost": 0.29, "Total Cost": 4.12, "Plan Rows": 7, "Plan Width": 4, "Actual Rows": 22, "Actual Loops": 3, "Index Cond": "(userid = v.userid)", "Rows Removed by Index Recheck": 0, "Filter": "((creationdate >= '2012-09-06 14:25:29'::timestamp without time zone) AND (creationdate <= '2014-05-08 02:15:08'::timestamp without time zone))", "Rows Removed by Filter": 24}]}]}, "Planning Time": 0.789, "Triggers": [], "Execution Time": 2.079}, {"Plan": {"Node Type": "Aggregate", "Strategy": "Plain", "Partial Mode": "Simple", "Parallel Aware": false, "Async Capable": false, "Startup Cost": 11358.05, "Total Cost": 11358.06, "Plan Rows": 1, "Plan Width": 8, "Actual Rows": 1, "Actual Loops": 1, "Plans": [{"Node Type": "Merge Join", "Parent Relationship": "Outer", "Parallel Aware": false, "Async Capable": false, "Join Type": "Inner", "Startup Cost": 902.71, "Total Cost": 11358.04, "Plan Rows": 5.0, "Plan Width": 0, "Actual Rows": 65, "Actual Loops": 1, "Inner Unique": false, "Merge Cond": "(u.id = c.userid)", "Plans": [{"Node Type": "Sort", "Parent Relationship": "Outer", "Parallel Aware": false, "Async Capable": false, "Startup Cost": 902.0, "Total Cost": 902.01, "Plan Rows": 8, "Plan Width": 4, "Actual Rows": 17, "Actual Loops": 1, "Sort Key": ["u.id"], "Sort Method": "quicksort", "Sort Space Used": 25, "Sort Space Type": "Memory", "Plans": [{"Node Type": "Seq Scan", "Parent Relationship": "Outer", "Parallel Aware": false, "Async Capable": false, "Relation Name": "users", "Alias": "u", "Startup Cost": 0.0, "Total Cost": 901.88, "Plan Rows": 8, "Plan Width": 4, "Actual Rows": 17, "Actual Loops": 1, "Filter": "((creationdate <= '2012-03-05 03:28:08'::timestamp without time zone) AND (upvotes = 21))", "Rows Removed by Filter": 40308}]}, {"Node Type": "Materialize", "Parent Relationship": "Inner", "Parallel Aware": false, "Async Capable": false, "Startup Cost": 0.72, "Total Cost": 10564.46, "Plan Rows": 16398.0, "Plan Width": 8, "Actual Rows": 250227, "Actual Loops": 1, "Plans": [{"Node Type": "Merge Join", "Parent Relationship": "Outer", "Parallel Aware": false, "Async Capable": false, "Join Type": "Inner", "Startup Cost": 0.72, "Total Cost": 10497.29, "Plan Rows": 16398.0, "Plan Width": 8, "Actual Rows": 250227, "Actual Loops": 1, "Inner Unique": false, "Merge Cond": "(v.userid = c.userid)", "Plans": [{"Node Type": "Index Scan", "Parent Relationship": "Outer", "Parallel Aware": false, "Async Capable": false, "Scan Direction": "Forward", "Index Name": "idx_votes_userid", "Relation Name": "votes", "Alias": "v", "Startup Cost": 0.42, "Total Cost": 12422.47, "Plan Rows": 1649, "Plan Width": 4, "Actual Rows": 492, "Actual Loops": 1, "Filter": "(bountyamount <= 145)", "Rows Removed by Filter": 16061}, {"Node Type": "Index Scan", "Parent Relationship": "Inner", "Parallel Aware": false, "Async Capable": false, "Scan Direction": "Forward", "Index Name": "idx_comments_userid", "Relation Name": "comments", "Alias": "c", "Startup Cost": 0.29, "Total Cost": 8694.72, "Plan Rows": 88909, "Plan Width": 4, "Actual Rows": 261008, "Actual Loops": 1, "Filter": "((creationdate >= '2012-09-06 14:25:29'::timestamp without time zone) AND (creationdate <= '2014-05-08 02:15:08'::timestamp without time zone))", "Rows Removed by Filter": 145073}]}]}]}]}, "Planning Time": 1.675, "Triggers": [], "Execution Time": 178.609}, {"Plan": {"Node Type": "Aggregate", "Strategy": "Plain", "Partial Mode": "Finalize", "Parallel Aware": false, "Async Capable": false, "Startup Cost": 5179.05, "Total Cost": 5179.06, "Plan Rows": 1, "Plan Width": 8, "Actual Rows": 1, "Actual Loops": 1, "Plans": [{"Node Type": "Gather", "Parent Relationship": "Outer", "Parallel Aware": false, "Async Capable": false, "Startup Cost": 5178.94, "Total Cost": 5179.05, "Plan Rows": 1, "Plan Width": 8, "Actual Rows": 2, "Actual Loops": 1, "Workers Planned": 1, "Workers Launched": 1, "Single Copy": false, "Plans": [{"Node Type": "Aggregate", "Strategy": "Plain", "Partial Mode": "Partial", "Parent Relationship": "Outer", "Parallel Aware": false, "Async Capable": false, "Startup Cost": 4178.94, "Total Cost": 4178.95, "Plan Rows": 1, "Plan Width": 8, "Actual Rows": 1, "Actual Loops": 2, "Workers": [], "Plans": [{"Node Type": "Hash Join", "Parent Relationship": "Outer", "Parallel Aware": false, "Async Capable": false, "Join Type": "Inner", "Startup Cost": 1100.81, "Total Cost": 4178.93, "Plan Rows": 5.0, "Plan Width": 0, "Actual Rows": 32, "Actual Loops": 2, "Inner Unique": false, "Hash Cond": "(c.userid = u.id)", "Workers": [], "Plans": [{"Node Type": "Seq Scan", "Parent Relationship": "Outer", "Parallel Aware": true, "Async Capable": false, "Relation Name": "comments", "Alias": "c", "Startup Cost": 0.0, "Total Cost": 2881.99, "Plan Rows": 52299, "Plan Width": 4, "Actual Rows": 44485, "Actual Loops": 2, "Filter": "((creationdate >= '2012-09-06 14:25:29'::timestamp without time zone) AND (creationdate <= '2014-05-08 02:15:08'::timestamp without time zone))", "Rows Removed by Filter": 42668, "Workers": []}, {"Node Type": "Hash", "Parent Relationship": "Inner", "Parallel Aware": false, "Async Capable": false, "Startup Cost": 1100.8, "Total Cost": 1100.8, "Plan Rows": 3.0, "Plan Width": 8, "Actual Rows": 3, "Actual Loops": 2, "Hash Buckets": 1024, "Original Hash Buckets": 1024, "Hash Batches": 1, "Original Hash Batches": 1, "Peak Memory Usage": 9, "Workers": [], "Plans": [{"Node Type": "Nested Loop", "Parent Relationship": "Outer", "Parallel Aware": false, "Async Capable": false, "Join Type": "Inner", "Startup Cost": 0.42, "Total Cost": 1100.8, "Plan Rows": 3.0, "Plan Width": 8, "Actual Rows": 3, "Actual Loops": 2, "Inner Unique": false, "Workers": [], "Plans": [{"Node Type": "Seq Scan", "Parent Relationship": "Outer", "Parallel Aware": false, "Async Capable": false, "Relation Name": "users", "Alias": "u", "Startup Cost": 0.0, "Total Cost": 901.88, "Plan Rows": 8, "Plan Width": 4, "Actual Rows": 17, "Actual Loops": 2, "Filter": "((creationdate <= '2012-03-05 03:28:08'::timestamp without time zone) AND (upvotes = 21))", "Rows Removed by Filter": 40308, "Workers": []}, {"Node Type": "Index Scan", "Parent Relationship": "Inner", "Parallel Aware": false, "Async Capable": false, "Scan Direction": "Forward", "Index Name": "idx_votes_userid", "Relation Name": "votes", "Alias": "v", "Startup Cost": 0.42, "Total Cost": 24.86, "Plan Rows": 1, "Plan Width": 4, "Actual Rows": 0, "Actual Loops": 34, "Index Cond": "(userid = u.id)", "Rows Removed by Index Recheck": 0, "Filter": "(bountyamount <= 145)", "Rows Removed by Filter": 3, "Workers": []}]}]}]}]}]}]}, "Planning Time": 1.604, "Triggers": [], "Execution Time": 27.098}, {"Plan": {"Node Type": "Aggregate", "Strategy": "Plain", "Partial Mode": "Simple", "Parallel Aware": false, "Async Capable": false, "Startup Cost": 1105.02, "Total Cost": 1105.03, "Plan Rows": 1, "Plan Width": 8, "Actual Rows": 1, "Actual Loops": 1, "Plans": [{"Node Type": "Nested Loop", "Parent Relationship": "Outer", "Parallel Aware": false, "Async Capable": false, "Join Type": "Inner", "Startup Cost": 0.72, "Total Cost": 1105.01, "Plan Rows": 5.0, "Plan Width": 0, "Actual Rows": 65, "Actual Loops": 1, "Inner Unique": false, "Join Filter": "(c.userid = u.id)", "Rows Removed by Join Filter": 0, "Plans": [{"Node Type": "Nested Loop", "Parent Relationship": "Outer", "Parallel Aware": false, "Async Capable": false, "Join Type": "Inner", "Startup Cost": 0.42, "Total Cost": 1100.8, "Plan Rows": 3.0, "Plan Width": 8, "Actual Rows": 3, "Actual Loops": 1, "Inner Unique": false, "Plans": [{"Node Type": "Seq Scan", "Parent Relationship": "Outer", "Parallel Aware": false, "Async Capable": false, "Relation Name": "users", "Alias": "u", "Startup Cost": 0.0, "Total Cost": 901.88, "Plan Rows": 8, "Plan Width": 4, "Actual Rows": 17, "Actual Loops": 1, "Filter": "((creationdate <= '2012-03-05 03:28:08'::timestamp without time zone) AND (upvotes = 21))", "Rows Removed by Filter": 40308}, {"Node Type": "Index Scan", "Parent Relationship": "Inner", "Parallel Aware": false, "Async Capable": false, "Scan Direction": "Forward", "Index Name": "idx_votes_userid", "Relation Name": "votes", "Alias": "v", "Startup Cost": 0.42, "Total Cost": 24.86, "Plan Rows": 1, "Plan Width": 4, "Actual Rows": 0, "Actual Loops": 17, "Index Cond": "(userid = u.id)", "Rows Removed by Index Recheck": 0, "Filter": "(bountyamount <= 145)", "Rows Removed by Filter": 3}]}, {"Node Type": "Index Scan", "Parent Relationship": "Inner", "Parallel Aware": false, "Async Capable": false, "Scan Direction": "Forward", "Index Name": "idx_comments_userid", "Relation Name": "comments", "Alias": "c", "Startup Cost": 0.29, "Total Cost": 4.12, "Plan Rows": 7, "Plan Width": 4, "Actual Rows": 22, "Actual Loops": 3, "Index Cond": "(userid = v.userid)", "Rows Removed by Index Recheck": 0, "Filter": "((creationdate >= '2012-09-06 14:25:29'::timestamp without time zone) AND (creationdate <= '2014-05-08 02:15:08'::timestamp without time zone))", "Rows Removed by Filter": 24}]}]}, "Planning Time": 0.936, "Triggers": [], "Execution Time": 2.252}, {"Plan": {"Node Type": "Aggregate", "Strategy": "Plain", "Partial Mode": "Simple", "Parallel Aware": false, "Async Capable": false, "Startup Cost": 2571.03, "Total Cost": 2571.04, "Plan Rows": 1, "Plan Width": 8, "Actual Rows": 1, "Actual Loops": 1, "Plans": [{"Node Type": "Merge Join", "Parent Relationship": "Outer", "Parallel Aware": false, "Async Capable": false, "Join Type": "Inner", "Startup Cost": 1259.73, "Total Cost": 2571.02, "Plan Rows": 5.0, "Plan Width": 0, "Actual Rows": 65, "Actual Loops": 1, "Inner Unique": false, "Merge Cond": "(v.userid = u.id)", "Plans": [{"Node Type": "Index Scan", "Parent Relationship": "Outer", "Parallel Aware": false, "Async Capable": false, "Scan Direction": "Forward", "Index Name": "idx_votes_userid", "Relation Name": "votes", "Alias": "v", "Startup Cost": 0.42, "Total Cost": 12422.47, "Plan Rows": 1649, "Plan Width": 4, "Actual Rows": 491, "Actual Loops": 1, "Filter": "(bountyamount <= 145)", "Rows Removed by Filter": 16029}, {"Node Type": "Sort", "Parent Relationship": "Inner", "Parallel Aware": false, "Async Capable": false, "Startup Cost": 1259.31, "Total Cost": 1259.35, "Plan Rows": 1.0, "Plan Width": 8, "Actual Rows": 73, "Actual Loops": 1, "Sort Key": ["c.userid"], "Sort Method": "quicksort", "Sort Space Used": 26, "Sort Space Type": "Memory", "Plans": [{"Node Type": "Nested Loop", "Parent Relationship": "Outer", "Parallel Aware": false, "Async Capable": false, "Join Type": "Inner", "Startup Cost": 0.29, "Total Cost": 1258.96, "Plan Rows": 1.0, "Plan Width": 8, "Actual Rows": 48, "Actual Loops": 1, "Inner Unique": false, "Plans": [{"Node Type": "Seq Scan", "Parent Relationship": "Outer", "Parallel Aware": false, "Async Capable": false, "Relation Name": "users", "Alias": "u", "Startup Cost": 0.0, "Total Cost": 901.88, "Plan Rows": 8, "Plan Width": 4, "Actual Rows": 17, "Actual Loops": 1, "Filter": "((creationdate <= '2012-03-05 03:28:08'::timestamp without time zone) AND (upvotes = 21))", "Rows Removed by Filter": 40308}, {"Node Type": "Index Scan", "Parent Relationship": "Inner", "Parallel Aware": false, "Async Capable": false, "Scan Direction": "Forward", "Index Name": "idx_comments_userid", "Relation Name": "comments", "Alias": "c", "Startup Cost": 0.29, "Total Cost": 44.57, "Plan Rows": 7, "Plan Width": 4, "Actual Rows": 3, "Actual Loops": 17, "Index Cond": "(userid = u.id)", "Rows Removed by Index Recheck": 0, "Filter": "((creationdate >= '2012-09-06 14:25:29'::timestamp without time zone) AND (creationdate <= '2014-05-08 02:15:08'::timestamp without time zone))", "Rows Removed by Filter": 6}]}]}]}]}, "Planning Time": 0.772, "Triggers": [], "Execution Time": 13.072}, {"Plan": {"Node Type": "Aggregate", "Strategy": "Plain", "Partial Mode": "Finalize", "Parallel Aware": false, "Async Capable": false, "Startup Cost": 10582.69, "Total Cost": 10582.7, "Plan Rows": 1, "Plan Width": 8, "Actual Rows": 1, "Actual Loops": 1, "Plans": [{"Node Type": "Gather", "Parent Relationship": "Outer", "Parallel Aware": false, "Async Capable": false, "Startup Cost": 10582.58, "Total Cost": 10582.69, "Plan Rows": 1, "Plan Width": 8, "Actual Rows": 2, "Actual Loops": 1, "Workers Planned": 1, "Workers Launched": 1, "Single Copy": false, "Plans": [{"Node Type": "Aggregate", "Strategy": "Plain", "Partial Mode": "Partial", "Parent Relationship": "Outer", "Parallel Aware": false, "Async Capable": false, "Startup Cost": 9582.58, "Total Cost": 9582.59, "Plan Rows": 1, "Plan Width": 8, "Actual Rows": 1, "Actual Loops": 2, "Workers": [], "Plans": [{"Node Type": "Hash Join", "Parent Relationship": "Outer", "Parallel Aware": false, "Async Capable": false, "Join Type": "Inner", "Startup Cost": 902.27, "Total Cost": 9582.57, "Plan Rows": 5.0, "Plan Width": 0, "Actual Rows": 32, "Actual Loops": 2, "Inner Unique": true, "Hash Cond": "(c.userid = u.id)", "Workers": [], "Plans": [{"Node Type": "Nested Loop", "Parent Relationship": "Outer", "Parallel Aware": false, "Async Capable": false, "Join Type": "Inner", "Startup Cost": 0.29, "Total Cost": 8639.1, "Plan Rows": 16398.0, "Plan Width": 8, "Actual Rows": 136562, "Actual Loops": 2, "Inner Unique": false, "Workers": [], "Plans": [{"Node Type": "Seq Scan", "Parent Relationship": "Outer", "Parallel Aware": true, "Async Capable": false, "Relation Name": "votes", "Alias": "v", "Startup Cost": 0.0, "Total Cost": 4572.24, "Plan Rows": 970, "Plan Width": 4, "Actual Rows": 826, "Actual Loops": 2, "Filter": "(bountyamount <= 145)", "Rows Removed by Filter": 163206, "Workers": []}, {"Node Type": "Index Scan", "Parent Relationship": "Inner", "Parallel Aware": false, "Async Capable": false, "Scan Direction": "Forward", "Index Name": "idx_comments_userid", "Relation Name": "comments", "Alias": "c", "Startup Cost": 0.29, "Total Cost": 4.12, "Plan Rows": 7, "Plan Width": 4, "Actual Rows": 165, "Actual Loops": 1653, "Index Cond": "(userid = v.userid)", "Rows Removed by Index Recheck": 0, "Filter": "((creationdate >= '2012-09-06 14:25:29'::timestamp without time zone) AND (creationdate <= '2014-05-08 02:15:08'::timestamp without time zone))", "Rows Removed by Filter": 113, "Workers": []}]}, {"Node Type": "Hash", "Parent Relationship": "Inner", "Parallel Aware": false, "Async Capable": false, "Startup Cost": 901.88, "Total Cost": 901.88, "Plan Rows": 8, "Plan Width": 4, "Actual Rows": 17, "Actual Loops": 2, "Hash Buckets": 1024, "Original Hash Buckets": 1024, "Hash Batches": 1, "Original Hash Batches": 1, "Peak Memory Usage": 9, "Workers": [], "Plans": [{"Node Type": "Seq Scan", "Parent Relationship": "Outer", "Parallel Aware": false, "Async Capable": false, "Relation Name": "users", "Alias": "u", "Startup Cost": 0.0, "Total Cost": 901.88, "Plan Rows": 8, "Plan Width": 4, "Actual Rows": 17, "Actual Loops": 2, "Filter": "((creationdate <= '2012-03-05 03:28:08'::timestamp without time zone) AND (upvotes = 21))", "Rows Removed by Filter": 40308, "Workers": []}]}]}]}]}]}, "Planning Time": 3.38, "Triggers": [], "Execution Time": 146.918}, {"Plan": {"Node Type": "Aggregate", "Strategy": "Plain", "Partial Mode": "Simple", "Parallel Aware": false, "Async Capable": false, "Startup Cost": 2217.88, "Total Cost": 2217.89, "Plan Rows": 1, "Plan Width": 8, "Actual Rows": 1, "Actual Loops": 1, "Plans": [{"Node Type": "Nested Loop", "Parent Relationship": "Outer", "Parallel Aware": false, "Async Capable": false, "Join Type": "Inner", "Startup Cost": 902.71, "Total Cost": 2217.87, "Plan Rows": 5.0, "Plan Width": 0, "Actual Rows": 65, "Actual Loops": 1, "Inner Unique": false, "Join Filter": "(c.userid = u.id)", "Rows Removed by Join Filter": 0, "Plans": [{"Node Type": "Merge Join", "Parent Relationship": "Outer", "Parallel Aware": false, "Async Capable": false, "Join Type": "Inner", "Startup Cost": 902.42, "Total Cost": 2213.66, "Plan Rows": 3.0, "Plan Width": 8, "Actual Rows": 3, "Actual Loops": 1, "Inner Unique": true, "Merge Cond": "(v.userid = u.id)", "Plans": [{"Node Type": "Index Scan", "Parent Relationship": "Outer", "Parallel Aware": false, "Async Capable": false, "Scan Direction": "Forward", "Index Name": "idx_votes_userid", "Relation Name": "votes", "Alias": "v", "Startup Cost": 0.42, "Total Cost": 12422.47, "Plan Rows": 1649, "Plan Width": 4, "Actual Rows": 491, "Actual Loops": 1, "Filter": "(bountyamount <= 145)", "Rows Removed by Filter": 16029}, {"Node Type": "Sort", "Parent Relationship": "Inner", "Parallel Aware": false, "Async Capable": false, "Startup Cost": 902.0, "Total Cost": 902.01, "Plan Rows": 8, "Plan Width": 4, "Actual Rows": 17, "Actual Loops": 1, "Sort Key": ["u.id"], "Sort Method": "quicksort", "Sort Space Used": 25, "Sort Space Type": "Memory", "Plans": [{"Node Type": "Seq Scan", "Parent Relationship": "Outer", "Parallel Aware": false, "Async Capable": false, "Relation Name": "users", "Alias": "u", "Startup Cost": 0.0, "Total Cost": 901.88, "Plan Rows": 8, "Plan Width": 4, "Actual Rows": 17, "Actual Loops": 1, "Filter": "((creationdate <= '2012-03-05 03:28:08'::timestamp without time zone) AND (upvotes = 21))", "Rows Removed by Filter": 40308}]}]}, {"Node Type": "Index Scan", "Parent Relationship": "Inner", "Parallel Aware": false, "Async Capable": false, "Scan Direction": "Forward", "Index Name": "idx_comments_userid", "Relation Name": "comments", "Alias": "c", "Startup Cost": 0.29, "Total Cost": 4.12, "Plan Rows": 7, "Plan Width": 4, "Actual Rows": 22, "Actual Loops": 3, "Index Cond": "(userid = v.userid)", "Rows Removed by Index Recheck": 0, "Filter": "((creationdate >= '2012-09-06 14:25:29'::timestamp without time zone) AND (creationdate <= '2014-05-08 02:15:08'::timestamp without time zone))", "Rows Removed by Filter": 24}]}]}, "Planning Time": 1.411, "Triggers": [], "Execution Time": 16.718}, {"Plan": {"Node Type": "Aggregate", "Strategy": "Plain", "Partial Mode": "Simple", "Parallel Aware": false, "Async Capable": false, "Startup Cost": 1271.3, "Total Cost": 1271.31, "Plan Rows": 1, "Plan Width": 8, "Actual Rows": 1, "Actual Loops": 1, "Plans": [{"Node Type": "Nested Loop", "Parent Relationship": "Outer", "Parallel Aware": false, "Async Capable": false, "Join Type": "Inner", "Startup Cost": 0.72, "Total Cost": 1271.29, "Plan Rows": 5.0, "Plan Width": 0, "Actual Rows": 65, "Actual Loops": 1, "Inner Unique": false, "Join Filter": "(v.userid = u.id)", "Rows Removed by Join Filter": 0, "Plans": [{"Node Type": "Nested Loop", "Parent Relationship": "Outer", "Parallel Aware": false, "Async Capable": false, "Join Type": "Inner", "Startup Cost": 0.29, "Total Cost": 1258.96, "Plan Rows": 1.0, "Plan Width": 8, "Actual Rows": 48, "Actual Loops": 1, "Inner Unique": false, "Plans": [{"Node Type": "Seq Scan", "Parent Relationship": "Outer", "Parallel Aware": false, "Async Capable": false, "Relation Name": "users", "Alias": "u", "Startup Cost": 0.0, "Total Cost": 901.88, "Plan Rows": 8, "Plan Width": 4, "Actual Rows": 17, "Actual Loops": 1, "Filter": "((creationdate <= '2012-03-05 03:28:08'::timestamp without time zone) AND (upvotes = 21))", "Rows Removed by Filter": 40308}, {"Node Type": "Index Scan", "Parent Relationship": "Inner", "Parallel Aware": false, "Async Capable": false, "Scan Direction": "Forward", "Index Name": "idx_comments_userid", "Relation Name": "comments", "Alias": "c", "Startup Cost": 0.29, "Total Cost": 44.57, "Plan Rows": 7, "Plan Width": 4, "Actual Rows": 3, "Actual Loops": 17, "Index Cond": "(userid = u.id)", "Rows Removed by Index Recheck": 0, "Filter": "((creationdate >= '2012-09-06 14:25:29'::timestamp without time zone) AND (creationdate <= '2014-05-08 02:15:08'::timestamp without time zone))", "Rows Removed by Filter": 6}]}, {"Node Type": "Index Scan", "Parent Relationship": "Inner", "Parallel Aware": false, "Async Capable": false, "Scan Direction": "Forward", "Index Name": "idx_votes_userid", "Relation Name": "votes", "Alias": "v", "Startup Cost": 0.42, "Total Cost": 0.71, "Plan Rows": 1, "Plan Width": 4, "Actual Rows": 1, "Actual Loops": 48, "Index Cond": "(userid = c.userid)", "Rows Removed by Index Recheck": 0, "Filter": "(bountyamount <= 145)", "Rows Removed by Filter": 1}]}]}, "Planning Time": 0.854, "Triggers": [], "Execution Time": 2.18}]