[{"Plan": {"Node Type": "Aggregate", "Strategy": "Plain", "Partial Mode": "Simple", "Parallel Aware": false, "Async Capable": false, "Startup Cost": 1310.49, "Total Cost": 1310.5, "Plan Rows": 1, "Plan Width": 8, "Actual Rows": 1, "Actual Loops": 1, "Plans": [{"Node Type": "Nested Loop", "Parent Relationship": "Outer", "Parallel Aware": false, "Async Capable": false, "Join Type": "Inner", "Startup Cost": 0.87, "Total Cost": 1310.48, "Plan Rows": 2.0, "Plan Width": 0, "Actual Rows": 62, "Actual Loops": 1, "Inner Unique": false, "Plans": [{"Node Type": "Nested Loop", "Parent Relationship": "Outer", "Parallel Aware": false, "Async Capable": false, "Join Type": "Inner", "Startup Cost": 0.58, "Total Cost": 1299.14, "Plan Rows": 3.0, "Plan Width": 4, "Actual Rows": 62, "Actual Loops": 1, "Inner Unique": false, "Join Filter": "(p.owneruserid = u.id)", "Rows Removed by Join Filter": 0, "Plans": [{"Node Type": "Nested Loop", "Parent Relationship": "Outer", "Parallel Aware": false, "Async Capable": false, "Join Type": "Inner", "Startup Cost": 0.29, "Total Cost": 1289.4, "Plan Rows": 957.0, "Plan Width": 8, "Actual Rows": 855, "Actual Loops": 1, "Inner Unique": false, "Plans": [{"Node Type": "Seq Scan", "Parent Relationship": "Outer", "Parallel Aware": false, "Async Capable": false, "Relation Name": "users", "Alias": "u", "Startup Cost": 0.0, "Total Cost": 1103.5, "Plan Rows": 15, "Plan Width": 4, "Actual Rows": 18, "Actual Loops": 1, "Filter": "((views <= 11234) AND (downvotes >= 79) AND (creationdate >= '2010-10-31 06:18:28'::timestamp without time zone) AND (creationdate <= '2013-12-04 08:55:53'::timestamp without time zone))", "Rows Removed by Filter": 40307}, {"Node Type": "Index Scan", "Parent Relationship": "Inner", "Parallel Aware": false, "Async Capable": false, "Scan Direction": "Forward", "Index Name": "idx_badges_userid", "Relation Name": "badges", "Alias": "b", "Startup Cost": 0.29, "Total Cost": 12.37, "Plan Rows": 2, "Plan Width": 4, "Actual Rows": 48, "Actual Loops": 18, "Index Cond": "(userid = u.id)", "Rows Removed by Index Recheck": 0, "Filter": "(date <= '2013-10-22 08:58:54'::timestamp without time zone)", "Rows Removed by Filter": 21}]}, {"Node Type": "Index Scan", "Parent Relationship": "Inner", "Parallel Aware": false, "Async Capable": false, "Scan Direction": "Forward", "Index Name": "idx_posts_owneruserid", "Relation Name": "posts", "Alias": "p", "Startup Cost": 0.29, "Total Cost": 0.5, "Plan Rows": 1, "Plan Width": 8, "Actual Rows": 0, "Actual Loops": 855, "Index Cond": "(owneruserid = b.userid)", "Rows Removed by Index Recheck": 0, "Filter": "((score >= 14) AND (score <= 57) AND (answercount <= 54) AND (favoritecount >= 2) AND (favoritecount <= 54) AND (commentcount = 4))", "Rows Removed by Filter": 320}]}, {"Node Type": "Index Scan", "Parent Relationship": "Inner", "Parallel Aware": false, "Async Capable": false, "Scan Direction": "Forward", "Index Name": "idx_postlinks_relatedpostid", "Relation Name": "postlinks", "Alias": "pl", "Startup Cost": 0.29, "Total Cost": 11.34, "Plan Rows": 1, "Plan Width": 4, "Actual Rows": 1, "Actual Loops": 62, "Index Cond": "(relatedpostid = p.id)", "Rows Removed by Index Recheck": 0, "Filter": "(creationdate <= '2012-11-05 11:20:40'::timestamp without time zone)", "Rows Removed by Filter": 8}]}]}, "Planning Time": 0.795, "Triggers": [], "Execution Time": 52.312}, {"Plan": {"Node Type": "Aggregate", "Strategy": "Plain", "Partial Mode": "Simple", "Parallel Aware": false, "Async Capable": false, "Startup Cost": 4295.09, "Total Cost": 4295.1, "Plan Rows": 1, "Plan Width": 8, "Actual Rows": 1, "Actual Loops": 1, "Plans": [{"Node Type": "Nested Loop", "Parent Relationship": "Outer", "Parallel Aware": false, "Async Capable": false, "Join Type": "Inner", "Startup Cost": 0.58, "Total Cost": 4295.09, "Plan Rows": 2.0, "Plan Width": 0, "Actual Rows": 62, "Actual Loops": 1, "Inner Unique": false, "Join Filter": "(p.owneruserid = u.id)", "Rows Removed by Join Filter": 107686, "Plans": [{"Node Type": "Seq Scan", "Parent Relationship": "Outer", "Parallel Aware": false, "Async Capable": false, "Relation Name": "users", "Alias": "u", "Startup Cost": 0.0, "Total Cost": 1103.5, "Plan Rows": 15, "Plan Width": 4, "Actual Rows": 18, "Actual Loops": 1, "Filter": "((views <= 11234) AND (downvotes >= 79) AND (creationdate >= '2010-10-31 06:18:28'::timestamp without time zone) AND (creationdate <= '2013-12-04 08:55:53'::timestamp without time zone))", "Rows Removed by Filter": 40307}, {"Node Type": "Materialize", "Parent Relationship": "Inner", "Parallel Aware": false, "Async Capable": false, "Startup Cost": 0.58, "Total Cost": 3186.25, "Plan Rows": 15.0, "Plan Width": 8, "Actual Rows": 5986, "Actual Loops": 18, "Plans": [{"Node Type": "Nested Loop", "Parent Relationship": "Outer", "Parallel Aware": false, "Async Capable": false, "Join Type": "Inner", "Startup Cost": 0.58, "Total Cost": 3186.13, "Plan Rows": 15.0, "Plan Width": 8, "Actual Rows": 5986, "Actual Loops": 1, "Inner Unique": false, "Plans": [{"Node Type": "Nested Loop", "Parent Relationship": "Outer", "Parallel Aware": false, "Async Capable": false, "Join Type": "Inner", "Startup Cost": 0.29, "Total Cost": 3173.45, "Plan Rows": 1.0, "Plan Width": 4, "Actual Rows": 107, "Actual Loops": 1, "Inner Unique": false, "Plans": [{"Node Type": "Seq Scan", "Parent Relationship": "Outer", "Parallel Aware": false, "Async Capable": false, "Relation Name": "posts", "Alias": "p", "Startup Cost": 0.0, "Total Cost": 3139.4, "Plan Rows": 3, "Plan Width": 8, "Actual Rows": 61, "Actual Loops": 1, "Filter": "((score >= 14) AND (score <= 57) AND (answercount <= 54) AND (favoritecount >= 2) AND (favoritecount <= 54) AND (commentcount = 4))", "Rows Removed by Filter": 91915}, {"Node Type": "Index Scan", "Parent Relationship": "Inner", "Parallel Aware": false, "Async Capable": false, "Scan Direction": "Forward", "Index Name": "idx_postlinks_relatedpostid", "Relation Name": "postlinks", "Alias": "pl", "Startup Cost": 0.29, "Total Cost": 11.34, "Plan Rows": 1, "Plan Width": 4, "Actual Rows": 2, "Actual Loops": 61, "Index Cond": "(relatedpostid = p.id)", "Rows Removed by Index Recheck": 0, "Filter": "(creationdate <= '2012-11-05 11:20:40'::timestamp without time zone)", "Rows Removed by Filter": 4}]}, {"Node Type": "Index Scan", "Parent Relationship": "Inner", "Parallel Aware": false, "Async Capable": false, "Scan Direction": "Forward", "Index Name": "idx_badges_userid", "Relation Name": "badges", "Alias": "b", "Startup Cost": 0.29, "Total Cost": 12.66, "Plan Rows": 2, "Plan Width": 4, "Actual Rows": 56, "Actual Loops": 107, "Index Cond": "(userid = p.owneruserid)", "Rows Removed by Index Recheck": 0, "Filter": "(date <= '2013-10-22 08:58:54'::timestamp without time zone)", "Rows Removed by Filter": 13}]}]}]}]}, "Planning Time": 0.874, "Triggers": [], "Execution Time": 24.14}, {"Plan": {"Node Type": "Aggregate", "Strategy": "Plain", "Partial Mode": "Simple", "Parallel Aware": false, "Async Capable": false, "Startup Cost": 3194.84, "Total Cost": 3194.85, "Plan Rows": 1, "Plan Width": 8, "Actual Rows": 1, "Actual Loops": 1, "Plans": [{"Node Type": "Nested Loop", "Parent Relationship": "Outer", "Parallel Aware": false, "Async Capable": false, "Join Type": "Inner", "Startup Cost": 0.87, "Total Cost": 3194.83, "Plan Rows": 2.0, "Plan Width": 0, "Actual Rows": 62, "Actual Loops": 1, "Inner Unique": true, "Join Filter": "(p.owneruserid = u.id)", "Rows Removed by Join Filter": 0, "Plans": [{"Node Type": "Nested Loop", "Parent Relationship": "Outer", "Parallel Aware": false, "Async Capable": false, "Join Type": "Inner", "Startup Cost": 0.58, "Total Cost": 3186.13, "Plan Rows": 15.0, "Plan Width": 8, "Actual Rows": 5986, "Actual Loops": 1, "Inner Unique": false, "Plans": [{"Node Type": "Nested Loop", "Parent Relationship": "Outer", "Parallel Aware": false, "Async Capable": false, "Join Type": "Inner", "Startup Cost": 0.29, "Total Cost": 3173.45, "Plan Rows": 1.0, "Plan Width": 4, "Actual Rows": 107, "Actual Loops": 1, "Inner Unique": false, "Plans": [{"Node Type": "Seq Scan", "Parent Relationship": "Outer", "Parallel Aware": false, "Async Capable": false, "Relation Name": "posts", "Alias": "p", "Startup Cost": 0.0, "Total Cost": 3139.4, "Plan Rows": 3, "Plan Width": 8, "Actual Rows": 61, "Actual Loops": 1, "Filter": "((score >= 14) AND (score <= 57) AND (answercount <= 54) AND (favoritecount >= 2) AND (favoritecount <= 54) AND (commentcount = 4))", "Rows Removed by Filter": 91915}, {"Node Type": "Index Scan", "Parent Relationship": "Inner", "Parallel Aware": false, "Async Capable": false, "Scan Direction": "Forward", "Index Name": "idx_postlinks_relatedpostid", "Relation Name": "postlinks", "Alias": "pl", "Startup Cost": 0.29, "Total Cost": 11.34, "Plan Rows": 1, "Plan Width": 4, "Actual Rows": 2, "Actual Loops": 61, "Index Cond": "(relatedpostid = p.id)", "Rows Removed by Index Recheck": 0, "Filter": "(creationdate <= '2012-11-05 11:20:40'::timestamp without time zone)", "Rows Removed by Filter": 4}]}, {"Node Type": "Index Scan", "Parent Relationship": "Inner", "Parallel Aware": false, "Async Capable": false, "Scan Direction": "Forward", "Index Name": "idx_badges_userid", "Relation Name": "badges", "Alias": "b", "Startup Cost": 0.29, "Total Cost": 12.66, "Plan Rows": 2, "Plan Width": 4, "Actual Rows": 56, "Actual Loops": 107, "Index Cond": "(userid = p.owneruserid)", "Rows Removed by Index Recheck": 0, "Filter": "(date <= '2013-10-22 08:58:54'::timestamp without time zone)", "Rows Removed by Filter": 13}]}, {"Node Type": "Index Scan", "Parent Relationship": "Inner", "Parallel Aware": false, "Async Capable": false, "Scan Direction": "Forward", "Index Name": "users_pkey", "Relation Name": "users", "Alias": "u", "Startup Cost": 0.29, "Total Cost": 0.35, "Plan Rows": 1, "Plan Width": 4, "Actual Rows": 0, "Actual Loops": 5986, "Index Cond": "(id = b.userid)", "Rows Removed by Index Recheck": 0, "Filter": "((views <= 11234) AND (downvotes >= 79) AND (creationdate >= '2010-10-31 06:18:28'::timestamp without time zone) AND (creationdate <= '2013-12-04 08:55:53'::timestamp without time zone))", "Rows Removed by Filter": 1}]}]}, "Planning Time": 0.824, "Triggers": [], "Execution Time": 16.569}, {"Plan": {"Node Type": "Aggregate", "Strategy": "Plain", "Partial Mode": "Simple", "Parallel Aware": false, "Async Capable": false, "Startup Cost": 1346.04, "Total Cost": 1346.05, "Plan Rows": 1, "Plan Width": 8, "Actual Rows": 1, "Actual Loops": 1, "Plans": [{"Node Type": "Nested Loop", "Parent Relationship": "Outer", "Parallel Aware": false, "Async Capable": false, "Join Type": "Inner", "Startup Cost": 0.87, "Total Cost": 1346.03, "Plan Rows": 2.0, "Plan Width": 0, "Actual Rows": 62, "Actual Loops": 1, "Inner Unique": false, "Plans": [{"Node Type": "Nested Loop", "Parent Relationship": "Outer", "Parallel Aware": false, "Async Capable": false, "Join Type": "Inner", "Startup Cost": 0.58, "Total Cost": 1333.64, "Plan Rows": 1.0, "Plan Width": 8, "Actual Rows": 2, "Actual Loops": 1, "Inner Unique": false, "Plans": [{"Node Type": "Nested Loop", "Parent Relationship": "Outer", "Parallel Aware": false, "Async Capable": false, "Join Type": "Inner", "Startup Cost": 0.29, "Total Cost": 1322.29, "Plan Rows": 1.0, "Plan Width": 12, "Actual Rows": 2, "Actual Loops": 1, "Inner Unique": false, "Plans": [{"Node Type": "Seq Scan", "Parent Relationship": "Outer", "Parallel Aware": false, "Async Capable": false, "Relation Name": "users", "Alias": "u", "Startup Cost": 0.0, "Total Cost": 1103.5, "Plan Rows": 15, "Plan Width": 4, "Actual Rows": 18, "Actual Loops": 1, "Filter": "((views <= 11234) AND (downvotes >= 79) AND (creationdate >= '2010-10-31 06:18:28'::timestamp without time zone) AND (creationdate <= '2013-12-04 08:55:53'::timestamp without time zone))", "Rows Removed by Filter": 40307}, {"Node Type": "Index Scan", "Parent Relationship": "Inner", "Parallel Aware": false, "Async Capable": false, "Scan Direction": "Forward", "Index Name": "idx_posts_owneruserid", "Relation Name": "posts", "Alias": "p", "Startup Cost": 0.29, "Total Cost": 14.58, "Plan Rows": 1, "Plan Width": 8, "Actual Rows": 0, "Actual Loops": 18, "Index Cond": "(owneruserid = u.id)", "Rows Removed by Index Recheck": 0, "Filter": "((score >= 14) AND (score <= 57) AND (answercount <= 54) AND (favoritecount >= 2) AND (favoritecount <= 54) AND (commentcount = 4))", "Rows Removed by Filter": 213}]}, {"Node Type": "Index Scan", "Parent Relationship": "Inner", "Parallel Aware": false, "Async Capable": false, "Scan Direction": "Forward", "Index Name": "idx_postlinks_relatedpostid", "Relation Name": "postlinks", "Alias": "pl", "Startup Cost": 0.29, "Total Cost": 11.34, "Plan Rows": 1, "Plan Width": 4, "Actual Rows": 1, "Actual Loops": 2, "Index Cond": "(relatedpostid = p.id)", "Rows Removed by Index Recheck": 0, "Filter": "(creationdate <= '2012-11-05 11:20:40'::timestamp without time zone)", "Rows Removed by Filter": 8}]}, {"Node Type": "Index Scan", "Parent Relationship": "Inner", "Parallel Aware": false, "Async Capable": false, "Scan Direction": "Forward", "Index Name": "idx_badges_userid", "Relation Name": "badges", "Alias": "b", "Startup Cost": 0.29, "Total Cost": 12.37, "Plan Rows": 2, "Plan Width": 4, "Actual Rows": 31, "Actual Loops": 2, "Index Cond": "(userid = u.id)", "Rows Removed by Index Recheck": 0, "Filter": "(date <= '2013-10-22 08:58:54'::timestamp without time zone)", "Rows Removed by Filter": 10}]}]}, "Planning Time": 0.745, "Triggers": [], "Execution Time": 3.569}, {"Plan": {"Node Type": "Aggregate", "Strategy": "Plain", "Partial Mode": "Simple", "Parallel Aware": false, "Async Capable": false, "Startup Cost": 1532.18, "Total Cost": 1532.19, "Plan Rows": 1, "Plan Width": 8, "Actual Rows": 1, "Actual Loops": 1, "Plans": [{"Node Type": "Hash Join", "Parent Relationship": "Outer", "Parallel Aware": false, "Async Capable": false, "Join Type": "Inner", "Startup Cost": 1299.15, "Total Cost": 1532.18, "Plan Rows": 2.0, "Plan Width": 0, "Actual Rows": 62, "Actual Loops": 1, "Inner Unique": false, "Hash Cond": "(pl.relatedpostid = p.id)", "Plans": [{"Node Type": "Seq Scan", "Parent Relationship": "Outer", "Parallel Aware": false, "Async Capable": false, "Relation Name": "postlinks", "Alias": "pl", "Startup Cost": 0.0, "Total Cost": 220.78, "Plan Rows": 3265, "Plan Width": 4, "Actual Rows": 3261, "Actual Loops": 1, "Filter": "(creationdate <= '2012-11-05 11:20:40'::timestamp without time zone)", "Rows Removed by Filter": 7841}, {"Node Type": "Hash", "Parent Relationship": "Inner", "Parallel Aware": false, "Async Capable": false, "Startup Cost": 1299.14, "Total Cost": 1299.14, "Plan Rows": 3.0, "Plan Width": 4, "Actual Rows": 62, "Actual Loops": 1, "Hash Buckets": 1024, "Original Hash Buckets": 1024, "Hash Batches": 1, "Original Hash Batches": 1, "Peak Memory Usage": 11, "Plans": [{"Node Type": "Nested Loop", "Parent Relationship": "Outer", "Parallel Aware": false, "Async Capable": false, "Join Type": "Inner", "Startup Cost": 0.58, "Total Cost": 1299.14, "Plan Rows": 3.0, "Plan Width": 4, "Actual Rows": 62, "Actual Loops": 1, "Inner Unique": false, "Join Filter": "(p.owneruserid = u.id)", "Rows Removed by Join Filter": 0, "Plans": [{"Node Type": "Nested Loop", "Parent Relationship": "Outer", "Parallel Aware": false, "Async Capable": false, "Join Type": "Inner", "Startup Cost": 0.29, "Total Cost": 1289.4, "Plan Rows": 957.0, "Plan Width": 8, "Actual Rows": 855, "Actual Loops": 1, "Inner Unique": false, "Plans": [{"Node Type": "Seq Scan", "Parent Relationship": "Outer", "Parallel Aware": false, "Async Capable": false, "Relation Name": "users", "Alias": "u", "Startup Cost": 0.0, "Total Cost": 1103.5, "Plan Rows": 15, "Plan Width": 4, "Actual Rows": 18, "Actual Loops": 1, "Filter": "((views <= 11234) AND (downvotes >= 79) AND (creationdate >= '2010-10-31 06:18:28'::timestamp without time zone) AND (creationdate <= '2013-12-04 08:55:53'::timestamp without time zone))", "Rows Removed by Filter": 40307}, {"Node Type": "Index Scan", "Parent Relationship": "Inner", "Parallel Aware": false, "Async Capable": false, "Scan Direction": "Forward", "Index Name": "idx_badges_userid", "Relation Name": "badges", "Alias": "b", "Startup Cost": 0.29, "Total Cost": 12.37, "Plan Rows": 2, "Plan Width": 4, "Actual Rows": 48, "Actual Loops": 18, "Index Cond": "(userid = u.id)", "Rows Removed by Index Recheck": 0, "Filter": "(date <= '2013-10-22 08:58:54'::timestamp without time zone)", "Rows Removed by Filter": 21}]}, {"Node Type": "Index Scan", "Parent Relationship": "Inner", "Parallel Aware": false, "Async Capable": false, "Scan Direction": "Forward", "Index Name": "idx_posts_owneruserid", "Relation Name": "posts", "Alias": "p", "Startup Cost": 0.29, "Total Cost": 0.5, "Plan Rows": 1, "Plan Width": 8, "Actual Rows": 0, "Actual Loops": 855, "Index Cond": "(owneruserid = b.userid)", "Rows Removed by Index Recheck": 0, "Filter": "((score >= 14) AND (score <= 57) AND (answercount <= 54) AND (favoritecount >= 2) AND (favoritecount <= 54) AND (commentcount = 4))", "Rows Removed by Filter": 320}]}]}]}]}, "Planning Time": 0.768, "Triggers": [], "Execution Time": 53.348}, {"Plan": {"Node Type": "Aggregate", "Strategy": "Plain", "Partial Mode": "Simple", "Parallel Aware": false, "Async Capable": false, "Startup Cost": 4463.14, "Total Cost": 4463.15, "Plan Rows": 1, "Plan Width": 8, "Actual Rows": 1, "Actual Loops": 1, "Plans": [{"Node Type": "Nested Loop", "Parent Relationship": "Outer", "Parallel Aware": false, "Async Capable": false, "Join Type": "Inner", "Startup Cost": 0.58, "Total Cost": 4463.14, "Plan Rows": 2.0, "Plan Width": 0, "Actual Rows": 62, "Actual Loops": 1, "Inner Unique": false, "Join Filter": "(p.owneruserid = u.id)", "Rows Removed by Join Filter": 91423, "Plans": [{"Node Type": "Nested Loop", "Parent Relationship": "Outer", "Parallel Aware": false, "Async Capable": false, "Join Type": "Inner", "Startup Cost": 0.29, "Total Cost": 1289.4, "Plan Rows": 957.0, "Plan Width": 8, "Actual Rows": 855, "Actual Loops": 1, "Inner Unique": false, "Plans": [{"Node Type": "Seq Scan", "Parent Relationship": "Outer", "Parallel Aware": false, "Async Capable": false, "Relation Name": "users", "Alias": "u", "Startup Cost": 0.0, "Total Cost": 1103.5, "Plan Rows": 15, "Plan Width": 4, "Actual Rows": 18, "Actual Loops": 1, "Filter": "((views <= 11234) AND (downvotes >= 79) AND (creationdate >= '2010-10-31 06:18:28'::timestamp without time zone) AND (creationdate <= '2013-12-04 08:55:53'::timestamp without time zone))", "Rows Removed by Filter": 40307}, {"Node Type": "Index Scan", "Parent Relationship": "Inner", "Parallel Aware": false, "Async Capable": false, "Scan Direction": "Forward", "Index Name": "idx_badges_userid", "Relation Name": "badges", "Alias": "b", "Startup Cost": 0.29, "Total Cost": 12.37, "Plan Rows": 2, "Plan Width": 4, "Actual Rows": 48, "Actual Loops": 18, "Index Cond": "(userid = u.id)", "Rows Removed by Index Recheck": 0, "Filter": "(date <= '2013-10-22 08:58:54'::timestamp without time zone)", "Rows Removed by Filter": 21}]}, {"Node Type": "Materialize", "Parent Relationship": "Inner", "Parallel Aware": false, "Async Capable": false, "Startup Cost": 0.29, "Total Cost": 3173.45, "Plan Rows": 1.0, "Plan Width": 4, "Actual Rows": 107, "Actual Loops": 855, "Plans": [{"Node Type": "Nested Loop", "Parent Relationship": "Outer", "Parallel Aware": false, "Async Capable": false, "Join Type": "Inner", "Startup Cost": 0.29, "Total Cost": 3173.45, "Plan Rows": 1.0, "Plan Width": 4, "Actual Rows": 107, "Actual Loops": 1, "Inner Unique": false, "Plans": [{"Node Type": "Seq Scan", "Parent Relationship": "Outer", "Parallel Aware": false, "Async Capable": false, "Relation Name": "posts", "Alias": "p", "Startup Cost": 0.0, "Total Cost": 3139.4, "Plan Rows": 3, "Plan Width": 8, "Actual Rows": 61, "Actual Loops": 1, "Filter": "((score >= 14) AND (score <= 57) AND (answercount <= 54) AND (favoritecount >= 2) AND (favoritecount <= 54) AND (commentcount = 4))", "Rows Removed by Filter": 91915}, {"Node Type": "Index Scan", "Parent Relationship": "Inner", "Parallel Aware": false, "Async Capable": false, "Scan Direction": "Forward", "Index Name": "idx_postlinks_relatedpostid", "Relation Name": "postlinks", "Alias": "pl", "Startup Cost": 0.29, "Total Cost": 11.34, "Plan Rows": 1, "Plan Width": 4, "Actual Rows": 2, "Actual Loops": 61, "Index Cond": "(relatedpostid = p.id)", "Rows Removed by Index Recheck": 0, "Filter": "(creationdate <= '2012-11-05 11:20:40'::timestamp without time zone)", "Rows Removed by Filter": 4}]}]}]}]}, "Planning Time": 0.824, "Triggers": [], "Execution Time": 17.634}, {"Plan": {"Node Type": "Aggregate", "Strategy": "Plain", "Partial Mode": "Simple", "Parallel Aware": false, "Async Capable": false, "Startup Cost": 1310.49, "Total Cost": 1310.5, "Plan Rows": 1, "Plan Width": 8, "Actual Rows": 1, "Actual Loops": 1, "Plans": [{"Node Type": "Nested Loop", "Parent Relationship": "Outer", "Parallel Aware": false, "Async Capable": false, "Join Type": "Inner", "Startup Cost": 0.87, "Total Cost": 1310.48, "Plan Rows": 2.0, "Plan Width": 0, "Actual Rows": 62, "Actual Loops": 1, "Inner Unique": false, "Plans": [{"Node Type": "Nested Loop", "Parent Relationship": "Outer", "Parallel Aware": false, "Async Capable": false, "Join Type": "Inner", "Startup Cost": 0.58, "Total Cost": 1299.14, "Plan Rows": 3.0, "Plan Width": 4, "Actual Rows": 62, "Actual Loops": 1, "Inner Unique": false, "Join Filter": "(p.owneruserid = u.id)", "Rows Removed by Join Filter": 0, "Plans": [{"Node Type": "Nested Loop", "Parent Relationship": "Outer", "Parallel Aware": false, "Async Capable": false, "Join Type": "Inner", "Startup Cost": 0.29, "Total Cost": 1289.4, "Plan Rows": 957.0, "Plan Width": 8, "Actual Rows": 855, "Actual Loops": 1, "Inner Unique": false, "Plans": [{"Node Type": "Seq Scan", "Parent Relationship": "Outer", "Parallel Aware": false, "Async Capable": false, "Relation Name": "users", "Alias": "u", "Startup Cost": 0.0, "Total Cost": 1103.5, "Plan Rows": 15, "Plan Width": 4, "Actual Rows": 18, "Actual Loops": 1, "Filter": "((views <= 11234) AND (downvotes >= 79) AND (creationdate >= '2010-10-31 06:18:28'::timestamp without time zone) AND (creationdate <= '2013-12-04 08:55:53'::timestamp without time zone))", "Rows Removed by Filter": 40307}, {"Node Type": "Index Scan", "Parent Relationship": "Inner", "Parallel Aware": false, "Async Capable": false, "Scan Direction": "Forward", "Index Name": "idx_badges_userid", "Relation Name": "badges", "Alias": "b", "Startup Cost": 0.29, "Total Cost": 12.37, "Plan Rows": 2, "Plan Width": 4, "Actual Rows": 48, "Actual Loops": 18, "Index Cond": "(userid = u.id)", "Rows Removed by Index Recheck": 0, "Filter": "(date <= '2013-10-22 08:58:54'::timestamp without time zone)", "Rows Removed by Filter": 21}]}, {"Node Type": "Index Scan", "Parent Relationship": "Inner", "Parallel Aware": false, "Async Capable": false, "Scan Direction": "Forward", "Index Name": "idx_posts_owneruserid", "Relation Name": "posts", "Alias": "p", "Startup Cost": 0.29, "Total Cost": 0.5, "Plan Rows": 1, "Plan Width": 8, "Actual Rows": 0, "Actual Loops": 855, "Index Cond": "(owneruserid = b.userid)", "Rows Removed by Index Recheck": 0, "Filter": "((score >= 14) AND (score <= 57) AND (answercount <= 54) AND (favoritecount >= 2) AND (favoritecount <= 54) AND (commentcount = 4))", "Rows Removed by Filter": 320}]}, {"Node Type": "Index Scan", "Parent Relationship": "Inner", "Parallel Aware": false, "Async Capable": false, "Scan Direction": "Forward", "Index Name": "idx_postlinks_relatedpostid", "Relation Name": "postlinks", "Alias": "pl", "Startup Cost": 0.29, "Total Cost": 11.34, "Plan Rows": 1, "Plan Width": 4, "Actual Rows": 1, "Actual Loops": 62, "Index Cond": "(relatedpostid = p.id)", "Rows Removed by Index Recheck": 0, "Filter": "(creationdate <= '2012-11-05 11:20:40'::timestamp without time zone)", "Rows Removed by Filter": 8}]}]}, "Planning Time": 0.727, "Triggers": [], "Execution Time": 51.634}, {"Plan": {"Node Type": "Aggregate", "Strategy": "Plain", "Partial Mode": "Simple", "Parallel Aware": false, "Async Capable": false, "Startup Cost": 2951.83, "Total Cost": 2951.84, "Plan Rows": 1, "Plan Width": 8, "Actual Rows": 1, "Actual Loops": 1, "Plans": [{"Node Type": "Hash Join", "Parent Relationship": "Outer", "Parallel Aware": false, "Async Capable": false, "Join Type": "Inner", "Startup Cost": 1333.65, "Total Cost": 2951.83, "Plan Rows": 2.0, "Plan Width": 0, "Actual Rows": 62, "Actual Loops": 1, "Inner Unique": false, "Hash Cond": "(b.userid = u.id)", "Plans": [{"Node Type": "Seq Scan", "Parent Relationship": "Outer", "Parallel Aware": false, "Async Capable": false, "Relation Name": "badges", "Alias": "b", "Startup Cost": 0.0, "Total Cost": 1430.14, "Plan Rows": 50141, "Plan Width": 4, "Actual Rows": 50133, "Actual Loops": 1, "Filter": "(date <= '2013-10-22 08:58:54'::timestamp without time zone)", "Rows Removed by Filter": 29718}, {"Node Type": "Hash", "Parent Relationship": "Inner", "Parallel Aware": false, "Async Capable": false, "Startup Cost": 1333.64, "Total Cost": 1333.64, "Plan Rows": 1.0, "Plan Width": 8, "Actual Rows": 2, "Actual Loops": 1, "Hash Buckets": 1024, "Original Hash Buckets": 1024, "Hash Batches": 1, "Original Hash Batches": 1, "Peak Memory Usage": 9, "Plans": [{"Node Type": "Nested Loop", "Parent Relationship": "Outer", "Parallel Aware": false, "Async Capable": false, "Join Type": "Inner", "Startup Cost": 0.58, "Total Cost": 1333.64, "Plan Rows": 1.0, "Plan Width": 8, "Actual Rows": 2, "Actual Loops": 1, "Inner Unique": false, "Plans": [{"Node Type": "Nested Loop", "Parent Relationship": "Outer", "Parallel Aware": false, "Async Capable": false, "Join Type": "Inner", "Startup Cost": 0.29, "Total Cost": 1322.29, "Plan Rows": 1.0, "Plan Width": 12, "Actual Rows": 2, "Actual Loops": 1, "Inner Unique": false, "Plans": [{"Node Type": "Seq Scan", "Parent Relationship": "Outer", "Parallel Aware": false, "Async Capable": false, "Relation Name": "users", "Alias": "u", "Startup Cost": 0.0, "Total Cost": 1103.5, "Plan Rows": 15, "Plan Width": 4, "Actual Rows": 18, "Actual Loops": 1, "Filter": "((views <= 11234) AND (downvotes >= 79) AND (creationdate >= '2010-10-31 06:18:28'::timestamp without time zone) AND (creationdate <= '2013-12-04 08:55:53'::timestamp without time zone))", "Rows Removed by Filter": 40307}, {"Node Type": "Index Scan", "Parent Relationship": "Inner", "Parallel Aware": false, "Async Capable": false, "Scan Direction": "Forward", "Index Name": "idx_posts_owneruserid", "Relation Name": "posts", "Alias": "p", "Startup Cost": 0.29, "Total Cost": 14.58, "Plan Rows": 1, "Plan Width": 8, "Actual Rows": 0, "Actual Loops": 18, "Index Cond": "(owneruserid = u.id)", "Rows Removed by Index Recheck": 0, "Filter": "((score >= 14) AND (score <= 57) AND (answercount <= 54) AND (favoritecount >= 2) AND (favoritecount <= 54) AND (commentcount = 4))", "Rows Removed by Filter": 213}]}, {"Node Type": "Index Scan", "Parent Relationship": "Inner", "Parallel Aware": false, "Async Capable": false, "Scan Direction": "Forward", "Index Name": "idx_postlinks_relatedpostid", "Relation Name": "postlinks", "Alias": "pl", "Startup Cost": 0.29, "Total Cost": 11.34, "Plan Rows": 1, "Plan Width": 4, "Actual Rows": 1, "Actual Loops": 2, "Index Cond": "(relatedpostid = p.id)", "Rows Removed by Index Recheck": 0, "Filter": "(creationdate <= '2012-11-05 11:20:40'::timestamp without time zone)", "Rows Removed by Filter": 8}]}]}]}]}, "Planning Time": 0.794, "Triggers": [], "Execution Time": 10.394}, {"Plan": {"Node Type": "Aggregate", "Strategy": "Plain", "Partial Mode": "Simple", "Parallel Aware": false, "Async Capable": false, "Startup Cost": 4463.09, "Total Cost": 4463.1, "Plan Rows": 1, "Plan Width": 8, "Actual Rows": 1, "Actual Loops": 1, "Plans": [{"Node Type": "Nested Loop", "Parent Relationship": "Outer", "Parallel Aware": false, "Async Capable": false, "Join Type": "Inner", "Startup Cost": 0.58, "Total Cost": 4463.09, "Plan Rows": 2.0, "Plan Width": 0, "Actual Rows": 62, "Actual Loops": 1, "Inner Unique": false, "Join Filter": "(p.owneruserid = u.id)", "Rows Removed by Join Filter": 91423, "Plans": [{"Node Type": "Nested Loop", "Parent Relationship": "Outer", "Parallel Aware": false, "Async Capable": false, "Join Type": "Inner", "Startup Cost": 0.29, "Total Cost": 3173.45, "Plan Rows": 1.0, "Plan Width": 4, "Actual Rows": 107, "Actual Loops": 1, "Inner Unique": false, "Plans": [{"Node Type": "Seq Scan", "Parent Relationship": "Outer", "Parallel Aware": false, "Async Capable": false, "Relation Name": "posts", "Alias": "p", "Startup Cost": 0.0, "Total Cost": 3139.4, "Plan Rows": 3, "Plan Width": 8, "Actual Rows": 61, "Actual Loops": 1, "Filter": "((score >= 14) AND (score <= 57) AND (answercount <= 54) AND (favoritecount >= 2) AND (favoritecount <= 54) AND (commentcount = 4))", "Rows Removed by Filter": 91915}, {"Node Type": "Index Scan", "Parent Relationship": "Inner", "Parallel Aware": false, "Async Capable": false, "Scan Direction": "Forward", "Index Name": "idx_postlinks_relatedpostid", "Relation Name": "postlinks", "Alias": "pl", "Startup Cost": 0.29, "Total Cost": 11.34, "Plan Rows": 1, "Plan Width": 4, "Actual Rows": 2, "Actual Loops": 61, "Index Cond": "(relatedpostid = p.id)", "Rows Removed by Index Recheck": 0, "Filter": "(creationdate <= '2012-11-05 11:20:40'::timestamp without time zone)", "Rows Removed by Filter": 4}]}, {"Node Type": "Nested Loop", "Parent Relationship": "Inner", "Parallel Aware": false, "Async Capable": false, "Join Type": "Inner", "Startup Cost": 0.29, "Total Cost": 1289.4, "Plan Rows": 957.0, "Plan Width": 8, "Actual Rows": 855, "Actual Loops": 107, "Inner Unique": false, "Plans": [{"Node Type": "Seq Scan", "Parent Relationship": "Outer", "Parallel Aware": false, "Async Capable": false, "Relation Name": "users", "Alias": "u", "Startup Cost": 0.0, "Total Cost": 1103.5, "Plan Rows": 15, "Plan Width": 4, "Actual Rows": 18, "Actual Loops": 107, "Filter": "((views <= 11234) AND (downvotes >= 79) AND (creationdate >= '2010-10-31 06:18:28'::timestamp without time zone) AND (creationdate <= '2013-12-04 08:55:53'::timestamp without time zone))", "Rows Removed by Filter": 40307}, {"Node Type": "Index Scan", "Parent Relationship": "Inner", "Parallel Aware": false, "Async Capable": false, "Scan Direction": "Forward", "Index Name": "idx_badges_userid", "Relation Name": "badges", "Alias": "b", "Startup Cost": 0.29, "Total Cost": 12.37, "Plan Rows": 2, "Plan Width": 4, "Actual Rows": 48, "Actual Loops": 1926, "Index Cond": "(userid = u.id)", "Rows Removed by Index Recheck": 0, "Filter": "(date <= '2013-10-22 08:58:54'::timestamp without time zone)", "Rows Removed by Filter": 21}]}]}]}, "Planning Time": 1.042, "Triggers": [], "Execution Time": 279.639}]