[{"Plan": {"Node Type": "Aggregate", "Strategy": "Plain", "Partial Mode": "Simple", "Parallel Aware": false, "Async Capable": false, "Startup Cost": 1078.48, "Total Cost": 1078.49, "Plan Rows": 1, "Plan Width": 8, "Actual Rows": 1, "Actual Loops": 1, "Plans": [{"Node Type": "Nested Loop", "Parent Relationship": "Outer", "Parallel Aware": false, "Async Capable": false, "Join Type": "Inner", "Startup Cost": 0.71, "Total Cost": 1078.48, "Plan Rows": 2.0, "Plan Width": 0, "Actual Rows": 88, "Actual Loops": 1, "Inner Unique": true, "Plans": [{"Node Type": "Nested Loop", "Parent Relationship": "Outer", "Parallel Aware": false, "Async Capable": false, "Join Type": "Inner", "Startup Cost": 0.42, "Total Cost": 1078.12, "Plan Rows": 29.0, "Plan Width": 4, "Actual Rows": 395, "Actual Loops": 1, "Inner Unique": false, "Plans": [{"Node Type": "Seq Scan", "Parent Relationship": "Outer", "Parallel Aware": false, "Async Capable": false, "Relation Name": "users", "Alias": "u", "Startup Cost": 0.0, "Total Cost": 1002.69, "Plan Rows": 3, "Plan Width": 4, "Actual Rows": 5, "Actual Loops": 1, "Filter": "((upvotes >= 6327) AND (creationdate >= '2010-08-04 08:23:47'::timestamp without time zone) AND (creationdate <= '2013-06-30 18:26:23'::timestamp without time zone))", "Rows Removed by Filter": 40320}, {"Node Type": "Index Scan", "Parent Relationship": "Inner", "Parallel Aware": false, "Async Capable": false, "Scan Direction": "Forward", "Index Name": "idx_votes_userid", "Relation Name": "votes", "Alias": "v", "Startup Cost": 0.42, "Total Cost": 25.11, "Plan Rows": 3, "Plan Width": 8, "Actual Rows": 79, "Actual Loops": 5, "Index Cond": "(userid = u.id)", "Rows Removed by Index Recheck": 0, "Filter": "(creationdate <= '2012-05-12 18:16:08'::timestamp without time zone)", "Rows Removed by Filter": 209}]}, {"Node Type": "Index Scan", "Parent Relationship": "Inner", "Parallel Aware": false, "Async Capable": false, "Scan Direction": "Forward", "Index Name": "posts_pkey", "Relation Name": "posts", "Alias": "p", "Startup Cost": 0.29, "Total Cost": 0.36, "Plan Rows": 1, "Plan Width": 4, "Actual Rows": 0, "Actual Loops": 395, "Index Cond": "(id = v.postid)", "Rows Removed by Index Recheck": 0, "Filter": "((score >= '-15'::integer) AND (creationdate >= '2011-01-24 05:46:46'::timestamp without time zone) AND (creationdate <= '2011-08-07 14:36:18'::timestamp without time zone))", "Rows Removed by Filter": 1}]}]}, "Planning Time": 0.292, "Triggers": [], "Execution Time": 3.86}, {"Plan": {"Node Type": "Aggregate", "Strategy": "Plain", "Partial Mode": "Simple", "Parallel Aware": false, "Async Capable": false, "Startup Cost": 5324.93, "Total Cost": 5324.94, "Plan Rows": 1, "Plan Width": 8, "Actual Rows": 1, "Actual Loops": 1, "Plans": [{"Node Type": "Merge Join", "Parent Relationship": "Outer", "Parallel Aware": false, "Async Capable": false, "Join Type": "Inner", "Startup Cost": 1.01, "Total Cost": 5324.93, "Plan Rows": 2.0, "Plan Width": 0, "Actual Rows": 88, "Actual Loops": 1, "Inner Unique": false, "Merge Cond": "(u.id = v.userid)", "Plans": [{"Node Type": "Index Scan", "Parent Relationship": "Outer", "Parallel Aware": false, "Async Capable": false, "Scan Direction": "Forward", "Index Name": "users_pkey", "Relation Name": "users", "Alias": "u", "Startup Cost": 0.29, "Total Cost": 1659.6, "Plan Rows": 3, "Plan Width": 4, "Actual Rows": 5, "Actual Loops": 1, "Filter": "((upvotes >= 6327) AND (creationdate >= '2010-08-04 08:23:47'::timestamp without time zone) AND (creationdate <= '2013-06-30 18:26:23'::timestamp without time zone))", "Rows Removed by Filter": 40320}, {"Node Type": "Materialize", "Parent Relationship": "Inner", "Parallel Aware": false, "Async Capable": false, "Startup Cost": 0.72, "Total Cost": 34632.53, "Plan Rows": 360.0, "Plan Width": 4, "Actual Rows": 2414, "Actual Loops": 1, "Plans": [{"Node Type": "Nested Loop", "Parent Relationship": "Outer", "Parallel Aware": false, "Async Capable": false, "Join Type": "Inner", "Startup Cost": 0.72, "Total Cost": 34613.64, "Plan Rows": 360.0, "Plan Width": 4, "Actual Rows": 2414, "Actual Loops": 1, "Inner Unique": true, "Plans": [{"Node Type": "Index Scan", "Parent Relationship": "Outer", "Parallel Aware": false, "Async Capable": false, "Scan Direction": "Forward", "Index Name": "idx_votes_userid", "Relation Name": "votes", "Alias": "v", "Startup Cost": 0.42, "Total Cost": 12422.47, "Plan Rows": 102276, "Plan Width": 8, "Actual Rows": 8210, "Actual Loops": 1, "Filter": "(creationdate <= '2012-05-12 18:16:08'::timestamp without time zone)", "Rows Removed by Filter": 6037}, {"Node Type": "Memoize", "Parent Relationship": "Inner", "Parallel Aware": false, "Async Capable": false, "Startup Cost": 0.3, "Total Cost": 0.37, "Plan Rows": 1, "Plan Width": 4, "Actual Rows": 0, "Actual Loops": 8210, "Cache Key": "v.postid", "Cache Mode": "logical", "Cache Hits": 4857, "Cache Misses": 3353, "Cache Evictions": 0, "Cache Overflows": 0, "Peak Memory Usage": 265, "Plans": [{"Node Type": "Index Scan", "Parent Relationship": "Outer", "Parallel Aware": false, "Async Capable": false, "Scan Direction": "Forward", "Index Name": "posts_pkey", "Relation Name": "posts", "Alias": "p", "Startup Cost": 0.29, "Total Cost": 0.36, "Plan Rows": 1, "Plan Width": 4, "Actual Rows": 0, "Actual Loops": 3353, "Index Cond": "(id = v.postid)", "Rows Removed by Index Recheck": 0, "Filter": "((score >= '-15'::integer) AND (creationdate >= '2011-01-24 05:46:46'::timestamp without time zone) AND (creationdate <= '2011-08-07 14:36:18'::timestamp without time zone))", "Rows Removed by Filter": 1}]}]}]}]}]}, "Planning Time": 0.498, "Triggers": [], "Execution Time": 27.702}, {"Plan": {"Node Type": "Aggregate", "Strategy": "Plain", "Partial Mode": "Simple", "Parallel Aware": false, "Async Capable": false, "Startup Cost": 2344.23, "Total Cost": 2344.24, "Plan Rows": 1, "Plan Width": 8, "Actual Rows": 1, "Actual Loops": 1, "Plans": [{"Node Type": "Nested Loop", "Parent Relationship": "Outer", "Parallel Aware": false, "Async Capable": false, "Join Type": "Inner", "Startup Cost": 1003.43, "Total Cost": 2344.23, "Plan Rows": 2.0, "Plan Width": 0, "Actual Rows": 88, "Actual Loops": 1, "Inner Unique": true, "Plans": [{"Node Type": "Merge Join", "Parent Relationship": "Outer", "Parallel Aware": false, "Async Capable": false, "Join Type": "Inner", "Startup Cost": 1003.13, "Total Cost": 2343.87, "Plan Rows": 29.0, "Plan Width": 4, "Actual Rows": 395, "Actual Loops": 1, "Inner Unique": true, "Merge Cond": "(v.userid = u.id)", "Plans": [{"Node Type": "Index Scan", "Parent Relationship": "Outer", "Parallel Aware": false, "Async Capable": false, "Scan Direction": "Forward", "Index Name": "idx_votes_userid", "Relation Name": "votes", "Alias": "v", "Startup Cost": 0.42, "Total Cost": 12422.47, "Plan Rows": 102276, "Plan Width": 8, "Actual Rows": 8202, "Actual Loops": 1, "Filter": "(creationdate <= '2012-05-12 18:16:08'::timestamp without time zone)", "Rows Removed by Filter": 6000}, {"Node Type": "Sort", "Parent Relationship": "Inner", "Parallel Aware": false, "Async Capable": false, "Startup Cost": 1002.71, "Total Cost": 1002.72, "Plan Rows": 3, "Plan Width": 4, "Actual Rows": 5, "Actual Loops": 1, "Sort Key": ["u.id"], "Sort Method": "quicksort", "Sort Space Used": 25, "Sort Space Type": "Memory", "Plans": [{"Node Type": "Seq Scan", "Parent Relationship": "Outer", "Parallel Aware": false, "Async Capable": false, "Relation Name": "users", "Alias": "u", "Startup Cost": 0.0, "Total Cost": 1002.69, "Plan Rows": 3, "Plan Width": 4, "Actual Rows": 5, "Actual Loops": 1, "Filter": "((upvotes >= 6327) AND (creationdate >= '2010-08-04 08:23:47'::timestamp without time zone) AND (creationdate <= '2013-06-30 18:26:23'::timestamp without time zone))", "Rows Removed by Filter": 40320}]}]}, {"Node Type": "Index Scan", "Parent Relationship": "Inner", "Parallel Aware": false, "Async Capable": false, "Scan Direction": "Forward", "Index Name": "posts_pkey", "Relation Name": "posts", "Alias": "p", "Startup Cost": 0.29, "Total Cost": 0.36, "Plan Rows": 1, "Plan Width": 4, "Actual Rows": 0, "Actual Loops": 395, "Index Cond": "(id = v.postid)", "Rows Removed by Index Recheck": 0, "Filter": "((score >= '-15'::integer) AND (creationdate >= '2011-01-24 05:46:46'::timestamp without time zone) AND (creationdate <= '2011-08-07 14:36:18'::timestamp without time zone))", "Rows Removed by Filter": 1}]}]}, "Planning Time": 0.391, "Triggers": [], "Execution Time": 7.344}, {"Plan": {"Node Type": "Aggregate", "Strategy": "Plain", "Partial Mode": "Simple", "Parallel Aware": false, "Async Capable": false, "Startup Cost": 4666.05, "Total Cost": 4666.06, "Plan Rows": 1, "Plan Width": 8, "Actual Rows": 1, "Actual Loops": 1, "Plans": [{"Node Type": "Merge Join", "Parent Relationship": "Outer", "Parallel Aware": false, "Async Capable": false, "Join Type": "Inner", "Startup Cost": 1003.44, "Total Cost": 4666.04, "Plan Rows": 2.0, "Plan Width": 0, "Actual Rows": 88, "Actual Loops": 1, "Inner Unique": true, "Merge Cond": "(v.userid = u.id)", "Plans": [{"Node Type": "Nested Loop", "Parent Relationship": "Outer", "Parallel Aware": false, "Async Capable": false, "Join Type": "Inner", "Startup Cost": 0.72, "Total Cost": 34613.64, "Plan Rows": 360.0, "Plan Width": 4, "Actual Rows": 2414, "Actual Loops": 1, "Inner Unique": true, "Plans": [{"Node Type": "Index Scan", "Parent Relationship": "Outer", "Parallel Aware": false, "Async Capable": false, "Scan Direction": "Forward", "Index Name": "idx_votes_userid", "Relation Name": "votes", "Alias": "v", "Startup Cost": 0.42, "Total Cost": 12422.47, "Plan Rows": 102276, "Plan Width": 8, "Actual Rows": 8210, "Actual Loops": 1, "Filter": "(creationdate <= '2012-05-12 18:16:08'::timestamp without time zone)", "Rows Removed by Filter": 6037}, {"Node Type": "Memoize", "Parent Relationship": "Inner", "Parallel Aware": false, "Async Capable": false, "Startup Cost": 0.3, "Total Cost": 0.37, "Plan Rows": 1, "Plan Width": 4, "Actual Rows": 0, "Actual Loops": 8210, "Cache Key": "v.postid", "Cache Mode": "logical", "Cache Hits": 4857, "Cache Misses": 3353, "Cache Evictions": 0, "Cache Overflows": 0, "Peak Memory Usage": 265, "Plans": [{"Node Type": "Index Scan", "Parent Relationship": "Outer", "Parallel Aware": false, "Async Capable": false, "Scan Direction": "Forward", "Index Name": "posts_pkey", "Relation Name": "posts", "Alias": "p", "Startup Cost": 0.29, "Total Cost": 0.36, "Plan Rows": 1, "Plan Width": 4, "Actual Rows": 0, "Actual Loops": 3353, "Index Cond": "(id = v.postid)", "Rows Removed by Index Recheck": 0, "Filter": "((score >= '-15'::integer) AND (creationdate >= '2011-01-24 05:46:46'::timestamp without time zone) AND (creationdate <= '2011-08-07 14:36:18'::timestamp without time zone))", "Rows Removed by Filter": 1}]}]}, {"Node Type": "Sort", "Parent Relationship": "Inner", "Parallel Aware": false, "Async Capable": false, "Startup Cost": 1002.71, "Total Cost": 1002.72, "Plan Rows": 3, "Plan Width": 4, "Actual Rows": 5, "Actual Loops": 1, "Sort Key": ["u.id"], "Sort Method": "quicksort", "Sort Space Used": 25, "Sort Space Type": "Memory", "Plans": [{"Node Type": "Seq Scan", "Parent Relationship": "Outer", "Parallel Aware": false, "Async Capable": false, "Relation Name": "users", "Alias": "u", "Startup Cost": 0.0, "Total Cost": 1002.69, "Plan Rows": 3, "Plan Width": 4, "Actual Rows": 5, "Actual Loops": 1, "Filter": "((upvotes >= 6327) AND (creationdate >= '2010-08-04 08:23:47'::timestamp without time zone) AND (creationdate <= '2013-06-30 18:26:23'::timestamp without time zone))", "Rows Removed by Filter": 40320}]}]}]}, "Planning Time": 0.413, "Triggers": [], "Execution Time": 15.204}, {"Plan": {"Node Type": "Aggregate", "Strategy": "Plain", "Partial Mode": "Simple", "Parallel Aware": false, "Async Capable": false, "Startup Cost": 3553.2, "Total Cost": 3553.21, "Plan Rows": 1, "Plan Width": 8, "Actual Rows": 1, "Actual Loops": 1, "Plans": [{"Node Type": "Hash Join", "Parent Relationship": "Outer", "Parallel Aware": false, "Async Capable": false, "Join Type": "Inner", "Startup Cost": 1078.13, "Total Cost": 3553.2, "Plan Rows": 2.0, "Plan Width": 0, "Actual Rows": 88, "Actual Loops": 1, "Inner Unique": false, "Hash Cond": "(p.id = v.postid)", "Plans": [{"Node Type": "Seq Scan", "Parent Relationship": "Outer", "Parallel Aware": false, "Async Capable": false, "Relation Name": "posts", "Alias": "p", "Startup Cost": 0.0, "Total Cost": 2449.58, "Plan Rows": 6794, "Plan Width": 4, "Actual Rows": 6798, "Actual Loops": 1, "Filter": "((score >= '-15'::integer) AND (creationdate >= '2011-01-24 05:46:46'::timestamp without time zone) AND (creationdate <= '2011-08-07 14:36:18'::timestamp without time zone))", "Rows Removed by Filter": 85178}, {"Node Type": "Hash", "Parent Relationship": "Inner", "Parallel Aware": false, "Async Capable": false, "Startup Cost": 1078.12, "Total Cost": 1078.12, "Plan Rows": 29.0, "Plan Width": 4, "Actual Rows": 395, "Actual Loops": 1, "Hash Buckets": 1024, "Original Hash Buckets": 1024, "Hash Batches": 1, "Original Hash Batches": 1, "Peak Memory Usage": 22, "Plans": [{"Node Type": "Nested Loop", "Parent Relationship": "Outer", "Parallel Aware": false, "Async Capable": false, "Join Type": "Inner", "Startup Cost": 0.42, "Total Cost": 1078.12, "Plan Rows": 29.0, "Plan Width": 4, "Actual Rows": 395, "Actual Loops": 1, "Inner Unique": false, "Plans": [{"Node Type": "Seq Scan", "Parent Relationship": "Outer", "Parallel Aware": false, "Async Capable": false, "Relation Name": "users", "Alias": "u", "Startup Cost": 0.0, "Total Cost": 1002.69, "Plan Rows": 3, "Plan Width": 4, "Actual Rows": 5, "Actual Loops": 1, "Filter": "((upvotes >= 6327) AND (creationdate >= '2010-08-04 08:23:47'::timestamp without time zone) AND (creationdate <= '2013-06-30 18:26:23'::timestamp without time zone))", "Rows Removed by Filter": 40320}, {"Node Type": "Index Scan", "Parent Relationship": "Inner", "Parallel Aware": false, "Async Capable": false, "Scan Direction": "Forward", "Index Name": "idx_votes_userid", "Relation Name": "votes", "Alias": "v", "Startup Cost": 0.42, "Total Cost": 25.11, "Plan Rows": 3, "Plan Width": 8, "Actual Rows": 79, "Actual Loops": 5, "Index Cond": "(userid = u.id)", "Rows Removed by Index Recheck": 0, "Filter": "(creationdate <= '2012-05-12 18:16:08'::timestamp without time zone)", "Rows Removed by Filter": 209}]}]}]}]}, "Planning Time": 0.538, "Triggers": [], "Execution Time": 16.236}, {"Plan": {"Node Type": "Aggregate", "Strategy": "Plain", "Partial Mode": "Simple", "Parallel Aware": false, "Async Capable": false, "Startup Cost": 1078.48, "Total Cost": 1078.49, "Plan Rows": 1, "Plan Width": 8, "Actual Rows": 1, "Actual Loops": 1, "Plans": [{"Node Type": "Nested Loop", "Parent Relationship": "Outer", "Parallel Aware": false, "Async Capable": false, "Join Type": "Inner", "Startup Cost": 0.71, "Total Cost": 1078.48, "Plan Rows": 2.0, "Plan Width": 0, "Actual Rows": 88, "Actual Loops": 1, "Inner Unique": true, "Plans": [{"Node Type": "Nested Loop", "Parent Relationship": "Outer", "Parallel Aware": false, "Async Capable": false, "Join Type": "Inner", "Startup Cost": 0.42, "Total Cost": 1078.12, "Plan Rows": 29.0, "Plan Width": 4, "Actual Rows": 395, "Actual Loops": 1, "Inner Unique": false, "Plans": [{"Node Type": "Seq Scan", "Parent Relationship": "Outer", "Parallel Aware": false, "Async Capable": false, "Relation Name": "users", "Alias": "u", "Startup Cost": 0.0, "Total Cost": 1002.69, "Plan Rows": 3, "Plan Width": 4, "Actual Rows": 5, "Actual Loops": 1, "Filter": "((upvotes >= 6327) AND (creationdate >= '2010-08-04 08:23:47'::timestamp without time zone) AND (creationdate <= '2013-06-30 18:26:23'::timestamp without time zone))", "Rows Removed by Filter": 40320}, {"Node Type": "Index Scan", "Parent Relationship": "Inner", "Parallel Aware": false, "Async Capable": false, "Scan Direction": "Forward", "Index Name": "idx_votes_userid", "Relation Name": "votes", "Alias": "v", "Startup Cost": 0.42, "Total Cost": 25.11, "Plan Rows": 3, "Plan Width": 8, "Actual Rows": 79, "Actual Loops": 5, "Index Cond": "(userid = u.id)", "Rows Removed by Index Recheck": 0, "Filter": "(creationdate <= '2012-05-12 18:16:08'::timestamp without time zone)", "Rows Removed by Filter": 209}]}, {"Node Type": "Index Scan", "Parent Relationship": "Inner", "Parallel Aware": false, "Async Capable": false, "Scan Direction": "Forward", "Index Name": "posts_pkey", "Relation Name": "posts", "Alias": "p", "Startup Cost": 0.29, "Total Cost": 0.36, "Plan Rows": 1, "Plan Width": 4, "Actual Rows": 0, "Actual Loops": 395, "Index Cond": "(id = v.postid)", "Rows Removed by Index Recheck": 0, "Filter": "((score >= '-15'::integer) AND (creationdate >= '2011-01-24 05:46:46'::timestamp without time zone) AND (creationdate <= '2011-08-07 14:36:18'::timestamp without time zone))", "Rows Removed by Filter": 1}]}]}, "Planning Time": 0.323, "Triggers": [], "Execution Time": 2.815}]