[{"Plan": {"Node Type": "Aggregate", "Strategy": "Plain", "Partial Mode": "Simple", "Parallel Aware": false, "Async Capable": false, "Startup Cost": 3188.82, "Total Cost": 3188.83, "Plan Rows": 1, "Plan Width": 8, "Actual Rows": 1, "Actual Loops": 1, "Plans": [{"Node Type": "Nested Loop", "Parent Relationship": "Outer", "Parallel Aware": false, "Async Capable": false, "Join Type": "Inner", "Startup Cost": 1.0, "Total Cost": 3187.82, "Plan Rows": 5.0, "Plan Width": 0, "Actual Rows": 955, "Actual Loops": 1, "Inner Unique": false, "Plans": [{"Node Type": "Nested Loop", "Parent Relationship": "Outer", "Parallel Aware": false, "Async Capable": false, "Join Type": "Inner", "Startup Cost": 0.58, "Total Cost": 3182.76, "Plan Rows": 61.0, "Plan Width": 12, "Actual Rows": 71, "Actual Loops": 1, "Inner Unique": false, "Plans": [{"Node Type": "Nested Loop", "Parent Relationship": "Outer", "Parallel Aware": false, "Async Capable": false, "Join Type": "Inner", "Startup Cost": 0.29, "Total Cost": 3180.98, "Plan Rows": 4.0, "Plan Width": 8, "Actual Rows": 12, "Actual Loops": 1, "Inner Unique": true, "Plans": [{"Node Type": "Seq Scan", "Parent Relationship": "Outer", "Parallel Aware": false, "Async Capable": false, "Relation Name": "posts", "Alias": "p", "Startup Cost": 0.0, "Total Cost": 3139.4, "Plan Rows": 5, "Plan Width": 4, "Actual Rows": 14, "Actual Loops": 1, "Filter": "((answercount <= 3) AND (commentcount >= 19) AND (commentcount <= 26) AND (favoritecount >= 0) AND (favoritecount <= 222) AND (creationdate <= '2014-08-13 22:35:30'::timestamp without time zone))", "Rows Removed by Filter": 91962}, {"Node Type": "Index Scan", "Parent Relationship": "Inner", "Parallel Aware": false, "Async Capable": false, "Scan Direction": "Forward", "Index Name": "users_pkey", "Relation Name": "users", "Alias": "u", "Startup Cost": 0.29, "Total Cost": 8.31, "Plan Rows": 1, "Plan Width": 4, "Actual Rows": 1, "Actual Loops": 14, "Index Cond": "(id = p.owneruserid)", "Rows Removed by Index Recheck": 0, "Filter": "((reputation <= 9013) AND (creationdate >= '2011-06-26 19:19:05'::timestamp without time zone) AND (creationdate <= '2014-07-22 17:46:04'::timestamp without time zone))", "Rows Removed by Filter": 0}]}, {"Node Type": "Index Scan", "Parent Relationship": "Inner", "Parallel Aware": false, "Async Capable": false, "Scan Direction": "Forward", "Index Name": "idx_badges_userid", "Relation Name": "badges", "Alias": "b", "Startup Cost": 0.29, "Total Cost": 0.43, "Plan Rows": 2, "Plan Width": 4, "Actual Rows": 6, "Actual Loops": 12, "Index Cond": "(userid = u.id)", "Rows Removed by Index Recheck": 0, "Filter": "((date >= '2012-04-27 15:30:15'::timestamp without time zone) AND (date <= '2014-04-19 14:18:40'::timestamp without time zone))", "Rows Removed by Filter": 4}]}, {"Node Type": "Index Scan", "Parent Relationship": "Inner", "Parallel Aware": false, "Async Capable": false, "Scan Direction": "Forward", "Index Name": "idx_posthistory_userid", "Relation Name": "posthistory", "Alias": "ph", "Startup Cost": 0.42, "Total Cost": 0.99, "Plan Rows": 2, "Plan Width": 4, "Actual Rows": 13, "Actual Loops": 71, "Index Cond": "(userid = b.userid)", "Rows Removed by Index Recheck": 0, "Filter": "((creationdate >= '2009-03-11 15:59:25'::timestamp without time zone) AND (creationdate <= '2013-09-20 15:40:17'::timestamp without time zone) AND (posthistorytypeid = 5))", "Rows Removed by Filter": 57}]}]}, "Planning Time": 1.68, "Triggers": [], "Execution Time": 10.203}, {"Plan": {"Node Type": "Aggregate", "Strategy": "Plain", "Partial Mode": "Simple", "Parallel Aware": false, "Async Capable": false, "Startup Cost": 9091.12, "Total Cost": 9091.13, "Plan Rows": 1, "Plan Width": 8, "Actual Rows": 1, "Actual Loops": 1, "Plans": [{"Node Type": "Merge Join", "Parent Relationship": "Outer", "Parallel Aware": false, "Async Capable": false, "Join Type": "Inner", "Startup Cost": 3354.57, "Total Cost": 9090.12, "Plan Rows": 5.0, "Plan Width": 0, "Actual Rows": 955, "Actual Loops": 1, "Inner Unique": false, "Merge Cond": "(b.userid = p.owneruserid)", "Plans": [{"Node Type": "Merge Join", "Parent Relationship": "Outer", "Parallel Aware": false, "Async Capable": false, "Join Type": "Inner", "Startup Cost": 0.69, "Total Cost": 5519.39, "Plan Rows": 5072.0, "Plan Width": 8, "Actual Rows": 25532, "Actual Loops": 1, "Inner Unique": false, "Merge Cond": "(u.id = b.userid)", "Plans": [{"Node Type": "Index Scan", "Parent Relationship": "Outer", "Parallel Aware": false, "Async Capable": false, "Scan Direction": "Forward", "Index Name": "users_pkey", "Relation Name": "users", "Alias": "u", "Startup Cost": 0.29, "Total Cost": 1659.6, "Plan Rows": 33684, "Plan Width": 4, "Actual Rows": 16187, "Actual Loops": 1, "Filter": "((reputation <= 9013) AND (creationdate >= '2011-06-26 19:19:05'::timestamp without time zone) AND (creationdate <= '2014-07-22 17:46:04'::timestamp without time zone))", "Rows Removed by Filter": 3481}, {"Node Type": "Index Scan", "Parent Relationship": "Inner", "Parallel Aware": false, "Async Capable": false, "Scan Direction": "Forward", "Index Name": "idx_badges_userid", "Relation Name": "badges", "Alias": "b", "Startup Cost": 0.29, "Total Cost": 3264.6, "Plan Rows": 47086, "Plan Width": 4, "Actual Rows": 33636, "Actual Loops": 1, "Filter": "((date >= '2012-04-27 15:30:15'::timestamp without time zone) AND (date <= '2014-04-19 14:18:40'::timestamp without time zone))", "Rows Removed by Filter": 22905}]}, {"Node Type": "Sort", "Parent Relationship": "Inner", "Parallel Aware": false, "Async Capable": false, "Startup Cost": 3353.84, "Total Cost": 3354.88, "Plan Rows": 1.0, "Plan Width": 8, "Actual Rows": 967, "Actual Loops": 1, "Sort Key": ["ph.userid"], "Sort Method": "quicksort", "Sort Space Used": 28, "Sort Space Type": "Memory", "Plans": [{"Node Type": "Nested Loop", "Parent Relationship": "Outer", "Parallel Aware": false, "Async Capable": false, "Join Type": "Inner", "Startup Cost": 0.42, "Total Cost": 3335.69, "Plan Rows": 1.0, "Plan Width": 8, "Actual Rows": 97, "Actual Loops": 1, "Inner Unique": false, "Plans": [{"Node Type": "Seq Scan", "Parent Relationship": "Outer", "Parallel Aware": false, "Async Capable": false, "Relation Name": "posts", "Alias": "p", "Startup Cost": 0.0, "Total Cost": 3139.4, "Plan Rows": 5, "Plan Width": 4, "Actual Rows": 14, "Actual Loops": 1, "Filter": "((answercount <= 3) AND (commentcount >= 19) AND (commentcount <= 26) AND (favoritecount >= 0) AND (favoritecount <= 222) AND (creationdate <= '2014-08-13 22:35:30'::timestamp without time zone))", "Rows Removed by Filter": 91962}, {"Node Type": "Index Scan", "Parent Relationship": "Inner", "Parallel Aware": false, "Async Capable": false, "Scan Direction": "Forward", "Index Name": "idx_posthistory_userid", "Relation Name": "posthistory", "Alias": "ph", "Startup Cost": 0.42, "Total Cost": 39.24, "Plan Rows": 2, "Plan Width": 4, "Actual Rows": 7, "Actual Loops": 14, "Index Cond": "(userid = p.owneruserid)", "Rows Removed by Index Recheck": 0, "Filter": "((creationdate >= '2009-03-11 15:59:25'::timestamp without time zone) AND (creationdate <= '2013-09-20 15:40:17'::timestamp without time zone) AND (posthistorytypeid = 5))", "Rows Removed by Filter": 36}]}]}]}]}, "Planning Time": 1.846, "Triggers": [], "Execution Time": 45.589}, {"Plan": {"Node Type": "Aggregate", "Strategy": "Plain", "Partial Mode": "Simple", "Parallel Aware": false, "Async Capable": false, "Startup Cost": 5001.0, "Total Cost": 5001.01, "Plan Rows": 1, "Plan Width": 8, "Actual Rows": 1, "Actual Loops": 1, "Plans": [{"Node Type": "Hash Join", "Parent Relationship": "Outer", "Parallel Aware": false, "Async Capable": false, "Join Type": "Inner", "Startup Cost": 3189.65, "Total Cost": 5000.0, "Plan Rows": 5.0, "Plan Width": 0, "Actual Rows": 955, "Actual Loops": 1, "Inner Unique": false, "Hash Cond": "(b.userid = u.id)", "Plans": [{"Node Type": "Seq Scan", "Parent Relationship": "Outer", "Parallel Aware": false, "Async Capable": false, "Relation Name": "badges", "Alias": "b", "Startup Cost": 0.0, "Total Cost": 1629.76, "Plan Rows": 47086, "Plan Width": 4, "Actual Rows": 47066, "Actual Loops": 1, "Filter": "((date >= '2012-04-27 15:30:15'::timestamp without time zone) AND (date <= '2014-04-19 14:18:40'::timestamp without time zone))", "Rows Removed by Filter": 32785}, {"Node Type": "Hash", "Parent Relationship": "Inner", "Parallel Aware": false, "Async Capable": false, "Startup Cost": 3185.36, "Total Cost": 3185.36, "Plan Rows": 1.0, "Plan Width": 12, "Actual Rows": 82, "Actual Loops": 1, "Hash Buckets": 1024, "Original Hash Buckets": 1024, "Hash Batches": 1, "Original Hash Batches": 1, "Peak Memory Usage": 12, "Plans": [{"Node Type": "Nested Loop", "Parent Relationship": "Outer", "Parallel Aware": false, "Async Capable": false, "Join Type": "Inner", "Startup Cost": 0.71, "Total Cost": 3185.36, "Plan Rows": 1.0, "Plan Width": 12, "Actual Rows": 82, "Actual Loops": 1, "Inner Unique": false, "Plans": [{"Node Type": "Nested Loop", "Parent Relationship": "Outer", "Parallel Aware": false, "Async Capable": false, "Join Type": "Inner", "Startup Cost": 0.29, "Total Cost": 3180.98, "Plan Rows": 4.0, "Plan Width": 8, "Actual Rows": 12, "Actual Loops": 1, "Inner Unique": true, "Plans": [{"Node Type": "Seq Scan", "Parent Relationship": "Outer", "Parallel Aware": false, "Async Capable": false, "Relation Name": "posts", "Alias": "p", "Startup Cost": 0.0, "Total Cost": 3139.4, "Plan Rows": 5, "Plan Width": 4, "Actual Rows": 14, "Actual Loops": 1, "Filter": "((answercount <= 3) AND (commentcount >= 19) AND (commentcount <= 26) AND (favoritecount >= 0) AND (favoritecount <= 222) AND (creationdate <= '2014-08-13 22:35:30'::timestamp without time zone))", "Rows Removed by Filter": 91962}, {"Node Type": "Index Scan", "Parent Relationship": "Inner", "Parallel Aware": false, "Async Capable": false, "Scan Direction": "Forward", "Index Name": "users_pkey", "Relation Name": "users", "Alias": "u", "Startup Cost": 0.29, "Total Cost": 8.31, "Plan Rows": 1, "Plan Width": 4, "Actual Rows": 1, "Actual Loops": 14, "Index Cond": "(id = p.owneruserid)", "Rows Removed by Index Recheck": 0, "Filter": "((reputation <= 9013) AND (creationdate >= '2011-06-26 19:19:05'::timestamp without time zone) AND (creationdate <= '2014-07-22 17:46:04'::timestamp without time zone))", "Rows Removed by Filter": 0}]}, {"Node Type": "Index Scan", "Parent Relationship": "Inner", "Parallel Aware": false, "Async Capable": false, "Scan Direction": "Forward", "Index Name": "idx_posthistory_userid", "Relation Name": "posthistory", "Alias": "ph", "Startup Cost": 0.42, "Total Cost": 1.08, "Plan Rows": 2, "Plan Width": 4, "Actual Rows": 7, "Actual Loops": 12, "Index Cond": "(userid = u.id)", "Rows Removed by Index Recheck": 0, "Filter": "((creationdate >= '2009-03-11 15:59:25'::timestamp without time zone) AND (creationdate <= '2013-09-20 15:40:17'::timestamp without time zone) AND (posthistorytypeid = 5))", "Rows Removed by Filter": 37}]}]}]}]}, "Planning Time": 1.678, "Triggers": [], "Execution Time": 15.738}, {"Plan": {"Node Type": "Aggregate", "Strategy": "Plain", "Partial Mode": "Simple", "Parallel Aware": false, "Async Capable": false, "Startup Cost": 3276.76, "Total Cost": 3276.77, "Plan Rows": 1, "Plan Width": 8, "Actual Rows": 1, "Actual Loops": 1, "Plans": [{"Node Type": "Nested Loop", "Parent Relationship": "Outer", "Parallel Aware": false, "Async Capable": false, "Join Type": "Inner", "Startup Cost": 1.01, "Total Cost": 3275.76, "Plan Rows": 5.0, "Plan Width": 0, "Actual Rows": 955, "Actual Loops": 1, "Inner Unique": false, "Join Filter": "(u.id = b.userid)", "Rows Removed by Join Filter": 0, "Plans": [{"Node Type": "Nested Loop", "Parent Relationship": "Outer", "Parallel Aware": false, "Async Capable": false, "Join Type": "Inner", "Startup Cost": 0.71, "Total Cost": 3185.36, "Plan Rows": 1.0, "Plan Width": 12, "Actual Rows": 82, "Actual Loops": 1, "Inner Unique": false, "Plans": [{"Node Type": "Nested Loop", "Parent Relationship": "Outer", "Parallel Aware": false, "Async Capable": false, "Join Type": "Inner", "Startup Cost": 0.29, "Total Cost": 3180.98, "Plan Rows": 4.0, "Plan Width": 8, "Actual Rows": 12, "Actual Loops": 1, "Inner Unique": true, "Plans": [{"Node Type": "Seq Scan", "Parent Relationship": "Outer", "Parallel Aware": false, "Async Capable": false, "Relation Name": "posts", "Alias": "p", "Startup Cost": 0.0, "Total Cost": 3139.4, "Plan Rows": 5, "Plan Width": 4, "Actual Rows": 14, "Actual Loops": 1, "Filter": "((answercount <= 3) AND (commentcount >= 19) AND (commentcount <= 26) AND (favoritecount >= 0) AND (favoritecount <= 222) AND (creationdate <= '2014-08-13 22:35:30'::timestamp without time zone))", "Rows Removed by Filter": 91962}, {"Node Type": "Index Scan", "Parent Relationship": "Inner", "Parallel Aware": false, "Async Capable": false, "Scan Direction": "Forward", "Index Name": "users_pkey", "Relation Name": "users", "Alias": "u", "Startup Cost": 0.29, "Total Cost": 8.31, "Plan Rows": 1, "Plan Width": 4, "Actual Rows": 1, "Actual Loops": 14, "Index Cond": "(id = p.owneruserid)", "Rows Removed by Index Recheck": 0, "Filter": "((reputation <= 9013) AND (creationdate >= '2011-06-26 19:19:05'::timestamp without time zone) AND (creationdate <= '2014-07-22 17:46:04'::timestamp without time zone))", "Rows Removed by Filter": 0}]}, {"Node Type": "Index Scan", "Parent Relationship": "Inner", "Parallel Aware": false, "Async Capable": false, "Scan Direction": "Forward", "Index Name": "idx_posthistory_userid", "Relation Name": "posthistory", "Alias": "ph", "Startup Cost": 0.42, "Total Cost": 1.08, "Plan Rows": 2, "Plan Width": 4, "Actual Rows": 7, "Actual Loops": 12, "Index Cond": "(userid = u.id)", "Rows Removed by Index Recheck": 0, "Filter": "((creationdate >= '2009-03-11 15:59:25'::timestamp without time zone) AND (creationdate <= '2013-09-20 15:40:17'::timestamp without time zone) AND (posthistorytypeid = 5))", "Rows Removed by Filter": 37}]}, {"Node Type": "Memoize", "Parent Relationship": "Inner", "Parallel Aware": false, "Async Capable": false, "Startup Cost": 0.3, "Total Cost": 12.68, "Plan Rows": 2, "Plan Width": 4, "Actual Rows": 12, "Actual Loops": 82, "Cache Key": "p.owneruserid", "Cache Mode": "logical", "Cache Hits": 75, "Cache Misses": 7, "Cache Evictions": 0, "Cache Overflows": 0, "Peak Memory Usage": 3, "Plans": [{"Node Type": "Index Scan", "Parent Relationship": "Outer", "Parallel Aware": false, "Async Capable": false, "Scan Direction": "Forward", "Index Name": "idx_badges_userid", "Relation Name": "badges", "Alias": "b", "Startup Cost": 0.29, "Total Cost": 12.67, "Plan Rows": 2, "Plan Width": 4, "Actual Rows": 8, "Actual Loops": 7, "Index Cond": "(userid = p.owneruserid)", "Rows Removed by Index Recheck": 0, "Filter": "((date >= '2012-04-27 15:30:15'::timestamp without time zone) AND (date <= '2014-04-19 14:18:40'::timestamp without time zone))", "Rows Removed by Filter": 4}]}]}]}, "Planning Time": 1.56, "Triggers": [], "Execution Time": 8.269}, {"Plan": {"Node Type": "Aggregate", "Strategy": "Plain", "Partial Mode": "Simple", "Parallel Aware": false, "Async Capable": false, "Startup Cost": 15172.94, "Total Cost": 15172.95, "Plan Rows": 1, "Plan Width": 8, "Actual Rows": 1, "Actual Loops": 1, "Plans": [{"Node Type": "Hash Join", "Parent Relationship": "Outer", "Parallel Aware": false, "Async Capable": false, "Join Type": "Inner", "Startup Cost": 12636.82, "Total Cost": 15171.94, "Plan Rows": 5.0, "Plan Width": 0, "Actual Rows": 955, "Actual Loops": 1, "Inner Unique": false, "Hash Cond": "(b.userid = p.owneruserid)", "Plans": [{"Node Type": "Hash Join", "Parent Relationship": "Outer", "Parallel Aware": false, "Async Capable": false, "Join Type": "Inner", "Startup Cost": 9497.36, "Total Cost": 11691.88, "Plan Rows": 344.0, "Plan Width": 12, "Actual Rows": 224509, "Actual Loops": 1, "Inner Unique": false, "Hash Cond": "(b.userid = u.id)", "Plans": [{"Node Type": "Seq Scan", "Parent Relationship": "Outer", "Parallel Aware": false, "Async Capable": false, "Relation Name": "badges", "Alias": "b", "Startup Cost": 0.0, "Total Cost": 1629.76, "Plan Rows": 47086, "Plan Width": 4, "Actual Rows": 47066, "Actual Loops": 1, "Filter": "((date >= '2012-04-27 15:30:15'::timestamp without time zone) AND (date <= '2014-04-19 14:18:40'::timestamp without time zone))", "Rows Removed by Filter": 32785}, {"Node Type": "Hash", "Parent Relationship": "Inner", "Parallel Aware": false, "Async Capable": false, "Startup Cost": 9081.81, "Total Cost": 9081.81, "Plan Rows": 19.0, "Plan Width": 8, "Actual Rows": 15498, "Actual Loops": 1, "Hash Buckets": 65536, "Original Hash Buckets": 65536, "Hash Batches": 1, "Original Hash Batches": 1, "Peak Memory Usage": 1118, "Plans": [{"Node Type": "Hash Join", "Parent Relationship": "Outer", "Parallel Aware": false, "Async Capable": false, "Join Type": "Inner", "Startup Cost": 1423.74, "Total Cost": 9081.81, "Plan Rows": 19.0, "Plan Width": 8, "Actual Rows": 15498, "Actual Loops": 1, "Inner Unique": true, "Hash Cond": "(ph.userid = u.id)", "Plans": [{"Node Type": "Seq Scan", "Parent Relationship": "Outer", "Parallel Aware": false, "Async Capable": false, "Relation Name": "posthistory", "Alias": "ph", "Startup Cost": 0.0, "Total Cost": 7545.77, "Plan Rows": 42777, "Plan Width": 4, "Actual Rows": 43000, "Actual Loops": 1, "Filter": "((creationdate >= '2009-03-11 15:59:25'::timestamp without time zone) AND (creationdate <= '2013-09-20 15:40:17'::timestamp without time zone) AND (posthistorytypeid = 5))", "Rows Removed by Filter": 260187}, {"Node Type": "Hash", "Parent Relationship": "Inner", "Parallel Aware": false, "Async Capable": false, "Startup Cost": 1002.69, "Total Cost": 1002.69, "Plan Rows": 33684, "Plan Width": 4, "Actual Rows": 33713, "Actual Loops": 1, "Hash Buckets": 65536, "Original Hash Buckets": 65536, "Hash Batches": 1, "Original Hash Batches": 1, "Peak Memory Usage": 1698, "Plans": [{"Node Type": "Seq Scan", "Parent Relationship": "Outer", "Parallel Aware": false, "Async Capable": false, "Relation Name": "users", "Alias": "u", "Startup Cost": 0.0, "Total Cost": 1002.69, "Plan Rows": 33684, "Plan Width": 4, "Actual Rows": 33713, "Actual Loops": 1, "Filter": "((reputation <= 9013) AND (creationdate >= '2011-06-26 19:19:05'::timestamp without time zone) AND (creationdate <= '2014-07-22 17:46:04'::timestamp without time zone))", "Rows Removed by Filter": 6612}]}]}]}]}, {"Node Type": "Hash", "Parent Relationship": "Inner", "Parallel Aware": false, "Async Capable": false, "Startup Cost": 3139.4, "Total Cost": 3139.4, "Plan Rows": 5, "Plan Width": 4, "Actual Rows": 14, "Actual Loops": 1, "Hash Buckets": 1024, "Original Hash Buckets": 1024, "Hash Batches": 1, "Original Hash Batches": 1, "Peak Memory Usage": 9, "Plans": [{"Node Type": "Seq Scan", "Parent Relationship": "Outer", "Parallel Aware": false, "Async Capable": false, "Relation Name": "posts", "Alias": "p", "Startup Cost": 0.0, "Total Cost": 3139.4, "Plan Rows": 5, "Plan Width": 4, "Actual Rows": 14, "Actual Loops": 1, "Filter": "((answercount <= 3) AND (commentcount >= 19) AND (commentcount <= 26) AND (favoritecount >= 0) AND (favoritecount <= 222) AND (creationdate <= '2014-08-13 22:35:30'::timestamp without time zone))", "Rows Removed by Filter": 91962}]}]}]}, "Planning Time": 2.88, "Triggers": [], "Execution Time": 148.904}, {"Plan": {"Node Type": "Aggregate", "Strategy": "Plain", "Partial Mode": "Finalize", "Parallel Aware": false, "Async Capable": false, "Startup Cost": 9639.76, "Total Cost": 9639.77, "Plan Rows": 1, "Plan Width": 8, "Actual Rows": 1, "Actual Loops": 1, "Plans": [{"Node Type": "Gather", "Parent Relationship": "Outer", "Parallel Aware": false, "Async Capable": false, "Startup Cost": 9639.65, "Total Cost": 9639.76, "Plan Rows": 1, "Plan Width": 8, "Actual Rows": 2, "Actual Loops": 1, "Workers Planned": 1, "Workers Launched": 1, "Single Copy": false, "Plans": [{"Node Type": "Aggregate", "Strategy": "Plain", "Partial Mode": "Partial", "Parent Relationship": "Outer", "Parallel Aware": false, "Async Capable": false, "Startup Cost": 8639.65, "Total Cost": 8639.66, "Plan Rows": 1, "Plan Width": 8, "Actual Rows": 1, "Actual Loops": 2, "Workers": [], "Plans": [{"Node Type": "Hash Join", "Parent Relationship": "Outer", "Parallel Aware": false, "Async Capable": false, "Join Type": "Inner", "Startup Cost": 3182.83, "Total Cost": 8639.06, "Plan Rows": 5.0, "Plan Width": 0, "Actual Rows": 478, "Actual Loops": 2, "Inner Unique": false, "Hash Cond": "(ph.userid = b.userid)", "Workers": [], "Plans": [{"Node Type": "Seq Scan", "Parent Relationship": "Outer", "Parallel Aware": true, "Async Capable": false, "Relation Name": "posthistory", "Alias": "ph", "Startup Cost": 0.0, "Total Cost": 5361.04, "Plan Rows": 25163, "Plan Width": 4, "Actual Rows": 21500, "Actual Loops": 2, "Filter": "((creationdate >= '2009-03-11 15:59:25'::timestamp without time zone) AND (creationdate <= '2013-09-20 15:40:17'::timestamp without time zone) AND (posthistorytypeid = 5))", "Rows Removed by Filter": 130094, "Workers": []}, {"Node Type": "Hash", "Parent Relationship": "Inner", "Parallel Aware": false, "Async Capable": false, "Startup Cost": 3182.76, "Total Cost": 3182.76, "Plan Rows": 61.0, "Plan Width": 12, "Actual Rows": 71, "Actual Loops": 2, "Hash Buckets": 1024, "Original Hash Buckets": 1024, "Hash Batches": 1, "Original Hash Batches": 1, "Peak Memory Usage": 12, "Workers": [], "Plans": [{"Node Type": "Nested Loop", "Parent Relationship": "Outer", "Parallel Aware": false, "Async Capable": false, "Join Type": "Inner", "Startup Cost": 0.58, "Total Cost": 3182.76, "Plan Rows": 61.0, "Plan Width": 12, "Actual Rows": 71, "Actual Loops": 2, "Inner Unique": false, "Workers": [], "Plans": [{"Node Type": "Nested Loop", "Parent Relationship": "Outer", "Parallel Aware": false, "Async Capable": false, "Join Type": "Inner", "Startup Cost": 0.29, "Total Cost": 3180.98, "Plan Rows": 4.0, "Plan Width": 8, "Actual Rows": 12, "Actual Loops": 2, "Inner Unique": true, "Workers": [], "Plans": [{"Node Type": "Seq Scan", "Parent Relationship": "Outer", "Parallel Aware": false, "Async Capable": false, "Relation Name": "posts", "Alias": "p", "Startup Cost": 0.0, "Total Cost": 3139.4, "Plan Rows": 5, "Plan Width": 4, "Actual Rows": 14, "Actual Loops": 2, "Filter": "((answercount <= 3) AND (commentcount >= 19) AND (commentcount <= 26) AND (favoritecount >= 0) AND (favoritecount <= 222) AND (creationdate <= '2014-08-13 22:35:30'::timestamp without time zone))", "Rows Removed by Filter": 91962, "Workers": []}, {"Node Type": "Index Scan", "Parent Relationship": "Inner", "Parallel Aware": false, "Async Capable": false, "Scan Direction": "Forward", "Index Name": "users_pkey", "Relation Name": "users", "Alias": "u", "Startup Cost": 0.29, "Total Cost": 8.31, "Plan Rows": 1, "Plan Width": 4, "Actual Rows": 1, "Actual Loops": 28, "Index Cond": "(id = p.owneruserid)", "Rows Removed by Index Recheck": 0, "Filter": "((reputation <= 9013) AND (creationdate >= '2011-06-26 19:19:05'::timestamp without time zone) AND (creationdate <= '2014-07-22 17:46:04'::timestamp without time zone))", "Rows Removed by Filter": 0, "Workers": []}]}, {"Node Type": "Index Scan", "Parent Relationship": "Inner", "Parallel Aware": false, "Async Capable": false, "Scan Direction": "Forward", "Index Name": "idx_badges_userid", "Relation Name": "badges", "Alias": "b", "Startup Cost": 0.29, "Total Cost": 0.43, "Plan Rows": 2, "Plan Width": 4, "Actual Rows": 6, "Actual Loops": 24, "Index Cond": "(userid = u.id)", "Rows Removed by Index Recheck": 0, "Filter": "((date >= '2012-04-27 15:30:15'::timestamp without time zone) AND (date <= '2014-04-19 14:18:40'::timestamp without time zone))", "Rows Removed by Filter": 4, "Workers": []}]}]}]}]}]}]}, "Planning Time": 3.427, "Triggers": [], "Execution Time": 67.326}, {"Plan": {"Node Type": "Aggregate", "Strategy": "Plain", "Partial Mode": "Simple", "Parallel Aware": false, "Async Capable": false, "Startup Cost": 34894.75, "Total Cost": 34894.76, "Plan Rows": 1, "Plan Width": 8, "Actual Rows": 1, "Actual Loops": 1, "Plans": [{"Node Type": "Merge Join", "Parent Relationship": "Outer", "Parallel Aware": false, "Async Capable": false, "Join Type": "Inner", "Startup Cost": 3140.47, "Total Cost": 34893.75, "Plan Rows": 5.0, "Plan Width": 0, "Actual Rows": 955, "Actual Loops": 1, "Inner Unique": false, "Merge Cond": "(u.id = b.userid)", "Plans": [{"Node Type": "Merge Join", "Parent Relationship": "Outer", "Parallel Aware": false, "Async Capable": false, "Join Type": "Inner", "Startup Cost": 3139.75, "Total Cost": 4883.34, "Plan Rows": 4.0, "Plan Width": 8, "Actual Rows": 9, "Actual Loops": 1, "Inner Unique": false, "Merge Cond": "(u.id = p.owneruserid)", "Plans": [{"Node Type": "Index Scan", "Parent Relationship": "Outer", "Parallel Aware": false, "Async Capable": false, "Scan Direction": "Forward", "Index Name": "users_pkey", "Relation Name": "users", "Alias": "u", "Startup Cost": 0.29, "Total Cost": 1659.6, "Plan Rows": 33684, "Plan Width": 4, "Actual Rows": 20504, "Actual Loops": 1, "Filter": "((reputation <= 9013) AND (creationdate >= '2011-06-26 19:19:05'::timestamp without time zone) AND (creationdate <= '2014-07-22 17:46:04'::timestamp without time zone))", "Rows Removed by Filter": 3482}, {"Node Type": "Sort", "Parent Relationship": "Inner", "Parallel Aware": false, "Async Capable": false, "Startup Cost": 3139.46, "Total Cost": 3139.47, "Plan Rows": 5, "Plan Width": 4, "Actual Rows": 11, "Actual Loops": 1, "Sort Key": ["p.owneruserid"], "Sort Method": "quicksort", "Sort Space Used": 25, "Sort Space Type": "Memory", "Plans": [{"Node Type": "Seq Scan", "Parent Relationship": "Outer", "Parallel Aware": false, "Async Capable": false, "Relation Name": "posts", "Alias": "p", "Startup Cost": 0.0, "Total Cost": 3139.4, "Plan Rows": 5, "Plan Width": 4, "Actual Rows": 14, "Actual Loops": 1, "Filter": "((answercount <= 3) AND (commentcount >= 19) AND (commentcount <= 26) AND (favoritecount >= 0) AND (favoritecount <= 222) AND (creationdate <= '2014-08-13 22:35:30'::timestamp without time zone))", "Rows Removed by Filter": 91962}]}]}, {"Node Type": "Materialize", "Parent Relationship": "Inner", "Parallel Aware": false, "Async Capable": false, "Startup Cost": 0.72, "Total Cost": 26706.85, "Plan Rows": 799.0, "Plan Width": 8, "Actual Rows": 2429981, "Actual Loops": 1, "Plans": [{"Node Type": "Nested Loop", "Parent Relationship": "Outer", "Parallel Aware": false, "Async Capable": false, "Join Type": "Inner", "Startup Cost": 0.72, "Total Cost": 23404.61, "Plan Rows": 799.0, "Plan Width": 8, "Actual Rows": 2429981, "Actual Loops": 1, "Inner Unique": false, "Plans": [{"Node Type": "Index Scan", "Parent Relationship": "Outer", "Parallel Aware": false, "Async Capable": false, "Scan Direction": "Forward", "Index Name": "idx_posthistory_userid", "Relation Name": "posthistory", "Alias": "ph", "Startup Cost": 0.42, "Total Cost": 14365.93, "Plan Rows": 42777, "Plan Width": 4, "Actual Rows": 43000, "Actual Loops": 1, "Filter": "((creationdate >= '2009-03-11 15:59:25'::timestamp without time zone) AND (creationdate <= '2013-09-20 15:40:17'::timestamp without time zone) AND (posthistorytypeid = 5))", "Rows Removed by Filter": 260187}, {"Node Type": "Memoize", "Parent Relationship": "Inner", "Parallel Aware": false, "Async Capable": false, "Startup Cost": 0.3, "Total Cost": 0.42, "Plan Rows": 2, "Plan Width": 4, "Actual Rows": 57, "Actual Loops": 43000, "Cache Key": "ph.userid", "Cache Mode": "logical", "Cache Hits": 38537, "Cache Misses": 4463, "Cache Evictions": 0, "Cache Overflows": 0, "Peak Memory Usage": 1088, "Plans": [{"Node Type": "Index Scan", "Parent Relationship": "Outer", "Parallel Aware": false, "Async Capable": false, "Scan Direction": "Forward", "Index Name": "idx_badges_userid", "Relation Name": "badges", "Alias": "b", "Startup Cost": 0.29, "Total Cost": 0.41, "Plan Rows": 2, "Plan Width": 4, "Actual Rows": 5, "Actual Loops": 4463, "Index Cond": "(userid = ph.userid)", "Rows Removed by Index Recheck": 0, "Filter": "((date >= '2012-04-27 15:30:15'::timestamp without time zone) AND (date <= '2014-04-19 14:18:40'::timestamp without time zone))", "Rows Removed by Filter": 3}]}]}]}]}]}, "Planning Time": 3.01, "Triggers": [], "Execution Time": 823.507}, {"Plan": {"Node Type": "Aggregate", "Strategy": "Plain", "Partial Mode": "Simple", "Parallel Aware": false, "Async Capable": false, "Startup Cost": 12702.57, "Total Cost": 12702.58, "Plan Rows": 1, "Plan Width": 8, "Actual Rows": 1, "Actual Loops": 1, "Plans": [{"Node Type": "Hash Join", "Parent Relationship": "Outer", "Parallel Aware": false, "Async Capable": false, "Join Type": "Inner", "Startup Cost": 9497.65, "Total Cost": 12701.57, "Plan Rows": 5.0, "Plan Width": 0, "Actual Rows": 955, "Actual Loops": 1, "Inner Unique": false, "Hash Cond": "(b.userid = u.id)", "Plans": [{"Node Type": "Nested Loop", "Parent Relationship": "Outer", "Parallel Aware": false, "Async Capable": false, "Join Type": "Inner", "Startup Cost": 0.29, "Total Cost": 3202.84, "Plan Rows": 147.0, "Plan Width": 8, "Actual Rows": 81, "Actual Loops": 1, "Inner Unique": false, "Plans": [{"Node Type": "Seq Scan", "Parent Relationship": "Outer", "Parallel Aware": false, "Async Capable": false, "Relation Name": "posts", "Alias": "p", "Startup Cost": 0.0, "Total Cost": 3139.4, "Plan Rows": 5, "Plan Width": 4, "Actual Rows": 14, "Actual Loops": 1, "Filter": "((answercount <= 3) AND (commentcount >= 19) AND (commentcount <= 26) AND (favoritecount >= 0) AND (favoritecount <= 222) AND (creationdate <= '2014-08-13 22:35:30'::timestamp without time zone))", "Rows Removed by Filter": 91962}, {"Node Type": "Index Scan", "Parent Relationship": "Inner", "Parallel Aware": false, "Async Capable": false, "Scan Direction": "Forward", "Index Name": "idx_badges_userid", "Relation Name": "badges", "Alias": "b", "Startup Cost": 0.29, "Total Cost": 12.67, "Plan Rows": 2, "Plan Width": 4, "Actual Rows": 6, "Actual Loops": 14, "Index Cond": "(userid = p.owneruserid)", "Rows Removed by Index Recheck": 0, "Filter": "((date >= '2012-04-27 15:30:15'::timestamp without time zone) AND (date <= '2014-04-19 14:18:40'::timestamp without time zone))", "Rows Removed by Filter": 4}]}, {"Node Type": "Hash", "Parent Relationship": "Inner", "Parallel Aware": false, "Async Capable": false, "Startup Cost": 9081.81, "Total Cost": 9081.81, "Plan Rows": 19.0, "Plan Width": 8, "Actual Rows": 15498, "Actual Loops": 1, "Hash Buckets": 65536, "Original Hash Buckets": 65536, "Hash Batches": 1, "Original Hash Batches": 1, "Peak Memory Usage": 1118, "Plans": [{"Node Type": "Hash Join", "Parent Relationship": "Outer", "Parallel Aware": false, "Async Capable": false, "Join Type": "Inner", "Startup Cost": 1423.74, "Total Cost": 9081.81, "Plan Rows": 19.0, "Plan Width": 8, "Actual Rows": 15498, "Actual Loops": 1, "Inner Unique": true, "Hash Cond": "(ph.userid = u.id)", "Plans": [{"Node Type": "Seq Scan", "Parent Relationship": "Outer", "Parallel Aware": false, "Async Capable": false, "Relation Name": "posthistory", "Alias": "ph", "Startup Cost": 0.0, "Total Cost": 7545.77, "Plan Rows": 42777, "Plan Width": 4, "Actual Rows": 43000, "Actual Loops": 1, "Filter": "((creationdate >= '2009-03-11 15:59:25'::timestamp without time zone) AND (creationdate <= '2013-09-20 15:40:17'::timestamp without time zone) AND (posthistorytypeid = 5))", "Rows Removed by Filter": 260187}, {"Node Type": "Hash", "Parent Relationship": "Inner", "Parallel Aware": false, "Async Capable": false, "Startup Cost": 1002.69, "Total Cost": 1002.69, "Plan Rows": 33684, "Plan Width": 4, "Actual Rows": 33713, "Actual Loops": 1, "Hash Buckets": 65536, "Original Hash Buckets": 65536, "Hash Batches": 1, "Original Hash Batches": 1, "Peak Memory Usage": 1698, "Plans": [{"Node Type": "Seq Scan", "Parent Relationship": "Outer", "Parallel Aware": false, "Async Capable": false, "Relation Name": "users", "Alias": "u", "Startup Cost": 0.0, "Total Cost": 1002.69, "Plan Rows": 33684, "Plan Width": 4, "Actual Rows": 33713, "Actual Loops": 1, "Filter": "((reputation <= 9013) AND (creationdate >= '2011-06-26 19:19:05'::timestamp without time zone) AND (creationdate <= '2014-07-22 17:46:04'::timestamp without time zone))", "Rows Removed by Filter": 6612}]}]}]}]}]}, "Planning Time": 3.0, "Triggers": [], "Execution Time": 108.996}, {"Plan": {"Node Type": "Aggregate", "Strategy": "Plain", "Partial Mode": "Simple", "Parallel Aware": false, "Async Capable": false, "Startup Cost": 5814.54, "Total Cost": 5814.55, "Plan Rows": 1, "Plan Width": 8, "Actual Rows": 1, "Actual Loops": 1, "Plans": [{"Node Type": "Merge Join", "Parent Relationship": "Outer", "Parallel Aware": false, "Async Capable": false, "Join Type": "Inner", "Startup Cost": 3943.74, "Total Cost": 5813.53, "Plan Rows": 5.0, "Plan Width": 0, "Actual Rows": 955, "Actual Loops": 1, "Inner Unique": false, "Merge Cond": "(u.id = b.userid)", "Plans": [{"Node Type": "Index Scan", "Parent Relationship": "Outer", "Parallel Aware": false, "Async Capable": false, "Scan Direction": "Forward", "Index Name": "users_pkey", "Relation Name": "users", "Alias": "u", "Startup Cost": 0.29, "Total Cost": 1659.6, "Plan Rows": 33684, "Plan Width": 4, "Actual Rows": 16186, "Actual Loops": 1, "Filter": "((reputation <= 9013) AND (creationdate >= '2011-06-26 19:19:05'::timestamp without time zone) AND (creationdate <= '2014-07-22 17:46:04'::timestamp without time zone))", "Rows Removed by Filter": 3481}, {"Node Type": "Sort", "Parent Relationship": "Inner", "Parallel Aware": false, "Async Capable": false, "Startup Cost": 3943.34, "Total Cost": 3967.01, "Plan Rows": 10.0, "Plan Width": 12, "Actual Rows": 1066, "Actual Loops": 1, "Sort Key": ["ph.userid"], "Sort Method": "quicksort", "Sort Space Used": 90, "Sort Space Type": "Memory", "Plans": [{"Node Type": "Nested Loop", "Parent Relationship": "Outer", "Parallel Aware": false, "Async Capable": false, "Join Type": "Inner", "Startup Cost": 0.71, "Total Cost": 3318.04, "Plan Rows": 10.0, "Plan Width": 12, "Actual Rows": 1066, "Actual Loops": 1, "Inner Unique": false, "Plans": [{"Node Type": "Nested Loop", "Parent Relationship": "Outer", "Parallel Aware": false, "Async Capable": false, "Join Type": "Inner", "Startup Cost": 0.29, "Total Cost": 3202.84, "Plan Rows": 147.0, "Plan Width": 8, "Actual Rows": 81, "Actual Loops": 1, "Inner Unique": false, "Plans": [{"Node Type": "Seq Scan", "Parent Relationship": "Outer", "Parallel Aware": false, "Async Capable": false, "Relation Name": "posts", "Alias": "p", "Startup Cost": 0.0, "Total Cost": 3139.4, "Plan Rows": 5, "Plan Width": 4, "Actual Rows": 14, "Actual Loops": 1, "Filter": "((answercount <= 3) AND (commentcount >= 19) AND (commentcount <= 26) AND (favoritecount >= 0) AND (favoritecount <= 222) AND (creationdate <= '2014-08-13 22:35:30'::timestamp without time zone))", "Rows Removed by Filter": 91962}, {"Node Type": "Index Scan", "Parent Relationship": "Inner", "Parallel Aware": false, "Async Capable": false, "Scan Direction": "Forward", "Index Name": "idx_badges_userid", "Relation Name": "badges", "Alias": "b", "Startup Cost": 0.29, "Total Cost": 12.67, "Plan Rows": 2, "Plan Width": 4, "Actual Rows": 6, "Actual Loops": 14, "Index Cond": "(userid = p.owneruserid)", "Rows Removed by Index Recheck": 0, "Filter": "((date >= '2012-04-27 15:30:15'::timestamp without time zone) AND (date <= '2014-04-19 14:18:40'::timestamp without time zone))", "Rows Removed by Filter": 4}]}, {"Node Type": "Index Scan", "Parent Relationship": "Inner", "Parallel Aware": false, "Async Capable": false, "Scan Direction": "Forward", "Index Name": "idx_posthistory_userid", "Relation Name": "posthistory", "Alias": "ph", "Startup Cost": 0.42, "Total Cost": 0.99, "Plan Rows": 2, "Plan Width": 4, "Actual Rows": 13, "Actual Loops": 81, "Index Cond": "(userid = b.userid)", "Rows Removed by Index Recheck": 0, "Filter": "((creationdate >= '2009-03-11 15:59:25'::timestamp without time zone) AND (creationdate <= '2013-09-20 15:40:17'::timestamp without time zone) AND (posthistorytypeid = 5))", "Rows Removed by Filter": 56}]}]}]}]}, "Planning Time": 2.288, "Triggers": [], "Execution Time": 15.756}, {"Plan": {"Node Type": "Aggregate", "Strategy": "Plain", "Partial Mode": "Simple", "Parallel Aware": false, "Async Capable": false, "Startup Cost": 15320.81, "Total Cost": 15320.82, "Plan Rows": 1, "Plan Width": 8, "Actual Rows": 1, "Actual Loops": 1, "Plans": [{"Node Type": "Hash Join", "Parent Relationship": "Outer", "Parallel Aware": false, "Async Capable": false, "Join Type": "Inner", "Startup Cost": 12177.1, "Total Cost": 15319.81, "Plan Rows": 5.0, "Plan Width": 0, "Actual Rows": 955, "Actual Loops": 1, "Inner Unique": false, "Hash Cond": "(p.owneruserid = b.userid)", "Plans": [{"Node Type": "Seq Scan", "Parent Relationship": "Outer", "Parallel Aware": false, "Async Capable": false, "Relation Name": "posts", "Alias": "p", "Startup Cost": 0.0, "Total Cost": 3139.4, "Plan Rows": 5, "Plan Width": 4, "Actual Rows": 14, "Actual Loops": 1, "Filter": "((answercount <= 3) AND (commentcount >= 19) AND (commentcount <= 26) AND (favoritecount >= 0) AND (favoritecount <= 222) AND (creationdate <= '2014-08-13 22:35:30'::timestamp without time zone))", "Rows Removed by Filter": 91962}, {"Node Type": "Hash", "Parent Relationship": "Inner", "Parallel Aware": false, "Async Capable": false, "Startup Cost": 11691.88, "Total Cost": 11691.88, "Plan Rows": 344.0, "Plan Width": 12, "Actual Rows": 224509, "Actual Loops": 1, "Hash Buckets": 262144, "Original Hash Buckets": 65536, "Hash Batches": 1, "Original Hash Batches": 1, "Peak Memory Usage": 11695, "Plans": [{"Node Type": "Hash Join", "Parent Relationship": "Outer", "Parallel Aware": false, "Async Capable": false, "Join Type": "Inner", "Startup Cost": 9497.36, "Total Cost": 11691.88, "Plan Rows": 344.0, "Plan Width": 12, "Actual Rows": 224509, "Actual Loops": 1, "Inner Unique": false, "Hash Cond": "(b.userid = u.id)", "Plans": [{"Node Type": "Seq Scan", "Parent Relationship": "Outer", "Parallel Aware": false, "Async Capable": false, "Relation Name": "badges", "Alias": "b", "Startup Cost": 0.0, "Total Cost": 1629.76, "Plan Rows": 47086, "Plan Width": 4, "Actual Rows": 47066, "Actual Loops": 1, "Filter": "((date >= '2012-04-27 15:30:15'::timestamp without time zone) AND (date <= '2014-04-19 14:18:40'::timestamp without time zone))", "Rows Removed by Filter": 32785}, {"Node Type": "Hash", "Parent Relationship": "Inner", "Parallel Aware": false, "Async Capable": false, "Startup Cost": 9081.81, "Total Cost": 9081.81, "Plan Rows": 19.0, "Plan Width": 8, "Actual Rows": 15498, "Actual Loops": 1, "Hash Buckets": 65536, "Original Hash Buckets": 65536, "Hash Batches": 1, "Original Hash Batches": 1, "Peak Memory Usage": 1118, "Plans": [{"Node Type": "Hash Join", "Parent Relationship": "Outer", "Parallel Aware": false, "Async Capable": false, "Join Type": "Inner", "Startup Cost": 1423.74, "Total Cost": 9081.81, "Plan Rows": 19.0, "Plan Width": 8, "Actual Rows": 15498, "Actual Loops": 1, "Inner Unique": true, "Hash Cond": "(ph.userid = u.id)", "Plans": [{"Node Type": "Seq Scan", "Parent Relationship": "Outer", "Parallel Aware": false, "Async Capable": false, "Relation Name": "posthistory", "Alias": "ph", "Startup Cost": 0.0, "Total Cost": 7545.77, "Plan Rows": 42777, "Plan Width": 4, "Actual Rows": 43000, "Actual Loops": 1, "Filter": "((creationdate >= '2009-03-11 15:59:25'::timestamp without time zone) AND (creationdate <= '2013-09-20 15:40:17'::timestamp without time zone) AND (posthistorytypeid = 5))", "Rows Removed by Filter": 260187}, {"Node Type": "Hash", "Parent Relationship": "Inner", "Parallel Aware": false, "Async Capable": false, "Startup Cost": 1002.69, "Total Cost": 1002.69, "Plan Rows": 33684, "Plan Width": 4, "Actual Rows": 33713, "Actual Loops": 1, "Hash Buckets": 65536, "Original Hash Buckets": 65536, "Hash Batches": 1, "Original Hash Batches": 1, "Peak Memory Usage": 1698, "Plans": [{"Node Type": "Seq Scan", "Parent Relationship": "Outer", "Parallel Aware": false, "Async Capable": false, "Relation Name": "users", "Alias": "u", "Startup Cost": 0.0, "Total Cost": 1002.69, "Plan Rows": 33684, "Plan Width": 4, "Actual Rows": 33713, "Actual Loops": 1, "Filter": "((reputation <= 9013) AND (creationdate >= '2011-06-26 19:19:05'::timestamp without time zone) AND (creationdate <= '2014-07-22 17:46:04'::timestamp without time zone))", "Rows Removed by Filter": 6612}]}]}]}]}]}]}]}, "Planning Time": 2.707, "Triggers": [], "Execution Time": 190.839}, {"Plan": {"Node Type": "Aggregate", "Strategy": "Plain", "Partial Mode": "Simple", "Parallel Aware": false, "Async Capable": false, "Startup Cost": 7284.19, "Total Cost": 7284.2, "Plan Rows": 1, "Plan Width": 8, "Actual Rows": 1, "Actual Loops": 1, "Plans": [{"Node Type": "Hash Join", "Parent Relationship": "Outer", "Parallel Aware": false, "Async Capable": false, "Join Type": "Inner", "Startup Cost": 3669.19, "Total Cost": 7283.18, "Plan Rows": 5.0, "Plan Width": 0, "Actual Rows": 955, "Actual Loops": 1, "Inner Unique": false, "Hash Cond": "(p.owneruserid = b.userid)", "Plans": [{"Node Type": "Nested Loop", "Parent Relationship": "Outer", "Parallel Aware": false, "Async Capable": false, "Join Type": "Inner", "Startup Cost": 0.42, "Total Cost": 3335.69, "Plan Rows": 1.0, "Plan Width": 8, "Actual Rows": 97, "Actual Loops": 1, "Inner Unique": false, "Plans": [{"Node Type": "Seq Scan", "Parent Relationship": "Outer", "Parallel Aware": false, "Async Capable": false, "Relation Name": "posts", "Alias": "p", "Startup Cost": 0.0, "Total Cost": 3139.4, "Plan Rows": 5, "Plan Width": 4, "Actual Rows": 14, "Actual Loops": 1, "Filter": "((answercount <= 3) AND (commentcount >= 19) AND (commentcount <= 26) AND (favoritecount >= 0) AND (favoritecount <= 222) AND (creationdate <= '2014-08-13 22:35:30'::timestamp without time zone))", "Rows Removed by Filter": 91962}, {"Node Type": "Index Scan", "Parent Relationship": "Inner", "Parallel Aware": false, "Async Capable": false, "Scan Direction": "Forward", "Index Name": "idx_posthistory_userid", "Relation Name": "posthistory", "Alias": "ph", "Startup Cost": 0.42, "Total Cost": 39.24, "Plan Rows": 2, "Plan Width": 4, "Actual Rows": 7, "Actual Loops": 14, "Index Cond": "(userid = p.owneruserid)", "Rows Removed by Index Recheck": 0, "Filter": "((creationdate >= '2009-03-11 15:59:25'::timestamp without time zone) AND (creationdate <= '2013-09-20 15:40:17'::timestamp without time zone) AND (posthistorytypeid = 5))", "Rows Removed by Filter": 36}]}, {"Node Type": "Hash", "Parent Relationship": "Inner", "Parallel Aware": false, "Async Capable": false, "Startup Cost": 3177.11, "Total Cost": 3177.11, "Plan Rows": 5072.0, "Plan Width": 8, "Actual Rows": 38919, "Actual Loops": 1, "Hash Buckets": 65536, "Original Hash Buckets": 65536, "Hash Batches": 1, "Original Hash Batches": 1, "Peak Memory Usage": 2033, "Plans": [{"Node Type": "Hash Join", "Parent Relationship": "Outer", "Parallel Aware": false, "Async Capable": false, "Join Type": "Inner", "Startup Cost": 1423.74, "Total Cost": 3177.11, "Plan Rows": 5072.0, "Plan Width": 8, "Actual Rows": 38919, "Actual Loops": 1, "Inner Unique": true, "Hash Cond": "(b.userid = u.id)", "Plans": [{"Node Type": "Seq Scan", "Parent Relationship": "Outer", "Parallel Aware": false, "Async Capable": false, "Relation Name": "badges", "Alias": "b", "Startup Cost": 0.0, "Total Cost": 1629.76, "Plan Rows": 47086, "Plan Width": 4, "Actual Rows": 47066, "Actual Loops": 1, "Filter": "((date >= '2012-04-27 15:30:15'::timestamp without time zone) AND (date <= '2014-04-19 14:18:40'::timestamp without time zone))", "Rows Removed by Filter": 32785}, {"Node Type": "Hash", "Parent Relationship": "Inner", "Parallel Aware": false, "Async Capable": false, "Startup Cost": 1002.69, "Total Cost": 1002.69, "Plan Rows": 33684, "Plan Width": 4, "Actual Rows": 33713, "Actual Loops": 1, "Hash Buckets": 65536, "Original Hash Buckets": 65536, "Hash Batches": 1, "Original Hash Batches": 1, "Peak Memory Usage": 1698, "Plans": [{"Node Type": "Seq Scan", "Parent Relationship": "Outer", "Parallel Aware": false, "Async Capable": false, "Relation Name": "users", "Alias": "u", "Startup Cost": 0.0, "Total Cost": 1002.69, "Plan Rows": 33684, "Plan Width": 4, "Actual Rows": 33713, "Actual Loops": 1, "Filter": "((reputation <= 9013) AND (creationdate >= '2011-06-26 19:19:05'::timestamp without time zone) AND (creationdate <= '2014-07-22 17:46:04'::timestamp without time zone))", "Rows Removed by Filter": 6612}]}]}]}]}]}, "Planning Time": 2.647, "Triggers": [], "Execution Time": 59.745}, {"Plan": {"Node Type": "Aggregate", "Strategy": "Plain", "Partial Mode": "Simple", "Parallel Aware": false, "Async Capable": false, "Startup Cost": 3188.82, "Total Cost": 3188.83, "Plan Rows": 1, "Plan Width": 8, "Actual Rows": 1, "Actual Loops": 1, "Plans": [{"Node Type": "Nested Loop", "Parent Relationship": "Outer", "Parallel Aware": false, "Async Capable": false, "Join Type": "Inner", "Startup Cost": 1.0, "Total Cost": 3187.82, "Plan Rows": 5.0, "Plan Width": 0, "Actual Rows": 955, "Actual Loops": 1, "Inner Unique": false, "Plans": [{"Node Type": "Nested Loop", "Parent Relationship": "Outer", "Parallel Aware": false, "Async Capable": false, "Join Type": "Inner", "Startup Cost": 0.58, "Total Cost": 3182.76, "Plan Rows": 61.0, "Plan Width": 12, "Actual Rows": 71, "Actual Loops": 1, "Inner Unique": false, "Plans": [{"Node Type": "Nested Loop", "Parent Relationship": "Outer", "Parallel Aware": false, "Async Capable": false, "Join Type": "Inner", "Startup Cost": 0.29, "Total Cost": 3180.98, "Plan Rows": 4.0, "Plan Width": 8, "Actual Rows": 12, "Actual Loops": 1, "Inner Unique": true, "Plans": [{"Node Type": "Seq Scan", "Parent Relationship": "Outer", "Parallel Aware": false, "Async Capable": false, "Relation Name": "posts", "Alias": "p", "Startup Cost": 0.0, "Total Cost": 3139.4, "Plan Rows": 5, "Plan Width": 4, "Actual Rows": 14, "Actual Loops": 1, "Filter": "((answercount <= 3) AND (commentcount >= 19) AND (commentcount <= 26) AND (favoritecount >= 0) AND (favoritecount <= 222) AND (creationdate <= '2014-08-13 22:35:30'::timestamp without time zone))", "Rows Removed by Filter": 91962}, {"Node Type": "Index Scan", "Parent Relationship": "Inner", "Parallel Aware": false, "Async Capable": false, "Scan Direction": "Forward", "Index Name": "users_pkey", "Relation Name": "users", "Alias": "u", "Startup Cost": 0.29, "Total Cost": 8.31, "Plan Rows": 1, "Plan Width": 4, "Actual Rows": 1, "Actual Loops": 14, "Index Cond": "(id = p.owneruserid)", "Rows Removed by Index Recheck": 0, "Filter": "((reputation <= 9013) AND (creationdate >= '2011-06-26 19:19:05'::timestamp without time zone) AND (creationdate <= '2014-07-22 17:46:04'::timestamp without time zone))", "Rows Removed by Filter": 0}]}, {"Node Type": "Index Scan", "Parent Relationship": "Inner", "Parallel Aware": false, "Async Capable": false, "Scan Direction": "Forward", "Index Name": "idx_badges_userid", "Relation Name": "badges", "Alias": "b", "Startup Cost": 0.29, "Total Cost": 0.43, "Plan Rows": 2, "Plan Width": 4, "Actual Rows": 6, "Actual Loops": 12, "Index Cond": "(userid = u.id)", "Rows Removed by Index Recheck": 0, "Filter": "((date >= '2012-04-27 15:30:15'::timestamp without time zone) AND (date <= '2014-04-19 14:18:40'::timestamp without time zone))", "Rows Removed by Filter": 4}]}, {"Node Type": "Index Scan", "Parent Relationship": "Inner", "Parallel Aware": false, "Async Capable": false, "Scan Direction": "Forward", "Index Name": "idx_posthistory_userid", "Relation Name": "posthistory", "Alias": "ph", "Startup Cost": 0.42, "Total Cost": 0.99, "Plan Rows": 2, "Plan Width": 4, "Actual Rows": 13, "Actual Loops": 71, "Index Cond": "(userid = b.userid)", "Rows Removed by Index Recheck": 0, "Filter": "((creationdate >= '2009-03-11 15:59:25'::timestamp without time zone) AND (creationdate <= '2013-09-20 15:40:17'::timestamp without time zone) AND (posthistorytypeid = 5))", "Rows Removed by Filter": 57}]}]}, "Planning Time": 1.955, "Triggers": [], "Execution Time": 9.362}, {"Plan": {"Node Type": "Aggregate", "Strategy": "Plain", "Partial Mode": "Finalize", "Parallel Aware": false, "Async Capable": false, "Startup Cost": 20835.32, "Total Cost": 20835.33, "Plan Rows": 1, "Plan Width": 8, "Actual Rows": 1, "Actual Loops": 1, "Plans": [{"Node Type": "Gather", "Parent Relationship": "Outer", "Parallel Aware": false, "Async Capable": false, "Startup Cost": 20835.21, "Total Cost": 20835.32, "Plan Rows": 1, "Plan Width": 8, "Actual Rows": 2, "Actual Loops": 1, "Workers Planned": 1, "Workers Launched": 1, "Single Copy": false, "Plans": [{"Node Type": "Aggregate", "Strategy": "Plain", "Partial Mode": "Partial", "Parent Relationship": "Outer", "Parallel Aware": false, "Async Capable": false, "Startup Cost": 19835.21, "Total Cost": 19835.22, "Plan Rows": 1, "Plan Width": 8, "Actual Rows": 1, "Actual Loops": 2, "Workers": [], "Plans": [{"Node Type": "Hash Join", "Parent Relationship": "Outer", "Parallel Aware": false, "Async Capable": false, "Join Type": "Inner", "Startup Cost": 3181.33, "Total Cost": 19834.62, "Plan Rows": 5.0, "Plan Width": 0, "Actual Rows": 478, "Actual Loops": 2, "Inner Unique": false, "Hash Cond": "(b.userid = u.id)", "Workers": [], "Plans": [{"Node Type": "Nested Loop", "Parent Relationship": "Outer", "Parallel Aware": false, "Async Capable": false, "Join Type": "Inner", "Startup Cost": 0.3, "Total Cost": 13739.08, "Plan Rows": 799.0, "Plan Width": 8, "Actual Rows": 1214990, "Actual Loops": 2, "Inner Unique": false, "Workers": [], "Plans": [{"Node Type": "Seq Scan", "Parent Relationship": "Outer", "Parallel Aware": true, "Async Capable": false, "Relation Name": "posthistory", "Alias": "ph", "Startup Cost": 0.0, "Total Cost": 5361.04, "Plan Rows": 25163, "Plan Width": 4, "Actual Rows": 21500, "Actual Loops": 2, "Filter": "((creationdate >= '2009-03-11 15:59:25'::timestamp without time zone) AND (creationdate <= '2013-09-20 15:40:17'::timestamp without time zone) AND (posthistorytypeid = 5))", "Rows Removed by Filter": 130094, "Workers": []}, {"Node Type": "Memoize", "Parent Relationship": "Inner", "Parallel Aware": false, "Async Capable": false, "Startup Cost": 0.3, "Total Cost": 0.42, "Plan Rows": 2, "Plan Width": 4, "Actual Rows": 57, "Actual Loops": 43000, "Cache Key": "ph.userid", "Cache Mode": "logical", "Cache Hits": 19828, "Cache Misses": 3059, "Cache Evictions": 0, "Cache Overflows": 0, "Peak Memory Usage": 850, "Workers": [{"Worker Number": 0, "Cache Hits": 17162, "Cache Misses": 2951, "Cache Evictions": 0, "Cache Overflows": 0, "Peak Memory Usage": 835}], "Plans": [{"Node Type": "Index Scan", "Parent Relationship": "Outer", "Parallel Aware": false, "Async Capable": false, "Scan Direction": "Forward", "Index Name": "idx_badges_userid", "Relation Name": "badges", "Alias": "b", "Startup Cost": 0.29, "Total Cost": 0.41, "Plan Rows": 2, "Plan Width": 4, "Actual Rows": 6, "Actual Loops": 6010, "Index Cond": "(userid = ph.userid)", "Rows Removed by Index Recheck": 0, "Filter": "((date >= '2012-04-27 15:30:15'::timestamp without time zone) AND (date <= '2014-04-19 14:18:40'::timestamp without time zone))", "Rows Removed by Filter": 4, "Workers": []}]}]}, {"Node Type": "Hash", "Parent Relationship": "Inner", "Parallel Aware": false, "Async Capable": false, "Startup Cost": 3180.98, "Total Cost": 3180.98, "Plan Rows": 4.0, "Plan Width": 8, "Actual Rows": 12, "Actual Loops": 2, "Hash Buckets": 1024, "Original Hash Buckets": 1024, "Hash Batches": 1, "Original Hash Batches": 1, "Peak Memory Usage": 9, "Workers": [], "Plans": [{"Node Type": "Nested Loop", "Parent Relationship": "Outer", "Parallel Aware": false, "Async Capable": false, "Join Type": "Inner", "Startup Cost": 0.29, "Total Cost": 3180.98, "Plan Rows": 4.0, "Plan Width": 8, "Actual Rows": 12, "Actual Loops": 2, "Inner Unique": true, "Workers": [], "Plans": [{"Node Type": "Seq Scan", "Parent Relationship": "Outer", "Parallel Aware": false, "Async Capable": false, "Relation Name": "posts", "Alias": "p", "Startup Cost": 0.0, "Total Cost": 3139.4, "Plan Rows": 5, "Plan Width": 4, "Actual Rows": 14, "Actual Loops": 2, "Filter": "((answercount <= 3) AND (commentcount >= 19) AND (commentcount <= 26) AND (favoritecount >= 0) AND (favoritecount <= 222) AND (creationdate <= '2014-08-13 22:35:30'::timestamp without time zone))", "Rows Removed by Filter": 91962, "Workers": []}, {"Node Type": "Index Scan", "Parent Relationship": "Inner", "Parallel Aware": false, "Async Capable": false, "Scan Direction": "Forward", "Index Name": "users_pkey", "Relation Name": "users", "Alias": "u", "Startup Cost": 0.29, "Total Cost": 8.31, "Plan Rows": 1, "Plan Width": 4, "Actual Rows": 1, "Actual Loops": 28, "Index Cond": "(id = p.owneruserid)", "Rows Removed by Index Recheck": 0, "Filter": "((reputation <= 9013) AND (creationdate >= '2011-06-26 19:19:05'::timestamp without time zone) AND (creationdate <= '2014-07-22 17:46:04'::timestamp without time zone))", "Rows Removed by Filter": 0, "Workers": []}]}]}]}]}]}]}, "Planning Time": 5.467, "Triggers": [], "Execution Time": 200.734}, {"Plan": {"Node Type": "Aggregate", "Strategy": "Plain", "Partial Mode": "Simple", "Parallel Aware": false, "Async Capable": false, "Startup Cost": 3629.29, "Total Cost": 3629.3, "Plan Rows": 1, "Plan Width": 8, "Actual Rows": 1, "Actual Loops": 1, "Plans": [{"Node Type": "Nested Loop", "Parent Relationship": "Outer", "Parallel Aware": false, "Async Capable": false, "Join Type": "Inner", "Startup Cost": 1.01, "Total Cost": 3628.29, "Plan Rows": 5.0, "Plan Width": 0, "Actual Rows": 955, "Actual Loops": 1, "Inner Unique": true, "Join Filter": "(u.id = b.userid)", "Rows Removed by Join Filter": 0, "Plans": [{"Node Type": "Nested Loop", "Parent Relationship": "Outer", "Parallel Aware": false, "Async Capable": false, "Join Type": "Inner", "Startup Cost": 0.71, "Total Cost": 3318.04, "Plan Rows": 10.0, "Plan Width": 12, "Actual Rows": 1066, "Actual Loops": 1, "Inner Unique": false, "Plans": [{"Node Type": "Nested Loop", "Parent Relationship": "Outer", "Parallel Aware": false, "Async Capable": false, "Join Type": "Inner", "Startup Cost": 0.29, "Total Cost": 3202.84, "Plan Rows": 147.0, "Plan Width": 8, "Actual Rows": 81, "Actual Loops": 1, "Inner Unique": false, "Plans": [{"Node Type": "Seq Scan", "Parent Relationship": "Outer", "Parallel Aware": false, "Async Capable": false, "Relation Name": "posts", "Alias": "p", "Startup Cost": 0.0, "Total Cost": 3139.4, "Plan Rows": 5, "Plan Width": 4, "Actual Rows": 14, "Actual Loops": 1, "Filter": "((answercount <= 3) AND (commentcount >= 19) AND (commentcount <= 26) AND (favoritecount >= 0) AND (favoritecount <= 222) AND (creationdate <= '2014-08-13 22:35:30'::timestamp without time zone))", "Rows Removed by Filter": 91962}, {"Node Type": "Index Scan", "Parent Relationship": "Inner", "Parallel Aware": false, "Async Capable": false, "Scan Direction": "Forward", "Index Name": "idx_badges_userid", "Relation Name": "badges", "Alias": "b", "Startup Cost": 0.29, "Total Cost": 12.67, "Plan Rows": 2, "Plan Width": 4, "Actual Rows": 6, "Actual Loops": 14, "Index Cond": "(userid = p.owneruserid)", "Rows Removed by Index Recheck": 0, "Filter": "((date >= '2012-04-27 15:30:15'::timestamp without time zone) AND (date <= '2014-04-19 14:18:40'::timestamp without time zone))", "Rows Removed by Filter": 4}]}, {"Node Type": "Index Scan", "Parent Relationship": "Inner", "Parallel Aware": false, "Async Capable": false, "Scan Direction": "Forward", "Index Name": "idx_posthistory_userid", "Relation Name": "posthistory", "Alias": "ph", "Startup Cost": 0.42, "Total Cost": 0.99, "Plan Rows": 2, "Plan Width": 4, "Actual Rows": 13, "Actual Loops": 81, "Index Cond": "(userid = b.userid)", "Rows Removed by Index Recheck": 0, "Filter": "((creationdate >= '2009-03-11 15:59:25'::timestamp without time zone) AND (creationdate <= '2013-09-20 15:40:17'::timestamp without time zone) AND (posthistorytypeid = 5))", "Rows Removed by Filter": 56}]}, {"Node Type": "Memoize", "Parent Relationship": "Inner", "Parallel Aware": false, "Async Capable": false, "Startup Cost": 0.3, "Total Cost": 8.32, "Plan Rows": 1, "Plan Width": 4, "Actual Rows": 1, "Actual Loops": 1066, "Cache Key": "p.owneruserid", "Cache Mode": "logical", "Cache Hits": 1057, "Cache Misses": 9, "Cache Evictions": 0, "Cache Overflows": 0, "Peak Memory Usage": 1, "Plans": [{"Node Type": "Index Scan", "Parent Relationship": "Outer", "Parallel Aware": false, "Async Capable": false, "Scan Direction": "Forward", "Index Name": "users_pkey", "Relation Name": "users", "Alias": "u", "Startup Cost": 0.29, "Total Cost": 8.31, "Plan Rows": 1, "Plan Width": 4, "Actual Rows": 1, "Actual Loops": 9, "Index Cond": "(id = p.owneruserid)", "Rows Removed by Index Recheck": 0, "Filter": "((reputation <= 9013) AND (creationdate >= '2011-06-26 19:19:05'::timestamp without time zone) AND (creationdate <= '2014-07-22 17:46:04'::timestamp without time zone))", "Rows Removed by Filter": 0}]}]}]}, "Planning Time": 1.978, "Triggers": [], "Execution Time": 11.238}, {"Plan": {"Node Type": "Aggregate", "Strategy": "Plain", "Partial Mode": "Finalize", "Parallel Aware": false, "Async Capable": false, "Startup Cost": 11496.35, "Total Cost": 11496.36, "Plan Rows": 1, "Plan Width": 8, "Actual Rows": 1, "Actual Loops": 1, "Plans": [{"Node Type": "Gather", "Parent Relationship": "Outer", "Parallel Aware": false, "Async Capable": false, "Startup Cost": 11496.24, "Total Cost": 11496.35, "Plan Rows": 1, "Plan Width": 8, "Actual Rows": 2, "Actual Loops": 1, "Workers Planned": 1, "Workers Launched": 1, "Single Copy": false, "Plans": [{"Node Type": "Aggregate", "Strategy": "Plain", "Partial Mode": "Partial", "Parent Relationship": "Outer", "Parallel Aware": false, "Async Capable": false, "Startup Cost": 10496.24, "Total Cost": 10496.25, "Plan Rows": 1, "Plan Width": 8, "Actual Rows": 1, "Actual Loops": 2, "Workers": [], "Plans": [{"Node Type": "Hash Join", "Parent Relationship": "Outer", "Parallel Aware": false, "Async Capable": false, "Join Type": "Inner", "Startup Cost": 4628.0, "Total Cost": 10495.65, "Plan Rows": 5.0, "Plan Width": 0, "Actual Rows": 478, "Actual Loops": 2, "Inner Unique": false, "Hash Cond": "(u.id = b.userid)", "Workers": [], "Plans": [{"Node Type": "Hash Join", "Parent Relationship": "Outer", "Parallel Aware": false, "Async Capable": false, "Join Type": "Inner", "Startup Cost": 1423.74, "Total Cost": 6850.84, "Plan Rows": 19.0, "Plan Width": 8, "Actual Rows": 7749, "Actual Loops": 2, "Inner Unique": true, "Hash Cond": "(ph.userid = u.id)", "Workers": [], "Plans": [{"Node Type": "Seq Scan", "Parent Relationship": "Outer", "Parallel Aware": true, "Async Capable": false, "Relation Name": "posthistory", "Alias": "ph", "Startup Cost": 0.0, "Total Cost": 5361.04, "Plan Rows": 25163, "Plan Width": 4, "Actual Rows": 21500, "Actual Loops": 2, "Filter": "((creationdate >= '2009-03-11 15:59:25'::timestamp without time zone) AND (creationdate <= '2013-09-20 15:40:17'::timestamp without time zone) AND (posthistorytypeid = 5))", "Rows Removed by Filter": 130094, "Workers": []}, {"Node Type": "Hash", "Parent Relationship": "Inner", "Parallel Aware": false, "Async Capable": false, "Startup Cost": 1002.69, "Total Cost": 1002.69, "Plan Rows": 33684, "Plan Width": 4, "Actual Rows": 33713, "Actual Loops": 2, "Hash Buckets": 65536, "Original Hash Buckets": 65536, "Hash Batches": 1, "Original Hash Batches": 1, "Peak Memory Usage": 1698, "Workers": [], "Plans": [{"Node Type": "Seq Scan", "Parent Relationship": "Outer", "Parallel Aware": false, "Async Capable": false, "Relation Name": "users", "Alias": "u", "Startup Cost": 0.0, "Total Cost": 1002.69, "Plan Rows": 33684, "Plan Width": 4, "Actual Rows": 33713, "Actual Loops": 2, "Filter": "((reputation <= 9013) AND (creationdate >= '2011-06-26 19:19:05'::timestamp without time zone) AND (creationdate <= '2014-07-22 17:46:04'::timestamp without time zone))", "Rows Removed by Filter": 6612, "Workers": []}]}]}, {"Node Type": "Hash", "Parent Relationship": "Inner", "Parallel Aware": false, "Async Capable": false, "Startup Cost": 3202.84, "Total Cost": 3202.84, "Plan Rows": 147.0, "Plan Width": 8, "Actual Rows": 81, "Actual Loops": 2, "Hash Buckets": 1024, "Original Hash Buckets": 1024, "Hash Batches": 1, "Original Hash Batches": 1, "Peak Memory Usage": 12, "Workers": [], "Plans": [{"Node Type": "Nested Loop", "Parent Relationship": "Outer", "Parallel Aware": false, "Async Capable": false, "Join Type": "Inner", "Startup Cost": 0.29, "Total Cost": 3202.84, "Plan Rows": 147.0, "Plan Width": 8, "Actual Rows": 81, "Actual Loops": 2, "Inner Unique": false, "Workers": [], "Plans": [{"Node Type": "Seq Scan", "Parent Relationship": "Outer", "Parallel Aware": false, "Async Capable": false, "Relation Name": "posts", "Alias": "p", "Startup Cost": 0.0, "Total Cost": 3139.4, "Plan Rows": 5, "Plan Width": 4, "Actual Rows": 14, "Actual Loops": 2, "Filter": "((answercount <= 3) AND (commentcount >= 19) AND (commentcount <= 26) AND (favoritecount >= 0) AND (favoritecount <= 222) AND (creationdate <= '2014-08-13 22:35:30'::timestamp without time zone))", "Rows Removed by Filter": 91962, "Workers": []}, {"Node Type": "Index Scan", "Parent Relationship": "Inner", "Parallel Aware": false, "Async Capable": false, "Scan Direction": "Forward", "Index Name": "idx_badges_userid", "Relation Name": "badges", "Alias": "b", "Startup Cost": 0.29, "Total Cost": 12.67, "Plan Rows": 2, "Plan Width": 4, "Actual Rows": 6, "Actual Loops": 28, "Index Cond": "(userid = p.owneruserid)", "Rows Removed by Index Recheck": 0, "Filter": "((date >= '2012-04-27 15:30:15'::timestamp without time zone) AND (date <= '2014-04-19 14:18:40'::timestamp without time zone))", "Rows Removed by Filter": 4, "Workers": []}]}]}]}]}]}]}, "Planning Time": 3.927, "Triggers": [], "Execution Time": 82.872}]