[{"Plan": {"Node Type": "Aggregate", "Strategy": "Plain", "Partial Mode": "Simple", "Parallel Aware": false, "Async Capable": false, "Startup Cost": 3898.17, "Total Cost": 3898.18, "Plan Rows": 1, "Plan Width": 8, "Actual Rows": 1, "Actual Loops": 1, "Plans": [{"Node Type": "Merge Join", "Parent Relationship": "Outer", "Parallel Aware": false, "Async Capable": false, "Join Type": "Inner", "Startup Cost": 1781.62, "Total Cost": 3874.45, "Plan Rows": 1539.0, "Plan Width": 0, "Actual Rows": 87715, "Actual Loops": 1, "Inner Unique": true, "Merge Cond": "(v.userid = u.id)", "Plans": [{"Node Type": "Merge Join", "Parent Relationship": "Outer", "Parallel Aware": false, "Async Capable": false, "Join Type": "Inner", "Startup Cost": 1781.33, "Total Cost": 5799.15, "Plan Rows": 3614.0, "Plan Width": 12, "Actual Rows": 529673, "Actual Loops": 1, "Inner Unique": false, "Merge Cond": "(v.userid = b.userid)", "Plans": [{"Node Type": "Merge Join", "Parent Relationship": "Outer", "Parallel Aware": false, "Async Capable": false, "Join Type": "Inner", "Startup Cost": 0.71, "Total Cost": 20779.66, "Plan Rows": 6855.0, "Plan Width": 8, "Actual Rows": 342699, "Actual Loops": 1, "Inner Unique": false, "Merge Cond": "(p.owneruserid = v.userid)", "Plans": [{"Node Type": "Index Scan", "Parent Relationship": "Outer", "Parallel Aware": false, "Async Capable": false, "Scan Direction": "Forward", "Index Name": "idx_posts_owneruserid", "Relation Name": "posts", "Alias": "p", "Startup Cost": 0.29, "Total Cost": 4553.55, "Plan Rows": 42890, "Plan Width": 4, "Actual Rows": 38780, "Actual Loops": 1, "Filter": "((score <= 162) AND (answercount <= 14))", "Rows Removed by Filter": 47230}, {"Node Type": "Materialize", "Parent Relationship": "Inner", "Parallel Aware": false, "Async Capable": false, "Startup Cost": 0.42, "Total Cost": 13160.75, "Plan Rows": 295312, "Plan Width": 4, "Actual Rows": 349956, "Actual Loops": 1, "Plans": [{"Node Type": "Index Scan", "Parent Relationship": "Outer", "Parallel Aware": false, "Async Capable": false, "Scan Direction": "Forward", "Index Name": "idx_votes_userid", "Relation Name": "votes", "Alias": "v", "Startup Cost": 0.42, "Total Cost": 12422.47, "Plan Rows": 295312, "Plan Width": 4, "Actual Rows": 30508, "Actual Loops": 1, "Filter": "(creationdate <= '2014-05-28 18:19:00'::timestamp without time zone)", "Rows Removed by Filter": 4282}]}]}, {"Node Type": "Sort", "Parent Relationship": "Inner", "Parallel Aware": false, "Async Capable": false, "Startup Cost": 1778.71, "Total Cost": 1785.27, "Plan Rows": 2623, "Plan Width": 4, "Actual Rows": 530688, "Actual Loops": 1, "Sort Key": ["b.userid"], "Sort Method": "quicksort", "Sort Space Used": 97, "Sort Space Type": "Memory", "Plans": [{"Node Type": "Seq Scan", "Parent Relationship": "Outer", "Parallel Aware": false, "Async Capable": false, "Relation Name": "badges", "Alias": "b", "Startup Cost": 0.0, "Total Cost": 1629.76, "Plan Rows": 2623, "Plan Width": 4, "Actual Rows": 2615, "Actual Loops": 1, "Filter": "((date >= '2014-05-21 22:27:32'::timestamp without time zone) AND (date <= '2014-06-18 23:13:58'::timestamp without time zone))", "Rows Removed by Filter": 77236}]}]}, {"Node Type": "Index Scan", "Parent Relationship": "Inner", "Parallel Aware": false, "Async Capable": false, "Scan Direction": "Forward", "Index Name": "users_pkey", "Relation Name": "users", "Alias": "u", "Startup Cost": 0.29, "Total Cost": 1457.98, "Plan Rows": 35290, "Plan Width": 4, "Actual Rows": 28793, "Actual Loops": 1, "Filter": "(creationdate >= '2011-10-23 14:32:21'::timestamp without time zone)", "Rows Removed by Filter": 5031}]}]}, "Planning Time": 3.07, "Triggers": [], "Execution Time": 205.054}, {"Plan": {"Node Type": "Aggregate", "Strategy": "Plain", "Partial Mode": "Simple", "Parallel Aware": false, "Async Capable": false, "Startup Cost": 8636.44, "Total Cost": 8636.45, "Plan Rows": 1, "Plan Width": 8, "Actual Rows": 1, "Actual Loops": 1, "Plans": [{"Node Type": "Merge Join", "Parent Relationship": "Outer", "Parallel Aware": false, "Async Capable": false, "Join Type": "Inner", "Startup Cost": 1780.79, "Total Cost": 8612.71, "Plan Rows": 1539.0, "Plan Width": 0, "Actual Rows": 87715, "Actual Loops": 1, "Inner Unique": false, "Merge Cond": "(u.id = v.userid)", "Plans": [{"Node Type": "Merge Join", "Parent Relationship": "Outer", "Parallel Aware": false, "Async Capable": false, "Join Type": "Inner", "Startup Cost": 0.58, "Total Cost": 6506.13, "Plan Rows": 54.0, "Plan Width": 8, "Actual Rows": 29398, "Actual Loops": 1, "Inner Unique": true, "Merge Cond": "(p.owneruserid = u.id)", "Plans": [{"Node Type": "Index Scan", "Parent Relationship": "Outer", "Parallel Aware": false, "Async Capable": false, "Scan Direction": "Forward", "Index Name": "idx_posts_owneruserid", "Relation Name": "posts", "Alias": "p", "Startup Cost": 0.29, "Total Cost": 4553.55, "Plan Rows": 42890, "Plan Width": 4, "Actual Rows": 38766, "Actual Loops": 1, "Filter": "((score <= 162) AND (answercount <= 14))", "Rows Removed by Filter": 47229}, {"Node Type": "Index Scan", "Parent Relationship": "Inner", "Parallel Aware": false, "Async Capable": false, "Scan Direction": "Forward", "Index Name": "users_pkey", "Relation Name": "users", "Alias": "u", "Startup Cost": 0.29, "Total Cost": 1457.98, "Plan Rows": 35290, "Plan Width": 4, "Actual Rows": 28907, "Actual Loops": 1, "Filter": "(creationdate >= '2011-10-23 14:32:21'::timestamp without time zone)", "Rows Removed by Filter": 5031}]}, {"Node Type": "Materialize", "Parent Relationship": "Inner", "Parallel Aware": false, "Async Capable": false, "Startup Cost": 1780.2, "Total Cost": 3663.81, "Plan Rows": 17026.0, "Plan Width": 8, "Actual Rows": 104642, "Actual Loops": 1, "Plans": [{"Node Type": "Merge Join", "Parent Relationship": "Outer", "Parallel Aware": false, "Async Capable": false, "Join Type": "Inner", "Startup Cost": 1780.2, "Total Cost": 3593.39, "Plan Rows": 17026.0, "Plan Width": 8, "Actual Rows": 25064, "Actual Loops": 1, "Inner Unique": false, "Merge Cond": "(v.userid = b.userid)", "Plans": [{"Node Type": "Index Scan", "Parent Relationship": "Outer", "Parallel Aware": false, "Async Capable": false, "Scan Direction": "Forward", "Index Name": "idx_votes_userid", "Relation Name": "votes", "Alias": "v", "Startup Cost": 0.42, "Total Cost": 12422.47, "Plan Rows": 295312, "Plan Width": 4, "Actual Rows": 30508, "Actual Loops": 1, "Filter": "(creationdate <= '2014-05-28 18:19:00'::timestamp without time zone)", "Rows Removed by Filter": 4282}, {"Node Type": "Sort", "Parent Relationship": "Inner", "Parallel Aware": false, "Async Capable": false, "Startup Cost": 1778.71, "Total Cost": 1785.27, "Plan Rows": 2623, "Plan Width": 4, "Actual Rows": 26125, "Actual Loops": 1, "Sort Key": ["b.userid"], "Sort Method": "quicksort", "Sort Space Used": 97, "Sort Space Type": "Memory", "Plans": [{"Node Type": "Seq Scan", "Parent Relationship": "Outer", "Parallel Aware": false, "Async Capable": false, "Relation Name": "badges", "Alias": "b", "Startup Cost": 0.0, "Total Cost": 1629.76, "Plan Rows": 2623, "Plan Width": 4, "Actual Rows": 2615, "Actual Loops": 1, "Filter": "((date >= '2014-05-21 22:27:32'::timestamp without time zone) AND (date <= '2014-06-18 23:13:58'::timestamp without time zone))", "Rows Removed by Filter": 77236}]}]}]}]}]}, "Planning Time": 2.824, "Triggers": [], "Execution Time": 129.669}, {"Plan": {"Node Type": "Aggregate", "Strategy": "Plain", "Partial Mode": "Simple", "Parallel Aware": false, "Async Capable": false, "Startup Cost": 3912.71, "Total Cost": 3912.72, "Plan Rows": 1, "Plan Width": 8, "Actual Rows": 1, "Actual Loops": 1, "Plans": [{"Node Type": "Merge Join", "Parent Relationship": "Outer", "Parallel Aware": false, "Async Capable": false, "Join Type": "Inner", "Startup Cost": 1781.72, "Total Cost": 3888.98, "Plan Rows": 1539.0, "Plan Width": 0, "Actual Rows": 87715, "Actual Loops": 1, "Inner Unique": true, "Merge Cond": "(v.userid = u.id)", "Plans": [{"Node Type": "Merge Join", "Parent Relationship": "Outer", "Parallel Aware": false, "Async Capable": false, "Join Type": "Inner", "Startup Cost": 1781.43, "Total Cost": 5935.7, "Plan Rows": 3614.0, "Plan Width": 12, "Actual Rows": 529673, "Actual Loops": 1, "Inner Unique": false, "Merge Cond": "(v.userid = b.userid)", "Plans": [{"Node Type": "Merge Join", "Parent Relationship": "Outer", "Parallel Aware": false, "Async Capable": false, "Join Type": "Inner", "Startup Cost": 0.71, "Total Cost": 22070.92, "Plan Rows": 6855.0, "Plan Width": 8, "Actual Rows": 342699, "Actual Loops": 1, "Inner Unique": false, "Merge Cond": "(v.userid = p.owneruserid)", "Plans": [{"Node Type": "Index Scan", "Parent Relationship": "Outer", "Parallel Aware": false, "Async Capable": false, "Scan Direction": "Forward", "Index Name": "idx_votes_userid", "Relation Name": "votes", "Alias": "v", "Startup Cost": 0.42, "Total Cost": 12422.47, "Plan Rows": 295312, "Plan Width": 4, "Actual Rows": 30508, "Actual Loops": 1, "Filter": "(creationdate <= '2014-05-28 18:19:00'::timestamp without time zone)", "Rows Removed by Filter": 4282}, {"Node Type": "Materialize", "Parent Relationship": "Inner", "Parallel Aware": false, "Async Capable": false, "Startup Cost": 0.29, "Total Cost": 4660.77, "Plan Rows": 42890, "Plan Width": 4, "Actual Rows": 366474, "Actual Loops": 1, "Plans": [{"Node Type": "Index Scan", "Parent Relationship": "Outer", "Parallel Aware": false, "Async Capable": false, "Scan Direction": "Forward", "Index Name": "idx_posts_owneruserid", "Relation Name": "posts", "Alias": "p", "Startup Cost": 0.29, "Total Cost": 4553.55, "Plan Rows": 42890, "Plan Width": 4, "Actual Rows": 38780, "Actual Loops": 1, "Filter": "((score <= 162) AND (answercount <= 14))", "Rows Removed by Filter": 47230}]}]}, {"Node Type": "Sort", "Parent Relationship": "Inner", "Parallel Aware": false, "Async Capable": false, "Startup Cost": 1778.71, "Total Cost": 1785.27, "Plan Rows": 2623, "Plan Width": 4, "Actual Rows": 530688, "Actual Loops": 1, "Sort Key": ["b.userid"], "Sort Method": "quicksort", "Sort Space Used": 97, "Sort Space Type": "Memory", "Plans": [{"Node Type": "Seq Scan", "Parent Relationship": "Outer", "Parallel Aware": false, "Async Capable": false, "Relation Name": "badges", "Alias": "b", "Startup Cost": 0.0, "Total Cost": 1629.76, "Plan Rows": 2623, "Plan Width": 4, "Actual Rows": 2615, "Actual Loops": 1, "Filter": "((date >= '2014-05-21 22:27:32'::timestamp without time zone) AND (date <= '2014-06-18 23:13:58'::timestamp without time zone))", "Rows Removed by Filter": 77236}]}]}, {"Node Type": "Index Scan", "Parent Relationship": "Inner", "Parallel Aware": false, "Async Capable": false, "Scan Direction": "Forward", "Index Name": "users_pkey", "Relation Name": "users", "Alias": "u", "Startup Cost": 0.29, "Total Cost": 1457.98, "Plan Rows": 35290, "Plan Width": 4, "Actual Rows": 28793, "Actual Loops": 1, "Filter": "(creationdate >= '2011-10-23 14:32:21'::timestamp without time zone)", "Rows Removed by Filter": 5031}]}]}, "Planning Time": 2.838, "Triggers": [], "Execution Time": 205.692}, {"Plan": {"Node Type": "Aggregate", "Strategy": "Plain", "Partial Mode": "Simple", "Parallel Aware": false, "Async Capable": false, "Startup Cost": 6221.68, "Total Cost": 6221.69, "Plan Rows": 1, "Plan Width": 8, "Actual Rows": 1, "Actual Loops": 1, "Plans": [{"Node Type": "Merge Join", "Parent Relationship": "Outer", "Parallel Aware": false, "Async Capable": false, "Join Type": "Inner", "Startup Cost": 1779.8, "Total Cost": 6197.95, "Plan Rows": 1539.0, "Plan Width": 0, "Actual Rows": 87715, "Actual Loops": 1, "Inner Unique": false, "Merge Cond": "(u.id = v.userid)", "Plans": [{"Node Type": "Merge Join", "Parent Relationship": "Outer", "Parallel Aware": false, "Async Capable": false, "Join Type": "Inner", "Startup Cost": 1779.09, "Total Cost": 3360.94, "Plan Rows": 369.0, "Plan Width": 8, "Actual Rows": 1313, "Actual Loops": 1, "Inner Unique": false, "Merge Cond": "(u.id = b.userid)", "Plans": [{"Node Type": "Index Scan", "Parent Relationship": "Outer", "Parallel Aware": false, "Async Capable": false, "Scan Direction": "Forward", "Index Name": "users_pkey", "Relation Name": "users", "Alias": "u", "Startup Cost": 0.29, "Total Cost": 1457.98, "Plan Rows": 35290, "Plan Width": 4, "Actual Rows": 28794, "Actual Loops": 1, "Filter": "(creationdate >= '2011-10-23 14:32:21'::timestamp without time zone)", "Rows Removed by Filter": 5031}, {"Node Type": "Sort", "Parent Relationship": "Inner", "Parallel Aware": false, "Async Capable": false, "Startup Cost": 1778.71, "Total Cost": 1785.27, "Plan Rows": 2623, "Plan Width": 4, "Actual Rows": 1641, "Actual Loops": 1, "Sort Key": ["b.userid"], "Sort Method": "quicksort", "Sort Space Used": 97, "Sort Space Type": "Memory", "Plans": [{"Node Type": "Seq Scan", "Parent Relationship": "Outer", "Parallel Aware": false, "Async Capable": false, "Relation Name": "badges", "Alias": "b", "Startup Cost": 0.0, "Total Cost": 1629.76, "Plan Rows": 2623, "Plan Width": 4, "Actual Rows": 2615, "Actual Loops": 1, "Filter": "((date >= '2014-05-21 22:27:32'::timestamp without time zone) AND (date <= '2014-06-18 23:13:58'::timestamp without time zone))", "Rows Removed by Filter": 77236}]}]}, {"Node Type": "Materialize", "Parent Relationship": "Inner", "Parallel Aware": false, "Async Capable": false, "Startup Cost": 0.71, "Total Cost": 23467.2, "Plan Rows": 6855.0, "Plan Width": 8, "Actual Rows": 386516, "Actual Loops": 1, "Plans": [{"Node Type": "Merge Join", "Parent Relationship": "Outer", "Parallel Aware": false, "Async Capable": false, "Join Type": "Inner", "Startup Cost": 0.71, "Total Cost": 20779.66, "Plan Rows": 6855.0, "Plan Width": 8, "Actual Rows": 342699, "Actual Loops": 1, "Inner Unique": false, "Merge Cond": "(p.owneruserid = v.userid)", "Plans": [{"Node Type": "Index Scan", "Parent Relationship": "Outer", "Parallel Aware": false, "Async Capable": false, "Scan Direction": "Forward", "Index Name": "idx_posts_owneruserid", "Relation Name": "posts", "Alias": "p", "Startup Cost": 0.29, "Total Cost": 4553.55, "Plan Rows": 42890, "Plan Width": 4, "Actual Rows": 38780, "Actual Loops": 1, "Filter": "((score <= 162) AND (answercount <= 14))", "Rows Removed by Filter": 47230}, {"Node Type": "Materialize", "Parent Relationship": "Inner", "Parallel Aware": false, "Async Capable": false, "Startup Cost": 0.42, "Total Cost": 13160.75, "Plan Rows": 295312, "Plan Width": 4, "Actual Rows": 349956, "Actual Loops": 1, "Plans": [{"Node Type": "Index Scan", "Parent Relationship": "Outer", "Parallel Aware": false, "Async Capable": false, "Scan Direction": "Forward", "Index Name": "idx_votes_userid", "Relation Name": "votes", "Alias": "v", "Startup Cost": 0.42, "Total Cost": 12422.47, "Plan Rows": 295312, "Plan Width": 4, "Actual Rows": 30508, "Actual Loops": 1, "Filter": "(creationdate <= '2014-05-28 18:19:00'::timestamp without time zone)", "Rows Removed by Filter": 4282}]}]}]}]}]}, "Planning Time": 2.782, "Triggers": [], "Execution Time": 206.174}, {"Plan": {"Node Type": "Aggregate", "Strategy": "Plain", "Partial Mode": "Simple", "Parallel Aware": false, "Async Capable": false, "Startup Cost": 4672.01, "Total Cost": 4672.02, "Plan Rows": 1, "Plan Width": 8, "Actual Rows": 1, "Actual Loops": 1, "Plans": [{"Node Type": "Nested Loop", "Parent Relationship": "Outer", "Parallel Aware": false, "Async Capable": false, "Join Type": "Inner", "Startup Cost": 1780.79, "Total Cost": 4648.29, "Plan Rows": 1539.0, "Plan Width": 0, "Actual Rows": 87715, "Actual Loops": 1, "Inner Unique": false, "Join Filter": "(p.owneruserid = u.id)", "Rows Removed by Join Filter": 0, "Plans": [{"Node Type": "Merge Join", "Parent Relationship": "Outer", "Parallel Aware": false, "Async Capable": false, "Join Type": "Inner", "Startup Cost": 1780.49, "Total Cost": 3551.68, "Plan Rows": 6851.0, "Plan Width": 12, "Actual Rows": 8708, "Actual Loops": 1, "Inner Unique": true, "Merge Cond": "(v.userid = u.id)", "Plans": [{"Node Type": "Merge Join", "Parent Relationship": "Outer", "Parallel Aware": false, "Async Capable": false, "Join Type": "Inner", "Startup Cost": 1780.2, "Total Cost": 3593.39, "Plan Rows": 17026.0, "Plan Width": 8, "Actual Rows": 25064, "Actual Loops": 1, "Inner Unique": false, "Merge Cond": "(v.userid = b.userid)", "Plans": [{"Node Type": "Index Scan", "Parent Relationship": "Outer", "Parallel Aware": false, "Async Capable": false, "Scan Direction": "Forward", "Index Name": "idx_votes_userid", "Relation Name": "votes", "Alias": "v", "Startup Cost": 0.42, "Total Cost": 12422.47, "Plan Rows": 295312, "Plan Width": 4, "Actual Rows": 30508, "Actual Loops": 1, "Filter": "(creationdate <= '2014-05-28 18:19:00'::timestamp without time zone)", "Rows Removed by Filter": 4282}, {"Node Type": "Sort", "Parent Relationship": "Inner", "Parallel Aware": false, "Async Capable": false, "Startup Cost": 1778.71, "Total Cost": 1785.27, "Plan Rows": 2623, "Plan Width": 4, "Actual Rows": 26125, "Actual Loops": 1, "Sort Key": ["b.userid"], "Sort Method": "quicksort", "Sort Space Used": 97, "Sort Space Type": "Memory", "Plans": [{"Node Type": "Seq Scan", "Parent Relationship": "Outer", "Parallel Aware": false, "Async Capable": false, "Relation Name": "badges", "Alias": "b", "Startup Cost": 0.0, "Total Cost": 1629.76, "Plan Rows": 2623, "Plan Width": 4, "Actual Rows": 2615, "Actual Loops": 1, "Filter": "((date >= '2014-05-21 22:27:32'::timestamp without time zone) AND (date <= '2014-06-18 23:13:58'::timestamp without time zone))", "Rows Removed by Filter": 77236}]}]}, {"Node Type": "Index Scan", "Parent Relationship": "Inner", "Parallel Aware": false, "Async Capable": false, "Scan Direction": "Forward", "Index Name": "users_pkey", "Relation Name": "users", "Alias": "u", "Startup Cost": 0.29, "Total Cost": 1457.98, "Plan Rows": 35290, "Plan Width": 4, "Actual Rows": 28906, "Actual Loops": 1, "Filter": "(creationdate >= '2011-10-23 14:32:21'::timestamp without time zone)", "Rows Removed by Filter": 5031}]}, {"Node Type": "Index Scan", "Parent Relationship": "Inner", "Parallel Aware": false, "Async Capable": false, "Scan Direction": "Forward", "Index Name": "idx_posts_owneruserid", "Relation Name": "posts", "Alias": "p", "Startup Cost": 0.29, "Total Cost": 0.4, "Plan Rows": 2, "Plan Width": 4, "Actual Rows": 10, "Actual Loops": 8708, "Index Cond": "(owneruserid = v.userid)", "Rows Removed by Index Recheck": 0, "Filter": "((score <= 162) AND (answercount <= 14))", "Rows Removed by Filter": 385}]}]}, "Planning Time": 2.816, "Triggers": [], "Execution Time": 687.004}, {"Plan": {"Node Type": "Aggregate", "Strategy": "Plain", "Partial Mode": "Simple", "Parallel Aware": false, "Async Capable": false, "Startup Cost": 3898.17, "Total Cost": 3898.18, "Plan Rows": 1, "Plan Width": 8, "Actual Rows": 1, "Actual Loops": 1, "Plans": [{"Node Type": "Merge Join", "Parent Relationship": "Outer", "Parallel Aware": false, "Async Capable": false, "Join Type": "Inner", "Startup Cost": 1781.62, "Total Cost": 3874.45, "Plan Rows": 1539.0, "Plan Width": 0, "Actual Rows": 87715, "Actual Loops": 1, "Inner Unique": true, "Merge Cond": "(v.userid = u.id)", "Plans": [{"Node Type": "Merge Join", "Parent Relationship": "Outer", "Parallel Aware": false, "Async Capable": false, "Join Type": "Inner", "Startup Cost": 1781.33, "Total Cost": 5799.15, "Plan Rows": 3614.0, "Plan Width": 12, "Actual Rows": 529673, "Actual Loops": 1, "Inner Unique": false, "Merge Cond": "(v.userid = b.userid)", "Plans": [{"Node Type": "Merge Join", "Parent Relationship": "Outer", "Parallel Aware": false, "Async Capable": false, "Join Type": "Inner", "Startup Cost": 0.71, "Total Cost": 20779.66, "Plan Rows": 6855.0, "Plan Width": 8, "Actual Rows": 342699, "Actual Loops": 1, "Inner Unique": false, "Merge Cond": "(p.owneruserid = v.userid)", "Plans": [{"Node Type": "Index Scan", "Parent Relationship": "Outer", "Parallel Aware": false, "Async Capable": false, "Scan Direction": "Forward", "Index Name": "idx_posts_owneruserid", "Relation Name": "posts", "Alias": "p", "Startup Cost": 0.29, "Total Cost": 4553.55, "Plan Rows": 42890, "Plan Width": 4, "Actual Rows": 38780, "Actual Loops": 1, "Filter": "((score <= 162) AND (answercount <= 14))", "Rows Removed by Filter": 47230}, {"Node Type": "Materialize", "Parent Relationship": "Inner", "Parallel Aware": false, "Async Capable": false, "Startup Cost": 0.42, "Total Cost": 13160.75, "Plan Rows": 295312, "Plan Width": 4, "Actual Rows": 349956, "Actual Loops": 1, "Plans": [{"Node Type": "Index Scan", "Parent Relationship": "Outer", "Parallel Aware": false, "Async Capable": false, "Scan Direction": "Forward", "Index Name": "idx_votes_userid", "Relation Name": "votes", "Alias": "v", "Startup Cost": 0.42, "Total Cost": 12422.47, "Plan Rows": 295312, "Plan Width": 4, "Actual Rows": 30508, "Actual Loops": 1, "Filter": "(creationdate <= '2014-05-28 18:19:00'::timestamp without time zone)", "Rows Removed by Filter": 4282}]}]}, {"Node Type": "Sort", "Parent Relationship": "Inner", "Parallel Aware": false, "Async Capable": false, "Startup Cost": 1778.71, "Total Cost": 1785.27, "Plan Rows": 2623, "Plan Width": 4, "Actual Rows": 530688, "Actual Loops": 1, "Sort Key": ["b.userid"], "Sort Method": "quicksort", "Sort Space Used": 97, "Sort Space Type": "Memory", "Plans": [{"Node Type": "Seq Scan", "Parent Relationship": "Outer", "Parallel Aware": false, "Async Capable": false, "Relation Name": "badges", "Alias": "b", "Startup Cost": 0.0, "Total Cost": 1629.76, "Plan Rows": 2623, "Plan Width": 4, "Actual Rows": 2615, "Actual Loops": 1, "Filter": "((date >= '2014-05-21 22:27:32'::timestamp without time zone) AND (date <= '2014-06-18 23:13:58'::timestamp without time zone))", "Rows Removed by Filter": 77236}]}]}, {"Node Type": "Index Scan", "Parent Relationship": "Inner", "Parallel Aware": false, "Async Capable": false, "Scan Direction": "Forward", "Index Name": "users_pkey", "Relation Name": "users", "Alias": "u", "Startup Cost": 0.29, "Total Cost": 1457.98, "Plan Rows": 35290, "Plan Width": 4, "Actual Rows": 28793, "Actual Loops": 1, "Filter": "(creationdate >= '2011-10-23 14:32:21'::timestamp without time zone)", "Rows Removed by Filter": 5031}]}]}, "Planning Time": 2.854, "Triggers": [], "Execution Time": 200.501}, {"Plan": {"Node Type": "Aggregate", "Strategy": "Plain", "Partial Mode": "Simple", "Parallel Aware": false, "Async Capable": false, "Startup Cost": 6548.8, "Total Cost": 6548.81, "Plan Rows": 1, "Plan Width": 8, "Actual Rows": 1, "Actual Loops": 1, "Plans": [{"Node Type": "Merge Join", "Parent Relationship": "Outer", "Parallel Aware": false, "Async Capable": false, "Join Type": "Inner", "Startup Cost": 1779.8, "Total Cost": 6525.07, "Plan Rows": 1539.0, "Plan Width": 0, "Actual Rows": 87715, "Actual Loops": 1, "Inner Unique": false, "Merge Cond": "(v.userid = u.id)", "Plans": [{"Node Type": "Index Scan", "Parent Relationship": "Outer", "Parallel Aware": false, "Async Capable": false, "Scan Direction": "Forward", "Index Name": "idx_votes_userid", "Relation Name": "votes", "Alias": "v", "Startup Cost": 0.42, "Total Cost": 12422.47, "Plan Rows": 295312, "Plan Width": 4, "Actual Rows": 30508, "Actual Loops": 1, "Filter": "(creationdate <= '2014-05-28 18:19:00'::timestamp without time zone)", "Rows Removed by Filter": 4282}, {"Node Type": "Materialize", "Parent Relationship": "Inner", "Parallel Aware": false, "Async Capable": false, "Startup Cost": 1779.38, "Total Cost": 4653.89, "Plan Rows": 61.0, "Plan Width": 12, "Actual Rows": 90261, "Actual Loops": 1, "Plans": [{"Node Type": "Nested Loop", "Parent Relationship": "Outer", "Parallel Aware": false, "Async Capable": false, "Join Type": "Inner", "Startup Cost": 1779.38, "Total Cost": 4537.0, "Plan Rows": 61.0, "Plan Width": 12, "Actual Rows": 6305, "Actual Loops": 1, "Inner Unique": false, "Plans": [{"Node Type": "Merge Join", "Parent Relationship": "Outer", "Parallel Aware": false, "Async Capable": false, "Join Type": "Inner", "Startup Cost": 1779.09, "Total Cost": 3360.94, "Plan Rows": 369.0, "Plan Width": 8, "Actual Rows": 1405, "Actual Loops": 1, "Inner Unique": false, "Merge Cond": "(u.id = b.userid)", "Plans": [{"Node Type": "Index Scan", "Parent Relationship": "Outer", "Parallel Aware": false, "Async Capable": false, "Scan Direction": "Forward", "Index Name": "users_pkey", "Relation Name": "users", "Alias": "u", "Startup Cost": 0.29, "Total Cost": 1457.98, "Plan Rows": 35290, "Plan Width": 4, "Actual Rows": 28924, "Actual Loops": 1, "Filter": "(creationdate >= '2011-10-23 14:32:21'::timestamp without time zone)", "Rows Removed by Filter": 5031}, {"Node Type": "Sort", "Parent Relationship": "Inner", "Parallel Aware": false, "Async Capable": false, "Startup Cost": 1778.71, "Total Cost": 1785.27, "Plan Rows": 2623, "Plan Width": 4, "Actual Rows": 1733, "Actual Loops": 1, "Sort Key": ["b.userid"], "Sort Method": "quicksort", "Sort Space Used": 97, "Sort Space Type": "Memory", "Plans": [{"Node Type": "Seq Scan", "Parent Relationship": "Outer", "Parallel Aware": false, "Async Capable": false, "Relation Name": "badges", "Alias": "b", "Startup Cost": 0.0, "Total Cost": 1629.76, "Plan Rows": 2623, "Plan Width": 4, "Actual Rows": 2615, "Actual Loops": 1, "Filter": "((date >= '2014-05-21 22:27:32'::timestamp without time zone) AND (date <= '2014-06-18 23:13:58'::timestamp without time zone))", "Rows Removed by Filter": 77236}]}]}, {"Node Type": "Index Scan", "Parent Relationship": "Inner", "Parallel Aware": false, "Async Capable": false, "Scan Direction": "Forward", "Index Name": "idx_posts_owneruserid", "Relation Name": "posts", "Alias": "p", "Startup Cost": 0.29, "Total Cost": 0.49, "Plan Rows": 2, "Plan Width": 4, "Actual Rows": 4, "Actual Loops": 1405, "Index Cond": "(owneruserid = u.id)", "Rows Removed by Index Recheck": 0, "Filter": "((score <= 162) AND (answercount <= 14))", "Rows Removed by Filter": 18}]}]}]}]}, "Planning Time": 2.697, "Triggers": [], "Execution Time": 85.71}, {"Plan": {"Node Type": "Aggregate", "Strategy": "Plain", "Partial Mode": "Simple", "Parallel Aware": false, "Async Capable": false, "Startup Cost": 7401.1, "Total Cost": 7401.11, "Plan Rows": 1, "Plan Width": 8, "Actual Rows": 1, "Actual Loops": 1, "Plans": [{"Node Type": "Merge Join", "Parent Relationship": "Outer", "Parallel Aware": false, "Async Capable": false, "Join Type": "Inner", "Startup Cost": 1780.03, "Total Cost": 7377.37, "Plan Rows": 1539.0, "Plan Width": 0, "Actual Rows": 87715, "Actual Loops": 1, "Inner Unique": false, "Merge Cond": "(b.userid = u.id)", "Plans": [{"Node Type": "Sort", "Parent Relationship": "Outer", "Parallel Aware": false, "Async Capable": false, "Startup Cost": 1778.71, "Total Cost": 1785.27, "Plan Rows": 2623, "Plan Width": 4, "Actual Rows": 1641, "Actual Loops": 1, "Sort Key": ["b.userid"], "Sort Method": "quicksort", "Sort Space Used": 97, "Sort Space Type": "Memory", "Plans": [{"Node Type": "Seq Scan", "Parent Relationship": "Outer", "Parallel Aware": false, "Async Capable": false, "Relation Name": "badges", "Alias": "b", "Startup Cost": 0.0, "Total Cost": 1629.76, "Plan Rows": 2623, "Plan Width": 4, "Actual Rows": 2615, "Actual Loops": 1, "Filter": "((date >= '2014-05-21 22:27:32'::timestamp without time zone) AND (date <= '2014-06-18 23:13:58'::timestamp without time zone))", "Rows Removed by Filter": 77236}]}, {"Node Type": "Materialize", "Parent Relationship": "Inner", "Parallel Aware": false, "Async Capable": false, "Startup Cost": 1.0, "Total Cost": 5272.21, "Plan Rows": 3190.0, "Plan Width": 12, "Actual Rows": 179551, "Actual Loops": 1, "Plans": [{"Node Type": "Merge Join", "Parent Relationship": "Outer", "Parallel Aware": false, "Async Capable": false, "Join Type": "Inner", "Startup Cost": 1.0, "Total Cost": 5023.48, "Plan Rows": 3190.0, "Plan Width": 12, "Actual Rows": 135734, "Actual Loops": 1, "Inner Unique": true, "Merge Cond": "(v.userid = u.id)", "Plans": [{"Node Type": "Merge Join", "Parent Relationship": "Outer", "Parallel Aware": false, "Async Capable": false, "Join Type": "Inner", "Startup Cost": 0.71, "Total Cost": 20779.66, "Plan Rows": 6855.0, "Plan Width": 8, "Actual Rows": 342699, "Actual Loops": 1, "Inner Unique": false, "Merge Cond": "(p.owneruserid = v.userid)", "Plans": [{"Node Type": "Index Scan", "Parent Relationship": "Outer", "Parallel Aware": false, "Async Capable": false, "Scan Direction": "Forward", "Index Name": "idx_posts_owneruserid", "Relation Name": "posts", "Alias": "p", "Startup Cost": 0.29, "Total Cost": 4553.55, "Plan Rows": 42890, "Plan Width": 4, "Actual Rows": 38780, "Actual Loops": 1, "Filter": "((score <= 162) AND (answercount <= 14))", "Rows Removed by Filter": 47230}, {"Node Type": "Materialize", "Parent Relationship": "Inner", "Parallel Aware": false, "Async Capable": false, "Startup Cost": 0.42, "Total Cost": 13160.75, "Plan Rows": 295312, "Plan Width": 4, "Actual Rows": 349956, "Actual Loops": 1, "Plans": [{"Node Type": "Index Scan", "Parent Relationship": "Outer", "Parallel Aware": false, "Async Capable": false, "Scan Direction": "Forward", "Index Name": "idx_votes_userid", "Relation Name": "votes", "Alias": "v", "Startup Cost": 0.42, "Total Cost": 12422.47, "Plan Rows": 295312, "Plan Width": 4, "Actual Rows": 30508, "Actual Loops": 1, "Filter": "(creationdate <= '2014-05-28 18:19:00'::timestamp without time zone)", "Rows Removed by Filter": 4282}]}]}, {"Node Type": "Index Scan", "Parent Relationship": "Inner", "Parallel Aware": false, "Async Capable": false, "Scan Direction": "Forward", "Index Name": "users_pkey", "Relation Name": "users", "Alias": "u", "Startup Cost": 0.29, "Total Cost": 1457.98, "Plan Rows": 35290, "Plan Width": 4, "Actual Rows": 28793, "Actual Loops": 1, "Filter": "(creationdate >= '2011-10-23 14:32:21'::timestamp without time zone)", "Rows Removed by Filter": 5031}]}]}]}]}, "Planning Time": 2.849, "Triggers": [], "Execution Time": 187.249}, {"Plan": {"Node Type": "Aggregate", "Strategy": "Plain", "Partial Mode": "Simple", "Parallel Aware": false, "Async Capable": false, "Startup Cost": 11034.09, "Total Cost": 11034.1, "Plan Rows": 1, "Plan Width": 8, "Actual Rows": 1, "Actual Loops": 1, "Plans": [{"Node Type": "Merge Join", "Parent Relationship": "Outer", "Parallel Aware": false, "Async Capable": false, "Join Type": "Inner", "Startup Cost": 1790.69, "Total Cost": 11010.37, "Plan Rows": 1539.0, "Plan Width": 0, "Actual Rows": 87715, "Actual Loops": 1, "Inner Unique": false, "Merge Cond": "(u.id = p.owneruserid)", "Plans": [{"Node Type": "Merge Join", "Parent Relationship": "Outer", "Parallel Aware": false, "Async Capable": false, "Join Type": "Inner", "Startup Cost": 0.71, "Total Cost": 3211.67, "Plan Rows": 7111.0, "Plan Width": 8, "Actual Rows": 17328, "Actual Loops": 1, "Inner Unique": true, "Merge Cond": "(v.userid = u.id)", "Plans": [{"Node Type": "Index Scan", "Parent Relationship": "Outer", "Parallel Aware": false, "Async Capable": false, "Scan Direction": "Forward", "Index Name": "idx_votes_userid", "Relation Name": "votes", "Alias": "v", "Startup Cost": 0.42, "Total Cost": 12422.47, "Plan Rows": 295312, "Plan Width": 4, "Actual Rows": 30508, "Actual Loops": 1, "Filter": "(creationdate <= '2014-05-28 18:19:00'::timestamp without time zone)", "Rows Removed by Filter": 4282}, {"Node Type": "Index Scan", "Parent Relationship": "Inner", "Parallel Aware": false, "Async Capable": false, "Scan Direction": "Forward", "Index Name": "users_pkey", "Relation Name": "users", "Alias": "u", "Startup Cost": 0.29, "Total Cost": 1457.98, "Plan Rows": 35290, "Plan Width": 4, "Actual Rows": 28923, "Actual Loops": 1, "Filter": "(creationdate >= '2011-10-23 14:32:21'::timestamp without time zone)", "Rows Removed by Filter": 5031}]}, {"Node Type": "Materialize", "Parent Relationship": "Inner", "Parallel Aware": false, "Async Capable": false, "Startup Cost": 1789.98, "Total Cost": 7318.34, "Plan Rows": 135.0, "Plan Width": 8, "Actual Rows": 95181, "Actual Loops": 1, "Plans": [{"Node Type": "Merge Join", "Parent Relationship": "Outer", "Parallel Aware": false, "Async Capable": false, "Join Type": "Inner", "Startup Cost": 1789.98, "Total Cost": 7182.72, "Plan Rows": 135.0, "Plan Width": 8, "Actual Rows": 11225, "Actual Loops": 1, "Inner Unique": false, "Merge Cond": "(p.owneruserid = b.userid)", "Plans": [{"Node Type": "Index Scan", "Parent Relationship": "Outer", "Parallel Aware": false, "Async Capable": false, "Scan Direction": "Forward", "Index Name": "idx_posts_owneruserid", "Relation Name": "posts", "Alias": "p", "Startup Cost": 0.29, "Total Cost": 4553.55, "Plan Rows": 42890, "Plan Width": 4, "Actual Rows": 38780, "Actual Loops": 1, "Filter": "((score <= 162) AND (answercount <= 14))", "Rows Removed by Filter": 47230}, {"Node Type": "Sort", "Parent Relationship": "Inner", "Parallel Aware": false, "Async Capable": false, "Startup Cost": 1778.71, "Total Cost": 1785.27, "Plan Rows": 2623, "Plan Width": 4, "Actual Rows": 11465, "Actual Loops": 1, "Sort Key": ["b.userid"], "Sort Method": "quicksort", "Sort Space Used": 97, "Sort Space Type": "Memory", "Plans": [{"Node Type": "Seq Scan", "Parent Relationship": "Outer", "Parallel Aware": false, "Async Capable": false, "Relation Name": "badges", "Alias": "b", "Startup Cost": 0.0, "Total Cost": 1629.76, "Plan Rows": 2623, "Plan Width": 4, "Actual Rows": 2615, "Actual Loops": 1, "Filter": "((date >= '2014-05-21 22:27:32'::timestamp without time zone) AND (date <= '2014-06-18 23:13:58'::timestamp without time zone))", "Rows Removed by Filter": 77236}]}]}]}]}]}, "Planning Time": 2.75, "Triggers": [], "Execution Time": 125.272}, {"Plan": {"Node Type": "Aggregate", "Strategy": "Plain", "Partial Mode": "Simple", "Parallel Aware": false, "Async Capable": false, "Startup Cost": 5610.09, "Total Cost": 5610.1, "Plan Rows": 1, "Plan Width": 8, "Actual Rows": 1, "Actual Loops": 1, "Plans": [{"Node Type": "Merge Join", "Parent Relationship": "Outer", "Parallel Aware": false, "Async Capable": false, "Join Type": "Inner", "Startup Cost": 3007.66, "Total Cost": 5586.36, "Plan Rows": 1539.0, "Plan Width": 0, "Actual Rows": 87715, "Actual Loops": 1, "Inner Unique": false, "Merge Cond": "(v.userid = u.id)", "Plans": [{"Node Type": "Merge Join", "Parent Relationship": "Outer", "Parallel Aware": false, "Async Capable": false, "Join Type": "Inner", "Startup Cost": 0.71, "Total Cost": 20779.66, "Plan Rows": 6855.0, "Plan Width": 8, "Actual Rows": 342699, "Actual Loops": 1, "Inner Unique": false, "Merge Cond": "(p.owneruserid = v.userid)", "Plans": [{"Node Type": "Index Scan", "Parent Relationship": "Outer", "Parallel Aware": false, "Async Capable": false, "Scan Direction": "Forward", "Index Name": "idx_posts_owneruserid", "Relation Name": "posts", "Alias": "p", "Startup Cost": 0.29, "Total Cost": 4553.55, "Plan Rows": 42890, "Plan Width": 4, "Actual Rows": 38780, "Actual Loops": 1, "Filter": "((score <= 162) AND (answercount <= 14))", "Rows Removed by Filter": 47230}, {"Node Type": "Materialize", "Parent Relationship": "Inner", "Parallel Aware": false, "Async Capable": false, "Startup Cost": 0.42, "Total Cost": 13160.75, "Plan Rows": 295312, "Plan Width": 4, "Actual Rows": 349956, "Actual Loops": 1, "Plans": [{"Node Type": "Index Scan", "Parent Relationship": "Outer", "Parallel Aware": false, "Async Capable": false, "Scan Direction": "Forward", "Index Name": "idx_votes_userid", "Relation Name": "votes", "Alias": "v", "Startup Cost": 0.42, "Total Cost": 12422.47, "Plan Rows": 295312, "Plan Width": 4, "Actual Rows": 30508, "Actual Loops": 1, "Filter": "(creationdate <= '2014-05-28 18:19:00'::timestamp without time zone)", "Rows Removed by Filter": 4282}]}]}, {"Node Type": "Sort", "Parent Relationship": "Inner", "Parallel Aware": false, "Async Capable": false, "Startup Cost": 3006.95, "Total Cost": 3012.69, "Plan Rows": 369.0, "Plan Width": 8, "Actual Rows": 88621, "Actual Loops": 1, "Sort Key": ["b.userid"], "Sort Method": "quicksort", "Sort Space Used": 168, "Sort Space Type": "Memory", "Plans": [{"Node Type": "Hash Join", "Parent Relationship": "Outer", "Parallel Aware": false, "Async Capable": false, "Join Type": "Inner", "Startup Cost": 1242.19, "Total Cost": 2878.84, "Plan Rows": 369.0, "Plan Width": 8, "Actual Rows": 2287, "Actual Loops": 1, "Inner Unique": true, "Hash Cond": "(b.userid = u.id)", "Plans": [{"Node Type": "Seq Scan", "Parent Relationship": "Outer", "Parallel Aware": false, "Async Capable": false, "Relation Name": "badges", "Alias": "b", "Startup Cost": 0.0, "Total Cost": 1629.76, "Plan Rows": 2623, "Plan Width": 4, "Actual Rows": 2615, "Actual Loops": 1, "Filter": "((date >= '2014-05-21 22:27:32'::timestamp without time zone) AND (date <= '2014-06-18 23:13:58'::timestamp without time zone))", "Rows Removed by Filter": 77236}, {"Node Type": "Hash", "Parent Relationship": "Inner", "Parallel Aware": false, "Async Capable": false, "Startup Cost": 801.06, "Total Cost": 801.06, "Plan Rows": 35290, "Plan Width": 4, "Actual Rows": 35294, "Actual Loops": 1, "Hash Buckets": 65536, "Original Hash Buckets": 65536, "Hash Batches": 1, "Original Hash Batches": 1, "Peak Memory Usage": 1753, "Plans": [{"Node Type": "Seq Scan", "Parent Relationship": "Outer", "Parallel Aware": false, "Async Capable": false, "Relation Name": "users", "Alias": "u", "Startup Cost": 0.0, "Total Cost": 801.06, "Plan Rows": 35290, "Plan Width": 4, "Actual Rows": 35294, "Actual Loops": 1, "Filter": "(creationdate >= '2011-10-23 14:32:21'::timestamp without time zone)", "Rows Removed by Filter": 5031}]}]}]}]}]}, "Planning Time": 6.334, "Triggers": [], "Execution Time": 145.237}, {"Plan": {"Node Type": "Aggregate", "Strategy": "Plain", "Partial Mode": "Simple", "Parallel Aware": false, "Async Capable": false, "Startup Cost": 7786.57, "Total Cost": 7786.58, "Plan Rows": 1, "Plan Width": 8, "Actual Rows": 1, "Actual Loops": 1, "Plans": [{"Node Type": "Hash Join", "Parent Relationship": "Outer", "Parallel Aware": false, "Async Capable": false, "Join Type": "Inner", "Startup Cost": 5816.72, "Total Cost": 7762.85, "Plan Rows": 1539.0, "Plan Width": 0, "Actual Rows": 87715, "Actual Loops": 1, "Inner Unique": false, "Hash Cond": "(v.userid = u.id)", "Plans": [{"Node Type": "Merge Join", "Parent Relationship": "Outer", "Parallel Aware": false, "Async Capable": false, "Join Type": "Inner", "Startup Cost": 1780.2, "Total Cost": 3593.39, "Plan Rows": 17026.0, "Plan Width": 8, "Actual Rows": 25064, "Actual Loops": 1, "Inner Unique": false, "Merge Cond": "(v.userid = b.userid)", "Plans": [{"Node Type": "Index Scan", "Parent Relationship": "Outer", "Parallel Aware": false, "Async Capable": false, "Scan Direction": "Forward", "Index Name": "idx_votes_userid", "Relation Name": "votes", "Alias": "v", "Startup Cost": 0.42, "Total Cost": 12422.47, "Plan Rows": 295312, "Plan Width": 4, "Actual Rows": 30508, "Actual Loops": 1, "Filter": "(creationdate <= '2014-05-28 18:19:00'::timestamp without time zone)", "Rows Removed by Filter": 4282}, {"Node Type": "Sort", "Parent Relationship": "Inner", "Parallel Aware": false, "Async Capable": false, "Startup Cost": 1778.71, "Total Cost": 1785.27, "Plan Rows": 2623, "Plan Width": 4, "Actual Rows": 26125, "Actual Loops": 1, "Sort Key": ["b.userid"], "Sort Method": "quicksort", "Sort Space Used": 97, "Sort Space Type": "Memory", "Plans": [{"Node Type": "Seq Scan", "Parent Relationship": "Outer", "Parallel Aware": false, "Async Capable": false, "Relation Name": "badges", "Alias": "b", "Startup Cost": 0.0, "Total Cost": 1629.76, "Plan Rows": 2623, "Plan Width": 4, "Actual Rows": 2615, "Actual Loops": 1, "Filter": "((date >= '2014-05-21 22:27:32'::timestamp without time zone) AND (date <= '2014-06-18 23:13:58'::timestamp without time zone))", "Rows Removed by Filter": 77236}]}]}, {"Node Type": "Hash", "Parent Relationship": "Inner", "Parallel Aware": false, "Async Capable": false, "Startup Cost": 3574.42, "Total Cost": 3574.42, "Plan Rows": 54.0, "Plan Width": 8, "Actual Rows": 32791, "Actual Loops": 1, "Hash Buckets": 65536, "Original Hash Buckets": 65536, "Hash Batches": 1, "Original Hash Batches": 1, "Peak Memory Usage": 1793, "Plans": [{"Node Type": "Hash Join", "Parent Relationship": "Outer", "Parallel Aware": false, "Async Capable": false, "Join Type": "Inner", "Startup Cost": 1242.19, "Total Cost": 3574.42, "Plan Rows": 54.0, "Plan Width": 8, "Actual Rows": 32791, "Actual Loops": 1, "Inner Unique": true, "Hash Cond": "(p.owneruserid = u.id)", "Plans": [{"Node Type": "Seq Scan", "Parent Relationship": "Outer", "Parallel Aware": false, "Async Capable": false, "Relation Name": "posts", "Alias": "p", "Startup Cost": 0.0, "Total Cost": 2219.64, "Plan Rows": 42890, "Plan Width": 4, "Actual Rows": 42891, "Actual Loops": 1, "Filter": "((score <= 162) AND (answercount <= 14))", "Rows Removed by Filter": 49085}, {"Node Type": "Hash", "Parent Relationship": "Inner", "Parallel Aware": false, "Async Capable": false, "Startup Cost": 801.06, "Total Cost": 801.06, "Plan Rows": 35290, "Plan Width": 4, "Actual Rows": 35294, "Actual Loops": 1, "Hash Buckets": 65536, "Original Hash Buckets": 65536, "Hash Batches": 1, "Original Hash Batches": 1, "Peak Memory Usage": 1753, "Plans": [{"Node Type": "Seq Scan", "Parent Relationship": "Outer", "Parallel Aware": false, "Async Capable": false, "Relation Name": "users", "Alias": "u", "Startup Cost": 0.0, "Total Cost": 801.06, "Plan Rows": 35290, "Plan Width": 4, "Actual Rows": 35294, "Actual Loops": 1, "Filter": "(creationdate >= '2011-10-23 14:32:21'::timestamp without time zone)", "Rows Removed by Filter": 5031}]}]}]}]}]}, "Planning Time": 2.872, "Triggers": [], "Execution Time": 95.72}, {"Plan": {"Node Type": "Aggregate", "Strategy": "Plain", "Partial Mode": "Simple", "Parallel Aware": false, "Async Capable": false, "Startup Cost": 6015.78, "Total Cost": 6015.79, "Plan Rows": 1, "Plan Width": 8, "Actual Rows": 1, "Actual Loops": 1, "Plans": [{"Node Type": "Hash Join", "Parent Relationship": "Outer", "Parallel Aware": false, "Async Capable": false, "Join Type": "Inner", "Startup Cost": 3584.27, "Total Cost": 5992.06, "Plan Rows": 1539.0, "Plan Width": 0, "Actual Rows": 87715, "Actual Loops": 1, "Inner Unique": false, "Hash Cond": "(p.owneruserid = u.id)", "Plans": [{"Node Type": "Seq Scan", "Parent Relationship": "Outer", "Parallel Aware": false, "Async Capable": false, "Relation Name": "posts", "Alias": "p", "Startup Cost": 0.0, "Total Cost": 2219.64, "Plan Rows": 42890, "Plan Width": 4, "Actual Rows": 42891, "Actual Loops": 1, "Filter": "((score <= 162) AND (answercount <= 14))", "Rows Removed by Filter": 49085}, {"Node Type": "Hash", "Parent Relationship": "Inner", "Parallel Aware": false, "Async Capable": false, "Startup Cost": 3551.68, "Total Cost": 3551.68, "Plan Rows": 6851.0, "Plan Width": 12, "Actual Rows": 8708, "Actual Loops": 1, "Hash Buckets": 16384, "Original Hash Buckets": 4096, "Hash Batches": 1, "Original Hash Batches": 1, "Peak Memory Usage": 503, "Plans": [{"Node Type": "Merge Join", "Parent Relationship": "Outer", "Parallel Aware": false, "Async Capable": false, "Join Type": "Inner", "Startup Cost": 1780.49, "Total Cost": 3551.68, "Plan Rows": 6851.0, "Plan Width": 12, "Actual Rows": 8708, "Actual Loops": 1, "Inner Unique": true, "Merge Cond": "(v.userid = u.id)", "Plans": [{"Node Type": "Merge Join", "Parent Relationship": "Outer", "Parallel Aware": false, "Async Capable": false, "Join Type": "Inner", "Startup Cost": 1780.2, "Total Cost": 3593.39, "Plan Rows": 17026.0, "Plan Width": 8, "Actual Rows": 25064, "Actual Loops": 1, "Inner Unique": false, "Merge Cond": "(v.userid = b.userid)", "Plans": [{"Node Type": "Index Scan", "Parent Relationship": "Outer", "Parallel Aware": false, "Async Capable": false, "Scan Direction": "Forward", "Index Name": "idx_votes_userid", "Relation Name": "votes", "Alias": "v", "Startup Cost": 0.42, "Total Cost": 12422.47, "Plan Rows": 295312, "Plan Width": 4, "Actual Rows": 30508, "Actual Loops": 1, "Filter": "(creationdate <= '2014-05-28 18:19:00'::timestamp without time zone)", "Rows Removed by Filter": 4282}, {"Node Type": "Sort", "Parent Relationship": "Inner", "Parallel Aware": false, "Async Capable": false, "Startup Cost": 1778.71, "Total Cost": 1785.27, "Plan Rows": 2623, "Plan Width": 4, "Actual Rows": 26125, "Actual Loops": 1, "Sort Key": ["b.userid"], "Sort Method": "quicksort", "Sort Space Used": 97, "Sort Space Type": "Memory", "Plans": [{"Node Type": "Seq Scan", "Parent Relationship": "Outer", "Parallel Aware": false, "Async Capable": false, "Relation Name": "badges", "Alias": "b", "Startup Cost": 0.0, "Total Cost": 1629.76, "Plan Rows": 2623, "Plan Width": 4, "Actual Rows": 2615, "Actual Loops": 1, "Filter": "((date >= '2014-05-21 22:27:32'::timestamp without time zone) AND (date <= '2014-06-18 23:13:58'::timestamp without time zone))", "Rows Removed by Filter": 77236}]}]}, {"Node Type": "Index Scan", "Parent Relationship": "Inner", "Parallel Aware": false, "Async Capable": false, "Scan Direction": "Forward", "Index Name": "users_pkey", "Relation Name": "users", "Alias": "u", "Startup Cost": 0.29, "Total Cost": 1457.98, "Plan Rows": 35290, "Plan Width": 4, "Actual Rows": 28906, "Actual Loops": 1, "Filter": "(creationdate >= '2011-10-23 14:32:21'::timestamp without time zone)", "Rows Removed by Filter": 5031}]}]}]}]}, "Planning Time": 2.829, "Triggers": [], "Execution Time": 70.635}, {"Plan": {"Node Type": "Aggregate", "Strategy": "Plain", "Partial Mode": "Simple", "Parallel Aware": false, "Async Capable": false, "Startup Cost": 7171.62, "Total Cost": 7171.63, "Plan Rows": 1, "Plan Width": 8, "Actual Rows": 1, "Actual Loops": 1, "Plans": [{"Node Type": "Merge Join", "Parent Relationship": "Outer", "Parallel Aware": false, "Async Capable": false, "Join Type": "Inner", "Startup Cost": 1780.03, "Total Cost": 7147.89, "Plan Rows": 1539.0, "Plan Width": 0, "Actual Rows": 87715, "Actual Loops": 1, "Inner Unique": false, "Merge Cond": "(u.id = b.userid)", "Plans": [{"Node Type": "Merge Join", "Parent Relationship": "Outer", "Parallel Aware": false, "Async Capable": false, "Join Type": "Inner", "Startup Cost": 1.0, "Total Cost": 5023.48, "Plan Rows": 3190.0, "Plan Width": 12, "Actual Rows": 135734, "Actual Loops": 1, "Inner Unique": true, "Merge Cond": "(v.userid = u.id)", "Plans": [{"Node Type": "Merge Join", "Parent Relationship": "Outer", "Parallel Aware": false, "Async Capable": false, "Join Type": "Inner", "Startup Cost": 0.71, "Total Cost": 20779.66, "Plan Rows": 6855.0, "Plan Width": 8, "Actual Rows": 342699, "Actual Loops": 1, "Inner Unique": false, "Merge Cond": "(p.owneruserid = v.userid)", "Plans": [{"Node Type": "Index Scan", "Parent Relationship": "Outer", "Parallel Aware": false, "Async Capable": false, "Scan Direction": "Forward", "Index Name": "idx_posts_owneruserid", "Relation Name": "posts", "Alias": "p", "Startup Cost": 0.29, "Total Cost": 4553.55, "Plan Rows": 42890, "Plan Width": 4, "Actual Rows": 38780, "Actual Loops": 1, "Filter": "((score <= 162) AND (answercount <= 14))", "Rows Removed by Filter": 47230}, {"Node Type": "Materialize", "Parent Relationship": "Inner", "Parallel Aware": false, "Async Capable": false, "Startup Cost": 0.42, "Total Cost": 13160.75, "Plan Rows": 295312, "Plan Width": 4, "Actual Rows": 349956, "Actual Loops": 1, "Plans": [{"Node Type": "Index Scan", "Parent Relationship": "Outer", "Parallel Aware": false, "Async Capable": false, "Scan Direction": "Forward", "Index Name": "idx_votes_userid", "Relation Name": "votes", "Alias": "v", "Startup Cost": 0.42, "Total Cost": 12422.47, "Plan Rows": 295312, "Plan Width": 4, "Actual Rows": 30508, "Actual Loops": 1, "Filter": "(creationdate <= '2014-05-28 18:19:00'::timestamp without time zone)", "Rows Removed by Filter": 4282}]}]}, {"Node Type": "Index Scan", "Parent Relationship": "Inner", "Parallel Aware": false, "Async Capable": false, "Scan Direction": "Forward", "Index Name": "users_pkey", "Relation Name": "users", "Alias": "u", "Startup Cost": 0.29, "Total Cost": 1457.98, "Plan Rows": 35290, "Plan Width": 4, "Actual Rows": 28793, "Actual Loops": 1, "Filter": "(creationdate >= '2011-10-23 14:32:21'::timestamp without time zone)", "Rows Removed by Filter": 5031}]}, {"Node Type": "Sort", "Parent Relationship": "Inner", "Parallel Aware": false, "Async Capable": false, "Startup Cost": 1778.71, "Total Cost": 1785.27, "Plan Rows": 2623, "Plan Width": 4, "Actual Rows": 88949, "Actual Loops": 1, "Sort Key": ["b.userid"], "Sort Method": "quicksort", "Sort Space Used": 97, "Sort Space Type": "Memory", "Plans": [{"Node Type": "Seq Scan", "Parent Relationship": "Outer", "Parallel Aware": false, "Async Capable": false, "Relation Name": "badges", "Alias": "b", "Startup Cost": 0.0, "Total Cost": 1629.76, "Plan Rows": 2623, "Plan Width": 4, "Actual Rows": 2615, "Actual Loops": 1, "Filter": "((date >= '2014-05-21 22:27:32'::timestamp without time zone) AND (date <= '2014-06-18 23:13:58'::timestamp without time zone))", "Rows Removed by Filter": 77236}]}]}]}, "Planning Time": 2.78, "Triggers": [], "Execution Time": 128.965}, {"Plan": {"Node Type": "Aggregate", "Strategy": "Plain", "Partial Mode": "Simple", "Parallel Aware": false, "Async Capable": false, "Startup Cost": 10580.94, "Total Cost": 10580.95, "Plan Rows": 1, "Plan Width": 8, "Actual Rows": 1, "Actual Loops": 1, "Plans": [{"Node Type": "Hash Join", "Parent Relationship": "Outer", "Parallel Aware": false, "Async Capable": false, "Join Type": "Inner", "Startup Cost": 3553.61, "Total Cost": 10557.21, "Plan Rows": 1539.0, "Plan Width": 0, "Actual Rows": 87715, "Actual Loops": 1, "Inner Unique": false, "Hash Cond": "(p.owneruserid = u.id)", "Plans": [{"Node Type": "Nested Loop", "Parent Relationship": "Outer", "Parallel Aware": false, "Async Capable": false, "Join Type": "Inner", "Startup Cost": 0.3, "Total Cost": 6438.34, "Plan Rows": 135.0, "Plan Width": 8, "Actual Rows": 12456, "Actual Loops": 1, "Inner Unique": false, "Plans": [{"Node Type": "Seq Scan", "Parent Relationship": "Outer", "Parallel Aware": false, "Async Capable": false, "Relation Name": "badges", "Alias": "b", "Startup Cost": 0.0, "Total Cost": 1629.76, "Plan Rows": 2623, "Plan Width": 4, "Actual Rows": 2615, "Actual Loops": 1, "Filter": "((date >= '2014-05-21 22:27:32'::timestamp without time zone) AND (date <= '2014-06-18 23:13:58'::timestamp without time zone))", "Rows Removed by Filter": 77236}, {"Node Type": "Memoize", "Parent Relationship": "Inner", "Parallel Aware": false, "Async Capable": false, "Startup Cost": 0.3, "Total Cost": 1.87, "Plan Rows": 2, "Plan Width": 4, "Actual Rows": 5, "Actual Loops": 2615, "Cache Key": "b.userid", "Cache Mode": "logical", "Cache Hits": 834, "Cache Misses": 1781, "Cache Evictions": 0, "Cache Overflows": 0, "Peak Memory Usage": 383, "Plans": [{"Node Type": "Index Scan", "Parent Relationship": "Outer", "Parallel Aware": false, "Async Capable": false, "Scan Direction": "Forward", "Index Name": "idx_posts_owneruserid", "Relation Name": "posts", "Alias": "p", "Startup Cost": 0.29, "Total Cost": 1.86, "Plan Rows": 2, "Plan Width": 4, "Actual Rows": 4, "Actual Loops": 1781, "Index Cond": "(owneruserid = b.userid)", "Rows Removed by Index Recheck": 0, "Filter": "((score <= 162) AND (answercount <= 14))", "Rows Removed by Filter": 12}]}]}, {"Node Type": "Hash", "Parent Relationship": "Inner", "Parallel Aware": false, "Async Capable": false, "Startup Cost": 3211.67, "Total Cost": 3211.67, "Plan Rows": 7111.0, "Plan Width": 8, "Actual Rows": 17328, "Actual Loops": 1, "Hash Buckets": 32768, "Original Hash Buckets": 32768, "Hash Batches": 1, "Original Hash Batches": 1, "Peak Memory Usage": 933, "Plans": [{"Node Type": "Merge Join", "Parent Relationship": "Outer", "Parallel Aware": false, "Async Capable": false, "Join Type": "Inner", "Startup Cost": 0.71, "Total Cost": 3211.67, "Plan Rows": 7111.0, "Plan Width": 8, "Actual Rows": 17328, "Actual Loops": 1, "Inner Unique": true, "Merge Cond": "(v.userid = u.id)", "Plans": [{"Node Type": "Index Scan", "Parent Relationship": "Outer", "Parallel Aware": false, "Async Capable": false, "Scan Direction": "Forward", "Index Name": "idx_votes_userid", "Relation Name": "votes", "Alias": "v", "Startup Cost": 0.42, "Total Cost": 12422.47, "Plan Rows": 295312, "Plan Width": 4, "Actual Rows": 30508, "Actual Loops": 1, "Filter": "(creationdate <= '2014-05-28 18:19:00'::timestamp without time zone)", "Rows Removed by Filter": 4282}, {"Node Type": "Index Scan", "Parent Relationship": "Inner", "Parallel Aware": false, "Async Capable": false, "Scan Direction": "Forward", "Index Name": "users_pkey", "Relation Name": "users", "Alias": "u", "Startup Cost": 0.29, "Total Cost": 1457.98, "Plan Rows": 35290, "Plan Width": 4, "Actual Rows": 28923, "Actual Loops": 1, "Filter": "(creationdate >= '2011-10-23 14:32:21'::timestamp without time zone)", "Rows Removed by Filter": 5031}]}]}]}]}, "Planning Time": 2.934, "Triggers": [], "Execution Time": 122.676}, {"Plan": {"Node Type": "Aggregate", "Strategy": "Plain", "Partial Mode": "Simple", "Parallel Aware": false, "Async Capable": false, "Startup Cost": 6431.9, "Total Cost": 6431.91, "Plan Rows": 1, "Plan Width": 8, "Actual Rows": 1, "Actual Loops": 1, "Plans": [{"Node Type": "Merge Join", "Parent Relationship": "Outer", "Parallel Aware": false, "Async Capable": false, "Join Type": "Inner", "Startup Cost": 1779.8, "Total Cost": 6408.18, "Plan Rows": 1539.0, "Plan Width": 0, "Actual Rows": 87715, "Actual Loops": 1, "Inner Unique": false, "Merge Cond": "(u.id = v.userid)", "Plans": [{"Node Type": "Nested Loop", "Parent Relationship": "Outer", "Parallel Aware": false, "Async Capable": false, "Join Type": "Inner", "Startup Cost": 1779.38, "Total Cost": 4537.0, "Plan Rows": 61.0, "Plan Width": 12, "Actual Rows": 6305, "Actual Loops": 1, "Inner Unique": false, "Plans": [{"Node Type": "Merge Join", "Parent Relationship": "Outer", "Parallel Aware": false, "Async Capable": false, "Join Type": "Inner", "Startup Cost": 1779.09, "Total Cost": 3360.94, "Plan Rows": 369.0, "Plan Width": 8, "Actual Rows": 1405, "Actual Loops": 1, "Inner Unique": false, "Merge Cond": "(u.id = b.userid)", "Plans": [{"Node Type": "Index Scan", "Parent Relationship": "Outer", "Parallel Aware": false, "Async Capable": false, "Scan Direction": "Forward", "Index Name": "users_pkey", "Relation Name": "users", "Alias": "u", "Startup Cost": 0.29, "Total Cost": 1457.98, "Plan Rows": 35290, "Plan Width": 4, "Actual Rows": 28924, "Actual Loops": 1, "Filter": "(creationdate >= '2011-10-23 14:32:21'::timestamp without time zone)", "Rows Removed by Filter": 5031}, {"Node Type": "Sort", "Parent Relationship": "Inner", "Parallel Aware": false, "Async Capable": false, "Startup Cost": 1778.71, "Total Cost": 1785.27, "Plan Rows": 2623, "Plan Width": 4, "Actual Rows": 1733, "Actual Loops": 1, "Sort Key": ["b.userid"], "Sort Method": "quicksort", "Sort Space Used": 97, "Sort Space Type": "Memory", "Plans": [{"Node Type": "Seq Scan", "Parent Relationship": "Outer", "Parallel Aware": false, "Async Capable": false, "Relation Name": "badges", "Alias": "b", "Startup Cost": 0.0, "Total Cost": 1629.76, "Plan Rows": 2623, "Plan Width": 4, "Actual Rows": 2615, "Actual Loops": 1, "Filter": "((date >= '2014-05-21 22:27:32'::timestamp without time zone) AND (date <= '2014-06-18 23:13:58'::timestamp without time zone))", "Rows Removed by Filter": 77236}]}]}, {"Node Type": "Index Scan", "Parent Relationship": "Inner", "Parallel Aware": false, "Async Capable": false, "Scan Direction": "Forward", "Index Name": "idx_posts_owneruserid", "Relation Name": "posts", "Alias": "p", "Startup Cost": 0.29, "Total Cost": 0.49, "Plan Rows": 2, "Plan Width": 4, "Actual Rows": 4, "Actual Loops": 1405, "Index Cond": "(owneruserid = u.id)", "Rows Removed by Index Recheck": 0, "Filter": "((score <= 162) AND (answercount <= 14))", "Rows Removed by Filter": 18}]}, {"Node Type": "Index Scan", "Parent Relationship": "Inner", "Parallel Aware": false, "Async Capable": false, "Scan Direction": "Forward", "Index Name": "idx_votes_userid", "Relation Name": "votes", "Alias": "v", "Startup Cost": 0.42, "Total Cost": 12422.47, "Plan Rows": 295312, "Plan Width": 4, "Actual Rows": 114993, "Actual Loops": 1, "Filter": "(creationdate <= '2014-05-28 18:19:00'::timestamp without time zone)", "Rows Removed by Filter": 24485}]}]}, "Planning Time": 2.737, "Triggers": [], "Execution Time": 101.83}, {"Plan": {"Node Type": "Aggregate", "Strategy": "Plain", "Partial Mode": "Simple", "Parallel Aware": false, "Async Capable": false, "Startup Cost": 3925.28, "Total Cost": 3925.29, "Plan Rows": 1, "Plan Width": 8, "Actual Rows": 1, "Actual Loops": 1, "Plans": [{"Node Type": "Merge Join", "Parent Relationship": "Outer", "Parallel Aware": false, "Async Capable": false, "Join Type": "Inner", "Startup Cost": 1781.62, "Total Cost": 3901.56, "Plan Rows": 1539.0, "Plan Width": 0, "Actual Rows": 87715, "Actual Loops": 1, "Inner Unique": false, "Merge Cond": "(u.id = v.userid)", "Plans": [{"Node Type": "Index Scan", "Parent Relationship": "Outer", "Parallel Aware": false, "Async Capable": false, "Scan Direction": "Forward", "Index Name": "users_pkey", "Relation Name": "users", "Alias": "u", "Startup Cost": 0.29, "Total Cost": 1457.98, "Plan Rows": 35290, "Plan Width": 4, "Actual Rows": 28794, "Actual Loops": 1, "Filter": "(creationdate >= '2011-10-23 14:32:21'::timestamp without time zone)", "Rows Removed by Filter": 5031}, {"Node Type": "Materialize", "Parent Relationship": "Inner", "Parallel Aware": false, "Async Capable": false, "Startup Cost": 1781.33, "Total Cost": 6055.49, "Plan Rows": 3614.0, "Plan Width": 12, "Actual Rows": 529673, "Actual Loops": 1, "Plans": [{"Node Type": "Merge Join", "Parent Relationship": "Outer", "Parallel Aware": false, "Async Capable": false, "Join Type": "Inner", "Startup Cost": 1781.33, "Total Cost": 5799.15, "Plan Rows": 3614.0, "Plan Width": 12, "Actual Rows": 529673, "Actual Loops": 1, "Inner Unique": false, "Merge Cond": "(v.userid = b.userid)", "Plans": [{"Node Type": "Merge Join", "Parent Relationship": "Outer", "Parallel Aware": false, "Async Capable": false, "Join Type": "Inner", "Startup Cost": 0.71, "Total Cost": 20779.66, "Plan Rows": 6855.0, "Plan Width": 8, "Actual Rows": 342699, "Actual Loops": 1, "Inner Unique": false, "Merge Cond": "(p.owneruserid = v.userid)", "Plans": [{"Node Type": "Index Scan", "Parent Relationship": "Outer", "Parallel Aware": false, "Async Capable": false, "Scan Direction": "Forward", "Index Name": "idx_posts_owneruserid", "Relation Name": "posts", "Alias": "p", "Startup Cost": 0.29, "Total Cost": 4553.55, "Plan Rows": 42890, "Plan Width": 4, "Actual Rows": 38780, "Actual Loops": 1, "Filter": "((score <= 162) AND (answercount <= 14))", "Rows Removed by Filter": 47230}, {"Node Type": "Materialize", "Parent Relationship": "Inner", "Parallel Aware": false, "Async Capable": false, "Startup Cost": 0.42, "Total Cost": 13160.75, "Plan Rows": 295312, "Plan Width": 4, "Actual Rows": 349956, "Actual Loops": 1, "Plans": [{"Node Type": "Index Scan", "Parent Relationship": "Outer", "Parallel Aware": false, "Async Capable": false, "Scan Direction": "Forward", "Index Name": "idx_votes_userid", "Relation Name": "votes", "Alias": "v", "Startup Cost": 0.42, "Total Cost": 12422.47, "Plan Rows": 295312, "Plan Width": 4, "Actual Rows": 30508, "Actual Loops": 1, "Filter": "(creationdate <= '2014-05-28 18:19:00'::timestamp without time zone)", "Rows Removed by Filter": 4282}]}]}, {"Node Type": "Sort", "Parent Relationship": "Inner", "Parallel Aware": false, "Async Capable": false, "Startup Cost": 1778.71, "Total Cost": 1785.27, "Plan Rows": 2623, "Plan Width": 4, "Actual Rows": 530688, "Actual Loops": 1, "Sort Key": ["b.userid"], "Sort Method": "quicksort", "Sort Space Used": 97, "Sort Space Type": "Memory", "Plans": [{"Node Type": "Seq Scan", "Parent Relationship": "Outer", "Parallel Aware": false, "Async Capable": false, "Relation Name": "badges", "Alias": "b", "Startup Cost": 0.0, "Total Cost": 1629.76, "Plan Rows": 2623, "Plan Width": 4, "Actual Rows": 2615, "Actual Loops": 1, "Filter": "((date >= '2014-05-21 22:27:32'::timestamp without time zone) AND (date <= '2014-06-18 23:13:58'::timestamp without time zone))", "Rows Removed by Filter": 77236}]}]}]}]}]}, "Planning Time": 2.836, "Triggers": [], "Execution Time": 279.84}]