[{"Plan": {"Node Type": "Aggregate", "Strategy": "Plain", "Partial Mode": "Simple", "Parallel Aware": false, "Async Capable": false, "Startup Cost": 4308.62, "Total Cost": 4308.63, "Plan Rows": 1, "Plan Width": 8, "Actual Rows": 1, "Actual Loops": 1, "Plans": [{"Node Type": "Nested Loop", "Parent Relationship": "Outer", "Parallel Aware": false, "Async Capable": false, "Join Type": "Inner", "Startup Cost": 1406.09, "Total Cost": 3928.8, "Plan Rows": 332.0, "Plan Width": 0, "Actual Rows": 258429, "Actual Loops": 1, "Inner Unique": false, "Join Filter": "(c.userid = u.id)", "Rows Removed by Join Filter": 0, "Plans": [{"Node Type": "Merge Join", "Parent Relationship": "Outer", "Parallel Aware": false, "Async Capable": false, "Join Type": "Inner", "Startup Cost": 1405.8, "Total Cost": 2881.17, "Plan Rows": 349.0, "Plan Width": 8, "Actual Rows": 2053, "Actual Loops": 1, "Inner Unique": true, "Merge Cond": "(v.userid = u.id)", "Plans": [{"Node Type": "Index Scan", "Parent Relationship": "Outer", "Parallel Aware": false, "Async Capable": false, "Scan Direction": "Forward", "Index Name": "idx_votes_userid", "Relation Name": "votes", "Alias": "v", "Startup Cost": 0.42, "Total Cost": 13242.63, "Plan Rows": 57511, "Plan Width": 4, "Actual Rows": 6625, "Actual Loops": 1, "Filter": "((creationdate >= '2013-07-31 02:57:59'::timestamp without time zone) AND (creationdate <= '2014-02-22 09:01:51'::timestamp without time zone))", "Rows Removed by Filter": 27013}, {"Node Type": "Sort", "Parent Relationship": "Inner", "Parallel Aware": false, "Async Capable": false, "Startup Cost": 1405.38, "Total Cost": 1428.33, "Plan Rows": 9181, "Plan Width": 4, "Actual Rows": 9185, "Actual Loops": 1, "Sort Key": ["u.id"], "Sort Method": "quicksort", "Sort Space Used": 385, "Sort Space Type": "Memory", "Plans": [{"Node Type": "Seq Scan", "Parent Relationship": "Outer", "Parallel Aware": false, "Async Capable": false, "Relation Name": "users", "Alias": "u", "Startup Cost": 0.0, "Total Cost": 801.06, "Plan Rows": 9181, "Plan Width": 4, "Actual Rows": 9185, "Actual Loops": 1, "Filter": "(creationdate <= '2012-06-10 20:05:15'::timestamp without time zone)", "Rows Removed by Filter": 31140}]}]}, {"Node Type": "Index Scan", "Parent Relationship": "Inner", "Parallel Aware": false, "Async Capable": false, "Scan Direction": "Forward", "Index Name": "idx_comments_userid", "Relation Name": "comments", "Alias": "c", "Startup Cost": 0.29, "Total Cost": 0.69, "Plan Rows": 5, "Plan Width": 4, "Actual Rows": 126, "Actual Loops": 2053, "Index Cond": "(userid = v.userid)", "Rows Removed by Index Recheck": 0, "Filter": "((creationdate >= '2010-07-20 08:54:24'::timestamp without time zone) AND (creationdate <= '2012-09-30 09:46:34'::timestamp without time zone))", "Rows Removed by Filter": 775}]}]}, "Planning Time": 1.579, "Triggers": [], "Execution Time": 342.935}, {"Plan": {"Node Type": "Aggregate", "Strategy": "Plain", "Partial Mode": "Simple", "Parallel Aware": false, "Async Capable": false, "Startup Cost": 26717.25, "Total Cost": 26717.26, "Plan Rows": 1, "Plan Width": 8, "Actual Rows": 1, "Actual Loops": 1, "Plans": [{"Node Type": "Merge Join", "Parent Relationship": "Outer", "Parallel Aware": false, "Async Capable": false, "Join Type": "Inner", "Startup Cost": 1.18, "Total Cost": 26337.43, "Plan Rows": 332.0, "Plan Width": 0, "Actual Rows": 258429, "Actual Loops": 1, "Inner Unique": false, "Merge Cond": "(u.id = c.userid)", "Plans": [{"Node Type": "Index Scan", "Parent Relationship": "Outer", "Parallel Aware": false, "Async Capable": false, "Scan Direction": "Forward", "Index Name": "users_pkey", "Relation Name": "users", "Alias": "u", "Startup Cost": 0.29, "Total Cost": 1457.98, "Plan Rows": 9181, "Plan Width": 4, "Actual Rows": 9174, "Actual Loops": 1, "Filter": "(creationdate <= '2012-06-10 20:05:15'::timestamp without time zone)", "Rows Removed by Filter": 2128}, {"Node Type": "Materialize", "Parent Relationship": "Inner", "Parallel Aware": false, "Async Capable": false, "Startup Cost": 0.73, "Total Cost": 22033.41, "Plan Rows": 3754.0, "Plan Width": 8, "Actual Rows": 259179, "Actual Loops": 1, "Plans": [{"Node Type": "Nested Loop", "Parent Relationship": "Outer", "Parallel Aware": false, "Async Capable": false, "Join Type": "Inner", "Startup Cost": 0.73, "Total Cost": 20337.1, "Plan Rows": 3754.0, "Plan Width": 8, "Actual Rows": 259179, "Actual Loops": 1, "Inner Unique": false, "Plans": [{"Node Type": "Index Scan", "Parent Relationship": "Outer", "Parallel Aware": false, "Async Capable": false, "Scan Direction": "Forward", "Index Name": "idx_votes_userid", "Relation Name": "votes", "Alias": "v", "Startup Cost": 0.42, "Total Cost": 13242.63, "Plan Rows": 57511, "Plan Width": 4, "Actual Rows": 57208, "Actual Loops": 1, "Filter": "((creationdate >= '2013-07-31 02:57:59'::timestamp without time zone) AND (creationdate <= '2014-02-22 09:01:51'::timestamp without time zone))", "Rows Removed by Filter": 270856}, {"Node Type": "Memoize", "Parent Relationship": "Inner", "Parallel Aware": false, "Async Capable": false, "Startup Cost": 0.3, "Total Cost": 0.7, "Plan Rows": 5, "Plan Width": 4, "Actual Rows": 5, "Actual Loops": 57208, "Cache Key": "v.userid", "Cache Mode": "logical", "Cache Hits": 55458, "Cache Misses": 1750, "Cache Evictions": 0, "Cache Overflows": 0, "Peak Memory Usage": 1060, "Plans": [{"Node Type": "Index Scan", "Parent Relationship": "Outer", "Parallel Aware": false, "Async Capable": false, "Scan Direction": "Forward", "Index Name": "idx_comments_userid", "Relation Name": "comments", "Alias": "c", "Startup Cost": 0.29, "Total Cost": 0.69, "Plan Rows": 5, "Plan Width": 4, "Actual Rows": 15, "Actual Loops": 1750, "Index Cond": "(userid = v.userid)", "Rows Removed by Index Recheck": 0, "Filter": "((creationdate >= '2010-07-20 08:54:24'::timestamp without time zone) AND (creationdate <= '2012-09-30 09:46:34'::timestamp without time zone))", "Rows Removed by Filter": 33}]}]}]}]}]}, "Planning Time": 1.971, "Triggers": [], "Execution Time": 274.455}, {"Plan": {"Node Type": "Aggregate", "Strategy": "Plain", "Partial Mode": "Simple", "Parallel Aware": false, "Async Capable": false, "Startup Cost": 7928.83, "Total Cost": 7928.84, "Plan Rows": 1, "Plan Width": 8, "Actual Rows": 1, "Actual Loops": 1, "Plans": [{"Node Type": "Merge Join", "Parent Relationship": "Outer", "Parallel Aware": false, "Async Capable": false, "Join Type": "Inner", "Startup Cost": 6039.58, "Total Cost": 7549.01, "Plan Rows": 332.0, "Plan Width": 0, "Actual Rows": 258429, "Actual Loops": 1, "Inner Unique": false, "Merge Cond": "(v.userid = u.id)", "Plans": [{"Node Type": "Index Scan", "Parent Relationship": "Outer", "Parallel Aware": false, "Async Capable": false, "Scan Direction": "Forward", "Index Name": "idx_votes_userid", "Relation Name": "votes", "Alias": "v", "Startup Cost": 0.42, "Total Cost": 13242.63, "Plan Rows": 57511, "Plan Width": 4, "Actual Rows": 6625, "Actual Loops": 1, "Filter": "((creationdate >= '2013-07-31 02:57:59'::timestamp without time zone) AND (creationdate <= '2014-02-22 09:01:51'::timestamp without time zone))", "Rows Removed by Filter": 27013}, {"Node Type": "Sort", "Parent Relationship": "Inner", "Parallel Aware": false, "Async Capable": false, "Startup Cost": 6039.16, "Total Cost": 6075.19, "Plan Rows": 112.0, "Plan Width": 8, "Actual Rows": 291735, "Actual Loops": 1, "Sort Key": ["c.userid"], "Sort Method": "quicksort", "Sort Space Used": 3407, "Sort Space Type": "Memory", "Plans": [{"Node Type": "Hash Join", "Parent Relationship": "Outer", "Parallel Aware": false, "Async Capable": false, "Join Type": "Inner", "Startup Cost": 915.83, "Total Cost": 5043.42, "Plan Rows": 112.0, "Plan Width": 8, "Actual Rows": 59871, "Actual Loops": 1, "Inner Unique": true, "Hash Cond": "(c.userid = u.id)", "Plans": [{"Node Type": "Seq Scan", "Parent Relationship": "Outer", "Parallel Aware": false, "Async Capable": false, "Relation Name": "comments", "Alias": "c", "Startup Cost": 0.0, "Total Cost": 3958.57, "Plan Rows": 64380, "Plan Width": 4, "Actual Rows": 64491, "Actual Loops": 1, "Filter": "((creationdate >= '2010-07-20 08:54:24'::timestamp without time zone) AND (creationdate <= '2012-09-30 09:46:34'::timestamp without time zone))", "Rows Removed by Filter": 109814}, {"Node Type": "Hash", "Parent Relationship": "Inner", "Parallel Aware": false, "Async Capable": false, "Startup Cost": 801.06, "Total Cost": 801.06, "Plan Rows": 9181, "Plan Width": 4, "Actual Rows": 9185, "Actual Loops": 1, "Hash Buckets": 16384, "Original Hash Buckets": 16384, "Hash Batches": 1, "Original Hash Batches": 1, "Peak Memory Usage": 451, "Plans": [{"Node Type": "Seq Scan", "Parent Relationship": "Outer", "Parallel Aware": false, "Async Capable": false, "Relation Name": "users", "Alias": "u", "Startup Cost": 0.0, "Total Cost": 801.06, "Plan Rows": 9181, "Plan Width": 4, "Actual Rows": 9185, "Actual Loops": 1, "Filter": "(creationdate <= '2012-06-10 20:05:15'::timestamp without time zone)", "Rows Removed by Filter": 31140}]}]}]}]}]}, "Planning Time": 1.884, "Triggers": [], "Execution Time": 121.995}, {"Plan": {"Node Type": "Aggregate", "Strategy": "Plain", "Partial Mode": "Finalize", "Parallel Aware": false, "Async Capable": false, "Startup Cost": 13560.23, "Total Cost": 13560.24, "Plan Rows": 1, "Plan Width": 8, "Actual Rows": 1, "Actual Loops": 1, "Plans": [{"Node Type": "Gather", "Parent Relationship": "Outer", "Parallel Aware": false, "Async Capable": false, "Startup Cost": 13560.12, "Total Cost": 13560.23, "Plan Rows": 1, "Plan Width": 8, "Actual Rows": 2, "Actual Loops": 1, "Workers Planned": 1, "Workers Launched": 1, "Single Copy": false, "Plans": [{"Node Type": "Aggregate", "Strategy": "Plain", "Partial Mode": "Partial", "Parent Relationship": "Outer", "Parallel Aware": false, "Async Capable": false, "Startup Cost": 12560.12, "Total Cost": 12560.13, "Plan Rows": 1, "Plan Width": 8, "Actual Rows": 1, "Actual Loops": 2, "Workers": [], "Plans": [{"Node Type": "Hash Join", "Parent Relationship": "Outer", "Parallel Aware": false, "Async Capable": false, "Join Type": "Inner", "Startup Cost": 916.13, "Total Cost": 12336.7, "Plan Rows": 332.0, "Plan Width": 0, "Actual Rows": 129214, "Actual Loops": 2, "Inner Unique": true, "Hash Cond": "(c.userid = u.id)", "Workers": [], "Plans": [{"Node Type": "Nested Loop", "Parent Relationship": "Outer", "Parallel Aware": false, "Async Capable": false, "Join Type": "Inner", "Startup Cost": 0.3, "Total Cost": 10373.04, "Plan Rows": 3754.0, "Plan Width": 8, "Actual Rows": 129590, "Actual Loops": 2, "Inner Unique": false, "Workers": [], "Plans": [{"Node Type": "Seq Scan", "Parent Relationship": "Outer", "Parallel Aware": true, "Async Capable": false, "Relation Name": "votes", "Alias": "v", "Startup Cost": 0.0, "Total Cost": 5054.68, "Plan Rows": 33830, "Plan Width": 4, "Actual Rows": 28604, "Actual Loops": 2, "Filter": "((creationdate >= '2013-07-31 02:57:59'::timestamp without time zone) AND (creationdate <= '2014-02-22 09:01:51'::timestamp without time zone))", "Rows Removed by Filter": 135428, "Workers": []}, {"Node Type": "Memoize", "Parent Relationship": "Inner", "Parallel Aware": false, "Async Capable": false, "Startup Cost": 0.3, "Total Cost": 0.7, "Plan Rows": 5, "Plan Width": 4, "Actual Rows": 5, "Actual Loops": 57208, "Cache Key": "v.userid", "Cache Mode": "logical", "Cache Hits": 25190, "Cache Misses": 1067, "Cache Evictions": 0, "Cache Overflows": 0, "Peak Memory Usage": 894, "Workers": [{"Worker Number": 0, "Cache Hits": 29761, "Cache Misses": 1190, "Cache Evictions": 0, "Cache Overflows": 0, "Peak Memory Usage": 903}], "Plans": [{"Node Type": "Index Scan", "Parent Relationship": "Outer", "Parallel Aware": false, "Async Capable": false, "Scan Direction": "Forward", "Index Name": "idx_comments_userid", "Relation Name": "comments", "Alias": "c", "Startup Cost": 0.29, "Total Cost": 0.69, "Plan Rows": 5, "Plan Width": 4, "Actual Rows": 21, "Actual Loops": 2257, "Index Cond": "(userid = v.userid)", "Rows Removed by Index Recheck": 0, "Filter": "((creationdate >= '2010-07-20 08:54:24'::timestamp without time zone) AND (creationdate <= '2012-09-30 09:46:34'::timestamp without time zone))", "Rows Removed by Filter": 44, "Workers": []}]}]}, {"Node Type": "Hash", "Parent Relationship": "Inner", "Parallel Aware": false, "Async Capable": false, "Startup Cost": 801.06, "Total Cost": 801.06, "Plan Rows": 9181, "Plan Width": 4, "Actual Rows": 9185, "Actual Loops": 2, "Hash Buckets": 16384, "Original Hash Buckets": 16384, "Hash Batches": 1, "Original Hash Batches": 1, "Peak Memory Usage": 451, "Workers": [], "Plans": [{"Node Type": "Seq Scan", "Parent Relationship": "Outer", "Parallel Aware": false, "Async Capable": false, "Relation Name": "users", "Alias": "u", "Startup Cost": 0.0, "Total Cost": 801.06, "Plan Rows": 9181, "Plan Width": 4, "Actual Rows": 9185, "Actual Loops": 2, "Filter": "(creationdate <= '2012-06-10 20:05:15'::timestamp without time zone)", "Rows Removed by Filter": 31140, "Workers": []}]}]}]}]}]}, "Planning Time": 3.466, "Triggers": [], "Execution Time": 139.436}, {"Plan": {"Node Type": "Aggregate", "Strategy": "Plain", "Partial Mode": "Finalize", "Parallel Aware": false, "Async Capable": false, "Startup Cost": 6920.3, "Total Cost": 6920.31, "Plan Rows": 1, "Plan Width": 8, "Actual Rows": 1, "Actual Loops": 1, "Plans": [{"Node Type": "Gather", "Parent Relationship": "Outer", "Parallel Aware": false, "Async Capable": false, "Startup Cost": 6920.18, "Total Cost": 6920.29, "Plan Rows": 1, "Plan Width": 8, "Actual Rows": 2, "Actual Loops": 1, "Workers Planned": 1, "Workers Launched": 1, "Single Copy": false, "Plans": [{"Node Type": "Aggregate", "Strategy": "Plain", "Partial Mode": "Partial", "Parent Relationship": "Outer", "Parallel Aware": false, "Async Capable": false, "Startup Cost": 5920.18, "Total Cost": 5920.19, "Plan Rows": 1, "Plan Width": 8, "Actual Rows": 1, "Actual Loops": 2, "Workers": [], "Plans": [{"Node Type": "Hash Join", "Parent Relationship": "Outer", "Parallel Aware": true, "Async Capable": false, "Join Type": "Inner", "Startup Cost": 2665.23, "Total Cost": 5696.76, "Plan Rows": 332.0, "Plan Width": 0, "Actual Rows": 129214, "Actual Loops": 2, "Inner Unique": false, "Hash Cond": "(c.userid = u.id)", "Workers": [], "Plans": [{"Node Type": "Seq Scan", "Parent Relationship": "Outer", "Parallel Aware": true, "Async Capable": false, "Relation Name": "comments", "Alias": "c", "Startup Cost": 0.0, "Total Cost": 2881.99, "Plan Rows": 37871, "Plan Width": 4, "Actual Rows": 32246, "Actual Loops": 2, "Filter": "((creationdate >= '2010-07-20 08:54:24'::timestamp without time zone) AND (creationdate <= '2012-09-30 09:46:34'::timestamp without time zone))", "Rows Removed by Filter": 54907, "Workers": []}, {"Node Type": "Hash", "Parent Relationship": "Inner", "Parallel Aware": true, "Async Capable": false, "Startup Cost": 2655.04, "Total Cost": 2655.04, "Plan Rows": 349.0, "Plan Width": 8, "Actual Rows": 1026, "Actual Loops": 2, "Hash Buckets": 2048, "Original Hash Buckets": 2048, "Hash Batches": 1, "Original Hash Batches": 1, "Peak Memory Usage": 112, "Workers": [], "Plans": [{"Node Type": "Merge Join", "Parent Relationship": "Outer", "Parallel Aware": false, "Async Capable": false, "Join Type": "Inner", "Startup Cost": 1405.8, "Total Cost": 2655.04, "Plan Rows": 349.0, "Plan Width": 8, "Actual Rows": 1026, "Actual Loops": 2, "Inner Unique": true, "Merge Cond": "(v.userid = u.id)", "Workers": [], "Plans": [{"Node Type": "Index Scan", "Parent Relationship": "Outer", "Parallel Aware": true, "Async Capable": false, "Scan Direction": "Forward", "Index Name": "idx_votes_userid", "Relation Name": "votes", "Alias": "v", "Startup Cost": 0.42, "Total Cost": 11216.36, "Plan Rows": 33830, "Plan Width": 4, "Actual Rows": 3313, "Actual Loops": 2, "Filter": "((creationdate >= '2013-07-31 02:57:59'::timestamp without time zone) AND (creationdate <= '2014-02-22 09:01:51'::timestamp without time zone))", "Rows Removed by Filter": 107241, "Workers": []}, {"Node Type": "Sort", "Parent Relationship": "Inner", "Parallel Aware": false, "Async Capable": false, "Startup Cost": 1405.38, "Total Cost": 1428.33, "Plan Rows": 9181, "Plan Width": 4, "Actual Rows": 9185, "Actual Loops": 2, "Sort Key": ["u.id"], "Sort Method": "quicksort", "Sort Space Used": 385, "Sort Space Type": "Memory", "Workers": [{"Worker Number": 0, "Sort Method": "quicksort", "Sort Space Used": 385, "Sort Space Type": "Memory"}], "Plans": [{"Node Type": "Seq Scan", "Parent Relationship": "Outer", "Parallel Aware": false, "Async Capable": false, "Relation Name": "users", "Alias": "u", "Startup Cost": 0.0, "Total Cost": 801.06, "Plan Rows": 9181, "Plan Width": 4, "Actual Rows": 9185, "Actual Loops": 2, "Filter": "(creationdate <= '2012-06-10 20:05:15'::timestamp without time zone)", "Rows Removed by Filter": 31140, "Workers": []}]}]}]}]}]}]}]}, "Planning Time": 3.276, "Triggers": [], "Execution Time": 115.499}, {"Plan": {"Node Type": "Aggregate", "Strategy": "Plain", "Partial Mode": "Simple", "Parallel Aware": false, "Async Capable": false, "Startup Cost": 4308.62, "Total Cost": 4308.63, "Plan Rows": 1, "Plan Width": 8, "Actual Rows": 1, "Actual Loops": 1, "Plans": [{"Node Type": "Nested Loop", "Parent Relationship": "Outer", "Parallel Aware": false, "Async Capable": false, "Join Type": "Inner", "Startup Cost": 1406.09, "Total Cost": 3928.8, "Plan Rows": 332.0, "Plan Width": 0, "Actual Rows": 258429, "Actual Loops": 1, "Inner Unique": false, "Join Filter": "(c.userid = u.id)", "Rows Removed by Join Filter": 0, "Plans": [{"Node Type": "Merge Join", "Parent Relationship": "Outer", "Parallel Aware": false, "Async Capable": false, "Join Type": "Inner", "Startup Cost": 1405.8, "Total Cost": 2881.17, "Plan Rows": 349.0, "Plan Width": 8, "Actual Rows": 2053, "Actual Loops": 1, "Inner Unique": true, "Merge Cond": "(v.userid = u.id)", "Plans": [{"Node Type": "Index Scan", "Parent Relationship": "Outer", "Parallel Aware": false, "Async Capable": false, "Scan Direction": "Forward", "Index Name": "idx_votes_userid", "Relation Name": "votes", "Alias": "v", "Startup Cost": 0.42, "Total Cost": 13242.63, "Plan Rows": 57511, "Plan Width": 4, "Actual Rows": 6625, "Actual Loops": 1, "Filter": "((creationdate >= '2013-07-31 02:57:59'::timestamp without time zone) AND (creationdate <= '2014-02-22 09:01:51'::timestamp without time zone))", "Rows Removed by Filter": 27013}, {"Node Type": "Sort", "Parent Relationship": "Inner", "Parallel Aware": false, "Async Capable": false, "Startup Cost": 1405.38, "Total Cost": 1428.33, "Plan Rows": 9181, "Plan Width": 4, "Actual Rows": 9185, "Actual Loops": 1, "Sort Key": ["u.id"], "Sort Method": "quicksort", "Sort Space Used": 385, "Sort Space Type": "Memory", "Plans": [{"Node Type": "Seq Scan", "Parent Relationship": "Outer", "Parallel Aware": false, "Async Capable": false, "Relation Name": "users", "Alias": "u", "Startup Cost": 0.0, "Total Cost": 801.06, "Plan Rows": 9181, "Plan Width": 4, "Actual Rows": 9185, "Actual Loops": 1, "Filter": "(creationdate <= '2012-06-10 20:05:15'::timestamp without time zone)", "Rows Removed by Filter": 31140}]}]}, {"Node Type": "Index Scan", "Parent Relationship": "Inner", "Parallel Aware": false, "Async Capable": false, "Scan Direction": "Forward", "Index Name": "idx_comments_userid", "Relation Name": "comments", "Alias": "c", "Startup Cost": 0.29, "Total Cost": 0.69, "Plan Rows": 5, "Plan Width": 4, "Actual Rows": 126, "Actual Loops": 2053, "Index Cond": "(userid = v.userid)", "Rows Removed by Index Recheck": 0, "Filter": "((creationdate >= '2010-07-20 08:54:24'::timestamp without time zone) AND (creationdate <= '2012-09-30 09:46:34'::timestamp without time zone))", "Rows Removed by Filter": 775}]}]}, "Planning Time": 1.693, "Triggers": [], "Execution Time": 338.863}, {"Plan": {"Node Type": "Aggregate", "Strategy": "Plain", "Partial Mode": "Finalize", "Parallel Aware": false, "Async Capable": false, "Startup Cost": 10157.72, "Total Cost": 10157.73, "Plan Rows": 1, "Plan Width": 8, "Actual Rows": 1, "Actual Loops": 1, "Plans": [{"Node Type": "Gather", "Parent Relationship": "Outer", "Parallel Aware": false, "Async Capable": false, "Startup Cost": 10157.6, "Total Cost": 10157.71, "Plan Rows": 1, "Plan Width": 8, "Actual Rows": 2, "Actual Loops": 1, "Workers Planned": 1, "Workers Launched": 1, "Single Copy": false, "Plans": [{"Node Type": "Aggregate", "Strategy": "Plain", "Partial Mode": "Partial", "Parent Relationship": "Outer", "Parallel Aware": false, "Async Capable": false, "Startup Cost": 9157.6, "Total Cost": 9157.61, "Plan Rows": 1, "Plan Width": 8, "Actual Rows": 1, "Actual Loops": 2, "Workers": [], "Plans": [{"Node Type": "Merge Join", "Parent Relationship": "Outer", "Parallel Aware": false, "Async Capable": false, "Join Type": "Inner", "Startup Cost": 7167.65, "Total Cost": 8934.18, "Plan Rows": 332.0, "Plan Width": 0, "Actual Rows": 129214, "Actual Loops": 2, "Inner Unique": false, "Merge Cond": "(u.id = v.userid)", "Workers": [], "Plans": [{"Node Type": "Merge Join", "Parent Relationship": "Outer", "Parallel Aware": false, "Async Capable": false, "Join Type": "Inner", "Startup Cost": 7167.23, "Total Cost": 7484.15, "Plan Rows": 112.0, "Plan Width": 8, "Actual Rows": 29936, "Actual Loops": 2, "Inner Unique": true, "Merge Cond": "(c.userid = u.id)", "Workers": [], "Plans": [{"Node Type": "Sort", "Parent Relationship": "Outer", "Parallel Aware": false, "Async Capable": false, "Startup Cost": 5761.85, "Total Cost": 5856.53, "Plan Rows": 37871, "Plan Width": 4, "Actual Rows": 31374, "Actual Loops": 2, "Sort Key": ["c.userid"], "Sort Method": "quicksort", "Sort Space Used": 1537, "Sort Space Type": "Memory", "Workers": [{"Worker Number": 0, "Sort Method": "quicksort", "Sort Space Used": 25, "Sort Space Type": "Memory"}], "Plans": [{"Node Type": "Seq Scan", "Parent Relationship": "Outer", "Parallel Aware": true, "Async Capable": false, "Relation Name": "comments", "Alias": "c", "Startup Cost": 0.0, "Total Cost": 2881.99, "Plan Rows": 37871, "Plan Width": 4, "Actual Rows": 32246, "Actual Loops": 2, "Filter": "((creationdate >= '2010-07-20 08:54:24'::timestamp without time zone) AND (creationdate <= '2012-09-30 09:46:34'::timestamp without time zone))", "Rows Removed by Filter": 54907, "Workers": []}]}, {"Node Type": "Sort", "Parent Relationship": "Inner", "Parallel Aware": false, "Async Capable": false, "Startup Cost": 1405.38, "Total Cost": 1428.33, "Plan Rows": 9181, "Plan Width": 4, "Actual Rows": 9180, "Actual Loops": 2, "Sort Key": ["u.id"], "Sort Method": "quicksort", "Sort Space Used": 385, "Sort Space Type": "Memory", "Workers": [{"Worker Number": 0, "Sort Method": "quicksort", "Sort Space Used": 385, "Sort Space Type": "Memory"}], "Plans": [{"Node Type": "Seq Scan", "Parent Relationship": "Outer", "Parallel Aware": false, "Async Capable": false, "Relation Name": "users", "Alias": "u", "Startup Cost": 0.0, "Total Cost": 801.06, "Plan Rows": 9181, "Plan Width": 4, "Actual Rows": 9185, "Actual Loops": 2, "Filter": "(creationdate <= '2012-06-10 20:05:15'::timestamp without time zone)", "Rows Removed by Filter": 31140, "Workers": []}]}]}, {"Node Type": "Index Scan", "Parent Relationship": "Inner", "Parallel Aware": false, "Async Capable": false, "Scan Direction": "Forward", "Index Name": "idx_votes_userid", "Relation Name": "votes", "Alias": "v", "Startup Cost": 0.42, "Total Cost": 13242.63, "Plan Rows": 57511, "Plan Width": 4, "Actual Rows": 132639, "Actual Loops": 2, "Filter": "((creationdate >= '2013-07-31 02:57:59'::timestamp without time zone) AND (creationdate <= '2014-02-22 09:01:51'::timestamp without time zone))", "Rows Removed by Filter": 1520768, "Workers": []}]}]}]}]}, "Planning Time": 1.781, "Triggers": [], "Execution Time": 687.578}]