[{"Plan": {"Node Type": "Aggregate", "Strategy": "Plain", "Partial Mode": "Simple", "Parallel Aware": false, "Async Capable": false, "Startup Cost": 2691.7, "Total Cost": 2691.71, "Plan Rows": 1, "Plan Width": 8, "Actual Rows": 1, "Actual Loops": 1, "Plans": [{"Node Type": "Nested Loop", "Parent Relationship": "Outer", "Parallel Aware": false, "Async Capable": false, "Join Type": "Inner", "Startup Cost": 2.13, "Total Cost": 2691.25, "Plan Rows": 14.0, "Plan Width": 0, "Actual Rows": 628716, "Actual Loops": 1, "Inner Unique": false, "Plans": [{"Node Type": "Nested Loop", "Parent Relationship": "Outer", "Parallel Aware": false, "Async Capable": false, "Join Type": "Inner", "Startup Cost": 1.84, "Total Cost": 2690.47, "Plan Rows": 1.0, "Plan Width": 8, "Actual Rows": 14324, "Actual Loops": 1, "Inner Unique": false, "Join Filter": "(p.id = v.postid)", "Rows Removed by Join Filter": 0, "Plans": [{"Node Type": "Nested Loop", "Parent Relationship": "Outer", "Parallel Aware": false, "Async Capable": false, "Join Type": "Inner", "Startup Cost": 1.42, "Total Cost": 2689.77, "Plan Rows": 1.0, "Plan Width": 24, "Actual Rows": 68, "Actual Loops": 1, "Inner Unique": true, "Plans": [{"Node Type": "Nested Loop", "Parent Relationship": "Outer", "Parallel Aware": false, "Async Capable": false, "Join Type": "Inner", "Startup Cost": 1.13, "Total Cost": 2689.46, "Plan Rows": 1.0, "Plan Width": 20, "Actual Rows": 68, "Actual Loops": 1, "Inner Unique": false, "Join Filter": "(p.id = pl.relatedpostid)", "Rows Removed by Join Filter": 0, "Plans": [{"Node Type": "Nested Loop", "Parent Relationship": "Outer", "Parallel Aware": false, "Async Capable": false, "Join Type": "Inner", "Startup Cost": 0.84, "Total Cost": 2689.11, "Plan Rows": 1.0, "Plan Width": 16, "Actual Rows": 44, "Actual Loops": 1, "Inner Unique": false, "Join Filter": "(c.postid = p.id)", "Rows Removed by Join Filter": 0, "Plans": [{"Node Type": "Nested Loop", "Parent Relationship": "Outer", "Parallel Aware": false, "Async Capable": false, "Join Type": "Inner", "Startup Cost": 0.42, "Total Cost": 2688.47, "Plan Rows": 13.0, "Plan Width": 8, "Actual Rows": 74, "Actual Loops": 1, "Inner Unique": false, "Plans": [{"Node Type": "Seq Scan", "Parent Relationship": "Outer", "Parallel Aware": false, "Async Capable": false, "Relation Name": "posts", "Alias": "p", "Startup Cost": 0.0, "Total Cost": 2679.52, "Plan Rows": 1, "Plan Width": 4, "Actual Rows": 14, "Actual Loops": 1, "Filter": "((answercount >= 10) AND (commentcount >= 9) AND (commentcount <= 36) AND (posttypeid = 1))", "Rows Removed by Filter": 91962}, {"Node Type": "Index Scan", "Parent Relationship": "Inner", "Parallel Aware": false, "Async Capable": false, "Scan Direction": "Forward", "Index Name": "idx_posthistory_postid", "Relation Name": "posthistory", "Alias": "ph", "Startup Cost": 0.42, "Total Cost": 8.94, "Plan Rows": 1, "Plan Width": 4, "Actual Rows": 5, "Actual Loops": 14, "Index Cond": "(postid = p.id)", "Rows Removed by Index Recheck": 0, "Filter": "(creationdate <= '2011-12-08 17:46:29'::timestamp without time zone)", "Rows Removed by Filter": 3}]}, {"Node Type": "Index Scan", "Parent Relationship": "Inner", "Parallel Aware": false, "Async Capable": false, "Scan Direction": "Forward", "Index Name": "idx_comments_postid", "Relation Name": "comments", "Alias": "c", "Startup Cost": 0.42, "Total Cost": 0.61, "Plan Rows": 2, "Plan Width": 8, "Actual Rows": 1, "Actual Loops": 74, "Index Cond": "(postid = ph.postid)", "Rows Removed by Index Recheck": 0, "Filter": "((creationdate >= '2012-11-04 16:55:07'::timestamp without time zone) AND (score = 0))", "Rows Removed by Filter": 11}]}, {"Node Type": "Index Scan", "Parent Relationship": "Inner", "Parallel Aware": false, "Async Capable": false, "Scan Direction": "Forward", "Index Name": "idx_postlinks_relatedpostid", "Relation Name": "postlinks", "Alias": "pl", "Startup Cost": 0.29, "Total Cost": 0.34, "Plan Rows": 1, "Plan Width": 4, "Actual Rows": 2, "Actual Loops": 44, "Index Cond": "(relatedpostid = c.postid)", "Rows Removed by Index Recheck": 0, "Filter": "((creationdate >= '2013-06-16 14:13:25'::timestamp without time zone) AND (creationdate <= '2013-08-02 06:39:22'::timestamp without time zone))", "Rows Removed by Filter": 26}]}, {"Node Type": "Index Only Scan", "Parent Relationship": "Inner", "Parallel Aware": false, "Async Capable": false, "Scan Direction": "Forward", "Index Name": "users_pkey", "Relation Name": "users", "Alias": "u", "Startup Cost": 0.29, "Total Cost": 0.31, "Plan Rows": 1, "Plan Width": 4, "Actual Rows": 1, "Actual Loops": 68, "Index Cond": "(id = c.userid)", "Rows Removed by Index Recheck": 0, "Heap Fetches": 0}]}, {"Node Type": "Index Scan", "Parent Relationship": "Inner", "Parallel Aware": false, "Async Capable": false, "Scan Direction": "Forward", "Index Name": "idx_votes_postid", "Relation Name": "votes", "Alias": "v", "Startup Cost": 0.42, "Total Cost": 0.67, "Plan Rows": 3, "Plan Width": 4, "Actual Rows": 211, "Actual Loops": 68, "Index Cond": "(postid = c.postid)", "Rows Removed by Index Recheck": 0, "Filter": "((creationdate >= '2009-09-17 01:48:09'::timestamp without time zone) AND (creationdate <= '2013-07-23 14:51:51'::timestamp without time zone))", "Rows Removed by Filter": 136}]}, {"Node Type": "Index Only Scan", "Parent Relationship": "Inner", "Parallel Aware": false, "Async Capable": false, "Scan Direction": "Forward", "Index Name": "idx_badges_userid", "Relation Name": "badges", "Alias": "b", "Startup Cost": 0.29, "Total Cost": 0.36, "Plan Rows": 3, "Plan Width": 4, "Actual Rows": 44, "Actual Loops": 14324, "Index Cond": "(userid = u.id)", "Rows Removed by Index Recheck": 0, "Heap Fetches": 0}]}]}, "Planning Time": 8.364, "Triggers": [], "Execution Time": 72.058}, {"Plan": {"Node Type": "Aggregate", "Strategy": "Plain", "Partial Mode": "Finalize", "Parallel Aware": false, "Async Capable": false, "Startup Cost": 78540.33, "Total Cost": 78540.34, "Plan Rows": 1, "Plan Width": 8, "Actual Rows": 1, "Actual Loops": 1, "Plans": [{"Node Type": "Gather", "Parent Relationship": "Outer", "Parallel Aware": false, "Async Capable": false, "Startup Cost": 78540.22, "Total Cost": 78540.33, "Plan Rows": 1, "Plan Width": 8, "Actual Rows": 2, "Actual Loops": 1, "Workers Planned": 1, "Workers Launched": 1, "Single Copy": false, "Plans": [{"Node Type": "Aggregate", "Strategy": "Plain", "Partial Mode": "Partial", "Parent Relationship": "Outer", "Parallel Aware": false, "Async Capable": false, "Startup Cost": 77540.22, "Total Cost": 77540.23, "Plan Rows": 1, "Plan Width": 8, "Actual Rows": 1, "Actual Loops": 2, "Workers": [], "Plans": [{"Node Type": "Merge Join", "Parent Relationship": "Outer", "Parallel Aware": false, "Async Capable": false, "Join Type": "Inner", "Startup Cost": 2690.28, "Total Cost": 77539.96, "Plan Rows": 14.0, "Plan Width": 0, "Actual Rows": 314358, "Actual Loops": 2, "Inner Unique": false, "Merge Cond": "(v.postid = p.id)", "Workers": [], "Plans": [{"Node Type": "Nested Loop", "Parent Relationship": "Outer", "Parallel Aware": false, "Async Capable": false, "Join Type": "Inner", "Startup Cost": 1.45, "Total Cost": 39752.35, "Plan Rows": 11636.0, "Plan Width": 8, "Actual Rows": 423610, "Actual Loops": 2, "Inner Unique": false, "Join Filter": "(b.userid = u.id)", "Rows Removed by Join Filter": 0, "Workers": [], "Plans": [{"Node Type": "Merge Join", "Parent Relationship": "Outer", "Parallel Aware": false, "Async Capable": false, "Join Type": "Inner", "Startup Cost": 1.14, "Total Cost": 26281.28, "Plan Rows": 439.0, "Plan Width": 16, "Actual Rows": 5932, "Actual Loops": 2, "Inner Unique": false, "Merge Cond": "(c.postid = v.postid)", "Workers": [], "Plans": [{"Node Type": "Nested Loop", "Parent Relationship": "Outer", "Parallel Aware": false, "Async Capable": false, "Join Type": "Inner", "Startup Cost": 0.72, "Total Cost": 10491.29, "Plan Rows": 22.0, "Plan Width": 12, "Actual Rows": 400, "Actual Loops": 2, "Inner Unique": true, "Workers": [], "Plans": [{"Node Type": "Index Scan", "Parent Relationship": "Outer", "Parallel Aware": true, "Async Capable": false, "Scan Direction": "Forward", "Index Name": "idx_comments_postid", "Relation Name": "comments", "Alias": "c", "Startup Cost": 0.42, "Total Cost": 5216.17, "Plan Rows": 47977, "Plan Width": 8, "Actual Rows": 412, "Actual Loops": 2, "Filter": "((creationdate >= '2012-11-04 16:55:07'::timestamp without time zone) AND (score = 0))", "Rows Removed by Filter": 10267, "Workers": []}, {"Node Type": "Memoize", "Parent Relationship": "Inner", "Parallel Aware": false, "Async Capable": false, "Startup Cost": 0.3, "Total Cost": 0.32, "Plan Rows": 1, "Plan Width": 4, "Actual Rows": 1, "Actual Loops": 825, "Cache Key": "c.userid", "Cache Mode": "logical", "Cache Hits": 241, "Cache Misses": 240, "Cache Evictions": 0, "Cache Overflows": 0, "Peak Memory Usage": 25, "Workers": [{"Worker Number": 0, "Cache Hits": 162, "Cache Misses": 182, "Cache Evictions": 0, "Cache Overflows": 0, "Peak Memory Usage": 19}], "Plans": [{"Node Type": "Index Only Scan", "Parent Relationship": "Outer", "Parallel Aware": false, "Async Capable": false, "Scan Direction": "Forward", "Index Name": "users_pkey", "Relation Name": "users", "Alias": "u", "Startup Cost": 0.29, "Total Cost": 0.31, "Plan Rows": 1, "Plan Width": 4, "Actual Rows": 1, "Actual Loops": 422, "Index Cond": "(id = c.userid)", "Rows Removed by Index Recheck": 0, "Heap Fetches": 0, "Workers": []}]}]}, {"Node Type": "Index Scan", "Parent Relationship": "Inner", "Parallel Aware": false, "Async Capable": false, "Scan Direction": "Forward", "Index Name": "idx_votes_postid", "Relation Name": "votes", "Alias": "v", "Startup Cost": 0.42, "Total Cost": 13614.58, "Plan Rows": 204374, "Plan Width": 4, "Actual Rows": 76504, "Actual Loops": 2, "Filter": "((creationdate >= '2009-09-17 01:48:09'::timestamp without time zone) AND (creationdate <= '2013-07-23 14:51:51'::timestamp without time zone))", "Rows Removed by Filter": 13541, "Workers": []}]}, {"Node Type": "Memoize", "Parent Relationship": "Inner", "Parallel Aware": false, "Async Capable": false, "Startup Cost": 0.3, "Total Cost": 0.36, "Plan Rows": 3, "Plan Width": 4, "Actual Rows": 71, "Actual Loops": 11864, "Cache Key": "c.userid", "Cache Mode": "logical", "Cache Hits": 7723, "Cache Misses": 238, "Cache Evictions": 0, "Cache Overflows": 0, "Peak Memory Usage": 273, "Workers": [{"Worker Number": 0, "Cache Hits": 3724, "Cache Misses": 179, "Cache Evictions": 0, "Cache Overflows": 0, "Peak Memory Usage": 227}], "Plans": [{"Node Type": "Index Only Scan", "Parent Relationship": "Outer", "Parallel Aware": false, "Async Capable": false, "Scan Direction": "Forward", "Index Name": "idx_badges_userid", "Relation Name": "badges", "Alias": "b", "Startup Cost": 0.29, "Total Cost": 0.35, "Plan Rows": 3, "Plan Width": 4, "Actual Rows": 32, "Actual Loops": 417, "Index Cond": "(userid = c.userid)", "Rows Removed by Index Recheck": 0, "Heap Fetches": 0, "Workers": []}]}]}, {"Node Type": "Materialize", "Parent Relationship": "Inner", "Parallel Aware": false, "Async Capable": false, "Startup Cost": 2688.83, "Total Cost": 2688.84, "Plan Rows": 1.0, "Plan Width": 12, "Actual Rows": 314400, "Actual Loops": 2, "Workers": [], "Plans": [{"Node Type": "Sort", "Parent Relationship": "Outer", "Parallel Aware": false, "Async Capable": false, "Startup Cost": 2688.83, "Total Cost": 2688.84, "Plan Rows": 1.0, "Plan Width": 12, "Actual Rows": 59, "Actual Loops": 2, "Sort Key": ["p.id"], "Sort Method": "quicksort", "Sort Space Used": 27, "Sort Space Type": "Memory", "Workers": [{"Worker Number": 0, "Sort Method": "quicksort", "Sort Space Used": 27, "Sort Space Type": "Memory"}], "Plans": [{"Node Type": "Nested Loop", "Parent Relationship": "Outer", "Parallel Aware": false, "Async Capable": false, "Join Type": "Inner", "Startup Cost": 0.71, "Total Cost": 2688.82, "Plan Rows": 1.0, "Plan Width": 12, "Actual Rows": 59, "Actual Loops": 2, "Inner Unique": false, "Join Filter": "(p.id = pl.relatedpostid)", "Rows Removed by Join Filter": 0, "Workers": [], "Plans": [{"Node Type": "Nested Loop", "Parent Relationship": "Outer", "Parallel Aware": false, "Async Capable": false, "Join Type": "Inner", "Startup Cost": 0.42, "Total Cost": 2688.47, "Plan Rows": 13.0, "Plan Width": 8, "Actual Rows": 74, "Actual Loops": 2, "Inner Unique": false, "Workers": [], "Plans": [{"Node Type": "Seq Scan", "Parent Relationship": "Outer", "Parallel Aware": false, "Async Capable": false, "Relation Name": "posts", "Alias": "p", "Startup Cost": 0.0, "Total Cost": 2679.52, "Plan Rows": 1, "Plan Width": 4, "Actual Rows": 14, "Actual Loops": 2, "Filter": "((answercount >= 10) AND (commentcount >= 9) AND (commentcount <= 36) AND (posttypeid = 1))", "Rows Removed by Filter": 91962, "Workers": []}, {"Node Type": "Index Scan", "Parent Relationship": "Inner", "Parallel Aware": false, "Async Capable": false, "Scan Direction": "Forward", "Index Name": "idx_posthistory_postid", "Relation Name": "posthistory", "Alias": "ph", "Startup Cost": 0.42, "Total Cost": 8.94, "Plan Rows": 1, "Plan Width": 4, "Actual Rows": 5, "Actual Loops": 28, "Index Cond": "(postid = p.id)", "Rows Removed by Index Recheck": 0, "Filter": "(creationdate <= '2011-12-08 17:46:29'::timestamp without time zone)", "Rows Removed by Filter": 3, "Workers": []}]}, {"Node Type": "Index Scan", "Parent Relationship": "Inner", "Parallel Aware": false, "Async Capable": false, "Scan Direction": "Forward", "Index Name": "idx_postlinks_relatedpostid", "Relation Name": "postlinks", "Alias": "pl", "Startup Cost": 0.29, "Total Cost": 0.34, "Plan Rows": 1, "Plan Width": 4, "Actual Rows": 1, "Actual Loops": 148, "Index Cond": "(relatedpostid = ph.postid)", "Rows Removed by Index Recheck": 0, "Filter": "((creationdate >= '2013-06-16 14:13:25'::timestamp without time zone) AND (creationdate <= '2013-08-02 06:39:22'::timestamp without time zone))", "Rows Removed by Filter": 12, "Workers": []}]}]}]}]}]}]}]}, "Planning Time": 16.096, "Triggers": [], "Execution Time": 198.982}, {"Plan": {"Node Type": "Aggregate", "Strategy": "Plain", "Partial Mode": "Finalize", "Parallel Aware": false, "Async Capable": false, "Startup Cost": 10651.72, "Total Cost": 10651.73, "Plan Rows": 1, "Plan Width": 8, "Actual Rows": 1, "Actual Loops": 1, "Plans": [{"Node Type": "Gather", "Parent Relationship": "Outer", "Parallel Aware": false, "Async Capable": false, "Startup Cost": 10651.61, "Total Cost": 10651.72, "Plan Rows": 1, "Plan Width": 8, "Actual Rows": 2, "Actual Loops": 1, "Workers Planned": 1, "Workers Launched": 1, "Single Copy": false, "Plans": [{"Node Type": "Aggregate", "Strategy": "Plain", "Partial Mode": "Partial", "Parent Relationship": "Outer", "Parallel Aware": false, "Async Capable": false, "Startup Cost": 9651.61, "Total Cost": 9651.62, "Plan Rows": 1, "Plan Width": 8, "Actual Rows": 1, "Actual Loops": 2, "Workers": [], "Plans": [{"Node Type": "Merge Join", "Parent Relationship": "Outer", "Parallel Aware": false, "Async Capable": false, "Join Type": "Inner", "Startup Cost": 9493.95, "Total Cost": 9651.35, "Plan Rows": 14.0, "Plan Width": 0, "Actual Rows": 314358, "Actual Loops": 2, "Inner Unique": false, "Merge Cond": "(ph.postid = p.id)", "Workers": [], "Plans": [{"Node Type": "Sort", "Parent Relationship": "Outer", "Parallel Aware": false, "Async Capable": false, "Startup Cost": 6796.56, "Total Cost": 6874.51, "Plan Rows": 31179, "Plan Width": 4, "Actual Rows": 26406, "Actual Loops": 2, "Sort Key": ["ph.postid"], "Sort Method": "quicksort", "Sort Space Used": 1537, "Sort Space Type": "Memory", "Workers": [{"Worker Number": 0, "Sort Method": "quicksort", "Sort Space Used": 25, "Sort Space Type": "Memory"}], "Plans": [{"Node Type": "Seq Scan", "Parent Relationship": "Outer", "Parallel Aware": true, "Async Capable": false, "Relation Name": "posthistory", "Alias": "ph", "Startup Cost": 0.0, "Total Cost": 4469.32, "Plan Rows": 31179, "Plan Width": 4, "Actual Rows": 26406, "Actual Loops": 2, "Filter": "(creationdate <= '2011-12-08 17:46:29'::timestamp without time zone)", "Rows Removed by Filter": 125188, "Workers": []}]}, {"Node Type": "Sort", "Parent Relationship": "Inner", "Parallel Aware": false, "Async Capable": false, "Startup Cost": 2697.39, "Total Cost": 2697.84, "Plan Rows": 25.0, "Plan Width": 16, "Actual Rows": 628717, "Actual Loops": 1, "Sort Key": ["c.postid"], "Sort Method": "quicksort", "Sort Space Used": 6877, "Sort Space Type": "Memory", "Workers": [], "Plans": [{"Node Type": "Nested Loop", "Parent Relationship": "Outer", "Parallel Aware": false, "Async Capable": false, "Join Type": "Inner", "Startup Cost": 1.71, "Total Cost": 2690.69, "Plan Rows": 25.0, "Plan Width": 16, "Actual Rows": 97390, "Actual Loops": 1, "Inner Unique": false, "Workers": [], "Plans": [{"Node Type": "Nested Loop", "Parent Relationship": "Outer", "Parallel Aware": false, "Async Capable": false, "Join Type": "Inner", "Startup Cost": 1.42, "Total Cost": 2689.91, "Plan Rows": 1.0, "Plan Width": 24, "Actual Rows": 1804, "Actual Loops": 1, "Inner Unique": false, "Join Filter": "(p.id = v.postid)", "Rows Removed by Join Filter": 0, "Workers": [], "Plans": [{"Node Type": "Nested Loop", "Parent Relationship": "Outer", "Parallel Aware": false, "Async Capable": false, "Join Type": "Inner", "Startup Cost": 1.0, "Total Cost": 2689.21, "Plan Rows": 1.0, "Plan Width": 20, "Actual Rows": 12, "Actual Loops": 1, "Inner Unique": true, "Workers": [], "Plans": [{"Node Type": "Nested Loop", "Parent Relationship": "Outer", "Parallel Aware": false, "Async Capable": false, "Join Type": "Inner", "Startup Cost": 0.71, "Total Cost": 2688.9, "Plan Rows": 1.0, "Plan Width": 16, "Actual Rows": 12, "Actual Loops": 1, "Inner Unique": false, "Join Filter": "(p.id = pl.relatedpostid)", "Rows Removed by Join Filter": 0, "Workers": [], "Plans": [{"Node Type": "Nested Loop", "Parent Relationship": "Outer", "Parallel Aware": false, "Async Capable": false, "Join Type": "Inner", "Startup Cost": 0.42, "Total Cost": 2688.55, "Plan Rows": 2.0, "Plan Width": 12, "Actual Rows": 39, "Actual Loops": 1, "Inner Unique": false, "Workers": [], "Plans": [{"Node Type": "Seq Scan", "Parent Relationship": "Outer", "Parallel Aware": false, "Async Capable": false, "Relation Name": "posts", "Alias": "p", "Startup Cost": 0.0, "Total Cost": 2679.52, "Plan Rows": 1, "Plan Width": 4, "Actual Rows": 14, "Actual Loops": 1, "Filter": "((answercount >= 10) AND (commentcount >= 9) AND (commentcount <= 36) AND (posttypeid = 1))", "Rows Removed by Filter": 91962, "Workers": []}, {"Node Type": "Index Scan", "Parent Relationship": "Inner", "Parallel Aware": false, "Async Capable": false, "Scan Direction": "Forward", "Index Name": "idx_comments_postid", "Relation Name": "comments", "Alias": "c", "Startup Cost": 0.42, "Total Cost": 9.01, "Plan Rows": 2, "Plan Width": 8, "Actual Rows": 3, "Actual Loops": 14, "Index Cond": "(postid = p.id)", "Rows Removed by Index Recheck": 0, "Filter": "((creationdate >= '2012-11-04 16:55:07'::timestamp without time zone) AND (score = 0))", "Rows Removed by Filter": 11, "Workers": []}]}, {"Node Type": "Index Scan", "Parent Relationship": "Inner", "Parallel Aware": false, "Async Capable": false, "Scan Direction": "Forward", "Index Name": "idx_postlinks_relatedpostid", "Relation Name": "postlinks", "Alias": "pl", "Startup Cost": 0.29, "Total Cost": 0.34, "Plan Rows": 1, "Plan Width": 4, "Actual Rows": 0, "Actual Loops": 39, "Index Cond": "(relatedpostid = c.postid)", "Rows Removed by Index Recheck": 0, "Filter": "((creationdate >= '2013-06-16 14:13:25'::timestamp without time zone) AND (creationdate <= '2013-08-02 06:39:22'::timestamp without time zone))", "Rows Removed by Filter": 4, "Workers": []}]}, {"Node Type": "Index Only Scan", "Parent Relationship": "Inner", "Parallel Aware": false, "Async Capable": false, "Scan Direction": "Forward", "Index Name": "users_pkey", "Relation Name": "users", "Alias": "u", "Startup Cost": 0.29, "Total Cost": 0.31, "Plan Rows": 1, "Plan Width": 4, "Actual Rows": 1, "Actual Loops": 12, "Index Cond": "(id = c.userid)", "Rows Removed by Index Recheck": 0, "Heap Fetches": 0, "Workers": []}]}, {"Node Type": "Index Scan", "Parent Relationship": "Inner", "Parallel Aware": false, "Async Capable": false, "Scan Direction": "Forward", "Index Name": "idx_votes_postid", "Relation Name": "votes", "Alias": "v", "Startup Cost": 0.42, "Total Cost": 0.67, "Plan Rows": 3, "Plan Width": 4, "Actual Rows": 150, "Actual Loops": 12, "Index Cond": "(postid = c.postid)", "Rows Removed by Index Recheck": 0, "Filter": "((creationdate >= '2009-09-17 01:48:09'::timestamp without time zone) AND (creationdate <= '2013-07-23 14:51:51'::timestamp without time zone))", "Rows Removed by Filter": 91, "Workers": []}]}, {"Node Type": "Index Only Scan", "Parent Relationship": "Inner", "Parallel Aware": false, "Async Capable": false, "Scan Direction": "Forward", "Index Name": "idx_badges_userid", "Relation Name": "badges", "Alias": "b", "Startup Cost": 0.29, "Total Cost": 0.36, "Plan Rows": 3, "Plan Width": 4, "Actual Rows": 54, "Actual Loops": 1804, "Index Cond": "(userid = u.id)", "Rows Removed by Index Recheck": 0, "Heap Fetches": 0, "Workers": []}]}]}]}]}]}]}, "Planning Time": 11.998, "Triggers": [], "Execution Time": 132.086}, {"Plan": {"Node Type": "Aggregate", "Strategy": "Plain", "Partial Mode": "Simple", "Parallel Aware": false, "Async Capable": false, "Startup Cost": 2691.7, "Total Cost": 2691.71, "Plan Rows": 1, "Plan Width": 8, "Actual Rows": 1, "Actual Loops": 1, "Plans": [{"Node Type": "Nested Loop", "Parent Relationship": "Outer", "Parallel Aware": false, "Async Capable": false, "Join Type": "Inner", "Startup Cost": 2.13, "Total Cost": 2691.25, "Plan Rows": 14.0, "Plan Width": 0, "Actual Rows": 628716, "Actual Loops": 1, "Inner Unique": false, "Plans": [{"Node Type": "Nested Loop", "Parent Relationship": "Outer", "Parallel Aware": false, "Async Capable": false, "Join Type": "Inner", "Startup Cost": 1.84, "Total Cost": 2690.47, "Plan Rows": 1.0, "Plan Width": 8, "Actual Rows": 14324, "Actual Loops": 1, "Inner Unique": false, "Join Filter": "(p.id = v.postid)", "Rows Removed by Join Filter": 0, "Plans": [{"Node Type": "Nested Loop", "Parent Relationship": "Outer", "Parallel Aware": false, "Async Capable": false, "Join Type": "Inner", "Startup Cost": 1.42, "Total Cost": 2689.77, "Plan Rows": 1.0, "Plan Width": 24, "Actual Rows": 68, "Actual Loops": 1, "Inner Unique": true, "Plans": [{"Node Type": "Nested Loop", "Parent Relationship": "Outer", "Parallel Aware": false, "Async Capable": false, "Join Type": "Inner", "Startup Cost": 1.13, "Total Cost": 2689.46, "Plan Rows": 1.0, "Plan Width": 20, "Actual Rows": 68, "Actual Loops": 1, "Inner Unique": false, "Join Filter": "(p.id = pl.relatedpostid)", "Rows Removed by Join Filter": 0, "Plans": [{"Node Type": "Nested Loop", "Parent Relationship": "Outer", "Parallel Aware": false, "Async Capable": false, "Join Type": "Inner", "Startup Cost": 0.84, "Total Cost": 2689.11, "Plan Rows": 1.0, "Plan Width": 16, "Actual Rows": 44, "Actual Loops": 1, "Inner Unique": false, "Join Filter": "(c.postid = p.id)", "Rows Removed by Join Filter": 0, "Plans": [{"Node Type": "Nested Loop", "Parent Relationship": "Outer", "Parallel Aware": false, "Async Capable": false, "Join Type": "Inner", "Startup Cost": 0.42, "Total Cost": 2688.47, "Plan Rows": 13.0, "Plan Width": 8, "Actual Rows": 74, "Actual Loops": 1, "Inner Unique": false, "Plans": [{"Node Type": "Seq Scan", "Parent Relationship": "Outer", "Parallel Aware": false, "Async Capable": false, "Relation Name": "posts", "Alias": "p", "Startup Cost": 0.0, "Total Cost": 2679.52, "Plan Rows": 1, "Plan Width": 4, "Actual Rows": 14, "Actual Loops": 1, "Filter": "((answercount >= 10) AND (commentcount >= 9) AND (commentcount <= 36) AND (posttypeid = 1))", "Rows Removed by Filter": 91962}, {"Node Type": "Index Scan", "Parent Relationship": "Inner", "Parallel Aware": false, "Async Capable": false, "Scan Direction": "Forward", "Index Name": "idx_posthistory_postid", "Relation Name": "posthistory", "Alias": "ph", "Startup Cost": 0.42, "Total Cost": 8.94, "Plan Rows": 1, "Plan Width": 4, "Actual Rows": 5, "Actual Loops": 14, "Index Cond": "(postid = p.id)", "Rows Removed by Index Recheck": 0, "Filter": "(creationdate <= '2011-12-08 17:46:29'::timestamp without time zone)", "Rows Removed by Filter": 3}]}, {"Node Type": "Index Scan", "Parent Relationship": "Inner", "Parallel Aware": false, "Async Capable": false, "Scan Direction": "Forward", "Index Name": "idx_comments_postid", "Relation Name": "comments", "Alias": "c", "Startup Cost": 0.42, "Total Cost": 0.61, "Plan Rows": 2, "Plan Width": 8, "Actual Rows": 1, "Actual Loops": 74, "Index Cond": "(postid = ph.postid)", "Rows Removed by Index Recheck": 0, "Filter": "((creationdate >= '2012-11-04 16:55:07'::timestamp without time zone) AND (score = 0))", "Rows Removed by Filter": 11}]}, {"Node Type": "Index Scan", "Parent Relationship": "Inner", "Parallel Aware": false, "Async Capable": false, "Scan Direction": "Forward", "Index Name": "idx_postlinks_relatedpostid", "Relation Name": "postlinks", "Alias": "pl", "Startup Cost": 0.29, "Total Cost": 0.34, "Plan Rows": 1, "Plan Width": 4, "Actual Rows": 2, "Actual Loops": 44, "Index Cond": "(relatedpostid = c.postid)", "Rows Removed by Index Recheck": 0, "Filter": "((creationdate >= '2013-06-16 14:13:25'::timestamp without time zone) AND (creationdate <= '2013-08-02 06:39:22'::timestamp without time zone))", "Rows Removed by Filter": 26}]}, {"Node Type": "Index Only Scan", "Parent Relationship": "Inner", "Parallel Aware": false, "Async Capable": false, "Scan Direction": "Forward", "Index Name": "users_pkey", "Relation Name": "users", "Alias": "u", "Startup Cost": 0.29, "Total Cost": 0.31, "Plan Rows": 1, "Plan Width": 4, "Actual Rows": 1, "Actual Loops": 68, "Index Cond": "(id = c.userid)", "Rows Removed by Index Recheck": 0, "Heap Fetches": 0}]}, {"Node Type": "Index Scan", "Parent Relationship": "Inner", "Parallel Aware": false, "Async Capable": false, "Scan Direction": "Forward", "Index Name": "idx_votes_postid", "Relation Name": "votes", "Alias": "v", "Startup Cost": 0.42, "Total Cost": 0.67, "Plan Rows": 3, "Plan Width": 4, "Actual Rows": 211, "Actual Loops": 68, "Index Cond": "(postid = c.postid)", "Rows Removed by Index Recheck": 0, "Filter": "((creationdate >= '2009-09-17 01:48:09'::timestamp without time zone) AND (creationdate <= '2013-07-23 14:51:51'::timestamp without time zone))", "Rows Removed by Filter": 136}]}, {"Node Type": "Index Only Scan", "Parent Relationship": "Inner", "Parallel Aware": false, "Async Capable": false, "Scan Direction": "Forward", "Index Name": "idx_badges_userid", "Relation Name": "badges", "Alias": "b", "Startup Cost": 0.29, "Total Cost": 0.36, "Plan Rows": 3, "Plan Width": 4, "Actual Rows": 44, "Actual Loops": 14324, "Index Cond": "(userid = u.id)", "Rows Removed by Index Recheck": 0, "Heap Fetches": 0}]}]}, "Planning Time": 8.718, "Triggers": [], "Execution Time": 75.999}, {"Plan": {"Node Type": "Aggregate", "Strategy": "Plain", "Partial Mode": "Simple", "Parallel Aware": false, "Async Capable": false, "Startup Cost": 4220.94, "Total Cost": 4220.95, "Plan Rows": 1, "Plan Width": 8, "Actual Rows": 1, "Actual Loops": 1, "Plans": [{"Node Type": "Hash Join", "Parent Relationship": "Outer", "Parallel Aware": false, "Async Capable": false, "Join Type": "Inner", "Startup Cost": 2690.5, "Total Cost": 4220.49, "Plan Rows": 14.0, "Plan Width": 0, "Actual Rows": 628716, "Actual Loops": 1, "Inner Unique": false, "Hash Cond": "(b.userid = u.id)", "Plans": [{"Node Type": "Seq Scan", "Parent Relationship": "Outer", "Parallel Aware": false, "Async Capable": false, "Relation Name": "badges", "Alias": "b", "Startup Cost": 0.0, "Total Cost": 1230.51, "Plan Rows": 79851, "Plan Width": 4, "Actual Rows": 79851, "Actual Loops": 1}, {"Node Type": "Hash", "Parent Relationship": "Inner", "Parallel Aware": false, "Async Capable": false, "Startup Cost": 2690.47, "Total Cost": 2690.47, "Plan Rows": 1.0, "Plan Width": 8, "Actual Rows": 14324, "Actual Loops": 1, "Hash Buckets": 16384, "Original Hash Buckets": 1024, "Hash Batches": 1, "Original Hash Batches": 1, "Peak Memory Usage": 688, "Plans": [{"Node Type": "Nested Loop", "Parent Relationship": "Outer", "Parallel Aware": false, "Async Capable": false, "Join Type": "Inner", "Startup Cost": 1.84, "Total Cost": 2690.47, "Plan Rows": 1.0, "Plan Width": 8, "Actual Rows": 14324, "Actual Loops": 1, "Inner Unique": false, "Join Filter": "(p.id = v.postid)", "Rows Removed by Join Filter": 0, "Plans": [{"Node Type": "Nested Loop", "Parent Relationship": "Outer", "Parallel Aware": false, "Async Capable": false, "Join Type": "Inner", "Startup Cost": 1.42, "Total Cost": 2689.77, "Plan Rows": 1.0, "Plan Width": 24, "Actual Rows": 68, "Actual Loops": 1, "Inner Unique": true, "Plans": [{"Node Type": "Nested Loop", "Parent Relationship": "Outer", "Parallel Aware": false, "Async Capable": false, "Join Type": "Inner", "Startup Cost": 1.13, "Total Cost": 2689.46, "Plan Rows": 1.0, "Plan Width": 20, "Actual Rows": 68, "Actual Loops": 1, "Inner Unique": false, "Join Filter": "(p.id = pl.relatedpostid)", "Rows Removed by Join Filter": 0, "Plans": [{"Node Type": "Nested Loop", "Parent Relationship": "Outer", "Parallel Aware": false, "Async Capable": false, "Join Type": "Inner", "Startup Cost": 0.84, "Total Cost": 2689.11, "Plan Rows": 1.0, "Plan Width": 16, "Actual Rows": 44, "Actual Loops": 1, "Inner Unique": false, "Join Filter": "(c.postid = p.id)", "Rows Removed by Join Filter": 0, "Plans": [{"Node Type": "Nested Loop", "Parent Relationship": "Outer", "Parallel Aware": false, "Async Capable": false, "Join Type": "Inner", "Startup Cost": 0.42, "Total Cost": 2688.47, "Plan Rows": 13.0, "Plan Width": 8, "Actual Rows": 74, "Actual Loops": 1, "Inner Unique": false, "Plans": [{"Node Type": "Seq Scan", "Parent Relationship": "Outer", "Parallel Aware": false, "Async Capable": false, "Relation Name": "posts", "Alias": "p", "Startup Cost": 0.0, "Total Cost": 2679.52, "Plan Rows": 1, "Plan Width": 4, "Actual Rows": 14, "Actual Loops": 1, "Filter": "((answercount >= 10) AND (commentcount >= 9) AND (commentcount <= 36) AND (posttypeid = 1))", "Rows Removed by Filter": 91962}, {"Node Type": "Index Scan", "Parent Relationship": "Inner", "Parallel Aware": false, "Async Capable": false, "Scan Direction": "Forward", "Index Name": "idx_posthistory_postid", "Relation Name": "posthistory", "Alias": "ph", "Startup Cost": 0.42, "Total Cost": 8.94, "Plan Rows": 1, "Plan Width": 4, "Actual Rows": 5, "Actual Loops": 14, "Index Cond": "(postid = p.id)", "Rows Removed by Index Recheck": 0, "Filter": "(creationdate <= '2011-12-08 17:46:29'::timestamp without time zone)", "Rows Removed by Filter": 3}]}, {"Node Type": "Index Scan", "Parent Relationship": "Inner", "Parallel Aware": false, "Async Capable": false, "Scan Direction": "Forward", "Index Name": "idx_comments_postid", "Relation Name": "comments", "Alias": "c", "Startup Cost": 0.42, "Total Cost": 0.61, "Plan Rows": 2, "Plan Width": 8, "Actual Rows": 1, "Actual Loops": 74, "Index Cond": "(postid = ph.postid)", "Rows Removed by Index Recheck": 0, "Filter": "((creationdate >= '2012-11-04 16:55:07'::timestamp without time zone) AND (score = 0))", "Rows Removed by Filter": 11}]}, {"Node Type": "Index Scan", "Parent Relationship": "Inner", "Parallel Aware": false, "Async Capable": false, "Scan Direction": "Forward", "Index Name": "idx_postlinks_relatedpostid", "Relation Name": "postlinks", "Alias": "pl", "Startup Cost": 0.29, "Total Cost": 0.34, "Plan Rows": 1, "Plan Width": 4, "Actual Rows": 2, "Actual Loops": 44, "Index Cond": "(relatedpostid = c.postid)", "Rows Removed by Index Recheck": 0, "Filter": "((creationdate >= '2013-06-16 14:13:25'::timestamp without time zone) AND (creationdate <= '2013-08-02 06:39:22'::timestamp without time zone))", "Rows Removed by Filter": 26}]}, {"Node Type": "Index Only Scan", "Parent Relationship": "Inner", "Parallel Aware": false, "Async Capable": false, "Scan Direction": "Forward", "Index Name": "users_pkey", "Relation Name": "users", "Alias": "u", "Startup Cost": 0.29, "Total Cost": 0.31, "Plan Rows": 1, "Plan Width": 4, "Actual Rows": 1, "Actual Loops": 68, "Index Cond": "(id = c.userid)", "Rows Removed by Index Recheck": 0, "Heap Fetches": 0}]}, {"Node Type": "Index Scan", "Parent Relationship": "Inner", "Parallel Aware": false, "Async Capable": false, "Scan Direction": "Forward", "Index Name": "idx_votes_postid", "Relation Name": "votes", "Alias": "v", "Startup Cost": 0.42, "Total Cost": 0.67, "Plan Rows": 3, "Plan Width": 4, "Actual Rows": 211, "Actual Loops": 68, "Index Cond": "(postid = c.postid)", "Rows Removed by Index Recheck": 0, "Filter": "((creationdate >= '2009-09-17 01:48:09'::timestamp without time zone) AND (creationdate <= '2013-07-23 14:51:51'::timestamp without time zone))", "Rows Removed by Filter": 136}]}]}]}]}, "Planning Time": 7.831, "Triggers": [], "Execution Time": 65.027}, {"Plan": {"Node Type": "Aggregate", "Strategy": "Plain", "Partial Mode": "Simple", "Parallel Aware": false, "Async Capable": false, "Startup Cost": 2977.29, "Total Cost": 2977.3, "Plan Rows": 1, "Plan Width": 8, "Actual Rows": 1, "Actual Loops": 1, "Plans": [{"Node Type": "Merge Join", "Parent Relationship": "Outer", "Parallel Aware": false, "Async Capable": false, "Join Type": "Inner", "Startup Cost": 2973.02, "Total Cost": 2976.85, "Plan Rows": 14.0, "Plan Width": 0, "Actual Rows": 628716, "Actual Loops": 1, "Inner Unique": false, "Merge Cond": "(pl.relatedpostid = p.id)", "Plans": [{"Node Type": "Sort", "Parent Relationship": "Outer", "Parallel Aware": false, "Async Capable": false, "Startup Cost": 275.42, "Total Cost": 276.88, "Plan Rows": 585, "Plan Width": 4, "Actual Rows": 85, "Actual Loops": 1, "Sort Key": ["pl.relatedpostid"], "Sort Method": "quicksort", "Sort Space Used": 25, "Sort Space Type": "Memory", "Plans": [{"Node Type": "Seq Scan", "Parent Relationship": "Outer", "Parallel Aware": false, "Async Capable": false, "Relation Name": "postlinks", "Alias": "pl", "Startup Cost": 0.0, "Total Cost": 248.53, "Plan Rows": 585, "Plan Width": 4, "Actual Rows": 586, "Actual Loops": 1, "Filter": "((creationdate >= '2013-06-16 14:13:25'::timestamp without time zone) AND (creationdate <= '2013-08-02 06:39:22'::timestamp without time zone))", "Rows Removed by Filter": 10516}]}, {"Node Type": "Sort", "Parent Relationship": "Inner", "Parallel Aware": false, "Async Capable": false, "Startup Cost": 2697.6, "Total Cost": 2698.05, "Plan Rows": 171.0, "Plan Width": 16, "Actual Rows": 629612, "Actual Loops": 1, "Sort Key": ["c.postid"], "Sort Method": "quicksort", "Sort Space Used": 22928, "Sort Space Type": "Memory", "Plans": [{"Node Type": "Nested Loop", "Parent Relationship": "Outer", "Parallel Aware": false, "Async Capable": false, "Join Type": "Inner", "Startup Cost": 1.85, "Total Cost": 2690.9, "Plan Rows": 171.0, "Plan Width": 16, "Actual Rows": 272372, "Actual Loops": 1, "Inner Unique": false, "Plans": [{"Node Type": "Nested Loop", "Parent Relationship": "Outer", "Parallel Aware": false, "Async Capable": false, "Join Type": "Inner", "Startup Cost": 1.56, "Total Cost": 2690.12, "Plan Rows": 7.0, "Plan Width": 24, "Actual Rows": 6956, "Actual Loops": 1, "Inner Unique": false, "Join Filter": "(p.id = v.postid)", "Rows Removed by Join Filter": 0, "Plans": [{"Node Type": "Nested Loop", "Parent Relationship": "Outer", "Parallel Aware": false, "Async Capable": false, "Join Type": "Inner", "Startup Cost": 1.13, "Total Cost": 2689.42, "Plan Rows": 1.0, "Plan Width": 20, "Actual Rows": 44, "Actual Loops": 1, "Inner Unique": true, "Plans": [{"Node Type": "Nested Loop", "Parent Relationship": "Outer", "Parallel Aware": false, "Async Capable": false, "Join Type": "Inner", "Startup Cost": 0.84, "Total Cost": 2689.11, "Plan Rows": 1.0, "Plan Width": 16, "Actual Rows": 44, "Actual Loops": 1, "Inner Unique": false, "Join Filter": "(c.postid = p.id)", "Rows Removed by Join Filter": 0, "Plans": [{"Node Type": "Nested Loop", "Parent Relationship": "Outer", "Parallel Aware": false, "Async Capable": false, "Join Type": "Inner", "Startup Cost": 0.42, "Total Cost": 2688.47, "Plan Rows": 13.0, "Plan Width": 8, "Actual Rows": 74, "Actual Loops": 1, "Inner Unique": false, "Plans": [{"Node Type": "Seq Scan", "Parent Relationship": "Outer", "Parallel Aware": false, "Async Capable": false, "Relation Name": "posts", "Alias": "p", "Startup Cost": 0.0, "Total Cost": 2679.52, "Plan Rows": 1, "Plan Width": 4, "Actual Rows": 14, "Actual Loops": 1, "Filter": "((answercount >= 10) AND (commentcount >= 9) AND (commentcount <= 36) AND (posttypeid = 1))", "Rows Removed by Filter": 91962}, {"Node Type": "Index Scan", "Parent Relationship": "Inner", "Parallel Aware": false, "Async Capable": false, "Scan Direction": "Forward", "Index Name": "idx_posthistory_postid", "Relation Name": "posthistory", "Alias": "ph", "Startup Cost": 0.42, "Total Cost": 8.94, "Plan Rows": 1, "Plan Width": 4, "Actual Rows": 5, "Actual Loops": 14, "Index Cond": "(postid = p.id)", "Rows Removed by Index Recheck": 0, "Filter": "(creationdate <= '2011-12-08 17:46:29'::timestamp without time zone)", "Rows Removed by Filter": 3}]}, {"Node Type": "Index Scan", "Parent Relationship": "Inner", "Parallel Aware": false, "Async Capable": false, "Scan Direction": "Forward", "Index Name": "idx_comments_postid", "Relation Name": "comments", "Alias": "c", "Startup Cost": 0.42, "Total Cost": 0.61, "Plan Rows": 2, "Plan Width": 8, "Actual Rows": 1, "Actual Loops": 74, "Index Cond": "(postid = ph.postid)", "Rows Removed by Index Recheck": 0, "Filter": "((creationdate >= '2012-11-04 16:55:07'::timestamp without time zone) AND (score = 0))", "Rows Removed by Filter": 11}]}, {"Node Type": "Index Only Scan", "Parent Relationship": "Inner", "Parallel Aware": false, "Async Capable": false, "Scan Direction": "Forward", "Index Name": "users_pkey", "Relation Name": "users", "Alias": "u", "Startup Cost": 0.29, "Total Cost": 0.31, "Plan Rows": 1, "Plan Width": 4, "Actual Rows": 1, "Actual Loops": 44, "Index Cond": "(id = c.userid)", "Rows Removed by Index Recheck": 0, "Heap Fetches": 0}]}, {"Node Type": "Index Scan", "Parent Relationship": "Inner", "Parallel Aware": false, "Async Capable": false, "Scan Direction": "Forward", "Index Name": "idx_votes_postid", "Relation Name": "votes", "Alias": "v", "Startup Cost": 0.42, "Total Cost": 0.67, "Plan Rows": 3, "Plan Width": 4, "Actual Rows": 158, "Actual Loops": 44, "Index Cond": "(postid = c.postid)", "Rows Removed by Index Recheck": 0, "Filter": "((creationdate >= '2009-09-17 01:48:09'::timestamp without time zone) AND (creationdate <= '2013-07-23 14:51:51'::timestamp without time zone))", "Rows Removed by Filter": 106}]}, {"Node Type": "Index Only Scan", "Parent Relationship": "Inner", "Parallel Aware": false, "Async Capable": false, "Scan Direction": "Forward", "Index Name": "idx_badges_userid", "Relation Name": "badges", "Alias": "b", "Startup Cost": 0.29, "Total Cost": 0.36, "Plan Rows": 3, "Plan Width": 4, "Actual Rows": 39, "Actual Loops": 6956, "Index Cond": "(userid = u.id)", "Rows Removed by Index Recheck": 0, "Heap Fetches": 0}]}]}]}]}, "Planning Time": 10.035, "Triggers": [], "Execution Time": 137.981}, {"Plan": {"Node Type": "Aggregate", "Strategy": "Plain", "Partial Mode": "Simple", "Parallel Aware": false, "Async Capable": false, "Startup Cost": 2713.44, "Total Cost": 2713.45, "Plan Rows": 1, "Plan Width": 8, "Actual Rows": 1, "Actual Loops": 1, "Plans": [{"Node Type": "Nested Loop", "Parent Relationship": "Outer", "Parallel Aware": false, "Async Capable": false, "Join Type": "Inner", "Startup Cost": 2.14, "Total Cost": 2713.0, "Plan Rows": 14.0, "Plan Width": 0, "Actual Rows": 628716, "Actual Loops": 1, "Inner Unique": false, "Plans": [{"Node Type": "Nested Loop", "Parent Relationship": "Outer", "Parallel Aware": false, "Async Capable": false, "Join Type": "Inner", "Startup Cost": 1.71, "Total Cost": 2690.69, "Plan Rows": 25.0, "Plan Width": 16, "Actual Rows": 97390, "Actual Loops": 1, "Inner Unique": false, "Plans": [{"Node Type": "Nested Loop", "Parent Relationship": "Outer", "Parallel Aware": false, "Async Capable": false, "Join Type": "Inner", "Startup Cost": 1.42, "Total Cost": 2689.91, "Plan Rows": 1.0, "Plan Width": 24, "Actual Rows": 1804, "Actual Loops": 1, "Inner Unique": false, "Join Filter": "(p.id = v.postid)", "Rows Removed by Join Filter": 0, "Plans": [{"Node Type": "Nested Loop", "Parent Relationship": "Outer", "Parallel Aware": false, "Async Capable": false, "Join Type": "Inner", "Startup Cost": 1.0, "Total Cost": 2689.21, "Plan Rows": 1.0, "Plan Width": 20, "Actual Rows": 12, "Actual Loops": 1, "Inner Unique": true, "Plans": [{"Node Type": "Nested Loop", "Parent Relationship": "Outer", "Parallel Aware": false, "Async Capable": false, "Join Type": "Inner", "Startup Cost": 0.71, "Total Cost": 2688.9, "Plan Rows": 1.0, "Plan Width": 16, "Actual Rows": 12, "Actual Loops": 1, "Inner Unique": false, "Join Filter": "(p.id = pl.relatedpostid)", "Rows Removed by Join Filter": 0, "Plans": [{"Node Type": "Nested Loop", "Parent Relationship": "Outer", "Parallel Aware": false, "Async Capable": false, "Join Type": "Inner", "Startup Cost": 0.42, "Total Cost": 2688.55, "Plan Rows": 2.0, "Plan Width": 12, "Actual Rows": 39, "Actual Loops": 1, "Inner Unique": false, "Plans": [{"Node Type": "Seq Scan", "Parent Relationship": "Outer", "Parallel Aware": false, "Async Capable": false, "Relation Name": "posts", "Alias": "p", "Startup Cost": 0.0, "Total Cost": 2679.52, "Plan Rows": 1, "Plan Width": 4, "Actual Rows": 14, "Actual Loops": 1, "Filter": "((answercount >= 10) AND (commentcount >= 9) AND (commentcount <= 36) AND (posttypeid = 1))", "Rows Removed by Filter": 91962}, {"Node Type": "Index Scan", "Parent Relationship": "Inner", "Parallel Aware": false, "Async Capable": false, "Scan Direction": "Forward", "Index Name": "idx_comments_postid", "Relation Name": "comments", "Alias": "c", "Startup Cost": 0.42, "Total Cost": 9.01, "Plan Rows": 2, "Plan Width": 8, "Actual Rows": 3, "Actual Loops": 14, "Index Cond": "(postid = p.id)", "Rows Removed by Index Recheck": 0, "Filter": "((creationdate >= '2012-11-04 16:55:07'::timestamp without time zone) AND (score = 0))", "Rows Removed by Filter": 11}]}, {"Node Type": "Index Scan", "Parent Relationship": "Inner", "Parallel Aware": false, "Async Capable": false, "Scan Direction": "Forward", "Index Name": "idx_postlinks_relatedpostid", "Relation Name": "postlinks", "Alias": "pl", "Startup Cost": 0.29, "Total Cost": 0.34, "Plan Rows": 1, "Plan Width": 4, "Actual Rows": 0, "Actual Loops": 39, "Index Cond": "(relatedpostid = c.postid)", "Rows Removed by Index Recheck": 0, "Filter": "((creationdate >= '2013-06-16 14:13:25'::timestamp without time zone) AND (creationdate <= '2013-08-02 06:39:22'::timestamp without time zone))", "Rows Removed by Filter": 4}]}, {"Node Type": "Index Only Scan", "Parent Relationship": "Inner", "Parallel Aware": false, "Async Capable": false, "Scan Direction": "Forward", "Index Name": "users_pkey", "Relation Name": "users", "Alias": "u", "Startup Cost": 0.29, "Total Cost": 0.31, "Plan Rows": 1, "Plan Width": 4, "Actual Rows": 1, "Actual Loops": 12, "Index Cond": "(id = c.userid)", "Rows Removed by Index Recheck": 0, "Heap Fetches": 0}]}, {"Node Type": "Index Scan", "Parent Relationship": "Inner", "Parallel Aware": false, "Async Capable": false, "Scan Direction": "Forward", "Index Name": "idx_votes_postid", "Relation Name": "votes", "Alias": "v", "Startup Cost": 0.42, "Total Cost": 0.67, "Plan Rows": 3, "Plan Width": 4, "Actual Rows": 150, "Actual Loops": 12, "Index Cond": "(postid = c.postid)", "Rows Removed by Index Recheck": 0, "Filter": "((creationdate >= '2009-09-17 01:48:09'::timestamp without time zone) AND (creationdate <= '2013-07-23 14:51:51'::timestamp without time zone))", "Rows Removed by Filter": 91}]}, {"Node Type": "Index Only Scan", "Parent Relationship": "Inner", "Parallel Aware": false, "Async Capable": false, "Scan Direction": "Forward", "Index Name": "idx_badges_userid", "Relation Name": "badges", "Alias": "b", "Startup Cost": 0.29, "Total Cost": 0.36, "Plan Rows": 3, "Plan Width": 4, "Actual Rows": 54, "Actual Loops": 1804, "Index Cond": "(userid = u.id)", "Rows Removed by Index Recheck": 0, "Heap Fetches": 0}]}, {"Node Type": "Memoize", "Parent Relationship": "Inner", "Parallel Aware": false, "Async Capable": false, "Startup Cost": 0.43, "Total Cost": 8.95, "Plan Rows": 1, "Plan Width": 4, "Actual Rows": 6, "Actual Loops": 97390, "Cache Key": "p.id", "Cache Mode": "logical", "Cache Hits": 97387, "Cache Misses": 3, "Cache Evictions": 0, "Cache Overflows": 0, "Peak Memory Usage": 1, "Plans": [{"Node Type": "Index Scan", "Parent Relationship": "Outer", "Parallel Aware": false, "Async Capable": false, "Scan Direction": "Forward", "Index Name": "idx_posthistory_postid", "Relation Name": "posthistory", "Alias": "ph", "Startup Cost": 0.42, "Total Cost": 8.94, "Plan Rows": 1, "Plan Width": 4, "Actual Rows": 5, "Actual Loops": 3, "Index Cond": "(postid = p.id)", "Rows Removed by Index Recheck": 0, "Filter": "(creationdate <= '2011-12-08 17:46:29'::timestamp without time zone)", "Rows Removed by Filter": 4}]}]}]}, "Planning Time": 9.357, "Triggers": [], "Execution Time": 68.713}, {"Plan": {"Node Type": "Aggregate", "Strategy": "Plain", "Partial Mode": "Finalize", "Parallel Aware": false, "Async Capable": false, "Startup Cost": 32179.46, "Total Cost": 32179.47, "Plan Rows": 1, "Plan Width": 8, "Actual Rows": 1, "Actual Loops": 1, "Plans": [{"Node Type": "Gather", "Parent Relationship": "Outer", "Parallel Aware": false, "Async Capable": false, "Startup Cost": 32179.35, "Total Cost": 32179.46, "Plan Rows": 1, "Plan Width": 8, "Actual Rows": 2, "Actual Loops": 1, "Workers Planned": 1, "Workers Launched": 1, "Single Copy": false, "Plans": [{"Node Type": "Aggregate", "Strategy": "Plain", "Partial Mode": "Partial", "Parent Relationship": "Outer", "Parallel Aware": false, "Async Capable": false, "Startup Cost": 31179.35, "Total Cost": 31179.36, "Plan Rows": 1, "Plan Width": 8, "Actual Rows": 1, "Actual Loops": 2, "Workers": [], "Plans": [{"Node Type": "Merge Join", "Parent Relationship": "Outer", "Parallel Aware": false, "Async Capable": false, "Join Type": "Inner", "Startup Cost": 2690.63, "Total Cost": 31179.08, "Plan Rows": 14.0, "Plan Width": 0, "Actual Rows": 314358, "Actual Loops": 2, "Inner Unique": false, "Merge Cond": "(c.postid = p.id)", "Workers": [], "Plans": [{"Node Type": "Nested Loop", "Parent Relationship": "Outer", "Parallel Aware": false, "Async Capable": false, "Join Type": "Inner", "Startup Cost": 1.02, "Total Cost": 17781.73, "Plan Rows": 582.0, "Plan Width": 4, "Actual Rows": 31096, "Actual Loops": 2, "Inner Unique": false, "Join Filter": "(b.userid = u.id)", "Rows Removed by Join Filter": 0, "Workers": [], "Plans": [{"Node Type": "Nested Loop", "Parent Relationship": "Outer", "Parallel Aware": false, "Async Capable": false, "Join Type": "Inner", "Startup Cost": 0.72, "Total Cost": 10491.29, "Plan Rows": 22.0, "Plan Width": 12, "Actual Rows": 400, "Actual Loops": 2, "Inner Unique": true, "Workers": [], "Plans": [{"Node Type": "Index Scan", "Parent Relationship": "Outer", "Parallel Aware": true, "Async Capable": false, "Scan Direction": "Forward", "Index Name": "idx_comments_postid", "Relation Name": "comments", "Alias": "c", "Startup Cost": 0.42, "Total Cost": 5216.17, "Plan Rows": 47977, "Plan Width": 8, "Actual Rows": 412, "Actual Loops": 2, "Filter": "((creationdate >= '2012-11-04 16:55:07'::timestamp without time zone) AND (score = 0))", "Rows Removed by Filter": 10267, "Workers": []}, {"Node Type": "Memoize", "Parent Relationship": "Inner", "Parallel Aware": false, "Async Capable": false, "Startup Cost": 0.3, "Total Cost": 0.32, "Plan Rows": 1, "Plan Width": 4, "Actual Rows": 1, "Actual Loops": 825, "Cache Key": "c.userid", "Cache Mode": "logical", "Cache Hits": 190, "Cache Misses": 205, "Cache Evictions": 0, "Cache Overflows": 0, "Peak Memory Usage": 21, "Workers": [{"Worker Number": 0, "Cache Hits": 217, "Cache Misses": 213, "Cache Evictions": 0, "Cache Overflows": 0, "Peak Memory Usage": 22}], "Plans": [{"Node Type": "Index Only Scan", "Parent Relationship": "Outer", "Parallel Aware": false, "Async Capable": false, "Scan Direction": "Forward", "Index Name": "users_pkey", "Relation Name": "users", "Alias": "u", "Startup Cost": 0.29, "Total Cost": 0.31, "Plan Rows": 1, "Plan Width": 4, "Actual Rows": 1, "Actual Loops": 418, "Index Cond": "(id = c.userid)", "Rows Removed by Index Recheck": 0, "Heap Fetches": 0, "Workers": []}]}]}, {"Node Type": "Memoize", "Parent Relationship": "Inner", "Parallel Aware": false, "Async Capable": false, "Startup Cost": 0.3, "Total Cost": 0.36, "Plan Rows": 3, "Plan Width": 4, "Actual Rows": 78, "Actual Loops": 800, "Cache Key": "c.userid", "Cache Mode": "logical", "Cache Hits": 184, "Cache Misses": 204, "Cache Evictions": 0, "Cache Overflows": 0, "Peak Memory Usage": 233, "Workers": [{"Worker Number": 0, "Cache Hits": 200, "Cache Misses": 212, "Cache Evictions": 0, "Cache Overflows": 0, "Peak Memory Usage": 251}], "Plans": [{"Node Type": "Index Only Scan", "Parent Relationship": "Outer", "Parallel Aware": false, "Async Capable": false, "Scan Direction": "Forward", "Index Name": "idx_badges_userid", "Relation Name": "badges", "Alias": "b", "Startup Cost": 0.29, "Total Cost": 0.35, "Plan Rows": 3, "Plan Width": 4, "Actual Rows": 31, "Actual Loops": 416, "Index Cond": "(userid = c.userid)", "Rows Removed by Index Recheck": 0, "Heap Fetches": 0, "Workers": []}]}]}, {"Node Type": "Sort", "Parent Relationship": "Inner", "Parallel Aware": false, "Async Capable": false, "Startup Cost": 2689.61, "Total Cost": 2689.61, "Plan Rows": 18.0, "Plan Width": 16, "Actual Rows": 319033, "Actual Loops": 2, "Sort Key": ["p.id"], "Sort Method": "quicksort", "Sort Space Used": 707, "Sort Space Type": "Memory", "Workers": [{"Worker Number": 0, "Sort Method": "quicksort", "Sort Space Used": 707, "Sort Space Type": "Memory"}], "Plans": [{"Node Type": "Nested Loop", "Parent Relationship": "Outer", "Parallel Aware": false, "Async Capable": false, "Join Type": "Inner", "Startup Cost": 1.13, "Total Cost": 2689.6, "Plan Rows": 18.0, "Plan Width": 16, "Actual Rows": 8256, "Actual Loops": 2, "Inner Unique": false, "Join Filter": "(p.id = v.postid)", "Rows Removed by Join Filter": 0, "Workers": [], "Plans": [{"Node Type": "Nested Loop", "Parent Relationship": "Outer", "Parallel Aware": false, "Async Capable": false, "Join Type": "Inner", "Startup Cost": 0.71, "Total Cost": 2688.82, "Plan Rows": 1.0, "Plan Width": 12, "Actual Rows": 59, "Actual Loops": 2, "Inner Unique": false, "Join Filter": "(p.id = pl.relatedpostid)", "Rows Removed by Join Filter": 0, "Workers": [], "Plans": [{"Node Type": "Nested Loop", "Parent Relationship": "Outer", "Parallel Aware": false, "Async Capable": false, "Join Type": "Inner", "Startup Cost": 0.42, "Total Cost": 2688.47, "Plan Rows": 13.0, "Plan Width": 8, "Actual Rows": 74, "Actual Loops": 2, "Inner Unique": false, "Workers": [], "Plans": [{"Node Type": "Seq Scan", "Parent Relationship": "Outer", "Parallel Aware": false, "Async Capable": false, "Relation Name": "posts", "Alias": "p", "Startup Cost": 0.0, "Total Cost": 2679.52, "Plan Rows": 1, "Plan Width": 4, "Actual Rows": 14, "Actual Loops": 2, "Filter": "((answercount >= 10) AND (commentcount >= 9) AND (commentcount <= 36) AND (posttypeid = 1))", "Rows Removed by Filter": 91962, "Workers": []}, {"Node Type": "Index Scan", "Parent Relationship": "Inner", "Parallel Aware": false, "Async Capable": false, "Scan Direction": "Forward", "Index Name": "idx_posthistory_postid", "Relation Name": "posthistory", "Alias": "ph", "Startup Cost": 0.42, "Total Cost": 8.94, "Plan Rows": 1, "Plan Width": 4, "Actual Rows": 5, "Actual Loops": 28, "Index Cond": "(postid = p.id)", "Rows Removed by Index Recheck": 0, "Filter": "(creationdate <= '2011-12-08 17:46:29'::timestamp without time zone)", "Rows Removed by Filter": 3, "Workers": []}]}, {"Node Type": "Index Scan", "Parent Relationship": "Inner", "Parallel Aware": false, "Async Capable": false, "Scan Direction": "Forward", "Index Name": "idx_postlinks_relatedpostid", "Relation Name": "postlinks", "Alias": "pl", "Startup Cost": 0.29, "Total Cost": 0.34, "Plan Rows": 1, "Plan Width": 4, "Actual Rows": 1, "Actual Loops": 148, "Index Cond": "(relatedpostid = ph.postid)", "Rows Removed by Index Recheck": 0, "Filter": "((creationdate >= '2013-06-16 14:13:25'::timestamp without time zone) AND (creationdate <= '2013-08-02 06:39:22'::timestamp without time zone))", "Rows Removed by Filter": 12, "Workers": []}]}, {"Node Type": "Index Scan", "Parent Relationship": "Inner", "Parallel Aware": false, "Async Capable": false, "Scan Direction": "Forward", "Index Name": "idx_votes_postid", "Relation Name": "votes", "Alias": "v", "Startup Cost": 0.42, "Total Cost": 0.74, "Plan Rows": 3, "Plan Width": 4, "Actual Rows": 140, "Actual Loops": 118, "Index Cond": "(postid = ph.postid)", "Rows Removed by Index Recheck": 0, "Filter": "((creationdate >= '2009-09-17 01:48:09'::timestamp without time zone) AND (creationdate <= '2013-07-23 14:51:51'::timestamp without time zone))", "Rows Removed by Filter": 85, "Workers": []}]}]}]}]}]}]}, "Planning Time": 16.046, "Triggers": [], "Execution Time": 85.612}, {"Plan": {"Node Type": "Aggregate", "Strategy": "Plain", "Partial Mode": "Finalize", "Parallel Aware": false, "Async Capable": false, "Startup Cost": 69179.43, "Total Cost": 69179.44, "Plan Rows": 1, "Plan Width": 8, "Actual Rows": 1, "Actual Loops": 1, "Plans": [{"Node Type": "Gather", "Parent Relationship": "Outer", "Parallel Aware": false, "Async Capable": false, "Startup Cost": 69179.31, "Total Cost": 69179.42, "Plan Rows": 1, "Plan Width": 8, "Actual Rows": 2, "Actual Loops": 1, "Workers Planned": 1, "Workers Launched": 1, "Single Copy": false, "Plans": [{"Node Type": "Aggregate", "Strategy": "Plain", "Partial Mode": "Partial", "Parent Relationship": "Outer", "Parallel Aware": false, "Async Capable": false, "Startup Cost": 68179.31, "Total Cost": 68179.32, "Plan Rows": 1, "Plan Width": 8, "Actual Rows": 1, "Actual Loops": 2, "Workers": [], "Plans": [{"Node Type": "Hash Join", "Parent Relationship": "Outer", "Parallel Aware": false, "Async Capable": false, "Join Type": "Inner", "Startup Cost": 13629.83, "Total Cost": 68179.05, "Plan Rows": 14.0, "Plan Width": 0, "Actual Rows": 314358, "Actual Loops": 2, "Inner Unique": false, "Hash Cond": "(v.postid = p.id)", "Workers": [], "Plans": [{"Node Type": "Nested Loop", "Parent Relationship": "Outer", "Parallel Aware": false, "Async Capable": false, "Join Type": "Inner", "Startup Cost": 10938.95, "Total Cost": 30155.63, "Plan Rows": 6119.0, "Plan Width": 12, "Actual Rows": 2192166, "Actual Loops": 2, "Inner Unique": false, "Join Filter": "(b.userid = u.id)", "Rows Removed by Join Filter": 0, "Workers": [], "Plans": [{"Node Type": "Hash Join", "Parent Relationship": "Outer", "Parallel Aware": true, "Async Capable": false, "Join Type": "Inner", "Startup Cost": 10938.64, "Total Cost": 19609.44, "Plan Rows": 243.0, "Plan Width": 20, "Actual Rows": 29377, "Actual Loops": 2, "Inner Unique": false, "Hash Cond": "(v.postid = c.postid)", "Workers": [], "Plans": [{"Node Type": "Seq Scan", "Parent Relationship": "Outer", "Parallel Aware": true, "Async Capable": false, "Relation Name": "votes", "Alias": "v", "Startup Cost": 0.0, "Total Cost": 5054.68, "Plan Rows": 120220, "Plan Width": 4, "Actual Rows": 102118, "Actual Loops": 2, "Filter": "((creationdate >= '2009-09-17 01:48:09'::timestamp without time zone) AND (creationdate <= '2013-07-23 14:51:51'::timestamp without time zone))", "Rows Removed by Filter": 61914, "Workers": []}, {"Node Type": "Hash", "Parent Relationship": "Inner", "Parallel Aware": true, "Async Capable": false, "Startup Cost": 10542.82, "Total Cost": 10542.82, "Plan Rows": 13.0, "Plan Width": 16, "Actual Rows": 1820, "Actual Loops": 2, "Hash Buckets": 65536, "Original Hash Buckets": 65536, "Hash Batches": 1, "Original Hash Batches": 1, "Peak Memory Usage": 704, "Workers": [], "Plans": [{"Node Type": "Hash Join", "Parent Relationship": "Outer", "Parallel Aware": true, "Async Capable": false, "Join Type": "Inner", "Startup Cost": 4669.33, "Total Cost": 10542.82, "Plan Rows": 13.0, "Plan Width": 16, "Actual Rows": 1820, "Actual Loops": 2, "Inner Unique": true, "Hash Cond": "(c.userid = u.id)", "Workers": [], "Plans": [{"Node Type": "Hash Join", "Parent Relationship": "Outer", "Parallel Aware": true, "Async Capable": false, "Join Type": "Inner", "Startup Cost": 3481.7, "Total Cost": 9270.65, "Plan Rows": 31.0, "Plan Width": 12, "Actual Rows": 1885, "Actual Loops": 2, "Inner Unique": false, "Hash Cond": "(ph.postid = c.postid)", "Workers": [], "Plans": [{"Node Type": "Seq Scan", "Parent Relationship": "Outer", "Parallel Aware": true, "Async Capable": false, "Relation Name": "posthistory", "Alias": "ph", "Startup Cost": 0.0, "Total Cost": 4469.32, "Plan Rows": 31179, "Plan Width": 4, "Actual Rows": 26406, "Actual Loops": 2, "Filter": "(creationdate <= '2011-12-08 17:46:29'::timestamp without time zone)", "Rows Removed by Filter": 125188, "Workers": []}, {"Node Type": "Hash", "Parent Relationship": "Inner", "Parallel Aware": true, "Async Capable": false, "Startup Cost": 2881.99, "Total Cost": 2881.99, "Plan Rows": 47977, "Plan Width": 8, "Actual Rows": 41336, "Actual Loops": 2, "Hash Buckets": 131072, "Original Hash Buckets": 131072, "Hash Batches": 1, "Original Hash Batches": 1, "Peak Memory Usage": 4288, "Workers": [], "Plans": [{"Node Type": "Seq Scan", "Parent Relationship": "Outer", "Parallel Aware": true, "Async Capable": false, "Relation Name": "comments", "Alias": "c", "Startup Cost": 0.0, "Total Cost": 2881.99, "Plan Rows": 47977, "Plan Width": 8, "Actual Rows": 41336, "Actual Loops": 2, "Filter": "((creationdate >= '2012-11-04 16:55:07'::timestamp without time zone) AND (score = 0))", "Rows Removed by Filter": 45816, "Workers": []}]}]}, {"Node Type": "Hash", "Parent Relationship": "Inner", "Parallel Aware": true, "Async Capable": false, "Startup Cost": 891.12, "Total Cost": 891.12, "Plan Rows": 23721, "Plan Width": 4, "Actual Rows": 20162, "Actual Loops": 2, "Hash Buckets": 65536, "Original Hash Buckets": 65536, "Hash Batches": 1, "Original Hash Batches": 1, "Peak Memory Usage": 2112, "Workers": [], "Plans": [{"Node Type": "Index Only Scan", "Parent Relationship": "Outer", "Parallel Aware": true, "Async Capable": false, "Scan Direction": "Forward", "Index Name": "users_pkey", "Relation Name": "users", "Alias": "u", "Startup Cost": 0.29, "Total Cost": 891.12, "Plan Rows": 23721, "Plan Width": 4, "Actual Rows": 40325, "Actual Loops": 1, "Heap Fetches": 0, "Workers": []}]}]}]}]}, {"Node Type": "Memoize", "Parent Relationship": "Inner", "Parallel Aware": false, "Async Capable": false, "Startup Cost": 0.3, "Total Cost": 0.36, "Plan Rows": 3, "Plan Width": 4, "Actual Rows": 75, "Actual Loops": 58754, "Cache Key": "c.userid", "Cache Mode": "logical", "Cache Hits": 28023, "Cache Misses": 431, "Cache Evictions": 0, "Cache Overflows": 0, "Peak Memory Usage": 390, "Workers": [{"Worker Number": 0, "Cache Hits": 29863, "Cache Misses": 437, "Cache Evictions": 0, "Cache Overflows": 0, "Peak Memory Usage": 397}], "Plans": [{"Node Type": "Index Only Scan", "Parent Relationship": "Outer", "Parallel Aware": false, "Async Capable": false, "Scan Direction": "Forward", "Index Name": "idx_badges_userid", "Relation Name": "badges", "Alias": "b", "Startup Cost": 0.29, "Total Cost": 0.35, "Plan Rows": 3, "Plan Width": 4, "Actual Rows": 24, "Actual Loops": 868, "Index Cond": "(userid = c.userid)", "Rows Removed by Index Recheck": 0, "Heap Fetches": 0, "Workers": []}]}]}, {"Node Type": "Hash", "Parent Relationship": "Inner", "Parallel Aware": false, "Async Capable": false, "Startup Cost": 2690.87, "Total Cost": 2690.87, "Plan Rows": 2.0, "Plan Width": 8, "Actual Rows": 8, "Actual Loops": 2, "Hash Buckets": 1024, "Original Hash Buckets": 1024, "Hash Batches": 1, "Original Hash Batches": 1, "Peak Memory Usage": 9, "Workers": [], "Plans": [{"Node Type": "Nested Loop", "Parent Relationship": "Outer", "Parallel Aware": false, "Async Capable": false, "Join Type": "Inner", "Startup Cost": 0.29, "Total Cost": 2690.87, "Plan Rows": 2.0, "Plan Width": 8, "Actual Rows": 8, "Actual Loops": 2, "Inner Unique": false, "Workers": [], "Plans": [{"Node Type": "Seq Scan", "Parent Relationship": "Outer", "Parallel Aware": false, "Async Capable": false, "Relation Name": "posts", "Alias": "p", "Startup Cost": 0.0, "Total Cost": 2679.52, "Plan Rows": 1, "Plan Width": 4, "Actual Rows": 14, "Actual Loops": 2, "Filter": "((answercount >= 10) AND (commentcount >= 9) AND (commentcount <= 36) AND (posttypeid = 1))", "Rows Removed by Filter": 91962, "Workers": []}, {"Node Type": "Index Scan", "Parent Relationship": "Inner", "Parallel Aware": false, "Async Capable": false, "Scan Direction": "Forward", "Index Name": "idx_postlinks_relatedpostid", "Relation Name": "postlinks", "Alias": "pl", "Startup Cost": 0.29, "Total Cost": 11.34, "Plan Rows": 1, "Plan Width": 4, "Actual Rows": 1, "Actual Loops": 28, "Index Cond": "(relatedpostid = p.id)", "Rows Removed by Index Recheck": 0, "Filter": "((creationdate >= '2013-06-16 14:13:25'::timestamp without time zone) AND (creationdate <= '2013-08-02 06:39:22'::timestamp without time zone))", "Rows Removed by Filter": 8, "Workers": []}]}]}]}]}]}]}, "Planning Time": 15.758, "Triggers": [], "Execution Time": 378.545}, {"Plan": {"Node Type": "Aggregate", "Strategy": "Plain", "Partial Mode": "Finalize", "Parallel Aware": false, "Async Capable": false, "Startup Cost": 12820.85, "Total Cost": 12820.86, "Plan Rows": 1, "Plan Width": 8, "Actual Rows": 1, "Actual Loops": 1, "Plans": [{"Node Type": "Gather", "Parent Relationship": "Outer", "Parallel Aware": false, "Async Capable": false, "Startup Cost": 12820.74, "Total Cost": 12820.85, "Plan Rows": 1, "Plan Width": 8, "Actual Rows": 2, "Actual Loops": 1, "Workers Planned": 1, "Workers Launched": 1, "Single Copy": false, "Plans": [{"Node Type": "Aggregate", "Strategy": "Plain", "Partial Mode": "Partial", "Parent Relationship": "Outer", "Parallel Aware": false, "Async Capable": false, "Startup Cost": 11820.74, "Total Cost": 11820.75, "Plan Rows": 1, "Plan Width": 8, "Actual Rows": 1, "Actual Loops": 2, "Workers": [], "Plans": [{"Node Type": "Hash Join", "Parent Relationship": "Outer", "Parallel Aware": false, "Async Capable": false, "Join Type": "Inner", "Startup Cost": 7483.76, "Total Cost": 11820.47, "Plan Rows": 14.0, "Plan Width": 0, "Actual Rows": 314358, "Actual Loops": 2, "Inner Unique": false, "Hash Cond": "(pl.relatedpostid = p.id)", "Workers": [], "Plans": [{"Node Type": "Hash Join", "Parent Relationship": "Outer", "Parallel Aware": false, "Async Capable": false, "Join Type": "Inner", "Startup Cost": 4795.27, "Total Cost": 6527.88, "Plan Rows": 910.0, "Plan Width": 12, "Actual Rows": 341922, "Actual Loops": 2, "Inner Unique": false, "Hash Cond": "(b.userid = u.id)", "Workers": [], "Plans": [{"Node Type": "Index Only Scan", "Parent Relationship": "Outer", "Parallel Aware": true, "Async Capable": false, "Scan Direction": "Forward", "Index Name": "idx_badges_userid", "Relation Name": "badges", "Alias": "b", "Startup Cost": 0.29, "Total Cost": 1405.26, "Plan Rows": 46971, "Plan Width": 4, "Actual Rows": 39926, "Actual Loops": 2, "Heap Fetches": 0, "Workers": []}, {"Node Type": "Hash", "Parent Relationship": "Inner", "Parallel Aware": false, "Async Capable": false, "Startup Cost": 4632.4, "Total Cost": 4632.4, "Plan Rows": 38.0, "Plan Width": 20, "Actual Rows": 8055, "Actual Loops": 2, "Hash Buckets": 16384, "Original Hash Buckets": 16384, "Hash Batches": 1, "Original Hash Batches": 1, "Peak Memory Usage": 538, "Workers": [], "Plans": [{"Node Type": "Nested Loop", "Parent Relationship": "Outer", "Parallel Aware": false, "Async Capable": false, "Join Type": "Inner", "Startup Cost": 1.14, "Total Cost": 4632.4, "Plan Rows": 38.0, "Plan Width": 20, "Actual Rows": 8055, "Actual Loops": 2, "Inner Unique": false, "Join Filter": "(pl.relatedpostid = v.postid)", "Rows Removed by Join Filter": 0, "Workers": [], "Plans": [{"Node Type": "Nested Loop", "Parent Relationship": "Outer", "Parallel Aware": false, "Async Capable": false, "Join Type": "Inner", "Startup Cost": 0.72, "Total Cost": 3995.22, "Plan Rows": 2.0, "Plan Width": 16, "Actual Rows": 634, "Actual Loops": 2, "Inner Unique": true, "Workers": [], "Plans": [{"Node Type": "Nested Loop", "Parent Relationship": "Outer", "Parallel Aware": false, "Async Capable": false, "Join Type": "Inner", "Startup Cost": 0.43, "Total Cost": 3706.6, "Plan Rows": 3.0, "Plan Width": 12, "Actual Rows": 643, "Actual Loops": 2, "Inner Unique": false, "Workers": [], "Plans": [{"Node Type": "Seq Scan", "Parent Relationship": "Outer", "Parallel Aware": false, "Async Capable": false, "Relation Name": "postlinks", "Alias": "pl", "Startup Cost": 0.0, "Total Cost": 248.53, "Plan Rows": 585, "Plan Width": 4, "Actual Rows": 586, "Actual Loops": 2, "Filter": "((creationdate >= '2013-06-16 14:13:25'::timestamp without time zone) AND (creationdate <= '2013-08-02 06:39:22'::timestamp without time zone))", "Rows Removed by Filter": 10516, "Workers": []}, {"Node Type": "Memoize", "Parent Relationship": "Inner", "Parallel Aware": false, "Async Capable": false, "Startup Cost": 0.43, "Total Cost": 6.07, "Plan Rows": 2, "Plan Width": 8, "Actual Rows": 1, "Actual Loops": 1172, "Cache Key": "pl.relatedpostid", "Cache Mode": "logical", "Cache Hits": 131, "Cache Misses": 455, "Cache Evictions": 0, "Cache Overflows": 0, "Peak Memory Usage": 51, "Workers": [{"Worker Number": 0, "Cache Hits": 131, "Cache Misses": 455, "Cache Evictions": 0, "Cache Overflows": 0, "Peak Memory Usage": 51}], "Plans": [{"Node Type": "Index Scan", "Parent Relationship": "Outer", "Parallel Aware": false, "Async Capable": false, "Scan Direction": "Forward", "Index Name": "idx_comments_postid", "Relation Name": "comments", "Alias": "c", "Startup Cost": 0.42, "Total Cost": 6.06, "Plan Rows": 2, "Plan Width": 8, "Actual Rows": 1, "Actual Loops": 910, "Index Cond": "(postid = pl.relatedpostid)", "Rows Removed by Index Recheck": 0, "Filter": "((creationdate >= '2012-11-04 16:55:07'::timestamp without time zone) AND (score = 0))", "Rows Removed by Filter": 2, "Workers": []}]}]}, {"Node Type": "Index Only Scan", "Parent Relationship": "Inner", "Parallel Aware": false, "Async Capable": false, "Scan Direction": "Forward", "Index Name": "users_pkey", "Relation Name": "users", "Alias": "u", "Startup Cost": 0.29, "Total Cost": 0.31, "Plan Rows": 1, "Plan Width": 4, "Actual Rows": 1, "Actual Loops": 1286, "Index Cond": "(id = c.userid)", "Rows Removed by Index Recheck": 0, "Heap Fetches": 0, "Workers": []}]}, {"Node Type": "Index Scan", "Parent Relationship": "Inner", "Parallel Aware": false, "Async Capable": false, "Scan Direction": "Forward", "Index Name": "idx_votes_postid", "Relation Name": "votes", "Alias": "v", "Startup Cost": 0.42, "Total Cost": 0.67, "Plan Rows": 3, "Plan Width": 4, "Actual Rows": 13, "Actual Loops": 1268, "Index Cond": "(postid = c.postid)", "Rows Removed by Index Recheck": 0, "Filter": "((creationdate >= '2009-09-17 01:48:09'::timestamp without time zone) AND (creationdate <= '2013-07-23 14:51:51'::timestamp without time zone))", "Rows Removed by Filter": 7, "Workers": []}]}]}]}, {"Node Type": "Hash", "Parent Relationship": "Inner", "Parallel Aware": false, "Async Capable": false, "Startup Cost": 2688.47, "Total Cost": 2688.47, "Plan Rows": 13.0, "Plan Width": 8, "Actual Rows": 74, "Actual Loops": 2, "Hash Buckets": 1024, "Original Hash Buckets": 1024, "Hash Batches": 1, "Original Hash Batches": 1, "Peak Memory Usage": 11, "Workers": [], "Plans": [{"Node Type": "Nested Loop", "Parent Relationship": "Outer", "Parallel Aware": false, "Async Capable": false, "Join Type": "Inner", "Startup Cost": 0.42, "Total Cost": 2688.47, "Plan Rows": 13.0, "Plan Width": 8, "Actual Rows": 74, "Actual Loops": 2, "Inner Unique": false, "Workers": [], "Plans": [{"Node Type": "Seq Scan", "Parent Relationship": "Outer", "Parallel Aware": false, "Async Capable": false, "Relation Name": "posts", "Alias": "p", "Startup Cost": 0.0, "Total Cost": 2679.52, "Plan Rows": 1, "Plan Width": 4, "Actual Rows": 14, "Actual Loops": 2, "Filter": "((answercount >= 10) AND (commentcount >= 9) AND (commentcount <= 36) AND (posttypeid = 1))", "Rows Removed by Filter": 91962, "Workers": []}, {"Node Type": "Index Scan", "Parent Relationship": "Inner", "Parallel Aware": false, "Async Capable": false, "Scan Direction": "Forward", "Index Name": "idx_posthistory_postid", "Relation Name": "posthistory", "Alias": "ph", "Startup Cost": 0.42, "Total Cost": 8.94, "Plan Rows": 1, "Plan Width": 4, "Actual Rows": 5, "Actual Loops": 28, "Index Cond": "(postid = p.id)", "Rows Removed by Index Recheck": 0, "Filter": "(creationdate <= '2011-12-08 17:46:29'::timestamp without time zone)", "Rows Removed by Filter": 3, "Workers": []}]}]}]}]}]}]}, "Planning Time": 12.88, "Triggers": [], "Execution Time": 115.031}, {"Plan": {"Node Type": "Aggregate", "Strategy": "Plain", "Partial Mode": "Simple", "Parallel Aware": false, "Async Capable": false, "Startup Cost": 2726.39, "Total Cost": 2726.4, "Plan Rows": 1, "Plan Width": 8, "Actual Rows": 1, "Actual Loops": 1, "Plans": [{"Node Type": "Nested Loop", "Parent Relationship": "Outer", "Parallel Aware": false, "Async Capable": false, "Join Type": "Inner", "Startup Cost": 2.14, "Total Cost": 2725.95, "Plan Rows": 14.0, "Plan Width": 0, "Actual Rows": 628716, "Actual Loops": 1, "Inner Unique": false, "Plans": [{"Node Type": "Nested Loop", "Parent Relationship": "Outer", "Parallel Aware": false, "Async Capable": false, "Join Type": "Inner", "Startup Cost": 1.71, "Total Cost": 2690.16, "Plan Rows": 1.0, "Plan Width": 16, "Actual Rows": 3612, "Actual Loops": 1, "Inner Unique": false, "Plans": [{"Node Type": "Nested Loop", "Parent Relationship": "Outer", "Parallel Aware": false, "Async Capable": false, "Join Type": "Inner", "Startup Cost": 1.42, "Total Cost": 2689.77, "Plan Rows": 1.0, "Plan Width": 24, "Actual Rows": 68, "Actual Loops": 1, "Inner Unique": true, "Plans": [{"Node Type": "Nested Loop", "Parent Relationship": "Outer", "Parallel Aware": false, "Async Capable": false, "Join Type": "Inner", "Startup Cost": 1.13, "Total Cost": 2689.46, "Plan Rows": 1.0, "Plan Width": 20, "Actual Rows": 68, "Actual Loops": 1, "Inner Unique": false, "Join Filter": "(p.id = pl.relatedpostid)", "Rows Removed by Join Filter": 0, "Plans": [{"Node Type": "Nested Loop", "Parent Relationship": "Outer", "Parallel Aware": false, "Async Capable": false, "Join Type": "Inner", "Startup Cost": 0.84, "Total Cost": 2689.11, "Plan Rows": 1.0, "Plan Width": 16, "Actual Rows": 44, "Actual Loops": 1, "Inner Unique": false, "Join Filter": "(c.postid = p.id)", "Rows Removed by Join Filter": 0, "Plans": [{"Node Type": "Nested Loop", "Parent Relationship": "Outer", "Parallel Aware": false, "Async Capable": false, "Join Type": "Inner", "Startup Cost": 0.42, "Total Cost": 2688.47, "Plan Rows": 13.0, "Plan Width": 8, "Actual Rows": 74, "Actual Loops": 1, "Inner Unique": false, "Plans": [{"Node Type": "Seq Scan", "Parent Relationship": "Outer", "Parallel Aware": false, "Async Capable": false, "Relation Name": "posts", "Alias": "p", "Startup Cost": 0.0, "Total Cost": 2679.52, "Plan Rows": 1, "Plan Width": 4, "Actual Rows": 14, "Actual Loops": 1, "Filter": "((answercount >= 10) AND (commentcount >= 9) AND (commentcount <= 36) AND (posttypeid = 1))", "Rows Removed by Filter": 91962}, {"Node Type": "Index Scan", "Parent Relationship": "Inner", "Parallel Aware": false, "Async Capable": false, "Scan Direction": "Forward", "Index Name": "idx_posthistory_postid", "Relation Name": "posthistory", "Alias": "ph", "Startup Cost": 0.42, "Total Cost": 8.94, "Plan Rows": 1, "Plan Width": 4, "Actual Rows": 5, "Actual Loops": 14, "Index Cond": "(postid = p.id)", "Rows Removed by Index Recheck": 0, "Filter": "(creationdate <= '2011-12-08 17:46:29'::timestamp without time zone)", "Rows Removed by Filter": 3}]}, {"Node Type": "Index Scan", "Parent Relationship": "Inner", "Parallel Aware": false, "Async Capable": false, "Scan Direction": "Forward", "Index Name": "idx_comments_postid", "Relation Name": "comments", "Alias": "c", "Startup Cost": 0.42, "Total Cost": 0.61, "Plan Rows": 2, "Plan Width": 8, "Actual Rows": 1, "Actual Loops": 74, "Index Cond": "(postid = ph.postid)", "Rows Removed by Index Recheck": 0, "Filter": "((creationdate >= '2012-11-04 16:55:07'::timestamp without time zone) AND (score = 0))", "Rows Removed by Filter": 11}]}, {"Node Type": "Index Scan", "Parent Relationship": "Inner", "Parallel Aware": false, "Async Capable": false, "Scan Direction": "Forward", "Index Name": "idx_postlinks_relatedpostid", "Relation Name": "postlinks", "Alias": "pl", "Startup Cost": 0.29, "Total Cost": 0.34, "Plan Rows": 1, "Plan Width": 4, "Actual Rows": 2, "Actual Loops": 44, "Index Cond": "(relatedpostid = c.postid)", "Rows Removed by Index Recheck": 0, "Filter": "((creationdate >= '2013-06-16 14:13:25'::timestamp without time zone) AND (creationdate <= '2013-08-02 06:39:22'::timestamp without time zone))", "Rows Removed by Filter": 26}]}, {"Node Type": "Index Only Scan", "Parent Relationship": "Inner", "Parallel Aware": false, "Async Capable": false, "Scan Direction": "Forward", "Index Name": "users_pkey", "Relation Name": "users", "Alias": "u", "Startup Cost": 0.29, "Total Cost": 0.31, "Plan Rows": 1, "Plan Width": 4, "Actual Rows": 1, "Actual Loops": 68, "Index Cond": "(id = c.userid)", "Rows Removed by Index Recheck": 0, "Heap Fetches": 0}]}, {"Node Type": "Index Only Scan", "Parent Relationship": "Inner", "Parallel Aware": false, "Async Capable": false, "Scan Direction": "Forward", "Index Name": "idx_badges_userid", "Relation Name": "badges", "Alias": "b", "Startup Cost": 0.29, "Total Cost": 0.36, "Plan Rows": 3, "Plan Width": 4, "Actual Rows": 53, "Actual Loops": 68, "Index Cond": "(userid = u.id)", "Rows Removed by Index Recheck": 0, "Heap Fetches": 0}]}, {"Node Type": "Memoize", "Parent Relationship": "Inner", "Parallel Aware": false, "Async Capable": false, "Startup Cost": 0.43, "Total Cost": 15.77, "Plan Rows": 3, "Plan Width": 4, "Actual Rows": 174, "Actual Loops": 3612, "Cache Key": "p.id", "Cache Mode": "logical", "Cache Hits": 3610, "Cache Misses": 2, "Cache Evictions": 0, "Cache Overflows": 0, "Peak Memory Usage": 11, "Plans": [{"Node Type": "Index Scan", "Parent Relationship": "Outer", "Parallel Aware": false, "Async Capable": false, "Scan Direction": "Forward", "Index Name": "idx_votes_postid", "Relation Name": "votes", "Alias": "v", "Startup Cost": 0.42, "Total Cost": 15.76, "Plan Rows": 3, "Plan Width": 4, "Actual Rows": 151, "Actual Loops": 2, "Index Cond": "(postid = p.id)", "Rows Removed by Index Recheck": 0, "Filter": "((creationdate >= '2009-09-17 01:48:09'::timestamp without time zone) AND (creationdate <= '2013-07-23 14:51:51'::timestamp without time zone))", "Rows Removed by Filter": 102}]}]}]}, "Planning Time": 7.725, "Triggers": [], "Execution Time": 37.895}, {"Plan": {"Node Type": "Aggregate", "Strategy": "Plain", "Partial Mode": "Simple", "Parallel Aware": false, "Async Capable": false, "Startup Cost": 7522.38, "Total Cost": 7522.39, "Plan Rows": 1, "Plan Width": 8, "Actual Rows": 1, "Actual Loops": 1, "Plans": [{"Node Type": "Merge Join", "Parent Relationship": "Outer", "Parallel Aware": false, "Async Capable": false, "Join Type": "Inner", "Startup Cost": 2693.27, "Total Cost": 7521.93, "Plan Rows": 14.0, "Plan Width": 0, "Actual Rows": 628716, "Actual Loops": 1, "Inner Unique": false, "Merge Cond": "(pl.relatedpostid = p.id)", "Plans": [{"Node Type": "Nested Loop", "Parent Relationship": "Outer", "Parallel Aware": false, "Async Capable": false, "Join Type": "Inner", "Startup Cost": 1.14, "Total Cost": 4813.87, "Plan Rows": 642.0, "Plan Width": 12, "Actual Rows": 44568, "Actual Loops": 1, "Inner Unique": false, "Join Filter": "(pl.relatedpostid = v.postid)", "Rows Removed by Join Filter": 0, "Plans": [{"Node Type": "Nested Loop", "Parent Relationship": "Outer", "Parallel Aware": false, "Async Capable": false, "Join Type": "Inner", "Startup Cost": 0.72, "Total Cost": 4481.67, "Plan Rows": 37.0, "Plan Width": 8, "Actual Rows": 1106, "Actual Loops": 1, "Inner Unique": false, "Plans": [{"Node Type": "Index Scan", "Parent Relationship": "Outer", "Parallel Aware": false, "Async Capable": false, "Scan Direction": "Forward", "Index Name": "idx_postlinks_relatedpostid", "Relation Name": "postlinks", "Alias": "pl", "Startup Cost": 0.29, "Total Cost": 586.47, "Plan Rows": 585, "Plan Width": 4, "Actual Rows": 586, "Actual Loops": 1, "Filter": "((creationdate >= '2013-06-16 14:13:25'::timestamp without time zone) AND (creationdate <= '2013-08-02 06:39:22'::timestamp without time zone))", "Rows Removed by Filter": 10516}, {"Node Type": "Memoize", "Parent Relationship": "Inner", "Parallel Aware": false, "Async Capable": false, "Startup Cost": 0.43, "Total Cost": 6.85, "Plan Rows": 1, "Plan Width": 4, "Actual Rows": 2, "Actual Loops": 586, "Cache Key": "pl.relatedpostid", "Cache Mode": "logical", "Cache Hits": 131, "Cache Misses": 455, "Cache Evictions": 0, "Cache Overflows": 0, "Peak Memory Usage": 58, "Plans": [{"Node Type": "Index Scan", "Parent Relationship": "Outer", "Parallel Aware": false, "Async Capable": false, "Scan Direction": "Forward", "Index Name": "idx_posthistory_postid", "Relation Name": "posthistory", "Alias": "ph", "Startup Cost": 0.42, "Total Cost": 6.84, "Plan Rows": 1, "Plan Width": 4, "Actual Rows": 2, "Actual Loops": 455, "Index Cond": "(postid = pl.relatedpostid)", "Rows Removed by Index Recheck": 0, "Filter": "(creationdate <= '2011-12-08 17:46:29'::timestamp without time zone)", "Rows Removed by Filter": 5}]}]}, {"Node Type": "Index Scan", "Parent Relationship": "Inner", "Parallel Aware": false, "Async Capable": false, "Scan Direction": "Forward", "Index Name": "idx_votes_postid", "Relation Name": "votes", "Alias": "v", "Startup Cost": 0.42, "Total Cost": 0.74, "Plan Rows": 3, "Plan Width": 4, "Actual Rows": 40, "Actual Loops": 1106, "Index Cond": "(postid = ph.postid)", "Rows Removed by Index Recheck": 0, "Filter": "((creationdate >= '2009-09-17 01:48:09'::timestamp without time zone) AND (creationdate <= '2013-07-23 14:51:51'::timestamp without time zone))", "Rows Removed by Filter": 21}]}, {"Node Type": "Sort", "Parent Relationship": "Inner", "Parallel Aware": false, "Async Capable": false, "Startup Cost": 2692.13, "Total Cost": 2692.36, "Plan Rows": 20.0, "Plan Width": 8, "Actual Rows": 628718, "Actual Loops": 1, "Sort Key": ["c.postid"], "Sort Method": "quicksort", "Sort Space Used": 90, "Sort Space Type": "Memory", "Plans": [{"Node Type": "Nested Loop", "Parent Relationship": "Outer", "Parallel Aware": false, "Async Capable": false, "Join Type": "Inner", "Startup Cost": 1.0, "Total Cost": 2689.25, "Plan Rows": 20.0, "Plan Width": 8, "Actual Rows": 1313, "Actual Loops": 1, "Inner Unique": false, "Plans": [{"Node Type": "Nested Loop", "Parent Relationship": "Outer", "Parallel Aware": false, "Async Capable": false, "Join Type": "Inner", "Startup Cost": 0.71, "Total Cost": 2688.86, "Plan Rows": 1.0, "Plan Width": 16, "Actual Rows": 39, "Actual Loops": 1, "Inner Unique": true, "Plans": [{"Node Type": "Nested Loop", "Parent Relationship": "Outer", "Parallel Aware": false, "Async Capable": false, "Join Type": "Inner", "Startup Cost": 0.42, "Total Cost": 2688.55, "Plan Rows": 2.0, "Plan Width": 12, "Actual Rows": 39, "Actual Loops": 1, "Inner Unique": false, "Plans": [{"Node Type": "Seq Scan", "Parent Relationship": "Outer", "Parallel Aware": false, "Async Capable": false, "Relation Name": "posts", "Alias": "p", "Startup Cost": 0.0, "Total Cost": 2679.52, "Plan Rows": 1, "Plan Width": 4, "Actual Rows": 14, "Actual Loops": 1, "Filter": "((answercount >= 10) AND (commentcount >= 9) AND (commentcount <= 36) AND (posttypeid = 1))", "Rows Removed by Filter": 91962}, {"Node Type": "Index Scan", "Parent Relationship": "Inner", "Parallel Aware": false, "Async Capable": false, "Scan Direction": "Forward", "Index Name": "idx_comments_postid", "Relation Name": "comments", "Alias": "c", "Startup Cost": 0.42, "Total Cost": 9.01, "Plan Rows": 2, "Plan Width": 8, "Actual Rows": 3, "Actual Loops": 14, "Index Cond": "(postid = p.id)", "Rows Removed by Index Recheck": 0, "Filter": "((creationdate >= '2012-11-04 16:55:07'::timestamp without time zone) AND (score = 0))", "Rows Removed by Filter": 11}]}, {"Node Type": "Index Only Scan", "Parent Relationship": "Inner", "Parallel Aware": false, "Async Capable": false, "Scan Direction": "Forward", "Index Name": "users_pkey", "Relation Name": "users", "Alias": "u", "Startup Cost": 0.29, "Total Cost": 0.31, "Plan Rows": 1, "Plan Width": 4, "Actual Rows": 1, "Actual Loops": 39, "Index Cond": "(id = c.userid)", "Rows Removed by Index Recheck": 0, "Heap Fetches": 0}]}, {"Node Type": "Index Only Scan", "Parent Relationship": "Inner", "Parallel Aware": false, "Async Capable": false, "Scan Direction": "Forward", "Index Name": "idx_badges_userid", "Relation Name": "badges", "Alias": "b", "Startup Cost": 0.29, "Total Cost": 0.36, "Plan Rows": 3, "Plan Width": 4, "Actual Rows": 34, "Actual Loops": 39, "Index Cond": "(userid = u.id)", "Rows Removed by Index Recheck": 0, "Heap Fetches": 0}]}]}]}]}, "Planning Time": 7.878, "Triggers": [], "Execution Time": 99.092}, {"Plan": {"Node Type": "Aggregate", "Strategy": "Plain", "Partial Mode": "Simple", "Parallel Aware": false, "Async Capable": false, "Startup Cost": 57524.77, "Total Cost": 57524.78, "Plan Rows": 1, "Plan Width": 8, "Actual Rows": 1, "Actual Loops": 1, "Plans": [{"Node Type": "Merge Join", "Parent Relationship": "Outer", "Parallel Aware": false, "Async Capable": false, "Join Type": "Inner", "Startup Cost": 2956.81, "Total Cost": 57524.32, "Plan Rows": 14.0, "Plan Width": 0, "Actual Rows": 628716, "Actual Loops": 1, "Inner Unique": false, "Merge Cond": "(p.id = c.postid)", "Plans": [{"Node Type": "Nested Loop", "Parent Relationship": "Outer", "Parallel Aware": false, "Async Capable": false, "Join Type": "Inner", "Startup Cost": 2955.37, "Total Cost": 2968.3, "Plan Rows": 28.0, "Plan Width": 12, "Actual Rows": 899, "Actual Loops": 1, "Inner Unique": false, "Join Filter": "(p.id = v.postid)", "Rows Removed by Join Filter": 0, "Plans": [{"Node Type": "Merge Join", "Parent Relationship": "Outer", "Parallel Aware": false, "Async Capable": false, "Join Type": "Inner", "Startup Cost": 2954.95, "Total Cost": 2957.89, "Plan Rows": 2.0, "Plan Width": 8, "Actual Rows": 8, "Actual Loops": 1, "Inner Unique": false, "Merge Cond": "(p.id = pl.relatedpostid)", "Plans": [{"Node Type": "Sort", "Parent Relationship": "Outer", "Parallel Aware": false, "Async Capable": false, "Startup Cost": 2679.53, "Total Cost": 2679.54, "Plan Rows": 1, "Plan Width": 4, "Actual Rows": 12, "Actual Loops": 1, "Sort Key": ["p.id"], "Sort Method": "quicksort", "Sort Space Used": 25, "Sort Space Type": "Memory", "Plans": [{"Node Type": "Seq Scan", "Parent Relationship": "Outer", "Parallel Aware": false, "Async Capable": false, "Relation Name": "posts", "Alias": "p", "Startup Cost": 0.0, "Total Cost": 2679.52, "Plan Rows": 1, "Plan Width": 4, "Actual Rows": 14, "Actual Loops": 1, "Filter": "((answercount >= 10) AND (commentcount >= 9) AND (commentcount <= 36) AND (posttypeid = 1))", "Rows Removed by Filter": 91962}]}, {"Node Type": "Sort", "Parent Relationship": "Inner", "Parallel Aware": false, "Async Capable": false, "Startup Cost": 275.42, "Total Cost": 276.88, "Plan Rows": 585, "Plan Width": 4, "Actual Rows": 297, "Actual Loops": 1, "Sort Key": ["pl.relatedpostid"], "Sort Method": "quicksort", "Sort Space Used": 25, "Sort Space Type": "Memory", "Plans": [{"Node Type": "Seq Scan", "Parent Relationship": "Outer", "Parallel Aware": false, "Async Capable": false, "Relation Name": "postlinks", "Alias": "pl", "Startup Cost": 0.0, "Total Cost": 248.53, "Plan Rows": 585, "Plan Width": 4, "Actual Rows": 586, "Actual Loops": 1, "Filter": "((creationdate >= '2013-06-16 14:13:25'::timestamp without time zone) AND (creationdate <= '2013-08-02 06:39:22'::timestamp without time zone))", "Rows Removed by Filter": 10516}]}]}, {"Node Type": "Index Scan", "Parent Relationship": "Inner", "Parallel Aware": false, "Async Capable": false, "Scan Direction": "Forward", "Index Name": "idx_votes_postid", "Relation Name": "votes", "Alias": "v", "Startup Cost": 0.42, "Total Cost": 10.37, "Plan Rows": 3, "Plan Width": 4, "Actual Rows": 112, "Actual Loops": 8, "Index Cond": "(postid = pl.relatedpostid)", "Rows Removed by Index Recheck": 0, "Filter": "((creationdate >= '2009-09-17 01:48:09'::timestamp without time zone) AND (creationdate <= '2013-07-23 14:51:51'::timestamp without time zone))", "Rows Removed by Filter": 70}]}, {"Node Type": "Materialize", "Parent Relationship": "Inner", "Parallel Aware": false, "Async Capable": false, "Startup Cost": 1.45, "Total Cost": 42339.86, "Plan Rows": 319.0, "Plan Width": 8, "Actual Rows": 941625, "Actual Loops": 1, "Plans": [{"Node Type": "Nested Loop", "Parent Relationship": "Outer", "Parallel Aware": false, "Async Capable": false, "Join Type": "Inner", "Startup Cost": 1.45, "Total Cost": 30124.77, "Plan Rows": 319.0, "Plan Width": 8, "Actual Rows": 314961, "Actual Loops": 1, "Inner Unique": false, "Join Filter": "(b.userid = u.id)", "Rows Removed by Join Filter": 0, "Plans": [{"Node Type": "Nested Loop", "Parent Relationship": "Outer", "Parallel Aware": false, "Async Capable": false, "Join Type": "Inner", "Startup Cost": 1.14, "Total Cost": 22452.0, "Plan Rows": 13.0, "Plan Width": 16, "Actual Rows": 3639, "Actual Loops": 1, "Inner Unique": true, "Plans": [{"Node Type": "Merge Join", "Parent Relationship": "Outer", "Parallel Aware": false, "Async Capable": false, "Join Type": "Inner", "Startup Cost": 0.84, "Total Cost": 17007.85, "Plan Rows": 31.0, "Plan Width": 12, "Actual Rows": 3770, "Actual Loops": 1, "Inner Unique": false, "Merge Cond": "(ph.postid = c.postid)", "Plans": [{"Node Type": "Index Scan", "Parent Relationship": "Outer", "Parallel Aware": false, "Async Capable": false, "Scan Direction": "Forward", "Index Name": "idx_posthistory_postid", "Relation Name": "posthistory", "Alias": "ph", "Startup Cost": 0.42, "Total Cost": 9831.47, "Plan Rows": 53005, "Plan Width": 4, "Actual Rows": 52811, "Actual Loops": 1, "Filter": "(creationdate <= '2011-12-08 17:46:29'::timestamp without time zone)", "Rows Removed by Filter": 250376}, {"Node Type": "Index Scan", "Parent Relationship": "Inner", "Parallel Aware": false, "Async Capable": false, "Scan Direction": "Forward", "Index Name": "idx_comments_postid", "Relation Name": "comments", "Alias": "c", "Startup Cost": 0.42, "Total Cost": 6292.76, "Plan Rows": 81561, "Plan Width": 8, "Actual Rows": 4475, "Actual Loops": 1, "Filter": "((creationdate >= '2012-11-04 16:55:07'::timestamp without time zone) AND (score = 0))", "Rows Removed by Filter": 140017}]}, {"Node Type": "Memoize", "Parent Relationship": "Inner", "Parallel Aware": false, "Async Capable": false, "Startup Cost": 0.3, "Total Cost": 0.32, "Plan Rows": 1, "Plan Width": 4, "Actual Rows": 1, "Actual Loops": 3770, "Cache Key": "c.userid", "Cache Mode": "logical", "Cache Hits": 3296, "Cache Misses": 474, "Cache Evictions": 0, "Cache Overflows": 0, "Peak Memory Usage": 49, "Plans": [{"Node Type": "Index Only Scan", "Parent Relationship": "Outer", "Parallel Aware": false, "Async Capable": false, "Scan Direction": "Forward", "Index Name": "users_pkey", "Relation Name": "users", "Alias": "u", "Startup Cost": 0.29, "Total Cost": 0.31, "Plan Rows": 1, "Plan Width": 4, "Actual Rows": 1, "Actual Loops": 474, "Index Cond": "(id = c.userid)", "Rows Removed by Index Recheck": 0, "Heap Fetches": 0}]}]}, {"Node Type": "Memoize", "Parent Relationship": "Inner", "Parallel Aware": false, "Async Capable": false, "Startup Cost": 0.3, "Total Cost": 0.36, "Plan Rows": 3, "Plan Width": 4, "Actual Rows": 87, "Actual Loops": 3639, "Cache Key": "c.userid", "Cache Mode": "logical", "Cache Hits": 3166, "Cache Misses": 473, "Cache Evictions": 0, "Cache Overflows": 0, "Peak Memory Usage": 414, "Plans": [{"Node Type": "Index Only Scan", "Parent Relationship": "Outer", "Parallel Aware": false, "Async Capable": false, "Scan Direction": "Forward", "Index Name": "idx_badges_userid", "Relation Name": "badges", "Alias": "b", "Startup Cost": 0.29, "Total Cost": 0.35, "Plan Rows": 3, "Plan Width": 4, "Actual Rows": 23, "Actual Loops": 473, "Index Cond": "(userid = c.userid)", "Rows Removed by Index Recheck": 0, "Heap Fetches": 0}]}]}]}]}]}, "Planning Time": 10.139, "Triggers": [], "Execution Time": 356.75}, {"Plan": {"Node Type": "Aggregate", "Strategy": "Plain", "Partial Mode": "Simple", "Parallel Aware": false, "Async Capable": false, "Startup Cost": 7355.48, "Total Cost": 7355.49, "Plan Rows": 1, "Plan Width": 8, "Actual Rows": 1, "Actual Loops": 1, "Plans": [{"Node Type": "Hash Join", "Parent Relationship": "Outer", "Parallel Aware": false, "Async Capable": false, "Join Type": "Inner", "Startup Cost": 4554.03, "Total Cost": 7355.04, "Plan Rows": 14.0, "Plan Width": 0, "Actual Rows": 628716, "Actual Loops": 1, "Inner Unique": false, "Hash Cond": "(p.id = pl.relatedpostid)", "Plans": [{"Node Type": "Nested Loop", "Parent Relationship": "Outer", "Parallel Aware": false, "Async Capable": false, "Join Type": "Inner", "Startup Cost": 1.0, "Total Cost": 2689.25, "Plan Rows": 20.0, "Plan Width": 8, "Actual Rows": 1313, "Actual Loops": 1, "Inner Unique": false, "Plans": [{"Node Type": "Nested Loop", "Parent Relationship": "Outer", "Parallel Aware": false, "Async Capable": false, "Join Type": "Inner", "Startup Cost": 0.71, "Total Cost": 2688.86, "Plan Rows": 1.0, "Plan Width": 16, "Actual Rows": 39, "Actual Loops": 1, "Inner Unique": true, "Plans": [{"Node Type": "Nested Loop", "Parent Relationship": "Outer", "Parallel Aware": false, "Async Capable": false, "Join Type": "Inner", "Startup Cost": 0.42, "Total Cost": 2688.55, "Plan Rows": 2.0, "Plan Width": 12, "Actual Rows": 39, "Actual Loops": 1, "Inner Unique": false, "Plans": [{"Node Type": "Seq Scan", "Parent Relationship": "Outer", "Parallel Aware": false, "Async Capable": false, "Relation Name": "posts", "Alias": "p", "Startup Cost": 0.0, "Total Cost": 2679.52, "Plan Rows": 1, "Plan Width": 4, "Actual Rows": 14, "Actual Loops": 1, "Filter": "((answercount >= 10) AND (commentcount >= 9) AND (commentcount <= 36) AND (posttypeid = 1))", "Rows Removed by Filter": 91962}, {"Node Type": "Index Scan", "Parent Relationship": "Inner", "Parallel Aware": false, "Async Capable": false, "Scan Direction": "Forward", "Index Name": "idx_comments_postid", "Relation Name": "comments", "Alias": "c", "Startup Cost": 0.42, "Total Cost": 9.01, "Plan Rows": 2, "Plan Width": 8, "Actual Rows": 3, "Actual Loops": 14, "Index Cond": "(postid = p.id)", "Rows Removed by Index Recheck": 0, "Filter": "((creationdate >= '2012-11-04 16:55:07'::timestamp without time zone) AND (score = 0))", "Rows Removed by Filter": 11}]}, {"Node Type": "Index Only Scan", "Parent Relationship": "Inner", "Parallel Aware": false, "Async Capable": false, "Scan Direction": "Forward", "Index Name": "users_pkey", "Relation Name": "users", "Alias": "u", "Startup Cost": 0.29, "Total Cost": 0.31, "Plan Rows": 1, "Plan Width": 4, "Actual Rows": 1, "Actual Loops": 39, "Index Cond": "(id = c.userid)", "Rows Removed by Index Recheck": 0, "Heap Fetches": 0}]}, {"Node Type": "Index Only Scan", "Parent Relationship": "Inner", "Parallel Aware": false, "Async Capable": false, "Scan Direction": "Forward", "Index Name": "idx_badges_userid", "Relation Name": "badges", "Alias": "b", "Startup Cost": 0.29, "Total Cost": 0.36, "Plan Rows": 3, "Plan Width": 4, "Actual Rows": 34, "Actual Loops": 39, "Index Cond": "(userid = u.id)", "Rows Removed by Index Recheck": 0, "Heap Fetches": 0}]}, {"Node Type": "Hash", "Parent Relationship": "Inner", "Parallel Aware": false, "Async Capable": false, "Startup Cost": 4475.93, "Total Cost": 4475.93, "Plan Rows": 642.0, "Plan Width": 12, "Actual Rows": 44568, "Actual Loops": 1, "Hash Buckets": 65536, "Original Hash Buckets": 8192, "Hash Batches": 1, "Original Hash Batches": 1, "Peak Memory Usage": 2428, "Plans": [{"Node Type": "Nested Loop", "Parent Relationship": "Outer", "Parallel Aware": false, "Async Capable": false, "Join Type": "Inner", "Startup Cost": 0.85, "Total Cost": 4475.93, "Plan Rows": 642.0, "Plan Width": 12, "Actual Rows": 44568, "Actual Loops": 1, "Inner Unique": false, "Join Filter": "(pl.relatedpostid = v.postid)", "Rows Removed by Join Filter": 0, "Plans": [{"Node Type": "Nested Loop", "Parent Relationship": "Outer", "Parallel Aware": false, "Async Capable": false, "Join Type": "Inner", "Startup Cost": 0.43, "Total Cost": 4143.73, "Plan Rows": 37.0, "Plan Width": 8, "Actual Rows": 1106, "Actual Loops": 1, "Inner Unique": false, "Plans": [{"Node Type": "Seq Scan", "Parent Relationship": "Outer", "Parallel Aware": false, "Async Capable": false, "Relation Name": "postlinks", "Alias": "pl", "Startup Cost": 0.0, "Total Cost": 248.53, "Plan Rows": 585, "Plan Width": 4, "Actual Rows": 586, "Actual Loops": 1, "Filter": "((creationdate >= '2013-06-16 14:13:25'::timestamp without time zone) AND (creationdate <= '2013-08-02 06:39:22'::timestamp without time zone))", "Rows Removed by Filter": 10516}, {"Node Type": "Memoize", "Parent Relationship": "Inner", "Parallel Aware": false, "Async Capable": false, "Startup Cost": 0.43, "Total Cost": 6.85, "Plan Rows": 1, "Plan Width": 4, "Actual Rows": 2, "Actual Loops": 586, "Cache Key": "pl.relatedpostid", "Cache Mode": "logical", "Cache Hits": 131, "Cache Misses": 455, "Cache Evictions": 0, "Cache Overflows": 0, "Peak Memory Usage": 58, "Plans": [{"Node Type": "Index Scan", "Parent Relationship": "Outer", "Parallel Aware": false, "Async Capable": false, "Scan Direction": "Forward", "Index Name": "idx_posthistory_postid", "Relation Name": "posthistory", "Alias": "ph", "Startup Cost": 0.42, "Total Cost": 6.84, "Plan Rows": 1, "Plan Width": 4, "Actual Rows": 2, "Actual Loops": 455, "Index Cond": "(postid = pl.relatedpostid)", "Rows Removed by Index Recheck": 0, "Filter": "(creationdate <= '2011-12-08 17:46:29'::timestamp without time zone)", "Rows Removed by Filter": 5}]}]}, {"Node Type": "Index Scan", "Parent Relationship": "Inner", "Parallel Aware": false, "Async Capable": false, "Scan Direction": "Forward", "Index Name": "idx_votes_postid", "Relation Name": "votes", "Alias": "v", "Startup Cost": 0.42, "Total Cost": 0.74, "Plan Rows": 3, "Plan Width": 4, "Actual Rows": 40, "Actual Loops": 1106, "Index Cond": "(postid = ph.postid)", "Rows Removed by Index Recheck": 0, "Filter": "((creationdate >= '2009-09-17 01:48:09'::timestamp without time zone) AND (creationdate <= '2013-07-23 14:51:51'::timestamp without time zone))", "Rows Removed by Filter": 21}]}]}]}]}, "Planning Time": 9.337, "Triggers": [], "Execution Time": 93.8}, {"Plan": {"Node Type": "Aggregate", "Strategy": "Plain", "Partial Mode": "Simple", "Parallel Aware": false, "Async Capable": false, "Startup Cost": 17537.96, "Total Cost": 17537.97, "Plan Rows": 1, "Plan Width": 8, "Actual Rows": 1, "Actual Loops": 1, "Plans": [{"Node Type": "Merge Join", "Parent Relationship": "Outer", "Parallel Aware": false, "Async Capable": false, "Join Type": "Inner", "Startup Cost": 2.44, "Total Cost": 17537.51, "Plan Rows": 14.0, "Plan Width": 0, "Actual Rows": 628716, "Actual Loops": 1, "Inner Unique": false, "Merge Cond": "(p.id = pl.relatedpostid)", "Plans": [{"Node Type": "Index Scan", "Parent Relationship": "Outer", "Parallel Aware": false, "Async Capable": false, "Scan Direction": "Forward", "Index Name": "posts_pkey", "Relation Name": "posts", "Alias": "p", "Startup Cost": 0.29, "Total Cost": 4158.93, "Plan Rows": 1, "Plan Width": 4, "Actual Rows": 11, "Actual Loops": 1, "Filter": "((answercount >= 10) AND (commentcount >= 9) AND (commentcount <= 36) AND (posttypeid = 1))", "Rows Removed by Filter": 23135}, {"Node Type": "Materialize", "Parent Relationship": "Inner", "Parallel Aware": false, "Async Capable": false, "Startup Cost": 2.14, "Total Cost": 11208.31, "Plan Rows": 478.0, "Plan Width": 16, "Actual Rows": 1487640, "Actual Loops": 1, "Plans": [{"Node Type": "Nested Loop", "Parent Relationship": "Outer", "Parallel Aware": false, "Async Capable": false, "Join Type": "Inner", "Startup Cost": 2.14, "Total Cost": 9038.12, "Plan Rows": 478.0, "Plan Width": 16, "Actual Rows": 1487640, "Actual Loops": 1, "Inner Unique": false, "Plans": [{"Node Type": "Nested Loop", "Parent Relationship": "Outer", "Parallel Aware": false, "Async Capable": false, "Join Type": "Inner", "Startup Cost": 1.85, "Total Cost": 5324.49, "Plan Rows": 18.0, "Plan Width": 24, "Actual Rows": 26627, "Actual Loops": 1, "Inner Unique": false, "Join Filter": "(pl.relatedpostid = v.postid)", "Rows Removed by Join Filter": 0, "Plans": [{"Node Type": "Nested Loop", "Parent Relationship": "Outer", "Parallel Aware": false, "Async Capable": false, "Join Type": "Inner", "Startup Cost": 1.43, "Total Cost": 4855.92, "Plan Rows": 1.0, "Plan Width": 20, "Actual Rows": 356, "Actual Loops": 1, "Inner Unique": true, "Plans": [{"Node Type": "Nested Loop", "Parent Relationship": "Outer", "Parallel Aware": false, "Async Capable": false, "Join Type": "Inner", "Startup Cost": 1.14, "Total Cost": 4643.67, "Plan Rows": 3.0, "Plan Width": 16, "Actual Rows": 363, "Actual Loops": 1, "Inner Unique": false, "Join Filter": "(pl.relatedpostid = ph.postid)", "Rows Removed by Join Filter": 0, "Plans": [{"Node Type": "Nested Loop", "Parent Relationship": "Outer", "Parallel Aware": false, "Async Capable": false, "Join Type": "Inner", "Startup Cost": 0.72, "Total Cost": 4044.54, "Plan Rows": 3.0, "Plan Width": 12, "Actual Rows": 643, "Actual Loops": 1, "Inner Unique": false, "Plans": [{"Node Type": "Index Scan", "Parent Relationship": "Outer", "Parallel Aware": false, "Async Capable": false, "Scan Direction": "Forward", "Index Name": "idx_postlinks_relatedpostid", "Relation Name": "postlinks", "Alias": "pl", "Startup Cost": 0.29, "Total Cost": 586.47, "Plan Rows": 585, "Plan Width": 4, "Actual Rows": 586, "Actual Loops": 1, "Filter": "((creationdate >= '2013-06-16 14:13:25'::timestamp without time zone) AND (creationdate <= '2013-08-02 06:39:22'::timestamp without time zone))", "Rows Removed by Filter": 10516}, {"Node Type": "Memoize", "Parent Relationship": "Inner", "Parallel Aware": false, "Async Capable": false, "Startup Cost": 0.43, "Total Cost": 6.07, "Plan Rows": 2, "Plan Width": 8, "Actual Rows": 1, "Actual Loops": 586, "Cache Key": "pl.relatedpostid", "Cache Mode": "logical", "Cache Hits": 131, "Cache Misses": 455, "Cache Evictions": 0, "Cache Overflows": 0, "Peak Memory Usage": 51, "Plans": [{"Node Type": "Index Scan", "Parent Relationship": "Outer", "Parallel Aware": false, "Async Capable": false, "Scan Direction": "Forward", "Index Name": "idx_comments_postid", "Relation Name": "comments", "Alias": "c", "Startup Cost": 0.42, "Total Cost": 6.06, "Plan Rows": 2, "Plan Width": 8, "Actual Rows": 1, "Actual Loops": 455, "Index Cond": "(postid = pl.relatedpostid)", "Rows Removed by Index Recheck": 0, "Filter": "((creationdate >= '2012-11-04 16:55:07'::timestamp without time zone) AND (score = 0))", "Rows Removed by Filter": 2}]}]}, {"Node Type": "Index Scan", "Parent Relationship": "Inner", "Parallel Aware": false, "Async Capable": false, "Scan Direction": "Forward", "Index Name": "idx_posthistory_postid", "Relation Name": "posthistory", "Alias": "ph", "Startup Cost": 0.42, "Total Cost": 0.64, "Plan Rows": 1, "Plan Width": 4, "Actual Rows": 1, "Actual Loops": 643, "Index Cond": "(postid = c.postid)", "Rows Removed by Index Recheck": 0, "Filter": "(creationdate <= '2011-12-08 17:46:29'::timestamp without time zone)", "Rows Removed by Filter": 7}]}, {"Node Type": "Index Only Scan", "Parent Relationship": "Inner", "Parallel Aware": false, "Async Capable": false, "Scan Direction": "Forward", "Index Name": "users_pkey", "Relation Name": "users", "Alias": "u", "Startup Cost": 0.29, "Total Cost": 0.31, "Plan Rows": 1, "Plan Width": 4, "Actual Rows": 1, "Actual Loops": 363, "Index Cond": "(id = c.userid)", "Rows Removed by Index Recheck": 0, "Heap Fetches": 0}]}, {"Node Type": "Index Scan", "Parent Relationship": "Inner", "Parallel Aware": false, "Async Capable": false, "Scan Direction": "Forward", "Index Name": "idx_votes_postid", "Relation Name": "votes", "Alias": "v", "Startup Cost": 0.42, "Total Cost": 0.67, "Plan Rows": 3, "Plan Width": 4, "Actual Rows": 75, "Actual Loops": 356, "Index Cond": "(postid = c.postid)", "Rows Removed by Index Recheck": 0, "Filter": "((creationdate >= '2009-09-17 01:48:09'::timestamp without time zone) AND (creationdate <= '2013-07-23 14:51:51'::timestamp without time zone))", "Rows Removed by Filter": 42}]}, {"Node Type": "Index Only Scan", "Parent Relationship": "Inner", "Parallel Aware": false, "Async Capable": false, "Scan Direction": "Forward", "Index Name": "idx_badges_userid", "Relation Name": "badges", "Alias": "b", "Startup Cost": 0.29, "Total Cost": 0.36, "Plan Rows": 3, "Plan Width": 4, "Actual Rows": 56, "Actual Loops": 26627, "Index Cond": "(userid = u.id)", "Rows Removed by Index Recheck": 0, "Heap Fetches": 0}]}]}]}]}, "Planning Time": 9.912, "Triggers": [], "Execution Time": 500.151}, {"Plan": {"Node Type": "Aggregate", "Strategy": "Plain", "Partial Mode": "Finalize", "Parallel Aware": false, "Async Capable": false, "Startup Cost": 27191.64, "Total Cost": 27191.65, "Plan Rows": 1, "Plan Width": 8, "Actual Rows": 1, "Actual Loops": 1, "Plans": [{"Node Type": "Gather", "Parent Relationship": "Outer", "Parallel Aware": false, "Async Capable": false, "Startup Cost": 27191.53, "Total Cost": 27191.64, "Plan Rows": 1, "Plan Width": 8, "Actual Rows": 2, "Actual Loops": 1, "Workers Planned": 1, "Workers Launched": 1, "Single Copy": false, "Plans": [{"Node Type": "Aggregate", "Strategy": "Plain", "Partial Mode": "Partial", "Parent Relationship": "Outer", "Parallel Aware": false, "Async Capable": false, "Startup Cost": 26191.53, "Total Cost": 26191.54, "Plan Rows": 1, "Plan Width": 8, "Actual Rows": 1, "Actual Loops": 2, "Workers": [], "Plans": [{"Node Type": "Merge Join", "Parent Relationship": "Outer", "Parallel Aware": false, "Async Capable": false, "Join Type": "Inner", "Startup Cost": 2693.33, "Total Cost": 26191.27, "Plan Rows": 14.0, "Plan Width": 0, "Actual Rows": 314358, "Actual Loops": 2, "Inner Unique": false, "Merge Cond": "(v.postid = p.id)", "Workers": [], "Plans": [{"Node Type": "Merge Join", "Parent Relationship": "Outer", "Parallel Aware": false, "Async Capable": false, "Join Type": "Inner", "Startup Cost": 0.84, "Total Cost": 23292.87, "Plan Rows": 7213.0, "Plan Width": 8, "Actual Rows": 181991, "Actual Loops": 2, "Inner Unique": false, "Merge Cond": "(ph.postid = v.postid)", "Workers": [], "Plans": [{"Node Type": "Index Scan", "Parent Relationship": "Outer", "Parallel Aware": true, "Async Capable": false, "Scan Direction": "Forward", "Index Name": "idx_posthistory_postid", "Relation Name": "posthistory", "Alias": "ph", "Startup Cost": 0.42, "Total Cost": 8270.95, "Plan Rows": 31179, "Plan Width": 4, "Actual Rows": 26406, "Actual Loops": 2, "Filter": "(creationdate <= '2011-12-08 17:46:29'::timestamp without time zone)", "Rows Removed by Filter": 125188, "Workers": []}, {"Node Type": "Index Scan", "Parent Relationship": "Inner", "Parallel Aware": false, "Async Capable": false, "Scan Direction": "Forward", "Index Name": "idx_votes_postid", "Relation Name": "votes", "Alias": "v", "Startup Cost": 0.42, "Total Cost": 13614.58, "Plan Rows": 204374, "Plan Width": 4, "Actual Rows": 265238, "Actual Loops": 2, "Filter": "((creationdate >= '2009-09-17 01:48:09'::timestamp without time zone) AND (creationdate <= '2013-07-23 14:51:51'::timestamp without time zone))", "Rows Removed by Filter": 49326, "Workers": []}]}, {"Node Type": "Sort", "Parent Relationship": "Inner", "Parallel Aware": false, "Async Capable": false, "Startup Cost": 2692.48, "Total Cost": 2692.7, "Plan Rows": 2.0, "Plan Width": 12, "Actual Rows": 314635, "Actual Loops": 2, "Sort Key": ["c.postid"], "Sort Method": "quicksort", "Sort Space Used": 57, "Sort Space Type": "Memory", "Workers": [{"Worker Number": 0, "Sort Method": "quicksort", "Sort Space Used": 57, "Sort Space Type": "Memory"}], "Plans": [{"Node Type": "Nested Loop", "Parent Relationship": "Outer", "Parallel Aware": false, "Async Capable": false, "Join Type": "Inner", "Startup Cost": 1.29, "Total Cost": 2689.6, "Plan Rows": 2.0, "Plan Width": 12, "Actual Rows": 842, "Actual Loops": 2, "Inner Unique": false, "Workers": [], "Plans": [{"Node Type": "Nested Loop", "Parent Relationship": "Outer", "Parallel Aware": false, "Async Capable": false, "Join Type": "Inner", "Startup Cost": 1.0, "Total Cost": 2689.21, "Plan Rows": 1.0, "Plan Width": 20, "Actual Rows": 12, "Actual Loops": 2, "Inner Unique": true, "Workers": [], "Plans": [{"Node Type": "Nested Loop", "Parent Relationship": "Outer", "Parallel Aware": false, "Async Capable": false, "Join Type": "Inner", "Startup Cost": 0.71, "Total Cost": 2688.9, "Plan Rows": 1.0, "Plan Width": 16, "Actual Rows": 12, "Actual Loops": 2, "Inner Unique": false, "Join Filter": "(p.id = pl.relatedpostid)", "Rows Removed by Join Filter": 0, "Workers": [], "Plans": [{"Node Type": "Nested Loop", "Parent Relationship": "Outer", "Parallel Aware": false, "Async Capable": false, "Join Type": "Inner", "Startup Cost": 0.42, "Total Cost": 2688.55, "Plan Rows": 2.0, "Plan Width": 12, "Actual Rows": 39, "Actual Loops": 2, "Inner Unique": false, "Workers": [], "Plans": [{"Node Type": "Seq Scan", "Parent Relationship": "Outer", "Parallel Aware": false, "Async Capable": false, "Relation Name": "posts", "Alias": "p", "Startup Cost": 0.0, "Total Cost": 2679.52, "Plan Rows": 1, "Plan Width": 4, "Actual Rows": 14, "Actual Loops": 2, "Filter": "((answercount >= 10) AND (commentcount >= 9) AND (commentcount <= 36) AND (posttypeid = 1))", "Rows Removed by Filter": 91962, "Workers": []}, {"Node Type": "Index Scan", "Parent Relationship": "Inner", "Parallel Aware": false, "Async Capable": false, "Scan Direction": "Forward", "Index Name": "idx_comments_postid", "Relation Name": "comments", "Alias": "c", "Startup Cost": 0.42, "Total Cost": 9.01, "Plan Rows": 2, "Plan Width": 8, "Actual Rows": 3, "Actual Loops": 28, "Index Cond": "(postid = p.id)", "Rows Removed by Index Recheck": 0, "Filter": "((creationdate >= '2012-11-04 16:55:07'::timestamp without time zone) AND (score = 0))", "Rows Removed by Filter": 11, "Workers": []}]}, {"Node Type": "Index Scan", "Parent Relationship": "Inner", "Parallel Aware": false, "Async Capable": false, "Scan Direction": "Forward", "Index Name": "idx_postlinks_relatedpostid", "Relation Name": "postlinks", "Alias": "pl", "Startup Cost": 0.29, "Total Cost": 0.34, "Plan Rows": 1, "Plan Width": 4, "Actual Rows": 0, "Actual Loops": 78, "Index Cond": "(relatedpostid = c.postid)", "Rows Removed by Index Recheck": 0, "Filter": "((creationdate >= '2013-06-16 14:13:25'::timestamp without time zone) AND (creationdate <= '2013-08-02 06:39:22'::timestamp without time zone))", "Rows Removed by Filter": 4, "Workers": []}]}, {"Node Type": "Index Only Scan", "Parent Relationship": "Inner", "Parallel Aware": false, "Async Capable": false, "Scan Direction": "Forward", "Index Name": "users_pkey", "Relation Name": "users", "Alias": "u", "Startup Cost": 0.29, "Total Cost": 0.31, "Plan Rows": 1, "Plan Width": 4, "Actual Rows": 1, "Actual Loops": 24, "Index Cond": "(id = c.userid)", "Rows Removed by Index Recheck": 0, "Heap Fetches": 0, "Workers": []}]}, {"Node Type": "Index Only Scan", "Parent Relationship": "Inner", "Parallel Aware": false, "Async Capable": false, "Scan Direction": "Forward", "Index Name": "idx_badges_userid", "Relation Name": "badges", "Alias": "b", "Startup Cost": 0.29, "Total Cost": 0.36, "Plan Rows": 3, "Plan Width": 4, "Actual Rows": 70, "Actual Loops": 24, "Index Cond": "(userid = u.id)", "Rows Removed by Index Recheck": 0, "Heap Fetches": 0, "Workers": []}]}]}]}]}]}]}, "Planning Time": 12.056, "Triggers": [], "Execution Time": 377.611}, {"Plan": {"Node Type": "Aggregate", "Strategy": "Plain", "Partial Mode": "Simple", "Parallel Aware": false, "Async Capable": false, "Startup Cost": 20091.4, "Total Cost": 20091.41, "Plan Rows": 1, "Plan Width": 8, "Actual Rows": 1, "Actual Loops": 1, "Plans": [{"Node Type": "Merge Join", "Parent Relationship": "Outer", "Parallel Aware": false, "Async Capable": false, "Join Type": "Inner", "Startup Cost": 2.44, "Total Cost": 20090.95, "Plan Rows": 14.0, "Plan Width": 0, "Actual Rows": 628716, "Actual Loops": 1, "Inner Unique": false, "Merge Cond": "(p.id = pl.relatedpostid)", "Plans": [{"Node Type": "Nested Loop", "Parent Relationship": "Outer", "Parallel Aware": false, "Async Capable": false, "Join Type": "Inner", "Startup Cost": 0.71, "Total Cost": 4167.88, "Plan Rows": 13.0, "Plan Width": 8, "Actual Rows": 74, "Actual Loops": 1, "Inner Unique": false, "Plans": [{"Node Type": "Index Scan", "Parent Relationship": "Outer", "Parallel Aware": false, "Async Capable": false, "Scan Direction": "Forward", "Index Name": "posts_pkey", "Relation Name": "posts", "Alias": "p", "Startup Cost": 0.29, "Total Cost": 4158.93, "Plan Rows": 1, "Plan Width": 4, "Actual Rows": 14, "Actual Loops": 1, "Filter": "((answercount >= 10) AND (commentcount >= 9) AND (commentcount <= 36) AND (posttypeid = 1))", "Rows Removed by Filter": 91962}, {"Node Type": "Index Scan", "Parent Relationship": "Inner", "Parallel Aware": false, "Async Capable": false, "Scan Direction": "Forward", "Index Name": "idx_posthistory_postid", "Relation Name": "posthistory", "Alias": "ph", "Startup Cost": 0.42, "Total Cost": 8.94, "Plan Rows": 1, "Plan Width": 4, "Actual Rows": 5, "Actual Loops": 14, "Index Cond": "(postid = p.id)", "Rows Removed by Index Recheck": 0, "Filter": "(creationdate <= '2011-12-08 17:46:29'::timestamp without time zone)", "Rows Removed by Filter": 3}]}, {"Node Type": "Materialize", "Parent Relationship": "Inner", "Parallel Aware": false, "Async Capable": false, "Startup Cost": 1.72, "Total Cost": 12971.7, "Plan Rows": 910.0, "Plan Width": 12, "Actual Rows": 756305, "Actual Loops": 1, "Plans": [{"Node Type": "Nested Loop", "Parent Relationship": "Outer", "Parallel Aware": false, "Async Capable": false, "Join Type": "Inner", "Startup Cost": 1.72, "Total Cost": 10020.47, "Plan Rows": 910.0, "Plan Width": 12, "Actual Rows": 204389, "Actual Loops": 1, "Inner Unique": false, "Plans": [{"Node Type": "Nested Loop", "Parent Relationship": "Outer", "Parallel Aware": false, "Async Capable": false, "Join Type": "Inner", "Startup Cost": 1.43, "Total Cost": 4970.35, "Plan Rows": 38.0, "Plan Width": 20, "Actual Rows": 3674, "Actual Loops": 1, "Inner Unique": false, "Join Filter": "(pl.relatedpostid = v.postid)", "Rows Removed by Join Filter": 0, "Plans": [{"Node Type": "Nested Loop", "Parent Relationship": "Outer", "Parallel Aware": false, "Async Capable": false, "Join Type": "Inner", "Startup Cost": 1.01, "Total Cost": 4333.17, "Plan Rows": 2.0, "Plan Width": 16, "Actual Rows": 54, "Actual Loops": 1, "Inner Unique": true, "Plans": [{"Node Type": "Nested Loop", "Parent Relationship": "Outer", "Parallel Aware": false, "Async Capable": false, "Join Type": "Inner", "Startup Cost": 0.72, "Total Cost": 4044.54, "Plan Rows": 3.0, "Plan Width": 12, "Actual Rows": 54, "Actual Loops": 1, "Inner Unique": false, "Plans": [{"Node Type": "Index Scan", "Parent Relationship": "Outer", "Parallel Aware": false, "Async Capable": false, "Scan Direction": "Forward", "Index Name": "idx_postlinks_relatedpostid", "Relation Name": "postlinks", "Alias": "pl", "Startup Cost": 0.29, "Total Cost": 586.47, "Plan Rows": 585, "Plan Width": 4, "Actual Rows": 145, "Actual Loops": 1, "Filter": "((creationdate >= '2013-06-16 14:13:25'::timestamp without time zone) AND (creationdate <= '2013-08-02 06:39:22'::timestamp without time zone))", "Rows Removed by Filter": 3381}, {"Node Type": "Memoize", "Parent Relationship": "Inner", "Parallel Aware": false, "Async Capable": false, "Startup Cost": 0.43, "Total Cost": 6.07, "Plan Rows": 2, "Plan Width": 8, "Actual Rows": 0, "Actual Loops": 145, "Cache Key": "pl.relatedpostid", "Cache Mode": "logical", "Cache Hits": 46, "Cache Misses": 99, "Cache Evictions": 0, "Cache Overflows": 0, "Peak Memory Usage": 8, "Plans": [{"Node Type": "Index Scan", "Parent Relationship": "Outer", "Parallel Aware": false, "Async Capable": false, "Scan Direction": "Forward", "Index Name": "idx_comments_postid", "Relation Name": "comments", "Alias": "c", "Startup Cost": 0.42, "Total Cost": 6.06, "Plan Rows": 2, "Plan Width": 8, "Actual Rows": 0, "Actual Loops": 99, "Index Cond": "(postid = pl.relatedpostid)", "Rows Removed by Index Recheck": 0, "Filter": "((creationdate >= '2012-11-04 16:55:07'::timestamp without time zone) AND (score = 0))", "Rows Removed by Filter": 3}]}]}, {"Node Type": "Index Only Scan", "Parent Relationship": "Inner", "Parallel Aware": false, "Async Capable": false, "Scan Direction": "Forward", "Index Name": "users_pkey", "Relation Name": "users", "Alias": "u", "Startup Cost": 0.29, "Total Cost": 0.31, "Plan Rows": 1, "Plan Width": 4, "Actual Rows": 1, "Actual Loops": 54, "Index Cond": "(id = c.userid)", "Rows Removed by Index Recheck": 0, "Heap Fetches": 0}]}, {"Node Type": "Index Scan", "Parent Relationship": "Inner", "Parallel Aware": false, "Async Capable": false, "Scan Direction": "Forward", "Index Name": "idx_votes_postid", "Relation Name": "votes", "Alias": "v", "Startup Cost": 0.42, "Total Cost": 0.67, "Plan Rows": 3, "Plan Width": 4, "Actual Rows": 68, "Actual Loops": 54, "Index Cond": "(postid = c.postid)", "Rows Removed by Index Recheck": 0, "Filter": "((creationdate >= '2009-09-17 01:48:09'::timestamp without time zone) AND (creationdate <= '2013-07-23 14:51:51'::timestamp without time zone))", "Rows Removed by Filter": 39}]}, {"Node Type": "Index Only Scan", "Parent Relationship": "Inner", "Parallel Aware": false, "Async Capable": false, "Scan Direction": "Forward", "Index Name": "idx_badges_userid", "Relation Name": "badges", "Alias": "b", "Startup Cost": 0.29, "Total Cost": 0.36, "Plan Rows": 3, "Plan Width": 4, "Actual Rows": 56, "Actual Loops": 3674, "Index Cond": "(userid = u.id)", "Rows Removed by Index Recheck": 0, "Heap Fetches": 0}]}]}]}]}, "Planning Time": 9.385, "Triggers": [], "Execution Time": 126.123}, {"Plan": {"Node Type": "Aggregate", "Strategy": "Plain", "Partial Mode": "Simple", "Parallel Aware": false, "Async Capable": false, "Startup Cost": 134855.66, "Total Cost": 134855.67, "Plan Rows": 1, "Plan Width": 8, "Actual Rows": 1, "Actual Loops": 1, "Plans": [{"Node Type": "Merge Join", "Parent Relationship": "Outer", "Parallel Aware": false, "Async Capable": false, "Join Type": "Inner", "Startup Cost": 23269.54, "Total Cost": 134855.22, "Plan Rows": 14.0, "Plan Width": 0, "Actual Rows": 628716, "Actual Loops": 1, "Inner Unique": false, "Merge Cond": "(p.id = v.postid)", "Plans": [{"Node Type": "Merge Join", "Parent Relationship": "Outer", "Parallel Aware": false, "Async Capable": false, "Join Type": "Inner", "Startup Cost": 2954.95, "Total Cost": 2957.89, "Plan Rows": 2.0, "Plan Width": 8, "Actual Rows": 8, "Actual Loops": 1, "Inner Unique": false, "Merge Cond": "(p.id = pl.relatedpostid)", "Plans": [{"Node Type": "Sort", "Parent Relationship": "Outer", "Parallel Aware": false, "Async Capable": false, "Startup Cost": 2679.53, "Total Cost": 2679.54, "Plan Rows": 1, "Plan Width": 4, "Actual Rows": 12, "Actual Loops": 1, "Sort Key": ["p.id"], "Sort Method": "quicksort", "Sort Space Used": 25, "Sort Space Type": "Memory", "Plans": [{"Node Type": "Seq Scan", "Parent Relationship": "Outer", "Parallel Aware": false, "Async Capable": false, "Relation Name": "posts", "Alias": "p", "Startup Cost": 0.0, "Total Cost": 2679.52, "Plan Rows": 1, "Plan Width": 4, "Actual Rows": 14, "Actual Loops": 1, "Filter": "((answercount >= 10) AND (commentcount >= 9) AND (commentcount <= 36) AND (posttypeid = 1))", "Rows Removed by Filter": 91962}]}, {"Node Type": "Sort", "Parent Relationship": "Inner", "Parallel Aware": false, "Async Capable": false, "Startup Cost": 275.42, "Total Cost": 276.88, "Plan Rows": 585, "Plan Width": 4, "Actual Rows": 297, "Actual Loops": 1, "Sort Key": ["pl.relatedpostid"], "Sort Method": "quicksort", "Sort Space Used": 25, "Sort Space Type": "Memory", "Plans": [{"Node Type": "Seq Scan", "Parent Relationship": "Outer", "Parallel Aware": false, "Async Capable": false, "Relation Name": "postlinks", "Alias": "pl", "Startup Cost": 0.0, "Total Cost": 248.53, "Plan Rows": 585, "Plan Width": 4, "Actual Rows": 586, "Actual Loops": 1, "Filter": "((creationdate >= '2013-06-16 14:13:25'::timestamp without time zone) AND (creationdate <= '2013-08-02 06:39:22'::timestamp without time zone))", "Rows Removed by Filter": 10516}]}]}, {"Node Type": "Materialize", "Parent Relationship": "Inner", "Parallel Aware": false, "Async Capable": false, "Startup Cost": 20314.59, "Total Cost": 91853.2, "Plan Rows": 6119.0, "Plan Width": 12, "Actual Rows": 4741572, "Actual Loops": 1, "Plans": [{"Node Type": "Nested Loop", "Parent Relationship": "Outer", "Parallel Aware": false, "Async Capable": false, "Join Type": "Inner", "Startup Cost": 20314.59, "Total Cost": 51810.82, "Plan Rows": 6119.0, "Plan Width": 12, "Actual Rows": 4384332, "Actual Loops": 1, "Inner Unique": false, "Join Filter": "(b.userid = u.id)", "Rows Removed by Join Filter": 0, "Plans": [{"Node Type": "Merge Join", "Parent Relationship": "Outer", "Parallel Aware": false, "Async Capable": false, "Join Type": "Inner", "Startup Cost": 20314.29, "Total Cost": 37086.43, "Plan Rows": 243.0, "Plan Width": 20, "Actual Rows": 58754, "Actual Loops": 1, "Inner Unique": false, "Merge Cond": "(v.postid = c.postid)", "Plans": [{"Node Type": "Index Scan", "Parent Relationship": "Outer", "Parallel Aware": false, "Async Capable": false, "Scan Direction": "Forward", "Index Name": "idx_votes_postid", "Relation Name": "votes", "Alias": "v", "Startup Cost": 0.42, "Total Cost": 13614.58, "Plan Rows": 204374, "Plan Width": 4, "Actual Rows": 126841, "Actual Loops": 1, "Filter": "((creationdate >= '2009-09-17 01:48:09'::timestamp without time zone) AND (creationdate <= '2013-07-23 14:51:51'::timestamp without time zone))", "Rows Removed by Filter": 22276}, {"Node Type": "Sort", "Parent Relationship": "Inner", "Parallel Aware": false, "Async Capable": false, "Startup Cost": 20313.87, "Total Cost": 20448.45, "Plan Rows": 13.0, "Plan Width": 16, "Actual Rows": 58801, "Actual Loops": 1, "Sort Key": ["c.postid"], "Sort Method": "quicksort", "Sort Space Used": 239, "Sort Space Type": "Memory", "Plans": [{"Node Type": "Hash Join", "Parent Relationship": "Outer", "Parallel Aware": false, "Async Capable": false, "Join Type": "Inner", "Startup Cost": 6182.4, "Total Cost": 16083.62, "Plan Rows": 13.0, "Plan Width": 16, "Actual Rows": 3639, "Actual Loops": 1, "Inner Unique": true, "Hash Cond": "(c.userid = u.id)", "Plans": [{"Node Type": "Hash Join", "Parent Relationship": "Outer", "Parallel Aware": false, "Async Capable": false, "Join Type": "Inner", "Startup Cost": 4978.09, "Total Cost": 14735.6, "Plan Rows": 31.0, "Plan Width": 12, "Actual Rows": 3770, "Actual Loops": 1, "Inner Unique": false, "Hash Cond": "(ph.postid = c.postid)", "Plans": [{"Node Type": "Seq Scan", "Parent Relationship": "Outer", "Parallel Aware": false, "Async Capable": false, "Relation Name": "posthistory", "Alias": "ph", "Startup Cost": 0.0, "Total Cost": 6029.84, "Plan Rows": 53005, "Plan Width": 4, "Actual Rows": 52811, "Actual Loops": 1, "Filter": "(creationdate <= '2011-12-08 17:46:29'::timestamp without time zone)", "Rows Removed by Filter": 250376}, {"Node Type": "Hash", "Parent Relationship": "Inner", "Parallel Aware": false, "Async Capable": false, "Startup Cost": 3958.57, "Total Cost": 3958.57, "Plan Rows": 81561, "Plan Width": 8, "Actual Rows": 82672, "Actual Loops": 1, "Hash Buckets": 131072, "Original Hash Buckets": 131072, "Hash Batches": 1, "Original Hash Batches": 1, "Peak Memory Usage": 4251, "Plans": [{"Node Type": "Seq Scan", "Parent Relationship": "Outer", "Parallel Aware": false, "Async Capable": false, "Relation Name": "comments", "Alias": "c", "Startup Cost": 0.0, "Total Cost": 3958.57, "Plan Rows": 81561, "Plan Width": 8, "Actual Rows": 82672, "Actual Loops": 1, "Filter": "((creationdate >= '2012-11-04 16:55:07'::timestamp without time zone) AND (score = 0))", "Rows Removed by Filter": 91633}]}]}, {"Node Type": "Hash", "Parent Relationship": "Inner", "Parallel Aware": false, "Async Capable": false, "Startup Cost": 700.25, "Total Cost": 700.25, "Plan Rows": 40325, "Plan Width": 4, "Actual Rows": 40325, "Actual Loops": 1, "Hash Buckets": 65536, "Original Hash Buckets": 65536, "Hash Batches": 1, "Original Hash Batches": 1, "Peak Memory Usage": 1930, "Plans": [{"Node Type": "Seq Scan", "Parent Relationship": "Outer", "Parallel Aware": false, "Async Capable": false, "Relation Name": "users", "Alias": "u", "Startup Cost": 0.0, "Total Cost": 700.25, "Plan Rows": 40325, "Plan Width": 4, "Actual Rows": 40325, "Actual Loops": 1}]}]}]}]}, {"Node Type": "Memoize", "Parent Relationship": "Inner", "Parallel Aware": false, "Async Capable": false, "Startup Cost": 0.3, "Total Cost": 0.36, "Plan Rows": 3, "Plan Width": 4, "Actual Rows": 75, "Actual Loops": 58754, "Cache Key": "c.userid", "Cache Mode": "logical", "Cache Hits": 58285, "Cache Misses": 469, "Cache Evictions": 0, "Cache Overflows": 0, "Peak Memory Usage": 413, "Plans": [{"Node Type": "Index Only Scan", "Parent Relationship": "Outer", "Parallel Aware": false, "Async Capable": false, "Scan Direction": "Forward", "Index Name": "idx_badges_userid", "Relation Name": "badges", "Alias": "b", "Startup Cost": 0.29, "Total Cost": 0.35, "Plan Rows": 3, "Plan Width": 4, "Actual Rows": 23, "Actual Loops": 469, "Index Cond": "(userid = c.userid)", "Rows Removed by Index Recheck": 0, "Heap Fetches": 0}]}]}]}]}]}, "Planning Time": 10.269, "Triggers": [], "Execution Time": 1306.944}, {"Plan": {"Node Type": "Aggregate", "Strategy": "Plain", "Partial Mode": "Simple", "Parallel Aware": false, "Async Capable": false, "Startup Cost": 9105.68, "Total Cost": 9105.69, "Plan Rows": 1, "Plan Width": 8, "Actual Rows": 1, "Actual Loops": 1, "Plans": [{"Node Type": "Hash Join", "Parent Relationship": "Outer", "Parallel Aware": false, "Async Capable": false, "Join Type": "Inner", "Startup Cost": 6263.46, "Total Cost": 9105.23, "Plan Rows": 14.0, "Plan Width": 0, "Actual Rows": 628716, "Actual Loops": 1, "Inner Unique": false, "Hash Cond": "(p.id = pl.relatedpostid)", "Plans": [{"Node Type": "Nested Loop", "Parent Relationship": "Outer", "Parallel Aware": false, "Async Capable": false, "Join Type": "Inner", "Startup Cost": 1.43, "Total Cost": 2689.81, "Plan Rows": 9.0, "Plan Width": 12, "Actual Rows": 2060, "Actual Loops": 1, "Inner Unique": false, "Plans": [{"Node Type": "Nested Loop", "Parent Relationship": "Outer", "Parallel Aware": false, "Async Capable": false, "Join Type": "Inner", "Startup Cost": 1.13, "Total Cost": 2689.42, "Plan Rows": 1.0, "Plan Width": 20, "Actual Rows": 44, "Actual Loops": 1, "Inner Unique": true, "Plans": [{"Node Type": "Nested Loop", "Parent Relationship": "Outer", "Parallel Aware": false, "Async Capable": false, "Join Type": "Inner", "Startup Cost": 0.84, "Total Cost": 2689.11, "Plan Rows": 1.0, "Plan Width": 16, "Actual Rows": 44, "Actual Loops": 1, "Inner Unique": false, "Join Filter": "(c.postid = p.id)", "Rows Removed by Join Filter": 0, "Plans": [{"Node Type": "Nested Loop", "Parent Relationship": "Outer", "Parallel Aware": false, "Async Capable": false, "Join Type": "Inner", "Startup Cost": 0.42, "Total Cost": 2688.47, "Plan Rows": 13.0, "Plan Width": 8, "Actual Rows": 74, "Actual Loops": 1, "Inner Unique": false, "Plans": [{"Node Type": "Seq Scan", "Parent Relationship": "Outer", "Parallel Aware": false, "Async Capable": false, "Relation Name": "posts", "Alias": "p", "Startup Cost": 0.0, "Total Cost": 2679.52, "Plan Rows": 1, "Plan Width": 4, "Actual Rows": 14, "Actual Loops": 1, "Filter": "((answercount >= 10) AND (commentcount >= 9) AND (commentcount <= 36) AND (posttypeid = 1))", "Rows Removed by Filter": 91962}, {"Node Type": "Index Scan", "Parent Relationship": "Inner", "Parallel Aware": false, "Async Capable": false, "Scan Direction": "Forward", "Index Name": "idx_posthistory_postid", "Relation Name": "posthistory", "Alias": "ph", "Startup Cost": 0.42, "Total Cost": 8.94, "Plan Rows": 1, "Plan Width": 4, "Actual Rows": 5, "Actual Loops": 14, "Index Cond": "(postid = p.id)", "Rows Removed by Index Recheck": 0, "Filter": "(creationdate <= '2011-12-08 17:46:29'::timestamp without time zone)", "Rows Removed by Filter": 3}]}, {"Node Type": "Index Scan", "Parent Relationship": "Inner", "Parallel Aware": false, "Async Capable": false, "Scan Direction": "Forward", "Index Name": "idx_comments_postid", "Relation Name": "comments", "Alias": "c", "Startup Cost": 0.42, "Total Cost": 0.61, "Plan Rows": 2, "Plan Width": 8, "Actual Rows": 1, "Actual Loops": 74, "Index Cond": "(postid = ph.postid)", "Rows Removed by Index Recheck": 0, "Filter": "((creationdate >= '2012-11-04 16:55:07'::timestamp without time zone) AND (score = 0))", "Rows Removed by Filter": 11}]}, {"Node Type": "Index Only Scan", "Parent Relationship": "Inner", "Parallel Aware": false, "Async Capable": false, "Scan Direction": "Forward", "Index Name": "users_pkey", "Relation Name": "users", "Alias": "u", "Startup Cost": 0.29, "Total Cost": 0.31, "Plan Rows": 1, "Plan Width": 4, "Actual Rows": 1, "Actual Loops": 44, "Index Cond": "(id = c.userid)", "Rows Removed by Index Recheck": 0, "Heap Fetches": 0}]}, {"Node Type": "Index Only Scan", "Parent Relationship": "Inner", "Parallel Aware": false, "Async Capable": false, "Scan Direction": "Forward", "Index Name": "idx_badges_userid", "Relation Name": "badges", "Alias": "b", "Startup Cost": 0.29, "Total Cost": 0.36, "Plan Rows": 3, "Plan Width": 4, "Actual Rows": 47, "Actual Loops": 44, "Index Cond": "(userid = u.id)", "Rows Removed by Index Recheck": 0, "Heap Fetches": 0}]}, {"Node Type": "Hash", "Parent Relationship": "Inner", "Parallel Aware": false, "Async Capable": false, "Startup Cost": 6157.15, "Total Cost": 6157.15, "Plan Rows": 934.0, "Plan Width": 8, "Actual Rows": 11167, "Actual Loops": 1, "Hash Buckets": 16384, "Original Hash Buckets": 16384, "Hash Batches": 1, "Original Hash Batches": 1, "Peak Memory Usage": 565, "Plans": [{"Node Type": "Nested Loop", "Parent Relationship": "Outer", "Parallel Aware": false, "Async Capable": false, "Join Type": "Inner", "Startup Cost": 0.43, "Total Cost": 6157.15, "Plan Rows": 934.0, "Plan Width": 8, "Actual Rows": 11167, "Actual Loops": 1, "Inner Unique": false, "Plans": [{"Node Type": "Seq Scan", "Parent Relationship": "Outer", "Parallel Aware": false, "Async Capable": false, "Relation Name": "postlinks", "Alias": "pl", "Startup Cost": 0.0, "Total Cost": 248.53, "Plan Rows": 585, "Plan Width": 4, "Actual Rows": 586, "Actual Loops": 1, "Filter": "((creationdate >= '2013-06-16 14:13:25'::timestamp without time zone) AND (creationdate <= '2013-08-02 06:39:22'::timestamp without time zone))", "Rows Removed by Filter": 10516}, {"Node Type": "Memoize", "Parent Relationship": "Inner", "Parallel Aware": false, "Async Capable": false, "Startup Cost": 0.43, "Total Cost": 10.38, "Plan Rows": 3, "Plan Width": 4, "Actual Rows": 19, "Actual Loops": 586, "Cache Key": "pl.relatedpostid", "Cache Mode": "logical", "Cache Hits": 131, "Cache Misses": 455, "Cache Evictions": 0, "Cache Overflows": 0, "Peak Memory Usage": 261, "Plans": [{"Node Type": "Index Scan", "Parent Relationship": "Outer", "Parallel Aware": false, "Async Capable": false, "Scan Direction": "Forward", "Index Name": "idx_votes_postid", "Relation Name": "votes", "Alias": "v", "Startup Cost": 0.42, "Total Cost": 10.37, "Plan Rows": 3, "Plan Width": 4, "Actual Rows": 14, "Actual Loops": 455, "Index Cond": "(postid = pl.relatedpostid)", "Rows Removed by Index Recheck": 0, "Filter": "((creationdate >= '2009-09-17 01:48:09'::timestamp without time zone) AND (creationdate <= '2013-07-23 14:51:51'::timestamp without time zone))", "Rows Removed by Filter": 7}]}]}]}]}]}, "Planning Time": 9.123, "Triggers": [], "Execution Time": 75.741}, {"Plan": {"Node Type": "Aggregate", "Strategy": "Plain", "Partial Mode": "Simple", "Parallel Aware": false, "Async Capable": false, "Startup Cost": 171892.07, "Total Cost": 171892.08, "Plan Rows": 1, "Plan Width": 8, "Actual Rows": 1, "Actual Loops": 1, "Plans": [{"Node Type": "Merge Join", "Parent Relationship": "Outer", "Parallel Aware": false, "Async Capable": false, "Join Type": "Inner", "Startup Cost": 2699.19, "Total Cost": 171891.62, "Plan Rows": 14.0, "Plan Width": 0, "Actual Rows": 628716, "Actual Loops": 1, "Inner Unique": false, "Merge Cond": "(p.id = v.postid)", "Plans": [{"Node Type": "Sort", "Parent Relationship": "Outer", "Parallel Aware": false, "Async Capable": false, "Startup Cost": 2697.74, "Total Cost": 2697.75, "Plan Rows": 1.0, "Plan Width": 12, "Actual Rows": 59, "Actual Loops": 1, "Sort Key": ["p.id"], "Sort Method": "quicksort", "Sort Space Used": 27, "Sort Space Type": "Memory", "Plans": [{"Node Type": "Nested Loop", "Parent Relationship": "Outer", "Parallel Aware": false, "Async Capable": false, "Join Type": "Inner", "Startup Cost": 0.71, "Total Cost": 2697.73, "Plan Rows": 1.0, "Plan Width": 12, "Actual Rows": 59, "Actual Loops": 1, "Inner Unique": false, "Join Filter": "(p.id = ph.postid)", "Rows Removed by Join Filter": 0, "Plans": [{"Node Type": "Nested Loop", "Parent Relationship": "Outer", "Parallel Aware": false, "Async Capable": false, "Join Type": "Inner", "Startup Cost": 0.29, "Total Cost": 2690.87, "Plan Rows": 2.0, "Plan Width": 8, "Actual Rows": 8, "Actual Loops": 1, "Inner Unique": false, "Plans": [{"Node Type": "Seq Scan", "Parent Relationship": "Outer", "Parallel Aware": false, "Async Capable": false, "Relation Name": "posts", "Alias": "p", "Startup Cost": 0.0, "Total Cost": 2679.52, "Plan Rows": 1, "Plan Width": 4, "Actual Rows": 14, "Actual Loops": 1, "Filter": "((answercount >= 10) AND (commentcount >= 9) AND (commentcount <= 36) AND (posttypeid = 1))", "Rows Removed by Filter": 91962}, {"Node Type": "Index Scan", "Parent Relationship": "Inner", "Parallel Aware": false, "Async Capable": false, "Scan Direction": "Forward", "Index Name": "idx_postlinks_relatedpostid", "Relation Name": "postlinks", "Alias": "pl", "Startup Cost": 0.29, "Total Cost": 11.34, "Plan Rows": 1, "Plan Width": 4, "Actual Rows": 1, "Actual Loops": 14, "Index Cond": "(relatedpostid = p.id)", "Rows Removed by Index Recheck": 0, "Filter": "((creationdate >= '2013-06-16 14:13:25'::timestamp without time zone) AND (creationdate <= '2013-08-02 06:39:22'::timestamp without time zone))", "Rows Removed by Filter": 8}]}, {"Node Type": "Index Scan", "Parent Relationship": "Inner", "Parallel Aware": false, "Async Capable": false, "Scan Direction": "Forward", "Index Name": "idx_posthistory_postid", "Relation Name": "posthistory", "Alias": "ph", "Startup Cost": 0.42, "Total Cost": 6.84, "Plan Rows": 1, "Plan Width": 4, "Actual Rows": 7, "Actual Loops": 8, "Index Cond": "(postid = pl.relatedpostid)", "Rows Removed by Index Recheck": 0, "Filter": "(creationdate <= '2011-12-08 17:46:29'::timestamp without time zone)", "Rows Removed by Filter": 4}]}]}, {"Node Type": "Materialize", "Parent Relationship": "Inner", "Parallel Aware": false, "Async Capable": false, "Startup Cost": 1.45, "Total Cost": 109527.27, "Plan Rows": 11636.0, "Plan Width": 8, "Actual Rows": 1434858, "Actual Loops": 1, "Plans": [{"Node Type": "Nested Loop", "Parent Relationship": "Outer", "Parallel Aware": false, "Async Capable": false, "Join Type": "Inner", "Startup Cost": 1.45, "Total Cost": 49863.26, "Plan Rows": 11636.0, "Plan Width": 8, "Actual Rows": 847218, "Actual Loops": 1, "Inner Unique": false, "Join Filter": "(b.userid = u.id)", "Rows Removed by Join Filter": 0, "Plans": [{"Node Type": "Merge Join", "Parent Relationship": "Outer", "Parallel Aware": false, "Async Capable": false, "Join Type": "Inner", "Startup Cost": 1.14, "Total Cost": 30166.6, "Plan Rows": 439.0, "Plan Width": 16, "Actual Rows": 11863, "Actual Loops": 1, "Inner Unique": false, "Merge Cond": "(c.postid = v.postid)", "Plans": [{"Node Type": "Nested Loop", "Parent Relationship": "Outer", "Parallel Aware": false, "Async Capable": false, "Join Type": "Inner", "Startup Cost": 0.72, "Total Cost": 12407.5, "Plan Rows": 22.0, "Plan Width": 12, "Actual Rows": 799, "Actual Loops": 1, "Inner Unique": true, "Plans": [{"Node Type": "Index Scan", "Parent Relationship": "Outer", "Parallel Aware": false, "Async Capable": false, "Scan Direction": "Forward", "Index Name": "idx_comments_postid", "Relation Name": "comments", "Alias": "c", "Startup Cost": 0.42, "Total Cost": 6292.76, "Plan Rows": 81561, "Plan Width": 8, "Actual Rows": 824, "Actual Loops": 1, "Filter": "((creationdate >= '2012-11-04 16:55:07'::timestamp without time zone) AND (score = 0))", "Rows Removed by Filter": 20454}, {"Node Type": "Memoize", "Parent Relationship": "Inner", "Parallel Aware": false, "Async Capable": false, "Startup Cost": 0.3, "Total Cost": 0.32, "Plan Rows": 1, "Plan Width": 4, "Actual Rows": 1, "Actual Loops": 824, "Cache Key": "c.userid", "Cache Mode": "logical", "Cache Hits": 469, "Cache Misses": 355, "Cache Evictions": 0, "Cache Overflows": 0, "Peak Memory Usage": 37, "Plans": [{"Node Type": "Index Only Scan", "Parent Relationship": "Outer", "Parallel Aware": false, "Async Capable": false, "Scan Direction": "Forward", "Index Name": "users_pkey", "Relation Name": "users", "Alias": "u", "Startup Cost": 0.29, "Total Cost": 0.31, "Plan Rows": 1, "Plan Width": 4, "Actual Rows": 1, "Actual Loops": 355, "Index Cond": "(id = c.userid)", "Rows Removed by Index Recheck": 0, "Heap Fetches": 0}]}]}, {"Node Type": "Materialize", "Parent Relationship": "Inner", "Parallel Aware": false, "Async Capable": false, "Startup Cost": 0.42, "Total Cost": 14125.51, "Plan Rows": 204374, "Plan Width": 4, "Actual Rows": 77766, "Actual Loops": 1, "Plans": [{"Node Type": "Index Scan", "Parent Relationship": "Outer", "Parallel Aware": false, "Async Capable": false, "Scan Direction": "Forward", "Index Name": "idx_votes_postid", "Relation Name": "votes", "Alias": "v", "Startup Cost": 0.42, "Total Cost": 13614.58, "Plan Rows": 204374, "Plan Width": 4, "Actual Rows": 73847, "Actual Loops": 1, "Filter": "((creationdate >= '2009-09-17 01:48:09'::timestamp without time zone) AND (creationdate <= '2013-07-23 14:51:51'::timestamp without time zone))", "Rows Removed by Filter": 12613}]}]}, {"Node Type": "Memoize", "Parent Relationship": "Inner", "Parallel Aware": false, "Async Capable": false, "Startup Cost": 0.3, "Total Cost": 0.36, "Plan Rows": 3, "Plan Width": 4, "Actual Rows": 71, "Actual Loops": 11863, "Cache Key": "c.userid", "Cache Mode": "logical", "Cache Hits": 11511, "Cache Misses": 352, "Cache Evictions": 0, "Cache Overflows": 0, "Peak Memory Usage": 342, "Plans": [{"Node Type": "Index Only Scan", "Parent Relationship": "Outer", "Parallel Aware": false, "Async Capable": false, "Scan Direction": "Forward", "Index Name": "idx_badges_userid", "Relation Name": "badges", "Alias": "b", "Startup Cost": 0.29, "Total Cost": 0.35, "Plan Rows": 3, "Plan Width": 4, "Actual Rows": 26, "Actual Loops": 352, "Index Cond": "(userid = c.userid)", "Rows Removed by Index Recheck": 0, "Heap Fetches": 0}]}]}]}]}]}, "Planning Time": 9.49, "Triggers": [], "Execution Time": 350.499}, {"Plan": {"Node Type": "Aggregate", "Strategy": "Plain", "Partial Mode": "Simple", "Parallel Aware": false, "Async Capable": false, "Startup Cost": 6863.08, "Total Cost": 6863.09, "Plan Rows": 1, "Plan Width": 8, "Actual Rows": 1, "Actual Loops": 1, "Plans": [{"Node Type": "Merge Join", "Parent Relationship": "Outer", "Parallel Aware": false, "Async Capable": false, "Join Type": "Inner", "Startup Cost": 6859.58, "Total Cost": 6862.63, "Plan Rows": 14.0, "Plan Width": 0, "Actual Rows": 628716, "Actual Loops": 1, "Inner Unique": false, "Merge Cond": "(pl.relatedpostid = p.id)", "Plans": [{"Node Type": "Sort", "Parent Relationship": "Outer", "Parallel Aware": false, "Async Capable": false, "Startup Cost": 4162.54, "Total Cost": 4163.61, "Plan Rows": 37.0, "Plan Width": 8, "Actual Rows": 1106, "Actual Loops": 1, "Sort Key": ["pl.relatedpostid"], "Sort Method": "quicksort", "Sort Space Used": 83, "Sort Space Type": "Memory", "Plans": [{"Node Type": "Nested Loop", "Parent Relationship": "Outer", "Parallel Aware": false, "Async Capable": false, "Join Type": "Inner", "Startup Cost": 0.43, "Total Cost": 4143.73, "Plan Rows": 37.0, "Plan Width": 8, "Actual Rows": 1106, "Actual Loops": 1, "Inner Unique": false, "Plans": [{"Node Type": "Seq Scan", "Parent Relationship": "Outer", "Parallel Aware": false, "Async Capable": false, "Relation Name": "postlinks", "Alias": "pl", "Startup Cost": 0.0, "Total Cost": 248.53, "Plan Rows": 585, "Plan Width": 4, "Actual Rows": 586, "Actual Loops": 1, "Filter": "((creationdate >= '2013-06-16 14:13:25'::timestamp without time zone) AND (creationdate <= '2013-08-02 06:39:22'::timestamp without time zone))", "Rows Removed by Filter": 10516}, {"Node Type": "Memoize", "Parent Relationship": "Inner", "Parallel Aware": false, "Async Capable": false, "Startup Cost": 0.43, "Total Cost": 6.85, "Plan Rows": 1, "Plan Width": 4, "Actual Rows": 2, "Actual Loops": 586, "Cache Key": "pl.relatedpostid", "Cache Mode": "logical", "Cache Hits": 131, "Cache Misses": 455, "Cache Evictions": 0, "Cache Overflows": 0, "Peak Memory Usage": 58, "Plans": [{"Node Type": "Index Scan", "Parent Relationship": "Outer", "Parallel Aware": false, "Async Capable": false, "Scan Direction": "Forward", "Index Name": "idx_posthistory_postid", "Relation Name": "posthistory", "Alias": "ph", "Startup Cost": 0.42, "Total Cost": 6.84, "Plan Rows": 1, "Plan Width": 4, "Actual Rows": 2, "Actual Loops": 455, "Index Cond": "(postid = pl.relatedpostid)", "Rows Removed by Index Recheck": 0, "Filter": "(creationdate <= '2011-12-08 17:46:29'::timestamp without time zone)", "Rows Removed by Filter": 5}]}]}]}, {"Node Type": "Sort", "Parent Relationship": "Inner", "Parallel Aware": false, "Async Capable": false, "Startup Cost": 2697.04, "Total Cost": 2697.49, "Plan Rows": 317.0, "Plan Width": 12, "Actual Rows": 628829, "Actual Loops": 1, "Sort Key": ["c.postid"], "Sort Method": "quicksort", "Sort Space Used": 6577, "Sort Space Type": "Memory", "Plans": [{"Node Type": "Nested Loop", "Parent Relationship": "Outer", "Parallel Aware": false, "Async Capable": false, "Join Type": "Inner", "Startup Cost": 1.42, "Total Cost": 2690.34, "Plan Rows": 317.0, "Plan Width": 12, "Actual Rows": 89708, "Actual Loops": 1, "Inner Unique": false, "Plans": [{"Node Type": "Nested Loop", "Parent Relationship": "Outer", "Parallel Aware": false, "Async Capable": false, "Join Type": "Inner", "Startup Cost": 1.13, "Total Cost": 2689.57, "Plan Rows": 11.0, "Plan Width": 20, "Actual Rows": 1455, "Actual Loops": 1, "Inner Unique": false, "Join Filter": "(p.id = v.postid)", "Rows Removed by Join Filter": 0, "Plans": [{"Node Type": "Nested Loop", "Parent Relationship": "Outer", "Parallel Aware": false, "Async Capable": false, "Join Type": "Inner", "Startup Cost": 0.71, "Total Cost": 2688.86, "Plan Rows": 1.0, "Plan Width": 16, "Actual Rows": 39, "Actual Loops": 1, "Inner Unique": true, "Plans": [{"Node Type": "Nested Loop", "Parent Relationship": "Outer", "Parallel Aware": false, "Async Capable": false, "Join Type": "Inner", "Startup Cost": 0.42, "Total Cost": 2688.55, "Plan Rows": 2.0, "Plan Width": 12, "Actual Rows": 39, "Actual Loops": 1, "Inner Unique": false, "Plans": [{"Node Type": "Seq Scan", "Parent Relationship": "Outer", "Parallel Aware": false, "Async Capable": false, "Relation Name": "posts", "Alias": "p", "Startup Cost": 0.0, "Total Cost": 2679.52, "Plan Rows": 1, "Plan Width": 4, "Actual Rows": 14, "Actual Loops": 1, "Filter": "((answercount >= 10) AND (commentcount >= 9) AND (commentcount <= 36) AND (posttypeid = 1))", "Rows Removed by Filter": 91962}, {"Node Type": "Index Scan", "Parent Relationship": "Inner", "Parallel Aware": false, "Async Capable": false, "Scan Direction": "Forward", "Index Name": "idx_comments_postid", "Relation Name": "comments", "Alias": "c", "Startup Cost": 0.42, "Total Cost": 9.01, "Plan Rows": 2, "Plan Width": 8, "Actual Rows": 3, "Actual Loops": 14, "Index Cond": "(postid = p.id)", "Rows Removed by Index Recheck": 0, "Filter": "((creationdate >= '2012-11-04 16:55:07'::timestamp without time zone) AND (score = 0))", "Rows Removed by Filter": 11}]}, {"Node Type": "Index Only Scan", "Parent Relationship": "Inner", "Parallel Aware": false, "Async Capable": false, "Scan Direction": "Forward", "Index Name": "users_pkey", "Relation Name": "users", "Alias": "u", "Startup Cost": 0.29, "Total Cost": 0.31, "Plan Rows": 1, "Plan Width": 4, "Actual Rows": 1, "Actual Loops": 39, "Index Cond": "(id = c.userid)", "Rows Removed by Index Recheck": 0, "Heap Fetches": 0}]}, {"Node Type": "Index Scan", "Parent Relationship": "Inner", "Parallel Aware": false, "Async Capable": false, "Scan Direction": "Forward", "Index Name": "idx_votes_postid", "Relation Name": "votes", "Alias": "v", "Startup Cost": 0.42, "Total Cost": 0.67, "Plan Rows": 3, "Plan Width": 4, "Actual Rows": 37, "Actual Loops": 39, "Index Cond": "(postid = c.postid)", "Rows Removed by Index Recheck": 0, "Filter": "((creationdate >= '2009-09-17 01:48:09'::timestamp without time zone) AND (creationdate <= '2013-07-23 14:51:51'::timestamp without time zone))", "Rows Removed by Filter": 114}]}, {"Node Type": "Index Only Scan", "Parent Relationship": "Inner", "Parallel Aware": false, "Async Capable": false, "Scan Direction": "Forward", "Index Name": "idx_badges_userid", "Relation Name": "badges", "Alias": "b", "Startup Cost": 0.29, "Total Cost": 0.36, "Plan Rows": 3, "Plan Width": 4, "Actual Rows": 62, "Actual Loops": 1455, "Index Cond": "(userid = u.id)", "Rows Removed by Index Recheck": 0, "Heap Fetches": 0}]}]}]}]}, "Planning Time": 9.084, "Triggers": [], "Execution Time": 100.446}, {"Plan": {"Node Type": "Aggregate", "Strategy": "Plain", "Partial Mode": "Simple", "Parallel Aware": false, "Async Capable": false, "Startup Cost": 2718.44, "Total Cost": 2718.45, "Plan Rows": 1, "Plan Width": 8, "Actual Rows": 1, "Actual Loops": 1, "Plans": [{"Node Type": "Nested Loop", "Parent Relationship": "Outer", "Parallel Aware": false, "Async Capable": false, "Join Type": "Inner", "Startup Cost": 2.14, "Total Cost": 2718.0, "Plan Rows": 14.0, "Plan Width": 0, "Actual Rows": 628716, "Actual Loops": 1, "Inner Unique": false, "Plans": [{"Node Type": "Nested Loop", "Parent Relationship": "Outer", "Parallel Aware": false, "Async Capable": false, "Join Type": "Inner", "Startup Cost": 1.85, "Total Cost": 2690.9, "Plan Rows": 171.0, "Plan Width": 16, "Actual Rows": 272372, "Actual Loops": 1, "Inner Unique": false, "Plans": [{"Node Type": "Nested Loop", "Parent Relationship": "Outer", "Parallel Aware": false, "Async Capable": false, "Join Type": "Inner", "Startup Cost": 1.56, "Total Cost": 2690.12, "Plan Rows": 7.0, "Plan Width": 24, "Actual Rows": 6956, "Actual Loops": 1, "Inner Unique": false, "Join Filter": "(p.id = v.postid)", "Rows Removed by Join Filter": 0, "Plans": [{"Node Type": "Nested Loop", "Parent Relationship": "Outer", "Parallel Aware": false, "Async Capable": false, "Join Type": "Inner", "Startup Cost": 1.13, "Total Cost": 2689.42, "Plan Rows": 1.0, "Plan Width": 20, "Actual Rows": 44, "Actual Loops": 1, "Inner Unique": true, "Plans": [{"Node Type": "Nested Loop", "Parent Relationship": "Outer", "Parallel Aware": false, "Async Capable": false, "Join Type": "Inner", "Startup Cost": 0.84, "Total Cost": 2689.11, "Plan Rows": 1.0, "Plan Width": 16, "Actual Rows": 44, "Actual Loops": 1, "Inner Unique": false, "Join Filter": "(c.postid = p.id)", "Rows Removed by Join Filter": 0, "Plans": [{"Node Type": "Nested Loop", "Parent Relationship": "Outer", "Parallel Aware": false, "Async Capable": false, "Join Type": "Inner", "Startup Cost": 0.42, "Total Cost": 2688.47, "Plan Rows": 13.0, "Plan Width": 8, "Actual Rows": 74, "Actual Loops": 1, "Inner Unique": false, "Plans": [{"Node Type": "Seq Scan", "Parent Relationship": "Outer", "Parallel Aware": false, "Async Capable": false, "Relation Name": "posts", "Alias": "p", "Startup Cost": 0.0, "Total Cost": 2679.52, "Plan Rows": 1, "Plan Width": 4, "Actual Rows": 14, "Actual Loops": 1, "Filter": "((answercount >= 10) AND (commentcount >= 9) AND (commentcount <= 36) AND (posttypeid = 1))", "Rows Removed by Filter": 91962}, {"Node Type": "Index Scan", "Parent Relationship": "Inner", "Parallel Aware": false, "Async Capable": false, "Scan Direction": "Forward", "Index Name": "idx_posthistory_postid", "Relation Name": "posthistory", "Alias": "ph", "Startup Cost": 0.42, "Total Cost": 8.94, "Plan Rows": 1, "Plan Width": 4, "Actual Rows": 5, "Actual Loops": 14, "Index Cond": "(postid = p.id)", "Rows Removed by Index Recheck": 0, "Filter": "(creationdate <= '2011-12-08 17:46:29'::timestamp without time zone)", "Rows Removed by Filter": 3}]}, {"Node Type": "Index Scan", "Parent Relationship": "Inner", "Parallel Aware": false, "Async Capable": false, "Scan Direction": "Forward", "Index Name": "idx_comments_postid", "Relation Name": "comments", "Alias": "c", "Startup Cost": 0.42, "Total Cost": 0.61, "Plan Rows": 2, "Plan Width": 8, "Actual Rows": 1, "Actual Loops": 74, "Index Cond": "(postid = ph.postid)", "Rows Removed by Index Recheck": 0, "Filter": "((creationdate >= '2012-11-04 16:55:07'::timestamp without time zone) AND (score = 0))", "Rows Removed by Filter": 11}]}, {"Node Type": "Index Only Scan", "Parent Relationship": "Inner", "Parallel Aware": false, "Async Capable": false, "Scan Direction": "Forward", "Index Name": "users_pkey", "Relation Name": "users", "Alias": "u", "Startup Cost": 0.29, "Total Cost": 0.31, "Plan Rows": 1, "Plan Width": 4, "Actual Rows": 1, "Actual Loops": 44, "Index Cond": "(id = c.userid)", "Rows Removed by Index Recheck": 0, "Heap Fetches": 0}]}, {"Node Type": "Index Scan", "Parent Relationship": "Inner", "Parallel Aware": false, "Async Capable": false, "Scan Direction": "Forward", "Index Name": "idx_votes_postid", "Relation Name": "votes", "Alias": "v", "Startup Cost": 0.42, "Total Cost": 0.67, "Plan Rows": 3, "Plan Width": 4, "Actual Rows": 158, "Actual Loops": 44, "Index Cond": "(postid = c.postid)", "Rows Removed by Index Recheck": 0, "Filter": "((creationdate >= '2009-09-17 01:48:09'::timestamp without time zone) AND (creationdate <= '2013-07-23 14:51:51'::timestamp without time zone))", "Rows Removed by Filter": 106}]}, {"Node Type": "Index Only Scan", "Parent Relationship": "Inner", "Parallel Aware": false, "Async Capable": false, "Scan Direction": "Forward", "Index Name": "idx_badges_userid", "Relation Name": "badges", "Alias": "b", "Startup Cost": 0.29, "Total Cost": 0.36, "Plan Rows": 3, "Plan Width": 4, "Actual Rows": 39, "Actual Loops": 6956, "Index Cond": "(userid = u.id)", "Rows Removed by Index Recheck": 0, "Heap Fetches": 0}]}, {"Node Type": "Memoize", "Parent Relationship": "Inner", "Parallel Aware": false, "Async Capable": false, "Startup Cost": 0.3, "Total Cost": 11.35, "Plan Rows": 1, "Plan Width": 4, "Actual Rows": 2, "Actual Loops": 272372, "Cache Key": "p.id", "Cache Mode": "logical", "Cache Hits": 272369, "Cache Misses": 3, "Cache Evictions": 0, "Cache Overflows": 0, "Peak Memory Usage": 1, "Plans": [{"Node Type": "Index Scan", "Parent Relationship": "Outer", "Parallel Aware": false, "Async Capable": false, "Scan Direction": "Forward", "Index Name": "idx_postlinks_relatedpostid", "Relation Name": "postlinks", "Alias": "pl", "Startup Cost": 0.29, "Total Cost": 11.34, "Plan Rows": 1, "Plan Width": 4, "Actual Rows": 1, "Actual Loops": 3, "Index Cond": "(relatedpostid = p.id)", "Rows Removed by Index Recheck": 0, "Filter": "((creationdate >= '2013-06-16 14:13:25'::timestamp without time zone) AND (creationdate <= '2013-08-02 06:39:22'::timestamp without time zone))", "Rows Removed by Filter": 21}]}]}]}, "Planning Time": 8.35, "Triggers": [], "Execution Time": 104.365}, {"Plan": {"Node Type": "Aggregate", "Strategy": "Plain", "Partial Mode": "Simple", "Parallel Aware": false, "Async Capable": false, "Startup Cost": 8099.61, "Total Cost": 8099.62, "Plan Rows": 1, "Plan Width": 8, "Actual Rows": 1, "Actual Loops": 1, "Plans": [{"Node Type": "Hash Join", "Parent Relationship": "Outer", "Parallel Aware": false, "Async Capable": false, "Join Type": "Inner", "Startup Cost": 5377.0, "Total Cost": 8099.16, "Plan Rows": 14.0, "Plan Width": 0, "Actual Rows": 628716, "Actual Loops": 1, "Inner Unique": false, "Hash Cond": "(p.id = pl.relatedpostid)", "Plans": [{"Node Type": "Nested Loop", "Parent Relationship": "Outer", "Parallel Aware": false, "Async Capable": false, "Join Type": "Inner", "Startup Cost": 0.84, "Total Cost": 2689.25, "Plan Rows": 210.0, "Plan Width": 12, "Actual Rows": 5121, "Actual Loops": 1, "Inner Unique": false, "Join Filter": "(p.id = v.postid)", "Rows Removed by Join Filter": 0, "Plans": [{"Node Type": "Nested Loop", "Parent Relationship": "Outer", "Parallel Aware": false, "Async Capable": false, "Join Type": "Inner", "Startup Cost": 0.42, "Total Cost": 2688.47, "Plan Rows": 13.0, "Plan Width": 8, "Actual Rows": 74, "Actual Loops": 1, "Inner Unique": false, "Plans": [{"Node Type": "Seq Scan", "Parent Relationship": "Outer", "Parallel Aware": false, "Async Capable": false, "Relation Name": "posts", "Alias": "p", "Startup Cost": 0.0, "Total Cost": 2679.52, "Plan Rows": 1, "Plan Width": 4, "Actual Rows": 14, "Actual Loops": 1, "Filter": "((answercount >= 10) AND (commentcount >= 9) AND (commentcount <= 36) AND (posttypeid = 1))", "Rows Removed by Filter": 91962}, {"Node Type": "Index Scan", "Parent Relationship": "Inner", "Parallel Aware": false, "Async Capable": false, "Scan Direction": "Forward", "Index Name": "idx_posthistory_postid", "Relation Name": "posthistory", "Alias": "ph", "Startup Cost": 0.42, "Total Cost": 8.94, "Plan Rows": 1, "Plan Width": 4, "Actual Rows": 5, "Actual Loops": 14, "Index Cond": "(postid = p.id)", "Rows Removed by Index Recheck": 0, "Filter": "(creationdate <= '2011-12-08 17:46:29'::timestamp without time zone)", "Rows Removed by Filter": 3}]}, {"Node Type": "Index Scan", "Parent Relationship": "Inner", "Parallel Aware": false, "Async Capable": false, "Scan Direction": "Forward", "Index Name": "idx_votes_postid", "Relation Name": "votes", "Alias": "v", "Startup Cost": 0.42, "Total Cost": 0.74, "Plan Rows": 3, "Plan Width": 4, "Actual Rows": 69, "Actual Loops": 74, "Index Cond": "(postid = ph.postid)", "Rows Removed by Index Recheck": 0, "Filter": "((creationdate >= '2009-09-17 01:48:09'::timestamp without time zone) AND (creationdate <= '2013-07-23 14:51:51'::timestamp without time zone))", "Rows Removed by Filter": 39}]}, {"Node Type": "Hash", "Parent Relationship": "Inner", "Parallel Aware": false, "Async Capable": false, "Startup Cost": 4347.41, "Total Cost": 4347.41, "Plan Rows": 50.0, "Plan Width": 8, "Actual Rows": 59145, "Actual Loops": 1, "Hash Buckets": 131072, "Original Hash Buckets": 131072, "Hash Batches": 1, "Original Hash Batches": 1, "Peak Memory Usage": 3335, "Plans": [{"Node Type": "Nested Loop", "Parent Relationship": "Outer", "Parallel Aware": false, "Async Capable": false, "Join Type": "Inner", "Startup Cost": 1.01, "Total Cost": 4347.41, "Plan Rows": 50.0, "Plan Width": 8, "Actual Rows": 59145, "Actual Loops": 1, "Inner Unique": false, "Plans": [{"Node Type": "Nested Loop", "Parent Relationship": "Outer", "Parallel Aware": false, "Async Capable": false, "Join Type": "Inner", "Startup Cost": 0.72, "Total Cost": 3995.22, "Plan Rows": 2.0, "Plan Width": 16, "Actual Rows": 634, "Actual Loops": 1, "Inner Unique": true, "Plans": [{"Node Type": "Nested Loop", "Parent Relationship": "Outer", "Parallel Aware": false, "Async Capable": false, "Join Type": "Inner", "Startup Cost": 0.43, "Total Cost": 3706.6, "Plan Rows": 3.0, "Plan Width": 12, "Actual Rows": 643, "Actual Loops": 1, "Inner Unique": false, "Plans": [{"Node Type": "Seq Scan", "Parent Relationship": "Outer", "Parallel Aware": false, "Async Capable": false, "Relation Name": "postlinks", "Alias": "pl", "Startup Cost": 0.0, "Total Cost": 248.53, "Plan Rows": 585, "Plan Width": 4, "Actual Rows": 586, "Actual Loops": 1, "Filter": "((creationdate >= '2013-06-16 14:13:25'::timestamp without time zone) AND (creationdate <= '2013-08-02 06:39:22'::timestamp without time zone))", "Rows Removed by Filter": 10516}, {"Node Type": "Memoize", "Parent Relationship": "Inner", "Parallel Aware": false, "Async Capable": false, "Startup Cost": 0.43, "Total Cost": 6.07, "Plan Rows": 2, "Plan Width": 8, "Actual Rows": 1, "Actual Loops": 586, "Cache Key": "pl.relatedpostid", "Cache Mode": "logical", "Cache Hits": 131, "Cache Misses": 455, "Cache Evictions": 0, "Cache Overflows": 0, "Peak Memory Usage": 51, "Plans": [{"Node Type": "Index Scan", "Parent Relationship": "Outer", "Parallel Aware": false, "Async Capable": false, "Scan Direction": "Forward", "Index Name": "idx_comments_postid", "Relation Name": "comments", "Alias": "c", "Startup Cost": 0.42, "Total Cost": 6.06, "Plan Rows": 2, "Plan Width": 8, "Actual Rows": 1, "Actual Loops": 455, "Index Cond": "(postid = pl.relatedpostid)", "Rows Removed by Index Recheck": 0, "Filter": "((creationdate >= '2012-11-04 16:55:07'::timestamp without time zone) AND (score = 0))", "Rows Removed by Filter": 2}]}]}, {"Node Type": "Index Only Scan", "Parent Relationship": "Inner", "Parallel Aware": false, "Async Capable": false, "Scan Direction": "Forward", "Index Name": "users_pkey", "Relation Name": "users", "Alias": "u", "Startup Cost": 0.29, "Total Cost": 0.31, "Plan Rows": 1, "Plan Width": 4, "Actual Rows": 1, "Actual Loops": 643, "Index Cond": "(id = c.userid)", "Rows Removed by Index Recheck": 0, "Heap Fetches": 0}]}, {"Node Type": "Index Only Scan", "Parent Relationship": "Inner", "Parallel Aware": false, "Async Capable": false, "Scan Direction": "Forward", "Index Name": "idx_badges_userid", "Relation Name": "badges", "Alias": "b", "Startup Cost": 0.29, "Total Cost": 0.36, "Plan Rows": 3, "Plan Width": 4, "Actual Rows": 93, "Actual Loops": 634, "Index Cond": "(userid = u.id)", "Rows Removed by Index Recheck": 0, "Heap Fetches": 0}]}]}]}]}, "Planning Time": 7.835, "Triggers": [], "Execution Time": 71.702}, {"Plan": {"Node Type": "Aggregate", "Strategy": "Plain", "Partial Mode": "Simple", "Parallel Aware": false, "Async Capable": false, "Startup Cost": 60966.24, "Total Cost": 60966.25, "Plan Rows": 1, "Plan Width": 8, "Actual Rows": 1, "Actual Loops": 1, "Plans": [{"Node Type": "Merge Join", "Parent Relationship": "Outer", "Parallel Aware": false, "Async Capable": false, "Join Type": "Inner", "Startup Cost": 2956.81, "Total Cost": 60965.79, "Plan Rows": 14.0, "Plan Width": 0, "Actual Rows": 628716, "Actual Loops": 1, "Inner Unique": false, "Merge Cond": "(p.id = c.postid)", "Plans": [{"Node Type": "Nested Loop", "Parent Relationship": "Outer", "Parallel Aware": false, "Async Capable": false, "Join Type": "Inner", "Startup Cost": 2955.79, "Total Cost": 2965.52, "Plan Rows": 18.0, "Plan Width": 16, "Actual Rows": 8256, "Actual Loops": 1, "Inner Unique": false, "Join Filter": "(p.id = v.postid)", "Rows Removed by Join Filter": 0, "Plans": [{"Node Type": "Nested Loop", "Parent Relationship": "Outer", "Parallel Aware": false, "Async Capable": false, "Join Type": "Inner", "Startup Cost": 2955.37, "Total Cost": 2964.75, "Plan Rows": 1.0, "Plan Width": 12, "Actual Rows": 59, "Actual Loops": 1, "Inner Unique": false, "Join Filter": "(p.id = ph.postid)", "Rows Removed by Join Filter": 0, "Plans": [{"Node Type": "Merge Join", "Parent Relationship": "Outer", "Parallel Aware": false, "Async Capable": false, "Join Type": "Inner", "Startup Cost": 2954.95, "Total Cost": 2957.89, "Plan Rows": 2.0, "Plan Width": 8, "Actual Rows": 8, "Actual Loops": 1, "Inner Unique": false, "Merge Cond": "(p.id = pl.relatedpostid)", "Plans": [{"Node Type": "Sort", "Parent Relationship": "Outer", "Parallel Aware": false, "Async Capable": false, "Startup Cost": 2679.53, "Total Cost": 2679.54, "Plan Rows": 1, "Plan Width": 4, "Actual Rows": 13, "Actual Loops": 1, "Sort Key": ["p.id"], "Sort Method": "quicksort", "Sort Space Used": 25, "Sort Space Type": "Memory", "Plans": [{"Node Type": "Seq Scan", "Parent Relationship": "Outer", "Parallel Aware": false, "Async Capable": false, "Relation Name": "posts", "Alias": "p", "Startup Cost": 0.0, "Total Cost": 2679.52, "Plan Rows": 1, "Plan Width": 4, "Actual Rows": 14, "Actual Loops": 1, "Filter": "((answercount >= 10) AND (commentcount >= 9) AND (commentcount <= 36) AND (posttypeid = 1))", "Rows Removed by Filter": 91962}]}, {"Node Type": "Sort", "Parent Relationship": "Inner", "Parallel Aware": false, "Async Capable": false, "Startup Cost": 275.42, "Total Cost": 276.88, "Plan Rows": 585, "Plan Width": 4, "Actual Rows": 586, "Actual Loops": 1, "Sort Key": ["pl.relatedpostid"], "Sort Method": "quicksort", "Sort Space Used": 25, "Sort Space Type": "Memory", "Plans": [{"Node Type": "Seq Scan", "Parent Relationship": "Outer", "Parallel Aware": false, "Async Capable": false, "Relation Name": "postlinks", "Alias": "pl", "Startup Cost": 0.0, "Total Cost": 248.53, "Plan Rows": 585, "Plan Width": 4, "Actual Rows": 586, "Actual Loops": 1, "Filter": "((creationdate >= '2013-06-16 14:13:25'::timestamp without time zone) AND (creationdate <= '2013-08-02 06:39:22'::timestamp without time zone))", "Rows Removed by Filter": 10516}]}]}, {"Node Type": "Index Scan", "Parent Relationship": "Inner", "Parallel Aware": false, "Async Capable": false, "Scan Direction": "Forward", "Index Name": "idx_posthistory_postid", "Relation Name": "posthistory", "Alias": "ph", "Startup Cost": 0.42, "Total Cost": 6.84, "Plan Rows": 1, "Plan Width": 4, "Actual Rows": 7, "Actual Loops": 8, "Index Cond": "(postid = pl.relatedpostid)", "Rows Removed by Index Recheck": 0, "Filter": "(creationdate <= '2011-12-08 17:46:29'::timestamp without time zone)", "Rows Removed by Filter": 4}]}, {"Node Type": "Index Scan", "Parent Relationship": "Inner", "Parallel Aware": false, "Async Capable": false, "Scan Direction": "Forward", "Index Name": "idx_votes_postid", "Relation Name": "votes", "Alias": "v", "Startup Cost": 0.42, "Total Cost": 0.74, "Plan Rows": 3, "Plan Width": 4, "Actual Rows": 140, "Actual Loops": 59, "Index Cond": "(postid = ph.postid)", "Rows Removed by Index Recheck": 0, "Filter": "((creationdate >= '2009-09-17 01:48:09'::timestamp without time zone) AND (creationdate <= '2013-07-23 14:51:51'::timestamp without time zone))", "Rows Removed by Filter": 85}]}, {"Node Type": "Materialize", "Parent Relationship": "Inner", "Parallel Aware": false, "Async Capable": false, "Startup Cost": 1.02, "Total Cost": 39797.89, "Plan Rows": 582.0, "Plan Width": 4, "Actual Rows": 690512, "Actual Loops": 1, "Plans": [{"Node Type": "Nested Loop", "Parent Relationship": "Outer", "Parallel Aware": false, "Async Capable": false, "Join Type": "Inner", "Startup Cost": 1.02, "Total Cost": 21597.09, "Plan Rows": 582.0, "Plan Width": 4, "Actual Rows": 62192, "Actual Loops": 1, "Inner Unique": false, "Join Filter": "(b.userid = u.id)", "Rows Removed by Join Filter": 0, "Plans": [{"Node Type": "Nested Loop", "Parent Relationship": "Outer", "Parallel Aware": false, "Async Capable": false, "Join Type": "Inner", "Startup Cost": 0.72, "Total Cost": 12407.5, "Plan Rows": 22.0, "Plan Width": 12, "Actual Rows": 799, "Actual Loops": 1, "Inner Unique": true, "Plans": [{"Node Type": "Index Scan", "Parent Relationship": "Outer", "Parallel Aware": false, "Async Capable": false, "Scan Direction": "Forward", "Index Name": "idx_comments_postid", "Relation Name": "comments", "Alias": "c", "Startup Cost": 0.42, "Total Cost": 6292.76, "Plan Rows": 81561, "Plan Width": 8, "Actual Rows": 824, "Actual Loops": 1, "Filter": "((creationdate >= '2012-11-04 16:55:07'::timestamp without time zone) AND (score = 0))", "Rows Removed by Filter": 20454}, {"Node Type": "Memoize", "Parent Relationship": "Inner", "Parallel Aware": false, "Async Capable": false, "Startup Cost": 0.3, "Total Cost": 0.32, "Plan Rows": 1, "Plan Width": 4, "Actual Rows": 1, "Actual Loops": 824, "Cache Key": "c.userid", "Cache Mode": "logical", "Cache Hits": 469, "Cache Misses": 355, "Cache Evictions": 0, "Cache Overflows": 0, "Peak Memory Usage": 37, "Plans": [{"Node Type": "Index Only Scan", "Parent Relationship": "Outer", "Parallel Aware": false, "Async Capable": false, "Scan Direction": "Forward", "Index Name": "users_pkey", "Relation Name": "users", "Alias": "u", "Startup Cost": 0.29, "Total Cost": 0.31, "Plan Rows": 1, "Plan Width": 4, "Actual Rows": 1, "Actual Loops": 355, "Index Cond": "(id = c.userid)", "Rows Removed by Index Recheck": 0, "Heap Fetches": 0}]}]}, {"Node Type": "Memoize", "Parent Relationship": "Inner", "Parallel Aware": false, "Async Capable": false, "Startup Cost": 0.3, "Total Cost": 0.36, "Plan Rows": 3, "Plan Width": 4, "Actual Rows": 78, "Actual Loops": 799, "Cache Key": "c.userid", "Cache Mode": "logical", "Cache Hits": 445, "Cache Misses": 354, "Cache Evictions": 0, "Cache Overflows": 0, "Peak Memory Usage": 343, "Plans": [{"Node Type": "Index Only Scan", "Parent Relationship": "Outer", "Parallel Aware": false, "Async Capable": false, "Scan Direction": "Forward", "Index Name": "idx_badges_userid", "Relation Name": "badges", "Alias": "b", "Startup Cost": 0.29, "Total Cost": 0.35, "Plan Rows": 3, "Plan Width": 4, "Actual Rows": 26, "Actual Loops": 354, "Index Cond": "(userid = c.userid)", "Rows Removed by Index Recheck": 0, "Heap Fetches": 0}]}]}]}]}]}, "Planning Time": 7.813, "Triggers": [], "Execution Time": 92.778}, {"Plan": {"Node Type": "Aggregate", "Strategy": "Plain", "Partial Mode": "Simple", "Parallel Aware": false, "Async Capable": false, "Startup Cost": 7448.64, "Total Cost": 7448.65, "Plan Rows": 1, "Plan Width": 8, "Actual Rows": 1, "Actual Loops": 1, "Plans": [{"Node Type": "Hash Join", "Parent Relationship": "Outer", "Parallel Aware": false, "Async Capable": false, "Join Type": "Inner", "Startup Cost": 2690.28, "Total Cost": 7448.2, "Plan Rows": 14.0, "Plan Width": 0, "Actual Rows": 628716, "Actual Loops": 1, "Inner Unique": false, "Hash Cond": "(pl.relatedpostid = p.id)", "Plans": [{"Node Type": "Nested Loop", "Parent Relationship": "Outer", "Parallel Aware": false, "Async Capable": false, "Join Type": "Inner", "Startup Cost": 1.01, "Total Cost": 4347.41, "Plan Rows": 50.0, "Plan Width": 8, "Actual Rows": 59145, "Actual Loops": 1, "Inner Unique": false, "Plans": [{"Node Type": "Nested Loop", "Parent Relationship": "Outer", "Parallel Aware": false, "Async Capable": false, "Join Type": "Inner", "Startup Cost": 0.72, "Total Cost": 3995.22, "Plan Rows": 2.0, "Plan Width": 16, "Actual Rows": 634, "Actual Loops": 1, "Inner Unique": true, "Plans": [{"Node Type": "Nested Loop", "Parent Relationship": "Outer", "Parallel Aware": false, "Async Capable": false, "Join Type": "Inner", "Startup Cost": 0.43, "Total Cost": 3706.6, "Plan Rows": 3.0, "Plan Width": 12, "Actual Rows": 643, "Actual Loops": 1, "Inner Unique": false, "Plans": [{"Node Type": "Seq Scan", "Parent Relationship": "Outer", "Parallel Aware": false, "Async Capable": false, "Relation Name": "postlinks", "Alias": "pl", "Startup Cost": 0.0, "Total Cost": 248.53, "Plan Rows": 585, "Plan Width": 4, "Actual Rows": 586, "Actual Loops": 1, "Filter": "((creationdate >= '2013-06-16 14:13:25'::timestamp without time zone) AND (creationdate <= '2013-08-02 06:39:22'::timestamp without time zone))", "Rows Removed by Filter": 10516}, {"Node Type": "Memoize", "Parent Relationship": "Inner", "Parallel Aware": false, "Async Capable": false, "Startup Cost": 0.43, "Total Cost": 6.07, "Plan Rows": 2, "Plan Width": 8, "Actual Rows": 1, "Actual Loops": 586, "Cache Key": "pl.relatedpostid", "Cache Mode": "logical", "Cache Hits": 131, "Cache Misses": 455, "Cache Evictions": 0, "Cache Overflows": 0, "Peak Memory Usage": 51, "Plans": [{"Node Type": "Index Scan", "Parent Relationship": "Outer", "Parallel Aware": false, "Async Capable": false, "Scan Direction": "Forward", "Index Name": "idx_comments_postid", "Relation Name": "comments", "Alias": "c", "Startup Cost": 0.42, "Total Cost": 6.06, "Plan Rows": 2, "Plan Width": 8, "Actual Rows": 1, "Actual Loops": 455, "Index Cond": "(postid = pl.relatedpostid)", "Rows Removed by Index Recheck": 0, "Filter": "((creationdate >= '2012-11-04 16:55:07'::timestamp without time zone) AND (score = 0))", "Rows Removed by Filter": 2}]}]}, {"Node Type": "Index Only Scan", "Parent Relationship": "Inner", "Parallel Aware": false, "Async Capable": false, "Scan Direction": "Forward", "Index Name": "users_pkey", "Relation Name": "users", "Alias": "u", "Startup Cost": 0.29, "Total Cost": 0.31, "Plan Rows": 1, "Plan Width": 4, "Actual Rows": 1, "Actual Loops": 643, "Index Cond": "(id = c.userid)", "Rows Removed by Index Recheck": 0, "Heap Fetches": 0}]}, {"Node Type": "Index Only Scan", "Parent Relationship": "Inner", "Parallel Aware": false, "Async Capable": false, "Scan Direction": "Forward", "Index Name": "idx_badges_userid", "Relation Name": "badges", "Alias": "b", "Startup Cost": 0.29, "Total Cost": 0.36, "Plan Rows": 3, "Plan Width": 4, "Actual Rows": 93, "Actual Loops": 634, "Index Cond": "(userid = u.id)", "Rows Removed by Index Recheck": 0, "Heap Fetches": 0}]}, {"Node Type": "Hash", "Parent Relationship": "Inner", "Parallel Aware": false, "Async Capable": false, "Startup Cost": 2689.25, "Total Cost": 2689.25, "Plan Rows": 210.0, "Plan Width": 12, "Actual Rows": 5121, "Actual Loops": 1, "Hash Buckets": 8192, "Original Hash Buckets": 1024, "Hash Batches": 1, "Original Hash Batches": 1, "Peak Memory Usage": 285, "Plans": [{"Node Type": "Nested Loop", "Parent Relationship": "Outer", "Parallel Aware": false, "Async Capable": false, "Join Type": "Inner", "Startup Cost": 0.84, "Total Cost": 2689.25, "Plan Rows": 210.0, "Plan Width": 12, "Actual Rows": 5121, "Actual Loops": 1, "Inner Unique": false, "Join Filter": "(p.id = v.postid)", "Rows Removed by Join Filter": 0, "Plans": [{"Node Type": "Nested Loop", "Parent Relationship": "Outer", "Parallel Aware": false, "Async Capable": false, "Join Type": "Inner", "Startup Cost": 0.42, "Total Cost": 2688.47, "Plan Rows": 13.0, "Plan Width": 8, "Actual Rows": 74, "Actual Loops": 1, "Inner Unique": false, "Plans": [{"Node Type": "Seq Scan", "Parent Relationship": "Outer", "Parallel Aware": false, "Async Capable": false, "Relation Name": "posts", "Alias": "p", "Startup Cost": 0.0, "Total Cost": 2679.52, "Plan Rows": 1, "Plan Width": 4, "Actual Rows": 14, "Actual Loops": 1, "Filter": "((answercount >= 10) AND (commentcount >= 9) AND (commentcount <= 36) AND (posttypeid = 1))", "Rows Removed by Filter": 91962}, {"Node Type": "Index Scan", "Parent Relationship": "Inner", "Parallel Aware": false, "Async Capable": false, "Scan Direction": "Forward", "Index Name": "idx_posthistory_postid", "Relation Name": "posthistory", "Alias": "ph", "Startup Cost": 0.42, "Total Cost": 8.94, "Plan Rows": 1, "Plan Width": 4, "Actual Rows": 5, "Actual Loops": 14, "Index Cond": "(postid = p.id)", "Rows Removed by Index Recheck": 0, "Filter": "(creationdate <= '2011-12-08 17:46:29'::timestamp without time zone)", "Rows Removed by Filter": 3}]}, {"Node Type": "Index Scan", "Parent Relationship": "Inner", "Parallel Aware": false, "Async Capable": false, "Scan Direction": "Forward", "Index Name": "idx_votes_postid", "Relation Name": "votes", "Alias": "v", "Startup Cost": 0.42, "Total Cost": 0.74, "Plan Rows": 3, "Plan Width": 4, "Actual Rows": 69, "Actual Loops": 74, "Index Cond": "(postid = ph.postid)", "Rows Removed by Index Recheck": 0, "Filter": "((creationdate >= '2009-09-17 01:48:09'::timestamp without time zone) AND (creationdate <= '2013-07-23 14:51:51'::timestamp without time zone))", "Rows Removed by Filter": 39}]}]}]}]}, "Planning Time": 7.654, "Triggers": [], "Execution Time": 62.037}, {"Plan": {"Node Type": "Aggregate", "Strategy": "Plain", "Partial Mode": "Simple", "Parallel Aware": false, "Async Capable": false, "Startup Cost": 9209.73, "Total Cost": 9209.74, "Plan Rows": 1, "Plan Width": 8, "Actual Rows": 1, "Actual Loops": 1, "Plans": [{"Node Type": "Merge Join", "Parent Relationship": "Outer", "Parallel Aware": false, "Async Capable": false, "Join Type": "Inner", "Startup Cost": 2693.41, "Total Cost": 9209.28, "Plan Rows": 14.0, "Plan Width": 0, "Actual Rows": 628716, "Actual Loops": 1, "Inner Unique": false, "Merge Cond": "(pl.relatedpostid = p.id)", "Plans": [{"Node Type": "Nested Loop", "Parent Relationship": "Outer", "Parallel Aware": false, "Async Capable": false, "Join Type": "Inner", "Startup Cost": 0.72, "Total Cost": 6495.09, "Plan Rows": 934.0, "Plan Width": 8, "Actual Rows": 4315, "Actual Loops": 1, "Inner Unique": false, "Plans": [{"Node Type": "Index Scan", "Parent Relationship": "Outer", "Parallel Aware": false, "Async Capable": false, "Scan Direction": "Forward", "Index Name": "idx_postlinks_relatedpostid", "Relation Name": "postlinks", "Alias": "pl", "Startup Cost": 0.29, "Total Cost": 586.47, "Plan Rows": 585, "Plan Width": 4, "Actual Rows": 85, "Actual Loops": 1, "Filter": "((creationdate >= '2013-06-16 14:13:25'::timestamp without time zone) AND (creationdate <= '2013-08-02 06:39:22'::timestamp without time zone))", "Rows Removed by Filter": 1821}, {"Node Type": "Memoize", "Parent Relationship": "Inner", "Parallel Aware": false, "Async Capable": false, "Startup Cost": 0.43, "Total Cost": 10.38, "Plan Rows": 3, "Plan Width": 4, "Actual Rows": 51, "Actual Loops": 85, "Cache Key": "pl.relatedpostid", "Cache Mode": "logical", "Cache Hits": 36, "Cache Misses": 49, "Cache Evictions": 0, "Cache Overflows": 0, "Peak Memory Usage": 83, "Plans": [{"Node Type": "Index Scan", "Parent Relationship": "Outer", "Parallel Aware": false, "Async Capable": false, "Scan Direction": "Forward", "Index Name": "idx_votes_postid", "Relation Name": "votes", "Alias": "v", "Startup Cost": 0.42, "Total Cost": 10.37, "Plan Rows": 3, "Plan Width": 4, "Actual Rows": 46, "Actual Loops": 49, "Index Cond": "(postid = pl.relatedpostid)", "Rows Removed by Index Recheck": 0, "Filter": "((creationdate >= '2009-09-17 01:48:09'::timestamp without time zone) AND (creationdate <= '2013-07-23 14:51:51'::timestamp without time zone))", "Rows Removed by Filter": 22}]}]}, {"Node Type": "Sort", "Parent Relationship": "Inner", "Parallel Aware": false, "Async Capable": false, "Startup Cost": 2692.69, "Total Cost": 2692.91, "Plan Rows": 9.0, "Plan Width": 12, "Actual Rows": 628652, "Actual Loops": 1, "Sort Key": ["c.postid"], "Sort Method": "quicksort", "Sort Space Used": 177, "Sort Space Type": "Memory", "Plans": [{"Node Type": "Nested Loop", "Parent Relationship": "Outer", "Parallel Aware": false, "Async Capable": false, "Join Type": "Inner", "Startup Cost": 1.43, "Total Cost": 2689.81, "Plan Rows": 9.0, "Plan Width": 12, "Actual Rows": 2060, "Actual Loops": 1, "Inner Unique": false, "Plans": [{"Node Type": "Nested Loop", "Parent Relationship": "Outer", "Parallel Aware": false, "Async Capable": false, "Join Type": "Inner", "Startup Cost": 1.13, "Total Cost": 2689.42, "Plan Rows": 1.0, "Plan Width": 20, "Actual Rows": 44, "Actual Loops": 1, "Inner Unique": true, "Plans": [{"Node Type": "Nested Loop", "Parent Relationship": "Outer", "Parallel Aware": false, "Async Capable": false, "Join Type": "Inner", "Startup Cost": 0.84, "Total Cost": 2689.11, "Plan Rows": 1.0, "Plan Width": 16, "Actual Rows": 44, "Actual Loops": 1, "Inner Unique": false, "Join Filter": "(c.postid = p.id)", "Rows Removed by Join Filter": 0, "Plans": [{"Node Type": "Nested Loop", "Parent Relationship": "Outer", "Parallel Aware": false, "Async Capable": false, "Join Type": "Inner", "Startup Cost": 0.42, "Total Cost": 2688.47, "Plan Rows": 13.0, "Plan Width": 8, "Actual Rows": 74, "Actual Loops": 1, "Inner Unique": false, "Plans": [{"Node Type": "Seq Scan", "Parent Relationship": "Outer", "Parallel Aware": false, "Async Capable": false, "Relation Name": "posts", "Alias": "p", "Startup Cost": 0.0, "Total Cost": 2679.52, "Plan Rows": 1, "Plan Width": 4, "Actual Rows": 14, "Actual Loops": 1, "Filter": "((answercount >= 10) AND (commentcount >= 9) AND (commentcount <= 36) AND (posttypeid = 1))", "Rows Removed by Filter": 91962}, {"Node Type": "Index Scan", "Parent Relationship": "Inner", "Parallel Aware": false, "Async Capable": false, "Scan Direction": "Forward", "Index Name": "idx_posthistory_postid", "Relation Name": "posthistory", "Alias": "ph", "Startup Cost": 0.42, "Total Cost": 8.94, "Plan Rows": 1, "Plan Width": 4, "Actual Rows": 5, "Actual Loops": 14, "Index Cond": "(postid = p.id)", "Rows Removed by Index Recheck": 0, "Filter": "(creationdate <= '2011-12-08 17:46:29'::timestamp without time zone)", "Rows Removed by Filter": 3}]}, {"Node Type": "Index Scan", "Parent Relationship": "Inner", "Parallel Aware": false, "Async Capable": false, "Scan Direction": "Forward", "Index Name": "idx_comments_postid", "Relation Name": "comments", "Alias": "c", "Startup Cost": 0.42, "Total Cost": 0.61, "Plan Rows": 2, "Plan Width": 8, "Actual Rows": 1, "Actual Loops": 74, "Index Cond": "(postid = ph.postid)", "Rows Removed by Index Recheck": 0, "Filter": "((creationdate >= '2012-11-04 16:55:07'::timestamp without time zone) AND (score = 0))", "Rows Removed by Filter": 11}]}, {"Node Type": "Index Only Scan", "Parent Relationship": "Inner", "Parallel Aware": false, "Async Capable": false, "Scan Direction": "Forward", "Index Name": "users_pkey", "Relation Name": "users", "Alias": "u", "Startup Cost": 0.29, "Total Cost": 0.31, "Plan Rows": 1, "Plan Width": 4, "Actual Rows": 1, "Actual Loops": 44, "Index Cond": "(id = c.userid)", "Rows Removed by Index Recheck": 0, "Heap Fetches": 0}]}, {"Node Type": "Index Only Scan", "Parent Relationship": "Inner", "Parallel Aware": false, "Async Capable": false, "Scan Direction": "Forward", "Index Name": "idx_badges_userid", "Relation Name": "badges", "Alias": "b", "Startup Cost": 0.29, "Total Cost": 0.36, "Plan Rows": 3, "Plan Width": 4, "Actual Rows": 47, "Actual Loops": 44, "Index Cond": "(userid = u.id)", "Rows Removed by Index Recheck": 0, "Heap Fetches": 0}]}]}]}]}, "Planning Time": 7.55, "Triggers": [], "Execution Time": 63.606}, {"Plan": {"Node Type": "Aggregate", "Strategy": "Plain", "Partial Mode": "Simple", "Parallel Aware": false, "Async Capable": false, "Startup Cost": 11784.21, "Total Cost": 11784.22, "Plan Rows": 1, "Plan Width": 8, "Actual Rows": 1, "Actual Loops": 1, "Plans": [{"Node Type": "Hash Join", "Parent Relationship": "Outer", "Parallel Aware": false, "Async Capable": false, "Join Type": "Inner", "Startup Cost": 7785.63, "Total Cost": 11783.76, "Plan Rows": 14.0, "Plan Width": 0, "Actual Rows": 628716, "Actual Loops": 1, "Inner Unique": true, "Hash Cond": "(pl.relatedpostid = p.id)", "Plans": [{"Node Type": "Hash Join", "Parent Relationship": "Outer", "Parallel Aware": false, "Async Capable": false, "Join Type": "Inner", "Startup Cost": 5106.1, "Total Cost": 6825.43, "Plan Rows": 478.0, "Plan Width": 16, "Actual Rows": 1487640, "Actual Loops": 1, "Inner Unique": false, "Hash Cond": "(b.userid = u.id)", "Plans": [{"Node Type": "Seq Scan", "Parent Relationship": "Outer", "Parallel Aware": false, "Async Capable": false, "Relation Name": "badges", "Alias": "b", "Startup Cost": 0.0, "Total Cost": 1230.51, "Plan Rows": 79851, "Plan Width": 4, "Actual Rows": 79851, "Actual Loops": 1}, {"Node Type": "Hash", "Parent Relationship": "Inner", "Parallel Aware": false, "Async Capable": false, "Startup Cost": 4986.55, "Total Cost": 4986.55, "Plan Rows": 18.0, "Plan Width": 24, "Actual Rows": 26627, "Actual Loops": 1, "Hash Buckets": 32768, "Original Hash Buckets": 16384, "Hash Batches": 1, "Original Hash Batches": 1, "Peak Memory Usage": 1713, "Plans": [{"Node Type": "Nested Loop", "Parent Relationship": "Outer", "Parallel Aware": false, "Async Capable": false, "Join Type": "Inner", "Startup Cost": 1.56, "Total Cost": 4986.55, "Plan Rows": 18.0, "Plan Width": 24, "Actual Rows": 26627, "Actual Loops": 1, "Inner Unique": false, "Join Filter": "(pl.relatedpostid = v.postid)", "Rows Removed by Join Filter": 0, "Plans": [{"Node Type": "Nested Loop", "Parent Relationship": "Outer", "Parallel Aware": false, "Async Capable": false, "Join Type": "Inner", "Startup Cost": 1.14, "Total Cost": 4517.98, "Plan Rows": 1.0, "Plan Width": 20, "Actual Rows": 356, "Actual Loops": 1, "Inner Unique": true, "Plans": [{"Node Type": "Nested Loop", "Parent Relationship": "Outer", "Parallel Aware": false, "Async Capable": false, "Join Type": "Inner", "Startup Cost": 0.85, "Total Cost": 4305.73, "Plan Rows": 3.0, "Plan Width": 16, "Actual Rows": 363, "Actual Loops": 1, "Inner Unique": false, "Join Filter": "(pl.relatedpostid = ph.postid)", "Rows Removed by Join Filter": 0, "Plans": [{"Node Type": "Nested Loop", "Parent Relationship": "Outer", "Parallel Aware": false, "Async Capable": false, "Join Type": "Inner", "Startup Cost": 0.43, "Total Cost": 3706.6, "Plan Rows": 3.0, "Plan Width": 12, "Actual Rows": 643, "Actual Loops": 1, "Inner Unique": false, "Plans": [{"Node Type": "Seq Scan", "Parent Relationship": "Outer", "Parallel Aware": false, "Async Capable": false, "Relation Name": "postlinks", "Alias": "pl", "Startup Cost": 0.0, "Total Cost": 248.53, "Plan Rows": 585, "Plan Width": 4, "Actual Rows": 586, "Actual Loops": 1, "Filter": "((creationdate >= '2013-06-16 14:13:25'::timestamp without time zone) AND (creationdate <= '2013-08-02 06:39:22'::timestamp without time zone))", "Rows Removed by Filter": 10516}, {"Node Type": "Memoize", "Parent Relationship": "Inner", "Parallel Aware": false, "Async Capable": false, "Startup Cost": 0.43, "Total Cost": 6.07, "Plan Rows": 2, "Plan Width": 8, "Actual Rows": 1, "Actual Loops": 586, "Cache Key": "pl.relatedpostid", "Cache Mode": "logical", "Cache Hits": 131, "Cache Misses": 455, "Cache Evictions": 0, "Cache Overflows": 0, "Peak Memory Usage": 51, "Plans": [{"Node Type": "Index Scan", "Parent Relationship": "Outer", "Parallel Aware": false, "Async Capable": false, "Scan Direction": "Forward", "Index Name": "idx_comments_postid", "Relation Name": "comments", "Alias": "c", "Startup Cost": 0.42, "Total Cost": 6.06, "Plan Rows": 2, "Plan Width": 8, "Actual Rows": 1, "Actual Loops": 455, "Index Cond": "(postid = pl.relatedpostid)", "Rows Removed by Index Recheck": 0, "Filter": "((creationdate >= '2012-11-04 16:55:07'::timestamp without time zone) AND (score = 0))", "Rows Removed by Filter": 2}]}]}, {"Node Type": "Index Scan", "Parent Relationship": "Inner", "Parallel Aware": false, "Async Capable": false, "Scan Direction": "Forward", "Index Name": "idx_posthistory_postid", "Relation Name": "posthistory", "Alias": "ph", "Startup Cost": 0.42, "Total Cost": 0.64, "Plan Rows": 1, "Plan Width": 4, "Actual Rows": 1, "Actual Loops": 643, "Index Cond": "(postid = c.postid)", "Rows Removed by Index Recheck": 0, "Filter": "(creationdate <= '2011-12-08 17:46:29'::timestamp without time zone)", "Rows Removed by Filter": 7}]}, {"Node Type": "Index Only Scan", "Parent Relationship": "Inner", "Parallel Aware": false, "Async Capable": false, "Scan Direction": "Forward", "Index Name": "users_pkey", "Relation Name": "users", "Alias": "u", "Startup Cost": 0.29, "Total Cost": 0.31, "Plan Rows": 1, "Plan Width": 4, "Actual Rows": 1, "Actual Loops": 363, "Index Cond": "(id = c.userid)", "Rows Removed by Index Recheck": 0, "Heap Fetches": 0}]}, {"Node Type": "Index Scan", "Parent Relationship": "Inner", "Parallel Aware": false, "Async Capable": false, "Scan Direction": "Forward", "Index Name": "idx_votes_postid", "Relation Name": "votes", "Alias": "v", "Startup Cost": 0.42, "Total Cost": 0.67, "Plan Rows": 3, "Plan Width": 4, "Actual Rows": 75, "Actual Loops": 356, "Index Cond": "(postid = c.postid)", "Rows Removed by Index Recheck": 0, "Filter": "((creationdate >= '2009-09-17 01:48:09'::timestamp without time zone) AND (creationdate <= '2013-07-23 14:51:51'::timestamp without time zone))", "Rows Removed by Filter": 42}]}]}]}, {"Node Type": "Hash", "Parent Relationship": "Inner", "Parallel Aware": false, "Async Capable": false, "Startup Cost": 2679.52, "Total Cost": 2679.52, "Plan Rows": 1, "Plan Width": 4, "Actual Rows": 14, "Actual Loops": 1, "Hash Buckets": 1024, "Original Hash Buckets": 1024, "Hash Batches": 1, "Original Hash Batches": 1, "Peak Memory Usage": 9, "Plans": [{"Node Type": "Seq Scan", "Parent Relationship": "Outer", "Parallel Aware": false, "Async Capable": false, "Relation Name": "posts", "Alias": "p", "Startup Cost": 0.0, "Total Cost": 2679.52, "Plan Rows": 1, "Plan Width": 4, "Actual Rows": 14, "Actual Loops": 1, "Filter": "((answercount >= 10) AND (commentcount >= 9) AND (commentcount <= 36) AND (posttypeid = 1))", "Rows Removed by Filter": 91962}]}]}]}, "Planning Time": 8.713, "Triggers": [], "Execution Time": 222.828}, {"Plan": {"Node Type": "Aggregate", "Strategy": "Plain", "Partial Mode": "Simple", "Parallel Aware": false, "Async Capable": false, "Startup Cost": 5736.13, "Total Cost": 5736.14, "Plan Rows": 1, "Plan Width": 8, "Actual Rows": 1, "Actual Loops": 1, "Plans": [{"Node Type": "Hash Join", "Parent Relationship": "Outer", "Parallel Aware": false, "Async Capable": false, "Join Type": "Inner", "Startup Cost": 3894.5, "Total Cost": 5735.68, "Plan Rows": 14.0, "Plan Width": 0, "Actual Rows": 628716, "Actual Loops": 1, "Inner Unique": false, "Hash Cond": "(b.userid = c.userid)", "Plans": [{"Node Type": "Hash Join", "Parent Relationship": "Outer", "Parallel Aware": false, "Async Capable": false, "Join Type": "Inner", "Startup Cost": 1204.31, "Total Cost": 2644.45, "Plan Rows": 9973.0, "Plan Width": 8, "Actual Rows": 79851, "Actual Loops": 1, "Inner Unique": true, "Hash Cond": "(b.userid = u.id)", "Plans": [{"Node Type": "Seq Scan", "Parent Relationship": "Outer", "Parallel Aware": false, "Async Capable": false, "Relation Name": "badges", "Alias": "b", "Startup Cost": 0.0, "Total Cost": 1230.51, "Plan Rows": 79851, "Plan Width": 4, "Actual Rows": 79851, "Actual Loops": 1}, {"Node Type": "Hash", "Parent Relationship": "Inner", "Parallel Aware": false, "Async Capable": false, "Startup Cost": 700.25, "Total Cost": 700.25, "Plan Rows": 40325, "Plan Width": 4, "Actual Rows": 40325, "Actual Loops": 1, "Hash Buckets": 65536, "Original Hash Buckets": 65536, "Hash Batches": 1, "Original Hash Batches": 1, "Peak Memory Usage": 1930, "Plans": [{"Node Type": "Seq Scan", "Parent Relationship": "Outer", "Parallel Aware": false, "Async Capable": false, "Relation Name": "users", "Alias": "u", "Startup Cost": 0.0, "Total Cost": 700.25, "Plan Rows": 40325, "Plan Width": 4, "Actual Rows": 40325, "Actual Loops": 1}]}]}, {"Node Type": "Hash", "Parent Relationship": "Inner", "Parallel Aware": false, "Async Capable": false, "Startup Cost": 2690.16, "Total Cost": 2690.16, "Plan Rows": 1.0, "Plan Width": 4, "Actual Rows": 14324, "Actual Loops": 1, "Hash Buckets": 16384, "Original Hash Buckets": 1024, "Hash Batches": 1, "Original Hash Batches": 1, "Peak Memory Usage": 632, "Plans": [{"Node Type": "Nested Loop", "Parent Relationship": "Outer", "Parallel Aware": false, "Async Capable": false, "Join Type": "Inner", "Startup Cost": 1.55, "Total Cost": 2690.16, "Plan Rows": 1.0, "Plan Width": 4, "Actual Rows": 14324, "Actual Loops": 1, "Inner Unique": false, "Join Filter": "(p.id = v.postid)", "Rows Removed by Join Filter": 0, "Plans": [{"Node Type": "Nested Loop", "Parent Relationship": "Outer", "Parallel Aware": false, "Async Capable": false, "Join Type": "Inner", "Startup Cost": 1.13, "Total Cost": 2689.46, "Plan Rows": 1.0, "Plan Width": 20, "Actual Rows": 68, "Actual Loops": 1, "Inner Unique": false, "Join Filter": "(p.id = pl.relatedpostid)", "Rows Removed by Join Filter": 0, "Plans": [{"Node Type": "Nested Loop", "Parent Relationship": "Outer", "Parallel Aware": false, "Async Capable": false, "Join Type": "Inner", "Startup Cost": 0.84, "Total Cost": 2689.11, "Plan Rows": 1.0, "Plan Width": 16, "Actual Rows": 44, "Actual Loops": 1, "Inner Unique": false, "Join Filter": "(c.postid = p.id)", "Rows Removed by Join Filter": 0, "Plans": [{"Node Type": "Nested Loop", "Parent Relationship": "Outer", "Parallel Aware": false, "Async Capable": false, "Join Type": "Inner", "Startup Cost": 0.42, "Total Cost": 2688.47, "Plan Rows": 13.0, "Plan Width": 8, "Actual Rows": 74, "Actual Loops": 1, "Inner Unique": false, "Plans": [{"Node Type": "Seq Scan", "Parent Relationship": "Outer", "Parallel Aware": false, "Async Capable": false, "Relation Name": "posts", "Alias": "p", "Startup Cost": 0.0, "Total Cost": 2679.52, "Plan Rows": 1, "Plan Width": 4, "Actual Rows": 14, "Actual Loops": 1, "Filter": "((answercount >= 10) AND (commentcount >= 9) AND (commentcount <= 36) AND (posttypeid = 1))", "Rows Removed by Filter": 91962}, {"Node Type": "Index Scan", "Parent Relationship": "Inner", "Parallel Aware": false, "Async Capable": false, "Scan Direction": "Forward", "Index Name": "idx_posthistory_postid", "Relation Name": "posthistory", "Alias": "ph", "Startup Cost": 0.42, "Total Cost": 8.94, "Plan Rows": 1, "Plan Width": 4, "Actual Rows": 5, "Actual Loops": 14, "Index Cond": "(postid = p.id)", "Rows Removed by Index Recheck": 0, "Filter": "(creationdate <= '2011-12-08 17:46:29'::timestamp without time zone)", "Rows Removed by Filter": 3}]}, {"Node Type": "Index Scan", "Parent Relationship": "Inner", "Parallel Aware": false, "Async Capable": false, "Scan Direction": "Forward", "Index Name": "idx_comments_postid", "Relation Name": "comments", "Alias": "c", "Startup Cost": 0.42, "Total Cost": 0.61, "Plan Rows": 2, "Plan Width": 8, "Actual Rows": 1, "Actual Loops": 74, "Index Cond": "(postid = ph.postid)", "Rows Removed by Index Recheck": 0, "Filter": "((creationdate >= '2012-11-04 16:55:07'::timestamp without time zone) AND (score = 0))", "Rows Removed by Filter": 11}]}, {"Node Type": "Index Scan", "Parent Relationship": "Inner", "Parallel Aware": false, "Async Capable": false, "Scan Direction": "Forward", "Index Name": "idx_postlinks_relatedpostid", "Relation Name": "postlinks", "Alias": "pl", "Startup Cost": 0.29, "Total Cost": 0.34, "Plan Rows": 1, "Plan Width": 4, "Actual Rows": 2, "Actual Loops": 44, "Index Cond": "(relatedpostid = c.postid)", "Rows Removed by Index Recheck": 0, "Filter": "((creationdate >= '2013-06-16 14:13:25'::timestamp without time zone) AND (creationdate <= '2013-08-02 06:39:22'::timestamp without time zone))", "Rows Removed by Filter": 26}]}, {"Node Type": "Index Scan", "Parent Relationship": "Inner", "Parallel Aware": false, "Async Capable": false, "Scan Direction": "Forward", "Index Name": "idx_votes_postid", "Relation Name": "votes", "Alias": "v", "Startup Cost": 0.42, "Total Cost": 0.67, "Plan Rows": 3, "Plan Width": 4, "Actual Rows": 211, "Actual Loops": 68, "Index Cond": "(postid = c.postid)", "Rows Removed by Index Recheck": 0, "Filter": "((creationdate >= '2009-09-17 01:48:09'::timestamp without time zone) AND (creationdate <= '2013-07-23 14:51:51'::timestamp without time zone))", "Rows Removed by Filter": 136}]}]}]}]}, "Planning Time": 8.256, "Triggers": [], "Execution Time": 91.333}, {"Plan": {"Node Type": "Aggregate", "Strategy": "Plain", "Partial Mode": "Finalize", "Parallel Aware": false, "Async Capable": false, "Startup Cost": 15584.01, "Total Cost": 15584.02, "Plan Rows": 1, "Plan Width": 8, "Actual Rows": 1, "Actual Loops": 1, "Plans": [{"Node Type": "Gather", "Parent Relationship": "Outer", "Parallel Aware": false, "Async Capable": false, "Startup Cost": 15583.89, "Total Cost": 15584.0, "Plan Rows": 1, "Plan Width": 8, "Actual Rows": 2, "Actual Loops": 1, "Workers Planned": 1, "Workers Launched": 1, "Single Copy": false, "Plans": [{"Node Type": "Aggregate", "Strategy": "Plain", "Partial Mode": "Partial", "Parent Relationship": "Outer", "Parallel Aware": false, "Async Capable": false, "Startup Cost": 14583.89, "Total Cost": 14583.9, "Plan Rows": 1, "Plan Width": 8, "Actual Rows": 1, "Actual Loops": 2, "Workers": [], "Plans": [{"Node Type": "Merge Join", "Parent Relationship": "Outer", "Parallel Aware": false, "Async Capable": false, "Join Type": "Inner", "Startup Cost": 2693.46, "Total Cost": 14583.63, "Plan Rows": 14.0, "Plan Width": 0, "Actual Rows": 314358, "Actual Loops": 2, "Inner Unique": false, "Merge Cond": "(v.postid = p.id)", "Workers": [], "Plans": [{"Node Type": "Index Scan", "Parent Relationship": "Outer", "Parallel Aware": true, "Async Capable": false, "Scan Direction": "Forward", "Index Name": "idx_votes_postid", "Relation Name": "votes", "Alias": "v", "Startup Cost": 0.42, "Total Cost": 11588.3, "Plan Rows": 120220, "Plan Width": 4, "Actual Rows": 19037, "Actual Loops": 2, "Filter": "((creationdate >= '2009-09-17 01:48:09'::timestamp without time zone) AND (creationdate <= '2013-07-23 14:51:51'::timestamp without time zone))", "Rows Removed by Filter": 3612, "Workers": []}, {"Node Type": "Sort", "Parent Relationship": "Inner", "Parallel Aware": false, "Async Capable": false, "Startup Cost": 2693.04, "Total Cost": 2693.26, "Plan Rows": 1.0, "Plan Width": 16, "Actual Rows": 316128, "Actual Loops": 2, "Sort Key": ["c.postid"], "Sort Method": "quicksort", "Sort Space Used": 238, "Sort Space Type": "Memory", "Workers": [{"Worker Number": 0, "Sort Method": "quicksort", "Sort Space Used": 238, "Sort Space Type": "Memory"}], "Plans": [{"Node Type": "Nested Loop", "Parent Relationship": "Outer", "Parallel Aware": false, "Async Capable": false, "Join Type": "Inner", "Startup Cost": 1.71, "Total Cost": 2690.16, "Plan Rows": 1.0, "Plan Width": 16, "Actual Rows": 3612, "Actual Loops": 2, "Inner Unique": false, "Workers": [], "Plans": [{"Node Type": "Nested Loop", "Parent Relationship": "Outer", "Parallel Aware": false, "Async Capable": false, "Join Type": "Inner", "Startup Cost": 1.42, "Total Cost": 2689.77, "Plan Rows": 1.0, "Plan Width": 24, "Actual Rows": 68, "Actual Loops": 2, "Inner Unique": true, "Workers": [], "Plans": [{"Node Type": "Nested Loop", "Parent Relationship": "Outer", "Parallel Aware": false, "Async Capable": false, "Join Type": "Inner", "Startup Cost": 1.13, "Total Cost": 2689.46, "Plan Rows": 1.0, "Plan Width": 20, "Actual Rows": 68, "Actual Loops": 2, "Inner Unique": false, "Join Filter": "(p.id = pl.relatedpostid)", "Rows Removed by Join Filter": 0, "Workers": [], "Plans": [{"Node Type": "Nested Loop", "Parent Relationship": "Outer", "Parallel Aware": false, "Async Capable": false, "Join Type": "Inner", "Startup Cost": 0.84, "Total Cost": 2689.11, "Plan Rows": 1.0, "Plan Width": 16, "Actual Rows": 44, "Actual Loops": 2, "Inner Unique": false, "Join Filter": "(c.postid = p.id)", "Rows Removed by Join Filter": 0, "Workers": [], "Plans": [{"Node Type": "Nested Loop", "Parent Relationship": "Outer", "Parallel Aware": false, "Async Capable": false, "Join Type": "Inner", "Startup Cost": 0.42, "Total Cost": 2688.47, "Plan Rows": 13.0, "Plan Width": 8, "Actual Rows": 74, "Actual Loops": 2, "Inner Unique": false, "Workers": [], "Plans": [{"Node Type": "Seq Scan", "Parent Relationship": "Outer", "Parallel Aware": false, "Async Capable": false, "Relation Name": "posts", "Alias": "p", "Startup Cost": 0.0, "Total Cost": 2679.52, "Plan Rows": 1, "Plan Width": 4, "Actual Rows": 14, "Actual Loops": 2, "Filter": "((answercount >= 10) AND (commentcount >= 9) AND (commentcount <= 36) AND (posttypeid = 1))", "Rows Removed by Filter": 91962, "Workers": []}, {"Node Type": "Index Scan", "Parent Relationship": "Inner", "Parallel Aware": false, "Async Capable": false, "Scan Direction": "Forward", "Index Name": "idx_posthistory_postid", "Relation Name": "posthistory", "Alias": "ph", "Startup Cost": 0.42, "Total Cost": 8.94, "Plan Rows": 1, "Plan Width": 4, "Actual Rows": 5, "Actual Loops": 28, "Index Cond": "(postid = p.id)", "Rows Removed by Index Recheck": 0, "Filter": "(creationdate <= '2011-12-08 17:46:29'::timestamp without time zone)", "Rows Removed by Filter": 3, "Workers": []}]}, {"Node Type": "Index Scan", "Parent Relationship": "Inner", "Parallel Aware": false, "Async Capable": false, "Scan Direction": "Forward", "Index Name": "idx_comments_postid", "Relation Name": "comments", "Alias": "c", "Startup Cost": 0.42, "Total Cost": 0.61, "Plan Rows": 2, "Plan Width": 8, "Actual Rows": 1, "Actual Loops": 148, "Index Cond": "(postid = ph.postid)", "Rows Removed by Index Recheck": 0, "Filter": "((creationdate >= '2012-11-04 16:55:07'::timestamp without time zone) AND (score = 0))", "Rows Removed by Filter": 11, "Workers": []}]}, {"Node Type": "Index Scan", "Parent Relationship": "Inner", "Parallel Aware": false, "Async Capable": false, "Scan Direction": "Forward", "Index Name": "idx_postlinks_relatedpostid", "Relation Name": "postlinks", "Alias": "pl", "Startup Cost": 0.29, "Total Cost": 0.34, "Plan Rows": 1, "Plan Width": 4, "Actual Rows": 2, "Actual Loops": 88, "Index Cond": "(relatedpostid = c.postid)", "Rows Removed by Index Recheck": 0, "Filter": "((creationdate >= '2013-06-16 14:13:25'::timestamp without time zone) AND (creationdate <= '2013-08-02 06:39:22'::timestamp without time zone))", "Rows Removed by Filter": 26, "Workers": []}]}, {"Node Type": "Index Only Scan", "Parent Relationship": "Inner", "Parallel Aware": false, "Async Capable": false, "Scan Direction": "Forward", "Index Name": "users_pkey", "Relation Name": "users", "Alias": "u", "Startup Cost": 0.29, "Total Cost": 0.31, "Plan Rows": 1, "Plan Width": 4, "Actual Rows": 1, "Actual Loops": 136, "Index Cond": "(id = c.userid)", "Rows Removed by Index Recheck": 0, "Heap Fetches": 0, "Workers": []}]}, {"Node Type": "Index Only Scan", "Parent Relationship": "Inner", "Parallel Aware": false, "Async Capable": false, "Scan Direction": "Forward", "Index Name": "idx_badges_userid", "Relation Name": "badges", "Alias": "b", "Startup Cost": 0.29, "Total Cost": 0.36, "Plan Rows": 3, "Plan Width": 4, "Actual Rows": 53, "Actual Loops": 136, "Index Cond": "(userid = u.id)", "Rows Removed by Index Recheck": 0, "Heap Fetches": 0, "Workers": []}]}]}]}]}]}]}, "Planning Time": 15.055, "Triggers": [], "Execution Time": 98.784}, {"Plan": {"Node Type": "Aggregate", "Strategy": "Plain", "Partial Mode": "Simple", "Parallel Aware": false, "Async Capable": false, "Startup Cost": 8254.05, "Total Cost": 8254.06, "Plan Rows": 1, "Plan Width": 8, "Actual Rows": 1, "Actual Loops": 1, "Plans": [{"Node Type": "Hash Join", "Parent Relationship": "Outer", "Parallel Aware": false, "Async Capable": false, "Join Type": "Inner", "Startup Cost": 5533.89, "Total Cost": 8253.6, "Plan Rows": 14.0, "Plan Width": 0, "Actual Rows": 628716, "Actual Loops": 1, "Inner Unique": false, "Hash Cond": "(p.id = pl.relatedpostid)", "Plans": [{"Node Type": "Nested Loop", "Parent Relationship": "Outer", "Parallel Aware": false, "Async Capable": false, "Join Type": "Inner", "Startup Cost": 0.42, "Total Cost": 2695.31, "Plan Rows": 589.0, "Plan Width": 8, "Actual Rows": 754, "Actual Loops": 1, "Inner Unique": false, "Plans": [{"Node Type": "Seq Scan", "Parent Relationship": "Outer", "Parallel Aware": false, "Async Capable": false, "Relation Name": "posts", "Alias": "p", "Startup Cost": 0.0, "Total Cost": 2679.52, "Plan Rows": 1, "Plan Width": 4, "Actual Rows": 14, "Actual Loops": 1, "Filter": "((answercount >= 10) AND (commentcount >= 9) AND (commentcount <= 36) AND (posttypeid = 1))", "Rows Removed by Filter": 91962}, {"Node Type": "Index Scan", "Parent Relationship": "Inner", "Parallel Aware": false, "Async Capable": false, "Scan Direction": "Forward", "Index Name": "idx_votes_postid", "Relation Name": "votes", "Alias": "v", "Startup Cost": 0.42, "Total Cost": 15.76, "Plan Rows": 3, "Plan Width": 4, "Actual Rows": 54, "Actual Loops": 14, "Index Cond": "(postid = p.id)", "Rows Removed by Index Recheck": 0, "Filter": "((creationdate >= '2009-09-17 01:48:09'::timestamp without time zone) AND (creationdate <= '2013-07-23 14:51:51'::timestamp without time zone))", "Rows Removed by Filter": 47}]}, {"Node Type": "Hash", "Parent Relationship": "Inner", "Parallel Aware": false, "Async Capable": false, "Startup Cost": 4776.97, "Total Cost": 4776.97, "Plan Rows": 27.0, "Plan Width": 12, "Actual Rows": 25766, "Actual Loops": 1, "Hash Buckets": 65536, "Original Hash Buckets": 65536, "Hash Batches": 1, "Original Hash Batches": 1, "Peak Memory Usage": 1620, "Plans": [{"Node Type": "Nested Loop", "Parent Relationship": "Outer", "Parallel Aware": false, "Async Capable": false, "Join Type": "Inner", "Startup Cost": 1.44, "Total Cost": 4776.97, "Plan Rows": 27.0, "Plan Width": 12, "Actual Rows": 25766, "Actual Loops": 1, "Inner Unique": false, "Plans": [{"Node Type": "Nested Loop", "Parent Relationship": "Outer", "Parallel Aware": false, "Async Capable": false, "Join Type": "Inner", "Startup Cost": 1.14, "Total Cost": 4517.98, "Plan Rows": 1.0, "Plan Width": 20, "Actual Rows": 356, "Actual Loops": 1, "Inner Unique": true, "Plans": [{"Node Type": "Nested Loop", "Parent Relationship": "Outer", "Parallel Aware": false, "Async Capable": false, "Join Type": "Inner", "Startup Cost": 0.85, "Total Cost": 4305.73, "Plan Rows": 3.0, "Plan Width": 16, "Actual Rows": 363, "Actual Loops": 1, "Inner Unique": false, "Join Filter": "(pl.relatedpostid = ph.postid)", "Rows Removed by Join Filter": 0, "Plans": [{"Node Type": "Nested Loop", "Parent Relationship": "Outer", "Parallel Aware": false, "Async Capable": false, "Join Type": "Inner", "Startup Cost": 0.43, "Total Cost": 3706.6, "Plan Rows": 3.0, "Plan Width": 12, "Actual Rows": 643, "Actual Loops": 1, "Inner Unique": false, "Plans": [{"Node Type": "Seq Scan", "Parent Relationship": "Outer", "Parallel Aware": false, "Async Capable": false, "Relation Name": "postlinks", "Alias": "pl", "Startup Cost": 0.0, "Total Cost": 248.53, "Plan Rows": 585, "Plan Width": 4, "Actual Rows": 586, "Actual Loops": 1, "Filter": "((creationdate >= '2013-06-16 14:13:25'::timestamp without time zone) AND (creationdate <= '2013-08-02 06:39:22'::timestamp without time zone))", "Rows Removed by Filter": 10516}, {"Node Type": "Memoize", "Parent Relationship": "Inner", "Parallel Aware": false, "Async Capable": false, "Startup Cost": 0.43, "Total Cost": 6.07, "Plan Rows": 2, "Plan Width": 8, "Actual Rows": 1, "Actual Loops": 586, "Cache Key": "pl.relatedpostid", "Cache Mode": "logical", "Cache Hits": 131, "Cache Misses": 455, "Cache Evictions": 0, "Cache Overflows": 0, "Peak Memory Usage": 51, "Plans": [{"Node Type": "Index Scan", "Parent Relationship": "Outer", "Parallel Aware": false, "Async Capable": false, "Scan Direction": "Forward", "Index Name": "idx_comments_postid", "Relation Name": "comments", "Alias": "c", "Startup Cost": 0.42, "Total Cost": 6.06, "Plan Rows": 2, "Plan Width": 8, "Actual Rows": 1, "Actual Loops": 455, "Index Cond": "(postid = pl.relatedpostid)", "Rows Removed by Index Recheck": 0, "Filter": "((creationdate >= '2012-11-04 16:55:07'::timestamp without time zone) AND (score = 0))", "Rows Removed by Filter": 2}]}]}, {"Node Type": "Index Scan", "Parent Relationship": "Inner", "Parallel Aware": false, "Async Capable": false, "Scan Direction": "Forward", "Index Name": "idx_posthistory_postid", "Relation Name": "posthistory", "Alias": "ph", "Startup Cost": 0.42, "Total Cost": 0.64, "Plan Rows": 1, "Plan Width": 4, "Actual Rows": 1, "Actual Loops": 643, "Index Cond": "(postid = c.postid)", "Rows Removed by Index Recheck": 0, "Filter": "(creationdate <= '2011-12-08 17:46:29'::timestamp without time zone)", "Rows Removed by Filter": 7}]}, {"Node Type": "Index Only Scan", "Parent Relationship": "Inner", "Parallel Aware": false, "Async Capable": false, "Scan Direction": "Forward", "Index Name": "users_pkey", "Relation Name": "users", "Alias": "u", "Startup Cost": 0.29, "Total Cost": 0.31, "Plan Rows": 1, "Plan Width": 4, "Actual Rows": 1, "Actual Loops": 363, "Index Cond": "(id = c.userid)", "Rows Removed by Index Recheck": 0, "Heap Fetches": 0}]}, {"Node Type": "Index Only Scan", "Parent Relationship": "Inner", "Parallel Aware": false, "Async Capable": false, "Scan Direction": "Forward", "Index Name": "idx_badges_userid", "Relation Name": "badges", "Alias": "b", "Startup Cost": 0.29, "Total Cost": 0.36, "Plan Rows": 3, "Plan Width": 4, "Actual Rows": 72, "Actual Loops": 356, "Index Cond": "(userid = u.id)", "Rows Removed by Index Recheck": 0, "Heap Fetches": 0}]}]}]}]}, "Planning Time": 8.034, "Triggers": [], "Execution Time": 68.718}, {"Plan": {"Node Type": "Aggregate", "Strategy": "Plain", "Partial Mode": "Finalize", "Parallel Aware": false, "Async Capable": false, "Startup Cost": 35008.65, "Total Cost": 35008.66, "Plan Rows": 1, "Plan Width": 8, "Actual Rows": 1, "Actual Loops": 1, "Plans": [{"Node Type": "Gather", "Parent Relationship": "Outer", "Parallel Aware": false, "Async Capable": false, "Startup Cost": 35008.53, "Total Cost": 35008.64, "Plan Rows": 1, "Plan Width": 8, "Actual Rows": 2, "Actual Loops": 1, "Workers Planned": 1, "Workers Launched": 1, "Single Copy": false, "Plans": [{"Node Type": "Aggregate", "Strategy": "Plain", "Partial Mode": "Partial", "Parent Relationship": "Outer", "Parallel Aware": false, "Async Capable": false, "Startup Cost": 34008.53, "Total Cost": 34008.54, "Plan Rows": 1, "Plan Width": 8, "Actual Rows": 1, "Actual Loops": 2, "Workers": [], "Plans": [{"Node Type": "Hash Join", "Parent Relationship": "Outer", "Parallel Aware": false, "Async Capable": false, "Join Type": "Inner", "Startup Cost": 7365.66, "Total Cost": 34008.27, "Plan Rows": 14.0, "Plan Width": 0, "Actual Rows": 314358, "Actual Loops": 2, "Inner Unique": false, "Hash Cond": "(c.postid = p.id)", "Workers": [], "Plans": [{"Node Type": "Nested Loop", "Parent Relationship": "Outer", "Parallel Aware": false, "Async Capable": false, "Join Type": "Inner", "Startup Cost": 4669.63, "Total Cost": 16940.92, "Plan Rows": 319.0, "Plan Width": 8, "Actual Rows": 157480, "Actual Loops": 2, "Inner Unique": false, "Join Filter": "(b.userid = u.id)", "Rows Removed by Join Filter": 0, "Workers": [], "Plans": [{"Node Type": "Hash Join", "Parent Relationship": "Outer", "Parallel Aware": true, "Async Capable": false, "Join Type": "Inner", "Startup Cost": 4669.33, "Total Cost": 10542.82, "Plan Rows": 13.0, "Plan Width": 16, "Actual Rows": 1820, "Actual Loops": 2, "Inner Unique": true, "Hash Cond": "(c.userid = u.id)", "Workers": [], "Plans": [{"Node Type": "Hash Join", "Parent Relationship": "Outer", "Parallel Aware": true, "Async Capable": false, "Join Type": "Inner", "Startup Cost": 3481.7, "Total Cost": 9270.65, "Plan Rows": 31.0, "Plan Width": 12, "Actual Rows": 1885, "Actual Loops": 2, "Inner Unique": false, "Hash Cond": "(ph.postid = c.postid)", "Workers": [], "Plans": [{"Node Type": "Seq Scan", "Parent Relationship": "Outer", "Parallel Aware": true, "Async Capable": false, "Relation Name": "posthistory", "Alias": "ph", "Startup Cost": 0.0, "Total Cost": 4469.32, "Plan Rows": 31179, "Plan Width": 4, "Actual Rows": 26406, "Actual Loops": 2, "Filter": "(creationdate <= '2011-12-08 17:46:29'::timestamp without time zone)", "Rows Removed by Filter": 125188, "Workers": []}, {"Node Type": "Hash", "Parent Relationship": "Inner", "Parallel Aware": true, "Async Capable": false, "Startup Cost": 2881.99, "Total Cost": 2881.99, "Plan Rows": 47977, "Plan Width": 8, "Actual Rows": 41336, "Actual Loops": 2, "Hash Buckets": 131072, "Original Hash Buckets": 131072, "Hash Batches": 1, "Original Hash Batches": 1, "Peak Memory Usage": 4288, "Workers": [], "Plans": [{"Node Type": "Seq Scan", "Parent Relationship": "Outer", "Parallel Aware": true, "Async Capable": false, "Relation Name": "comments", "Alias": "c", "Startup Cost": 0.0, "Total Cost": 2881.99, "Plan Rows": 47977, "Plan Width": 8, "Actual Rows": 41336, "Actual Loops": 2, "Filter": "((creationdate >= '2012-11-04 16:55:07'::timestamp without time zone) AND (score = 0))", "Rows Removed by Filter": 45816, "Workers": []}]}]}, {"Node Type": "Hash", "Parent Relationship": "Inner", "Parallel Aware": true, "Async Capable": false, "Startup Cost": 891.12, "Total Cost": 891.12, "Plan Rows": 23721, "Plan Width": 4, "Actual Rows": 20162, "Actual Loops": 2, "Hash Buckets": 65536, "Original Hash Buckets": 65536, "Hash Batches": 1, "Original Hash Batches": 1, "Peak Memory Usage": 2112, "Workers": [], "Plans": [{"Node Type": "Index Only Scan", "Parent Relationship": "Outer", "Parallel Aware": true, "Async Capable": false, "Scan Direction": "Forward", "Index Name": "users_pkey", "Relation Name": "users", "Alias": "u", "Startup Cost": 0.29, "Total Cost": 891.12, "Plan Rows": 23721, "Plan Width": 4, "Actual Rows": 40325, "Actual Loops": 1, "Heap Fetches": 0, "Workers": []}]}]}, {"Node Type": "Memoize", "Parent Relationship": "Inner", "Parallel Aware": false, "Async Capable": false, "Startup Cost": 0.3, "Total Cost": 0.36, "Plan Rows": 3, "Plan Width": 4, "Actual Rows": 87, "Actual Loops": 3639, "Cache Key": "c.userid", "Cache Mode": "logical", "Cache Hits": 832, "Cache Misses": 220, "Cache Evictions": 0, "Cache Overflows": 0, "Peak Memory Usage": 246, "Workers": [{"Worker Number": 0, "Cache Hits": 2193, "Cache Misses": 394, "Cache Evictions": 0, "Cache Overflows": 0, "Peak Memory Usage": 375}], "Plans": [{"Node Type": "Index Only Scan", "Parent Relationship": "Outer", "Parallel Aware": false, "Async Capable": false, "Scan Direction": "Forward", "Index Name": "idx_badges_userid", "Relation Name": "badges", "Alias": "b", "Startup Cost": 0.29, "Total Cost": 0.35, "Plan Rows": 3, "Plan Width": 4, "Actual Rows": 27, "Actual Loops": 614, "Index Cond": "(userid = c.userid)", "Rows Removed by Index Recheck": 0, "Heap Fetches": 0, "Workers": []}]}]}, {"Node Type": "Hash", "Parent Relationship": "Inner", "Parallel Aware": false, "Async Capable": false, "Startup Cost": 2696.0, "Total Cost": 2696.0, "Plan Rows": 28.0, "Plan Width": 12, "Actual Rows": 969, "Actual Loops": 2, "Hash Buckets": 1024, "Original Hash Buckets": 1024, "Hash Batches": 1, "Original Hash Batches": 1, "Peak Memory Usage": 50, "Workers": [], "Plans": [{"Node Type": "Nested Loop", "Parent Relationship": "Outer", "Parallel Aware": false, "Async Capable": false, "Join Type": "Inner", "Startup Cost": 0.71, "Total Cost": 2696.0, "Plan Rows": 28.0, "Plan Width": 12, "Actual Rows": 969, "Actual Loops": 2, "Inner Unique": false, "Join Filter": "(p.id = pl.relatedpostid)", "Rows Removed by Join Filter": 0, "Workers": [], "Plans": [{"Node Type": "Nested Loop", "Parent Relationship": "Outer", "Parallel Aware": false, "Async Capable": false, "Join Type": "Inner", "Startup Cost": 0.42, "Total Cost": 2695.31, "Plan Rows": 589.0, "Plan Width": 8, "Actual Rows": 754, "Actual Loops": 2, "Inner Unique": false, "Workers": [], "Plans": [{"Node Type": "Seq Scan", "Parent Relationship": "Outer", "Parallel Aware": false, "Async Capable": false, "Relation Name": "posts", "Alias": "p", "Startup Cost": 0.0, "Total Cost": 2679.52, "Plan Rows": 1, "Plan Width": 4, "Actual Rows": 14, "Actual Loops": 2, "Filter": "((answercount >= 10) AND (commentcount >= 9) AND (commentcount <= 36) AND (posttypeid = 1))", "Rows Removed by Filter": 91962, "Workers": []}, {"Node Type": "Index Scan", "Parent Relationship": "Inner", "Parallel Aware": false, "Async Capable": false, "Scan Direction": "Forward", "Index Name": "idx_votes_postid", "Relation Name": "votes", "Alias": "v", "Startup Cost": 0.42, "Total Cost": 15.76, "Plan Rows": 3, "Plan Width": 4, "Actual Rows": 54, "Actual Loops": 28, "Index Cond": "(postid = p.id)", "Rows Removed by Index Recheck": 0, "Filter": "((creationdate >= '2009-09-17 01:48:09'::timestamp without time zone) AND (creationdate <= '2013-07-23 14:51:51'::timestamp without time zone))", "Rows Removed by Filter": 47, "Workers": []}]}, {"Node Type": "Index Scan", "Parent Relationship": "Inner", "Parallel Aware": false, "Async Capable": false, "Scan Direction": "Forward", "Index Name": "idx_postlinks_relatedpostid", "Relation Name": "postlinks", "Alias": "pl", "Startup Cost": 0.29, "Total Cost": 0.33, "Plan Rows": 1, "Plan Width": 4, "Actual Rows": 1, "Actual Loops": 1508, "Index Cond": "(relatedpostid = v.postid)", "Rows Removed by Index Recheck": 0, "Filter": "((creationdate >= '2013-06-16 14:13:25'::timestamp without time zone) AND (creationdate <= '2013-08-02 06:39:22'::timestamp without time zone))", "Rows Removed by Filter": 18, "Workers": []}]}]}]}]}]}]}, "Planning Time": 16.855, "Triggers": [], "Execution Time": 165.288}, {"Plan": {"Node Type": "Aggregate", "Strategy": "Plain", "Partial Mode": "Simple", "Parallel Aware": false, "Async Capable": false, "Startup Cost": 6856.24, "Total Cost": 6856.25, "Plan Rows": 1, "Plan Width": 8, "Actual Rows": 1, "Actual Loops": 1, "Plans": [{"Node Type": "Hash Join", "Parent Relationship": "Outer", "Parallel Aware": false, "Async Capable": false, "Join Type": "Inner", "Startup Cost": 4150.53, "Total Cost": 6855.79, "Plan Rows": 14.0, "Plan Width": 0, "Actual Rows": 628716, "Actual Loops": 1, "Inner Unique": false, "Hash Cond": "(p.id = pl.relatedpostid)", "Plans": [{"Node Type": "Nested Loop", "Parent Relationship": "Outer", "Parallel Aware": false, "Async Capable": false, "Join Type": "Inner", "Startup Cost": 1.42, "Total Cost": 2690.34, "Plan Rows": 317.0, "Plan Width": 12, "Actual Rows": 89708, "Actual Loops": 1, "Inner Unique": false, "Plans": [{"Node Type": "Nested Loop", "Parent Relationship": "Outer", "Parallel Aware": false, "Async Capable": false, "Join Type": "Inner", "Startup Cost": 1.13, "Total Cost": 2689.57, "Plan Rows": 11.0, "Plan Width": 20, "Actual Rows": 1455, "Actual Loops": 1, "Inner Unique": false, "Join Filter": "(p.id = v.postid)", "Rows Removed by Join Filter": 0, "Plans": [{"Node Type": "Nested Loop", "Parent Relationship": "Outer", "Parallel Aware": false, "Async Capable": false, "Join Type": "Inner", "Startup Cost": 0.71, "Total Cost": 2688.86, "Plan Rows": 1.0, "Plan Width": 16, "Actual Rows": 39, "Actual Loops": 1, "Inner Unique": true, "Plans": [{"Node Type": "Nested Loop", "Parent Relationship": "Outer", "Parallel Aware": false, "Async Capable": false, "Join Type": "Inner", "Startup Cost": 0.42, "Total Cost": 2688.55, "Plan Rows": 2.0, "Plan Width": 12, "Actual Rows": 39, "Actual Loops": 1, "Inner Unique": false, "Plans": [{"Node Type": "Seq Scan", "Parent Relationship": "Outer", "Parallel Aware": false, "Async Capable": false, "Relation Name": "posts", "Alias": "p", "Startup Cost": 0.0, "Total Cost": 2679.52, "Plan Rows": 1, "Plan Width": 4, "Actual Rows": 14, "Actual Loops": 1, "Filter": "((answercount >= 10) AND (commentcount >= 9) AND (commentcount <= 36) AND (posttypeid = 1))", "Rows Removed by Filter": 91962}, {"Node Type": "Index Scan", "Parent Relationship": "Inner", "Parallel Aware": false, "Async Capable": false, "Scan Direction": "Forward", "Index Name": "idx_comments_postid", "Relation Name": "comments", "Alias": "c", "Startup Cost": 0.42, "Total Cost": 9.01, "Plan Rows": 2, "Plan Width": 8, "Actual Rows": 3, "Actual Loops": 14, "Index Cond": "(postid = p.id)", "Rows Removed by Index Recheck": 0, "Filter": "((creationdate >= '2012-11-04 16:55:07'::timestamp without time zone) AND (score = 0))", "Rows Removed by Filter": 11}]}, {"Node Type": "Index Only Scan", "Parent Relationship": "Inner", "Parallel Aware": false, "Async Capable": false, "Scan Direction": "Forward", "Index Name": "users_pkey", "Relation Name": "users", "Alias": "u", "Startup Cost": 0.29, "Total Cost": 0.31, "Plan Rows": 1, "Plan Width": 4, "Actual Rows": 1, "Actual Loops": 39, "Index Cond": "(id = c.userid)", "Rows Removed by Index Recheck": 0, "Heap Fetches": 0}]}, {"Node Type": "Index Scan", "Parent Relationship": "Inner", "Parallel Aware": false, "Async Capable": false, "Scan Direction": "Forward", "Index Name": "idx_votes_postid", "Relation Name": "votes", "Alias": "v", "Startup Cost": 0.42, "Total Cost": 0.67, "Plan Rows": 3, "Plan Width": 4, "Actual Rows": 37, "Actual Loops": 39, "Index Cond": "(postid = c.postid)", "Rows Removed by Index Recheck": 0, "Filter": "((creationdate >= '2009-09-17 01:48:09'::timestamp without time zone) AND (creationdate <= '2013-07-23 14:51:51'::timestamp without time zone))", "Rows Removed by Filter": 114}]}, {"Node Type": "Index Only Scan", "Parent Relationship": "Inner", "Parallel Aware": false, "Async Capable": false, "Scan Direction": "Forward", "Index Name": "idx_badges_userid", "Relation Name": "badges", "Alias": "b", "Startup Cost": 0.29, "Total Cost": 0.36, "Plan Rows": 3, "Plan Width": 4, "Actual Rows": 62, "Actual Loops": 1455, "Index Cond": "(userid = u.id)", "Rows Removed by Index Recheck": 0, "Heap Fetches": 0}]}, {"Node Type": "Hash", "Parent Relationship": "Inner", "Parallel Aware": false, "Async Capable": false, "Startup Cost": 4143.73, "Total Cost": 4143.73, "Plan Rows": 37.0, "Plan Width": 8, "Actual Rows": 1106, "Actual Loops": 1, "Hash Buckets": 2048, "Original Hash Buckets": 1024, "Hash Batches": 1, "Original Hash Batches": 1, "Peak Memory Usage": 60, "Plans": [{"Node Type": "Nested Loop", "Parent Relationship": "Outer", "Parallel Aware": false, "Async Capable": false, "Join Type": "Inner", "Startup Cost": 0.43, "Total Cost": 4143.73, "Plan Rows": 37.0, "Plan Width": 8, "Actual Rows": 1106, "Actual Loops": 1, "Inner Unique": false, "Plans": [{"Node Type": "Seq Scan", "Parent Relationship": "Outer", "Parallel Aware": false, "Async Capable": false, "Relation Name": "postlinks", "Alias": "pl", "Startup Cost": 0.0, "Total Cost": 248.53, "Plan Rows": 585, "Plan Width": 4, "Actual Rows": 586, "Actual Loops": 1, "Filter": "((creationdate >= '2013-06-16 14:13:25'::timestamp without time zone) AND (creationdate <= '2013-08-02 06:39:22'::timestamp without time zone))", "Rows Removed by Filter": 10516}, {"Node Type": "Memoize", "Parent Relationship": "Inner", "Parallel Aware": false, "Async Capable": false, "Startup Cost": 0.43, "Total Cost": 6.85, "Plan Rows": 1, "Plan Width": 4, "Actual Rows": 2, "Actual Loops": 586, "Cache Key": "pl.relatedpostid", "Cache Mode": "logical", "Cache Hits": 131, "Cache Misses": 455, "Cache Evictions": 0, "Cache Overflows": 0, "Peak Memory Usage": 58, "Plans": [{"Node Type": "Index Scan", "Parent Relationship": "Outer", "Parallel Aware": false, "Async Capable": false, "Scan Direction": "Forward", "Index Name": "idx_posthistory_postid", "Relation Name": "posthistory", "Alias": "ph", "Startup Cost": 0.42, "Total Cost": 6.84, "Plan Rows": 1, "Plan Width": 4, "Actual Rows": 2, "Actual Loops": 455, "Index Cond": "(postid = pl.relatedpostid)", "Rows Removed by Index Recheck": 0, "Filter": "(creationdate <= '2011-12-08 17:46:29'::timestamp without time zone)", "Rows Removed by Filter": 5}]}]}]}]}]}, "Planning Time": 8.619, "Triggers": [], "Execution Time": 70.536}, {"Plan": {"Node Type": "Aggregate", "Strategy": "Plain", "Partial Mode": "Simple", "Parallel Aware": false, "Async Capable": false, "Startup Cost": 7775.36, "Total Cost": 7775.37, "Plan Rows": 1, "Plan Width": 8, "Actual Rows": 1, "Actual Loops": 1, "Plans": [{"Node Type": "Hash Join", "Parent Relationship": "Outer", "Parallel Aware": false, "Async Capable": false, "Join Type": "Inner", "Startup Cost": 2696.77, "Total Cost": 7774.91, "Plan Rows": 14.0, "Plan Width": 0, "Actual Rows": 628716, "Actual Loops": 1, "Inner Unique": false, "Hash Cond": "(pl.relatedpostid = p.id)", "Plans": [{"Node Type": "Nested Loop", "Parent Relationship": "Outer", "Parallel Aware": false, "Async Capable": false, "Join Type": "Inner", "Startup Cost": 1.44, "Total Cost": 4776.97, "Plan Rows": 27.0, "Plan Width": 12, "Actual Rows": 25766, "Actual Loops": 1, "Inner Unique": false, "Plans": [{"Node Type": "Nested Loop", "Parent Relationship": "Outer", "Parallel Aware": false, "Async Capable": false, "Join Type": "Inner", "Startup Cost": 1.14, "Total Cost": 4517.98, "Plan Rows": 1.0, "Plan Width": 20, "Actual Rows": 356, "Actual Loops": 1, "Inner Unique": true, "Plans": [{"Node Type": "Nested Loop", "Parent Relationship": "Outer", "Parallel Aware": false, "Async Capable": false, "Join Type": "Inner", "Startup Cost": 0.85, "Total Cost": 4305.73, "Plan Rows": 3.0, "Plan Width": 16, "Actual Rows": 363, "Actual Loops": 1, "Inner Unique": false, "Join Filter": "(pl.relatedpostid = ph.postid)", "Rows Removed by Join Filter": 0, "Plans": [{"Node Type": "Nested Loop", "Parent Relationship": "Outer", "Parallel Aware": false, "Async Capable": false, "Join Type": "Inner", "Startup Cost": 0.43, "Total Cost": 3706.6, "Plan Rows": 3.0, "Plan Width": 12, "Actual Rows": 643, "Actual Loops": 1, "Inner Unique": false, "Plans": [{"Node Type": "Seq Scan", "Parent Relationship": "Outer", "Parallel Aware": false, "Async Capable": false, "Relation Name": "postlinks", "Alias": "pl", "Startup Cost": 0.0, "Total Cost": 248.53, "Plan Rows": 585, "Plan Width": 4, "Actual Rows": 586, "Actual Loops": 1, "Filter": "((creationdate >= '2013-06-16 14:13:25'::timestamp without time zone) AND (creationdate <= '2013-08-02 06:39:22'::timestamp without time zone))", "Rows Removed by Filter": 10516}, {"Node Type": "Memoize", "Parent Relationship": "Inner", "Parallel Aware": false, "Async Capable": false, "Startup Cost": 0.43, "Total Cost": 6.07, "Plan Rows": 2, "Plan Width": 8, "Actual Rows": 1, "Actual Loops": 586, "Cache Key": "pl.relatedpostid", "Cache Mode": "logical", "Cache Hits": 131, "Cache Misses": 455, "Cache Evictions": 0, "Cache Overflows": 0, "Peak Memory Usage": 51, "Plans": [{"Node Type": "Index Scan", "Parent Relationship": "Outer", "Parallel Aware": false, "Async Capable": false, "Scan Direction": "Forward", "Index Name": "idx_comments_postid", "Relation Name": "comments", "Alias": "c", "Startup Cost": 0.42, "Total Cost": 6.06, "Plan Rows": 2, "Plan Width": 8, "Actual Rows": 1, "Actual Loops": 455, "Index Cond": "(postid = pl.relatedpostid)", "Rows Removed by Index Recheck": 0, "Filter": "((creationdate >= '2012-11-04 16:55:07'::timestamp without time zone) AND (score = 0))", "Rows Removed by Filter": 2}]}]}, {"Node Type": "Index Scan", "Parent Relationship": "Inner", "Parallel Aware": false, "Async Capable": false, "Scan Direction": "Forward", "Index Name": "idx_posthistory_postid", "Relation Name": "posthistory", "Alias": "ph", "Startup Cost": 0.42, "Total Cost": 0.64, "Plan Rows": 1, "Plan Width": 4, "Actual Rows": 1, "Actual Loops": 643, "Index Cond": "(postid = c.postid)", "Rows Removed by Index Recheck": 0, "Filter": "(creationdate <= '2011-12-08 17:46:29'::timestamp without time zone)", "Rows Removed by Filter": 7}]}, {"Node Type": "Index Only Scan", "Parent Relationship": "Inner", "Parallel Aware": false, "Async Capable": false, "Scan Direction": "Forward", "Index Name": "users_pkey", "Relation Name": "users", "Alias": "u", "Startup Cost": 0.29, "Total Cost": 0.31, "Plan Rows": 1, "Plan Width": 4, "Actual Rows": 1, "Actual Loops": 363, "Index Cond": "(id = c.userid)", "Rows Removed by Index Recheck": 0, "Heap Fetches": 0}]}, {"Node Type": "Index Only Scan", "Parent Relationship": "Inner", "Parallel Aware": false, "Async Capable": false, "Scan Direction": "Forward", "Index Name": "idx_badges_userid", "Relation Name": "badges", "Alias": "b", "Startup Cost": 0.29, "Total Cost": 0.36, "Plan Rows": 3, "Plan Width": 4, "Actual Rows": 72, "Actual Loops": 356, "Index Cond": "(userid = u.id)", "Rows Removed by Index Recheck": 0, "Heap Fetches": 0}]}, {"Node Type": "Hash", "Parent Relationship": "Inner", "Parallel Aware": false, "Async Capable": false, "Startup Cost": 2695.31, "Total Cost": 2695.31, "Plan Rows": 589.0, "Plan Width": 8, "Actual Rows": 754, "Actual Loops": 1, "Hash Buckets": 1024, "Original Hash Buckets": 1024, "Hash Batches": 1, "Original Hash Batches": 1, "Peak Memory Usage": 38, "Plans": [{"Node Type": "Nested Loop", "Parent Relationship": "Outer", "Parallel Aware": false, "Async Capable": false, "Join Type": "Inner", "Startup Cost": 0.42, "Total Cost": 2695.31, "Plan Rows": 589.0, "Plan Width": 8, "Actual Rows": 754, "Actual Loops": 1, "Inner Unique": false, "Plans": [{"Node Type": "Seq Scan", "Parent Relationship": "Outer", "Parallel Aware": false, "Async Capable": false, "Relation Name": "posts", "Alias": "p", "Startup Cost": 0.0, "Total Cost": 2679.52, "Plan Rows": 1, "Plan Width": 4, "Actual Rows": 14, "Actual Loops": 1, "Filter": "((answercount >= 10) AND (commentcount >= 9) AND (commentcount <= 36) AND (posttypeid = 1))", "Rows Removed by Filter": 91962}, {"Node Type": "Index Scan", "Parent Relationship": "Inner", "Parallel Aware": false, "Async Capable": false, "Scan Direction": "Forward", "Index Name": "idx_votes_postid", "Relation Name": "votes", "Alias": "v", "Startup Cost": 0.42, "Total Cost": 15.76, "Plan Rows": 3, "Plan Width": 4, "Actual Rows": 54, "Actual Loops": 14, "Index Cond": "(postid = p.id)", "Rows Removed by Index Recheck": 0, "Filter": "((creationdate >= '2009-09-17 01:48:09'::timestamp without time zone) AND (creationdate <= '2013-07-23 14:51:51'::timestamp without time zone))", "Rows Removed by Filter": 47}]}]}]}]}, "Planning Time": 7.825, "Triggers": [], "Execution Time": 58.762}, {"Plan": {"Node Type": "Aggregate", "Strategy": "Plain", "Partial Mode": "Simple", "Parallel Aware": false, "Async Capable": false, "Startup Cost": 3858.7, "Total Cost": 3858.71, "Plan Rows": 1, "Plan Width": 8, "Actual Rows": 1, "Actual Loops": 1, "Plans": [{"Node Type": "Merge Join", "Parent Relationship": "Outer", "Parallel Aware": false, "Async Capable": false, "Join Type": "Inner", "Startup Cost": 2697.97, "Total Cost": 3858.25, "Plan Rows": 14.0, "Plan Width": 0, "Actual Rows": 628716, "Actual Loops": 1, "Inner Unique": false, "Merge Cond": "(u.id = b.userid)", "Plans": [{"Node Type": "Index Only Scan", "Parent Relationship": "Outer", "Parallel Aware": false, "Async Capable": false, "Scan Direction": "Forward", "Index Name": "users_pkey", "Relation Name": "users", "Alias": "u", "Startup Cost": 0.29, "Total Cost": 1057.16, "Plan Rows": 40325, "Plan Width": 4, "Actual Rows": 11269, "Actual Loops": 1, "Heap Fetches": 0}, {"Node Type": "Sort", "Parent Relationship": "Inner", "Parallel Aware": false, "Async Capable": false, "Startup Cost": 2697.62, "Total Cost": 2698.07, "Plan Rows": 27.0, "Plan Width": 8, "Actual Rows": 628716, "Actual Loops": 1, "Sort Key": ["c.userid"], "Sort Method": "quicksort", "Sort Space Used": 44224, "Sort Space Type": "Memory", "Plans": [{"Node Type": "Nested Loop", "Parent Relationship": "Outer", "Parallel Aware": false, "Async Capable": false, "Join Type": "Inner", "Startup Cost": 1.84, "Total Cost": 2690.92, "Plan Rows": 27.0, "Plan Width": 8, "Actual Rows": 628716, "Actual Loops": 1, "Inner Unique": false, "Plans": [{"Node Type": "Nested Loop", "Parent Relationship": "Outer", "Parallel Aware": false, "Async Capable": false, "Join Type": "Inner", "Startup Cost": 1.55, "Total Cost": 2690.16, "Plan Rows": 1.0, "Plan Width": 4, "Actual Rows": 14324, "Actual Loops": 1, "Inner Unique": false, "Join Filter": "(p.id = v.postid)", "Rows Removed by Join Filter": 0, "Plans": [{"Node Type": "Nested Loop", "Parent Relationship": "Outer", "Parallel Aware": false, "Async Capable": false, "Join Type": "Inner", "Startup Cost": 1.13, "Total Cost": 2689.46, "Plan Rows": 1.0, "Plan Width": 20, "Actual Rows": 68, "Actual Loops": 1, "Inner Unique": false, "Join Filter": "(p.id = pl.relatedpostid)", "Rows Removed by Join Filter": 0, "Plans": [{"Node Type": "Nested Loop", "Parent Relationship": "Outer", "Parallel Aware": false, "Async Capable": false, "Join Type": "Inner", "Startup Cost": 0.84, "Total Cost": 2689.11, "Plan Rows": 1.0, "Plan Width": 16, "Actual Rows": 44, "Actual Loops": 1, "Inner Unique": false, "Join Filter": "(c.postid = p.id)", "Rows Removed by Join Filter": 0, "Plans": [{"Node Type": "Nested Loop", "Parent Relationship": "Outer", "Parallel Aware": false, "Async Capable": false, "Join Type": "Inner", "Startup Cost": 0.42, "Total Cost": 2688.47, "Plan Rows": 13.0, "Plan Width": 8, "Actual Rows": 74, "Actual Loops": 1, "Inner Unique": false, "Plans": [{"Node Type": "Seq Scan", "Parent Relationship": "Outer", "Parallel Aware": false, "Async Capable": false, "Relation Name": "posts", "Alias": "p", "Startup Cost": 0.0, "Total Cost": 2679.52, "Plan Rows": 1, "Plan Width": 4, "Actual Rows": 14, "Actual Loops": 1, "Filter": "((answercount >= 10) AND (commentcount >= 9) AND (commentcount <= 36) AND (posttypeid = 1))", "Rows Removed by Filter": 91962}, {"Node Type": "Index Scan", "Parent Relationship": "Inner", "Parallel Aware": false, "Async Capable": false, "Scan Direction": "Forward", "Index Name": "idx_posthistory_postid", "Relation Name": "posthistory", "Alias": "ph", "Startup Cost": 0.42, "Total Cost": 8.94, "Plan Rows": 1, "Plan Width": 4, "Actual Rows": 5, "Actual Loops": 14, "Index Cond": "(postid = p.id)", "Rows Removed by Index Recheck": 0, "Filter": "(creationdate <= '2011-12-08 17:46:29'::timestamp without time zone)", "Rows Removed by Filter": 3}]}, {"Node Type": "Index Scan", "Parent Relationship": "Inner", "Parallel Aware": false, "Async Capable": false, "Scan Direction": "Forward", "Index Name": "idx_comments_postid", "Relation Name": "comments", "Alias": "c", "Startup Cost": 0.42, "Total Cost": 0.61, "Plan Rows": 2, "Plan Width": 8, "Actual Rows": 1, "Actual Loops": 74, "Index Cond": "(postid = ph.postid)", "Rows Removed by Index Recheck": 0, "Filter": "((creationdate >= '2012-11-04 16:55:07'::timestamp without time zone) AND (score = 0))", "Rows Removed by Filter": 11}]}, {"Node Type": "Index Scan", "Parent Relationship": "Inner", "Parallel Aware": false, "Async Capable": false, "Scan Direction": "Forward", "Index Name": "idx_postlinks_relatedpostid", "Relation Name": "postlinks", "Alias": "pl", "Startup Cost": 0.29, "Total Cost": 0.34, "Plan Rows": 1, "Plan Width": 4, "Actual Rows": 2, "Actual Loops": 44, "Index Cond": "(relatedpostid = c.postid)", "Rows Removed by Index Recheck": 0, "Filter": "((creationdate >= '2013-06-16 14:13:25'::timestamp without time zone) AND (creationdate <= '2013-08-02 06:39:22'::timestamp without time zone))", "Rows Removed by Filter": 26}]}, {"Node Type": "Index Scan", "Parent Relationship": "Inner", "Parallel Aware": false, "Async Capable": false, "Scan Direction": "Forward", "Index Name": "idx_votes_postid", "Relation Name": "votes", "Alias": "v", "Startup Cost": 0.42, "Total Cost": 0.67, "Plan Rows": 3, "Plan Width": 4, "Actual Rows": 211, "Actual Loops": 68, "Index Cond": "(postid = c.postid)", "Rows Removed by Index Recheck": 0, "Filter": "((creationdate >= '2009-09-17 01:48:09'::timestamp without time zone) AND (creationdate <= '2013-07-23 14:51:51'::timestamp without time zone))", "Rows Removed by Filter": 136}]}, {"Node Type": "Index Only Scan", "Parent Relationship": "Inner", "Parallel Aware": false, "Async Capable": false, "Scan Direction": "Forward", "Index Name": "idx_badges_userid", "Relation Name": "badges", "Alias": "b", "Startup Cost": 0.29, "Total Cost": 0.35, "Plan Rows": 3, "Plan Width": 4, "Actual Rows": 44, "Actual Loops": 14324, "Index Cond": "(userid = c.userid)", "Rows Removed by Index Recheck": 0, "Heap Fetches": 0}]}]}]}]}, "Planning Time": 10.044, "Triggers": [], "Execution Time": 257.315}, {"Plan": {"Node Type": "Aggregate", "Strategy": "Plain", "Partial Mode": "Simple", "Parallel Aware": false, "Async Capable": false, "Startup Cost": 28871.62, "Total Cost": 28871.63, "Plan Rows": 1, "Plan Width": 8, "Actual Rows": 1, "Actual Loops": 1, "Plans": [{"Node Type": "Merge Join", "Parent Relationship": "Outer", "Parallel Aware": false, "Async Capable": false, "Join Type": "Inner", "Startup Cost": 2693.33, "Total Cost": 28871.18, "Plan Rows": 14.0, "Plan Width": 0, "Actual Rows": 628716, "Actual Loops": 1, "Inner Unique": false, "Merge Cond": "(p.id = v.postid)", "Plans": [{"Node Type": "Sort", "Parent Relationship": "Outer", "Parallel Aware": false, "Async Capable": false, "Startup Cost": 2692.48, "Total Cost": 2692.7, "Plan Rows": 2.0, "Plan Width": 12, "Actual Rows": 553, "Actual Loops": 1, "Sort Key": ["c.postid"], "Sort Method": "quicksort", "Sort Space Used": 57, "Sort Space Type": "Memory", "Plans": [{"Node Type": "Nested Loop", "Parent Relationship": "Outer", "Parallel Aware": false, "Async Capable": false, "Join Type": "Inner", "Startup Cost": 1.29, "Total Cost": 2689.6, "Plan Rows": 2.0, "Plan Width": 12, "Actual Rows": 842, "Actual Loops": 1, "Inner Unique": false, "Plans": [{"Node Type": "Nested Loop", "Parent Relationship": "Outer", "Parallel Aware": false, "Async Capable": false, "Join Type": "Inner", "Startup Cost": 1.0, "Total Cost": 2689.21, "Plan Rows": 1.0, "Plan Width": 20, "Actual Rows": 12, "Actual Loops": 1, "Inner Unique": true, "Plans": [{"Node Type": "Nested Loop", "Parent Relationship": "Outer", "Parallel Aware": false, "Async Capable": false, "Join Type": "Inner", "Startup Cost": 0.71, "Total Cost": 2688.9, "Plan Rows": 1.0, "Plan Width": 16, "Actual Rows": 12, "Actual Loops": 1, "Inner Unique": false, "Join Filter": "(p.id = pl.relatedpostid)", "Rows Removed by Join Filter": 0, "Plans": [{"Node Type": "Nested Loop", "Parent Relationship": "Outer", "Parallel Aware": false, "Async Capable": false, "Join Type": "Inner", "Startup Cost": 0.42, "Total Cost": 2688.55, "Plan Rows": 2.0, "Plan Width": 12, "Actual Rows": 39, "Actual Loops": 1, "Inner Unique": false, "Plans": [{"Node Type": "Seq Scan", "Parent Relationship": "Outer", "Parallel Aware": false, "Async Capable": false, "Relation Name": "posts", "Alias": "p", "Startup Cost": 0.0, "Total Cost": 2679.52, "Plan Rows": 1, "Plan Width": 4, "Actual Rows": 14, "Actual Loops": 1, "Filter": "((answercount >= 10) AND (commentcount >= 9) AND (commentcount <= 36) AND (posttypeid = 1))", "Rows Removed by Filter": 91962}, {"Node Type": "Index Scan", "Parent Relationship": "Inner", "Parallel Aware": false, "Async Capable": false, "Scan Direction": "Forward", "Index Name": "idx_comments_postid", "Relation Name": "comments", "Alias": "c", "Startup Cost": 0.42, "Total Cost": 9.01, "Plan Rows": 2, "Plan Width": 8, "Actual Rows": 3, "Actual Loops": 14, "Index Cond": "(postid = p.id)", "Rows Removed by Index Recheck": 0, "Filter": "((creationdate >= '2012-11-04 16:55:07'::timestamp without time zone) AND (score = 0))", "Rows Removed by Filter": 11}]}, {"Node Type": "Index Scan", "Parent Relationship": "Inner", "Parallel Aware": false, "Async Capable": false, "Scan Direction": "Forward", "Index Name": "idx_postlinks_relatedpostid", "Relation Name": "postlinks", "Alias": "pl", "Startup Cost": 0.29, "Total Cost": 0.34, "Plan Rows": 1, "Plan Width": 4, "Actual Rows": 0, "Actual Loops": 39, "Index Cond": "(relatedpostid = c.postid)", "Rows Removed by Index Recheck": 0, "Filter": "((creationdate >= '2013-06-16 14:13:25'::timestamp without time zone) AND (creationdate <= '2013-08-02 06:39:22'::timestamp without time zone))", "Rows Removed by Filter": 4}]}, {"Node Type": "Index Only Scan", "Parent Relationship": "Inner", "Parallel Aware": false, "Async Capable": false, "Scan Direction": "Forward", "Index Name": "users_pkey", "Relation Name": "users", "Alias": "u", "Startup Cost": 0.29, "Total Cost": 0.31, "Plan Rows": 1, "Plan Width": 4, "Actual Rows": 1, "Actual Loops": 12, "Index Cond": "(id = c.userid)", "Rows Removed by Index Recheck": 0, "Heap Fetches": 0}]}, {"Node Type": "Index Only Scan", "Parent Relationship": "Inner", "Parallel Aware": false, "Async Capable": false, "Scan Direction": "Forward", "Index Name": "idx_badges_userid", "Relation Name": "badges", "Alias": "b", "Startup Cost": 0.29, "Total Cost": 0.36, "Plan Rows": 3, "Plan Width": 4, "Actual Rows": 70, "Actual Loops": 12, "Index Cond": "(userid = u.id)", "Rows Removed by Index Recheck": 0, "Heap Fetches": 0}]}]}, {"Node Type": "Materialize", "Parent Relationship": "Inner", "Parallel Aware": false, "Async Capable": false, "Startup Cost": 0.84, "Total Cost": 25828.94, "Plan Rows": 7213.0, "Plan Width": 8, "Actual Rows": 990116, "Actual Loops": 1, "Plans": [{"Node Type": "Merge Join", "Parent Relationship": "Outer", "Parallel Aware": false, "Async Capable": false, "Join Type": "Inner", "Startup Cost": 0.84, "Total Cost": 25480.98, "Plan Rows": 7213.0, "Plan Width": 8, "Actual Rows": 363982, "Actual Loops": 1, "Inner Unique": false, "Merge Cond": "(ph.postid = v.postid)", "Plans": [{"Node Type": "Index Scan", "Parent Relationship": "Outer", "Parallel Aware": false, "Async Capable": false, "Scan Direction": "Forward", "Index Name": "idx_posthistory_postid", "Relation Name": "posthistory", "Alias": "ph", "Startup Cost": 0.42, "Total Cost": 9831.47, "Plan Rows": 53005, "Plan Width": 4, "Actual Rows": 52811, "Actual Loops": 1, "Filter": "(creationdate <= '2011-12-08 17:46:29'::timestamp without time zone)", "Rows Removed by Filter": 250376}, {"Node Type": "Index Scan", "Parent Relationship": "Inner", "Parallel Aware": false, "Async Capable": false, "Scan Direction": "Forward", "Index Name": "idx_votes_postid", "Relation Name": "votes", "Alias": "v", "Startup Cost": 0.42, "Total Cost": 13614.58, "Plan Rows": 204374, "Plan Width": 4, "Actual Rows": 405129, "Actual Loops": 1, "Filter": "((creationdate >= '2009-09-17 01:48:09'::timestamp without time zone) AND (creationdate <= '2013-07-23 14:51:51'::timestamp without time zone))", "Rows Removed by Filter": 76672}]}]}]}]}, "Planning Time": 10.047, "Triggers": [], "Execution Time": 557.846}, {"Plan": {"Node Type": "Aggregate", "Strategy": "Plain", "Partial Mode": "Simple", "Parallel Aware": false, "Async Capable": false, "Startup Cost": 2747.43, "Total Cost": 2747.44, "Plan Rows": 1, "Plan Width": 8, "Actual Rows": 1, "Actual Loops": 1, "Plans": [{"Node Type": "Nested Loop", "Parent Relationship": "Outer", "Parallel Aware": false, "Async Capable": false, "Join Type": "Inner", "Startup Cost": 2.13, "Total Cost": 2746.98, "Plan Rows": 14.0, "Plan Width": 0, "Actual Rows": 628716, "Actual Loops": 1, "Inner Unique": true, "Plans": [{"Node Type": "Nested Loop", "Parent Relationship": "Outer", "Parallel Aware": false, "Async Capable": false, "Join Type": "Inner", "Startup Cost": 1.84, "Total Cost": 2690.92, "Plan Rows": 27.0, "Plan Width": 8, "Actual Rows": 628716, "Actual Loops": 1, "Inner Unique": false, "Plans": [{"Node Type": "Nested Loop", "Parent Relationship": "Outer", "Parallel Aware": false, "Async Capable": false, "Join Type": "Inner", "Startup Cost": 1.55, "Total Cost": 2690.16, "Plan Rows": 1.0, "Plan Width": 4, "Actual Rows": 14324, "Actual Loops": 1, "Inner Unique": false, "Join Filter": "(p.id = v.postid)", "Rows Removed by Join Filter": 0, "Plans": [{"Node Type": "Nested Loop", "Parent Relationship": "Outer", "Parallel Aware": false, "Async Capable": false, "Join Type": "Inner", "Startup Cost": 1.13, "Total Cost": 2689.46, "Plan Rows": 1.0, "Plan Width": 20, "Actual Rows": 68, "Actual Loops": 1, "Inner Unique": false, "Join Filter": "(p.id = pl.relatedpostid)", "Rows Removed by Join Filter": 0, "Plans": [{"Node Type": "Nested Loop", "Parent Relationship": "Outer", "Parallel Aware": false, "Async Capable": false, "Join Type": "Inner", "Startup Cost": 0.84, "Total Cost": 2689.11, "Plan Rows": 1.0, "Plan Width": 16, "Actual Rows": 44, "Actual Loops": 1, "Inner Unique": false, "Join Filter": "(c.postid = p.id)", "Rows Removed by Join Filter": 0, "Plans": [{"Node Type": "Nested Loop", "Parent Relationship": "Outer", "Parallel Aware": false, "Async Capable": false, "Join Type": "Inner", "Startup Cost": 0.42, "Total Cost": 2688.47, "Plan Rows": 13.0, "Plan Width": 8, "Actual Rows": 74, "Actual Loops": 1, "Inner Unique": false, "Plans": [{"Node Type": "Seq Scan", "Parent Relationship": "Outer", "Parallel Aware": false, "Async Capable": false, "Relation Name": "posts", "Alias": "p", "Startup Cost": 0.0, "Total Cost": 2679.52, "Plan Rows": 1, "Plan Width": 4, "Actual Rows": 14, "Actual Loops": 1, "Filter": "((answercount >= 10) AND (commentcount >= 9) AND (commentcount <= 36) AND (posttypeid = 1))", "Rows Removed by Filter": 91962}, {"Node Type": "Index Scan", "Parent Relationship": "Inner", "Parallel Aware": false, "Async Capable": false, "Scan Direction": "Forward", "Index Name": "idx_posthistory_postid", "Relation Name": "posthistory", "Alias": "ph", "Startup Cost": 0.42, "Total Cost": 8.94, "Plan Rows": 1, "Plan Width": 4, "Actual Rows": 5, "Actual Loops": 14, "Index Cond": "(postid = p.id)", "Rows Removed by Index Recheck": 0, "Filter": "(creationdate <= '2011-12-08 17:46:29'::timestamp without time zone)", "Rows Removed by Filter": 3}]}, {"Node Type": "Index Scan", "Parent Relationship": "Inner", "Parallel Aware": false, "Async Capable": false, "Scan Direction": "Forward", "Index Name": "idx_comments_postid", "Relation Name": "comments", "Alias": "c", "Startup Cost": 0.42, "Total Cost": 0.61, "Plan Rows": 2, "Plan Width": 8, "Actual Rows": 1, "Actual Loops": 74, "Index Cond": "(postid = ph.postid)", "Rows Removed by Index Recheck": 0, "Filter": "((creationdate >= '2012-11-04 16:55:07'::timestamp without time zone) AND (score = 0))", "Rows Removed by Filter": 11}]}, {"Node Type": "Index Scan", "Parent Relationship": "Inner", "Parallel Aware": false, "Async Capable": false, "Scan Direction": "Forward", "Index Name": "idx_postlinks_relatedpostid", "Relation Name": "postlinks", "Alias": "pl", "Startup Cost": 0.29, "Total Cost": 0.34, "Plan Rows": 1, "Plan Width": 4, "Actual Rows": 2, "Actual Loops": 44, "Index Cond": "(relatedpostid = c.postid)", "Rows Removed by Index Recheck": 0, "Filter": "((creationdate >= '2013-06-16 14:13:25'::timestamp without time zone) AND (creationdate <= '2013-08-02 06:39:22'::timestamp without time zone))", "Rows Removed by Filter": 26}]}, {"Node Type": "Index Scan", "Parent Relationship": "Inner", "Parallel Aware": false, "Async Capable": false, "Scan Direction": "Forward", "Index Name": "idx_votes_postid", "Relation Name": "votes", "Alias": "v", "Startup Cost": 0.42, "Total Cost": 0.67, "Plan Rows": 3, "Plan Width": 4, "Actual Rows": 211, "Actual Loops": 68, "Index Cond": "(postid = c.postid)", "Rows Removed by Index Recheck": 0, "Filter": "((creationdate >= '2009-09-17 01:48:09'::timestamp without time zone) AND (creationdate <= '2013-07-23 14:51:51'::timestamp without time zone))", "Rows Removed by Filter": 136}]}, {"Node Type": "Index Only Scan", "Parent Relationship": "Inner", "Parallel Aware": false, "Async Capable": false, "Scan Direction": "Forward", "Index Name": "idx_badges_userid", "Relation Name": "badges", "Alias": "b", "Startup Cost": 0.29, "Total Cost": 0.35, "Plan Rows": 3, "Plan Width": 4, "Actual Rows": 44, "Actual Loops": 14324, "Index Cond": "(userid = c.userid)", "Rows Removed by Index Recheck": 0, "Heap Fetches": 0}]}, {"Node Type": "Index Only Scan", "Parent Relationship": "Inner", "Parallel Aware": false, "Async Capable": false, "Scan Direction": "Forward", "Index Name": "users_pkey", "Relation Name": "users", "Alias": "u", "Startup Cost": 0.29, "Total Cost": 0.31, "Plan Rows": 1, "Plan Width": 4, "Actual Rows": 1, "Actual Loops": 628716, "Index Cond": "(id = b.userid)", "Rows Removed by Index Recheck": 0, "Heap Fetches": 0}]}]}, "Planning Time": 8.911, "Triggers": [], "Execution Time": 477.045}, {"Plan": {"Node Type": "Aggregate", "Strategy": "Plain", "Partial Mode": "Simple", "Parallel Aware": false, "Async Capable": false, "Startup Cost": 6336.13, "Total Cost": 6336.14, "Plan Rows": 1, "Plan Width": 8, "Actual Rows": 1, "Actual Loops": 1, "Plans": [{"Node Type": "Hash Join", "Parent Relationship": "Outer", "Parallel Aware": false, "Async Capable": false, "Join Type": "Inner", "Startup Cost": 3644.14, "Total Cost": 6335.69, "Plan Rows": 14.0, "Plan Width": 0, "Actual Rows": 628716, "Actual Loops": 1, "Inner Unique": false, "Hash Cond": "(c.userid = b.userid)", "Plans": [{"Node Type": "Nested Loop", "Parent Relationship": "Outer", "Parallel Aware": false, "Async Capable": false, "Join Type": "Inner", "Startup Cost": 1.55, "Total Cost": 2690.16, "Plan Rows": 1.0, "Plan Width": 4, "Actual Rows": 14324, "Actual Loops": 1, "Inner Unique": false, "Join Filter": "(p.id = v.postid)", "Rows Removed by Join Filter": 0, "Plans": [{"Node Type": "Nested Loop", "Parent Relationship": "Outer", "Parallel Aware": false, "Async Capable": false, "Join Type": "Inner", "Startup Cost": 1.13, "Total Cost": 2689.46, "Plan Rows": 1.0, "Plan Width": 20, "Actual Rows": 68, "Actual Loops": 1, "Inner Unique": false, "Join Filter": "(p.id = pl.relatedpostid)", "Rows Removed by Join Filter": 0, "Plans": [{"Node Type": "Nested Loop", "Parent Relationship": "Outer", "Parallel Aware": false, "Async Capable": false, "Join Type": "Inner", "Startup Cost": 0.84, "Total Cost": 2689.11, "Plan Rows": 1.0, "Plan Width": 16, "Actual Rows": 44, "Actual Loops": 1, "Inner Unique": false, "Join Filter": "(c.postid = p.id)", "Rows Removed by Join Filter": 0, "Plans": [{"Node Type": "Nested Loop", "Parent Relationship": "Outer", "Parallel Aware": false, "Async Capable": false, "Join Type": "Inner", "Startup Cost": 0.42, "Total Cost": 2688.47, "Plan Rows": 13.0, "Plan Width": 8, "Actual Rows": 74, "Actual Loops": 1, "Inner Unique": false, "Plans": [{"Node Type": "Seq Scan", "Parent Relationship": "Outer", "Parallel Aware": false, "Async Capable": false, "Relation Name": "posts", "Alias": "p", "Startup Cost": 0.0, "Total Cost": 2679.52, "Plan Rows": 1, "Plan Width": 4, "Actual Rows": 14, "Actual Loops": 1, "Filter": "((answercount >= 10) AND (commentcount >= 9) AND (commentcount <= 36) AND (posttypeid = 1))", "Rows Removed by Filter": 91962}, {"Node Type": "Index Scan", "Parent Relationship": "Inner", "Parallel Aware": false, "Async Capable": false, "Scan Direction": "Forward", "Index Name": "idx_posthistory_postid", "Relation Name": "posthistory", "Alias": "ph", "Startup Cost": 0.42, "Total Cost": 8.94, "Plan Rows": 1, "Plan Width": 4, "Actual Rows": 5, "Actual Loops": 14, "Index Cond": "(postid = p.id)", "Rows Removed by Index Recheck": 0, "Filter": "(creationdate <= '2011-12-08 17:46:29'::timestamp without time zone)", "Rows Removed by Filter": 3}]}, {"Node Type": "Index Scan", "Parent Relationship": "Inner", "Parallel Aware": false, "Async Capable": false, "Scan Direction": "Forward", "Index Name": "idx_comments_postid", "Relation Name": "comments", "Alias": "c", "Startup Cost": 0.42, "Total Cost": 0.61, "Plan Rows": 2, "Plan Width": 8, "Actual Rows": 1, "Actual Loops": 74, "Index Cond": "(postid = ph.postid)", "Rows Removed by Index Recheck": 0, "Filter": "((creationdate >= '2012-11-04 16:55:07'::timestamp without time zone) AND (score = 0))", "Rows Removed by Filter": 11}]}, {"Node Type": "Index Scan", "Parent Relationship": "Inner", "Parallel Aware": false, "Async Capable": false, "Scan Direction": "Forward", "Index Name": "idx_postlinks_relatedpostid", "Relation Name": "postlinks", "Alias": "pl", "Startup Cost": 0.29, "Total Cost": 0.34, "Plan Rows": 1, "Plan Width": 4, "Actual Rows": 2, "Actual Loops": 44, "Index Cond": "(relatedpostid = c.postid)", "Rows Removed by Index Recheck": 0, "Filter": "((creationdate >= '2013-06-16 14:13:25'::timestamp without time zone) AND (creationdate <= '2013-08-02 06:39:22'::timestamp without time zone))", "Rows Removed by Filter": 26}]}, {"Node Type": "Index Scan", "Parent Relationship": "Inner", "Parallel Aware": false, "Async Capable": false, "Scan Direction": "Forward", "Index Name": "idx_votes_postid", "Relation Name": "votes", "Alias": "v", "Startup Cost": 0.42, "Total Cost": 0.67, "Plan Rows": 3, "Plan Width": 4, "Actual Rows": 211, "Actual Loops": 68, "Index Cond": "(postid = c.postid)", "Rows Removed by Index Recheck": 0, "Filter": "((creationdate >= '2009-09-17 01:48:09'::timestamp without time zone) AND (creationdate <= '2013-07-23 14:51:51'::timestamp without time zone))", "Rows Removed by Filter": 136}]}, {"Node Type": "Hash", "Parent Relationship": "Inner", "Parallel Aware": false, "Async Capable": false, "Startup Cost": 2644.45, "Total Cost": 2644.45, "Plan Rows": 9973.0, "Plan Width": 8, "Actual Rows": 79851, "Actual Loops": 1, "Hash Buckets": 131072, "Original Hash Buckets": 131072, "Hash Batches": 1, "Original Hash Batches": 1, "Peak Memory Usage": 4144, "Plans": [{"Node Type": "Hash Join", "Parent Relationship": "Outer", "Parallel Aware": false, "Async Capable": false, "Join Type": "Inner", "Startup Cost": 1204.31, "Total Cost": 2644.45, "Plan Rows": 9973.0, "Plan Width": 8, "Actual Rows": 79851, "Actual Loops": 1, "Inner Unique": true, "Hash Cond": "(b.userid = u.id)", "Plans": [{"Node Type": "Seq Scan", "Parent Relationship": "Outer", "Parallel Aware": false, "Async Capable": false, "Relation Name": "badges", "Alias": "b", "Startup Cost": 0.0, "Total Cost": 1230.51, "Plan Rows": 79851, "Plan Width": 4, "Actual Rows": 79851, "Actual Loops": 1}, {"Node Type": "Hash", "Parent Relationship": "Inner", "Parallel Aware": false, "Async Capable": false, "Startup Cost": 700.25, "Total Cost": 700.25, "Plan Rows": 40325, "Plan Width": 4, "Actual Rows": 40325, "Actual Loops": 1, "Hash Buckets": 65536, "Original Hash Buckets": 65536, "Hash Batches": 1, "Original Hash Batches": 1, "Peak Memory Usage": 1930, "Plans": [{"Node Type": "Seq Scan", "Parent Relationship": "Outer", "Parallel Aware": false, "Async Capable": false, "Relation Name": "users", "Alias": "u", "Startup Cost": 0.0, "Total Cost": 700.25, "Plan Rows": 40325, "Plan Width": 4, "Actual Rows": 40325, "Actual Loops": 1}]}]}]}]}]}, "Planning Time": 8.62, "Triggers": [], "Execution Time": 138.568}]