[{"Plan": {"Node Type": "Aggregate", "Strategy": "Plain", "Partial Mode": "Simple", "Parallel Aware": false, "Async Capable": false, "Startup Cost": 2061.54, "Total Cost": 2061.55, "Plan Rows": 1, "Plan Width": 8, "Actual Rows": 1, "Actual Loops": 1, "Plans": [{"Node Type": "Nested Loop", "Parent Relationship": "Outer", "Parallel Aware": false, "Async Capable": false, "Join Type": "Inner", "Startup Cost": 1.29, "Total Cost": 2061.54, "Plan Rows": 47.0, "Plan Width": 0, "Actual Rows": 8640, "Actual Loops": 1, "Inner Unique": false, "Plans": [{"Node Type": "Nested Loop", "Parent Relationship": "Outer", "Parallel Aware": false, "Async Capable": false, "Join Type": "Inner", "Startup Cost": 0.99, "Total Cost": 2060.39, "Plan Rows": 2.0, "Plan Width": 8, "Actual Rows": 189, "Actual Loops": 1, "Inner Unique": false, "Join Filter": "(c.postid = p.id)", "Rows Removed by Join Filter": 0, "Plans": [{"Node Type": "Nested Loop", "Parent Relationship": "Outer", "Parallel Aware": false, "Async Capable": false, "Join Type": "Inner", "Startup Cost": 0.57, "Total Cost": 2059.28, "Plan Rows": 1.0, "Plan Width": 16, "Actual Rows": 54, "Actual Loops": 1, "Inner Unique": true, "Plans": [{"Node Type": "Nested Loop", "Parent Relationship": "Outer", "Parallel Aware": false, "Async Capable": false, "Join Type": "Inner", "Startup Cost": 0.29, "Total Cost": 2043.14, "Plan Rows": 2.0, "Plan Width": 12, "Actual Rows": 118, "Actual Loops": 1, "Inner Unique": false, "Plans": [{"Node Type": "Seq Scan", "Parent Relationship": "Outer", "Parallel Aware": false, "Async Capable": false, "Relation Name": "posts", "Alias": "p", "Startup Cost": 0.0, "Total Cost": 1989.7, "Plan Rows": 16, "Plan Width": 8, "Actual Rows": 11, "Actual Loops": 1, "Filter": "(viewcount >= 66912)", "Rows Removed by Filter": 91965}, {"Node Type": "Index Only Scan", "Parent Relationship": "Inner", "Parallel Aware": false, "Async Capable": false, "Scan Direction": "Forward", "Index Name": "idx_postlinks_relatedpostid", "Relation Name": "postlinks", "Alias": "pl", "Startup Cost": 0.29, "Total Cost": 3.32, "Plan Rows": 2, "Plan Width": 4, "Actual Rows": 11, "Actual Loops": 11, "Index Cond": "(relatedpostid = p.id)", "Rows Removed by Index Recheck": 0, "Heap Fetches": 0}]}, {"Node Type": "Index Scan", "Parent Relationship": "Inner", "Parallel Aware": false, "Async Capable": false, "Scan Direction": "Forward", "Index Name": "users_pkey", "Relation Name": "users", "Alias": "u", "Startup Cost": 0.29, "Total Cost": 8.06, "Plan Rows": 1, "Plan Width": 4, "Actual Rows": 0, "Actual Loops": 118, "Index Cond": "(id = p.owneruserid)", "Rows Removed by Index Recheck": 0, "Filter": "(reputation >= 431)", "Rows Removed by Filter": 0}]}, {"Node Type": "Index Scan", "Parent Relationship": "Inner", "Parallel Aware": false, "Async Capable": false, "Scan Direction": "Forward", "Index Name": "idx_comments_postid", "Relation Name": "comments", "Alias": "c", "Startup Cost": 0.42, "Total Cost": 1.07, "Plan Rows": 3, "Plan Width": 4, "Actual Rows": 4, "Actual Loops": 54, "Index Cond": "(postid = pl.relatedpostid)", "Rows Removed by Index Recheck": 0, "Filter": "(creationdate <= '2014-07-15 04:10:14'::timestamp without time zone)", "Rows Removed by Filter": 0}]}, {"Node Type": "Index Only Scan", "Parent Relationship": "Inner", "Parallel Aware": false, "Async Capable": false, "Scan Direction": "Forward", "Index Name": "idx_badges_userid", "Relation Name": "badges", "Alias": "b", "Startup Cost": 0.29, "Total Cost": 1.11, "Plan Rows": 3, "Plan Width": 4, "Actual Rows": 46, "Actual Loops": 189, "Index Cond": "(userid = u.id)", "Rows Removed by Index Recheck": 0, "Heap Fetches": 0}]}]}, "Planning Time": 1.626, "Triggers": [], "Execution Time": 8.081}, {"Plan": {"Node Type": "Aggregate", "Strategy": "Plain", "Partial Mode": "Simple", "Parallel Aware": false, "Async Capable": false, "Startup Cost": 8549.24, "Total Cost": 8549.25, "Plan Rows": 1, "Plan Width": 8, "Actual Rows": 1, "Actual Loops": 1, "Plans": [{"Node Type": "Hash Join", "Parent Relationship": "Outer", "Parallel Aware": false, "Async Capable": false, "Join Type": "Inner", "Startup Cost": 2120.28, "Total Cost": 8549.23, "Plan Rows": 47.0, "Plan Width": 0, "Actual Rows": 8640, "Actual Loops": 1, "Inner Unique": false, "Hash Cond": "(pl.relatedpostid = p.id)", "Plans": [{"Node Type": "Nested Loop", "Parent Relationship": "Outer", "Parallel Aware": false, "Async Capable": false, "Join Type": "Inner", "Startup Cost": 0.43, "Total Cost": 6298.25, "Plan Rows": 4373.0, "Plan Width": 8, "Actual Rows": 32724, "Actual Loops": 1, "Inner Unique": false, "Plans": [{"Node Type": "Seq Scan", "Parent Relationship": "Outer", "Parallel Aware": false, "Async Capable": false, "Relation Name": "postlinks", "Alias": "pl", "Startup Cost": 0.0, "Total Cost": 193.02, "Plan Rows": 11102, "Plan Width": 4, "Actual Rows": 11102, "Actual Loops": 1}, {"Node Type": "Memoize", "Parent Relationship": "Inner", "Parallel Aware": false, "Async Capable": false, "Startup Cost": 0.43, "Total Cost": 1.08, "Plan Rows": 3, "Plan Width": 4, "Actual Rows": 3, "Actual Loops": 11102, "Cache Key": "pl.relatedpostid", "Cache Mode": "logical", "Cache Hits": 5925, "Cache Misses": 5177, "Cache Evictions": 0, "Cache Overflows": 0, "Peak Memory Usage": 825, "Plans": [{"Node Type": "Index Scan", "Parent Relationship": "Outer", "Parallel Aware": false, "Async Capable": false, "Scan Direction": "Forward", "Index Name": "idx_comments_postid", "Relation Name": "comments", "Alias": "c", "Startup Cost": 0.42, "Total Cost": 1.07, "Plan Rows": 3, "Plan Width": 4, "Actual Rows": 3, "Actual Loops": 5177, "Index Cond": "(postid = pl.relatedpostid)", "Rows Removed by Index Recheck": 0, "Filter": "(creationdate <= '2014-07-15 04:10:14'::timestamp without time zone)", "Rows Removed by Filter": 0}]}]}, {"Node Type": "Hash", "Parent Relationship": "Inner", "Parallel Aware": false, "Async Capable": false, "Startup Cost": 2119.83, "Total Cost": 2119.83, "Plan Rows": 9.0, "Plan Width": 4, "Actual Rows": 214, "Actual Loops": 1, "Hash Buckets": 1024, "Original Hash Buckets": 1024, "Hash Batches": 1, "Original Hash Batches": 1, "Peak Memory Usage": 16, "Plans": [{"Node Type": "Nested Loop", "Parent Relationship": "Outer", "Parallel Aware": false, "Async Capable": false, "Join Type": "Inner", "Startup Cost": 0.58, "Total Cost": 2119.83, "Plan Rows": 9.0, "Plan Width": 4, "Actual Rows": 214, "Actual Loops": 1, "Inner Unique": false, "Plans": [{"Node Type": "Nested Loop", "Parent Relationship": "Outer", "Parallel Aware": false, "Async Capable": false, "Join Type": "Inner", "Startup Cost": 0.29, "Total Cost": 2118.68, "Plan Rows": 1.0, "Plan Width": 12, "Actual Rows": 5, "Actual Loops": 1, "Inner Unique": true, "Plans": [{"Node Type": "Seq Scan", "Parent Relationship": "Outer", "Parallel Aware": false, "Async Capable": false, "Relation Name": "posts", "Alias": "p", "Startup Cost": 0.0, "Total Cost": 1989.7, "Plan Rows": 16, "Plan Width": 8, "Actual Rows": 11, "Actual Loops": 1, "Filter": "(viewcount >= 66912)", "Rows Removed by Filter": 91965}, {"Node Type": "Index Scan", "Parent Relationship": "Inner", "Parallel Aware": false, "Async Capable": false, "Scan Direction": "Forward", "Index Name": "users_pkey", "Relation Name": "users", "Alias": "u", "Startup Cost": 0.29, "Total Cost": 8.06, "Plan Rows": 1, "Plan Width": 4, "Actual Rows": 0, "Actual Loops": 11, "Index Cond": "(id = p.owneruserid)", "Rows Removed by Index Recheck": 0, "Filter": "(reputation >= 431)", "Rows Removed by Filter": 0}]}, {"Node Type": "Index Only Scan", "Parent Relationship": "Inner", "Parallel Aware": false, "Async Capable": false, "Scan Direction": "Forward", "Index Name": "idx_badges_userid", "Relation Name": "badges", "Alias": "b", "Startup Cost": 0.29, "Total Cost": 1.11, "Plan Rows": 3, "Plan Width": 4, "Actual Rows": 43, "Actual Loops": 5, "Index Cond": "(userid = u.id)", "Rows Removed by Index Recheck": 0, "Heap Fetches": 0}]}]}]}]}, "Planning Time": 1.941, "Triggers": [], "Execution Time": 56.215}, {"Plan": {"Node Type": "Aggregate", "Strategy": "Plain", "Partial Mode": "Finalize", "Parallel Aware": false, "Async Capable": false, "Startup Cost": 6045.72, "Total Cost": 6045.73, "Plan Rows": 1, "Plan Width": 8, "Actual Rows": 1, "Actual Loops": 1, "Plans": [{"Node Type": "Gather", "Parent Relationship": "Outer", "Parallel Aware": false, "Async Capable": false, "Startup Cost": 6045.61, "Total Cost": 6045.72, "Plan Rows": 1, "Plan Width": 8, "Actual Rows": 2, "Actual Loops": 1, "Workers Planned": 1, "Workers Launched": 1, "Single Copy": false, "Plans": [{"Node Type": "Aggregate", "Strategy": "Plain", "Partial Mode": "Partial", "Parent Relationship": "Outer", "Parallel Aware": false, "Async Capable": false, "Startup Cost": 5045.61, "Total Cost": 5045.62, "Plan Rows": 1, "Plan Width": 8, "Actual Rows": 1, "Actual Loops": 2, "Workers": [], "Plans": [{"Node Type": "Hash Join", "Parent Relationship": "Outer", "Parallel Aware": false, "Async Capable": false, "Join Type": "Inner", "Startup Cost": 2060.45, "Total Cost": 5045.6, "Plan Rows": 47.0, "Plan Width": 0, "Actual Rows": 4320, "Actual Loops": 2, "Inner Unique": false, "Hash Cond": "(c.postid = p.id)", "Workers": [], "Plans": [{"Node Type": "Seq Scan", "Parent Relationship": "Outer", "Parallel Aware": true, "Async Capable": false, "Relation Name": "comments", "Alias": "c", "Startup Cost": 0.0, "Total Cost": 2625.65, "Plan Rows": 95861, "Plan Width": 4, "Actual Rows": 81453, "Actual Loops": 2, "Filter": "(creationdate <= '2014-07-15 04:10:14'::timestamp without time zone)", "Rows Removed by Filter": 5700, "Workers": []}, {"Node Type": "Hash", "Parent Relationship": "Inner", "Parallel Aware": false, "Async Capable": false, "Startup Cost": 2060.43, "Total Cost": 2060.43, "Plan Rows": 17.0, "Plan Width": 8, "Actual Rows": 2083, "Actual Loops": 2, "Hash Buckets": 4096, "Original Hash Buckets": 1024, "Hash Batches": 1, "Original Hash Batches": 1, "Peak Memory Usage": 114, "Workers": [], "Plans": [{"Node Type": "Nested Loop", "Parent Relationship": "Outer", "Parallel Aware": false, "Async Capable": false, "Join Type": "Inner", "Startup Cost": 0.87, "Total Cost": 2060.43, "Plan Rows": 17.0, "Plan Width": 8, "Actual Rows": 2083, "Actual Loops": 2, "Inner Unique": false, "Workers": [], "Plans": [{"Node Type": "Nested Loop", "Parent Relationship": "Outer", "Parallel Aware": false, "Async Capable": false, "Join Type": "Inner", "Startup Cost": 0.57, "Total Cost": 2059.28, "Plan Rows": 1.0, "Plan Width": 16, "Actual Rows": 54, "Actual Loops": 2, "Inner Unique": true, "Workers": [], "Plans": [{"Node Type": "Nested Loop", "Parent Relationship": "Outer", "Parallel Aware": false, "Async Capable": false, "Join Type": "Inner", "Startup Cost": 0.29, "Total Cost": 2043.14, "Plan Rows": 2.0, "Plan Width": 12, "Actual Rows": 118, "Actual Loops": 2, "Inner Unique": false, "Workers": [], "Plans": [{"Node Type": "Seq Scan", "Parent Relationship": "Outer", "Parallel Aware": false, "Async Capable": false, "Relation Name": "posts", "Alias": "p", "Startup Cost": 0.0, "Total Cost": 1989.7, "Plan Rows": 16, "Plan Width": 8, "Actual Rows": 11, "Actual Loops": 2, "Filter": "(viewcount >= 66912)", "Rows Removed by Filter": 91965, "Workers": []}, {"Node Type": "Index Only Scan", "Parent Relationship": "Inner", "Parallel Aware": false, "Async Capable": false, "Scan Direction": "Forward", "Index Name": "idx_postlinks_relatedpostid", "Relation Name": "postlinks", "Alias": "pl", "Startup Cost": 0.29, "Total Cost": 3.32, "Plan Rows": 2, "Plan Width": 4, "Actual Rows": 11, "Actual Loops": 22, "Index Cond": "(relatedpostid = p.id)", "Rows Removed by Index Recheck": 0, "Heap Fetches": 0, "Workers": []}]}, {"Node Type": "Index Scan", "Parent Relationship": "Inner", "Parallel Aware": false, "Async Capable": false, "Scan Direction": "Forward", "Index Name": "users_pkey", "Relation Name": "users", "Alias": "u", "Startup Cost": 0.29, "Total Cost": 8.06, "Plan Rows": 1, "Plan Width": 4, "Actual Rows": 0, "Actual Loops": 236, "Index Cond": "(id = p.owneruserid)", "Rows Removed by Index Recheck": 0, "Filter": "(reputation >= 431)", "Rows Removed by Filter": 0, "Workers": []}]}, {"Node Type": "Index Only Scan", "Parent Relationship": "Inner", "Parallel Aware": false, "Async Capable": false, "Scan Direction": "Forward", "Index Name": "idx_badges_userid", "Relation Name": "badges", "Alias": "b", "Startup Cost": 0.29, "Total Cost": 1.11, "Plan Rows": 3, "Plan Width": 4, "Actual Rows": 39, "Actual Loops": 108, "Index Cond": "(userid = u.id)", "Rows Removed by Index Recheck": 0, "Heap Fetches": 0, "Workers": []}]}]}]}]}]}]}, "Planning Time": 3.237, "Triggers": [], "Execution Time": 44.311}, {"Plan": {"Node Type": "Aggregate", "Strategy": "Plain", "Partial Mode": "Simple", "Parallel Aware": false, "Async Capable": false, "Startup Cost": 2061.54, "Total Cost": 2061.55, "Plan Rows": 1, "Plan Width": 8, "Actual Rows": 1, "Actual Loops": 1, "Plans": [{"Node Type": "Nested Loop", "Parent Relationship": "Outer", "Parallel Aware": false, "Async Capable": false, "Join Type": "Inner", "Startup Cost": 1.29, "Total Cost": 2061.54, "Plan Rows": 47.0, "Plan Width": 0, "Actual Rows": 8640, "Actual Loops": 1, "Inner Unique": false, "Plans": [{"Node Type": "Nested Loop", "Parent Relationship": "Outer", "Parallel Aware": false, "Async Capable": false, "Join Type": "Inner", "Startup Cost": 0.99, "Total Cost": 2060.39, "Plan Rows": 2.0, "Plan Width": 8, "Actual Rows": 189, "Actual Loops": 1, "Inner Unique": false, "Join Filter": "(c.postid = p.id)", "Rows Removed by Join Filter": 0, "Plans": [{"Node Type": "Nested Loop", "Parent Relationship": "Outer", "Parallel Aware": false, "Async Capable": false, "Join Type": "Inner", "Startup Cost": 0.57, "Total Cost": 2059.28, "Plan Rows": 1.0, "Plan Width": 16, "Actual Rows": 54, "Actual Loops": 1, "Inner Unique": true, "Plans": [{"Node Type": "Nested Loop", "Parent Relationship": "Outer", "Parallel Aware": false, "Async Capable": false, "Join Type": "Inner", "Startup Cost": 0.29, "Total Cost": 2043.14, "Plan Rows": 2.0, "Plan Width": 12, "Actual Rows": 118, "Actual Loops": 1, "Inner Unique": false, "Plans": [{"Node Type": "Seq Scan", "Parent Relationship": "Outer", "Parallel Aware": false, "Async Capable": false, "Relation Name": "posts", "Alias": "p", "Startup Cost": 0.0, "Total Cost": 1989.7, "Plan Rows": 16, "Plan Width": 8, "Actual Rows": 11, "Actual Loops": 1, "Filter": "(viewcount >= 66912)", "Rows Removed by Filter": 91965}, {"Node Type": "Index Only Scan", "Parent Relationship": "Inner", "Parallel Aware": false, "Async Capable": false, "Scan Direction": "Forward", "Index Name": "idx_postlinks_relatedpostid", "Relation Name": "postlinks", "Alias": "pl", "Startup Cost": 0.29, "Total Cost": 3.32, "Plan Rows": 2, "Plan Width": 4, "Actual Rows": 11, "Actual Loops": 11, "Index Cond": "(relatedpostid = p.id)", "Rows Removed by Index Recheck": 0, "Heap Fetches": 0}]}, {"Node Type": "Index Scan", "Parent Relationship": "Inner", "Parallel Aware": false, "Async Capable": false, "Scan Direction": "Forward", "Index Name": "users_pkey", "Relation Name": "users", "Alias": "u", "Startup Cost": 0.29, "Total Cost": 8.06, "Plan Rows": 1, "Plan Width": 4, "Actual Rows": 0, "Actual Loops": 118, "Index Cond": "(id = p.owneruserid)", "Rows Removed by Index Recheck": 0, "Filter": "(reputation >= 431)", "Rows Removed by Filter": 0}]}, {"Node Type": "Index Scan", "Parent Relationship": "Inner", "Parallel Aware": false, "Async Capable": false, "Scan Direction": "Forward", "Index Name": "idx_comments_postid", "Relation Name": "comments", "Alias": "c", "Startup Cost": 0.42, "Total Cost": 1.07, "Plan Rows": 3, "Plan Width": 4, "Actual Rows": 4, "Actual Loops": 54, "Index Cond": "(postid = pl.relatedpostid)", "Rows Removed by Index Recheck": 0, "Filter": "(creationdate <= '2014-07-15 04:10:14'::timestamp without time zone)", "Rows Removed by Filter": 0}]}, {"Node Type": "Index Only Scan", "Parent Relationship": "Inner", "Parallel Aware": false, "Async Capable": false, "Scan Direction": "Forward", "Index Name": "idx_badges_userid", "Relation Name": "badges", "Alias": "b", "Startup Cost": 0.29, "Total Cost": 1.11, "Plan Rows": 3, "Plan Width": 4, "Actual Rows": 46, "Actual Loops": 189, "Index Cond": "(userid = u.id)", "Rows Removed by Index Recheck": 0, "Heap Fetches": 0}]}]}, "Planning Time": 1.726, "Triggers": [], "Execution Time": 8.117}, {"Plan": {"Node Type": "Aggregate", "Strategy": "Plain", "Partial Mode": "Simple", "Parallel Aware": false, "Async Capable": false, "Startup Cost": 3590.38, "Total Cost": 3590.39, "Plan Rows": 1, "Plan Width": 8, "Actual Rows": 1, "Actual Loops": 1, "Plans": [{"Node Type": "Hash Join", "Parent Relationship": "Outer", "Parallel Aware": false, "Async Capable": false, "Join Type": "Inner", "Startup Cost": 2060.4, "Total Cost": 3590.38, "Plan Rows": 47.0, "Plan Width": 0, "Actual Rows": 8640, "Actual Loops": 1, "Inner Unique": false, "Hash Cond": "(b.userid = u.id)", "Plans": [{"Node Type": "Seq Scan", "Parent Relationship": "Outer", "Parallel Aware": false, "Async Capable": false, "Relation Name": "badges", "Alias": "b", "Startup Cost": 0.0, "Total Cost": 1230.51, "Plan Rows": 79851, "Plan Width": 4, "Actual Rows": 79851, "Actual Loops": 1}, {"Node Type": "Hash", "Parent Relationship": "Inner", "Parallel Aware": false, "Async Capable": false, "Startup Cost": 2060.39, "Total Cost": 2060.39, "Plan Rows": 2.0, "Plan Width": 8, "Actual Rows": 189, "Actual Loops": 1, "Hash Buckets": 1024, "Original Hash Buckets": 1024, "Hash Batches": 1, "Original Hash Batches": 1, "Peak Memory Usage": 16, "Plans": [{"Node Type": "Nested Loop", "Parent Relationship": "Outer", "Parallel Aware": false, "Async Capable": false, "Join Type": "Inner", "Startup Cost": 0.99, "Total Cost": 2060.39, "Plan Rows": 2.0, "Plan Width": 8, "Actual Rows": 189, "Actual Loops": 1, "Inner Unique": false, "Join Filter": "(c.postid = p.id)", "Rows Removed by Join Filter": 0, "Plans": [{"Node Type": "Nested Loop", "Parent Relationship": "Outer", "Parallel Aware": false, "Async Capable": false, "Join Type": "Inner", "Startup Cost": 0.57, "Total Cost": 2059.28, "Plan Rows": 1.0, "Plan Width": 16, "Actual Rows": 54, "Actual Loops": 1, "Inner Unique": true, "Plans": [{"Node Type": "Nested Loop", "Parent Relationship": "Outer", "Parallel Aware": false, "Async Capable": false, "Join Type": "Inner", "Startup Cost": 0.29, "Total Cost": 2043.14, "Plan Rows": 2.0, "Plan Width": 12, "Actual Rows": 118, "Actual Loops": 1, "Inner Unique": false, "Plans": [{"Node Type": "Seq Scan", "Parent Relationship": "Outer", "Parallel Aware": false, "Async Capable": false, "Relation Name": "posts", "Alias": "p", "Startup Cost": 0.0, "Total Cost": 1989.7, "Plan Rows": 16, "Plan Width": 8, "Actual Rows": 11, "Actual Loops": 1, "Filter": "(viewcount >= 66912)", "Rows Removed by Filter": 91965}, {"Node Type": "Index Only Scan", "Parent Relationship": "Inner", "Parallel Aware": false, "Async Capable": false, "Scan Direction": "Forward", "Index Name": "idx_postlinks_relatedpostid", "Relation Name": "postlinks", "Alias": "pl", "Startup Cost": 0.29, "Total Cost": 3.32, "Plan Rows": 2, "Plan Width": 4, "Actual Rows": 11, "Actual Loops": 11, "Index Cond": "(relatedpostid = p.id)", "Rows Removed by Index Recheck": 0, "Heap Fetches": 0}]}, {"Node Type": "Index Scan", "Parent Relationship": "Inner", "Parallel Aware": false, "Async Capable": false, "Scan Direction": "Forward", "Index Name": "users_pkey", "Relation Name": "users", "Alias": "u", "Startup Cost": 0.29, "Total Cost": 8.06, "Plan Rows": 1, "Plan Width": 4, "Actual Rows": 0, "Actual Loops": 118, "Index Cond": "(id = p.owneruserid)", "Rows Removed by Index Recheck": 0, "Filter": "(reputation >= 431)", "Rows Removed by Filter": 0}]}, {"Node Type": "Index Scan", "Parent Relationship": "Inner", "Parallel Aware": false, "Async Capable": false, "Scan Direction": "Forward", "Index Name": "idx_comments_postid", "Relation Name": "comments", "Alias": "c", "Startup Cost": 0.42, "Total Cost": 1.07, "Plan Rows": 3, "Plan Width": 4, "Actual Rows": 4, "Actual Loops": 54, "Index Cond": "(postid = pl.relatedpostid)", "Rows Removed by Index Recheck": 0, "Filter": "(creationdate <= '2014-07-15 04:10:14'::timestamp without time zone)", "Rows Removed by Filter": 0}]}]}]}]}, "Planning Time": 1.59, "Triggers": [], "Execution Time": 15.031}, {"Plan": {"Node Type": "Aggregate", "Strategy": "Plain", "Partial Mode": "Simple", "Parallel Aware": false, "Async Capable": false, "Startup Cost": 2905.23, "Total Cost": 2905.24, "Plan Rows": 1, "Plan Width": 8, "Actual Rows": 1, "Actual Loops": 1, "Plans": [{"Node Type": "Hash Join", "Parent Relationship": "Outer", "Parallel Aware": false, "Async Capable": false, "Join Type": "Inner", "Startup Cost": 2074.5, "Total Cost": 2905.22, "Plan Rows": 47.0, "Plan Width": 0, "Actual Rows": 8640, "Actual Loops": 1, "Inner Unique": false, "Hash Cond": "(u.id = b.userid)", "Plans": [{"Node Type": "Seq Scan", "Parent Relationship": "Outer", "Parallel Aware": false, "Async Capable": false, "Relation Name": "users", "Alias": "u", "Startup Cost": 0.0, "Total Cost": 801.06, "Plan Rows": 697, "Plan Width": 4, "Actual Rows": 696, "Actual Loops": 1, "Filter": "(reputation >= 431)", "Rows Removed by Filter": 39629}, {"Node Type": "Hash", "Parent Relationship": "Inner", "Parallel Aware": false, "Async Capable": false, "Startup Cost": 2071.61, "Total Cost": 2071.61, "Plan Rows": 166.0, "Plan Width": 8, "Actual Rows": 10336, "Actual Loops": 1, "Hash Buckets": 16384, "Original Hash Buckets": 1024, "Hash Batches": 1, "Original Hash Batches": 1, "Peak Memory Usage": 532, "Plans": [{"Node Type": "Nested Loop", "Parent Relationship": "Outer", "Parallel Aware": false, "Async Capable": false, "Join Type": "Inner", "Startup Cost": 1.0, "Total Cost": 2071.61, "Plan Rows": 166.0, "Plan Width": 8, "Actual Rows": 10336, "Actual Loops": 1, "Inner Unique": false, "Plans": [{"Node Type": "Nested Loop", "Parent Relationship": "Outer", "Parallel Aware": false, "Async Capable": false, "Join Type": "Inner", "Startup Cost": 0.71, "Total Cost": 2045.36, "Plan Rows": 6.0, "Plan Width": 4, "Actual Rows": 379, "Actual Loops": 1, "Inner Unique": false, "Join Filter": "(c.postid = p.id)", "Rows Removed by Join Filter": 0, "Plans": [{"Node Type": "Nested Loop", "Parent Relationship": "Outer", "Parallel Aware": false, "Async Capable": false, "Join Type": "Inner", "Startup Cost": 0.29, "Total Cost": 2043.14, "Plan Rows": 2.0, "Plan Width": 12, "Actual Rows": 118, "Actual Loops": 1, "Inner Unique": false, "Plans": [{"Node Type": "Seq Scan", "Parent Relationship": "Outer", "Parallel Aware": false, "Async Capable": false, "Relation Name": "posts", "Alias": "p", "Startup Cost": 0.0, "Total Cost": 1989.7, "Plan Rows": 16, "Plan Width": 8, "Actual Rows": 11, "Actual Loops": 1, "Filter": "(viewcount >= 66912)", "Rows Removed by Filter": 91965}, {"Node Type": "Index Only Scan", "Parent Relationship": "Inner", "Parallel Aware": false, "Async Capable": false, "Scan Direction": "Forward", "Index Name": "idx_postlinks_relatedpostid", "Relation Name": "postlinks", "Alias": "pl", "Startup Cost": 0.29, "Total Cost": 3.32, "Plan Rows": 2, "Plan Width": 4, "Actual Rows": 11, "Actual Loops": 11, "Index Cond": "(relatedpostid = p.id)", "Rows Removed by Index Recheck": 0, "Heap Fetches": 0}]}, {"Node Type": "Index Scan", "Parent Relationship": "Inner", "Parallel Aware": false, "Async Capable": false, "Scan Direction": "Forward", "Index Name": "idx_comments_postid", "Relation Name": "comments", "Alias": "c", "Startup Cost": 0.42, "Total Cost": 1.07, "Plan Rows": 3, "Plan Width": 4, "Actual Rows": 3, "Actual Loops": 118, "Index Cond": "(postid = pl.relatedpostid)", "Rows Removed by Index Recheck": 0, "Filter": "(creationdate <= '2014-07-15 04:10:14'::timestamp without time zone)", "Rows Removed by Filter": 0}]}, {"Node Type": "Index Only Scan", "Parent Relationship": "Inner", "Parallel Aware": false, "Async Capable": false, "Scan Direction": "Forward", "Index Name": "idx_badges_userid", "Relation Name": "badges", "Alias": "b", "Startup Cost": 0.29, "Total Cost": 4.35, "Plan Rows": 3, "Plan Width": 4, "Actual Rows": 27, "Actual Loops": 379, "Index Cond": "(userid = p.owneruserid)", "Rows Removed by Index Recheck": 0, "Heap Fetches": 0}]}]}]}]}, "Planning Time": 1.634, "Triggers": [], "Execution Time": 13.964}, {"Plan": {"Node Type": "Aggregate", "Strategy": "Plain", "Partial Mode": "Simple", "Parallel Aware": false, "Async Capable": false, "Startup Cost": 3657.69, "Total Cost": 3657.7, "Plan Rows": 1, "Plan Width": 8, "Actual Rows": 1, "Actual Loops": 1, "Plans": [{"Node Type": "Hash Join", "Parent Relationship": "Outer", "Parallel Aware": false, "Async Capable": false, "Join Type": "Inner", "Startup Cost": 2045.73, "Total Cost": 3657.68, "Plan Rows": 47.0, "Plan Width": 0, "Actual Rows": 8640, "Actual Loops": 1, "Inner Unique": false, "Hash Cond": "(u.id = p.owneruserid)", "Plans": [{"Node Type": "Nested Loop", "Parent Relationship": "Outer", "Parallel Aware": false, "Async Capable": false, "Join Type": "Inner", "Startup Cost": 0.29, "Total Cost": 1598.44, "Plan Rows": 6377.0, "Plan Width": 8, "Actual Rows": 18586, "Actual Loops": 1, "Inner Unique": false, "Plans": [{"Node Type": "Seq Scan", "Parent Relationship": "Outer", "Parallel Aware": false, "Async Capable": false, "Relation Name": "users", "Alias": "u", "Startup Cost": 0.0, "Total Cost": 801.06, "Plan Rows": 697, "Plan Width": 4, "Actual Rows": 696, "Actual Loops": 1, "Filter": "(reputation >= 431)", "Rows Removed by Filter": 39629}, {"Node Type": "Index Only Scan", "Parent Relationship": "Inner", "Parallel Aware": false, "Async Capable": false, "Scan Direction": "Forward", "Index Name": "idx_badges_userid", "Relation Name": "badges", "Alias": "b", "Startup Cost": 0.29, "Total Cost": 1.11, "Plan Rows": 3, "Plan Width": 4, "Actual Rows": 27, "Actual Loops": 696, "Index Cond": "(userid = u.id)", "Rows Removed by Index Recheck": 0, "Heap Fetches": 0}]}, {"Node Type": "Hash", "Parent Relationship": "Inner", "Parallel Aware": false, "Async Capable": false, "Startup Cost": 2045.36, "Total Cost": 2045.36, "Plan Rows": 6.0, "Plan Width": 4, "Actual Rows": 357, "Actual Loops": 1, "Hash Buckets": 1024, "Original Hash Buckets": 1024, "Hash Batches": 1, "Original Hash Batches": 1, "Peak Memory Usage": 21, "Plans": [{"Node Type": "Nested Loop", "Parent Relationship": "Outer", "Parallel Aware": false, "Async Capable": false, "Join Type": "Inner", "Startup Cost": 0.71, "Total Cost": 2045.36, "Plan Rows": 6.0, "Plan Width": 4, "Actual Rows": 379, "Actual Loops": 1, "Inner Unique": false, "Join Filter": "(c.postid = p.id)", "Rows Removed by Join Filter": 0, "Plans": [{"Node Type": "Nested Loop", "Parent Relationship": "Outer", "Parallel Aware": false, "Async Capable": false, "Join Type": "Inner", "Startup Cost": 0.29, "Total Cost": 2043.14, "Plan Rows": 2.0, "Plan Width": 12, "Actual Rows": 118, "Actual Loops": 1, "Inner Unique": false, "Plans": [{"Node Type": "Seq Scan", "Parent Relationship": "Outer", "Parallel Aware": false, "Async Capable": false, "Relation Name": "posts", "Alias": "p", "Startup Cost": 0.0, "Total Cost": 1989.7, "Plan Rows": 16, "Plan Width": 8, "Actual Rows": 11, "Actual Loops": 1, "Filter": "(viewcount >= 66912)", "Rows Removed by Filter": 91965}, {"Node Type": "Index Only Scan", "Parent Relationship": "Inner", "Parallel Aware": false, "Async Capable": false, "Scan Direction": "Forward", "Index Name": "idx_postlinks_relatedpostid", "Relation Name": "postlinks", "Alias": "pl", "Startup Cost": 0.29, "Total Cost": 3.32, "Plan Rows": 2, "Plan Width": 4, "Actual Rows": 11, "Actual Loops": 11, "Index Cond": "(relatedpostid = p.id)", "Rows Removed by Index Recheck": 0, "Heap Fetches": 0}]}, {"Node Type": "Index Scan", "Parent Relationship": "Inner", "Parallel Aware": false, "Async Capable": false, "Scan Direction": "Forward", "Index Name": "idx_comments_postid", "Relation Name": "comments", "Alias": "c", "Startup Cost": 0.42, "Total Cost": 1.07, "Plan Rows": 3, "Plan Width": 4, "Actual Rows": 3, "Actual Loops": 118, "Index Cond": "(postid = pl.relatedpostid)", "Rows Removed by Index Recheck": 0, "Filter": "(creationdate <= '2014-07-15 04:10:14'::timestamp without time zone)", "Rows Removed by Filter": 0}]}]}]}]}, "Planning Time": 1.607, "Triggers": [], "Execution Time": 13.452}, {"Plan": {"Node Type": "Aggregate", "Strategy": "Plain", "Partial Mode": "Simple", "Parallel Aware": false, "Async Capable": false, "Startup Cost": 2062.65, "Total Cost": 2062.66, "Plan Rows": 1, "Plan Width": 8, "Actual Rows": 1, "Actual Loops": 1, "Plans": [{"Node Type": "Nested Loop", "Parent Relationship": "Outer", "Parallel Aware": false, "Async Capable": false, "Join Type": "Inner", "Startup Cost": 1.29, "Total Cost": 2062.65, "Plan Rows": 47.0, "Plan Width": 0, "Actual Rows": 8640, "Actual Loops": 1, "Inner Unique": false, "Join Filter": "(c.postid = p.id)", "Rows Removed by Join Filter": 0, "Plans": [{"Node Type": "Nested Loop", "Parent Relationship": "Outer", "Parallel Aware": false, "Async Capable": false, "Join Type": "Inner", "Startup Cost": 0.87, "Total Cost": 2060.43, "Plan Rows": 17.0, "Plan Width": 8, "Actual Rows": 2083, "Actual Loops": 1, "Inner Unique": false, "Plans": [{"Node Type": "Nested Loop", "Parent Relationship": "Outer", "Parallel Aware": false, "Async Capable": false, "Join Type": "Inner", "Startup Cost": 0.57, "Total Cost": 2059.28, "Plan Rows": 1.0, "Plan Width": 16, "Actual Rows": 54, "Actual Loops": 1, "Inner Unique": true, "Plans": [{"Node Type": "Nested Loop", "Parent Relationship": "Outer", "Parallel Aware": false, "Async Capable": false, "Join Type": "Inner", "Startup Cost": 0.29, "Total Cost": 2043.14, "Plan Rows": 2.0, "Plan Width": 12, "Actual Rows": 118, "Actual Loops": 1, "Inner Unique": false, "Plans": [{"Node Type": "Seq Scan", "Parent Relationship": "Outer", "Parallel Aware": false, "Async Capable": false, "Relation Name": "posts", "Alias": "p", "Startup Cost": 0.0, "Total Cost": 1989.7, "Plan Rows": 16, "Plan Width": 8, "Actual Rows": 11, "Actual Loops": 1, "Filter": "(viewcount >= 66912)", "Rows Removed by Filter": 91965}, {"Node Type": "Index Only Scan", "Parent Relationship": "Inner", "Parallel Aware": false, "Async Capable": false, "Scan Direction": "Forward", "Index Name": "idx_postlinks_relatedpostid", "Relation Name": "postlinks", "Alias": "pl", "Startup Cost": 0.29, "Total Cost": 3.32, "Plan Rows": 2, "Plan Width": 4, "Actual Rows": 11, "Actual Loops": 11, "Index Cond": "(relatedpostid = p.id)", "Rows Removed by Index Recheck": 0, "Heap Fetches": 0}]}, {"Node Type": "Index Scan", "Parent Relationship": "Inner", "Parallel Aware": false, "Async Capable": false, "Scan Direction": "Forward", "Index Name": "users_pkey", "Relation Name": "users", "Alias": "u", "Startup Cost": 0.29, "Total Cost": 8.06, "Plan Rows": 1, "Plan Width": 4, "Actual Rows": 0, "Actual Loops": 118, "Index Cond": "(id = p.owneruserid)", "Rows Removed by Index Recheck": 0, "Filter": "(reputation >= 431)", "Rows Removed by Filter": 0}]}, {"Node Type": "Index Only Scan", "Parent Relationship": "Inner", "Parallel Aware": false, "Async Capable": false, "Scan Direction": "Forward", "Index Name": "idx_badges_userid", "Relation Name": "badges", "Alias": "b", "Startup Cost": 0.29, "Total Cost": 1.11, "Plan Rows": 3, "Plan Width": 4, "Actual Rows": 39, "Actual Loops": 54, "Index Cond": "(userid = u.id)", "Rows Removed by Index Recheck": 0, "Heap Fetches": 0}]}, {"Node Type": "Index Scan", "Parent Relationship": "Inner", "Parallel Aware": false, "Async Capable": false, "Scan Direction": "Forward", "Index Name": "idx_comments_postid", "Relation Name": "comments", "Alias": "c", "Startup Cost": 0.42, "Total Cost": 1.07, "Plan Rows": 3, "Plan Width": 4, "Actual Rows": 4, "Actual Loops": 2083, "Index Cond": "(postid = pl.relatedpostid)", "Rows Removed by Index Recheck": 0, "Filter": "(creationdate <= '2014-07-15 04:10:14'::timestamp without time zone)", "Rows Removed by Filter": 0}]}]}, "Planning Time": 1.506, "Triggers": [], "Execution Time": 10.102}, {"Plan": {"Node Type": "Aggregate", "Strategy": "Plain", "Partial Mode": "Simple", "Parallel Aware": false, "Async Capable": false, "Startup Cost": 2147.97, "Total Cost": 2147.98, "Plan Rows": 1, "Plan Width": 8, "Actual Rows": 1, "Actual Loops": 1, "Plans": [{"Node Type": "Nested Loop", "Parent Relationship": "Outer", "Parallel Aware": false, "Async Capable": false, "Join Type": "Inner", "Startup Cost": 1.29, "Total Cost": 2147.96, "Plan Rows": 47.0, "Plan Width": 0, "Actual Rows": 8640, "Actual Loops": 1, "Inner Unique": true, "Plans": [{"Node Type": "Nested Loop", "Parent Relationship": "Outer", "Parallel Aware": false, "Async Capable": false, "Join Type": "Inner", "Startup Cost": 1.0, "Total Cost": 2071.61, "Plan Rows": 166.0, "Plan Width": 8, "Actual Rows": 10336, "Actual Loops": 1, "Inner Unique": false, "Plans": [{"Node Type": "Nested Loop", "Parent Relationship": "Outer", "Parallel Aware": false, "Async Capable": false, "Join Type": "Inner", "Startup Cost": 0.71, "Total Cost": 2045.36, "Plan Rows": 6.0, "Plan Width": 4, "Actual Rows": 379, "Actual Loops": 1, "Inner Unique": false, "Join Filter": "(c.postid = p.id)", "Rows Removed by Join Filter": 0, "Plans": [{"Node Type": "Nested Loop", "Parent Relationship": "Outer", "Parallel Aware": false, "Async Capable": false, "Join Type": "Inner", "Startup Cost": 0.29, "Total Cost": 2043.14, "Plan Rows": 2.0, "Plan Width": 12, "Actual Rows": 118, "Actual Loops": 1, "Inner Unique": false, "Plans": [{"Node Type": "Seq Scan", "Parent Relationship": "Outer", "Parallel Aware": false, "Async Capable": false, "Relation Name": "posts", "Alias": "p", "Startup Cost": 0.0, "Total Cost": 1989.7, "Plan Rows": 16, "Plan Width": 8, "Actual Rows": 11, "Actual Loops": 1, "Filter": "(viewcount >= 66912)", "Rows Removed by Filter": 91965}, {"Node Type": "Index Only Scan", "Parent Relationship": "Inner", "Parallel Aware": false, "Async Capable": false, "Scan Direction": "Forward", "Index Name": "idx_postlinks_relatedpostid", "Relation Name": "postlinks", "Alias": "pl", "Startup Cost": 0.29, "Total Cost": 3.32, "Plan Rows": 2, "Plan Width": 4, "Actual Rows": 11, "Actual Loops": 11, "Index Cond": "(relatedpostid = p.id)", "Rows Removed by Index Recheck": 0, "Heap Fetches": 0}]}, {"Node Type": "Index Scan", "Parent Relationship": "Inner", "Parallel Aware": false, "Async Capable": false, "Scan Direction": "Forward", "Index Name": "idx_comments_postid", "Relation Name": "comments", "Alias": "c", "Startup Cost": 0.42, "Total Cost": 1.07, "Plan Rows": 3, "Plan Width": 4, "Actual Rows": 3, "Actual Loops": 118, "Index Cond": "(postid = pl.relatedpostid)", "Rows Removed by Index Recheck": 0, "Filter": "(creationdate <= '2014-07-15 04:10:14'::timestamp without time zone)", "Rows Removed by Filter": 0}]}, {"Node Type": "Index Only Scan", "Parent Relationship": "Inner", "Parallel Aware": false, "Async Capable": false, "Scan Direction": "Forward", "Index Name": "idx_badges_userid", "Relation Name": "badges", "Alias": "b", "Startup Cost": 0.29, "Total Cost": 4.35, "Plan Rows": 3, "Plan Width": 4, "Actual Rows": 27, "Actual Loops": 379, "Index Cond": "(userid = p.owneruserid)", "Rows Removed by Index Recheck": 0, "Heap Fetches": 0}]}, {"Node Type": "Index Scan", "Parent Relationship": "Inner", "Parallel Aware": false, "Async Capable": false, "Scan Direction": "Forward", "Index Name": "users_pkey", "Relation Name": "users", "Alias": "u", "Startup Cost": 0.29, "Total Cost": 0.33, "Plan Rows": 1, "Plan Width": 4, "Actual Rows": 1, "Actual Loops": 10336, "Index Cond": "(id = b.userid)", "Rows Removed by Index Recheck": 0, "Filter": "(reputation >= 431)", "Rows Removed by Filter": 0}]}]}, "Planning Time": 1.493, "Triggers": [], "Execution Time": 15.162}, {"Plan": {"Node Type": "Aggregate", "Strategy": "Plain", "Partial Mode": "Simple", "Parallel Aware": false, "Async Capable": false, "Startup Cost": 2363.55, "Total Cost": 2363.56, "Plan Rows": 1, "Plan Width": 8, "Actual Rows": 1, "Actual Loops": 1, "Plans": [{"Node Type": "Hash Join", "Parent Relationship": "Outer", "Parallel Aware": false, "Async Capable": false, "Join Type": "Inner", "Startup Cost": 2128.88, "Total Cost": 2363.55, "Plan Rows": 47.0, "Plan Width": 0, "Actual Rows": 8640, "Actual Loops": 1, "Inner Unique": false, "Hash Cond": "(pl.relatedpostid = p.id)", "Plans": [{"Node Type": "Seq Scan", "Parent Relationship": "Outer", "Parallel Aware": false, "Async Capable": false, "Relation Name": "postlinks", "Alias": "pl", "Startup Cost": 0.0, "Total Cost": 193.02, "Plan Rows": 11102, "Plan Width": 4, "Actual Rows": 11102, "Actual Loops": 1}, {"Node Type": "Hash", "Parent Relationship": "Inner", "Parallel Aware": false, "Async Capable": false, "Startup Cost": 2128.86, "Total Cost": 2128.86, "Plan Rows": 33.0, "Plan Width": 8, "Actual Rows": 1089, "Actual Loops": 1, "Hash Buckets": 2048, "Original Hash Buckets": 1024, "Hash Batches": 1, "Original Hash Batches": 1, "Peak Memory Usage": 59, "Plans": [{"Node Type": "Nested Loop", "Parent Relationship": "Outer", "Parallel Aware": false, "Async Capable": false, "Join Type": "Inner", "Startup Cost": 1.0, "Total Cost": 2128.86, "Plan Rows": 33.0, "Plan Width": 8, "Actual Rows": 1089, "Actual Loops": 1, "Inner Unique": false, "Plans": [{"Node Type": "Nested Loop", "Parent Relationship": "Outer", "Parallel Aware": false, "Async Capable": false, "Join Type": "Inner", "Startup Cost": 0.71, "Total Cost": 2127.71, "Plan Rows": 2.0, "Plan Width": 16, "Actual Rows": 21, "Actual Loops": 1, "Inner Unique": false, "Plans": [{"Node Type": "Nested Loop", "Parent Relationship": "Outer", "Parallel Aware": false, "Async Capable": false, "Join Type": "Inner", "Startup Cost": 0.29, "Total Cost": 2118.68, "Plan Rows": 1.0, "Plan Width": 12, "Actual Rows": 5, "Actual Loops": 1, "Inner Unique": true, "Plans": [{"Node Type": "Seq Scan", "Parent Relationship": "Outer", "Parallel Aware": false, "Async Capable": false, "Relation Name": "posts", "Alias": "p", "Startup Cost": 0.0, "Total Cost": 1989.7, "Plan Rows": 16, "Plan Width": 8, "Actual Rows": 11, "Actual Loops": 1, "Filter": "(viewcount >= 66912)", "Rows Removed by Filter": 91965}, {"Node Type": "Index Scan", "Parent Relationship": "Inner", "Parallel Aware": false, "Async Capable": false, "Scan Direction": "Forward", "Index Name": "users_pkey", "Relation Name": "users", "Alias": "u", "Startup Cost": 0.29, "Total Cost": 8.06, "Plan Rows": 1, "Plan Width": 4, "Actual Rows": 0, "Actual Loops": 11, "Index Cond": "(id = p.owneruserid)", "Rows Removed by Index Recheck": 0, "Filter": "(reputation >= 431)", "Rows Removed by Filter": 0}]}, {"Node Type": "Index Scan", "Parent Relationship": "Inner", "Parallel Aware": false, "Async Capable": false, "Scan Direction": "Forward", "Index Name": "idx_comments_postid", "Relation Name": "comments", "Alias": "c", "Startup Cost": 0.42, "Total Cost": 9.0, "Plan Rows": 3, "Plan Width": 4, "Actual Rows": 4, "Actual Loops": 5, "Index Cond": "(postid = p.id)", "Rows Removed by Index Recheck": 0, "Filter": "(creationdate <= '2014-07-15 04:10:14'::timestamp without time zone)", "Rows Removed by Filter": 0}]}, {"Node Type": "Index Only Scan", "Parent Relationship": "Inner", "Parallel Aware": false, "Async Capable": false, "Scan Direction": "Forward", "Index Name": "idx_badges_userid", "Relation Name": "badges", "Alias": "b", "Startup Cost": 0.29, "Total Cost": 1.11, "Plan Rows": 3, "Plan Width": 4, "Actual Rows": 52, "Actual Loops": 21, "Index Cond": "(userid = u.id)", "Rows Removed by Index Recheck": 0, "Heap Fetches": 0}]}]}]}]}, "Planning Time": 1.477, "Triggers": [], "Execution Time": 7.313}, {"Plan": {"Node Type": "Aggregate", "Strategy": "Plain", "Partial Mode": "Simple", "Parallel Aware": false, "Async Capable": false, "Startup Cost": 3661.09, "Total Cost": 3661.1, "Plan Rows": 1, "Plan Width": 8, "Actual Rows": 1, "Actual Loops": 1, "Plans": [{"Node Type": "Hash Join", "Parent Relationship": "Outer", "Parallel Aware": false, "Async Capable": false, "Join Type": "Inner", "Startup Cost": 1616.39, "Total Cost": 3661.09, "Plan Rows": 47.0, "Plan Width": 0, "Actual Rows": 8640, "Actual Loops": 1, "Inner Unique": false, "Hash Cond": "(p.owneruserid = u.id)", "Plans": [{"Node Type": "Nested Loop", "Parent Relationship": "Outer", "Parallel Aware": false, "Async Capable": false, "Join Type": "Inner", "Startup Cost": 0.71, "Total Cost": 2045.36, "Plan Rows": 6.0, "Plan Width": 4, "Actual Rows": 379, "Actual Loops": 1, "Inner Unique": false, "Join Filter": "(c.postid = p.id)", "Rows Removed by Join Filter": 0, "Plans": [{"Node Type": "Nested Loop", "Parent Relationship": "Outer", "Parallel Aware": false, "Async Capable": false, "Join Type": "Inner", "Startup Cost": 0.29, "Total Cost": 2043.14, "Plan Rows": 2.0, "Plan Width": 12, "Actual Rows": 118, "Actual Loops": 1, "Inner Unique": false, "Plans": [{"Node Type": "Seq Scan", "Parent Relationship": "Outer", "Parallel Aware": false, "Async Capable": false, "Relation Name": "posts", "Alias": "p", "Startup Cost": 0.0, "Total Cost": 1989.7, "Plan Rows": 16, "Plan Width": 8, "Actual Rows": 11, "Actual Loops": 1, "Filter": "(viewcount >= 66912)", "Rows Removed by Filter": 91965}, {"Node Type": "Index Only Scan", "Parent Relationship": "Inner", "Parallel Aware": false, "Async Capable": false, "Scan Direction": "Forward", "Index Name": "idx_postlinks_relatedpostid", "Relation Name": "postlinks", "Alias": "pl", "Startup Cost": 0.29, "Total Cost": 3.32, "Plan Rows": 2, "Plan Width": 4, "Actual Rows": 11, "Actual Loops": 11, "Index Cond": "(relatedpostid = p.id)", "Rows Removed by Index Recheck": 0, "Heap Fetches": 0}]}, {"Node Type": "Index Scan", "Parent Relationship": "Inner", "Parallel Aware": false, "Async Capable": false, "Scan Direction": "Forward", "Index Name": "idx_comments_postid", "Relation Name": "comments", "Alias": "c", "Startup Cost": 0.42, "Total Cost": 1.07, "Plan Rows": 3, "Plan Width": 4, "Actual Rows": 3, "Actual Loops": 118, "Index Cond": "(postid = pl.relatedpostid)", "Rows Removed by Index Recheck": 0, "Filter": "(creationdate <= '2014-07-15 04:10:14'::timestamp without time zone)", "Rows Removed by Filter": 0}]}, {"Node Type": "Hash", "Parent Relationship": "Inner", "Parallel Aware": false, "Async Capable": false, "Startup Cost": 1598.44, "Total Cost": 1598.44, "Plan Rows": 6377.0, "Plan Width": 8, "Actual Rows": 18586, "Actual Loops": 1, "Hash Buckets": 32768, "Original Hash Buckets": 2048, "Hash Batches": 1, "Original Hash Batches": 1, "Peak Memory Usage": 983, "Plans": [{"Node Type": "Nested Loop", "Parent Relationship": "Outer", "Parallel Aware": false, "Async Capable": false, "Join Type": "Inner", "Startup Cost": 0.29, "Total Cost": 1598.44, "Plan Rows": 6377.0, "Plan Width": 8, "Actual Rows": 18586, "Actual Loops": 1, "Inner Unique": false, "Plans": [{"Node Type": "Seq Scan", "Parent Relationship": "Outer", "Parallel Aware": false, "Async Capable": false, "Relation Name": "users", "Alias": "u", "Startup Cost": 0.0, "Total Cost": 801.06, "Plan Rows": 697, "Plan Width": 4, "Actual Rows": 696, "Actual Loops": 1, "Filter": "(reputation >= 431)", "Rows Removed by Filter": 39629}, {"Node Type": "Index Only Scan", "Parent Relationship": "Inner", "Parallel Aware": false, "Async Capable": false, "Scan Direction": "Forward", "Index Name": "idx_badges_userid", "Relation Name": "badges", "Alias": "b", "Startup Cost": 0.29, "Total Cost": 1.11, "Plan Rows": 3, "Plan Width": 4, "Actual Rows": 27, "Actual Loops": 696, "Index Cond": "(userid = u.id)", "Rows Removed by Index Recheck": 0, "Heap Fetches": 0}]}]}]}]}, "Planning Time": 1.583, "Triggers": [], "Execution Time": 16.211}, {"Plan": {"Node Type": "Aggregate", "Strategy": "Plain", "Partial Mode": "Simple", "Parallel Aware": false, "Async Capable": false, "Startup Cost": 2129.56, "Total Cost": 2129.57, "Plan Rows": 1, "Plan Width": 8, "Actual Rows": 1, "Actual Loops": 1, "Plans": [{"Node Type": "Nested Loop", "Parent Relationship": "Outer", "Parallel Aware": false, "Async Capable": false, "Join Type": "Inner", "Startup Cost": 1.29, "Total Cost": 2129.55, "Plan Rows": 47.0, "Plan Width": 0, "Actual Rows": 8640, "Actual Loops": 1, "Inner Unique": false, "Join Filter": "(pl.relatedpostid = p.id)", "Rows Removed by Join Filter": 0, "Plans": [{"Node Type": "Nested Loop", "Parent Relationship": "Outer", "Parallel Aware": false, "Async Capable": false, "Join Type": "Inner", "Startup Cost": 1.0, "Total Cost": 2128.86, "Plan Rows": 33.0, "Plan Width": 8, "Actual Rows": 1089, "Actual Loops": 1, "Inner Unique": false, "Plans": [{"Node Type": "Nested Loop", "Parent Relationship": "Outer", "Parallel Aware": false, "Async Capable": false, "Join Type": "Inner", "Startup Cost": 0.71, "Total Cost": 2127.71, "Plan Rows": 2.0, "Plan Width": 16, "Actual Rows": 21, "Actual Loops": 1, "Inner Unique": false, "Plans": [{"Node Type": "Nested Loop", "Parent Relationship": "Outer", "Parallel Aware": false, "Async Capable": false, "Join Type": "Inner", "Startup Cost": 0.29, "Total Cost": 2118.68, "Plan Rows": 1.0, "Plan Width": 12, "Actual Rows": 5, "Actual Loops": 1, "Inner Unique": true, "Plans": [{"Node Type": "Seq Scan", "Parent Relationship": "Outer", "Parallel Aware": false, "Async Capable": false, "Relation Name": "posts", "Alias": "p", "Startup Cost": 0.0, "Total Cost": 1989.7, "Plan Rows": 16, "Plan Width": 8, "Actual Rows": 11, "Actual Loops": 1, "Filter": "(viewcount >= 66912)", "Rows Removed by Filter": 91965}, {"Node Type": "Index Scan", "Parent Relationship": "Inner", "Parallel Aware": false, "Async Capable": false, "Scan Direction": "Forward", "Index Name": "users_pkey", "Relation Name": "users", "Alias": "u", "Startup Cost": 0.29, "Total Cost": 8.06, "Plan Rows": 1, "Plan Width": 4, "Actual Rows": 0, "Actual Loops": 11, "Index Cond": "(id = p.owneruserid)", "Rows Removed by Index Recheck": 0, "Filter": "(reputation >= 431)", "Rows Removed by Filter": 0}]}, {"Node Type": "Index Scan", "Parent Relationship": "Inner", "Parallel Aware": false, "Async Capable": false, "Scan Direction": "Forward", "Index Name": "idx_comments_postid", "Relation Name": "comments", "Alias": "c", "Startup Cost": 0.42, "Total Cost": 9.0, "Plan Rows": 3, "Plan Width": 4, "Actual Rows": 4, "Actual Loops": 5, "Index Cond": "(postid = p.id)", "Rows Removed by Index Recheck": 0, "Filter": "(creationdate <= '2014-07-15 04:10:14'::timestamp without time zone)", "Rows Removed by Filter": 0}]}, {"Node Type": "Index Only Scan", "Parent Relationship": "Inner", "Parallel Aware": false, "Async Capable": false, "Scan Direction": "Forward", "Index Name": "idx_badges_userid", "Relation Name": "badges", "Alias": "b", "Startup Cost": 0.29, "Total Cost": 1.11, "Plan Rows": 3, "Plan Width": 4, "Actual Rows": 52, "Actual Loops": 21, "Index Cond": "(userid = u.id)", "Rows Removed by Index Recheck": 0, "Heap Fetches": 0}]}, {"Node Type": "Index Only Scan", "Parent Relationship": "Inner", "Parallel Aware": false, "Async Capable": false, "Scan Direction": "Forward", "Index Name": "idx_postlinks_relatedpostid", "Relation Name": "postlinks", "Alias": "pl", "Startup Cost": 0.29, "Total Cost": 0.32, "Plan Rows": 2, "Plan Width": 4, "Actual Rows": 8, "Actual Loops": 1089, "Index Cond": "(relatedpostid = c.postid)", "Rows Removed by Index Recheck": 0, "Heap Fetches": 0}]}]}, "Planning Time": 1.553, "Triggers": [], "Execution Time": 7.683}, {"Plan": {"Node Type": "Aggregate", "Strategy": "Plain", "Partial Mode": "Simple", "Parallel Aware": false, "Async Capable": false, "Startup Cost": 8855.94, "Total Cost": 8855.95, "Plan Rows": 1, "Plan Width": 8, "Actual Rows": 1, "Actual Loops": 1, "Plans": [{"Node Type": "Hash Join", "Parent Relationship": "Outer", "Parallel Aware": false, "Async Capable": false, "Join Type": "Inner", "Startup Cost": 6735.92, "Total Cost": 8855.93, "Plan Rows": 47.0, "Plan Width": 0, "Actual Rows": 8640, "Actual Loops": 1, "Inner Unique": false, "Hash Cond": "(p.id = pl.relatedpostid)", "Plans": [{"Node Type": "Nested Loop", "Parent Relationship": "Outer", "Parallel Aware": false, "Async Capable": false, "Join Type": "Inner", "Startup Cost": 0.58, "Total Cost": 2119.83, "Plan Rows": 9.0, "Plan Width": 4, "Actual Rows": 214, "Actual Loops": 1, "Inner Unique": false, "Plans": [{"Node Type": "Nested Loop", "Parent Relationship": "Outer", "Parallel Aware": false, "Async Capable": false, "Join Type": "Inner", "Startup Cost": 0.29, "Total Cost": 2118.68, "Plan Rows": 1.0, "Plan Width": 12, "Actual Rows": 5, "Actual Loops": 1, "Inner Unique": true, "Plans": [{"Node Type": "Seq Scan", "Parent Relationship": "Outer", "Parallel Aware": false, "Async Capable": false, "Relation Name": "posts", "Alias": "p", "Startup Cost": 0.0, "Total Cost": 1989.7, "Plan Rows": 16, "Plan Width": 8, "Actual Rows": 11, "Actual Loops": 1, "Filter": "(viewcount >= 66912)", "Rows Removed by Filter": 91965}, {"Node Type": "Index Scan", "Parent Relationship": "Inner", "Parallel Aware": false, "Async Capable": false, "Scan Direction": "Forward", "Index Name": "users_pkey", "Relation Name": "users", "Alias": "u", "Startup Cost": 0.29, "Total Cost": 8.06, "Plan Rows": 1, "Plan Width": 4, "Actual Rows": 0, "Actual Loops": 11, "Index Cond": "(id = p.owneruserid)", "Rows Removed by Index Recheck": 0, "Filter": "(reputation >= 431)", "Rows Removed by Filter": 0}]}, {"Node Type": "Index Only Scan", "Parent Relationship": "Inner", "Parallel Aware": false, "Async Capable": false, "Scan Direction": "Forward", "Index Name": "idx_badges_userid", "Relation Name": "badges", "Alias": "b", "Startup Cost": 0.29, "Total Cost": 1.11, "Plan Rows": 3, "Plan Width": 4, "Actual Rows": 43, "Actual Loops": 5, "Index Cond": "(userid = u.id)", "Rows Removed by Index Recheck": 0, "Heap Fetches": 0}]}, {"Node Type": "Hash", "Parent Relationship": "Inner", "Parallel Aware": false, "Async Capable": false, "Startup Cost": 6298.25, "Total Cost": 6298.25, "Plan Rows": 4373.0, "Plan Width": 8, "Actual Rows": 32724, "Actual Loops": 1, "Hash Buckets": 65536, "Original Hash Buckets": 65536, "Hash Batches": 1, "Original Hash Batches": 1, "Peak Memory Usage": 1791, "Plans": [{"Node Type": "Nested Loop", "Parent Relationship": "Outer", "Parallel Aware": false, "Async Capable": false, "Join Type": "Inner", "Startup Cost": 0.43, "Total Cost": 6298.25, "Plan Rows": 4373.0, "Plan Width": 8, "Actual Rows": 32724, "Actual Loops": 1, "Inner Unique": false, "Plans": [{"Node Type": "Seq Scan", "Parent Relationship": "Outer", "Parallel Aware": false, "Async Capable": false, "Relation Name": "postlinks", "Alias": "pl", "Startup Cost": 0.0, "Total Cost": 193.02, "Plan Rows": 11102, "Plan Width": 4, "Actual Rows": 11102, "Actual Loops": 1}, {"Node Type": "Memoize", "Parent Relationship": "Inner", "Parallel Aware": false, "Async Capable": false, "Startup Cost": 0.43, "Total Cost": 1.08, "Plan Rows": 3, "Plan Width": 4, "Actual Rows": 3, "Actual Loops": 11102, "Cache Key": "pl.relatedpostid", "Cache Mode": "logical", "Cache Hits": 5925, "Cache Misses": 5177, "Cache Evictions": 0, "Cache Overflows": 0, "Peak Memory Usage": 825, "Plans": [{"Node Type": "Index Scan", "Parent Relationship": "Outer", "Parallel Aware": false, "Async Capable": false, "Scan Direction": "Forward", "Index Name": "idx_comments_postid", "Relation Name": "comments", "Alias": "c", "Startup Cost": 0.42, "Total Cost": 1.07, "Plan Rows": 3, "Plan Width": 4, "Actual Rows": 3, "Actual Loops": 5177, "Index Cond": "(postid = pl.relatedpostid)", "Rows Removed by Index Recheck": 0, "Filter": "(creationdate <= '2014-07-15 04:10:14'::timestamp without time zone)", "Rows Removed by Filter": 0}]}]}]}]}]}, "Planning Time": 2.106, "Triggers": [], "Execution Time": 67.688}]