[{"Plan": {"Node Type": "Aggregate", "Strategy": "Plain", "Partial Mode": "Simple", "Parallel Aware": false, "Async Capable": false, "Startup Cost": 3147.16, "Total Cost": 3147.17, "Plan Rows": 1, "Plan Width": 8, "Actual Rows": 1, "Actual Loops": 1, "Plans": [{"Node Type": "Nested Loop", "Parent Relationship": "Outer", "Parallel Aware": false, "Async Capable": false, "Join Type": "Inner", "Startup Cost": 1.84, "Total Cost": 3147.0, "Plan Rows": 140.0, "Plan Width": 0, "Actual Rows": 3648, "Actual Loops": 1, "Inner Unique": false, "Plans": [{"Node Type": "Nested Loop", "Parent Relationship": "Outer", "Parallel Aware": false, "Async Capable": false, "Join Type": "Inner", "Startup Cost": 1.55, "Total Cost": 3146.5, "Plan Rows": 8.0, "Plan Width": 4, "Actual Rows": 48, "Actual Loops": 1, "Inner Unique": false, "Join Filter": "(c.postid = p.id)", "Rows Removed by Join Filter": 0, "Plans": [{"Node Type": "Nested Loop", "Parent Relationship": "Outer", "Parallel Aware": false, "Async Capable": false, "Join Type": "Inner", "Startup Cost": 1.13, "Total Cost": 3145.98, "Plan Rows": 19.0, "Plan Width": 16, "Actual Rows": 24, "Actual Loops": 1, "Inner Unique": false, "Join Filter": "(p.id = ph.postid)", "Rows Removed by Join Filter": 0, "Plans": [{"Node Type": "Nested Loop", "Parent Relationship": "Outer", "Parallel Aware": false, "Async Capable": false, "Join Type": "Inner", "Startup Cost": 0.71, "Total Cost": 3145.24, "Plan Rows": 8.0, "Plan Width": 12, "Actual Rows": 4, "Actual Loops": 1, "Inner Unique": false, "Join Filter": "(p.id = v.postid)", "Rows Removed by Join Filter": 0, "Plans": [{"Node Type": "Nested Loop", "Parent Relationship": "Outer", "Parallel Aware": false, "Async Capable": false, "Join Type": "Inner", "Startup Cost": 0.29, "Total Cost": 3143.74, "Plan Rows": 17.0, "Plan Width": 8, "Actual Rows": 4, "Actual Loops": 1, "Inner Unique": false, "Plans": [{"Node Type": "Seq Scan", "Parent Relationship": "Outer", "Parallel Aware": false, "Async Capable": false, "Relation Name": "posts", "Alias": "p", "Startup Cost": 0.0, "Total Cost": 3139.4, "Plan Rows": 1, "Plan Width": 4, "Actual Rows": 1, "Actual Loops": 1, "Filter": "((score <= 83) AND (viewcount <= 97170) AND (answercount >= 56) AND (answercount <= 59) AND (commentcount <= 25) AND (favoritecount >= 22))", "Rows Removed by Filter": 91975}, {"Node Type": "Index Only Scan", "Parent Relationship": "Inner", "Parallel Aware": false, "Async Capable": false, "Scan Direction": "Forward", "Index Name": "idx_postlinks_relatedpostid", "Relation Name": "postlinks", "Alias": "pl", "Startup Cost": 0.29, "Total Cost": 4.32, "Plan Rows": 2, "Plan Width": 4, "Actual Rows": 4, "Actual Loops": 1, "Index Cond": "(relatedpostid = p.id)", "Rows Removed by Index Recheck": 0, "Heap Fetches": 0}]}, {"Node Type": "Index Scan", "Parent Relationship": "Inner", "Parallel Aware": false, "Async Capable": false, "Scan Direction": "Forward", "Index Name": "idx_votes_postid", "Relation Name": "votes", "Alias": "v", "Startup Cost": 0.42, "Total Cost": 1.49, "Plan Rows": 1, "Plan Width": 4, "Actual Rows": 1, "Actual Loops": 4, "Index Cond": "(postid = pl.relatedpostid)", "Rows Removed by Index Recheck": 0, "Filter": "((creationdate >= '2013-05-16 16:30:00'::timestamp without time zone) AND (votetypeid = 15))", "Rows Removed by Filter": 131}]}, {"Node Type": "Index Only Scan", "Parent Relationship": "Inner", "Parallel Aware": false, "Async Capable": false, "Scan Direction": "Forward", "Index Name": "idx_posthistory_postid", "Relation Name": "posthistory", "Alias": "ph", "Startup Cost": 0.42, "Total Cost": 0.69, "Plan Rows": 4, "Plan Width": 4, "Actual Rows": 6, "Actual Loops": 4, "Index Cond": "(postid = pl.relatedpostid)", "Rows Removed by Index Recheck": 0, "Heap Fetches": 0}]}, {"Node Type": "Index Scan", "Parent Relationship": "Inner", "Parallel Aware": false, "Async Capable": false, "Scan Direction": "Forward", "Index Name": "idx_comments_postid", "Relation Name": "comments", "Alias": "c", "Startup Cost": 0.42, "Total Cost": 0.51, "Plan Rows": 1, "Plan Width": 8, "Actual Rows": 2, "Actual Loops": 24, "Index Cond": "(postid = ph.postid)", "Rows Removed by Index Recheck": 0, "Filter": "((creationdate >= '2009-10-29 05:08:38'::timestamp without time zone) AND (creationdate <= '2011-06-05 03:38:42'::timestamp without time zone))", "Rows Removed by Filter": 1}]}, {"Node Type": "Index Scan", "Parent Relationship": "Inner", "Parallel Aware": false, "Async Capable": false, "Scan Direction": "Forward", "Index Name": "idx_badges_userid", "Relation Name": "badges", "Alias": "b", "Startup Cost": 0.29, "Total Cost": 0.48, "Plan Rows": 2, "Plan Width": 4, "Actual Rows": 76, "Actual Loops": 48, "Index Cond": "(userid = c.userid)", "Rows Removed by Index Recheck": 0, "Filter": "(date >= '2012-08-25 07:48:18'::timestamp without time zone)", "Rows Removed by Filter": 113}]}]}, "Planning Time": 6.062, "Triggers": [], "Execution Time": 12.699}, {"Plan": {"Node Type": "Aggregate", "Strategy": "Plain", "Partial Mode": "Finalize", "Parallel Aware": false, "Async Capable": false, "Startup Cost": 9667.48, "Total Cost": 9667.49, "Plan Rows": 1, "Plan Width": 8, "Actual Rows": 1, "Actual Loops": 1, "Plans": [{"Node Type": "Gather", "Parent Relationship": "Outer", "Parallel Aware": false, "Async Capable": false, "Startup Cost": 9667.36, "Total Cost": 9667.47, "Plan Rows": 1, "Plan Width": 8, "Actual Rows": 2, "Actual Loops": 1, "Workers Planned": 1, "Workers Launched": 1, "Single Copy": false, "Plans": [{"Node Type": "Aggregate", "Strategy": "Plain", "Partial Mode": "Partial", "Parent Relationship": "Outer", "Parallel Aware": false, "Async Capable": false, "Startup Cost": 8667.36, "Total Cost": 8667.37, "Plan Rows": 1, "Plan Width": 8, "Actual Rows": 1, "Actual Loops": 2, "Workers": [], "Plans": [{"Node Type": "Nested Loop", "Parent Relationship": "Outer", "Parallel Aware": false, "Async Capable": false, "Join Type": "Inner", "Startup Cost": 1.71, "Total Cost": 8667.27, "Plan Rows": 140.0, "Plan Width": 0, "Actual Rows": 1824, "Actual Loops": 2, "Inner Unique": true, "Join Filter": "(c.postid = p.id)", "Rows Removed by Join Filter": 0, "Workers": [], "Plans": [{"Node Type": "Nested Loop", "Parent Relationship": "Outer", "Parallel Aware": false, "Async Capable": false, "Join Type": "Inner", "Startup Cost": 1.42, "Total Cost": 5846.88, "Plan Rows": 13633.0, "Plan Width": 16, "Actual Rows": 5122, "Actual Loops": 2, "Inner Unique": false, "Workers": [], "Plans": [{"Node Type": "Nested Loop", "Parent Relationship": "Outer", "Parallel Aware": false, "Async Capable": false, "Join Type": "Inner", "Startup Cost": 1.13, "Total Cost": 5783.21, "Plan Rows": 843.0, "Plan Width": 20, "Actual Rows": 75, "Actual Loops": 2, "Inner Unique": false, "Workers": [], "Plans": [{"Node Type": "Nested Loop", "Parent Relationship": "Outer", "Parallel Aware": false, "Async Capable": false, "Join Type": "Inner", "Startup Cost": 0.71, "Total Cost": 5761.62, "Plan Rows": 293.0, "Plan Width": 16, "Actual Rows": 7, "Actual Loops": 2, "Inner Unique": false, "Workers": [], "Plans": [{"Node Type": "Nested Loop", "Parent Relationship": "Outer", "Parallel Aware": false, "Async Capable": false, "Join Type": "Inner", "Startup Cost": 0.29, "Total Cost": 5297.51, "Plan Rows": 558.0, "Plan Width": 8, "Actual Rows": 57, "Actual Loops": 2, "Inner Unique": false, "Workers": [], "Plans": [{"Node Type": "Seq Scan", "Parent Relationship": "Outer", "Parallel Aware": true, "Async Capable": false, "Relation Name": "votes", "Alias": "v", "Startup Cost": 0.0, "Total Cost": 5054.68, "Plan Rows": 548, "Plan Width": 4, "Actual Rows": 350, "Actual Loops": 2, "Filter": "((creationdate >= '2013-05-16 16:30:00'::timestamp without time zone) AND (votetypeid = 15))", "Rows Removed by Filter": 163682, "Workers": []}, {"Node Type": "Index Only Scan", "Parent Relationship": "Inner", "Parallel Aware": false, "Async Capable": false, "Scan Direction": "Forward", "Index Name": "idx_postlinks_relatedpostid", "Relation Name": "postlinks", "Alias": "pl", "Startup Cost": 0.29, "Total Cost": 0.42, "Plan Rows": 2, "Plan Width": 4, "Actual Rows": 0, "Actual Loops": 701, "Index Cond": "(relatedpostid = v.postid)", "Rows Removed by Index Recheck": 0, "Heap Fetches": 0, "Workers": []}]}, {"Node Type": "Index Scan", "Parent Relationship": "Inner", "Parallel Aware": false, "Async Capable": false, "Scan Direction": "Forward", "Index Name": "idx_comments_postid", "Relation Name": "comments", "Alias": "c", "Startup Cost": 0.42, "Total Cost": 1.08, "Plan Rows": 1, "Plan Width": 8, "Actual Rows": 0, "Actual Loops": 114, "Index Cond": "(postid = pl.relatedpostid)", "Rows Removed by Index Recheck": 0, "Filter": "((creationdate >= '2009-10-29 05:08:38'::timestamp without time zone) AND (creationdate <= '2011-06-05 03:38:42'::timestamp without time zone))", "Rows Removed by Filter": 6, "Workers": []}]}, {"Node Type": "Index Only Scan", "Parent Relationship": "Inner", "Parallel Aware": false, "Async Capable": false, "Scan Direction": "Forward", "Index Name": "idx_posthistory_postid", "Relation Name": "posthistory", "Alias": "ph", "Startup Cost": 0.42, "Total Cost": 0.61, "Plan Rows": 4, "Plan Width": 4, "Actual Rows": 11, "Actual Loops": 14, "Index Cond": "(postid = c.postid)", "Rows Removed by Index Recheck": 0, "Heap Fetches": 0, "Workers": []}]}, {"Node Type": "Index Scan", "Parent Relationship": "Inner", "Parallel Aware": false, "Async Capable": false, "Scan Direction": "Forward", "Index Name": "idx_badges_userid", "Relation Name": "badges", "Alias": "b", "Startup Cost": 0.29, "Total Cost": 0.48, "Plan Rows": 2, "Plan Width": 4, "Actual Rows": 68, "Actual Loops": 150, "Index Cond": "(userid = c.userid)", "Rows Removed by Index Recheck": 0, "Filter": "(date >= '2012-08-25 07:48:18'::timestamp without time zone)", "Rows Removed by Filter": 82, "Workers": []}]}, {"Node Type": "Index Scan", "Parent Relationship": "Inner", "Parallel Aware": false, "Async Capable": false, "Scan Direction": "Forward", "Index Name": "posts_pkey", "Relation Name": "posts", "Alias": "p", "Startup Cost": 0.29, "Total Cost": 0.34, "Plan Rows": 1, "Plan Width": 4, "Actual Rows": 0, "Actual Loops": 10244, "Index Cond": "(id = ph.postid)", "Rows Removed by Index Recheck": 0, "Filter": "((score <= 83) AND (viewcount <= 97170) AND (answercount >= 56) AND (answercount <= 59) AND (commentcount <= 25) AND (favoritecount >= 22))", "Rows Removed by Filter": 1, "Workers": []}]}]}]}]}, "Planning Time": 7.205, "Triggers": [], "Execution Time": 48.201}, {"Plan": {"Node Type": "Aggregate", "Strategy": "Plain", "Partial Mode": "Finalize", "Parallel Aware": false, "Async Capable": false, "Startup Cost": 9313.16, "Total Cost": 9313.17, "Plan Rows": 1, "Plan Width": 8, "Actual Rows": 1, "Actual Loops": 1, "Plans": [{"Node Type": "Gather", "Parent Relationship": "Outer", "Parallel Aware": false, "Async Capable": false, "Startup Cost": 9312.94, "Total Cost": 9313.15, "Plan Rows": 2, "Plan Width": 8, "Actual Rows": 3, "Actual Loops": 1, "Workers Planned": 2, "Workers Launched": 2, "Single Copy": false, "Plans": [{"Node Type": "Aggregate", "Strategy": "Plain", "Partial Mode": "Partial", "Parent Relationship": "Outer", "Parallel Aware": false, "Async Capable": false, "Startup Cost": 8312.94, "Total Cost": 8312.95, "Plan Rows": 1, "Plan Width": 8, "Actual Rows": 1, "Actual Loops": 3, "Workers": [], "Plans": [{"Node Type": "Merge Join", "Parent Relationship": "Outer", "Parallel Aware": false, "Async Capable": false, "Join Type": "Inner", "Startup Cost": 3148.79, "Total Cost": 8312.88, "Plan Rows": 140.0, "Plan Width": 0, "Actual Rows": 1216, "Actual Loops": 3, "Inner Unique": false, "Merge Cond": "(ph.postid = p.id)", "Workers": [], "Plans": [{"Node Type": "Index Only Scan", "Parent Relationship": "Outer", "Parallel Aware": true, "Async Capable": false, "Scan Direction": "Forward", "Index Name": "idx_posthistory_postid", "Relation Name": "posthistory", "Alias": "ph", "Startup Cost": 0.42, "Total Cost": 4847.39, "Plan Rows": 126328, "Plan Width": 4, "Actual Rows": 1188, "Actual Loops": 3, "Heap Fetches": 0, "Workers": []}, {"Node Type": "Sort", "Parent Relationship": "Inner", "Parallel Aware": false, "Async Capable": false, "Startup Cost": 3148.37, "Total Cost": 3148.52, "Plan Rows": 50.0, "Plan Width": 16, "Actual Rows": 1620, "Actual Loops": 3, "Sort Key": ["c.postid"], "Sort Method": "quicksort", "Sort Space Used": 48, "Sort Space Type": "Memory", "Workers": [{"Worker Number": 0, "Sort Method": "quicksort", "Sort Space Used": 48, "Sort Space Type": "Memory"}, {"Worker Number": 1, "Sort Method": "quicksort", "Sort Space Used": 48, "Sort Space Type": "Memory"}], "Plans": [{"Node Type": "Nested Loop", "Parent Relationship": "Outer", "Parallel Aware": false, "Async Capable": false, "Join Type": "Inner", "Startup Cost": 1.42, "Total Cost": 3146.48, "Plan Rows": 50.0, "Plan Width": 16, "Actual Rows": 608, "Actual Loops": 3, "Inner Unique": false, "Workers": [], "Plans": [{"Node Type": "Nested Loop", "Parent Relationship": "Outer", "Parallel Aware": false, "Async Capable": false, "Join Type": "Inner", "Startup Cost": 1.13, "Total Cost": 3145.98, "Plan Rows": 3.0, "Plan Width": 20, "Actual Rows": 8, "Actual Loops": 3, "Inner Unique": false, "Join Filter": "(p.id = v.postid)", "Rows Removed by Join Filter": 0, "Workers": [], "Plans": [{"Node Type": "Nested Loop", "Parent Relationship": "Outer", "Parallel Aware": false, "Async Capable": false, "Join Type": "Inner", "Startup Cost": 0.71, "Total Cost": 3144.83, "Plan Rows": 5.0, "Plan Width": 16, "Actual Rows": 8, "Actual Loops": 3, "Inner Unique": false, "Join Filter": "(c.postid = p.id)", "Rows Removed by Join Filter": 0, "Workers": [], "Plans": [{"Node Type": "Nested Loop", "Parent Relationship": "Outer", "Parallel Aware": false, "Async Capable": false, "Join Type": "Inner", "Startup Cost": 0.29, "Total Cost": 3143.74, "Plan Rows": 17.0, "Plan Width": 8, "Actual Rows": 4, "Actual Loops": 3, "Inner Unique": false, "Workers": [], "Plans": [{"Node Type": "Seq Scan", "Parent Relationship": "Outer", "Parallel Aware": false, "Async Capable": false, "Relation Name": "posts", "Alias": "p", "Startup Cost": 0.0, "Total Cost": 3139.4, "Plan Rows": 1, "Plan Width": 4, "Actual Rows": 1, "Actual Loops": 3, "Filter": "((score <= 83) AND (viewcount <= 97170) AND (answercount >= 56) AND (answercount <= 59) AND (commentcount <= 25) AND (favoritecount >= 22))", "Rows Removed by Filter": 91975, "Workers": []}, {"Node Type": "Index Only Scan", "Parent Relationship": "Inner", "Parallel Aware": false, "Async Capable": false, "Scan Direction": "Forward", "Index Name": "idx_postlinks_relatedpostid", "Relation Name": "postlinks", "Alias": "pl", "Startup Cost": 0.29, "Total Cost": 4.32, "Plan Rows": 2, "Plan Width": 4, "Actual Rows": 4, "Actual Loops": 3, "Index Cond": "(relatedpostid = p.id)", "Rows Removed by Index Recheck": 0, "Heap Fetches": 0, "Workers": []}]}, {"Node Type": "Index Scan", "Parent Relationship": "Inner", "Parallel Aware": false, "Async Capable": false, "Scan Direction": "Forward", "Index Name": "idx_comments_postid", "Relation Name": "comments", "Alias": "c", "Startup Cost": 0.42, "Total Cost": 1.08, "Plan Rows": 1, "Plan Width": 8, "Actual Rows": 2, "Actual Loops": 12, "Index Cond": "(postid = pl.relatedpostid)", "Rows Removed by Index Recheck": 0, "Filter": "((creationdate >= '2009-10-29 05:08:38'::timestamp without time zone) AND (creationdate <= '2011-06-05 03:38:42'::timestamp without time zone))", "Rows Removed by Filter": 1, "Workers": []}]}, {"Node Type": "Index Scan", "Parent Relationship": "Inner", "Parallel Aware": false, "Async Capable": false, "Scan Direction": "Forward", "Index Name": "idx_votes_postid", "Relation Name": "votes", "Alias": "v", "Startup Cost": 0.42, "Total Cost": 1.14, "Plan Rows": 1, "Plan Width": 4, "Actual Rows": 1, "Actual Loops": 24, "Index Cond": "(postid = c.postid)", "Rows Removed by Index Recheck": 0, "Filter": "((creationdate >= '2013-05-16 16:30:00'::timestamp without time zone) AND (votetypeid = 15))", "Rows Removed by Filter": 131, "Workers": []}]}, {"Node Type": "Index Scan", "Parent Relationship": "Inner", "Parallel Aware": false, "Async Capable": false, "Scan Direction": "Forward", "Index Name": "idx_badges_userid", "Relation Name": "badges", "Alias": "b", "Startup Cost": 0.29, "Total Cost": 0.48, "Plan Rows": 2, "Plan Width": 4, "Actual Rows": 76, "Actual Loops": 24, "Index Cond": "(userid = c.userid)", "Rows Removed by Index Recheck": 0, "Filter": "(date >= '2012-08-25 07:48:18'::timestamp without time zone)", "Rows Removed by Filter": 113, "Workers": []}]}]}]}]}]}]}, "Planning Time": 11.768, "Triggers": [], "Execution Time": 35.099}, {"Plan": {"Node Type": "Aggregate", "Strategy": "Plain", "Partial Mode": "Finalize", "Parallel Aware": false, "Async Capable": false, "Startup Cost": 9237.66, "Total Cost": 9237.67, "Plan Rows": 1, "Plan Width": 8, "Actual Rows": 1, "Actual Loops": 1, "Plans": [{"Node Type": "Gather", "Parent Relationship": "Outer", "Parallel Aware": false, "Async Capable": false, "Startup Cost": 9237.54, "Total Cost": 9237.65, "Plan Rows": 1, "Plan Width": 8, "Actual Rows": 2, "Actual Loops": 1, "Workers Planned": 1, "Workers Launched": 1, "Single Copy": false, "Plans": [{"Node Type": "Aggregate", "Strategy": "Plain", "Partial Mode": "Partial", "Parent Relationship": "Outer", "Parallel Aware": false, "Async Capable": false, "Startup Cost": 8237.54, "Total Cost": 8237.55, "Plan Rows": 1, "Plan Width": 8, "Actual Rows": 1, "Actual Loops": 2, "Workers": [], "Plans": [{"Node Type": "Merge Join", "Parent Relationship": "Outer", "Parallel Aware": false, "Async Capable": false, "Join Type": "Inner", "Startup Cost": 8233.76, "Total Cost": 8237.45, "Plan Rows": 140.0, "Plan Width": 0, "Actual Rows": 1824, "Actual Loops": 2, "Inner Unique": false, "Merge Cond": "(v.postid = p.id)", "Workers": [], "Plans": [{"Node Type": "Sort", "Parent Relationship": "Outer", "Parallel Aware": false, "Async Capable": false, "Startup Cost": 5079.61, "Total Cost": 5080.98, "Plan Rows": 548, "Plan Width": 4, "Actual Rows": 4, "Actual Loops": 2, "Sort Key": ["v.postid"], "Sort Method": "quicksort", "Sort Space Used": 25, "Sort Space Type": "Memory", "Workers": [{"Worker Number": 0, "Sort Method": "quicksort", "Sort Space Used": 25, "Sort Space Type": "Memory"}], "Plans": [{"Node Type": "Seq Scan", "Parent Relationship": "Outer", "Parallel Aware": true, "Async Capable": false, "Relation Name": "votes", "Alias": "v", "Startup Cost": 0.0, "Total Cost": 5054.68, "Plan Rows": 548, "Plan Width": 4, "Actual Rows": 350, "Actual Loops": 2, "Filter": "((creationdate >= '2013-05-16 16:30:00'::timestamp without time zone) AND (votetypeid = 15))", "Rows Removed by Filter": 163682, "Workers": []}]}, {"Node Type": "Sort", "Parent Relationship": "Inner", "Parallel Aware": false, "Async Capable": false, "Startup Cost": 3154.15, "Total Cost": 3154.62, "Plan Rows": 232.0, "Plan Width": 16, "Actual Rows": 3648, "Actual Loops": 2, "Sort Key": ["c.postid"], "Sort Method": "quicksort", "Sort Space Used": 239, "Sort Space Type": "Memory", "Workers": [{"Worker Number": 0, "Sort Method": "quicksort", "Sort Space Used": 239, "Sort Space Type": "Memory"}], "Plans": [{"Node Type": "Nested Loop", "Parent Relationship": "Outer", "Parallel Aware": false, "Async Capable": false, "Join Type": "Inner", "Startup Cost": 1.42, "Total Cost": 3147.0, "Plan Rows": 232.0, "Plan Width": 16, "Actual Rows": 3648, "Actual Loops": 2, "Inner Unique": false, "Workers": [], "Plans": [{"Node Type": "Nested Loop", "Parent Relationship": "Outer", "Parallel Aware": false, "Async Capable": false, "Join Type": "Inner", "Startup Cost": 1.13, "Total Cost": 3145.5, "Plan Rows": 17.0, "Plan Width": 20, "Actual Rows": 48, "Actual Loops": 2, "Inner Unique": false, "Join Filter": "(p.id = ph.postid)", "Rows Removed by Join Filter": 0, "Workers": [], "Plans": [{"Node Type": "Nested Loop", "Parent Relationship": "Outer", "Parallel Aware": false, "Async Capable": false, "Join Type": "Inner", "Startup Cost": 0.71, "Total Cost": 3144.83, "Plan Rows": 5.0, "Plan Width": 16, "Actual Rows": 8, "Actual Loops": 2, "Inner Unique": false, "Join Filter": "(c.postid = p.id)", "Rows Removed by Join Filter": 0, "Workers": [], "Plans": [{"Node Type": "Nested Loop", "Parent Relationship": "Outer", "Parallel Aware": false, "Async Capable": false, "Join Type": "Inner", "Startup Cost": 0.29, "Total Cost": 3143.74, "Plan Rows": 17.0, "Plan Width": 8, "Actual Rows": 4, "Actual Loops": 2, "Inner Unique": false, "Workers": [], "Plans": [{"Node Type": "Seq Scan", "Parent Relationship": "Outer", "Parallel Aware": false, "Async Capable": false, "Relation Name": "posts", "Alias": "p", "Startup Cost": 0.0, "Total Cost": 3139.4, "Plan Rows": 1, "Plan Width": 4, "Actual Rows": 1, "Actual Loops": 2, "Filter": "((score <= 83) AND (viewcount <= 97170) AND (answercount >= 56) AND (answercount <= 59) AND (commentcount <= 25) AND (favoritecount >= 22))", "Rows Removed by Filter": 91975, "Workers": []}, {"Node Type": "Index Only Scan", "Parent Relationship": "Inner", "Parallel Aware": false, "Async Capable": false, "Scan Direction": "Forward", "Index Name": "idx_postlinks_relatedpostid", "Relation Name": "postlinks", "Alias": "pl", "Startup Cost": 0.29, "Total Cost": 4.32, "Plan Rows": 2, "Plan Width": 4, "Actual Rows": 4, "Actual Loops": 2, "Index Cond": "(relatedpostid = p.id)", "Rows Removed by Index Recheck": 0, "Heap Fetches": 0, "Workers": []}]}, {"Node Type": "Index Scan", "Parent Relationship": "Inner", "Parallel Aware": false, "Async Capable": false, "Scan Direction": "Forward", "Index Name": "idx_comments_postid", "Relation Name": "comments", "Alias": "c", "Startup Cost": 0.42, "Total Cost": 1.08, "Plan Rows": 1, "Plan Width": 8, "Actual Rows": 2, "Actual Loops": 8, "Index Cond": "(postid = pl.relatedpostid)", "Rows Removed by Index Recheck": 0, "Filter": "((creationdate >= '2009-10-29 05:08:38'::timestamp without time zone) AND (creationdate <= '2011-06-05 03:38:42'::timestamp without time zone))", "Rows Removed by Filter": 1, "Workers": []}]}, {"Node Type": "Index Only Scan", "Parent Relationship": "Inner", "Parallel Aware": false, "Async Capable": false, "Scan Direction": "Forward", "Index Name": "idx_posthistory_postid", "Relation Name": "posthistory", "Alias": "ph", "Startup Cost": 0.42, "Total Cost": 0.61, "Plan Rows": 4, "Plan Width": 4, "Actual Rows": 6, "Actual Loops": 16, "Index Cond": "(postid = c.postid)", "Rows Removed by Index Recheck": 0, "Heap Fetches": 0, "Workers": []}]}, {"Node Type": "Index Scan", "Parent Relationship": "Inner", "Parallel Aware": false, "Async Capable": false, "Scan Direction": "Forward", "Index Name": "idx_badges_userid", "Relation Name": "badges", "Alias": "b", "Startup Cost": 0.29, "Total Cost": 0.48, "Plan Rows": 2, "Plan Width": 4, "Actual Rows": 76, "Actual Loops": 96, "Index Cond": "(userid = c.userid)", "Rows Removed by Index Recheck": 0, "Filter": "(date >= '2012-08-25 07:48:18'::timestamp without time zone)", "Rows Removed by Filter": 113, "Workers": []}]}]}]}]}]}]}, "Planning Time": 11.541, "Triggers": [], "Execution Time": 57.119}, {"Plan": {"Node Type": "Aggregate", "Strategy": "Plain", "Partial Mode": "Simple", "Parallel Aware": false, "Async Capable": false, "Startup Cost": 10085.84, "Total Cost": 10085.85, "Plan Rows": 1, "Plan Width": 8, "Actual Rows": 1, "Actual Loops": 1, "Plans": [{"Node Type": "Hash Join", "Parent Relationship": "Outer", "Parallel Aware": false, "Async Capable": false, "Join Type": "Inner", "Startup Cost": 6934.7, "Total Cost": 10085.68, "Plan Rows": 140.0, "Plan Width": 0, "Actual Rows": 3648, "Actual Loops": 1, "Inner Unique": false, "Hash Cond": "(p.id = pl.relatedpostid)", "Plans": [{"Node Type": "Nested Loop", "Parent Relationship": "Outer", "Parallel Aware": false, "Async Capable": false, "Join Type": "Inner", "Startup Cost": 0.71, "Total Cost": 3148.92, "Plan Rows": 44.0, "Plan Width": 8, "Actual Rows": 152, "Actual Loops": 1, "Inner Unique": false, "Plans": [{"Node Type": "Nested Loop", "Parent Relationship": "Outer", "Parallel Aware": false, "Async Capable": false, "Join Type": "Inner", "Startup Cost": 0.42, "Total Cost": 3148.42, "Plan Rows": 4.0, "Plan Width": 12, "Actual Rows": 2, "Actual Loops": 1, "Inner Unique": false, "Plans": [{"Node Type": "Seq Scan", "Parent Relationship": "Outer", "Parallel Aware": false, "Async Capable": false, "Relation Name": "posts", "Alias": "p", "Startup Cost": 0.0, "Total Cost": 3139.4, "Plan Rows": 1, "Plan Width": 4, "Actual Rows": 1, "Actual Loops": 1, "Filter": "((score <= 83) AND (viewcount <= 97170) AND (answercount >= 56) AND (answercount <= 59) AND (commentcount <= 25) AND (favoritecount >= 22))", "Rows Removed by Filter": 91975}, {"Node Type": "Index Scan", "Parent Relationship": "Inner", "Parallel Aware": false, "Async Capable": false, "Scan Direction": "Forward", "Index Name": "idx_comments_postid", "Relation Name": "comments", "Alias": "c", "Startup Cost": 0.42, "Total Cost": 9.01, "Plan Rows": 1, "Plan Width": 8, "Actual Rows": 2, "Actual Loops": 1, "Index Cond": "(postid = p.id)", "Rows Removed by Index Recheck": 0, "Filter": "((creationdate >= '2009-10-29 05:08:38'::timestamp without time zone) AND (creationdate <= '2011-06-05 03:38:42'::timestamp without time zone))", "Rows Removed by Filter": 1}]}, {"Node Type": "Index Scan", "Parent Relationship": "Inner", "Parallel Aware": false, "Async Capable": false, "Scan Direction": "Forward", "Index Name": "idx_badges_userid", "Relation Name": "badges", "Alias": "b", "Startup Cost": 0.29, "Total Cost": 0.48, "Plan Rows": 2, "Plan Width": 4, "Actual Rows": 76, "Actual Loops": 2, "Index Cond": "(userid = c.userid)", "Rows Removed by Index Recheck": 0, "Filter": "(date >= '2012-08-25 07:48:18'::timestamp without time zone)", "Rows Removed by Filter": 113}]}, {"Node Type": "Hash", "Parent Relationship": "Inner", "Parallel Aware": false, "Async Capable": false, "Startup Cost": 6895.82, "Total Cost": 6895.82, "Plan Rows": 2316.0, "Plan Width": 12, "Actual Rows": 1245, "Actual Loops": 1, "Hash Buckets": 4096, "Original Hash Buckets": 4096, "Hash Batches": 1, "Original Hash Batches": 1, "Peak Memory Usage": 86, "Plans": [{"Node Type": "Nested Loop", "Parent Relationship": "Outer", "Parallel Aware": false, "Async Capable": false, "Join Type": "Inner", "Startup Cost": 1000.71, "Total Cost": 6895.82, "Plan Rows": 2316.0, "Plan Width": 12, "Actual Rows": 1245, "Actual Loops": 1, "Inner Unique": false, "Plans": [{"Node Type": "Gather", "Parent Relationship": "Outer", "Parallel Aware": false, "Async Capable": false, "Startup Cost": 1000.28, "Total Cost": 6370.01, "Plan Rows": 725, "Plan Width": 8, "Actual Rows": 114, "Actual Loops": 1, "Workers Planned": 1, "Workers Launched": 1, "Single Copy": false, "Plans": [{"Node Type": "Nested Loop", "Parent Relationship": "Outer", "Parallel Aware": false, "Async Capable": false, "Join Type": "Inner", "Startup Cost": 0.29, "Total Cost": 5297.51, "Plan Rows": 558.0, "Plan Width": 8, "Actual Rows": 57, "Actual Loops": 2, "Inner Unique": false, "Workers": [], "Plans": [{"Node Type": "Seq Scan", "Parent Relationship": "Outer", "Parallel Aware": true, "Async Capable": false, "Relation Name": "votes", "Alias": "v", "Startup Cost": 0.0, "Total Cost": 5054.68, "Plan Rows": 548, "Plan Width": 4, "Actual Rows": 350, "Actual Loops": 2, "Filter": "((creationdate >= '2013-05-16 16:30:00'::timestamp without time zone) AND (votetypeid = 15))", "Rows Removed by Filter": 163682, "Workers": []}, {"Node Type": "Index Only Scan", "Parent Relationship": "Inner", "Parallel Aware": false, "Async Capable": false, "Scan Direction": "Forward", "Index Name": "idx_postlinks_relatedpostid", "Relation Name": "postlinks", "Alias": "pl", "Startup Cost": 0.29, "Total Cost": 0.42, "Plan Rows": 2, "Plan Width": 4, "Actual Rows": 0, "Actual Loops": 701, "Index Cond": "(relatedpostid = v.postid)", "Rows Removed by Index Recheck": 0, "Heap Fetches": 0, "Workers": []}]}]}, {"Node Type": "Index Only Scan", "Parent Relationship": "Inner", "Parallel Aware": false, "Async Capable": false, "Scan Direction": "Forward", "Index Name": "idx_posthistory_postid", "Relation Name": "posthistory", "Alias": "ph", "Startup Cost": 0.42, "Total Cost": 0.69, "Plan Rows": 4, "Plan Width": 4, "Actual Rows": 11, "Actual Loops": 114, "Index Cond": "(postid = pl.relatedpostid)", "Rows Removed by Index Recheck": 0, "Heap Fetches": 0}]}]}]}]}, "Planning Time": 5.714, "Triggers": [], "Execution Time": 48.64}, {"Plan": {"Node Type": "Aggregate", "Strategy": "Plain", "Partial Mode": "Simple", "Parallel Aware": false, "Async Capable": false, "Startup Cost": 4789.03, "Total Cost": 4789.04, "Plan Rows": 1, "Plan Width": 8, "Actual Rows": 1, "Actual Loops": 1, "Plans": [{"Node Type": "Hash Join", "Parent Relationship": "Outer", "Parallel Aware": false, "Async Capable": false, "Join Type": "Inner", "Startup Cost": 3146.51, "Total Cost": 4788.88, "Plan Rows": 140.0, "Plan Width": 0, "Actual Rows": 3648, "Actual Loops": 1, "Inner Unique": false, "Hash Cond": "(b.userid = c.userid)", "Plans": [{"Node Type": "Seq Scan", "Parent Relationship": "Outer", "Parallel Aware": false, "Async Capable": false, "Relation Name": "badges", "Alias": "b", "Startup Cost": 0.0, "Total Cost": 1430.14, "Plan Rows": 56426, "Plan Width": 4, "Actual Rows": 56427, "Actual Loops": 1, "Filter": "(date >= '2012-08-25 07:48:18'::timestamp without time zone)", "Rows Removed by Filter": 23424}, {"Node Type": "Hash", "Parent Relationship": "Inner", "Parallel Aware": false, "Async Capable": false, "Startup Cost": 3146.5, "Total Cost": 3146.5, "Plan Rows": 8.0, "Plan Width": 4, "Actual Rows": 48, "Actual Loops": 1, "Hash Buckets": 1024, "Original Hash Buckets": 1024, "Hash Batches": 1, "Original Hash Batches": 1, "Peak Memory Usage": 10, "Plans": [{"Node Type": "Nested Loop", "Parent Relationship": "Outer", "Parallel Aware": false, "Async Capable": false, "Join Type": "Inner", "Startup Cost": 1.55, "Total Cost": 3146.5, "Plan Rows": 8.0, "Plan Width": 4, "Actual Rows": 48, "Actual Loops": 1, "Inner Unique": false, "Join Filter": "(c.postid = p.id)", "Rows Removed by Join Filter": 0, "Plans": [{"Node Type": "Nested Loop", "Parent Relationship": "Outer", "Parallel Aware": false, "Async Capable": false, "Join Type": "Inner", "Startup Cost": 1.13, "Total Cost": 3145.98, "Plan Rows": 19.0, "Plan Width": 16, "Actual Rows": 24, "Actual Loops": 1, "Inner Unique": false, "Join Filter": "(p.id = ph.postid)", "Rows Removed by Join Filter": 0, "Plans": [{"Node Type": "Nested Loop", "Parent Relationship": "Outer", "Parallel Aware": false, "Async Capable": false, "Join Type": "Inner", "Startup Cost": 0.71, "Total Cost": 3145.24, "Plan Rows": 8.0, "Plan Width": 12, "Actual Rows": 4, "Actual Loops": 1, "Inner Unique": false, "Join Filter": "(p.id = v.postid)", "Rows Removed by Join Filter": 0, "Plans": [{"Node Type": "Nested Loop", "Parent Relationship": "Outer", "Parallel Aware": false, "Async Capable": false, "Join Type": "Inner", "Startup Cost": 0.29, "Total Cost": 3143.74, "Plan Rows": 17.0, "Plan Width": 8, "Actual Rows": 4, "Actual Loops": 1, "Inner Unique": false, "Plans": [{"Node Type": "Seq Scan", "Parent Relationship": "Outer", "Parallel Aware": false, "Async Capable": false, "Relation Name": "posts", "Alias": "p", "Startup Cost": 0.0, "Total Cost": 3139.4, "Plan Rows": 1, "Plan Width": 4, "Actual Rows": 1, "Actual Loops": 1, "Filter": "((score <= 83) AND (viewcount <= 97170) AND (answercount >= 56) AND (answercount <= 59) AND (commentcount <= 25) AND (favoritecount >= 22))", "Rows Removed by Filter": 91975}, {"Node Type": "Index Only Scan", "Parent Relationship": "Inner", "Parallel Aware": false, "Async Capable": false, "Scan Direction": "Forward", "Index Name": "idx_postlinks_relatedpostid", "Relation Name": "postlinks", "Alias": "pl", "Startup Cost": 0.29, "Total Cost": 4.32, "Plan Rows": 2, "Plan Width": 4, "Actual Rows": 4, "Actual Loops": 1, "Index Cond": "(relatedpostid = p.id)", "Rows Removed by Index Recheck": 0, "Heap Fetches": 0}]}, {"Node Type": "Index Scan", "Parent Relationship": "Inner", "Parallel Aware": false, "Async Capable": false, "Scan Direction": "Forward", "Index Name": "idx_votes_postid", "Relation Name": "votes", "Alias": "v", "Startup Cost": 0.42, "Total Cost": 1.49, "Plan Rows": 1, "Plan Width": 4, "Actual Rows": 1, "Actual Loops": 4, "Index Cond": "(postid = pl.relatedpostid)", "Rows Removed by Index Recheck": 0, "Filter": "((creationdate >= '2013-05-16 16:30:00'::timestamp without time zone) AND (votetypeid = 15))", "Rows Removed by Filter": 131}]}, {"Node Type": "Index Only Scan", "Parent Relationship": "Inner", "Parallel Aware": false, "Async Capable": false, "Scan Direction": "Forward", "Index Name": "idx_posthistory_postid", "Relation Name": "posthistory", "Alias": "ph", "Startup Cost": 0.42, "Total Cost": 0.69, "Plan Rows": 4, "Plan Width": 4, "Actual Rows": 6, "Actual Loops": 4, "Index Cond": "(postid = pl.relatedpostid)", "Rows Removed by Index Recheck": 0, "Heap Fetches": 0}]}, {"Node Type": "Index Scan", "Parent Relationship": "Inner", "Parallel Aware": false, "Async Capable": false, "Scan Direction": "Forward", "Index Name": "idx_comments_postid", "Relation Name": "comments", "Alias": "c", "Startup Cost": 0.42, "Total Cost": 0.51, "Plan Rows": 1, "Plan Width": 8, "Actual Rows": 2, "Actual Loops": 24, "Index Cond": "(postid = ph.postid)", "Rows Removed by Index Recheck": 0, "Filter": "((creationdate >= '2009-10-29 05:08:38'::timestamp without time zone) AND (creationdate <= '2011-06-05 03:38:42'::timestamp without time zone))", "Rows Removed by Filter": 1}]}]}]}]}, "Planning Time": 5.365, "Triggers": [], "Execution Time": 18.135}, {"Plan": {"Node Type": "Aggregate", "Strategy": "Plain", "Partial Mode": "Simple", "Parallel Aware": false, "Async Capable": false, "Startup Cost": 3161.79, "Total Cost": 3161.8, "Plan Rows": 1, "Plan Width": 8, "Actual Rows": 1, "Actual Loops": 1, "Plans": [{"Node Type": "Nested Loop", "Parent Relationship": "Outer", "Parallel Aware": false, "Async Capable": false, "Join Type": "Inner", "Startup Cost": 1.85, "Total Cost": 3161.63, "Plan Rows": 140.0, "Plan Width": 0, "Actual Rows": 3648, "Actual Loops": 1, "Inner Unique": false, "Plans": [{"Node Type": "Nested Loop", "Parent Relationship": "Outer", "Parallel Aware": false, "Async Capable": false, "Join Type": "Inner", "Startup Cost": 1.56, "Total Cost": 3150.7, "Plan Rows": 96.0, "Plan Width": 16, "Actual Rows": 912, "Actual Loops": 1, "Inner Unique": false, "Plans": [{"Node Type": "Nested Loop", "Parent Relationship": "Outer", "Parallel Aware": false, "Async Capable": false, "Join Type": "Inner", "Startup Cost": 1.26, "Total Cost": 3150.2, "Plan Rows": 6.0, "Plan Width": 20, "Actual Rows": 12, "Actual Loops": 1, "Inner Unique": false, "Join Filter": "(c.postid = p.id)", "Rows Removed by Join Filter": 0, "Plans": [{"Node Type": "Nested Loop", "Parent Relationship": "Outer", "Parallel Aware": false, "Async Capable": false, "Join Type": "Inner", "Startup Cost": 0.84, "Total Cost": 3149.68, "Plan Rows": 12.0, "Plan Width": 12, "Actual Rows": 6, "Actual Loops": 1, "Inner Unique": false, "Join Filter": "(p.id = v.postid)", "Rows Removed by Join Filter": 0, "Plans": [{"Node Type": "Nested Loop", "Parent Relationship": "Outer", "Parallel Aware": false, "Async Capable": false, "Join Type": "Inner", "Startup Cost": 0.42, "Total Cost": 3147.93, "Plan Rows": 13.0, "Plan Width": 8, "Actual Rows": 6, "Actual Loops": 1, "Inner Unique": false, "Plans": [{"Node Type": "Seq Scan", "Parent Relationship": "Outer", "Parallel Aware": false, "Async Capable": false, "Relation Name": "posts", "Alias": "p", "Startup Cost": 0.0, "Total Cost": 3139.4, "Plan Rows": 1, "Plan Width": 4, "Actual Rows": 1, "Actual Loops": 1, "Filter": "((score <= 83) AND (viewcount <= 97170) AND (answercount >= 56) AND (answercount <= 59) AND (commentcount <= 25) AND (favoritecount >= 22))", "Rows Removed by Filter": 91975}, {"Node Type": "Index Only Scan", "Parent Relationship": "Inner", "Parallel Aware": false, "Async Capable": false, "Scan Direction": "Forward", "Index Name": "idx_posthistory_postid", "Relation Name": "posthistory", "Alias": "ph", "Startup Cost": 0.42, "Total Cost": 8.49, "Plan Rows": 4, "Plan Width": 4, "Actual Rows": 6, "Actual Loops": 1, "Index Cond": "(postid = p.id)", "Rows Removed by Index Recheck": 0, "Heap Fetches": 0}]}, {"Node Type": "Index Scan", "Parent Relationship": "Inner", "Parallel Aware": false, "Async Capable": false, "Scan Direction": "Forward", "Index Name": "idx_votes_postid", "Relation Name": "votes", "Alias": "v", "Startup Cost": 0.42, "Total Cost": 0.57, "Plan Rows": 1, "Plan Width": 4, "Actual Rows": 1, "Actual Loops": 6, "Index Cond": "(postid = ph.postid)", "Rows Removed by Index Recheck": 0, "Filter": "((creationdate >= '2013-05-16 16:30:00'::timestamp without time zone) AND (votetypeid = 15))", "Rows Removed by Filter": 131}]}, {"Node Type": "Index Scan", "Parent Relationship": "Inner", "Parallel Aware": false, "Async Capable": false, "Scan Direction": "Forward", "Index Name": "idx_comments_postid", "Relation Name": "comments", "Alias": "c", "Startup Cost": 0.42, "Total Cost": 0.51, "Plan Rows": 1, "Plan Width": 8, "Actual Rows": 2, "Actual Loops": 6, "Index Cond": "(postid = ph.postid)", "Rows Removed by Index Recheck": 0, "Filter": "((creationdate >= '2009-10-29 05:08:38'::timestamp without time zone) AND (creationdate <= '2011-06-05 03:38:42'::timestamp without time zone))", "Rows Removed by Filter": 1}]}, {"Node Type": "Index Scan", "Parent Relationship": "Inner", "Parallel Aware": false, "Async Capable": false, "Scan Direction": "Forward", "Index Name": "idx_badges_userid", "Relation Name": "badges", "Alias": "b", "Startup Cost": 0.29, "Total Cost": 0.48, "Plan Rows": 2, "Plan Width": 4, "Actual Rows": 76, "Actual Loops": 12, "Index Cond": "(userid = c.userid)", "Rows Removed by Index Recheck": 0, "Filter": "(date >= '2012-08-25 07:48:18'::timestamp without time zone)", "Rows Removed by Filter": 113}]}, {"Node Type": "Memoize", "Parent Relationship": "Inner", "Parallel Aware": false, "Async Capable": false, "Startup Cost": 0.3, "Total Cost": 4.33, "Plan Rows": 2, "Plan Width": 4, "Actual Rows": 4, "Actual Loops": 912, "Cache Key": "p.id", "Cache Mode": "logical", "Cache Hits": 911, "Cache Misses": 1, "Cache Evictions": 0, "Cache Overflows": 0, "Peak Memory Usage": 1, "Plans": [{"Node Type": "Index Only Scan", "Parent Relationship": "Outer", "Parallel Aware": false, "Async Capable": false, "Scan Direction": "Forward", "Index Name": "idx_postlinks_relatedpostid", "Relation Name": "postlinks", "Alias": "pl", "Startup Cost": 0.29, "Total Cost": 4.32, "Plan Rows": 2, "Plan Width": 4, "Actual Rows": 4, "Actual Loops": 1, "Index Cond": "(relatedpostid = p.id)", "Rows Removed by Index Recheck": 0, "Heap Fetches": 0}]}]}]}, "Planning Time": 4.93, "Triggers": [], "Execution Time": 8.596}, {"Plan": {"Node Type": "Aggregate", "Strategy": "Plain", "Partial Mode": "Finalize", "Parallel Aware": false, "Async Capable": false, "Startup Cost": 12204.93, "Total Cost": 12204.94, "Plan Rows": 1, "Plan Width": 8, "Actual Rows": 1, "Actual Loops": 1, "Plans": [{"Node Type": "Gather", "Parent Relationship": "Outer", "Parallel Aware": false, "Async Capable": false, "Startup Cost": 12204.82, "Total Cost": 12204.93, "Plan Rows": 1, "Plan Width": 8, "Actual Rows": 2, "Actual Loops": 1, "Workers Planned": 1, "Workers Launched": 1, "Single Copy": false, "Plans": [{"Node Type": "Aggregate", "Strategy": "Plain", "Partial Mode": "Partial", "Parent Relationship": "Outer", "Parallel Aware": false, "Async Capable": false, "Startup Cost": 11204.82, "Total Cost": 11204.83, "Plan Rows": 1, "Plan Width": 8, "Actual Rows": 1, "Actual Loops": 2, "Workers": [], "Plans": [{"Node Type": "Hash Join", "Parent Relationship": "Outer", "Parallel Aware": false, "Async Capable": false, "Join Type": "Inner", "Startup Cost": 3144.89, "Total Cost": 11204.72, "Plan Rows": 140.0, "Plan Width": 0, "Actual Rows": 1824, "Actual Loops": 2, "Inner Unique": false, "Hash Cond": "(c.postid = p.id)", "Workers": [], "Plans": [{"Node Type": "Nested Loop", "Parent Relationship": "Outer", "Parallel Aware": false, "Async Capable": false, "Join Type": "Inner", "Startup Cost": 1.14, "Total Cost": 7920.71, "Plan Rows": 9564.0, "Plan Width": 12, "Actual Rows": 7262, "Actual Loops": 2, "Inner Unique": false, "Workers": [], "Plans": [{"Node Type": "Nested Loop", "Parent Relationship": "Outer", "Parallel Aware": false, "Async Capable": false, "Join Type": "Inner", "Startup Cost": 0.84, "Total Cost": 7623.43, "Plan Rows": 495.0, "Plan Width": 16, "Actual Rows": 181, "Actual Loops": 2, "Inner Unique": false, "Workers": [], "Plans": [{"Node Type": "Nested Loop", "Parent Relationship": "Outer", "Parallel Aware": false, "Async Capable": false, "Join Type": "Inner", "Startup Cost": 0.42, "Total Cost": 6515.51, "Plan Rows": 1760.0, "Plan Width": 8, "Actual Rows": 1876, "Actual Loops": 2, "Inner Unique": false, "Workers": [], "Plans": [{"Node Type": "Seq Scan", "Parent Relationship": "Outer", "Parallel Aware": true, "Async Capable": false, "Relation Name": "votes", "Alias": "v", "Startup Cost": 0.0, "Total Cost": 5054.68, "Plan Rows": 548, "Plan Width": 4, "Actual Rows": 350, "Actual Loops": 2, "Filter": "((creationdate >= '2013-05-16 16:30:00'::timestamp without time zone) AND (votetypeid = 15))", "Rows Removed by Filter": 163682, "Workers": []}, {"Node Type": "Index Only Scan", "Parent Relationship": "Inner", "Parallel Aware": false, "Async Capable": false, "Scan Direction": "Forward", "Index Name": "idx_posthistory_postid", "Relation Name": "posthistory", "Alias": "ph", "Startup Cost": 0.42, "Total Cost": 2.63, "Plan Rows": 4, "Plan Width": 4, "Actual Rows": 5, "Actual Loops": 701, "Index Cond": "(postid = v.postid)", "Rows Removed by Index Recheck": 0, "Heap Fetches": 0, "Workers": []}]}, {"Node Type": "Index Scan", "Parent Relationship": "Inner", "Parallel Aware": false, "Async Capable": false, "Scan Direction": "Forward", "Index Name": "idx_comments_postid", "Relation Name": "comments", "Alias": "c", "Startup Cost": 0.42, "Total Cost": 0.51, "Plan Rows": 1, "Plan Width": 8, "Actual Rows": 0, "Actual Loops": 3753, "Index Cond": "(postid = ph.postid)", "Rows Removed by Index Recheck": 0, "Filter": "((creationdate >= '2009-10-29 05:08:38'::timestamp without time zone) AND (creationdate <= '2011-06-05 03:38:42'::timestamp without time zone))", "Rows Removed by Filter": 5, "Workers": []}]}, {"Node Type": "Index Scan", "Parent Relationship": "Inner", "Parallel Aware": false, "Async Capable": false, "Scan Direction": "Forward", "Index Name": "idx_badges_userid", "Relation Name": "badges", "Alias": "b", "Startup Cost": 0.29, "Total Cost": 0.48, "Plan Rows": 2, "Plan Width": 4, "Actual Rows": 40, "Actual Loops": 362, "Index Cond": "(userid = c.userid)", "Rows Removed by Index Recheck": 0, "Filter": "(date >= '2012-08-25 07:48:18'::timestamp without time zone)", "Rows Removed by Filter": 48, "Workers": []}]}, {"Node Type": "Hash", "Parent Relationship": "Inner", "Parallel Aware": false, "Async Capable": false, "Startup Cost": 3143.74, "Total Cost": 3143.74, "Plan Rows": 17.0, "Plan Width": 8, "Actual Rows": 4, "Actual Loops": 2, "Hash Buckets": 1024, "Original Hash Buckets": 1024, "Hash Batches": 1, "Original Hash Batches": 1, "Peak Memory Usage": 9, "Workers": [], "Plans": [{"Node Type": "Nested Loop", "Parent Relationship": "Outer", "Parallel Aware": false, "Async Capable": false, "Join Type": "Inner", "Startup Cost": 0.29, "Total Cost": 3143.74, "Plan Rows": 17.0, "Plan Width": 8, "Actual Rows": 4, "Actual Loops": 2, "Inner Unique": false, "Workers": [], "Plans": [{"Node Type": "Seq Scan", "Parent Relationship": "Outer", "Parallel Aware": false, "Async Capable": false, "Relation Name": "posts", "Alias": "p", "Startup Cost": 0.0, "Total Cost": 3139.4, "Plan Rows": 1, "Plan Width": 4, "Actual Rows": 1, "Actual Loops": 2, "Filter": "((score <= 83) AND (viewcount <= 97170) AND (answercount >= 56) AND (answercount <= 59) AND (commentcount <= 25) AND (favoritecount >= 22))", "Rows Removed by Filter": 91975, "Workers": []}, {"Node Type": "Index Only Scan", "Parent Relationship": "Inner", "Parallel Aware": false, "Async Capable": false, "Scan Direction": "Forward", "Index Name": "idx_postlinks_relatedpostid", "Relation Name": "postlinks", "Alias": "pl", "Startup Cost": 0.29, "Total Cost": 4.32, "Plan Rows": 2, "Plan Width": 4, "Actual Rows": 4, "Actual Loops": 2, "Index Cond": "(relatedpostid = p.id)", "Rows Removed by Index Recheck": 0, "Heap Fetches": 0, "Workers": []}]}]}]}]}]}]}, "Planning Time": 12.839, "Triggers": [], "Execution Time": 74.749}, {"Plan": {"Node Type": "Aggregate", "Strategy": "Plain", "Partial Mode": "Simple", "Parallel Aware": false, "Async Capable": false, "Startup Cost": 7774.17, "Total Cost": 7774.18, "Plan Rows": 1, "Plan Width": 8, "Actual Rows": 1, "Actual Loops": 1, "Plans": [{"Node Type": "Merge Join", "Parent Relationship": "Outer", "Parallel Aware": false, "Async Capable": false, "Join Type": "Inner", "Startup Cost": 3152.67, "Total Cost": 7774.01, "Plan Rows": 140.0, "Plan Width": 0, "Actual Rows": 3648, "Actual Loops": 1, "Inner Unique": false, "Merge Cond": "(pl.relatedpostid = p.id)", "Plans": [{"Node Type": "Nested Loop", "Parent Relationship": "Outer", "Parallel Aware": false, "Async Capable": false, "Join Type": "Inner", "Startup Cost": 0.72, "Total Cost": 4504.62, "Plan Rows": 1880.0, "Plan Width": 8, "Actual Rows": 4601, "Actual Loops": 1, "Inner Unique": false, "Plans": [{"Node Type": "Index Only Scan", "Parent Relationship": "Outer", "Parallel Aware": false, "Async Capable": false, "Scan Direction": "Forward", "Index Name": "idx_postlinks_relatedpostid", "Relation Name": "postlinks", "Alias": "pl", "Startup Cost": 0.29, "Total Cost": 262.81, "Plan Rows": 11102, "Plan Width": 4, "Actual Rows": 658, "Actual Loops": 1, "Heap Fetches": 0}, {"Node Type": "Memoize", "Parent Relationship": "Inner", "Parallel Aware": false, "Async Capable": false, "Startup Cost": 0.43, "Total Cost": 0.7, "Plan Rows": 4, "Plan Width": 4, "Actual Rows": 7, "Actual Loops": 658, "Cache Key": "pl.relatedpostid", "Cache Mode": "logical", "Cache Hits": 504, "Cache Misses": 154, "Cache Evictions": 0, "Cache Overflows": 0, "Peak Memory Usage": 44, "Plans": [{"Node Type": "Index Only Scan", "Parent Relationship": "Outer", "Parallel Aware": false, "Async Capable": false, "Scan Direction": "Forward", "Index Name": "idx_posthistory_postid", "Relation Name": "posthistory", "Alias": "ph", "Startup Cost": 0.42, "Total Cost": 0.69, "Plan Rows": 4, "Plan Width": 4, "Actual Rows": 6, "Actual Loops": 154, "Index Cond": "(postid = pl.relatedpostid)", "Rows Removed by Index Recheck": 0, "Heap Fetches": 0}]}]}, {"Node Type": "Sort", "Parent Relationship": "Inner", "Parallel Aware": false, "Async Capable": false, "Startup Cost": 3151.96, "Total Cost": 3152.11, "Plan Rows": 37.0, "Plan Width": 12, "Actual Rows": 3625, "Actual Loops": 1, "Sort Key": ["c.postid"], "Sort Method": "quicksort", "Sort Space Used": 30, "Sort Space Type": "Memory", "Plans": [{"Node Type": "Nested Loop", "Parent Relationship": "Outer", "Parallel Aware": false, "Async Capable": false, "Join Type": "Inner", "Startup Cost": 1.14, "Total Cost": 3150.07, "Plan Rows": 37.0, "Plan Width": 12, "Actual Rows": 152, "Actual Loops": 1, "Inner Unique": false, "Plans": [{"Node Type": "Nested Loop", "Parent Relationship": "Outer", "Parallel Aware": false, "Async Capable": false, "Join Type": "Inner", "Startup Cost": 0.84, "Total Cost": 3149.57, "Plan Rows": 3.0, "Plan Width": 16, "Actual Rows": 2, "Actual Loops": 1, "Inner Unique": false, "Join Filter": "(p.id = v.postid)", "Rows Removed by Join Filter": 0, "Plans": [{"Node Type": "Nested Loop", "Parent Relationship": "Outer", "Parallel Aware": false, "Async Capable": false, "Join Type": "Inner", "Startup Cost": 0.42, "Total Cost": 3148.42, "Plan Rows": 4.0, "Plan Width": 12, "Actual Rows": 2, "Actual Loops": 1, "Inner Unique": false, "Plans": [{"Node Type": "Seq Scan", "Parent Relationship": "Outer", "Parallel Aware": false, "Async Capable": false, "Relation Name": "posts", "Alias": "p", "Startup Cost": 0.0, "Total Cost": 3139.4, "Plan Rows": 1, "Plan Width": 4, "Actual Rows": 1, "Actual Loops": 1, "Filter": "((score <= 83) AND (viewcount <= 97170) AND (answercount >= 56) AND (answercount <= 59) AND (commentcount <= 25) AND (favoritecount >= 22))", "Rows Removed by Filter": 91975}, {"Node Type": "Index Scan", "Parent Relationship": "Inner", "Parallel Aware": false, "Async Capable": false, "Scan Direction": "Forward", "Index Name": "idx_comments_postid", "Relation Name": "comments", "Alias": "c", "Startup Cost": 0.42, "Total Cost": 9.01, "Plan Rows": 1, "Plan Width": 8, "Actual Rows": 2, "Actual Loops": 1, "Index Cond": "(postid = p.id)", "Rows Removed by Index Recheck": 0, "Filter": "((creationdate >= '2009-10-29 05:08:38'::timestamp without time zone) AND (creationdate <= '2011-06-05 03:38:42'::timestamp without time zone))", "Rows Removed by Filter": 1}]}, {"Node Type": "Index Scan", "Parent Relationship": "Inner", "Parallel Aware": false, "Async Capable": false, "Scan Direction": "Forward", "Index Name": "idx_votes_postid", "Relation Name": "votes", "Alias": "v", "Startup Cost": 0.42, "Total Cost": 1.14, "Plan Rows": 1, "Plan Width": 4, "Actual Rows": 1, "Actual Loops": 2, "Index Cond": "(postid = c.postid)", "Rows Removed by Index Recheck": 0, "Filter": "((creationdate >= '2013-05-16 16:30:00'::timestamp without time zone) AND (votetypeid = 15))", "Rows Removed by Filter": 131}]}, {"Node Type": "Index Scan", "Parent Relationship": "Inner", "Parallel Aware": false, "Async Capable": false, "Scan Direction": "Forward", "Index Name": "idx_badges_userid", "Relation Name": "badges", "Alias": "b", "Startup Cost": 0.29, "Total Cost": 0.48, "Plan Rows": 2, "Plan Width": 4, "Actual Rows": 76, "Actual Loops": 2, "Index Cond": "(userid = c.userid)", "Rows Removed by Index Recheck": 0, "Filter": "(date >= '2012-08-25 07:48:18'::timestamp without time zone)", "Rows Removed by Filter": 113}]}]}]}]}, "Planning Time": 5.434, "Triggers": [], "Execution Time": 9.938}, {"Plan": {"Node Type": "Aggregate", "Strategy": "Plain", "Partial Mode": "Simple", "Parallel Aware": false, "Async Capable": false, "Startup Cost": 10180.9, "Total Cost": 10180.91, "Plan Rows": 1, "Plan Width": 8, "Actual Rows": 1, "Actual Loops": 1, "Plans": [{"Node Type": "Merge Join", "Parent Relationship": "Outer", "Parallel Aware": false, "Async Capable": false, "Join Type": "Inner", "Startup Cost": 9345.2, "Total Cost": 10180.75, "Plan Rows": 140.0, "Plan Width": 0, "Actual Rows": 3648, "Actual Loops": 1, "Inner Unique": false, "Merge Cond": "(pl.relatedpostid = p.id)", "Plans": [{"Node Type": "Nested Loop", "Parent Relationship": "Outer", "Parallel Aware": false, "Async Capable": false, "Join Type": "Inner", "Startup Cost": 6194.4, "Total Cost": 7021.98, "Plan Rows": 2316.0, "Plan Width": 12, "Actual Rows": 441, "Actual Loops": 1, "Inner Unique": false, "Plans": [{"Node Type": "Merge Join", "Parent Relationship": "Outer", "Parallel Aware": false, "Async Capable": false, "Join Type": "Inner", "Startup Cost": 6193.98, "Total Cost": 6496.16, "Plan Rows": 558.0, "Plan Width": 8, "Actual Rows": 31, "Actual Loops": 1, "Inner Unique": false, "Merge Cond": "(pl.relatedpostid = v.postid)", "Plans": [{"Node Type": "Index Only Scan", "Parent Relationship": "Outer", "Parallel Aware": false, "Async Capable": false, "Scan Direction": "Forward", "Index Name": "idx_postlinks_relatedpostid", "Relation Name": "postlinks", "Alias": "pl", "Startup Cost": 0.29, "Total Cost": 262.81, "Plan Rows": 11102, "Plan Width": 4, "Actual Rows": 1894, "Actual Loops": 1, "Heap Fetches": 0}, {"Node Type": "Sort", "Parent Relationship": "Inner", "Parallel Aware": false, "Async Capable": false, "Startup Cost": 6193.69, "Total Cost": 6196.02, "Plan Rows": 931, "Plan Width": 4, "Actual Rows": 43, "Actual Loops": 1, "Sort Key": ["v.postid"], "Sort Method": "quicksort", "Sort Space Used": 25, "Sort Space Type": "Memory", "Plans": [{"Node Type": "Gather", "Parent Relationship": "Outer", "Parallel Aware": false, "Async Capable": false, "Startup Cost": 1000.0, "Total Cost": 6147.78, "Plan Rows": 931, "Plan Width": 4, "Actual Rows": 701, "Actual Loops": 1, "Workers Planned": 1, "Workers Launched": 1, "Single Copy": false, "Plans": [{"Node Type": "Seq Scan", "Parent Relationship": "Outer", "Parallel Aware": true, "Async Capable": false, "Relation Name": "votes", "Alias": "v", "Startup Cost": 0.0, "Total Cost": 5054.68, "Plan Rows": 548, "Plan Width": 4, "Actual Rows": 350, "Actual Loops": 2, "Filter": "((creationdate >= '2013-05-16 16:30:00'::timestamp without time zone) AND (votetypeid = 15))", "Rows Removed by Filter": 163682, "Workers": []}]}]}]}, {"Node Type": "Index Only Scan", "Parent Relationship": "Inner", "Parallel Aware": false, "Async Capable": false, "Scan Direction": "Forward", "Index Name": "idx_posthistory_postid", "Relation Name": "posthistory", "Alias": "ph", "Startup Cost": 0.42, "Total Cost": 0.69, "Plan Rows": 4, "Plan Width": 4, "Actual Rows": 14, "Actual Loops": 31, "Index Cond": "(postid = pl.relatedpostid)", "Rows Removed by Index Recheck": 0, "Heap Fetches": 0}]}, {"Node Type": "Sort", "Parent Relationship": "Inner", "Parallel Aware": false, "Async Capable": false, "Startup Cost": 3150.8, "Total Cost": 3150.96, "Plan Rows": 44.0, "Plan Width": 8, "Actual Rows": 3625, "Actual Loops": 1, "Sort Key": ["c.postid"], "Sort Method": "quicksort", "Sort Space Used": 29, "Sort Space Type": "Memory", "Plans": [{"Node Type": "Nested Loop", "Parent Relationship": "Outer", "Parallel Aware": false, "Async Capable": false, "Join Type": "Inner", "Startup Cost": 0.71, "Total Cost": 3148.92, "Plan Rows": 44.0, "Plan Width": 8, "Actual Rows": 152, "Actual Loops": 1, "Inner Unique": false, "Plans": [{"Node Type": "Nested Loop", "Parent Relationship": "Outer", "Parallel Aware": false, "Async Capable": false, "Join Type": "Inner", "Startup Cost": 0.42, "Total Cost": 3148.42, "Plan Rows": 4.0, "Plan Width": 12, "Actual Rows": 2, "Actual Loops": 1, "Inner Unique": false, "Plans": [{"Node Type": "Seq Scan", "Parent Relationship": "Outer", "Parallel Aware": false, "Async Capable": false, "Relation Name": "posts", "Alias": "p", "Startup Cost": 0.0, "Total Cost": 3139.4, "Plan Rows": 1, "Plan Width": 4, "Actual Rows": 1, "Actual Loops": 1, "Filter": "((score <= 83) AND (viewcount <= 97170) AND (answercount >= 56) AND (answercount <= 59) AND (commentcount <= 25) AND (favoritecount >= 22))", "Rows Removed by Filter": 91975}, {"Node Type": "Index Scan", "Parent Relationship": "Inner", "Parallel Aware": false, "Async Capable": false, "Scan Direction": "Forward", "Index Name": "idx_comments_postid", "Relation Name": "comments", "Alias": "c", "Startup Cost": 0.42, "Total Cost": 9.01, "Plan Rows": 1, "Plan Width": 8, "Actual Rows": 2, "Actual Loops": 1, "Index Cond": "(postid = p.id)", "Rows Removed by Index Recheck": 0, "Filter": "((creationdate >= '2009-10-29 05:08:38'::timestamp without time zone) AND (creationdate <= '2011-06-05 03:38:42'::timestamp without time zone))", "Rows Removed by Filter": 1}]}, {"Node Type": "Index Scan", "Parent Relationship": "Inner", "Parallel Aware": false, "Async Capable": false, "Scan Direction": "Forward", "Index Name": "idx_badges_userid", "Relation Name": "badges", "Alias": "b", "Startup Cost": 0.29, "Total Cost": 0.48, "Plan Rows": 2, "Plan Width": 4, "Actual Rows": 76, "Actual Loops": 2, "Index Cond": "(userid = c.userid)", "Rows Removed by Index Recheck": 0, "Filter": "(date >= '2012-08-25 07:48:18'::timestamp without time zone)", "Rows Removed by Filter": 113}]}]}]}]}, "Planning Time": 5.949, "Triggers": [], "Execution Time": 44.12}, {"Plan": {"Node Type": "Aggregate", "Strategy": "Plain", "Partial Mode": "Simple", "Parallel Aware": false, "Async Capable": false, "Startup Cost": 22581.15, "Total Cost": 22581.16, "Plan Rows": 1, "Plan Width": 8, "Actual Rows": 1, "Actual Loops": 1, "Plans": [{"Node Type": "Merge Join", "Parent Relationship": "Outer", "Parallel Aware": false, "Async Capable": false, "Join Type": "Inner", "Startup Cost": 5199.6, "Total Cost": 22580.99, "Plan Rows": 140.0, "Plan Width": 0, "Actual Rows": 3648, "Actual Loops": 1, "Inner Unique": false, "Merge Cond": "(p.id = c.postid)", "Plans": [{"Node Type": "Nested Loop", "Parent Relationship": "Outer", "Parallel Aware": false, "Async Capable": false, "Join Type": "Inner", "Startup Cost": 0.71, "Total Cost": 4634.58, "Plan Rows": 4.0, "Plan Width": 8, "Actual Rows": 1, "Actual Loops": 1, "Inner Unique": false, "Plans": [{"Node Type": "Index Scan", "Parent Relationship": "Outer", "Parallel Aware": false, "Async Capable": false, "Scan Direction": "Forward", "Index Name": "posts_pkey", "Relation Name": "posts", "Alias": "p", "Startup Cost": 0.29, "Total Cost": 4618.81, "Plan Rows": 1, "Plan Width": 4, "Actual Rows": 1, "Actual Loops": 1, "Filter": "((score <= 83) AND (viewcount <= 97170) AND (answercount >= 56) AND (answercount <= 59) AND (commentcount <= 25) AND (favoritecount >= 22))", "Rows Removed by Filter": 91975}, {"Node Type": "Index Scan", "Parent Relationship": "Inner", "Parallel Aware": false, "Async Capable": false, "Scan Direction": "Forward", "Index Name": "idx_votes_postid", "Relation Name": "votes", "Alias": "v", "Startup Cost": 0.42, "Total Cost": 15.76, "Plan Rows": 1, "Plan Width": 4, "Actual Rows": 1, "Actual Loops": 1, "Index Cond": "(postid = p.id)", "Rows Removed by Index Recheck": 0, "Filter": "((creationdate >= '2013-05-16 16:30:00'::timestamp without time zone) AND (votetypeid = 15))", "Rows Removed by Filter": 131}]}, {"Node Type": "Materialize", "Parent Relationship": "Inner", "Parallel Aware": false, "Async Capable": false, "Startup Cost": 5198.89, "Total Cost": 15663.57, "Plan Rows": 22710.0, "Plan Width": 12, "Actual Rows": 278329, "Actual Loops": 1, "Plans": [{"Node Type": "Nested Loop", "Parent Relationship": "Outer", "Parallel Aware": false, "Async Capable": false, "Join Type": "Inner", "Startup Cost": 5198.89, "Total Cost": 13380.84, "Plan Rows": 22710.0, "Plan Width": 12, "Actual Rows": 278329, "Actual Loops": 1, "Inner Unique": false, "Plans": [{"Node Type": "Nested Loop", "Parent Relationship": "Outer", "Parallel Aware": false, "Async Capable": false, "Join Type": "Inner", "Startup Cost": 5198.58, "Total Cost": 8081.11, "Plan Rows": 1188.0, "Plan Width": 16, "Actual Rows": 8232, "Actual Loops": 1, "Inner Unique": false, "Plans": [{"Node Type": "Merge Join", "Parent Relationship": "Outer", "Parallel Aware": false, "Async Capable": false, "Join Type": "Inner", "Startup Cost": 5198.16, "Total Cost": 5613.93, "Plan Rows": 371.0, "Plan Width": 12, "Actual Rows": 1221, "Actual Loops": 1, "Inner Unique": false, "Merge Cond": "(pl.relatedpostid = c.postid)", "Plans": [{"Node Type": "Index Only Scan", "Parent Relationship": "Outer", "Parallel Aware": false, "Async Capable": false, "Scan Direction": "Forward", "Index Name": "idx_postlinks_relatedpostid", "Relation Name": "postlinks", "Alias": "pl", "Startup Cost": 0.29, "Total Cost": 262.81, "Plan Rows": 11102, "Plan Width": 4, "Actual Rows": 659, "Actual Loops": 1, "Heap Fetches": 0}, {"Node Type": "Sort", "Parent Relationship": "Inner", "Parallel Aware": false, "Async Capable": false, "Startup Cost": 5197.88, "Total Cost": 5241.82, "Plan Rows": 17577, "Plan Width": 8, "Actual Rows": 2465, "Actual Loops": 1, "Sort Key": ["c.postid"], "Sort Method": "quicksort", "Sort Space Used": 1322, "Sort Space Type": "Memory", "Plans": [{"Node Type": "Seq Scan", "Parent Relationship": "Outer", "Parallel Aware": false, "Async Capable": false, "Relation Name": "comments", "Alias": "c", "Startup Cost": 0.0, "Total Cost": 3958.57, "Plan Rows": 17577, "Plan Width": 8, "Actual Rows": 17698, "Actual Loops": 1, "Filter": "((creationdate >= '2009-10-29 05:08:38'::timestamp without time zone) AND (creationdate <= '2011-06-05 03:38:42'::timestamp without time zone))", "Rows Removed by Filter": 156607}]}]}, {"Node Type": "Index Only Scan", "Parent Relationship": "Inner", "Parallel Aware": false, "Async Capable": false, "Scan Direction": "Forward", "Index Name": "idx_posthistory_postid", "Relation Name": "posthistory", "Alias": "ph", "Startup Cost": 0.42, "Total Cost": 0.61, "Plan Rows": 4, "Plan Width": 4, "Actual Rows": 7, "Actual Loops": 1221, "Index Cond": "(postid = c.postid)", "Rows Removed by Index Recheck": 0, "Heap Fetches": 0}]}, {"Node Type": "Memoize", "Parent Relationship": "Inner", "Parallel Aware": false, "Async Capable": false, "Startup Cost": 0.3, "Total Cost": 0.49, "Plan Rows": 2, "Plan Width": 4, "Actual Rows": 34, "Actual Loops": 8232, "Cache Key": "c.userid", "Cache Mode": "logical", "Cache Hits": 8150, "Cache Misses": 82, "Cache Evictions": 0, "Cache Overflows": 0, "Peak Memory Usage": 66, "Plans": [{"Node Type": "Index Scan", "Parent Relationship": "Outer", "Parallel Aware": false, "Async Capable": false, "Scan Direction": "Forward", "Index Name": "idx_badges_userid", "Relation Name": "badges", "Alias": "b", "Startup Cost": 0.29, "Total Cost": 0.48, "Plan Rows": 2, "Plan Width": 4, "Actual Rows": 21, "Actual Loops": 82, "Index Cond": "(userid = c.userid)", "Rows Removed by Index Recheck": 0, "Filter": "(date >= '2012-08-25 07:48:18'::timestamp without time zone)", "Rows Removed by Filter": 26}]}]}]}]}]}, "Planning Time": 6.153, "Triggers": [], "Execution Time": 111.583}, {"Plan": {"Node Type": "Aggregate", "Strategy": "Plain", "Partial Mode": "Simple", "Parallel Aware": false, "Async Capable": false, "Startup Cost": 45297.89, "Total Cost": 45297.9, "Plan Rows": 1, "Plan Width": 8, "Actual Rows": 1, "Actual Loops": 1, "Plans": [{"Node Type": "Merge Join", "Parent Relationship": "Outer", "Parallel Aware": false, "Async Capable": false, "Join Type": "Inner", "Startup Cost": 8343.85, "Total Cost": 45297.73, "Plan Rows": 140.0, "Plan Width": 0, "Actual Rows": 3648, "Actual Loops": 1, "Inner Unique": false, "Merge Cond": "(p.id = c.postid)", "Plans": [{"Node Type": "Sort", "Parent Relationship": "Outer", "Parallel Aware": false, "Async Capable": false, "Startup Cost": 3145.25, "Total Cost": 3145.26, "Plan Rows": 8.0, "Plan Width": 12, "Actual Rows": 4, "Actual Loops": 1, "Sort Key": ["p.id"], "Sort Method": "quicksort", "Sort Space Used": 25, "Sort Space Type": "Memory", "Plans": [{"Node Type": "Nested Loop", "Parent Relationship": "Outer", "Parallel Aware": false, "Async Capable": false, "Join Type": "Inner", "Startup Cost": 0.71, "Total Cost": 3145.24, "Plan Rows": 8.0, "Plan Width": 12, "Actual Rows": 4, "Actual Loops": 1, "Inner Unique": false, "Join Filter": "(p.id = v.postid)", "Rows Removed by Join Filter": 0, "Plans": [{"Node Type": "Nested Loop", "Parent Relationship": "Outer", "Parallel Aware": false, "Async Capable": false, "Join Type": "Inner", "Startup Cost": 0.29, "Total Cost": 3143.74, "Plan Rows": 17.0, "Plan Width": 8, "Actual Rows": 4, "Actual Loops": 1, "Inner Unique": false, "Plans": [{"Node Type": "Seq Scan", "Parent Relationship": "Outer", "Parallel Aware": false, "Async Capable": false, "Relation Name": "posts", "Alias": "p", "Startup Cost": 0.0, "Total Cost": 3139.4, "Plan Rows": 1, "Plan Width": 4, "Actual Rows": 1, "Actual Loops": 1, "Filter": "((score <= 83) AND (viewcount <= 97170) AND (answercount >= 56) AND (answercount <= 59) AND (commentcount <= 25) AND (favoritecount >= 22))", "Rows Removed by Filter": 91975}, {"Node Type": "Index Only Scan", "Parent Relationship": "Inner", "Parallel Aware": false, "Async Capable": false, "Scan Direction": "Forward", "Index Name": "idx_postlinks_relatedpostid", "Relation Name": "postlinks", "Alias": "pl", "Startup Cost": 0.29, "Total Cost": 4.32, "Plan Rows": 2, "Plan Width": 4, "Actual Rows": 4, "Actual Loops": 1, "Index Cond": "(relatedpostid = p.id)", "Rows Removed by Index Recheck": 0, "Heap Fetches": 0}]}, {"Node Type": "Index Scan", "Parent Relationship": "Inner", "Parallel Aware": false, "Async Capable": false, "Scan Direction": "Forward", "Index Name": "idx_votes_postid", "Relation Name": "votes", "Alias": "v", "Startup Cost": 0.42, "Total Cost": 1.49, "Plan Rows": 1, "Plan Width": 4, "Actual Rows": 1, "Actual Loops": 4, "Index Cond": "(postid = pl.relatedpostid)", "Rows Removed by Index Recheck": 0, "Filter": "((creationdate >= '2013-05-16 16:30:00'::timestamp without time zone) AND (votetypeid = 15))", "Rows Removed by Filter": 131}]}]}, {"Node Type": "Materialize", "Parent Relationship": "Inner", "Parallel Aware": false, "Async Capable": false, "Startup Cost": 5198.6, "Total Cost": 31511.66, "Plan Rows": 15922.0, "Plan Width": 8, "Actual Rows": 144622, "Actual Loops": 1, "Plans": [{"Node Type": "Nested Loop", "Parent Relationship": "Outer", "Parallel Aware": false, "Async Capable": false, "Join Type": "Inner", "Startup Cost": 5198.6, "Total Cost": 20871.3, "Plan Rows": 15922.0, "Plan Width": 8, "Actual Rows": 141886, "Actual Loops": 1, "Inner Unique": false, "Plans": [{"Node Type": "Merge Join", "Parent Relationship": "Outer", "Parallel Aware": false, "Async Capable": false, "Join Type": "Inner", "Startup Cost": 5198.3, "Total Cost": 13583.82, "Plan Rows": 954.0, "Plan Width": 12, "Actual Rows": 5389, "Actual Loops": 1, "Inner Unique": false, "Merge Cond": "(ph.postid = c.postid)", "Plans": [{"Node Type": "Index Only Scan", "Parent Relationship": "Outer", "Parallel Aware": false, "Async Capable": false, "Scan Direction": "Forward", "Index Name": "idx_posthistory_postid", "Relation Name": "posthistory", "Alias": "ph", "Startup Cost": 0.42, "Total Cost": 6615.98, "Plan Rows": 303187, "Plan Width": 4, "Actual Rows": 3563, "Actual Loops": 1, "Heap Fetches": 0}, {"Node Type": "Sort", "Parent Relationship": "Inner", "Parallel Aware": false, "Async Capable": false, "Startup Cost": 5197.88, "Total Cost": 5241.82, "Plan Rows": 17577, "Plan Width": 8, "Actual Rows": 5389, "Actual Loops": 1, "Sort Key": ["c.postid"], "Sort Method": "quicksort", "Sort Space Used": 1322, "Sort Space Type": "Memory", "Plans": [{"Node Type": "Seq Scan", "Parent Relationship": "Outer", "Parallel Aware": false, "Async Capable": false, "Relation Name": "comments", "Alias": "c", "Startup Cost": 0.0, "Total Cost": 3958.57, "Plan Rows": 17577, "Plan Width": 8, "Actual Rows": 17698, "Actual Loops": 1, "Filter": "((creationdate >= '2009-10-29 05:08:38'::timestamp without time zone) AND (creationdate <= '2011-06-05 03:38:42'::timestamp without time zone))", "Rows Removed by Filter": 156607}]}]}, {"Node Type": "Memoize", "Parent Relationship": "Inner", "Parallel Aware": false, "Async Capable": false, "Startup Cost": 0.3, "Total Cost": 0.49, "Plan Rows": 2, "Plan Width": 4, "Actual Rows": 26, "Actual Loops": 5389, "Cache Key": "c.userid", "Cache Mode": "logical", "Cache Hits": 5149, "Cache Misses": 240, "Cache Evictions": 0, "Cache Overflows": 0, "Peak Memory Usage": 119, "Plans": [{"Node Type": "Index Scan", "Parent Relationship": "Outer", "Parallel Aware": false, "Async Capable": false, "Scan Direction": "Forward", "Index Name": "idx_badges_userid", "Relation Name": "badges", "Alias": "b", "Startup Cost": 0.29, "Total Cost": 0.48, "Plan Rows": 2, "Plan Width": 4, "Actual Rows": 12, "Actual Loops": 240, "Index Cond": "(userid = c.userid)", "Rows Removed by Index Recheck": 0, "Filter": "(date >= '2012-08-25 07:48:18'::timestamp without time zone)", "Rows Removed by Filter": 16}]}]}]}]}]}, "Planning Time": 6.104, "Triggers": [], "Execution Time": 87.564}, {"Plan": {"Node Type": "Aggregate", "Strategy": "Plain", "Partial Mode": "Simple", "Parallel Aware": false, "Async Capable": false, "Startup Cost": 3167.42, "Total Cost": 3167.43, "Plan Rows": 1, "Plan Width": 8, "Actual Rows": 1, "Actual Loops": 1, "Plans": [{"Node Type": "Nested Loop", "Parent Relationship": "Outer", "Parallel Aware": false, "Async Capable": false, "Join Type": "Inner", "Startup Cost": 1.85, "Total Cost": 3167.26, "Plan Rows": 140.0, "Plan Width": 0, "Actual Rows": 3648, "Actual Loops": 1, "Inner Unique": false, "Plans": [{"Node Type": "Nested Loop", "Parent Relationship": "Outer", "Parallel Aware": false, "Async Capable": false, "Join Type": "Inner", "Startup Cost": 1.42, "Total Cost": 3146.48, "Plan Rows": 50.0, "Plan Width": 16, "Actual Rows": 608, "Actual Loops": 1, "Inner Unique": false, "Plans": [{"Node Type": "Nested Loop", "Parent Relationship": "Outer", "Parallel Aware": false, "Async Capable": false, "Join Type": "Inner", "Startup Cost": 1.13, "Total Cost": 3145.98, "Plan Rows": 3.0, "Plan Width": 20, "Actual Rows": 8, "Actual Loops": 1, "Inner Unique": false, "Join Filter": "(p.id = v.postid)", "Rows Removed by Join Filter": 0, "Plans": [{"Node Type": "Nested Loop", "Parent Relationship": "Outer", "Parallel Aware": false, "Async Capable": false, "Join Type": "Inner", "Startup Cost": 0.71, "Total Cost": 3144.83, "Plan Rows": 5.0, "Plan Width": 16, "Actual Rows": 8, "Actual Loops": 1, "Inner Unique": false, "Join Filter": "(c.postid = p.id)", "Rows Removed by Join Filter": 0, "Plans": [{"Node Type": "Nested Loop", "Parent Relationship": "Outer", "Parallel Aware": false, "Async Capable": false, "Join Type": "Inner", "Startup Cost": 0.29, "Total Cost": 3143.74, "Plan Rows": 17.0, "Plan Width": 8, "Actual Rows": 4, "Actual Loops": 1, "Inner Unique": false, "Plans": [{"Node Type": "Seq Scan", "Parent Relationship": "Outer", "Parallel Aware": false, "Async Capable": false, "Relation Name": "posts", "Alias": "p", "Startup Cost": 0.0, "Total Cost": 3139.4, "Plan Rows": 1, "Plan Width": 4, "Actual Rows": 1, "Actual Loops": 1, "Filter": "((score <= 83) AND (viewcount <= 97170) AND (answercount >= 56) AND (answercount <= 59) AND (commentcount <= 25) AND (favoritecount >= 22))", "Rows Removed by Filter": 91975}, {"Node Type": "Index Only Scan", "Parent Relationship": "Inner", "Parallel Aware": false, "Async Capable": false, "Scan Direction": "Forward", "Index Name": "idx_postlinks_relatedpostid", "Relation Name": "postlinks", "Alias": "pl", "Startup Cost": 0.29, "Total Cost": 4.32, "Plan Rows": 2, "Plan Width": 4, "Actual Rows": 4, "Actual Loops": 1, "Index Cond": "(relatedpostid = p.id)", "Rows Removed by Index Recheck": 0, "Heap Fetches": 0}]}, {"Node Type": "Index Scan", "Parent Relationship": "Inner", "Parallel Aware": false, "Async Capable": false, "Scan Direction": "Forward", "Index Name": "idx_comments_postid", "Relation Name": "comments", "Alias": "c", "Startup Cost": 0.42, "Total Cost": 1.08, "Plan Rows": 1, "Plan Width": 8, "Actual Rows": 2, "Actual Loops": 4, "Index Cond": "(postid = pl.relatedpostid)", "Rows Removed by Index Recheck": 0, "Filter": "((creationdate >= '2009-10-29 05:08:38'::timestamp without time zone) AND (creationdate <= '2011-06-05 03:38:42'::timestamp without time zone))", "Rows Removed by Filter": 1}]}, {"Node Type": "Index Scan", "Parent Relationship": "Inner", "Parallel Aware": false, "Async Capable": false, "Scan Direction": "Forward", "Index Name": "idx_votes_postid", "Relation Name": "votes", "Alias": "v", "Startup Cost": 0.42, "Total Cost": 1.14, "Plan Rows": 1, "Plan Width": 4, "Actual Rows": 1, "Actual Loops": 8, "Index Cond": "(postid = c.postid)", "Rows Removed by Index Recheck": 0, "Filter": "((creationdate >= '2013-05-16 16:30:00'::timestamp without time zone) AND (votetypeid = 15))", "Rows Removed by Filter": 131}]}, {"Node Type": "Index Scan", "Parent Relationship": "Inner", "Parallel Aware": false, "Async Capable": false, "Scan Direction": "Forward", "Index Name": "idx_badges_userid", "Relation Name": "badges", "Alias": "b", "Startup Cost": 0.29, "Total Cost": 0.48, "Plan Rows": 2, "Plan Width": 4, "Actual Rows": 76, "Actual Loops": 8, "Index Cond": "(userid = c.userid)", "Rows Removed by Index Recheck": 0, "Filter": "(date >= '2012-08-25 07:48:18'::timestamp without time zone)", "Rows Removed by Filter": 113}]}, {"Node Type": "Memoize", "Parent Relationship": "Inner", "Parallel Aware": false, "Async Capable": false, "Startup Cost": 0.43, "Total Cost": 8.5, "Plan Rows": 4, "Plan Width": 4, "Actual Rows": 6, "Actual Loops": 608, "Cache Key": "p.id", "Cache Mode": "logical", "Cache Hits": 607, "Cache Misses": 1, "Cache Evictions": 0, "Cache Overflows": 0, "Peak Memory Usage": 1, "Plans": [{"Node Type": "Index Only Scan", "Parent Relationship": "Outer", "Parallel Aware": false, "Async Capable": false, "Scan Direction": "Forward", "Index Name": "idx_posthistory_postid", "Relation Name": "posthistory", "Alias": "ph", "Startup Cost": 0.42, "Total Cost": 8.49, "Plan Rows": 4, "Plan Width": 4, "Actual Rows": 6, "Actual Loops": 1, "Index Cond": "(postid = p.id)", "Rows Removed by Index Recheck": 0, "Heap Fetches": 0}]}]}]}, "Planning Time": 5.365, "Triggers": [], "Execution Time": 9.238}, {"Plan": {"Node Type": "Aggregate", "Strategy": "Plain", "Partial Mode": "Finalize", "Parallel Aware": false, "Async Capable": false, "Startup Cost": 25173.38, "Total Cost": 25173.39, "Plan Rows": 1, "Plan Width": 8, "Actual Rows": 1, "Actual Loops": 1, "Plans": [{"Node Type": "Gather", "Parent Relationship": "Outer", "Parallel Aware": false, "Async Capable": false, "Startup Cost": 25173.17, "Total Cost": 25173.38, "Plan Rows": 2, "Plan Width": 8, "Actual Rows": 3, "Actual Loops": 1, "Workers Planned": 2, "Workers Launched": 2, "Single Copy": false, "Plans": [{"Node Type": "Aggregate", "Strategy": "Plain", "Partial Mode": "Partial", "Parent Relationship": "Outer", "Parallel Aware": false, "Async Capable": false, "Startup Cost": 24173.17, "Total Cost": 24173.18, "Plan Rows": 1, "Plan Width": 8, "Actual Rows": 1, "Actual Loops": 3, "Workers": [], "Plans": [{"Node Type": "Merge Join", "Parent Relationship": "Outer", "Parallel Aware": false, "Async Capable": false, "Join Type": "Inner", "Startup Cost": 8343.85, "Total Cost": 24173.1, "Plan Rows": 140.0, "Plan Width": 0, "Actual Rows": 1216, "Actual Loops": 3, "Inner Unique": false, "Merge Cond": "(c.postid = p.id)", "Workers": [], "Plans": [{"Node Type": "Nested Loop", "Parent Relationship": "Outer", "Parallel Aware": false, "Async Capable": false, "Join Type": "Inner", "Startup Cost": 5198.6, "Total Cost": 16594.08, "Plan Rows": 15922.0, "Plan Width": 8, "Actual Rows": 47296, "Actual Loops": 3, "Inner Unique": false, "Workers": [], "Plans": [{"Node Type": "Merge Join", "Parent Relationship": "Outer", "Parallel Aware": false, "Async Capable": false, "Join Type": "Inner", "Startup Cost": 5198.3, "Total Cost": 10782.73, "Plan Rows": 954.0, "Plan Width": 12, "Actual Rows": 1797, "Actual Loops": 3, "Inner Unique": false, "Merge Cond": "(ph.postid = c.postid)", "Workers": [], "Plans": [{"Node Type": "Index Only Scan", "Parent Relationship": "Outer", "Parallel Aware": true, "Async Capable": false, "Scan Direction": "Forward", "Index Name": "idx_posthistory_postid", "Relation Name": "posthistory", "Alias": "ph", "Startup Cost": 0.42, "Total Cost": 4847.39, "Plan Rows": 126328, "Plan Width": 4, "Actual Rows": 1188, "Actual Loops": 3, "Heap Fetches": 0, "Workers": []}, {"Node Type": "Sort", "Parent Relationship": "Inner", "Parallel Aware": false, "Async Capable": false, "Startup Cost": 5197.88, "Total Cost": 5241.82, "Plan Rows": 17577, "Plan Width": 8, "Actual Rows": 2961, "Actual Loops": 3, "Sort Key": ["c.postid"], "Sort Method": "quicksort", "Sort Space Used": 1322, "Sort Space Type": "Memory", "Workers": [{"Worker Number": 0, "Sort Method": "quicksort", "Sort Space Used": 1322, "Sort Space Type": "Memory"}, {"Worker Number": 1, "Sort Method": "quicksort", "Sort Space Used": 1322, "Sort Space Type": "Memory"}], "Plans": [{"Node Type": "Seq Scan", "Parent Relationship": "Outer", "Parallel Aware": false, "Async Capable": false, "Relation Name": "comments", "Alias": "c", "Startup Cost": 0.0, "Total Cost": 3958.57, "Plan Rows": 17577, "Plan Width": 8, "Actual Rows": 17698, "Actual Loops": 3, "Filter": "((creationdate >= '2009-10-29 05:08:38'::timestamp without time zone) AND (creationdate <= '2011-06-05 03:38:42'::timestamp without time zone))", "Rows Removed by Filter": 156607, "Workers": []}]}]}, {"Node Type": "Memoize", "Parent Relationship": "Inner", "Parallel Aware": false, "Async Capable": false, "Startup Cost": 0.3, "Total Cost": 0.49, "Plan Rows": 2, "Plan Width": 4, "Actual Rows": 26, "Actual Loops": 5391, "Cache Key": "c.userid", "Cache Mode": "logical", "Cache Hits": 3820, "Cache Misses": 202, "Cache Evictions": 0, "Cache Overflows": 0, "Peak Memory Usage": 109, "Workers": [{"Worker Number": 0, "Cache Hits": 561, "Cache Misses": 70, "Cache Evictions": 0, "Cache Overflows": 0, "Peak Memory Usage": 53}, {"Worker Number": 1, "Cache Hits": 670, "Cache Misses": 68, "Cache Evictions": 0, "Cache Overflows": 0, "Peak Memory Usage": 48}], "Plans": [{"Node Type": "Index Scan", "Parent Relationship": "Outer", "Parallel Aware": false, "Async Capable": false, "Scan Direction": "Forward", "Index Name": "idx_badges_userid", "Relation Name": "badges", "Alias": "b", "Startup Cost": 0.29, "Total Cost": 0.48, "Plan Rows": 2, "Plan Width": 4, "Actual Rows": 16, "Actual Loops": 340, "Index Cond": "(userid = c.userid)", "Rows Removed by Index Recheck": 0, "Filter": "(date >= '2012-08-25 07:48:18'::timestamp without time zone)", "Rows Removed by Filter": 22, "Workers": []}]}]}, {"Node Type": "Materialize", "Parent Relationship": "Inner", "Parallel Aware": false, "Async Capable": false, "Startup Cost": 3145.25, "Total Cost": 3145.26, "Plan Rows": 8.0, "Plan Width": 12, "Actual Rows": 915, "Actual Loops": 3, "Workers": [], "Plans": [{"Node Type": "Sort", "Parent Relationship": "Outer", "Parallel Aware": false, "Async Capable": false, "Startup Cost": 3145.25, "Total Cost": 3145.26, "Plan Rows": 8.0, "Plan Width": 12, "Actual Rows": 4, "Actual Loops": 3, "Sort Key": ["p.id"], "Sort Method": "quicksort", "Sort Space Used": 25, "Sort Space Type": "Memory", "Workers": [{"Worker Number": 0, "Sort Method": "quicksort", "Sort Space Used": 25, "Sort Space Type": "Memory"}, {"Worker Number": 1, "Sort Method": "quicksort", "Sort Space Used": 25, "Sort Space Type": "Memory"}], "Plans": [{"Node Type": "Nested Loop", "Parent Relationship": "Outer", "Parallel Aware": false, "Async Capable": false, "Join Type": "Inner", "Startup Cost": 0.71, "Total Cost": 3145.24, "Plan Rows": 8.0, "Plan Width": 12, "Actual Rows": 4, "Actual Loops": 3, "Inner Unique": false, "Join Filter": "(p.id = v.postid)", "Rows Removed by Join Filter": 0, "Workers": [], "Plans": [{"Node Type": "Nested Loop", "Parent Relationship": "Outer", "Parallel Aware": false, "Async Capable": false, "Join Type": "Inner", "Startup Cost": 0.29, "Total Cost": 3143.74, "Plan Rows": 17.0, "Plan Width": 8, "Actual Rows": 4, "Actual Loops": 3, "Inner Unique": false, "Workers": [], "Plans": [{"Node Type": "Seq Scan", "Parent Relationship": "Outer", "Parallel Aware": false, "Async Capable": false, "Relation Name": "posts", "Alias": "p", "Startup Cost": 0.0, "Total Cost": 3139.4, "Plan Rows": 1, "Plan Width": 4, "Actual Rows": 1, "Actual Loops": 3, "Filter": "((score <= 83) AND (viewcount <= 97170) AND (answercount >= 56) AND (answercount <= 59) AND (commentcount <= 25) AND (favoritecount >= 22))", "Rows Removed by Filter": 91975, "Workers": []}, {"Node Type": "Index Only Scan", "Parent Relationship": "Inner", "Parallel Aware": false, "Async Capable": false, "Scan Direction": "Forward", "Index Name": "idx_postlinks_relatedpostid", "Relation Name": "postlinks", "Alias": "pl", "Startup Cost": 0.29, "Total Cost": 4.32, "Plan Rows": 2, "Plan Width": 4, "Actual Rows": 4, "Actual Loops": 3, "Index Cond": "(relatedpostid = p.id)", "Rows Removed by Index Recheck": 0, "Heap Fetches": 0, "Workers": []}]}, {"Node Type": "Index Scan", "Parent Relationship": "Inner", "Parallel Aware": false, "Async Capable": false, "Scan Direction": "Forward", "Index Name": "idx_votes_postid", "Relation Name": "votes", "Alias": "v", "Startup Cost": 0.42, "Total Cost": 1.49, "Plan Rows": 1, "Plan Width": 4, "Actual Rows": 1, "Actual Loops": 12, "Index Cond": "(postid = pl.relatedpostid)", "Rows Removed by Index Recheck": 0, "Filter": "((creationdate >= '2013-05-16 16:30:00'::timestamp without time zone) AND (votetypeid = 15))", "Rows Removed by Filter": 131, "Workers": []}]}]}]}]}]}]}]}, "Planning Time": 11.945, "Triggers": [], "Execution Time": 71.884}, {"Plan": {"Node Type": "Aggregate", "Strategy": "Plain", "Partial Mode": "Finalize", "Parallel Aware": false, "Async Capable": false, "Startup Cost": 9477.14, "Total Cost": 9477.15, "Plan Rows": 1, "Plan Width": 8, "Actual Rows": 1, "Actual Loops": 1, "Plans": [{"Node Type": "Gather", "Parent Relationship": "Outer", "Parallel Aware": false, "Async Capable": false, "Startup Cost": 9477.03, "Total Cost": 9477.14, "Plan Rows": 1, "Plan Width": 8, "Actual Rows": 2, "Actual Loops": 1, "Workers Planned": 1, "Workers Launched": 1, "Single Copy": false, "Plans": [{"Node Type": "Aggregate", "Strategy": "Plain", "Partial Mode": "Partial", "Parent Relationship": "Outer", "Parallel Aware": false, "Async Capable": false, "Startup Cost": 8477.03, "Total Cost": 8477.04, "Plan Rows": 1, "Plan Width": 8, "Actual Rows": 1, "Actual Loops": 2, "Workers": [], "Plans": [{"Node Type": "Merge Join", "Parent Relationship": "Outer", "Parallel Aware": false, "Async Capable": false, "Join Type": "Inner", "Startup Cost": 8473.85, "Total Cost": 8476.93, "Plan Rows": 140.0, "Plan Width": 0, "Actual Rows": 1824, "Actual Loops": 2, "Inner Unique": false, "Merge Cond": "(pl.relatedpostid = p.id)", "Workers": [], "Plans": [{"Node Type": "Sort", "Parent Relationship": "Outer", "Parallel Aware": false, "Async Capable": false, "Startup Cost": 5316.11, "Total Cost": 5317.18, "Plan Rows": 558.0, "Plan Width": 8, "Actual Rows": 16, "Actual Loops": 2, "Sort Key": ["pl.relatedpostid"], "Sort Method": "quicksort", "Sort Space Used": 27, "Sort Space Type": "Memory", "Workers": [{"Worker Number": 0, "Sort Method": "quicksort", "Sort Space Used": 25, "Sort Space Type": "Memory"}], "Plans": [{"Node Type": "Nested Loop", "Parent Relationship": "Outer", "Parallel Aware": false, "Async Capable": false, "Join Type": "Inner", "Startup Cost": 0.29, "Total Cost": 5297.51, "Plan Rows": 558.0, "Plan Width": 8, "Actual Rows": 57, "Actual Loops": 2, "Inner Unique": false, "Workers": [], "Plans": [{"Node Type": "Seq Scan", "Parent Relationship": "Outer", "Parallel Aware": true, "Async Capable": false, "Relation Name": "votes", "Alias": "v", "Startup Cost": 0.0, "Total Cost": 5054.68, "Plan Rows": 548, "Plan Width": 4, "Actual Rows": 350, "Actual Loops": 2, "Filter": "((creationdate >= '2013-05-16 16:30:00'::timestamp without time zone) AND (votetypeid = 15))", "Rows Removed by Filter": 163682, "Workers": []}, {"Node Type": "Index Only Scan", "Parent Relationship": "Inner", "Parallel Aware": false, "Async Capable": false, "Scan Direction": "Forward", "Index Name": "idx_postlinks_relatedpostid", "Relation Name": "postlinks", "Alias": "pl", "Startup Cost": 0.29, "Total Cost": 0.42, "Plan Rows": 2, "Plan Width": 4, "Actual Rows": 0, "Actual Loops": 701, "Index Cond": "(relatedpostid = v.postid)", "Rows Removed by Index Recheck": 0, "Heap Fetches": 0, "Workers": []}]}]}, {"Node Type": "Sort", "Parent Relationship": "Inner", "Parallel Aware": false, "Async Capable": false, "Startup Cost": 3157.73, "Total Cost": 3158.21, "Plan Rows": 149.0, "Plan Width": 12, "Actual Rows": 2278, "Actual Loops": 2, "Sort Key": ["c.postid"], "Sort Method": "quicksort", "Sort Space Used": 60, "Sort Space Type": "Memory", "Workers": [{"Worker Number": 0, "Sort Method": "quicksort", "Sort Space Used": 60, "Sort Space Type": "Memory"}], "Plans": [{"Node Type": "Nested Loop", "Parent Relationship": "Outer", "Parallel Aware": false, "Async Capable": false, "Join Type": "Inner", "Startup Cost": 1.14, "Total Cost": 3150.59, "Plan Rows": 149.0, "Plan Width": 12, "Actual Rows": 912, "Actual Loops": 2, "Inner Unique": false, "Workers": [], "Plans": [{"Node Type": "Nested Loop", "Parent Relationship": "Outer", "Parallel Aware": false, "Async Capable": false, "Join Type": "Inner", "Startup Cost": 0.84, "Total Cost": 3149.08, "Plan Rows": 8.0, "Plan Width": 16, "Actual Rows": 12, "Actual Loops": 2, "Inner Unique": false, "Join Filter": "(p.id = ph.postid)", "Rows Removed by Join Filter": 0, "Workers": [], "Plans": [{"Node Type": "Nested Loop", "Parent Relationship": "Outer", "Parallel Aware": false, "Async Capable": false, "Join Type": "Inner", "Startup Cost": 0.42, "Total Cost": 3148.42, "Plan Rows": 4.0, "Plan Width": 12, "Actual Rows": 2, "Actual Loops": 2, "Inner Unique": false, "Workers": [], "Plans": [{"Node Type": "Seq Scan", "Parent Relationship": "Outer", "Parallel Aware": false, "Async Capable": false, "Relation Name": "posts", "Alias": "p", "Startup Cost": 0.0, "Total Cost": 3139.4, "Plan Rows": 1, "Plan Width": 4, "Actual Rows": 1, "Actual Loops": 2, "Filter": "((score <= 83) AND (viewcount <= 97170) AND (answercount >= 56) AND (answercount <= 59) AND (commentcount <= 25) AND (favoritecount >= 22))", "Rows Removed by Filter": 91975, "Workers": []}, {"Node Type": "Index Scan", "Parent Relationship": "Inner", "Parallel Aware": false, "Async Capable": false, "Scan Direction": "Forward", "Index Name": "idx_comments_postid", "Relation Name": "comments", "Alias": "c", "Startup Cost": 0.42, "Total Cost": 9.01, "Plan Rows": 1, "Plan Width": 8, "Actual Rows": 2, "Actual Loops": 2, "Index Cond": "(postid = p.id)", "Rows Removed by Index Recheck": 0, "Filter": "((creationdate >= '2009-10-29 05:08:38'::timestamp without time zone) AND (creationdate <= '2011-06-05 03:38:42'::timestamp without time zone))", "Rows Removed by Filter": 1, "Workers": []}]}, {"Node Type": "Index Only Scan", "Parent Relationship": "Inner", "Parallel Aware": false, "Async Capable": false, "Scan Direction": "Forward", "Index Name": "idx_posthistory_postid", "Relation Name": "posthistory", "Alias": "ph", "Startup Cost": 0.42, "Total Cost": 0.61, "Plan Rows": 4, "Plan Width": 4, "Actual Rows": 6, "Actual Loops": 4, "Index Cond": "(postid = c.postid)", "Rows Removed by Index Recheck": 0, "Heap Fetches": 0, "Workers": []}]}, {"Node Type": "Index Scan", "Parent Relationship": "Inner", "Parallel Aware": false, "Async Capable": false, "Scan Direction": "Forward", "Index Name": "idx_badges_userid", "Relation Name": "badges", "Alias": "b", "Startup Cost": 0.29, "Total Cost": 0.48, "Plan Rows": 2, "Plan Width": 4, "Actual Rows": 76, "Actual Loops": 24, "Index Cond": "(userid = c.userid)", "Rows Removed by Index Recheck": 0, "Filter": "(date >= '2012-08-25 07:48:18'::timestamp without time zone)", "Rows Removed by Filter": 113, "Workers": []}]}]}]}]}]}]}, "Planning Time": 7.236, "Triggers": [], "Execution Time": 53.224}, {"Plan": {"Node Type": "Aggregate", "Strategy": "Plain", "Partial Mode": "Simple", "Parallel Aware": false, "Async Capable": false, "Startup Cost": 18819.07, "Total Cost": 18819.08, "Plan Rows": 1, "Plan Width": 8, "Actual Rows": 1, "Actual Loops": 1, "Plans": [{"Node Type": "Merge Join", "Parent Relationship": "Outer", "Parallel Aware": false, "Async Capable": false, "Join Type": "Inner", "Startup Cost": 8354.07, "Total Cost": 18818.91, "Plan Rows": 140.0, "Plan Width": 0, "Actual Rows": 3648, "Actual Loops": 1, "Inner Unique": false, "Merge Cond": "(c.postid = p.id)", "Plans": [{"Node Type": "Nested Loop", "Parent Relationship": "Outer", "Parallel Aware": false, "Async Capable": false, "Join Type": "Inner", "Startup Cost": 5198.89, "Total Cost": 13380.84, "Plan Rows": 22710.0, "Plan Width": 12, "Actual Rows": 278329, "Actual Loops": 1, "Inner Unique": false, "Plans": [{"Node Type": "Nested Loop", "Parent Relationship": "Outer", "Parallel Aware": false, "Async Capable": false, "Join Type": "Inner", "Startup Cost": 5198.58, "Total Cost": 8081.11, "Plan Rows": 1188.0, "Plan Width": 16, "Actual Rows": 8232, "Actual Loops": 1, "Inner Unique": false, "Plans": [{"Node Type": "Merge Join", "Parent Relationship": "Outer", "Parallel Aware": false, "Async Capable": false, "Join Type": "Inner", "Startup Cost": 5198.16, "Total Cost": 5613.93, "Plan Rows": 371.0, "Plan Width": 12, "Actual Rows": 1221, "Actual Loops": 1, "Inner Unique": false, "Merge Cond": "(pl.relatedpostid = c.postid)", "Plans": [{"Node Type": "Index Only Scan", "Parent Relationship": "Outer", "Parallel Aware": false, "Async Capable": false, "Scan Direction": "Forward", "Index Name": "idx_postlinks_relatedpostid", "Relation Name": "postlinks", "Alias": "pl", "Startup Cost": 0.29, "Total Cost": 262.81, "Plan Rows": 11102, "Plan Width": 4, "Actual Rows": 659, "Actual Loops": 1, "Heap Fetches": 0}, {"Node Type": "Sort", "Parent Relationship": "Inner", "Parallel Aware": false, "Async Capable": false, "Startup Cost": 5197.88, "Total Cost": 5241.82, "Plan Rows": 17577, "Plan Width": 8, "Actual Rows": 2465, "Actual Loops": 1, "Sort Key": ["c.postid"], "Sort Method": "quicksort", "Sort Space Used": 1322, "Sort Space Type": "Memory", "Plans": [{"Node Type": "Seq Scan", "Parent Relationship": "Outer", "Parallel Aware": false, "Async Capable": false, "Relation Name": "comments", "Alias": "c", "Startup Cost": 0.0, "Total Cost": 3958.57, "Plan Rows": 17577, "Plan Width": 8, "Actual Rows": 17698, "Actual Loops": 1, "Filter": "((creationdate >= '2009-10-29 05:08:38'::timestamp without time zone) AND (creationdate <= '2011-06-05 03:38:42'::timestamp without time zone))", "Rows Removed by Filter": 156607}]}]}, {"Node Type": "Index Only Scan", "Parent Relationship": "Inner", "Parallel Aware": false, "Async Capable": false, "Scan Direction": "Forward", "Index Name": "idx_posthistory_postid", "Relation Name": "posthistory", "Alias": "ph", "Startup Cost": 0.42, "Total Cost": 0.61, "Plan Rows": 4, "Plan Width": 4, "Actual Rows": 7, "Actual Loops": 1221, "Index Cond": "(postid = c.postid)", "Rows Removed by Index Recheck": 0, "Heap Fetches": 0}]}, {"Node Type": "Memoize", "Parent Relationship": "Inner", "Parallel Aware": false, "Async Capable": false, "Startup Cost": 0.3, "Total Cost": 0.49, "Plan Rows": 2, "Plan Width": 4, "Actual Rows": 34, "Actual Loops": 8232, "Cache Key": "c.userid", "Cache Mode": "logical", "Cache Hits": 8150, "Cache Misses": 82, "Cache Evictions": 0, "Cache Overflows": 0, "Peak Memory Usage": 66, "Plans": [{"Node Type": "Index Scan", "Parent Relationship": "Outer", "Parallel Aware": false, "Async Capable": false, "Scan Direction": "Forward", "Index Name": "idx_badges_userid", "Relation Name": "badges", "Alias": "b", "Startup Cost": 0.29, "Total Cost": 0.48, "Plan Rows": 2, "Plan Width": 4, "Actual Rows": 21, "Actual Loops": 82, "Index Cond": "(userid = c.userid)", "Rows Removed by Index Recheck": 0, "Filter": "(date >= '2012-08-25 07:48:18'::timestamp without time zone)", "Rows Removed by Filter": 26}]}]}, {"Node Type": "Materialize", "Parent Relationship": "Inner", "Parallel Aware": false, "Async Capable": false, "Startup Cost": 3155.18, "Total Cost": 3155.19, "Plan Rows": 4.0, "Plan Width": 8, "Actual Rows": 1, "Actual Loops": 1, "Plans": [{"Node Type": "Sort", "Parent Relationship": "Outer", "Parallel Aware": false, "Async Capable": false, "Startup Cost": 3155.18, "Total Cost": 3155.19, "Plan Rows": 4.0, "Plan Width": 8, "Actual Rows": 1, "Actual Loops": 1, "Sort Key": ["p.id"], "Sort Method": "quicksort", "Sort Space Used": 25, "Sort Space Type": "Memory", "Plans": [{"Node Type": "Nested Loop", "Parent Relationship": "Outer", "Parallel Aware": false, "Async Capable": false, "Join Type": "Inner", "Startup Cost": 0.42, "Total Cost": 3155.17, "Plan Rows": 4.0, "Plan Width": 8, "Actual Rows": 1, "Actual Loops": 1, "Inner Unique": false, "Plans": [{"Node Type": "Seq Scan", "Parent Relationship": "Outer", "Parallel Aware": false, "Async Capable": false, "Relation Name": "posts", "Alias": "p", "Startup Cost": 0.0, "Total Cost": 3139.4, "Plan Rows": 1, "Plan Width": 4, "Actual Rows": 1, "Actual Loops": 1, "Filter": "((score <= 83) AND (viewcount <= 97170) AND (answercount >= 56) AND (answercount <= 59) AND (commentcount <= 25) AND (favoritecount >= 22))", "Rows Removed by Filter": 91975}, {"Node Type": "Index Scan", "Parent Relationship": "Inner", "Parallel Aware": false, "Async Capable": false, "Scan Direction": "Forward", "Index Name": "idx_votes_postid", "Relation Name": "votes", "Alias": "v", "Startup Cost": 0.42, "Total Cost": 15.76, "Plan Rows": 1, "Plan Width": 4, "Actual Rows": 1, "Actual Loops": 1, "Index Cond": "(postid = p.id)", "Rows Removed by Index Recheck": 0, "Filter": "((creationdate >= '2013-05-16 16:30:00'::timestamp without time zone) AND (votetypeid = 15))", "Rows Removed by Filter": 131}]}]}]}]}]}, "Planning Time": 5.974, "Triggers": [], "Execution Time": 70.197}, {"Plan": {"Node Type": "Aggregate", "Strategy": "Plain", "Partial Mode": "Simple", "Parallel Aware": false, "Async Capable": false, "Startup Cost": 11007.42, "Total Cost": 11007.43, "Plan Rows": 1, "Plan Width": 8, "Actual Rows": 1, "Actual Loops": 1, "Plans": [{"Node Type": "Hash Join", "Parent Relationship": "Outer", "Parallel Aware": false, "Async Capable": false, "Join Type": "Inner", "Startup Cost": 7328.27, "Total Cost": 11007.26, "Plan Rows": 140.0, "Plan Width": 0, "Actual Rows": 3648, "Actual Loops": 1, "Inner Unique": false, "Hash Cond": "(c.postid = p.id)", "Plans": [{"Node Type": "Nested Loop", "Parent Relationship": "Outer", "Parallel Aware": false, "Async Capable": false, "Join Type": "Inner", "Startup Cost": 4178.58, "Total Cost": 6965.56, "Plan Rows": 8590.0, "Plan Width": 8, "Actual Rows": 356059, "Actual Loops": 1, "Inner Unique": false, "Plans": [{"Node Type": "Hash Join", "Parent Relationship": "Outer", "Parallel Aware": false, "Async Capable": false, "Join Type": "Inner", "Startup Cost": 4178.29, "Total Cost": 5075.14, "Plan Rows": 371.0, "Plan Width": 12, "Actual Rows": 6755, "Actual Loops": 1, "Inner Unique": false, "Hash Cond": "(pl.relatedpostid = c.postid)", "Plans": [{"Node Type": "Seq Scan", "Parent Relationship": "Outer", "Parallel Aware": false, "Async Capable": false, "Relation Name": "postlinks", "Alias": "pl", "Startup Cost": 0.0, "Total Cost": 193.02, "Plan Rows": 11102, "Plan Width": 4, "Actual Rows": 11102, "Actual Loops": 1}, {"Node Type": "Hash", "Parent Relationship": "Inner", "Parallel Aware": false, "Async Capable": false, "Startup Cost": 3958.57, "Total Cost": 3958.57, "Plan Rows": 17577, "Plan Width": 8, "Actual Rows": 17698, "Actual Loops": 1, "Hash Buckets": 32768, "Original Hash Buckets": 32768, "Hash Batches": 1, "Original Hash Batches": 1, "Peak Memory Usage": 945, "Plans": [{"Node Type": "Seq Scan", "Parent Relationship": "Outer", "Parallel Aware": false, "Async Capable": false, "Relation Name": "comments", "Alias": "c", "Startup Cost": 0.0, "Total Cost": 3958.57, "Plan Rows": 17577, "Plan Width": 8, "Actual Rows": 17698, "Actual Loops": 1, "Filter": "((creationdate >= '2009-10-29 05:08:38'::timestamp without time zone) AND (creationdate <= '2011-06-05 03:38:42'::timestamp without time zone))", "Rows Removed by Filter": 156607}]}]}, {"Node Type": "Index Scan", "Parent Relationship": "Inner", "Parallel Aware": false, "Async Capable": false, "Scan Direction": "Forward", "Index Name": "idx_badges_userid", "Relation Name": "badges", "Alias": "b", "Startup Cost": 0.29, "Total Cost": 0.48, "Plan Rows": 2, "Plan Width": 4, "Actual Rows": 53, "Actual Loops": 6755, "Index Cond": "(userid = c.userid)", "Rows Removed by Index Recheck": 0, "Filter": "(date >= '2012-08-25 07:48:18'::timestamp without time zone)", "Rows Removed by Filter": 61}]}, {"Node Type": "Hash", "Parent Relationship": "Inner", "Parallel Aware": false, "Async Capable": false, "Startup Cost": 3149.68, "Total Cost": 3149.68, "Plan Rows": 12.0, "Plan Width": 12, "Actual Rows": 6, "Actual Loops": 1, "Hash Buckets": 1024, "Original Hash Buckets": 1024, "Hash Batches": 1, "Original Hash Batches": 1, "Peak Memory Usage": 9, "Plans": [{"Node Type": "Nested Loop", "Parent Relationship": "Outer", "Parallel Aware": false, "Async Capable": false, "Join Type": "Inner", "Startup Cost": 0.84, "Total Cost": 3149.68, "Plan Rows": 12.0, "Plan Width": 12, "Actual Rows": 6, "Actual Loops": 1, "Inner Unique": false, "Join Filter": "(p.id = v.postid)", "Rows Removed by Join Filter": 0, "Plans": [{"Node Type": "Nested Loop", "Parent Relationship": "Outer", "Parallel Aware": false, "Async Capable": false, "Join Type": "Inner", "Startup Cost": 0.42, "Total Cost": 3147.93, "Plan Rows": 13.0, "Plan Width": 8, "Actual Rows": 6, "Actual Loops": 1, "Inner Unique": false, "Plans": [{"Node Type": "Seq Scan", "Parent Relationship": "Outer", "Parallel Aware": false, "Async Capable": false, "Relation Name": "posts", "Alias": "p", "Startup Cost": 0.0, "Total Cost": 3139.4, "Plan Rows": 1, "Plan Width": 4, "Actual Rows": 1, "Actual Loops": 1, "Filter": "((score <= 83) AND (viewcount <= 97170) AND (answercount >= 56) AND (answercount <= 59) AND (commentcount <= 25) AND (favoritecount >= 22))", "Rows Removed by Filter": 91975}, {"Node Type": "Index Only Scan", "Parent Relationship": "Inner", "Parallel Aware": false, "Async Capable": false, "Scan Direction": "Forward", "Index Name": "idx_posthistory_postid", "Relation Name": "posthistory", "Alias": "ph", "Startup Cost": 0.42, "Total Cost": 8.49, "Plan Rows": 4, "Plan Width": 4, "Actual Rows": 6, "Actual Loops": 1, "Index Cond": "(postid = p.id)", "Rows Removed by Index Recheck": 0, "Heap Fetches": 0}]}, {"Node Type": "Index Scan", "Parent Relationship": "Inner", "Parallel Aware": false, "Async Capable": false, "Scan Direction": "Forward", "Index Name": "idx_votes_postid", "Relation Name": "votes", "Alias": "v", "Startup Cost": 0.42, "Total Cost": 0.57, "Plan Rows": 1, "Plan Width": 4, "Actual Rows": 1, "Actual Loops": 6, "Index Cond": "(postid = ph.postid)", "Rows Removed by Index Recheck": 0, "Filter": "((creationdate >= '2013-05-16 16:30:00'::timestamp without time zone) AND (votetypeid = 15))", "Rows Removed by Filter": 131}]}]}]}]}, "Planning Time": 6.087, "Triggers": [], "Execution Time": 212.463}, {"Plan": {"Node Type": "Aggregate", "Strategy": "Plain", "Partial Mode": "Simple", "Parallel Aware": false, "Async Capable": false, "Startup Cost": 3443.71, "Total Cost": 3443.72, "Plan Rows": 1, "Plan Width": 8, "Actual Rows": 1, "Actual Loops": 1, "Plans": [{"Node Type": "Merge Join", "Parent Relationship": "Outer", "Parallel Aware": false, "Async Capable": false, "Join Type": "Inner", "Startup Cost": 3152.87, "Total Cost": 3443.55, "Plan Rows": 140.0, "Plan Width": 0, "Actual Rows": 3648, "Actual Loops": 1, "Inner Unique": false, "Merge Cond": "(pl.relatedpostid = p.id)", "Plans": [{"Node Type": "Index Only Scan", "Parent Relationship": "Outer", "Parallel Aware": false, "Async Capable": false, "Scan Direction": "Forward", "Index Name": "idx_postlinks_relatedpostid", "Relation Name": "postlinks", "Alias": "pl", "Startup Cost": 0.29, "Total Cost": 262.81, "Plan Rows": 11102, "Plan Width": 4, "Actual Rows": 658, "Actual Loops": 1, "Heap Fetches": 0}, {"Node Type": "Sort", "Parent Relationship": "Inner", "Parallel Aware": false, "Async Capable": false, "Startup Cost": 3152.59, "Total Cost": 3152.74, "Plan Rows": 96.0, "Plan Width": 16, "Actual Rows": 3645, "Actual Loops": 1, "Sort Key": ["c.postid"], "Sort Method": "quicksort", "Sort Space Used": 60, "Sort Space Type": "Memory", "Plans": [{"Node Type": "Nested Loop", "Parent Relationship": "Outer", "Parallel Aware": false, "Async Capable": false, "Join Type": "Inner", "Startup Cost": 1.56, "Total Cost": 3150.7, "Plan Rows": 96.0, "Plan Width": 16, "Actual Rows": 912, "Actual Loops": 1, "Inner Unique": false, "Plans": [{"Node Type": "Nested Loop", "Parent Relationship": "Outer", "Parallel Aware": false, "Async Capable": false, "Join Type": "Inner", "Startup Cost": 1.26, "Total Cost": 3150.2, "Plan Rows": 6.0, "Plan Width": 20, "Actual Rows": 12, "Actual Loops": 1, "Inner Unique": false, "Join Filter": "(c.postid = p.id)", "Rows Removed by Join Filter": 0, "Plans": [{"Node Type": "Nested Loop", "Parent Relationship": "Outer", "Parallel Aware": false, "Async Capable": false, "Join Type": "Inner", "Startup Cost": 0.84, "Total Cost": 3149.68, "Plan Rows": 12.0, "Plan Width": 12, "Actual Rows": 6, "Actual Loops": 1, "Inner Unique": false, "Join Filter": "(p.id = v.postid)", "Rows Removed by Join Filter": 0, "Plans": [{"Node Type": "Nested Loop", "Parent Relationship": "Outer", "Parallel Aware": false, "Async Capable": false, "Join Type": "Inner", "Startup Cost": 0.42, "Total Cost": 3147.93, "Plan Rows": 13.0, "Plan Width": 8, "Actual Rows": 6, "Actual Loops": 1, "Inner Unique": false, "Plans": [{"Node Type": "Seq Scan", "Parent Relationship": "Outer", "Parallel Aware": false, "Async Capable": false, "Relation Name": "posts", "Alias": "p", "Startup Cost": 0.0, "Total Cost": 3139.4, "Plan Rows": 1, "Plan Width": 4, "Actual Rows": 1, "Actual Loops": 1, "Filter": "((score <= 83) AND (viewcount <= 97170) AND (answercount >= 56) AND (answercount <= 59) AND (commentcount <= 25) AND (favoritecount >= 22))", "Rows Removed by Filter": 91975}, {"Node Type": "Index Only Scan", "Parent Relationship": "Inner", "Parallel Aware": false, "Async Capable": false, "Scan Direction": "Forward", "Index Name": "idx_posthistory_postid", "Relation Name": "posthistory", "Alias": "ph", "Startup Cost": 0.42, "Total Cost": 8.49, "Plan Rows": 4, "Plan Width": 4, "Actual Rows": 6, "Actual Loops": 1, "Index Cond": "(postid = p.id)", "Rows Removed by Index Recheck": 0, "Heap Fetches": 0}]}, {"Node Type": "Index Scan", "Parent Relationship": "Inner", "Parallel Aware": false, "Async Capable": false, "Scan Direction": "Forward", "Index Name": "idx_votes_postid", "Relation Name": "votes", "Alias": "v", "Startup Cost": 0.42, "Total Cost": 0.57, "Plan Rows": 1, "Plan Width": 4, "Actual Rows": 1, "Actual Loops": 6, "Index Cond": "(postid = ph.postid)", "Rows Removed by Index Recheck": 0, "Filter": "((creationdate >= '2013-05-16 16:30:00'::timestamp without time zone) AND (votetypeid = 15))", "Rows Removed by Filter": 131}]}, {"Node Type": "Index Scan", "Parent Relationship": "Inner", "Parallel Aware": false, "Async Capable": false, "Scan Direction": "Forward", "Index Name": "idx_comments_postid", "Relation Name": "comments", "Alias": "c", "Startup Cost": 0.42, "Total Cost": 0.51, "Plan Rows": 1, "Plan Width": 8, "Actual Rows": 2, "Actual Loops": 6, "Index Cond": "(postid = ph.postid)", "Rows Removed by Index Recheck": 0, "Filter": "((creationdate >= '2009-10-29 05:08:38'::timestamp without time zone) AND (creationdate <= '2011-06-05 03:38:42'::timestamp without time zone))", "Rows Removed by Filter": 1}]}, {"Node Type": "Index Scan", "Parent Relationship": "Inner", "Parallel Aware": false, "Async Capable": false, "Scan Direction": "Forward", "Index Name": "idx_badges_userid", "Relation Name": "badges", "Alias": "b", "Startup Cost": 0.29, "Total Cost": 0.48, "Plan Rows": 2, "Plan Width": 4, "Actual Rows": 76, "Actual Loops": 12, "Index Cond": "(userid = c.userid)", "Rows Removed by Index Recheck": 0, "Filter": "(date >= '2012-08-25 07:48:18'::timestamp without time zone)", "Rows Removed by Filter": 113}]}]}]}]}, "Planning Time": 5.49, "Triggers": [], "Execution Time": 10.139}, {"Plan": {"Node Type": "Aggregate", "Strategy": "Plain", "Partial Mode": "Simple", "Parallel Aware": false, "Async Capable": false, "Startup Cost": 9987.6, "Total Cost": 9987.61, "Plan Rows": 1, "Plan Width": 8, "Actual Rows": 1, "Actual Loops": 1, "Plans": [{"Node Type": "Hash Join", "Parent Relationship": "Outer", "Parallel Aware": false, "Async Capable": false, "Join Type": "Inner", "Startup Cost": 6839.87, "Total Cost": 9987.44, "Plan Rows": 140.0, "Plan Width": 0, "Actual Rows": 3648, "Actual Loops": 1, "Inner Unique": false, "Hash Cond": "(p.id = c.postid)", "Plans": [{"Node Type": "Nested Loop", "Parent Relationship": "Outer", "Parallel Aware": false, "Async Capable": false, "Join Type": "Inner", "Startup Cost": 0.42, "Total Cost": 3147.93, "Plan Rows": 13.0, "Plan Width": 8, "Actual Rows": 6, "Actual Loops": 1, "Inner Unique": false, "Plans": [{"Node Type": "Seq Scan", "Parent Relationship": "Outer", "Parallel Aware": false, "Async Capable": false, "Relation Name": "posts", "Alias": "p", "Startup Cost": 0.0, "Total Cost": 3139.4, "Plan Rows": 1, "Plan Width": 4, "Actual Rows": 1, "Actual Loops": 1, "Filter": "((score <= 83) AND (viewcount <= 97170) AND (answercount >= 56) AND (answercount <= 59) AND (commentcount <= 25) AND (favoritecount >= 22))", "Rows Removed by Filter": 91975}, {"Node Type": "Index Only Scan", "Parent Relationship": "Inner", "Parallel Aware": false, "Async Capable": false, "Scan Direction": "Forward", "Index Name": "idx_posthistory_postid", "Relation Name": "posthistory", "Alias": "ph", "Startup Cost": 0.42, "Total Cost": 8.49, "Plan Rows": 4, "Plan Width": 4, "Actual Rows": 6, "Actual Loops": 1, "Index Cond": "(postid = p.id)", "Rows Removed by Index Recheck": 0, "Heap Fetches": 0}]}, {"Node Type": "Hash", "Parent Relationship": "Inner", "Parallel Aware": false, "Async Capable": false, "Startup Cost": 6795.29, "Total Cost": 6795.29, "Plan Rows": 4860.0, "Plan Width": 12, "Actual Rows": 996, "Actual Loops": 1, "Hash Buckets": 4096, "Original Hash Buckets": 4096, "Hash Batches": 1, "Original Hash Batches": 1, "Peak Memory Usage": 75, "Plans": [{"Node Type": "Nested Loop", "Parent Relationship": "Outer", "Parallel Aware": false, "Async Capable": false, "Join Type": "Inner", "Startup Cost": 1001.0, "Total Cost": 6795.29, "Plan Rows": 4860.0, "Plan Width": 12, "Actual Rows": 996, "Actual Loops": 1, "Inner Unique": false, "Plans": [{"Node Type": "Gather", "Parent Relationship": "Outer", "Parallel Aware": false, "Async Capable": false, "Startup Cost": 1000.71, "Total Cost": 6767.22, "Plan Rows": 56, "Plan Width": 16, "Actual Rows": 14, "Actual Loops": 1, "Workers Planned": 1, "Workers Launched": 1, "Single Copy": false, "Plans": [{"Node Type": "Nested Loop", "Parent Relationship": "Outer", "Parallel Aware": false, "Async Capable": false, "Join Type": "Inner", "Startup Cost": 0.71, "Total Cost": 5761.62, "Plan Rows": 293.0, "Plan Width": 16, "Actual Rows": 7, "Actual Loops": 2, "Inner Unique": false, "Workers": [], "Plans": [{"Node Type": "Nested Loop", "Parent Relationship": "Outer", "Parallel Aware": false, "Async Capable": false, "Join Type": "Inner", "Startup Cost": 0.29, "Total Cost": 5297.51, "Plan Rows": 558.0, "Plan Width": 8, "Actual Rows": 57, "Actual Loops": 2, "Inner Unique": false, "Workers": [], "Plans": [{"Node Type": "Seq Scan", "Parent Relationship": "Outer", "Parallel Aware": true, "Async Capable": false, "Relation Name": "votes", "Alias": "v", "Startup Cost": 0.0, "Total Cost": 5054.68, "Plan Rows": 548, "Plan Width": 4, "Actual Rows": 350, "Actual Loops": 2, "Filter": "((creationdate >= '2013-05-16 16:30:00'::timestamp without time zone) AND (votetypeid = 15))", "Rows Removed by Filter": 163682, "Workers": []}, {"Node Type": "Index Only Scan", "Parent Relationship": "Inner", "Parallel Aware": false, "Async Capable": false, "Scan Direction": "Forward", "Index Name": "idx_postlinks_relatedpostid", "Relation Name": "postlinks", "Alias": "pl", "Startup Cost": 0.29, "Total Cost": 0.42, "Plan Rows": 2, "Plan Width": 4, "Actual Rows": 0, "Actual Loops": 701, "Index Cond": "(relatedpostid = v.postid)", "Rows Removed by Index Recheck": 0, "Heap Fetches": 0, "Workers": []}]}, {"Node Type": "Index Scan", "Parent Relationship": "Inner", "Parallel Aware": false, "Async Capable": false, "Scan Direction": "Forward", "Index Name": "idx_comments_postid", "Relation Name": "comments", "Alias": "c", "Startup Cost": 0.42, "Total Cost": 1.08, "Plan Rows": 1, "Plan Width": 8, "Actual Rows": 0, "Actual Loops": 114, "Index Cond": "(postid = pl.relatedpostid)", "Rows Removed by Index Recheck": 0, "Filter": "((creationdate >= '2009-10-29 05:08:38'::timestamp without time zone) AND (creationdate <= '2011-06-05 03:38:42'::timestamp without time zone))", "Rows Removed by Filter": 6, "Workers": []}]}]}, {"Node Type": "Index Scan", "Parent Relationship": "Inner", "Parallel Aware": false, "Async Capable": false, "Scan Direction": "Forward", "Index Name": "idx_badges_userid", "Relation Name": "badges", "Alias": "b", "Startup Cost": 0.29, "Total Cost": 0.48, "Plan Rows": 2, "Plan Width": 4, "Actual Rows": 71, "Actual Loops": 14, "Index Cond": "(userid = c.userid)", "Rows Removed by Index Recheck": 0, "Filter": "(date >= '2012-08-25 07:48:18'::timestamp without time zone)", "Rows Removed by Filter": 93}]}]}]}]}, "Planning Time": 6.329, "Triggers": [], "Execution Time": 49.286}, {"Plan": {"Node Type": "Aggregate", "Strategy": "Plain", "Partial Mode": "Simple", "Parallel Aware": false, "Async Capable": false, "Startup Cost": 12269.81, "Total Cost": 12269.82, "Plan Rows": 1, "Plan Width": 8, "Actual Rows": 1, "Actual Loops": 1, "Plans": [{"Node Type": "Hash Join", "Parent Relationship": "Outer", "Parallel Aware": false, "Async Capable": false, "Join Type": "Inner", "Startup Cost": 9125.7, "Total Cost": 12269.65, "Plan Rows": 140.0, "Plan Width": 0, "Actual Rows": 3648, "Actual Loops": 1, "Inner Unique": false, "Hash Cond": "(p.id = c.postid)", "Plans": [{"Node Type": "Nested Loop", "Parent Relationship": "Outer", "Parallel Aware": false, "Async Capable": false, "Join Type": "Inner", "Startup Cost": 0.71, "Total Cost": 3144.48, "Plan Rows": 22.0, "Plan Width": 12, "Actual Rows": 24, "Actual Loops": 1, "Inner Unique": false, "Join Filter": "(p.id = ph.postid)", "Rows Removed by Join Filter": 0, "Plans": [{"Node Type": "Nested Loop", "Parent Relationship": "Outer", "Parallel Aware": false, "Async Capable": false, "Join Type": "Inner", "Startup Cost": 0.29, "Total Cost": 3143.74, "Plan Rows": 17.0, "Plan Width": 8, "Actual Rows": 4, "Actual Loops": 1, "Inner Unique": false, "Plans": [{"Node Type": "Seq Scan", "Parent Relationship": "Outer", "Parallel Aware": false, "Async Capable": false, "Relation Name": "posts", "Alias": "p", "Startup Cost": 0.0, "Total Cost": 3139.4, "Plan Rows": 1, "Plan Width": 4, "Actual Rows": 1, "Actual Loops": 1, "Filter": "((score <= 83) AND (viewcount <= 97170) AND (answercount >= 56) AND (answercount <= 59) AND (commentcount <= 25) AND (favoritecount >= 22))", "Rows Removed by Filter": 91975}, {"Node Type": "Index Only Scan", "Parent Relationship": "Inner", "Parallel Aware": false, "Async Capable": false, "Scan Direction": "Forward", "Index Name": "idx_postlinks_relatedpostid", "Relation Name": "postlinks", "Alias": "pl", "Startup Cost": 0.29, "Total Cost": 4.32, "Plan Rows": 2, "Plan Width": 4, "Actual Rows": 4, "Actual Loops": 1, "Index Cond": "(relatedpostid = p.id)", "Rows Removed by Index Recheck": 0, "Heap Fetches": 0}]}, {"Node Type": "Index Only Scan", "Parent Relationship": "Inner", "Parallel Aware": false, "Async Capable": false, "Scan Direction": "Forward", "Index Name": "idx_posthistory_postid", "Relation Name": "posthistory", "Alias": "ph", "Startup Cost": 0.42, "Total Cost": 0.69, "Plan Rows": 4, "Plan Width": 4, "Actual Rows": 6, "Actual Loops": 4, "Index Cond": "(postid = pl.relatedpostid)", "Rows Removed by Index Recheck": 0, "Heap Fetches": 0}]}, {"Node Type": "Hash", "Parent Relationship": "Inner", "Parallel Aware": false, "Async Capable": false, "Startup Cost": 8918.42, "Total Cost": 8918.42, "Plan Rows": 3394.0, "Plan Width": 8, "Actual Rows": 1442, "Actual Loops": 1, "Hash Buckets": 32768, "Original Hash Buckets": 32768, "Hash Batches": 1, "Original Hash Batches": 1, "Peak Memory Usage": 313, "Plans": [{"Node Type": "Nested Loop", "Parent Relationship": "Outer", "Parallel Aware": false, "Async Capable": false, "Join Type": "Inner", "Startup Cost": 1000.71, "Total Cost": 8918.42, "Plan Rows": 3394.0, "Plan Width": 8, "Actual Rows": 1442, "Actual Loops": 1, "Inner Unique": false, "Plans": [{"Node Type": "Gather", "Parent Relationship": "Outer", "Parallel Aware": false, "Async Capable": false, "Startup Cost": 1000.42, "Total Cost": 8787.08, "Plan Rows": 262, "Plan Width": 12, "Actual Rows": 37, "Actual Loops": 1, "Workers Planned": 1, "Workers Launched": 1, "Single Copy": false, "Plans": [{"Node Type": "Nested Loop", "Parent Relationship": "Outer", "Parallel Aware": false, "Async Capable": false, "Join Type": "Inner", "Startup Cost": 0.42, "Total Cost": 7760.88, "Plan Rows": 168.0, "Plan Width": 12, "Actual Rows": 18, "Actual Loops": 2, "Inner Unique": false, "Workers": [], "Plans": [{"Node Type": "Seq Scan", "Parent Relationship": "Outer", "Parallel Aware": true, "Async Capable": false, "Relation Name": "votes", "Alias": "v", "Startup Cost": 0.0, "Total Cost": 5054.68, "Plan Rows": 548, "Plan Width": 4, "Actual Rows": 350, "Actual Loops": 2, "Filter": "((creationdate >= '2013-05-16 16:30:00'::timestamp without time zone) AND (votetypeid = 15))", "Rows Removed by Filter": 163682, "Workers": []}, {"Node Type": "Index Scan", "Parent Relationship": "Inner", "Parallel Aware": false, "Async Capable": false, "Scan Direction": "Forward", "Index Name": "idx_comments_postid", "Relation Name": "comments", "Alias": "c", "Startup Cost": 0.42, "Total Cost": 4.93, "Plan Rows": 1, "Plan Width": 8, "Actual Rows": 0, "Actual Loops": 701, "Index Cond": "(postid = v.postid)", "Rows Removed by Index Recheck": 0, "Filter": "((creationdate >= '2009-10-29 05:08:38'::timestamp without time zone) AND (creationdate <= '2011-06-05 03:38:42'::timestamp without time zone))", "Rows Removed by Filter": 4, "Workers": []}]}]}, {"Node Type": "Index Scan", "Parent Relationship": "Inner", "Parallel Aware": false, "Async Capable": false, "Scan Direction": "Forward", "Index Name": "idx_badges_userid", "Relation Name": "badges", "Alias": "b", "Startup Cost": 0.29, "Total Cost": 0.48, "Plan Rows": 2, "Plan Width": 4, "Actual Rows": 39, "Actual Loops": 37, "Index Cond": "(userid = c.userid)", "Rows Removed by Index Recheck": 0, "Filter": "(date >= '2012-08-25 07:48:18'::timestamp without time zone)", "Rows Removed by Filter": 47}]}]}]}]}, "Planning Time": 6.231, "Triggers": [], "Execution Time": 54.783}, {"Plan": {"Node Type": "Aggregate", "Strategy": "Plain", "Partial Mode": "Simple", "Parallel Aware": false, "Async Capable": false, "Startup Cost": 13088.66, "Total Cost": 13088.67, "Plan Rows": 1, "Plan Width": 8, "Actual Rows": 1, "Actual Loops": 1, "Plans": [{"Node Type": "Nested Loop", "Parent Relationship": "Outer", "Parallel Aware": false, "Async Capable": false, "Join Type": "Inner", "Startup Cost": 4179.42, "Total Cost": 13088.5, "Plan Rows": 140.0, "Plan Width": 0, "Actual Rows": 3648, "Actual Loops": 1, "Inner Unique": false, "Join Filter": "(c.postid = p.id)", "Rows Removed by Join Filter": 2132706, "Plans": [{"Node Type": "Nested Loop", "Parent Relationship": "Outer", "Parallel Aware": false, "Async Capable": false, "Join Type": "Inner", "Startup Cost": 0.84, "Total Cost": 3149.68, "Plan Rows": 12.0, "Plan Width": 12, "Actual Rows": 6, "Actual Loops": 1, "Inner Unique": false, "Join Filter": "(p.id = v.postid)", "Rows Removed by Join Filter": 0, "Plans": [{"Node Type": "Nested Loop", "Parent Relationship": "Outer", "Parallel Aware": false, "Async Capable": false, "Join Type": "Inner", "Startup Cost": 0.42, "Total Cost": 3147.93, "Plan Rows": 13.0, "Plan Width": 8, "Actual Rows": 6, "Actual Loops": 1, "Inner Unique": false, "Plans": [{"Node Type": "Seq Scan", "Parent Relationship": "Outer", "Parallel Aware": false, "Async Capable": false, "Relation Name": "posts", "Alias": "p", "Startup Cost": 0.0, "Total Cost": 3139.4, "Plan Rows": 1, "Plan Width": 4, "Actual Rows": 1, "Actual Loops": 1, "Filter": "((score <= 83) AND (viewcount <= 97170) AND (answercount >= 56) AND (answercount <= 59) AND (commentcount <= 25) AND (favoritecount >= 22))", "Rows Removed by Filter": 91975}, {"Node Type": "Index Only Scan", "Parent Relationship": "Inner", "Parallel Aware": false, "Async Capable": false, "Scan Direction": "Forward", "Index Name": "idx_posthistory_postid", "Relation Name": "posthistory", "Alias": "ph", "Startup Cost": 0.42, "Total Cost": 8.49, "Plan Rows": 4, "Plan Width": 4, "Actual Rows": 6, "Actual Loops": 1, "Index Cond": "(postid = p.id)", "Rows Removed by Index Recheck": 0, "Heap Fetches": 0}]}, {"Node Type": "Index Scan", "Parent Relationship": "Inner", "Parallel Aware": false, "Async Capable": false, "Scan Direction": "Forward", "Index Name": "idx_votes_postid", "Relation Name": "votes", "Alias": "v", "Startup Cost": 0.42, "Total Cost": 0.57, "Plan Rows": 1, "Plan Width": 4, "Actual Rows": 1, "Actual Loops": 6, "Index Cond": "(postid = ph.postid)", "Rows Removed by Index Recheck": 0, "Filter": "((creationdate >= '2013-05-16 16:30:00'::timestamp without time zone) AND (votetypeid = 15))", "Rows Removed by Filter": 131}]}, {"Node Type": "Nested Loop", "Parent Relationship": "Inner", "Parallel Aware": false, "Async Capable": false, "Join Type": "Inner", "Startup Cost": 4178.58, "Total Cost": 6965.56, "Plan Rows": 8590.0, "Plan Width": 8, "Actual Rows": 356059, "Actual Loops": 6, "Inner Unique": false, "Plans": [{"Node Type": "Hash Join", "Parent Relationship": "Outer", "Parallel Aware": false, "Async Capable": false, "Join Type": "Inner", "Startup Cost": 4178.29, "Total Cost": 5075.14, "Plan Rows": 371.0, "Plan Width": 12, "Actual Rows": 6755, "Actual Loops": 6, "Inner Unique": false, "Hash Cond": "(pl.relatedpostid = c.postid)", "Plans": [{"Node Type": "Seq Scan", "Parent Relationship": "Outer", "Parallel Aware": false, "Async Capable": false, "Relation Name": "postlinks", "Alias": "pl", "Startup Cost": 0.0, "Total Cost": 193.02, "Plan Rows": 11102, "Plan Width": 4, "Actual Rows": 11102, "Actual Loops": 6}, {"Node Type": "Hash", "Parent Relationship": "Inner", "Parallel Aware": false, "Async Capable": false, "Startup Cost": 3958.57, "Total Cost": 3958.57, "Plan Rows": 17577, "Plan Width": 8, "Actual Rows": 17698, "Actual Loops": 1, "Hash Buckets": 32768, "Original Hash Buckets": 32768, "Hash Batches": 1, "Original Hash Batches": 1, "Peak Memory Usage": 945, "Plans": [{"Node Type": "Seq Scan", "Parent Relationship": "Outer", "Parallel Aware": false, "Async Capable": false, "Relation Name": "comments", "Alias": "c", "Startup Cost": 0.0, "Total Cost": 3958.57, "Plan Rows": 17577, "Plan Width": 8, "Actual Rows": 17698, "Actual Loops": 1, "Filter": "((creationdate >= '2009-10-29 05:08:38'::timestamp without time zone) AND (creationdate <= '2011-06-05 03:38:42'::timestamp without time zone))", "Rows Removed by Filter": 156607}]}]}, {"Node Type": "Index Scan", "Parent Relationship": "Inner", "Parallel Aware": false, "Async Capable": false, "Scan Direction": "Forward", "Index Name": "idx_badges_userid", "Relation Name": "badges", "Alias": "b", "Startup Cost": 0.29, "Total Cost": 0.48, "Plan Rows": 2, "Plan Width": 4, "Actual Rows": 53, "Actual Loops": 40530, "Index Cond": "(userid = c.userid)", "Rows Removed by Index Recheck": 0, "Filter": "(date >= '2012-08-25 07:48:18'::timestamp without time zone)", "Rows Removed by Filter": 61}]}]}]}, "Planning Time": 6.286, "Triggers": [], "Execution Time": 984.296}, {"Plan": {"Node Type": "Aggregate", "Strategy": "Plain", "Partial Mode": "Finalize", "Parallel Aware": false, "Async Capable": false, "Startup Cost": 14618.36, "Total Cost": 14618.37, "Plan Rows": 1, "Plan Width": 8, "Actual Rows": 1, "Actual Loops": 1, "Plans": [{"Node Type": "Gather", "Parent Relationship": "Outer", "Parallel Aware": false, "Async Capable": false, "Startup Cost": 14618.25, "Total Cost": 14618.36, "Plan Rows": 1, "Plan Width": 8, "Actual Rows": 2, "Actual Loops": 1, "Workers Planned": 1, "Workers Launched": 1, "Single Copy": false, "Plans": [{"Node Type": "Aggregate", "Strategy": "Plain", "Partial Mode": "Partial", "Parent Relationship": "Outer", "Parallel Aware": false, "Async Capable": false, "Startup Cost": 13618.25, "Total Cost": 13618.26, "Plan Rows": 1, "Plan Width": 8, "Actual Rows": 1, "Actual Loops": 2, "Workers": [], "Plans": [{"Node Type": "Hash Join", "Parent Relationship": "Outer", "Parallel Aware": false, "Async Capable": false, "Join Type": "Inner", "Startup Cost": 3146.29, "Total Cost": 13618.15, "Plan Rows": 140.0, "Plan Width": 0, "Actual Rows": 1824, "Actual Loops": 2, "Inner Unique": false, "Hash Cond": "(c.postid = p.id)", "Workers": [], "Plans": [{"Node Type": "Nested Loop", "Parent Relationship": "Outer", "Parallel Aware": false, "Async Capable": false, "Join Type": "Inner", "Startup Cost": 0.3, "Total Cost": 8026.45, "Plan Rows": 5868.0, "Plan Width": 4, "Actual Rows": 424090, "Actual Loops": 2, "Inner Unique": false, "Workers": [], "Plans": [{"Node Type": "Seq Scan", "Parent Relationship": "Outer", "Parallel Aware": true, "Async Capable": false, "Relation Name": "comments", "Alias": "c", "Startup Cost": 0.0, "Total Cost": 2881.99, "Plan Rows": 10339, "Plan Width": 8, "Actual Rows": 8849, "Actual Loops": 2, "Filter": "((creationdate >= '2009-10-29 05:08:38'::timestamp without time zone) AND (creationdate <= '2011-06-05 03:38:42'::timestamp without time zone))", "Rows Removed by Filter": 78304, "Workers": []}, {"Node Type": "Memoize", "Parent Relationship": "Inner", "Parallel Aware": false, "Async Capable": false, "Startup Cost": 0.3, "Total Cost": 0.49, "Plan Rows": 2, "Plan Width": 4, "Actual Rows": 48, "Actual Loops": 17698, "Cache Key": "c.userid", "Cache Mode": "logical", "Cache Hits": 10533, "Cache Misses": 996, "Cache Evictions": 0, "Cache Overflows": 0, "Peak Memory Usage": 272, "Workers": [{"Worker Number": 0, "Cache Hits": 5439, "Cache Misses": 730, "Cache Evictions": 0, "Cache Overflows": 0, "Peak Memory Usage": 226}], "Plans": [{"Node Type": "Index Scan", "Parent Relationship": "Outer", "Parallel Aware": false, "Async Capable": false, "Scan Direction": "Forward", "Index Name": "idx_badges_userid", "Relation Name": "badges", "Alias": "b", "Startup Cost": 0.29, "Total Cost": 0.48, "Plan Rows": 2, "Plan Width": 4, "Actual Rows": 6, "Actual Loops": 1726, "Index Cond": "(userid = c.userid)", "Rows Removed by Index Recheck": 0, "Filter": "(date >= '2012-08-25 07:48:18'::timestamp without time zone)", "Rows Removed by Filter": 9, "Workers": []}]}]}, {"Node Type": "Hash", "Parent Relationship": "Inner", "Parallel Aware": false, "Async Capable": false, "Startup Cost": 3145.98, "Total Cost": 3145.98, "Plan Rows": 19.0, "Plan Width": 16, "Actual Rows": 24, "Actual Loops": 2, "Hash Buckets": 1024, "Original Hash Buckets": 1024, "Hash Batches": 1, "Original Hash Batches": 1, "Peak Memory Usage": 10, "Workers": [], "Plans": [{"Node Type": "Nested Loop", "Parent Relationship": "Outer", "Parallel Aware": false, "Async Capable": false, "Join Type": "Inner", "Startup Cost": 1.13, "Total Cost": 3145.98, "Plan Rows": 19.0, "Plan Width": 16, "Actual Rows": 24, "Actual Loops": 2, "Inner Unique": false, "Join Filter": "(p.id = ph.postid)", "Rows Removed by Join Filter": 0, "Workers": [], "Plans": [{"Node Type": "Nested Loop", "Parent Relationship": "Outer", "Parallel Aware": false, "Async Capable": false, "Join Type": "Inner", "Startup Cost": 0.71, "Total Cost": 3145.24, "Plan Rows": 8.0, "Plan Width": 12, "Actual Rows": 4, "Actual Loops": 2, "Inner Unique": false, "Join Filter": "(p.id = v.postid)", "Rows Removed by Join Filter": 0, "Workers": [], "Plans": [{"Node Type": "Nested Loop", "Parent Relationship": "Outer", "Parallel Aware": false, "Async Capable": false, "Join Type": "Inner", "Startup Cost": 0.29, "Total Cost": 3143.74, "Plan Rows": 17.0, "Plan Width": 8, "Actual Rows": 4, "Actual Loops": 2, "Inner Unique": false, "Workers": [], "Plans": [{"Node Type": "Seq Scan", "Parent Relationship": "Outer", "Parallel Aware": false, "Async Capable": false, "Relation Name": "posts", "Alias": "p", "Startup Cost": 0.0, "Total Cost": 3139.4, "Plan Rows": 1, "Plan Width": 4, "Actual Rows": 1, "Actual Loops": 2, "Filter": "((score <= 83) AND (viewcount <= 97170) AND (answercount >= 56) AND (answercount <= 59) AND (commentcount <= 25) AND (favoritecount >= 22))", "Rows Removed by Filter": 91975, "Workers": []}, {"Node Type": "Index Only Scan", "Parent Relationship": "Inner", "Parallel Aware": false, "Async Capable": false, "Scan Direction": "Forward", "Index Name": "idx_postlinks_relatedpostid", "Relation Name": "postlinks", "Alias": "pl", "Startup Cost": 0.29, "Total Cost": 4.32, "Plan Rows": 2, "Plan Width": 4, "Actual Rows": 4, "Actual Loops": 2, "Index Cond": "(relatedpostid = p.id)", "Rows Removed by Index Recheck": 0, "Heap Fetches": 0, "Workers": []}]}, {"Node Type": "Index Scan", "Parent Relationship": "Inner", "Parallel Aware": false, "Async Capable": false, "Scan Direction": "Forward", "Index Name": "idx_votes_postid", "Relation Name": "votes", "Alias": "v", "Startup Cost": 0.42, "Total Cost": 1.49, "Plan Rows": 1, "Plan Width": 4, "Actual Rows": 1, "Actual Loops": 8, "Index Cond": "(postid = pl.relatedpostid)", "Rows Removed by Index Recheck": 0, "Filter": "((creationdate >= '2013-05-16 16:30:00'::timestamp without time zone) AND (votetypeid = 15))", "Rows Removed by Filter": 131, "Workers": []}]}, {"Node Type": "Index Only Scan", "Parent Relationship": "Inner", "Parallel Aware": false, "Async Capable": false, "Scan Direction": "Forward", "Index Name": "idx_posthistory_postid", "Relation Name": "posthistory", "Alias": "ph", "Startup Cost": 0.42, "Total Cost": 0.69, "Plan Rows": 4, "Plan Width": 4, "Actual Rows": 6, "Actual Loops": 8, "Index Cond": "(postid = pl.relatedpostid)", "Rows Removed by Index Recheck": 0, "Heap Fetches": 0, "Workers": []}]}]}]}]}]}]}, "Planning Time": 12.147, "Triggers": [], "Execution Time": 85.28}, {"Plan": {"Node Type": "Aggregate", "Strategy": "Plain", "Partial Mode": "Simple", "Parallel Aware": false, "Async Capable": false, "Startup Cost": 13168.21, "Total Cost": 13168.22, "Plan Rows": 1, "Plan Width": 8, "Actual Rows": 1, "Actual Loops": 1, "Plans": [{"Node Type": "Nested Loop", "Parent Relationship": "Outer", "Parallel Aware": false, "Async Capable": false, "Join Type": "Inner", "Startup Cost": 1001.42, "Total Cost": 13168.05, "Plan Rows": 140.0, "Plan Width": 0, "Actual Rows": 3648, "Actual Loops": 1, "Inner Unique": false, "Join Filter": "(c.postid = p.id)", "Rows Removed by Join Filter": 54448, "Plans": [{"Node Type": "Nested Loop", "Parent Relationship": "Outer", "Parallel Aware": false, "Async Capable": false, "Join Type": "Inner", "Startup Cost": 0.29, "Total Cost": 3143.74, "Plan Rows": 17.0, "Plan Width": 8, "Actual Rows": 4, "Actual Loops": 1, "Inner Unique": false, "Plans": [{"Node Type": "Seq Scan", "Parent Relationship": "Outer", "Parallel Aware": false, "Async Capable": false, "Relation Name": "posts", "Alias": "p", "Startup Cost": 0.0, "Total Cost": 3139.4, "Plan Rows": 1, "Plan Width": 4, "Actual Rows": 1, "Actual Loops": 1, "Filter": "((score <= 83) AND (viewcount <= 97170) AND (answercount >= 56) AND (answercount <= 59) AND (commentcount <= 25) AND (favoritecount >= 22))", "Rows Removed by Filter": 91975}, {"Node Type": "Index Only Scan", "Parent Relationship": "Inner", "Parallel Aware": false, "Async Capable": false, "Scan Direction": "Forward", "Index Name": "idx_postlinks_relatedpostid", "Relation Name": "postlinks", "Alias": "pl", "Startup Cost": 0.29, "Total Cost": 4.32, "Plan Rows": 2, "Plan Width": 4, "Actual Rows": 4, "Actual Loops": 1, "Index Cond": "(relatedpostid = p.id)", "Rows Removed by Index Recheck": 0, "Heap Fetches": 0}]}, {"Node Type": "Nested Loop", "Parent Relationship": "Inner", "Parallel Aware": false, "Async Capable": false, "Join Type": "Inner", "Startup Cost": 1001.13, "Total Cost": 9229.55, "Plan Rows": 9564.0, "Plan Width": 12, "Actual Rows": 14524, "Actual Loops": 4, "Inner Unique": false, "Plans": [{"Node Type": "Gather", "Parent Relationship": "Outer", "Parallel Aware": false, "Async Capable": false, "Startup Cost": 1000.84, "Total Cost": 8724.23, "Plan Rows": 1008, "Plan Width": 16, "Actual Rows": 362, "Actual Loops": 4, "Workers Planned": 1, "Workers Launched": 1, "Single Copy": false, "Plans": [{"Node Type": "Nested Loop", "Parent Relationship": "Outer", "Parallel Aware": false, "Async Capable": false, "Join Type": "Inner", "Startup Cost": 0.84, "Total Cost": 7623.43, "Plan Rows": 495.0, "Plan Width": 16, "Actual Rows": 181, "Actual Loops": 8, "Inner Unique": false, "Workers": [], "Plans": [{"Node Type": "Nested Loop", "Parent Relationship": "Outer", "Parallel Aware": false, "Async Capable": false, "Join Type": "Inner", "Startup Cost": 0.42, "Total Cost": 6515.51, "Plan Rows": 1760.0, "Plan Width": 8, "Actual Rows": 1876, "Actual Loops": 8, "Inner Unique": false, "Workers": [], "Plans": [{"Node Type": "Seq Scan", "Parent Relationship": "Outer", "Parallel Aware": true, "Async Capable": false, "Relation Name": "votes", "Alias": "v", "Startup Cost": 0.0, "Total Cost": 5054.68, "Plan Rows": 548, "Plan Width": 4, "Actual Rows": 350, "Actual Loops": 8, "Filter": "((creationdate >= '2013-05-16 16:30:00'::timestamp without time zone) AND (votetypeid = 15))", "Rows Removed by Filter": 163682, "Workers": []}, {"Node Type": "Index Only Scan", "Parent Relationship": "Inner", "Parallel Aware": false, "Async Capable": false, "Scan Direction": "Forward", "Index Name": "idx_posthistory_postid", "Relation Name": "posthistory", "Alias": "ph", "Startup Cost": 0.42, "Total Cost": 2.63, "Plan Rows": 4, "Plan Width": 4, "Actual Rows": 5, "Actual Loops": 2804, "Index Cond": "(postid = v.postid)", "Rows Removed by Index Recheck": 0, "Heap Fetches": 0, "Workers": []}]}, {"Node Type": "Index Scan", "Parent Relationship": "Inner", "Parallel Aware": false, "Async Capable": false, "Scan Direction": "Forward", "Index Name": "idx_comments_postid", "Relation Name": "comments", "Alias": "c", "Startup Cost": 0.42, "Total Cost": 0.51, "Plan Rows": 1, "Plan Width": 8, "Actual Rows": 0, "Actual Loops": 15012, "Index Cond": "(postid = ph.postid)", "Rows Removed by Index Recheck": 0, "Filter": "((creationdate >= '2009-10-29 05:08:38'::timestamp without time zone) AND (creationdate <= '2011-06-05 03:38:42'::timestamp without time zone))", "Rows Removed by Filter": 5, "Workers": []}]}]}, {"Node Type": "Index Scan", "Parent Relationship": "Inner", "Parallel Aware": false, "Async Capable": false, "Scan Direction": "Forward", "Index Name": "idx_badges_userid", "Relation Name": "badges", "Alias": "b", "Startup Cost": 0.29, "Total Cost": 0.48, "Plan Rows": 2, "Plan Width": 4, "Actual Rows": 40, "Actual Loops": 1448, "Index Cond": "(userid = c.userid)", "Rows Removed by Index Recheck": 0, "Filter": "(date >= '2012-08-25 07:48:18'::timestamp without time zone)", "Rows Removed by Filter": 48}]}]}]}, "Planning Time": 7.188, "Triggers": [], "Execution Time": 233.888}, {"Plan": {"Node Type": "Aggregate", "Strategy": "Plain", "Partial Mode": "Simple", "Parallel Aware": false, "Async Capable": false, "Startup Cost": 9537.86, "Total Cost": 9537.87, "Plan Rows": 1, "Plan Width": 8, "Actual Rows": 1, "Actual Loops": 1, "Plans": [{"Node Type": "Hash Join", "Parent Relationship": "Outer", "Parallel Aware": false, "Async Capable": false, "Join Type": "Inner", "Startup Cost": 6380.21, "Total Cost": 9537.7, "Plan Rows": 140.0, "Plan Width": 0, "Actual Rows": 3648, "Actual Loops": 1, "Inner Unique": false, "Hash Cond": "(p.id = pl.relatedpostid)", "Plans": [{"Node Type": "Nested Loop", "Parent Relationship": "Outer", "Parallel Aware": false, "Async Capable": false, "Join Type": "Inner", "Startup Cost": 1.14, "Total Cost": 3150.59, "Plan Rows": 149.0, "Plan Width": 12, "Actual Rows": 912, "Actual Loops": 1, "Inner Unique": false, "Plans": [{"Node Type": "Nested Loop", "Parent Relationship": "Outer", "Parallel Aware": false, "Async Capable": false, "Join Type": "Inner", "Startup Cost": 0.84, "Total Cost": 3149.08, "Plan Rows": 8.0, "Plan Width": 16, "Actual Rows": 12, "Actual Loops": 1, "Inner Unique": false, "Join Filter": "(p.id = ph.postid)", "Rows Removed by Join Filter": 0, "Plans": [{"Node Type": "Nested Loop", "Parent Relationship": "Outer", "Parallel Aware": false, "Async Capable": false, "Join Type": "Inner", "Startup Cost": 0.42, "Total Cost": 3148.42, "Plan Rows": 4.0, "Plan Width": 12, "Actual Rows": 2, "Actual Loops": 1, "Inner Unique": false, "Plans": [{"Node Type": "Seq Scan", "Parent Relationship": "Outer", "Parallel Aware": false, "Async Capable": false, "Relation Name": "posts", "Alias": "p", "Startup Cost": 0.0, "Total Cost": 3139.4, "Plan Rows": 1, "Plan Width": 4, "Actual Rows": 1, "Actual Loops": 1, "Filter": "((score <= 83) AND (viewcount <= 97170) AND (answercount >= 56) AND (answercount <= 59) AND (commentcount <= 25) AND (favoritecount >= 22))", "Rows Removed by Filter": 91975}, {"Node Type": "Index Scan", "Parent Relationship": "Inner", "Parallel Aware": false, "Async Capable": false, "Scan Direction": "Forward", "Index Name": "idx_comments_postid", "Relation Name": "comments", "Alias": "c", "Startup Cost": 0.42, "Total Cost": 9.01, "Plan Rows": 1, "Plan Width": 8, "Actual Rows": 2, "Actual Loops": 1, "Index Cond": "(postid = p.id)", "Rows Removed by Index Recheck": 0, "Filter": "((creationdate >= '2009-10-29 05:08:38'::timestamp without time zone) AND (creationdate <= '2011-06-05 03:38:42'::timestamp without time zone))", "Rows Removed by Filter": 1}]}, {"Node Type": "Index Only Scan", "Parent Relationship": "Inner", "Parallel Aware": false, "Async Capable": false, "Scan Direction": "Forward", "Index Name": "idx_posthistory_postid", "Relation Name": "posthistory", "Alias": "ph", "Startup Cost": 0.42, "Total Cost": 0.61, "Plan Rows": 4, "Plan Width": 4, "Actual Rows": 6, "Actual Loops": 2, "Index Cond": "(postid = c.postid)", "Rows Removed by Index Recheck": 0, "Heap Fetches": 0}]}, {"Node Type": "Index Scan", "Parent Relationship": "Inner", "Parallel Aware": false, "Async Capable": false, "Scan Direction": "Forward", "Index Name": "idx_badges_userid", "Relation Name": "badges", "Alias": "b", "Startup Cost": 0.29, "Total Cost": 0.48, "Plan Rows": 2, "Plan Width": 4, "Actual Rows": 76, "Actual Loops": 12, "Index Cond": "(userid = c.userid)", "Rows Removed by Index Recheck": 0, "Filter": "(date >= '2012-08-25 07:48:18'::timestamp without time zone)", "Rows Removed by Filter": 113}]}, {"Node Type": "Hash", "Parent Relationship": "Inner", "Parallel Aware": false, "Async Capable": false, "Startup Cost": 6370.01, "Total Cost": 6370.01, "Plan Rows": 558.0, "Plan Width": 8, "Actual Rows": 114, "Actual Loops": 1, "Hash Buckets": 1024, "Original Hash Buckets": 1024, "Hash Batches": 1, "Original Hash Batches": 1, "Peak Memory Usage": 13, "Plans": [{"Node Type": "Gather", "Parent Relationship": "Outer", "Parallel Aware": false, "Async Capable": false, "Startup Cost": 1000.28, "Total Cost": 6370.01, "Plan Rows": 725, "Plan Width": 8, "Actual Rows": 114, "Actual Loops": 1, "Workers Planned": 1, "Workers Launched": 1, "Single Copy": false, "Plans": [{"Node Type": "Nested Loop", "Parent Relationship": "Outer", "Parallel Aware": false, "Async Capable": false, "Join Type": "Inner", "Startup Cost": 0.29, "Total Cost": 5297.51, "Plan Rows": 558.0, "Plan Width": 8, "Actual Rows": 57, "Actual Loops": 2, "Inner Unique": false, "Workers": [], "Plans": [{"Node Type": "Seq Scan", "Parent Relationship": "Outer", "Parallel Aware": true, "Async Capable": false, "Relation Name": "votes", "Alias": "v", "Startup Cost": 0.0, "Total Cost": 5054.68, "Plan Rows": 548, "Plan Width": 4, "Actual Rows": 350, "Actual Loops": 2, "Filter": "((creationdate >= '2013-05-16 16:30:00'::timestamp without time zone) AND (votetypeid = 15))", "Rows Removed by Filter": 163682, "Workers": []}, {"Node Type": "Index Only Scan", "Parent Relationship": "Inner", "Parallel Aware": false, "Async Capable": false, "Scan Direction": "Forward", "Index Name": "idx_postlinks_relatedpostid", "Relation Name": "postlinks", "Alias": "pl", "Startup Cost": 0.29, "Total Cost": 0.42, "Plan Rows": 2, "Plan Width": 4, "Actual Rows": 0, "Actual Loops": 701, "Index Cond": "(relatedpostid = v.postid)", "Rows Removed by Index Recheck": 0, "Heap Fetches": 0, "Workers": []}]}]}]}]}]}, "Planning Time": 6.76, "Triggers": [], "Execution Time": 49.571}, {"Plan": {"Node Type": "Aggregate", "Strategy": "Plain", "Partial Mode": "Simple", "Parallel Aware": false, "Async Capable": false, "Startup Cost": 3147.16, "Total Cost": 3147.17, "Plan Rows": 1, "Plan Width": 8, "Actual Rows": 1, "Actual Loops": 1, "Plans": [{"Node Type": "Nested Loop", "Parent Relationship": "Outer", "Parallel Aware": false, "Async Capable": false, "Join Type": "Inner", "Startup Cost": 1.84, "Total Cost": 3147.0, "Plan Rows": 140.0, "Plan Width": 0, "Actual Rows": 3648, "Actual Loops": 1, "Inner Unique": false, "Plans": [{"Node Type": "Nested Loop", "Parent Relationship": "Outer", "Parallel Aware": false, "Async Capable": false, "Join Type": "Inner", "Startup Cost": 1.55, "Total Cost": 3146.5, "Plan Rows": 8.0, "Plan Width": 4, "Actual Rows": 48, "Actual Loops": 1, "Inner Unique": false, "Join Filter": "(c.postid = p.id)", "Rows Removed by Join Filter": 0, "Plans": [{"Node Type": "Nested Loop", "Parent Relationship": "Outer", "Parallel Aware": false, "Async Capable": false, "Join Type": "Inner", "Startup Cost": 1.13, "Total Cost": 3145.98, "Plan Rows": 19.0, "Plan Width": 16, "Actual Rows": 24, "Actual Loops": 1, "Inner Unique": false, "Join Filter": "(p.id = ph.postid)", "Rows Removed by Join Filter": 0, "Plans": [{"Node Type": "Nested Loop", "Parent Relationship": "Outer", "Parallel Aware": false, "Async Capable": false, "Join Type": "Inner", "Startup Cost": 0.71, "Total Cost": 3145.24, "Plan Rows": 8.0, "Plan Width": 12, "Actual Rows": 4, "Actual Loops": 1, "Inner Unique": false, "Join Filter": "(p.id = v.postid)", "Rows Removed by Join Filter": 0, "Plans": [{"Node Type": "Nested Loop", "Parent Relationship": "Outer", "Parallel Aware": false, "Async Capable": false, "Join Type": "Inner", "Startup Cost": 0.29, "Total Cost": 3143.74, "Plan Rows": 17.0, "Plan Width": 8, "Actual Rows": 4, "Actual Loops": 1, "Inner Unique": false, "Plans": [{"Node Type": "Seq Scan", "Parent Relationship": "Outer", "Parallel Aware": false, "Async Capable": false, "Relation Name": "posts", "Alias": "p", "Startup Cost": 0.0, "Total Cost": 3139.4, "Plan Rows": 1, "Plan Width": 4, "Actual Rows": 1, "Actual Loops": 1, "Filter": "((score <= 83) AND (viewcount <= 97170) AND (answercount >= 56) AND (answercount <= 59) AND (commentcount <= 25) AND (favoritecount >= 22))", "Rows Removed by Filter": 91975}, {"Node Type": "Index Only Scan", "Parent Relationship": "Inner", "Parallel Aware": false, "Async Capable": false, "Scan Direction": "Forward", "Index Name": "idx_postlinks_relatedpostid", "Relation Name": "postlinks", "Alias": "pl", "Startup Cost": 0.29, "Total Cost": 4.32, "Plan Rows": 2, "Plan Width": 4, "Actual Rows": 4, "Actual Loops": 1, "Index Cond": "(relatedpostid = p.id)", "Rows Removed by Index Recheck": 0, "Heap Fetches": 0}]}, {"Node Type": "Index Scan", "Parent Relationship": "Inner", "Parallel Aware": false, "Async Capable": false, "Scan Direction": "Forward", "Index Name": "idx_votes_postid", "Relation Name": "votes", "Alias": "v", "Startup Cost": 0.42, "Total Cost": 1.49, "Plan Rows": 1, "Plan Width": 4, "Actual Rows": 1, "Actual Loops": 4, "Index Cond": "(postid = pl.relatedpostid)", "Rows Removed by Index Recheck": 0, "Filter": "((creationdate >= '2013-05-16 16:30:00'::timestamp without time zone) AND (votetypeid = 15))", "Rows Removed by Filter": 131}]}, {"Node Type": "Index Only Scan", "Parent Relationship": "Inner", "Parallel Aware": false, "Async Capable": false, "Scan Direction": "Forward", "Index Name": "idx_posthistory_postid", "Relation Name": "posthistory", "Alias": "ph", "Startup Cost": 0.42, "Total Cost": 0.69, "Plan Rows": 4, "Plan Width": 4, "Actual Rows": 6, "Actual Loops": 4, "Index Cond": "(postid = pl.relatedpostid)", "Rows Removed by Index Recheck": 0, "Heap Fetches": 0}]}, {"Node Type": "Index Scan", "Parent Relationship": "Inner", "Parallel Aware": false, "Async Capable": false, "Scan Direction": "Forward", "Index Name": "idx_comments_postid", "Relation Name": "comments", "Alias": "c", "Startup Cost": 0.42, "Total Cost": 0.51, "Plan Rows": 1, "Plan Width": 8, "Actual Rows": 2, "Actual Loops": 24, "Index Cond": "(postid = ph.postid)", "Rows Removed by Index Recheck": 0, "Filter": "((creationdate >= '2009-10-29 05:08:38'::timestamp without time zone) AND (creationdate <= '2011-06-05 03:38:42'::timestamp without time zone))", "Rows Removed by Filter": 1}]}, {"Node Type": "Index Scan", "Parent Relationship": "Inner", "Parallel Aware": false, "Async Capable": false, "Scan Direction": "Forward", "Index Name": "idx_badges_userid", "Relation Name": "badges", "Alias": "b", "Startup Cost": 0.29, "Total Cost": 0.48, "Plan Rows": 2, "Plan Width": 4, "Actual Rows": 76, "Actual Loops": 48, "Index Cond": "(userid = c.userid)", "Rows Removed by Index Recheck": 0, "Filter": "(date >= '2012-08-25 07:48:18'::timestamp without time zone)", "Rows Removed by Filter": 113}]}]}, "Planning Time": 5.712, "Triggers": [], "Execution Time": 10.381}, {"Plan": {"Node Type": "Aggregate", "Strategy": "Plain", "Partial Mode": "Simple", "Parallel Aware": false, "Async Capable": false, "Startup Cost": 10222.0, "Total Cost": 10222.01, "Plan Rows": 1, "Plan Width": 8, "Actual Rows": 1, "Actual Loops": 1, "Plans": [{"Node Type": "Nested Loop", "Parent Relationship": "Outer", "Parallel Aware": false, "Async Capable": false, "Join Type": "Inner", "Startup Cost": 1001.42, "Total Cost": 10221.84, "Plan Rows": 140.0, "Plan Width": 0, "Actual Rows": 3648, "Actual Loops": 1, "Inner Unique": false, "Join Filter": "(c.postid = p.id)", "Rows Removed by Join Filter": 6596, "Plans": [{"Node Type": "Seq Scan", "Parent Relationship": "Outer", "Parallel Aware": false, "Async Capable": false, "Relation Name": "posts", "Alias": "p", "Startup Cost": 0.0, "Total Cost": 3139.4, "Plan Rows": 1, "Plan Width": 4, "Actual Rows": 1, "Actual Loops": 1, "Filter": "((score <= 83) AND (viewcount <= 97170) AND (answercount >= 56) AND (answercount <= 59) AND (commentcount <= 25) AND (favoritecount >= 22))", "Rows Removed by Filter": 91975}, {"Node Type": "Nested Loop", "Parent Relationship": "Inner", "Parallel Aware": false, "Async Capable": false, "Join Type": "Inner", "Startup Cost": 1001.42, "Total Cost": 6912.14, "Plan Rows": 13633.0, "Plan Width": 16, "Actual Rows": 10244, "Actual Loops": 1, "Inner Unique": false, "Plans": [{"Node Type": "Nested Loop", "Parent Relationship": "Outer", "Parallel Aware": false, "Async Capable": false, "Join Type": "Inner", "Startup Cost": 1001.13, "Total Cost": 6803.86, "Plan Rows": 843.0, "Plan Width": 20, "Actual Rows": 150, "Actual Loops": 1, "Inner Unique": false, "Plans": [{"Node Type": "Gather", "Parent Relationship": "Outer", "Parallel Aware": false, "Async Capable": false, "Startup Cost": 1000.71, "Total Cost": 6767.22, "Plan Rows": 56, "Plan Width": 16, "Actual Rows": 14, "Actual Loops": 1, "Workers Planned": 1, "Workers Launched": 1, "Single Copy": false, "Plans": [{"Node Type": "Nested Loop", "Parent Relationship": "Outer", "Parallel Aware": false, "Async Capable": false, "Join Type": "Inner", "Startup Cost": 0.71, "Total Cost": 5761.62, "Plan Rows": 293.0, "Plan Width": 16, "Actual Rows": 7, "Actual Loops": 2, "Inner Unique": false, "Workers": [], "Plans": [{"Node Type": "Nested Loop", "Parent Relationship": "Outer", "Parallel Aware": false, "Async Capable": false, "Join Type": "Inner", "Startup Cost": 0.29, "Total Cost": 5297.51, "Plan Rows": 558.0, "Plan Width": 8, "Actual Rows": 57, "Actual Loops": 2, "Inner Unique": false, "Workers": [], "Plans": [{"Node Type": "Seq Scan", "Parent Relationship": "Outer", "Parallel Aware": true, "Async Capable": false, "Relation Name": "votes", "Alias": "v", "Startup Cost": 0.0, "Total Cost": 5054.68, "Plan Rows": 548, "Plan Width": 4, "Actual Rows": 350, "Actual Loops": 2, "Filter": "((creationdate >= '2013-05-16 16:30:00'::timestamp without time zone) AND (votetypeid = 15))", "Rows Removed by Filter": 163682, "Workers": []}, {"Node Type": "Index Only Scan", "Parent Relationship": "Inner", "Parallel Aware": false, "Async Capable": false, "Scan Direction": "Forward", "Index Name": "idx_postlinks_relatedpostid", "Relation Name": "postlinks", "Alias": "pl", "Startup Cost": 0.29, "Total Cost": 0.42, "Plan Rows": 2, "Plan Width": 4, "Actual Rows": 0, "Actual Loops": 701, "Index Cond": "(relatedpostid = v.postid)", "Rows Removed by Index Recheck": 0, "Heap Fetches": 0, "Workers": []}]}, {"Node Type": "Index Scan", "Parent Relationship": "Inner", "Parallel Aware": false, "Async Capable": false, "Scan Direction": "Forward", "Index Name": "idx_comments_postid", "Relation Name": "comments", "Alias": "c", "Startup Cost": 0.42, "Total Cost": 1.08, "Plan Rows": 1, "Plan Width": 8, "Actual Rows": 0, "Actual Loops": 114, "Index Cond": "(postid = pl.relatedpostid)", "Rows Removed by Index Recheck": 0, "Filter": "((creationdate >= '2009-10-29 05:08:38'::timestamp without time zone) AND (creationdate <= '2011-06-05 03:38:42'::timestamp without time zone))", "Rows Removed by Filter": 6, "Workers": []}]}]}, {"Node Type": "Index Only Scan", "Parent Relationship": "Inner", "Parallel Aware": false, "Async Capable": false, "Scan Direction": "Forward", "Index Name": "idx_posthistory_postid", "Relation Name": "posthistory", "Alias": "ph", "Startup Cost": 0.42, "Total Cost": 0.61, "Plan Rows": 4, "Plan Width": 4, "Actual Rows": 11, "Actual Loops": 14, "Index Cond": "(postid = c.postid)", "Rows Removed by Index Recheck": 0, "Heap Fetches": 0}]}, {"Node Type": "Index Scan", "Parent Relationship": "Inner", "Parallel Aware": false, "Async Capable": false, "Scan Direction": "Forward", "Index Name": "idx_badges_userid", "Relation Name": "badges", "Alias": "b", "Startup Cost": 0.29, "Total Cost": 0.48, "Plan Rows": 2, "Plan Width": 4, "Actual Rows": 68, "Actual Loops": 150, "Index Cond": "(userid = c.userid)", "Rows Removed by Index Recheck": 0, "Filter": "(date >= '2012-08-25 07:48:18'::timestamp without time zone)", "Rows Removed by Filter": 82}]}]}]}, "Planning Time": 6.203, "Triggers": [], "Execution Time": 49.85}, {"Plan": {"Node Type": "Aggregate", "Strategy": "Plain", "Partial Mode": "Simple", "Parallel Aware": false, "Async Capable": false, "Startup Cost": 20684.82, "Total Cost": 20684.83, "Plan Rows": 1, "Plan Width": 8, "Actual Rows": 1, "Actual Loops": 1, "Plans": [{"Node Type": "Merge Join", "Parent Relationship": "Outer", "Parallel Aware": false, "Async Capable": false, "Join Type": "Inner", "Startup Cost": 3141.26, "Total Cost": 20684.67, "Plan Rows": 140.0, "Plan Width": 0, "Actual Rows": 3648, "Actual Loops": 1, "Inner Unique": false, "Merge Cond": "(p.id = c.postid)", "Plans": [{"Node Type": "Nested Loop", "Parent Relationship": "Outer", "Parallel Aware": false, "Async Capable": false, "Join Type": "Inner", "Startup Cost": 3140.54, "Total Cost": 3432.24, "Plan Rows": 19.0, "Plan Width": 16, "Actual Rows": 24, "Actual Loops": 1, "Inner Unique": false, "Join Filter": "(p.id = ph.postid)", "Rows Removed by Join Filter": 0, "Plans": [{"Node Type": "Nested Loop", "Parent Relationship": "Outer", "Parallel Aware": false, "Async Capable": false, "Join Type": "Inner", "Startup Cost": 3140.12, "Total Cost": 3431.5, "Plan Rows": 8.0, "Plan Width": 12, "Actual Rows": 4, "Actual Loops": 1, "Inner Unique": false, "Join Filter": "(p.id = v.postid)", "Rows Removed by Join Filter": 0, "Plans": [{"Node Type": "Merge Join", "Parent Relationship": "Outer", "Parallel Aware": false, "Async Capable": false, "Join Type": "Inner", "Startup Cost": 3139.7, "Total Cost": 3430.0, "Plan Rows": 17.0, "Plan Width": 8, "Actual Rows": 4, "Actual Loops": 1, "Inner Unique": true, "Merge Cond": "(pl.relatedpostid = p.id)", "Plans": [{"Node Type": "Index Only Scan", "Parent Relationship": "Outer", "Parallel Aware": false, "Async Capable": false, "Scan Direction": "Forward", "Index Name": "idx_postlinks_relatedpostid", "Relation Name": "postlinks", "Alias": "pl", "Startup Cost": 0.29, "Total Cost": 262.81, "Plan Rows": 11102, "Plan Width": 4, "Actual Rows": 658, "Actual Loops": 1, "Heap Fetches": 0}, {"Node Type": "Sort", "Parent Relationship": "Inner", "Parallel Aware": false, "Async Capable": false, "Startup Cost": 3139.41, "Total Cost": 3139.42, "Plan Rows": 1, "Plan Width": 4, "Actual Rows": 1, "Actual Loops": 1, "Sort Key": ["p.id"], "Sort Method": "quicksort", "Sort Space Used": 25, "Sort Space Type": "Memory", "Plans": [{"Node Type": "Seq Scan", "Parent Relationship": "Outer", "Parallel Aware": false, "Async Capable": false, "Relation Name": "posts", "Alias": "p", "Startup Cost": 0.0, "Total Cost": 3139.4, "Plan Rows": 1, "Plan Width": 4, "Actual Rows": 1, "Actual Loops": 1, "Filter": "((score <= 83) AND (viewcount <= 97170) AND (answercount >= 56) AND (answercount <= 59) AND (commentcount <= 25) AND (favoritecount >= 22))", "Rows Removed by Filter": 91975}]}]}, {"Node Type": "Index Scan", "Parent Relationship": "Inner", "Parallel Aware": false, "Async Capable": false, "Scan Direction": "Forward", "Index Name": "idx_votes_postid", "Relation Name": "votes", "Alias": "v", "Startup Cost": 0.42, "Total Cost": 1.49, "Plan Rows": 1, "Plan Width": 4, "Actual Rows": 1, "Actual Loops": 4, "Index Cond": "(postid = pl.relatedpostid)", "Rows Removed by Index Recheck": 0, "Filter": "((creationdate >= '2013-05-16 16:30:00'::timestamp without time zone) AND (votetypeid = 15))", "Rows Removed by Filter": 131}]}, {"Node Type": "Index Only Scan", "Parent Relationship": "Inner", "Parallel Aware": false, "Async Capable": false, "Scan Direction": "Forward", "Index Name": "idx_posthistory_postid", "Relation Name": "posthistory", "Alias": "ph", "Startup Cost": 0.42, "Total Cost": 0.69, "Plan Rows": 4, "Plan Width": 4, "Actual Rows": 6, "Actual Loops": 4, "Index Cond": "(postid = pl.relatedpostid)", "Rows Removed by Index Recheck": 0, "Heap Fetches": 0}]}, {"Node Type": "Materialize", "Parent Relationship": "Inner", "Parallel Aware": false, "Async Capable": false, "Startup Cost": 0.72, "Total Cost": 14480.57, "Plan Rows": 5868.0, "Plan Width": 4, "Actual Rows": 42466, "Actual Loops": 1, "Plans": [{"Node Type": "Nested Loop", "Parent Relationship": "Outer", "Parallel Aware": false, "Async Capable": false, "Join Type": "Inner", "Startup Cost": 0.72, "Total Cost": 11708.84, "Plan Rows": 5868.0, "Plan Width": 4, "Actual Rows": 38970, "Actual Loops": 1, "Inner Unique": false, "Plans": [{"Node Type": "Index Scan", "Parent Relationship": "Outer", "Parallel Aware": false, "Async Capable": false, "Scan Direction": "Forward", "Index Name": "idx_comments_postid", "Relation Name": "comments", "Alias": "c", "Startup Cost": 0.42, "Total Cost": 6292.76, "Plan Rows": 17577, "Plan Width": 8, "Actual Rows": 1496, "Actual Loops": 1, "Filter": "((creationdate >= '2009-10-29 05:08:38'::timestamp without time zone) AND (creationdate <= '2011-06-05 03:38:42'::timestamp without time zone))", "Rows Removed by Filter": 435}, {"Node Type": "Memoize", "Parent Relationship": "Inner", "Parallel Aware": false, "Async Capable": false, "Startup Cost": 0.3, "Total Cost": 0.49, "Plan Rows": 2, "Plan Width": 4, "Actual Rows": 26, "Actual Loops": 1496, "Cache Key": "c.userid", "Cache Mode": "logical", "Cache Hits": 1256, "Cache Misses": 240, "Cache Evictions": 0, "Cache Overflows": 0, "Peak Memory Usage": 119, "Plans": [{"Node Type": "Index Scan", "Parent Relationship": "Outer", "Parallel Aware": false, "Async Capable": false, "Scan Direction": "Forward", "Index Name": "idx_badges_userid", "Relation Name": "badges", "Alias": "b", "Startup Cost": 0.29, "Total Cost": 0.48, "Plan Rows": 2, "Plan Width": 4, "Actual Rows": 12, "Actual Loops": 240, "Index Cond": "(userid = c.userid)", "Rows Removed by Index Recheck": 0, "Filter": "(date >= '2012-08-25 07:48:18'::timestamp without time zone)", "Rows Removed by Filter": 16}]}]}]}]}]}, "Planning Time": 5.505, "Triggers": [], "Execution Time": 20.824}, {"Plan": {"Node Type": "Aggregate", "Strategy": "Plain", "Partial Mode": "Simple", "Parallel Aware": false, "Async Capable": false, "Startup Cost": 8201.33, "Total Cost": 8201.34, "Plan Rows": 1, "Plan Width": 8, "Actual Rows": 1, "Actual Loops": 1, "Plans": [{"Node Type": "Hash Join", "Parent Relationship": "Outer", "Parallel Aware": false, "Async Capable": false, "Join Type": "Inner", "Startup Cost": 5019.94, "Total Cost": 8201.17, "Plan Rows": 140.0, "Plan Width": 0, "Actual Rows": 3648, "Actual Loops": 1, "Inner Unique": false, "Hash Cond": "(p.id = pl.relatedpostid)", "Plans": [{"Node Type": "Nested Loop", "Parent Relationship": "Outer", "Parallel Aware": false, "Async Capable": false, "Join Type": "Inner", "Startup Cost": 1.14, "Total Cost": 3150.07, "Plan Rows": 37.0, "Plan Width": 12, "Actual Rows": 152, "Actual Loops": 1, "Inner Unique": false, "Plans": [{"Node Type": "Nested Loop", "Parent Relationship": "Outer", "Parallel Aware": false, "Async Capable": false, "Join Type": "Inner", "Startup Cost": 0.84, "Total Cost": 3149.57, "Plan Rows": 3.0, "Plan Width": 16, "Actual Rows": 2, "Actual Loops": 1, "Inner Unique": false, "Join Filter": "(p.id = v.postid)", "Rows Removed by Join Filter": 0, "Plans": [{"Node Type": "Nested Loop", "Parent Relationship": "Outer", "Parallel Aware": false, "Async Capable": false, "Join Type": "Inner", "Startup Cost": 0.42, "Total Cost": 3148.42, "Plan Rows": 4.0, "Plan Width": 12, "Actual Rows": 2, "Actual Loops": 1, "Inner Unique": false, "Plans": [{"Node Type": "Seq Scan", "Parent Relationship": "Outer", "Parallel Aware": false, "Async Capable": false, "Relation Name": "posts", "Alias": "p", "Startup Cost": 0.0, "Total Cost": 3139.4, "Plan Rows": 1, "Plan Width": 4, "Actual Rows": 1, "Actual Loops": 1, "Filter": "((score <= 83) AND (viewcount <= 97170) AND (answercount >= 56) AND (answercount <= 59) AND (commentcount <= 25) AND (favoritecount >= 22))", "Rows Removed by Filter": 91975}, {"Node Type": "Index Scan", "Parent Relationship": "Inner", "Parallel Aware": false, "Async Capable": false, "Scan Direction": "Forward", "Index Name": "idx_comments_postid", "Relation Name": "comments", "Alias": "c", "Startup Cost": 0.42, "Total Cost": 9.01, "Plan Rows": 1, "Plan Width": 8, "Actual Rows": 2, "Actual Loops": 1, "Index Cond": "(postid = p.id)", "Rows Removed by Index Recheck": 0, "Filter": "((creationdate >= '2009-10-29 05:08:38'::timestamp without time zone) AND (creationdate <= '2011-06-05 03:38:42'::timestamp without time zone))", "Rows Removed by Filter": 1}]}, {"Node Type": "Index Scan", "Parent Relationship": "Inner", "Parallel Aware": false, "Async Capable": false, "Scan Direction": "Forward", "Index Name": "idx_votes_postid", "Relation Name": "votes", "Alias": "v", "Startup Cost": 0.42, "Total Cost": 1.14, "Plan Rows": 1, "Plan Width": 4, "Actual Rows": 1, "Actual Loops": 2, "Index Cond": "(postid = c.postid)", "Rows Removed by Index Recheck": 0, "Filter": "((creationdate >= '2013-05-16 16:30:00'::timestamp without time zone) AND (votetypeid = 15))", "Rows Removed by Filter": 131}]}, {"Node Type": "Index Scan", "Parent Relationship": "Inner", "Parallel Aware": false, "Async Capable": false, "Scan Direction": "Forward", "Index Name": "idx_badges_userid", "Relation Name": "badges", "Alias": "b", "Startup Cost": 0.29, "Total Cost": 0.48, "Plan Rows": 2, "Plan Width": 4, "Actual Rows": 76, "Actual Loops": 2, "Index Cond": "(userid = c.userid)", "Rows Removed by Index Recheck": 0, "Filter": "(date >= '2012-08-25 07:48:18'::timestamp without time zone)", "Rows Removed by Filter": 113}]}, {"Node Type": "Hash", "Parent Relationship": "Inner", "Parallel Aware": false, "Async Capable": false, "Startup Cost": 4434.83, "Total Cost": 4434.83, "Plan Rows": 1880.0, "Plan Width": 8, "Actual Rows": 71242, "Actual Loops": 1, "Hash Buckets": 131072, "Original Hash Buckets": 65536, "Hash Batches": 1, "Original Hash Batches": 1, "Peak Memory Usage": 3807, "Plans": [{"Node Type": "Nested Loop", "Parent Relationship": "Outer", "Parallel Aware": false, "Async Capable": false, "Join Type": "Inner", "Startup Cost": 0.43, "Total Cost": 4434.83, "Plan Rows": 1880.0, "Plan Width": 8, "Actual Rows": 71242, "Actual Loops": 1, "Inner Unique": false, "Plans": [{"Node Type": "Seq Scan", "Parent Relationship": "Outer", "Parallel Aware": false, "Async Capable": false, "Relation Name": "postlinks", "Alias": "pl", "Startup Cost": 0.0, "Total Cost": 193.02, "Plan Rows": 11102, "Plan Width": 4, "Actual Rows": 11102, "Actual Loops": 1}, {"Node Type": "Memoize", "Parent Relationship": "Inner", "Parallel Aware": false, "Async Capable": false, "Startup Cost": 0.43, "Total Cost": 0.7, "Plan Rows": 4, "Plan Width": 4, "Actual Rows": 6, "Actual Loops": 11102, "Cache Key": "pl.relatedpostid", "Cache Mode": "logical", "Cache Hits": 5925, "Cache Misses": 5177, "Cache Evictions": 0, "Cache Overflows": 0, "Peak Memory Usage": 1424, "Plans": [{"Node Type": "Index Only Scan", "Parent Relationship": "Outer", "Parallel Aware": false, "Async Capable": false, "Scan Direction": "Forward", "Index Name": "idx_posthistory_postid", "Relation Name": "posthistory", "Alias": "ph", "Startup Cost": 0.42, "Total Cost": 0.69, "Plan Rows": 4, "Plan Width": 4, "Actual Rows": 6, "Actual Loops": 5177, "Index Cond": "(postid = pl.relatedpostid)", "Rows Removed by Index Recheck": 0, "Heap Fetches": 0}]}]}]}]}]}, "Planning Time": 6.205, "Triggers": [], "Execution Time": 62.313}, {"Plan": {"Node Type": "Aggregate", "Strategy": "Plain", "Partial Mode": "Finalize", "Parallel Aware": false, "Async Capable": false, "Startup Cost": 9939.34, "Total Cost": 9939.35, "Plan Rows": 1, "Plan Width": 8, "Actual Rows": 1, "Actual Loops": 1, "Plans": [{"Node Type": "Gather", "Parent Relationship": "Outer", "Parallel Aware": false, "Async Capable": false, "Startup Cost": 9939.22, "Total Cost": 9939.33, "Plan Rows": 1, "Plan Width": 8, "Actual Rows": 2, "Actual Loops": 1, "Workers Planned": 1, "Workers Launched": 1, "Single Copy": false, "Plans": [{"Node Type": "Aggregate", "Strategy": "Plain", "Partial Mode": "Partial", "Parent Relationship": "Outer", "Parallel Aware": false, "Async Capable": false, "Startup Cost": 8939.22, "Total Cost": 8939.23, "Plan Rows": 1, "Plan Width": 8, "Actual Rows": 1, "Actual Loops": 2, "Workers": [], "Plans": [{"Node Type": "Hash Join", "Parent Relationship": "Outer", "Parallel Aware": false, "Async Capable": false, "Join Type": "Inner", "Startup Cost": 3148.97, "Total Cost": 8939.13, "Plan Rows": 140.0, "Plan Width": 0, "Actual Rows": 1824, "Actual Loops": 2, "Inner Unique": false, "Hash Cond": "(c.postid = p.id)", "Workers": [], "Plans": [{"Node Type": "Nested Loop", "Parent Relationship": "Outer", "Parallel Aware": false, "Async Capable": false, "Join Type": "Inner", "Startup Cost": 1.0, "Total Cost": 5778.16, "Plan Rows": 4860.0, "Plan Width": 12, "Actual Rows": 498, "Actual Loops": 2, "Inner Unique": false, "Workers": [], "Plans": [{"Node Type": "Nested Loop", "Parent Relationship": "Outer", "Parallel Aware": false, "Async Capable": false, "Join Type": "Inner", "Startup Cost": 0.71, "Total Cost": 5761.62, "Plan Rows": 293.0, "Plan Width": 16, "Actual Rows": 7, "Actual Loops": 2, "Inner Unique": false, "Workers": [], "Plans": [{"Node Type": "Nested Loop", "Parent Relationship": "Outer", "Parallel Aware": false, "Async Capable": false, "Join Type": "Inner", "Startup Cost": 0.29, "Total Cost": 5297.51, "Plan Rows": 558.0, "Plan Width": 8, "Actual Rows": 57, "Actual Loops": 2, "Inner Unique": false, "Workers": [], "Plans": [{"Node Type": "Seq Scan", "Parent Relationship": "Outer", "Parallel Aware": true, "Async Capable": false, "Relation Name": "votes", "Alias": "v", "Startup Cost": 0.0, "Total Cost": 5054.68, "Plan Rows": 548, "Plan Width": 4, "Actual Rows": 350, "Actual Loops": 2, "Filter": "((creationdate >= '2013-05-16 16:30:00'::timestamp without time zone) AND (votetypeid = 15))", "Rows Removed by Filter": 163682, "Workers": []}, {"Node Type": "Index Only Scan", "Parent Relationship": "Inner", "Parallel Aware": false, "Async Capable": false, "Scan Direction": "Forward", "Index Name": "idx_postlinks_relatedpostid", "Relation Name": "postlinks", "Alias": "pl", "Startup Cost": 0.29, "Total Cost": 0.42, "Plan Rows": 2, "Plan Width": 4, "Actual Rows": 0, "Actual Loops": 701, "Index Cond": "(relatedpostid = v.postid)", "Rows Removed by Index Recheck": 0, "Heap Fetches": 0, "Workers": []}]}, {"Node Type": "Index Scan", "Parent Relationship": "Inner", "Parallel Aware": false, "Async Capable": false, "Scan Direction": "Forward", "Index Name": "idx_comments_postid", "Relation Name": "comments", "Alias": "c", "Startup Cost": 0.42, "Total Cost": 1.08, "Plan Rows": 1, "Plan Width": 8, "Actual Rows": 0, "Actual Loops": 114, "Index Cond": "(postid = pl.relatedpostid)", "Rows Removed by Index Recheck": 0, "Filter": "((creationdate >= '2009-10-29 05:08:38'::timestamp without time zone) AND (creationdate <= '2011-06-05 03:38:42'::timestamp without time zone))", "Rows Removed by Filter": 6, "Workers": []}]}, {"Node Type": "Index Scan", "Parent Relationship": "Inner", "Parallel Aware": false, "Async Capable": false, "Scan Direction": "Forward", "Index Name": "idx_badges_userid", "Relation Name": "badges", "Alias": "b", "Startup Cost": 0.29, "Total Cost": 0.48, "Plan Rows": 2, "Plan Width": 4, "Actual Rows": 71, "Actual Loops": 14, "Index Cond": "(userid = c.userid)", "Rows Removed by Index Recheck": 0, "Filter": "(date >= '2012-08-25 07:48:18'::timestamp without time zone)", "Rows Removed by Filter": 93, "Workers": []}]}, {"Node Type": "Hash", "Parent Relationship": "Inner", "Parallel Aware": false, "Async Capable": false, "Startup Cost": 3147.93, "Total Cost": 3147.93, "Plan Rows": 13.0, "Plan Width": 8, "Actual Rows": 6, "Actual Loops": 2, "Hash Buckets": 1024, "Original Hash Buckets": 1024, "Hash Batches": 1, "Original Hash Batches": 1, "Peak Memory Usage": 9, "Workers": [], "Plans": [{"Node Type": "Nested Loop", "Parent Relationship": "Outer", "Parallel Aware": false, "Async Capable": false, "Join Type": "Inner", "Startup Cost": 0.42, "Total Cost": 3147.93, "Plan Rows": 13.0, "Plan Width": 8, "Actual Rows": 6, "Actual Loops": 2, "Inner Unique": false, "Workers": [], "Plans": [{"Node Type": "Seq Scan", "Parent Relationship": "Outer", "Parallel Aware": false, "Async Capable": false, "Relation Name": "posts", "Alias": "p", "Startup Cost": 0.0, "Total Cost": 3139.4, "Plan Rows": 1, "Plan Width": 4, "Actual Rows": 1, "Actual Loops": 2, "Filter": "((score <= 83) AND (viewcount <= 97170) AND (answercount >= 56) AND (answercount <= 59) AND (commentcount <= 25) AND (favoritecount >= 22))", "Rows Removed by Filter": 91975, "Workers": []}, {"Node Type": "Index Only Scan", "Parent Relationship": "Inner", "Parallel Aware": false, "Async Capable": false, "Scan Direction": "Forward", "Index Name": "idx_posthistory_postid", "Relation Name": "posthistory", "Alias": "ph", "Startup Cost": 0.42, "Total Cost": 8.49, "Plan Rows": 4, "Plan Width": 4, "Actual Rows": 6, "Actual Loops": 2, "Index Cond": "(postid = p.id)", "Rows Removed by Index Recheck": 0, "Heap Fetches": 0, "Workers": []}]}]}]}]}]}]}, "Planning Time": 12.258, "Triggers": [], "Execution Time": 58.531}, {"Plan": {"Node Type": "Aggregate", "Strategy": "Plain", "Partial Mode": "Simple", "Parallel Aware": false, "Async Capable": false, "Startup Cost": 3183.32, "Total Cost": 3183.33, "Plan Rows": 1, "Plan Width": 8, "Actual Rows": 1, "Actual Loops": 1, "Plans": [{"Node Type": "Nested Loop", "Parent Relationship": "Outer", "Parallel Aware": false, "Async Capable": false, "Join Type": "Inner", "Startup Cost": 1.85, "Total Cost": 3183.16, "Plan Rows": 140.0, "Plan Width": 0, "Actual Rows": 3648, "Actual Loops": 1, "Inner Unique": false, "Plans": [{"Node Type": "Nested Loop", "Parent Relationship": "Outer", "Parallel Aware": false, "Async Capable": false, "Join Type": "Inner", "Startup Cost": 1.42, "Total Cost": 3147.0, "Plan Rows": 232.0, "Plan Width": 16, "Actual Rows": 3648, "Actual Loops": 1, "Inner Unique": false, "Plans": [{"Node Type": "Nested Loop", "Parent Relationship": "Outer", "Parallel Aware": false, "Async Capable": false, "Join Type": "Inner", "Startup Cost": 1.13, "Total Cost": 3145.5, "Plan Rows": 17.0, "Plan Width": 20, "Actual Rows": 48, "Actual Loops": 1, "Inner Unique": false, "Join Filter": "(p.id = ph.postid)", "Rows Removed by Join Filter": 0, "Plans": [{"Node Type": "Nested Loop", "Parent Relationship": "Outer", "Parallel Aware": false, "Async Capable": false, "Join Type": "Inner", "Startup Cost": 0.71, "Total Cost": 3144.83, "Plan Rows": 5.0, "Plan Width": 16, "Actual Rows": 8, "Actual Loops": 1, "Inner Unique": false, "Join Filter": "(c.postid = p.id)", "Rows Removed by Join Filter": 0, "Plans": [{"Node Type": "Nested Loop", "Parent Relationship": "Outer", "Parallel Aware": false, "Async Capable": false, "Join Type": "Inner", "Startup Cost": 0.29, "Total Cost": 3143.74, "Plan Rows": 17.0, "Plan Width": 8, "Actual Rows": 4, "Actual Loops": 1, "Inner Unique": false, "Plans": [{"Node Type": "Seq Scan", "Parent Relationship": "Outer", "Parallel Aware": false, "Async Capable": false, "Relation Name": "posts", "Alias": "p", "Startup Cost": 0.0, "Total Cost": 3139.4, "Plan Rows": 1, "Plan Width": 4, "Actual Rows": 1, "Actual Loops": 1, "Filter": "((score <= 83) AND (viewcount <= 97170) AND (answercount >= 56) AND (answercount <= 59) AND (commentcount <= 25) AND (favoritecount >= 22))", "Rows Removed by Filter": 91975}, {"Node Type": "Index Only Scan", "Parent Relationship": "Inner", "Parallel Aware": false, "Async Capable": false, "Scan Direction": "Forward", "Index Name": "idx_postlinks_relatedpostid", "Relation Name": "postlinks", "Alias": "pl", "Startup Cost": 0.29, "Total Cost": 4.32, "Plan Rows": 2, "Plan Width": 4, "Actual Rows": 4, "Actual Loops": 1, "Index Cond": "(relatedpostid = p.id)", "Rows Removed by Index Recheck": 0, "Heap Fetches": 0}]}, {"Node Type": "Index Scan", "Parent Relationship": "Inner", "Parallel Aware": false, "Async Capable": false, "Scan Direction": "Forward", "Index Name": "idx_comments_postid", "Relation Name": "comments", "Alias": "c", "Startup Cost": 0.42, "Total Cost": 1.08, "Plan Rows": 1, "Plan Width": 8, "Actual Rows": 2, "Actual Loops": 4, "Index Cond": "(postid = pl.relatedpostid)", "Rows Removed by Index Recheck": 0, "Filter": "((creationdate >= '2009-10-29 05:08:38'::timestamp without time zone) AND (creationdate <= '2011-06-05 03:38:42'::timestamp without time zone))", "Rows Removed by Filter": 1}]}, {"Node Type": "Index Only Scan", "Parent Relationship": "Inner", "Parallel Aware": false, "Async Capable": false, "Scan Direction": "Forward", "Index Name": "idx_posthistory_postid", "Relation Name": "posthistory", "Alias": "ph", "Startup Cost": 0.42, "Total Cost": 0.61, "Plan Rows": 4, "Plan Width": 4, "Actual Rows": 6, "Actual Loops": 8, "Index Cond": "(postid = c.postid)", "Rows Removed by Index Recheck": 0, "Heap Fetches": 0}]}, {"Node Type": "Index Scan", "Parent Relationship": "Inner", "Parallel Aware": false, "Async Capable": false, "Scan Direction": "Forward", "Index Name": "idx_badges_userid", "Relation Name": "badges", "Alias": "b", "Startup Cost": 0.29, "Total Cost": 0.48, "Plan Rows": 2, "Plan Width": 4, "Actual Rows": 76, "Actual Loops": 48, "Index Cond": "(userid = c.userid)", "Rows Removed by Index Recheck": 0, "Filter": "(date >= '2012-08-25 07:48:18'::timestamp without time zone)", "Rows Removed by Filter": 113}]}, {"Node Type": "Memoize", "Parent Relationship": "Inner", "Parallel Aware": false, "Async Capable": false, "Startup Cost": 0.43, "Total Cost": 15.77, "Plan Rows": 1, "Plan Width": 4, "Actual Rows": 1, "Actual Loops": 3648, "Cache Key": "p.id", "Cache Mode": "logical", "Cache Hits": 3647, "Cache Misses": 1, "Cache Evictions": 0, "Cache Overflows": 0, "Peak Memory Usage": 1, "Plans": [{"Node Type": "Index Scan", "Parent Relationship": "Outer", "Parallel Aware": false, "Async Capable": false, "Scan Direction": "Forward", "Index Name": "idx_votes_postid", "Relation Name": "votes", "Alias": "v", "Startup Cost": 0.42, "Total Cost": 15.76, "Plan Rows": 1, "Plan Width": 4, "Actual Rows": 1, "Actual Loops": 1, "Index Cond": "(postid = p.id)", "Rows Removed by Index Recheck": 0, "Filter": "((creationdate >= '2013-05-16 16:30:00'::timestamp without time zone) AND (votetypeid = 15))", "Rows Removed by Filter": 131}]}]}]}, "Planning Time": 5.52, "Triggers": [], "Execution Time": 10.985}, {"Plan": {"Node Type": "Aggregate", "Strategy": "Plain", "Partial Mode": "Finalize", "Parallel Aware": false, "Async Capable": false, "Startup Cost": 10791.93, "Total Cost": 10791.94, "Plan Rows": 1, "Plan Width": 8, "Actual Rows": 1, "Actual Loops": 1, "Plans": [{"Node Type": "Gather", "Parent Relationship": "Outer", "Parallel Aware": false, "Async Capable": false, "Startup Cost": 10791.82, "Total Cost": 10791.93, "Plan Rows": 1, "Plan Width": 8, "Actual Rows": 2, "Actual Loops": 1, "Workers Planned": 1, "Workers Launched": 1, "Single Copy": false, "Plans": [{"Node Type": "Aggregate", "Strategy": "Plain", "Partial Mode": "Partial", "Parent Relationship": "Outer", "Parallel Aware": false, "Async Capable": false, "Startup Cost": 9791.82, "Total Cost": 9791.83, "Plan Rows": 1, "Plan Width": 8, "Actual Rows": 1, "Actual Loops": 2, "Workers": [], "Plans": [{"Node Type": "Merge Join", "Parent Relationship": "Outer", "Parallel Aware": false, "Async Capable": false, "Join Type": "Inner", "Startup Cost": 9780.73, "Total Cost": 9791.73, "Plan Rows": 140.0, "Plan Width": 0, "Actual Rows": 1824, "Actual Loops": 2, "Inner Unique": false, "Merge Cond": "(ph.postid = p.id)", "Workers": [], "Plans": [{"Node Type": "Sort", "Parent Relationship": "Outer", "Parallel Aware": false, "Async Capable": false, "Startup Cost": 6633.52, "Total Cost": 6638.85, "Plan Rows": 1760.0, "Plan Width": 8, "Actual Rows": 18, "Actual Loops": 2, "Sort Key": ["ph.postid"], "Sort Method": "quicksort", "Sort Space Used": 167, "Sort Space Type": "Memory", "Workers": [{"Worker Number": 0, "Sort Method": "quicksort", "Sort Space Used": 95, "Sort Space Type": "Memory"}], "Plans": [{"Node Type": "Nested Loop", "Parent Relationship": "Outer", "Parallel Aware": false, "Async Capable": false, "Join Type": "Inner", "Startup Cost": 0.42, "Total Cost": 6515.51, "Plan Rows": 1760.0, "Plan Width": 8, "Actual Rows": 1876, "Actual Loops": 2, "Inner Unique": false, "Workers": [], "Plans": [{"Node Type": "Seq Scan", "Parent Relationship": "Outer", "Parallel Aware": true, "Async Capable": false, "Relation Name": "votes", "Alias": "v", "Startup Cost": 0.0, "Total Cost": 5054.68, "Plan Rows": 548, "Plan Width": 4, "Actual Rows": 350, "Actual Loops": 2, "Filter": "((creationdate >= '2013-05-16 16:30:00'::timestamp without time zone) AND (votetypeid = 15))", "Rows Removed by Filter": 163682, "Workers": []}, {"Node Type": "Index Only Scan", "Parent Relationship": "Inner", "Parallel Aware": false, "Async Capable": false, "Scan Direction": "Forward", "Index Name": "idx_posthistory_postid", "Relation Name": "posthistory", "Alias": "ph", "Startup Cost": 0.42, "Total Cost": 2.63, "Plan Rows": 4, "Plan Width": 4, "Actual Rows": 5, "Actual Loops": 701, "Index Cond": "(postid = v.postid)", "Rows Removed by Index Recheck": 0, "Heap Fetches": 0, "Workers": []}]}]}, {"Node Type": "Sort", "Parent Relationship": "Inner", "Parallel Aware": false, "Async Capable": false, "Startup Cost": 3147.22, "Total Cost": 3147.37, "Plan Rows": 114.0, "Plan Width": 12, "Actual Rows": 2126, "Actual Loops": 2, "Sort Key": ["c.postid"], "Sort Method": "quicksort", "Sort Space Used": 48, "Sort Space Type": "Memory", "Workers": [{"Worker Number": 0, "Sort Method": "quicksort", "Sort Space Used": 48, "Sort Space Type": "Memory"}], "Plans": [{"Node Type": "Nested Loop", "Parent Relationship": "Outer", "Parallel Aware": false, "Async Capable": false, "Join Type": "Inner", "Startup Cost": 1.0, "Total Cost": 3145.33, "Plan Rows": 114.0, "Plan Width": 12, "Actual Rows": 608, "Actual Loops": 2, "Inner Unique": false, "Workers": [], "Plans": [{"Node Type": "Nested Loop", "Parent Relationship": "Outer", "Parallel Aware": false, "Async Capable": false, "Join Type": "Inner", "Startup Cost": 0.71, "Total Cost": 3144.83, "Plan Rows": 5.0, "Plan Width": 16, "Actual Rows": 8, "Actual Loops": 2, "Inner Unique": false, "Join Filter": "(c.postid = p.id)", "Rows Removed by Join Filter": 0, "Workers": [], "Plans": [{"Node Type": "Nested Loop", "Parent Relationship": "Outer", "Parallel Aware": false, "Async Capable": false, "Join Type": "Inner", "Startup Cost": 0.29, "Total Cost": 3143.74, "Plan Rows": 17.0, "Plan Width": 8, "Actual Rows": 4, "Actual Loops": 2, "Inner Unique": false, "Workers": [], "Plans": [{"Node Type": "Seq Scan", "Parent Relationship": "Outer", "Parallel Aware": false, "Async Capable": false, "Relation Name": "posts", "Alias": "p", "Startup Cost": 0.0, "Total Cost": 3139.4, "Plan Rows": 1, "Plan Width": 4, "Actual Rows": 1, "Actual Loops": 2, "Filter": "((score <= 83) AND (viewcount <= 97170) AND (answercount >= 56) AND (answercount <= 59) AND (commentcount <= 25) AND (favoritecount >= 22))", "Rows Removed by Filter": 91975, "Workers": []}, {"Node Type": "Index Only Scan", "Parent Relationship": "Inner", "Parallel Aware": false, "Async Capable": false, "Scan Direction": "Forward", "Index Name": "idx_postlinks_relatedpostid", "Relation Name": "postlinks", "Alias": "pl", "Startup Cost": 0.29, "Total Cost": 4.32, "Plan Rows": 2, "Plan Width": 4, "Actual Rows": 4, "Actual Loops": 2, "Index Cond": "(relatedpostid = p.id)", "Rows Removed by Index Recheck": 0, "Heap Fetches": 0, "Workers": []}]}, {"Node Type": "Index Scan", "Parent Relationship": "Inner", "Parallel Aware": false, "Async Capable": false, "Scan Direction": "Forward", "Index Name": "idx_comments_postid", "Relation Name": "comments", "Alias": "c", "Startup Cost": 0.42, "Total Cost": 1.08, "Plan Rows": 1, "Plan Width": 8, "Actual Rows": 2, "Actual Loops": 8, "Index Cond": "(postid = pl.relatedpostid)", "Rows Removed by Index Recheck": 0, "Filter": "((creationdate >= '2009-10-29 05:08:38'::timestamp without time zone) AND (creationdate <= '2011-06-05 03:38:42'::timestamp without time zone))", "Rows Removed by Filter": 1, "Workers": []}]}, {"Node Type": "Index Scan", "Parent Relationship": "Inner", "Parallel Aware": false, "Async Capable": false, "Scan Direction": "Forward", "Index Name": "idx_badges_userid", "Relation Name": "badges", "Alias": "b", "Startup Cost": 0.29, "Total Cost": 0.48, "Plan Rows": 2, "Plan Width": 4, "Actual Rows": 76, "Actual Loops": 16, "Index Cond": "(userid = c.userid)", "Rows Removed by Index Recheck": 0, "Filter": "(date >= '2012-08-25 07:48:18'::timestamp without time zone)", "Rows Removed by Filter": 113, "Workers": []}]}]}]}]}]}]}, "Planning Time": 14.381, "Triggers": [], "Execution Time": 59.609}, {"Plan": {"Node Type": "Aggregate", "Strategy": "Plain", "Partial Mode": "Finalize", "Parallel Aware": false, "Async Capable": false, "Startup Cost": 12043.56, "Total Cost": 12043.57, "Plan Rows": 1, "Plan Width": 8, "Actual Rows": 1, "Actual Loops": 1, "Plans": [{"Node Type": "Gather", "Parent Relationship": "Outer", "Parallel Aware": false, "Async Capable": false, "Startup Cost": 12043.45, "Total Cost": 12043.56, "Plan Rows": 1, "Plan Width": 8, "Actual Rows": 2, "Actual Loops": 1, "Workers Planned": 1, "Workers Launched": 1, "Single Copy": false, "Plans": [{"Node Type": "Aggregate", "Strategy": "Plain", "Partial Mode": "Partial", "Parent Relationship": "Outer", "Parallel Aware": false, "Async Capable": false, "Startup Cost": 11043.45, "Total Cost": 11043.46, "Plan Rows": 1, "Plan Width": 8, "Actual Rows": 1, "Actual Loops": 2, "Workers": [], "Plans": [{"Node Type": "Hash Join", "Parent Relationship": "Outer", "Parallel Aware": false, "Async Capable": false, "Join Type": "Inner", "Startup Cost": 3145.23, "Total Cost": 11043.36, "Plan Rows": 140.0, "Plan Width": 0, "Actual Rows": 1824, "Actual Loops": 2, "Inner Unique": false, "Hash Cond": "(c.postid = p.id)", "Workers": [], "Plans": [{"Node Type": "Nested Loop", "Parent Relationship": "Outer", "Parallel Aware": false, "Async Capable": false, "Join Type": "Inner", "Startup Cost": 0.71, "Total Cost": 7838.08, "Plan Rows": 3394.0, "Plan Width": 8, "Actual Rows": 721, "Actual Loops": 2, "Inner Unique": false, "Workers": [], "Plans": [{"Node Type": "Nested Loop", "Parent Relationship": "Outer", "Parallel Aware": false, "Async Capable": false, "Join Type": "Inner", "Startup Cost": 0.42, "Total Cost": 7760.88, "Plan Rows": 168.0, "Plan Width": 12, "Actual Rows": 18, "Actual Loops": 2, "Inner Unique": false, "Workers": [], "Plans": [{"Node Type": "Seq Scan", "Parent Relationship": "Outer", "Parallel Aware": true, "Async Capable": false, "Relation Name": "votes", "Alias": "v", "Startup Cost": 0.0, "Total Cost": 5054.68, "Plan Rows": 548, "Plan Width": 4, "Actual Rows": 350, "Actual Loops": 2, "Filter": "((creationdate >= '2013-05-16 16:30:00'::timestamp without time zone) AND (votetypeid = 15))", "Rows Removed by Filter": 163682, "Workers": []}, {"Node Type": "Index Scan", "Parent Relationship": "Inner", "Parallel Aware": false, "Async Capable": false, "Scan Direction": "Forward", "Index Name": "idx_comments_postid", "Relation Name": "comments", "Alias": "c", "Startup Cost": 0.42, "Total Cost": 4.93, "Plan Rows": 1, "Plan Width": 8, "Actual Rows": 0, "Actual Loops": 701, "Index Cond": "(postid = v.postid)", "Rows Removed by Index Recheck": 0, "Filter": "((creationdate >= '2009-10-29 05:08:38'::timestamp without time zone) AND (creationdate <= '2011-06-05 03:38:42'::timestamp without time zone))", "Rows Removed by Filter": 4, "Workers": []}]}, {"Node Type": "Index Scan", "Parent Relationship": "Inner", "Parallel Aware": false, "Async Capable": false, "Scan Direction": "Forward", "Index Name": "idx_badges_userid", "Relation Name": "badges", "Alias": "b", "Startup Cost": 0.29, "Total Cost": 0.48, "Plan Rows": 2, "Plan Width": 4, "Actual Rows": 39, "Actual Loops": 37, "Index Cond": "(userid = c.userid)", "Rows Removed by Index Recheck": 0, "Filter": "(date >= '2012-08-25 07:48:18'::timestamp without time zone)", "Rows Removed by Filter": 47, "Workers": []}]}, {"Node Type": "Hash", "Parent Relationship": "Inner", "Parallel Aware": false, "Async Capable": false, "Startup Cost": 3144.48, "Total Cost": 3144.48, "Plan Rows": 22.0, "Plan Width": 12, "Actual Rows": 24, "Actual Loops": 2, "Hash Buckets": 1024, "Original Hash Buckets": 1024, "Hash Batches": 1, "Original Hash Batches": 1, "Peak Memory Usage": 10, "Workers": [], "Plans": [{"Node Type": "Nested Loop", "Parent Relationship": "Outer", "Parallel Aware": false, "Async Capable": false, "Join Type": "Inner", "Startup Cost": 0.71, "Total Cost": 3144.48, "Plan Rows": 22.0, "Plan Width": 12, "Actual Rows": 24, "Actual Loops": 2, "Inner Unique": false, "Join Filter": "(p.id = ph.postid)", "Rows Removed by Join Filter": 0, "Workers": [], "Plans": [{"Node Type": "Nested Loop", "Parent Relationship": "Outer", "Parallel Aware": false, "Async Capable": false, "Join Type": "Inner", "Startup Cost": 0.29, "Total Cost": 3143.74, "Plan Rows": 17.0, "Plan Width": 8, "Actual Rows": 4, "Actual Loops": 2, "Inner Unique": false, "Workers": [], "Plans": [{"Node Type": "Seq Scan", "Parent Relationship": "Outer", "Parallel Aware": false, "Async Capable": false, "Relation Name": "posts", "Alias": "p", "Startup Cost": 0.0, "Total Cost": 3139.4, "Plan Rows": 1, "Plan Width": 4, "Actual Rows": 1, "Actual Loops": 2, "Filter": "((score <= 83) AND (viewcount <= 97170) AND (answercount >= 56) AND (answercount <= 59) AND (commentcount <= 25) AND (favoritecount >= 22))", "Rows Removed by Filter": 91975, "Workers": []}, {"Node Type": "Index Only Scan", "Parent Relationship": "Inner", "Parallel Aware": false, "Async Capable": false, "Scan Direction": "Forward", "Index Name": "idx_postlinks_relatedpostid", "Relation Name": "postlinks", "Alias": "pl", "Startup Cost": 0.29, "Total Cost": 4.32, "Plan Rows": 2, "Plan Width": 4, "Actual Rows": 4, "Actual Loops": 2, "Index Cond": "(relatedpostid = p.id)", "Rows Removed by Index Recheck": 0, "Heap Fetches": 0, "Workers": []}]}, {"Node Type": "Index Only Scan", "Parent Relationship": "Inner", "Parallel Aware": false, "Async Capable": false, "Scan Direction": "Forward", "Index Name": "idx_posthistory_postid", "Relation Name": "posthistory", "Alias": "ph", "Startup Cost": 0.42, "Total Cost": 0.69, "Plan Rows": 4, "Plan Width": 4, "Actual Rows": 6, "Actual Loops": 8, "Index Cond": "(postid = pl.relatedpostid)", "Rows Removed by Index Recheck": 0, "Heap Fetches": 0, "Workers": []}]}]}]}]}]}]}, "Planning Time": 9.517, "Triggers": [], "Execution Time": 64.074}, {"Plan": {"Node Type": "Aggregate", "Strategy": "Plain", "Partial Mode": "Simple", "Parallel Aware": false, "Async Capable": false, "Startup Cost": 11070.01, "Total Cost": 11070.02, "Plan Rows": 1, "Plan Width": 8, "Actual Rows": 1, "Actual Loops": 1, "Plans": [{"Node Type": "Hash Join", "Parent Relationship": "Outer", "Parallel Aware": false, "Async Capable": false, "Join Type": "Inner", "Startup Cost": 7924.55, "Total Cost": 11069.85, "Plan Rows": 140.0, "Plan Width": 0, "Actual Rows": 3648, "Actual Loops": 1, "Inner Unique": false, "Hash Cond": "(p.id = ph.postid)", "Plans": [{"Node Type": "Nested Loop", "Parent Relationship": "Outer", "Parallel Aware": false, "Async Capable": false, "Join Type": "Inner", "Startup Cost": 1.0, "Total Cost": 3145.33, "Plan Rows": 114.0, "Plan Width": 12, "Actual Rows": 608, "Actual Loops": 1, "Inner Unique": false, "Plans": [{"Node Type": "Nested Loop", "Parent Relationship": "Outer", "Parallel Aware": false, "Async Capable": false, "Join Type": "Inner", "Startup Cost": 0.71, "Total Cost": 3144.83, "Plan Rows": 5.0, "Plan Width": 16, "Actual Rows": 8, "Actual Loops": 1, "Inner Unique": false, "Join Filter": "(c.postid = p.id)", "Rows Removed by Join Filter": 0, "Plans": [{"Node Type": "Nested Loop", "Parent Relationship": "Outer", "Parallel Aware": false, "Async Capable": false, "Join Type": "Inner", "Startup Cost": 0.29, "Total Cost": 3143.74, "Plan Rows": 17.0, "Plan Width": 8, "Actual Rows": 4, "Actual Loops": 1, "Inner Unique": false, "Plans": [{"Node Type": "Seq Scan", "Parent Relationship": "Outer", "Parallel Aware": false, "Async Capable": false, "Relation Name": "posts", "Alias": "p", "Startup Cost": 0.0, "Total Cost": 3139.4, "Plan Rows": 1, "Plan Width": 4, "Actual Rows": 1, "Actual Loops": 1, "Filter": "((score <= 83) AND (viewcount <= 97170) AND (answercount >= 56) AND (answercount <= 59) AND (commentcount <= 25) AND (favoritecount >= 22))", "Rows Removed by Filter": 91975}, {"Node Type": "Index Only Scan", "Parent Relationship": "Inner", "Parallel Aware": false, "Async Capable": false, "Scan Direction": "Forward", "Index Name": "idx_postlinks_relatedpostid", "Relation Name": "postlinks", "Alias": "pl", "Startup Cost": 0.29, "Total Cost": 4.32, "Plan Rows": 2, "Plan Width": 4, "Actual Rows": 4, "Actual Loops": 1, "Index Cond": "(relatedpostid = p.id)", "Rows Removed by Index Recheck": 0, "Heap Fetches": 0}]}, {"Node Type": "Index Scan", "Parent Relationship": "Inner", "Parallel Aware": false, "Async Capable": false, "Scan Direction": "Forward", "Index Name": "idx_comments_postid", "Relation Name": "comments", "Alias": "c", "Startup Cost": 0.42, "Total Cost": 1.08, "Plan Rows": 1, "Plan Width": 8, "Actual Rows": 2, "Actual Loops": 4, "Index Cond": "(postid = pl.relatedpostid)", "Rows Removed by Index Recheck": 0, "Filter": "((creationdate >= '2009-10-29 05:08:38'::timestamp without time zone) AND (creationdate <= '2011-06-05 03:38:42'::timestamp without time zone))", "Rows Removed by Filter": 1}]}, {"Node Type": "Index Scan", "Parent Relationship": "Inner", "Parallel Aware": false, "Async Capable": false, "Scan Direction": "Forward", "Index Name": "idx_badges_userid", "Relation Name": "badges", "Alias": "b", "Startup Cost": 0.29, "Total Cost": 0.48, "Plan Rows": 2, "Plan Width": 4, "Actual Rows": 76, "Actual Loops": 8, "Index Cond": "(userid = c.userid)", "Rows Removed by Index Recheck": 0, "Filter": "(date >= '2012-08-25 07:48:18'::timestamp without time zone)", "Rows Removed by Filter": 113}]}, {"Node Type": "Hash", "Parent Relationship": "Inner", "Parallel Aware": false, "Async Capable": false, "Startup Cost": 7878.21, "Total Cost": 7878.21, "Plan Rows": 1760.0, "Plan Width": 8, "Actual Rows": 3753, "Actual Loops": 1, "Hash Buckets": 4096, "Original Hash Buckets": 4096, "Hash Batches": 1, "Original Hash Batches": 1, "Peak Memory Usage": 179, "Plans": [{"Node Type": "Gather", "Parent Relationship": "Outer", "Parallel Aware": false, "Async Capable": false, "Startup Cost": 1000.42, "Total Cost": 7878.21, "Plan Rows": 3627, "Plan Width": 8, "Actual Rows": 3753, "Actual Loops": 1, "Workers Planned": 1, "Workers Launched": 1, "Single Copy": false, "Plans": [{"Node Type": "Nested Loop", "Parent Relationship": "Outer", "Parallel Aware": false, "Async Capable": false, "Join Type": "Inner", "Startup Cost": 0.42, "Total Cost": 6515.51, "Plan Rows": 1760.0, "Plan Width": 8, "Actual Rows": 1876, "Actual Loops": 2, "Inner Unique": false, "Workers": [], "Plans": [{"Node Type": "Seq Scan", "Parent Relationship": "Outer", "Parallel Aware": true, "Async Capable": false, "Relation Name": "votes", "Alias": "v", "Startup Cost": 0.0, "Total Cost": 5054.68, "Plan Rows": 548, "Plan Width": 4, "Actual Rows": 350, "Actual Loops": 2, "Filter": "((creationdate >= '2013-05-16 16:30:00'::timestamp without time zone) AND (votetypeid = 15))", "Rows Removed by Filter": 163682, "Workers": []}, {"Node Type": "Index Only Scan", "Parent Relationship": "Inner", "Parallel Aware": false, "Async Capable": false, "Scan Direction": "Forward", "Index Name": "idx_posthistory_postid", "Relation Name": "posthistory", "Alias": "ph", "Startup Cost": 0.42, "Total Cost": 2.63, "Plan Rows": 4, "Plan Width": 4, "Actual Rows": 5, "Actual Loops": 701, "Index Cond": "(postid = v.postid)", "Rows Removed by Index Recheck": 0, "Heap Fetches": 0, "Workers": []}]}]}]}]}]}, "Planning Time": 5.837, "Triggers": [], "Execution Time": 52.17}]