[{"Plan": {"Node Type": "Aggregate", "Strategy": "Plain", "Partial Mode": "Simple", "Parallel Aware": false, "Async Capable": false, "Startup Cost": 2928.13, "Total Cost": 2928.14, "Plan Rows": 1, "Plan Width": 8, "Actual Rows": 1, "Actual Loops": 1, "Plans": [{"Node Type": "Merge Join", "Parent Relationship": "Outer", "Parallel Aware": false, "Async Capable": false, "Join Type": "Inner", "Startup Cost": 2.3, "Total Cost": 2846.7, "Plan Rows": 1122.0, "Plan Width": 0, "Actual Rows": 78280, "Actual Loops": 1, "Inner Unique": true, "Merge Cond": "(v.userid = u.id)", "Plans": [{"Node Type": "Merge Join", "Parent Relationship": "Outer", "Parallel Aware": false, "Async Capable": false, "Join Type": "Inner", "Startup Cost": 2.01, "Total Cost": 8321.09, "Plan Rows": 2413.0, "Plan Width": 12, "Actual Rows": 2735207, "Actual Loops": 1, "Inner Unique": false, "Merge Cond": "(b.userid = v.userid)", "Plans": [{"Node Type": "Index Scan", "Parent Relationship": "Outer", "Parallel Aware": false, "Async Capable": false, "Scan Direction": "Forward", "Index Name": "idx_badges_userid", "Relation Name": "badges", "Alias": "b", "Startup Cost": 0.29, "Total Cost": 3264.6, "Plan Rows": 39902, "Plan Width": 4, "Actual Rows": 17339, "Actual Loops": 1, "Filter": "((date >= '2013-03-12 15:33:41'::timestamp without time zone) AND (date <= '2014-07-17 15:09:55'::timestamp without time zone))", "Rows Removed by Filter": 35907}, {"Node Type": "Materialize", "Parent Relationship": "Inner", "Parallel Aware": false, "Async Capable": false, "Startup Cost": 0.71, "Total Cost": 9693.31, "Plan Rows": 220.0, "Plan Width": 8, "Actual Rows": 2735813, "Actual Loops": 1, "Plans": [{"Node Type": "Merge Join", "Parent Relationship": "Outer", "Parallel Aware": false, "Async Capable": false, "Join Type": "Inner", "Startup Cost": 0.71, "Total Cost": 9116.23, "Plan Rows": 220.0, "Plan Width": 8, "Actual Rows": 76986, "Actual Loops": 1, "Inner Unique": false, "Merge Cond": "(p.owneruserid = v.userid)", "Plans": [{"Node Type": "Index Scan", "Parent Relationship": "Outer", "Parallel Aware": false, "Async Capable": false, "Scan Direction": "Forward", "Index Name": "idx_posts_owneruserid", "Relation Name": "posts", "Alias": "p", "Startup Cost": 0.29, "Total Cost": 4553.55, "Plan Rows": 39040, "Plan Width": 4, "Actual Rows": 21771, "Actual Loops": 1, "Filter": "((score <= 67) AND (answercount <= 2))", "Rows Removed by Filter": 42724}, {"Node Type": "Materialize", "Parent Relationship": "Inner", "Parallel Aware": false, "Async Capable": false, "Startup Cost": 0.42, "Total Cost": 12596.64, "Plan Rows": 69665, "Plan Width": 4, "Actual Rows": 78416, "Actual Loops": 1, "Plans": [{"Node Type": "Index Scan", "Parent Relationship": "Outer", "Parallel Aware": false, "Async Capable": false, "Scan Direction": "Forward", "Index Name": "idx_votes_userid", "Relation Name": "votes", "Alias": "v", "Startup Cost": 0.42, "Total Cost": 12422.47, "Plan Rows": 69665, "Plan Width": 4, "Actual Rows": 6217, "Actual Loops": 1, "Filter": "(creationdate <= '2011-11-19 08:43:19'::timestamp without time zone)", "Rows Removed by Filter": 28573}]}]}]}]}, {"Node Type": "Index Scan", "Parent Relationship": "Inner", "Parallel Aware": false, "Async Capable": false, "Scan Direction": "Forward", "Index Name": "users_pkey", "Relation Name": "users", "Alias": "u", "Startup Cost": 0.29, "Total Cost": 1457.98, "Plan Rows": 37079, "Plan Width": 4, "Actual Rows": 14468, "Actual Loops": 1, "Filter": "(creationdate >= '2011-06-06 19:54:59'::timestamp without time zone)", "Rows Removed by Filter": 3247}]}]}, "Planning Time": 2.94, "Triggers": [], "Execution Time": 396.039}, {"Plan": {"Node Type": "Aggregate", "Strategy": "Plain", "Partial Mode": "Simple", "Parallel Aware": false, "Async Capable": false, "Startup Cost": 2928.13, "Total Cost": 2928.14, "Plan Rows": 1, "Plan Width": 8, "Actual Rows": 1, "Actual Loops": 1, "Plans": [{"Node Type": "Merge Join", "Parent Relationship": "Outer", "Parallel Aware": false, "Async Capable": false, "Join Type": "Inner", "Startup Cost": 2.3, "Total Cost": 2846.7, "Plan Rows": 1122.0, "Plan Width": 0, "Actual Rows": 78280, "Actual Loops": 1, "Inner Unique": true, "Merge Cond": "(v.userid = u.id)", "Plans": [{"Node Type": "Merge Join", "Parent Relationship": "Outer", "Parallel Aware": false, "Async Capable": false, "Join Type": "Inner", "Startup Cost": 2.01, "Total Cost": 8321.09, "Plan Rows": 2413.0, "Plan Width": 12, "Actual Rows": 2735207, "Actual Loops": 1, "Inner Unique": false, "Merge Cond": "(b.userid = v.userid)", "Plans": [{"Node Type": "Index Scan", "Parent Relationship": "Outer", "Parallel Aware": false, "Async Capable": false, "Scan Direction": "Forward", "Index Name": "idx_badges_userid", "Relation Name": "badges", "Alias": "b", "Startup Cost": 0.29, "Total Cost": 3264.6, "Plan Rows": 39902, "Plan Width": 4, "Actual Rows": 17339, "Actual Loops": 1, "Filter": "((date >= '2013-03-12 15:33:41'::timestamp without time zone) AND (date <= '2014-07-17 15:09:55'::timestamp without time zone))", "Rows Removed by Filter": 35907}, {"Node Type": "Materialize", "Parent Relationship": "Inner", "Parallel Aware": false, "Async Capable": false, "Startup Cost": 0.71, "Total Cost": 9693.31, "Plan Rows": 220.0, "Plan Width": 8, "Actual Rows": 2735813, "Actual Loops": 1, "Plans": [{"Node Type": "Merge Join", "Parent Relationship": "Outer", "Parallel Aware": false, "Async Capable": false, "Join Type": "Inner", "Startup Cost": 0.71, "Total Cost": 9116.23, "Plan Rows": 220.0, "Plan Width": 8, "Actual Rows": 76986, "Actual Loops": 1, "Inner Unique": false, "Merge Cond": "(p.owneruserid = v.userid)", "Plans": [{"Node Type": "Index Scan", "Parent Relationship": "Outer", "Parallel Aware": false, "Async Capable": false, "Scan Direction": "Forward", "Index Name": "idx_posts_owneruserid", "Relation Name": "posts", "Alias": "p", "Startup Cost": 0.29, "Total Cost": 4553.55, "Plan Rows": 39040, "Plan Width": 4, "Actual Rows": 21771, "Actual Loops": 1, "Filter": "((score <= 67) AND (answercount <= 2))", "Rows Removed by Filter": 42724}, {"Node Type": "Materialize", "Parent Relationship": "Inner", "Parallel Aware": false, "Async Capable": false, "Startup Cost": 0.42, "Total Cost": 12596.64, "Plan Rows": 69665, "Plan Width": 4, "Actual Rows": 78416, "Actual Loops": 1, "Plans": [{"Node Type": "Index Scan", "Parent Relationship": "Outer", "Parallel Aware": false, "Async Capable": false, "Scan Direction": "Forward", "Index Name": "idx_votes_userid", "Relation Name": "votes", "Alias": "v", "Startup Cost": 0.42, "Total Cost": 12422.47, "Plan Rows": 69665, "Plan Width": 4, "Actual Rows": 6217, "Actual Loops": 1, "Filter": "(creationdate <= '2011-11-19 08:43:19'::timestamp without time zone)", "Rows Removed by Filter": 28573}]}]}]}]}, {"Node Type": "Index Scan", "Parent Relationship": "Inner", "Parallel Aware": false, "Async Capable": false, "Scan Direction": "Forward", "Index Name": "users_pkey", "Relation Name": "users", "Alias": "u", "Startup Cost": 0.29, "Total Cost": 1457.98, "Plan Rows": 37079, "Plan Width": 4, "Actual Rows": 14468, "Actual Loops": 1, "Filter": "(creationdate >= '2011-06-06 19:54:59'::timestamp without time zone)", "Rows Removed by Filter": 3247}]}]}, "Planning Time": 2.806, "Triggers": [], "Execution Time": 390.164}, {"Plan": {"Node Type": "Aggregate", "Strategy": "Plain", "Partial Mode": "Simple", "Parallel Aware": false, "Async Capable": false, "Startup Cost": 3035.61, "Total Cost": 3035.62, "Plan Rows": 1, "Plan Width": 8, "Actual Rows": 1, "Actual Loops": 1, "Plans": [{"Node Type": "Merge Join", "Parent Relationship": "Outer", "Parallel Aware": false, "Async Capable": false, "Join Type": "Inner", "Startup Cost": 2.11, "Total Cost": 2954.19, "Plan Rows": 1122.0, "Plan Width": 0, "Actual Rows": 78280, "Actual Loops": 1, "Inner Unique": true, "Merge Cond": "(v.userid = u.id)", "Plans": [{"Node Type": "Merge Join", "Parent Relationship": "Outer", "Parallel Aware": false, "Async Capable": false, "Join Type": "Inner", "Startup Cost": 1.82, "Total Cost": 9339.05, "Plan Rows": 2413.0, "Plan Width": 12, "Actual Rows": 2735207, "Actual Loops": 1, "Inner Unique": false, "Merge Cond": "(v.userid = b.userid)", "Plans": [{"Node Type": "Merge Join", "Parent Relationship": "Outer", "Parallel Aware": false, "Async Capable": false, "Join Type": "Inner", "Startup Cost": 0.71, "Total Cost": 9348.53, "Plan Rows": 220.0, "Plan Width": 8, "Actual Rows": 76986, "Actual Loops": 1, "Inner Unique": false, "Merge Cond": "(v.userid = p.owneruserid)", "Plans": [{"Node Type": "Index Scan", "Parent Relationship": "Outer", "Parallel Aware": false, "Async Capable": false, "Scan Direction": "Forward", "Index Name": "idx_votes_userid", "Relation Name": "votes", "Alias": "v", "Startup Cost": 0.42, "Total Cost": 12422.47, "Plan Rows": 69665, "Plan Width": 4, "Actual Rows": 6217, "Actual Loops": 1, "Filter": "(creationdate <= '2011-11-19 08:43:19'::timestamp without time zone)", "Rows Removed by Filter": 28573}, {"Node Type": "Materialize", "Parent Relationship": "Inner", "Parallel Aware": false, "Async Capable": false, "Startup Cost": 0.29, "Total Cost": 4651.15, "Plan Rows": 39040, "Plan Width": 4, "Actual Rows": 95292, "Actual Loops": 1, "Plans": [{"Node Type": "Index Scan", "Parent Relationship": "Outer", "Parallel Aware": false, "Async Capable": false, "Scan Direction": "Forward", "Index Name": "idx_posts_owneruserid", "Relation Name": "posts", "Alias": "p", "Startup Cost": 0.29, "Total Cost": 4553.55, "Plan Rows": 39040, "Plan Width": 4, "Actual Rows": 21771, "Actual Loops": 1, "Filter": "((score <= 67) AND (answercount <= 2))", "Rows Removed by Filter": 42724}]}]}, {"Node Type": "Materialize", "Parent Relationship": "Inner", "Parallel Aware": false, "Async Capable": false, "Startup Cost": 0.29, "Total Cost": 3364.35, "Plan Rows": 39902, "Plan Width": 4, "Actual Rows": 2749789, "Actual Loops": 1, "Plans": [{"Node Type": "Index Scan", "Parent Relationship": "Outer", "Parallel Aware": false, "Async Capable": false, "Scan Direction": "Forward", "Index Name": "idx_badges_userid", "Relation Name": "badges", "Alias": "b", "Startup Cost": 0.29, "Total Cost": 3264.6, "Plan Rows": 39902, "Plan Width": 4, "Actual Rows": 17339, "Actual Loops": 1, "Filter": "((date >= '2013-03-12 15:33:41'::timestamp without time zone) AND (date <= '2014-07-17 15:09:55'::timestamp without time zone))", "Rows Removed by Filter": 35907}]}]}, {"Node Type": "Index Scan", "Parent Relationship": "Inner", "Parallel Aware": false, "Async Capable": false, "Scan Direction": "Forward", "Index Name": "users_pkey", "Relation Name": "users", "Alias": "u", "Startup Cost": 0.29, "Total Cost": 1457.98, "Plan Rows": 37079, "Plan Width": 4, "Actual Rows": 14468, "Actual Loops": 1, "Filter": "(creationdate >= '2011-06-06 19:54:59'::timestamp without time zone)", "Rows Removed by Filter": 3247}]}]}, "Planning Time": 2.828, "Triggers": [], "Execution Time": 356.665}, {"Plan": {"Node Type": "Aggregate", "Strategy": "Plain", "Partial Mode": "Simple", "Parallel Aware": false, "Async Capable": false, "Startup Cost": 4963.57, "Total Cost": 4963.58, "Plan Rows": 1, "Plan Width": 8, "Actual Rows": 1, "Actual Loops": 1, "Plans": [{"Node Type": "Hash Join", "Parent Relationship": "Outer", "Parallel Aware": false, "Async Capable": false, "Join Type": "Inner", "Startup Cost": 2422.39, "Total Cost": 4882.15, "Plan Rows": 1122.0, "Plan Width": 0, "Actual Rows": 78280, "Actual Loops": 1, "Inner Unique": false, "Hash Cond": "(p.owneruserid = u.id)", "Plans": [{"Node Type": "Seq Scan", "Parent Relationship": "Outer", "Parallel Aware": false, "Async Capable": false, "Relation Name": "posts", "Alias": "p", "Startup Cost": 0.0, "Total Cost": 2219.64, "Plan Rows": 39040, "Plan Width": 4, "Actual Rows": 39068, "Actual Loops": 1, "Filter": "((score <= 67) AND (answercount <= 2))", "Rows Removed by Filter": 52908}, {"Node Type": "Hash", "Parent Relationship": "Inner", "Parallel Aware": false, "Async Capable": false, "Startup Cost": 2299.52, "Total Cost": 2299.52, "Plan Rows": 38805.0, "Plan Width": 12, "Actual Rows": 5227, "Actual Loops": 1, "Hash Buckets": 16384, "Original Hash Buckets": 16384, "Hash Batches": 1, "Original Hash Batches": 1, "Peak Memory Usage": 353, "Plans": [{"Node Type": "Merge Join", "Parent Relationship": "Outer", "Parallel Aware": false, "Async Capable": false, "Join Type": "Inner", "Startup Cost": 2.15, "Total Cost": 2299.52, "Plan Rows": 38805.0, "Plan Width": 12, "Actual Rows": 5227, "Actual Loops": 1, "Inner Unique": true, "Merge Cond": "(v.userid = u.id)", "Plans": [{"Node Type": "Merge Join", "Parent Relationship": "Outer", "Parallel Aware": false, "Async Capable": false, "Join Type": "Inner", "Startup Cost": 1.86, "Total Cost": 5883.16, "Plan Rows": 83147.0, "Plan Width": 8, "Actual Rows": 78902, "Actual Loops": 1, "Inner Unique": false, "Merge Cond": "(b.userid = v.userid)", "Plans": [{"Node Type": "Index Scan", "Parent Relationship": "Outer", "Parallel Aware": false, "Async Capable": false, "Scan Direction": "Forward", "Index Name": "idx_badges_userid", "Relation Name": "badges", "Alias": "b", "Startup Cost": 0.29, "Total Cost": 3264.6, "Plan Rows": 39902, "Plan Width": 4, "Actual Rows": 17339, "Actual Loops": 1, "Filter": "((date >= '2013-03-12 15:33:41'::timestamp without time zone) AND (date <= '2014-07-17 15:09:55'::timestamp without time zone))", "Rows Removed by Filter": 35907}, {"Node Type": "Materialize", "Parent Relationship": "Inner", "Parallel Aware": false, "Async Capable": false, "Startup Cost": 0.42, "Total Cost": 12596.64, "Plan Rows": 69665, "Plan Width": 4, "Actual Rows": 80245, "Actual Loops": 1, "Plans": [{"Node Type": "Index Scan", "Parent Relationship": "Outer", "Parallel Aware": false, "Async Capable": false, "Scan Direction": "Forward", "Index Name": "idx_votes_userid", "Relation Name": "votes", "Alias": "v", "Startup Cost": 0.42, "Total Cost": 12422.47, "Plan Rows": 69665, "Plan Width": 4, "Actual Rows": 6217, "Actual Loops": 1, "Filter": "(creationdate <= '2011-11-19 08:43:19'::timestamp without time zone)", "Rows Removed by Filter": 28573}]}]}, {"Node Type": "Index Scan", "Parent Relationship": "Inner", "Parallel Aware": false, "Async Capable": false, "Scan Direction": "Forward", "Index Name": "users_pkey", "Relation Name": "users", "Alias": "u", "Startup Cost": 0.29, "Total Cost": 1457.98, "Plan Rows": 37079, "Plan Width": 4, "Actual Rows": 14468, "Actual Loops": 1, "Filter": "(creationdate >= '2011-06-06 19:54:59'::timestamp without time zone)", "Rows Removed by Filter": 3247}]}]}]}]}, "Planning Time": 2.786, "Triggers": [], "Execution Time": 106.661}, {"Plan": {"Node Type": "Aggregate", "Strategy": "Plain", "Partial Mode": "Simple", "Parallel Aware": false, "Async Capable": false, "Startup Cost": 6763.93, "Total Cost": 6763.94, "Plan Rows": 1, "Plan Width": 8, "Actual Rows": 1, "Actual Loops": 1, "Plans": [{"Node Type": "Merge Join", "Parent Relationship": "Outer", "Parallel Aware": false, "Async Capable": false, "Join Type": "Inner", "Startup Cost": 1.38, "Total Cost": 6682.51, "Plan Rows": 1122.0, "Plan Width": 0, "Actual Rows": 78280, "Actual Loops": 1, "Inner Unique": false, "Merge Cond": "(u.id = v.userid)", "Plans": [{"Node Type": "Merge Join", "Parent Relationship": "Outer", "Parallel Aware": false, "Async Capable": false, "Join Type": "Inner", "Startup Cost": 0.67, "Total Cost": 5281.88, "Plan Rows": 4457.0, "Plan Width": 8, "Actual Rows": 12405, "Actual Loops": 1, "Inner Unique": true, "Merge Cond": "(b.userid = u.id)", "Plans": [{"Node Type": "Index Scan", "Parent Relationship": "Outer", "Parallel Aware": false, "Async Capable": false, "Scan Direction": "Forward", "Index Name": "idx_badges_userid", "Relation Name": "badges", "Alias": "b", "Startup Cost": 0.29, "Total Cost": 3264.6, "Plan Rows": 39902, "Plan Width": 4, "Actual Rows": 17339, "Actual Loops": 1, "Filter": "((date >= '2013-03-12 15:33:41'::timestamp without time zone) AND (date <= '2014-07-17 15:09:55'::timestamp without time zone))", "Rows Removed by Filter": 35907}, {"Node Type": "Index Scan", "Parent Relationship": "Inner", "Parallel Aware": false, "Async Capable": false, "Scan Direction": "Forward", "Index Name": "users_pkey", "Relation Name": "users", "Alias": "u", "Startup Cost": 0.29, "Total Cost": 1457.98, "Plan Rows": 37079, "Plan Width": 4, "Actual Rows": 14471, "Actual Loops": 1, "Filter": "(creationdate >= '2011-06-06 19:54:59'::timestamp without time zone)", "Rows Removed by Filter": 3247}]}, {"Node Type": "Materialize", "Parent Relationship": "Inner", "Parallel Aware": false, "Async Capable": false, "Startup Cost": 0.71, "Total Cost": 9693.31, "Plan Rows": 220.0, "Plan Width": 8, "Actual Rows": 147555, "Actual Loops": 1, "Plans": [{"Node Type": "Merge Join", "Parent Relationship": "Outer", "Parallel Aware": false, "Async Capable": false, "Join Type": "Inner", "Startup Cost": 0.71, "Total Cost": 9116.23, "Plan Rows": 220.0, "Plan Width": 8, "Actual Rows": 76986, "Actual Loops": 1, "Inner Unique": false, "Merge Cond": "(p.owneruserid = v.userid)", "Plans": [{"Node Type": "Index Scan", "Parent Relationship": "Outer", "Parallel Aware": false, "Async Capable": false, "Scan Direction": "Forward", "Index Name": "idx_posts_owneruserid", "Relation Name": "posts", "Alias": "p", "Startup Cost": 0.29, "Total Cost": 4553.55, "Plan Rows": 39040, "Plan Width": 4, "Actual Rows": 21771, "Actual Loops": 1, "Filter": "((score <= 67) AND (answercount <= 2))", "Rows Removed by Filter": 42724}, {"Node Type": "Materialize", "Parent Relationship": "Inner", "Parallel Aware": false, "Async Capable": false, "Startup Cost": 0.42, "Total Cost": 12596.64, "Plan Rows": 69665, "Plan Width": 4, "Actual Rows": 78416, "Actual Loops": 1, "Plans": [{"Node Type": "Index Scan", "Parent Relationship": "Outer", "Parallel Aware": false, "Async Capable": false, "Scan Direction": "Forward", "Index Name": "idx_votes_userid", "Relation Name": "votes", "Alias": "v", "Startup Cost": 0.42, "Total Cost": 12422.47, "Plan Rows": 69665, "Plan Width": 4, "Actual Rows": 6217, "Actual Loops": 1, "Filter": "(creationdate <= '2011-11-19 08:43:19'::timestamp without time zone)", "Rows Removed by Filter": 28573}]}]}]}]}]}, "Planning Time": 2.757, "Triggers": [], "Execution Time": 140.206}, {"Plan": {"Node Type": "Aggregate", "Strategy": "Plain", "Partial Mode": "Simple", "Parallel Aware": false, "Async Capable": false, "Startup Cost": 7286.8, "Total Cost": 7286.81, "Plan Rows": 1, "Plan Width": 8, "Actual Rows": 1, "Actual Loops": 1, "Plans": [{"Node Type": "Merge Join", "Parent Relationship": "Outer", "Parallel Aware": false, "Async Capable": false, "Join Type": "Inner", "Startup Cost": 6259.47, "Total Cost": 7205.38, "Plan Rows": 1122.0, "Plan Width": 0, "Actual Rows": 78280, "Actual Loops": 1, "Inner Unique": false, "Merge Cond": "(u.id = v.userid)", "Plans": [{"Node Type": "Sort", "Parent Relationship": "Outer", "Parallel Aware": false, "Async Capable": false, "Startup Cost": 6257.6, "Total Cost": 6345.99, "Plan Rows": 10.0, "Plan Width": 8, "Actual Rows": 16348, "Actual Loops": 1, "Sort Key": ["p.owneruserid"], "Sort Method": "quicksort", "Sort Space Used": 2568, "Sort Space Type": "Memory", "Plans": [{"Node Type": "Hash Join", "Parent Relationship": "Outer", "Parallel Aware": false, "Async Capable": false, "Join Type": "Inner", "Startup Cost": 1264.55, "Total Cost": 3586.68, "Plan Rows": 10.0, "Plan Width": 8, "Actual Rows": 33020, "Actual Loops": 1, "Inner Unique": true, "Hash Cond": "(p.owneruserid = u.id)", "Plans": [{"Node Type": "Seq Scan", "Parent Relationship": "Outer", "Parallel Aware": false, "Async Capable": false, "Relation Name": "posts", "Alias": "p", "Startup Cost": 0.0, "Total Cost": 2219.64, "Plan Rows": 39040, "Plan Width": 4, "Actual Rows": 39068, "Actual Loops": 1, "Filter": "((score <= 67) AND (answercount <= 2))", "Rows Removed by Filter": 52908}, {"Node Type": "Hash", "Parent Relationship": "Inner", "Parallel Aware": false, "Async Capable": false, "Startup Cost": 801.06, "Total Cost": 801.06, "Plan Rows": 37079, "Plan Width": 4, "Actual Rows": 37077, "Actual Loops": 1, "Hash Buckets": 65536, "Original Hash Buckets": 65536, "Hash Batches": 1, "Original Hash Batches": 1, "Peak Memory Usage": 1816, "Plans": [{"Node Type": "Seq Scan", "Parent Relationship": "Outer", "Parallel Aware": false, "Async Capable": false, "Relation Name": "users", "Alias": "u", "Startup Cost": 0.0, "Total Cost": 801.06, "Plan Rows": 37079, "Plan Width": 4, "Actual Rows": 37077, "Actual Loops": 1, "Filter": "(creationdate >= '2011-06-06 19:54:59'::timestamp without time zone)", "Rows Removed by Filter": 3248}]}]}]}, {"Node Type": "Materialize", "Parent Relationship": "Inner", "Parallel Aware": false, "Async Capable": false, "Startup Cost": 1.86, "Total Cost": 6135.87, "Plan Rows": 83147.0, "Plan Width": 8, "Actual Rows": 152623, "Actual Loops": 1, "Plans": [{"Node Type": "Merge Join", "Parent Relationship": "Outer", "Parallel Aware": false, "Async Capable": false, "Join Type": "Inner", "Startup Cost": 1.86, "Total Cost": 5883.16, "Plan Rows": 83147.0, "Plan Width": 8, "Actual Rows": 78902, "Actual Loops": 1, "Inner Unique": false, "Merge Cond": "(b.userid = v.userid)", "Plans": [{"Node Type": "Index Scan", "Parent Relationship": "Outer", "Parallel Aware": false, "Async Capable": false, "Scan Direction": "Forward", "Index Name": "idx_badges_userid", "Relation Name": "badges", "Alias": "b", "Startup Cost": 0.29, "Total Cost": 3264.6, "Plan Rows": 39902, "Plan Width": 4, "Actual Rows": 17339, "Actual Loops": 1, "Filter": "((date >= '2013-03-12 15:33:41'::timestamp without time zone) AND (date <= '2014-07-17 15:09:55'::timestamp without time zone))", "Rows Removed by Filter": 35907}, {"Node Type": "Materialize", "Parent Relationship": "Inner", "Parallel Aware": false, "Async Capable": false, "Startup Cost": 0.42, "Total Cost": 12596.64, "Plan Rows": 69665, "Plan Width": 4, "Actual Rows": 80245, "Actual Loops": 1, "Plans": [{"Node Type": "Index Scan", "Parent Relationship": "Outer", "Parallel Aware": false, "Async Capable": false, "Scan Direction": "Forward", "Index Name": "idx_votes_userid", "Relation Name": "votes", "Alias": "v", "Startup Cost": 0.42, "Total Cost": 12422.47, "Plan Rows": 69665, "Plan Width": 4, "Actual Rows": 6217, "Actual Loops": 1, "Filter": "(creationdate <= '2011-11-19 08:43:19'::timestamp without time zone)", "Rows Removed by Filter": 28573}]}]}]}]}]}, "Planning Time": 2.874, "Triggers": [], "Execution Time": 175.305}, {"Plan": {"Node Type": "Aggregate", "Strategy": "Plain", "Partial Mode": "Simple", "Parallel Aware": false, "Async Capable": false, "Startup Cost": 19138.44, "Total Cost": 19138.45, "Plan Rows": 1, "Plan Width": 8, "Actual Rows": 1, "Actual Loops": 1, "Plans": [{"Node Type": "Hash Join", "Parent Relationship": "Outer", "Parallel Aware": false, "Async Capable": false, "Join Type": "Inner", "Startup Cost": 3035.85, "Total Cost": 19057.02, "Plan Rows": 1122.0, "Plan Width": 0, "Actual Rows": 78280, "Actual Loops": 1, "Inner Unique": false, "Hash Cond": "(p.owneruserid = u.id)", "Plans": [{"Node Type": "Nested Loop", "Parent Relationship": "Outer", "Parallel Aware": false, "Async Capable": false, "Join Type": "Inner", "Startup Cost": 0.3, "Total Cost": 11961.75, "Plan Rows": 273.0, "Plan Width": 8, "Actual Rows": 184479, "Actual Loops": 1, "Inner Unique": false, "Plans": [{"Node Type": "Seq Scan", "Parent Relationship": "Outer", "Parallel Aware": false, "Async Capable": false, "Relation Name": "posts", "Alias": "p", "Startup Cost": 0.0, "Total Cost": 2219.64, "Plan Rows": 39040, "Plan Width": 4, "Actual Rows": 39068, "Actual Loops": 1, "Filter": "((score <= 67) AND (answercount <= 2))", "Rows Removed by Filter": 52908}, {"Node Type": "Memoize", "Parent Relationship": "Inner", "Parallel Aware": false, "Async Capable": false, "Startup Cost": 0.3, "Total Cost": 0.43, "Plan Rows": 2, "Plan Width": 4, "Actual Rows": 5, "Actual Loops": 39068, "Cache Key": "p.owneruserid", "Cache Mode": "logical", "Cache Hits": 21146, "Cache Misses": 17922, "Cache Evictions": 0, "Cache Overflows": 0, "Peak Memory Usage": 2300, "Plans": [{"Node Type": "Index Scan", "Parent Relationship": "Outer", "Parallel Aware": false, "Async Capable": false, "Scan Direction": "Forward", "Index Name": "idx_badges_userid", "Relation Name": "badges", "Alias": "b", "Startup Cost": 0.29, "Total Cost": 0.42, "Plan Rows": 2, "Plan Width": 4, "Actual Rows": 2, "Actual Loops": 17922, "Index Cond": "(userid = p.owneruserid)", "Rows Removed by Index Recheck": 0, "Filter": "((date >= '2013-03-12 15:33:41'::timestamp without time zone) AND (date <= '2014-07-17 15:09:55'::timestamp without time zone))", "Rows Removed by Filter": 2}]}]}, {"Node Type": "Hash", "Parent Relationship": "Inner", "Parallel Aware": false, "Async Capable": false, "Startup Cost": 2950.87, "Total Cost": 2950.87, "Plan Rows": 3135.0, "Plan Width": 8, "Actual Rows": 1029, "Actual Loops": 1, "Hash Buckets": 8192, "Original Hash Buckets": 8192, "Hash Batches": 1, "Original Hash Batches": 1, "Peak Memory Usage": 105, "Plans": [{"Node Type": "Merge Join", "Parent Relationship": "Outer", "Parallel Aware": false, "Async Capable": false, "Join Type": "Inner", "Startup Cost": 0.71, "Total Cost": 2950.87, "Plan Rows": 3135.0, "Plan Width": 8, "Actual Rows": 1029, "Actual Loops": 1, "Inner Unique": true, "Merge Cond": "(v.userid = u.id)", "Plans": [{"Node Type": "Index Scan", "Parent Relationship": "Outer", "Parallel Aware": false, "Async Capable": false, "Scan Direction": "Forward", "Index Name": "idx_votes_userid", "Relation Name": "votes", "Alias": "v", "Startup Cost": 0.42, "Total Cost": 12422.47, "Plan Rows": 69665, "Plan Width": 4, "Actual Rows": 6217, "Actual Loops": 1, "Filter": "(creationdate <= '2011-11-19 08:43:19'::timestamp without time zone)", "Rows Removed by Filter": 28573}, {"Node Type": "Index Scan", "Parent Relationship": "Inner", "Parallel Aware": false, "Async Capable": false, "Scan Direction": "Forward", "Index Name": "users_pkey", "Relation Name": "users", "Alias": "u", "Startup Cost": 0.29, "Total Cost": 1457.98, "Plan Rows": 37079, "Plan Width": 4, "Actual Rows": 14468, "Actual Loops": 1, "Filter": "(creationdate >= '2011-06-06 19:54:59'::timestamp without time zone)", "Rows Removed by Filter": 3247}]}]}]}]}, "Planning Time": 3.016, "Triggers": [], "Execution Time": 188.501}, {"Plan": {"Node Type": "Aggregate", "Strategy": "Plain", "Partial Mode": "Simple", "Parallel Aware": false, "Async Capable": false, "Startup Cost": 5164.43, "Total Cost": 5164.44, "Plan Rows": 1, "Plan Width": 8, "Actual Rows": 1, "Actual Loops": 1, "Plans": [{"Node Type": "Hash Join", "Parent Relationship": "Outer", "Parallel Aware": false, "Async Capable": false, "Join Type": "Inner", "Startup Cost": 3081.49, "Total Cost": 5083.01, "Plan Rows": 1122.0, "Plan Width": 0, "Actual Rows": 78280, "Actual Loops": 1, "Inner Unique": false, "Hash Cond": "(b.userid = u.id)", "Plans": [{"Node Type": "Seq Scan", "Parent Relationship": "Outer", "Parallel Aware": false, "Async Capable": false, "Relation Name": "badges", "Alias": "b", "Startup Cost": 0.0, "Total Cost": 1629.76, "Plan Rows": 39902, "Plan Width": 4, "Actual Rows": 39895, "Actual Loops": 1, "Filter": "((date >= '2013-03-12 15:33:41'::timestamp without time zone) AND (date <= '2014-07-17 15:09:55'::timestamp without time zone))", "Rows Removed by Filter": 39956}, {"Node Type": "Hash", "Parent Relationship": "Inner", "Parallel Aware": false, "Async Capable": false, "Startup Cost": 2800.9, "Total Cost": 2800.9, "Plan Rows": 80.0, "Plan Width": 12, "Actual Rows": 7918, "Actual Loops": 1, "Hash Buckets": 32768, "Original Hash Buckets": 32768, "Hash Batches": 1, "Original Hash Batches": 1, "Peak Memory Usage": 597, "Plans": [{"Node Type": "Merge Join", "Parent Relationship": "Outer", "Parallel Aware": false, "Async Capable": false, "Join Type": "Inner", "Startup Cost": 1.0, "Total Cost": 2800.9, "Plan Rows": 80.0, "Plan Width": 12, "Actual Rows": 7918, "Actual Loops": 1, "Inner Unique": true, "Merge Cond": "(v.userid = u.id)", "Plans": [{"Node Type": "Merge Join", "Parent Relationship": "Outer", "Parallel Aware": false, "Async Capable": false, "Join Type": "Inner", "Startup Cost": 0.71, "Total Cost": 9116.23, "Plan Rows": 220.0, "Plan Width": 8, "Actual Rows": 76986, "Actual Loops": 1, "Inner Unique": false, "Merge Cond": "(p.owneruserid = v.userid)", "Plans": [{"Node Type": "Index Scan", "Parent Relationship": "Outer", "Parallel Aware": false, "Async Capable": false, "Scan Direction": "Forward", "Index Name": "idx_posts_owneruserid", "Relation Name": "posts", "Alias": "p", "Startup Cost": 0.29, "Total Cost": 4553.55, "Plan Rows": 39040, "Plan Width": 4, "Actual Rows": 21771, "Actual Loops": 1, "Filter": "((score <= 67) AND (answercount <= 2))", "Rows Removed by Filter": 42724}, {"Node Type": "Materialize", "Parent Relationship": "Inner", "Parallel Aware": false, "Async Capable": false, "Startup Cost": 0.42, "Total Cost": 12596.64, "Plan Rows": 69665, "Plan Width": 4, "Actual Rows": 78416, "Actual Loops": 1, "Plans": [{"Node Type": "Index Scan", "Parent Relationship": "Outer", "Parallel Aware": false, "Async Capable": false, "Scan Direction": "Forward", "Index Name": "idx_votes_userid", "Relation Name": "votes", "Alias": "v", "Startup Cost": 0.42, "Total Cost": 12422.47, "Plan Rows": 69665, "Plan Width": 4, "Actual Rows": 6217, "Actual Loops": 1, "Filter": "(creationdate <= '2011-11-19 08:43:19'::timestamp without time zone)", "Rows Removed by Filter": 28573}]}]}, {"Node Type": "Index Scan", "Parent Relationship": "Inner", "Parallel Aware": false, "Async Capable": false, "Scan Direction": "Forward", "Index Name": "users_pkey", "Relation Name": "users", "Alias": "u", "Startup Cost": 0.29, "Total Cost": 1457.98, "Plan Rows": 37079, "Plan Width": 4, "Actual Rows": 14468, "Actual Loops": 1, "Filter": "(creationdate >= '2011-06-06 19:54:59'::timestamp without time zone)", "Rows Removed by Filter": 3247}]}]}]}]}, "Planning Time": 2.862, "Triggers": [], "Execution Time": 118.948}, {"Plan": {"Node Type": "Aggregate", "Strategy": "Plain", "Partial Mode": "Simple", "Parallel Aware": false, "Async Capable": false, "Startup Cost": 22070.39, "Total Cost": 22070.4, "Plan Rows": 1, "Plan Width": 8, "Actual Rows": 1, "Actual Loops": 1, "Plans": [{"Node Type": "Merge Join", "Parent Relationship": "Outer", "Parallel Aware": false, "Async Capable": false, "Join Type": "Inner", "Startup Cost": 1.31, "Total Cost": 21988.97, "Plan Rows": 1122.0, "Plan Width": 0, "Actual Rows": 78280, "Actual Loops": 1, "Inner Unique": false, "Merge Cond": "(u.id = p.owneruserid)", "Plans": [{"Node Type": "Merge Join", "Parent Relationship": "Outer", "Parallel Aware": false, "Async Capable": false, "Join Type": "Inner", "Startup Cost": 0.71, "Total Cost": 2950.87, "Plan Rows": 3135.0, "Plan Width": 8, "Actual Rows": 1029, "Actual Loops": 1, "Inner Unique": true, "Merge Cond": "(v.userid = u.id)", "Plans": [{"Node Type": "Index Scan", "Parent Relationship": "Outer", "Parallel Aware": false, "Async Capable": false, "Scan Direction": "Forward", "Index Name": "idx_votes_userid", "Relation Name": "votes", "Alias": "v", "Startup Cost": 0.42, "Total Cost": 12422.47, "Plan Rows": 69665, "Plan Width": 4, "Actual Rows": 6217, "Actual Loops": 1, "Filter": "(creationdate <= '2011-11-19 08:43:19'::timestamp without time zone)", "Rows Removed by Filter": 28573}, {"Node Type": "Index Scan", "Parent Relationship": "Inner", "Parallel Aware": false, "Async Capable": false, "Scan Direction": "Forward", "Index Name": "users_pkey", "Relation Name": "users", "Alias": "u", "Startup Cost": 0.29, "Total Cost": 1457.98, "Plan Rows": 37079, "Plan Width": 4, "Actual Rows": 14468, "Actual Loops": 1, "Filter": "(creationdate >= '2011-06-06 19:54:59'::timestamp without time zone)", "Rows Removed by Filter": 3247}]}, {"Node Type": "Materialize", "Parent Relationship": "Inner", "Parallel Aware": false, "Async Capable": false, "Startup Cost": 0.59, "Total Cost": 16173.62, "Plan Rows": 273.0, "Plan Width": 8, "Actual Rows": 198759, "Actual Loops": 1, "Plans": [{"Node Type": "Nested Loop", "Parent Relationship": "Outer", "Parallel Aware": false, "Async Capable": false, "Join Type": "Inner", "Startup Cost": 0.59, "Total Cost": 14295.66, "Plan Rows": 273.0, "Plan Width": 8, "Actual Rows": 129139, "Actual Loops": 1, "Inner Unique": false, "Plans": [{"Node Type": "Index Scan", "Parent Relationship": "Outer", "Parallel Aware": false, "Async Capable": false, "Scan Direction": "Forward", "Index Name": "idx_posts_owneruserid", "Relation Name": "posts", "Alias": "p", "Startup Cost": 0.29, "Total Cost": 4553.55, "Plan Rows": 39040, "Plan Width": 4, "Actual Rows": 21772, "Actual Loops": 1, "Filter": "((score <= 67) AND (answercount <= 2))", "Rows Removed by Filter": 42734}, {"Node Type": "Memoize", "Parent Relationship": "Inner", "Parallel Aware": false, "Async Capable": false, "Startup Cost": 0.3, "Total Cost": 0.43, "Plan Rows": 2, "Plan Width": 4, "Actual Rows": 6, "Actual Loops": 21772, "Cache Key": "p.owneruserid", "Cache Mode": "logical", "Cache Hits": 13519, "Cache Misses": 8253, "Cache Evictions": 0, "Cache Overflows": 0, "Peak Memory Usage": 1053, "Plans": [{"Node Type": "Index Scan", "Parent Relationship": "Outer", "Parallel Aware": false, "Async Capable": false, "Scan Direction": "Forward", "Index Name": "idx_badges_userid", "Relation Name": "badges", "Alias": "b", "Startup Cost": 0.29, "Total Cost": 0.42, "Plan Rows": 2, "Plan Width": 4, "Actual Rows": 2, "Actual Loops": 8253, "Index Cond": "(userid = p.owneruserid)", "Rows Removed by Index Recheck": 0, "Filter": "((date >= '2013-03-12 15:33:41'::timestamp without time zone) AND (date <= '2014-07-17 15:09:55'::timestamp without time zone))", "Rows Removed by Filter": 3}]}]}]}]}]}, "Planning Time": 2.969, "Triggers": [], "Execution Time": 176.895}, {"Plan": {"Node Type": "Aggregate", "Strategy": "Plain", "Partial Mode": "Simple", "Parallel Aware": false, "Async Capable": false, "Startup Cost": 4554.78, "Total Cost": 4554.79, "Plan Rows": 1, "Plan Width": 8, "Actual Rows": 1, "Actual Loops": 1, "Plans": [{"Node Type": "Nested Loop", "Parent Relationship": "Outer", "Parallel Aware": false, "Async Capable": false, "Join Type": "Inner", "Startup Cost": 2.46, "Total Cost": 4473.35, "Plan Rows": 1122.0, "Plan Width": 0, "Actual Rows": 78280, "Actual Loops": 1, "Inner Unique": false, "Join Filter": "(p.owneruserid = u.id)", "Rows Removed by Join Filter": 0, "Plans": [{"Node Type": "Merge Join", "Parent Relationship": "Outer", "Parallel Aware": false, "Async Capable": false, "Join Type": "Inner", "Startup Cost": 2.15, "Total Cost": 2299.52, "Plan Rows": 38805.0, "Plan Width": 12, "Actual Rows": 5227, "Actual Loops": 1, "Inner Unique": true, "Merge Cond": "(v.userid = u.id)", "Plans": [{"Node Type": "Merge Join", "Parent Relationship": "Outer", "Parallel Aware": false, "Async Capable": false, "Join Type": "Inner", "Startup Cost": 1.86, "Total Cost": 5883.16, "Plan Rows": 83147.0, "Plan Width": 8, "Actual Rows": 78902, "Actual Loops": 1, "Inner Unique": false, "Merge Cond": "(b.userid = v.userid)", "Plans": [{"Node Type": "Index Scan", "Parent Relationship": "Outer", "Parallel Aware": false, "Async Capable": false, "Scan Direction": "Forward", "Index Name": "idx_badges_userid", "Relation Name": "badges", "Alias": "b", "Startup Cost": 0.29, "Total Cost": 3264.6, "Plan Rows": 39902, "Plan Width": 4, "Actual Rows": 17339, "Actual Loops": 1, "Filter": "((date >= '2013-03-12 15:33:41'::timestamp without time zone) AND (date <= '2014-07-17 15:09:55'::timestamp without time zone))", "Rows Removed by Filter": 35907}, {"Node Type": "Materialize", "Parent Relationship": "Inner", "Parallel Aware": false, "Async Capable": false, "Startup Cost": 0.42, "Total Cost": 12596.64, "Plan Rows": 69665, "Plan Width": 4, "Actual Rows": 80245, "Actual Loops": 1, "Plans": [{"Node Type": "Index Scan", "Parent Relationship": "Outer", "Parallel Aware": false, "Async Capable": false, "Scan Direction": "Forward", "Index Name": "idx_votes_userid", "Relation Name": "votes", "Alias": "v", "Startup Cost": 0.42, "Total Cost": 12422.47, "Plan Rows": 69665, "Plan Width": 4, "Actual Rows": 6217, "Actual Loops": 1, "Filter": "(creationdate <= '2011-11-19 08:43:19'::timestamp without time zone)", "Rows Removed by Filter": 28573}]}]}, {"Node Type": "Index Scan", "Parent Relationship": "Inner", "Parallel Aware": false, "Async Capable": false, "Scan Direction": "Forward", "Index Name": "users_pkey", "Relation Name": "users", "Alias": "u", "Startup Cost": 0.29, "Total Cost": 1457.98, "Plan Rows": 37079, "Plan Width": 4, "Actual Rows": 14468, "Actual Loops": 1, "Filter": "(creationdate >= '2011-06-06 19:54:59'::timestamp without time zone)", "Rows Removed by Filter": 3247}]}, {"Node Type": "Memoize", "Parent Relationship": "Inner", "Parallel Aware": false, "Async Capable": false, "Startup Cost": 0.3, "Total Cost": 0.45, "Plan Rows": 2, "Plan Width": 4, "Actual Rows": 15, "Actual Loops": 5227, "Cache Key": "v.userid", "Cache Mode": "logical", "Cache Hits": 5127, "Cache Misses": 100, "Cache Evictions": 0, "Cache Overflows": 0, "Peak Memory Usage": 30, "Plans": [{"Node Type": "Index Scan", "Parent Relationship": "Outer", "Parallel Aware": false, "Async Capable": false, "Scan Direction": "Forward", "Index Name": "idx_posts_owneruserid", "Relation Name": "posts", "Alias": "p", "Startup Cost": 0.29, "Total Cost": 0.44, "Plan Rows": 2, "Plan Width": 4, "Actual Rows": 6, "Actual Loops": 100, "Index Cond": "(owneruserid = v.userid)", "Rows Removed by Index Recheck": 0, "Filter": "((score <= 67) AND (answercount <= 2))", "Rows Removed by Filter": 17}]}]}]}, "Planning Time": 2.741, "Triggers": [], "Execution Time": 80.419}, {"Plan": {"Node Type": "Aggregate", "Strategy": "Plain", "Partial Mode": "Simple", "Parallel Aware": false, "Async Capable": false, "Startup Cost": 6794.63, "Total Cost": 6794.64, "Plan Rows": 1, "Plan Width": 8, "Actual Rows": 1, "Actual Loops": 1, "Plans": [{"Node Type": "Merge Join", "Parent Relationship": "Outer", "Parallel Aware": false, "Async Capable": false, "Join Type": "Inner", "Startup Cost": 1.38, "Total Cost": 6713.2, "Plan Rows": 1122.0, "Plan Width": 0, "Actual Rows": 78280, "Actual Loops": 1, "Inner Unique": false, "Merge Cond": "(v.userid = u.id)", "Plans": [{"Node Type": "Merge Join", "Parent Relationship": "Outer", "Parallel Aware": false, "Async Capable": false, "Join Type": "Inner", "Startup Cost": 0.71, "Total Cost": 9116.23, "Plan Rows": 220.0, "Plan Width": 8, "Actual Rows": 76986, "Actual Loops": 1, "Inner Unique": false, "Merge Cond": "(p.owneruserid = v.userid)", "Plans": [{"Node Type": "Index Scan", "Parent Relationship": "Outer", "Parallel Aware": false, "Async Capable": false, "Scan Direction": "Forward", "Index Name": "idx_posts_owneruserid", "Relation Name": "posts", "Alias": "p", "Startup Cost": 0.29, "Total Cost": 4553.55, "Plan Rows": 39040, "Plan Width": 4, "Actual Rows": 21771, "Actual Loops": 1, "Filter": "((score <= 67) AND (answercount <= 2))", "Rows Removed by Filter": 42724}, {"Node Type": "Materialize", "Parent Relationship": "Inner", "Parallel Aware": false, "Async Capable": false, "Startup Cost": 0.42, "Total Cost": 12596.64, "Plan Rows": 69665, "Plan Width": 4, "Actual Rows": 78416, "Actual Loops": 1, "Plans": [{"Node Type": "Index Scan", "Parent Relationship": "Outer", "Parallel Aware": false, "Async Capable": false, "Scan Direction": "Forward", "Index Name": "idx_votes_userid", "Relation Name": "votes", "Alias": "v", "Startup Cost": 0.42, "Total Cost": 12422.47, "Plan Rows": 69665, "Plan Width": 4, "Actual Rows": 6217, "Actual Loops": 1, "Filter": "(creationdate <= '2011-11-19 08:43:19'::timestamp without time zone)", "Rows Removed by Filter": 28573}]}]}, {"Node Type": "Materialize", "Parent Relationship": "Inner", "Parallel Aware": false, "Async Capable": false, "Startup Cost": 0.67, "Total Cost": 5373.61, "Plan Rows": 4457.0, "Plan Width": 8, "Actual Rows": 90230, "Actual Loops": 1, "Plans": [{"Node Type": "Merge Join", "Parent Relationship": "Outer", "Parallel Aware": false, "Async Capable": false, "Join Type": "Inner", "Startup Cost": 0.67, "Total Cost": 5281.88, "Plan Rows": 4457.0, "Plan Width": 8, "Actual Rows": 12405, "Actual Loops": 1, "Inner Unique": true, "Merge Cond": "(b.userid = u.id)", "Plans": [{"Node Type": "Index Scan", "Parent Relationship": "Outer", "Parallel Aware": false, "Async Capable": false, "Scan Direction": "Forward", "Index Name": "idx_badges_userid", "Relation Name": "badges", "Alias": "b", "Startup Cost": 0.29, "Total Cost": 3264.6, "Plan Rows": 39902, "Plan Width": 4, "Actual Rows": 17339, "Actual Loops": 1, "Filter": "((date >= '2013-03-12 15:33:41'::timestamp without time zone) AND (date <= '2014-07-17 15:09:55'::timestamp without time zone))", "Rows Removed by Filter": 35907}, {"Node Type": "Index Scan", "Parent Relationship": "Inner", "Parallel Aware": false, "Async Capable": false, "Scan Direction": "Forward", "Index Name": "users_pkey", "Relation Name": "users", "Alias": "u", "Startup Cost": 0.29, "Total Cost": 1457.98, "Plan Rows": 37079, "Plan Width": 4, "Actual Rows": 14471, "Actual Loops": 1, "Filter": "(creationdate >= '2011-06-06 19:54:59'::timestamp without time zone)", "Rows Removed by Filter": 3247}]}]}]}]}, "Planning Time": 2.806, "Triggers": [], "Execution Time": 138.325}, {"Plan": {"Node Type": "Aggregate", "Strategy": "Plain", "Partial Mode": "Simple", "Parallel Aware": false, "Async Capable": false, "Startup Cost": 14797.43, "Total Cost": 14797.44, "Plan Rows": 1, "Plan Width": 8, "Actual Rows": 1, "Actual Loops": 1, "Plans": [{"Node Type": "Merge Join", "Parent Relationship": "Outer", "Parallel Aware": false, "Async Capable": false, "Join Type": "Inner", "Startup Cost": 6258.33, "Total Cost": 14716.0, "Plan Rows": 1122.0, "Plan Width": 0, "Actual Rows": 78280, "Actual Loops": 1, "Inner Unique": false, "Merge Cond": "(u.id = v.userid)", "Plans": [{"Node Type": "Merge Join", "Parent Relationship": "Outer", "Parallel Aware": false, "Async Capable": false, "Join Type": "Inner", "Startup Cost": 6257.91, "Total Cost": 10148.55, "Plan Rows": 142.0, "Plan Width": 12, "Actual Rows": 69961, "Actual Loops": 1, "Inner Unique": false, "Merge Cond": "(b.userid = u.id)", "Plans": [{"Node Type": "Index Scan", "Parent Relationship": "Outer", "Parallel Aware": false, "Async Capable": false, "Scan Direction": "Forward", "Index Name": "idx_badges_userid", "Relation Name": "badges", "Alias": "b", "Startup Cost": 0.29, "Total Cost": 3264.6, "Plan Rows": 39902, "Plan Width": 4, "Actual Rows": 17339, "Actual Loops": 1, "Filter": "((date >= '2013-03-12 15:33:41'::timestamp without time zone) AND (date <= '2014-07-17 15:09:55'::timestamp without time zone))", "Rows Removed by Filter": 35907}, {"Node Type": "Sort", "Parent Relationship": "Inner", "Parallel Aware": false, "Async Capable": false, "Startup Cost": 6257.6, "Total Cost": 6345.99, "Plan Rows": 10.0, "Plan Width": 8, "Actual Rows": 74593, "Actual Loops": 1, "Sort Key": ["p.owneruserid"], "Sort Method": "quicksort", "Sort Space Used": 2568, "Sort Space Type": "Memory", "Plans": [{"Node Type": "Hash Join", "Parent Relationship": "Outer", "Parallel Aware": false, "Async Capable": false, "Join Type": "Inner", "Startup Cost": 1264.55, "Total Cost": 3586.68, "Plan Rows": 10.0, "Plan Width": 8, "Actual Rows": 33020, "Actual Loops": 1, "Inner Unique": true, "Hash Cond": "(p.owneruserid = u.id)", "Plans": [{"Node Type": "Seq Scan", "Parent Relationship": "Outer", "Parallel Aware": false, "Async Capable": false, "Relation Name": "posts", "Alias": "p", "Startup Cost": 0.0, "Total Cost": 2219.64, "Plan Rows": 39040, "Plan Width": 4, "Actual Rows": 39068, "Actual Loops": 1, "Filter": "((score <= 67) AND (answercount <= 2))", "Rows Removed by Filter": 52908}, {"Node Type": "Hash", "Parent Relationship": "Inner", "Parallel Aware": false, "Async Capable": false, "Startup Cost": 801.06, "Total Cost": 801.06, "Plan Rows": 37079, "Plan Width": 4, "Actual Rows": 37077, "Actual Loops": 1, "Hash Buckets": 65536, "Original Hash Buckets": 65536, "Hash Batches": 1, "Original Hash Batches": 1, "Peak Memory Usage": 1816, "Plans": [{"Node Type": "Seq Scan", "Parent Relationship": "Outer", "Parallel Aware": false, "Async Capable": false, "Relation Name": "users", "Alias": "u", "Startup Cost": 0.0, "Total Cost": 801.06, "Plan Rows": 37079, "Plan Width": 4, "Actual Rows": 37077, "Actual Loops": 1, "Filter": "(creationdate >= '2011-06-06 19:54:59'::timestamp without time zone)", "Rows Removed by Filter": 3248}]}]}]}]}, {"Node Type": "Materialize", "Parent Relationship": "Inner", "Parallel Aware": false, "Async Capable": false, "Startup Cost": 0.42, "Total Cost": 12596.64, "Plan Rows": 69665, "Plan Width": 4, "Actual Rows": 83847, "Actual Loops": 1, "Plans": [{"Node Type": "Index Scan", "Parent Relationship": "Outer", "Parallel Aware": false, "Async Capable": false, "Scan Direction": "Forward", "Index Name": "idx_votes_userid", "Relation Name": "votes", "Alias": "v", "Startup Cost": 0.42, "Total Cost": 12422.47, "Plan Rows": 69665, "Plan Width": 4, "Actual Rows": 6217, "Actual Loops": 1, "Filter": "(creationdate <= '2011-11-19 08:43:19'::timestamp without time zone)", "Rows Removed by Filter": 28573}]}]}]}, "Planning Time": 2.937, "Triggers": [], "Execution Time": 165.247}, {"Plan": {"Node Type": "Aggregate", "Strategy": "Plain", "Partial Mode": "Simple", "Parallel Aware": false, "Async Capable": false, "Startup Cost": 16206.58, "Total Cost": 16206.59, "Plan Rows": 1, "Plan Width": 8, "Actual Rows": 1, "Actual Loops": 1, "Plans": [{"Node Type": "Merge Join", "Parent Relationship": "Outer", "Parallel Aware": false, "Async Capable": false, "Join Type": "Inner", "Startup Cost": 6258.33, "Total Cost": 16125.15, "Plan Rows": 1122.0, "Plan Width": 0, "Actual Rows": 78280, "Actual Loops": 1, "Inner Unique": false, "Merge Cond": "(v.userid = u.id)", "Plans": [{"Node Type": "Index Scan", "Parent Relationship": "Outer", "Parallel Aware": false, "Async Capable": false, "Scan Direction": "Forward", "Index Name": "idx_votes_userid", "Relation Name": "votes", "Alias": "v", "Startup Cost": 0.42, "Total Cost": 12422.47, "Plan Rows": 69665, "Plan Width": 4, "Actual Rows": 6217, "Actual Loops": 1, "Filter": "(creationdate <= '2011-11-19 08:43:19'::timestamp without time zone)", "Rows Removed by Filter": 28573}, {"Node Type": "Materialize", "Parent Relationship": "Inner", "Parallel Aware": false, "Async Capable": false, "Startup Cost": 6257.91, "Total Cost": 11849.21, "Plan Rows": 142.0, "Plan Width": 12, "Actual Rows": 139581, "Actual Loops": 1, "Plans": [{"Node Type": "Merge Join", "Parent Relationship": "Outer", "Parallel Aware": false, "Async Capable": false, "Join Type": "Inner", "Startup Cost": 6257.91, "Total Cost": 10148.55, "Plan Rows": 142.0, "Plan Width": 12, "Actual Rows": 69961, "Actual Loops": 1, "Inner Unique": false, "Merge Cond": "(b.userid = u.id)", "Plans": [{"Node Type": "Index Scan", "Parent Relationship": "Outer", "Parallel Aware": false, "Async Capable": false, "Scan Direction": "Forward", "Index Name": "idx_badges_userid", "Relation Name": "badges", "Alias": "b", "Startup Cost": 0.29, "Total Cost": 3264.6, "Plan Rows": 39902, "Plan Width": 4, "Actual Rows": 17339, "Actual Loops": 1, "Filter": "((date >= '2013-03-12 15:33:41'::timestamp without time zone) AND (date <= '2014-07-17 15:09:55'::timestamp without time zone))", "Rows Removed by Filter": 35907}, {"Node Type": "Sort", "Parent Relationship": "Inner", "Parallel Aware": false, "Async Capable": false, "Startup Cost": 6257.6, "Total Cost": 6345.99, "Plan Rows": 10.0, "Plan Width": 8, "Actual Rows": 74593, "Actual Loops": 1, "Sort Key": ["p.owneruserid"], "Sort Method": "quicksort", "Sort Space Used": 2568, "Sort Space Type": "Memory", "Plans": [{"Node Type": "Hash Join", "Parent Relationship": "Outer", "Parallel Aware": false, "Async Capable": false, "Join Type": "Inner", "Startup Cost": 1264.55, "Total Cost": 3586.68, "Plan Rows": 10.0, "Plan Width": 8, "Actual Rows": 33020, "Actual Loops": 1, "Inner Unique": true, "Hash Cond": "(p.owneruserid = u.id)", "Plans": [{"Node Type": "Seq Scan", "Parent Relationship": "Outer", "Parallel Aware": false, "Async Capable": false, "Relation Name": "posts", "Alias": "p", "Startup Cost": 0.0, "Total Cost": 2219.64, "Plan Rows": 39040, "Plan Width": 4, "Actual Rows": 39068, "Actual Loops": 1, "Filter": "((score <= 67) AND (answercount <= 2))", "Rows Removed by Filter": 52908}, {"Node Type": "Hash", "Parent Relationship": "Inner", "Parallel Aware": false, "Async Capable": false, "Startup Cost": 801.06, "Total Cost": 801.06, "Plan Rows": 37079, "Plan Width": 4, "Actual Rows": 37077, "Actual Loops": 1, "Hash Buckets": 65536, "Original Hash Buckets": 65536, "Hash Batches": 1, "Original Hash Batches": 1, "Peak Memory Usage": 1816, "Plans": [{"Node Type": "Seq Scan", "Parent Relationship": "Outer", "Parallel Aware": false, "Async Capable": false, "Relation Name": "users", "Alias": "u", "Startup Cost": 0.0, "Total Cost": 801.06, "Plan Rows": 37079, "Plan Width": 4, "Actual Rows": 37077, "Actual Loops": 1, "Filter": "(creationdate >= '2011-06-06 19:54:59'::timestamp without time zone)", "Rows Removed by Filter": 3248}]}]}]}]}]}]}]}, "Planning Time": 2.892, "Triggers": [], "Execution Time": 169.437}, {"Plan": {"Node Type": "Aggregate", "Strategy": "Plain", "Partial Mode": "Simple", "Parallel Aware": false, "Async Capable": false, "Startup Cost": 5409.38, "Total Cost": 5409.39, "Plan Rows": 1, "Plan Width": 8, "Actual Rows": 1, "Actual Loops": 1, "Plans": [{"Node Type": "Nested Loop", "Parent Relationship": "Outer", "Parallel Aware": false, "Async Capable": false, "Join Type": "Inner", "Startup Cost": 1.31, "Total Cost": 5327.96, "Plan Rows": 1122.0, "Plan Width": 0, "Actual Rows": 78280, "Actual Loops": 1, "Inner Unique": false, "Join Filter": "(b.userid = u.id)", "Rows Removed by Join Filter": 0, "Plans": [{"Node Type": "Merge Join", "Parent Relationship": "Outer", "Parallel Aware": false, "Async Capable": false, "Join Type": "Inner", "Startup Cost": 1.0, "Total Cost": 2800.9, "Plan Rows": 80.0, "Plan Width": 12, "Actual Rows": 7918, "Actual Loops": 1, "Inner Unique": true, "Merge Cond": "(v.userid = u.id)", "Plans": [{"Node Type": "Merge Join", "Parent Relationship": "Outer", "Parallel Aware": false, "Async Capable": false, "Join Type": "Inner", "Startup Cost": 0.71, "Total Cost": 9116.23, "Plan Rows": 220.0, "Plan Width": 8, "Actual Rows": 76986, "Actual Loops": 1, "Inner Unique": false, "Merge Cond": "(p.owneruserid = v.userid)", "Plans": [{"Node Type": "Index Scan", "Parent Relationship": "Outer", "Parallel Aware": false, "Async Capable": false, "Scan Direction": "Forward", "Index Name": "idx_posts_owneruserid", "Relation Name": "posts", "Alias": "p", "Startup Cost": 0.29, "Total Cost": 4553.55, "Plan Rows": 39040, "Plan Width": 4, "Actual Rows": 21771, "Actual Loops": 1, "Filter": "((score <= 67) AND (answercount <= 2))", "Rows Removed by Filter": 42724}, {"Node Type": "Materialize", "Parent Relationship": "Inner", "Parallel Aware": false, "Async Capable": false, "Startup Cost": 0.42, "Total Cost": 12596.64, "Plan Rows": 69665, "Plan Width": 4, "Actual Rows": 78416, "Actual Loops": 1, "Plans": [{"Node Type": "Index Scan", "Parent Relationship": "Outer", "Parallel Aware": false, "Async Capable": false, "Scan Direction": "Forward", "Index Name": "idx_votes_userid", "Relation Name": "votes", "Alias": "v", "Startup Cost": 0.42, "Total Cost": 12422.47, "Plan Rows": 69665, "Plan Width": 4, "Actual Rows": 6217, "Actual Loops": 1, "Filter": "(creationdate <= '2011-11-19 08:43:19'::timestamp without time zone)", "Rows Removed by Filter": 28573}]}]}, {"Node Type": "Index Scan", "Parent Relationship": "Inner", "Parallel Aware": false, "Async Capable": false, "Scan Direction": "Forward", "Index Name": "users_pkey", "Relation Name": "users", "Alias": "u", "Startup Cost": 0.29, "Total Cost": 1457.98, "Plan Rows": 37079, "Plan Width": 4, "Actual Rows": 14468, "Actual Loops": 1, "Filter": "(creationdate >= '2011-06-06 19:54:59'::timestamp without time zone)", "Rows Removed by Filter": 3247}]}, {"Node Type": "Memoize", "Parent Relationship": "Inner", "Parallel Aware": false, "Async Capable": false, "Startup Cost": 0.3, "Total Cost": 0.4, "Plan Rows": 2, "Plan Width": 4, "Actual Rows": 10, "Actual Loops": 7918, "Cache Key": "v.userid", "Cache Mode": "logical", "Cache Hits": 7789, "Cache Misses": 129, "Cache Evictions": 0, "Cache Overflows": 0, "Peak Memory Usage": 25, "Plans": [{"Node Type": "Index Scan", "Parent Relationship": "Outer", "Parallel Aware": false, "Async Capable": false, "Scan Direction": "Forward", "Index Name": "idx_badges_userid", "Relation Name": "badges", "Alias": "b", "Startup Cost": 0.29, "Total Cost": 0.39, "Plan Rows": 2, "Plan Width": 4, "Actual Rows": 4, "Actual Loops": 129, "Index Cond": "(userid = v.userid)", "Rows Removed by Index Recheck": 0, "Filter": "((date >= '2013-03-12 15:33:41'::timestamp without time zone) AND (date <= '2014-07-17 15:09:55'::timestamp without time zone))", "Rows Removed by Filter": 8}]}]}]}, "Planning Time": 2.902, "Triggers": [], "Execution Time": 100.612}, {"Plan": {"Node Type": "Aggregate", "Strategy": "Plain", "Partial Mode": "Simple", "Parallel Aware": false, "Async Capable": false, "Startup Cost": 3016.68, "Total Cost": 3016.69, "Plan Rows": 1, "Plan Width": 8, "Actual Rows": 1, "Actual Loops": 1, "Plans": [{"Node Type": "Merge Join", "Parent Relationship": "Outer", "Parallel Aware": false, "Async Capable": false, "Join Type": "Inner", "Startup Cost": 2.3, "Total Cost": 2935.25, "Plan Rows": 1122.0, "Plan Width": 0, "Actual Rows": 78280, "Actual Loops": 1, "Inner Unique": false, "Merge Cond": "(u.id = v.userid)", "Plans": [{"Node Type": "Index Scan", "Parent Relationship": "Outer", "Parallel Aware": false, "Async Capable": false, "Scan Direction": "Forward", "Index Name": "users_pkey", "Relation Name": "users", "Alias": "u", "Startup Cost": 0.29, "Total Cost": 1457.98, "Plan Rows": 37079, "Plan Width": 4, "Actual Rows": 14469, "Actual Loops": 1, "Filter": "(creationdate >= '2011-06-06 19:54:59'::timestamp without time zone)", "Rows Removed by Filter": 3247}, {"Node Type": "Materialize", "Parent Relationship": "Inner", "Parallel Aware": false, "Async Capable": false, "Startup Cost": 2.01, "Total Cost": 9158.45, "Plan Rows": 2413.0, "Plan Width": 12, "Actual Rows": 2735207, "Actual Loops": 1, "Plans": [{"Node Type": "Merge Join", "Parent Relationship": "Outer", "Parallel Aware": false, "Async Capable": false, "Join Type": "Inner", "Startup Cost": 2.01, "Total Cost": 8321.09, "Plan Rows": 2413.0, "Plan Width": 12, "Actual Rows": 2735207, "Actual Loops": 1, "Inner Unique": false, "Merge Cond": "(b.userid = v.userid)", "Plans": [{"Node Type": "Index Scan", "Parent Relationship": "Outer", "Parallel Aware": false, "Async Capable": false, "Scan Direction": "Forward", "Index Name": "idx_badges_userid", "Relation Name": "badges", "Alias": "b", "Startup Cost": 0.29, "Total Cost": 3264.6, "Plan Rows": 39902, "Plan Width": 4, "Actual Rows": 17339, "Actual Loops": 1, "Filter": "((date >= '2013-03-12 15:33:41'::timestamp without time zone) AND (date <= '2014-07-17 15:09:55'::timestamp without time zone))", "Rows Removed by Filter": 35907}, {"Node Type": "Materialize", "Parent Relationship": "Inner", "Parallel Aware": false, "Async Capable": false, "Startup Cost": 0.71, "Total Cost": 9693.31, "Plan Rows": 220.0, "Plan Width": 8, "Actual Rows": 2735813, "Actual Loops": 1, "Plans": [{"Node Type": "Merge Join", "Parent Relationship": "Outer", "Parallel Aware": false, "Async Capable": false, "Join Type": "Inner", "Startup Cost": 0.71, "Total Cost": 9116.23, "Plan Rows": 220.0, "Plan Width": 8, "Actual Rows": 76986, "Actual Loops": 1, "Inner Unique": false, "Merge Cond": "(p.owneruserid = v.userid)", "Plans": [{"Node Type": "Index Scan", "Parent Relationship": "Outer", "Parallel Aware": false, "Async Capable": false, "Scan Direction": "Forward", "Index Name": "idx_posts_owneruserid", "Relation Name": "posts", "Alias": "p", "Startup Cost": 0.29, "Total Cost": 4553.55, "Plan Rows": 39040, "Plan Width": 4, "Actual Rows": 21771, "Actual Loops": 1, "Filter": "((score <= 67) AND (answercount <= 2))", "Rows Removed by Filter": 42724}, {"Node Type": "Materialize", "Parent Relationship": "Inner", "Parallel Aware": false, "Async Capable": false, "Startup Cost": 0.42, "Total Cost": 12596.64, "Plan Rows": 69665, "Plan Width": 4, "Actual Rows": 78416, "Actual Loops": 1, "Plans": [{"Node Type": "Index Scan", "Parent Relationship": "Outer", "Parallel Aware": false, "Async Capable": false, "Scan Direction": "Forward", "Index Name": "idx_votes_userid", "Relation Name": "votes", "Alias": "v", "Startup Cost": 0.42, "Total Cost": 12422.47, "Plan Rows": 69665, "Plan Width": 4, "Actual Rows": 6217, "Actual Loops": 1, "Filter": "(creationdate <= '2011-11-19 08:43:19'::timestamp without time zone)", "Rows Removed by Filter": 28573}]}]}]}]}]}]}]}, "Planning Time": 2.982, "Triggers": [], "Execution Time": 765.596}, {"Plan": {"Node Type": "Aggregate", "Strategy": "Plain", "Partial Mode": "Simple", "Parallel Aware": false, "Async Capable": false, "Startup Cost": 7260.08, "Total Cost": 7260.09, "Plan Rows": 1, "Plan Width": 8, "Actual Rows": 1, "Actual Loops": 1, "Plans": [{"Node Type": "Merge Join", "Parent Relationship": "Outer", "Parallel Aware": false, "Async Capable": false, "Join Type": "Inner", "Startup Cost": 6259.47, "Total Cost": 7178.65, "Plan Rows": 1122.0, "Plan Width": 0, "Actual Rows": 78280, "Actual Loops": 1, "Inner Unique": false, "Merge Cond": "(v.userid = u.id)", "Plans": [{"Node Type": "Merge Join", "Parent Relationship": "Outer", "Parallel Aware": false, "Async Capable": false, "Join Type": "Inner", "Startup Cost": 1.86, "Total Cost": 5883.16, "Plan Rows": 83147.0, "Plan Width": 8, "Actual Rows": 78902, "Actual Loops": 1, "Inner Unique": false, "Merge Cond": "(b.userid = v.userid)", "Plans": [{"Node Type": "Index Scan", "Parent Relationship": "Outer", "Parallel Aware": false, "Async Capable": false, "Scan Direction": "Forward", "Index Name": "idx_badges_userid", "Relation Name": "badges", "Alias": "b", "Startup Cost": 0.29, "Total Cost": 3264.6, "Plan Rows": 39902, "Plan Width": 4, "Actual Rows": 17339, "Actual Loops": 1, "Filter": "((date >= '2013-03-12 15:33:41'::timestamp without time zone) AND (date <= '2014-07-17 15:09:55'::timestamp without time zone))", "Rows Removed by Filter": 35907}, {"Node Type": "Materialize", "Parent Relationship": "Inner", "Parallel Aware": false, "Async Capable": false, "Startup Cost": 0.42, "Total Cost": 12596.64, "Plan Rows": 69665, "Plan Width": 4, "Actual Rows": 80245, "Actual Loops": 1, "Plans": [{"Node Type": "Index Scan", "Parent Relationship": "Outer", "Parallel Aware": false, "Async Capable": false, "Scan Direction": "Forward", "Index Name": "idx_votes_userid", "Relation Name": "votes", "Alias": "v", "Startup Cost": 0.42, "Total Cost": 12422.47, "Plan Rows": 69665, "Plan Width": 4, "Actual Rows": 6217, "Actual Loops": 1, "Filter": "(creationdate <= '2011-11-19 08:43:19'::timestamp without time zone)", "Rows Removed by Filter": 28573}]}]}, {"Node Type": "Sort", "Parent Relationship": "Inner", "Parallel Aware": false, "Async Capable": false, "Startup Cost": 6257.6, "Total Cost": 6345.99, "Plan Rows": 10.0, "Plan Width": 8, "Actual Rows": 93986, "Actual Loops": 1, "Sort Key": ["p.owneruserid"], "Sort Method": "quicksort", "Sort Space Used": 2568, "Sort Space Type": "Memory", "Plans": [{"Node Type": "Hash Join", "Parent Relationship": "Outer", "Parallel Aware": false, "Async Capable": false, "Join Type": "Inner", "Startup Cost": 1264.55, "Total Cost": 3586.68, "Plan Rows": 10.0, "Plan Width": 8, "Actual Rows": 33020, "Actual Loops": 1, "Inner Unique": true, "Hash Cond": "(p.owneruserid = u.id)", "Plans": [{"Node Type": "Seq Scan", "Parent Relationship": "Outer", "Parallel Aware": false, "Async Capable": false, "Relation Name": "posts", "Alias": "p", "Startup Cost": 0.0, "Total Cost": 2219.64, "Plan Rows": 39040, "Plan Width": 4, "Actual Rows": 39068, "Actual Loops": 1, "Filter": "((score <= 67) AND (answercount <= 2))", "Rows Removed by Filter": 52908}, {"Node Type": "Hash", "Parent Relationship": "Inner", "Parallel Aware": false, "Async Capable": false, "Startup Cost": 801.06, "Total Cost": 801.06, "Plan Rows": 37079, "Plan Width": 4, "Actual Rows": 37077, "Actual Loops": 1, "Hash Buckets": 65536, "Original Hash Buckets": 65536, "Hash Batches": 1, "Original Hash Batches": 1, "Peak Memory Usage": 1816, "Plans": [{"Node Type": "Seq Scan", "Parent Relationship": "Outer", "Parallel Aware": false, "Async Capable": false, "Relation Name": "users", "Alias": "u", "Startup Cost": 0.0, "Total Cost": 801.06, "Plan Rows": 37079, "Plan Width": 4, "Actual Rows": 37077, "Actual Loops": 1, "Filter": "(creationdate >= '2011-06-06 19:54:59'::timestamp without time zone)", "Rows Removed by Filter": 3248}]}]}]}]}]}, "Planning Time": 2.926, "Triggers": [], "Execution Time": 164.72}]