[{"Plan": {"Node Type": "Aggregate", "Strategy": "Plain", "Partial Mode": "Simple", "Parallel Aware": false, "Async Capable": false, "Startup Cost": 3457.35, "Total Cost": 3457.36, "Plan Rows": 1, "Plan Width": 8, "Actual Rows": 1, "Actual Loops": 1, "Plans": [{"Node Type": "Nested Loop", "Parent Relationship": "Outer", "Parallel Aware": false, "Async Capable": false, "Join Type": "Inner", "Startup Cost": 1.56, "Total Cost": 3439.44, "Plan Rows": 4805.0, "Plan Width": 0, "Actual Rows": 7959, "Actual Loops": 1, "Inner Unique": false, "Join Filter": "(pl.postid = ph.postid)", "Rows Removed by Join Filter": 0, "Plans": [{"Node Type": "Nested Loop", "Parent Relationship": "Outer", "Parallel Aware": false, "Async Capable": false, "Join Type": "Inner", "Startup Cost": 1.14, "Total Cost": 2412.55, "Plan Rows": 1914.0, "Plan Width": 16, "Actual Rows": 1018, "Actual Loops": 1, "Inner Unique": false, "Join Filter": "(c.postid = pl.postid)", "Rows Removed by Join Filter": 0, "Plans": [{"Node Type": "Nested Loop", "Parent Relationship": "Outer", "Parallel Aware": false, "Async Capable": false, "Join Type": "Inner", "Startup Cost": 0.71, "Total Cost": 2126.55, "Plan Rows": 629.0, "Plan Width": 12, "Actual Rows": 354, "Actual Loops": 1, "Inner Unique": false, "Join Filter": "(pl.postid = v.postid)", "Rows Removed by Join Filter": 0, "Plans": [{"Node Type": "Nested Loop", "Parent Relationship": "Outer", "Parallel Aware": false, "Async Capable": false, "Join Type": "Inner", "Startup Cost": 0.29, "Total Cost": 1591.01, "Plan Rows": 122.0, "Plan Width": 8, "Actual Rows": 916, "Actual Loops": 1, "Inner Unique": true, "Plans": [{"Node Type": "Seq Scan", "Parent Relationship": "Outer", "Parallel Aware": false, "Async Capable": false, "Relation Name": "postlinks", "Alias": "pl", "Startup Cost": 0.0, "Total Cost": 248.53, "Plan Rows": 808, "Plan Width": 4, "Actual Rows": 916, "Actual Loops": 1, "Filter": "((creationdate >= '2011-12-27 18:26:47'::timestamp without time zone) AND (linktypeid = 3))", "Rows Removed by Filter": 10186}, {"Node Type": "Index Only Scan", "Parent Relationship": "Inner", "Parallel Aware": false, "Async Capable": false, "Scan Direction": "Forward", "Index Name": "posts_pkey", "Relation Name": "posts", "Alias": "p", "Startup Cost": 0.29, "Total Cost": 1.66, "Plan Rows": 1, "Plan Width": 4, "Actual Rows": 1, "Actual Loops": 916, "Index Cond": "(id = pl.postid)", "Rows Removed by Index Recheck": 0, "Heap Fetches": 0}]}, {"Node Type": "Index Scan", "Parent Relationship": "Inner", "Parallel Aware": false, "Async Capable": false, "Scan Direction": "Forward", "Index Name": "idx_votes_postid", "Relation Name": "votes", "Alias": "v", "Startup Cost": 0.42, "Total Cost": 0.65, "Plan Rows": 1, "Plan Width": 4, "Actual Rows": 0, "Actual Loops": 916, "Index Cond": "(postid = p.id)", "Rows Removed by Index Recheck": 0, "Filter": "((creationdate >= '2012-09-22 22:54:05'::timestamp without time zone) AND (creationdate <= '2013-03-19 09:48:06'::timestamp without time zone))", "Rows Removed by Filter": 2}]}, {"Node Type": "Index Only Scan", "Parent Relationship": "Inner", "Parallel Aware": false, "Async Capable": false, "Scan Direction": "Forward", "Index Name": "idx_comments_postid", "Relation Name": "comments", "Alias": "c", "Startup Cost": 0.42, "Total Cost": 0.49, "Plan Rows": 3, "Plan Width": 4, "Actual Rows": 3, "Actual Loops": 354, "Index Cond": "(postid = p.id)", "Rows Removed by Index Recheck": 0, "Heap Fetches": 0}]}, {"Node Type": "Index Only Scan", "Parent Relationship": "Inner", "Parallel Aware": false, "Async Capable": false, "Scan Direction": "Forward", "Index Name": "idx_posthistory_postid", "Relation Name": "posthistory", "Alias": "ph", "Startup Cost": 0.42, "Total Cost": 0.5, "Plan Rows": 4, "Plan Width": 4, "Actual Rows": 8, "Actual Loops": 1018, "Index Cond": "(postid = c.postid)", "Rows Removed by Index Recheck": 0, "Heap Fetches": 0}]}]}, "Planning Time": 5.067, "Triggers": [], "Execution Time": 7.389}, {"Plan": {"Node Type": "Aggregate", "Strategy": "Plain", "Partial Mode": "Simple", "Parallel Aware": false, "Async Capable": false, "Startup Cost": 14192.04, "Total Cost": 14192.05, "Plan Rows": 1, "Plan Width": 8, "Actual Rows": 1, "Actual Loops": 1, "Plans": [{"Node Type": "Hash Join", "Parent Relationship": "Outer", "Parallel Aware": false, "Async Capable": false, "Join Type": "Inner", "Startup Cost": 10586.07, "Total Cost": 14174.12, "Plan Rows": 4805.0, "Plan Width": 0, "Actual Rows": 7959, "Actual Loops": 1, "Inner Unique": false, "Hash Cond": "(pl.postid = p.id)", "Plans": [{"Node Type": "Nested Loop", "Parent Relationship": "Outer", "Parallel Aware": false, "Async Capable": false, "Join Type": "Inner", "Startup Cost": 0.84, "Total Cost": 3503.47, "Plan Rows": 3315.0, "Plan Width": 12, "Actual Rows": 13619, "Actual Loops": 1, "Inner Unique": false, "Join Filter": "(pl.postid = ph.postid)", "Rows Removed by Join Filter": 0, "Plans": [{"Node Type": "Nested Loop", "Parent Relationship": "Outer", "Parallel Aware": false, "Async Capable": false, "Join Type": "Inner", "Startup Cost": 0.42, "Total Cost": 1978.39, "Plan Rows": 1191.0, "Plan Width": 8, "Actual Rows": 2255, "Actual Loops": 1, "Inner Unique": false, "Plans": [{"Node Type": "Seq Scan", "Parent Relationship": "Outer", "Parallel Aware": false, "Async Capable": false, "Relation Name": "postlinks", "Alias": "pl", "Startup Cost": 0.0, "Total Cost": 248.53, "Plan Rows": 808, "Plan Width": 4, "Actual Rows": 916, "Actual Loops": 1, "Filter": "((creationdate >= '2011-12-27 18:26:47'::timestamp without time zone) AND (linktypeid = 3))", "Rows Removed by Filter": 10186}, {"Node Type": "Index Only Scan", "Parent Relationship": "Inner", "Parallel Aware": false, "Async Capable": false, "Scan Direction": "Forward", "Index Name": "idx_comments_postid", "Relation Name": "comments", "Alias": "c", "Startup Cost": 0.42, "Total Cost": 2.11, "Plan Rows": 3, "Plan Width": 4, "Actual Rows": 2, "Actual Loops": 916, "Index Cond": "(postid = pl.postid)", "Rows Removed by Index Recheck": 0, "Heap Fetches": 0}]}, {"Node Type": "Index Only Scan", "Parent Relationship": "Inner", "Parallel Aware": false, "Async Capable": false, "Scan Direction": "Forward", "Index Name": "idx_posthistory_postid", "Relation Name": "posthistory", "Alias": "ph", "Startup Cost": 0.42, "Total Cost": 0.5, "Plan Rows": 4, "Plan Width": 4, "Actual Rows": 6, "Actual Loops": 2255, "Index Cond": "(postid = c.postid)", "Rows Removed by Index Recheck": 0, "Heap Fetches": 0}]}, {"Node Type": "Hash", "Parent Relationship": "Inner", "Parallel Aware": false, "Async Capable": false, "Startup Cost": 10093.65, "Total Cost": 10093.65, "Plan Rows": 1132.0, "Plan Width": 8, "Actual Rows": 38811, "Actual Loops": 1, "Hash Buckets": 65536, "Original Hash Buckets": 65536, "Hash Batches": 1, "Original Hash Batches": 1, "Peak Memory Usage": 2029, "Plans": [{"Node Type": "Hash Join", "Parent Relationship": "Outer", "Parallel Aware": false, "Async Capable": false, "Join Type": "Inner", "Startup Cost": 2909.46, "Total Cost": 10093.65, "Plan Rows": 1132.0, "Plan Width": 8, "Actual Rows": 38811, "Actual Loops": 1, "Inner Unique": true, "Hash Cond": "(v.postid = p.id)", "Plans": [{"Node Type": "Seq Scan", "Parent Relationship": "Outer", "Parallel Aware": false, "Async Capable": false, "Relation Name": "votes", "Alias": "v", "Startup Cost": 0.0, "Total Cost": 7080.96, "Plan Rows": 39326, "Plan Width": 4, "Actual Rows": 38811, "Actual Loops": 1, "Filter": "((creationdate >= '2012-09-22 22:54:05'::timestamp without time zone) AND (creationdate <= '2013-03-19 09:48:06'::timestamp without time zone))", "Rows Removed by Filter": 289253}, {"Node Type": "Hash", "Parent Relationship": "Inner", "Parallel Aware": false, "Async Capable": false, "Startup Cost": 1759.76, "Total Cost": 1759.76, "Plan Rows": 91976, "Plan Width": 4, "Actual Rows": 91976, "Actual Loops": 1, "Hash Buckets": 131072, "Original Hash Buckets": 131072, "Hash Batches": 1, "Original Hash Batches": 1, "Peak Memory Usage": 4258, "Plans": [{"Node Type": "Seq Scan", "Parent Relationship": "Outer", "Parallel Aware": false, "Async Capable": false, "Relation Name": "posts", "Alias": "p", "Startup Cost": 0.0, "Total Cost": 1759.76, "Plan Rows": 91976, "Plan Width": 4, "Actual Rows": 91976, "Actual Loops": 1}]}]}]}]}]}, "Planning Time": 5.642, "Triggers": [], "Execution Time": 133.583}, {"Plan": {"Node Type": "Aggregate", "Strategy": "Plain", "Partial Mode": "Finalize", "Parallel Aware": false, "Async Capable": false, "Startup Cost": 26187.88, "Total Cost": 26187.89, "Plan Rows": 1, "Plan Width": 8, "Actual Rows": 1, "Actual Loops": 1, "Plans": [{"Node Type": "Gather", "Parent Relationship": "Outer", "Parallel Aware": false, "Async Capable": false, "Startup Cost": 26187.66, "Total Cost": 26187.87, "Plan Rows": 2, "Plan Width": 8, "Actual Rows": 3, "Actual Loops": 1, "Workers Planned": 2, "Workers Launched": 2, "Single Copy": false, "Plans": [{"Node Type": "Aggregate", "Strategy": "Plain", "Partial Mode": "Partial", "Parent Relationship": "Outer", "Parallel Aware": false, "Async Capable": false, "Startup Cost": 25187.66, "Total Cost": 25187.67, "Plan Rows": 1, "Plan Width": 8, "Actual Rows": 1, "Actual Loops": 3, "Workers": [], "Plans": [{"Node Type": "Merge Join", "Parent Relationship": "Outer", "Parallel Aware": false, "Async Capable": false, "Join Type": "Inner", "Startup Cost": 11713.42, "Total Cost": 25180.2, "Plan Rows": 4805.0, "Plan Width": 0, "Actual Rows": 2653, "Actual Loops": 3, "Inner Unique": false, "Merge Cond": "(c.postid = pl.postid)", "Workers": [], "Plans": [{"Node Type": "Merge Join", "Parent Relationship": "Outer", "Parallel Aware": false, "Async Capable": false, "Join Type": "Inner", "Startup Cost": 10083.0, "Total Cost": 23070.22, "Plan Rows": 25000.0, "Plan Width": 12, "Actual Rows": 167212, "Actual Loops": 3, "Inner Unique": false, "Merge Cond": "(c.postid = ph.postid)", "Workers": [], "Plans": [{"Node Type": "Merge Join", "Parent Relationship": "Outer", "Parallel Aware": false, "Async Capable": false, "Join Type": "Inner", "Startup Cost": 10082.58, "Total Cost": 13823.24, "Plan Rows": 9375.0, "Plan Width": 8, "Actual Rows": 33852, "Actual Loops": 3, "Inner Unique": false, "Merge Cond": "(c.postid = v.postid)", "Workers": [], "Plans": [{"Node Type": "Index Only Scan", "Parent Relationship": "Outer", "Parallel Aware": true, "Async Capable": false, "Scan Direction": "Forward", "Index Name": "idx_comments_postid", "Relation Name": "comments", "Alias": "c", "Startup Cost": 0.42, "Total Cost": 2872.37, "Plan Rows": 72627, "Plan Width": 4, "Actual Rows": 29045, "Actual Loops": 3, "Heap Fetches": 0, "Workers": []}, {"Node Type": "Sort", "Parent Relationship": "Inner", "Parallel Aware": false, "Async Capable": false, "Startup Cost": 10082.16, "Total Cost": 10180.48, "Plan Rows": 39326, "Plan Width": 4, "Actual Rows": 63587, "Actual Loops": 3, "Sort Key": ["v.postid"], "Sort Method": "quicksort", "Sort Space Used": 1537, "Sort Space Type": "Memory", "Workers": [{"Worker Number": 0, "Sort Method": "quicksort", "Sort Space Used": 1537, "Sort Space Type": "Memory"}, {"Worker Number": 1, "Sort Method": "quicksort", "Sort Space Used": 1537, "Sort Space Type": "Memory"}], "Plans": [{"Node Type": "Seq Scan", "Parent Relationship": "Outer", "Parallel Aware": false, "Async Capable": false, "Relation Name": "votes", "Alias": "v", "Startup Cost": 0.0, "Total Cost": 7080.96, "Plan Rows": 39326, "Plan Width": 4, "Actual Rows": 38811, "Actual Loops": 3, "Filter": "((creationdate >= '2012-09-22 22:54:05'::timestamp without time zone) AND (creationdate <= '2013-03-19 09:48:06'::timestamp without time zone))", "Rows Removed by Filter": 289253, "Workers": []}]}]}, {"Node Type": "Index Only Scan", "Parent Relationship": "Inner", "Parallel Aware": false, "Async Capable": false, "Scan Direction": "Forward", "Index Name": "idx_posthistory_postid", "Relation Name": "posthistory", "Alias": "ph", "Startup Cost": 0.42, "Total Cost": 6615.98, "Plan Rows": 303187, "Plan Width": 4, "Actual Rows": 295960, "Actual Loops": 3, "Heap Fetches": 0, "Workers": []}]}, {"Node Type": "Sort", "Parent Relationship": "Inner", "Parallel Aware": false, "Async Capable": false, "Startup Cost": 1630.03, "Total Cost": 1632.05, "Plan Rows": 122.0, "Plan Width": 8, "Actual Rows": 2904, "Actual Loops": 3, "Sort Key": ["pl.postid"], "Sort Method": "quicksort", "Sort Space Used": 53, "Sort Space Type": "Memory", "Workers": [{"Worker Number": 0, "Sort Method": "quicksort", "Sort Space Used": 53, "Sort Space Type": "Memory"}, {"Worker Number": 1, "Sort Method": "quicksort", "Sort Space Used": 53, "Sort Space Type": "Memory"}], "Plans": [{"Node Type": "Nested Loop", "Parent Relationship": "Outer", "Parallel Aware": false, "Async Capable": false, "Join Type": "Inner", "Startup Cost": 0.29, "Total Cost": 1591.01, "Plan Rows": 122.0, "Plan Width": 8, "Actual Rows": 916, "Actual Loops": 3, "Inner Unique": true, "Workers": [], "Plans": [{"Node Type": "Seq Scan", "Parent Relationship": "Outer", "Parallel Aware": false, "Async Capable": false, "Relation Name": "postlinks", "Alias": "pl", "Startup Cost": 0.0, "Total Cost": 248.53, "Plan Rows": 808, "Plan Width": 4, "Actual Rows": 916, "Actual Loops": 3, "Filter": "((creationdate >= '2011-12-27 18:26:47'::timestamp without time zone) AND (linktypeid = 3))", "Rows Removed by Filter": 10186, "Workers": []}, {"Node Type": "Index Only Scan", "Parent Relationship": "Inner", "Parallel Aware": false, "Async Capable": false, "Scan Direction": "Forward", "Index Name": "posts_pkey", "Relation Name": "posts", "Alias": "p", "Startup Cost": 0.29, "Total Cost": 1.66, "Plan Rows": 1, "Plan Width": 4, "Actual Rows": 1, "Actual Loops": 2748, "Index Cond": "(id = pl.postid)", "Rows Removed by Index Recheck": 0, "Heap Fetches": 0, "Workers": []}]}]}]}]}]}]}, "Planning Time": 7.036, "Triggers": [], "Execution Time": 99.469}, {"Plan": {"Node Type": "Aggregate", "Strategy": "Plain", "Partial Mode": "Finalize", "Parallel Aware": false, "Async Capable": false, "Startup Cost": 6656.67, "Total Cost": 6656.68, "Plan Rows": 1, "Plan Width": 8, "Actual Rows": 1, "Actual Loops": 1, "Plans": [{"Node Type": "Gather", "Parent Relationship": "Outer", "Parallel Aware": false, "Async Capable": false, "Startup Cost": 6656.46, "Total Cost": 6656.67, "Plan Rows": 2, "Plan Width": 8, "Actual Rows": 3, "Actual Loops": 1, "Workers Planned": 2, "Workers Launched": 2, "Single Copy": false, "Plans": [{"Node Type": "Aggregate", "Strategy": "Plain", "Partial Mode": "Partial", "Parent Relationship": "Outer", "Parallel Aware": false, "Async Capable": false, "Startup Cost": 5656.46, "Total Cost": 5656.47, "Plan Rows": 1, "Plan Width": 8, "Actual Rows": 1, "Actual Loops": 3, "Workers": [], "Plans": [{"Node Type": "Merge Join", "Parent Relationship": "Outer", "Parallel Aware": false, "Async Capable": false, "Join Type": "Inner", "Startup Cost": 2551.08, "Total Cost": 5648.99, "Plan Rows": 4805.0, "Plan Width": 0, "Actual Rows": 2653, "Actual Loops": 3, "Inner Unique": false, "Merge Cond": "(c.postid = pl.postid)", "Workers": [], "Plans": [{"Node Type": "Index Only Scan", "Parent Relationship": "Outer", "Parallel Aware": true, "Async Capable": false, "Scan Direction": "Forward", "Index Name": "idx_comments_postid", "Relation Name": "comments", "Alias": "c", "Startup Cost": 0.42, "Total Cost": 2872.37, "Plan Rows": 72627, "Plan Width": 4, "Actual Rows": 28584, "Actual Loops": 3, "Heap Fetches": 0, "Workers": []}, {"Node Type": "Sort", "Parent Relationship": "Inner", "Parallel Aware": false, "Async Capable": false, "Startup Cost": 2550.58, "Total Cost": 2555.84, "Plan Rows": 1358.0, "Plan Width": 16, "Actual Rows": 4567, "Actual Loops": 3, "Sort Key": ["pl.postid"], "Sort Method": "quicksort", "Sort Space Used": 200, "Sort Space Type": "Memory", "Workers": [{"Worker Number": 0, "Sort Method": "quicksort", "Sort Space Used": 200, "Sort Space Type": "Memory"}, {"Worker Number": 1, "Sort Method": "quicksort", "Sort Space Used": 200, "Sort Space Type": "Memory"}], "Plans": [{"Node Type": "Nested Loop", "Parent Relationship": "Outer", "Parallel Aware": false, "Async Capable": false, "Join Type": "Inner", "Startup Cost": 1.14, "Total Cost": 2434.32, "Plan Rows": 1358.0, "Plan Width": 16, "Actual Rows": 2646, "Actual Loops": 3, "Inner Unique": false, "Join Filter": "(pl.postid = ph.postid)", "Rows Removed by Join Filter": 0, "Workers": [], "Plans": [{"Node Type": "Nested Loop", "Parent Relationship": "Outer", "Parallel Aware": false, "Async Capable": false, "Join Type": "Inner", "Startup Cost": 0.71, "Total Cost": 2126.55, "Plan Rows": 629.0, "Plan Width": 12, "Actual Rows": 354, "Actual Loops": 3, "Inner Unique": false, "Join Filter": "(pl.postid = v.postid)", "Rows Removed by Join Filter": 0, "Workers": [], "Plans": [{"Node Type": "Nested Loop", "Parent Relationship": "Outer", "Parallel Aware": false, "Async Capable": false, "Join Type": "Inner", "Startup Cost": 0.29, "Total Cost": 1591.01, "Plan Rows": 122.0, "Plan Width": 8, "Actual Rows": 916, "Actual Loops": 3, "Inner Unique": true, "Workers": [], "Plans": [{"Node Type": "Seq Scan", "Parent Relationship": "Outer", "Parallel Aware": false, "Async Capable": false, "Relation Name": "postlinks", "Alias": "pl", "Startup Cost": 0.0, "Total Cost": 248.53, "Plan Rows": 808, "Plan Width": 4, "Actual Rows": 916, "Actual Loops": 3, "Filter": "((creationdate >= '2011-12-27 18:26:47'::timestamp without time zone) AND (linktypeid = 3))", "Rows Removed by Filter": 10186, "Workers": []}, {"Node Type": "Index Only Scan", "Parent Relationship": "Inner", "Parallel Aware": false, "Async Capable": false, "Scan Direction": "Forward", "Index Name": "posts_pkey", "Relation Name": "posts", "Alias": "p", "Startup Cost": 0.29, "Total Cost": 1.66, "Plan Rows": 1, "Plan Width": 4, "Actual Rows": 1, "Actual Loops": 2748, "Index Cond": "(id = pl.postid)", "Rows Removed by Index Recheck": 0, "Heap Fetches": 0, "Workers": []}]}, {"Node Type": "Index Scan", "Parent Relationship": "Inner", "Parallel Aware": false, "Async Capable": false, "Scan Direction": "Forward", "Index Name": "idx_votes_postid", "Relation Name": "votes", "Alias": "v", "Startup Cost": 0.42, "Total Cost": 0.65, "Plan Rows": 1, "Plan Width": 4, "Actual Rows": 0, "Actual Loops": 2748, "Index Cond": "(postid = p.id)", "Rows Removed by Index Recheck": 0, "Filter": "((creationdate >= '2012-09-22 22:54:05'::timestamp without time zone) AND (creationdate <= '2013-03-19 09:48:06'::timestamp without time zone))", "Rows Removed by Filter": 2, "Workers": []}]}, {"Node Type": "Index Only Scan", "Parent Relationship": "Inner", "Parallel Aware": false, "Async Capable": false, "Scan Direction": "Forward", "Index Name": "idx_posthistory_postid", "Relation Name": "posthistory", "Alias": "ph", "Startup Cost": 0.42, "Total Cost": 0.52, "Plan Rows": 4, "Plan Width": 4, "Actual Rows": 7, "Actual Loops": 1062, "Index Cond": "(postid = p.id)", "Rows Removed by Index Recheck": 0, "Heap Fetches": 0, "Workers": []}]}]}]}]}]}]}, "Planning Time": 10.989, "Triggers": [], "Execution Time": 35.233}, {"Plan": {"Node Type": "Aggregate", "Strategy": "Plain", "Partial Mode": "Finalize", "Parallel Aware": false, "Async Capable": false, "Startup Cost": 17114.83, "Total Cost": 17114.84, "Plan Rows": 1, "Plan Width": 8, "Actual Rows": 1, "Actual Loops": 1, "Plans": [{"Node Type": "Gather", "Parent Relationship": "Outer", "Parallel Aware": false, "Async Capable": false, "Startup Cost": 17114.62, "Total Cost": 17114.83, "Plan Rows": 2, "Plan Width": 8, "Actual Rows": 3, "Actual Loops": 1, "Workers Planned": 2, "Workers Launched": 2, "Single Copy": false, "Plans": [{"Node Type": "Aggregate", "Strategy": "Plain", "Partial Mode": "Partial", "Parent Relationship": "Outer", "Parallel Aware": false, "Async Capable": false, "Startup Cost": 16114.62, "Total Cost": 16114.63, "Plan Rows": 1, "Plan Width": 8, "Actual Rows": 1, "Actual Loops": 3, "Workers": [], "Plans": [{"Node Type": "Merge Join", "Parent Relationship": "Outer", "Parallel Aware": false, "Async Capable": false, "Join Type": "Inner", "Startup Cost": 2152.45, "Total Cost": 16107.15, "Plan Rows": 4805.0, "Plan Width": 0, "Actual Rows": 2653, "Actual Loops": 3, "Inner Unique": false, "Merge Cond": "(c.postid = pl.postid)", "Workers": [], "Plans": [{"Node Type": "Merge Join", "Parent Relationship": "Outer", "Parallel Aware": false, "Async Capable": false, "Join Type": "Inner", "Startup Cost": 0.84, "Total Cost": 13215.78, "Plan Rows": 8877.0, "Plan Width": 8, "Actual Rows": 112366, "Actual Loops": 3, "Inner Unique": false, "Merge Cond": "(c.postid = ph.postid)", "Workers": [], "Plans": [{"Node Type": "Index Only Scan", "Parent Relationship": "Outer", "Parallel Aware": true, "Async Capable": false, "Scan Direction": "Forward", "Index Name": "idx_comments_postid", "Relation Name": "comments", "Alias": "c", "Startup Cost": 0.42, "Total Cost": 2872.37, "Plan Rows": 72627, "Plan Width": 4, "Actual Rows": 28584, "Actual Loops": 3, "Heap Fetches": 0, "Workers": []}, {"Node Type": "Index Only Scan", "Parent Relationship": "Inner", "Parallel Aware": false, "Async Capable": false, "Scan Direction": "Forward", "Index Name": "idx_posthistory_postid", "Relation Name": "posthistory", "Alias": "ph", "Startup Cost": 0.42, "Total Cost": 6615.98, "Plan Rows": 303187, "Plan Width": 4, "Actual Rows": 221124, "Actual Loops": 3, "Heap Fetches": 0, "Workers": []}]}, {"Node Type": "Sort", "Parent Relationship": "Inner", "Parallel Aware": false, "Async Capable": false, "Startup Cost": 2151.26, "Total Cost": 2152.62, "Plan Rows": 629.0, "Plan Width": 12, "Actual Rows": 2908, "Actual Loops": 3, "Sort Key": ["pl.postid"], "Sort Method": "quicksort", "Sort Space Used": 38, "Sort Space Type": "Memory", "Workers": [{"Worker Number": 0, "Sort Method": "quicksort", "Sort Space Used": 38, "Sort Space Type": "Memory"}, {"Worker Number": 1, "Sort Method": "quicksort", "Sort Space Used": 38, "Sort Space Type": "Memory"}], "Plans": [{"Node Type": "Nested Loop", "Parent Relationship": "Outer", "Parallel Aware": false, "Async Capable": false, "Join Type": "Inner", "Startup Cost": 0.71, "Total Cost": 2126.55, "Plan Rows": 629.0, "Plan Width": 12, "Actual Rows": 354, "Actual Loops": 3, "Inner Unique": false, "Join Filter": "(pl.postid = v.postid)", "Rows Removed by Join Filter": 0, "Workers": [], "Plans": [{"Node Type": "Nested Loop", "Parent Relationship": "Outer", "Parallel Aware": false, "Async Capable": false, "Join Type": "Inner", "Startup Cost": 0.29, "Total Cost": 1591.01, "Plan Rows": 122.0, "Plan Width": 8, "Actual Rows": 916, "Actual Loops": 3, "Inner Unique": true, "Workers": [], "Plans": [{"Node Type": "Seq Scan", "Parent Relationship": "Outer", "Parallel Aware": false, "Async Capable": false, "Relation Name": "postlinks", "Alias": "pl", "Startup Cost": 0.0, "Total Cost": 248.53, "Plan Rows": 808, "Plan Width": 4, "Actual Rows": 916, "Actual Loops": 3, "Filter": "((creationdate >= '2011-12-27 18:26:47'::timestamp without time zone) AND (linktypeid = 3))", "Rows Removed by Filter": 10186, "Workers": []}, {"Node Type": "Index Only Scan", "Parent Relationship": "Inner", "Parallel Aware": false, "Async Capable": false, "Scan Direction": "Forward", "Index Name": "posts_pkey", "Relation Name": "posts", "Alias": "p", "Startup Cost": 0.29, "Total Cost": 1.66, "Plan Rows": 1, "Plan Width": 4, "Actual Rows": 1, "Actual Loops": 2748, "Index Cond": "(id = pl.postid)", "Rows Removed by Index Recheck": 0, "Heap Fetches": 0, "Workers": []}]}, {"Node Type": "Index Scan", "Parent Relationship": "Inner", "Parallel Aware": false, "Async Capable": false, "Scan Direction": "Forward", "Index Name": "idx_votes_postid", "Relation Name": "votes", "Alias": "v", "Startup Cost": 0.42, "Total Cost": 0.65, "Plan Rows": 1, "Plan Width": 4, "Actual Rows": 0, "Actual Loops": 2748, "Index Cond": "(postid = p.id)", "Rows Removed by Index Recheck": 0, "Filter": "((creationdate >= '2012-09-22 22:54:05'::timestamp without time zone) AND (creationdate <= '2013-03-19 09:48:06'::timestamp without time zone))", "Rows Removed by Filter": 2, "Workers": []}]}]}]}]}]}]}, "Planning Time": 4.867, "Triggers": [], "Execution Time": 53.854}, {"Plan": {"Node Type": "Aggregate", "Strategy": "Plain", "Partial Mode": "Simple", "Parallel Aware": false, "Async Capable": false, "Startup Cost": 6195.33, "Total Cost": 6195.34, "Plan Rows": 1, "Plan Width": 8, "Actual Rows": 1, "Actual Loops": 1, "Plans": [{"Node Type": "Nested Loop", "Parent Relationship": "Outer", "Parallel Aware": false, "Async Capable": false, "Join Type": "Inner", "Startup Cost": 1.57, "Total Cost": 6177.42, "Plan Rows": 4805.0, "Plan Width": 0, "Actual Rows": 7959, "Actual Loops": 1, "Inner Unique": true, "Plans": [{"Node Type": "Nested Loop", "Parent Relationship": "Outer", "Parallel Aware": false, "Async Capable": false, "Join Type": "Inner", "Startup Cost": 1.27, "Total Cost": 4677.6, "Plan Rows": 10568.0, "Plan Width": 16, "Actual Rows": 7959, "Actual Loops": 1, "Inner Unique": false, "Join Filter": "(pl.postid = ph.postid)", "Rows Removed by Join Filter": 0, "Plans": [{"Node Type": "Nested Loop", "Parent Relationship": "Outer", "Parallel Aware": false, "Async Capable": false, "Join Type": "Inner", "Startup Cost": 0.84, "Total Cost": 3650.71, "Plan Rows": 3131.0, "Plan Width": 12, "Actual Rows": 1018, "Actual Loops": 1, "Inner Unique": false, "Join Filter": "(pl.postid = v.postid)", "Rows Removed by Join Filter": 0, "Plans": [{"Node Type": "Nested Loop", "Parent Relationship": "Outer", "Parallel Aware": false, "Async Capable": false, "Join Type": "Inner", "Startup Cost": 0.42, "Total Cost": 1978.39, "Plan Rows": 1191.0, "Plan Width": 8, "Actual Rows": 2255, "Actual Loops": 1, "Inner Unique": false, "Plans": [{"Node Type": "Seq Scan", "Parent Relationship": "Outer", "Parallel Aware": false, "Async Capable": false, "Relation Name": "postlinks", "Alias": "pl", "Startup Cost": 0.0, "Total Cost": 248.53, "Plan Rows": 808, "Plan Width": 4, "Actual Rows": 916, "Actual Loops": 1, "Filter": "((creationdate >= '2011-12-27 18:26:47'::timestamp without time zone) AND (linktypeid = 3))", "Rows Removed by Filter": 10186}, {"Node Type": "Index Only Scan", "Parent Relationship": "Inner", "Parallel Aware": false, "Async Capable": false, "Scan Direction": "Forward", "Index Name": "idx_comments_postid", "Relation Name": "comments", "Alias": "c", "Startup Cost": 0.42, "Total Cost": 2.11, "Plan Rows": 3, "Plan Width": 4, "Actual Rows": 2, "Actual Loops": 916, "Index Cond": "(postid = pl.postid)", "Rows Removed by Index Recheck": 0, "Heap Fetches": 0}]}, {"Node Type": "Index Scan", "Parent Relationship": "Inner", "Parallel Aware": false, "Async Capable": false, "Scan Direction": "Forward", "Index Name": "idx_votes_postid", "Relation Name": "votes", "Alias": "v", "Startup Cost": 0.42, "Total Cost": 0.6, "Plan Rows": 1, "Plan Width": 4, "Actual Rows": 0, "Actual Loops": 2255, "Index Cond": "(postid = c.postid)", "Rows Removed by Index Recheck": 0, "Filter": "((creationdate >= '2012-09-22 22:54:05'::timestamp without time zone) AND (creationdate <= '2013-03-19 09:48:06'::timestamp without time zone))", "Rows Removed by Filter": 2}]}, {"Node Type": "Index Only Scan", "Parent Relationship": "Inner", "Parallel Aware": false, "Async Capable": false, "Scan Direction": "Forward", "Index Name": "idx_posthistory_postid", "Relation Name": "posthistory", "Alias": "ph", "Startup Cost": 0.42, "Total Cost": 0.5, "Plan Rows": 4, "Plan Width": 4, "Actual Rows": 8, "Actual Loops": 1018, "Index Cond": "(postid = c.postid)", "Rows Removed by Index Recheck": 0, "Heap Fetches": 0}]}, {"Node Type": "Memoize", "Parent Relationship": "Inner", "Parallel Aware": false, "Async Capable": false, "Startup Cost": 0.3, "Total Cost": 1.67, "Plan Rows": 1, "Plan Width": 4, "Actual Rows": 1, "Actual Loops": 7959, "Cache Key": "pl.postid", "Cache Mode": "logical", "Cache Hits": 7879, "Cache Misses": 80, "Cache Evictions": 0, "Cache Overflows": 0, "Peak Memory Usage": 9, "Plans": [{"Node Type": "Index Only Scan", "Parent Relationship": "Outer", "Parallel Aware": false, "Async Capable": false, "Scan Direction": "Forward", "Index Name": "posts_pkey", "Relation Name": "posts", "Alias": "p", "Startup Cost": 0.29, "Total Cost": 1.66, "Plan Rows": 1, "Plan Width": 4, "Actual Rows": 1, "Actual Loops": 80, "Index Cond": "(id = pl.postid)", "Rows Removed by Index Recheck": 0, "Heap Fetches": 0}]}]}]}, "Planning Time": 4.401, "Triggers": [], "Execution Time": 9.051}, {"Plan": {"Node Type": "Aggregate", "Strategy": "Plain", "Partial Mode": "Simple", "Parallel Aware": false, "Async Capable": false, "Startup Cost": 18948.67, "Total Cost": 18948.68, "Plan Rows": 1, "Plan Width": 8, "Actual Rows": 1, "Actual Loops": 1, "Plans": [{"Node Type": "Merge Join", "Parent Relationship": "Outer", "Parallel Aware": false, "Async Capable": false, "Join Type": "Inner", "Startup Cost": 10083.75, "Total Cost": 18930.75, "Plan Rows": 4805.0, "Plan Width": 0, "Actual Rows": 7959, "Actual Loops": 1, "Inner Unique": false, "Merge Cond": "(pl.postid = c.postid)", "Plans": [{"Node Type": "Nested Loop", "Parent Relationship": "Outer", "Parallel Aware": false, "Async Capable": false, "Join Type": "Inner", "Startup Cost": 1.0, "Total Cost": 2250.42, "Plan Rows": 430.0, "Plan Width": 12, "Actual Rows": 1927, "Actual Loops": 1, "Inner Unique": false, "Join Filter": "(pl.postid = ph.postid)", "Rows Removed by Join Filter": 0, "Plans": [{"Node Type": "Nested Loop", "Parent Relationship": "Outer", "Parallel Aware": false, "Async Capable": false, "Join Type": "Inner", "Startup Cost": 0.58, "Total Cost": 1793.28, "Plan Rows": 122.0, "Plan Width": 8, "Actual Rows": 280, "Actual Loops": 1, "Inner Unique": true, "Plans": [{"Node Type": "Index Scan", "Parent Relationship": "Outer", "Parallel Aware": false, "Async Capable": false, "Scan Direction": "Forward", "Index Name": "idx_postlinks_postid", "Relation Name": "postlinks", "Alias": "pl", "Startup Cost": 0.29, "Total Cost": 450.8, "Plan Rows": 808, "Plan Width": 4, "Actual Rows": 280, "Actual Loops": 1, "Filter": "((creationdate >= '2011-12-27 18:26:47'::timestamp without time zone) AND (linktypeid = 3))", "Rows Removed by Filter": 4371}, {"Node Type": "Index Only Scan", "Parent Relationship": "Inner", "Parallel Aware": false, "Async Capable": false, "Scan Direction": "Forward", "Index Name": "posts_pkey", "Relation Name": "posts", "Alias": "p", "Startup Cost": 0.29, "Total Cost": 1.66, "Plan Rows": 1, "Plan Width": 4, "Actual Rows": 1, "Actual Loops": 280, "Index Cond": "(id = pl.postid)", "Rows Removed by Index Recheck": 0, "Heap Fetches": 0}]}, {"Node Type": "Index Only Scan", "Parent Relationship": "Inner", "Parallel Aware": false, "Async Capable": false, "Scan Direction": "Forward", "Index Name": "idx_posthistory_postid", "Relation Name": "posthistory", "Alias": "ph", "Startup Cost": 0.42, "Total Cost": 0.52, "Plan Rows": 4, "Plan Width": 4, "Actual Rows": 7, "Actual Loops": 280, "Index Cond": "(postid = p.id)", "Rows Removed by Index Recheck": 0, "Heap Fetches": 0}]}, {"Node Type": "Materialize", "Parent Relationship": "Inner", "Parallel Aware": false, "Async Capable": false, "Startup Cost": 10082.58, "Total Cost": 16331.11, "Plan Rows": 9375.0, "Plan Width": 8, "Actual Rows": 108553, "Actual Loops": 1, "Plans": [{"Node Type": "Merge Join", "Parent Relationship": "Outer", "Parallel Aware": false, "Async Capable": false, "Join Type": "Inner", "Startup Cost": 10082.58, "Total Cost": 16056.24, "Plan Rows": 9375.0, "Plan Width": 8, "Actual Rows": 101557, "Actual Loops": 1, "Inner Unique": false, "Merge Cond": "(c.postid = v.postid)", "Plans": [{"Node Type": "Index Only Scan", "Parent Relationship": "Outer", "Parallel Aware": false, "Async Capable": false, "Scan Direction": "Forward", "Index Name": "idx_comments_postid", "Relation Name": "comments", "Alias": "c", "Startup Cost": 0.42, "Total Cost": 3889.15, "Plan Rows": 174305, "Plan Width": 4, "Actual Rows": 87133, "Actual Loops": 1, "Heap Fetches": 0}, {"Node Type": "Sort", "Parent Relationship": "Inner", "Parallel Aware": false, "Async Capable": false, "Startup Cost": 10082.16, "Total Cost": 10180.48, "Plan Rows": 39326, "Plan Width": 4, "Actual Rows": 113139, "Actual Loops": 1, "Sort Key": ["v.postid"], "Sort Method": "quicksort", "Sort Space Used": 1537, "Sort Space Type": "Memory", "Plans": [{"Node Type": "Seq Scan", "Parent Relationship": "Outer", "Parallel Aware": false, "Async Capable": false, "Relation Name": "votes", "Alias": "v", "Startup Cost": 0.0, "Total Cost": 7080.96, "Plan Rows": 39326, "Plan Width": 4, "Actual Rows": 38811, "Actual Loops": 1, "Filter": "((creationdate >= '2012-09-22 22:54:05'::timestamp without time zone) AND (creationdate <= '2013-03-19 09:48:06'::timestamp without time zone))", "Rows Removed by Filter": 289253}]}]}]}]}]}, "Planning Time": 5.222, "Triggers": [], "Execution Time": 85.619}, {"Plan": {"Node Type": "Aggregate", "Strategy": "Plain", "Partial Mode": "Simple", "Parallel Aware": false, "Async Capable": false, "Startup Cost": 3536.35, "Total Cost": 3536.36, "Plan Rows": 1, "Plan Width": 8, "Actual Rows": 1, "Actual Loops": 1, "Plans": [{"Node Type": "Nested Loop", "Parent Relationship": "Outer", "Parallel Aware": false, "Async Capable": false, "Join Type": "Inner", "Startup Cost": 1.56, "Total Cost": 3518.44, "Plan Rows": 4805.0, "Plan Width": 0, "Actual Rows": 7959, "Actual Loops": 1, "Inner Unique": false, "Join Filter": "(c.postid = pl.postid)", "Rows Removed by Join Filter": 0, "Plans": [{"Node Type": "Nested Loop", "Parent Relationship": "Outer", "Parallel Aware": false, "Async Capable": false, "Join Type": "Inner", "Startup Cost": 1.14, "Total Cost": 2434.32, "Plan Rows": 1358.0, "Plan Width": 16, "Actual Rows": 2646, "Actual Loops": 1, "Inner Unique": false, "Join Filter": "(pl.postid = ph.postid)", "Rows Removed by Join Filter": 0, "Plans": [{"Node Type": "Nested Loop", "Parent Relationship": "Outer", "Parallel Aware": false, "Async Capable": false, "Join Type": "Inner", "Startup Cost": 0.71, "Total Cost": 2126.55, "Plan Rows": 629.0, "Plan Width": 12, "Actual Rows": 354, "Actual Loops": 1, "Inner Unique": false, "Join Filter": "(pl.postid = v.postid)", "Rows Removed by Join Filter": 0, "Plans": [{"Node Type": "Nested Loop", "Parent Relationship": "Outer", "Parallel Aware": false, "Async Capable": false, "Join Type": "Inner", "Startup Cost": 0.29, "Total Cost": 1591.01, "Plan Rows": 122.0, "Plan Width": 8, "Actual Rows": 916, "Actual Loops": 1, "Inner Unique": true, "Plans": [{"Node Type": "Seq Scan", "Parent Relationship": "Outer", "Parallel Aware": false, "Async Capable": false, "Relation Name": "postlinks", "Alias": "pl", "Startup Cost": 0.0, "Total Cost": 248.53, "Plan Rows": 808, "Plan Width": 4, "Actual Rows": 916, "Actual Loops": 1, "Filter": "((creationdate >= '2011-12-27 18:26:47'::timestamp without time zone) AND (linktypeid = 3))", "Rows Removed by Filter": 10186}, {"Node Type": "Index Only Scan", "Parent Relationship": "Inner", "Parallel Aware": false, "Async Capable": false, "Scan Direction": "Forward", "Index Name": "posts_pkey", "Relation Name": "posts", "Alias": "p", "Startup Cost": 0.29, "Total Cost": 1.66, "Plan Rows": 1, "Plan Width": 4, "Actual Rows": 1, "Actual Loops": 916, "Index Cond": "(id = pl.postid)", "Rows Removed by Index Recheck": 0, "Heap Fetches": 0}]}, {"Node Type": "Index Scan", "Parent Relationship": "Inner", "Parallel Aware": false, "Async Capable": false, "Scan Direction": "Forward", "Index Name": "idx_votes_postid", "Relation Name": "votes", "Alias": "v", "Startup Cost": 0.42, "Total Cost": 0.65, "Plan Rows": 1, "Plan Width": 4, "Actual Rows": 0, "Actual Loops": 916, "Index Cond": "(postid = p.id)", "Rows Removed by Index Recheck": 0, "Filter": "((creationdate >= '2012-09-22 22:54:05'::timestamp without time zone) AND (creationdate <= '2013-03-19 09:48:06'::timestamp without time zone))", "Rows Removed by Filter": 2}]}, {"Node Type": "Index Only Scan", "Parent Relationship": "Inner", "Parallel Aware": false, "Async Capable": false, "Scan Direction": "Forward", "Index Name": "idx_posthistory_postid", "Relation Name": "posthistory", "Alias": "ph", "Startup Cost": 0.42, "Total Cost": 0.52, "Plan Rows": 4, "Plan Width": 4, "Actual Rows": 7, "Actual Loops": 354, "Index Cond": "(postid = p.id)", "Rows Removed by Index Recheck": 0, "Heap Fetches": 0}]}, {"Node Type": "Index Only Scan", "Parent Relationship": "Inner", "Parallel Aware": false, "Async Capable": false, "Scan Direction": "Forward", "Index Name": "idx_comments_postid", "Relation Name": "comments", "Alias": "c", "Startup Cost": 0.42, "Total Cost": 0.48, "Plan Rows": 3, "Plan Width": 4, "Actual Rows": 3, "Actual Loops": 2646, "Index Cond": "(postid = ph.postid)", "Rows Removed by Index Recheck": 0, "Heap Fetches": 0}]}]}, "Planning Time": 4.511, "Triggers": [], "Execution Time": 7.139}, {"Plan": {"Node Type": "Aggregate", "Strategy": "Plain", "Partial Mode": "Simple", "Parallel Aware": false, "Async Capable": false, "Startup Cost": 22261.13, "Total Cost": 22261.14, "Plan Rows": 1, "Plan Width": 8, "Actual Rows": 1, "Actual Loops": 1, "Plans": [{"Node Type": "Hash Join", "Parent Relationship": "Outer", "Parallel Aware": false, "Async Capable": false, "Join Type": "Inner", "Startup Cost": 20205.71, "Total Cost": 22243.21, "Plan Rows": 4805.0, "Plan Width": 0, "Actual Rows": 7959, "Actual Loops": 1, "Inner Unique": false, "Hash Cond": "(pl.postid = p.id)", "Plans": [{"Node Type": "Nested Loop", "Parent Relationship": "Outer", "Parallel Aware": false, "Async Capable": false, "Join Type": "Inner", "Startup Cost": 0.42, "Total Cost": 1978.39, "Plan Rows": 1191.0, "Plan Width": 8, "Actual Rows": 2255, "Actual Loops": 1, "Inner Unique": false, "Plans": [{"Node Type": "Seq Scan", "Parent Relationship": "Outer", "Parallel Aware": false, "Async Capable": false, "Relation Name": "postlinks", "Alias": "pl", "Startup Cost": 0.0, "Total Cost": 248.53, "Plan Rows": 808, "Plan Width": 4, "Actual Rows": 916, "Actual Loops": 1, "Filter": "((creationdate >= '2011-12-27 18:26:47'::timestamp without time zone) AND (linktypeid = 3))", "Rows Removed by Filter": 10186}, {"Node Type": "Index Only Scan", "Parent Relationship": "Inner", "Parallel Aware": false, "Async Capable": false, "Scan Direction": "Forward", "Index Name": "idx_comments_postid", "Relation Name": "comments", "Alias": "c", "Startup Cost": 0.42, "Total Cost": 2.11, "Plan Rows": 3, "Plan Width": 4, "Actual Rows": 2, "Actual Loops": 916, "Index Cond": "(postid = pl.postid)", "Rows Removed by Index Recheck": 0, "Heap Fetches": 0}]}, {"Node Type": "Hash", "Parent Relationship": "Inner", "Parallel Aware": false, "Async Capable": false, "Startup Cost": 18290.38, "Total Cost": 18290.38, "Plan Rows": 2737.0, "Plan Width": 12, "Actual Rows": 160732, "Actual Loops": 1, "Hash Buckets": 262144, "Original Hash Buckets": 262144, "Hash Batches": 1, "Original Hash Batches": 1, "Peak Memory Usage": 8955, "Plans": [{"Node Type": "Hash Join", "Parent Relationship": "Outer", "Parallel Aware": false, "Async Capable": false, "Join Type": "Inner", "Startup Cost": 10585.23, "Total Cost": 18290.38, "Plan Rows": 2737.0, "Plan Width": 12, "Actual Rows": 160732, "Actual Loops": 1, "Inner Unique": false, "Hash Cond": "(ph.postid = p.id)", "Plans": [{"Node Type": "Seq Scan", "Parent Relationship": "Outer", "Parallel Aware": false, "Async Capable": false, "Relation Name": "posthistory", "Alias": "ph", "Startup Cost": 0.0, "Total Cost": 5271.87, "Plan Rows": 303187, "Plan Width": 4, "Actual Rows": 303187, "Actual Loops": 1}, {"Node Type": "Hash", "Parent Relationship": "Inner", "Parallel Aware": false, "Async Capable": false, "Startup Cost": 10093.65, "Total Cost": 10093.65, "Plan Rows": 1132.0, "Plan Width": 8, "Actual Rows": 38811, "Actual Loops": 1, "Hash Buckets": 65536, "Original Hash Buckets": 65536, "Hash Batches": 1, "Original Hash Batches": 1, "Peak Memory Usage": 2029, "Plans": [{"Node Type": "Hash Join", "Parent Relationship": "Outer", "Parallel Aware": false, "Async Capable": false, "Join Type": "Inner", "Startup Cost": 2909.46, "Total Cost": 10093.65, "Plan Rows": 1132.0, "Plan Width": 8, "Actual Rows": 38811, "Actual Loops": 1, "Inner Unique": true, "Hash Cond": "(v.postid = p.id)", "Plans": [{"Node Type": "Seq Scan", "Parent Relationship": "Outer", "Parallel Aware": false, "Async Capable": false, "Relation Name": "votes", "Alias": "v", "Startup Cost": 0.0, "Total Cost": 7080.96, "Plan Rows": 39326, "Plan Width": 4, "Actual Rows": 38811, "Actual Loops": 1, "Filter": "((creationdate >= '2012-09-22 22:54:05'::timestamp without time zone) AND (creationdate <= '2013-03-19 09:48:06'::timestamp without time zone))", "Rows Removed by Filter": 289253}, {"Node Type": "Hash", "Parent Relationship": "Inner", "Parallel Aware": false, "Async Capable": false, "Startup Cost": 1759.76, "Total Cost": 1759.76, "Plan Rows": 91976, "Plan Width": 4, "Actual Rows": 91976, "Actual Loops": 1, "Hash Buckets": 131072, "Original Hash Buckets": 131072, "Hash Batches": 1, "Original Hash Batches": 1, "Peak Memory Usage": 4258, "Plans": [{"Node Type": "Seq Scan", "Parent Relationship": "Outer", "Parallel Aware": false, "Async Capable": false, "Relation Name": "posts", "Alias": "p", "Startup Cost": 0.0, "Total Cost": 1759.76, "Plan Rows": 91976, "Plan Width": 4, "Actual Rows": 91976, "Actual Loops": 1}]}]}]}]}]}]}]}, "Planning Time": 5.964, "Triggers": [], "Execution Time": 275.125}, {"Plan": {"Node Type": "Aggregate", "Strategy": "Plain", "Partial Mode": "Finalize", "Parallel Aware": false, "Async Capable": false, "Startup Cost": 14195.41, "Total Cost": 14195.42, "Plan Rows": 1, "Plan Width": 8, "Actual Rows": 1, "Actual Loops": 1, "Plans": [{"Node Type": "Gather", "Parent Relationship": "Outer", "Parallel Aware": false, "Async Capable": false, "Startup Cost": 14195.2, "Total Cost": 14195.41, "Plan Rows": 2, "Plan Width": 8, "Actual Rows": 3, "Actual Loops": 1, "Workers Planned": 2, "Workers Launched": 2, "Single Copy": false, "Plans": [{"Node Type": "Aggregate", "Strategy": "Plain", "Partial Mode": "Partial", "Parent Relationship": "Outer", "Parallel Aware": false, "Async Capable": false, "Startup Cost": 13195.2, "Total Cost": 13195.21, "Plan Rows": 1, "Plan Width": 8, "Actual Rows": 1, "Actual Loops": 3, "Workers": [], "Plans": [{"Node Type": "Merge Join", "Parent Relationship": "Outer", "Parallel Aware": false, "Async Capable": false, "Join Type": "Inner", "Startup Cost": 3752.17, "Total Cost": 13187.74, "Plan Rows": 4805.0, "Plan Width": 0, "Actual Rows": 2653, "Actual Loops": 3, "Inner Unique": false, "Merge Cond": "(p.id = pl.postid)", "Workers": [], "Plans": [{"Node Type": "Merge Join", "Parent Relationship": "Outer", "Parallel Aware": false, "Async Capable": false, "Join Type": "Inner", "Startup Cost": 0.71, "Total Cost": 9084.34, "Plan Rows": 1609.0, "Plan Width": 8, "Actual Rows": 46470, "Actual Loops": 3, "Inner Unique": true, "Merge Cond": "(ph.postid = p.id)", "Workers": [], "Plans": [{"Node Type": "Index Only Scan", "Parent Relationship": "Outer", "Parallel Aware": true, "Async Capable": false, "Scan Direction": "Forward", "Index Name": "idx_posthistory_postid", "Relation Name": "posthistory", "Alias": "ph", "Startup Cost": 0.42, "Total Cost": 4847.39, "Plan Rows": 126328, "Plan Width": 4, "Actual Rows": 46470, "Actual Loops": 3, "Heap Fetches": 0, "Workers": []}, {"Node Type": "Index Only Scan", "Parent Relationship": "Inner", "Parallel Aware": false, "Async Capable": false, "Scan Direction": "Forward", "Index Name": "posts_pkey", "Relation Name": "posts", "Alias": "p", "Startup Cost": 0.29, "Total Cost": 2427.94, "Plan Rows": 91976, "Plan Width": 4, "Actual Rows": 43061, "Actual Loops": 3, "Heap Fetches": 0, "Workers": []}]}, {"Node Type": "Sort", "Parent Relationship": "Inner", "Parallel Aware": false, "Async Capable": false, "Startup Cost": 3751.16, "Total Cost": 3755.79, "Plan Rows": 3131.0, "Plan Width": 12, "Actual Rows": 3331, "Actual Loops": 3, "Sort Key": ["c.postid"], "Sort Method": "quicksort", "Sort Space Used": 64, "Sort Space Type": "Memory", "Workers": [{"Worker Number": 0, "Sort Method": "quicksort", "Sort Space Used": 64, "Sort Space Type": "Memory"}, {"Worker Number": 1, "Sort Method": "quicksort", "Sort Space Used": 64, "Sort Space Type": "Memory"}], "Plans": [{"Node Type": "Nested Loop", "Parent Relationship": "Outer", "Parallel Aware": false, "Async Capable": false, "Join Type": "Inner", "Startup Cost": 0.84, "Total Cost": 3650.71, "Plan Rows": 3131.0, "Plan Width": 12, "Actual Rows": 1018, "Actual Loops": 3, "Inner Unique": false, "Join Filter": "(pl.postid = v.postid)", "Rows Removed by Join Filter": 0, "Workers": [], "Plans": [{"Node Type": "Nested Loop", "Parent Relationship": "Outer", "Parallel Aware": false, "Async Capable": false, "Join Type": "Inner", "Startup Cost": 0.42, "Total Cost": 1978.39, "Plan Rows": 1191.0, "Plan Width": 8, "Actual Rows": 2255, "Actual Loops": 3, "Inner Unique": false, "Workers": [], "Plans": [{"Node Type": "Seq Scan", "Parent Relationship": "Outer", "Parallel Aware": false, "Async Capable": false, "Relation Name": "postlinks", "Alias": "pl", "Startup Cost": 0.0, "Total Cost": 248.53, "Plan Rows": 808, "Plan Width": 4, "Actual Rows": 916, "Actual Loops": 3, "Filter": "((creationdate >= '2011-12-27 18:26:47'::timestamp without time zone) AND (linktypeid = 3))", "Rows Removed by Filter": 10186, "Workers": []}, {"Node Type": "Index Only Scan", "Parent Relationship": "Inner", "Parallel Aware": false, "Async Capable": false, "Scan Direction": "Forward", "Index Name": "idx_comments_postid", "Relation Name": "comments", "Alias": "c", "Startup Cost": 0.42, "Total Cost": 2.11, "Plan Rows": 3, "Plan Width": 4, "Actual Rows": 2, "Actual Loops": 2748, "Index Cond": "(postid = pl.postid)", "Rows Removed by Index Recheck": 0, "Heap Fetches": 0, "Workers": []}]}, {"Node Type": "Index Scan", "Parent Relationship": "Inner", "Parallel Aware": false, "Async Capable": false, "Scan Direction": "Forward", "Index Name": "idx_votes_postid", "Relation Name": "votes", "Alias": "v", "Startup Cost": 0.42, "Total Cost": 0.6, "Plan Rows": 1, "Plan Width": 4, "Actual Rows": 0, "Actual Loops": 6765, "Index Cond": "(postid = c.postid)", "Rows Removed by Index Recheck": 0, "Filter": "((creationdate >= '2012-09-22 22:54:05'::timestamp without time zone) AND (creationdate <= '2013-03-19 09:48:06'::timestamp without time zone))", "Rows Removed by Filter": 2, "Workers": []}]}]}]}]}]}]}, "Planning Time": 7.858, "Triggers": [], "Execution Time": 40.545}, {"Plan": {"Node Type": "Aggregate", "Strategy": "Plain", "Partial Mode": "Finalize", "Parallel Aware": false, "Async Capable": false, "Startup Cost": 12108.18, "Total Cost": 12108.19, "Plan Rows": 1, "Plan Width": 8, "Actual Rows": 1, "Actual Loops": 1, "Plans": [{"Node Type": "Gather", "Parent Relationship": "Outer", "Parallel Aware": false, "Async Capable": false, "Startup Cost": 12107.97, "Total Cost": 12108.18, "Plan Rows": 2, "Plan Width": 8, "Actual Rows": 3, "Actual Loops": 1, "Workers Planned": 2, "Workers Launched": 2, "Single Copy": false, "Plans": [{"Node Type": "Aggregate", "Strategy": "Plain", "Partial Mode": "Partial", "Parent Relationship": "Outer", "Parallel Aware": false, "Async Capable": false, "Startup Cost": 11107.97, "Total Cost": 11107.98, "Plan Rows": 1, "Plan Width": 8, "Actual Rows": 1, "Actual Loops": 3, "Workers": [], "Plans": [{"Node Type": "Merge Join", "Parent Relationship": "Outer", "Parallel Aware": false, "Async Capable": false, "Join Type": "Inner", "Startup Cost": 4455.83, "Total Cost": 11100.5, "Plan Rows": 4805.0, "Plan Width": 0, "Actual Rows": 2653, "Actual Loops": 3, "Inner Unique": false, "Merge Cond": "(p.id = pl.postid)", "Workers": [], "Plans": [{"Node Type": "Merge Join", "Parent Relationship": "Outer", "Parallel Aware": false, "Async Capable": false, "Join Type": "Inner", "Startup Cost": 0.71, "Total Cost": 6438.03, "Plan Rows": 1003.0, "Plan Width": 8, "Actual Rows": 28584, "Actual Loops": 3, "Inner Unique": true, "Merge Cond": "(c.postid = p.id)", "Workers": [], "Plans": [{"Node Type": "Index Only Scan", "Parent Relationship": "Outer", "Parallel Aware": true, "Async Capable": false, "Scan Direction": "Forward", "Index Name": "idx_comments_postid", "Relation Name": "comments", "Alias": "c", "Startup Cost": 0.42, "Total Cost": 2872.37, "Plan Rows": 72627, "Plan Width": 4, "Actual Rows": 28584, "Actual Loops": 3, "Heap Fetches": 0, "Workers": []}, {"Node Type": "Index Only Scan", "Parent Relationship": "Inner", "Parallel Aware": false, "Async Capable": false, "Scan Direction": "Forward", "Index Name": "posts_pkey", "Relation Name": "posts", "Alias": "p", "Startup Cost": 0.29, "Total Cost": 2427.94, "Plan Rows": 91976, "Plan Width": 4, "Actual Rows": 42993, "Actual Loops": 3, "Heap Fetches": 0, "Workers": []}]}, {"Node Type": "Sort", "Parent Relationship": "Inner", "Parallel Aware": false, "Async Capable": false, "Startup Cost": 4454.93, "Total Cost": 4460.2, "Plan Rows": 3226.0, "Plan Width": 12, "Actual Rows": 4567, "Actual Loops": 3, "Sort Key": ["pl.postid"], "Sort Method": "quicksort", "Sort Space Used": 200, "Sort Space Type": "Memory", "Workers": [{"Worker Number": 0, "Sort Method": "quicksort", "Sort Space Used": 200, "Sort Space Type": "Memory"}, {"Worker Number": 1, "Sort Method": "quicksort", "Sort Space Used": 200, "Sort Space Type": "Memory"}], "Plans": [{"Node Type": "Nested Loop", "Parent Relationship": "Outer", "Parallel Aware": false, "Async Capable": false, "Join Type": "Inner", "Startup Cost": 0.84, "Total Cost": 4338.68, "Plan Rows": 3226.0, "Plan Width": 12, "Actual Rows": 2646, "Actual Loops": 3, "Inner Unique": false, "Join Filter": "(pl.postid = v.postid)", "Rows Removed by Join Filter": 0, "Workers": [], "Plans": [{"Node Type": "Nested Loop", "Parent Relationship": "Outer", "Parallel Aware": false, "Async Capable": false, "Join Type": "Inner", "Startup Cost": 0.42, "Total Cost": 2516.7, "Plan Rows": 942.0, "Plan Width": 8, "Actual Rows": 5338, "Actual Loops": 3, "Inner Unique": false, "Workers": [], "Plans": [{"Node Type": "Seq Scan", "Parent Relationship": "Outer", "Parallel Aware": false, "Async Capable": false, "Relation Name": "postlinks", "Alias": "pl", "Startup Cost": 0.0, "Total Cost": 248.53, "Plan Rows": 808, "Plan Width": 4, "Actual Rows": 916, "Actual Loops": 3, "Filter": "((creationdate >= '2011-12-27 18:26:47'::timestamp without time zone) AND (linktypeid = 3))", "Rows Removed by Filter": 10186, "Workers": []}, {"Node Type": "Index Only Scan", "Parent Relationship": "Inner", "Parallel Aware": false, "Async Capable": false, "Scan Direction": "Forward", "Index Name": "idx_posthistory_postid", "Relation Name": "posthistory", "Alias": "ph", "Startup Cost": 0.42, "Total Cost": 2.77, "Plan Rows": 4, "Plan Width": 4, "Actual Rows": 6, "Actual Loops": 2748, "Index Cond": "(postid = pl.postid)", "Rows Removed by Index Recheck": 0, "Heap Fetches": 0, "Workers": []}]}, {"Node Type": "Index Scan", "Parent Relationship": "Inner", "Parallel Aware": false, "Async Capable": false, "Scan Direction": "Forward", "Index Name": "idx_votes_postid", "Relation Name": "votes", "Alias": "v", "Startup Cost": 0.42, "Total Cost": 0.57, "Plan Rows": 1, "Plan Width": 4, "Actual Rows": 0, "Actual Loops": 16014, "Index Cond": "(postid = ph.postid)", "Rows Removed by Index Recheck": 0, "Filter": "((creationdate >= '2012-09-22 22:54:05'::timestamp without time zone) AND (creationdate <= '2013-03-19 09:48:06'::timestamp without time zone))", "Rows Removed by Filter": 2, "Workers": []}]}]}]}]}]}]}, "Planning Time": 7.89, "Triggers": [], "Execution Time": 55.467}, {"Plan": {"Node Type": "Aggregate", "Strategy": "Plain", "Partial Mode": "Finalize", "Parallel Aware": false, "Async Capable": false, "Startup Cost": 25598.69, "Total Cost": 25598.7, "Plan Rows": 1, "Plan Width": 8, "Actual Rows": 1, "Actual Loops": 1, "Plans": [{"Node Type": "Gather", "Parent Relationship": "Outer", "Parallel Aware": false, "Async Capable": false, "Startup Cost": 25598.47, "Total Cost": 25598.68, "Plan Rows": 2, "Plan Width": 8, "Actual Rows": 3, "Actual Loops": 1, "Workers Planned": 2, "Workers Launched": 2, "Single Copy": false, "Plans": [{"Node Type": "Aggregate", "Strategy": "Plain", "Partial Mode": "Partial", "Parent Relationship": "Outer", "Parallel Aware": false, "Async Capable": false, "Startup Cost": 24598.47, "Total Cost": 24598.48, "Plan Rows": 1, "Plan Width": 8, "Actual Rows": 1, "Actual Loops": 3, "Workers": [], "Plans": [{"Node Type": "Hash Join", "Parent Relationship": "Outer", "Parallel Aware": true, "Async Capable": false, "Join Type": "Inner", "Startup Cost": 5755.39, "Total Cost": 24591.01, "Plan Rows": 4805.0, "Plan Width": 0, "Actual Rows": 2653, "Actual Loops": 3, "Inner Unique": false, "Hash Cond": "(p.id = pl.postid)", "Workers": [], "Plans": [{"Node Type": "Merge Join", "Parent Relationship": "Outer", "Parallel Aware": false, "Async Capable": false, "Join Type": "Inner", "Startup Cost": 1.13, "Total Cost": 16387.51, "Plan Rows": 3760.0, "Plan Width": 12, "Actual Rows": 234695, "Actual Loops": 3, "Inner Unique": false, "Merge Cond": "(p.id = ph.postid)", "Workers": [], "Plans": [{"Node Type": "Merge Join", "Parent Relationship": "Outer", "Parallel Aware": false, "Async Capable": false, "Join Type": "Inner", "Startup Cost": 0.71, "Total Cost": 6438.03, "Plan Rows": 1003.0, "Plan Width": 8, "Actual Rows": 58102, "Actual Loops": 3, "Inner Unique": true, "Merge Cond": "(c.postid = p.id)", "Workers": [], "Plans": [{"Node Type": "Index Only Scan", "Parent Relationship": "Outer", "Parallel Aware": true, "Async Capable": false, "Scan Direction": "Forward", "Index Name": "idx_comments_postid", "Relation Name": "comments", "Alias": "c", "Startup Cost": 0.42, "Total Cost": 2872.37, "Plan Rows": 72627, "Plan Width": 4, "Actual Rows": 58102, "Actual Loops": 3, "Heap Fetches": 0, "Workers": []}, {"Node Type": "Index Only Scan", "Parent Relationship": "Inner", "Parallel Aware": false, "Async Capable": false, "Scan Direction": "Forward", "Index Name": "posts_pkey", "Relation Name": "posts", "Alias": "p", "Startup Cost": 0.29, "Total Cost": 2427.94, "Plan Rows": 91976, "Plan Width": 4, "Actual Rows": 91701, "Actual Loops": 3, "Heap Fetches": 0, "Workers": []}]}, {"Node Type": "Index Only Scan", "Parent Relationship": "Inner", "Parallel Aware": false, "Async Capable": false, "Scan Direction": "Forward", "Index Name": "idx_posthistory_postid", "Relation Name": "posthistory", "Alias": "ph", "Startup Cost": 0.42, "Total Cost": 6615.98, "Plan Rows": 303187, "Plan Width": 4, "Actual Rows": 472618, "Actual Loops": 3, "Heap Fetches": 0, "Workers": []}]}, {"Node Type": "Hash", "Parent Relationship": "Inner", "Parallel Aware": true, "Async Capable": false, "Startup Cost": 5750.26, "Total Cost": 5750.26, "Plan Rows": 884.0, "Plan Width": 8, "Actual Rows": 118, "Actual Loops": 3, "Hash Buckets": 1024, "Original Hash Buckets": 1024, "Hash Batches": 1, "Original Hash Batches": 1, "Peak Memory Usage": 104, "Workers": [], "Plans": [{"Node Type": "Hash Join", "Parent Relationship": "Outer", "Parallel Aware": false, "Async Capable": false, "Join Type": "Inner", "Startup Cost": 258.63, "Total Cost": 5750.26, "Plan Rows": 884.0, "Plan Width": 8, "Actual Rows": 118, "Actual Loops": 3, "Inner Unique": false, "Hash Cond": "(v.postid = pl.postid)", "Workers": [], "Plans": [{"Node Type": "Seq Scan", "Parent Relationship": "Outer", "Parallel Aware": true, "Async Capable": false, "Relation Name": "votes", "Alias": "v", "Startup Cost": 0.0, "Total Cost": 5054.68, "Plan Rows": 23133, "Plan Width": 4, "Actual Rows": 12937, "Actual Loops": 3, "Filter": "((creationdate >= '2012-09-22 22:54:05'::timestamp without time zone) AND (creationdate <= '2013-03-19 09:48:06'::timestamp without time zone))", "Rows Removed by Filter": 96418, "Workers": []}, {"Node Type": "Hash", "Parent Relationship": "Inner", "Parallel Aware": false, "Async Capable": false, "Startup Cost": 248.53, "Total Cost": 248.53, "Plan Rows": 808, "Plan Width": 4, "Actual Rows": 916, "Actual Loops": 3, "Hash Buckets": 1024, "Original Hash Buckets": 1024, "Hash Batches": 1, "Original Hash Batches": 1, "Peak Memory Usage": 41, "Workers": [], "Plans": [{"Node Type": "Seq Scan", "Parent Relationship": "Outer", "Parallel Aware": false, "Async Capable": false, "Relation Name": "postlinks", "Alias": "pl", "Startup Cost": 0.0, "Total Cost": 248.53, "Plan Rows": 808, "Plan Width": 4, "Actual Rows": 916, "Actual Loops": 3, "Filter": "((creationdate >= '2011-12-27 18:26:47'::timestamp without time zone) AND (linktypeid = 3))", "Rows Removed by Filter": 10186, "Workers": []}]}]}]}]}]}]}]}, "Planning Time": 7.007, "Triggers": [], "Execution Time": 103.687}, {"Plan": {"Node Type": "Aggregate", "Strategy": "Plain", "Partial Mode": "Simple", "Parallel Aware": false, "Async Capable": false, "Startup Cost": 22834.09, "Total Cost": 22834.1, "Plan Rows": 1, "Plan Width": 8, "Actual Rows": 1, "Actual Loops": 1, "Plans": [{"Node Type": "Merge Join", "Parent Relationship": "Outer", "Parallel Aware": false, "Async Capable": false, "Join Type": "Inner", "Startup Cost": 10089.49, "Total Cost": 22816.18, "Plan Rows": 4805.0, "Plan Width": 0, "Actual Rows": 7959, "Actual Loops": 1, "Inner Unique": false, "Merge Cond": "(pl.postid = v.postid)", "Plans": [{"Node Type": "Nested Loop", "Parent Relationship": "Outer", "Parallel Aware": false, "Async Capable": false, "Join Type": "Inner", "Startup Cost": 1.0, "Total Cost": 2218.08, "Plan Rows": 689.0, "Plan Width": 12, "Actual Rows": 658, "Actual Loops": 1, "Inner Unique": false, "Join Filter": "(c.postid = pl.postid)", "Rows Removed by Join Filter": 0, "Plans": [{"Node Type": "Nested Loop", "Parent Relationship": "Outer", "Parallel Aware": false, "Async Capable": false, "Join Type": "Inner", "Startup Cost": 0.58, "Total Cost": 1793.28, "Plan Rows": 122.0, "Plan Width": 8, "Actual Rows": 280, "Actual Loops": 1, "Inner Unique": true, "Plans": [{"Node Type": "Index Scan", "Parent Relationship": "Outer", "Parallel Aware": false, "Async Capable": false, "Scan Direction": "Forward", "Index Name": "idx_postlinks_postid", "Relation Name": "postlinks", "Alias": "pl", "Startup Cost": 0.29, "Total Cost": 450.8, "Plan Rows": 808, "Plan Width": 4, "Actual Rows": 280, "Actual Loops": 1, "Filter": "((creationdate >= '2011-12-27 18:26:47'::timestamp without time zone) AND (linktypeid = 3))", "Rows Removed by Filter": 4371}, {"Node Type": "Index Only Scan", "Parent Relationship": "Inner", "Parallel Aware": false, "Async Capable": false, "Scan Direction": "Forward", "Index Name": "posts_pkey", "Relation Name": "posts", "Alias": "p", "Startup Cost": 0.29, "Total Cost": 1.66, "Plan Rows": 1, "Plan Width": 4, "Actual Rows": 1, "Actual Loops": 280, "Index Cond": "(id = pl.postid)", "Rows Removed by Index Recheck": 0, "Heap Fetches": 0}]}, {"Node Type": "Index Only Scan", "Parent Relationship": "Inner", "Parallel Aware": false, "Async Capable": false, "Scan Direction": "Forward", "Index Name": "idx_comments_postid", "Relation Name": "comments", "Alias": "c", "Startup Cost": 0.42, "Total Cost": 0.49, "Plan Rows": 3, "Plan Width": 4, "Actual Rows": 2, "Actual Loops": 280, "Index Cond": "(postid = p.id)", "Rows Removed by Index Recheck": 0, "Heap Fetches": 0}]}, {"Node Type": "Materialize", "Parent Relationship": "Inner", "Parallel Aware": false, "Async Capable": false, "Startup Cost": 10082.58, "Total Cost": 20136.69, "Plan Rows": 7973.0, "Plan Width": 8, "Actual Rows": 166613, "Actual Loops": 1, "Plans": [{"Node Type": "Merge Join", "Parent Relationship": "Outer", "Parallel Aware": false, "Async Capable": false, "Join Type": "Inner", "Startup Cost": 10082.58, "Total Cost": 19753.71, "Plan Rows": 7973.0, "Plan Width": 8, "Actual Rows": 160732, "Actual Loops": 1, "Inner Unique": false, "Merge Cond": "(ph.postid = v.postid)", "Plans": [{"Node Type": "Index Only Scan", "Parent Relationship": "Outer", "Parallel Aware": false, "Async Capable": false, "Scan Direction": "Forward", "Index Name": "idx_posthistory_postid", "Relation Name": "posthistory", "Alias": "ph", "Startup Cost": 0.42, "Total Cost": 6615.98, "Plan Rows": 303187, "Plan Width": 4, "Actual Rows": 141713, "Actual Loops": 1, "Heap Fetches": 0}, {"Node Type": "Sort", "Parent Relationship": "Inner", "Parallel Aware": false, "Async Capable": false, "Startup Cost": 10082.16, "Total Cost": 10180.48, "Plan Rows": 39326, "Plan Width": 4, "Actual Rows": 160729, "Actual Loops": 1, "Sort Key": ["v.postid"], "Sort Method": "quicksort", "Sort Space Used": 1537, "Sort Space Type": "Memory", "Plans": [{"Node Type": "Seq Scan", "Parent Relationship": "Outer", "Parallel Aware": false, "Async Capable": false, "Relation Name": "votes", "Alias": "v", "Startup Cost": 0.0, "Total Cost": 7080.96, "Plan Rows": 39326, "Plan Width": 4, "Actual Rows": 38811, "Actual Loops": 1, "Filter": "((creationdate >= '2012-09-22 22:54:05'::timestamp without time zone) AND (creationdate <= '2013-03-19 09:48:06'::timestamp without time zone))", "Rows Removed by Filter": 289253}]}]}]}]}]}, "Planning Time": 5.411, "Triggers": [], "Execution Time": 107.724}, {"Plan": {"Node Type": "Aggregate", "Strategy": "Plain", "Partial Mode": "Simple", "Parallel Aware": false, "Async Capable": false, "Startup Cost": 3457.35, "Total Cost": 3457.36, "Plan Rows": 1, "Plan Width": 8, "Actual Rows": 1, "Actual Loops": 1, "Plans": [{"Node Type": "Nested Loop", "Parent Relationship": "Outer", "Parallel Aware": false, "Async Capable": false, "Join Type": "Inner", "Startup Cost": 1.56, "Total Cost": 3439.44, "Plan Rows": 4805.0, "Plan Width": 0, "Actual Rows": 7959, "Actual Loops": 1, "Inner Unique": false, "Join Filter": "(pl.postid = ph.postid)", "Rows Removed by Join Filter": 0, "Plans": [{"Node Type": "Nested Loop", "Parent Relationship": "Outer", "Parallel Aware": false, "Async Capable": false, "Join Type": "Inner", "Startup Cost": 1.14, "Total Cost": 2412.55, "Plan Rows": 1914.0, "Plan Width": 16, "Actual Rows": 1018, "Actual Loops": 1, "Inner Unique": false, "Join Filter": "(c.postid = pl.postid)", "Rows Removed by Join Filter": 0, "Plans": [{"Node Type": "Nested Loop", "Parent Relationship": "Outer", "Parallel Aware": false, "Async Capable": false, "Join Type": "Inner", "Startup Cost": 0.71, "Total Cost": 2126.55, "Plan Rows": 629.0, "Plan Width": 12, "Actual Rows": 354, "Actual Loops": 1, "Inner Unique": false, "Join Filter": "(pl.postid = v.postid)", "Rows Removed by Join Filter": 0, "Plans": [{"Node Type": "Nested Loop", "Parent Relationship": "Outer", "Parallel Aware": false, "Async Capable": false, "Join Type": "Inner", "Startup Cost": 0.29, "Total Cost": 1591.01, "Plan Rows": 122.0, "Plan Width": 8, "Actual Rows": 916, "Actual Loops": 1, "Inner Unique": true, "Plans": [{"Node Type": "Seq Scan", "Parent Relationship": "Outer", "Parallel Aware": false, "Async Capable": false, "Relation Name": "postlinks", "Alias": "pl", "Startup Cost": 0.0, "Total Cost": 248.53, "Plan Rows": 808, "Plan Width": 4, "Actual Rows": 916, "Actual Loops": 1, "Filter": "((creationdate >= '2011-12-27 18:26:47'::timestamp without time zone) AND (linktypeid = 3))", "Rows Removed by Filter": 10186}, {"Node Type": "Index Only Scan", "Parent Relationship": "Inner", "Parallel Aware": false, "Async Capable": false, "Scan Direction": "Forward", "Index Name": "posts_pkey", "Relation Name": "posts", "Alias": "p", "Startup Cost": 0.29, "Total Cost": 1.66, "Plan Rows": 1, "Plan Width": 4, "Actual Rows": 1, "Actual Loops": 916, "Index Cond": "(id = pl.postid)", "Rows Removed by Index Recheck": 0, "Heap Fetches": 0}]}, {"Node Type": "Index Scan", "Parent Relationship": "Inner", "Parallel Aware": false, "Async Capable": false, "Scan Direction": "Forward", "Index Name": "idx_votes_postid", "Relation Name": "votes", "Alias": "v", "Startup Cost": 0.42, "Total Cost": 0.65, "Plan Rows": 1, "Plan Width": 4, "Actual Rows": 0, "Actual Loops": 916, "Index Cond": "(postid = p.id)", "Rows Removed by Index Recheck": 0, "Filter": "((creationdate >= '2012-09-22 22:54:05'::timestamp without time zone) AND (creationdate <= '2013-03-19 09:48:06'::timestamp without time zone))", "Rows Removed by Filter": 2}]}, {"Node Type": "Index Only Scan", "Parent Relationship": "Inner", "Parallel Aware": false, "Async Capable": false, "Scan Direction": "Forward", "Index Name": "idx_comments_postid", "Relation Name": "comments", "Alias": "c", "Startup Cost": 0.42, "Total Cost": 0.49, "Plan Rows": 3, "Plan Width": 4, "Actual Rows": 3, "Actual Loops": 354, "Index Cond": "(postid = p.id)", "Rows Removed by Index Recheck": 0, "Heap Fetches": 0}]}, {"Node Type": "Index Only Scan", "Parent Relationship": "Inner", "Parallel Aware": false, "Async Capable": false, "Scan Direction": "Forward", "Index Name": "idx_posthistory_postid", "Relation Name": "posthistory", "Alias": "ph", "Startup Cost": 0.42, "Total Cost": 0.5, "Plan Rows": 4, "Plan Width": 4, "Actual Rows": 8, "Actual Loops": 1018, "Index Cond": "(postid = c.postid)", "Rows Removed by Index Recheck": 0, "Heap Fetches": 0}]}]}, "Planning Time": 4.687, "Triggers": [], "Execution Time": 6.086}, {"Plan": {"Node Type": "Aggregate", "Strategy": "Plain", "Partial Mode": "Simple", "Parallel Aware": false, "Async Capable": false, "Startup Cost": 7662.65, "Total Cost": 7662.66, "Plan Rows": 1, "Plan Width": 8, "Actual Rows": 1, "Actual Loops": 1, "Plans": [{"Node Type": "Merge Join", "Parent Relationship": "Outer", "Parallel Aware": false, "Async Capable": false, "Join Type": "Inner", "Startup Cost": 1.93, "Total Cost": 7644.74, "Plan Rows": 4805.0, "Plan Width": 0, "Actual Rows": 7959, "Actual Loops": 1, "Inner Unique": false, "Merge Cond": "(p.id = pl.postid)", "Plans": [{"Node Type": "Index Only Scan", "Parent Relationship": "Outer", "Parallel Aware": false, "Async Capable": false, "Scan Direction": "Forward", "Index Name": "posts_pkey", "Relation Name": "posts", "Alias": "p", "Startup Cost": 0.29, "Total Cost": 2427.94, "Plan Rows": 91976, "Plan Width": 4, "Actual Rows": 42882, "Actual Loops": 1, "Heap Fetches": 0}, {"Node Type": "Materialize", "Parent Relationship": "Inner", "Parallel Aware": false, "Async Capable": false, "Startup Cost": 1.55, "Total Cost": 4897.79, "Plan Rows": 10568.0, "Plan Width": 16, "Actual Rows": 7959, "Actual Loops": 1, "Plans": [{"Node Type": "Nested Loop", "Parent Relationship": "Outer", "Parallel Aware": false, "Async Capable": false, "Join Type": "Inner", "Startup Cost": 1.55, "Total Cost": 4879.87, "Plan Rows": 10568.0, "Plan Width": 16, "Actual Rows": 7959, "Actual Loops": 1, "Inner Unique": false, "Join Filter": "(pl.postid = ph.postid)", "Rows Removed by Join Filter": 0, "Plans": [{"Node Type": "Nested Loop", "Parent Relationship": "Outer", "Parallel Aware": false, "Async Capable": false, "Join Type": "Inner", "Startup Cost": 1.13, "Total Cost": 3852.98, "Plan Rows": 3131.0, "Plan Width": 12, "Actual Rows": 1018, "Actual Loops": 1, "Inner Unique": false, "Join Filter": "(pl.postid = v.postid)", "Rows Removed by Join Filter": 0, "Plans": [{"Node Type": "Nested Loop", "Parent Relationship": "Outer", "Parallel Aware": false, "Async Capable": false, "Join Type": "Inner", "Startup Cost": 0.71, "Total Cost": 2180.66, "Plan Rows": 1191.0, "Plan Width": 8, "Actual Rows": 2255, "Actual Loops": 1, "Inner Unique": false, "Plans": [{"Node Type": "Index Scan", "Parent Relationship": "Outer", "Parallel Aware": false, "Async Capable": false, "Scan Direction": "Forward", "Index Name": "idx_postlinks_postid", "Relation Name": "postlinks", "Alias": "pl", "Startup Cost": 0.29, "Total Cost": 450.8, "Plan Rows": 808, "Plan Width": 4, "Actual Rows": 916, "Actual Loops": 1, "Filter": "((creationdate >= '2011-12-27 18:26:47'::timestamp without time zone) AND (linktypeid = 3))", "Rows Removed by Filter": 10186}, {"Node Type": "Index Only Scan", "Parent Relationship": "Inner", "Parallel Aware": false, "Async Capable": false, "Scan Direction": "Forward", "Index Name": "idx_comments_postid", "Relation Name": "comments", "Alias": "c", "Startup Cost": 0.42, "Total Cost": 2.11, "Plan Rows": 3, "Plan Width": 4, "Actual Rows": 2, "Actual Loops": 916, "Index Cond": "(postid = pl.postid)", "Rows Removed by Index Recheck": 0, "Heap Fetches": 0}]}, {"Node Type": "Index Scan", "Parent Relationship": "Inner", "Parallel Aware": false, "Async Capable": false, "Scan Direction": "Forward", "Index Name": "idx_votes_postid", "Relation Name": "votes", "Alias": "v", "Startup Cost": 0.42, "Total Cost": 0.6, "Plan Rows": 1, "Plan Width": 4, "Actual Rows": 0, "Actual Loops": 2255, "Index Cond": "(postid = c.postid)", "Rows Removed by Index Recheck": 0, "Filter": "((creationdate >= '2012-09-22 22:54:05'::timestamp without time zone) AND (creationdate <= '2013-03-19 09:48:06'::timestamp without time zone))", "Rows Removed by Filter": 2}]}, {"Node Type": "Index Only Scan", "Parent Relationship": "Inner", "Parallel Aware": false, "Async Capable": false, "Scan Direction": "Forward", "Index Name": "idx_posthistory_postid", "Relation Name": "posthistory", "Alias": "ph", "Startup Cost": 0.42, "Total Cost": 0.5, "Plan Rows": 4, "Plan Width": 4, "Actual Rows": 8, "Actual Loops": 1018, "Index Cond": "(postid = c.postid)", "Rows Removed by Index Recheck": 0, "Heap Fetches": 0}]}]}]}]}, "Planning Time": 4.148, "Triggers": [], "Execution Time": 12.908}, {"Plan": {"Node Type": "Aggregate", "Strategy": "Plain", "Partial Mode": "Finalize", "Parallel Aware": false, "Async Capable": false, "Startup Cost": 17218.46, "Total Cost": 17218.47, "Plan Rows": 1, "Plan Width": 8, "Actual Rows": 1, "Actual Loops": 1, "Plans": [{"Node Type": "Gather", "Parent Relationship": "Outer", "Parallel Aware": false, "Async Capable": false, "Startup Cost": 17218.25, "Total Cost": 17218.46, "Plan Rows": 2, "Plan Width": 8, "Actual Rows": 3, "Actual Loops": 1, "Workers Planned": 2, "Workers Launched": 2, "Single Copy": false, "Plans": [{"Node Type": "Aggregate", "Strategy": "Plain", "Partial Mode": "Partial", "Parent Relationship": "Outer", "Parallel Aware": false, "Async Capable": false, "Startup Cost": 16218.25, "Total Cost": 16218.26, "Plan Rows": 1, "Plan Width": 8, "Actual Rows": 1, "Actual Loops": 3, "Workers": [], "Plans": [{"Node Type": "Merge Join", "Parent Relationship": "Outer", "Parallel Aware": false, "Async Capable": false, "Join Type": "Inner", "Startup Cost": 12312.41, "Total Cost": 16210.79, "Plan Rows": 4805.0, "Plan Width": 0, "Actual Rows": 2653, "Actual Loops": 3, "Inner Unique": false, "Merge Cond": "(c.postid = pl.postid)", "Workers": [], "Plans": [{"Node Type": "Merge Join", "Parent Relationship": "Outer", "Parallel Aware": false, "Async Capable": false, "Join Type": "Inner", "Startup Cost": 10082.58, "Total Cost": 13823.24, "Plan Rows": 9375.0, "Plan Width": 8, "Actual Rows": 33852, "Actual Loops": 3, "Inner Unique": false, "Merge Cond": "(c.postid = v.postid)", "Workers": [], "Plans": [{"Node Type": "Index Only Scan", "Parent Relationship": "Outer", "Parallel Aware": true, "Async Capable": false, "Scan Direction": "Forward", "Index Name": "idx_comments_postid", "Relation Name": "comments", "Alias": "c", "Startup Cost": 0.42, "Total Cost": 2872.37, "Plan Rows": 72627, "Plan Width": 4, "Actual Rows": 29045, "Actual Loops": 3, "Heap Fetches": 0, "Workers": []}, {"Node Type": "Sort", "Parent Relationship": "Inner", "Parallel Aware": false, "Async Capable": false, "Startup Cost": 10082.16, "Total Cost": 10180.48, "Plan Rows": 39326, "Plan Width": 4, "Actual Rows": 63587, "Actual Loops": 3, "Sort Key": ["v.postid"], "Sort Method": "quicksort", "Sort Space Used": 1537, "Sort Space Type": "Memory", "Workers": [{"Worker Number": 0, "Sort Method": "quicksort", "Sort Space Used": 1537, "Sort Space Type": "Memory"}, {"Worker Number": 1, "Sort Method": "quicksort", "Sort Space Used": 1537, "Sort Space Type": "Memory"}], "Plans": [{"Node Type": "Seq Scan", "Parent Relationship": "Outer", "Parallel Aware": false, "Async Capable": false, "Relation Name": "votes", "Alias": "v", "Startup Cost": 0.0, "Total Cost": 7080.96, "Plan Rows": 39326, "Plan Width": 4, "Actual Rows": 38811, "Actual Loops": 3, "Filter": "((creationdate >= '2012-09-22 22:54:05'::timestamp without time zone) AND (creationdate <= '2013-03-19 09:48:06'::timestamp without time zone))", "Rows Removed by Filter": 289253, "Workers": []}]}]}, {"Node Type": "Sort", "Parent Relationship": "Inner", "Parallel Aware": false, "Async Capable": false, "Startup Cost": 2229.75, "Total Cost": 2237.57, "Plan Rows": 430.0, "Plan Width": 12, "Actual Rows": 4386, "Actual Loops": 3, "Sort Key": ["pl.postid"], "Sort Method": "quicksort", "Sort Space Used": 401, "Sort Space Type": "Memory", "Workers": [{"Worker Number": 0, "Sort Method": "quicksort", "Sort Space Used": 401, "Sort Space Type": "Memory"}, {"Worker Number": 1, "Sort Method": "quicksort", "Sort Space Used": 401, "Sort Space Type": "Memory"}], "Plans": [{"Node Type": "Nested Loop", "Parent Relationship": "Outer", "Parallel Aware": false, "Async Capable": false, "Join Type": "Inner", "Startup Cost": 0.71, "Total Cost": 2048.15, "Plan Rows": 430.0, "Plan Width": 12, "Actual Rows": 5338, "Actual Loops": 3, "Inner Unique": false, "Join Filter": "(pl.postid = ph.postid)", "Rows Removed by Join Filter": 0, "Workers": [], "Plans": [{"Node Type": "Nested Loop", "Parent Relationship": "Outer", "Parallel Aware": false, "Async Capable": false, "Join Type": "Inner", "Startup Cost": 0.29, "Total Cost": 1591.01, "Plan Rows": 122.0, "Plan Width": 8, "Actual Rows": 916, "Actual Loops": 3, "Inner Unique": true, "Workers": [], "Plans": [{"Node Type": "Seq Scan", "Parent Relationship": "Outer", "Parallel Aware": false, "Async Capable": false, "Relation Name": "postlinks", "Alias": "pl", "Startup Cost": 0.0, "Total Cost": 248.53, "Plan Rows": 808, "Plan Width": 4, "Actual Rows": 916, "Actual Loops": 3, "Filter": "((creationdate >= '2011-12-27 18:26:47'::timestamp without time zone) AND (linktypeid = 3))", "Rows Removed by Filter": 10186, "Workers": []}, {"Node Type": "Index Only Scan", "Parent Relationship": "Inner", "Parallel Aware": false, "Async Capable": false, "Scan Direction": "Forward", "Index Name": "posts_pkey", "Relation Name": "posts", "Alias": "p", "Startup Cost": 0.29, "Total Cost": 1.66, "Plan Rows": 1, "Plan Width": 4, "Actual Rows": 1, "Actual Loops": 2748, "Index Cond": "(id = pl.postid)", "Rows Removed by Index Recheck": 0, "Heap Fetches": 0, "Workers": []}]}, {"Node Type": "Index Only Scan", "Parent Relationship": "Inner", "Parallel Aware": false, "Async Capable": false, "Scan Direction": "Forward", "Index Name": "idx_posthistory_postid", "Relation Name": "posthistory", "Alias": "ph", "Startup Cost": 0.42, "Total Cost": 0.52, "Plan Rows": 4, "Plan Width": 4, "Actual Rows": 6, "Actual Loops": 2748, "Index Cond": "(postid = p.id)", "Rows Removed by Index Recheck": 0, "Heap Fetches": 0, "Workers": []}]}]}]}]}]}]}, "Planning Time": 8.809, "Triggers": [], "Execution Time": 77.841}, {"Plan": {"Node Type": "Aggregate", "Strategy": "Plain", "Partial Mode": "Simple", "Parallel Aware": false, "Async Capable": false, "Startup Cost": 35611.84, "Total Cost": 35611.85, "Plan Rows": 1, "Plan Width": 8, "Actual Rows": 1, "Actual Loops": 1, "Plans": [{"Node Type": "Merge Join", "Parent Relationship": "Outer", "Parallel Aware": false, "Async Capable": false, "Join Type": "Inner", "Startup Cost": 2.67, "Total Cost": 35593.93, "Plan Rows": 4805.0, "Plan Width": 0, "Actual Rows": 7959, "Actual Loops": 1, "Inner Unique": false, "Merge Cond": "(pl.postid = p.id)", "Plans": [{"Node Type": "Nested Loop", "Parent Relationship": "Outer", "Parallel Aware": false, "Async Capable": false, "Join Type": "Inner", "Startup Cost": 0.72, "Total Cost": 7816.28, "Plan Rows": 884.0, "Plan Width": 8, "Actual Rows": 354, "Actual Loops": 1, "Inner Unique": false, "Plans": [{"Node Type": "Index Scan", "Parent Relationship": "Outer", "Parallel Aware": false, "Async Capable": false, "Scan Direction": "Forward", "Index Name": "idx_postlinks_postid", "Relation Name": "postlinks", "Alias": "pl", "Startup Cost": 0.29, "Total Cost": 450.8, "Plan Rows": 808, "Plan Width": 4, "Actual Rows": 916, "Actual Loops": 1, "Filter": "((creationdate >= '2011-12-27 18:26:47'::timestamp without time zone) AND (linktypeid = 3))", "Rows Removed by Filter": 10186}, {"Node Type": "Memoize", "Parent Relationship": "Inner", "Parallel Aware": false, "Async Capable": false, "Startup Cost": 0.43, "Total Cost": 9.26, "Plan Rows": 1, "Plan Width": 4, "Actual Rows": 0, "Actual Loops": 916, "Cache Key": "pl.postid", "Cache Mode": "logical", "Cache Hits": 26, "Cache Misses": 890, "Cache Evictions": 0, "Cache Overflows": 0, "Peak Memory Usage": 71, "Plans": [{"Node Type": "Index Scan", "Parent Relationship": "Outer", "Parallel Aware": false, "Async Capable": false, "Scan Direction": "Forward", "Index Name": "idx_votes_postid", "Relation Name": "votes", "Alias": "v", "Startup Cost": 0.42, "Total Cost": 9.25, "Plan Rows": 1, "Plan Width": 4, "Actual Rows": 0, "Actual Loops": 890, "Index Cond": "(postid = pl.postid)", "Rows Removed by Index Recheck": 0, "Filter": "((creationdate >= '2012-09-22 22:54:05'::timestamp without time zone) AND (creationdate <= '2013-03-19 09:48:06'::timestamp without time zone))", "Rows Removed by Filter": 2}]}]}, {"Node Type": "Materialize", "Parent Relationship": "Inner", "Parallel Aware": false, "Async Capable": false, "Startup Cost": 1.13, "Total Cost": 26068.86, "Plan Rows": 3760.0, "Plan Width": 12, "Actual Rows": 343261, "Actual Loops": 1, "Plans": [{"Node Type": "Merge Join", "Parent Relationship": "Outer", "Parallel Aware": false, "Async Capable": false, "Join Type": "Inner", "Startup Cost": 1.13, "Total Cost": 24396.03, "Plan Rows": 3760.0, "Plan Width": 12, "Actual Rows": 337097, "Actual Loops": 1, "Inner Unique": false, "Merge Cond": "(p.id = ph.postid)", "Plans": [{"Node Type": "Merge Join", "Parent Relationship": "Outer", "Parallel Aware": false, "Async Capable": false, "Join Type": "Inner", "Startup Cost": 0.71, "Total Cost": 8725.78, "Plan Rows": 1003.0, "Plan Width": 8, "Actual Rows": 85749, "Actual Loops": 1, "Inner Unique": true, "Merge Cond": "(c.postid = p.id)", "Plans": [{"Node Type": "Index Only Scan", "Parent Relationship": "Outer", "Parallel Aware": false, "Async Capable": false, "Scan Direction": "Forward", "Index Name": "idx_comments_postid", "Relation Name": "comments", "Alias": "c", "Startup Cost": 0.42, "Total Cost": 3889.15, "Plan Rows": 174305, "Plan Width": 4, "Actual Rows": 85749, "Actual Loops": 1, "Heap Fetches": 0}, {"Node Type": "Index Only Scan", "Parent Relationship": "Inner", "Parallel Aware": false, "Async Capable": false, "Scan Direction": "Forward", "Index Name": "posts_pkey", "Relation Name": "posts", "Alias": "p", "Startup Cost": 0.29, "Total Cost": 2427.94, "Plan Rows": 91976, "Plan Width": 4, "Actual Rows": 42882, "Actual Loops": 1, "Heap Fetches": 0}]}, {"Node Type": "Materialize", "Parent Relationship": "Inner", "Parallel Aware": false, "Async Capable": false, "Startup Cost": 0.42, "Total Cost": 7373.94, "Plan Rows": 303187, "Plan Width": 4, "Actual Rows": 383468, "Actual Loops": 1, "Plans": [{"Node Type": "Index Only Scan", "Parent Relationship": "Outer", "Parallel Aware": false, "Async Capable": false, "Scan Direction": "Forward", "Index Name": "idx_posthistory_postid", "Relation Name": "posthistory", "Alias": "ph", "Startup Cost": 0.42, "Total Cost": 6615.98, "Plan Rows": 303187, "Plan Width": 4, "Actual Rows": 139407, "Actual Loops": 1, "Heap Fetches": 0}]}]}]}]}]}, "Planning Time": 4.727, "Triggers": [], "Execution Time": 127.521}, {"Plan": {"Node Type": "Aggregate", "Strategy": "Plain", "Partial Mode": "Finalize", "Parallel Aware": false, "Async Capable": false, "Startup Cost": 20956.65, "Total Cost": 20956.66, "Plan Rows": 1, "Plan Width": 8, "Actual Rows": 1, "Actual Loops": 1, "Plans": [{"Node Type": "Gather", "Parent Relationship": "Outer", "Parallel Aware": false, "Async Capable": false, "Startup Cost": 20956.43, "Total Cost": 20956.64, "Plan Rows": 2, "Plan Width": 8, "Actual Rows": 3, "Actual Loops": 1, "Workers Planned": 2, "Workers Launched": 2, "Single Copy": false, "Plans": [{"Node Type": "Aggregate", "Strategy": "Plain", "Partial Mode": "Partial", "Parent Relationship": "Outer", "Parallel Aware": false, "Async Capable": false, "Startup Cost": 19956.43, "Total Cost": 19956.44, "Plan Rows": 1, "Plan Width": 8, "Actual Rows": 1, "Actual Loops": 3, "Workers": [], "Plans": [{"Node Type": "Merge Join", "Parent Relationship": "Outer", "Parallel Aware": false, "Async Capable": false, "Join Type": "Inner", "Startup Cost": 12781.32, "Total Cost": 19948.97, "Plan Rows": 4805.0, "Plan Width": 0, "Actual Rows": 2653, "Actual Loops": 3, "Inner Unique": false, "Merge Cond": "(p.id = pl.postid)", "Workers": [], "Plans": [{"Node Type": "Merge Join", "Parent Relationship": "Outer", "Parallel Aware": false, "Async Capable": false, "Join Type": "Inner", "Startup Cost": 10082.87, "Total Cost": 17106.17, "Plan Rows": 4135.0, "Plan Width": 12, "Actual Rows": 33852, "Actual Loops": 3, "Inner Unique": false, "Merge Cond": "(p.id = c.postid)", "Workers": [], "Plans": [{"Node Type": "Merge Join", "Parent Relationship": "Outer", "Parallel Aware": false, "Async Capable": false, "Join Type": "Inner", "Startup Cost": 10082.45, "Total Cost": 12429.77, "Plan Rows": 1132.0, "Plan Width": 8, "Actual Rows": 12937, "Actual Loops": 3, "Inner Unique": false, "Merge Cond": "(p.id = v.postid)", "Workers": [], "Plans": [{"Node Type": "Index Only Scan", "Parent Relationship": "Outer", "Parallel Aware": true, "Async Capable": false, "Scan Direction": "Forward", "Index Name": "posts_pkey", "Relation Name": "posts", "Alias": "p", "Startup Cost": 0.29, "Total Cost": 1891.41, "Plan Rows": 38323, "Plan Width": 4, "Actual Rows": 14527, "Actual Loops": 3, "Heap Fetches": 0, "Workers": []}, {"Node Type": "Sort", "Parent Relationship": "Inner", "Parallel Aware": false, "Async Capable": false, "Startup Cost": 10082.16, "Total Cost": 10180.48, "Plan Rows": 39326, "Plan Width": 4, "Actual Rows": 38811, "Actual Loops": 3, "Sort Key": ["v.postid"], "Sort Method": "quicksort", "Sort Space Used": 1537, "Sort Space Type": "Memory", "Workers": [{"Worker Number": 0, "Sort Method": "quicksort", "Sort Space Used": 1537, "Sort Space Type": "Memory"}, {"Worker Number": 1, "Sort Method": "quicksort", "Sort Space Used": 1537, "Sort Space Type": "Memory"}], "Plans": [{"Node Type": "Seq Scan", "Parent Relationship": "Outer", "Parallel Aware": false, "Async Capable": false, "Relation Name": "votes", "Alias": "v", "Startup Cost": 0.0, "Total Cost": 7080.96, "Plan Rows": 39326, "Plan Width": 4, "Actual Rows": 38811, "Actual Loops": 3, "Filter": "((creationdate >= '2012-09-22 22:54:05'::timestamp without time zone) AND (creationdate <= '2013-03-19 09:48:06'::timestamp without time zone))", "Rows Removed by Filter": 289253, "Workers": []}]}]}, {"Node Type": "Index Only Scan", "Parent Relationship": "Inner", "Parallel Aware": false, "Async Capable": false, "Scan Direction": "Forward", "Index Name": "idx_comments_postid", "Relation Name": "comments", "Alias": "c", "Startup Cost": 0.42, "Total Cost": 3889.15, "Plan Rows": 174305, "Plan Width": 4, "Actual Rows": 109604, "Actual Loops": 3, "Heap Fetches": 0, "Workers": []}]}, {"Node Type": "Sort", "Parent Relationship": "Inner", "Parallel Aware": false, "Async Capable": false, "Startup Cost": 2698.29, "Total Cost": 2706.11, "Plan Rows": 942.0, "Plan Width": 8, "Actual Rows": 4382, "Actual Loops": 3, "Sort Key": ["pl.postid"], "Sort Method": "quicksort", "Sort Space Used": 359, "Sort Space Type": "Memory", "Workers": [{"Worker Number": 0, "Sort Method": "quicksort", "Sort Space Used": 359, "Sort Space Type": "Memory"}, {"Worker Number": 1, "Sort Method": "quicksort", "Sort Space Used": 359, "Sort Space Type": "Memory"}], "Plans": [{"Node Type": "Nested Loop", "Parent Relationship": "Outer", "Parallel Aware": false, "Async Capable": false, "Join Type": "Inner", "Startup Cost": 0.42, "Total Cost": 2516.7, "Plan Rows": 942.0, "Plan Width": 8, "Actual Rows": 5338, "Actual Loops": 3, "Inner Unique": false, "Workers": [], "Plans": [{"Node Type": "Seq Scan", "Parent Relationship": "Outer", "Parallel Aware": false, "Async Capable": false, "Relation Name": "postlinks", "Alias": "pl", "Startup Cost": 0.0, "Total Cost": 248.53, "Plan Rows": 808, "Plan Width": 4, "Actual Rows": 916, "Actual Loops": 3, "Filter": "((creationdate >= '2011-12-27 18:26:47'::timestamp without time zone) AND (linktypeid = 3))", "Rows Removed by Filter": 10186, "Workers": []}, {"Node Type": "Index Only Scan", "Parent Relationship": "Inner", "Parallel Aware": false, "Async Capable": false, "Scan Direction": "Forward", "Index Name": "idx_posthistory_postid", "Relation Name": "posthistory", "Alias": "ph", "Startup Cost": 0.42, "Total Cost": 2.77, "Plan Rows": 4, "Plan Width": 4, "Actual Rows": 6, "Actual Loops": 2748, "Index Cond": "(postid = pl.postid)", "Rows Removed by Index Recheck": 0, "Heap Fetches": 0, "Workers": []}]}]}]}]}]}]}, "Planning Time": 12.947, "Triggers": [], "Execution Time": 82.278}, {"Plan": {"Node Type": "Aggregate", "Strategy": "Plain", "Partial Mode": "Simple", "Parallel Aware": false, "Async Capable": false, "Startup Cost": 9758.67, "Total Cost": 9758.68, "Plan Rows": 1, "Plan Width": 8, "Actual Rows": 1, "Actual Loops": 1, "Plans": [{"Node Type": "Nested Loop", "Parent Relationship": "Outer", "Parallel Aware": false, "Async Capable": false, "Join Type": "Inner", "Startup Cost": 1.56, "Total Cost": 9740.76, "Plan Rows": 4805.0, "Plan Width": 0, "Actual Rows": 7959, "Actual Loops": 1, "Inner Unique": false, "Join Filter": "(pl.postid = v.postid)", "Rows Removed by Join Filter": 0, "Plans": [{"Node Type": "Nested Loop", "Parent Relationship": "Outer", "Parallel Aware": false, "Async Capable": false, "Join Type": "Inner", "Startup Cost": 1.13, "Total Cost": 3540.89, "Plan Rows": 1778.0, "Plan Width": 16, "Actual Rows": 13619, "Actual Loops": 1, "Inner Unique": false, "Join Filter": "(pl.postid = ph.postid)", "Rows Removed by Join Filter": 0, "Plans": [{"Node Type": "Nested Loop", "Parent Relationship": "Outer", "Parallel Aware": false, "Async Capable": false, "Join Type": "Inner", "Startup Cost": 0.71, "Total Cost": 2015.81, "Plan Rows": 689.0, "Plan Width": 12, "Actual Rows": 2255, "Actual Loops": 1, "Inner Unique": false, "Join Filter": "(c.postid = pl.postid)", "Rows Removed by Join Filter": 0, "Plans": [{"Node Type": "Nested Loop", "Parent Relationship": "Outer", "Parallel Aware": false, "Async Capable": false, "Join Type": "Inner", "Startup Cost": 0.29, "Total Cost": 1591.01, "Plan Rows": 122.0, "Plan Width": 8, "Actual Rows": 916, "Actual Loops": 1, "Inner Unique": true, "Plans": [{"Node Type": "Seq Scan", "Parent Relationship": "Outer", "Parallel Aware": false, "Async Capable": false, "Relation Name": "postlinks", "Alias": "pl", "Startup Cost": 0.0, "Total Cost": 248.53, "Plan Rows": 808, "Plan Width": 4, "Actual Rows": 916, "Actual Loops": 1, "Filter": "((creationdate >= '2011-12-27 18:26:47'::timestamp without time zone) AND (linktypeid = 3))", "Rows Removed by Filter": 10186}, {"Node Type": "Index Only Scan", "Parent Relationship": "Inner", "Parallel Aware": false, "Async Capable": false, "Scan Direction": "Forward", "Index Name": "posts_pkey", "Relation Name": "posts", "Alias": "p", "Startup Cost": 0.29, "Total Cost": 1.66, "Plan Rows": 1, "Plan Width": 4, "Actual Rows": 1, "Actual Loops": 916, "Index Cond": "(id = pl.postid)", "Rows Removed by Index Recheck": 0, "Heap Fetches": 0}]}, {"Node Type": "Index Only Scan", "Parent Relationship": "Inner", "Parallel Aware": false, "Async Capable": false, "Scan Direction": "Forward", "Index Name": "idx_comments_postid", "Relation Name": "comments", "Alias": "c", "Startup Cost": 0.42, "Total Cost": 0.49, "Plan Rows": 3, "Plan Width": 4, "Actual Rows": 2, "Actual Loops": 916, "Index Cond": "(postid = p.id)", "Rows Removed by Index Recheck": 0, "Heap Fetches": 0}]}, {"Node Type": "Index Only Scan", "Parent Relationship": "Inner", "Parallel Aware": false, "Async Capable": false, "Scan Direction": "Forward", "Index Name": "idx_posthistory_postid", "Relation Name": "posthistory", "Alias": "ph", "Startup Cost": 0.42, "Total Cost": 0.5, "Plan Rows": 4, "Plan Width": 4, "Actual Rows": 6, "Actual Loops": 2255, "Index Cond": "(postid = c.postid)", "Rows Removed by Index Recheck": 0, "Heap Fetches": 0}]}, {"Node Type": "Index Scan", "Parent Relationship": "Inner", "Parallel Aware": false, "Async Capable": false, "Scan Direction": "Forward", "Index Name": "idx_votes_postid", "Relation Name": "votes", "Alias": "v", "Startup Cost": 0.42, "Total Cost": 0.57, "Plan Rows": 1, "Plan Width": 4, "Actual Rows": 1, "Actual Loops": 13619, "Index Cond": "(postid = ph.postid)", "Rows Removed by Index Recheck": 0, "Filter": "((creationdate >= '2012-09-22 22:54:05'::timestamp without time zone) AND (creationdate <= '2013-03-19 09:48:06'::timestamp without time zone))", "Rows Removed by Filter": 2}]}]}, "Planning Time": 4.836, "Triggers": [], "Execution Time": 29.849}, {"Plan": {"Node Type": "Aggregate", "Strategy": "Plain", "Partial Mode": "Simple", "Parallel Aware": false, "Async Capable": false, "Startup Cost": 26740.19, "Total Cost": 26740.2, "Plan Rows": 1, "Plan Width": 8, "Actual Rows": 1, "Actual Loops": 1, "Plans": [{"Node Type": "Merge Join", "Parent Relationship": "Outer", "Parallel Aware": false, "Async Capable": false, "Join Type": "Inner", "Startup Cost": 2.42, "Total Cost": 26722.28, "Plan Rows": 4805.0, "Plan Width": 0, "Actual Rows": 7959, "Actual Loops": 1, "Inner Unique": false, "Merge Cond": "(pl.postid = c.postid)", "Plans": [{"Node Type": "Nested Loop", "Parent Relationship": "Outer", "Parallel Aware": false, "Async Capable": false, "Join Type": "Inner", "Startup Cost": 1.0, "Total Cost": 2328.82, "Plan Rows": 629.0, "Plan Width": 12, "Actual Rows": 354, "Actual Loops": 1, "Inner Unique": false, "Join Filter": "(pl.postid = v.postid)", "Rows Removed by Join Filter": 0, "Plans": [{"Node Type": "Nested Loop", "Parent Relationship": "Outer", "Parallel Aware": false, "Async Capable": false, "Join Type": "Inner", "Startup Cost": 0.58, "Total Cost": 1793.28, "Plan Rows": 122.0, "Plan Width": 8, "Actual Rows": 916, "Actual Loops": 1, "Inner Unique": true, "Plans": [{"Node Type": "Index Scan", "Parent Relationship": "Outer", "Parallel Aware": false, "Async Capable": false, "Scan Direction": "Forward", "Index Name": "idx_postlinks_postid", "Relation Name": "postlinks", "Alias": "pl", "Startup Cost": 0.29, "Total Cost": 450.8, "Plan Rows": 808, "Plan Width": 4, "Actual Rows": 916, "Actual Loops": 1, "Filter": "((creationdate >= '2011-12-27 18:26:47'::timestamp without time zone) AND (linktypeid = 3))", "Rows Removed by Filter": 10186}, {"Node Type": "Index Only Scan", "Parent Relationship": "Inner", "Parallel Aware": false, "Async Capable": false, "Scan Direction": "Forward", "Index Name": "posts_pkey", "Relation Name": "posts", "Alias": "p", "Startup Cost": 0.29, "Total Cost": 1.66, "Plan Rows": 1, "Plan Width": 4, "Actual Rows": 1, "Actual Loops": 916, "Index Cond": "(id = pl.postid)", "Rows Removed by Index Recheck": 0, "Heap Fetches": 0}]}, {"Node Type": "Index Scan", "Parent Relationship": "Inner", "Parallel Aware": false, "Async Capable": false, "Scan Direction": "Forward", "Index Name": "idx_votes_postid", "Relation Name": "votes", "Alias": "v", "Startup Cost": 0.42, "Total Cost": 0.65, "Plan Rows": 1, "Plan Width": 4, "Actual Rows": 0, "Actual Loops": 916, "Index Cond": "(postid = p.id)", "Rows Removed by Index Recheck": 0, "Filter": "((creationdate >= '2012-09-22 22:54:05'::timestamp without time zone) AND (creationdate <= '2013-03-19 09:48:06'::timestamp without time zone))", "Rows Removed by Filter": 2}]}, {"Node Type": "Materialize", "Parent Relationship": "Inner", "Parallel Aware": false, "Async Capable": false, "Startup Cost": 0.84, "Total Cost": 22650.52, "Plan Rows": 8877.0, "Plan Width": 8, "Actual Rows": 343261, "Actual Loops": 1, "Plans": [{"Node Type": "Merge Join", "Parent Relationship": "Outer", "Parallel Aware": false, "Async Capable": false, "Join Type": "Inner", "Startup Cost": 0.84, "Total Cost": 20977.69, "Plan Rows": 8877.0, "Plan Width": 8, "Actual Rows": 337097, "Actual Loops": 1, "Inner Unique": false, "Merge Cond": "(c.postid = ph.postid)", "Plans": [{"Node Type": "Index Only Scan", "Parent Relationship": "Outer", "Parallel Aware": false, "Async Capable": false, "Scan Direction": "Forward", "Index Name": "idx_comments_postid", "Relation Name": "comments", "Alias": "c", "Startup Cost": 0.42, "Total Cost": 3889.15, "Plan Rows": 174305, "Plan Width": 4, "Actual Rows": 85749, "Actual Loops": 1, "Heap Fetches": 0}, {"Node Type": "Materialize", "Parent Relationship": "Inner", "Parallel Aware": false, "Async Capable": false, "Startup Cost": 0.42, "Total Cost": 7373.94, "Plan Rows": 303187, "Plan Width": 4, "Actual Rows": 383468, "Actual Loops": 1, "Plans": [{"Node Type": "Index Only Scan", "Parent Relationship": "Outer", "Parallel Aware": false, "Async Capable": false, "Scan Direction": "Forward", "Index Name": "idx_posthistory_postid", "Relation Name": "posthistory", "Alias": "ph", "Startup Cost": 0.42, "Total Cost": 6615.98, "Plan Rows": 303187, "Plan Width": 4, "Actual Rows": 139407, "Actual Loops": 1, "Heap Fetches": 0}]}]}]}]}]}, "Planning Time": 4.396, "Triggers": [], "Execution Time": 117.461}, {"Plan": {"Node Type": "Aggregate", "Strategy": "Plain", "Partial Mode": "Simple", "Parallel Aware": false, "Async Capable": false, "Startup Cost": 19029.27, "Total Cost": 19029.28, "Plan Rows": 1, "Plan Width": 8, "Actual Rows": 1, "Actual Loops": 1, "Plans": [{"Node Type": "Hash Join", "Parent Relationship": "Outer", "Parallel Aware": false, "Async Capable": false, "Join Type": "Inner", "Startup Cost": 16445.96, "Total Cost": 19011.36, "Plan Rows": 4805.0, "Plan Width": 0, "Actual Rows": 7959, "Actual Loops": 1, "Inner Unique": false, "Hash Cond": "(pl.postid = p.id)", "Plans": [{"Node Type": "Nested Loop", "Parent Relationship": "Outer", "Parallel Aware": false, "Async Capable": false, "Join Type": "Inner", "Startup Cost": 0.42, "Total Cost": 2516.7, "Plan Rows": 942.0, "Plan Width": 8, "Actual Rows": 5338, "Actual Loops": 1, "Inner Unique": false, "Plans": [{"Node Type": "Seq Scan", "Parent Relationship": "Outer", "Parallel Aware": false, "Async Capable": false, "Relation Name": "postlinks", "Alias": "pl", "Startup Cost": 0.0, "Total Cost": 248.53, "Plan Rows": 808, "Plan Width": 4, "Actual Rows": 916, "Actual Loops": 1, "Filter": "((creationdate >= '2011-12-27 18:26:47'::timestamp without time zone) AND (linktypeid = 3))", "Rows Removed by Filter": 10186}, {"Node Type": "Index Only Scan", "Parent Relationship": "Inner", "Parallel Aware": false, "Async Capable": false, "Scan Direction": "Forward", "Index Name": "idx_posthistory_postid", "Relation Name": "posthistory", "Alias": "ph", "Startup Cost": 0.42, "Total Cost": 2.77, "Plan Rows": 4, "Plan Width": 4, "Actual Rows": 6, "Actual Loops": 916, "Index Cond": "(postid = pl.postid)", "Rows Removed by Index Recheck": 0, "Heap Fetches": 0}]}, {"Node Type": "Hash", "Parent Relationship": "Inner", "Parallel Aware": false, "Async Capable": false, "Startup Cost": 15071.19, "Total Cost": 15071.19, "Plan Rows": 4135.0, "Plan Width": 12, "Actual Rows": 101557, "Actual Loops": 1, "Hash Buckets": 131072, "Original Hash Buckets": 131072, "Hash Batches": 1, "Original Hash Batches": 1, "Peak Memory Usage": 5388, "Plans": [{"Node Type": "Hash Join", "Parent Relationship": "Outer", "Parallel Aware": false, "Async Capable": false, "Join Type": "Inner", "Startup Cost": 10585.23, "Total Cost": 15071.19, "Plan Rows": 4135.0, "Plan Width": 12, "Actual Rows": 101557, "Actual Loops": 1, "Inner Unique": false, "Hash Cond": "(c.postid = p.id)", "Plans": [{"Node Type": "Seq Scan", "Parent Relationship": "Outer", "Parallel Aware": false, "Async Capable": false, "Relation Name": "comments", "Alias": "c", "Startup Cost": 0.0, "Total Cost": 3087.05, "Plan Rows": 174305, "Plan Width": 4, "Actual Rows": 174305, "Actual Loops": 1}, {"Node Type": "Hash", "Parent Relationship": "Inner", "Parallel Aware": false, "Async Capable": false, "Startup Cost": 10093.65, "Total Cost": 10093.65, "Plan Rows": 1132.0, "Plan Width": 8, "Actual Rows": 38811, "Actual Loops": 1, "Hash Buckets": 65536, "Original Hash Buckets": 65536, "Hash Batches": 1, "Original Hash Batches": 1, "Peak Memory Usage": 2029, "Plans": [{"Node Type": "Hash Join", "Parent Relationship": "Outer", "Parallel Aware": false, "Async Capable": false, "Join Type": "Inner", "Startup Cost": 2909.46, "Total Cost": 10093.65, "Plan Rows": 1132.0, "Plan Width": 8, "Actual Rows": 38811, "Actual Loops": 1, "Inner Unique": true, "Hash Cond": "(v.postid = p.id)", "Plans": [{"Node Type": "Seq Scan", "Parent Relationship": "Outer", "Parallel Aware": false, "Async Capable": false, "Relation Name": "votes", "Alias": "v", "Startup Cost": 0.0, "Total Cost": 7080.96, "Plan Rows": 39326, "Plan Width": 4, "Actual Rows": 38811, "Actual Loops": 1, "Filter": "((creationdate >= '2012-09-22 22:54:05'::timestamp without time zone) AND (creationdate <= '2013-03-19 09:48:06'::timestamp without time zone))", "Rows Removed by Filter": 289253}, {"Node Type": "Hash", "Parent Relationship": "Inner", "Parallel Aware": false, "Async Capable": false, "Startup Cost": 1759.76, "Total Cost": 1759.76, "Plan Rows": 91976, "Plan Width": 4, "Actual Rows": 91976, "Actual Loops": 1, "Hash Buckets": 131072, "Original Hash Buckets": 131072, "Hash Batches": 1, "Original Hash Batches": 1, "Peak Memory Usage": 4258, "Plans": [{"Node Type": "Seq Scan", "Parent Relationship": "Outer", "Parallel Aware": false, "Async Capable": false, "Relation Name": "posts", "Alias": "p", "Startup Cost": 0.0, "Total Cost": 1759.76, "Plan Rows": 91976, "Plan Width": 4, "Actual Rows": 91976, "Actual Loops": 1}]}]}]}]}]}]}]}, "Planning Time": 5.967, "Triggers": [], "Execution Time": 217.325}, {"Plan": {"Node Type": "Aggregate", "Strategy": "Plain", "Partial Mode": "Finalize", "Parallel Aware": false, "Async Capable": false, "Startup Cost": 19587.49, "Total Cost": 19587.5, "Plan Rows": 1, "Plan Width": 8, "Actual Rows": 1, "Actual Loops": 1, "Plans": [{"Node Type": "Gather", "Parent Relationship": "Outer", "Parallel Aware": false, "Async Capable": false, "Startup Cost": 19587.27, "Total Cost": 19587.48, "Plan Rows": 2, "Plan Width": 8, "Actual Rows": 3, "Actual Loops": 1, "Workers Planned": 2, "Workers Launched": 2, "Single Copy": false, "Plans": [{"Node Type": "Aggregate", "Strategy": "Plain", "Partial Mode": "Partial", "Parent Relationship": "Outer", "Parallel Aware": false, "Async Capable": false, "Startup Cost": 18587.27, "Total Cost": 18587.28, "Plan Rows": 1, "Plan Width": 8, "Actual Rows": 1, "Actual Loops": 3, "Workers": [], "Plans": [{"Node Type": "Merge Join", "Parent Relationship": "Outer", "Parallel Aware": false, "Async Capable": false, "Join Type": "Inner", "Startup Cost": 12259.17, "Total Cost": 18579.81, "Plan Rows": 4805.0, "Plan Width": 0, "Actual Rows": 2653, "Actual Loops": 3, "Inner Unique": false, "Merge Cond": "(v.postid = pl.postid)", "Workers": [], "Plans": [{"Node Type": "Merge Join", "Parent Relationship": "Outer", "Parallel Aware": false, "Async Capable": false, "Join Type": "Inner", "Startup Cost": 10082.58, "Total Cost": 16202.63, "Plan Rows": 7973.0, "Plan Width": 8, "Actual Rows": 53577, "Actual Loops": 3, "Inner Unique": false, "Merge Cond": "(ph.postid = v.postid)", "Workers": [], "Plans": [{"Node Type": "Index Only Scan", "Parent Relationship": "Outer", "Parallel Aware": true, "Async Capable": false, "Scan Direction": "Forward", "Index Name": "idx_posthistory_postid", "Relation Name": "posthistory", "Alias": "ph", "Startup Cost": 0.42, "Total Cost": 4847.39, "Plan Rows": 126328, "Plan Width": 4, "Actual Rows": 47238, "Actual Loops": 3, "Heap Fetches": 0, "Workers": []}, {"Node Type": "Sort", "Parent Relationship": "Inner", "Parallel Aware": false, "Async Capable": false, "Startup Cost": 10082.16, "Total Cost": 10180.48, "Plan Rows": 39326, "Plan Width": 4, "Actual Rows": 79450, "Actual Loops": 3, "Sort Key": ["v.postid"], "Sort Method": "quicksort", "Sort Space Used": 1537, "Sort Space Type": "Memory", "Workers": [{"Worker Number": 0, "Sort Method": "quicksort", "Sort Space Used": 1537, "Sort Space Type": "Memory"}, {"Worker Number": 1, "Sort Method": "quicksort", "Sort Space Used": 1537, "Sort Space Type": "Memory"}], "Plans": [{"Node Type": "Seq Scan", "Parent Relationship": "Outer", "Parallel Aware": false, "Async Capable": false, "Relation Name": "votes", "Alias": "v", "Startup Cost": 0.0, "Total Cost": 7080.96, "Plan Rows": 39326, "Plan Width": 4, "Actual Rows": 38811, "Actual Loops": 3, "Filter": "((creationdate >= '2012-09-22 22:54:05'::timestamp without time zone) AND (creationdate <= '2013-03-19 09:48:06'::timestamp without time zone))", "Rows Removed by Filter": 289253, "Workers": []}]}]}, {"Node Type": "Sort", "Parent Relationship": "Inner", "Parallel Aware": false, "Async Capable": false, "Startup Cost": 2172.84, "Total Cost": 2179.72, "Plan Rows": 689.0, "Plan Width": 12, "Actual Rows": 3221, "Actual Loops": 3, "Sort Key": ["c.postid"], "Sort Method": "quicksort", "Sort Space Used": 185, "Sort Space Type": "Memory", "Workers": [{"Worker Number": 0, "Sort Method": "quicksort", "Sort Space Used": 185, "Sort Space Type": "Memory"}, {"Worker Number": 1, "Sort Method": "quicksort", "Sort Space Used": 185, "Sort Space Type": "Memory"}], "Plans": [{"Node Type": "Nested Loop", "Parent Relationship": "Outer", "Parallel Aware": false, "Async Capable": false, "Join Type": "Inner", "Startup Cost": 0.71, "Total Cost": 2015.81, "Plan Rows": 689.0, "Plan Width": 12, "Actual Rows": 2255, "Actual Loops": 3, "Inner Unique": false, "Join Filter": "(c.postid = pl.postid)", "Rows Removed by Join Filter": 0, "Workers": [], "Plans": [{"Node Type": "Nested Loop", "Parent Relationship": "Outer", "Parallel Aware": false, "Async Capable": false, "Join Type": "Inner", "Startup Cost": 0.29, "Total Cost": 1591.01, "Plan Rows": 122.0, "Plan Width": 8, "Actual Rows": 916, "Actual Loops": 3, "Inner Unique": true, "Workers": [], "Plans": [{"Node Type": "Seq Scan", "Parent Relationship": "Outer", "Parallel Aware": false, "Async Capable": false, "Relation Name": "postlinks", "Alias": "pl", "Startup Cost": 0.0, "Total Cost": 248.53, "Plan Rows": 808, "Plan Width": 4, "Actual Rows": 916, "Actual Loops": 3, "Filter": "((creationdate >= '2011-12-27 18:26:47'::timestamp without time zone) AND (linktypeid = 3))", "Rows Removed by Filter": 10186, "Workers": []}, {"Node Type": "Index Only Scan", "Parent Relationship": "Inner", "Parallel Aware": false, "Async Capable": false, "Scan Direction": "Forward", "Index Name": "posts_pkey", "Relation Name": "posts", "Alias": "p", "Startup Cost": 0.29, "Total Cost": 1.66, "Plan Rows": 1, "Plan Width": 4, "Actual Rows": 1, "Actual Loops": 2748, "Index Cond": "(id = pl.postid)", "Rows Removed by Index Recheck": 0, "Heap Fetches": 0, "Workers": []}]}, {"Node Type": "Index Only Scan", "Parent Relationship": "Inner", "Parallel Aware": false, "Async Capable": false, "Scan Direction": "Forward", "Index Name": "idx_comments_postid", "Relation Name": "comments", "Alias": "c", "Startup Cost": 0.42, "Total Cost": 0.49, "Plan Rows": 3, "Plan Width": 4, "Actual Rows": 2, "Actual Loops": 2748, "Index Cond": "(postid = p.id)", "Rows Removed by Index Recheck": 0, "Heap Fetches": 0, "Workers": []}]}]}]}]}]}]}, "Planning Time": 10.536, "Triggers": [], "Execution Time": 88.661}, {"Plan": {"Node Type": "Aggregate", "Strategy": "Plain", "Partial Mode": "Finalize", "Parallel Aware": false, "Async Capable": false, "Startup Cost": 12206.09, "Total Cost": 12206.1, "Plan Rows": 1, "Plan Width": 8, "Actual Rows": 1, "Actual Loops": 1, "Plans": [{"Node Type": "Gather", "Parent Relationship": "Outer", "Parallel Aware": false, "Async Capable": false, "Startup Cost": 12205.98, "Total Cost": 12206.09, "Plan Rows": 1, "Plan Width": 8, "Actual Rows": 2, "Actual Loops": 1, "Workers Planned": 1, "Workers Launched": 1, "Single Copy": false, "Plans": [{"Node Type": "Aggregate", "Strategy": "Plain", "Partial Mode": "Partial", "Parent Relationship": "Outer", "Parallel Aware": false, "Async Capable": false, "Startup Cost": 11205.98, "Total Cost": 11205.99, "Plan Rows": 1, "Plan Width": 8, "Actual Rows": 1, "Actual Loops": 2, "Workers": [], "Plans": [{"Node Type": "Merge Join", "Parent Relationship": "Outer", "Parallel Aware": false, "Async Capable": false, "Join Type": "Inner", "Startup Cost": 10984.48, "Total Cost": 11195.44, "Plan Rows": 4805.0, "Plan Width": 0, "Actual Rows": 3980, "Actual Loops": 2, "Inner Unique": false, "Merge Cond": "(v.postid = pl.postid)", "Workers": [], "Plans": [{"Node Type": "Sort", "Parent Relationship": "Outer", "Parallel Aware": false, "Async Capable": false, "Startup Cost": 6731.55, "Total Cost": 6789.39, "Plan Rows": 23133, "Plan Width": 4, "Actual Rows": 19406, "Actual Loops": 2, "Sort Key": ["v.postid"], "Sort Method": "quicksort", "Sort Space Used": 769, "Sort Space Type": "Memory", "Workers": [{"Worker Number": 0, "Sort Method": "quicksort", "Sort Space Used": 385, "Sort Space Type": "Memory"}], "Plans": [{"Node Type": "Seq Scan", "Parent Relationship": "Outer", "Parallel Aware": true, "Async Capable": false, "Relation Name": "votes", "Alias": "v", "Startup Cost": 0.0, "Total Cost": 5054.68, "Plan Rows": 23133, "Plan Width": 4, "Actual Rows": 19406, "Actual Loops": 2, "Filter": "((creationdate >= '2012-09-22 22:54:05'::timestamp without time zone) AND (creationdate <= '2013-03-19 09:48:06'::timestamp without time zone))", "Rows Removed by Filter": 144626, "Workers": []}]}, {"Node Type": "Sort", "Parent Relationship": "Inner", "Parallel Aware": false, "Async Capable": false, "Startup Cost": 4252.86, "Total Cost": 4279.47, "Plan Rows": 1778.0, "Plan Width": 16, "Actual Rows": 7212, "Actual Loops": 2, "Sort Key": ["c.postid"], "Sort Method": "quicksort", "Sort Space Used": 916, "Sort Space Type": "Memory", "Workers": [{"Worker Number": 0, "Sort Method": "quicksort", "Sort Space Used": 916, "Sort Space Type": "Memory"}], "Plans": [{"Node Type": "Nested Loop", "Parent Relationship": "Outer", "Parallel Aware": false, "Async Capable": false, "Join Type": "Inner", "Startup Cost": 1.13, "Total Cost": 3540.89, "Plan Rows": 1778.0, "Plan Width": 16, "Actual Rows": 13619, "Actual Loops": 2, "Inner Unique": false, "Join Filter": "(pl.postid = ph.postid)", "Rows Removed by Join Filter": 0, "Workers": [], "Plans": [{"Node Type": "Nested Loop", "Parent Relationship": "Outer", "Parallel Aware": false, "Async Capable": false, "Join Type": "Inner", "Startup Cost": 0.71, "Total Cost": 2015.81, "Plan Rows": 689.0, "Plan Width": 12, "Actual Rows": 2255, "Actual Loops": 2, "Inner Unique": false, "Join Filter": "(c.postid = pl.postid)", "Rows Removed by Join Filter": 0, "Workers": [], "Plans": [{"Node Type": "Nested Loop", "Parent Relationship": "Outer", "Parallel Aware": false, "Async Capable": false, "Join Type": "Inner", "Startup Cost": 0.29, "Total Cost": 1591.01, "Plan Rows": 122.0, "Plan Width": 8, "Actual Rows": 916, "Actual Loops": 2, "Inner Unique": true, "Workers": [], "Plans": [{"Node Type": "Seq Scan", "Parent Relationship": "Outer", "Parallel Aware": false, "Async Capable": false, "Relation Name": "postlinks", "Alias": "pl", "Startup Cost": 0.0, "Total Cost": 248.53, "Plan Rows": 808, "Plan Width": 4, "Actual Rows": 916, "Actual Loops": 2, "Filter": "((creationdate >= '2011-12-27 18:26:47'::timestamp without time zone) AND (linktypeid = 3))", "Rows Removed by Filter": 10186, "Workers": []}, {"Node Type": "Index Only Scan", "Parent Relationship": "Inner", "Parallel Aware": false, "Async Capable": false, "Scan Direction": "Forward", "Index Name": "posts_pkey", "Relation Name": "posts", "Alias": "p", "Startup Cost": 0.29, "Total Cost": 1.66, "Plan Rows": 1, "Plan Width": 4, "Actual Rows": 1, "Actual Loops": 1832, "Index Cond": "(id = pl.postid)", "Rows Removed by Index Recheck": 0, "Heap Fetches": 0, "Workers": []}]}, {"Node Type": "Index Only Scan", "Parent Relationship": "Inner", "Parallel Aware": false, "Async Capable": false, "Scan Direction": "Forward", "Index Name": "idx_comments_postid", "Relation Name": "comments", "Alias": "c", "Startup Cost": 0.42, "Total Cost": 0.49, "Plan Rows": 3, "Plan Width": 4, "Actual Rows": 2, "Actual Loops": 1832, "Index Cond": "(postid = p.id)", "Rows Removed by Index Recheck": 0, "Heap Fetches": 0, "Workers": []}]}, {"Node Type": "Index Only Scan", "Parent Relationship": "Inner", "Parallel Aware": false, "Async Capable": false, "Scan Direction": "Forward", "Index Name": "idx_posthistory_postid", "Relation Name": "posthistory", "Alias": "ph", "Startup Cost": 0.42, "Total Cost": 0.5, "Plan Rows": 4, "Plan Width": 4, "Actual Rows": 6, "Actual Loops": 4510, "Index Cond": "(postid = c.postid)", "Rows Removed by Index Recheck": 0, "Heap Fetches": 0, "Workers": []}]}]}]}]}]}]}, "Planning Time": 6.799, "Triggers": [], "Execution Time": 61.367}, {"Plan": {"Node Type": "Aggregate", "Strategy": "Plain", "Partial Mode": "Finalize", "Parallel Aware": false, "Async Capable": false, "Startup Cost": 8727.78, "Total Cost": 8727.79, "Plan Rows": 1, "Plan Width": 8, "Actual Rows": 1, "Actual Loops": 1, "Plans": [{"Node Type": "Gather", "Parent Relationship": "Outer", "Parallel Aware": false, "Async Capable": false, "Startup Cost": 8727.56, "Total Cost": 8727.77, "Plan Rows": 2, "Plan Width": 8, "Actual Rows": 3, "Actual Loops": 1, "Workers Planned": 2, "Workers Launched": 2, "Single Copy": false, "Plans": [{"Node Type": "Aggregate", "Strategy": "Plain", "Partial Mode": "Partial", "Parent Relationship": "Outer", "Parallel Aware": false, "Async Capable": false, "Startup Cost": 7727.56, "Total Cost": 7727.57, "Plan Rows": 1, "Plan Width": 8, "Actual Rows": 1, "Actual Loops": 3, "Workers": [], "Plans": [{"Node Type": "Merge Join", "Parent Relationship": "Outer", "Parallel Aware": false, "Async Capable": false, "Join Type": "Inner", "Startup Cost": 2513.59, "Total Cost": 7720.1, "Plan Rows": 4805.0, "Plan Width": 0, "Actual Rows": 2653, "Actual Loops": 3, "Inner Unique": false, "Merge Cond": "(ph.postid = pl.postid)", "Workers": [], "Plans": [{"Node Type": "Index Only Scan", "Parent Relationship": "Outer", "Parallel Aware": true, "Async Capable": false, "Scan Direction": "Forward", "Index Name": "idx_posthistory_postid", "Relation Name": "posthistory", "Alias": "ph", "Startup Cost": 0.42, "Total Cost": 4847.39, "Plan Rows": 126328, "Plan Width": 4, "Actual Rows": 46470, "Actual Loops": 3, "Heap Fetches": 0, "Workers": []}, {"Node Type": "Sort", "Parent Relationship": "Inner", "Parallel Aware": false, "Async Capable": false, "Startup Cost": 2513.0, "Total Cost": 2517.63, "Plan Rows": 1914.0, "Plan Width": 16, "Actual Rows": 3331, "Actual Loops": 3, "Sort Key": ["c.postid"], "Sort Method": "quicksort", "Sort Space Used": 64, "Sort Space Type": "Memory", "Workers": [{"Worker Number": 0, "Sort Method": "quicksort", "Sort Space Used": 64, "Sort Space Type": "Memory"}, {"Worker Number": 1, "Sort Method": "quicksort", "Sort Space Used": 64, "Sort Space Type": "Memory"}], "Plans": [{"Node Type": "Nested Loop", "Parent Relationship": "Outer", "Parallel Aware": false, "Async Capable": false, "Join Type": "Inner", "Startup Cost": 1.14, "Total Cost": 2412.55, "Plan Rows": 1914.0, "Plan Width": 16, "Actual Rows": 1018, "Actual Loops": 3, "Inner Unique": false, "Join Filter": "(c.postid = pl.postid)", "Rows Removed by Join Filter": 0, "Workers": [], "Plans": [{"Node Type": "Nested Loop", "Parent Relationship": "Outer", "Parallel Aware": false, "Async Capable": false, "Join Type": "Inner", "Startup Cost": 0.71, "Total Cost": 2126.55, "Plan Rows": 629.0, "Plan Width": 12, "Actual Rows": 354, "Actual Loops": 3, "Inner Unique": false, "Join Filter": "(pl.postid = v.postid)", "Rows Removed by Join Filter": 0, "Workers": [], "Plans": [{"Node Type": "Nested Loop", "Parent Relationship": "Outer", "Parallel Aware": false, "Async Capable": false, "Join Type": "Inner", "Startup Cost": 0.29, "Total Cost": 1591.01, "Plan Rows": 122.0, "Plan Width": 8, "Actual Rows": 916, "Actual Loops": 3, "Inner Unique": true, "Workers": [], "Plans": [{"Node Type": "Seq Scan", "Parent Relationship": "Outer", "Parallel Aware": false, "Async Capable": false, "Relation Name": "postlinks", "Alias": "pl", "Startup Cost": 0.0, "Total Cost": 248.53, "Plan Rows": 808, "Plan Width": 4, "Actual Rows": 916, "Actual Loops": 3, "Filter": "((creationdate >= '2011-12-27 18:26:47'::timestamp without time zone) AND (linktypeid = 3))", "Rows Removed by Filter": 10186, "Workers": []}, {"Node Type": "Index Only Scan", "Parent Relationship": "Inner", "Parallel Aware": false, "Async Capable": false, "Scan Direction": "Forward", "Index Name": "posts_pkey", "Relation Name": "posts", "Alias": "p", "Startup Cost": 0.29, "Total Cost": 1.66, "Plan Rows": 1, "Plan Width": 4, "Actual Rows": 1, "Actual Loops": 2748, "Index Cond": "(id = pl.postid)", "Rows Removed by Index Recheck": 0, "Heap Fetches": 0, "Workers": []}]}, {"Node Type": "Index Scan", "Parent Relationship": "Inner", "Parallel Aware": false, "Async Capable": false, "Scan Direction": "Forward", "Index Name": "idx_votes_postid", "Relation Name": "votes", "Alias": "v", "Startup Cost": 0.42, "Total Cost": 0.65, "Plan Rows": 1, "Plan Width": 4, "Actual Rows": 0, "Actual Loops": 2748, "Index Cond": "(postid = p.id)", "Rows Removed by Index Recheck": 0, "Filter": "((creationdate >= '2012-09-22 22:54:05'::timestamp without time zone) AND (creationdate <= '2013-03-19 09:48:06'::timestamp without time zone))", "Rows Removed by Filter": 2, "Workers": []}]}, {"Node Type": "Index Only Scan", "Parent Relationship": "Inner", "Parallel Aware": false, "Async Capable": false, "Scan Direction": "Forward", "Index Name": "idx_comments_postid", "Relation Name": "comments", "Alias": "c", "Startup Cost": 0.42, "Total Cost": 0.49, "Plan Rows": 3, "Plan Width": 4, "Actual Rows": 3, "Actual Loops": 1062, "Index Cond": "(postid = p.id)", "Rows Removed by Index Recheck": 0, "Heap Fetches": 0, "Workers": []}]}]}]}]}]}]}, "Planning Time": 11.218, "Triggers": [], "Execution Time": 34.06}, {"Plan": {"Node Type": "Aggregate", "Strategy": "Plain", "Partial Mode": "Simple", "Parallel Aware": false, "Async Capable": false, "Startup Cost": 13039.93, "Total Cost": 13039.94, "Plan Rows": 1, "Plan Width": 8, "Actual Rows": 1, "Actual Loops": 1, "Plans": [{"Node Type": "Hash Join", "Parent Relationship": "Outer", "Parallel Aware": false, "Async Capable": false, "Join Type": "Inner", "Startup Cost": 8633.74, "Total Cost": 13022.01, "Plan Rows": 4805.0, "Plan Width": 0, "Actual Rows": 7959, "Actual Loops": 1, "Inner Unique": false, "Hash Cond": "(pl.postid = p.id)", "Plans": [{"Node Type": "Nested Loop", "Parent Relationship": "Outer", "Parallel Aware": false, "Async Capable": false, "Join Type": "Inner", "Startup Cost": 0.84, "Total Cost": 4338.68, "Plan Rows": 3226.0, "Plan Width": 12, "Actual Rows": 2646, "Actual Loops": 1, "Inner Unique": false, "Join Filter": "(pl.postid = v.postid)", "Rows Removed by Join Filter": 0, "Plans": [{"Node Type": "Nested Loop", "Parent Relationship": "Outer", "Parallel Aware": false, "Async Capable": false, "Join Type": "Inner", "Startup Cost": 0.42, "Total Cost": 2516.7, "Plan Rows": 942.0, "Plan Width": 8, "Actual Rows": 5338, "Actual Loops": 1, "Inner Unique": false, "Plans": [{"Node Type": "Seq Scan", "Parent Relationship": "Outer", "Parallel Aware": false, "Async Capable": false, "Relation Name": "postlinks", "Alias": "pl", "Startup Cost": 0.0, "Total Cost": 248.53, "Plan Rows": 808, "Plan Width": 4, "Actual Rows": 916, "Actual Loops": 1, "Filter": "((creationdate >= '2011-12-27 18:26:47'::timestamp without time zone) AND (linktypeid = 3))", "Rows Removed by Filter": 10186}, {"Node Type": "Index Only Scan", "Parent Relationship": "Inner", "Parallel Aware": false, "Async Capable": false, "Scan Direction": "Forward", "Index Name": "idx_posthistory_postid", "Relation Name": "posthistory", "Alias": "ph", "Startup Cost": 0.42, "Total Cost": 2.77, "Plan Rows": 4, "Plan Width": 4, "Actual Rows": 6, "Actual Loops": 916, "Index Cond": "(postid = pl.postid)", "Rows Removed by Index Recheck": 0, "Heap Fetches": 0}]}, {"Node Type": "Index Scan", "Parent Relationship": "Inner", "Parallel Aware": false, "Async Capable": false, "Scan Direction": "Forward", "Index Name": "idx_votes_postid", "Relation Name": "votes", "Alias": "v", "Startup Cost": 0.42, "Total Cost": 0.57, "Plan Rows": 1, "Plan Width": 4, "Actual Rows": 0, "Actual Loops": 5338, "Index Cond": "(postid = ph.postid)", "Rows Removed by Index Recheck": 0, "Filter": "((creationdate >= '2012-09-22 22:54:05'::timestamp without time zone) AND (creationdate <= '2013-03-19 09:48:06'::timestamp without time zone))", "Rows Removed by Filter": 2}]}, {"Node Type": "Hash", "Parent Relationship": "Inner", "Parallel Aware": false, "Async Capable": false, "Startup Cost": 6454.08, "Total Cost": 6454.08, "Plan Rows": 1003.0, "Plan Width": 8, "Actual Rows": 174305, "Actual Loops": 1, "Hash Buckets": 262144, "Original Hash Buckets": 262144, "Hash Batches": 1, "Original Hash Batches": 1, "Peak Memory Usage": 8857, "Plans": [{"Node Type": "Hash Join", "Parent Relationship": "Outer", "Parallel Aware": false, "Async Capable": false, "Join Type": "Inner", "Startup Cost": 2909.46, "Total Cost": 6454.08, "Plan Rows": 1003.0, "Plan Width": 8, "Actual Rows": 174305, "Actual Loops": 1, "Inner Unique": true, "Hash Cond": "(c.postid = p.id)", "Plans": [{"Node Type": "Seq Scan", "Parent Relationship": "Outer", "Parallel Aware": false, "Async Capable": false, "Relation Name": "comments", "Alias": "c", "Startup Cost": 0.0, "Total Cost": 3087.05, "Plan Rows": 174305, "Plan Width": 4, "Actual Rows": 174305, "Actual Loops": 1}, {"Node Type": "Hash", "Parent Relationship": "Inner", "Parallel Aware": false, "Async Capable": false, "Startup Cost": 1759.76, "Total Cost": 1759.76, "Plan Rows": 91976, "Plan Width": 4, "Actual Rows": 91976, "Actual Loops": 1, "Hash Buckets": 131072, "Original Hash Buckets": 131072, "Hash Batches": 1, "Original Hash Batches": 1, "Peak Memory Usage": 4258, "Plans": [{"Node Type": "Seq Scan", "Parent Relationship": "Outer", "Parallel Aware": false, "Async Capable": false, "Relation Name": "posts", "Alias": "p", "Startup Cost": 0.0, "Total Cost": 1759.76, "Plan Rows": 91976, "Plan Width": 4, "Actual Rows": 91976, "Actual Loops": 1}]}]}]}]}]}, "Planning Time": 5.555, "Triggers": [], "Execution Time": 192.235}, {"Plan": {"Node Type": "Aggregate", "Strategy": "Plain", "Partial Mode": "Finalize", "Parallel Aware": false, "Async Capable": false, "Startup Cost": 25752.6, "Total Cost": 25752.61, "Plan Rows": 1, "Plan Width": 8, "Actual Rows": 1, "Actual Loops": 1, "Plans": [{"Node Type": "Gather", "Parent Relationship": "Outer", "Parallel Aware": false, "Async Capable": false, "Startup Cost": 25752.38, "Total Cost": 25752.59, "Plan Rows": 2, "Plan Width": 8, "Actual Rows": 3, "Actual Loops": 1, "Workers Planned": 2, "Workers Launched": 2, "Single Copy": false, "Plans": [{"Node Type": "Aggregate", "Strategy": "Plain", "Partial Mode": "Partial", "Parent Relationship": "Outer", "Parallel Aware": false, "Async Capable": false, "Startup Cost": 24752.38, "Total Cost": 24752.39, "Plan Rows": 1, "Plan Width": 8, "Actual Rows": 1, "Actual Loops": 3, "Workers": [], "Plans": [{"Node Type": "Merge Join", "Parent Relationship": "Outer", "Parallel Aware": false, "Async Capable": false, "Join Type": "Inner", "Startup Cost": 7640.41, "Total Cost": 24744.92, "Plan Rows": 4805.0, "Plan Width": 0, "Actual Rows": 2653, "Actual Loops": 3, "Inner Unique": false, "Merge Cond": "(p.id = pl.postid)", "Workers": [], "Plans": [{"Node Type": "Merge Join", "Parent Relationship": "Outer", "Parallel Aware": false, "Async Capable": false, "Join Type": "Inner", "Startup Cost": 1.13, "Total Cost": 16387.51, "Plan Rows": 3760.0, "Plan Width": 12, "Actual Rows": 112366, "Actual Loops": 3, "Inner Unique": false, "Merge Cond": "(p.id = ph.postid)", "Workers": [], "Plans": [{"Node Type": "Merge Join", "Parent Relationship": "Outer", "Parallel Aware": false, "Async Capable": false, "Join Type": "Inner", "Startup Cost": 0.71, "Total Cost": 6438.03, "Plan Rows": 1003.0, "Plan Width": 8, "Actual Rows": 28584, "Actual Loops": 3, "Inner Unique": true, "Merge Cond": "(c.postid = p.id)", "Workers": [], "Plans": [{"Node Type": "Index Only Scan", "Parent Relationship": "Outer", "Parallel Aware": true, "Async Capable": false, "Scan Direction": "Forward", "Index Name": "idx_comments_postid", "Relation Name": "comments", "Alias": "c", "Startup Cost": 0.42, "Total Cost": 2872.37, "Plan Rows": 72627, "Plan Width": 4, "Actual Rows": 28584, "Actual Loops": 3, "Heap Fetches": 0, "Workers": []}, {"Node Type": "Index Only Scan", "Parent Relationship": "Inner", "Parallel Aware": false, "Async Capable": false, "Scan Direction": "Forward", "Index Name": "posts_pkey", "Relation Name": "posts", "Alias": "p", "Startup Cost": 0.29, "Total Cost": 2427.94, "Plan Rows": 91976, "Plan Width": 4, "Actual Rows": 42993, "Actual Loops": 3, "Heap Fetches": 0, "Workers": []}]}, {"Node Type": "Index Only Scan", "Parent Relationship": "Inner", "Parallel Aware": false, "Async Capable": false, "Scan Direction": "Forward", "Index Name": "idx_posthistory_postid", "Relation Name": "posthistory", "Alias": "ph", "Startup Cost": 0.42, "Total Cost": 6615.98, "Plan Rows": 303187, "Plan Width": 4, "Actual Rows": 221124, "Actual Loops": 3, "Heap Fetches": 0, "Workers": []}]}, {"Node Type": "Sort", "Parent Relationship": "Inner", "Parallel Aware": false, "Async Capable": false, "Startup Cost": 7638.73, "Total Cost": 7640.09, "Plan Rows": 884.0, "Plan Width": 8, "Actual Rows": 2908, "Actual Loops": 3, "Sort Key": ["pl.postid"], "Sort Method": "quicksort", "Sort Space Used": 36, "Sort Space Type": "Memory", "Workers": [{"Worker Number": 0, "Sort Method": "quicksort", "Sort Space Used": 36, "Sort Space Type": "Memory"}, {"Worker Number": 1, "Sort Method": "quicksort", "Sort Space Used": 36, "Sort Space Type": "Memory"}], "Plans": [{"Node Type": "Nested Loop", "Parent Relationship": "Outer", "Parallel Aware": false, "Async Capable": false, "Join Type": "Inner", "Startup Cost": 0.43, "Total Cost": 7614.01, "Plan Rows": 884.0, "Plan Width": 8, "Actual Rows": 354, "Actual Loops": 3, "Inner Unique": false, "Workers": [], "Plans": [{"Node Type": "Seq Scan", "Parent Relationship": "Outer", "Parallel Aware": false, "Async Capable": false, "Relation Name": "postlinks", "Alias": "pl", "Startup Cost": 0.0, "Total Cost": 248.53, "Plan Rows": 808, "Plan Width": 4, "Actual Rows": 916, "Actual Loops": 3, "Filter": "((creationdate >= '2011-12-27 18:26:47'::timestamp without time zone) AND (linktypeid = 3))", "Rows Removed by Filter": 10186, "Workers": []}, {"Node Type": "Memoize", "Parent Relationship": "Inner", "Parallel Aware": false, "Async Capable": false, "Startup Cost": 0.43, "Total Cost": 9.26, "Plan Rows": 1, "Plan Width": 4, "Actual Rows": 0, "Actual Loops": 2748, "Cache Key": "pl.postid", "Cache Mode": "logical", "Cache Hits": 26, "Cache Misses": 890, "Cache Evictions": 0, "Cache Overflows": 0, "Peak Memory Usage": 71, "Workers": [{"Worker Number": 0, "Cache Hits": 26, "Cache Misses": 890, "Cache Evictions": 0, "Cache Overflows": 0, "Peak Memory Usage": 71}, {"Worker Number": 1, "Cache Hits": 26, "Cache Misses": 890, "Cache Evictions": 0, "Cache Overflows": 0, "Peak Memory Usage": 71}], "Plans": [{"Node Type": "Index Scan", "Parent Relationship": "Outer", "Parallel Aware": false, "Async Capable": false, "Scan Direction": "Forward", "Index Name": "idx_votes_postid", "Relation Name": "votes", "Alias": "v", "Startup Cost": 0.42, "Total Cost": 9.25, "Plan Rows": 1, "Plan Width": 4, "Actual Rows": 0, "Actual Loops": 2670, "Index Cond": "(postid = pl.postid)", "Rows Removed by Index Recheck": 0, "Filter": "((creationdate >= '2012-09-22 22:54:05'::timestamp without time zone) AND (creationdate <= '2013-03-19 09:48:06'::timestamp without time zone))", "Rows Removed by Filter": 2, "Workers": []}]}]}]}]}]}]}]}, "Planning Time": 4.948, "Triggers": [], "Execution Time": 48.517}, {"Plan": {"Node Type": "Aggregate", "Strategy": "Plain", "Partial Mode": "Finalize", "Parallel Aware": false, "Async Capable": false, "Startup Cost": 27833.86, "Total Cost": 27833.87, "Plan Rows": 1, "Plan Width": 8, "Actual Rows": 1, "Actual Loops": 1, "Plans": [{"Node Type": "Gather", "Parent Relationship": "Outer", "Parallel Aware": false, "Async Capable": false, "Startup Cost": 27833.65, "Total Cost": 27833.86, "Plan Rows": 2, "Plan Width": 8, "Actual Rows": 3, "Actual Loops": 1, "Workers Planned": 2, "Workers Launched": 2, "Single Copy": false, "Plans": [{"Node Type": "Aggregate", "Strategy": "Plain", "Partial Mode": "Partial", "Parent Relationship": "Outer", "Parallel Aware": false, "Async Capable": false, "Startup Cost": 26833.65, "Total Cost": 26833.66, "Plan Rows": 1, "Plan Width": 8, "Actual Rows": 1, "Actual Loops": 3, "Workers": [], "Plans": [{"Node Type": "Merge Join", "Parent Relationship": "Outer", "Parallel Aware": false, "Async Capable": false, "Join Type": "Inner", "Startup Cost": 10371.31, "Total Cost": 26826.18, "Plan Rows": 4805.0, "Plan Width": 0, "Actual Rows": 2653, "Actual Loops": 3, "Inner Unique": false, "Merge Cond": "(p.id = pl.postid)", "Workers": [], "Plans": [{"Node Type": "Merge Join", "Parent Relationship": "Outer", "Parallel Aware": false, "Async Capable": false, "Join Type": "Inner", "Startup Cost": 10083.3, "Total Cost": 26078.79, "Plan Rows": 12307.0, "Plan Width": 16, "Actual Rows": 167212, "Actual Loops": 3, "Inner Unique": false, "Merge Cond": "(p.id = c.postid)", "Workers": [], "Plans": [{"Node Type": "Merge Join", "Parent Relationship": "Outer", "Parallel Aware": false, "Async Capable": false, "Join Type": "Inner", "Startup Cost": 10082.88, "Total Cost": 20384.82, "Plan Rows": 2737.0, "Plan Width": 12, "Actual Rows": 53577, "Actual Loops": 3, "Inner Unique": false, "Merge Cond": "(p.id = ph.postid)", "Workers": [], "Plans": [{"Node Type": "Merge Join", "Parent Relationship": "Outer", "Parallel Aware": false, "Async Capable": false, "Join Type": "Inner", "Startup Cost": 10082.45, "Total Cost": 12429.77, "Plan Rows": 1132.0, "Plan Width": 8, "Actual Rows": 12937, "Actual Loops": 3, "Inner Unique": false, "Merge Cond": "(p.id = v.postid)", "Workers": [], "Plans": [{"Node Type": "Index Only Scan", "Parent Relationship": "Outer", "Parallel Aware": true, "Async Capable": false, "Scan Direction": "Forward", "Index Name": "posts_pkey", "Relation Name": "posts", "Alias": "p", "Startup Cost": 0.29, "Total Cost": 1891.41, "Plan Rows": 38323, "Plan Width": 4, "Actual Rows": 14527, "Actual Loops": 3, "Heap Fetches": 0, "Workers": []}, {"Node Type": "Sort", "Parent Relationship": "Inner", "Parallel Aware": false, "Async Capable": false, "Startup Cost": 10082.16, "Total Cost": 10180.48, "Plan Rows": 39326, "Plan Width": 4, "Actual Rows": 38811, "Actual Loops": 3, "Sort Key": ["v.postid"], "Sort Method": "quicksort", "Sort Space Used": 1537, "Sort Space Type": "Memory", "Workers": [{"Worker Number": 0, "Sort Method": "quicksort", "Sort Space Used": 1537, "Sort Space Type": "Memory"}, {"Worker Number": 1, "Sort Method": "quicksort", "Sort Space Used": 1537, "Sort Space Type": "Memory"}], "Plans": [{"Node Type": "Seq Scan", "Parent Relationship": "Outer", "Parallel Aware": false, "Async Capable": false, "Relation Name": "votes", "Alias": "v", "Startup Cost": 0.0, "Total Cost": 7080.96, "Plan Rows": 39326, "Plan Width": 4, "Actual Rows": 38811, "Actual Loops": 3, "Filter": "((creationdate >= '2012-09-22 22:54:05'::timestamp without time zone) AND (creationdate <= '2013-03-19 09:48:06'::timestamp without time zone))", "Rows Removed by Filter": 289253, "Workers": []}]}]}, {"Node Type": "Index Only Scan", "Parent Relationship": "Inner", "Parallel Aware": false, "Async Capable": false, "Scan Direction": "Forward", "Index Name": "idx_posthistory_postid", "Relation Name": "posthistory", "Alias": "ph", "Startup Cost": 0.42, "Total Cost": 6615.98, "Plan Rows": 303187, "Plan Width": 4, "Actual Rows": 176441, "Actual Loops": 3, "Heap Fetches": 0, "Workers": []}]}, {"Node Type": "Index Only Scan", "Parent Relationship": "Inner", "Parallel Aware": false, "Async Capable": false, "Scan Direction": "Forward", "Index Name": "idx_comments_postid", "Relation Name": "comments", "Alias": "c", "Startup Cost": 0.42, "Total Cost": 3889.15, "Plan Rows": 174305, "Plan Width": 4, "Actual Rows": 243208, "Actual Loops": 3, "Heap Fetches": 0, "Workers": []}]}, {"Node Type": "Sort", "Parent Relationship": "Inner", "Parallel Aware": false, "Async Capable": false, "Startup Cost": 287.55, "Total Cost": 289.57, "Plan Rows": 808, "Plan Width": 4, "Actual Rows": 2904, "Actual Loops": 3, "Sort Key": ["pl.postid"], "Sort Method": "quicksort", "Sort Space Used": 25, "Sort Space Type": "Memory", "Workers": [{"Worker Number": 0, "Sort Method": "quicksort", "Sort Space Used": 25, "Sort Space Type": "Memory"}, {"Worker Number": 1, "Sort Method": "quicksort", "Sort Space Used": 25, "Sort Space Type": "Memory"}], "Plans": [{"Node Type": "Seq Scan", "Parent Relationship": "Outer", "Parallel Aware": false, "Async Capable": false, "Relation Name": "postlinks", "Alias": "pl", "Startup Cost": 0.0, "Total Cost": 248.53, "Plan Rows": 808, "Plan Width": 4, "Actual Rows": 916, "Actual Loops": 3, "Filter": "((creationdate >= '2011-12-27 18:26:47'::timestamp without time zone) AND (linktypeid = 3))", "Rows Removed by Filter": 10186, "Workers": []}]}]}]}]}]}, "Planning Time": 8.177, "Triggers": [], "Execution Time": 103.31}, {"Plan": {"Node Type": "Aggregate", "Strategy": "Plain", "Partial Mode": "Simple", "Parallel Aware": false, "Async Capable": false, "Startup Cost": 32065.16, "Total Cost": 32065.17, "Plan Rows": 1, "Plan Width": 8, "Actual Rows": 1, "Actual Loops": 1, "Plans": [{"Node Type": "Hash Join", "Parent Relationship": "Outer", "Parallel Aware": false, "Async Capable": false, "Join Type": "Inner", "Startup Cost": 31754.56, "Total Cost": 32047.24, "Plan Rows": 4805.0, "Plan Width": 0, "Actual Rows": 7959, "Actual Loops": 1, "Inner Unique": false, "Hash Cond": "(pl.postid = p.id)", "Plans": [{"Node Type": "Seq Scan", "Parent Relationship": "Outer", "Parallel Aware": false, "Async Capable": false, "Relation Name": "postlinks", "Alias": "pl", "Startup Cost": 0.0, "Total Cost": 248.53, "Plan Rows": 808, "Plan Width": 4, "Actual Rows": 916, "Actual Loops": 1, "Filter": "((creationdate >= '2011-12-27 18:26:47'::timestamp without time zone) AND (linktypeid = 3))", "Rows Removed by Filter": 10186}, {"Node Type": "Hash", "Parent Relationship": "Inner", "Parallel Aware": false, "Async Capable": false, "Startup Cost": 26478.65, "Total Cost": 26478.65, "Plan Rows": 12307.0, "Plan Width": 16, "Actual Rows": 501635, "Actual Loops": 1, "Hash Buckets": 524288, "Original Hash Buckets": 524288, "Hash Batches": 1, "Original Hash Batches": 1, "Peak Memory Usage": 27611, "Plans": [{"Node Type": "Hash Join", "Parent Relationship": "Outer", "Parallel Aware": false, "Async Capable": false, "Join Type": "Inner", "Startup Cost": 16445.54, "Total Cost": 26478.65, "Plan Rows": 12307.0, "Plan Width": 16, "Actual Rows": 501635, "Actual Loops": 1, "Inner Unique": false, "Hash Cond": "(ph.postid = p.id)", "Plans": [{"Node Type": "Seq Scan", "Parent Relationship": "Outer", "Parallel Aware": false, "Async Capable": false, "Relation Name": "posthistory", "Alias": "ph", "Startup Cost": 0.0, "Total Cost": 5271.87, "Plan Rows": 303187, "Plan Width": 4, "Actual Rows": 303187, "Actual Loops": 1}, {"Node Type": "Hash", "Parent Relationship": "Inner", "Parallel Aware": false, "Async Capable": false, "Startup Cost": 15071.19, "Total Cost": 15071.19, "Plan Rows": 4135.0, "Plan Width": 12, "Actual Rows": 101557, "Actual Loops": 1, "Hash Buckets": 131072, "Original Hash Buckets": 131072, "Hash Batches": 1, "Original Hash Batches": 1, "Peak Memory Usage": 5388, "Plans": [{"Node Type": "Hash Join", "Parent Relationship": "Outer", "Parallel Aware": false, "Async Capable": false, "Join Type": "Inner", "Startup Cost": 10585.23, "Total Cost": 15071.19, "Plan Rows": 4135.0, "Plan Width": 12, "Actual Rows": 101557, "Actual Loops": 1, "Inner Unique": false, "Hash Cond": "(c.postid = p.id)", "Plans": [{"Node Type": "Seq Scan", "Parent Relationship": "Outer", "Parallel Aware": false, "Async Capable": false, "Relation Name": "comments", "Alias": "c", "Startup Cost": 0.0, "Total Cost": 3087.05, "Plan Rows": 174305, "Plan Width": 4, "Actual Rows": 174305, "Actual Loops": 1}, {"Node Type": "Hash", "Parent Relationship": "Inner", "Parallel Aware": false, "Async Capable": false, "Startup Cost": 10093.65, "Total Cost": 10093.65, "Plan Rows": 1132.0, "Plan Width": 8, "Actual Rows": 38811, "Actual Loops": 1, "Hash Buckets": 65536, "Original Hash Buckets": 65536, "Hash Batches": 1, "Original Hash Batches": 1, "Peak Memory Usage": 2029, "Plans": [{"Node Type": "Hash Join", "Parent Relationship": "Outer", "Parallel Aware": false, "Async Capable": false, "Join Type": "Inner", "Startup Cost": 2909.46, "Total Cost": 10093.65, "Plan Rows": 1132.0, "Plan Width": 8, "Actual Rows": 38811, "Actual Loops": 1, "Inner Unique": true, "Hash Cond": "(v.postid = p.id)", "Plans": [{"Node Type": "Seq Scan", "Parent Relationship": "Outer", "Parallel Aware": false, "Async Capable": false, "Relation Name": "votes", "Alias": "v", "Startup Cost": 0.0, "Total Cost": 7080.96, "Plan Rows": 39326, "Plan Width": 4, "Actual Rows": 38811, "Actual Loops": 1, "Filter": "((creationdate >= '2012-09-22 22:54:05'::timestamp without time zone) AND (creationdate <= '2013-03-19 09:48:06'::timestamp without time zone))", "Rows Removed by Filter": 289253}, {"Node Type": "Hash", "Parent Relationship": "Inner", "Parallel Aware": false, "Async Capable": false, "Startup Cost": 1759.76, "Total Cost": 1759.76, "Plan Rows": 91976, "Plan Width": 4, "Actual Rows": 91976, "Actual Loops": 1, "Hash Buckets": 131072, "Original Hash Buckets": 131072, "Hash Batches": 1, "Original Hash Batches": 1, "Peak Memory Usage": 4258, "Plans": [{"Node Type": "Seq Scan", "Parent Relationship": "Outer", "Parallel Aware": false, "Async Capable": false, "Relation Name": "posts", "Alias": "p", "Startup Cost": 0.0, "Total Cost": 1759.76, "Plan Rows": 91976, "Plan Width": 4, "Actual Rows": 91976, "Actual Loops": 1}]}]}]}]}]}]}]}]}]}, "Planning Time": 6.075, "Triggers": [], "Execution Time": 460.816}, {"Plan": {"Node Type": "Aggregate", "Strategy": "Plain", "Partial Mode": "Finalize", "Parallel Aware": false, "Async Capable": false, "Startup Cost": 23718.52, "Total Cost": 23718.53, "Plan Rows": 1, "Plan Width": 8, "Actual Rows": 1, "Actual Loops": 1, "Plans": [{"Node Type": "Gather", "Parent Relationship": "Outer", "Parallel Aware": false, "Async Capable": false, "Startup Cost": 23718.3, "Total Cost": 23718.51, "Plan Rows": 2, "Plan Width": 8, "Actual Rows": 3, "Actual Loops": 1, "Workers Planned": 2, "Workers Launched": 2, "Single Copy": false, "Plans": [{"Node Type": "Aggregate", "Strategy": "Plain", "Partial Mode": "Partial", "Parent Relationship": "Outer", "Parallel Aware": false, "Async Capable": false, "Startup Cost": 22718.3, "Total Cost": 22718.31, "Plan Rows": 1, "Plan Width": 8, "Actual Rows": 1, "Actual Loops": 3, "Workers": [], "Plans": [{"Node Type": "Merge Join", "Parent Relationship": "Outer", "Parallel Aware": false, "Async Capable": false, "Join Type": "Inner", "Startup Cost": 12218.63, "Total Cost": 22710.84, "Plan Rows": 4805.0, "Plan Width": 0, "Actual Rows": 2653, "Actual Loops": 3, "Inner Unique": false, "Merge Cond": "(p.id = pl.postid)", "Workers": [], "Plans": [{"Node Type": "Merge Join", "Parent Relationship": "Outer", "Parallel Aware": false, "Async Capable": false, "Join Type": "Inner", "Startup Cost": 10082.88, "Total Cost": 20384.82, "Plan Rows": 2737.0, "Plan Width": 12, "Actual Rows": 53577, "Actual Loops": 3, "Inner Unique": false, "Merge Cond": "(p.id = ph.postid)", "Workers": [], "Plans": [{"Node Type": "Merge Join", "Parent Relationship": "Outer", "Parallel Aware": false, "Async Capable": false, "Join Type": "Inner", "Startup Cost": 10082.45, "Total Cost": 12429.77, "Plan Rows": 1132.0, "Plan Width": 8, "Actual Rows": 12937, "Actual Loops": 3, "Inner Unique": false, "Merge Cond": "(p.id = v.postid)", "Workers": [], "Plans": [{"Node Type": "Index Only Scan", "Parent Relationship": "Outer", "Parallel Aware": true, "Async Capable": false, "Scan Direction": "Forward", "Index Name": "posts_pkey", "Relation Name": "posts", "Alias": "p", "Startup Cost": 0.29, "Total Cost": 1891.41, "Plan Rows": 38323, "Plan Width": 4, "Actual Rows": 14527, "Actual Loops": 3, "Heap Fetches": 0, "Workers": []}, {"Node Type": "Sort", "Parent Relationship": "Inner", "Parallel Aware": false, "Async Capable": false, "Startup Cost": 10082.16, "Total Cost": 10180.48, "Plan Rows": 39326, "Plan Width": 4, "Actual Rows": 38811, "Actual Loops": 3, "Sort Key": ["v.postid"], "Sort Method": "quicksort", "Sort Space Used": 1537, "Sort Space Type": "Memory", "Workers": [{"Worker Number": 0, "Sort Method": "quicksort", "Sort Space Used": 1537, "Sort Space Type": "Memory"}, {"Worker Number": 1, "Sort Method": "quicksort", "Sort Space Used": 1537, "Sort Space Type": "Memory"}], "Plans": [{"Node Type": "Seq Scan", "Parent Relationship": "Outer", "Parallel Aware": false, "Async Capable": false, "Relation Name": "votes", "Alias": "v", "Startup Cost": 0.0, "Total Cost": 7080.96, "Plan Rows": 39326, "Plan Width": 4, "Actual Rows": 38811, "Actual Loops": 3, "Filter": "((creationdate >= '2012-09-22 22:54:05'::timestamp without time zone) AND (creationdate <= '2013-03-19 09:48:06'::timestamp without time zone))", "Rows Removed by Filter": 289253, "Workers": []}]}]}, {"Node Type": "Index Only Scan", "Parent Relationship": "Inner", "Parallel Aware": false, "Async Capable": false, "Scan Direction": "Forward", "Index Name": "idx_posthistory_postid", "Relation Name": "posthistory", "Alias": "ph", "Startup Cost": 0.42, "Total Cost": 6615.98, "Plan Rows": 303187, "Plan Width": 4, "Actual Rows": 176441, "Actual Loops": 3, "Heap Fetches": 0, "Workers": []}]}, {"Node Type": "Sort", "Parent Relationship": "Inner", "Parallel Aware": false, "Async Capable": false, "Startup Cost": 2135.42, "Total Cost": 2142.3, "Plan Rows": 1191.0, "Plan Width": 8, "Actual Rows": 3221, "Actual Loops": 3, "Sort Key": ["c.postid"], "Sort Method": "quicksort", "Sort Space Used": 167, "Sort Space Type": "Memory", "Workers": [{"Worker Number": 0, "Sort Method": "quicksort", "Sort Space Used": 167, "Sort Space Type": "Memory"}, {"Worker Number": 1, "Sort Method": "quicksort", "Sort Space Used": 167, "Sort Space Type": "Memory"}], "Plans": [{"Node Type": "Nested Loop", "Parent Relationship": "Outer", "Parallel Aware": false, "Async Capable": false, "Join Type": "Inner", "Startup Cost": 0.42, "Total Cost": 1978.39, "Plan Rows": 1191.0, "Plan Width": 8, "Actual Rows": 2255, "Actual Loops": 3, "Inner Unique": false, "Workers": [], "Plans": [{"Node Type": "Seq Scan", "Parent Relationship": "Outer", "Parallel Aware": false, "Async Capable": false, "Relation Name": "postlinks", "Alias": "pl", "Startup Cost": 0.0, "Total Cost": 248.53, "Plan Rows": 808, "Plan Width": 4, "Actual Rows": 916, "Actual Loops": 3, "Filter": "((creationdate >= '2011-12-27 18:26:47'::timestamp without time zone) AND (linktypeid = 3))", "Rows Removed by Filter": 10186, "Workers": []}, {"Node Type": "Index Only Scan", "Parent Relationship": "Inner", "Parallel Aware": false, "Async Capable": false, "Scan Direction": "Forward", "Index Name": "idx_comments_postid", "Relation Name": "comments", "Alias": "c", "Startup Cost": 0.42, "Total Cost": 2.11, "Plan Rows": 3, "Plan Width": 4, "Actual Rows": 2, "Actual Loops": 2748, "Index Cond": "(postid = pl.postid)", "Rows Removed by Index Recheck": 0, "Heap Fetches": 0, "Workers": []}]}]}]}]}]}]}, "Planning Time": 8.611, "Triggers": [], "Execution Time": 87.602}, {"Plan": {"Node Type": "Aggregate", "Strategy": "Plain", "Partial Mode": "Simple", "Parallel Aware": false, "Async Capable": false, "Startup Cost": 17249.93, "Total Cost": 17249.94, "Plan Rows": 1, "Plan Width": 8, "Actual Rows": 1, "Actual Loops": 1, "Plans": [{"Node Type": "Merge Join", "Parent Relationship": "Outer", "Parallel Aware": false, "Async Capable": false, "Join Type": "Inner", "Startup Cost": 10083.67, "Total Cost": 17232.01, "Plan Rows": 4805.0, "Plan Width": 0, "Actual Rows": 7959, "Actual Loops": 1, "Inner Unique": false, "Merge Cond": "(p.id = pl.postid)", "Plans": [{"Node Type": "Merge Join", "Parent Relationship": "Outer", "Parallel Aware": false, "Async Capable": false, "Join Type": "Inner", "Startup Cost": 10082.45, "Total Cost": 13329.82, "Plan Rows": 1132.0, "Plan Width": 8, "Actual Rows": 38811, "Actual Loops": 1, "Inner Unique": false, "Merge Cond": "(p.id = v.postid)", "Plans": [{"Node Type": "Index Only Scan", "Parent Relationship": "Outer", "Parallel Aware": false, "Async Capable": false, "Scan Direction": "Forward", "Index Name": "posts_pkey", "Relation Name": "posts", "Alias": "p", "Startup Cost": 0.29, "Total Cost": 2427.94, "Plan Rows": 91976, "Plan Width": 4, "Actual Rows": 43579, "Actual Loops": 1, "Heap Fetches": 0}, {"Node Type": "Sort", "Parent Relationship": "Inner", "Parallel Aware": false, "Async Capable": false, "Startup Cost": 10082.16, "Total Cost": 10180.48, "Plan Rows": 39326, "Plan Width": 4, "Actual Rows": 38811, "Actual Loops": 1, "Sort Key": ["v.postid"], "Sort Method": "quicksort", "Sort Space Used": 1537, "Sort Space Type": "Memory", "Plans": [{"Node Type": "Seq Scan", "Parent Relationship": "Outer", "Parallel Aware": false, "Async Capable": false, "Relation Name": "votes", "Alias": "v", "Startup Cost": 0.0, "Total Cost": 7080.96, "Plan Rows": 39326, "Plan Width": 4, "Actual Rows": 38811, "Actual Loops": 1, "Filter": "((creationdate >= '2012-09-22 22:54:05'::timestamp without time zone) AND (creationdate <= '2013-03-19 09:48:06'::timestamp without time zone))", "Rows Removed by Filter": 289253}]}]}, {"Node Type": "Materialize", "Parent Relationship": "Inner", "Parallel Aware": false, "Async Capable": false, "Startup Cost": 1.13, "Total Cost": 3732.36, "Plan Rows": 3315.0, "Plan Width": 12, "Actual Rows": 10550, "Actual Loops": 1, "Plans": [{"Node Type": "Nested Loop", "Parent Relationship": "Outer", "Parallel Aware": false, "Async Capable": false, "Join Type": "Inner", "Startup Cost": 1.13, "Total Cost": 3705.75, "Plan Rows": 3315.0, "Plan Width": 12, "Actual Rows": 4496, "Actual Loops": 1, "Inner Unique": false, "Join Filter": "(pl.postid = ph.postid)", "Rows Removed by Join Filter": 0, "Plans": [{"Node Type": "Nested Loop", "Parent Relationship": "Outer", "Parallel Aware": false, "Async Capable": false, "Join Type": "Inner", "Startup Cost": 0.71, "Total Cost": 2180.66, "Plan Rows": 1191.0, "Plan Width": 8, "Actual Rows": 658, "Actual Loops": 1, "Inner Unique": false, "Plans": [{"Node Type": "Index Scan", "Parent Relationship": "Outer", "Parallel Aware": false, "Async Capable": false, "Scan Direction": "Forward", "Index Name": "idx_postlinks_postid", "Relation Name": "postlinks", "Alias": "pl", "Startup Cost": 0.29, "Total Cost": 450.8, "Plan Rows": 808, "Plan Width": 4, "Actual Rows": 280, "Actual Loops": 1, "Filter": "((creationdate >= '2011-12-27 18:26:47'::timestamp without time zone) AND (linktypeid = 3))", "Rows Removed by Filter": 4371}, {"Node Type": "Index Only Scan", "Parent Relationship": "Inner", "Parallel Aware": false, "Async Capable": false, "Scan Direction": "Forward", "Index Name": "idx_comments_postid", "Relation Name": "comments", "Alias": "c", "Startup Cost": 0.42, "Total Cost": 2.11, "Plan Rows": 3, "Plan Width": 4, "Actual Rows": 2, "Actual Loops": 280, "Index Cond": "(postid = pl.postid)", "Rows Removed by Index Recheck": 0, "Heap Fetches": 0}]}, {"Node Type": "Index Only Scan", "Parent Relationship": "Inner", "Parallel Aware": false, "Async Capable": false, "Scan Direction": "Forward", "Index Name": "idx_posthistory_postid", "Relation Name": "posthistory", "Alias": "ph", "Startup Cost": 0.42, "Total Cost": 0.5, "Plan Rows": 4, "Plan Width": 4, "Actual Rows": 7, "Actual Loops": 658, "Index Cond": "(postid = c.postid)", "Rows Removed by Index Recheck": 0, "Heap Fetches": 0}]}]}]}]}, "Planning Time": 5.522, "Triggers": [], "Execution Time": 64.886}, {"Plan": {"Node Type": "Aggregate", "Strategy": "Plain", "Partial Mode": "Simple", "Parallel Aware": false, "Async Capable": false, "Startup Cost": 16508.27, "Total Cost": 16508.28, "Plan Rows": 1, "Plan Width": 8, "Actual Rows": 1, "Actual Loops": 1, "Plans": [{"Node Type": "Hash Join", "Parent Relationship": "Outer", "Parallel Aware": false, "Async Capable": false, "Join Type": "Inner", "Startup Cost": 12767.91, "Total Cost": 16490.36, "Plan Rows": 4805.0, "Plan Width": 0, "Actual Rows": 7959, "Actual Loops": 1, "Inner Unique": false, "Hash Cond": "(pl.postid = p.id)", "Plans": [{"Node Type": "Nested Loop", "Parent Relationship": "Outer", "Parallel Aware": false, "Async Capable": false, "Join Type": "Inner", "Startup Cost": 0.84, "Total Cost": 3650.71, "Plan Rows": 3131.0, "Plan Width": 12, "Actual Rows": 1018, "Actual Loops": 1, "Inner Unique": false, "Join Filter": "(pl.postid = v.postid)", "Rows Removed by Join Filter": 0, "Plans": [{"Node Type": "Nested Loop", "Parent Relationship": "Outer", "Parallel Aware": false, "Async Capable": false, "Join Type": "Inner", "Startup Cost": 0.42, "Total Cost": 1978.39, "Plan Rows": 1191.0, "Plan Width": 8, "Actual Rows": 2255, "Actual Loops": 1, "Inner Unique": false, "Plans": [{"Node Type": "Seq Scan", "Parent Relationship": "Outer", "Parallel Aware": false, "Async Capable": false, "Relation Name": "postlinks", "Alias": "pl", "Startup Cost": 0.0, "Total Cost": 248.53, "Plan Rows": 808, "Plan Width": 4, "Actual Rows": 916, "Actual Loops": 1, "Filter": "((creationdate >= '2011-12-27 18:26:47'::timestamp without time zone) AND (linktypeid = 3))", "Rows Removed by Filter": 10186}, {"Node Type": "Index Only Scan", "Parent Relationship": "Inner", "Parallel Aware": false, "Async Capable": false, "Scan Direction": "Forward", "Index Name": "idx_comments_postid", "Relation Name": "comments", "Alias": "c", "Startup Cost": 0.42, "Total Cost": 2.11, "Plan Rows": 3, "Plan Width": 4, "Actual Rows": 2, "Actual Loops": 916, "Index Cond": "(postid = pl.postid)", "Rows Removed by Index Recheck": 0, "Heap Fetches": 0}]}, {"Node Type": "Index Scan", "Parent Relationship": "Inner", "Parallel Aware": false, "Async Capable": false, "Scan Direction": "Forward", "Index Name": "idx_votes_postid", "Relation Name": "votes", "Alias": "v", "Startup Cost": 0.42, "Total Cost": 0.6, "Plan Rows": 1, "Plan Width": 4, "Actual Rows": 0, "Actual Loops": 2255, "Index Cond": "(postid = c.postid)", "Rows Removed by Index Recheck": 0, "Filter": "((creationdate >= '2012-09-22 22:54:05'::timestamp without time zone) AND (creationdate <= '2013-03-19 09:48:06'::timestamp without time zone))", "Rows Removed by Filter": 2}]}, {"Node Type": "Hash", "Parent Relationship": "Inner", "Parallel Aware": false, "Async Capable": false, "Startup Cost": 8977.23, "Total Cost": 8977.23, "Plan Rows": 1609.0, "Plan Width": 8, "Actual Rows": 303187, "Actual Loops": 1, "Hash Buckets": 524288, "Original Hash Buckets": 524288, "Hash Batches": 1, "Original Hash Batches": 1, "Peak Memory Usage": 15940, "Plans": [{"Node Type": "Hash Join", "Parent Relationship": "Outer", "Parallel Aware": false, "Async Capable": false, "Join Type": "Inner", "Startup Cost": 2909.46, "Total Cost": 8977.23, "Plan Rows": 1609.0, "Plan Width": 8, "Actual Rows": 303187, "Actual Loops": 1, "Inner Unique": true, "Hash Cond": "(ph.postid = p.id)", "Plans": [{"Node Type": "Seq Scan", "Parent Relationship": "Outer", "Parallel Aware": false, "Async Capable": false, "Relation Name": "posthistory", "Alias": "ph", "Startup Cost": 0.0, "Total Cost": 5271.87, "Plan Rows": 303187, "Plan Width": 4, "Actual Rows": 303187, "Actual Loops": 1}, {"Node Type": "Hash", "Parent Relationship": "Inner", "Parallel Aware": false, "Async Capable": false, "Startup Cost": 1759.76, "Total Cost": 1759.76, "Plan Rows": 91976, "Plan Width": 4, "Actual Rows": 91976, "Actual Loops": 1, "Hash Buckets": 131072, "Original Hash Buckets": 131072, "Hash Batches": 1, "Original Hash Batches": 1, "Peak Memory Usage": 4258, "Plans": [{"Node Type": "Seq Scan", "Parent Relationship": "Outer", "Parallel Aware": false, "Async Capable": false, "Relation Name": "posts", "Alias": "p", "Startup Cost": 0.0, "Total Cost": 1759.76, "Plan Rows": 91976, "Plan Width": 4, "Actual Rows": 91976, "Actual Loops": 1}]}]}]}]}]}, "Planning Time": 5.812, "Triggers": [], "Execution Time": 293.546}, {"Plan": {"Node Type": "Aggregate", "Strategy": "Plain", "Partial Mode": "Simple", "Parallel Aware": false, "Async Capable": false, "Startup Cost": 33266.16, "Total Cost": 33266.17, "Plan Rows": 1, "Plan Width": 8, "Actual Rows": 1, "Actual Loops": 1, "Plans": [{"Node Type": "Merge Join", "Parent Relationship": "Outer", "Parallel Aware": false, "Async Capable": false, "Join Type": "Inner", "Startup Cost": 10084.11, "Total Cost": 33248.25, "Plan Rows": 4805.0, "Plan Width": 0, "Actual Rows": 7959, "Actual Loops": 1, "Inner Unique": false, "Merge Cond": "(pl.postid = c.postid)", "Plans": [{"Node Type": "Nested Loop", "Parent Relationship": "Outer", "Parallel Aware": false, "Async Capable": false, "Join Type": "Inner", "Startup Cost": 0.58, "Total Cost": 1793.28, "Plan Rows": 122.0, "Plan Width": 8, "Actual Rows": 280, "Actual Loops": 1, "Inner Unique": true, "Plans": [{"Node Type": "Index Scan", "Parent Relationship": "Outer", "Parallel Aware": false, "Async Capable": false, "Scan Direction": "Forward", "Index Name": "idx_postlinks_postid", "Relation Name": "postlinks", "Alias": "pl", "Startup Cost": 0.29, "Total Cost": 450.8, "Plan Rows": 808, "Plan Width": 4, "Actual Rows": 280, "Actual Loops": 1, "Filter": "((creationdate >= '2011-12-27 18:26:47'::timestamp without time zone) AND (linktypeid = 3))", "Rows Removed by Filter": 4371}, {"Node Type": "Index Only Scan", "Parent Relationship": "Inner", "Parallel Aware": false, "Async Capable": false, "Scan Direction": "Forward", "Index Name": "posts_pkey", "Relation Name": "posts", "Alias": "p", "Startup Cost": 0.29, "Total Cost": 1.66, "Plan Rows": 1, "Plan Width": 4, "Actual Rows": 1, "Actual Loops": 280, "Index Cond": "(id = pl.postid)", "Rows Removed by Index Recheck": 0, "Heap Fetches": 0}]}, {"Node Type": "Materialize", "Parent Relationship": "Inner", "Parallel Aware": false, "Async Capable": false, "Startup Cost": 10083.0, "Total Cost": 30333.22, "Plan Rows": 25000.0, "Plan Width": 12, "Actual Rows": 501976, "Actual Loops": 1, "Plans": [{"Node Type": "Merge Join", "Parent Relationship": "Outer", "Parallel Aware": false, "Async Capable": false, "Join Type": "Inner", "Startup Cost": 10083.0, "Total Cost": 29278.04, "Plan Rows": 25000.0, "Plan Width": 12, "Actual Rows": 501635, "Actual Loops": 1, "Inner Unique": false, "Merge Cond": "(c.postid = ph.postid)", "Plans": [{"Node Type": "Merge Join", "Parent Relationship": "Outer", "Parallel Aware": false, "Async Capable": false, "Join Type": "Inner", "Startup Cost": 10082.58, "Total Cost": 16056.24, "Plan Rows": 9375.0, "Plan Width": 8, "Actual Rows": 101557, "Actual Loops": 1, "Inner Unique": false, "Merge Cond": "(c.postid = v.postid)", "Plans": [{"Node Type": "Index Only Scan", "Parent Relationship": "Outer", "Parallel Aware": false, "Async Capable": false, "Scan Direction": "Forward", "Index Name": "idx_comments_postid", "Relation Name": "comments", "Alias": "c", "Startup Cost": 0.42, "Total Cost": 3889.15, "Plan Rows": 174305, "Plan Width": 4, "Actual Rows": 87133, "Actual Loops": 1, "Heap Fetches": 0}, {"Node Type": "Sort", "Parent Relationship": "Inner", "Parallel Aware": false, "Async Capable": false, "Startup Cost": 10082.16, "Total Cost": 10180.48, "Plan Rows": 39326, "Plan Width": 4, "Actual Rows": 113139, "Actual Loops": 1, "Sort Key": ["v.postid"], "Sort Method": "quicksort", "Sort Space Used": 1537, "Sort Space Type": "Memory", "Plans": [{"Node Type": "Seq Scan", "Parent Relationship": "Outer", "Parallel Aware": false, "Async Capable": false, "Relation Name": "votes", "Alias": "v", "Startup Cost": 0.0, "Total Cost": 7080.96, "Plan Rows": 39326, "Plan Width": 4, "Actual Rows": 38811, "Actual Loops": 1, "Filter": "((creationdate >= '2012-09-22 22:54:05'::timestamp without time zone) AND (creationdate <= '2013-03-19 09:48:06'::timestamp without time zone))", "Rows Removed by Filter": 289253}]}]}, {"Node Type": "Materialize", "Parent Relationship": "Inner", "Parallel Aware": false, "Async Capable": false, "Startup Cost": 0.42, "Total Cost": 7373.94, "Plan Rows": 303187, "Plan Width": 4, "Actual Rows": 605893, "Actual Loops": 1, "Plans": [{"Node Type": "Index Only Scan", "Parent Relationship": "Outer", "Parallel Aware": false, "Async Capable": false, "Scan Direction": "Forward", "Index Name": "idx_posthistory_postid", "Relation Name": "posthistory", "Alias": "ph", "Startup Cost": 0.42, "Total Cost": 6615.98, "Plan Rows": 303187, "Plan Width": 4, "Actual Rows": 141706, "Actual Loops": 1, "Heap Fetches": 0}]}]}]}]}]}, "Planning Time": 5.814, "Triggers": [], "Execution Time": 212.569}]