[{"Plan": {"Node Type": "Aggregate", "Strategy": "Plain", "Partial Mode": "Simple", "Parallel Aware": false, "Async Capable": false, "Startup Cost": 3228.19, "Total Cost": 3228.2, "Plan Rows": 1, "Plan Width": 8, "Actual Rows": 1, "Actual Loops": 1, "Plans": [{"Node Type": "Nested Loop", "Parent Relationship": "Outer", "Parallel Aware": false, "Async Capable": false, "Join Type": "Inner", "Startup Cost": 950.5, "Total Cost": 3227.78, "Plan Rows": 86.0, "Plan Width": 0, "Actual Rows": 1055, "Actual Loops": 1, "Inner Unique": false, "Join Filter": "(v.userid = p.owneruserid)", "Rows Removed by Join Filter": 0, "Plans": [{"Node Type": "Hash Join", "Parent Relationship": "Outer", "Parallel Aware": false, "Async Capable": false, "Join Type": "Inner", "Startup Cost": 950.08, "Total Cost": 3171.23, "Plan Rows": 5.0, "Plan Width": 8, "Actual Rows": 32, "Actual Loops": 1, "Inner Unique": true, "Hash Cond": "(p.owneruserid = u.id)", "Plans": [{"Node Type": "Seq Scan", "Parent Relationship": "Outer", "Parallel Aware": false, "Async Capable": false, "Relation Name": "posts", "Alias": "p", "Startup Cost": 0.0, "Total Cost": 2219.64, "Plan Rows": 579, "Plan Width": 4, "Actual Rows": 579, "Actual Loops": 1, "Filter": "((commentcount >= 13) AND (commentcount <= 19))", "Rows Removed by Filter": 91397}, {"Node Type": "Hash", "Parent Relationship": "Inner", "Parallel Aware": false, "Async Capable": false, "Startup Cost": 901.88, "Total Cost": 901.88, "Plan Rows": 3856, "Plan Width": 4, "Actual Rows": 3845, "Actual Loops": 1, "Hash Buckets": 4096, "Original Hash Buckets": 4096, "Hash Batches": 1, "Original Hash Batches": 1, "Peak Memory Usage": 168, "Plans": [{"Node Type": "Seq Scan", "Parent Relationship": "Outer", "Parallel Aware": false, "Async Capable": false, "Relation Name": "users", "Alias": "u", "Startup Cost": 0.0, "Total Cost": 901.88, "Plan Rows": 3856, "Plan Width": 4, "Actual Rows": 3845, "Actual Loops": 1, "Filter": "((creationdate >= '2012-09-22 00:15:46'::timestamp without time zone) AND (creationdate <= '2013-02-14 14:16:11'::timestamp without time zone))", "Rows Removed by Filter": 36480}]}]}, {"Node Type": "Index Only Scan", "Parent Relationship": "Inner", "Parallel Aware": false, "Async Capable": false, "Scan Direction": "Forward", "Index Name": "idx_votes_userid", "Relation Name": "votes", "Alias": "v", "Startup Cost": 0.42, "Total Cost": 0.92, "Plan Rows": 9, "Plan Width": 4, "Actual Rows": 33, "Actual Loops": 32, "Index Cond": "(userid = u.id)", "Rows Removed by Index Recheck": 0, "Heap Fetches": 0}]}]}, "Planning Time": 0.848, "Triggers": [], "Execution Time": 12.579}, {"Plan": {"Node Type": "Aggregate", "Strategy": "Plain", "Partial Mode": "Finalize", "Parallel Aware": false, "Async Capable": false, "Startup Cost": 3211.02, "Total Cost": 3211.03, "Plan Rows": 1, "Plan Width": 8, "Actual Rows": 1, "Actual Loops": 1, "Plans": [{"Node Type": "Gather", "Parent Relationship": "Outer", "Parallel Aware": false, "Async Capable": false, "Startup Cost": 3210.81, "Total Cost": 3211.02, "Plan Rows": 2, "Plan Width": 8, "Actual Rows": 3, "Actual Loops": 1, "Workers Planned": 2, "Workers Launched": 2, "Single Copy": false, "Plans": [{"Node Type": "Aggregate", "Strategy": "Plain", "Partial Mode": "Partial", "Parent Relationship": "Outer", "Parallel Aware": false, "Async Capable": false, "Startup Cost": 2210.81, "Total Cost": 2210.82, "Plan Rows": 1, "Plan Width": 8, "Actual Rows": 1, "Actual Loops": 3, "Workers": [], "Plans": [{"Node Type": "Nested Loop", "Parent Relationship": "Outer", "Parallel Aware": false, "Async Capable": false, "Join Type": "Inner", "Startup Cost": 1132.27, "Total Cost": 2210.64, "Plan Rows": 86.0, "Plan Width": 0, "Actual Rows": 352, "Actual Loops": 3, "Inner Unique": false, "Workers": [], "Plans": [{"Node Type": "Merge Join", "Parent Relationship": "Outer", "Parallel Aware": false, "Async Capable": false, "Join Type": "Inner", "Startup Cost": 1131.98, "Total Cost": 1651.86, "Plan Rows": 756.0, "Plan Width": 8, "Actual Rows": 1187, "Actual Loops": 3, "Inner Unique": true, "Merge Cond": "(v.userid = u.id)", "Workers": [], "Plans": [{"Node Type": "Index Only Scan", "Parent Relationship": "Outer", "Parallel Aware": true, "Async Capable": false, "Scan Direction": "Forward", "Index Name": "idx_votes_userid", "Relation Name": "votes", "Alias": "v", "Startup Cost": 0.42, "Total Cost": 4261.57, "Plan Rows": 136693, "Plan Width": 4, "Actual Rows": 11217, "Actual Loops": 3, "Heap Fetches": 0, "Workers": []}, {"Node Type": "Sort", "Parent Relationship": "Inner", "Parallel Aware": false, "Async Capable": false, "Startup Cost": 1131.56, "Total Cost": 1141.2, "Plan Rows": 3856, "Plan Width": 4, "Actual Rows": 3845, "Actual Loops": 3, "Sort Key": ["u.id"], "Sort Method": "quicksort", "Sort Space Used": 97, "Sort Space Type": "Memory", "Workers": [{"Worker Number": 0, "Sort Method": "quicksort", "Sort Space Used": 97, "Sort Space Type": "Memory"}, {"Worker Number": 1, "Sort Method": "quicksort", "Sort Space Used": 97, "Sort Space Type": "Memory"}], "Plans": [{"Node Type": "Seq Scan", "Parent Relationship": "Outer", "Parallel Aware": false, "Async Capable": false, "Relation Name": "users", "Alias": "u", "Startup Cost": 0.0, "Total Cost": 901.88, "Plan Rows": 3856, "Plan Width": 4, "Actual Rows": 3845, "Actual Loops": 3, "Filter": "((creationdate >= '2012-09-22 00:15:46'::timestamp without time zone) AND (creationdate <= '2013-02-14 14:16:11'::timestamp without time zone))", "Rows Removed by Filter": 36480, "Workers": []}]}]}, {"Node Type": "Index Scan", "Parent Relationship": "Inner", "Parallel Aware": false, "Async Capable": false, "Scan Direction": "Forward", "Index Name": "idx_posts_owneruserid", "Relation Name": "posts", "Alias": "p", "Startup Cost": 0.29, "Total Cost": 0.39, "Plan Rows": 1, "Plan Width": 4, "Actual Rows": 0, "Actual Loops": 3561, "Index Cond": "(owneruserid = v.userid)", "Rows Removed by Index Recheck": 0, "Filter": "((commentcount >= 13) AND (commentcount <= 19))", "Rows Removed by Filter": 39, "Workers": []}]}]}]}]}, "Planning Time": 2.295, "Triggers": [], "Execution Time": 38.25}, {"Plan": {"Node Type": "Aggregate", "Strategy": "Plain", "Partial Mode": "Simple", "Parallel Aware": false, "Async Capable": false, "Startup Cost": 3511.84, "Total Cost": 3511.85, "Plan Rows": 1, "Plan Width": 8, "Actual Rows": 1, "Actual Loops": 1, "Plans": [{"Node Type": "Merge Join", "Parent Relationship": "Outer", "Parallel Aware": false, "Async Capable": false, "Join Type": "Inner", "Startup Cost": 3378.19, "Total Cost": 3511.43, "Plan Rows": 86.0, "Plan Width": 0, "Actual Rows": 1055, "Actual Loops": 1, "Inner Unique": false, "Merge Cond": "(u.id = v.userid)", "Plans": [{"Node Type": "Sort", "Parent Relationship": "Outer", "Parallel Aware": false, "Async Capable": false, "Startup Cost": 1131.56, "Total Cost": 1141.2, "Plan Rows": 3856, "Plan Width": 4, "Actual Rows": 3845, "Actual Loops": 1, "Sort Key": ["u.id"], "Sort Method": "quicksort", "Sort Space Used": 97, "Sort Space Type": "Memory", "Plans": [{"Node Type": "Seq Scan", "Parent Relationship": "Outer", "Parallel Aware": false, "Async Capable": false, "Relation Name": "users", "Alias": "u", "Startup Cost": 0.0, "Total Cost": 901.88, "Plan Rows": 3856, "Plan Width": 4, "Actual Rows": 3845, "Actual Loops": 1, "Filter": "((creationdate >= '2012-09-22 00:15:46'::timestamp without time zone) AND (creationdate <= '2013-02-14 14:16:11'::timestamp without time zone))", "Rows Removed by Filter": 36480}]}, {"Node Type": "Materialize", "Parent Relationship": "Inner", "Parallel Aware": false, "Async Capable": false, "Startup Cost": 2246.63, "Total Cost": 3268.51, "Plan Rows": 1513.0, "Plan Width": 8, "Actual Rows": 26701, "Actual Loops": 1, "Plans": [{"Node Type": "Merge Join", "Parent Relationship": "Outer", "Parallel Aware": false, "Async Capable": false, "Join Type": "Inner", "Startup Cost": 2246.63, "Total Cost": 3228.21, "Plan Rows": 1513.0, "Plan Width": 8, "Actual Rows": 26701, "Actual Loops": 1, "Inner Unique": false, "Merge Cond": "(v.userid = p.owneruserid)", "Plans": [{"Node Type": "Index Only Scan", "Parent Relationship": "Outer", "Parallel Aware": false, "Async Capable": false, "Scan Direction": "Forward", "Index Name": "idx_votes_userid", "Relation Name": "votes", "Alias": "v", "Startup Cost": 0.42, "Total Cost": 6175.27, "Plan Rows": 328064, "Plan Width": 4, "Actual Rows": 33841, "Actual Loops": 1, "Heap Fetches": 0}, {"Node Type": "Sort", "Parent Relationship": "Inner", "Parallel Aware": false, "Async Capable": false, "Startup Cost": 2246.21, "Total Cost": 2247.66, "Plan Rows": 579, "Plan Width": 4, "Actual Rows": 26865, "Actual Loops": 1, "Sort Key": ["p.owneruserid"], "Sort Method": "quicksort", "Sort Space Used": 25, "Sort Space Type": "Memory", "Plans": [{"Node Type": "Seq Scan", "Parent Relationship": "Outer", "Parallel Aware": false, "Async Capable": false, "Relation Name": "posts", "Alias": "p", "Startup Cost": 0.0, "Total Cost": 2219.64, "Plan Rows": 579, "Plan Width": 4, "Actual Rows": 579, "Actual Loops": 1, "Filter": "((commentcount >= 13) AND (commentcount <= 19))", "Rows Removed by Filter": 91397}]}]}]}]}]}, "Planning Time": 0.94, "Triggers": [], "Execution Time": 22.074}, {"Plan": {"Node Type": "Aggregate", "Strategy": "Plain", "Partial Mode": "Simple", "Parallel Aware": false, "Async Capable": false, "Startup Cost": 3507.57, "Total Cost": 3507.58, "Plan Rows": 1, "Plan Width": 8, "Actual Rows": 1, "Actual Loops": 1, "Plans": [{"Node Type": "Merge Join", "Parent Relationship": "Outer", "Parallel Aware": false, "Async Capable": false, "Join Type": "Inner", "Startup Cost": 3378.19, "Total Cost": 3507.17, "Plan Rows": 86.0, "Plan Width": 0, "Actual Rows": 1055, "Actual Loops": 1, "Inner Unique": true, "Merge Cond": "(v.userid = u.id)", "Plans": [{"Node Type": "Merge Join", "Parent Relationship": "Outer", "Parallel Aware": false, "Async Capable": false, "Join Type": "Inner", "Startup Cost": 2246.63, "Total Cost": 3228.21, "Plan Rows": 1513.0, "Plan Width": 8, "Actual Rows": 26701, "Actual Loops": 1, "Inner Unique": false, "Merge Cond": "(v.userid = p.owneruserid)", "Plans": [{"Node Type": "Index Only Scan", "Parent Relationship": "Outer", "Parallel Aware": false, "Async Capable": false, "Scan Direction": "Forward", "Index Name": "idx_votes_userid", "Relation Name": "votes", "Alias": "v", "Startup Cost": 0.42, "Total Cost": 6175.27, "Plan Rows": 328064, "Plan Width": 4, "Actual Rows": 33841, "Actual Loops": 1, "Heap Fetches": 0}, {"Node Type": "Sort", "Parent Relationship": "Inner", "Parallel Aware": false, "Async Capable": false, "Startup Cost": 2246.21, "Total Cost": 2247.66, "Plan Rows": 579, "Plan Width": 4, "Actual Rows": 26865, "Actual Loops": 1, "Sort Key": ["p.owneruserid"], "Sort Method": "quicksort", "Sort Space Used": 25, "Sort Space Type": "Memory", "Plans": [{"Node Type": "Seq Scan", "Parent Relationship": "Outer", "Parallel Aware": false, "Async Capable": false, "Relation Name": "posts", "Alias": "p", "Startup Cost": 0.0, "Total Cost": 2219.64, "Plan Rows": 579, "Plan Width": 4, "Actual Rows": 579, "Actual Loops": 1, "Filter": "((commentcount >= 13) AND (commentcount <= 19))", "Rows Removed by Filter": 91397}]}]}, {"Node Type": "Sort", "Parent Relationship": "Inner", "Parallel Aware": false, "Async Capable": false, "Startup Cost": 1131.56, "Total Cost": 1141.2, "Plan Rows": 3856, "Plan Width": 4, "Actual Rows": 3845, "Actual Loops": 1, "Sort Key": ["u.id"], "Sort Method": "quicksort", "Sort Space Used": 97, "Sort Space Type": "Memory", "Plans": [{"Node Type": "Seq Scan", "Parent Relationship": "Outer", "Parallel Aware": false, "Async Capable": false, "Relation Name": "users", "Alias": "u", "Startup Cost": 0.0, "Total Cost": 901.88, "Plan Rows": 3856, "Plan Width": 4, "Actual Rows": 3845, "Actual Loops": 1, "Filter": "((creationdate >= '2012-09-22 00:15:46'::timestamp without time zone) AND (creationdate <= '2013-02-14 14:16:11'::timestamp without time zone))", "Rows Removed by Filter": 36480}]}]}]}, "Planning Time": 0.822, "Triggers": [], "Execution Time": 15.22}, {"Plan": {"Node Type": "Aggregate", "Strategy": "Plain", "Partial Mode": "Simple", "Parallel Aware": false, "Async Capable": false, "Startup Cost": 3936.37, "Total Cost": 3936.38, "Plan Rows": 1, "Plan Width": 8, "Actual Rows": 1, "Actual Loops": 1, "Plans": [{"Node Type": "Merge Join", "Parent Relationship": "Outer", "Parallel Aware": false, "Async Capable": false, "Join Type": "Inner", "Startup Cost": 3173.25, "Total Cost": 3935.96, "Plan Rows": 86.0, "Plan Width": 0, "Actual Rows": 1055, "Actual Loops": 1, "Inner Unique": false, "Merge Cond": "(v.userid = p.owneruserid)", "Plans": [{"Node Type": "Index Only Scan", "Parent Relationship": "Outer", "Parallel Aware": false, "Async Capable": false, "Scan Direction": "Forward", "Index Name": "idx_votes_userid", "Relation Name": "votes", "Alias": "v", "Startup Cost": 0.42, "Total Cost": 6175.27, "Plan Rows": 328064, "Plan Width": 4, "Actual Rows": 24927, "Actual Loops": 1, "Heap Fetches": 0}, {"Node Type": "Sort", "Parent Relationship": "Inner", "Parallel Aware": false, "Async Capable": false, "Startup Cost": 3172.82, "Total Cost": 3172.96, "Plan Rows": 5.0, "Plan Width": 8, "Actual Rows": 1069, "Actual Loops": 1, "Sort Key": ["p.owneruserid"], "Sort Method": "quicksort", "Sort Space Used": 26, "Sort Space Type": "Memory", "Plans": [{"Node Type": "Hash Join", "Parent Relationship": "Outer", "Parallel Aware": false, "Async Capable": false, "Join Type": "Inner", "Startup Cost": 950.08, "Total Cost": 3171.23, "Plan Rows": 5.0, "Plan Width": 8, "Actual Rows": 32, "Actual Loops": 1, "Inner Unique": true, "Hash Cond": "(p.owneruserid = u.id)", "Plans": [{"Node Type": "Seq Scan", "Parent Relationship": "Outer", "Parallel Aware": false, "Async Capable": false, "Relation Name": "posts", "Alias": "p", "Startup Cost": 0.0, "Total Cost": 2219.64, "Plan Rows": 579, "Plan Width": 4, "Actual Rows": 579, "Actual Loops": 1, "Filter": "((commentcount >= 13) AND (commentcount <= 19))", "Rows Removed by Filter": 91397}, {"Node Type": "Hash", "Parent Relationship": "Inner", "Parallel Aware": false, "Async Capable": false, "Startup Cost": 901.88, "Total Cost": 901.88, "Plan Rows": 3856, "Plan Width": 4, "Actual Rows": 3845, "Actual Loops": 1, "Hash Buckets": 4096, "Original Hash Buckets": 4096, "Hash Batches": 1, "Original Hash Batches": 1, "Peak Memory Usage": 168, "Plans": [{"Node Type": "Seq Scan", "Parent Relationship": "Outer", "Parallel Aware": false, "Async Capable": false, "Relation Name": "users", "Alias": "u", "Startup Cost": 0.0, "Total Cost": 901.88, "Plan Rows": 3856, "Plan Width": 4, "Actual Rows": 3845, "Actual Loops": 1, "Filter": "((creationdate >= '2012-09-22 00:15:46'::timestamp without time zone) AND (creationdate <= '2013-02-14 14:16:11'::timestamp without time zone))", "Rows Removed by Filter": 36480}]}]}]}]}]}, "Planning Time": 0.842, "Triggers": [], "Execution Time": 12.134}, {"Plan": {"Node Type": "Aggregate", "Strategy": "Plain", "Partial Mode": "Simple", "Parallel Aware": false, "Async Capable": false, "Startup Cost": 3228.19, "Total Cost": 3228.2, "Plan Rows": 1, "Plan Width": 8, "Actual Rows": 1, "Actual Loops": 1, "Plans": [{"Node Type": "Nested Loop", "Parent Relationship": "Outer", "Parallel Aware": false, "Async Capable": false, "Join Type": "Inner", "Startup Cost": 950.5, "Total Cost": 3227.78, "Plan Rows": 86.0, "Plan Width": 0, "Actual Rows": 1055, "Actual Loops": 1, "Inner Unique": false, "Join Filter": "(v.userid = p.owneruserid)", "Rows Removed by Join Filter": 0, "Plans": [{"Node Type": "Hash Join", "Parent Relationship": "Outer", "Parallel Aware": false, "Async Capable": false, "Join Type": "Inner", "Startup Cost": 950.08, "Total Cost": 3171.23, "Plan Rows": 5.0, "Plan Width": 8, "Actual Rows": 32, "Actual Loops": 1, "Inner Unique": true, "Hash Cond": "(p.owneruserid = u.id)", "Plans": [{"Node Type": "Seq Scan", "Parent Relationship": "Outer", "Parallel Aware": false, "Async Capable": false, "Relation Name": "posts", "Alias": "p", "Startup Cost": 0.0, "Total Cost": 2219.64, "Plan Rows": 579, "Plan Width": 4, "Actual Rows": 579, "Actual Loops": 1, "Filter": "((commentcount >= 13) AND (commentcount <= 19))", "Rows Removed by Filter": 91397}, {"Node Type": "Hash", "Parent Relationship": "Inner", "Parallel Aware": false, "Async Capable": false, "Startup Cost": 901.88, "Total Cost": 901.88, "Plan Rows": 3856, "Plan Width": 4, "Actual Rows": 3845, "Actual Loops": 1, "Hash Buckets": 4096, "Original Hash Buckets": 4096, "Hash Batches": 1, "Original Hash Batches": 1, "Peak Memory Usage": 168, "Plans": [{"Node Type": "Seq Scan", "Parent Relationship": "Outer", "Parallel Aware": false, "Async Capable": false, "Relation Name": "users", "Alias": "u", "Startup Cost": 0.0, "Total Cost": 901.88, "Plan Rows": 3856, "Plan Width": 4, "Actual Rows": 3845, "Actual Loops": 1, "Filter": "((creationdate >= '2012-09-22 00:15:46'::timestamp without time zone) AND (creationdate <= '2013-02-14 14:16:11'::timestamp without time zone))", "Rows Removed by Filter": 36480}]}]}, {"Node Type": "Index Only Scan", "Parent Relationship": "Inner", "Parallel Aware": false, "Async Capable": false, "Scan Direction": "Forward", "Index Name": "idx_votes_userid", "Relation Name": "votes", "Alias": "v", "Startup Cost": 0.42, "Total Cost": 0.92, "Plan Rows": 9, "Plan Width": 4, "Actual Rows": 33, "Actual Loops": 32, "Index Cond": "(userid = u.id)", "Rows Removed by Index Recheck": 0, "Heap Fetches": 0}]}]}, "Planning Time": 0.82, "Triggers": [], "Execution Time": 11.485}, {"Plan": {"Node Type": "Aggregate", "Strategy": "Plain", "Partial Mode": "Simple", "Parallel Aware": false, "Async Capable": false, "Startup Cost": 3468.68, "Total Cost": 3468.69, "Plan Rows": 1, "Plan Width": 8, "Actual Rows": 1, "Actual Loops": 1, "Plans": [{"Node Type": "Merge Join", "Parent Relationship": "Outer", "Parallel Aware": false, "Async Capable": false, "Join Type": "Inner", "Startup Cost": 3378.19, "Total Cost": 3468.27, "Plan Rows": 86.0, "Plan Width": 0, "Actual Rows": 1055, "Actual Loops": 1, "Inner Unique": false, "Merge Cond": "(p.owneruserid = v.userid)", "Plans": [{"Node Type": "Sort", "Parent Relationship": "Outer", "Parallel Aware": false, "Async Capable": false, "Startup Cost": 2246.21, "Total Cost": 2247.66, "Plan Rows": 579, "Plan Width": 4, "Actual Rows": 539, "Actual Loops": 1, "Sort Key": ["p.owneruserid"], "Sort Method": "quicksort", "Sort Space Used": 25, "Sort Space Type": "Memory", "Plans": [{"Node Type": "Seq Scan", "Parent Relationship": "Outer", "Parallel Aware": false, "Async Capable": false, "Relation Name": "posts", "Alias": "p", "Startup Cost": 0.0, "Total Cost": 2219.64, "Plan Rows": 579, "Plan Width": 4, "Actual Rows": 579, "Actual Loops": 1, "Filter": "((commentcount >= 13) AND (commentcount <= 19))", "Rows Removed by Filter": 91397}]}, {"Node Type": "Materialize", "Parent Relationship": "Inner", "Parallel Aware": false, "Async Capable": false, "Startup Cost": 1131.98, "Total Cost": 1932.48, "Plan Rows": 756.0, "Plan Width": 8, "Actual Rows": 3566, "Actual Loops": 1, "Plans": [{"Node Type": "Merge Join", "Parent Relationship": "Outer", "Parallel Aware": false, "Async Capable": false, "Join Type": "Inner", "Startup Cost": 1131.98, "Total Cost": 1924.19, "Plan Rows": 756.0, "Plan Width": 8, "Actual Rows": 3561, "Actual Loops": 1, "Inner Unique": true, "Merge Cond": "(v.userid = u.id)", "Plans": [{"Node Type": "Index Only Scan", "Parent Relationship": "Outer", "Parallel Aware": false, "Async Capable": false, "Scan Direction": "Forward", "Index Name": "idx_votes_userid", "Relation Name": "votes", "Alias": "v", "Startup Cost": 0.42, "Total Cost": 6175.27, "Plan Rows": 328064, "Plan Width": 4, "Actual Rows": 33649, "Actual Loops": 1, "Heap Fetches": 0}, {"Node Type": "Sort", "Parent Relationship": "Inner", "Parallel Aware": false, "Async Capable": false, "Startup Cost": 1131.56, "Total Cost": 1141.2, "Plan Rows": 3856, "Plan Width": 4, "Actual Rows": 3845, "Actual Loops": 1, "Sort Key": ["u.id"], "Sort Method": "quicksort", "Sort Space Used": 97, "Sort Space Type": "Memory", "Plans": [{"Node Type": "Seq Scan", "Parent Relationship": "Outer", "Parallel Aware": false, "Async Capable": false, "Relation Name": "users", "Alias": "u", "Startup Cost": 0.0, "Total Cost": 901.88, "Plan Rows": 3856, "Plan Width": 4, "Actual Rows": 3845, "Actual Loops": 1, "Filter": "((creationdate >= '2012-09-22 00:15:46'::timestamp without time zone) AND (creationdate <= '2013-02-14 14:16:11'::timestamp without time zone))", "Rows Removed by Filter": 36480}]}]}]}]}]}, "Planning Time": 0.838, "Triggers": [], "Execution Time": 13.405}]