[{"Plan": {"Node Type": "Aggregate", "Strategy": "Plain", "Partial Mode": "Finalize", "Parallel Aware": false, "Async Capable": false, "Startup Cost": 3556.94, "Total Cost": 3556.95, "Plan Rows": 1, "Plan Width": 8, "Actual Rows": 1, "Actual Loops": 1, "Plans": [{"Node Type": "Gather", "Parent Relationship": "Outer", "Parallel Aware": false, "Async Capable": false, "Startup Cost": 3556.73, "Total Cost": 3556.94, "Plan Rows": 2, "Plan Width": 8, "Actual Rows": 3, "Actual Loops": 1, "Workers Planned": 2, "Workers Launched": 2, "Single Copy": false, "Plans": [{"Node Type": "Aggregate", "Strategy": "Plain", "Partial Mode": "Partial", "Parent Relationship": "Outer", "Parallel Aware": false, "Async Capable": false, "Startup Cost": 2556.73, "Total Cost": 2556.74, "Plan Rows": 1, "Plan Width": 8, "Actual Rows": 1, "Actual Loops": 3, "Workers": [], "Plans": [{"Node Type": "Nested Loop", "Parent Relationship": "Outer", "Parallel Aware": false, "Async Capable": false, "Join Type": "Inner", "Startup Cost": 1250.34, "Total Cost": 2380.08, "Plan Rows": 80.0, "Plan Width": 0, "Actual Rows": 2091, "Actual Loops": 3, "Inner Unique": false, "Join Filter": "(ph.userid = u.id)", "Rows Removed by Join Filter": 0, "Workers": [], "Plans": [{"Node Type": "Nested Loop", "Parent Relationship": "Outer", "Parallel Aware": false, "Async Capable": false, "Join Type": "Inner", "Startup Cost": 1249.92, "Total Cost": 1876.89, "Plan Rows": 646.0, "Plan Width": 12, "Actual Rows": 758, "Actual Loops": 3, "Inner Unique": false, "Join Filter": "(u.id = b.userid)", "Rows Removed by Join Filter": 0, "Workers": [], "Plans": [{"Node Type": "Merge Join", "Parent Relationship": "Outer", "Parallel Aware": false, "Async Capable": false, "Join Type": "Inner", "Startup Cost": 1249.63, "Total Cost": 1744.24, "Plan Rows": 20.0, "Plan Width": 8, "Actual Rows": 191, "Actual Loops": 3, "Inner Unique": true, "Merge Cond": "(v.userid = u.id)", "Workers": [], "Plans": [{"Node Type": "Index Only Scan", "Parent Relationship": "Outer", "Parallel Aware": true, "Async Capable": false, "Scan Direction": "Forward", "Index Name": "idx_votes_userid", "Relation Name": "votes", "Alias": "v", "Startup Cost": 0.42, "Total Cost": 4261.57, "Plan Rows": 136693, "Plan Width": 4, "Actual Rows": 11576, "Actual Loops": 3, "Heap Fetches": 0, "Workers": []}, {"Node Type": "Sort", "Parent Relationship": "Inner", "Parallel Aware": false, "Async Capable": false, "Startup Cost": 1249.21, "Total Cost": 1251.49, "Plan Rows": 913, "Plan Width": 4, "Actual Rows": 682, "Actual Loops": 3, "Sort Key": ["u.id"], "Sort Method": "quicksort", "Sort Space Used": 25, "Sort Space Type": "Memory", "Workers": [{"Worker Number": 0, "Sort Method": "quicksort", "Sort Space Used": 25, "Sort Space Type": "Memory"}, {"Worker Number": 1, "Sort Method": "quicksort", "Sort Space Used": 25, "Sort Space Type": "Memory"}], "Plans": [{"Node Type": "Seq Scan", "Parent Relationship": "Outer", "Parallel Aware": false, "Async Capable": false, "Relation Name": "users", "Alias": "u", "Startup Cost": 0.0, "Total Cost": 1204.31, "Plan Rows": 913, "Plan Width": 4, "Actual Rows": 924, "Actual Loops": 3, "Filter": "((downvotes >= 0) AND (upvotes >= 0) AND (upvotes <= 20000) AND (creationdate <= '2014-09-04 04:41:22'::timestamp without time zone) AND (views = 5))", "Rows Removed by Filter": 39401, "Workers": []}]}]}, {"Node Type": "Index Scan", "Parent Relationship": "Inner", "Parallel Aware": false, "Async Capable": false, "Scan Direction": "Forward", "Index Name": "idx_badges_userid", "Relation Name": "badges", "Alias": "b", "Startup Cost": 0.29, "Total Cost": 0.37, "Plan Rows": 3, "Plan Width": 4, "Actual Rows": 4, "Actual Loops": 574, "Index Cond": "(userid = v.userid)", "Rows Removed by Index Recheck": 0, "Filter": "((date >= '2010-07-19 19:39:10'::timestamp without time zone) AND (date <= '2014-09-05 18:37:48'::timestamp without time zone))", "Rows Removed by Filter": 0, "Workers": []}]}, {"Node Type": "Index Scan", "Parent Relationship": "Inner", "Parallel Aware": false, "Async Capable": false, "Scan Direction": "Forward", "Index Name": "idx_posthistory_userid", "Relation Name": "posthistory", "Alias": "ph", "Startup Cost": 0.42, "Total Cost": 0.73, "Plan Rows": 4, "Plan Width": 4, "Actual Rows": 3, "Actual Loops": 2275, "Index Cond": "(userid = v.userid)", "Rows Removed by Index Recheck": 0, "Filter": "(posthistorytypeid = 2)", "Rows Removed by Filter": 6, "Workers": []}]}]}]}]}, "Planning Time": 1.91, "Triggers": [], "Execution Time": 23.551}, {"Plan": {"Node Type": "Aggregate", "Strategy": "Plain", "Partial Mode": "Simple", "Parallel Aware": false, "Async Capable": false, "Startup Cost": 9651.07, "Total Cost": 9651.08, "Plan Rows": 1, "Plan Width": 8, "Actual Rows": 1, "Actual Loops": 1, "Plans": [{"Node Type": "Merge Join", "Parent Relationship": "Outer", "Parallel Aware": false, "Async Capable": false, "Join Type": "Inner", "Startup Cost": 7129.44, "Total Cost": 9227.11, "Plan Rows": 80.0, "Plan Width": 0, "Actual Rows": 6272, "Actual Loops": 1, "Inner Unique": false, "Merge Cond": "(v.userid = u.id)", "Plans": [{"Node Type": "Merge Join", "Parent Relationship": "Outer", "Parallel Aware": false, "Async Capable": false, "Join Type": "Inner", "Startup Cost": 2.49, "Total Cost": 16799.23, "Plan Rows": 548928.0, "Plan Width": 8, "Actual Rows": 1048780, "Actual Loops": 1, "Inner Unique": false, "Merge Cond": "(b.userid = v.userid)", "Plans": [{"Node Type": "Index Scan", "Parent Relationship": "Outer", "Parallel Aware": false, "Async Capable": false, "Scan Direction": "Forward", "Index Name": "idx_badges_userid", "Relation Name": "badges", "Alias": "b", "Startup Cost": 0.29, "Total Cost": 3264.6, "Plan Rows": 79076, "Plan Width": 4, "Actual Rows": 78934, "Actual Loops": 1, "Filter": "((date >= '2010-07-19 19:39:10'::timestamp without time zone) AND (date <= '2014-09-05 18:37:48'::timestamp without time zone))", "Rows Removed by Filter": 506}, {"Node Type": "Materialize", "Parent Relationship": "Inner", "Parallel Aware": false, "Async Capable": false, "Startup Cost": 0.42, "Total Cost": 6995.43, "Plan Rows": 328064, "Plan Width": 4, "Actual Rows": 1051638, "Actual Loops": 1, "Plans": [{"Node Type": "Index Only Scan", "Parent Relationship": "Outer", "Parallel Aware": false, "Async Capable": false, "Scan Direction": "Forward", "Index Name": "idx_votes_userid", "Relation Name": "votes", "Alias": "v", "Startup Cost": 0.42, "Total Cost": 6175.27, "Plan Rows": 328064, "Plan Width": 4, "Actual Rows": 34727, "Actual Loops": 1, "Heap Fetches": 0}]}]}, {"Node Type": "Sort", "Parent Relationship": "Inner", "Parallel Aware": false, "Async Capable": false, "Startup Cost": 7126.96, "Total Cost": 7131.8, "Plan Rows": 1.0, "Plan Width": 8, "Actual Rows": 7679, "Actual Loops": 1, "Sort Key": ["ph.userid"], "Sort Method": "quicksort", "Sort Space Used": 105, "Sort Space Type": "Memory", "Plans": [{"Node Type": "Gather", "Parent Relationship": "Outer", "Parallel Aware": false, "Async Capable": false, "Startup Cost": 2215.72, "Total Cost": 7021.08, "Plan Rows": 1939, "Plan Width": 8, "Actual Rows": 1816, "Actual Loops": 1, "Workers Planned": 1, "Workers Launched": 1, "Single Copy": false, "Plans": [{"Node Type": "Hash Join", "Parent Relationship": "Outer", "Parallel Aware": false, "Async Capable": false, "Join Type": "Inner", "Startup Cost": 1215.72, "Total Cost": 5827.18, "Plan Rows": 1.0, "Plan Width": 8, "Actual Rows": 908, "Actual Loops": 2, "Inner Unique": true, "Hash Cond": "(ph.userid = u.id)", "Workers": [], "Plans": [{"Node Type": "Seq Scan", "Parent Relationship": "Outer", "Parallel Aware": true, "Async Capable": false, "Relation Name": "posthistory", "Alias": "ph", "Startup Cost": 0.0, "Total Cost": 4469.32, "Plan Rows": 54142, "Plan Width": 4, "Actual Rows": 45988, "Actual Loops": 2, "Filter": "(posthistorytypeid = 2)", "Rows Removed by Filter": 105606, "Workers": []}, {"Node Type": "Hash", "Parent Relationship": "Inner", "Parallel Aware": false, "Async Capable": false, "Startup Cost": 1204.31, "Total Cost": 1204.31, "Plan Rows": 913, "Plan Width": 4, "Actual Rows": 924, "Actual Loops": 2, "Hash Buckets": 1024, "Original Hash Buckets": 1024, "Hash Batches": 1, "Original Hash Batches": 1, "Peak Memory Usage": 41, "Workers": [], "Plans": [{"Node Type": "Seq Scan", "Parent Relationship": "Outer", "Parallel Aware": false, "Async Capable": false, "Relation Name": "users", "Alias": "u", "Startup Cost": 0.0, "Total Cost": 1204.31, "Plan Rows": 913, "Plan Width": 4, "Actual Rows": 924, "Actual Loops": 2, "Filter": "((downvotes >= 0) AND (upvotes >= 0) AND (upvotes <= 20000) AND (creationdate <= '2014-09-04 04:41:22'::timestamp without time zone) AND (views = 5))", "Rows Removed by Filter": 39401, "Workers": []}]}]}]}]}]}]}, "Planning Time": 2.362, "Triggers": [], "Execution Time": 173.214}, {"Plan": {"Node Type": "Aggregate", "Strategy": "Plain", "Partial Mode": "Simple", "Parallel Aware": false, "Async Capable": false, "Startup Cost": 48859.19, "Total Cost": 48859.2, "Plan Rows": 1, "Plan Width": 8, "Actual Rows": 1, "Actual Loops": 1, "Plans": [{"Node Type": "Merge Join", "Parent Relationship": "Outer", "Parallel Aware": false, "Async Capable": false, "Join Type": "Inner", "Startup Cost": 1250.35, "Total Cost": 48435.23, "Plan Rows": 80.0, "Plan Width": 0, "Actual Rows": 6272, "Actual Loops": 1, "Inner Unique": false, "Merge Cond": "(u.id = ph.userid)", "Plans": [{"Node Type": "Merge Join", "Parent Relationship": "Outer", "Parallel Aware": false, "Async Capable": false, "Join Type": "Inner", "Startup Cost": 1249.63, "Total Cost": 2001.8, "Plan Rows": 20.0, "Plan Width": 8, "Actual Rows": 574, "Actual Loops": 1, "Inner Unique": true, "Merge Cond": "(v.userid = u.id)", "Plans": [{"Node Type": "Index Only Scan", "Parent Relationship": "Outer", "Parallel Aware": false, "Async Capable": false, "Scan Direction": "Forward", "Index Name": "idx_votes_userid", "Relation Name": "votes", "Alias": "v", "Startup Cost": 0.42, "Total Cost": 6175.27, "Plan Rows": 328064, "Plan Width": 4, "Actual Rows": 34727, "Actual Loops": 1, "Heap Fetches": 0}, {"Node Type": "Sort", "Parent Relationship": "Inner", "Parallel Aware": false, "Async Capable": false, "Startup Cost": 1249.21, "Total Cost": 1251.49, "Plan Rows": 913, "Plan Width": 4, "Actual Rows": 924, "Actual Loops": 1, "Sort Key": ["u.id"], "Sort Method": "quicksort", "Sort Space Used": 25, "Sort Space Type": "Memory", "Plans": [{"Node Type": "Seq Scan", "Parent Relationship": "Outer", "Parallel Aware": false, "Async Capable": false, "Relation Name": "users", "Alias": "u", "Startup Cost": 0.0, "Total Cost": 1204.31, "Plan Rows": 913, "Plan Width": 4, "Actual Rows": 924, "Actual Loops": 1, "Filter": "((downvotes >= 0) AND (upvotes >= 0) AND (upvotes <= 20000) AND (creationdate <= '2014-09-04 04:41:22'::timestamp without time zone) AND (views = 5))", "Rows Removed by Filter": 39401}]}]}, {"Node Type": "Materialize", "Parent Relationship": "Inner", "Parallel Aware": false, "Async Capable": false, "Startup Cost": 0.72, "Total Cost": 37043.92, "Plan Rows": 2487.0, "Plan Width": 8, "Actual Rows": 3592945, "Actual Loops": 1, "Plans": [{"Node Type": "Nested Loop", "Parent Relationship": "Outer", "Parallel Aware": false, "Async Capable": false, "Join Type": "Inner", "Startup Cost": 0.72, "Total Cost": 25111.26, "Plan Rows": 2487.0, "Plan Width": 8, "Actual Rows": 3588575, "Actual Loops": 1, "Inner Unique": false, "Plans": [{"Node Type": "Index Scan", "Parent Relationship": "Outer", "Parallel Aware": false, "Async Capable": false, "Scan Direction": "Forward", "Index Name": "idx_posthistory_userid", "Relation Name": "posthistory", "Alias": "ph", "Startup Cost": 0.42, "Total Cost": 12849.99, "Plan Rows": 92042, "Plan Width": 4, "Actual Rows": 89149, "Actual Loops": 1, "Filter": "(posthistorytypeid = 2)", "Rows Removed by Filter": 188475}, {"Node Type": "Memoize", "Parent Relationship": "Inner", "Parallel Aware": false, "Async Capable": false, "Startup Cost": 0.3, "Total Cost": 0.39, "Plan Rows": 3, "Plan Width": 4, "Actual Rows": 40, "Actual Loops": 89149, "Cache Key": "ph.userid", "Cache Mode": "logical", "Cache Hits": 68232, "Cache Misses": 20917, "Cache Evictions": 0, "Cache Overflows": 0, "Peak Memory Usage": 3877, "Plans": [{"Node Type": "Index Scan", "Parent Relationship": "Outer", "Parallel Aware": false, "Async Capable": false, "Scan Direction": "Forward", "Index Name": "idx_badges_userid", "Relation Name": "badges", "Alias": "b", "Startup Cost": 0.29, "Total Cost": 0.38, "Plan Rows": 3, "Plan Width": 4, "Actual Rows": 3, "Actual Loops": 20917, "Index Cond": "(userid = ph.userid)", "Rows Removed by Index Recheck": 0, "Filter": "((date >= '2010-07-19 19:39:10'::timestamp without time zone) AND (date <= '2014-09-05 18:37:48'::timestamp without time zone))", "Rows Removed by Filter": 0}]}]}]}]}]}, "Planning Time": 3.112, "Triggers": [], "Execution Time": 1107.551}, {"Plan": {"Node Type": "Aggregate", "Strategy": "Plain", "Partial Mode": "Finalize", "Parallel Aware": false, "Async Capable": false, "Startup Cost": 24014.5, "Total Cost": 24014.51, "Plan Rows": 1, "Plan Width": 8, "Actual Rows": 1, "Actual Loops": 1, "Plans": [{"Node Type": "Gather", "Parent Relationship": "Outer", "Parallel Aware": false, "Async Capable": false, "Startup Cost": 24014.28, "Total Cost": 24014.49, "Plan Rows": 2, "Plan Width": 8, "Actual Rows": 3, "Actual Loops": 1, "Workers Planned": 2, "Workers Launched": 2, "Single Copy": false, "Plans": [{"Node Type": "Aggregate", "Strategy": "Plain", "Partial Mode": "Partial", "Parent Relationship": "Outer", "Parallel Aware": false, "Async Capable": false, "Startup Cost": 23014.28, "Total Cost": 23014.29, "Plan Rows": 1, "Plan Width": 8, "Actual Rows": 1, "Actual Loops": 3, "Workers": [], "Plans": [{"Node Type": "Merge Join", "Parent Relationship": "Outer", "Parallel Aware": false, "Async Capable": false, "Join Type": "Inner", "Startup Cost": 3150.65, "Total Cost": 22837.63, "Plan Rows": 80.0, "Plan Width": 0, "Actual Rows": 2091, "Actual Loops": 3, "Inner Unique": false, "Merge Cond": "(ph.userid = u.id)", "Workers": [], "Plans": [{"Node Type": "Nested Loop", "Parent Relationship": "Outer", "Parallel Aware": false, "Async Capable": false, "Join Type": "Inner", "Startup Cost": 0.85, "Total Cost": 15745.86, "Plan Rows": 1704.0, "Plan Width": 8, "Actual Rows": 879762, "Actual Loops": 3, "Inner Unique": false, "Workers": [], "Plans": [{"Node Type": "Index Only Scan", "Parent Relationship": "Outer", "Parallel Aware": true, "Async Capable": false, "Scan Direction": "Forward", "Index Name": "idx_votes_userid", "Relation Name": "votes", "Alias": "v", "Startup Cost": 0.42, "Total Cost": 4261.57, "Plan Rows": 136693, "Plan Width": 4, "Actual Rows": 109158, "Actual Loops": 3, "Heap Fetches": 0, "Workers": []}, {"Node Type": "Memoize", "Parent Relationship": "Inner", "Parallel Aware": false, "Async Capable": false, "Startup Cost": 0.43, "Total Cost": 0.74, "Plan Rows": 4, "Plan Width": 4, "Actual Rows": 8, "Actual Loops": 327474, "Cache Key": "v.userid", "Cache Mode": "logical", "Cache Hits": 6309, "Cache Misses": 1595, "Cache Evictions": 0, "Cache Overflows": 0, "Peak Memory Usage": 630, "Workers": [{"Worker Number": 0, "Cache Hits": 161401, "Cache Misses": 2490, "Cache Evictions": 0, "Cache Overflows": 0, "Peak Memory Usage": 952}, {"Worker Number": 1, "Cache Hits": 154256, "Cache Misses": 1423, "Cache Evictions": 0, "Cache Overflows": 0, "Peak Memory Usage": 565}], "Plans": [{"Node Type": "Index Scan", "Parent Relationship": "Outer", "Parallel Aware": false, "Async Capable": false, "Scan Direction": "Forward", "Index Name": "idx_posthistory_userid", "Relation Name": "posthistory", "Alias": "ph", "Startup Cost": 0.42, "Total Cost": 0.73, "Plan Rows": 4, "Plan Width": 4, "Actual Rows": 9, "Actual Loops": 5508, "Index Cond": "(userid = v.userid)", "Rows Removed by Index Recheck": 0, "Filter": "(posthistorytypeid = 2)", "Rows Removed by Filter": 22, "Workers": []}]}]}, {"Node Type": "Sort", "Parent Relationship": "Inner", "Parallel Aware": false, "Async Capable": false, "Startup Cost": 3149.8, "Total Cost": 3154.27, "Plan Rows": 26.0, "Plan Width": 8, "Actual Rows": 4393, "Actual Loops": 3, "Sort Key": ["u.id"], "Sort Method": "quicksort", "Sort Space Used": 177, "Sort Space Type": "Memory", "Workers": [{"Worker Number": 0, "Sort Method": "quicksort", "Sort Space Used": 177, "Sort Space Type": "Memory"}, {"Worker Number": 1, "Sort Method": "quicksort", "Sort Space Used": 177, "Sort Space Type": "Memory"}], "Plans": [{"Node Type": "Hash Join", "Parent Relationship": "Outer", "Parallel Aware": false, "Async Capable": false, "Join Type": "Inner", "Startup Cost": 1215.72, "Total Cost": 3053.09, "Plan Rows": 26.0, "Plan Width": 8, "Actual Rows": 2560, "Actual Loops": 3, "Inner Unique": true, "Hash Cond": "(b.userid = u.id)", "Workers": [], "Plans": [{"Node Type": "Seq Scan", "Parent Relationship": "Outer", "Parallel Aware": false, "Async Capable": false, "Relation Name": "badges", "Alias": "b", "Startup Cost": 0.0, "Total Cost": 1629.76, "Plan Rows": 79076, "Plan Width": 4, "Actual Rows": 79095, "Actual Loops": 3, "Filter": "((date >= '2010-07-19 19:39:10'::timestamp without time zone) AND (date <= '2014-09-05 18:37:48'::timestamp without time zone))", "Rows Removed by Filter": 756, "Workers": []}, {"Node Type": "Hash", "Parent Relationship": "Inner", "Parallel Aware": false, "Async Capable": false, "Startup Cost": 1204.31, "Total Cost": 1204.31, "Plan Rows": 913, "Plan Width": 4, "Actual Rows": 924, "Actual Loops": 3, "Hash Buckets": 1024, "Original Hash Buckets": 1024, "Hash Batches": 1, "Original Hash Batches": 1, "Peak Memory Usage": 41, "Workers": [], "Plans": [{"Node Type": "Seq Scan", "Parent Relationship": "Outer", "Parallel Aware": false, "Async Capable": false, "Relation Name": "users", "Alias": "u", "Startup Cost": 0.0, "Total Cost": 1204.31, "Plan Rows": 913, "Plan Width": 4, "Actual Rows": 924, "Actual Loops": 3, "Filter": "((downvotes >= 0) AND (upvotes >= 0) AND (upvotes <= 20000) AND (creationdate <= '2014-09-04 04:41:22'::timestamp without time zone) AND (views = 5))", "Rows Removed by Filter": 39401, "Workers": []}]}]}]}]}]}]}]}, "Planning Time": 3.62, "Triggers": [], "Execution Time": 173.746}, {"Plan": {"Node Type": "Aggregate", "Strategy": "Plain", "Partial Mode": "Simple", "Parallel Aware": false, "Async Capable": false, "Startup Cost": 53260.84, "Total Cost": 53260.85, "Plan Rows": 1, "Plan Width": 8, "Actual Rows": 1, "Actual Loops": 1, "Plans": [{"Node Type": "Merge Join", "Parent Relationship": "Outer", "Parallel Aware": false, "Async Capable": false, "Join Type": "Inner", "Startup Cost": 1.44, "Total Cost": 52836.88, "Plan Rows": 80.0, "Plan Width": 0, "Actual Rows": 6272, "Actual Loops": 1, "Inner Unique": false, "Merge Cond": "(u.id = ph.userid)", "Plans": [{"Node Type": "Nested Loop", "Parent Relationship": "Outer", "Parallel Aware": false, "Async Capable": false, "Join Type": "Inner", "Startup Cost": 0.58, "Total Cost": 4481.3, "Plan Rows": 26.0, "Plan Width": 8, "Actual Rows": 2560, "Actual Loops": 1, "Inner Unique": false, "Plans": [{"Node Type": "Index Scan", "Parent Relationship": "Outer", "Parallel Aware": false, "Async Capable": false, "Scan Direction": "Forward", "Index Name": "users_pkey", "Relation Name": "users", "Alias": "u", "Startup Cost": 0.29, "Total Cost": 1861.23, "Plan Rows": 913, "Plan Width": 4, "Actual Rows": 924, "Actual Loops": 1, "Filter": "((downvotes >= 0) AND (upvotes >= 0) AND (upvotes <= 20000) AND (creationdate <= '2014-09-04 04:41:22'::timestamp without time zone) AND (views = 5))", "Rows Removed by Filter": 39401}, {"Node Type": "Index Scan", "Parent Relationship": "Inner", "Parallel Aware": false, "Async Capable": false, "Scan Direction": "Forward", "Index Name": "idx_badges_userid", "Relation Name": "badges", "Alias": "b", "Startup Cost": 0.29, "Total Cost": 2.84, "Plan Rows": 3, "Plan Width": 4, "Actual Rows": 3, "Actual Loops": 924, "Index Cond": "(userid = u.id)", "Rows Removed by Index Recheck": 0, "Filter": "((date >= '2010-07-19 19:39:10'::timestamp without time zone) AND (date <= '2014-09-05 18:37:48'::timestamp without time zone))", "Rows Removed by Filter": 0}]}, {"Node Type": "Materialize", "Parent Relationship": "Inner", "Parallel Aware": false, "Async Capable": false, "Startup Cost": 0.85, "Total Cost": 39884.06, "Plan Rows": 1704.0, "Plan Width": 8, "Actual Rows": 2644269, "Actual Loops": 1, "Plans": [{"Node Type": "Nested Loop", "Parent Relationship": "Outer", "Parallel Aware": false, "Async Capable": false, "Join Type": "Inner", "Startup Cost": 0.85, "Total Cost": 29620.27, "Plan Rows": 1704.0, "Plan Width": 8, "Actual Rows": 2639286, "Actual Loops": 1, "Inner Unique": false, "Plans": [{"Node Type": "Index Only Scan", "Parent Relationship": "Outer", "Parallel Aware": false, "Async Capable": false, "Scan Direction": "Forward", "Index Name": "idx_votes_userid", "Relation Name": "votes", "Alias": "v", "Startup Cost": 0.42, "Total Cost": 6175.27, "Plan Rows": 328064, "Plan Width": 4, "Actual Rows": 34727, "Actual Loops": 1, "Heap Fetches": 0}, {"Node Type": "Memoize", "Parent Relationship": "Inner", "Parallel Aware": false, "Async Capable": false, "Startup Cost": 0.43, "Total Cost": 0.74, "Plan Rows": 4, "Plan Width": 4, "Actual Rows": 76, "Actual Loops": 34727, "Cache Key": "v.userid", "Cache Mode": "logical", "Cache Hits": 29223, "Cache Misses": 5504, "Cache Evictions": 0, "Cache Overflows": 0, "Peak Memory Usage": 2145, "Plans": [{"Node Type": "Index Scan", "Parent Relationship": "Outer", "Parallel Aware": false, "Async Capable": false, "Scan Direction": "Forward", "Index Name": "idx_posthistory_userid", "Relation Name": "posthistory", "Alias": "ph", "Startup Cost": 0.42, "Total Cost": 0.73, "Plan Rows": 4, "Plan Width": 4, "Actual Rows": 9, "Actual Loops": 5504, "Index Cond": "(userid = v.userid)", "Rows Removed by Index Recheck": 0, "Filter": "(posthistorytypeid = 2)", "Rows Removed by Filter": 22}]}]}]}]}]}, "Planning Time": 2.998, "Triggers": [], "Execution Time": 705.057}, {"Plan": {"Node Type": "Aggregate", "Strategy": "Plain", "Partial Mode": "Finalize", "Parallel Aware": false, "Async Capable": false, "Startup Cost": 28574.65, "Total Cost": 28574.66, "Plan Rows": 1, "Plan Width": 8, "Actual Rows": 1, "Actual Loops": 1, "Plans": [{"Node Type": "Gather", "Parent Relationship": "Outer", "Parallel Aware": false, "Async Capable": false, "Startup Cost": 28574.54, "Total Cost": 28574.65, "Plan Rows": 1, "Plan Width": 8, "Actual Rows": 2, "Actual Loops": 1, "Workers Planned": 1, "Workers Launched": 1, "Single Copy": false, "Plans": [{"Node Type": "Aggregate", "Strategy": "Plain", "Partial Mode": "Partial", "Parent Relationship": "Outer", "Parallel Aware": false, "Async Capable": false, "Startup Cost": 27574.54, "Total Cost": 27574.55, "Plan Rows": 1, "Plan Width": 8, "Actual Rows": 1, "Actual Loops": 2, "Workers": [], "Plans": [{"Node Type": "Hash Join", "Parent Relationship": "Outer", "Parallel Aware": true, "Async Capable": false, "Join Type": "Inner", "Startup Cost": 1748.64, "Total Cost": 27325.15, "Plan Rows": 80.0, "Plan Width": 0, "Actual Rows": 3136, "Actual Loops": 2, "Inner Unique": false, "Hash Cond": "(ph.userid = u.id)", "Workers": [], "Plans": [{"Node Type": "Nested Loop", "Parent Relationship": "Outer", "Parallel Aware": false, "Async Capable": false, "Join Type": "Inner", "Startup Cost": 0.3, "Total Cost": 14835.52, "Plan Rows": 2487.0, "Plan Width": 8, "Actual Rows": 1795555, "Actual Loops": 2, "Inner Unique": false, "Workers": [], "Plans": [{"Node Type": "Seq Scan", "Parent Relationship": "Outer", "Parallel Aware": true, "Async Capable": false, "Relation Name": "posthistory", "Alias": "ph", "Startup Cost": 0.0, "Total Cost": 4469.32, "Plan Rows": 54142, "Plan Width": 4, "Actual Rows": 45988, "Actual Loops": 2, "Filter": "(posthistorytypeid = 2)", "Rows Removed by Filter": 105606, "Workers": []}, {"Node Type": "Memoize", "Parent Relationship": "Inner", "Parallel Aware": false, "Async Capable": false, "Startup Cost": 0.3, "Total Cost": 0.39, "Plan Rows": 3, "Plan Width": 4, "Actual Rows": 39, "Actual Loops": 91976, "Cache Key": "ph.userid", "Cache Mode": "logical", "Cache Hits": 32052, "Cache Misses": 13679, "Cache Evictions": 0, "Cache Overflows": 0, "Peak Memory Usage": 2938, "Workers": [{"Worker Number": 0, "Cache Hits": 32328, "Cache Misses": 13917, "Cache Evictions": 0, "Cache Overflows": 0, "Peak Memory Usage": 2954}], "Plans": [{"Node Type": "Index Scan", "Parent Relationship": "Outer", "Parallel Aware": false, "Async Capable": false, "Scan Direction": "Forward", "Index Name": "idx_badges_userid", "Relation Name": "badges", "Alias": "b", "Startup Cost": 0.29, "Total Cost": 0.38, "Plan Rows": 3, "Plan Width": 4, "Actual Rows": 4, "Actual Loops": 27596, "Index Cond": "(userid = ph.userid)", "Rows Removed by Index Recheck": 0, "Filter": "((date >= '2010-07-19 19:39:10'::timestamp without time zone) AND (date <= '2014-09-05 18:37:48'::timestamp without time zone))", "Rows Removed by Filter": 0, "Workers": []}]}]}, {"Node Type": "Hash", "Parent Relationship": "Inner", "Parallel Aware": true, "Async Capable": false, "Startup Cost": 1744.24, "Total Cost": 1744.24, "Plan Rows": 20.0, "Plan Width": 8, "Actual Rows": 287, "Actual Loops": 2, "Hash Buckets": 1024, "Original Hash Buckets": 1024, "Hash Batches": 1, "Original Hash Batches": 1, "Peak Memory Usage": 40, "Workers": [], "Plans": [{"Node Type": "Merge Join", "Parent Relationship": "Outer", "Parallel Aware": false, "Async Capable": false, "Join Type": "Inner", "Startup Cost": 1249.63, "Total Cost": 1744.24, "Plan Rows": 20.0, "Plan Width": 8, "Actual Rows": 574, "Actual Loops": 1, "Inner Unique": true, "Merge Cond": "(v.userid = u.id)", "Workers": [], "Plans": [{"Node Type": "Index Only Scan", "Parent Relationship": "Outer", "Parallel Aware": true, "Async Capable": false, "Scan Direction": "Forward", "Index Name": "idx_votes_userid", "Relation Name": "votes", "Alias": "v", "Startup Cost": 0.42, "Total Cost": 4261.57, "Plan Rows": 136693, "Plan Width": 4, "Actual Rows": 34727, "Actual Loops": 1, "Heap Fetches": 0, "Workers": []}, {"Node Type": "Sort", "Parent Relationship": "Inner", "Parallel Aware": false, "Async Capable": false, "Startup Cost": 1249.21, "Total Cost": 1251.49, "Plan Rows": 913, "Plan Width": 4, "Actual Rows": 924, "Actual Loops": 1, "Sort Key": ["u.id"], "Sort Method": "quicksort", "Sort Space Used": 25, "Sort Space Type": "Memory", "Workers": [], "Plans": [{"Node Type": "Seq Scan", "Parent Relationship": "Outer", "Parallel Aware": false, "Async Capable": false, "Relation Name": "users", "Alias": "u", "Startup Cost": 0.0, "Total Cost": 1204.31, "Plan Rows": 913, "Plan Width": 4, "Actual Rows": 924, "Actual Loops": 1, "Filter": "((downvotes >= 0) AND (upvotes >= 0) AND (upvotes <= 20000) AND (creationdate <= '2014-09-04 04:41:22'::timestamp without time zone) AND (views = 5))", "Rows Removed by Filter": 39401, "Workers": []}]}]}]}]}]}]}]}, "Planning Time": 6.334, "Triggers": [], "Execution Time": 288.741}, {"Plan": {"Node Type": "Aggregate", "Strategy": "Plain", "Partial Mode": "Simple", "Parallel Aware": false, "Async Capable": false, "Startup Cost": 615541.19, "Total Cost": 615541.2, "Plan Rows": 1, "Plan Width": 8, "Plans": [{"Node Type": "Merge Join", "Parent Relationship": "Outer", "Parallel Aware": false, "Async Capable": false, "Join Type": "Inner", "Startup Cost": 3.21, "Total Cost": 615117.23, "Plan Rows": 80.0, "Plan Width": 0, "Inner Unique": true, "Merge Cond": "(ph.userid = u.id)", "Plans": [{"Node Type": "Nested Loop", "Parent Relationship": "Outer", "Parallel Aware": false, "Async Capable": false, "Join Type": "Inner", "Startup Cost": 2.92, "Total Cost": 78700.04, "Plan Rows": 57459.0, "Plan Width": 12, "Inner Unique": false, "Plans": [{"Node Type": "Merge Join", "Parent Relationship": "Outer", "Parallel Aware": false, "Async Capable": false, "Join Type": "Inner", "Startup Cost": 2.49, "Total Cost": 16799.23, "Plan Rows": 548928.0, "Plan Width": 8, "Inner Unique": false, "Merge Cond": "(b.userid = v.userid)", "Plans": [{"Node Type": "Index Scan", "Parent Relationship": "Outer", "Parallel Aware": false, "Async Capable": false, "Scan Direction": "Forward", "Index Name": "idx_badges_userid", "Relation Name": "badges", "Alias": "b", "Startup Cost": 0.29, "Total Cost": 3264.6, "Plan Rows": 79076, "Plan Width": 4, "Filter": "((date >= '2010-07-19 19:39:10'::timestamp without time zone) AND (date <= '2014-09-05 18:37:48'::timestamp without time zone))"}, {"Node Type": "Materialize", "Parent Relationship": "Inner", "Parallel Aware": false, "Async Capable": false, "Startup Cost": 0.42, "Total Cost": 6995.43, "Plan Rows": 328064, "Plan Width": 4, "Plans": [{"Node Type": "Index Only Scan", "Parent Relationship": "Outer", "Parallel Aware": false, "Async Capable": false, "Scan Direction": "Forward", "Index Name": "idx_votes_userid", "Relation Name": "votes", "Alias": "v", "Startup Cost": 0.42, "Total Cost": 6175.27, "Plan Rows": 328064, "Plan Width": 4}]}]}, {"Node Type": "Memoize", "Parent Relationship": "Inner", "Parallel Aware": false, "Async Capable": false, "Startup Cost": 0.43, "Total Cost": 0.74, "Plan Rows": 4, "Plan Width": 4, "Cache Key": "v.userid", "Cache Mode": "logical", "Plans": [{"Node Type": "Index Scan", "Parent Relationship": "Outer", "Parallel Aware": false, "Async Capable": false, "Scan Direction": "Forward", "Index Name": "idx_posthistory_userid", "Relation Name": "posthistory", "Alias": "ph", "Startup Cost": 0.42, "Total Cost": 0.73, "Plan Rows": 4, "Plan Width": 4, "Index Cond": "(userid = v.userid)", "Filter": "(posthistorytypeid = 2)"}]}]}, {"Node Type": "Index Scan", "Parent Relationship": "Inner", "Parallel Aware": false, "Async Capable": false, "Scan Direction": "Forward", "Index Name": "users_pkey", "Relation Name": "users", "Alias": "u", "Startup Cost": 0.29, "Total Cost": 1861.23, "Plan Rows": 913, "Plan Width": 4, "Filter": "((downvotes >= 0) AND (upvotes >= 0) AND (upvotes <= 20000) AND (creationdate <= '2014-09-04 04:41:22'::timestamp without time zone) AND (views = 5))"}]}]}, "Timeout Time": 5000}, {"Plan": {"Node Type": "Aggregate", "Strategy": "Plain", "Partial Mode": "Simple", "Parallel Aware": false, "Async Capable": false, "Startup Cost": 1110729.05, "Total Cost": 1110729.06, "Plan Rows": 1, "Plan Width": 8, "Plans": [{"Node Type": "Merge Join", "Parent Relationship": "Outer", "Parallel Aware": false, "Async Capable": false, "Join Type": "Inner", "Startup Cost": 3.21, "Total Cost": 1110305.09, "Plan Rows": 80.0, "Plan Width": 0, "Inner Unique": false, "Merge Cond": "(u.id = ph.userid)", "Plans": [{"Node Type": "Index Scan", "Parent Relationship": "Outer", "Parallel Aware": false, "Async Capable": false, "Scan Direction": "Forward", "Index Name": "users_pkey", "Relation Name": "users", "Alias": "u", "Startup Cost": 0.29, "Total Cost": 1861.23, "Plan Rows": 913, "Plan Width": 4, "Filter": "((downvotes >= 0) AND (upvotes >= 0) AND (upvotes <= 20000) AND (creationdate <= '2014-09-04 04:41:22'::timestamp without time zone) AND (views = 5))"}, {"Node Type": "Materialize", "Parent Relationship": "Inner", "Parallel Aware": false, "Async Capable": false, "Startup Cost": 2.92, "Total Cost": 610954.08, "Plan Rows": 57459.0, "Plan Width": 12, "Plans": [{"Node Type": "Nested Loop", "Parent Relationship": "Outer", "Parallel Aware": false, "Async Capable": false, "Join Type": "Inner", "Startup Cost": 2.92, "Total Cost": 78700.04, "Plan Rows": 57459.0, "Plan Width": 12, "Inner Unique": false, "Plans": [{"Node Type": "Merge Join", "Parent Relationship": "Outer", "Parallel Aware": false, "Async Capable": false, "Join Type": "Inner", "Startup Cost": 2.49, "Total Cost": 16799.23, "Plan Rows": 548928.0, "Plan Width": 8, "Inner Unique": false, "Merge Cond": "(b.userid = v.userid)", "Plans": [{"Node Type": "Index Scan", "Parent Relationship": "Outer", "Parallel Aware": false, "Async Capable": false, "Scan Direction": "Forward", "Index Name": "idx_badges_userid", "Relation Name": "badges", "Alias": "b", "Startup Cost": 0.29, "Total Cost": 3264.6, "Plan Rows": 79076, "Plan Width": 4, "Filter": "((date >= '2010-07-19 19:39:10'::timestamp without time zone) AND (date <= '2014-09-05 18:37:48'::timestamp without time zone))"}, {"Node Type": "Materialize", "Parent Relationship": "Inner", "Parallel Aware": false, "Async Capable": false, "Startup Cost": 0.42, "Total Cost": 6995.43, "Plan Rows": 328064, "Plan Width": 4, "Plans": [{"Node Type": "Index Only Scan", "Parent Relationship": "Outer", "Parallel Aware": false, "Async Capable": false, "Scan Direction": "Forward", "Index Name": "idx_votes_userid", "Relation Name": "votes", "Alias": "v", "Startup Cost": 0.42, "Total Cost": 6175.27, "Plan Rows": 328064, "Plan Width": 4}]}]}, {"Node Type": "Memoize", "Parent Relationship": "Inner", "Parallel Aware": false, "Async Capable": false, "Startup Cost": 0.43, "Total Cost": 0.74, "Plan Rows": 4, "Plan Width": 4, "Cache Key": "v.userid", "Cache Mode": "logical", "Plans": [{"Node Type": "Index Scan", "Parent Relationship": "Outer", "Parallel Aware": false, "Async Capable": false, "Scan Direction": "Forward", "Index Name": "idx_posthistory_userid", "Relation Name": "posthistory", "Alias": "ph", "Startup Cost": 0.42, "Total Cost": 0.73, "Plan Rows": 4, "Plan Width": 4, "Index Cond": "(userid = v.userid)", "Filter": "(posthistorytypeid = 2)"}]}]}]}]}]}, "Timeout Time": 5000}, {"Plan": {"Node Type": "Aggregate", "Strategy": "Plain", "Partial Mode": "Simple", "Parallel Aware": false, "Async Capable": false, "Startup Cost": 9047.82, "Total Cost": 9047.83, "Plan Rows": 1, "Plan Width": 8, "Actual Rows": 1, "Actual Loops": 1, "Plans": [{"Node Type": "Merge Join", "Parent Relationship": "Outer", "Parallel Aware": false, "Async Capable": false, "Join Type": "Inner", "Startup Cost": 1250.45, "Total Cost": 8623.86, "Plan Rows": 80.0, "Plan Width": 0, "Actual Rows": 6272, "Actual Loops": 1, "Inner Unique": false, "Merge Cond": "(b.userid = u.id)", "Plans": [{"Node Type": "Index Scan", "Parent Relationship": "Outer", "Parallel Aware": false, "Async Capable": false, "Scan Direction": "Forward", "Index Name": "idx_badges_userid", "Relation Name": "badges", "Alias": "b", "Startup Cost": 0.29, "Total Cost": 3264.6, "Plan Rows": 79076, "Plan Width": 4, "Actual Rows": 77782, "Actual Loops": 1, "Filter": "((date >= '2010-07-19 19:39:10'::timestamp without time zone) AND (date <= '2014-09-05 18:37:48'::timestamp without time zone))", "Rows Removed by Filter": 461}, {"Node Type": "Materialize", "Parent Relationship": "Inner", "Parallel Aware": false, "Async Capable": false, "Startup Cost": 1250.05, "Total Cost": 2834.06, "Plan Rows": 3.0, "Plan Width": 12, "Actual Rows": 6269, "Actual Loops": 1, "Plans": [{"Node Type": "Nested Loop", "Parent Relationship": "Outer", "Parallel Aware": false, "Async Capable": false, "Join Type": "Inner", "Startup Cost": 1250.05, "Total Cost": 2617.86, "Plan Rows": 3.0, "Plan Width": 12, "Actual Rows": 1291, "Actual Loops": 1, "Inner Unique": false, "Join Filter": "(ph.userid = u.id)", "Rows Removed by Join Filter": 0, "Plans": [{"Node Type": "Merge Join", "Parent Relationship": "Outer", "Parallel Aware": false, "Async Capable": false, "Join Type": "Inner", "Startup Cost": 1249.63, "Total Cost": 2001.8, "Plan Rows": 20.0, "Plan Width": 8, "Actual Rows": 574, "Actual Loops": 1, "Inner Unique": true, "Merge Cond": "(v.userid = u.id)", "Plans": [{"Node Type": "Index Only Scan", "Parent Relationship": "Outer", "Parallel Aware": false, "Async Capable": false, "Scan Direction": "Forward", "Index Name": "idx_votes_userid", "Relation Name": "votes", "Alias": "v", "Startup Cost": 0.42, "Total Cost": 6175.27, "Plan Rows": 328064, "Plan Width": 4, "Actual Rows": 34727, "Actual Loops": 1, "Heap Fetches": 0}, {"Node Type": "Sort", "Parent Relationship": "Inner", "Parallel Aware": false, "Async Capable": false, "Startup Cost": 1249.21, "Total Cost": 1251.49, "Plan Rows": 913, "Plan Width": 4, "Actual Rows": 924, "Actual Loops": 1, "Sort Key": ["u.id"], "Sort Method": "quicksort", "Sort Space Used": 25, "Sort Space Type": "Memory", "Plans": [{"Node Type": "Seq Scan", "Parent Relationship": "Outer", "Parallel Aware": false, "Async Capable": false, "Relation Name": "users", "Alias": "u", "Startup Cost": 0.0, "Total Cost": 1204.31, "Plan Rows": 913, "Plan Width": 4, "Actual Rows": 924, "Actual Loops": 1, "Filter": "((downvotes >= 0) AND (upvotes >= 0) AND (upvotes <= 20000) AND (creationdate <= '2014-09-04 04:41:22'::timestamp without time zone) AND (views = 5))", "Rows Removed by Filter": 39401}]}]}, {"Node Type": "Index Scan", "Parent Relationship": "Inner", "Parallel Aware": false, "Async Capable": false, "Scan Direction": "Forward", "Index Name": "idx_posthistory_userid", "Relation Name": "posthistory", "Alias": "ph", "Startup Cost": 0.42, "Total Cost": 0.73, "Plan Rows": 4, "Plan Width": 4, "Actual Rows": 2, "Actual Loops": 574, "Index Cond": "(userid = v.userid)", "Rows Removed by Index Recheck": 0, "Filter": "(posthistorytypeid = 2)", "Rows Removed by Filter": 5}]}]}]}]}, "Planning Time": 1.695, "Triggers": [], "Execution Time": 35.507}, {"Plan": {"Node Type": "Aggregate", "Strategy": "Plain", "Partial Mode": "Simple", "Parallel Aware": false, "Async Capable": false, "Startup Cost": 6074.33, "Total Cost": 6074.34, "Plan Rows": 1, "Plan Width": 8, "Actual Rows": 1, "Actual Loops": 1, "Plans": [{"Node Type": "Merge Join", "Parent Relationship": "Outer", "Parallel Aware": false, "Async Capable": false, "Join Type": "Inner", "Startup Cost": 4858.9, "Total Cost": 5650.37, "Plan Rows": 80.0, "Plan Width": 0, "Actual Rows": 6272, "Actual Loops": 1, "Inner Unique": false, "Merge Cond": "(v.userid = u.id)", "Plans": [{"Node Type": "Index Only Scan", "Parent Relationship": "Outer", "Parallel Aware": false, "Async Capable": false, "Scan Direction": "Forward", "Index Name": "idx_votes_userid", "Relation Name": "votes", "Alias": "v", "Startup Cost": 0.42, "Total Cost": 6175.27, "Plan Rows": 328064, "Plan Width": 4, "Actual Rows": 34727, "Actual Loops": 1, "Heap Fetches": 0}, {"Node Type": "Sort", "Parent Relationship": "Inner", "Parallel Aware": false, "Async Capable": false, "Startup Cost": 4858.48, "Total Cost": 4867.98, "Plan Rows": 4.0, "Plan Width": 12, "Actual Rows": 10946, "Actual Loops": 1, "Sort Key": ["ph.userid"], "Sort Method": "quicksort", "Sort Space Used": 449, "Sort Space Type": "Memory", "Plans": [{"Node Type": "Nested Loop", "Parent Relationship": "Outer", "Parallel Aware": false, "Async Capable": false, "Join Type": "Inner", "Startup Cost": 1216.15, "Total Cost": 4632.4, "Plan Rows": 4.0, "Plan Width": 12, "Actual Rows": 6576, "Actual Loops": 1, "Inner Unique": false, "Join Filter": "(ph.userid = u.id)", "Rows Removed by Join Filter": 0, "Plans": [{"Node Type": "Hash Join", "Parent Relationship": "Outer", "Parallel Aware": false, "Async Capable": false, "Join Type": "Inner", "Startup Cost": 1215.72, "Total Cost": 3053.09, "Plan Rows": 26.0, "Plan Width": 8, "Actual Rows": 2560, "Actual Loops": 1, "Inner Unique": true, "Hash Cond": "(b.userid = u.id)", "Plans": [{"Node Type": "Seq Scan", "Parent Relationship": "Outer", "Parallel Aware": false, "Async Capable": false, "Relation Name": "badges", "Alias": "b", "Startup Cost": 0.0, "Total Cost": 1629.76, "Plan Rows": 79076, "Plan Width": 4, "Actual Rows": 79095, "Actual Loops": 1, "Filter": "((date >= '2010-07-19 19:39:10'::timestamp without time zone) AND (date <= '2014-09-05 18:37:48'::timestamp without time zone))", "Rows Removed by Filter": 756}, {"Node Type": "Hash", "Parent Relationship": "Inner", "Parallel Aware": false, "Async Capable": false, "Startup Cost": 1204.31, "Total Cost": 1204.31, "Plan Rows": 913, "Plan Width": 4, "Actual Rows": 924, "Actual Loops": 1, "Hash Buckets": 1024, "Original Hash Buckets": 1024, "Hash Batches": 1, "Original Hash Batches": 1, "Peak Memory Usage": 41, "Plans": [{"Node Type": "Seq Scan", "Parent Relationship": "Outer", "Parallel Aware": false, "Async Capable": false, "Relation Name": "users", "Alias": "u", "Startup Cost": 0.0, "Total Cost": 1204.31, "Plan Rows": 913, "Plan Width": 4, "Actual Rows": 924, "Actual Loops": 1, "Filter": "((downvotes >= 0) AND (upvotes >= 0) AND (upvotes <= 20000) AND (creationdate <= '2014-09-04 04:41:22'::timestamp without time zone) AND (views = 5))", "Rows Removed by Filter": 39401}]}]}, {"Node Type": "Index Scan", "Parent Relationship": "Inner", "Parallel Aware": false, "Async Capable": false, "Scan Direction": "Forward", "Index Name": "idx_posthistory_userid", "Relation Name": "posthistory", "Alias": "ph", "Startup Cost": 0.42, "Total Cost": 0.83, "Plan Rows": 4, "Plan Width": 4, "Actual Rows": 3, "Actual Loops": 2560, "Index Cond": "(userid = b.userid)", "Rows Removed by Index Recheck": 0, "Filter": "(posthistorytypeid = 2)", "Rows Removed by Filter": 6}]}]}]}]}, "Planning Time": 1.756, "Triggers": [], "Execution Time": 27.31}, {"Plan": {"Node Type": "Aggregate", "Strategy": "Plain", "Partial Mode": "Simple", "Parallel Aware": false, "Async Capable": false, "Startup Cost": 7266.96, "Total Cost": 7266.97, "Plan Rows": 1, "Plan Width": 8, "Actual Rows": 1, "Actual Loops": 1, "Plans": [{"Node Type": "Merge Join", "Parent Relationship": "Outer", "Parallel Aware": false, "Async Capable": false, "Join Type": "Inner", "Startup Cost": 1.43, "Total Cost": 6843.0, "Plan Rows": 80.0, "Plan Width": 0, "Actual Rows": 6272, "Actual Loops": 1, "Inner Unique": false, "Merge Cond": "(u.id = v.userid)", "Plans": [{"Node Type": "Nested Loop", "Parent Relationship": "Outer", "Parallel Aware": false, "Async Capable": false, "Join Type": "Inner", "Startup Cost": 1.0, "Total Cost": 6060.61, "Plan Rows": 4.0, "Plan Width": 12, "Actual Rows": 6576, "Actual Loops": 1, "Inner Unique": false, "Join Filter": "(ph.userid = u.id)", "Rows Removed by Join Filter": 0, "Plans": [{"Node Type": "Nested Loop", "Parent Relationship": "Outer", "Parallel Aware": false, "Async Capable": false, "Join Type": "Inner", "Startup Cost": 0.58, "Total Cost": 4481.3, "Plan Rows": 26.0, "Plan Width": 8, "Actual Rows": 2560, "Actual Loops": 1, "Inner Unique": false, "Plans": [{"Node Type": "Index Scan", "Parent Relationship": "Outer", "Parallel Aware": false, "Async Capable": false, "Scan Direction": "Forward", "Index Name": "users_pkey", "Relation Name": "users", "Alias": "u", "Startup Cost": 0.29, "Total Cost": 1861.23, "Plan Rows": 913, "Plan Width": 4, "Actual Rows": 924, "Actual Loops": 1, "Filter": "((downvotes >= 0) AND (upvotes >= 0) AND (upvotes <= 20000) AND (creationdate <= '2014-09-04 04:41:22'::timestamp without time zone) AND (views = 5))", "Rows Removed by Filter": 39401}, {"Node Type": "Index Scan", "Parent Relationship": "Inner", "Parallel Aware": false, "Async Capable": false, "Scan Direction": "Forward", "Index Name": "idx_badges_userid", "Relation Name": "badges", "Alias": "b", "Startup Cost": 0.29, "Total Cost": 2.84, "Plan Rows": 3, "Plan Width": 4, "Actual Rows": 3, "Actual Loops": 924, "Index Cond": "(userid = u.id)", "Rows Removed by Index Recheck": 0, "Filter": "((date >= '2010-07-19 19:39:10'::timestamp without time zone) AND (date <= '2014-09-05 18:37:48'::timestamp without time zone))", "Rows Removed by Filter": 0}]}, {"Node Type": "Index Scan", "Parent Relationship": "Inner", "Parallel Aware": false, "Async Capable": false, "Scan Direction": "Forward", "Index Name": "idx_posthistory_userid", "Relation Name": "posthistory", "Alias": "ph", "Startup Cost": 0.42, "Total Cost": 0.83, "Plan Rows": 4, "Plan Width": 4, "Actual Rows": 3, "Actual Loops": 2560, "Index Cond": "(userid = b.userid)", "Rows Removed by Index Recheck": 0, "Filter": "(posthistorytypeid = 2)", "Rows Removed by Filter": 6}]}, {"Node Type": "Index Only Scan", "Parent Relationship": "Inner", "Parallel Aware": false, "Async Capable": false, "Scan Direction": "Forward", "Index Name": "idx_votes_userid", "Relation Name": "votes", "Alias": "v", "Startup Cost": 0.42, "Total Cost": 6175.27, "Plan Rows": 328064, "Plan Width": 4, "Actual Rows": 40541, "Actual Loops": 1, "Heap Fetches": 0}]}]}, "Planning Time": 1.754, "Triggers": [], "Execution Time": 20.145}, {"Plan": {"Node Type": "Aggregate", "Strategy": "Plain", "Partial Mode": "Finalize", "Parallel Aware": false, "Async Capable": false, "Startup Cost": 9446.16, "Total Cost": 9446.17, "Plan Rows": 1, "Plan Width": 8, "Actual Rows": 1, "Actual Loops": 1, "Plans": [{"Node Type": "Gather", "Parent Relationship": "Outer", "Parallel Aware": false, "Async Capable": false, "Startup Cost": 9446.05, "Total Cost": 9446.16, "Plan Rows": 1, "Plan Width": 8, "Actual Rows": 2, "Actual Loops": 1, "Workers Planned": 1, "Workers Launched": 1, "Single Copy": false, "Plans": [{"Node Type": "Aggregate", "Strategy": "Plain", "Partial Mode": "Partial", "Parent Relationship": "Outer", "Parallel Aware": false, "Async Capable": false, "Startup Cost": 8446.05, "Total Cost": 8446.06, "Plan Rows": 1, "Plan Width": 8, "Actual Rows": 1, "Actual Loops": 2, "Workers": [], "Plans": [{"Node Type": "Merge Join", "Parent Relationship": "Outer", "Parallel Aware": false, "Async Capable": false, "Join Type": "Inner", "Startup Cost": 5887.6, "Total Cost": 8196.66, "Plan Rows": 80.0, "Plan Width": 0, "Actual Rows": 3136, "Actual Loops": 2, "Inner Unique": false, "Merge Cond": "(u.id = v.userid)", "Workers": [], "Plans": [{"Node Type": "Sort", "Parent Relationship": "Outer", "Parallel Aware": false, "Async Capable": false, "Startup Cost": 5885.12, "Total Cost": 5887.97, "Plan Rows": 1.0, "Plan Width": 8, "Actual Rows": 908, "Actual Loops": 2, "Sort Key": ["ph.userid"], "Sort Method": "quicksort", "Sort Space Used": 89, "Sort Space Type": "Memory", "Workers": [{"Worker Number": 0, "Sort Method": "quicksort", "Sort Space Used": 40, "Sort Space Type": "Memory"}], "Plans": [{"Node Type": "Hash Join", "Parent Relationship": "Outer", "Parallel Aware": false, "Async Capable": false, "Join Type": "Inner", "Startup Cost": 1215.72, "Total Cost": 5827.18, "Plan Rows": 1.0, "Plan Width": 8, "Actual Rows": 908, "Actual Loops": 2, "Inner Unique": true, "Hash Cond": "(ph.userid = u.id)", "Workers": [], "Plans": [{"Node Type": "Seq Scan", "Parent Relationship": "Outer", "Parallel Aware": true, "Async Capable": false, "Relation Name": "posthistory", "Alias": "ph", "Startup Cost": 0.0, "Total Cost": 4469.32, "Plan Rows": 54142, "Plan Width": 4, "Actual Rows": 45988, "Actual Loops": 2, "Filter": "(posthistorytypeid = 2)", "Rows Removed by Filter": 105606, "Workers": []}, {"Node Type": "Hash", "Parent Relationship": "Inner", "Parallel Aware": false, "Async Capable": false, "Startup Cost": 1204.31, "Total Cost": 1204.31, "Plan Rows": 913, "Plan Width": 4, "Actual Rows": 924, "Actual Loops": 2, "Hash Buckets": 1024, "Original Hash Buckets": 1024, "Hash Batches": 1, "Original Hash Batches": 1, "Peak Memory Usage": 41, "Workers": [], "Plans": [{"Node Type": "Seq Scan", "Parent Relationship": "Outer", "Parallel Aware": false, "Async Capable": false, "Relation Name": "users", "Alias": "u", "Startup Cost": 0.0, "Total Cost": 1204.31, "Plan Rows": 913, "Plan Width": 4, "Actual Rows": 924, "Actual Loops": 2, "Filter": "((downvotes >= 0) AND (upvotes >= 0) AND (upvotes <= 20000) AND (creationdate <= '2014-09-04 04:41:22'::timestamp without time zone) AND (views = 5))", "Rows Removed by Filter": 39401, "Workers": []}]}]}]}, {"Node Type": "Materialize", "Parent Relationship": "Inner", "Parallel Aware": false, "Async Capable": false, "Startup Cost": 2.49, "Total Cost": 19157.62, "Plan Rows": 548928.0, "Plan Width": 8, "Actual Rows": 1050308, "Actual Loops": 2, "Workers": [], "Plans": [{"Node Type": "Merge Join", "Parent Relationship": "Outer", "Parallel Aware": false, "Async Capable": false, "Join Type": "Inner", "Startup Cost": 2.49, "Total Cost": 16799.23, "Plan Rows": 548928.0, "Plan Width": 8, "Actual Rows": 1048756, "Actual Loops": 2, "Inner Unique": false, "Merge Cond": "(b.userid = v.userid)", "Workers": [], "Plans": [{"Node Type": "Index Scan", "Parent Relationship": "Outer", "Parallel Aware": false, "Async Capable": false, "Scan Direction": "Forward", "Index Name": "idx_badges_userid", "Relation Name": "badges", "Alias": "b", "Startup Cost": 0.29, "Total Cost": 3264.6, "Plan Rows": 79076, "Plan Width": 4, "Actual Rows": 78800, "Actual Loops": 2, "Filter": "((date >= '2010-07-19 19:39:10'::timestamp without time zone) AND (date <= '2014-09-05 18:37:48'::timestamp without time zone))", "Rows Removed by Filter": 495, "Workers": []}, {"Node Type": "Materialize", "Parent Relationship": "Inner", "Parallel Aware": false, "Async Capable": false, "Startup Cost": 0.42, "Total Cost": 6995.43, "Plan Rows": 328064, "Plan Width": 4, "Actual Rows": 1051600, "Actual Loops": 2, "Workers": [], "Plans": [{"Node Type": "Index Only Scan", "Parent Relationship": "Outer", "Parallel Aware": false, "Async Capable": false, "Scan Direction": "Forward", "Index Name": "idx_votes_userid", "Relation Name": "votes", "Alias": "v", "Startup Cost": 0.42, "Total Cost": 6175.27, "Plan Rows": 328064, "Plan Width": 4, "Actual Rows": 34704, "Actual Loops": 2, "Heap Fetches": 0, "Workers": []}]}]}]}]}]}]}]}, "Planning Time": 4.065, "Triggers": [], "Execution Time": 343.457}, {"Plan": {"Node Type": "Aggregate", "Strategy": "Plain", "Partial Mode": "Finalize", "Parallel Aware": false, "Async Capable": false, "Startup Cost": 3556.94, "Total Cost": 3556.95, "Plan Rows": 1, "Plan Width": 8, "Actual Rows": 1, "Actual Loops": 1, "Plans": [{"Node Type": "Gather", "Parent Relationship": "Outer", "Parallel Aware": false, "Async Capable": false, "Startup Cost": 3556.73, "Total Cost": 3556.94, "Plan Rows": 2, "Plan Width": 8, "Actual Rows": 3, "Actual Loops": 1, "Workers Planned": 2, "Workers Launched": 2, "Single Copy": false, "Plans": [{"Node Type": "Aggregate", "Strategy": "Plain", "Partial Mode": "Partial", "Parent Relationship": "Outer", "Parallel Aware": false, "Async Capable": false, "Startup Cost": 2556.73, "Total Cost": 2556.74, "Plan Rows": 1, "Plan Width": 8, "Actual Rows": 1, "Actual Loops": 3, "Workers": [], "Plans": [{"Node Type": "Nested Loop", "Parent Relationship": "Outer", "Parallel Aware": false, "Async Capable": false, "Join Type": "Inner", "Startup Cost": 1250.34, "Total Cost": 2380.08, "Plan Rows": 80.0, "Plan Width": 0, "Actual Rows": 2091, "Actual Loops": 3, "Inner Unique": false, "Join Filter": "(ph.userid = u.id)", "Rows Removed by Join Filter": 0, "Workers": [], "Plans": [{"Node Type": "Nested Loop", "Parent Relationship": "Outer", "Parallel Aware": false, "Async Capable": false, "Join Type": "Inner", "Startup Cost": 1249.92, "Total Cost": 1876.89, "Plan Rows": 646.0, "Plan Width": 12, "Actual Rows": 758, "Actual Loops": 3, "Inner Unique": false, "Join Filter": "(u.id = b.userid)", "Rows Removed by Join Filter": 0, "Workers": [], "Plans": [{"Node Type": "Merge Join", "Parent Relationship": "Outer", "Parallel Aware": false, "Async Capable": false, "Join Type": "Inner", "Startup Cost": 1249.63, "Total Cost": 1744.24, "Plan Rows": 20.0, "Plan Width": 8, "Actual Rows": 191, "Actual Loops": 3, "Inner Unique": true, "Merge Cond": "(v.userid = u.id)", "Workers": [], "Plans": [{"Node Type": "Index Only Scan", "Parent Relationship": "Outer", "Parallel Aware": true, "Async Capable": false, "Scan Direction": "Forward", "Index Name": "idx_votes_userid", "Relation Name": "votes", "Alias": "v", "Startup Cost": 0.42, "Total Cost": 4261.57, "Plan Rows": 136693, "Plan Width": 4, "Actual Rows": 11576, "Actual Loops": 3, "Heap Fetches": 0, "Workers": []}, {"Node Type": "Sort", "Parent Relationship": "Inner", "Parallel Aware": false, "Async Capable": false, "Startup Cost": 1249.21, "Total Cost": 1251.49, "Plan Rows": 913, "Plan Width": 4, "Actual Rows": 736, "Actual Loops": 3, "Sort Key": ["u.id"], "Sort Method": "quicksort", "Sort Space Used": 25, "Sort Space Type": "Memory", "Workers": [{"Worker Number": 0, "Sort Method": "quicksort", "Sort Space Used": 25, "Sort Space Type": "Memory"}, {"Worker Number": 1, "Sort Method": "quicksort", "Sort Space Used": 25, "Sort Space Type": "Memory"}], "Plans": [{"Node Type": "Seq Scan", "Parent Relationship": "Outer", "Parallel Aware": false, "Async Capable": false, "Relation Name": "users", "Alias": "u", "Startup Cost": 0.0, "Total Cost": 1204.31, "Plan Rows": 913, "Plan Width": 4, "Actual Rows": 924, "Actual Loops": 3, "Filter": "((downvotes >= 0) AND (upvotes >= 0) AND (upvotes <= 20000) AND (creationdate <= '2014-09-04 04:41:22'::timestamp without time zone) AND (views = 5))", "Rows Removed by Filter": 39401, "Workers": []}]}]}, {"Node Type": "Index Scan", "Parent Relationship": "Inner", "Parallel Aware": false, "Async Capable": false, "Scan Direction": "Forward", "Index Name": "idx_badges_userid", "Relation Name": "badges", "Alias": "b", "Startup Cost": 0.29, "Total Cost": 0.37, "Plan Rows": 3, "Plan Width": 4, "Actual Rows": 4, "Actual Loops": 574, "Index Cond": "(userid = v.userid)", "Rows Removed by Index Recheck": 0, "Filter": "((date >= '2010-07-19 19:39:10'::timestamp without time zone) AND (date <= '2014-09-05 18:37:48'::timestamp without time zone))", "Rows Removed by Filter": 0, "Workers": []}]}, {"Node Type": "Index Scan", "Parent Relationship": "Inner", "Parallel Aware": false, "Async Capable": false, "Scan Direction": "Forward", "Index Name": "idx_posthistory_userid", "Relation Name": "posthistory", "Alias": "ph", "Startup Cost": 0.42, "Total Cost": 0.73, "Plan Rows": 4, "Plan Width": 4, "Actual Rows": 3, "Actual Loops": 2275, "Index Cond": "(userid = v.userid)", "Rows Removed by Index Recheck": 0, "Filter": "(posthistorytypeid = 2)", "Rows Removed by Filter": 6, "Workers": []}]}]}]}]}, "Planning Time": 2.061, "Triggers": [], "Execution Time": 21.494}, {"Plan": {"Node Type": "Aggregate", "Strategy": "Plain", "Partial Mode": "Finalize", "Parallel Aware": false, "Async Capable": false, "Startup Cost": 6720.58, "Total Cost": 6720.59, "Plan Rows": 1, "Plan Width": 8, "Actual Rows": 1, "Actual Loops": 1, "Plans": [{"Node Type": "Gather", "Parent Relationship": "Outer", "Parallel Aware": false, "Async Capable": false, "Startup Cost": 6720.36, "Total Cost": 6720.57, "Plan Rows": 2, "Plan Width": 8, "Actual Rows": 3, "Actual Loops": 1, "Workers Planned": 2, "Workers Launched": 2, "Single Copy": false, "Plans": [{"Node Type": "Aggregate", "Strategy": "Plain", "Partial Mode": "Partial", "Parent Relationship": "Outer", "Parallel Aware": false, "Async Capable": false, "Startup Cost": 5720.36, "Total Cost": 5720.37, "Plan Rows": 1, "Plan Width": 8, "Actual Rows": 1, "Actual Loops": 3, "Workers": [], "Plans": [{"Node Type": "Nested Loop", "Parent Relationship": "Outer", "Parallel Aware": false, "Async Capable": false, "Join Type": "Inner", "Startup Cost": 1250.35, "Total Cost": 5543.71, "Plan Rows": 80.0, "Plan Width": 0, "Actual Rows": 2091, "Actual Loops": 3, "Inner Unique": false, "Join Filter": "(u.id = b.userid)", "Rows Removed by Join Filter": 0, "Workers": [], "Plans": [{"Node Type": "Nested Loop", "Parent Relationship": "Outer", "Parallel Aware": false, "Async Capable": false, "Join Type": "Inner", "Startup Cost": 1250.05, "Total Cost": 2001.32, "Plan Rows": 3.0, "Plan Width": 12, "Actual Rows": 430, "Actual Loops": 3, "Inner Unique": false, "Join Filter": "(ph.userid = u.id)", "Rows Removed by Join Filter": 0, "Workers": [], "Plans": [{"Node Type": "Merge Join", "Parent Relationship": "Outer", "Parallel Aware": false, "Async Capable": false, "Join Type": "Inner", "Startup Cost": 1249.63, "Total Cost": 1744.24, "Plan Rows": 20.0, "Plan Width": 8, "Actual Rows": 191, "Actual Loops": 3, "Inner Unique": true, "Merge Cond": "(v.userid = u.id)", "Workers": [], "Plans": [{"Node Type": "Index Only Scan", "Parent Relationship": "Outer", "Parallel Aware": true, "Async Capable": false, "Scan Direction": "Forward", "Index Name": "idx_votes_userid", "Relation Name": "votes", "Alias": "v", "Startup Cost": 0.42, "Total Cost": 4261.57, "Plan Rows": 136693, "Plan Width": 4, "Actual Rows": 11576, "Actual Loops": 3, "Heap Fetches": 0, "Workers": []}, {"Node Type": "Sort", "Parent Relationship": "Inner", "Parallel Aware": false, "Async Capable": false, "Startup Cost": 1249.21, "Total Cost": 1251.49, "Plan Rows": 913, "Plan Width": 4, "Actual Rows": 682, "Actual Loops": 3, "Sort Key": ["u.id"], "Sort Method": "quicksort", "Sort Space Used": 25, "Sort Space Type": "Memory", "Workers": [{"Worker Number": 0, "Sort Method": "quicksort", "Sort Space Used": 25, "Sort Space Type": "Memory"}, {"Worker Number": 1, "Sort Method": "quicksort", "Sort Space Used": 25, "Sort Space Type": "Memory"}], "Plans": [{"Node Type": "Seq Scan", "Parent Relationship": "Outer", "Parallel Aware": false, "Async Capable": false, "Relation Name": "users", "Alias": "u", "Startup Cost": 0.0, "Total Cost": 1204.31, "Plan Rows": 913, "Plan Width": 4, "Actual Rows": 924, "Actual Loops": 3, "Filter": "((downvotes >= 0) AND (upvotes >= 0) AND (upvotes <= 20000) AND (creationdate <= '2014-09-04 04:41:22'::timestamp without time zone) AND (views = 5))", "Rows Removed by Filter": 39401, "Workers": []}]}]}, {"Node Type": "Index Scan", "Parent Relationship": "Inner", "Parallel Aware": false, "Async Capable": false, "Scan Direction": "Forward", "Index Name": "idx_posthistory_userid", "Relation Name": "posthistory", "Alias": "ph", "Startup Cost": 0.42, "Total Cost": 0.73, "Plan Rows": 4, "Plan Width": 4, "Actual Rows": 2, "Actual Loops": 574, "Index Cond": "(userid = v.userid)", "Rows Removed by Index Recheck": 0, "Filter": "(posthistorytypeid = 2)", "Rows Removed by Filter": 5, "Workers": []}]}, {"Node Type": "Memoize", "Parent Relationship": "Inner", "Parallel Aware": false, "Async Capable": false, "Startup Cost": 0.3, "Total Cost": 0.38, "Plan Rows": 3, "Plan Width": 4, "Actual Rows": 5, "Actual Loops": 1291, "Cache Key": "v.userid", "Cache Mode": "logical", "Cache Hits": 1064, "Cache Misses": 144, "Cache Evictions": 0, "Cache Overflows": 0, "Peak Memory Usage": 31, "Workers": [{"Worker Number": 0, "Cache Hits": 15, "Cache Misses": 3, "Cache Evictions": 0, "Cache Overflows": 0, "Peak Memory Usage": 1}, {"Worker Number": 1, "Cache Hits": 58, "Cache Misses": 7, "Cache Evictions": 0, "Cache Overflows": 0, "Peak Memory Usage": 2}], "Plans": [{"Node Type": "Index Scan", "Parent Relationship": "Outer", "Parallel Aware": false, "Async Capable": false, "Scan Direction": "Forward", "Index Name": "idx_badges_userid", "Relation Name": "badges", "Alias": "b", "Startup Cost": 0.29, "Total Cost": 0.37, "Plan Rows": 3, "Plan Width": 4, "Actual Rows": 4, "Actual Loops": 154, "Index Cond": "(userid = v.userid)", "Rows Removed by Index Recheck": 0, "Filter": "((date >= '2010-07-19 19:39:10'::timestamp without time zone) AND (date <= '2014-09-05 18:37:48'::timestamp without time zone))", "Rows Removed by Filter": 0, "Workers": []}]}]}]}]}]}, "Planning Time": 2.505, "Triggers": [], "Execution Time": 26.273}, {"Plan": {"Node Type": "Aggregate", "Strategy": "Plain", "Partial Mode": "Finalize", "Parallel Aware": false, "Async Capable": false, "Startup Cost": 7814.78, "Total Cost": 7814.79, "Plan Rows": 1, "Plan Width": 8, "Actual Rows": 1, "Actual Loops": 1, "Plans": [{"Node Type": "Gather", "Parent Relationship": "Outer", "Parallel Aware": false, "Async Capable": false, "Startup Cost": 7814.67, "Total Cost": 7814.78, "Plan Rows": 1, "Plan Width": 8, "Actual Rows": 2, "Actual Loops": 1, "Workers Planned": 1, "Workers Launched": 1, "Single Copy": false, "Plans": [{"Node Type": "Aggregate", "Strategy": "Plain", "Partial Mode": "Partial", "Parent Relationship": "Outer", "Parallel Aware": false, "Async Capable": false, "Startup Cost": 6814.67, "Total Cost": 6814.68, "Plan Rows": 1, "Plan Width": 8, "Actual Rows": 1, "Actual Loops": 2, "Workers": [], "Plans": [{"Node Type": "Hash Join", "Parent Relationship": "Outer", "Parallel Aware": true, "Async Capable": false, "Join Type": "Inner", "Startup Cost": 1884.91, "Total Cost": 6565.28, "Plan Rows": 80.0, "Plan Width": 0, "Actual Rows": 3136, "Actual Loops": 2, "Inner Unique": false, "Hash Cond": "(ph.userid = u.id)", "Workers": [], "Plans": [{"Node Type": "Seq Scan", "Parent Relationship": "Outer", "Parallel Aware": true, "Async Capable": false, "Relation Name": "posthistory", "Alias": "ph", "Startup Cost": 0.0, "Total Cost": 4469.32, "Plan Rows": 54142, "Plan Width": 4, "Actual Rows": 45988, "Actual Loops": 2, "Filter": "(posthistorytypeid = 2)", "Rows Removed by Filter": 105606, "Workers": []}, {"Node Type": "Hash", "Parent Relationship": "Inner", "Parallel Aware": true, "Async Capable": false, "Startup Cost": 1876.89, "Total Cost": 1876.89, "Plan Rows": 646.0, "Plan Width": 12, "Actual Rows": 1138, "Actual Loops": 2, "Hash Buckets": 4096, "Original Hash Buckets": 2048, "Hash Batches": 1, "Original Hash Batches": 1, "Peak Memory Usage": 208, "Workers": [], "Plans": [{"Node Type": "Nested Loop", "Parent Relationship": "Outer", "Parallel Aware": false, "Async Capable": false, "Join Type": "Inner", "Startup Cost": 1249.92, "Total Cost": 1876.89, "Plan Rows": 646.0, "Plan Width": 12, "Actual Rows": 1138, "Actual Loops": 2, "Inner Unique": false, "Join Filter": "(u.id = b.userid)", "Rows Removed by Join Filter": 0, "Workers": [], "Plans": [{"Node Type": "Merge Join", "Parent Relationship": "Outer", "Parallel Aware": false, "Async Capable": false, "Join Type": "Inner", "Startup Cost": 1249.63, "Total Cost": 1744.24, "Plan Rows": 20.0, "Plan Width": 8, "Actual Rows": 287, "Actual Loops": 2, "Inner Unique": true, "Merge Cond": "(v.userid = u.id)", "Workers": [], "Plans": [{"Node Type": "Index Only Scan", "Parent Relationship": "Outer", "Parallel Aware": true, "Async Capable": false, "Scan Direction": "Forward", "Index Name": "idx_votes_userid", "Relation Name": "votes", "Alias": "v", "Startup Cost": 0.42, "Total Cost": 4261.57, "Plan Rows": 136693, "Plan Width": 4, "Actual Rows": 17364, "Actual Loops": 2, "Heap Fetches": 0, "Workers": []}, {"Node Type": "Sort", "Parent Relationship": "Inner", "Parallel Aware": false, "Async Capable": false, "Startup Cost": 1249.21, "Total Cost": 1251.49, "Plan Rows": 913, "Plan Width": 4, "Actual Rows": 598, "Actual Loops": 2, "Sort Key": ["u.id"], "Sort Method": "quicksort", "Sort Space Used": 25, "Sort Space Type": "Memory", "Workers": [{"Worker Number": 0, "Sort Method": "quicksort", "Sort Space Used": 25, "Sort Space Type": "Memory"}], "Plans": [{"Node Type": "Seq Scan", "Parent Relationship": "Outer", "Parallel Aware": false, "Async Capable": false, "Relation Name": "users", "Alias": "u", "Startup Cost": 0.0, "Total Cost": 1204.31, "Plan Rows": 913, "Plan Width": 4, "Actual Rows": 924, "Actual Loops": 2, "Filter": "((downvotes >= 0) AND (upvotes >= 0) AND (upvotes <= 20000) AND (creationdate <= '2014-09-04 04:41:22'::timestamp without time zone) AND (views = 5))", "Rows Removed by Filter": 39401, "Workers": []}]}]}, {"Node Type": "Index Scan", "Parent Relationship": "Inner", "Parallel Aware": false, "Async Capable": false, "Scan Direction": "Forward", "Index Name": "idx_badges_userid", "Relation Name": "badges", "Alias": "b", "Startup Cost": 0.29, "Total Cost": 0.37, "Plan Rows": 3, "Plan Width": 4, "Actual Rows": 4, "Actual Loops": 574, "Index Cond": "(userid = v.userid)", "Rows Removed by Index Recheck": 0, "Filter": "((date >= '2010-07-19 19:39:10'::timestamp without time zone) AND (date <= '2014-09-05 18:37:48'::timestamp without time zone))", "Rows Removed by Filter": 0, "Workers": []}]}]}]}]}]}]}, "Planning Time": 3.129, "Triggers": [], "Execution Time": 57.053}]