[{"Plan": {"Node Type": "Aggregate", "Strategy": "Plain", "Partial Mode": "Simple", "Parallel Aware": false, "Async Capable": false, "Startup Cost": 836.89, "Total Cost": 836.9, "Plan Rows": 1, "Plan Width": 8, "Actual Rows": 1, "Actual Loops": 1, "Plans": [{"Node Type": "Nested Loop", "Parent Relationship": "Outer", "Parallel Aware": false, "Async Capable": false, "Join Type": "Inner", "Startup Cost": 0.59, "Total Cost": 836.89, "Plan Rows": 1.0, "Plan Width": 0, "Actual Rows": 8, "Actual Loops": 1, "Inner Unique": false, "Join Filter": "(c.userid = u.id)", "Rows Removed by Join Filter": 0, "Plans": [{"Node Type": "Nested Loop", "Parent Relationship": "Outer", "Parallel Aware": false, "Async Capable": false, "Join Type": "Inner", "Startup Cost": 0.29, "Total Cost": 830.77, "Plan Rows": 1.0, "Plan Width": 8, "Actual Rows": 4, "Actual Loops": 1, "Inner Unique": false, "Plans": [{"Node Type": "Seq Scan", "Parent Relationship": "Outer", "Parallel Aware": false, "Async Capable": false, "Relation Name": "users", "Alias": "u", "Startup Cost": 0.0, "Total Cost": 801.06, "Plan Rows": 2, "Plan Width": 4, "Actual Rows": 1, "Actual Loops": 1, "Filter": "(reputation >= 66261)", "Rows Removed by Filter": 40324}, {"Node Type": "Index Scan", "Parent Relationship": "Inner", "Parallel Aware": false, "Async Capable": false, "Scan Direction": "Forward", "Index Name": "idx_posts_owneruserid", "Relation Name": "posts", "Alias": "p", "Startup Cost": 0.29, "Total Cost": 14.84, "Plan Rows": 1, "Plan Width": 4, "Actual Rows": 4, "Actual Loops": 1, "Index Cond": "(owneruserid = u.id)", "Rows Removed by Index Recheck": 0, "Filter": "((answercount <= 44) AND (commentcount >= 4) AND (commentcount <= 8) AND (favoritecount <= 112))", "Rows Removed by Filter": 1200}]}, {"Node Type": "Index Scan", "Parent Relationship": "Inner", "Parallel Aware": false, "Async Capable": false, "Scan Direction": "Forward", "Index Name": "idx_comments_userid", "Relation Name": "comments", "Alias": "c", "Startup Cost": 0.29, "Total Cost": 6.11, "Plan Rows": 1, "Plan Width": 4, "Actual Rows": 2, "Actual Loops": 4, "Index Cond": "(userid = p.owneruserid)", "Rows Removed by Index Recheck": 0, "Filter": "(score = 13)", "Rows Removed by Filter": 13218}]}]}, "Planning Time": 0.775, "Triggers": [], "Execution Time": 10.404}, {"Plan": {"Node Type": "Aggregate", "Strategy": "Plain", "Partial Mode": "Simple", "Parallel Aware": false, "Async Capable": false, "Startup Cost": 836.89, "Total Cost": 836.9, "Plan Rows": 1, "Plan Width": 8, "Actual Rows": 1, "Actual Loops": 1, "Plans": [{"Node Type": "Nested Loop", "Parent Relationship": "Outer", "Parallel Aware": false, "Async Capable": false, "Join Type": "Inner", "Startup Cost": 0.59, "Total Cost": 836.89, "Plan Rows": 1.0, "Plan Width": 0, "Actual Rows": 8, "Actual Loops": 1, "Inner Unique": false, "Join Filter": "(c.userid = u.id)", "Rows Removed by Join Filter": 0, "Plans": [{"Node Type": "Nested Loop", "Parent Relationship": "Outer", "Parallel Aware": false, "Async Capable": false, "Join Type": "Inner", "Startup Cost": 0.29, "Total Cost": 830.77, "Plan Rows": 1.0, "Plan Width": 8, "Actual Rows": 4, "Actual Loops": 1, "Inner Unique": false, "Plans": [{"Node Type": "Seq Scan", "Parent Relationship": "Outer", "Parallel Aware": false, "Async Capable": false, "Relation Name": "users", "Alias": "u", "Startup Cost": 0.0, "Total Cost": 801.06, "Plan Rows": 2, "Plan Width": 4, "Actual Rows": 1, "Actual Loops": 1, "Filter": "(reputation >= 66261)", "Rows Removed by Filter": 40324}, {"Node Type": "Index Scan", "Parent Relationship": "Inner", "Parallel Aware": false, "Async Capable": false, "Scan Direction": "Forward", "Index Name": "idx_posts_owneruserid", "Relation Name": "posts", "Alias": "p", "Startup Cost": 0.29, "Total Cost": 14.84, "Plan Rows": 1, "Plan Width": 4, "Actual Rows": 4, "Actual Loops": 1, "Index Cond": "(owneruserid = u.id)", "Rows Removed by Index Recheck": 0, "Filter": "((answercount <= 44) AND (commentcount >= 4) AND (commentcount <= 8) AND (favoritecount <= 112))", "Rows Removed by Filter": 1200}]}, {"Node Type": "Index Scan", "Parent Relationship": "Inner", "Parallel Aware": false, "Async Capable": false, "Scan Direction": "Forward", "Index Name": "idx_comments_userid", "Relation Name": "comments", "Alias": "c", "Startup Cost": 0.29, "Total Cost": 6.11, "Plan Rows": 1, "Plan Width": 4, "Actual Rows": 2, "Actual Loops": 4, "Index Cond": "(userid = p.owneruserid)", "Rows Removed by Index Recheck": 0, "Filter": "(score = 13)", "Rows Removed by Filter": 13218}]}]}, "Planning Time": 0.596, "Triggers": [], "Execution Time": 8.939}, {"Plan": {"Node Type": "Aggregate", "Strategy": "Plain", "Partial Mode": "Simple", "Parallel Aware": false, "Async Capable": false, "Startup Cost": 3587.02, "Total Cost": 3587.03, "Plan Rows": 1, "Plan Width": 8, "Actual Rows": 1, "Actual Loops": 1, "Plans": [{"Node Type": "Nested Loop", "Parent Relationship": "Outer", "Parallel Aware": false, "Async Capable": false, "Join Type": "Inner", "Startup Cost": 0.29, "Total Cost": 3587.02, "Plan Rows": 1.0, "Plan Width": 0, "Actual Rows": 8, "Actual Loops": 1, "Inner Unique": false, "Join Filter": "(p.owneruserid = u.id)", "Rows Removed by Join Filter": 5608, "Plans": [{"Node Type": "Seq Scan", "Parent Relationship": "Outer", "Parallel Aware": false, "Async Capable": false, "Relation Name": "posts", "Alias": "p", "Startup Cost": 0.0, "Total Cost": 2679.52, "Plan Rows": 1002, "Plan Width": 4, "Actual Rows": 2808, "Actual Loops": 1, "Filter": "((answercount <= 44) AND (commentcount >= 4) AND (commentcount <= 8) AND (favoritecount <= 112))", "Rows Removed by Filter": 89168}, {"Node Type": "Materialize", "Parent Relationship": "Inner", "Parallel Aware": false, "Async Capable": false, "Startup Cost": 0.29, "Total Cost": 892.47, "Plan Rows": 1.0, "Plan Width": 8, "Actual Rows": 2, "Actual Loops": 2808, "Plans": [{"Node Type": "Nested Loop", "Parent Relationship": "Outer", "Parallel Aware": false, "Async Capable": false, "Join Type": "Inner", "Startup Cost": 0.29, "Total Cost": 892.47, "Plan Rows": 1.0, "Plan Width": 8, "Actual Rows": 2, "Actual Loops": 1, "Inner Unique": false, "Plans": [{"Node Type": "Seq Scan", "Parent Relationship": "Outer", "Parallel Aware": false, "Async Capable": false, "Relation Name": "users", "Alias": "u", "Startup Cost": 0.0, "Total Cost": 801.06, "Plan Rows": 2, "Plan Width": 4, "Actual Rows": 1, "Actual Loops": 1, "Filter": "(reputation >= 66261)", "Rows Removed by Filter": 40324}, {"Node Type": "Index Scan", "Parent Relationship": "Inner", "Parallel Aware": false, "Async Capable": false, "Scan Direction": "Forward", "Index Name": "idx_comments_userid", "Relation Name": "comments", "Alias": "c", "Startup Cost": 0.29, "Total Cost": 45.69, "Plan Rows": 1, "Plan Width": 4, "Actual Rows": 2, "Actual Loops": 1, "Index Cond": "(userid = u.id)", "Rows Removed by Index Recheck": 0, "Filter": "(score = 13)", "Rows Removed by Filter": 13218}]}]}]}]}, "Planning Time": 0.728, "Triggers": [], "Execution Time": 18.52}, {"Plan": {"Node Type": "Aggregate", "Strategy": "Plain", "Partial Mode": "Simple", "Parallel Aware": false, "Async Capable": false, "Startup Cost": 906.73, "Total Cost": 906.74, "Plan Rows": 1, "Plan Width": 8, "Actual Rows": 1, "Actual Loops": 1, "Plans": [{"Node Type": "Nested Loop", "Parent Relationship": "Outer", "Parallel Aware": false, "Async Capable": false, "Join Type": "Inner", "Startup Cost": 0.59, "Total Cost": 906.73, "Plan Rows": 1.0, "Plan Width": 0, "Actual Rows": 8, "Actual Loops": 1, "Inner Unique": false, "Join Filter": "(p.owneruserid = u.id)", "Rows Removed by Join Filter": 0, "Plans": [{"Node Type": "Nested Loop", "Parent Relationship": "Outer", "Parallel Aware": false, "Async Capable": false, "Join Type": "Inner", "Startup Cost": 0.29, "Total Cost": 892.47, "Plan Rows": 1.0, "Plan Width": 8, "Actual Rows": 2, "Actual Loops": 1, "Inner Unique": false, "Plans": [{"Node Type": "Seq Scan", "Parent Relationship": "Outer", "Parallel Aware": false, "Async Capable": false, "Relation Name": "users", "Alias": "u", "Startup Cost": 0.0, "Total Cost": 801.06, "Plan Rows": 2, "Plan Width": 4, "Actual Rows": 1, "Actual Loops": 1, "Filter": "(reputation >= 66261)", "Rows Removed by Filter": 40324}, {"Node Type": "Index Scan", "Parent Relationship": "Inner", "Parallel Aware": false, "Async Capable": false, "Scan Direction": "Forward", "Index Name": "idx_comments_userid", "Relation Name": "comments", "Alias": "c", "Startup Cost": 0.29, "Total Cost": 45.69, "Plan Rows": 1, "Plan Width": 4, "Actual Rows": 2, "Actual Loops": 1, "Index Cond": "(userid = u.id)", "Rows Removed by Index Recheck": 0, "Filter": "(score = 13)", "Rows Removed by Filter": 13218}]}, {"Node Type": "Index Scan", "Parent Relationship": "Inner", "Parallel Aware": false, "Async Capable": false, "Scan Direction": "Forward", "Index Name": "idx_posts_owneruserid", "Relation Name": "posts", "Alias": "p", "Startup Cost": 0.29, "Total Cost": 14.24, "Plan Rows": 1, "Plan Width": 4, "Actual Rows": 4, "Actual Loops": 2, "Index Cond": "(owneruserid = c.userid)", "Rows Removed by Index Recheck": 0, "Filter": "((answercount <= 44) AND (commentcount >= 4) AND (commentcount <= 8) AND (favoritecount <= 112))", "Rows Removed by Filter": 1200}]}]}, "Planning Time": 0.639, "Triggers": [], "Execution Time": 4.77}, {"Plan": {"Node Type": "Aggregate", "Strategy": "Plain", "Partial Mode": "Simple", "Parallel Aware": false, "Async Capable": false, "Startup Cost": 4353.9, "Total Cost": 4353.91, "Plan Rows": 1, "Plan Width": 8, "Actual Rows": 1, "Actual Loops": 1, "Plans": [{"Node Type": "Nested Loop", "Parent Relationship": "Outer", "Parallel Aware": false, "Async Capable": false, "Join Type": "Inner", "Startup Cost": 0.29, "Total Cost": 4353.9, "Plan Rows": 1.0, "Plan Width": 0, "Actual Rows": 8, "Actual Loops": 1, "Inner Unique": false, "Join Filter": "(c.userid = u.id)", "Rows Removed by Join Filter": 68, "Plans": [{"Node Type": "Seq Scan", "Parent Relationship": "Outer", "Parallel Aware": false, "Async Capable": false, "Relation Name": "comments", "Alias": "c", "Startup Cost": 0.0, "Total Cost": 3522.81, "Plan Rows": 21, "Plan Width": 4, "Actual Rows": 19, "Actual Loops": 1, "Filter": "(score = 13)", "Rows Removed by Filter": 174286}, {"Node Type": "Materialize", "Parent Relationship": "Inner", "Parallel Aware": false, "Async Capable": false, "Startup Cost": 0.29, "Total Cost": 830.77, "Plan Rows": 1.0, "Plan Width": 8, "Actual Rows": 4, "Actual Loops": 19, "Plans": [{"Node Type": "Nested Loop", "Parent Relationship": "Outer", "Parallel Aware": false, "Async Capable": false, "Join Type": "Inner", "Startup Cost": 0.29, "Total Cost": 830.77, "Plan Rows": 1.0, "Plan Width": 8, "Actual Rows": 4, "Actual Loops": 1, "Inner Unique": false, "Plans": [{"Node Type": "Seq Scan", "Parent Relationship": "Outer", "Parallel Aware": false, "Async Capable": false, "Relation Name": "users", "Alias": "u", "Startup Cost": 0.0, "Total Cost": 801.06, "Plan Rows": 2, "Plan Width": 4, "Actual Rows": 1, "Actual Loops": 1, "Filter": "(reputation >= 66261)", "Rows Removed by Filter": 40324}, {"Node Type": "Index Scan", "Parent Relationship": "Inner", "Parallel Aware": false, "Async Capable": false, "Scan Direction": "Forward", "Index Name": "idx_posts_owneruserid", "Relation Name": "posts", "Alias": "p", "Startup Cost": 0.29, "Total Cost": 14.84, "Plan Rows": 1, "Plan Width": 4, "Actual Rows": 4, "Actual Loops": 1, "Index Cond": "(owneruserid = u.id)", "Rows Removed by Index Recheck": 0, "Filter": "((answercount <= 44) AND (commentcount >= 4) AND (commentcount <= 8) AND (favoritecount <= 112))", "Rows Removed by Filter": 1200}]}]}]}]}, "Planning Time": 0.822, "Triggers": [], "Execution Time": 20.72}, {"Plan": {"Node Type": "Aggregate", "Strategy": "Plain", "Partial Mode": "Simple", "Parallel Aware": false, "Async Capable": false, "Startup Cost": 3881.57, "Total Cost": 3881.58, "Plan Rows": 1, "Plan Width": 8, "Actual Rows": 1, "Actual Loops": 1, "Plans": [{"Node Type": "Gather", "Parent Relationship": "Outer", "Parallel Aware": false, "Async Capable": false, "Startup Cost": 1000.59, "Total Cost": 3881.57, "Plan Rows": 1, "Plan Width": 0, "Actual Rows": 8, "Actual Loops": 1, "Workers Planned": 1, "Workers Launched": 1, "Single Copy": false, "Plans": [{"Node Type": "Nested Loop", "Parent Relationship": "Outer", "Parallel Aware": false, "Async Capable": false, "Join Type": "Inner", "Startup Cost": 0.59, "Total Cost": 2881.47, "Plan Rows": 1.0, "Plan Width": 0, "Actual Rows": 4, "Actual Loops": 2, "Inner Unique": true, "Workers": [], "Plans": [{"Node Type": "Nested Loop", "Parent Relationship": "Outer", "Parallel Aware": false, "Async Capable": false, "Join Type": "Inner", "Startup Cost": 0.29, "Total Cost": 2796.69, "Plan Rows": 3.0, "Plan Width": 8, "Actual Rows": 18, "Actual Loops": 2, "Inner Unique": false, "Workers": [], "Plans": [{"Node Type": "Seq Scan", "Parent Relationship": "Outer", "Parallel Aware": true, "Async Capable": false, "Relation Name": "comments", "Alias": "c", "Startup Cost": 0.0, "Total Cost": 2625.65, "Plan Rows": 12, "Plan Width": 4, "Actual Rows": 10, "Actual Loops": 2, "Filter": "(score = 13)", "Rows Removed by Filter": 87143, "Workers": []}, {"Node Type": "Index Scan", "Parent Relationship": "Inner", "Parallel Aware": false, "Async Capable": false, "Scan Direction": "Forward", "Index Name": "idx_posts_owneruserid", "Relation Name": "posts", "Alias": "p", "Startup Cost": 0.29, "Total Cost": 14.24, "Plan Rows": 1, "Plan Width": 4, "Actual Rows": 2, "Actual Loops": 19, "Index Cond": "(owneruserid = c.userid)", "Rows Removed by Index Recheck": 0, "Filter": "((answercount <= 44) AND (commentcount >= 4) AND (commentcount <= 8) AND (favoritecount <= 112))", "Rows Removed by Filter": 324, "Workers": []}]}, {"Node Type": "Memoize", "Parent Relationship": "Inner", "Parallel Aware": false, "Async Capable": false, "Startup Cost": 0.3, "Total Cost": 1.96, "Plan Rows": 1, "Plan Width": 4, "Actual Rows": 0, "Actual Loops": 35, "Cache Key": "p.owneruserid", "Cache Mode": "logical", "Cache Hits": 24, "Cache Misses": 7, "Cache Evictions": 0, "Cache Overflows": 0, "Peak Memory Usage": 1, "Workers": [{"Worker Number": 0, "Cache Hits": 2, "Cache Misses": 2, "Cache Evictions": 0, "Cache Overflows": 0, "Peak Memory Usage": 1}], "Plans": [{"Node Type": "Index Scan", "Parent Relationship": "Outer", "Parallel Aware": false, "Async Capable": false, "Scan Direction": "Forward", "Index Name": "users_pkey", "Relation Name": "users", "Alias": "u", "Startup Cost": 0.29, "Total Cost": 1.95, "Plan Rows": 1, "Plan Width": 4, "Actual Rows": 0, "Actual Loops": 9, "Index Cond": "(id = p.owneruserid)", "Rows Removed by Index Recheck": 0, "Filter": "(reputation >= 66261)", "Rows Removed by Filter": 1, "Workers": []}]}]}]}]}, "Planning Time": 0.84, "Triggers": [], "Execution Time": 19.225}, {"Plan": {"Node Type": "Aggregate", "Strategy": "Plain", "Partial Mode": "Simple", "Parallel Aware": false, "Async Capable": false, "Startup Cost": 4625.56, "Total Cost": 4625.57, "Plan Rows": 1, "Plan Width": 8, "Actual Rows": 1, "Actual Loops": 1, "Plans": [{"Node Type": "Nested Loop", "Parent Relationship": "Outer", "Parallel Aware": false, "Async Capable": false, "Join Type": "Inner", "Startup Cost": 0.29, "Total Cost": 4625.56, "Plan Rows": 1.0, "Plan Width": 0, "Actual Rows": 8, "Actual Loops": 1, "Inner Unique": false, "Join Filter": "(p.owneruserid = u.id)", "Rows Removed by Join Filter": 27, "Plans": [{"Node Type": "Seq Scan", "Parent Relationship": "Outer", "Parallel Aware": false, "Async Capable": false, "Relation Name": "users", "Alias": "u", "Startup Cost": 0.0, "Total Cost": 801.06, "Plan Rows": 2, "Plan Width": 4, "Actual Rows": 1, "Actual Loops": 1, "Filter": "(reputation >= 66261)", "Rows Removed by Filter": 40324}, {"Node Type": "Materialize", "Parent Relationship": "Inner", "Parallel Aware": false, "Async Capable": false, "Startup Cost": 0.29, "Total Cost": 3822.49, "Plan Rows": 3.0, "Plan Width": 8, "Actual Rows": 35, "Actual Loops": 1, "Plans": [{"Node Type": "Nested Loop", "Parent Relationship": "Outer", "Parallel Aware": false, "Async Capable": false, "Join Type": "Inner", "Startup Cost": 0.29, "Total Cost": 3822.12, "Plan Rows": 3.0, "Plan Width": 8, "Actual Rows": 35, "Actual Loops": 1, "Inner Unique": false, "Plans": [{"Node Type": "Seq Scan", "Parent Relationship": "Outer", "Parallel Aware": false, "Async Capable": false, "Relation Name": "comments", "Alias": "c", "Startup Cost": 0.0, "Total Cost": 3522.81, "Plan Rows": 21, "Plan Width": 4, "Actual Rows": 19, "Actual Loops": 1, "Filter": "(score = 13)", "Rows Removed by Filter": 174286}, {"Node Type": "Index Scan", "Parent Relationship": "Inner", "Parallel Aware": false, "Async Capable": false, "Scan Direction": "Forward", "Index Name": "idx_posts_owneruserid", "Relation Name": "posts", "Alias": "p", "Startup Cost": 0.29, "Total Cost": 14.24, "Plan Rows": 1, "Plan Width": 4, "Actual Rows": 2, "Actual Loops": 19, "Index Cond": "(owneruserid = c.userid)", "Rows Removed by Index Recheck": 0, "Filter": "((answercount <= 44) AND (commentcount >= 4) AND (commentcount <= 8) AND (favoritecount <= 112))", "Rows Removed by Filter": 324}]}]}]}]}, "Planning Time": 0.847, "Triggers": [], "Execution Time": 23.275}, {"Plan": {"Node Type": "Aggregate", "Strategy": "Plain", "Partial Mode": "Simple", "Parallel Aware": false, "Async Capable": false, "Startup Cost": 3712.8, "Total Cost": 3712.81, "Plan Rows": 1, "Plan Width": 8, "Actual Rows": 1, "Actual Loops": 1, "Plans": [{"Node Type": "Nested Loop", "Parent Relationship": "Outer", "Parallel Aware": false, "Async Capable": false, "Join Type": "Inner", "Startup Cost": 0.58, "Total Cost": 3712.8, "Plan Rows": 1.0, "Plan Width": 0, "Actual Rows": 8, "Actual Loops": 1, "Inner Unique": false, "Join Filter": "(p.owneruserid = u.id)", "Rows Removed by Join Filter": 0, "Plans": [{"Node Type": "Nested Loop", "Parent Relationship": "Outer", "Parallel Aware": false, "Async Capable": false, "Join Type": "Inner", "Startup Cost": 0.29, "Total Cost": 3698.54, "Plan Rows": 1.0, "Plan Width": 8, "Actual Rows": 2, "Actual Loops": 1, "Inner Unique": true, "Plans": [{"Node Type": "Seq Scan", "Parent Relationship": "Outer", "Parallel Aware": false, "Async Capable": false, "Relation Name": "comments", "Alias": "c", "Startup Cost": 0.0, "Total Cost": 3522.81, "Plan Rows": 21, "Plan Width": 4, "Actual Rows": 19, "Actual Loops": 1, "Filter": "(score = 13)", "Rows Removed by Filter": 174286}, {"Node Type": "Index Scan", "Parent Relationship": "Inner", "Parallel Aware": false, "Async Capable": false, "Scan Direction": "Forward", "Index Name": "users_pkey", "Relation Name": "users", "Alias": "u", "Startup Cost": 0.29, "Total Cost": 8.12, "Plan Rows": 1, "Plan Width": 4, "Actual Rows": 0, "Actual Loops": 19, "Index Cond": "(id = c.userid)", "Rows Removed by Index Recheck": 0, "Filter": "(reputation >= 66261)", "Rows Removed by Filter": 1}]}, {"Node Type": "Index Scan", "Parent Relationship": "Inner", "Parallel Aware": false, "Async Capable": false, "Scan Direction": "Forward", "Index Name": "idx_posts_owneruserid", "Relation Name": "posts", "Alias": "p", "Startup Cost": 0.29, "Total Cost": 14.24, "Plan Rows": 1, "Plan Width": 4, "Actual Rows": 4, "Actual Loops": 2, "Index Cond": "(owneruserid = c.userid)", "Rows Removed by Index Recheck": 0, "Filter": "((answercount <= 44) AND (commentcount >= 4) AND (commentcount <= 8) AND (favoritecount <= 112))", "Rows Removed by Filter": 1200}]}]}, "Planning Time": 0.785, "Triggers": [], "Execution Time": 13.431}]