[{"Plan": {"Node Type": "Aggregate", "Strategy": "Plain", "Partial Mode": "Simple", "Parallel Aware": false, "Async Capable": false, "Startup Cost": 4255.46, "Total Cost": 4255.47, "Plan Rows": 1, "Plan Width": 8, "Actual Rows": 1, "Actual Loops": 1, "Plans": [{"Node Type": "Nested Loop", "Parent Relationship": "Outer", "Parallel Aware": false, "Async Capable": false, "Join Type": "Inner", "Startup Cost": 1046.09, "Total Cost": 4253.1, "Plan Rows": 2.0, "Plan Width": 0, "Actual Rows": 11065, "Actual Loops": 1, "Inner Unique": false, "Plans": [{"Node Type": "Nested Loop", "Parent Relationship": "Outer", "Parallel Aware": false, "Async Capable": false, "Join Type": "Inner", "Startup Cost": 1045.67, "Total Cost": 4220.95, "Plan Rows": 29.0, "Plan Width": 12, "Actual Rows": 793, "Actual Loops": 1, "Inner Unique": false, "Plans": [{"Node Type": "Hash Join", "Parent Relationship": "Outer", "Parallel Aware": false, "Async Capable": false, "Join Type": "Inner", "Startup Cost": 1045.38, "Total Cost": 4185.83, "Plan Rows": 4.0, "Plan Width": 8, "Actual Rows": 249, "Actual Loops": 1, "Inner Unique": true, "Hash Cond": "(p.owneruserid = u.id)", "Plans": [{"Node Type": "Seq Scan", "Parent Relationship": "Outer", "Parallel Aware": false, "Async Capable": false, "Relation Name": "posts", "Alias": "p", "Startup Cost": 0.0, "Total Cost": 3139.4, "Plan Rows": 403, "Plan Width": 4, "Actual Rows": 1452, "Actual Loops": 1, "Filter": "((answercount <= 24) AND (commentcount >= 5) AND (commentcount <= 39) AND (favoritecount >= 0) AND (favoritecount <= 41) AND (creationdate <= '2013-04-24 14:14:30'::timestamp without time zone))", "Rows Removed by Filter": 90524}, {"Node Type": "Hash", "Parent Relationship": "Inner", "Parallel Aware": false, "Async Capable": false, "Startup Cost": 1002.69, "Total Cost": 1002.69, "Plan Rows": 3415, "Plan Width": 4, "Actual Rows": 3427, "Actual Loops": 1, "Hash Buckets": 4096, "Original Hash Buckets": 4096, "Hash Batches": 1, "Original Hash Batches": 1, "Peak Memory Usage": 153, "Plans": [{"Node Type": "Seq Scan", "Parent Relationship": "Outer", "Parallel Aware": false, "Async Capable": false, "Relation Name": "users", "Alias": "u", "Startup Cost": 0.0, "Total Cost": 1002.69, "Plan Rows": 3415, "Plan Width": 4, "Actual Rows": 3427, "Actual Loops": 1, "Filter": "((reputation <= 55697) AND (creationdate >= '2012-04-04 17:03:17'::timestamp without time zone) AND (creationdate <= '2012-09-28 19:54:20'::timestamp without time zone))", "Rows Removed by Filter": 36898}]}]}, {"Node Type": "Index Scan", "Parent Relationship": "Inner", "Parallel Aware": false, "Async Capable": false, "Scan Direction": "Forward", "Index Name": "idx_badges_userid", "Relation Name": "badges", "Alias": "b", "Startup Cost": 0.29, "Total Cost": 1.02, "Plan Rows": 1, "Plan Width": 4, "Actual Rows": 3, "Actual Loops": 249, "Index Cond": "(userid = u.id)", "Rows Removed by Index Recheck": 0, "Filter": "((date >= '2013-05-09 03:24:59'::timestamp without time zone) AND (date <= '2014-07-13 10:22:34'::timestamp without time zone))", "Rows Removed by Filter": 8}]}, {"Node Type": "Index Scan", "Parent Relationship": "Inner", "Parallel Aware": false, "Async Capable": false, "Scan Direction": "Forward", "Index Name": "idx_posthistory_userid", "Relation Name": "posthistory", "Alias": "ph", "Startup Cost": 0.42, "Total Cost": 1.06, "Plan Rows": 1, "Plan Width": 4, "Actual Rows": 14, "Actual Loops": 793, "Index Cond": "(userid = b.userid)", "Rows Removed by Index Recheck": 0, "Filter": "((creationdate >= '2012-06-09 08:35:51'::timestamp without time zone) AND (creationdate <= '2013-10-28 21:28:29'::timestamp without time zone) AND (posthistorytypeid = 1))", "Rows Removed by Filter": 354}]}]}, "Planning Time": 1.962, "Triggers": [], "Execution Time": 63.574}, {"Plan": {"Node Type": "Aggregate", "Strategy": "Plain", "Partial Mode": "Simple", "Parallel Aware": false, "Async Capable": false, "Startup Cost": 6097.93, "Total Cost": 6097.94, "Plan Rows": 1, "Plan Width": 8, "Actual Rows": 1, "Actual Loops": 1, "Plans": [{"Node Type": "Hash Join", "Parent Relationship": "Outer", "Parallel Aware": false, "Async Capable": false, "Join Type": "Inner", "Startup Cost": 4323.14, "Total Cost": 6095.57, "Plan Rows": 2.0, "Plan Width": 0, "Actual Rows": 11065, "Actual Loops": 1, "Inner Unique": false, "Hash Cond": "(b.userid = u.id)", "Plans": [{"Node Type": "Seq Scan", "Parent Relationship": "Outer", "Parallel Aware": false, "Async Capable": false, "Relation Name": "badges", "Alias": "b", "Startup Cost": 0.0, "Total Cost": 1629.76, "Plan Rows": 35526, "Plan Width": 4, "Actual Rows": 35524, "Actual Loops": 1, "Filter": "((date >= '2013-05-09 03:24:59'::timestamp without time zone) AND (date <= '2014-07-13 10:22:34'::timestamp without time zone))", "Rows Removed by Filter": 44327}, {"Node Type": "Hash", "Parent Relationship": "Inner", "Parallel Aware": false, "Async Capable": false, "Startup Cost": 4309.76, "Total Cost": 4309.76, "Plan Rows": 1.0, "Plan Width": 12, "Actual Rows": 1622, "Actual Loops": 1, "Hash Buckets": 2048, "Original Hash Buckets": 2048, "Hash Batches": 1, "Original Hash Batches": 1, "Peak Memory Usage": 86, "Plans": [{"Node Type": "Nested Loop", "Parent Relationship": "Outer", "Parallel Aware": false, "Async Capable": false, "Join Type": "Inner", "Startup Cost": 1045.8, "Total Cost": 4309.76, "Plan Rows": 1.0, "Plan Width": 12, "Actual Rows": 1622, "Actual Loops": 1, "Inner Unique": false, "Plans": [{"Node Type": "Hash Join", "Parent Relationship": "Outer", "Parallel Aware": false, "Async Capable": false, "Join Type": "Inner", "Startup Cost": 1045.38, "Total Cost": 4185.83, "Plan Rows": 4.0, "Plan Width": 8, "Actual Rows": 249, "Actual Loops": 1, "Inner Unique": true, "Hash Cond": "(p.owneruserid = u.id)", "Plans": [{"Node Type": "Seq Scan", "Parent Relationship": "Outer", "Parallel Aware": false, "Async Capable": false, "Relation Name": "posts", "Alias": "p", "Startup Cost": 0.0, "Total Cost": 3139.4, "Plan Rows": 403, "Plan Width": 4, "Actual Rows": 1452, "Actual Loops": 1, "Filter": "((answercount <= 24) AND (commentcount >= 5) AND (commentcount <= 39) AND (favoritecount >= 0) AND (favoritecount <= 41) AND (creationdate <= '2013-04-24 14:14:30'::timestamp without time zone))", "Rows Removed by Filter": 90524}, {"Node Type": "Hash", "Parent Relationship": "Inner", "Parallel Aware": false, "Async Capable": false, "Startup Cost": 1002.69, "Total Cost": 1002.69, "Plan Rows": 3415, "Plan Width": 4, "Actual Rows": 3427, "Actual Loops": 1, "Hash Buckets": 4096, "Original Hash Buckets": 4096, "Hash Batches": 1, "Original Hash Batches": 1, "Peak Memory Usage": 153, "Plans": [{"Node Type": "Seq Scan", "Parent Relationship": "Outer", "Parallel Aware": false, "Async Capable": false, "Relation Name": "users", "Alias": "u", "Startup Cost": 0.0, "Total Cost": 1002.69, "Plan Rows": 3415, "Plan Width": 4, "Actual Rows": 3427, "Actual Loops": 1, "Filter": "((reputation <= 55697) AND (creationdate >= '2012-04-04 17:03:17'::timestamp without time zone) AND (creationdate <= '2012-09-28 19:54:20'::timestamp without time zone))", "Rows Removed by Filter": 36898}]}]}, {"Node Type": "Index Scan", "Parent Relationship": "Inner", "Parallel Aware": false, "Async Capable": false, "Scan Direction": "Forward", "Index Name": "idx_posthistory_userid", "Relation Name": "posthistory", "Alias": "ph", "Startup Cost": 0.42, "Total Cost": 3.63, "Plan Rows": 1, "Plan Width": 4, "Actual Rows": 7, "Actual Loops": 249, "Index Cond": "(userid = u.id)", "Rows Removed by Index Recheck": 0, "Filter": "((creationdate >= '2012-06-09 08:35:51'::timestamp without time zone) AND (creationdate <= '2013-10-28 21:28:29'::timestamp without time zone) AND (posthistorytypeid = 1))", "Rows Removed by Filter": 83}]}]}]}]}, "Planning Time": 1.792, "Triggers": [], "Execution Time": 35.212}, {"Plan": {"Node Type": "Aggregate", "Strategy": "Plain", "Partial Mode": "Simple", "Parallel Aware": false, "Async Capable": false, "Startup Cost": 4859.55, "Total Cost": 4859.56, "Plan Rows": 1, "Plan Width": 8, "Actual Rows": 1, "Actual Loops": 1, "Plans": [{"Node Type": "Nested Loop", "Parent Relationship": "Outer", "Parallel Aware": false, "Async Capable": false, "Join Type": "Inner", "Startup Cost": 1046.09, "Total Cost": 4857.19, "Plan Rows": 2.0, "Plan Width": 0, "Actual Rows": 11065, "Actual Loops": 1, "Inner Unique": false, "Join Filter": "(u.id = b.userid)", "Rows Removed by Join Filter": 0, "Plans": [{"Node Type": "Nested Loop", "Parent Relationship": "Outer", "Parallel Aware": false, "Async Capable": false, "Join Type": "Inner", "Startup Cost": 1045.8, "Total Cost": 4309.76, "Plan Rows": 1.0, "Plan Width": 12, "Actual Rows": 1622, "Actual Loops": 1, "Inner Unique": false, "Plans": [{"Node Type": "Hash Join", "Parent Relationship": "Outer", "Parallel Aware": false, "Async Capable": false, "Join Type": "Inner", "Startup Cost": 1045.38, "Total Cost": 4185.83, "Plan Rows": 4.0, "Plan Width": 8, "Actual Rows": 249, "Actual Loops": 1, "Inner Unique": true, "Hash Cond": "(p.owneruserid = u.id)", "Plans": [{"Node Type": "Seq Scan", "Parent Relationship": "Outer", "Parallel Aware": false, "Async Capable": false, "Relation Name": "posts", "Alias": "p", "Startup Cost": 0.0, "Total Cost": 3139.4, "Plan Rows": 403, "Plan Width": 4, "Actual Rows": 1452, "Actual Loops": 1, "Filter": "((answercount <= 24) AND (commentcount >= 5) AND (commentcount <= 39) AND (favoritecount >= 0) AND (favoritecount <= 41) AND (creationdate <= '2013-04-24 14:14:30'::timestamp without time zone))", "Rows Removed by Filter": 90524}, {"Node Type": "Hash", "Parent Relationship": "Inner", "Parallel Aware": false, "Async Capable": false, "Startup Cost": 1002.69, "Total Cost": 1002.69, "Plan Rows": 3415, "Plan Width": 4, "Actual Rows": 3427, "Actual Loops": 1, "Hash Buckets": 4096, "Original Hash Buckets": 4096, "Hash Batches": 1, "Original Hash Batches": 1, "Peak Memory Usage": 153, "Plans": [{"Node Type": "Seq Scan", "Parent Relationship": "Outer", "Parallel Aware": false, "Async Capable": false, "Relation Name": "users", "Alias": "u", "Startup Cost": 0.0, "Total Cost": 1002.69, "Plan Rows": 3415, "Plan Width": 4, "Actual Rows": 3427, "Actual Loops": 1, "Filter": "((reputation <= 55697) AND (creationdate >= '2012-04-04 17:03:17'::timestamp without time zone) AND (creationdate <= '2012-09-28 19:54:20'::timestamp without time zone))", "Rows Removed by Filter": 36898}]}]}, {"Node Type": "Index Scan", "Parent Relationship": "Inner", "Parallel Aware": false, "Async Capable": false, "Scan Direction": "Forward", "Index Name": "idx_posthistory_userid", "Relation Name": "posthistory", "Alias": "ph", "Startup Cost": 0.42, "Total Cost": 3.63, "Plan Rows": 1, "Plan Width": 4, "Actual Rows": 7, "Actual Loops": 249, "Index Cond": "(userid = u.id)", "Rows Removed by Index Recheck": 0, "Filter": "((creationdate >= '2012-06-09 08:35:51'::timestamp without time zone) AND (creationdate <= '2013-10-28 21:28:29'::timestamp without time zone) AND (posthistorytypeid = 1))", "Rows Removed by Filter": 83}]}, {"Node Type": "Index Scan", "Parent Relationship": "Inner", "Parallel Aware": false, "Async Capable": false, "Scan Direction": "Forward", "Index Name": "idx_badges_userid", "Relation Name": "badges", "Alias": "b", "Startup Cost": 0.29, "Total Cost": 0.5, "Plan Rows": 1, "Plan Width": 4, "Actual Rows": 7, "Actual Loops": 1622, "Index Cond": "(userid = ph.userid)", "Rows Removed by Index Recheck": 0, "Filter": "((date >= '2013-05-09 03:24:59'::timestamp without time zone) AND (date <= '2014-07-13 10:22:34'::timestamp without time zone))", "Rows Removed by Filter": 12}]}]}, "Planning Time": 1.713, "Triggers": [], "Execution Time": 30.342}, {"Plan": {"Node Type": "Aggregate", "Strategy": "Plain", "Partial Mode": "Simple", "Parallel Aware": false, "Async Capable": false, "Startup Cost": 22772.88, "Total Cost": 22772.89, "Plan Rows": 1, "Plan Width": 8, "Actual Rows": 1, "Actual Loops": 1, "Plans": [{"Node Type": "Hash Join", "Parent Relationship": "Outer", "Parallel Aware": false, "Async Capable": false, "Join Type": "Inner", "Startup Cost": 19419.24, "Total Cost": 22770.52, "Plan Rows": 2.0, "Plan Width": 0, "Actual Rows": 11065, "Actual Loops": 1, "Inner Unique": false, "Hash Cond": "(u.id = b.userid)", "Plans": [{"Node Type": "Hash Join", "Parent Relationship": "Outer", "Parallel Aware": false, "Async Capable": false, "Join Type": "Inner", "Startup Cost": 1045.38, "Total Cost": 4185.83, "Plan Rows": 4.0, "Plan Width": 8, "Actual Rows": 249, "Actual Loops": 1, "Inner Unique": true, "Hash Cond": "(p.owneruserid = u.id)", "Plans": [{"Node Type": "Seq Scan", "Parent Relationship": "Outer", "Parallel Aware": false, "Async Capable": false, "Relation Name": "posts", "Alias": "p", "Startup Cost": 0.0, "Total Cost": 3139.4, "Plan Rows": 403, "Plan Width": 4, "Actual Rows": 1452, "Actual Loops": 1, "Filter": "((answercount <= 24) AND (commentcount >= 5) AND (commentcount <= 39) AND (favoritecount >= 0) AND (favoritecount <= 41) AND (creationdate <= '2013-04-24 14:14:30'::timestamp without time zone))", "Rows Removed by Filter": 90524}, {"Node Type": "Hash", "Parent Relationship": "Inner", "Parallel Aware": false, "Async Capable": false, "Startup Cost": 1002.69, "Total Cost": 1002.69, "Plan Rows": 3415, "Plan Width": 4, "Actual Rows": 3427, "Actual Loops": 1, "Hash Buckets": 4096, "Original Hash Buckets": 4096, "Hash Batches": 1, "Original Hash Batches": 1, "Peak Memory Usage": 153, "Plans": [{"Node Type": "Seq Scan", "Parent Relationship": "Outer", "Parallel Aware": false, "Async Capable": false, "Relation Name": "users", "Alias": "u", "Startup Cost": 0.0, "Total Cost": 1002.69, "Plan Rows": 3415, "Plan Width": 4, "Actual Rows": 3427, "Actual Loops": 1, "Filter": "((reputation <= 55697) AND (creationdate >= '2012-04-04 17:03:17'::timestamp without time zone) AND (creationdate <= '2012-09-28 19:54:20'::timestamp without time zone))", "Rows Removed by Filter": 36898}]}]}, {"Node Type": "Hash", "Parent Relationship": "Inner", "Parallel Aware": false, "Async Capable": false, "Startup Cost": 13618.23, "Total Cost": 13618.23, "Plan Rows": 489.0, "Plan Width": 8, "Actual Rows": 64738, "Actual Loops": 1, "Hash Buckets": 524288, "Original Hash Buckets": 524288, "Hash Batches": 1, "Original Hash Batches": 1, "Peak Memory Usage": 6625, "Plans": [{"Node Type": "Nested Loop", "Parent Relationship": "Outer", "Parallel Aware": false, "Async Capable": false, "Join Type": "Inner", "Startup Cost": 0.3, "Total Cost": 13618.23, "Plan Rows": 489.0, "Plan Width": 8, "Actual Rows": 64738, "Actual Loops": 1, "Inner Unique": false, "Plans": [{"Node Type": "Seq Scan", "Parent Relationship": "Outer", "Parallel Aware": false, "Async Capable": false, "Relation Name": "posthistory", "Alias": "ph", "Startup Cost": 0.0, "Total Cost": 7545.77, "Plan Rows": 16330, "Plan Width": 4, "Actual Rows": 15721, "Actual Loops": 1, "Filter": "((creationdate >= '2012-06-09 08:35:51'::timestamp without time zone) AND (creationdate <= '2013-10-28 21:28:29'::timestamp without time zone) AND (posthistorytypeid = 1))", "Rows Removed by Filter": 287466}, {"Node Type": "Memoize", "Parent Relationship": "Inner", "Parallel Aware": false, "Async Capable": false, "Startup Cost": 0.3, "Total Cost": 0.51, "Plan Rows": 1, "Plan Width": 4, "Actual Rows": 4, "Actual Loops": 15721, "Cache Key": "ph.userid", "Cache Mode": "logical", "Cache Hits": 7601, "Cache Misses": 8120, "Cache Evictions": 0, "Cache Overflows": 0, "Peak Memory Usage": 1084, "Plans": [{"Node Type": "Index Scan", "Parent Relationship": "Outer", "Parallel Aware": false, "Async Capable": false, "Scan Direction": "Forward", "Index Name": "idx_badges_userid", "Relation Name": "badges", "Alias": "b", "Startup Cost": 0.29, "Total Cost": 0.5, "Plan Rows": 1, "Plan Width": 4, "Actual Rows": 2, "Actual Loops": 8120, "Index Cond": "(userid = ph.userid)", "Rows Removed by Index Recheck": 0, "Filter": "((date >= '2013-05-09 03:24:59'::timestamp without time zone) AND (date <= '2014-07-13 10:22:34'::timestamp without time zone))", "Rows Removed by Filter": 3}]}]}]}]}]}, "Planning Time": 2.946, "Triggers": [], "Execution Time": 161.881}, {"Plan": {"Node Type": "Aggregate", "Strategy": "Plain", "Partial Mode": "Finalize", "Parallel Aware": false, "Async Capable": false, "Startup Cost": 10657.81, "Total Cost": 10657.82, "Plan Rows": 1, "Plan Width": 8, "Actual Rows": 1, "Actual Loops": 1, "Plans": [{"Node Type": "Gather", "Parent Relationship": "Outer", "Parallel Aware": false, "Async Capable": false, "Startup Cost": 10657.69, "Total Cost": 10657.8, "Plan Rows": 1, "Plan Width": 8, "Actual Rows": 2, "Actual Loops": 1, "Workers Planned": 1, "Workers Launched": 1, "Single Copy": false, "Plans": [{"Node Type": "Aggregate", "Strategy": "Plain", "Partial Mode": "Partial", "Parent Relationship": "Outer", "Parallel Aware": false, "Async Capable": false, "Startup Cost": 9657.69, "Total Cost": 9657.7, "Plan Rows": 1, "Plan Width": 8, "Actual Rows": 1, "Actual Loops": 2, "Workers": [], "Plans": [{"Node Type": "Hash Join", "Parent Relationship": "Outer", "Parallel Aware": false, "Async Capable": false, "Join Type": "Inner", "Startup Cost": 4221.33, "Total Cost": 9656.31, "Plan Rows": 2.0, "Plan Width": 0, "Actual Rows": 5532, "Actual Loops": 2, "Inner Unique": false, "Hash Cond": "(ph.userid = b.userid)", "Workers": [], "Plans": [{"Node Type": "Seq Scan", "Parent Relationship": "Outer", "Parallel Aware": true, "Async Capable": false, "Relation Name": "posthistory", "Alias": "ph", "Startup Cost": 0.0, "Total Cost": 5361.04, "Plan Rows": 9606, "Plan Width": 4, "Actual Rows": 7860, "Actual Loops": 2, "Filter": "((creationdate >= '2012-06-09 08:35:51'::timestamp without time zone) AND (creationdate <= '2013-10-28 21:28:29'::timestamp without time zone) AND (posthistorytypeid = 1))", "Rows Removed by Filter": 143733, "Workers": []}, {"Node Type": "Hash", "Parent Relationship": "Inner", "Parallel Aware": false, "Async Capable": false, "Startup Cost": 4220.95, "Total Cost": 4220.95, "Plan Rows": 29.0, "Plan Width": 12, "Actual Rows": 793, "Actual Loops": 2, "Hash Buckets": 1024, "Original Hash Buckets": 1024, "Hash Batches": 1, "Original Hash Batches": 1, "Peak Memory Usage": 43, "Workers": [], "Plans": [{"Node Type": "Nested Loop", "Parent Relationship": "Outer", "Parallel Aware": false, "Async Capable": false, "Join Type": "Inner", "Startup Cost": 1045.67, "Total Cost": 4220.95, "Plan Rows": 29.0, "Plan Width": 12, "Actual Rows": 793, "Actual Loops": 2, "Inner Unique": false, "Workers": [], "Plans": [{"Node Type": "Hash Join", "Parent Relationship": "Outer", "Parallel Aware": false, "Async Capable": false, "Join Type": "Inner", "Startup Cost": 1045.38, "Total Cost": 4185.83, "Plan Rows": 4.0, "Plan Width": 8, "Actual Rows": 249, "Actual Loops": 2, "Inner Unique": true, "Hash Cond": "(p.owneruserid = u.id)", "Workers": [], "Plans": [{"Node Type": "Seq Scan", "Parent Relationship": "Outer", "Parallel Aware": false, "Async Capable": false, "Relation Name": "posts", "Alias": "p", "Startup Cost": 0.0, "Total Cost": 3139.4, "Plan Rows": 403, "Plan Width": 4, "Actual Rows": 1452, "Actual Loops": 2, "Filter": "((answercount <= 24) AND (commentcount >= 5) AND (commentcount <= 39) AND (favoritecount >= 0) AND (favoritecount <= 41) AND (creationdate <= '2013-04-24 14:14:30'::timestamp without time zone))", "Rows Removed by Filter": 90524, "Workers": []}, {"Node Type": "Hash", "Parent Relationship": "Inner", "Parallel Aware": false, "Async Capable": false, "Startup Cost": 1002.69, "Total Cost": 1002.69, "Plan Rows": 3415, "Plan Width": 4, "Actual Rows": 3427, "Actual Loops": 2, "Hash Buckets": 4096, "Original Hash Buckets": 4096, "Hash Batches": 1, "Original Hash Batches": 1, "Peak Memory Usage": 153, "Workers": [], "Plans": [{"Node Type": "Seq Scan", "Parent Relationship": "Outer", "Parallel Aware": false, "Async Capable": false, "Relation Name": "users", "Alias": "u", "Startup Cost": 0.0, "Total Cost": 1002.69, "Plan Rows": 3415, "Plan Width": 4, "Actual Rows": 3427, "Actual Loops": 2, "Filter": "((reputation <= 55697) AND (creationdate >= '2012-04-04 17:03:17'::timestamp without time zone) AND (creationdate <= '2012-09-28 19:54:20'::timestamp without time zone))", "Rows Removed by Filter": 36898, "Workers": []}]}]}, {"Node Type": "Index Scan", "Parent Relationship": "Inner", "Parallel Aware": false, "Async Capable": false, "Scan Direction": "Forward", "Index Name": "idx_badges_userid", "Relation Name": "badges", "Alias": "b", "Startup Cost": 0.29, "Total Cost": 1.02, "Plan Rows": 1, "Plan Width": 4, "Actual Rows": 3, "Actual Loops": 498, "Index Cond": "(userid = u.id)", "Rows Removed by Index Recheck": 0, "Filter": "((date >= '2013-05-09 03:24:59'::timestamp without time zone) AND (date <= '2014-07-13 10:22:34'::timestamp without time zone))", "Rows Removed by Filter": 8, "Workers": []}]}]}]}]}]}]}, "Planning Time": 4.415, "Triggers": [], "Execution Time": 67.207}, {"Plan": {"Node Type": "Aggregate", "Strategy": "Plain", "Partial Mode": "Simple", "Parallel Aware": false, "Async Capable": false, "Startup Cost": 16517.38, "Total Cost": 16517.39, "Plan Rows": 1, "Plan Width": 8, "Actual Rows": 1, "Actual Loops": 1, "Plans": [{"Node Type": "Merge Join", "Parent Relationship": "Outer", "Parallel Aware": false, "Async Capable": false, "Join Type": "Inner", "Startup Cost": 4360.72, "Total Cost": 16515.02, "Plan Rows": 2.0, "Plan Width": 0, "Actual Rows": 11065, "Actual Loops": 1, "Inner Unique": false, "Merge Cond": "(u.id = b.userid)", "Plans": [{"Node Type": "Sort", "Parent Relationship": "Outer", "Parallel Aware": false, "Async Capable": false, "Startup Cost": 1203.11, "Total Cost": 1211.65, "Plan Rows": 3415, "Plan Width": 4, "Actual Rows": 3427, "Actual Loops": 1, "Sort Key": ["u.id"], "Sort Method": "quicksort", "Sort Space Used": 97, "Sort Space Type": "Memory", "Plans": [{"Node Type": "Seq Scan", "Parent Relationship": "Outer", "Parallel Aware": false, "Async Capable": false, "Relation Name": "users", "Alias": "u", "Startup Cost": 0.0, "Total Cost": 1002.69, "Plan Rows": 3415, "Plan Width": 4, "Actual Rows": 3427, "Actual Loops": 1, "Filter": "((reputation <= 55697) AND (creationdate >= '2012-04-04 17:03:17'::timestamp without time zone) AND (creationdate <= '2012-09-28 19:54:20'::timestamp without time zone))", "Rows Removed by Filter": 36898}]}, {"Node Type": "Materialize", "Parent Relationship": "Inner", "Parallel Aware": false, "Async Capable": false, "Startup Cost": 3157.61, "Total Cost": 14558.65, "Plan Rows": 36.0, "Plan Width": 12, "Actual Rows": 93758, "Actual Loops": 1, "Plans": [{"Node Type": "Nested Loop", "Parent Relationship": "Outer", "Parallel Aware": false, "Async Capable": false, "Join Type": "Inner", "Startup Cost": 3157.61, "Total Cost": 14008.74, "Plan Rows": 36.0, "Plan Width": 12, "Actual Rows": 93758, "Actual Loops": 1, "Inner Unique": false, "Join Filter": "(ph.userid = b.userid)", "Rows Removed by Join Filter": 0, "Plans": [{"Node Type": "Merge Join", "Parent Relationship": "Outer", "Parallel Aware": false, "Async Capable": false, "Join Type": "Inner", "Startup Cost": 3157.18, "Total Cost": 6613.74, "Plan Rows": 1445.0, "Plan Width": 8, "Actual Rows": 9153, "Actual Loops": 1, "Inner Unique": false, "Merge Cond": "(b.userid = p.owneruserid)", "Plans": [{"Node Type": "Index Scan", "Parent Relationship": "Outer", "Parallel Aware": false, "Async Capable": false, "Scan Direction": "Forward", "Index Name": "idx_badges_userid", "Relation Name": "badges", "Alias": "b", "Startup Cost": 0.29, "Total Cost": 3264.6, "Plan Rows": 35526, "Plan Width": 4, "Actual Rows": 13434, "Actual Loops": 1, "Filter": "((date >= '2013-05-09 03:24:59'::timestamp without time zone) AND (date <= '2014-07-13 10:22:34'::timestamp without time zone))", "Rows Removed by Filter": 39790}, {"Node Type": "Sort", "Parent Relationship": "Inner", "Parallel Aware": false, "Async Capable": false, "Startup Cost": 3156.84, "Total Cost": 3157.85, "Plan Rows": 403, "Plan Width": 4, "Actual Rows": 9468, "Actual Loops": 1, "Sort Key": ["p.owneruserid"], "Sort Method": "quicksort", "Sort Space Used": 49, "Sort Space Type": "Memory", "Plans": [{"Node Type": "Seq Scan", "Parent Relationship": "Outer", "Parallel Aware": false, "Async Capable": false, "Relation Name": "posts", "Alias": "p", "Startup Cost": 0.0, "Total Cost": 3139.4, "Plan Rows": 403, "Plan Width": 4, "Actual Rows": 1452, "Actual Loops": 1, "Filter": "((answercount <= 24) AND (commentcount >= 5) AND (commentcount <= 39) AND (favoritecount >= 0) AND (favoritecount <= 41) AND (creationdate <= '2013-04-24 14:14:30'::timestamp without time zone))", "Rows Removed by Filter": 90524}]}]}, {"Node Type": "Memoize", "Parent Relationship": "Inner", "Parallel Aware": false, "Async Capable": false, "Startup Cost": 0.43, "Total Cost": 17.98, "Plan Rows": 1, "Plan Width": 4, "Actual Rows": 10, "Actual Loops": 9153, "Cache Key": "p.owneruserid", "Cache Mode": "logical", "Cache Hits": 8400, "Cache Misses": 753, "Cache Evictions": 0, "Cache Overflows": 0, "Peak Memory Usage": 158, "Plans": [{"Node Type": "Index Scan", "Parent Relationship": "Outer", "Parallel Aware": false, "Async Capable": false, "Scan Direction": "Forward", "Index Name": "idx_posthistory_userid", "Relation Name": "posthistory", "Alias": "ph", "Startup Cost": 0.42, "Total Cost": 17.97, "Plan Rows": 1, "Plan Width": 4, "Actual Rows": 4, "Actual Loops": 753, "Index Cond": "(userid = p.owneruserid)", "Rows Removed by Index Recheck": 0, "Filter": "((creationdate >= '2012-06-09 08:35:51'::timestamp without time zone) AND (creationdate <= '2013-10-28 21:28:29'::timestamp without time zone) AND (posthistorytypeid = 1))", "Rows Removed by Filter": 95}]}]}]}]}]}, "Planning Time": 2.534, "Triggers": [], "Execution Time": 148.051}, {"Plan": {"Node Type": "Aggregate", "Strategy": "Plain", "Partial Mode": "Simple", "Parallel Aware": false, "Async Capable": false, "Startup Cost": 6608.96, "Total Cost": 6608.97, "Plan Rows": 1, "Plan Width": 8, "Actual Rows": 1, "Actual Loops": 1, "Plans": [{"Node Type": "Nested Loop", "Parent Relationship": "Outer", "Parallel Aware": false, "Async Capable": false, "Join Type": "Inner", "Startup Cost": 1046.09, "Total Cost": 6606.6, "Plan Rows": 2.0, "Plan Width": 0, "Actual Rows": 11065, "Actual Loops": 1, "Inner Unique": false, "Plans": [{"Node Type": "Nested Loop", "Parent Relationship": "Outer", "Parallel Aware": false, "Async Capable": false, "Join Type": "Inner", "Startup Cost": 1045.8, "Total Cost": 5992.3, "Plan Rows": 15.0, "Plan Width": 12, "Actual Rows": 10974, "Actual Loops": 1, "Inner Unique": false, "Plans": [{"Node Type": "Hash Join", "Parent Relationship": "Outer", "Parallel Aware": false, "Async Capable": false, "Join Type": "Inner", "Startup Cost": 1045.38, "Total Cost": 2768.41, "Plan Rows": 302.0, "Plan Width": 8, "Actual Rows": 2126, "Actual Loops": 1, "Inner Unique": true, "Hash Cond": "(b.userid = u.id)", "Plans": [{"Node Type": "Seq Scan", "Parent Relationship": "Outer", "Parallel Aware": false, "Async Capable": false, "Relation Name": "badges", "Alias": "b", "Startup Cost": 0.0, "Total Cost": 1629.76, "Plan Rows": 35526, "Plan Width": 4, "Actual Rows": 35524, "Actual Loops": 1, "Filter": "((date >= '2013-05-09 03:24:59'::timestamp without time zone) AND (date <= '2014-07-13 10:22:34'::timestamp without time zone))", "Rows Removed by Filter": 44327}, {"Node Type": "Hash", "Parent Relationship": "Inner", "Parallel Aware": false, "Async Capable": false, "Startup Cost": 1002.69, "Total Cost": 1002.69, "Plan Rows": 3415, "Plan Width": 4, "Actual Rows": 3427, "Actual Loops": 1, "Hash Buckets": 4096, "Original Hash Buckets": 4096, "Hash Batches": 1, "Original Hash Batches": 1, "Peak Memory Usage": 153, "Plans": [{"Node Type": "Seq Scan", "Parent Relationship": "Outer", "Parallel Aware": false, "Async Capable": false, "Relation Name": "users", "Alias": "u", "Startup Cost": 0.0, "Total Cost": 1002.69, "Plan Rows": 3415, "Plan Width": 4, "Actual Rows": 3427, "Actual Loops": 1, "Filter": "((reputation <= 55697) AND (creationdate >= '2012-04-04 17:03:17'::timestamp without time zone) AND (creationdate <= '2012-09-28 19:54:20'::timestamp without time zone))", "Rows Removed by Filter": 36898}]}]}, {"Node Type": "Index Scan", "Parent Relationship": "Inner", "Parallel Aware": false, "Async Capable": false, "Scan Direction": "Forward", "Index Name": "idx_posthistory_userid", "Relation Name": "posthistory", "Alias": "ph", "Startup Cost": 0.42, "Total Cost": 1.06, "Plan Rows": 1, "Plan Width": 4, "Actual Rows": 5, "Actual Loops": 2126, "Index Cond": "(userid = b.userid)", "Rows Removed by Index Recheck": 0, "Filter": "((creationdate >= '2012-06-09 08:35:51'::timestamp without time zone) AND (creationdate <= '2013-10-28 21:28:29'::timestamp without time zone) AND (posthistorytypeid = 1))", "Rows Removed by Filter": 58}]}, {"Node Type": "Index Scan", "Parent Relationship": "Inner", "Parallel Aware": false, "Async Capable": false, "Scan Direction": "Forward", "Index Name": "idx_posts_owneruserid", "Relation Name": "posts", "Alias": "p", "Startup Cost": 0.29, "Total Cost": 0.53, "Plan Rows": 1, "Plan Width": 4, "Actual Rows": 1, "Actual Loops": 10974, "Index Cond": "(owneruserid = b.userid)", "Rows Removed by Index Recheck": 0, "Filter": "((answercount <= 24) AND (commentcount >= 5) AND (commentcount <= 39) AND (favoritecount >= 0) AND (favoritecount <= 41) AND (creationdate <= '2013-04-24 14:14:30'::timestamp without time zone))", "Rows Removed by Filter": 62}]}]}, "Planning Time": 2.438, "Triggers": [], "Execution Time": 188.612}, {"Plan": {"Node Type": "Aggregate", "Strategy": "Plain", "Partial Mode": "Simple", "Parallel Aware": false, "Async Capable": false, "Startup Cost": 14499.9, "Total Cost": 14499.91, "Plan Rows": 1, "Plan Width": 8, "Actual Rows": 1, "Actual Loops": 1, "Plans": [{"Node Type": "Merge Join", "Parent Relationship": "Outer", "Parallel Aware": false, "Async Capable": false, "Join Type": "Inner", "Startup Cost": 14204.22, "Total Cost": 14497.54, "Plan Rows": 2.0, "Plan Width": 0, "Actual Rows": 11065, "Actual Loops": 1, "Inner Unique": false, "Merge Cond": "(b.userid = p.owneruserid)", "Plans": [{"Node Type": "Sort", "Parent Relationship": "Outer", "Parallel Aware": false, "Async Capable": false, "Startup Cost": 2942.25, "Total Cost": 2949.78, "Plan Rows": 302.0, "Plan Width": 8, "Actual Rows": 2126, "Actual Loops": 1, "Sort Key": ["u.id"], "Sort Method": "quicksort", "Sort Space Used": 163, "Sort Space Type": "Memory", "Plans": [{"Node Type": "Hash Join", "Parent Relationship": "Outer", "Parallel Aware": false, "Async Capable": false, "Join Type": "Inner", "Startup Cost": 1045.38, "Total Cost": 2768.41, "Plan Rows": 302.0, "Plan Width": 8, "Actual Rows": 2126, "Actual Loops": 1, "Inner Unique": true, "Hash Cond": "(b.userid = u.id)", "Plans": [{"Node Type": "Seq Scan", "Parent Relationship": "Outer", "Parallel Aware": false, "Async Capable": false, "Relation Name": "badges", "Alias": "b", "Startup Cost": 0.0, "Total Cost": 1629.76, "Plan Rows": 35526, "Plan Width": 4, "Actual Rows": 35524, "Actual Loops": 1, "Filter": "((date >= '2013-05-09 03:24:59'::timestamp without time zone) AND (date <= '2014-07-13 10:22:34'::timestamp without time zone))", "Rows Removed by Filter": 44327}, {"Node Type": "Hash", "Parent Relationship": "Inner", "Parallel Aware": false, "Async Capable": false, "Startup Cost": 1002.69, "Total Cost": 1002.69, "Plan Rows": 3415, "Plan Width": 4, "Actual Rows": 3427, "Actual Loops": 1, "Hash Buckets": 4096, "Original Hash Buckets": 4096, "Hash Batches": 1, "Original Hash Batches": 1, "Peak Memory Usage": 153, "Plans": [{"Node Type": "Seq Scan", "Parent Relationship": "Outer", "Parallel Aware": false, "Async Capable": false, "Relation Name": "users", "Alias": "u", "Startup Cost": 0.0, "Total Cost": 1002.69, "Plan Rows": 3415, "Plan Width": 4, "Actual Rows": 3427, "Actual Loops": 1, "Filter": "((reputation <= 55697) AND (creationdate >= '2012-04-04 17:03:17'::timestamp without time zone) AND (creationdate <= '2012-09-28 19:54:20'::timestamp without time zone))", "Rows Removed by Filter": 36898}]}]}]}, {"Node Type": "Sort", "Parent Relationship": "Inner", "Parallel Aware": false, "Async Capable": false, "Startup Cost": 11261.78, "Total Cost": 11293.88, "Plan Rows": 3.0, "Plan Width": 8, "Actual Rows": 16152, "Actual Loops": 1, "Sort Key": ["ph.userid"], "Sort Method": "quicksort", "Sort Space Used": 401, "Sort Space Type": "Memory", "Plans": [{"Node Type": "Nested Loop", "Parent Relationship": "Outer", "Parallel Aware": false, "Async Capable": false, "Join Type": "Inner", "Startup Cost": 0.42, "Total Cost": 10385.55, "Plan Rows": 3.0, "Plan Width": 8, "Actual Rows": 6686, "Actual Loops": 1, "Inner Unique": false, "Plans": [{"Node Type": "Seq Scan", "Parent Relationship": "Outer", "Parallel Aware": false, "Async Capable": false, "Relation Name": "posts", "Alias": "p", "Startup Cost": 0.0, "Total Cost": 3139.4, "Plan Rows": 403, "Plan Width": 4, "Actual Rows": 1452, "Actual Loops": 1, "Filter": "((answercount <= 24) AND (commentcount >= 5) AND (commentcount <= 39) AND (favoritecount >= 0) AND (favoritecount <= 41) AND (creationdate <= '2013-04-24 14:14:30'::timestamp without time zone))", "Rows Removed by Filter": 90524}, {"Node Type": "Index Scan", "Parent Relationship": "Inner", "Parallel Aware": false, "Async Capable": false, "Scan Direction": "Forward", "Index Name": "idx_posthistory_userid", "Relation Name": "posthistory", "Alias": "ph", "Startup Cost": 0.42, "Total Cost": 17.97, "Plan Rows": 1, "Plan Width": 4, "Actual Rows": 5, "Actual Loops": 1452, "Index Cond": "(userid = p.owneruserid)", "Rows Removed by Index Recheck": 0, "Filter": "((creationdate >= '2012-06-09 08:35:51'::timestamp without time zone) AND (creationdate <= '2013-10-28 21:28:29'::timestamp without time zone) AND (posthistorytypeid = 1))", "Rows Removed by Filter": 138}]}]}]}]}, "Planning Time": 2.89, "Triggers": [], "Execution Time": 127.273}, {"Plan": {"Node Type": "Aggregate", "Strategy": "Plain", "Partial Mode": "Finalize", "Parallel Aware": false, "Async Capable": false, "Startup Cost": 8181.39, "Total Cost": 8181.4, "Plan Rows": 1, "Plan Width": 8, "Actual Rows": 1, "Actual Loops": 1, "Plans": [{"Node Type": "Gather", "Parent Relationship": "Outer", "Parallel Aware": false, "Async Capable": false, "Startup Cost": 8181.28, "Total Cost": 8181.39, "Plan Rows": 1, "Plan Width": 8, "Actual Rows": 2, "Actual Loops": 1, "Workers Planned": 1, "Workers Launched": 1, "Single Copy": false, "Plans": [{"Node Type": "Aggregate", "Strategy": "Plain", "Partial Mode": "Partial", "Parent Relationship": "Outer", "Parallel Aware": false, "Async Capable": false, "Startup Cost": 7181.28, "Total Cost": 7181.29, "Plan Rows": 1, "Plan Width": 8, "Actual Rows": 1, "Actual Loops": 2, "Workers": [], "Plans": [{"Node Type": "Nested Loop", "Parent Relationship": "Outer", "Parallel Aware": false, "Async Capable": false, "Join Type": "Inner", "Startup Cost": 1045.96, "Total Cost": 7179.89, "Plan Rows": 2.0, "Plan Width": 0, "Actual Rows": 5532, "Actual Loops": 2, "Inner Unique": false, "Workers": [], "Plans": [{"Node Type": "Nested Loop", "Parent Relationship": "Outer", "Parallel Aware": false, "Async Capable": false, "Join Type": "Inner", "Startup Cost": 1045.67, "Total Cost": 6818.57, "Plan Rows": 15.0, "Plan Width": 12, "Actual Rows": 5487, "Actual Loops": 2, "Inner Unique": false, "Join Filter": "(u.id = b.userid)", "Rows Removed by Join Filter": 0, "Workers": [], "Plans": [{"Node Type": "Hash Join", "Parent Relationship": "Outer", "Parallel Aware": false, "Async Capable": false, "Join Type": "Inner", "Startup Cost": 1045.38, "Total Cost": 6431.63, "Plan Rows": 2.0, "Plan Width": 8, "Actual Rows": 1616, "Actual Loops": 2, "Inner Unique": true, "Hash Cond": "(ph.userid = u.id)", "Workers": [], "Plans": [{"Node Type": "Seq Scan", "Parent Relationship": "Outer", "Parallel Aware": true, "Async Capable": false, "Relation Name": "posthistory", "Alias": "ph", "Startup Cost": 0.0, "Total Cost": 5361.04, "Plan Rows": 9606, "Plan Width": 4, "Actual Rows": 7860, "Actual Loops": 2, "Filter": "((creationdate >= '2012-06-09 08:35:51'::timestamp without time zone) AND (creationdate <= '2013-10-28 21:28:29'::timestamp without time zone) AND (posthistorytypeid = 1))", "Rows Removed by Filter": 143733, "Workers": []}, {"Node Type": "Hash", "Parent Relationship": "Inner", "Parallel Aware": false, "Async Capable": false, "Startup Cost": 1002.69, "Total Cost": 1002.69, "Plan Rows": 3415, "Plan Width": 4, "Actual Rows": 3427, "Actual Loops": 2, "Hash Buckets": 4096, "Original Hash Buckets": 4096, "Hash Batches": 1, "Original Hash Batches": 1, "Peak Memory Usage": 153, "Workers": [], "Plans": [{"Node Type": "Seq Scan", "Parent Relationship": "Outer", "Parallel Aware": false, "Async Capable": false, "Relation Name": "users", "Alias": "u", "Startup Cost": 0.0, "Total Cost": 1002.69, "Plan Rows": 3415, "Plan Width": 4, "Actual Rows": 3427, "Actual Loops": 2, "Filter": "((reputation <= 55697) AND (creationdate >= '2012-04-04 17:03:17'::timestamp without time zone) AND (creationdate <= '2012-09-28 19:54:20'::timestamp without time zone))", "Rows Removed by Filter": 36898, "Workers": []}]}]}, {"Node Type": "Index Scan", "Parent Relationship": "Inner", "Parallel Aware": false, "Async Capable": false, "Scan Direction": "Forward", "Index Name": "idx_badges_userid", "Relation Name": "badges", "Alias": "b", "Startup Cost": 0.29, "Total Cost": 0.5, "Plan Rows": 1, "Plan Width": 4, "Actual Rows": 3, "Actual Loops": 3232, "Index Cond": "(userid = ph.userid)", "Rows Removed by Index Recheck": 0, "Filter": "((date >= '2013-05-09 03:24:59'::timestamp without time zone) AND (date <= '2014-07-13 10:22:34'::timestamp without time zone))", "Rows Removed by Filter": 6, "Workers": []}]}, {"Node Type": "Index Scan", "Parent Relationship": "Inner", "Parallel Aware": false, "Async Capable": false, "Scan Direction": "Forward", "Index Name": "idx_posts_owneruserid", "Relation Name": "posts", "Alias": "p", "Startup Cost": 0.29, "Total Cost": 0.53, "Plan Rows": 1, "Plan Width": 4, "Actual Rows": 1, "Actual Loops": 10974, "Index Cond": "(owneruserid = b.userid)", "Rows Removed by Index Recheck": 0, "Filter": "((answercount <= 24) AND (commentcount >= 5) AND (commentcount <= 39) AND (favoritecount >= 0) AND (favoritecount <= 41) AND (creationdate <= '2013-04-24 14:14:30'::timestamp without time zone))", "Rows Removed by Filter": 62, "Workers": []}]}]}]}]}, "Planning Time": 3.235, "Triggers": [], "Execution Time": 159.918}, {"Plan": {"Node Type": "Aggregate", "Strategy": "Plain", "Partial Mode": "Simple", "Parallel Aware": false, "Async Capable": false, "Startup Cost": 12869.56, "Total Cost": 12869.57, "Plan Rows": 1, "Plan Width": 8, "Actual Rows": 1, "Actual Loops": 1, "Plans": [{"Node Type": "Hash Join", "Parent Relationship": "Outer", "Parallel Aware": false, "Async Capable": false, "Join Type": "Inner", "Startup Cost": 7576.71, "Total Cost": 12867.2, "Plan Rows": 2.0, "Plan Width": 0, "Actual Rows": 11065, "Actual Loops": 1, "Inner Unique": false, "Hash Cond": "(b.userid = u.id)", "Plans": [{"Node Type": "Nested Loop", "Parent Relationship": "Outer", "Parallel Aware": false, "Async Capable": false, "Join Type": "Inner", "Startup Cost": 0.29, "Total Cost": 5262.69, "Plan Rows": 1445.0, "Plan Width": 8, "Actual Rows": 9260, "Actual Loops": 1, "Inner Unique": false, "Plans": [{"Node Type": "Seq Scan", "Parent Relationship": "Outer", "Parallel Aware": false, "Async Capable": false, "Relation Name": "posts", "Alias": "p", "Startup Cost": 0.0, "Total Cost": 3139.4, "Plan Rows": 403, "Plan Width": 4, "Actual Rows": 1452, "Actual Loops": 1, "Filter": "((answercount <= 24) AND (commentcount >= 5) AND (commentcount <= 39) AND (favoritecount >= 0) AND (favoritecount <= 41) AND (creationdate <= '2013-04-24 14:14:30'::timestamp without time zone))", "Rows Removed by Filter": 90524}, {"Node Type": "Index Scan", "Parent Relationship": "Inner", "Parallel Aware": false, "Async Capable": false, "Scan Direction": "Forward", "Index Name": "idx_badges_userid", "Relation Name": "badges", "Alias": "b", "Startup Cost": 0.29, "Total Cost": 5.26, "Plan Rows": 1, "Plan Width": 4, "Actual Rows": 6, "Actual Loops": 1452, "Index Cond": "(userid = p.owneruserid)", "Rows Removed by Index Recheck": 0, "Filter": "((date >= '2013-05-09 03:24:59'::timestamp without time zone) AND (date <= '2014-07-13 10:22:34'::timestamp without time zone))", "Rows Removed by Filter": 15}]}, {"Node Type": "Hash", "Parent Relationship": "Inner", "Parallel Aware": false, "Async Capable": false, "Startup Cost": 7560.33, "Total Cost": 7560.33, "Plan Rows": 2.0, "Plan Width": 8, "Actual Rows": 3232, "Actual Loops": 1, "Hash Buckets": 4096, "Original Hash Buckets": 2048, "Hash Batches": 1, "Original Hash Batches": 1, "Peak Memory Usage": 159, "Plans": [{"Node Type": "Gather", "Parent Relationship": "Outer", "Parallel Aware": false, "Async Capable": false, "Startup Cost": 2045.38, "Total Cost": 7560.33, "Plan Rows": 1287, "Plan Width": 8, "Actual Rows": 3232, "Actual Loops": 1, "Workers Planned": 1, "Workers Launched": 1, "Single Copy": false, "Plans": [{"Node Type": "Hash Join", "Parent Relationship": "Outer", "Parallel Aware": false, "Async Capable": false, "Join Type": "Inner", "Startup Cost": 1045.38, "Total Cost": 6431.63, "Plan Rows": 2.0, "Plan Width": 8, "Actual Rows": 1616, "Actual Loops": 2, "Inner Unique": true, "Hash Cond": "(ph.userid = u.id)", "Workers": [], "Plans": [{"Node Type": "Seq Scan", "Parent Relationship": "Outer", "Parallel Aware": true, "Async Capable": false, "Relation Name": "posthistory", "Alias": "ph", "Startup Cost": 0.0, "Total Cost": 5361.04, "Plan Rows": 9606, "Plan Width": 4, "Actual Rows": 7860, "Actual Loops": 2, "Filter": "((creationdate >= '2012-06-09 08:35:51'::timestamp without time zone) AND (creationdate <= '2013-10-28 21:28:29'::timestamp without time zone) AND (posthistorytypeid = 1))", "Rows Removed by Filter": 143733, "Workers": []}, {"Node Type": "Hash", "Parent Relationship": "Inner", "Parallel Aware": false, "Async Capable": false, "Startup Cost": 1002.69, "Total Cost": 1002.69, "Plan Rows": 3415, "Plan Width": 4, "Actual Rows": 3427, "Actual Loops": 2, "Hash Buckets": 4096, "Original Hash Buckets": 4096, "Hash Batches": 1, "Original Hash Batches": 1, "Peak Memory Usage": 153, "Workers": [], "Plans": [{"Node Type": "Seq Scan", "Parent Relationship": "Outer", "Parallel Aware": false, "Async Capable": false, "Relation Name": "users", "Alias": "u", "Startup Cost": 0.0, "Total Cost": 1002.69, "Plan Rows": 3415, "Plan Width": 4, "Actual Rows": 3427, "Actual Loops": 2, "Filter": "((reputation <= 55697) AND (creationdate >= '2012-04-04 17:03:17'::timestamp without time zone) AND (creationdate <= '2012-09-28 19:54:20'::timestamp without time zone))", "Rows Removed by Filter": 36898, "Workers": []}]}]}]}]}]}]}, "Planning Time": 2.722, "Triggers": [], "Execution Time": 85.937}, {"Plan": {"Node Type": "Aggregate", "Strategy": "Plain", "Partial Mode": "Simple", "Parallel Aware": false, "Async Capable": false, "Startup Cost": 14549.09, "Total Cost": 14549.1, "Plan Rows": 1, "Plan Width": 8, "Actual Rows": 1, "Actual Loops": 1, "Plans": [{"Node Type": "Merge Join", "Parent Relationship": "Outer", "Parallel Aware": false, "Async Capable": false, "Join Type": "Inner", "Startup Cost": 14204.18, "Total Cost": 14546.73, "Plan Rows": 2.0, "Plan Width": 0, "Actual Rows": 11065, "Actual Loops": 1, "Inner Unique": false, "Merge Cond": "(p.owneruserid = b.userid)", "Plans": [{"Node Type": "Sort", "Parent Relationship": "Outer", "Parallel Aware": false, "Async Capable": false, "Startup Cost": 11261.78, "Total Cost": 11293.88, "Plan Rows": 3.0, "Plan Width": 8, "Actual Rows": 6638, "Actual Loops": 1, "Sort Key": ["ph.userid"], "Sort Method": "quicksort", "Sort Space Used": 401, "Sort Space Type": "Memory", "Plans": [{"Node Type": "Nested Loop", "Parent Relationship": "Outer", "Parallel Aware": false, "Async Capable": false, "Join Type": "Inner", "Startup Cost": 0.42, "Total Cost": 10385.55, "Plan Rows": 3.0, "Plan Width": 8, "Actual Rows": 6686, "Actual Loops": 1, "Inner Unique": false, "Plans": [{"Node Type": "Seq Scan", "Parent Relationship": "Outer", "Parallel Aware": false, "Async Capable": false, "Relation Name": "posts", "Alias": "p", "Startup Cost": 0.0, "Total Cost": 3139.4, "Plan Rows": 403, "Plan Width": 4, "Actual Rows": 1452, "Actual Loops": 1, "Filter": "((answercount <= 24) AND (commentcount >= 5) AND (commentcount <= 39) AND (favoritecount >= 0) AND (favoritecount <= 41) AND (creationdate <= '2013-04-24 14:14:30'::timestamp without time zone))", "Rows Removed by Filter": 90524}, {"Node Type": "Index Scan", "Parent Relationship": "Inner", "Parallel Aware": false, "Async Capable": false, "Scan Direction": "Forward", "Index Name": "idx_posthistory_userid", "Relation Name": "posthistory", "Alias": "ph", "Startup Cost": 0.42, "Total Cost": 17.97, "Plan Rows": 1, "Plan Width": 4, "Actual Rows": 5, "Actual Loops": 1452, "Index Cond": "(userid = p.owneruserid)", "Rows Removed by Index Recheck": 0, "Filter": "((creationdate >= '2012-06-09 08:35:51'::timestamp without time zone) AND (creationdate <= '2013-10-28 21:28:29'::timestamp without time zone) AND (posthistorytypeid = 1))", "Rows Removed by Filter": 138}]}]}, {"Node Type": "Sort", "Parent Relationship": "Inner", "Parallel Aware": false, "Async Capable": false, "Startup Cost": 2942.25, "Total Cost": 2949.78, "Plan Rows": 302.0, "Plan Width": 8, "Actual Rows": 12770, "Actual Loops": 1, "Sort Key": ["u.id"], "Sort Method": "quicksort", "Sort Space Used": 163, "Sort Space Type": "Memory", "Plans": [{"Node Type": "Hash Join", "Parent Relationship": "Outer", "Parallel Aware": false, "Async Capable": false, "Join Type": "Inner", "Startup Cost": 1045.38, "Total Cost": 2768.41, "Plan Rows": 302.0, "Plan Width": 8, "Actual Rows": 2126, "Actual Loops": 1, "Inner Unique": true, "Hash Cond": "(b.userid = u.id)", "Plans": [{"Node Type": "Seq Scan", "Parent Relationship": "Outer", "Parallel Aware": false, "Async Capable": false, "Relation Name": "badges", "Alias": "b", "Startup Cost": 0.0, "Total Cost": 1629.76, "Plan Rows": 35526, "Plan Width": 4, "Actual Rows": 35524, "Actual Loops": 1, "Filter": "((date >= '2013-05-09 03:24:59'::timestamp without time zone) AND (date <= '2014-07-13 10:22:34'::timestamp without time zone))", "Rows Removed by Filter": 44327}, {"Node Type": "Hash", "Parent Relationship": "Inner", "Parallel Aware": false, "Async Capable": false, "Startup Cost": 1002.69, "Total Cost": 1002.69, "Plan Rows": 3415, "Plan Width": 4, "Actual Rows": 3427, "Actual Loops": 1, "Hash Buckets": 4096, "Original Hash Buckets": 4096, "Hash Batches": 1, "Original Hash Batches": 1, "Peak Memory Usage": 153, "Plans": [{"Node Type": "Seq Scan", "Parent Relationship": "Outer", "Parallel Aware": false, "Async Capable": false, "Relation Name": "users", "Alias": "u", "Startup Cost": 0.0, "Total Cost": 1002.69, "Plan Rows": 3415, "Plan Width": 4, "Actual Rows": 3427, "Actual Loops": 1, "Filter": "((reputation <= 55697) AND (creationdate >= '2012-04-04 17:03:17'::timestamp without time zone) AND (creationdate <= '2012-09-28 19:54:20'::timestamp without time zone))", "Rows Removed by Filter": 36898}]}]}]}]}]}, "Planning Time": 2.851, "Triggers": [], "Execution Time": 126.575}, {"Plan": {"Node Type": "Aggregate", "Strategy": "Plain", "Partial Mode": "Simple", "Parallel Aware": false, "Async Capable": false, "Startup Cost": 4255.46, "Total Cost": 4255.47, "Plan Rows": 1, "Plan Width": 8, "Actual Rows": 1, "Actual Loops": 1, "Plans": [{"Node Type": "Nested Loop", "Parent Relationship": "Outer", "Parallel Aware": false, "Async Capable": false, "Join Type": "Inner", "Startup Cost": 1046.09, "Total Cost": 4253.1, "Plan Rows": 2.0, "Plan Width": 0, "Actual Rows": 11065, "Actual Loops": 1, "Inner Unique": false, "Plans": [{"Node Type": "Nested Loop", "Parent Relationship": "Outer", "Parallel Aware": false, "Async Capable": false, "Join Type": "Inner", "Startup Cost": 1045.67, "Total Cost": 4220.95, "Plan Rows": 29.0, "Plan Width": 12, "Actual Rows": 793, "Actual Loops": 1, "Inner Unique": false, "Plans": [{"Node Type": "Hash Join", "Parent Relationship": "Outer", "Parallel Aware": false, "Async Capable": false, "Join Type": "Inner", "Startup Cost": 1045.38, "Total Cost": 4185.83, "Plan Rows": 4.0, "Plan Width": 8, "Actual Rows": 249, "Actual Loops": 1, "Inner Unique": true, "Hash Cond": "(p.owneruserid = u.id)", "Plans": [{"Node Type": "Seq Scan", "Parent Relationship": "Outer", "Parallel Aware": false, "Async Capable": false, "Relation Name": "posts", "Alias": "p", "Startup Cost": 0.0, "Total Cost": 3139.4, "Plan Rows": 403, "Plan Width": 4, "Actual Rows": 1452, "Actual Loops": 1, "Filter": "((answercount <= 24) AND (commentcount >= 5) AND (commentcount <= 39) AND (favoritecount >= 0) AND (favoritecount <= 41) AND (creationdate <= '2013-04-24 14:14:30'::timestamp without time zone))", "Rows Removed by Filter": 90524}, {"Node Type": "Hash", "Parent Relationship": "Inner", "Parallel Aware": false, "Async Capable": false, "Startup Cost": 1002.69, "Total Cost": 1002.69, "Plan Rows": 3415, "Plan Width": 4, "Actual Rows": 3427, "Actual Loops": 1, "Hash Buckets": 4096, "Original Hash Buckets": 4096, "Hash Batches": 1, "Original Hash Batches": 1, "Peak Memory Usage": 153, "Plans": [{"Node Type": "Seq Scan", "Parent Relationship": "Outer", "Parallel Aware": false, "Async Capable": false, "Relation Name": "users", "Alias": "u", "Startup Cost": 0.0, "Total Cost": 1002.69, "Plan Rows": 3415, "Plan Width": 4, "Actual Rows": 3427, "Actual Loops": 1, "Filter": "((reputation <= 55697) AND (creationdate >= '2012-04-04 17:03:17'::timestamp without time zone) AND (creationdate <= '2012-09-28 19:54:20'::timestamp without time zone))", "Rows Removed by Filter": 36898}]}]}, {"Node Type": "Index Scan", "Parent Relationship": "Inner", "Parallel Aware": false, "Async Capable": false, "Scan Direction": "Forward", "Index Name": "idx_badges_userid", "Relation Name": "badges", "Alias": "b", "Startup Cost": 0.29, "Total Cost": 1.02, "Plan Rows": 1, "Plan Width": 4, "Actual Rows": 3, "Actual Loops": 249, "Index Cond": "(userid = u.id)", "Rows Removed by Index Recheck": 0, "Filter": "((date >= '2013-05-09 03:24:59'::timestamp without time zone) AND (date <= '2014-07-13 10:22:34'::timestamp without time zone))", "Rows Removed by Filter": 8}]}, {"Node Type": "Index Scan", "Parent Relationship": "Inner", "Parallel Aware": false, "Async Capable": false, "Scan Direction": "Forward", "Index Name": "idx_posthistory_userid", "Relation Name": "posthistory", "Alias": "ph", "Startup Cost": 0.42, "Total Cost": 1.06, "Plan Rows": 1, "Plan Width": 4, "Actual Rows": 14, "Actual Loops": 793, "Index Cond": "(userid = b.userid)", "Rows Removed by Index Recheck": 0, "Filter": "((creationdate >= '2012-06-09 08:35:51'::timestamp without time zone) AND (creationdate <= '2013-10-28 21:28:29'::timestamp without time zone) AND (posthistorytypeid = 1))", "Rows Removed by Filter": 354}]}]}, "Planning Time": 2.55, "Triggers": [], "Execution Time": 64.234}, {"Plan": {"Node Type": "Aggregate", "Strategy": "Plain", "Partial Mode": "Finalize", "Parallel Aware": false, "Async Capable": false, "Startup Cost": 16275.92, "Total Cost": 16275.93, "Plan Rows": 1, "Plan Width": 8, "Actual Rows": 1, "Actual Loops": 1, "Plans": [{"Node Type": "Gather", "Parent Relationship": "Outer", "Parallel Aware": false, "Async Capable": false, "Startup Cost": 16275.81, "Total Cost": 16275.92, "Plan Rows": 1, "Plan Width": 8, "Actual Rows": 2, "Actual Loops": 1, "Workers Planned": 1, "Workers Launched": 1, "Single Copy": false, "Plans": [{"Node Type": "Aggregate", "Strategy": "Plain", "Partial Mode": "Partial", "Parent Relationship": "Outer", "Parallel Aware": false, "Async Capable": false, "Startup Cost": 15275.81, "Total Cost": 15275.82, "Plan Rows": 1, "Plan Width": 8, "Actual Rows": 1, "Actual Loops": 2, "Workers": [], "Plans": [{"Node Type": "Hash Join", "Parent Relationship": "Outer", "Parallel Aware": false, "Async Capable": false, "Join Type": "Inner", "Startup Cost": 4186.55, "Total Cost": 15274.42, "Plan Rows": 2.0, "Plan Width": 0, "Actual Rows": 5532, "Actual Loops": 2, "Inner Unique": false, "Hash Cond": "(b.userid = u.id)", "Workers": [], "Plans": [{"Node Type": "Nested Loop", "Parent Relationship": "Outer", "Parallel Aware": false, "Async Capable": false, "Join Type": "Inner", "Startup Cost": 0.29, "Total Cost": 10247.04, "Plan Rows": 489.0, "Plan Width": 8, "Actual Rows": 32369, "Actual Loops": 2, "Inner Unique": false, "Workers": [], "Plans": [{"Node Type": "Seq Scan", "Parent Relationship": "Outer", "Parallel Aware": true, "Async Capable": false, "Relation Name": "posthistory", "Alias": "ph", "Startup Cost": 0.0, "Total Cost": 5361.04, "Plan Rows": 9606, "Plan Width": 4, "Actual Rows": 7860, "Actual Loops": 2, "Filter": "((creationdate >= '2012-06-09 08:35:51'::timestamp without time zone) AND (creationdate <= '2013-10-28 21:28:29'::timestamp without time zone) AND (posthistorytypeid = 1))", "Rows Removed by Filter": 143733, "Workers": []}, {"Node Type": "Index Scan", "Parent Relationship": "Inner", "Parallel Aware": false, "Async Capable": false, "Scan Direction": "Forward", "Index Name": "idx_badges_userid", "Relation Name": "badges", "Alias": "b", "Startup Cost": 0.29, "Total Cost": 0.5, "Plan Rows": 1, "Plan Width": 4, "Actual Rows": 4, "Actual Loops": 15721, "Index Cond": "(userid = ph.userid)", "Rows Removed by Index Recheck": 0, "Filter": "((date >= '2013-05-09 03:24:59'::timestamp without time zone) AND (date <= '2014-07-13 10:22:34'::timestamp without time zone))", "Rows Removed by Filter": 6, "Workers": []}]}, {"Node Type": "Hash", "Parent Relationship": "Inner", "Parallel Aware": false, "Async Capable": false, "Startup Cost": 4185.83, "Total Cost": 4185.83, "Plan Rows": 4.0, "Plan Width": 8, "Actual Rows": 249, "Actual Loops": 2, "Hash Buckets": 1024, "Original Hash Buckets": 1024, "Hash Batches": 1, "Original Hash Batches": 1, "Peak Memory Usage": 18, "Workers": [], "Plans": [{"Node Type": "Hash Join", "Parent Relationship": "Outer", "Parallel Aware": false, "Async Capable": false, "Join Type": "Inner", "Startup Cost": 1045.38, "Total Cost": 4185.83, "Plan Rows": 4.0, "Plan Width": 8, "Actual Rows": 249, "Actual Loops": 2, "Inner Unique": true, "Hash Cond": "(p.owneruserid = u.id)", "Workers": [], "Plans": [{"Node Type": "Seq Scan", "Parent Relationship": "Outer", "Parallel Aware": false, "Async Capable": false, "Relation Name": "posts", "Alias": "p", "Startup Cost": 0.0, "Total Cost": 3139.4, "Plan Rows": 403, "Plan Width": 4, "Actual Rows": 1452, "Actual Loops": 2, "Filter": "((answercount <= 24) AND (commentcount >= 5) AND (commentcount <= 39) AND (favoritecount >= 0) AND (favoritecount <= 41) AND (creationdate <= '2013-04-24 14:14:30'::timestamp without time zone))", "Rows Removed by Filter": 90524, "Workers": []}, {"Node Type": "Hash", "Parent Relationship": "Inner", "Parallel Aware": false, "Async Capable": false, "Startup Cost": 1002.69, "Total Cost": 1002.69, "Plan Rows": 3415, "Plan Width": 4, "Actual Rows": 3427, "Actual Loops": 2, "Hash Buckets": 4096, "Original Hash Buckets": 4096, "Hash Batches": 1, "Original Hash Batches": 1, "Peak Memory Usage": 153, "Workers": [], "Plans": [{"Node Type": "Seq Scan", "Parent Relationship": "Outer", "Parallel Aware": false, "Async Capable": false, "Relation Name": "users", "Alias": "u", "Startup Cost": 0.0, "Total Cost": 1002.69, "Plan Rows": 3415, "Plan Width": 4, "Actual Rows": 3427, "Actual Loops": 2, "Filter": "((reputation <= 55697) AND (creationdate >= '2012-04-04 17:03:17'::timestamp without time zone) AND (creationdate <= '2012-09-28 19:54:20'::timestamp without time zone))", "Rows Removed by Filter": 36898, "Workers": []}]}]}]}]}]}]}]}, "Planning Time": 5.662, "Triggers": [], "Execution Time": 125.005}, {"Plan": {"Node Type": "Aggregate", "Strategy": "Plain", "Partial Mode": "Simple", "Parallel Aware": false, "Async Capable": false, "Startup Cost": 9191.23, "Total Cost": 9191.24, "Plan Rows": 1, "Plan Width": 8, "Actual Rows": 1, "Actual Loops": 1, "Plans": [{"Node Type": "Hash Join", "Parent Relationship": "Outer", "Parallel Aware": false, "Async Capable": false, "Join Type": "Inner", "Startup Cost": 6006.47, "Total Cost": 9188.87, "Plan Rows": 2.0, "Plan Width": 0, "Actual Rows": 11065, "Actual Loops": 1, "Inner Unique": false, "Hash Cond": "(p.owneruserid = b.userid)", "Plans": [{"Node Type": "Seq Scan", "Parent Relationship": "Outer", "Parallel Aware": false, "Async Capable": false, "Relation Name": "posts", "Alias": "p", "Startup Cost": 0.0, "Total Cost": 3139.4, "Plan Rows": 403, "Plan Width": 4, "Actual Rows": 1452, "Actual Loops": 1, "Filter": "((answercount <= 24) AND (commentcount >= 5) AND (commentcount <= 39) AND (favoritecount >= 0) AND (favoritecount <= 41) AND (creationdate <= '2013-04-24 14:14:30'::timestamp without time zone))", "Rows Removed by Filter": 90524}, {"Node Type": "Hash", "Parent Relationship": "Inner", "Parallel Aware": false, "Async Capable": false, "Startup Cost": 5992.3, "Total Cost": 5992.3, "Plan Rows": 15.0, "Plan Width": 12, "Actual Rows": 10974, "Actual Loops": 1, "Hash Buckets": 16384, "Original Hash Buckets": 2048, "Hash Batches": 1, "Original Hash Batches": 1, "Peak Memory Usage": 600, "Plans": [{"Node Type": "Nested Loop", "Parent Relationship": "Outer", "Parallel Aware": false, "Async Capable": false, "Join Type": "Inner", "Startup Cost": 1045.8, "Total Cost": 5992.3, "Plan Rows": 15.0, "Plan Width": 12, "Actual Rows": 10974, "Actual Loops": 1, "Inner Unique": false, "Plans": [{"Node Type": "Hash Join", "Parent Relationship": "Outer", "Parallel Aware": false, "Async Capable": false, "Join Type": "Inner", "Startup Cost": 1045.38, "Total Cost": 2768.41, "Plan Rows": 302.0, "Plan Width": 8, "Actual Rows": 2126, "Actual Loops": 1, "Inner Unique": true, "Hash Cond": "(b.userid = u.id)", "Plans": [{"Node Type": "Seq Scan", "Parent Relationship": "Outer", "Parallel Aware": false, "Async Capable": false, "Relation Name": "badges", "Alias": "b", "Startup Cost": 0.0, "Total Cost": 1629.76, "Plan Rows": 35526, "Plan Width": 4, "Actual Rows": 35524, "Actual Loops": 1, "Filter": "((date >= '2013-05-09 03:24:59'::timestamp without time zone) AND (date <= '2014-07-13 10:22:34'::timestamp without time zone))", "Rows Removed by Filter": 44327}, {"Node Type": "Hash", "Parent Relationship": "Inner", "Parallel Aware": false, "Async Capable": false, "Startup Cost": 1002.69, "Total Cost": 1002.69, "Plan Rows": 3415, "Plan Width": 4, "Actual Rows": 3427, "Actual Loops": 1, "Hash Buckets": 4096, "Original Hash Buckets": 4096, "Hash Batches": 1, "Original Hash Batches": 1, "Peak Memory Usage": 153, "Plans": [{"Node Type": "Seq Scan", "Parent Relationship": "Outer", "Parallel Aware": false, "Async Capable": false, "Relation Name": "users", "Alias": "u", "Startup Cost": 0.0, "Total Cost": 1002.69, "Plan Rows": 3415, "Plan Width": 4, "Actual Rows": 3427, "Actual Loops": 1, "Filter": "((reputation <= 55697) AND (creationdate >= '2012-04-04 17:03:17'::timestamp without time zone) AND (creationdate <= '2012-09-28 19:54:20'::timestamp without time zone))", "Rows Removed by Filter": 36898}]}]}, {"Node Type": "Index Scan", "Parent Relationship": "Inner", "Parallel Aware": false, "Async Capable": false, "Scan Direction": "Forward", "Index Name": "idx_posthistory_userid", "Relation Name": "posthistory", "Alias": "ph", "Startup Cost": 0.42, "Total Cost": 1.06, "Plan Rows": 1, "Plan Width": 4, "Actual Rows": 5, "Actual Loops": 2126, "Index Cond": "(userid = b.userid)", "Rows Removed by Index Recheck": 0, "Filter": "((creationdate >= '2012-06-09 08:35:51'::timestamp without time zone) AND (creationdate <= '2013-10-28 21:28:29'::timestamp without time zone) AND (posthistorytypeid = 1))", "Rows Removed by Filter": 58}]}]}]}]}, "Planning Time": 2.554, "Triggers": [], "Execution Time": 70.303}, {"Plan": {"Node Type": "Aggregate", "Strategy": "Plain", "Partial Mode": "Simple", "Parallel Aware": false, "Async Capable": false, "Startup Cost": 14284.94, "Total Cost": 14284.95, "Plan Rows": 1, "Plan Width": 8, "Actual Rows": 1, "Actual Loops": 1, "Plans": [{"Node Type": "Hash Join", "Parent Relationship": "Outer", "Parallel Aware": false, "Async Capable": false, "Join Type": "Inner", "Startup Cost": 1046.09, "Total Cost": 14282.58, "Plan Rows": 2.0, "Plan Width": 0, "Actual Rows": 11065, "Actual Loops": 1, "Inner Unique": true, "Hash Cond": "(b.userid = u.id)", "Plans": [{"Node Type": "Nested Loop", "Parent Relationship": "Outer", "Parallel Aware": false, "Async Capable": false, "Join Type": "Inner", "Startup Cost": 0.71, "Total Cost": 12659.74, "Plan Rows": 36.0, "Plan Width": 12, "Actual Rows": 94470, "Actual Loops": 1, "Inner Unique": false, "Plans": [{"Node Type": "Nested Loop", "Parent Relationship": "Outer", "Parallel Aware": false, "Async Capable": false, "Join Type": "Inner", "Startup Cost": 0.29, "Total Cost": 5262.69, "Plan Rows": 1445.0, "Plan Width": 8, "Actual Rows": 9260, "Actual Loops": 1, "Inner Unique": false, "Plans": [{"Node Type": "Seq Scan", "Parent Relationship": "Outer", "Parallel Aware": false, "Async Capable": false, "Relation Name": "posts", "Alias": "p", "Startup Cost": 0.0, "Total Cost": 3139.4, "Plan Rows": 403, "Plan Width": 4, "Actual Rows": 1452, "Actual Loops": 1, "Filter": "((answercount <= 24) AND (commentcount >= 5) AND (commentcount <= 39) AND (favoritecount >= 0) AND (favoritecount <= 41) AND (creationdate <= '2013-04-24 14:14:30'::timestamp without time zone))", "Rows Removed by Filter": 90524}, {"Node Type": "Index Scan", "Parent Relationship": "Inner", "Parallel Aware": false, "Async Capable": false, "Scan Direction": "Forward", "Index Name": "idx_badges_userid", "Relation Name": "badges", "Alias": "b", "Startup Cost": 0.29, "Total Cost": 5.26, "Plan Rows": 1, "Plan Width": 4, "Actual Rows": 6, "Actual Loops": 1452, "Index Cond": "(userid = p.owneruserid)", "Rows Removed by Index Recheck": 0, "Filter": "((date >= '2013-05-09 03:24:59'::timestamp without time zone) AND (date <= '2014-07-13 10:22:34'::timestamp without time zone))", "Rows Removed by Filter": 15}]}, {"Node Type": "Index Scan", "Parent Relationship": "Inner", "Parallel Aware": false, "Async Capable": false, "Scan Direction": "Forward", "Index Name": "idx_posthistory_userid", "Relation Name": "posthistory", "Alias": "ph", "Startup Cost": 0.42, "Total Cost": 1.06, "Plan Rows": 1, "Plan Width": 4, "Actual Rows": 10, "Actual Loops": 9260, "Index Cond": "(userid = b.userid)", "Rows Removed by Index Recheck": 0, "Filter": "((creationdate >= '2012-06-09 08:35:51'::timestamp without time zone) AND (creationdate <= '2013-10-28 21:28:29'::timestamp without time zone) AND (posthistorytypeid = 1))", "Rows Removed by Filter": 1129}]}, {"Node Type": "Hash", "Parent Relationship": "Inner", "Parallel Aware": false, "Async Capable": false, "Startup Cost": 1002.69, "Total Cost": 1002.69, "Plan Rows": 3415, "Plan Width": 4, "Actual Rows": 3427, "Actual Loops": 1, "Hash Buckets": 4096, "Original Hash Buckets": 4096, "Hash Batches": 1, "Original Hash Batches": 1, "Peak Memory Usage": 153, "Plans": [{"Node Type": "Seq Scan", "Parent Relationship": "Outer", "Parallel Aware": false, "Async Capable": false, "Relation Name": "users", "Alias": "u", "Startup Cost": 0.0, "Total Cost": 1002.69, "Plan Rows": 3415, "Plan Width": 4, "Actual Rows": 3427, "Actual Loops": 1, "Filter": "((reputation <= 55697) AND (creationdate >= '2012-04-04 17:03:17'::timestamp without time zone) AND (creationdate <= '2012-09-28 19:54:20'::timestamp without time zone))", "Rows Removed by Filter": 36898}]}]}]}, "Planning Time": 2.894, "Triggers": [], "Execution Time": 1652.477}, {"Plan": {"Node Type": "Aggregate", "Strategy": "Plain", "Partial Mode": "Finalize", "Parallel Aware": false, "Async Capable": false, "Startup Cost": 12899.81, "Total Cost": 12899.82, "Plan Rows": 1, "Plan Width": 8, "Actual Rows": 1, "Actual Loops": 1, "Plans": [{"Node Type": "Gather", "Parent Relationship": "Outer", "Parallel Aware": false, "Async Capable": false, "Startup Cost": 12899.7, "Total Cost": 12899.81, "Plan Rows": 1, "Plan Width": 8, "Actual Rows": 2, "Actual Loops": 1, "Workers Planned": 1, "Workers Launched": 1, "Single Copy": false, "Plans": [{"Node Type": "Aggregate", "Strategy": "Plain", "Partial Mode": "Partial", "Parent Relationship": "Outer", "Parallel Aware": false, "Async Capable": false, "Startup Cost": 11899.7, "Total Cost": 11899.71, "Plan Rows": 1, "Plan Width": 8, "Actual Rows": 1, "Actual Loops": 2, "Workers": [], "Plans": [{"Node Type": "Hash Join", "Parent Relationship": "Outer", "Parallel Aware": false, "Async Capable": false, "Join Type": "Inner", "Startup Cost": 6394.36, "Total Cost": 11898.31, "Plan Rows": 2.0, "Plan Width": 0, "Actual Rows": 5532, "Actual Loops": 2, "Inner Unique": false, "Hash Cond": "(u.id = b.userid)", "Workers": [], "Plans": [{"Node Type": "Hash Join", "Parent Relationship": "Outer", "Parallel Aware": false, "Async Capable": false, "Join Type": "Inner", "Startup Cost": 1045.38, "Total Cost": 6431.63, "Plan Rows": 2.0, "Plan Width": 8, "Actual Rows": 1616, "Actual Loops": 2, "Inner Unique": true, "Hash Cond": "(ph.userid = u.id)", "Workers": [], "Plans": [{"Node Type": "Seq Scan", "Parent Relationship": "Outer", "Parallel Aware": true, "Async Capable": false, "Relation Name": "posthistory", "Alias": "ph", "Startup Cost": 0.0, "Total Cost": 5361.04, "Plan Rows": 9606, "Plan Width": 4, "Actual Rows": 7860, "Actual Loops": 2, "Filter": "((creationdate >= '2012-06-09 08:35:51'::timestamp without time zone) AND (creationdate <= '2013-10-28 21:28:29'::timestamp without time zone) AND (posthistorytypeid = 1))", "Rows Removed by Filter": 143733, "Workers": []}, {"Node Type": "Hash", "Parent Relationship": "Inner", "Parallel Aware": false, "Async Capable": false, "Startup Cost": 1002.69, "Total Cost": 1002.69, "Plan Rows": 3415, "Plan Width": 4, "Actual Rows": 3427, "Actual Loops": 2, "Hash Buckets": 4096, "Original Hash Buckets": 4096, "Hash Batches": 1, "Original Hash Batches": 1, "Peak Memory Usage": 153, "Workers": [], "Plans": [{"Node Type": "Seq Scan", "Parent Relationship": "Outer", "Parallel Aware": false, "Async Capable": false, "Relation Name": "users", "Alias": "u", "Startup Cost": 0.0, "Total Cost": 1002.69, "Plan Rows": 3415, "Plan Width": 4, "Actual Rows": 3427, "Actual Loops": 2, "Filter": "((reputation <= 55697) AND (creationdate >= '2012-04-04 17:03:17'::timestamp without time zone) AND (creationdate <= '2012-09-28 19:54:20'::timestamp without time zone))", "Rows Removed by Filter": 36898, "Workers": []}]}]}, {"Node Type": "Hash", "Parent Relationship": "Inner", "Parallel Aware": false, "Async Capable": false, "Startup Cost": 5262.69, "Total Cost": 5262.69, "Plan Rows": 1445.0, "Plan Width": 8, "Actual Rows": 9260, "Actual Loops": 2, "Hash Buckets": 16384, "Original Hash Buckets": 8192, "Hash Batches": 1, "Original Hash Batches": 1, "Peak Memory Usage": 490, "Workers": [], "Plans": [{"Node Type": "Nested Loop", "Parent Relationship": "Outer", "Parallel Aware": false, "Async Capable": false, "Join Type": "Inner", "Startup Cost": 0.29, "Total Cost": 5262.69, "Plan Rows": 1445.0, "Plan Width": 8, "Actual Rows": 9260, "Actual Loops": 2, "Inner Unique": false, "Workers": [], "Plans": [{"Node Type": "Seq Scan", "Parent Relationship": "Outer", "Parallel Aware": false, "Async Capable": false, "Relation Name": "posts", "Alias": "p", "Startup Cost": 0.0, "Total Cost": 3139.4, "Plan Rows": 403, "Plan Width": 4, "Actual Rows": 1452, "Actual Loops": 2, "Filter": "((answercount <= 24) AND (commentcount >= 5) AND (commentcount <= 39) AND (favoritecount >= 0) AND (favoritecount <= 41) AND (creationdate <= '2013-04-24 14:14:30'::timestamp without time zone))", "Rows Removed by Filter": 90524, "Workers": []}, {"Node Type": "Index Scan", "Parent Relationship": "Inner", "Parallel Aware": false, "Async Capable": false, "Scan Direction": "Forward", "Index Name": "idx_badges_userid", "Relation Name": "badges", "Alias": "b", "Startup Cost": 0.29, "Total Cost": 5.26, "Plan Rows": 1, "Plan Width": 4, "Actual Rows": 6, "Actual Loops": 2904, "Index Cond": "(userid = p.owneruserid)", "Rows Removed by Index Recheck": 0, "Filter": "((date >= '2013-05-09 03:24:59'::timestamp without time zone) AND (date <= '2014-07-13 10:22:34'::timestamp without time zone))", "Rows Removed by Filter": 15, "Workers": []}]}]}]}]}]}]}, "Planning Time": 5.72, "Triggers": [], "Execution Time": 106.444}]