[{"Plan": {"Node Type": "Aggregate", "Strategy": "Plain", "Partial Mode": "Simple", "Parallel Aware": false, "Async Capable": false, "Startup Cost": 1220.09, "Total Cost": 1220.1, "Plan Rows": 1, "Plan Width": 8, "Actual Rows": 1, "Actual Loops": 1, "Plans": [{"Node Type": "Nested Loop", "Parent Relationship": "Outer", "Parallel Aware": false, "Async Capable": false, "Join Type": "Inner", "Startup Cost": 1.01, "Total Cost": 1219.96, "Plan Rows": 1.0, "Plan Width": 0, "Actual Rows": 75392, "Actual Loops": 1, "Inner Unique": false, "Join Filter": "(c.userid = u.id)", "Rows Removed by Join Filter": 0, "Plans": [{"Node Type": "Nested Loop", "Parent Relationship": "Outer", "Parallel Aware": false, "Async Capable": false, "Join Type": "Inner", "Startup Cost": 0.71, "Total Cost": 1216.58, "Plan Rows": 1.0, "Plan Width": 12, "Actual Rows": 2432, "Actual Loops": 1, "Inner Unique": false, "Join Filter": "(ph.userid = u.id)", "Rows Removed by Join Filter": 0, "Plans": [{"Node Type": "Nested Loop", "Parent Relationship": "Outer", "Parallel Aware": false, "Async Capable": false, "Join Type": "Inner", "Startup Cost": 0.29, "Total Cost": 1213.06, "Plan Rows": 7.0, "Plan Width": 8, "Actual Rows": 152, "Actual Loops": 1, "Inner Unique": false, "Plans": [{"Node Type": "Seq Scan", "Parent Relationship": "Outer", "Parallel Aware": false, "Async Capable": false, "Relation Name": "users", "Alias": "u", "Startup Cost": 0.0, "Total Cost": 1204.31, "Plan Rows": 2, "Plan Width": 4, "Actual Rows": 1, "Actual Loops": 1, "Filter": "((reputation >= 37331) AND (reputation <= 58904) AND (downvotes <= 1475) AND (creationdate >= '2010-07-25 21:52:11'::timestamp without time zone) AND (creationdate <= '2014-01-16 20:57:53'::timestamp without time zone))", "Rows Removed by Filter": 40324}, {"Node Type": "Index Only Scan", "Parent Relationship": "Inner", "Parallel Aware": false, "Async Capable": false, "Scan Direction": "Forward", "Index Name": "idx_badges_userid", "Relation Name": "badges", "Alias": "b", "Startup Cost": 0.29, "Total Cost": 4.35, "Plan Rows": 3, "Plan Width": 4, "Actual Rows": 152, "Actual Loops": 1, "Index Cond": "(userid = u.id)", "Rows Removed by Index Recheck": 0, "Heap Fetches": 0}]}, {"Node Type": "Index Scan", "Parent Relationship": "Inner", "Parallel Aware": false, "Async Capable": false, "Scan Direction": "Forward", "Index Name": "idx_posthistory_userid", "Relation Name": "posthistory", "Alias": "ph", "Startup Cost": 0.42, "Total Cost": 0.87, "Plan Rows": 1, "Plan Width": 4, "Actual Rows": 16, "Actual Loops": 152, "Index Cond": "(userid = b.userid)", "Rows Removed by Index Recheck": 0, "Filter": "((creationdate >= '2009-09-12 20:09:27'::timestamp without time zone) AND (posthistorytypeid = 16))", "Rows Removed by Filter": 2723}]}, {"Node Type": "Index Scan", "Parent Relationship": "Inner", "Parallel Aware": false, "Async Capable": false, "Scan Direction": "Forward", "Index Name": "idx_comments_userid", "Relation Name": "comments", "Alias": "c", "Startup Cost": 0.29, "Total Cost": 0.66, "Plan Rows": 1, "Plan Width": 4, "Actual Rows": 31, "Actual Loops": 2432, "Index Cond": "(userid = b.userid)", "Rows Removed by Index Recheck": 0, "Filter": "((creationdate >= '2011-12-26 16:59:52'::timestamp without time zone) AND (score = 4))", "Rows Removed by Filter": 3077}]}]}, "Planning Time": 1.825, "Triggers": [], "Execution Time": 1211.658}, {"Plan": {"Node Type": "Aggregate", "Strategy": "Plain", "Partial Mode": "Simple", "Parallel Aware": false, "Async Capable": false, "Startup Cost": 1220.29, "Total Cost": 1220.3, "Plan Rows": 1, "Plan Width": 8, "Actual Rows": 1, "Actual Loops": 1, "Plans": [{"Node Type": "Nested Loop", "Parent Relationship": "Outer", "Parallel Aware": false, "Async Capable": false, "Join Type": "Inner", "Startup Cost": 1.01, "Total Cost": 1220.16, "Plan Rows": 1.0, "Plan Width": 0, "Actual Rows": 75392, "Actual Loops": 1, "Inner Unique": false, "Join Filter": "(ph.userid = u.id)", "Rows Removed by Join Filter": 0, "Plans": [{"Node Type": "Nested Loop", "Parent Relationship": "Outer", "Parallel Aware": false, "Async Capable": false, "Join Type": "Inner", "Startup Cost": 0.59, "Total Cost": 1215.77, "Plan Rows": 1.0, "Plan Width": 12, "Actual Rows": 4712, "Actual Loops": 1, "Inner Unique": false, "Join Filter": "(c.userid = u.id)", "Rows Removed by Join Filter": 0, "Plans": [{"Node Type": "Nested Loop", "Parent Relationship": "Outer", "Parallel Aware": false, "Async Capable": false, "Join Type": "Inner", "Startup Cost": 0.29, "Total Cost": 1213.06, "Plan Rows": 7.0, "Plan Width": 8, "Actual Rows": 152, "Actual Loops": 1, "Inner Unique": false, "Plans": [{"Node Type": "Seq Scan", "Parent Relationship": "Outer", "Parallel Aware": false, "Async Capable": false, "Relation Name": "users", "Alias": "u", "Startup Cost": 0.0, "Total Cost": 1204.31, "Plan Rows": 2, "Plan Width": 4, "Actual Rows": 1, "Actual Loops": 1, "Filter": "((reputation >= 37331) AND (reputation <= 58904) AND (downvotes <= 1475) AND (creationdate >= '2010-07-25 21:52:11'::timestamp without time zone) AND (creationdate <= '2014-01-16 20:57:53'::timestamp without time zone))", "Rows Removed by Filter": 40324}, {"Node Type": "Index Only Scan", "Parent Relationship": "Inner", "Parallel Aware": false, "Async Capable": false, "Scan Direction": "Forward", "Index Name": "idx_badges_userid", "Relation Name": "badges", "Alias": "b", "Startup Cost": 0.29, "Total Cost": 4.35, "Plan Rows": 3, "Plan Width": 4, "Actual Rows": 152, "Actual Loops": 1, "Index Cond": "(userid = u.id)", "Rows Removed by Index Recheck": 0, "Heap Fetches": 0}]}, {"Node Type": "Index Scan", "Parent Relationship": "Inner", "Parallel Aware": false, "Async Capable": false, "Scan Direction": "Forward", "Index Name": "idx_comments_userid", "Relation Name": "comments", "Alias": "c", "Startup Cost": 0.29, "Total Cost": 0.66, "Plan Rows": 1, "Plan Width": 4, "Actual Rows": 31, "Actual Loops": 152, "Index Cond": "(userid = b.userid)", "Rows Removed by Index Recheck": 0, "Filter": "((creationdate >= '2011-12-26 16:59:52'::timestamp without time zone) AND (score = 4))", "Rows Removed by Filter": 3077}]}, {"Node Type": "Index Scan", "Parent Relationship": "Inner", "Parallel Aware": false, "Async Capable": false, "Scan Direction": "Forward", "Index Name": "idx_posthistory_userid", "Relation Name": "posthistory", "Alias": "ph", "Startup Cost": 0.42, "Total Cost": 0.87, "Plan Rows": 1, "Plan Width": 4, "Actual Rows": 16, "Actual Loops": 4712, "Index Cond": "(userid = b.userid)", "Rows Removed by Index Recheck": 0, "Filter": "((creationdate >= '2009-09-12 20:09:27'::timestamp without time zone) AND (posthistorytypeid = 16))", "Rows Removed by Filter": 2723}]}]}, "Planning Time": 1.514, "Triggers": [], "Execution Time": 2281.607}, {"Plan": {"Node Type": "Aggregate", "Strategy": "Plain", "Partial Mode": "Simple", "Parallel Aware": false, "Async Capable": false, "Startup Cost": 2817.07, "Total Cost": 2817.08, "Plan Rows": 1, "Plan Width": 8, "Actual Rows": 1, "Actual Loops": 1, "Plans": [{"Node Type": "Hash Join", "Parent Relationship": "Outer", "Parallel Aware": false, "Async Capable": false, "Join Type": "Inner", "Startup Cost": 1286.97, "Total Cost": 2816.94, "Plan Rows": 1.0, "Plan Width": 0, "Actual Rows": 75392, "Actual Loops": 1, "Inner Unique": false, "Hash Cond": "(b.userid = u.id)", "Plans": [{"Node Type": "Seq Scan", "Parent Relationship": "Outer", "Parallel Aware": false, "Async Capable": false, "Relation Name": "badges", "Alias": "b", "Startup Cost": 0.0, "Total Cost": 1230.51, "Plan Rows": 79851, "Plan Width": 4, "Actual Rows": 79851, "Actual Loops": 1}, {"Node Type": "Hash", "Parent Relationship": "Inner", "Parallel Aware": false, "Async Capable": false, "Startup Cost": 1286.96, "Total Cost": 1286.96, "Plan Rows": 1.0, "Plan Width": 12, "Actual Rows": 496, "Actual Loops": 1, "Hash Buckets": 1024, "Original Hash Buckets": 1024, "Hash Batches": 1, "Original Hash Batches": 1, "Peak Memory Usage": 30, "Plans": [{"Node Type": "Nested Loop", "Parent Relationship": "Outer", "Parallel Aware": false, "Async Capable": false, "Join Type": "Inner", "Startup Cost": 0.72, "Total Cost": 1286.96, "Plan Rows": 1.0, "Plan Width": 12, "Actual Rows": 496, "Actual Loops": 1, "Inner Unique": false, "Join Filter": "(c.userid = u.id)", "Rows Removed by Join Filter": 0, "Plans": [{"Node Type": "Nested Loop", "Parent Relationship": "Outer", "Parallel Aware": false, "Async Capable": false, "Join Type": "Inner", "Startup Cost": 0.42, "Total Cost": 1283.69, "Plan Rows": 1.0, "Plan Width": 8, "Actual Rows": 16, "Actual Loops": 1, "Inner Unique": false, "Plans": [{"Node Type": "Seq Scan", "Parent Relationship": "Outer", "Parallel Aware": false, "Async Capable": false, "Relation Name": "users", "Alias": "u", "Startup Cost": 0.0, "Total Cost": 1204.31, "Plan Rows": 2, "Plan Width": 4, "Actual Rows": 1, "Actual Loops": 1, "Filter": "((reputation >= 37331) AND (reputation <= 58904) AND (downvotes <= 1475) AND (creationdate >= '2010-07-25 21:52:11'::timestamp without time zone) AND (creationdate <= '2014-01-16 20:57:53'::timestamp without time zone))", "Rows Removed by Filter": 40324}, {"Node Type": "Index Scan", "Parent Relationship": "Inner", "Parallel Aware": false, "Async Capable": false, "Scan Direction": "Forward", "Index Name": "idx_posthistory_userid", "Relation Name": "posthistory", "Alias": "ph", "Startup Cost": 0.42, "Total Cost": 39.68, "Plan Rows": 1, "Plan Width": 4, "Actual Rows": 16, "Actual Loops": 1, "Index Cond": "(userid = u.id)", "Rows Removed by Index Recheck": 0, "Filter": "((creationdate >= '2009-09-12 20:09:27'::timestamp without time zone) AND (posthistorytypeid = 16))", "Rows Removed by Filter": 2723}]}, {"Node Type": "Index Scan", "Parent Relationship": "Inner", "Parallel Aware": false, "Async Capable": false, "Scan Direction": "Forward", "Index Name": "idx_comments_userid", "Relation Name": "comments", "Alias": "c", "Startup Cost": 0.29, "Total Cost": 3.25, "Plan Rows": 1, "Plan Width": 4, "Actual Rows": 31, "Actual Loops": 16, "Index Cond": "(userid = ph.userid)", "Rows Removed by Index Recheck": 0, "Filter": "((creationdate >= '2011-12-26 16:59:52'::timestamp without time zone) AND (score = 4))", "Rows Removed by Filter": 3077}]}]}]}]}, "Planning Time": 1.544, "Triggers": [], "Execution Time": 23.414}, {"Plan": {"Node Type": "Aggregate", "Strategy": "Plain", "Partial Mode": "Finalize", "Parallel Aware": false, "Async Capable": false, "Startup Cost": 8284.69, "Total Cost": 8284.7, "Plan Rows": 1, "Plan Width": 8, "Actual Rows": 1, "Actual Loops": 1, "Plans": [{"Node Type": "Gather", "Parent Relationship": "Outer", "Parallel Aware": false, "Async Capable": false, "Startup Cost": 8284.57, "Total Cost": 8284.68, "Plan Rows": 1, "Plan Width": 8, "Actual Rows": 2, "Actual Loops": 1, "Workers Planned": 1, "Workers Launched": 1, "Single Copy": false, "Plans": [{"Node Type": "Aggregate", "Strategy": "Plain", "Partial Mode": "Partial", "Parent Relationship": "Outer", "Parallel Aware": false, "Async Capable": false, "Startup Cost": 7284.57, "Total Cost": 7284.58, "Plan Rows": 1, "Plan Width": 8, "Actual Rows": 1, "Actual Loops": 2, "Workers": [], "Plans": [{"Node Type": "Hash Join", "Parent Relationship": "Outer", "Parallel Aware": false, "Async Capable": false, "Join Type": "Inner", "Startup Cost": 1296.09, "Total Cost": 7284.5, "Plan Rows": 1.0, "Plan Width": 0, "Actual Rows": 37696, "Actual Loops": 2, "Inner Unique": false, "Hash Cond": "(ph.userid = u.id)", "Workers": [], "Plans": [{"Node Type": "Nested Loop", "Parent Relationship": "Outer", "Parallel Aware": false, "Async Capable": false, "Join Type": "Inner", "Startup Cost": 0.29, "Total Cost": 5728.08, "Plan Rows": 2358.0, "Plan Width": 8, "Actual Rows": 150206, "Actual Loops": 2, "Inner Unique": false, "Workers": [], "Plans": [{"Node Type": "Seq Scan", "Parent Relationship": "Outer", "Parallel Aware": true, "Async Capable": false, "Relation Name": "posthistory", "Alias": "ph", "Startup Cost": 0.0, "Total Cost": 4915.18, "Plan Rows": 1327, "Plan Width": 4, "Actual Rows": 1096, "Actual Loops": 2, "Filter": "((creationdate >= '2009-09-12 20:09:27'::timestamp without time zone) AND (posthistorytypeid = 16))", "Rows Removed by Filter": 150497, "Workers": []}, {"Node Type": "Index Only Scan", "Parent Relationship": "Inner", "Parallel Aware": false, "Async Capable": false, "Scan Direction": "Forward", "Index Name": "idx_badges_userid", "Relation Name": "badges", "Alias": "b", "Startup Cost": 0.29, "Total Cost": 0.58, "Plan Rows": 3, "Plan Width": 4, "Actual Rows": 137, "Actual Loops": 2193, "Index Cond": "(userid = ph.userid)", "Rows Removed by Index Recheck": 0, "Heap Fetches": 0, "Workers": []}]}, {"Node Type": "Hash", "Parent Relationship": "Inner", "Parallel Aware": false, "Async Capable": false, "Startup Cost": 1295.78, "Total Cost": 1295.78, "Plan Rows": 1.0, "Plan Width": 8, "Actual Rows": 31, "Actual Loops": 2, "Hash Buckets": 1024, "Original Hash Buckets": 1024, "Hash Batches": 1, "Original Hash Batches": 1, "Peak Memory Usage": 10, "Workers": [], "Plans": [{"Node Type": "Nested Loop", "Parent Relationship": "Outer", "Parallel Aware": false, "Async Capable": false, "Join Type": "Inner", "Startup Cost": 0.29, "Total Cost": 1295.78, "Plan Rows": 1.0, "Plan Width": 8, "Actual Rows": 31, "Actual Loops": 2, "Inner Unique": false, "Workers": [], "Plans": [{"Node Type": "Seq Scan", "Parent Relationship": "Outer", "Parallel Aware": false, "Async Capable": false, "Relation Name": "users", "Alias": "u", "Startup Cost": 0.0, "Total Cost": 1204.31, "Plan Rows": 2, "Plan Width": 4, "Actual Rows": 1, "Actual Loops": 2, "Filter": "((reputation >= 37331) AND (reputation <= 58904) AND (downvotes <= 1475) AND (creationdate >= '2010-07-25 21:52:11'::timestamp without time zone) AND (creationdate <= '2014-01-16 20:57:53'::timestamp without time zone))", "Rows Removed by Filter": 40324, "Workers": []}, {"Node Type": "Index Scan", "Parent Relationship": "Inner", "Parallel Aware": false, "Async Capable": false, "Scan Direction": "Forward", "Index Name": "idx_comments_userid", "Relation Name": "comments", "Alias": "c", "Startup Cost": 0.29, "Total Cost": 45.73, "Plan Rows": 1, "Plan Width": 4, "Actual Rows": 31, "Actual Loops": 2, "Index Cond": "(userid = u.id)", "Rows Removed by Index Recheck": 0, "Filter": "((creationdate >= '2011-12-26 16:59:52'::timestamp without time zone) AND (score = 4))", "Rows Removed by Filter": 3077, "Workers": []}]}]}]}]}]}]}, "Planning Time": 2.751, "Triggers": [], "Execution Time": 72.252}, {"Plan": {"Node Type": "Aggregate", "Strategy": "Plain", "Partial Mode": "Simple", "Parallel Aware": false, "Async Capable": false, "Startup Cost": 10273.55, "Total Cost": 10273.56, "Plan Rows": 1, "Plan Width": 8, "Actual Rows": 1, "Actual Loops": 1, "Plans": [{"Node Type": "Nested Loop", "Parent Relationship": "Outer", "Parallel Aware": false, "Async Capable": false, "Join Type": "Inner", "Startup Cost": 1000.6, "Total Cost": 10273.42, "Plan Rows": 1.0, "Plan Width": 0, "Actual Rows": 75392, "Actual Loops": 1, "Inner Unique": false, "Join Filter": "(ph.userid = u.id)", "Rows Removed by Join Filter": 9237349, "Plans": [{"Node Type": "Nested Loop", "Parent Relationship": "Outer", "Parallel Aware": false, "Async Capable": false, "Join Type": "Inner", "Startup Cost": 0.29, "Total Cost": 1295.78, "Plan Rows": 1.0, "Plan Width": 8, "Actual Rows": 31, "Actual Loops": 1, "Inner Unique": false, "Plans": [{"Node Type": "Seq Scan", "Parent Relationship": "Outer", "Parallel Aware": false, "Async Capable": false, "Relation Name": "users", "Alias": "u", "Startup Cost": 0.0, "Total Cost": 1204.31, "Plan Rows": 2, "Plan Width": 4, "Actual Rows": 1, "Actual Loops": 1, "Filter": "((reputation >= 37331) AND (reputation <= 58904) AND (downvotes <= 1475) AND (creationdate >= '2010-07-25 21:52:11'::timestamp without time zone) AND (creationdate <= '2014-01-16 20:57:53'::timestamp without time zone))", "Rows Removed by Filter": 40324}, {"Node Type": "Index Scan", "Parent Relationship": "Inner", "Parallel Aware": false, "Async Capable": false, "Scan Direction": "Forward", "Index Name": "idx_comments_userid", "Relation Name": "comments", "Alias": "c", "Startup Cost": 0.29, "Total Cost": 45.73, "Plan Rows": 1, "Plan Width": 4, "Actual Rows": 31, "Actual Loops": 1, "Index Cond": "(userid = u.id)", "Rows Removed by Index Recheck": 0, "Filter": "((creationdate >= '2011-12-26 16:59:52'::timestamp without time zone) AND (score = 4))", "Rows Removed by Filter": 3077}]}, {"Node Type": "Nested Loop", "Parent Relationship": "Inner", "Parallel Aware": false, "Async Capable": false, "Join Type": "Inner", "Startup Cost": 1000.3, "Total Cost": 7500.92, "Plan Rows": 2358.0, "Plan Width": 8, "Actual Rows": 300411, "Actual Loops": 31, "Inner Unique": false, "Plans": [{"Node Type": "Gather", "Parent Relationship": "Outer", "Parallel Aware": false, "Async Capable": false, "Startup Cost": 1000.0, "Total Cost": 6140.78, "Plan Rows": 2256, "Plan Width": 4, "Actual Rows": 2193, "Actual Loops": 31, "Workers Planned": 1, "Workers Launched": 1, "Single Copy": false, "Plans": [{"Node Type": "Seq Scan", "Parent Relationship": "Outer", "Parallel Aware": true, "Async Capable": false, "Relation Name": "posthistory", "Alias": "ph", "Startup Cost": 0.0, "Total Cost": 4915.18, "Plan Rows": 1327, "Plan Width": 4, "Actual Rows": 1096, "Actual Loops": 62, "Filter": "((creationdate >= '2009-09-12 20:09:27'::timestamp without time zone) AND (posthistorytypeid = 16))", "Rows Removed by Filter": 150497, "Workers": []}]}, {"Node Type": "Memoize", "Parent Relationship": "Inner", "Parallel Aware": false, "Async Capable": false, "Startup Cost": 0.3, "Total Cost": 0.59, "Plan Rows": 3, "Plan Width": 4, "Actual Rows": 137, "Actual Loops": 67983, "Cache Key": "ph.userid", "Cache Mode": "logical", "Cache Hits": 67457, "Cache Misses": 526, "Cache Evictions": 0, "Cache Overflows": 0, "Peak Memory Usage": 430, "Plans": [{"Node Type": "Index Only Scan", "Parent Relationship": "Outer", "Parallel Aware": false, "Async Capable": false, "Scan Direction": "Forward", "Index Name": "idx_badges_userid", "Relation Name": "badges", "Alias": "b", "Startup Cost": 0.29, "Total Cost": 0.58, "Plan Rows": 3, "Plan Width": 4, "Actual Rows": 21, "Actual Loops": 526, "Index Cond": "(userid = ph.userid)", "Rows Removed by Index Recheck": 0, "Heap Fetches": 0}]}]}]}]}, "Planning Time": 3.143, "Triggers": [], "Execution Time": 1417.265}, {"Plan": {"Node Type": "Aggregate", "Strategy": "Plain", "Partial Mode": "Finalize", "Parallel Aware": false, "Async Capable": false, "Startup Cost": 7137.85, "Total Cost": 7137.86, "Plan Rows": 1, "Plan Width": 8, "Actual Rows": 1, "Actual Loops": 1, "Plans": [{"Node Type": "Gather", "Parent Relationship": "Outer", "Parallel Aware": false, "Async Capable": false, "Startup Cost": 7137.73, "Total Cost": 7137.84, "Plan Rows": 1, "Plan Width": 8, "Actual Rows": 2, "Actual Loops": 1, "Workers Planned": 1, "Workers Launched": 1, "Single Copy": false, "Plans": [{"Node Type": "Aggregate", "Strategy": "Plain", "Partial Mode": "Partial", "Parent Relationship": "Outer", "Parallel Aware": false, "Async Capable": false, "Startup Cost": 6137.73, "Total Cost": 6137.74, "Plan Rows": 1, "Plan Width": 8, "Actual Rows": 1, "Actual Loops": 2, "Workers": [], "Plans": [{"Node Type": "Hash Join", "Parent Relationship": "Outer", "Parallel Aware": false, "Async Capable": false, "Join Type": "Inner", "Startup Cost": 1215.83, "Total Cost": 6137.66, "Plan Rows": 1.0, "Plan Width": 0, "Actual Rows": 37696, "Actual Loops": 2, "Inner Unique": false, "Hash Cond": "(ph.userid = u.id)", "Workers": [], "Plans": [{"Node Type": "Seq Scan", "Parent Relationship": "Outer", "Parallel Aware": true, "Async Capable": false, "Relation Name": "posthistory", "Alias": "ph", "Startup Cost": 0.0, "Total Cost": 4915.18, "Plan Rows": 1327, "Plan Width": 4, "Actual Rows": 1096, "Actual Loops": 2, "Filter": "((creationdate >= '2009-09-12 20:09:27'::timestamp without time zone) AND (posthistorytypeid = 16))", "Rows Removed by Filter": 150497, "Workers": []}, {"Node Type": "Hash", "Parent Relationship": "Inner", "Parallel Aware": false, "Async Capable": false, "Startup Cost": 1215.77, "Total Cost": 1215.77, "Plan Rows": 1.0, "Plan Width": 12, "Actual Rows": 4712, "Actual Loops": 2, "Hash Buckets": 8192, "Original Hash Buckets": 1024, "Hash Batches": 1, "Original Hash Batches": 1, "Peak Memory Usage": 267, "Workers": [], "Plans": [{"Node Type": "Nested Loop", "Parent Relationship": "Outer", "Parallel Aware": false, "Async Capable": false, "Join Type": "Inner", "Startup Cost": 0.59, "Total Cost": 1215.77, "Plan Rows": 1.0, "Plan Width": 12, "Actual Rows": 4712, "Actual Loops": 2, "Inner Unique": false, "Join Filter": "(c.userid = u.id)", "Rows Removed by Join Filter": 0, "Workers": [], "Plans": [{"Node Type": "Nested Loop", "Parent Relationship": "Outer", "Parallel Aware": false, "Async Capable": false, "Join Type": "Inner", "Startup Cost": 0.29, "Total Cost": 1213.06, "Plan Rows": 7.0, "Plan Width": 8, "Actual Rows": 152, "Actual Loops": 2, "Inner Unique": false, "Workers": [], "Plans": [{"Node Type": "Seq Scan", "Parent Relationship": "Outer", "Parallel Aware": false, "Async Capable": false, "Relation Name": "users", "Alias": "u", "Startup Cost": 0.0, "Total Cost": 1204.31, "Plan Rows": 2, "Plan Width": 4, "Actual Rows": 1, "Actual Loops": 2, "Filter": "((reputation >= 37331) AND (reputation <= 58904) AND (downvotes <= 1475) AND (creationdate >= '2010-07-25 21:52:11'::timestamp without time zone) AND (creationdate <= '2014-01-16 20:57:53'::timestamp without time zone))", "Rows Removed by Filter": 40324, "Workers": []}, {"Node Type": "Index Only Scan", "Parent Relationship": "Inner", "Parallel Aware": false, "Async Capable": false, "Scan Direction": "Forward", "Index Name": "idx_badges_userid", "Relation Name": "badges", "Alias": "b", "Startup Cost": 0.29, "Total Cost": 4.35, "Plan Rows": 3, "Plan Width": 4, "Actual Rows": 152, "Actual Loops": 2, "Index Cond": "(userid = u.id)", "Rows Removed by Index Recheck": 0, "Heap Fetches": 0, "Workers": []}]}, {"Node Type": "Index Scan", "Parent Relationship": "Inner", "Parallel Aware": false, "Async Capable": false, "Scan Direction": "Forward", "Index Name": "idx_comments_userid", "Relation Name": "comments", "Alias": "c", "Startup Cost": 0.29, "Total Cost": 0.66, "Plan Rows": 1, "Plan Width": 4, "Actual Rows": 31, "Actual Loops": 304, "Index Cond": "(userid = b.userid)", "Rows Removed by Index Recheck": 0, "Filter": "((creationdate >= '2011-12-26 16:59:52'::timestamp without time zone) AND (score = 4))", "Rows Removed by Filter": 3077, "Workers": []}]}]}]}]}]}]}, "Planning Time": 5.692, "Triggers": [], "Execution Time": 133.637}, {"Plan": {"Node Type": "Aggregate", "Strategy": "Plain", "Partial Mode": "Simple", "Parallel Aware": false, "Async Capable": false, "Startup Cost": 1220.09, "Total Cost": 1220.1, "Plan Rows": 1, "Plan Width": 8, "Actual Rows": 1, "Actual Loops": 1, "Plans": [{"Node Type": "Nested Loop", "Parent Relationship": "Outer", "Parallel Aware": false, "Async Capable": false, "Join Type": "Inner", "Startup Cost": 1.01, "Total Cost": 1219.96, "Plan Rows": 1.0, "Plan Width": 0, "Actual Rows": 75392, "Actual Loops": 1, "Inner Unique": false, "Join Filter": "(c.userid = u.id)", "Rows Removed by Join Filter": 0, "Plans": [{"Node Type": "Nested Loop", "Parent Relationship": "Outer", "Parallel Aware": false, "Async Capable": false, "Join Type": "Inner", "Startup Cost": 0.71, "Total Cost": 1216.58, "Plan Rows": 1.0, "Plan Width": 12, "Actual Rows": 2432, "Actual Loops": 1, "Inner Unique": false, "Join Filter": "(ph.userid = u.id)", "Rows Removed by Join Filter": 0, "Plans": [{"Node Type": "Nested Loop", "Parent Relationship": "Outer", "Parallel Aware": false, "Async Capable": false, "Join Type": "Inner", "Startup Cost": 0.29, "Total Cost": 1213.06, "Plan Rows": 7.0, "Plan Width": 8, "Actual Rows": 152, "Actual Loops": 1, "Inner Unique": false, "Plans": [{"Node Type": "Seq Scan", "Parent Relationship": "Outer", "Parallel Aware": false, "Async Capable": false, "Relation Name": "users", "Alias": "u", "Startup Cost": 0.0, "Total Cost": 1204.31, "Plan Rows": 2, "Plan Width": 4, "Actual Rows": 1, "Actual Loops": 1, "Filter": "((reputation >= 37331) AND (reputation <= 58904) AND (downvotes <= 1475) AND (creationdate >= '2010-07-25 21:52:11'::timestamp without time zone) AND (creationdate <= '2014-01-16 20:57:53'::timestamp without time zone))", "Rows Removed by Filter": 40324}, {"Node Type": "Index Only Scan", "Parent Relationship": "Inner", "Parallel Aware": false, "Async Capable": false, "Scan Direction": "Forward", "Index Name": "idx_badges_userid", "Relation Name": "badges", "Alias": "b", "Startup Cost": 0.29, "Total Cost": 4.35, "Plan Rows": 3, "Plan Width": 4, "Actual Rows": 152, "Actual Loops": 1, "Index Cond": "(userid = u.id)", "Rows Removed by Index Recheck": 0, "Heap Fetches": 0}]}, {"Node Type": "Index Scan", "Parent Relationship": "Inner", "Parallel Aware": false, "Async Capable": false, "Scan Direction": "Forward", "Index Name": "idx_posthistory_userid", "Relation Name": "posthistory", "Alias": "ph", "Startup Cost": 0.42, "Total Cost": 0.87, "Plan Rows": 1, "Plan Width": 4, "Actual Rows": 16, "Actual Loops": 152, "Index Cond": "(userid = b.userid)", "Rows Removed by Index Recheck": 0, "Filter": "((creationdate >= '2009-09-12 20:09:27'::timestamp without time zone) AND (posthistorytypeid = 16))", "Rows Removed by Filter": 2723}]}, {"Node Type": "Index Scan", "Parent Relationship": "Inner", "Parallel Aware": false, "Async Capable": false, "Scan Direction": "Forward", "Index Name": "idx_comments_userid", "Relation Name": "comments", "Alias": "c", "Startup Cost": 0.29, "Total Cost": 0.66, "Plan Rows": 1, "Plan Width": 4, "Actual Rows": 31, "Actual Loops": 2432, "Index Cond": "(userid = b.userid)", "Rows Removed by Index Recheck": 0, "Filter": "((creationdate >= '2011-12-26 16:59:52'::timestamp without time zone) AND (score = 4))", "Rows Removed by Filter": 3077}]}]}, "Planning Time": 1.992, "Triggers": [], "Execution Time": 1211.65}, {"Plan": {"Node Type": "Aggregate", "Strategy": "Plain", "Partial Mode": "Simple", "Parallel Aware": false, "Async Capable": false, "Startup Cost": 1287.71, "Total Cost": 1287.72, "Plan Rows": 1, "Plan Width": 8, "Actual Rows": 1, "Actual Loops": 1, "Plans": [{"Node Type": "Nested Loop", "Parent Relationship": "Outer", "Parallel Aware": false, "Async Capable": false, "Join Type": "Inner", "Startup Cost": 1.01, "Total Cost": 1287.58, "Plan Rows": 1.0, "Plan Width": 0, "Actual Rows": 75392, "Actual Loops": 1, "Inner Unique": false, "Join Filter": "(b.userid = u.id)", "Rows Removed by Join Filter": 0, "Plans": [{"Node Type": "Nested Loop", "Parent Relationship": "Outer", "Parallel Aware": false, "Async Capable": false, "Join Type": "Inner", "Startup Cost": 0.72, "Total Cost": 1286.96, "Plan Rows": 1.0, "Plan Width": 12, "Actual Rows": 496, "Actual Loops": 1, "Inner Unique": false, "Join Filter": "(c.userid = u.id)", "Rows Removed by Join Filter": 0, "Plans": [{"Node Type": "Nested Loop", "Parent Relationship": "Outer", "Parallel Aware": false, "Async Capable": false, "Join Type": "Inner", "Startup Cost": 0.42, "Total Cost": 1283.69, "Plan Rows": 1.0, "Plan Width": 8, "Actual Rows": 16, "Actual Loops": 1, "Inner Unique": false, "Plans": [{"Node Type": "Seq Scan", "Parent Relationship": "Outer", "Parallel Aware": false, "Async Capable": false, "Relation Name": "users", "Alias": "u", "Startup Cost": 0.0, "Total Cost": 1204.31, "Plan Rows": 2, "Plan Width": 4, "Actual Rows": 1, "Actual Loops": 1, "Filter": "((reputation >= 37331) AND (reputation <= 58904) AND (downvotes <= 1475) AND (creationdate >= '2010-07-25 21:52:11'::timestamp without time zone) AND (creationdate <= '2014-01-16 20:57:53'::timestamp without time zone))", "Rows Removed by Filter": 40324}, {"Node Type": "Index Scan", "Parent Relationship": "Inner", "Parallel Aware": false, "Async Capable": false, "Scan Direction": "Forward", "Index Name": "idx_posthistory_userid", "Relation Name": "posthistory", "Alias": "ph", "Startup Cost": 0.42, "Total Cost": 39.68, "Plan Rows": 1, "Plan Width": 4, "Actual Rows": 16, "Actual Loops": 1, "Index Cond": "(userid = u.id)", "Rows Removed by Index Recheck": 0, "Filter": "((creationdate >= '2009-09-12 20:09:27'::timestamp without time zone) AND (posthistorytypeid = 16))", "Rows Removed by Filter": 2723}]}, {"Node Type": "Index Scan", "Parent Relationship": "Inner", "Parallel Aware": false, "Async Capable": false, "Scan Direction": "Forward", "Index Name": "idx_comments_userid", "Relation Name": "comments", "Alias": "c", "Startup Cost": 0.29, "Total Cost": 3.25, "Plan Rows": 1, "Plan Width": 4, "Actual Rows": 31, "Actual Loops": 16, "Index Cond": "(userid = ph.userid)", "Rows Removed by Index Recheck": 0, "Filter": "((creationdate >= '2011-12-26 16:59:52'::timestamp without time zone) AND (score = 4))", "Rows Removed by Filter": 3077}]}, {"Node Type": "Index Only Scan", "Parent Relationship": "Inner", "Parallel Aware": false, "Async Capable": false, "Scan Direction": "Forward", "Index Name": "idx_badges_userid", "Relation Name": "badges", "Alias": "b", "Startup Cost": 0.29, "Total Cost": 0.58, "Plan Rows": 3, "Plan Width": 4, "Actual Rows": 152, "Actual Loops": 496, "Index Cond": "(userid = ph.userid)", "Rows Removed by Index Recheck": 0, "Heap Fetches": 0}]}]}, "Planning Time": 1.643, "Triggers": [], "Execution Time": 16.793}, {"Plan": {"Node Type": "Aggregate", "Strategy": "Plain", "Partial Mode": "Finalize", "Parallel Aware": false, "Async Capable": false, "Startup Cost": 5922.0, "Total Cost": 5922.01, "Plan Rows": 1, "Plan Width": 8, "Actual Rows": 1, "Actual Loops": 1, "Plans": [{"Node Type": "Gather", "Parent Relationship": "Outer", "Parallel Aware": false, "Async Capable": false, "Startup Cost": 5921.89, "Total Cost": 5922.0, "Plan Rows": 1, "Plan Width": 8, "Actual Rows": 2, "Actual Loops": 1, "Workers Planned": 1, "Workers Launched": 1, "Single Copy": false, "Plans": [{"Node Type": "Aggregate", "Strategy": "Plain", "Partial Mode": "Partial", "Parent Relationship": "Outer", "Parallel Aware": false, "Async Capable": false, "Startup Cost": 4921.89, "Total Cost": 4921.9, "Plan Rows": 1, "Plan Width": 8, "Actual Rows": 1, "Actual Loops": 2, "Workers": [], "Plans": [{"Node Type": "Hash Join", "Parent Relationship": "Outer", "Parallel Aware": false, "Async Capable": false, "Join Type": "Inner", "Startup Cost": 1284.0, "Total Cost": 4921.81, "Plan Rows": 1.0, "Plan Width": 0, "Actual Rows": 37696, "Actual Loops": 2, "Inner Unique": false, "Hash Cond": "(c.userid = u.id)", "Workers": [], "Plans": [{"Node Type": "Nested Loop", "Parent Relationship": "Outer", "Parallel Aware": false, "Async Capable": false, "Join Type": "Inner", "Startup Cost": 0.29, "Total Cost": 3430.36, "Plan Rows": 1609.0, "Plan Width": 8, "Actual Rows": 87557, "Actual Loops": 2, "Inner Unique": false, "Workers": [], "Plans": [{"Node Type": "Seq Scan", "Parent Relationship": "Outer", "Parallel Aware": true, "Async Capable": false, "Relation Name": "comments", "Alias": "c", "Startup Cost": 0.0, "Total Cost": 2881.99, "Plan Rows": 621, "Plan Width": 4, "Actual Rows": 504, "Actual Loops": 2, "Filter": "((creationdate >= '2011-12-26 16:59:52'::timestamp without time zone) AND (score = 4))", "Rows Removed by Filter": 86648, "Workers": []}, {"Node Type": "Index Only Scan", "Parent Relationship": "Inner", "Parallel Aware": false, "Async Capable": false, "Scan Direction": "Forward", "Index Name": "idx_badges_userid", "Relation Name": "badges", "Alias": "b", "Startup Cost": 0.29, "Total Cost": 0.85, "Plan Rows": 3, "Plan Width": 4, "Actual Rows": 174, "Actual Loops": 1008, "Index Cond": "(userid = c.userid)", "Rows Removed by Index Recheck": 0, "Heap Fetches": 0, "Workers": []}]}, {"Node Type": "Hash", "Parent Relationship": "Inner", "Parallel Aware": false, "Async Capable": false, "Startup Cost": 1283.69, "Total Cost": 1283.69, "Plan Rows": 1.0, "Plan Width": 8, "Actual Rows": 16, "Actual Loops": 2, "Hash Buckets": 1024, "Original Hash Buckets": 1024, "Hash Batches": 1, "Original Hash Batches": 1, "Peak Memory Usage": 9, "Workers": [], "Plans": [{"Node Type": "Nested Loop", "Parent Relationship": "Outer", "Parallel Aware": false, "Async Capable": false, "Join Type": "Inner", "Startup Cost": 0.42, "Total Cost": 1283.69, "Plan Rows": 1.0, "Plan Width": 8, "Actual Rows": 16, "Actual Loops": 2, "Inner Unique": false, "Workers": [], "Plans": [{"Node Type": "Seq Scan", "Parent Relationship": "Outer", "Parallel Aware": false, "Async Capable": false, "Relation Name": "users", "Alias": "u", "Startup Cost": 0.0, "Total Cost": 1204.31, "Plan Rows": 2, "Plan Width": 4, "Actual Rows": 1, "Actual Loops": 2, "Filter": "((reputation >= 37331) AND (reputation <= 58904) AND (downvotes <= 1475) AND (creationdate >= '2010-07-25 21:52:11'::timestamp without time zone) AND (creationdate <= '2014-01-16 20:57:53'::timestamp without time zone))", "Rows Removed by Filter": 40324, "Workers": []}, {"Node Type": "Index Scan", "Parent Relationship": "Inner", "Parallel Aware": false, "Async Capable": false, "Scan Direction": "Forward", "Index Name": "idx_posthistory_userid", "Relation Name": "posthistory", "Alias": "ph", "Startup Cost": 0.42, "Total Cost": 39.68, "Plan Rows": 1, "Plan Width": 4, "Actual Rows": 16, "Actual Loops": 2, "Index Cond": "(userid = u.id)", "Rows Removed by Index Recheck": 0, "Filter": "((creationdate >= '2009-09-12 20:09:27'::timestamp without time zone) AND (posthistorytypeid = 16))", "Rows Removed by Filter": 2723, "Workers": []}]}]}]}]}]}]}, "Planning Time": 1.842, "Triggers": [], "Execution Time": 43.764}, {"Plan": {"Node Type": "Aggregate", "Strategy": "Plain", "Partial Mode": "Simple", "Parallel Aware": false, "Async Capable": false, "Startup Cost": 2651.71, "Total Cost": 2651.72, "Plan Rows": 1, "Plan Width": 8, "Actual Rows": 1, "Actual Loops": 1, "Plans": [{"Node Type": "Nested Loop", "Parent Relationship": "Outer", "Parallel Aware": false, "Async Capable": false, "Join Type": "Inner", "Startup Cost": 1205.06, "Total Cost": 2651.58, "Plan Rows": 1.0, "Plan Width": 0, "Actual Rows": 75392, "Actual Loops": 1, "Inner Unique": false, "Join Filter": "(ph.userid = u.id)", "Rows Removed by Join Filter": 0, "Plans": [{"Node Type": "Nested Loop", "Parent Relationship": "Outer", "Parallel Aware": false, "Async Capable": false, "Join Type": "Inner", "Startup Cost": 1204.63, "Total Cost": 2647.19, "Plan Rows": 1.0, "Plan Width": 12, "Actual Rows": 4712, "Actual Loops": 1, "Inner Unique": false, "Join Filter": "(c.userid = u.id)", "Rows Removed by Join Filter": 0, "Plans": [{"Node Type": "Hash Join", "Parent Relationship": "Outer", "Parallel Aware": false, "Async Capable": false, "Join Type": "Inner", "Startup Cost": 1204.34, "Total Cost": 2644.48, "Plan Rows": 7.0, "Plan Width": 8, "Actual Rows": 152, "Actual Loops": 1, "Inner Unique": true, "Hash Cond": "(b.userid = u.id)", "Plans": [{"Node Type": "Seq Scan", "Parent Relationship": "Outer", "Parallel Aware": false, "Async Capable": false, "Relation Name": "badges", "Alias": "b", "Startup Cost": 0.0, "Total Cost": 1230.51, "Plan Rows": 79851, "Plan Width": 4, "Actual Rows": 79851, "Actual Loops": 1}, {"Node Type": "Hash", "Parent Relationship": "Inner", "Parallel Aware": false, "Async Capable": false, "Startup Cost": 1204.31, "Total Cost": 1204.31, "Plan Rows": 2, "Plan Width": 4, "Actual Rows": 1, "Actual Loops": 1, "Hash Buckets": 1024, "Original Hash Buckets": 1024, "Hash Batches": 1, "Original Hash Batches": 1, "Peak Memory Usage": 9, "Plans": [{"Node Type": "Seq Scan", "Parent Relationship": "Outer", "Parallel Aware": false, "Async Capable": false, "Relation Name": "users", "Alias": "u", "Startup Cost": 0.0, "Total Cost": 1204.31, "Plan Rows": 2, "Plan Width": 4, "Actual Rows": 1, "Actual Loops": 1, "Filter": "((reputation >= 37331) AND (reputation <= 58904) AND (downvotes <= 1475) AND (creationdate >= '2010-07-25 21:52:11'::timestamp without time zone) AND (creationdate <= '2014-01-16 20:57:53'::timestamp without time zone))", "Rows Removed by Filter": 40324}]}]}, {"Node Type": "Index Scan", "Parent Relationship": "Inner", "Parallel Aware": false, "Async Capable": false, "Scan Direction": "Forward", "Index Name": "idx_comments_userid", "Relation Name": "comments", "Alias": "c", "Startup Cost": 0.29, "Total Cost": 0.66, "Plan Rows": 1, "Plan Width": 4, "Actual Rows": 31, "Actual Loops": 152, "Index Cond": "(userid = b.userid)", "Rows Removed by Index Recheck": 0, "Filter": "((creationdate >= '2011-12-26 16:59:52'::timestamp without time zone) AND (score = 4))", "Rows Removed by Filter": 3077}]}, {"Node Type": "Index Scan", "Parent Relationship": "Inner", "Parallel Aware": false, "Async Capable": false, "Scan Direction": "Forward", "Index Name": "idx_posthistory_userid", "Relation Name": "posthistory", "Alias": "ph", "Startup Cost": 0.42, "Total Cost": 0.87, "Plan Rows": 1, "Plan Width": 4, "Actual Rows": 16, "Actual Loops": 4712, "Index Cond": "(userid = b.userid)", "Rows Removed by Index Recheck": 0, "Filter": "((creationdate >= '2009-09-12 20:09:27'::timestamp without time zone) AND (posthistorytypeid = 16))", "Rows Removed by Filter": 2723}]}]}, "Planning Time": 1.785, "Triggers": [], "Execution Time": 2272.777}, {"Plan": {"Node Type": "Aggregate", "Strategy": "Plain", "Partial Mode": "Finalize", "Parallel Aware": false, "Async Capable": false, "Startup Cost": 5101.93, "Total Cost": 5101.94, "Plan Rows": 1, "Plan Width": 8, "Actual Rows": 1, "Actual Loops": 1, "Plans": [{"Node Type": "Gather", "Parent Relationship": "Outer", "Parallel Aware": false, "Async Capable": false, "Startup Cost": 5101.82, "Total Cost": 5101.93, "Plan Rows": 1, "Plan Width": 8, "Actual Rows": 2, "Actual Loops": 1, "Workers Planned": 1, "Workers Launched": 1, "Single Copy": false, "Plans": [{"Node Type": "Aggregate", "Strategy": "Plain", "Partial Mode": "Partial", "Parent Relationship": "Outer", "Parallel Aware": false, "Async Capable": false, "Startup Cost": 4101.82, "Total Cost": 4101.83, "Plan Rows": 1, "Plan Width": 8, "Actual Rows": 1, "Actual Loops": 2, "Workers": [], "Plans": [{"Node Type": "Hash Join", "Parent Relationship": "Outer", "Parallel Aware": false, "Async Capable": false, "Join Type": "Inner", "Startup Cost": 1216.64, "Total Cost": 4101.74, "Plan Rows": 1.0, "Plan Width": 0, "Actual Rows": 37696, "Actual Loops": 2, "Inner Unique": false, "Hash Cond": "(c.userid = u.id)", "Workers": [], "Plans": [{"Node Type": "Seq Scan", "Parent Relationship": "Outer", "Parallel Aware": true, "Async Capable": false, "Relation Name": "comments", "Alias": "c", "Startup Cost": 0.0, "Total Cost": 2881.99, "Plan Rows": 621, "Plan Width": 4, "Actual Rows": 504, "Actual Loops": 2, "Filter": "((creationdate >= '2011-12-26 16:59:52'::timestamp without time zone) AND (score = 4))", "Rows Removed by Filter": 86648, "Workers": []}, {"Node Type": "Hash", "Parent Relationship": "Inner", "Parallel Aware": false, "Async Capable": false, "Startup Cost": 1216.58, "Total Cost": 1216.58, "Plan Rows": 1.0, "Plan Width": 12, "Actual Rows": 2432, "Actual Loops": 2, "Hash Buckets": 4096, "Original Hash Buckets": 1024, "Hash Batches": 1, "Original Hash Batches": 1, "Peak Memory Usage": 137, "Workers": [], "Plans": [{"Node Type": "Nested Loop", "Parent Relationship": "Outer", "Parallel Aware": false, "Async Capable": false, "Join Type": "Inner", "Startup Cost": 0.71, "Total Cost": 1216.58, "Plan Rows": 1.0, "Plan Width": 12, "Actual Rows": 2432, "Actual Loops": 2, "Inner Unique": false, "Join Filter": "(ph.userid = u.id)", "Rows Removed by Join Filter": 0, "Workers": [], "Plans": [{"Node Type": "Nested Loop", "Parent Relationship": "Outer", "Parallel Aware": false, "Async Capable": false, "Join Type": "Inner", "Startup Cost": 0.29, "Total Cost": 1213.06, "Plan Rows": 7.0, "Plan Width": 8, "Actual Rows": 152, "Actual Loops": 2, "Inner Unique": false, "Workers": [], "Plans": [{"Node Type": "Seq Scan", "Parent Relationship": "Outer", "Parallel Aware": false, "Async Capable": false, "Relation Name": "users", "Alias": "u", "Startup Cost": 0.0, "Total Cost": 1204.31, "Plan Rows": 2, "Plan Width": 4, "Actual Rows": 1, "Actual Loops": 2, "Filter": "((reputation >= 37331) AND (reputation <= 58904) AND (downvotes <= 1475) AND (creationdate >= '2010-07-25 21:52:11'::timestamp without time zone) AND (creationdate <= '2014-01-16 20:57:53'::timestamp without time zone))", "Rows Removed by Filter": 40324, "Workers": []}, {"Node Type": "Index Only Scan", "Parent Relationship": "Inner", "Parallel Aware": false, "Async Capable": false, "Scan Direction": "Forward", "Index Name": "idx_badges_userid", "Relation Name": "badges", "Alias": "b", "Startup Cost": 0.29, "Total Cost": 4.35, "Plan Rows": 3, "Plan Width": 4, "Actual Rows": 152, "Actual Loops": 2, "Index Cond": "(userid = u.id)", "Rows Removed by Index Recheck": 0, "Heap Fetches": 0, "Workers": []}]}, {"Node Type": "Index Scan", "Parent Relationship": "Inner", "Parallel Aware": false, "Async Capable": false, "Scan Direction": "Forward", "Index Name": "idx_posthistory_userid", "Relation Name": "posthistory", "Alias": "ph", "Startup Cost": 0.42, "Total Cost": 0.87, "Plan Rows": 1, "Plan Width": 4, "Actual Rows": 16, "Actual Loops": 304, "Index Cond": "(userid = b.userid)", "Rows Removed by Index Recheck": 0, "Filter": "((creationdate >= '2009-09-12 20:09:27'::timestamp without time zone) AND (posthistorytypeid = 16))", "Rows Removed by Filter": 2723, "Workers": []}]}]}]}]}]}]}, "Planning Time": 2.058, "Triggers": [], "Execution Time": 124.307}, {"Plan": {"Node Type": "Aggregate", "Strategy": "Plain", "Partial Mode": "Simple", "Parallel Aware": false, "Async Capable": false, "Startup Cost": 7351.17, "Total Cost": 7351.18, "Plan Rows": 1, "Plan Width": 8, "Actual Rows": 1, "Actual Loops": 1, "Plans": [{"Node Type": "Nested Loop", "Parent Relationship": "Outer", "Parallel Aware": false, "Async Capable": false, "Join Type": "Inner", "Startup Cost": 0.71, "Total Cost": 7351.04, "Plan Rows": 1.0, "Plan Width": 0, "Actual Rows": 75392, "Actual Loops": 1, "Inner Unique": false, "Join Filter": "(c.userid = u.id)", "Rows Removed by Join Filter": 2726432, "Plans": [{"Node Type": "Nested Loop", "Parent Relationship": "Outer", "Parallel Aware": false, "Async Capable": false, "Join Type": "Inner", "Startup Cost": 0.42, "Total Cost": 1283.69, "Plan Rows": 1.0, "Plan Width": 8, "Actual Rows": 16, "Actual Loops": 1, "Inner Unique": false, "Plans": [{"Node Type": "Seq Scan", "Parent Relationship": "Outer", "Parallel Aware": false, "Async Capable": false, "Relation Name": "users", "Alias": "u", "Startup Cost": 0.0, "Total Cost": 1204.31, "Plan Rows": 2, "Plan Width": 4, "Actual Rows": 1, "Actual Loops": 1, "Filter": "((reputation >= 37331) AND (reputation <= 58904) AND (downvotes <= 1475) AND (creationdate >= '2010-07-25 21:52:11'::timestamp without time zone) AND (creationdate <= '2014-01-16 20:57:53'::timestamp without time zone))", "Rows Removed by Filter": 40324}, {"Node Type": "Index Scan", "Parent Relationship": "Inner", "Parallel Aware": false, "Async Capable": false, "Scan Direction": "Forward", "Index Name": "idx_posthistory_userid", "Relation Name": "posthistory", "Alias": "ph", "Startup Cost": 0.42, "Total Cost": 39.68, "Plan Rows": 1, "Plan Width": 4, "Actual Rows": 16, "Actual Loops": 1, "Index Cond": "(userid = u.id)", "Rows Removed by Index Recheck": 0, "Filter": "((creationdate >= '2009-09-12 20:09:27'::timestamp without time zone) AND (posthistorytypeid = 16))", "Rows Removed by Filter": 2723}]}, {"Node Type": "Nested Loop", "Parent Relationship": "Inner", "Parallel Aware": false, "Async Capable": false, "Join Type": "Inner", "Startup Cost": 0.29, "Total Cost": 4890.2, "Plan Rows": 1609.0, "Plan Width": 8, "Actual Rows": 175114, "Actual Loops": 16, "Inner Unique": false, "Plans": [{"Node Type": "Seq Scan", "Parent Relationship": "Outer", "Parallel Aware": false, "Async Capable": false, "Relation Name": "comments", "Alias": "c", "Startup Cost": 0.0, "Total Cost": 3958.57, "Plan Rows": 1055, "Plan Width": 4, "Actual Rows": 1008, "Actual Loops": 16, "Filter": "((creationdate >= '2011-12-26 16:59:52'::timestamp without time zone) AND (score = 4))", "Rows Removed by Filter": 173297}, {"Node Type": "Index Only Scan", "Parent Relationship": "Inner", "Parallel Aware": false, "Async Capable": false, "Scan Direction": "Forward", "Index Name": "idx_badges_userid", "Relation Name": "badges", "Alias": "b", "Startup Cost": 0.29, "Total Cost": 0.85, "Plan Rows": 3, "Plan Width": 4, "Actual Rows": 174, "Actual Loops": 16128, "Index Cond": "(userid = c.userid)", "Rows Removed by Index Recheck": 0, "Heap Fetches": 0}]}]}]}, "Planning Time": 2.481, "Triggers": [], "Execution Time": 415.99}, {"Plan": {"Node Type": "Aggregate", "Strategy": "Plain", "Partial Mode": "Simple", "Parallel Aware": false, "Async Capable": false, "Startup Cost": 11670.57, "Total Cost": 11670.58, "Plan Rows": 1, "Plan Width": 8, "Actual Rows": 1, "Actual Loops": 1, "Plans": [{"Node Type": "Hash Join", "Parent Relationship": "Outer", "Parallel Aware": false, "Async Capable": false, "Join Type": "Inner", "Startup Cost": 10398.45, "Total Cost": 11670.44, "Plan Rows": 1.0, "Plan Width": 0, "Actual Rows": 75392, "Actual Loops": 1, "Inner Unique": false, "Hash Cond": "(u.id = c.userid)", "Plans": [{"Node Type": "Nested Loop", "Parent Relationship": "Outer", "Parallel Aware": false, "Async Capable": false, "Join Type": "Inner", "Startup Cost": 0.29, "Total Cost": 1213.06, "Plan Rows": 7.0, "Plan Width": 8, "Actual Rows": 152, "Actual Loops": 1, "Inner Unique": false, "Plans": [{"Node Type": "Seq Scan", "Parent Relationship": "Outer", "Parallel Aware": false, "Async Capable": false, "Relation Name": "users", "Alias": "u", "Startup Cost": 0.0, "Total Cost": 1204.31, "Plan Rows": 2, "Plan Width": 4, "Actual Rows": 1, "Actual Loops": 1, "Filter": "((reputation >= 37331) AND (reputation <= 58904) AND (downvotes <= 1475) AND (creationdate >= '2010-07-25 21:52:11'::timestamp without time zone) AND (creationdate <= '2014-01-16 20:57:53'::timestamp without time zone))", "Rows Removed by Filter": 40324}, {"Node Type": "Index Only Scan", "Parent Relationship": "Inner", "Parallel Aware": false, "Async Capable": false, "Scan Direction": "Forward", "Index Name": "idx_badges_userid", "Relation Name": "badges", "Alias": "b", "Startup Cost": 0.29, "Total Cost": 4.35, "Plan Rows": 3, "Plan Width": 4, "Actual Rows": 152, "Actual Loops": 1, "Index Cond": "(userid = u.id)", "Rows Removed by Index Recheck": 0, "Heap Fetches": 0}]}, {"Node Type": "Hash", "Parent Relationship": "Inner", "Parallel Aware": false, "Async Capable": false, "Startup Cost": 10250.17, "Total Cost": 10250.17, "Plan Rows": 5.0, "Plan Width": 8, "Actual Rows": 89749, "Actual Loops": 1, "Hash Buckets": 131072, "Original Hash Buckets": 16384, "Hash Batches": 1, "Original Hash Batches": 1, "Peak Memory Usage": 4530, "Plans": [{"Node Type": "Gather", "Parent Relationship": "Outer", "Parallel Aware": false, "Async Capable": false, "Startup Cost": 1000.42, "Total Cost": 10250.17, "Plan Rows": 11839, "Plan Width": 8, "Actual Rows": 89749, "Actual Loops": 1, "Workers Planned": 1, "Workers Launched": 1, "Single Copy": false, "Plans": [{"Node Type": "Nested Loop", "Parent Relationship": "Outer", "Parallel Aware": false, "Async Capable": false, "Join Type": "Inner", "Startup Cost": 0.42, "Total Cost": 8066.27, "Plan Rows": 5.0, "Plan Width": 8, "Actual Rows": 44874, "Actual Loops": 2, "Inner Unique": false, "Workers": [], "Plans": [{"Node Type": "Seq Scan", "Parent Relationship": "Outer", "Parallel Aware": true, "Async Capable": false, "Relation Name": "comments", "Alias": "c", "Startup Cost": 0.0, "Total Cost": 2881.99, "Plan Rows": 621, "Plan Width": 4, "Actual Rows": 504, "Actual Loops": 2, "Filter": "((creationdate >= '2011-12-26 16:59:52'::timestamp without time zone) AND (score = 4))", "Rows Removed by Filter": 86648, "Workers": []}, {"Node Type": "Index Scan", "Parent Relationship": "Inner", "Parallel Aware": false, "Async Capable": false, "Scan Direction": "Forward", "Index Name": "idx_posthistory_userid", "Relation Name": "posthistory", "Alias": "ph", "Startup Cost": 0.42, "Total Cost": 8.34, "Plan Rows": 1, "Plan Width": 4, "Actual Rows": 89, "Actual Loops": 1008, "Index Cond": "(userid = c.userid)", "Rows Removed by Index Recheck": 0, "Filter": "((creationdate >= '2009-09-12 20:09:27'::timestamp without time zone) AND (posthistorytypeid = 16))", "Rows Removed by Filter": 2913, "Workers": []}]}]}]}]}]}, "Planning Time": 2.942, "Triggers": [], "Execution Time": 433.378}, {"Plan": {"Node Type": "Aggregate", "Strategy": "Plain", "Partial Mode": "Finalize", "Parallel Aware": false, "Async Capable": false, "Startup Cost": 10314.41, "Total Cost": 10314.42, "Plan Rows": 1, "Plan Width": 8, "Actual Rows": 1, "Actual Loops": 1, "Plans": [{"Node Type": "Gather", "Parent Relationship": "Outer", "Parallel Aware": false, "Async Capable": false, "Startup Cost": 10314.29, "Total Cost": 10314.4, "Plan Rows": 1, "Plan Width": 8, "Actual Rows": 2, "Actual Loops": 1, "Workers Planned": 1, "Workers Launched": 1, "Single Copy": false, "Plans": [{"Node Type": "Aggregate", "Strategy": "Plain", "Partial Mode": "Partial", "Parent Relationship": "Outer", "Parallel Aware": false, "Async Capable": false, "Startup Cost": 9314.29, "Total Cost": 9314.3, "Plan Rows": 1, "Plan Width": 8, "Actual Rows": 1, "Actual Loops": 2, "Workers": [], "Plans": [{"Node Type": "Hash Join", "Parent Relationship": "Outer", "Parallel Aware": false, "Async Capable": false, "Join Type": "Inner", "Startup Cost": 1213.53, "Total Cost": 9314.22, "Plan Rows": 1.0, "Plan Width": 0, "Actual Rows": 37696, "Actual Loops": 2, "Inner Unique": false, "Hash Cond": "(c.userid = u.id)", "Workers": [], "Plans": [{"Node Type": "Nested Loop", "Parent Relationship": "Outer", "Parallel Aware": false, "Async Capable": false, "Join Type": "Inner", "Startup Cost": 0.42, "Total Cost": 8066.27, "Plan Rows": 5.0, "Plan Width": 8, "Actual Rows": 44874, "Actual Loops": 2, "Inner Unique": false, "Workers": [], "Plans": [{"Node Type": "Seq Scan", "Parent Relationship": "Outer", "Parallel Aware": true, "Async Capable": false, "Relation Name": "comments", "Alias": "c", "Startup Cost": 0.0, "Total Cost": 2881.99, "Plan Rows": 621, "Plan Width": 4, "Actual Rows": 504, "Actual Loops": 2, "Filter": "((creationdate >= '2011-12-26 16:59:52'::timestamp without time zone) AND (score = 4))", "Rows Removed by Filter": 86648, "Workers": []}, {"Node Type": "Index Scan", "Parent Relationship": "Inner", "Parallel Aware": false, "Async Capable": false, "Scan Direction": "Forward", "Index Name": "idx_posthistory_userid", "Relation Name": "posthistory", "Alias": "ph", "Startup Cost": 0.42, "Total Cost": 8.34, "Plan Rows": 1, "Plan Width": 4, "Actual Rows": 89, "Actual Loops": 1008, "Index Cond": "(userid = c.userid)", "Rows Removed by Index Recheck": 0, "Filter": "((creationdate >= '2009-09-12 20:09:27'::timestamp without time zone) AND (posthistorytypeid = 16))", "Rows Removed by Filter": 2913, "Workers": []}]}, {"Node Type": "Hash", "Parent Relationship": "Inner", "Parallel Aware": false, "Async Capable": false, "Startup Cost": 1213.06, "Total Cost": 1213.06, "Plan Rows": 7.0, "Plan Width": 8, "Actual Rows": 152, "Actual Loops": 2, "Hash Buckets": 1024, "Original Hash Buckets": 1024, "Hash Batches": 1, "Original Hash Batches": 1, "Peak Memory Usage": 14, "Workers": [], "Plans": [{"Node Type": "Nested Loop", "Parent Relationship": "Outer", "Parallel Aware": false, "Async Capable": false, "Join Type": "Inner", "Startup Cost": 0.29, "Total Cost": 1213.06, "Plan Rows": 7.0, "Plan Width": 8, "Actual Rows": 152, "Actual Loops": 2, "Inner Unique": false, "Workers": [], "Plans": [{"Node Type": "Seq Scan", "Parent Relationship": "Outer", "Parallel Aware": false, "Async Capable": false, "Relation Name": "users", "Alias": "u", "Startup Cost": 0.0, "Total Cost": 1204.31, "Plan Rows": 2, "Plan Width": 4, "Actual Rows": 1, "Actual Loops": 2, "Filter": "((reputation >= 37331) AND (reputation <= 58904) AND (downvotes <= 1475) AND (creationdate >= '2010-07-25 21:52:11'::timestamp without time zone) AND (creationdate <= '2014-01-16 20:57:53'::timestamp without time zone))", "Rows Removed by Filter": 40324, "Workers": []}, {"Node Type": "Index Only Scan", "Parent Relationship": "Inner", "Parallel Aware": false, "Async Capable": false, "Scan Direction": "Forward", "Index Name": "idx_badges_userid", "Relation Name": "badges", "Alias": "b", "Startup Cost": 0.29, "Total Cost": 4.35, "Plan Rows": 3, "Plan Width": 4, "Actual Rows": 152, "Actual Loops": 2, "Index Cond": "(userid = u.id)", "Rows Removed by Index Recheck": 0, "Heap Fetches": 0, "Workers": []}]}]}]}]}]}]}, "Planning Time": 5.949, "Triggers": [], "Execution Time": 419.012}, {"Plan": {"Node Type": "Aggregate", "Strategy": "Plain", "Partial Mode": "Simple", "Parallel Aware": false, "Async Capable": false, "Startup Cost": 18950.34, "Total Cost": 18950.35, "Plan Rows": 1, "Plan Width": 8, "Actual Rows": 1, "Actual Loops": 1, "Plans": [{"Node Type": "Merge Join", "Parent Relationship": "Outer", "Parallel Aware": false, "Async Capable": false, "Join Type": "Inner", "Startup Cost": 10279.14, "Total Cost": 18950.21, "Plan Rows": 1.0, "Plan Width": 0, "Actual Rows": 75392, "Actual Loops": 1, "Inner Unique": false, "Merge Cond": "(u.id = c.userid)", "Plans": [{"Node Type": "Index Scan", "Parent Relationship": "Outer", "Parallel Aware": false, "Async Capable": false, "Scan Direction": "Forward", "Index Name": "users_pkey", "Relation Name": "users", "Alias": "u", "Startup Cost": 0.29, "Total Cost": 1861.23, "Plan Rows": 2, "Plan Width": 4, "Actual Rows": 1, "Actual Loops": 1, "Filter": "((reputation >= 37331) AND (reputation <= 58904) AND (downvotes <= 1475) AND (creationdate >= '2010-07-25 21:52:11'::timestamp without time zone) AND (creationdate <= '2014-01-16 20:57:53'::timestamp without time zone))", "Rows Removed by Filter": 40324}, {"Node Type": "Materialize", "Parent Relationship": "Inner", "Parallel Aware": false, "Async Capable": false, "Startup Cost": 10278.85, "Total Cost": 14561.04, "Plan Rows": 183.0, "Plan Width": 12, "Actual Rows": 228131, "Actual Loops": 1, "Plans": [{"Node Type": "Nested Loop", "Parent Relationship": "Outer", "Parallel Aware": false, "Async Capable": false, "Join Type": "Inner", "Startup Cost": 10278.85, "Total Cost": 11919.1, "Plan Rows": 183.0, "Plan Width": 12, "Actual Rows": 228131, "Actual Loops": 1, "Inner Unique": false, "Plans": [{"Node Type": "Merge Join", "Parent Relationship": "Outer", "Parallel Aware": false, "Async Capable": false, "Join Type": "Inner", "Startup Cost": 10278.54, "Total Cost": 10459.67, "Plan Rows": 5.0, "Plan Width": 8, "Actual Rows": 1790, "Actual Loops": 1, "Inner Unique": false, "Merge Cond": "(c.userid = ph.userid)", "Plans": [{"Node Type": "Sort", "Parent Relationship": "Outer", "Parallel Aware": false, "Async Capable": false, "Startup Cost": 4011.55, "Total Cost": 4014.19, "Plan Rows": 1055, "Plan Width": 4, "Actual Rows": 76, "Actual Loops": 1, "Sort Key": ["c.userid"], "Sort Method": "quicksort", "Sort Space Used": 25, "Sort Space Type": "Memory", "Plans": [{"Node Type": "Seq Scan", "Parent Relationship": "Outer", "Parallel Aware": false, "Async Capable": false, "Relation Name": "comments", "Alias": "c", "Startup Cost": 0.0, "Total Cost": 3958.57, "Plan Rows": 1055, "Plan Width": 4, "Actual Rows": 1008, "Actual Loops": 1, "Filter": "((creationdate >= '2011-12-26 16:59:52'::timestamp without time zone) AND (score = 4))", "Rows Removed by Filter": 173297}]}, {"Node Type": "Sort", "Parent Relationship": "Inner", "Parallel Aware": false, "Async Capable": false, "Startup Cost": 6266.43, "Total Cost": 6272.07, "Plan Rows": 2256, "Plan Width": 4, "Actual Rows": 2402, "Actual Loops": 1, "Sort Key": ["ph.userid"], "Sort Method": "quicksort", "Sort Space Used": 97, "Sort Space Type": "Memory", "Plans": [{"Node Type": "Gather", "Parent Relationship": "Outer", "Parallel Aware": false, "Async Capable": false, "Startup Cost": 1000.0, "Total Cost": 6140.78, "Plan Rows": 2256, "Plan Width": 4, "Actual Rows": 2193, "Actual Loops": 1, "Workers Planned": 1, "Workers Launched": 1, "Single Copy": false, "Plans": [{"Node Type": "Seq Scan", "Parent Relationship": "Outer", "Parallel Aware": true, "Async Capable": false, "Relation Name": "posthistory", "Alias": "ph", "Startup Cost": 0.0, "Total Cost": 4915.18, "Plan Rows": 1327, "Plan Width": 4, "Actual Rows": 1096, "Actual Loops": 2, "Filter": "((creationdate >= '2009-09-12 20:09:27'::timestamp without time zone) AND (posthistorytypeid = 16))", "Rows Removed by Filter": 150497, "Workers": []}]}]}]}, {"Node Type": "Memoize", "Parent Relationship": "Inner", "Parallel Aware": false, "Async Capable": false, "Startup Cost": 0.3, "Total Cost": 0.86, "Plan Rows": 3, "Plan Width": 4, "Actual Rows": 127, "Actual Loops": 1790, "Cache Key": "c.userid", "Cache Mode": "logical", "Cache Hits": 1773, "Cache Misses": 17, "Cache Evictions": 0, "Cache Overflows": 0, "Peak Memory Usage": 49, "Plans": [{"Node Type": "Index Only Scan", "Parent Relationship": "Outer", "Parallel Aware": false, "Async Capable": false, "Scan Direction": "Forward", "Index Name": "idx_badges_userid", "Relation Name": "badges", "Alias": "b", "Startup Cost": 0.29, "Total Cost": 0.85, "Plan Rows": 3, "Plan Width": 4, "Actual Rows": 79, "Actual Loops": 17, "Index Cond": "(userid = c.userid)", "Rows Removed by Index Recheck": 0, "Heap Fetches": 0}]}]}]}]}]}, "Planning Time": 2.917, "Triggers": [], "Execution Time": 115.841}, {"Plan": {"Node Type": "Aggregate", "Strategy": "Plain", "Partial Mode": "Finalize", "Parallel Aware": false, "Async Capable": false, "Startup Cost": 13118.38, "Total Cost": 13118.39, "Plan Rows": 1, "Plan Width": 8, "Actual Rows": 1, "Actual Loops": 1, "Plans": [{"Node Type": "Gather", "Parent Relationship": "Outer", "Parallel Aware": false, "Async Capable": false, "Startup Cost": 13118.27, "Total Cost": 13118.38, "Plan Rows": 1, "Plan Width": 8, "Actual Rows": 2, "Actual Loops": 1, "Workers Planned": 1, "Workers Launched": 1, "Single Copy": false, "Plans": [{"Node Type": "Aggregate", "Strategy": "Plain", "Partial Mode": "Partial", "Parent Relationship": "Outer", "Parallel Aware": false, "Async Capable": false, "Startup Cost": 12118.27, "Total Cost": 12118.28, "Plan Rows": 1, "Plan Width": 8, "Actual Rows": 1, "Actual Loops": 2, "Workers": [], "Plans": [{"Node Type": "Hash Join", "Parent Relationship": "Outer", "Parallel Aware": false, "Async Capable": false, "Join Type": "Inner", "Startup Cost": 1205.06, "Total Cost": 12118.19, "Plan Rows": 1.0, "Plan Width": 0, "Actual Rows": 37696, "Actual Loops": 2, "Inner Unique": true, "Hash Cond": "(c.userid = u.id)", "Workers": [], "Plans": [{"Node Type": "Nested Loop", "Parent Relationship": "Outer", "Parallel Aware": false, "Async Capable": false, "Join Type": "Inner", "Startup Cost": 0.72, "Total Cost": 9281.9, "Plan Rows": 183.0, "Plan Width": 12, "Actual Rows": 19471446, "Actual Loops": 2, "Inner Unique": false, "Workers": [], "Plans": [{"Node Type": "Nested Loop", "Parent Relationship": "Outer", "Parallel Aware": false, "Async Capable": false, "Join Type": "Inner", "Startup Cost": 0.42, "Total Cost": 8066.27, "Plan Rows": 5.0, "Plan Width": 8, "Actual Rows": 44874, "Actual Loops": 2, "Inner Unique": false, "Workers": [], "Plans": [{"Node Type": "Seq Scan", "Parent Relationship": "Outer", "Parallel Aware": true, "Async Capable": false, "Relation Name": "comments", "Alias": "c", "Startup Cost": 0.0, "Total Cost": 2881.99, "Plan Rows": 621, "Plan Width": 4, "Actual Rows": 504, "Actual Loops": 2, "Filter": "((creationdate >= '2011-12-26 16:59:52'::timestamp without time zone) AND (score = 4))", "Rows Removed by Filter": 86648, "Workers": []}, {"Node Type": "Index Scan", "Parent Relationship": "Inner", "Parallel Aware": false, "Async Capable": false, "Scan Direction": "Forward", "Index Name": "idx_posthistory_userid", "Relation Name": "posthistory", "Alias": "ph", "Startup Cost": 0.42, "Total Cost": 8.34, "Plan Rows": 1, "Plan Width": 4, "Actual Rows": 89, "Actual Loops": 1008, "Index Cond": "(userid = c.userid)", "Rows Removed by Index Recheck": 0, "Filter": "((creationdate >= '2009-09-12 20:09:27'::timestamp without time zone) AND (posthistorytypeid = 16))", "Rows Removed by Filter": 2913, "Workers": []}]}, {"Node Type": "Memoize", "Parent Relationship": "Inner", "Parallel Aware": false, "Async Capable": false, "Startup Cost": 0.3, "Total Cost": 0.86, "Plan Rows": 3, "Plan Width": 4, "Actual Rows": 434, "Actual Loops": 89749, "Cache Key": "c.userid", "Cache Mode": "logical", "Cache Hits": 45001, "Cache Misses": 74, "Cache Evictions": 0, "Cache Overflows": 0, "Peak Memory Usage": 182, "Workers": [{"Worker Number": 0, "Cache Hits": 44600, "Cache Misses": 74, "Cache Evictions": 0, "Cache Overflows": 0, "Peak Memory Usage": 191}], "Plans": [{"Node Type": "Index Only Scan", "Parent Relationship": "Outer", "Parallel Aware": false, "Async Capable": false, "Scan Direction": "Forward", "Index Name": "idx_badges_userid", "Relation Name": "badges", "Alias": "b", "Startup Cost": 0.29, "Total Cost": 0.85, "Plan Rows": 3, "Plan Width": 4, "Actual Rows": 70, "Actual Loops": 148, "Index Cond": "(userid = c.userid)", "Rows Removed by Index Recheck": 0, "Heap Fetches": 0, "Workers": []}]}]}, {"Node Type": "Hash", "Parent Relationship": "Inner", "Parallel Aware": false, "Async Capable": false, "Startup Cost": 1204.31, "Total Cost": 1204.31, "Plan Rows": 2, "Plan Width": 4, "Actual Rows": 1, "Actual Loops": 2, "Hash Buckets": 1024, "Original Hash Buckets": 1024, "Hash Batches": 1, "Original Hash Batches": 1, "Peak Memory Usage": 9, "Workers": [], "Plans": [{"Node Type": "Seq Scan", "Parent Relationship": "Outer", "Parallel Aware": false, "Async Capable": false, "Relation Name": "users", "Alias": "u", "Startup Cost": 0.0, "Total Cost": 1204.31, "Plan Rows": 2, "Plan Width": 4, "Actual Rows": 1, "Actual Loops": 2, "Filter": "((reputation >= 37331) AND (reputation <= 58904) AND (downvotes <= 1475) AND (creationdate >= '2010-07-25 21:52:11'::timestamp without time zone) AND (creationdate <= '2014-01-16 20:57:53'::timestamp without time zone))", "Rows Removed by Filter": 40324, "Workers": []}]}]}]}]}]}, "Planning Time": 5.53, "Triggers": [], "Execution Time": 1699.967}]