[{"Plan": {"Node Type": "Aggregate", "Strategy": "Plain", "Partial Mode": "Simple", "Parallel Aware": false, "Async Capable": false, "Startup Cost": 3327.45, "Total Cost": 3327.46, "Plan Rows": 1, "Plan Width": 8, "Actual Rows": 1, "Actual Loops": 1, "Plans": [{"Node Type": "Nested Loop", "Parent Relationship": "Outer", "Parallel Aware": false, "Async Capable": false, "Join Type": "Inner", "Startup Cost": 1.0, "Total Cost": 3327.4, "Plan Rows": 1.0, "Plan Width": 0, "Actual Rows": 2895, "Actual Loops": 1, "Inner Unique": false, "Plans": [{"Node Type": "Nested Loop", "Parent Relationship": "Outer", "Parallel Aware": false, "Async Capable": false, "Join Type": "Inner", "Startup Cost": 0.58, "Total Cost": 3325.54, "Plan Rows": 37.0, "Plan Width": 12, "Actual Rows": 147, "Actual Loops": 1, "Inner Unique": false, "Plans": [{"Node Type": "Nested Loop", "Parent Relationship": "Outer", "Parallel Aware": false, "Async Capable": false, "Join Type": "Inner", "Startup Cost": 0.29, "Total Cost": 3322.65, "Plan Rows": 15.0, "Plan Width": 8, "Actual Rows": 50, "Actual Loops": 1, "Inner Unique": true, "Plans": [{"Node Type": "Seq Scan", "Parent Relationship": "Outer", "Parallel Aware": false, "Async Capable": false, "Relation Name": "posts", "Alias": "p", "Startup Cost": 0.0, "Total Cost": 3139.4, "Plan Rows": 23, "Plan Width": 4, "Actual Rows": 123, "Actual Loops": 1, "Filter": "((answercount <= 42) AND (commentcount >= 1) AND (commentcount <= 44) AND (favoritecount >= 20) AND (favoritecount <= 156) AND (creationdate <= '2013-06-12 17:25:43'::timestamp without time zone))", "Rows Removed by Filter": 91853}, {"Node Type": "Index Scan", "Parent Relationship": "Inner", "Parallel Aware": false, "Async Capable": false, "Scan Direction": "Forward", "Index Name": "users_pkey", "Relation Name": "users", "Alias": "u", "Startup Cost": 0.29, "Total Cost": 7.97, "Plan Rows": 1, "Plan Width": 4, "Actual Rows": 0, "Actual Loops": 123, "Index Cond": "(id = p.owneruserid)", "Rows Removed by Index Recheck": 0, "Filter": "((reputation <= 49988) AND (creationdate >= '2010-08-03 14:10:31'::timestamp without time zone) AND (creationdate <= '2012-02-15 21:53:08'::timestamp without time zone))", "Rows Removed by Filter": 1}]}, {"Node Type": "Index Scan", "Parent Relationship": "Inner", "Parallel Aware": false, "Async Capable": false, "Scan Direction": "Forward", "Index Name": "idx_badges_userid", "Relation Name": "badges", "Alias": "b", "Startup Cost": 0.29, "Total Cost": 0.71, "Plan Rows": 1, "Plan Width": 4, "Actual Rows": 3, "Actual Loops": 50, "Index Cond": "(userid = u.id)", "Rows Removed by Index Recheck": 0, "Filter": "((date >= '2013-11-20 16:24:09'::timestamp without time zone) AND (date <= '2014-03-12 19:22:13'::timestamp without time zone))", "Rows Removed by Filter": 39}]}, {"Node Type": "Index Scan", "Parent Relationship": "Inner", "Parallel Aware": false, "Async Capable": false, "Scan Direction": "Forward", "Index Name": "idx_posthistory_userid", "Relation Name": "posthistory", "Alias": "ph", "Startup Cost": 0.42, "Total Cost": 1.85, "Plan Rows": 1, "Plan Width": 4, "Actual Rows": 20, "Actual Loops": 147, "Index Cond": "(userid = b.userid)", "Rows Removed by Index Recheck": 0, "Filter": "((creationdate >= '2010-07-21 17:54:46'::timestamp without time zone) AND (creationdate <= '2011-11-21 13:11:34'::timestamp without time zone) AND (posthistorytypeid = 5))", "Rows Removed by Filter": 1818}]}]}, "Planning Time": 2.011, "Triggers": [], "Execution Time": 64.346}, {"Plan": {"Node Type": "Aggregate", "Strategy": "Plain", "Partial Mode": "Simple", "Parallel Aware": false, "Async Capable": false, "Startup Cost": 4998.82, "Total Cost": 4998.83, "Plan Rows": 1, "Plan Width": 8, "Actual Rows": 1, "Actual Loops": 1, "Plans": [{"Node Type": "Hash Join", "Parent Relationship": "Outer", "Parallel Aware": false, "Async Capable": false, "Join Type": "Inner", "Startup Cost": 3333.17, "Total Cost": 4998.77, "Plan Rows": 1.0, "Plan Width": 0, "Actual Rows": 2895, "Actual Loops": 1, "Inner Unique": false, "Hash Cond": "(b.userid = u.id)", "Plans": [{"Node Type": "Seq Scan", "Parent Relationship": "Outer", "Parallel Aware": false, "Async Capable": false, "Relation Name": "badges", "Alias": "b", "Startup Cost": 0.0, "Total Cost": 1629.76, "Plan Rows": 9507, "Plan Width": 4, "Actual Rows": 9510, "Actual Loops": 1, "Filter": "((date >= '2013-11-20 16:24:09'::timestamp without time zone) AND (date <= '2014-03-12 19:22:13'::timestamp without time zone))", "Rows Removed by Filter": 70341}, {"Node Type": "Hash", "Parent Relationship": "Inner", "Parallel Aware": false, "Async Capable": false, "Startup Cost": 3332.17, "Total Cost": 3332.17, "Plan Rows": 1.0, "Plan Width": 12, "Actual Rows": 575, "Actual Loops": 1, "Hash Buckets": 1024, "Original Hash Buckets": 1024, "Hash Batches": 1, "Original Hash Batches": 1, "Peak Memory Usage": 33, "Plans": [{"Node Type": "Nested Loop", "Parent Relationship": "Outer", "Parallel Aware": false, "Async Capable": false, "Join Type": "Inner", "Startup Cost": 0.71, "Total Cost": 3332.17, "Plan Rows": 1.0, "Plan Width": 12, "Actual Rows": 575, "Actual Loops": 1, "Inner Unique": false, "Plans": [{"Node Type": "Nested Loop", "Parent Relationship": "Outer", "Parallel Aware": false, "Async Capable": false, "Join Type": "Inner", "Startup Cost": 0.29, "Total Cost": 3322.65, "Plan Rows": 15.0, "Plan Width": 8, "Actual Rows": 50, "Actual Loops": 1, "Inner Unique": true, "Plans": [{"Node Type": "Seq Scan", "Parent Relationship": "Outer", "Parallel Aware": false, "Async Capable": false, "Relation Name": "posts", "Alias": "p", "Startup Cost": 0.0, "Total Cost": 3139.4, "Plan Rows": 23, "Plan Width": 4, "Actual Rows": 123, "Actual Loops": 1, "Filter": "((answercount <= 42) AND (commentcount >= 1) AND (commentcount <= 44) AND (favoritecount >= 20) AND (favoritecount <= 156) AND (creationdate <= '2013-06-12 17:25:43'::timestamp without time zone))", "Rows Removed by Filter": 91853}, {"Node Type": "Index Scan", "Parent Relationship": "Inner", "Parallel Aware": false, "Async Capable": false, "Scan Direction": "Forward", "Index Name": "users_pkey", "Relation Name": "users", "Alias": "u", "Startup Cost": 0.29, "Total Cost": 7.97, "Plan Rows": 1, "Plan Width": 4, "Actual Rows": 0, "Actual Loops": 123, "Index Cond": "(id = p.owneruserid)", "Rows Removed by Index Recheck": 0, "Filter": "((reputation <= 49988) AND (creationdate >= '2010-08-03 14:10:31'::timestamp without time zone) AND (creationdate <= '2012-02-15 21:53:08'::timestamp without time zone))", "Rows Removed by Filter": 1}]}, {"Node Type": "Index Scan", "Parent Relationship": "Inner", "Parallel Aware": false, "Async Capable": false, "Scan Direction": "Forward", "Index Name": "idx_posthistory_userid", "Relation Name": "posthistory", "Alias": "ph", "Startup Cost": 0.42, "Total Cost": 2.37, "Plan Rows": 1, "Plan Width": 4, "Actual Rows": 12, "Actual Loops": 50, "Index Cond": "(userid = u.id)", "Rows Removed by Index Recheck": 0, "Filter": "((creationdate >= '2010-07-21 17:54:46'::timestamp without time zone) AND (creationdate <= '2011-11-21 13:11:34'::timestamp without time zone) AND (posthistorytypeid = 5))", "Rows Removed by Filter": 314}]}]}]}]}, "Planning Time": 1.792, "Triggers": [], "Execution Time": 27.941}, {"Plan": {"Node Type": "Aggregate", "Strategy": "Plain", "Partial Mode": "Simple", "Parallel Aware": false, "Async Capable": false, "Startup Cost": 3377.88, "Total Cost": 3377.89, "Plan Rows": 1, "Plan Width": 8, "Actual Rows": 1, "Actual Loops": 1, "Plans": [{"Node Type": "Nested Loop", "Parent Relationship": "Outer", "Parallel Aware": false, "Async Capable": false, "Join Type": "Inner", "Startup Cost": 1.0, "Total Cost": 3377.84, "Plan Rows": 1.0, "Plan Width": 0, "Actual Rows": 2895, "Actual Loops": 1, "Inner Unique": false, "Join Filter": "(u.id = b.userid)", "Rows Removed by Join Filter": 0, "Plans": [{"Node Type": "Nested Loop", "Parent Relationship": "Outer", "Parallel Aware": false, "Async Capable": false, "Join Type": "Inner", "Startup Cost": 0.71, "Total Cost": 3332.17, "Plan Rows": 1.0, "Plan Width": 12, "Actual Rows": 575, "Actual Loops": 1, "Inner Unique": false, "Plans": [{"Node Type": "Nested Loop", "Parent Relationship": "Outer", "Parallel Aware": false, "Async Capable": false, "Join Type": "Inner", "Startup Cost": 0.29, "Total Cost": 3322.65, "Plan Rows": 15.0, "Plan Width": 8, "Actual Rows": 50, "Actual Loops": 1, "Inner Unique": true, "Plans": [{"Node Type": "Seq Scan", "Parent Relationship": "Outer", "Parallel Aware": false, "Async Capable": false, "Relation Name": "posts", "Alias": "p", "Startup Cost": 0.0, "Total Cost": 3139.4, "Plan Rows": 23, "Plan Width": 4, "Actual Rows": 123, "Actual Loops": 1, "Filter": "((answercount <= 42) AND (commentcount >= 1) AND (commentcount <= 44) AND (favoritecount >= 20) AND (favoritecount <= 156) AND (creationdate <= '2013-06-12 17:25:43'::timestamp without time zone))", "Rows Removed by Filter": 91853}, {"Node Type": "Index Scan", "Parent Relationship": "Inner", "Parallel Aware": false, "Async Capable": false, "Scan Direction": "Forward", "Index Name": "users_pkey", "Relation Name": "users", "Alias": "u", "Startup Cost": 0.29, "Total Cost": 7.97, "Plan Rows": 1, "Plan Width": 4, "Actual Rows": 0, "Actual Loops": 123, "Index Cond": "(id = p.owneruserid)", "Rows Removed by Index Recheck": 0, "Filter": "((reputation <= 49988) AND (creationdate >= '2010-08-03 14:10:31'::timestamp without time zone) AND (creationdate <= '2012-02-15 21:53:08'::timestamp without time zone))", "Rows Removed by Filter": 1}]}, {"Node Type": "Index Scan", "Parent Relationship": "Inner", "Parallel Aware": false, "Async Capable": false, "Scan Direction": "Forward", "Index Name": "idx_posthistory_userid", "Relation Name": "posthistory", "Alias": "ph", "Startup Cost": 0.42, "Total Cost": 2.37, "Plan Rows": 1, "Plan Width": 4, "Actual Rows": 12, "Actual Loops": 50, "Index Cond": "(userid = u.id)", "Rows Removed by Index Recheck": 0, "Filter": "((creationdate >= '2010-07-21 17:54:46'::timestamp without time zone) AND (creationdate <= '2011-11-21 13:11:34'::timestamp without time zone) AND (posthistorytypeid = 5))", "Rows Removed by Filter": 314}]}, {"Node Type": "Index Scan", "Parent Relationship": "Inner", "Parallel Aware": false, "Async Capable": false, "Scan Direction": "Forward", "Index Name": "idx_badges_userid", "Relation Name": "badges", "Alias": "b", "Startup Cost": 0.29, "Total Cost": 0.56, "Plan Rows": 1, "Plan Width": 4, "Actual Rows": 5, "Actual Loops": 575, "Index Cond": "(userid = ph.userid)", "Rows Removed by Index Recheck": 0, "Filter": "((date >= '2013-11-20 16:24:09'::timestamp without time zone) AND (date <= '2014-03-12 19:22:13'::timestamp without time zone))", "Rows Removed by Filter": 72}]}]}, "Planning Time": 1.71, "Triggers": [], "Execution Time": 26.095}, {"Plan": {"Node Type": "Aggregate", "Strategy": "Plain", "Partial Mode": "Finalize", "Parallel Aware": false, "Async Capable": false, "Startup Cost": 9711.95, "Total Cost": 9711.96, "Plan Rows": 1, "Plan Width": 8, "Actual Rows": 1, "Actual Loops": 1, "Plans": [{"Node Type": "Gather", "Parent Relationship": "Outer", "Parallel Aware": false, "Async Capable": false, "Startup Cost": 9711.84, "Total Cost": 9711.95, "Plan Rows": 1, "Plan Width": 8, "Actual Rows": 2, "Actual Loops": 1, "Workers Planned": 1, "Workers Launched": 1, "Single Copy": false, "Plans": [{"Node Type": "Aggregate", "Strategy": "Plain", "Partial Mode": "Partial", "Parent Relationship": "Outer", "Parallel Aware": false, "Async Capable": false, "Startup Cost": 8711.84, "Total Cost": 8711.85, "Plan Rows": 1, "Plan Width": 8, "Actual Rows": 1, "Actual Loops": 2, "Workers": [], "Plans": [{"Node Type": "Hash Join", "Parent Relationship": "Outer", "Parallel Aware": false, "Async Capable": false, "Join Type": "Inner", "Startup Cost": 3325.55, "Total Cost": 8711.81, "Plan Rows": 1.0, "Plan Width": 0, "Actual Rows": 1448, "Actual Loops": 2, "Inner Unique": false, "Hash Cond": "(ph.userid = b.userid)", "Workers": [], "Plans": [{"Node Type": "Seq Scan", "Parent Relationship": "Outer", "Parallel Aware": true, "Async Capable": false, "Relation Name": "posthistory", "Alias": "ph", "Startup Cost": 0.0, "Total Cost": 5361.04, "Plan Rows": 6715, "Plan Width": 4, "Actual Rows": 5284, "Actual Loops": 2, "Filter": "((creationdate >= '2010-07-21 17:54:46'::timestamp without time zone) AND (creationdate <= '2011-11-21 13:11:34'::timestamp without time zone) AND (posthistorytypeid = 5))", "Rows Removed by Filter": 146309, "Workers": []}, {"Node Type": "Hash", "Parent Relationship": "Inner", "Parallel Aware": false, "Async Capable": false, "Startup Cost": 3325.54, "Total Cost": 3325.54, "Plan Rows": 37.0, "Plan Width": 12, "Actual Rows": 147, "Actual Loops": 2, "Hash Buckets": 1024, "Original Hash Buckets": 1024, "Hash Batches": 1, "Original Hash Batches": 1, "Peak Memory Usage": 15, "Workers": [], "Plans": [{"Node Type": "Nested Loop", "Parent Relationship": "Outer", "Parallel Aware": false, "Async Capable": false, "Join Type": "Inner", "Startup Cost": 0.58, "Total Cost": 3325.54, "Plan Rows": 37.0, "Plan Width": 12, "Actual Rows": 147, "Actual Loops": 2, "Inner Unique": false, "Workers": [], "Plans": [{"Node Type": "Nested Loop", "Parent Relationship": "Outer", "Parallel Aware": false, "Async Capable": false, "Join Type": "Inner", "Startup Cost": 0.29, "Total Cost": 3322.65, "Plan Rows": 15.0, "Plan Width": 8, "Actual Rows": 50, "Actual Loops": 2, "Inner Unique": true, "Workers": [], "Plans": [{"Node Type": "Seq Scan", "Parent Relationship": "Outer", "Parallel Aware": false, "Async Capable": false, "Relation Name": "posts", "Alias": "p", "Startup Cost": 0.0, "Total Cost": 3139.4, "Plan Rows": 23, "Plan Width": 4, "Actual Rows": 123, "Actual Loops": 2, "Filter": "((answercount <= 42) AND (commentcount >= 1) AND (commentcount <= 44) AND (favoritecount >= 20) AND (favoritecount <= 156) AND (creationdate <= '2013-06-12 17:25:43'::timestamp without time zone))", "Rows Removed by Filter": 91853, "Workers": []}, {"Node Type": "Index Scan", "Parent Relationship": "Inner", "Parallel Aware": false, "Async Capable": false, "Scan Direction": "Forward", "Index Name": "users_pkey", "Relation Name": "users", "Alias": "u", "Startup Cost": 0.29, "Total Cost": 7.97, "Plan Rows": 1, "Plan Width": 4, "Actual Rows": 0, "Actual Loops": 246, "Index Cond": "(id = p.owneruserid)", "Rows Removed by Index Recheck": 0, "Filter": "((reputation <= 49988) AND (creationdate >= '2010-08-03 14:10:31'::timestamp without time zone) AND (creationdate <= '2012-02-15 21:53:08'::timestamp without time zone))", "Rows Removed by Filter": 1, "Workers": []}]}, {"Node Type": "Index Scan", "Parent Relationship": "Inner", "Parallel Aware": false, "Async Capable": false, "Scan Direction": "Forward", "Index Name": "idx_badges_userid", "Relation Name": "badges", "Alias": "b", "Startup Cost": 0.29, "Total Cost": 0.71, "Plan Rows": 1, "Plan Width": 4, "Actual Rows": 3, "Actual Loops": 100, "Index Cond": "(userid = u.id)", "Rows Removed by Index Recheck": 0, "Filter": "((date >= '2013-11-20 16:24:09'::timestamp without time zone) AND (date <= '2014-03-12 19:22:13'::timestamp without time zone))", "Rows Removed by Filter": 39, "Workers": []}]}]}]}]}]}]}, "Planning Time": 2.797, "Triggers": [], "Execution Time": 57.713}, {"Plan": {"Node Type": "Aggregate", "Strategy": "Plain", "Partial Mode": "Simple", "Parallel Aware": false, "Async Capable": false, "Startup Cost": 5868.06, "Total Cost": 5868.07, "Plan Rows": 1, "Plan Width": 8, "Actual Rows": 1, "Actual Loops": 1, "Plans": [{"Node Type": "Nested Loop", "Parent Relationship": "Outer", "Parallel Aware": false, "Async Capable": false, "Join Type": "Inner", "Startup Cost": 1083.7, "Total Cost": 5868.02, "Plan Rows": 1.0, "Plan Width": 0, "Actual Rows": 2895, "Actual Loops": 1, "Inner Unique": false, "Join Filter": "(p.owneruserid = b.userid)", "Rows Removed by Join Filter": 0, "Plans": [{"Node Type": "Nested Loop", "Parent Relationship": "Outer", "Parallel Aware": false, "Async Capable": false, "Join Type": "Inner", "Startup Cost": 1083.41, "Total Cost": 5558.83, "Plan Rows": 5.0, "Plan Width": 12, "Actual Rows": 35665, "Actual Loops": 1, "Inner Unique": false, "Plans": [{"Node Type": "Hash Join", "Parent Relationship": "Outer", "Parallel Aware": false, "Async Capable": false, "Join Type": "Inner", "Startup Cost": 1082.99, "Total Cost": 2737.71, "Plan Rows": 187.0, "Plan Width": 8, "Actual Rows": 1319, "Actual Loops": 1, "Inner Unique": true, "Hash Cond": "(b.userid = u.id)", "Plans": [{"Node Type": "Seq Scan", "Parent Relationship": "Outer", "Parallel Aware": false, "Async Capable": false, "Relation Name": "badges", "Alias": "b", "Startup Cost": 0.0, "Total Cost": 1629.76, "Plan Rows": 9507, "Plan Width": 4, "Actual Rows": 9510, "Actual Loops": 1, "Filter": "((date >= '2013-11-20 16:24:09'::timestamp without time zone) AND (date <= '2014-03-12 19:22:13'::timestamp without time zone))", "Rows Removed by Filter": 70341}, {"Node Type": "Hash", "Parent Relationship": "Inner", "Parallel Aware": false, "Async Capable": false, "Startup Cost": 1002.69, "Total Cost": 1002.69, "Plan Rows": 6424, "Plan Width": 4, "Actual Rows": 6433, "Actual Loops": 1, "Hash Buckets": 8192, "Original Hash Buckets": 8192, "Hash Batches": 1, "Original Hash Batches": 1, "Peak Memory Usage": 291, "Plans": [{"Node Type": "Seq Scan", "Parent Relationship": "Outer", "Parallel Aware": false, "Async Capable": false, "Relation Name": "users", "Alias": "u", "Startup Cost": 0.0, "Total Cost": 1002.69, "Plan Rows": 6424, "Plan Width": 4, "Actual Rows": 6433, "Actual Loops": 1, "Filter": "((reputation <= 49988) AND (creationdate >= '2010-08-03 14:10:31'::timestamp without time zone) AND (creationdate <= '2012-02-15 21:53:08'::timestamp without time zone))", "Rows Removed by Filter": 33892}]}]}, {"Node Type": "Index Scan", "Parent Relationship": "Inner", "Parallel Aware": false, "Async Capable": false, "Scan Direction": "Forward", "Index Name": "idx_posthistory_userid", "Relation Name": "posthistory", "Alias": "ph", "Startup Cost": 0.42, "Total Cost": 1.85, "Plan Rows": 1, "Plan Width": 4, "Actual Rows": 27, "Actual Loops": 1319, "Index Cond": "(userid = b.userid)", "Rows Removed by Index Recheck": 0, "Filter": "((creationdate >= '2010-07-21 17:54:46'::timestamp without time zone) AND (creationdate <= '2011-11-21 13:11:34'::timestamp without time zone) AND (posthistorytypeid = 5))", "Rows Removed by Filter": 408}]}, {"Node Type": "Index Scan", "Parent Relationship": "Inner", "Parallel Aware": false, "Async Capable": false, "Scan Direction": "Forward", "Index Name": "idx_posts_owneruserid", "Relation Name": "posts", "Alias": "p", "Startup Cost": 0.29, "Total Cost": 0.76, "Plan Rows": 1, "Plan Width": 4, "Actual Rows": 0, "Actual Loops": 35665, "Index Cond": "(owneruserid = ph.userid)", "Rows Removed by Index Recheck": 0, "Filter": "((answercount <= 42) AND (commentcount >= 1) AND (commentcount <= 44) AND (favoritecount >= 20) AND (favoritecount <= 156) AND (creationdate <= '2013-06-12 17:25:43'::timestamp without time zone))", "Rows Removed by Filter": 330}]}]}, "Planning Time": 2.714, "Triggers": [], "Execution Time": 2055.159}, {"Plan": {"Node Type": "Aggregate", "Strategy": "Plain", "Partial Mode": "Simple", "Parallel Aware": false, "Async Capable": false, "Startup Cost": 6857.73, "Total Cost": 6857.74, "Plan Rows": 1, "Plan Width": 8, "Actual Rows": 1, "Actual Loops": 1, "Plans": [{"Node Type": "Merge Join", "Parent Relationship": "Outer", "Parallel Aware": false, "Async Capable": false, "Join Type": "Inner", "Startup Cost": 6843.85, "Total Cost": 6857.68, "Plan Rows": 1.0, "Plan Width": 0, "Actual Rows": 2895, "Actual Loops": 1, "Inner Unique": false, "Merge Cond": "(b.userid = p.owneruserid)", "Plans": [{"Node Type": "Sort", "Parent Relationship": "Outer", "Parallel Aware": false, "Async Capable": false, "Startup Cost": 2817.74, "Total Cost": 2821.53, "Plan Rows": 187.0, "Plan Width": 8, "Actual Rows": 1310, "Actual Loops": 1, "Sort Key": ["u.id"], "Sort Method": "quicksort", "Sort Space Used": 90, "Sort Space Type": "Memory", "Plans": [{"Node Type": "Hash Join", "Parent Relationship": "Outer", "Parallel Aware": false, "Async Capable": false, "Join Type": "Inner", "Startup Cost": 1082.99, "Total Cost": 2737.71, "Plan Rows": 187.0, "Plan Width": 8, "Actual Rows": 1319, "Actual Loops": 1, "Inner Unique": true, "Hash Cond": "(b.userid = u.id)", "Plans": [{"Node Type": "Seq Scan", "Parent Relationship": "Outer", "Parallel Aware": false, "Async Capable": false, "Relation Name": "badges", "Alias": "b", "Startup Cost": 0.0, "Total Cost": 1629.76, "Plan Rows": 9507, "Plan Width": 4, "Actual Rows": 9510, "Actual Loops": 1, "Filter": "((date >= '2013-11-20 16:24:09'::timestamp without time zone) AND (date <= '2014-03-12 19:22:13'::timestamp without time zone))", "Rows Removed by Filter": 70341}, {"Node Type": "Hash", "Parent Relationship": "Inner", "Parallel Aware": false, "Async Capable": false, "Startup Cost": 1002.69, "Total Cost": 1002.69, "Plan Rows": 6424, "Plan Width": 4, "Actual Rows": 6433, "Actual Loops": 1, "Hash Buckets": 8192, "Original Hash Buckets": 8192, "Hash Batches": 1, "Original Hash Batches": 1, "Peak Memory Usage": 291, "Plans": [{"Node Type": "Seq Scan", "Parent Relationship": "Outer", "Parallel Aware": false, "Async Capable": false, "Relation Name": "users", "Alias": "u", "Startup Cost": 0.0, "Total Cost": 1002.69, "Plan Rows": 6424, "Plan Width": 4, "Actual Rows": 6433, "Actual Loops": 1, "Filter": "((reputation <= 49988) AND (creationdate >= '2010-08-03 14:10:31'::timestamp without time zone) AND (creationdate <= '2012-02-15 21:53:08'::timestamp without time zone))", "Rows Removed by Filter": 33892}]}]}]}, {"Node Type": "Sort", "Parent Relationship": "Inner", "Parallel Aware": false, "Async Capable": false, "Startup Cost": 4026.11, "Total Cost": 4027.39, "Plan Rows": 3.0, "Plan Width": 8, "Actual Rows": 6586, "Actual Loops": 1, "Sort Key": ["ph.userid"], "Sort Method": "quicksort", "Sort Space Used": 325, "Sort Space Type": "Memory", "Plans": [{"Node Type": "Nested Loop", "Parent Relationship": "Outer", "Parallel Aware": false, "Async Capable": false, "Join Type": "Inner", "Startup Cost": 0.42, "Total Cost": 4003.07, "Plan Rows": 3.0, "Plan Width": 8, "Actual Rows": 4234, "Actual Loops": 1, "Inner Unique": false, "Plans": [{"Node Type": "Seq Scan", "Parent Relationship": "Outer", "Parallel Aware": false, "Async Capable": false, "Relation Name": "posts", "Alias": "p", "Startup Cost": 0.0, "Total Cost": 3139.4, "Plan Rows": 23, "Plan Width": 4, "Actual Rows": 123, "Actual Loops": 1, "Filter": "((answercount <= 42) AND (commentcount >= 1) AND (commentcount <= 44) AND (favoritecount >= 20) AND (favoritecount <= 156) AND (creationdate <= '2013-06-12 17:25:43'::timestamp without time zone))", "Rows Removed by Filter": 91853}, {"Node Type": "Index Scan", "Parent Relationship": "Inner", "Parallel Aware": false, "Async Capable": false, "Scan Direction": "Forward", "Index Name": "idx_posthistory_userid", "Relation Name": "posthistory", "Alias": "ph", "Startup Cost": 0.42, "Total Cost": 37.54, "Plan Rows": 1, "Plan Width": 4, "Actual Rows": 34, "Actual Loops": 123, "Index Cond": "(userid = p.owneruserid)", "Rows Removed by Index Recheck": 0, "Filter": "((creationdate >= '2010-07-21 17:54:46'::timestamp without time zone) AND (creationdate <= '2011-11-21 13:11:34'::timestamp without time zone) AND (posthistorytypeid = 5))", "Rows Removed by Filter": 263}]}]}]}]}, "Planning Time": 2.77, "Triggers": [], "Execution Time": 54.667}, {"Plan": {"Node Type": "Aggregate", "Strategy": "Plain", "Partial Mode": "Simple", "Parallel Aware": false, "Async Capable": false, "Startup Cost": 11068.71, "Total Cost": 11068.72, "Plan Rows": 1, "Plan Width": 8, "Actual Rows": 1, "Actual Loops": 1, "Plans": [{"Node Type": "Hash Join", "Parent Relationship": "Outer", "Parallel Aware": false, "Async Capable": false, "Join Type": "Inner", "Startup Cost": 7652.3, "Total Cost": 11068.67, "Plan Rows": 1.0, "Plan Width": 0, "Actual Rows": 2895, "Actual Loops": 1, "Inner Unique": false, "Hash Cond": "(b.userid = u.id)", "Plans": [{"Node Type": "Nested Loop", "Parent Relationship": "Outer", "Parallel Aware": false, "Async Capable": false, "Join Type": "Inner", "Startup Cost": 0.29, "Total Cost": 3416.22, "Plan Rows": 386.0, "Plan Width": 8, "Actual Rows": 327, "Actual Loops": 1, "Inner Unique": false, "Plans": [{"Node Type": "Seq Scan", "Parent Relationship": "Outer", "Parallel Aware": false, "Async Capable": false, "Relation Name": "posts", "Alias": "p", "Startup Cost": 0.0, "Total Cost": 3139.4, "Plan Rows": 23, "Plan Width": 4, "Actual Rows": 123, "Actual Loops": 1, "Filter": "((answercount <= 42) AND (commentcount >= 1) AND (commentcount <= 44) AND (favoritecount >= 20) AND (favoritecount <= 156) AND (creationdate <= '2013-06-12 17:25:43'::timestamp without time zone))", "Rows Removed by Filter": 91853}, {"Node Type": "Index Scan", "Parent Relationship": "Inner", "Parallel Aware": false, "Async Capable": false, "Scan Direction": "Forward", "Index Name": "idx_badges_userid", "Relation Name": "badges", "Alias": "b", "Startup Cost": 0.29, "Total Cost": 12.03, "Plan Rows": 1, "Plan Width": 4, "Actual Rows": 3, "Actual Loops": 123, "Index Cond": "(userid = p.owneruserid)", "Rows Removed by Index Recheck": 0, "Filter": "((date >= '2013-11-20 16:24:09'::timestamp without time zone) AND (date <= '2014-03-12 19:22:13'::timestamp without time zone))", "Rows Removed by Filter": 47}]}, {"Node Type": "Hash", "Parent Relationship": "Inner", "Parallel Aware": false, "Async Capable": false, "Startup Cost": 7630.86, "Total Cost": 7630.86, "Plan Rows": 2.0, "Plan Width": 8, "Actual Rows": 6252, "Actual Loops": 1, "Hash Buckets": 8192, "Original Hash Buckets": 2048, "Hash Batches": 1, "Original Hash Batches": 1, "Peak Memory Usage": 309, "Plans": [{"Node Type": "Gather", "Parent Relationship": "Outer", "Parallel Aware": false, "Async Capable": false, "Startup Cost": 2082.99, "Total Cost": 7630.86, "Plan Rows": 1692, "Plan Width": 8, "Actual Rows": 6252, "Actual Loops": 1, "Workers Planned": 1, "Workers Launched": 1, "Single Copy": false, "Plans": [{"Node Type": "Hash Join", "Parent Relationship": "Outer", "Parallel Aware": false, "Async Capable": false, "Join Type": "Inner", "Startup Cost": 1082.99, "Total Cost": 6461.66, "Plan Rows": 2.0, "Plan Width": 8, "Actual Rows": 3126, "Actual Loops": 2, "Inner Unique": true, "Hash Cond": "(ph.userid = u.id)", "Workers": [], "Plans": [{"Node Type": "Seq Scan", "Parent Relationship": "Outer", "Parallel Aware": true, "Async Capable": false, "Relation Name": "posthistory", "Alias": "ph", "Startup Cost": 0.0, "Total Cost": 5361.04, "Plan Rows": 6715, "Plan Width": 4, "Actual Rows": 5284, "Actual Loops": 2, "Filter": "((creationdate >= '2010-07-21 17:54:46'::timestamp without time zone) AND (creationdate <= '2011-11-21 13:11:34'::timestamp without time zone) AND (posthistorytypeid = 5))", "Rows Removed by Filter": 146309, "Workers": []}, {"Node Type": "Hash", "Parent Relationship": "Inner", "Parallel Aware": false, "Async Capable": false, "Startup Cost": 1002.69, "Total Cost": 1002.69, "Plan Rows": 6424, "Plan Width": 4, "Actual Rows": 6433, "Actual Loops": 2, "Hash Buckets": 8192, "Original Hash Buckets": 8192, "Hash Batches": 1, "Original Hash Batches": 1, "Peak Memory Usage": 291, "Workers": [], "Plans": [{"Node Type": "Seq Scan", "Parent Relationship": "Outer", "Parallel Aware": false, "Async Capable": false, "Relation Name": "users", "Alias": "u", "Startup Cost": 0.0, "Total Cost": 1002.69, "Plan Rows": 6424, "Plan Width": 4, "Actual Rows": 6433, "Actual Loops": 2, "Filter": "((reputation <= 49988) AND (creationdate >= '2010-08-03 14:10:31'::timestamp without time zone) AND (creationdate <= '2012-02-15 21:53:08'::timestamp without time zone))", "Rows Removed by Filter": 33892, "Workers": []}]}]}]}]}]}]}, "Planning Time": 2.768, "Triggers": [], "Execution Time": 66.983}, {"Plan": {"Node Type": "Aggregate", "Strategy": "Plain", "Partial Mode": "Simple", "Parallel Aware": false, "Async Capable": false, "Startup Cost": 15182.4, "Total Cost": 15182.41, "Plan Rows": 1, "Plan Width": 8, "Actual Rows": 1, "Actual Loops": 1, "Plans": [{"Node Type": "Merge Join", "Parent Relationship": "Outer", "Parallel Aware": false, "Async Capable": false, "Join Type": "Inner", "Startup Cost": 13898.98, "Total Cost": 15182.35, "Plan Rows": 1.0, "Plan Width": 0, "Actual Rows": 2895, "Actual Loops": 1, "Inner Unique": false, "Merge Cond": "(b.userid = u.id)", "Plans": [{"Node Type": "Merge Join", "Parent Relationship": "Outer", "Parallel Aware": false, "Async Capable": false, "Join Type": "Inner", "Startup Cost": 10576.29, "Total Cost": 11681.64, "Plan Rows": 43.0, "Plan Width": 8, "Actual Rows": 84149, "Actual Loops": 1, "Inner Unique": false, "Merge Cond": "(b.userid = ph.userid)", "Plans": [{"Node Type": "Sort", "Parent Relationship": "Outer", "Parallel Aware": false, "Async Capable": false, "Startup Cost": 2257.93, "Total Cost": 2281.7, "Plan Rows": 9507, "Plan Width": 4, "Actual Rows": 1474, "Actual Loops": 1, "Sort Key": ["b.userid"], "Sort Method": "quicksort", "Sort Space Used": 385, "Sort Space Type": "Memory", "Plans": [{"Node Type": "Seq Scan", "Parent Relationship": "Outer", "Parallel Aware": false, "Async Capable": false, "Relation Name": "badges", "Alias": "b", "Startup Cost": 0.0, "Total Cost": 1629.76, "Plan Rows": 9507, "Plan Width": 4, "Actual Rows": 9510, "Actual Loops": 1, "Filter": "((date >= '2013-11-20 16:24:09'::timestamp without time zone) AND (date <= '2014-03-12 19:22:13'::timestamp without time zone))", "Rows Removed by Filter": 70341}]}, {"Node Type": "Sort", "Parent Relationship": "Inner", "Parallel Aware": false, "Async Capable": false, "Startup Cost": 8315.07, "Total Cost": 8343.6, "Plan Rows": 11415, "Plan Width": 4, "Actual Rows": 86323, "Actual Loops": 1, "Sort Key": ["ph.userid"], "Sort Method": "quicksort", "Sort Space Used": 385, "Sort Space Type": "Memory", "Plans": [{"Node Type": "Seq Scan", "Parent Relationship": "Outer", "Parallel Aware": false, "Async Capable": false, "Relation Name": "posthistory", "Alias": "ph", "Startup Cost": 0.0, "Total Cost": 7545.77, "Plan Rows": 11415, "Plan Width": 4, "Actual Rows": 10569, "Actual Loops": 1, "Filter": "((creationdate >= '2010-07-21 17:54:46'::timestamp without time zone) AND (creationdate <= '2011-11-21 13:11:34'::timestamp without time zone) AND (posthistorytypeid = 5))", "Rows Removed by Filter": 292618}]}]}, {"Node Type": "Sort", "Parent Relationship": "Inner", "Parallel Aware": false, "Async Capable": false, "Startup Cost": 3322.69, "Total Cost": 3322.7, "Plan Rows": 15.0, "Plan Width": 8, "Actual Rows": 2920, "Actual Loops": 1, "Sort Key": ["p.owneruserid"], "Sort Method": "quicksort", "Sort Space Used": 26, "Sort Space Type": "Memory", "Plans": [{"Node Type": "Nested Loop", "Parent Relationship": "Outer", "Parallel Aware": false, "Async Capable": false, "Join Type": "Inner", "Startup Cost": 0.29, "Total Cost": 3322.65, "Plan Rows": 15.0, "Plan Width": 8, "Actual Rows": 50, "Actual Loops": 1, "Inner Unique": true, "Plans": [{"Node Type": "Seq Scan", "Parent Relationship": "Outer", "Parallel Aware": false, "Async Capable": false, "Relation Name": "posts", "Alias": "p", "Startup Cost": 0.0, "Total Cost": 3139.4, "Plan Rows": 23, "Plan Width": 4, "Actual Rows": 123, "Actual Loops": 1, "Filter": "((answercount <= 42) AND (commentcount >= 1) AND (commentcount <= 44) AND (favoritecount >= 20) AND (favoritecount <= 156) AND (creationdate <= '2013-06-12 17:25:43'::timestamp without time zone))", "Rows Removed by Filter": 91853}, {"Node Type": "Index Scan", "Parent Relationship": "Inner", "Parallel Aware": false, "Async Capable": false, "Scan Direction": "Forward", "Index Name": "users_pkey", "Relation Name": "users", "Alias": "u", "Startup Cost": 0.29, "Total Cost": 7.97, "Plan Rows": 1, "Plan Width": 4, "Actual Rows": 0, "Actual Loops": 123, "Index Cond": "(id = p.owneruserid)", "Rows Removed by Index Recheck": 0, "Filter": "((reputation <= 49988) AND (creationdate >= '2010-08-03 14:10:31'::timestamp without time zone) AND (creationdate <= '2012-02-15 21:53:08'::timestamp without time zone))", "Rows Removed by Filter": 1}]}]}]}]}, "Planning Time": 2.695, "Triggers": [], "Execution Time": 75.723}, {"Plan": {"Node Type": "Aggregate", "Strategy": "Plain", "Partial Mode": "Simple", "Parallel Aware": false, "Async Capable": false, "Startup Cost": 5199.76, "Total Cost": 5199.77, "Plan Rows": 1, "Plan Width": 8, "Actual Rows": 1, "Actual Loops": 1, "Plans": [{"Node Type": "Merge Join", "Parent Relationship": "Outer", "Parallel Aware": false, "Async Capable": false, "Join Type": "Inner", "Startup Cost": 5152.12, "Total Cost": 5199.72, "Plan Rows": 1.0, "Plan Width": 0, "Actual Rows": 2895, "Actual Loops": 1, "Inner Unique": false, "Merge Cond": "(u.id = b.userid)", "Plans": [{"Node Type": "Sort", "Parent Relationship": "Outer", "Parallel Aware": false, "Async Capable": false, "Startup Cost": 1408.98, "Total Cost": 1425.04, "Plan Rows": 6424, "Plan Width": 4, "Actual Rows": 4767, "Actual Loops": 1, "Sort Key": ["u.id"], "Sort Method": "quicksort", "Sort Space Used": 193, "Sort Space Type": "Memory", "Plans": [{"Node Type": "Seq Scan", "Parent Relationship": "Outer", "Parallel Aware": false, "Async Capable": false, "Relation Name": "users", "Alias": "u", "Startup Cost": 0.0, "Total Cost": 1002.69, "Plan Rows": 6424, "Plan Width": 4, "Actual Rows": 6433, "Actual Loops": 1, "Filter": "((reputation <= 49988) AND (creationdate >= '2010-08-03 14:10:31'::timestamp without time zone) AND (creationdate <= '2012-02-15 21:53:08'::timestamp without time zone))", "Rows Removed by Filter": 33892}]}, {"Node Type": "Sort", "Parent Relationship": "Inner", "Parallel Aware": false, "Async Capable": false, "Startup Cost": 3743.14, "Total Cost": 3749.01, "Plan Rows": 11.0, "Plan Width": 12, "Actual Rows": 37568, "Actual Loops": 1, "Sort Key": ["ph.userid"], "Sort Method": "quicksort", "Sort Space Used": 3004, "Sort Space Type": "Memory", "Plans": [{"Node Type": "Nested Loop", "Parent Relationship": "Outer", "Parallel Aware": false, "Async Capable": false, "Join Type": "Inner", "Startup Cost": 0.71, "Total Cost": 3611.75, "Plan Rows": 11.0, "Plan Width": 12, "Actual Rows": 37568, "Actual Loops": 1, "Inner Unique": false, "Plans": [{"Node Type": "Nested Loop", "Parent Relationship": "Outer", "Parallel Aware": false, "Async Capable": false, "Join Type": "Inner", "Startup Cost": 0.29, "Total Cost": 3416.22, "Plan Rows": 386.0, "Plan Width": 8, "Actual Rows": 327, "Actual Loops": 1, "Inner Unique": false, "Plans": [{"Node Type": "Seq Scan", "Parent Relationship": "Outer", "Parallel Aware": false, "Async Capable": false, "Relation Name": "posts", "Alias": "p", "Startup Cost": 0.0, "Total Cost": 3139.4, "Plan Rows": 23, "Plan Width": 4, "Actual Rows": 123, "Actual Loops": 1, "Filter": "((answercount <= 42) AND (commentcount >= 1) AND (commentcount <= 44) AND (favoritecount >= 20) AND (favoritecount <= 156) AND (creationdate <= '2013-06-12 17:25:43'::timestamp without time zone))", "Rows Removed by Filter": 91853}, {"Node Type": "Index Scan", "Parent Relationship": "Inner", "Parallel Aware": false, "Async Capable": false, "Scan Direction": "Forward", "Index Name": "idx_badges_userid", "Relation Name": "badges", "Alias": "b", "Startup Cost": 0.29, "Total Cost": 12.03, "Plan Rows": 1, "Plan Width": 4, "Actual Rows": 3, "Actual Loops": 123, "Index Cond": "(userid = p.owneruserid)", "Rows Removed by Index Recheck": 0, "Filter": "((date >= '2013-11-20 16:24:09'::timestamp without time zone) AND (date <= '2014-03-12 19:22:13'::timestamp without time zone))", "Rows Removed by Filter": 47}]}, {"Node Type": "Index Scan", "Parent Relationship": "Inner", "Parallel Aware": false, "Async Capable": false, "Scan Direction": "Forward", "Index Name": "idx_posthistory_userid", "Relation Name": "posthistory", "Alias": "ph", "Startup Cost": 0.42, "Total Cost": 1.85, "Plan Rows": 1, "Plan Width": 4, "Actual Rows": 115, "Actual Loops": 327, "Index Cond": "(userid = b.userid)", "Rows Removed by Index Recheck": 0, "Filter": "((creationdate >= '2010-07-21 17:54:46'::timestamp without time zone) AND (creationdate <= '2011-11-21 13:11:34'::timestamp without time zone) AND (posthistorytypeid = 5))", "Rows Removed by Filter": 1268}]}]}]}]}, "Planning Time": 2.62, "Triggers": [], "Execution Time": 125.784}, {"Plan": {"Node Type": "Aggregate", "Strategy": "Plain", "Partial Mode": "Simple", "Parallel Aware": false, "Async Capable": false, "Startup Cost": 15360.31, "Total Cost": 15360.32, "Plan Rows": 1, "Plan Width": 8, "Actual Rows": 1, "Actual Loops": 1, "Plans": [{"Node Type": "Merge Join", "Parent Relationship": "Outer", "Parallel Aware": false, "Async Capable": false, "Join Type": "Inner", "Startup Cost": 13898.98, "Total Cost": 15360.26, "Plan Rows": 1.0, "Plan Width": 0, "Actual Rows": 2895, "Actual Loops": 1, "Inner Unique": false, "Merge Cond": "(u.id = b.userid)", "Plans": [{"Node Type": "Sort", "Parent Relationship": "Outer", "Parallel Aware": false, "Async Capable": false, "Startup Cost": 3322.69, "Total Cost": 3322.7, "Plan Rows": 15.0, "Plan Width": 8, "Actual Rows": 50, "Actual Loops": 1, "Sort Key": ["p.owneruserid"], "Sort Method": "quicksort", "Sort Space Used": 26, "Sort Space Type": "Memory", "Plans": [{"Node Type": "Nested Loop", "Parent Relationship": "Outer", "Parallel Aware": false, "Async Capable": false, "Join Type": "Inner", "Startup Cost": 0.29, "Total Cost": 3322.65, "Plan Rows": 15.0, "Plan Width": 8, "Actual Rows": 50, "Actual Loops": 1, "Inner Unique": true, "Plans": [{"Node Type": "Seq Scan", "Parent Relationship": "Outer", "Parallel Aware": false, "Async Capable": false, "Relation Name": "posts", "Alias": "p", "Startup Cost": 0.0, "Total Cost": 3139.4, "Plan Rows": 23, "Plan Width": 4, "Actual Rows": 123, "Actual Loops": 1, "Filter": "((answercount <= 42) AND (commentcount >= 1) AND (commentcount <= 44) AND (favoritecount >= 20) AND (favoritecount <= 156) AND (creationdate <= '2013-06-12 17:25:43'::timestamp without time zone))", "Rows Removed by Filter": 91853}, {"Node Type": "Index Scan", "Parent Relationship": "Inner", "Parallel Aware": false, "Async Capable": false, "Scan Direction": "Forward", "Index Name": "users_pkey", "Relation Name": "users", "Alias": "u", "Startup Cost": 0.29, "Total Cost": 7.97, "Plan Rows": 1, "Plan Width": 4, "Actual Rows": 0, "Actual Loops": 123, "Index Cond": "(id = p.owneruserid)", "Rows Removed by Index Recheck": 0, "Filter": "((reputation <= 49988) AND (creationdate >= '2010-08-03 14:10:31'::timestamp without time zone) AND (creationdate <= '2012-02-15 21:53:08'::timestamp without time zone))", "Rows Removed by Filter": 1}]}]}, {"Node Type": "Materialize", "Parent Relationship": "Inner", "Parallel Aware": false, "Async Capable": false, "Startup Cost": 10576.29, "Total Cost": 11859.56, "Plan Rows": 43.0, "Plan Width": 8, "Actual Rows": 85082, "Actual Loops": 1, "Plans": [{"Node Type": "Merge Join", "Parent Relationship": "Outer", "Parallel Aware": false, "Async Capable": false, "Join Type": "Inner", "Startup Cost": 10576.29, "Total Cost": 11681.64, "Plan Rows": 43.0, "Plan Width": 8, "Actual Rows": 84149, "Actual Loops": 1, "Inner Unique": false, "Merge Cond": "(b.userid = ph.userid)", "Plans": [{"Node Type": "Sort", "Parent Relationship": "Outer", "Parallel Aware": false, "Async Capable": false, "Startup Cost": 2257.93, "Total Cost": 2281.7, "Plan Rows": 9507, "Plan Width": 4, "Actual Rows": 1474, "Actual Loops": 1, "Sort Key": ["b.userid"], "Sort Method": "quicksort", "Sort Space Used": 385, "Sort Space Type": "Memory", "Plans": [{"Node Type": "Seq Scan", "Parent Relationship": "Outer", "Parallel Aware": false, "Async Capable": false, "Relation Name": "badges", "Alias": "b", "Startup Cost": 0.0, "Total Cost": 1629.76, "Plan Rows": 9507, "Plan Width": 4, "Actual Rows": 9510, "Actual Loops": 1, "Filter": "((date >= '2013-11-20 16:24:09'::timestamp without time zone) AND (date <= '2014-03-12 19:22:13'::timestamp without time zone))", "Rows Removed by Filter": 70341}]}, {"Node Type": "Sort", "Parent Relationship": "Inner", "Parallel Aware": false, "Async Capable": false, "Startup Cost": 8315.07, "Total Cost": 8343.6, "Plan Rows": 11415, "Plan Width": 4, "Actual Rows": 86323, "Actual Loops": 1, "Sort Key": ["ph.userid"], "Sort Method": "quicksort", "Sort Space Used": 385, "Sort Space Type": "Memory", "Plans": [{"Node Type": "Seq Scan", "Parent Relationship": "Outer", "Parallel Aware": false, "Async Capable": false, "Relation Name": "posthistory", "Alias": "ph", "Startup Cost": 0.0, "Total Cost": 7545.77, "Plan Rows": 11415, "Plan Width": 4, "Actual Rows": 10569, "Actual Loops": 1, "Filter": "((creationdate >= '2010-07-21 17:54:46'::timestamp without time zone) AND (creationdate <= '2011-11-21 13:11:34'::timestamp without time zone) AND (posthistorytypeid = 5))", "Rows Removed by Filter": 292618}]}]}]}]}]}, "Planning Time": 2.798, "Triggers": [], "Execution Time": 89.287}, {"Plan": {"Node Type": "Aggregate", "Strategy": "Plain", "Partial Mode": "Simple", "Parallel Aware": false, "Async Capable": false, "Startup Cost": 6832.62, "Total Cost": 6832.63, "Plan Rows": 1, "Plan Width": 8, "Actual Rows": 1, "Actual Loops": 1, "Plans": [{"Node Type": "Hash Join", "Parent Relationship": "Outer", "Parallel Aware": false, "Async Capable": false, "Join Type": "Inner", "Startup Cost": 2757.07, "Total Cost": 6832.57, "Plan Rows": 1.0, "Plan Width": 0, "Actual Rows": 2895, "Actual Loops": 1, "Inner Unique": false, "Hash Cond": "(p.owneruserid = b.userid)", "Plans": [{"Node Type": "Nested Loop", "Parent Relationship": "Outer", "Parallel Aware": false, "Async Capable": false, "Join Type": "Inner", "Startup Cost": 0.42, "Total Cost": 4003.07, "Plan Rows": 3.0, "Plan Width": 8, "Actual Rows": 4234, "Actual Loops": 1, "Inner Unique": false, "Plans": [{"Node Type": "Seq Scan", "Parent Relationship": "Outer", "Parallel Aware": false, "Async Capable": false, "Relation Name": "posts", "Alias": "p", "Startup Cost": 0.0, "Total Cost": 3139.4, "Plan Rows": 23, "Plan Width": 4, "Actual Rows": 123, "Actual Loops": 1, "Filter": "((answercount <= 42) AND (commentcount >= 1) AND (commentcount <= 44) AND (favoritecount >= 20) AND (favoritecount <= 156) AND (creationdate <= '2013-06-12 17:25:43'::timestamp without time zone))", "Rows Removed by Filter": 91853}, {"Node Type": "Index Scan", "Parent Relationship": "Inner", "Parallel Aware": false, "Async Capable": false, "Scan Direction": "Forward", "Index Name": "idx_posthistory_userid", "Relation Name": "posthistory", "Alias": "ph", "Startup Cost": 0.42, "Total Cost": 37.54, "Plan Rows": 1, "Plan Width": 4, "Actual Rows": 34, "Actual Loops": 123, "Index Cond": "(userid = p.owneruserid)", "Rows Removed by Index Recheck": 0, "Filter": "((creationdate >= '2010-07-21 17:54:46'::timestamp without time zone) AND (creationdate <= '2011-11-21 13:11:34'::timestamp without time zone) AND (posthistorytypeid = 5))", "Rows Removed by Filter": 263}]}, {"Node Type": "Hash", "Parent Relationship": "Inner", "Parallel Aware": false, "Async Capable": false, "Startup Cost": 2737.71, "Total Cost": 2737.71, "Plan Rows": 187.0, "Plan Width": 8, "Actual Rows": 1319, "Actual Loops": 1, "Hash Buckets": 2048, "Original Hash Buckets": 2048, "Hash Batches": 1, "Original Hash Batches": 1, "Peak Memory Usage": 68, "Plans": [{"Node Type": "Hash Join", "Parent Relationship": "Outer", "Parallel Aware": false, "Async Capable": false, "Join Type": "Inner", "Startup Cost": 1082.99, "Total Cost": 2737.71, "Plan Rows": 187.0, "Plan Width": 8, "Actual Rows": 1319, "Actual Loops": 1, "Inner Unique": true, "Hash Cond": "(b.userid = u.id)", "Plans": [{"Node Type": "Seq Scan", "Parent Relationship": "Outer", "Parallel Aware": false, "Async Capable": false, "Relation Name": "badges", "Alias": "b", "Startup Cost": 0.0, "Total Cost": 1629.76, "Plan Rows": 9507, "Plan Width": 4, "Actual Rows": 9510, "Actual Loops": 1, "Filter": "((date >= '2013-11-20 16:24:09'::timestamp without time zone) AND (date <= '2014-03-12 19:22:13'::timestamp without time zone))", "Rows Removed by Filter": 70341}, {"Node Type": "Hash", "Parent Relationship": "Inner", "Parallel Aware": false, "Async Capable": false, "Startup Cost": 1002.69, "Total Cost": 1002.69, "Plan Rows": 6424, "Plan Width": 4, "Actual Rows": 6433, "Actual Loops": 1, "Hash Buckets": 8192, "Original Hash Buckets": 8192, "Hash Batches": 1, "Original Hash Batches": 1, "Peak Memory Usage": 291, "Plans": [{"Node Type": "Seq Scan", "Parent Relationship": "Outer", "Parallel Aware": false, "Async Capable": false, "Relation Name": "users", "Alias": "u", "Startup Cost": 0.0, "Total Cost": 1002.69, "Plan Rows": 6424, "Plan Width": 4, "Actual Rows": 6433, "Actual Loops": 1, "Filter": "((reputation <= 49988) AND (creationdate >= '2010-08-03 14:10:31'::timestamp without time zone) AND (creationdate <= '2012-02-15 21:53:08'::timestamp without time zone))", "Rows Removed by Filter": 33892}]}]}]}]}]}, "Planning Time": 2.709, "Triggers": [], "Execution Time": 56.198}, {"Plan": {"Node Type": "Aggregate", "Strategy": "Plain", "Partial Mode": "Simple", "Parallel Aware": false, "Async Capable": false, "Startup Cost": 3327.45, "Total Cost": 3327.46, "Plan Rows": 1, "Plan Width": 8, "Actual Rows": 1, "Actual Loops": 1, "Plans": [{"Node Type": "Nested Loop", "Parent Relationship": "Outer", "Parallel Aware": false, "Async Capable": false, "Join Type": "Inner", "Startup Cost": 1.0, "Total Cost": 3327.4, "Plan Rows": 1.0, "Plan Width": 0, "Actual Rows": 2895, "Actual Loops": 1, "Inner Unique": false, "Plans": [{"Node Type": "Nested Loop", "Parent Relationship": "Outer", "Parallel Aware": false, "Async Capable": false, "Join Type": "Inner", "Startup Cost": 0.58, "Total Cost": 3325.54, "Plan Rows": 37.0, "Plan Width": 12, "Actual Rows": 147, "Actual Loops": 1, "Inner Unique": false, "Plans": [{"Node Type": "Nested Loop", "Parent Relationship": "Outer", "Parallel Aware": false, "Async Capable": false, "Join Type": "Inner", "Startup Cost": 0.29, "Total Cost": 3322.65, "Plan Rows": 15.0, "Plan Width": 8, "Actual Rows": 50, "Actual Loops": 1, "Inner Unique": true, "Plans": [{"Node Type": "Seq Scan", "Parent Relationship": "Outer", "Parallel Aware": false, "Async Capable": false, "Relation Name": "posts", "Alias": "p", "Startup Cost": 0.0, "Total Cost": 3139.4, "Plan Rows": 23, "Plan Width": 4, "Actual Rows": 123, "Actual Loops": 1, "Filter": "((answercount <= 42) AND (commentcount >= 1) AND (commentcount <= 44) AND (favoritecount >= 20) AND (favoritecount <= 156) AND (creationdate <= '2013-06-12 17:25:43'::timestamp without time zone))", "Rows Removed by Filter": 91853}, {"Node Type": "Index Scan", "Parent Relationship": "Inner", "Parallel Aware": false, "Async Capable": false, "Scan Direction": "Forward", "Index Name": "users_pkey", "Relation Name": "users", "Alias": "u", "Startup Cost": 0.29, "Total Cost": 7.97, "Plan Rows": 1, "Plan Width": 4, "Actual Rows": 0, "Actual Loops": 123, "Index Cond": "(id = p.owneruserid)", "Rows Removed by Index Recheck": 0, "Filter": "((reputation <= 49988) AND (creationdate >= '2010-08-03 14:10:31'::timestamp without time zone) AND (creationdate <= '2012-02-15 21:53:08'::timestamp without time zone))", "Rows Removed by Filter": 1}]}, {"Node Type": "Index Scan", "Parent Relationship": "Inner", "Parallel Aware": false, "Async Capable": false, "Scan Direction": "Forward", "Index Name": "idx_badges_userid", "Relation Name": "badges", "Alias": "b", "Startup Cost": 0.29, "Total Cost": 0.71, "Plan Rows": 1, "Plan Width": 4, "Actual Rows": 3, "Actual Loops": 50, "Index Cond": "(userid = u.id)", "Rows Removed by Index Recheck": 0, "Filter": "((date >= '2013-11-20 16:24:09'::timestamp without time zone) AND (date <= '2014-03-12 19:22:13'::timestamp without time zone))", "Rows Removed by Filter": 39}]}, {"Node Type": "Index Scan", "Parent Relationship": "Inner", "Parallel Aware": false, "Async Capable": false, "Scan Direction": "Forward", "Index Name": "idx_posthistory_userid", "Relation Name": "posthistory", "Alias": "ph", "Startup Cost": 0.42, "Total Cost": 1.85, "Plan Rows": 1, "Plan Width": 4, "Actual Rows": 20, "Actual Loops": 147, "Index Cond": "(userid = b.userid)", "Rows Removed by Index Recheck": 0, "Filter": "((creationdate >= '2010-07-21 17:54:46'::timestamp without time zone) AND (creationdate <= '2011-11-21 13:11:34'::timestamp without time zone) AND (posthistorytypeid = 5))", "Rows Removed by Filter": 1818}]}]}, "Planning Time": 2.213, "Triggers": [], "Execution Time": 61.385}, {"Plan": {"Node Type": "Aggregate", "Strategy": "Plain", "Partial Mode": "Simple", "Parallel Aware": false, "Async Capable": false, "Startup Cost": 8704.97, "Total Cost": 8704.98, "Plan Rows": 1, "Plan Width": 8, "Actual Rows": 1, "Actual Loops": 1, "Plans": [{"Node Type": "Hash Join", "Parent Relationship": "Outer", "Parallel Aware": false, "Async Capable": false, "Join Type": "Inner", "Startup Cost": 5563.82, "Total Cost": 8704.92, "Plan Rows": 1.0, "Plan Width": 0, "Actual Rows": 2895, "Actual Loops": 1, "Inner Unique": false, "Hash Cond": "(p.owneruserid = b.userid)", "Plans": [{"Node Type": "Seq Scan", "Parent Relationship": "Outer", "Parallel Aware": false, "Async Capable": false, "Relation Name": "posts", "Alias": "p", "Startup Cost": 0.0, "Total Cost": 3139.4, "Plan Rows": 23, "Plan Width": 4, "Actual Rows": 123, "Actual Loops": 1, "Filter": "((answercount <= 42) AND (commentcount >= 1) AND (commentcount <= 44) AND (favoritecount >= 20) AND (favoritecount <= 156) AND (creationdate <= '2013-06-12 17:25:43'::timestamp without time zone))", "Rows Removed by Filter": 91853}, {"Node Type": "Hash", "Parent Relationship": "Inner", "Parallel Aware": false, "Async Capable": false, "Startup Cost": 5558.83, "Total Cost": 5558.83, "Plan Rows": 5.0, "Plan Width": 12, "Actual Rows": 35665, "Actual Loops": 1, "Hash Buckets": 65536, "Original Hash Buckets": 1024, "Hash Batches": 1, "Original Hash Batches": 1, "Peak Memory Usage": 2045, "Plans": [{"Node Type": "Nested Loop", "Parent Relationship": "Outer", "Parallel Aware": false, "Async Capable": false, "Join Type": "Inner", "Startup Cost": 1083.41, "Total Cost": 5558.83, "Plan Rows": 5.0, "Plan Width": 12, "Actual Rows": 35665, "Actual Loops": 1, "Inner Unique": false, "Plans": [{"Node Type": "Hash Join", "Parent Relationship": "Outer", "Parallel Aware": false, "Async Capable": false, "Join Type": "Inner", "Startup Cost": 1082.99, "Total Cost": 2737.71, "Plan Rows": 187.0, "Plan Width": 8, "Actual Rows": 1319, "Actual Loops": 1, "Inner Unique": true, "Hash Cond": "(b.userid = u.id)", "Plans": [{"Node Type": "Seq Scan", "Parent Relationship": "Outer", "Parallel Aware": false, "Async Capable": false, "Relation Name": "badges", "Alias": "b", "Startup Cost": 0.0, "Total Cost": 1629.76, "Plan Rows": 9507, "Plan Width": 4, "Actual Rows": 9510, "Actual Loops": 1, "Filter": "((date >= '2013-11-20 16:24:09'::timestamp without time zone) AND (date <= '2014-03-12 19:22:13'::timestamp without time zone))", "Rows Removed by Filter": 70341}, {"Node Type": "Hash", "Parent Relationship": "Inner", "Parallel Aware": false, "Async Capable": false, "Startup Cost": 1002.69, "Total Cost": 1002.69, "Plan Rows": 6424, "Plan Width": 4, "Actual Rows": 6433, "Actual Loops": 1, "Hash Buckets": 8192, "Original Hash Buckets": 8192, "Hash Batches": 1, "Original Hash Batches": 1, "Peak Memory Usage": 291, "Plans": [{"Node Type": "Seq Scan", "Parent Relationship": "Outer", "Parallel Aware": false, "Async Capable": false, "Relation Name": "users", "Alias": "u", "Startup Cost": 0.0, "Total Cost": 1002.69, "Plan Rows": 6424, "Plan Width": 4, "Actual Rows": 6433, "Actual Loops": 1, "Filter": "((reputation <= 49988) AND (creationdate >= '2010-08-03 14:10:31'::timestamp without time zone) AND (creationdate <= '2012-02-15 21:53:08'::timestamp without time zone))", "Rows Removed by Filter": 33892}]}]}, {"Node Type": "Index Scan", "Parent Relationship": "Inner", "Parallel Aware": false, "Async Capable": false, "Scan Direction": "Forward", "Index Name": "idx_posthistory_userid", "Relation Name": "posthistory", "Alias": "ph", "Startup Cost": 0.42, "Total Cost": 1.85, "Plan Rows": 1, "Plan Width": 4, "Actual Rows": 27, "Actual Loops": 1319, "Index Cond": "(userid = b.userid)", "Rows Removed by Index Recheck": 0, "Filter": "((creationdate >= '2010-07-21 17:54:46'::timestamp without time zone) AND (creationdate <= '2011-11-21 13:11:34'::timestamp without time zone) AND (posthistorytypeid = 5))", "Rows Removed by Filter": 408}]}]}]}]}, "Planning Time": 2.742, "Triggers": [], "Execution Time": 192.066}, {"Plan": {"Node Type": "Aggregate", "Strategy": "Plain", "Partial Mode": "Simple", "Parallel Aware": false, "Async Capable": false, "Startup Cost": 3867.47, "Total Cost": 3867.48, "Plan Rows": 1, "Plan Width": 8, "Actual Rows": 1, "Actual Loops": 1, "Plans": [{"Node Type": "Nested Loop", "Parent Relationship": "Outer", "Parallel Aware": false, "Async Capable": false, "Join Type": "Inner", "Startup Cost": 1.01, "Total Cost": 3867.42, "Plan Rows": 1.0, "Plan Width": 0, "Actual Rows": 2895, "Actual Loops": 1, "Inner Unique": true, "Join Filter": "(u.id = b.userid)", "Rows Removed by Join Filter": 0, "Plans": [{"Node Type": "Nested Loop", "Parent Relationship": "Outer", "Parallel Aware": false, "Async Capable": false, "Join Type": "Inner", "Startup Cost": 0.71, "Total Cost": 3611.75, "Plan Rows": 11.0, "Plan Width": 12, "Actual Rows": 37568, "Actual Loops": 1, "Inner Unique": false, "Plans": [{"Node Type": "Nested Loop", "Parent Relationship": "Outer", "Parallel Aware": false, "Async Capable": false, "Join Type": "Inner", "Startup Cost": 0.29, "Total Cost": 3416.22, "Plan Rows": 386.0, "Plan Width": 8, "Actual Rows": 327, "Actual Loops": 1, "Inner Unique": false, "Plans": [{"Node Type": "Seq Scan", "Parent Relationship": "Outer", "Parallel Aware": false, "Async Capable": false, "Relation Name": "posts", "Alias": "p", "Startup Cost": 0.0, "Total Cost": 3139.4, "Plan Rows": 23, "Plan Width": 4, "Actual Rows": 123, "Actual Loops": 1, "Filter": "((answercount <= 42) AND (commentcount >= 1) AND (commentcount <= 44) AND (favoritecount >= 20) AND (favoritecount <= 156) AND (creationdate <= '2013-06-12 17:25:43'::timestamp without time zone))", "Rows Removed by Filter": 91853}, {"Node Type": "Index Scan", "Parent Relationship": "Inner", "Parallel Aware": false, "Async Capable": false, "Scan Direction": "Forward", "Index Name": "idx_badges_userid", "Relation Name": "badges", "Alias": "b", "Startup Cost": 0.29, "Total Cost": 12.03, "Plan Rows": 1, "Plan Width": 4, "Actual Rows": 3, "Actual Loops": 123, "Index Cond": "(userid = p.owneruserid)", "Rows Removed by Index Recheck": 0, "Filter": "((date >= '2013-11-20 16:24:09'::timestamp without time zone) AND (date <= '2014-03-12 19:22:13'::timestamp without time zone))", "Rows Removed by Filter": 47}]}, {"Node Type": "Index Scan", "Parent Relationship": "Inner", "Parallel Aware": false, "Async Capable": false, "Scan Direction": "Forward", "Index Name": "idx_posthistory_userid", "Relation Name": "posthistory", "Alias": "ph", "Startup Cost": 0.42, "Total Cost": 1.85, "Plan Rows": 1, "Plan Width": 4, "Actual Rows": 115, "Actual Loops": 327, "Index Cond": "(userid = b.userid)", "Rows Removed by Index Recheck": 0, "Filter": "((creationdate >= '2010-07-21 17:54:46'::timestamp without time zone) AND (creationdate <= '2011-11-21 13:11:34'::timestamp without time zone) AND (posthistorytypeid = 5))", "Rows Removed by Filter": 1268}]}, {"Node Type": "Memoize", "Parent Relationship": "Inner", "Parallel Aware": false, "Async Capable": false, "Startup Cost": 0.3, "Total Cost": 7.98, "Plan Rows": 1, "Plan Width": 4, "Actual Rows": 0, "Actual Loops": 37568, "Cache Key": "p.owneruserid", "Cache Mode": "logical", "Cache Hits": 37530, "Cache Misses": 38, "Cache Evictions": 0, "Cache Overflows": 0, "Peak Memory Usage": 4, "Plans": [{"Node Type": "Index Scan", "Parent Relationship": "Outer", "Parallel Aware": false, "Async Capable": false, "Scan Direction": "Forward", "Index Name": "users_pkey", "Relation Name": "users", "Alias": "u", "Startup Cost": 0.29, "Total Cost": 7.97, "Plan Rows": 1, "Plan Width": 4, "Actual Rows": 0, "Actual Loops": 38, "Index Cond": "(id = p.owneruserid)", "Rows Removed by Index Recheck": 0, "Filter": "((reputation <= 49988) AND (creationdate >= '2010-08-03 14:10:31'::timestamp without time zone) AND (creationdate <= '2012-02-15 21:53:08'::timestamp without time zone))", "Rows Removed by Filter": 0}]}]}]}, "Planning Time": 2.449, "Triggers": [], "Execution Time": 101.017}, {"Plan": {"Node Type": "Aggregate", "Strategy": "Plain", "Partial Mode": "Finalize", "Parallel Aware": false, "Async Capable": false, "Startup Cost": 10900.51, "Total Cost": 10900.52, "Plan Rows": 1, "Plan Width": 8, "Actual Rows": 1, "Actual Loops": 1, "Plans": [{"Node Type": "Gather", "Parent Relationship": "Outer", "Parallel Aware": false, "Async Capable": false, "Startup Cost": 10900.4, "Total Cost": 10900.51, "Plan Rows": 1, "Plan Width": 8, "Actual Rows": 2, "Actual Loops": 1, "Workers Planned": 1, "Workers Launched": 1, "Single Copy": false, "Plans": [{"Node Type": "Aggregate", "Strategy": "Plain", "Partial Mode": "Partial", "Parent Relationship": "Outer", "Parallel Aware": false, "Async Capable": false, "Startup Cost": 9900.4, "Total Cost": 9900.41, "Plan Rows": 1, "Plan Width": 8, "Actual Rows": 1, "Actual Loops": 2, "Workers": [], "Plans": [{"Node Type": "Hash Join", "Parent Relationship": "Outer", "Parallel Aware": false, "Async Capable": false, "Join Type": "Inner", "Startup Cost": 4500.52, "Total Cost": 9900.37, "Plan Rows": 1.0, "Plan Width": 0, "Actual Rows": 1448, "Actual Loops": 2, "Inner Unique": false, "Hash Cond": "(u.id = b.userid)", "Workers": [], "Plans": [{"Node Type": "Hash Join", "Parent Relationship": "Outer", "Parallel Aware": false, "Async Capable": false, "Join Type": "Inner", "Startup Cost": 1082.99, "Total Cost": 6461.66, "Plan Rows": 2.0, "Plan Width": 8, "Actual Rows": 3126, "Actual Loops": 2, "Inner Unique": true, "Hash Cond": "(ph.userid = u.id)", "Workers": [], "Plans": [{"Node Type": "Seq Scan", "Parent Relationship": "Outer", "Parallel Aware": true, "Async Capable": false, "Relation Name": "posthistory", "Alias": "ph", "Startup Cost": 0.0, "Total Cost": 5361.04, "Plan Rows": 6715, "Plan Width": 4, "Actual Rows": 5284, "Actual Loops": 2, "Filter": "((creationdate >= '2010-07-21 17:54:46'::timestamp without time zone) AND (creationdate <= '2011-11-21 13:11:34'::timestamp without time zone) AND (posthistorytypeid = 5))", "Rows Removed by Filter": 146309, "Workers": []}, {"Node Type": "Hash", "Parent Relationship": "Inner", "Parallel Aware": false, "Async Capable": false, "Startup Cost": 1002.69, "Total Cost": 1002.69, "Plan Rows": 6424, "Plan Width": 4, "Actual Rows": 6433, "Actual Loops": 2, "Hash Buckets": 8192, "Original Hash Buckets": 8192, "Hash Batches": 1, "Original Hash Batches": 1, "Peak Memory Usage": 291, "Workers": [], "Plans": [{"Node Type": "Seq Scan", "Parent Relationship": "Outer", "Parallel Aware": false, "Async Capable": false, "Relation Name": "users", "Alias": "u", "Startup Cost": 0.0, "Total Cost": 1002.69, "Plan Rows": 6424, "Plan Width": 4, "Actual Rows": 6433, "Actual Loops": 2, "Filter": "((reputation <= 49988) AND (creationdate >= '2010-08-03 14:10:31'::timestamp without time zone) AND (creationdate <= '2012-02-15 21:53:08'::timestamp without time zone))", "Rows Removed by Filter": 33892, "Workers": []}]}]}, {"Node Type": "Hash", "Parent Relationship": "Inner", "Parallel Aware": false, "Async Capable": false, "Startup Cost": 3416.22, "Total Cost": 3416.22, "Plan Rows": 386.0, "Plan Width": 8, "Actual Rows": 327, "Actual Loops": 2, "Hash Buckets": 1024, "Original Hash Buckets": 1024, "Hash Batches": 1, "Original Hash Batches": 1, "Peak Memory Usage": 21, "Workers": [], "Plans": [{"Node Type": "Nested Loop", "Parent Relationship": "Outer", "Parallel Aware": false, "Async Capable": false, "Join Type": "Inner", "Startup Cost": 0.29, "Total Cost": 3416.22, "Plan Rows": 386.0, "Plan Width": 8, "Actual Rows": 327, "Actual Loops": 2, "Inner Unique": false, "Workers": [], "Plans": [{"Node Type": "Seq Scan", "Parent Relationship": "Outer", "Parallel Aware": false, "Async Capable": false, "Relation Name": "posts", "Alias": "p", "Startup Cost": 0.0, "Total Cost": 3139.4, "Plan Rows": 23, "Plan Width": 4, "Actual Rows": 123, "Actual Loops": 2, "Filter": "((answercount <= 42) AND (commentcount >= 1) AND (commentcount <= 44) AND (favoritecount >= 20) AND (favoritecount <= 156) AND (creationdate <= '2013-06-12 17:25:43'::timestamp without time zone))", "Rows Removed by Filter": 91853, "Workers": []}, {"Node Type": "Index Scan", "Parent Relationship": "Inner", "Parallel Aware": false, "Async Capable": false, "Scan Direction": "Forward", "Index Name": "idx_badges_userid", "Relation Name": "badges", "Alias": "b", "Startup Cost": 0.29, "Total Cost": 12.03, "Plan Rows": 1, "Plan Width": 4, "Actual Rows": 3, "Actual Loops": 246, "Index Cond": "(userid = p.owneruserid)", "Rows Removed by Index Recheck": 0, "Filter": "((date >= '2013-11-20 16:24:09'::timestamp without time zone) AND (date <= '2014-03-12 19:22:13'::timestamp without time zone))", "Rows Removed by Filter": 47, "Workers": []}]}]}]}]}]}]}, "Planning Time": 5.692, "Triggers": [], "Execution Time": 73.557}]