[{"Plan": {"Node Type": "Aggregate", "Strategy": "Plain", "Partial Mode": "Simple", "Parallel Aware": false, "Async Capable": false, "Startup Cost": 1028.21, "Total Cost": 1028.22, "Plan Rows": 1, "Plan Width": 8, "Actual Rows": 1, "Actual Loops": 1, "Plans": [{"Node Type": "Nested Loop", "Parent Relationship": "Outer", "Parallel Aware": false, "Async Capable": false, "Join Type": "Inner", "Startup Cost": 0.71, "Total Cost": 1028.21, "Plan Rows": 2.0, "Plan Width": 0, "Actual Rows": 4, "Actual Loops": 1, "Inner Unique": true, "Plans": [{"Node Type": "Nested Loop", "Parent Relationship": "Outer", "Parallel Aware": false, "Async Capable": false, "Join Type": "Inner", "Startup Cost": 0.42, "Total Cost": 1027.87, "Plan Rows": 23.0, "Plan Width": 4, "Actual Rows": 310, "Actual Loops": 1, "Inner Unique": false, "Plans": [{"Node Type": "Seq Scan", "Parent Relationship": "Outer", "Parallel Aware": false, "Async Capable": false, "Relation Name": "users", "Alias": "u", "Startup Cost": 0.0, "Total Cost": 1002.69, "Plan Rows": 1, "Plan Width": 4, "Actual Rows": 1, "Actual Loops": 1, "Filter": "((upvotes >= 8260) AND (creationdate >= '2011-08-16 17:14:38'::timestamp without time zone) AND (creationdate <= '2012-11-14 09:59:15'::timestamp without time zone))", "Rows Removed by Filter": 40324}, {"Node Type": "Index Scan", "Parent Relationship": "Inner", "Parallel Aware": false, "Async Capable": false, "Scan Direction": "Forward", "Index Name": "idx_votes_userid", "Relation Name": "votes", "Alias": "v", "Startup Cost": 0.42, "Total Cost": 25.11, "Plan Rows": 7, "Plan Width": 8, "Actual Rows": 310, "Actual Loops": 1, "Index Cond": "(userid = u.id)", "Rows Removed by Index Recheck": 0, "Filter": "(creationdate <= '2014-02-25 23:54:48'::timestamp without time zone)", "Rows Removed by Filter": 10}]}, {"Node Type": "Index Scan", "Parent Relationship": "Inner", "Parallel Aware": false, "Async Capable": false, "Scan Direction": "Forward", "Index Name": "posts_pkey", "Relation Name": "posts", "Alias": "p", "Startup Cost": 0.29, "Total Cost": 0.33, "Plan Rows": 1, "Plan Width": 4, "Actual Rows": 0, "Actual Loops": 310, "Index Cond": "(id = v.postid)", "Rows Removed by Index Recheck": 0, "Filter": "((score >= 74) AND (creationdate >= '2010-06-21 08:20:44'::timestamp without time zone) AND (creationdate <= '2012-08-22 14:09:54'::timestamp without time zone))", "Rows Removed by Filter": 1}]}]}, "Planning Time": 0.289, "Triggers": [], "Execution Time": 3.024}, {"Plan": {"Node Type": "Aggregate", "Strategy": "Plain", "Partial Mode": "Simple", "Parallel Aware": false, "Async Capable": false, "Startup Cost": 2763.68, "Total Cost": 2763.69, "Plan Rows": 1, "Plan Width": 8, "Actual Rows": 1, "Actual Loops": 1, "Plans": [{"Node Type": "Nested Loop", "Parent Relationship": "Outer", "Parallel Aware": false, "Async Capable": false, "Join Type": "Inner", "Startup Cost": 0.71, "Total Cost": 2763.68, "Plan Rows": 2.0, "Plan Width": 0, "Actual Rows": 4, "Actual Loops": 1, "Inner Unique": true, "Plans": [{"Node Type": "Nested Loop", "Parent Relationship": "Outer", "Parallel Aware": false, "Async Capable": false, "Join Type": "Inner", "Startup Cost": 0.42, "Total Cost": 2745.98, "Plan Rows": 961.0, "Plan Width": 4, "Actual Rows": 5648, "Actual Loops": 1, "Inner Unique": false, "Plans": [{"Node Type": "Seq Scan", "Parent Relationship": "Outer", "Parallel Aware": false, "Async Capable": false, "Relation Name": "posts", "Alias": "p", "Startup Cost": 0.0, "Total Cost": 2449.58, "Plan Rows": 19, "Plan Width": 4, "Actual Rows": 46, "Actual Loops": 1, "Filter": "((score >= 74) AND (creationdate >= '2010-06-21 08:20:44'::timestamp without time zone) AND (creationdate <= '2012-08-22 14:09:54'::timestamp without time zone))", "Rows Removed by Filter": 91930}, {"Node Type": "Index Scan", "Parent Relationship": "Inner", "Parallel Aware": false, "Async Capable": false, "Scan Direction": "Forward", "Index Name": "idx_votes_postid", "Relation Name": "votes", "Alias": "v", "Startup Cost": 0.42, "Total Cost": 15.56, "Plan Rows": 4, "Plan Width": 8, "Actual Rows": 123, "Actual Loops": 46, "Index Cond": "(postid = p.id)", "Rows Removed by Index Recheck": 0, "Filter": "(creationdate <= '2014-02-25 23:54:48'::timestamp without time zone)", "Rows Removed by Filter": 22}]}, {"Node Type": "Index Scan", "Parent Relationship": "Inner", "Parallel Aware": false, "Async Capable": false, "Scan Direction": "Forward", "Index Name": "users_pkey", "Relation Name": "users", "Alias": "u", "Startup Cost": 0.29, "Total Cost": 0.32, "Plan Rows": 1, "Plan Width": 4, "Actual Rows": 0, "Actual Loops": 5648, "Index Cond": "(id = v.userid)", "Rows Removed by Index Recheck": 0, "Filter": "((upvotes >= 8260) AND (creationdate >= '2011-08-16 17:14:38'::timestamp without time zone) AND (creationdate <= '2012-11-14 09:59:15'::timestamp without time zone))", "Rows Removed by Filter": 0}]}]}, "Planning Time": 0.435, "Triggers": [], "Execution Time": 20.937}, {"Plan": {"Node Type": "Aggregate", "Strategy": "Plain", "Partial Mode": "Simple", "Parallel Aware": false, "Async Capable": false, "Startup Cost": 1028.21, "Total Cost": 1028.22, "Plan Rows": 1, "Plan Width": 8, "Actual Rows": 1, "Actual Loops": 1, "Plans": [{"Node Type": "Nested Loop", "Parent Relationship": "Outer", "Parallel Aware": false, "Async Capable": false, "Join Type": "Inner", "Startup Cost": 0.71, "Total Cost": 1028.21, "Plan Rows": 2.0, "Plan Width": 0, "Actual Rows": 4, "Actual Loops": 1, "Inner Unique": true, "Plans": [{"Node Type": "Nested Loop", "Parent Relationship": "Outer", "Parallel Aware": false, "Async Capable": false, "Join Type": "Inner", "Startup Cost": 0.42, "Total Cost": 1027.87, "Plan Rows": 23.0, "Plan Width": 4, "Actual Rows": 310, "Actual Loops": 1, "Inner Unique": false, "Plans": [{"Node Type": "Seq Scan", "Parent Relationship": "Outer", "Parallel Aware": false, "Async Capable": false, "Relation Name": "users", "Alias": "u", "Startup Cost": 0.0, "Total Cost": 1002.69, "Plan Rows": 1, "Plan Width": 4, "Actual Rows": 1, "Actual Loops": 1, "Filter": "((upvotes >= 8260) AND (creationdate >= '2011-08-16 17:14:38'::timestamp without time zone) AND (creationdate <= '2012-11-14 09:59:15'::timestamp without time zone))", "Rows Removed by Filter": 40324}, {"Node Type": "Index Scan", "Parent Relationship": "Inner", "Parallel Aware": false, "Async Capable": false, "Scan Direction": "Forward", "Index Name": "idx_votes_userid", "Relation Name": "votes", "Alias": "v", "Startup Cost": 0.42, "Total Cost": 25.11, "Plan Rows": 7, "Plan Width": 8, "Actual Rows": 310, "Actual Loops": 1, "Index Cond": "(userid = u.id)", "Rows Removed by Index Recheck": 0, "Filter": "(creationdate <= '2014-02-25 23:54:48'::timestamp without time zone)", "Rows Removed by Filter": 10}]}, {"Node Type": "Index Scan", "Parent Relationship": "Inner", "Parallel Aware": false, "Async Capable": false, "Scan Direction": "Forward", "Index Name": "posts_pkey", "Relation Name": "posts", "Alias": "p", "Startup Cost": 0.29, "Total Cost": 0.33, "Plan Rows": 1, "Plan Width": 4, "Actual Rows": 0, "Actual Loops": 310, "Index Cond": "(id = v.postid)", "Rows Removed by Index Recheck": 0, "Filter": "((score >= 74) AND (creationdate >= '2010-06-21 08:20:44'::timestamp without time zone) AND (creationdate <= '2012-08-22 14:09:54'::timestamp without time zone))", "Rows Removed by Filter": 1}]}]}, "Planning Time": 0.327, "Triggers": [], "Execution Time": 2.806}, {"Plan": {"Node Type": "Aggregate", "Strategy": "Plain", "Partial Mode": "Simple", "Parallel Aware": false, "Async Capable": false, "Startup Cost": 3477.74, "Total Cost": 3477.75, "Plan Rows": 1, "Plan Width": 8, "Actual Rows": 1, "Actual Loops": 1, "Plans": [{"Node Type": "Nested Loop", "Parent Relationship": "Outer", "Parallel Aware": false, "Async Capable": false, "Join Type": "Inner", "Startup Cost": 0.42, "Total Cost": 3477.74, "Plan Rows": 2.0, "Plan Width": 0, "Actual Rows": 4, "Actual Loops": 1, "Inner Unique": false, "Join Filter": "(v.postid = p.id)", "Rows Removed by Join Filter": 14256, "Plans": [{"Node Type": "Seq Scan", "Parent Relationship": "Outer", "Parallel Aware": false, "Async Capable": false, "Relation Name": "posts", "Alias": "p", "Startup Cost": 0.0, "Total Cost": 2449.58, "Plan Rows": 19, "Plan Width": 4, "Actual Rows": 46, "Actual Loops": 1, "Filter": "((score >= 74) AND (creationdate >= '2010-06-21 08:20:44'::timestamp without time zone) AND (creationdate <= '2012-08-22 14:09:54'::timestamp without time zone))", "Rows Removed by Filter": 91930}, {"Node Type": "Materialize", "Parent Relationship": "Inner", "Parallel Aware": false, "Async Capable": false, "Startup Cost": 0.42, "Total Cost": 1027.88, "Plan Rows": 23.0, "Plan Width": 4, "Actual Rows": 310, "Actual Loops": 46, "Plans": [{"Node Type": "Nested Loop", "Parent Relationship": "Outer", "Parallel Aware": false, "Async Capable": false, "Join Type": "Inner", "Startup Cost": 0.42, "Total Cost": 1027.87, "Plan Rows": 23.0, "Plan Width": 4, "Actual Rows": 310, "Actual Loops": 1, "Inner Unique": false, "Plans": [{"Node Type": "Seq Scan", "Parent Relationship": "Outer", "Parallel Aware": false, "Async Capable": false, "Relation Name": "users", "Alias": "u", "Startup Cost": 0.0, "Total Cost": 1002.69, "Plan Rows": 1, "Plan Width": 4, "Actual Rows": 1, "Actual Loops": 1, "Filter": "((upvotes >= 8260) AND (creationdate >= '2011-08-16 17:14:38'::timestamp without time zone) AND (creationdate <= '2012-11-14 09:59:15'::timestamp without time zone))", "Rows Removed by Filter": 40324}, {"Node Type": "Index Scan", "Parent Relationship": "Inner", "Parallel Aware": false, "Async Capable": false, "Scan Direction": "Forward", "Index Name": "idx_votes_userid", "Relation Name": "votes", "Alias": "v", "Startup Cost": 0.42, "Total Cost": 25.11, "Plan Rows": 7, "Plan Width": 8, "Actual Rows": 310, "Actual Loops": 1, "Index Cond": "(userid = u.id)", "Rows Removed by Index Recheck": 0, "Filter": "(creationdate <= '2014-02-25 23:54:48'::timestamp without time zone)", "Rows Removed by Filter": 10}]}]}]}]}, "Planning Time": 0.324, "Triggers": [], "Execution Time": 9.942}, {"Plan": {"Node Type": "Aggregate", "Strategy": "Plain", "Partial Mode": "Simple", "Parallel Aware": false, "Async Capable": false, "Startup Cost": 3749.36, "Total Cost": 3749.37, "Plan Rows": 1, "Plan Width": 8, "Actual Rows": 1, "Actual Loops": 1, "Plans": [{"Node Type": "Nested Loop", "Parent Relationship": "Outer", "Parallel Aware": false, "Async Capable": false, "Join Type": "Inner", "Startup Cost": 0.42, "Total Cost": 3749.36, "Plan Rows": 2.0, "Plan Width": 0, "Actual Rows": 4, "Actual Loops": 1, "Inner Unique": false, "Join Filter": "(v.userid = u.id)", "Rows Removed by Join Filter": 5644, "Plans": [{"Node Type": "Seq Scan", "Parent Relationship": "Outer", "Parallel Aware": false, "Async Capable": false, "Relation Name": "users", "Alias": "u", "Startup Cost": 0.0, "Total Cost": 1002.69, "Plan Rows": 1, "Plan Width": 4, "Actual Rows": 1, "Actual Loops": 1, "Filter": "((upvotes >= 8260) AND (creationdate >= '2011-08-16 17:14:38'::timestamp without time zone) AND (creationdate <= '2012-11-14 09:59:15'::timestamp without time zone))", "Rows Removed by Filter": 40324}, {"Node Type": "Nested Loop", "Parent Relationship": "Inner", "Parallel Aware": false, "Async Capable": false, "Join Type": "Inner", "Startup Cost": 0.42, "Total Cost": 2745.98, "Plan Rows": 961.0, "Plan Width": 4, "Actual Rows": 5648, "Actual Loops": 1, "Inner Unique": false, "Plans": [{"Node Type": "Seq Scan", "Parent Relationship": "Outer", "Parallel Aware": false, "Async Capable": false, "Relation Name": "posts", "Alias": "p", "Startup Cost": 0.0, "Total Cost": 2449.58, "Plan Rows": 19, "Plan Width": 4, "Actual Rows": 46, "Actual Loops": 1, "Filter": "((score >= 74) AND (creationdate >= '2010-06-21 08:20:44'::timestamp without time zone) AND (creationdate <= '2012-08-22 14:09:54'::timestamp without time zone))", "Rows Removed by Filter": 91930}, {"Node Type": "Index Scan", "Parent Relationship": "Inner", "Parallel Aware": false, "Async Capable": false, "Scan Direction": "Forward", "Index Name": "idx_votes_postid", "Relation Name": "votes", "Alias": "v", "Startup Cost": 0.42, "Total Cost": 15.56, "Plan Rows": 4, "Plan Width": 8, "Actual Rows": 123, "Actual Loops": 46, "Index Cond": "(postid = p.id)", "Rows Removed by Index Recheck": 0, "Filter": "(creationdate <= '2014-02-25 23:54:48'::timestamp without time zone)", "Rows Removed by Filter": 22}]}]}]}, "Planning Time": 0.426, "Triggers": [], "Execution Time": 17.353}]