[{"Plan": {"Node Type": "Aggregate", "Strategy": "Plain", "Partial Mode": "Simple", "Parallel Aware": false, "Async Capable": false, "Startup Cost": 4014.88, "Total Cost": 4014.89, "Plan Rows": 1, "Plan Width": 8, "Actual Rows": 1, "Actual Loops": 1, "Plans": [{"Node Type": "Nested Loop", "Parent Relationship": "Outer", "Parallel Aware": false, "Async Capable": false, "Join Type": "Inner", "Startup Cost": 1.0, "Total Cost": 4014.88, "Plan Rows": 1.0, "Plan Width": 0, "Actual Rows": 29, "Actual Loops": 1, "Inner Unique": false, "Plans": [{"Node Type": "Nested Loop", "Parent Relationship": "Outer", "Parallel Aware": false, "Async Capable": false, "Join Type": "Inner", "Startup Cost": 0.58, "Total Cost": 4004.22, "Plan Rows": 26.0, "Plan Width": 12, "Actual Rows": 152, "Actual Loops": 1, "Inner Unique": false, "Plans": [{"Node Type": "Nested Loop", "Parent Relationship": "Outer", "Parallel Aware": false, "Async Capable": false, "Join Type": "Inner", "Startup Cost": 0.29, "Total Cost": 3987.5, "Plan Rows": 7.0, "Plan Width": 8, "Actual Rows": 99, "Actual Loops": 1, "Inner Unique": true, "Plans": [{"Node Type": "Seq Scan", "Parent Relationship": "Outer", "Parallel Aware": false, "Async Capable": false, "Relation Name": "posts", "Alias": "p", "Startup Cost": 0.0, "Total Cost": 3139.4, "Plan Rows": 140, "Plan Width": 4, "Actual Rows": 569, "Actual Loops": 1, "Filter": "((answercount <= 33) AND (commentcount >= 2) AND (commentcount <= 32) AND (favoritecount >= 6) AND (favoritecount <= 55) AND (creationdate <= '2013-12-22 15:36:26'::timestamp without time zone))", "Rows Removed by Filter": 91407}, {"Node Type": "Index Scan", "Parent Relationship": "Inner", "Parallel Aware": false, "Async Capable": false, "Scan Direction": "Forward", "Index Name": "users_pkey", "Relation Name": "users", "Alias": "u", "Startup Cost": 0.29, "Total Cost": 6.06, "Plan Rows": 1, "Plan Width": 4, "Actual Rows": 0, "Actual Loops": 569, "Index Cond": "(id = p.owneruserid)", "Rows Removed by Index Recheck": 0, "Filter": "((reputation <= 36895) AND (creationdate >= '2011-12-25 23:29:11'::timestamp without time zone) AND (creationdate <= '2012-12-02 11:48:13'::timestamp without time zone))", "Rows Removed by Filter": 1}]}, {"Node Type": "Index Scan", "Parent Relationship": "Inner", "Parallel Aware": false, "Async Capable": false, "Scan Direction": "Forward", "Index Name": "idx_badges_userid", "Relation Name": "badges", "Alias": "b", "Startup Cost": 0.29, "Total Cost": 0.69, "Plan Rows": 1, "Plan Width": 4, "Actual Rows": 2, "Actual Loops": 99, "Index Cond": "(userid = u.id)", "Rows Removed by Index Recheck": 0, "Filter": "((date >= '2014-04-24 05:47:53'::timestamp without time zone) AND (date <= '2014-08-01 09:07:48'::timestamp without time zone))", "Rows Removed by Filter": 17}]}, {"Node Type": "Index Scan", "Parent Relationship": "Inner", "Parallel Aware": false, "Async Capable": false, "Scan Direction": "Forward", "Index Name": "idx_posthistory_userid", "Relation Name": "posthistory", "Alias": "ph", "Startup Cost": 0.42, "Total Cost": 1.77, "Plan Rows": 1, "Plan Width": 4, "Actual Rows": 0, "Actual Loops": 152, "Index Cond": "(userid = b.userid)", "Rows Removed by Index Recheck": 0, "Filter": "((creationdate >= '2012-10-17 17:28:50'::timestamp without time zone) AND (creationdate <= '2013-07-19 05:20:21'::timestamp without time zone) AND (posthistorytypeid = 13))", "Rows Removed by Filter": 221}]}]}, "Planning Time": 1.849, "Triggers": [], "Execution Time": 29.694}, {"Plan": {"Node Type": "Aggregate", "Strategy": "Plain", "Partial Mode": "Simple", "Parallel Aware": false, "Async Capable": false, "Startup Cost": 5710.44, "Total Cost": 5710.45, "Plan Rows": 1, "Plan Width": 8, "Actual Rows": 1, "Actual Loops": 1, "Plans": [{"Node Type": "Hash Join", "Parent Relationship": "Outer", "Parallel Aware": false, "Async Capable": false, "Join Type": "Inner", "Startup Cost": 4041.9, "Total Cost": 5710.43, "Plan Rows": 1.0, "Plan Width": 0, "Actual Rows": 29, "Actual Loops": 1, "Inner Unique": false, "Hash Cond": "(b.userid = u.id)", "Plans": [{"Node Type": "Seq Scan", "Parent Relationship": "Outer", "Parallel Aware": false, "Async Capable": false, "Relation Name": "badges", "Alias": "b", "Startup Cost": 0.0, "Total Cost": 1629.76, "Plan Rows": 10337, "Plan Width": 4, "Actual Rows": 10349, "Actual Loops": 1, "Filter": "((date >= '2014-04-24 05:47:53'::timestamp without time zone) AND (date <= '2014-08-01 09:07:48'::timestamp without time zone))", "Rows Removed by Filter": 69502}, {"Node Type": "Hash", "Parent Relationship": "Inner", "Parallel Aware": false, "Async Capable": false, "Startup Cost": 4041.83, "Total Cost": 4041.83, "Plan Rows": 1.0, "Plan Width": 12, "Actual Rows": 5, "Actual Loops": 1, "Hash Buckets": 1024, "Original Hash Buckets": 1024, "Hash Batches": 1, "Original Hash Batches": 1, "Peak Memory Usage": 9, "Plans": [{"Node Type": "Nested Loop", "Parent Relationship": "Outer", "Parallel Aware": false, "Async Capable": false, "Join Type": "Inner", "Startup Cost": 0.71, "Total Cost": 4041.83, "Plan Rows": 1.0, "Plan Width": 12, "Actual Rows": 5, "Actual Loops": 1, "Inner Unique": false, "Plans": [{"Node Type": "Nested Loop", "Parent Relationship": "Outer", "Parallel Aware": false, "Async Capable": false, "Join Type": "Inner", "Startup Cost": 0.29, "Total Cost": 3987.5, "Plan Rows": 7.0, "Plan Width": 8, "Actual Rows": 99, "Actual Loops": 1, "Inner Unique": true, "Plans": [{"Node Type": "Seq Scan", "Parent Relationship": "Outer", "Parallel Aware": false, "Async Capable": false, "Relation Name": "posts", "Alias": "p", "Startup Cost": 0.0, "Total Cost": 3139.4, "Plan Rows": 140, "Plan Width": 4, "Actual Rows": 569, "Actual Loops": 1, "Filter": "((answercount <= 33) AND (commentcount >= 2) AND (commentcount <= 32) AND (favoritecount >= 6) AND (favoritecount <= 55) AND (creationdate <= '2013-12-22 15:36:26'::timestamp without time zone))", "Rows Removed by Filter": 91407}, {"Node Type": "Index Scan", "Parent Relationship": "Inner", "Parallel Aware": false, "Async Capable": false, "Scan Direction": "Forward", "Index Name": "users_pkey", "Relation Name": "users", "Alias": "u", "Startup Cost": 0.29, "Total Cost": 6.06, "Plan Rows": 1, "Plan Width": 4, "Actual Rows": 0, "Actual Loops": 569, "Index Cond": "(id = p.owneruserid)", "Rows Removed by Index Recheck": 0, "Filter": "((reputation <= 36895) AND (creationdate >= '2011-12-25 23:29:11'::timestamp without time zone) AND (creationdate <= '2012-12-02 11:48:13'::timestamp without time zone))", "Rows Removed by Filter": 1}]}, {"Node Type": "Index Scan", "Parent Relationship": "Inner", "Parallel Aware": false, "Async Capable": false, "Scan Direction": "Forward", "Index Name": "idx_posthistory_userid", "Relation Name": "posthistory", "Alias": "ph", "Startup Cost": 0.42, "Total Cost": 2.25, "Plan Rows": 1, "Plan Width": 4, "Actual Rows": 0, "Actual Loops": 99, "Index Cond": "(userid = u.id)", "Rows Removed by Index Recheck": 0, "Filter": "((creationdate >= '2012-10-17 17:28:50'::timestamp without time zone) AND (creationdate <= '2013-07-19 05:20:21'::timestamp without time zone) AND (posthistorytypeid = 13))", "Rows Removed by Filter": 134}]}]}]}]}, "Planning Time": 1.679, "Triggers": [], "Execution Time": 26.858}, {"Plan": {"Node Type": "Aggregate", "Strategy": "Plain", "Partial Mode": "Simple", "Parallel Aware": false, "Async Capable": false, "Startup Cost": 9886.91, "Total Cost": 9886.92, "Plan Rows": 1, "Plan Width": 8, "Actual Rows": 1, "Actual Loops": 1, "Plans": [{"Node Type": "Hash Join", "Parent Relationship": "Outer", "Parallel Aware": false, "Async Capable": false, "Join Type": "Inner", "Startup Cost": 8165.4, "Total Cost": 9886.91, "Plan Rows": 1.0, "Plan Width": 0, "Actual Rows": 29, "Actual Loops": 1, "Inner Unique": false, "Hash Cond": "(b.userid = p.owneruserid)", "Plans": [{"Node Type": "Hash Join", "Parent Relationship": "Outer", "Parallel Aware": false, "Async Capable": false, "Join Type": "Inner", "Startup Cost": 1089.3, "Total Cost": 2746.2, "Plan Rows": 228.0, "Plan Width": 8, "Actual Rows": 1053, "Actual Loops": 1, "Inner Unique": true, "Hash Cond": "(b.userid = u.id)", "Plans": [{"Node Type": "Seq Scan", "Parent Relationship": "Outer", "Parallel Aware": false, "Async Capable": false, "Relation Name": "badges", "Alias": "b", "Startup Cost": 0.0, "Total Cost": 1629.76, "Plan Rows": 10337, "Plan Width": 4, "Actual Rows": 10349, "Actual Loops": 1, "Filter": "((date >= '2014-04-24 05:47:53'::timestamp without time zone) AND (date <= '2014-08-01 09:07:48'::timestamp without time zone))", "Rows Removed by Filter": 69502}, {"Node Type": "Hash", "Parent Relationship": "Inner", "Parallel Aware": false, "Async Capable": false, "Startup Cost": 1002.69, "Total Cost": 1002.69, "Plan Rows": 6929, "Plan Width": 4, "Actual Rows": 6932, "Actual Loops": 1, "Hash Buckets": 8192, "Original Hash Buckets": 8192, "Hash Batches": 1, "Original Hash Batches": 1, "Peak Memory Usage": 308, "Plans": [{"Node Type": "Seq Scan", "Parent Relationship": "Outer", "Parallel Aware": false, "Async Capable": false, "Relation Name": "users", "Alias": "u", "Startup Cost": 0.0, "Total Cost": 1002.69, "Plan Rows": 6929, "Plan Width": 4, "Actual Rows": 6932, "Actual Loops": 1, "Filter": "((reputation <= 36895) AND (creationdate >= '2011-12-25 23:29:11'::timestamp without time zone) AND (creationdate <= '2012-12-02 11:48:13'::timestamp without time zone))", "Rows Removed by Filter": 33393}]}]}, {"Node Type": "Hash", "Parent Relationship": "Inner", "Parallel Aware": false, "Async Capable": false, "Startup Cost": 7075.76, "Total Cost": 7075.76, "Plan Rows": 2.0, "Plan Width": 8, "Actual Rows": 34, "Actual Loops": 1, "Hash Buckets": 1024, "Original Hash Buckets": 1024, "Hash Batches": 1, "Original Hash Batches": 1, "Peak Memory Usage": 10, "Plans": [{"Node Type": "Gather", "Parent Relationship": "Outer", "Parallel Aware": false, "Async Capable": false, "Startup Cost": 1000.29, "Total Cost": 7075.76, "Plan Rows": 2.0, "Plan Width": 8, "Actual Rows": 34, "Actual Loops": 1, "Workers Planned": 1, "Workers Launched": 1, "Single Copy": false, "Plans": [{"Node Type": "Nested Loop", "Parent Relationship": "Outer", "Parallel Aware": false, "Async Capable": false, "Join Type": "Inner", "Startup Cost": 0.29, "Total Cost": 6073.06, "Plan Rows": 2.0, "Plan Width": 8, "Actual Rows": 17, "Actual Loops": 2, "Inner Unique": false, "Workers": [], "Plans": [{"Node Type": "Seq Scan", "Parent Relationship": "Outer", "Parallel Aware": true, "Async Capable": false, "Relation Name": "posthistory", "Alias": "ph", "Startup Cost": 0.0, "Total Cost": 5361.04, "Plan Rows": 59, "Plan Width": 4, "Actual Rows": 43, "Actual Loops": 2, "Filter": "((creationdate >= '2012-10-17 17:28:50'::timestamp without time zone) AND (creationdate <= '2013-07-19 05:20:21'::timestamp without time zone) AND (posthistorytypeid = 13))", "Rows Removed by Filter": 151550, "Workers": []}, {"Node Type": "Index Scan", "Parent Relationship": "Inner", "Parallel Aware": false, "Async Capable": false, "Scan Direction": "Forward", "Index Name": "idx_posts_owneruserid", "Relation Name": "posts", "Alias": "p", "Startup Cost": 0.29, "Total Cost": 12.06, "Plan Rows": 1, "Plan Width": 4, "Actual Rows": 0, "Actual Loops": 86, "Index Cond": "(owneruserid = ph.userid)", "Rows Removed by Index Recheck": 0, "Filter": "((answercount <= 33) AND (commentcount >= 2) AND (commentcount <= 32) AND (favoritecount >= 6) AND (favoritecount <= 55) AND (creationdate <= '2013-12-22 15:36:26'::timestamp without time zone))", "Rows Removed by Filter": 226, "Workers": []}]}]}]}]}]}, "Planning Time": 2.53, "Triggers": [], "Execution Time": 58.914}, {"Plan": {"Node Type": "Aggregate", "Strategy": "Plain", "Partial Mode": "Simple", "Parallel Aware": false, "Async Capable": false, "Startup Cost": 4045.32, "Total Cost": 4045.33, "Plan Rows": 1, "Plan Width": 8, "Actual Rows": 1, "Actual Loops": 1, "Plans": [{"Node Type": "Nested Loop", "Parent Relationship": "Outer", "Parallel Aware": false, "Async Capable": false, "Join Type": "Inner", "Startup Cost": 1.0, "Total Cost": 4045.32, "Plan Rows": 1.0, "Plan Width": 0, "Actual Rows": 29, "Actual Loops": 1, "Inner Unique": false, "Plans": [{"Node Type": "Nested Loop", "Parent Relationship": "Outer", "Parallel Aware": false, "Async Capable": false, "Join Type": "Inner", "Startup Cost": 0.71, "Total Cost": 4041.83, "Plan Rows": 1.0, "Plan Width": 12, "Actual Rows": 5, "Actual Loops": 1, "Inner Unique": false, "Plans": [{"Node Type": "Nested Loop", "Parent Relationship": "Outer", "Parallel Aware": false, "Async Capable": false, "Join Type": "Inner", "Startup Cost": 0.29, "Total Cost": 3987.5, "Plan Rows": 7.0, "Plan Width": 8, "Actual Rows": 99, "Actual Loops": 1, "Inner Unique": true, "Plans": [{"Node Type": "Seq Scan", "Parent Relationship": "Outer", "Parallel Aware": false, "Async Capable": false, "Relation Name": "posts", "Alias": "p", "Startup Cost": 0.0, "Total Cost": 3139.4, "Plan Rows": 140, "Plan Width": 4, "Actual Rows": 569, "Actual Loops": 1, "Filter": "((answercount <= 33) AND (commentcount >= 2) AND (commentcount <= 32) AND (favoritecount >= 6) AND (favoritecount <= 55) AND (creationdate <= '2013-12-22 15:36:26'::timestamp without time zone))", "Rows Removed by Filter": 91407}, {"Node Type": "Index Scan", "Parent Relationship": "Inner", "Parallel Aware": false, "Async Capable": false, "Scan Direction": "Forward", "Index Name": "users_pkey", "Relation Name": "users", "Alias": "u", "Startup Cost": 0.29, "Total Cost": 6.06, "Plan Rows": 1, "Plan Width": 4, "Actual Rows": 0, "Actual Loops": 569, "Index Cond": "(id = p.owneruserid)", "Rows Removed by Index Recheck": 0, "Filter": "((reputation <= 36895) AND (creationdate >= '2011-12-25 23:29:11'::timestamp without time zone) AND (creationdate <= '2012-12-02 11:48:13'::timestamp without time zone))", "Rows Removed by Filter": 1}]}, {"Node Type": "Index Scan", "Parent Relationship": "Inner", "Parallel Aware": false, "Async Capable": false, "Scan Direction": "Forward", "Index Name": "idx_posthistory_userid", "Relation Name": "posthistory", "Alias": "ph", "Startup Cost": 0.42, "Total Cost": 2.25, "Plan Rows": 1, "Plan Width": 4, "Actual Rows": 0, "Actual Loops": 99, "Index Cond": "(userid = u.id)", "Rows Removed by Index Recheck": 0, "Filter": "((creationdate >= '2012-10-17 17:28:50'::timestamp without time zone) AND (creationdate <= '2013-07-19 05:20:21'::timestamp without time zone) AND (posthistorytypeid = 13))", "Rows Removed by Filter": 134}]}, {"Node Type": "Index Scan", "Parent Relationship": "Inner", "Parallel Aware": false, "Async Capable": false, "Scan Direction": "Forward", "Index Name": "idx_badges_userid", "Relation Name": "badges", "Alias": "b", "Startup Cost": 0.29, "Total Cost": 0.69, "Plan Rows": 1, "Plan Width": 4, "Actual Rows": 6, "Actual Loops": 5, "Index Cond": "(userid = u.id)", "Rows Removed by Index Recheck": 0, "Filter": "((date >= '2014-04-24 05:47:53'::timestamp without time zone) AND (date <= '2014-08-01 09:07:48'::timestamp without time zone))", "Rows Removed by Filter": 53}]}]}, "Planning Time": 1.879, "Triggers": [], "Execution Time": 17.299}, {"Plan": {"Node Type": "Aggregate", "Strategy": "Plain", "Partial Mode": "Simple", "Parallel Aware": false, "Async Capable": false, "Startup Cost": 11003.28, "Total Cost": 11003.29, "Plan Rows": 1, "Plan Width": 8, "Actual Rows": 1, "Actual Loops": 1, "Plans": [{"Node Type": "Hash Join", "Parent Relationship": "Outer", "Parallel Aware": false, "Async Capable": false, "Join Type": "Inner", "Startup Cost": 7013.14, "Total Cost": 11003.27, "Plan Rows": 1.0, "Plan Width": 0, "Actual Rows": 29, "Actual Loops": 1, "Inner Unique": false, "Hash Cond": "(u.id = b.userid)", "Plans": [{"Node Type": "Nested Loop", "Parent Relationship": "Outer", "Parallel Aware": false, "Async Capable": false, "Join Type": "Inner", "Startup Cost": 0.29, "Total Cost": 3987.5, "Plan Rows": 7.0, "Plan Width": 8, "Actual Rows": 99, "Actual Loops": 1, "Inner Unique": true, "Plans": [{"Node Type": "Seq Scan", "Parent Relationship": "Outer", "Parallel Aware": false, "Async Capable": false, "Relation Name": "posts", "Alias": "p", "Startup Cost": 0.0, "Total Cost": 3139.4, "Plan Rows": 140, "Plan Width": 4, "Actual Rows": 569, "Actual Loops": 1, "Filter": "((answercount <= 33) AND (commentcount >= 2) AND (commentcount <= 32) AND (favoritecount >= 6) AND (favoritecount <= 55) AND (creationdate <= '2013-12-22 15:36:26'::timestamp without time zone))", "Rows Removed by Filter": 91407}, {"Node Type": "Index Scan", "Parent Relationship": "Inner", "Parallel Aware": false, "Async Capable": false, "Scan Direction": "Forward", "Index Name": "users_pkey", "Relation Name": "users", "Alias": "u", "Startup Cost": 0.29, "Total Cost": 6.06, "Plan Rows": 1, "Plan Width": 4, "Actual Rows": 0, "Actual Loops": 569, "Index Cond": "(id = p.owneruserid)", "Rows Removed by Index Recheck": 0, "Filter": "((reputation <= 36895) AND (creationdate >= '2011-12-25 23:29:11'::timestamp without time zone) AND (creationdate <= '2012-12-02 11:48:13'::timestamp without time zone))", "Rows Removed by Filter": 1}]}, {"Node Type": "Hash", "Parent Relationship": "Inner", "Parallel Aware": false, "Async Capable": false, "Startup Cost": 7004.38, "Total Cost": 7004.38, "Plan Rows": 50.0, "Plan Width": 8, "Actual Rows": 512, "Actual Loops": 1, "Hash Buckets": 1024, "Original Hash Buckets": 1024, "Hash Batches": 1, "Original Hash Batches": 1, "Peak Memory Usage": 28, "Plans": [{"Node Type": "Gather", "Parent Relationship": "Outer", "Parallel Aware": false, "Async Capable": false, "Startup Cost": 1000.29, "Total Cost": 7004.38, "Plan Rows": 50.0, "Plan Width": 8, "Actual Rows": 512, "Actual Loops": 1, "Workers Planned": 1, "Workers Launched": 1, "Single Copy": false, "Plans": [{"Node Type": "Nested Loop", "Parent Relationship": "Outer", "Parallel Aware": false, "Async Capable": false, "Join Type": "Inner", "Startup Cost": 0.29, "Total Cost": 5936.58, "Plan Rows": 50.0, "Plan Width": 8, "Actual Rows": 256, "Actual Loops": 2, "Inner Unique": false, "Workers": [], "Plans": [{"Node Type": "Seq Scan", "Parent Relationship": "Outer", "Parallel Aware": true, "Async Capable": false, "Relation Name": "posthistory", "Alias": "ph", "Startup Cost": 0.0, "Total Cost": 5361.04, "Plan Rows": 59, "Plan Width": 4, "Actual Rows": 43, "Actual Loops": 2, "Filter": "((creationdate >= '2012-10-17 17:28:50'::timestamp without time zone) AND (creationdate <= '2013-07-19 05:20:21'::timestamp without time zone) AND (posthistorytypeid = 13))", "Rows Removed by Filter": 151550, "Workers": []}, {"Node Type": "Index Scan", "Parent Relationship": "Inner", "Parallel Aware": false, "Async Capable": false, "Scan Direction": "Forward", "Index Name": "idx_badges_userid", "Relation Name": "badges", "Alias": "b", "Startup Cost": 0.29, "Total Cost": 9.74, "Plan Rows": 1, "Plan Width": 4, "Actual Rows": 6, "Actual Loops": 86, "Index Cond": "(userid = ph.userid)", "Rows Removed by Index Recheck": 0, "Filter": "((date >= '2014-04-24 05:47:53'::timestamp without time zone) AND (date <= '2014-08-01 09:07:48'::timestamp without time zone))", "Rows Removed by Filter": 73, "Workers": []}]}]}]}]}]}, "Planning Time": 2.404, "Triggers": [], "Execution Time": 55.227}, {"Plan": {"Node Type": "Aggregate", "Strategy": "Plain", "Partial Mode": "Finalize", "Parallel Aware": false, "Async Capable": false, "Startup Cost": 10365.69, "Total Cost": 10365.7, "Plan Rows": 1, "Plan Width": 8, "Actual Rows": 1, "Actual Loops": 1, "Plans": [{"Node Type": "Gather", "Parent Relationship": "Outer", "Parallel Aware": false, "Async Capable": false, "Startup Cost": 10365.57, "Total Cost": 10365.68, "Plan Rows": 1, "Plan Width": 8, "Actual Rows": 2, "Actual Loops": 1, "Workers Planned": 1, "Workers Launched": 1, "Single Copy": false, "Plans": [{"Node Type": "Aggregate", "Strategy": "Plain", "Partial Mode": "Partial", "Parent Relationship": "Outer", "Parallel Aware": false, "Async Capable": false, "Startup Cost": 9365.57, "Total Cost": 9365.58, "Plan Rows": 1, "Plan Width": 8, "Actual Rows": 1, "Actual Loops": 2, "Workers": [], "Plans": [{"Node Type": "Hash Join", "Parent Relationship": "Outer", "Parallel Aware": false, "Async Capable": false, "Join Type": "Inner", "Startup Cost": 4004.3, "Total Cost": 9365.57, "Plan Rows": 1.0, "Plan Width": 0, "Actual Rows": 14, "Actual Loops": 2, "Inner Unique": false, "Hash Cond": "(ph.userid = b.userid)", "Workers": [], "Plans": [{"Node Type": "Seq Scan", "Parent Relationship": "Outer", "Parallel Aware": true, "Async Capable": false, "Relation Name": "posthistory", "Alias": "ph", "Startup Cost": 0.0, "Total Cost": 5361.04, "Plan Rows": 59, "Plan Width": 4, "Actual Rows": 43, "Actual Loops": 2, "Filter": "((creationdate >= '2012-10-17 17:28:50'::timestamp without time zone) AND (creationdate <= '2013-07-19 05:20:21'::timestamp without time zone) AND (posthistorytypeid = 13))", "Rows Removed by Filter": 151550, "Workers": []}, {"Node Type": "Hash", "Parent Relationship": "Inner", "Parallel Aware": false, "Async Capable": false, "Startup Cost": 4004.22, "Total Cost": 4004.22, "Plan Rows": 26.0, "Plan Width": 12, "Actual Rows": 152, "Actual Loops": 2, "Hash Buckets": 1024, "Original Hash Buckets": 1024, "Hash Batches": 1, "Original Hash Batches": 1, "Peak Memory Usage": 15, "Workers": [], "Plans": [{"Node Type": "Nested Loop", "Parent Relationship": "Outer", "Parallel Aware": false, "Async Capable": false, "Join Type": "Inner", "Startup Cost": 0.58, "Total Cost": 4004.22, "Plan Rows": 26.0, "Plan Width": 12, "Actual Rows": 152, "Actual Loops": 2, "Inner Unique": false, "Workers": [], "Plans": [{"Node Type": "Nested Loop", "Parent Relationship": "Outer", "Parallel Aware": false, "Async Capable": false, "Join Type": "Inner", "Startup Cost": 0.29, "Total Cost": 3987.5, "Plan Rows": 7.0, "Plan Width": 8, "Actual Rows": 99, "Actual Loops": 2, "Inner Unique": true, "Workers": [], "Plans": [{"Node Type": "Seq Scan", "Parent Relationship": "Outer", "Parallel Aware": false, "Async Capable": false, "Relation Name": "posts", "Alias": "p", "Startup Cost": 0.0, "Total Cost": 3139.4, "Plan Rows": 140, "Plan Width": 4, "Actual Rows": 569, "Actual Loops": 2, "Filter": "((answercount <= 33) AND (commentcount >= 2) AND (commentcount <= 32) AND (favoritecount >= 6) AND (favoritecount <= 55) AND (creationdate <= '2013-12-22 15:36:26'::timestamp without time zone))", "Rows Removed by Filter": 91407, "Workers": []}, {"Node Type": "Index Scan", "Parent Relationship": "Inner", "Parallel Aware": false, "Async Capable": false, "Scan Direction": "Forward", "Index Name": "users_pkey", "Relation Name": "users", "Alias": "u", "Startup Cost": 0.29, "Total Cost": 6.06, "Plan Rows": 1, "Plan Width": 4, "Actual Rows": 0, "Actual Loops": 1138, "Index Cond": "(id = p.owneruserid)", "Rows Removed by Index Recheck": 0, "Filter": "((reputation <= 36895) AND (creationdate >= '2011-12-25 23:29:11'::timestamp without time zone) AND (creationdate <= '2012-12-02 11:48:13'::timestamp without time zone))", "Rows Removed by Filter": 1, "Workers": []}]}, {"Node Type": "Index Scan", "Parent Relationship": "Inner", "Parallel Aware": false, "Async Capable": false, "Scan Direction": "Forward", "Index Name": "idx_badges_userid", "Relation Name": "badges", "Alias": "b", "Startup Cost": 0.29, "Total Cost": 0.69, "Plan Rows": 1, "Plan Width": 4, "Actual Rows": 2, "Actual Loops": 198, "Index Cond": "(userid = u.id)", "Rows Removed by Index Recheck": 0, "Filter": "((date >= '2014-04-24 05:47:53'::timestamp without time zone) AND (date <= '2014-08-01 09:07:48'::timestamp without time zone))", "Rows Removed by Filter": 17, "Workers": []}]}]}]}]}]}]}, "Planning Time": 3.795, "Triggers": [], "Execution Time": 63.696}, {"Plan": {"Node Type": "Aggregate", "Strategy": "Plain", "Partial Mode": "Simple", "Parallel Aware": false, "Async Capable": false, "Startup Cost": 5902.61, "Total Cost": 5902.62, "Plan Rows": 1, "Plan Width": 8, "Actual Rows": 1, "Actual Loops": 1, "Plans": [{"Node Type": "Nested Loop", "Parent Relationship": "Outer", "Parallel Aware": false, "Async Capable": false, "Join Type": "Inner", "Startup Cost": 1090.02, "Total Cost": 5902.61, "Plan Rows": 1.0, "Plan Width": 0, "Actual Rows": 29, "Actual Loops": 1, "Inner Unique": false, "Plans": [{"Node Type": "Nested Loop", "Parent Relationship": "Outer", "Parallel Aware": false, "Async Capable": false, "Join Type": "Inner", "Startup Cost": 1089.72, "Total Cost": 5899.38, "Plan Rows": 6.0, "Plan Width": 12, "Actual Rows": 39, "Actual Loops": 1, "Inner Unique": false, "Plans": [{"Node Type": "Hash Join", "Parent Relationship": "Outer", "Parallel Aware": false, "Async Capable": false, "Join Type": "Inner", "Startup Cost": 1089.3, "Total Cost": 2746.2, "Plan Rows": 228.0, "Plan Width": 8, "Actual Rows": 1053, "Actual Loops": 1, "Inner Unique": true, "Hash Cond": "(b.userid = u.id)", "Plans": [{"Node Type": "Seq Scan", "Parent Relationship": "Outer", "Parallel Aware": false, "Async Capable": false, "Relation Name": "badges", "Alias": "b", "Startup Cost": 0.0, "Total Cost": 1629.76, "Plan Rows": 10337, "Plan Width": 4, "Actual Rows": 10349, "Actual Loops": 1, "Filter": "((date >= '2014-04-24 05:47:53'::timestamp without time zone) AND (date <= '2014-08-01 09:07:48'::timestamp without time zone))", "Rows Removed by Filter": 69502}, {"Node Type": "Hash", "Parent Relationship": "Inner", "Parallel Aware": false, "Async Capable": false, "Startup Cost": 1002.69, "Total Cost": 1002.69, "Plan Rows": 6929, "Plan Width": 4, "Actual Rows": 6932, "Actual Loops": 1, "Hash Buckets": 8192, "Original Hash Buckets": 8192, "Hash Batches": 1, "Original Hash Batches": 1, "Peak Memory Usage": 308, "Plans": [{"Node Type": "Seq Scan", "Parent Relationship": "Outer", "Parallel Aware": false, "Async Capable": false, "Relation Name": "users", "Alias": "u", "Startup Cost": 0.0, "Total Cost": 1002.69, "Plan Rows": 6929, "Plan Width": 4, "Actual Rows": 6932, "Actual Loops": 1, "Filter": "((reputation <= 36895) AND (creationdate >= '2011-12-25 23:29:11'::timestamp without time zone) AND (creationdate <= '2012-12-02 11:48:13'::timestamp without time zone))", "Rows Removed by Filter": 33393}]}]}, {"Node Type": "Index Scan", "Parent Relationship": "Inner", "Parallel Aware": false, "Async Capable": false, "Scan Direction": "Forward", "Index Name": "idx_posthistory_userid", "Relation Name": "posthistory", "Alias": "ph", "Startup Cost": 0.42, "Total Cost": 1.77, "Plan Rows": 1, "Plan Width": 4, "Actual Rows": 0, "Actual Loops": 1053, "Index Cond": "(userid = b.userid)", "Rows Removed by Index Recheck": 0, "Filter": "((creationdate >= '2012-10-17 17:28:50'::timestamp without time zone) AND (creationdate <= '2013-07-19 05:20:21'::timestamp without time zone) AND (posthistorytypeid = 13))", "Rows Removed by Filter": 74}]}, {"Node Type": "Index Scan", "Parent Relationship": "Inner", "Parallel Aware": false, "Async Capable": false, "Scan Direction": "Forward", "Index Name": "idx_posts_owneruserid", "Relation Name": "posts", "Alias": "p", "Startup Cost": 0.29, "Total Cost": 0.8, "Plan Rows": 1, "Plan Width": 4, "Actual Rows": 1, "Actual Loops": 39, "Index Cond": "(owneruserid = b.userid)", "Rows Removed by Index Recheck": 0, "Filter": "((answercount <= 33) AND (commentcount >= 2) AND (commentcount <= 32) AND (favoritecount >= 6) AND (favoritecount <= 55) AND (creationdate <= '2013-12-22 15:36:26'::timestamp without time zone))", "Rows Removed by Filter": 105}]}]}, "Planning Time": 2.074, "Triggers": [], "Execution Time": 37.473}, {"Plan": {"Node Type": "Aggregate", "Strategy": "Plain", "Partial Mode": "Simple", "Parallel Aware": false, "Async Capable": false, "Startup Cost": 6755.78, "Total Cost": 6755.79, "Plan Rows": 1, "Plan Width": 8, "Actual Rows": 1, "Actual Loops": 1, "Plans": [{"Node Type": "Gather", "Parent Relationship": "Outer", "Parallel Aware": false, "Async Capable": false, "Startup Cost": 1000.88, "Total Cost": 6755.78, "Plan Rows": 1, "Plan Width": 0, "Actual Rows": 29, "Actual Loops": 1, "Workers Planned": 1, "Workers Launched": 1, "Single Copy": false, "Plans": [{"Node Type": "Nested Loop", "Parent Relationship": "Outer", "Parallel Aware": false, "Async Capable": false, "Join Type": "Inner", "Startup Cost": 0.88, "Total Cost": 5755.68, "Plan Rows": 1.0, "Plan Width": 0, "Actual Rows": 14, "Actual Loops": 2, "Inner Unique": false, "Workers": [], "Plans": [{"Node Type": "Nested Loop", "Parent Relationship": "Outer", "Parallel Aware": false, "Async Capable": false, "Join Type": "Inner", "Startup Cost": 0.58, "Total Cost": 5754.06, "Plan Rows": 6.0, "Plan Width": 12, "Actual Rows": 20, "Actual Loops": 2, "Inner Unique": false, "Workers": [], "Plans": [{"Node Type": "Nested Loop", "Parent Relationship": "Outer", "Parallel Aware": false, "Async Capable": false, "Join Type": "Inner", "Startup Cost": 0.29, "Total Cost": 5747.79, "Plan Rows": 2.0, "Plan Width": 8, "Actual Rows": 10, "Actual Loops": 2, "Inner Unique": true, "Workers": [], "Plans": [{"Node Type": "Seq Scan", "Parent Relationship": "Outer", "Parallel Aware": true, "Async Capable": false, "Relation Name": "posthistory", "Alias": "ph", "Startup Cost": 0.0, "Total Cost": 5361.04, "Plan Rows": 59, "Plan Width": 4, "Actual Rows": 43, "Actual Loops": 2, "Filter": "((creationdate >= '2012-10-17 17:28:50'::timestamp without time zone) AND (creationdate <= '2013-07-19 05:20:21'::timestamp without time zone) AND (posthistorytypeid = 13))", "Rows Removed by Filter": 151550, "Workers": []}, {"Node Type": "Index Scan", "Parent Relationship": "Inner", "Parallel Aware": false, "Async Capable": false, "Scan Direction": "Forward", "Index Name": "users_pkey", "Relation Name": "users", "Alias": "u", "Startup Cost": 0.29, "Total Cost": 6.55, "Plan Rows": 1, "Plan Width": 4, "Actual Rows": 0, "Actual Loops": 86, "Index Cond": "(id = ph.userid)", "Rows Removed by Index Recheck": 0, "Filter": "((reputation <= 36895) AND (creationdate >= '2011-12-25 23:29:11'::timestamp without time zone) AND (creationdate <= '2012-12-02 11:48:13'::timestamp without time zone))", "Rows Removed by Filter": 1, "Workers": []}]}, {"Node Type": "Index Scan", "Parent Relationship": "Inner", "Parallel Aware": false, "Async Capable": false, "Scan Direction": "Forward", "Index Name": "idx_badges_userid", "Relation Name": "badges", "Alias": "b", "Startup Cost": 0.29, "Total Cost": 0.69, "Plan Rows": 1, "Plan Width": 4, "Actual Rows": 2, "Actual Loops": 21, "Index Cond": "(userid = u.id)", "Rows Removed by Index Recheck": 0, "Filter": "((date >= '2014-04-24 05:47:53'::timestamp without time zone) AND (date <= '2014-08-01 09:07:48'::timestamp without time zone))", "Rows Removed by Filter": 20, "Workers": []}]}, {"Node Type": "Index Scan", "Parent Relationship": "Inner", "Parallel Aware": false, "Async Capable": false, "Scan Direction": "Forward", "Index Name": "idx_posts_owneruserid", "Relation Name": "posts", "Alias": "p", "Startup Cost": 0.29, "Total Cost": 0.8, "Plan Rows": 1, "Plan Width": 4, "Actual Rows": 1, "Actual Loops": 39, "Index Cond": "(owneruserid = b.userid)", "Rows Removed by Index Recheck": 0, "Filter": "((answercount <= 33) AND (commentcount >= 2) AND (commentcount <= 32) AND (favoritecount >= 6) AND (favoritecount <= 55) AND (creationdate <= '2013-12-22 15:36:26'::timestamp without time zone))", "Rows Removed by Filter": 105, "Workers": []}]}]}]}, "Planning Time": 2.407, "Triggers": [], "Execution Time": 35.28}, {"Plan": {"Node Type": "Aggregate", "Strategy": "Plain", "Partial Mode": "Simple", "Parallel Aware": false, "Async Capable": false, "Startup Cost": 11144.37, "Total Cost": 11144.38, "Plan Rows": 1, "Plan Width": 8, "Actual Rows": 1, "Actual Loops": 1, "Plans": [{"Node Type": "Hash Join", "Parent Relationship": "Outer", "Parallel Aware": false, "Async Capable": false, "Join Type": "Inner", "Startup Cost": 6749.88, "Total Cost": 11144.37, "Plan Rows": 1.0, "Plan Width": 0, "Actual Rows": 29, "Actual Loops": 1, "Inner Unique": false, "Hash Cond": "(b.userid = u.id)", "Plans": [{"Node Type": "Nested Loop", "Parent Relationship": "Outer", "Parallel Aware": false, "Async Capable": false, "Join Type": "Inner", "Startup Cost": 0.29, "Total Cost": 4392.15, "Plan Rows": 311.0, "Plan Width": 8, "Actual Rows": 1712, "Actual Loops": 1, "Inner Unique": false, "Plans": [{"Node Type": "Seq Scan", "Parent Relationship": "Outer", "Parallel Aware": false, "Async Capable": false, "Relation Name": "posts", "Alias": "p", "Startup Cost": 0.0, "Total Cost": 3139.4, "Plan Rows": 140, "Plan Width": 4, "Actual Rows": 569, "Actual Loops": 1, "Filter": "((answercount <= 33) AND (commentcount >= 2) AND (commentcount <= 32) AND (favoritecount >= 6) AND (favoritecount <= 55) AND (creationdate <= '2013-12-22 15:36:26'::timestamp without time zone))", "Rows Removed by Filter": 91407}, {"Node Type": "Index Scan", "Parent Relationship": "Inner", "Parallel Aware": false, "Async Capable": false, "Scan Direction": "Forward", "Index Name": "idx_badges_userid", "Relation Name": "badges", "Alias": "b", "Startup Cost": 0.29, "Total Cost": 8.94, "Plan Rows": 1, "Plan Width": 4, "Actual Rows": 3, "Actual Loops": 569, "Index Cond": "(userid = p.owneruserid)", "Rows Removed by Index Recheck": 0, "Filter": "((date >= '2014-04-24 05:47:53'::timestamp without time zone) AND (date <= '2014-08-01 09:07:48'::timestamp without time zone))", "Rows Removed by Filter": 33}]}, {"Node Type": "Hash", "Parent Relationship": "Inner", "Parallel Aware": false, "Async Capable": false, "Startup Cost": 6749.39, "Total Cost": 6749.39, "Plan Rows": 2.0, "Plan Width": 8, "Actual Rows": 21, "Actual Loops": 1, "Hash Buckets": 1024, "Original Hash Buckets": 1024, "Hash Batches": 1, "Original Hash Batches": 1, "Peak Memory Usage": 9, "Plans": [{"Node Type": "Gather", "Parent Relationship": "Outer", "Parallel Aware": false, "Async Capable": false, "Startup Cost": 1000.29, "Total Cost": 6749.39, "Plan Rows": 2.0, "Plan Width": 8, "Actual Rows": 21, "Actual Loops": 1, "Workers Planned": 1, "Workers Launched": 1, "Single Copy": false, "Plans": [{"Node Type": "Nested Loop", "Parent Relationship": "Outer", "Parallel Aware": false, "Async Capable": false, "Join Type": "Inner", "Startup Cost": 0.29, "Total Cost": 5747.79, "Plan Rows": 2.0, "Plan Width": 8, "Actual Rows": 10, "Actual Loops": 2, "Inner Unique": true, "Workers": [], "Plans": [{"Node Type": "Seq Scan", "Parent Relationship": "Outer", "Parallel Aware": true, "Async Capable": false, "Relation Name": "posthistory", "Alias": "ph", "Startup Cost": 0.0, "Total Cost": 5361.04, "Plan Rows": 59, "Plan Width": 4, "Actual Rows": 43, "Actual Loops": 2, "Filter": "((creationdate >= '2012-10-17 17:28:50'::timestamp without time zone) AND (creationdate <= '2013-07-19 05:20:21'::timestamp without time zone) AND (posthistorytypeid = 13))", "Rows Removed by Filter": 151550, "Workers": []}, {"Node Type": "Index Scan", "Parent Relationship": "Inner", "Parallel Aware": false, "Async Capable": false, "Scan Direction": "Forward", "Index Name": "users_pkey", "Relation Name": "users", "Alias": "u", "Startup Cost": 0.29, "Total Cost": 6.55, "Plan Rows": 1, "Plan Width": 4, "Actual Rows": 0, "Actual Loops": 86, "Index Cond": "(id = ph.userid)", "Rows Removed by Index Recheck": 0, "Filter": "((reputation <= 36895) AND (creationdate >= '2011-12-25 23:29:11'::timestamp without time zone) AND (creationdate <= '2012-12-02 11:48:13'::timestamp without time zone))", "Rows Removed by Filter": 1, "Workers": []}]}]}]}]}]}, "Planning Time": 2.414, "Triggers": [], "Execution Time": 70.708}, {"Plan": {"Node Type": "Aggregate", "Strategy": "Plain", "Partial Mode": "Simple", "Parallel Aware": false, "Async Capable": false, "Startup Cost": 6817.9, "Total Cost": 6817.91, "Plan Rows": 1, "Plan Width": 8, "Actual Rows": 1, "Actual Loops": 1, "Plans": [{"Node Type": "Hash Join", "Parent Relationship": "Outer", "Parallel Aware": false, "Async Capable": false, "Join Type": "Inner", "Startup Cost": 5633.09, "Total Cost": 6817.9, "Plan Rows": 1.0, "Plan Width": 0, "Actual Rows": 29, "Actual Loops": 1, "Inner Unique": false, "Hash Cond": "(u.id = b.userid)", "Plans": [{"Node Type": "Seq Scan", "Parent Relationship": "Outer", "Parallel Aware": false, "Async Capable": false, "Relation Name": "users", "Alias": "u", "Startup Cost": 0.0, "Total Cost": 1002.69, "Plan Rows": 6929, "Plan Width": 4, "Actual Rows": 6932, "Actual Loops": 1, "Filter": "((reputation <= 36895) AND (creationdate >= '2011-12-25 23:29:11'::timestamp without time zone) AND (creationdate <= '2012-12-02 11:48:13'::timestamp without time zone))", "Rows Removed by Filter": 33393}, {"Node Type": "Hash", "Parent Relationship": "Inner", "Parallel Aware": false, "Async Capable": false, "Startup Cost": 5631.41, "Total Cost": 5631.41, "Plan Rows": 9.0, "Plan Width": 12, "Actual Rows": 510, "Actual Loops": 1, "Hash Buckets": 1024, "Original Hash Buckets": 1024, "Hash Batches": 1, "Original Hash Batches": 1, "Peak Memory Usage": 30, "Plans": [{"Node Type": "Nested Loop", "Parent Relationship": "Outer", "Parallel Aware": false, "Async Capable": false, "Join Type": "Inner", "Startup Cost": 0.71, "Total Cost": 5631.41, "Plan Rows": 9.0, "Plan Width": 12, "Actual Rows": 510, "Actual Loops": 1, "Inner Unique": false, "Plans": [{"Node Type": "Nested Loop", "Parent Relationship": "Outer", "Parallel Aware": false, "Async Capable": false, "Join Type": "Inner", "Startup Cost": 0.29, "Total Cost": 4392.15, "Plan Rows": 311.0, "Plan Width": 8, "Actual Rows": 1712, "Actual Loops": 1, "Inner Unique": false, "Plans": [{"Node Type": "Seq Scan", "Parent Relationship": "Outer", "Parallel Aware": false, "Async Capable": false, "Relation Name": "posts", "Alias": "p", "Startup Cost": 0.0, "Total Cost": 3139.4, "Plan Rows": 140, "Plan Width": 4, "Actual Rows": 569, "Actual Loops": 1, "Filter": "((answercount <= 33) AND (commentcount >= 2) AND (commentcount <= 32) AND (favoritecount >= 6) AND (favoritecount <= 55) AND (creationdate <= '2013-12-22 15:36:26'::timestamp without time zone))", "Rows Removed by Filter": 91407}, {"Node Type": "Index Scan", "Parent Relationship": "Inner", "Parallel Aware": false, "Async Capable": false, "Scan Direction": "Forward", "Index Name": "idx_badges_userid", "Relation Name": "badges", "Alias": "b", "Startup Cost": 0.29, "Total Cost": 8.94, "Plan Rows": 1, "Plan Width": 4, "Actual Rows": 3, "Actual Loops": 569, "Index Cond": "(userid = p.owneruserid)", "Rows Removed by Index Recheck": 0, "Filter": "((date >= '2014-04-24 05:47:53'::timestamp without time zone) AND (date <= '2014-08-01 09:07:48'::timestamp without time zone))", "Rows Removed by Filter": 33}]}, {"Node Type": "Index Scan", "Parent Relationship": "Inner", "Parallel Aware": false, "Async Capable": false, "Scan Direction": "Forward", "Index Name": "idx_posthistory_userid", "Relation Name": "posthistory", "Alias": "ph", "Startup Cost": 0.42, "Total Cost": 1.77, "Plan Rows": 1, "Plan Width": 4, "Actual Rows": 0, "Actual Loops": 1712, "Index Cond": "(userid = b.userid)", "Rows Removed by Index Recheck": 0, "Filter": "((creationdate >= '2012-10-17 17:28:50'::timestamp without time zone) AND (creationdate <= '2013-07-19 05:20:21'::timestamp without time zone) AND (posthistorytypeid = 13))", "Rows Removed by Filter": 933}]}]}]}]}, "Planning Time": 2.574, "Triggers": [], "Execution Time": 309.348}, {"Plan": {"Node Type": "Aggregate", "Strategy": "Plain", "Partial Mode": "Simple", "Parallel Aware": false, "Async Capable": false, "Startup Cost": 9952.61, "Total Cost": 9952.62, "Plan Rows": 1, "Plan Width": 8, "Actual Rows": 1, "Actual Loops": 1, "Plans": [{"Node Type": "Hash Join", "Parent Relationship": "Outer", "Parallel Aware": false, "Async Capable": false, "Join Type": "Inner", "Startup Cost": 2768.82, "Total Cost": 9952.61, "Plan Rows": 1.0, "Plan Width": 0, "Actual Rows": 29, "Actual Loops": 1, "Inner Unique": false, "Hash Cond": "(p.owneruserid = b.userid)", "Plans": [{"Node Type": "Nested Loop", "Parent Relationship": "Outer", "Parallel Aware": false, "Async Capable": false, "Join Type": "Inner", "Startup Cost": 0.42, "Total Cost": 7179.73, "Plan Rows": 2.0, "Plan Width": 8, "Actual Rows": 34, "Actual Loops": 1, "Inner Unique": false, "Plans": [{"Node Type": "Seq Scan", "Parent Relationship": "Outer", "Parallel Aware": false, "Async Capable": false, "Relation Name": "posts", "Alias": "p", "Startup Cost": 0.0, "Total Cost": 3139.4, "Plan Rows": 140, "Plan Width": 4, "Actual Rows": 569, "Actual Loops": 1, "Filter": "((answercount <= 33) AND (commentcount >= 2) AND (commentcount <= 32) AND (favoritecount >= 6) AND (favoritecount <= 55) AND (creationdate <= '2013-12-22 15:36:26'::timestamp without time zone))", "Rows Removed by Filter": 91407}, {"Node Type": "Index Scan", "Parent Relationship": "Inner", "Parallel Aware": false, "Async Capable": false, "Scan Direction": "Forward", "Index Name": "idx_posthistory_userid", "Relation Name": "posthistory", "Alias": "ph", "Startup Cost": 0.42, "Total Cost": 28.85, "Plan Rows": 1, "Plan Width": 4, "Actual Rows": 0, "Actual Loops": 569, "Index Cond": "(userid = p.owneruserid)", "Rows Removed by Index Recheck": 0, "Filter": "((creationdate >= '2012-10-17 17:28:50'::timestamp without time zone) AND (creationdate <= '2013-07-19 05:20:21'::timestamp without time zone) AND (posthistorytypeid = 13))", "Rows Removed by Filter": 242}]}, {"Node Type": "Hash", "Parent Relationship": "Inner", "Parallel Aware": false, "Async Capable": false, "Startup Cost": 2746.2, "Total Cost": 2746.2, "Plan Rows": 228.0, "Plan Width": 8, "Actual Rows": 1053, "Actual Loops": 1, "Hash Buckets": 2048, "Original Hash Buckets": 2048, "Hash Batches": 1, "Original Hash Batches": 1, "Peak Memory Usage": 58, "Plans": [{"Node Type": "Hash Join", "Parent Relationship": "Outer", "Parallel Aware": false, "Async Capable": false, "Join Type": "Inner", "Startup Cost": 1089.3, "Total Cost": 2746.2, "Plan Rows": 228.0, "Plan Width": 8, "Actual Rows": 1053, "Actual Loops": 1, "Inner Unique": true, "Hash Cond": "(b.userid = u.id)", "Plans": [{"Node Type": "Seq Scan", "Parent Relationship": "Outer", "Parallel Aware": false, "Async Capable": false, "Relation Name": "badges", "Alias": "b", "Startup Cost": 0.0, "Total Cost": 1629.76, "Plan Rows": 10337, "Plan Width": 4, "Actual Rows": 10349, "Actual Loops": 1, "Filter": "((date >= '2014-04-24 05:47:53'::timestamp without time zone) AND (date <= '2014-08-01 09:07:48'::timestamp without time zone))", "Rows Removed by Filter": 69502}, {"Node Type": "Hash", "Parent Relationship": "Inner", "Parallel Aware": false, "Async Capable": false, "Startup Cost": 1002.69, "Total Cost": 1002.69, "Plan Rows": 6929, "Plan Width": 4, "Actual Rows": 6932, "Actual Loops": 1, "Hash Buckets": 8192, "Original Hash Buckets": 8192, "Hash Batches": 1, "Original Hash Batches": 1, "Peak Memory Usage": 308, "Plans": [{"Node Type": "Seq Scan", "Parent Relationship": "Outer", "Parallel Aware": false, "Async Capable": false, "Relation Name": "users", "Alias": "u", "Startup Cost": 0.0, "Total Cost": 1002.69, "Plan Rows": 6929, "Plan Width": 4, "Actual Rows": 6932, "Actual Loops": 1, "Filter": "((reputation <= 36895) AND (creationdate >= '2011-12-25 23:29:11'::timestamp without time zone) AND (creationdate <= '2012-12-02 11:48:13'::timestamp without time zone))", "Rows Removed by Filter": 33393}]}]}]}]}]}, "Planning Time": 2.724, "Triggers": [], "Execution Time": 99.337}, {"Plan": {"Node Type": "Aggregate", "Strategy": "Plain", "Partial Mode": "Simple", "Parallel Aware": false, "Async Capable": false, "Startup Cost": 4014.88, "Total Cost": 4014.89, "Plan Rows": 1, "Plan Width": 8, "Actual Rows": 1, "Actual Loops": 1, "Plans": [{"Node Type": "Nested Loop", "Parent Relationship": "Outer", "Parallel Aware": false, "Async Capable": false, "Join Type": "Inner", "Startup Cost": 1.0, "Total Cost": 4014.88, "Plan Rows": 1.0, "Plan Width": 0, "Actual Rows": 29, "Actual Loops": 1, "Inner Unique": false, "Plans": [{"Node Type": "Nested Loop", "Parent Relationship": "Outer", "Parallel Aware": false, "Async Capable": false, "Join Type": "Inner", "Startup Cost": 0.58, "Total Cost": 4004.22, "Plan Rows": 26.0, "Plan Width": 12, "Actual Rows": 152, "Actual Loops": 1, "Inner Unique": false, "Plans": [{"Node Type": "Nested Loop", "Parent Relationship": "Outer", "Parallel Aware": false, "Async Capable": false, "Join Type": "Inner", "Startup Cost": 0.29, "Total Cost": 3987.5, "Plan Rows": 7.0, "Plan Width": 8, "Actual Rows": 99, "Actual Loops": 1, "Inner Unique": true, "Plans": [{"Node Type": "Seq Scan", "Parent Relationship": "Outer", "Parallel Aware": false, "Async Capable": false, "Relation Name": "posts", "Alias": "p", "Startup Cost": 0.0, "Total Cost": 3139.4, "Plan Rows": 140, "Plan Width": 4, "Actual Rows": 569, "Actual Loops": 1, "Filter": "((answercount <= 33) AND (commentcount >= 2) AND (commentcount <= 32) AND (favoritecount >= 6) AND (favoritecount <= 55) AND (creationdate <= '2013-12-22 15:36:26'::timestamp without time zone))", "Rows Removed by Filter": 91407}, {"Node Type": "Index Scan", "Parent Relationship": "Inner", "Parallel Aware": false, "Async Capable": false, "Scan Direction": "Forward", "Index Name": "users_pkey", "Relation Name": "users", "Alias": "u", "Startup Cost": 0.29, "Total Cost": 6.06, "Plan Rows": 1, "Plan Width": 4, "Actual Rows": 0, "Actual Loops": 569, "Index Cond": "(id = p.owneruserid)", "Rows Removed by Index Recheck": 0, "Filter": "((reputation <= 36895) AND (creationdate >= '2011-12-25 23:29:11'::timestamp without time zone) AND (creationdate <= '2012-12-02 11:48:13'::timestamp without time zone))", "Rows Removed by Filter": 1}]}, {"Node Type": "Index Scan", "Parent Relationship": "Inner", "Parallel Aware": false, "Async Capable": false, "Scan Direction": "Forward", "Index Name": "idx_badges_userid", "Relation Name": "badges", "Alias": "b", "Startup Cost": 0.29, "Total Cost": 0.69, "Plan Rows": 1, "Plan Width": 4, "Actual Rows": 2, "Actual Loops": 99, "Index Cond": "(userid = u.id)", "Rows Removed by Index Recheck": 0, "Filter": "((date >= '2014-04-24 05:47:53'::timestamp without time zone) AND (date <= '2014-08-01 09:07:48'::timestamp without time zone))", "Rows Removed by Filter": 17}]}, {"Node Type": "Index Scan", "Parent Relationship": "Inner", "Parallel Aware": false, "Async Capable": false, "Scan Direction": "Forward", "Index Name": "idx_posthistory_userid", "Relation Name": "posthistory", "Alias": "ph", "Startup Cost": 0.42, "Total Cost": 1.77, "Plan Rows": 1, "Plan Width": 4, "Actual Rows": 0, "Actual Loops": 152, "Index Cond": "(userid = b.userid)", "Rows Removed by Index Recheck": 0, "Filter": "((creationdate >= '2012-10-17 17:28:50'::timestamp without time zone) AND (creationdate <= '2013-07-19 05:20:21'::timestamp without time zone) AND (posthistorytypeid = 13))", "Rows Removed by Filter": 221}]}]}, "Planning Time": 2.361, "Triggers": [], "Execution Time": 27.526}, {"Plan": {"Node Type": "Aggregate", "Strategy": "Plain", "Partial Mode": "Simple", "Parallel Aware": false, "Async Capable": false, "Startup Cost": 10925.99, "Total Cost": 10926.0, "Plan Rows": 1, "Plan Width": 8, "Actual Rows": 1, "Actual Loops": 1, "Plans": [{"Node Type": "Gather", "Parent Relationship": "Outer", "Parallel Aware": false, "Async Capable": false, "Startup Cost": 4988.09, "Total Cost": 10925.99, "Plan Rows": 1, "Plan Width": 0, "Actual Rows": 29, "Actual Loops": 1, "Workers Planned": 1, "Workers Launched": 1, "Single Copy": false, "Plans": [{"Node Type": "Hash Join", "Parent Relationship": "Outer", "Parallel Aware": false, "Async Capable": false, "Join Type": "Inner", "Startup Cost": 3988.09, "Total Cost": 9925.89, "Plan Rows": 1.0, "Plan Width": 0, "Actual Rows": 14, "Actual Loops": 2, "Inner Unique": false, "Hash Cond": "(b.userid = u.id)", "Workers": [], "Plans": [{"Node Type": "Nested Loop", "Parent Relationship": "Outer", "Parallel Aware": false, "Async Capable": false, "Join Type": "Inner", "Startup Cost": 0.29, "Total Cost": 5936.58, "Plan Rows": 50.0, "Plan Width": 8, "Actual Rows": 256, "Actual Loops": 2, "Inner Unique": false, "Workers": [], "Plans": [{"Node Type": "Seq Scan", "Parent Relationship": "Outer", "Parallel Aware": true, "Async Capable": false, "Relation Name": "posthistory", "Alias": "ph", "Startup Cost": 0.0, "Total Cost": 5361.04, "Plan Rows": 59, "Plan Width": 4, "Actual Rows": 43, "Actual Loops": 2, "Filter": "((creationdate >= '2012-10-17 17:28:50'::timestamp without time zone) AND (creationdate <= '2013-07-19 05:20:21'::timestamp without time zone) AND (posthistorytypeid = 13))", "Rows Removed by Filter": 151550, "Workers": []}, {"Node Type": "Index Scan", "Parent Relationship": "Inner", "Parallel Aware": false, "Async Capable": false, "Scan Direction": "Forward", "Index Name": "idx_badges_userid", "Relation Name": "badges", "Alias": "b", "Startup Cost": 0.29, "Total Cost": 9.74, "Plan Rows": 1, "Plan Width": 4, "Actual Rows": 6, "Actual Loops": 86, "Index Cond": "(userid = ph.userid)", "Rows Removed by Index Recheck": 0, "Filter": "((date >= '2014-04-24 05:47:53'::timestamp without time zone) AND (date <= '2014-08-01 09:07:48'::timestamp without time zone))", "Rows Removed by Filter": 73, "Workers": []}]}, {"Node Type": "Hash", "Parent Relationship": "Inner", "Parallel Aware": false, "Async Capable": false, "Startup Cost": 3987.5, "Total Cost": 3987.5, "Plan Rows": 7.0, "Plan Width": 8, "Actual Rows": 99, "Actual Loops": 2, "Hash Buckets": 1024, "Original Hash Buckets": 1024, "Hash Batches": 1, "Original Hash Batches": 1, "Peak Memory Usage": 12, "Workers": [], "Plans": [{"Node Type": "Nested Loop", "Parent Relationship": "Outer", "Parallel Aware": false, "Async Capable": false, "Join Type": "Inner", "Startup Cost": 0.29, "Total Cost": 3987.5, "Plan Rows": 7.0, "Plan Width": 8, "Actual Rows": 99, "Actual Loops": 2, "Inner Unique": true, "Workers": [], "Plans": [{"Node Type": "Seq Scan", "Parent Relationship": "Outer", "Parallel Aware": false, "Async Capable": false, "Relation Name": "posts", "Alias": "p", "Startup Cost": 0.0, "Total Cost": 3139.4, "Plan Rows": 140, "Plan Width": 4, "Actual Rows": 569, "Actual Loops": 2, "Filter": "((answercount <= 33) AND (commentcount >= 2) AND (commentcount <= 32) AND (favoritecount >= 6) AND (favoritecount <= 55) AND (creationdate <= '2013-12-22 15:36:26'::timestamp without time zone))", "Rows Removed by Filter": 91407, "Workers": []}, {"Node Type": "Index Scan", "Parent Relationship": "Inner", "Parallel Aware": false, "Async Capable": false, "Scan Direction": "Forward", "Index Name": "users_pkey", "Relation Name": "users", "Alias": "u", "Startup Cost": 0.29, "Total Cost": 6.06, "Plan Rows": 1, "Plan Width": 4, "Actual Rows": 0, "Actual Loops": 1138, "Index Cond": "(id = p.owneruserid)", "Rows Removed by Index Recheck": 0, "Filter": "((reputation <= 36895) AND (creationdate >= '2011-12-25 23:29:11'::timestamp without time zone) AND (creationdate <= '2012-12-02 11:48:13'::timestamp without time zone))", "Rows Removed by Filter": 1, "Workers": []}]}]}]}]}]}, "Planning Time": 5.482, "Triggers": [], "Execution Time": 63.364}, {"Plan": {"Node Type": "Aggregate", "Strategy": "Plain", "Partial Mode": "Simple", "Parallel Aware": false, "Async Capable": false, "Startup Cost": 9047.19, "Total Cost": 9047.2, "Plan Rows": 1, "Plan Width": 8, "Actual Rows": 1, "Actual Loops": 1, "Plans": [{"Node Type": "Nested Loop", "Parent Relationship": "Outer", "Parallel Aware": false, "Async Capable": false, "Join Type": "Inner", "Startup Cost": 1089.72, "Total Cost": 9047.19, "Plan Rows": 1.0, "Plan Width": 0, "Actual Rows": 29, "Actual Loops": 1, "Inner Unique": false, "Join Filter": "(p.owneruserid = b.userid)", "Rows Removed by Join Filter": 22162, "Plans": [{"Node Type": "Seq Scan", "Parent Relationship": "Outer", "Parallel Aware": false, "Async Capable": false, "Relation Name": "posts", "Alias": "p", "Startup Cost": 0.0, "Total Cost": 3139.4, "Plan Rows": 140, "Plan Width": 4, "Actual Rows": 569, "Actual Loops": 1, "Filter": "((answercount <= 33) AND (commentcount >= 2) AND (commentcount <= 32) AND (favoritecount >= 6) AND (favoritecount <= 55) AND (creationdate <= '2013-12-22 15:36:26'::timestamp without time zone))", "Rows Removed by Filter": 91407}, {"Node Type": "Materialize", "Parent Relationship": "Inner", "Parallel Aware": false, "Async Capable": false, "Startup Cost": 1089.72, "Total Cost": 5899.4, "Plan Rows": 6.0, "Plan Width": 12, "Actual Rows": 39, "Actual Loops": 569, "Plans": [{"Node Type": "Nested Loop", "Parent Relationship": "Outer", "Parallel Aware": false, "Async Capable": false, "Join Type": "Inner", "Startup Cost": 1089.72, "Total Cost": 5899.38, "Plan Rows": 6.0, "Plan Width": 12, "Actual Rows": 39, "Actual Loops": 1, "Inner Unique": false, "Plans": [{"Node Type": "Hash Join", "Parent Relationship": "Outer", "Parallel Aware": false, "Async Capable": false, "Join Type": "Inner", "Startup Cost": 1089.3, "Total Cost": 2746.2, "Plan Rows": 228.0, "Plan Width": 8, "Actual Rows": 1053, "Actual Loops": 1, "Inner Unique": true, "Hash Cond": "(b.userid = u.id)", "Plans": [{"Node Type": "Seq Scan", "Parent Relationship": "Outer", "Parallel Aware": false, "Async Capable": false, "Relation Name": "badges", "Alias": "b", "Startup Cost": 0.0, "Total Cost": 1629.76, "Plan Rows": 10337, "Plan Width": 4, "Actual Rows": 10349, "Actual Loops": 1, "Filter": "((date >= '2014-04-24 05:47:53'::timestamp without time zone) AND (date <= '2014-08-01 09:07:48'::timestamp without time zone))", "Rows Removed by Filter": 69502}, {"Node Type": "Hash", "Parent Relationship": "Inner", "Parallel Aware": false, "Async Capable": false, "Startup Cost": 1002.69, "Total Cost": 1002.69, "Plan Rows": 6929, "Plan Width": 4, "Actual Rows": 6932, "Actual Loops": 1, "Hash Buckets": 8192, "Original Hash Buckets": 8192, "Hash Batches": 1, "Original Hash Batches": 1, "Peak Memory Usage": 308, "Plans": [{"Node Type": "Seq Scan", "Parent Relationship": "Outer", "Parallel Aware": false, "Async Capable": false, "Relation Name": "users", "Alias": "u", "Startup Cost": 0.0, "Total Cost": 1002.69, "Plan Rows": 6929, "Plan Width": 4, "Actual Rows": 6932, "Actual Loops": 1, "Filter": "((reputation <= 36895) AND (creationdate >= '2011-12-25 23:29:11'::timestamp without time zone) AND (creationdate <= '2012-12-02 11:48:13'::timestamp without time zone))", "Rows Removed by Filter": 33393}]}]}, {"Node Type": "Index Scan", "Parent Relationship": "Inner", "Parallel Aware": false, "Async Capable": false, "Scan Direction": "Forward", "Index Name": "idx_posthistory_userid", "Relation Name": "posthistory", "Alias": "ph", "Startup Cost": 0.42, "Total Cost": 1.77, "Plan Rows": 1, "Plan Width": 4, "Actual Rows": 0, "Actual Loops": 1053, "Index Cond": "(userid = b.userid)", "Rows Removed by Index Recheck": 0, "Filter": "((creationdate >= '2012-10-17 17:28:50'::timestamp without time zone) AND (creationdate <= '2013-07-19 05:20:21'::timestamp without time zone) AND (posthistorytypeid = 13))", "Rows Removed by Filter": 74}]}]}]}]}, "Planning Time": 2.345, "Triggers": [], "Execution Time": 59.095}, {"Plan": {"Node Type": "Aggregate", "Strategy": "Plain", "Partial Mode": "Simple", "Parallel Aware": false, "Async Capable": false, "Startup Cost": 5695.35, "Total Cost": 5695.36, "Plan Rows": 1, "Plan Width": 8, "Actual Rows": 1, "Actual Loops": 1, "Plans": [{"Node Type": "Nested Loop", "Parent Relationship": "Outer", "Parallel Aware": false, "Async Capable": false, "Join Type": "Inner", "Startup Cost": 1.0, "Total Cost": 5695.35, "Plan Rows": 1.0, "Plan Width": 0, "Actual Rows": 29, "Actual Loops": 1, "Inner Unique": true, "Plans": [{"Node Type": "Nested Loop", "Parent Relationship": "Outer", "Parallel Aware": false, "Async Capable": false, "Join Type": "Inner", "Startup Cost": 0.71, "Total Cost": 5631.41, "Plan Rows": 9.0, "Plan Width": 12, "Actual Rows": 510, "Actual Loops": 1, "Inner Unique": false, "Plans": [{"Node Type": "Nested Loop", "Parent Relationship": "Outer", "Parallel Aware": false, "Async Capable": false, "Join Type": "Inner", "Startup Cost": 0.29, "Total Cost": 4392.15, "Plan Rows": 311.0, "Plan Width": 8, "Actual Rows": 1712, "Actual Loops": 1, "Inner Unique": false, "Plans": [{"Node Type": "Seq Scan", "Parent Relationship": "Outer", "Parallel Aware": false, "Async Capable": false, "Relation Name": "posts", "Alias": "p", "Startup Cost": 0.0, "Total Cost": 3139.4, "Plan Rows": 140, "Plan Width": 4, "Actual Rows": 569, "Actual Loops": 1, "Filter": "((answercount <= 33) AND (commentcount >= 2) AND (commentcount <= 32) AND (favoritecount >= 6) AND (favoritecount <= 55) AND (creationdate <= '2013-12-22 15:36:26'::timestamp without time zone))", "Rows Removed by Filter": 91407}, {"Node Type": "Index Scan", "Parent Relationship": "Inner", "Parallel Aware": false, "Async Capable": false, "Scan Direction": "Forward", "Index Name": "idx_badges_userid", "Relation Name": "badges", "Alias": "b", "Startup Cost": 0.29, "Total Cost": 8.94, "Plan Rows": 1, "Plan Width": 4, "Actual Rows": 3, "Actual Loops": 569, "Index Cond": "(userid = p.owneruserid)", "Rows Removed by Index Recheck": 0, "Filter": "((date >= '2014-04-24 05:47:53'::timestamp without time zone) AND (date <= '2014-08-01 09:07:48'::timestamp without time zone))", "Rows Removed by Filter": 33}]}, {"Node Type": "Index Scan", "Parent Relationship": "Inner", "Parallel Aware": false, "Async Capable": false, "Scan Direction": "Forward", "Index Name": "idx_posthistory_userid", "Relation Name": "posthistory", "Alias": "ph", "Startup Cost": 0.42, "Total Cost": 1.77, "Plan Rows": 1, "Plan Width": 4, "Actual Rows": 0, "Actual Loops": 1712, "Index Cond": "(userid = b.userid)", "Rows Removed by Index Recheck": 0, "Filter": "((creationdate >= '2012-10-17 17:28:50'::timestamp without time zone) AND (creationdate <= '2013-07-19 05:20:21'::timestamp without time zone) AND (posthistorytypeid = 13))", "Rows Removed by Filter": 933}]}, {"Node Type": "Index Scan", "Parent Relationship": "Inner", "Parallel Aware": false, "Async Capable": false, "Scan Direction": "Forward", "Index Name": "users_pkey", "Relation Name": "users", "Alias": "u", "Startup Cost": 0.29, "Total Cost": 0.47, "Plan Rows": 1, "Plan Width": 4, "Actual Rows": 0, "Actual Loops": 510, "Index Cond": "(id = b.userid)", "Rows Removed by Index Recheck": 0, "Filter": "((reputation <= 36895) AND (creationdate >= '2011-12-25 23:29:11'::timestamp without time zone) AND (creationdate <= '2012-12-02 11:48:13'::timestamp without time zone))", "Rows Removed by Filter": 1}]}]}, "Planning Time": 2.543, "Triggers": [], "Execution Time": 297.413}, {"Plan": {"Node Type": "Aggregate", "Strategy": "Plain", "Partial Mode": "Simple", "Parallel Aware": false, "Async Capable": false, "Startup Cost": 9844.23, "Total Cost": 9844.24, "Plan Rows": 1, "Plan Width": 8, "Actual Rows": 1, "Actual Loops": 1, "Plans": [{"Node Type": "Gather", "Parent Relationship": "Outer", "Parallel Aware": false, "Async Capable": false, "Startup Cost": 3768.69, "Total Cost": 9844.22, "Plan Rows": 1, "Plan Width": 0, "Actual Rows": 29, "Actual Loops": 1, "Workers Planned": 1, "Workers Launched": 1, "Single Copy": false, "Plans": [{"Node Type": "Hash Join", "Parent Relationship": "Outer", "Parallel Aware": false, "Async Capable": false, "Join Type": "Inner", "Startup Cost": 2768.69, "Total Cost": 8844.12, "Plan Rows": 1.0, "Plan Width": 0, "Actual Rows": 14, "Actual Loops": 2, "Inner Unique": false, "Hash Cond": "(p.owneruserid = b.userid)", "Workers": [], "Plans": [{"Node Type": "Nested Loop", "Parent Relationship": "Outer", "Parallel Aware": false, "Async Capable": false, "Join Type": "Inner", "Startup Cost": 0.29, "Total Cost": 6073.06, "Plan Rows": 2.0, "Plan Width": 8, "Actual Rows": 17, "Actual Loops": 2, "Inner Unique": false, "Workers": [], "Plans": [{"Node Type": "Seq Scan", "Parent Relationship": "Outer", "Parallel Aware": true, "Async Capable": false, "Relation Name": "posthistory", "Alias": "ph", "Startup Cost": 0.0, "Total Cost": 5361.04, "Plan Rows": 59, "Plan Width": 4, "Actual Rows": 43, "Actual Loops": 2, "Filter": "((creationdate >= '2012-10-17 17:28:50'::timestamp without time zone) AND (creationdate <= '2013-07-19 05:20:21'::timestamp without time zone) AND (posthistorytypeid = 13))", "Rows Removed by Filter": 151550, "Workers": []}, {"Node Type": "Index Scan", "Parent Relationship": "Inner", "Parallel Aware": false, "Async Capable": false, "Scan Direction": "Forward", "Index Name": "idx_posts_owneruserid", "Relation Name": "posts", "Alias": "p", "Startup Cost": 0.29, "Total Cost": 12.06, "Plan Rows": 1, "Plan Width": 4, "Actual Rows": 0, "Actual Loops": 86, "Index Cond": "(owneruserid = ph.userid)", "Rows Removed by Index Recheck": 0, "Filter": "((answercount <= 33) AND (commentcount >= 2) AND (commentcount <= 32) AND (favoritecount >= 6) AND (favoritecount <= 55) AND (creationdate <= '2013-12-22 15:36:26'::timestamp without time zone))", "Rows Removed by Filter": 226, "Workers": []}]}, {"Node Type": "Hash", "Parent Relationship": "Inner", "Parallel Aware": false, "Async Capable": false, "Startup Cost": 2746.2, "Total Cost": 2746.2, "Plan Rows": 228.0, "Plan Width": 8, "Actual Rows": 1053, "Actual Loops": 2, "Hash Buckets": 2048, "Original Hash Buckets": 2048, "Hash Batches": 1, "Original Hash Batches": 1, "Peak Memory Usage": 58, "Workers": [], "Plans": [{"Node Type": "Hash Join", "Parent Relationship": "Outer", "Parallel Aware": false, "Async Capable": false, "Join Type": "Inner", "Startup Cost": 1089.3, "Total Cost": 2746.2, "Plan Rows": 228.0, "Plan Width": 8, "Actual Rows": 1053, "Actual Loops": 2, "Inner Unique": true, "Hash Cond": "(b.userid = u.id)", "Workers": [], "Plans": [{"Node Type": "Seq Scan", "Parent Relationship": "Outer", "Parallel Aware": false, "Async Capable": false, "Relation Name": "badges", "Alias": "b", "Startup Cost": 0.0, "Total Cost": 1629.76, "Plan Rows": 10337, "Plan Width": 4, "Actual Rows": 10349, "Actual Loops": 2, "Filter": "((date >= '2014-04-24 05:47:53'::timestamp without time zone) AND (date <= '2014-08-01 09:07:48'::timestamp without time zone))", "Rows Removed by Filter": 69502, "Workers": []}, {"Node Type": "Hash", "Parent Relationship": "Inner", "Parallel Aware": false, "Async Capable": false, "Startup Cost": 1002.69, "Total Cost": 1002.69, "Plan Rows": 6929, "Plan Width": 4, "Actual Rows": 6932, "Actual Loops": 2, "Hash Buckets": 8192, "Original Hash Buckets": 8192, "Hash Batches": 1, "Original Hash Batches": 1, "Peak Memory Usage": 308, "Workers": [], "Plans": [{"Node Type": "Seq Scan", "Parent Relationship": "Outer", "Parallel Aware": false, "Async Capable": false, "Relation Name": "users", "Alias": "u", "Startup Cost": 0.0, "Total Cost": 1002.69, "Plan Rows": 6929, "Plan Width": 4, "Actual Rows": 6932, "Actual Loops": 2, "Filter": "((reputation <= 36895) AND (creationdate >= '2011-12-25 23:29:11'::timestamp without time zone) AND (creationdate <= '2012-12-02 11:48:13'::timestamp without time zone))", "Rows Removed by Filter": 33393, "Workers": []}]}]}]}]}]}]}, "Planning Time": 4.966, "Triggers": [], "Execution Time": 66.759}, {"Plan": {"Node Type": "Aggregate", "Strategy": "Plain", "Partial Mode": "Simple", "Parallel Aware": false, "Async Capable": false, "Startup Cost": 11149.9, "Total Cost": 11149.91, "Plan Rows": 1, "Plan Width": 8, "Actual Rows": 1, "Actual Loops": 1, "Plans": [{"Node Type": "Gather", "Parent Relationship": "Outer", "Parallel Aware": false, "Async Capable": false, "Startup Cost": 5401.16, "Total Cost": 11149.9, "Plan Rows": 1, "Plan Width": 0, "Actual Rows": 29, "Actual Loops": 1, "Workers Planned": 1, "Workers Launched": 1, "Single Copy": false, "Plans": [{"Node Type": "Hash Join", "Parent Relationship": "Outer", "Parallel Aware": false, "Async Capable": false, "Join Type": "Inner", "Startup Cost": 4401.16, "Total Cost": 10149.8, "Plan Rows": 1.0, "Plan Width": 0, "Actual Rows": 14, "Actual Loops": 2, "Inner Unique": false, "Hash Cond": "(u.id = b.userid)", "Workers": [], "Plans": [{"Node Type": "Nested Loop", "Parent Relationship": "Outer", "Parallel Aware": false, "Async Capable": false, "Join Type": "Inner", "Startup Cost": 0.29, "Total Cost": 5747.79, "Plan Rows": 2.0, "Plan Width": 8, "Actual Rows": 10, "Actual Loops": 2, "Inner Unique": true, "Workers": [], "Plans": [{"Node Type": "Seq Scan", "Parent Relationship": "Outer", "Parallel Aware": true, "Async Capable": false, "Relation Name": "posthistory", "Alias": "ph", "Startup Cost": 0.0, "Total Cost": 5361.04, "Plan Rows": 59, "Plan Width": 4, "Actual Rows": 43, "Actual Loops": 2, "Filter": "((creationdate >= '2012-10-17 17:28:50'::timestamp without time zone) AND (creationdate <= '2013-07-19 05:20:21'::timestamp without time zone) AND (posthistorytypeid = 13))", "Rows Removed by Filter": 151550, "Workers": []}, {"Node Type": "Index Scan", "Parent Relationship": "Inner", "Parallel Aware": false, "Async Capable": false, "Scan Direction": "Forward", "Index Name": "users_pkey", "Relation Name": "users", "Alias": "u", "Startup Cost": 0.29, "Total Cost": 6.55, "Plan Rows": 1, "Plan Width": 4, "Actual Rows": 0, "Actual Loops": 86, "Index Cond": "(id = ph.userid)", "Rows Removed by Index Recheck": 0, "Filter": "((reputation <= 36895) AND (creationdate >= '2011-12-25 23:29:11'::timestamp without time zone) AND (creationdate <= '2012-12-02 11:48:13'::timestamp without time zone))", "Rows Removed by Filter": 1, "Workers": []}]}, {"Node Type": "Hash", "Parent Relationship": "Inner", "Parallel Aware": false, "Async Capable": false, "Startup Cost": 4392.15, "Total Cost": 4392.15, "Plan Rows": 311.0, "Plan Width": 8, "Actual Rows": 1712, "Actual Loops": 2, "Hash Buckets": 2048, "Original Hash Buckets": 1024, "Hash Batches": 1, "Original Hash Batches": 1, "Peak Memory Usage": 83, "Workers": [], "Plans": [{"Node Type": "Nested Loop", "Parent Relationship": "Outer", "Parallel Aware": false, "Async Capable": false, "Join Type": "Inner", "Startup Cost": 0.29, "Total Cost": 4392.15, "Plan Rows": 311.0, "Plan Width": 8, "Actual Rows": 1712, "Actual Loops": 2, "Inner Unique": false, "Workers": [], "Plans": [{"Node Type": "Seq Scan", "Parent Relationship": "Outer", "Parallel Aware": false, "Async Capable": false, "Relation Name": "posts", "Alias": "p", "Startup Cost": 0.0, "Total Cost": 3139.4, "Plan Rows": 140, "Plan Width": 4, "Actual Rows": 569, "Actual Loops": 2, "Filter": "((answercount <= 33) AND (commentcount >= 2) AND (commentcount <= 32) AND (favoritecount >= 6) AND (favoritecount <= 55) AND (creationdate <= '2013-12-22 15:36:26'::timestamp without time zone))", "Rows Removed by Filter": 91407, "Workers": []}, {"Node Type": "Index Scan", "Parent Relationship": "Inner", "Parallel Aware": false, "Async Capable": false, "Scan Direction": "Forward", "Index Name": "idx_badges_userid", "Relation Name": "badges", "Alias": "b", "Startup Cost": 0.29, "Total Cost": 8.94, "Plan Rows": 1, "Plan Width": 4, "Actual Rows": 3, "Actual Loops": 1138, "Index Cond": "(userid = p.owneruserid)", "Rows Removed by Index Recheck": 0, "Filter": "((date >= '2014-04-24 05:47:53'::timestamp without time zone) AND (date <= '2014-08-01 09:07:48'::timestamp without time zone))", "Rows Removed by Filter": 33, "Workers": []}]}]}]}]}]}, "Planning Time": 4.773, "Triggers": [], "Execution Time": 82.764}]