[{"Plan": {"Node Type": "Aggregate", "Strategy": "Plain", "Partial Mode": "Simple", "Parallel Aware": false, "Async Capable": false, "Startup Cost": 2454.99, "Total Cost": 2455.0, "Plan Rows": 1, "Plan Width": 8, "Actual Rows": 1, "Actual Loops": 1, "Plans": [{"Node Type": "Nested Loop", "Parent Relationship": "Outer", "Parallel Aware": false, "Async Capable": false, "Join Type": "Inner", "Startup Cost": 854.7, "Total Cost": 2442.88, "Plan Rows": 26.0, "Plan Width": 0, "Actual Rows": 109282, "Actual Loops": 1, "Inner Unique": false, "Join Filter": "(c.userid = u.id)", "Rows Removed by Join Filter": 0, "Plans": [{"Node Type": "Merge Join", "Parent Relationship": "Outer", "Parallel Aware": false, "Async Capable": false, "Join Type": "Inner", "Startup Cost": 854.4, "Total Cost": 2284.97, "Plan Rows": 76.0, "Plan Width": 8, "Actual Rows": 2102, "Actual Loops": 1, "Inner Unique": true, "Merge Cond": "(v.userid = u.id)", "Plans": [{"Node Type": "Index Scan", "Parent Relationship": "Outer", "Parallel Aware": false, "Async Capable": false, "Scan Direction": "Forward", "Index Name": "idx_votes_userid", "Relation Name": "votes", "Alias": "v", "Startup Cost": 0.42, "Total Cost": 13242.63, "Plan Rows": 85044, "Plan Width": 4, "Actual Rows": 8138, "Actual Loops": 1, "Filter": "((creationdate >= '2010-12-29 02:17:35'::timestamp without time zone) AND (creationdate <= '2012-06-03 11:07:48'::timestamp without time zone))", "Rows Removed by Filter": 46799}, {"Node Type": "Sort", "Parent Relationship": "Inner", "Parallel Aware": false, "Async Capable": false, "Startup Cost": 853.98, "Total Cost": 856.62, "Plan Rows": 1054, "Plan Width": 4, "Actual Rows": 1057, "Actual Loops": 1, "Sort Key": ["u.id"], "Sort Method": "quicksort", "Sort Space Used": 49, "Sort Space Type": "Memory", "Plans": [{"Node Type": "Seq Scan", "Parent Relationship": "Outer", "Parallel Aware": false, "Async Capable": false, "Relation Name": "users", "Alias": "u", "Startup Cost": 0.0, "Total Cost": 801.06, "Plan Rows": 1054, "Plan Width": 4, "Actual Rows": 1057, "Actual Loops": 1, "Filter": "(creationdate <= '2010-10-04 16:33:24'::timestamp without time zone)", "Rows Removed by Filter": 39268}]}]}, {"Node Type": "Index Scan", "Parent Relationship": "Inner", "Parallel Aware": false, "Async Capable": false, "Scan Direction": "Forward", "Index Name": "idx_comments_userid", "Relation Name": "comments", "Alias": "c", "Startup Cost": 0.29, "Total Cost": 0.66, "Plan Rows": 1, "Plan Width": 4, "Actual Rows": 52, "Actual Loops": 2102, "Index Cond": "(userid = v.userid)", "Rows Removed by Index Recheck": 0, "Filter": "((creationdate >= '2011-12-07 17:25:34'::timestamp without time zone) AND (creationdate <= '2012-04-17 07:10:57'::timestamp without time zone))", "Rows Removed by Filter": 537}]}]}, "Planning Time": 1.229, "Triggers": [], "Execution Time": 245.138}, {"Plan": {"Node Type": "Aggregate", "Strategy": "Plain", "Partial Mode": "Simple", "Parallel Aware": false, "Async Capable": false, "Startup Cost": 10806.83, "Total Cost": 10806.84, "Plan Rows": 1, "Plan Width": 8, "Actual Rows": 1, "Actual Loops": 1, "Plans": [{"Node Type": "Merge Join", "Parent Relationship": "Outer", "Parallel Aware": false, "Async Capable": false, "Join Type": "Inner", "Startup Cost": 5634.41, "Total Cost": 10794.72, "Plan Rows": 26.0, "Plan Width": 0, "Actual Rows": 109282, "Actual Loops": 1, "Inner Unique": false, "Merge Cond": "(u.id = c.userid)", "Plans": [{"Node Type": "Sort", "Parent Relationship": "Outer", "Parallel Aware": false, "Async Capable": false, "Startup Cost": 853.98, "Total Cost": 856.62, "Plan Rows": 1054, "Plan Width": 4, "Actual Rows": 1057, "Actual Loops": 1, "Sort Key": ["u.id"], "Sort Method": "quicksort", "Sort Space Used": 49, "Sort Space Type": "Memory", "Plans": [{"Node Type": "Seq Scan", "Parent Relationship": "Outer", "Parallel Aware": false, "Async Capable": false, "Relation Name": "users", "Alias": "u", "Startup Cost": 0.0, "Total Cost": 801.06, "Plan Rows": 1054, "Plan Width": 4, "Actual Rows": 1057, "Actual Loops": 1, "Filter": "(creationdate <= '2010-10-04 16:33:24'::timestamp without time zone)", "Rows Removed by Filter": 39268}]}, {"Node Type": "Materialize", "Parent Relationship": "Inner", "Parallel Aware": false, "Async Capable": false, "Startup Cost": 4780.42, "Total Cost": 9501.55, "Plan Rows": 1591.0, "Plan Width": 8, "Actual Rows": 207291, "Actual Loops": 1, "Plans": [{"Node Type": "Merge Join", "Parent Relationship": "Outer", "Parallel Aware": false, "Async Capable": false, "Join Type": "Inner", "Startup Cost": 4780.42, "Total Cost": 9030.22, "Plan Rows": 1591.0, "Plan Width": 8, "Actual Rows": 207291, "Actual Loops": 1, "Inner Unique": false, "Merge Cond": "(v.userid = c.userid)", "Plans": [{"Node Type": "Index Scan", "Parent Relationship": "Outer", "Parallel Aware": false, "Async Capable": false, "Scan Direction": "Forward", "Index Name": "idx_votes_userid", "Relation Name": "votes", "Alias": "v", "Startup Cost": 0.42, "Total Cost": 13242.63, "Plan Rows": 85044, "Plan Width": 4, "Actual Rows": 8138, "Actual Loops": 1, "Filter": "((creationdate >= '2010-12-29 02:17:35'::timestamp without time zone) AND (creationdate <= '2012-06-03 11:07:48'::timestamp without time zone))", "Rows Removed by Filter": 46799}, {"Node Type": "Sort", "Parent Relationship": "Inner", "Parallel Aware": false, "Async Capable": false, "Startup Cost": 4778.89, "Total Cost": 4809.14, "Plan Rows": 12097, "Plan Width": 4, "Actual Rows": 211398, "Actual Loops": 1, "Sort Key": ["c.userid"], "Sort Method": "quicksort", "Sort Space Used": 385, "Sort Space Type": "Memory", "Plans": [{"Node Type": "Seq Scan", "Parent Relationship": "Outer", "Parallel Aware": false, "Async Capable": false, "Relation Name": "comments", "Alias": "c", "Startup Cost": 0.0, "Total Cost": 3958.57, "Plan Rows": 12097, "Plan Width": 4, "Actual Rows": 12079, "Actual Loops": 1, "Filter": "((creationdate >= '2011-12-07 17:25:34'::timestamp without time zone) AND (creationdate <= '2012-04-17 07:10:57'::timestamp without time zone))", "Rows Removed by Filter": 162226}]}]}]}]}]}, "Planning Time": 1.557, "Triggers": [], "Execution Time": 131.436}, {"Plan": {"Node Type": "Aggregate", "Strategy": "Plain", "Partial Mode": "Simple", "Parallel Aware": false, "Async Capable": false, "Startup Cost": 6196.6, "Total Cost": 6196.61, "Plan Rows": 1, "Plan Width": 8, "Actual Rows": 1, "Actual Loops": 1, "Plans": [{"Node Type": "Merge Join", "Parent Relationship": "Outer", "Parallel Aware": false, "Async Capable": false, "Join Type": "Inner", "Startup Cost": 4759.3, "Total Cost": 6184.49, "Plan Rows": 26.0, "Plan Width": 0, "Actual Rows": 109282, "Actual Loops": 1, "Inner Unique": false, "Merge Cond": "(v.userid = u.id)", "Plans": [{"Node Type": "Index Scan", "Parent Relationship": "Outer", "Parallel Aware": false, "Async Capable": false, "Scan Direction": "Forward", "Index Name": "idx_votes_userid", "Relation Name": "votes", "Alias": "v", "Startup Cost": 0.42, "Total Cost": 13242.63, "Plan Rows": 85044, "Plan Width": 4, "Actual Rows": 5282, "Actual Loops": 1, "Filter": "((creationdate >= '2010-12-29 02:17:35'::timestamp without time zone) AND (creationdate <= '2012-06-03 11:07:48'::timestamp without time zone))", "Rows Removed by Filter": 5943}, {"Node Type": "Sort", "Parent Relationship": "Inner", "Parallel Aware": false, "Async Capable": false, "Startup Cost": 4758.88, "Total Cost": 4759.66, "Plan Rows": 3.0, "Plan Width": 8, "Actual Rows": 109591, "Actual Loops": 1, "Sort Key": ["c.userid"], "Sort Method": "quicksort", "Sort Space Used": 177, "Sort Space Type": "Memory", "Plans": [{"Node Type": "Gather", "Parent Relationship": "Outer", "Parallel Aware": false, "Async Capable": false, "Startup Cost": 1814.24, "Total Cost": 4746.0, "Plan Rows": 311, "Plan Width": 8, "Actual Rows": 2587, "Actual Loops": 1, "Workers Planned": 1, "Workers Launched": 1, "Single Copy": false, "Plans": [{"Node Type": "Hash Join", "Parent Relationship": "Outer", "Parallel Aware": false, "Async Capable": false, "Join Type": "Inner", "Startup Cost": 814.24, "Total Cost": 3714.9, "Plan Rows": 3.0, "Plan Width": 8, "Actual Rows": 1294, "Actual Loops": 2, "Inner Unique": true, "Hash Cond": "(c.userid = u.id)", "Workers": [], "Plans": [{"Node Type": "Seq Scan", "Parent Relationship": "Outer", "Parallel Aware": true, "Async Capable": false, "Relation Name": "comments", "Alias": "c", "Startup Cost": 0.0, "Total Cost": 2881.99, "Plan Rows": 7116, "Plan Width": 4, "Actual Rows": 6040, "Actual Loops": 2, "Filter": "((creationdate >= '2011-12-07 17:25:34'::timestamp without time zone) AND (creationdate <= '2012-04-17 07:10:57'::timestamp without time zone))", "Rows Removed by Filter": 81113, "Workers": []}, {"Node Type": "Hash", "Parent Relationship": "Inner", "Parallel Aware": false, "Async Capable": false, "Startup Cost": 801.06, "Total Cost": 801.06, "Plan Rows": 1054, "Plan Width": 4, "Actual Rows": 1057, "Actual Loops": 2, "Hash Buckets": 2048, "Original Hash Buckets": 2048, "Hash Batches": 1, "Original Hash Batches": 1, "Peak Memory Usage": 54, "Workers": [], "Plans": [{"Node Type": "Seq Scan", "Parent Relationship": "Outer", "Parallel Aware": false, "Async Capable": false, "Relation Name": "users", "Alias": "u", "Startup Cost": 0.0, "Total Cost": 801.06, "Plan Rows": 1054, "Plan Width": 4, "Actual Rows": 1057, "Actual Loops": 2, "Filter": "(creationdate <= '2010-10-04 16:33:24'::timestamp without time zone)", "Rows Removed by Filter": 39268, "Workers": []}]}]}]}]}]}]}, "Planning Time": 1.483, "Triggers": [], "Execution Time": 43.781}, {"Plan": {"Node Type": "Aggregate", "Strategy": "Plain", "Partial Mode": "Finalize", "Parallel Aware": false, "Async Capable": false, "Startup Cost": 9754.71, "Total Cost": 9754.72, "Plan Rows": 1, "Plan Width": 8, "Actual Rows": 1, "Actual Loops": 1, "Plans": [{"Node Type": "Gather", "Parent Relationship": "Outer", "Parallel Aware": false, "Async Capable": false, "Startup Cost": 9754.6, "Total Cost": 9754.71, "Plan Rows": 1, "Plan Width": 8, "Actual Rows": 2, "Actual Loops": 1, "Workers Planned": 1, "Workers Launched": 1, "Single Copy": false, "Plans": [{"Node Type": "Aggregate", "Strategy": "Plain", "Partial Mode": "Partial", "Parent Relationship": "Outer", "Parallel Aware": false, "Async Capable": false, "Startup Cost": 8754.6, "Total Cost": 8754.61, "Plan Rows": 1, "Plan Width": 8, "Actual Rows": 1, "Actual Loops": 2, "Workers": [], "Plans": [{"Node Type": "Hash Join", "Parent Relationship": "Outer", "Parallel Aware": false, "Async Capable": false, "Join Type": "Inner", "Startup Cost": 5594.46, "Total Cost": 8747.47, "Plan Rows": 26.0, "Plan Width": 0, "Actual Rows": 54641, "Actual Loops": 2, "Inner Unique": true, "Hash Cond": "(c.userid = u.id)", "Workers": [], "Plans": [{"Node Type": "Merge Join", "Parent Relationship": "Outer", "Parallel Aware": false, "Async Capable": false, "Join Type": "Inner", "Startup Cost": 4780.22, "Total Cost": 7642.09, "Plan Rows": 1591.0, "Plan Width": 8, "Actual Rows": 103646, "Actual Loops": 2, "Inner Unique": false, "Merge Cond": "(v.userid = c.userid)", "Workers": [], "Plans": [{"Node Type": "Index Scan", "Parent Relationship": "Outer", "Parallel Aware": true, "Async Capable": false, "Scan Direction": "Forward", "Index Name": "idx_votes_userid", "Relation Name": "votes", "Alias": "v", "Startup Cost": 0.42, "Total Cost": 11216.36, "Plan Rows": 50026, "Plan Width": 4, "Actual Rows": 4070, "Actual Loops": 2, "Filter": "((creationdate >= '2010-12-29 02:17:35'::timestamp without time zone) AND (creationdate <= '2012-06-03 11:07:48'::timestamp without time zone))", "Rows Removed by Filter": 23400, "Workers": []}, {"Node Type": "Sort", "Parent Relationship": "Inner", "Parallel Aware": false, "Async Capable": false, "Startup Cost": 4778.89, "Total Cost": 4809.14, "Plan Rows": 12097, "Plan Width": 4, "Actual Rows": 111638, "Actual Loops": 2, "Sort Key": ["c.userid"], "Sort Method": "quicksort", "Sort Space Used": 385, "Sort Space Type": "Memory", "Workers": [{"Worker Number": 0, "Sort Method": "quicksort", "Sort Space Used": 385, "Sort Space Type": "Memory"}], "Plans": [{"Node Type": "Seq Scan", "Parent Relationship": "Outer", "Parallel Aware": false, "Async Capable": false, "Relation Name": "comments", "Alias": "c", "Startup Cost": 0.0, "Total Cost": 3958.57, "Plan Rows": 12097, "Plan Width": 4, "Actual Rows": 12079, "Actual Loops": 2, "Filter": "((creationdate >= '2011-12-07 17:25:34'::timestamp without time zone) AND (creationdate <= '2012-04-17 07:10:57'::timestamp without time zone))", "Rows Removed by Filter": 162226, "Workers": []}]}]}, {"Node Type": "Hash", "Parent Relationship": "Inner", "Parallel Aware": false, "Async Capable": false, "Startup Cost": 801.06, "Total Cost": 801.06, "Plan Rows": 1054, "Plan Width": 4, "Actual Rows": 1057, "Actual Loops": 2, "Hash Buckets": 2048, "Original Hash Buckets": 2048, "Hash Batches": 1, "Original Hash Batches": 1, "Peak Memory Usage": 54, "Workers": [], "Plans": [{"Node Type": "Seq Scan", "Parent Relationship": "Outer", "Parallel Aware": false, "Async Capable": false, "Relation Name": "users", "Alias": "u", "Startup Cost": 0.0, "Total Cost": 801.06, "Plan Rows": 1054, "Plan Width": 4, "Actual Rows": 1057, "Actual Loops": 2, "Filter": "(creationdate <= '2010-10-04 16:33:24'::timestamp without time zone)", "Rows Removed by Filter": 39268, "Workers": []}]}]}]}]}]}, "Planning Time": 3.02, "Triggers": [], "Execution Time": 103.216}, {"Plan": {"Node Type": "Aggregate", "Strategy": "Plain", "Partial Mode": "Finalize", "Parallel Aware": false, "Async Capable": false, "Startup Cost": 5978.18, "Total Cost": 5978.19, "Plan Rows": 1, "Plan Width": 8, "Actual Rows": 1, "Actual Loops": 1, "Plans": [{"Node Type": "Gather", "Parent Relationship": "Outer", "Parallel Aware": false, "Async Capable": false, "Startup Cost": 5978.07, "Total Cost": 5978.18, "Plan Rows": 1, "Plan Width": 8, "Actual Rows": 2, "Actual Loops": 1, "Workers Planned": 1, "Workers Launched": 1, "Single Copy": false, "Plans": [{"Node Type": "Aggregate", "Strategy": "Plain", "Partial Mode": "Partial", "Parent Relationship": "Outer", "Parallel Aware": false, "Async Capable": false, "Startup Cost": 4978.07, "Total Cost": 4978.08, "Plan Rows": 1, "Plan Width": 8, "Actual Rows": 1, "Actual Loops": 2, "Workers": [], "Plans": [{"Node Type": "Hash Join", "Parent Relationship": "Outer", "Parallel Aware": true, "Async Capable": false, "Join Type": "Inner", "Startup Cost": 2062.03, "Total Cost": 4970.94, "Plan Rows": 26.0, "Plan Width": 0, "Actual Rows": 54641, "Actual Loops": 2, "Inner Unique": false, "Hash Cond": "(c.userid = u.id)", "Workers": [], "Plans": [{"Node Type": "Seq Scan", "Parent Relationship": "Outer", "Parallel Aware": true, "Async Capable": false, "Relation Name": "comments", "Alias": "c", "Startup Cost": 0.0, "Total Cost": 2881.99, "Plan Rows": 7116, "Plan Width": 4, "Actual Rows": 6040, "Actual Loops": 2, "Filter": "((creationdate >= '2011-12-07 17:25:34'::timestamp without time zone) AND (creationdate <= '2012-04-17 07:10:57'::timestamp without time zone))", "Rows Removed by Filter": 81113, "Workers": []}, {"Node Type": "Hash", "Parent Relationship": "Inner", "Parallel Aware": true, "Async Capable": false, "Startup Cost": 2060.31, "Total Cost": 2060.31, "Plan Rows": 76.0, "Plan Width": 8, "Actual Rows": 1051, "Actual Loops": 2, "Hash Buckets": 2048, "Original Hash Buckets": 1024, "Hash Batches": 1, "Original Hash Batches": 1, "Peak Memory Usage": 152, "Workers": [], "Plans": [{"Node Type": "Merge Join", "Parent Relationship": "Outer", "Parallel Aware": false, "Async Capable": false, "Join Type": "Inner", "Startup Cost": 854.4, "Total Cost": 2060.31, "Plan Rows": 76.0, "Plan Width": 8, "Actual Rows": 1051, "Actual Loops": 2, "Inner Unique": true, "Merge Cond": "(v.userid = u.id)", "Workers": [], "Plans": [{"Node Type": "Index Scan", "Parent Relationship": "Outer", "Parallel Aware": true, "Async Capable": false, "Scan Direction": "Forward", "Index Name": "idx_votes_userid", "Relation Name": "votes", "Alias": "v", "Startup Cost": 0.42, "Total Cost": 11216.36, "Plan Rows": 50026, "Plan Width": 4, "Actual Rows": 4070, "Actual Loops": 2, "Filter": "((creationdate >= '2010-12-29 02:17:35'::timestamp without time zone) AND (creationdate <= '2012-06-03 11:07:48'::timestamp without time zone))", "Rows Removed by Filter": 23400, "Workers": []}, {"Node Type": "Sort", "Parent Relationship": "Inner", "Parallel Aware": false, "Async Capable": false, "Startup Cost": 853.98, "Total Cost": 856.62, "Plan Rows": 1054, "Plan Width": 4, "Actual Rows": 1056, "Actual Loops": 2, "Sort Key": ["u.id"], "Sort Method": "quicksort", "Sort Space Used": 49, "Sort Space Type": "Memory", "Workers": [{"Worker Number": 0, "Sort Method": "quicksort", "Sort Space Used": 49, "Sort Space Type": "Memory"}], "Plans": [{"Node Type": "Seq Scan", "Parent Relationship": "Outer", "Parallel Aware": false, "Async Capable": false, "Relation Name": "users", "Alias": "u", "Startup Cost": 0.0, "Total Cost": 801.06, "Plan Rows": 1054, "Plan Width": 4, "Actual Rows": 1057, "Actual Loops": 2, "Filter": "(creationdate <= '2010-10-04 16:33:24'::timestamp without time zone)", "Rows Removed by Filter": 39268, "Workers": []}]}]}]}]}]}]}]}, "Planning Time": 1.968, "Triggers": [], "Execution Time": 74.346}, {"Plan": {"Node Type": "Aggregate", "Strategy": "Plain", "Partial Mode": "Simple", "Parallel Aware": false, "Async Capable": false, "Startup Cost": 2454.99, "Total Cost": 2455.0, "Plan Rows": 1, "Plan Width": 8, "Actual Rows": 1, "Actual Loops": 1, "Plans": [{"Node Type": "Nested Loop", "Parent Relationship": "Outer", "Parallel Aware": false, "Async Capable": false, "Join Type": "Inner", "Startup Cost": 854.7, "Total Cost": 2442.88, "Plan Rows": 26.0, "Plan Width": 0, "Actual Rows": 109282, "Actual Loops": 1, "Inner Unique": false, "Join Filter": "(c.userid = u.id)", "Rows Removed by Join Filter": 0, "Plans": [{"Node Type": "Merge Join", "Parent Relationship": "Outer", "Parallel Aware": false, "Async Capable": false, "Join Type": "Inner", "Startup Cost": 854.4, "Total Cost": 2284.97, "Plan Rows": 76.0, "Plan Width": 8, "Actual Rows": 2102, "Actual Loops": 1, "Inner Unique": true, "Merge Cond": "(v.userid = u.id)", "Plans": [{"Node Type": "Index Scan", "Parent Relationship": "Outer", "Parallel Aware": false, "Async Capable": false, "Scan Direction": "Forward", "Index Name": "idx_votes_userid", "Relation Name": "votes", "Alias": "v", "Startup Cost": 0.42, "Total Cost": 13242.63, "Plan Rows": 85044, "Plan Width": 4, "Actual Rows": 8138, "Actual Loops": 1, "Filter": "((creationdate >= '2010-12-29 02:17:35'::timestamp without time zone) AND (creationdate <= '2012-06-03 11:07:48'::timestamp without time zone))", "Rows Removed by Filter": 46799}, {"Node Type": "Sort", "Parent Relationship": "Inner", "Parallel Aware": false, "Async Capable": false, "Startup Cost": 853.98, "Total Cost": 856.62, "Plan Rows": 1054, "Plan Width": 4, "Actual Rows": 1057, "Actual Loops": 1, "Sort Key": ["u.id"], "Sort Method": "quicksort", "Sort Space Used": 49, "Sort Space Type": "Memory", "Plans": [{"Node Type": "Seq Scan", "Parent Relationship": "Outer", "Parallel Aware": false, "Async Capable": false, "Relation Name": "users", "Alias": "u", "Startup Cost": 0.0, "Total Cost": 801.06, "Plan Rows": 1054, "Plan Width": 4, "Actual Rows": 1057, "Actual Loops": 1, "Filter": "(creationdate <= '2010-10-04 16:33:24'::timestamp without time zone)", "Rows Removed by Filter": 39268}]}]}, {"Node Type": "Index Scan", "Parent Relationship": "Inner", "Parallel Aware": false, "Async Capable": false, "Scan Direction": "Forward", "Index Name": "idx_comments_userid", "Relation Name": "comments", "Alias": "c", "Startup Cost": 0.29, "Total Cost": 0.66, "Plan Rows": 1, "Plan Width": 4, "Actual Rows": 52, "Actual Loops": 2102, "Index Cond": "(userid = v.userid)", "Rows Removed by Index Recheck": 0, "Filter": "((creationdate >= '2011-12-07 17:25:34'::timestamp without time zone) AND (creationdate <= '2012-04-17 07:10:57'::timestamp without time zone))", "Rows Removed by Filter": 537}]}]}, "Planning Time": 1.406, "Triggers": [], "Execution Time": 226.413}, {"Plan": {"Node Type": "Aggregate", "Strategy": "Plain", "Partial Mode": "Finalize", "Parallel Aware": false, "Async Capable": false, "Startup Cost": 4989.59, "Total Cost": 4989.6, "Plan Rows": 1, "Plan Width": 8, "Actual Rows": 1, "Actual Loops": 1, "Plans": [{"Node Type": "Gather", "Parent Relationship": "Outer", "Parallel Aware": false, "Async Capable": false, "Startup Cost": 4989.47, "Total Cost": 4989.58, "Plan Rows": 1, "Plan Width": 8, "Actual Rows": 2, "Actual Loops": 1, "Workers Planned": 1, "Workers Launched": 1, "Single Copy": false, "Plans": [{"Node Type": "Aggregate", "Strategy": "Plain", "Partial Mode": "Partial", "Parent Relationship": "Outer", "Parallel Aware": false, "Async Capable": false, "Startup Cost": 3989.47, "Total Cost": 3989.48, "Plan Rows": 1, "Plan Width": 8, "Actual Rows": 1, "Actual Loops": 2, "Workers": [], "Plans": [{"Node Type": "Nested Loop", "Parent Relationship": "Outer", "Parallel Aware": false, "Async Capable": false, "Join Type": "Inner", "Startup Cost": 814.66, "Total Cost": 3982.35, "Plan Rows": 26.0, "Plan Width": 0, "Actual Rows": 54641, "Actual Loops": 2, "Inner Unique": false, "Join Filter": "(v.userid = u.id)", "Rows Removed by Join Filter": 0, "Workers": [], "Plans": [{"Node Type": "Hash Join", "Parent Relationship": "Outer", "Parallel Aware": false, "Async Capable": false, "Join Type": "Inner", "Startup Cost": 814.24, "Total Cost": 3714.9, "Plan Rows": 3.0, "Plan Width": 8, "Actual Rows": 1294, "Actual Loops": 2, "Inner Unique": true, "Hash Cond": "(c.userid = u.id)", "Workers": [], "Plans": [{"Node Type": "Seq Scan", "Parent Relationship": "Outer", "Parallel Aware": true, "Async Capable": false, "Relation Name": "comments", "Alias": "c", "Startup Cost": 0.0, "Total Cost": 2881.99, "Plan Rows": 7116, "Plan Width": 4, "Actual Rows": 6040, "Actual Loops": 2, "Filter": "((creationdate >= '2011-12-07 17:25:34'::timestamp without time zone) AND (creationdate <= '2012-04-17 07:10:57'::timestamp without time zone))", "Rows Removed by Filter": 81113, "Workers": []}, {"Node Type": "Hash", "Parent Relationship": "Inner", "Parallel Aware": false, "Async Capable": false, "Startup Cost": 801.06, "Total Cost": 801.06, "Plan Rows": 1054, "Plan Width": 4, "Actual Rows": 1057, "Actual Loops": 2, "Hash Buckets": 2048, "Original Hash Buckets": 2048, "Hash Batches": 1, "Original Hash Batches": 1, "Peak Memory Usage": 54, "Workers": [], "Plans": [{"Node Type": "Seq Scan", "Parent Relationship": "Outer", "Parallel Aware": false, "Async Capable": false, "Relation Name": "users", "Alias": "u", "Startup Cost": 0.0, "Total Cost": 801.06, "Plan Rows": 1054, "Plan Width": 4, "Actual Rows": 1057, "Actual Loops": 2, "Filter": "(creationdate <= '2010-10-04 16:33:24'::timestamp without time zone)", "Rows Removed by Filter": 39268, "Workers": []}]}]}, {"Node Type": "Index Scan", "Parent Relationship": "Inner", "Parallel Aware": false, "Async Capable": false, "Scan Direction": "Forward", "Index Name": "idx_votes_userid", "Relation Name": "votes", "Alias": "v", "Startup Cost": 0.42, "Total Cost": 1.44, "Plan Rows": 2, "Plan Width": 4, "Actual Rows": 42, "Actual Loops": 2587, "Index Cond": "(userid = c.userid)", "Rows Removed by Index Recheck": 0, "Filter": "((creationdate >= '2010-12-29 02:17:35'::timestamp without time zone) AND (creationdate <= '2012-06-03 11:07:48'::timestamp without time zone))", "Rows Removed by Filter": 62, "Workers": []}]}]}]}]}, "Planning Time": 2.139, "Triggers": [], "Execution Time": 81.586}]