[{"Plan": {"Node Type": "Aggregate", "Strategy": "Plain", "Partial Mode": "Simple", "Parallel Aware": false, "Async Capable": false, "Startup Cost": 1120.21, "Total Cost": 1120.22, "Plan Rows": 1, "Plan Width": 8, "Actual Rows": 1, "Actual Loops": 1, "Plans": [{"Node Type": "Nested Loop", "Parent Relationship": "Outer", "Parallel Aware": false, "Async Capable": false, "Join Type": "Inner", "Startup Cost": 0.71, "Total Cost": 1119.89, "Plan Rows": 6.0, "Plan Width": 0, "Actual Rows": 48775, "Actual Loops": 1, "Inner Unique": false, "Plans": [{"Node Type": "Nested Loop", "Parent Relationship": "Outer", "Parallel Aware": false, "Async Capable": false, "Join Type": "Inner", "Startup Cost": 0.29, "Total Cost": 1118.32, "Plan Rows": 3.0, "Plan Width": 8, "Actual Rows": 58, "Actual Loops": 1, "Inner Unique": false, "Plans": [{"Node Type": "Seq Scan", "Parent Relationship": "Outer", "Parallel Aware": false, "Async Capable": false, "Relation Name": "users", "Alias": "u", "Startup Cost": 0.0, "Total Cost": 1103.5, "Plan Rows": 1, "Plan Width": 4, "Actual Rows": 12, "Actual Loops": 1, "Filter": "((views >= 1442) AND (upvotes >= 371) AND (creationdate >= '2010-09-08 01:23:24'::timestamp without time zone) AND (creationdate <= '2014-08-31 04:48:14'::timestamp without time zone))", "Rows Removed by Filter": 40313}, {"Node Type": "Index Scan", "Parent Relationship": "Inner", "Parallel Aware": false, "Async Capable": false, "Scan Direction": "Forward", "Index Name": "idx_posts_owneruserid", "Relation Name": "posts", "Alias": "p", "Startup Cost": 0.29, "Total Cost": 14.81, "Plan Rows": 1, "Plan Width": 4, "Actual Rows": 5, "Actual Loops": 12, "Index Cond": "(owneruserid = u.id)", "Rows Removed by Index Recheck": 0, "Filter": "(favoritecount <= 58)", "Rows Removed by Filter": 347}]}, {"Node Type": "Index Scan", "Parent Relationship": "Inner", "Parallel Aware": false, "Async Capable": false, "Scan Direction": "Forward", "Index Name": "idx_posthistory_userid", "Relation Name": "posthistory", "Alias": "ph", "Startup Cost": 0.42, "Total Cost": 1.48, "Plan Rows": 9, "Plan Width": 4, "Actual Rows": 841, "Actual Loops": 58, "Index Cond": "(userid = p.owneruserid)", "Rows Removed by Index Recheck": 0, "Filter": "(creationdate >= '2012-09-30 03:00:35'::timestamp without time zone)", "Rows Removed by Filter": 884}]}]}, "Planning Time": 0.748, "Triggers": [], "Execution Time": 24.53}, {"Plan": {"Node Type": "Aggregate", "Strategy": "Plain", "Partial Mode": "Simple", "Parallel Aware": false, "Async Capable": false, "Startup Cost": 1145.57, "Total Cost": 1145.58, "Plan Rows": 1, "Plan Width": 8, "Actual Rows": 1, "Actual Loops": 1, "Plans": [{"Node Type": "Nested Loop", "Parent Relationship": "Outer", "Parallel Aware": false, "Async Capable": false, "Join Type": "Inner", "Startup Cost": 0.71, "Total Cost": 1145.26, "Plan Rows": 6.0, "Plan Width": 0, "Actual Rows": 48775, "Actual Loops": 1, "Inner Unique": false, "Join Filter": "(p.owneruserid = u.id)", "Rows Removed by Join Filter": 0, "Plans": [{"Node Type": "Nested Loop", "Parent Relationship": "Outer", "Parallel Aware": false, "Async Capable": false, "Join Type": "Inner", "Startup Cost": 0.42, "Total Cost": 1143.23, "Plan Rows": 15.0, "Plan Width": 8, "Actual Rows": 12458, "Actual Loops": 1, "Inner Unique": false, "Plans": [{"Node Type": "Seq Scan", "Parent Relationship": "Outer", "Parallel Aware": false, "Async Capable": false, "Relation Name": "users", "Alias": "u", "Startup Cost": 0.0, "Total Cost": 1103.5, "Plan Rows": 1, "Plan Width": 4, "Actual Rows": 12, "Actual Loops": 1, "Filter": "((views >= 1442) AND (upvotes >= 371) AND (creationdate >= '2010-09-08 01:23:24'::timestamp without time zone) AND (creationdate <= '2014-08-31 04:48:14'::timestamp without time zone))", "Rows Removed by Filter": 40313}, {"Node Type": "Index Scan", "Parent Relationship": "Inner", "Parallel Aware": false, "Async Capable": false, "Scan Direction": "Forward", "Index Name": "idx_posthistory_userid", "Relation Name": "posthistory", "Alias": "ph", "Startup Cost": 0.42, "Total Cost": 39.64, "Plan Rows": 9, "Plan Width": 4, "Actual Rows": 1038, "Actual Loops": 12, "Index Cond": "(userid = u.id)", "Rows Removed by Index Recheck": 0, "Filter": "(creationdate >= '2012-09-30 03:00:35'::timestamp without time zone)", "Rows Removed by Filter": 671}]}, {"Node Type": "Index Scan", "Parent Relationship": "Inner", "Parallel Aware": false, "Async Capable": false, "Scan Direction": "Forward", "Index Name": "idx_posts_owneruserid", "Relation Name": "posts", "Alias": "p", "Startup Cost": 0.29, "Total Cost": 0.39, "Plan Rows": 1, "Plan Width": 4, "Actual Rows": 4, "Actual Loops": 12458, "Index Cond": "(owneruserid = ph.userid)", "Rows Removed by Index Recheck": 0, "Filter": "(favoritecount <= 58)", "Rows Removed by Filter": 546}]}]}, "Planning Time": 0.723, "Triggers": [], "Execution Time": 1206.628}, {"Plan": {"Node Type": "Aggregate", "Strategy": "Plain", "Partial Mode": "Finalize", "Parallel Aware": false, "Async Capable": false, "Startup Cost": 25294.06, "Total Cost": 25294.07, "Plan Rows": 1, "Plan Width": 8, "Actual Rows": 1, "Actual Loops": 1, "Plans": [{"Node Type": "Gather", "Parent Relationship": "Outer", "Parallel Aware": false, "Async Capable": false, "Startup Cost": 25293.95, "Total Cost": 25294.06, "Plan Rows": 1, "Plan Width": 8, "Actual Rows": 2, "Actual Loops": 1, "Workers Planned": 1, "Workers Launched": 1, "Single Copy": false, "Plans": [{"Node Type": "Aggregate", "Strategy": "Plain", "Partial Mode": "Partial", "Parent Relationship": "Outer", "Parallel Aware": false, "Async Capable": false, "Startup Cost": 24293.95, "Total Cost": 24293.96, "Plan Rows": 1, "Plan Width": 8, "Actual Rows": 1, "Actual Loops": 2, "Workers": [], "Plans": [{"Node Type": "Hash Join", "Parent Relationship": "Outer", "Parallel Aware": false, "Async Capable": false, "Join Type": "Inner", "Startup Cost": 1103.82, "Total Cost": 24293.76, "Plan Rows": 6.0, "Plan Width": 0, "Actual Rows": 24388, "Actual Loops": 2, "Inner Unique": true, "Hash Cond": "(p.owneruserid = u.id)", "Workers": [], "Plans": [{"Node Type": "Nested Loop", "Parent Relationship": "Outer", "Parallel Aware": false, "Async Capable": false, "Join Type": "Inner", "Startup Cost": 0.3, "Total Cost": 15241.95, "Plan Rows": 396.0, "Plan Width": 8, "Actual Rows": 368009, "Actual Loops": 2, "Inner Unique": false, "Workers": [], "Plans": [{"Node Type": "Seq Scan", "Parent Relationship": "Outer", "Parallel Aware": true, "Async Capable": false, "Relation Name": "posthistory", "Alias": "ph", "Startup Cost": 0.0, "Total Cost": 4469.32, "Plan Rows": 117385, "Plan Width": 4, "Actual Rows": 99792, "Actual Loops": 2, "Filter": "(creationdate >= '2012-09-30 03:00:35'::timestamp without time zone)", "Rows Removed by Filter": 51802, "Workers": []}, {"Node Type": "Memoize", "Parent Relationship": "Inner", "Parallel Aware": false, "Async Capable": false, "Startup Cost": 0.3, "Total Cost": 0.4, "Plan Rows": 1, "Plan Width": 4, "Actual Rows": 4, "Actual Loops": 199583, "Cache Key": "ph.userid", "Cache Mode": "logical", "Cache Hits": 84365, "Cache Misses": 11035, "Cache Evictions": 0, "Cache Overflows": 0, "Peak Memory Usage": 1035, "Workers": [{"Worker Number": 0, "Cache Hits": 92452, "Cache Misses": 11731, "Cache Evictions": 0, "Cache Overflows": 0, "Peak Memory Usage": 1086}], "Plans": [{"Node Type": "Index Scan", "Parent Relationship": "Outer", "Parallel Aware": false, "Async Capable": false, "Scan Direction": "Forward", "Index Name": "idx_posts_owneruserid", "Relation Name": "posts", "Alias": "p", "Startup Cost": 0.29, "Total Cost": 0.39, "Plan Rows": 1, "Plan Width": 4, "Actual Rows": 1, "Actual Loops": 22766, "Index Cond": "(owneruserid = ph.userid)", "Rows Removed by Index Recheck": 0, "Filter": "(favoritecount <= 58)", "Rows Removed by Filter": 6, "Workers": []}]}]}, {"Node Type": "Hash", "Parent Relationship": "Inner", "Parallel Aware": false, "Async Capable": false, "Startup Cost": 1103.5, "Total Cost": 1103.5, "Plan Rows": 1, "Plan Width": 4, "Actual Rows": 12, "Actual Loops": 2, "Hash Buckets": 1024, "Original Hash Buckets": 1024, "Hash Batches": 1, "Original Hash Batches": 1, "Peak Memory Usage": 9, "Workers": [], "Plans": [{"Node Type": "Seq Scan", "Parent Relationship": "Outer", "Parallel Aware": false, "Async Capable": false, "Relation Name": "users", "Alias": "u", "Startup Cost": 0.0, "Total Cost": 1103.5, "Plan Rows": 1, "Plan Width": 4, "Actual Rows": 12, "Actual Loops": 2, "Filter": "((views >= 1442) AND (upvotes >= 371) AND (creationdate >= '2010-09-08 01:23:24'::timestamp without time zone) AND (creationdate <= '2014-08-31 04:48:14'::timestamp without time zone))", "Rows Removed by Filter": 40313, "Workers": []}]}]}]}]}]}, "Planning Time": 2.557, "Triggers": [], "Execution Time": 192.11}, {"Plan": {"Node Type": "Aggregate", "Strategy": "Plain", "Partial Mode": "Simple", "Parallel Aware": false, "Async Capable": false, "Startup Cost": 1120.21, "Total Cost": 1120.22, "Plan Rows": 1, "Plan Width": 8, "Actual Rows": 1, "Actual Loops": 1, "Plans": [{"Node Type": "Nested Loop", "Parent Relationship": "Outer", "Parallel Aware": false, "Async Capable": false, "Join Type": "Inner", "Startup Cost": 0.71, "Total Cost": 1119.89, "Plan Rows": 6.0, "Plan Width": 0, "Actual Rows": 48775, "Actual Loops": 1, "Inner Unique": false, "Plans": [{"Node Type": "Nested Loop", "Parent Relationship": "Outer", "Parallel Aware": false, "Async Capable": false, "Join Type": "Inner", "Startup Cost": 0.29, "Total Cost": 1118.32, "Plan Rows": 3.0, "Plan Width": 8, "Actual Rows": 58, "Actual Loops": 1, "Inner Unique": false, "Plans": [{"Node Type": "Seq Scan", "Parent Relationship": "Outer", "Parallel Aware": false, "Async Capable": false, "Relation Name": "users", "Alias": "u", "Startup Cost": 0.0, "Total Cost": 1103.5, "Plan Rows": 1, "Plan Width": 4, "Actual Rows": 12, "Actual Loops": 1, "Filter": "((views >= 1442) AND (upvotes >= 371) AND (creationdate >= '2010-09-08 01:23:24'::timestamp without time zone) AND (creationdate <= '2014-08-31 04:48:14'::timestamp without time zone))", "Rows Removed by Filter": 40313}, {"Node Type": "Index Scan", "Parent Relationship": "Inner", "Parallel Aware": false, "Async Capable": false, "Scan Direction": "Forward", "Index Name": "idx_posts_owneruserid", "Relation Name": "posts", "Alias": "p", "Startup Cost": 0.29, "Total Cost": 14.81, "Plan Rows": 1, "Plan Width": 4, "Actual Rows": 5, "Actual Loops": 12, "Index Cond": "(owneruserid = u.id)", "Rows Removed by Index Recheck": 0, "Filter": "(favoritecount <= 58)", "Rows Removed by Filter": 347}]}, {"Node Type": "Index Scan", "Parent Relationship": "Inner", "Parallel Aware": false, "Async Capable": false, "Scan Direction": "Forward", "Index Name": "idx_posthistory_userid", "Relation Name": "posthistory", "Alias": "ph", "Startup Cost": 0.42, "Total Cost": 1.48, "Plan Rows": 9, "Plan Width": 4, "Actual Rows": 841, "Actual Loops": 58, "Index Cond": "(userid = p.owneruserid)", "Rows Removed by Index Recheck": 0, "Filter": "(creationdate >= '2012-09-30 03:00:35'::timestamp without time zone)", "Rows Removed by Filter": 884}]}]}, "Planning Time": 1.087, "Triggers": [], "Execution Time": 26.08}, {"Plan": {"Node Type": "Aggregate", "Strategy": "Plain", "Partial Mode": "Finalize", "Parallel Aware": false, "Async Capable": false, "Startup Cost": 7030.43, "Total Cost": 7030.44, "Plan Rows": 1, "Plan Width": 8, "Actual Rows": 1, "Actual Loops": 1, "Plans": [{"Node Type": "Gather", "Parent Relationship": "Outer", "Parallel Aware": false, "Async Capable": false, "Startup Cost": 7030.32, "Total Cost": 7030.43, "Plan Rows": 1, "Plan Width": 8, "Actual Rows": 2, "Actual Loops": 1, "Workers Planned": 1, "Workers Launched": 1, "Single Copy": false, "Plans": [{"Node Type": "Aggregate", "Strategy": "Plain", "Partial Mode": "Partial", "Parent Relationship": "Outer", "Parallel Aware": false, "Async Capable": false, "Startup Cost": 6030.32, "Total Cost": 6030.33, "Plan Rows": 1, "Plan Width": 8, "Actual Rows": 1, "Actual Loops": 2, "Workers": [], "Plans": [{"Node Type": "Hash Join", "Parent Relationship": "Outer", "Parallel Aware": false, "Async Capable": false, "Join Type": "Inner", "Startup Cost": 1118.33, "Total Cost": 6030.13, "Plan Rows": 6.0, "Plan Width": 0, "Actual Rows": 24388, "Actual Loops": 2, "Inner Unique": false, "Hash Cond": "(ph.userid = p.owneruserid)", "Workers": [], "Plans": [{"Node Type": "Seq Scan", "Parent Relationship": "Outer", "Parallel Aware": true, "Async Capable": false, "Relation Name": "posthistory", "Alias": "ph", "Startup Cost": 0.0, "Total Cost": 4469.32, "Plan Rows": 117385, "Plan Width": 4, "Actual Rows": 99792, "Actual Loops": 2, "Filter": "(creationdate >= '2012-09-30 03:00:35'::timestamp without time zone)", "Rows Removed by Filter": 51802, "Workers": []}, {"Node Type": "Hash", "Parent Relationship": "Inner", "Parallel Aware": false, "Async Capable": false, "Startup Cost": 1118.32, "Total Cost": 1118.32, "Plan Rows": 3.0, "Plan Width": 8, "Actual Rows": 58, "Actual Loops": 2, "Hash Buckets": 1024, "Original Hash Buckets": 1024, "Hash Batches": 1, "Original Hash Batches": 1, "Peak Memory Usage": 11, "Workers": [], "Plans": [{"Node Type": "Nested Loop", "Parent Relationship": "Outer", "Parallel Aware": false, "Async Capable": false, "Join Type": "Inner", "Startup Cost": 0.29, "Total Cost": 1118.32, "Plan Rows": 3.0, "Plan Width": 8, "Actual Rows": 58, "Actual Loops": 2, "Inner Unique": false, "Workers": [], "Plans": [{"Node Type": "Seq Scan", "Parent Relationship": "Outer", "Parallel Aware": false, "Async Capable": false, "Relation Name": "users", "Alias": "u", "Startup Cost": 0.0, "Total Cost": 1103.5, "Plan Rows": 1, "Plan Width": 4, "Actual Rows": 12, "Actual Loops": 2, "Filter": "((views >= 1442) AND (upvotes >= 371) AND (creationdate >= '2010-09-08 01:23:24'::timestamp without time zone) AND (creationdate <= '2014-08-31 04:48:14'::timestamp without time zone))", "Rows Removed by Filter": 40313, "Workers": []}, {"Node Type": "Index Scan", "Parent Relationship": "Inner", "Parallel Aware": false, "Async Capable": false, "Scan Direction": "Forward", "Index Name": "idx_posts_owneruserid", "Relation Name": "posts", "Alias": "p", "Startup Cost": 0.29, "Total Cost": 14.81, "Plan Rows": 1, "Plan Width": 4, "Actual Rows": 5, "Actual Loops": 24, "Index Cond": "(owneruserid = u.id)", "Rows Removed by Index Recheck": 0, "Filter": "(favoritecount <= 58)", "Rows Removed by Filter": 347, "Workers": []}]}]}]}]}]}]}, "Planning Time": 1.086, "Triggers": [], "Execution Time": 49.531}, {"Plan": {"Node Type": "Aggregate", "Strategy": "Plain", "Partial Mode": "Simple", "Parallel Aware": false, "Async Capable": false, "Startup Cost": 48284.14, "Total Cost": 48284.15, "Plan Rows": 1, "Plan Width": 8, "Actual Rows": 1, "Actual Loops": 1, "Plans": [{"Node Type": "Merge Join", "Parent Relationship": "Outer", "Parallel Aware": false, "Async Capable": false, "Join Type": "Inner", "Startup Cost": 1.01, "Total Cost": 48283.82, "Plan Rows": 6.0, "Plan Width": 0, "Actual Rows": 48775, "Actual Loops": 1, "Inner Unique": false, "Merge Cond": "(u.id = p.owneruserid)", "Plans": [{"Node Type": "Index Scan", "Parent Relationship": "Outer", "Parallel Aware": false, "Async Capable": false, "Scan Direction": "Forward", "Index Name": "users_pkey", "Relation Name": "users", "Alias": "u", "Startup Cost": 0.29, "Total Cost": 1760.41, "Plan Rows": 1, "Plan Width": 4, "Actual Rows": 12, "Actual Loops": 1, "Filter": "((views >= 1442) AND (upvotes >= 371) AND (creationdate >= '2010-09-08 01:23:24'::timestamp without time zone) AND (creationdate <= '2014-08-31 04:48:14'::timestamp without time zone))", "Rows Removed by Filter": 40313}, {"Node Type": "Materialize", "Parent Relationship": "Inner", "Parallel Aware": false, "Async Capable": false, "Startup Cost": 0.72, "Total Cost": 34369.7, "Plan Rows": 396.0, "Plan Width": 8, "Actual Rows": 623465, "Actual Loops": 1, "Plans": [{"Node Type": "Nested Loop", "Parent Relationship": "Outer", "Parallel Aware": false, "Async Capable": false, "Join Type": "Inner", "Startup Cost": 0.72, "Total Cost": 21502.37, "Plan Rows": 396.0, "Plan Width": 8, "Actual Rows": 623465, "Actual Loops": 1, "Inner Unique": false, "Plans": [{"Node Type": "Index Scan", "Parent Relationship": "Outer", "Parallel Aware": false, "Async Capable": false, "Scan Direction": "Forward", "Index Name": "idx_posts_owneruserid", "Relation Name": "posts", "Alias": "p", "Startup Cost": 0.29, "Total Cost": 4323.61, "Plan Rows": 13219, "Plan Width": 4, "Actual Rows": 9348, "Actual Loops": 1, "Filter": "(favoritecount <= 58)", "Rows Removed by Filter": 52897}, {"Node Type": "Memoize", "Parent Relationship": "Inner", "Parallel Aware": false, "Async Capable": false, "Startup Cost": 0.43, "Total Cost": 1.49, "Plan Rows": 9, "Plan Width": 4, "Actual Rows": 67, "Actual Loops": 9348, "Cache Key": "p.owneruserid", "Cache Mode": "logical", "Cache Hits": 5192, "Cache Misses": 4156, "Cache Evictions": 0, "Cache Overflows": 0, "Peak Memory Usage": 2999, "Plans": [{"Node Type": "Index Scan", "Parent Relationship": "Outer", "Parallel Aware": false, "Async Capable": false, "Scan Direction": "Forward", "Index Name": "idx_posthistory_userid", "Relation Name": "posthistory", "Alias": "ph", "Startup Cost": 0.42, "Total Cost": 1.48, "Plan Rows": 9, "Plan Width": 4, "Actual Rows": 19, "Actual Loops": 4156, "Index Cond": "(userid = p.owneruserid)", "Rows Removed by Index Recheck": 0, "Filter": "(creationdate >= '2012-09-30 03:00:35'::timestamp without time zone)", "Rows Removed by Filter": 18}]}]}]}]}]}, "Planning Time": 1.567, "Triggers": [], "Execution Time": 372.738}, {"Plan": {"Node Type": "Aggregate", "Strategy": "Plain", "Partial Mode": "Finalize", "Parallel Aware": false, "Async Capable": false, "Startup Cost": 6882.51, "Total Cost": 6882.52, "Plan Rows": 1, "Plan Width": 8, "Actual Rows": 1, "Actual Loops": 1, "Plans": [{"Node Type": "Gather", "Parent Relationship": "Outer", "Parallel Aware": false, "Async Capable": false, "Startup Cost": 6882.4, "Total Cost": 6882.51, "Plan Rows": 1, "Plan Width": 8, "Actual Rows": 2, "Actual Loops": 1, "Workers Planned": 1, "Workers Launched": 1, "Single Copy": false, "Plans": [{"Node Type": "Aggregate", "Strategy": "Plain", "Partial Mode": "Partial", "Parent Relationship": "Outer", "Parallel Aware": false, "Async Capable": false, "Startup Cost": 5882.4, "Total Cost": 5882.41, "Plan Rows": 1, "Plan Width": 8, "Actual Rows": 1, "Actual Loops": 2, "Workers": [], "Plans": [{"Node Type": "Nested Loop", "Parent Relationship": "Outer", "Parallel Aware": false, "Async Capable": false, "Join Type": "Inner", "Startup Cost": 1103.81, "Total Cost": 5882.21, "Plan Rows": 6.0, "Plan Width": 0, "Actual Rows": 24388, "Actual Loops": 2, "Inner Unique": false, "Join Filter": "(p.owneruserid = u.id)", "Rows Removed by Join Filter": 0, "Workers": [], "Plans": [{"Node Type": "Hash Join", "Parent Relationship": "Outer", "Parallel Aware": false, "Async Capable": false, "Join Type": "Inner", "Startup Cost": 1103.51, "Total Cost": 5881.0, "Plan Rows": 15.0, "Plan Width": 8, "Actual Rows": 6229, "Actual Loops": 2, "Inner Unique": true, "Hash Cond": "(ph.userid = u.id)", "Workers": [], "Plans": [{"Node Type": "Seq Scan", "Parent Relationship": "Outer", "Parallel Aware": true, "Async Capable": false, "Relation Name": "posthistory", "Alias": "ph", "Startup Cost": 0.0, "Total Cost": 4469.32, "Plan Rows": 117385, "Plan Width": 4, "Actual Rows": 99792, "Actual Loops": 2, "Filter": "(creationdate >= '2012-09-30 03:00:35'::timestamp without time zone)", "Rows Removed by Filter": 51802, "Workers": []}, {"Node Type": "Hash", "Parent Relationship": "Inner", "Parallel Aware": false, "Async Capable": false, "Startup Cost": 1103.5, "Total Cost": 1103.5, "Plan Rows": 1, "Plan Width": 4, "Actual Rows": 12, "Actual Loops": 2, "Hash Buckets": 1024, "Original Hash Buckets": 1024, "Hash Batches": 1, "Original Hash Batches": 1, "Peak Memory Usage": 9, "Workers": [], "Plans": [{"Node Type": "Seq Scan", "Parent Relationship": "Outer", "Parallel Aware": false, "Async Capable": false, "Relation Name": "users", "Alias": "u", "Startup Cost": 0.0, "Total Cost": 1103.5, "Plan Rows": 1, "Plan Width": 4, "Actual Rows": 12, "Actual Loops": 2, "Filter": "((views >= 1442) AND (upvotes >= 371) AND (creationdate >= '2010-09-08 01:23:24'::timestamp without time zone) AND (creationdate <= '2014-08-31 04:48:14'::timestamp without time zone))", "Rows Removed by Filter": 40313, "Workers": []}]}]}, {"Node Type": "Index Scan", "Parent Relationship": "Inner", "Parallel Aware": false, "Async Capable": false, "Scan Direction": "Forward", "Index Name": "idx_posts_owneruserid", "Relation Name": "posts", "Alias": "p", "Startup Cost": 0.29, "Total Cost": 0.39, "Plan Rows": 1, "Plan Width": 4, "Actual Rows": 4, "Actual Loops": 12458, "Index Cond": "(owneruserid = ph.userid)", "Rows Removed by Index Recheck": 0, "Filter": "(favoritecount <= 58)", "Rows Removed by Filter": 546, "Workers": []}]}]}]}]}, "Planning Time": 1.698, "Triggers": [], "Execution Time": 889.425}, {"Plan": {"Node Type": "Aggregate", "Strategy": "Plain", "Partial Mode": "Simple", "Parallel Aware": false, "Async Capable": false, "Startup Cost": 3249.0, "Total Cost": 3249.01, "Plan Rows": 1, "Plan Width": 8, "Actual Rows": 1, "Actual Loops": 1, "Plans": [{"Node Type": "Hash Join", "Parent Relationship": "Outer", "Parallel Aware": false, "Async Capable": false, "Join Type": "Inner", "Startup Cost": 1143.3, "Total Cost": 3248.68, "Plan Rows": 6.0, "Plan Width": 0, "Actual Rows": 48775, "Actual Loops": 1, "Inner Unique": false, "Hash Cond": "(p.owneruserid = u.id)", "Plans": [{"Node Type": "Seq Scan", "Parent Relationship": "Outer", "Parallel Aware": false, "Async Capable": false, "Relation Name": "posts", "Alias": "p", "Startup Cost": 0.0, "Total Cost": 1989.7, "Plan Rows": 13219, "Plan Width": 4, "Actual Rows": 13219, "Actual Loops": 1, "Filter": "(favoritecount <= 58)", "Rows Removed by Filter": 78757}, {"Node Type": "Hash", "Parent Relationship": "Inner", "Parallel Aware": false, "Async Capable": false, "Startup Cost": 1143.23, "Total Cost": 1143.23, "Plan Rows": 15.0, "Plan Width": 8, "Actual Rows": 12458, "Actual Loops": 1, "Hash Buckets": 16384, "Original Hash Buckets": 1024, "Hash Batches": 1, "Original Hash Batches": 1, "Peak Memory Usage": 615, "Plans": [{"Node Type": "Nested Loop", "Parent Relationship": "Outer", "Parallel Aware": false, "Async Capable": false, "Join Type": "Inner", "Startup Cost": 0.42, "Total Cost": 1143.23, "Plan Rows": 15.0, "Plan Width": 8, "Actual Rows": 12458, "Actual Loops": 1, "Inner Unique": false, "Plans": [{"Node Type": "Seq Scan", "Parent Relationship": "Outer", "Parallel Aware": false, "Async Capable": false, "Relation Name": "users", "Alias": "u", "Startup Cost": 0.0, "Total Cost": 1103.5, "Plan Rows": 1, "Plan Width": 4, "Actual Rows": 12, "Actual Loops": 1, "Filter": "((views >= 1442) AND (upvotes >= 371) AND (creationdate >= '2010-09-08 01:23:24'::timestamp without time zone) AND (creationdate <= '2014-08-31 04:48:14'::timestamp without time zone))", "Rows Removed by Filter": 40313}, {"Node Type": "Index Scan", "Parent Relationship": "Inner", "Parallel Aware": false, "Async Capable": false, "Scan Direction": "Forward", "Index Name": "idx_posthistory_userid", "Relation Name": "posthistory", "Alias": "ph", "Startup Cost": 0.42, "Total Cost": 39.64, "Plan Rows": 9, "Plan Width": 4, "Actual Rows": 1038, "Actual Loops": 12, "Index Cond": "(userid = u.id)", "Rows Removed by Index Recheck": 0, "Filter": "(creationdate >= '2012-09-30 03:00:35'::timestamp without time zone)", "Rows Removed by Filter": 671}]}]}]}]}, "Planning Time": 1.25, "Triggers": [], "Execution Time": 43.996}]