[{"Plan": {"Node Type": "Aggregate", "Strategy": "Plain", "Partial Mode": "Simple", "Parallel Aware": false, "Async Capable": false, "Startup Cost": 1417.97, "Total Cost": 1417.98, "Plan Rows": 1, "Plan Width": 8, "Actual Rows": 1, "Actual Loops": 1, "Plans": [{"Node Type": "Nested Loop", "Parent Relationship": "Outer", "Parallel Aware": false, "Async Capable": false, "Join Type": "Inner", "Startup Cost": 1.01, "Total Cost": 1417.95, "Plan Rows": 1.0, "Plan Width": 0, "Actual Rows": 131002, "Actual Loops": 1, "Inner Unique": false, "Plans": [{"Node Type": "Nested Loop", "Parent Relationship": "Outer", "Parallel Aware": false, "Async Capable": false, "Join Type": "Inner", "Startup Cost": 0.58, "Total Cost": 1416.99, "Plan Rows": 7.0, "Plan Width": 12, "Actual Rows": 194, "Actual Loops": 1, "Inner Unique": false, "Plans": [{"Node Type": "Nested Loop", "Parent Relationship": "Outer", "Parallel Aware": false, "Async Capable": false, "Join Type": "Inner", "Startup Cost": 0.29, "Total Cost": 1395.51, "Plan Rows": 247.0, "Plan Width": 8, "Actual Rows": 1514, "Actual Loops": 1, "Inner Unique": false, "Plans": [{"Node Type": "Seq Scan", "Parent Relationship": "Outer", "Parallel Aware": false, "Async Capable": false, "Relation Name": "users", "Alias": "u", "Startup Cost": 0.0, "Total Cost": 901.88, "Plan Rows": 44, "Plan Width": 4, "Actual Rows": 43, "Actual Loops": 1, "Filter": "((reputation >= 6987) AND (reputation <= 54555))", "Rows Removed by Filter": 40282}, {"Node Type": "Index Scan", "Parent Relationship": "Inner", "Parallel Aware": false, "Async Capable": false, "Scan Direction": "Forward", "Index Name": "idx_badges_userid", "Relation Name": "badges", "Alias": "b", "Startup Cost": 0.29, "Total Cost": 11.2, "Plan Rows": 2, "Plan Width": 4, "Actual Rows": 35, "Actual Loops": 43, "Index Cond": "(userid = u.id)", "Rows Removed by Index Recheck": 0, "Filter": "(date >= '2013-05-23 05:31:51'::timestamp without time zone)", "Rows Removed by Filter": 57}]}, {"Node Type": "Index Scan", "Parent Relationship": "Inner", "Parallel Aware": false, "Async Capable": false, "Scan Direction": "Forward", "Index Name": "idx_posts_owneruserid", "Relation Name": "posts", "Alias": "p", "Startup Cost": 0.29, "Total Cost": 0.48, "Plan Rows": 1, "Plan Width": 4, "Actual Rows": 0, "Actual Loops": 1514, "Index Cond": "(owneruserid = b.userid)", "Rows Removed by Index Recheck": 0, "Filter": "((viewcount >= 9115) AND (viewcount <= 17262))", "Rows Removed by Filter": 436}]}, {"Node Type": "Index Scan", "Parent Relationship": "Inner", "Parallel Aware": false, "Async Capable": false, "Scan Direction": "Forward", "Index Name": "idx_posthistory_userid", "Relation Name": "posthistory", "Alias": "ph", "Startup Cost": 0.42, "Total Cost": 0.96, "Plan Rows": 1, "Plan Width": 4, "Actual Rows": 675, "Actual Loops": 194, "Index Cond": "(userid = b.userid)", "Rows Removed by Index Recheck": 0, "Filter": "(posthistorytypeid = 4)", "Rows Removed by Filter": 1653}]}]}, "Planning Time": 1.947, "Triggers": [], "Execution Time": 179.248}, {"Plan": {"Node Type": "Aggregate", "Strategy": "Plain", "Partial Mode": "Simple", "Parallel Aware": false, "Async Capable": false, "Startup Cost": 8814.87, "Total Cost": 8814.88, "Plan Rows": 1, "Plan Width": 8, "Actual Rows": 1, "Actual Loops": 1, "Plans": [{"Node Type": "Hash Join", "Parent Relationship": "Outer", "Parallel Aware": false, "Async Capable": false, "Join Type": "Inner", "Startup Cost": 7107.75, "Total Cost": 8814.86, "Plan Rows": 1.0, "Plan Width": 0, "Actual Rows": 131002, "Actual Loops": 1, "Inner Unique": false, "Hash Cond": "(b.userid = p.owneruserid)", "Plans": [{"Node Type": "Nested Loop", "Parent Relationship": "Outer", "Parallel Aware": false, "Async Capable": false, "Join Type": "Inner", "Startup Cost": 0.29, "Total Cost": 1395.51, "Plan Rows": 247.0, "Plan Width": 8, "Actual Rows": 1514, "Actual Loops": 1, "Inner Unique": false, "Plans": [{"Node Type": "Seq Scan", "Parent Relationship": "Outer", "Parallel Aware": false, "Async Capable": false, "Relation Name": "users", "Alias": "u", "Startup Cost": 0.0, "Total Cost": 901.88, "Plan Rows": 44, "Plan Width": 4, "Actual Rows": 43, "Actual Loops": 1, "Filter": "((reputation >= 6987) AND (reputation <= 54555))", "Rows Removed by Filter": 40282}, {"Node Type": "Index Scan", "Parent Relationship": "Inner", "Parallel Aware": false, "Async Capable": false, "Scan Direction": "Forward", "Index Name": "idx_badges_userid", "Relation Name": "badges", "Alias": "b", "Startup Cost": 0.29, "Total Cost": 11.2, "Plan Rows": 2, "Plan Width": 4, "Actual Rows": 35, "Actual Loops": 43, "Index Cond": "(userid = u.id)", "Rows Removed by Index Recheck": 0, "Filter": "(date >= '2013-05-23 05:31:51'::timestamp without time zone)", "Rows Removed by Filter": 57}]}, {"Node Type": "Hash", "Parent Relationship": "Inner", "Parallel Aware": false, "Async Capable": false, "Startup Cost": 7036.87, "Total Cost": 7036.87, "Plan Rows": 2.0, "Plan Width": 8, "Actual Rows": 2177, "Actual Loops": 1, "Hash Buckets": 8192, "Original Hash Buckets": 8192, "Hash Batches": 1, "Original Hash Batches": 1, "Peak Memory Usage": 150, "Plans": [{"Node Type": "Nested Loop", "Parent Relationship": "Outer", "Parallel Aware": false, "Async Capable": false, "Join Type": "Inner", "Startup Cost": 0.42, "Total Cost": 7036.87, "Plan Rows": 2.0, "Plan Width": 8, "Actual Rows": 2177, "Actual Loops": 1, "Inner Unique": false, "Plans": [{"Node Type": "Seq Scan", "Parent Relationship": "Outer", "Parallel Aware": false, "Async Capable": false, "Relation Name": "posts", "Alias": "p", "Startup Cost": 0.0, "Total Cost": 2219.64, "Plan Rows": 180, "Plan Width": 4, "Actual Rows": 178, "Actual Loops": 1, "Filter": "((viewcount >= 9115) AND (viewcount <= 17262))", "Rows Removed by Filter": 91798}, {"Node Type": "Index Scan", "Parent Relationship": "Inner", "Parallel Aware": false, "Async Capable": false, "Scan Direction": "Forward", "Index Name": "idx_posthistory_userid", "Relation Name": "posthistory", "Alias": "ph", "Startup Cost": 0.42, "Total Cost": 26.75, "Plan Rows": 1, "Plan Width": 4, "Actual Rows": 12, "Actual Loops": 178, "Index Cond": "(userid = p.owneruserid)", "Rows Removed by Index Recheck": 0, "Filter": "(posthistorytypeid = 4)", "Rows Removed by Filter": 83}]}]}]}]}, "Planning Time": 1.801, "Triggers": [], "Execution Time": 38.27}, {"Plan": {"Node Type": "Aggregate", "Strategy": "Plain", "Partial Mode": "Finalize", "Parallel Aware": false, "Async Capable": false, "Startup Cost": 6921.97, "Total Cost": 6921.98, "Plan Rows": 1, "Plan Width": 8, "Actual Rows": 1, "Actual Loops": 1, "Plans": [{"Node Type": "Gather", "Parent Relationship": "Outer", "Parallel Aware": false, "Async Capable": false, "Startup Cost": 6921.85, "Total Cost": 6921.96, "Plan Rows": 1, "Plan Width": 8, "Actual Rows": 2, "Actual Loops": 1, "Workers Planned": 1, "Workers Launched": 1, "Single Copy": false, "Plans": [{"Node Type": "Aggregate", "Strategy": "Plain", "Partial Mode": "Partial", "Parent Relationship": "Outer", "Parallel Aware": false, "Async Capable": false, "Startup Cost": 5921.85, "Total Cost": 5921.86, "Plan Rows": 1, "Plan Width": 8, "Actual Rows": 1, "Actual Loops": 2, "Workers": [], "Plans": [{"Node Type": "Hash Join", "Parent Relationship": "Outer", "Parallel Aware": false, "Async Capable": false, "Join Type": "Inner", "Startup Cost": 1417.0, "Total Cost": 5921.84, "Plan Rows": 1.0, "Plan Width": 0, "Actual Rows": 65501, "Actual Loops": 2, "Inner Unique": false, "Hash Cond": "(ph.userid = b.userid)", "Workers": [], "Plans": [{"Node Type": "Seq Scan", "Parent Relationship": "Outer", "Parallel Aware": true, "Async Capable": false, "Relation Name": "posthistory", "Alias": "ph", "Startup Cost": 0.0, "Total Cost": 4469.32, "Plan Rows": 9458, "Plan Width": 4, "Actual Rows": 8005, "Actual Loops": 2, "Filter": "(posthistorytypeid = 4)", "Rows Removed by Filter": 143588, "Workers": []}, {"Node Type": "Hash", "Parent Relationship": "Inner", "Parallel Aware": false, "Async Capable": false, "Startup Cost": 1416.99, "Total Cost": 1416.99, "Plan Rows": 7.0, "Plan Width": 12, "Actual Rows": 194, "Actual Loops": 2, "Hash Buckets": 1024, "Original Hash Buckets": 1024, "Hash Batches": 1, "Original Hash Batches": 1, "Peak Memory Usage": 17, "Workers": [], "Plans": [{"Node Type": "Nested Loop", "Parent Relationship": "Outer", "Parallel Aware": false, "Async Capable": false, "Join Type": "Inner", "Startup Cost": 0.58, "Total Cost": 1416.99, "Plan Rows": 7.0, "Plan Width": 12, "Actual Rows": 194, "Actual Loops": 2, "Inner Unique": false, "Workers": [], "Plans": [{"Node Type": "Nested Loop", "Parent Relationship": "Outer", "Parallel Aware": false, "Async Capable": false, "Join Type": "Inner", "Startup Cost": 0.29, "Total Cost": 1395.51, "Plan Rows": 247.0, "Plan Width": 8, "Actual Rows": 1514, "Actual Loops": 2, "Inner Unique": false, "Workers": [], "Plans": [{"Node Type": "Seq Scan", "Parent Relationship": "Outer", "Parallel Aware": false, "Async Capable": false, "Relation Name": "users", "Alias": "u", "Startup Cost": 0.0, "Total Cost": 901.88, "Plan Rows": 44, "Plan Width": 4, "Actual Rows": 43, "Actual Loops": 2, "Filter": "((reputation >= 6987) AND (reputation <= 54555))", "Rows Removed by Filter": 40282, "Workers": []}, {"Node Type": "Index Scan", "Parent Relationship": "Inner", "Parallel Aware": false, "Async Capable": false, "Scan Direction": "Forward", "Index Name": "idx_badges_userid", "Relation Name": "badges", "Alias": "b", "Startup Cost": 0.29, "Total Cost": 11.2, "Plan Rows": 2, "Plan Width": 4, "Actual Rows": 35, "Actual Loops": 86, "Index Cond": "(userid = u.id)", "Rows Removed by Index Recheck": 0, "Filter": "(date >= '2013-05-23 05:31:51'::timestamp without time zone)", "Rows Removed by Filter": 57, "Workers": []}]}, {"Node Type": "Index Scan", "Parent Relationship": "Inner", "Parallel Aware": false, "Async Capable": false, "Scan Direction": "Forward", "Index Name": "idx_posts_owneruserid", "Relation Name": "posts", "Alias": "p", "Startup Cost": 0.29, "Total Cost": 0.48, "Plan Rows": 1, "Plan Width": 4, "Actual Rows": 0, "Actual Loops": 3028, "Index Cond": "(owneruserid = b.userid)", "Rows Removed by Index Recheck": 0, "Filter": "((viewcount >= 9115) AND (viewcount <= 17262))", "Rows Removed by Filter": 436, "Workers": []}]}]}]}]}]}]}, "Planning Time": 3.967, "Triggers": [], "Execution Time": 223.539}, {"Plan": {"Node Type": "Aggregate", "Strategy": "Plain", "Partial Mode": "Simple", "Parallel Aware": false, "Async Capable": false, "Startup Cost": 1524.18, "Total Cost": 1524.19, "Plan Rows": 1, "Plan Width": 8, "Actual Rows": 1, "Actual Loops": 1, "Plans": [{"Node Type": "Nested Loop", "Parent Relationship": "Outer", "Parallel Aware": false, "Async Capable": false, "Join Type": "Inner", "Startup Cost": 1.01, "Total Cost": 1524.17, "Plan Rows": 1.0, "Plan Width": 0, "Actual Rows": 131002, "Actual Loops": 1, "Inner Unique": false, "Join Filter": "(u.id = b.userid)", "Rows Removed by Join Filter": 0, "Plans": [{"Node Type": "Nested Loop", "Parent Relationship": "Outer", "Parallel Aware": false, "Async Capable": false, "Join Type": "Inner", "Startup Cost": 0.71, "Total Cost": 1521.06, "Plan Rows": 1.0, "Plan Width": 12, "Actual Rows": 2016, "Actual Loops": 1, "Inner Unique": false, "Join Filter": "(ph.userid = u.id)", "Rows Removed by Join Filter": 0, "Plans": [{"Node Type": "Nested Loop", "Parent Relationship": "Outer", "Parallel Aware": false, "Async Capable": false, "Join Type": "Inner", "Startup Cost": 0.29, "Total Cost": 1494.3, "Plan Rows": 1.0, "Plan Width": 8, "Actual Rows": 4, "Actual Loops": 1, "Inner Unique": false, "Plans": [{"Node Type": "Seq Scan", "Parent Relationship": "Outer", "Parallel Aware": false, "Async Capable": false, "Relation Name": "users", "Alias": "u", "Startup Cost": 0.0, "Total Cost": 901.88, "Plan Rows": 44, "Plan Width": 4, "Actual Rows": 43, "Actual Loops": 1, "Filter": "((reputation >= 6987) AND (reputation <= 54555))", "Rows Removed by Filter": 40282}, {"Node Type": "Index Scan", "Parent Relationship": "Inner", "Parallel Aware": false, "Async Capable": false, "Scan Direction": "Forward", "Index Name": "idx_posts_owneruserid", "Relation Name": "posts", "Alias": "p", "Startup Cost": 0.29, "Total Cost": 13.45, "Plan Rows": 1, "Plan Width": 4, "Actual Rows": 0, "Actual Loops": 43, "Index Cond": "(owneruserid = u.id)", "Rows Removed by Index Recheck": 0, "Filter": "((viewcount >= 9115) AND (viewcount <= 17262))", "Rows Removed by Filter": 354}]}, {"Node Type": "Index Scan", "Parent Relationship": "Inner", "Parallel Aware": false, "Async Capable": false, "Scan Direction": "Forward", "Index Name": "idx_posthistory_userid", "Relation Name": "posthistory", "Alias": "ph", "Startup Cost": 0.42, "Total Cost": 26.75, "Plan Rows": 1, "Plan Width": 4, "Actual Rows": 504, "Actual Loops": 4, "Index Cond": "(userid = p.owneruserid)", "Rows Removed by Index Recheck": 0, "Filter": "(posthistorytypeid = 4)", "Rows Removed by Filter": 1344}]}, {"Node Type": "Index Scan", "Parent Relationship": "Inner", "Parallel Aware": false, "Async Capable": false, "Scan Direction": "Forward", "Index Name": "idx_badges_userid", "Relation Name": "badges", "Alias": "b", "Startup Cost": 0.29, "Total Cost": 0.49, "Plan Rows": 2, "Plan Width": 4, "Actual Rows": 65, "Actual Loops": 2016, "Index Cond": "(userid = ph.userid)", "Rows Removed by Index Recheck": 0, "Filter": "(date >= '2013-05-23 05:31:51'::timestamp without time zone)", "Rows Removed by Filter": 153}]}]}, "Planning Time": 1.696, "Triggers": [], "Execution Time": 97.76}, {"Plan": {"Node Type": "Aggregate", "Strategy": "Plain", "Partial Mode": "Simple", "Parallel Aware": false, "Async Capable": false, "Startup Cost": 1445.82, "Total Cost": 1445.83, "Plan Rows": 1, "Plan Width": 8, "Plans": [{"Node Type": "Nested Loop", "Parent Relationship": "Outer", "Parallel Aware": false, "Async Capable": false, "Join Type": "Inner", "Startup Cost": 1.01, "Total Cost": 1445.81, "Plan Rows": 1.0, "Plan Width": 0, "Inner Unique": false, "Plans": [{"Node Type": "Nested Loop", "Parent Relationship": "Outer", "Parallel Aware": false, "Async Capable": false, "Join Type": "Inner", "Startup Cost": 0.71, "Total Cost": 1437.99, "Plan Rows": 20.0, "Plan Width": 12, "Inner Unique": false, "Plans": [{"Node Type": "Nested Loop", "Parent Relationship": "Outer", "Parallel Aware": false, "Async Capable": false, "Join Type": "Inner", "Startup Cost": 0.29, "Total Cost": 1395.51, "Plan Rows": 247.0, "Plan Width": 8, "Inner Unique": false, "Plans": [{"Node Type": "Seq Scan", "Parent Relationship": "Outer", "Parallel Aware": false, "Async Capable": false, "Relation Name": "users", "Alias": "u", "Startup Cost": 0.0, "Total Cost": 901.88, "Plan Rows": 44, "Plan Width": 4, "Filter": "((reputation >= 6987) AND (reputation <= 54555))"}, {"Node Type": "Index Scan", "Parent Relationship": "Inner", "Parallel Aware": false, "Async Capable": false, "Scan Direction": "Forward", "Index Name": "idx_badges_userid", "Relation Name": "badges", "Alias": "b", "Startup Cost": 0.29, "Total Cost": 11.2, "Plan Rows": 2, "Plan Width": 4, "Index Cond": "(userid = u.id)", "Filter": "(date >= '2013-05-23 05:31:51'::timestamp without time zone)"}]}, {"Node Type": "Index Scan", "Parent Relationship": "Inner", "Parallel Aware": false, "Async Capable": false, "Scan Direction": "Forward", "Index Name": "idx_posthistory_userid", "Relation Name": "posthistory", "Alias": "ph", "Startup Cost": 0.42, "Total Cost": 0.96, "Plan Rows": 1, "Plan Width": 4, "Index Cond": "(userid = b.userid)", "Filter": "(posthistorytypeid = 4)"}]}, {"Node Type": "Index Scan", "Parent Relationship": "Inner", "Parallel Aware": false, "Async Capable": false, "Scan Direction": "Forward", "Index Name": "idx_posts_owneruserid", "Relation Name": "posts", "Alias": "p", "Startup Cost": 0.29, "Total Cost": 0.48, "Plan Rows": 1, "Plan Width": 4, "Index Cond": "(owneruserid = b.userid)", "Filter": "((viewcount >= 9115) AND (viewcount <= 17262))"}]}]}, "Timeout Time": 5000}, {"Plan": {"Node Type": "Aggregate", "Strategy": "Plain", "Partial Mode": "Simple", "Parallel Aware": false, "Async Capable": false, "Startup Cost": 6186.97, "Total Cost": 6186.98, "Plan Rows": 1, "Plan Width": 8, "Actual Rows": 1, "Actual Loops": 1, "Plans": [{"Node Type": "Hash Join", "Parent Relationship": "Outer", "Parallel Aware": false, "Async Capable": false, "Join Type": "Inner", "Startup Cost": 2463.01, "Total Cost": 6186.96, "Plan Rows": 1.0, "Plan Width": 0, "Actual Rows": 131002, "Actual Loops": 1, "Inner Unique": false, "Hash Cond": "(b.userid = u.id)", "Plans": [{"Node Type": "Nested Loop", "Parent Relationship": "Outer", "Parallel Aware": false, "Async Capable": false, "Join Type": "Inner", "Startup Cost": 0.29, "Total Cost": 3711.03, "Plan Rows": 385.0, "Plan Width": 8, "Actual Rows": 1372, "Actual Loops": 1, "Inner Unique": false, "Plans": [{"Node Type": "Seq Scan", "Parent Relationship": "Outer", "Parallel Aware": false, "Async Capable": false, "Relation Name": "posts", "Alias": "p", "Startup Cost": 0.0, "Total Cost": 2219.64, "Plan Rows": 180, "Plan Width": 4, "Actual Rows": 178, "Actual Loops": 1, "Filter": "((viewcount >= 9115) AND (viewcount <= 17262))", "Rows Removed by Filter": 91798}, {"Node Type": "Index Scan", "Parent Relationship": "Inner", "Parallel Aware": false, "Async Capable": false, "Scan Direction": "Forward", "Index Name": "idx_badges_userid", "Relation Name": "badges", "Alias": "b", "Startup Cost": 0.29, "Total Cost": 8.27, "Plan Rows": 2, "Plan Width": 4, "Actual Rows": 8, "Actual Loops": 178, "Index Cond": "(userid = p.owneruserid)", "Rows Removed by Index Recheck": 0, "Filter": "(date >= '2013-05-23 05:31:51'::timestamp without time zone)", "Rows Removed by Filter": 17}]}, {"Node Type": "Hash", "Parent Relationship": "Inner", "Parallel Aware": false, "Async Capable": false, "Startup Cost": 2462.52, "Total Cost": 2462.52, "Plan Rows": 10.0, "Plan Width": 8, "Actual Rows": 10214, "Actual Loops": 1, "Hash Buckets": 16384, "Original Hash Buckets": 1024, "Hash Batches": 1, "Original Hash Batches": 1, "Peak Memory Usage": 527, "Plans": [{"Node Type": "Nested Loop", "Parent Relationship": "Outer", "Parallel Aware": false, "Async Capable": false, "Join Type": "Inner", "Startup Cost": 0.42, "Total Cost": 2462.52, "Plan Rows": 10.0, "Plan Width": 8, "Actual Rows": 10214, "Actual Loops": 1, "Inner Unique": false, "Plans": [{"Node Type": "Seq Scan", "Parent Relationship": "Outer", "Parallel Aware": false, "Async Capable": false, "Relation Name": "users", "Alias": "u", "Startup Cost": 0.0, "Total Cost": 901.88, "Plan Rows": 44, "Plan Width": 4, "Actual Rows": 43, "Actual Loops": 1, "Filter": "((reputation >= 6987) AND (reputation <= 54555))", "Rows Removed by Filter": 40282}, {"Node Type": "Index Scan", "Parent Relationship": "Inner", "Parallel Aware": false, "Async Capable": false, "Scan Direction": "Forward", "Index Name": "idx_posthistory_userid", "Relation Name": "posthistory", "Alias": "ph", "Startup Cost": 0.42, "Total Cost": 35.46, "Plan Rows": 1, "Plan Width": 4, "Actual Rows": 238, "Actual Loops": 43, "Index Cond": "(userid = u.id)", "Rows Removed by Index Recheck": 0, "Filter": "(posthistorytypeid = 4)", "Rows Removed by Filter": 1084}]}]}]}]}, "Planning Time": 2.234, "Triggers": [], "Execution Time": 93.72}, {"Plan": {"Node Type": "Aggregate", "Strategy": "Plain", "Partial Mode": "Simple", "Parallel Aware": false, "Async Capable": false, "Startup Cost": 1417.97, "Total Cost": 1417.98, "Plan Rows": 1, "Plan Width": 8, "Actual Rows": 1, "Actual Loops": 1, "Plans": [{"Node Type": "Nested Loop", "Parent Relationship": "Outer", "Parallel Aware": false, "Async Capable": false, "Join Type": "Inner", "Startup Cost": 1.01, "Total Cost": 1417.95, "Plan Rows": 1.0, "Plan Width": 0, "Actual Rows": 131002, "Actual Loops": 1, "Inner Unique": false, "Plans": [{"Node Type": "Nested Loop", "Parent Relationship": "Outer", "Parallel Aware": false, "Async Capable": false, "Join Type": "Inner", "Startup Cost": 0.58, "Total Cost": 1416.99, "Plan Rows": 7.0, "Plan Width": 12, "Actual Rows": 194, "Actual Loops": 1, "Inner Unique": false, "Plans": [{"Node Type": "Nested Loop", "Parent Relationship": "Outer", "Parallel Aware": false, "Async Capable": false, "Join Type": "Inner", "Startup Cost": 0.29, "Total Cost": 1395.51, "Plan Rows": 247.0, "Plan Width": 8, "Actual Rows": 1514, "Actual Loops": 1, "Inner Unique": false, "Plans": [{"Node Type": "Seq Scan", "Parent Relationship": "Outer", "Parallel Aware": false, "Async Capable": false, "Relation Name": "users", "Alias": "u", "Startup Cost": 0.0, "Total Cost": 901.88, "Plan Rows": 44, "Plan Width": 4, "Actual Rows": 43, "Actual Loops": 1, "Filter": "((reputation >= 6987) AND (reputation <= 54555))", "Rows Removed by Filter": 40282}, {"Node Type": "Index Scan", "Parent Relationship": "Inner", "Parallel Aware": false, "Async Capable": false, "Scan Direction": "Forward", "Index Name": "idx_badges_userid", "Relation Name": "badges", "Alias": "b", "Startup Cost": 0.29, "Total Cost": 11.2, "Plan Rows": 2, "Plan Width": 4, "Actual Rows": 35, "Actual Loops": 43, "Index Cond": "(userid = u.id)", "Rows Removed by Index Recheck": 0, "Filter": "(date >= '2013-05-23 05:31:51'::timestamp without time zone)", "Rows Removed by Filter": 57}]}, {"Node Type": "Index Scan", "Parent Relationship": "Inner", "Parallel Aware": false, "Async Capable": false, "Scan Direction": "Forward", "Index Name": "idx_posts_owneruserid", "Relation Name": "posts", "Alias": "p", "Startup Cost": 0.29, "Total Cost": 0.48, "Plan Rows": 1, "Plan Width": 4, "Actual Rows": 0, "Actual Loops": 1514, "Index Cond": "(owneruserid = b.userid)", "Rows Removed by Index Recheck": 0, "Filter": "((viewcount >= 9115) AND (viewcount <= 17262))", "Rows Removed by Filter": 436}]}, {"Node Type": "Index Scan", "Parent Relationship": "Inner", "Parallel Aware": false, "Async Capable": false, "Scan Direction": "Forward", "Index Name": "idx_posthistory_userid", "Relation Name": "posthistory", "Alias": "ph", "Startup Cost": 0.42, "Total Cost": 0.96, "Plan Rows": 1, "Plan Width": 4, "Actual Rows": 675, "Actual Loops": 194, "Index Cond": "(userid = b.userid)", "Rows Removed by Index Recheck": 0, "Filter": "(posthistorytypeid = 4)", "Rows Removed by Filter": 1653}]}]}, "Planning Time": 1.966, "Triggers": [], "Execution Time": 176.632}, {"Plan": {"Node Type": "Aggregate", "Strategy": "Plain", "Partial Mode": "Simple", "Parallel Aware": false, "Async Capable": false, "Startup Cost": 19019.11, "Total Cost": 19019.12, "Plan Rows": 1, "Plan Width": 8, "Actual Rows": 1, "Actual Loops": 1, "Plans": [{"Node Type": "Nested Loop", "Parent Relationship": "Outer", "Parallel Aware": false, "Async Capable": false, "Join Type": "Inner", "Startup Cost": 0.59, "Total Cost": 19019.09, "Plan Rows": 1.0, "Plan Width": 0, "Actual Rows": 131002, "Actual Loops": 1, "Inner Unique": false, "Join Filter": "(u.id = b.userid)", "Rows Removed by Join Filter": 2829338, "Plans": [{"Node Type": "Nested Loop", "Parent Relationship": "Outer", "Parallel Aware": false, "Async Capable": false, "Join Type": "Inner", "Startup Cost": 0.29, "Total Cost": 1494.3, "Plan Rows": 1.0, "Plan Width": 8, "Actual Rows": 4, "Actual Loops": 1, "Inner Unique": false, "Plans": [{"Node Type": "Seq Scan", "Parent Relationship": "Outer", "Parallel Aware": false, "Async Capable": false, "Relation Name": "users", "Alias": "u", "Startup Cost": 0.0, "Total Cost": 901.88, "Plan Rows": 44, "Plan Width": 4, "Actual Rows": 43, "Actual Loops": 1, "Filter": "((reputation >= 6987) AND (reputation <= 54555))", "Rows Removed by Filter": 40282}, {"Node Type": "Index Scan", "Parent Relationship": "Inner", "Parallel Aware": false, "Async Capable": false, "Scan Direction": "Forward", "Index Name": "idx_posts_owneruserid", "Relation Name": "posts", "Alias": "p", "Startup Cost": 0.29, "Total Cost": 13.45, "Plan Rows": 1, "Plan Width": 4, "Actual Rows": 0, "Actual Loops": 43, "Index Cond": "(owneruserid = u.id)", "Rows Removed by Index Recheck": 0, "Filter": "((viewcount >= 9115) AND (viewcount <= 17262))", "Rows Removed by Filter": 354}]}, {"Node Type": "Nested Loop", "Parent Relationship": "Inner", "Parallel Aware": false, "Async Capable": false, "Join Type": "Inner", "Startup Cost": 0.3, "Total Cost": 12179.66, "Plan Rows": 1159.0, "Plan Width": 8, "Actual Rows": 740085, "Actual Loops": 4, "Inner Unique": false, "Plans": [{"Node Type": "Seq Scan", "Parent Relationship": "Outer", "Parallel Aware": false, "Async Capable": false, "Relation Name": "posthistory", "Alias": "ph", "Startup Cost": 0.0, "Total Cost": 6029.84, "Plan Rows": 16079, "Plan Width": 4, "Actual Rows": 16010, "Actual Loops": 4, "Filter": "(posthistorytypeid = 4)", "Rows Removed by Filter": 287177}, {"Node Type": "Memoize", "Parent Relationship": "Inner", "Parallel Aware": false, "Async Capable": false, "Startup Cost": 0.3, "Total Cost": 0.5, "Plan Rows": 2, "Plan Width": 4, "Actual Rows": 46, "Actual Loops": 64040, "Cache Key": "ph.userid", "Cache Mode": "logical", "Cache Hits": 62060, "Cache Misses": 1980, "Cache Evictions": 0, "Cache Overflows": 0, "Peak Memory Usage": 503, "Plans": [{"Node Type": "Index Scan", "Parent Relationship": "Outer", "Parallel Aware": false, "Async Capable": false, "Scan Direction": "Forward", "Index Name": "idx_badges_userid", "Relation Name": "badges", "Alias": "b", "Startup Cost": 0.29, "Total Cost": 0.49, "Plan Rows": 2, "Plan Width": 4, "Actual Rows": 5, "Actual Loops": 1980, "Index Cond": "(userid = ph.userid)", "Rows Removed by Index Recheck": 0, "Filter": "(date >= '2013-05-23 05:31:51'::timestamp without time zone)", "Rows Removed by Filter": 6}]}]}]}]}, "Planning Time": 2.963, "Triggers": [], "Execution Time": 453.762}, {"Plan": {"Node Type": "Aggregate", "Strategy": "Plain", "Partial Mode": "Finalize", "Parallel Aware": false, "Async Capable": false, "Startup Cost": 12761.9, "Total Cost": 12761.91, "Plan Rows": 1, "Plan Width": 8, "Actual Rows": 1, "Actual Loops": 1, "Plans": [{"Node Type": "Gather", "Parent Relationship": "Outer", "Parallel Aware": false, "Async Capable": false, "Startup Cost": 12761.79, "Total Cost": 12761.9, "Plan Rows": 1, "Plan Width": 8, "Actual Rows": 2, "Actual Loops": 1, "Workers Planned": 1, "Workers Launched": 1, "Single Copy": false, "Plans": [{"Node Type": "Aggregate", "Strategy": "Plain", "Partial Mode": "Partial", "Parent Relationship": "Outer", "Parallel Aware": false, "Async Capable": false, "Startup Cost": 11761.79, "Total Cost": 11761.8, "Plan Rows": 1, "Plan Width": 8, "Actual Rows": 1, "Actual Loops": 2, "Workers": [], "Plans": [{"Node Type": "Hash Join", "Parent Relationship": "Outer", "Parallel Aware": false, "Async Capable": false, "Join Type": "Inner", "Startup Cost": 1494.6, "Total Cost": 11761.78, "Plan Rows": 1.0, "Plan Width": 0, "Actual Rows": 65501, "Actual Loops": 2, "Inner Unique": false, "Hash Cond": "(b.userid = u.id)", "Workers": [], "Plans": [{"Node Type": "Nested Loop", "Parent Relationship": "Outer", "Parallel Aware": false, "Async Capable": false, "Join Type": "Inner", "Startup Cost": 0.29, "Total Cost": 9324.15, "Plan Rows": 1159.0, "Plan Width": 8, "Actual Rows": 370042, "Actual Loops": 2, "Inner Unique": false, "Workers": [], "Plans": [{"Node Type": "Seq Scan", "Parent Relationship": "Outer", "Parallel Aware": true, "Async Capable": false, "Relation Name": "posthistory", "Alias": "ph", "Startup Cost": 0.0, "Total Cost": 4469.32, "Plan Rows": 9458, "Plan Width": 4, "Actual Rows": 8005, "Actual Loops": 2, "Filter": "(posthistorytypeid = 4)", "Rows Removed by Filter": 143588, "Workers": []}, {"Node Type": "Index Scan", "Parent Relationship": "Inner", "Parallel Aware": false, "Async Capable": false, "Scan Direction": "Forward", "Index Name": "idx_badges_userid", "Relation Name": "badges", "Alias": "b", "Startup Cost": 0.29, "Total Cost": 0.49, "Plan Rows": 2, "Plan Width": 4, "Actual Rows": 46, "Actual Loops": 16010, "Index Cond": "(userid = ph.userid)", "Rows Removed by Index Recheck": 0, "Filter": "(date >= '2013-05-23 05:31:51'::timestamp without time zone)", "Rows Removed by Filter": 82, "Workers": []}]}, {"Node Type": "Hash", "Parent Relationship": "Inner", "Parallel Aware": false, "Async Capable": false, "Startup Cost": 1494.3, "Total Cost": 1494.3, "Plan Rows": 1.0, "Plan Width": 8, "Actual Rows": 4, "Actual Loops": 2, "Hash Buckets": 1024, "Original Hash Buckets": 1024, "Hash Batches": 1, "Original Hash Batches": 1, "Peak Memory Usage": 9, "Workers": [], "Plans": [{"Node Type": "Nested Loop", "Parent Relationship": "Outer", "Parallel Aware": false, "Async Capable": false, "Join Type": "Inner", "Startup Cost": 0.29, "Total Cost": 1494.3, "Plan Rows": 1.0, "Plan Width": 8, "Actual Rows": 4, "Actual Loops": 2, "Inner Unique": false, "Workers": [], "Plans": [{"Node Type": "Seq Scan", "Parent Relationship": "Outer", "Parallel Aware": false, "Async Capable": false, "Relation Name": "users", "Alias": "u", "Startup Cost": 0.0, "Total Cost": 901.88, "Plan Rows": 44, "Plan Width": 4, "Actual Rows": 43, "Actual Loops": 2, "Filter": "((reputation >= 6987) AND (reputation <= 54555))", "Rows Removed by Filter": 40282, "Workers": []}, {"Node Type": "Index Scan", "Parent Relationship": "Inner", "Parallel Aware": false, "Async Capable": false, "Scan Direction": "Forward", "Index Name": "idx_posts_owneruserid", "Relation Name": "posts", "Alias": "p", "Startup Cost": 0.29, "Total Cost": 13.45, "Plan Rows": 1, "Plan Width": 4, "Actual Rows": 0, "Actual Loops": 86, "Index Cond": "(owneruserid = u.id)", "Rows Removed by Index Recheck": 0, "Filter": "((viewcount >= 9115) AND (viewcount <= 17262))", "Rows Removed by Filter": 354, "Workers": []}]}]}]}]}]}]}, "Planning Time": 5.527, "Triggers": [], "Execution Time": 417.154}, {"Plan": {"Node Type": "Aggregate", "Strategy": "Plain", "Partial Mode": "Simple", "Parallel Aware": false, "Async Capable": false, "Startup Cost": 6220.07, "Total Cost": 6220.08, "Plan Rows": 1, "Plan Width": 8, "Actual Rows": 1, "Actual Loops": 1, "Plans": [{"Node Type": "Hash Join", "Parent Relationship": "Outer", "Parallel Aware": false, "Async Capable": false, "Join Type": "Inner", "Startup Cost": 3755.45, "Total Cost": 6220.06, "Plan Rows": 1.0, "Plan Width": 0, "Actual Rows": 131002, "Actual Loops": 1, "Inner Unique": false, "Hash Cond": "(u.id = b.userid)", "Plans": [{"Node Type": "Nested Loop", "Parent Relationship": "Outer", "Parallel Aware": false, "Async Capable": false, "Join Type": "Inner", "Startup Cost": 0.42, "Total Cost": 2462.52, "Plan Rows": 10.0, "Plan Width": 8, "Actual Rows": 10214, "Actual Loops": 1, "Inner Unique": false, "Plans": [{"Node Type": "Seq Scan", "Parent Relationship": "Outer", "Parallel Aware": false, "Async Capable": false, "Relation Name": "users", "Alias": "u", "Startup Cost": 0.0, "Total Cost": 901.88, "Plan Rows": 44, "Plan Width": 4, "Actual Rows": 43, "Actual Loops": 1, "Filter": "((reputation >= 6987) AND (reputation <= 54555))", "Rows Removed by Filter": 40282}, {"Node Type": "Index Scan", "Parent Relationship": "Inner", "Parallel Aware": false, "Async Capable": false, "Scan Direction": "Forward", "Index Name": "idx_posthistory_userid", "Relation Name": "posthistory", "Alias": "ph", "Startup Cost": 0.42, "Total Cost": 35.46, "Plan Rows": 1, "Plan Width": 4, "Actual Rows": 238, "Actual Loops": 43, "Index Cond": "(userid = u.id)", "Rows Removed by Index Recheck": 0, "Filter": "(posthistorytypeid = 4)", "Rows Removed by Filter": 1084}]}, {"Node Type": "Hash", "Parent Relationship": "Inner", "Parallel Aware": false, "Async Capable": false, "Startup Cost": 3711.03, "Total Cost": 3711.03, "Plan Rows": 385.0, "Plan Width": 8, "Actual Rows": 1372, "Actual Loops": 1, "Hash Buckets": 4096, "Original Hash Buckets": 4096, "Hash Batches": 1, "Original Hash Batches": 1, "Peak Memory Usage": 86, "Plans": [{"Node Type": "Nested Loop", "Parent Relationship": "Outer", "Parallel Aware": false, "Async Capable": false, "Join Type": "Inner", "Startup Cost": 0.29, "Total Cost": 3711.03, "Plan Rows": 385.0, "Plan Width": 8, "Actual Rows": 1372, "Actual Loops": 1, "Inner Unique": false, "Plans": [{"Node Type": "Seq Scan", "Parent Relationship": "Outer", "Parallel Aware": false, "Async Capable": false, "Relation Name": "posts", "Alias": "p", "Startup Cost": 0.0, "Total Cost": 2219.64, "Plan Rows": 180, "Plan Width": 4, "Actual Rows": 178, "Actual Loops": 1, "Filter": "((viewcount >= 9115) AND (viewcount <= 17262))", "Rows Removed by Filter": 91798}, {"Node Type": "Index Scan", "Parent Relationship": "Inner", "Parallel Aware": false, "Async Capable": false, "Scan Direction": "Forward", "Index Name": "idx_badges_userid", "Relation Name": "badges", "Alias": "b", "Startup Cost": 0.29, "Total Cost": 8.27, "Plan Rows": 2, "Plan Width": 4, "Actual Rows": 8, "Actual Loops": 178, "Index Cond": "(userid = p.owneruserid)", "Rows Removed by Index Recheck": 0, "Filter": "(date >= '2013-05-23 05:31:51'::timestamp without time zone)", "Rows Removed by Filter": 17}]}]}]}]}, "Planning Time": 2.591, "Triggers": [], "Execution Time": 85.878}, {"Plan": {"Node Type": "Aggregate", "Strategy": "Plain", "Partial Mode": "Simple", "Parallel Aware": false, "Async Capable": false, "Startup Cost": 8490.61, "Total Cost": 8490.62, "Plan Rows": 1, "Plan Width": 8, "Actual Rows": 1, "Actual Loops": 1, "Plans": [{"Node Type": "Hash Join", "Parent Relationship": "Outer", "Parallel Aware": false, "Async Capable": false, "Join Type": "Inner", "Startup Cost": 1396.48, "Total Cost": 8490.6, "Plan Rows": 1.0, "Plan Width": 0, "Actual Rows": 131002, "Actual Loops": 1, "Inner Unique": false, "Hash Cond": "(p.owneruserid = b.userid)", "Plans": [{"Node Type": "Nested Loop", "Parent Relationship": "Outer", "Parallel Aware": false, "Async Capable": false, "Join Type": "Inner", "Startup Cost": 0.42, "Total Cost": 7036.87, "Plan Rows": 2.0, "Plan Width": 8, "Actual Rows": 2177, "Actual Loops": 1, "Inner Unique": false, "Plans": [{"Node Type": "Seq Scan", "Parent Relationship": "Outer", "Parallel Aware": false, "Async Capable": false, "Relation Name": "posts", "Alias": "p", "Startup Cost": 0.0, "Total Cost": 2219.64, "Plan Rows": 180, "Plan Width": 4, "Actual Rows": 178, "Actual Loops": 1, "Filter": "((viewcount >= 9115) AND (viewcount <= 17262))", "Rows Removed by Filter": 91798}, {"Node Type": "Index Scan", "Parent Relationship": "Inner", "Parallel Aware": false, "Async Capable": false, "Scan Direction": "Forward", "Index Name": "idx_posthistory_userid", "Relation Name": "posthistory", "Alias": "ph", "Startup Cost": 0.42, "Total Cost": 26.75, "Plan Rows": 1, "Plan Width": 4, "Actual Rows": 12, "Actual Loops": 178, "Index Cond": "(userid = p.owneruserid)", "Rows Removed by Index Recheck": 0, "Filter": "(posthistorytypeid = 4)", "Rows Removed by Filter": 83}]}, {"Node Type": "Hash", "Parent Relationship": "Inner", "Parallel Aware": false, "Async Capable": false, "Startup Cost": 1395.51, "Total Cost": 1395.51, "Plan Rows": 247.0, "Plan Width": 8, "Actual Rows": 1514, "Actual Loops": 1, "Hash Buckets": 2048, "Original Hash Buckets": 1024, "Hash Batches": 1, "Original Hash Batches": 1, "Peak Memory Usage": 76, "Plans": [{"Node Type": "Nested Loop", "Parent Relationship": "Outer", "Parallel Aware": false, "Async Capable": false, "Join Type": "Inner", "Startup Cost": 0.29, "Total Cost": 1395.51, "Plan Rows": 247.0, "Plan Width": 8, "Actual Rows": 1514, "Actual Loops": 1, "Inner Unique": false, "Plans": [{"Node Type": "Seq Scan", "Parent Relationship": "Outer", "Parallel Aware": false, "Async Capable": false, "Relation Name": "users", "Alias": "u", "Startup Cost": 0.0, "Total Cost": 901.88, "Plan Rows": 44, "Plan Width": 4, "Actual Rows": 43, "Actual Loops": 1, "Filter": "((reputation >= 6987) AND (reputation <= 54555))", "Rows Removed by Filter": 40282}, {"Node Type": "Index Scan", "Parent Relationship": "Inner", "Parallel Aware": false, "Async Capable": false, "Scan Direction": "Forward", "Index Name": "idx_badges_userid", "Relation Name": "badges", "Alias": "b", "Startup Cost": 0.29, "Total Cost": 11.2, "Plan Rows": 2, "Plan Width": 4, "Actual Rows": 35, "Actual Loops": 43, "Index Cond": "(userid = u.id)", "Rows Removed by Index Recheck": 0, "Filter": "(date >= '2013-05-23 05:31:51'::timestamp without time zone)", "Rows Removed by Filter": 57}]}]}]}]}, "Planning Time": 2.439, "Triggers": [], "Execution Time": 39.116}, {"Plan": {"Node Type": "Aggregate", "Strategy": "Plain", "Partial Mode": "Simple", "Parallel Aware": false, "Async Capable": false, "Startup Cost": 9461.82, "Total Cost": 9461.83, "Plan Rows": 1, "Plan Width": 8, "Actual Rows": 1, "Actual Loops": 1, "Plans": [{"Node Type": "Hash Join", "Parent Relationship": "Outer", "Parallel Aware": false, "Async Capable": false, "Join Type": "Inner", "Startup Cost": 8490.31, "Total Cost": 9461.8, "Plan Rows": 1.0, "Plan Width": 0, "Actual Rows": 131002, "Actual Loops": 1, "Inner Unique": false, "Hash Cond": "(u.id = b.userid)", "Plans": [{"Node Type": "Seq Scan", "Parent Relationship": "Outer", "Parallel Aware": false, "Async Capable": false, "Relation Name": "users", "Alias": "u", "Startup Cost": 0.0, "Total Cost": 901.88, "Plan Rows": 44, "Plan Width": 4, "Actual Rows": 43, "Actual Loops": 1, "Filter": "((reputation >= 6987) AND (reputation <= 54555))", "Rows Removed by Filter": 40282}, {"Node Type": "Hash", "Parent Relationship": "Inner", "Parallel Aware": false, "Async Capable": false, "Startup Cost": 7109.94, "Total Cost": 7109.94, "Plan Rows": 29.0, "Plan Width": 12, "Actual Rows": 134389, "Actual Loops": 1, "Hash Buckets": 262144, "Original Hash Buckets": 131072, "Hash Batches": 1, "Original Hash Batches": 1, "Peak Memory Usage": 7823, "Plans": [{"Node Type": "Nested Loop", "Parent Relationship": "Outer", "Parallel Aware": false, "Async Capable": false, "Join Type": "Inner", "Startup Cost": 0.71, "Total Cost": 7109.94, "Plan Rows": 29.0, "Plan Width": 12, "Actual Rows": 134389, "Actual Loops": 1, "Inner Unique": false, "Plans": [{"Node Type": "Nested Loop", "Parent Relationship": "Outer", "Parallel Aware": false, "Async Capable": false, "Join Type": "Inner", "Startup Cost": 0.29, "Total Cost": 3711.03, "Plan Rows": 385.0, "Plan Width": 8, "Actual Rows": 1372, "Actual Loops": 1, "Inner Unique": false, "Plans": [{"Node Type": "Seq Scan", "Parent Relationship": "Outer", "Parallel Aware": false, "Async Capable": false, "Relation Name": "posts", "Alias": "p", "Startup Cost": 0.0, "Total Cost": 2219.64, "Plan Rows": 180, "Plan Width": 4, "Actual Rows": 178, "Actual Loops": 1, "Filter": "((viewcount >= 9115) AND (viewcount <= 17262))", "Rows Removed by Filter": 91798}, {"Node Type": "Index Scan", "Parent Relationship": "Inner", "Parallel Aware": false, "Async Capable": false, "Scan Direction": "Forward", "Index Name": "idx_badges_userid", "Relation Name": "badges", "Alias": "b", "Startup Cost": 0.29, "Total Cost": 8.27, "Plan Rows": 2, "Plan Width": 4, "Actual Rows": 8, "Actual Loops": 178, "Index Cond": "(userid = p.owneruserid)", "Rows Removed by Index Recheck": 0, "Filter": "(date >= '2013-05-23 05:31:51'::timestamp without time zone)", "Rows Removed by Filter": 17}]}, {"Node Type": "Index Scan", "Parent Relationship": "Inner", "Parallel Aware": false, "Async Capable": false, "Scan Direction": "Forward", "Index Name": "idx_posthistory_userid", "Relation Name": "posthistory", "Alias": "ph", "Startup Cost": 0.42, "Total Cost": 0.96, "Plan Rows": 1, "Plan Width": 4, "Actual Rows": 98, "Actual Loops": 1372, "Index Cond": "(userid = b.userid)", "Rows Removed by Index Recheck": 0, "Filter": "(posthistorytypeid = 4)", "Rows Removed by Filter": 365}]}]}]}]}, "Planning Time": 2.271, "Triggers": [], "Execution Time": 167.86}, {"Plan": {"Node Type": "Aggregate", "Strategy": "Plain", "Partial Mode": "Simple", "Parallel Aware": false, "Async Capable": false, "Startup Cost": 3658.76, "Total Cost": 3658.77, "Plan Rows": 1, "Plan Width": 8, "Actual Rows": 1, "Actual Loops": 1, "Plans": [{"Node Type": "Hash Join", "Parent Relationship": "Outer", "Parallel Aware": false, "Async Capable": false, "Join Type": "Inner", "Startup Cost": 1438.19, "Total Cost": 3658.74, "Plan Rows": 1.0, "Plan Width": 0, "Actual Rows": 131002, "Actual Loops": 1, "Inner Unique": false, "Hash Cond": "(p.owneruserid = b.userid)", "Plans": [{"Node Type": "Seq Scan", "Parent Relationship": "Outer", "Parallel Aware": false, "Async Capable": false, "Relation Name": "posts", "Alias": "p", "Startup Cost": 0.0, "Total Cost": 2219.64, "Plan Rows": 180, "Plan Width": 4, "Actual Rows": 178, "Actual Loops": 1, "Filter": "((viewcount >= 9115) AND (viewcount <= 17262))", "Rows Removed by Filter": 91798}, {"Node Type": "Hash", "Parent Relationship": "Inner", "Parallel Aware": false, "Async Capable": false, "Startup Cost": 1437.99, "Total Cost": 1437.99, "Plan Rows": 20.0, "Plan Width": 12, "Actual Rows": 508722, "Actual Loops": 1, "Hash Buckets": 524288, "Original Hash Buckets": 1024, "Hash Batches": 1, "Original Hash Batches": 1, "Peak Memory Usage": 25956, "Plans": [{"Node Type": "Nested Loop", "Parent Relationship": "Outer", "Parallel Aware": false, "Async Capable": false, "Join Type": "Inner", "Startup Cost": 0.71, "Total Cost": 1437.99, "Plan Rows": 20.0, "Plan Width": 12, "Actual Rows": 508722, "Actual Loops": 1, "Inner Unique": false, "Plans": [{"Node Type": "Nested Loop", "Parent Relationship": "Outer", "Parallel Aware": false, "Async Capable": false, "Join Type": "Inner", "Startup Cost": 0.29, "Total Cost": 1395.51, "Plan Rows": 247.0, "Plan Width": 8, "Actual Rows": 1514, "Actual Loops": 1, "Inner Unique": false, "Plans": [{"Node Type": "Seq Scan", "Parent Relationship": "Outer", "Parallel Aware": false, "Async Capable": false, "Relation Name": "users", "Alias": "u", "Startup Cost": 0.0, "Total Cost": 901.88, "Plan Rows": 44, "Plan Width": 4, "Actual Rows": 43, "Actual Loops": 1, "Filter": "((reputation >= 6987) AND (reputation <= 54555))", "Rows Removed by Filter": 40282}, {"Node Type": "Index Scan", "Parent Relationship": "Inner", "Parallel Aware": false, "Async Capable": false, "Scan Direction": "Forward", "Index Name": "idx_badges_userid", "Relation Name": "badges", "Alias": "b", "Startup Cost": 0.29, "Total Cost": 11.2, "Plan Rows": 2, "Plan Width": 4, "Actual Rows": 35, "Actual Loops": 43, "Index Cond": "(userid = u.id)", "Rows Removed by Index Recheck": 0, "Filter": "(date >= '2013-05-23 05:31:51'::timestamp without time zone)", "Rows Removed by Filter": 57}]}, {"Node Type": "Index Scan", "Parent Relationship": "Inner", "Parallel Aware": false, "Async Capable": false, "Scan Direction": "Forward", "Index Name": "idx_posthistory_userid", "Relation Name": "posthistory", "Alias": "ph", "Startup Cost": 0.42, "Total Cost": 0.96, "Plan Rows": 1, "Plan Width": 4, "Actual Rows": 336, "Actual Loops": 1514, "Index Cond": "(userid = b.userid)", "Rows Removed by Index Recheck": 0, "Filter": "(posthistorytypeid = 4)", "Rows Removed by Filter": 1618}]}]}]}]}, "Planning Time": 2.561, "Triggers": [], "Execution Time": 818.461}, {"Plan": {"Node Type": "Aggregate", "Strategy": "Plain", "Partial Mode": "Simple", "Parallel Aware": false, "Async Capable": false, "Startup Cost": 8302.29, "Total Cost": 8302.3, "Plan Rows": 1, "Plan Width": 8, "Actual Rows": 1, "Actual Loops": 1, "Plans": [{"Node Type": "Hash Join", "Parent Relationship": "Outer", "Parallel Aware": false, "Async Capable": false, "Join Type": "Inner", "Startup Cost": 903.14, "Total Cost": 8302.28, "Plan Rows": 1.0, "Plan Width": 0, "Actual Rows": 131002, "Actual Loops": 1, "Inner Unique": true, "Hash Cond": "(b.userid = u.id)", "Plans": [{"Node Type": "Nested Loop", "Parent Relationship": "Outer", "Parallel Aware": false, "Async Capable": false, "Join Type": "Inner", "Startup Cost": 0.71, "Total Cost": 7109.94, "Plan Rows": 29.0, "Plan Width": 12, "Actual Rows": 134389, "Actual Loops": 1, "Inner Unique": false, "Plans": [{"Node Type": "Nested Loop", "Parent Relationship": "Outer", "Parallel Aware": false, "Async Capable": false, "Join Type": "Inner", "Startup Cost": 0.29, "Total Cost": 3711.03, "Plan Rows": 385.0, "Plan Width": 8, "Actual Rows": 1372, "Actual Loops": 1, "Inner Unique": false, "Plans": [{"Node Type": "Seq Scan", "Parent Relationship": "Outer", "Parallel Aware": false, "Async Capable": false, "Relation Name": "posts", "Alias": "p", "Startup Cost": 0.0, "Total Cost": 2219.64, "Plan Rows": 180, "Plan Width": 4, "Actual Rows": 178, "Actual Loops": 1, "Filter": "((viewcount >= 9115) AND (viewcount <= 17262))", "Rows Removed by Filter": 91798}, {"Node Type": "Index Scan", "Parent Relationship": "Inner", "Parallel Aware": false, "Async Capable": false, "Scan Direction": "Forward", "Index Name": "idx_badges_userid", "Relation Name": "badges", "Alias": "b", "Startup Cost": 0.29, "Total Cost": 8.27, "Plan Rows": 2, "Plan Width": 4, "Actual Rows": 8, "Actual Loops": 178, "Index Cond": "(userid = p.owneruserid)", "Rows Removed by Index Recheck": 0, "Filter": "(date >= '2013-05-23 05:31:51'::timestamp without time zone)", "Rows Removed by Filter": 17}]}, {"Node Type": "Index Scan", "Parent Relationship": "Inner", "Parallel Aware": false, "Async Capable": false, "Scan Direction": "Forward", "Index Name": "idx_posthistory_userid", "Relation Name": "posthistory", "Alias": "ph", "Startup Cost": 0.42, "Total Cost": 0.96, "Plan Rows": 1, "Plan Width": 4, "Actual Rows": 98, "Actual Loops": 1372, "Index Cond": "(userid = b.userid)", "Rows Removed by Index Recheck": 0, "Filter": "(posthistorytypeid = 4)", "Rows Removed by Filter": 365}]}, {"Node Type": "Hash", "Parent Relationship": "Inner", "Parallel Aware": false, "Async Capable": false, "Startup Cost": 901.88, "Total Cost": 901.88, "Plan Rows": 44, "Plan Width": 4, "Actual Rows": 43, "Actual Loops": 1, "Hash Buckets": 1024, "Original Hash Buckets": 1024, "Hash Batches": 1, "Original Hash Batches": 1, "Peak Memory Usage": 10, "Plans": [{"Node Type": "Seq Scan", "Parent Relationship": "Outer", "Parallel Aware": false, "Async Capable": false, "Relation Name": "users", "Alias": "u", "Startup Cost": 0.0, "Total Cost": 901.88, "Plan Rows": 44, "Plan Width": 4, "Actual Rows": 43, "Actual Loops": 1, "Filter": "((reputation >= 6987) AND (reputation <= 54555))", "Rows Removed by Filter": 40282}]}]}]}, "Planning Time": 2.48, "Triggers": [], "Execution Time": 131.759}, {"Plan": {"Node Type": "Aggregate", "Strategy": "Plain", "Partial Mode": "Simple", "Parallel Aware": false, "Async Capable": false, "Startup Cost": 3103.42, "Total Cost": 3103.43, "Plan Rows": 1, "Plan Width": 8, "Actual Rows": 1, "Actual Loops": 1, "Plans": [{"Node Type": "Hash Join", "Parent Relationship": "Outer", "Parallel Aware": false, "Async Capable": false, "Join Type": "Inner", "Startup Cost": 1521.14, "Total Cost": 3103.41, "Plan Rows": 1.0, "Plan Width": 0, "Actual Rows": 131002, "Actual Loops": 1, "Inner Unique": false, "Hash Cond": "(b.userid = u.id)", "Plans": [{"Node Type": "Seq Scan", "Parent Relationship": "Outer", "Parallel Aware": false, "Async Capable": false, "Relation Name": "badges", "Alias": "b", "Startup Cost": 0.0, "Total Cost": 1430.14, "Plan Rows": 40553, "Plan Width": 4, "Actual Rows": 40543, "Actual Loops": 1, "Filter": "(date >= '2013-05-23 05:31:51'::timestamp without time zone)", "Rows Removed by Filter": 39308}, {"Node Type": "Hash", "Parent Relationship": "Inner", "Parallel Aware": false, "Async Capable": false, "Startup Cost": 1521.06, "Total Cost": 1521.06, "Plan Rows": 1.0, "Plan Width": 12, "Actual Rows": 2016, "Actual Loops": 1, "Hash Buckets": 2048, "Original Hash Buckets": 1024, "Hash Batches": 1, "Original Hash Batches": 1, "Peak Memory Usage": 103, "Plans": [{"Node Type": "Nested Loop", "Parent Relationship": "Outer", "Parallel Aware": false, "Async Capable": false, "Join Type": "Inner", "Startup Cost": 0.71, "Total Cost": 1521.06, "Plan Rows": 1.0, "Plan Width": 12, "Actual Rows": 2016, "Actual Loops": 1, "Inner Unique": false, "Join Filter": "(ph.userid = u.id)", "Rows Removed by Join Filter": 0, "Plans": [{"Node Type": "Nested Loop", "Parent Relationship": "Outer", "Parallel Aware": false, "Async Capable": false, "Join Type": "Inner", "Startup Cost": 0.29, "Total Cost": 1494.3, "Plan Rows": 1.0, "Plan Width": 8, "Actual Rows": 4, "Actual Loops": 1, "Inner Unique": false, "Plans": [{"Node Type": "Seq Scan", "Parent Relationship": "Outer", "Parallel Aware": false, "Async Capable": false, "Relation Name": "users", "Alias": "u", "Startup Cost": 0.0, "Total Cost": 901.88, "Plan Rows": 44, "Plan Width": 4, "Actual Rows": 43, "Actual Loops": 1, "Filter": "((reputation >= 6987) AND (reputation <= 54555))", "Rows Removed by Filter": 40282}, {"Node Type": "Index Scan", "Parent Relationship": "Inner", "Parallel Aware": false, "Async Capable": false, "Scan Direction": "Forward", "Index Name": "idx_posts_owneruserid", "Relation Name": "posts", "Alias": "p", "Startup Cost": 0.29, "Total Cost": 13.45, "Plan Rows": 1, "Plan Width": 4, "Actual Rows": 0, "Actual Loops": 43, "Index Cond": "(owneruserid = u.id)", "Rows Removed by Index Recheck": 0, "Filter": "((viewcount >= 9115) AND (viewcount <= 17262))", "Rows Removed by Filter": 354}]}, {"Node Type": "Index Scan", "Parent Relationship": "Inner", "Parallel Aware": false, "Async Capable": false, "Scan Direction": "Forward", "Index Name": "idx_posthistory_userid", "Relation Name": "posthistory", "Alias": "ph", "Startup Cost": 0.42, "Total Cost": 26.75, "Plan Rows": 1, "Plan Width": 4, "Actual Rows": 504, "Actual Loops": 4, "Index Cond": "(userid = p.owneruserid)", "Rows Removed by Index Recheck": 0, "Filter": "(posthistorytypeid = 4)", "Rows Removed by Filter": 1344}]}]}]}]}, "Planning Time": 2.038, "Triggers": [], "Execution Time": 28.555}]