[{"Plan": {"Node Type": "Aggregate", "Strategy": "Plain", "Partial Mode": "Simple", "Parallel Aware": false, "Async Capable": false, "Startup Cost": 1204.81, "Total Cost": 1204.82, "Plan Rows": 1, "Plan Width": 8, "Actual Rows": 1, "Actual Loops": 1, "Plans": [{"Node Type": "Nested Loop", "Parent Relationship": "Outer", "Parallel Aware": false, "Async Capable": false, "Join Type": "Inner", "Startup Cost": 0.59, "Total Cost": 1204.65, "Plan Rows": 1.0, "Plan Width": 0, "Actual Rows": 2432, "Actual Loops": 1, "Inner Unique": false, "Join Filter": "(c.userid = u.id)", "Rows Removed by Join Filter": 0, "Plans": [{"Node Type": "Nested Loop", "Parent Relationship": "Outer", "Parallel Aware": false, "Async Capable": false, "Join Type": "Inner", "Startup Cost": 0.29, "Total Cost": 1193.88, "Plan Rows": 1.0, "Plan Width": 8, "Actual Rows": 5, "Actual Loops": 1, "Inner Unique": false, "Plans": [{"Node Type": "Seq Scan", "Parent Relationship": "Outer", "Parallel Aware": false, "Async Capable": false, "Relation Name": "users", "Alias": "u", "Startup Cost": 0.0, "Total Cost": 1002.69, "Plan Rows": 13, "Plan Width": 4, "Actual Rows": 22, "Actual Loops": 1, "Filter": "((reputation >= 8710) AND (creationdate >= '2010-09-21 03:18:31'::timestamp without time zone) AND (creationdate <= '2013-03-29 17:59:30'::timestamp without time zone))", "Rows Removed by Filter": 40303}, {"Node Type": "Index Scan", "Parent Relationship": "Inner", "Parallel Aware": false, "Async Capable": false, "Scan Direction": "Forward", "Index Name": "idx_posts_owneruserid", "Relation Name": "posts", "Alias": "p", "Startup Cost": 0.29, "Total Cost": 14.7, "Plan Rows": 1, "Plan Width": 4, "Actual Rows": 0, "Actual Loops": 22, "Index Cond": "(owneruserid = u.id)", "Rows Removed by Index Recheck": 0, "Filter": "((answercount >= 1) AND (answercount <= 79) AND (commentcount >= 7) AND (commentcount <= 24) AND (creationdate >= '2012-12-18 05:12:59'::timestamp without time zone) AND (creationdate <= '2013-12-31 13:00:08'::timestamp without time zone))", "Rows Removed by Filter": 350}]}, {"Node Type": "Index Scan", "Parent Relationship": "Inner", "Parallel Aware": false, "Async Capable": false, "Scan Direction": "Forward", "Index Name": "idx_comments_userid", "Relation Name": "comments", "Alias": "c", "Startup Cost": 0.29, "Total Cost": 10.67, "Plan Rows": 8, "Plan Width": 4, "Actual Rows": 486, "Actual Loops": 5, "Index Cond": "(userid = p.owneruserid)", "Rows Removed by Index Recheck": 0, "Filter": "(creationdate >= '2012-10-29 13:18:31'::timestamp without time zone)", "Rows Removed by Filter": 738}]}]}, "Planning Time": 0.696, "Triggers": [], "Execution Time": 7.678}, {"Plan": {"Node Type": "Aggregate", "Strategy": "Plain", "Partial Mode": "Simple", "Parallel Aware": false, "Async Capable": false, "Startup Cost": 1204.81, "Total Cost": 1204.82, "Plan Rows": 1, "Plan Width": 8, "Actual Rows": 1, "Actual Loops": 1, "Plans": [{"Node Type": "Nested Loop", "Parent Relationship": "Outer", "Parallel Aware": false, "Async Capable": false, "Join Type": "Inner", "Startup Cost": 0.59, "Total Cost": 1204.65, "Plan Rows": 1.0, "Plan Width": 0, "Actual Rows": 2432, "Actual Loops": 1, "Inner Unique": false, "Join Filter": "(c.userid = u.id)", "Rows Removed by Join Filter": 0, "Plans": [{"Node Type": "Nested Loop", "Parent Relationship": "Outer", "Parallel Aware": false, "Async Capable": false, "Join Type": "Inner", "Startup Cost": 0.29, "Total Cost": 1193.88, "Plan Rows": 1.0, "Plan Width": 8, "Actual Rows": 5, "Actual Loops": 1, "Inner Unique": false, "Plans": [{"Node Type": "Seq Scan", "Parent Relationship": "Outer", "Parallel Aware": false, "Async Capable": false, "Relation Name": "users", "Alias": "u", "Startup Cost": 0.0, "Total Cost": 1002.69, "Plan Rows": 13, "Plan Width": 4, "Actual Rows": 22, "Actual Loops": 1, "Filter": "((reputation >= 8710) AND (creationdate >= '2010-09-21 03:18:31'::timestamp without time zone) AND (creationdate <= '2013-03-29 17:59:30'::timestamp without time zone))", "Rows Removed by Filter": 40303}, {"Node Type": "Index Scan", "Parent Relationship": "Inner", "Parallel Aware": false, "Async Capable": false, "Scan Direction": "Forward", "Index Name": "idx_posts_owneruserid", "Relation Name": "posts", "Alias": "p", "Startup Cost": 0.29, "Total Cost": 14.7, "Plan Rows": 1, "Plan Width": 4, "Actual Rows": 0, "Actual Loops": 22, "Index Cond": "(owneruserid = u.id)", "Rows Removed by Index Recheck": 0, "Filter": "((answercount >= 1) AND (answercount <= 79) AND (commentcount >= 7) AND (commentcount <= 24) AND (creationdate >= '2012-12-18 05:12:59'::timestamp without time zone) AND (creationdate <= '2013-12-31 13:00:08'::timestamp without time zone))", "Rows Removed by Filter": 350}]}, {"Node Type": "Index Scan", "Parent Relationship": "Inner", "Parallel Aware": false, "Async Capable": false, "Scan Direction": "Forward", "Index Name": "idx_comments_userid", "Relation Name": "comments", "Alias": "c", "Startup Cost": 0.29, "Total Cost": 10.67, "Plan Rows": 8, "Plan Width": 4, "Actual Rows": 486, "Actual Loops": 5, "Index Cond": "(userid = p.owneruserid)", "Rows Removed by Index Recheck": 0, "Filter": "(creationdate >= '2012-10-29 13:18:31'::timestamp without time zone)", "Rows Removed by Filter": 738}]}]}, "Planning Time": 0.612, "Triggers": [], "Execution Time": 5.307}, {"Plan": {"Node Type": "Aggregate", "Strategy": "Plain", "Partial Mode": "Simple", "Parallel Aware": false, "Async Capable": false, "Startup Cost": 4713.16, "Total Cost": 4713.17, "Plan Rows": 1, "Plan Width": 8, "Actual Rows": 1, "Actual Loops": 1, "Plans": [{"Node Type": "Hash Join", "Parent Relationship": "Outer", "Parallel Aware": false, "Async Capable": false, "Join Type": "Inner", "Startup Cost": 1570.32, "Total Cost": 4713.0, "Plan Rows": 1.0, "Plan Width": 0, "Actual Rows": 2432, "Actual Loops": 1, "Inner Unique": false, "Hash Cond": "(p.owneruserid = u.id)", "Plans": [{"Node Type": "Seq Scan", "Parent Relationship": "Outer", "Parallel Aware": false, "Async Capable": false, "Relation Name": "posts", "Alias": "p", "Startup Cost": 0.0, "Total Cost": 3139.4, "Plan Rows": 524, "Plan Width": 4, "Actual Rows": 642, "Actual Loops": 1, "Filter": "((answercount >= 1) AND (answercount <= 79) AND (commentcount >= 7) AND (commentcount <= 24) AND (creationdate >= '2012-12-18 05:12:59'::timestamp without time zone) AND (creationdate <= '2013-12-31 13:00:08'::timestamp without time zone))", "Rows Removed by Filter": 91334}, {"Node Type": "Hash", "Parent Relationship": "Inner", "Parallel Aware": false, "Async Capable": false, "Startup Cost": 1569.89, "Total Cost": 1569.89, "Plan Rows": 12.0, "Plan Width": 8, "Actual Rows": 13211, "Actual Loops": 1, "Hash Buckets": 16384, "Original Hash Buckets": 1024, "Hash Batches": 1, "Original Hash Batches": 1, "Peak Memory Usage": 645, "Plans": [{"Node Type": "Nested Loop", "Parent Relationship": "Outer", "Parallel Aware": false, "Async Capable": false, "Join Type": "Inner", "Startup Cost": 0.29, "Total Cost": 1569.89, "Plan Rows": 12.0, "Plan Width": 8, "Actual Rows": 13211, "Actual Loops": 1, "Inner Unique": false, "Plans": [{"Node Type": "Seq Scan", "Parent Relationship": "Outer", "Parallel Aware": false, "Async Capable": false, "Relation Name": "users", "Alias": "u", "Startup Cost": 0.0, "Total Cost": 1002.69, "Plan Rows": 13, "Plan Width": 4, "Actual Rows": 22, "Actual Loops": 1, "Filter": "((reputation >= 8710) AND (creationdate >= '2010-09-21 03:18:31'::timestamp without time zone) AND (creationdate <= '2013-03-29 17:59:30'::timestamp without time zone))", "Rows Removed by Filter": 40303}, {"Node Type": "Index Scan", "Parent Relationship": "Inner", "Parallel Aware": false, "Async Capable": false, "Scan Direction": "Forward", "Index Name": "idx_comments_userid", "Relation Name": "comments", "Alias": "c", "Startup Cost": 0.29, "Total Cost": 43.55, "Plan Rows": 8, "Plan Width": 4, "Actual Rows": 600, "Actual Loops": 22, "Index Cond": "(userid = u.id)", "Rows Removed by Index Recheck": 0, "Filter": "(creationdate >= '2012-10-29 13:18:31'::timestamp without time zone)", "Rows Removed by Filter": 626}]}]}]}]}, "Planning Time": 0.91, "Triggers": [], "Execution Time": 37.59}, {"Plan": {"Node Type": "Aggregate", "Strategy": "Plain", "Partial Mode": "Simple", "Parallel Aware": false, "Async Capable": false, "Startup Cost": 13555.04, "Total Cost": 13555.05, "Plan Rows": 1, "Plan Width": 8, "Actual Rows": 1, "Actual Loops": 1, "Plans": [{"Node Type": "Merge Join", "Parent Relationship": "Outer", "Parallel Aware": false, "Async Capable": false, "Join Type": "Inner", "Startup Cost": 0.88, "Total Cost": 13554.88, "Plan Rows": 1.0, "Plan Width": 0, "Actual Rows": 2432, "Actual Loops": 1, "Inner Unique": false, "Merge Cond": "(u.id = p.owneruserid)", "Plans": [{"Node Type": "Index Scan", "Parent Relationship": "Outer", "Parallel Aware": false, "Async Capable": false, "Scan Direction": "Forward", "Index Name": "users_pkey", "Relation Name": "users", "Alias": "u", "Startup Cost": 0.29, "Total Cost": 1659.6, "Plan Rows": 13, "Plan Width": 4, "Actual Rows": 22, "Actual Loops": 1, "Filter": "((reputation >= 8710) AND (creationdate >= '2010-09-21 03:18:31'::timestamp without time zone) AND (creationdate <= '2013-03-29 17:59:30'::timestamp without time zone))", "Rows Removed by Filter": 40303}, {"Node Type": "Materialize", "Parent Relationship": "Inner", "Parallel Aware": false, "Async Capable": false, "Startup Cost": 0.59, "Total Cost": 11592.18, "Plan Rows": 148.0, "Plan Width": 8, "Actual Rows": 28385, "Actual Loops": 1, "Plans": [{"Node Type": "Nested Loop", "Parent Relationship": "Outer", "Parallel Aware": false, "Async Capable": false, "Join Type": "Inner", "Startup Cost": 0.59, "Total Cost": 11106.93, "Plan Rows": 148.0, "Plan Width": 8, "Actual Rows": 28385, "Actual Loops": 1, "Inner Unique": false, "Plans": [{"Node Type": "Index Scan", "Parent Relationship": "Outer", "Parallel Aware": false, "Async Capable": false, "Scan Direction": "Forward", "Index Name": "idx_posts_owneruserid", "Relation Name": "posts", "Alias": "p", "Startup Cost": 0.29, "Total Cost": 5473.31, "Plan Rows": 524, "Plan Width": 4, "Actual Rows": 290, "Actual Loops": 1, "Filter": "((answercount >= 1) AND (answercount <= 79) AND (commentcount >= 7) AND (commentcount <= 24) AND (creationdate >= '2012-12-18 05:12:59'::timestamp without time zone) AND (creationdate <= '2013-12-31 13:00:08'::timestamp without time zone))", "Rows Removed by Filter": 61094}, {"Node Type": "Index Scan", "Parent Relationship": "Inner", "Parallel Aware": false, "Async Capable": false, "Scan Direction": "Forward", "Index Name": "idx_comments_userid", "Relation Name": "comments", "Alias": "c", "Startup Cost": 0.29, "Total Cost": 10.67, "Plan Rows": 8, "Plan Width": 4, "Actual Rows": 98, "Actual Loops": 290, "Index Cond": "(userid = p.owneruserid)", "Rows Removed by Index Recheck": 0, "Filter": "(creationdate >= '2012-10-29 13:18:31'::timestamp without time zone)", "Rows Removed by Filter": 43}]}]}]}]}, "Planning Time": 1.132, "Triggers": [], "Execution Time": 67.667}, {"Plan": {"Node Type": "Aggregate", "Strategy": "Plain", "Partial Mode": "Simple", "Parallel Aware": false, "Async Capable": false, "Startup Cost": 10285.59, "Total Cost": 10285.6, "Plan Rows": 1, "Plan Width": 8, "Actual Rows": 1, "Actual Loops": 1, "Plans": [{"Node Type": "Hash Join", "Parent Relationship": "Outer", "Parallel Aware": false, "Async Capable": false, "Join Type": "Inner", "Startup Cost": 1003.15, "Total Cost": 10285.44, "Plan Rows": 1.0, "Plan Width": 0, "Actual Rows": 2432, "Actual Loops": 1, "Inner Unique": true, "Hash Cond": "(p.owneruserid = u.id)", "Plans": [{"Node Type": "Nested Loop", "Parent Relationship": "Outer", "Parallel Aware": false, "Async Capable": false, "Join Type": "Inner", "Startup Cost": 0.29, "Total Cost": 8773.02, "Plan Rows": 148.0, "Plan Width": 8, "Actual Rows": 38006, "Actual Loops": 1, "Inner Unique": false, "Plans": [{"Node Type": "Seq Scan", "Parent Relationship": "Outer", "Parallel Aware": false, "Async Capable": false, "Relation Name": "posts", "Alias": "p", "Startup Cost": 0.0, "Total Cost": 3139.4, "Plan Rows": 524, "Plan Width": 4, "Actual Rows": 642, "Actual Loops": 1, "Filter": "((answercount >= 1) AND (answercount <= 79) AND (commentcount >= 7) AND (commentcount <= 24) AND (creationdate >= '2012-12-18 05:12:59'::timestamp without time zone) AND (creationdate <= '2013-12-31 13:00:08'::timestamp without time zone))", "Rows Removed by Filter": 91334}, {"Node Type": "Index Scan", "Parent Relationship": "Inner", "Parallel Aware": false, "Async Capable": false, "Scan Direction": "Forward", "Index Name": "idx_comments_userid", "Relation Name": "comments", "Alias": "c", "Startup Cost": 0.29, "Total Cost": 10.67, "Plan Rows": 8, "Plan Width": 4, "Actual Rows": 59, "Actual Loops": 642, "Index Cond": "(userid = p.owneruserid)", "Rows Removed by Index Recheck": 0, "Filter": "(creationdate >= '2012-10-29 13:18:31'::timestamp without time zone)", "Rows Removed by Filter": 20}]}, {"Node Type": "Hash", "Parent Relationship": "Inner", "Parallel Aware": false, "Async Capable": false, "Startup Cost": 1002.69, "Total Cost": 1002.69, "Plan Rows": 13, "Plan Width": 4, "Actual Rows": 22, "Actual Loops": 1, "Hash Buckets": 1024, "Original Hash Buckets": 1024, "Hash Batches": 1, "Original Hash Batches": 1, "Peak Memory Usage": 9, "Plans": [{"Node Type": "Seq Scan", "Parent Relationship": "Outer", "Parallel Aware": false, "Async Capable": false, "Relation Name": "users", "Alias": "u", "Startup Cost": 0.0, "Total Cost": 1002.69, "Plan Rows": 13, "Plan Width": 4, "Actual Rows": 22, "Actual Loops": 1, "Filter": "((reputation >= 8710) AND (creationdate >= '2010-09-21 03:18:31'::timestamp without time zone) AND (creationdate <= '2013-03-29 17:59:30'::timestamp without time zone))", "Rows Removed by Filter": 40303}]}]}]}, "Planning Time": 1.189, "Triggers": [], "Execution Time": 44.734}, {"Plan": {"Node Type": "Aggregate", "Strategy": "Plain", "Partial Mode": "Simple", "Parallel Aware": false, "Async Capable": false, "Startup Cost": 1586.08, "Total Cost": 1586.09, "Plan Rows": 1, "Plan Width": 8, "Actual Rows": 1, "Actual Loops": 1, "Plans": [{"Node Type": "Nested Loop", "Parent Relationship": "Outer", "Parallel Aware": false, "Async Capable": false, "Join Type": "Inner", "Startup Cost": 0.59, "Total Cost": 1585.93, "Plan Rows": 1.0, "Plan Width": 0, "Actual Rows": 2432, "Actual Loops": 1, "Inner Unique": false, "Join Filter": "(p.owneruserid = u.id)", "Rows Removed by Join Filter": 0, "Plans": [{"Node Type": "Nested Loop", "Parent Relationship": "Outer", "Parallel Aware": false, "Async Capable": false, "Join Type": "Inner", "Startup Cost": 0.29, "Total Cost": 1569.89, "Plan Rows": 12.0, "Plan Width": 8, "Actual Rows": 13211, "Actual Loops": 1, "Inner Unique": false, "Plans": [{"Node Type": "Seq Scan", "Parent Relationship": "Outer", "Parallel Aware": false, "Async Capable": false, "Relation Name": "users", "Alias": "u", "Startup Cost": 0.0, "Total Cost": 1002.69, "Plan Rows": 13, "Plan Width": 4, "Actual Rows": 22, "Actual Loops": 1, "Filter": "((reputation >= 8710) AND (creationdate >= '2010-09-21 03:18:31'::timestamp without time zone) AND (creationdate <= '2013-03-29 17:59:30'::timestamp without time zone))", "Rows Removed by Filter": 40303}, {"Node Type": "Index Scan", "Parent Relationship": "Inner", "Parallel Aware": false, "Async Capable": false, "Scan Direction": "Forward", "Index Name": "idx_comments_userid", "Relation Name": "comments", "Alias": "c", "Startup Cost": 0.29, "Total Cost": 43.55, "Plan Rows": 8, "Plan Width": 4, "Actual Rows": 600, "Actual Loops": 22, "Index Cond": "(userid = u.id)", "Rows Removed by Index Recheck": 0, "Filter": "(creationdate >= '2012-10-29 13:18:31'::timestamp without time zone)", "Rows Removed by Filter": 626}]}, {"Node Type": "Index Scan", "Parent Relationship": "Inner", "Parallel Aware": false, "Async Capable": false, "Scan Direction": "Forward", "Index Name": "idx_posts_owneruserid", "Relation Name": "posts", "Alias": "p", "Startup Cost": 0.29, "Total Cost": 0.46, "Plan Rows": 1, "Plan Width": 4, "Actual Rows": 0, "Actual Loops": 13211, "Index Cond": "(owneruserid = c.userid)", "Rows Removed by Index Recheck": 0, "Filter": "((answercount >= 1) AND (answercount <= 79) AND (commentcount >= 7) AND (commentcount <= 24) AND (creationdate >= '2012-12-18 05:12:59'::timestamp without time zone) AND (creationdate <= '2013-12-31 13:00:08'::timestamp without time zone))", "Rows Removed by Filter": 413}]}]}, "Planning Time": 1.045, "Triggers": [], "Execution Time": 989.446}, {"Plan": {"Node Type": "Aggregate", "Strategy": "Plain", "Partial Mode": "Finalize", "Parallel Aware": false, "Async Capable": false, "Startup Cost": 5053.77, "Total Cost": 5053.78, "Plan Rows": 1, "Plan Width": 8, "Actual Rows": 1, "Actual Loops": 1, "Plans": [{"Node Type": "Gather", "Parent Relationship": "Outer", "Parallel Aware": false, "Async Capable": false, "Startup Cost": 5053.66, "Total Cost": 5053.77, "Plan Rows": 1, "Plan Width": 8, "Actual Rows": 2, "Actual Loops": 1, "Workers Planned": 1, "Workers Launched": 1, "Single Copy": false, "Plans": [{"Node Type": "Aggregate", "Strategy": "Plain", "Partial Mode": "Partial", "Parent Relationship": "Outer", "Parallel Aware": false, "Async Capable": false, "Startup Cost": 4053.66, "Total Cost": 4053.67, "Plan Rows": 1, "Plan Width": 8, "Actual Rows": 1, "Actual Loops": 2, "Workers": [], "Plans": [{"Node Type": "Hash Join", "Parent Relationship": "Outer", "Parallel Aware": false, "Async Capable": false, "Join Type": "Inner", "Startup Cost": 1193.89, "Total Cost": 4053.57, "Plan Rows": 1.0, "Plan Width": 0, "Actual Rows": 1216, "Actual Loops": 2, "Inner Unique": false, "Hash Cond": "(c.userid = u.id)", "Workers": [], "Plans": [{"Node Type": "Seq Scan", "Parent Relationship": "Outer", "Parallel Aware": true, "Async Capable": false, "Relation Name": "comments", "Alias": "c", "Startup Cost": 0.0, "Total Cost": 2625.65, "Plan Rows": 62400, "Plan Width": 4, "Actual Rows": 53090, "Actual Loops": 2, "Filter": "(creationdate >= '2012-10-29 13:18:31'::timestamp without time zone)", "Rows Removed by Filter": 34062, "Workers": []}, {"Node Type": "Hash", "Parent Relationship": "Inner", "Parallel Aware": false, "Async Capable": false, "Startup Cost": 1193.88, "Total Cost": 1193.88, "Plan Rows": 1.0, "Plan Width": 8, "Actual Rows": 5, "Actual Loops": 2, "Hash Buckets": 1024, "Original Hash Buckets": 1024, "Hash Batches": 1, "Original Hash Batches": 1, "Peak Memory Usage": 9, "Workers": [], "Plans": [{"Node Type": "Nested Loop", "Parent Relationship": "Outer", "Parallel Aware": false, "Async Capable": false, "Join Type": "Inner", "Startup Cost": 0.29, "Total Cost": 1193.88, "Plan Rows": 1.0, "Plan Width": 8, "Actual Rows": 5, "Actual Loops": 2, "Inner Unique": false, "Workers": [], "Plans": [{"Node Type": "Seq Scan", "Parent Relationship": "Outer", "Parallel Aware": false, "Async Capable": false, "Relation Name": "users", "Alias": "u", "Startup Cost": 0.0, "Total Cost": 1002.69, "Plan Rows": 13, "Plan Width": 4, "Actual Rows": 22, "Actual Loops": 2, "Filter": "((reputation >= 8710) AND (creationdate >= '2010-09-21 03:18:31'::timestamp without time zone) AND (creationdate <= '2013-03-29 17:59:30'::timestamp without time zone))", "Rows Removed by Filter": 40303, "Workers": []}, {"Node Type": "Index Scan", "Parent Relationship": "Inner", "Parallel Aware": false, "Async Capable": false, "Scan Direction": "Forward", "Index Name": "idx_posts_owneruserid", "Relation Name": "posts", "Alias": "p", "Startup Cost": 0.29, "Total Cost": 14.7, "Plan Rows": 1, "Plan Width": 4, "Actual Rows": 0, "Actual Loops": 44, "Index Cond": "(owneruserid = u.id)", "Rows Removed by Index Recheck": 0, "Filter": "((answercount >= 1) AND (answercount <= 79) AND (commentcount >= 7) AND (commentcount <= 24) AND (creationdate >= '2012-12-18 05:12:59'::timestamp without time zone) AND (creationdate <= '2013-12-31 13:00:08'::timestamp without time zone))", "Rows Removed by Filter": 350, "Workers": []}]}]}]}]}]}]}, "Planning Time": 0.998, "Triggers": [], "Execution Time": 31.159}, {"Plan": {"Node Type": "Aggregate", "Strategy": "Plain", "Partial Mode": "Simple", "Parallel Aware": false, "Async Capable": false, "Startup Cost": 4820.34, "Total Cost": 4820.35, "Plan Rows": 1, "Plan Width": 8, "Actual Rows": 1, "Actual Loops": 1, "Plans": [{"Node Type": "Nested Loop", "Parent Relationship": "Outer", "Parallel Aware": false, "Async Capable": false, "Join Type": "Inner", "Startup Cost": 1003.14, "Total Cost": 4820.19, "Plan Rows": 1.0, "Plan Width": 0, "Actual Rows": 2432, "Actual Loops": 1, "Inner Unique": false, "Join Filter": "(p.owneruserid = u.id)", "Rows Removed by Join Filter": 0, "Plans": [{"Node Type": "Hash Join", "Parent Relationship": "Outer", "Parallel Aware": false, "Async Capable": false, "Join Type": "Inner", "Startup Cost": 1002.85, "Total Cost": 4804.16, "Plan Rows": 12.0, "Plan Width": 8, "Actual Rows": 13211, "Actual Loops": 1, "Inner Unique": true, "Hash Cond": "(c.userid = u.id)", "Plans": [{"Node Type": "Seq Scan", "Parent Relationship": "Outer", "Parallel Aware": false, "Async Capable": false, "Relation Name": "comments", "Alias": "c", "Startup Cost": 0.0, "Total Cost": 3522.81, "Plan Rows": 106080, "Plan Width": 4, "Actual Rows": 106180, "Actual Loops": 1, "Filter": "(creationdate >= '2012-10-29 13:18:31'::timestamp without time zone)", "Rows Removed by Filter": 68125}, {"Node Type": "Hash", "Parent Relationship": "Inner", "Parallel Aware": false, "Async Capable": false, "Startup Cost": 1002.69, "Total Cost": 1002.69, "Plan Rows": 13, "Plan Width": 4, "Actual Rows": 22, "Actual Loops": 1, "Hash Buckets": 1024, "Original Hash Buckets": 1024, "Hash Batches": 1, "Original Hash Batches": 1, "Peak Memory Usage": 9, "Plans": [{"Node Type": "Seq Scan", "Parent Relationship": "Outer", "Parallel Aware": false, "Async Capable": false, "Relation Name": "users", "Alias": "u", "Startup Cost": 0.0, "Total Cost": 1002.69, "Plan Rows": 13, "Plan Width": 4, "Actual Rows": 22, "Actual Loops": 1, "Filter": "((reputation >= 8710) AND (creationdate >= '2010-09-21 03:18:31'::timestamp without time zone) AND (creationdate <= '2013-03-29 17:59:30'::timestamp without time zone))", "Rows Removed by Filter": 40303}]}]}, {"Node Type": "Index Scan", "Parent Relationship": "Inner", "Parallel Aware": false, "Async Capable": false, "Scan Direction": "Forward", "Index Name": "idx_posts_owneruserid", "Relation Name": "posts", "Alias": "p", "Startup Cost": 0.29, "Total Cost": 0.46, "Plan Rows": 1, "Plan Width": 4, "Actual Rows": 0, "Actual Loops": 13211, "Index Cond": "(owneruserid = c.userid)", "Rows Removed by Index Recheck": 0, "Filter": "((answercount >= 1) AND (answercount <= 79) AND (commentcount >= 7) AND (commentcount <= 24) AND (creationdate >= '2012-12-18 05:12:59'::timestamp without time zone) AND (creationdate <= '2013-12-31 13:00:08'::timestamp without time zone))", "Rows Removed by Filter": 413}]}]}, "Planning Time": 1.248, "Triggers": [], "Execution Time": 1047.174}]