[{"Plan": {"Node Type": "Aggregate", "Strategy": "Plain", "Partial Mode": "Simple", "Parallel Aware": false, "Async Capable": false, "Startup Cost": 1230.96, "Total Cost": 1230.97, "Plan Rows": 1, "Plan Width": 8, "Actual Rows": 1, "Actual Loops": 1, "Plans": [{"Node Type": "Nested Loop", "Parent Relationship": "Outer", "Parallel Aware": false, "Async Capable": false, "Join Type": "Inner", "Startup Cost": 0.87, "Total Cost": 1230.96, "Plan Rows": 1.0, "Plan Width": 0, "Actual Rows": 16, "Actual Loops": 1, "Inner Unique": false, "Plans": [{"Node Type": "Nested Loop", "Parent Relationship": "Outer", "Parallel Aware": false, "Async Capable": false, "Join Type": "Inner", "Startup Cost": 0.58, "Total Cost": 1219.61, "Plan Rows": 2.0, "Plan Width": 4, "Actual Rows": 8, "Actual Loops": 1, "Inner Unique": false, "Join Filter": "(p.owneruserid = u.id)", "Rows Removed by Join Filter": 0, "Plans": [{"Node Type": "Nested Loop", "Parent Relationship": "Outer", "Parallel Aware": false, "Async Capable": false, "Join Type": "Inner", "Startup Cost": 0.29, "Total Cost": 1217.53, "Plan Rows": 193.0, "Plan Width": 8, "Actual Rows": 252, "Actual Loops": 1, "Inner Unique": false, "Plans": [{"Node Type": "Seq Scan", "Parent Relationship": "Outer", "Parallel Aware": false, "Async Capable": false, "Relation Name": "users", "Alias": "u", "Startup Cost": 0.0, "Total Cost": 1103.5, "Plan Rows": 9, "Plan Width": 4, "Actual Rows": 17, "Actual Loops": 1, "Filter": "((views <= 14862) AND (downvotes >= 36) AND (creationdate >= '2010-12-14 20:25:43'::timestamp without time zone) AND (creationdate <= '2012-04-23 23:10:20'::timestamp without time zone))", "Rows Removed by Filter": 40308}, {"Node Type": "Index Scan", "Parent Relationship": "Inner", "Parallel Aware": false, "Async Capable": false, "Scan Direction": "Forward", "Index Name": "idx_badges_userid", "Relation Name": "badges", "Alias": "b", "Startup Cost": 0.29, "Total Cost": 12.66, "Plan Rows": 1, "Plan Width": 4, "Actual Rows": 15, "Actual Loops": 17, "Index Cond": "(userid = u.id)", "Rows Removed by Index Recheck": 0, "Filter": "(date <= '2012-02-20 08:39:32'::timestamp without time zone)", "Rows Removed by Filter": 61}]}, {"Node Type": "Index Scan", "Parent Relationship": "Inner", "Parallel Aware": false, "Async Capable": false, "Scan Direction": "Forward", "Index Name": "idx_posts_owneruserid", "Relation Name": "posts", "Alias": "p", "Startup Cost": 0.29, "Total Cost": 0.68, "Plan Rows": 1, "Plan Width": 8, "Actual Rows": 0, "Actual Loops": 252, "Index Cond": "(owneruserid = b.userid)", "Rows Removed by Index Recheck": 0, "Filter": "((score >= 0) AND (score <= 75) AND (answercount <= 135) AND (favoritecount >= 7) AND (favoritecount <= 139) AND (commentcount = 16))", "Rows Removed by Filter": 254}]}, {"Node Type": "Index Scan", "Parent Relationship": "Inner", "Parallel Aware": false, "Async Capable": false, "Scan Direction": "Forward", "Index Name": "idx_postlinks_relatedpostid", "Relation Name": "postlinks", "Alias": "pl", "Startup Cost": 0.29, "Total Cost": 11.34, "Plan Rows": 1, "Plan Width": 4, "Actual Rows": 2, "Actual Loops": 8, "Index Cond": "(relatedpostid = p.id)", "Rows Removed by Index Recheck": 0, "Filter": "(creationdate <= '2013-11-14 23:50:49'::timestamp without time zone)", "Rows Removed by Filter": 2}]}]}, "Planning Time": 0.794, "Triggers": [], "Execution Time": 15.62}, {"Plan": {"Node Type": "Aggregate", "Strategy": "Plain", "Partial Mode": "Simple", "Parallel Aware": false, "Async Capable": false, "Startup Cost": 4267.89, "Total Cost": 4267.9, "Plan Rows": 1, "Plan Width": 8, "Actual Rows": 1, "Actual Loops": 1, "Plans": [{"Node Type": "Nested Loop", "Parent Relationship": "Outer", "Parallel Aware": false, "Async Capable": false, "Join Type": "Inner", "Startup Cost": 0.58, "Total Cost": 4267.88, "Plan Rows": 1.0, "Plan Width": 0, "Actual Rows": 16, "Actual Loops": 1, "Inner Unique": false, "Join Filter": "(p.owneruserid = u.id)", "Rows Removed by Join Filter": 1480, "Plans": [{"Node Type": "Seq Scan", "Parent Relationship": "Outer", "Parallel Aware": false, "Async Capable": false, "Relation Name": "users", "Alias": "u", "Startup Cost": 0.0, "Total Cost": 1103.5, "Plan Rows": 9, "Plan Width": 4, "Actual Rows": 17, "Actual Loops": 1, "Filter": "((views <= 14862) AND (downvotes >= 36) AND (creationdate >= '2010-12-14 20:25:43'::timestamp without time zone) AND (creationdate <= '2012-04-23 23:10:20'::timestamp without time zone))", "Rows Removed by Filter": 40308}, {"Node Type": "Materialize", "Parent Relationship": "Inner", "Parallel Aware": false, "Async Capable": false, "Startup Cost": 0.58, "Total Cost": 3163.46, "Plan Rows": 25.0, "Plan Width": 8, "Actual Rows": 88, "Actual Loops": 17, "Plans": [{"Node Type": "Nested Loop", "Parent Relationship": "Outer", "Parallel Aware": false, "Async Capable": false, "Join Type": "Inner", "Startup Cost": 0.58, "Total Cost": 3163.42, "Plan Rows": 25.0, "Plan Width": 8, "Actual Rows": 88, "Actual Loops": 1, "Inner Unique": false, "Plans": [{"Node Type": "Nested Loop", "Parent Relationship": "Outer", "Parallel Aware": false, "Async Capable": false, "Join Type": "Inner", "Startup Cost": 0.29, "Total Cost": 3150.75, "Plan Rows": 3.0, "Plan Width": 4, "Actual Rows": 11, "Actual Loops": 1, "Inner Unique": false, "Plans": [{"Node Type": "Seq Scan", "Parent Relationship": "Outer", "Parallel Aware": false, "Async Capable": false, "Relation Name": "posts", "Alias": "p", "Startup Cost": 0.0, "Total Cost": 3139.4, "Plan Rows": 1, "Plan Width": 8, "Actual Rows": 2, "Actual Loops": 1, "Filter": "((score >= 0) AND (score <= 75) AND (answercount <= 135) AND (favoritecount >= 7) AND (favoritecount <= 139) AND (commentcount = 16))", "Rows Removed by Filter": 91974}, {"Node Type": "Index Scan", "Parent Relationship": "Inner", "Parallel Aware": false, "Async Capable": false, "Scan Direction": "Forward", "Index Name": "idx_postlinks_relatedpostid", "Relation Name": "postlinks", "Alias": "pl", "Startup Cost": 0.29, "Total Cost": 11.34, "Plan Rows": 1, "Plan Width": 4, "Actual Rows": 6, "Actual Loops": 2, "Index Cond": "(relatedpostid = p.id)", "Rows Removed by Index Recheck": 0, "Filter": "(creationdate <= '2013-11-14 23:50:49'::timestamp without time zone)", "Rows Removed by Filter": 3}]}, {"Node Type": "Index Scan", "Parent Relationship": "Inner", "Parallel Aware": false, "Async Capable": false, "Scan Direction": "Forward", "Index Name": "idx_badges_userid", "Relation Name": "badges", "Alias": "b", "Startup Cost": 0.29, "Total Cost": 12.66, "Plan Rows": 1, "Plan Width": 4, "Actual Rows": 8, "Actual Loops": 11, "Index Cond": "(userid = p.owneruserid)", "Rows Removed by Index Recheck": 0, "Filter": "(date <= '2012-02-20 08:39:32'::timestamp without time zone)", "Rows Removed by Filter": 9}]}]}]}]}, "Planning Time": 0.791, "Triggers": [], "Execution Time": 12.698}, {"Plan": {"Node Type": "Aggregate", "Strategy": "Plain", "Partial Mode": "Simple", "Parallel Aware": false, "Async Capable": false, "Startup Cost": 3166.49, "Total Cost": 3166.5, "Plan Rows": 1, "Plan Width": 8, "Actual Rows": 1, "Actual Loops": 1, "Plans": [{"Node Type": "Nested Loop", "Parent Relationship": "Outer", "Parallel Aware": false, "Async Capable": false, "Join Type": "Inner", "Startup Cost": 0.87, "Total Cost": 3166.49, "Plan Rows": 1.0, "Plan Width": 0, "Actual Rows": 16, "Actual Loops": 1, "Inner Unique": true, "Join Filter": "(p.owneruserid = u.id)", "Rows Removed by Join Filter": 0, "Plans": [{"Node Type": "Nested Loop", "Parent Relationship": "Outer", "Parallel Aware": false, "Async Capable": false, "Join Type": "Inner", "Startup Cost": 0.58, "Total Cost": 3163.42, "Plan Rows": 25.0, "Plan Width": 8, "Actual Rows": 88, "Actual Loops": 1, "Inner Unique": false, "Plans": [{"Node Type": "Nested Loop", "Parent Relationship": "Outer", "Parallel Aware": false, "Async Capable": false, "Join Type": "Inner", "Startup Cost": 0.29, "Total Cost": 3150.75, "Plan Rows": 3.0, "Plan Width": 4, "Actual Rows": 11, "Actual Loops": 1, "Inner Unique": false, "Plans": [{"Node Type": "Seq Scan", "Parent Relationship": "Outer", "Parallel Aware": false, "Async Capable": false, "Relation Name": "posts", "Alias": "p", "Startup Cost": 0.0, "Total Cost": 3139.4, "Plan Rows": 1, "Plan Width": 8, "Actual Rows": 2, "Actual Loops": 1, "Filter": "((score >= 0) AND (score <= 75) AND (answercount <= 135) AND (favoritecount >= 7) AND (favoritecount <= 139) AND (commentcount = 16))", "Rows Removed by Filter": 91974}, {"Node Type": "Index Scan", "Parent Relationship": "Inner", "Parallel Aware": false, "Async Capable": false, "Scan Direction": "Forward", "Index Name": "idx_postlinks_relatedpostid", "Relation Name": "postlinks", "Alias": "pl", "Startup Cost": 0.29, "Total Cost": 11.34, "Plan Rows": 1, "Plan Width": 4, "Actual Rows": 6, "Actual Loops": 2, "Index Cond": "(relatedpostid = p.id)", "Rows Removed by Index Recheck": 0, "Filter": "(creationdate <= '2013-11-14 23:50:49'::timestamp without time zone)", "Rows Removed by Filter": 3}]}, {"Node Type": "Index Scan", "Parent Relationship": "Inner", "Parallel Aware": false, "Async Capable": false, "Scan Direction": "Forward", "Index Name": "idx_badges_userid", "Relation Name": "badges", "Alias": "b", "Startup Cost": 0.29, "Total Cost": 12.66, "Plan Rows": 1, "Plan Width": 4, "Actual Rows": 8, "Actual Loops": 11, "Index Cond": "(userid = p.owneruserid)", "Rows Removed by Index Recheck": 0, "Filter": "(date <= '2012-02-20 08:39:32'::timestamp without time zone)", "Rows Removed by Filter": 9}]}, {"Node Type": "Index Scan", "Parent Relationship": "Inner", "Parallel Aware": false, "Async Capable": false, "Scan Direction": "Forward", "Index Name": "users_pkey", "Relation Name": "users", "Alias": "u", "Startup Cost": 0.29, "Total Cost": 0.43, "Plan Rows": 1, "Plan Width": 4, "Actual Rows": 0, "Actual Loops": 88, "Index Cond": "(id = b.userid)", "Rows Removed by Index Recheck": 0, "Filter": "((views <= 14862) AND (downvotes >= 36) AND (creationdate >= '2010-12-14 20:25:43'::timestamp without time zone) AND (creationdate <= '2012-04-23 23:10:20'::timestamp without time zone))", "Rows Removed by Filter": 1}]}]}, "Planning Time": 0.786, "Triggers": [], "Execution Time": 8.99}, {"Plan": {"Node Type": "Aggregate", "Strategy": "Plain", "Partial Mode": "Simple", "Parallel Aware": false, "Async Capable": false, "Startup Cost": 1261.37, "Total Cost": 1261.38, "Plan Rows": 1, "Plan Width": 8, "Actual Rows": 1, "Actual Loops": 1, "Plans": [{"Node Type": "Nested Loop", "Parent Relationship": "Outer", "Parallel Aware": false, "Async Capable": false, "Join Type": "Inner", "Startup Cost": 0.87, "Total Cost": 1261.37, "Plan Rows": 1.0, "Plan Width": 0, "Actual Rows": 16, "Actual Loops": 1, "Inner Unique": false, "Plans": [{"Node Type": "Nested Loop", "Parent Relationship": "Outer", "Parallel Aware": false, "Async Capable": false, "Join Type": "Inner", "Startup Cost": 0.58, "Total Cost": 1248.7, "Plan Rows": 1.0, "Plan Width": 8, "Actual Rows": 2, "Actual Loops": 1, "Inner Unique": false, "Plans": [{"Node Type": "Nested Loop", "Parent Relationship": "Outer", "Parallel Aware": false, "Async Capable": false, "Join Type": "Inner", "Startup Cost": 0.29, "Total Cost": 1237.35, "Plan Rows": 1.0, "Plan Width": 12, "Actual Rows": 1, "Actual Loops": 1, "Inner Unique": false, "Plans": [{"Node Type": "Seq Scan", "Parent Relationship": "Outer", "Parallel Aware": false, "Async Capable": false, "Relation Name": "users", "Alias": "u", "Startup Cost": 0.0, "Total Cost": 1103.5, "Plan Rows": 9, "Plan Width": 4, "Actual Rows": 17, "Actual Loops": 1, "Filter": "((views <= 14862) AND (downvotes >= 36) AND (creationdate >= '2010-12-14 20:25:43'::timestamp without time zone) AND (creationdate <= '2012-04-23 23:10:20'::timestamp without time zone))", "Rows Removed by Filter": 40308}, {"Node Type": "Index Scan", "Parent Relationship": "Inner", "Parallel Aware": false, "Async Capable": false, "Scan Direction": "Forward", "Index Name": "idx_posts_owneruserid", "Relation Name": "posts", "Alias": "p", "Startup Cost": 0.29, "Total Cost": 14.86, "Plan Rows": 1, "Plan Width": 8, "Actual Rows": 0, "Actual Loops": 17, "Index Cond": "(owneruserid = u.id)", "Rows Removed by Index Recheck": 0, "Filter": "((score >= 0) AND (score <= 75) AND (answercount <= 135) AND (favoritecount >= 7) AND (favoritecount <= 139) AND (commentcount = 16))", "Rows Removed by Filter": 231}]}, {"Node Type": "Index Scan", "Parent Relationship": "Inner", "Parallel Aware": false, "Async Capable": false, "Scan Direction": "Forward", "Index Name": "idx_postlinks_relatedpostid", "Relation Name": "postlinks", "Alias": "pl", "Startup Cost": 0.29, "Total Cost": 11.34, "Plan Rows": 1, "Plan Width": 4, "Actual Rows": 2, "Actual Loops": 1, "Index Cond": "(relatedpostid = p.id)", "Rows Removed by Index Recheck": 0, "Filter": "(creationdate <= '2013-11-14 23:50:49'::timestamp without time zone)", "Rows Removed by Filter": 2}]}, {"Node Type": "Index Scan", "Parent Relationship": "Inner", "Parallel Aware": false, "Async Capable": false, "Scan Direction": "Forward", "Index Name": "idx_badges_userid", "Relation Name": "badges", "Alias": "b", "Startup Cost": 0.29, "Total Cost": 12.66, "Plan Rows": 1, "Plan Width": 4, "Actual Rows": 8, "Actual Loops": 2, "Index Cond": "(userid = u.id)", "Rows Removed by Index Recheck": 0, "Filter": "(date <= '2012-02-20 08:39:32'::timestamp without time zone)", "Rows Removed by Filter": 37}]}]}, "Planning Time": 0.727, "Triggers": [], "Execution Time": 3.458}, {"Plan": {"Node Type": "Aggregate", "Strategy": "Plain", "Partial Mode": "Simple", "Parallel Aware": false, "Async Capable": false, "Startup Cost": 1465.47, "Total Cost": 1465.48, "Plan Rows": 1, "Plan Width": 8, "Actual Rows": 1, "Actual Loops": 1, "Plans": [{"Node Type": "Hash Join", "Parent Relationship": "Outer", "Parallel Aware": false, "Async Capable": false, "Join Type": "Inner", "Startup Cost": 1219.62, "Total Cost": 1465.46, "Plan Rows": 1.0, "Plan Width": 0, "Actual Rows": 16, "Actual Loops": 1, "Inner Unique": false, "Hash Cond": "(pl.relatedpostid = p.id)", "Plans": [{"Node Type": "Seq Scan", "Parent Relationship": "Outer", "Parallel Aware": false, "Async Capable": false, "Relation Name": "postlinks", "Alias": "pl", "Startup Cost": 0.0, "Total Cost": 220.78, "Plan Rows": 6682, "Plan Width": 4, "Actual Rows": 6682, "Actual Loops": 1, "Filter": "(creationdate <= '2013-11-14 23:50:49'::timestamp without time zone)", "Rows Removed by Filter": 4420}, {"Node Type": "Hash", "Parent Relationship": "Inner", "Parallel Aware": false, "Async Capable": false, "Startup Cost": 1219.61, "Total Cost": 1219.61, "Plan Rows": 2.0, "Plan Width": 4, "Actual Rows": 8, "Actual Loops": 1, "Hash Buckets": 1024, "Original Hash Buckets": 1024, "Hash Batches": 1, "Original Hash Batches": 1, "Peak Memory Usage": 9, "Plans": [{"Node Type": "Nested Loop", "Parent Relationship": "Outer", "Parallel Aware": false, "Async Capable": false, "Join Type": "Inner", "Startup Cost": 0.58, "Total Cost": 1219.61, "Plan Rows": 2.0, "Plan Width": 4, "Actual Rows": 8, "Actual Loops": 1, "Inner Unique": false, "Join Filter": "(p.owneruserid = u.id)", "Rows Removed by Join Filter": 0, "Plans": [{"Node Type": "Nested Loop", "Parent Relationship": "Outer", "Parallel Aware": false, "Async Capable": false, "Join Type": "Inner", "Startup Cost": 0.29, "Total Cost": 1217.53, "Plan Rows": 193.0, "Plan Width": 8, "Actual Rows": 252, "Actual Loops": 1, "Inner Unique": false, "Plans": [{"Node Type": "Seq Scan", "Parent Relationship": "Outer", "Parallel Aware": false, "Async Capable": false, "Relation Name": "users", "Alias": "u", "Startup Cost": 0.0, "Total Cost": 1103.5, "Plan Rows": 9, "Plan Width": 4, "Actual Rows": 17, "Actual Loops": 1, "Filter": "((views <= 14862) AND (downvotes >= 36) AND (creationdate >= '2010-12-14 20:25:43'::timestamp without time zone) AND (creationdate <= '2012-04-23 23:10:20'::timestamp without time zone))", "Rows Removed by Filter": 40308}, {"Node Type": "Index Scan", "Parent Relationship": "Inner", "Parallel Aware": false, "Async Capable": false, "Scan Direction": "Forward", "Index Name": "idx_badges_userid", "Relation Name": "badges", "Alias": "b", "Startup Cost": 0.29, "Total Cost": 12.66, "Plan Rows": 1, "Plan Width": 4, "Actual Rows": 15, "Actual Loops": 17, "Index Cond": "(userid = u.id)", "Rows Removed by Index Recheck": 0, "Filter": "(date <= '2012-02-20 08:39:32'::timestamp without time zone)", "Rows Removed by Filter": 61}]}, {"Node Type": "Index Scan", "Parent Relationship": "Inner", "Parallel Aware": false, "Async Capable": false, "Scan Direction": "Forward", "Index Name": "idx_posts_owneruserid", "Relation Name": "posts", "Alias": "p", "Startup Cost": 0.29, "Total Cost": 0.68, "Plan Rows": 1, "Plan Width": 8, "Actual Rows": 0, "Actual Loops": 252, "Index Cond": "(owneruserid = b.userid)", "Rows Removed by Index Recheck": 0, "Filter": "((score >= 0) AND (score <= 75) AND (answercount <= 135) AND (favoritecount >= 7) AND (favoritecount <= 139) AND (commentcount = 16))", "Rows Removed by Filter": 254}]}]}]}]}, "Planning Time": 0.72, "Triggers": [], "Execution Time": 16.734}, {"Plan": {"Node Type": "Aggregate", "Strategy": "Plain", "Partial Mode": "Simple", "Parallel Aware": false, "Async Capable": false, "Startup Cost": 4368.33, "Total Cost": 4368.34, "Plan Rows": 1, "Plan Width": 8, "Actual Rows": 1, "Actual Loops": 1, "Plans": [{"Node Type": "Nested Loop", "Parent Relationship": "Outer", "Parallel Aware": false, "Async Capable": false, "Join Type": "Inner", "Startup Cost": 0.58, "Total Cost": 4368.33, "Plan Rows": 1.0, "Plan Width": 0, "Actual Rows": 16, "Actual Loops": 1, "Inner Unique": false, "Join Filter": "(p.owneruserid = u.id)", "Rows Removed by Join Filter": 2756, "Plans": [{"Node Type": "Nested Loop", "Parent Relationship": "Outer", "Parallel Aware": false, "Async Capable": false, "Join Type": "Inner", "Startup Cost": 0.29, "Total Cost": 1217.53, "Plan Rows": 193.0, "Plan Width": 8, "Actual Rows": 252, "Actual Loops": 1, "Inner Unique": false, "Plans": [{"Node Type": "Seq Scan", "Parent Relationship": "Outer", "Parallel Aware": false, "Async Capable": false, "Relation Name": "users", "Alias": "u", "Startup Cost": 0.0, "Total Cost": 1103.5, "Plan Rows": 9, "Plan Width": 4, "Actual Rows": 17, "Actual Loops": 1, "Filter": "((views <= 14862) AND (downvotes >= 36) AND (creationdate >= '2010-12-14 20:25:43'::timestamp without time zone) AND (creationdate <= '2012-04-23 23:10:20'::timestamp without time zone))", "Rows Removed by Filter": 40308}, {"Node Type": "Index Scan", "Parent Relationship": "Inner", "Parallel Aware": false, "Async Capable": false, "Scan Direction": "Forward", "Index Name": "idx_badges_userid", "Relation Name": "badges", "Alias": "b", "Startup Cost": 0.29, "Total Cost": 12.66, "Plan Rows": 1, "Plan Width": 4, "Actual Rows": 15, "Actual Loops": 17, "Index Cond": "(userid = u.id)", "Rows Removed by Index Recheck": 0, "Filter": "(date <= '2012-02-20 08:39:32'::timestamp without time zone)", "Rows Removed by Filter": 61}]}, {"Node Type": "Materialize", "Parent Relationship": "Inner", "Parallel Aware": false, "Async Capable": false, "Startup Cost": 0.29, "Total Cost": 3150.75, "Plan Rows": 3.0, "Plan Width": 4, "Actual Rows": 11, "Actual Loops": 252, "Plans": [{"Node Type": "Nested Loop", "Parent Relationship": "Outer", "Parallel Aware": false, "Async Capable": false, "Join Type": "Inner", "Startup Cost": 0.29, "Total Cost": 3150.75, "Plan Rows": 3.0, "Plan Width": 4, "Actual Rows": 11, "Actual Loops": 1, "Inner Unique": false, "Plans": [{"Node Type": "Seq Scan", "Parent Relationship": "Outer", "Parallel Aware": false, "Async Capable": false, "Relation Name": "posts", "Alias": "p", "Startup Cost": 0.0, "Total Cost": 3139.4, "Plan Rows": 1, "Plan Width": 8, "Actual Rows": 2, "Actual Loops": 1, "Filter": "((score >= 0) AND (score <= 75) AND (answercount <= 135) AND (favoritecount >= 7) AND (favoritecount <= 139) AND (commentcount = 16))", "Rows Removed by Filter": 91974}, {"Node Type": "Index Scan", "Parent Relationship": "Inner", "Parallel Aware": false, "Async Capable": false, "Scan Direction": "Forward", "Index Name": "idx_postlinks_relatedpostid", "Relation Name": "postlinks", "Alias": "pl", "Startup Cost": 0.29, "Total Cost": 11.34, "Plan Rows": 1, "Plan Width": 4, "Actual Rows": 6, "Actual Loops": 2, "Index Cond": "(relatedpostid = p.id)", "Rows Removed by Index Recheck": 0, "Filter": "(creationdate <= '2013-11-14 23:50:49'::timestamp without time zone)", "Rows Removed by Filter": 3}]}]}]}]}, "Planning Time": 0.786, "Triggers": [], "Execution Time": 12.834}, {"Plan": {"Node Type": "Aggregate", "Strategy": "Plain", "Partial Mode": "Simple", "Parallel Aware": false, "Async Capable": false, "Startup Cost": 1230.96, "Total Cost": 1230.97, "Plan Rows": 1, "Plan Width": 8, "Actual Rows": 1, "Actual Loops": 1, "Plans": [{"Node Type": "Nested Loop", "Parent Relationship": "Outer", "Parallel Aware": false, "Async Capable": false, "Join Type": "Inner", "Startup Cost": 0.87, "Total Cost": 1230.96, "Plan Rows": 1.0, "Plan Width": 0, "Actual Rows": 16, "Actual Loops": 1, "Inner Unique": false, "Plans": [{"Node Type": "Nested Loop", "Parent Relationship": "Outer", "Parallel Aware": false, "Async Capable": false, "Join Type": "Inner", "Startup Cost": 0.58, "Total Cost": 1219.61, "Plan Rows": 2.0, "Plan Width": 4, "Actual Rows": 8, "Actual Loops": 1, "Inner Unique": false, "Join Filter": "(p.owneruserid = u.id)", "Rows Removed by Join Filter": 0, "Plans": [{"Node Type": "Nested Loop", "Parent Relationship": "Outer", "Parallel Aware": false, "Async Capable": false, "Join Type": "Inner", "Startup Cost": 0.29, "Total Cost": 1217.53, "Plan Rows": 193.0, "Plan Width": 8, "Actual Rows": 252, "Actual Loops": 1, "Inner Unique": false, "Plans": [{"Node Type": "Seq Scan", "Parent Relationship": "Outer", "Parallel Aware": false, "Async Capable": false, "Relation Name": "users", "Alias": "u", "Startup Cost": 0.0, "Total Cost": 1103.5, "Plan Rows": 9, "Plan Width": 4, "Actual Rows": 17, "Actual Loops": 1, "Filter": "((views <= 14862) AND (downvotes >= 36) AND (creationdate >= '2010-12-14 20:25:43'::timestamp without time zone) AND (creationdate <= '2012-04-23 23:10:20'::timestamp without time zone))", "Rows Removed by Filter": 40308}, {"Node Type": "Index Scan", "Parent Relationship": "Inner", "Parallel Aware": false, "Async Capable": false, "Scan Direction": "Forward", "Index Name": "idx_badges_userid", "Relation Name": "badges", "Alias": "b", "Startup Cost": 0.29, "Total Cost": 12.66, "Plan Rows": 1, "Plan Width": 4, "Actual Rows": 15, "Actual Loops": 17, "Index Cond": "(userid = u.id)", "Rows Removed by Index Recheck": 0, "Filter": "(date <= '2012-02-20 08:39:32'::timestamp without time zone)", "Rows Removed by Filter": 61}]}, {"Node Type": "Index Scan", "Parent Relationship": "Inner", "Parallel Aware": false, "Async Capable": false, "Scan Direction": "Forward", "Index Name": "idx_posts_owneruserid", "Relation Name": "posts", "Alias": "p", "Startup Cost": 0.29, "Total Cost": 0.68, "Plan Rows": 1, "Plan Width": 8, "Actual Rows": 0, "Actual Loops": 252, "Index Cond": "(owneruserid = b.userid)", "Rows Removed by Index Recheck": 0, "Filter": "((score >= 0) AND (score <= 75) AND (answercount <= 135) AND (favoritecount >= 7) AND (favoritecount <= 139) AND (commentcount = 16))", "Rows Removed by Filter": 254}]}, {"Node Type": "Index Scan", "Parent Relationship": "Inner", "Parallel Aware": false, "Async Capable": false, "Scan Direction": "Forward", "Index Name": "idx_postlinks_relatedpostid", "Relation Name": "postlinks", "Alias": "pl", "Startup Cost": 0.29, "Total Cost": 11.34, "Plan Rows": 1, "Plan Width": 4, "Actual Rows": 2, "Actual Loops": 8, "Index Cond": "(relatedpostid = p.id)", "Rows Removed by Index Recheck": 0, "Filter": "(creationdate <= '2013-11-14 23:50:49'::timestamp without time zone)", "Rows Removed by Filter": 2}]}]}, "Planning Time": 0.718, "Triggers": [], "Execution Time": 15.157}, {"Plan": {"Node Type": "Aggregate", "Strategy": "Plain", "Partial Mode": "Simple", "Parallel Aware": false, "Async Capable": false, "Startup Cost": 2735.67, "Total Cost": 2735.68, "Plan Rows": 1, "Plan Width": 8, "Actual Rows": 1, "Actual Loops": 1, "Plans": [{"Node Type": "Hash Join", "Parent Relationship": "Outer", "Parallel Aware": false, "Async Capable": false, "Join Type": "Inner", "Startup Cost": 1248.71, "Total Cost": 2735.67, "Plan Rows": 1.0, "Plan Width": 0, "Actual Rows": 16, "Actual Loops": 1, "Inner Unique": false, "Hash Cond": "(b.userid = u.id)", "Plans": [{"Node Type": "Seq Scan", "Parent Relationship": "Outer", "Parallel Aware": false, "Async Capable": false, "Relation Name": "badges", "Alias": "b", "Startup Cost": 0.0, "Total Cost": 1430.14, "Plan Rows": 15150, "Plan Width": 4, "Actual Rows": 15116, "Actual Loops": 1, "Filter": "(date <= '2012-02-20 08:39:32'::timestamp without time zone)", "Rows Removed by Filter": 64735}, {"Node Type": "Hash", "Parent Relationship": "Inner", "Parallel Aware": false, "Async Capable": false, "Startup Cost": 1248.7, "Total Cost": 1248.7, "Plan Rows": 1.0, "Plan Width": 8, "Actual Rows": 2, "Actual Loops": 1, "Hash Buckets": 1024, "Original Hash Buckets": 1024, "Hash Batches": 1, "Original Hash Batches": 1, "Peak Memory Usage": 9, "Plans": [{"Node Type": "Nested Loop", "Parent Relationship": "Outer", "Parallel Aware": false, "Async Capable": false, "Join Type": "Inner", "Startup Cost": 0.58, "Total Cost": 1248.7, "Plan Rows": 1.0, "Plan Width": 8, "Actual Rows": 2, "Actual Loops": 1, "Inner Unique": false, "Plans": [{"Node Type": "Nested Loop", "Parent Relationship": "Outer", "Parallel Aware": false, "Async Capable": false, "Join Type": "Inner", "Startup Cost": 0.29, "Total Cost": 1237.35, "Plan Rows": 1.0, "Plan Width": 12, "Actual Rows": 1, "Actual Loops": 1, "Inner Unique": false, "Plans": [{"Node Type": "Seq Scan", "Parent Relationship": "Outer", "Parallel Aware": false, "Async Capable": false, "Relation Name": "users", "Alias": "u", "Startup Cost": 0.0, "Total Cost": 1103.5, "Plan Rows": 9, "Plan Width": 4, "Actual Rows": 17, "Actual Loops": 1, "Filter": "((views <= 14862) AND (downvotes >= 36) AND (creationdate >= '2010-12-14 20:25:43'::timestamp without time zone) AND (creationdate <= '2012-04-23 23:10:20'::timestamp without time zone))", "Rows Removed by Filter": 40308}, {"Node Type": "Index Scan", "Parent Relationship": "Inner", "Parallel Aware": false, "Async Capable": false, "Scan Direction": "Forward", "Index Name": "idx_posts_owneruserid", "Relation Name": "posts", "Alias": "p", "Startup Cost": 0.29, "Total Cost": 14.86, "Plan Rows": 1, "Plan Width": 8, "Actual Rows": 0, "Actual Loops": 17, "Index Cond": "(owneruserid = u.id)", "Rows Removed by Index Recheck": 0, "Filter": "((score >= 0) AND (score <= 75) AND (answercount <= 135) AND (favoritecount >= 7) AND (favoritecount <= 139) AND (commentcount = 16))", "Rows Removed by Filter": 231}]}, {"Node Type": "Index Scan", "Parent Relationship": "Inner", "Parallel Aware": false, "Async Capable": false, "Scan Direction": "Forward", "Index Name": "idx_postlinks_relatedpostid", "Relation Name": "postlinks", "Alias": "pl", "Startup Cost": 0.29, "Total Cost": 11.34, "Plan Rows": 1, "Plan Width": 4, "Actual Rows": 2, "Actual Loops": 1, "Index Cond": "(relatedpostid = p.id)", "Rows Removed by Index Recheck": 0, "Filter": "(creationdate <= '2013-11-14 23:50:49'::timestamp without time zone)", "Rows Removed by Filter": 2}]}]}]}]}, "Planning Time": 0.77, "Triggers": [], "Execution Time": 9.937}, {"Plan": {"Node Type": "Aggregate", "Strategy": "Plain", "Partial Mode": "Simple", "Parallel Aware": false, "Async Capable": false, "Startup Cost": 4368.32, "Total Cost": 4368.33, "Plan Rows": 1, "Plan Width": 8, "Actual Rows": 1, "Actual Loops": 1, "Plans": [{"Node Type": "Nested Loop", "Parent Relationship": "Outer", "Parallel Aware": false, "Async Capable": false, "Join Type": "Inner", "Startup Cost": 0.58, "Total Cost": 4368.32, "Plan Rows": 1.0, "Plan Width": 0, "Actual Rows": 16, "Actual Loops": 1, "Inner Unique": false, "Join Filter": "(p.owneruserid = u.id)", "Rows Removed by Join Filter": 2756, "Plans": [{"Node Type": "Nested Loop", "Parent Relationship": "Outer", "Parallel Aware": false, "Async Capable": false, "Join Type": "Inner", "Startup Cost": 0.29, "Total Cost": 3150.75, "Plan Rows": 3.0, "Plan Width": 4, "Actual Rows": 11, "Actual Loops": 1, "Inner Unique": false, "Plans": [{"Node Type": "Seq Scan", "Parent Relationship": "Outer", "Parallel Aware": false, "Async Capable": false, "Relation Name": "posts", "Alias": "p", "Startup Cost": 0.0, "Total Cost": 3139.4, "Plan Rows": 1, "Plan Width": 8, "Actual Rows": 2, "Actual Loops": 1, "Filter": "((score >= 0) AND (score <= 75) AND (answercount <= 135) AND (favoritecount >= 7) AND (favoritecount <= 139) AND (commentcount = 16))", "Rows Removed by Filter": 91974}, {"Node Type": "Index Scan", "Parent Relationship": "Inner", "Parallel Aware": false, "Async Capable": false, "Scan Direction": "Forward", "Index Name": "idx_postlinks_relatedpostid", "Relation Name": "postlinks", "Alias": "pl", "Startup Cost": 0.29, "Total Cost": 11.34, "Plan Rows": 1, "Plan Width": 4, "Actual Rows": 6, "Actual Loops": 2, "Index Cond": "(relatedpostid = p.id)", "Rows Removed by Index Recheck": 0, "Filter": "(creationdate <= '2013-11-14 23:50:49'::timestamp without time zone)", "Rows Removed by Filter": 3}]}, {"Node Type": "Nested Loop", "Parent Relationship": "Inner", "Parallel Aware": false, "Async Capable": false, "Join Type": "Inner", "Startup Cost": 0.29, "Total Cost": 1217.53, "Plan Rows": 193.0, "Plan Width": 8, "Actual Rows": 252, "Actual Loops": 11, "Inner Unique": false, "Plans": [{"Node Type": "Seq Scan", "Parent Relationship": "Outer", "Parallel Aware": false, "Async Capable": false, "Relation Name": "users", "Alias": "u", "Startup Cost": 0.0, "Total Cost": 1103.5, "Plan Rows": 9, "Plan Width": 4, "Actual Rows": 17, "Actual Loops": 11, "Filter": "((views <= 14862) AND (downvotes >= 36) AND (creationdate >= '2010-12-14 20:25:43'::timestamp without time zone) AND (creationdate <= '2012-04-23 23:10:20'::timestamp without time zone))", "Rows Removed by Filter": 40308}, {"Node Type": "Index Scan", "Parent Relationship": "Inner", "Parallel Aware": false, "Async Capable": false, "Scan Direction": "Forward", "Index Name": "idx_badges_userid", "Relation Name": "badges", "Alias": "b", "Startup Cost": 0.29, "Total Cost": 12.66, "Plan Rows": 1, "Plan Width": 4, "Actual Rows": 15, "Actual Loops": 187, "Index Cond": "(userid = u.id)", "Rows Removed by Index Recheck": 0, "Filter": "(date <= '2012-02-20 08:39:32'::timestamp without time zone)", "Rows Removed by Filter": 61}]}]}]}, "Planning Time": 0.878, "Triggers": [], "Execution Time": 38.061}]