[{"Plan": {"Node Type": "Aggregate", "Strategy": "Plain", "Partial Mode": "Simple", "Parallel Aware": false, "Async Capable": false, "Startup Cost": 1827.36, "Total Cost": 1827.37, "Plan Rows": 1, "Plan Width": 8, "Actual Rows": 1, "Actual Loops": 1, "Plans": [{"Node Type": "Nested Loop", "Parent Relationship": "Outer", "Parallel Aware": false, "Async Capable": false, "Join Type": "Inner", "Startup Cost": 0.71, "Total Cost": 1777.3, "Plan Rows": 7.0, "Plan Width": 0, "Actual Rows": 1288615, "Actual Loops": 1, "Inner Unique": false, "Plans": [{"Node Type": "Nested Loop", "Parent Relationship": "Outer", "Parallel Aware": false, "Async Capable": false, "Join Type": "Inner", "Startup Cost": 0.29, "Total Cost": 1679.07, "Plan Rows": 11.0, "Plan Width": 8, "Actual Rows": 2857, "Actual Loops": 1, "Inner Unique": false, "Plans": [{"Node Type": "Seq Scan", "Parent Relationship": "Outer", "Parallel Aware": false, "Async Capable": false, "Relation Name": "users", "Alias": "u", "Startup Cost": 0.0, "Total Cost": 1002.69, "Plan Rows": 51, "Plan Width": 4, "Actual Rows": 9, "Actual Loops": 1, "Filter": "((reputation >= 5467) AND (upvotes <= 6800) AND (creationdate >= '2012-03-25 21:27:03'::timestamp without time zone))", "Rows Removed by Filter": 40316}, {"Node Type": "Index Scan", "Parent Relationship": "Inner", "Parallel Aware": false, "Async Capable": false, "Scan Direction": "Forward", "Index Name": "idx_posts_owneruserid", "Relation Name": "posts", "Alias": "p", "Startup Cost": 0.29, "Total Cost": 13.22, "Plan Rows": 4, "Plan Width": 4, "Actual Rows": 317, "Actual Loops": 9, "Index Cond": "(owneruserid = u.id)", "Rows Removed by Index Recheck": 0, "Filter": "(score >= '-16'::integer)", "Rows Removed by Filter": 0}]}, {"Node Type": "Index Scan", "Parent Relationship": "Inner", "Parallel Aware": false, "Async Capable": false, "Scan Direction": "Forward", "Index Name": "idx_posthistory_userid", "Relation Name": "posthistory", "Alias": "ph", "Startup Cost": 0.42, "Total Cost": 0.81, "Plan Rows": 4, "Plan Width": 4, "Actual Rows": 451, "Actual Loops": 2857, "Index Cond": "(userid = p.owneruserid)", "Rows Removed by Index Recheck": 0, "Filter": "(creationdate >= '2013-12-27 00:56:17'::timestamp without time zone)", "Rows Removed by Filter": 1039}]}]}, "Planning Time": 0.723, "Triggers": [], "Execution Time": 585.509}, {"Plan": {"Node Type": "Aggregate", "Strategy": "Plain", "Partial Mode": "Simple", "Parallel Aware": false, "Async Capable": false, "Startup Cost": 2880.29, "Total Cost": 2880.3, "Plan Rows": 1, "Plan Width": 8, "Actual Rows": 1, "Actual Loops": 1, "Plans": [{"Node Type": "Nested Loop", "Parent Relationship": "Outer", "Parallel Aware": false, "Async Capable": false, "Join Type": "Inner", "Startup Cost": 0.71, "Total Cost": 2830.23, "Plan Rows": 7.0, "Plan Width": 0, "Actual Rows": 1288615, "Actual Loops": 1, "Inner Unique": false, "Join Filter": "(p.owneruserid = u.id)", "Rows Removed by Join Filter": 0, "Plans": [{"Node Type": "Nested Loop", "Parent Relationship": "Outer", "Parallel Aware": false, "Async Capable": false, "Join Type": "Inner", "Startup Cost": 0.42, "Total Cost": 2781.32, "Plan Rows": 14.0, "Plan Width": 8, "Actual Rows": 4289, "Actual Loops": 1, "Inner Unique": false, "Plans": [{"Node Type": "Seq Scan", "Parent Relationship": "Outer", "Parallel Aware": false, "Async Capable": false, "Relation Name": "users", "Alias": "u", "Startup Cost": 0.0, "Total Cost": 1002.69, "Plan Rows": 51, "Plan Width": 4, "Actual Rows": 9, "Actual Loops": 1, "Filter": "((reputation >= 5467) AND (upvotes <= 6800) AND (creationdate >= '2012-03-25 21:27:03'::timestamp without time zone))", "Rows Removed by Filter": 40316}, {"Node Type": "Index Scan", "Parent Relationship": "Inner", "Parallel Aware": false, "Async Capable": false, "Scan Direction": "Forward", "Index Name": "idx_posthistory_userid", "Relation Name": "posthistory", "Alias": "ph", "Startup Cost": 0.42, "Total Cost": 34.84, "Plan Rows": 4, "Plan Width": 4, "Actual Rows": 477, "Actual Loops": 9, "Index Cond": "(userid = u.id)", "Rows Removed by Index Recheck": 0, "Filter": "(creationdate >= '2013-12-27 00:56:17'::timestamp without time zone)", "Rows Removed by Filter": 754}]}, {"Node Type": "Index Scan", "Parent Relationship": "Inner", "Parallel Aware": false, "Async Capable": false, "Scan Direction": "Forward", "Index Name": "idx_posts_owneruserid", "Relation Name": "posts", "Alias": "p", "Startup Cost": 0.29, "Total Cost": 0.42, "Plan Rows": 4, "Plan Width": 4, "Actual Rows": 300, "Actual Loops": 4289, "Index Cond": "(owneruserid = ph.userid)", "Rows Removed by Index Recheck": 0, "Filter": "(score >= '-16'::integer)", "Rows Removed by Filter": 0}]}]}, "Planning Time": 0.62, "Triggers": [], "Execution Time": 296.155}, {"Plan": {"Node Type": "Aggregate", "Strategy": "Plain", "Partial Mode": "Finalize", "Parallel Aware": false, "Async Capable": false, "Startup Cost": 42900.17, "Total Cost": 42900.18, "Plan Rows": 1, "Plan Width": 8, "Actual Rows": 1, "Actual Loops": 1, "Plans": [{"Node Type": "Gather", "Parent Relationship": "Outer", "Parallel Aware": false, "Async Capable": false, "Startup Cost": 42900.05, "Total Cost": 42900.16, "Plan Rows": 1, "Plan Width": 8, "Actual Rows": 2, "Actual Loops": 1, "Workers Planned": 1, "Workers Launched": 1, "Single Copy": false, "Plans": [{"Node Type": "Aggregate", "Strategy": "Plain", "Partial Mode": "Partial", "Parent Relationship": "Outer", "Parallel Aware": false, "Async Capable": false, "Startup Cost": 41900.05, "Total Cost": 41900.06, "Plan Rows": 1, "Plan Width": 8, "Actual Rows": 1, "Actual Loops": 2, "Workers": [], "Plans": [{"Node Type": "Hash Join", "Parent Relationship": "Outer", "Parallel Aware": false, "Async Capable": false, "Join Type": "Inner", "Startup Cost": 1003.63, "Total Cost": 41870.6, "Plan Rows": 7.0, "Plan Width": 0, "Actual Rows": 644308, "Actual Loops": 2, "Inner Unique": true, "Hash Cond": "(p.owneruserid = u.id)", "Workers": [], "Plans": [{"Node Type": "Nested Loop", "Parent Relationship": "Outer", "Parallel Aware": false, "Async Capable": false, "Join Type": "Inner", "Startup Cost": 0.3, "Total Cost": 16037.3, "Plan Rows": 318.0, "Plan Width": 8, "Actual Rows": 7400551, "Actual Loops": 2, "Inner Unique": false, "Workers": [], "Plans": [{"Node Type": "Seq Scan", "Parent Relationship": "Outer", "Parallel Aware": true, "Async Capable": false, "Relation Name": "posthistory", "Alias": "ph", "Startup Cost": 0.0, "Total Cost": 4469.32, "Plan Rows": 52705, "Plan Width": 4, "Actual Rows": 44751, "Actual Loops": 2, "Filter": "(creationdate >= '2013-12-27 00:56:17'::timestamp without time zone)", "Rows Removed by Filter": 106842, "Workers": []}, {"Node Type": "Memoize", "Parent Relationship": "Inner", "Parallel Aware": false, "Async Capable": false, "Startup Cost": 0.3, "Total Cost": 0.43, "Plan Rows": 4, "Plan Width": 4, "Actual Rows": 165, "Actual Loops": 89502, "Cache Key": "ph.userid", "Cache Mode": "logical", "Cache Hits": 37073, "Cache Misses": 5989, "Cache Evictions": 0, "Cache Overflows": 0, "Peak Memory Usage": 2283, "Workers": [{"Worker Number": 0, "Cache Hits": 40124, "Cache Misses": 6316, "Cache Evictions": 0, "Cache Overflows": 0, "Peak Memory Usage": 2344}], "Plans": [{"Node Type": "Index Scan", "Parent Relationship": "Outer", "Parallel Aware": false, "Async Capable": false, "Scan Direction": "Forward", "Index Name": "idx_posts_owneruserid", "Relation Name": "posts", "Alias": "p", "Startup Cost": 0.29, "Total Cost": 0.42, "Plan Rows": 4, "Plan Width": 4, "Actual Rows": 9, "Actual Loops": 12305, "Index Cond": "(owneruserid = ph.userid)", "Rows Removed by Index Recheck": 0, "Filter": "(score >= '-16'::integer)", "Rows Removed by Filter": 0, "Workers": []}]}]}, {"Node Type": "Hash", "Parent Relationship": "Inner", "Parallel Aware": false, "Async Capable": false, "Startup Cost": 1002.69, "Total Cost": 1002.69, "Plan Rows": 51, "Plan Width": 4, "Actual Rows": 9, "Actual Loops": 2, "Hash Buckets": 1024, "Original Hash Buckets": 1024, "Hash Batches": 1, "Original Hash Batches": 1, "Peak Memory Usage": 9, "Workers": [], "Plans": [{"Node Type": "Seq Scan", "Parent Relationship": "Outer", "Parallel Aware": false, "Async Capable": false, "Relation Name": "users", "Alias": "u", "Startup Cost": 0.0, "Total Cost": 1002.69, "Plan Rows": 51, "Plan Width": 4, "Actual Rows": 9, "Actual Loops": 2, "Filter": "((reputation >= 5467) AND (upvotes <= 6800) AND (creationdate >= '2012-03-25 21:27:03'::timestamp without time zone))", "Rows Removed by Filter": 40316, "Workers": []}]}]}]}]}]}, "Planning Time": 1.808, "Triggers": [], "Execution Time": 680.519}, {"Plan": {"Node Type": "Aggregate", "Strategy": "Plain", "Partial Mode": "Simple", "Parallel Aware": false, "Async Capable": false, "Startup Cost": 1827.36, "Total Cost": 1827.37, "Plan Rows": 1, "Plan Width": 8, "Actual Rows": 1, "Actual Loops": 1, "Plans": [{"Node Type": "Nested Loop", "Parent Relationship": "Outer", "Parallel Aware": false, "Async Capable": false, "Join Type": "Inner", "Startup Cost": 0.71, "Total Cost": 1777.3, "Plan Rows": 7.0, "Plan Width": 0, "Actual Rows": 1288615, "Actual Loops": 1, "Inner Unique": false, "Plans": [{"Node Type": "Nested Loop", "Parent Relationship": "Outer", "Parallel Aware": false, "Async Capable": false, "Join Type": "Inner", "Startup Cost": 0.29, "Total Cost": 1679.07, "Plan Rows": 11.0, "Plan Width": 8, "Actual Rows": 2857, "Actual Loops": 1, "Inner Unique": false, "Plans": [{"Node Type": "Seq Scan", "Parent Relationship": "Outer", "Parallel Aware": false, "Async Capable": false, "Relation Name": "users", "Alias": "u", "Startup Cost": 0.0, "Total Cost": 1002.69, "Plan Rows": 51, "Plan Width": 4, "Actual Rows": 9, "Actual Loops": 1, "Filter": "((reputation >= 5467) AND (upvotes <= 6800) AND (creationdate >= '2012-03-25 21:27:03'::timestamp without time zone))", "Rows Removed by Filter": 40316}, {"Node Type": "Index Scan", "Parent Relationship": "Inner", "Parallel Aware": false, "Async Capable": false, "Scan Direction": "Forward", "Index Name": "idx_posts_owneruserid", "Relation Name": "posts", "Alias": "p", "Startup Cost": 0.29, "Total Cost": 13.22, "Plan Rows": 4, "Plan Width": 4, "Actual Rows": 317, "Actual Loops": 9, "Index Cond": "(owneruserid = u.id)", "Rows Removed by Index Recheck": 0, "Filter": "(score >= '-16'::integer)", "Rows Removed by Filter": 0}]}, {"Node Type": "Index Scan", "Parent Relationship": "Inner", "Parallel Aware": false, "Async Capable": false, "Scan Direction": "Forward", "Index Name": "idx_posthistory_userid", "Relation Name": "posthistory", "Alias": "ph", "Startup Cost": 0.42, "Total Cost": 0.81, "Plan Rows": 4, "Plan Width": 4, "Actual Rows": 451, "Actual Loops": 2857, "Index Cond": "(userid = p.owneruserid)", "Rows Removed by Index Recheck": 0, "Filter": "(creationdate >= '2013-12-27 00:56:17'::timestamp without time zone)", "Rows Removed by Filter": 1039}]}]}, "Planning Time": 1.164, "Triggers": [], "Execution Time": 597.42}, {"Plan": {"Node Type": "Aggregate", "Strategy": "Plain", "Partial Mode": "Simple", "Parallel Aware": false, "Async Capable": false, "Startup Cost": 107406.27, "Total Cost": 107406.28, "Plan Rows": 1, "Plan Width": 8, "Actual Rows": 1, "Actual Loops": 1, "Plans": [{"Node Type": "Merge Join", "Parent Relationship": "Outer", "Parallel Aware": false, "Async Capable": false, "Join Type": "Inner", "Startup Cost": 1.01, "Total Cost": 107356.21, "Plan Rows": 7.0, "Plan Width": 0, "Actual Rows": 1288615, "Actual Loops": 1, "Inner Unique": false, "Merge Cond": "(u.id = p.owneruserid)", "Plans": [{"Node Type": "Index Scan", "Parent Relationship": "Outer", "Parallel Aware": false, "Async Capable": false, "Scan Direction": "Forward", "Index Name": "users_pkey", "Relation Name": "users", "Alias": "u", "Startup Cost": 0.29, "Total Cost": 1659.6, "Plan Rows": 51, "Plan Width": 4, "Actual Rows": 9, "Actual Loops": 1, "Filter": "((reputation >= 5467) AND (upvotes <= 6800) AND (creationdate >= '2012-03-25 21:27:03'::timestamp without time zone))", "Rows Removed by Filter": 40316}, {"Node Type": "Materialize", "Parent Relationship": "Inner", "Parallel Aware": false, "Async Capable": false, "Startup Cost": 0.72, "Total Cost": 66920.6, "Plan Rows": 318.0, "Plan Width": 8, "Actual Rows": 14300675, "Actual Loops": 1, "Plans": [{"Node Type": "Nested Loop", "Parent Relationship": "Outer", "Parallel Aware": false, "Async Capable": false, "Join Type": "Inner", "Startup Cost": 0.72, "Total Cost": 26723.86, "Plan Rows": 318.0, "Plan Width": 8, "Actual Rows": 14300675, "Actual Loops": 1, "Inner Unique": false, "Plans": [{"Node Type": "Index Scan", "Parent Relationship": "Outer", "Parallel Aware": false, "Async Capable": false, "Scan Direction": "Forward", "Index Name": "idx_posthistory_userid", "Relation Name": "posthistory", "Alias": "ph", "Startup Cost": 0.42, "Total Cost": 12849.99, "Plan Rows": 89598, "Plan Width": 4, "Actual Rows": 43455, "Actual Loops": 1, "Filter": "(creationdate >= '2013-12-27 00:56:17'::timestamp without time zone)", "Rows Removed by Filter": 191616}, {"Node Type": "Memoize", "Parent Relationship": "Inner", "Parallel Aware": false, "Async Capable": false, "Startup Cost": 0.3, "Total Cost": 0.43, "Plan Rows": 4, "Plan Width": 4, "Actual Rows": 329, "Actual Loops": 43455, "Cache Key": "ph.userid", "Cache Mode": "logical", "Cache Hits": 41119, "Cache Misses": 2336, "Cache Evictions": 0, "Cache Overflows": 0, "Peak Memory Usage": 1786, "Plans": [{"Node Type": "Index Scan", "Parent Relationship": "Outer", "Parallel Aware": false, "Async Capable": false, "Scan Direction": "Forward", "Index Name": "idx_posts_owneruserid", "Relation Name": "posts", "Alias": "p", "Startup Cost": 0.29, "Total Cost": 0.42, "Plan Rows": 4, "Plan Width": 4, "Actual Rows": 20, "Actual Loops": 2336, "Index Cond": "(owneruserid = ph.userid)", "Rows Removed by Index Recheck": 0, "Filter": "(score >= '-16'::integer)", "Rows Removed by Filter": 0}]}]}]}]}]}, "Planning Time": 1.6, "Triggers": [], "Execution Time": 3206.354}, {"Plan": {"Node Type": "Aggregate", "Strategy": "Plain", "Partial Mode": "Finalize", "Parallel Aware": false, "Async Capable": false, "Startup Cost": 10525.83, "Total Cost": 10525.84, "Plan Rows": 1, "Plan Width": 8, "Actual Rows": 1, "Actual Loops": 1, "Plans": [{"Node Type": "Gather", "Parent Relationship": "Outer", "Parallel Aware": false, "Async Capable": false, "Startup Cost": 10525.72, "Total Cost": 10525.83, "Plan Rows": 1, "Plan Width": 8, "Actual Rows": 2, "Actual Loops": 1, "Workers Planned": 1, "Workers Launched": 1, "Single Copy": false, "Plans": [{"Node Type": "Aggregate", "Strategy": "Plain", "Partial Mode": "Partial", "Parent Relationship": "Outer", "Parallel Aware": false, "Async Capable": false, "Startup Cost": 9525.72, "Total Cost": 9525.73, "Plan Rows": 1, "Plan Width": 8, "Actual Rows": 1, "Actual Loops": 2, "Workers": [], "Plans": [{"Node Type": "Hash Join", "Parent Relationship": "Outer", "Parallel Aware": false, "Async Capable": false, "Join Type": "Inner", "Startup Cost": 1680.51, "Total Cost": 9496.27, "Plan Rows": 7.0, "Plan Width": 0, "Actual Rows": 644308, "Actual Loops": 2, "Inner Unique": false, "Hash Cond": "(ph.userid = p.owneruserid)", "Workers": [], "Plans": [{"Node Type": "Seq Scan", "Parent Relationship": "Outer", "Parallel Aware": true, "Async Capable": false, "Relation Name": "posthistory", "Alias": "ph", "Startup Cost": 0.0, "Total Cost": 4469.32, "Plan Rows": 52705, "Plan Width": 4, "Actual Rows": 44751, "Actual Loops": 2, "Filter": "(creationdate >= '2013-12-27 00:56:17'::timestamp without time zone)", "Rows Removed by Filter": 106842, "Workers": []}, {"Node Type": "Hash", "Parent Relationship": "Inner", "Parallel Aware": false, "Async Capable": false, "Startup Cost": 1679.07, "Total Cost": 1679.07, "Plan Rows": 11.0, "Plan Width": 8, "Actual Rows": 2857, "Actual Loops": 2, "Hash Buckets": 4096, "Original Hash Buckets": 1024, "Hash Batches": 1, "Original Hash Batches": 1, "Peak Memory Usage": 144, "Workers": [], "Plans": [{"Node Type": "Nested Loop", "Parent Relationship": "Outer", "Parallel Aware": false, "Async Capable": false, "Join Type": "Inner", "Startup Cost": 0.29, "Total Cost": 1679.07, "Plan Rows": 11.0, "Plan Width": 8, "Actual Rows": 2857, "Actual Loops": 2, "Inner Unique": false, "Workers": [], "Plans": [{"Node Type": "Seq Scan", "Parent Relationship": "Outer", "Parallel Aware": false, "Async Capable": false, "Relation Name": "users", "Alias": "u", "Startup Cost": 0.0, "Total Cost": 1002.69, "Plan Rows": 51, "Plan Width": 4, "Actual Rows": 9, "Actual Loops": 2, "Filter": "((reputation >= 5467) AND (upvotes <= 6800) AND (creationdate >= '2012-03-25 21:27:03'::timestamp without time zone))", "Rows Removed by Filter": 40316, "Workers": []}, {"Node Type": "Index Scan", "Parent Relationship": "Inner", "Parallel Aware": false, "Async Capable": false, "Scan Direction": "Forward", "Index Name": "idx_posts_owneruserid", "Relation Name": "posts", "Alias": "p", "Startup Cost": 0.29, "Total Cost": 13.22, "Plan Rows": 4, "Plan Width": 4, "Actual Rows": 317, "Actual Loops": 18, "Index Cond": "(owneruserid = u.id)", "Rows Removed by Index Recheck": 0, "Filter": "(score >= '-16'::integer)", "Rows Removed by Filter": 0, "Workers": []}]}]}]}]}]}]}, "Planning Time": 2.663, "Triggers": [], "Execution Time": 89.531}, {"Plan": {"Node Type": "Aggregate", "Strategy": "Plain", "Partial Mode": "Finalize", "Parallel Aware": false, "Async Capable": false, "Startup Cost": 6669.45, "Total Cost": 6669.46, "Plan Rows": 1, "Plan Width": 8, "Actual Rows": 1, "Actual Loops": 1, "Plans": [{"Node Type": "Gather", "Parent Relationship": "Outer", "Parallel Aware": false, "Async Capable": false, "Startup Cost": 6669.34, "Total Cost": 6669.45, "Plan Rows": 1, "Plan Width": 8, "Actual Rows": 2, "Actual Loops": 1, "Workers Planned": 1, "Workers Launched": 1, "Single Copy": false, "Plans": [{"Node Type": "Aggregate", "Strategy": "Plain", "Partial Mode": "Partial", "Parent Relationship": "Outer", "Parallel Aware": false, "Async Capable": false, "Startup Cost": 5669.34, "Total Cost": 5669.35, "Plan Rows": 1, "Plan Width": 8, "Actual Rows": 1, "Actual Loops": 2, "Workers": [], "Plans": [{"Node Type": "Nested Loop", "Parent Relationship": "Outer", "Parallel Aware": false, "Async Capable": false, "Join Type": "Inner", "Startup Cost": 1003.62, "Total Cost": 5639.88, "Plan Rows": 7.0, "Plan Width": 0, "Actual Rows": 644308, "Actual Loops": 2, "Inner Unique": false, "Join Filter": "(p.owneruserid = u.id)", "Rows Removed by Join Filter": 0, "Workers": [], "Plans": [{"Node Type": "Hash Join", "Parent Relationship": "Outer", "Parallel Aware": false, "Async Capable": false, "Join Type": "Inner", "Startup Cost": 1003.33, "Total Cost": 5611.0, "Plan Rows": 14.0, "Plan Width": 8, "Actual Rows": 2144, "Actual Loops": 2, "Inner Unique": true, "Hash Cond": "(ph.userid = u.id)", "Workers": [], "Plans": [{"Node Type": "Seq Scan", "Parent Relationship": "Outer", "Parallel Aware": true, "Async Capable": false, "Relation Name": "posthistory", "Alias": "ph", "Startup Cost": 0.0, "Total Cost": 4469.32, "Plan Rows": 52705, "Plan Width": 4, "Actual Rows": 44751, "Actual Loops": 2, "Filter": "(creationdate >= '2013-12-27 00:56:17'::timestamp without time zone)", "Rows Removed by Filter": 106842, "Workers": []}, {"Node Type": "Hash", "Parent Relationship": "Inner", "Parallel Aware": false, "Async Capable": false, "Startup Cost": 1002.69, "Total Cost": 1002.69, "Plan Rows": 51, "Plan Width": 4, "Actual Rows": 9, "Actual Loops": 2, "Hash Buckets": 1024, "Original Hash Buckets": 1024, "Hash Batches": 1, "Original Hash Batches": 1, "Peak Memory Usage": 9, "Workers": [], "Plans": [{"Node Type": "Seq Scan", "Parent Relationship": "Outer", "Parallel Aware": false, "Async Capable": false, "Relation Name": "users", "Alias": "u", "Startup Cost": 0.0, "Total Cost": 1002.69, "Plan Rows": 51, "Plan Width": 4, "Actual Rows": 9, "Actual Loops": 2, "Filter": "((reputation >= 5467) AND (upvotes <= 6800) AND (creationdate >= '2012-03-25 21:27:03'::timestamp without time zone))", "Rows Removed by Filter": 40316, "Workers": []}]}]}, {"Node Type": "Index Scan", "Parent Relationship": "Inner", "Parallel Aware": false, "Async Capable": false, "Scan Direction": "Forward", "Index Name": "idx_posts_owneruserid", "Relation Name": "posts", "Alias": "p", "Startup Cost": 0.29, "Total Cost": 0.42, "Plan Rows": 4, "Plan Width": 4, "Actual Rows": 300, "Actual Loops": 4289, "Index Cond": "(owneruserid = ph.userid)", "Rows Removed by Index Recheck": 0, "Filter": "(score >= '-16'::integer)", "Rows Removed by Filter": 0, "Workers": []}]}]}]}]}, "Planning Time": 2.239, "Triggers": [], "Execution Time": 248.592}, {"Plan": {"Node Type": "Aggregate", "Strategy": "Plain", "Partial Mode": "Simple", "Parallel Aware": false, "Async Capable": false, "Startup Cost": 5284.63, "Total Cost": 5284.64, "Plan Rows": 1, "Plan Width": 8, "Actual Rows": 1, "Actual Loops": 1, "Plans": [{"Node Type": "Hash Join", "Parent Relationship": "Outer", "Parallel Aware": false, "Async Capable": false, "Join Type": "Inner", "Startup Cost": 2782.63, "Total Cost": 5234.56, "Plan Rows": 7.0, "Plan Width": 0, "Actual Rows": 1288615, "Actual Loops": 1, "Inner Unique": false, "Hash Cond": "(p.owneruserid = u.id)", "Plans": [{"Node Type": "Seq Scan", "Parent Relationship": "Outer", "Parallel Aware": false, "Async Capable": false, "Relation Name": "posts", "Alias": "p", "Startup Cost": 0.0, "Total Cost": 1989.7, "Plan Rows": 91974, "Plan Width": 4, "Actual Rows": 91974, "Actual Loops": 1, "Filter": "(score >= '-16'::integer)", "Rows Removed by Filter": 2}, {"Node Type": "Hash", "Parent Relationship": "Inner", "Parallel Aware": false, "Async Capable": false, "Startup Cost": 2781.32, "Total Cost": 2781.32, "Plan Rows": 14.0, "Plan Width": 8, "Actual Rows": 4289, "Actual Loops": 1, "Hash Buckets": 8192, "Original Hash Buckets": 1024, "Hash Batches": 1, "Original Hash Batches": 1, "Peak Memory Usage": 232, "Plans": [{"Node Type": "Nested Loop", "Parent Relationship": "Outer", "Parallel Aware": false, "Async Capable": false, "Join Type": "Inner", "Startup Cost": 0.42, "Total Cost": 2781.32, "Plan Rows": 14.0, "Plan Width": 8, "Actual Rows": 4289, "Actual Loops": 1, "Inner Unique": false, "Plans": [{"Node Type": "Seq Scan", "Parent Relationship": "Outer", "Parallel Aware": false, "Async Capable": false, "Relation Name": "users", "Alias": "u", "Startup Cost": 0.0, "Total Cost": 1002.69, "Plan Rows": 51, "Plan Width": 4, "Actual Rows": 9, "Actual Loops": 1, "Filter": "((reputation >= 5467) AND (upvotes <= 6800) AND (creationdate >= '2012-03-25 21:27:03'::timestamp without time zone))", "Rows Removed by Filter": 40316}, {"Node Type": "Index Scan", "Parent Relationship": "Inner", "Parallel Aware": false, "Async Capable": false, "Scan Direction": "Forward", "Index Name": "idx_posthistory_userid", "Relation Name": "posthistory", "Alias": "ph", "Startup Cost": 0.42, "Total Cost": 34.84, "Plan Rows": 4, "Plan Width": 4, "Actual Rows": 477, "Actual Loops": 9, "Index Cond": "(userid = u.id)", "Rows Removed by Index Recheck": 0, "Filter": "(creationdate >= '2013-12-27 00:56:17'::timestamp without time zone)", "Rows Removed by Filter": 754}]}]}]}]}, "Planning Time": 1.03, "Triggers": [], "Execution Time": 104.751}]