[{"Plan": {"Node Type": "Aggregate", "Strategy": "Plain", "Partial Mode": "Simple", "Parallel Aware": false, "Async Capable": false, "Startup Cost": 1766.11, "Total Cost": 1766.12, "Plan Rows": 1, "Plan Width": 8, "Actual Rows": 1, "Actual Loops": 1, "Plans": [{"Node Type": "Nested Loop", "Parent Relationship": "Outer", "Parallel Aware": false, "Async Capable": false, "Join Type": "Inner", "Startup Cost": 0.59, "Total Cost": 1766.0, "Plan Rows": 2.0, "Plan Width": 0, "Actual Rows": 3260, "Actual Loops": 1, "Inner Unique": false, "Plans": [{"Node Type": "Nested Loop", "Parent Relationship": "Outer", "Parallel Aware": false, "Async Capable": false, "Join Type": "Inner", "Startup Cost": 0.29, "Total Cost": 1729.14, "Plan Rows": 1.0, "Plan Width": 8, "Actual Rows": 3, "Actual Loops": 1, "Inner Unique": false, "Plans": [{"Node Type": "Seq Scan", "Parent Relationship": "Outer", "Parallel Aware": false, "Async Capable": false, "Relation Name": "users", "Alias": "u", "Startup Cost": 0.0, "Total Cost": 1002.69, "Plan Rows": 55, "Plan Width": 4, "Actual Rows": 38, "Actual Loops": 1, "Filter": "((reputation >= 4624) AND (creationdate >= '2010-12-28 12:42:17'::timestamp without time zone) AND (creationdate <= '2014-04-19 11:32:59'::timestamp without time zone))", "Rows Removed by Filter": 40287}, {"Node Type": "Index Scan", "Parent Relationship": "Inner", "Parallel Aware": false, "Async Capable": false, "Scan Direction": "Forward", "Index Name": "idx_posts_owneruserid", "Relation Name": "posts", "Alias": "p", "Startup Cost": 0.29, "Total Cost": 13.2, "Plan Rows": 1, "Plan Width": 4, "Actual Rows": 0, "Actual Loops": 38, "Index Cond": "(owneruserid = u.id)", "Rows Removed by Index Recheck": 0, "Filter": "((answercount >= 3) AND (answercount <= 26) AND (commentcount >= 8) AND (commentcount <= 12) AND (creationdate >= '2012-08-27 03:11:43'::timestamp without time zone) AND (creationdate <= '2014-01-22 23:38:23'::timestamp without time zone))", "Rows Removed by Filter": 287}]}, {"Node Type": "Index Scan", "Parent Relationship": "Inner", "Parallel Aware": false, "Async Capable": false, "Scan Direction": "Forward", "Index Name": "idx_comments_userid", "Relation Name": "comments", "Alias": "c", "Startup Cost": 0.29, "Total Cost": 36.73, "Plan Rows": 13, "Plan Width": 4, "Actual Rows": 1087, "Actual Loops": 3, "Index Cond": "(userid = u.id)", "Rows Removed by Index Recheck": 0, "Filter": "(creationdate >= '2010-03-27 02:18:00'::timestamp without time zone)", "Rows Removed by Filter": 0}]}]}, "Planning Time": 0.739, "Triggers": [], "Execution Time": 8.15}, {"Plan": {"Node Type": "Aggregate", "Strategy": "Plain", "Partial Mode": "Simple", "Parallel Aware": false, "Async Capable": false, "Startup Cost": 1766.11, "Total Cost": 1766.12, "Plan Rows": 1, "Plan Width": 8, "Actual Rows": 1, "Actual Loops": 1, "Plans": [{"Node Type": "Nested Loop", "Parent Relationship": "Outer", "Parallel Aware": false, "Async Capable": false, "Join Type": "Inner", "Startup Cost": 0.59, "Total Cost": 1766.0, "Plan Rows": 2.0, "Plan Width": 0, "Actual Rows": 3260, "Actual Loops": 1, "Inner Unique": false, "Plans": [{"Node Type": "Nested Loop", "Parent Relationship": "Outer", "Parallel Aware": false, "Async Capable": false, "Join Type": "Inner", "Startup Cost": 0.29, "Total Cost": 1729.14, "Plan Rows": 1.0, "Plan Width": 8, "Actual Rows": 3, "Actual Loops": 1, "Inner Unique": false, "Plans": [{"Node Type": "Seq Scan", "Parent Relationship": "Outer", "Parallel Aware": false, "Async Capable": false, "Relation Name": "users", "Alias": "u", "Startup Cost": 0.0, "Total Cost": 1002.69, "Plan Rows": 55, "Plan Width": 4, "Actual Rows": 38, "Actual Loops": 1, "Filter": "((reputation >= 4624) AND (creationdate >= '2010-12-28 12:42:17'::timestamp without time zone) AND (creationdate <= '2014-04-19 11:32:59'::timestamp without time zone))", "Rows Removed by Filter": 40287}, {"Node Type": "Index Scan", "Parent Relationship": "Inner", "Parallel Aware": false, "Async Capable": false, "Scan Direction": "Forward", "Index Name": "idx_posts_owneruserid", "Relation Name": "posts", "Alias": "p", "Startup Cost": 0.29, "Total Cost": 13.2, "Plan Rows": 1, "Plan Width": 4, "Actual Rows": 0, "Actual Loops": 38, "Index Cond": "(owneruserid = u.id)", "Rows Removed by Index Recheck": 0, "Filter": "((answercount >= 3) AND (answercount <= 26) AND (commentcount >= 8) AND (commentcount <= 12) AND (creationdate >= '2012-08-27 03:11:43'::timestamp without time zone) AND (creationdate <= '2014-01-22 23:38:23'::timestamp without time zone))", "Rows Removed by Filter": 287}]}, {"Node Type": "Index Scan", "Parent Relationship": "Inner", "Parallel Aware": false, "Async Capable": false, "Scan Direction": "Forward", "Index Name": "idx_comments_userid", "Relation Name": "comments", "Alias": "c", "Startup Cost": 0.29, "Total Cost": 36.73, "Plan Rows": 13, "Plan Width": 4, "Actual Rows": 1087, "Actual Loops": 3, "Index Cond": "(userid = u.id)", "Rows Removed by Index Recheck": 0, "Filter": "(creationdate >= '2010-03-27 02:18:00'::timestamp without time zone)", "Rows Removed by Filter": 0}]}]}, "Planning Time": 0.628, "Triggers": [], "Execution Time": 5.805}, {"Plan": {"Node Type": "Aggregate", "Strategy": "Plain", "Partial Mode": "Simple", "Parallel Aware": false, "Async Capable": false, "Startup Cost": 6172.68, "Total Cost": 6172.69, "Plan Rows": 1, "Plan Width": 8, "Actual Rows": 1, "Actual Loops": 1, "Plans": [{"Node Type": "Hash Join", "Parent Relationship": "Outer", "Parallel Aware": false, "Async Capable": false, "Join Type": "Inner", "Startup Cost": 3032.76, "Total Cost": 6172.57, "Plan Rows": 2.0, "Plan Width": 0, "Actual Rows": 3260, "Actual Loops": 1, "Inner Unique": false, "Hash Cond": "(p.owneruserid = u.id)", "Plans": [{"Node Type": "Seq Scan", "Parent Relationship": "Outer", "Parallel Aware": false, "Async Capable": false, "Relation Name": "posts", "Alias": "p", "Startup Cost": 0.0, "Total Cost": 3139.4, "Plan Rows": 53, "Plan Width": 4, "Actual Rows": 66, "Actual Loops": 1, "Filter": "((answercount >= 3) AND (answercount <= 26) AND (commentcount >= 8) AND (commentcount <= 12) AND (creationdate >= '2012-08-27 03:11:43'::timestamp without time zone) AND (creationdate <= '2014-01-22 23:38:23'::timestamp without time zone))", "Rows Removed by Filter": 91910}, {"Node Type": "Hash", "Parent Relationship": "Inner", "Parallel Aware": false, "Async Capable": false, "Startup Cost": 3029.85, "Total Cost": 3029.85, "Plan Rows": 73.0, "Plan Width": 8, "Actual Rows": 32508, "Actual Loops": 1, "Hash Buckets": 32768, "Original Hash Buckets": 1024, "Hash Batches": 1, "Original Hash Batches": 1, "Peak Memory Usage": 1526, "Plans": [{"Node Type": "Nested Loop", "Parent Relationship": "Outer", "Parallel Aware": false, "Async Capable": false, "Join Type": "Inner", "Startup Cost": 0.29, "Total Cost": 3029.85, "Plan Rows": 73.0, "Plan Width": 8, "Actual Rows": 32508, "Actual Loops": 1, "Inner Unique": false, "Plans": [{"Node Type": "Seq Scan", "Parent Relationship": "Outer", "Parallel Aware": false, "Async Capable": false, "Relation Name": "users", "Alias": "u", "Startup Cost": 0.0, "Total Cost": 1002.69, "Plan Rows": 55, "Plan Width": 4, "Actual Rows": 38, "Actual Loops": 1, "Filter": "((reputation >= 4624) AND (creationdate >= '2010-12-28 12:42:17'::timestamp without time zone) AND (creationdate <= '2014-04-19 11:32:59'::timestamp without time zone))", "Rows Removed by Filter": 40287}, {"Node Type": "Index Scan", "Parent Relationship": "Inner", "Parallel Aware": false, "Async Capable": false, "Scan Direction": "Forward", "Index Name": "idx_comments_userid", "Relation Name": "comments", "Alias": "c", "Startup Cost": 0.29, "Total Cost": 36.73, "Plan Rows": 13, "Plan Width": 4, "Actual Rows": 855, "Actual Loops": 38, "Index Cond": "(userid = u.id)", "Rows Removed by Index Recheck": 0, "Filter": "(creationdate >= '2010-03-27 02:18:00'::timestamp without time zone)", "Rows Removed by Filter": 0}]}]}]}]}, "Planning Time": 1.002, "Triggers": [], "Execution Time": 48.106}, {"Plan": {"Node Type": "Aggregate", "Strategy": "Plain", "Partial Mode": "Simple", "Parallel Aware": false, "Async Capable": false, "Startup Cost": 8730.21, "Total Cost": 8730.22, "Plan Rows": 1, "Plan Width": 8, "Actual Rows": 1, "Actual Loops": 1, "Plans": [{"Node Type": "Hash Join", "Parent Relationship": "Outer", "Parallel Aware": false, "Async Capable": false, "Join Type": "Inner", "Startup Cost": 5512.48, "Total Cost": 8730.1, "Plan Rows": 2.0, "Plan Width": 0, "Actual Rows": 3260, "Actual Loops": 1, "Inner Unique": false, "Hash Cond": "(u.id = p.owneruserid)", "Plans": [{"Node Type": "Seq Scan", "Parent Relationship": "Outer", "Parallel Aware": false, "Async Capable": false, "Relation Name": "users", "Alias": "u", "Startup Cost": 0.0, "Total Cost": 1002.69, "Plan Rows": 55, "Plan Width": 4, "Actual Rows": 38, "Actual Loops": 1, "Filter": "((reputation >= 4624) AND (creationdate >= '2010-12-28 12:42:17'::timestamp without time zone) AND (creationdate <= '2014-04-19 11:32:59'::timestamp without time zone))", "Rows Removed by Filter": 40287}, {"Node Type": "Hash", "Parent Relationship": "Inner", "Parallel Aware": false, "Async Capable": false, "Startup Cost": 5109.87, "Total Cost": 5109.87, "Plan Rows": 38.0, "Plan Width": 8, "Actual Rows": 14484, "Actual Loops": 1, "Hash Buckets": 32768, "Original Hash Buckets": 32768, "Hash Batches": 1, "Original Hash Batches": 1, "Peak Memory Usage": 822, "Plans": [{"Node Type": "Nested Loop", "Parent Relationship": "Outer", "Parallel Aware": false, "Async Capable": false, "Join Type": "Inner", "Startup Cost": 0.29, "Total Cost": 5109.87, "Plan Rows": 38.0, "Plan Width": 8, "Actual Rows": 14484, "Actual Loops": 1, "Inner Unique": false, "Plans": [{"Node Type": "Seq Scan", "Parent Relationship": "Outer", "Parallel Aware": false, "Async Capable": false, "Relation Name": "posts", "Alias": "p", "Startup Cost": 0.0, "Total Cost": 3139.4, "Plan Rows": 53, "Plan Width": 4, "Actual Rows": 66, "Actual Loops": 1, "Filter": "((answercount >= 3) AND (answercount <= 26) AND (commentcount >= 8) AND (commentcount <= 12) AND (creationdate >= '2012-08-27 03:11:43'::timestamp without time zone) AND (creationdate <= '2014-01-22 23:38:23'::timestamp without time zone))", "Rows Removed by Filter": 91910}, {"Node Type": "Index Scan", "Parent Relationship": "Inner", "Parallel Aware": false, "Async Capable": false, "Scan Direction": "Forward", "Index Name": "idx_comments_userid", "Relation Name": "comments", "Alias": "c", "Startup Cost": 0.29, "Total Cost": 37.05, "Plan Rows": 13, "Plan Width": 4, "Actual Rows": 219, "Actual Loops": 66, "Index Cond": "(userid = p.owneruserid)", "Rows Removed by Index Recheck": 0, "Filter": "(creationdate >= '2010-03-27 02:18:00'::timestamp without time zone)", "Rows Removed by Filter": 0}]}]}]}]}, "Planning Time": 1.033, "Triggers": [], "Execution Time": 29.444}, {"Plan": {"Node Type": "Aggregate", "Strategy": "Plain", "Partial Mode": "Simple", "Parallel Aware": false, "Async Capable": false, "Startup Cost": 6197.91, "Total Cost": 6197.92, "Plan Rows": 1, "Plan Width": 8, "Actual Rows": 1, "Actual Loops": 1, "Plans": [{"Node Type": "Hash Join", "Parent Relationship": "Outer", "Parallel Aware": false, "Async Capable": false, "Join Type": "Inner", "Startup Cost": 1003.67, "Total Cost": 6197.8, "Plan Rows": 2.0, "Plan Width": 0, "Actual Rows": 3260, "Actual Loops": 1, "Inner Unique": true, "Hash Cond": "(p.owneruserid = u.id)", "Plans": [{"Node Type": "Nested Loop", "Parent Relationship": "Outer", "Parallel Aware": false, "Async Capable": false, "Join Type": "Inner", "Startup Cost": 0.29, "Total Cost": 5109.87, "Plan Rows": 38.0, "Plan Width": 8, "Actual Rows": 14484, "Actual Loops": 1, "Inner Unique": false, "Plans": [{"Node Type": "Seq Scan", "Parent Relationship": "Outer", "Parallel Aware": false, "Async Capable": false, "Relation Name": "posts", "Alias": "p", "Startup Cost": 0.0, "Total Cost": 3139.4, "Plan Rows": 53, "Plan Width": 4, "Actual Rows": 66, "Actual Loops": 1, "Filter": "((answercount >= 3) AND (answercount <= 26) AND (commentcount >= 8) AND (commentcount <= 12) AND (creationdate >= '2012-08-27 03:11:43'::timestamp without time zone) AND (creationdate <= '2014-01-22 23:38:23'::timestamp without time zone))", "Rows Removed by Filter": 91910}, {"Node Type": "Index Scan", "Parent Relationship": "Inner", "Parallel Aware": false, "Async Capable": false, "Scan Direction": "Forward", "Index Name": "idx_comments_userid", "Relation Name": "comments", "Alias": "c", "Startup Cost": 0.29, "Total Cost": 37.05, "Plan Rows": 13, "Plan Width": 4, "Actual Rows": 219, "Actual Loops": 66, "Index Cond": "(userid = p.owneruserid)", "Rows Removed by Index Recheck": 0, "Filter": "(creationdate >= '2010-03-27 02:18:00'::timestamp without time zone)", "Rows Removed by Filter": 0}]}, {"Node Type": "Hash", "Parent Relationship": "Inner", "Parallel Aware": false, "Async Capable": false, "Startup Cost": 1002.69, "Total Cost": 1002.69, "Plan Rows": 55, "Plan Width": 4, "Actual Rows": 38, "Actual Loops": 1, "Hash Buckets": 1024, "Original Hash Buckets": 1024, "Hash Batches": 1, "Original Hash Batches": 1, "Peak Memory Usage": 10, "Plans": [{"Node Type": "Seq Scan", "Parent Relationship": "Outer", "Parallel Aware": false, "Async Capable": false, "Relation Name": "users", "Alias": "u", "Startup Cost": 0.0, "Total Cost": 1002.69, "Plan Rows": 55, "Plan Width": 4, "Actual Rows": 38, "Actual Loops": 1, "Filter": "((reputation >= 4624) AND (creationdate >= '2010-12-28 12:42:17'::timestamp without time zone) AND (creationdate <= '2014-04-19 11:32:59'::timestamp without time zone))", "Rows Removed by Filter": 40287}]}]}]}, "Planning Time": 0.925, "Triggers": [], "Execution Time": 22.151}, {"Plan": {"Node Type": "Aggregate", "Strategy": "Plain", "Partial Mode": "Simple", "Parallel Aware": false, "Async Capable": false, "Startup Cost": 3136.51, "Total Cost": 3136.52, "Plan Rows": 1, "Plan Width": 8, "Actual Rows": 1, "Actual Loops": 1, "Plans": [{"Node Type": "Nested Loop", "Parent Relationship": "Outer", "Parallel Aware": false, "Async Capable": false, "Join Type": "Inner", "Startup Cost": 0.59, "Total Cost": 3136.4, "Plan Rows": 2.0, "Plan Width": 0, "Actual Rows": 3260, "Actual Loops": 1, "Inner Unique": false, "Join Filter": "(p.owneruserid = u.id)", "Rows Removed by Join Filter": 0, "Plans": [{"Node Type": "Nested Loop", "Parent Relationship": "Outer", "Parallel Aware": false, "Async Capable": false, "Join Type": "Inner", "Startup Cost": 0.29, "Total Cost": 3029.85, "Plan Rows": 73.0, "Plan Width": 8, "Actual Rows": 32508, "Actual Loops": 1, "Inner Unique": false, "Plans": [{"Node Type": "Seq Scan", "Parent Relationship": "Outer", "Parallel Aware": false, "Async Capable": false, "Relation Name": "users", "Alias": "u", "Startup Cost": 0.0, "Total Cost": 1002.69, "Plan Rows": 55, "Plan Width": 4, "Actual Rows": 38, "Actual Loops": 1, "Filter": "((reputation >= 4624) AND (creationdate >= '2010-12-28 12:42:17'::timestamp without time zone) AND (creationdate <= '2014-04-19 11:32:59'::timestamp without time zone))", "Rows Removed by Filter": 40287}, {"Node Type": "Index Scan", "Parent Relationship": "Inner", "Parallel Aware": false, "Async Capable": false, "Scan Direction": "Forward", "Index Name": "idx_comments_userid", "Relation Name": "comments", "Alias": "c", "Startup Cost": 0.29, "Total Cost": 36.73, "Plan Rows": 13, "Plan Width": 4, "Actual Rows": 855, "Actual Loops": 38, "Index Cond": "(userid = u.id)", "Rows Removed by Index Recheck": 0, "Filter": "(creationdate >= '2010-03-27 02:18:00'::timestamp without time zone)", "Rows Removed by Filter": 0}]}, {"Node Type": "Index Scan", "Parent Relationship": "Inner", "Parallel Aware": false, "Async Capable": false, "Scan Direction": "Forward", "Index Name": "idx_posts_owneruserid", "Relation Name": "posts", "Alias": "p", "Startup Cost": 0.29, "Total Cost": 0.44, "Plan Rows": 1, "Plan Width": 4, "Actual Rows": 0, "Actual Loops": 32508, "Index Cond": "(owneruserid = c.userid)", "Rows Removed by Index Recheck": 0, "Filter": "((answercount >= 3) AND (answercount <= 26) AND (commentcount >= 8) AND (commentcount <= 12) AND (creationdate >= '2012-08-27 03:11:43'::timestamp without time zone) AND (creationdate <= '2014-01-22 23:38:23'::timestamp without time zone))", "Rows Removed by Filter": 393}]}]}, "Planning Time": 1.09, "Triggers": [], "Execution Time": 2144.919}, {"Plan": {"Node Type": "Aggregate", "Strategy": "Plain", "Partial Mode": "Finalize", "Parallel Aware": false, "Async Capable": false, "Startup Cost": 5738.9, "Total Cost": 5738.91, "Plan Rows": 1, "Plan Width": 8, "Actual Rows": 1, "Actual Loops": 1, "Plans": [{"Node Type": "Gather", "Parent Relationship": "Outer", "Parallel Aware": false, "Async Capable": false, "Startup Cost": 5738.79, "Total Cost": 5738.9, "Plan Rows": 1, "Plan Width": 8, "Actual Rows": 2, "Actual Loops": 1, "Workers Planned": 1, "Workers Launched": 1, "Single Copy": false, "Plans": [{"Node Type": "Aggregate", "Strategy": "Plain", "Partial Mode": "Partial", "Parent Relationship": "Outer", "Parallel Aware": false, "Async Capable": false, "Startup Cost": 4738.79, "Total Cost": 4738.8, "Plan Rows": 1, "Plan Width": 8, "Actual Rows": 1, "Actual Loops": 2, "Workers": [], "Plans": [{"Node Type": "Hash Join", "Parent Relationship": "Outer", "Parallel Aware": false, "Async Capable": false, "Join Type": "Inner", "Startup Cost": 1729.16, "Total Cost": 4738.73, "Plan Rows": 2.0, "Plan Width": 0, "Actual Rows": 1630, "Actual Loops": 2, "Inner Unique": false, "Hash Cond": "(c.userid = u.id)", "Workers": [], "Plans": [{"Node Type": "Seq Scan", "Parent Relationship": "Outer", "Parallel Aware": true, "Async Capable": false, "Relation Name": "comments", "Alias": "c", "Startup Cost": 0.0, "Total Cost": 2625.65, "Plan Rows": 102373, "Plan Width": 4, "Actual Rows": 87138, "Actual Loops": 2, "Filter": "(creationdate >= '2010-03-27 02:18:00'::timestamp without time zone)", "Rows Removed by Filter": 14, "Workers": []}, {"Node Type": "Hash", "Parent Relationship": "Inner", "Parallel Aware": false, "Async Capable": false, "Startup Cost": 1729.14, "Total Cost": 1729.14, "Plan Rows": 1.0, "Plan Width": 8, "Actual Rows": 3, "Actual Loops": 2, "Hash Buckets": 1024, "Original Hash Buckets": 1024, "Hash Batches": 1, "Original Hash Batches": 1, "Peak Memory Usage": 9, "Workers": [], "Plans": [{"Node Type": "Nested Loop", "Parent Relationship": "Outer", "Parallel Aware": false, "Async Capable": false, "Join Type": "Inner", "Startup Cost": 0.29, "Total Cost": 1729.14, "Plan Rows": 1.0, "Plan Width": 8, "Actual Rows": 3, "Actual Loops": 2, "Inner Unique": false, "Workers": [], "Plans": [{"Node Type": "Seq Scan", "Parent Relationship": "Outer", "Parallel Aware": false, "Async Capable": false, "Relation Name": "users", "Alias": "u", "Startup Cost": 0.0, "Total Cost": 1002.69, "Plan Rows": 55, "Plan Width": 4, "Actual Rows": 38, "Actual Loops": 2, "Filter": "((reputation >= 4624) AND (creationdate >= '2010-12-28 12:42:17'::timestamp without time zone) AND (creationdate <= '2014-04-19 11:32:59'::timestamp without time zone))", "Rows Removed by Filter": 40287, "Workers": []}, {"Node Type": "Index Scan", "Parent Relationship": "Inner", "Parallel Aware": false, "Async Capable": false, "Scan Direction": "Forward", "Index Name": "idx_posts_owneruserid", "Relation Name": "posts", "Alias": "p", "Startup Cost": 0.29, "Total Cost": 13.2, "Plan Rows": 1, "Plan Width": 4, "Actual Rows": 0, "Actual Loops": 76, "Index Cond": "(owneruserid = u.id)", "Rows Removed by Index Recheck": 0, "Filter": "((answercount >= 3) AND (answercount <= 26) AND (commentcount >= 8) AND (commentcount <= 12) AND (creationdate >= '2012-08-27 03:11:43'::timestamp without time zone) AND (creationdate <= '2014-01-22 23:38:23'::timestamp without time zone))", "Rows Removed by Filter": 287, "Workers": []}]}]}]}]}]}]}, "Planning Time": 1.229, "Triggers": [], "Execution Time": 37.678}]