[{"Plan": {"Node Type": "Aggregate", "Strategy": "Plain", "Partial Mode": "Finalize", "Parallel Aware": false, "Async Capable": false, "Startup Cost": 10295.23, "Total Cost": 10295.24, "Plan Rows": 1, "Plan Width": 8, "Actual Rows": 1, "Actual Loops": 1, "Plans": [{"Node Type": "Gather", "Parent Relationship": "Outer", "Parallel Aware": false, "Async Capable": false, "Startup Cost": 10295.12, "Total Cost": 10295.23, "Plan Rows": 1, "Plan Width": 8, "Actual Rows": 2, "Actual Loops": 1, "Workers Planned": 1, "Workers Launched": 1, "Single Copy": false, "Plans": [{"Node Type": "Aggregate", "Strategy": "Plain", "Partial Mode": "Partial", "Parent Relationship": "Outer", "Parallel Aware": false, "Async Capable": false, "Startup Cost": 9295.12, "Total Cost": 9295.13, "Plan Rows": 1, "Plan Width": 8, "Actual Rows": 1, "Actual Loops": 2, "Workers": [], "Plans": [{"Node Type": "Nested Loop", "Parent Relationship": "Outer", "Parallel Aware": false, "Async Capable": false, "Join Type": "Inner", "Startup Cost": 1.45, "Total Cost": 8126.03, "Plan Rows": 5319.0, "Plan Width": 0, "Actual Rows": 24990, "Actual Loops": 2, "Inner Unique": false, "Join Filter": "(ph.userid = u.id)", "Rows Removed by Join Filter": 0, "Workers": [], "Plans": [{"Node Type": "Nested Loop", "Parent Relationship": "Outer", "Parallel Aware": false, "Async Capable": false, "Join Type": "Inner", "Startup Cost": 1.01, "Total Cost": 4709.17, "Plan Rows": 47444.0, "Plan Width": 12, "Actual Rows": 2485, "Actual Loops": 2, "Inner Unique": false, "Join Filter": "(u.id = b.userid)", "Rows Removed by Join Filter": 0, "Workers": [], "Plans": [{"Node Type": "Merge Join", "Parent Relationship": "Outer", "Parallel Aware": false, "Async Capable": false, "Join Type": "Inner", "Startup Cost": 0.71, "Total Cost": 3055.74, "Plan Rows": 4226.0, "Plan Width": 8, "Actual Rows": 292, "Actual Loops": 2, "Inner Unique": true, "Merge Cond": "(v.userid = u.id)", "Workers": [], "Plans": [{"Node Type": "Index Scan", "Parent Relationship": "Outer", "Parallel Aware": true, "Async Capable": false, "Scan Direction": "Forward", "Index Name": "idx_votes_userid", "Relation Name": "votes", "Alias": "v", "Startup Cost": 0.42, "Total Cost": 10733.91, "Plan Rows": 87041, "Plan Width": 4, "Actual Rows": 6822, "Actual Loops": 2, "Filter": "(creationdate <= '2012-11-27 12:58:58'::timestamp without time zone)", "Rows Removed by Filter": 10574, "Workers": []}, {"Node Type": "Index Scan", "Parent Relationship": "Inner", "Parallel Aware": false, "Async Capable": false, "Scan Direction": "Forward", "Index Name": "users_pkey", "Relation Name": "users", "Alias": "u", "Startup Cost": 0.29, "Total Cost": 1760.41, "Plan Rows": 28596, "Plan Width": 4, "Actual Rows": 4264, "Actual Loops": 2, "Filter": "((reputation <= 80027) AND (views <= 4386) AND (creationdate >= '2012-09-08 17:34:32'::timestamp without time zone) AND (creationdate <= '2014-08-29 05:04:22'::timestamp without time zone))", "Rows Removed by Filter": 10879, "Workers": []}]}, {"Node Type": "Memoize", "Parent Relationship": "Inner", "Parallel Aware": false, "Async Capable": false, "Startup Cost": 0.3, "Total Cost": 0.38, "Plan Rows": 1, "Plan Width": 4, "Actual Rows": 8, "Actual Loops": 585, "Cache Key": "v.userid", "Cache Mode": "logical", "Cache Hits": 298, "Cache Misses": 103, "Cache Evictions": 0, "Cache Overflows": 0, "Peak Memory Usage": 16, "Workers": [{"Worker Number": 0, "Cache Hits": 99, "Cache Misses": 85, "Cache Evictions": 0, "Cache Overflows": 0, "Peak Memory Usage": 13}], "Plans": [{"Node Type": "Index Scan", "Parent Relationship": "Outer", "Parallel Aware": false, "Async Capable": false, "Scan Direction": "Forward", "Index Name": "idx_badges_userid", "Relation Name": "badges", "Alias": "b", "Startup Cost": 0.29, "Total Cost": 0.37, "Plan Rows": 1, "Plan Width": 4, "Actual Rows": 2, "Actual Loops": 188, "Index Cond": "(userid = v.userid)", "Rows Removed by Index Recheck": 0, "Filter": "(date <= '2013-03-18 21:16:06'::timestamp without time zone)", "Rows Removed by Filter": 2, "Workers": []}]}]}, {"Node Type": "Memoize", "Parent Relationship": "Inner", "Parallel Aware": false, "Async Capable": false, "Startup Cost": 0.43, "Total Cost": 0.78, "Plan Rows": 3, "Plan Width": 4, "Actual Rows": 10, "Actual Loops": 4970, "Cache Key": "v.userid", "Cache Mode": "logical", "Cache Hits": 4217, "Cache Misses": 75, "Cache Evictions": 0, "Cache Overflows": 0, "Peak Memory Usage": 16, "Workers": [{"Worker Number": 0, "Cache Hits": 622, "Cache Misses": 56, "Cache Evictions": 0, "Cache Overflows": 0, "Peak Memory Usage": 11}], "Plans": [{"Node Type": "Index Scan", "Parent Relationship": "Outer", "Parallel Aware": false, "Async Capable": false, "Scan Direction": "Forward", "Index Name": "idx_posthistory_userid", "Relation Name": "posthistory", "Alias": "ph", "Startup Cost": 0.42, "Total Cost": 0.77, "Plan Rows": 3, "Plan Width": 4, "Actual Rows": 4, "Actual Loops": 131, "Index Cond": "(userid = v.userid)", "Rows Removed by Index Recheck": 0, "Filter": "(posthistorytypeid = 5)", "Rows Removed by Filter": 15, "Workers": []}]}]}]}]}]}, "Planning Time": 2.881, "Triggers": [], "Execution Time": 36.026}, {"Plan": {"Node Type": "Aggregate", "Strategy": "Plain", "Partial Mode": "Finalize", "Parallel Aware": false, "Async Capable": false, "Startup Cost": 37862.16, "Total Cost": 37862.17, "Plan Rows": 1, "Plan Width": 8, "Actual Rows": 1, "Actual Loops": 1, "Plans": [{"Node Type": "Gather", "Parent Relationship": "Outer", "Parallel Aware": false, "Async Capable": false, "Startup Cost": 37862.04, "Total Cost": 37862.15, "Plan Rows": 1, "Plan Width": 8, "Actual Rows": 2, "Actual Loops": 1, "Workers Planned": 1, "Workers Launched": 1, "Single Copy": false, "Plans": [{"Node Type": "Aggregate", "Strategy": "Plain", "Partial Mode": "Partial", "Parent Relationship": "Outer", "Parallel Aware": false, "Async Capable": false, "Startup Cost": 36862.04, "Total Cost": 36862.05, "Plan Rows": 1, "Plan Width": 8, "Actual Rows": 1, "Actual Loops": 2, "Workers": [], "Plans": [{"Node Type": "Merge Join", "Parent Relationship": "Outer", "Parallel Aware": false, "Async Capable": false, "Join Type": "Inner", "Startup Cost": 1.44, "Total Cost": 35692.96, "Plan Rows": 5319.0, "Plan Width": 0, "Actual Rows": 24990, "Actual Loops": 2, "Inner Unique": false, "Merge Cond": "(u.id = b.userid)", "Workers": [], "Plans": [{"Node Type": "Merge Join", "Parent Relationship": "Outer", "Parallel Aware": false, "Async Capable": false, "Join Type": "Inner", "Startup Cost": 0.71, "Total Cost": 3055.74, "Plan Rows": 4226.0, "Plan Width": 8, "Actual Rows": 292, "Actual Loops": 2, "Inner Unique": true, "Merge Cond": "(v.userid = u.id)", "Workers": [], "Plans": [{"Node Type": "Index Scan", "Parent Relationship": "Outer", "Parallel Aware": true, "Async Capable": false, "Scan Direction": "Forward", "Index Name": "idx_votes_userid", "Relation Name": "votes", "Alias": "v", "Startup Cost": 0.42, "Total Cost": 10733.91, "Plan Rows": 87041, "Plan Width": 4, "Actual Rows": 6822, "Actual Loops": 2, "Filter": "(creationdate <= '2012-11-27 12:58:58'::timestamp without time zone)", "Rows Removed by Filter": 10574, "Workers": []}, {"Node Type": "Index Scan", "Parent Relationship": "Inner", "Parallel Aware": false, "Async Capable": false, "Scan Direction": "Forward", "Index Name": "users_pkey", "Relation Name": "users", "Alias": "u", "Startup Cost": 0.29, "Total Cost": 1760.41, "Plan Rows": 28596, "Plan Width": 4, "Actual Rows": 4389, "Actual Loops": 2, "Filter": "((reputation <= 80027) AND (views <= 4386) AND (creationdate >= '2012-09-08 17:34:32'::timestamp without time zone) AND (creationdate <= '2014-08-29 05:04:22'::timestamp without time zone))", "Rows Removed by Filter": 10879, "Workers": []}]}, {"Node Type": "Materialize", "Parent Relationship": "Inner", "Parallel Aware": false, "Async Capable": false, "Startup Cost": 0.72, "Total Cost": 26097.21, "Plan Rows": 1064.0, "Plan Width": 8, "Actual Rows": 2902870, "Actual Loops": 2, "Workers": [], "Plans": [{"Node Type": "Nested Loop", "Parent Relationship": "Outer", "Parallel Aware": false, "Async Capable": false, "Join Type": "Inner", "Startup Cost": 0.72, "Total Cost": 22137.54, "Plan Rows": 1064.0, "Plan Width": 8, "Actual Rows": 2879633, "Actual Loops": 2, "Inner Unique": false, "Workers": [], "Plans": [{"Node Type": "Index Scan", "Parent Relationship": "Outer", "Parallel Aware": false, "Async Capable": false, "Scan Direction": "Forward", "Index Name": "idx_posthistory_userid", "Relation Name": "posthistory", "Alias": "ph", "Startup Cost": 0.42, "Total Cost": 12849.99, "Plan Rows": 69426, "Plan Width": 4, "Actual Rows": 46706, "Actual Loops": 2, "Filter": "(posthistorytypeid = 5)", "Rows Removed by Filter": 125834, "Workers": []}, {"Node Type": "Memoize", "Parent Relationship": "Inner", "Parallel Aware": false, "Async Capable": false, "Startup Cost": 0.3, "Total Cost": 0.4, "Plan Rows": 1, "Plan Width": 4, "Actual Rows": 62, "Actual Loops": 93413, "Cache Key": "ph.userid", "Cache Mode": "logical", "Cache Hits": 43013, "Cache Misses": 3076, "Cache Evictions": 0, "Cache Overflows": 0, "Peak Memory Usage": 927, "Workers": [{"Worker Number": 0, "Cache Hits": 44178, "Cache Misses": 3146, "Cache Evictions": 0, "Cache Overflows": 0, "Peak Memory Usage": 939}], "Plans": [{"Node Type": "Index Scan", "Parent Relationship": "Outer", "Parallel Aware": false, "Async Capable": false, "Scan Direction": "Forward", "Index Name": "idx_badges_userid", "Relation Name": "badges", "Alias": "b", "Startup Cost": 0.29, "Total Cost": 0.39, "Plan Rows": 1, "Plan Width": 4, "Actual Rows": 7, "Actual Loops": 6222, "Index Cond": "(userid = ph.userid)", "Rows Removed by Index Recheck": 0, "Filter": "(date <= '2013-03-18 21:16:06'::timestamp without time zone)", "Rows Removed by Filter": 3, "Workers": []}]}]}]}]}]}]}]}, "Planning Time": 6.059, "Triggers": [], "Execution Time": 910.68}, {"Plan": {"Node Type": "Aggregate", "Strategy": "Plain", "Partial Mode": "Simple", "Parallel Aware": false, "Async Capable": false, "Startup Cost": 24723.96, "Total Cost": 24723.97, "Plan Rows": 1, "Plan Width": 8, "Actual Rows": 1, "Actual Loops": 1, "Plans": [{"Node Type": "Merge Join", "Parent Relationship": "Outer", "Parallel Aware": false, "Async Capable": false, "Join Type": "Inner", "Startup Cost": 1.99, "Total Cost": 22736.51, "Plan Rows": 5319.0, "Plan Width": 0, "Actual Rows": 49981, "Actual Loops": 1, "Inner Unique": false, "Merge Cond": "(b.userid = u.id)", "Plans": [{"Node Type": "Index Scan", "Parent Relationship": "Outer", "Parallel Aware": false, "Async Capable": false, "Scan Direction": "Forward", "Index Name": "idx_badges_userid", "Relation Name": "badges", "Alias": "b", "Startup Cost": 0.29, "Total Cost": 3064.97, "Plan Rows": 34788, "Plan Width": 4, "Actual Rows": 31392, "Actual Loops": 1, "Filter": "(date <= '2013-03-18 21:16:06'::timestamp without time zone)", "Rows Removed by Filter": 13119}, {"Node Type": "Materialize", "Parent Relationship": "Inner", "Parallel Aware": false, "Async Capable": false, "Startup Cost": 1.15, "Total Cost": 9331.27, "Plan Rows": 426.0, "Plan Width": 12, "Actual Rows": 50013, "Actual Loops": 1, "Plans": [{"Node Type": "Nested Loop", "Parent Relationship": "Outer", "Parallel Aware": false, "Async Capable": false, "Join Type": "Inner", "Startup Cost": 1.15, "Total Cost": 7027.49, "Plan Rows": 426.0, "Plan Width": 12, "Actual Rows": 3696, "Actual Loops": 1, "Inner Unique": false, "Join Filter": "(ph.userid = u.id)", "Rows Removed by Join Filter": 0, "Plans": [{"Node Type": "Merge Join", "Parent Relationship": "Outer", "Parallel Aware": false, "Async Capable": false, "Join Type": "Inner", "Startup Cost": 0.71, "Total Cost": 3296.06, "Plan Rows": 4226.0, "Plan Width": 8, "Actual Rows": 585, "Actual Loops": 1, "Inner Unique": true, "Merge Cond": "(v.userid = u.id)", "Plans": [{"Node Type": "Index Scan", "Parent Relationship": "Outer", "Parallel Aware": false, "Async Capable": false, "Scan Direction": "Forward", "Index Name": "idx_votes_userid", "Relation Name": "votes", "Alias": "v", "Startup Cost": 0.42, "Total Cost": 12422.47, "Plan Rows": 147970, "Plan Width": 4, "Actual Rows": 13642, "Actual Loops": 1, "Filter": "(creationdate <= '2012-11-27 12:58:58'::timestamp without time zone)", "Rows Removed by Filter": 21148}, {"Node Type": "Index Scan", "Parent Relationship": "Inner", "Parallel Aware": false, "Async Capable": false, "Scan Direction": "Forward", "Index Name": "users_pkey", "Relation Name": "users", "Alias": "u", "Startup Cost": 0.29, "Total Cost": 1760.41, "Plan Rows": 28596, "Plan Width": 4, "Actual Rows": 6832, "Actual Loops": 1, "Filter": "((reputation <= 80027) AND (views <= 4386) AND (creationdate >= '2012-09-08 17:34:32'::timestamp without time zone) AND (creationdate <= '2014-08-29 05:04:22'::timestamp without time zone))", "Rows Removed by Filter": 10884}]}, {"Node Type": "Memoize", "Parent Relationship": "Inner", "Parallel Aware": false, "Async Capable": false, "Startup Cost": 0.43, "Total Cost": 0.78, "Plan Rows": 3, "Plan Width": 4, "Actual Rows": 6, "Actual Loops": 585, "Cache Key": "v.userid", "Cache Mode": "logical", "Cache Hits": 397, "Cache Misses": 188, "Cache Evictions": 0, "Cache Overflows": 0, "Peak Memory Usage": 31, "Plans": [{"Node Type": "Index Scan", "Parent Relationship": "Outer", "Parallel Aware": false, "Async Capable": false, "Scan Direction": "Forward", "Index Name": "idx_posthistory_userid", "Relation Name": "posthistory", "Alias": "ph", "Startup Cost": 0.42, "Total Cost": 0.77, "Plan Rows": 3, "Plan Width": 4, "Actual Rows": 3, "Actual Loops": 188, "Index Cond": "(userid = v.userid)", "Rows Removed by Index Recheck": 0, "Filter": "(posthistorytypeid = 5)", "Rows Removed by Filter": 10}]}]}]}]}]}, "Planning Time": 2.758, "Triggers": [], "Execution Time": 71.149}, {"Plan": {"Node Type": "Aggregate", "Strategy": "Plain", "Partial Mode": "Finalize", "Parallel Aware": false, "Async Capable": false, "Startup Cost": 11624.28, "Total Cost": 11624.29, "Plan Rows": 1, "Plan Width": 8, "Actual Rows": 1, "Actual Loops": 1, "Plans": [{"Node Type": "Gather", "Parent Relationship": "Outer", "Parallel Aware": false, "Async Capable": false, "Startup Cost": 11624.17, "Total Cost": 11624.28, "Plan Rows": 1, "Plan Width": 8, "Actual Rows": 2, "Actual Loops": 1, "Workers Planned": 1, "Workers Launched": 1, "Single Copy": false, "Plans": [{"Node Type": "Aggregate", "Strategy": "Plain", "Partial Mode": "Partial", "Parent Relationship": "Outer", "Parallel Aware": false, "Async Capable": false, "Startup Cost": 10624.17, "Total Cost": 10624.18, "Plan Rows": 1, "Plan Width": 8, "Actual Rows": 1, "Actual Loops": 2, "Workers": [], "Plans": [{"Node Type": "Hash Join", "Parent Relationship": "Outer", "Parallel Aware": true, "Async Capable": false, "Join Type": "Inner", "Startup Cost": 4779.56, "Total Cost": 9455.08, "Plan Rows": 5319.0, "Plan Width": 0, "Actual Rows": 24990, "Actual Loops": 2, "Inner Unique": false, "Hash Cond": "(ph.userid = u.id)", "Workers": [], "Plans": [{"Node Type": "Seq Scan", "Parent Relationship": "Outer", "Parallel Aware": true, "Async Capable": false, "Relation Name": "posthistory", "Alias": "ph", "Startup Cost": 0.0, "Total Cost": 4469.32, "Plan Rows": 40839, "Plan Width": 4, "Actual Rows": 34714, "Actual Loops": 2, "Filter": "(posthistorytypeid = 5)", "Rows Removed by Filter": 116880, "Workers": []}, {"Node Type": "Hash", "Parent Relationship": "Inner", "Parallel Aware": true, "Async Capable": false, "Startup Cost": 4709.17, "Total Cost": 4709.17, "Plan Rows": 47444.0, "Plan Width": 12, "Actual Rows": 2485, "Actual Loops": 2, "Hash Buckets": 16384, "Original Hash Buckets": 16384, "Hash Batches": 1, "Original Hash Batches": 1, "Peak Memory Usage": 384, "Workers": [], "Plans": [{"Node Type": "Nested Loop", "Parent Relationship": "Outer", "Parallel Aware": false, "Async Capable": false, "Join Type": "Inner", "Startup Cost": 1.01, "Total Cost": 4709.17, "Plan Rows": 47444.0, "Plan Width": 12, "Actual Rows": 2485, "Actual Loops": 2, "Inner Unique": false, "Join Filter": "(u.id = b.userid)", "Rows Removed by Join Filter": 0, "Workers": [], "Plans": [{"Node Type": "Merge Join", "Parent Relationship": "Outer", "Parallel Aware": false, "Async Capable": false, "Join Type": "Inner", "Startup Cost": 0.71, "Total Cost": 3055.74, "Plan Rows": 4226.0, "Plan Width": 8, "Actual Rows": 292, "Actual Loops": 2, "Inner Unique": true, "Merge Cond": "(v.userid = u.id)", "Workers": [], "Plans": [{"Node Type": "Index Scan", "Parent Relationship": "Outer", "Parallel Aware": true, "Async Capable": false, "Scan Direction": "Forward", "Index Name": "idx_votes_userid", "Relation Name": "votes", "Alias": "v", "Startup Cost": 0.42, "Total Cost": 10733.91, "Plan Rows": 87041, "Plan Width": 4, "Actual Rows": 6822, "Actual Loops": 2, "Filter": "(creationdate <= '2012-11-27 12:58:58'::timestamp without time zone)", "Rows Removed by Filter": 10574, "Workers": []}, {"Node Type": "Index Scan", "Parent Relationship": "Inner", "Parallel Aware": false, "Async Capable": false, "Scan Direction": "Forward", "Index Name": "users_pkey", "Relation Name": "users", "Alias": "u", "Startup Cost": 0.29, "Total Cost": 1760.41, "Plan Rows": 28596, "Plan Width": 4, "Actual Rows": 4264, "Actual Loops": 2, "Filter": "((reputation <= 80027) AND (views <= 4386) AND (creationdate >= '2012-09-08 17:34:32'::timestamp without time zone) AND (creationdate <= '2014-08-29 05:04:22'::timestamp without time zone))", "Rows Removed by Filter": 10879, "Workers": []}]}, {"Node Type": "Memoize", "Parent Relationship": "Inner", "Parallel Aware": false, "Async Capable": false, "Startup Cost": 0.3, "Total Cost": 0.38, "Plan Rows": 1, "Plan Width": 4, "Actual Rows": 8, "Actual Loops": 585, "Cache Key": "v.userid", "Cache Mode": "logical", "Cache Hits": 298, "Cache Misses": 103, "Cache Evictions": 0, "Cache Overflows": 0, "Peak Memory Usage": 16, "Workers": [{"Worker Number": 0, "Cache Hits": 99, "Cache Misses": 85, "Cache Evictions": 0, "Cache Overflows": 0, "Peak Memory Usage": 13}], "Plans": [{"Node Type": "Index Scan", "Parent Relationship": "Outer", "Parallel Aware": false, "Async Capable": false, "Scan Direction": "Forward", "Index Name": "idx_badges_userid", "Relation Name": "badges", "Alias": "b", "Startup Cost": 0.29, "Total Cost": 0.37, "Plan Rows": 1, "Plan Width": 4, "Actual Rows": 2, "Actual Loops": 188, "Index Cond": "(userid = v.userid)", "Rows Removed by Index Recheck": 0, "Filter": "(date <= '2013-03-18 21:16:06'::timestamp without time zone)", "Rows Removed by Filter": 2, "Workers": []}]}]}]}]}]}]}]}, "Planning Time": 6.077, "Triggers": [], "Execution Time": 88.839}, {"Plan": {"Node Type": "Aggregate", "Strategy": "Plain", "Partial Mode": "Finalize", "Parallel Aware": false, "Async Capable": false, "Startup Cost": 20127.92, "Total Cost": 20127.93, "Plan Rows": 1, "Plan Width": 8, "Actual Rows": 1, "Actual Loops": 1, "Plans": [{"Node Type": "Gather", "Parent Relationship": "Outer", "Parallel Aware": false, "Async Capable": false, "Startup Cost": 20127.81, "Total Cost": 20127.92, "Plan Rows": 1, "Plan Width": 8, "Actual Rows": 2, "Actual Loops": 1, "Workers Planned": 1, "Workers Launched": 1, "Single Copy": false, "Plans": [{"Node Type": "Aggregate", "Strategy": "Plain", "Partial Mode": "Partial", "Parent Relationship": "Outer", "Parallel Aware": false, "Async Capable": false, "Startup Cost": 19127.81, "Total Cost": 19127.82, "Plan Rows": 1, "Plan Width": 8, "Actual Rows": 1, "Actual Loops": 2, "Workers": [], "Plans": [{"Node Type": "Merge Join", "Parent Relationship": "Outer", "Parallel Aware": false, "Async Capable": false, "Join Type": "Inner", "Startup Cost": 1.9, "Total Cost": 17958.72, "Plan Rows": 5319.0, "Plan Width": 0, "Actual Rows": 24990, "Actual Loops": 2, "Inner Unique": false, "Merge Cond": "(u.id = b.userid)", "Workers": [], "Plans": [{"Node Type": "Nested Loop", "Parent Relationship": "Outer", "Parallel Aware": false, "Async Capable": false, "Join Type": "Inner", "Startup Cost": 1.15, "Total Cost": 6524.25, "Plan Rows": 426.0, "Plan Width": 12, "Actual Rows": 1848, "Actual Loops": 2, "Inner Unique": false, "Join Filter": "(ph.userid = u.id)", "Rows Removed by Join Filter": 0, "Workers": [], "Plans": [{"Node Type": "Merge Join", "Parent Relationship": "Outer", "Parallel Aware": false, "Async Capable": false, "Join Type": "Inner", "Startup Cost": 0.71, "Total Cost": 3055.74, "Plan Rows": 4226.0, "Plan Width": 8, "Actual Rows": 292, "Actual Loops": 2, "Inner Unique": true, "Merge Cond": "(v.userid = u.id)", "Workers": [], "Plans": [{"Node Type": "Index Scan", "Parent Relationship": "Outer", "Parallel Aware": true, "Async Capable": false, "Scan Direction": "Forward", "Index Name": "idx_votes_userid", "Relation Name": "votes", "Alias": "v", "Startup Cost": 0.42, "Total Cost": 10733.91, "Plan Rows": 87041, "Plan Width": 4, "Actual Rows": 6822, "Actual Loops": 2, "Filter": "(creationdate <= '2012-11-27 12:58:58'::timestamp without time zone)", "Rows Removed by Filter": 10574, "Workers": []}, {"Node Type": "Index Scan", "Parent Relationship": "Inner", "Parallel Aware": false, "Async Capable": false, "Scan Direction": "Forward", "Index Name": "users_pkey", "Relation Name": "users", "Alias": "u", "Startup Cost": 0.29, "Total Cost": 1760.41, "Plan Rows": 28596, "Plan Width": 4, "Actual Rows": 4389, "Actual Loops": 2, "Filter": "((reputation <= 80027) AND (views <= 4386) AND (creationdate >= '2012-09-08 17:34:32'::timestamp without time zone) AND (creationdate <= '2014-08-29 05:04:22'::timestamp without time zone))", "Rows Removed by Filter": 10879, "Workers": []}]}, {"Node Type": "Memoize", "Parent Relationship": "Inner", "Parallel Aware": false, "Async Capable": false, "Startup Cost": 0.43, "Total Cost": 0.78, "Plan Rows": 3, "Plan Width": 4, "Actual Rows": 6, "Actual Loops": 585, "Cache Key": "v.userid", "Cache Mode": "logical", "Cache Hits": 115, "Cache Misses": 144, "Cache Evictions": 0, "Cache Overflows": 0, "Peak Memory Usage": 21, "Workers": [{"Worker Number": 0, "Cache Hits": 282, "Cache Misses": 44, "Cache Evictions": 0, "Cache Overflows": 0, "Peak Memory Usage": 10}], "Plans": [{"Node Type": "Index Scan", "Parent Relationship": "Outer", "Parallel Aware": false, "Async Capable": false, "Scan Direction": "Forward", "Index Name": "idx_posthistory_userid", "Relation Name": "posthistory", "Alias": "ph", "Startup Cost": 0.42, "Total Cost": 0.77, "Plan Rows": 3, "Plan Width": 4, "Actual Rows": 3, "Actual Loops": 188, "Index Cond": "(userid = v.userid)", "Rows Removed by Index Recheck": 0, "Filter": "(posthistorytypeid = 5)", "Rows Removed by Filter": 10, "Workers": []}]}]}, {"Node Type": "Materialize", "Parent Relationship": "Inner", "Parallel Aware": false, "Async Capable": false, "Startup Cost": 0.29, "Total Cost": 3151.94, "Plan Rows": 34788, "Plan Width": 4, "Actual Rows": 55432, "Actual Loops": 2, "Workers": [], "Plans": [{"Node Type": "Index Scan", "Parent Relationship": "Outer", "Parallel Aware": false, "Async Capable": false, "Scan Direction": "Forward", "Index Name": "idx_badges_userid", "Relation Name": "badges", "Alias": "b", "Startup Cost": 0.29, "Total Cost": 3064.97, "Plan Rows": 34788, "Plan Width": 4, "Actual Rows": 30604, "Actual Loops": 2, "Filter": "(date <= '2013-03-18 21:16:06'::timestamp without time zone)", "Rows Removed by Filter": 12714, "Workers": []}]}]}]}]}]}, "Planning Time": 3.289, "Triggers": [], "Execution Time": 79.499}, {"Plan": {"Node Type": "Aggregate", "Strategy": "Plain", "Partial Mode": "Finalize", "Parallel Aware": false, "Async Capable": false, "Startup Cost": 23350.73, "Total Cost": 23350.74, "Plan Rows": 1, "Plan Width": 8, "Actual Rows": 1, "Actual Loops": 1, "Plans": [{"Node Type": "Gather", "Parent Relationship": "Outer", "Parallel Aware": false, "Async Capable": false, "Startup Cost": 23350.62, "Total Cost": 23350.73, "Plan Rows": 1, "Plan Width": 8, "Actual Rows": 2, "Actual Loops": 1, "Workers Planned": 1, "Workers Launched": 1, "Single Copy": false, "Plans": [{"Node Type": "Aggregate", "Strategy": "Plain", "Partial Mode": "Partial", "Parent Relationship": "Outer", "Parallel Aware": false, "Async Capable": false, "Startup Cost": 22350.62, "Total Cost": 22350.63, "Plan Rows": 1, "Plan Width": 8, "Actual Rows": 1, "Actual Loops": 2, "Workers": [], "Plans": [{"Node Type": "Hash Join", "Parent Relationship": "Outer", "Parallel Aware": true, "Async Capable": false, "Join Type": "Inner", "Startup Cost": 3137.64, "Total Cost": 21181.53, "Plan Rows": 5319.0, "Plan Width": 0, "Actual Rows": 24990, "Actual Loops": 2, "Inner Unique": false, "Hash Cond": "(b.userid = u.id)", "Workers": [], "Plans": [{"Node Type": "Nested Loop", "Parent Relationship": "Outer", "Parallel Aware": false, "Async Capable": false, "Join Type": "Inner", "Startup Cost": 0.3, "Total Cost": 13042.11, "Plan Rows": 1064.0, "Plan Width": 8, "Actual Rows": 1449650, "Actual Loops": 2, "Inner Unique": false, "Workers": [], "Plans": [{"Node Type": "Seq Scan", "Parent Relationship": "Outer", "Parallel Aware": true, "Async Capable": false, "Relation Name": "posthistory", "Alias": "ph", "Startup Cost": 0.0, "Total Cost": 4469.32, "Plan Rows": 40839, "Plan Width": 4, "Actual Rows": 34714, "Actual Loops": 2, "Filter": "(posthistorytypeid = 5)", "Rows Removed by Filter": 116880, "Workers": []}, {"Node Type": "Memoize", "Parent Relationship": "Inner", "Parallel Aware": false, "Async Capable": false, "Startup Cost": 0.3, "Total Cost": 0.4, "Plan Rows": 1, "Plan Width": 4, "Actual Rows": 42, "Actual Loops": 69427, "Cache Key": "ph.userid", "Cache Mode": "logical", "Cache Hits": 29278, "Cache Misses": 5028, "Cache Evictions": 0, "Cache Overflows": 0, "Peak Memory Usage": 984, "Workers": [{"Worker Number": 0, "Cache Hits": 29997, "Cache Misses": 5124, "Cache Evictions": 0, "Cache Overflows": 0, "Peak Memory Usage": 992}], "Plans": [{"Node Type": "Index Scan", "Parent Relationship": "Outer", "Parallel Aware": false, "Async Capable": false, "Scan Direction": "Forward", "Index Name": "idx_badges_userid", "Relation Name": "badges", "Alias": "b", "Startup Cost": 0.29, "Total Cost": 0.39, "Plan Rows": 1, "Plan Width": 4, "Actual Rows": 4, "Actual Loops": 10152, "Index Cond": "(userid = ph.userid)", "Rows Removed by Index Recheck": 0, "Filter": "(date <= '2013-03-18 21:16:06'::timestamp without time zone)", "Rows Removed by Filter": 4, "Workers": []}]}]}, {"Node Type": "Hash", "Parent Relationship": "Inner", "Parallel Aware": true, "Async Capable": false, "Startup Cost": 3055.74, "Total Cost": 3055.74, "Plan Rows": 4226.0, "Plan Width": 8, "Actual Rows": 292, "Actual Loops": 2, "Hash Buckets": 16384, "Original Hash Buckets": 16384, "Hash Batches": 1, "Original Hash Batches": 1, "Peak Memory Usage": 192, "Workers": [], "Plans": [{"Node Type": "Merge Join", "Parent Relationship": "Outer", "Parallel Aware": false, "Async Capable": false, "Join Type": "Inner", "Startup Cost": 0.71, "Total Cost": 3055.74, "Plan Rows": 4226.0, "Plan Width": 8, "Actual Rows": 292, "Actual Loops": 2, "Inner Unique": true, "Merge Cond": "(v.userid = u.id)", "Workers": [], "Plans": [{"Node Type": "Index Scan", "Parent Relationship": "Outer", "Parallel Aware": true, "Async Capable": false, "Scan Direction": "Forward", "Index Name": "idx_votes_userid", "Relation Name": "votes", "Alias": "v", "Startup Cost": 0.42, "Total Cost": 10733.91, "Plan Rows": 87041, "Plan Width": 4, "Actual Rows": 6822, "Actual Loops": 2, "Filter": "(creationdate <= '2012-11-27 12:58:58'::timestamp without time zone)", "Rows Removed by Filter": 10574, "Workers": []}, {"Node Type": "Index Scan", "Parent Relationship": "Inner", "Parallel Aware": false, "Async Capable": false, "Scan Direction": "Forward", "Index Name": "users_pkey", "Relation Name": "users", "Alias": "u", "Startup Cost": 0.29, "Total Cost": 1760.41, "Plan Rows": 28596, "Plan Width": 4, "Actual Rows": 4389, "Actual Loops": 2, "Filter": "((reputation <= 80027) AND (views <= 4386) AND (creationdate >= '2012-09-08 17:34:32'::timestamp without time zone) AND (creationdate <= '2014-08-29 05:04:22'::timestamp without time zone))", "Rows Removed by Filter": 10879, "Workers": []}]}]}]}]}]}]}, "Planning Time": 6.213, "Triggers": [], "Execution Time": 255.041}, {"Plan": {"Node Type": "Aggregate", "Strategy": "Plain", "Partial Mode": "Simple", "Parallel Aware": false, "Async Capable": false, "Startup Cost": 409581.19, "Total Cost": 409581.2, "Plan Rows": 1, "Plan Width": 8, "Plans": [{"Node Type": "Merge Join", "Parent Relationship": "Outer", "Parallel Aware": false, "Async Capable": false, "Join Type": "Inner", "Startup Cost": 2.68, "Total Cost": 407593.74, "Plan Rows": 5319.0, "Plan Width": 0, "Inner Unique": false, "Merge Cond": "(u.id = b.userid)", "Plans": [{"Node Type": "Index Scan", "Parent Relationship": "Outer", "Parallel Aware": false, "Async Capable": false, "Scan Direction": "Forward", "Index Name": "users_pkey", "Relation Name": "users", "Alias": "u", "Startup Cost": 0.29, "Total Cost": 1760.41, "Plan Rows": 28596, "Plan Width": 4, "Filter": "((reputation <= 80027) AND (views <= 4386) AND (creationdate >= '2012-09-08 17:34:32'::timestamp without time zone) AND (creationdate <= '2014-08-29 05:04:22'::timestamp without time zone))"}, {"Node Type": "Materialize", "Parent Relationship": "Inner", "Parallel Aware": false, "Async Capable": false, "Startup Cost": 2.26, "Total Cost": 100131.76, "Plan Rows": 14747.0, "Plan Width": 12, "Plans": [{"Node Type": "Nested Loop", "Parent Relationship": "Outer", "Parallel Aware": false, "Async Capable": false, "Join Type": "Inner", "Startup Cost": 2.26, "Total Cost": 20469.07, "Plan Rows": 14747.0, "Plan Width": 12, "Inner Unique": false, "Join Filter": "(ph.userid = b.userid)", "Plans": [{"Node Type": "Merge Join", "Parent Relationship": "Outer", "Parallel Aware": false, "Async Capable": false, "Join Type": "Inner", "Startup Cost": 1.83, "Total Cost": 6612.2, "Plan Rows": 136905.0, "Plan Width": 8, "Inner Unique": false, "Merge Cond": "(b.userid = v.userid)", "Plans": [{"Node Type": "Index Scan", "Parent Relationship": "Outer", "Parallel Aware": false, "Async Capable": false, "Scan Direction": "Forward", "Index Name": "idx_badges_userid", "Relation Name": "badges", "Alias": "b", "Startup Cost": 0.29, "Total Cost": 3064.97, "Plan Rows": 34788, "Plan Width": 4, "Filter": "(date <= '2013-03-18 21:16:06'::timestamp without time zone)"}, {"Node Type": "Materialize", "Parent Relationship": "Inner", "Parallel Aware": false, "Async Capable": false, "Startup Cost": 0.42, "Total Cost": 12792.4, "Plan Rows": 147970, "Plan Width": 4, "Plans": [{"Node Type": "Index Scan", "Parent Relationship": "Outer", "Parallel Aware": false, "Async Capable": false, "Scan Direction": "Forward", "Index Name": "idx_votes_userid", "Relation Name": "votes", "Alias": "v", "Startup Cost": 0.42, "Total Cost": 12422.47, "Plan Rows": 147970, "Plan Width": 4, "Filter": "(creationdate <= '2012-11-27 12:58:58'::timestamp without time zone)"}]}]}, {"Node Type": "Memoize", "Parent Relationship": "Inner", "Parallel Aware": false, "Async Capable": false, "Startup Cost": 0.43, "Total Cost": 0.78, "Plan Rows": 3, "Plan Width": 4, "Cache Key": "v.userid", "Cache Mode": "logical", "Plans": [{"Node Type": "Index Scan", "Parent Relationship": "Outer", "Parallel Aware": false, "Async Capable": false, "Scan Direction": "Forward", "Index Name": "idx_posthistory_userid", "Relation Name": "posthistory", "Alias": "ph", "Startup Cost": 0.42, "Total Cost": 0.77, "Plan Rows": 3, "Plan Width": 4, "Index Cond": "(userid = v.userid)", "Filter": "(posthistorytypeid = 5)"}]}]}]}]}]}, "Timeout Time": 5000}, {"Plan": {"Node Type": "Aggregate", "Strategy": "Plain", "Partial Mode": "Simple", "Parallel Aware": false, "Async Capable": false, "Startup Cost": 19907.39, "Total Cost": 19907.4, "Plan Rows": 1, "Plan Width": 8, "Actual Rows": 1, "Actual Loops": 1, "Plans": [{"Node Type": "Hash Join", "Parent Relationship": "Outer", "Parallel Aware": false, "Async Capable": false, "Join Type": "Inner", "Startup Cost": 8247.43, "Total Cost": 17919.94, "Plan Rows": 5319.0, "Plan Width": 0, "Actual Rows": 49981, "Actual Loops": 1, "Inner Unique": false, "Hash Cond": "(b.userid = u.id)", "Plans": [{"Node Type": "Merge Join", "Parent Relationship": "Outer", "Parallel Aware": false, "Async Capable": false, "Join Type": "Inner", "Startup Cost": 1.83, "Total Cost": 6612.2, "Plan Rows": 136905.0, "Plan Width": 8, "Actual Rows": 348374, "Actual Loops": 1, "Inner Unique": false, "Merge Cond": "(b.userid = v.userid)", "Plans": [{"Node Type": "Index Scan", "Parent Relationship": "Outer", "Parallel Aware": false, "Async Capable": false, "Scan Direction": "Forward", "Index Name": "idx_badges_userid", "Relation Name": "badges", "Alias": "b", "Startup Cost": 0.29, "Total Cost": 3064.97, "Plan Rows": 34788, "Plan Width": 4, "Actual Rows": 34785, "Actual Loops": 1, "Filter": "(date <= '2013-03-18 21:16:06'::timestamp without time zone)", "Rows Removed by Filter": 19801}, {"Node Type": "Materialize", "Parent Relationship": "Inner", "Parallel Aware": false, "Async Capable": false, "Startup Cost": 0.42, "Total Cost": 12792.4, "Plan Rows": 147970, "Plan Width": 4, "Actual Rows": 349221, "Actual Loops": 1, "Plans": [{"Node Type": "Index Scan", "Parent Relationship": "Outer", "Parallel Aware": false, "Async Capable": false, "Scan Direction": "Forward", "Index Name": "idx_votes_userid", "Relation Name": "votes", "Alias": "v", "Startup Cost": 0.42, "Total Cost": 12422.47, "Plan Rows": 147970, "Plan Width": 4, "Actual Rows": 13642, "Actual Loops": 1, "Filter": "(creationdate <= '2012-11-27 12:58:58'::timestamp without time zone)", "Rows Removed by Filter": 21148}]}]}, {"Node Type": "Hash", "Parent Relationship": "Inner", "Parallel Aware": false, "Async Capable": false, "Startup Cost": 7673.05, "Total Cost": 7673.05, "Plan Rows": 43.0, "Plan Width": 8, "Actual Rows": 24018, "Actual Loops": 1, "Hash Buckets": 65536, "Original Hash Buckets": 65536, "Hash Batches": 1, "Original Hash Batches": 1, "Peak Memory Usage": 1451, "Plans": [{"Node Type": "Hash Join", "Parent Relationship": "Outer", "Parallel Aware": false, "Async Capable": false, "Join Type": "Inner", "Startup Cost": 1460.95, "Total Cost": 7673.05, "Plan Rows": 43.0, "Plan Width": 8, "Actual Rows": 24018, "Actual Loops": 1, "Inner Unique": true, "Hash Cond": "(ph.userid = u.id)", "Plans": [{"Node Type": "Seq Scan", "Parent Relationship": "Outer", "Parallel Aware": false, "Async Capable": false, "Relation Name": "posthistory", "Alias": "ph", "Startup Cost": 0.0, "Total Cost": 6029.84, "Plan Rows": 69426, "Plan Width": 4, "Actual Rows": 69427, "Actual Loops": 1, "Filter": "(posthistorytypeid = 5)", "Rows Removed by Filter": 233760}, {"Node Type": "Hash", "Parent Relationship": "Inner", "Parallel Aware": false, "Async Capable": false, "Startup Cost": 1103.5, "Total Cost": 1103.5, "Plan Rows": 28596, "Plan Width": 4, "Actual Rows": 28608, "Actual Loops": 1, "Hash Buckets": 32768, "Original Hash Buckets": 32768, "Hash Batches": 1, "Original Hash Batches": 1, "Peak Memory Usage": 1262, "Plans": [{"Node Type": "Seq Scan", "Parent Relationship": "Outer", "Parallel Aware": false, "Async Capable": false, "Relation Name": "users", "Alias": "u", "Startup Cost": 0.0, "Total Cost": 1103.5, "Plan Rows": 28596, "Plan Width": 4, "Actual Rows": 28608, "Actual Loops": 1, "Filter": "((reputation <= 80027) AND (views <= 4386) AND (creationdate >= '2012-09-08 17:34:32'::timestamp without time zone) AND (creationdate <= '2014-08-29 05:04:22'::timestamp without time zone))", "Rows Removed by Filter": 11717}]}]}]}]}]}, "Planning Time": 2.857, "Triggers": [], "Execution Time": 247.517}, {"Plan": {"Node Type": "Aggregate", "Strategy": "Plain", "Partial Mode": "Finalize", "Parallel Aware": false, "Async Capable": false, "Startup Cost": 10295.23, "Total Cost": 10295.24, "Plan Rows": 1, "Plan Width": 8, "Actual Rows": 1, "Actual Loops": 1, "Plans": [{"Node Type": "Gather", "Parent Relationship": "Outer", "Parallel Aware": false, "Async Capable": false, "Startup Cost": 10295.12, "Total Cost": 10295.23, "Plan Rows": 1, "Plan Width": 8, "Actual Rows": 2, "Actual Loops": 1, "Workers Planned": 1, "Workers Launched": 1, "Single Copy": false, "Plans": [{"Node Type": "Aggregate", "Strategy": "Plain", "Partial Mode": "Partial", "Parent Relationship": "Outer", "Parallel Aware": false, "Async Capable": false, "Startup Cost": 9295.12, "Total Cost": 9295.13, "Plan Rows": 1, "Plan Width": 8, "Actual Rows": 1, "Actual Loops": 2, "Workers": [], "Plans": [{"Node Type": "Nested Loop", "Parent Relationship": "Outer", "Parallel Aware": false, "Async Capable": false, "Join Type": "Inner", "Startup Cost": 1.45, "Total Cost": 8126.03, "Plan Rows": 5319.0, "Plan Width": 0, "Actual Rows": 24990, "Actual Loops": 2, "Inner Unique": false, "Join Filter": "(ph.userid = u.id)", "Rows Removed by Join Filter": 0, "Workers": [], "Plans": [{"Node Type": "Nested Loop", "Parent Relationship": "Outer", "Parallel Aware": false, "Async Capable": false, "Join Type": "Inner", "Startup Cost": 1.01, "Total Cost": 4709.17, "Plan Rows": 47444.0, "Plan Width": 12, "Actual Rows": 2485, "Actual Loops": 2, "Inner Unique": false, "Join Filter": "(u.id = b.userid)", "Rows Removed by Join Filter": 0, "Workers": [], "Plans": [{"Node Type": "Merge Join", "Parent Relationship": "Outer", "Parallel Aware": false, "Async Capable": false, "Join Type": "Inner", "Startup Cost": 0.71, "Total Cost": 3055.74, "Plan Rows": 4226.0, "Plan Width": 8, "Actual Rows": 292, "Actual Loops": 2, "Inner Unique": true, "Merge Cond": "(v.userid = u.id)", "Workers": [], "Plans": [{"Node Type": "Index Scan", "Parent Relationship": "Outer", "Parallel Aware": true, "Async Capable": false, "Scan Direction": "Forward", "Index Name": "idx_votes_userid", "Relation Name": "votes", "Alias": "v", "Startup Cost": 0.42, "Total Cost": 10733.91, "Plan Rows": 87041, "Plan Width": 4, "Actual Rows": 6822, "Actual Loops": 2, "Filter": "(creationdate <= '2012-11-27 12:58:58'::timestamp without time zone)", "Rows Removed by Filter": 10574, "Workers": []}, {"Node Type": "Index Scan", "Parent Relationship": "Inner", "Parallel Aware": false, "Async Capable": false, "Scan Direction": "Forward", "Index Name": "users_pkey", "Relation Name": "users", "Alias": "u", "Startup Cost": 0.29, "Total Cost": 1760.41, "Plan Rows": 28596, "Plan Width": 4, "Actual Rows": 4264, "Actual Loops": 2, "Filter": "((reputation <= 80027) AND (views <= 4386) AND (creationdate >= '2012-09-08 17:34:32'::timestamp without time zone) AND (creationdate <= '2014-08-29 05:04:22'::timestamp without time zone))", "Rows Removed by Filter": 10879, "Workers": []}]}, {"Node Type": "Memoize", "Parent Relationship": "Inner", "Parallel Aware": false, "Async Capable": false, "Startup Cost": 0.3, "Total Cost": 0.38, "Plan Rows": 1, "Plan Width": 4, "Actual Rows": 8, "Actual Loops": 585, "Cache Key": "v.userid", "Cache Mode": "logical", "Cache Hits": 298, "Cache Misses": 103, "Cache Evictions": 0, "Cache Overflows": 0, "Peak Memory Usage": 16, "Workers": [{"Worker Number": 0, "Cache Hits": 99, "Cache Misses": 85, "Cache Evictions": 0, "Cache Overflows": 0, "Peak Memory Usage": 13}], "Plans": [{"Node Type": "Index Scan", "Parent Relationship": "Outer", "Parallel Aware": false, "Async Capable": false, "Scan Direction": "Forward", "Index Name": "idx_badges_userid", "Relation Name": "badges", "Alias": "b", "Startup Cost": 0.29, "Total Cost": 0.37, "Plan Rows": 1, "Plan Width": 4, "Actual Rows": 2, "Actual Loops": 188, "Index Cond": "(userid = v.userid)", "Rows Removed by Index Recheck": 0, "Filter": "(date <= '2013-03-18 21:16:06'::timestamp without time zone)", "Rows Removed by Filter": 2, "Workers": []}]}]}, {"Node Type": "Memoize", "Parent Relationship": "Inner", "Parallel Aware": false, "Async Capable": false, "Startup Cost": 0.43, "Total Cost": 0.78, "Plan Rows": 3, "Plan Width": 4, "Actual Rows": 10, "Actual Loops": 4970, "Cache Key": "v.userid", "Cache Mode": "logical", "Cache Hits": 4217, "Cache Misses": 75, "Cache Evictions": 0, "Cache Overflows": 0, "Peak Memory Usage": 16, "Workers": [{"Worker Number": 0, "Cache Hits": 622, "Cache Misses": 56, "Cache Evictions": 0, "Cache Overflows": 0, "Peak Memory Usage": 11}], "Plans": [{"Node Type": "Index Scan", "Parent Relationship": "Outer", "Parallel Aware": false, "Async Capable": false, "Scan Direction": "Forward", "Index Name": "idx_posthistory_userid", "Relation Name": "posthistory", "Alias": "ph", "Startup Cost": 0.42, "Total Cost": 0.77, "Plan Rows": 3, "Plan Width": 4, "Actual Rows": 4, "Actual Loops": 131, "Index Cond": "(userid = v.userid)", "Rows Removed by Index Recheck": 0, "Filter": "(posthistorytypeid = 5)", "Rows Removed by Filter": 15, "Workers": []}]}]}]}]}]}, "Planning Time": 3.178, "Triggers": [], "Execution Time": 37.636}, {"Plan": {"Node Type": "Aggregate", "Strategy": "Plain", "Partial Mode": "Simple", "Parallel Aware": false, "Async Capable": false, "Startup Cost": 18587.88, "Total Cost": 18587.89, "Plan Rows": 1, "Plan Width": 8, "Actual Rows": 1, "Actual Loops": 1, "Plans": [{"Node Type": "Merge Join", "Parent Relationship": "Outer", "Parallel Aware": false, "Async Capable": false, "Join Type": "Inner", "Startup Cost": 11219.74, "Total Cost": 16600.43, "Plan Rows": 5319.0, "Plan Width": 0, "Actual Rows": 49981, "Actual Loops": 1, "Inner Unique": false, "Merge Cond": "(u.id = v.userid)", "Plans": [{"Node Type": "Merge Join", "Parent Relationship": "Outer", "Parallel Aware": false, "Async Capable": false, "Join Type": "Inner", "Startup Cost": 11219.32, "Total Cost": 14995.12, "Plan Rows": 366.0, "Plan Width": 12, "Actual Rows": 37927, "Actual Loops": 1, "Inner Unique": false, "Merge Cond": "(b.userid = u.id)", "Plans": [{"Node Type": "Index Scan", "Parent Relationship": "Outer", "Parallel Aware": false, "Async Capable": false, "Scan Direction": "Forward", "Index Name": "idx_badges_userid", "Relation Name": "badges", "Alias": "b", "Startup Cost": 0.29, "Total Cost": 3064.97, "Plan Rows": 34788, "Plan Width": 4, "Actual Rows": 34785, "Actual Loops": 1, "Filter": "(date <= '2013-03-18 21:16:06'::timestamp without time zone)", "Rows Removed by Filter": 19801}, {"Node Type": "Sort", "Parent Relationship": "Inner", "Parallel Aware": false, "Async Capable": false, "Startup Cost": 11219.01, "Total Cost": 11333.52, "Plan Rows": 43.0, "Plan Width": 8, "Actual Rows": 44334, "Actual Loops": 1, "Sort Key": ["ph.userid"], "Sort Method": "quicksort", "Sort Space Used": 1519, "Sort Space Type": "Memory", "Plans": [{"Node Type": "Hash Join", "Parent Relationship": "Outer", "Parallel Aware": false, "Async Capable": false, "Join Type": "Inner", "Startup Cost": 1460.95, "Total Cost": 7673.05, "Plan Rows": 43.0, "Plan Width": 8, "Actual Rows": 24018, "Actual Loops": 1, "Inner Unique": true, "Hash Cond": "(ph.userid = u.id)", "Plans": [{"Node Type": "Seq Scan", "Parent Relationship": "Outer", "Parallel Aware": false, "Async Capable": false, "Relation Name": "posthistory", "Alias": "ph", "Startup Cost": 0.0, "Total Cost": 6029.84, "Plan Rows": 69426, "Plan Width": 4, "Actual Rows": 69427, "Actual Loops": 1, "Filter": "(posthistorytypeid = 5)", "Rows Removed by Filter": 233760}, {"Node Type": "Hash", "Parent Relationship": "Inner", "Parallel Aware": false, "Async Capable": false, "Startup Cost": 1103.5, "Total Cost": 1103.5, "Plan Rows": 28596, "Plan Width": 4, "Actual Rows": 28608, "Actual Loops": 1, "Hash Buckets": 32768, "Original Hash Buckets": 32768, "Hash Batches": 1, "Original Hash Batches": 1, "Peak Memory Usage": 1262, "Plans": [{"Node Type": "Seq Scan", "Parent Relationship": "Outer", "Parallel Aware": false, "Async Capable": false, "Relation Name": "users", "Alias": "u", "Startup Cost": 0.0, "Total Cost": 1103.5, "Plan Rows": 28596, "Plan Width": 4, "Actual Rows": 28608, "Actual Loops": 1, "Filter": "((reputation <= 80027) AND (views <= 4386) AND (creationdate >= '2012-09-08 17:34:32'::timestamp without time zone) AND (creationdate <= '2014-08-29 05:04:22'::timestamp without time zone))", "Rows Removed by Filter": 11717}]}]}]}]}, {"Node Type": "Index Scan", "Parent Relationship": "Inner", "Parallel Aware": false, "Async Capable": false, "Scan Direction": "Forward", "Index Name": "idx_votes_userid", "Relation Name": "votes", "Alias": "v", "Startup Cost": 0.42, "Total Cost": 12422.47, "Plan Rows": 147970, "Plan Width": 4, "Actual Rows": 63216, "Actual Loops": 1, "Filter": "(creationdate <= '2012-11-27 12:58:58'::timestamp without time zone)", "Rows Removed by Filter": 182413}]}]}, "Planning Time": 2.975, "Triggers": [], "Execution Time": 248.186}, {"Plan": {"Node Type": "Aggregate", "Strategy": "Plain", "Partial Mode": "Finalize", "Parallel Aware": false, "Async Capable": false, "Startup Cost": 15557.15, "Total Cost": 15557.16, "Plan Rows": 1, "Plan Width": 8, "Actual Rows": 1, "Actual Loops": 1, "Plans": [{"Node Type": "Gather", "Parent Relationship": "Outer", "Parallel Aware": false, "Async Capable": false, "Startup Cost": 15557.04, "Total Cost": 15557.15, "Plan Rows": 1, "Plan Width": 8, "Actual Rows": 2, "Actual Loops": 1, "Workers Planned": 1, "Workers Launched": 1, "Single Copy": false, "Plans": [{"Node Type": "Aggregate", "Strategy": "Plain", "Partial Mode": "Partial", "Parent Relationship": "Outer", "Parallel Aware": false, "Async Capable": false, "Startup Cost": 14557.04, "Total Cost": 14557.05, "Plan Rows": 1, "Plan Width": 8, "Actual Rows": 1, "Actual Loops": 2, "Workers": [], "Plans": [{"Node Type": "Hash Join", "Parent Relationship": "Outer", "Parallel Aware": true, "Async Capable": false, "Join Type": "Inner", "Startup Cost": 8436.25, "Total Cost": 13387.95, "Plan Rows": 5319.0, "Plan Width": 0, "Actual Rows": 24990, "Actual Loops": 2, "Inner Unique": false, "Hash Cond": "(v.userid = u.id)", "Workers": [], "Plans": [{"Node Type": "Seq Scan", "Parent Relationship": "Outer", "Parallel Aware": true, "Async Capable": false, "Relation Name": "votes", "Alias": "v", "Startup Cost": 0.0, "Total Cost": 4572.24, "Plan Rows": 87041, "Plan Width": 4, "Actual Rows": 73962, "Actual Loops": 2, "Filter": "(creationdate <= '2012-11-27 12:58:58'::timestamp without time zone)", "Rows Removed by Filter": 90070, "Workers": []}, {"Node Type": "Hash", "Parent Relationship": "Inner", "Parallel Aware": true, "Async Capable": false, "Startup Cost": 8145.7, "Total Cost": 8145.7, "Plan Rows": 366.0, "Plan Width": 12, "Actual Rows": 18973, "Actual Loops": 2, "Hash Buckets": 65536, "Original Hash Buckets": 65536, "Hash Batches": 1, "Original Hash Batches": 1, "Peak Memory Usage": 2304, "Workers": [], "Plans": [{"Node Type": "Hash Join", "Parent Relationship": "Outer", "Parallel Aware": false, "Async Capable": false, "Join Type": "Inner", "Startup Cost": 3290.79, "Total Cost": 8145.7, "Plan Rows": 366.0, "Plan Width": 12, "Actual Rows": 18973, "Actual Loops": 2, "Inner Unique": false, "Hash Cond": "(ph.userid = u.id)", "Workers": [], "Plans": [{"Node Type": "Seq Scan", "Parent Relationship": "Outer", "Parallel Aware": true, "Async Capable": false, "Relation Name": "posthistory", "Alias": "ph", "Startup Cost": 0.0, "Total Cost": 4469.32, "Plan Rows": 40839, "Plan Width": 4, "Actual Rows": 34714, "Actual Loops": 2, "Filter": "(posthistorytypeid = 5)", "Rows Removed by Filter": 116880, "Workers": []}, {"Node Type": "Hash", "Parent Relationship": "Inner", "Parallel Aware": false, "Async Capable": false, "Startup Cost": 2982.42, "Total Cost": 2982.42, "Plan Rows": 3065.0, "Plan Width": 8, "Actual Rows": 6012, "Actual Loops": 2, "Hash Buckets": 32768, "Original Hash Buckets": 32768, "Hash Batches": 1, "Original Hash Batches": 1, "Peak Memory Usage": 491, "Workers": [], "Plans": [{"Node Type": "Hash Join", "Parent Relationship": "Outer", "Parallel Aware": false, "Async Capable": false, "Join Type": "Inner", "Startup Cost": 1460.95, "Total Cost": 2982.42, "Plan Rows": 3065.0, "Plan Width": 8, "Actual Rows": 6012, "Actual Loops": 2, "Inner Unique": true, "Hash Cond": "(b.userid = u.id)", "Workers": [], "Plans": [{"Node Type": "Seq Scan", "Parent Relationship": "Outer", "Parallel Aware": false, "Async Capable": false, "Relation Name": "badges", "Alias": "b", "Startup Cost": 0.0, "Total Cost": 1430.14, "Plan Rows": 34788, "Plan Width": 4, "Actual Rows": 34785, "Actual Loops": 2, "Filter": "(date <= '2013-03-18 21:16:06'::timestamp without time zone)", "Rows Removed by Filter": 45066, "Workers": []}, {"Node Type": "Hash", "Parent Relationship": "Inner", "Parallel Aware": false, "Async Capable": false, "Startup Cost": 1103.5, "Total Cost": 1103.5, "Plan Rows": 28596, "Plan Width": 4, "Actual Rows": 28608, "Actual Loops": 2, "Hash Buckets": 32768, "Original Hash Buckets": 32768, "Hash Batches": 1, "Original Hash Batches": 1, "Peak Memory Usage": 1262, "Workers": [], "Plans": [{"Node Type": "Seq Scan", "Parent Relationship": "Outer", "Parallel Aware": false, "Async Capable": false, "Relation Name": "users", "Alias": "u", "Startup Cost": 0.0, "Total Cost": 1103.5, "Plan Rows": 28596, "Plan Width": 4, "Actual Rows": 28608, "Actual Loops": 2, "Filter": "((reputation <= 80027) AND (views <= 4386) AND (creationdate >= '2012-09-08 17:34:32'::timestamp without time zone) AND (creationdate <= '2014-08-29 05:04:22'::timestamp without time zone))", "Rows Removed by Filter": 11717, "Workers": []}]}]}]}]}]}]}]}]}]}, "Planning Time": 6.495, "Triggers": [], "Execution Time": 130.031}, {"Plan": {"Node Type": "Aggregate", "Strategy": "Plain", "Partial Mode": "Finalize", "Parallel Aware": false, "Async Capable": false, "Startup Cost": 19123.03, "Total Cost": 19123.04, "Plan Rows": 1, "Plan Width": 8, "Actual Rows": 1, "Actual Loops": 1, "Plans": [{"Node Type": "Gather", "Parent Relationship": "Outer", "Parallel Aware": false, "Async Capable": false, "Startup Cost": 19122.92, "Total Cost": 19123.03, "Plan Rows": 1, "Plan Width": 8, "Actual Rows": 2, "Actual Loops": 1, "Workers Planned": 1, "Workers Launched": 1, "Single Copy": false, "Plans": [{"Node Type": "Aggregate", "Strategy": "Plain", "Partial Mode": "Partial", "Parent Relationship": "Outer", "Parallel Aware": false, "Async Capable": false, "Startup Cost": 18122.92, "Total Cost": 18122.93, "Plan Rows": 1, "Plan Width": 8, "Actual Rows": 1, "Actual Loops": 2, "Workers": [], "Plans": [{"Node Type": "Merge Join", "Parent Relationship": "Outer", "Parallel Aware": false, "Async Capable": false, "Join Type": "Inner", "Startup Cost": 8022.08, "Total Cost": 16953.83, "Plan Rows": 5319.0, "Plan Width": 0, "Actual Rows": 24990, "Actual Loops": 2, "Inner Unique": false, "Merge Cond": "(u.id = b.userid)", "Workers": [], "Plans": [{"Node Type": "Sort", "Parent Relationship": "Outer", "Parallel Aware": false, "Async Capable": false, "Startup Cost": 8020.25, "Total Cost": 8087.61, "Plan Rows": 43.0, "Plan Width": 8, "Actual Rows": 5287, "Actual Loops": 2, "Sort Key": ["ph.userid"], "Sort Method": "quicksort", "Sort Space Used": 785, "Sort Space Type": "Memory", "Workers": [{"Worker Number": 0, "Sort Method": "quicksort", "Sort Space Used": 734, "Sort Space Type": "Memory"}], "Plans": [{"Node Type": "Hash Join", "Parent Relationship": "Outer", "Parallel Aware": false, "Async Capable": false, "Join Type": "Inner", "Startup Cost": 1460.95, "Total Cost": 6037.48, "Plan Rows": 43.0, "Plan Width": 8, "Actual Rows": 12009, "Actual Loops": 2, "Inner Unique": true, "Hash Cond": "(ph.userid = u.id)", "Workers": [], "Plans": [{"Node Type": "Seq Scan", "Parent Relationship": "Outer", "Parallel Aware": true, "Async Capable": false, "Relation Name": "posthistory", "Alias": "ph", "Startup Cost": 0.0, "Total Cost": 4469.32, "Plan Rows": 40839, "Plan Width": 4, "Actual Rows": 34714, "Actual Loops": 2, "Filter": "(posthistorytypeid = 5)", "Rows Removed by Filter": 116880, "Workers": []}, {"Node Type": "Hash", "Parent Relationship": "Inner", "Parallel Aware": false, "Async Capable": false, "Startup Cost": 1103.5, "Total Cost": 1103.5, "Plan Rows": 28596, "Plan Width": 4, "Actual Rows": 28608, "Actual Loops": 2, "Hash Buckets": 32768, "Original Hash Buckets": 32768, "Hash Batches": 1, "Original Hash Batches": 1, "Peak Memory Usage": 1262, "Workers": [], "Plans": [{"Node Type": "Seq Scan", "Parent Relationship": "Outer", "Parallel Aware": false, "Async Capable": false, "Relation Name": "users", "Alias": "u", "Startup Cost": 0.0, "Total Cost": 1103.5, "Plan Rows": 28596, "Plan Width": 4, "Actual Rows": 28608, "Actual Loops": 2, "Filter": "((reputation <= 80027) AND (views <= 4386) AND (creationdate >= '2012-09-08 17:34:32'::timestamp without time zone) AND (creationdate <= '2014-08-29 05:04:22'::timestamp without time zone))", "Rows Removed by Filter": 11717, "Workers": []}]}]}]}, {"Node Type": "Materialize", "Parent Relationship": "Inner", "Parallel Aware": false, "Async Capable": false, "Startup Cost": 1.83, "Total Cost": 7080.17, "Plan Rows": 136905.0, "Plan Width": 8, "Actual Rows": 368753, "Actual Loops": 2, "Workers": [], "Plans": [{"Node Type": "Merge Join", "Parent Relationship": "Outer", "Parallel Aware": false, "Async Capable": false, "Join Type": "Inner", "Startup Cost": 1.83, "Total Cost": 6612.2, "Plan Rows": 136905.0, "Plan Width": 8, "Actual Rows": 348374, "Actual Loops": 2, "Inner Unique": false, "Merge Cond": "(b.userid = v.userid)", "Workers": [], "Plans": [{"Node Type": "Index Scan", "Parent Relationship": "Outer", "Parallel Aware": false, "Async Capable": false, "Scan Direction": "Forward", "Index Name": "idx_badges_userid", "Relation Name": "badges", "Alias": "b", "Startup Cost": 0.29, "Total Cost": 3064.97, "Plan Rows": 34788, "Plan Width": 4, "Actual Rows": 34785, "Actual Loops": 2, "Filter": "(date <= '2013-03-18 21:16:06'::timestamp without time zone)", "Rows Removed by Filter": 19801, "Workers": []}, {"Node Type": "Materialize", "Parent Relationship": "Inner", "Parallel Aware": false, "Async Capable": false, "Startup Cost": 0.42, "Total Cost": 12792.4, "Plan Rows": 147970, "Plan Width": 4, "Actual Rows": 349221, "Actual Loops": 2, "Workers": [], "Plans": [{"Node Type": "Index Scan", "Parent Relationship": "Outer", "Parallel Aware": false, "Async Capable": false, "Scan Direction": "Forward", "Index Name": "idx_votes_userid", "Relation Name": "votes", "Alias": "v", "Startup Cost": 0.42, "Total Cost": 12422.47, "Plan Rows": 147970, "Plan Width": 4, "Actual Rows": 13642, "Actual Loops": 2, "Filter": "(creationdate <= '2012-11-27 12:58:58'::timestamp without time zone)", "Rows Removed by Filter": 21148, "Workers": []}]}]}]}]}]}]}]}, "Planning Time": 6.415, "Triggers": [], "Execution Time": 325.946}, {"Plan": {"Node Type": "Aggregate", "Strategy": "Plain", "Partial Mode": "Simple", "Parallel Aware": false, "Async Capable": false, "Startup Cost": 107572.08, "Total Cost": 107572.09, "Plan Rows": 1, "Plan Width": 8, "Plans": [{"Node Type": "Hash Join", "Parent Relationship": "Outer", "Parallel Aware": false, "Async Capable": false, "Join Type": "Inner", "Startup Cost": 1463.21, "Total Cost": 105584.63, "Plan Rows": 5319.0, "Plan Width": 0, "Inner Unique": true, "Hash Cond": "(b.userid = u.id)", "Plans": [{"Node Type": "Nested Loop", "Parent Relationship": "Outer", "Parallel Aware": false, "Async Capable": false, "Join Type": "Inner", "Startup Cost": 2.26, "Total Cost": 20469.07, "Plan Rows": 14747.0, "Plan Width": 12, "Inner Unique": false, "Join Filter": "(ph.userid = b.userid)", "Plans": [{"Node Type": "Merge Join", "Parent Relationship": "Outer", "Parallel Aware": false, "Async Capable": false, "Join Type": "Inner", "Startup Cost": 1.83, "Total Cost": 6612.2, "Plan Rows": 136905.0, "Plan Width": 8, "Inner Unique": false, "Merge Cond": "(b.userid = v.userid)", "Plans": [{"Node Type": "Index Scan", "Parent Relationship": "Outer", "Parallel Aware": false, "Async Capable": false, "Scan Direction": "Forward", "Index Name": "idx_badges_userid", "Relation Name": "badges", "Alias": "b", "Startup Cost": 0.29, "Total Cost": 3064.97, "Plan Rows": 34788, "Plan Width": 4, "Filter": "(date <= '2013-03-18 21:16:06'::timestamp without time zone)"}, {"Node Type": "Materialize", "Parent Relationship": "Inner", "Parallel Aware": false, "Async Capable": false, "Startup Cost": 0.42, "Total Cost": 12792.4, "Plan Rows": 147970, "Plan Width": 4, "Plans": [{"Node Type": "Index Scan", "Parent Relationship": "Outer", "Parallel Aware": false, "Async Capable": false, "Scan Direction": "Forward", "Index Name": "idx_votes_userid", "Relation Name": "votes", "Alias": "v", "Startup Cost": 0.42, "Total Cost": 12422.47, "Plan Rows": 147970, "Plan Width": 4, "Filter": "(creationdate <= '2012-11-27 12:58:58'::timestamp without time zone)"}]}]}, {"Node Type": "Memoize", "Parent Relationship": "Inner", "Parallel Aware": false, "Async Capable": false, "Startup Cost": 0.43, "Total Cost": 0.78, "Plan Rows": 3, "Plan Width": 4, "Cache Key": "v.userid", "Cache Mode": "logical", "Plans": [{"Node Type": "Index Scan", "Parent Relationship": "Outer", "Parallel Aware": false, "Async Capable": false, "Scan Direction": "Forward", "Index Name": "idx_posthistory_userid", "Relation Name": "posthistory", "Alias": "ph", "Startup Cost": 0.42, "Total Cost": 0.77, "Plan Rows": 3, "Plan Width": 4, "Index Cond": "(userid = v.userid)", "Filter": "(posthistorytypeid = 5)"}]}]}, {"Node Type": "Hash", "Parent Relationship": "Inner", "Parallel Aware": false, "Async Capable": false, "Startup Cost": 1103.5, "Total Cost": 1103.5, "Plan Rows": 28596, "Plan Width": 4, "Plans": [{"Node Type": "Seq Scan", "Parent Relationship": "Outer", "Parallel Aware": false, "Async Capable": false, "Relation Name": "users", "Alias": "u", "Startup Cost": 0.0, "Total Cost": 1103.5, "Plan Rows": 28596, "Plan Width": 4, "Filter": "((reputation <= 80027) AND (views <= 4386) AND (creationdate >= '2012-09-08 17:34:32'::timestamp without time zone) AND (creationdate <= '2014-08-29 05:04:22'::timestamp without time zone))"}]}]}]}, "Timeout Time": 5000}, {"Plan": {"Node Type": "Aggregate", "Strategy": "Plain", "Partial Mode": "Simple", "Parallel Aware": false, "Async Capable": false, "Startup Cost": 43045.83, "Total Cost": 43045.84, "Plan Rows": 1, "Plan Width": 8, "Actual Rows": 1, "Actual Loops": 1, "Plans": [{"Node Type": "Merge Join", "Parent Relationship": "Outer", "Parallel Aware": false, "Async Capable": false, "Join Type": "Inner", "Startup Cost": 1.57, "Total Cost": 41058.38, "Plan Rows": 5319.0, "Plan Width": 0, "Actual Rows": 49981, "Actual Loops": 1, "Inner Unique": false, "Merge Cond": "(u.id = ph.userid)", "Plans": [{"Node Type": "Merge Join", "Parent Relationship": "Outer", "Parallel Aware": false, "Async Capable": false, "Join Type": "Inner", "Startup Cost": 0.71, "Total Cost": 5230.48, "Plan Rows": 3065.0, "Plan Width": 8, "Actual Rows": 6012, "Actual Loops": 1, "Inner Unique": false, "Merge Cond": "(u.id = b.userid)", "Plans": [{"Node Type": "Index Scan", "Parent Relationship": "Outer", "Parallel Aware": false, "Async Capable": false, "Scan Direction": "Forward", "Index Name": "users_pkey", "Relation Name": "users", "Alias": "u", "Startup Cost": 0.29, "Total Cost": 1760.41, "Plan Rows": 28596, "Plan Width": 4, "Actual Rows": 7642, "Actual Loops": 1, "Filter": "((reputation <= 80027) AND (views <= 4386) AND (creationdate >= '2012-09-08 17:34:32'::timestamp without time zone) AND (creationdate <= '2014-08-29 05:04:22'::timestamp without time zone))", "Rows Removed by Filter": 10885}, {"Node Type": "Index Scan", "Parent Relationship": "Inner", "Parallel Aware": false, "Async Capable": false, "Scan Direction": "Forward", "Index Name": "idx_badges_userid", "Relation Name": "badges", "Alias": "b", "Startup Cost": 0.29, "Total Cost": 3064.97, "Plan Rows": 34788, "Plan Width": 4, "Actual Rows": 34785, "Actual Loops": 1, "Filter": "(date <= '2013-03-18 21:16:06'::timestamp without time zone)", "Rows Removed by Filter": 19801}]}, {"Node Type": "Materialize", "Parent Relationship": "Inner", "Parallel Aware": false, "Async Capable": false, "Startup Cost": 0.85, "Total Cost": 26406.46, "Plan Rows": 1286.0, "Plan Width": 8, "Actual Rows": 2331784, "Actual Loops": 1, "Plans": [{"Node Type": "Nested Loop", "Parent Relationship": "Outer", "Parallel Aware": false, "Async Capable": false, "Join Type": "Inner", "Startup Cost": 0.85, "Total Cost": 22914.58, "Plan Rows": 1286.0, "Plan Width": 8, "Actual Rows": 2285465, "Actual Loops": 1, "Inner Unique": false, "Plans": [{"Node Type": "Index Scan", "Parent Relationship": "Outer", "Parallel Aware": false, "Async Capable": false, "Scan Direction": "Forward", "Index Name": "idx_votes_userid", "Relation Name": "votes", "Alias": "v", "Startup Cost": 0.42, "Total Cost": 12422.47, "Plan Rows": 147970, "Plan Width": 4, "Actual Rows": 147923, "Actual Loops": 1, "Filter": "(creationdate <= '2012-11-27 12:58:58'::timestamp without time zone)", "Rows Removed by Filter": 180141}, {"Node Type": "Memoize", "Parent Relationship": "Inner", "Parallel Aware": false, "Async Capable": false, "Startup Cost": 0.43, "Total Cost": 0.78, "Plan Rows": 3, "Plan Width": 4, "Actual Rows": 15, "Actual Loops": 147923, "Cache Key": "v.userid", "Cache Mode": "logical", "Cache Hits": 145921, "Cache Misses": 2002, "Cache Evictions": 0, "Cache Overflows": 0, "Peak Memory Usage": 1432, "Plans": [{"Node Type": "Index Scan", "Parent Relationship": "Outer", "Parallel Aware": false, "Async Capable": false, "Scan Direction": "Forward", "Index Name": "idx_posthistory_userid", "Relation Name": "posthistory", "Alias": "ph", "Startup Cost": 0.42, "Total Cost": 0.77, "Plan Rows": 3, "Plan Width": 4, "Actual Rows": 18, "Actual Loops": 2002, "Index Cond": "(userid = v.userid)", "Rows Removed by Index Recheck": 0, "Filter": "(posthistorytypeid = 5)", "Rows Removed by Filter": 40}]}]}]}]}]}, "Planning Time": 3.286, "Triggers": [], "Execution Time": 779.03}, {"Plan": {"Node Type": "Aggregate", "Strategy": "Plain", "Partial Mode": "Finalize", "Parallel Aware": false, "Async Capable": false, "Startup Cost": 25235.38, "Total Cost": 25235.39, "Plan Rows": 1, "Plan Width": 8, "Actual Rows": 1, "Actual Loops": 1, "Plans": [{"Node Type": "Gather", "Parent Relationship": "Outer", "Parallel Aware": false, "Async Capable": false, "Startup Cost": 25235.26, "Total Cost": 25235.37, "Plan Rows": 1, "Plan Width": 8, "Actual Rows": 2, "Actual Loops": 1, "Workers Planned": 1, "Workers Launched": 1, "Single Copy": false, "Plans": [{"Node Type": "Aggregate", "Strategy": "Plain", "Partial Mode": "Partial", "Parent Relationship": "Outer", "Parallel Aware": false, "Async Capable": false, "Startup Cost": 24235.26, "Total Cost": 24235.27, "Plan Rows": 1, "Plan Width": 8, "Actual Rows": 1, "Actual Loops": 2, "Workers": [], "Plans": [{"Node Type": "Hash Join", "Parent Relationship": "Outer", "Parallel Aware": false, "Async Capable": false, "Join Type": "Inner", "Startup Cost": 3291.22, "Total Cost": 23066.18, "Plan Rows": 5319.0, "Plan Width": 0, "Actual Rows": 24990, "Actual Loops": 2, "Inner Unique": false, "Hash Cond": "(ph.userid = u.id)", "Workers": [], "Plans": [{"Node Type": "Nested Loop", "Parent Relationship": "Outer", "Parallel Aware": false, "Async Capable": false, "Join Type": "Inner", "Startup Cost": 0.43, "Total Cost": 12017.88, "Plan Rows": 1286.0, "Plan Width": 8, "Actual Rows": 1142732, "Actual Loops": 2, "Inner Unique": false, "Workers": [], "Plans": [{"Node Type": "Seq Scan", "Parent Relationship": "Outer", "Parallel Aware": true, "Async Capable": false, "Relation Name": "votes", "Alias": "v", "Startup Cost": 0.0, "Total Cost": 4572.24, "Plan Rows": 87041, "Plan Width": 4, "Actual Rows": 73962, "Actual Loops": 2, "Filter": "(creationdate <= '2012-11-27 12:58:58'::timestamp without time zone)", "Rows Removed by Filter": 90070, "Workers": []}, {"Node Type": "Memoize", "Parent Relationship": "Inner", "Parallel Aware": false, "Async Capable": false, "Startup Cost": 0.43, "Total Cost": 0.78, "Plan Rows": 3, "Plan Width": 4, "Actual Rows": 15, "Actual Loops": 147923, "Cache Key": "v.userid", "Cache Mode": "logical", "Cache Hits": 74320, "Cache Misses": 1384, "Cache Evictions": 0, "Cache Overflows": 0, "Peak Memory Usage": 1302, "Workers": [{"Worker Number": 0, "Cache Hits": 70874, "Cache Misses": 1345, "Cache Evictions": 0, "Cache Overflows": 0, "Peak Memory Usage": 1321}], "Plans": [{"Node Type": "Index Scan", "Parent Relationship": "Outer", "Parallel Aware": false, "Async Capable": false, "Scan Direction": "Forward", "Index Name": "idx_posthistory_userid", "Relation Name": "posthistory", "Alias": "ph", "Startup Cost": 0.42, "Total Cost": 0.77, "Plan Rows": 3, "Plan Width": 4, "Actual Rows": 25, "Actual Loops": 2729, "Index Cond": "(userid = v.userid)", "Rows Removed by Index Recheck": 0, "Filter": "(posthistorytypeid = 5)", "Rows Removed by Filter": 53, "Workers": []}]}]}, {"Node Type": "Hash", "Parent Relationship": "Inner", "Parallel Aware": false, "Async Capable": false, "Startup Cost": 2982.42, "Total Cost": 2982.42, "Plan Rows": 3065.0, "Plan Width": 8, "Actual Rows": 6012, "Actual Loops": 2, "Hash Buckets": 32768, "Original Hash Buckets": 32768, "Hash Batches": 1, "Original Hash Batches": 1, "Peak Memory Usage": 491, "Workers": [], "Plans": [{"Node Type": "Hash Join", "Parent Relationship": "Outer", "Parallel Aware": false, "Async Capable": false, "Join Type": "Inner", "Startup Cost": 1460.95, "Total Cost": 2982.42, "Plan Rows": 3065.0, "Plan Width": 8, "Actual Rows": 6012, "Actual Loops": 2, "Inner Unique": true, "Hash Cond": "(b.userid = u.id)", "Workers": [], "Plans": [{"Node Type": "Seq Scan", "Parent Relationship": "Outer", "Parallel Aware": false, "Async Capable": false, "Relation Name": "badges", "Alias": "b", "Startup Cost": 0.0, "Total Cost": 1430.14, "Plan Rows": 34788, "Plan Width": 4, "Actual Rows": 34785, "Actual Loops": 2, "Filter": "(date <= '2013-03-18 21:16:06'::timestamp without time zone)", "Rows Removed by Filter": 45066, "Workers": []}, {"Node Type": "Hash", "Parent Relationship": "Inner", "Parallel Aware": false, "Async Capable": false, "Startup Cost": 1103.5, "Total Cost": 1103.5, "Plan Rows": 28596, "Plan Width": 4, "Actual Rows": 28608, "Actual Loops": 2, "Hash Buckets": 32768, "Original Hash Buckets": 32768, "Hash Batches": 1, "Original Hash Batches": 1, "Peak Memory Usage": 1262, "Workers": [], "Plans": [{"Node Type": "Seq Scan", "Parent Relationship": "Outer", "Parallel Aware": false, "Async Capable": false, "Relation Name": "users", "Alias": "u", "Startup Cost": 0.0, "Total Cost": 1103.5, "Plan Rows": 28596, "Plan Width": 4, "Actual Rows": 28608, "Actual Loops": 2, "Filter": "((reputation <= 80027) AND (views <= 4386) AND (creationdate >= '2012-09-08 17:34:32'::timestamp without time zone) AND (creationdate <= '2014-08-29 05:04:22'::timestamp without time zone))", "Rows Removed by Filter": 11717, "Workers": []}]}]}]}]}]}]}]}, "Planning Time": 6.704, "Triggers": [], "Execution Time": 286.266}]