[{"Plan": {"Node Type": "Aggregate", "Strategy": "Plain", "Partial Mode": "Simple", "Parallel Aware": false, "Async Capable": false, "Startup Cost": 4741.26, "Total Cost": 4741.27, "Plan Rows": 1, "Plan Width": 8, "Actual Rows": 1, "Actual Loops": 1, "Plans": [{"Node Type": "Nested Loop", "Parent Relationship": "Outer", "Parallel Aware": false, "Async Capable": false, "Join Type": "Inner", "Startup Cost": 2888.52, "Total Cost": 4740.92, "Plan Rows": 424.0, "Plan Width": 0, "Actual Rows": 379, "Actual Loops": 1, "Inner Unique": false, "Join Filter": "(ph.userid = u.id)", "Rows Removed by Join Filter": 0, "Plans": [{"Node Type": "Merge Join", "Parent Relationship": "Outer", "Parallel Aware": false, "Async Capable": false, "Join Type": "Inner", "Startup Cost": 2888.1, "Total Cost": 4243.12, "Plan Rows": 3631.0, "Plan Width": 12, "Actual Rows": 9319, "Actual Loops": 1, "Inner Unique": false, "Merge Cond": "(v.userid = u.id)", "Plans": [{"Node Type": "Index Scan", "Parent Relationship": "Outer", "Parallel Aware": false, "Async Capable": false, "Scan Direction": "Forward", "Index Name": "idx_votes_userid", "Relation Name": "votes", "Alias": "v", "Startup Cost": 0.42, "Total Cost": 12422.47, "Plan Rows": 81546, "Plan Width": 4, "Actual Rows": 6060, "Actual Loops": 1, "Filter": "(creationdate <= '2012-02-03 13:27:15'::timestamp without time zone)", "Rows Removed by Filter": 5246}, {"Node Type": "Sort", "Parent Relationship": "Inner", "Parallel Aware": false, "Async Capable": false, "Startup Cost": 2887.68, "Total Cost": 2894.59, "Plan Rows": 416.0, "Plan Width": 8, "Actual Rows": 10663, "Actual Loops": 1, "Sort Key": ["u.id"], "Sort Method": "quicksort", "Sort Space Used": 106, "Sort Space Type": "Memory", "Plans": [{"Node Type": "Hash Join", "Parent Relationship": "Outer", "Parallel Aware": false, "Async Capable": false, "Join Type": "Inner", "Startup Cost": 1278.41, "Total Cost": 2729.48, "Plan Rows": 416.0, "Plan Width": 8, "Actual Rows": 1831, "Actual Loops": 1, "Inner Unique": true, "Hash Cond": "(b.userid = u.id)", "Plans": [{"Node Type": "Seq Scan", "Parent Relationship": "Outer", "Parallel Aware": false, "Async Capable": false, "Relation Name": "badges", "Alias": "b", "Startup Cost": 0.0, "Total Cost": 1430.14, "Plan Rows": 7975, "Plan Width": 4, "Actual Rows": 7974, "Actual Loops": 1, "Filter": "(date <= '2011-07-01 05:37:38'::timestamp without time zone)", "Rows Removed by Filter": 71877}, {"Node Type": "Hash", "Parent Relationship": "Inner", "Parallel Aware": false, "Async Capable": false, "Startup Cost": 1103.5, "Total Cost": 1103.5, "Plan Rows": 13993, "Plan Width": 4, "Actual Rows": 13990, "Actual Loops": 1, "Hash Buckets": 16384, "Original Hash Buckets": 16384, "Hash Batches": 1, "Original Hash Batches": 1, "Peak Memory Usage": 620, "Plans": [{"Node Type": "Seq Scan", "Parent Relationship": "Outer", "Parallel Aware": false, "Async Capable": false, "Relation Name": "users", "Alias": "u", "Startup Cost": 0.0, "Total Cost": 1103.5, "Plan Rows": 13993, "Plan Width": 4, "Actual Rows": 13990, "Actual Loops": 1, "Filter": "((reputation <= 50633) AND (views <= 11906) AND (creationdate >= '2011-02-24 04:24:09'::timestamp without time zone) AND (creationdate <= '2013-03-19 14:42:37'::timestamp without time zone))", "Rows Removed by Filter": 26335}]}]}]}]}, {"Node Type": "Index Scan", "Parent Relationship": "Inner", "Parallel Aware": false, "Async Capable": false, "Scan Direction": "Forward", "Index Name": "idx_posthistory_userid", "Relation Name": "posthistory", "Alias": "ph", "Startup Cost": 0.42, "Total Cost": 0.83, "Plan Rows": 1, "Plan Width": 4, "Actual Rows": 0, "Actual Loops": 9319, "Index Cond": "(userid = v.userid)", "Rows Removed by Index Recheck": 0, "Filter": "(posthistorytypeid = 8)", "Rows Removed by Filter": 177}]}]}, "Planning Time": 2.274, "Triggers": [], "Execution Time": 215.587}, {"Plan": {"Node Type": "Aggregate", "Strategy": "Plain", "Partial Mode": "Simple", "Parallel Aware": false, "Async Capable": false, "Startup Cost": 9499.7, "Total Cost": 9499.71, "Plan Rows": 1, "Plan Width": 8, "Actual Rows": 1, "Actual Loops": 1, "Plans": [{"Node Type": "Merge Join", "Parent Relationship": "Outer", "Parallel Aware": false, "Async Capable": false, "Join Type": "Inner", "Startup Cost": 1949.33, "Total Cost": 9499.36, "Plan Rows": 424.0, "Plan Width": 0, "Actual Rows": 379, "Actual Loops": 1, "Inner Unique": false, "Merge Cond": "(u.id = b.userid)", "Plans": [{"Node Type": "Index Scan", "Parent Relationship": "Outer", "Parallel Aware": false, "Async Capable": false, "Scan Direction": "Forward", "Index Name": "users_pkey", "Relation Name": "users", "Alias": "u", "Startup Cost": 0.29, "Total Cost": 1760.41, "Plan Rows": 13993, "Plan Width": 4, "Actual Rows": 1023, "Actual Loops": 1, "Filter": "((reputation <= 50633) AND (views <= 11906) AND (creationdate >= '2011-02-24 04:24:09'::timestamp without time zone) AND (creationdate <= '2013-03-19 14:42:37'::timestamp without time zone))", "Rows Removed by Filter": 2158}, {"Node Type": "Materialize", "Parent Relationship": "Inner", "Parallel Aware": false, "Async Capable": false, "Startup Cost": 1948.91, "Total Cost": 7636.11, "Plan Rows": 2363.0, "Plan Width": 12, "Actual Rows": 246245, "Actual Loops": 1, "Plans": [{"Node Type": "Nested Loop", "Parent Relationship": "Outer", "Parallel Aware": false, "Async Capable": false, "Join Type": "Inner", "Startup Cost": 1948.91, "Total Cost": 7607.69, "Plan Rows": 2363.0, "Plan Width": 12, "Actual Rows": 246245, "Actual Loops": 1, "Inner Unique": false, "Join Filter": "(ph.userid = b.userid)", "Rows Removed by Join Filter": 0, "Plans": [{"Node Type": "Merge Join", "Parent Relationship": "Outer", "Parallel Aware": false, "Async Capable": false, "Join Type": "Inner", "Startup Cost": 1948.47, "Total Cost": 3637.4, "Plan Rows": 22811.0, "Plan Width": 8, "Actual Rows": 86607, "Actual Loops": 1, "Inner Unique": false, "Merge Cond": "(v.userid = b.userid)", "Plans": [{"Node Type": "Index Scan", "Parent Relationship": "Outer", "Parallel Aware": false, "Async Capable": false, "Scan Direction": "Forward", "Index Name": "idx_votes_userid", "Relation Name": "votes", "Alias": "v", "Startup Cost": 0.42, "Total Cost": 12422.47, "Plan Rows": 81546, "Plan Width": 4, "Actual Rows": 6060, "Actual Loops": 1, "Filter": "(creationdate <= '2012-02-03 13:27:15'::timestamp without time zone)", "Rows Removed by Filter": 5246}, {"Node Type": "Sort", "Parent Relationship": "Inner", "Parallel Aware": false, "Async Capable": false, "Startup Cost": 1946.97, "Total Cost": 1966.91, "Plan Rows": 7975, "Plan Width": 4, "Actual Rows": 91006, "Actual Loops": 1, "Sort Key": ["b.userid"], "Sort Method": "quicksort", "Sort Space Used": 193, "Sort Space Type": "Memory", "Plans": [{"Node Type": "Seq Scan", "Parent Relationship": "Outer", "Parallel Aware": false, "Async Capable": false, "Relation Name": "badges", "Alias": "b", "Startup Cost": 0.0, "Total Cost": 1430.14, "Plan Rows": 7975, "Plan Width": 4, "Actual Rows": 7974, "Actual Loops": 1, "Filter": "(date <= '2011-07-01 05:37:38'::timestamp without time zone)", "Rows Removed by Filter": 71877}]}]}, {"Node Type": "Memoize", "Parent Relationship": "Inner", "Parallel Aware": false, "Async Capable": false, "Startup Cost": 0.43, "Total Cost": 0.84, "Plan Rows": 1, "Plan Width": 4, "Actual Rows": 3, "Actual Loops": 86607, "Cache Key": "v.userid", "Cache Mode": "logical", "Cache Hits": 85988, "Cache Misses": 619, "Cache Evictions": 0, "Cache Overflows": 0, "Peak Memory Usage": 45, "Plans": [{"Node Type": "Index Scan", "Parent Relationship": "Outer", "Parallel Aware": false, "Async Capable": false, "Scan Direction": "Forward", "Index Name": "idx_posthistory_userid", "Relation Name": "posthistory", "Alias": "ph", "Startup Cost": 0.42, "Total Cost": 0.83, "Plan Rows": 1, "Plan Width": 4, "Actual Rows": 0, "Actual Loops": 619, "Index Cond": "(userid = v.userid)", "Rows Removed by Index Recheck": 0, "Filter": "(posthistorytypeid = 8)", "Rows Removed by Filter": 94}]}]}]}]}]}, "Planning Time": 2.274, "Triggers": [], "Execution Time": 126.065}, {"Plan": {"Node Type": "Aggregate", "Strategy": "Plain", "Partial Mode": "Simple", "Parallel Aware": false, "Async Capable": false, "Startup Cost": 4741.26, "Total Cost": 4741.27, "Plan Rows": 1, "Plan Width": 8, "Actual Rows": 1, "Actual Loops": 1, "Plans": [{"Node Type": "Nested Loop", "Parent Relationship": "Outer", "Parallel Aware": false, "Async Capable": false, "Join Type": "Inner", "Startup Cost": 2888.52, "Total Cost": 4740.92, "Plan Rows": 424.0, "Plan Width": 0, "Actual Rows": 379, "Actual Loops": 1, "Inner Unique": false, "Join Filter": "(ph.userid = u.id)", "Rows Removed by Join Filter": 0, "Plans": [{"Node Type": "Merge Join", "Parent Relationship": "Outer", "Parallel Aware": false, "Async Capable": false, "Join Type": "Inner", "Startup Cost": 2888.1, "Total Cost": 4243.12, "Plan Rows": 3631.0, "Plan Width": 12, "Actual Rows": 9319, "Actual Loops": 1, "Inner Unique": false, "Merge Cond": "(v.userid = u.id)", "Plans": [{"Node Type": "Index Scan", "Parent Relationship": "Outer", "Parallel Aware": false, "Async Capable": false, "Scan Direction": "Forward", "Index Name": "idx_votes_userid", "Relation Name": "votes", "Alias": "v", "Startup Cost": 0.42, "Total Cost": 12422.47, "Plan Rows": 81546, "Plan Width": 4, "Actual Rows": 6060, "Actual Loops": 1, "Filter": "(creationdate <= '2012-02-03 13:27:15'::timestamp without time zone)", "Rows Removed by Filter": 5246}, {"Node Type": "Sort", "Parent Relationship": "Inner", "Parallel Aware": false, "Async Capable": false, "Startup Cost": 2887.68, "Total Cost": 2894.59, "Plan Rows": 416.0, "Plan Width": 8, "Actual Rows": 10663, "Actual Loops": 1, "Sort Key": ["u.id"], "Sort Method": "quicksort", "Sort Space Used": 106, "Sort Space Type": "Memory", "Plans": [{"Node Type": "Hash Join", "Parent Relationship": "Outer", "Parallel Aware": false, "Async Capable": false, "Join Type": "Inner", "Startup Cost": 1278.41, "Total Cost": 2729.48, "Plan Rows": 416.0, "Plan Width": 8, "Actual Rows": 1831, "Actual Loops": 1, "Inner Unique": true, "Hash Cond": "(b.userid = u.id)", "Plans": [{"Node Type": "Seq Scan", "Parent Relationship": "Outer", "Parallel Aware": false, "Async Capable": false, "Relation Name": "badges", "Alias": "b", "Startup Cost": 0.0, "Total Cost": 1430.14, "Plan Rows": 7975, "Plan Width": 4, "Actual Rows": 7974, "Actual Loops": 1, "Filter": "(date <= '2011-07-01 05:37:38'::timestamp without time zone)", "Rows Removed by Filter": 71877}, {"Node Type": "Hash", "Parent Relationship": "Inner", "Parallel Aware": false, "Async Capable": false, "Startup Cost": 1103.5, "Total Cost": 1103.5, "Plan Rows": 13993, "Plan Width": 4, "Actual Rows": 13990, "Actual Loops": 1, "Hash Buckets": 16384, "Original Hash Buckets": 16384, "Hash Batches": 1, "Original Hash Batches": 1, "Peak Memory Usage": 620, "Plans": [{"Node Type": "Seq Scan", "Parent Relationship": "Outer", "Parallel Aware": false, "Async Capable": false, "Relation Name": "users", "Alias": "u", "Startup Cost": 0.0, "Total Cost": 1103.5, "Plan Rows": 13993, "Plan Width": 4, "Actual Rows": 13990, "Actual Loops": 1, "Filter": "((reputation <= 50633) AND (views <= 11906) AND (creationdate >= '2011-02-24 04:24:09'::timestamp without time zone) AND (creationdate <= '2013-03-19 14:42:37'::timestamp without time zone))", "Rows Removed by Filter": 26335}]}]}]}]}, {"Node Type": "Index Scan", "Parent Relationship": "Inner", "Parallel Aware": false, "Async Capable": false, "Scan Direction": "Forward", "Index Name": "idx_posthistory_userid", "Relation Name": "posthistory", "Alias": "ph", "Startup Cost": 0.42, "Total Cost": 0.83, "Plan Rows": 1, "Plan Width": 4, "Actual Rows": 0, "Actual Loops": 9319, "Index Cond": "(userid = v.userid)", "Rows Removed by Index Recheck": 0, "Filter": "(posthistorytypeid = 8)", "Rows Removed by Filter": 177}]}]}, "Planning Time": 2.186, "Triggers": [], "Execution Time": 210.667}, {"Plan": {"Node Type": "Aggregate", "Strategy": "Plain", "Partial Mode": "Finalize", "Parallel Aware": false, "Async Capable": false, "Startup Cost": 9460.36, "Total Cost": 9460.37, "Plan Rows": 1, "Plan Width": 8, "Actual Rows": 1, "Actual Loops": 1, "Plans": [{"Node Type": "Gather", "Parent Relationship": "Outer", "Parallel Aware": false, "Async Capable": false, "Startup Cost": 9460.25, "Total Cost": 9460.36, "Plan Rows": 1, "Plan Width": 8, "Actual Rows": 2, "Actual Loops": 1, "Workers Planned": 1, "Workers Launched": 1, "Single Copy": false, "Plans": [{"Node Type": "Aggregate", "Strategy": "Plain", "Partial Mode": "Partial", "Parent Relationship": "Outer", "Parallel Aware": false, "Async Capable": false, "Startup Cost": 8460.25, "Total Cost": 8460.26, "Plan Rows": 1, "Plan Width": 8, "Actual Rows": 1, "Actual Loops": 2, "Workers": [], "Plans": [{"Node Type": "Hash Join", "Parent Relationship": "Outer", "Parallel Aware": true, "Async Capable": false, "Join Type": "Inner", "Startup Cost": 5402.44, "Total Cost": 8460.05, "Plan Rows": 424.0, "Plan Width": 0, "Actual Rows": 190, "Actual Loops": 2, "Inner Unique": false, "Hash Cond": "(u.id = b.userid)", "Workers": [], "Plans": [{"Node Type": "Merge Join", "Parent Relationship": "Outer", "Parallel Aware": false, "Async Capable": false, "Join Type": "Inner", "Startup Cost": 0.71, "Total Cost": 2961.25, "Plan Rows": 1487.0, "Plan Width": 8, "Actual Rows": 1346, "Actual Loops": 2, "Inner Unique": true, "Merge Cond": "(v.userid = u.id)", "Workers": [], "Plans": [{"Node Type": "Index Scan", "Parent Relationship": "Outer", "Parallel Aware": true, "Async Capable": false, "Scan Direction": "Forward", "Index Name": "idx_votes_userid", "Relation Name": "votes", "Alias": "v", "Startup Cost": 0.42, "Total Cost": 10733.91, "Plan Rows": 47968, "Plan Width": 4, "Actual Rows": 3699, "Actual Loops": 2, "Filter": "(creationdate <= '2012-02-03 13:27:15'::timestamp without time zone)", "Rows Removed by Filter": 13696, "Workers": []}, {"Node Type": "Index Scan", "Parent Relationship": "Inner", "Parallel Aware": false, "Async Capable": false, "Scan Direction": "Forward", "Index Name": "users_pkey", "Relation Name": "users", "Alias": "u", "Startup Cost": 0.29, "Total Cost": 1760.41, "Plan Rows": 13993, "Plan Width": 4, "Actual Rows": 10516, "Actual Loops": 2, "Filter": "((reputation <= 50633) AND (views <= 11906) AND (creationdate >= '2011-02-24 04:24:09'::timestamp without time zone) AND (creationdate <= '2013-03-19 14:42:37'::timestamp without time zone))", "Rows Removed by Filter": 2950, "Workers": []}]}, {"Node Type": "Hash", "Parent Relationship": "Inner", "Parallel Aware": true, "Async Capable": false, "Startup Cost": 5394.19, "Total Cost": 5394.19, "Plan Rows": 196.0, "Plan Width": 8, "Actual Rows": 2162, "Actual Loops": 2, "Hash Buckets": 4096, "Original Hash Buckets": 2048, "Hash Batches": 1, "Original Hash Batches": 1, "Peak Memory Usage": 240, "Workers": [], "Plans": [{"Node Type": "Nested Loop", "Parent Relationship": "Outer", "Parallel Aware": false, "Async Capable": false, "Join Type": "Inner", "Startup Cost": 0.29, "Total Cost": 5394.19, "Plan Rows": 196.0, "Plan Width": 8, "Actual Rows": 2162, "Actual Loops": 2, "Inner Unique": false, "Workers": [], "Plans": [{"Node Type": "Seq Scan", "Parent Relationship": "Outer", "Parallel Aware": true, "Async Capable": false, "Relation Name": "posthistory", "Alias": "ph", "Startup Cost": 0.0, "Total Cost": 4469.32, "Plan Rows": 115, "Plan Width": 4, "Actual Rows": 87, "Actual Loops": 2, "Filter": "(posthistorytypeid = 8)", "Rows Removed by Filter": 151506, "Workers": []}, {"Node Type": "Index Scan", "Parent Relationship": "Inner", "Parallel Aware": false, "Async Capable": false, "Scan Direction": "Forward", "Index Name": "idx_badges_userid", "Relation Name": "badges", "Alias": "b", "Startup Cost": 0.29, "Total Cost": 8.03, "Plan Rows": 1, "Plan Width": 4, "Actual Rows": 25, "Actual Loops": 174, "Index Cond": "(userid = ph.userid)", "Rows Removed by Index Recheck": 0, "Filter": "(date <= '2011-07-01 05:37:38'::timestamp without time zone)", "Rows Removed by Filter": 147, "Workers": []}]}]}]}]}]}]}, "Planning Time": 5.759, "Triggers": [], "Execution Time": 96.219}, {"Plan": {"Node Type": "Aggregate", "Strategy": "Plain", "Partial Mode": "Simple", "Parallel Aware": false, "Async Capable": false, "Startup Cost": 6990.72, "Total Cost": 6990.73, "Plan Rows": 1, "Plan Width": 8, "Actual Rows": 1, "Actual Loops": 1, "Plans": [{"Node Type": "Hash Join", "Parent Relationship": "Outer", "Parallel Aware": false, "Async Capable": false, "Join Type": "Inner", "Startup Cost": 5528.94, "Total Cost": 6990.38, "Plan Rows": 424.0, "Plan Width": 0, "Actual Rows": 379, "Actual Loops": 1, "Inner Unique": false, "Hash Cond": "(b.userid = u.id)", "Plans": [{"Node Type": "Seq Scan", "Parent Relationship": "Outer", "Parallel Aware": false, "Async Capable": false, "Relation Name": "badges", "Alias": "b", "Startup Cost": 0.0, "Total Cost": 1430.14, "Plan Rows": 7975, "Plan Width": 4, "Actual Rows": 7974, "Actual Loops": 1, "Filter": "(date <= '2011-07-01 05:37:38'::timestamp without time zone)", "Rows Removed by Filter": 71877}, {"Node Type": "Hash", "Parent Relationship": "Inner", "Parallel Aware": false, "Async Capable": false, "Startup Cost": 5520.17, "Total Cost": 5520.17, "Plan Rows": 146.0, "Plan Width": 12, "Actual Rows": 264, "Actual Loops": 1, "Hash Buckets": 1024, "Original Hash Buckets": 1024, "Hash Batches": 1, "Original Hash Batches": 1, "Peak Memory Usage": 20, "Plans": [{"Node Type": "Gather Merge", "Parent Relationship": "Outer", "Parallel Aware": false, "Async Capable": false, "Startup Cost": 1001.14, "Total Cost": 5520.17, "Plan Rows": 146.0, "Plan Width": 12, "Actual Rows": 264, "Actual Loops": 1, "Workers Planned": 1, "Workers Launched": 1, "Plans": [{"Node Type": "Nested Loop", "Parent Relationship": "Outer", "Parallel Aware": false, "Async Capable": false, "Join Type": "Inner", "Startup Cost": 1.13, "Total Cost": 4441.18, "Plan Rows": 146.0, "Plan Width": 12, "Actual Rows": 132, "Actual Loops": 2, "Inner Unique": false, "Join Filter": "(ph.userid = u.id)", "Rows Removed by Join Filter": 0, "Workers": [], "Plans": [{"Node Type": "Merge Join", "Parent Relationship": "Outer", "Parallel Aware": false, "Async Capable": false, "Join Type": "Inner", "Startup Cost": 0.71, "Total Cost": 2961.25, "Plan Rows": 1487.0, "Plan Width": 8, "Actual Rows": 1346, "Actual Loops": 2, "Inner Unique": true, "Merge Cond": "(v.userid = u.id)", "Workers": [], "Plans": [{"Node Type": "Index Scan", "Parent Relationship": "Outer", "Parallel Aware": true, "Async Capable": false, "Scan Direction": "Forward", "Index Name": "idx_votes_userid", "Relation Name": "votes", "Alias": "v", "Startup Cost": 0.42, "Total Cost": 10733.91, "Plan Rows": 47968, "Plan Width": 4, "Actual Rows": 3699, "Actual Loops": 2, "Filter": "(creationdate <= '2012-02-03 13:27:15'::timestamp without time zone)", "Rows Removed by Filter": 13696, "Workers": []}, {"Node Type": "Index Scan", "Parent Relationship": "Inner", "Parallel Aware": false, "Async Capable": false, "Scan Direction": "Forward", "Index Name": "users_pkey", "Relation Name": "users", "Alias": "u", "Startup Cost": 0.29, "Total Cost": 1760.41, "Plan Rows": 13993, "Plan Width": 4, "Actual Rows": 7008, "Actual Loops": 2, "Filter": "((reputation <= 50633) AND (views <= 11906) AND (creationdate >= '2011-02-24 04:24:09'::timestamp without time zone) AND (creationdate <= '2013-03-19 14:42:37'::timestamp without time zone))", "Rows Removed by Filter": 2942, "Workers": []}]}, {"Node Type": "Index Scan", "Parent Relationship": "Inner", "Parallel Aware": false, "Async Capable": false, "Scan Direction": "Forward", "Index Name": "idx_posthistory_userid", "Relation Name": "posthistory", "Alias": "ph", "Startup Cost": 0.42, "Total Cost": 0.83, "Plan Rows": 1, "Plan Width": 4, "Actual Rows": 0, "Actual Loops": 2692, "Index Cond": "(userid = v.userid)", "Rows Removed by Index Recheck": 0, "Filter": "(posthistorytypeid = 8)", "Rows Removed by Filter": 162, "Workers": []}]}]}]}]}]}, "Planning Time": 3.263, "Triggers": [], "Execution Time": 152.811}, {"Plan": {"Node Type": "Aggregate", "Strategy": "Plain", "Partial Mode": "Finalize", "Parallel Aware": false, "Async Capable": false, "Startup Cost": 5603.71, "Total Cost": 5603.72, "Plan Rows": 1, "Plan Width": 8, "Actual Rows": 1, "Actual Loops": 1, "Plans": [{"Node Type": "Gather", "Parent Relationship": "Outer", "Parallel Aware": false, "Async Capable": false, "Startup Cost": 5603.6, "Total Cost": 5603.71, "Plan Rows": 1, "Plan Width": 8, "Actual Rows": 2, "Actual Loops": 1, "Workers Planned": 1, "Workers Launched": 1, "Single Copy": false, "Plans": [{"Node Type": "Aggregate", "Strategy": "Plain", "Partial Mode": "Partial", "Parent Relationship": "Outer", "Parallel Aware": false, "Async Capable": false, "Startup Cost": 4603.6, "Total Cost": 4603.61, "Plan Rows": 1, "Plan Width": 8, "Actual Rows": 1, "Actual Loops": 2, "Workers": [], "Plans": [{"Node Type": "Nested Loop", "Parent Relationship": "Outer", "Parallel Aware": false, "Async Capable": false, "Join Type": "Inner", "Startup Cost": 1.43, "Total Cost": 4603.39, "Plan Rows": 424.0, "Plan Width": 0, "Actual Rows": 190, "Actual Loops": 2, "Inner Unique": false, "Join Filter": "(u.id = b.userid)", "Rows Removed by Join Filter": 0, "Workers": [], "Plans": [{"Node Type": "Nested Loop", "Parent Relationship": "Outer", "Parallel Aware": false, "Async Capable": false, "Join Type": "Inner", "Startup Cost": 1.13, "Total Cost": 4441.18, "Plan Rows": 146.0, "Plan Width": 12, "Actual Rows": 132, "Actual Loops": 2, "Inner Unique": false, "Join Filter": "(ph.userid = u.id)", "Rows Removed by Join Filter": 0, "Workers": [], "Plans": [{"Node Type": "Merge Join", "Parent Relationship": "Outer", "Parallel Aware": false, "Async Capable": false, "Join Type": "Inner", "Startup Cost": 0.71, "Total Cost": 2961.25, "Plan Rows": 1487.0, "Plan Width": 8, "Actual Rows": 1346, "Actual Loops": 2, "Inner Unique": true, "Merge Cond": "(v.userid = u.id)", "Workers": [], "Plans": [{"Node Type": "Index Scan", "Parent Relationship": "Outer", "Parallel Aware": true, "Async Capable": false, "Scan Direction": "Forward", "Index Name": "idx_votes_userid", "Relation Name": "votes", "Alias": "v", "Startup Cost": 0.42, "Total Cost": 10733.91, "Plan Rows": 47968, "Plan Width": 4, "Actual Rows": 3699, "Actual Loops": 2, "Filter": "(creationdate <= '2012-02-03 13:27:15'::timestamp without time zone)", "Rows Removed by Filter": 13696, "Workers": []}, {"Node Type": "Index Scan", "Parent Relationship": "Inner", "Parallel Aware": false, "Async Capable": false, "Scan Direction": "Forward", "Index Name": "users_pkey", "Relation Name": "users", "Alias": "u", "Startup Cost": 0.29, "Total Cost": 1760.41, "Plan Rows": 13993, "Plan Width": 4, "Actual Rows": 8726, "Actual Loops": 2, "Filter": "((reputation <= 50633) AND (views <= 11906) AND (creationdate >= '2011-02-24 04:24:09'::timestamp without time zone) AND (creationdate <= '2013-03-19 14:42:37'::timestamp without time zone))", "Rows Removed by Filter": 2948, "Workers": []}]}, {"Node Type": "Index Scan", "Parent Relationship": "Inner", "Parallel Aware": false, "Async Capable": false, "Scan Direction": "Forward", "Index Name": "idx_posthistory_userid", "Relation Name": "posthistory", "Alias": "ph", "Startup Cost": 0.42, "Total Cost": 0.83, "Plan Rows": 1, "Plan Width": 4, "Actual Rows": 0, "Actual Loops": 2692, "Index Cond": "(userid = v.userid)", "Rows Removed by Index Recheck": 0, "Filter": "(posthistorytypeid = 8)", "Rows Removed by Filter": 162, "Workers": []}]}, {"Node Type": "Index Scan", "Parent Relationship": "Inner", "Parallel Aware": false, "Async Capable": false, "Scan Direction": "Forward", "Index Name": "idx_badges_userid", "Relation Name": "badges", "Alias": "b", "Startup Cost": 0.29, "Total Cost": 0.38, "Plan Rows": 1, "Plan Width": 4, "Actual Rows": 1, "Actual Loops": 264, "Index Cond": "(userid = v.userid)", "Rows Removed by Index Recheck": 0, "Filter": "(date <= '2011-07-01 05:37:38'::timestamp without time zone)", "Rows Removed by Filter": 212, "Workers": []}]}]}]}]}, "Planning Time": 2.465, "Triggers": [], "Execution Time": 89.368}, {"Plan": {"Node Type": "Aggregate", "Strategy": "Plain", "Partial Mode": "Simple", "Parallel Aware": false, "Async Capable": false, "Startup Cost": 8994.71, "Total Cost": 8994.72, "Plan Rows": 1, "Plan Width": 8, "Actual Rows": 1, "Actual Loops": 1, "Plans": [{"Node Type": "Nested Loop", "Parent Relationship": "Outer", "Parallel Aware": false, "Async Capable": false, "Join Type": "Inner", "Startup Cost": 1949.21, "Total Cost": 8994.36, "Plan Rows": 424.0, "Plan Width": 0, "Actual Rows": 379, "Actual Loops": 1, "Inner Unique": true, "Join Filter": "(u.id = b.userid)", "Rows Removed by Join Filter": 0, "Plans": [{"Node Type": "Nested Loop", "Parent Relationship": "Outer", "Parallel Aware": false, "Async Capable": false, "Join Type": "Inner", "Startup Cost": 1948.91, "Total Cost": 7607.69, "Plan Rows": 2363.0, "Plan Width": 12, "Actual Rows": 246245, "Actual Loops": 1, "Inner Unique": false, "Join Filter": "(ph.userid = b.userid)", "Rows Removed by Join Filter": 0, "Plans": [{"Node Type": "Merge Join", "Parent Relationship": "Outer", "Parallel Aware": false, "Async Capable": false, "Join Type": "Inner", "Startup Cost": 1948.47, "Total Cost": 3637.4, "Plan Rows": 22811.0, "Plan Width": 8, "Actual Rows": 86607, "Actual Loops": 1, "Inner Unique": false, "Merge Cond": "(v.userid = b.userid)", "Plans": [{"Node Type": "Index Scan", "Parent Relationship": "Outer", "Parallel Aware": false, "Async Capable": false, "Scan Direction": "Forward", "Index Name": "idx_votes_userid", "Relation Name": "votes", "Alias": "v", "Startup Cost": 0.42, "Total Cost": 12422.47, "Plan Rows": 81546, "Plan Width": 4, "Actual Rows": 6060, "Actual Loops": 1, "Filter": "(creationdate <= '2012-02-03 13:27:15'::timestamp without time zone)", "Rows Removed by Filter": 5246}, {"Node Type": "Sort", "Parent Relationship": "Inner", "Parallel Aware": false, "Async Capable": false, "Startup Cost": 1946.97, "Total Cost": 1966.91, "Plan Rows": 7975, "Plan Width": 4, "Actual Rows": 91006, "Actual Loops": 1, "Sort Key": ["b.userid"], "Sort Method": "quicksort", "Sort Space Used": 193, "Sort Space Type": "Memory", "Plans": [{"Node Type": "Seq Scan", "Parent Relationship": "Outer", "Parallel Aware": false, "Async Capable": false, "Relation Name": "badges", "Alias": "b", "Startup Cost": 0.0, "Total Cost": 1430.14, "Plan Rows": 7975, "Plan Width": 4, "Actual Rows": 7974, "Actual Loops": 1, "Filter": "(date <= '2011-07-01 05:37:38'::timestamp without time zone)", "Rows Removed by Filter": 71877}]}]}, {"Node Type": "Memoize", "Parent Relationship": "Inner", "Parallel Aware": false, "Async Capable": false, "Startup Cost": 0.43, "Total Cost": 0.84, "Plan Rows": 1, "Plan Width": 4, "Actual Rows": 3, "Actual Loops": 86607, "Cache Key": "v.userid", "Cache Mode": "logical", "Cache Hits": 85988, "Cache Misses": 619, "Cache Evictions": 0, "Cache Overflows": 0, "Peak Memory Usage": 45, "Plans": [{"Node Type": "Index Scan", "Parent Relationship": "Outer", "Parallel Aware": false, "Async Capable": false, "Scan Direction": "Forward", "Index Name": "idx_posthistory_userid", "Relation Name": "posthistory", "Alias": "ph", "Startup Cost": 0.42, "Total Cost": 0.83, "Plan Rows": 1, "Plan Width": 4, "Actual Rows": 0, "Actual Loops": 619, "Index Cond": "(userid = v.userid)", "Rows Removed by Index Recheck": 0, "Filter": "(posthistorytypeid = 8)", "Rows Removed by Filter": 94}]}]}, {"Node Type": "Memoize", "Parent Relationship": "Inner", "Parallel Aware": false, "Async Capable": false, "Startup Cost": 0.3, "Total Cost": 5.49, "Plan Rows": 1, "Plan Width": 4, "Actual Rows": 0, "Actual Loops": 246245, "Cache Key": "ph.userid", "Cache Mode": "logical", "Cache Hits": 246223, "Cache Misses": 22, "Cache Evictions": 0, "Cache Overflows": 0, "Peak Memory Usage": 2, "Plans": [{"Node Type": "Index Scan", "Parent Relationship": "Outer", "Parallel Aware": false, "Async Capable": false, "Scan Direction": "Forward", "Index Name": "users_pkey", "Relation Name": "users", "Alias": "u", "Startup Cost": 0.29, "Total Cost": 5.48, "Plan Rows": 1, "Plan Width": 4, "Actual Rows": 0, "Actual Loops": 22, "Index Cond": "(id = ph.userid)", "Rows Removed by Index Recheck": 0, "Filter": "((reputation <= 50633) AND (views <= 11906) AND (creationdate >= '2011-02-24 04:24:09'::timestamp without time zone) AND (creationdate <= '2013-03-19 14:42:37'::timestamp without time zone))", "Rows Removed by Filter": 1}]}]}]}, "Planning Time": 2.211, "Triggers": [], "Execution Time": 116.666}, {"Plan": {"Node Type": "Aggregate", "Strategy": "Plain", "Partial Mode": "Finalize", "Parallel Aware": false, "Async Capable": false, "Startup Cost": 9380.29, "Total Cost": 9380.3, "Plan Rows": 1, "Plan Width": 8, "Actual Rows": 1, "Actual Loops": 1, "Plans": [{"Node Type": "Gather", "Parent Relationship": "Outer", "Parallel Aware": false, "Async Capable": false, "Startup Cost": 9380.17, "Total Cost": 9380.28, "Plan Rows": 1, "Plan Width": 8, "Actual Rows": 2, "Actual Loops": 1, "Workers Planned": 1, "Workers Launched": 1, "Single Copy": false, "Plans": [{"Node Type": "Aggregate", "Strategy": "Plain", "Partial Mode": "Partial", "Parent Relationship": "Outer", "Parallel Aware": false, "Async Capable": false, "Startup Cost": 8380.17, "Total Cost": 8380.18, "Plan Rows": 1, "Plan Width": 8, "Actual Rows": 1, "Actual Loops": 2, "Workers": [], "Plans": [{"Node Type": "Hash Join", "Parent Relationship": "Outer", "Parallel Aware": true, "Async Capable": false, "Join Type": "Inner", "Startup Cost": 2983.55, "Total Cost": 8379.97, "Plan Rows": 424.0, "Plan Width": 0, "Actual Rows": 190, "Actual Loops": 2, "Inner Unique": false, "Hash Cond": "(b.userid = u.id)", "Workers": [], "Plans": [{"Node Type": "Nested Loop", "Parent Relationship": "Outer", "Parallel Aware": false, "Async Capable": false, "Join Type": "Inner", "Startup Cost": 0.29, "Total Cost": 5394.19, "Plan Rows": 196.0, "Plan Width": 8, "Actual Rows": 2162, "Actual Loops": 2, "Inner Unique": false, "Workers": [], "Plans": [{"Node Type": "Seq Scan", "Parent Relationship": "Outer", "Parallel Aware": true, "Async Capable": false, "Relation Name": "posthistory", "Alias": "ph", "Startup Cost": 0.0, "Total Cost": 4469.32, "Plan Rows": 115, "Plan Width": 4, "Actual Rows": 87, "Actual Loops": 2, "Filter": "(posthistorytypeid = 8)", "Rows Removed by Filter": 151506, "Workers": []}, {"Node Type": "Index Scan", "Parent Relationship": "Inner", "Parallel Aware": false, "Async Capable": false, "Scan Direction": "Forward", "Index Name": "idx_badges_userid", "Relation Name": "badges", "Alias": "b", "Startup Cost": 0.29, "Total Cost": 8.03, "Plan Rows": 1, "Plan Width": 4, "Actual Rows": 25, "Actual Loops": 174, "Index Cond": "(userid = ph.userid)", "Rows Removed by Index Recheck": 0, "Filter": "(date <= '2011-07-01 05:37:38'::timestamp without time zone)", "Rows Removed by Filter": 147, "Workers": []}]}, {"Node Type": "Hash", "Parent Relationship": "Inner", "Parallel Aware": true, "Async Capable": false, "Startup Cost": 2961.25, "Total Cost": 2961.25, "Plan Rows": 1487.0, "Plan Width": 8, "Actual Rows": 1346, "Actual Loops": 2, "Hash Buckets": 4096, "Original Hash Buckets": 4096, "Hash Batches": 1, "Original Hash Batches": 1, "Peak Memory Usage": 160, "Workers": [], "Plans": [{"Node Type": "Merge Join", "Parent Relationship": "Outer", "Parallel Aware": false, "Async Capable": false, "Join Type": "Inner", "Startup Cost": 0.71, "Total Cost": 2961.25, "Plan Rows": 1487.0, "Plan Width": 8, "Actual Rows": 1346, "Actual Loops": 2, "Inner Unique": true, "Merge Cond": "(v.userid = u.id)", "Workers": [], "Plans": [{"Node Type": "Index Scan", "Parent Relationship": "Outer", "Parallel Aware": true, "Async Capable": false, "Scan Direction": "Forward", "Index Name": "idx_votes_userid", "Relation Name": "votes", "Alias": "v", "Startup Cost": 0.42, "Total Cost": 10733.91, "Plan Rows": 47968, "Plan Width": 4, "Actual Rows": 3699, "Actual Loops": 2, "Filter": "(creationdate <= '2012-02-03 13:27:15'::timestamp without time zone)", "Rows Removed by Filter": 13696, "Workers": []}, {"Node Type": "Index Scan", "Parent Relationship": "Inner", "Parallel Aware": false, "Async Capable": false, "Scan Direction": "Forward", "Index Name": "users_pkey", "Relation Name": "users", "Alias": "u", "Startup Cost": 0.29, "Total Cost": 1760.41, "Plan Rows": 13993, "Plan Width": 4, "Actual Rows": 10516, "Actual Loops": 2, "Filter": "((reputation <= 50633) AND (views <= 11906) AND (creationdate >= '2011-02-24 04:24:09'::timestamp without time zone) AND (creationdate <= '2013-03-19 14:42:37'::timestamp without time zone))", "Rows Removed by Filter": 2950, "Workers": []}]}]}]}]}]}]}, "Planning Time": 3.674, "Triggers": [], "Execution Time": 81.57}, {"Plan": {"Node Type": "Aggregate", "Strategy": "Plain", "Partial Mode": "Finalize", "Parallel Aware": false, "Async Capable": false, "Startup Cost": 9527.67, "Total Cost": 9527.68, "Plan Rows": 1, "Plan Width": 8, "Actual Rows": 1, "Actual Loops": 1, "Plans": [{"Node Type": "Gather", "Parent Relationship": "Outer", "Parallel Aware": false, "Async Capable": false, "Startup Cost": 9527.56, "Total Cost": 9527.67, "Plan Rows": 1, "Plan Width": 8, "Actual Rows": 2, "Actual Loops": 1, "Workers Planned": 1, "Workers Launched": 1, "Single Copy": false, "Plans": [{"Node Type": "Aggregate", "Strategy": "Plain", "Partial Mode": "Partial", "Parent Relationship": "Outer", "Parallel Aware": false, "Async Capable": false, "Startup Cost": 8527.56, "Total Cost": 8527.57, "Plan Rows": 1, "Plan Width": 8, "Actual Rows": 1, "Actual Loops": 2, "Workers": [], "Plans": [{"Node Type": "Hash Join", "Parent Relationship": "Outer", "Parallel Aware": true, "Async Capable": false, "Join Type": "Inner", "Startup Cost": 4057.6, "Total Cost": 8527.35, "Plan Rows": 424.0, "Plan Width": 0, "Actual Rows": 190, "Actual Loops": 2, "Inner Unique": false, "Hash Cond": "(ph.userid = u.id)", "Workers": [], "Plans": [{"Node Type": "Seq Scan", "Parent Relationship": "Outer", "Parallel Aware": true, "Async Capable": false, "Relation Name": "posthistory", "Alias": "ph", "Startup Cost": 0.0, "Total Cost": 4469.32, "Plan Rows": 115, "Plan Width": 4, "Actual Rows": 87, "Actual Loops": 2, "Filter": "(posthistorytypeid = 8)", "Rows Removed by Filter": 151506, "Workers": []}, {"Node Type": "Hash", "Parent Relationship": "Inner", "Parallel Aware": true, "Async Capable": false, "Startup Cost": 4053.25, "Total Cost": 4053.25, "Plan Rows": 3631.0, "Plan Width": 12, "Actual Rows": 4660, "Actual Loops": 2, "Hash Buckets": 16384, "Original Hash Buckets": 1024, "Hash Batches": 1, "Original Hash Batches": 1, "Peak Memory Usage": 728, "Workers": [], "Plans": [{"Node Type": "Merge Join", "Parent Relationship": "Outer", "Parallel Aware": false, "Async Capable": false, "Join Type": "Inner", "Startup Cost": 2888.1, "Total Cost": 4053.25, "Plan Rows": 3631.0, "Plan Width": 12, "Actual Rows": 4660, "Actual Loops": 2, "Inner Unique": false, "Merge Cond": "(v.userid = u.id)", "Workers": [], "Plans": [{"Node Type": "Index Scan", "Parent Relationship": "Outer", "Parallel Aware": true, "Async Capable": false, "Scan Direction": "Forward", "Index Name": "idx_votes_userid", "Relation Name": "votes", "Alias": "v", "Startup Cost": 0.42, "Total Cost": 10733.91, "Plan Rows": 47968, "Plan Width": 4, "Actual Rows": 3030, "Actual Loops": 2, "Filter": "(creationdate <= '2012-02-03 13:27:15'::timestamp without time zone)", "Rows Removed by Filter": 2623, "Workers": []}, {"Node Type": "Sort", "Parent Relationship": "Inner", "Parallel Aware": false, "Async Capable": false, "Startup Cost": 2887.68, "Total Cost": 2894.59, "Plan Rows": 416.0, "Plan Width": 8, "Actual Rows": 6247, "Actual Loops": 2, "Sort Key": ["u.id"], "Sort Method": "quicksort", "Sort Space Used": 106, "Sort Space Type": "Memory", "Workers": [{"Worker Number": 0, "Sort Method": "quicksort", "Sort Space Used": 106, "Sort Space Type": "Memory"}], "Plans": [{"Node Type": "Hash Join", "Parent Relationship": "Outer", "Parallel Aware": false, "Async Capable": false, "Join Type": "Inner", "Startup Cost": 1278.41, "Total Cost": 2729.48, "Plan Rows": 416.0, "Plan Width": 8, "Actual Rows": 1831, "Actual Loops": 2, "Inner Unique": true, "Hash Cond": "(b.userid = u.id)", "Workers": [], "Plans": [{"Node Type": "Seq Scan", "Parent Relationship": "Outer", "Parallel Aware": false, "Async Capable": false, "Relation Name": "badges", "Alias": "b", "Startup Cost": 0.0, "Total Cost": 1430.14, "Plan Rows": 7975, "Plan Width": 4, "Actual Rows": 7974, "Actual Loops": 2, "Filter": "(date <= '2011-07-01 05:37:38'::timestamp without time zone)", "Rows Removed by Filter": 71877, "Workers": []}, {"Node Type": "Hash", "Parent Relationship": "Inner", "Parallel Aware": false, "Async Capable": false, "Startup Cost": 1103.5, "Total Cost": 1103.5, "Plan Rows": 13993, "Plan Width": 4, "Actual Rows": 13990, "Actual Loops": 2, "Hash Buckets": 16384, "Original Hash Buckets": 16384, "Hash Batches": 1, "Original Hash Batches": 1, "Peak Memory Usage": 620, "Workers": [], "Plans": [{"Node Type": "Seq Scan", "Parent Relationship": "Outer", "Parallel Aware": false, "Async Capable": false, "Relation Name": "users", "Alias": "u", "Startup Cost": 0.0, "Total Cost": 1103.5, "Plan Rows": 13993, "Plan Width": 4, "Actual Rows": 13990, "Actual Loops": 2, "Filter": "((reputation <= 50633) AND (views <= 11906) AND (creationdate >= '2011-02-24 04:24:09'::timestamp without time zone) AND (creationdate <= '2013-03-19 14:42:37'::timestamp without time zone))", "Rows Removed by Filter": 26335, "Workers": []}]}]}]}]}]}]}]}]}]}, "Planning Time": 5.886, "Triggers": [], "Execution Time": 76.912}, {"Plan": {"Node Type": "Aggregate", "Strategy": "Plain", "Partial Mode": "Finalize", "Parallel Aware": false, "Async Capable": false, "Startup Cost": 9456.57, "Total Cost": 9456.58, "Plan Rows": 1, "Plan Width": 8, "Actual Rows": 1, "Actual Loops": 1, "Plans": [{"Node Type": "Gather", "Parent Relationship": "Outer", "Parallel Aware": false, "Async Capable": false, "Startup Cost": 9456.46, "Total Cost": 9456.57, "Plan Rows": 1, "Plan Width": 8, "Actual Rows": 2, "Actual Loops": 1, "Workers Planned": 1, "Workers Launched": 1, "Single Copy": false, "Plans": [{"Node Type": "Aggregate", "Strategy": "Plain", "Partial Mode": "Partial", "Parent Relationship": "Outer", "Parallel Aware": false, "Async Capable": false, "Startup Cost": 8456.46, "Total Cost": 8456.47, "Plan Rows": 1, "Plan Width": 8, "Actual Rows": 1, "Actual Loops": 2, "Workers": [], "Plans": [{"Node Type": "Hash Join", "Parent Relationship": "Outer", "Parallel Aware": true, "Async Capable": false, "Join Type": "Inner", "Startup Cost": 7048.36, "Total Cost": 8456.25, "Plan Rows": 424.0, "Plan Width": 0, "Actual Rows": 190, "Actual Loops": 2, "Inner Unique": false, "Hash Cond": "(b.userid = u.id)", "Workers": [], "Plans": [{"Node Type": "Merge Join", "Parent Relationship": "Outer", "Parallel Aware": false, "Async Capable": false, "Join Type": "Inner", "Startup Cost": 1948.3, "Total Cost": 3303.89, "Plan Rows": 22811.0, "Plan Width": 8, "Actual Rows": 43304, "Actual Loops": 2, "Inner Unique": false, "Merge Cond": "(v.userid = b.userid)", "Workers": [], "Plans": [{"Node Type": "Index Scan", "Parent Relationship": "Outer", "Parallel Aware": true, "Async Capable": false, "Scan Direction": "Forward", "Index Name": "idx_votes_userid", "Relation Name": "votes", "Alias": "v", "Startup Cost": 0.42, "Total Cost": 10733.91, "Plan Rows": 47968, "Plan Width": 4, "Actual Rows": 3030, "Actual Loops": 2, "Filter": "(creationdate <= '2012-02-03 13:27:15'::timestamp without time zone)", "Rows Removed by Filter": 2623, "Workers": []}, {"Node Type": "Sort", "Parent Relationship": "Inner", "Parallel Aware": false, "Async Capable": false, "Startup Cost": 1946.97, "Total Cost": 1966.91, "Plan Rows": 7975, "Plan Width": 4, "Actual Rows": 49490, "Actual Loops": 2, "Sort Key": ["b.userid"], "Sort Method": "quicksort", "Sort Space Used": 193, "Sort Space Type": "Memory", "Workers": [{"Worker Number": 0, "Sort Method": "quicksort", "Sort Space Used": 193, "Sort Space Type": "Memory"}], "Plans": [{"Node Type": "Seq Scan", "Parent Relationship": "Outer", "Parallel Aware": false, "Async Capable": false, "Relation Name": "badges", "Alias": "b", "Startup Cost": 0.0, "Total Cost": 1430.14, "Plan Rows": 7975, "Plan Width": 4, "Actual Rows": 7974, "Actual Loops": 2, "Filter": "(date <= '2011-07-01 05:37:38'::timestamp without time zone)", "Rows Removed by Filter": 71877, "Workers": []}]}]}, {"Node Type": "Hash", "Parent Relationship": "Inner", "Parallel Aware": true, "Async Capable": false, "Startup Cost": 5099.6, "Total Cost": 5099.6, "Plan Rows": 15.0, "Plan Width": 8, "Actual Rows": 24, "Actual Loops": 2, "Hash Buckets": 1024, "Original Hash Buckets": 1024, "Hash Batches": 1, "Original Hash Batches": 1, "Peak Memory Usage": 72, "Workers": [], "Plans": [{"Node Type": "Nested Loop", "Parent Relationship": "Outer", "Parallel Aware": false, "Async Capable": false, "Join Type": "Inner", "Startup Cost": 0.29, "Total Cost": 5099.6, "Plan Rows": 15.0, "Plan Width": 8, "Actual Rows": 24, "Actual Loops": 2, "Inner Unique": true, "Workers": [], "Plans": [{"Node Type": "Seq Scan", "Parent Relationship": "Outer", "Parallel Aware": true, "Async Capable": false, "Relation Name": "posthistory", "Alias": "ph", "Startup Cost": 0.0, "Total Cost": 4469.32, "Plan Rows": 115, "Plan Width": 4, "Actual Rows": 87, "Actual Loops": 2, "Filter": "(posthistorytypeid = 8)", "Rows Removed by Filter": 151506, "Workers": []}, {"Node Type": "Index Scan", "Parent Relationship": "Inner", "Parallel Aware": false, "Async Capable": false, "Scan Direction": "Forward", "Index Name": "users_pkey", "Relation Name": "users", "Alias": "u", "Startup Cost": 0.29, "Total Cost": 5.48, "Plan Rows": 1, "Plan Width": 4, "Actual Rows": 0, "Actual Loops": 174, "Index Cond": "(id = ph.userid)", "Rows Removed by Index Recheck": 0, "Filter": "((reputation <= 50633) AND (views <= 11906) AND (creationdate >= '2011-02-24 04:24:09'::timestamp without time zone) AND (creationdate <= '2013-03-19 14:42:37'::timestamp without time zone))", "Rows Removed by Filter": 1, "Workers": []}]}]}]}]}]}]}, "Planning Time": 3.922, "Triggers": [], "Execution Time": 69.346}, {"Plan": {"Node Type": "Aggregate", "Strategy": "Plain", "Partial Mode": "Finalize", "Parallel Aware": false, "Async Capable": false, "Startup Cost": 9614.69, "Total Cost": 9614.7, "Plan Rows": 1, "Plan Width": 8, "Actual Rows": 1, "Actual Loops": 1, "Plans": [{"Node Type": "Gather", "Parent Relationship": "Outer", "Parallel Aware": false, "Async Capable": false, "Startup Cost": 9614.58, "Total Cost": 9614.69, "Plan Rows": 1, "Plan Width": 8, "Actual Rows": 2, "Actual Loops": 1, "Workers Planned": 1, "Workers Launched": 1, "Single Copy": false, "Plans": [{"Node Type": "Aggregate", "Strategy": "Plain", "Partial Mode": "Partial", "Parent Relationship": "Outer", "Parallel Aware": false, "Async Capable": false, "Startup Cost": 8614.58, "Total Cost": 8614.59, "Plan Rows": 1, "Plan Width": 8, "Actual Rows": 1, "Actual Loops": 2, "Workers": [], "Plans": [{"Node Type": "Hash Join", "Parent Relationship": "Outer", "Parallel Aware": true, "Async Capable": false, "Join Type": "Inner", "Startup Cost": 3478.07, "Total Cost": 8614.37, "Plan Rows": 424.0, "Plan Width": 0, "Actual Rows": 190, "Actual Loops": 2, "Inner Unique": false, "Hash Cond": "(u.id = b.userid)", "Workers": [], "Plans": [{"Node Type": "Nested Loop", "Parent Relationship": "Outer", "Parallel Aware": false, "Async Capable": false, "Join Type": "Inner", "Startup Cost": 0.29, "Total Cost": 5099.6, "Plan Rows": 15.0, "Plan Width": 8, "Actual Rows": 24, "Actual Loops": 2, "Inner Unique": true, "Workers": [], "Plans": [{"Node Type": "Seq Scan", "Parent Relationship": "Outer", "Parallel Aware": true, "Async Capable": false, "Relation Name": "posthistory", "Alias": "ph", "Startup Cost": 0.0, "Total Cost": 4469.32, "Plan Rows": 115, "Plan Width": 4, "Actual Rows": 87, "Actual Loops": 2, "Filter": "(posthistorytypeid = 8)", "Rows Removed by Filter": 151506, "Workers": []}, {"Node Type": "Index Scan", "Parent Relationship": "Inner", "Parallel Aware": false, "Async Capable": false, "Scan Direction": "Forward", "Index Name": "users_pkey", "Relation Name": "users", "Alias": "u", "Startup Cost": 0.29, "Total Cost": 5.48, "Plan Rows": 1, "Plan Width": 4, "Actual Rows": 0, "Actual Loops": 174, "Index Cond": "(id = ph.userid)", "Rows Removed by Index Recheck": 0, "Filter": "((reputation <= 50633) AND (views <= 11906) AND (creationdate >= '2011-02-24 04:24:09'::timestamp without time zone) AND (creationdate <= '2013-03-19 14:42:37'::timestamp without time zone))", "Rows Removed by Filter": 1, "Workers": []}]}, {"Node Type": "Hash", "Parent Relationship": "Inner", "Parallel Aware": true, "Async Capable": false, "Startup Cost": 3303.89, "Total Cost": 3303.89, "Plan Rows": 22811.0, "Plan Width": 8, "Actual Rows": 43304, "Actual Loops": 2, "Hash Buckets": 131072, "Original Hash Buckets": 32768, "Hash Batches": 1, "Original Hash Batches": 1, "Peak Memory Usage": 5216, "Workers": [], "Plans": [{"Node Type": "Merge Join", "Parent Relationship": "Outer", "Parallel Aware": false, "Async Capable": false, "Join Type": "Inner", "Startup Cost": 1948.3, "Total Cost": 3303.89, "Plan Rows": 22811.0, "Plan Width": 8, "Actual Rows": 43304, "Actual Loops": 2, "Inner Unique": false, "Merge Cond": "(v.userid = b.userid)", "Workers": [], "Plans": [{"Node Type": "Index Scan", "Parent Relationship": "Outer", "Parallel Aware": true, "Async Capable": false, "Scan Direction": "Forward", "Index Name": "idx_votes_userid", "Relation Name": "votes", "Alias": "v", "Startup Cost": 0.42, "Total Cost": 10733.91, "Plan Rows": 47968, "Plan Width": 4, "Actual Rows": 3030, "Actual Loops": 2, "Filter": "(creationdate <= '2012-02-03 13:27:15'::timestamp without time zone)", "Rows Removed by Filter": 2623, "Workers": []}, {"Node Type": "Sort", "Parent Relationship": "Inner", "Parallel Aware": false, "Async Capable": false, "Startup Cost": 1946.97, "Total Cost": 1966.91, "Plan Rows": 7975, "Plan Width": 4, "Actual Rows": 49490, "Actual Loops": 2, "Sort Key": ["b.userid"], "Sort Method": "quicksort", "Sort Space Used": 193, "Sort Space Type": "Memory", "Workers": [{"Worker Number": 0, "Sort Method": "quicksort", "Sort Space Used": 193, "Sort Space Type": "Memory"}], "Plans": [{"Node Type": "Seq Scan", "Parent Relationship": "Outer", "Parallel Aware": false, "Async Capable": false, "Relation Name": "badges", "Alias": "b", "Startup Cost": 0.0, "Total Cost": 1430.14, "Plan Rows": 7975, "Plan Width": 4, "Actual Rows": 7974, "Actual Loops": 2, "Filter": "(date <= '2011-07-01 05:37:38'::timestamp without time zone)", "Rows Removed by Filter": 71877, "Workers": []}]}]}]}]}]}]}]}, "Planning Time": 3.668, "Triggers": [], "Execution Time": 80.889}, {"Plan": {"Node Type": "Aggregate", "Strategy": "Plain", "Partial Mode": "Simple", "Parallel Aware": false, "Async Capable": false, "Startup Cost": 4834.3, "Total Cost": 4834.31, "Plan Rows": 1, "Plan Width": 8, "Actual Rows": 1, "Actual Loops": 1, "Plans": [{"Node Type": "Nested Loop", "Parent Relationship": "Outer", "Parallel Aware": false, "Async Capable": false, "Join Type": "Inner", "Startup Cost": 1.43, "Total Cost": 4833.95, "Plan Rows": 424.0, "Plan Width": 0, "Actual Rows": 379, "Actual Loops": 1, "Inner Unique": false, "Join Filter": "(ph.userid = u.id)", "Rows Removed by Join Filter": 0, "Plans": [{"Node Type": "Nested Loop", "Parent Relationship": "Outer", "Parallel Aware": false, "Async Capable": false, "Join Type": "Inner", "Startup Cost": 1.0, "Total Cost": 4336.16, "Plan Rows": 3631.0, "Plan Width": 12, "Actual Rows": 9319, "Actual Loops": 1, "Inner Unique": false, "Join Filter": "(u.id = b.userid)", "Rows Removed by Join Filter": 0, "Plans": [{"Node Type": "Merge Join", "Parent Relationship": "Outer", "Parallel Aware": false, "Async Capable": false, "Join Type": "Inner", "Startup Cost": 0.71, "Total Cost": 3161.01, "Plan Rows": 1487.0, "Plan Width": 8, "Actual Rows": 2692, "Actual Loops": 1, "Inner Unique": true, "Merge Cond": "(v.userid = u.id)", "Plans": [{"Node Type": "Index Scan", "Parent Relationship": "Outer", "Parallel Aware": false, "Async Capable": false, "Scan Direction": "Forward", "Index Name": "idx_votes_userid", "Relation Name": "votes", "Alias": "v", "Startup Cost": 0.42, "Total Cost": 12422.47, "Plan Rows": 81546, "Plan Width": 4, "Actual Rows": 7397, "Actual Loops": 1, "Filter": "(creationdate <= '2012-02-03 13:27:15'::timestamp without time zone)", "Rows Removed by Filter": 27393}, {"Node Type": "Index Scan", "Parent Relationship": "Inner", "Parallel Aware": false, "Async Capable": false, "Scan Direction": "Forward", "Index Name": "users_pkey", "Relation Name": "users", "Alias": "u", "Startup Cost": 0.29, "Total Cost": 1760.41, "Plan Rows": 13993, "Plan Width": 4, "Actual Rows": 13983, "Actual Loops": 1, "Filter": "((reputation <= 50633) AND (views <= 11906) AND (creationdate >= '2011-02-24 04:24:09'::timestamp without time zone) AND (creationdate <= '2013-03-19 14:42:37'::timestamp without time zone))", "Rows Removed by Filter": 3732}]}, {"Node Type": "Index Scan", "Parent Relationship": "Inner", "Parallel Aware": false, "Async Capable": false, "Scan Direction": "Forward", "Index Name": "idx_badges_userid", "Relation Name": "badges", "Alias": "b", "Startup Cost": 0.29, "Total Cost": 0.38, "Plan Rows": 1, "Plan Width": 4, "Actual Rows": 3, "Actual Loops": 2692, "Index Cond": "(userid = v.userid)", "Rows Removed by Index Recheck": 0, "Filter": "(date <= '2011-07-01 05:37:38'::timestamp without time zone)", "Rows Removed by Filter": 16}]}, {"Node Type": "Index Scan", "Parent Relationship": "Inner", "Parallel Aware": false, "Async Capable": false, "Scan Direction": "Forward", "Index Name": "idx_posthistory_userid", "Relation Name": "posthistory", "Alias": "ph", "Startup Cost": 0.42, "Total Cost": 0.83, "Plan Rows": 1, "Plan Width": 4, "Actual Rows": 0, "Actual Loops": 9319, "Index Cond": "(userid = v.userid)", "Rows Removed by Index Recheck": 0, "Filter": "(posthistorytypeid = 8)", "Rows Removed by Filter": 177}]}]}, "Planning Time": 2.349, "Triggers": [], "Execution Time": 237.126}, {"Plan": {"Node Type": "Aggregate", "Strategy": "Plain", "Partial Mode": "Simple", "Parallel Aware": false, "Async Capable": false, "Startup Cost": 7456.55, "Total Cost": 7456.56, "Plan Rows": 1, "Plan Width": 8, "Actual Rows": 1, "Actual Loops": 1, "Plans": [{"Node Type": "Merge Join", "Parent Relationship": "Outer", "Parallel Aware": false, "Async Capable": false, "Join Type": "Inner", "Startup Cost": 6120.84, "Total Cost": 7456.2, "Plan Rows": 424.0, "Plan Width": 0, "Actual Rows": 379, "Actual Loops": 1, "Inner Unique": false, "Merge Cond": "(v.userid = u.id)", "Plans": [{"Node Type": "Index Scan", "Parent Relationship": "Outer", "Parallel Aware": false, "Async Capable": false, "Scan Direction": "Forward", "Index Name": "idx_votes_userid", "Relation Name": "votes", "Alias": "v", "Startup Cost": 0.42, "Total Cost": 12422.47, "Plan Rows": 81546, "Plan Width": 4, "Actual Rows": 5683, "Actual Loops": 1, "Filter": "(creationdate <= '2012-02-03 13:27:15'::timestamp without time zone)", "Rows Removed by Filter": 4978}, {"Node Type": "Sort", "Parent Relationship": "Inner", "Parallel Aware": false, "Async Capable": false, "Startup Cost": 6120.42, "Total Cost": 6120.45, "Plan Rows": 48.0, "Plan Width": 12, "Actual Rows": 378, "Actual Loops": 1, "Sort Key": ["ph.userid"], "Sort Method": "quicksort", "Sort Space Used": 27, "Sort Space Type": "Memory", "Plans": [{"Node Type": "Gather", "Parent Relationship": "Outer", "Parallel Aware": false, "Async Capable": false, "Startup Cost": 1000.58, "Total Cost": 6120.2, "Plan Rows": 12, "Plan Width": 12, "Actual Rows": 59, "Actual Loops": 1, "Workers Planned": 1, "Workers Launched": 1, "Single Copy": false, "Plans": [{"Node Type": "Nested Loop", "Parent Relationship": "Outer", "Parallel Aware": false, "Async Capable": false, "Join Type": "Inner", "Startup Cost": 0.58, "Total Cost": 5119.0, "Plan Rows": 48.0, "Plan Width": 12, "Actual Rows": 30, "Actual Loops": 2, "Inner Unique": false, "Workers": [], "Plans": [{"Node Type": "Nested Loop", "Parent Relationship": "Outer", "Parallel Aware": false, "Async Capable": false, "Join Type": "Inner", "Startup Cost": 0.29, "Total Cost": 5099.6, "Plan Rows": 15.0, "Plan Width": 8, "Actual Rows": 24, "Actual Loops": 2, "Inner Unique": true, "Workers": [], "Plans": [{"Node Type": "Seq Scan", "Parent Relationship": "Outer", "Parallel Aware": true, "Async Capable": false, "Relation Name": "posthistory", "Alias": "ph", "Startup Cost": 0.0, "Total Cost": 4469.32, "Plan Rows": 115, "Plan Width": 4, "Actual Rows": 87, "Actual Loops": 2, "Filter": "(posthistorytypeid = 8)", "Rows Removed by Filter": 151506, "Workers": []}, {"Node Type": "Index Scan", "Parent Relationship": "Inner", "Parallel Aware": false, "Async Capable": false, "Scan Direction": "Forward", "Index Name": "users_pkey", "Relation Name": "users", "Alias": "u", "Startup Cost": 0.29, "Total Cost": 5.48, "Plan Rows": 1, "Plan Width": 4, "Actual Rows": 0, "Actual Loops": 174, "Index Cond": "(id = ph.userid)", "Rows Removed by Index Recheck": 0, "Filter": "((reputation <= 50633) AND (views <= 11906) AND (creationdate >= '2011-02-24 04:24:09'::timestamp without time zone) AND (creationdate <= '2013-03-19 14:42:37'::timestamp without time zone))", "Rows Removed by Filter": 1, "Workers": []}]}, {"Node Type": "Index Scan", "Parent Relationship": "Inner", "Parallel Aware": false, "Async Capable": false, "Scan Direction": "Forward", "Index Name": "idx_badges_userid", "Relation Name": "badges", "Alias": "b", "Startup Cost": 0.29, "Total Cost": 0.51, "Plan Rows": 1, "Plan Width": 4, "Actual Rows": 1, "Actual Loops": 49, "Index Cond": "(userid = u.id)", "Rows Removed by Index Recheck": 0, "Filter": "(date <= '2011-07-01 05:37:38'::timestamp without time zone)", "Rows Removed by Filter": 92, "Workers": []}]}]}]}]}]}, "Planning Time": 2.518, "Triggers": [], "Execution Time": 46.874}, {"Plan": {"Node Type": "Aggregate", "Strategy": "Plain", "Partial Mode": "Finalize", "Parallel Aware": false, "Async Capable": false, "Startup Cost": 6128.59, "Total Cost": 6128.6, "Plan Rows": 1, "Plan Width": 8, "Actual Rows": 1, "Actual Loops": 1, "Plans": [{"Node Type": "Gather", "Parent Relationship": "Outer", "Parallel Aware": false, "Async Capable": false, "Startup Cost": 6128.48, "Total Cost": 6128.59, "Plan Rows": 1, "Plan Width": 8, "Actual Rows": 2, "Actual Loops": 1, "Workers Planned": 1, "Workers Launched": 1, "Single Copy": false, "Plans": [{"Node Type": "Aggregate", "Strategy": "Plain", "Partial Mode": "Partial", "Parent Relationship": "Outer", "Parallel Aware": false, "Async Capable": false, "Startup Cost": 5128.48, "Total Cost": 5128.49, "Plan Rows": 1, "Plan Width": 8, "Actual Rows": 1, "Actual Loops": 2, "Workers": [], "Plans": [{"Node Type": "Nested Loop", "Parent Relationship": "Outer", "Parallel Aware": false, "Async Capable": false, "Join Type": "Inner", "Startup Cost": 1.0, "Total Cost": 5128.27, "Plan Rows": 424.0, "Plan Width": 0, "Actual Rows": 190, "Actual Loops": 2, "Inner Unique": false, "Workers": [], "Plans": [{"Node Type": "Nested Loop", "Parent Relationship": "Outer", "Parallel Aware": false, "Async Capable": false, "Join Type": "Inner", "Startup Cost": 0.58, "Total Cost": 5119.0, "Plan Rows": 48.0, "Plan Width": 12, "Actual Rows": 30, "Actual Loops": 2, "Inner Unique": false, "Workers": [], "Plans": [{"Node Type": "Nested Loop", "Parent Relationship": "Outer", "Parallel Aware": false, "Async Capable": false, "Join Type": "Inner", "Startup Cost": 0.29, "Total Cost": 5099.6, "Plan Rows": 15.0, "Plan Width": 8, "Actual Rows": 24, "Actual Loops": 2, "Inner Unique": true, "Workers": [], "Plans": [{"Node Type": "Seq Scan", "Parent Relationship": "Outer", "Parallel Aware": true, "Async Capable": false, "Relation Name": "posthistory", "Alias": "ph", "Startup Cost": 0.0, "Total Cost": 4469.32, "Plan Rows": 115, "Plan Width": 4, "Actual Rows": 87, "Actual Loops": 2, "Filter": "(posthistorytypeid = 8)", "Rows Removed by Filter": 151506, "Workers": []}, {"Node Type": "Index Scan", "Parent Relationship": "Inner", "Parallel Aware": false, "Async Capable": false, "Scan Direction": "Forward", "Index Name": "users_pkey", "Relation Name": "users", "Alias": "u", "Startup Cost": 0.29, "Total Cost": 5.48, "Plan Rows": 1, "Plan Width": 4, "Actual Rows": 0, "Actual Loops": 174, "Index Cond": "(id = ph.userid)", "Rows Removed by Index Recheck": 0, "Filter": "((reputation <= 50633) AND (views <= 11906) AND (creationdate >= '2011-02-24 04:24:09'::timestamp without time zone) AND (creationdate <= '2013-03-19 14:42:37'::timestamp without time zone))", "Rows Removed by Filter": 1, "Workers": []}]}, {"Node Type": "Index Scan", "Parent Relationship": "Inner", "Parallel Aware": false, "Async Capable": false, "Scan Direction": "Forward", "Index Name": "idx_badges_userid", "Relation Name": "badges", "Alias": "b", "Startup Cost": 0.29, "Total Cost": 0.51, "Plan Rows": 1, "Plan Width": 4, "Actual Rows": 1, "Actual Loops": 49, "Index Cond": "(userid = u.id)", "Rows Removed by Index Recheck": 0, "Filter": "(date <= '2011-07-01 05:37:38'::timestamp without time zone)", "Rows Removed by Filter": 92, "Workers": []}]}, {"Node Type": "Index Scan", "Parent Relationship": "Inner", "Parallel Aware": false, "Async Capable": false, "Scan Direction": "Forward", "Index Name": "idx_votes_userid", "Relation Name": "votes", "Alias": "v", "Startup Cost": 0.42, "Total Cost": 1.3, "Plan Rows": 2, "Plan Width": 4, "Actual Rows": 6, "Actual Loops": 59, "Index Cond": "(userid = u.id)", "Rows Removed by Index Recheck": 0, "Filter": "(creationdate <= '2012-02-03 13:27:15'::timestamp without time zone)", "Rows Removed by Filter": 27, "Workers": []}]}]}]}]}, "Planning Time": 2.391, "Triggers": [], "Execution Time": 35.835}, {"Plan": {"Node Type": "Aggregate", "Strategy": "Plain", "Partial Mode": "Simple", "Parallel Aware": false, "Async Capable": false, "Startup Cost": 9638.62, "Total Cost": 9638.63, "Plan Rows": 1, "Plan Width": 8, "Actual Rows": 1, "Actual Loops": 1, "Plans": [{"Node Type": "Hash Join", "Parent Relationship": "Outer", "Parallel Aware": false, "Async Capable": false, "Join Type": "Inner", "Startup Cost": 8260.87, "Total Cost": 9638.28, "Plan Rows": 424.0, "Plan Width": 0, "Actual Rows": 379, "Actual Loops": 1, "Inner Unique": false, "Hash Cond": "(ph.userid = u.id)", "Plans": [{"Node Type": "Merge Join", "Parent Relationship": "Outer", "Parallel Aware": false, "Async Capable": false, "Join Type": "Inner", "Startup Cost": 5496.8, "Total Cost": 6864.67, "Plan Rows": 1007.0, "Plan Width": 8, "Actual Rows": 3989, "Actual Loops": 1, "Inner Unique": false, "Merge Cond": "(v.userid = ph.userid)", "Plans": [{"Node Type": "Index Scan", "Parent Relationship": "Outer", "Parallel Aware": false, "Async Capable": false, "Scan Direction": "Forward", "Index Name": "idx_votes_userid", "Relation Name": "votes", "Alias": "v", "Startup Cost": 0.42, "Total Cost": 12422.47, "Plan Rows": 81546, "Plan Width": 4, "Actual Rows": 7397, "Actual Loops": 1, "Filter": "(creationdate <= '2012-02-03 13:27:15'::timestamp without time zone)", "Rows Removed by Filter": 27393}, {"Node Type": "Sort", "Parent Relationship": "Inner", "Parallel Aware": false, "Async Capable": false, "Startup Cost": 5496.38, "Total Cost": 5496.87, "Plan Rows": 196, "Plan Width": 4, "Actual Rows": 4036, "Actual Loops": 1, "Sort Key": ["ph.userid"], "Sort Method": "quicksort", "Sort Space Used": 25, "Sort Space Type": "Memory", "Plans": [{"Node Type": "Gather", "Parent Relationship": "Outer", "Parallel Aware": false, "Async Capable": false, "Startup Cost": 1000.0, "Total Cost": 5488.92, "Plan Rows": 196, "Plan Width": 4, "Actual Rows": 174, "Actual Loops": 1, "Workers Planned": 1, "Workers Launched": 1, "Single Copy": false, "Plans": [{"Node Type": "Seq Scan", "Parent Relationship": "Outer", "Parallel Aware": true, "Async Capable": false, "Relation Name": "posthistory", "Alias": "ph", "Startup Cost": 0.0, "Total Cost": 4469.32, "Plan Rows": 115, "Plan Width": 4, "Actual Rows": 87, "Actual Loops": 2, "Filter": "(posthistorytypeid = 8)", "Rows Removed by Filter": 151506, "Workers": []}]}]}]}, {"Node Type": "Hash", "Parent Relationship": "Inner", "Parallel Aware": false, "Async Capable": false, "Startup Cost": 2729.48, "Total Cost": 2729.48, "Plan Rows": 416.0, "Plan Width": 8, "Actual Rows": 1831, "Actual Loops": 1, "Hash Buckets": 4096, "Original Hash Buckets": 4096, "Hash Batches": 1, "Original Hash Batches": 1, "Peak Memory Usage": 104, "Plans": [{"Node Type": "Hash Join", "Parent Relationship": "Outer", "Parallel Aware": false, "Async Capable": false, "Join Type": "Inner", "Startup Cost": 1278.41, "Total Cost": 2729.48, "Plan Rows": 416.0, "Plan Width": 8, "Actual Rows": 1831, "Actual Loops": 1, "Inner Unique": true, "Hash Cond": "(b.userid = u.id)", "Plans": [{"Node Type": "Seq Scan", "Parent Relationship": "Outer", "Parallel Aware": false, "Async Capable": false, "Relation Name": "badges", "Alias": "b", "Startup Cost": 0.0, "Total Cost": 1430.14, "Plan Rows": 7975, "Plan Width": 4, "Actual Rows": 7974, "Actual Loops": 1, "Filter": "(date <= '2011-07-01 05:37:38'::timestamp without time zone)", "Rows Removed by Filter": 71877}, {"Node Type": "Hash", "Parent Relationship": "Inner", "Parallel Aware": false, "Async Capable": false, "Startup Cost": 1103.5, "Total Cost": 1103.5, "Plan Rows": 13993, "Plan Width": 4, "Actual Rows": 13990, "Actual Loops": 1, "Hash Buckets": 16384, "Original Hash Buckets": 16384, "Hash Batches": 1, "Original Hash Batches": 1, "Peak Memory Usage": 620, "Plans": [{"Node Type": "Seq Scan", "Parent Relationship": "Outer", "Parallel Aware": false, "Async Capable": false, "Relation Name": "users", "Alias": "u", "Startup Cost": 0.0, "Total Cost": 1103.5, "Plan Rows": 13993, "Plan Width": 4, "Actual Rows": 13990, "Actual Loops": 1, "Filter": "((reputation <= 50633) AND (views <= 11906) AND (creationdate >= '2011-02-24 04:24:09'::timestamp without time zone) AND (creationdate <= '2013-03-19 14:42:37'::timestamp without time zone))", "Rows Removed by Filter": 26335}]}]}]}]}]}, "Planning Time": 2.667, "Triggers": [], "Execution Time": 103.132}, {"Plan": {"Node Type": "Aggregate", "Strategy": "Plain", "Partial Mode": "Simple", "Parallel Aware": false, "Async Capable": false, "Startup Cost": 9682.97, "Total Cost": 9682.98, "Plan Rows": 1, "Plan Width": 8, "Actual Rows": 1, "Actual Loops": 1, "Plans": [{"Node Type": "Merge Join", "Parent Relationship": "Outer", "Parallel Aware": false, "Async Capable": false, "Join Type": "Inner", "Startup Cost": 8384.48, "Total Cost": 9682.62, "Plan Rows": 424.0, "Plan Width": 0, "Actual Rows": 379, "Actual Loops": 1, "Inner Unique": false, "Merge Cond": "(u.id = ph.userid)", "Plans": [{"Node Type": "Sort", "Parent Relationship": "Outer", "Parallel Aware": false, "Async Capable": false, "Startup Cost": 2887.68, "Total Cost": 2894.59, "Plan Rows": 416.0, "Plan Width": 8, "Actual Rows": 1831, "Actual Loops": 1, "Sort Key": ["u.id"], "Sort Method": "quicksort", "Sort Space Used": 106, "Sort Space Type": "Memory", "Plans": [{"Node Type": "Hash Join", "Parent Relationship": "Outer", "Parallel Aware": false, "Async Capable": false, "Join Type": "Inner", "Startup Cost": 1278.41, "Total Cost": 2729.48, "Plan Rows": 416.0, "Plan Width": 8, "Actual Rows": 1831, "Actual Loops": 1, "Inner Unique": true, "Hash Cond": "(b.userid = u.id)", "Plans": [{"Node Type": "Seq Scan", "Parent Relationship": "Outer", "Parallel Aware": false, "Async Capable": false, "Relation Name": "badges", "Alias": "b", "Startup Cost": 0.0, "Total Cost": 1430.14, "Plan Rows": 7975, "Plan Width": 4, "Actual Rows": 7974, "Actual Loops": 1, "Filter": "(date <= '2011-07-01 05:37:38'::timestamp without time zone)", "Rows Removed by Filter": 71877}, {"Node Type": "Hash", "Parent Relationship": "Inner", "Parallel Aware": false, "Async Capable": false, "Startup Cost": 1103.5, "Total Cost": 1103.5, "Plan Rows": 13993, "Plan Width": 4, "Actual Rows": 13990, "Actual Loops": 1, "Hash Buckets": 16384, "Original Hash Buckets": 16384, "Hash Batches": 1, "Original Hash Batches": 1, "Peak Memory Usage": 620, "Plans": [{"Node Type": "Seq Scan", "Parent Relationship": "Outer", "Parallel Aware": false, "Async Capable": false, "Relation Name": "users", "Alias": "u", "Startup Cost": 0.0, "Total Cost": 1103.5, "Plan Rows": 13993, "Plan Width": 4, "Actual Rows": 13990, "Actual Loops": 1, "Filter": "((reputation <= 50633) AND (views <= 11906) AND (creationdate >= '2011-02-24 04:24:09'::timestamp without time zone) AND (creationdate <= '2013-03-19 14:42:37'::timestamp without time zone))", "Rows Removed by Filter": 26335}]}]}]}, {"Node Type": "Materialize", "Parent Relationship": "Inner", "Parallel Aware": false, "Async Capable": false, "Startup Cost": 5496.8, "Total Cost": 6870.1, "Plan Rows": 1007.0, "Plan Width": 8, "Actual Rows": 4105, "Actual Loops": 1, "Plans": [{"Node Type": "Merge Join", "Parent Relationship": "Outer", "Parallel Aware": false, "Async Capable": false, "Join Type": "Inner", "Startup Cost": 5496.8, "Total Cost": 6864.67, "Plan Rows": 1007.0, "Plan Width": 8, "Actual Rows": 3783, "Actual Loops": 1, "Inner Unique": false, "Merge Cond": "(v.userid = ph.userid)", "Plans": [{"Node Type": "Index Scan", "Parent Relationship": "Outer", "Parallel Aware": false, "Async Capable": false, "Scan Direction": "Forward", "Index Name": "idx_votes_userid", "Relation Name": "votes", "Alias": "v", "Startup Cost": 0.42, "Total Cost": 12422.47, "Plan Rows": 81546, "Plan Width": 4, "Actual Rows": 6970, "Actual Loops": 1, "Filter": "(creationdate <= '2012-02-03 13:27:15'::timestamp without time zone)", "Rows Removed by Filter": 6912}, {"Node Type": "Sort", "Parent Relationship": "Inner", "Parallel Aware": false, "Async Capable": false, "Startup Cost": 5496.38, "Total Cost": 5496.87, "Plan Rows": 196, "Plan Width": 4, "Actual Rows": 3802, "Actual Loops": 1, "Sort Key": ["ph.userid"], "Sort Method": "quicksort", "Sort Space Used": 25, "Sort Space Type": "Memory", "Plans": [{"Node Type": "Gather", "Parent Relationship": "Outer", "Parallel Aware": false, "Async Capable": false, "Startup Cost": 1000.0, "Total Cost": 5488.92, "Plan Rows": 196, "Plan Width": 4, "Actual Rows": 174, "Actual Loops": 1, "Workers Planned": 1, "Workers Launched": 1, "Single Copy": false, "Plans": [{"Node Type": "Seq Scan", "Parent Relationship": "Outer", "Parallel Aware": true, "Async Capable": false, "Relation Name": "posthistory", "Alias": "ph", "Startup Cost": 0.0, "Total Cost": 4469.32, "Plan Rows": 115, "Plan Width": 4, "Actual Rows": 87, "Actual Loops": 2, "Filter": "(posthistorytypeid = 8)", "Rows Removed by Filter": 151506, "Workers": []}]}]}]}]}]}]}, "Planning Time": 2.796, "Triggers": [], "Execution Time": 71.789}]