[{"Plan": {"Node Type": "Aggregate", "Strategy": "Plain", "Partial Mode": "Simple", "Parallel Aware": false, "Async Capable": false, "Startup Cost": 1401.05, "Total Cost": 1401.06, "Plan Rows": 1, "Plan Width": 8, "Actual Rows": 1, "Actual Loops": 1, "Plans": [{"Node Type": "Nested Loop", "Parent Relationship": "Outer", "Parallel Aware": false, "Async Capable": false, "Join Type": "Inner", "Startup Cost": 0.71, "Total Cost": 1401.05, "Plan Rows": 23.0, "Plan Width": 0, "Actual Rows": 4, "Actual Loops": 1, "Inner Unique": true, "Plans": [{"Node Type": "Nested Loop", "Parent Relationship": "Outer", "Parallel Aware": false, "Async Capable": false, "Join Type": "Inner", "Startup Cost": 0.42, "Total Cost": 1397.37, "Plan Rows": 652.0, "Plan Width": 4, "Actual Rows": 2351, "Actual Loops": 1, "Inner Unique": false, "Plans": [{"Node Type": "Seq Scan", "Parent Relationship": "Outer", "Parallel Aware": false, "Async Capable": false, "Relation Name": "users", "Alias": "u", "Startup Cost": 0.0, "Total Cost": 1002.69, "Plan Rows": 16, "Plan Width": 4, "Actual Rows": 24, "Actual Loops": 1, "Filter": "((upvotes >= 1248) AND (creationdate >= '2010-08-06 01:16:35'::timestamp without time zone) AND (creationdate <= '2013-06-13 01:13:41'::timestamp without time zone))", "Rows Removed by Filter": 40301}, {"Node Type": "Index Scan", "Parent Relationship": "Inner", "Parallel Aware": false, "Async Capable": false, "Scan Direction": "Forward", "Index Name": "idx_votes_userid", "Relation Name": "votes", "Alias": "v", "Startup Cost": 0.42, "Total Cost": 24.6, "Plan Rows": 7, "Plan Width": 8, "Actual Rows": 98, "Actual Loops": 24, "Index Cond": "(userid = u.id)", "Rows Removed by Index Recheck": 0, "Filter": "(creationdate <= '2014-02-04 06:28:56'::timestamp without time zone)", "Rows Removed by Filter": 21}]}, {"Node Type": "Index Scan", "Parent Relationship": "Inner", "Parallel Aware": false, "Async Capable": false, "Scan Direction": "Forward", "Index Name": "posts_pkey", "Relation Name": "posts", "Alias": "p", "Startup Cost": 0.29, "Total Cost": 0.33, "Plan Rows": 1, "Plan Width": 4, "Actual Rows": 0, "Actual Loops": 2351, "Index Cond": "(id = v.postid)", "Rows Removed by Index Recheck": 0, "Filter": "((score >= 66) AND (creationdate >= '2012-11-08 07:45:25'::timestamp without time zone) AND (creationdate <= '2014-02-13 05:07:46'::timestamp without time zone))", "Rows Removed by Filter": 1}]}]}, "Planning Time": 0.393, "Triggers": [], "Execution Time": 8.313}, {"Plan": {"Node Type": "Aggregate", "Strategy": "Plain", "Partial Mode": "Simple", "Parallel Aware": false, "Async Capable": false, "Startup Cost": 2909.55, "Total Cost": 2909.56, "Plan Rows": 1, "Plan Width": 8, "Actual Rows": 1, "Actual Loops": 1, "Plans": [{"Node Type": "Nested Loop", "Parent Relationship": "Outer", "Parallel Aware": false, "Async Capable": false, "Join Type": "Inner", "Startup Cost": 0.71, "Total Cost": 2909.55, "Plan Rows": 23.0, "Plan Width": 0, "Actual Rows": 4, "Actual Loops": 1, "Inner Unique": true, "Plans": [{"Node Type": "Nested Loop", "Parent Relationship": "Outer", "Parallel Aware": false, "Async Capable": false, "Join Type": "Inner", "Startup Cost": 0.42, "Total Cost": 2884.48, "Plan Rows": 1197.0, "Plan Width": 4, "Actual Rows": 662, "Actual Loops": 1, "Inner Unique": false, "Plans": [{"Node Type": "Seq Scan", "Parent Relationship": "Outer", "Parallel Aware": false, "Async Capable": false, "Relation Name": "posts", "Alias": "p", "Startup Cost": 0.0, "Total Cost": 2449.58, "Plan Rows": 28, "Plan Width": 4, "Actual Rows": 9, "Actual Loops": 1, "Filter": "((score >= 66) AND (creationdate >= '2012-11-08 07:45:25'::timestamp without time zone) AND (creationdate <= '2014-02-13 05:07:46'::timestamp without time zone))", "Rows Removed by Filter": 91967}, {"Node Type": "Index Scan", "Parent Relationship": "Inner", "Parallel Aware": false, "Async Capable": false, "Scan Direction": "Forward", "Index Name": "idx_votes_postid", "Relation Name": "votes", "Alias": "v", "Startup Cost": 0.42, "Total Cost": 15.49, "Plan Rows": 4, "Plan Width": 8, "Actual Rows": 74, "Actual Loops": 9, "Index Cond": "(postid = p.id)", "Rows Removed by Index Recheck": 0, "Filter": "(creationdate <= '2014-02-04 06:28:56'::timestamp without time zone)", "Rows Removed by Filter": 54}]}, {"Node Type": "Index Scan", "Parent Relationship": "Inner", "Parallel Aware": false, "Async Capable": false, "Scan Direction": "Forward", "Index Name": "users_pkey", "Relation Name": "users", "Alias": "u", "Startup Cost": 0.29, "Total Cost": 0.32, "Plan Rows": 1, "Plan Width": 4, "Actual Rows": 0, "Actual Loops": 662, "Index Cond": "(id = v.userid)", "Rows Removed by Index Recheck": 0, "Filter": "((upvotes >= 1248) AND (creationdate >= '2010-08-06 01:16:35'::timestamp without time zone) AND (creationdate <= '2013-06-13 01:13:41'::timestamp without time zone))", "Rows Removed by Filter": 0}]}]}, "Planning Time": 0.424, "Triggers": [], "Execution Time": 10.608}, {"Plan": {"Node Type": "Aggregate", "Strategy": "Plain", "Partial Mode": "Simple", "Parallel Aware": false, "Async Capable": false, "Startup Cost": 1401.05, "Total Cost": 1401.06, "Plan Rows": 1, "Plan Width": 8, "Actual Rows": 1, "Actual Loops": 1, "Plans": [{"Node Type": "Nested Loop", "Parent Relationship": "Outer", "Parallel Aware": false, "Async Capable": false, "Join Type": "Inner", "Startup Cost": 0.71, "Total Cost": 1401.05, "Plan Rows": 23.0, "Plan Width": 0, "Actual Rows": 4, "Actual Loops": 1, "Inner Unique": true, "Plans": [{"Node Type": "Nested Loop", "Parent Relationship": "Outer", "Parallel Aware": false, "Async Capable": false, "Join Type": "Inner", "Startup Cost": 0.42, "Total Cost": 1397.37, "Plan Rows": 652.0, "Plan Width": 4, "Actual Rows": 2351, "Actual Loops": 1, "Inner Unique": false, "Plans": [{"Node Type": "Seq Scan", "Parent Relationship": "Outer", "Parallel Aware": false, "Async Capable": false, "Relation Name": "users", "Alias": "u", "Startup Cost": 0.0, "Total Cost": 1002.69, "Plan Rows": 16, "Plan Width": 4, "Actual Rows": 24, "Actual Loops": 1, "Filter": "((upvotes >= 1248) AND (creationdate >= '2010-08-06 01:16:35'::timestamp without time zone) AND (creationdate <= '2013-06-13 01:13:41'::timestamp without time zone))", "Rows Removed by Filter": 40301}, {"Node Type": "Index Scan", "Parent Relationship": "Inner", "Parallel Aware": false, "Async Capable": false, "Scan Direction": "Forward", "Index Name": "idx_votes_userid", "Relation Name": "votes", "Alias": "v", "Startup Cost": 0.42, "Total Cost": 24.6, "Plan Rows": 7, "Plan Width": 8, "Actual Rows": 98, "Actual Loops": 24, "Index Cond": "(userid = u.id)", "Rows Removed by Index Recheck": 0, "Filter": "(creationdate <= '2014-02-04 06:28:56'::timestamp without time zone)", "Rows Removed by Filter": 21}]}, {"Node Type": "Index Scan", "Parent Relationship": "Inner", "Parallel Aware": false, "Async Capable": false, "Scan Direction": "Forward", "Index Name": "posts_pkey", "Relation Name": "posts", "Alias": "p", "Startup Cost": 0.29, "Total Cost": 0.33, "Plan Rows": 1, "Plan Width": 4, "Actual Rows": 0, "Actual Loops": 2351, "Index Cond": "(id = v.postid)", "Rows Removed by Index Recheck": 0, "Filter": "((score >= 66) AND (creationdate >= '2012-11-08 07:45:25'::timestamp without time zone) AND (creationdate <= '2014-02-13 05:07:46'::timestamp without time zone))", "Rows Removed by Filter": 1}]}]}, "Planning Time": 0.334, "Triggers": [], "Execution Time": 7.723}, {"Plan": {"Node Type": "Aggregate", "Strategy": "Plain", "Partial Mode": "Simple", "Parallel Aware": false, "Async Capable": false, "Startup Cost": 3851.6, "Total Cost": 3851.61, "Plan Rows": 1, "Plan Width": 8, "Actual Rows": 1, "Actual Loops": 1, "Plans": [{"Node Type": "Nested Loop", "Parent Relationship": "Outer", "Parallel Aware": false, "Async Capable": false, "Join Type": "Inner", "Startup Cost": 0.42, "Total Cost": 3851.6, "Plan Rows": 23.0, "Plan Width": 0, "Actual Rows": 4, "Actual Loops": 1, "Inner Unique": false, "Join Filter": "(v.postid = p.id)", "Rows Removed by Join Filter": 21155, "Plans": [{"Node Type": "Seq Scan", "Parent Relationship": "Outer", "Parallel Aware": false, "Async Capable": false, "Relation Name": "posts", "Alias": "p", "Startup Cost": 0.0, "Total Cost": 2449.58, "Plan Rows": 28, "Plan Width": 4, "Actual Rows": 9, "Actual Loops": 1, "Filter": "((score >= 66) AND (creationdate >= '2012-11-08 07:45:25'::timestamp without time zone) AND (creationdate <= '2014-02-13 05:07:46'::timestamp without time zone))", "Rows Removed by Filter": 91967}, {"Node Type": "Materialize", "Parent Relationship": "Inner", "Parallel Aware": false, "Async Capable": false, "Startup Cost": 0.42, "Total Cost": 1397.42, "Plan Rows": 652.0, "Plan Width": 4, "Actual Rows": 2351, "Actual Loops": 9, "Plans": [{"Node Type": "Nested Loop", "Parent Relationship": "Outer", "Parallel Aware": false, "Async Capable": false, "Join Type": "Inner", "Startup Cost": 0.42, "Total Cost": 1397.37, "Plan Rows": 652.0, "Plan Width": 4, "Actual Rows": 2351, "Actual Loops": 1, "Inner Unique": false, "Plans": [{"Node Type": "Seq Scan", "Parent Relationship": "Outer", "Parallel Aware": false, "Async Capable": false, "Relation Name": "users", "Alias": "u", "Startup Cost": 0.0, "Total Cost": 1002.69, "Plan Rows": 16, "Plan Width": 4, "Actual Rows": 24, "Actual Loops": 1, "Filter": "((upvotes >= 1248) AND (creationdate >= '2010-08-06 01:16:35'::timestamp without time zone) AND (creationdate <= '2013-06-13 01:13:41'::timestamp without time zone))", "Rows Removed by Filter": 40301}, {"Node Type": "Index Scan", "Parent Relationship": "Inner", "Parallel Aware": false, "Async Capable": false, "Scan Direction": "Forward", "Index Name": "idx_votes_userid", "Relation Name": "votes", "Alias": "v", "Startup Cost": 0.42, "Total Cost": 24.6, "Plan Rows": 7, "Plan Width": 8, "Actual Rows": 98, "Actual Loops": 24, "Index Cond": "(userid = u.id)", "Rows Removed by Index Recheck": 0, "Filter": "(creationdate <= '2014-02-04 06:28:56'::timestamp without time zone)", "Rows Removed by Filter": 21}]}]}]}]}, "Planning Time": 0.419, "Triggers": [], "Execution Time": 13.43}, {"Plan": {"Node Type": "Aggregate", "Strategy": "Plain", "Partial Mode": "Simple", "Parallel Aware": false, "Async Capable": false, "Startup Cost": 3906.08, "Total Cost": 3906.09, "Plan Rows": 1, "Plan Width": 8, "Actual Rows": 1, "Actual Loops": 1, "Plans": [{"Node Type": "Nested Loop", "Parent Relationship": "Outer", "Parallel Aware": false, "Async Capable": false, "Join Type": "Inner", "Startup Cost": 0.42, "Total Cost": 3906.08, "Plan Rows": 23.0, "Plan Width": 0, "Actual Rows": 4, "Actual Loops": 1, "Inner Unique": false, "Join Filter": "(v.userid = u.id)", "Rows Removed by Join Filter": 15884, "Plans": [{"Node Type": "Seq Scan", "Parent Relationship": "Outer", "Parallel Aware": false, "Async Capable": false, "Relation Name": "users", "Alias": "u", "Startup Cost": 0.0, "Total Cost": 1002.69, "Plan Rows": 16, "Plan Width": 4, "Actual Rows": 24, "Actual Loops": 1, "Filter": "((upvotes >= 1248) AND (creationdate >= '2010-08-06 01:16:35'::timestamp without time zone) AND (creationdate <= '2013-06-13 01:13:41'::timestamp without time zone))", "Rows Removed by Filter": 40301}, {"Node Type": "Materialize", "Parent Relationship": "Inner", "Parallel Aware": false, "Async Capable": false, "Startup Cost": 0.42, "Total Cost": 2884.87, "Plan Rows": 1197.0, "Plan Width": 4, "Actual Rows": 662, "Actual Loops": 24, "Plans": [{"Node Type": "Nested Loop", "Parent Relationship": "Outer", "Parallel Aware": false, "Async Capable": false, "Join Type": "Inner", "Startup Cost": 0.42, "Total Cost": 2884.48, "Plan Rows": 1197.0, "Plan Width": 4, "Actual Rows": 662, "Actual Loops": 1, "Inner Unique": false, "Plans": [{"Node Type": "Seq Scan", "Parent Relationship": "Outer", "Parallel Aware": false, "Async Capable": false, "Relation Name": "posts", "Alias": "p", "Startup Cost": 0.0, "Total Cost": 2449.58, "Plan Rows": 28, "Plan Width": 4, "Actual Rows": 9, "Actual Loops": 1, "Filter": "((score >= 66) AND (creationdate >= '2012-11-08 07:45:25'::timestamp without time zone) AND (creationdate <= '2014-02-13 05:07:46'::timestamp without time zone))", "Rows Removed by Filter": 91967}, {"Node Type": "Index Scan", "Parent Relationship": "Inner", "Parallel Aware": false, "Async Capable": false, "Scan Direction": "Forward", "Index Name": "idx_votes_postid", "Relation Name": "votes", "Alias": "v", "Startup Cost": 0.42, "Total Cost": 15.49, "Plan Rows": 4, "Plan Width": 8, "Actual Rows": 74, "Actual Loops": 9, "Index Cond": "(postid = p.id)", "Rows Removed by Index Recheck": 0, "Filter": "(creationdate <= '2014-02-04 06:28:56'::timestamp without time zone)", "Rows Removed by Filter": 54}]}]}]}]}, "Planning Time": 0.418, "Triggers": [], "Execution Time": 12.076}]