[{"Plan": {"Node Type": "Aggregate", "Strategy": "Plain", "Partial Mode": "Simple", "Parallel Aware": false, "Async Capable": false, "Startup Cost": 1400.65, "Total Cost": 1400.66, "Plan Rows": 1, "Plan Width": 8, "Actual Rows": 1, "Actual Loops": 1, "Plans": [{"Node Type": "Nested Loop", "Parent Relationship": "Outer", "Parallel Aware": false, "Async Capable": false, "Join Type": "Inner", "Startup Cost": 0.71, "Total Cost": 1400.6, "Plan Rows": 3.0, "Plan Width": 0, "Actual Rows": 1011, "Actual Loops": 1, "Inner Unique": false, "Plans": [{"Node Type": "Nested Loop", "Parent Relationship": "Outer", "Parallel Aware": false, "Async Capable": false, "Join Type": "Inner", "Startup Cost": 0.29, "Total Cost": 1396.22, "Plan Rows": 13.0, "Plan Width": 4, "Actual Rows": 463, "Actual Loops": 1, "Inner Unique": false, "Plans": [{"Node Type": "Seq Scan", "Parent Relationship": "Outer", "Parallel Aware": false, "Async Capable": false, "Relation Name": "users", "Alias": "u", "Startup Cost": 0.0, "Total Cost": 901.88, "Plan Rows": 36, "Plan Width": 4, "Actual Rows": 35, "Actual Loops": 1, "Filter": "((upvotes >= 970) AND (upvotes <= 9848))", "Rows Removed by Filter": 40290}, {"Node Type": "Index Scan", "Parent Relationship": "Inner", "Parallel Aware": false, "Async Capable": false, "Scan Direction": "Forward", "Index Name": "idx_posts_owneruserid", "Relation Name": "posts", "Alias": "p", "Startup Cost": 0.29, "Total Cost": 13.72, "Plan Rows": 1, "Plan Width": 8, "Actual Rows": 13, "Actual Loops": 35, "Index Cond": "(owneruserid = u.id)", "Rows Removed by Index Recheck": 0, "Filter": "((creationdate >= '2014-06-07 20:27:32'::timestamp without time zone) AND (creationdate <= '2014-08-05 20:42:20'::timestamp without time zone))", "Rows Removed by Filter": 300}]}, {"Node Type": "Index Only Scan", "Parent Relationship": "Inner", "Parallel Aware": false, "Async Capable": false, "Scan Direction": "Forward", "Index Name": "idx_posthistory_postid", "Relation Name": "posthistory", "Alias": "ph", "Startup Cost": 0.42, "Total Cost": 0.84, "Plan Rows": 4, "Plan Width": 4, "Actual Rows": 2, "Actual Loops": 463, "Index Cond": "(postid = p.id)", "Rows Removed by Index Recheck": 0, "Heap Fetches": 0}]}]}, "Planning Time": 0.282, "Triggers": [], "Execution Time": 5.458}, {"Plan": {"Node Type": "Aggregate", "Strategy": "Plain", "Partial Mode": "Simple", "Parallel Aware": false, "Async Capable": false, "Startup Cost": 1400.65, "Total Cost": 1400.66, "Plan Rows": 1, "Plan Width": 8, "Actual Rows": 1, "Actual Loops": 1, "Plans": [{"Node Type": "Nested Loop", "Parent Relationship": "Outer", "Parallel Aware": false, "Async Capable": false, "Join Type": "Inner", "Startup Cost": 0.71, "Total Cost": 1400.6, "Plan Rows": 3.0, "Plan Width": 0, "Actual Rows": 1011, "Actual Loops": 1, "Inner Unique": false, "Plans": [{"Node Type": "Nested Loop", "Parent Relationship": "Outer", "Parallel Aware": false, "Async Capable": false, "Join Type": "Inner", "Startup Cost": 0.29, "Total Cost": 1396.22, "Plan Rows": 13.0, "Plan Width": 4, "Actual Rows": 463, "Actual Loops": 1, "Inner Unique": false, "Plans": [{"Node Type": "Seq Scan", "Parent Relationship": "Outer", "Parallel Aware": false, "Async Capable": false, "Relation Name": "users", "Alias": "u", "Startup Cost": 0.0, "Total Cost": 901.88, "Plan Rows": 36, "Plan Width": 4, "Actual Rows": 35, "Actual Loops": 1, "Filter": "((upvotes >= 970) AND (upvotes <= 9848))", "Rows Removed by Filter": 40290}, {"Node Type": "Index Scan", "Parent Relationship": "Inner", "Parallel Aware": false, "Async Capable": false, "Scan Direction": "Forward", "Index Name": "idx_posts_owneruserid", "Relation Name": "posts", "Alias": "p", "Startup Cost": 0.29, "Total Cost": 13.72, "Plan Rows": 1, "Plan Width": 8, "Actual Rows": 13, "Actual Loops": 35, "Index Cond": "(owneruserid = u.id)", "Rows Removed by Index Recheck": 0, "Filter": "((creationdate >= '2014-06-07 20:27:32'::timestamp without time zone) AND (creationdate <= '2014-08-05 20:42:20'::timestamp without time zone))", "Rows Removed by Filter": 300}]}, {"Node Type": "Index Only Scan", "Parent Relationship": "Inner", "Parallel Aware": false, "Async Capable": false, "Scan Direction": "Forward", "Index Name": "idx_posthistory_postid", "Relation Name": "posthistory", "Alias": "ph", "Startup Cost": 0.42, "Total Cost": 0.84, "Plan Rows": 4, "Plan Width": 4, "Actual Rows": 2, "Actual Loops": 463, "Index Cond": "(postid = p.id)", "Rows Removed by Index Recheck": 0, "Heap Fetches": 0}]}]}, "Planning Time": 0.298, "Triggers": [], "Execution Time": 4.585}, {"Plan": {"Node Type": "Aggregate", "Strategy": "Plain", "Partial Mode": "Simple", "Parallel Aware": false, "Async Capable": false, "Startup Cost": 8634.49, "Total Cost": 8634.5, "Plan Rows": 1, "Plan Width": 8, "Actual Rows": 1, "Actual Loops": 1, "Plans": [{"Node Type": "Hash Join", "Parent Relationship": "Outer", "Parallel Aware": false, "Async Capable": false, "Join Type": "Inner", "Startup Cost": 902.75, "Total Cost": 8634.44, "Plan Rows": 3.0, "Plan Width": 0, "Actual Rows": 1011, "Actual Loops": 1, "Inner Unique": true, "Hash Cond": "(p.owneruserid = u.id)", "Plans": [{"Node Type": "Nested Loop", "Parent Relationship": "Outer", "Parallel Aware": false, "Async Capable": false, "Join Type": "Inner", "Startup Cost": 0.42, "Total Cost": 7678.18, "Plan Rows": 75.0, "Plan Width": 4, "Actual Rows": 19951, "Actual Loops": 1, "Inner Unique": false, "Plans": [{"Node Type": "Seq Scan", "Parent Relationship": "Outer", "Parallel Aware": false, "Async Capable": false, "Relation Name": "posts", "Alias": "p", "Startup Cost": 0.0, "Total Cost": 2219.64, "Plan Rows": 6232, "Plan Width": 8, "Actual Rows": 6252, "Actual Loops": 1, "Filter": "((creationdate >= '2014-06-07 20:27:32'::timestamp without time zone) AND (creationdate <= '2014-08-05 20:42:20'::timestamp without time zone))", "Rows Removed by Filter": 85724}, {"Node Type": "Index Only Scan", "Parent Relationship": "Inner", "Parallel Aware": false, "Async Capable": false, "Scan Direction": "Forward", "Index Name": "idx_posthistory_postid", "Relation Name": "posthistory", "Alias": "ph", "Startup Cost": 0.42, "Total Cost": 0.84, "Plan Rows": 4, "Plan Width": 4, "Actual Rows": 3, "Actual Loops": 6252, "Index Cond": "(postid = p.id)", "Rows Removed by Index Recheck": 0, "Heap Fetches": 0}]}, {"Node Type": "Hash", "Parent Relationship": "Inner", "Parallel Aware": false, "Async Capable": false, "Startup Cost": 901.88, "Total Cost": 901.88, "Plan Rows": 36, "Plan Width": 4, "Actual Rows": 35, "Actual Loops": 1, "Hash Buckets": 1024, "Original Hash Buckets": 1024, "Hash Batches": 1, "Original Hash Batches": 1, "Peak Memory Usage": 10, "Plans": [{"Node Type": "Seq Scan", "Parent Relationship": "Outer", "Parallel Aware": false, "Async Capable": false, "Relation Name": "users", "Alias": "u", "Startup Cost": 0.0, "Total Cost": 901.88, "Plan Rows": 36, "Plan Width": 4, "Actual Rows": 35, "Actual Loops": 1, "Filter": "((upvotes >= 970) AND (upvotes <= 9848))", "Rows Removed by Filter": 40290}]}]}]}, "Planning Time": 0.307, "Triggers": [], "Execution Time": 17.5}, {"Plan": {"Node Type": "Aggregate", "Strategy": "Plain", "Partial Mode": "Simple", "Parallel Aware": false, "Async Capable": false, "Startup Cost": 9096.31, "Total Cost": 9096.32, "Plan Rows": 1, "Plan Width": 8, "Actual Rows": 1, "Actual Loops": 1, "Plans": [{"Node Type": "Hash Join", "Parent Relationship": "Outer", "Parallel Aware": false, "Async Capable": false, "Join Type": "Inner", "Startup Cost": 7934.97, "Total Cost": 9096.27, "Plan Rows": 3.0, "Plan Width": 0, "Actual Rows": 1011, "Actual Loops": 1, "Inner Unique": false, "Hash Cond": "(u.id = p.owneruserid)", "Plans": [{"Node Type": "Seq Scan", "Parent Relationship": "Outer", "Parallel Aware": false, "Async Capable": false, "Relation Name": "users", "Alias": "u", "Startup Cost": 0.0, "Total Cost": 901.88, "Plan Rows": 36, "Plan Width": 4, "Actual Rows": 35, "Actual Loops": 1, "Filter": "((upvotes >= 970) AND (upvotes <= 9848))", "Rows Removed by Filter": 40290}, {"Node Type": "Hash", "Parent Relationship": "Inner", "Parallel Aware": false, "Async Capable": false, "Startup Cost": 7678.18, "Total Cost": 7678.18, "Plan Rows": 75.0, "Plan Width": 4, "Actual Rows": 19803, "Actual Loops": 1, "Hash Buckets": 32768, "Original Hash Buckets": 32768, "Hash Batches": 1, "Original Hash Batches": 1, "Peak Memory Usage": 953, "Plans": [{"Node Type": "Nested Loop", "Parent Relationship": "Outer", "Parallel Aware": false, "Async Capable": false, "Join Type": "Inner", "Startup Cost": 0.42, "Total Cost": 7678.18, "Plan Rows": 75.0, "Plan Width": 4, "Actual Rows": 19951, "Actual Loops": 1, "Inner Unique": false, "Plans": [{"Node Type": "Seq Scan", "Parent Relationship": "Outer", "Parallel Aware": false, "Async Capable": false, "Relation Name": "posts", "Alias": "p", "Startup Cost": 0.0, "Total Cost": 2219.64, "Plan Rows": 6232, "Plan Width": 8, "Actual Rows": 6252, "Actual Loops": 1, "Filter": "((creationdate >= '2014-06-07 20:27:32'::timestamp without time zone) AND (creationdate <= '2014-08-05 20:42:20'::timestamp without time zone))", "Rows Removed by Filter": 85724}, {"Node Type": "Index Only Scan", "Parent Relationship": "Inner", "Parallel Aware": false, "Async Capable": false, "Scan Direction": "Forward", "Index Name": "idx_posthistory_postid", "Relation Name": "posthistory", "Alias": "ph", "Startup Cost": 0.42, "Total Cost": 0.84, "Plan Rows": 4, "Plan Width": 4, "Actual Rows": 3, "Actual Loops": 6252, "Index Cond": "(postid = p.id)", "Rows Removed by Index Recheck": 0, "Heap Fetches": 0}]}]}]}]}, "Planning Time": 0.335, "Triggers": [], "Execution Time": 17.337}, {"Plan": {"Node Type": "Aggregate", "Strategy": "Plain", "Partial Mode": "Finalize", "Parallel Aware": false, "Async Capable": false, "Startup Cost": 7088.77, "Total Cost": 7088.78, "Plan Rows": 1, "Plan Width": 8, "Actual Rows": 1, "Actual Loops": 1, "Plans": [{"Node Type": "Gather", "Parent Relationship": "Outer", "Parallel Aware": false, "Async Capable": false, "Startup Cost": 7088.66, "Total Cost": 7088.77, "Plan Rows": 1, "Plan Width": 8, "Actual Rows": 2, "Actual Loops": 1, "Workers Planned": 1, "Workers Launched": 1, "Single Copy": false, "Plans": [{"Node Type": "Aggregate", "Strategy": "Plain", "Partial Mode": "Partial", "Parent Relationship": "Outer", "Parallel Aware": false, "Async Capable": false, "Startup Cost": 6088.66, "Total Cost": 6088.67, "Plan Rows": 1, "Plan Width": 8, "Actual Rows": 1, "Actual Loops": 2, "Workers": [], "Plans": [{"Node Type": "Hash Join", "Parent Relationship": "Outer", "Parallel Aware": false, "Async Capable": false, "Join Type": "Inner", "Startup Cost": 1396.29, "Total Cost": 6088.63, "Plan Rows": 3.0, "Plan Width": 0, "Actual Rows": 506, "Actual Loops": 2, "Inner Unique": false, "Hash Cond": "(ph.postid = p.id)", "Workers": [], "Plans": [{"Node Type": "Seq Scan", "Parent Relationship": "Outer", "Parallel Aware": true, "Async Capable": false, "Relation Name": "posthistory", "Alias": "ph", "Startup Cost": 0.0, "Total Cost": 4023.45, "Plan Rows": 178345, "Plan Width": 4, "Actual Rows": 151594, "Actual Loops": 2, "Workers": []}, {"Node Type": "Hash", "Parent Relationship": "Inner", "Parallel Aware": false, "Async Capable": false, "Startup Cost": 1396.22, "Total Cost": 1396.22, "Plan Rows": 13.0, "Plan Width": 4, "Actual Rows": 463, "Actual Loops": 2, "Hash Buckets": 1024, "Original Hash Buckets": 1024, "Hash Batches": 1, "Original Hash Batches": 1, "Peak Memory Usage": 25, "Workers": [], "Plans": [{"Node Type": "Nested Loop", "Parent Relationship": "Outer", "Parallel Aware": false, "Async Capable": false, "Join Type": "Inner", "Startup Cost": 0.29, "Total Cost": 1396.22, "Plan Rows": 13.0, "Plan Width": 4, "Actual Rows": 463, "Actual Loops": 2, "Inner Unique": false, "Workers": [], "Plans": [{"Node Type": "Seq Scan", "Parent Relationship": "Outer", "Parallel Aware": false, "Async Capable": false, "Relation Name": "users", "Alias": "u", "Startup Cost": 0.0, "Total Cost": 901.88, "Plan Rows": 36, "Plan Width": 4, "Actual Rows": 35, "Actual Loops": 2, "Filter": "((upvotes >= 970) AND (upvotes <= 9848))", "Rows Removed by Filter": 40290, "Workers": []}, {"Node Type": "Index Scan", "Parent Relationship": "Inner", "Parallel Aware": false, "Async Capable": false, "Scan Direction": "Forward", "Index Name": "idx_posts_owneruserid", "Relation Name": "posts", "Alias": "p", "Startup Cost": 0.29, "Total Cost": 13.72, "Plan Rows": 1, "Plan Width": 8, "Actual Rows": 13, "Actual Loops": 70, "Index Cond": "(owneruserid = u.id)", "Rows Removed by Index Recheck": 0, "Filter": "((creationdate >= '2014-06-07 20:27:32'::timestamp without time zone) AND (creationdate <= '2014-08-05 20:42:20'::timestamp without time zone))", "Rows Removed by Filter": 300, "Workers": []}]}]}]}]}]}]}, "Planning Time": 0.98, "Triggers": [], "Execution Time": 52.888}]