[{"Plan": {"Node Type": "Aggregate", "Strategy": "Plain", "Partial Mode": "Simple", "Parallel Aware": false, "Async Capable": false, "Startup Cost": 3204.4, "Total Cost": 3204.41, "Plan Rows": 1, "Plan Width": 8, "Actual Rows": 1, "Actual Loops": 1, "Plans": [{"Node Type": "Nested Loop", "Parent Relationship": "Outer", "Parallel Aware": false, "Async Capable": false, "Join Type": "Inner", "Startup Cost": 2911.91, "Total Cost": 3204.22, "Plan Rows": 559.0, "Plan Width": 0, "Actual Rows": 39026, "Actual Loops": 1, "Inner Unique": false, "Join Filter": "(p.id = ph.postid)", "Rows Removed by Join Filter": 0, "Plans": [{"Node Type": "Nested Loop", "Parent Relationship": "Outer", "Parallel Aware": false, "Async Capable": false, "Join Type": "Inner", "Startup Cost": 2911.49, "Total Cost": 3190.86, "Plan Rows": 190.0, "Plan Width": 16, "Actual Rows": 5534, "Actual Loops": 1, "Inner Unique": false, "Join Filter": "(p.id = v.postid)", "Rows Removed by Join Filter": 0, "Plans": [{"Node Type": "Nested Loop", "Parent Relationship": "Outer", "Parallel Aware": false, "Async Capable": false, "Join Type": "Inner", "Startup Cost": 2911.07, "Total Cost": 3184.55, "Plan Rows": 30.0, "Plan Width": 12, "Actual Rows": 227, "Actual Loops": 1, "Inner Unique": false, "Join Filter": "(c.postid = p.id)", "Rows Removed by Join Filter": 0, "Plans": [{"Node Type": "Hash Join", "Parent Relationship": "Outer", "Parallel Aware": false, "Async Capable": false, "Join Type": "Inner", "Startup Cost": 2910.65, "Total Cost": 3174.84, "Plan Rows": 52.0, "Plan Width": 8, "Actual Rows": 133, "Actual Loops": 1, "Inner Unique": true, "Hash Cond": "(pl.postid = p.id)", "Plans": [{"Node Type": "Seq Scan", "Parent Relationship": "Outer", "Parallel Aware": false, "Async Capable": false, "Relation Name": "postlinks", "Alias": "pl", "Startup Cost": 0.0, "Total Cost": 248.53, "Plan Rows": 5967, "Plan Width": 4, "Actual Rows": 6048, "Actual Loops": 1, "Filter": "((creationdate <= '2013-10-28 16:58:26'::timestamp without time zone) AND (linktypeid = 1))", "Rows Removed by Filter": 5054}, {"Node Type": "Hash", "Parent Relationship": "Inner", "Parallel Aware": false, "Async Capable": false, "Startup Cost": 2909.46, "Total Cost": 2909.46, "Plan Rows": 95, "Plan Width": 4, "Actual Rows": 239, "Actual Loops": 1, "Hash Buckets": 1024, "Original Hash Buckets": 1024, "Hash Batches": 1, "Original Hash Batches": 1, "Peak Memory Usage": 17, "Plans": [{"Node Type": "Seq Scan", "Parent Relationship": "Outer", "Parallel Aware": false, "Async Capable": false, "Relation Name": "posts", "Alias": "p", "Startup Cost": 0.0, "Total Cost": 2909.46, "Plan Rows": 95, "Plan Width": 4, "Actual Rows": 239, "Actual Loops": 1, "Filter": "((score <= 117) AND (favoritecount >= 10) AND (favoritecount <= 18) AND (creationdate >= '2009-03-24 01:51:17'::timestamp without time zone) AND (creationdate <= '2012-06-27 18:54:13'::timestamp without time zone))", "Rows Removed by Filter": 91737}]}]}, {"Node Type": "Index Scan", "Parent Relationship": "Inner", "Parallel Aware": false, "Async Capable": false, "Scan Direction": "Forward", "Index Name": "idx_comments_postid", "Relation Name": "comments", "Alias": "c", "Startup Cost": 0.42, "Total Cost": 1.58, "Plan Rows": 3, "Plan Width": 4, "Actual Rows": 2, "Actual Loops": 133, "Index Cond": "(postid = pl.postid)", "Rows Removed by Index Recheck": 0, "Filter": "(creationdate >= '2011-09-19 14:55:27'::timestamp without time zone)", "Rows Removed by Filter": 2}]}, {"Node Type": "Index Scan", "Parent Relationship": "Inner", "Parallel Aware": false, "Async Capable": false, "Scan Direction": "Forward", "Index Name": "idx_votes_postid", "Relation Name": "votes", "Alias": "v", "Startup Cost": 0.42, "Total Cost": 0.59, "Plan Rows": 3, "Plan Width": 4, "Actual Rows": 24, "Actual Loops": 227, "Index Cond": "(postid = c.postid)", "Rows Removed by Index Recheck": 0, "Filter": "(creationdate <= '2013-07-11 14:24:19'::timestamp without time zone)", "Rows Removed by Filter": 12}]}, {"Node Type": "Index Scan", "Parent Relationship": "Inner", "Parallel Aware": false, "Async Capable": false, "Scan Direction": "Forward", "Index Name": "idx_posthistory_postid", "Relation Name": "posthistory", "Alias": "ph", "Startup Cost": 0.42, "Total Cost": 0.56, "Plan Rows": 4, "Plan Width": 4, "Actual Rows": 7, "Actual Loops": 5534, "Index Cond": "(postid = v.postid)", "Rows Removed by Index Recheck": 0, "Filter": "(creationdate >= '2009-08-28 23:27:23'::timestamp without time zone)", "Rows Removed by Filter": 0}]}]}, "Planning Time": 5.042, "Triggers": [], "Execution Time": 32.585}, {"Plan": {"Node Type": "Aggregate", "Strategy": "Plain", "Partial Mode": "Simple", "Parallel Aware": false, "Async Capable": false, "Startup Cost": 26744.81, "Total Cost": 26744.82, "Plan Rows": 1, "Plan Width": 8, "Actual Rows": 1, "Actual Loops": 1, "Plans": [{"Node Type": "Hash Join", "Parent Relationship": "Outer", "Parallel Aware": false, "Async Capable": false, "Join Type": "Inner", "Startup Cost": 23012.74, "Total Cost": 26744.63, "Plan Rows": 559.0, "Plan Width": 0, "Actual Rows": 39026, "Actual Loops": 1, "Inner Unique": false, "Hash Cond": "(p.id = pl.postid)", "Plans": [{"Node Type": "Nested Loop", "Parent Relationship": "Outer", "Parallel Aware": false, "Async Capable": false, "Join Type": "Inner", "Startup Cost": 0.42, "Total Cost": 3697.29, "Plan Rows": 28.0, "Plan Width": 8, "Actual Rows": 297, "Actual Loops": 1, "Inner Unique": false, "Plans": [{"Node Type": "Seq Scan", "Parent Relationship": "Outer", "Parallel Aware": false, "Async Capable": false, "Relation Name": "posts", "Alias": "p", "Startup Cost": 0.0, "Total Cost": 2909.46, "Plan Rows": 95, "Plan Width": 4, "Actual Rows": 239, "Actual Loops": 1, "Filter": "((score <= 117) AND (favoritecount >= 10) AND (favoritecount <= 18) AND (creationdate >= '2009-03-24 01:51:17'::timestamp without time zone) AND (creationdate <= '2012-06-27 18:54:13'::timestamp without time zone))", "Rows Removed by Filter": 91737}, {"Node Type": "Index Scan", "Parent Relationship": "Inner", "Parallel Aware": false, "Async Capable": false, "Scan Direction": "Forward", "Index Name": "idx_comments_postid", "Relation Name": "comments", "Alias": "c", "Startup Cost": 0.42, "Total Cost": 8.26, "Plan Rows": 3, "Plan Width": 4, "Actual Rows": 1, "Actual Loops": 239, "Index Cond": "(postid = p.id)", "Rows Removed by Index Recheck": 0, "Filter": "(creationdate >= '2011-09-19 14:55:27'::timestamp without time zone)", "Rows Removed by Filter": 1}]}, {"Node Type": "Hash", "Parent Relationship": "Inner", "Parallel Aware": false, "Async Capable": false, "Startup Cost": 22020.4, "Total Cost": 22020.4, "Plan Rows": 14310.0, "Plan Width": 12, "Actual Rows": 236513, "Actual Loops": 1, "Hash Buckets": 262144, "Original Hash Buckets": 131072, "Hash Batches": 1, "Original Hash Batches": 1, "Peak Memory Usage": 12211, "Plans": [{"Node Type": "Hash Join", "Parent Relationship": "Outer", "Parallel Aware": false, "Async Capable": false, "Join Type": "Inner", "Startup Cost": 11139.85, "Total Cost": 22020.4, "Plan Rows": 14310.0, "Plan Width": 12, "Actual Rows": 236513, "Actual Loops": 1, "Inner Unique": false, "Hash Cond": "(pl.postid = ph.postid)", "Plans": [{"Node Type": "Gather", "Parent Relationship": "Outer", "Parallel Aware": false, "Async Capable": false, "Startup Cost": 1323.12, "Total Cost": 10282.01, "Plan Rows": 20511, "Plan Width": 8, "Actual Rows": 34710, "Actual Loops": 1, "Workers Planned": 1, "Workers Launched": 1, "Single Copy": false, "Plans": [{"Node Type": "Hash Join", "Parent Relationship": "Outer", "Parallel Aware": false, "Async Capable": false, "Join Type": "Inner", "Startup Cost": 323.12, "Total Cost": 7230.91, "Plan Rows": 3340.0, "Plan Width": 8, "Actual Rows": 17355, "Actual Loops": 2, "Inner Unique": false, "Hash Cond": "(v.postid = pl.postid)", "Workers": [], "Plans": [{"Node Type": "Seq Scan", "Parent Relationship": "Outer", "Parallel Aware": true, "Async Capable": false, "Relation Name": "votes", "Alias": "v", "Startup Cost": 0.0, "Total Cost": 4572.24, "Plan Rows": 118128, "Plan Width": 4, "Actual Rows": 100324, "Actual Loops": 2, "Filter": "(creationdate <= '2013-07-11 14:24:19'::timestamp without time zone)", "Rows Removed by Filter": 63708, "Workers": []}, {"Node Type": "Hash", "Parent Relationship": "Inner", "Parallel Aware": false, "Async Capable": false, "Startup Cost": 248.53, "Total Cost": 248.53, "Plan Rows": 5967, "Plan Width": 4, "Actual Rows": 6048, "Actual Loops": 2, "Hash Buckets": 8192, "Original Hash Buckets": 8192, "Hash Batches": 1, "Original Hash Batches": 1, "Peak Memory Usage": 277, "Workers": [], "Plans": [{"Node Type": "Seq Scan", "Parent Relationship": "Outer", "Parallel Aware": false, "Async Capable": false, "Relation Name": "postlinks", "Alias": "pl", "Startup Cost": 0.0, "Total Cost": 248.53, "Plan Rows": 5967, "Plan Width": 4, "Actual Rows": 6048, "Actual Loops": 2, "Filter": "((creationdate <= '2013-10-28 16:58:26'::timestamp without time zone) AND (linktypeid = 1))", "Rows Removed by Filter": 5054, "Workers": []}]}]}]}, {"Node Type": "Hash", "Parent Relationship": "Inner", "Parallel Aware": false, "Async Capable": false, "Startup Cost": 6029.84, "Total Cost": 6029.84, "Plan Rows": 302952, "Plan Width": 4, "Actual Rows": 303167, "Actual Loops": 1, "Hash Buckets": 524288, "Original Hash Buckets": 524288, "Hash Batches": 1, "Original Hash Batches": 1, "Peak Memory Usage": 14755, "Plans": [{"Node Type": "Seq Scan", "Parent Relationship": "Outer", "Parallel Aware": false, "Async Capable": false, "Relation Name": "posthistory", "Alias": "ph", "Startup Cost": 0.0, "Total Cost": 6029.84, "Plan Rows": 302952, "Plan Width": 4, "Actual Rows": 303167, "Actual Loops": 1, "Filter": "(creationdate >= '2009-08-28 23:27:23'::timestamp without time zone)", "Rows Removed by Filter": 20}]}]}]}]}]}, "Planning Time": 6.108, "Triggers": [], "Execution Time": 257.161}, {"Plan": {"Node Type": "Aggregate", "Strategy": "Plain", "Partial Mode": "Simple", "Parallel Aware": false, "Async Capable": false, "Startup Cost": 3210.63, "Total Cost": 3210.64, "Plan Rows": 1, "Plan Width": 8, "Actual Rows": 1, "Actual Loops": 1, "Plans": [{"Node Type": "Nested Loop", "Parent Relationship": "Outer", "Parallel Aware": false, "Async Capable": false, "Join Type": "Inner", "Startup Cost": 2911.91, "Total Cost": 3210.45, "Plan Rows": 559.0, "Plan Width": 0, "Actual Rows": 39026, "Actual Loops": 1, "Inner Unique": false, "Join Filter": "(p.id = v.postid)", "Rows Removed by Join Filter": 0, "Plans": [{"Node Type": "Nested Loop", "Parent Relationship": "Outer", "Parallel Aware": false, "Async Capable": false, "Join Type": "Inner", "Startup Cost": 2911.49, "Total Cost": 3190.82, "Plan Rows": 46.0, "Plan Width": 16, "Actual Rows": 1628, "Actual Loops": 1, "Inner Unique": false, "Join Filter": "(p.id = ph.postid)", "Rows Removed by Join Filter": 0, "Plans": [{"Node Type": "Nested Loop", "Parent Relationship": "Outer", "Parallel Aware": false, "Async Capable": false, "Join Type": "Inner", "Startup Cost": 2911.07, "Total Cost": 3184.55, "Plan Rows": 30.0, "Plan Width": 12, "Actual Rows": 227, "Actual Loops": 1, "Inner Unique": false, "Join Filter": "(c.postid = p.id)", "Rows Removed by Join Filter": 0, "Plans": [{"Node Type": "Hash Join", "Parent Relationship": "Outer", "Parallel Aware": false, "Async Capable": false, "Join Type": "Inner", "Startup Cost": 2910.65, "Total Cost": 3174.84, "Plan Rows": 52.0, "Plan Width": 8, "Actual Rows": 133, "Actual Loops": 1, "Inner Unique": true, "Hash Cond": "(pl.postid = p.id)", "Plans": [{"Node Type": "Seq Scan", "Parent Relationship": "Outer", "Parallel Aware": false, "Async Capable": false, "Relation Name": "postlinks", "Alias": "pl", "Startup Cost": 0.0, "Total Cost": 248.53, "Plan Rows": 5967, "Plan Width": 4, "Actual Rows": 6048, "Actual Loops": 1, "Filter": "((creationdate <= '2013-10-28 16:58:26'::timestamp without time zone) AND (linktypeid = 1))", "Rows Removed by Filter": 5054}, {"Node Type": "Hash", "Parent Relationship": "Inner", "Parallel Aware": false, "Async Capable": false, "Startup Cost": 2909.46, "Total Cost": 2909.46, "Plan Rows": 95, "Plan Width": 4, "Actual Rows": 239, "Actual Loops": 1, "Hash Buckets": 1024, "Original Hash Buckets": 1024, "Hash Batches": 1, "Original Hash Batches": 1, "Peak Memory Usage": 17, "Plans": [{"Node Type": "Seq Scan", "Parent Relationship": "Outer", "Parallel Aware": false, "Async Capable": false, "Relation Name": "posts", "Alias": "p", "Startup Cost": 0.0, "Total Cost": 2909.46, "Plan Rows": 95, "Plan Width": 4, "Actual Rows": 239, "Actual Loops": 1, "Filter": "((score <= 117) AND (favoritecount >= 10) AND (favoritecount <= 18) AND (creationdate >= '2009-03-24 01:51:17'::timestamp without time zone) AND (creationdate <= '2012-06-27 18:54:13'::timestamp without time zone))", "Rows Removed by Filter": 91737}]}]}, {"Node Type": "Index Scan", "Parent Relationship": "Inner", "Parallel Aware": false, "Async Capable": false, "Scan Direction": "Forward", "Index Name": "idx_comments_postid", "Relation Name": "comments", "Alias": "c", "Startup Cost": 0.42, "Total Cost": 1.58, "Plan Rows": 3, "Plan Width": 4, "Actual Rows": 2, "Actual Loops": 133, "Index Cond": "(postid = pl.postid)", "Rows Removed by Index Recheck": 0, "Filter": "(creationdate >= '2011-09-19 14:55:27'::timestamp without time zone)", "Rows Removed by Filter": 2}]}, {"Node Type": "Index Scan", "Parent Relationship": "Inner", "Parallel Aware": false, "Async Capable": false, "Scan Direction": "Forward", "Index Name": "idx_posthistory_postid", "Relation Name": "posthistory", "Alias": "ph", "Startup Cost": 0.42, "Total Cost": 0.58, "Plan Rows": 4, "Plan Width": 4, "Actual Rows": 7, "Actual Loops": 227, "Index Cond": "(postid = c.postid)", "Rows Removed by Index Recheck": 0, "Filter": "(creationdate >= '2009-08-28 23:27:23'::timestamp without time zone)", "Rows Removed by Filter": 0}]}, {"Node Type": "Index Scan", "Parent Relationship": "Inner", "Parallel Aware": false, "Async Capable": false, "Scan Direction": "Forward", "Index Name": "idx_votes_postid", "Relation Name": "votes", "Alias": "v", "Startup Cost": 0.42, "Total Cost": 0.56, "Plan Rows": 3, "Plan Width": 4, "Actual Rows": 24, "Actual Loops": 1628, "Index Cond": "(postid = ph.postid)", "Rows Removed by Index Recheck": 0, "Filter": "(creationdate <= '2013-07-11 14:24:19'::timestamp without time zone)", "Rows Removed by Filter": 11}]}]}, "Planning Time": 5.404, "Triggers": [], "Execution Time": 29.16}, {"Plan": {"Node Type": "Aggregate", "Strategy": "Plain", "Partial Mode": "Simple", "Parallel Aware": false, "Async Capable": false, "Startup Cost": 70852.11, "Total Cost": 70852.12, "Plan Rows": 1, "Plan Width": 8, "Actual Rows": 1, "Actual Loops": 1, "Plans": [{"Node Type": "Merge Join", "Parent Relationship": "Outer", "Parallel Aware": false, "Async Capable": false, "Join Type": "Inner", "Startup Cost": 2914.13, "Total Cost": 70851.93, "Plan Rows": 559.0, "Plan Width": 0, "Actual Rows": 39026, "Actual Loops": 1, "Inner Unique": false, "Merge Cond": "(p.id = v.postid)", "Plans": [{"Node Type": "Merge Join", "Parent Relationship": "Outer", "Parallel Aware": false, "Async Capable": false, "Join Type": "Inner", "Startup Cost": 2912.87, "Total Cost": 3378.84, "Plan Rows": 52.0, "Plan Width": 8, "Actual Rows": 133, "Actual Loops": 1, "Inner Unique": true, "Merge Cond": "(pl.postid = p.id)", "Plans": [{"Node Type": "Index Scan", "Parent Relationship": "Outer", "Parallel Aware": false, "Async Capable": false, "Scan Direction": "Forward", "Index Name": "idx_postlinks_postid", "Relation Name": "postlinks", "Alias": "pl", "Startup Cost": 0.29, "Total Cost": 450.8, "Plan Rows": 5967, "Plan Width": 4, "Actual Rows": 2515, "Actual Loops": 1, "Filter": "((creationdate <= '2013-10-28 16:58:26'::timestamp without time zone) AND (linktypeid = 1))", "Rows Removed by Filter": 220}, {"Node Type": "Sort", "Parent Relationship": "Inner", "Parallel Aware": false, "Async Capable": false, "Startup Cost": 2912.58, "Total Cost": 2912.82, "Plan Rows": 95, "Plan Width": 4, "Actual Rows": 239, "Actual Loops": 1, "Sort Key": ["p.id"], "Sort Method": "quicksort", "Sort Space Used": 25, "Sort Space Type": "Memory", "Plans": [{"Node Type": "Seq Scan", "Parent Relationship": "Outer", "Parallel Aware": false, "Async Capable": false, "Relation Name": "posts", "Alias": "p", "Startup Cost": 0.0, "Total Cost": 2909.46, "Plan Rows": 95, "Plan Width": 4, "Actual Rows": 239, "Actual Loops": 1, "Filter": "((score <= 117) AND (favoritecount >= 10) AND (favoritecount <= 18) AND (creationdate >= '2009-03-24 01:51:17'::timestamp without time zone) AND (creationdate <= '2012-06-27 18:54:13'::timestamp without time zone))", "Rows Removed by Filter": 91737}]}]}, {"Node Type": "Materialize", "Parent Relationship": "Inner", "Parallel Aware": false, "Async Capable": false, "Startup Cost": 1.27, "Total Cost": 63780.7, "Plan Rows": 117120.0, "Plan Width": 12, "Actual Rows": 847738, "Actual Loops": 1, "Plans": [{"Node Type": "Merge Join", "Parent Relationship": "Outer", "Parallel Aware": false, "Async Capable": false, "Join Type": "Inner", "Startup Cost": 1.27, "Total Cost": 60089.28, "Plan Rows": 117120.0, "Plan Width": 12, "Actual Rows": 835188, "Actual Loops": 1, "Inner Unique": false, "Merge Cond": "(v.postid = ph.postid)", "Plans": [{"Node Type": "Index Scan", "Parent Relationship": "Outer", "Parallel Aware": false, "Async Capable": false, "Scan Direction": "Forward", "Index Name": "idx_votes_postid", "Relation Name": "votes", "Alias": "v", "Startup Cost": 0.42, "Total Cost": 12794.42, "Plan Rows": 200817, "Plan Width": 4, "Actual Rows": 136644, "Actual Loops": 1, "Filter": "(creationdate <= '2013-07-11 14:24:19'::timestamp without time zone)", "Rows Removed by Filter": 24966}, {"Node Type": "Materialize", "Parent Relationship": "Inner", "Parallel Aware": false, "Async Capable": false, "Startup Cost": 0.84, "Total Cost": 26076.02, "Plan Rows": 6304.0, "Plan Width": 8, "Actual Rows": 842337, "Actual Loops": 1, "Plans": [{"Node Type": "Merge Join", "Parent Relationship": "Outer", "Parallel Aware": false, "Async Capable": false, "Join Type": "Inner", "Startup Cost": 0.84, "Total Cost": 24645.34, "Plan Rows": 6304.0, "Plan Width": 8, "Actual Rows": 120587, "Actual Loops": 1, "Inner Unique": false, "Merge Cond": "(c.postid = ph.postid)", "Plans": [{"Node Type": "Index Scan", "Parent Relationship": "Outer", "Parallel Aware": false, "Async Capable": false, "Scan Direction": "Forward", "Index Name": "idx_comments_postid", "Relation Name": "comments", "Alias": "c", "Startup Cost": 0.42, "Total Cost": 5857.0, "Plan Rows": 149190, "Plan Width": 4, "Actual Rows": 30216, "Actual Loops": 1, "Filter": "(creationdate >= '2011-09-19 14:55:27'::timestamp without time zone)", "Rows Removed by Filter": 25065}, {"Node Type": "Materialize", "Parent Relationship": "Inner", "Parallel Aware": false, "Async Capable": false, "Startup Cost": 0.42, "Total Cost": 10588.85, "Plan Rows": 302952, "Plan Width": 4, "Actual Rows": 174106, "Actual Loops": 1, "Plans": [{"Node Type": "Index Scan", "Parent Relationship": "Outer", "Parallel Aware": false, "Async Capable": false, "Scan Direction": "Forward", "Index Name": "idx_posthistory_postid", "Relation Name": "posthistory", "Alias": "ph", "Startup Cost": 0.42, "Total Cost": 9831.47, "Plan Rows": 302952, "Plan Width": 4, "Actual Rows": 88267, "Actual Loops": 1, "Filter": "(creationdate >= '2009-08-28 23:27:23'::timestamp without time zone)", "Rows Removed by Filter": 20}]}]}]}]}]}]}]}, "Planning Time": 6.287, "Triggers": [], "Execution Time": 531.718}, {"Plan": {"Node Type": "Aggregate", "Strategy": "Plain", "Partial Mode": "Finalize", "Parallel Aware": false, "Async Capable": false, "Startup Cost": 12137.44, "Total Cost": 12137.45, "Plan Rows": 1, "Plan Width": 8, "Actual Rows": 1, "Actual Loops": 1, "Plans": [{"Node Type": "Gather", "Parent Relationship": "Outer", "Parallel Aware": false, "Async Capable": false, "Startup Cost": 12137.32, "Total Cost": 12137.43, "Plan Rows": 1, "Plan Width": 8, "Actual Rows": 2, "Actual Loops": 1, "Workers Planned": 1, "Workers Launched": 1, "Single Copy": false, "Plans": [{"Node Type": "Aggregate", "Strategy": "Plain", "Partial Mode": "Partial", "Parent Relationship": "Outer", "Parallel Aware": false, "Async Capable": false, "Startup Cost": 11137.32, "Total Cost": 11137.33, "Plan Rows": 1, "Plan Width": 8, "Actual Rows": 1, "Actual Loops": 2, "Workers": [], "Plans": [{"Node Type": "Hash Join", "Parent Relationship": "Outer", "Parallel Aware": false, "Async Capable": false, "Join Type": "Inner", "Startup Cost": 4123.18, "Total Cost": 11137.22, "Plan Rows": 559.0, "Plan Width": 0, "Actual Rows": 19513, "Actual Loops": 2, "Inner Unique": false, "Hash Cond": "(pl.postid = p.id)", "Workers": [], "Plans": [{"Node Type": "Hash Join", "Parent Relationship": "Outer", "Parallel Aware": false, "Async Capable": false, "Join Type": "Inner", "Startup Cost": 323.12, "Total Cost": 7230.91, "Plan Rows": 3340.0, "Plan Width": 8, "Actual Rows": 17355, "Actual Loops": 2, "Inner Unique": false, "Hash Cond": "(v.postid = pl.postid)", "Workers": [], "Plans": [{"Node Type": "Seq Scan", "Parent Relationship": "Outer", "Parallel Aware": true, "Async Capable": false, "Relation Name": "votes", "Alias": "v", "Startup Cost": 0.0, "Total Cost": 4572.24, "Plan Rows": 118128, "Plan Width": 4, "Actual Rows": 100324, "Actual Loops": 2, "Filter": "(creationdate <= '2013-07-11 14:24:19'::timestamp without time zone)", "Rows Removed by Filter": 63708, "Workers": []}, {"Node Type": "Hash", "Parent Relationship": "Inner", "Parallel Aware": false, "Async Capable": false, "Startup Cost": 248.53, "Total Cost": 248.53, "Plan Rows": 5967, "Plan Width": 4, "Actual Rows": 6048, "Actual Loops": 2, "Hash Buckets": 8192, "Original Hash Buckets": 8192, "Hash Batches": 1, "Original Hash Batches": 1, "Peak Memory Usage": 277, "Workers": [], "Plans": [{"Node Type": "Seq Scan", "Parent Relationship": "Outer", "Parallel Aware": false, "Async Capable": false, "Relation Name": "postlinks", "Alias": "pl", "Startup Cost": 0.0, "Total Cost": 248.53, "Plan Rows": 5967, "Plan Width": 4, "Actual Rows": 6048, "Actual Loops": 2, "Filter": "((creationdate <= '2013-10-28 16:58:26'::timestamp without time zone) AND (linktypeid = 1))", "Rows Removed by Filter": 5054, "Workers": []}]}]}, {"Node Type": "Hash", "Parent Relationship": "Inner", "Parallel Aware": false, "Async Capable": false, "Startup Cost": 3793.73, "Total Cost": 3793.73, "Plan Rows": 117.0, "Plan Width": 12, "Actual Rows": 2110, "Actual Loops": 2, "Hash Buckets": 4096, "Original Hash Buckets": 1024, "Hash Batches": 1, "Original Hash Batches": 1, "Peak Memory Usage": 123, "Workers": [], "Plans": [{"Node Type": "Nested Loop", "Parent Relationship": "Outer", "Parallel Aware": false, "Async Capable": false, "Join Type": "Inner", "Startup Cost": 0.84, "Total Cost": 3793.73, "Plan Rows": 117.0, "Plan Width": 12, "Actual Rows": 2110, "Actual Loops": 2, "Inner Unique": false, "Join Filter": "(p.id = ph.postid)", "Rows Removed by Join Filter": 0, "Workers": [], "Plans": [{"Node Type": "Nested Loop", "Parent Relationship": "Outer", "Parallel Aware": false, "Async Capable": false, "Join Type": "Inner", "Startup Cost": 0.42, "Total Cost": 3697.29, "Plan Rows": 28.0, "Plan Width": 8, "Actual Rows": 297, "Actual Loops": 2, "Inner Unique": false, "Workers": [], "Plans": [{"Node Type": "Seq Scan", "Parent Relationship": "Outer", "Parallel Aware": false, "Async Capable": false, "Relation Name": "posts", "Alias": "p", "Startup Cost": 0.0, "Total Cost": 2909.46, "Plan Rows": 95, "Plan Width": 4, "Actual Rows": 239, "Actual Loops": 2, "Filter": "((score <= 117) AND (favoritecount >= 10) AND (favoritecount <= 18) AND (creationdate >= '2009-03-24 01:51:17'::timestamp without time zone) AND (creationdate <= '2012-06-27 18:54:13'::timestamp without time zone))", "Rows Removed by Filter": 91737, "Workers": []}, {"Node Type": "Index Scan", "Parent Relationship": "Inner", "Parallel Aware": false, "Async Capable": false, "Scan Direction": "Forward", "Index Name": "idx_comments_postid", "Relation Name": "comments", "Alias": "c", "Startup Cost": 0.42, "Total Cost": 8.26, "Plan Rows": 3, "Plan Width": 4, "Actual Rows": 1, "Actual Loops": 478, "Index Cond": "(postid = p.id)", "Rows Removed by Index Recheck": 0, "Filter": "(creationdate >= '2011-09-19 14:55:27'::timestamp without time zone)", "Rows Removed by Filter": 1, "Workers": []}]}, {"Node Type": "Index Scan", "Parent Relationship": "Inner", "Parallel Aware": false, "Async Capable": false, "Scan Direction": "Forward", "Index Name": "idx_posthistory_postid", "Relation Name": "posthistory", "Alias": "ph", "Startup Cost": 0.42, "Total Cost": 0.58, "Plan Rows": 4, "Plan Width": 4, "Actual Rows": 7, "Actual Loops": 594, "Index Cond": "(postid = c.postid)", "Rows Removed by Index Recheck": 0, "Filter": "(creationdate >= '2009-08-28 23:27:23'::timestamp without time zone)", "Rows Removed by Filter": 0, "Workers": []}]}]}]}]}]}]}, "Planning Time": 13.466, "Triggers": [], "Execution Time": 77.67}, {"Plan": {"Node Type": "Aggregate", "Strategy": "Plain", "Partial Mode": "Simple", "Parallel Aware": false, "Async Capable": false, "Startup Cost": 28096.31, "Total Cost": 28096.32, "Plan Rows": 1, "Plan Width": 8, "Actual Rows": 1, "Actual Loops": 1, "Plans": [{"Node Type": "Merge Join", "Parent Relationship": "Outer", "Parallel Aware": false, "Async Capable": false, "Join Type": "Inner", "Startup Cost": 3704.34, "Total Cost": 28096.13, "Plan Rows": 559.0, "Plan Width": 0, "Actual Rows": 39026, "Actual Loops": 1, "Inner Unique": false, "Merge Cond": "(p.id = pl.postid)", "Plans": [{"Node Type": "Sort", "Parent Relationship": "Outer", "Parallel Aware": false, "Async Capable": false, "Startup Cost": 3702.89, "Total Cost": 3703.27, "Plan Rows": 28.0, "Plan Width": 8, "Actual Rows": 297, "Actual Loops": 1, "Sort Key": ["c.postid"], "Sort Method": "quicksort", "Sort Space Used": 34, "Sort Space Type": "Memory", "Plans": [{"Node Type": "Nested Loop", "Parent Relationship": "Outer", "Parallel Aware": false, "Async Capable": false, "Join Type": "Inner", "Startup Cost": 0.42, "Total Cost": 3697.29, "Plan Rows": 28.0, "Plan Width": 8, "Actual Rows": 297, "Actual Loops": 1, "Inner Unique": false, "Plans": [{"Node Type": "Seq Scan", "Parent Relationship": "Outer", "Parallel Aware": false, "Async Capable": false, "Relation Name": "posts", "Alias": "p", "Startup Cost": 0.0, "Total Cost": 2909.46, "Plan Rows": 95, "Plan Width": 4, "Actual Rows": 239, "Actual Loops": 1, "Filter": "((score <= 117) AND (favoritecount >= 10) AND (favoritecount <= 18) AND (creationdate >= '2009-03-24 01:51:17'::timestamp without time zone) AND (creationdate <= '2012-06-27 18:54:13'::timestamp without time zone))", "Rows Removed by Filter": 91737}, {"Node Type": "Index Scan", "Parent Relationship": "Inner", "Parallel Aware": false, "Async Capable": false, "Scan Direction": "Forward", "Index Name": "idx_comments_postid", "Relation Name": "comments", "Alias": "c", "Startup Cost": 0.42, "Total Cost": 8.26, "Plan Rows": 3, "Plan Width": 4, "Actual Rows": 1, "Actual Loops": 239, "Index Cond": "(postid = p.id)", "Rows Removed by Index Recheck": 0, "Filter": "(creationdate >= '2011-09-19 14:55:27'::timestamp without time zone)", "Rows Removed by Filter": 1}]}]}, {"Node Type": "Materialize", "Parent Relationship": "Inner", "Parallel Aware": false, "Async Capable": false, "Startup Cost": 1.45, "Total Cost": 24192.75, "Plan Rows": 14310.0, "Plan Width": 12, "Actual Rows": 193296, "Actual Loops": 1, "Plans": [{"Node Type": "Merge Join", "Parent Relationship": "Outer", "Parallel Aware": false, "Async Capable": false, "Join Type": "Inner", "Startup Cost": 1.45, "Total Cost": 23994.37, "Plan Rows": 14310.0, "Plan Width": 12, "Actual Rows": 166195, "Actual Loops": 1, "Inner Unique": false, "Merge Cond": "(pl.postid = ph.postid)", "Plans": [{"Node Type": "Nested Loop", "Parent Relationship": "Outer", "Parallel Aware": false, "Async Capable": false, "Join Type": "Inner", "Startup Cost": 0.72, "Total Cost": 12562.55, "Plan Rows": 3340.0, "Plan Width": 8, "Actual Rows": 24084, "Actual Loops": 1, "Inner Unique": false, "Plans": [{"Node Type": "Index Scan", "Parent Relationship": "Outer", "Parallel Aware": false, "Async Capable": false, "Scan Direction": "Forward", "Index Name": "idx_postlinks_postid", "Relation Name": "postlinks", "Alias": "pl", "Startup Cost": 0.29, "Total Cost": 450.8, "Plan Rows": 5967, "Plan Width": 4, "Actual Rows": 2515, "Actual Loops": 1, "Filter": "((creationdate <= '2013-10-28 16:58:26'::timestamp without time zone) AND (linktypeid = 1))", "Rows Removed by Filter": 220}, {"Node Type": "Memoize", "Parent Relationship": "Inner", "Parallel Aware": false, "Async Capable": false, "Startup Cost": 0.43, "Total Cost": 2.31, "Plan Rows": 3, "Plan Width": 4, "Actual Rows": 10, "Actual Loops": 2515, "Cache Key": "pl.postid", "Cache Mode": "logical", "Cache Hits": 578, "Cache Misses": 1937, "Cache Evictions": 0, "Cache Overflows": 0, "Peak Memory Usage": 734, "Plans": [{"Node Type": "Index Scan", "Parent Relationship": "Outer", "Parallel Aware": false, "Async Capable": false, "Scan Direction": "Forward", "Index Name": "idx_votes_postid", "Relation Name": "votes", "Alias": "v", "Startup Cost": 0.42, "Total Cost": 2.3, "Plan Rows": 3, "Plan Width": 4, "Actual Rows": 9, "Actual Loops": 1937, "Index Cond": "(postid = pl.postid)", "Rows Removed by Index Recheck": 0, "Filter": "(creationdate <= '2013-07-11 14:24:19'::timestamp without time zone)", "Rows Removed by Filter": 3}]}]}, {"Node Type": "Index Scan", "Parent Relationship": "Inner", "Parallel Aware": false, "Async Capable": false, "Scan Direction": "Forward", "Index Name": "idx_posthistory_postid", "Relation Name": "posthistory", "Alias": "ph", "Startup Cost": 0.42, "Total Cost": 9831.47, "Plan Rows": 302952, "Plan Width": 4, "Actual Rows": 243362, "Actual Loops": 1, "Filter": "(creationdate >= '2009-08-28 23:27:23'::timestamp without time zone)", "Rows Removed by Filter": 20}]}]}]}]}, "Planning Time": 5.823, "Triggers": [], "Execution Time": 198.26}, {"Plan": {"Node Type": "Aggregate", "Strategy": "Plain", "Partial Mode": "Simple", "Parallel Aware": false, "Async Capable": false, "Startup Cost": 42150.49, "Total Cost": 42150.5, "Plan Rows": 1, "Plan Width": 8, "Actual Rows": 1, "Actual Loops": 1, "Plans": [{"Node Type": "Merge Join", "Parent Relationship": "Outer", "Parallel Aware": false, "Async Capable": false, "Join Type": "Inner", "Startup Cost": 2914.13, "Total Cost": 42150.31, "Plan Rows": 559.0, "Plan Width": 0, "Actual Rows": 39026, "Actual Loops": 1, "Inner Unique": false, "Merge Cond": "(p.id = v.postid)", "Plans": [{"Node Type": "Nested Loop", "Parent Relationship": "Outer", "Parallel Aware": false, "Async Capable": false, "Join Type": "Inner", "Startup Cost": 2913.29, "Total Cost": 3388.55, "Plan Rows": 30.0, "Plan Width": 12, "Actual Rows": 227, "Actual Loops": 1, "Inner Unique": false, "Join Filter": "(c.postid = p.id)", "Rows Removed by Join Filter": 0, "Plans": [{"Node Type": "Merge Join", "Parent Relationship": "Outer", "Parallel Aware": false, "Async Capable": false, "Join Type": "Inner", "Startup Cost": 2912.87, "Total Cost": 3378.84, "Plan Rows": 52.0, "Plan Width": 8, "Actual Rows": 133, "Actual Loops": 1, "Inner Unique": true, "Merge Cond": "(pl.postid = p.id)", "Plans": [{"Node Type": "Index Scan", "Parent Relationship": "Outer", "Parallel Aware": false, "Async Capable": false, "Scan Direction": "Forward", "Index Name": "idx_postlinks_postid", "Relation Name": "postlinks", "Alias": "pl", "Startup Cost": 0.29, "Total Cost": 450.8, "Plan Rows": 5967, "Plan Width": 4, "Actual Rows": 2515, "Actual Loops": 1, "Filter": "((creationdate <= '2013-10-28 16:58:26'::timestamp without time zone) AND (linktypeid = 1))", "Rows Removed by Filter": 220}, {"Node Type": "Sort", "Parent Relationship": "Inner", "Parallel Aware": false, "Async Capable": false, "Startup Cost": 2912.58, "Total Cost": 2912.82, "Plan Rows": 95, "Plan Width": 4, "Actual Rows": 239, "Actual Loops": 1, "Sort Key": ["p.id"], "Sort Method": "quicksort", "Sort Space Used": 25, "Sort Space Type": "Memory", "Plans": [{"Node Type": "Seq Scan", "Parent Relationship": "Outer", "Parallel Aware": false, "Async Capable": false, "Relation Name": "posts", "Alias": "p", "Startup Cost": 0.0, "Total Cost": 2909.46, "Plan Rows": 95, "Plan Width": 4, "Actual Rows": 239, "Actual Loops": 1, "Filter": "((score <= 117) AND (favoritecount >= 10) AND (favoritecount <= 18) AND (creationdate >= '2009-03-24 01:51:17'::timestamp without time zone) AND (creationdate <= '2012-06-27 18:54:13'::timestamp without time zone))", "Rows Removed by Filter": 91737}]}]}, {"Node Type": "Index Scan", "Parent Relationship": "Inner", "Parallel Aware": false, "Async Capable": false, "Scan Direction": "Forward", "Index Name": "idx_comments_postid", "Relation Name": "comments", "Alias": "c", "Startup Cost": 0.42, "Total Cost": 1.58, "Plan Rows": 3, "Plan Width": 4, "Actual Rows": 2, "Actual Loops": 133, "Index Cond": "(postid = pl.postid)", "Rows Removed by Index Recheck": 0, "Filter": "(creationdate >= '2011-09-19 14:55:27'::timestamp without time zone)", "Rows Removed by Filter": 2}]}, {"Node Type": "Materialize", "Parent Relationship": "Inner", "Parallel Aware": false, "Async Capable": false, "Startup Cost": 0.84, "Total Cost": 36806.71, "Plan Rows": 42569.0, "Plan Width": 8, "Actual Rows": 569469, "Actual Loops": 1, "Plans": [{"Node Type": "Merge Join", "Parent Relationship": "Outer", "Parallel Aware": false, "Async Capable": false, "Join Type": "Inner", "Startup Cost": 0.84, "Total Cost": 34852.54, "Plan Rows": 42569.0, "Plan Width": 8, "Actual Rows": 538093, "Actual Loops": 1, "Inner Unique": false, "Merge Cond": "(v.postid = ph.postid)", "Plans": [{"Node Type": "Index Scan", "Parent Relationship": "Outer", "Parallel Aware": false, "Async Capable": false, "Scan Direction": "Forward", "Index Name": "idx_votes_postid", "Relation Name": "votes", "Alias": "v", "Startup Cost": 0.42, "Total Cost": 12794.42, "Plan Rows": 200817, "Plan Width": 4, "Actual Rows": 136644, "Actual Loops": 1, "Filter": "(creationdate <= '2013-07-11 14:24:19'::timestamp without time zone)", "Rows Removed by Filter": 24966}, {"Node Type": "Materialize", "Parent Relationship": "Inner", "Parallel Aware": false, "Async Capable": false, "Startup Cost": 0.42, "Total Cost": 10588.85, "Plan Rows": 302952, "Plan Width": 4, "Actual Rows": 543551, "Actual Loops": 1, "Plans": [{"Node Type": "Index Scan", "Parent Relationship": "Outer", "Parallel Aware": false, "Async Capable": false, "Scan Direction": "Forward", "Index Name": "idx_posthistory_postid", "Relation Name": "posthistory", "Alias": "ph", "Startup Cost": 0.42, "Total Cost": 9831.47, "Plan Rows": 302952, "Plan Width": 4, "Actual Rows": 88267, "Actual Loops": 1, "Filter": "(creationdate >= '2009-08-28 23:27:23'::timestamp without time zone)", "Rows Removed by Filter": 20}]}]}]}]}]}, "Planning Time": 5.994, "Triggers": [], "Execution Time": 383.121}, {"Plan": {"Node Type": "Aggregate", "Strategy": "Plain", "Partial Mode": "Simple", "Parallel Aware": false, "Async Capable": false, "Startup Cost": 14597.14, "Total Cost": 14597.15, "Plan Rows": 1, "Plan Width": 8, "Actual Rows": 1, "Actual Loops": 1, "Plans": [{"Node Type": "Hash Join", "Parent Relationship": "Outer", "Parallel Aware": false, "Async Capable": false, "Join Type": "Inner", "Startup Cost": 13615.42, "Total Cost": 14596.96, "Plan Rows": 559.0, "Plan Width": 0, "Actual Rows": 39026, "Actual Loops": 1, "Inner Unique": false, "Hash Cond": "(pl.postid = p.id)", "Plans": [{"Node Type": "Hash Join", "Parent Relationship": "Outer", "Parallel Aware": false, "Async Capable": false, "Join Type": "Inner", "Startup Cost": 9816.74, "Total Cost": 10624.3, "Plan Rows": 518.0, "Plan Width": 8, "Actual Rows": 36372, "Actual Loops": 1, "Inner Unique": false, "Hash Cond": "(pl.postid = ph.postid)", "Plans": [{"Node Type": "Seq Scan", "Parent Relationship": "Outer", "Parallel Aware": false, "Async Capable": false, "Relation Name": "postlinks", "Alias": "pl", "Startup Cost": 0.0, "Total Cost": 248.53, "Plan Rows": 5967, "Plan Width": 4, "Actual Rows": 6048, "Actual Loops": 1, "Filter": "((creationdate <= '2013-10-28 16:58:26'::timestamp without time zone) AND (linktypeid = 1))", "Rows Removed by Filter": 5054}, {"Node Type": "Hash", "Parent Relationship": "Inner", "Parallel Aware": false, "Async Capable": false, "Startup Cost": 6029.84, "Total Cost": 6029.84, "Plan Rows": 302952, "Plan Width": 4, "Actual Rows": 303167, "Actual Loops": 1, "Hash Buckets": 524288, "Original Hash Buckets": 524288, "Hash Batches": 1, "Original Hash Batches": 1, "Peak Memory Usage": 14755, "Plans": [{"Node Type": "Seq Scan", "Parent Relationship": "Outer", "Parallel Aware": false, "Async Capable": false, "Relation Name": "posthistory", "Alias": "ph", "Startup Cost": 0.0, "Total Cost": 6029.84, "Plan Rows": 302952, "Plan Width": 4, "Actual Rows": 303167, "Actual Loops": 1, "Filter": "(creationdate >= '2009-08-28 23:27:23'::timestamp without time zone)", "Rows Removed by Filter": 20}]}]}, {"Node Type": "Hash", "Parent Relationship": "Inner", "Parallel Aware": false, "Async Capable": false, "Startup Cost": 3794.48, "Total Cost": 3794.48, "Plan Rows": 713.0, "Plan Width": 12, "Actual Rows": 7281, "Actual Loops": 1, "Hash Buckets": 8192, "Original Hash Buckets": 1024, "Hash Batches": 1, "Original Hash Batches": 1, "Peak Memory Usage": 377, "Plans": [{"Node Type": "Nested Loop", "Parent Relationship": "Outer", "Parallel Aware": false, "Async Capable": false, "Join Type": "Inner", "Startup Cost": 0.84, "Total Cost": 3794.48, "Plan Rows": 713.0, "Plan Width": 12, "Actual Rows": 7281, "Actual Loops": 1, "Inner Unique": false, "Join Filter": "(p.id = v.postid)", "Rows Removed by Join Filter": 0, "Plans": [{"Node Type": "Nested Loop", "Parent Relationship": "Outer", "Parallel Aware": false, "Async Capable": false, "Join Type": "Inner", "Startup Cost": 0.42, "Total Cost": 3697.29, "Plan Rows": 28.0, "Plan Width": 8, "Actual Rows": 297, "Actual Loops": 1, "Inner Unique": false, "Plans": [{"Node Type": "Seq Scan", "Parent Relationship": "Outer", "Parallel Aware": false, "Async Capable": false, "Relation Name": "posts", "Alias": "p", "Startup Cost": 0.0, "Total Cost": 2909.46, "Plan Rows": 95, "Plan Width": 4, "Actual Rows": 239, "Actual Loops": 1, "Filter": "((score <= 117) AND (favoritecount >= 10) AND (favoritecount <= 18) AND (creationdate >= '2009-03-24 01:51:17'::timestamp without time zone) AND (creationdate <= '2012-06-27 18:54:13'::timestamp without time zone))", "Rows Removed by Filter": 91737}, {"Node Type": "Index Scan", "Parent Relationship": "Inner", "Parallel Aware": false, "Async Capable": false, "Scan Direction": "Forward", "Index Name": "idx_comments_postid", "Relation Name": "comments", "Alias": "c", "Startup Cost": 0.42, "Total Cost": 8.26, "Plan Rows": 3, "Plan Width": 4, "Actual Rows": 1, "Actual Loops": 239, "Index Cond": "(postid = p.id)", "Rows Removed by Index Recheck": 0, "Filter": "(creationdate >= '2011-09-19 14:55:27'::timestamp without time zone)", "Rows Removed by Filter": 1}]}, {"Node Type": "Index Scan", "Parent Relationship": "Inner", "Parallel Aware": false, "Async Capable": false, "Scan Direction": "Forward", "Index Name": "idx_votes_postid", "Relation Name": "votes", "Alias": "v", "Startup Cost": 0.42, "Total Cost": 0.59, "Plan Rows": 3, "Plan Width": 4, "Actual Rows": 25, "Actual Loops": 297, "Index Cond": "(postid = c.postid)", "Rows Removed by Index Recheck": 0, "Filter": "(creationdate <= '2013-07-11 14:24:19'::timestamp without time zone)", "Rows Removed by Filter": 11}]}]}]}]}, "Planning Time": 6.132, "Triggers": [], "Execution Time": 209.352}, {"Plan": {"Node Type": "Aggregate", "Strategy": "Plain", "Partial Mode": "Finalize", "Parallel Aware": false, "Async Capable": false, "Startup Cost": 9329.38, "Total Cost": 9329.39, "Plan Rows": 1, "Plan Width": 8, "Actual Rows": 1, "Actual Loops": 1, "Plans": [{"Node Type": "Gather", "Parent Relationship": "Outer", "Parallel Aware": false, "Async Capable": false, "Startup Cost": 9329.27, "Total Cost": 9329.38, "Plan Rows": 1, "Plan Width": 8, "Actual Rows": 2, "Actual Loops": 1, "Workers Planned": 1, "Workers Launched": 1, "Single Copy": false, "Plans": [{"Node Type": "Aggregate", "Strategy": "Plain", "Partial Mode": "Partial", "Parent Relationship": "Outer", "Parallel Aware": false, "Async Capable": false, "Startup Cost": 8329.27, "Total Cost": 8329.28, "Plan Rows": 1, "Plan Width": 8, "Actual Rows": 1, "Actual Loops": 2, "Workers": [], "Plans": [{"Node Type": "Hash Join", "Parent Relationship": "Outer", "Parallel Aware": false, "Async Capable": false, "Join Type": "Inner", "Startup Cost": 3191.14, "Total Cost": 8329.16, "Plan Rows": 559.0, "Plan Width": 0, "Actual Rows": 19513, "Actual Loops": 2, "Inner Unique": false, "Hash Cond": "(ph.postid = p.id)", "Workers": [], "Plans": [{"Node Type": "Seq Scan", "Parent Relationship": "Outer", "Parallel Aware": true, "Async Capable": false, "Relation Name": "posthistory", "Alias": "ph", "Startup Cost": 0.0, "Total Cost": 4469.32, "Plan Rows": 178207, "Plan Width": 4, "Actual Rows": 151584, "Actual Loops": 2, "Filter": "(creationdate >= '2009-08-28 23:27:23'::timestamp without time zone)", "Rows Removed by Filter": 10, "Workers": []}, {"Node Type": "Hash", "Parent Relationship": "Inner", "Parallel Aware": false, "Async Capable": false, "Startup Cost": 3190.86, "Total Cost": 3190.86, "Plan Rows": 190.0, "Plan Width": 16, "Actual Rows": 5534, "Actual Loops": 2, "Hash Buckets": 8192, "Original Hash Buckets": 1024, "Hash Batches": 1, "Original Hash Batches": 1, "Peak Memory Usage": 324, "Workers": [], "Plans": [{"Node Type": "Nested Loop", "Parent Relationship": "Outer", "Parallel Aware": false, "Async Capable": false, "Join Type": "Inner", "Startup Cost": 2911.49, "Total Cost": 3190.86, "Plan Rows": 190.0, "Plan Width": 16, "Actual Rows": 5534, "Actual Loops": 2, "Inner Unique": false, "Join Filter": "(p.id = v.postid)", "Rows Removed by Join Filter": 0, "Workers": [], "Plans": [{"Node Type": "Nested Loop", "Parent Relationship": "Outer", "Parallel Aware": false, "Async Capable": false, "Join Type": "Inner", "Startup Cost": 2911.07, "Total Cost": 3184.55, "Plan Rows": 30.0, "Plan Width": 12, "Actual Rows": 227, "Actual Loops": 2, "Inner Unique": false, "Join Filter": "(c.postid = p.id)", "Rows Removed by Join Filter": 0, "Workers": [], "Plans": [{"Node Type": "Hash Join", "Parent Relationship": "Outer", "Parallel Aware": false, "Async Capable": false, "Join Type": "Inner", "Startup Cost": 2910.65, "Total Cost": 3174.84, "Plan Rows": 52.0, "Plan Width": 8, "Actual Rows": 133, "Actual Loops": 2, "Inner Unique": true, "Hash Cond": "(pl.postid = p.id)", "Workers": [], "Plans": [{"Node Type": "Seq Scan", "Parent Relationship": "Outer", "Parallel Aware": false, "Async Capable": false, "Relation Name": "postlinks", "Alias": "pl", "Startup Cost": 0.0, "Total Cost": 248.53, "Plan Rows": 5967, "Plan Width": 4, "Actual Rows": 6048, "Actual Loops": 2, "Filter": "((creationdate <= '2013-10-28 16:58:26'::timestamp without time zone) AND (linktypeid = 1))", "Rows Removed by Filter": 5054, "Workers": []}, {"Node Type": "Hash", "Parent Relationship": "Inner", "Parallel Aware": false, "Async Capable": false, "Startup Cost": 2909.46, "Total Cost": 2909.46, "Plan Rows": 95, "Plan Width": 4, "Actual Rows": 239, "Actual Loops": 2, "Hash Buckets": 1024, "Original Hash Buckets": 1024, "Hash Batches": 1, "Original Hash Batches": 1, "Peak Memory Usage": 17, "Workers": [], "Plans": [{"Node Type": "Seq Scan", "Parent Relationship": "Outer", "Parallel Aware": false, "Async Capable": false, "Relation Name": "posts", "Alias": "p", "Startup Cost": 0.0, "Total Cost": 2909.46, "Plan Rows": 95, "Plan Width": 4, "Actual Rows": 239, "Actual Loops": 2, "Filter": "((score <= 117) AND (favoritecount >= 10) AND (favoritecount <= 18) AND (creationdate >= '2009-03-24 01:51:17'::timestamp without time zone) AND (creationdate <= '2012-06-27 18:54:13'::timestamp without time zone))", "Rows Removed by Filter": 91737, "Workers": []}]}]}, {"Node Type": "Index Scan", "Parent Relationship": "Inner", "Parallel Aware": false, "Async Capable": false, "Scan Direction": "Forward", "Index Name": "idx_comments_postid", "Relation Name": "comments", "Alias": "c", "Startup Cost": 0.42, "Total Cost": 1.58, "Plan Rows": 3, "Plan Width": 4, "Actual Rows": 2, "Actual Loops": 266, "Index Cond": "(postid = pl.postid)", "Rows Removed by Index Recheck": 0, "Filter": "(creationdate >= '2011-09-19 14:55:27'::timestamp without time zone)", "Rows Removed by Filter": 2, "Workers": []}]}, {"Node Type": "Index Scan", "Parent Relationship": "Inner", "Parallel Aware": false, "Async Capable": false, "Scan Direction": "Forward", "Index Name": "idx_votes_postid", "Relation Name": "votes", "Alias": "v", "Startup Cost": 0.42, "Total Cost": 0.59, "Plan Rows": 3, "Plan Width": 4, "Actual Rows": 24, "Actual Loops": 454, "Index Cond": "(postid = c.postid)", "Rows Removed by Index Recheck": 0, "Filter": "(creationdate <= '2013-07-11 14:24:19'::timestamp without time zone)", "Rows Removed by Filter": 12, "Workers": []}]}]}]}]}]}]}, "Planning Time": 10.31, "Triggers": [], "Execution Time": 73.49}, {"Plan": {"Node Type": "Aggregate", "Strategy": "Plain", "Partial Mode": "Finalize", "Parallel Aware": false, "Async Capable": false, "Startup Cost": 19491.07, "Total Cost": 19491.08, "Plan Rows": 1, "Plan Width": 8, "Actual Rows": 1, "Actual Loops": 1, "Plans": [{"Node Type": "Gather", "Parent Relationship": "Outer", "Parallel Aware": false, "Async Capable": false, "Startup Cost": 19490.96, "Total Cost": 19491.07, "Plan Rows": 1, "Plan Width": 8, "Actual Rows": 2, "Actual Loops": 1, "Workers Planned": 1, "Workers Launched": 1, "Single Copy": false, "Plans": [{"Node Type": "Aggregate", "Strategy": "Plain", "Partial Mode": "Partial", "Parent Relationship": "Outer", "Parallel Aware": false, "Async Capable": false, "Startup Cost": 18490.96, "Total Cost": 18490.97, "Plan Rows": 1, "Plan Width": 8, "Actual Rows": 1, "Actual Loops": 2, "Workers": [], "Plans": [{"Node Type": "Hash Join", "Parent Relationship": "Outer", "Parallel Aware": false, "Async Capable": false, "Join Type": "Inner", "Startup Cost": 4022.76, "Total Cost": 18490.85, "Plan Rows": 559.0, "Plan Width": 0, "Actual Rows": 19513, "Actual Loops": 2, "Inner Unique": false, "Hash Cond": "(pl.postid = p.id)", "Workers": [], "Plans": [{"Node Type": "Nested Loop", "Parent Relationship": "Outer", "Parallel Aware": false, "Async Capable": false, "Join Type": "Inner", "Startup Cost": 323.54, "Total Cost": 14557.46, "Plan Rows": 14310.0, "Plan Width": 12, "Actual Rows": 118256, "Actual Loops": 2, "Inner Unique": false, "Join Filter": "(pl.postid = ph.postid)", "Rows Removed by Join Filter": 0, "Workers": [], "Plans": [{"Node Type": "Hash Join", "Parent Relationship": "Outer", "Parallel Aware": false, "Async Capable": false, "Join Type": "Inner", "Startup Cost": 323.12, "Total Cost": 7230.91, "Plan Rows": 3340.0, "Plan Width": 8, "Actual Rows": 17355, "Actual Loops": 2, "Inner Unique": false, "Hash Cond": "(v.postid = pl.postid)", "Workers": [], "Plans": [{"Node Type": "Seq Scan", "Parent Relationship": "Outer", "Parallel Aware": true, "Async Capable": false, "Relation Name": "votes", "Alias": "v", "Startup Cost": 0.0, "Total Cost": 4572.24, "Plan Rows": 118128, "Plan Width": 4, "Actual Rows": 100324, "Actual Loops": 2, "Filter": "(creationdate <= '2013-07-11 14:24:19'::timestamp without time zone)", "Rows Removed by Filter": 63708, "Workers": []}, {"Node Type": "Hash", "Parent Relationship": "Inner", "Parallel Aware": false, "Async Capable": false, "Startup Cost": 248.53, "Total Cost": 248.53, "Plan Rows": 5967, "Plan Width": 4, "Actual Rows": 6048, "Actual Loops": 2, "Hash Buckets": 8192, "Original Hash Buckets": 8192, "Hash Batches": 1, "Original Hash Batches": 1, "Peak Memory Usage": 277, "Workers": [], "Plans": [{"Node Type": "Seq Scan", "Parent Relationship": "Outer", "Parallel Aware": false, "Async Capable": false, "Relation Name": "postlinks", "Alias": "pl", "Startup Cost": 0.0, "Total Cost": 248.53, "Plan Rows": 5967, "Plan Width": 4, "Actual Rows": 6048, "Actual Loops": 2, "Filter": "((creationdate <= '2013-10-28 16:58:26'::timestamp without time zone) AND (linktypeid = 1))", "Rows Removed by Filter": 5054, "Workers": []}]}]}, {"Node Type": "Index Scan", "Parent Relationship": "Inner", "Parallel Aware": false, "Async Capable": false, "Scan Direction": "Forward", "Index Name": "idx_posthistory_postid", "Relation Name": "posthistory", "Alias": "ph", "Startup Cost": 0.42, "Total Cost": 0.56, "Plan Rows": 4, "Plan Width": 4, "Actual Rows": 7, "Actual Loops": 34710, "Index Cond": "(postid = v.postid)", "Rows Removed by Index Recheck": 0, "Filter": "(creationdate >= '2009-08-28 23:27:23'::timestamp without time zone)", "Rows Removed by Filter": 0, "Workers": []}]}, {"Node Type": "Hash", "Parent Relationship": "Inner", "Parallel Aware": false, "Async Capable": false, "Startup Cost": 3697.29, "Total Cost": 3697.29, "Plan Rows": 28.0, "Plan Width": 8, "Actual Rows": 297, "Actual Loops": 2, "Hash Buckets": 1024, "Original Hash Buckets": 1024, "Hash Batches": 1, "Original Hash Batches": 1, "Peak Memory Usage": 20, "Workers": [], "Plans": [{"Node Type": "Nested Loop", "Parent Relationship": "Outer", "Parallel Aware": false, "Async Capable": false, "Join Type": "Inner", "Startup Cost": 0.42, "Total Cost": 3697.29, "Plan Rows": 28.0, "Plan Width": 8, "Actual Rows": 297, "Actual Loops": 2, "Inner Unique": false, "Workers": [], "Plans": [{"Node Type": "Seq Scan", "Parent Relationship": "Outer", "Parallel Aware": false, "Async Capable": false, "Relation Name": "posts", "Alias": "p", "Startup Cost": 0.0, "Total Cost": 2909.46, "Plan Rows": 95, "Plan Width": 4, "Actual Rows": 239, "Actual Loops": 2, "Filter": "((score <= 117) AND (favoritecount >= 10) AND (favoritecount <= 18) AND (creationdate >= '2009-03-24 01:51:17'::timestamp without time zone) AND (creationdate <= '2012-06-27 18:54:13'::timestamp without time zone))", "Rows Removed by Filter": 91737, "Workers": []}, {"Node Type": "Index Scan", "Parent Relationship": "Inner", "Parallel Aware": false, "Async Capable": false, "Scan Direction": "Forward", "Index Name": "idx_comments_postid", "Relation Name": "comments", "Alias": "c", "Startup Cost": 0.42, "Total Cost": 8.26, "Plan Rows": 3, "Plan Width": 4, "Actual Rows": 1, "Actual Loops": 478, "Index Cond": "(postid = p.id)", "Rows Removed by Index Recheck": 0, "Filter": "(creationdate >= '2011-09-19 14:55:27'::timestamp without time zone)", "Rows Removed by Filter": 1, "Workers": []}]}]}]}]}]}]}, "Planning Time": 13.566, "Triggers": [], "Execution Time": 156.6}, {"Plan": {"Node Type": "Aggregate", "Strategy": "Plain", "Partial Mode": "Simple", "Parallel Aware": false, "Async Capable": false, "Startup Cost": 3220.66, "Total Cost": 3220.67, "Plan Rows": 1, "Plan Width": 8, "Actual Rows": 1, "Actual Loops": 1, "Plans": [{"Node Type": "Nested Loop", "Parent Relationship": "Outer", "Parallel Aware": false, "Async Capable": false, "Join Type": "Inner", "Startup Cost": 2911.91, "Total Cost": 3220.48, "Plan Rows": 559.0, "Plan Width": 0, "Actual Rows": 39026, "Actual Loops": 1, "Inner Unique": false, "Join Filter": "(c.postid = p.id)", "Rows Removed by Join Filter": 0, "Plans": [{"Node Type": "Nested Loop", "Parent Relationship": "Outer", "Parallel Aware": false, "Async Capable": false, "Join Type": "Inner", "Startup Cost": 2911.49, "Total Cost": 3196.76, "Plan Rows": 166.0, "Plan Width": 16, "Actual Rows": 21657, "Actual Loops": 1, "Inner Unique": false, "Join Filter": "(p.id = ph.postid)", "Rows Removed by Join Filter": 0, "Plans": [{"Node Type": "Nested Loop", "Parent Relationship": "Outer", "Parallel Aware": false, "Async Capable": false, "Join Type": "Inner", "Startup Cost": 2911.07, "Total Cost": 3188.86, "Plan Rows": 75.0, "Plan Width": 12, "Actual Rows": 3200, "Actual Loops": 1, "Inner Unique": false, "Join Filter": "(p.id = v.postid)", "Rows Removed by Join Filter": 0, "Plans": [{"Node Type": "Hash Join", "Parent Relationship": "Outer", "Parallel Aware": false, "Async Capable": false, "Join Type": "Inner", "Startup Cost": 2910.65, "Total Cost": 3174.84, "Plan Rows": 52.0, "Plan Width": 8, "Actual Rows": 133, "Actual Loops": 1, "Inner Unique": true, "Hash Cond": "(pl.postid = p.id)", "Plans": [{"Node Type": "Seq Scan", "Parent Relationship": "Outer", "Parallel Aware": false, "Async Capable": false, "Relation Name": "postlinks", "Alias": "pl", "Startup Cost": 0.0, "Total Cost": 248.53, "Plan Rows": 5967, "Plan Width": 4, "Actual Rows": 6048, "Actual Loops": 1, "Filter": "((creationdate <= '2013-10-28 16:58:26'::timestamp without time zone) AND (linktypeid = 1))", "Rows Removed by Filter": 5054}, {"Node Type": "Hash", "Parent Relationship": "Inner", "Parallel Aware": false, "Async Capable": false, "Startup Cost": 2909.46, "Total Cost": 2909.46, "Plan Rows": 95, "Plan Width": 4, "Actual Rows": 239, "Actual Loops": 1, "Hash Buckets": 1024, "Original Hash Buckets": 1024, "Hash Batches": 1, "Original Hash Batches": 1, "Peak Memory Usage": 17, "Plans": [{"Node Type": "Seq Scan", "Parent Relationship": "Outer", "Parallel Aware": false, "Async Capable": false, "Relation Name": "posts", "Alias": "p", "Startup Cost": 0.0, "Total Cost": 2909.46, "Plan Rows": 95, "Plan Width": 4, "Actual Rows": 239, "Actual Loops": 1, "Filter": "((score <= 117) AND (favoritecount >= 10) AND (favoritecount <= 18) AND (creationdate >= '2009-03-24 01:51:17'::timestamp without time zone) AND (creationdate <= '2012-06-27 18:54:13'::timestamp without time zone))", "Rows Removed by Filter": 91737}]}]}, {"Node Type": "Index Scan", "Parent Relationship": "Inner", "Parallel Aware": false, "Async Capable": false, "Scan Direction": "Forward", "Index Name": "idx_votes_postid", "Relation Name": "votes", "Alias": "v", "Startup Cost": 0.42, "Total Cost": 2.3, "Plan Rows": 3, "Plan Width": 4, "Actual Rows": 24, "Actual Loops": 133, "Index Cond": "(postid = pl.postid)", "Rows Removed by Index Recheck": 0, "Filter": "(creationdate <= '2013-07-11 14:24:19'::timestamp without time zone)", "Rows Removed by Filter": 10}]}, {"Node Type": "Index Scan", "Parent Relationship": "Inner", "Parallel Aware": false, "Async Capable": false, "Scan Direction": "Forward", "Index Name": "idx_posthistory_postid", "Relation Name": "posthistory", "Alias": "ph", "Startup Cost": 0.42, "Total Cost": 0.56, "Plan Rows": 4, "Plan Width": 4, "Actual Rows": 7, "Actual Loops": 3200, "Index Cond": "(postid = v.postid)", "Rows Removed by Index Recheck": 0, "Filter": "(creationdate >= '2009-08-28 23:27:23'::timestamp without time zone)", "Rows Removed by Filter": 0}]}, {"Node Type": "Index Scan", "Parent Relationship": "Inner", "Parallel Aware": false, "Async Capable": false, "Scan Direction": "Forward", "Index Name": "idx_comments_postid", "Relation Name": "comments", "Alias": "c", "Startup Cost": 0.42, "Total Cost": 0.5, "Plan Rows": 3, "Plan Width": 4, "Actual Rows": 2, "Actual Loops": 21657, "Index Cond": "(postid = ph.postid)", "Rows Removed by Index Recheck": 0, "Filter": "(creationdate >= '2011-09-19 14:55:27'::timestamp without time zone)", "Rows Removed by Filter": 2}]}]}, "Planning Time": 5.551, "Triggers": [], "Execution Time": 61.527}, {"Plan": {"Node Type": "Aggregate", "Strategy": "Plain", "Partial Mode": "Finalize", "Parallel Aware": false, "Async Capable": false, "Startup Cost": 19716.71, "Total Cost": 19716.72, "Plan Rows": 1, "Plan Width": 8, "Actual Rows": 1, "Actual Loops": 1, "Plans": [{"Node Type": "Gather", "Parent Relationship": "Outer", "Parallel Aware": false, "Async Capable": false, "Startup Cost": 19716.6, "Total Cost": 19716.71, "Plan Rows": 1, "Plan Width": 8, "Actual Rows": 2, "Actual Loops": 1, "Workers Planned": 1, "Workers Launched": 1, "Single Copy": false, "Plans": [{"Node Type": "Aggregate", "Strategy": "Plain", "Partial Mode": "Partial", "Parent Relationship": "Outer", "Parallel Aware": false, "Async Capable": false, "Startup Cost": 18716.6, "Total Cost": 18716.61, "Plan Rows": 1, "Plan Width": 8, "Actual Rows": 1, "Actual Loops": 2, "Workers": [], "Plans": [{"Node Type": "Hash Join", "Parent Relationship": "Outer", "Parallel Aware": false, "Async Capable": false, "Join Type": "Inner", "Startup Cost": 9885.93, "Total Cost": 18716.49, "Plan Rows": 559.0, "Plan Width": 0, "Actual Rows": 19513, "Actual Loops": 2, "Inner Unique": false, "Hash Cond": "(ph.postid = p.id)", "Workers": [], "Plans": [{"Node Type": "Hash Join", "Parent Relationship": "Outer", "Parallel Aware": true, "Async Capable": false, "Join Type": "Inner", "Startup Cost": 6696.9, "Total Cost": 14264.61, "Plan Rows": 6304.0, "Plan Width": 8, "Actual Rows": 306110, "Actual Loops": 2, "Inner Unique": false, "Hash Cond": "(c.postid = ph.postid)", "Workers": [], "Plans": [{"Node Type": "Seq Scan", "Parent Relationship": "Outer", "Parallel Aware": true, "Async Capable": false, "Relation Name": "comments", "Alias": "c", "Startup Cost": 0.0, "Total Cost": 2625.65, "Plan Rows": 87759, "Plan Width": 4, "Actual Rows": 74618, "Actual Loops": 2, "Filter": "(creationdate >= '2011-09-19 14:55:27'::timestamp without time zone)", "Rows Removed by Filter": 12534, "Workers": []}, {"Node Type": "Hash", "Parent Relationship": "Inner", "Parallel Aware": true, "Async Capable": false, "Startup Cost": 4469.32, "Total Cost": 4469.32, "Plan Rows": 178207, "Plan Width": 4, "Actual Rows": 151584, "Actual Loops": 2, "Hash Buckets": 524288, "Original Hash Buckets": 524288, "Hash Batches": 1, "Original Hash Batches": 1, "Peak Memory Usage": 15968, "Workers": [], "Plans": [{"Node Type": "Seq Scan", "Parent Relationship": "Outer", "Parallel Aware": true, "Async Capable": false, "Relation Name": "posthistory", "Alias": "ph", "Startup Cost": 0.0, "Total Cost": 4469.32, "Plan Rows": 178207, "Plan Width": 4, "Actual Rows": 151584, "Actual Loops": 2, "Filter": "(creationdate >= '2009-08-28 23:27:23'::timestamp without time zone)", "Rows Removed by Filter": 10, "Workers": []}]}]}, {"Node Type": "Hash", "Parent Relationship": "Inner", "Parallel Aware": false, "Async Capable": false, "Startup Cost": 3188.86, "Total Cost": 3188.86, "Plan Rows": 75.0, "Plan Width": 12, "Actual Rows": 3200, "Actual Loops": 2, "Hash Buckets": 4096, "Original Hash Buckets": 1024, "Hash Batches": 1, "Original Hash Batches": 1, "Peak Memory Usage": 170, "Workers": [], "Plans": [{"Node Type": "Nested Loop", "Parent Relationship": "Outer", "Parallel Aware": false, "Async Capable": false, "Join Type": "Inner", "Startup Cost": 2911.07, "Total Cost": 3188.86, "Plan Rows": 75.0, "Plan Width": 12, "Actual Rows": 3200, "Actual Loops": 2, "Inner Unique": false, "Join Filter": "(p.id = v.postid)", "Rows Removed by Join Filter": 0, "Workers": [], "Plans": [{"Node Type": "Hash Join", "Parent Relationship": "Outer", "Parallel Aware": false, "Async Capable": false, "Join Type": "Inner", "Startup Cost": 2910.65, "Total Cost": 3174.84, "Plan Rows": 52.0, "Plan Width": 8, "Actual Rows": 133, "Actual Loops": 2, "Inner Unique": true, "Hash Cond": "(pl.postid = p.id)", "Workers": [], "Plans": [{"Node Type": "Seq Scan", "Parent Relationship": "Outer", "Parallel Aware": false, "Async Capable": false, "Relation Name": "postlinks", "Alias": "pl", "Startup Cost": 0.0, "Total Cost": 248.53, "Plan Rows": 5967, "Plan Width": 4, "Actual Rows": 6048, "Actual Loops": 2, "Filter": "((creationdate <= '2013-10-28 16:58:26'::timestamp without time zone) AND (linktypeid = 1))", "Rows Removed by Filter": 5054, "Workers": []}, {"Node Type": "Hash", "Parent Relationship": "Inner", "Parallel Aware": false, "Async Capable": false, "Startup Cost": 2909.46, "Total Cost": 2909.46, "Plan Rows": 95, "Plan Width": 4, "Actual Rows": 239, "Actual Loops": 2, "Hash Buckets": 1024, "Original Hash Buckets": 1024, "Hash Batches": 1, "Original Hash Batches": 1, "Peak Memory Usage": 17, "Workers": [], "Plans": [{"Node Type": "Seq Scan", "Parent Relationship": "Outer", "Parallel Aware": false, "Async Capable": false, "Relation Name": "posts", "Alias": "p", "Startup Cost": 0.0, "Total Cost": 2909.46, "Plan Rows": 95, "Plan Width": 4, "Actual Rows": 239, "Actual Loops": 2, "Filter": "((score <= 117) AND (favoritecount >= 10) AND (favoritecount <= 18) AND (creationdate >= '2009-03-24 01:51:17'::timestamp without time zone) AND (creationdate <= '2012-06-27 18:54:13'::timestamp without time zone))", "Rows Removed by Filter": 91737, "Workers": []}]}]}, {"Node Type": "Index Scan", "Parent Relationship": "Inner", "Parallel Aware": false, "Async Capable": false, "Scan Direction": "Forward", "Index Name": "idx_votes_postid", "Relation Name": "votes", "Alias": "v", "Startup Cost": 0.42, "Total Cost": 2.3, "Plan Rows": 3, "Plan Width": 4, "Actual Rows": 24, "Actual Loops": 266, "Index Cond": "(postid = pl.postid)", "Rows Removed by Index Recheck": 0, "Filter": "(creationdate <= '2013-07-11 14:24:19'::timestamp without time zone)", "Rows Removed by Filter": 10, "Workers": []}]}]}]}]}]}]}, "Planning Time": 6.495, "Triggers": [], "Execution Time": 265.477}, {"Plan": {"Node Type": "Aggregate", "Strategy": "Plain", "Partial Mode": "Simple", "Parallel Aware": false, "Async Capable": false, "Startup Cost": 4354.56, "Total Cost": 4354.57, "Plan Rows": 1, "Plan Width": 8, "Actual Rows": 1, "Actual Loops": 1, "Plans": [{"Node Type": "Nested Loop", "Parent Relationship": "Outer", "Parallel Aware": false, "Async Capable": false, "Join Type": "Inner", "Startup Cost": 1.55, "Total Cost": 4354.38, "Plan Rows": 559.0, "Plan Width": 0, "Actual Rows": 39026, "Actual Loops": 1, "Inner Unique": false, "Join Filter": "(p.id = pl.postid)", "Rows Removed by Join Filter": 0, "Plans": [{"Node Type": "Nested Loop", "Parent Relationship": "Outer", "Parallel Aware": false, "Async Capable": false, "Join Type": "Inner", "Startup Cost": 1.27, "Total Cost": 3998.52, "Plan Rows": 2253.0, "Plan Width": 16, "Actual Rows": 52198, "Actual Loops": 1, "Inner Unique": false, "Join Filter": "(p.id = ph.postid)", "Rows Removed by Join Filter": 0, "Plans": [{"Node Type": "Nested Loop", "Parent Relationship": "Outer", "Parallel Aware": false, "Async Capable": false, "Join Type": "Inner", "Startup Cost": 0.84, "Total Cost": 3794.48, "Plan Rows": 713.0, "Plan Width": 12, "Actual Rows": 7281, "Actual Loops": 1, "Inner Unique": false, "Join Filter": "(p.id = v.postid)", "Rows Removed by Join Filter": 0, "Plans": [{"Node Type": "Nested Loop", "Parent Relationship": "Outer", "Parallel Aware": false, "Async Capable": false, "Join Type": "Inner", "Startup Cost": 0.42, "Total Cost": 3697.29, "Plan Rows": 28.0, "Plan Width": 8, "Actual Rows": 297, "Actual Loops": 1, "Inner Unique": false, "Plans": [{"Node Type": "Seq Scan", "Parent Relationship": "Outer", "Parallel Aware": false, "Async Capable": false, "Relation Name": "posts", "Alias": "p", "Startup Cost": 0.0, "Total Cost": 2909.46, "Plan Rows": 95, "Plan Width": 4, "Actual Rows": 239, "Actual Loops": 1, "Filter": "((score <= 117) AND (favoritecount >= 10) AND (favoritecount <= 18) AND (creationdate >= '2009-03-24 01:51:17'::timestamp without time zone) AND (creationdate <= '2012-06-27 18:54:13'::timestamp without time zone))", "Rows Removed by Filter": 91737}, {"Node Type": "Index Scan", "Parent Relationship": "Inner", "Parallel Aware": false, "Async Capable": false, "Scan Direction": "Forward", "Index Name": "idx_comments_postid", "Relation Name": "comments", "Alias": "c", "Startup Cost": 0.42, "Total Cost": 8.26, "Plan Rows": 3, "Plan Width": 4, "Actual Rows": 1, "Actual Loops": 239, "Index Cond": "(postid = p.id)", "Rows Removed by Index Recheck": 0, "Filter": "(creationdate >= '2011-09-19 14:55:27'::timestamp without time zone)", "Rows Removed by Filter": 1}]}, {"Node Type": "Index Scan", "Parent Relationship": "Inner", "Parallel Aware": false, "Async Capable": false, "Scan Direction": "Forward", "Index Name": "idx_votes_postid", "Relation Name": "votes", "Alias": "v", "Startup Cost": 0.42, "Total Cost": 0.59, "Plan Rows": 3, "Plan Width": 4, "Actual Rows": 25, "Actual Loops": 297, "Index Cond": "(postid = c.postid)", "Rows Removed by Index Recheck": 0, "Filter": "(creationdate <= '2013-07-11 14:24:19'::timestamp without time zone)", "Rows Removed by Filter": 11}]}, {"Node Type": "Index Scan", "Parent Relationship": "Inner", "Parallel Aware": false, "Async Capable": false, "Scan Direction": "Forward", "Index Name": "idx_posthistory_postid", "Relation Name": "posthistory", "Alias": "ph", "Startup Cost": 0.42, "Total Cost": 0.56, "Plan Rows": 4, "Plan Width": 4, "Actual Rows": 7, "Actual Loops": 7281, "Index Cond": "(postid = v.postid)", "Rows Removed by Index Recheck": 0, "Filter": "(creationdate >= '2009-08-28 23:27:23'::timestamp without time zone)", "Rows Removed by Filter": 0}]}, {"Node Type": "Index Scan", "Parent Relationship": "Inner", "Parallel Aware": false, "Async Capable": false, "Scan Direction": "Forward", "Index Name": "idx_postlinks_postid", "Relation Name": "postlinks", "Alias": "pl", "Startup Cost": 0.29, "Total Cost": 0.31, "Plan Rows": 1, "Plan Width": 4, "Actual Rows": 1, "Actual Loops": 52198, "Index Cond": "(postid = ph.postid)", "Rows Removed by Index Recheck": 0, "Filter": "((creationdate <= '2013-10-28 16:58:26'::timestamp without time zone) AND (linktypeid = 1))", "Rows Removed by Filter": 0}]}]}, "Planning Time": 5.404, "Triggers": [], "Execution Time": 85.235}, {"Plan": {"Node Type": "Aggregate", "Strategy": "Plain", "Partial Mode": "Simple", "Parallel Aware": false, "Async Capable": false, "Startup Cost": 14363.23, "Total Cost": 14363.24, "Plan Rows": 1, "Plan Width": 8, "Actual Rows": 1, "Actual Loops": 1, "Plans": [{"Node Type": "Hash Join", "Parent Relationship": "Outer", "Parallel Aware": false, "Async Capable": false, "Join Type": "Inner", "Startup Cost": 10539.24, "Total Cost": 14363.05, "Plan Rows": 559.0, "Plan Width": 0, "Actual Rows": 39026, "Actual Loops": 1, "Inner Unique": false, "Hash Cond": "(p.id = pl.postid)", "Plans": [{"Node Type": "Nested Loop", "Parent Relationship": "Outer", "Parallel Aware": false, "Async Capable": false, "Join Type": "Inner", "Startup Cost": 0.84, "Total Cost": 3793.73, "Plan Rows": 117.0, "Plan Width": 12, "Actual Rows": 2110, "Actual Loops": 1, "Inner Unique": false, "Join Filter": "(p.id = ph.postid)", "Rows Removed by Join Filter": 0, "Plans": [{"Node Type": "Nested Loop", "Parent Relationship": "Outer", "Parallel Aware": false, "Async Capable": false, "Join Type": "Inner", "Startup Cost": 0.42, "Total Cost": 3697.29, "Plan Rows": 28.0, "Plan Width": 8, "Actual Rows": 297, "Actual Loops": 1, "Inner Unique": false, "Plans": [{"Node Type": "Seq Scan", "Parent Relationship": "Outer", "Parallel Aware": false, "Async Capable": false, "Relation Name": "posts", "Alias": "p", "Startup Cost": 0.0, "Total Cost": 2909.46, "Plan Rows": 95, "Plan Width": 4, "Actual Rows": 239, "Actual Loops": 1, "Filter": "((score <= 117) AND (favoritecount >= 10) AND (favoritecount <= 18) AND (creationdate >= '2009-03-24 01:51:17'::timestamp without time zone) AND (creationdate <= '2012-06-27 18:54:13'::timestamp without time zone))", "Rows Removed by Filter": 91737}, {"Node Type": "Index Scan", "Parent Relationship": "Inner", "Parallel Aware": false, "Async Capable": false, "Scan Direction": "Forward", "Index Name": "idx_comments_postid", "Relation Name": "comments", "Alias": "c", "Startup Cost": 0.42, "Total Cost": 8.26, "Plan Rows": 3, "Plan Width": 4, "Actual Rows": 1, "Actual Loops": 239, "Index Cond": "(postid = p.id)", "Rows Removed by Index Recheck": 0, "Filter": "(creationdate >= '2011-09-19 14:55:27'::timestamp without time zone)", "Rows Removed by Filter": 1}]}, {"Node Type": "Index Scan", "Parent Relationship": "Inner", "Parallel Aware": false, "Async Capable": false, "Scan Direction": "Forward", "Index Name": "idx_posthistory_postid", "Relation Name": "posthistory", "Alias": "ph", "Startup Cost": 0.42, "Total Cost": 0.58, "Plan Rows": 4, "Plan Width": 4, "Actual Rows": 7, "Actual Loops": 297, "Index Cond": "(postid = c.postid)", "Rows Removed by Index Recheck": 0, "Filter": "(creationdate >= '2009-08-28 23:27:23'::timestamp without time zone)", "Rows Removed by Filter": 0}]}, {"Node Type": "Hash", "Parent Relationship": "Inner", "Parallel Aware": false, "Async Capable": false, "Startup Cost": 10282.01, "Total Cost": 10282.01, "Plan Rows": 3340.0, "Plan Width": 8, "Actual Rows": 34710, "Actual Loops": 1, "Hash Buckets": 65536, "Original Hash Buckets": 32768, "Hash Batches": 1, "Original Hash Batches": 1, "Peak Memory Usage": 1868, "Plans": [{"Node Type": "Gather", "Parent Relationship": "Outer", "Parallel Aware": false, "Async Capable": false, "Startup Cost": 1323.12, "Total Cost": 10282.01, "Plan Rows": 20511, "Plan Width": 8, "Actual Rows": 34710, "Actual Loops": 1, "Workers Planned": 1, "Workers Launched": 1, "Single Copy": false, "Plans": [{"Node Type": "Hash Join", "Parent Relationship": "Outer", "Parallel Aware": false, "Async Capable": false, "Join Type": "Inner", "Startup Cost": 323.12, "Total Cost": 7230.91, "Plan Rows": 3340.0, "Plan Width": 8, "Actual Rows": 17355, "Actual Loops": 2, "Inner Unique": false, "Hash Cond": "(v.postid = pl.postid)", "Workers": [], "Plans": [{"Node Type": "Seq Scan", "Parent Relationship": "Outer", "Parallel Aware": true, "Async Capable": false, "Relation Name": "votes", "Alias": "v", "Startup Cost": 0.0, "Total Cost": 4572.24, "Plan Rows": 118128, "Plan Width": 4, "Actual Rows": 100324, "Actual Loops": 2, "Filter": "(creationdate <= '2013-07-11 14:24:19'::timestamp without time zone)", "Rows Removed by Filter": 63708, "Workers": []}, {"Node Type": "Hash", "Parent Relationship": "Inner", "Parallel Aware": false, "Async Capable": false, "Startup Cost": 248.53, "Total Cost": 248.53, "Plan Rows": 5967, "Plan Width": 4, "Actual Rows": 6048, "Actual Loops": 2, "Hash Buckets": 8192, "Original Hash Buckets": 8192, "Hash Batches": 1, "Original Hash Batches": 1, "Peak Memory Usage": 277, "Workers": [], "Plans": [{"Node Type": "Seq Scan", "Parent Relationship": "Outer", "Parallel Aware": false, "Async Capable": false, "Relation Name": "postlinks", "Alias": "pl", "Startup Cost": 0.0, "Total Cost": 248.53, "Plan Rows": 5967, "Plan Width": 4, "Actual Rows": 6048, "Actual Loops": 2, "Filter": "((creationdate <= '2013-10-28 16:58:26'::timestamp without time zone) AND (linktypeid = 1))", "Rows Removed by Filter": 5054, "Workers": []}]}]}]}]}]}]}, "Planning Time": 5.596, "Triggers": [], "Execution Time": 76.69}, {"Plan": {"Node Type": "Aggregate", "Strategy": "Plain", "Partial Mode": "Simple", "Parallel Aware": false, "Async Capable": false, "Startup Cost": 21675.95, "Total Cost": 21675.96, "Plan Rows": 1, "Plan Width": 8, "Actual Rows": 1, "Actual Loops": 1, "Plans": [{"Node Type": "Hash Join", "Parent Relationship": "Outer", "Parallel Aware": false, "Async Capable": false, "Join Type": "Inner", "Startup Cost": 9677.97, "Total Cost": 21675.77, "Plan Rows": 559.0, "Plan Width": 0, "Actual Rows": 39026, "Actual Loops": 1, "Inner Unique": false, "Hash Cond": "(pl.postid = p.id)", "Plans": [{"Node Type": "Nested Loop", "Parent Relationship": "Outer", "Parallel Aware": false, "Async Capable": false, "Join Type": "Inner", "Startup Cost": 5388.11, "Total Cost": 17048.29, "Plan Rows": 1945.0, "Plan Width": 12, "Actual Rows": 110752, "Actual Loops": 1, "Inner Unique": false, "Join Filter": "(pl.postid = ph.postid)", "Rows Removed by Join Filter": 0, "Plans": [{"Node Type": "Hash Join", "Parent Relationship": "Outer", "Parallel Aware": false, "Async Capable": false, "Join Type": "Inner", "Startup Cost": 5387.69, "Total Cost": 6167.99, "Plan Rows": 538.0, "Plan Width": 8, "Actual Rows": 17288, "Actual Loops": 1, "Inner Unique": false, "Hash Cond": "(pl.postid = c.postid)", "Plans": [{"Node Type": "Seq Scan", "Parent Relationship": "Outer", "Parallel Aware": false, "Async Capable": false, "Relation Name": "postlinks", "Alias": "pl", "Startup Cost": 0.0, "Total Cost": 248.53, "Plan Rows": 5967, "Plan Width": 4, "Actual Rows": 6048, "Actual Loops": 1, "Filter": "((creationdate <= '2013-10-28 16:58:26'::timestamp without time zone) AND (linktypeid = 1))", "Rows Removed by Filter": 5054}, {"Node Type": "Hash", "Parent Relationship": "Inner", "Parallel Aware": false, "Async Capable": false, "Startup Cost": 3522.81, "Total Cost": 3522.81, "Plan Rows": 149190, "Plan Width": 4, "Actual Rows": 149237, "Actual Loops": 1, "Hash Buckets": 262144, "Original Hash Buckets": 262144, "Hash Batches": 1, "Original Hash Batches": 1, "Peak Memory Usage": 7295, "Plans": [{"Node Type": "Seq Scan", "Parent Relationship": "Outer", "Parallel Aware": false, "Async Capable": false, "Relation Name": "comments", "Alias": "c", "Startup Cost": 0.0, "Total Cost": 3522.81, "Plan Rows": 149190, "Plan Width": 4, "Actual Rows": 149237, "Actual Loops": 1, "Filter": "(creationdate >= '2011-09-19 14:55:27'::timestamp without time zone)", "Rows Removed by Filter": 25068}]}]}, {"Node Type": "Index Scan", "Parent Relationship": "Inner", "Parallel Aware": false, "Async Capable": false, "Scan Direction": "Forward", "Index Name": "idx_posthistory_postid", "Relation Name": "posthistory", "Alias": "ph", "Startup Cost": 0.42, "Total Cost": 0.58, "Plan Rows": 4, "Plan Width": 4, "Actual Rows": 6, "Actual Loops": 17288, "Index Cond": "(postid = c.postid)", "Rows Removed by Index Recheck": 0, "Filter": "(creationdate >= '2009-08-28 23:27:23'::timestamp without time zone)", "Rows Removed by Filter": 0}]}, {"Node Type": "Hash", "Parent Relationship": "Inner", "Parallel Aware": false, "Async Capable": false, "Startup Cost": 4287.27, "Total Cost": 4287.27, "Plan Rows": 193.0, "Plan Width": 8, "Actual Rows": 5803, "Actual Loops": 1, "Hash Buckets": 8192, "Original Hash Buckets": 1024, "Hash Batches": 1, "Original Hash Batches": 1, "Peak Memory Usage": 291, "Plans": [{"Node Type": "Nested Loop", "Parent Relationship": "Outer", "Parallel Aware": false, "Async Capable": false, "Join Type": "Inner", "Startup Cost": 0.42, "Total Cost": 4287.27, "Plan Rows": 193.0, "Plan Width": 8, "Actual Rows": 5803, "Actual Loops": 1, "Inner Unique": false, "Plans": [{"Node Type": "Seq Scan", "Parent Relationship": "Outer", "Parallel Aware": false, "Async Capable": false, "Relation Name": "posts", "Alias": "p", "Startup Cost": 0.0, "Total Cost": 2909.46, "Plan Rows": 95, "Plan Width": 4, "Actual Rows": 239, "Actual Loops": 1, "Filter": "((score <= 117) AND (favoritecount >= 10) AND (favoritecount <= 18) AND (creationdate >= '2009-03-24 01:51:17'::timestamp without time zone) AND (creationdate <= '2012-06-27 18:54:13'::timestamp without time zone))", "Rows Removed by Filter": 91737}, {"Node Type": "Index Scan", "Parent Relationship": "Inner", "Parallel Aware": false, "Async Capable": false, "Scan Direction": "Forward", "Index Name": "idx_votes_postid", "Relation Name": "votes", "Alias": "v", "Startup Cost": 0.42, "Total Cost": 14.47, "Plan Rows": 3, "Plan Width": 4, "Actual Rows": 24, "Actual Loops": 239, "Index Cond": "(postid = p.id)", "Rows Removed by Index Recheck": 0, "Filter": "(creationdate <= '2013-07-11 14:24:19'::timestamp without time zone)", "Rows Removed by Filter": 9}]}]}]}]}, "Planning Time": 5.925, "Triggers": [], "Execution Time": 200.982}, {"Plan": {"Node Type": "Aggregate", "Strategy": "Plain", "Partial Mode": "Simple", "Parallel Aware": false, "Async Capable": false, "Startup Cost": 10329.72, "Total Cost": 10329.73, "Plan Rows": 1, "Plan Width": 8, "Actual Rows": 1, "Actual Loops": 1, "Plans": [{"Node Type": "Hash Join", "Parent Relationship": "Outer", "Parallel Aware": false, "Async Capable": false, "Join Type": "Inner", "Startup Cost": 6386.02, "Total Cost": 10329.54, "Plan Rows": 559.0, "Plan Width": 0, "Actual Rows": 39026, "Actual Loops": 1, "Inner Unique": false, "Hash Cond": "(p.id = pl.postid)", "Plans": [{"Node Type": "Nested Loop", "Parent Relationship": "Outer", "Parallel Aware": false, "Async Capable": false, "Join Type": "Inner", "Startup Cost": 0.84, "Total Cost": 3908.92, "Plan Rows": 535.0, "Plan Width": 12, "Actual Rows": 37346, "Actual Loops": 1, "Inner Unique": false, "Join Filter": "(p.id = v.postid)", "Rows Removed by Join Filter": 0, "Plans": [{"Node Type": "Nested Loop", "Parent Relationship": "Outer", "Parallel Aware": false, "Async Capable": false, "Join Type": "Inner", "Startup Cost": 0.42, "Total Cost": 3722.69, "Plan Rows": 23.0, "Plan Width": 8, "Actual Rows": 1534, "Actual Loops": 1, "Inner Unique": false, "Plans": [{"Node Type": "Seq Scan", "Parent Relationship": "Outer", "Parallel Aware": false, "Async Capable": false, "Relation Name": "posts", "Alias": "p", "Startup Cost": 0.0, "Total Cost": 2909.46, "Plan Rows": 95, "Plan Width": 4, "Actual Rows": 239, "Actual Loops": 1, "Filter": "((score <= 117) AND (favoritecount >= 10) AND (favoritecount <= 18) AND (creationdate >= '2009-03-24 01:51:17'::timestamp without time zone) AND (creationdate <= '2012-06-27 18:54:13'::timestamp without time zone))", "Rows Removed by Filter": 91737}, {"Node Type": "Index Scan", "Parent Relationship": "Inner", "Parallel Aware": false, "Async Capable": false, "Scan Direction": "Forward", "Index Name": "idx_posthistory_postid", "Relation Name": "posthistory", "Alias": "ph", "Startup Cost": 0.42, "Total Cost": 8.52, "Plan Rows": 4, "Plan Width": 4, "Actual Rows": 6, "Actual Loops": 239, "Index Cond": "(postid = p.id)", "Rows Removed by Index Recheck": 0, "Filter": "(creationdate >= '2009-08-28 23:27:23'::timestamp without time zone)", "Rows Removed by Filter": 0}]}, {"Node Type": "Index Scan", "Parent Relationship": "Inner", "Parallel Aware": false, "Async Capable": false, "Scan Direction": "Forward", "Index Name": "idx_votes_postid", "Relation Name": "votes", "Alias": "v", "Startup Cost": 0.42, "Total Cost": 0.56, "Plan Rows": 3, "Plan Width": 4, "Actual Rows": 24, "Actual Loops": 1534, "Index Cond": "(postid = ph.postid)", "Rows Removed by Index Recheck": 0, "Filter": "(creationdate <= '2013-07-11 14:24:19'::timestamp without time zone)", "Rows Removed by Filter": 9}]}, {"Node Type": "Hash", "Parent Relationship": "Inner", "Parallel Aware": false, "Async Capable": false, "Startup Cost": 6167.99, "Total Cost": 6167.99, "Plan Rows": 538.0, "Plan Width": 8, "Actual Rows": 17288, "Actual Loops": 1, "Hash Buckets": 32768, "Original Hash Buckets": 32768, "Hash Batches": 1, "Original Hash Batches": 1, "Peak Memory Usage": 932, "Plans": [{"Node Type": "Hash Join", "Parent Relationship": "Outer", "Parallel Aware": false, "Async Capable": false, "Join Type": "Inner", "Startup Cost": 5387.69, "Total Cost": 6167.99, "Plan Rows": 538.0, "Plan Width": 8, "Actual Rows": 17288, "Actual Loops": 1, "Inner Unique": false, "Hash Cond": "(pl.postid = c.postid)", "Plans": [{"Node Type": "Seq Scan", "Parent Relationship": "Outer", "Parallel Aware": false, "Async Capable": false, "Relation Name": "postlinks", "Alias": "pl", "Startup Cost": 0.0, "Total Cost": 248.53, "Plan Rows": 5967, "Plan Width": 4, "Actual Rows": 6048, "Actual Loops": 1, "Filter": "((creationdate <= '2013-10-28 16:58:26'::timestamp without time zone) AND (linktypeid = 1))", "Rows Removed by Filter": 5054}, {"Node Type": "Hash", "Parent Relationship": "Inner", "Parallel Aware": false, "Async Capable": false, "Startup Cost": 3522.81, "Total Cost": 3522.81, "Plan Rows": 149190, "Plan Width": 4, "Actual Rows": 149237, "Actual Loops": 1, "Hash Buckets": 262144, "Original Hash Buckets": 262144, "Hash Batches": 1, "Original Hash Batches": 1, "Peak Memory Usage": 7295, "Plans": [{"Node Type": "Seq Scan", "Parent Relationship": "Outer", "Parallel Aware": false, "Async Capable": false, "Relation Name": "comments", "Alias": "c", "Startup Cost": 0.0, "Total Cost": 3522.81, "Plan Rows": 149190, "Plan Width": 4, "Actual Rows": 149237, "Actual Loops": 1, "Filter": "(creationdate >= '2011-09-19 14:55:27'::timestamp without time zone)", "Rows Removed by Filter": 25068}]}]}]}]}]}, "Planning Time": 5.922, "Triggers": [], "Execution Time": 145.083}, {"Plan": {"Node Type": "Aggregate", "Strategy": "Plain", "Partial Mode": "Simple", "Parallel Aware": false, "Async Capable": false, "Startup Cost": 3204.4, "Total Cost": 3204.41, "Plan Rows": 1, "Plan Width": 8, "Actual Rows": 1, "Actual Loops": 1, "Plans": [{"Node Type": "Nested Loop", "Parent Relationship": "Outer", "Parallel Aware": false, "Async Capable": false, "Join Type": "Inner", "Startup Cost": 2911.91, "Total Cost": 3204.22, "Plan Rows": 559.0, "Plan Width": 0, "Actual Rows": 39026, "Actual Loops": 1, "Inner Unique": false, "Join Filter": "(p.id = ph.postid)", "Rows Removed by Join Filter": 0, "Plans": [{"Node Type": "Nested Loop", "Parent Relationship": "Outer", "Parallel Aware": false, "Async Capable": false, "Join Type": "Inner", "Startup Cost": 2911.49, "Total Cost": 3190.86, "Plan Rows": 190.0, "Plan Width": 16, "Actual Rows": 5534, "Actual Loops": 1, "Inner Unique": false, "Join Filter": "(p.id = v.postid)", "Rows Removed by Join Filter": 0, "Plans": [{"Node Type": "Nested Loop", "Parent Relationship": "Outer", "Parallel Aware": false, "Async Capable": false, "Join Type": "Inner", "Startup Cost": 2911.07, "Total Cost": 3184.55, "Plan Rows": 30.0, "Plan Width": 12, "Actual Rows": 227, "Actual Loops": 1, "Inner Unique": false, "Join Filter": "(c.postid = p.id)", "Rows Removed by Join Filter": 0, "Plans": [{"Node Type": "Hash Join", "Parent Relationship": "Outer", "Parallel Aware": false, "Async Capable": false, "Join Type": "Inner", "Startup Cost": 2910.65, "Total Cost": 3174.84, "Plan Rows": 52.0, "Plan Width": 8, "Actual Rows": 133, "Actual Loops": 1, "Inner Unique": true, "Hash Cond": "(pl.postid = p.id)", "Plans": [{"Node Type": "Seq Scan", "Parent Relationship": "Outer", "Parallel Aware": false, "Async Capable": false, "Relation Name": "postlinks", "Alias": "pl", "Startup Cost": 0.0, "Total Cost": 248.53, "Plan Rows": 5967, "Plan Width": 4, "Actual Rows": 6048, "Actual Loops": 1, "Filter": "((creationdate <= '2013-10-28 16:58:26'::timestamp without time zone) AND (linktypeid = 1))", "Rows Removed by Filter": 5054}, {"Node Type": "Hash", "Parent Relationship": "Inner", "Parallel Aware": false, "Async Capable": false, "Startup Cost": 2909.46, "Total Cost": 2909.46, "Plan Rows": 95, "Plan Width": 4, "Actual Rows": 239, "Actual Loops": 1, "Hash Buckets": 1024, "Original Hash Buckets": 1024, "Hash Batches": 1, "Original Hash Batches": 1, "Peak Memory Usage": 17, "Plans": [{"Node Type": "Seq Scan", "Parent Relationship": "Outer", "Parallel Aware": false, "Async Capable": false, "Relation Name": "posts", "Alias": "p", "Startup Cost": 0.0, "Total Cost": 2909.46, "Plan Rows": 95, "Plan Width": 4, "Actual Rows": 239, "Actual Loops": 1, "Filter": "((score <= 117) AND (favoritecount >= 10) AND (favoritecount <= 18) AND (creationdate >= '2009-03-24 01:51:17'::timestamp without time zone) AND (creationdate <= '2012-06-27 18:54:13'::timestamp without time zone))", "Rows Removed by Filter": 91737}]}]}, {"Node Type": "Index Scan", "Parent Relationship": "Inner", "Parallel Aware": false, "Async Capable": false, "Scan Direction": "Forward", "Index Name": "idx_comments_postid", "Relation Name": "comments", "Alias": "c", "Startup Cost": 0.42, "Total Cost": 1.58, "Plan Rows": 3, "Plan Width": 4, "Actual Rows": 2, "Actual Loops": 133, "Index Cond": "(postid = pl.postid)", "Rows Removed by Index Recheck": 0, "Filter": "(creationdate >= '2011-09-19 14:55:27'::timestamp without time zone)", "Rows Removed by Filter": 2}]}, {"Node Type": "Index Scan", "Parent Relationship": "Inner", "Parallel Aware": false, "Async Capable": false, "Scan Direction": "Forward", "Index Name": "idx_votes_postid", "Relation Name": "votes", "Alias": "v", "Startup Cost": 0.42, "Total Cost": 0.59, "Plan Rows": 3, "Plan Width": 4, "Actual Rows": 24, "Actual Loops": 227, "Index Cond": "(postid = c.postid)", "Rows Removed by Index Recheck": 0, "Filter": "(creationdate <= '2013-07-11 14:24:19'::timestamp without time zone)", "Rows Removed by Filter": 12}]}, {"Node Type": "Index Scan", "Parent Relationship": "Inner", "Parallel Aware": false, "Async Capable": false, "Scan Direction": "Forward", "Index Name": "idx_posthistory_postid", "Relation Name": "posthistory", "Alias": "ph", "Startup Cost": 0.42, "Total Cost": 0.56, "Plan Rows": 4, "Plan Width": 4, "Actual Rows": 7, "Actual Loops": 5534, "Index Cond": "(postid = v.postid)", "Rows Removed by Index Recheck": 0, "Filter": "(creationdate >= '2009-08-28 23:27:23'::timestamp without time zone)", "Rows Removed by Filter": 0}]}]}, "Planning Time": 5.227, "Triggers": [], "Execution Time": 26.834}, {"Plan": {"Node Type": "Aggregate", "Strategy": "Plain", "Partial Mode": "Finalize", "Parallel Aware": false, "Async Capable": false, "Startup Cost": 27111.21, "Total Cost": 27111.22, "Plan Rows": 1, "Plan Width": 8, "Actual Rows": 1, "Actual Loops": 1, "Plans": [{"Node Type": "Gather", "Parent Relationship": "Outer", "Parallel Aware": false, "Async Capable": false, "Startup Cost": 27111.09, "Total Cost": 27111.2, "Plan Rows": 1, "Plan Width": 8, "Actual Rows": 2, "Actual Loops": 1, "Workers Planned": 1, "Workers Launched": 1, "Single Copy": false, "Plans": [{"Node Type": "Aggregate", "Strategy": "Plain", "Partial Mode": "Partial", "Parent Relationship": "Outer", "Parallel Aware": false, "Async Capable": false, "Startup Cost": 26111.09, "Total Cost": 26111.1, "Plan Rows": 1, "Plan Width": 8, "Actual Rows": 1, "Actual Loops": 2, "Workers": [], "Plans": [{"Node Type": "Merge Join", "Parent Relationship": "Outer", "Parallel Aware": false, "Async Capable": false, "Join Type": "Inner", "Startup Cost": 3190.49, "Total Cost": 26110.99, "Plan Rows": 559.0, "Plan Width": 0, "Actual Rows": 19513, "Actual Loops": 2, "Inner Unique": false, "Merge Cond": "(v.postid = p.id)", "Workers": [], "Plans": [{"Node Type": "Merge Join", "Parent Relationship": "Outer", "Parallel Aware": false, "Async Capable": false, "Join Type": "Inner", "Startup Cost": 0.84, "Total Cost": 22213.74, "Plan Rows": 34569.0, "Plan Width": 8, "Actual Rows": 88124, "Actual Loops": 2, "Inner Unique": false, "Merge Cond": "(c.postid = v.postid)", "Workers": [], "Plans": [{"Node Type": "Index Scan", "Parent Relationship": "Outer", "Parallel Aware": true, "Async Capable": false, "Scan Direction": "Forward", "Index Name": "idx_comments_postid", "Relation Name": "comments", "Alias": "c", "Startup Cost": 0.42, "Total Cost": 4959.84, "Plan Rows": 87759, "Plan Width": 4, "Actual Rows": 15110, "Actual Loops": 2, "Filter": "(creationdate >= '2011-09-19 14:55:27'::timestamp without time zone)", "Rows Removed by Filter": 12532, "Workers": []}, {"Node Type": "Materialize", "Parent Relationship": "Inner", "Parallel Aware": false, "Async Capable": false, "Startup Cost": 0.42, "Total Cost": 13296.46, "Plan Rows": 200817, "Plan Width": 4, "Actual Rows": 197417, "Actual Loops": 2, "Workers": [], "Plans": [{"Node Type": "Index Scan", "Parent Relationship": "Outer", "Parallel Aware": false, "Async Capable": false, "Scan Direction": "Forward", "Index Name": "idx_votes_postid", "Relation Name": "votes", "Alias": "v", "Startup Cost": 0.42, "Total Cost": 12794.42, "Plan Rows": 200817, "Plan Width": 4, "Actual Rows": 136786, "Actual Loops": 2, "Filter": "(creationdate <= '2013-07-11 14:24:19'::timestamp without time zone)", "Rows Removed by Filter": 25004, "Workers": []}]}]}, {"Node Type": "Sort", "Parent Relationship": "Inner", "Parallel Aware": false, "Async Capable": false, "Startup Cost": 3189.64, "Total Cost": 3189.69, "Plan Rows": 8.0, "Plan Width": 12, "Actual Rows": 20108, "Actual Loops": 2, "Sort Key": ["p.id"], "Sort Method": "quicksort", "Sort Space Used": 60, "Sort Space Type": "Memory", "Workers": [{"Worker Number": 0, "Sort Method": "quicksort", "Sort Space Used": 60, "Sort Space Type": "Memory"}], "Plans": [{"Node Type": "Nested Loop", "Parent Relationship": "Outer", "Parallel Aware": false, "Async Capable": false, "Join Type": "Inner", "Startup Cost": 2911.07, "Total Cost": 3189.21, "Plan Rows": 8.0, "Plan Width": 12, "Actual Rows": 899, "Actual Loops": 2, "Inner Unique": false, "Join Filter": "(p.id = ph.postid)", "Rows Removed by Join Filter": 0, "Workers": [], "Plans": [{"Node Type": "Hash Join", "Parent Relationship": "Outer", "Parallel Aware": false, "Async Capable": false, "Join Type": "Inner", "Startup Cost": 2910.65, "Total Cost": 3174.84, "Plan Rows": 52.0, "Plan Width": 8, "Actual Rows": 133, "Actual Loops": 2, "Inner Unique": true, "Hash Cond": "(pl.postid = p.id)", "Workers": [], "Plans": [{"Node Type": "Seq Scan", "Parent Relationship": "Outer", "Parallel Aware": false, "Async Capable": false, "Relation Name": "postlinks", "Alias": "pl", "Startup Cost": 0.0, "Total Cost": 248.53, "Plan Rows": 5967, "Plan Width": 4, "Actual Rows": 6048, "Actual Loops": 2, "Filter": "((creationdate <= '2013-10-28 16:58:26'::timestamp without time zone) AND (linktypeid = 1))", "Rows Removed by Filter": 5054, "Workers": []}, {"Node Type": "Hash", "Parent Relationship": "Inner", "Parallel Aware": false, "Async Capable": false, "Startup Cost": 2909.46, "Total Cost": 2909.46, "Plan Rows": 95, "Plan Width": 4, "Actual Rows": 239, "Actual Loops": 2, "Hash Buckets": 1024, "Original Hash Buckets": 1024, "Hash Batches": 1, "Original Hash Batches": 1, "Peak Memory Usage": 17, "Workers": [], "Plans": [{"Node Type": "Seq Scan", "Parent Relationship": "Outer", "Parallel Aware": false, "Async Capable": false, "Relation Name": "posts", "Alias": "p", "Startup Cost": 0.0, "Total Cost": 2909.46, "Plan Rows": 95, "Plan Width": 4, "Actual Rows": 239, "Actual Loops": 2, "Filter": "((score <= 117) AND (favoritecount >= 10) AND (favoritecount <= 18) AND (creationdate >= '2009-03-24 01:51:17'::timestamp without time zone) AND (creationdate <= '2012-06-27 18:54:13'::timestamp without time zone))", "Rows Removed by Filter": 91737, "Workers": []}]}]}, {"Node Type": "Index Scan", "Parent Relationship": "Inner", "Parallel Aware": false, "Async Capable": false, "Scan Direction": "Forward", "Index Name": "idx_posthistory_postid", "Relation Name": "posthistory", "Alias": "ph", "Startup Cost": 0.42, "Total Cost": 2.35, "Plan Rows": 4, "Plan Width": 4, "Actual Rows": 7, "Actual Loops": 266, "Index Cond": "(postid = pl.postid)", "Rows Removed by Index Recheck": 0, "Filter": "(creationdate >= '2009-08-28 23:27:23'::timestamp without time zone)", "Rows Removed by Filter": 0, "Workers": []}]}]}]}]}]}]}, "Planning Time": 11.863, "Triggers": [], "Execution Time": 247.214}, {"Plan": {"Node Type": "Aggregate", "Strategy": "Plain", "Partial Mode": "Simple", "Parallel Aware": false, "Async Capable": false, "Startup Cost": 22215.81, "Total Cost": 22215.82, "Plan Rows": 1, "Plan Width": 8, "Actual Rows": 1, "Actual Loops": 1, "Plans": [{"Node Type": "Hash Join", "Parent Relationship": "Outer", "Parallel Aware": false, "Async Capable": false, "Join Type": "Inner", "Startup Cost": 17888.98, "Total Cost": 22215.63, "Plan Rows": 559.0, "Plan Width": 0, "Actual Rows": 39026, "Actual Loops": 1, "Inner Unique": false, "Hash Cond": "(p.id = pl.postid)", "Plans": [{"Node Type": "Nested Loop", "Parent Relationship": "Outer", "Parallel Aware": false, "Async Capable": false, "Join Type": "Inner", "Startup Cost": 0.42, "Total Cost": 4287.27, "Plan Rows": 193.0, "Plan Width": 8, "Actual Rows": 5803, "Actual Loops": 1, "Inner Unique": false, "Plans": [{"Node Type": "Seq Scan", "Parent Relationship": "Outer", "Parallel Aware": false, "Async Capable": false, "Relation Name": "posts", "Alias": "p", "Startup Cost": 0.0, "Total Cost": 2909.46, "Plan Rows": 95, "Plan Width": 4, "Actual Rows": 239, "Actual Loops": 1, "Filter": "((score <= 117) AND (favoritecount >= 10) AND (favoritecount <= 18) AND (creationdate >= '2009-03-24 01:51:17'::timestamp without time zone) AND (creationdate <= '2012-06-27 18:54:13'::timestamp without time zone))", "Rows Removed by Filter": 91737}, {"Node Type": "Index Scan", "Parent Relationship": "Inner", "Parallel Aware": false, "Async Capable": false, "Scan Direction": "Forward", "Index Name": "idx_votes_postid", "Relation Name": "votes", "Alias": "v", "Startup Cost": 0.42, "Total Cost": 14.47, "Plan Rows": 3, "Plan Width": 4, "Actual Rows": 24, "Actual Loops": 239, "Index Cond": "(postid = p.id)", "Rows Removed by Index Recheck": 0, "Filter": "(creationdate <= '2013-07-11 14:24:19'::timestamp without time zone)", "Rows Removed by Filter": 9}]}, {"Node Type": "Hash", "Parent Relationship": "Inner", "Parallel Aware": false, "Async Capable": false, "Startup Cost": 17048.29, "Total Cost": 17048.29, "Plan Rows": 1945.0, "Plan Width": 12, "Actual Rows": 110752, "Actual Loops": 1, "Hash Buckets": 131072, "Original Hash Buckets": 131072, "Hash Batches": 1, "Original Hash Batches": 1, "Peak Memory Usage": 5783, "Plans": [{"Node Type": "Nested Loop", "Parent Relationship": "Outer", "Parallel Aware": false, "Async Capable": false, "Join Type": "Inner", "Startup Cost": 5388.11, "Total Cost": 17048.29, "Plan Rows": 1945.0, "Plan Width": 12, "Actual Rows": 110752, "Actual Loops": 1, "Inner Unique": false, "Join Filter": "(pl.postid = ph.postid)", "Rows Removed by Join Filter": 0, "Plans": [{"Node Type": "Hash Join", "Parent Relationship": "Outer", "Parallel Aware": false, "Async Capable": false, "Join Type": "Inner", "Startup Cost": 5387.69, "Total Cost": 6167.99, "Plan Rows": 538.0, "Plan Width": 8, "Actual Rows": 17288, "Actual Loops": 1, "Inner Unique": false, "Hash Cond": "(pl.postid = c.postid)", "Plans": [{"Node Type": "Seq Scan", "Parent Relationship": "Outer", "Parallel Aware": false, "Async Capable": false, "Relation Name": "postlinks", "Alias": "pl", "Startup Cost": 0.0, "Total Cost": 248.53, "Plan Rows": 5967, "Plan Width": 4, "Actual Rows": 6048, "Actual Loops": 1, "Filter": "((creationdate <= '2013-10-28 16:58:26'::timestamp without time zone) AND (linktypeid = 1))", "Rows Removed by Filter": 5054}, {"Node Type": "Hash", "Parent Relationship": "Inner", "Parallel Aware": false, "Async Capable": false, "Startup Cost": 3522.81, "Total Cost": 3522.81, "Plan Rows": 149190, "Plan Width": 4, "Actual Rows": 149237, "Actual Loops": 1, "Hash Buckets": 262144, "Original Hash Buckets": 262144, "Hash Batches": 1, "Original Hash Batches": 1, "Peak Memory Usage": 7295, "Plans": [{"Node Type": "Seq Scan", "Parent Relationship": "Outer", "Parallel Aware": false, "Async Capable": false, "Relation Name": "comments", "Alias": "c", "Startup Cost": 0.0, "Total Cost": 3522.81, "Plan Rows": 149190, "Plan Width": 4, "Actual Rows": 149237, "Actual Loops": 1, "Filter": "(creationdate >= '2011-09-19 14:55:27'::timestamp without time zone)", "Rows Removed by Filter": 25068}]}]}, {"Node Type": "Index Scan", "Parent Relationship": "Inner", "Parallel Aware": false, "Async Capable": false, "Scan Direction": "Forward", "Index Name": "idx_posthistory_postid", "Relation Name": "posthistory", "Alias": "ph", "Startup Cost": 0.42, "Total Cost": 0.58, "Plan Rows": 4, "Plan Width": 4, "Actual Rows": 6, "Actual Loops": 17288, "Index Cond": "(postid = c.postid)", "Rows Removed by Index Recheck": 0, "Filter": "(creationdate >= '2009-08-28 23:27:23'::timestamp without time zone)", "Rows Removed by Filter": 0}]}]}]}]}, "Planning Time": 5.968, "Triggers": [], "Execution Time": 207.476}, {"Plan": {"Node Type": "Aggregate", "Strategy": "Plain", "Partial Mode": "Simple", "Parallel Aware": false, "Async Capable": false, "Startup Cost": 14730.2, "Total Cost": 14730.21, "Plan Rows": 1, "Plan Width": 8, "Actual Rows": 1, "Actual Loops": 1, "Plans": [{"Node Type": "Hash Join", "Parent Relationship": "Outer", "Parallel Aware": false, "Async Capable": false, "Join Type": "Inner", "Startup Cost": 10913.71, "Total Cost": 14730.02, "Plan Rows": 559.0, "Plan Width": 0, "Actual Rows": 39026, "Actual Loops": 1, "Inner Unique": false, "Hash Cond": "(p.id = pl.postid)", "Plans": [{"Node Type": "Nested Loop", "Parent Relationship": "Outer", "Parallel Aware": false, "Async Capable": false, "Join Type": "Inner", "Startup Cost": 0.84, "Total Cost": 3794.48, "Plan Rows": 713.0, "Plan Width": 12, "Actual Rows": 7281, "Actual Loops": 1, "Inner Unique": false, "Join Filter": "(p.id = v.postid)", "Rows Removed by Join Filter": 0, "Plans": [{"Node Type": "Nested Loop", "Parent Relationship": "Outer", "Parallel Aware": false, "Async Capable": false, "Join Type": "Inner", "Startup Cost": 0.42, "Total Cost": 3697.29, "Plan Rows": 28.0, "Plan Width": 8, "Actual Rows": 297, "Actual Loops": 1, "Inner Unique": false, "Plans": [{"Node Type": "Seq Scan", "Parent Relationship": "Outer", "Parallel Aware": false, "Async Capable": false, "Relation Name": "posts", "Alias": "p", "Startup Cost": 0.0, "Total Cost": 2909.46, "Plan Rows": 95, "Plan Width": 4, "Actual Rows": 239, "Actual Loops": 1, "Filter": "((score <= 117) AND (favoritecount >= 10) AND (favoritecount <= 18) AND (creationdate >= '2009-03-24 01:51:17'::timestamp without time zone) AND (creationdate <= '2012-06-27 18:54:13'::timestamp without time zone))", "Rows Removed by Filter": 91737}, {"Node Type": "Index Scan", "Parent Relationship": "Inner", "Parallel Aware": false, "Async Capable": false, "Scan Direction": "Forward", "Index Name": "idx_comments_postid", "Relation Name": "comments", "Alias": "c", "Startup Cost": 0.42, "Total Cost": 8.26, "Plan Rows": 3, "Plan Width": 4, "Actual Rows": 1, "Actual Loops": 239, "Index Cond": "(postid = p.id)", "Rows Removed by Index Recheck": 0, "Filter": "(creationdate >= '2011-09-19 14:55:27'::timestamp without time zone)", "Rows Removed by Filter": 1}]}, {"Node Type": "Index Scan", "Parent Relationship": "Inner", "Parallel Aware": false, "Async Capable": false, "Scan Direction": "Forward", "Index Name": "idx_votes_postid", "Relation Name": "votes", "Alias": "v", "Startup Cost": 0.42, "Total Cost": 0.59, "Plan Rows": 3, "Plan Width": 4, "Actual Rows": 25, "Actual Loops": 297, "Index Cond": "(postid = c.postid)", "Rows Removed by Index Recheck": 0, "Filter": "(creationdate <= '2013-07-11 14:24:19'::timestamp without time zone)", "Rows Removed by Filter": 11}]}, {"Node Type": "Hash", "Parent Relationship": "Inner", "Parallel Aware": false, "Async Capable": false, "Startup Cost": 10624.3, "Total Cost": 10624.3, "Plan Rows": 518.0, "Plan Width": 8, "Actual Rows": 36372, "Actual Loops": 1, "Hash Buckets": 65536, "Original Hash Buckets": 32768, "Hash Batches": 1, "Original Hash Batches": 1, "Peak Memory Usage": 1933, "Plans": [{"Node Type": "Hash Join", "Parent Relationship": "Outer", "Parallel Aware": false, "Async Capable": false, "Join Type": "Inner", "Startup Cost": 9816.74, "Total Cost": 10624.3, "Plan Rows": 518.0, "Plan Width": 8, "Actual Rows": 36372, "Actual Loops": 1, "Inner Unique": false, "Hash Cond": "(pl.postid = ph.postid)", "Plans": [{"Node Type": "Seq Scan", "Parent Relationship": "Outer", "Parallel Aware": false, "Async Capable": false, "Relation Name": "postlinks", "Alias": "pl", "Startup Cost": 0.0, "Total Cost": 248.53, "Plan Rows": 5967, "Plan Width": 4, "Actual Rows": 6048, "Actual Loops": 1, "Filter": "((creationdate <= '2013-10-28 16:58:26'::timestamp without time zone) AND (linktypeid = 1))", "Rows Removed by Filter": 5054}, {"Node Type": "Hash", "Parent Relationship": "Inner", "Parallel Aware": false, "Async Capable": false, "Startup Cost": 6029.84, "Total Cost": 6029.84, "Plan Rows": 302952, "Plan Width": 4, "Actual Rows": 303167, "Actual Loops": 1, "Hash Buckets": 524288, "Original Hash Buckets": 524288, "Hash Batches": 1, "Original Hash Batches": 1, "Peak Memory Usage": 14755, "Plans": [{"Node Type": "Seq Scan", "Parent Relationship": "Outer", "Parallel Aware": false, "Async Capable": false, "Relation Name": "posthistory", "Alias": "ph", "Startup Cost": 0.0, "Total Cost": 6029.84, "Plan Rows": 302952, "Plan Width": 4, "Actual Rows": 303167, "Actual Loops": 1, "Filter": "(creationdate >= '2009-08-28 23:27:23'::timestamp without time zone)", "Rows Removed by Filter": 20}]}]}]}]}]}, "Planning Time": 5.983, "Triggers": [], "Execution Time": 217.487}, {"Plan": {"Node Type": "Aggregate", "Strategy": "Plain", "Partial Mode": "Simple", "Parallel Aware": false, "Async Capable": false, "Startup Cost": 30900.59, "Total Cost": 30900.6, "Plan Rows": 1, "Plan Width": 8, "Actual Rows": 1, "Actual Loops": 1, "Plans": [{"Node Type": "Merge Join", "Parent Relationship": "Outer", "Parallel Aware": false, "Async Capable": false, "Join Type": "Inner", "Startup Cost": 2914.13, "Total Cost": 30900.41, "Plan Rows": 559.0, "Plan Width": 0, "Actual Rows": 39026, "Actual Loops": 1, "Inner Unique": false, "Merge Cond": "(p.id = ph.postid)", "Plans": [{"Node Type": "Nested Loop", "Parent Relationship": "Outer", "Parallel Aware": false, "Async Capable": false, "Join Type": "Inner", "Startup Cost": 2913.29, "Total Cost": 3392.86, "Plan Rows": 75.0, "Plan Width": 12, "Actual Rows": 3200, "Actual Loops": 1, "Inner Unique": false, "Join Filter": "(p.id = v.postid)", "Rows Removed by Join Filter": 0, "Plans": [{"Node Type": "Merge Join", "Parent Relationship": "Outer", "Parallel Aware": false, "Async Capable": false, "Join Type": "Inner", "Startup Cost": 2912.87, "Total Cost": 3378.84, "Plan Rows": 52.0, "Plan Width": 8, "Actual Rows": 133, "Actual Loops": 1, "Inner Unique": true, "Merge Cond": "(pl.postid = p.id)", "Plans": [{"Node Type": "Index Scan", "Parent Relationship": "Outer", "Parallel Aware": false, "Async Capable": false, "Scan Direction": "Forward", "Index Name": "idx_postlinks_postid", "Relation Name": "postlinks", "Alias": "pl", "Startup Cost": 0.29, "Total Cost": 450.8, "Plan Rows": 5967, "Plan Width": 4, "Actual Rows": 2515, "Actual Loops": 1, "Filter": "((creationdate <= '2013-10-28 16:58:26'::timestamp without time zone) AND (linktypeid = 1))", "Rows Removed by Filter": 220}, {"Node Type": "Sort", "Parent Relationship": "Inner", "Parallel Aware": false, "Async Capable": false, "Startup Cost": 2912.58, "Total Cost": 2912.82, "Plan Rows": 95, "Plan Width": 4, "Actual Rows": 239, "Actual Loops": 1, "Sort Key": ["p.id"], "Sort Method": "quicksort", "Sort Space Used": 25, "Sort Space Type": "Memory", "Plans": [{"Node Type": "Seq Scan", "Parent Relationship": "Outer", "Parallel Aware": false, "Async Capable": false, "Relation Name": "posts", "Alias": "p", "Startup Cost": 0.0, "Total Cost": 2909.46, "Plan Rows": 95, "Plan Width": 4, "Actual Rows": 239, "Actual Loops": 1, "Filter": "((score <= 117) AND (favoritecount >= 10) AND (favoritecount <= 18) AND (creationdate >= '2009-03-24 01:51:17'::timestamp without time zone) AND (creationdate <= '2012-06-27 18:54:13'::timestamp without time zone))", "Rows Removed by Filter": 91737}]}]}, {"Node Type": "Index Scan", "Parent Relationship": "Inner", "Parallel Aware": false, "Async Capable": false, "Scan Direction": "Forward", "Index Name": "idx_votes_postid", "Relation Name": "votes", "Alias": "v", "Startup Cost": 0.42, "Total Cost": 2.3, "Plan Rows": 3, "Plan Width": 4, "Actual Rows": 24, "Actual Loops": 133, "Index Cond": "(postid = pl.postid)", "Rows Removed by Index Recheck": 0, "Filter": "(creationdate <= '2013-07-11 14:24:19'::timestamp without time zone)", "Rows Removed by Filter": 10}]}, {"Node Type": "Materialize", "Parent Relationship": "Inner", "Parallel Aware": false, "Async Capable": false, "Startup Cost": 0.84, "Total Cost": 26076.02, "Plan Rows": 6304.0, "Plan Width": 8, "Actual Rows": 158545, "Actual Loops": 1, "Plans": [{"Node Type": "Merge Join", "Parent Relationship": "Outer", "Parallel Aware": false, "Async Capable": false, "Join Type": "Inner", "Startup Cost": 0.84, "Total Cost": 24645.34, "Plan Rows": 6304.0, "Plan Width": 8, "Actual Rows": 120587, "Actual Loops": 1, "Inner Unique": false, "Merge Cond": "(c.postid = ph.postid)", "Plans": [{"Node Type": "Index Scan", "Parent Relationship": "Outer", "Parallel Aware": false, "Async Capable": false, "Scan Direction": "Forward", "Index Name": "idx_comments_postid", "Relation Name": "comments", "Alias": "c", "Startup Cost": 0.42, "Total Cost": 5857.0, "Plan Rows": 149190, "Plan Width": 4, "Actual Rows": 30216, "Actual Loops": 1, "Filter": "(creationdate >= '2011-09-19 14:55:27'::timestamp without time zone)", "Rows Removed by Filter": 25065}, {"Node Type": "Materialize", "Parent Relationship": "Inner", "Parallel Aware": false, "Async Capable": false, "Startup Cost": 0.42, "Total Cost": 10588.85, "Plan Rows": 302952, "Plan Width": 4, "Actual Rows": 174106, "Actual Loops": 1, "Plans": [{"Node Type": "Index Scan", "Parent Relationship": "Outer", "Parallel Aware": false, "Async Capable": false, "Scan Direction": "Forward", "Index Name": "idx_posthistory_postid", "Relation Name": "posthistory", "Alias": "ph", "Startup Cost": 0.42, "Total Cost": 9831.47, "Plan Rows": 302952, "Plan Width": 4, "Actual Rows": 88267, "Actual Loops": 1, "Filter": "(creationdate >= '2009-08-28 23:27:23'::timestamp without time zone)", "Rows Removed by Filter": 20}]}]}]}]}]}, "Planning Time": 5.929, "Triggers": [], "Execution Time": 162.437}, {"Plan": {"Node Type": "Aggregate", "Strategy": "Plain", "Partial Mode": "Simple", "Parallel Aware": false, "Async Capable": false, "Startup Cost": 21235.05, "Total Cost": 21235.06, "Plan Rows": 1, "Plan Width": 8, "Actual Rows": 1, "Actual Loops": 1, "Plans": [{"Node Type": "Hash Join", "Parent Relationship": "Outer", "Parallel Aware": false, "Async Capable": false, "Join Type": "Inner", "Startup Cost": 9114.71, "Total Cost": 21234.87, "Plan Rows": 559.0, "Plan Width": 0, "Actual Rows": 39026, "Actual Loops": 1, "Inner Unique": false, "Hash Cond": "(pl.postid = p.id)", "Plans": [{"Node Type": "Nested Loop", "Parent Relationship": "Outer", "Parallel Aware": false, "Async Capable": false, "Join Type": "Inner", "Startup Cost": 5388.11, "Total Cost": 17132.95, "Plan Rows": 14154.0, "Plan Width": 12, "Actual Rows": 89543, "Actual Loops": 1, "Inner Unique": false, "Join Filter": "(pl.postid = v.postid)", "Rows Removed by Join Filter": 0, "Plans": [{"Node Type": "Hash Join", "Parent Relationship": "Outer", "Parallel Aware": false, "Async Capable": false, "Join Type": "Inner", "Startup Cost": 5387.69, "Total Cost": 6167.99, "Plan Rows": 538.0, "Plan Width": 8, "Actual Rows": 17288, "Actual Loops": 1, "Inner Unique": false, "Hash Cond": "(pl.postid = c.postid)", "Plans": [{"Node Type": "Seq Scan", "Parent Relationship": "Outer", "Parallel Aware": false, "Async Capable": false, "Relation Name": "postlinks", "Alias": "pl", "Startup Cost": 0.0, "Total Cost": 248.53, "Plan Rows": 5967, "Plan Width": 4, "Actual Rows": 6048, "Actual Loops": 1, "Filter": "((creationdate <= '2013-10-28 16:58:26'::timestamp without time zone) AND (linktypeid = 1))", "Rows Removed by Filter": 5054}, {"Node Type": "Hash", "Parent Relationship": "Inner", "Parallel Aware": false, "Async Capable": false, "Startup Cost": 3522.81, "Total Cost": 3522.81, "Plan Rows": 149190, "Plan Width": 4, "Actual Rows": 149237, "Actual Loops": 1, "Hash Buckets": 262144, "Original Hash Buckets": 262144, "Hash Batches": 1, "Original Hash Batches": 1, "Peak Memory Usage": 7295, "Plans": [{"Node Type": "Seq Scan", "Parent Relationship": "Outer", "Parallel Aware": false, "Async Capable": false, "Relation Name": "comments", "Alias": "c", "Startup Cost": 0.0, "Total Cost": 3522.81, "Plan Rows": 149190, "Plan Width": 4, "Actual Rows": 149237, "Actual Loops": 1, "Filter": "(creationdate >= '2011-09-19 14:55:27'::timestamp without time zone)", "Rows Removed by Filter": 25068}]}]}, {"Node Type": "Index Scan", "Parent Relationship": "Inner", "Parallel Aware": false, "Async Capable": false, "Scan Direction": "Forward", "Index Name": "idx_votes_postid", "Relation Name": "votes", "Alias": "v", "Startup Cost": 0.42, "Total Cost": 0.59, "Plan Rows": 3, "Plan Width": 4, "Actual Rows": 5, "Actual Loops": 17288, "Index Cond": "(postid = c.postid)", "Rows Removed by Index Recheck": 0, "Filter": "(creationdate <= '2013-07-11 14:24:19'::timestamp without time zone)", "Rows Removed by Filter": 3}]}, {"Node Type": "Hash", "Parent Relationship": "Inner", "Parallel Aware": false, "Async Capable": false, "Startup Cost": 3722.69, "Total Cost": 3722.69, "Plan Rows": 23.0, "Plan Width": 8, "Actual Rows": 1534, "Actual Loops": 1, "Hash Buckets": 2048, "Original Hash Buckets": 1024, "Hash Batches": 1, "Original Hash Batches": 1, "Peak Memory Usage": 76, "Plans": [{"Node Type": "Nested Loop", "Parent Relationship": "Outer", "Parallel Aware": false, "Async Capable": false, "Join Type": "Inner", "Startup Cost": 0.42, "Total Cost": 3722.69, "Plan Rows": 23.0, "Plan Width": 8, "Actual Rows": 1534, "Actual Loops": 1, "Inner Unique": false, "Plans": [{"Node Type": "Seq Scan", "Parent Relationship": "Outer", "Parallel Aware": false, "Async Capable": false, "Relation Name": "posts", "Alias": "p", "Startup Cost": 0.0, "Total Cost": 2909.46, "Plan Rows": 95, "Plan Width": 4, "Actual Rows": 239, "Actual Loops": 1, "Filter": "((score <= 117) AND (favoritecount >= 10) AND (favoritecount <= 18) AND (creationdate >= '2009-03-24 01:51:17'::timestamp without time zone) AND (creationdate <= '2012-06-27 18:54:13'::timestamp without time zone))", "Rows Removed by Filter": 91737}, {"Node Type": "Index Scan", "Parent Relationship": "Inner", "Parallel Aware": false, "Async Capable": false, "Scan Direction": "Forward", "Index Name": "idx_posthistory_postid", "Relation Name": "posthistory", "Alias": "ph", "Startup Cost": 0.42, "Total Cost": 8.52, "Plan Rows": 4, "Plan Width": 4, "Actual Rows": 6, "Actual Loops": 239, "Index Cond": "(postid = p.id)", "Rows Removed by Index Recheck": 0, "Filter": "(creationdate >= '2009-08-28 23:27:23'::timestamp without time zone)", "Rows Removed by Filter": 0}]}]}]}]}, "Planning Time": 6.167, "Triggers": [], "Execution Time": 197.406}, {"Plan": {"Node Type": "Aggregate", "Strategy": "Plain", "Partial Mode": "Simple", "Parallel Aware": false, "Async Capable": false, "Startup Cost": 34374.16, "Total Cost": 34374.17, "Plan Rows": 1, "Plan Width": 8, "Actual Rows": 1, "Actual Loops": 1, "Plans": [{"Node Type": "Merge Join", "Parent Relationship": "Outer", "Parallel Aware": false, "Async Capable": false, "Join Type": "Inner", "Startup Cost": 2914.61, "Total Cost": 34373.98, "Plan Rows": 559.0, "Plan Width": 0, "Actual Rows": 39026, "Actual Loops": 1, "Inner Unique": true, "Merge Cond": "(pl.postid = p.id)", "Plans": [{"Node Type": "Merge Join", "Parent Relationship": "Outer", "Parallel Aware": false, "Async Capable": false, "Join Type": "Inner", "Startup Cost": 2.03, "Total Cost": 30880.86, "Plan Rows": 37146.0, "Plan Width": 16, "Actual Rows": 344104, "Actual Loops": 1, "Inner Unique": false, "Merge Cond": "(pl.postid = ph.postid)", "Plans": [{"Node Type": "Nested Loop", "Parent Relationship": "Outer", "Parallel Aware": false, "Async Capable": false, "Join Type": "Inner", "Startup Cost": 1.29, "Total Cost": 17833.83, "Plan Rows": 14154.0, "Plan Width": 12, "Actual Rows": 46862, "Actual Loops": 1, "Inner Unique": false, "Join Filter": "(pl.postid = v.postid)", "Rows Removed by Join Filter": 0, "Plans": [{"Node Type": "Merge Join", "Parent Relationship": "Outer", "Parallel Aware": false, "Async Capable": false, "Join Type": "Inner", "Startup Cost": 0.87, "Total Cost": 6868.86, "Plan Rows": 538.0, "Plan Width": 8, "Actual Rows": 4961, "Actual Loops": 1, "Inner Unique": false, "Merge Cond": "(pl.postid = c.postid)", "Plans": [{"Node Type": "Index Scan", "Parent Relationship": "Outer", "Parallel Aware": false, "Async Capable": false, "Scan Direction": "Forward", "Index Name": "idx_postlinks_postid", "Relation Name": "postlinks", "Alias": "pl", "Startup Cost": 0.29, "Total Cost": 450.8, "Plan Rows": 5967, "Plan Width": 4, "Actual Rows": 2516, "Actual Loops": 1, "Filter": "((creationdate <= '2013-10-28 16:58:26'::timestamp without time zone) AND (linktypeid = 1))", "Rows Removed by Filter": 220}, {"Node Type": "Index Scan", "Parent Relationship": "Inner", "Parallel Aware": false, "Async Capable": false, "Scan Direction": "Forward", "Index Name": "idx_comments_postid", "Relation Name": "comments", "Alias": "c", "Startup Cost": 0.42, "Total Cost": 5857.0, "Plan Rows": 149190, "Plan Width": 4, "Actual Rows": 31874, "Actual Loops": 1, "Filter": "(creationdate >= '2011-09-19 14:55:27'::timestamp without time zone)", "Rows Removed by Filter": 25976}]}, {"Node Type": "Index Scan", "Parent Relationship": "Inner", "Parallel Aware": false, "Async Capable": false, "Scan Direction": "Forward", "Index Name": "idx_votes_postid", "Relation Name": "votes", "Alias": "v", "Startup Cost": 0.42, "Total Cost": 0.59, "Plan Rows": 3, "Plan Width": 4, "Actual Rows": 9, "Actual Loops": 4961, "Index Cond": "(postid = c.postid)", "Rows Removed by Index Recheck": 0, "Filter": "(creationdate <= '2013-07-11 14:24:19'::timestamp without time zone)", "Rows Removed by Filter": 4}]}, {"Node Type": "Index Scan", "Parent Relationship": "Inner", "Parallel Aware": false, "Async Capable": false, "Scan Direction": "Forward", "Index Name": "idx_posthistory_postid", "Relation Name": "posthistory", "Alias": "ph", "Startup Cost": 0.42, "Total Cost": 9831.47, "Plan Rows": 302952, "Plan Width": 4, "Actual Rows": 426834, "Actual Loops": 1, "Filter": "(creationdate >= '2009-08-28 23:27:23'::timestamp without time zone)", "Rows Removed by Filter": 20}]}, {"Node Type": "Sort", "Parent Relationship": "Inner", "Parallel Aware": false, "Async Capable": false, "Startup Cost": 2912.58, "Total Cost": 2912.82, "Plan Rows": 95, "Plan Width": 4, "Actual Rows": 239, "Actual Loops": 1, "Sort Key": ["p.id"], "Sort Method": "quicksort", "Sort Space Used": 25, "Sort Space Type": "Memory", "Plans": [{"Node Type": "Seq Scan", "Parent Relationship": "Outer", "Parallel Aware": false, "Async Capable": false, "Relation Name": "posts", "Alias": "p", "Startup Cost": 0.0, "Total Cost": 2909.46, "Plan Rows": 95, "Plan Width": 4, "Actual Rows": 239, "Actual Loops": 1, "Filter": "((score <= 117) AND (favoritecount >= 10) AND (favoritecount <= 18) AND (creationdate >= '2009-03-24 01:51:17'::timestamp without time zone) AND (creationdate <= '2012-06-27 18:54:13'::timestamp without time zone))", "Rows Removed by Filter": 91737}]}]}]}, "Planning Time": 6.069, "Triggers": [], "Execution Time": 222.651}, {"Plan": {"Node Type": "Aggregate", "Strategy": "Plain", "Partial Mode": "Finalize", "Parallel Aware": false, "Async Capable": false, "Startup Cost": 9207.08, "Total Cost": 9207.09, "Plan Rows": 1, "Plan Width": 8, "Actual Rows": 1, "Actual Loops": 1, "Plans": [{"Node Type": "Gather", "Parent Relationship": "Outer", "Parallel Aware": false, "Async Capable": false, "Startup Cost": 9206.97, "Total Cost": 9207.08, "Plan Rows": 1, "Plan Width": 8, "Actual Rows": 2, "Actual Loops": 1, "Workers Planned": 1, "Workers Launched": 1, "Single Copy": false, "Plans": [{"Node Type": "Aggregate", "Strategy": "Plain", "Partial Mode": "Partial", "Parent Relationship": "Outer", "Parallel Aware": false, "Async Capable": false, "Startup Cost": 8206.97, "Total Cost": 8206.98, "Plan Rows": 1, "Plan Width": 8, "Actual Rows": 1, "Actual Loops": 2, "Workers": [], "Plans": [{"Node Type": "Hash Join", "Parent Relationship": "Outer", "Parallel Aware": false, "Async Capable": false, "Join Type": "Inner", "Startup Cost": 3191.23, "Total Cost": 8206.86, "Plan Rows": 559.0, "Plan Width": 0, "Actual Rows": 19513, "Actual Loops": 2, "Inner Unique": false, "Hash Cond": "(v.postid = p.id)", "Workers": [], "Plans": [{"Node Type": "Seq Scan", "Parent Relationship": "Outer", "Parallel Aware": true, "Async Capable": false, "Relation Name": "votes", "Alias": "v", "Startup Cost": 0.0, "Total Cost": 4572.24, "Plan Rows": 118128, "Plan Width": 4, "Actual Rows": 100324, "Actual Loops": 2, "Filter": "(creationdate <= '2013-07-11 14:24:19'::timestamp without time zone)", "Rows Removed by Filter": 63708, "Workers": []}, {"Node Type": "Hash", "Parent Relationship": "Inner", "Parallel Aware": false, "Async Capable": false, "Startup Cost": 3190.82, "Total Cost": 3190.82, "Plan Rows": 46.0, "Plan Width": 16, "Actual Rows": 1628, "Actual Loops": 2, "Hash Buckets": 2048, "Original Hash Buckets": 1024, "Hash Batches": 1, "Original Hash Batches": 1, "Peak Memory Usage": 93, "Workers": [], "Plans": [{"Node Type": "Nested Loop", "Parent Relationship": "Outer", "Parallel Aware": false, "Async Capable": false, "Join Type": "Inner", "Startup Cost": 2911.49, "Total Cost": 3190.82, "Plan Rows": 46.0, "Plan Width": 16, "Actual Rows": 1628, "Actual Loops": 2, "Inner Unique": false, "Join Filter": "(p.id = ph.postid)", "Rows Removed by Join Filter": 0, "Workers": [], "Plans": [{"Node Type": "Nested Loop", "Parent Relationship": "Outer", "Parallel Aware": false, "Async Capable": false, "Join Type": "Inner", "Startup Cost": 2911.07, "Total Cost": 3184.55, "Plan Rows": 30.0, "Plan Width": 12, "Actual Rows": 227, "Actual Loops": 2, "Inner Unique": false, "Join Filter": "(c.postid = p.id)", "Rows Removed by Join Filter": 0, "Workers": [], "Plans": [{"Node Type": "Hash Join", "Parent Relationship": "Outer", "Parallel Aware": false, "Async Capable": false, "Join Type": "Inner", "Startup Cost": 2910.65, "Total Cost": 3174.84, "Plan Rows": 52.0, "Plan Width": 8, "Actual Rows": 133, "Actual Loops": 2, "Inner Unique": true, "Hash Cond": "(pl.postid = p.id)", "Workers": [], "Plans": [{"Node Type": "Seq Scan", "Parent Relationship": "Outer", "Parallel Aware": false, "Async Capable": false, "Relation Name": "postlinks", "Alias": "pl", "Startup Cost": 0.0, "Total Cost": 248.53, "Plan Rows": 5967, "Plan Width": 4, "Actual Rows": 6048, "Actual Loops": 2, "Filter": "((creationdate <= '2013-10-28 16:58:26'::timestamp without time zone) AND (linktypeid = 1))", "Rows Removed by Filter": 5054, "Workers": []}, {"Node Type": "Hash", "Parent Relationship": "Inner", "Parallel Aware": false, "Async Capable": false, "Startup Cost": 2909.46, "Total Cost": 2909.46, "Plan Rows": 95, "Plan Width": 4, "Actual Rows": 239, "Actual Loops": 2, "Hash Buckets": 1024, "Original Hash Buckets": 1024, "Hash Batches": 1, "Original Hash Batches": 1, "Peak Memory Usage": 17, "Workers": [], "Plans": [{"Node Type": "Seq Scan", "Parent Relationship": "Outer", "Parallel Aware": false, "Async Capable": false, "Relation Name": "posts", "Alias": "p", "Startup Cost": 0.0, "Total Cost": 2909.46, "Plan Rows": 95, "Plan Width": 4, "Actual Rows": 239, "Actual Loops": 2, "Filter": "((score <= 117) AND (favoritecount >= 10) AND (favoritecount <= 18) AND (creationdate >= '2009-03-24 01:51:17'::timestamp without time zone) AND (creationdate <= '2012-06-27 18:54:13'::timestamp without time zone))", "Rows Removed by Filter": 91737, "Workers": []}]}]}, {"Node Type": "Index Scan", "Parent Relationship": "Inner", "Parallel Aware": false, "Async Capable": false, "Scan Direction": "Forward", "Index Name": "idx_comments_postid", "Relation Name": "comments", "Alias": "c", "Startup Cost": 0.42, "Total Cost": 1.58, "Plan Rows": 3, "Plan Width": 4, "Actual Rows": 2, "Actual Loops": 266, "Index Cond": "(postid = pl.postid)", "Rows Removed by Index Recheck": 0, "Filter": "(creationdate >= '2011-09-19 14:55:27'::timestamp without time zone)", "Rows Removed by Filter": 2, "Workers": []}]}, {"Node Type": "Index Scan", "Parent Relationship": "Inner", "Parallel Aware": false, "Async Capable": false, "Scan Direction": "Forward", "Index Name": "idx_posthistory_postid", "Relation Name": "posthistory", "Alias": "ph", "Startup Cost": 0.42, "Total Cost": 0.58, "Plan Rows": 4, "Plan Width": 4, "Actual Rows": 7, "Actual Loops": 454, "Index Cond": "(postid = c.postid)", "Rows Removed by Index Recheck": 0, "Filter": "(creationdate >= '2009-08-28 23:27:23'::timestamp without time zone)", "Rows Removed by Filter": 0, "Workers": []}]}]}]}]}]}]}, "Planning Time": 12.386, "Triggers": [], "Execution Time": 62.31}, {"Plan": {"Node Type": "Aggregate", "Strategy": "Plain", "Partial Mode": "Finalize", "Parallel Aware": false, "Async Capable": false, "Startup Cost": 7152.7, "Total Cost": 7152.71, "Plan Rows": 1, "Plan Width": 8, "Actual Rows": 1, "Actual Loops": 1, "Plans": [{"Node Type": "Gather", "Parent Relationship": "Outer", "Parallel Aware": false, "Async Capable": false, "Startup Cost": 7152.58, "Total Cost": 7152.69, "Plan Rows": 1, "Plan Width": 8, "Actual Rows": 2, "Actual Loops": 1, "Workers Planned": 1, "Workers Launched": 1, "Single Copy": false, "Plans": [{"Node Type": "Aggregate", "Strategy": "Plain", "Partial Mode": "Partial", "Parent Relationship": "Outer", "Parallel Aware": false, "Async Capable": false, "Startup Cost": 6152.58, "Total Cost": 6152.59, "Plan Rows": 1, "Plan Width": 8, "Actual Rows": 1, "Actual Loops": 2, "Workers": [], "Plans": [{"Node Type": "Hash Join", "Parent Relationship": "Outer", "Parallel Aware": false, "Async Capable": false, "Join Type": "Inner", "Startup Cost": 3197.31, "Total Cost": 6152.48, "Plan Rows": 559.0, "Plan Width": 0, "Actual Rows": 19513, "Actual Loops": 2, "Inner Unique": false, "Hash Cond": "(c.postid = p.id)", "Workers": [], "Plans": [{"Node Type": "Seq Scan", "Parent Relationship": "Outer", "Parallel Aware": true, "Async Capable": false, "Relation Name": "comments", "Alias": "c", "Startup Cost": 0.0, "Total Cost": 2625.65, "Plan Rows": 87759, "Plan Width": 4, "Actual Rows": 74618, "Actual Loops": 2, "Filter": "(creationdate >= '2011-09-19 14:55:27'::timestamp without time zone)", "Rows Removed by Filter": 12534, "Workers": []}, {"Node Type": "Hash", "Parent Relationship": "Inner", "Parallel Aware": false, "Async Capable": false, "Startup Cost": 3196.76, "Total Cost": 3196.76, "Plan Rows": 166.0, "Plan Width": 16, "Actual Rows": 21657, "Actual Loops": 2, "Hash Buckets": 32768, "Original Hash Buckets": 1024, "Hash Batches": 1, "Original Hash Batches": 1, "Peak Memory Usage": 1272, "Workers": [], "Plans": [{"Node Type": "Nested Loop", "Parent Relationship": "Outer", "Parallel Aware": false, "Async Capable": false, "Join Type": "Inner", "Startup Cost": 2911.49, "Total Cost": 3196.76, "Plan Rows": 166.0, "Plan Width": 16, "Actual Rows": 21657, "Actual Loops": 2, "Inner Unique": false, "Join Filter": "(p.id = ph.postid)", "Rows Removed by Join Filter": 0, "Workers": [], "Plans": [{"Node Type": "Nested Loop", "Parent Relationship": "Outer", "Parallel Aware": false, "Async Capable": false, "Join Type": "Inner", "Startup Cost": 2911.07, "Total Cost": 3188.86, "Plan Rows": 75.0, "Plan Width": 12, "Actual Rows": 3200, "Actual Loops": 2, "Inner Unique": false, "Join Filter": "(p.id = v.postid)", "Rows Removed by Join Filter": 0, "Workers": [], "Plans": [{"Node Type": "Hash Join", "Parent Relationship": "Outer", "Parallel Aware": false, "Async Capable": false, "Join Type": "Inner", "Startup Cost": 2910.65, "Total Cost": 3174.84, "Plan Rows": 52.0, "Plan Width": 8, "Actual Rows": 133, "Actual Loops": 2, "Inner Unique": true, "Hash Cond": "(pl.postid = p.id)", "Workers": [], "Plans": [{"Node Type": "Seq Scan", "Parent Relationship": "Outer", "Parallel Aware": false, "Async Capable": false, "Relation Name": "postlinks", "Alias": "pl", "Startup Cost": 0.0, "Total Cost": 248.53, "Plan Rows": 5967, "Plan Width": 4, "Actual Rows": 6048, "Actual Loops": 2, "Filter": "((creationdate <= '2013-10-28 16:58:26'::timestamp without time zone) AND (linktypeid = 1))", "Rows Removed by Filter": 5054, "Workers": []}, {"Node Type": "Hash", "Parent Relationship": "Inner", "Parallel Aware": false, "Async Capable": false, "Startup Cost": 2909.46, "Total Cost": 2909.46, "Plan Rows": 95, "Plan Width": 4, "Actual Rows": 239, "Actual Loops": 2, "Hash Buckets": 1024, "Original Hash Buckets": 1024, "Hash Batches": 1, "Original Hash Batches": 1, "Peak Memory Usage": 17, "Workers": [], "Plans": [{"Node Type": "Seq Scan", "Parent Relationship": "Outer", "Parallel Aware": false, "Async Capable": false, "Relation Name": "posts", "Alias": "p", "Startup Cost": 0.0, "Total Cost": 2909.46, "Plan Rows": 95, "Plan Width": 4, "Actual Rows": 239, "Actual Loops": 2, "Filter": "((score <= 117) AND (favoritecount >= 10) AND (favoritecount <= 18) AND (creationdate >= '2009-03-24 01:51:17'::timestamp without time zone) AND (creationdate <= '2012-06-27 18:54:13'::timestamp without time zone))", "Rows Removed by Filter": 91737, "Workers": []}]}]}, {"Node Type": "Index Scan", "Parent Relationship": "Inner", "Parallel Aware": false, "Async Capable": false, "Scan Direction": "Forward", "Index Name": "idx_votes_postid", "Relation Name": "votes", "Alias": "v", "Startup Cost": 0.42, "Total Cost": 2.3, "Plan Rows": 3, "Plan Width": 4, "Actual Rows": 24, "Actual Loops": 266, "Index Cond": "(postid = pl.postid)", "Rows Removed by Index Recheck": 0, "Filter": "(creationdate <= '2013-07-11 14:24:19'::timestamp without time zone)", "Rows Removed by Filter": 10, "Workers": []}]}, {"Node Type": "Index Scan", "Parent Relationship": "Inner", "Parallel Aware": false, "Async Capable": false, "Scan Direction": "Forward", "Index Name": "idx_posthistory_postid", "Relation Name": "posthistory", "Alias": "ph", "Startup Cost": 0.42, "Total Cost": 0.56, "Plan Rows": 4, "Plan Width": 4, "Actual Rows": 7, "Actual Loops": 6400, "Index Cond": "(postid = v.postid)", "Rows Removed by Index Recheck": 0, "Filter": "(creationdate >= '2009-08-28 23:27:23'::timestamp without time zone)", "Rows Removed by Filter": 0, "Workers": []}]}]}]}]}]}]}, "Planning Time": 8.615, "Triggers": [], "Execution Time": 77.992}, {"Plan": {"Node Type": "Aggregate", "Strategy": "Plain", "Partial Mode": "Simple", "Parallel Aware": false, "Async Capable": false, "Startup Cost": 10282.39, "Total Cost": 10282.4, "Plan Rows": 1, "Plan Width": 8, "Actual Rows": 1, "Actual Loops": 1, "Plans": [{"Node Type": "Hash Join", "Parent Relationship": "Outer", "Parallel Aware": false, "Async Capable": false, "Join Type": "Inner", "Startup Cost": 9305.15, "Total Cost": 10282.21, "Plan Rows": 559.0, "Plan Width": 0, "Actual Rows": 39026, "Actual Loops": 1, "Inner Unique": false, "Hash Cond": "(pl.postid = p.id)", "Plans": [{"Node Type": "Hash Join", "Parent Relationship": "Outer", "Parallel Aware": false, "Async Capable": false, "Join Type": "Inner", "Startup Cost": 5387.69, "Total Cost": 6167.99, "Plan Rows": 538.0, "Plan Width": 8, "Actual Rows": 17288, "Actual Loops": 1, "Inner Unique": false, "Hash Cond": "(pl.postid = c.postid)", "Plans": [{"Node Type": "Seq Scan", "Parent Relationship": "Outer", "Parallel Aware": false, "Async Capable": false, "Relation Name": "postlinks", "Alias": "pl", "Startup Cost": 0.0, "Total Cost": 248.53, "Plan Rows": 5967, "Plan Width": 4, "Actual Rows": 6048, "Actual Loops": 1, "Filter": "((creationdate <= '2013-10-28 16:58:26'::timestamp without time zone) AND (linktypeid = 1))", "Rows Removed by Filter": 5054}, {"Node Type": "Hash", "Parent Relationship": "Inner", "Parallel Aware": false, "Async Capable": false, "Startup Cost": 3522.81, "Total Cost": 3522.81, "Plan Rows": 149190, "Plan Width": 4, "Actual Rows": 149237, "Actual Loops": 1, "Hash Buckets": 262144, "Original Hash Buckets": 262144, "Hash Batches": 1, "Original Hash Batches": 1, "Peak Memory Usage": 7295, "Plans": [{"Node Type": "Seq Scan", "Parent Relationship": "Outer", "Parallel Aware": false, "Async Capable": false, "Relation Name": "comments", "Alias": "c", "Startup Cost": 0.0, "Total Cost": 3522.81, "Plan Rows": 149190, "Plan Width": 4, "Actual Rows": 149237, "Actual Loops": 1, "Filter": "(creationdate >= '2011-09-19 14:55:27'::timestamp without time zone)", "Rows Removed by Filter": 25068}]}]}, {"Node Type": "Hash", "Parent Relationship": "Inner", "Parallel Aware": false, "Async Capable": false, "Startup Cost": 3908.92, "Total Cost": 3908.92, "Plan Rows": 535.0, "Plan Width": 12, "Actual Rows": 37346, "Actual Loops": 1, "Hash Buckets": 65536, "Original Hash Buckets": 1024, "Hash Batches": 1, "Original Hash Batches": 1, "Peak Memory Usage": 2117, "Plans": [{"Node Type": "Nested Loop", "Parent Relationship": "Outer", "Parallel Aware": false, "Async Capable": false, "Join Type": "Inner", "Startup Cost": 0.84, "Total Cost": 3908.92, "Plan Rows": 535.0, "Plan Width": 12, "Actual Rows": 37346, "Actual Loops": 1, "Inner Unique": false, "Join Filter": "(p.id = v.postid)", "Rows Removed by Join Filter": 0, "Plans": [{"Node Type": "Nested Loop", "Parent Relationship": "Outer", "Parallel Aware": false, "Async Capable": false, "Join Type": "Inner", "Startup Cost": 0.42, "Total Cost": 3722.69, "Plan Rows": 23.0, "Plan Width": 8, "Actual Rows": 1534, "Actual Loops": 1, "Inner Unique": false, "Plans": [{"Node Type": "Seq Scan", "Parent Relationship": "Outer", "Parallel Aware": false, "Async Capable": false, "Relation Name": "posts", "Alias": "p", "Startup Cost": 0.0, "Total Cost": 2909.46, "Plan Rows": 95, "Plan Width": 4, "Actual Rows": 239, "Actual Loops": 1, "Filter": "((score <= 117) AND (favoritecount >= 10) AND (favoritecount <= 18) AND (creationdate >= '2009-03-24 01:51:17'::timestamp without time zone) AND (creationdate <= '2012-06-27 18:54:13'::timestamp without time zone))", "Rows Removed by Filter": 91737}, {"Node Type": "Index Scan", "Parent Relationship": "Inner", "Parallel Aware": false, "Async Capable": false, "Scan Direction": "Forward", "Index Name": "idx_posthistory_postid", "Relation Name": "posthistory", "Alias": "ph", "Startup Cost": 0.42, "Total Cost": 8.52, "Plan Rows": 4, "Plan Width": 4, "Actual Rows": 6, "Actual Loops": 239, "Index Cond": "(postid = p.id)", "Rows Removed by Index Recheck": 0, "Filter": "(creationdate >= '2009-08-28 23:27:23'::timestamp without time zone)", "Rows Removed by Filter": 0}]}, {"Node Type": "Index Scan", "Parent Relationship": "Inner", "Parallel Aware": false, "Async Capable": false, "Scan Direction": "Forward", "Index Name": "idx_votes_postid", "Relation Name": "votes", "Alias": "v", "Startup Cost": 0.42, "Total Cost": 0.56, "Plan Rows": 3, "Plan Width": 4, "Actual Rows": 24, "Actual Loops": 1534, "Index Cond": "(postid = ph.postid)", "Rows Removed by Index Recheck": 0, "Filter": "(creationdate <= '2013-07-11 14:24:19'::timestamp without time zone)", "Rows Removed by Filter": 9}]}]}]}]}, "Planning Time": 6.017, "Triggers": [], "Execution Time": 145.235}, {"Plan": {"Node Type": "Aggregate", "Strategy": "Plain", "Partial Mode": "Simple", "Parallel Aware": false, "Async Capable": false, "Startup Cost": 32029.75, "Total Cost": 32029.76, "Plan Rows": 1, "Plan Width": 8, "Actual Rows": 1, "Actual Loops": 1, "Plans": [{"Node Type": "Merge Join", "Parent Relationship": "Outer", "Parallel Aware": false, "Async Capable": false, "Join Type": "Inner", "Startup Cost": 2914.13, "Total Cost": 32029.57, "Plan Rows": 559.0, "Plan Width": 0, "Actual Rows": 39026, "Actual Loops": 1, "Inner Unique": false, "Merge Cond": "(p.id = v.postid)", "Plans": [{"Node Type": "Nested Loop", "Parent Relationship": "Outer", "Parallel Aware": false, "Async Capable": false, "Join Type": "Inner", "Startup Cost": 2913.29, "Total Cost": 3393.21, "Plan Rows": 8.0, "Plan Width": 12, "Actual Rows": 899, "Actual Loops": 1, "Inner Unique": false, "Join Filter": "(p.id = ph.postid)", "Rows Removed by Join Filter": 0, "Plans": [{"Node Type": "Merge Join", "Parent Relationship": "Outer", "Parallel Aware": false, "Async Capable": false, "Join Type": "Inner", "Startup Cost": 2912.87, "Total Cost": 3378.84, "Plan Rows": 52.0, "Plan Width": 8, "Actual Rows": 133, "Actual Loops": 1, "Inner Unique": true, "Merge Cond": "(pl.postid = p.id)", "Plans": [{"Node Type": "Index Scan", "Parent Relationship": "Outer", "Parallel Aware": false, "Async Capable": false, "Scan Direction": "Forward", "Index Name": "idx_postlinks_postid", "Relation Name": "postlinks", "Alias": "pl", "Startup Cost": 0.29, "Total Cost": 450.8, "Plan Rows": 5967, "Plan Width": 4, "Actual Rows": 2515, "Actual Loops": 1, "Filter": "((creationdate <= '2013-10-28 16:58:26'::timestamp without time zone) AND (linktypeid = 1))", "Rows Removed by Filter": 220}, {"Node Type": "Sort", "Parent Relationship": "Inner", "Parallel Aware": false, "Async Capable": false, "Startup Cost": 2912.58, "Total Cost": 2912.82, "Plan Rows": 95, "Plan Width": 4, "Actual Rows": 239, "Actual Loops": 1, "Sort Key": ["p.id"], "Sort Method": "quicksort", "Sort Space Used": 25, "Sort Space Type": "Memory", "Plans": [{"Node Type": "Seq Scan", "Parent Relationship": "Outer", "Parallel Aware": false, "Async Capable": false, "Relation Name": "posts", "Alias": "p", "Startup Cost": 0.0, "Total Cost": 2909.46, "Plan Rows": 95, "Plan Width": 4, "Actual Rows": 239, "Actual Loops": 1, "Filter": "((score <= 117) AND (favoritecount >= 10) AND (favoritecount <= 18) AND (creationdate >= '2009-03-24 01:51:17'::timestamp without time zone) AND (creationdate <= '2012-06-27 18:54:13'::timestamp without time zone))", "Rows Removed by Filter": 91737}]}]}, {"Node Type": "Index Scan", "Parent Relationship": "Inner", "Parallel Aware": false, "Async Capable": false, "Scan Direction": "Forward", "Index Name": "idx_posthistory_postid", "Relation Name": "posthistory", "Alias": "ph", "Startup Cost": 0.42, "Total Cost": 2.35, "Plan Rows": 4, "Plan Width": 4, "Actual Rows": 7, "Actual Loops": 133, "Index Cond": "(postid = pl.postid)", "Rows Removed by Index Recheck": 0, "Filter": "(creationdate >= '2009-08-28 23:27:23'::timestamp without time zone)", "Rows Removed by Filter": 0}]}, {"Node Type": "Materialize", "Parent Relationship": "Inner", "Parallel Aware": false, "Async Capable": false, "Startup Cost": 0.84, "Total Cost": 27433.9, "Plan Rows": 34569.0, "Plan Width": 8, "Actual Rows": 211616, "Actual Loops": 1, "Plans": [{"Node Type": "Merge Join", "Parent Relationship": "Outer", "Parallel Aware": false, "Async Capable": false, "Join Type": "Inner", "Startup Cost": 0.84, "Total Cost": 26232.53, "Plan Rows": 34569.0, "Plan Width": 8, "Actual Rows": 176246, "Actual Loops": 1, "Inner Unique": false, "Merge Cond": "(c.postid = v.postid)", "Plans": [{"Node Type": "Index Scan", "Parent Relationship": "Outer", "Parallel Aware": false, "Async Capable": false, "Scan Direction": "Forward", "Index Name": "idx_comments_postid", "Relation Name": "comments", "Alias": "c", "Startup Cost": 0.42, "Total Cost": 5857.0, "Plan Rows": 149190, "Plan Width": 4, "Actual Rows": 30216, "Actual Loops": 1, "Filter": "(creationdate >= '2011-09-19 14:55:27'::timestamp without time zone)", "Rows Removed by Filter": 25065}, {"Node Type": "Materialize", "Parent Relationship": "Inner", "Parallel Aware": false, "Async Capable": false, "Startup Cost": 0.42, "Total Cost": 13296.46, "Plan Rows": 200817, "Plan Width": 4, "Actual Rows": 257906, "Actual Loops": 1, "Plans": [{"Node Type": "Index Scan", "Parent Relationship": "Outer", "Parallel Aware": false, "Async Capable": false, "Scan Direction": "Forward", "Index Name": "idx_votes_postid", "Relation Name": "votes", "Alias": "v", "Startup Cost": 0.42, "Total Cost": 12794.42, "Plan Rows": 200817, "Plan Width": 4, "Actual Rows": 136644, "Actual Loops": 1, "Filter": "(creationdate <= '2013-07-11 14:24:19'::timestamp without time zone)", "Rows Removed by Filter": 24966}]}]}]}]}]}, "Planning Time": 5.933, "Triggers": [], "Execution Time": 261.45}, {"Plan": {"Node Type": "Aggregate", "Strategy": "Plain", "Partial Mode": "Simple", "Parallel Aware": false, "Async Capable": false, "Startup Cost": 4366.21, "Total Cost": 4366.22, "Plan Rows": 1, "Plan Width": 8, "Actual Rows": 1, "Actual Loops": 1, "Plans": [{"Node Type": "Hash Join", "Parent Relationship": "Outer", "Parallel Aware": false, "Async Capable": false, "Join Type": "Inner", "Startup Cost": 4012.36, "Total Cost": 4366.03, "Plan Rows": 559.0, "Plan Width": 0, "Actual Rows": 39026, "Actual Loops": 1, "Inner Unique": false, "Hash Cond": "(pl.postid = p.id)", "Plans": [{"Node Type": "Seq Scan", "Parent Relationship": "Outer", "Parallel Aware": false, "Async Capable": false, "Relation Name": "postlinks", "Alias": "pl", "Startup Cost": 0.0, "Total Cost": 248.53, "Plan Rows": 5967, "Plan Width": 4, "Actual Rows": 6048, "Actual Loops": 1, "Filter": "((creationdate <= '2013-10-28 16:58:26'::timestamp without time zone) AND (linktypeid = 1))", "Rows Removed by Filter": 5054}, {"Node Type": "Hash", "Parent Relationship": "Inner", "Parallel Aware": false, "Async Capable": false, "Startup Cost": 3998.52, "Total Cost": 3998.52, "Plan Rows": 2253.0, "Plan Width": 16, "Actual Rows": 52198, "Actual Loops": 1, "Hash Buckets": 65536, "Original Hash Buckets": 2048, "Hash Batches": 1, "Original Hash Batches": 1, "Peak Memory Usage": 2959, "Plans": [{"Node Type": "Nested Loop", "Parent Relationship": "Outer", "Parallel Aware": false, "Async Capable": false, "Join Type": "Inner", "Startup Cost": 1.27, "Total Cost": 3998.52, "Plan Rows": 2253.0, "Plan Width": 16, "Actual Rows": 52198, "Actual Loops": 1, "Inner Unique": false, "Join Filter": "(p.id = ph.postid)", "Rows Removed by Join Filter": 0, "Plans": [{"Node Type": "Nested Loop", "Parent Relationship": "Outer", "Parallel Aware": false, "Async Capable": false, "Join Type": "Inner", "Startup Cost": 0.84, "Total Cost": 3794.48, "Plan Rows": 713.0, "Plan Width": 12, "Actual Rows": 7281, "Actual Loops": 1, "Inner Unique": false, "Join Filter": "(p.id = v.postid)", "Rows Removed by Join Filter": 0, "Plans": [{"Node Type": "Nested Loop", "Parent Relationship": "Outer", "Parallel Aware": false, "Async Capable": false, "Join Type": "Inner", "Startup Cost": 0.42, "Total Cost": 3697.29, "Plan Rows": 28.0, "Plan Width": 8, "Actual Rows": 297, "Actual Loops": 1, "Inner Unique": false, "Plans": [{"Node Type": "Seq Scan", "Parent Relationship": "Outer", "Parallel Aware": false, "Async Capable": false, "Relation Name": "posts", "Alias": "p", "Startup Cost": 0.0, "Total Cost": 2909.46, "Plan Rows": 95, "Plan Width": 4, "Actual Rows": 239, "Actual Loops": 1, "Filter": "((score <= 117) AND (favoritecount >= 10) AND (favoritecount <= 18) AND (creationdate >= '2009-03-24 01:51:17'::timestamp without time zone) AND (creationdate <= '2012-06-27 18:54:13'::timestamp without time zone))", "Rows Removed by Filter": 91737}, {"Node Type": "Index Scan", "Parent Relationship": "Inner", "Parallel Aware": false, "Async Capable": false, "Scan Direction": "Forward", "Index Name": "idx_comments_postid", "Relation Name": "comments", "Alias": "c", "Startup Cost": 0.42, "Total Cost": 8.26, "Plan Rows": 3, "Plan Width": 4, "Actual Rows": 1, "Actual Loops": 239, "Index Cond": "(postid = p.id)", "Rows Removed by Index Recheck": 0, "Filter": "(creationdate >= '2011-09-19 14:55:27'::timestamp without time zone)", "Rows Removed by Filter": 1}]}, {"Node Type": "Index Scan", "Parent Relationship": "Inner", "Parallel Aware": false, "Async Capable": false, "Scan Direction": "Forward", "Index Name": "idx_votes_postid", "Relation Name": "votes", "Alias": "v", "Startup Cost": 0.42, "Total Cost": 0.59, "Plan Rows": 3, "Plan Width": 4, "Actual Rows": 25, "Actual Loops": 297, "Index Cond": "(postid = c.postid)", "Rows Removed by Index Recheck": 0, "Filter": "(creationdate <= '2013-07-11 14:24:19'::timestamp without time zone)", "Rows Removed by Filter": 11}]}, {"Node Type": "Index Scan", "Parent Relationship": "Inner", "Parallel Aware": false, "Async Capable": false, "Scan Direction": "Forward", "Index Name": "idx_posthistory_postid", "Relation Name": "posthistory", "Alias": "ph", "Startup Cost": 0.42, "Total Cost": 0.56, "Plan Rows": 4, "Plan Width": 4, "Actual Rows": 7, "Actual Loops": 7281, "Index Cond": "(postid = v.postid)", "Rows Removed by Index Recheck": 0, "Filter": "(creationdate >= '2009-08-28 23:27:23'::timestamp without time zone)", "Rows Removed by Filter": 0}]}]}]}]}, "Planning Time": 5.797, "Triggers": [], "Execution Time": 54.232}, {"Plan": {"Node Type": "Aggregate", "Strategy": "Plain", "Partial Mode": "Simple", "Parallel Aware": false, "Async Capable": false, "Startup Cost": 27897.92, "Total Cost": 27897.93, "Plan Rows": 1, "Plan Width": 8, "Actual Rows": 1, "Actual Loops": 1, "Plans": [{"Node Type": "Merge Join", "Parent Relationship": "Outer", "Parallel Aware": false, "Async Capable": false, "Join Type": "Inner", "Startup Cost": 3704.34, "Total Cost": 27897.74, "Plan Rows": 559.0, "Plan Width": 0, "Actual Rows": 39026, "Actual Loops": 1, "Inner Unique": false, "Merge Cond": "(pl.postid = p.id)", "Plans": [{"Node Type": "Merge Join", "Parent Relationship": "Outer", "Parallel Aware": false, "Async Capable": false, "Join Type": "Inner", "Startup Cost": 1.45, "Total Cost": 23994.37, "Plan Rows": 14310.0, "Plan Width": 12, "Actual Rows": 166195, "Actual Loops": 1, "Inner Unique": false, "Merge Cond": "(pl.postid = ph.postid)", "Plans": [{"Node Type": "Nested Loop", "Parent Relationship": "Outer", "Parallel Aware": false, "Async Capable": false, "Join Type": "Inner", "Startup Cost": 0.72, "Total Cost": 12562.55, "Plan Rows": 3340.0, "Plan Width": 8, "Actual Rows": 24084, "Actual Loops": 1, "Inner Unique": false, "Plans": [{"Node Type": "Index Scan", "Parent Relationship": "Outer", "Parallel Aware": false, "Async Capable": false, "Scan Direction": "Forward", "Index Name": "idx_postlinks_postid", "Relation Name": "postlinks", "Alias": "pl", "Startup Cost": 0.29, "Total Cost": 450.8, "Plan Rows": 5967, "Plan Width": 4, "Actual Rows": 2515, "Actual Loops": 1, "Filter": "((creationdate <= '2013-10-28 16:58:26'::timestamp without time zone) AND (linktypeid = 1))", "Rows Removed by Filter": 220}, {"Node Type": "Memoize", "Parent Relationship": "Inner", "Parallel Aware": false, "Async Capable": false, "Startup Cost": 0.43, "Total Cost": 2.31, "Plan Rows": 3, "Plan Width": 4, "Actual Rows": 10, "Actual Loops": 2515, "Cache Key": "pl.postid", "Cache Mode": "logical", "Cache Hits": 578, "Cache Misses": 1937, "Cache Evictions": 0, "Cache Overflows": 0, "Peak Memory Usage": 734, "Plans": [{"Node Type": "Index Scan", "Parent Relationship": "Outer", "Parallel Aware": false, "Async Capable": false, "Scan Direction": "Forward", "Index Name": "idx_votes_postid", "Relation Name": "votes", "Alias": "v", "Startup Cost": 0.42, "Total Cost": 2.3, "Plan Rows": 3, "Plan Width": 4, "Actual Rows": 9, "Actual Loops": 1937, "Index Cond": "(postid = pl.postid)", "Rows Removed by Index Recheck": 0, "Filter": "(creationdate <= '2013-07-11 14:24:19'::timestamp without time zone)", "Rows Removed by Filter": 3}]}]}, {"Node Type": "Index Scan", "Parent Relationship": "Inner", "Parallel Aware": false, "Async Capable": false, "Scan Direction": "Forward", "Index Name": "idx_posthistory_postid", "Relation Name": "posthistory", "Alias": "ph", "Startup Cost": 0.42, "Total Cost": 9831.47, "Plan Rows": 302952, "Plan Width": 4, "Actual Rows": 243362, "Actual Loops": 1, "Filter": "(creationdate >= '2009-08-28 23:27:23'::timestamp without time zone)", "Rows Removed by Filter": 20}]}, {"Node Type": "Sort", "Parent Relationship": "Inner", "Parallel Aware": false, "Async Capable": false, "Startup Cost": 3702.89, "Total Cost": 3703.27, "Plan Rows": 28.0, "Plan Width": 8, "Actual Rows": 39178, "Actual Loops": 1, "Sort Key": ["c.postid"], "Sort Method": "quicksort", "Sort Space Used": 34, "Sort Space Type": "Memory", "Plans": [{"Node Type": "Nested Loop", "Parent Relationship": "Outer", "Parallel Aware": false, "Async Capable": false, "Join Type": "Inner", "Startup Cost": 0.42, "Total Cost": 3697.29, "Plan Rows": 28.0, "Plan Width": 8, "Actual Rows": 297, "Actual Loops": 1, "Inner Unique": false, "Plans": [{"Node Type": "Seq Scan", "Parent Relationship": "Outer", "Parallel Aware": false, "Async Capable": false, "Relation Name": "posts", "Alias": "p", "Startup Cost": 0.0, "Total Cost": 2909.46, "Plan Rows": 95, "Plan Width": 4, "Actual Rows": 239, "Actual Loops": 1, "Filter": "((score <= 117) AND (favoritecount >= 10) AND (favoritecount <= 18) AND (creationdate >= '2009-03-24 01:51:17'::timestamp without time zone) AND (creationdate <= '2012-06-27 18:54:13'::timestamp without time zone))", "Rows Removed by Filter": 91737}, {"Node Type": "Index Scan", "Parent Relationship": "Inner", "Parallel Aware": false, "Async Capable": false, "Scan Direction": "Forward", "Index Name": "idx_comments_postid", "Relation Name": "comments", "Alias": "c", "Startup Cost": 0.42, "Total Cost": 8.26, "Plan Rows": 3, "Plan Width": 4, "Actual Rows": 1, "Actual Loops": 239, "Index Cond": "(postid = p.id)", "Rows Removed by Index Recheck": 0, "Filter": "(creationdate >= '2011-09-19 14:55:27'::timestamp without time zone)", "Rows Removed by Filter": 1}]}]}]}]}, "Planning Time": 5.938, "Triggers": [], "Execution Time": 172.096}, {"Plan": {"Node Type": "Aggregate", "Strategy": "Plain", "Partial Mode": "Finalize", "Parallel Aware": false, "Async Capable": false, "Startup Cost": 42822.18, "Total Cost": 42822.19, "Plan Rows": 1, "Plan Width": 8, "Actual Rows": 1, "Actual Loops": 1, "Plans": [{"Node Type": "Gather", "Parent Relationship": "Outer", "Parallel Aware": false, "Async Capable": false, "Startup Cost": 42822.07, "Total Cost": 42822.18, "Plan Rows": 1, "Plan Width": 8, "Actual Rows": 2, "Actual Loops": 1, "Workers Planned": 1, "Workers Launched": 1, "Single Copy": false, "Plans": [{"Node Type": "Aggregate", "Strategy": "Plain", "Partial Mode": "Partial", "Parent Relationship": "Outer", "Parallel Aware": false, "Async Capable": false, "Startup Cost": 41822.07, "Total Cost": 41822.08, "Plan Rows": 1, "Plan Width": 8, "Actual Rows": 1, "Actual Loops": 2, "Workers": [], "Plans": [{"Node Type": "Hash Join", "Parent Relationship": "Outer", "Parallel Aware": false, "Async Capable": false, "Join Type": "Inner", "Startup Cost": 21647.43, "Total Cost": 41821.96, "Plan Rows": 559.0, "Plan Width": 0, "Actual Rows": 19513, "Actual Loops": 2, "Inner Unique": false, "Hash Cond": "(v.postid = p.id)", "Workers": [], "Plans": [{"Node Type": "Hash Join", "Parent Relationship": "Outer", "Parallel Aware": true, "Async Capable": false, "Join Type": "Inner", "Startup Cost": 18472.51, "Total Cost": 35389.34, "Plan Rows": 117120.0, "Plan Width": 12, "Actual Rows": 817759, "Actual Loops": 2, "Inner Unique": false, "Hash Cond": "(v.postid = ph.postid)", "Workers": [], "Plans": [{"Node Type": "Seq Scan", "Parent Relationship": "Outer", "Parallel Aware": true, "Async Capable": false, "Relation Name": "votes", "Alias": "v", "Startup Cost": 0.0, "Total Cost": 4572.24, "Plan Rows": 118128, "Plan Width": 4, "Actual Rows": 100324, "Actual Loops": 2, "Filter": "(creationdate <= '2013-07-11 14:24:19'::timestamp without time zone)", "Rows Removed by Filter": 63708, "Workers": []}, {"Node Type": "Hash", "Parent Relationship": "Inner", "Parallel Aware": true, "Async Capable": false, "Startup Cost": 14264.61, "Total Cost": 14264.61, "Plan Rows": 6304.0, "Plan Width": 8, "Actual Rows": 306110, "Actual Loops": 2, "Hash Buckets": 1048576, "Original Hash Buckets": 1048576, "Hash Batches": 1, "Original Hash Batches": 1, "Peak Memory Usage": 32160, "Workers": [], "Plans": [{"Node Type": "Hash Join", "Parent Relationship": "Outer", "Parallel Aware": true, "Async Capable": false, "Join Type": "Inner", "Startup Cost": 6696.9, "Total Cost": 14264.61, "Plan Rows": 6304.0, "Plan Width": 8, "Actual Rows": 306110, "Actual Loops": 2, "Inner Unique": false, "Hash Cond": "(c.postid = ph.postid)", "Workers": [], "Plans": [{"Node Type": "Seq Scan", "Parent Relationship": "Outer", "Parallel Aware": true, "Async Capable": false, "Relation Name": "comments", "Alias": "c", "Startup Cost": 0.0, "Total Cost": 2625.65, "Plan Rows": 87759, "Plan Width": 4, "Actual Rows": 74618, "Actual Loops": 2, "Filter": "(creationdate >= '2011-09-19 14:55:27'::timestamp without time zone)", "Rows Removed by Filter": 12534, "Workers": []}, {"Node Type": "Hash", "Parent Relationship": "Inner", "Parallel Aware": true, "Async Capable": false, "Startup Cost": 4469.32, "Total Cost": 4469.32, "Plan Rows": 178207, "Plan Width": 4, "Actual Rows": 151584, "Actual Loops": 2, "Hash Buckets": 524288, "Original Hash Buckets": 524288, "Hash Batches": 1, "Original Hash Batches": 1, "Peak Memory Usage": 15968, "Workers": [], "Plans": [{"Node Type": "Seq Scan", "Parent Relationship": "Outer", "Parallel Aware": true, "Async Capable": false, "Relation Name": "posthistory", "Alias": "ph", "Startup Cost": 0.0, "Total Cost": 4469.32, "Plan Rows": 178207, "Plan Width": 4, "Actual Rows": 151584, "Actual Loops": 2, "Filter": "(creationdate >= '2009-08-28 23:27:23'::timestamp without time zone)", "Rows Removed by Filter": 10, "Workers": []}]}]}]}]}, {"Node Type": "Hash", "Parent Relationship": "Inner", "Parallel Aware": false, "Async Capable": false, "Startup Cost": 3174.84, "Total Cost": 3174.84, "Plan Rows": 52.0, "Plan Width": 8, "Actual Rows": 133, "Actual Loops": 2, "Hash Buckets": 1024, "Original Hash Buckets": 1024, "Hash Batches": 1, "Original Hash Batches": 1, "Peak Memory Usage": 14, "Workers": [], "Plans": [{"Node Type": "Hash Join", "Parent Relationship": "Outer", "Parallel Aware": false, "Async Capable": false, "Join Type": "Inner", "Startup Cost": 2910.65, "Total Cost": 3174.84, "Plan Rows": 52.0, "Plan Width": 8, "Actual Rows": 133, "Actual Loops": 2, "Inner Unique": true, "Hash Cond": "(pl.postid = p.id)", "Workers": [], "Plans": [{"Node Type": "Seq Scan", "Parent Relationship": "Outer", "Parallel Aware": false, "Async Capable": false, "Relation Name": "postlinks", "Alias": "pl", "Startup Cost": 0.0, "Total Cost": 248.53, "Plan Rows": 5967, "Plan Width": 4, "Actual Rows": 6048, "Actual Loops": 2, "Filter": "((creationdate <= '2013-10-28 16:58:26'::timestamp without time zone) AND (linktypeid = 1))", "Rows Removed by Filter": 5054, "Workers": []}, {"Node Type": "Hash", "Parent Relationship": "Inner", "Parallel Aware": false, "Async Capable": false, "Startup Cost": 2909.46, "Total Cost": 2909.46, "Plan Rows": 95, "Plan Width": 4, "Actual Rows": 239, "Actual Loops": 2, "Hash Buckets": 1024, "Original Hash Buckets": 1024, "Hash Batches": 1, "Original Hash Batches": 1, "Peak Memory Usage": 17, "Workers": [], "Plans": [{"Node Type": "Seq Scan", "Parent Relationship": "Outer", "Parallel Aware": false, "Async Capable": false, "Relation Name": "posts", "Alias": "p", "Startup Cost": 0.0, "Total Cost": 2909.46, "Plan Rows": 95, "Plan Width": 4, "Actual Rows": 239, "Actual Loops": 2, "Filter": "((score <= 117) AND (favoritecount >= 10) AND (favoritecount <= 18) AND (creationdate >= '2009-03-24 01:51:17'::timestamp without time zone) AND (creationdate <= '2012-06-27 18:54:13'::timestamp without time zone))", "Rows Removed by Filter": 91737, "Workers": []}]}]}]}]}]}]}]}, "Planning Time": 6.441, "Triggers": [], "Execution Time": 576.782}, {"Plan": {"Node Type": "Aggregate", "Strategy": "Plain", "Partial Mode": "Simple", "Parallel Aware": false, "Async Capable": false, "Startup Cost": 21656.07, "Total Cost": 21656.08, "Plan Rows": 1, "Plan Width": 8, "Actual Rows": 1, "Actual Loops": 1, "Plans": [{"Node Type": "Hash Join", "Parent Relationship": "Outer", "Parallel Aware": false, "Async Capable": false, "Join Type": "Inner", "Startup Cost": 17879.95, "Total Cost": 21655.89, "Plan Rows": 559.0, "Plan Width": 0, "Actual Rows": 39026, "Actual Loops": 1, "Inner Unique": false, "Hash Cond": "(p.id = pl.postid)", "Plans": [{"Node Type": "Nested Loop", "Parent Relationship": "Outer", "Parallel Aware": false, "Async Capable": false, "Join Type": "Inner", "Startup Cost": 0.42, "Total Cost": 3722.69, "Plan Rows": 23.0, "Plan Width": 8, "Actual Rows": 1534, "Actual Loops": 1, "Inner Unique": false, "Plans": [{"Node Type": "Seq Scan", "Parent Relationship": "Outer", "Parallel Aware": false, "Async Capable": false, "Relation Name": "posts", "Alias": "p", "Startup Cost": 0.0, "Total Cost": 2909.46, "Plan Rows": 95, "Plan Width": 4, "Actual Rows": 239, "Actual Loops": 1, "Filter": "((score <= 117) AND (favoritecount >= 10) AND (favoritecount <= 18) AND (creationdate >= '2009-03-24 01:51:17'::timestamp without time zone) AND (creationdate <= '2012-06-27 18:54:13'::timestamp without time zone))", "Rows Removed by Filter": 91737}, {"Node Type": "Index Scan", "Parent Relationship": "Inner", "Parallel Aware": false, "Async Capable": false, "Scan Direction": "Forward", "Index Name": "idx_posthistory_postid", "Relation Name": "posthistory", "Alias": "ph", "Startup Cost": 0.42, "Total Cost": 8.52, "Plan Rows": 4, "Plan Width": 4, "Actual Rows": 6, "Actual Loops": 239, "Index Cond": "(postid = p.id)", "Rows Removed by Index Recheck": 0, "Filter": "(creationdate >= '2009-08-28 23:27:23'::timestamp without time zone)", "Rows Removed by Filter": 0}]}, {"Node Type": "Hash", "Parent Relationship": "Inner", "Parallel Aware": false, "Async Capable": false, "Startup Cost": 17132.95, "Total Cost": 17132.95, "Plan Rows": 14154.0, "Plan Width": 12, "Actual Rows": 89543, "Actual Loops": 1, "Hash Buckets": 131072, "Original Hash Buckets": 65536, "Hash Batches": 1, "Original Hash Batches": 1, "Peak Memory Usage": 4872, "Plans": [{"Node Type": "Nested Loop", "Parent Relationship": "Outer", "Parallel Aware": false, "Async Capable": false, "Join Type": "Inner", "Startup Cost": 5388.11, "Total Cost": 17132.95, "Plan Rows": 14154.0, "Plan Width": 12, "Actual Rows": 89543, "Actual Loops": 1, "Inner Unique": false, "Join Filter": "(pl.postid = v.postid)", "Rows Removed by Join Filter": 0, "Plans": [{"Node Type": "Hash Join", "Parent Relationship": "Outer", "Parallel Aware": false, "Async Capable": false, "Join Type": "Inner", "Startup Cost": 5387.69, "Total Cost": 6167.99, "Plan Rows": 538.0, "Plan Width": 8, "Actual Rows": 17288, "Actual Loops": 1, "Inner Unique": false, "Hash Cond": "(pl.postid = c.postid)", "Plans": [{"Node Type": "Seq Scan", "Parent Relationship": "Outer", "Parallel Aware": false, "Async Capable": false, "Relation Name": "postlinks", "Alias": "pl", "Startup Cost": 0.0, "Total Cost": 248.53, "Plan Rows": 5967, "Plan Width": 4, "Actual Rows": 6048, "Actual Loops": 1, "Filter": "((creationdate <= '2013-10-28 16:58:26'::timestamp without time zone) AND (linktypeid = 1))", "Rows Removed by Filter": 5054}, {"Node Type": "Hash", "Parent Relationship": "Inner", "Parallel Aware": false, "Async Capable": false, "Startup Cost": 3522.81, "Total Cost": 3522.81, "Plan Rows": 149190, "Plan Width": 4, "Actual Rows": 149237, "Actual Loops": 1, "Hash Buckets": 262144, "Original Hash Buckets": 262144, "Hash Batches": 1, "Original Hash Batches": 1, "Peak Memory Usage": 7295, "Plans": [{"Node Type": "Seq Scan", "Parent Relationship": "Outer", "Parallel Aware": false, "Async Capable": false, "Relation Name": "comments", "Alias": "c", "Startup Cost": 0.0, "Total Cost": 3522.81, "Plan Rows": 149190, "Plan Width": 4, "Actual Rows": 149237, "Actual Loops": 1, "Filter": "(creationdate >= '2011-09-19 14:55:27'::timestamp without time zone)", "Rows Removed by Filter": 25068}]}]}, {"Node Type": "Index Scan", "Parent Relationship": "Inner", "Parallel Aware": false, "Async Capable": false, "Scan Direction": "Forward", "Index Name": "idx_votes_postid", "Relation Name": "votes", "Alias": "v", "Startup Cost": 0.42, "Total Cost": 0.59, "Plan Rows": 3, "Plan Width": 4, "Actual Rows": 5, "Actual Loops": 17288, "Index Cond": "(postid = c.postid)", "Rows Removed by Index Recheck": 0, "Filter": "(creationdate <= '2013-07-11 14:24:19'::timestamp without time zone)", "Rows Removed by Filter": 3}]}]}]}]}, "Planning Time": 6.069, "Triggers": [], "Execution Time": 231.156}, {"Plan": {"Node Type": "Aggregate", "Strategy": "Plain", "Partial Mode": "Finalize", "Parallel Aware": false, "Async Capable": false, "Startup Cost": 23870.38, "Total Cost": 23870.39, "Plan Rows": 1, "Plan Width": 8, "Actual Rows": 1, "Actual Loops": 1, "Plans": [{"Node Type": "Gather", "Parent Relationship": "Outer", "Parallel Aware": false, "Async Capable": false, "Startup Cost": 23870.27, "Total Cost": 23870.38, "Plan Rows": 1, "Plan Width": 8, "Actual Rows": 2, "Actual Loops": 1, "Workers Planned": 1, "Workers Launched": 1, "Single Copy": false, "Plans": [{"Node Type": "Aggregate", "Strategy": "Plain", "Partial Mode": "Partial", "Parent Relationship": "Outer", "Parallel Aware": false, "Async Capable": false, "Startup Cost": 22870.27, "Total Cost": 22870.28, "Plan Rows": 1, "Plan Width": 8, "Actual Rows": 1, "Actual Loops": 2, "Workers": [], "Plans": [{"Node Type": "Hash Join", "Parent Relationship": "Outer", "Parallel Aware": false, "Async Capable": false, "Join Type": "Inner", "Startup Cost": 9881.58, "Total Cost": 22870.16, "Plan Rows": 559.0, "Plan Width": 0, "Actual Rows": 19513, "Actual Loops": 2, "Inner Unique": false, "Hash Cond": "(v.postid = p.id)", "Workers": [], "Plans": [{"Node Type": "Hash Join", "Parent Relationship": "Outer", "Parallel Aware": true, "Async Capable": false, "Join Type": "Inner", "Startup Cost": 6696.9, "Total Cost": 17960.71, "Plan Rows": 42569.0, "Plan Width": 8, "Actual Rows": 397953, "Actual Loops": 2, "Inner Unique": false, "Hash Cond": "(v.postid = ph.postid)", "Workers": [], "Plans": [{"Node Type": "Seq Scan", "Parent Relationship": "Outer", "Parallel Aware": true, "Async Capable": false, "Relation Name": "votes", "Alias": "v", "Startup Cost": 0.0, "Total Cost": 4572.24, "Plan Rows": 118128, "Plan Width": 4, "Actual Rows": 100324, "Actual Loops": 2, "Filter": "(creationdate <= '2013-07-11 14:24:19'::timestamp without time zone)", "Rows Removed by Filter": 63708, "Workers": []}, {"Node Type": "Hash", "Parent Relationship": "Inner", "Parallel Aware": true, "Async Capable": false, "Startup Cost": 4469.32, "Total Cost": 4469.32, "Plan Rows": 178207, "Plan Width": 4, "Actual Rows": 151584, "Actual Loops": 2, "Hash Buckets": 524288, "Original Hash Buckets": 524288, "Hash Batches": 1, "Original Hash Batches": 1, "Peak Memory Usage": 16000, "Workers": [], "Plans": [{"Node Type": "Seq Scan", "Parent Relationship": "Outer", "Parallel Aware": true, "Async Capable": false, "Relation Name": "posthistory", "Alias": "ph", "Startup Cost": 0.0, "Total Cost": 4469.32, "Plan Rows": 178207, "Plan Width": 4, "Actual Rows": 151584, "Actual Loops": 2, "Filter": "(creationdate >= '2009-08-28 23:27:23'::timestamp without time zone)", "Rows Removed by Filter": 10, "Workers": []}]}]}, {"Node Type": "Hash", "Parent Relationship": "Inner", "Parallel Aware": false, "Async Capable": false, "Startup Cost": 3184.55, "Total Cost": 3184.55, "Plan Rows": 30.0, "Plan Width": 12, "Actual Rows": 227, "Actual Loops": 2, "Hash Buckets": 1024, "Original Hash Buckets": 1024, "Hash Batches": 1, "Original Hash Batches": 1, "Peak Memory Usage": 18, "Workers": [], "Plans": [{"Node Type": "Nested Loop", "Parent Relationship": "Outer", "Parallel Aware": false, "Async Capable": false, "Join Type": "Inner", "Startup Cost": 2911.07, "Total Cost": 3184.55, "Plan Rows": 30.0, "Plan Width": 12, "Actual Rows": 227, "Actual Loops": 2, "Inner Unique": false, "Join Filter": "(c.postid = p.id)", "Rows Removed by Join Filter": 0, "Workers": [], "Plans": [{"Node Type": "Hash Join", "Parent Relationship": "Outer", "Parallel Aware": false, "Async Capable": false, "Join Type": "Inner", "Startup Cost": 2910.65, "Total Cost": 3174.84, "Plan Rows": 52.0, "Plan Width": 8, "Actual Rows": 133, "Actual Loops": 2, "Inner Unique": true, "Hash Cond": "(pl.postid = p.id)", "Workers": [], "Plans": [{"Node Type": "Seq Scan", "Parent Relationship": "Outer", "Parallel Aware": false, "Async Capable": false, "Relation Name": "postlinks", "Alias": "pl", "Startup Cost": 0.0, "Total Cost": 248.53, "Plan Rows": 5967, "Plan Width": 4, "Actual Rows": 6048, "Actual Loops": 2, "Filter": "((creationdate <= '2013-10-28 16:58:26'::timestamp without time zone) AND (linktypeid = 1))", "Rows Removed by Filter": 5054, "Workers": []}, {"Node Type": "Hash", "Parent Relationship": "Inner", "Parallel Aware": false, "Async Capable": false, "Startup Cost": 2909.46, "Total Cost": 2909.46, "Plan Rows": 95, "Plan Width": 4, "Actual Rows": 239, "Actual Loops": 2, "Hash Buckets": 1024, "Original Hash Buckets": 1024, "Hash Batches": 1, "Original Hash Batches": 1, "Peak Memory Usage": 17, "Workers": [], "Plans": [{"Node Type": "Seq Scan", "Parent Relationship": "Outer", "Parallel Aware": false, "Async Capable": false, "Relation Name": "posts", "Alias": "p", "Startup Cost": 0.0, "Total Cost": 2909.46, "Plan Rows": 95, "Plan Width": 4, "Actual Rows": 239, "Actual Loops": 2, "Filter": "((score <= 117) AND (favoritecount >= 10) AND (favoritecount <= 18) AND (creationdate >= '2009-03-24 01:51:17'::timestamp without time zone) AND (creationdate <= '2012-06-27 18:54:13'::timestamp without time zone))", "Rows Removed by Filter": 91737, "Workers": []}]}]}, {"Node Type": "Index Scan", "Parent Relationship": "Inner", "Parallel Aware": false, "Async Capable": false, "Scan Direction": "Forward", "Index Name": "idx_comments_postid", "Relation Name": "comments", "Alias": "c", "Startup Cost": 0.42, "Total Cost": 1.58, "Plan Rows": 3, "Plan Width": 4, "Actual Rows": 2, "Actual Loops": 266, "Index Cond": "(postid = pl.postid)", "Rows Removed by Index Recheck": 0, "Filter": "(creationdate >= '2011-09-19 14:55:27'::timestamp without time zone)", "Rows Removed by Filter": 2, "Workers": []}]}]}]}]}]}]}, "Planning Time": 11.181, "Triggers": [], "Execution Time": 304.494}, {"Plan": {"Node Type": "Aggregate", "Strategy": "Plain", "Partial Mode": "Simple", "Parallel Aware": false, "Async Capable": false, "Startup Cost": 34951.84, "Total Cost": 34951.85, "Plan Rows": 1, "Plan Width": 8, "Actual Rows": 1, "Actual Loops": 1, "Plans": [{"Node Type": "Merge Join", "Parent Relationship": "Outer", "Parallel Aware": false, "Async Capable": false, "Join Type": "Inner", "Startup Cost": 2914.61, "Total Cost": 34951.66, "Plan Rows": 559.0, "Plan Width": 0, "Actual Rows": 39026, "Actual Loops": 1, "Inner Unique": false, "Merge Cond": "(p.id = pl.postid)", "Plans": [{"Node Type": "Sort", "Parent Relationship": "Outer", "Parallel Aware": false, "Async Capable": false, "Startup Cost": 2912.58, "Total Cost": 2912.82, "Plan Rows": 95, "Plan Width": 4, "Actual Rows": 239, "Actual Loops": 1, "Sort Key": ["p.id"], "Sort Method": "quicksort", "Sort Space Used": 25, "Sort Space Type": "Memory", "Plans": [{"Node Type": "Seq Scan", "Parent Relationship": "Outer", "Parallel Aware": false, "Async Capable": false, "Relation Name": "posts", "Alias": "p", "Startup Cost": 0.0, "Total Cost": 2909.46, "Plan Rows": 95, "Plan Width": 4, "Actual Rows": 239, "Actual Loops": 1, "Filter": "((score <= 117) AND (favoritecount >= 10) AND (favoritecount <= 18) AND (creationdate >= '2009-03-24 01:51:17'::timestamp without time zone) AND (creationdate <= '2012-06-27 18:54:13'::timestamp without time zone))", "Rows Removed by Filter": 91737}]}, {"Node Type": "Materialize", "Parent Relationship": "Inner", "Parallel Aware": false, "Async Capable": false, "Startup Cost": 2.03, "Total Cost": 31458.53, "Plan Rows": 37146.0, "Plan Width": 16, "Actual Rows": 344104, "Actual Loops": 1, "Plans": [{"Node Type": "Merge Join", "Parent Relationship": "Outer", "Parallel Aware": false, "Async Capable": false, "Join Type": "Inner", "Startup Cost": 2.03, "Total Cost": 30880.86, "Plan Rows": 37146.0, "Plan Width": 16, "Actual Rows": 344104, "Actual Loops": 1, "Inner Unique": false, "Merge Cond": "(pl.postid = ph.postid)", "Plans": [{"Node Type": "Nested Loop", "Parent Relationship": "Outer", "Parallel Aware": false, "Async Capable": false, "Join Type": "Inner", "Startup Cost": 1.29, "Total Cost": 17833.83, "Plan Rows": 14154.0, "Plan Width": 12, "Actual Rows": 46862, "Actual Loops": 1, "Inner Unique": false, "Join Filter": "(pl.postid = v.postid)", "Rows Removed by Join Filter": 0, "Plans": [{"Node Type": "Merge Join", "Parent Relationship": "Outer", "Parallel Aware": false, "Async Capable": false, "Join Type": "Inner", "Startup Cost": 0.87, "Total Cost": 6868.86, "Plan Rows": 538.0, "Plan Width": 8, "Actual Rows": 4961, "Actual Loops": 1, "Inner Unique": false, "Merge Cond": "(pl.postid = c.postid)", "Plans": [{"Node Type": "Index Scan", "Parent Relationship": "Outer", "Parallel Aware": false, "Async Capable": false, "Scan Direction": "Forward", "Index Name": "idx_postlinks_postid", "Relation Name": "postlinks", "Alias": "pl", "Startup Cost": 0.29, "Total Cost": 450.8, "Plan Rows": 5967, "Plan Width": 4, "Actual Rows": 2516, "Actual Loops": 1, "Filter": "((creationdate <= '2013-10-28 16:58:26'::timestamp without time zone) AND (linktypeid = 1))", "Rows Removed by Filter": 220}, {"Node Type": "Index Scan", "Parent Relationship": "Inner", "Parallel Aware": false, "Async Capable": false, "Scan Direction": "Forward", "Index Name": "idx_comments_postid", "Relation Name": "comments", "Alias": "c", "Startup Cost": 0.42, "Total Cost": 5857.0, "Plan Rows": 149190, "Plan Width": 4, "Actual Rows": 31874, "Actual Loops": 1, "Filter": "(creationdate >= '2011-09-19 14:55:27'::timestamp without time zone)", "Rows Removed by Filter": 25976}]}, {"Node Type": "Index Scan", "Parent Relationship": "Inner", "Parallel Aware": false, "Async Capable": false, "Scan Direction": "Forward", "Index Name": "idx_votes_postid", "Relation Name": "votes", "Alias": "v", "Startup Cost": 0.42, "Total Cost": 0.59, "Plan Rows": 3, "Plan Width": 4, "Actual Rows": 9, "Actual Loops": 4961, "Index Cond": "(postid = c.postid)", "Rows Removed by Index Recheck": 0, "Filter": "(creationdate <= '2013-07-11 14:24:19'::timestamp without time zone)", "Rows Removed by Filter": 4}]}, {"Node Type": "Index Scan", "Parent Relationship": "Inner", "Parallel Aware": false, "Async Capable": false, "Scan Direction": "Forward", "Index Name": "idx_posthistory_postid", "Relation Name": "posthistory", "Alias": "ph", "Startup Cost": 0.42, "Total Cost": 9831.47, "Plan Rows": 302952, "Plan Width": 4, "Actual Rows": 426834, "Actual Loops": 1, "Filter": "(creationdate >= '2009-08-28 23:27:23'::timestamp without time zone)", "Rows Removed by Filter": 20}]}]}]}]}, "Planning Time": 6.021, "Triggers": [], "Execution Time": 304.021}]