[{"Plan": {"Node Type": "Aggregate", "Strategy": "Plain", "Partial Mode": "Simple", "Parallel Aware": false, "Async Capable": false, "Startup Cost": 3543.91, "Total Cost": 3543.92, "Plan Rows": 1, "Plan Width": 8, "Actual Rows": 1, "Actual Loops": 1, "Plans": [{"Node Type": "Nested Loop", "Parent Relationship": "Outer", "Parallel Aware": false, "Async Capable": false, "Join Type": "Inner", "Startup Cost": 0.29, "Total Cost": 3539.51, "Plan Rows": 2789.0, "Plan Width": 0, "Actual Rows": 715, "Actual Loops": 1, "Inner Unique": false, "Plans": [{"Node Type": "Seq Scan", "Parent Relationship": "Outer", "Parallel Aware": false, "Async Capable": false, "Relation Name": "posts", "Alias": "p", "Startup Cost": 0.0, "Total Cost": 2679.52, "Plan Rows": 85, "Plan Width": 4, "Actual Rows": 109, "Actual Loops": 1, "Filter": "((answercount >= 1) AND (answercount <= 62) AND (commentcount >= 16) AND (commentcount <= 41))", "Rows Removed by Filter": 91867}, {"Node Type": "Index Scan", "Parent Relationship": "Inner", "Parallel Aware": false, "Async Capable": false, "Scan Direction": "Forward", "Index Name": "idx_badges_userid", "Relation Name": "badges", "Alias": "b", "Startup Cost": 0.29, "Total Cost": 10.1, "Plan Rows": 2, "Plan Width": 4, "Actual Rows": 7, "Actual Loops": 109, "Index Cond": "(userid = p.owneruserid)", "Rows Removed by Index Recheck": 0, "Filter": "(date <= '2013-07-17 06:56:48'::timestamp without time zone)", "Rows Removed by Filter": 6}]}]}, "Planning Time": 0.455, "Triggers": [], "Execution Time": 7.936}, {"Plan": {"Node Type": "Aggregate", "Strategy": "Plain", "Partial Mode": "Simple", "Parallel Aware": false, "Async Capable": false, "Startup Cost": 5885.29, "Total Cost": 5885.3, "Plan Rows": 1, "Plan Width": 8, "Actual Rows": 1, "Actual Loops": 1, "Plans": [{"Node Type": "Merge Join", "Parent Relationship": "Outer", "Parallel Aware": false, "Async Capable": false, "Join Type": "Inner", "Startup Cost": 2682.54, "Total Cost": 5880.89, "Plan Rows": 2789.0, "Plan Width": 0, "Actual Rows": 715, "Actual Loops": 1, "Inner Unique": false, "Merge Cond": "(b.userid = p.owneruserid)", "Plans": [{"Node Type": "Index Scan", "Parent Relationship": "Outer", "Parallel Aware": false, "Async Capable": false, "Scan Direction": "Forward", "Index Name": "idx_badges_userid", "Relation Name": "badges", "Alias": "b", "Startup Cost": 0.29, "Total Cost": 3064.97, "Plan Rows": 42919, "Plan Width": 4, "Actual Rows": 42911, "Actual Loops": 1, "Filter": "(date <= '2013-07-17 06:56:48'::timestamp without time zone)", "Rows Removed by Filter": 36940}, {"Node Type": "Sort", "Parent Relationship": "Inner", "Parallel Aware": false, "Async Capable": false, "Startup Cost": 2682.24, "Total Cost": 2682.46, "Plan Rows": 85, "Plan Width": 4, "Actual Rows": 718, "Actual Loops": 1, "Sort Key": ["p.owneruserid"], "Sort Method": "quicksort", "Sort Space Used": 25, "Sort Space Type": "Memory", "Plans": [{"Node Type": "Seq Scan", "Parent Relationship": "Outer", "Parallel Aware": false, "Async Capable": false, "Relation Name": "posts", "Alias": "p", "Startup Cost": 0.0, "Total Cost": 2679.52, "Plan Rows": 85, "Plan Width": 4, "Actual Rows": 109, "Actual Loops": 1, "Filter": "((answercount >= 1) AND (answercount <= 62) AND (commentcount >= 16) AND (commentcount <= 41))", "Rows Removed by Filter": 91867}]}]}]}, "Planning Time": 0.744, "Triggers": [], "Execution Time": 37.739}, {"Plan": {"Node Type": "Aggregate", "Strategy": "Plain", "Partial Mode": "Simple", "Parallel Aware": false, "Async Capable": false, "Startup Cost": 3543.91, "Total Cost": 3543.92, "Plan Rows": 1, "Plan Width": 8, "Actual Rows": 1, "Actual Loops": 1, "Plans": [{"Node Type": "Nested Loop", "Parent Relationship": "Outer", "Parallel Aware": false, "Async Capable": false, "Join Type": "Inner", "Startup Cost": 0.29, "Total Cost": 3539.51, "Plan Rows": 2789.0, "Plan Width": 0, "Actual Rows": 715, "Actual Loops": 1, "Inner Unique": false, "Plans": [{"Node Type": "Seq Scan", "Parent Relationship": "Outer", "Parallel Aware": false, "Async Capable": false, "Relation Name": "posts", "Alias": "p", "Startup Cost": 0.0, "Total Cost": 2679.52, "Plan Rows": 85, "Plan Width": 4, "Actual Rows": 109, "Actual Loops": 1, "Filter": "((answercount >= 1) AND (answercount <= 62) AND (commentcount >= 16) AND (commentcount <= 41))", "Rows Removed by Filter": 91867}, {"Node Type": "Index Scan", "Parent Relationship": "Inner", "Parallel Aware": false, "Async Capable": false, "Scan Direction": "Forward", "Index Name": "idx_badges_userid", "Relation Name": "badges", "Alias": "b", "Startup Cost": 0.29, "Total Cost": 10.1, "Plan Rows": 2, "Plan Width": 4, "Actual Rows": 7, "Actual Loops": 109, "Index Cond": "(userid = p.owneruserid)", "Rows Removed by Index Recheck": 0, "Filter": "(date <= '2013-07-17 06:56:48'::timestamp without time zone)", "Rows Removed by Filter": 6}]}]}, "Planning Time": 0.714, "Triggers": [], "Execution Time": 11.396}]